<?xml version="1.0" encoding="UTF-8"?>
<testsuite xmlns:xsi="http://www.w3.org/2001/XMLSchema-instance" xsi:noNamespaceSchemaLocation="https://maven.apache.org/surefire/maven-surefire-plugin/xsd/surefire-test-report-3.0.xsd" version="3.0" name="org.apache.hadoop.ozone.om.TestOzoneManagerHAWithData" time="97.878" tests="5" errors="2" skipped="0" failures="0">
  <properties>
    <property name="awt.toolkit" value="sun.awt.X11.XToolkit"/>
    <property name="file.encoding.pkg" value="sun.io"/>
    <property name="java.specification.version" value="1.8"/>
    <property name="sun.cpu.isalist" value=""/>
    <property name="sun.jnu.encoding" value="UTF-8"/>
    <property name="java.class.path" value="/home/runner/work/ozone/ozone/hadoop-ozone/integration-test/target/test-classes:/home/runner/work/ozone/ozone/hadoop-ozone/integration-test/target/classes:/home/runner/.m2/repository/org/apache/ozone/ozone-common/1.3.0-SNAPSHOT/ozone-common-1.3.0-SNAPSHOT.jar:/home/runner/.m2/repository/io/grpc/grpc-netty/1.48.1/grpc-netty-1.48.1.jar:/home/runner/.m2/repository/io/grpc/grpc-core/1.48.1/grpc-core-1.48.1.jar:/home/runner/.m2/repository/com/google/android/annotations/4.1.1.4/annotations-4.1.1.4.jar:/home/runner/.m2/repository/org/codehaus/mojo/animal-sniffer-annotations/1.21/animal-sniffer-annotations-1.21.jar:/home/runner/.m2/repository/com/google/errorprone/error_prone_annotations/2.2.0/error_prone_annotations-2.2.0.jar:/home/runner/.m2/repository/io/perfmark/perfmark-api/0.25.0/perfmark-api-0.25.0.jar:/home/runner/.m2/repository/io/netty/netty-codec-http2/4.1.79.Final/netty-codec-http2-4.1.79.Final.jar:/home/runner/.m2/repository/io/netty/netty-common/4.1.79.Final/netty-common-4.1.79.Final.jar:/home/runner/.m2/repository/io/netty/netty-buffer/4.1.79.Final/netty-buffer-4.1.79.Final.jar:/home/runner/.m2/repository/io/netty/netty-codec-http/4.1.79.Final/netty-codec-http-4.1.79.Final.jar:/home/runner/.m2/repository/io/netty/netty-handler-proxy/4.1.79.Final/netty-handler-proxy-4.1.79.Final.jar:/home/runner/.m2/repository/io/netty/netty-codec-socks/4.1.79.Final/netty-codec-socks-4.1.79.Final.jar:/home/runner/.m2/repository/io/netty/netty-tcnative-boringssl-static/2.0.53.Final/netty-tcnative-boringssl-static-2.0.53.Final.jar:/home/runner/.m2/repository/io/netty/netty-tcnative-classes/2.0.53.Final/netty-tcnative-classes-2.0.53.Final.jar:/home/runner/.m2/repository/io/netty/netty-tcnative-boringssl-static/2.0.53.Final/netty-tcnative-boringssl-static-2.0.53.Final-linux-x86_64.jar:/home/runner/.m2/repository/io/netty/netty-tcnative-boringssl-static/2.0.53.Final/netty-tcnative-boringssl-static-2.0.53.Final-linux-aarch_64.jar:/home/runner/.m2/repository/io/netty/netty-tcnative-boringssl-static/2.0.53.Final/netty-tcnative-boringssl-static-2.0.53.Final-osx-x86_64.jar:/home/runner/.m2/repository/io/netty/netty-tcnative-boringssl-static/2.0.53.Final/netty-tcnative-boringssl-static-2.0.53.Final-osx-aarch_64.jar:/home/runner/.m2/repository/io/netty/netty-tcnative-boringssl-static/2.0.53.Final/netty-tcnative-boringssl-static-2.0.53.Final-windows-x86_64.jar:/home/runner/.m2/repository/org/apache/commons/commons-compress/1.21/commons-compress-1.21.jar:/home/runner/.m2/repository/org/apache/ozone/hdds-common/1.3.0-SNAPSHOT/hdds-common-1.3.0-SNAPSHOT.jar:/home/runner/.m2/repository/org/apache/ozone/hdds-client/1.3.0-SNAPSHOT/hdds-client-1.3.0-SNAPSHOT.jar:/home/runner/.m2/repository/org/apache/ozone/ozone-interface-client/1.3.0-SNAPSHOT/ozone-interface-client-1.3.0-SNAPSHOT.jar:/home/runner/.m2/repository/org/apache/ozone/hdds-test-utils/1.3.0-SNAPSHOT/hdds-test-utils-1.3.0-SNAPSHOT.jar:/home/runner/.m2/repository/com/google/guava/guava/31.1-jre/guava-31.1-jre.jar:/home/runner/.m2/repository/com/google/guava/failureaccess/1.0.1/failureaccess-1.0.1.jar:/home/runner/.m2/repository/com/google/guava/listenablefuture/9999.0-empty-to-avoid-conflict-with-guava/listenablefuture-9999.0-empty-to-avoid-conflict-with-guava.jar:/home/runner/.m2/repository/com/google/code/findbugs/jsr305/3.0.0/jsr305-3.0.0.jar:/home/runner/.m2/repository/org/checkerframework/checker-qual/3.12.0/checker-qual-3.12.0.jar:/home/runner/.m2/repository/com/google/j2objc/j2objc-annotations/1.3/j2objc-annotations-1.3.jar:/home/runner/.m2/repository/commons-io/commons-io/2.11.0/commons-io-2.11.0.jar:/home/runner/.m2/repository/commons-logging/commons-logging/1.2/commons-logging-1.2.jar:/home/runner/.m2/repository/ch/qos/reload4j/reload4j/1.2.22/reload4j-1.2.22.jar:/home/runner/.m2/repository/org/slf4j/slf4j-api/1.7.36/slf4j-api-1.7.36.jar:/home/runner/.m2/repository/org/apache/ozone/hdds-server-scm/1.3.0-SNAPSHOT/hdds-server-scm-1.3.0-SNAPSHOT.jar:/home/runner/.m2/repository/org/apache/ozone/hdds-container-service/1.3.0-SNAPSHOT/hdds-container-service-1.3.0-SNAPSHOT.jar:/home/runner/.m2/repository/org/apache/ozone/hdds-hadoop-dependency-server/1.3.0-SNAPSHOT/hdds-hadoop-dependency-server-1.3.0-SNAPSHOT.jar:/home/runner/.m2/repository/org/apache/hadoop/hadoop-hdfs/3.3.4/hadoop-hdfs-3.3.4.jar:/home/runner/.m2/repository/org/eclipse/jetty/jetty-util-ajax/9.4.43.v20210629/jetty-util-ajax-9.4.43.v20210629.jar:/home/runner/.m2/repository/commons-daemon/commons-daemon/1.0.13/commons-daemon-1.0.13.jar:/home/runner/.m2/repository/org/apache/ozone/hdds-server-framework/1.3.0-SNAPSHOT/hdds-server-framework-1.3.0-SNAPSHOT.jar:/home/runner/.m2/repository/org/apache/ozone/hdds-interface-server/1.3.0-SNAPSHOT/hdds-interface-server-1.3.0-SNAPSHOT.jar:/home/runner/.m2/repository/org/apache/logging/log4j/log4j-core/2.17.1/log4j-core-2.17.1.jar:/home/runner/.m2/repository/com/lmax/disruptor/3.4.2/disruptor-3.4.2.jar:/home/runner/.m2/repository/org/eclipse/jetty/jetty-servlet/9.4.43.v20210629/jetty-servlet-9.4.43.v20210629.jar:/home/runner/.m2/repository/org/eclipse/jetty/jetty-security/9.4.43.v20210629/jetty-security-9.4.43.v20210629.jar:/home/runner/.m2/repository/org/rocksdb/rocksdbjni/7.4.5/rocksdbjni-7.4.5.jar:/home/runner/.m2/repository/io/prometheus/simpleclient_dropwizard/0.7.0/simpleclient_dropwizard-0.7.0.jar:/home/runner/.m2/repository/io/prometheus/simpleclient/0.7.0/simpleclient-0.7.0.jar:/home/runner/.m2/repository/io/prometheus/simpleclient_common/0.7.0/simpleclient_common-0.7.0.jar:/home/runner/.m2/repository/io/dropwizard/metrics/metrics-core/3.2.4/metrics-core-3.2.4.jar:/home/runner/.m2/repository/org/apache/hadoop/hadoop-hdfs-client/3.3.4/hadoop-hdfs-client-3.3.4.jar:/home/runner/.m2/repository/com/squareup/okhttp3/okhttp/4.9.3/okhttp-4.9.3.jar:/home/runner/.m2/repository/com/squareup/okio/okio/2.8.0/okio-2.8.0.jar:/home/runner/.m2/repository/org/jetbrains/kotlin/kotlin-stdlib-common/1.4.10/kotlin-stdlib-common-1.4.10.jar:/home/runner/.m2/repository/org/bouncycastle/bcprov-jdk15on/1.67/bcprov-jdk15on-1.67.jar:/home/runner/.m2/repository/com/google/protobuf/protobuf-java/2.5.0/protobuf-java-2.5.0.jar:/home/runner/.m2/repository/org/apache/ozone/ozone-manager/1.3.0-SNAPSHOT/ozone-manager-1.3.0-SNAPSHOT.jar:/home/runner/.m2/repository/org/aspectj/aspectjrt/1.9.7/aspectjrt-1.9.7.jar:/home/runner/.m2/repository/org/aspectj/aspectjweaver/1.9.7/aspectjweaver-1.9.7.jar:/home/runner/.m2/repository/org/apache/ozone/hdds-interface-client/1.3.0-SNAPSHOT/hdds-interface-client-1.3.0-SNAPSHOT.jar:/home/runner/.m2/repository/org/apache/hadoop/thirdparty/hadoop-shaded-protobuf_3_7/1.1.1/hadoop-shaded-protobuf_3_7-1.1.1.jar:/home/runner/.m2/repository/org/apache/ozone/ozone-interface-storage/1.3.0-SNAPSHOT/ozone-interface-storage-1.3.0-SNAPSHOT.jar:/home/runner/.m2/repository/org/reflections/reflections/0.9.11/reflections-0.9.11.jar:/home/runner/.m2/repository/com/sun/jersey/jersey-client/1.19/jersey-client-1.19.jar:/home/runner/.m2/repository/org/apache/ranger/ranger-intg/2.3.0/ranger-intg-2.3.0.jar:/home/runner/.m2/repository/org/apache/ranger/ranger-plugins-common/2.3.0/ranger-plugins-common-2.3.0.jar:/home/runner/.m2/repository/commons-lang/commons-lang/2.6/commons-lang-2.6.jar:/home/runner/.m2/repository/org/codehaus/jackson/jackson-jaxrs/1.9.13/jackson-jaxrs-1.9.13.jar:/home/runner/.m2/repository/org/apache/ranger/ranger-plugins-cred/2.3.0/ranger-plugins-cred-2.3.0.jar:/home/runner/.m2/repository/org/apache/ranger/ranger-plugins-audit/2.3.0/ranger-plugins-audit-2.3.0.jar:/home/runner/.m2/repository/org/eclipse/jetty/jetty-client/9.4.31.v20200723/jetty-client-9.4.31.v20200723.jar:/home/runner/.m2/repository/org/apache/httpcomponents/httpmime/4.5.6/httpmime-4.5.6.jar:/home/runner/.m2/repository/org/apache/httpcomponents/httpcore-nio/4.4.6/httpcore-nio-4.4.6.jar:/home/runner/.m2/repository/org/apache/httpcomponents/httpasyncclient/4.1.3/httpasyncclient-4.1.3.jar:/home/runner/.m2/repository/com/carrotsearch/hppc/0.8.0/hppc-0.8.0.jar:/home/runner/.m2/repository/org/apache/orc/orc-core/1.5.8/orc-core-1.5.8.jar:/home/runner/.m2/repository/net/java/dev/jna/jna/5.2.0/jna-5.2.0.jar:/home/runner/.m2/repository/net/java/dev/jna/jna-platform/5.2.0/jna-platform-5.2.0.jar:/home/runner/.m2/repository/com/kstruct/gethostname4j/0.0.2/gethostname4j-0.0.2.jar:/home/runner/.m2/repository/org/apache/ranger/ranger-plugin-classloader/2.3.0/ranger-plugin-classloader-2.3.0.jar:/home/runner/.m2/repository/org/apache/hadoop/hadoop-minikdc/3.3.4/hadoop-minikdc-3.3.4.jar:/home/runner/.m2/repository/org/apache/kerby/kerb-simplekdc/1.0.1/kerb-simplekdc-1.0.1.jar:/home/runner/.m2/repository/org/apache/kerby/kerb-client/1.0.1/kerb-client-1.0.1.jar:/home/runner/.m2/repository/org/apache/kerby/kerby-config/1.0.1/kerby-config-1.0.1.jar:/home/runner/.m2/repository/org/apache/kerby/kerb-common/1.0.1/kerb-common-1.0.1.jar:/home/runner/.m2/repository/org/apache/kerby/kerb-crypto/1.0.1/kerb-crypto-1.0.1.jar:/home/runner/.m2/repository/org/apache/kerby/kerb-util/1.0.1/kerb-util-1.0.1.jar:/home/runner/.m2/repository/org/apache/kerby/token-provider/1.0.1/token-provider-1.0.1.jar:/home/runner/.m2/repository/org/apache/kerby/kerb-admin/1.0.1/kerb-admin-1.0.1.jar:/home/runner/.m2/repository/org/apache/kerby/kerb-server/1.0.1/kerb-server-1.0.1.jar:/home/runner/.m2/repository/org/apache/kerby/kerb-identity/1.0.1/kerb-identity-1.0.1.jar:/home/runner/.m2/repository/org/apache/kerby/kerby-xdr/1.0.1/kerby-xdr-1.0.1.jar:/home/runner/.m2/repository/org/apache/ozone/ozone-s3gateway/1.3.0-SNAPSHOT/ozone-s3gateway-1.3.0-SNAPSHOT.jar:/home/runner/.m2/repository/org/javassist/javassist/3.21.0-GA/javassist-3.21.0-GA.jar:/home/runner/.m2/repository/org/jboss/weld/servlet/weld-servlet/2.4.7.Final/weld-servlet-2.4.7.Final.jar:/home/runner/.m2/repository/org/glassfish/jersey/containers/jersey-container-servlet-core/2.34/jersey-container-servlet-core-2.34.jar:/home/runner/.m2/repository/org/glassfish/hk2/external/jakarta.inject/2.6.1/jakarta.inject-2.6.1.jar:/home/runner/.m2/repository/org/glassfish/jersey/core/jersey-common/2.34/jersey-common-2.34.jar:/home/runner/.m2/repository/jakarta/ws/rs/jakarta.ws.rs-api/2.1.6/jakarta.ws.rs-api-2.1.6.jar:/home/runner/.m2/repository/org/glassfish/jersey/ext/cdi/jersey-cdi1x/2.34/jersey-cdi1x-2.34.jar:/home/runner/.m2/repository/org/glassfish/jersey/inject/jersey-hk2/2.34/jersey-hk2-2.34.jar:/home/runner/.m2/repository/org/glassfish/hk2/hk2-locator/2.6.1/hk2-locator-2.6.1.jar:/home/runner/.m2/repository/org/glassfish/jersey/media/jersey-media-jaxb/2.34/jersey-media-jaxb-2.34.jar:/home/runner/.m2/repository/org/glassfish/hk2/osgi-resource-locator/1.0.3/osgi-resource-locator-1.0.3.jar:/home/runner/.m2/repository/org/glassfish/hk2/hk2-api/2.5.0/hk2-api-2.5.0.jar:/home/runner/.m2/repository/org/glassfish/hk2/hk2-utils/2.5.0/hk2-utils-2.5.0.jar:/home/runner/.m2/repository/org/glassfish/hk2/external/aopalliance-repackaged/2.5.0/aopalliance-repackaged-2.5.0.jar:/home/runner/.m2/repository/com/fasterxml/jackson/dataformat/jackson-dataformat-xml/2.13.4/jackson-dataformat-xml-2.13.4.jar:/home/runner/.m2/repository/com/fasterxml/jackson/core/jackson-core/2.13.4/jackson-core-2.13.4.jar:/home/runner/.m2/repository/org/codehaus/woodstox/stax2-api/3.1.4/stax2-api-3.1.4.jar:/home/runner/.m2/repository/com/fasterxml/woodstox/woodstox-core/5.0.3/woodstox-core-5.0.3.jar:/home/runner/.m2/repository/com/fasterxml/jackson/module/jackson-module-jaxb-annotations/2.13.4/jackson-module-jaxb-annotations-2.13.4.jar:/home/runner/.m2/repository/jakarta/xml/bind/jakarta.xml.bind-api/2.3.3/jakarta.xml.bind-api-2.3.3.jar:/home/runner/.m2/repository/jakarta/activation/jakarta.activation-api/1.2.1/jakarta.activation-api-1.2.1.jar:/home/runner/.m2/repository/javax/enterprise/cdi-api/1.2/cdi-api-1.2.jar:/home/runner/.m2/repository/javax/el/javax.el-api/3.0.0/javax.el-api-3.0.0.jar:/home/runner/.m2/repository/javax/interceptor/javax.interceptor-api/1.2/javax.interceptor-api-1.2.jar:/home/runner/.m2/repository/javax/inject/javax.inject/1/javax.inject-1.jar:/home/runner/.m2/repository/javax/xml/bind/jaxb-api/2.3.0/jaxb-api-2.3.0.jar:/home/runner/.m2/repository/org/glassfish/jaxb/jaxb-runtime/2.3.0.1/jaxb-runtime-2.3.0.1.jar:/home/runner/.m2/repository/org/glassfish/jaxb/jaxb-core/2.3.0.1/jaxb-core-2.3.0.1.jar:/home/runner/.m2/repository/org/glassfish/jaxb/txw2/2.3.0.1/txw2-2.3.0.1.jar:/home/runner/.m2/repository/com/sun/istack/istack-commons-runtime/3.0.5/istack-commons-runtime-3.0.5.jar:/home/runner/.m2/repository/org/jvnet/staxex/stax-ex/1.7.8/stax-ex-1.7.8.jar:/home/runner/.m2/repository/com/sun/xml/fastinfoset/FastInfoset/1.2.13/FastInfoset-1.2.13.jar:/home/runner/.m2/repository/javax/activation/activation/1.1.1/activation-1.1.1.jar:/home/runner/.m2/repository/io/grpc/grpc-protobuf/1.48.1/grpc-protobuf-1.48.1.jar:/home/runner/.m2/repository/io/grpc/grpc-api/1.48.1/grpc-api-1.48.1.jar:/home/runner/.m2/repository/io/grpc/grpc-context/1.48.1/grpc-context-1.48.1.jar:/home/runner/.m2/repository/com/google/api/grpc/proto-google-common-protos/2.9.0/proto-google-common-protos-2.9.0.jar:/home/runner/.m2/repository/io/grpc/grpc-protobuf-lite/1.48.1/grpc-protobuf-lite-1.48.1.jar:/home/runner/.m2/repository/io/grpc/grpc-stub/1.48.1/grpc-stub-1.48.1.jar:/home/runner/.m2/repository/io/netty/netty-transport/4.1.79.Final/netty-transport-4.1.79.Final.jar:/home/runner/.m2/repository/io/netty/netty-resolver/4.1.79.Final/netty-resolver-4.1.79.Final.jar:/home/runner/.m2/repository/org/apache/ozone/ozone-csi/1.3.0-SNAPSHOT/ozone-csi-1.3.0-SNAPSHOT.jar:/home/runner/.m2/repository/com/google/protobuf/protobuf-java-util/3.19.2/protobuf-java-util-3.19.2.jar:/home/runner/.m2/repository/com/google/code/gson/gson/2.9.0/gson-2.9.0.jar:/home/runner/.m2/repository/org/apache/ozone/hdds-config/1.3.0-SNAPSHOT/hdds-config-1.3.0-SNAPSHOT.jar:/home/runner/.m2/repository/io/netty/netty-transport-native-epoll/4.1.79.Final/netty-transport-native-epoll-4.1.79.Final-linux-x86_64.jar:/home/runner/.m2/repository/io/netty/netty-transport-classes-epoll/4.1.79.Final/netty-transport-classes-epoll-4.1.79.Final.jar:/home/runner/.m2/repository/io/netty/netty-transport-native-unix-common/4.1.79.Final/netty-transport-native-unix-common-4.1.79.Final.jar:/home/runner/.m2/repository/org/slf4j/slf4j-reload4j/1.7.36/slf4j-reload4j-1.7.36.jar:/home/runner/.m2/repository/org/apache/ozone/ozone-recon/1.3.0-SNAPSHOT/ozone-recon-1.3.0-SNAPSHOT.jar:/home/runner/.m2/repository/org/apache/ozone/ozone-reconcodegen/1.3.0-SNAPSHOT/ozone-reconcodegen-1.3.0-SNAPSHOT.jar:/home/runner/.m2/repository/com/google/inject/extensions/guice-multibindings/4.0/guice-multibindings-4.0.jar:/home/runner/.m2/repository/com/google/inject/guice/4.0/guice-4.0.jar:/home/runner/.m2/repository/aopalliance/aopalliance/1.0/aopalliance-1.0.jar:/home/runner/.m2/repository/com/google/inject/extensions/guice-assistedinject/4.0/guice-assistedinject-4.0.jar:/home/runner/.m2/repository/com/google/inject/extensions/guice-servlet/4.0/guice-servlet-4.0.jar:/home/runner/.m2/repository/org/glassfish/jersey/containers/jersey-container-servlet/2.34/jersey-container-servlet-2.34.jar:/home/runner/.m2/repository/org/glassfish/hk2/guice-bridge/2.5.0/guice-bridge-2.5.0.jar:/home/runner/.m2/repository/org/glassfish/jersey/core/jersey-server/2.34/jersey-server-2.34.jar:/home/runner/.m2/repository/org/glassfish/jersey/core/jersey-client/2.34/jersey-client-2.34.jar:/home/runner/.m2/repository/jakarta/annotation/jakarta.annotation-api/1.3.5/jakarta.annotation-api-1.3.5.jar:/home/runner/.m2/repository/jakarta/validation/jakarta.validation-api/2.0.2/jakarta.validation-api-2.0.2.jar:/home/runner/.m2/repository/org/glassfish/jersey/media/jersey-media-json-jackson/2.34/jersey-media-json-jackson-2.34.jar:/home/runner/.m2/repository/org/glassfish/jersey/ext/jersey-entity-filtering/2.34/jersey-entity-filtering-2.34.jar:/home/runner/.m2/repository/org/jooq/jooq/3.11.10/jooq-3.11.10.jar:/home/runner/.m2/repository/org/jooq/jooq-meta/3.11.10/jooq-meta-3.11.10.jar:/home/runner/.m2/repository/org/jooq/jooq-codegen/3.11.10/jooq-codegen-3.11.10.jar:/home/runner/.m2/repository/com/jolbox/bonecp/0.8.0.RELEASE/bonecp-0.8.0.RELEASE.jar:/home/runner/.m2/repository/org/apache/derby/derby/10.14.2.0/derby-10.14.2.0.jar:/home/runner/.m2/repository/org/xerial/sqlite-jdbc/3.25.2/sqlite-jdbc-3.25.2.jar:/home/runner/.m2/repository/org/springframework/spring-jdbc/5.2.20.RELEASE/spring-jdbc-5.2.20.RELEASE.jar:/home/runner/.m2/repository/org/springframework/spring-beans/5.2.20.RELEASE/spring-beans-5.2.20.RELEASE.jar:/home/runner/.m2/repository/org/springframework/spring-core/5.2.20.RELEASE/spring-core-5.2.20.RELEASE.jar:/home/runner/.m2/repository/org/springframework/spring-jcl/5.2.20.RELEASE/spring-jcl-5.2.20.RELEASE.jar:/home/runner/.m2/repository/org/springframework/spring-tx/5.2.20.RELEASE/spring-tx-5.2.20.RELEASE.jar:/home/runner/.m2/repository/org/apache/ozone/ozone-client/1.3.0-SNAPSHOT/ozone-client-1.3.0-SNAPSHOT.jar:/home/runner/.m2/repository/org/apache/ozone/hdds-erasurecode/1.3.0-SNAPSHOT/hdds-erasurecode-1.3.0-SNAPSHOT.jar:/home/runner/.m2/repository/com/github/spotbugs/spotbugs-annotations/3.1.12/spotbugs-annotations-3.1.12.jar:/home/runner/.m2/repository/org/apache/ozone/ozone-filesystem/1.3.0-SNAPSHOT/ozone-filesystem-1.3.0-SNAPSHOT.jar:/home/runner/.m2/repository/org/apache/ozone/ozone-filesystem-common/1.3.0-SNAPSHOT/ozone-filesystem-common-1.3.0-SNAPSHOT.jar:/home/runner/.m2/repository/org/apache/ozone/ozone-tools/1.3.0-SNAPSHOT/ozone-tools-1.3.0-SNAPSHOT.jar:/home/runner/.m2/repository/org/apache/ratis/ratis-tools/2.3.0/ratis-tools-2.3.0.jar:/home/runner/.m2/repository/com/amazonaws/aws-java-sdk-core/1.12.261/aws-java-sdk-core-1.12.261.jar:/home/runner/.m2/repository/org/apache/httpcomponents/httpclient/4.5.13/httpclient-4.5.13.jar:/home/runner/.m2/repository/org/apache/httpcomponents/httpcore/4.4.13/httpcore-4.4.13.jar:/home/runner/.m2/repository/software/amazon/ion/ion-java/1.0.2/ion-java-1.0.2.jar:/home/runner/.m2/repository/com/fasterxml/jackson/dataformat/jackson-dataformat-cbor/2.13.4/jackson-dataformat-cbor-2.13.4.jar:/home/runner/.m2/repository/joda-time/joda-time/2.8.1/joda-time-2.8.1.jar:/home/runner/.m2/repository/com/amazonaws/aws-java-sdk-s3/1.12.261/aws-java-sdk-s3-1.12.261.jar:/home/runner/.m2/repository/com/amazonaws/aws-java-sdk-kms/1.12.261/aws-java-sdk-kms-1.12.261.jar:/home/runner/.m2/repository/com/amazonaws/jmespath-java/1.12.261/jmespath-java-1.12.261.jar:/home/runner/.m2/repository/org/kohsuke/metainf-services/metainf-services/1.8/metainf-services-1.8.jar:/home/runner/.m2/repository/org/apache/ozone/hdds-tools/1.3.0-SNAPSHOT/hdds-tools-1.3.0-SNAPSHOT.jar:/home/runner/.m2/repository/commons-cli/commons-cli/1.2/commons-cli-1.2.jar:/home/runner/.m2/repository/org/apache/commons/commons-lang3/3.7/commons-lang3-3.7.jar:/home/runner/.m2/repository/org/apache/ozone/ozone-manager/1.3.0-SNAPSHOT/ozone-manager-1.3.0-SNAPSHOT-tests.jar:/home/runner/.m2/repository/org/apache/ozone/hdds-common/1.3.0-SNAPSHOT/hdds-common-1.3.0-SNAPSHOT-tests.jar:/home/runner/.m2/repository/org/apache/ozone/hdds-hadoop-dependency-client/1.3.0-SNAPSHOT/hdds-hadoop-dependency-client-1.3.0-SNAPSHOT.jar:/home/runner/.m2/repository/info/picocli/picocli/4.6.1/picocli-4.6.1.jar:/home/runner/.m2/repository/com/fasterxml/jackson/core/jackson-annotations/2.13.4/jackson-annotations-2.13.4.jar:/home/runner/.m2/repository/com/fasterxml/jackson/datatype/jackson-datatype-jsr310/2.13.4/jackson-datatype-jsr310-2.13.4.jar:/home/runner/.m2/repository/org/apache/ozone/hdds-annotation-processing/1.3.0-SNAPSHOT/hdds-annotation-processing-1.3.0-SNAPSHOT.jar:/home/runner/.m2/repository/javax/annotation/javax.annotation-api/1.2/javax.annotation-api-1.2.jar:/home/runner/.m2/repository/org/apache/ratis/ratis-server/2.3.0/ratis-server-2.3.0.jar:/home/runner/.m2/repository/org/apache/ratis/ratis-client/2.3.0/ratis-client-2.3.0.jar:/home/runner/.m2/repository/org/apache/ratis/ratis-server-api/2.3.0/ratis-server-api-2.3.0.jar:/home/runner/.m2/repository/org/apache/ratis/ratis-metrics/2.3.0/ratis-metrics-2.3.0.jar:/home/runner/.m2/repository/org/apache/ratis/ratis-netty/2.3.0/ratis-netty-2.3.0.jar:/home/runner/.m2/repository/org/apache/ratis/ratis-grpc/2.3.0/ratis-grpc-2.3.0.jar:/home/runner/.m2/repository/org/apache/logging/log4j/log4j-api/2.17.1/log4j-api-2.17.1.jar:/home/runner/.m2/repository/org/apache/commons/commons-pool2/2.6.0/commons-pool2-2.6.0.jar:/home/runner/.m2/repository/org/bouncycastle/bcpkix-jdk15on/1.67/bcpkix-jdk15on-1.67.jar:/home/runner/.m2/repository/commons-validator/commons-validator/1.6/commons-validator-1.6.jar:/home/runner/.m2/repository/commons-beanutils/commons-beanutils/1.9.4/commons-beanutils-1.9.4.jar:/home/runner/.m2/repository/commons-digester/commons-digester/1.8.1/commons-digester-1.8.1.jar:/home/runner/.m2/repository/commons-collections/commons-collections/3.2.2/commons-collections-3.2.2.jar:/home/runner/.m2/repository/io/jaegertracing/jaeger-client/1.6.0/jaeger-client-1.6.0.jar:/home/runner/.m2/repository/io/jaegertracing/jaeger-thrift/1.6.0/jaeger-thrift-1.6.0.jar:/home/runner/.m2/repository/org/apache/thrift/libthrift/0.14.1/libthrift-0.14.1.jar:/home/runner/.m2/repository/io/jaegertracing/jaeger-core/1.6.0/jaeger-core-1.6.0.jar:/home/runner/.m2/repository/io/jaegertracing/jaeger-tracerresolver/1.6.0/jaeger-tracerresolver-1.6.0.jar:/home/runner/.m2/repository/io/opentracing/contrib/opentracing-tracerresolver/0.1.8/opentracing-tracerresolver-0.1.8.jar:/home/runner/.m2/repository/org/jetbrains/kotlin/kotlin-stdlib/1.6.21/kotlin-stdlib-1.6.21.jar:/home/runner/.m2/repository/org/jetbrains/annotations/13.0/annotations-13.0.jar:/home/runner/.m2/repository/io/opentracing/opentracing-util/0.33.0/opentracing-util-0.33.0.jar:/home/runner/.m2/repository/io/opentracing/opentracing-api/0.33.0/opentracing-api-0.33.0.jar:/home/runner/.m2/repository/io/opentracing/opentracing-noop/0.33.0/opentracing-noop-0.33.0.jar:/home/runner/.m2/repository/org/yaml/snakeyaml/1.32/snakeyaml-1.32.jar:/home/runner/.m2/repository/org/apache/ozone/hdds-interface-admin/1.3.0-SNAPSHOT/hdds-interface-admin-1.3.0-SNAPSHOT.jar:/home/runner/.m2/repository/junit/junit/4.13.1/junit-4.13.1.jar:/home/runner/.m2/repository/org/hamcrest/hamcrest-core/1.3/hamcrest-core-1.3.jar:/home/runner/.m2/repository/org/junit/jupiter/junit-jupiter-api/5.8.2/junit-jupiter-api-5.8.2.jar:/home/runner/.m2/repository/org/opentest4j/opentest4j/1.2.0/opentest4j-1.2.0.jar:/home/runner/.m2/repository/org/junit/platform/junit-platform-commons/1.8.2/junit-platform-commons-1.8.2.jar:/home/runner/.m2/repository/org/apiguardian/apiguardian-api/1.1.2/apiguardian-api-1.1.2.jar:/home/runner/.m2/repository/org/junit/jupiter/junit-jupiter-params/5.8.2/junit-jupiter-params-5.8.2.jar:/home/runner/.m2/repository/org/junit/jupiter/junit-jupiter-migrationsupport/5.8.2/junit-jupiter-migrationsupport-5.8.2.jar:/home/runner/.m2/repository/org/junit/jupiter/junit-jupiter-engine/5.8.2/junit-jupiter-engine-5.8.2.jar:/home/runner/.m2/repository/org/junit/platform/junit-platform-engine/1.8.2/junit-platform-engine-1.8.2.jar:/home/runner/.m2/repository/org/junit/vintage/junit-vintage-engine/5.8.2/junit-vintage-engine-5.8.2.jar:/home/runner/.m2/repository/org/junit/platform/junit-platform-launcher/1.8.2/junit-platform-launcher-1.8.2.jar:/home/runner/.m2/repository/org/mockito/mockito-core/2.28.2/mockito-core-2.28.2.jar:/home/runner/.m2/repository/net/bytebuddy/byte-buddy/1.9.10/byte-buddy-1.9.10.jar:/home/runner/.m2/repository/net/bytebuddy/byte-buddy-agent/1.9.10/byte-buddy-agent-1.9.10.jar:/home/runner/.m2/repository/org/objenesis/objenesis/1.0/objenesis-1.0.jar:/home/runner/.m2/repository/org/apache/hadoop/hadoop-kms/3.3.4/hadoop-kms-3.3.4.jar:/home/runner/.m2/repository/org/apache/hadoop/hadoop-auth/3.3.4/hadoop-auth-3.3.4.jar:/home/runner/.m2/repository/com/nimbusds/nimbus-jose-jwt/7.9/nimbus-jose-jwt-7.9.jar:/home/runner/.m2/repository/com/github/stephenc/jcip/jcip-annotations/1.0-1/jcip-annotations-1.0-1.jar:/home/runner/.m2/repository/net/minidev/json-smart/2.4.7/json-smart-2.4.7.jar:/home/runner/.m2/repository/net/minidev/accessors-smart/2.4.7/accessors-smart-2.4.7.jar:/home/runner/.m2/repository/org/ow2/asm/asm/5.0.4/asm-5.0.4.jar:/home/runner/.m2/repository/org/apache/zookeeper/zookeeper/3.5.6/zookeeper-3.5.6.jar:/home/runner/.m2/repository/org/apache/zookeeper/zookeeper-jute/3.5.6/zookeeper-jute-3.5.6.jar:/home/runner/.m2/repository/org/apache/yetus/audience-annotations/0.5.0/audience-annotations-0.5.0.jar:/home/runner/.m2/repository/org/apache/curator/curator-framework/4.2.0/curator-framework-4.2.0.jar:/home/runner/.m2/repository/org/apache/hadoop/thirdparty/hadoop-shaded-guava/1.1.1/hadoop-shaded-guava-1.1.1.jar:/home/runner/.m2/repository/com/sun/jersey/jersey-core/1.19/jersey-core-1.19.jar:/home/runner/.m2/repository/javax/ws/rs/jsr311-api/1.1.1/jsr311-api-1.1.1.jar:/home/runner/.m2/repository/com/sun/jersey/jersey-server/1.19/jersey-server-1.19.jar:/home/runner/.m2/repository/javax/servlet/javax.servlet-api/3.1.0/javax.servlet-api-3.1.0.jar:/home/runner/.m2/repository/org/eclipse/jetty/jetty-server/9.4.43.v20210629/jetty-server-9.4.43.v20210629.jar:/home/runner/.m2/repository/org/eclipse/jetty/jetty-http/9.4.43.v20210629/jetty-http-9.4.43.v20210629.jar:/home/runner/.m2/repository/org/eclipse/jetty/jetty-io/9.4.43.v20210629/jetty-io-9.4.43.v20210629.jar:/home/runner/.m2/repository/org/eclipse/jetty/jetty-webapp/9.4.43.v20210629/jetty-webapp-9.4.43.v20210629.jar:/home/runner/.m2/repository/org/eclipse/jetty/jetty-xml/9.4.43.v20210629/jetty-xml-9.4.43.v20210629.jar:/home/runner/.m2/repository/org/apache/hadoop/hadoop-common/3.3.4/hadoop-common-3.3.4.jar:/home/runner/.m2/repository/org/apache/commons/commons-math3/3.1.1/commons-math3-3.1.1.jar:/home/runner/.m2/repository/commons-net/commons-net/3.6/commons-net-3.6.jar:/home/runner/.m2/repository/com/sun/jersey/jersey-servlet/1.19/jersey-servlet-1.19.jar:/home/runner/.m2/repository/com/sun/jersey/jersey-json/1.19/jersey-json-1.19.jar:/home/runner/.m2/repository/org/codehaus/jettison/jettison/1.1/jettison-1.1.jar:/home/runner/.m2/repository/com/sun/xml/bind/jaxb-impl/2.2.3-1/jaxb-impl-2.2.3-1.jar:/home/runner/.m2/repository/org/codehaus/jackson/jackson-xc/1.9.2/jackson-xc-1.9.2.jar:/home/runner/.m2/repository/org/apache/commons/commons-configuration2/2.1.1/commons-configuration2-2.1.1.jar:/home/runner/.m2/repository/org/apache/commons/commons-text/1.4/commons-text-1.4.jar:/home/runner/.m2/repository/com/google/re2j/re2j/1.1/re2j-1.1.jar:/home/runner/.m2/repository/com/jcraft/jsch/0.1.54/jsch-0.1.54.jar:/home/runner/.m2/repository/org/apache/curator/curator-client/4.2.0/curator-client-4.2.0.jar:/home/runner/.m2/repository/org/apache/curator/curator-recipes/4.2.0/curator-recipes-4.2.0.jar:/home/runner/.m2/repository/org/apache/kerby/kerb-core/1.0.1/kerb-core-1.0.1.jar:/home/runner/.m2/repository/org/apache/kerby/kerby-pkix/1.0.1/kerby-pkix-1.0.1.jar:/home/runner/.m2/repository/org/apache/kerby/kerby-asn1/1.0.1/kerby-asn1-1.0.1.jar:/home/runner/.m2/repository/org/apache/kerby/kerby-util/1.0.1/kerby-util-1.0.1.jar:/home/runner/.m2/repository/dnsjava/dnsjava/2.1.7/dnsjava-2.1.7.jar:/home/runner/.m2/repository/org/xerial/snappy/snappy-java/1.1.8.2/snappy-java-1.1.8.2.jar:/home/runner/.m2/repository/org/eclipse/jetty/jetty-util/9.4.43.v20210629/jetty-util-9.4.43.v20210629.jar:/home/runner/.m2/repository/com/fasterxml/jackson/core/jackson-databind/2.13.4.2/jackson-databind-2.13.4.2.jar:/home/runner/.m2/repository/org/apache/hadoop/hadoop-kms/3.3.4/hadoop-kms-3.3.4-tests.jar:/home/runner/.m2/repository/org/apache/ozone/hdds-server-scm/1.3.0-SNAPSHOT/hdds-server-scm-1.3.0-SNAPSHOT-tests.jar:/home/runner/.m2/repository/org/apache/ozone/hdds-container-service/1.3.0-SNAPSHOT/hdds-container-service-1.3.0-SNAPSHOT-tests.jar:/home/runner/.m2/repository/commons-codec/commons-codec/1.11/commons-codec-1.11.jar:/home/runner/.m2/repository/io/netty/netty-codec/4.1.79.Final/netty-codec-4.1.79.Final.jar:/home/runner/.m2/repository/io/netty/netty-handler/4.1.79.Final/netty-handler-4.1.79.Final.jar:/home/runner/.m2/repository/org/apache/ozone/hdds-hadoop-dependency-test/1.3.0-SNAPSHOT/hdds-hadoop-dependency-test-1.3.0-SNAPSHOT.jar:/home/runner/.m2/repository/org/apache/hadoop/hadoop-common/3.3.4/hadoop-common-3.3.4-tests.jar:/home/runner/.m2/repository/org/apache/hadoop/hadoop-hdfs/3.3.4/hadoop-hdfs-3.3.4-tests.jar:/home/runner/.m2/repository/org/assertj/assertj-core/3.12.2/assertj-core-3.12.2.jar:/home/runner/.m2/repository/org/apache/hadoop/hadoop-distcp/3.3.4/hadoop-distcp-3.3.4.jar:/home/runner/.m2/repository/org/apache/hadoop/hadoop-mapreduce-client-jobclient/3.3.4/hadoop-mapreduce-client-jobclient-3.3.4.jar:/home/runner/.m2/repository/org/apache/hadoop/hadoop-mapreduce-client-common/3.3.4/hadoop-mapreduce-client-common-3.3.4.jar:/home/runner/.m2/repository/org/apache/hadoop/hadoop-yarn-common/3.3.4/hadoop-yarn-common-3.3.4.jar:/home/runner/.m2/repository/org/apache/hadoop/hadoop-yarn-api/3.3.4/hadoop-yarn-api-3.3.4.jar:/home/runner/.m2/repository/com/sun/jersey/contribs/jersey-guice/1.19/jersey-guice-1.19.jar:/home/runner/.m2/repository/com/fasterxml/jackson/jaxrs/jackson-jaxrs-json-provider/2.13.4/jackson-jaxrs-json-provider-2.13.4.jar:/home/runner/.m2/repository/com/fasterxml/jackson/jaxrs/jackson-jaxrs-base/2.13.4/jackson-jaxrs-base-2.13.4.jar:/home/runner/.m2/repository/org/apache/hadoop/hadoop-yarn-client/3.3.4/hadoop-yarn-client-3.3.4.jar:/home/runner/.m2/repository/org/eclipse/jetty/websocket/websocket-client/9.4.43.v20210629/websocket-client-9.4.43.v20210629.jar:/home/runner/.m2/repository/org/eclipse/jetty/websocket/websocket-common/9.4.43.v20210629/websocket-common-9.4.43.v20210629.jar:/home/runner/.m2/repository/org/eclipse/jetty/websocket/websocket-api/9.4.43.v20210629/websocket-api-9.4.43.v20210629.jar:/home/runner/.m2/repository/org/jline/jline/3.9.0/jline-3.9.0.jar:/home/runner/.m2/repository/org/apache/hadoop/hadoop-mapreduce-client-core/3.3.4/hadoop-mapreduce-client-core-3.3.4.jar:/home/runner/.m2/repository/org/apache/avro/avro/1.7.7/avro-1.7.7.jar:/home/runner/.m2/repository/org/codehaus/jackson/jackson-core-asl/1.9.13/jackson-core-asl-1.9.13.jar:/home/runner/.m2/repository/org/codehaus/jackson/jackson-mapper-asl/1.9.13/jackson-mapper-asl-1.9.13.jar:/home/runner/.m2/repository/com/thoughtworks/paranamer/paranamer/2.3/paranamer-2.3.jar:/home/runner/.m2/repository/org/apache/hadoop/hadoop-annotations/3.3.4/hadoop-annotations-3.3.4.jar:/usr/lib/jvm/temurin-8-jdk-amd64/jre/../lib/tools.jar:/home/runner/.m2/repository/io/netty/netty/3.10.6.Final/netty-3.10.6.Final.jar:/home/runner/.m2/repository/org/apache/hadoop/hadoop-distcp/3.3.4/hadoop-distcp-3.3.4-tests.jar:/home/runner/.m2/repository/org/slf4j/jul-to-slf4j/1.7.36/jul-to-slf4j-1.7.36.jar:/home/runner/.m2/repository/org/apache/ratis/ratis-common/2.3.0/ratis-common-2.3.0.jar:/home/runner/.m2/repository/org/apache/ratis/ratis-thirdparty-misc/1.0.0/ratis-thirdparty-misc-1.0.0.jar:/home/runner/.m2/repository/org/apache/ratis/ratis-proto/2.3.0/ratis-proto-2.3.0.jar:"/>
    <property name="java.vm.vendor" value="Temurin"/>
    <property name="sun.arch.data.model" value="64"/>
    <property name="test.build.dir" value="/home/runner/work/ozone/ozone/hadoop-ozone/integration-test/target/test-dir"/>
    <property name="test.cache.data" value=""/>
    <property name="java.vendor.url" value="https://adoptium.net/"/>
    <property name="user.timezone" value="Etc/UTC"/>
    <property name="java.vm.specification.version" value="1.8"/>
    <property name="os.name" value="Linux"/>
    <property name="test.build.data" value="/home/runner/work/ozone/ozone/hadoop-ozone/integration-test/target/test-dir"/>
    <property name="sun.java.launcher" value="SUN_STANDARD"/>
    <property name="sun.boot.library.path" value="/usr/lib/jvm/temurin-8-jdk-amd64/jre/lib/amd64"/>
    <property name="sun.java.command" value="/home/runner/work/ozone/ozone/hadoop-ozone/integration-test/target/surefire/surefirebooter2335853011164983541.jar /home/runner/work/ozone/ozone/hadoop-ozone/integration-test/target/surefire 2022-10-18T21-38-43_293-jvmRun1 surefire872495973083009899tmp surefire_318979995826129336136tmp"/>
    <property name="surefire.test.class.path" value="/home/runner/work/ozone/ozone/hadoop-ozone/integration-test/target/test-classes:/home/runner/work/ozone/ozone/hadoop-ozone/integration-test/target/classes:/home/runner/.m2/repository/org/apache/ozone/ozone-common/1.3.0-SNAPSHOT/ozone-common-1.3.0-SNAPSHOT.jar:/home/runner/.m2/repository/io/grpc/grpc-netty/1.48.1/grpc-netty-1.48.1.jar:/home/runner/.m2/repository/io/grpc/grpc-core/1.48.1/grpc-core-1.48.1.jar:/home/runner/.m2/repository/com/google/android/annotations/4.1.1.4/annotations-4.1.1.4.jar:/home/runner/.m2/repository/org/codehaus/mojo/animal-sniffer-annotations/1.21/animal-sniffer-annotations-1.21.jar:/home/runner/.m2/repository/com/google/errorprone/error_prone_annotations/2.2.0/error_prone_annotations-2.2.0.jar:/home/runner/.m2/repository/io/perfmark/perfmark-api/0.25.0/perfmark-api-0.25.0.jar:/home/runner/.m2/repository/io/netty/netty-codec-http2/4.1.79.Final/netty-codec-http2-4.1.79.Final.jar:/home/runner/.m2/repository/io/netty/netty-common/4.1.79.Final/netty-common-4.1.79.Final.jar:/home/runner/.m2/repository/io/netty/netty-buffer/4.1.79.Final/netty-buffer-4.1.79.Final.jar:/home/runner/.m2/repository/io/netty/netty-codec-http/4.1.79.Final/netty-codec-http-4.1.79.Final.jar:/home/runner/.m2/repository/io/netty/netty-handler-proxy/4.1.79.Final/netty-handler-proxy-4.1.79.Final.jar:/home/runner/.m2/repository/io/netty/netty-codec-socks/4.1.79.Final/netty-codec-socks-4.1.79.Final.jar:/home/runner/.m2/repository/io/netty/netty-tcnative-boringssl-static/2.0.53.Final/netty-tcnative-boringssl-static-2.0.53.Final.jar:/home/runner/.m2/repository/io/netty/netty-tcnative-classes/2.0.53.Final/netty-tcnative-classes-2.0.53.Final.jar:/home/runner/.m2/repository/io/netty/netty-tcnative-boringssl-static/2.0.53.Final/netty-tcnative-boringssl-static-2.0.53.Final-linux-x86_64.jar:/home/runner/.m2/repository/io/netty/netty-tcnative-boringssl-static/2.0.53.Final/netty-tcnative-boringssl-static-2.0.53.Final-linux-aarch_64.jar:/home/runner/.m2/repository/io/netty/netty-tcnative-boringssl-static/2.0.53.Final/netty-tcnative-boringssl-static-2.0.53.Final-osx-x86_64.jar:/home/runner/.m2/repository/io/netty/netty-tcnative-boringssl-static/2.0.53.Final/netty-tcnative-boringssl-static-2.0.53.Final-osx-aarch_64.jar:/home/runner/.m2/repository/io/netty/netty-tcnative-boringssl-static/2.0.53.Final/netty-tcnative-boringssl-static-2.0.53.Final-windows-x86_64.jar:/home/runner/.m2/repository/org/apache/commons/commons-compress/1.21/commons-compress-1.21.jar:/home/runner/.m2/repository/org/apache/ozone/hdds-common/1.3.0-SNAPSHOT/hdds-common-1.3.0-SNAPSHOT.jar:/home/runner/.m2/repository/org/apache/ozone/hdds-client/1.3.0-SNAPSHOT/hdds-client-1.3.0-SNAPSHOT.jar:/home/runner/.m2/repository/org/apache/ozone/ozone-interface-client/1.3.0-SNAPSHOT/ozone-interface-client-1.3.0-SNAPSHOT.jar:/home/runner/.m2/repository/org/apache/ozone/hdds-test-utils/1.3.0-SNAPSHOT/hdds-test-utils-1.3.0-SNAPSHOT.jar:/home/runner/.m2/repository/com/google/guava/guava/31.1-jre/guava-31.1-jre.jar:/home/runner/.m2/repository/com/google/guava/failureaccess/1.0.1/failureaccess-1.0.1.jar:/home/runner/.m2/repository/com/google/guava/listenablefuture/9999.0-empty-to-avoid-conflict-with-guava/listenablefuture-9999.0-empty-to-avoid-conflict-with-guava.jar:/home/runner/.m2/repository/com/google/code/findbugs/jsr305/3.0.0/jsr305-3.0.0.jar:/home/runner/.m2/repository/org/checkerframework/checker-qual/3.12.0/checker-qual-3.12.0.jar:/home/runner/.m2/repository/com/google/j2objc/j2objc-annotations/1.3/j2objc-annotations-1.3.jar:/home/runner/.m2/repository/commons-io/commons-io/2.11.0/commons-io-2.11.0.jar:/home/runner/.m2/repository/commons-logging/commons-logging/1.2/commons-logging-1.2.jar:/home/runner/.m2/repository/ch/qos/reload4j/reload4j/1.2.22/reload4j-1.2.22.jar:/home/runner/.m2/repository/org/slf4j/slf4j-api/1.7.36/slf4j-api-1.7.36.jar:/home/runner/.m2/repository/org/apache/ozone/hdds-server-scm/1.3.0-SNAPSHOT/hdds-server-scm-1.3.0-SNAPSHOT.jar:/home/runner/.m2/repository/org/apache/ozone/hdds-container-service/1.3.0-SNAPSHOT/hdds-container-service-1.3.0-SNAPSHOT.jar:/home/runner/.m2/repository/org/apache/ozone/hdds-hadoop-dependency-server/1.3.0-SNAPSHOT/hdds-hadoop-dependency-server-1.3.0-SNAPSHOT.jar:/home/runner/.m2/repository/org/apache/hadoop/hadoop-hdfs/3.3.4/hadoop-hdfs-3.3.4.jar:/home/runner/.m2/repository/org/eclipse/jetty/jetty-util-ajax/9.4.43.v20210629/jetty-util-ajax-9.4.43.v20210629.jar:/home/runner/.m2/repository/commons-daemon/commons-daemon/1.0.13/commons-daemon-1.0.13.jar:/home/runner/.m2/repository/org/apache/ozone/hdds-server-framework/1.3.0-SNAPSHOT/hdds-server-framework-1.3.0-SNAPSHOT.jar:/home/runner/.m2/repository/org/apache/ozone/hdds-interface-server/1.3.0-SNAPSHOT/hdds-interface-server-1.3.0-SNAPSHOT.jar:/home/runner/.m2/repository/org/apache/logging/log4j/log4j-core/2.17.1/log4j-core-2.17.1.jar:/home/runner/.m2/repository/com/lmax/disruptor/3.4.2/disruptor-3.4.2.jar:/home/runner/.m2/repository/org/eclipse/jetty/jetty-servlet/9.4.43.v20210629/jetty-servlet-9.4.43.v20210629.jar:/home/runner/.m2/repository/org/eclipse/jetty/jetty-security/9.4.43.v20210629/jetty-security-9.4.43.v20210629.jar:/home/runner/.m2/repository/org/rocksdb/rocksdbjni/7.4.5/rocksdbjni-7.4.5.jar:/home/runner/.m2/repository/io/prometheus/simpleclient_dropwizard/0.7.0/simpleclient_dropwizard-0.7.0.jar:/home/runner/.m2/repository/io/prometheus/simpleclient/0.7.0/simpleclient-0.7.0.jar:/home/runner/.m2/repository/io/prometheus/simpleclient_common/0.7.0/simpleclient_common-0.7.0.jar:/home/runner/.m2/repository/io/dropwizard/metrics/metrics-core/3.2.4/metrics-core-3.2.4.jar:/home/runner/.m2/repository/org/apache/hadoop/hadoop-hdfs-client/3.3.4/hadoop-hdfs-client-3.3.4.jar:/home/runner/.m2/repository/com/squareup/okhttp3/okhttp/4.9.3/okhttp-4.9.3.jar:/home/runner/.m2/repository/com/squareup/okio/okio/2.8.0/okio-2.8.0.jar:/home/runner/.m2/repository/org/jetbrains/kotlin/kotlin-stdlib-common/1.4.10/kotlin-stdlib-common-1.4.10.jar:/home/runner/.m2/repository/org/bouncycastle/bcprov-jdk15on/1.67/bcprov-jdk15on-1.67.jar:/home/runner/.m2/repository/com/google/protobuf/protobuf-java/2.5.0/protobuf-java-2.5.0.jar:/home/runner/.m2/repository/org/apache/ozone/ozone-manager/1.3.0-SNAPSHOT/ozone-manager-1.3.0-SNAPSHOT.jar:/home/runner/.m2/repository/org/aspectj/aspectjrt/1.9.7/aspectjrt-1.9.7.jar:/home/runner/.m2/repository/org/aspectj/aspectjweaver/1.9.7/aspectjweaver-1.9.7.jar:/home/runner/.m2/repository/org/apache/ozone/hdds-interface-client/1.3.0-SNAPSHOT/hdds-interface-client-1.3.0-SNAPSHOT.jar:/home/runner/.m2/repository/org/apache/hadoop/thirdparty/hadoop-shaded-protobuf_3_7/1.1.1/hadoop-shaded-protobuf_3_7-1.1.1.jar:/home/runner/.m2/repository/org/apache/ozone/ozone-interface-storage/1.3.0-SNAPSHOT/ozone-interface-storage-1.3.0-SNAPSHOT.jar:/home/runner/.m2/repository/org/reflections/reflections/0.9.11/reflections-0.9.11.jar:/home/runner/.m2/repository/com/sun/jersey/jersey-client/1.19/jersey-client-1.19.jar:/home/runner/.m2/repository/org/apache/ranger/ranger-intg/2.3.0/ranger-intg-2.3.0.jar:/home/runner/.m2/repository/org/apache/ranger/ranger-plugins-common/2.3.0/ranger-plugins-common-2.3.0.jar:/home/runner/.m2/repository/commons-lang/commons-lang/2.6/commons-lang-2.6.jar:/home/runner/.m2/repository/org/codehaus/jackson/jackson-jaxrs/1.9.13/jackson-jaxrs-1.9.13.jar:/home/runner/.m2/repository/org/apache/ranger/ranger-plugins-cred/2.3.0/ranger-plugins-cred-2.3.0.jar:/home/runner/.m2/repository/org/apache/ranger/ranger-plugins-audit/2.3.0/ranger-plugins-audit-2.3.0.jar:/home/runner/.m2/repository/org/eclipse/jetty/jetty-client/9.4.31.v20200723/jetty-client-9.4.31.v20200723.jar:/home/runner/.m2/repository/org/apache/httpcomponents/httpmime/4.5.6/httpmime-4.5.6.jar:/home/runner/.m2/repository/org/apache/httpcomponents/httpcore-nio/4.4.6/httpcore-nio-4.4.6.jar:/home/runner/.m2/repository/org/apache/httpcomponents/httpasyncclient/4.1.3/httpasyncclient-4.1.3.jar:/home/runner/.m2/repository/com/carrotsearch/hppc/0.8.0/hppc-0.8.0.jar:/home/runner/.m2/repository/org/apache/orc/orc-core/1.5.8/orc-core-1.5.8.jar:/home/runner/.m2/repository/net/java/dev/jna/jna/5.2.0/jna-5.2.0.jar:/home/runner/.m2/repository/net/java/dev/jna/jna-platform/5.2.0/jna-platform-5.2.0.jar:/home/runner/.m2/repository/com/kstruct/gethostname4j/0.0.2/gethostname4j-0.0.2.jar:/home/runner/.m2/repository/org/apache/ranger/ranger-plugin-classloader/2.3.0/ranger-plugin-classloader-2.3.0.jar:/home/runner/.m2/repository/org/apache/hadoop/hadoop-minikdc/3.3.4/hadoop-minikdc-3.3.4.jar:/home/runner/.m2/repository/org/apache/kerby/kerb-simplekdc/1.0.1/kerb-simplekdc-1.0.1.jar:/home/runner/.m2/repository/org/apache/kerby/kerb-client/1.0.1/kerb-client-1.0.1.jar:/home/runner/.m2/repository/org/apache/kerby/kerby-config/1.0.1/kerby-config-1.0.1.jar:/home/runner/.m2/repository/org/apache/kerby/kerb-common/1.0.1/kerb-common-1.0.1.jar:/home/runner/.m2/repository/org/apache/kerby/kerb-crypto/1.0.1/kerb-crypto-1.0.1.jar:/home/runner/.m2/repository/org/apache/kerby/kerb-util/1.0.1/kerb-util-1.0.1.jar:/home/runner/.m2/repository/org/apache/kerby/token-provider/1.0.1/token-provider-1.0.1.jar:/home/runner/.m2/repository/org/apache/kerby/kerb-admin/1.0.1/kerb-admin-1.0.1.jar:/home/runner/.m2/repository/org/apache/kerby/kerb-server/1.0.1/kerb-server-1.0.1.jar:/home/runner/.m2/repository/org/apache/kerby/kerb-identity/1.0.1/kerb-identity-1.0.1.jar:/home/runner/.m2/repository/org/apache/kerby/kerby-xdr/1.0.1/kerby-xdr-1.0.1.jar:/home/runner/.m2/repository/org/apache/ozone/ozone-s3gateway/1.3.0-SNAPSHOT/ozone-s3gateway-1.3.0-SNAPSHOT.jar:/home/runner/.m2/repository/org/javassist/javassist/3.21.0-GA/javassist-3.21.0-GA.jar:/home/runner/.m2/repository/org/jboss/weld/servlet/weld-servlet/2.4.7.Final/weld-servlet-2.4.7.Final.jar:/home/runner/.m2/repository/org/glassfish/jersey/containers/jersey-container-servlet-core/2.34/jersey-container-servlet-core-2.34.jar:/home/runner/.m2/repository/org/glassfish/hk2/external/jakarta.inject/2.6.1/jakarta.inject-2.6.1.jar:/home/runner/.m2/repository/org/glassfish/jersey/core/jersey-common/2.34/jersey-common-2.34.jar:/home/runner/.m2/repository/jakarta/ws/rs/jakarta.ws.rs-api/2.1.6/jakarta.ws.rs-api-2.1.6.jar:/home/runner/.m2/repository/org/glassfish/jersey/ext/cdi/jersey-cdi1x/2.34/jersey-cdi1x-2.34.jar:/home/runner/.m2/repository/org/glassfish/jersey/inject/jersey-hk2/2.34/jersey-hk2-2.34.jar:/home/runner/.m2/repository/org/glassfish/hk2/hk2-locator/2.6.1/hk2-locator-2.6.1.jar:/home/runner/.m2/repository/org/glassfish/jersey/media/jersey-media-jaxb/2.34/jersey-media-jaxb-2.34.jar:/home/runner/.m2/repository/org/glassfish/hk2/osgi-resource-locator/1.0.3/osgi-resource-locator-1.0.3.jar:/home/runner/.m2/repository/org/glassfish/hk2/hk2-api/2.5.0/hk2-api-2.5.0.jar:/home/runner/.m2/repository/org/glassfish/hk2/hk2-utils/2.5.0/hk2-utils-2.5.0.jar:/home/runner/.m2/repository/org/glassfish/hk2/external/aopalliance-repackaged/2.5.0/aopalliance-repackaged-2.5.0.jar:/home/runner/.m2/repository/com/fasterxml/jackson/dataformat/jackson-dataformat-xml/2.13.4/jackson-dataformat-xml-2.13.4.jar:/home/runner/.m2/repository/com/fasterxml/jackson/core/jackson-core/2.13.4/jackson-core-2.13.4.jar:/home/runner/.m2/repository/org/codehaus/woodstox/stax2-api/3.1.4/stax2-api-3.1.4.jar:/home/runner/.m2/repository/com/fasterxml/woodstox/woodstox-core/5.0.3/woodstox-core-5.0.3.jar:/home/runner/.m2/repository/com/fasterxml/jackson/module/jackson-module-jaxb-annotations/2.13.4/jackson-module-jaxb-annotations-2.13.4.jar:/home/runner/.m2/repository/jakarta/xml/bind/jakarta.xml.bind-api/2.3.3/jakarta.xml.bind-api-2.3.3.jar:/home/runner/.m2/repository/jakarta/activation/jakarta.activation-api/1.2.1/jakarta.activation-api-1.2.1.jar:/home/runner/.m2/repository/javax/enterprise/cdi-api/1.2/cdi-api-1.2.jar:/home/runner/.m2/repository/javax/el/javax.el-api/3.0.0/javax.el-api-3.0.0.jar:/home/runner/.m2/repository/javax/interceptor/javax.interceptor-api/1.2/javax.interceptor-api-1.2.jar:/home/runner/.m2/repository/javax/inject/javax.inject/1/javax.inject-1.jar:/home/runner/.m2/repository/javax/xml/bind/jaxb-api/2.3.0/jaxb-api-2.3.0.jar:/home/runner/.m2/repository/org/glassfish/jaxb/jaxb-runtime/2.3.0.1/jaxb-runtime-2.3.0.1.jar:/home/runner/.m2/repository/org/glassfish/jaxb/jaxb-core/2.3.0.1/jaxb-core-2.3.0.1.jar:/home/runner/.m2/repository/org/glassfish/jaxb/txw2/2.3.0.1/txw2-2.3.0.1.jar:/home/runner/.m2/repository/com/sun/istack/istack-commons-runtime/3.0.5/istack-commons-runtime-3.0.5.jar:/home/runner/.m2/repository/org/jvnet/staxex/stax-ex/1.7.8/stax-ex-1.7.8.jar:/home/runner/.m2/repository/com/sun/xml/fastinfoset/FastInfoset/1.2.13/FastInfoset-1.2.13.jar:/home/runner/.m2/repository/javax/activation/activation/1.1.1/activation-1.1.1.jar:/home/runner/.m2/repository/io/grpc/grpc-protobuf/1.48.1/grpc-protobuf-1.48.1.jar:/home/runner/.m2/repository/io/grpc/grpc-api/1.48.1/grpc-api-1.48.1.jar:/home/runner/.m2/repository/io/grpc/grpc-context/1.48.1/grpc-context-1.48.1.jar:/home/runner/.m2/repository/com/google/api/grpc/proto-google-common-protos/2.9.0/proto-google-common-protos-2.9.0.jar:/home/runner/.m2/repository/io/grpc/grpc-protobuf-lite/1.48.1/grpc-protobuf-lite-1.48.1.jar:/home/runner/.m2/repository/io/grpc/grpc-stub/1.48.1/grpc-stub-1.48.1.jar:/home/runner/.m2/repository/io/netty/netty-transport/4.1.79.Final/netty-transport-4.1.79.Final.jar:/home/runner/.m2/repository/io/netty/netty-resolver/4.1.79.Final/netty-resolver-4.1.79.Final.jar:/home/runner/.m2/repository/org/apache/ozone/ozone-csi/1.3.0-SNAPSHOT/ozone-csi-1.3.0-SNAPSHOT.jar:/home/runner/.m2/repository/com/google/protobuf/protobuf-java-util/3.19.2/protobuf-java-util-3.19.2.jar:/home/runner/.m2/repository/com/google/code/gson/gson/2.9.0/gson-2.9.0.jar:/home/runner/.m2/repository/org/apache/ozone/hdds-config/1.3.0-SNAPSHOT/hdds-config-1.3.0-SNAPSHOT.jar:/home/runner/.m2/repository/io/netty/netty-transport-native-epoll/4.1.79.Final/netty-transport-native-epoll-4.1.79.Final-linux-x86_64.jar:/home/runner/.m2/repository/io/netty/netty-transport-classes-epoll/4.1.79.Final/netty-transport-classes-epoll-4.1.79.Final.jar:/home/runner/.m2/repository/io/netty/netty-transport-native-unix-common/4.1.79.Final/netty-transport-native-unix-common-4.1.79.Final.jar:/home/runner/.m2/repository/org/slf4j/slf4j-reload4j/1.7.36/slf4j-reload4j-1.7.36.jar:/home/runner/.m2/repository/org/apache/ozone/ozone-recon/1.3.0-SNAPSHOT/ozone-recon-1.3.0-SNAPSHOT.jar:/home/runner/.m2/repository/org/apache/ozone/ozone-reconcodegen/1.3.0-SNAPSHOT/ozone-reconcodegen-1.3.0-SNAPSHOT.jar:/home/runner/.m2/repository/com/google/inject/extensions/guice-multibindings/4.0/guice-multibindings-4.0.jar:/home/runner/.m2/repository/com/google/inject/guice/4.0/guice-4.0.jar:/home/runner/.m2/repository/aopalliance/aopalliance/1.0/aopalliance-1.0.jar:/home/runner/.m2/repository/com/google/inject/extensions/guice-assistedinject/4.0/guice-assistedinject-4.0.jar:/home/runner/.m2/repository/com/google/inject/extensions/guice-servlet/4.0/guice-servlet-4.0.jar:/home/runner/.m2/repository/org/glassfish/jersey/containers/jersey-container-servlet/2.34/jersey-container-servlet-2.34.jar:/home/runner/.m2/repository/org/glassfish/hk2/guice-bridge/2.5.0/guice-bridge-2.5.0.jar:/home/runner/.m2/repository/org/glassfish/jersey/core/jersey-server/2.34/jersey-server-2.34.jar:/home/runner/.m2/repository/org/glassfish/jersey/core/jersey-client/2.34/jersey-client-2.34.jar:/home/runner/.m2/repository/jakarta/annotation/jakarta.annotation-api/1.3.5/jakarta.annotation-api-1.3.5.jar:/home/runner/.m2/repository/jakarta/validation/jakarta.validation-api/2.0.2/jakarta.validation-api-2.0.2.jar:/home/runner/.m2/repository/org/glassfish/jersey/media/jersey-media-json-jackson/2.34/jersey-media-json-jackson-2.34.jar:/home/runner/.m2/repository/org/glassfish/jersey/ext/jersey-entity-filtering/2.34/jersey-entity-filtering-2.34.jar:/home/runner/.m2/repository/org/jooq/jooq/3.11.10/jooq-3.11.10.jar:/home/runner/.m2/repository/org/jooq/jooq-meta/3.11.10/jooq-meta-3.11.10.jar:/home/runner/.m2/repository/org/jooq/jooq-codegen/3.11.10/jooq-codegen-3.11.10.jar:/home/runner/.m2/repository/com/jolbox/bonecp/0.8.0.RELEASE/bonecp-0.8.0.RELEASE.jar:/home/runner/.m2/repository/org/apache/derby/derby/10.14.2.0/derby-10.14.2.0.jar:/home/runner/.m2/repository/org/xerial/sqlite-jdbc/3.25.2/sqlite-jdbc-3.25.2.jar:/home/runner/.m2/repository/org/springframework/spring-jdbc/5.2.20.RELEASE/spring-jdbc-5.2.20.RELEASE.jar:/home/runner/.m2/repository/org/springframework/spring-beans/5.2.20.RELEASE/spring-beans-5.2.20.RELEASE.jar:/home/runner/.m2/repository/org/springframework/spring-core/5.2.20.RELEASE/spring-core-5.2.20.RELEASE.jar:/home/runner/.m2/repository/org/springframework/spring-jcl/5.2.20.RELEASE/spring-jcl-5.2.20.RELEASE.jar:/home/runner/.m2/repository/org/springframework/spring-tx/5.2.20.RELEASE/spring-tx-5.2.20.RELEASE.jar:/home/runner/.m2/repository/org/apache/ozone/ozone-client/1.3.0-SNAPSHOT/ozone-client-1.3.0-SNAPSHOT.jar:/home/runner/.m2/repository/org/apache/ozone/hdds-erasurecode/1.3.0-SNAPSHOT/hdds-erasurecode-1.3.0-SNAPSHOT.jar:/home/runner/.m2/repository/com/github/spotbugs/spotbugs-annotations/3.1.12/spotbugs-annotations-3.1.12.jar:/home/runner/.m2/repository/org/apache/ozone/ozone-filesystem/1.3.0-SNAPSHOT/ozone-filesystem-1.3.0-SNAPSHOT.jar:/home/runner/.m2/repository/org/apache/ozone/ozone-filesystem-common/1.3.0-SNAPSHOT/ozone-filesystem-common-1.3.0-SNAPSHOT.jar:/home/runner/.m2/repository/org/apache/ozone/ozone-tools/1.3.0-SNAPSHOT/ozone-tools-1.3.0-SNAPSHOT.jar:/home/runner/.m2/repository/org/apache/ratis/ratis-tools/2.3.0/ratis-tools-2.3.0.jar:/home/runner/.m2/repository/com/amazonaws/aws-java-sdk-core/1.12.261/aws-java-sdk-core-1.12.261.jar:/home/runner/.m2/repository/org/apache/httpcomponents/httpclient/4.5.13/httpclient-4.5.13.jar:/home/runner/.m2/repository/org/apache/httpcomponents/httpcore/4.4.13/httpcore-4.4.13.jar:/home/runner/.m2/repository/software/amazon/ion/ion-java/1.0.2/ion-java-1.0.2.jar:/home/runner/.m2/repository/com/fasterxml/jackson/dataformat/jackson-dataformat-cbor/2.13.4/jackson-dataformat-cbor-2.13.4.jar:/home/runner/.m2/repository/joda-time/joda-time/2.8.1/joda-time-2.8.1.jar:/home/runner/.m2/repository/com/amazonaws/aws-java-sdk-s3/1.12.261/aws-java-sdk-s3-1.12.261.jar:/home/runner/.m2/repository/com/amazonaws/aws-java-sdk-kms/1.12.261/aws-java-sdk-kms-1.12.261.jar:/home/runner/.m2/repository/com/amazonaws/jmespath-java/1.12.261/jmespath-java-1.12.261.jar:/home/runner/.m2/repository/org/kohsuke/metainf-services/metainf-services/1.8/metainf-services-1.8.jar:/home/runner/.m2/repository/org/apache/ozone/hdds-tools/1.3.0-SNAPSHOT/hdds-tools-1.3.0-SNAPSHOT.jar:/home/runner/.m2/repository/commons-cli/commons-cli/1.2/commons-cli-1.2.jar:/home/runner/.m2/repository/org/apache/commons/commons-lang3/3.7/commons-lang3-3.7.jar:/home/runner/.m2/repository/org/apache/ozone/ozone-manager/1.3.0-SNAPSHOT/ozone-manager-1.3.0-SNAPSHOT-tests.jar:/home/runner/.m2/repository/org/apache/ozone/hdds-common/1.3.0-SNAPSHOT/hdds-common-1.3.0-SNAPSHOT-tests.jar:/home/runner/.m2/repository/org/apache/ozone/hdds-hadoop-dependency-client/1.3.0-SNAPSHOT/hdds-hadoop-dependency-client-1.3.0-SNAPSHOT.jar:/home/runner/.m2/repository/info/picocli/picocli/4.6.1/picocli-4.6.1.jar:/home/runner/.m2/repository/com/fasterxml/jackson/core/jackson-annotations/2.13.4/jackson-annotations-2.13.4.jar:/home/runner/.m2/repository/com/fasterxml/jackson/datatype/jackson-datatype-jsr310/2.13.4/jackson-datatype-jsr310-2.13.4.jar:/home/runner/.m2/repository/org/apache/ozone/hdds-annotation-processing/1.3.0-SNAPSHOT/hdds-annotation-processing-1.3.0-SNAPSHOT.jar:/home/runner/.m2/repository/javax/annotation/javax.annotation-api/1.2/javax.annotation-api-1.2.jar:/home/runner/.m2/repository/org/apache/ratis/ratis-server/2.3.0/ratis-server-2.3.0.jar:/home/runner/.m2/repository/org/apache/ratis/ratis-client/2.3.0/ratis-client-2.3.0.jar:/home/runner/.m2/repository/org/apache/ratis/ratis-server-api/2.3.0/ratis-server-api-2.3.0.jar:/home/runner/.m2/repository/org/apache/ratis/ratis-metrics/2.3.0/ratis-metrics-2.3.0.jar:/home/runner/.m2/repository/org/apache/ratis/ratis-netty/2.3.0/ratis-netty-2.3.0.jar:/home/runner/.m2/repository/org/apache/ratis/ratis-grpc/2.3.0/ratis-grpc-2.3.0.jar:/home/runner/.m2/repository/org/apache/logging/log4j/log4j-api/2.17.1/log4j-api-2.17.1.jar:/home/runner/.m2/repository/org/apache/commons/commons-pool2/2.6.0/commons-pool2-2.6.0.jar:/home/runner/.m2/repository/org/bouncycastle/bcpkix-jdk15on/1.67/bcpkix-jdk15on-1.67.jar:/home/runner/.m2/repository/commons-validator/commons-validator/1.6/commons-validator-1.6.jar:/home/runner/.m2/repository/commons-beanutils/commons-beanutils/1.9.4/commons-beanutils-1.9.4.jar:/home/runner/.m2/repository/commons-digester/commons-digester/1.8.1/commons-digester-1.8.1.jar:/home/runner/.m2/repository/commons-collections/commons-collections/3.2.2/commons-collections-3.2.2.jar:/home/runner/.m2/repository/io/jaegertracing/jaeger-client/1.6.0/jaeger-client-1.6.0.jar:/home/runner/.m2/repository/io/jaegertracing/jaeger-thrift/1.6.0/jaeger-thrift-1.6.0.jar:/home/runner/.m2/repository/org/apache/thrift/libthrift/0.14.1/libthrift-0.14.1.jar:/home/runner/.m2/repository/io/jaegertracing/jaeger-core/1.6.0/jaeger-core-1.6.0.jar:/home/runner/.m2/repository/io/jaegertracing/jaeger-tracerresolver/1.6.0/jaeger-tracerresolver-1.6.0.jar:/home/runner/.m2/repository/io/opentracing/contrib/opentracing-tracerresolver/0.1.8/opentracing-tracerresolver-0.1.8.jar:/home/runner/.m2/repository/org/jetbrains/kotlin/kotlin-stdlib/1.6.21/kotlin-stdlib-1.6.21.jar:/home/runner/.m2/repository/org/jetbrains/annotations/13.0/annotations-13.0.jar:/home/runner/.m2/repository/io/opentracing/opentracing-util/0.33.0/opentracing-util-0.33.0.jar:/home/runner/.m2/repository/io/opentracing/opentracing-api/0.33.0/opentracing-api-0.33.0.jar:/home/runner/.m2/repository/io/opentracing/opentracing-noop/0.33.0/opentracing-noop-0.33.0.jar:/home/runner/.m2/repository/org/yaml/snakeyaml/1.32/snakeyaml-1.32.jar:/home/runner/.m2/repository/org/apache/ozone/hdds-interface-admin/1.3.0-SNAPSHOT/hdds-interface-admin-1.3.0-SNAPSHOT.jar:/home/runner/.m2/repository/junit/junit/4.13.1/junit-4.13.1.jar:/home/runner/.m2/repository/org/hamcrest/hamcrest-core/1.3/hamcrest-core-1.3.jar:/home/runner/.m2/repository/org/junit/jupiter/junit-jupiter-api/5.8.2/junit-jupiter-api-5.8.2.jar:/home/runner/.m2/repository/org/opentest4j/opentest4j/1.2.0/opentest4j-1.2.0.jar:/home/runner/.m2/repository/org/junit/platform/junit-platform-commons/1.8.2/junit-platform-commons-1.8.2.jar:/home/runner/.m2/repository/org/apiguardian/apiguardian-api/1.1.2/apiguardian-api-1.1.2.jar:/home/runner/.m2/repository/org/junit/jupiter/junit-jupiter-params/5.8.2/junit-jupiter-params-5.8.2.jar:/home/runner/.m2/repository/org/junit/jupiter/junit-jupiter-migrationsupport/5.8.2/junit-jupiter-migrationsupport-5.8.2.jar:/home/runner/.m2/repository/org/junit/jupiter/junit-jupiter-engine/5.8.2/junit-jupiter-engine-5.8.2.jar:/home/runner/.m2/repository/org/junit/platform/junit-platform-engine/1.8.2/junit-platform-engine-1.8.2.jar:/home/runner/.m2/repository/org/junit/vintage/junit-vintage-engine/5.8.2/junit-vintage-engine-5.8.2.jar:/home/runner/.m2/repository/org/junit/platform/junit-platform-launcher/1.8.2/junit-platform-launcher-1.8.2.jar:/home/runner/.m2/repository/org/mockito/mockito-core/2.28.2/mockito-core-2.28.2.jar:/home/runner/.m2/repository/net/bytebuddy/byte-buddy/1.9.10/byte-buddy-1.9.10.jar:/home/runner/.m2/repository/net/bytebuddy/byte-buddy-agent/1.9.10/byte-buddy-agent-1.9.10.jar:/home/runner/.m2/repository/org/objenesis/objenesis/1.0/objenesis-1.0.jar:/home/runner/.m2/repository/org/apache/hadoop/hadoop-kms/3.3.4/hadoop-kms-3.3.4.jar:/home/runner/.m2/repository/org/apache/hadoop/hadoop-auth/3.3.4/hadoop-auth-3.3.4.jar:/home/runner/.m2/repository/com/nimbusds/nimbus-jose-jwt/7.9/nimbus-jose-jwt-7.9.jar:/home/runner/.m2/repository/com/github/stephenc/jcip/jcip-annotations/1.0-1/jcip-annotations-1.0-1.jar:/home/runner/.m2/repository/net/minidev/json-smart/2.4.7/json-smart-2.4.7.jar:/home/runner/.m2/repository/net/minidev/accessors-smart/2.4.7/accessors-smart-2.4.7.jar:/home/runner/.m2/repository/org/ow2/asm/asm/5.0.4/asm-5.0.4.jar:/home/runner/.m2/repository/org/apache/zookeeper/zookeeper/3.5.6/zookeeper-3.5.6.jar:/home/runner/.m2/repository/org/apache/zookeeper/zookeeper-jute/3.5.6/zookeeper-jute-3.5.6.jar:/home/runner/.m2/repository/org/apache/yetus/audience-annotations/0.5.0/audience-annotations-0.5.0.jar:/home/runner/.m2/repository/org/apache/curator/curator-framework/4.2.0/curator-framework-4.2.0.jar:/home/runner/.m2/repository/org/apache/hadoop/thirdparty/hadoop-shaded-guava/1.1.1/hadoop-shaded-guava-1.1.1.jar:/home/runner/.m2/repository/com/sun/jersey/jersey-core/1.19/jersey-core-1.19.jar:/home/runner/.m2/repository/javax/ws/rs/jsr311-api/1.1.1/jsr311-api-1.1.1.jar:/home/runner/.m2/repository/com/sun/jersey/jersey-server/1.19/jersey-server-1.19.jar:/home/runner/.m2/repository/javax/servlet/javax.servlet-api/3.1.0/javax.servlet-api-3.1.0.jar:/home/runner/.m2/repository/org/eclipse/jetty/jetty-server/9.4.43.v20210629/jetty-server-9.4.43.v20210629.jar:/home/runner/.m2/repository/org/eclipse/jetty/jetty-http/9.4.43.v20210629/jetty-http-9.4.43.v20210629.jar:/home/runner/.m2/repository/org/eclipse/jetty/jetty-io/9.4.43.v20210629/jetty-io-9.4.43.v20210629.jar:/home/runner/.m2/repository/org/eclipse/jetty/jetty-webapp/9.4.43.v20210629/jetty-webapp-9.4.43.v20210629.jar:/home/runner/.m2/repository/org/eclipse/jetty/jetty-xml/9.4.43.v20210629/jetty-xml-9.4.43.v20210629.jar:/home/runner/.m2/repository/org/apache/hadoop/hadoop-common/3.3.4/hadoop-common-3.3.4.jar:/home/runner/.m2/repository/org/apache/commons/commons-math3/3.1.1/commons-math3-3.1.1.jar:/home/runner/.m2/repository/commons-net/commons-net/3.6/commons-net-3.6.jar:/home/runner/.m2/repository/com/sun/jersey/jersey-servlet/1.19/jersey-servlet-1.19.jar:/home/runner/.m2/repository/com/sun/jersey/jersey-json/1.19/jersey-json-1.19.jar:/home/runner/.m2/repository/org/codehaus/jettison/jettison/1.1/jettison-1.1.jar:/home/runner/.m2/repository/com/sun/xml/bind/jaxb-impl/2.2.3-1/jaxb-impl-2.2.3-1.jar:/home/runner/.m2/repository/org/codehaus/jackson/jackson-xc/1.9.2/jackson-xc-1.9.2.jar:/home/runner/.m2/repository/org/apache/commons/commons-configuration2/2.1.1/commons-configuration2-2.1.1.jar:/home/runner/.m2/repository/org/apache/commons/commons-text/1.4/commons-text-1.4.jar:/home/runner/.m2/repository/com/google/re2j/re2j/1.1/re2j-1.1.jar:/home/runner/.m2/repository/com/jcraft/jsch/0.1.54/jsch-0.1.54.jar:/home/runner/.m2/repository/org/apache/curator/curator-client/4.2.0/curator-client-4.2.0.jar:/home/runner/.m2/repository/org/apache/curator/curator-recipes/4.2.0/curator-recipes-4.2.0.jar:/home/runner/.m2/repository/org/apache/kerby/kerb-core/1.0.1/kerb-core-1.0.1.jar:/home/runner/.m2/repository/org/apache/kerby/kerby-pkix/1.0.1/kerby-pkix-1.0.1.jar:/home/runner/.m2/repository/org/apache/kerby/kerby-asn1/1.0.1/kerby-asn1-1.0.1.jar:/home/runner/.m2/repository/org/apache/kerby/kerby-util/1.0.1/kerby-util-1.0.1.jar:/home/runner/.m2/repository/dnsjava/dnsjava/2.1.7/dnsjava-2.1.7.jar:/home/runner/.m2/repository/org/xerial/snappy/snappy-java/1.1.8.2/snappy-java-1.1.8.2.jar:/home/runner/.m2/repository/org/eclipse/jetty/jetty-util/9.4.43.v20210629/jetty-util-9.4.43.v20210629.jar:/home/runner/.m2/repository/com/fasterxml/jackson/core/jackson-databind/2.13.4.2/jackson-databind-2.13.4.2.jar:/home/runner/.m2/repository/org/apache/hadoop/hadoop-kms/3.3.4/hadoop-kms-3.3.4-tests.jar:/home/runner/.m2/repository/org/apache/ozone/hdds-server-scm/1.3.0-SNAPSHOT/hdds-server-scm-1.3.0-SNAPSHOT-tests.jar:/home/runner/.m2/repository/org/apache/ozone/hdds-container-service/1.3.0-SNAPSHOT/hdds-container-service-1.3.0-SNAPSHOT-tests.jar:/home/runner/.m2/repository/commons-codec/commons-codec/1.11/commons-codec-1.11.jar:/home/runner/.m2/repository/io/netty/netty-codec/4.1.79.Final/netty-codec-4.1.79.Final.jar:/home/runner/.m2/repository/io/netty/netty-handler/4.1.79.Final/netty-handler-4.1.79.Final.jar:/home/runner/.m2/repository/org/apache/ozone/hdds-hadoop-dependency-test/1.3.0-SNAPSHOT/hdds-hadoop-dependency-test-1.3.0-SNAPSHOT.jar:/home/runner/.m2/repository/org/apache/hadoop/hadoop-common/3.3.4/hadoop-common-3.3.4-tests.jar:/home/runner/.m2/repository/org/apache/hadoop/hadoop-hdfs/3.3.4/hadoop-hdfs-3.3.4-tests.jar:/home/runner/.m2/repository/org/assertj/assertj-core/3.12.2/assertj-core-3.12.2.jar:/home/runner/.m2/repository/org/apache/hadoop/hadoop-distcp/3.3.4/hadoop-distcp-3.3.4.jar:/home/runner/.m2/repository/org/apache/hadoop/hadoop-mapreduce-client-jobclient/3.3.4/hadoop-mapreduce-client-jobclient-3.3.4.jar:/home/runner/.m2/repository/org/apache/hadoop/hadoop-mapreduce-client-common/3.3.4/hadoop-mapreduce-client-common-3.3.4.jar:/home/runner/.m2/repository/org/apache/hadoop/hadoop-yarn-common/3.3.4/hadoop-yarn-common-3.3.4.jar:/home/runner/.m2/repository/org/apache/hadoop/hadoop-yarn-api/3.3.4/hadoop-yarn-api-3.3.4.jar:/home/runner/.m2/repository/com/sun/jersey/contribs/jersey-guice/1.19/jersey-guice-1.19.jar:/home/runner/.m2/repository/com/fasterxml/jackson/jaxrs/jackson-jaxrs-json-provider/2.13.4/jackson-jaxrs-json-provider-2.13.4.jar:/home/runner/.m2/repository/com/fasterxml/jackson/jaxrs/jackson-jaxrs-base/2.13.4/jackson-jaxrs-base-2.13.4.jar:/home/runner/.m2/repository/org/apache/hadoop/hadoop-yarn-client/3.3.4/hadoop-yarn-client-3.3.4.jar:/home/runner/.m2/repository/org/eclipse/jetty/websocket/websocket-client/9.4.43.v20210629/websocket-client-9.4.43.v20210629.jar:/home/runner/.m2/repository/org/eclipse/jetty/websocket/websocket-common/9.4.43.v20210629/websocket-common-9.4.43.v20210629.jar:/home/runner/.m2/repository/org/eclipse/jetty/websocket/websocket-api/9.4.43.v20210629/websocket-api-9.4.43.v20210629.jar:/home/runner/.m2/repository/org/jline/jline/3.9.0/jline-3.9.0.jar:/home/runner/.m2/repository/org/apache/hadoop/hadoop-mapreduce-client-core/3.3.4/hadoop-mapreduce-client-core-3.3.4.jar:/home/runner/.m2/repository/org/apache/avro/avro/1.7.7/avro-1.7.7.jar:/home/runner/.m2/repository/org/codehaus/jackson/jackson-core-asl/1.9.13/jackson-core-asl-1.9.13.jar:/home/runner/.m2/repository/org/codehaus/jackson/jackson-mapper-asl/1.9.13/jackson-mapper-asl-1.9.13.jar:/home/runner/.m2/repository/com/thoughtworks/paranamer/paranamer/2.3/paranamer-2.3.jar:/home/runner/.m2/repository/org/apache/hadoop/hadoop-annotations/3.3.4/hadoop-annotations-3.3.4.jar:/usr/lib/jvm/temurin-8-jdk-amd64/jre/../lib/tools.jar:/home/runner/.m2/repository/io/netty/netty/3.10.6.Final/netty-3.10.6.Final.jar:/home/runner/.m2/repository/org/apache/hadoop/hadoop-distcp/3.3.4/hadoop-distcp-3.3.4-tests.jar:/home/runner/.m2/repository/org/slf4j/jul-to-slf4j/1.7.36/jul-to-slf4j-1.7.36.jar:/home/runner/.m2/repository/org/apache/ratis/ratis-common/2.3.0/ratis-common-2.3.0.jar:/home/runner/.m2/repository/org/apache/ratis/ratis-thirdparty-misc/1.0.0/ratis-thirdparty-misc-1.0.0.jar:/home/runner/.m2/repository/org/apache/ratis/ratis-proto/2.3.0/ratis-proto-2.3.0.jar:"/>
    <property name="sun.cpu.endian" value="little"/>
    <property name="user.home" value="/home/runner"/>
    <property name="user.language" value="en"/>
    <property name="java.specification.vendor" value="Oracle Corporation"/>
    <property name="java.home" value="/usr/lib/jvm/temurin-8-jdk-amd64/jre"/>
    <property name="java.security.krb5.conf" value="/home/runner/work/ozone/ozone/hadoop-ozone/integration-test/target/test-classes/krb5.conf"/>
    <property name="basedir" value="/home/runner/work/ozone/ozone/hadoop-ozone/integration-test"/>
    <property name="file.separator" value="/"/>
    <property name="line.separator" value="&#10;"/>
    <property name="java.vm.specification.vendor" value="Oracle Corporation"/>
    <property name="java.specification.name" value="Java Platform API Specification"/>
    <property name="java.awt.graphicsenv" value="sun.awt.X11GraphicsEnvironment"/>
    <property name="skip.installnpx" value="true"/>
    <property name="surefire.real.class.path" value="/home/runner/work/ozone/ozone/hadoop-ozone/integration-test/target/surefire/surefirebooter2335853011164983541.jar:/home/runner/.m2/repository/org/jacoco/org.jacoco.agent/0.8.5/org.jacoco.agent-0.8.5-runtime.jar"/>
    <property name="hadoop.log.dir" value="/home/runner/work/ozone/ozone/hadoop-ozone/integration-test/target/log"/>
    <property name="sun.boot.class.path" value="/usr/lib/jvm/temurin-8-jdk-amd64/jre/lib/resources.jar:/usr/lib/jvm/temurin-8-jdk-amd64/jre/lib/rt.jar:/usr/lib/jvm/temurin-8-jdk-amd64/jre/lib/sunrsasign.jar:/usr/lib/jvm/temurin-8-jdk-amd64/jre/lib/jsse.jar:/usr/lib/jvm/temurin-8-jdk-amd64/jre/lib/jce.jar:/usr/lib/jvm/temurin-8-jdk-amd64/jre/lib/charsets.jar:/usr/lib/jvm/temurin-8-jdk-amd64/jre/lib/jfr.jar:/usr/lib/jvm/temurin-8-jdk-amd64/jre/classes"/>
    <property name="sun.management.compiler" value="HotSpot 64-Bit Tiered Compilers"/>
    <property name="skip.npx" value="true"/>
    <property name="java.runtime.version" value="1.8.0_345-b01"/>
    <property name="java.net.preferIPv4Stack" value="true"/>
    <property name="user.name" value="runner"/>
    <property name="path.separator" value=":"/>
    <property name="java.security.egd" value="file:///dev/urandom"/>
    <property name="os.version" value="5.15.0-1020-azure"/>
    <property name="java.endorsed.dirs" value="/usr/lib/jvm/temurin-8-jdk-amd64/jre/lib/endorsed"/>
    <property name="java.runtime.name" value="OpenJDK Runtime Environment"/>
    <property name="file.encoding" value="UTF-8"/>
    <property name="java.vm.name" value="OpenJDK 64-Bit Server VM"/>
    <property name="test.build.webapps" value=""/>
    <property name="localRepository" value="/home/runner/.m2/repository"/>
    <property name="jetty.git.hash" value="526006ecfa3af7f1a27ef3a288e2bef7ea9dd7e8"/>
    <property name="java.vendor.url.bug" value="https://github.com/adoptium/adoptium-support/issues"/>
    <property name="java.io.tmpdir" value="/tmp"/>
    <property name="require.test.libhadoop" value=""/>
    <property name="java.version" value="1.8.0_345"/>
    <property name="user.dir" value="/home/runner/work/ozone/ozone/hadoop-ozone/integration-test"/>
    <property name="os.arch" value="amd64"/>
    <property name="java.vm.specification.name" value="Java Virtual Machine Specification"/>
    <property name="test.build.classes" value="/home/runner/work/ozone/ozone/hadoop-ozone/integration-test/target/test-classes"/>
    <property name="java.awt.printerjob" value="sun.print.PSPrinterJob"/>
    <property name="sun.os.patch.level" value="unknown"/>
    <property name="hadoop.tmp.dir" value="/home/runner/work/ozone/ozone/hadoop-ozone/integration-test/target/tmp"/>
    <property name="java.library.path" value="/usr/java/packages/lib/amd64:/usr/lib64:/lib64:/lib:/usr/lib"/>
    <property name="java.vm.info" value="mixed mode"/>
    <property name="java.vendor" value="Temurin"/>
    <property name="java.vm.version" value="25.345-b01"/>
    <property name="java.ext.dirs" value="/usr/lib/jvm/temurin-8-jdk-amd64/jre/lib/ext:/usr/java/packages/lib/ext"/>
    <property name="sun.io.unicode.encoding" value="UnicodeLittle"/>
    <property name="java.class.version" value="52.0"/>
  </properties>
  <testcase name="testMultipartUpload" classname="org.apache.hadoop.ozone.om.TestOzoneManagerHAWithData" time="9.745">
    <system-out><![CDATA[2022-10-18 21:55:18,376 [main] WARN  server.ServerUtils (ServerUtils.java:getScmDbDir(148)) - ozone.scm.db.dirs is not configured. We recommend adding this setting. Falling back to ozone.metadata.dirs instead.
2022-10-18 21:55:18,431 [main] WARN  server.ServerUtils (ServerUtils.java:getScmDbDir(148)) - ozone.scm.db.dirs is not configured. We recommend adding this setting. Falling back to ozone.metadata.dirs instead.
2022-10-18 21:55:18,434 [main] INFO  ha.SCMHANodeDetails (SCMHANodeDetails.java:loadSCMHAConfig(209)) - ServiceID for StorageContainerManager is null
2022-10-18 21:55:18,443 [main] WARN  ha.SCMHANodeDetails (SCMHANodeDetails.java:validateSCMHAConfig(182)) - Invalid config ozone.scm.ratis.enable. The config was not specified, but the default value true conflicts with the expected config value false. Falling back to the expected value. Current State of SCM: SCM is running in Non-HA without Ratis Ratis SCM -> Non Ratis SCM or Non HA SCM -> HA SCM is not supported
2022-10-18 21:55:18,443 [main] INFO  ha.SCMHANodeDetails (SCMHANodeDetails.java:loadSCMHAConfig(214)) - ozone.scm.default.service.id is not defined, falling back to ozone.scm.service.ids to find serviceID for StorageContainerManager if it is HA enabled cluster
2022-10-18 21:55:18,790 [main] WARN  utils.HAUtils (HAUtils.java:getMetaDir(342)) - ozone.scm.db.dirs is not configured. We recommend adding this setting. Falling back to ozone.metadata.dirs instead.
2022-10-18 21:55:18,932 [main] WARN  db.DBStoreBuilder (DBStoreBuilder.java:applyDBDefinition(144)) - ozone.scm.db.dirs is not configured. We recommend adding this setting. Falling back to ozone.metadata.dirs instead.
2022-10-18 21:55:19,071 [main] INFO  net.NodeSchemaLoader (NodeSchemaLoader.java:loadSchemaFromFile(129)) - Loading schema from [jar:file:/home/runner/.m2/repository/org/apache/ozone/hdds-common/1.3.0-SNAPSHOT/hdds-common-1.3.0-SNAPSHOT.jar!/network-topology-default.xml]
2022-10-18 21:55:19,072 [main] INFO  net.NodeSchemaLoader (NodeSchemaLoader.java:loadSchema(176)) - Loading network topology layer schema file
2022-10-18 21:55:19,102 [main] INFO  metrics.MetricRegistries (MetricRegistriesLoader.java:load(64)) - Loaded MetricRegistries class org.apache.ratis.metrics.impl.MetricRegistriesImpl
2022-10-18 21:55:19,107 [main] INFO  upgrade.AbstractLayoutVersionManager (AbstractLayoutVersionManager.java:init(83)) - Initializing Layout version manager with metadata layout = DATANODE_SCHEMA_V3 (version = 4), software layout = DATANODE_SCHEMA_V3 (version = 4)
2022-10-18 21:55:19,260 [main] INFO  reflections.Reflections (Reflections.java:scan(232)) - Reflections took 99 ms to scan 7 urls, producing 137 keys and 328 values 
2022-10-18 21:55:19,327 [main] INFO  ha.SequenceIdGenerator (SequenceIdGenerator.java:upgradeToSequenceId(349)) - upgrade localId to 109611004723200000
2022-10-18 21:55:19,327 [main] INFO  ha.SequenceIdGenerator (SequenceIdGenerator.java:upgradeToSequenceId(359)) - upgrade delTxnId to 0
2022-10-18 21:55:19,331 [main] INFO  ha.SequenceIdGenerator (SequenceIdGenerator.java:upgradeToSequenceId(376)) - upgrade containerId to 0
2022-10-18 21:55:19,333 [main] INFO  ha.SequenceIdGenerator (SequenceIdGenerator.java:<init>(220)) - Init the HA SequenceIdGenerator.
2022-10-18 21:55:19,361 [main] WARN  server.ServerUtils (ServerUtils.java:sanitizeUserArgs(73)) - ozone.scm.stale.node.interval value = 300000 is larger than max = 100000 based on the key value of ozone.scm.heartbeat.thread.interval, reset to the max value 100000.
2022-10-18 21:55:19,361 [main] WARN  server.ServerUtils (ServerUtils.java:sanitizeUserArgs(73)) - ozone.scm.stale.node.interval value = 300000 is larger than max = 100000 based on the key value of ozone.scm.heartbeat.thread.interval, reset to the max value 100000.
2022-10-18 21:55:19,367 [main] INFO  node.SCMNodeManager (SCMNodeManager.java:<init>(149)) - Entering startup safe mode.
2022-10-18 21:55:19,415 [main] INFO  algorithms.ContainerPlacementPolicyFactory (ContainerPlacementPolicyFactory.java:getPolicyInternal(86)) - Create container placement policy of type org.apache.hadoop.hdds.scm.container.placement.algorithms.SCMContainerPlacementRandom
2022-10-18 21:55:19,417 [main] INFO  algorithms.ContainerPlacementPolicyFactory (ContainerPlacementPolicyFactory.java:getPolicyInternal(86)) - Create container placement policy of type org.apache.hadoop.hdds.scm.container.placement.algorithms.SCMContainerPlacementRackScatter
2022-10-18 21:55:19,423 [main] INFO  pipeline.PipelineStateManagerImpl (PipelineStateManagerImpl.java:initialize(78)) - No pipeline exists in current db
2022-10-18 21:55:19,448 [main] INFO  algorithms.LeaderChoosePolicyFactory (LeaderChoosePolicyFactory.java:getPolicy(57)) - Create leader choose policy of type org.apache.hadoop.hdds.scm.pipeline.leader.choose.algorithms.MinLeaderCountChoosePolicy
2022-10-18 21:55:19,448 [main] INFO  algorithms.ContainerPlacementPolicyFactory (ContainerPlacementPolicyFactory.java:getPolicyInternal(86)) - Create container placement policy of type org.apache.hadoop.hdds.scm.container.placement.algorithms.SCMContainerPlacementRackScatter
2022-10-18 21:55:19,453 [main] INFO  ha.SCMServiceManager (SCMServiceManager.java:register(42)) - Registering service BackgroundPipelineCreator.
2022-10-18 21:55:19,454 [main] INFO  pipeline.BackgroundPipelineCreator (BackgroundPipelineCreator.java:start(124)) - Starting RatisPipelineUtilsThread.
2022-10-18 21:55:19,457 [main] INFO  BackgroundPipelineScrubber (BackgroundSCMService.java:start(68)) - Starting BackgroundPipelineScrubber Service.
2022-10-18 21:55:19,461 [main] INFO  ha.SCMServiceManager (SCMServiceManager.java:register(42)) - Registering service BackgroundPipelineScrubber.
2022-10-18 21:55:19,470 [main] INFO  ExpiredContainerReplicaOpScrubber (BackgroundSCMService.java:start(68)) - Starting ExpiredContainerReplicaOpScrubber Service.
2022-10-18 21:55:19,470 [main] INFO  ha.SCMServiceManager (SCMServiceManager.java:register(42)) - Registering service ExpiredContainerReplicaOpScrubber.
2022-10-18 21:55:19,511 [main] INFO  algorithms.PipelineChoosePolicyFactory (PipelineChoosePolicyFactory.java:createPipelineChoosePolicyFromClass(73)) - Create pipeline choose policy of type org.apache.hadoop.hdds.scm.pipeline.choose.algorithms.RandomPipelineChoosePolicy
2022-10-18 21:55:19,527 [main] INFO  ha.SCMServiceManager (SCMServiceManager.java:register(42)) - Registering service SCMBlockDeletingService.
2022-10-18 21:55:19,566 [main] INFO  replication.ReplicationManager (ReplicationManager.java:start(225)) - Starting Replication Monitor Thread.
2022-10-18 21:55:19,572 [main] INFO  ha.SCMServiceManager (SCMServiceManager.java:register(42)) - Registering service ReplicationManager.
2022-10-18 21:55:19,572 [ReplicationMonitor] INFO  replication.ReplicationManager (ReplicationManager.java:processAll(293)) - Replication Manager is not ready to run until 3000ms after safemode exit
2022-10-18 21:55:19,580 [main] INFO  safemode.ContainerSafeModeRule (ContainerSafeModeRule.java:<init>(89)) - containers with one replica threshold count 0
2022-10-18 21:55:19,583 [main] INFO  safemode.HealthyPipelineSafeModeRule (HealthyPipelineSafeModeRule.java:initializeRule(169)) - Total pipeline count is 0, healthy pipeline threshold count is 1
2022-10-18 21:55:19,585 [main] INFO  safemode.OneReplicaPipelineSafeModeRule (OneReplicaPipelineSafeModeRule.java:initializeRule(180)) - Total pipeline count is 0, pipeline's with at least one datanode reported threshold count is 0
2022-10-18 21:55:19,856 [main] INFO  audit.AuditLogger (AuditLogger.java:refreshDebugCmdSet(126)) - Refresh DebugCmdSet for SCMAudit to [].
2022-10-18 21:55:19,880 [main] INFO  ipc.CallQueueManager (CallQueueManager.java:<init>(90)) - Using callQueue: class java.util.concurrent.LinkedBlockingQueue, queueCapacity: 2000, scheduler: class org.apache.hadoop.ipc.DefaultRpcScheduler, ipcBackoff: false.
2022-10-18 21:55:19,917 [Socket Reader #1 for port 0] INFO  ipc.Server (Server.java:run(1273)) - Starting Socket Reader #1 for port 0
2022-10-18 21:55:19,956 [Listener at 0.0.0.0/40177] INFO  audit.AuditLogger (AuditLogger.java:refreshDebugCmdSet(126)) - Refresh DebugCmdSet for SCMAudit to [].
2022-10-18 21:55:19,960 [Listener at 0.0.0.0/40177] INFO  ipc.CallQueueManager (CallQueueManager.java:<init>(90)) - Using callQueue: class java.util.concurrent.LinkedBlockingQueue, queueCapacity: 2000, scheduler: class org.apache.hadoop.ipc.DefaultRpcScheduler, ipcBackoff: false.
2022-10-18 21:55:19,960 [Socket Reader #1 for port 0] INFO  ipc.Server (Server.java:run(1273)) - Starting Socket Reader #1 for port 0
2022-10-18 21:55:19,981 [Listener at 0.0.0.0/33361] INFO  audit.AuditLogger (AuditLogger.java:refreshDebugCmdSet(126)) - Refresh DebugCmdSet for SCMAudit to [].
2022-10-18 21:55:19,988 [Listener at 0.0.0.0/33361] INFO  ipc.CallQueueManager (CallQueueManager.java:<init>(90)) - Using callQueue: class java.util.concurrent.LinkedBlockingQueue, queueCapacity: 2000, scheduler: class org.apache.hadoop.ipc.DefaultRpcScheduler, ipcBackoff: false.
2022-10-18 21:55:19,989 [Socket Reader #1 for port 0] INFO  ipc.Server (Server.java:run(1273)) - Starting Socket Reader #1 for port 0
2022-10-18 21:55:20,025 [Listener at 0.0.0.0/44235] INFO  ha.SCMServiceManager (SCMServiceManager.java:register(42)) - Registering service ContainerBalancer.
2022-10-18 21:55:20,026 [Listener at 0.0.0.0/44235] INFO  server.StorageContainerManager (StorageContainerManager.java:<init>(410)) - 
Container Balancer status:
Key                            Value
Running                        true
Container Balancer Configuration values:
Key                                                Value
Threshold                                          10
Max Datanodes to Involve per Iteration(percent)    20
Max Size to Move per Iteration                     500GB
Max Size Entering Target per Iteration             26GB
Max Size Leaving Source per Iteration              26GB

2022-10-18 21:55:20,026 [Listener at 0.0.0.0/44235] WARN  events.EventQueue (EventQueue.java:fireEvent(216)) - No event handler registered for event TypedEvent{payloadType=SafeModeStatus, name='Safe mode status'}
2022-10-18 21:55:20,027 [Listener at 0.0.0.0/44235] INFO  ha.SCMContext (SCMContext.java:updateSafeModeStatus(228)) - Update SafeModeStatus from SafeModeStatus{safeModeStatus=true, preCheckPassed=false} to SafeModeStatus{safeModeStatus=true, preCheckPassed=false}.
2022-10-18 21:55:20,029 [Listener at 0.0.0.0/44235] INFO  server.StorageContainerManager (StorageContainerManager.java:start(1436)) - StorageContainerLocationProtocol RPC server is listening at /0.0.0.0:44235
2022-10-18 21:55:20,154 [Listener at 0.0.0.0/44235] WARN  impl.MetricsConfig (MetricsConfig.java:loadFirst(136)) - Cannot locate configuration: tried hadoop-metrics2-storagecontainermanager.properties,hadoop-metrics2.properties
2022-10-18 21:55:20,167 [Listener at 0.0.0.0/44235] INFO  impl.MetricsSystemImpl (MetricsSystemImpl.java:startTimer(378)) - Scheduled Metric snapshot period at 10 second(s).
2022-10-18 21:55:20,167 [Listener at 0.0.0.0/44235] INFO  impl.MetricsSystemImpl (MetricsSystemImpl.java:start(191)) - StorageContainerManager metrics system started
2022-10-18 21:55:20,351 [Listener at 0.0.0.0/44235] INFO  server.SCMClientProtocolServer (SCMClientProtocolServer.java:start(170)) - RPC server for Client  is listening at /0.0.0.0:44235
2022-10-18 21:55:20,351 [IPC Server Responder] INFO  ipc.Server (Server.java:run(1512)) - IPC Server Responder: starting
2022-10-18 21:55:20,351 [IPC Server listener on 0] INFO  ipc.Server (Server.java:run(1352)) - IPC Server listener on 0: starting
2022-10-18 21:55:20,353 [Listener at 0.0.0.0/44235] INFO  server.StorageContainerManager (StorageContainerManager.java:start(1451)) - ScmBlockLocationProtocol RPC server is listening at /0.0.0.0:33361
2022-10-18 21:55:20,354 [Listener at 0.0.0.0/44235] INFO  server.SCMBlockProtocolServer (SCMBlockProtocolServer.java:start(152)) - RPC server for Block Protocol is listening at /0.0.0.0:33361
2022-10-18 21:55:20,354 [IPC Server Responder] INFO  ipc.Server (Server.java:run(1512)) - IPC Server Responder: starting
2022-10-18 21:55:20,354 [IPC Server listener on 0] INFO  ipc.Server (Server.java:run(1352)) - IPC Server listener on 0: starting
2022-10-18 21:55:20,355 [Listener at 0.0.0.0/44235] INFO  server.SCMDatanodeProtocolServer (SCMDatanodeProtocolServer.java:start(186)) - ScmDatanodeProtocol RPC server for DataNodes is listening at /0.0.0.0:40177
2022-10-18 21:55:20,356 [IPC Server Responder] INFO  ipc.Server (Server.java:run(1512)) - IPC Server Responder: starting
2022-10-18 21:55:20,356 [IPC Server listener on 0] INFO  ipc.Server (Server.java:run(1352)) - IPC Server listener on 0: starting
2022-10-18 21:55:20,362 [org.apache.hadoop.util.JvmPauseMonitor$Monitor@6ca97ddf] INFO  util.JvmPauseMonitor (JvmPauseMonitor.java:run(188)) - Starting JVM pause monitor
2022-10-18 21:55:20,374 [Listener at 0.0.0.0/44235] INFO  http.BaseHttpServer (BaseHttpServer.java:newHttpServer2BuilderForOzone(213)) - Starting Web-server for scm at: http://0.0.0.0:0
2022-10-18 21:55:20,375 [Listener at 0.0.0.0/44235] INFO  http.BaseHttpServer (BaseHttpServer.java:<init>(108)) - Hadoop Security Enabled: false Ozone Security Enabled: false Ozone HTTP Security Enabled: false 
2022-10-18 21:55:20,394 [Listener at 0.0.0.0/44235] INFO  util.log (Log.java:initialized(170)) - Logging initialized @3112ms to org.eclipse.jetty.util.log.Slf4jLog
2022-10-18 21:55:20,473 [Listener at 0.0.0.0/44235] WARN  server.AuthenticationFilter (AuthenticationFilter.java:constructSecretProvider(240)) - Unable to initialize FileSignerSecretProvider, falling back to use random secrets. Reason: Could not read signature secret file: /home/runner/hadoop-http-auth-signature-secret
2022-10-18 21:55:20,479 [Listener at 0.0.0.0/44235] WARN  http.HttpRequestLog (HttpRequestLog.java:getRequestLog(103)) - Jetty request log can only be enabled using Log4j
2022-10-18 21:55:20,484 [Listener at 0.0.0.0/44235] INFO  http.HttpServer2 (HttpServer2.java:addGlobalFilter(1031)) - Added global filter 'safety' (class=org.apache.hadoop.hdds.server.http.HttpServer2$QuotingInputFilter)
2022-10-18 21:55:20,486 [Listener at 0.0.0.0/44235] INFO  http.HttpServer2 (HttpServer2.java:addFilter(1007)) - Added filter static_user_filter (class=org.apache.hadoop.http.lib.StaticUserWebFilter$StaticUserFilter) to context scm
2022-10-18 21:55:20,486 [Listener at 0.0.0.0/44235] INFO  http.HttpServer2 (HttpServer2.java:addFilter(1015)) - Added filter static_user_filter (class=org.apache.hadoop.http.lib.StaticUserWebFilter$StaticUserFilter) to context logs
2022-10-18 21:55:20,487 [Listener at 0.0.0.0/44235] INFO  http.HttpServer2 (HttpServer2.java:addFilter(1015)) - Added filter static_user_filter (class=org.apache.hadoop.http.lib.StaticUserWebFilter$StaticUserFilter) to context static
2022-10-18 21:55:20,515 [Listener at 0.0.0.0/44235] INFO  http.HttpServer2 (HttpServer2.java:bindListener(1250)) - Jetty bound to port 36531
2022-10-18 21:55:20,517 [Listener at 0.0.0.0/44235] INFO  server.Server (Server.java:doStart(375)) - jetty-9.4.43.v20210629; built: 2021-06-30T11:07:22.254Z; git: 526006ecfa3af7f1a27ef3a288e2bef7ea9dd7e8; jvm 1.8.0_345-b01
2022-10-18 21:55:20,536 [Listener at 0.0.0.0/44235] INFO  server.session (DefaultSessionIdManager.java:doStart(334)) - DefaultSessionIdManager workerName=node0
2022-10-18 21:55:20,537 [Listener at 0.0.0.0/44235] INFO  server.session (DefaultSessionIdManager.java:doStart(339)) - No SessionScavenger set, using defaults
2022-10-18 21:55:20,538 [Listener at 0.0.0.0/44235] INFO  server.session (HouseKeeper.java:startScavenging(132)) - node0 Scavenging every 600000ms
2022-10-18 21:55:20,546 [Listener at 0.0.0.0/44235] INFO  handler.ContextHandler (ContextHandler.java:doStart(915)) - Started o.e.j.s.ServletContextHandler@5bfeb9ba{logs,/logs,file:///home/runner/work/ozone/ozone/hadoop-ozone/integration-test/target/log,AVAILABLE}
2022-10-18 21:55:20,547 [Listener at 0.0.0.0/44235] INFO  handler.ContextHandler (ContextHandler.java:doStart(915)) - Started o.e.j.s.ServletContextHandler@19834eb7{static,/static,file:///home/runner/work/ozone/ozone/hadoop-ozone/integration-test/target/test-classes/webapps/static,AVAILABLE}
2022-10-18 21:55:20,579 [Listener at 0.0.0.0/44235] INFO  handler.ContextHandler (ContextHandler.java:doStart(915)) - Started o.e.j.w.WebAppContext@54da736e{scm,/,file:///home/runner/work/ozone/ozone/hadoop-ozone/integration-test/target/test-classes/webapps/scm/,AVAILABLE}{file:/home/runner/work/ozone/ozone/hadoop-ozone/integration-test/target/test-classes/webapps/scm}
2022-10-18 21:55:20,585 [Listener at 0.0.0.0/44235] INFO  server.AbstractConnector (AbstractConnector.java:doStart(331)) - Started ServerConnector@1315befe{HTTP/1.1, (http/1.1)}{0.0.0.0:36531}
2022-10-18 21:55:20,586 [Listener at 0.0.0.0/44235] INFO  server.Server (Server.java:doStart(415)) - Started @3304ms
2022-10-18 21:55:20,587 [Listener at 0.0.0.0/44235] INFO  impl.MetricsSinkAdapter (MetricsSinkAdapter.java:start(204)) - Sink prometheus started
2022-10-18 21:55:20,587 [Listener at 0.0.0.0/44235] INFO  impl.MetricsSystemImpl (MetricsSystemImpl.java:registerSink(305)) - Registered sink prometheus
2022-10-18 21:55:20,588 [Listener at 0.0.0.0/44235] INFO  http.BaseHttpServer (BaseHttpServer.java:updateConnectorAddress(333)) - HTTP server of scm listening at http://0.0.0.0:36531
2022-10-18 21:55:20,623 [Listener at 0.0.0.0/44235] INFO  audit.AuditLogger (AuditLogger.java:refreshDebugCmdSet(126)) - Refresh DebugCmdSet for OMAudit to [].
2022-10-18 21:55:20,678 [Listener at 0.0.0.0/44235] INFO  ha.OMHANodeDetails (OMHANodeDetails.java:loadOMHAConfig(121)) - ServiceID for OzoneManager is om-service-test1
2022-10-18 21:55:20,683 [Listener at 0.0.0.0/44235] INFO  ha.OMHANodeDetails (OMHANodeDetails.java:loadOMHAConfig(201)) - Found matching OM address with OMServiceId: om-service-test1, OMNodeId: omNode-1, RPC Address: localhost:39907 and Ratis port: 35389
2022-10-18 21:55:20,683 [Listener at 0.0.0.0/44235] INFO  ha.OMHANodeDetails (ConfUtils.java:setNodeSpecificConfigs(97)) - Setting configuration key ozone.om.http-address with value of key ozone.om.http-address.om-service-test1.omNode-1: 127.0.0.1:34983
2022-10-18 21:55:20,683 [Listener at 0.0.0.0/44235] INFO  ha.OMHANodeDetails (ConfUtils.java:setNodeSpecificConfigs(97)) - Setting configuration key ozone.om.https-address with value of key ozone.om.https-address.om-service-test1.omNode-1: 127.0.0.1:46473
2022-10-18 21:55:20,683 [Listener at 0.0.0.0/44235] INFO  ha.OMHANodeDetails (ConfUtils.java:setNodeSpecificConfigs(97)) - Setting configuration key ozone.om.address with value of key ozone.om.address.om-service-test1.omNode-1: 127.0.0.1:39907
2022-10-18 21:55:20,684 [Listener at 0.0.0.0/44235] WARN  server.ServerUtils (ServerUtils.java:getDBPath(225)) - ozone.om.db.dirs is not configured. We recommend adding this setting. Falling back to ozone.metadata.dirs instead.
2022-10-18 21:55:20,702 [Listener at 0.0.0.0/44235] INFO  proxy.SCMBlockLocationFailoverProxyProvider (SCMBlockLocationFailoverProxyProvider.java:<init>(114)) - Created block location fail-over proxy with 1 nodes: [nodeId=scmNodeId,nodeAddress=/0.0.0.0:33361]
OM initialization succeeded.Current cluster id for sd=/home/runner/work/ozone/ozone/hadoop-ozone/integration-test/target/test-dir/MiniOzoneClusterImpl-285291dc-83a3-4c49-94f6-5e759e1760ea/omNode-1/om;cid=285291dc-83a3-4c49-94f6-5e759e1760ea;layoutVersion=3
2022-10-18 21:55:20,910 [Listener at 0.0.0.0/44235] INFO  ha.OMHANodeDetails (OMHANodeDetails.java:loadOMHAConfig(121)) - ServiceID for OzoneManager is om-service-test1
2022-10-18 21:55:20,911 [Listener at 0.0.0.0/44235] INFO  ha.OMHANodeDetails (OMHANodeDetails.java:loadOMHAConfig(201)) - Found matching OM address with OMServiceId: om-service-test1, OMNodeId: omNode-1, RPC Address: localhost:39907 and Ratis port: 35389
2022-10-18 21:55:20,911 [Listener at 0.0.0.0/44235] INFO  ha.OMHANodeDetails (ConfUtils.java:setNodeSpecificConfigs(97)) - Setting configuration key ozone.om.http-address with value of key ozone.om.http-address.om-service-test1.omNode-1: 127.0.0.1:34983
2022-10-18 21:55:20,911 [Listener at 0.0.0.0/44235] INFO  ha.OMHANodeDetails (ConfUtils.java:setNodeSpecificConfigs(97)) - Setting configuration key ozone.om.https-address with value of key ozone.om.https-address.om-service-test1.omNode-1: 127.0.0.1:46473
2022-10-18 21:55:20,912 [Listener at 0.0.0.0/44235] INFO  ha.OMHANodeDetails (ConfUtils.java:setNodeSpecificConfigs(97)) - Setting configuration key ozone.om.address with value of key ozone.om.address.om-service-test1.omNode-1: 127.0.0.1:39907
2022-10-18 21:55:20,912 [Listener at 0.0.0.0/44235] WARN  server.ServerUtils (ServerUtils.java:getDBPath(225)) - ozone.om.db.dirs is not configured. We recommend adding this setting. Falling back to ozone.metadata.dirs instead.
2022-10-18 21:55:20,914 [Listener at 0.0.0.0/44235] INFO  upgrade.AbstractLayoutVersionManager (AbstractLayoutVersionManager.java:init(83)) - Initializing Layout version manager with metadata layout = MULTITENANCY_SCHEMA (version = 3), software layout = MULTITENANCY_SCHEMA (version = 3)
2022-10-18 21:55:20,991 [Listener at 0.0.0.0/44235] INFO  reflections.Reflections (Reflections.java:scan(232)) - Reflections took 73 ms to scan 2 urls, producing 154 keys and 428 values [using 4 cores]
2022-10-18 21:55:20,995 [Listener at 0.0.0.0/44235] INFO  upgrade.OMLayoutVersionManager (OMLayoutVersionManager.java:lambda$0(115)) - Skipping Upgrade Action MockOmUpgradeAction since it has been finalized.
2022-10-18 21:55:20,996 [Listener at 0.0.0.0/44235] WARN  server.ServerUtils (ServerUtils.java:getDBPath(225)) - ozone.om.db.dirs is not configured. We recommend adding this setting. Falling back to ozone.metadata.dirs instead.
2022-10-18 21:55:21,113 [Listener at 0.0.0.0/44235] INFO  proxy.SCMBlockLocationFailoverProxyProvider (SCMBlockLocationFailoverProxyProvider.java:<init>(114)) - Created block location fail-over proxy with 1 nodes: [nodeId=scmNodeId,nodeAddress=/0.0.0.0:33361]
2022-10-18 21:55:21,122 [Listener at 0.0.0.0/44235] INFO  proxy.SCMBlockLocationFailoverProxyProvider (SCMBlockLocationFailoverProxyProvider.java:<init>(114)) - Created block location fail-over proxy with 1 nodes: [nodeId=scmNodeId,nodeAddress=/0.0.0.0:33361]
2022-10-18 21:55:21,136 [Listener at 0.0.0.0/44235] WARN  server.ServerUtils (ServerUtils.java:getDBPath(225)) - ozone.om.db.dirs is not configured. We recommend adding this setting. Falling back to ozone.metadata.dirs instead.
2022-10-18 21:55:21,140 [Listener at 0.0.0.0/44235] INFO  codec.OmKeyInfoCodec (OmKeyInfoCodec.java:<init>(49)) - OmKeyInfoCodec ignorePipeline = true
2022-10-18 21:55:21,141 [Listener at 0.0.0.0/44235] INFO  codec.RepeatedOmKeyInfoCodec (RepeatedOmKeyInfoCodec.java:<init>(41)) - RepeatedOmKeyInfoCodec ignorePipeline = true
2022-10-18 21:55:21,245 [Listener at 0.0.0.0/44235] INFO  om.OzoneManager (OzoneManager.java:instantiateServices(712)) - S3 Multi-Tenancy is disabled
2022-10-18 21:55:21,295 [Listener at 0.0.0.0/44235] INFO  om.OzoneManager (OzoneManager.java:addS3GVolumeToDB(4386)) - Created Volume s3v With Owner runner required for S3Gateway operations.
2022-10-18 21:55:21,336 [Listener at 0.0.0.0/44235] WARN  server.ServerUtils (ServerUtils.java:getDefaultRatisDirectory(237)) - Storage directory for Ratis is not configured. It is a good idea to map this to an SSD disk. Falling back to ozone.metadata.dirs
2022-10-18 21:55:21,336 [Listener at 0.0.0.0/44235] WARN  utils.OzoneManagerRatisUtils (OzoneManagerRatisUtils.java:getOMRatisSnapshotDirectory(434)) - ozone.om.ratis.snapshot.dir is not configured. Falling back to ozone.metadata.dirs config
2022-10-18 21:55:21,345 [Listener at 0.0.0.0/44235] INFO  snapshot.OzoneManagerSnapshotProvider (OzoneManagerSnapshotProvider.java:<init>(76)) - Initializing OM Snapshot Provider
2022-10-18 21:55:21,432 [Listener at 0.0.0.0/44235] WARN  server.ServerUtils (ServerUtils.java:getDefaultRatisDirectory(237)) - Storage directory for Ratis is not configured. It is a good idea to map this to an SSD disk. Falling back to ozone.metadata.dirs
2022-10-18 21:55:21,451 [Listener at 0.0.0.0/44235] INFO  ratis.OzoneManagerRatisServer (OzoneManagerRatisServer.java:<init>(160)) - Instantiating OM Ratis server with groupID: om-service-test1 and peers: localhost:35389, localhost:38017, localhost:45203
2022-10-18 21:55:21,457 [Listener at 0.0.0.0/44235] INFO  ratis.OzoneManagerStateMachine (OzoneManagerStateMachine.java:loadSnapshotInfoFromDB(632)) - LastAppliedIndex is set from TransactionInfo from OM DB as (t:0, i:~)
2022-10-18 21:55:21,490 [Listener at 0.0.0.0/44235] INFO  server.RaftServer (ConfUtils.java:logGet(46)) - raft.rpc.type = GRPC (default)
2022-10-18 21:55:21,548 [Listener at 0.0.0.0/44235] INFO  grpc.GrpcFactory (GrpcFactory.java:checkPooledByteBufAllocatorUseCacheForAllThreads(48)) - PERFORMANCE WARNING: useCacheForAllThreads is true that may cause Netty to create a lot garbage objects and, as a result, trigger GC.
	It is recommended to disable useCacheForAllThreads by setting -Dorg.apache.ratis.thirdparty.io.netty.allocator.useCacheForAllThreads=false in command line.
2022-10-18 21:55:21,551 [Listener at 0.0.0.0/44235] INFO  grpc.GrpcConfigKeys (ConfUtils.java:logGet(46)) - raft.grpc.admin.port = -1 (default)
2022-10-18 21:55:21,551 [Listener at 0.0.0.0/44235] INFO  grpc.GrpcConfigKeys (ConfUtils.java:logGet(46)) - raft.grpc.server.port = 35389 (custom)
2022-10-18 21:55:21,551 [Listener at 0.0.0.0/44235] INFO  grpc.GrpcConfigKeys (ConfUtils.java:logGet(46)) - raft.grpc.client.port = -1 (default)
2022-10-18 21:55:21,552 [Listener at 0.0.0.0/44235] INFO  grpc.GrpcConfigKeys (ConfUtils.java:logGet(46)) - raft.grpc.server.port = 35389 (custom)
2022-10-18 21:55:21,552 [Listener at 0.0.0.0/44235] INFO  grpc.GrpcConfigKeys (ConfUtils.java:logGet(46)) - raft.grpc.server.port = 35389 (custom)
2022-10-18 21:55:21,552 [Listener at 0.0.0.0/44235] INFO  server.GrpcService (ConfUtils.java:logGet(46)) - raft.grpc.message.size.max = 33554432 (custom)
2022-10-18 21:55:21,553 [Listener at 0.0.0.0/44235] INFO  server.RaftServerConfigKeys (ConfUtils.java:logGet(46)) - raft.server.log.appender.buffer.byte-limit = 33554432 (custom)
2022-10-18 21:55:21,554 [Listener at 0.0.0.0/44235] INFO  server.GrpcService (ConfUtils.java:logGet(46)) - raft.grpc.flow.control.window = 1MB (=1048576) (default)
2022-10-18 21:55:21,554 [Listener at 0.0.0.0/44235] INFO  server.RaftServerConfigKeys (ConfUtils.java:logGet(46)) - raft.server.rpc.request.timeout = 3000ms (default)
2022-10-18 21:55:21,566 [Listener at 0.0.0.0/44235] INFO  grpc.GrpcConfigKeys (ConfUtils.java:logGet(46)) - raft.grpc.server.async.request.thread.pool.cached = true (default)
2022-10-18 21:55:21,567 [Listener at 0.0.0.0/44235] INFO  grpc.GrpcConfigKeys (ConfUtils.java:logGet(46)) - raft.grpc.server.async.request.thread.pool.size = 32 (default)
2022-10-18 21:55:21,786 [Listener at 0.0.0.0/44235] INFO  impl.DataStreamServerImpl (ConfUtils.java:logGet(46)) - raft.datastream.type = DISABLED (default)
2022-10-18 21:55:21,788 [Listener at 0.0.0.0/44235] INFO  server.RaftServerConfigKeys (ConfUtils.java:logGet(46)) - raft.server.threadpool.proxy.cached = true (default)
2022-10-18 21:55:21,789 [Listener at 0.0.0.0/44235] INFO  server.RaftServerConfigKeys (ConfUtils.java:logGet(46)) - raft.server.threadpool.proxy.size = 0 (default)
2022-10-18 21:55:21,789 [Listener at 0.0.0.0/44235] INFO  server.RaftServerConfigKeys (ConfUtils.java:logGet(46)) - raft.server.rpc.slowness.timeout = 2s (custom)
2022-10-18 21:55:21,789 [Listener at 0.0.0.0/44235] INFO  server.RaftServerConfigKeys (ConfUtils.java:logGet(46)) - raft.server.leaderelection.leader.step-down.wait-time = 10s (default)
2022-10-18 21:55:21,791 [Listener at 0.0.0.0/44235] INFO  server.RaftServerConfigKeys (ConfUtils.java:logGet(46)) - raft.server.storage.dir = [/home/runner/work/ozone/ozone/hadoop-ozone/integration-test/target/test-dir/MiniOzoneClusterImpl-285291dc-83a3-4c49-94f6-5e759e1760ea/omNode-1/ratis] (custom)
2022-10-18 21:55:21,796 [Listener at 0.0.0.0/44235] INFO  server.RaftServer (RaftServerProxy.java:addNew(96)) - omNode-1: addNew group-523986131536:[omNode-3|rpc:localhost:38017|priority:0, omNode-1|rpc:localhost:35389|priority:0, omNode-2|rpc:localhost:45203|priority:0] returns group-523986131536:java.util.concurrent.CompletableFuture@6ef25c03[Not completed]
2022-10-18 21:55:21,796 [Listener at 0.0.0.0/44235] INFO  om.OzoneManager (OzoneManager.java:initializeRatisServer(1975)) - OzoneManager Ratis server initialized at port 35389
2022-10-18 21:55:21,806 [pool-55-thread-1] INFO  server.RaftServer$Division (RaftServerImpl.java:<init>(190)) - omNode-1: new RaftServerImpl for group-523986131536:[omNode-3|rpc:localhost:38017|priority:0, omNode-1|rpc:localhost:35389|priority:0, omNode-2|rpc:localhost:45203|priority:0] with OzoneManagerStateMachine:uninitialized
2022-10-18 21:55:21,807 [Listener at 0.0.0.0/44235] INFO  om.OzoneManager (OzoneManager.java:getRpcServer(1101)) - Creating RPC Server
2022-10-18 21:55:21,808 [pool-55-thread-1] INFO  server.RaftServerConfigKeys (ConfUtils.java:logGet(46)) - raft.server.rpc.timeout.min = 1s (custom)
2022-10-18 21:55:21,808 [pool-55-thread-1] INFO  server.RaftServerConfigKeys (ConfUtils.java:logGet(46)) - raft.server.rpc.timeout.max = 1200ms (custom)
2022-10-18 21:55:21,808 [pool-55-thread-1] INFO  server.RaftServerConfigKeys (ConfUtils.java:logGet(46)) - raft.server.rpc.sleep.time = 25ms (default)
2022-10-18 21:55:21,808 [pool-55-thread-1] INFO  server.RaftServerConfigKeys (ConfUtils.java:logGet(46)) - raft.server.rpc.slowness.timeout = 2s (custom)
2022-10-18 21:55:21,808 [pool-55-thread-1] INFO  server.RaftServerConfigKeys (ConfUtils.java:logGet(46)) - raft.server.leaderelection.leader.step-down.wait-time = 10s (default)
2022-10-18 21:55:21,808 [pool-55-thread-1] INFO  server.RaftServerConfigKeys (ConfUtils.java:logGet(46)) - raft.server.sleep.deviation.threshold = 300ms (default)
2022-10-18 21:55:21,815 [pool-55-thread-1] INFO  server.RaftServer$Division (ServerState.java:<init>(107)) - omNode-1@group-523986131536: ConfigurationManager, init=-1: [omNode-3|rpc:localhost:38017|priority:0, omNode-1|rpc:localhost:35389|priority:0, omNode-2|rpc:localhost:45203|priority:0], old=null, confs=<EMPTY_MAP>
2022-10-18 21:55:21,815 [pool-55-thread-1] INFO  server.RaftServerConfigKeys (ConfUtils.java:logGet(46)) - raft.server.storage.dir = [/home/runner/work/ozone/ozone/hadoop-ozone/integration-test/target/test-dir/MiniOzoneClusterImpl-285291dc-83a3-4c49-94f6-5e759e1760ea/omNode-1/ratis] (custom)
2022-10-18 21:55:21,819 [pool-55-thread-1] INFO  server.RaftServerConfigKeys (ConfUtils.java:logGet(46)) - raft.server.log.corruption.policy = EXCEPTION (default)
2022-10-18 21:55:21,819 [pool-55-thread-1] INFO  server.RaftServerConfigKeys (ConfUtils.java:logGet(46)) - raft.server.storage.free-space.min = 0MB (=0) (default)
2022-10-18 21:55:21,820 [pool-55-thread-1] INFO  storage.RaftStorageDirectory (RaftStorageDirectoryImpl.java:analyzeStorage(135)) - The storage directory /home/runner/work/ozone/ozone/hadoop-ozone/integration-test/target/test-dir/MiniOzoneClusterImpl-285291dc-83a3-4c49-94f6-5e759e1760ea/omNode-1/ratis/c9bc4cf4-3bc3-3c60-a66b-523986131536 does not exist. Creating ...
2022-10-18 21:55:21,824 [pool-55-thread-1] INFO  storage.RaftStorageDirectory (RaftStorageDirectoryImpl.java:tryLock(230)) - Lock on /home/runner/work/ozone/ozone/hadoop-ozone/integration-test/target/test-dir/MiniOzoneClusterImpl-285291dc-83a3-4c49-94f6-5e759e1760ea/omNode-1/ratis/c9bc4cf4-3bc3-3c60-a66b-523986131536/in_use.lock acquired by nodename 38880@fv-az368-376
2022-10-18 21:55:21,830 [pool-55-thread-1] INFO  storage.RaftStorage (RaftStorageImpl.java:format(89)) - Storage directory /home/runner/work/ozone/ozone/hadoop-ozone/integration-test/target/test-dir/MiniOzoneClusterImpl-285291dc-83a3-4c49-94f6-5e759e1760ea/omNode-1/ratis/c9bc4cf4-3bc3-3c60-a66b-523986131536 has been successfully formatted.
2022-10-18 21:55:21,832 [pool-55-thread-1] INFO  server.RaftServerConfigKeys (ConfUtils.java:logGet(46)) - raft.server.notification.no-leader.timeout = 2s (custom)
2022-10-18 21:55:21,834 [pool-55-thread-1] INFO  server.RaftServerConfigKeys (ConfUtils.java:logGet(46)) - raft.server.log.use.memory = false (default)
2022-10-18 21:55:21,841 [pool-55-thread-1] INFO  server.RaftServerConfigKeys (ConfUtils.java:logGet(46)) - raft.server.log.purge.gap = 50 (custom)
2022-10-18 21:55:21,841 [pool-55-thread-1] INFO  server.RaftServerConfigKeys (ConfUtils.java:logGet(46)) - raft.server.log.appender.buffer.byte-limit = 33554432 (custom)
2022-10-18 21:55:21,843 [pool-55-thread-1] INFO  server.RaftServerConfigKeys (ConfUtils.java:logGet(46)) - raft.server.log.statemachine.data.read.timeout = 1000ms (default)
2022-10-18 21:55:21,858 [pool-55-thread-1] INFO  server.RaftServerConfigKeys (ConfUtils.java:logGet(46)) - raft.server.log.segment.size.max = 4194304 (custom)
2022-10-18 21:55:21,871 [pool-55-thread-1] INFO  server.RaftServerConfigKeys (ConfUtils.java:logGet(46)) - raft.server.log.segment.cache.num.max = 2 (custom)
2022-10-18 21:55:21,871 [pool-55-thread-1] INFO  server.RaftServerConfigKeys (ConfUtils.java:logGet(46)) - raft.server.log.segment.cache.size.max = 200MB (=209715200) (default)
2022-10-18 21:55:21,877 [pool-55-thread-1] INFO  segmented.SegmentedRaftLogWorker (SegmentedRaftLogWorker.java:<init>(187)) - new omNode-1@group-523986131536-SegmentedRaftLogWorker for RaftStorageImpl:Storage Directory /home/runner/work/ozone/ozone/hadoop-ozone/integration-test/target/test-dir/MiniOzoneClusterImpl-285291dc-83a3-4c49-94f6-5e759e1760ea/omNode-1/ratis/c9bc4cf4-3bc3-3c60-a66b-523986131536
2022-10-18 21:55:21,878 [pool-55-thread-1] INFO  server.RaftServerConfigKeys (ConfUtils.java:logGet(46)) - raft.server.log.queue.byte-limit = 64MB (=67108864) (default)
2022-10-18 21:55:21,878 [pool-55-thread-1] INFO  server.RaftServerConfigKeys (ConfUtils.java:logGet(46)) - raft.server.log.queue.element-limit = 4096 (default)
2022-10-18 21:55:21,879 [pool-55-thread-1] INFO  server.RaftServerConfigKeys (ConfUtils.java:logGet(46)) - raft.server.log.segment.size.max = 4194304 (custom)
2022-10-18 21:55:21,885 [pool-55-thread-1] INFO  server.RaftServerConfigKeys (ConfUtils.java:logGet(46)) - raft.server.log.preallocated.size = 4194304 (custom)
2022-10-18 21:55:21,886 [pool-55-thread-1] INFO  server.RaftServerConfigKeys (ConfUtils.java:logGet(46)) - raft.server.log.force.sync.num = 128 (default)
2022-10-18 21:55:21,889 [pool-55-thread-1] INFO  server.RaftServerConfigKeys (ConfUtils.java:logGet(46)) - raft.server.log.statemachine.data.sync = true (default)
2022-10-18 21:55:21,889 [pool-55-thread-1] INFO  server.RaftServerConfigKeys (ConfUtils.java:logGet(46)) - raft.server.log.statemachine.data.sync.timeout = 10s (default)
2022-10-18 21:55:21,889 [pool-55-thread-1] INFO  server.RaftServerConfigKeys (ConfUtils.java:logGet(46)) - raft.server.log.statemachine.data.sync.timeout.retry = -1 (default)
2022-10-18 21:55:21,898 [pool-55-thread-1] INFO  server.RaftServerConfigKeys (ConfUtils.java:logGet(46)) - raft.server.log.write.buffer.size = 64KB (=65536) (default)
2022-10-18 21:55:21,898 [pool-55-thread-1] INFO  server.RaftServerConfigKeys (ConfUtils.java:logGet(46)) - raft.server.log.unsafe-flush.enabled = false (default)
2022-10-18 21:55:21,898 [pool-55-thread-1] INFO  server.RaftServerConfigKeys (ConfUtils.java:logGet(46)) - raft.server.log.statemachine.data.caching.enabled = false (default)
2022-10-18 21:55:21,906 [pool-55-thread-1] INFO  segmented.SegmentedRaftLogWorker (SegmentedRaftLogWorker.java:lambda$new$0(135)) - omNode-1@group-523986131536-SegmentedRaftLogWorker: flushIndex: setUnconditionally 0 -> -1
2022-10-18 21:55:21,907 [pool-55-thread-1] INFO  segmented.SegmentedRaftLogWorker (SegmentedRaftLogWorker.java:lambda$new$0(135)) - omNode-1@group-523986131536-SegmentedRaftLogWorker: safeCacheEvictIndex: setUnconditionally 0 -> -1
2022-10-18 21:55:21,910 [pool-55-thread-1] INFO  server.RaftServerConfigKeys (ConfUtils.java:logGet(46)) - raft.server.snapshot.auto.trigger.enabled = true (custom)
2022-10-18 21:55:21,911 [pool-55-thread-1] INFO  server.RaftServerConfigKeys (ConfUtils.java:logGet(46)) - raft.server.snapshot.auto.trigger.threshold = 50 (custom)
2022-10-18 21:55:21,911 [pool-55-thread-1] INFO  server.RaftServerConfigKeys (ConfUtils.java:logGet(46)) - raft.server.snapshot.retention.file.num = -1 (default)
2022-10-18 21:55:21,912 [pool-55-thread-1] INFO  server.RaftServerConfigKeys (ConfUtils.java:logGet(46)) - raft.server.log.purge.upto.snapshot.index = true (custom)
2022-10-18 21:55:21,914 [pool-55-thread-1] INFO  server.RaftServerConfigKeys (ConfUtils.java:logGet(46)) - raft.server.retrycache.expirytime = 30000ms (custom)
2022-10-18 21:55:21,914 [pool-55-thread-1] INFO  server.RaftServerConfigKeys (ConfUtils.java:logGet(46)) - raft.server.retrycache.statistics.expirytime = 100μs (default)
2022-10-18 21:55:21,970 [pool-55-thread-1] INFO  server.RaftServerConfigKeys (ConfUtils.java:logGet(46)) - raft.server.log.appender.install.snapshot.enabled = false (custom)
2022-10-18 21:55:21,971 [pool-55-thread-1] INFO  server.RaftServerConfigKeys (ConfUtils.java:logGet(46)) - raft.server.threadpool.server.cached = true (default)
2022-10-18 21:55:21,971 [pool-55-thread-1] INFO  server.RaftServerConfigKeys (ConfUtils.java:logGet(46)) - raft.server.threadpool.server.size = 0 (default)
2022-10-18 21:55:21,971 [pool-55-thread-1] INFO  server.RaftServerConfigKeys (ConfUtils.java:logGet(46)) - raft.server.threadpool.client.cached = true (default)
2022-10-18 21:55:21,972 [pool-55-thread-1] INFO  server.RaftServerConfigKeys (ConfUtils.java:logGet(46)) - raft.server.threadpool.client.size = 0 (default)
2022-10-18 21:55:22,214 [Listener at 0.0.0.0/44235] INFO  reflections.Reflections (Reflections.java:scan(232)) - Reflections took 376 ms to scan 19 urls, producing 67 keys and 4244 values [using 4 cores]
2022-10-18 21:55:22,497 [Listener at 0.0.0.0/44235] INFO  ipc.CallQueueManager (CallQueueManager.java:<init>(90)) - Using callQueue: class java.util.concurrent.LinkedBlockingQueue, queueCapacity: 2000, scheduler: class org.apache.hadoop.ipc.DefaultRpcScheduler, ipcBackoff: false.
2022-10-18 21:55:22,498 [Socket Reader #1 for port 39907] INFO  ipc.Server (Server.java:run(1273)) - Starting Socket Reader #1 for port 39907
2022-10-18 21:55:22,524 [Listener at 127.0.0.1/39907] INFO  impl.MetricsSystemImpl (MetricsSystemImpl.java:init(158)) - OzoneManager metrics system started (again)
2022-10-18 21:55:22,538 [Listener at 127.0.0.1/39907] INFO  om.OzoneManager (OzoneManager.java:start(1482)) - OzoneManager RPC server is listening at localhost/127.0.0.1:39907
2022-10-18 21:55:22,538 [Listener at 127.0.0.1/39907] INFO  ratis.OzoneManagerRatisServer (OzoneManagerRatisServer.java:start(555)) - Starting OzoneManagerRatisServer omNode-1 at port 35389
2022-10-18 21:55:22,540 [omNode-1-impl-thread1] INFO  server.RaftServer$Division (RaftServerImpl.java:start(310)) - omNode-1@group-523986131536: start as a follower, conf=-1: [omNode-3|rpc:localhost:38017|priority:0, omNode-1|rpc:localhost:35389|priority:0, omNode-2|rpc:localhost:45203|priority:0], old=null
2022-10-18 21:55:22,540 [omNode-1-impl-thread1] INFO  server.RaftServer$Division (RaftServerImpl.java:setRole(299)) - omNode-1@group-523986131536: changes role from      null to FOLLOWER at term 0 for startAsFollower
2022-10-18 21:55:22,541 [omNode-1-impl-thread1] INFO  impl.RoleInfo (RoleInfo.java:updateAndGet(139)) - omNode-1: start omNode-1@group-523986131536-FollowerState
2022-10-18 21:55:22,542 [omNode-1-impl-thread1] INFO  util.JmxRegister (JmxRegister.java:tryRegister(44)) - Successfully registered JMX Bean with object name Ratis:service=RaftServer,group=group-523986131536,id=omNode-1
2022-10-18 21:55:22,545 [Listener at 127.0.0.1/39907] INFO  server.RaftServer (RaftServerProxy.java:lambda$start$6(382)) - omNode-1: start RPC server
2022-10-18 21:55:22,590 [Listener at 127.0.0.1/39907] INFO  server.GrpcService (GrpcService.java:startImpl(260)) - omNode-1: GrpcService started, listening on 35389
2022-10-18 21:55:22,591 [org.apache.ratis.util.JvmPauseMonitor$$Lambda$703/854163851@64922e2f] INFO  util.JvmPauseMonitor (JvmPauseMonitor.java:run(103)) - JvmPauseMonitor-omNode-1: Started
2022-10-18 21:55:22,593 [Listener at 127.0.0.1/39907] INFO  om.OzoneManager (OzoneManager.java:start(1498)) - Version File has different layout version (3) than OM DB (null). That is expected if this OM has never been finalized to a newer layout version.
2022-10-18 21:55:22,600 [Listener at 127.0.0.1/39907] INFO  http.BaseHttpServer (BaseHttpServer.java:newHttpServer2BuilderForOzone(213)) - Starting Web-server for ozoneManager at: http://0.0.0.0:34983
2022-10-18 21:55:22,600 [Listener at 127.0.0.1/39907] INFO  http.BaseHttpServer (BaseHttpServer.java:<init>(108)) - Hadoop Security Enabled: false Ozone Security Enabled: false Ozone HTTP Security Enabled: false 
2022-10-18 21:55:22,602 [Listener at 127.0.0.1/39907] WARN  server.AuthenticationFilter (AuthenticationFilter.java:constructSecretProvider(240)) - Unable to initialize FileSignerSecretProvider, falling back to use random secrets. Reason: Could not read signature secret file: /home/runner/hadoop-http-auth-signature-secret
2022-10-18 21:55:22,603 [Listener at 127.0.0.1/39907] WARN  http.HttpRequestLog (HttpRequestLog.java:getRequestLog(103)) - Jetty request log can only be enabled using Log4j
2022-10-18 21:55:22,604 [Listener at 127.0.0.1/39907] INFO  http.HttpServer2 (HttpServer2.java:addGlobalFilter(1031)) - Added global filter 'safety' (class=org.apache.hadoop.hdds.server.http.HttpServer2$QuotingInputFilter)
2022-10-18 21:55:22,605 [Listener at 127.0.0.1/39907] INFO  http.HttpServer2 (HttpServer2.java:addFilter(1007)) - Added filter static_user_filter (class=org.apache.hadoop.http.lib.StaticUserWebFilter$StaticUserFilter) to context ozoneManager
2022-10-18 21:55:22,605 [Listener at 127.0.0.1/39907] INFO  http.HttpServer2 (HttpServer2.java:addFilter(1015)) - Added filter static_user_filter (class=org.apache.hadoop.http.lib.StaticUserWebFilter$StaticUserFilter) to context static
2022-10-18 21:55:22,605 [Listener at 127.0.0.1/39907] INFO  http.HttpServer2 (HttpServer2.java:addFilter(1015)) - Added filter static_user_filter (class=org.apache.hadoop.http.lib.StaticUserWebFilter$StaticUserFilter) to context logs
2022-10-18 21:55:22,607 [Listener at 127.0.0.1/39907] INFO  http.HttpServer2 (HttpServer2.java:bindListener(1250)) - Jetty bound to port 34983
2022-10-18 21:55:22,607 [Listener at 127.0.0.1/39907] INFO  server.Server (Server.java:doStart(375)) - jetty-9.4.43.v20210629; built: 2021-06-30T11:07:22.254Z; git: 526006ecfa3af7f1a27ef3a288e2bef7ea9dd7e8; jvm 1.8.0_345-b01
2022-10-18 21:55:22,609 [Listener at 127.0.0.1/39907] INFO  server.session (DefaultSessionIdManager.java:doStart(334)) - DefaultSessionIdManager workerName=node0
2022-10-18 21:55:22,609 [Listener at 127.0.0.1/39907] INFO  server.session (DefaultSessionIdManager.java:doStart(339)) - No SessionScavenger set, using defaults
2022-10-18 21:55:22,609 [Listener at 127.0.0.1/39907] INFO  server.session (HouseKeeper.java:startScavenging(132)) - node0 Scavenging every 600000ms
2022-10-18 21:55:22,610 [Listener at 127.0.0.1/39907] INFO  handler.ContextHandler (ContextHandler.java:doStart(915)) - Started o.e.j.s.ServletContextHandler@3bee3935{logs,/logs,file:///home/runner/work/ozone/ozone/hadoop-ozone/integration-test/target/log,AVAILABLE}
2022-10-18 21:55:22,611 [Listener at 127.0.0.1/39907] INFO  handler.ContextHandler (ContextHandler.java:doStart(915)) - Started o.e.j.s.ServletContextHandler@4257255f{static,/static,file:///home/runner/work/ozone/ozone/hadoop-ozone/integration-test/target/test-classes/webapps/static,AVAILABLE}
2022-10-18 21:55:22,615 [Listener at 127.0.0.1/39907] INFO  handler.ContextHandler (ContextHandler.java:doStart(915)) - Started o.e.j.w.WebAppContext@32b72d9d{ozoneManager,/,file:///home/runner/work/ozone/ozone/hadoop-ozone/integration-test/target/test-classes/webapps/ozoneManager/,AVAILABLE}{file:/home/runner/work/ozone/ozone/hadoop-ozone/integration-test/target/test-classes/webapps/ozoneManager}
2022-10-18 21:55:22,616 [Listener at 127.0.0.1/39907] INFO  server.AbstractConnector (AbstractConnector.java:doStart(331)) - Started ServerConnector@45ca07cf{HTTP/1.1, (http/1.1)}{0.0.0.0:34983}
2022-10-18 21:55:22,618 [Listener at 127.0.0.1/39907] INFO  server.Server (Server.java:doStart(415)) - Started @5336ms
2022-10-18 21:55:22,618 [Listener at 127.0.0.1/39907] WARN  impl.MetricsSystemImpl (MetricsSystemImpl.java:register(279)) - Sink prometheus already exists!
2022-10-18 21:55:22,619 [Listener at 127.0.0.1/39907] INFO  http.BaseHttpServer (BaseHttpServer.java:updateConnectorAddress(333)) - HTTP server of ozoneManager listening at http://0.0.0.0:34983
2022-10-18 21:55:22,619 [IPC Server Responder] INFO  ipc.Server (Server.java:run(1512)) - IPC Server Responder: starting
2022-10-18 21:55:22,619 [IPC Server listener on 39907] INFO  ipc.Server (Server.java:run(1352)) - IPC Server listener on 39907: starting
2022-10-18 21:55:22,630 [Listener at 127.0.0.1/39907] INFO  om.OzoneManager (OzoneManager.java:startTrashEmptier(1919)) - Trash Interval set to 0. Files deleted won't move to trash
2022-10-18 21:55:22,631 [Listener at 127.0.0.1/39907] INFO  ozone.MiniOzoneHAClusterImpl (MiniOzoneHAClusterImpl.java:createOMService(527)) - Started OzoneManager omNode-1 RPC server at localhost/127.0.0.1:39907
2022-10-18 21:55:22,632 [Listener at 127.0.0.1/39907] INFO  ha.OMHANodeDetails (OMHANodeDetails.java:loadOMHAConfig(121)) - ServiceID for OzoneManager is om-service-test1
2022-10-18 21:55:22,633 [Listener at 127.0.0.1/39907] INFO  ha.OMHANodeDetails (OMHANodeDetails.java:loadOMHAConfig(201)) - Found matching OM address with OMServiceId: om-service-test1, OMNodeId: omNode-2, RPC Address: localhost:45943 and Ratis port: 45203
2022-10-18 21:55:22,633 [Listener at 127.0.0.1/39907] INFO  ha.OMHANodeDetails (ConfUtils.java:setNodeSpecificConfigs(97)) - Setting configuration key ozone.om.http-address with value of key ozone.om.http-address.om-service-test1.omNode-2: 127.0.0.1:33741
2022-10-18 21:55:22,633 [Listener at 127.0.0.1/39907] INFO  ha.OMHANodeDetails (ConfUtils.java:setNodeSpecificConfigs(97)) - Setting configuration key ozone.om.https-address with value of key ozone.om.https-address.om-service-test1.omNode-2: 127.0.0.1:39145
2022-10-18 21:55:22,633 [Listener at 127.0.0.1/39907] INFO  ha.OMHANodeDetails (ConfUtils.java:setNodeSpecificConfigs(97)) - Setting configuration key ozone.om.address with value of key ozone.om.address.om-service-test1.omNode-2: 127.0.0.1:45943
2022-10-18 21:55:22,633 [Listener at 127.0.0.1/39907] WARN  server.ServerUtils (ServerUtils.java:getDBPath(225)) - ozone.om.db.dirs is not configured. We recommend adding this setting. Falling back to ozone.metadata.dirs instead.
2022-10-18 21:55:22,635 [Listener at 127.0.0.1/39907] INFO  proxy.SCMBlockLocationFailoverProxyProvider (SCMBlockLocationFailoverProxyProvider.java:<init>(114)) - Created block location fail-over proxy with 1 nodes: [nodeId=scmNodeId,nodeAddress=/0.0.0.0:33361]
2022-10-18 21:55:22,631 [org.apache.hadoop.util.JvmPauseMonitor$Monitor@18a7c1f6] INFO  util.JvmPauseMonitor (JvmPauseMonitor.java:run(188)) - Starting JVM pause monitor
OM initialization succeeded.Current cluster id for sd=/home/runner/work/ozone/ozone/hadoop-ozone/integration-test/target/test-dir/MiniOzoneClusterImpl-285291dc-83a3-4c49-94f6-5e759e1760ea/omNode-2/om;cid=285291dc-83a3-4c49-94f6-5e759e1760ea;layoutVersion=3
2022-10-18 21:55:22,645 [Listener at 127.0.0.1/39907] INFO  ha.OMHANodeDetails (OMHANodeDetails.java:loadOMHAConfig(121)) - ServiceID for OzoneManager is om-service-test1
2022-10-18 21:55:22,645 [Listener at 127.0.0.1/39907] INFO  ha.OMHANodeDetails (OMHANodeDetails.java:loadOMHAConfig(201)) - Found matching OM address with OMServiceId: om-service-test1, OMNodeId: omNode-2, RPC Address: localhost:45943 and Ratis port: 45203
2022-10-18 21:55:22,645 [Listener at 127.0.0.1/39907] INFO  ha.OMHANodeDetails (ConfUtils.java:setNodeSpecificConfigs(97)) - Setting configuration key ozone.om.http-address with value of key ozone.om.http-address.om-service-test1.omNode-2: 127.0.0.1:33741
2022-10-18 21:55:22,646 [Listener at 127.0.0.1/39907] INFO  ha.OMHANodeDetails (ConfUtils.java:setNodeSpecificConfigs(97)) - Setting configuration key ozone.om.https-address with value of key ozone.om.https-address.om-service-test1.omNode-2: 127.0.0.1:39145
2022-10-18 21:55:22,646 [Listener at 127.0.0.1/39907] INFO  ha.OMHANodeDetails (ConfUtils.java:setNodeSpecificConfigs(97)) - Setting configuration key ozone.om.address with value of key ozone.om.address.om-service-test1.omNode-2: 127.0.0.1:45943
2022-10-18 21:55:22,646 [Listener at 127.0.0.1/39907] WARN  server.ServerUtils (ServerUtils.java:getDBPath(225)) - ozone.om.db.dirs is not configured. We recommend adding this setting. Falling back to ozone.metadata.dirs instead.
2022-10-18 21:55:22,646 [Listener at 127.0.0.1/39907] INFO  upgrade.AbstractLayoutVersionManager (AbstractLayoutVersionManager.java:init(83)) - Initializing Layout version manager with metadata layout = MULTITENANCY_SCHEMA (version = 3), software layout = MULTITENANCY_SCHEMA (version = 3)
2022-10-18 21:55:22,693 [Listener at 127.0.0.1/39907] INFO  reflections.Reflections (Reflections.java:scan(232)) - Reflections took 46 ms to scan 2 urls, producing 154 keys and 428 values [using 4 cores]
2022-10-18 21:55:22,694 [Listener at 127.0.0.1/39907] INFO  upgrade.OMLayoutVersionManager (OMLayoutVersionManager.java:lambda$0(115)) - Skipping Upgrade Action MockOmUpgradeAction since it has been finalized.
2022-10-18 21:55:22,694 [Listener at 127.0.0.1/39907] WARN  server.ServerUtils (ServerUtils.java:getDBPath(225)) - ozone.om.db.dirs is not configured. We recommend adding this setting. Falling back to ozone.metadata.dirs instead.
2022-10-18 21:55:22,695 [Listener at 127.0.0.1/39907] INFO  proxy.SCMBlockLocationFailoverProxyProvider (SCMBlockLocationFailoverProxyProvider.java:<init>(114)) - Created block location fail-over proxy with 1 nodes: [nodeId=scmNodeId,nodeAddress=/0.0.0.0:33361]
2022-10-18 21:55:22,697 [Listener at 127.0.0.1/39907] INFO  proxy.SCMBlockLocationFailoverProxyProvider (SCMBlockLocationFailoverProxyProvider.java:<init>(114)) - Created block location fail-over proxy with 1 nodes: [nodeId=scmNodeId,nodeAddress=/0.0.0.0:33361]
2022-10-18 21:55:22,707 [Listener at 127.0.0.1/39907] WARN  server.ServerUtils (ServerUtils.java:getDBPath(225)) - ozone.om.db.dirs is not configured. We recommend adding this setting. Falling back to ozone.metadata.dirs instead.
2022-10-18 21:55:22,707 [Listener at 127.0.0.1/39907] INFO  codec.OmKeyInfoCodec (OmKeyInfoCodec.java:<init>(49)) - OmKeyInfoCodec ignorePipeline = true
2022-10-18 21:55:22,707 [Listener at 127.0.0.1/39907] INFO  codec.RepeatedOmKeyInfoCodec (RepeatedOmKeyInfoCodec.java:<init>(41)) - RepeatedOmKeyInfoCodec ignorePipeline = true
2022-10-18 21:55:22,801 [Listener at 127.0.0.1/39907] INFO  om.OzoneManager (OzoneManager.java:instantiateServices(712)) - S3 Multi-Tenancy is disabled
2022-10-18 21:55:22,803 [Listener at 127.0.0.1/39907] INFO  om.OzoneManager (OzoneManager.java:addS3GVolumeToDB(4386)) - Created Volume s3v With Owner runner required for S3Gateway operations.
2022-10-18 21:55:22,803 [Listener at 127.0.0.1/39907] WARN  server.ServerUtils (ServerUtils.java:getDefaultRatisDirectory(237)) - Storage directory for Ratis is not configured. It is a good idea to map this to an SSD disk. Falling back to ozone.metadata.dirs
2022-10-18 21:55:22,803 [Listener at 127.0.0.1/39907] WARN  utils.OzoneManagerRatisUtils (OzoneManagerRatisUtils.java:getOMRatisSnapshotDirectory(434)) - ozone.om.ratis.snapshot.dir is not configured. Falling back to ozone.metadata.dirs config
2022-10-18 21:55:22,803 [Listener at 127.0.0.1/39907] INFO  snapshot.OzoneManagerSnapshotProvider (OzoneManagerSnapshotProvider.java:<init>(76)) - Initializing OM Snapshot Provider
2022-10-18 21:55:22,805 [Listener at 127.0.0.1/39907] WARN  impl.MetricRegistriesImpl (MetricRegistriesImpl.java:addReporterRegistration(111)) - New reporters are added after registries were created. Some metrics will be missing from the reporter. Please add reporter before adding any new registry.
2022-10-18 21:55:22,805 [Listener at 127.0.0.1/39907] WARN  impl.MetricRegistriesImpl (MetricRegistriesImpl.java:addReporterRegistration(111)) - New reporters are added after registries were created. Some metrics will be missing from the reporter. Please add reporter before adding any new registry.
2022-10-18 21:55:22,805 [Listener at 127.0.0.1/39907] WARN  server.ServerUtils (ServerUtils.java:getDefaultRatisDirectory(237)) - Storage directory for Ratis is not configured. It is a good idea to map this to an SSD disk. Falling back to ozone.metadata.dirs
2022-10-18 21:55:22,807 [Listener at 127.0.0.1/39907] INFO  ratis.OzoneManagerRatisServer (OzoneManagerRatisServer.java:<init>(160)) - Instantiating OM Ratis server with groupID: om-service-test1 and peers: localhost:45203, localhost:38017, localhost:35389
2022-10-18 21:55:22,807 [Listener at 127.0.0.1/39907] INFO  ratis.OzoneManagerStateMachine (OzoneManagerStateMachine.java:loadSnapshotInfoFromDB(632)) - LastAppliedIndex is set from TransactionInfo from OM DB as (t:0, i:~)
2022-10-18 21:55:22,807 [Listener at 127.0.0.1/39907] INFO  server.RaftServer (ConfUtils.java:logGet(46)) - raft.rpc.type = GRPC (default)
2022-10-18 21:55:22,808 [Listener at 127.0.0.1/39907] INFO  grpc.GrpcFactory (GrpcFactory.java:checkPooledByteBufAllocatorUseCacheForAllThreads(48)) - PERFORMANCE WARNING: useCacheForAllThreads is true that may cause Netty to create a lot garbage objects and, as a result, trigger GC.
	It is recommended to disable useCacheForAllThreads by setting -Dorg.apache.ratis.thirdparty.io.netty.allocator.useCacheForAllThreads=false in command line.
2022-10-18 21:55:22,808 [Listener at 127.0.0.1/39907] INFO  grpc.GrpcConfigKeys (ConfUtils.java:logGet(46)) - raft.grpc.admin.port = -1 (default)
2022-10-18 21:55:22,808 [Listener at 127.0.0.1/39907] INFO  grpc.GrpcConfigKeys (ConfUtils.java:logGet(46)) - raft.grpc.server.port = 45203 (custom)
2022-10-18 21:55:22,808 [Listener at 127.0.0.1/39907] INFO  grpc.GrpcConfigKeys (ConfUtils.java:logGet(46)) - raft.grpc.client.port = -1 (default)
2022-10-18 21:55:22,808 [Listener at 127.0.0.1/39907] INFO  grpc.GrpcConfigKeys (ConfUtils.java:logGet(46)) - raft.grpc.server.port = 45203 (custom)
2022-10-18 21:55:22,808 [Listener at 127.0.0.1/39907] INFO  grpc.GrpcConfigKeys (ConfUtils.java:logGet(46)) - raft.grpc.server.port = 45203 (custom)
2022-10-18 21:55:22,809 [Listener at 127.0.0.1/39907] INFO  server.GrpcService (ConfUtils.java:logGet(46)) - raft.grpc.message.size.max = 33554432 (custom)
2022-10-18 21:55:22,809 [Listener at 127.0.0.1/39907] INFO  server.RaftServerConfigKeys (ConfUtils.java:logGet(46)) - raft.server.log.appender.buffer.byte-limit = 33554432 (custom)
2022-10-18 21:55:22,809 [Listener at 127.0.0.1/39907] INFO  server.GrpcService (ConfUtils.java:logGet(46)) - raft.grpc.flow.control.window = 1MB (=1048576) (default)
2022-10-18 21:55:22,809 [Listener at 127.0.0.1/39907] INFO  server.RaftServerConfigKeys (ConfUtils.java:logGet(46)) - raft.server.rpc.request.timeout = 3000ms (default)
2022-10-18 21:55:22,809 [Listener at 127.0.0.1/39907] INFO  grpc.GrpcConfigKeys (ConfUtils.java:logGet(46)) - raft.grpc.server.async.request.thread.pool.cached = true (default)
2022-10-18 21:55:22,809 [Listener at 127.0.0.1/39907] INFO  grpc.GrpcConfigKeys (ConfUtils.java:logGet(46)) - raft.grpc.server.async.request.thread.pool.size = 32 (default)
2022-10-18 21:55:22,811 [Listener at 127.0.0.1/39907] INFO  impl.DataStreamServerImpl (ConfUtils.java:logGet(46)) - raft.datastream.type = DISABLED (default)
2022-10-18 21:55:22,811 [Listener at 127.0.0.1/39907] INFO  server.RaftServerConfigKeys (ConfUtils.java:logGet(46)) - raft.server.threadpool.proxy.cached = true (default)
2022-10-18 21:55:22,811 [Listener at 127.0.0.1/39907] INFO  server.RaftServerConfigKeys (ConfUtils.java:logGet(46)) - raft.server.threadpool.proxy.size = 0 (default)
2022-10-18 21:55:22,811 [Listener at 127.0.0.1/39907] INFO  server.RaftServerConfigKeys (ConfUtils.java:logGet(46)) - raft.server.rpc.slowness.timeout = 2s (custom)
2022-10-18 21:55:22,811 [Listener at 127.0.0.1/39907] INFO  server.RaftServerConfigKeys (ConfUtils.java:logGet(46)) - raft.server.leaderelection.leader.step-down.wait-time = 10s (default)
2022-10-18 21:55:22,811 [Listener at 127.0.0.1/39907] INFO  server.RaftServerConfigKeys (ConfUtils.java:logGet(46)) - raft.server.storage.dir = [/home/runner/work/ozone/ozone/hadoop-ozone/integration-test/target/test-dir/MiniOzoneClusterImpl-285291dc-83a3-4c49-94f6-5e759e1760ea/omNode-2/ratis] (custom)
2022-10-18 21:55:22,812 [Listener at 127.0.0.1/39907] INFO  server.RaftServer (RaftServerProxy.java:addNew(96)) - omNode-2: addNew group-523986131536:[omNode-3|rpc:localhost:38017|priority:0, omNode-1|rpc:localhost:35389|priority:0, omNode-2|rpc:localhost:45203|priority:0] returns group-523986131536:java.util.concurrent.CompletableFuture@48d60abd[Not completed]
2022-10-18 21:55:22,812 [pool-82-thread-1] INFO  server.RaftServer$Division (RaftServerImpl.java:<init>(190)) - omNode-2: new RaftServerImpl for group-523986131536:[omNode-3|rpc:localhost:38017|priority:0, omNode-1|rpc:localhost:35389|priority:0, omNode-2|rpc:localhost:45203|priority:0] with OzoneManagerStateMachine:uninitialized
2022-10-18 21:55:22,812 [Listener at 127.0.0.1/39907] INFO  om.OzoneManager (OzoneManager.java:initializeRatisServer(1975)) - OzoneManager Ratis server initialized at port 45203
2022-10-18 21:55:22,812 [pool-82-thread-1] INFO  server.RaftServerConfigKeys (ConfUtils.java:logGet(46)) - raft.server.rpc.timeout.min = 1s (custom)
2022-10-18 21:55:22,813 [pool-82-thread-1] INFO  server.RaftServerConfigKeys (ConfUtils.java:logGet(46)) - raft.server.rpc.timeout.max = 1200ms (custom)
2022-10-18 21:55:22,813 [pool-82-thread-1] INFO  server.RaftServerConfigKeys (ConfUtils.java:logGet(46)) - raft.server.rpc.sleep.time = 25ms (default)
2022-10-18 21:55:22,813 [pool-82-thread-1] INFO  server.RaftServerConfigKeys (ConfUtils.java:logGet(46)) - raft.server.rpc.slowness.timeout = 2s (custom)
2022-10-18 21:55:22,813 [pool-82-thread-1] INFO  server.RaftServerConfigKeys (ConfUtils.java:logGet(46)) - raft.server.leaderelection.leader.step-down.wait-time = 10s (default)
2022-10-18 21:55:22,813 [pool-82-thread-1] INFO  server.RaftServerConfigKeys (ConfUtils.java:logGet(46)) - raft.server.sleep.deviation.threshold = 300ms (default)
2022-10-18 21:55:22,813 [pool-82-thread-1] INFO  server.RaftServer$Division (ServerState.java:<init>(107)) - omNode-2@group-523986131536: ConfigurationManager, init=-1: [omNode-3|rpc:localhost:38017|priority:0, omNode-1|rpc:localhost:35389|priority:0, omNode-2|rpc:localhost:45203|priority:0], old=null, confs=<EMPTY_MAP>
2022-10-18 21:55:22,814 [Listener at 127.0.0.1/39907] INFO  om.OzoneManager (OzoneManager.java:getRpcServer(1101)) - Creating RPC Server
2022-10-18 21:55:22,816 [pool-82-thread-1] INFO  server.RaftServerConfigKeys (ConfUtils.java:logGet(46)) - raft.server.storage.dir = [/home/runner/work/ozone/ozone/hadoop-ozone/integration-test/target/test-dir/MiniOzoneClusterImpl-285291dc-83a3-4c49-94f6-5e759e1760ea/omNode-2/ratis] (custom)
2022-10-18 21:55:22,816 [pool-82-thread-1] INFO  server.RaftServerConfigKeys (ConfUtils.java:logGet(46)) - raft.server.log.corruption.policy = EXCEPTION (default)
2022-10-18 21:55:22,816 [pool-82-thread-1] INFO  server.RaftServerConfigKeys (ConfUtils.java:logGet(46)) - raft.server.storage.free-space.min = 0MB (=0) (default)
2022-10-18 21:55:22,816 [pool-82-thread-1] INFO  storage.RaftStorageDirectory (RaftStorageDirectoryImpl.java:analyzeStorage(135)) - The storage directory /home/runner/work/ozone/ozone/hadoop-ozone/integration-test/target/test-dir/MiniOzoneClusterImpl-285291dc-83a3-4c49-94f6-5e759e1760ea/omNode-2/ratis/c9bc4cf4-3bc3-3c60-a66b-523986131536 does not exist. Creating ...
2022-10-18 21:55:22,818 [pool-82-thread-1] INFO  storage.RaftStorageDirectory (RaftStorageDirectoryImpl.java:tryLock(230)) - Lock on /home/runner/work/ozone/ozone/hadoop-ozone/integration-test/target/test-dir/MiniOzoneClusterImpl-285291dc-83a3-4c49-94f6-5e759e1760ea/omNode-2/ratis/c9bc4cf4-3bc3-3c60-a66b-523986131536/in_use.lock acquired by nodename 38880@fv-az368-376
2022-10-18 21:55:22,819 [pool-82-thread-1] INFO  storage.RaftStorage (RaftStorageImpl.java:format(89)) - Storage directory /home/runner/work/ozone/ozone/hadoop-ozone/integration-test/target/test-dir/MiniOzoneClusterImpl-285291dc-83a3-4c49-94f6-5e759e1760ea/omNode-2/ratis/c9bc4cf4-3bc3-3c60-a66b-523986131536 has been successfully formatted.
2022-10-18 21:55:22,825 [pool-82-thread-1] INFO  server.RaftServerConfigKeys (ConfUtils.java:logGet(46)) - raft.server.notification.no-leader.timeout = 2s (custom)
2022-10-18 21:55:22,825 [pool-82-thread-1] INFO  server.RaftServerConfigKeys (ConfUtils.java:logGet(46)) - raft.server.log.use.memory = false (default)
2022-10-18 21:55:22,825 [pool-82-thread-1] INFO  server.RaftServerConfigKeys (ConfUtils.java:logGet(46)) - raft.server.log.purge.gap = 50 (custom)
2022-10-18 21:55:22,825 [pool-82-thread-1] INFO  server.RaftServerConfigKeys (ConfUtils.java:logGet(46)) - raft.server.log.appender.buffer.byte-limit = 33554432 (custom)
2022-10-18 21:55:22,826 [pool-82-thread-1] INFO  server.RaftServerConfigKeys (ConfUtils.java:logGet(46)) - raft.server.log.statemachine.data.read.timeout = 1000ms (default)
2022-10-18 21:55:22,826 [pool-82-thread-1] INFO  server.RaftServerConfigKeys (ConfUtils.java:logGet(46)) - raft.server.log.segment.size.max = 4194304 (custom)
2022-10-18 21:55:22,826 [pool-82-thread-1] INFO  server.RaftServerConfigKeys (ConfUtils.java:logGet(46)) - raft.server.log.segment.cache.num.max = 2 (custom)
2022-10-18 21:55:22,826 [pool-82-thread-1] INFO  server.RaftServerConfigKeys (ConfUtils.java:logGet(46)) - raft.server.log.segment.cache.size.max = 200MB (=209715200) (default)
2022-10-18 21:55:22,827 [pool-82-thread-1] INFO  segmented.SegmentedRaftLogWorker (SegmentedRaftLogWorker.java:<init>(187)) - new omNode-2@group-523986131536-SegmentedRaftLogWorker for RaftStorageImpl:Storage Directory /home/runner/work/ozone/ozone/hadoop-ozone/integration-test/target/test-dir/MiniOzoneClusterImpl-285291dc-83a3-4c49-94f6-5e759e1760ea/omNode-2/ratis/c9bc4cf4-3bc3-3c60-a66b-523986131536
2022-10-18 21:55:22,833 [pool-82-thread-1] INFO  server.RaftServerConfigKeys (ConfUtils.java:logGet(46)) - raft.server.log.queue.byte-limit = 64MB (=67108864) (default)
2022-10-18 21:55:22,833 [pool-82-thread-1] INFO  server.RaftServerConfigKeys (ConfUtils.java:logGet(46)) - raft.server.log.queue.element-limit = 4096 (default)
2022-10-18 21:55:22,833 [pool-82-thread-1] INFO  server.RaftServerConfigKeys (ConfUtils.java:logGet(46)) - raft.server.log.segment.size.max = 4194304 (custom)
2022-10-18 21:55:22,833 [pool-82-thread-1] INFO  server.RaftServerConfigKeys (ConfUtils.java:logGet(46)) - raft.server.log.preallocated.size = 4194304 (custom)
2022-10-18 21:55:22,833 [pool-82-thread-1] INFO  server.RaftServerConfigKeys (ConfUtils.java:logGet(46)) - raft.server.log.force.sync.num = 128 (default)
2022-10-18 21:55:22,834 [pool-82-thread-1] INFO  server.RaftServerConfigKeys (ConfUtils.java:logGet(46)) - raft.server.log.statemachine.data.sync = true (default)
2022-10-18 21:55:22,834 [pool-82-thread-1] INFO  server.RaftServerConfigKeys (ConfUtils.java:logGet(46)) - raft.server.log.statemachine.data.sync.timeout = 10s (default)
2022-10-18 21:55:22,834 [pool-82-thread-1] INFO  server.RaftServerConfigKeys (ConfUtils.java:logGet(46)) - raft.server.log.statemachine.data.sync.timeout.retry = -1 (default)
2022-10-18 21:55:22,835 [pool-82-thread-1] INFO  server.RaftServerConfigKeys (ConfUtils.java:logGet(46)) - raft.server.log.write.buffer.size = 64KB (=65536) (default)
2022-10-18 21:55:22,835 [pool-82-thread-1] INFO  server.RaftServerConfigKeys (ConfUtils.java:logGet(46)) - raft.server.log.unsafe-flush.enabled = false (default)
2022-10-18 21:55:22,835 [pool-82-thread-1] INFO  server.RaftServerConfigKeys (ConfUtils.java:logGet(46)) - raft.server.log.statemachine.data.caching.enabled = false (default)
2022-10-18 21:55:22,835 [pool-82-thread-1] INFO  segmented.SegmentedRaftLogWorker (SegmentedRaftLogWorker.java:lambda$new$0(135)) - omNode-2@group-523986131536-SegmentedRaftLogWorker: flushIndex: setUnconditionally 0 -> -1
2022-10-18 21:55:22,835 [pool-82-thread-1] INFO  segmented.SegmentedRaftLogWorker (SegmentedRaftLogWorker.java:lambda$new$0(135)) - omNode-2@group-523986131536-SegmentedRaftLogWorker: safeCacheEvictIndex: setUnconditionally 0 -> -1
2022-10-18 21:55:22,840 [pool-82-thread-1] INFO  server.RaftServerConfigKeys (ConfUtils.java:logGet(46)) - raft.server.snapshot.auto.trigger.enabled = true (custom)
2022-10-18 21:55:22,841 [pool-82-thread-1] INFO  server.RaftServerConfigKeys (ConfUtils.java:logGet(46)) - raft.server.snapshot.auto.trigger.threshold = 50 (custom)
2022-10-18 21:55:22,841 [pool-82-thread-1] INFO  server.RaftServerConfigKeys (ConfUtils.java:logGet(46)) - raft.server.snapshot.retention.file.num = -1 (default)
2022-10-18 21:55:22,841 [pool-82-thread-1] INFO  server.RaftServerConfigKeys (ConfUtils.java:logGet(46)) - raft.server.log.purge.upto.snapshot.index = true (custom)
2022-10-18 21:55:22,841 [pool-82-thread-1] INFO  server.RaftServerConfigKeys (ConfUtils.java:logGet(46)) - raft.server.retrycache.expirytime = 30000ms (custom)
2022-10-18 21:55:22,841 [pool-82-thread-1] INFO  server.RaftServerConfigKeys (ConfUtils.java:logGet(46)) - raft.server.retrycache.statistics.expirytime = 100μs (default)
2022-10-18 21:55:22,842 [pool-82-thread-1] INFO  server.RaftServerConfigKeys (ConfUtils.java:logGet(46)) - raft.server.log.appender.install.snapshot.enabled = false (custom)
2022-10-18 21:55:22,842 [pool-82-thread-1] INFO  server.RaftServerConfigKeys (ConfUtils.java:logGet(46)) - raft.server.threadpool.server.cached = true (default)
2022-10-18 21:55:22,843 [pool-82-thread-1] INFO  server.RaftServerConfigKeys (ConfUtils.java:logGet(46)) - raft.server.threadpool.server.size = 0 (default)
2022-10-18 21:55:22,843 [pool-82-thread-1] INFO  server.RaftServerConfigKeys (ConfUtils.java:logGet(46)) - raft.server.threadpool.client.cached = true (default)
2022-10-18 21:55:22,843 [pool-82-thread-1] INFO  server.RaftServerConfigKeys (ConfUtils.java:logGet(46)) - raft.server.threadpool.client.size = 0 (default)
2022-10-18 21:55:23,067 [Listener at 127.0.0.1/39907] INFO  reflections.Reflections (Reflections.java:scan(232)) - Reflections took 250 ms to scan 19 urls, producing 67 keys and 4244 values [using 4 cores]
2022-10-18 21:55:23,069 [Listener at 127.0.0.1/39907] INFO  ipc.CallQueueManager (CallQueueManager.java:<init>(90)) - Using callQueue: class java.util.concurrent.LinkedBlockingQueue, queueCapacity: 2000, scheduler: class org.apache.hadoop.ipc.DefaultRpcScheduler, ipcBackoff: false.
2022-10-18 21:55:23,070 [Socket Reader #1 for port 45943] INFO  ipc.Server (Server.java:run(1273)) - Starting Socket Reader #1 for port 45943
2022-10-18 21:55:23,123 [Listener at 127.0.0.1/45943] INFO  impl.MetricsSystemImpl (MetricsSystemImpl.java:init(158)) - OzoneManager metrics system started (again)
2022-10-18 21:55:23,135 [Listener at 127.0.0.1/45943] INFO  om.OzoneManager (OzoneManager.java:start(1482)) - OzoneManager RPC server is listening at localhost/127.0.0.1:45943
2022-10-18 21:55:23,135 [Listener at 127.0.0.1/45943] INFO  ratis.OzoneManagerRatisServer (OzoneManagerRatisServer.java:start(555)) - Starting OzoneManagerRatisServer omNode-2 at port 45203
2022-10-18 21:55:23,135 [omNode-2-impl-thread1] INFO  server.RaftServer$Division (RaftServerImpl.java:start(310)) - omNode-2@group-523986131536: start as a follower, conf=-1: [omNode-3|rpc:localhost:38017|priority:0, omNode-1|rpc:localhost:35389|priority:0, omNode-2|rpc:localhost:45203|priority:0], old=null
2022-10-18 21:55:23,135 [omNode-2-impl-thread1] INFO  server.RaftServer$Division (RaftServerImpl.java:setRole(299)) - omNode-2@group-523986131536: changes role from      null to FOLLOWER at term 0 for startAsFollower
2022-10-18 21:55:23,135 [omNode-2-impl-thread1] INFO  impl.RoleInfo (RoleInfo.java:updateAndGet(139)) - omNode-2: start omNode-2@group-523986131536-FollowerState
2022-10-18 21:55:23,136 [omNode-2-impl-thread1] INFO  util.JmxRegister (JmxRegister.java:tryRegister(44)) - Successfully registered JMX Bean with object name Ratis:service=RaftServer,group=group-523986131536,id=omNode-2
2022-10-18 21:55:23,137 [Listener at 127.0.0.1/45943] INFO  server.RaftServer (RaftServerProxy.java:lambda$start$6(382)) - omNode-2: start RPC server
2022-10-18 21:55:23,138 [Listener at 127.0.0.1/45943] INFO  server.GrpcService (GrpcService.java:startImpl(260)) - omNode-2: GrpcService started, listening on 45203
2022-10-18 21:55:23,139 [org.apache.ratis.util.JvmPauseMonitor$$Lambda$703/854163851@2441e2d3] INFO  util.JvmPauseMonitor (JvmPauseMonitor.java:run(103)) - JvmPauseMonitor-omNode-2: Started
2022-10-18 21:55:23,139 [Listener at 127.0.0.1/45943] INFO  om.OzoneManager (OzoneManager.java:start(1498)) - Version File has different layout version (3) than OM DB (null). That is expected if this OM has never been finalized to a newer layout version.
2022-10-18 21:55:23,141 [Listener at 127.0.0.1/45943] INFO  http.BaseHttpServer (BaseHttpServer.java:newHttpServer2BuilderForOzone(213)) - Starting Web-server for ozoneManager at: http://0.0.0.0:33741
2022-10-18 21:55:23,141 [Listener at 127.0.0.1/45943] INFO  http.BaseHttpServer (BaseHttpServer.java:<init>(108)) - Hadoop Security Enabled: false Ozone Security Enabled: false Ozone HTTP Security Enabled: false 
2022-10-18 21:55:23,142 [Listener at 127.0.0.1/45943] WARN  server.AuthenticationFilter (AuthenticationFilter.java:constructSecretProvider(240)) - Unable to initialize FileSignerSecretProvider, falling back to use random secrets. Reason: Could not read signature secret file: /home/runner/hadoop-http-auth-signature-secret
2022-10-18 21:55:23,143 [Listener at 127.0.0.1/45943] WARN  http.HttpRequestLog (HttpRequestLog.java:getRequestLog(103)) - Jetty request log can only be enabled using Log4j
2022-10-18 21:55:23,145 [Listener at 127.0.0.1/45943] INFO  http.HttpServer2 (HttpServer2.java:addGlobalFilter(1031)) - Added global filter 'safety' (class=org.apache.hadoop.hdds.server.http.HttpServer2$QuotingInputFilter)
2022-10-18 21:55:23,146 [Listener at 127.0.0.1/45943] INFO  http.HttpServer2 (HttpServer2.java:addFilter(1007)) - Added filter static_user_filter (class=org.apache.hadoop.http.lib.StaticUserWebFilter$StaticUserFilter) to context ozoneManager
2022-10-18 21:55:23,146 [Listener at 127.0.0.1/45943] INFO  http.HttpServer2 (HttpServer2.java:addFilter(1015)) - Added filter static_user_filter (class=org.apache.hadoop.http.lib.StaticUserWebFilter$StaticUserFilter) to context static
2022-10-18 21:55:23,146 [Listener at 127.0.0.1/45943] INFO  http.HttpServer2 (HttpServer2.java:addFilter(1015)) - Added filter static_user_filter (class=org.apache.hadoop.http.lib.StaticUserWebFilter$StaticUserFilter) to context logs
2022-10-18 21:55:23,147 [Listener at 127.0.0.1/45943] INFO  http.HttpServer2 (HttpServer2.java:bindListener(1250)) - Jetty bound to port 33741
2022-10-18 21:55:23,147 [Listener at 127.0.0.1/45943] INFO  server.Server (Server.java:doStart(375)) - jetty-9.4.43.v20210629; built: 2021-06-30T11:07:22.254Z; git: 526006ecfa3af7f1a27ef3a288e2bef7ea9dd7e8; jvm 1.8.0_345-b01
2022-10-18 21:55:23,153 [Listener at 127.0.0.1/45943] INFO  server.session (DefaultSessionIdManager.java:doStart(334)) - DefaultSessionIdManager workerName=node0
2022-10-18 21:55:23,153 [Listener at 127.0.0.1/45943] INFO  server.session (DefaultSessionIdManager.java:doStart(339)) - No SessionScavenger set, using defaults
2022-10-18 21:55:23,154 [Listener at 127.0.0.1/45943] INFO  server.session (HouseKeeper.java:startScavenging(132)) - node0 Scavenging every 600000ms
2022-10-18 21:55:23,154 [Listener at 127.0.0.1/45943] INFO  handler.ContextHandler (ContextHandler.java:doStart(915)) - Started o.e.j.s.ServletContextHandler@74d9afea{logs,/logs,file:///home/runner/work/ozone/ozone/hadoop-ozone/integration-test/target/log,AVAILABLE}
2022-10-18 21:55:23,155 [Listener at 127.0.0.1/45943] INFO  handler.ContextHandler (ContextHandler.java:doStart(915)) - Started o.e.j.s.ServletContextHandler@4d256e0{static,/static,file:///home/runner/work/ozone/ozone/hadoop-ozone/integration-test/target/test-classes/webapps/static,AVAILABLE}
2022-10-18 21:55:23,159 [Listener at 127.0.0.1/45943] INFO  handler.ContextHandler (ContextHandler.java:doStart(915)) - Started o.e.j.w.WebAppContext@39e79429{ozoneManager,/,file:///home/runner/work/ozone/ozone/hadoop-ozone/integration-test/target/test-classes/webapps/ozoneManager/,AVAILABLE}{file:/home/runner/work/ozone/ozone/hadoop-ozone/integration-test/target/test-classes/webapps/ozoneManager}
2022-10-18 21:55:23,160 [Listener at 127.0.0.1/45943] INFO  server.AbstractConnector (AbstractConnector.java:doStart(331)) - Started ServerConnector@236e2729{HTTP/1.1, (http/1.1)}{0.0.0.0:33741}
2022-10-18 21:55:23,160 [Listener at 127.0.0.1/45943] INFO  server.Server (Server.java:doStart(415)) - Started @5878ms
2022-10-18 21:55:23,160 [Listener at 127.0.0.1/45943] WARN  impl.MetricsSystemImpl (MetricsSystemImpl.java:register(279)) - Sink prometheus already exists!
2022-10-18 21:55:23,161 [Listener at 127.0.0.1/45943] INFO  http.BaseHttpServer (BaseHttpServer.java:updateConnectorAddress(333)) - HTTP server of ozoneManager listening at http://0.0.0.0:33741
2022-10-18 21:55:23,161 [IPC Server Responder] INFO  ipc.Server (Server.java:run(1512)) - IPC Server Responder: starting
2022-10-18 21:55:23,162 [IPC Server listener on 45943] INFO  ipc.Server (Server.java:run(1352)) - IPC Server listener on 45943: starting
2022-10-18 21:55:23,167 [Listener at 127.0.0.1/45943] INFO  om.OzoneManager (OzoneManager.java:startTrashEmptier(1919)) - Trash Interval set to 0. Files deleted won't move to trash
2022-10-18 21:55:23,167 [Listener at 127.0.0.1/45943] INFO  ozone.MiniOzoneHAClusterImpl (MiniOzoneHAClusterImpl.java:createOMService(527)) - Started OzoneManager omNode-2 RPC server at localhost/127.0.0.1:45943
2022-10-18 21:55:23,167 [org.apache.hadoop.util.JvmPauseMonitor$Monitor@6afa82fe] INFO  util.JvmPauseMonitor (JvmPauseMonitor.java:run(188)) - Starting JVM pause monitor
2022-10-18 21:55:23,168 [Listener at 127.0.0.1/45943] INFO  ha.OMHANodeDetails (OMHANodeDetails.java:loadOMHAConfig(121)) - ServiceID for OzoneManager is om-service-test1
2022-10-18 21:55:23,168 [Listener at 127.0.0.1/45943] INFO  ha.OMHANodeDetails (OMHANodeDetails.java:loadOMHAConfig(201)) - Found matching OM address with OMServiceId: om-service-test1, OMNodeId: omNode-3, RPC Address: localhost:43229 and Ratis port: 38017
2022-10-18 21:55:23,169 [Listener at 127.0.0.1/45943] INFO  ha.OMHANodeDetails (ConfUtils.java:setNodeSpecificConfigs(97)) - Setting configuration key ozone.om.http-address with value of key ozone.om.http-address.om-service-test1.omNode-3: 127.0.0.1:35093
2022-10-18 21:55:23,169 [Listener at 127.0.0.1/45943] INFO  ha.OMHANodeDetails (ConfUtils.java:setNodeSpecificConfigs(97)) - Setting configuration key ozone.om.https-address with value of key ozone.om.https-address.om-service-test1.omNode-3: 127.0.0.1:33931
2022-10-18 21:55:23,169 [Listener at 127.0.0.1/45943] INFO  ha.OMHANodeDetails (ConfUtils.java:setNodeSpecificConfigs(97)) - Setting configuration key ozone.om.address with value of key ozone.om.address.om-service-test1.omNode-3: 127.0.0.1:43229
2022-10-18 21:55:23,169 [Listener at 127.0.0.1/45943] WARN  server.ServerUtils (ServerUtils.java:getDBPath(225)) - ozone.om.db.dirs is not configured. We recommend adding this setting. Falling back to ozone.metadata.dirs instead.
2022-10-18 21:55:23,171 [Listener at 127.0.0.1/45943] INFO  proxy.SCMBlockLocationFailoverProxyProvider (SCMBlockLocationFailoverProxyProvider.java:<init>(114)) - Created block location fail-over proxy with 1 nodes: [nodeId=scmNodeId,nodeAddress=/0.0.0.0:33361]
OM initialization succeeded.Current cluster id for sd=/home/runner/work/ozone/ozone/hadoop-ozone/integration-test/target/test-dir/MiniOzoneClusterImpl-285291dc-83a3-4c49-94f6-5e759e1760ea/omNode-3/om;cid=285291dc-83a3-4c49-94f6-5e759e1760ea;layoutVersion=3
2022-10-18 21:55:23,175 [Listener at 127.0.0.1/45943] INFO  ha.OMHANodeDetails (OMHANodeDetails.java:loadOMHAConfig(121)) - ServiceID for OzoneManager is om-service-test1
2022-10-18 21:55:23,176 [Listener at 127.0.0.1/45943] INFO  ha.OMHANodeDetails (OMHANodeDetails.java:loadOMHAConfig(201)) - Found matching OM address with OMServiceId: om-service-test1, OMNodeId: omNode-3, RPC Address: localhost:43229 and Ratis port: 38017
2022-10-18 21:55:23,176 [Listener at 127.0.0.1/45943] INFO  ha.OMHANodeDetails (ConfUtils.java:setNodeSpecificConfigs(97)) - Setting configuration key ozone.om.http-address with value of key ozone.om.http-address.om-service-test1.omNode-3: 127.0.0.1:35093
2022-10-18 21:55:23,176 [Listener at 127.0.0.1/45943] INFO  ha.OMHANodeDetails (ConfUtils.java:setNodeSpecificConfigs(97)) - Setting configuration key ozone.om.https-address with value of key ozone.om.https-address.om-service-test1.omNode-3: 127.0.0.1:33931
2022-10-18 21:55:23,176 [Listener at 127.0.0.1/45943] INFO  ha.OMHANodeDetails (ConfUtils.java:setNodeSpecificConfigs(97)) - Setting configuration key ozone.om.address with value of key ozone.om.address.om-service-test1.omNode-3: 127.0.0.1:43229
2022-10-18 21:55:23,176 [Listener at 127.0.0.1/45943] WARN  server.ServerUtils (ServerUtils.java:getDBPath(225)) - ozone.om.db.dirs is not configured. We recommend adding this setting. Falling back to ozone.metadata.dirs instead.
2022-10-18 21:55:23,177 [Listener at 127.0.0.1/45943] INFO  upgrade.AbstractLayoutVersionManager (AbstractLayoutVersionManager.java:init(83)) - Initializing Layout version manager with metadata layout = MULTITENANCY_SCHEMA (version = 3), software layout = MULTITENANCY_SCHEMA (version = 3)
2022-10-18 21:55:23,227 [Listener at 127.0.0.1/45943] INFO  reflections.Reflections (Reflections.java:scan(232)) - Reflections took 48 ms to scan 2 urls, producing 154 keys and 428 values [using 4 cores]
2022-10-18 21:55:23,227 [Listener at 127.0.0.1/45943] INFO  upgrade.OMLayoutVersionManager (OMLayoutVersionManager.java:lambda$0(115)) - Skipping Upgrade Action MockOmUpgradeAction since it has been finalized.
2022-10-18 21:55:23,228 [Listener at 127.0.0.1/45943] WARN  server.ServerUtils (ServerUtils.java:getDBPath(225)) - ozone.om.db.dirs is not configured. We recommend adding this setting. Falling back to ozone.metadata.dirs instead.
2022-10-18 21:55:23,228 [Listener at 127.0.0.1/45943] INFO  proxy.SCMBlockLocationFailoverProxyProvider (SCMBlockLocationFailoverProxyProvider.java:<init>(114)) - Created block location fail-over proxy with 1 nodes: [nodeId=scmNodeId,nodeAddress=/0.0.0.0:33361]
2022-10-18 21:55:23,230 [Listener at 127.0.0.1/45943] INFO  proxy.SCMBlockLocationFailoverProxyProvider (SCMBlockLocationFailoverProxyProvider.java:<init>(114)) - Created block location fail-over proxy with 1 nodes: [nodeId=scmNodeId,nodeAddress=/0.0.0.0:33361]
2022-10-18 21:55:23,235 [Listener at 127.0.0.1/45943] WARN  server.ServerUtils (ServerUtils.java:getDBPath(225)) - ozone.om.db.dirs is not configured. We recommend adding this setting. Falling back to ozone.metadata.dirs instead.
2022-10-18 21:55:23,235 [Listener at 127.0.0.1/45943] INFO  codec.OmKeyInfoCodec (OmKeyInfoCodec.java:<init>(49)) - OmKeyInfoCodec ignorePipeline = true
2022-10-18 21:55:23,235 [Listener at 127.0.0.1/45943] INFO  codec.RepeatedOmKeyInfoCodec (RepeatedOmKeyInfoCodec.java:<init>(41)) - RepeatedOmKeyInfoCodec ignorePipeline = true
2022-10-18 21:55:23,343 [Listener at 127.0.0.1/45943] INFO  om.OzoneManager (OzoneManager.java:instantiateServices(712)) - S3 Multi-Tenancy is disabled
2022-10-18 21:55:23,344 [Listener at 127.0.0.1/45943] INFO  om.OzoneManager (OzoneManager.java:addS3GVolumeToDB(4386)) - Created Volume s3v With Owner runner required for S3Gateway operations.
2022-10-18 21:55:23,345 [Listener at 127.0.0.1/45943] WARN  server.ServerUtils (ServerUtils.java:getDefaultRatisDirectory(237)) - Storage directory for Ratis is not configured. It is a good idea to map this to an SSD disk. Falling back to ozone.metadata.dirs
2022-10-18 21:55:23,345 [Listener at 127.0.0.1/45943] WARN  utils.OzoneManagerRatisUtils (OzoneManagerRatisUtils.java:getOMRatisSnapshotDirectory(434)) - ozone.om.ratis.snapshot.dir is not configured. Falling back to ozone.metadata.dirs config
2022-10-18 21:55:23,345 [Listener at 127.0.0.1/45943] INFO  snapshot.OzoneManagerSnapshotProvider (OzoneManagerSnapshotProvider.java:<init>(76)) - Initializing OM Snapshot Provider
2022-10-18 21:55:23,346 [Listener at 127.0.0.1/45943] WARN  impl.MetricRegistriesImpl (MetricRegistriesImpl.java:addReporterRegistration(111)) - New reporters are added after registries were created. Some metrics will be missing from the reporter. Please add reporter before adding any new registry.
2022-10-18 21:55:23,347 [Listener at 127.0.0.1/45943] WARN  impl.MetricRegistriesImpl (MetricRegistriesImpl.java:addReporterRegistration(111)) - New reporters are added after registries were created. Some metrics will be missing from the reporter. Please add reporter before adding any new registry.
2022-10-18 21:55:23,347 [Listener at 127.0.0.1/45943] WARN  server.ServerUtils (ServerUtils.java:getDefaultRatisDirectory(237)) - Storage directory for Ratis is not configured. It is a good idea to map this to an SSD disk. Falling back to ozone.metadata.dirs
2022-10-18 21:55:23,348 [Listener at 127.0.0.1/45943] INFO  ratis.OzoneManagerRatisServer (OzoneManagerRatisServer.java:<init>(160)) - Instantiating OM Ratis server with groupID: om-service-test1 and peers: localhost:38017, localhost:35389, localhost:45203
2022-10-18 21:55:23,348 [Listener at 127.0.0.1/45943] INFO  ratis.OzoneManagerStateMachine (OzoneManagerStateMachine.java:loadSnapshotInfoFromDB(632)) - LastAppliedIndex is set from TransactionInfo from OM DB as (t:0, i:~)
2022-10-18 21:55:23,349 [Listener at 127.0.0.1/45943] INFO  server.RaftServer (ConfUtils.java:logGet(46)) - raft.rpc.type = GRPC (default)
2022-10-18 21:55:23,349 [Listener at 127.0.0.1/45943] INFO  grpc.GrpcFactory (GrpcFactory.java:checkPooledByteBufAllocatorUseCacheForAllThreads(48)) - PERFORMANCE WARNING: useCacheForAllThreads is true that may cause Netty to create a lot garbage objects and, as a result, trigger GC.
	It is recommended to disable useCacheForAllThreads by setting -Dorg.apache.ratis.thirdparty.io.netty.allocator.useCacheForAllThreads=false in command line.
2022-10-18 21:55:23,349 [Listener at 127.0.0.1/45943] INFO  grpc.GrpcConfigKeys (ConfUtils.java:logGet(46)) - raft.grpc.admin.port = -1 (default)
2022-10-18 21:55:23,349 [Listener at 127.0.0.1/45943] INFO  grpc.GrpcConfigKeys (ConfUtils.java:logGet(46)) - raft.grpc.server.port = 38017 (custom)
2022-10-18 21:55:23,349 [Listener at 127.0.0.1/45943] INFO  grpc.GrpcConfigKeys (ConfUtils.java:logGet(46)) - raft.grpc.client.port = -1 (default)
2022-10-18 21:55:23,349 [Listener at 127.0.0.1/45943] INFO  grpc.GrpcConfigKeys (ConfUtils.java:logGet(46)) - raft.grpc.server.port = 38017 (custom)
2022-10-18 21:55:23,349 [Listener at 127.0.0.1/45943] INFO  grpc.GrpcConfigKeys (ConfUtils.java:logGet(46)) - raft.grpc.server.port = 38017 (custom)
2022-10-18 21:55:23,349 [Listener at 127.0.0.1/45943] INFO  server.GrpcService (ConfUtils.java:logGet(46)) - raft.grpc.message.size.max = 33554432 (custom)
2022-10-18 21:55:23,349 [Listener at 127.0.0.1/45943] INFO  server.RaftServerConfigKeys (ConfUtils.java:logGet(46)) - raft.server.log.appender.buffer.byte-limit = 33554432 (custom)
2022-10-18 21:55:23,349 [Listener at 127.0.0.1/45943] INFO  server.GrpcService (ConfUtils.java:logGet(46)) - raft.grpc.flow.control.window = 1MB (=1048576) (default)
2022-10-18 21:55:23,349 [Listener at 127.0.0.1/45943] INFO  server.RaftServerConfigKeys (ConfUtils.java:logGet(46)) - raft.server.rpc.request.timeout = 3000ms (default)
2022-10-18 21:55:23,350 [Listener at 127.0.0.1/45943] INFO  grpc.GrpcConfigKeys (ConfUtils.java:logGet(46)) - raft.grpc.server.async.request.thread.pool.cached = true (default)
2022-10-18 21:55:23,350 [Listener at 127.0.0.1/45943] INFO  grpc.GrpcConfigKeys (ConfUtils.java:logGet(46)) - raft.grpc.server.async.request.thread.pool.size = 32 (default)
2022-10-18 21:55:23,351 [Listener at 127.0.0.1/45943] INFO  impl.DataStreamServerImpl (ConfUtils.java:logGet(46)) - raft.datastream.type = DISABLED (default)
2022-10-18 21:55:23,351 [Listener at 127.0.0.1/45943] INFO  server.RaftServerConfigKeys (ConfUtils.java:logGet(46)) - raft.server.threadpool.proxy.cached = true (default)
2022-10-18 21:55:23,351 [Listener at 127.0.0.1/45943] INFO  server.RaftServerConfigKeys (ConfUtils.java:logGet(46)) - raft.server.threadpool.proxy.size = 0 (default)
2022-10-18 21:55:23,351 [Listener at 127.0.0.1/45943] INFO  server.RaftServerConfigKeys (ConfUtils.java:logGet(46)) - raft.server.rpc.slowness.timeout = 2s (custom)
2022-10-18 21:55:23,351 [Listener at 127.0.0.1/45943] INFO  server.RaftServerConfigKeys (ConfUtils.java:logGet(46)) - raft.server.leaderelection.leader.step-down.wait-time = 10s (default)
2022-10-18 21:55:23,351 [Listener at 127.0.0.1/45943] INFO  server.RaftServerConfigKeys (ConfUtils.java:logGet(46)) - raft.server.storage.dir = [/home/runner/work/ozone/ozone/hadoop-ozone/integration-test/target/test-dir/MiniOzoneClusterImpl-285291dc-83a3-4c49-94f6-5e759e1760ea/omNode-3/ratis] (custom)
2022-10-18 21:55:23,352 [Listener at 127.0.0.1/45943] INFO  server.RaftServer (RaftServerProxy.java:addNew(96)) - omNode-3: addNew group-523986131536:[omNode-3|rpc:localhost:38017|priority:0, omNode-1|rpc:localhost:35389|priority:0, omNode-2|rpc:localhost:45203|priority:0] returns group-523986131536:java.util.concurrent.CompletableFuture@285836c9[Not completed]
2022-10-18 21:55:23,352 [Listener at 127.0.0.1/45943] INFO  om.OzoneManager (OzoneManager.java:initializeRatisServer(1975)) - OzoneManager Ratis server initialized at port 38017
2022-10-18 21:55:23,353 [Listener at 127.0.0.1/45943] INFO  om.OzoneManager (OzoneManager.java:getRpcServer(1101)) - Creating RPC Server
2022-10-18 21:55:23,355 [pool-107-thread-1] INFO  server.RaftServer$Division (RaftServerImpl.java:<init>(190)) - omNode-3: new RaftServerImpl for group-523986131536:[omNode-3|rpc:localhost:38017|priority:0, omNode-1|rpc:localhost:35389|priority:0, omNode-2|rpc:localhost:45203|priority:0] with OzoneManagerStateMachine:uninitialized
2022-10-18 21:55:23,355 [pool-107-thread-1] INFO  server.RaftServerConfigKeys (ConfUtils.java:logGet(46)) - raft.server.rpc.timeout.min = 1s (custom)
2022-10-18 21:55:23,355 [pool-107-thread-1] INFO  server.RaftServerConfigKeys (ConfUtils.java:logGet(46)) - raft.server.rpc.timeout.max = 1200ms (custom)
2022-10-18 21:55:23,355 [pool-107-thread-1] INFO  server.RaftServerConfigKeys (ConfUtils.java:logGet(46)) - raft.server.rpc.sleep.time = 25ms (default)
2022-10-18 21:55:23,355 [pool-107-thread-1] INFO  server.RaftServerConfigKeys (ConfUtils.java:logGet(46)) - raft.server.rpc.slowness.timeout = 2s (custom)
2022-10-18 21:55:23,355 [pool-107-thread-1] INFO  server.RaftServerConfigKeys (ConfUtils.java:logGet(46)) - raft.server.leaderelection.leader.step-down.wait-time = 10s (default)
2022-10-18 21:55:23,355 [pool-107-thread-1] INFO  server.RaftServerConfigKeys (ConfUtils.java:logGet(46)) - raft.server.sleep.deviation.threshold = 300ms (default)
2022-10-18 21:55:23,355 [pool-107-thread-1] INFO  server.RaftServer$Division (ServerState.java:<init>(107)) - omNode-3@group-523986131536: ConfigurationManager, init=-1: [omNode-3|rpc:localhost:38017|priority:0, omNode-1|rpc:localhost:35389|priority:0, omNode-2|rpc:localhost:45203|priority:0], old=null, confs=<EMPTY_MAP>
2022-10-18 21:55:23,355 [pool-107-thread-1] INFO  server.RaftServerConfigKeys (ConfUtils.java:logGet(46)) - raft.server.storage.dir = [/home/runner/work/ozone/ozone/hadoop-ozone/integration-test/target/test-dir/MiniOzoneClusterImpl-285291dc-83a3-4c49-94f6-5e759e1760ea/omNode-3/ratis] (custom)
2022-10-18 21:55:23,356 [pool-107-thread-1] INFO  server.RaftServerConfigKeys (ConfUtils.java:logGet(46)) - raft.server.log.corruption.policy = EXCEPTION (default)
2022-10-18 21:55:23,356 [pool-107-thread-1] INFO  server.RaftServerConfigKeys (ConfUtils.java:logGet(46)) - raft.server.storage.free-space.min = 0MB (=0) (default)
2022-10-18 21:55:23,356 [pool-107-thread-1] INFO  storage.RaftStorageDirectory (RaftStorageDirectoryImpl.java:analyzeStorage(135)) - The storage directory /home/runner/work/ozone/ozone/hadoop-ozone/integration-test/target/test-dir/MiniOzoneClusterImpl-285291dc-83a3-4c49-94f6-5e759e1760ea/omNode-3/ratis/c9bc4cf4-3bc3-3c60-a66b-523986131536 does not exist. Creating ...
2022-10-18 21:55:23,357 [pool-107-thread-1] INFO  storage.RaftStorageDirectory (RaftStorageDirectoryImpl.java:tryLock(230)) - Lock on /home/runner/work/ozone/ozone/hadoop-ozone/integration-test/target/test-dir/MiniOzoneClusterImpl-285291dc-83a3-4c49-94f6-5e759e1760ea/omNode-3/ratis/c9bc4cf4-3bc3-3c60-a66b-523986131536/in_use.lock acquired by nodename 38880@fv-az368-376
2022-10-18 21:55:23,358 [pool-107-thread-1] INFO  storage.RaftStorage (RaftStorageImpl.java:format(89)) - Storage directory /home/runner/work/ozone/ozone/hadoop-ozone/integration-test/target/test-dir/MiniOzoneClusterImpl-285291dc-83a3-4c49-94f6-5e759e1760ea/omNode-3/ratis/c9bc4cf4-3bc3-3c60-a66b-523986131536 has been successfully formatted.
2022-10-18 21:55:23,359 [pool-107-thread-1] INFO  server.RaftServerConfigKeys (ConfUtils.java:logGet(46)) - raft.server.notification.no-leader.timeout = 2s (custom)
2022-10-18 21:55:23,359 [pool-107-thread-1] INFO  server.RaftServerConfigKeys (ConfUtils.java:logGet(46)) - raft.server.log.use.memory = false (default)
2022-10-18 21:55:23,359 [pool-107-thread-1] INFO  server.RaftServerConfigKeys (ConfUtils.java:logGet(46)) - raft.server.log.purge.gap = 50 (custom)
2022-10-18 21:55:23,359 [pool-107-thread-1] INFO  server.RaftServerConfigKeys (ConfUtils.java:logGet(46)) - raft.server.log.appender.buffer.byte-limit = 33554432 (custom)
2022-10-18 21:55:23,359 [pool-107-thread-1] INFO  server.RaftServerConfigKeys (ConfUtils.java:logGet(46)) - raft.server.log.statemachine.data.read.timeout = 1000ms (default)
2022-10-18 21:55:23,359 [pool-107-thread-1] INFO  server.RaftServerConfigKeys (ConfUtils.java:logGet(46)) - raft.server.log.segment.size.max = 4194304 (custom)
2022-10-18 21:55:23,360 [pool-107-thread-1] INFO  server.RaftServerConfigKeys (ConfUtils.java:logGet(46)) - raft.server.log.segment.cache.num.max = 2 (custom)
2022-10-18 21:55:23,360 [pool-107-thread-1] INFO  server.RaftServerConfigKeys (ConfUtils.java:logGet(46)) - raft.server.log.segment.cache.size.max = 200MB (=209715200) (default)
2022-10-18 21:55:23,360 [pool-107-thread-1] INFO  segmented.SegmentedRaftLogWorker (SegmentedRaftLogWorker.java:<init>(187)) - new omNode-3@group-523986131536-SegmentedRaftLogWorker for RaftStorageImpl:Storage Directory /home/runner/work/ozone/ozone/hadoop-ozone/integration-test/target/test-dir/MiniOzoneClusterImpl-285291dc-83a3-4c49-94f6-5e759e1760ea/omNode-3/ratis/c9bc4cf4-3bc3-3c60-a66b-523986131536
2022-10-18 21:55:23,360 [pool-107-thread-1] INFO  server.RaftServerConfigKeys (ConfUtils.java:logGet(46)) - raft.server.log.queue.byte-limit = 64MB (=67108864) (default)
2022-10-18 21:55:23,360 [pool-107-thread-1] INFO  server.RaftServerConfigKeys (ConfUtils.java:logGet(46)) - raft.server.log.queue.element-limit = 4096 (default)
2022-10-18 21:55:23,360 [pool-107-thread-1] INFO  server.RaftServerConfigKeys (ConfUtils.java:logGet(46)) - raft.server.log.segment.size.max = 4194304 (custom)
2022-10-18 21:55:23,360 [pool-107-thread-1] INFO  server.RaftServerConfigKeys (ConfUtils.java:logGet(46)) - raft.server.log.preallocated.size = 4194304 (custom)
2022-10-18 21:55:23,360 [pool-107-thread-1] INFO  server.RaftServerConfigKeys (ConfUtils.java:logGet(46)) - raft.server.log.force.sync.num = 128 (default)
2022-10-18 21:55:23,360 [pool-107-thread-1] INFO  server.RaftServerConfigKeys (ConfUtils.java:logGet(46)) - raft.server.log.statemachine.data.sync = true (default)
2022-10-18 21:55:23,360 [pool-107-thread-1] INFO  server.RaftServerConfigKeys (ConfUtils.java:logGet(46)) - raft.server.log.statemachine.data.sync.timeout = 10s (default)
2022-10-18 21:55:23,360 [pool-107-thread-1] INFO  server.RaftServerConfigKeys (ConfUtils.java:logGet(46)) - raft.server.log.statemachine.data.sync.timeout.retry = -1 (default)
2022-10-18 21:55:23,369 [pool-107-thread-1] INFO  server.RaftServerConfigKeys (ConfUtils.java:logGet(46)) - raft.server.log.write.buffer.size = 64KB (=65536) (default)
2022-10-18 21:55:23,369 [pool-107-thread-1] INFO  server.RaftServerConfigKeys (ConfUtils.java:logGet(46)) - raft.server.log.unsafe-flush.enabled = false (default)
2022-10-18 21:55:23,369 [pool-107-thread-1] INFO  server.RaftServerConfigKeys (ConfUtils.java:logGet(46)) - raft.server.log.statemachine.data.caching.enabled = false (default)
2022-10-18 21:55:23,369 [pool-107-thread-1] INFO  segmented.SegmentedRaftLogWorker (SegmentedRaftLogWorker.java:lambda$new$0(135)) - omNode-3@group-523986131536-SegmentedRaftLogWorker: flushIndex: setUnconditionally 0 -> -1
2022-10-18 21:55:23,369 [pool-107-thread-1] INFO  segmented.SegmentedRaftLogWorker (SegmentedRaftLogWorker.java:lambda$new$0(135)) - omNode-3@group-523986131536-SegmentedRaftLogWorker: safeCacheEvictIndex: setUnconditionally 0 -> -1
2022-10-18 21:55:23,369 [pool-107-thread-1] INFO  server.RaftServerConfigKeys (ConfUtils.java:logGet(46)) - raft.server.snapshot.auto.trigger.enabled = true (custom)
2022-10-18 21:55:23,370 [pool-107-thread-1] INFO  server.RaftServerConfigKeys (ConfUtils.java:logGet(46)) - raft.server.snapshot.auto.trigger.threshold = 50 (custom)
2022-10-18 21:55:23,370 [pool-107-thread-1] INFO  server.RaftServerConfigKeys (ConfUtils.java:logGet(46)) - raft.server.snapshot.retention.file.num = -1 (default)
2022-10-18 21:55:23,370 [pool-107-thread-1] INFO  server.RaftServerConfigKeys (ConfUtils.java:logGet(46)) - raft.server.log.purge.upto.snapshot.index = true (custom)
2022-10-18 21:55:23,370 [pool-107-thread-1] INFO  server.RaftServerConfigKeys (ConfUtils.java:logGet(46)) - raft.server.retrycache.expirytime = 30000ms (custom)
2022-10-18 21:55:23,370 [pool-107-thread-1] INFO  server.RaftServerConfigKeys (ConfUtils.java:logGet(46)) - raft.server.retrycache.statistics.expirytime = 100μs (default)
2022-10-18 21:55:23,371 [pool-107-thread-1] INFO  server.RaftServerConfigKeys (ConfUtils.java:logGet(46)) - raft.server.log.appender.install.snapshot.enabled = false (custom)
2022-10-18 21:55:23,371 [pool-107-thread-1] INFO  server.RaftServerConfigKeys (ConfUtils.java:logGet(46)) - raft.server.threadpool.server.cached = true (default)
2022-10-18 21:55:23,372 [pool-107-thread-1] INFO  server.RaftServerConfigKeys (ConfUtils.java:logGet(46)) - raft.server.threadpool.server.size = 0 (default)
2022-10-18 21:55:23,372 [pool-107-thread-1] INFO  server.RaftServerConfigKeys (ConfUtils.java:logGet(46)) - raft.server.threadpool.client.cached = true (default)
2022-10-18 21:55:23,372 [pool-107-thread-1] INFO  server.RaftServerConfigKeys (ConfUtils.java:logGet(46)) - raft.server.threadpool.client.size = 0 (default)
2022-10-18 21:55:23,641 [Listener at 127.0.0.1/45943] INFO  reflections.Reflections (Reflections.java:scan(232)) - Reflections took 286 ms to scan 19 urls, producing 67 keys and 4244 values [using 4 cores]
2022-10-18 21:55:23,642 [Listener at 127.0.0.1/45943] INFO  ipc.CallQueueManager (CallQueueManager.java:<init>(90)) - Using callQueue: class java.util.concurrent.LinkedBlockingQueue, queueCapacity: 2000, scheduler: class org.apache.hadoop.ipc.DefaultRpcScheduler, ipcBackoff: false.
2022-10-18 21:55:23,643 [Socket Reader #1 for port 43229] INFO  ipc.Server (Server.java:run(1273)) - Starting Socket Reader #1 for port 43229
2022-10-18 21:55:23,658 [Listener at 127.0.0.1/43229] INFO  impl.MetricsSystemImpl (MetricsSystemImpl.java:init(158)) - OzoneManager metrics system started (again)
2022-10-18 21:55:23,667 [Listener at 127.0.0.1/43229] INFO  om.OzoneManager (OzoneManager.java:start(1482)) - OzoneManager RPC server is listening at localhost/127.0.0.1:43229
2022-10-18 21:55:23,667 [Listener at 127.0.0.1/43229] INFO  ratis.OzoneManagerRatisServer (OzoneManagerRatisServer.java:start(555)) - Starting OzoneManagerRatisServer omNode-3 at port 38017
2022-10-18 21:55:23,667 [omNode-3-impl-thread1] INFO  server.RaftServer$Division (RaftServerImpl.java:start(310)) - omNode-3@group-523986131536: start as a follower, conf=-1: [omNode-3|rpc:localhost:38017|priority:0, omNode-1|rpc:localhost:35389|priority:0, omNode-2|rpc:localhost:45203|priority:0], old=null
2022-10-18 21:55:23,667 [omNode-3-impl-thread1] INFO  server.RaftServer$Division (RaftServerImpl.java:setRole(299)) - omNode-3@group-523986131536: changes role from      null to FOLLOWER at term 0 for startAsFollower
2022-10-18 21:55:23,668 [omNode-3-impl-thread1] INFO  impl.RoleInfo (RoleInfo.java:updateAndGet(139)) - omNode-3: start omNode-3@group-523986131536-FollowerState
2022-10-18 21:55:23,668 [omNode-3-impl-thread1] INFO  util.JmxRegister (JmxRegister.java:tryRegister(44)) - Successfully registered JMX Bean with object name Ratis:service=RaftServer,group=group-523986131536,id=omNode-3
2022-10-18 21:55:23,669 [Listener at 127.0.0.1/43229] INFO  server.RaftServer (RaftServerProxy.java:lambda$start$6(382)) - omNode-3: start RPC server
2022-10-18 21:55:23,669 [omNode-1@group-523986131536-FollowerState] INFO  impl.FollowerState (FollowerState.java:run(143)) - omNode-1@group-523986131536-FollowerState: change to CANDIDATE, lastRpcElapsedTime:1127992667ns, electionTimeout:1126ms
2022-10-18 21:55:23,670 [Listener at 127.0.0.1/43229] INFO  server.GrpcService (GrpcService.java:startImpl(260)) - omNode-3: GrpcService started, listening on 38017
2022-10-18 21:55:23,670 [omNode-1@group-523986131536-FollowerState] INFO  impl.RoleInfo (RoleInfo.java:shutdownFollowerState(110)) - omNode-1: shutdown omNode-1@group-523986131536-FollowerState
2022-10-18 21:55:23,670 [org.apache.ratis.util.JvmPauseMonitor$$Lambda$703/854163851@500bde5b] INFO  util.JvmPauseMonitor (JvmPauseMonitor.java:run(103)) - JvmPauseMonitor-omNode-3: Started
2022-10-18 21:55:23,670 [omNode-1@group-523986131536-FollowerState] INFO  server.RaftServer$Division (RaftServerImpl.java:setRole(299)) - omNode-1@group-523986131536: changes role from  FOLLOWER to CANDIDATE at term 0 for changeToCandidate
2022-10-18 21:55:23,670 [Listener at 127.0.0.1/43229] INFO  om.OzoneManager (OzoneManager.java:start(1498)) - Version File has different layout version (3) than OM DB (null). That is expected if this OM has never been finalized to a newer layout version.
2022-10-18 21:55:23,673 [omNode-1@group-523986131536-FollowerState] INFO  server.RaftServerConfigKeys (ConfUtils.java:logGet(46)) - raft.server.leaderelection.pre-vote = false (custom)
2022-10-18 21:55:23,673 [omNode-1@group-523986131536-FollowerState] INFO  impl.RoleInfo (RoleInfo.java:updateAndGet(139)) - omNode-1: start omNode-1@group-523986131536-LeaderElection1
2022-10-18 21:55:23,678 [Listener at 127.0.0.1/43229] INFO  http.BaseHttpServer (BaseHttpServer.java:newHttpServer2BuilderForOzone(213)) - Starting Web-server for ozoneManager at: http://0.0.0.0:35093
2022-10-18 21:55:23,678 [Listener at 127.0.0.1/43229] INFO  http.BaseHttpServer (BaseHttpServer.java:<init>(108)) - Hadoop Security Enabled: false Ozone Security Enabled: false Ozone HTTP Security Enabled: false 
2022-10-18 21:55:23,680 [Listener at 127.0.0.1/43229] WARN  server.AuthenticationFilter (AuthenticationFilter.java:constructSecretProvider(240)) - Unable to initialize FileSignerSecretProvider, falling back to use random secrets. Reason: Could not read signature secret file: /home/runner/hadoop-http-auth-signature-secret
2022-10-18 21:55:23,681 [omNode-1@group-523986131536-LeaderElection1] INFO  impl.LeaderElection (LeaderElection.java:askForVotes(310)) - omNode-1@group-523986131536-LeaderElection1 ELECTION round 0: submit vote requests at term 1 for -1: [omNode-3|rpc:localhost:38017|priority:0, omNode-1|rpc:localhost:35389|priority:0, omNode-2|rpc:localhost:45203|priority:0], old=null
2022-10-18 21:55:23,685 [Listener at 127.0.0.1/43229] WARN  http.HttpRequestLog (HttpRequestLog.java:getRequestLog(103)) - Jetty request log can only be enabled using Log4j
2022-10-18 21:55:23,687 [Listener at 127.0.0.1/43229] INFO  http.HttpServer2 (HttpServer2.java:addGlobalFilter(1031)) - Added global filter 'safety' (class=org.apache.hadoop.hdds.server.http.HttpServer2$QuotingInputFilter)
2022-10-18 21:55:23,688 [Listener at 127.0.0.1/43229] INFO  http.HttpServer2 (HttpServer2.java:addFilter(1007)) - Added filter static_user_filter (class=org.apache.hadoop.http.lib.StaticUserWebFilter$StaticUserFilter) to context ozoneManager
2022-10-18 21:55:23,688 [Listener at 127.0.0.1/43229] INFO  http.HttpServer2 (HttpServer2.java:addFilter(1015)) - Added filter static_user_filter (class=org.apache.hadoop.http.lib.StaticUserWebFilter$StaticUserFilter) to context static
2022-10-18 21:55:23,688 [Listener at 127.0.0.1/43229] INFO  http.HttpServer2 (HttpServer2.java:addFilter(1015)) - Added filter static_user_filter (class=org.apache.hadoop.http.lib.StaticUserWebFilter$StaticUserFilter) to context logs
2022-10-18 21:55:23,689 [Listener at 127.0.0.1/43229] INFO  http.HttpServer2 (HttpServer2.java:bindListener(1250)) - Jetty bound to port 35093
2022-10-18 21:55:23,689 [Listener at 127.0.0.1/43229] INFO  server.Server (Server.java:doStart(375)) - jetty-9.4.43.v20210629; built: 2021-06-30T11:07:22.254Z; git: 526006ecfa3af7f1a27ef3a288e2bef7ea9dd7e8; jvm 1.8.0_345-b01
2022-10-18 21:55:23,693 [Listener at 127.0.0.1/43229] INFO  server.session (DefaultSessionIdManager.java:doStart(334)) - DefaultSessionIdManager workerName=node0
2022-10-18 21:55:23,693 [Listener at 127.0.0.1/43229] INFO  server.session (DefaultSessionIdManager.java:doStart(339)) - No SessionScavenger set, using defaults
2022-10-18 21:55:23,693 [Listener at 127.0.0.1/43229] INFO  server.session (HouseKeeper.java:startScavenging(132)) - node0 Scavenging every 600000ms
2022-10-18 21:55:23,694 [Listener at 127.0.0.1/43229] INFO  handler.ContextHandler (ContextHandler.java:doStart(915)) - Started o.e.j.s.ServletContextHandler@2c50e59a{logs,/logs,file:///home/runner/work/ozone/ozone/hadoop-ozone/integration-test/target/log,AVAILABLE}
2022-10-18 21:55:23,694 [Listener at 127.0.0.1/43229] INFO  handler.ContextHandler (ContextHandler.java:doStart(915)) - Started o.e.j.s.ServletContextHandler@347573ac{static,/static,file:///home/runner/work/ozone/ozone/hadoop-ozone/integration-test/target/test-classes/webapps/static,AVAILABLE}
2022-10-18 21:55:23,698 [Listener at 127.0.0.1/43229] INFO  handler.ContextHandler (ContextHandler.java:doStart(915)) - Started o.e.j.w.WebAppContext@5223eb62{ozoneManager,/,file:///home/runner/work/ozone/ozone/hadoop-ozone/integration-test/target/test-classes/webapps/ozoneManager/,AVAILABLE}{file:/home/runner/work/ozone/ozone/hadoop-ozone/integration-test/target/test-classes/webapps/ozoneManager}
2022-10-18 21:55:23,700 [Listener at 127.0.0.1/43229] INFO  server.AbstractConnector (AbstractConnector.java:doStart(331)) - Started ServerConnector@24408aa1{HTTP/1.1, (http/1.1)}{0.0.0.0:35093}
2022-10-18 21:55:23,700 [Listener at 127.0.0.1/43229] INFO  server.Server (Server.java:doStart(415)) - Started @6418ms
2022-10-18 21:55:23,700 [Listener at 127.0.0.1/43229] WARN  impl.MetricsSystemImpl (MetricsSystemImpl.java:register(279)) - Sink prometheus already exists!
2022-10-18 21:55:23,701 [Listener at 127.0.0.1/43229] INFO  http.BaseHttpServer (BaseHttpServer.java:updateConnectorAddress(333)) - HTTP server of ozoneManager listening at http://0.0.0.0:35093
2022-10-18 21:55:23,701 [IPC Server Responder] INFO  ipc.Server (Server.java:run(1512)) - IPC Server Responder: starting
2022-10-18 21:55:23,701 [IPC Server listener on 43229] INFO  ipc.Server (Server.java:run(1352)) - IPC Server listener on 43229: starting
2022-10-18 21:55:23,714 [Listener at 127.0.0.1/43229] INFO  om.OzoneManager (OzoneManager.java:startTrashEmptier(1919)) - Trash Interval set to 0. Files deleted won't move to trash
2022-10-18 21:55:23,714 [Listener at 127.0.0.1/43229] INFO  ozone.MiniOzoneHAClusterImpl (MiniOzoneHAClusterImpl.java:createOMService(527)) - Started OzoneManager omNode-3 RPC server at localhost/127.0.0.1:43229
2022-10-18 21:55:23,715 [org.apache.hadoop.util.JvmPauseMonitor$Monitor@4cebf524] INFO  util.JvmPauseMonitor (JvmPauseMonitor.java:run(188)) - Starting JVM pause monitor
2022-10-18 21:55:23,886 [Listener at 127.0.0.1/43229] WARN  impl.MetricRegistriesImpl (MetricRegistriesImpl.java:addReporterRegistration(111)) - New reporters are added after registries were created. Some metrics will be missing from the reporter. Please add reporter before adding any new registry.
2022-10-18 21:55:23,886 [Listener at 127.0.0.1/43229] WARN  impl.MetricRegistriesImpl (MetricRegistriesImpl.java:addReporterRegistration(111)) - New reporters are added after registries were created. Some metrics will be missing from the reporter. Please add reporter before adding any new registry.
2022-10-18 21:55:23,886 [Listener at 127.0.0.1/43229] INFO  impl.MetricsSystemImpl (MetricsSystemImpl.java:init(158)) - HddsDatanode metrics system started (again)
2022-10-18 21:55:23,902 [Listener at 127.0.0.1/43229] INFO  ozone.HddsDatanodeService (HddsDatanodeService.java:start(236)) - HddsDatanodeService host:fv-az368-376.2eqeunsjyj5ebgwla1snbw5zah.gx.internal.cloudapp.net ip:10.1.0.49
2022-10-18 21:55:23,925 [Listener at 127.0.0.1/43229] INFO  upgrade.AbstractLayoutVersionManager (AbstractLayoutVersionManager.java:init(83)) - Initializing Layout version manager with metadata layout = DATANODE_SCHEMA_V3 (version = 4), software layout = DATANODE_SCHEMA_V3 (version = 4)
2022-10-18 21:55:23,967 [Listener at 127.0.0.1/43229] INFO  reflections.Reflections (Reflections.java:scan(232)) - Reflections took 40 ms to scan 7 urls, producing 137 keys and 328 values 
2022-10-18 21:55:23,972 [Listener at 127.0.0.1/43229] INFO  statemachine.DatanodeStateMachine (DatanodeStateMachine.java:getEndPointTaskThreadPoolSize(237)) - Datanode State Machine Task Thread Pool size 2
2022-10-18 21:55:24,037 [Listener at 127.0.0.1/43229] INFO  volume.HddsVolume (HddsVolume.java:<init>(117)) - Creating HddsVolume: /home/runner/work/ozone/ozone/hadoop-ozone/integration-test/target/test-dir/MiniOzoneClusterImpl-285291dc-83a3-4c49-94f6-5e759e1760ea/datanode-0/data-0/containers/hdds of storage type : DISK capacity : 9223372036854775807
2022-10-18 21:55:24,038 [Listener at 127.0.0.1/43229] INFO  volume.MutableVolumeSet (MutableVolumeSet.java:initializeVolumeSet(174)) - Added Volume : /home/runner/work/ozone/ozone/hadoop-ozone/integration-test/target/test-dir/MiniOzoneClusterImpl-285291dc-83a3-4c49-94f6-5e759e1760ea/datanode-0/data-0/containers/hdds to VolumeSet
2022-10-18 21:55:24,039 [Listener at 127.0.0.1/43229] INFO  volume.ThrottledAsyncChecker (ThrottledAsyncChecker.java:schedule(141)) - Scheduling a check for /home/runner/work/ozone/ozone/hadoop-ozone/integration-test/target/test-dir/MiniOzoneClusterImpl-285291dc-83a3-4c49-94f6-5e759e1760ea/datanode-0/data-0/containers/hdds
2022-10-18 21:55:24,050 [Listener at 127.0.0.1/43229] INFO  volume.StorageVolumeChecker (StorageVolumeChecker.java:checkAllVolumes(202)) - Scheduled health check for volume /home/runner/work/ozone/ozone/hadoop-ozone/integration-test/target/test-dir/MiniOzoneClusterImpl-285291dc-83a3-4c49-94f6-5e759e1760ea/datanode-0/data-0/containers/hdds
2022-10-18 21:55:24,065 [Listener at 127.0.0.1/43229] INFO  volume.MutableVolumeSet (MutableVolumeSet.java:initializeVolumeSet(174)) - Added Volume : /home/runner/work/ozone/ozone/hadoop-ozone/integration-test/target/test-dir/MiniOzoneClusterImpl-285291dc-83a3-4c49-94f6-5e759e1760ea/datanode-0/data/ratis to VolumeSet
2022-10-18 21:55:24,065 [Listener at 127.0.0.1/43229] INFO  volume.ThrottledAsyncChecker (ThrottledAsyncChecker.java:schedule(141)) - Scheduling a check for /home/runner/work/ozone/ozone/hadoop-ozone/integration-test/target/test-dir/MiniOzoneClusterImpl-285291dc-83a3-4c49-94f6-5e759e1760ea/datanode-0/data/ratis
2022-10-18 21:55:24,065 [Listener at 127.0.0.1/43229] INFO  volume.StorageVolumeChecker (StorageVolumeChecker.java:checkAllVolumes(202)) - Scheduled health check for volume /home/runner/work/ozone/ozone/hadoop-ozone/integration-test/target/test-dir/MiniOzoneClusterImpl-285291dc-83a3-4c49-94f6-5e759e1760ea/datanode-0/data/ratis
2022-10-18 21:55:24,083 [Thread-229] INFO  ozoneimpl.ContainerReader (ContainerReader.java:readVolume(175)) - Finish verifying containers on volume /home/runner/work/ozone/ozone/hadoop-ozone/integration-test/target/test-dir/MiniOzoneClusterImpl-285291dc-83a3-4c49-94f6-5e759e1760ea/datanode-0/data-0/containers/hdds
2022-10-18 21:55:24,083 [Listener at 127.0.0.1/43229] INFO  ozoneimpl.OzoneContainer (OzoneContainer.java:buildContainerSet(300)) - Build ContainerSet costs 0s
2022-10-18 21:55:24,101 [grpc-default-executor-0] INFO  server.RaftServer$Division (RaftServerImpl.java:requestVote(1152)) - omNode-3@group-523986131536: receive requestVote(ELECTION, omNode-1, group-523986131536, 1, (t:0, i:~))
2022-10-18 21:55:24,101 [grpc-default-executor-1] INFO  server.RaftServer$Division (RaftServerImpl.java:requestVote(1152)) - omNode-2@group-523986131536: receive requestVote(ELECTION, omNode-1, group-523986131536, 1, (t:0, i:~))
2022-10-18 21:55:24,103 [grpc-default-executor-0] INFO  impl.VoteContext (VoteContext.java:log(48)) - omNode-3@group-523986131536-FOLLOWER: accept ELECTION from omNode-1: our priority 0 <= candidate's priority 0
2022-10-18 21:55:24,103 [grpc-default-executor-1] INFO  impl.VoteContext (VoteContext.java:log(48)) - omNode-2@group-523986131536-FOLLOWER: accept ELECTION from omNode-1: our priority 0 <= candidate's priority 0
2022-10-18 21:55:24,104 [grpc-default-executor-0] INFO  server.RaftServer$Division (RaftServerImpl.java:setRole(299)) - omNode-3@group-523986131536: changes role from  FOLLOWER to FOLLOWER at term 1 for candidate:omNode-1
2022-10-18 21:55:24,104 [grpc-default-executor-1] INFO  server.RaftServer$Division (RaftServerImpl.java:setRole(299)) - omNode-2@group-523986131536: changes role from  FOLLOWER to FOLLOWER at term 1 for candidate:omNode-1
2022-10-18 21:55:24,104 [grpc-default-executor-0] INFO  impl.RoleInfo (RoleInfo.java:shutdownFollowerState(110)) - omNode-3: shutdown omNode-3@group-523986131536-FollowerState
2022-10-18 21:55:24,104 [grpc-default-executor-1] INFO  impl.RoleInfo (RoleInfo.java:shutdownFollowerState(110)) - omNode-2: shutdown omNode-2@group-523986131536-FollowerState
2022-10-18 21:55:24,104 [grpc-default-executor-0] INFO  impl.RoleInfo (RoleInfo.java:updateAndGet(139)) - omNode-3: start omNode-3@group-523986131536-FollowerState
2022-10-18 21:55:24,104 [grpc-default-executor-1] INFO  impl.RoleInfo (RoleInfo.java:updateAndGet(139)) - omNode-2: start omNode-2@group-523986131536-FollowerState
2022-10-18 21:55:24,104 [omNode-3@group-523986131536-FollowerState] INFO  impl.FollowerState (FollowerState.java:run(152)) - omNode-3@group-523986131536-FollowerState was interrupted
2022-10-18 21:55:24,104 [omNode-2@group-523986131536-FollowerState] INFO  impl.FollowerState (FollowerState.java:run(152)) - omNode-2@group-523986131536-FollowerState was interrupted
2022-10-18 21:55:24,120 [grpc-default-executor-1] INFO  server.RaftServer$Division (RaftServerImpl.java:requestVote(1184)) - omNode-2@group-523986131536 replies to ELECTION vote request: omNode-1<-omNode-2#0:OK-t1. Peer's state: omNode-2@group-523986131536:t1, leader=null, voted=omNode-1, raftlog=omNode-2@group-523986131536-SegmentedRaftLog:OPENED:c-1, conf=-1: [omNode-3|rpc:localhost:38017|priority:0, omNode-1|rpc:localhost:35389|priority:0, omNode-2|rpc:localhost:45203|priority:0], old=null
2022-10-18 21:55:24,120 [grpc-default-executor-0] INFO  server.RaftServer$Division (RaftServerImpl.java:requestVote(1184)) - omNode-3@group-523986131536 replies to ELECTION vote request: omNode-1<-omNode-3#0:OK-t1. Peer's state: omNode-3@group-523986131536:t1, leader=null, voted=omNode-1, raftlog=omNode-3@group-523986131536-SegmentedRaftLog:OPENED:c-1, conf=-1: [omNode-3|rpc:localhost:38017|priority:0, omNode-1|rpc:localhost:35389|priority:0, omNode-2|rpc:localhost:45203|priority:0], old=null
2022-10-18 21:55:24,131 [omNode-1@group-523986131536-LeaderElection1] INFO  impl.LeaderElection (LeaderElection.java:logAndReturn(90)) - omNode-1@group-523986131536-LeaderElection1: ELECTION PASSED received 1 response(s) and 0 exception(s):
2022-10-18 21:55:24,131 [omNode-1@group-523986131536-LeaderElection1] INFO  impl.LeaderElection (LeaderElection.java:logAndReturn(94)) -   Response 0: omNode-1<-omNode-3#0:OK-t1
2022-10-18 21:55:24,131 [omNode-1@group-523986131536-LeaderElection1] INFO  impl.LeaderElection (LeaderElection.java:askForVotes(312)) - omNode-1@group-523986131536-LeaderElection1 ELECTION round 0: result PASSED
2022-10-18 21:55:24,132 [omNode-1@group-523986131536-LeaderElection1] INFO  impl.RoleInfo (RoleInfo.java:shutdownLeaderElection(130)) - omNode-1: shutdown omNode-1@group-523986131536-LeaderElection1
2022-10-18 21:55:24,132 [omNode-1@group-523986131536-LeaderElection1] INFO  server.RaftServer$Division (RaftServerImpl.java:setRole(299)) - omNode-1@group-523986131536: changes role from CANDIDATE to LEADER at term 1 for changeToLeader
2022-10-18 21:55:24,132 [omNode-1@group-523986131536-LeaderElection1] INFO  server.RaftServer$Division (ServerState.java:setLeader(287)) - omNode-1@group-523986131536: change Leader from null to omNode-1 at term 1 for becomeLeader, leader elected after 2299ms
2022-10-18 21:55:24,136 [Listener at 127.0.0.1/43229] INFO  audit.AuditLogger (AuditLogger.java:refreshDebugCmdSet(126)) - Refresh DebugCmdSet for DNAudit to [].
2022-10-18 21:55:24,137 [omNode-1@group-523986131536-LeaderElection1] INFO  server.RaftServerConfigKeys (ConfUtils.java:logGet(46)) - raft.server.staging.catchup.gap = 1000 (default)
2022-10-18 21:55:24,142 [omNode-1@group-523986131536-LeaderElection1] INFO  server.RaftServerConfigKeys (ConfUtils.java:logGet(46)) - raft.server.write.element-limit = 4096 (default)
2022-10-18 21:55:24,143 [omNode-1@group-523986131536-LeaderElection1] INFO  server.RaftServerConfigKeys (ConfUtils.java:logGet(46)) - raft.server.write.byte-limit = 64MB (=67108864) (default)
2022-10-18 21:55:24,147 [omNode-1@group-523986131536-LeaderElection1] INFO  server.RaftServerConfigKeys (ConfUtils.java:logGet(46)) - raft.server.watch.timeout = 10s (default)
2022-10-18 21:55:24,147 [omNode-1@group-523986131536-LeaderElection1] INFO  server.RaftServerConfigKeys (ConfUtils.java:logGet(46)) - raft.server.watch.timeout.denomination = 1s (default)
2022-10-18 21:55:24,148 [omNode-1@group-523986131536-LeaderElection1] INFO  server.RaftServerConfigKeys (ConfUtils.java:logGet(46)) - raft.server.watch.element-limit = 65536 (default)
2022-10-18 21:55:24,151 [omNode-1@group-523986131536-LeaderElection1] INFO  server.RaftServerConfigKeys (ConfUtils.java:logGet(46)) - raft.server.write.element-limit = 4096 (default)
2022-10-18 21:55:24,153 [omNode-1@group-523986131536-LeaderElection1] INFO  server.RaftServerConfigKeys (ConfUtils.java:logGet(46)) - raft.server.write.follower.gap.ratio.max = -1.0 (default)
2022-10-18 21:55:24,160 [Listener at 127.0.0.1/43229] INFO  server.RaftServer (ConfUtils.java:logGet(46)) - raft.rpc.type = GRPC (default)
2022-10-18 21:55:24,160 [Listener at 127.0.0.1/43229] INFO  grpc.GrpcFactory (GrpcFactory.java:checkPooledByteBufAllocatorUseCacheForAllThreads(48)) - PERFORMANCE WARNING: useCacheForAllThreads is true that may cause Netty to create a lot garbage objects and, as a result, trigger GC.
	It is recommended to disable useCacheForAllThreads by setting -Dorg.apache.ratis.thirdparty.io.netty.allocator.useCacheForAllThreads=false in command line.
2022-10-18 21:55:24,160 [Listener at 127.0.0.1/43229] INFO  grpc.GrpcConfigKeys (ConfUtils.java:logGet(46)) - raft.grpc.admin.port = 0 (custom)
2022-10-18 21:55:24,161 [Listener at 127.0.0.1/43229] INFO  grpc.GrpcConfigKeys (ConfUtils.java:logGet(46)) - raft.grpc.client.port = 0 (custom)
2022-10-18 21:55:24,161 [Listener at 127.0.0.1/43229] INFO  grpc.GrpcConfigKeys (ConfUtils.java:logGet(46)) - raft.grpc.server.port = 0 (default)
2022-10-18 21:55:24,161 [Listener at 127.0.0.1/43229] INFO  server.GrpcService (ConfUtils.java:logGet(46)) - raft.grpc.message.size.max = 32MB (=33554432) (custom)
2022-10-18 21:55:24,161 [omNode-1@group-523986131536-LeaderElection1] INFO  server.RaftServerConfigKeys (ConfUtils.java:logGet(46)) - raft.server.log.appender.snapshot.chunk.size.max = 16MB (=16777216) (default)
2022-10-18 21:55:24,161 [Listener at 127.0.0.1/43229] INFO  server.RaftServerConfigKeys (ConfUtils.java:logGet(46)) - raft.server.log.appender.buffer.byte-limit = 33554432 (custom)
2022-10-18 21:55:24,161 [omNode-1@group-523986131536-LeaderElection1] INFO  server.RaftServerConfigKeys (ConfUtils.java:logGet(46)) - raft.server.log.appender.buffer.byte-limit = 33554432 (custom)
2022-10-18 21:55:24,161 [Listener at 127.0.0.1/43229] INFO  server.GrpcService (ConfUtils.java:logGet(46)) - raft.grpc.flow.control.window = 5MB (=5242880) (custom)
2022-10-18 21:55:24,161 [Listener at 127.0.0.1/43229] INFO  server.RaftServerConfigKeys (ConfUtils.java:logGet(46)) - raft.server.rpc.request.timeout = 60s (custom)
2022-10-18 21:55:24,161 [omNode-1@group-523986131536-LeaderElection1] INFO  server.RaftServerConfigKeys (ConfUtils.java:logGet(46)) - raft.server.log.appender.buffer.element-limit = 1024 (custom)
2022-10-18 21:55:24,162 [Listener at 127.0.0.1/43229] INFO  grpc.GrpcConfigKeys (ConfUtils.java:logGet(46)) - raft.grpc.server.async.request.thread.pool.cached = true (default)
2022-10-18 21:55:24,162 [Listener at 127.0.0.1/43229] INFO  grpc.GrpcConfigKeys (ConfUtils.java:logGet(46)) - raft.grpc.server.async.request.thread.pool.size = 32 (default)
2022-10-18 21:55:24,163 [Listener at 127.0.0.1/43229] INFO  impl.DataStreamServerImpl (ConfUtils.java:logGet(46)) - raft.datastream.type = DISABLED (default)
2022-10-18 21:55:24,163 [Listener at 127.0.0.1/43229] INFO  server.RaftServerConfigKeys (ConfUtils.java:logGet(46)) - raft.server.threadpool.proxy.cached = true (default)
2022-10-18 21:55:24,163 [Listener at 127.0.0.1/43229] INFO  server.RaftServerConfigKeys (ConfUtils.java:logGet(46)) - raft.server.threadpool.proxy.size = 0 (default)
2022-10-18 21:55:24,163 [Listener at 127.0.0.1/43229] INFO  server.RaftServerConfigKeys (ConfUtils.java:logGet(46)) - raft.server.rpc.slowness.timeout = 300s (custom)
2022-10-18 21:55:24,164 [Listener at 127.0.0.1/43229] INFO  server.RaftServerConfigKeys (ConfUtils.java:logGet(46)) - raft.server.leaderelection.leader.step-down.wait-time = 10s (default)
2022-10-18 21:55:24,164 [omNode-1@group-523986131536-LeaderElection1] INFO  grpc.GrpcConfigKeys (ConfUtils.java:logGet(46)) - raft.grpc.server.leader.outstanding.appends.max = 128 (default)
2022-10-18 21:55:24,164 [Listener at 127.0.0.1/43229] INFO  server.RaftServerConfigKeys (ConfUtils.java:logGet(46)) - raft.server.storage.dir = [/home/runner/work/ozone/ozone/hadoop-ozone/integration-test/target/test-dir/MiniOzoneClusterImpl-285291dc-83a3-4c49-94f6-5e759e1760ea/datanode-0/data/ratis] (custom)
2022-10-18 21:55:24,164 [omNode-1@group-523986131536-LeaderElection1] INFO  server.RaftServerConfigKeys (ConfUtils.java:logGet(46)) - raft.server.rpc.request.timeout = 3000ms (default)
2022-10-18 21:55:24,164 [omNode-1@group-523986131536-LeaderElection1] INFO  server.RaftServerConfigKeys (ConfUtils.java:logGet(46)) - raft.server.log.appender.install.snapshot.enabled = false (custom)
2022-10-18 21:55:24,166 [omNode-1@group-523986131536-LeaderElection1] INFO  server.RaftServerConfigKeys (ConfUtils.java:logGet(46)) - raft.server.log.appender.snapshot.chunk.size.max = 16MB (=16777216) (default)
2022-10-18 21:55:24,166 [omNode-1@group-523986131536-LeaderElection1] INFO  server.RaftServerConfigKeys (ConfUtils.java:logGet(46)) - raft.server.log.appender.buffer.byte-limit = 33554432 (custom)
2022-10-18 21:55:24,166 [omNode-1@group-523986131536-LeaderElection1] INFO  server.RaftServerConfigKeys (ConfUtils.java:logGet(46)) - raft.server.log.appender.buffer.element-limit = 1024 (custom)
2022-10-18 21:55:24,166 [omNode-1@group-523986131536-LeaderElection1] INFO  grpc.GrpcConfigKeys (ConfUtils.java:logGet(46)) - raft.grpc.server.leader.outstanding.appends.max = 128 (default)
2022-10-18 21:55:24,167 [omNode-1@group-523986131536-LeaderElection1] INFO  server.RaftServerConfigKeys (ConfUtils.java:logGet(46)) - raft.server.rpc.request.timeout = 3000ms (default)
2022-10-18 21:55:24,167 [omNode-1@group-523986131536-LeaderElection1] INFO  server.RaftServerConfigKeys (ConfUtils.java:logGet(46)) - raft.server.log.appender.install.snapshot.enabled = false (custom)
2022-10-18 21:55:24,170 [omNode-1@group-523986131536-LeaderElection1] INFO  impl.RoleInfo (RoleInfo.java:updateAndGet(139)) - omNode-1: start omNode-1@group-523986131536-LeaderStateImpl
2022-10-18 21:55:24,179 [Listener at 127.0.0.1/43229] INFO  server.XceiverServerGrpc (XceiverServerGrpc.java:<init>(132)) - GrpcServer channel type EpollServerSocketChannel
2022-10-18 21:55:24,189 [omNode-1@group-523986131536-LeaderElection1] INFO  segmented.SegmentedRaftLogWorker (SegmentedRaftLogWorker.java:startLogSegment(425)) - omNode-1@group-523986131536-SegmentedRaftLogWorker: Starting segment from index:0
2022-10-18 21:55:24,262 [omNode-1@group-523986131536-LeaderElection1] INFO  server.RaftServer$Division (ServerState.java:setRaftConf(393)) - omNode-1@group-523986131536: set configuration 0: [omNode-3|rpc:localhost:38017|admin:|client:|dataStream:|priority:0, omNode-1|rpc:localhost:35389|admin:|client:|dataStream:|priority:0, omNode-2|rpc:localhost:45203|admin:|client:|dataStream:|priority:0], old=null
2022-10-18 21:55:24,297 [omNode-2-server-thread1] INFO  server.RaftServer$Division (ServerState.java:setLeader(287)) - omNode-2@group-523986131536: change Leader from null to omNode-1 at term 1 for appendEntries, leader elected after 1472ms
2022-10-18 21:55:24,299 [Listener at 127.0.0.1/43229] INFO  http.BaseHttpServer (BaseHttpServer.java:newHttpServer2BuilderForOzone(213)) - Starting Web-server for hddsDatanode at: http://0.0.0.0:0
2022-10-18 21:55:24,299 [Listener at 127.0.0.1/43229] INFO  http.BaseHttpServer (BaseHttpServer.java:<init>(108)) - Hadoop Security Enabled: false Ozone Security Enabled: false Ozone HTTP Security Enabled: false 
2022-10-18 21:55:24,301 [Listener at 127.0.0.1/43229] WARN  server.AuthenticationFilter (AuthenticationFilter.java:constructSecretProvider(240)) - Unable to initialize FileSignerSecretProvider, falling back to use random secrets. Reason: Could not read signature secret file: /home/runner/hadoop-http-auth-signature-secret
2022-10-18 21:55:24,309 [omNode-3-server-thread1] INFO  server.RaftServer$Division (ServerState.java:setLeader(287)) - omNode-3@group-523986131536: change Leader from null to omNode-1 at term 1 for appendEntries, leader elected after 950ms
2022-10-18 21:55:24,310 [Listener at 127.0.0.1/43229] WARN  http.HttpRequestLog (HttpRequestLog.java:getRequestLog(103)) - Jetty request log can only be enabled using Log4j
2022-10-18 21:55:24,313 [Listener at 127.0.0.1/43229] INFO  http.HttpServer2 (HttpServer2.java:addGlobalFilter(1031)) - Added global filter 'safety' (class=org.apache.hadoop.hdds.server.http.HttpServer2$QuotingInputFilter)
2022-10-18 21:55:24,313 [omNode-2-server-thread1] INFO  server.RaftServer$Division (ServerState.java:setRaftConf(393)) - omNode-2@group-523986131536: set configuration 0: [omNode-3|rpc:localhost:38017|admin:|client:|dataStream:|priority:0, omNode-1|rpc:localhost:35389|admin:|client:|dataStream:|priority:0, omNode-2|rpc:localhost:45203|admin:|client:|dataStream:|priority:0], old=null
2022-10-18 21:55:24,313 [omNode-2-server-thread1] INFO  segmented.SegmentedRaftLogWorker (SegmentedRaftLogWorker.java:startLogSegment(425)) - omNode-2@group-523986131536-SegmentedRaftLogWorker: Starting segment from index:0
2022-10-18 21:55:24,315 [omNode-3-server-thread1] INFO  server.RaftServer$Division (ServerState.java:setRaftConf(393)) - omNode-3@group-523986131536: set configuration 0: [omNode-3|rpc:localhost:38017|admin:|client:|dataStream:|priority:0, omNode-1|rpc:localhost:35389|admin:|client:|dataStream:|priority:0, omNode-2|rpc:localhost:45203|admin:|client:|dataStream:|priority:0], old=null
2022-10-18 21:55:24,316 [omNode-3-server-thread1] INFO  segmented.SegmentedRaftLogWorker (SegmentedRaftLogWorker.java:startLogSegment(425)) - omNode-3@group-523986131536-SegmentedRaftLogWorker: Starting segment from index:0
2022-10-18 21:55:24,316 [Listener at 127.0.0.1/43229] INFO  http.HttpServer2 (HttpServer2.java:addFilter(1007)) - Added filter static_user_filter (class=org.apache.hadoop.http.lib.StaticUserWebFilter$StaticUserFilter) to context hddsDatanode
2022-10-18 21:55:24,316 [Listener at 127.0.0.1/43229] INFO  http.HttpServer2 (HttpServer2.java:addFilter(1015)) - Added filter static_user_filter (class=org.apache.hadoop.http.lib.StaticUserWebFilter$StaticUserFilter) to context static
2022-10-18 21:55:24,317 [Listener at 127.0.0.1/43229] INFO  http.HttpServer2 (HttpServer2.java:addFilter(1015)) - Added filter static_user_filter (class=org.apache.hadoop.http.lib.StaticUserWebFilter$StaticUserFilter) to context logs
2022-10-18 21:55:24,317 [Listener at 127.0.0.1/43229] INFO  http.HttpServer2 (HttpServer2.java:bindListener(1250)) - Jetty bound to port 39763
2022-10-18 21:55:24,317 [Listener at 127.0.0.1/43229] INFO  server.Server (Server.java:doStart(375)) - jetty-9.4.43.v20210629; built: 2021-06-30T11:07:22.254Z; git: 526006ecfa3af7f1a27ef3a288e2bef7ea9dd7e8; jvm 1.8.0_345-b01
2022-10-18 21:55:24,333 [Listener at 127.0.0.1/43229] INFO  server.session (DefaultSessionIdManager.java:doStart(334)) - DefaultSessionIdManager workerName=node0
2022-10-18 21:55:24,333 [Listener at 127.0.0.1/43229] INFO  server.session (DefaultSessionIdManager.java:doStart(339)) - No SessionScavenger set, using defaults
2022-10-18 21:55:24,334 [Listener at 127.0.0.1/43229] INFO  server.session (HouseKeeper.java:startScavenging(132)) - node0 Scavenging every 660000ms
2022-10-18 21:55:24,334 [Listener at 127.0.0.1/43229] INFO  handler.ContextHandler (ContextHandler.java:doStart(915)) - Started o.e.j.s.ServletContextHandler@73b40ffd{logs,/logs,file:///home/runner/work/ozone/ozone/hadoop-ozone/integration-test/target/log,AVAILABLE}
2022-10-18 21:55:24,335 [Listener at 127.0.0.1/43229] INFO  handler.ContextHandler (ContextHandler.java:doStart(915)) - Started o.e.j.s.ServletContextHandler@66dee88a{static,/static,jar:file:/home/runner/.m2/repository/org/apache/ozone/hdds-container-service/1.3.0-SNAPSHOT/hdds-container-service-1.3.0-SNAPSHOT.jar!/webapps/static,AVAILABLE}
2022-10-18 21:55:24,338 [omNode-1@group-523986131536-SegmentedRaftLogWorker] INFO  segmented.SegmentedRaftLogWorker (SegmentedRaftLogWorker.java:execute(629)) - omNode-1@group-523986131536-SegmentedRaftLogWorker: created new log segment /home/runner/work/ozone/ozone/hadoop-ozone/integration-test/target/test-dir/MiniOzoneClusterImpl-285291dc-83a3-4c49-94f6-5e759e1760ea/omNode-1/ratis/c9bc4cf4-3bc3-3c60-a66b-523986131536/current/log_inprogress_0
2022-10-18 21:55:24,338 [omNode-2@group-523986131536-SegmentedRaftLogWorker] INFO  segmented.SegmentedRaftLogWorker (SegmentedRaftLogWorker.java:execute(629)) - omNode-2@group-523986131536-SegmentedRaftLogWorker: created new log segment /home/runner/work/ozone/ozone/hadoop-ozone/integration-test/target/test-dir/MiniOzoneClusterImpl-285291dc-83a3-4c49-94f6-5e759e1760ea/omNode-2/ratis/c9bc4cf4-3bc3-3c60-a66b-523986131536/current/log_inprogress_0
2022-10-18 21:55:24,340 [omNode-3@group-523986131536-SegmentedRaftLogWorker] INFO  segmented.SegmentedRaftLogWorker (SegmentedRaftLogWorker.java:execute(629)) - omNode-3@group-523986131536-SegmentedRaftLogWorker: created new log segment /home/runner/work/ozone/ozone/hadoop-ozone/integration-test/target/test-dir/MiniOzoneClusterImpl-285291dc-83a3-4c49-94f6-5e759e1760ea/omNode-3/ratis/c9bc4cf4-3bc3-3c60-a66b-523986131536/current/log_inprogress_0
2022-10-18 21:55:24,423 [omNode-1@group-523986131536-StateMachineUpdater] INFO  ratis.OzoneManagerStateMachine (OzoneManagerStateMachine.java:notifyConfigurationChanged(192)) - Received Configuration change notification from Ratis. New Peer list:
[id: "omNode-3"
address: "localhost:38017"
, id: "omNode-1"
address: "localhost:35389"
, id: "omNode-2"
address: "localhost:45203"
]
2022-10-18 21:55:24,491 [Listener at 127.0.0.1/43229] INFO  handler.ContextHandler (ContextHandler.java:doStart(915)) - Started o.e.j.w.WebAppContext@494e9f73{hddsDatanode,/,file:///tmp/jetty-0_0_0_0-39763-hdds-container-service-1_3_0-SNAPSHOT_jar-_-any-93895308166509216/webapp/,AVAILABLE}{jar:file:/home/runner/.m2/repository/org/apache/ozone/hdds-container-service/1.3.0-SNAPSHOT/hdds-container-service-1.3.0-SNAPSHOT.jar!/webapps/hddsDatanode}
2022-10-18 21:55:24,493 [Listener at 127.0.0.1/43229] INFO  server.AbstractConnector (AbstractConnector.java:doStart(331)) - Started ServerConnector@12f9db3f{HTTP/1.1, (http/1.1)}{0.0.0.0:39763}
2022-10-18 21:55:24,493 [Listener at 127.0.0.1/43229] INFO  server.Server (Server.java:doStart(415)) - Started @7212ms
2022-10-18 21:55:24,493 [Listener at 127.0.0.1/43229] WARN  impl.MetricsSystemImpl (MetricsSystemImpl.java:register(279)) - Sink prometheus already exists!
2022-10-18 21:55:24,494 [Listener at 127.0.0.1/43229] INFO  http.BaseHttpServer (BaseHttpServer.java:updateConnectorAddress(333)) - HTTP server of hddsDatanode listening at http://0.0.0.0:39763
2022-10-18 21:55:24,494 [Datanode State Machine Daemon Thread] INFO  statemachine.DatanodeStateMachine (DatanodeStateMachine.java:lambda$startDaemon$0(492)) - Ozone container server started.
2022-10-18 21:55:24,496 [Listener at 127.0.0.1/43229] WARN  impl.MetricRegistriesImpl (MetricRegistriesImpl.java:addReporterRegistration(111)) - New reporters are added after registries were created. Some metrics will be missing from the reporter. Please add reporter before adding any new registry.
2022-10-18 21:55:24,496 [Listener at 127.0.0.1/43229] WARN  impl.MetricRegistriesImpl (MetricRegistriesImpl.java:addReporterRegistration(111)) - New reporters are added after registries were created. Some metrics will be missing from the reporter. Please add reporter before adding any new registry.
2022-10-18 21:55:24,496 [Listener at 127.0.0.1/43229] INFO  impl.MetricsSystemImpl (MetricsSystemImpl.java:init(158)) - HddsDatanode metrics system started (again)
2022-10-18 21:55:24,500 [org.apache.hadoop.util.JvmPauseMonitor$Monitor@7955c2bd] INFO  util.JvmPauseMonitor (JvmPauseMonitor.java:run(188)) - Starting JVM pause monitor
2022-10-18 21:55:24,507 [Listener at 127.0.0.1/43229] INFO  ozone.HddsDatanodeService (HddsDatanodeService.java:start(236)) - HddsDatanodeService host:fv-az368-376.2eqeunsjyj5ebgwla1snbw5zah.gx.internal.cloudapp.net ip:10.1.0.49
2022-10-18 21:55:24,526 [Listener at 127.0.0.1/43229] INFO  upgrade.AbstractLayoutVersionManager (AbstractLayoutVersionManager.java:init(83)) - Initializing Layout version manager with metadata layout = DATANODE_SCHEMA_V3 (version = 4), software layout = DATANODE_SCHEMA_V3 (version = 4)
2022-10-18 21:55:24,560 [Listener at 127.0.0.1/43229] INFO  reflections.Reflections (Reflections.java:scan(232)) - Reflections took 32 ms to scan 7 urls, producing 137 keys and 328 values 
2022-10-18 21:55:24,562 [Listener at 127.0.0.1/43229] INFO  statemachine.DatanodeStateMachine (DatanodeStateMachine.java:getEndPointTaskThreadPoolSize(237)) - Datanode State Machine Task Thread Pool size 2
2022-10-18 21:55:24,570 [Listener at 127.0.0.1/43229] INFO  volume.HddsVolume (HddsVolume.java:<init>(117)) - Creating HddsVolume: /home/runner/work/ozone/ozone/hadoop-ozone/integration-test/target/test-dir/MiniOzoneClusterImpl-285291dc-83a3-4c49-94f6-5e759e1760ea/datanode-1/data-0/containers/hdds of storage type : DISK capacity : 9223372036854775807
2022-10-18 21:55:24,570 [Listener at 127.0.0.1/43229] INFO  volume.MutableVolumeSet (MutableVolumeSet.java:initializeVolumeSet(174)) - Added Volume : /home/runner/work/ozone/ozone/hadoop-ozone/integration-test/target/test-dir/MiniOzoneClusterImpl-285291dc-83a3-4c49-94f6-5e759e1760ea/datanode-1/data-0/containers/hdds to VolumeSet
2022-10-18 21:55:24,571 [Listener at 127.0.0.1/43229] INFO  volume.ThrottledAsyncChecker (ThrottledAsyncChecker.java:schedule(141)) - Scheduling a check for /home/runner/work/ozone/ozone/hadoop-ozone/integration-test/target/test-dir/MiniOzoneClusterImpl-285291dc-83a3-4c49-94f6-5e759e1760ea/datanode-1/data-0/containers/hdds
2022-10-18 21:55:24,572 [Listener at 127.0.0.1/43229] INFO  volume.StorageVolumeChecker (StorageVolumeChecker.java:checkAllVolumes(202)) - Scheduled health check for volume /home/runner/work/ozone/ozone/hadoop-ozone/integration-test/target/test-dir/MiniOzoneClusterImpl-285291dc-83a3-4c49-94f6-5e759e1760ea/datanode-1/data-0/containers/hdds
2022-10-18 21:55:24,584 [Datanode State Machine Task Thread - 0] INFO  datanode.InitDatanodeState (InitDatanodeState.java:persistContainerDatanodeDetails(138)) - DatanodeDetails is persisted to /home/runner/work/ozone/ozone/hadoop-ozone/integration-test/target/test-dir/MiniOzoneClusterImpl-285291dc-83a3-4c49-94f6-5e759e1760ea/datanode-0/meta/datanode.id
2022-10-18 21:55:24,584 [Listener at 127.0.0.1/43229] INFO  volume.MutableVolumeSet (MutableVolumeSet.java:initializeVolumeSet(174)) - Added Volume : /home/runner/work/ozone/ozone/hadoop-ozone/integration-test/target/test-dir/MiniOzoneClusterImpl-285291dc-83a3-4c49-94f6-5e759e1760ea/datanode-1/data/ratis to VolumeSet
2022-10-18 21:55:24,584 [Listener at 127.0.0.1/43229] INFO  volume.ThrottledAsyncChecker (ThrottledAsyncChecker.java:schedule(141)) - Scheduling a check for /home/runner/work/ozone/ozone/hadoop-ozone/integration-test/target/test-dir/MiniOzoneClusterImpl-285291dc-83a3-4c49-94f6-5e759e1760ea/datanode-1/data/ratis
2022-10-18 21:55:24,584 [Listener at 127.0.0.1/43229] INFO  volume.StorageVolumeChecker (StorageVolumeChecker.java:checkAllVolumes(202)) - Scheduled health check for volume /home/runner/work/ozone/ozone/hadoop-ozone/integration-test/target/test-dir/MiniOzoneClusterImpl-285291dc-83a3-4c49-94f6-5e759e1760ea/datanode-1/data/ratis
2022-10-18 21:55:24,596 [Thread-250] INFO  ozoneimpl.ContainerReader (ContainerReader.java:readVolume(175)) - Finish verifying containers on volume /home/runner/work/ozone/ozone/hadoop-ozone/integration-test/target/test-dir/MiniOzoneClusterImpl-285291dc-83a3-4c49-94f6-5e759e1760ea/datanode-1/data-0/containers/hdds
2022-10-18 21:55:24,597 [Listener at 127.0.0.1/43229] INFO  ozoneimpl.OzoneContainer (OzoneContainer.java:buildContainerSet(300)) - Build ContainerSet costs 0s
2022-10-18 21:55:24,600 [Listener at 127.0.0.1/43229] INFO  server.RaftServer (ConfUtils.java:logGet(46)) - raft.rpc.type = GRPC (default)
2022-10-18 21:55:24,600 [Listener at 127.0.0.1/43229] INFO  grpc.GrpcFactory (GrpcFactory.java:checkPooledByteBufAllocatorUseCacheForAllThreads(48)) - PERFORMANCE WARNING: useCacheForAllThreads is true that may cause Netty to create a lot garbage objects and, as a result, trigger GC.
	It is recommended to disable useCacheForAllThreads by setting -Dorg.apache.ratis.thirdparty.io.netty.allocator.useCacheForAllThreads=false in command line.
2022-10-18 21:55:24,601 [Listener at 127.0.0.1/43229] INFO  grpc.GrpcConfigKeys (ConfUtils.java:logGet(46)) - raft.grpc.admin.port = 0 (custom)
2022-10-18 21:55:24,601 [Listener at 127.0.0.1/43229] INFO  grpc.GrpcConfigKeys (ConfUtils.java:logGet(46)) - raft.grpc.client.port = 0 (custom)
2022-10-18 21:55:24,601 [Listener at 127.0.0.1/43229] INFO  grpc.GrpcConfigKeys (ConfUtils.java:logGet(46)) - raft.grpc.server.port = 0 (default)
2022-10-18 21:55:24,601 [Listener at 127.0.0.1/43229] INFO  server.GrpcService (ConfUtils.java:logGet(46)) - raft.grpc.message.size.max = 32MB (=33554432) (custom)
2022-10-18 21:55:24,601 [Listener at 127.0.0.1/43229] INFO  server.RaftServerConfigKeys (ConfUtils.java:logGet(46)) - raft.server.log.appender.buffer.byte-limit = 33554432 (custom)
2022-10-18 21:55:24,601 [Listener at 127.0.0.1/43229] INFO  server.GrpcService (ConfUtils.java:logGet(46)) - raft.grpc.flow.control.window = 5MB (=5242880) (custom)
2022-10-18 21:55:24,602 [Listener at 127.0.0.1/43229] INFO  server.RaftServerConfigKeys (ConfUtils.java:logGet(46)) - raft.server.rpc.request.timeout = 60s (custom)
2022-10-18 21:55:24,602 [Listener at 127.0.0.1/43229] INFO  grpc.GrpcConfigKeys (ConfUtils.java:logGet(46)) - raft.grpc.server.async.request.thread.pool.cached = true (default)
2022-10-18 21:55:24,602 [Listener at 127.0.0.1/43229] INFO  grpc.GrpcConfigKeys (ConfUtils.java:logGet(46)) - raft.grpc.server.async.request.thread.pool.size = 32 (default)
2022-10-18 21:55:24,603 [Listener at 127.0.0.1/43229] INFO  impl.DataStreamServerImpl (ConfUtils.java:logGet(46)) - raft.datastream.type = DISABLED (default)
2022-10-18 21:55:24,603 [Listener at 127.0.0.1/43229] INFO  server.RaftServerConfigKeys (ConfUtils.java:logGet(46)) - raft.server.threadpool.proxy.cached = true (default)
2022-10-18 21:55:24,603 [Listener at 127.0.0.1/43229] INFO  server.RaftServerConfigKeys (ConfUtils.java:logGet(46)) - raft.server.threadpool.proxy.size = 0 (default)
2022-10-18 21:55:24,603 [Listener at 127.0.0.1/43229] INFO  server.RaftServerConfigKeys (ConfUtils.java:logGet(46)) - raft.server.rpc.slowness.timeout = 300s (custom)
2022-10-18 21:55:24,603 [Listener at 127.0.0.1/43229] INFO  server.RaftServerConfigKeys (ConfUtils.java:logGet(46)) - raft.server.leaderelection.leader.step-down.wait-time = 10s (default)
2022-10-18 21:55:24,603 [Listener at 127.0.0.1/43229] INFO  server.RaftServerConfigKeys (ConfUtils.java:logGet(46)) - raft.server.storage.dir = [/home/runner/work/ozone/ozone/hadoop-ozone/integration-test/target/test-dir/MiniOzoneClusterImpl-285291dc-83a3-4c49-94f6-5e759e1760ea/datanode-1/data/ratis] (custom)
2022-10-18 21:55:24,605 [Listener at 127.0.0.1/43229] INFO  server.XceiverServerGrpc (XceiverServerGrpc.java:<init>(132)) - GrpcServer channel type EpollServerSocketChannel
2022-10-18 21:55:24,608 [Listener at 127.0.0.1/43229] INFO  http.BaseHttpServer (BaseHttpServer.java:newHttpServer2BuilderForOzone(213)) - Starting Web-server for hddsDatanode at: http://0.0.0.0:0
2022-10-18 21:55:24,608 [Listener at 127.0.0.1/43229] INFO  http.BaseHttpServer (BaseHttpServer.java:<init>(108)) - Hadoop Security Enabled: false Ozone Security Enabled: false Ozone HTTP Security Enabled: false 
2022-10-18 21:55:24,610 [Listener at 127.0.0.1/43229] WARN  server.AuthenticationFilter (AuthenticationFilter.java:constructSecretProvider(240)) - Unable to initialize FileSignerSecretProvider, falling back to use random secrets. Reason: Could not read signature secret file: /home/runner/hadoop-http-auth-signature-secret
2022-10-18 21:55:24,610 [Listener at 127.0.0.1/43229] WARN  http.HttpRequestLog (HttpRequestLog.java:getRequestLog(103)) - Jetty request log can only be enabled using Log4j
2022-10-18 21:55:24,611 [Listener at 127.0.0.1/43229] INFO  http.HttpServer2 (HttpServer2.java:addGlobalFilter(1031)) - Added global filter 'safety' (class=org.apache.hadoop.hdds.server.http.HttpServer2$QuotingInputFilter)
2022-10-18 21:55:24,612 [Listener at 127.0.0.1/43229] INFO  http.HttpServer2 (HttpServer2.java:addFilter(1007)) - Added filter static_user_filter (class=org.apache.hadoop.http.lib.StaticUserWebFilter$StaticUserFilter) to context hddsDatanode
2022-10-18 21:55:24,612 [Listener at 127.0.0.1/43229] INFO  http.HttpServer2 (HttpServer2.java:addFilter(1015)) - Added filter static_user_filter (class=org.apache.hadoop.http.lib.StaticUserWebFilter$StaticUserFilter) to context logs
2022-10-18 21:55:24,612 [Listener at 127.0.0.1/43229] INFO  http.HttpServer2 (HttpServer2.java:addFilter(1015)) - Added filter static_user_filter (class=org.apache.hadoop.http.lib.StaticUserWebFilter$StaticUserFilter) to context static
2022-10-18 21:55:24,613 [Listener at 127.0.0.1/43229] INFO  http.HttpServer2 (HttpServer2.java:bindListener(1250)) - Jetty bound to port 45909
2022-10-18 21:55:24,613 [Listener at 127.0.0.1/43229] INFO  server.Server (Server.java:doStart(375)) - jetty-9.4.43.v20210629; built: 2021-06-30T11:07:22.254Z; git: 526006ecfa3af7f1a27ef3a288e2bef7ea9dd7e8; jvm 1.8.0_345-b01
2022-10-18 21:55:24,614 [Listener at 127.0.0.1/43229] INFO  server.session (DefaultSessionIdManager.java:doStart(334)) - DefaultSessionIdManager workerName=node0
2022-10-18 21:55:24,614 [Listener at 127.0.0.1/43229] INFO  server.session (DefaultSessionIdManager.java:doStart(339)) - No SessionScavenger set, using defaults
2022-10-18 21:55:24,614 [Listener at 127.0.0.1/43229] INFO  server.session (HouseKeeper.java:startScavenging(132)) - node0 Scavenging every 660000ms
2022-10-18 21:55:24,615 [Listener at 127.0.0.1/43229] INFO  handler.ContextHandler (ContextHandler.java:doStart(915)) - Started o.e.j.s.ServletContextHandler@6bb0a32c{logs,/logs,file:///home/runner/work/ozone/ozone/hadoop-ozone/integration-test/target/log,AVAILABLE}
2022-10-18 21:55:24,615 [Listener at 127.0.0.1/43229] INFO  handler.ContextHandler (ContextHandler.java:doStart(915)) - Started o.e.j.s.ServletContextHandler@c04ab48{static,/static,jar:file:/home/runner/.m2/repository/org/apache/ozone/hdds-container-service/1.3.0-SNAPSHOT/hdds-container-service-1.3.0-SNAPSHOT.jar!/webapps/static,AVAILABLE}
2022-10-18 21:55:24,735 [Listener at 127.0.0.1/43229] INFO  handler.ContextHandler (ContextHandler.java:doStart(915)) - Started o.e.j.w.WebAppContext@4f45a09c{hddsDatanode,/,file:///tmp/jetty-0_0_0_0-45909-hdds-container-service-1_3_0-SNAPSHOT_jar-_-any-1501856182690946149/webapp/,AVAILABLE}{jar:file:/home/runner/.m2/repository/org/apache/ozone/hdds-container-service/1.3.0-SNAPSHOT/hdds-container-service-1.3.0-SNAPSHOT.jar!/webapps/hddsDatanode}
2022-10-18 21:55:24,736 [Listener at 127.0.0.1/43229] INFO  server.AbstractConnector (AbstractConnector.java:doStart(331)) - Started ServerConnector@5620a340{HTTP/1.1, (http/1.1)}{0.0.0.0:45909}
2022-10-18 21:55:24,736 [Listener at 127.0.0.1/43229] INFO  server.Server (Server.java:doStart(415)) - Started @7455ms
2022-10-18 21:55:24,736 [Listener at 127.0.0.1/43229] WARN  impl.MetricsSystemImpl (MetricsSystemImpl.java:register(279)) - Sink prometheus already exists!
2022-10-18 21:55:24,737 [Listener at 127.0.0.1/43229] INFO  http.BaseHttpServer (BaseHttpServer.java:updateConnectorAddress(333)) - HTTP server of hddsDatanode listening at http://0.0.0.0:45909
2022-10-18 21:55:24,737 [Datanode State Machine Daemon Thread] INFO  statemachine.DatanodeStateMachine (DatanodeStateMachine.java:lambda$startDaemon$0(492)) - Ozone container server started.
2022-10-18 21:55:24,738 [Listener at 127.0.0.1/43229] WARN  impl.MetricRegistriesImpl (MetricRegistriesImpl.java:addReporterRegistration(111)) - New reporters are added after registries were created. Some metrics will be missing from the reporter. Please add reporter before adding any new registry.
2022-10-18 21:55:24,738 [Listener at 127.0.0.1/43229] WARN  impl.MetricRegistriesImpl (MetricRegistriesImpl.java:addReporterRegistration(111)) - New reporters are added after registries were created. Some metrics will be missing from the reporter. Please add reporter before adding any new registry.
2022-10-18 21:55:24,738 [Listener at 127.0.0.1/43229] INFO  impl.MetricsSystemImpl (MetricsSystemImpl.java:init(158)) - HddsDatanode metrics system started (again)
2022-10-18 21:55:24,739 [org.apache.hadoop.util.JvmPauseMonitor$Monitor@3549f576] INFO  util.JvmPauseMonitor (JvmPauseMonitor.java:run(188)) - Starting JVM pause monitor
2022-10-18 21:55:24,744 [Datanode State Machine Task Thread - 0] INFO  datanode.InitDatanodeState (InitDatanodeState.java:persistContainerDatanodeDetails(138)) - DatanodeDetails is persisted to /home/runner/work/ozone/ozone/hadoop-ozone/integration-test/target/test-dir/MiniOzoneClusterImpl-285291dc-83a3-4c49-94f6-5e759e1760ea/datanode-1/meta/datanode.id
2022-10-18 21:55:24,750 [Listener at 127.0.0.1/43229] INFO  ozone.HddsDatanodeService (HddsDatanodeService.java:start(236)) - HddsDatanodeService host:fv-az368-376.2eqeunsjyj5ebgwla1snbw5zah.gx.internal.cloudapp.net ip:10.1.0.49
2022-10-18 21:55:24,763 [Listener at 127.0.0.1/43229] INFO  upgrade.AbstractLayoutVersionManager (AbstractLayoutVersionManager.java:init(83)) - Initializing Layout version manager with metadata layout = DATANODE_SCHEMA_V3 (version = 4), software layout = DATANODE_SCHEMA_V3 (version = 4)
2022-10-18 21:55:24,792 [Listener at 127.0.0.1/43229] INFO  reflections.Reflections (Reflections.java:scan(232)) - Reflections took 29 ms to scan 7 urls, producing 137 keys and 328 values 
2022-10-18 21:55:24,793 [Listener at 127.0.0.1/43229] INFO  statemachine.DatanodeStateMachine (DatanodeStateMachine.java:getEndPointTaskThreadPoolSize(237)) - Datanode State Machine Task Thread Pool size 2
2022-10-18 21:55:24,796 [Listener at 127.0.0.1/43229] INFO  volume.HddsVolume (HddsVolume.java:<init>(117)) - Creating HddsVolume: /home/runner/work/ozone/ozone/hadoop-ozone/integration-test/target/test-dir/MiniOzoneClusterImpl-285291dc-83a3-4c49-94f6-5e759e1760ea/datanode-2/data-0/containers/hdds of storage type : DISK capacity : 9223372036854775807
2022-10-18 21:55:24,796 [Listener at 127.0.0.1/43229] INFO  volume.MutableVolumeSet (MutableVolumeSet.java:initializeVolumeSet(174)) - Added Volume : /home/runner/work/ozone/ozone/hadoop-ozone/integration-test/target/test-dir/MiniOzoneClusterImpl-285291dc-83a3-4c49-94f6-5e759e1760ea/datanode-2/data-0/containers/hdds to VolumeSet
2022-10-18 21:55:24,796 [Listener at 127.0.0.1/43229] INFO  volume.ThrottledAsyncChecker (ThrottledAsyncChecker.java:schedule(141)) - Scheduling a check for /home/runner/work/ozone/ozone/hadoop-ozone/integration-test/target/test-dir/MiniOzoneClusterImpl-285291dc-83a3-4c49-94f6-5e759e1760ea/datanode-2/data-0/containers/hdds
2022-10-18 21:55:24,797 [Listener at 127.0.0.1/43229] INFO  volume.StorageVolumeChecker (StorageVolumeChecker.java:checkAllVolumes(202)) - Scheduled health check for volume /home/runner/work/ozone/ozone/hadoop-ozone/integration-test/target/test-dir/MiniOzoneClusterImpl-285291dc-83a3-4c49-94f6-5e759e1760ea/datanode-2/data-0/containers/hdds
2022-10-18 21:55:24,809 [Listener at 127.0.0.1/43229] INFO  volume.MutableVolumeSet (MutableVolumeSet.java:initializeVolumeSet(174)) - Added Volume : /home/runner/work/ozone/ozone/hadoop-ozone/integration-test/target/test-dir/MiniOzoneClusterImpl-285291dc-83a3-4c49-94f6-5e759e1760ea/datanode-2/data/ratis to VolumeSet
2022-10-18 21:55:24,809 [Listener at 127.0.0.1/43229] INFO  volume.ThrottledAsyncChecker (ThrottledAsyncChecker.java:schedule(141)) - Scheduling a check for /home/runner/work/ozone/ozone/hadoop-ozone/integration-test/target/test-dir/MiniOzoneClusterImpl-285291dc-83a3-4c49-94f6-5e759e1760ea/datanode-2/data/ratis
2022-10-18 21:55:24,809 [Listener at 127.0.0.1/43229] INFO  volume.StorageVolumeChecker (StorageVolumeChecker.java:checkAllVolumes(202)) - Scheduled health check for volume /home/runner/work/ozone/ozone/hadoop-ozone/integration-test/target/test-dir/MiniOzoneClusterImpl-285291dc-83a3-4c49-94f6-5e759e1760ea/datanode-2/data/ratis
2022-10-18 21:55:24,817 [Thread-263] INFO  ozoneimpl.ContainerReader (ContainerReader.java:readVolume(175)) - Finish verifying containers on volume /home/runner/work/ozone/ozone/hadoop-ozone/integration-test/target/test-dir/MiniOzoneClusterImpl-285291dc-83a3-4c49-94f6-5e759e1760ea/datanode-2/data-0/containers/hdds
2022-10-18 21:55:24,817 [Listener at 127.0.0.1/43229] INFO  ozoneimpl.OzoneContainer (OzoneContainer.java:buildContainerSet(300)) - Build ContainerSet costs 0s
2022-10-18 21:55:24,819 [Listener at 127.0.0.1/43229] INFO  server.RaftServer (ConfUtils.java:logGet(46)) - raft.rpc.type = GRPC (default)
2022-10-18 21:55:24,819 [Listener at 127.0.0.1/43229] INFO  grpc.GrpcFactory (GrpcFactory.java:checkPooledByteBufAllocatorUseCacheForAllThreads(48)) - PERFORMANCE WARNING: useCacheForAllThreads is true that may cause Netty to create a lot garbage objects and, as a result, trigger GC.
	It is recommended to disable useCacheForAllThreads by setting -Dorg.apache.ratis.thirdparty.io.netty.allocator.useCacheForAllThreads=false in command line.
2022-10-18 21:55:24,819 [Listener at 127.0.0.1/43229] INFO  grpc.GrpcConfigKeys (ConfUtils.java:logGet(46)) - raft.grpc.admin.port = 0 (custom)
2022-10-18 21:55:24,819 [Listener at 127.0.0.1/43229] INFO  grpc.GrpcConfigKeys (ConfUtils.java:logGet(46)) - raft.grpc.client.port = 0 (custom)
2022-10-18 21:55:24,820 [Listener at 127.0.0.1/43229] INFO  grpc.GrpcConfigKeys (ConfUtils.java:logGet(46)) - raft.grpc.server.port = 0 (default)
2022-10-18 21:55:24,820 [Listener at 127.0.0.1/43229] INFO  server.GrpcService (ConfUtils.java:logGet(46)) - raft.grpc.message.size.max = 32MB (=33554432) (custom)
2022-10-18 21:55:24,820 [Listener at 127.0.0.1/43229] INFO  server.RaftServerConfigKeys (ConfUtils.java:logGet(46)) - raft.server.log.appender.buffer.byte-limit = 33554432 (custom)
2022-10-18 21:55:24,820 [Listener at 127.0.0.1/43229] INFO  server.GrpcService (ConfUtils.java:logGet(46)) - raft.grpc.flow.control.window = 5MB (=5242880) (custom)
2022-10-18 21:55:24,820 [Listener at 127.0.0.1/43229] INFO  server.RaftServerConfigKeys (ConfUtils.java:logGet(46)) - raft.server.rpc.request.timeout = 60s (custom)
2022-10-18 21:55:24,820 [Listener at 127.0.0.1/43229] INFO  grpc.GrpcConfigKeys (ConfUtils.java:logGet(46)) - raft.grpc.server.async.request.thread.pool.cached = true (default)
2022-10-18 21:55:24,820 [Listener at 127.0.0.1/43229] INFO  grpc.GrpcConfigKeys (ConfUtils.java:logGet(46)) - raft.grpc.server.async.request.thread.pool.size = 32 (default)
2022-10-18 21:55:24,821 [Listener at 127.0.0.1/43229] INFO  impl.DataStreamServerImpl (ConfUtils.java:logGet(46)) - raft.datastream.type = DISABLED (default)
2022-10-18 21:55:24,821 [Listener at 127.0.0.1/43229] INFO  server.RaftServerConfigKeys (ConfUtils.java:logGet(46)) - raft.server.threadpool.proxy.cached = true (default)
2022-10-18 21:55:24,821 [Listener at 127.0.0.1/43229] INFO  server.RaftServerConfigKeys (ConfUtils.java:logGet(46)) - raft.server.threadpool.proxy.size = 0 (default)
2022-10-18 21:55:24,821 [Listener at 127.0.0.1/43229] INFO  server.RaftServerConfigKeys (ConfUtils.java:logGet(46)) - raft.server.rpc.slowness.timeout = 300s (custom)
2022-10-18 21:55:24,821 [Listener at 127.0.0.1/43229] INFO  server.RaftServerConfigKeys (ConfUtils.java:logGet(46)) - raft.server.leaderelection.leader.step-down.wait-time = 10s (default)
2022-10-18 21:55:24,821 [Listener at 127.0.0.1/43229] INFO  server.RaftServerConfigKeys (ConfUtils.java:logGet(46)) - raft.server.storage.dir = [/home/runner/work/ozone/ozone/hadoop-ozone/integration-test/target/test-dir/MiniOzoneClusterImpl-285291dc-83a3-4c49-94f6-5e759e1760ea/datanode-2/data/ratis] (custom)
2022-10-18 21:55:24,823 [Listener at 127.0.0.1/43229] INFO  server.XceiverServerGrpc (XceiverServerGrpc.java:<init>(132)) - GrpcServer channel type EpollServerSocketChannel
2022-10-18 21:55:24,825 [Listener at 127.0.0.1/43229] INFO  http.BaseHttpServer (BaseHttpServer.java:newHttpServer2BuilderForOzone(213)) - Starting Web-server for hddsDatanode at: http://0.0.0.0:0
2022-10-18 21:55:24,825 [Listener at 127.0.0.1/43229] INFO  http.BaseHttpServer (BaseHttpServer.java:<init>(108)) - Hadoop Security Enabled: false Ozone Security Enabled: false Ozone HTTP Security Enabled: false 
2022-10-18 21:55:24,826 [Listener at 127.0.0.1/43229] WARN  server.AuthenticationFilter (AuthenticationFilter.java:constructSecretProvider(240)) - Unable to initialize FileSignerSecretProvider, falling back to use random secrets. Reason: Could not read signature secret file: /home/runner/hadoop-http-auth-signature-secret
2022-10-18 21:55:24,826 [Listener at 127.0.0.1/43229] WARN  http.HttpRequestLog (HttpRequestLog.java:getRequestLog(103)) - Jetty request log can only be enabled using Log4j
2022-10-18 21:55:24,827 [Listener at 127.0.0.1/43229] INFO  http.HttpServer2 (HttpServer2.java:addGlobalFilter(1031)) - Added global filter 'safety' (class=org.apache.hadoop.hdds.server.http.HttpServer2$QuotingInputFilter)
2022-10-18 21:55:24,828 [Listener at 127.0.0.1/43229] INFO  http.HttpServer2 (HttpServer2.java:addFilter(1007)) - Added filter static_user_filter (class=org.apache.hadoop.http.lib.StaticUserWebFilter$StaticUserFilter) to context hddsDatanode
2022-10-18 21:55:24,828 [Listener at 127.0.0.1/43229] INFO  http.HttpServer2 (HttpServer2.java:addFilter(1015)) - Added filter static_user_filter (class=org.apache.hadoop.http.lib.StaticUserWebFilter$StaticUserFilter) to context logs
2022-10-18 21:55:24,828 [Listener at 127.0.0.1/43229] INFO  http.HttpServer2 (HttpServer2.java:addFilter(1015)) - Added filter static_user_filter (class=org.apache.hadoop.http.lib.StaticUserWebFilter$StaticUserFilter) to context static
2022-10-18 21:55:24,829 [Listener at 127.0.0.1/43229] INFO  http.HttpServer2 (HttpServer2.java:bindListener(1250)) - Jetty bound to port 44863
2022-10-18 21:55:24,829 [Listener at 127.0.0.1/43229] INFO  server.Server (Server.java:doStart(375)) - jetty-9.4.43.v20210629; built: 2021-06-30T11:07:22.254Z; git: 526006ecfa3af7f1a27ef3a288e2bef7ea9dd7e8; jvm 1.8.0_345-b01
2022-10-18 21:55:24,840 [Listener at 127.0.0.1/43229] INFO  server.session (DefaultSessionIdManager.java:doStart(334)) - DefaultSessionIdManager workerName=node0
2022-10-18 21:55:24,840 [Listener at 127.0.0.1/43229] INFO  server.session (DefaultSessionIdManager.java:doStart(339)) - No SessionScavenger set, using defaults
2022-10-18 21:55:24,840 [Listener at 127.0.0.1/43229] INFO  server.session (HouseKeeper.java:startScavenging(132)) - node0 Scavenging every 660000ms
2022-10-18 21:55:24,841 [Listener at 127.0.0.1/43229] INFO  handler.ContextHandler (ContextHandler.java:doStart(915)) - Started o.e.j.s.ServletContextHandler@9069115{logs,/logs,file:///home/runner/work/ozone/ozone/hadoop-ozone/integration-test/target/log,AVAILABLE}
2022-10-18 21:55:24,842 [Listener at 127.0.0.1/43229] INFO  handler.ContextHandler (ContextHandler.java:doStart(915)) - Started o.e.j.s.ServletContextHandler@618e35b9{static,/static,jar:file:/home/runner/.m2/repository/org/apache/ozone/hdds-container-service/1.3.0-SNAPSHOT/hdds-container-service-1.3.0-SNAPSHOT.jar!/webapps/static,AVAILABLE}
2022-10-18 21:55:24,849 [omNode-2@group-523986131536-StateMachineUpdater] INFO  ratis.OzoneManagerStateMachine (OzoneManagerStateMachine.java:notifyConfigurationChanged(192)) - Received Configuration change notification from Ratis. New Peer list:
[id: "omNode-3"
address: "localhost:38017"
, id: "omNode-1"
address: "localhost:35389"
, id: "omNode-2"
address: "localhost:45203"
]
2022-10-18 21:55:24,850 [omNode-3@group-523986131536-StateMachineUpdater] INFO  ratis.OzoneManagerStateMachine (OzoneManagerStateMachine.java:notifyConfigurationChanged(192)) - Received Configuration change notification from Ratis. New Peer list:
[id: "omNode-3"
address: "localhost:38017"
, id: "omNode-1"
address: "localhost:35389"
, id: "omNode-2"
address: "localhost:45203"
]
2022-10-18 21:55:24,965 [Listener at 127.0.0.1/43229] INFO  handler.ContextHandler (ContextHandler.java:doStart(915)) - Started o.e.j.w.WebAppContext@55fbe0fc{hddsDatanode,/,file:///tmp/jetty-0_0_0_0-44863-hdds-container-service-1_3_0-SNAPSHOT_jar-_-any-594030500048386998/webapp/,AVAILABLE}{jar:file:/home/runner/.m2/repository/org/apache/ozone/hdds-container-service/1.3.0-SNAPSHOT/hdds-container-service-1.3.0-SNAPSHOT.jar!/webapps/hddsDatanode}
2022-10-18 21:55:24,967 [Listener at 127.0.0.1/43229] INFO  server.AbstractConnector (AbstractConnector.java:doStart(331)) - Started ServerConnector@533167f0{HTTP/1.1, (http/1.1)}{0.0.0.0:44863}
2022-10-18 21:55:24,967 [Listener at 127.0.0.1/43229] INFO  server.Server (Server.java:doStart(415)) - Started @7685ms
2022-10-18 21:55:24,967 [Listener at 127.0.0.1/43229] WARN  impl.MetricsSystemImpl (MetricsSystemImpl.java:register(279)) - Sink prometheus already exists!
2022-10-18 21:55:24,967 [Listener at 127.0.0.1/43229] INFO  http.BaseHttpServer (BaseHttpServer.java:updateConnectorAddress(333)) - HTTP server of hddsDatanode listening at http://0.0.0.0:44863
2022-10-18 21:55:24,968 [Datanode State Machine Daemon Thread] INFO  statemachine.DatanodeStateMachine (DatanodeStateMachine.java:lambda$startDaemon$0(492)) - Ozone container server started.
2022-10-18 21:55:24,969 [org.apache.hadoop.util.JvmPauseMonitor$Monitor@3654086b] INFO  util.JvmPauseMonitor (JvmPauseMonitor.java:run(188)) - Starting JVM pause monitor
2022-10-18 21:55:24,970 [Listener at 127.0.0.1/43229] INFO  ozone.MiniOzoneClusterImpl (MiniOzoneClusterImpl.java:lambda$waitForClusterToBeReady$0(216)) - Waiting for nodes to be ready. Got 0 of 3 DN Heartbeats.
2022-10-18 21:55:24,970 [Listener at 127.0.0.1/43229] INFO  ozone.MiniOzoneClusterImpl (MiniOzoneClusterImpl.java:lambda$waitForClusterToBeReady$0(219)) - Waiting for cluster to exit safe mode
2022-10-18 21:55:24,970 [Listener at 127.0.0.1/43229] INFO  ozone.MiniOzoneClusterImpl (MiniOzoneClusterImpl.java:lambda$waitForClusterToBeReady$0(221)) - SCM became leader
2022-10-18 21:55:24,971 [Datanode State Machine Task Thread - 0] INFO  datanode.InitDatanodeState (InitDatanodeState.java:persistContainerDatanodeDetails(138)) - DatanodeDetails is persisted to /home/runner/work/ozone/ozone/hadoop-ozone/integration-test/target/test-dir/MiniOzoneClusterImpl-285291dc-83a3-4c49-94f6-5e759e1760ea/datanode-2/meta/datanode.id
2022-10-18 21:55:25,970 [Listener at 127.0.0.1/43229] INFO  ozone.MiniOzoneClusterImpl (MiniOzoneClusterImpl.java:lambda$waitForClusterToBeReady$0(216)) - Waiting for nodes to be ready. Got 0 of 3 DN Heartbeats.
2022-10-18 21:55:25,971 [Listener at 127.0.0.1/43229] INFO  ozone.MiniOzoneClusterImpl (MiniOzoneClusterImpl.java:lambda$waitForClusterToBeReady$0(219)) - Waiting for cluster to exit safe mode
2022-10-18 21:55:25,971 [Listener at 127.0.0.1/43229] INFO  ozone.MiniOzoneClusterImpl (MiniOzoneClusterImpl.java:lambda$waitForClusterToBeReady$0(221)) - SCM became leader
2022-10-18 21:55:26,578 [EndpointStateMachine task thread for /0.0.0.0:40177 - 0 ] INFO  volume.HddsVolume (HddsVolume.java:createDbStore(307)) - SchemaV3 db is created and loaded at /home/runner/work/ozone/ozone/hadoop-ozone/integration-test/target/test-dir/MiniOzoneClusterImpl-285291dc-83a3-4c49-94f6-5e759e1760ea/datanode-0/data-0/containers/hdds/285291dc-83a3-4c49-94f6-5e759e1760ea/DS-d9daf240-00a1-4a8a-8411-458300f011e2/container.db for volume DS-d9daf240-00a1-4a8a-8411-458300f011e2
2022-10-18 21:55:26,581 [EndpointStateMachine task thread for /0.0.0.0:40177 - 0 ] INFO  volume.HddsVolume (HddsVolume.java:closeDbStore(338)) - SchemaV3 db is stopped at /home/runner/work/ozone/ozone/hadoop-ozone/integration-test/target/test-dir/MiniOzoneClusterImpl-285291dc-83a3-4c49-94f6-5e759e1760ea/datanode-0/data-0/containers/hdds/285291dc-83a3-4c49-94f6-5e759e1760ea/DS-d9daf240-00a1-4a8a-8411-458300f011e2/container.db for volume DS-d9daf240-00a1-4a8a-8411-458300f011e2
2022-10-18 21:55:26,581 [EndpointStateMachine task thread for /0.0.0.0:40177 - 0 ] INFO  ozoneimpl.OzoneContainer (OzoneContainer.java:start(378)) - Attempting to start container services.
2022-10-18 21:55:26,583 [EndpointStateMachine task thread for /0.0.0.0:40177 - 0 ] INFO  ozoneimpl.OzoneContainer (OzoneContainer.java:startContainerScrub(313)) - Background container scanner has been disabled.
2022-10-18 21:55:26,585 [EndpointStateMachine task thread for /0.0.0.0:40177 - 0 ] INFO  replication.ReplicationServer (ReplicationServer.java:start(111)) - ReplicationServer is started using port 40197
2022-10-18 21:55:26,587 [EndpointStateMachine task thread for /0.0.0.0:40177 - 0 ] INFO  ratis.XceiverServerRatis (XceiverServerRatis.java:start(481)) - Starting XceiverServerRatis 4be08eba-b757-4d49-ba99-26dafbb001b1
2022-10-18 21:55:26,588 [EndpointStateMachine task thread for /0.0.0.0:40177 - 0 ] INFO  server.RaftServer (RaftServerProxy.java:lambda$start$6(382)) - 4be08eba-b757-4d49-ba99-26dafbb001b1: start RPC server
2022-10-18 21:55:26,589 [EndpointStateMachine task thread for /0.0.0.0:40177 - 0 ] INFO  server.GrpcService (GrpcService.java:startImpl(260)) - 4be08eba-b757-4d49-ba99-26dafbb001b1: GrpcService started, listening on 37381
2022-10-18 21:55:26,590 [org.apache.ratis.util.JvmPauseMonitor$$Lambda$703/854163851@50472336] INFO  util.JvmPauseMonitor (JvmPauseMonitor.java:run(103)) - JvmPauseMonitor-4be08eba-b757-4d49-ba99-26dafbb001b1: Started
2022-10-18 21:55:26,590 [EndpointStateMachine task thread for /0.0.0.0:40177 - 0 ] INFO  ratis.XceiverServerRatis (XceiverServerRatis.java:getRealPort(502)) - XceiverServerRatis 4be08eba-b757-4d49-ba99-26dafbb001b1 is started using port 37381 for RATIS
2022-10-18 21:55:26,590 [EndpointStateMachine task thread for /0.0.0.0:40177 - 0 ] INFO  ratis.XceiverServerRatis (XceiverServerRatis.java:getRealPort(502)) - XceiverServerRatis 4be08eba-b757-4d49-ba99-26dafbb001b1 is started using port 37381 for RATIS_ADMIN
2022-10-18 21:55:26,590 [EndpointStateMachine task thread for /0.0.0.0:40177 - 0 ] INFO  ratis.XceiverServerRatis (XceiverServerRatis.java:getRealPort(502)) - XceiverServerRatis 4be08eba-b757-4d49-ba99-26dafbb001b1 is started using port 37381 for RATIS_SERVER
2022-10-18 21:55:26,591 [EndpointStateMachine task thread for /0.0.0.0:40177 - 0 ] INFO  server.XceiverServerGrpc (XceiverServerGrpc.java:start(180)) - XceiverServerGrpc 4be08eba-b757-4d49-ba99-26dafbb001b1 is started using port 36389
2022-10-18 21:55:26,760 [EndpointStateMachine task thread for /0.0.0.0:40177 - 0 ] INFO  volume.HddsVolume (HddsVolume.java:createDbStore(307)) - SchemaV3 db is created and loaded at /home/runner/work/ozone/ozone/hadoop-ozone/integration-test/target/test-dir/MiniOzoneClusterImpl-285291dc-83a3-4c49-94f6-5e759e1760ea/datanode-1/data-0/containers/hdds/285291dc-83a3-4c49-94f6-5e759e1760ea/DS-c0f653f9-5c7c-4b69-bfbe-18f17f6d647d/container.db for volume DS-c0f653f9-5c7c-4b69-bfbe-18f17f6d647d
2022-10-18 21:55:26,761 [EndpointStateMachine task thread for /0.0.0.0:40177 - 0 ] INFO  volume.HddsVolume (HddsVolume.java:closeDbStore(338)) - SchemaV3 db is stopped at /home/runner/work/ozone/ozone/hadoop-ozone/integration-test/target/test-dir/MiniOzoneClusterImpl-285291dc-83a3-4c49-94f6-5e759e1760ea/datanode-1/data-0/containers/hdds/285291dc-83a3-4c49-94f6-5e759e1760ea/DS-c0f653f9-5c7c-4b69-bfbe-18f17f6d647d/container.db for volume DS-c0f653f9-5c7c-4b69-bfbe-18f17f6d647d
2022-10-18 21:55:26,761 [EndpointStateMachine task thread for /0.0.0.0:40177 - 0 ] INFO  ozoneimpl.OzoneContainer (OzoneContainer.java:start(378)) - Attempting to start container services.
2022-10-18 21:55:26,761 [EndpointStateMachine task thread for /0.0.0.0:40177 - 0 ] INFO  ozoneimpl.OzoneContainer (OzoneContainer.java:startContainerScrub(313)) - Background container scanner has been disabled.
2022-10-18 21:55:26,764 [EndpointStateMachine task thread for /0.0.0.0:40177 - 0 ] INFO  replication.ReplicationServer (ReplicationServer.java:start(111)) - ReplicationServer is started using port 46661
2022-10-18 21:55:26,764 [EndpointStateMachine task thread for /0.0.0.0:40177 - 0 ] INFO  ratis.XceiverServerRatis (XceiverServerRatis.java:start(481)) - Starting XceiverServerRatis b0a080c7-90ba-4b33-9ef1-5c8d9af7a4e3
2022-10-18 21:55:26,765 [EndpointStateMachine task thread for /0.0.0.0:40177 - 0 ] INFO  server.RaftServer (RaftServerProxy.java:lambda$start$6(382)) - b0a080c7-90ba-4b33-9ef1-5c8d9af7a4e3: start RPC server
2022-10-18 21:55:26,766 [EndpointStateMachine task thread for /0.0.0.0:40177 - 0 ] INFO  server.GrpcService (GrpcService.java:startImpl(260)) - b0a080c7-90ba-4b33-9ef1-5c8d9af7a4e3: GrpcService started, listening on 35533
2022-10-18 21:55:26,766 [EndpointStateMachine task thread for /0.0.0.0:40177 - 0 ] INFO  ratis.XceiverServerRatis (XceiverServerRatis.java:getRealPort(502)) - XceiverServerRatis b0a080c7-90ba-4b33-9ef1-5c8d9af7a4e3 is started using port 35533 for RATIS
2022-10-18 21:55:26,766 [org.apache.ratis.util.JvmPauseMonitor$$Lambda$703/854163851@3eb3471] INFO  util.JvmPauseMonitor (JvmPauseMonitor.java:run(103)) - JvmPauseMonitor-b0a080c7-90ba-4b33-9ef1-5c8d9af7a4e3: Started
2022-10-18 21:55:26,766 [EndpointStateMachine task thread for /0.0.0.0:40177 - 0 ] INFO  ratis.XceiverServerRatis (XceiverServerRatis.java:getRealPort(502)) - XceiverServerRatis b0a080c7-90ba-4b33-9ef1-5c8d9af7a4e3 is started using port 35533 for RATIS_ADMIN
2022-10-18 21:55:26,766 [EndpointStateMachine task thread for /0.0.0.0:40177 - 0 ] INFO  ratis.XceiverServerRatis (XceiverServerRatis.java:getRealPort(502)) - XceiverServerRatis b0a080c7-90ba-4b33-9ef1-5c8d9af7a4e3 is started using port 35533 for RATIS_SERVER
2022-10-18 21:55:26,768 [EndpointStateMachine task thread for /0.0.0.0:40177 - 0 ] INFO  server.XceiverServerGrpc (XceiverServerGrpc.java:start(180)) - XceiverServerGrpc b0a080c7-90ba-4b33-9ef1-5c8d9af7a4e3 is started using port 35623
2022-10-18 21:55:26,971 [Listener at 127.0.0.1/43229] INFO  ozone.MiniOzoneClusterImpl (MiniOzoneClusterImpl.java:lambda$waitForClusterToBeReady$0(216)) - Waiting for nodes to be ready. Got 0 of 3 DN Heartbeats.
2022-10-18 21:55:26,972 [Listener at 127.0.0.1/43229] INFO  ozone.MiniOzoneClusterImpl (MiniOzoneClusterImpl.java:lambda$waitForClusterToBeReady$0(219)) - Waiting for cluster to exit safe mode
2022-10-18 21:55:26,972 [Listener at 127.0.0.1/43229] INFO  ozone.MiniOzoneClusterImpl (MiniOzoneClusterImpl.java:lambda$waitForClusterToBeReady$0(221)) - SCM became leader
2022-10-18 21:55:26,992 [EndpointStateMachine task thread for /0.0.0.0:40177 - 0 ] INFO  volume.HddsVolume (HddsVolume.java:createDbStore(307)) - SchemaV3 db is created and loaded at /home/runner/work/ozone/ozone/hadoop-ozone/integration-test/target/test-dir/MiniOzoneClusterImpl-285291dc-83a3-4c49-94f6-5e759e1760ea/datanode-2/data-0/containers/hdds/285291dc-83a3-4c49-94f6-5e759e1760ea/DS-d730984e-c2be-4b13-9726-f5adbdab449d/container.db for volume DS-d730984e-c2be-4b13-9726-f5adbdab449d
2022-10-18 21:55:26,993 [EndpointStateMachine task thread for /0.0.0.0:40177 - 0 ] INFO  volume.HddsVolume (HddsVolume.java:closeDbStore(338)) - SchemaV3 db is stopped at /home/runner/work/ozone/ozone/hadoop-ozone/integration-test/target/test-dir/MiniOzoneClusterImpl-285291dc-83a3-4c49-94f6-5e759e1760ea/datanode-2/data-0/containers/hdds/285291dc-83a3-4c49-94f6-5e759e1760ea/DS-d730984e-c2be-4b13-9726-f5adbdab449d/container.db for volume DS-d730984e-c2be-4b13-9726-f5adbdab449d
2022-10-18 21:55:26,993 [EndpointStateMachine task thread for /0.0.0.0:40177 - 0 ] INFO  ozoneimpl.OzoneContainer (OzoneContainer.java:start(378)) - Attempting to start container services.
2022-10-18 21:55:26,993 [EndpointStateMachine task thread for /0.0.0.0:40177 - 0 ] INFO  ozoneimpl.OzoneContainer (OzoneContainer.java:startContainerScrub(313)) - Background container scanner has been disabled.
2022-10-18 21:55:26,996 [EndpointStateMachine task thread for /0.0.0.0:40177 - 0 ] INFO  replication.ReplicationServer (ReplicationServer.java:start(111)) - ReplicationServer is started using port 44987
2022-10-18 21:55:26,996 [EndpointStateMachine task thread for /0.0.0.0:40177 - 0 ] INFO  ratis.XceiverServerRatis (XceiverServerRatis.java:start(481)) - Starting XceiverServerRatis 324f6683-2ade-44b3-b06c-4a533e69f3ae
2022-10-18 21:55:26,996 [EndpointStateMachine task thread for /0.0.0.0:40177 - 0 ] INFO  server.RaftServer (RaftServerProxy.java:lambda$start$6(382)) - 324f6683-2ade-44b3-b06c-4a533e69f3ae: start RPC server
2022-10-18 21:55:26,998 [EndpointStateMachine task thread for /0.0.0.0:40177 - 0 ] INFO  server.GrpcService (GrpcService.java:startImpl(260)) - 324f6683-2ade-44b3-b06c-4a533e69f3ae: GrpcService started, listening on 36541
2022-10-18 21:55:26,998 [EndpointStateMachine task thread for /0.0.0.0:40177 - 0 ] INFO  ratis.XceiverServerRatis (XceiverServerRatis.java:getRealPort(502)) - XceiverServerRatis 324f6683-2ade-44b3-b06c-4a533e69f3ae is started using port 36541 for RATIS
2022-10-18 21:55:26,998 [org.apache.ratis.util.JvmPauseMonitor$$Lambda$703/854163851@632fb865] INFO  util.JvmPauseMonitor (JvmPauseMonitor.java:run(103)) - JvmPauseMonitor-324f6683-2ade-44b3-b06c-4a533e69f3ae: Started
2022-10-18 21:55:26,998 [EndpointStateMachine task thread for /0.0.0.0:40177 - 0 ] INFO  ratis.XceiverServerRatis (XceiverServerRatis.java:getRealPort(502)) - XceiverServerRatis 324f6683-2ade-44b3-b06c-4a533e69f3ae is started using port 36541 for RATIS_ADMIN
2022-10-18 21:55:26,998 [EndpointStateMachine task thread for /0.0.0.0:40177 - 0 ] INFO  ratis.XceiverServerRatis (XceiverServerRatis.java:getRealPort(502)) - XceiverServerRatis 324f6683-2ade-44b3-b06c-4a533e69f3ae is started using port 36541 for RATIS_SERVER
2022-10-18 21:55:27,000 [EndpointStateMachine task thread for /0.0.0.0:40177 - 0 ] INFO  server.XceiverServerGrpc (XceiverServerGrpc.java:start(180)) - XceiverServerGrpc 324f6683-2ade-44b3-b06c-4a533e69f3ae is started using port 40349
2022-10-18 21:55:27,972 [Listener at 127.0.0.1/43229] INFO  ozone.MiniOzoneClusterImpl (MiniOzoneClusterImpl.java:lambda$waitForClusterToBeReady$0(216)) - Waiting for nodes to be ready. Got 0 of 3 DN Heartbeats.
2022-10-18 21:55:27,972 [Listener at 127.0.0.1/43229] INFO  ozone.MiniOzoneClusterImpl (MiniOzoneClusterImpl.java:lambda$waitForClusterToBeReady$0(219)) - Waiting for cluster to exit safe mode
2022-10-18 21:55:27,972 [Listener at 127.0.0.1/43229] INFO  ozone.MiniOzoneClusterImpl (MiniOzoneClusterImpl.java:lambda$waitForClusterToBeReady$0(221)) - SCM became leader
2022-10-18 21:55:28,523 [IPC Server handler 19 on default port 40177] INFO  net.NetworkTopologyImpl (NetworkTopologyImpl.java:add(112)) - Added a new node: /default-rack/4be08eba-b757-4d49-ba99-26dafbb001b1
2022-10-18 21:55:28,525 [IPC Server handler 19 on default port 40177] INFO  node.SCMNodeManager (SCMNodeManager.java:register(397)) - Registered Data node : 4be08eba-b757-4d49-ba99-26dafbb001b1{ip: 10.1.0.49, host: fv-az368-376.2eqeunsjyj5ebgwla1snbw5zah.gx.internal.cloudapp.net, ports: [REPLICATION=40197, RATIS=37381, RATIS_ADMIN=37381, RATIS_SERVER=37381, STANDALONE=36389], networkLocation: /default-rack, certSerialId: null, persistedOpState: null, persistedOpStateExpiryEpochSec: 0}
2022-10-18 21:55:28,528 [EventQueue-NewNodeForNewNodeHandler] INFO  pipeline.BackgroundPipelineCreator (BackgroundPipelineCreator.java:notifyEventTriggered(276)) - trigger a one-shot run on RatisPipelineUtilsThread.
2022-10-18 21:55:28,529 [EventQueue-NodeRegistrationContainerReportForDataNodeSafeModeRule] INFO  safemode.SCMSafeModeManager (DataNodeSafeModeRule.java:process(71)) - SCM in safe mode. 1 DataNodes registered, 3 required.
2022-10-18 21:55:28,529 [EventQueue-NodeRegistrationContainerReportForContainerSafeModeRule] INFO  safemode.SCMSafeModeManager (SCMSafeModeManager.java:validateSafeModeExitRules(204)) - ContainerSafeModeRule rule is successfully validated
2022-10-18 21:55:28,529 [EventQueue-PipelineReportForOneReplicaPipelineSafeModeRule] INFO  safemode.SCMSafeModeManager (SCMSafeModeManager.java:validateSafeModeExitRules(204)) - AtleastOneDatanodeReportedRule rule is successfully validated
2022-10-18 21:55:28,534 [RatisPipelineUtilsThread - 0] INFO  pipeline.RatisPipelineProvider (RatisPipelineProvider.java:lambda$create$0(195)) - Sending CreatePipelineCommand for pipeline:PipelineID=1b6b70cd-d650-43d6-92bf-3f004320d14a to datanode:4be08eba-b757-4d49-ba99-26dafbb001b1
2022-10-18 21:55:28,540 [RatisPipelineUtilsThread - 0] INFO  pipeline.PipelineStateManagerImpl (PipelineStateManagerImpl.java:addPipeline(103)) - Created pipeline Pipeline[ Id: 1b6b70cd-d650-43d6-92bf-3f004320d14a, Nodes: 4be08eba-b757-4d49-ba99-26dafbb001b1{ip: 10.1.0.49, host: fv-az368-376.2eqeunsjyj5ebgwla1snbw5zah.gx.internal.cloudapp.net, ports: [REPLICATION=40197, RATIS=37381, RATIS_ADMIN=37381, RATIS_SERVER=37381, STANDALONE=36389], networkLocation: /default-rack, certSerialId: null, persistedOpState: IN_SERVICE, persistedOpStateExpiryEpochSec: 0}, ReplicationConfig: RATIS/ONE, State:ALLOCATED, leaderId:, CreationTimestamp2022-10-18T21:55:28.533Z[Etc/UTC]].
2022-10-18 21:55:28,741 [IPC Server handler 15 on default port 40177] INFO  net.NetworkTopologyImpl (NetworkTopologyImpl.java:add(112)) - Added a new node: /default-rack/b0a080c7-90ba-4b33-9ef1-5c8d9af7a4e3
2022-10-18 21:55:28,741 [IPC Server handler 15 on default port 40177] INFO  node.SCMNodeManager (SCMNodeManager.java:register(397)) - Registered Data node : b0a080c7-90ba-4b33-9ef1-5c8d9af7a4e3{ip: 10.1.0.49, host: fv-az368-376.2eqeunsjyj5ebgwla1snbw5zah.gx.internal.cloudapp.net, ports: [REPLICATION=46661, RATIS=35533, RATIS_ADMIN=35533, RATIS_SERVER=35533, STANDALONE=35623], networkLocation: /default-rack, certSerialId: null, persistedOpState: null, persistedOpStateExpiryEpochSec: 0}
2022-10-18 21:55:28,742 [EventQueue-NodeRegistrationContainerReportForDataNodeSafeModeRule] INFO  safemode.SCMSafeModeManager (DataNodeSafeModeRule.java:process(71)) - SCM in safe mode. 2 DataNodes registered, 3 required.
2022-10-18 21:55:28,745 [EventQueue-NewNodeForNewNodeHandler] INFO  pipeline.BackgroundPipelineCreator (BackgroundPipelineCreator.java:notifyEventTriggered(276)) - trigger a one-shot run on RatisPipelineUtilsThread.
2022-10-18 21:55:28,745 [RatisPipelineUtilsThread - 0] INFO  pipeline.RatisPipelineProvider (RatisPipelineProvider.java:lambda$create$0(195)) - Sending CreatePipelineCommand for pipeline:PipelineID=80c78e5f-d190-4d00-91f9-5490def9d266 to datanode:b0a080c7-90ba-4b33-9ef1-5c8d9af7a4e3
2022-10-18 21:55:28,746 [RatisPipelineUtilsThread - 0] INFO  pipeline.PipelineStateManagerImpl (PipelineStateManagerImpl.java:addPipeline(103)) - Created pipeline Pipeline[ Id: 80c78e5f-d190-4d00-91f9-5490def9d266, Nodes: b0a080c7-90ba-4b33-9ef1-5c8d9af7a4e3{ip: 10.1.0.49, host: fv-az368-376.2eqeunsjyj5ebgwla1snbw5zah.gx.internal.cloudapp.net, ports: [REPLICATION=46661, RATIS=35533, RATIS_ADMIN=35533, RATIS_SERVER=35533, STANDALONE=35623], networkLocation: /default-rack, certSerialId: null, persistedOpState: IN_SERVICE, persistedOpStateExpiryEpochSec: 0}, ReplicationConfig: RATIS/ONE, State:ALLOCATED, leaderId:, CreationTimestamp2022-10-18T21:55:28.745Z[Etc/UTC]].
2022-10-18 21:55:28,972 [IPC Server handler 16 on default port 40177] INFO  net.NetworkTopologyImpl (NetworkTopologyImpl.java:add(112)) - Added a new node: /default-rack/324f6683-2ade-44b3-b06c-4a533e69f3ae
2022-10-18 21:55:28,973 [IPC Server handler 16 on default port 40177] INFO  node.SCMNodeManager (SCMNodeManager.java:register(397)) - Registered Data node : 324f6683-2ade-44b3-b06c-4a533e69f3ae{ip: 10.1.0.49, host: fv-az368-376.2eqeunsjyj5ebgwla1snbw5zah.gx.internal.cloudapp.net, ports: [REPLICATION=44987, RATIS=36541, RATIS_ADMIN=36541, RATIS_SERVER=36541, STANDALONE=40349], networkLocation: /default-rack, certSerialId: null, persistedOpState: null, persistedOpStateExpiryEpochSec: 0}
2022-10-18 21:55:28,973 [Listener at 127.0.0.1/43229] INFO  ozone.MiniOzoneClusterImpl (MiniOzoneClusterImpl.java:lambda$waitForClusterToBeReady$0(216)) - Nodes are ready. Got 3 of 3 DN Heartbeats.
2022-10-18 21:55:28,973 [EventQueue-NewNodeForNewNodeHandler] INFO  pipeline.BackgroundPipelineCreator (BackgroundPipelineCreator.java:notifyEventTriggered(276)) - trigger a one-shot run on RatisPipelineUtilsThread.
2022-10-18 21:55:28,974 [EventQueue-NodeRegistrationContainerReportForDataNodeSafeModeRule] INFO  safemode.SCMSafeModeManager (DataNodeSafeModeRule.java:process(71)) - SCM in safe mode. 3 DataNodes registered, 3 required.
2022-10-18 21:55:28,974 [EventQueue-NodeRegistrationContainerReportForDataNodeSafeModeRule] INFO  safemode.SCMSafeModeManager (SCMSafeModeManager.java:validateSafeModeExitRules(204)) - DataNodeSafeModeRule rule is successfully validated
2022-10-18 21:55:28,974 [EventQueue-NodeRegistrationContainerReportForDataNodeSafeModeRule] INFO  safemode.SCMSafeModeManager (SCMSafeModeManager.java:completePreCheck(233)) - All SCM safe mode pre check rules have passed
2022-10-18 21:55:28,974 [EventQueue-NodeRegistrationContainerReportForDataNodeSafeModeRule] WARN  events.EventQueue (EventQueue.java:fireEvent(216)) - No event handler registered for event TypedEvent{payloadType=SafeModeStatus, name='Safe mode status'}
2022-10-18 21:55:28,974 [EventQueue-NodeRegistrationContainerReportForDataNodeSafeModeRule] INFO  ha.SCMContext (SCMContext.java:updateSafeModeStatus(228)) - Update SafeModeStatus from SafeModeStatus{safeModeStatus=true, preCheckPassed=false} to SafeModeStatus{safeModeStatus=true, preCheckPassed=true}.
2022-10-18 21:55:28,974 [EventQueue-NodeRegistrationContainerReportForDataNodeSafeModeRule] INFO  pipeline.BackgroundPipelineCreator (BackgroundPipelineCreator.java:notifyEventTriggered(276)) - trigger a one-shot run on RatisPipelineUtilsThread.
2022-10-18 21:55:28,974 [RatisPipelineUtilsThread - 0] INFO  pipeline.RatisPipelineProvider (RatisPipelineProvider.java:lambda$create$0(195)) - Sending CreatePipelineCommand for pipeline:PipelineID=f232d82e-844e-41a1-9d14-dd0def432836 to datanode:324f6683-2ade-44b3-b06c-4a533e69f3ae
2022-10-18 21:55:28,973 [Listener at 127.0.0.1/43229] INFO  ozone.MiniOzoneClusterImpl (MiniOzoneClusterImpl.java:lambda$waitForClusterToBeReady$0(219)) - Waiting for cluster to exit safe mode
2022-10-18 21:55:28,974 [Listener at 127.0.0.1/43229] INFO  ozone.MiniOzoneClusterImpl (MiniOzoneClusterImpl.java:lambda$waitForClusterToBeReady$0(221)) - SCM became leader
2022-10-18 21:55:28,975 [RatisPipelineUtilsThread - 0] INFO  pipeline.PipelineStateManagerImpl (PipelineStateManagerImpl.java:addPipeline(103)) - Created pipeline Pipeline[ Id: f232d82e-844e-41a1-9d14-dd0def432836, Nodes: 324f6683-2ade-44b3-b06c-4a533e69f3ae{ip: 10.1.0.49, host: fv-az368-376.2eqeunsjyj5ebgwla1snbw5zah.gx.internal.cloudapp.net, ports: [REPLICATION=44987, RATIS=36541, RATIS_ADMIN=36541, RATIS_SERVER=36541, STANDALONE=40349], networkLocation: /default-rack, certSerialId: null, persistedOpState: IN_SERVICE, persistedOpStateExpiryEpochSec: 0}, ReplicationConfig: RATIS/ONE, State:ALLOCATED, leaderId:, CreationTimestamp2022-10-18T21:55:28.974Z[Etc/UTC]].
2022-10-18 21:55:28,977 [RatisPipelineUtilsThread - 0] INFO  pipeline.RatisPipelineProvider (RatisPipelineProvider.java:lambda$create$0(195)) - Sending CreatePipelineCommand for pipeline:PipelineID=e62b29f8-5728-43f3-9dea-ede5fe44a057 to datanode:324f6683-2ade-44b3-b06c-4a533e69f3ae
2022-10-18 21:55:28,977 [RatisPipelineUtilsThread - 0] INFO  pipeline.RatisPipelineProvider (RatisPipelineProvider.java:lambda$create$0(195)) - Sending CreatePipelineCommand for pipeline:PipelineID=e62b29f8-5728-43f3-9dea-ede5fe44a057 to datanode:b0a080c7-90ba-4b33-9ef1-5c8d9af7a4e3
2022-10-18 21:55:28,977 [RatisPipelineUtilsThread - 0] INFO  pipeline.RatisPipelineProvider (RatisPipelineProvider.java:lambda$create$0(195)) - Sending CreatePipelineCommand for pipeline:PipelineID=e62b29f8-5728-43f3-9dea-ede5fe44a057 to datanode:4be08eba-b757-4d49-ba99-26dafbb001b1
2022-10-18 21:55:28,978 [RatisPipelineUtilsThread - 0] INFO  pipeline.PipelineStateManagerImpl (PipelineStateManagerImpl.java:addPipeline(103)) - Created pipeline Pipeline[ Id: e62b29f8-5728-43f3-9dea-ede5fe44a057, Nodes: 324f6683-2ade-44b3-b06c-4a533e69f3ae{ip: 10.1.0.49, host: fv-az368-376.2eqeunsjyj5ebgwla1snbw5zah.gx.internal.cloudapp.net, ports: [REPLICATION=44987, RATIS=36541, RATIS_ADMIN=36541, RATIS_SERVER=36541, STANDALONE=40349], networkLocation: /default-rack, certSerialId: null, persistedOpState: IN_SERVICE, persistedOpStateExpiryEpochSec: 0}b0a080c7-90ba-4b33-9ef1-5c8d9af7a4e3{ip: 10.1.0.49, host: fv-az368-376.2eqeunsjyj5ebgwla1snbw5zah.gx.internal.cloudapp.net, ports: [REPLICATION=46661, RATIS=35533, RATIS_ADMIN=35533, RATIS_SERVER=35533, STANDALONE=35623], networkLocation: /default-rack, certSerialId: null, persistedOpState: IN_SERVICE, persistedOpStateExpiryEpochSec: 0}4be08eba-b757-4d49-ba99-26dafbb001b1{ip: 10.1.0.49, host: fv-az368-376.2eqeunsjyj5ebgwla1snbw5zah.gx.internal.cloudapp.net, ports: [REPLICATION=40197, RATIS=37381, RATIS_ADMIN=37381, RATIS_SERVER=37381, STANDALONE=36389], networkLocation: /default-rack, certSerialId: null, persistedOpState: IN_SERVICE, persistedOpStateExpiryEpochSec: 0}, ReplicationConfig: RATIS/THREE, State:ALLOCATED, leaderId:, CreationTimestamp2022-10-18T21:55:28.977Z[Etc/UTC]].
2022-10-18 21:55:28,979 [RatisPipelineUtilsThread - 0] INFO  pipeline.RatisPipelineProvider (RatisPipelineProvider.java:lambda$create$0(195)) - Sending CreatePipelineCommand for pipeline:PipelineID=45a49219-9693-4247-8e68-288be5f8f4ca to datanode:324f6683-2ade-44b3-b06c-4a533e69f3ae
2022-10-18 21:55:28,979 [RatisPipelineUtilsThread - 0] INFO  pipeline.RatisPipelineProvider (RatisPipelineProvider.java:lambda$create$0(195)) - Sending CreatePipelineCommand for pipeline:PipelineID=45a49219-9693-4247-8e68-288be5f8f4ca to datanode:b0a080c7-90ba-4b33-9ef1-5c8d9af7a4e3
2022-10-18 21:55:28,979 [RatisPipelineUtilsThread - 0] INFO  pipeline.RatisPipelineProvider (RatisPipelineProvider.java:lambda$create$0(195)) - Sending CreatePipelineCommand for pipeline:PipelineID=45a49219-9693-4247-8e68-288be5f8f4ca to datanode:4be08eba-b757-4d49-ba99-26dafbb001b1
2022-10-18 21:55:28,979 [RatisPipelineUtilsThread - 0] INFO  pipeline.PipelineStateManagerImpl (PipelineStateManagerImpl.java:addPipeline(103)) - Created pipeline Pipeline[ Id: 45a49219-9693-4247-8e68-288be5f8f4ca, Nodes: 324f6683-2ade-44b3-b06c-4a533e69f3ae{ip: 10.1.0.49, host: fv-az368-376.2eqeunsjyj5ebgwla1snbw5zah.gx.internal.cloudapp.net, ports: [REPLICATION=44987, RATIS=36541, RATIS_ADMIN=36541, RATIS_SERVER=36541, STANDALONE=40349], networkLocation: /default-rack, certSerialId: null, persistedOpState: IN_SERVICE, persistedOpStateExpiryEpochSec: 0}b0a080c7-90ba-4b33-9ef1-5c8d9af7a4e3{ip: 10.1.0.49, host: fv-az368-376.2eqeunsjyj5ebgwla1snbw5zah.gx.internal.cloudapp.net, ports: [REPLICATION=46661, RATIS=35533, RATIS_ADMIN=35533, RATIS_SERVER=35533, STANDALONE=35623], networkLocation: /default-rack, certSerialId: null, persistedOpState: IN_SERVICE, persistedOpStateExpiryEpochSec: 0}4be08eba-b757-4d49-ba99-26dafbb001b1{ip: 10.1.0.49, host: fv-az368-376.2eqeunsjyj5ebgwla1snbw5zah.gx.internal.cloudapp.net, ports: [REPLICATION=40197, RATIS=37381, RATIS_ADMIN=37381, RATIS_SERVER=37381, STANDALONE=36389], networkLocation: /default-rack, certSerialId: null, persistedOpState: IN_SERVICE, persistedOpStateExpiryEpochSec: 0}, ReplicationConfig: RATIS/THREE, State:ALLOCATED, leaderId:, CreationTimestamp2022-10-18T21:55:28.979Z[Etc/UTC]].
2022-10-18 21:55:28,980 [RatisPipelineUtilsThread - 0] INFO  pipeline.PipelineManagerImpl (PipelineManagerImpl.java:recordMetricsForPipeline(796)) - Pipeline: PipelineID=45a49219-9693-4247-8e68-288be5f8f4ca contains same datanodes as previous pipelines: PipelineID=e62b29f8-5728-43f3-9dea-ede5fe44a057 nodeIds: 324f6683-2ade-44b3-b06c-4a533e69f3ae, b0a080c7-90ba-4b33-9ef1-5c8d9af7a4e3, 4be08eba-b757-4d49-ba99-26dafbb001b1
2022-10-18 21:55:29,974 [Listener at 127.0.0.1/43229] INFO  ozone.MiniOzoneClusterImpl (MiniOzoneClusterImpl.java:lambda$waitForClusterToBeReady$0(216)) - Nodes are ready. Got 3 of 3 DN Heartbeats.
2022-10-18 21:55:29,975 [Listener at 127.0.0.1/43229] INFO  ozone.MiniOzoneClusterImpl (MiniOzoneClusterImpl.java:lambda$waitForClusterToBeReady$0(219)) - Waiting for cluster to exit safe mode
2022-10-18 21:55:29,975 [Listener at 127.0.0.1/43229] INFO  ozone.MiniOzoneClusterImpl (MiniOzoneClusterImpl.java:lambda$waitForClusterToBeReady$0(221)) - SCM became leader
2022-10-18 21:55:30,976 [Listener at 127.0.0.1/43229] INFO  ozone.MiniOzoneClusterImpl (MiniOzoneClusterImpl.java:lambda$waitForClusterToBeReady$0(216)) - Nodes are ready. Got 3 of 3 DN Heartbeats.
2022-10-18 21:55:30,976 [Listener at 127.0.0.1/43229] INFO  ozone.MiniOzoneClusterImpl (MiniOzoneClusterImpl.java:lambda$waitForClusterToBeReady$0(219)) - Waiting for cluster to exit safe mode
2022-10-18 21:55:30,976 [Listener at 127.0.0.1/43229] INFO  ozone.MiniOzoneClusterImpl (MiniOzoneClusterImpl.java:lambda$waitForClusterToBeReady$0(221)) - SCM became leader
2022-10-18 21:55:31,522 [Command processor thread] INFO  server.RaftServer (RaftServerProxy.java:addNew(96)) - 4be08eba-b757-4d49-ba99-26dafbb001b1: addNew group-3F004320D14A:[4be08eba-b757-4d49-ba99-26dafbb001b1|rpc:10.1.0.49:37381|priority:1] returns group-3F004320D14A:java.util.concurrent.CompletableFuture@6d480b38[Not completed]
2022-10-18 21:55:31,528 [pool-122-thread-1] INFO  server.RaftServer$Division (RaftServerImpl.java:<init>(190)) - 4be08eba-b757-4d49-ba99-26dafbb001b1: new RaftServerImpl for group-3F004320D14A:[4be08eba-b757-4d49-ba99-26dafbb001b1|rpc:10.1.0.49:37381|priority:1] with ContainerStateMachine:uninitialized
2022-10-18 21:55:31,528 [pool-122-thread-1] INFO  server.RaftServerConfigKeys (ConfUtils.java:logGet(46)) - raft.server.rpc.timeout.min = 5s (custom)
2022-10-18 21:55:31,528 [pool-122-thread-1] INFO  server.RaftServerConfigKeys (ConfUtils.java:logGet(46)) - raft.server.rpc.timeout.max = 5200ms (custom)
2022-10-18 21:55:31,529 [pool-122-thread-1] INFO  server.RaftServerConfigKeys (ConfUtils.java:logGet(46)) - raft.server.rpc.sleep.time = 25ms (default)
2022-10-18 21:55:31,529 [pool-122-thread-1] INFO  server.RaftServerConfigKeys (ConfUtils.java:logGet(46)) - raft.server.rpc.slowness.timeout = 300s (custom)
2022-10-18 21:55:31,529 [pool-122-thread-1] INFO  server.RaftServerConfigKeys (ConfUtils.java:logGet(46)) - raft.server.leaderelection.leader.step-down.wait-time = 10s (default)
2022-10-18 21:55:31,529 [pool-122-thread-1] INFO  server.RaftServerConfigKeys (ConfUtils.java:logGet(46)) - raft.server.sleep.deviation.threshold = 300ms (default)
2022-10-18 21:55:31,529 [pool-122-thread-1] INFO  server.RaftServer$Division (ServerState.java:<init>(107)) - 4be08eba-b757-4d49-ba99-26dafbb001b1@group-3F004320D14A: ConfigurationManager, init=-1: [4be08eba-b757-4d49-ba99-26dafbb001b1|rpc:10.1.0.49:37381|priority:1], old=null, confs=<EMPTY_MAP>
2022-10-18 21:55:31,529 [pool-122-thread-1] INFO  server.RaftServerConfigKeys (ConfUtils.java:logGet(46)) - raft.server.storage.dir = [/home/runner/work/ozone/ozone/hadoop-ozone/integration-test/target/test-dir/MiniOzoneClusterImpl-285291dc-83a3-4c49-94f6-5e759e1760ea/datanode-0/data/ratis] (custom)
2022-10-18 21:55:31,529 [pool-122-thread-1] INFO  server.RaftServerConfigKeys (ConfUtils.java:logGet(46)) - raft.server.log.corruption.policy = EXCEPTION (default)
2022-10-18 21:55:31,529 [pool-122-thread-1] INFO  server.RaftServerConfigKeys (ConfUtils.java:logGet(46)) - raft.server.storage.free-space.min = 0MB (=0) (default)
2022-10-18 21:55:31,529 [pool-122-thread-1] INFO  storage.RaftStorageDirectory (RaftStorageDirectoryImpl.java:analyzeStorage(135)) - The storage directory /home/runner/work/ozone/ozone/hadoop-ozone/integration-test/target/test-dir/MiniOzoneClusterImpl-285291dc-83a3-4c49-94f6-5e759e1760ea/datanode-0/data/ratis/1b6b70cd-d650-43d6-92bf-3f004320d14a does not exist. Creating ...
2022-10-18 21:55:31,530 [pool-122-thread-1] INFO  storage.RaftStorageDirectory (RaftStorageDirectoryImpl.java:tryLock(230)) - Lock on /home/runner/work/ozone/ozone/hadoop-ozone/integration-test/target/test-dir/MiniOzoneClusterImpl-285291dc-83a3-4c49-94f6-5e759e1760ea/datanode-0/data/ratis/1b6b70cd-d650-43d6-92bf-3f004320d14a/in_use.lock acquired by nodename 38880@fv-az368-376
2022-10-18 21:55:31,531 [pool-122-thread-1] INFO  storage.RaftStorage (RaftStorageImpl.java:format(89)) - Storage directory /home/runner/work/ozone/ozone/hadoop-ozone/integration-test/target/test-dir/MiniOzoneClusterImpl-285291dc-83a3-4c49-94f6-5e759e1760ea/datanode-0/data/ratis/1b6b70cd-d650-43d6-92bf-3f004320d14a has been successfully formatted.
2022-10-18 21:55:31,534 [pool-122-thread-1] INFO  ratis.ContainerStateMachine (ContainerStateMachine.java:loadSnapshot(236)) - group-3F004320D14A: The snapshot info is null. Setting the last applied indexto:(t:0, i:~)
2022-10-18 21:55:31,534 [pool-122-thread-1] INFO  server.RaftServerConfigKeys (ConfUtils.java:logGet(46)) - raft.server.notification.no-leader.timeout = 300s (custom)
2022-10-18 21:55:31,534 [pool-122-thread-1] INFO  server.RaftServerConfigKeys (ConfUtils.java:logGet(46)) - raft.server.log.use.memory = false (default)
2022-10-18 21:55:31,535 [pool-122-thread-1] INFO  server.RaftServerConfigKeys (ConfUtils.java:logGet(46)) - raft.server.log.purge.gap = 1000000 (custom)
2022-10-18 21:55:31,535 [pool-122-thread-1] INFO  server.RaftServerConfigKeys (ConfUtils.java:logGet(46)) - raft.server.log.appender.buffer.byte-limit = 33554432 (custom)
2022-10-18 21:55:31,535 [pool-122-thread-1] INFO  server.RaftServerConfigKeys (ConfUtils.java:logGet(46)) - raft.server.log.statemachine.data.read.timeout = 1000ms (default)
2022-10-18 21:55:31,535 [pool-122-thread-1] INFO  server.RaftServerConfigKeys (ConfUtils.java:logGet(46)) - raft.server.log.segment.size.max = 1048576 (custom)
2022-10-18 21:55:31,536 [pool-122-thread-1] INFO  server.RaftServerConfigKeys (ConfUtils.java:logGet(46)) - raft.server.log.segment.cache.num.max = 2 (custom)
2022-10-18 21:55:31,536 [pool-122-thread-1] INFO  server.RaftServerConfigKeys (ConfUtils.java:logGet(46)) - raft.server.log.segment.cache.size.max = 200MB (=209715200) (default)
2022-10-18 21:55:31,536 [pool-122-thread-1] INFO  segmented.SegmentedRaftLogWorker (SegmentedRaftLogWorker.java:<init>(187)) - new 4be08eba-b757-4d49-ba99-26dafbb001b1@group-3F004320D14A-SegmentedRaftLogWorker for RaftStorageImpl:Storage Directory /home/runner/work/ozone/ozone/hadoop-ozone/integration-test/target/test-dir/MiniOzoneClusterImpl-285291dc-83a3-4c49-94f6-5e759e1760ea/datanode-0/data/ratis/1b6b70cd-d650-43d6-92bf-3f004320d14a
2022-10-18 21:55:31,536 [pool-122-thread-1] INFO  server.RaftServerConfigKeys (ConfUtils.java:logGet(46)) - raft.server.log.queue.byte-limit = 4294967296 (custom)
2022-10-18 21:55:31,536 [pool-122-thread-1] INFO  server.RaftServerConfigKeys (ConfUtils.java:logGet(46)) - raft.server.log.queue.element-limit = 1024 (custom)
2022-10-18 21:55:31,536 [pool-122-thread-1] INFO  server.RaftServerConfigKeys (ConfUtils.java:logGet(46)) - raft.server.log.segment.size.max = 1048576 (custom)
2022-10-18 21:55:31,536 [pool-122-thread-1] INFO  server.RaftServerConfigKeys (ConfUtils.java:logGet(46)) - raft.server.log.preallocated.size = 16384 (custom)
2022-10-18 21:55:31,536 [pool-122-thread-1] INFO  server.RaftServerConfigKeys (ConfUtils.java:logGet(46)) - raft.server.log.force.sync.num = 128 (default)
2022-10-18 21:55:31,536 [pool-122-thread-1] INFO  server.RaftServerConfigKeys (ConfUtils.java:logGet(46)) - raft.server.log.statemachine.data.sync = true (default)
2022-10-18 21:55:31,536 [pool-122-thread-1] INFO  server.RaftServerConfigKeys (ConfUtils.java:logGet(46)) - raft.server.log.statemachine.data.sync.timeout = 10s (default)
2022-10-18 21:55:31,536 [pool-122-thread-1] INFO  server.RaftServerConfigKeys (ConfUtils.java:logGet(46)) - raft.server.log.statemachine.data.sync.timeout.retry = -1 (default)
2022-10-18 21:55:31,537 [pool-122-thread-1] INFO  server.RaftServerConfigKeys (ConfUtils.java:logGet(46)) - raft.server.log.write.buffer.size = 1048576 (custom)
2022-10-18 21:55:31,538 [pool-122-thread-1] INFO  server.RaftServerConfigKeys (ConfUtils.java:logGet(46)) - raft.server.log.unsafe-flush.enabled = false (default)
2022-10-18 21:55:31,538 [pool-122-thread-1] INFO  server.RaftServerConfigKeys (ConfUtils.java:logGet(46)) - raft.server.log.statemachine.data.caching.enabled = true (custom)
2022-10-18 21:55:31,538 [pool-122-thread-1] INFO  segmented.SegmentedRaftLogWorker (SegmentedRaftLogWorker.java:lambda$new$0(135)) - 4be08eba-b757-4d49-ba99-26dafbb001b1@group-3F004320D14A-SegmentedRaftLogWorker: flushIndex: setUnconditionally 0 -> -1
2022-10-18 21:55:31,538 [pool-122-thread-1] INFO  segmented.SegmentedRaftLogWorker (SegmentedRaftLogWorker.java:lambda$new$0(135)) - 4be08eba-b757-4d49-ba99-26dafbb001b1@group-3F004320D14A-SegmentedRaftLogWorker: safeCacheEvictIndex: setUnconditionally 0 -> -1
2022-10-18 21:55:31,538 [pool-122-thread-1] INFO  server.RaftServerConfigKeys (ConfUtils.java:logGet(46)) - raft.server.snapshot.auto.trigger.enabled = true (custom)
2022-10-18 21:55:31,538 [pool-122-thread-1] INFO  server.RaftServerConfigKeys (ConfUtils.java:logGet(46)) - raft.server.snapshot.auto.trigger.threshold = 10000 (custom)
2022-10-18 21:55:31,538 [pool-122-thread-1] INFO  server.RaftServerConfigKeys (ConfUtils.java:logGet(46)) - raft.server.snapshot.retention.file.num = 5 (custom)
2022-10-18 21:55:31,538 [pool-122-thread-1] INFO  server.RaftServerConfigKeys (ConfUtils.java:logGet(46)) - raft.server.log.purge.upto.snapshot.index = false (default)
2022-10-18 21:55:31,538 [pool-122-thread-1] INFO  server.RaftServerConfigKeys (ConfUtils.java:logGet(46)) - raft.server.retrycache.expirytime = 600000ms (custom)
2022-10-18 21:55:31,538 [pool-122-thread-1] INFO  server.RaftServerConfigKeys (ConfUtils.java:logGet(46)) - raft.server.retrycache.statistics.expirytime = 100μs (default)
2022-10-18 21:55:31,540 [pool-122-thread-1] INFO  server.RaftServerConfigKeys (ConfUtils.java:logGet(46)) - raft.server.log.appender.install.snapshot.enabled = false (custom)
2022-10-18 21:55:31,540 [pool-122-thread-1] INFO  server.RaftServerConfigKeys (ConfUtils.java:logGet(46)) - raft.server.threadpool.server.cached = true (default)
2022-10-18 21:55:31,540 [pool-122-thread-1] INFO  server.RaftServerConfigKeys (ConfUtils.java:logGet(46)) - raft.server.threadpool.server.size = 0 (default)
2022-10-18 21:55:31,540 [pool-122-thread-1] INFO  server.RaftServerConfigKeys (ConfUtils.java:logGet(46)) - raft.server.threadpool.client.cached = true (default)
2022-10-18 21:55:31,540 [pool-122-thread-1] INFO  server.RaftServerConfigKeys (ConfUtils.java:logGet(46)) - raft.server.threadpool.client.size = 0 (default)
2022-10-18 21:55:31,540 [pool-122-thread-1] INFO  server.RaftServer$Division (RaftServerImpl.java:start(310)) - 4be08eba-b757-4d49-ba99-26dafbb001b1@group-3F004320D14A: start as a follower, conf=-1: [4be08eba-b757-4d49-ba99-26dafbb001b1|rpc:10.1.0.49:37381|priority:1], old=null
2022-10-18 21:55:31,540 [pool-122-thread-1] INFO  server.RaftServer$Division (RaftServerImpl.java:setRole(299)) - 4be08eba-b757-4d49-ba99-26dafbb001b1@group-3F004320D14A: changes role from      null to FOLLOWER at term 0 for startAsFollower
2022-10-18 21:55:31,540 [pool-122-thread-1] INFO  impl.RoleInfo (RoleInfo.java:updateAndGet(139)) - 4be08eba-b757-4d49-ba99-26dafbb001b1: start 4be08eba-b757-4d49-ba99-26dafbb001b1@group-3F004320D14A-FollowerState
2022-10-18 21:55:31,541 [pool-122-thread-1] INFO  util.JmxRegister (JmxRegister.java:tryRegister(44)) - Successfully registered JMX Bean with object name Ratis:service=RaftServer,group=group-3F004320D14A,id=4be08eba-b757-4d49-ba99-26dafbb001b1
2022-10-18 21:55:31,543 [Command processor thread] INFO  ratis.XceiverServerRatis (XceiverServerRatis.java:addGroup(765)) - Created group PipelineID=1b6b70cd-d650-43d6-92bf-3f004320d14a
2022-10-18 21:55:31,544 [Command processor thread] INFO  commandhandler.CreatePipelineCommandHandler (CreatePipelineCommandHandler.java:handle(113)) - Created Pipeline RATIS ONE PipelineID=1b6b70cd-d650-43d6-92bf-3f004320d14a.
2022-10-18 21:55:31,544 [Command processor thread] INFO  server.RaftServer (RaftServerProxy.java:addNew(96)) - 4be08eba-b757-4d49-ba99-26dafbb001b1: addNew group-EDE5FE44A057:[324f6683-2ade-44b3-b06c-4a533e69f3ae|rpc:10.1.0.49:36541|priority:0, b0a080c7-90ba-4b33-9ef1-5c8d9af7a4e3|rpc:10.1.0.49:35533|priority:1, 4be08eba-b757-4d49-ba99-26dafbb001b1|rpc:10.1.0.49:37381|priority:0] returns group-EDE5FE44A057:java.util.concurrent.CompletableFuture@47c41c9b[Not completed]
2022-10-18 21:55:31,546 [pool-122-thread-1] INFO  server.RaftServer$Division (RaftServerImpl.java:<init>(190)) - 4be08eba-b757-4d49-ba99-26dafbb001b1: new RaftServerImpl for group-EDE5FE44A057:[324f6683-2ade-44b3-b06c-4a533e69f3ae|rpc:10.1.0.49:36541|priority:0, b0a080c7-90ba-4b33-9ef1-5c8d9af7a4e3|rpc:10.1.0.49:35533|priority:1, 4be08eba-b757-4d49-ba99-26dafbb001b1|rpc:10.1.0.49:37381|priority:0] with ContainerStateMachine:uninitialized
2022-10-18 21:55:31,546 [pool-122-thread-1] INFO  server.RaftServerConfigKeys (ConfUtils.java:logGet(46)) - raft.server.rpc.timeout.min = 5s (custom)
2022-10-18 21:55:31,546 [pool-122-thread-1] INFO  server.RaftServerConfigKeys (ConfUtils.java:logGet(46)) - raft.server.rpc.timeout.max = 5200ms (custom)
2022-10-18 21:55:31,546 [pool-122-thread-1] INFO  server.RaftServerConfigKeys (ConfUtils.java:logGet(46)) - raft.server.rpc.sleep.time = 25ms (default)
2022-10-18 21:55:31,546 [pool-122-thread-1] INFO  server.RaftServerConfigKeys (ConfUtils.java:logGet(46)) - raft.server.rpc.slowness.timeout = 300s (custom)
2022-10-18 21:55:31,546 [pool-122-thread-1] INFO  server.RaftServerConfigKeys (ConfUtils.java:logGet(46)) - raft.server.leaderelection.leader.step-down.wait-time = 10s (default)
2022-10-18 21:55:31,546 [pool-122-thread-1] INFO  server.RaftServerConfigKeys (ConfUtils.java:logGet(46)) - raft.server.sleep.deviation.threshold = 300ms (default)
2022-10-18 21:55:31,546 [pool-122-thread-1] INFO  server.RaftServer$Division (ServerState.java:<init>(107)) - 4be08eba-b757-4d49-ba99-26dafbb001b1@group-EDE5FE44A057: ConfigurationManager, init=-1: [324f6683-2ade-44b3-b06c-4a533e69f3ae|rpc:10.1.0.49:36541|priority:0, b0a080c7-90ba-4b33-9ef1-5c8d9af7a4e3|rpc:10.1.0.49:35533|priority:1, 4be08eba-b757-4d49-ba99-26dafbb001b1|rpc:10.1.0.49:37381|priority:0], old=null, confs=<EMPTY_MAP>
2022-10-18 21:55:31,546 [pool-122-thread-1] INFO  server.RaftServerConfigKeys (ConfUtils.java:logGet(46)) - raft.server.storage.dir = [/home/runner/work/ozone/ozone/hadoop-ozone/integration-test/target/test-dir/MiniOzoneClusterImpl-285291dc-83a3-4c49-94f6-5e759e1760ea/datanode-0/data/ratis] (custom)
2022-10-18 21:55:31,546 [pool-122-thread-1] INFO  server.RaftServerConfigKeys (ConfUtils.java:logGet(46)) - raft.server.log.corruption.policy = EXCEPTION (default)
2022-10-18 21:55:31,549 [pool-122-thread-1] INFO  server.RaftServerConfigKeys (ConfUtils.java:logGet(46)) - raft.server.storage.free-space.min = 0MB (=0) (default)
2022-10-18 21:55:31,549 [pool-122-thread-1] INFO  storage.RaftStorageDirectory (RaftStorageDirectoryImpl.java:analyzeStorage(135)) - The storage directory /home/runner/work/ozone/ozone/hadoop-ozone/integration-test/target/test-dir/MiniOzoneClusterImpl-285291dc-83a3-4c49-94f6-5e759e1760ea/datanode-0/data/ratis/e62b29f8-5728-43f3-9dea-ede5fe44a057 does not exist. Creating ...
2022-10-18 21:55:31,549 [EventQueue-PipelineReportForPipelineReportHandler] INFO  pipeline.PipelineManagerImpl (PipelineManagerImpl.java:openPipeline(367)) - Pipeline Pipeline[ Id: 1b6b70cd-d650-43d6-92bf-3f004320d14a, Nodes: 4be08eba-b757-4d49-ba99-26dafbb001b1{ip: 10.1.0.49, host: fv-az368-376.2eqeunsjyj5ebgwla1snbw5zah.gx.internal.cloudapp.net, ports: [REPLICATION=40197, RATIS=37381, RATIS_ADMIN=37381, RATIS_SERVER=37381, STANDALONE=36389], networkLocation: /default-rack, certSerialId: null, persistedOpState: IN_SERVICE, persistedOpStateExpiryEpochSec: 0}, ReplicationConfig: RATIS/ONE, State:ALLOCATED, leaderId:4be08eba-b757-4d49-ba99-26dafbb001b1, CreationTimestamp2022-10-18T21:55:28.533Z[Etc/UTC]] moved to OPEN state
2022-10-18 21:55:31,550 [pool-122-thread-1] INFO  storage.RaftStorageDirectory (RaftStorageDirectoryImpl.java:tryLock(230)) - Lock on /home/runner/work/ozone/ozone/hadoop-ozone/integration-test/target/test-dir/MiniOzoneClusterImpl-285291dc-83a3-4c49-94f6-5e759e1760ea/datanode-0/data/ratis/e62b29f8-5728-43f3-9dea-ede5fe44a057/in_use.lock acquired by nodename 38880@fv-az368-376
2022-10-18 21:55:31,551 [EventQueue-OpenPipelineForHealthyPipelineSafeModeRule] INFO  safemode.SCMSafeModeManager (HealthyPipelineSafeModeRule.java:process(137)) - SCM in safe mode. Healthy pipelines reported count is 0, required healthy pipeline reported count is 1
2022-10-18 21:55:31,552 [pool-122-thread-1] INFO  storage.RaftStorage (RaftStorageImpl.java:format(89)) - Storage directory /home/runner/work/ozone/ozone/hadoop-ozone/integration-test/target/test-dir/MiniOzoneClusterImpl-285291dc-83a3-4c49-94f6-5e759e1760ea/datanode-0/data/ratis/e62b29f8-5728-43f3-9dea-ede5fe44a057 has been successfully formatted.
2022-10-18 21:55:31,552 [pool-122-thread-1] INFO  ratis.ContainerStateMachine (ContainerStateMachine.java:loadSnapshot(236)) - group-EDE5FE44A057: The snapshot info is null. Setting the last applied indexto:(t:0, i:~)
2022-10-18 21:55:31,552 [pool-122-thread-1] INFO  server.RaftServerConfigKeys (ConfUtils.java:logGet(46)) - raft.server.notification.no-leader.timeout = 300s (custom)
2022-10-18 21:55:31,552 [pool-122-thread-1] INFO  server.RaftServerConfigKeys (ConfUtils.java:logGet(46)) - raft.server.log.use.memory = false (default)
2022-10-18 21:55:31,552 [pool-122-thread-1] INFO  server.RaftServerConfigKeys (ConfUtils.java:logGet(46)) - raft.server.log.purge.gap = 1000000 (custom)
2022-10-18 21:55:31,552 [pool-122-thread-1] INFO  server.RaftServerConfigKeys (ConfUtils.java:logGet(46)) - raft.server.log.appender.buffer.byte-limit = 33554432 (custom)
2022-10-18 21:55:31,553 [pool-122-thread-1] INFO  server.RaftServerConfigKeys (ConfUtils.java:logGet(46)) - raft.server.log.statemachine.data.read.timeout = 1000ms (default)
2022-10-18 21:55:31,553 [pool-122-thread-1] INFO  server.RaftServerConfigKeys (ConfUtils.java:logGet(46)) - raft.server.log.segment.size.max = 1048576 (custom)
2022-10-18 21:55:31,554 [pool-122-thread-1] INFO  server.RaftServerConfigKeys (ConfUtils.java:logGet(46)) - raft.server.log.segment.cache.num.max = 2 (custom)
2022-10-18 21:55:31,554 [pool-122-thread-1] INFO  server.RaftServerConfigKeys (ConfUtils.java:logGet(46)) - raft.server.log.segment.cache.size.max = 200MB (=209715200) (default)
2022-10-18 21:55:31,554 [pool-122-thread-1] INFO  segmented.SegmentedRaftLogWorker (SegmentedRaftLogWorker.java:<init>(187)) - new 4be08eba-b757-4d49-ba99-26dafbb001b1@group-EDE5FE44A057-SegmentedRaftLogWorker for RaftStorageImpl:Storage Directory /home/runner/work/ozone/ozone/hadoop-ozone/integration-test/target/test-dir/MiniOzoneClusterImpl-285291dc-83a3-4c49-94f6-5e759e1760ea/datanode-0/data/ratis/e62b29f8-5728-43f3-9dea-ede5fe44a057
2022-10-18 21:55:31,554 [pool-122-thread-1] INFO  server.RaftServerConfigKeys (ConfUtils.java:logGet(46)) - raft.server.log.queue.byte-limit = 4294967296 (custom)
2022-10-18 21:55:31,554 [pool-122-thread-1] INFO  server.RaftServerConfigKeys (ConfUtils.java:logGet(46)) - raft.server.log.queue.element-limit = 1024 (custom)
2022-10-18 21:55:31,554 [pool-122-thread-1] INFO  server.RaftServerConfigKeys (ConfUtils.java:logGet(46)) - raft.server.log.segment.size.max = 1048576 (custom)
2022-10-18 21:55:31,554 [pool-122-thread-1] INFO  server.RaftServerConfigKeys (ConfUtils.java:logGet(46)) - raft.server.log.preallocated.size = 16384 (custom)
2022-10-18 21:55:31,554 [pool-122-thread-1] INFO  server.RaftServerConfigKeys (ConfUtils.java:logGet(46)) - raft.server.log.force.sync.num = 128 (default)
2022-10-18 21:55:31,554 [pool-122-thread-1] INFO  server.RaftServerConfigKeys (ConfUtils.java:logGet(46)) - raft.server.log.statemachine.data.sync = true (default)
2022-10-18 21:55:31,554 [pool-122-thread-1] INFO  server.RaftServerConfigKeys (ConfUtils.java:logGet(46)) - raft.server.log.statemachine.data.sync.timeout = 10s (default)
2022-10-18 21:55:31,555 [pool-122-thread-1] INFO  server.RaftServerConfigKeys (ConfUtils.java:logGet(46)) - raft.server.log.statemachine.data.sync.timeout.retry = -1 (default)
2022-10-18 21:55:31,555 [pool-122-thread-1] INFO  server.RaftServerConfigKeys (ConfUtils.java:logGet(46)) - raft.server.log.write.buffer.size = 1048576 (custom)
2022-10-18 21:55:31,555 [pool-122-thread-1] INFO  server.RaftServerConfigKeys (ConfUtils.java:logGet(46)) - raft.server.log.unsafe-flush.enabled = false (default)
2022-10-18 21:55:31,555 [pool-122-thread-1] INFO  server.RaftServerConfigKeys (ConfUtils.java:logGet(46)) - raft.server.log.statemachine.data.caching.enabled = true (custom)
2022-10-18 21:55:31,556 [pool-122-thread-1] INFO  segmented.SegmentedRaftLogWorker (SegmentedRaftLogWorker.java:lambda$new$0(135)) - 4be08eba-b757-4d49-ba99-26dafbb001b1@group-EDE5FE44A057-SegmentedRaftLogWorker: flushIndex: setUnconditionally 0 -> -1
2022-10-18 21:55:31,556 [pool-122-thread-1] INFO  segmented.SegmentedRaftLogWorker (SegmentedRaftLogWorker.java:lambda$new$0(135)) - 4be08eba-b757-4d49-ba99-26dafbb001b1@group-EDE5FE44A057-SegmentedRaftLogWorker: safeCacheEvictIndex: setUnconditionally 0 -> -1
2022-10-18 21:55:31,556 [EventQueue-OpenPipelineForHealthyPipelineSafeModeRule] INFO  safemode.SCMSafeModeManager (HealthyPipelineSafeModeRule.java:process(137)) - SCM in safe mode. Healthy pipelines reported count is 0, required healthy pipeline reported count is 1
2022-10-18 21:55:31,556 [pool-122-thread-1] INFO  server.RaftServerConfigKeys (ConfUtils.java:logGet(46)) - raft.server.snapshot.auto.trigger.enabled = true (custom)
2022-10-18 21:55:31,556 [pool-122-thread-1] INFO  server.RaftServerConfigKeys (ConfUtils.java:logGet(46)) - raft.server.snapshot.auto.trigger.threshold = 10000 (custom)
2022-10-18 21:55:31,556 [pool-122-thread-1] INFO  server.RaftServerConfigKeys (ConfUtils.java:logGet(46)) - raft.server.snapshot.retention.file.num = 5 (custom)
2022-10-18 21:55:31,556 [pool-122-thread-1] INFO  server.RaftServerConfigKeys (ConfUtils.java:logGet(46)) - raft.server.log.purge.upto.snapshot.index = false (default)
2022-10-18 21:55:31,556 [pool-122-thread-1] INFO  server.RaftServerConfigKeys (ConfUtils.java:logGet(46)) - raft.server.retrycache.expirytime = 600000ms (custom)
2022-10-18 21:55:31,556 [pool-122-thread-1] INFO  server.RaftServerConfigKeys (ConfUtils.java:logGet(46)) - raft.server.retrycache.statistics.expirytime = 100μs (default)
2022-10-18 21:55:31,557 [pool-122-thread-1] INFO  server.RaftServerConfigKeys (ConfUtils.java:logGet(46)) - raft.server.log.appender.install.snapshot.enabled = false (custom)
2022-10-18 21:55:31,557 [pool-122-thread-1] INFO  server.RaftServerConfigKeys (ConfUtils.java:logGet(46)) - raft.server.threadpool.server.cached = true (default)
2022-10-18 21:55:31,557 [pool-122-thread-1] INFO  server.RaftServerConfigKeys (ConfUtils.java:logGet(46)) - raft.server.threadpool.server.size = 0 (default)
2022-10-18 21:55:31,557 [pool-122-thread-1] INFO  server.RaftServerConfigKeys (ConfUtils.java:logGet(46)) - raft.server.threadpool.client.cached = true (default)
2022-10-18 21:55:31,557 [pool-122-thread-1] INFO  server.RaftServerConfigKeys (ConfUtils.java:logGet(46)) - raft.server.threadpool.client.size = 0 (default)
2022-10-18 21:55:31,557 [pool-122-thread-1] INFO  server.RaftServer$Division (RaftServerImpl.java:start(310)) - 4be08eba-b757-4d49-ba99-26dafbb001b1@group-EDE5FE44A057: start as a follower, conf=-1: [324f6683-2ade-44b3-b06c-4a533e69f3ae|rpc:10.1.0.49:36541|priority:0, b0a080c7-90ba-4b33-9ef1-5c8d9af7a4e3|rpc:10.1.0.49:35533|priority:1, 4be08eba-b757-4d49-ba99-26dafbb001b1|rpc:10.1.0.49:37381|priority:0], old=null
2022-10-18 21:55:31,558 [pool-122-thread-1] INFO  server.RaftServer$Division (RaftServerImpl.java:setRole(299)) - 4be08eba-b757-4d49-ba99-26dafbb001b1@group-EDE5FE44A057: changes role from      null to FOLLOWER at term 0 for startAsFollower
2022-10-18 21:55:31,558 [pool-122-thread-1] INFO  impl.RoleInfo (RoleInfo.java:updateAndGet(139)) - 4be08eba-b757-4d49-ba99-26dafbb001b1: start 4be08eba-b757-4d49-ba99-26dafbb001b1@group-EDE5FE44A057-FollowerState
2022-10-18 21:55:31,558 [pool-122-thread-1] INFO  util.JmxRegister (JmxRegister.java:tryRegister(44)) - Successfully registered JMX Bean with object name Ratis:service=RaftServer,group=group-EDE5FE44A057,id=4be08eba-b757-4d49-ba99-26dafbb001b1
2022-10-18 21:55:31,560 [Command processor thread] INFO  ratis.XceiverServerRatis (XceiverServerRatis.java:addGroup(765)) - Created group PipelineID=e62b29f8-5728-43f3-9dea-ede5fe44a057
2022-10-18 21:55:31,603 [grpc-default-executor-2] INFO  server.RaftServer (RaftServerProxy.java:addNew(96)) - 324f6683-2ade-44b3-b06c-4a533e69f3ae: addNew group-EDE5FE44A057:[324f6683-2ade-44b3-b06c-4a533e69f3ae|rpc:10.1.0.49:36541|dataStream:|priority:0, b0a080c7-90ba-4b33-9ef1-5c8d9af7a4e3|rpc:10.1.0.49:35533|dataStream:|priority:1, 4be08eba-b757-4d49-ba99-26dafbb001b1|rpc:10.1.0.49:37381|dataStream:|priority:0] returns group-EDE5FE44A057:java.util.concurrent.CompletableFuture@6a493537[Not completed]
2022-10-18 21:55:31,604 [pool-168-thread-1] INFO  server.RaftServer$Division (RaftServerImpl.java:<init>(190)) - 324f6683-2ade-44b3-b06c-4a533e69f3ae: new RaftServerImpl for group-EDE5FE44A057:[324f6683-2ade-44b3-b06c-4a533e69f3ae|rpc:10.1.0.49:36541|dataStream:|priority:0, b0a080c7-90ba-4b33-9ef1-5c8d9af7a4e3|rpc:10.1.0.49:35533|dataStream:|priority:1, 4be08eba-b757-4d49-ba99-26dafbb001b1|rpc:10.1.0.49:37381|dataStream:|priority:0] with ContainerStateMachine:uninitialized
2022-10-18 21:55:31,604 [pool-168-thread-1] INFO  server.RaftServerConfigKeys (ConfUtils.java:logGet(46)) - raft.server.rpc.timeout.min = 5s (custom)
2022-10-18 21:55:31,604 [pool-168-thread-1] INFO  server.RaftServerConfigKeys (ConfUtils.java:logGet(46)) - raft.server.rpc.timeout.max = 5200ms (custom)
2022-10-18 21:55:31,604 [pool-168-thread-1] INFO  server.RaftServerConfigKeys (ConfUtils.java:logGet(46)) - raft.server.rpc.sleep.time = 25ms (default)
2022-10-18 21:55:31,604 [pool-168-thread-1] INFO  server.RaftServerConfigKeys (ConfUtils.java:logGet(46)) - raft.server.rpc.slowness.timeout = 300s (custom)
2022-10-18 21:55:31,604 [pool-168-thread-1] INFO  server.RaftServerConfigKeys (ConfUtils.java:logGet(46)) - raft.server.leaderelection.leader.step-down.wait-time = 10s (default)
2022-10-18 21:55:31,604 [pool-168-thread-1] INFO  server.RaftServerConfigKeys (ConfUtils.java:logGet(46)) - raft.server.sleep.deviation.threshold = 300ms (default)
2022-10-18 21:55:31,604 [pool-168-thread-1] INFO  server.RaftServer$Division (ServerState.java:<init>(107)) - 324f6683-2ade-44b3-b06c-4a533e69f3ae@group-EDE5FE44A057: ConfigurationManager, init=-1: [324f6683-2ade-44b3-b06c-4a533e69f3ae|rpc:10.1.0.49:36541|dataStream:|priority:0, b0a080c7-90ba-4b33-9ef1-5c8d9af7a4e3|rpc:10.1.0.49:35533|dataStream:|priority:1, 4be08eba-b757-4d49-ba99-26dafbb001b1|rpc:10.1.0.49:37381|dataStream:|priority:0], old=null, confs=<EMPTY_MAP>
2022-10-18 21:55:31,604 [pool-168-thread-1] INFO  server.RaftServerConfigKeys (ConfUtils.java:logGet(46)) - raft.server.storage.dir = [/home/runner/work/ozone/ozone/hadoop-ozone/integration-test/target/test-dir/MiniOzoneClusterImpl-285291dc-83a3-4c49-94f6-5e759e1760ea/datanode-2/data/ratis] (custom)
2022-10-18 21:55:31,604 [pool-168-thread-1] INFO  server.RaftServerConfigKeys (ConfUtils.java:logGet(46)) - raft.server.log.corruption.policy = EXCEPTION (default)
2022-10-18 21:55:31,604 [pool-168-thread-1] INFO  server.RaftServerConfigKeys (ConfUtils.java:logGet(46)) - raft.server.storage.free-space.min = 0MB (=0) (default)
2022-10-18 21:55:31,604 [pool-168-thread-1] INFO  storage.RaftStorageDirectory (RaftStorageDirectoryImpl.java:analyzeStorage(135)) - The storage directory /home/runner/work/ozone/ozone/hadoop-ozone/integration-test/target/test-dir/MiniOzoneClusterImpl-285291dc-83a3-4c49-94f6-5e759e1760ea/datanode-2/data/ratis/e62b29f8-5728-43f3-9dea-ede5fe44a057 does not exist. Creating ...
2022-10-18 21:55:31,605 [pool-168-thread-1] INFO  storage.RaftStorageDirectory (RaftStorageDirectoryImpl.java:tryLock(230)) - Lock on /home/runner/work/ozone/ozone/hadoop-ozone/integration-test/target/test-dir/MiniOzoneClusterImpl-285291dc-83a3-4c49-94f6-5e759e1760ea/datanode-2/data/ratis/e62b29f8-5728-43f3-9dea-ede5fe44a057/in_use.lock acquired by nodename 38880@fv-az368-376
2022-10-18 21:55:31,606 [pool-168-thread-1] INFO  storage.RaftStorage (RaftStorageImpl.java:format(89)) - Storage directory /home/runner/work/ozone/ozone/hadoop-ozone/integration-test/target/test-dir/MiniOzoneClusterImpl-285291dc-83a3-4c49-94f6-5e759e1760ea/datanode-2/data/ratis/e62b29f8-5728-43f3-9dea-ede5fe44a057 has been successfully formatted.
2022-10-18 21:55:31,607 [pool-168-thread-1] INFO  ratis.ContainerStateMachine (ContainerStateMachine.java:loadSnapshot(236)) - group-EDE5FE44A057: The snapshot info is null. Setting the last applied indexto:(t:0, i:~)
2022-10-18 21:55:31,608 [pool-168-thread-1] INFO  server.RaftServerConfigKeys (ConfUtils.java:logGet(46)) - raft.server.notification.no-leader.timeout = 300s (custom)
2022-10-18 21:55:31,608 [pool-168-thread-1] INFO  server.RaftServerConfigKeys (ConfUtils.java:logGet(46)) - raft.server.log.use.memory = false (default)
2022-10-18 21:55:31,608 [pool-168-thread-1] INFO  server.RaftServerConfigKeys (ConfUtils.java:logGet(46)) - raft.server.log.purge.gap = 1000000 (custom)
2022-10-18 21:55:31,608 [pool-168-thread-1] INFO  server.RaftServerConfigKeys (ConfUtils.java:logGet(46)) - raft.server.log.appender.buffer.byte-limit = 33554432 (custom)
2022-10-18 21:55:31,608 [pool-168-thread-1] INFO  server.RaftServerConfigKeys (ConfUtils.java:logGet(46)) - raft.server.log.statemachine.data.read.timeout = 1000ms (default)
2022-10-18 21:55:31,609 [pool-168-thread-1] INFO  server.RaftServerConfigKeys (ConfUtils.java:logGet(46)) - raft.server.log.segment.size.max = 1048576 (custom)
2022-10-18 21:55:31,609 [pool-168-thread-1] INFO  server.RaftServerConfigKeys (ConfUtils.java:logGet(46)) - raft.server.log.segment.cache.num.max = 2 (custom)
2022-10-18 21:55:31,609 [pool-168-thread-1] INFO  server.RaftServerConfigKeys (ConfUtils.java:logGet(46)) - raft.server.log.segment.cache.size.max = 200MB (=209715200) (default)
2022-10-18 21:55:31,609 [pool-168-thread-1] INFO  segmented.SegmentedRaftLogWorker (SegmentedRaftLogWorker.java:<init>(187)) - new 324f6683-2ade-44b3-b06c-4a533e69f3ae@group-EDE5FE44A057-SegmentedRaftLogWorker for RaftStorageImpl:Storage Directory /home/runner/work/ozone/ozone/hadoop-ozone/integration-test/target/test-dir/MiniOzoneClusterImpl-285291dc-83a3-4c49-94f6-5e759e1760ea/datanode-2/data/ratis/e62b29f8-5728-43f3-9dea-ede5fe44a057
2022-10-18 21:55:31,609 [pool-168-thread-1] INFO  server.RaftServerConfigKeys (ConfUtils.java:logGet(46)) - raft.server.log.queue.byte-limit = 4294967296 (custom)
2022-10-18 21:55:31,609 [pool-168-thread-1] INFO  server.RaftServerConfigKeys (ConfUtils.java:logGet(46)) - raft.server.log.queue.element-limit = 1024 (custom)
2022-10-18 21:55:31,609 [pool-168-thread-1] INFO  server.RaftServerConfigKeys (ConfUtils.java:logGet(46)) - raft.server.log.segment.size.max = 1048576 (custom)
2022-10-18 21:55:31,610 [pool-168-thread-1] INFO  server.RaftServerConfigKeys (ConfUtils.java:logGet(46)) - raft.server.log.preallocated.size = 16384 (custom)
2022-10-18 21:55:31,610 [pool-168-thread-1] INFO  server.RaftServerConfigKeys (ConfUtils.java:logGet(46)) - raft.server.log.force.sync.num = 128 (default)
2022-10-18 21:55:31,610 [pool-168-thread-1] INFO  server.RaftServerConfigKeys (ConfUtils.java:logGet(46)) - raft.server.log.statemachine.data.sync = true (default)
2022-10-18 21:55:31,610 [pool-168-thread-1] INFO  server.RaftServerConfigKeys (ConfUtils.java:logGet(46)) - raft.server.log.statemachine.data.sync.timeout = 10s (default)
2022-10-18 21:55:31,610 [pool-168-thread-1] INFO  server.RaftServerConfigKeys (ConfUtils.java:logGet(46)) - raft.server.log.statemachine.data.sync.timeout.retry = -1 (default)
2022-10-18 21:55:31,610 [pool-168-thread-1] INFO  server.RaftServerConfigKeys (ConfUtils.java:logGet(46)) - raft.server.log.write.buffer.size = 1048576 (custom)
2022-10-18 21:55:31,611 [pool-168-thread-1] INFO  server.RaftServerConfigKeys (ConfUtils.java:logGet(46)) - raft.server.log.unsafe-flush.enabled = false (default)
2022-10-18 21:55:31,611 [pool-168-thread-1] INFO  server.RaftServerConfigKeys (ConfUtils.java:logGet(46)) - raft.server.log.statemachine.data.caching.enabled = true (custom)
2022-10-18 21:55:31,611 [pool-168-thread-1] INFO  segmented.SegmentedRaftLogWorker (SegmentedRaftLogWorker.java:lambda$new$0(135)) - 324f6683-2ade-44b3-b06c-4a533e69f3ae@group-EDE5FE44A057-SegmentedRaftLogWorker: flushIndex: setUnconditionally 0 -> -1
2022-10-18 21:55:31,611 [pool-168-thread-1] INFO  segmented.SegmentedRaftLogWorker (SegmentedRaftLogWorker.java:lambda$new$0(135)) - 324f6683-2ade-44b3-b06c-4a533e69f3ae@group-EDE5FE44A057-SegmentedRaftLogWorker: safeCacheEvictIndex: setUnconditionally 0 -> -1
2022-10-18 21:55:31,611 [pool-168-thread-1] INFO  server.RaftServerConfigKeys (ConfUtils.java:logGet(46)) - raft.server.snapshot.auto.trigger.enabled = true (custom)
2022-10-18 21:55:31,611 [pool-168-thread-1] INFO  server.RaftServerConfigKeys (ConfUtils.java:logGet(46)) - raft.server.snapshot.auto.trigger.threshold = 10000 (custom)
2022-10-18 21:55:31,611 [pool-168-thread-1] INFO  server.RaftServerConfigKeys (ConfUtils.java:logGet(46)) - raft.server.snapshot.retention.file.num = 5 (custom)
2022-10-18 21:55:31,611 [pool-168-thread-1] INFO  server.RaftServerConfigKeys (ConfUtils.java:logGet(46)) - raft.server.log.purge.upto.snapshot.index = false (default)
2022-10-18 21:55:31,611 [pool-168-thread-1] INFO  server.RaftServerConfigKeys (ConfUtils.java:logGet(46)) - raft.server.retrycache.expirytime = 600000ms (custom)
2022-10-18 21:55:31,611 [pool-168-thread-1] INFO  server.RaftServerConfigKeys (ConfUtils.java:logGet(46)) - raft.server.retrycache.statistics.expirytime = 100μs (default)
2022-10-18 21:55:31,612 [pool-168-thread-1] INFO  server.RaftServerConfigKeys (ConfUtils.java:logGet(46)) - raft.server.log.appender.install.snapshot.enabled = false (custom)
2022-10-18 21:55:31,612 [pool-168-thread-1] INFO  server.RaftServerConfigKeys (ConfUtils.java:logGet(46)) - raft.server.threadpool.server.cached = true (default)
2022-10-18 21:55:31,612 [pool-168-thread-1] INFO  server.RaftServerConfigKeys (ConfUtils.java:logGet(46)) - raft.server.threadpool.server.size = 0 (default)
2022-10-18 21:55:31,612 [pool-168-thread-1] INFO  server.RaftServerConfigKeys (ConfUtils.java:logGet(46)) - raft.server.threadpool.client.cached = true (default)
2022-10-18 21:55:31,612 [pool-168-thread-1] INFO  server.RaftServerConfigKeys (ConfUtils.java:logGet(46)) - raft.server.threadpool.client.size = 0 (default)
2022-10-18 21:55:31,612 [pool-168-thread-1] INFO  server.RaftServer$Division (RaftServerImpl.java:start(310)) - 324f6683-2ade-44b3-b06c-4a533e69f3ae@group-EDE5FE44A057: start as a follower, conf=-1: [324f6683-2ade-44b3-b06c-4a533e69f3ae|rpc:10.1.0.49:36541|dataStream:|priority:0, b0a080c7-90ba-4b33-9ef1-5c8d9af7a4e3|rpc:10.1.0.49:35533|dataStream:|priority:1, 4be08eba-b757-4d49-ba99-26dafbb001b1|rpc:10.1.0.49:37381|dataStream:|priority:0], old=null
2022-10-18 21:55:31,612 [pool-168-thread-1] INFO  server.RaftServer$Division (RaftServerImpl.java:setRole(299)) - 324f6683-2ade-44b3-b06c-4a533e69f3ae@group-EDE5FE44A057: changes role from      null to FOLLOWER at term 0 for startAsFollower
2022-10-18 21:55:31,612 [pool-168-thread-1] INFO  impl.RoleInfo (RoleInfo.java:updateAndGet(139)) - 324f6683-2ade-44b3-b06c-4a533e69f3ae: start 324f6683-2ade-44b3-b06c-4a533e69f3ae@group-EDE5FE44A057-FollowerState
2022-10-18 21:55:31,612 [pool-168-thread-1] INFO  util.JmxRegister (JmxRegister.java:tryRegister(44)) - Successfully registered JMX Bean with object name Ratis:service=RaftServer,group=group-EDE5FE44A057,id=324f6683-2ade-44b3-b06c-4a533e69f3ae
2022-10-18 21:55:31,642 [grpc-default-executor-2] INFO  server.RaftServer (RaftServerProxy.java:addNew(96)) - b0a080c7-90ba-4b33-9ef1-5c8d9af7a4e3: addNew group-EDE5FE44A057:[324f6683-2ade-44b3-b06c-4a533e69f3ae|rpc:10.1.0.49:36541|dataStream:|priority:0, b0a080c7-90ba-4b33-9ef1-5c8d9af7a4e3|rpc:10.1.0.49:35533|dataStream:|priority:1, 4be08eba-b757-4d49-ba99-26dafbb001b1|rpc:10.1.0.49:37381|dataStream:|priority:0] returns group-EDE5FE44A057:java.util.concurrent.CompletableFuture@6fafa531[Not completed]
2022-10-18 21:55:31,643 [pool-145-thread-1] INFO  server.RaftServer$Division (RaftServerImpl.java:<init>(190)) - b0a080c7-90ba-4b33-9ef1-5c8d9af7a4e3: new RaftServerImpl for group-EDE5FE44A057:[324f6683-2ade-44b3-b06c-4a533e69f3ae|rpc:10.1.0.49:36541|dataStream:|priority:0, b0a080c7-90ba-4b33-9ef1-5c8d9af7a4e3|rpc:10.1.0.49:35533|dataStream:|priority:1, 4be08eba-b757-4d49-ba99-26dafbb001b1|rpc:10.1.0.49:37381|dataStream:|priority:0] with ContainerStateMachine:uninitialized
2022-10-18 21:55:31,643 [pool-145-thread-1] INFO  server.RaftServerConfigKeys (ConfUtils.java:logGet(46)) - raft.server.rpc.timeout.min = 5s (custom)
2022-10-18 21:55:31,643 [pool-145-thread-1] INFO  server.RaftServerConfigKeys (ConfUtils.java:logGet(46)) - raft.server.rpc.timeout.max = 5200ms (custom)
2022-10-18 21:55:31,643 [pool-145-thread-1] INFO  server.RaftServerConfigKeys (ConfUtils.java:logGet(46)) - raft.server.rpc.sleep.time = 25ms (default)
2022-10-18 21:55:31,643 [pool-145-thread-1] INFO  server.RaftServerConfigKeys (ConfUtils.java:logGet(46)) - raft.server.rpc.slowness.timeout = 300s (custom)
2022-10-18 21:55:31,643 [pool-145-thread-1] INFO  server.RaftServerConfigKeys (ConfUtils.java:logGet(46)) - raft.server.leaderelection.leader.step-down.wait-time = 10s (default)
2022-10-18 21:55:31,643 [pool-145-thread-1] INFO  server.RaftServerConfigKeys (ConfUtils.java:logGet(46)) - raft.server.sleep.deviation.threshold = 300ms (default)
2022-10-18 21:55:31,643 [pool-145-thread-1] INFO  server.RaftServer$Division (ServerState.java:<init>(107)) - b0a080c7-90ba-4b33-9ef1-5c8d9af7a4e3@group-EDE5FE44A057: ConfigurationManager, init=-1: [324f6683-2ade-44b3-b06c-4a533e69f3ae|rpc:10.1.0.49:36541|dataStream:|priority:0, b0a080c7-90ba-4b33-9ef1-5c8d9af7a4e3|rpc:10.1.0.49:35533|dataStream:|priority:1, 4be08eba-b757-4d49-ba99-26dafbb001b1|rpc:10.1.0.49:37381|dataStream:|priority:0], old=null, confs=<EMPTY_MAP>
2022-10-18 21:55:31,643 [pool-145-thread-1] INFO  server.RaftServerConfigKeys (ConfUtils.java:logGet(46)) - raft.server.storage.dir = [/home/runner/work/ozone/ozone/hadoop-ozone/integration-test/target/test-dir/MiniOzoneClusterImpl-285291dc-83a3-4c49-94f6-5e759e1760ea/datanode-1/data/ratis] (custom)
2022-10-18 21:55:31,643 [pool-145-thread-1] INFO  server.RaftServerConfigKeys (ConfUtils.java:logGet(46)) - raft.server.log.corruption.policy = EXCEPTION (default)
2022-10-18 21:55:31,643 [pool-145-thread-1] INFO  server.RaftServerConfigKeys (ConfUtils.java:logGet(46)) - raft.server.storage.free-space.min = 0MB (=0) (default)
2022-10-18 21:55:31,643 [pool-145-thread-1] INFO  storage.RaftStorageDirectory (RaftStorageDirectoryImpl.java:analyzeStorage(135)) - The storage directory /home/runner/work/ozone/ozone/hadoop-ozone/integration-test/target/test-dir/MiniOzoneClusterImpl-285291dc-83a3-4c49-94f6-5e759e1760ea/datanode-1/data/ratis/e62b29f8-5728-43f3-9dea-ede5fe44a057 does not exist. Creating ...
2022-10-18 21:55:31,644 [pool-145-thread-1] INFO  storage.RaftStorageDirectory (RaftStorageDirectoryImpl.java:tryLock(230)) - Lock on /home/runner/work/ozone/ozone/hadoop-ozone/integration-test/target/test-dir/MiniOzoneClusterImpl-285291dc-83a3-4c49-94f6-5e759e1760ea/datanode-1/data/ratis/e62b29f8-5728-43f3-9dea-ede5fe44a057/in_use.lock acquired by nodename 38880@fv-az368-376
2022-10-18 21:55:31,645 [pool-145-thread-1] INFO  storage.RaftStorage (RaftStorageImpl.java:format(89)) - Storage directory /home/runner/work/ozone/ozone/hadoop-ozone/integration-test/target/test-dir/MiniOzoneClusterImpl-285291dc-83a3-4c49-94f6-5e759e1760ea/datanode-1/data/ratis/e62b29f8-5728-43f3-9dea-ede5fe44a057 has been successfully formatted.
2022-10-18 21:55:31,645 [pool-145-thread-1] INFO  ratis.ContainerStateMachine (ContainerStateMachine.java:loadSnapshot(236)) - group-EDE5FE44A057: The snapshot info is null. Setting the last applied indexto:(t:0, i:~)
2022-10-18 21:55:31,646 [pool-145-thread-1] INFO  server.RaftServerConfigKeys (ConfUtils.java:logGet(46)) - raft.server.notification.no-leader.timeout = 300s (custom)
2022-10-18 21:55:31,646 [pool-145-thread-1] INFO  server.RaftServerConfigKeys (ConfUtils.java:logGet(46)) - raft.server.log.use.memory = false (default)
2022-10-18 21:55:31,646 [pool-145-thread-1] INFO  server.RaftServerConfigKeys (ConfUtils.java:logGet(46)) - raft.server.log.purge.gap = 1000000 (custom)
2022-10-18 21:55:31,646 [pool-145-thread-1] INFO  server.RaftServerConfigKeys (ConfUtils.java:logGet(46)) - raft.server.log.appender.buffer.byte-limit = 33554432 (custom)
2022-10-18 21:55:31,646 [pool-145-thread-1] INFO  server.RaftServerConfigKeys (ConfUtils.java:logGet(46)) - raft.server.log.statemachine.data.read.timeout = 1000ms (default)
2022-10-18 21:55:31,646 [pool-145-thread-1] INFO  server.RaftServerConfigKeys (ConfUtils.java:logGet(46)) - raft.server.log.segment.size.max = 1048576 (custom)
2022-10-18 21:55:31,649 [pool-145-thread-1] INFO  server.RaftServerConfigKeys (ConfUtils.java:logGet(46)) - raft.server.log.segment.cache.num.max = 2 (custom)
2022-10-18 21:55:31,649 [pool-145-thread-1] INFO  server.RaftServerConfigKeys (ConfUtils.java:logGet(46)) - raft.server.log.segment.cache.size.max = 200MB (=209715200) (default)
2022-10-18 21:55:31,649 [pool-145-thread-1] INFO  segmented.SegmentedRaftLogWorker (SegmentedRaftLogWorker.java:<init>(187)) - new b0a080c7-90ba-4b33-9ef1-5c8d9af7a4e3@group-EDE5FE44A057-SegmentedRaftLogWorker for RaftStorageImpl:Storage Directory /home/runner/work/ozone/ozone/hadoop-ozone/integration-test/target/test-dir/MiniOzoneClusterImpl-285291dc-83a3-4c49-94f6-5e759e1760ea/datanode-1/data/ratis/e62b29f8-5728-43f3-9dea-ede5fe44a057
2022-10-18 21:55:31,649 [pool-145-thread-1] INFO  server.RaftServerConfigKeys (ConfUtils.java:logGet(46)) - raft.server.log.queue.byte-limit = 4294967296 (custom)
2022-10-18 21:55:31,649 [pool-145-thread-1] INFO  server.RaftServerConfigKeys (ConfUtils.java:logGet(46)) - raft.server.log.queue.element-limit = 1024 (custom)
2022-10-18 21:55:31,649 [pool-145-thread-1] INFO  server.RaftServerConfigKeys (ConfUtils.java:logGet(46)) - raft.server.log.segment.size.max = 1048576 (custom)
2022-10-18 21:55:31,649 [pool-145-thread-1] INFO  server.RaftServerConfigKeys (ConfUtils.java:logGet(46)) - raft.server.log.preallocated.size = 16384 (custom)
2022-10-18 21:55:31,649 [pool-145-thread-1] INFO  server.RaftServerConfigKeys (ConfUtils.java:logGet(46)) - raft.server.log.force.sync.num = 128 (default)
2022-10-18 21:55:31,649 [pool-145-thread-1] INFO  server.RaftServerConfigKeys (ConfUtils.java:logGet(46)) - raft.server.log.statemachine.data.sync = true (default)
2022-10-18 21:55:31,649 [pool-145-thread-1] INFO  server.RaftServerConfigKeys (ConfUtils.java:logGet(46)) - raft.server.log.statemachine.data.sync.timeout = 10s (default)
2022-10-18 21:55:31,649 [pool-145-thread-1] INFO  server.RaftServerConfigKeys (ConfUtils.java:logGet(46)) - raft.server.log.statemachine.data.sync.timeout.retry = -1 (default)
2022-10-18 21:55:31,650 [pool-145-thread-1] INFO  server.RaftServerConfigKeys (ConfUtils.java:logGet(46)) - raft.server.log.write.buffer.size = 1048576 (custom)
2022-10-18 21:55:31,650 [pool-145-thread-1] INFO  server.RaftServerConfigKeys (ConfUtils.java:logGet(46)) - raft.server.log.unsafe-flush.enabled = false (default)
2022-10-18 21:55:31,650 [pool-145-thread-1] INFO  server.RaftServerConfigKeys (ConfUtils.java:logGet(46)) - raft.server.log.statemachine.data.caching.enabled = true (custom)
2022-10-18 21:55:31,650 [pool-145-thread-1] INFO  segmented.SegmentedRaftLogWorker (SegmentedRaftLogWorker.java:lambda$new$0(135)) - b0a080c7-90ba-4b33-9ef1-5c8d9af7a4e3@group-EDE5FE44A057-SegmentedRaftLogWorker: flushIndex: setUnconditionally 0 -> -1
2022-10-18 21:55:31,650 [pool-145-thread-1] INFO  segmented.SegmentedRaftLogWorker (SegmentedRaftLogWorker.java:lambda$new$0(135)) - b0a080c7-90ba-4b33-9ef1-5c8d9af7a4e3@group-EDE5FE44A057-SegmentedRaftLogWorker: safeCacheEvictIndex: setUnconditionally 0 -> -1
2022-10-18 21:55:31,651 [pool-145-thread-1] INFO  server.RaftServerConfigKeys (ConfUtils.java:logGet(46)) - raft.server.snapshot.auto.trigger.enabled = true (custom)
2022-10-18 21:55:31,651 [pool-145-thread-1] INFO  server.RaftServerConfigKeys (ConfUtils.java:logGet(46)) - raft.server.snapshot.auto.trigger.threshold = 10000 (custom)
2022-10-18 21:55:31,651 [pool-145-thread-1] INFO  server.RaftServerConfigKeys (ConfUtils.java:logGet(46)) - raft.server.snapshot.retention.file.num = 5 (custom)
2022-10-18 21:55:31,651 [pool-145-thread-1] INFO  server.RaftServerConfigKeys (ConfUtils.java:logGet(46)) - raft.server.log.purge.upto.snapshot.index = false (default)
2022-10-18 21:55:31,651 [pool-145-thread-1] INFO  server.RaftServerConfigKeys (ConfUtils.java:logGet(46)) - raft.server.retrycache.expirytime = 600000ms (custom)
2022-10-18 21:55:31,651 [pool-145-thread-1] INFO  server.RaftServerConfigKeys (ConfUtils.java:logGet(46)) - raft.server.retrycache.statistics.expirytime = 100μs (default)
2022-10-18 21:55:31,652 [pool-145-thread-1] INFO  server.RaftServerConfigKeys (ConfUtils.java:logGet(46)) - raft.server.log.appender.install.snapshot.enabled = false (custom)
2022-10-18 21:55:31,652 [pool-145-thread-1] INFO  server.RaftServerConfigKeys (ConfUtils.java:logGet(46)) - raft.server.threadpool.server.cached = true (default)
2022-10-18 21:55:31,652 [pool-145-thread-1] INFO  server.RaftServerConfigKeys (ConfUtils.java:logGet(46)) - raft.server.threadpool.server.size = 0 (default)
2022-10-18 21:55:31,652 [pool-145-thread-1] INFO  server.RaftServerConfigKeys (ConfUtils.java:logGet(46)) - raft.server.threadpool.client.cached = true (default)
2022-10-18 21:55:31,652 [pool-145-thread-1] INFO  server.RaftServerConfigKeys (ConfUtils.java:logGet(46)) - raft.server.threadpool.client.size = 0 (default)
2022-10-18 21:55:31,652 [pool-145-thread-1] INFO  server.RaftServer$Division (RaftServerImpl.java:start(310)) - b0a080c7-90ba-4b33-9ef1-5c8d9af7a4e3@group-EDE5FE44A057: start as a follower, conf=-1: [324f6683-2ade-44b3-b06c-4a533e69f3ae|rpc:10.1.0.49:36541|dataStream:|priority:0, b0a080c7-90ba-4b33-9ef1-5c8d9af7a4e3|rpc:10.1.0.49:35533|dataStream:|priority:1, 4be08eba-b757-4d49-ba99-26dafbb001b1|rpc:10.1.0.49:37381|dataStream:|priority:0], old=null
2022-10-18 21:55:31,652 [pool-145-thread-1] INFO  server.RaftServer$Division (RaftServerImpl.java:setRole(299)) - b0a080c7-90ba-4b33-9ef1-5c8d9af7a4e3@group-EDE5FE44A057: changes role from      null to FOLLOWER at term 0 for startAsFollower
2022-10-18 21:55:31,652 [pool-145-thread-1] INFO  impl.RoleInfo (RoleInfo.java:updateAndGet(139)) - b0a080c7-90ba-4b33-9ef1-5c8d9af7a4e3: start b0a080c7-90ba-4b33-9ef1-5c8d9af7a4e3@group-EDE5FE44A057-FollowerState
2022-10-18 21:55:31,653 [pool-145-thread-1] INFO  util.JmxRegister (JmxRegister.java:tryRegister(44)) - Successfully registered JMX Bean with object name Ratis:service=RaftServer,group=group-EDE5FE44A057,id=b0a080c7-90ba-4b33-9ef1-5c8d9af7a4e3
2022-10-18 21:55:31,656 [Command processor thread] INFO  commandhandler.CreatePipelineCommandHandler (CreatePipelineCommandHandler.java:handle(113)) - Created Pipeline RATIS THREE PipelineID=e62b29f8-5728-43f3-9dea-ede5fe44a057.
2022-10-18 21:55:31,657 [Command processor thread] INFO  server.RaftServer (RaftServerProxy.java:addNew(96)) - 4be08eba-b757-4d49-ba99-26dafbb001b1: addNew group-288BE5F8F4CA:[324f6683-2ade-44b3-b06c-4a533e69f3ae|rpc:10.1.0.49:36541|priority:0, b0a080c7-90ba-4b33-9ef1-5c8d9af7a4e3|rpc:10.1.0.49:35533|priority:0, 4be08eba-b757-4d49-ba99-26dafbb001b1|rpc:10.1.0.49:37381|priority:1] returns group-288BE5F8F4CA:java.util.concurrent.CompletableFuture@2095e48a[Not completed]
2022-10-18 21:55:31,657 [pool-122-thread-1] INFO  server.RaftServer$Division (RaftServerImpl.java:<init>(190)) - 4be08eba-b757-4d49-ba99-26dafbb001b1: new RaftServerImpl for group-288BE5F8F4CA:[324f6683-2ade-44b3-b06c-4a533e69f3ae|rpc:10.1.0.49:36541|priority:0, b0a080c7-90ba-4b33-9ef1-5c8d9af7a4e3|rpc:10.1.0.49:35533|priority:0, 4be08eba-b757-4d49-ba99-26dafbb001b1|rpc:10.1.0.49:37381|priority:1] with ContainerStateMachine:uninitialized
2022-10-18 21:55:31,658 [pool-122-thread-1] INFO  server.RaftServerConfigKeys (ConfUtils.java:logGet(46)) - raft.server.rpc.timeout.min = 5s (custom)
2022-10-18 21:55:31,658 [pool-122-thread-1] INFO  server.RaftServerConfigKeys (ConfUtils.java:logGet(46)) - raft.server.rpc.timeout.max = 5200ms (custom)
2022-10-18 21:55:31,658 [pool-122-thread-1] INFO  server.RaftServerConfigKeys (ConfUtils.java:logGet(46)) - raft.server.rpc.sleep.time = 25ms (default)
2022-10-18 21:55:31,658 [pool-122-thread-1] INFO  server.RaftServerConfigKeys (ConfUtils.java:logGet(46)) - raft.server.rpc.slowness.timeout = 300s (custom)
2022-10-18 21:55:31,658 [pool-122-thread-1] INFO  server.RaftServerConfigKeys (ConfUtils.java:logGet(46)) - raft.server.leaderelection.leader.step-down.wait-time = 10s (default)
2022-10-18 21:55:31,658 [pool-122-thread-1] INFO  server.RaftServerConfigKeys (ConfUtils.java:logGet(46)) - raft.server.sleep.deviation.threshold = 300ms (default)
2022-10-18 21:55:31,658 [pool-122-thread-1] INFO  server.RaftServer$Division (ServerState.java:<init>(107)) - 4be08eba-b757-4d49-ba99-26dafbb001b1@group-288BE5F8F4CA: ConfigurationManager, init=-1: [324f6683-2ade-44b3-b06c-4a533e69f3ae|rpc:10.1.0.49:36541|priority:0, b0a080c7-90ba-4b33-9ef1-5c8d9af7a4e3|rpc:10.1.0.49:35533|priority:0, 4be08eba-b757-4d49-ba99-26dafbb001b1|rpc:10.1.0.49:37381|priority:1], old=null, confs=<EMPTY_MAP>
2022-10-18 21:55:31,658 [pool-122-thread-1] INFO  server.RaftServerConfigKeys (ConfUtils.java:logGet(46)) - raft.server.storage.dir = [/home/runner/work/ozone/ozone/hadoop-ozone/integration-test/target/test-dir/MiniOzoneClusterImpl-285291dc-83a3-4c49-94f6-5e759e1760ea/datanode-0/data/ratis] (custom)
2022-10-18 21:55:31,658 [pool-122-thread-1] INFO  server.RaftServerConfigKeys (ConfUtils.java:logGet(46)) - raft.server.log.corruption.policy = EXCEPTION (default)
2022-10-18 21:55:31,658 [pool-122-thread-1] INFO  server.RaftServerConfigKeys (ConfUtils.java:logGet(46)) - raft.server.storage.free-space.min = 0MB (=0) (default)
2022-10-18 21:55:31,658 [pool-122-thread-1] INFO  storage.RaftStorageDirectory (RaftStorageDirectoryImpl.java:analyzeStorage(135)) - The storage directory /home/runner/work/ozone/ozone/hadoop-ozone/integration-test/target/test-dir/MiniOzoneClusterImpl-285291dc-83a3-4c49-94f6-5e759e1760ea/datanode-0/data/ratis/45a49219-9693-4247-8e68-288be5f8f4ca does not exist. Creating ...
2022-10-18 21:55:31,660 [pool-122-thread-1] INFO  storage.RaftStorageDirectory (RaftStorageDirectoryImpl.java:tryLock(230)) - Lock on /home/runner/work/ozone/ozone/hadoop-ozone/integration-test/target/test-dir/MiniOzoneClusterImpl-285291dc-83a3-4c49-94f6-5e759e1760ea/datanode-0/data/ratis/45a49219-9693-4247-8e68-288be5f8f4ca/in_use.lock acquired by nodename 38880@fv-az368-376
2022-10-18 21:55:31,661 [pool-122-thread-1] INFO  storage.RaftStorage (RaftStorageImpl.java:format(89)) - Storage directory /home/runner/work/ozone/ozone/hadoop-ozone/integration-test/target/test-dir/MiniOzoneClusterImpl-285291dc-83a3-4c49-94f6-5e759e1760ea/datanode-0/data/ratis/45a49219-9693-4247-8e68-288be5f8f4ca has been successfully formatted.
2022-10-18 21:55:31,661 [pool-122-thread-1] INFO  ratis.ContainerStateMachine (ContainerStateMachine.java:loadSnapshot(236)) - group-288BE5F8F4CA: The snapshot info is null. Setting the last applied indexto:(t:0, i:~)
2022-10-18 21:55:31,662 [pool-122-thread-1] INFO  server.RaftServerConfigKeys (ConfUtils.java:logGet(46)) - raft.server.notification.no-leader.timeout = 300s (custom)
2022-10-18 21:55:31,662 [pool-122-thread-1] INFO  server.RaftServerConfigKeys (ConfUtils.java:logGet(46)) - raft.server.log.use.memory = false (default)
2022-10-18 21:55:31,662 [pool-122-thread-1] INFO  server.RaftServerConfigKeys (ConfUtils.java:logGet(46)) - raft.server.log.purge.gap = 1000000 (custom)
2022-10-18 21:55:31,662 [pool-122-thread-1] INFO  server.RaftServerConfigKeys (ConfUtils.java:logGet(46)) - raft.server.log.appender.buffer.byte-limit = 33554432 (custom)
2022-10-18 21:55:31,662 [pool-122-thread-1] INFO  server.RaftServerConfigKeys (ConfUtils.java:logGet(46)) - raft.server.log.statemachine.data.read.timeout = 1000ms (default)
2022-10-18 21:55:31,662 [pool-122-thread-1] INFO  server.RaftServerConfigKeys (ConfUtils.java:logGet(46)) - raft.server.log.segment.size.max = 1048576 (custom)
2022-10-18 21:55:31,663 [pool-122-thread-1] INFO  server.RaftServerConfigKeys (ConfUtils.java:logGet(46)) - raft.server.log.segment.cache.num.max = 2 (custom)
2022-10-18 21:55:31,663 [pool-122-thread-1] INFO  server.RaftServerConfigKeys (ConfUtils.java:logGet(46)) - raft.server.log.segment.cache.size.max = 200MB (=209715200) (default)
2022-10-18 21:55:31,663 [EventQueue-OpenPipelineForHealthyPipelineSafeModeRule] INFO  safemode.SCMSafeModeManager (HealthyPipelineSafeModeRule.java:process(137)) - SCM in safe mode. Healthy pipelines reported count is 0, required healthy pipeline reported count is 1
2022-10-18 21:55:31,663 [pool-122-thread-1] INFO  segmented.SegmentedRaftLogWorker (SegmentedRaftLogWorker.java:<init>(187)) - new 4be08eba-b757-4d49-ba99-26dafbb001b1@group-288BE5F8F4CA-SegmentedRaftLogWorker for RaftStorageImpl:Storage Directory /home/runner/work/ozone/ozone/hadoop-ozone/integration-test/target/test-dir/MiniOzoneClusterImpl-285291dc-83a3-4c49-94f6-5e759e1760ea/datanode-0/data/ratis/45a49219-9693-4247-8e68-288be5f8f4ca
2022-10-18 21:55:31,663 [pool-122-thread-1] INFO  server.RaftServerConfigKeys (ConfUtils.java:logGet(46)) - raft.server.log.queue.byte-limit = 4294967296 (custom)
2022-10-18 21:55:31,663 [pool-122-thread-1] INFO  server.RaftServerConfigKeys (ConfUtils.java:logGet(46)) - raft.server.log.queue.element-limit = 1024 (custom)
2022-10-18 21:55:31,664 [pool-122-thread-1] INFO  server.RaftServerConfigKeys (ConfUtils.java:logGet(46)) - raft.server.log.segment.size.max = 1048576 (custom)
2022-10-18 21:55:31,664 [pool-122-thread-1] INFO  server.RaftServerConfigKeys (ConfUtils.java:logGet(46)) - raft.server.log.preallocated.size = 16384 (custom)
2022-10-18 21:55:31,664 [pool-122-thread-1] INFO  server.RaftServerConfigKeys (ConfUtils.java:logGet(46)) - raft.server.log.force.sync.num = 128 (default)
2022-10-18 21:55:31,664 [pool-122-thread-1] INFO  server.RaftServerConfigKeys (ConfUtils.java:logGet(46)) - raft.server.log.statemachine.data.sync = true (default)
2022-10-18 21:55:31,664 [pool-122-thread-1] INFO  server.RaftServerConfigKeys (ConfUtils.java:logGet(46)) - raft.server.log.statemachine.data.sync.timeout = 10s (default)
2022-10-18 21:55:31,664 [pool-122-thread-1] INFO  server.RaftServerConfigKeys (ConfUtils.java:logGet(46)) - raft.server.log.statemachine.data.sync.timeout.retry = -1 (default)
2022-10-18 21:55:31,665 [pool-122-thread-1] INFO  server.RaftServerConfigKeys (ConfUtils.java:logGet(46)) - raft.server.log.write.buffer.size = 1048576 (custom)
2022-10-18 21:55:31,665 [pool-122-thread-1] INFO  server.RaftServerConfigKeys (ConfUtils.java:logGet(46)) - raft.server.log.unsafe-flush.enabled = false (default)
2022-10-18 21:55:31,665 [pool-122-thread-1] INFO  server.RaftServerConfigKeys (ConfUtils.java:logGet(46)) - raft.server.log.statemachine.data.caching.enabled = true (custom)
2022-10-18 21:55:31,665 [pool-122-thread-1] INFO  segmented.SegmentedRaftLogWorker (SegmentedRaftLogWorker.java:lambda$new$0(135)) - 4be08eba-b757-4d49-ba99-26dafbb001b1@group-288BE5F8F4CA-SegmentedRaftLogWorker: flushIndex: setUnconditionally 0 -> -1
2022-10-18 21:55:31,665 [pool-122-thread-1] INFO  segmented.SegmentedRaftLogWorker (SegmentedRaftLogWorker.java:lambda$new$0(135)) - 4be08eba-b757-4d49-ba99-26dafbb001b1@group-288BE5F8F4CA-SegmentedRaftLogWorker: safeCacheEvictIndex: setUnconditionally 0 -> -1
2022-10-18 21:55:31,666 [pool-122-thread-1] INFO  server.RaftServerConfigKeys (ConfUtils.java:logGet(46)) - raft.server.snapshot.auto.trigger.enabled = true (custom)
2022-10-18 21:55:31,666 [pool-122-thread-1] INFO  server.RaftServerConfigKeys (ConfUtils.java:logGet(46)) - raft.server.snapshot.auto.trigger.threshold = 10000 (custom)
2022-10-18 21:55:31,666 [pool-122-thread-1] INFO  server.RaftServerConfigKeys (ConfUtils.java:logGet(46)) - raft.server.snapshot.retention.file.num = 5 (custom)
2022-10-18 21:55:31,666 [pool-122-thread-1] INFO  server.RaftServerConfigKeys (ConfUtils.java:logGet(46)) - raft.server.log.purge.upto.snapshot.index = false (default)
2022-10-18 21:55:31,666 [pool-122-thread-1] INFO  server.RaftServerConfigKeys (ConfUtils.java:logGet(46)) - raft.server.retrycache.expirytime = 600000ms (custom)
2022-10-18 21:55:31,666 [pool-122-thread-1] INFO  server.RaftServerConfigKeys (ConfUtils.java:logGet(46)) - raft.server.retrycache.statistics.expirytime = 100μs (default)
2022-10-18 21:55:31,666 [pool-122-thread-1] INFO  server.RaftServerConfigKeys (ConfUtils.java:logGet(46)) - raft.server.log.appender.install.snapshot.enabled = false (custom)
2022-10-18 21:55:31,666 [pool-122-thread-1] INFO  server.RaftServerConfigKeys (ConfUtils.java:logGet(46)) - raft.server.threadpool.server.cached = true (default)
2022-10-18 21:55:31,666 [pool-122-thread-1] INFO  server.RaftServerConfigKeys (ConfUtils.java:logGet(46)) - raft.server.threadpool.server.size = 0 (default)
2022-10-18 21:55:31,666 [pool-122-thread-1] INFO  server.RaftServerConfigKeys (ConfUtils.java:logGet(46)) - raft.server.threadpool.client.cached = true (default)
2022-10-18 21:55:31,666 [pool-122-thread-1] INFO  server.RaftServerConfigKeys (ConfUtils.java:logGet(46)) - raft.server.threadpool.client.size = 0 (default)
2022-10-18 21:55:31,667 [pool-122-thread-1] INFO  server.RaftServer$Division (RaftServerImpl.java:start(310)) - 4be08eba-b757-4d49-ba99-26dafbb001b1@group-288BE5F8F4CA: start as a follower, conf=-1: [324f6683-2ade-44b3-b06c-4a533e69f3ae|rpc:10.1.0.49:36541|priority:0, b0a080c7-90ba-4b33-9ef1-5c8d9af7a4e3|rpc:10.1.0.49:35533|priority:0, 4be08eba-b757-4d49-ba99-26dafbb001b1|rpc:10.1.0.49:37381|priority:1], old=null
2022-10-18 21:55:31,667 [pool-122-thread-1] INFO  server.RaftServer$Division (RaftServerImpl.java:setRole(299)) - 4be08eba-b757-4d49-ba99-26dafbb001b1@group-288BE5F8F4CA: changes role from      null to FOLLOWER at term 0 for startAsFollower
2022-10-18 21:55:31,667 [pool-122-thread-1] INFO  impl.RoleInfo (RoleInfo.java:updateAndGet(139)) - 4be08eba-b757-4d49-ba99-26dafbb001b1: start 4be08eba-b757-4d49-ba99-26dafbb001b1@group-288BE5F8F4CA-FollowerState
2022-10-18 21:55:31,667 [pool-122-thread-1] INFO  util.JmxRegister (JmxRegister.java:tryRegister(44)) - Successfully registered JMX Bean with object name Ratis:service=RaftServer,group=group-288BE5F8F4CA,id=4be08eba-b757-4d49-ba99-26dafbb001b1
2022-10-18 21:55:31,667 [Command processor thread] INFO  ratis.XceiverServerRatis (XceiverServerRatis.java:addGroup(765)) - Created group PipelineID=45a49219-9693-4247-8e68-288be5f8f4ca
2022-10-18 21:55:31,674 [grpc-default-executor-2] INFO  server.RaftServer (RaftServerProxy.java:addNew(96)) - 324f6683-2ade-44b3-b06c-4a533e69f3ae: addNew group-288BE5F8F4CA:[324f6683-2ade-44b3-b06c-4a533e69f3ae|rpc:10.1.0.49:36541|dataStream:|priority:0, b0a080c7-90ba-4b33-9ef1-5c8d9af7a4e3|rpc:10.1.0.49:35533|dataStream:|priority:0, 4be08eba-b757-4d49-ba99-26dafbb001b1|rpc:10.1.0.49:37381|dataStream:|priority:1] returns group-288BE5F8F4CA:java.util.concurrent.CompletableFuture@7dfebdd7[Not completed]
2022-10-18 21:55:31,675 [pool-168-thread-1] INFO  server.RaftServer$Division (RaftServerImpl.java:<init>(190)) - 324f6683-2ade-44b3-b06c-4a533e69f3ae: new RaftServerImpl for group-288BE5F8F4CA:[324f6683-2ade-44b3-b06c-4a533e69f3ae|rpc:10.1.0.49:36541|dataStream:|priority:0, b0a080c7-90ba-4b33-9ef1-5c8d9af7a4e3|rpc:10.1.0.49:35533|dataStream:|priority:0, 4be08eba-b757-4d49-ba99-26dafbb001b1|rpc:10.1.0.49:37381|dataStream:|priority:1] with ContainerStateMachine:uninitialized
2022-10-18 21:55:31,675 [pool-168-thread-1] INFO  server.RaftServerConfigKeys (ConfUtils.java:logGet(46)) - raft.server.rpc.timeout.min = 5s (custom)
2022-10-18 21:55:31,675 [pool-168-thread-1] INFO  server.RaftServerConfigKeys (ConfUtils.java:logGet(46)) - raft.server.rpc.timeout.max = 5200ms (custom)
2022-10-18 21:55:31,675 [pool-168-thread-1] INFO  server.RaftServerConfigKeys (ConfUtils.java:logGet(46)) - raft.server.rpc.sleep.time = 25ms (default)
2022-10-18 21:55:31,675 [pool-168-thread-1] INFO  server.RaftServerConfigKeys (ConfUtils.java:logGet(46)) - raft.server.rpc.slowness.timeout = 300s (custom)
2022-10-18 21:55:31,675 [pool-168-thread-1] INFO  server.RaftServerConfigKeys (ConfUtils.java:logGet(46)) - raft.server.leaderelection.leader.step-down.wait-time = 10s (default)
2022-10-18 21:55:31,675 [pool-168-thread-1] INFO  server.RaftServerConfigKeys (ConfUtils.java:logGet(46)) - raft.server.sleep.deviation.threshold = 300ms (default)
2022-10-18 21:55:31,675 [pool-168-thread-1] INFO  server.RaftServer$Division (ServerState.java:<init>(107)) - 324f6683-2ade-44b3-b06c-4a533e69f3ae@group-288BE5F8F4CA: ConfigurationManager, init=-1: [324f6683-2ade-44b3-b06c-4a533e69f3ae|rpc:10.1.0.49:36541|dataStream:|priority:0, b0a080c7-90ba-4b33-9ef1-5c8d9af7a4e3|rpc:10.1.0.49:35533|dataStream:|priority:0, 4be08eba-b757-4d49-ba99-26dafbb001b1|rpc:10.1.0.49:37381|dataStream:|priority:1], old=null, confs=<EMPTY_MAP>
2022-10-18 21:55:31,675 [pool-168-thread-1] INFO  server.RaftServerConfigKeys (ConfUtils.java:logGet(46)) - raft.server.storage.dir = [/home/runner/work/ozone/ozone/hadoop-ozone/integration-test/target/test-dir/MiniOzoneClusterImpl-285291dc-83a3-4c49-94f6-5e759e1760ea/datanode-2/data/ratis] (custom)
2022-10-18 21:55:31,675 [pool-168-thread-1] INFO  server.RaftServerConfigKeys (ConfUtils.java:logGet(46)) - raft.server.log.corruption.policy = EXCEPTION (default)
2022-10-18 21:55:31,675 [pool-168-thread-1] INFO  server.RaftServerConfigKeys (ConfUtils.java:logGet(46)) - raft.server.storage.free-space.min = 0MB (=0) (default)
2022-10-18 21:55:31,675 [pool-168-thread-1] INFO  storage.RaftStorageDirectory (RaftStorageDirectoryImpl.java:analyzeStorage(135)) - The storage directory /home/runner/work/ozone/ozone/hadoop-ozone/integration-test/target/test-dir/MiniOzoneClusterImpl-285291dc-83a3-4c49-94f6-5e759e1760ea/datanode-2/data/ratis/45a49219-9693-4247-8e68-288be5f8f4ca does not exist. Creating ...
2022-10-18 21:55:31,676 [pool-168-thread-1] INFO  storage.RaftStorageDirectory (RaftStorageDirectoryImpl.java:tryLock(230)) - Lock on /home/runner/work/ozone/ozone/hadoop-ozone/integration-test/target/test-dir/MiniOzoneClusterImpl-285291dc-83a3-4c49-94f6-5e759e1760ea/datanode-2/data/ratis/45a49219-9693-4247-8e68-288be5f8f4ca/in_use.lock acquired by nodename 38880@fv-az368-376
2022-10-18 21:55:31,678 [pool-168-thread-1] INFO  storage.RaftStorage (RaftStorageImpl.java:format(89)) - Storage directory /home/runner/work/ozone/ozone/hadoop-ozone/integration-test/target/test-dir/MiniOzoneClusterImpl-285291dc-83a3-4c49-94f6-5e759e1760ea/datanode-2/data/ratis/45a49219-9693-4247-8e68-288be5f8f4ca has been successfully formatted.
2022-10-18 21:55:31,678 [pool-168-thread-1] INFO  ratis.ContainerStateMachine (ContainerStateMachine.java:loadSnapshot(236)) - group-288BE5F8F4CA: The snapshot info is null. Setting the last applied indexto:(t:0, i:~)
2022-10-18 21:55:31,678 [pool-168-thread-1] INFO  server.RaftServerConfigKeys (ConfUtils.java:logGet(46)) - raft.server.notification.no-leader.timeout = 300s (custom)
2022-10-18 21:55:31,678 [pool-168-thread-1] INFO  server.RaftServerConfigKeys (ConfUtils.java:logGet(46)) - raft.server.log.use.memory = false (default)
2022-10-18 21:55:31,678 [pool-168-thread-1] INFO  server.RaftServerConfigKeys (ConfUtils.java:logGet(46)) - raft.server.log.purge.gap = 1000000 (custom)
2022-10-18 21:55:31,678 [pool-168-thread-1] INFO  server.RaftServerConfigKeys (ConfUtils.java:logGet(46)) - raft.server.log.appender.buffer.byte-limit = 33554432 (custom)
2022-10-18 21:55:31,678 [pool-168-thread-1] INFO  server.RaftServerConfigKeys (ConfUtils.java:logGet(46)) - raft.server.log.statemachine.data.read.timeout = 1000ms (default)
2022-10-18 21:55:31,678 [pool-168-thread-1] INFO  server.RaftServerConfigKeys (ConfUtils.java:logGet(46)) - raft.server.log.segment.size.max = 1048576 (custom)
2022-10-18 21:55:31,679 [pool-168-thread-1] INFO  server.RaftServerConfigKeys (ConfUtils.java:logGet(46)) - raft.server.log.segment.cache.num.max = 2 (custom)
2022-10-18 21:55:31,680 [pool-168-thread-1] INFO  server.RaftServerConfigKeys (ConfUtils.java:logGet(46)) - raft.server.log.segment.cache.size.max = 200MB (=209715200) (default)
2022-10-18 21:55:31,680 [pool-168-thread-1] INFO  segmented.SegmentedRaftLogWorker (SegmentedRaftLogWorker.java:<init>(187)) - new 324f6683-2ade-44b3-b06c-4a533e69f3ae@group-288BE5F8F4CA-SegmentedRaftLogWorker for RaftStorageImpl:Storage Directory /home/runner/work/ozone/ozone/hadoop-ozone/integration-test/target/test-dir/MiniOzoneClusterImpl-285291dc-83a3-4c49-94f6-5e759e1760ea/datanode-2/data/ratis/45a49219-9693-4247-8e68-288be5f8f4ca
2022-10-18 21:55:31,680 [pool-168-thread-1] INFO  server.RaftServerConfigKeys (ConfUtils.java:logGet(46)) - raft.server.log.queue.byte-limit = 4294967296 (custom)
2022-10-18 21:55:31,680 [pool-168-thread-1] INFO  server.RaftServerConfigKeys (ConfUtils.java:logGet(46)) - raft.server.log.queue.element-limit = 1024 (custom)
2022-10-18 21:55:31,680 [pool-168-thread-1] INFO  server.RaftServerConfigKeys (ConfUtils.java:logGet(46)) - raft.server.log.segment.size.max = 1048576 (custom)
2022-10-18 21:55:31,680 [pool-168-thread-1] INFO  server.RaftServerConfigKeys (ConfUtils.java:logGet(46)) - raft.server.log.preallocated.size = 16384 (custom)
2022-10-18 21:55:31,680 [pool-168-thread-1] INFO  server.RaftServerConfigKeys (ConfUtils.java:logGet(46)) - raft.server.log.force.sync.num = 128 (default)
2022-10-18 21:55:31,680 [pool-168-thread-1] INFO  server.RaftServerConfigKeys (ConfUtils.java:logGet(46)) - raft.server.log.statemachine.data.sync = true (default)
2022-10-18 21:55:31,680 [pool-168-thread-1] INFO  server.RaftServerConfigKeys (ConfUtils.java:logGet(46)) - raft.server.log.statemachine.data.sync.timeout = 10s (default)
2022-10-18 21:55:31,680 [pool-168-thread-1] INFO  server.RaftServerConfigKeys (ConfUtils.java:logGet(46)) - raft.server.log.statemachine.data.sync.timeout.retry = -1 (default)
2022-10-18 21:55:31,681 [pool-168-thread-1] INFO  server.RaftServerConfigKeys (ConfUtils.java:logGet(46)) - raft.server.log.write.buffer.size = 1048576 (custom)
2022-10-18 21:55:31,681 [pool-168-thread-1] INFO  server.RaftServerConfigKeys (ConfUtils.java:logGet(46)) - raft.server.log.unsafe-flush.enabled = false (default)
2022-10-18 21:55:31,681 [pool-168-thread-1] INFO  server.RaftServerConfigKeys (ConfUtils.java:logGet(46)) - raft.server.log.statemachine.data.caching.enabled = true (custom)
2022-10-18 21:55:31,682 [pool-168-thread-1] INFO  segmented.SegmentedRaftLogWorker (SegmentedRaftLogWorker.java:lambda$new$0(135)) - 324f6683-2ade-44b3-b06c-4a533e69f3ae@group-288BE5F8F4CA-SegmentedRaftLogWorker: flushIndex: setUnconditionally 0 -> -1
2022-10-18 21:55:31,682 [pool-168-thread-1] INFO  segmented.SegmentedRaftLogWorker (SegmentedRaftLogWorker.java:lambda$new$0(135)) - 324f6683-2ade-44b3-b06c-4a533e69f3ae@group-288BE5F8F4CA-SegmentedRaftLogWorker: safeCacheEvictIndex: setUnconditionally 0 -> -1
2022-10-18 21:55:31,682 [pool-168-thread-1] INFO  server.RaftServerConfigKeys (ConfUtils.java:logGet(46)) - raft.server.snapshot.auto.trigger.enabled = true (custom)
2022-10-18 21:55:31,682 [pool-168-thread-1] INFO  server.RaftServerConfigKeys (ConfUtils.java:logGet(46)) - raft.server.snapshot.auto.trigger.threshold = 10000 (custom)
2022-10-18 21:55:31,682 [pool-168-thread-1] INFO  server.RaftServerConfigKeys (ConfUtils.java:logGet(46)) - raft.server.snapshot.retention.file.num = 5 (custom)
2022-10-18 21:55:31,682 [pool-168-thread-1] INFO  server.RaftServerConfigKeys (ConfUtils.java:logGet(46)) - raft.server.log.purge.upto.snapshot.index = false (default)
2022-10-18 21:55:31,682 [pool-168-thread-1] INFO  server.RaftServerConfigKeys (ConfUtils.java:logGet(46)) - raft.server.retrycache.expirytime = 600000ms (custom)
2022-10-18 21:55:31,682 [pool-168-thread-1] INFO  server.RaftServerConfigKeys (ConfUtils.java:logGet(46)) - raft.server.retrycache.statistics.expirytime = 100μs (default)
2022-10-18 21:55:31,683 [pool-168-thread-1] INFO  server.RaftServerConfigKeys (ConfUtils.java:logGet(46)) - raft.server.log.appender.install.snapshot.enabled = false (custom)
2022-10-18 21:55:31,683 [pool-168-thread-1] INFO  server.RaftServerConfigKeys (ConfUtils.java:logGet(46)) - raft.server.threadpool.server.cached = true (default)
2022-10-18 21:55:31,683 [pool-168-thread-1] INFO  server.RaftServerConfigKeys (ConfUtils.java:logGet(46)) - raft.server.threadpool.server.size = 0 (default)
2022-10-18 21:55:31,683 [pool-168-thread-1] INFO  server.RaftServerConfigKeys (ConfUtils.java:logGet(46)) - raft.server.threadpool.client.cached = true (default)
2022-10-18 21:55:31,683 [pool-168-thread-1] INFO  server.RaftServerConfigKeys (ConfUtils.java:logGet(46)) - raft.server.threadpool.client.size = 0 (default)
2022-10-18 21:55:31,683 [pool-168-thread-1] INFO  server.RaftServer$Division (RaftServerImpl.java:start(310)) - 324f6683-2ade-44b3-b06c-4a533e69f3ae@group-288BE5F8F4CA: start as a follower, conf=-1: [324f6683-2ade-44b3-b06c-4a533e69f3ae|rpc:10.1.0.49:36541|dataStream:|priority:0, b0a080c7-90ba-4b33-9ef1-5c8d9af7a4e3|rpc:10.1.0.49:35533|dataStream:|priority:0, 4be08eba-b757-4d49-ba99-26dafbb001b1|rpc:10.1.0.49:37381|dataStream:|priority:1], old=null
2022-10-18 21:55:31,683 [pool-168-thread-1] INFO  server.RaftServer$Division (RaftServerImpl.java:setRole(299)) - 324f6683-2ade-44b3-b06c-4a533e69f3ae@group-288BE5F8F4CA: changes role from      null to FOLLOWER at term 0 for startAsFollower
2022-10-18 21:55:31,683 [pool-168-thread-1] INFO  impl.RoleInfo (RoleInfo.java:updateAndGet(139)) - 324f6683-2ade-44b3-b06c-4a533e69f3ae: start 324f6683-2ade-44b3-b06c-4a533e69f3ae@group-288BE5F8F4CA-FollowerState
2022-10-18 21:55:31,683 [pool-168-thread-1] INFO  util.JmxRegister (JmxRegister.java:tryRegister(44)) - Successfully registered JMX Bean with object name Ratis:service=RaftServer,group=group-288BE5F8F4CA,id=324f6683-2ade-44b3-b06c-4a533e69f3ae
2022-10-18 21:55:31,693 [grpc-default-executor-2] INFO  server.RaftServer (RaftServerProxy.java:addNew(96)) - b0a080c7-90ba-4b33-9ef1-5c8d9af7a4e3: addNew group-288BE5F8F4CA:[324f6683-2ade-44b3-b06c-4a533e69f3ae|rpc:10.1.0.49:36541|dataStream:|priority:0, b0a080c7-90ba-4b33-9ef1-5c8d9af7a4e3|rpc:10.1.0.49:35533|dataStream:|priority:0, 4be08eba-b757-4d49-ba99-26dafbb001b1|rpc:10.1.0.49:37381|dataStream:|priority:1] returns group-288BE5F8F4CA:java.util.concurrent.CompletableFuture@26ea36c3[Not completed]
2022-10-18 21:55:31,694 [pool-145-thread-1] INFO  server.RaftServer$Division (RaftServerImpl.java:<init>(190)) - b0a080c7-90ba-4b33-9ef1-5c8d9af7a4e3: new RaftServerImpl for group-288BE5F8F4CA:[324f6683-2ade-44b3-b06c-4a533e69f3ae|rpc:10.1.0.49:36541|dataStream:|priority:0, b0a080c7-90ba-4b33-9ef1-5c8d9af7a4e3|rpc:10.1.0.49:35533|dataStream:|priority:0, 4be08eba-b757-4d49-ba99-26dafbb001b1|rpc:10.1.0.49:37381|dataStream:|priority:1] with ContainerStateMachine:uninitialized
2022-10-18 21:55:31,694 [pool-145-thread-1] INFO  server.RaftServerConfigKeys (ConfUtils.java:logGet(46)) - raft.server.rpc.timeout.min = 5s (custom)
2022-10-18 21:55:31,694 [pool-145-thread-1] INFO  server.RaftServerConfigKeys (ConfUtils.java:logGet(46)) - raft.server.rpc.timeout.max = 5200ms (custom)
2022-10-18 21:55:31,694 [pool-145-thread-1] INFO  server.RaftServerConfigKeys (ConfUtils.java:logGet(46)) - raft.server.rpc.sleep.time = 25ms (default)
2022-10-18 21:55:31,694 [pool-145-thread-1] INFO  server.RaftServerConfigKeys (ConfUtils.java:logGet(46)) - raft.server.rpc.slowness.timeout = 300s (custom)
2022-10-18 21:55:31,694 [pool-145-thread-1] INFO  server.RaftServerConfigKeys (ConfUtils.java:logGet(46)) - raft.server.leaderelection.leader.step-down.wait-time = 10s (default)
2022-10-18 21:55:31,695 [pool-145-thread-1] INFO  server.RaftServerConfigKeys (ConfUtils.java:logGet(46)) - raft.server.sleep.deviation.threshold = 300ms (default)
2022-10-18 21:55:31,695 [pool-145-thread-1] INFO  server.RaftServer$Division (ServerState.java:<init>(107)) - b0a080c7-90ba-4b33-9ef1-5c8d9af7a4e3@group-288BE5F8F4CA: ConfigurationManager, init=-1: [324f6683-2ade-44b3-b06c-4a533e69f3ae|rpc:10.1.0.49:36541|dataStream:|priority:0, b0a080c7-90ba-4b33-9ef1-5c8d9af7a4e3|rpc:10.1.0.49:35533|dataStream:|priority:0, 4be08eba-b757-4d49-ba99-26dafbb001b1|rpc:10.1.0.49:37381|dataStream:|priority:1], old=null, confs=<EMPTY_MAP>
2022-10-18 21:55:31,695 [pool-145-thread-1] INFO  server.RaftServerConfigKeys (ConfUtils.java:logGet(46)) - raft.server.storage.dir = [/home/runner/work/ozone/ozone/hadoop-ozone/integration-test/target/test-dir/MiniOzoneClusterImpl-285291dc-83a3-4c49-94f6-5e759e1760ea/datanode-1/data/ratis] (custom)
2022-10-18 21:55:31,695 [pool-145-thread-1] INFO  server.RaftServerConfigKeys (ConfUtils.java:logGet(46)) - raft.server.log.corruption.policy = EXCEPTION (default)
2022-10-18 21:55:31,695 [pool-145-thread-1] INFO  server.RaftServerConfigKeys (ConfUtils.java:logGet(46)) - raft.server.storage.free-space.min = 0MB (=0) (default)
2022-10-18 21:55:31,695 [pool-145-thread-1] INFO  storage.RaftStorageDirectory (RaftStorageDirectoryImpl.java:analyzeStorage(135)) - The storage directory /home/runner/work/ozone/ozone/hadoop-ozone/integration-test/target/test-dir/MiniOzoneClusterImpl-285291dc-83a3-4c49-94f6-5e759e1760ea/datanode-1/data/ratis/45a49219-9693-4247-8e68-288be5f8f4ca does not exist. Creating ...
2022-10-18 21:55:31,696 [pool-145-thread-1] INFO  storage.RaftStorageDirectory (RaftStorageDirectoryImpl.java:tryLock(230)) - Lock on /home/runner/work/ozone/ozone/hadoop-ozone/integration-test/target/test-dir/MiniOzoneClusterImpl-285291dc-83a3-4c49-94f6-5e759e1760ea/datanode-1/data/ratis/45a49219-9693-4247-8e68-288be5f8f4ca/in_use.lock acquired by nodename 38880@fv-az368-376
2022-10-18 21:55:31,696 [pool-145-thread-1] INFO  storage.RaftStorage (RaftStorageImpl.java:format(89)) - Storage directory /home/runner/work/ozone/ozone/hadoop-ozone/integration-test/target/test-dir/MiniOzoneClusterImpl-285291dc-83a3-4c49-94f6-5e759e1760ea/datanode-1/data/ratis/45a49219-9693-4247-8e68-288be5f8f4ca has been successfully formatted.
2022-10-18 21:55:31,697 [pool-145-thread-1] INFO  ratis.ContainerStateMachine (ContainerStateMachine.java:loadSnapshot(236)) - group-288BE5F8F4CA: The snapshot info is null. Setting the last applied indexto:(t:0, i:~)
2022-10-18 21:55:31,697 [pool-145-thread-1] INFO  server.RaftServerConfigKeys (ConfUtils.java:logGet(46)) - raft.server.notification.no-leader.timeout = 300s (custom)
2022-10-18 21:55:31,697 [pool-145-thread-1] INFO  server.RaftServerConfigKeys (ConfUtils.java:logGet(46)) - raft.server.log.use.memory = false (default)
2022-10-18 21:55:31,697 [pool-145-thread-1] INFO  server.RaftServerConfigKeys (ConfUtils.java:logGet(46)) - raft.server.log.purge.gap = 1000000 (custom)
2022-10-18 21:55:31,697 [pool-145-thread-1] INFO  server.RaftServerConfigKeys (ConfUtils.java:logGet(46)) - raft.server.log.appender.buffer.byte-limit = 33554432 (custom)
2022-10-18 21:55:31,697 [pool-145-thread-1] INFO  server.RaftServerConfigKeys (ConfUtils.java:logGet(46)) - raft.server.log.statemachine.data.read.timeout = 1000ms (default)
2022-10-18 21:55:31,697 [pool-145-thread-1] INFO  server.RaftServerConfigKeys (ConfUtils.java:logGet(46)) - raft.server.log.segment.size.max = 1048576 (custom)
2022-10-18 21:55:31,698 [pool-145-thread-1] INFO  server.RaftServerConfigKeys (ConfUtils.java:logGet(46)) - raft.server.log.segment.cache.num.max = 2 (custom)
2022-10-18 21:55:31,698 [pool-145-thread-1] INFO  server.RaftServerConfigKeys (ConfUtils.java:logGet(46)) - raft.server.log.segment.cache.size.max = 200MB (=209715200) (default)
2022-10-18 21:55:31,698 [pool-145-thread-1] INFO  segmented.SegmentedRaftLogWorker (SegmentedRaftLogWorker.java:<init>(187)) - new b0a080c7-90ba-4b33-9ef1-5c8d9af7a4e3@group-288BE5F8F4CA-SegmentedRaftLogWorker for RaftStorageImpl:Storage Directory /home/runner/work/ozone/ozone/hadoop-ozone/integration-test/target/test-dir/MiniOzoneClusterImpl-285291dc-83a3-4c49-94f6-5e759e1760ea/datanode-1/data/ratis/45a49219-9693-4247-8e68-288be5f8f4ca
2022-10-18 21:55:31,698 [pool-145-thread-1] INFO  server.RaftServerConfigKeys (ConfUtils.java:logGet(46)) - raft.server.log.queue.byte-limit = 4294967296 (custom)
2022-10-18 21:55:31,698 [pool-145-thread-1] INFO  server.RaftServerConfigKeys (ConfUtils.java:logGet(46)) - raft.server.log.queue.element-limit = 1024 (custom)
2022-10-18 21:55:31,698 [pool-145-thread-1] INFO  server.RaftServerConfigKeys (ConfUtils.java:logGet(46)) - raft.server.log.segment.size.max = 1048576 (custom)
2022-10-18 21:55:31,698 [pool-145-thread-1] INFO  server.RaftServerConfigKeys (ConfUtils.java:logGet(46)) - raft.server.log.preallocated.size = 16384 (custom)
2022-10-18 21:55:31,698 [pool-145-thread-1] INFO  server.RaftServerConfigKeys (ConfUtils.java:logGet(46)) - raft.server.log.force.sync.num = 128 (default)
2022-10-18 21:55:31,698 [pool-145-thread-1] INFO  server.RaftServerConfigKeys (ConfUtils.java:logGet(46)) - raft.server.log.statemachine.data.sync = true (default)
2022-10-18 21:55:31,698 [pool-145-thread-1] INFO  server.RaftServerConfigKeys (ConfUtils.java:logGet(46)) - raft.server.log.statemachine.data.sync.timeout = 10s (default)
2022-10-18 21:55:31,698 [pool-145-thread-1] INFO  server.RaftServerConfigKeys (ConfUtils.java:logGet(46)) - raft.server.log.statemachine.data.sync.timeout.retry = -1 (default)
2022-10-18 21:55:31,699 [pool-145-thread-1] INFO  server.RaftServerConfigKeys (ConfUtils.java:logGet(46)) - raft.server.log.write.buffer.size = 1048576 (custom)
2022-10-18 21:55:31,699 [pool-145-thread-1] INFO  server.RaftServerConfigKeys (ConfUtils.java:logGet(46)) - raft.server.log.unsafe-flush.enabled = false (default)
2022-10-18 21:55:31,699 [pool-145-thread-1] INFO  server.RaftServerConfigKeys (ConfUtils.java:logGet(46)) - raft.server.log.statemachine.data.caching.enabled = true (custom)
2022-10-18 21:55:31,699 [pool-145-thread-1] INFO  segmented.SegmentedRaftLogWorker (SegmentedRaftLogWorker.java:lambda$new$0(135)) - b0a080c7-90ba-4b33-9ef1-5c8d9af7a4e3@group-288BE5F8F4CA-SegmentedRaftLogWorker: flushIndex: setUnconditionally 0 -> -1
2022-10-18 21:55:31,699 [pool-145-thread-1] INFO  segmented.SegmentedRaftLogWorker (SegmentedRaftLogWorker.java:lambda$new$0(135)) - b0a080c7-90ba-4b33-9ef1-5c8d9af7a4e3@group-288BE5F8F4CA-SegmentedRaftLogWorker: safeCacheEvictIndex: setUnconditionally 0 -> -1
2022-10-18 21:55:31,699 [pool-145-thread-1] INFO  server.RaftServerConfigKeys (ConfUtils.java:logGet(46)) - raft.server.snapshot.auto.trigger.enabled = true (custom)
2022-10-18 21:55:31,700 [pool-145-thread-1] INFO  server.RaftServerConfigKeys (ConfUtils.java:logGet(46)) - raft.server.snapshot.auto.trigger.threshold = 10000 (custom)
2022-10-18 21:55:31,700 [pool-145-thread-1] INFO  server.RaftServerConfigKeys (ConfUtils.java:logGet(46)) - raft.server.snapshot.retention.file.num = 5 (custom)
2022-10-18 21:55:31,700 [pool-145-thread-1] INFO  server.RaftServerConfigKeys (ConfUtils.java:logGet(46)) - raft.server.log.purge.upto.snapshot.index = false (default)
2022-10-18 21:55:31,700 [pool-145-thread-1] INFO  server.RaftServerConfigKeys (ConfUtils.java:logGet(46)) - raft.server.retrycache.expirytime = 600000ms (custom)
2022-10-18 21:55:31,700 [pool-145-thread-1] INFO  server.RaftServerConfigKeys (ConfUtils.java:logGet(46)) - raft.server.retrycache.statistics.expirytime = 100μs (default)
2022-10-18 21:55:31,700 [pool-145-thread-1] INFO  server.RaftServerConfigKeys (ConfUtils.java:logGet(46)) - raft.server.log.appender.install.snapshot.enabled = false (custom)
2022-10-18 21:55:31,700 [pool-145-thread-1] INFO  server.RaftServerConfigKeys (ConfUtils.java:logGet(46)) - raft.server.threadpool.server.cached = true (default)
2022-10-18 21:55:31,700 [pool-145-thread-1] INFO  server.RaftServerConfigKeys (ConfUtils.java:logGet(46)) - raft.server.threadpool.server.size = 0 (default)
2022-10-18 21:55:31,700 [pool-145-thread-1] INFO  server.RaftServerConfigKeys (ConfUtils.java:logGet(46)) - raft.server.threadpool.client.cached = true (default)
2022-10-18 21:55:31,700 [pool-145-thread-1] INFO  server.RaftServerConfigKeys (ConfUtils.java:logGet(46)) - raft.server.threadpool.client.size = 0 (default)
2022-10-18 21:55:31,700 [pool-145-thread-1] INFO  server.RaftServer$Division (RaftServerImpl.java:start(310)) - b0a080c7-90ba-4b33-9ef1-5c8d9af7a4e3@group-288BE5F8F4CA: start as a follower, conf=-1: [324f6683-2ade-44b3-b06c-4a533e69f3ae|rpc:10.1.0.49:36541|dataStream:|priority:0, b0a080c7-90ba-4b33-9ef1-5c8d9af7a4e3|rpc:10.1.0.49:35533|dataStream:|priority:0, 4be08eba-b757-4d49-ba99-26dafbb001b1|rpc:10.1.0.49:37381|dataStream:|priority:1], old=null
2022-10-18 21:55:31,700 [pool-145-thread-1] INFO  server.RaftServer$Division (RaftServerImpl.java:setRole(299)) - b0a080c7-90ba-4b33-9ef1-5c8d9af7a4e3@group-288BE5F8F4CA: changes role from      null to FOLLOWER at term 0 for startAsFollower
2022-10-18 21:55:31,700 [pool-145-thread-1] INFO  impl.RoleInfo (RoleInfo.java:updateAndGet(139)) - b0a080c7-90ba-4b33-9ef1-5c8d9af7a4e3: start b0a080c7-90ba-4b33-9ef1-5c8d9af7a4e3@group-288BE5F8F4CA-FollowerState
2022-10-18 21:55:31,701 [pool-145-thread-1] INFO  util.JmxRegister (JmxRegister.java:tryRegister(44)) - Successfully registered JMX Bean with object name Ratis:service=RaftServer,group=group-288BE5F8F4CA,id=b0a080c7-90ba-4b33-9ef1-5c8d9af7a4e3
2022-10-18 21:55:31,704 [Command processor thread] INFO  commandhandler.CreatePipelineCommandHandler (CreatePipelineCommandHandler.java:handle(113)) - Created Pipeline RATIS THREE PipelineID=45a49219-9693-4247-8e68-288be5f8f4ca.
2022-10-18 21:55:31,740 [Command processor thread] INFO  server.RaftServer (RaftServerProxy.java:addNew(96)) - b0a080c7-90ba-4b33-9ef1-5c8d9af7a4e3: addNew group-5490DEF9D266:[b0a080c7-90ba-4b33-9ef1-5c8d9af7a4e3|rpc:10.1.0.49:35533|priority:1] returns group-5490DEF9D266:java.util.concurrent.CompletableFuture@76ea0c76[Not completed]
2022-10-18 21:55:31,741 [pool-145-thread-1] INFO  server.RaftServer$Division (RaftServerImpl.java:<init>(190)) - b0a080c7-90ba-4b33-9ef1-5c8d9af7a4e3: new RaftServerImpl for group-5490DEF9D266:[b0a080c7-90ba-4b33-9ef1-5c8d9af7a4e3|rpc:10.1.0.49:35533|priority:1] with ContainerStateMachine:uninitialized
2022-10-18 21:55:31,742 [pool-145-thread-1] INFO  server.RaftServerConfigKeys (ConfUtils.java:logGet(46)) - raft.server.rpc.timeout.min = 5s (custom)
2022-10-18 21:55:31,742 [pool-145-thread-1] INFO  server.RaftServerConfigKeys (ConfUtils.java:logGet(46)) - raft.server.rpc.timeout.max = 5200ms (custom)
2022-10-18 21:55:31,742 [pool-145-thread-1] INFO  server.RaftServerConfigKeys (ConfUtils.java:logGet(46)) - raft.server.rpc.sleep.time = 25ms (default)
2022-10-18 21:55:31,742 [pool-145-thread-1] INFO  server.RaftServerConfigKeys (ConfUtils.java:logGet(46)) - raft.server.rpc.slowness.timeout = 300s (custom)
2022-10-18 21:55:31,742 [pool-145-thread-1] INFO  server.RaftServerConfigKeys (ConfUtils.java:logGet(46)) - raft.server.leaderelection.leader.step-down.wait-time = 10s (default)
2022-10-18 21:55:31,742 [pool-145-thread-1] INFO  server.RaftServerConfigKeys (ConfUtils.java:logGet(46)) - raft.server.sleep.deviation.threshold = 300ms (default)
2022-10-18 21:55:31,742 [pool-145-thread-1] INFO  server.RaftServer$Division (ServerState.java:<init>(107)) - b0a080c7-90ba-4b33-9ef1-5c8d9af7a4e3@group-5490DEF9D266: ConfigurationManager, init=-1: [b0a080c7-90ba-4b33-9ef1-5c8d9af7a4e3|rpc:10.1.0.49:35533|priority:1], old=null, confs=<EMPTY_MAP>
2022-10-18 21:55:31,742 [pool-145-thread-1] INFO  server.RaftServerConfigKeys (ConfUtils.java:logGet(46)) - raft.server.storage.dir = [/home/runner/work/ozone/ozone/hadoop-ozone/integration-test/target/test-dir/MiniOzoneClusterImpl-285291dc-83a3-4c49-94f6-5e759e1760ea/datanode-1/data/ratis] (custom)
2022-10-18 21:55:31,742 [pool-145-thread-1] INFO  server.RaftServerConfigKeys (ConfUtils.java:logGet(46)) - raft.server.log.corruption.policy = EXCEPTION (default)
2022-10-18 21:55:31,742 [pool-145-thread-1] INFO  server.RaftServerConfigKeys (ConfUtils.java:logGet(46)) - raft.server.storage.free-space.min = 0MB (=0) (default)
2022-10-18 21:55:31,742 [pool-145-thread-1] INFO  storage.RaftStorageDirectory (RaftStorageDirectoryImpl.java:analyzeStorage(135)) - The storage directory /home/runner/work/ozone/ozone/hadoop-ozone/integration-test/target/test-dir/MiniOzoneClusterImpl-285291dc-83a3-4c49-94f6-5e759e1760ea/datanode-1/data/ratis/80c78e5f-d190-4d00-91f9-5490def9d266 does not exist. Creating ...
2022-10-18 21:55:31,743 [pool-145-thread-1] INFO  storage.RaftStorageDirectory (RaftStorageDirectoryImpl.java:tryLock(230)) - Lock on /home/runner/work/ozone/ozone/hadoop-ozone/integration-test/target/test-dir/MiniOzoneClusterImpl-285291dc-83a3-4c49-94f6-5e759e1760ea/datanode-1/data/ratis/80c78e5f-d190-4d00-91f9-5490def9d266/in_use.lock acquired by nodename 38880@fv-az368-376
2022-10-18 21:55:31,744 [pool-145-thread-1] INFO  storage.RaftStorage (RaftStorageImpl.java:format(89)) - Storage directory /home/runner/work/ozone/ozone/hadoop-ozone/integration-test/target/test-dir/MiniOzoneClusterImpl-285291dc-83a3-4c49-94f6-5e759e1760ea/datanode-1/data/ratis/80c78e5f-d190-4d00-91f9-5490def9d266 has been successfully formatted.
2022-10-18 21:55:31,745 [pool-145-thread-1] INFO  ratis.ContainerStateMachine (ContainerStateMachine.java:loadSnapshot(236)) - group-5490DEF9D266: The snapshot info is null. Setting the last applied indexto:(t:0, i:~)
2022-10-18 21:55:31,745 [pool-145-thread-1] INFO  server.RaftServerConfigKeys (ConfUtils.java:logGet(46)) - raft.server.notification.no-leader.timeout = 300s (custom)
2022-10-18 21:55:31,745 [pool-145-thread-1] INFO  server.RaftServerConfigKeys (ConfUtils.java:logGet(46)) - raft.server.log.use.memory = false (default)
2022-10-18 21:55:31,745 [pool-145-thread-1] INFO  server.RaftServerConfigKeys (ConfUtils.java:logGet(46)) - raft.server.log.purge.gap = 1000000 (custom)
2022-10-18 21:55:31,745 [pool-145-thread-1] INFO  server.RaftServerConfigKeys (ConfUtils.java:logGet(46)) - raft.server.log.appender.buffer.byte-limit = 33554432 (custom)
2022-10-18 21:55:31,745 [pool-145-thread-1] INFO  server.RaftServerConfigKeys (ConfUtils.java:logGet(46)) - raft.server.log.statemachine.data.read.timeout = 1000ms (default)
2022-10-18 21:55:31,745 [pool-145-thread-1] INFO  server.RaftServerConfigKeys (ConfUtils.java:logGet(46)) - raft.server.log.segment.size.max = 1048576 (custom)
2022-10-18 21:55:31,746 [pool-145-thread-1] INFO  server.RaftServerConfigKeys (ConfUtils.java:logGet(46)) - raft.server.log.segment.cache.num.max = 2 (custom)
2022-10-18 21:55:31,746 [pool-145-thread-1] INFO  server.RaftServerConfigKeys (ConfUtils.java:logGet(46)) - raft.server.log.segment.cache.size.max = 200MB (=209715200) (default)
2022-10-18 21:55:31,746 [pool-145-thread-1] INFO  segmented.SegmentedRaftLogWorker (SegmentedRaftLogWorker.java:<init>(187)) - new b0a080c7-90ba-4b33-9ef1-5c8d9af7a4e3@group-5490DEF9D266-SegmentedRaftLogWorker for RaftStorageImpl:Storage Directory /home/runner/work/ozone/ozone/hadoop-ozone/integration-test/target/test-dir/MiniOzoneClusterImpl-285291dc-83a3-4c49-94f6-5e759e1760ea/datanode-1/data/ratis/80c78e5f-d190-4d00-91f9-5490def9d266
2022-10-18 21:55:31,746 [pool-145-thread-1] INFO  server.RaftServerConfigKeys (ConfUtils.java:logGet(46)) - raft.server.log.queue.byte-limit = 4294967296 (custom)
2022-10-18 21:55:31,747 [pool-145-thread-1] INFO  server.RaftServerConfigKeys (ConfUtils.java:logGet(46)) - raft.server.log.queue.element-limit = 1024 (custom)
2022-10-18 21:55:31,747 [pool-145-thread-1] INFO  server.RaftServerConfigKeys (ConfUtils.java:logGet(46)) - raft.server.log.segment.size.max = 1048576 (custom)
2022-10-18 21:55:31,747 [pool-145-thread-1] INFO  server.RaftServerConfigKeys (ConfUtils.java:logGet(46)) - raft.server.log.preallocated.size = 16384 (custom)
2022-10-18 21:55:31,747 [pool-145-thread-1] INFO  server.RaftServerConfigKeys (ConfUtils.java:logGet(46)) - raft.server.log.force.sync.num = 128 (default)
2022-10-18 21:55:31,747 [pool-145-thread-1] INFO  server.RaftServerConfigKeys (ConfUtils.java:logGet(46)) - raft.server.log.statemachine.data.sync = true (default)
2022-10-18 21:55:31,747 [pool-145-thread-1] INFO  server.RaftServerConfigKeys (ConfUtils.java:logGet(46)) - raft.server.log.statemachine.data.sync.timeout = 10s (default)
2022-10-18 21:55:31,747 [pool-145-thread-1] INFO  server.RaftServerConfigKeys (ConfUtils.java:logGet(46)) - raft.server.log.statemachine.data.sync.timeout.retry = -1 (default)
2022-10-18 21:55:31,749 [pool-145-thread-1] INFO  server.RaftServerConfigKeys (ConfUtils.java:logGet(46)) - raft.server.log.write.buffer.size = 1048576 (custom)
2022-10-18 21:55:31,750 [pool-145-thread-1] INFO  server.RaftServerConfigKeys (ConfUtils.java:logGet(46)) - raft.server.log.unsafe-flush.enabled = false (default)
2022-10-18 21:55:31,750 [pool-145-thread-1] INFO  server.RaftServerConfigKeys (ConfUtils.java:logGet(46)) - raft.server.log.statemachine.data.caching.enabled = true (custom)
2022-10-18 21:55:31,750 [pool-145-thread-1] INFO  segmented.SegmentedRaftLogWorker (SegmentedRaftLogWorker.java:lambda$new$0(135)) - b0a080c7-90ba-4b33-9ef1-5c8d9af7a4e3@group-5490DEF9D266-SegmentedRaftLogWorker: flushIndex: setUnconditionally 0 -> -1
2022-10-18 21:55:31,750 [pool-145-thread-1] INFO  segmented.SegmentedRaftLogWorker (SegmentedRaftLogWorker.java:lambda$new$0(135)) - b0a080c7-90ba-4b33-9ef1-5c8d9af7a4e3@group-5490DEF9D266-SegmentedRaftLogWorker: safeCacheEvictIndex: setUnconditionally 0 -> -1
2022-10-18 21:55:31,750 [pool-145-thread-1] INFO  server.RaftServerConfigKeys (ConfUtils.java:logGet(46)) - raft.server.snapshot.auto.trigger.enabled = true (custom)
2022-10-18 21:55:31,750 [pool-145-thread-1] INFO  server.RaftServerConfigKeys (ConfUtils.java:logGet(46)) - raft.server.snapshot.auto.trigger.threshold = 10000 (custom)
2022-10-18 21:55:31,750 [pool-145-thread-1] INFO  server.RaftServerConfigKeys (ConfUtils.java:logGet(46)) - raft.server.snapshot.retention.file.num = 5 (custom)
2022-10-18 21:55:31,750 [pool-145-thread-1] INFO  server.RaftServerConfigKeys (ConfUtils.java:logGet(46)) - raft.server.log.purge.upto.snapshot.index = false (default)
2022-10-18 21:55:31,750 [pool-145-thread-1] INFO  server.RaftServerConfigKeys (ConfUtils.java:logGet(46)) - raft.server.retrycache.expirytime = 600000ms (custom)
2022-10-18 21:55:31,750 [EventQueue-PipelineReportForPipelineReportHandler] INFO  pipeline.PipelineManagerImpl (PipelineManagerImpl.java:openPipeline(367)) - Pipeline Pipeline[ Id: 80c78e5f-d190-4d00-91f9-5490def9d266, Nodes: b0a080c7-90ba-4b33-9ef1-5c8d9af7a4e3{ip: 10.1.0.49, host: fv-az368-376.2eqeunsjyj5ebgwla1snbw5zah.gx.internal.cloudapp.net, ports: [REPLICATION=46661, RATIS=35533, RATIS_ADMIN=35533, RATIS_SERVER=35533, STANDALONE=35623], networkLocation: /default-rack, certSerialId: null, persistedOpState: IN_SERVICE, persistedOpStateExpiryEpochSec: 0}, ReplicationConfig: RATIS/ONE, State:ALLOCATED, leaderId:b0a080c7-90ba-4b33-9ef1-5c8d9af7a4e3, CreationTimestamp2022-10-18T21:55:28.745Z[Etc/UTC]] moved to OPEN state
2022-10-18 21:55:31,750 [pool-145-thread-1] INFO  server.RaftServerConfigKeys (ConfUtils.java:logGet(46)) - raft.server.retrycache.statistics.expirytime = 100μs (default)
2022-10-18 21:55:31,751 [EventQueue-OpenPipelineForHealthyPipelineSafeModeRule] INFO  safemode.SCMSafeModeManager (HealthyPipelineSafeModeRule.java:process(137)) - SCM in safe mode. Healthy pipelines reported count is 0, required healthy pipeline reported count is 1
2022-10-18 21:55:31,754 [pool-145-thread-1] INFO  server.RaftServerConfigKeys (ConfUtils.java:logGet(46)) - raft.server.log.appender.install.snapshot.enabled = false (custom)
2022-10-18 21:55:31,754 [pool-145-thread-1] INFO  server.RaftServerConfigKeys (ConfUtils.java:logGet(46)) - raft.server.threadpool.server.cached = true (default)
2022-10-18 21:55:31,754 [pool-145-thread-1] INFO  server.RaftServerConfigKeys (ConfUtils.java:logGet(46)) - raft.server.threadpool.server.size = 0 (default)
2022-10-18 21:55:31,755 [pool-145-thread-1] INFO  server.RaftServerConfigKeys (ConfUtils.java:logGet(46)) - raft.server.threadpool.client.cached = true (default)
2022-10-18 21:55:31,755 [pool-145-thread-1] INFO  server.RaftServerConfigKeys (ConfUtils.java:logGet(46)) - raft.server.threadpool.client.size = 0 (default)
2022-10-18 21:55:31,755 [pool-145-thread-1] INFO  server.RaftServer$Division (RaftServerImpl.java:start(310)) - b0a080c7-90ba-4b33-9ef1-5c8d9af7a4e3@group-5490DEF9D266: start as a follower, conf=-1: [b0a080c7-90ba-4b33-9ef1-5c8d9af7a4e3|rpc:10.1.0.49:35533|priority:1], old=null
2022-10-18 21:55:31,755 [pool-145-thread-1] INFO  server.RaftServer$Division (RaftServerImpl.java:setRole(299)) - b0a080c7-90ba-4b33-9ef1-5c8d9af7a4e3@group-5490DEF9D266: changes role from      null to FOLLOWER at term 0 for startAsFollower
2022-10-18 21:55:31,755 [pool-145-thread-1] INFO  impl.RoleInfo (RoleInfo.java:updateAndGet(139)) - b0a080c7-90ba-4b33-9ef1-5c8d9af7a4e3: start b0a080c7-90ba-4b33-9ef1-5c8d9af7a4e3@group-5490DEF9D266-FollowerState
2022-10-18 21:55:31,755 [pool-145-thread-1] INFO  util.JmxRegister (JmxRegister.java:tryRegister(44)) - Successfully registered JMX Bean with object name Ratis:service=RaftServer,group=group-5490DEF9D266,id=b0a080c7-90ba-4b33-9ef1-5c8d9af7a4e3
2022-10-18 21:55:31,755 [Command processor thread] INFO  ratis.XceiverServerRatis (XceiverServerRatis.java:addGroup(765)) - Created group PipelineID=80c78e5f-d190-4d00-91f9-5490def9d266
2022-10-18 21:55:31,755 [Command processor thread] INFO  commandhandler.CreatePipelineCommandHandler (CreatePipelineCommandHandler.java:handle(113)) - Created Pipeline RATIS ONE PipelineID=80c78e5f-d190-4d00-91f9-5490def9d266.
2022-10-18 21:55:31,970 [Command processor thread] INFO  server.RaftServer (RaftServerProxy.java:addNew(96)) - 324f6683-2ade-44b3-b06c-4a533e69f3ae: addNew group-DD0DEF432836:[324f6683-2ade-44b3-b06c-4a533e69f3ae|rpc:10.1.0.49:36541|priority:1] returns group-DD0DEF432836:java.util.concurrent.CompletableFuture@5145c076[Not completed]
2022-10-18 21:55:31,971 [pool-168-thread-1] INFO  server.RaftServer$Division (RaftServerImpl.java:<init>(190)) - 324f6683-2ade-44b3-b06c-4a533e69f3ae: new RaftServerImpl for group-DD0DEF432836:[324f6683-2ade-44b3-b06c-4a533e69f3ae|rpc:10.1.0.49:36541|priority:1] with ContainerStateMachine:uninitialized
2022-10-18 21:55:31,971 [pool-168-thread-1] INFO  server.RaftServerConfigKeys (ConfUtils.java:logGet(46)) - raft.server.rpc.timeout.min = 5s (custom)
2022-10-18 21:55:31,971 [pool-168-thread-1] INFO  server.RaftServerConfigKeys (ConfUtils.java:logGet(46)) - raft.server.rpc.timeout.max = 5200ms (custom)
2022-10-18 21:55:31,971 [pool-168-thread-1] INFO  server.RaftServerConfigKeys (ConfUtils.java:logGet(46)) - raft.server.rpc.sleep.time = 25ms (default)
2022-10-18 21:55:31,971 [pool-168-thread-1] INFO  server.RaftServerConfigKeys (ConfUtils.java:logGet(46)) - raft.server.rpc.slowness.timeout = 300s (custom)
2022-10-18 21:55:31,971 [pool-168-thread-1] INFO  server.RaftServerConfigKeys (ConfUtils.java:logGet(46)) - raft.server.leaderelection.leader.step-down.wait-time = 10s (default)
2022-10-18 21:55:31,971 [pool-168-thread-1] INFO  server.RaftServerConfigKeys (ConfUtils.java:logGet(46)) - raft.server.sleep.deviation.threshold = 300ms (default)
2022-10-18 21:55:31,972 [pool-168-thread-1] INFO  server.RaftServer$Division (ServerState.java:<init>(107)) - 324f6683-2ade-44b3-b06c-4a533e69f3ae@group-DD0DEF432836: ConfigurationManager, init=-1: [324f6683-2ade-44b3-b06c-4a533e69f3ae|rpc:10.1.0.49:36541|priority:1], old=null, confs=<EMPTY_MAP>
2022-10-18 21:55:31,972 [pool-168-thread-1] INFO  server.RaftServerConfigKeys (ConfUtils.java:logGet(46)) - raft.server.storage.dir = [/home/runner/work/ozone/ozone/hadoop-ozone/integration-test/target/test-dir/MiniOzoneClusterImpl-285291dc-83a3-4c49-94f6-5e759e1760ea/datanode-2/data/ratis] (custom)
2022-10-18 21:55:31,972 [pool-168-thread-1] INFO  server.RaftServerConfigKeys (ConfUtils.java:logGet(46)) - raft.server.log.corruption.policy = EXCEPTION (default)
2022-10-18 21:55:31,972 [pool-168-thread-1] INFO  server.RaftServerConfigKeys (ConfUtils.java:logGet(46)) - raft.server.storage.free-space.min = 0MB (=0) (default)
2022-10-18 21:55:31,972 [pool-168-thread-1] INFO  storage.RaftStorageDirectory (RaftStorageDirectoryImpl.java:analyzeStorage(135)) - The storage directory /home/runner/work/ozone/ozone/hadoop-ozone/integration-test/target/test-dir/MiniOzoneClusterImpl-285291dc-83a3-4c49-94f6-5e759e1760ea/datanode-2/data/ratis/f232d82e-844e-41a1-9d14-dd0def432836 does not exist. Creating ...
2022-10-18 21:55:31,973 [pool-168-thread-1] INFO  storage.RaftStorageDirectory (RaftStorageDirectoryImpl.java:tryLock(230)) - Lock on /home/runner/work/ozone/ozone/hadoop-ozone/integration-test/target/test-dir/MiniOzoneClusterImpl-285291dc-83a3-4c49-94f6-5e759e1760ea/datanode-2/data/ratis/f232d82e-844e-41a1-9d14-dd0def432836/in_use.lock acquired by nodename 38880@fv-az368-376
2022-10-18 21:55:31,974 [pool-168-thread-1] INFO  storage.RaftStorage (RaftStorageImpl.java:format(89)) - Storage directory /home/runner/work/ozone/ozone/hadoop-ozone/integration-test/target/test-dir/MiniOzoneClusterImpl-285291dc-83a3-4c49-94f6-5e759e1760ea/datanode-2/data/ratis/f232d82e-844e-41a1-9d14-dd0def432836 has been successfully formatted.
2022-10-18 21:55:31,974 [pool-168-thread-1] INFO  ratis.ContainerStateMachine (ContainerStateMachine.java:loadSnapshot(236)) - group-DD0DEF432836: The snapshot info is null. Setting the last applied indexto:(t:0, i:~)
2022-10-18 21:55:31,974 [pool-168-thread-1] INFO  server.RaftServerConfigKeys (ConfUtils.java:logGet(46)) - raft.server.notification.no-leader.timeout = 300s (custom)
2022-10-18 21:55:31,974 [pool-168-thread-1] INFO  server.RaftServerConfigKeys (ConfUtils.java:logGet(46)) - raft.server.log.use.memory = false (default)
2022-10-18 21:55:31,974 [pool-168-thread-1] INFO  server.RaftServerConfigKeys (ConfUtils.java:logGet(46)) - raft.server.log.purge.gap = 1000000 (custom)
2022-10-18 21:55:31,974 [pool-168-thread-1] INFO  server.RaftServerConfigKeys (ConfUtils.java:logGet(46)) - raft.server.log.appender.buffer.byte-limit = 33554432 (custom)
2022-10-18 21:55:31,974 [pool-168-thread-1] INFO  server.RaftServerConfigKeys (ConfUtils.java:logGet(46)) - raft.server.log.statemachine.data.read.timeout = 1000ms (default)
2022-10-18 21:55:31,974 [pool-168-thread-1] INFO  server.RaftServerConfigKeys (ConfUtils.java:logGet(46)) - raft.server.log.segment.size.max = 1048576 (custom)
2022-10-18 21:55:31,975 [pool-168-thread-1] INFO  server.RaftServerConfigKeys (ConfUtils.java:logGet(46)) - raft.server.log.segment.cache.num.max = 2 (custom)
2022-10-18 21:55:31,975 [pool-168-thread-1] INFO  server.RaftServerConfigKeys (ConfUtils.java:logGet(46)) - raft.server.log.segment.cache.size.max = 200MB (=209715200) (default)
2022-10-18 21:55:31,975 [pool-168-thread-1] INFO  segmented.SegmentedRaftLogWorker (SegmentedRaftLogWorker.java:<init>(187)) - new 324f6683-2ade-44b3-b06c-4a533e69f3ae@group-DD0DEF432836-SegmentedRaftLogWorker for RaftStorageImpl:Storage Directory /home/runner/work/ozone/ozone/hadoop-ozone/integration-test/target/test-dir/MiniOzoneClusterImpl-285291dc-83a3-4c49-94f6-5e759e1760ea/datanode-2/data/ratis/f232d82e-844e-41a1-9d14-dd0def432836
2022-10-18 21:55:31,975 [pool-168-thread-1] INFO  server.RaftServerConfigKeys (ConfUtils.java:logGet(46)) - raft.server.log.queue.byte-limit = 4294967296 (custom)
2022-10-18 21:55:31,975 [pool-168-thread-1] INFO  server.RaftServerConfigKeys (ConfUtils.java:logGet(46)) - raft.server.log.queue.element-limit = 1024 (custom)
2022-10-18 21:55:31,975 [pool-168-thread-1] INFO  server.RaftServerConfigKeys (ConfUtils.java:logGet(46)) - raft.server.log.segment.size.max = 1048576 (custom)
2022-10-18 21:55:31,975 [pool-168-thread-1] INFO  server.RaftServerConfigKeys (ConfUtils.java:logGet(46)) - raft.server.log.preallocated.size = 16384 (custom)
2022-10-18 21:55:31,975 [pool-168-thread-1] INFO  server.RaftServerConfigKeys (ConfUtils.java:logGet(46)) - raft.server.log.force.sync.num = 128 (default)
2022-10-18 21:55:31,976 [pool-168-thread-1] INFO  server.RaftServerConfigKeys (ConfUtils.java:logGet(46)) - raft.server.log.statemachine.data.sync = true (default)
2022-10-18 21:55:31,976 [pool-168-thread-1] INFO  server.RaftServerConfigKeys (ConfUtils.java:logGet(46)) - raft.server.log.statemachine.data.sync.timeout = 10s (default)
2022-10-18 21:55:31,976 [pool-168-thread-1] INFO  server.RaftServerConfigKeys (ConfUtils.java:logGet(46)) - raft.server.log.statemachine.data.sync.timeout.retry = -1 (default)
2022-10-18 21:55:31,976 [EventQueue-PipelineReportForPipelineReportHandler] INFO  pipeline.PipelineManagerImpl (PipelineManagerImpl.java:openPipeline(367)) - Pipeline Pipeline[ Id: f232d82e-844e-41a1-9d14-dd0def432836, Nodes: 324f6683-2ade-44b3-b06c-4a533e69f3ae{ip: 10.1.0.49, host: fv-az368-376.2eqeunsjyj5ebgwla1snbw5zah.gx.internal.cloudapp.net, ports: [REPLICATION=44987, RATIS=36541, RATIS_ADMIN=36541, RATIS_SERVER=36541, STANDALONE=40349], networkLocation: /default-rack, certSerialId: null, persistedOpState: IN_SERVICE, persistedOpStateExpiryEpochSec: 0}, ReplicationConfig: RATIS/ONE, State:ALLOCATED, leaderId:324f6683-2ade-44b3-b06c-4a533e69f3ae, CreationTimestamp2022-10-18T21:55:28.974Z[Etc/UTC]] moved to OPEN state
2022-10-18 21:55:31,976 [Listener at 127.0.0.1/43229] INFO  ozone.MiniOzoneClusterImpl (MiniOzoneClusterImpl.java:lambda$waitForClusterToBeReady$0(216)) - Nodes are ready. Got 3 of 3 DN Heartbeats.
2022-10-18 21:55:31,976 [pool-168-thread-1] INFO  server.RaftServerConfigKeys (ConfUtils.java:logGet(46)) - raft.server.log.write.buffer.size = 1048576 (custom)
2022-10-18 21:55:31,976 [Listener at 127.0.0.1/43229] INFO  ozone.MiniOzoneClusterImpl (MiniOzoneClusterImpl.java:lambda$waitForClusterToBeReady$0(219)) - Waiting for cluster to exit safe mode
2022-10-18 21:55:31,977 [Listener at 127.0.0.1/43229] INFO  ozone.MiniOzoneClusterImpl (MiniOzoneClusterImpl.java:lambda$waitForClusterToBeReady$0(221)) - SCM became leader
2022-10-18 21:55:31,978 [pool-168-thread-1] INFO  server.RaftServerConfigKeys (ConfUtils.java:logGet(46)) - raft.server.log.unsafe-flush.enabled = false (default)
2022-10-18 21:55:31,978 [pool-168-thread-1] INFO  server.RaftServerConfigKeys (ConfUtils.java:logGet(46)) - raft.server.log.statemachine.data.caching.enabled = true (custom)
2022-10-18 21:55:31,978 [EventQueue-OpenPipelineForHealthyPipelineSafeModeRule] INFO  safemode.SCMSafeModeManager (HealthyPipelineSafeModeRule.java:process(137)) - SCM in safe mode. Healthy pipelines reported count is 0, required healthy pipeline reported count is 1
2022-10-18 21:55:31,979 [pool-168-thread-1] INFO  segmented.SegmentedRaftLogWorker (SegmentedRaftLogWorker.java:lambda$new$0(135)) - 324f6683-2ade-44b3-b06c-4a533e69f3ae@group-DD0DEF432836-SegmentedRaftLogWorker: flushIndex: setUnconditionally 0 -> -1
2022-10-18 21:55:31,979 [pool-168-thread-1] INFO  segmented.SegmentedRaftLogWorker (SegmentedRaftLogWorker.java:lambda$new$0(135)) - 324f6683-2ade-44b3-b06c-4a533e69f3ae@group-DD0DEF432836-SegmentedRaftLogWorker: safeCacheEvictIndex: setUnconditionally 0 -> -1
2022-10-18 21:55:31,979 [pool-168-thread-1] INFO  server.RaftServerConfigKeys (ConfUtils.java:logGet(46)) - raft.server.snapshot.auto.trigger.enabled = true (custom)
2022-10-18 21:55:31,979 [pool-168-thread-1] INFO  server.RaftServerConfigKeys (ConfUtils.java:logGet(46)) - raft.server.snapshot.auto.trigger.threshold = 10000 (custom)
2022-10-18 21:55:31,979 [pool-168-thread-1] INFO  server.RaftServerConfigKeys (ConfUtils.java:logGet(46)) - raft.server.snapshot.retention.file.num = 5 (custom)
2022-10-18 21:55:31,979 [pool-168-thread-1] INFO  server.RaftServerConfigKeys (ConfUtils.java:logGet(46)) - raft.server.log.purge.upto.snapshot.index = false (default)
2022-10-18 21:55:31,979 [pool-168-thread-1] INFO  server.RaftServerConfigKeys (ConfUtils.java:logGet(46)) - raft.server.retrycache.expirytime = 600000ms (custom)
2022-10-18 21:55:31,979 [pool-168-thread-1] INFO  server.RaftServerConfigKeys (ConfUtils.java:logGet(46)) - raft.server.retrycache.statistics.expirytime = 100μs (default)
2022-10-18 21:55:31,980 [pool-168-thread-1] INFO  server.RaftServerConfigKeys (ConfUtils.java:logGet(46)) - raft.server.log.appender.install.snapshot.enabled = false (custom)
2022-10-18 21:55:31,980 [pool-168-thread-1] INFO  server.RaftServerConfigKeys (ConfUtils.java:logGet(46)) - raft.server.threadpool.server.cached = true (default)
2022-10-18 21:55:31,980 [pool-168-thread-1] INFO  server.RaftServerConfigKeys (ConfUtils.java:logGet(46)) - raft.server.threadpool.server.size = 0 (default)
2022-10-18 21:55:31,980 [pool-168-thread-1] INFO  server.RaftServerConfigKeys (ConfUtils.java:logGet(46)) - raft.server.threadpool.client.cached = true (default)
2022-10-18 21:55:31,980 [pool-168-thread-1] INFO  server.RaftServerConfigKeys (ConfUtils.java:logGet(46)) - raft.server.threadpool.client.size = 0 (default)
2022-10-18 21:55:31,980 [pool-168-thread-1] INFO  server.RaftServer$Division (RaftServerImpl.java:start(310)) - 324f6683-2ade-44b3-b06c-4a533e69f3ae@group-DD0DEF432836: start as a follower, conf=-1: [324f6683-2ade-44b3-b06c-4a533e69f3ae|rpc:10.1.0.49:36541|priority:1], old=null
2022-10-18 21:55:31,980 [pool-168-thread-1] INFO  server.RaftServer$Division (RaftServerImpl.java:setRole(299)) - 324f6683-2ade-44b3-b06c-4a533e69f3ae@group-DD0DEF432836: changes role from      null to FOLLOWER at term 0 for startAsFollower
2022-10-18 21:55:31,980 [pool-168-thread-1] INFO  impl.RoleInfo (RoleInfo.java:updateAndGet(139)) - 324f6683-2ade-44b3-b06c-4a533e69f3ae: start 324f6683-2ade-44b3-b06c-4a533e69f3ae@group-DD0DEF432836-FollowerState
2022-10-18 21:55:31,981 [pool-168-thread-1] INFO  util.JmxRegister (JmxRegister.java:tryRegister(44)) - Successfully registered JMX Bean with object name Ratis:service=RaftServer,group=group-DD0DEF432836,id=324f6683-2ade-44b3-b06c-4a533e69f3ae
2022-10-18 21:55:31,981 [Command processor thread] INFO  ratis.XceiverServerRatis (XceiverServerRatis.java:addGroup(765)) - Created group PipelineID=f232d82e-844e-41a1-9d14-dd0def432836
2022-10-18 21:55:31,981 [Command processor thread] INFO  commandhandler.CreatePipelineCommandHandler (CreatePipelineCommandHandler.java:handle(113)) - Created Pipeline RATIS ONE PipelineID=f232d82e-844e-41a1-9d14-dd0def432836.
2022-10-18 21:55:32,978 [Listener at 127.0.0.1/43229] INFO  ozone.MiniOzoneClusterImpl (MiniOzoneClusterImpl.java:lambda$waitForClusterToBeReady$0(216)) - Nodes are ready. Got 3 of 3 DN Heartbeats.
2022-10-18 21:55:32,978 [Listener at 127.0.0.1/43229] INFO  ozone.MiniOzoneClusterImpl (MiniOzoneClusterImpl.java:lambda$waitForClusterToBeReady$0(219)) - Waiting for cluster to exit safe mode
2022-10-18 21:55:32,978 [Listener at 127.0.0.1/43229] INFO  ozone.MiniOzoneClusterImpl (MiniOzoneClusterImpl.java:lambda$waitForClusterToBeReady$0(221)) - SCM became leader
2022-10-18 21:55:33,978 [Listener at 127.0.0.1/43229] INFO  ozone.MiniOzoneClusterImpl (MiniOzoneClusterImpl.java:lambda$waitForClusterToBeReady$0(216)) - Nodes are ready. Got 3 of 3 DN Heartbeats.
2022-10-18 21:55:33,978 [Listener at 127.0.0.1/43229] INFO  ozone.MiniOzoneClusterImpl (MiniOzoneClusterImpl.java:lambda$waitForClusterToBeReady$0(219)) - Waiting for cluster to exit safe mode
2022-10-18 21:55:33,978 [Listener at 127.0.0.1/43229] INFO  ozone.MiniOzoneClusterImpl (MiniOzoneClusterImpl.java:lambda$waitForClusterToBeReady$0(221)) - SCM became leader
2022-10-18 21:55:34,978 [Listener at 127.0.0.1/43229] INFO  ozone.MiniOzoneClusterImpl (MiniOzoneClusterImpl.java:lambda$waitForClusterToBeReady$0(216)) - Nodes are ready. Got 3 of 3 DN Heartbeats.
2022-10-18 21:55:34,979 [Listener at 127.0.0.1/43229] INFO  ozone.MiniOzoneClusterImpl (MiniOzoneClusterImpl.java:lambda$waitForClusterToBeReady$0(219)) - Waiting for cluster to exit safe mode
2022-10-18 21:55:34,979 [Listener at 127.0.0.1/43229] INFO  ozone.MiniOzoneClusterImpl (MiniOzoneClusterImpl.java:lambda$waitForClusterToBeReady$0(221)) - SCM became leader
2022-10-18 21:55:35,979 [Listener at 127.0.0.1/43229] INFO  ozone.MiniOzoneClusterImpl (MiniOzoneClusterImpl.java:lambda$waitForClusterToBeReady$0(216)) - Nodes are ready. Got 3 of 3 DN Heartbeats.
2022-10-18 21:55:35,979 [Listener at 127.0.0.1/43229] INFO  ozone.MiniOzoneClusterImpl (MiniOzoneClusterImpl.java:lambda$waitForClusterToBeReady$0(219)) - Waiting for cluster to exit safe mode
2022-10-18 21:55:35,979 [Listener at 127.0.0.1/43229] INFO  ozone.MiniOzoneClusterImpl (MiniOzoneClusterImpl.java:lambda$waitForClusterToBeReady$0(221)) - SCM became leader
2022-10-18 21:55:36,627 [324f6683-2ade-44b3-b06c-4a533e69f3ae@group-EDE5FE44A057-FollowerState] INFO  impl.FollowerState (FollowerState.java:run(143)) - 324f6683-2ade-44b3-b06c-4a533e69f3ae@group-EDE5FE44A057-FollowerState: change to CANDIDATE, lastRpcElapsedTime:5015358397ns, electionTimeout:5015ms
2022-10-18 21:55:36,628 [324f6683-2ade-44b3-b06c-4a533e69f3ae@group-EDE5FE44A057-FollowerState] INFO  impl.RoleInfo (RoleInfo.java:shutdownFollowerState(110)) - 324f6683-2ade-44b3-b06c-4a533e69f3ae: shutdown 324f6683-2ade-44b3-b06c-4a533e69f3ae@group-EDE5FE44A057-FollowerState
2022-10-18 21:55:36,628 [324f6683-2ade-44b3-b06c-4a533e69f3ae@group-EDE5FE44A057-FollowerState] INFO  server.RaftServer$Division (RaftServerImpl.java:setRole(299)) - 324f6683-2ade-44b3-b06c-4a533e69f3ae@group-EDE5FE44A057: changes role from  FOLLOWER to CANDIDATE at term 0 for changeToCandidate
2022-10-18 21:55:36,628 [324f6683-2ade-44b3-b06c-4a533e69f3ae@group-EDE5FE44A057-FollowerState] INFO  server.RaftServerConfigKeys (ConfUtils.java:logGet(46)) - raft.server.leaderelection.pre-vote = false (custom)
2022-10-18 21:55:36,628 [324f6683-2ade-44b3-b06c-4a533e69f3ae@group-EDE5FE44A057-FollowerState] INFO  impl.RoleInfo (RoleInfo.java:updateAndGet(139)) - 324f6683-2ade-44b3-b06c-4a533e69f3ae: start 324f6683-2ade-44b3-b06c-4a533e69f3ae@group-EDE5FE44A057-LeaderElection2
2022-10-18 21:55:36,631 [324f6683-2ade-44b3-b06c-4a533e69f3ae@group-EDE5FE44A057-LeaderElection2] INFO  impl.LeaderElection (LeaderElection.java:askForVotes(310)) - 324f6683-2ade-44b3-b06c-4a533e69f3ae@group-EDE5FE44A057-LeaderElection2 ELECTION round 0: submit vote requests at term 1 for -1: [324f6683-2ade-44b3-b06c-4a533e69f3ae|rpc:10.1.0.49:36541|dataStream:|priority:0, b0a080c7-90ba-4b33-9ef1-5c8d9af7a4e3|rpc:10.1.0.49:35533|dataStream:|priority:1, 4be08eba-b757-4d49-ba99-26dafbb001b1|rpc:10.1.0.49:37381|dataStream:|priority:0], old=null
2022-10-18 21:55:36,643 [grpc-default-executor-2] INFO  server.RaftServer$Division (RaftServerImpl.java:requestVote(1152)) - b0a080c7-90ba-4b33-9ef1-5c8d9af7a4e3@group-EDE5FE44A057: receive requestVote(ELECTION, 324f6683-2ade-44b3-b06c-4a533e69f3ae, group-EDE5FE44A057, 1, (t:0, i:0))
2022-10-18 21:55:36,643 [grpc-default-executor-2] INFO  impl.VoteContext (VoteContext.java:log(48)) - b0a080c7-90ba-4b33-9ef1-5c8d9af7a4e3@group-EDE5FE44A057-FOLLOWER: reject ELECTION from 324f6683-2ade-44b3-b06c-4a533e69f3ae: our priority 1 > candidate's priority 0
2022-10-18 21:55:36,643 [grpc-default-executor-2] INFO  server.RaftServer$Division (RaftServerImpl.java:setRole(299)) - b0a080c7-90ba-4b33-9ef1-5c8d9af7a4e3@group-EDE5FE44A057: changes role from  FOLLOWER to FOLLOWER at term 1 for candidate:324f6683-2ade-44b3-b06c-4a533e69f3ae
2022-10-18 21:55:36,643 [grpc-default-executor-2] INFO  impl.RoleInfo (RoleInfo.java:shutdownFollowerState(110)) - b0a080c7-90ba-4b33-9ef1-5c8d9af7a4e3: shutdown b0a080c7-90ba-4b33-9ef1-5c8d9af7a4e3@group-EDE5FE44A057-FollowerState
2022-10-18 21:55:36,644 [grpc-default-executor-2] INFO  impl.RoleInfo (RoleInfo.java:updateAndGet(139)) - b0a080c7-90ba-4b33-9ef1-5c8d9af7a4e3: start b0a080c7-90ba-4b33-9ef1-5c8d9af7a4e3@group-EDE5FE44A057-FollowerState
2022-10-18 21:55:36,644 [b0a080c7-90ba-4b33-9ef1-5c8d9af7a4e3@group-EDE5FE44A057-FollowerState] INFO  impl.FollowerState (FollowerState.java:run(152)) - b0a080c7-90ba-4b33-9ef1-5c8d9af7a4e3@group-EDE5FE44A057-FollowerState was interrupted
2022-10-18 21:55:36,645 [grpc-default-executor-2] INFO  server.RaftServer$Division (RaftServerImpl.java:requestVote(1184)) - b0a080c7-90ba-4b33-9ef1-5c8d9af7a4e3@group-EDE5FE44A057 replies to ELECTION vote request: 324f6683-2ade-44b3-b06c-4a533e69f3ae<-b0a080c7-90ba-4b33-9ef1-5c8d9af7a4e3#0:FAIL-t1. Peer's state: b0a080c7-90ba-4b33-9ef1-5c8d9af7a4e3@group-EDE5FE44A057:t1, leader=null, voted=null, raftlog=b0a080c7-90ba-4b33-9ef1-5c8d9af7a4e3@group-EDE5FE44A057-SegmentedRaftLog:OPENED:c-1, conf=-1: [324f6683-2ade-44b3-b06c-4a533e69f3ae|rpc:10.1.0.49:36541|dataStream:|priority:0, b0a080c7-90ba-4b33-9ef1-5c8d9af7a4e3|rpc:10.1.0.49:35533|dataStream:|priority:1, 4be08eba-b757-4d49-ba99-26dafbb001b1|rpc:10.1.0.49:37381|dataStream:|priority:0], old=null
2022-10-18 21:55:36,645 [grpc-default-executor-1] INFO  server.RaftServer$Division (RaftServerImpl.java:requestVote(1152)) - 4be08eba-b757-4d49-ba99-26dafbb001b1@group-EDE5FE44A057: receive requestVote(ELECTION, 324f6683-2ade-44b3-b06c-4a533e69f3ae, group-EDE5FE44A057, 1, (t:0, i:0))
2022-10-18 21:55:36,645 [grpc-default-executor-1] INFO  impl.VoteContext (VoteContext.java:log(48)) - 4be08eba-b757-4d49-ba99-26dafbb001b1@group-EDE5FE44A057-FOLLOWER: accept ELECTION from 324f6683-2ade-44b3-b06c-4a533e69f3ae: our priority 0 <= candidate's priority 0
2022-10-18 21:55:36,645 [grpc-default-executor-1] INFO  server.RaftServer$Division (RaftServerImpl.java:setRole(299)) - 4be08eba-b757-4d49-ba99-26dafbb001b1@group-EDE5FE44A057: changes role from  FOLLOWER to FOLLOWER at term 1 for candidate:324f6683-2ade-44b3-b06c-4a533e69f3ae
2022-10-18 21:55:36,645 [grpc-default-executor-1] INFO  impl.RoleInfo (RoleInfo.java:shutdownFollowerState(110)) - 4be08eba-b757-4d49-ba99-26dafbb001b1: shutdown 4be08eba-b757-4d49-ba99-26dafbb001b1@group-EDE5FE44A057-FollowerState
2022-10-18 21:55:36,646 [grpc-default-executor-1] INFO  impl.RoleInfo (RoleInfo.java:updateAndGet(139)) - 4be08eba-b757-4d49-ba99-26dafbb001b1: start 4be08eba-b757-4d49-ba99-26dafbb001b1@group-EDE5FE44A057-FollowerState
2022-10-18 21:55:36,646 [4be08eba-b757-4d49-ba99-26dafbb001b1@group-EDE5FE44A057-FollowerState] INFO  impl.FollowerState (FollowerState.java:run(152)) - 4be08eba-b757-4d49-ba99-26dafbb001b1@group-EDE5FE44A057-FollowerState was interrupted
2022-10-18 21:55:36,648 [grpc-default-executor-1] INFO  server.RaftServer$Division (RaftServerImpl.java:requestVote(1184)) - 4be08eba-b757-4d49-ba99-26dafbb001b1@group-EDE5FE44A057 replies to ELECTION vote request: 324f6683-2ade-44b3-b06c-4a533e69f3ae<-4be08eba-b757-4d49-ba99-26dafbb001b1#0:OK-t1. Peer's state: 4be08eba-b757-4d49-ba99-26dafbb001b1@group-EDE5FE44A057:t1, leader=null, voted=324f6683-2ade-44b3-b06c-4a533e69f3ae, raftlog=4be08eba-b757-4d49-ba99-26dafbb001b1@group-EDE5FE44A057-SegmentedRaftLog:OPENED:c-1, conf=-1: [324f6683-2ade-44b3-b06c-4a533e69f3ae|rpc:10.1.0.49:36541|priority:0, b0a080c7-90ba-4b33-9ef1-5c8d9af7a4e3|rpc:10.1.0.49:35533|priority:1, 4be08eba-b757-4d49-ba99-26dafbb001b1|rpc:10.1.0.49:37381|priority:0], old=null
2022-10-18 21:55:36,649 [324f6683-2ade-44b3-b06c-4a533e69f3ae@group-EDE5FE44A057-LeaderElection2] INFO  impl.LeaderElection (LeaderElection.java:logAndReturn(90)) - 324f6683-2ade-44b3-b06c-4a533e69f3ae@group-EDE5FE44A057-LeaderElection2: ELECTION REJECTED received 1 response(s) and 0 exception(s):
2022-10-18 21:55:36,649 [324f6683-2ade-44b3-b06c-4a533e69f3ae@group-EDE5FE44A057-LeaderElection2] INFO  impl.LeaderElection (LeaderElection.java:logAndReturn(94)) -   Response 0: 324f6683-2ade-44b3-b06c-4a533e69f3ae<-b0a080c7-90ba-4b33-9ef1-5c8d9af7a4e3#0:FAIL-t1
2022-10-18 21:55:36,650 [324f6683-2ade-44b3-b06c-4a533e69f3ae@group-EDE5FE44A057-LeaderElection2] INFO  impl.LeaderElection (LeaderElection.java:askForVotes(312)) - 324f6683-2ade-44b3-b06c-4a533e69f3ae@group-EDE5FE44A057-LeaderElection2 ELECTION round 0: result REJECTED
2022-10-18 21:55:36,650 [324f6683-2ade-44b3-b06c-4a533e69f3ae@group-EDE5FE44A057-LeaderElection2] INFO  server.RaftServer$Division (RaftServerImpl.java:setRole(299)) - 324f6683-2ade-44b3-b06c-4a533e69f3ae@group-EDE5FE44A057: changes role from CANDIDATE to FOLLOWER at term 1 for REJECTED
2022-10-18 21:55:36,651 [324f6683-2ade-44b3-b06c-4a533e69f3ae@group-EDE5FE44A057-LeaderElection2] INFO  impl.RoleInfo (RoleInfo.java:shutdownLeaderElection(130)) - 324f6683-2ade-44b3-b06c-4a533e69f3ae: shutdown 324f6683-2ade-44b3-b06c-4a533e69f3ae@group-EDE5FE44A057-LeaderElection2
2022-10-18 21:55:36,651 [324f6683-2ade-44b3-b06c-4a533e69f3ae@group-EDE5FE44A057-LeaderElection2] INFO  impl.RoleInfo (RoleInfo.java:updateAndGet(139)) - 324f6683-2ade-44b3-b06c-4a533e69f3ae: start 324f6683-2ade-44b3-b06c-4a533e69f3ae@group-EDE5FE44A057-FollowerState
2022-10-18 21:55:36,682 [4be08eba-b757-4d49-ba99-26dafbb001b1@group-3F004320D14A-FollowerState] INFO  impl.FollowerState (FollowerState.java:run(143)) - 4be08eba-b757-4d49-ba99-26dafbb001b1@group-3F004320D14A-FollowerState: change to CANDIDATE, lastRpcElapsedTime:5141322560ns, electionTimeout:5141ms
2022-10-18 21:55:36,683 [4be08eba-b757-4d49-ba99-26dafbb001b1@group-3F004320D14A-FollowerState] INFO  impl.RoleInfo (RoleInfo.java:shutdownFollowerState(110)) - 4be08eba-b757-4d49-ba99-26dafbb001b1: shutdown 4be08eba-b757-4d49-ba99-26dafbb001b1@group-3F004320D14A-FollowerState
2022-10-18 21:55:36,683 [4be08eba-b757-4d49-ba99-26dafbb001b1@group-3F004320D14A-FollowerState] INFO  server.RaftServer$Division (RaftServerImpl.java:setRole(299)) - 4be08eba-b757-4d49-ba99-26dafbb001b1@group-3F004320D14A: changes role from  FOLLOWER to CANDIDATE at term 0 for changeToCandidate
2022-10-18 21:55:36,683 [4be08eba-b757-4d49-ba99-26dafbb001b1@group-3F004320D14A-FollowerState] INFO  server.RaftServerConfigKeys (ConfUtils.java:logGet(46)) - raft.server.leaderelection.pre-vote = false (custom)
2022-10-18 21:55:36,683 [4be08eba-b757-4d49-ba99-26dafbb001b1@group-3F004320D14A-FollowerState] INFO  impl.RoleInfo (RoleInfo.java:updateAndGet(139)) - 4be08eba-b757-4d49-ba99-26dafbb001b1: start 4be08eba-b757-4d49-ba99-26dafbb001b1@group-3F004320D14A-LeaderElection3
2022-10-18 21:55:36,685 [4be08eba-b757-4d49-ba99-26dafbb001b1@group-3F004320D14A-LeaderElection3] INFO  impl.LeaderElection (LeaderElection.java:askForVotes(310)) - 4be08eba-b757-4d49-ba99-26dafbb001b1@group-3F004320D14A-LeaderElection3 ELECTION round 0: submit vote requests at term 1 for -1: [4be08eba-b757-4d49-ba99-26dafbb001b1|rpc:10.1.0.49:37381|priority:1], old=null
2022-10-18 21:55:36,685 [4be08eba-b757-4d49-ba99-26dafbb001b1@group-3F004320D14A-LeaderElection3] INFO  impl.LeaderElection (LeaderElection.java:askForVotes(312)) - 4be08eba-b757-4d49-ba99-26dafbb001b1@group-3F004320D14A-LeaderElection3 ELECTION round 0: result PASSED (term=1)
2022-10-18 21:55:36,685 [4be08eba-b757-4d49-ba99-26dafbb001b1@group-3F004320D14A-LeaderElection3] INFO  impl.RoleInfo (RoleInfo.java:shutdownLeaderElection(130)) - 4be08eba-b757-4d49-ba99-26dafbb001b1: shutdown 4be08eba-b757-4d49-ba99-26dafbb001b1@group-3F004320D14A-LeaderElection3
2022-10-18 21:55:36,685 [4be08eba-b757-4d49-ba99-26dafbb001b1@group-3F004320D14A-LeaderElection3] INFO  server.RaftServer$Division (RaftServerImpl.java:setRole(299)) - 4be08eba-b757-4d49-ba99-26dafbb001b1@group-3F004320D14A: changes role from CANDIDATE to LEADER at term 1 for changeToLeader
2022-10-18 21:55:36,685 [4be08eba-b757-4d49-ba99-26dafbb001b1@group-3F004320D14A-LeaderElection3] INFO  ratis.XceiverServerRatis (XceiverServerRatis.java:handleLeaderChangedNotification(863)) - Leader change notification received for group: group-3F004320D14A with new leaderId: 4be08eba-b757-4d49-ba99-26dafbb001b1
2022-10-18 21:55:36,686 [4be08eba-b757-4d49-ba99-26dafbb001b1@group-3F004320D14A-LeaderElection3] INFO  server.RaftServer$Division (ServerState.java:setLeader(287)) - 4be08eba-b757-4d49-ba99-26dafbb001b1@group-3F004320D14A: change Leader from null to 4be08eba-b757-4d49-ba99-26dafbb001b1 at term 1 for becomeLeader, leader elected after 5151ms
2022-10-18 21:55:36,686 [4be08eba-b757-4d49-ba99-26dafbb001b1@group-3F004320D14A-LeaderElection3] INFO  server.RaftServerConfigKeys (ConfUtils.java:logGet(46)) - raft.server.staging.catchup.gap = 1000 (default)
2022-10-18 21:55:36,686 [4be08eba-b757-4d49-ba99-26dafbb001b1@group-3F004320D14A-LeaderElection3] INFO  server.RaftServerConfigKeys (ConfUtils.java:logGet(46)) - raft.server.write.element-limit = 1024 (custom)
2022-10-18 21:55:36,686 [4be08eba-b757-4d49-ba99-26dafbb001b1@group-3F004320D14A-LeaderElection3] INFO  server.RaftServerConfigKeys (ConfUtils.java:logGet(46)) - raft.server.write.byte-limit = 1024 M (=1073741824) (custom)
2022-10-18 21:55:36,687 [4be08eba-b757-4d49-ba99-26dafbb001b1@group-3F004320D14A-LeaderElection3] INFO  server.RaftServerConfigKeys (ConfUtils.java:logGet(46)) - raft.server.watch.timeout = 180s (custom)
2022-10-18 21:55:36,687 [4be08eba-b757-4d49-ba99-26dafbb001b1@group-3F004320D14A-LeaderElection3] INFO  server.RaftServerConfigKeys (ConfUtils.java:logGet(46)) - raft.server.watch.timeout.denomination = 1s (default)
2022-10-18 21:55:36,687 [4be08eba-b757-4d49-ba99-26dafbb001b1@group-3F004320D14A-LeaderElection3] INFO  server.RaftServerConfigKeys (ConfUtils.java:logGet(46)) - raft.server.watch.element-limit = 65536 (default)
2022-10-18 21:55:36,687 [4be08eba-b757-4d49-ba99-26dafbb001b1@group-3F004320D14A-LeaderElection3] INFO  server.RaftServerConfigKeys (ConfUtils.java:logGet(46)) - raft.server.write.element-limit = 1024 (custom)
2022-10-18 21:55:36,687 [4be08eba-b757-4d49-ba99-26dafbb001b1@group-3F004320D14A-LeaderElection3] INFO  server.RaftServerConfigKeys (ConfUtils.java:logGet(46)) - raft.server.write.follower.gap.ratio.max = -1.0 (default)
2022-10-18 21:55:36,687 [4be08eba-b757-4d49-ba99-26dafbb001b1@group-3F004320D14A-LeaderElection3] INFO  impl.RoleInfo (RoleInfo.java:updateAndGet(139)) - 4be08eba-b757-4d49-ba99-26dafbb001b1: start 4be08eba-b757-4d49-ba99-26dafbb001b1@group-3F004320D14A-LeaderStateImpl
2022-10-18 21:55:36,687 [EventQueue-OpenPipelineForHealthyPipelineSafeModeRule] INFO  safemode.SCMSafeModeManager (HealthyPipelineSafeModeRule.java:process(137)) - SCM in safe mode. Healthy pipelines reported count is 0, required healthy pipeline reported count is 1
2022-10-18 21:55:36,687 [4be08eba-b757-4d49-ba99-26dafbb001b1@group-3F004320D14A-LeaderElection3] INFO  segmented.SegmentedRaftLogWorker (SegmentedRaftLogWorker.java:startLogSegment(425)) - 4be08eba-b757-4d49-ba99-26dafbb001b1@group-3F004320D14A-SegmentedRaftLogWorker: Starting segment from index:0
2022-10-18 21:55:36,688 [4be08eba-b757-4d49-ba99-26dafbb001b1@group-3F004320D14A-SegmentedRaftLogWorker] INFO  segmented.SegmentedRaftLogWorker (SegmentedRaftLogWorker.java:execute(629)) - 4be08eba-b757-4d49-ba99-26dafbb001b1@group-3F004320D14A-SegmentedRaftLogWorker: created new log segment /home/runner/work/ozone/ozone/hadoop-ozone/integration-test/target/test-dir/MiniOzoneClusterImpl-285291dc-83a3-4c49-94f6-5e759e1760ea/datanode-0/data/ratis/1b6b70cd-d650-43d6-92bf-3f004320d14a/current/log_inprogress_0
2022-10-18 21:55:36,688 [4be08eba-b757-4d49-ba99-26dafbb001b1@group-3F004320D14A-LeaderElection3] INFO  server.RaftServer$Division (ServerState.java:setRaftConf(393)) - 4be08eba-b757-4d49-ba99-26dafbb001b1@group-3F004320D14A: set configuration 0: [4be08eba-b757-4d49-ba99-26dafbb001b1|rpc:10.1.0.49:37381|dataStream:|priority:1], old=null
2022-10-18 21:55:36,741 [b0a080c7-90ba-4b33-9ef1-5c8d9af7a4e3@group-288BE5F8F4CA-FollowerState] INFO  impl.FollowerState (FollowerState.java:run(143)) - b0a080c7-90ba-4b33-9ef1-5c8d9af7a4e3@group-288BE5F8F4CA-FollowerState: change to CANDIDATE, lastRpcElapsedTime:5040270982ns, electionTimeout:5040ms
2022-10-18 21:55:36,741 [b0a080c7-90ba-4b33-9ef1-5c8d9af7a4e3@group-288BE5F8F4CA-FollowerState] INFO  impl.RoleInfo (RoleInfo.java:shutdownFollowerState(110)) - b0a080c7-90ba-4b33-9ef1-5c8d9af7a4e3: shutdown b0a080c7-90ba-4b33-9ef1-5c8d9af7a4e3@group-288BE5F8F4CA-FollowerState
2022-10-18 21:55:36,741 [b0a080c7-90ba-4b33-9ef1-5c8d9af7a4e3@group-288BE5F8F4CA-FollowerState] INFO  server.RaftServer$Division (RaftServerImpl.java:setRole(299)) - b0a080c7-90ba-4b33-9ef1-5c8d9af7a4e3@group-288BE5F8F4CA: changes role from  FOLLOWER to CANDIDATE at term 0 for changeToCandidate
2022-10-18 21:55:36,741 [b0a080c7-90ba-4b33-9ef1-5c8d9af7a4e3@group-288BE5F8F4CA-FollowerState] INFO  server.RaftServerConfigKeys (ConfUtils.java:logGet(46)) - raft.server.leaderelection.pre-vote = false (custom)
2022-10-18 21:55:36,741 [b0a080c7-90ba-4b33-9ef1-5c8d9af7a4e3@group-288BE5F8F4CA-FollowerState] INFO  impl.RoleInfo (RoleInfo.java:updateAndGet(139)) - b0a080c7-90ba-4b33-9ef1-5c8d9af7a4e3: start b0a080c7-90ba-4b33-9ef1-5c8d9af7a4e3@group-288BE5F8F4CA-LeaderElection4
2022-10-18 21:55:36,744 [b0a080c7-90ba-4b33-9ef1-5c8d9af7a4e3@group-288BE5F8F4CA-LeaderElection4] INFO  impl.LeaderElection (LeaderElection.java:askForVotes(310)) - b0a080c7-90ba-4b33-9ef1-5c8d9af7a4e3@group-288BE5F8F4CA-LeaderElection4 ELECTION round 0: submit vote requests at term 1 for -1: [324f6683-2ade-44b3-b06c-4a533e69f3ae|rpc:10.1.0.49:36541|dataStream:|priority:0, b0a080c7-90ba-4b33-9ef1-5c8d9af7a4e3|rpc:10.1.0.49:35533|dataStream:|priority:0, 4be08eba-b757-4d49-ba99-26dafbb001b1|rpc:10.1.0.49:37381|dataStream:|priority:1], old=null
2022-10-18 21:55:36,754 [grpc-default-executor-1] INFO  server.RaftServer$Division (RaftServerImpl.java:requestVote(1152)) - 324f6683-2ade-44b3-b06c-4a533e69f3ae@group-288BE5F8F4CA: receive requestVote(ELECTION, b0a080c7-90ba-4b33-9ef1-5c8d9af7a4e3, group-288BE5F8F4CA, 1, (t:0, i:0))
2022-10-18 21:55:36,754 [grpc-default-executor-1] INFO  impl.VoteContext (VoteContext.java:log(48)) - 324f6683-2ade-44b3-b06c-4a533e69f3ae@group-288BE5F8F4CA-FOLLOWER: accept ELECTION from b0a080c7-90ba-4b33-9ef1-5c8d9af7a4e3: our priority 0 <= candidate's priority 0
2022-10-18 21:55:36,754 [grpc-default-executor-1] INFO  server.RaftServer$Division (RaftServerImpl.java:setRole(299)) - 324f6683-2ade-44b3-b06c-4a533e69f3ae@group-288BE5F8F4CA: changes role from  FOLLOWER to FOLLOWER at term 1 for candidate:b0a080c7-90ba-4b33-9ef1-5c8d9af7a4e3
2022-10-18 21:55:36,754 [grpc-default-executor-1] INFO  impl.RoleInfo (RoleInfo.java:shutdownFollowerState(110)) - 324f6683-2ade-44b3-b06c-4a533e69f3ae: shutdown 324f6683-2ade-44b3-b06c-4a533e69f3ae@group-288BE5F8F4CA-FollowerState
2022-10-18 21:55:36,755 [grpc-default-executor-1] INFO  impl.RoleInfo (RoleInfo.java:updateAndGet(139)) - 324f6683-2ade-44b3-b06c-4a533e69f3ae: start 324f6683-2ade-44b3-b06c-4a533e69f3ae@group-288BE5F8F4CA-FollowerState
2022-10-18 21:55:36,755 [324f6683-2ade-44b3-b06c-4a533e69f3ae@group-288BE5F8F4CA-FollowerState] INFO  impl.FollowerState (FollowerState.java:run(152)) - 324f6683-2ade-44b3-b06c-4a533e69f3ae@group-288BE5F8F4CA-FollowerState was interrupted
2022-10-18 21:55:36,756 [grpc-default-executor-1] INFO  server.RaftServer$Division (RaftServerImpl.java:requestVote(1184)) - 324f6683-2ade-44b3-b06c-4a533e69f3ae@group-288BE5F8F4CA replies to ELECTION vote request: b0a080c7-90ba-4b33-9ef1-5c8d9af7a4e3<-324f6683-2ade-44b3-b06c-4a533e69f3ae#0:OK-t1. Peer's state: 324f6683-2ade-44b3-b06c-4a533e69f3ae@group-288BE5F8F4CA:t1, leader=null, voted=b0a080c7-90ba-4b33-9ef1-5c8d9af7a4e3, raftlog=324f6683-2ade-44b3-b06c-4a533e69f3ae@group-288BE5F8F4CA-SegmentedRaftLog:OPENED:c-1, conf=-1: [324f6683-2ade-44b3-b06c-4a533e69f3ae|rpc:10.1.0.49:36541|dataStream:|priority:0, b0a080c7-90ba-4b33-9ef1-5c8d9af7a4e3|rpc:10.1.0.49:35533|dataStream:|priority:0, 4be08eba-b757-4d49-ba99-26dafbb001b1|rpc:10.1.0.49:37381|dataStream:|priority:1], old=null
2022-10-18 21:55:36,759 [grpc-default-executor-2] INFO  server.RaftServer$Division (RaftServerImpl.java:requestVote(1152)) - 4be08eba-b757-4d49-ba99-26dafbb001b1@group-288BE5F8F4CA: receive requestVote(ELECTION, b0a080c7-90ba-4b33-9ef1-5c8d9af7a4e3, group-288BE5F8F4CA, 1, (t:0, i:0))
2022-10-18 21:55:36,759 [grpc-default-executor-2] INFO  impl.VoteContext (VoteContext.java:log(48)) - 4be08eba-b757-4d49-ba99-26dafbb001b1@group-288BE5F8F4CA-FOLLOWER: reject ELECTION from b0a080c7-90ba-4b33-9ef1-5c8d9af7a4e3: our priority 1 > candidate's priority 0
2022-10-18 21:55:36,759 [grpc-default-executor-2] INFO  server.RaftServer$Division (RaftServerImpl.java:setRole(299)) - 4be08eba-b757-4d49-ba99-26dafbb001b1@group-288BE5F8F4CA: changes role from  FOLLOWER to FOLLOWER at term 1 for candidate:b0a080c7-90ba-4b33-9ef1-5c8d9af7a4e3
2022-10-18 21:55:36,759 [grpc-default-executor-2] INFO  impl.RoleInfo (RoleInfo.java:shutdownFollowerState(110)) - 4be08eba-b757-4d49-ba99-26dafbb001b1: shutdown 4be08eba-b757-4d49-ba99-26dafbb001b1@group-288BE5F8F4CA-FollowerState
2022-10-18 21:55:36,759 [grpc-default-executor-2] INFO  impl.RoleInfo (RoleInfo.java:updateAndGet(139)) - 4be08eba-b757-4d49-ba99-26dafbb001b1: start 4be08eba-b757-4d49-ba99-26dafbb001b1@group-288BE5F8F4CA-FollowerState
2022-10-18 21:55:36,759 [4be08eba-b757-4d49-ba99-26dafbb001b1@group-288BE5F8F4CA-FollowerState] INFO  impl.FollowerState (FollowerState.java:run(152)) - 4be08eba-b757-4d49-ba99-26dafbb001b1@group-288BE5F8F4CA-FollowerState was interrupted
2022-10-18 21:55:36,761 [grpc-default-executor-2] INFO  server.RaftServer$Division (RaftServerImpl.java:requestVote(1184)) - 4be08eba-b757-4d49-ba99-26dafbb001b1@group-288BE5F8F4CA replies to ELECTION vote request: b0a080c7-90ba-4b33-9ef1-5c8d9af7a4e3<-4be08eba-b757-4d49-ba99-26dafbb001b1#0:FAIL-t1. Peer's state: 4be08eba-b757-4d49-ba99-26dafbb001b1@group-288BE5F8F4CA:t1, leader=null, voted=null, raftlog=4be08eba-b757-4d49-ba99-26dafbb001b1@group-288BE5F8F4CA-SegmentedRaftLog:OPENED:c-1, conf=-1: [324f6683-2ade-44b3-b06c-4a533e69f3ae|rpc:10.1.0.49:36541|priority:0, b0a080c7-90ba-4b33-9ef1-5c8d9af7a4e3|rpc:10.1.0.49:35533|priority:0, 4be08eba-b757-4d49-ba99-26dafbb001b1|rpc:10.1.0.49:37381|priority:1], old=null
2022-10-18 21:55:36,762 [b0a080c7-90ba-4b33-9ef1-5c8d9af7a4e3@group-288BE5F8F4CA-LeaderElection4] INFO  impl.LeaderElection (LeaderElection.java:logAndReturn(90)) - b0a080c7-90ba-4b33-9ef1-5c8d9af7a4e3@group-288BE5F8F4CA-LeaderElection4: ELECTION REJECTED received 2 response(s) and 0 exception(s):
2022-10-18 21:55:36,762 [b0a080c7-90ba-4b33-9ef1-5c8d9af7a4e3@group-288BE5F8F4CA-LeaderElection4] INFO  impl.LeaderElection (LeaderElection.java:logAndReturn(94)) -   Response 0: b0a080c7-90ba-4b33-9ef1-5c8d9af7a4e3<-324f6683-2ade-44b3-b06c-4a533e69f3ae#0:OK-t1
2022-10-18 21:55:36,762 [b0a080c7-90ba-4b33-9ef1-5c8d9af7a4e3@group-288BE5F8F4CA-LeaderElection4] INFO  impl.LeaderElection (LeaderElection.java:logAndReturn(94)) -   Response 1: b0a080c7-90ba-4b33-9ef1-5c8d9af7a4e3<-4be08eba-b757-4d49-ba99-26dafbb001b1#0:FAIL-t1
2022-10-18 21:55:36,762 [b0a080c7-90ba-4b33-9ef1-5c8d9af7a4e3@group-288BE5F8F4CA-LeaderElection4] INFO  impl.LeaderElection (LeaderElection.java:askForVotes(312)) - b0a080c7-90ba-4b33-9ef1-5c8d9af7a4e3@group-288BE5F8F4CA-LeaderElection4 ELECTION round 0: result REJECTED
2022-10-18 21:55:36,763 [b0a080c7-90ba-4b33-9ef1-5c8d9af7a4e3@group-288BE5F8F4CA-LeaderElection4] INFO  server.RaftServer$Division (RaftServerImpl.java:setRole(299)) - b0a080c7-90ba-4b33-9ef1-5c8d9af7a4e3@group-288BE5F8F4CA: changes role from CANDIDATE to FOLLOWER at term 1 for REJECTED
2022-10-18 21:55:36,763 [b0a080c7-90ba-4b33-9ef1-5c8d9af7a4e3@group-288BE5F8F4CA-LeaderElection4] INFO  impl.RoleInfo (RoleInfo.java:shutdownLeaderElection(130)) - b0a080c7-90ba-4b33-9ef1-5c8d9af7a4e3: shutdown b0a080c7-90ba-4b33-9ef1-5c8d9af7a4e3@group-288BE5F8F4CA-LeaderElection4
2022-10-18 21:55:36,763 [b0a080c7-90ba-4b33-9ef1-5c8d9af7a4e3@group-288BE5F8F4CA-LeaderElection4] INFO  impl.RoleInfo (RoleInfo.java:updateAndGet(139)) - b0a080c7-90ba-4b33-9ef1-5c8d9af7a4e3: start b0a080c7-90ba-4b33-9ef1-5c8d9af7a4e3@group-288BE5F8F4CA-FollowerState
2022-10-18 21:55:36,853 [b0a080c7-90ba-4b33-9ef1-5c8d9af7a4e3@group-5490DEF9D266-FollowerState] INFO  impl.FollowerState (FollowerState.java:run(143)) - b0a080c7-90ba-4b33-9ef1-5c8d9af7a4e3@group-5490DEF9D266-FollowerState: change to CANDIDATE, lastRpcElapsedTime:5098287842ns, electionTimeout:5098ms
2022-10-18 21:55:36,854 [b0a080c7-90ba-4b33-9ef1-5c8d9af7a4e3@group-5490DEF9D266-FollowerState] INFO  impl.RoleInfo (RoleInfo.java:shutdownFollowerState(110)) - b0a080c7-90ba-4b33-9ef1-5c8d9af7a4e3: shutdown b0a080c7-90ba-4b33-9ef1-5c8d9af7a4e3@group-5490DEF9D266-FollowerState
2022-10-18 21:55:36,854 [b0a080c7-90ba-4b33-9ef1-5c8d9af7a4e3@group-5490DEF9D266-FollowerState] INFO  server.RaftServer$Division (RaftServerImpl.java:setRole(299)) - b0a080c7-90ba-4b33-9ef1-5c8d9af7a4e3@group-5490DEF9D266: changes role from  FOLLOWER to CANDIDATE at term 0 for changeToCandidate
2022-10-18 21:55:36,854 [b0a080c7-90ba-4b33-9ef1-5c8d9af7a4e3@group-5490DEF9D266-FollowerState] INFO  server.RaftServerConfigKeys (ConfUtils.java:logGet(46)) - raft.server.leaderelection.pre-vote = false (custom)
2022-10-18 21:55:36,854 [b0a080c7-90ba-4b33-9ef1-5c8d9af7a4e3@group-5490DEF9D266-FollowerState] INFO  impl.RoleInfo (RoleInfo.java:updateAndGet(139)) - b0a080c7-90ba-4b33-9ef1-5c8d9af7a4e3: start b0a080c7-90ba-4b33-9ef1-5c8d9af7a4e3@group-5490DEF9D266-LeaderElection5
2022-10-18 21:55:36,856 [b0a080c7-90ba-4b33-9ef1-5c8d9af7a4e3@group-5490DEF9D266-LeaderElection5] INFO  impl.LeaderElection (LeaderElection.java:askForVotes(310)) - b0a080c7-90ba-4b33-9ef1-5c8d9af7a4e3@group-5490DEF9D266-LeaderElection5 ELECTION round 0: submit vote requests at term 1 for -1: [b0a080c7-90ba-4b33-9ef1-5c8d9af7a4e3|rpc:10.1.0.49:35533|priority:1], old=null
2022-10-18 21:55:36,856 [b0a080c7-90ba-4b33-9ef1-5c8d9af7a4e3@group-5490DEF9D266-LeaderElection5] INFO  impl.LeaderElection (LeaderElection.java:askForVotes(312)) - b0a080c7-90ba-4b33-9ef1-5c8d9af7a4e3@group-5490DEF9D266-LeaderElection5 ELECTION round 0: result PASSED (term=1)
2022-10-18 21:55:36,856 [b0a080c7-90ba-4b33-9ef1-5c8d9af7a4e3@group-5490DEF9D266-LeaderElection5] INFO  impl.RoleInfo (RoleInfo.java:shutdownLeaderElection(130)) - b0a080c7-90ba-4b33-9ef1-5c8d9af7a4e3: shutdown b0a080c7-90ba-4b33-9ef1-5c8d9af7a4e3@group-5490DEF9D266-LeaderElection5
2022-10-18 21:55:36,856 [b0a080c7-90ba-4b33-9ef1-5c8d9af7a4e3@group-5490DEF9D266-LeaderElection5] INFO  server.RaftServer$Division (RaftServerImpl.java:setRole(299)) - b0a080c7-90ba-4b33-9ef1-5c8d9af7a4e3@group-5490DEF9D266: changes role from CANDIDATE to LEADER at term 1 for changeToLeader
2022-10-18 21:55:36,856 [b0a080c7-90ba-4b33-9ef1-5c8d9af7a4e3@group-5490DEF9D266-LeaderElection5] INFO  ratis.XceiverServerRatis (XceiverServerRatis.java:handleLeaderChangedNotification(863)) - Leader change notification received for group: group-5490DEF9D266 with new leaderId: b0a080c7-90ba-4b33-9ef1-5c8d9af7a4e3
2022-10-18 21:55:36,857 [b0a080c7-90ba-4b33-9ef1-5c8d9af7a4e3@group-5490DEF9D266-LeaderElection5] INFO  server.RaftServer$Division (ServerState.java:setLeader(287)) - b0a080c7-90ba-4b33-9ef1-5c8d9af7a4e3@group-5490DEF9D266: change Leader from null to b0a080c7-90ba-4b33-9ef1-5c8d9af7a4e3 at term 1 for becomeLeader, leader elected after 5111ms
2022-10-18 21:55:36,857 [b0a080c7-90ba-4b33-9ef1-5c8d9af7a4e3@group-5490DEF9D266-LeaderElection5] INFO  server.RaftServerConfigKeys (ConfUtils.java:logGet(46)) - raft.server.staging.catchup.gap = 1000 (default)
2022-10-18 21:55:36,857 [b0a080c7-90ba-4b33-9ef1-5c8d9af7a4e3@group-5490DEF9D266-LeaderElection5] INFO  server.RaftServerConfigKeys (ConfUtils.java:logGet(46)) - raft.server.write.element-limit = 1024 (custom)
2022-10-18 21:55:36,857 [b0a080c7-90ba-4b33-9ef1-5c8d9af7a4e3@group-5490DEF9D266-LeaderElection5] INFO  server.RaftServerConfigKeys (ConfUtils.java:logGet(46)) - raft.server.write.byte-limit = 1024 M (=1073741824) (custom)
2022-10-18 21:55:36,857 [b0a080c7-90ba-4b33-9ef1-5c8d9af7a4e3@group-5490DEF9D266-LeaderElection5] INFO  server.RaftServerConfigKeys (ConfUtils.java:logGet(46)) - raft.server.watch.timeout = 180s (custom)
2022-10-18 21:55:36,857 [b0a080c7-90ba-4b33-9ef1-5c8d9af7a4e3@group-5490DEF9D266-LeaderElection5] INFO  server.RaftServerConfigKeys (ConfUtils.java:logGet(46)) - raft.server.watch.timeout.denomination = 1s (default)
2022-10-18 21:55:36,858 [b0a080c7-90ba-4b33-9ef1-5c8d9af7a4e3@group-5490DEF9D266-LeaderElection5] INFO  server.RaftServerConfigKeys (ConfUtils.java:logGet(46)) - raft.server.watch.element-limit = 65536 (default)
2022-10-18 21:55:36,858 [b0a080c7-90ba-4b33-9ef1-5c8d9af7a4e3@group-5490DEF9D266-LeaderElection5] INFO  server.RaftServerConfigKeys (ConfUtils.java:logGet(46)) - raft.server.write.element-limit = 1024 (custom)
2022-10-18 21:55:36,858 [b0a080c7-90ba-4b33-9ef1-5c8d9af7a4e3@group-5490DEF9D266-LeaderElection5] INFO  server.RaftServerConfigKeys (ConfUtils.java:logGet(46)) - raft.server.write.follower.gap.ratio.max = -1.0 (default)
2022-10-18 21:55:36,859 [b0a080c7-90ba-4b33-9ef1-5c8d9af7a4e3@group-5490DEF9D266-LeaderElection5] INFO  impl.RoleInfo (RoleInfo.java:updateAndGet(139)) - b0a080c7-90ba-4b33-9ef1-5c8d9af7a4e3: start b0a080c7-90ba-4b33-9ef1-5c8d9af7a4e3@group-5490DEF9D266-LeaderStateImpl
2022-10-18 21:55:36,859 [b0a080c7-90ba-4b33-9ef1-5c8d9af7a4e3@group-5490DEF9D266-LeaderElection5] INFO  segmented.SegmentedRaftLogWorker (SegmentedRaftLogWorker.java:startLogSegment(425)) - b0a080c7-90ba-4b33-9ef1-5c8d9af7a4e3@group-5490DEF9D266-SegmentedRaftLogWorker: Starting segment from index:0
2022-10-18 21:55:36,860 [EventQueue-OpenPipelineForHealthyPipelineSafeModeRule] INFO  safemode.SCMSafeModeManager (HealthyPipelineSafeModeRule.java:process(137)) - SCM in safe mode. Healthy pipelines reported count is 0, required healthy pipeline reported count is 1
2022-10-18 21:55:36,860 [b0a080c7-90ba-4b33-9ef1-5c8d9af7a4e3@group-5490DEF9D266-LeaderElection5] INFO  server.RaftServer$Division (ServerState.java:setRaftConf(393)) - b0a080c7-90ba-4b33-9ef1-5c8d9af7a4e3@group-5490DEF9D266: set configuration 0: [b0a080c7-90ba-4b33-9ef1-5c8d9af7a4e3|rpc:10.1.0.49:35533|dataStream:|priority:1], old=null
2022-10-18 21:55:36,860 [b0a080c7-90ba-4b33-9ef1-5c8d9af7a4e3@group-5490DEF9D266-SegmentedRaftLogWorker] INFO  segmented.SegmentedRaftLogWorker (SegmentedRaftLogWorker.java:execute(629)) - b0a080c7-90ba-4b33-9ef1-5c8d9af7a4e3@group-5490DEF9D266-SegmentedRaftLogWorker: created new log segment /home/runner/work/ozone/ozone/hadoop-ozone/integration-test/target/test-dir/MiniOzoneClusterImpl-285291dc-83a3-4c49-94f6-5e759e1760ea/datanode-1/data/ratis/80c78e5f-d190-4d00-91f9-5490def9d266/current/log_inprogress_0
2022-10-18 21:55:36,979 [Listener at 127.0.0.1/43229] INFO  ozone.MiniOzoneClusterImpl (MiniOzoneClusterImpl.java:lambda$waitForClusterToBeReady$0(216)) - Nodes are ready. Got 3 of 3 DN Heartbeats.
2022-10-18 21:55:36,980 [Listener at 127.0.0.1/43229] INFO  ozone.MiniOzoneClusterImpl (MiniOzoneClusterImpl.java:lambda$waitForClusterToBeReady$0(219)) - Waiting for cluster to exit safe mode
2022-10-18 21:55:36,980 [Listener at 127.0.0.1/43229] INFO  ozone.MiniOzoneClusterImpl (MiniOzoneClusterImpl.java:lambda$waitForClusterToBeReady$0(221)) - SCM became leader
2022-10-18 21:55:37,094 [324f6683-2ade-44b3-b06c-4a533e69f3ae@group-DD0DEF432836-FollowerState] INFO  impl.FollowerState (FollowerState.java:run(143)) - 324f6683-2ade-44b3-b06c-4a533e69f3ae@group-DD0DEF432836-FollowerState: change to CANDIDATE, lastRpcElapsedTime:5113256840ns, electionTimeout:5113ms
2022-10-18 21:55:37,094 [324f6683-2ade-44b3-b06c-4a533e69f3ae@group-DD0DEF432836-FollowerState] INFO  impl.RoleInfo (RoleInfo.java:shutdownFollowerState(110)) - 324f6683-2ade-44b3-b06c-4a533e69f3ae: shutdown 324f6683-2ade-44b3-b06c-4a533e69f3ae@group-DD0DEF432836-FollowerState
2022-10-18 21:55:37,094 [324f6683-2ade-44b3-b06c-4a533e69f3ae@group-DD0DEF432836-FollowerState] INFO  server.RaftServer$Division (RaftServerImpl.java:setRole(299)) - 324f6683-2ade-44b3-b06c-4a533e69f3ae@group-DD0DEF432836: changes role from  FOLLOWER to CANDIDATE at term 0 for changeToCandidate
2022-10-18 21:55:37,094 [324f6683-2ade-44b3-b06c-4a533e69f3ae@group-DD0DEF432836-FollowerState] INFO  server.RaftServerConfigKeys (ConfUtils.java:logGet(46)) - raft.server.leaderelection.pre-vote = false (custom)
2022-10-18 21:55:37,094 [324f6683-2ade-44b3-b06c-4a533e69f3ae@group-DD0DEF432836-FollowerState] INFO  impl.RoleInfo (RoleInfo.java:updateAndGet(139)) - 324f6683-2ade-44b3-b06c-4a533e69f3ae: start 324f6683-2ade-44b3-b06c-4a533e69f3ae@group-DD0DEF432836-LeaderElection6
2022-10-18 21:55:37,097 [324f6683-2ade-44b3-b06c-4a533e69f3ae@group-DD0DEF432836-LeaderElection6] INFO  impl.LeaderElection (LeaderElection.java:askForVotes(310)) - 324f6683-2ade-44b3-b06c-4a533e69f3ae@group-DD0DEF432836-LeaderElection6 ELECTION round 0: submit vote requests at term 1 for -1: [324f6683-2ade-44b3-b06c-4a533e69f3ae|rpc:10.1.0.49:36541|priority:1], old=null
2022-10-18 21:55:37,097 [324f6683-2ade-44b3-b06c-4a533e69f3ae@group-DD0DEF432836-LeaderElection6] INFO  impl.LeaderElection (LeaderElection.java:askForVotes(312)) - 324f6683-2ade-44b3-b06c-4a533e69f3ae@group-DD0DEF432836-LeaderElection6 ELECTION round 0: result PASSED (term=1)
2022-10-18 21:55:37,097 [324f6683-2ade-44b3-b06c-4a533e69f3ae@group-DD0DEF432836-LeaderElection6] INFO  impl.RoleInfo (RoleInfo.java:shutdownLeaderElection(130)) - 324f6683-2ade-44b3-b06c-4a533e69f3ae: shutdown 324f6683-2ade-44b3-b06c-4a533e69f3ae@group-DD0DEF432836-LeaderElection6
2022-10-18 21:55:37,097 [324f6683-2ade-44b3-b06c-4a533e69f3ae@group-DD0DEF432836-LeaderElection6] INFO  server.RaftServer$Division (RaftServerImpl.java:setRole(299)) - 324f6683-2ade-44b3-b06c-4a533e69f3ae@group-DD0DEF432836: changes role from CANDIDATE to LEADER at term 1 for changeToLeader
2022-10-18 21:55:37,097 [324f6683-2ade-44b3-b06c-4a533e69f3ae@group-DD0DEF432836-LeaderElection6] INFO  ratis.XceiverServerRatis (XceiverServerRatis.java:handleLeaderChangedNotification(863)) - Leader change notification received for group: group-DD0DEF432836 with new leaderId: 324f6683-2ade-44b3-b06c-4a533e69f3ae
2022-10-18 21:55:37,097 [324f6683-2ade-44b3-b06c-4a533e69f3ae@group-DD0DEF432836-LeaderElection6] INFO  server.RaftServer$Division (ServerState.java:setLeader(287)) - 324f6683-2ade-44b3-b06c-4a533e69f3ae@group-DD0DEF432836: change Leader from null to 324f6683-2ade-44b3-b06c-4a533e69f3ae at term 1 for becomeLeader, leader elected after 5123ms
2022-10-18 21:55:37,097 [324f6683-2ade-44b3-b06c-4a533e69f3ae@group-DD0DEF432836-LeaderElection6] INFO  server.RaftServerConfigKeys (ConfUtils.java:logGet(46)) - raft.server.staging.catchup.gap = 1000 (default)
2022-10-18 21:55:37,097 [324f6683-2ade-44b3-b06c-4a533e69f3ae@group-DD0DEF432836-LeaderElection6] INFO  server.RaftServerConfigKeys (ConfUtils.java:logGet(46)) - raft.server.write.element-limit = 1024 (custom)
2022-10-18 21:55:37,097 [324f6683-2ade-44b3-b06c-4a533e69f3ae@group-DD0DEF432836-LeaderElection6] INFO  server.RaftServerConfigKeys (ConfUtils.java:logGet(46)) - raft.server.write.byte-limit = 1024 M (=1073741824) (custom)
2022-10-18 21:55:37,098 [324f6683-2ade-44b3-b06c-4a533e69f3ae@group-DD0DEF432836-LeaderElection6] INFO  server.RaftServerConfigKeys (ConfUtils.java:logGet(46)) - raft.server.watch.timeout = 180s (custom)
2022-10-18 21:55:37,098 [324f6683-2ade-44b3-b06c-4a533e69f3ae@group-DD0DEF432836-LeaderElection6] INFO  server.RaftServerConfigKeys (ConfUtils.java:logGet(46)) - raft.server.watch.timeout.denomination = 1s (default)
2022-10-18 21:55:37,098 [324f6683-2ade-44b3-b06c-4a533e69f3ae@group-DD0DEF432836-LeaderElection6] INFO  server.RaftServerConfigKeys (ConfUtils.java:logGet(46)) - raft.server.watch.element-limit = 65536 (default)
2022-10-18 21:55:37,098 [324f6683-2ade-44b3-b06c-4a533e69f3ae@group-DD0DEF432836-LeaderElection6] INFO  server.RaftServerConfigKeys (ConfUtils.java:logGet(46)) - raft.server.write.element-limit = 1024 (custom)
2022-10-18 21:55:37,098 [324f6683-2ade-44b3-b06c-4a533e69f3ae@group-DD0DEF432836-LeaderElection6] INFO  server.RaftServerConfigKeys (ConfUtils.java:logGet(46)) - raft.server.write.follower.gap.ratio.max = -1.0 (default)
2022-10-18 21:55:37,098 [324f6683-2ade-44b3-b06c-4a533e69f3ae@group-DD0DEF432836-LeaderElection6] INFO  impl.RoleInfo (RoleInfo.java:updateAndGet(139)) - 324f6683-2ade-44b3-b06c-4a533e69f3ae: start 324f6683-2ade-44b3-b06c-4a533e69f3ae@group-DD0DEF432836-LeaderStateImpl
2022-10-18 21:55:37,099 [EventQueue-OpenPipelineForHealthyPipelineSafeModeRule] INFO  safemode.SCMSafeModeManager (HealthyPipelineSafeModeRule.java:process(137)) - SCM in safe mode. Healthy pipelines reported count is 0, required healthy pipeline reported count is 1
2022-10-18 21:55:37,100 [324f6683-2ade-44b3-b06c-4a533e69f3ae@group-DD0DEF432836-LeaderElection6] INFO  segmented.SegmentedRaftLogWorker (SegmentedRaftLogWorker.java:startLogSegment(425)) - 324f6683-2ade-44b3-b06c-4a533e69f3ae@group-DD0DEF432836-SegmentedRaftLogWorker: Starting segment from index:0
2022-10-18 21:55:37,100 [324f6683-2ade-44b3-b06c-4a533e69f3ae@group-DD0DEF432836-SegmentedRaftLogWorker] INFO  segmented.SegmentedRaftLogWorker (SegmentedRaftLogWorker.java:execute(629)) - 324f6683-2ade-44b3-b06c-4a533e69f3ae@group-DD0DEF432836-SegmentedRaftLogWorker: created new log segment /home/runner/work/ozone/ozone/hadoop-ozone/integration-test/target/test-dir/MiniOzoneClusterImpl-285291dc-83a3-4c49-94f6-5e759e1760ea/datanode-2/data/ratis/f232d82e-844e-41a1-9d14-dd0def432836/current/log_inprogress_0
2022-10-18 21:55:37,101 [324f6683-2ade-44b3-b06c-4a533e69f3ae@group-DD0DEF432836-LeaderElection6] INFO  server.RaftServer$Division (ServerState.java:setRaftConf(393)) - 324f6683-2ade-44b3-b06c-4a533e69f3ae@group-DD0DEF432836: set configuration 0: [324f6683-2ade-44b3-b06c-4a533e69f3ae|rpc:10.1.0.49:36541|dataStream:|priority:1], old=null
2022-10-18 21:55:37,980 [Listener at 127.0.0.1/43229] INFO  ozone.MiniOzoneClusterImpl (MiniOzoneClusterImpl.java:lambda$waitForClusterToBeReady$0(216)) - Nodes are ready. Got 3 of 3 DN Heartbeats.
2022-10-18 21:55:37,980 [Listener at 127.0.0.1/43229] INFO  ozone.MiniOzoneClusterImpl (MiniOzoneClusterImpl.java:lambda$waitForClusterToBeReady$0(219)) - Waiting for cluster to exit safe mode
2022-10-18 21:55:37,980 [Listener at 127.0.0.1/43229] INFO  ozone.MiniOzoneClusterImpl (MiniOzoneClusterImpl.java:lambda$waitForClusterToBeReady$0(221)) - SCM became leader
2022-10-18 21:55:38,980 [Listener at 127.0.0.1/43229] INFO  ozone.MiniOzoneClusterImpl (MiniOzoneClusterImpl.java:lambda$waitForClusterToBeReady$0(216)) - Nodes are ready. Got 3 of 3 DN Heartbeats.
2022-10-18 21:55:38,980 [Listener at 127.0.0.1/43229] INFO  ozone.MiniOzoneClusterImpl (MiniOzoneClusterImpl.java:lambda$waitForClusterToBeReady$0(219)) - Waiting for cluster to exit safe mode
2022-10-18 21:55:38,981 [Listener at 127.0.0.1/43229] INFO  ozone.MiniOzoneClusterImpl (MiniOzoneClusterImpl.java:lambda$waitForClusterToBeReady$0(221)) - SCM became leader
2022-10-18 21:55:39,981 [Listener at 127.0.0.1/43229] INFO  ozone.MiniOzoneClusterImpl (MiniOzoneClusterImpl.java:lambda$waitForClusterToBeReady$0(216)) - Nodes are ready. Got 3 of 3 DN Heartbeats.
2022-10-18 21:55:39,981 [Listener at 127.0.0.1/43229] INFO  ozone.MiniOzoneClusterImpl (MiniOzoneClusterImpl.java:lambda$waitForClusterToBeReady$0(219)) - Waiting for cluster to exit safe mode
2022-10-18 21:55:39,981 [Listener at 127.0.0.1/43229] INFO  ozone.MiniOzoneClusterImpl (MiniOzoneClusterImpl.java:lambda$waitForClusterToBeReady$0(221)) - SCM became leader
2022-10-18 21:55:40,981 [Listener at 127.0.0.1/43229] INFO  ozone.MiniOzoneClusterImpl (MiniOzoneClusterImpl.java:lambda$waitForClusterToBeReady$0(216)) - Nodes are ready. Got 3 of 3 DN Heartbeats.
2022-10-18 21:55:40,982 [Listener at 127.0.0.1/43229] INFO  ozone.MiniOzoneClusterImpl (MiniOzoneClusterImpl.java:lambda$waitForClusterToBeReady$0(219)) - Waiting for cluster to exit safe mode
2022-10-18 21:55:40,982 [Listener at 127.0.0.1/43229] INFO  ozone.MiniOzoneClusterImpl (MiniOzoneClusterImpl.java:lambda$waitForClusterToBeReady$0(221)) - SCM became leader
2022-10-18 21:55:41,658 [b0a080c7-90ba-4b33-9ef1-5c8d9af7a4e3@group-EDE5FE44A057-FollowerState] INFO  impl.FollowerState (FollowerState.java:run(143)) - b0a080c7-90ba-4b33-9ef1-5c8d9af7a4e3@group-EDE5FE44A057-FollowerState: change to CANDIDATE, lastRpcElapsedTime:5014874513ns, electionTimeout:5014ms
2022-10-18 21:55:41,659 [b0a080c7-90ba-4b33-9ef1-5c8d9af7a4e3@group-EDE5FE44A057-FollowerState] INFO  impl.RoleInfo (RoleInfo.java:shutdownFollowerState(110)) - b0a080c7-90ba-4b33-9ef1-5c8d9af7a4e3: shutdown b0a080c7-90ba-4b33-9ef1-5c8d9af7a4e3@group-EDE5FE44A057-FollowerState
2022-10-18 21:55:41,659 [b0a080c7-90ba-4b33-9ef1-5c8d9af7a4e3@group-EDE5FE44A057-FollowerState] INFO  server.RaftServer$Division (RaftServerImpl.java:setRole(299)) - b0a080c7-90ba-4b33-9ef1-5c8d9af7a4e3@group-EDE5FE44A057: changes role from  FOLLOWER to CANDIDATE at term 1 for changeToCandidate
2022-10-18 21:55:41,659 [b0a080c7-90ba-4b33-9ef1-5c8d9af7a4e3@group-EDE5FE44A057-FollowerState] INFO  server.RaftServerConfigKeys (ConfUtils.java:logGet(46)) - raft.server.leaderelection.pre-vote = false (custom)
2022-10-18 21:55:41,659 [b0a080c7-90ba-4b33-9ef1-5c8d9af7a4e3@group-EDE5FE44A057-FollowerState] INFO  impl.RoleInfo (RoleInfo.java:updateAndGet(139)) - b0a080c7-90ba-4b33-9ef1-5c8d9af7a4e3: start b0a080c7-90ba-4b33-9ef1-5c8d9af7a4e3@group-EDE5FE44A057-LeaderElection7
2022-10-18 21:55:41,661 [b0a080c7-90ba-4b33-9ef1-5c8d9af7a4e3@group-EDE5FE44A057-LeaderElection7] INFO  impl.LeaderElection (LeaderElection.java:askForVotes(310)) - b0a080c7-90ba-4b33-9ef1-5c8d9af7a4e3@group-EDE5FE44A057-LeaderElection7 ELECTION round 0: submit vote requests at term 2 for -1: [324f6683-2ade-44b3-b06c-4a533e69f3ae|rpc:10.1.0.49:36541|dataStream:|priority:0, b0a080c7-90ba-4b33-9ef1-5c8d9af7a4e3|rpc:10.1.0.49:35533|dataStream:|priority:1, 4be08eba-b757-4d49-ba99-26dafbb001b1|rpc:10.1.0.49:37381|dataStream:|priority:0], old=null
2022-10-18 21:55:41,665 [grpc-default-executor-2] INFO  server.RaftServer$Division (RaftServerImpl.java:requestVote(1152)) - 324f6683-2ade-44b3-b06c-4a533e69f3ae@group-EDE5FE44A057: receive requestVote(ELECTION, b0a080c7-90ba-4b33-9ef1-5c8d9af7a4e3, group-EDE5FE44A057, 2, (t:0, i:0))
2022-10-18 21:55:41,665 [grpc-default-executor-1] INFO  server.RaftServer$Division (RaftServerImpl.java:requestVote(1152)) - 4be08eba-b757-4d49-ba99-26dafbb001b1@group-EDE5FE44A057: receive requestVote(ELECTION, b0a080c7-90ba-4b33-9ef1-5c8d9af7a4e3, group-EDE5FE44A057, 2, (t:0, i:0))
2022-10-18 21:55:41,665 [grpc-default-executor-2] INFO  impl.VoteContext (VoteContext.java:log(48)) - 324f6683-2ade-44b3-b06c-4a533e69f3ae@group-EDE5FE44A057-FOLLOWER: accept ELECTION from b0a080c7-90ba-4b33-9ef1-5c8d9af7a4e3: our priority 0 <= candidate's priority 1
2022-10-18 21:55:41,665 [grpc-default-executor-1] INFO  impl.VoteContext (VoteContext.java:log(48)) - 4be08eba-b757-4d49-ba99-26dafbb001b1@group-EDE5FE44A057-FOLLOWER: accept ELECTION from b0a080c7-90ba-4b33-9ef1-5c8d9af7a4e3: our priority 0 <= candidate's priority 1
2022-10-18 21:55:41,665 [grpc-default-executor-2] INFO  server.RaftServer$Division (RaftServerImpl.java:setRole(299)) - 324f6683-2ade-44b3-b06c-4a533e69f3ae@group-EDE5FE44A057: changes role from  FOLLOWER to FOLLOWER at term 2 for candidate:b0a080c7-90ba-4b33-9ef1-5c8d9af7a4e3
2022-10-18 21:55:41,665 [grpc-default-executor-1] INFO  server.RaftServer$Division (RaftServerImpl.java:setRole(299)) - 4be08eba-b757-4d49-ba99-26dafbb001b1@group-EDE5FE44A057: changes role from  FOLLOWER to FOLLOWER at term 2 for candidate:b0a080c7-90ba-4b33-9ef1-5c8d9af7a4e3
2022-10-18 21:55:41,666 [grpc-default-executor-1] INFO  impl.RoleInfo (RoleInfo.java:shutdownFollowerState(110)) - 4be08eba-b757-4d49-ba99-26dafbb001b1: shutdown 4be08eba-b757-4d49-ba99-26dafbb001b1@group-EDE5FE44A057-FollowerState
2022-10-18 21:55:41,666 [grpc-default-executor-2] INFO  impl.RoleInfo (RoleInfo.java:shutdownFollowerState(110)) - 324f6683-2ade-44b3-b06c-4a533e69f3ae: shutdown 324f6683-2ade-44b3-b06c-4a533e69f3ae@group-EDE5FE44A057-FollowerState
2022-10-18 21:55:41,666 [grpc-default-executor-2] INFO  impl.RoleInfo (RoleInfo.java:updateAndGet(139)) - 324f6683-2ade-44b3-b06c-4a533e69f3ae: start 324f6683-2ade-44b3-b06c-4a533e69f3ae@group-EDE5FE44A057-FollowerState
2022-10-18 21:55:41,666 [324f6683-2ade-44b3-b06c-4a533e69f3ae@group-EDE5FE44A057-FollowerState] INFO  impl.FollowerState (FollowerState.java:run(152)) - 324f6683-2ade-44b3-b06c-4a533e69f3ae@group-EDE5FE44A057-FollowerState was interrupted
2022-10-18 21:55:41,666 [grpc-default-executor-1] INFO  impl.RoleInfo (RoleInfo.java:updateAndGet(139)) - 4be08eba-b757-4d49-ba99-26dafbb001b1: start 4be08eba-b757-4d49-ba99-26dafbb001b1@group-EDE5FE44A057-FollowerState
2022-10-18 21:55:41,666 [4be08eba-b757-4d49-ba99-26dafbb001b1@group-EDE5FE44A057-FollowerState] INFO  impl.FollowerState (FollowerState.java:run(152)) - 4be08eba-b757-4d49-ba99-26dafbb001b1@group-EDE5FE44A057-FollowerState was interrupted
2022-10-18 21:55:41,667 [grpc-default-executor-1] INFO  server.RaftServer$Division (RaftServerImpl.java:requestVote(1184)) - 4be08eba-b757-4d49-ba99-26dafbb001b1@group-EDE5FE44A057 replies to ELECTION vote request: b0a080c7-90ba-4b33-9ef1-5c8d9af7a4e3<-4be08eba-b757-4d49-ba99-26dafbb001b1#0:OK-t2. Peer's state: 4be08eba-b757-4d49-ba99-26dafbb001b1@group-EDE5FE44A057:t2, leader=null, voted=b0a080c7-90ba-4b33-9ef1-5c8d9af7a4e3, raftlog=4be08eba-b757-4d49-ba99-26dafbb001b1@group-EDE5FE44A057-SegmentedRaftLog:OPENED:c-1, conf=-1: [324f6683-2ade-44b3-b06c-4a533e69f3ae|rpc:10.1.0.49:36541|priority:0, b0a080c7-90ba-4b33-9ef1-5c8d9af7a4e3|rpc:10.1.0.49:35533|priority:1, 4be08eba-b757-4d49-ba99-26dafbb001b1|rpc:10.1.0.49:37381|priority:0], old=null
2022-10-18 21:55:41,667 [grpc-default-executor-2] INFO  server.RaftServer$Division (RaftServerImpl.java:requestVote(1184)) - 324f6683-2ade-44b3-b06c-4a533e69f3ae@group-EDE5FE44A057 replies to ELECTION vote request: b0a080c7-90ba-4b33-9ef1-5c8d9af7a4e3<-324f6683-2ade-44b3-b06c-4a533e69f3ae#0:OK-t2. Peer's state: 324f6683-2ade-44b3-b06c-4a533e69f3ae@group-EDE5FE44A057:t2, leader=null, voted=b0a080c7-90ba-4b33-9ef1-5c8d9af7a4e3, raftlog=324f6683-2ade-44b3-b06c-4a533e69f3ae@group-EDE5FE44A057-SegmentedRaftLog:OPENED:c-1, conf=-1: [324f6683-2ade-44b3-b06c-4a533e69f3ae|rpc:10.1.0.49:36541|dataStream:|priority:0, b0a080c7-90ba-4b33-9ef1-5c8d9af7a4e3|rpc:10.1.0.49:35533|dataStream:|priority:1, 4be08eba-b757-4d49-ba99-26dafbb001b1|rpc:10.1.0.49:37381|dataStream:|priority:0], old=null
2022-10-18 21:55:41,669 [b0a080c7-90ba-4b33-9ef1-5c8d9af7a4e3@group-EDE5FE44A057-LeaderElection7] INFO  impl.LeaderElection (LeaderElection.java:logAndReturn(90)) - b0a080c7-90ba-4b33-9ef1-5c8d9af7a4e3@group-EDE5FE44A057-LeaderElection7: ELECTION PASSED received 1 response(s) and 0 exception(s):
2022-10-18 21:55:41,669 [b0a080c7-90ba-4b33-9ef1-5c8d9af7a4e3@group-EDE5FE44A057-LeaderElection7] INFO  impl.LeaderElection (LeaderElection.java:logAndReturn(94)) -   Response 0: b0a080c7-90ba-4b33-9ef1-5c8d9af7a4e3<-4be08eba-b757-4d49-ba99-26dafbb001b1#0:OK-t2
2022-10-18 21:55:41,669 [b0a080c7-90ba-4b33-9ef1-5c8d9af7a4e3@group-EDE5FE44A057-LeaderElection7] INFO  impl.LeaderElection (LeaderElection.java:askForVotes(312)) - b0a080c7-90ba-4b33-9ef1-5c8d9af7a4e3@group-EDE5FE44A057-LeaderElection7 ELECTION round 0: result PASSED
2022-10-18 21:55:41,669 [b0a080c7-90ba-4b33-9ef1-5c8d9af7a4e3@group-EDE5FE44A057-LeaderElection7] INFO  impl.RoleInfo (RoleInfo.java:shutdownLeaderElection(130)) - b0a080c7-90ba-4b33-9ef1-5c8d9af7a4e3: shutdown b0a080c7-90ba-4b33-9ef1-5c8d9af7a4e3@group-EDE5FE44A057-LeaderElection7
2022-10-18 21:55:41,669 [b0a080c7-90ba-4b33-9ef1-5c8d9af7a4e3@group-EDE5FE44A057-LeaderElection7] INFO  server.RaftServer$Division (RaftServerImpl.java:setRole(299)) - b0a080c7-90ba-4b33-9ef1-5c8d9af7a4e3@group-EDE5FE44A057: changes role from CANDIDATE to LEADER at term 2 for changeToLeader
2022-10-18 21:55:41,669 [b0a080c7-90ba-4b33-9ef1-5c8d9af7a4e3@group-EDE5FE44A057-LeaderElection7] INFO  ratis.XceiverServerRatis (XceiverServerRatis.java:handleLeaderChangedNotification(863)) - Leader change notification received for group: group-EDE5FE44A057 with new leaderId: b0a080c7-90ba-4b33-9ef1-5c8d9af7a4e3
2022-10-18 21:55:41,670 [b0a080c7-90ba-4b33-9ef1-5c8d9af7a4e3@group-EDE5FE44A057-LeaderElection7] INFO  server.RaftServer$Division (ServerState.java:setLeader(287)) - b0a080c7-90ba-4b33-9ef1-5c8d9af7a4e3@group-EDE5FE44A057: change Leader from null to b0a080c7-90ba-4b33-9ef1-5c8d9af7a4e3 at term 2 for becomeLeader, leader elected after 10023ms
2022-10-18 21:55:41,670 [b0a080c7-90ba-4b33-9ef1-5c8d9af7a4e3@group-EDE5FE44A057-LeaderElection7] INFO  server.RaftServerConfigKeys (ConfUtils.java:logGet(46)) - raft.server.staging.catchup.gap = 1000 (default)
2022-10-18 21:55:41,670 [b0a080c7-90ba-4b33-9ef1-5c8d9af7a4e3@group-EDE5FE44A057-LeaderElection7] INFO  server.RaftServerConfigKeys (ConfUtils.java:logGet(46)) - raft.server.write.element-limit = 1024 (custom)
2022-10-18 21:55:41,670 [b0a080c7-90ba-4b33-9ef1-5c8d9af7a4e3@group-EDE5FE44A057-LeaderElection7] INFO  server.RaftServerConfigKeys (ConfUtils.java:logGet(46)) - raft.server.write.byte-limit = 1024 M (=1073741824) (custom)
2022-10-18 21:55:41,671 [b0a080c7-90ba-4b33-9ef1-5c8d9af7a4e3@group-EDE5FE44A057-LeaderElection7] INFO  server.RaftServerConfigKeys (ConfUtils.java:logGet(46)) - raft.server.watch.timeout = 180s (custom)
2022-10-18 21:55:41,671 [b0a080c7-90ba-4b33-9ef1-5c8d9af7a4e3@group-EDE5FE44A057-LeaderElection7] INFO  server.RaftServerConfigKeys (ConfUtils.java:logGet(46)) - raft.server.watch.timeout.denomination = 1s (default)
2022-10-18 21:55:41,671 [b0a080c7-90ba-4b33-9ef1-5c8d9af7a4e3@group-EDE5FE44A057-LeaderElection7] INFO  server.RaftServerConfigKeys (ConfUtils.java:logGet(46)) - raft.server.watch.element-limit = 65536 (default)
2022-10-18 21:55:41,671 [b0a080c7-90ba-4b33-9ef1-5c8d9af7a4e3@group-EDE5FE44A057-LeaderElection7] INFO  server.RaftServerConfigKeys (ConfUtils.java:logGet(46)) - raft.server.write.element-limit = 1024 (custom)
2022-10-18 21:55:41,671 [b0a080c7-90ba-4b33-9ef1-5c8d9af7a4e3@group-EDE5FE44A057-LeaderElection7] INFO  server.RaftServerConfigKeys (ConfUtils.java:logGet(46)) - raft.server.write.follower.gap.ratio.max = -1.0 (default)
2022-10-18 21:55:41,671 [b0a080c7-90ba-4b33-9ef1-5c8d9af7a4e3@group-EDE5FE44A057-LeaderElection7] INFO  server.RaftServerConfigKeys (ConfUtils.java:logGet(46)) - raft.server.log.appender.snapshot.chunk.size.max = 16MB (=16777216) (default)
2022-10-18 21:55:41,671 [b0a080c7-90ba-4b33-9ef1-5c8d9af7a4e3@group-EDE5FE44A057-LeaderElection7] INFO  server.RaftServerConfigKeys (ConfUtils.java:logGet(46)) - raft.server.log.appender.buffer.byte-limit = 33554432 (custom)
2022-10-18 21:55:41,671 [b0a080c7-90ba-4b33-9ef1-5c8d9af7a4e3@group-EDE5FE44A057-LeaderElection7] INFO  server.RaftServerConfigKeys (ConfUtils.java:logGet(46)) - raft.server.log.appender.buffer.element-limit = 1 (custom)
2022-10-18 21:55:41,671 [b0a080c7-90ba-4b33-9ef1-5c8d9af7a4e3@group-EDE5FE44A057-LeaderElection7] INFO  grpc.GrpcConfigKeys (ConfUtils.java:logGet(46)) - raft.grpc.server.leader.outstanding.appends.max = 128 (default)
2022-10-18 21:55:41,671 [b0a080c7-90ba-4b33-9ef1-5c8d9af7a4e3@group-EDE5FE44A057-LeaderElection7] INFO  server.RaftServerConfigKeys (ConfUtils.java:logGet(46)) - raft.server.rpc.request.timeout = 60s (custom)
2022-10-18 21:55:41,672 [b0a080c7-90ba-4b33-9ef1-5c8d9af7a4e3@group-EDE5FE44A057-LeaderElection7] INFO  server.RaftServerConfigKeys (ConfUtils.java:logGet(46)) - raft.server.log.appender.install.snapshot.enabled = false (custom)
2022-10-18 21:55:41,672 [EventQueue-PipelineReportForPipelineReportHandler] INFO  pipeline.PipelineManagerImpl (PipelineManagerImpl.java:openPipeline(367)) - Pipeline Pipeline[ Id: e62b29f8-5728-43f3-9dea-ede5fe44a057, Nodes: 324f6683-2ade-44b3-b06c-4a533e69f3ae{ip: 10.1.0.49, host: fv-az368-376.2eqeunsjyj5ebgwla1snbw5zah.gx.internal.cloudapp.net, ports: [REPLICATION=44987, RATIS=36541, RATIS_ADMIN=36541, RATIS_SERVER=36541, STANDALONE=40349], networkLocation: /default-rack, certSerialId: null, persistedOpState: IN_SERVICE, persistedOpStateExpiryEpochSec: 0}b0a080c7-90ba-4b33-9ef1-5c8d9af7a4e3{ip: 10.1.0.49, host: fv-az368-376.2eqeunsjyj5ebgwla1snbw5zah.gx.internal.cloudapp.net, ports: [REPLICATION=46661, RATIS=35533, RATIS_ADMIN=35533, RATIS_SERVER=35533, STANDALONE=35623], networkLocation: /default-rack, certSerialId: null, persistedOpState: IN_SERVICE, persistedOpStateExpiryEpochSec: 0}4be08eba-b757-4d49-ba99-26dafbb001b1{ip: 10.1.0.49, host: fv-az368-376.2eqeunsjyj5ebgwla1snbw5zah.gx.internal.cloudapp.net, ports: [REPLICATION=40197, RATIS=37381, RATIS_ADMIN=37381, RATIS_SERVER=37381, STANDALONE=36389], networkLocation: /default-rack, certSerialId: null, persistedOpState: IN_SERVICE, persistedOpStateExpiryEpochSec: 0}, ReplicationConfig: RATIS/THREE, State:ALLOCATED, leaderId:b0a080c7-90ba-4b33-9ef1-5c8d9af7a4e3, CreationTimestamp2022-10-18T21:55:28.977Z[Etc/UTC]] moved to OPEN state
2022-10-18 21:55:41,673 [EventQueue-OpenPipelineForHealthyPipelineSafeModeRule] INFO  safemode.SCMSafeModeManager (HealthyPipelineSafeModeRule.java:process(137)) - SCM in safe mode. Healthy pipelines reported count is 1, required healthy pipeline reported count is 1
2022-10-18 21:55:41,673 [b0a080c7-90ba-4b33-9ef1-5c8d9af7a4e3@group-EDE5FE44A057-LeaderElection7] INFO  server.RaftServerConfigKeys (ConfUtils.java:logGet(46)) - raft.server.log.appender.snapshot.chunk.size.max = 16MB (=16777216) (default)
2022-10-18 21:55:41,673 [EventQueue-OpenPipelineForHealthyPipelineSafeModeRule] INFO  safemode.SCMSafeModeManager (SCMSafeModeManager.java:validateSafeModeExitRules(204)) - HealthyPipelineSafeModeRule rule is successfully validated
2022-10-18 21:55:41,673 [b0a080c7-90ba-4b33-9ef1-5c8d9af7a4e3@group-EDE5FE44A057-LeaderElection7] INFO  server.RaftServerConfigKeys (ConfUtils.java:logGet(46)) - raft.server.log.appender.buffer.byte-limit = 33554432 (custom)
2022-10-18 21:55:41,673 [EventQueue-OpenPipelineForHealthyPipelineSafeModeRule] INFO  safemode.SCMSafeModeManager (SCMSafeModeManager.java:validateSafeModeExitRules(219)) - ScmSafeModeManager, all rules are successfully validated
2022-10-18 21:55:41,673 [b0a080c7-90ba-4b33-9ef1-5c8d9af7a4e3@group-EDE5FE44A057-LeaderElection7] INFO  server.RaftServerConfigKeys (ConfUtils.java:logGet(46)) - raft.server.log.appender.buffer.element-limit = 1 (custom)
2022-10-18 21:55:41,673 [EventQueue-OpenPipelineForHealthyPipelineSafeModeRule] INFO  safemode.SCMSafeModeManager (SCMSafeModeManager.java:exitSafeMode(248)) - SCM exiting safe mode.
2022-10-18 21:55:41,673 [b0a080c7-90ba-4b33-9ef1-5c8d9af7a4e3@group-EDE5FE44A057-LeaderElection7] INFO  grpc.GrpcConfigKeys (ConfUtils.java:logGet(46)) - raft.grpc.server.leader.outstanding.appends.max = 128 (default)
2022-10-18 21:55:41,673 [EventQueue-OpenPipelineForHealthyPipelineSafeModeRule] WARN  events.EventQueue (EventQueue.java:fireEvent(216)) - No event handler registered for event TypedEvent{payloadType=SafeModeStatus, name='Safe mode status'}
2022-10-18 21:55:41,673 [b0a080c7-90ba-4b33-9ef1-5c8d9af7a4e3@group-EDE5FE44A057-LeaderElection7] INFO  server.RaftServerConfigKeys (ConfUtils.java:logGet(46)) - raft.server.rpc.request.timeout = 60s (custom)
2022-10-18 21:55:41,674 [b0a080c7-90ba-4b33-9ef1-5c8d9af7a4e3@group-EDE5FE44A057-LeaderElection7] INFO  server.RaftServerConfigKeys (ConfUtils.java:logGet(46)) - raft.server.log.appender.install.snapshot.enabled = false (custom)
2022-10-18 21:55:41,673 [EventQueue-OpenPipelineForHealthyPipelineSafeModeRule] INFO  ha.SCMContext (SCMContext.java:updateSafeModeStatus(228)) - Update SafeModeStatus from SafeModeStatus{safeModeStatus=true, preCheckPassed=true} to SafeModeStatus{safeModeStatus=false, preCheckPassed=true}.
2022-10-18 21:55:41,674 [EventQueue-OpenPipelineForHealthyPipelineSafeModeRule] INFO  pipeline.BackgroundPipelineCreator (BackgroundPipelineCreator.java:notifyStatusChanged(254)) - Service BackgroundPipelineCreator transitions to RUNNING.
2022-10-18 21:55:41,674 [b0a080c7-90ba-4b33-9ef1-5c8d9af7a4e3@group-EDE5FE44A057-LeaderElection7] INFO  impl.RoleInfo (RoleInfo.java:updateAndGet(139)) - b0a080c7-90ba-4b33-9ef1-5c8d9af7a4e3: start b0a080c7-90ba-4b33-9ef1-5c8d9af7a4e3@group-EDE5FE44A057-LeaderStateImpl
2022-10-18 21:55:41,674 [EventQueue-OpenPipelineForHealthyPipelineSafeModeRule] INFO  BackgroundPipelineScrubber (BackgroundSCMService.java:notifyStatusChanged(82)) - Service BackgroundPipelineScrubber transitions to RUNNING.
2022-10-18 21:55:41,674 [EventQueue-OpenPipelineForHealthyPipelineSafeModeRule] INFO  ExpiredContainerReplicaOpScrubber (BackgroundSCMService.java:notifyStatusChanged(82)) - Service ExpiredContainerReplicaOpScrubber transitions to RUNNING.
2022-10-18 21:55:41,674 [EventQueue-OpenPipelineForHealthyPipelineSafeModeRule] INFO  replication.ReplicationManager (ReplicationManager.java:notifyStatusChanged(761)) - Service ReplicationManager transitions to RUNNING.
2022-10-18 21:55:41,674 [b0a080c7-90ba-4b33-9ef1-5c8d9af7a4e3@group-EDE5FE44A057-LeaderElection7] INFO  segmented.SegmentedRaftLogWorker (SegmentedRaftLogWorker.java:startLogSegment(425)) - b0a080c7-90ba-4b33-9ef1-5c8d9af7a4e3@group-EDE5FE44A057-SegmentedRaftLogWorker: Starting segment from index:0
2022-10-18 21:55:41,675 [b0a080c7-90ba-4b33-9ef1-5c8d9af7a4e3@group-EDE5FE44A057-LeaderElection7] INFO  server.RaftServer$Division (ServerState.java:setRaftConf(393)) - b0a080c7-90ba-4b33-9ef1-5c8d9af7a4e3@group-EDE5FE44A057: set configuration 0: [324f6683-2ade-44b3-b06c-4a533e69f3ae|rpc:10.1.0.49:36541|dataStream:|priority:0, b0a080c7-90ba-4b33-9ef1-5c8d9af7a4e3|rpc:10.1.0.49:35533|dataStream:|priority:1, 4be08eba-b757-4d49-ba99-26dafbb001b1|rpc:10.1.0.49:37381|dataStream:|priority:0], old=null
2022-10-18 21:55:41,675 [b0a080c7-90ba-4b33-9ef1-5c8d9af7a4e3@group-EDE5FE44A057-SegmentedRaftLogWorker] INFO  segmented.SegmentedRaftLogWorker (SegmentedRaftLogWorker.java:execute(629)) - b0a080c7-90ba-4b33-9ef1-5c8d9af7a4e3@group-EDE5FE44A057-SegmentedRaftLogWorker: created new log segment /home/runner/work/ozone/ozone/hadoop-ozone/integration-test/target/test-dir/MiniOzoneClusterImpl-285291dc-83a3-4c49-94f6-5e759e1760ea/datanode-1/data/ratis/e62b29f8-5728-43f3-9dea-ede5fe44a057/current/log_inprogress_0
2022-10-18 21:55:41,678 [EventQueue-OpenPipelineForHealthyPipelineSafeModeRule] WARN  balancer.ContainerBalancer (ContainerBalancer.java:shouldRun(131)) - Could not find persisted configuration for ContainerBalancer when checking if ContainerBalancer should run. ContainerBalancer should not run now.
2022-10-18 21:55:41,679 [324f6683-2ade-44b3-b06c-4a533e69f3ae-server-thread1] INFO  ratis.XceiverServerRatis (XceiverServerRatis.java:handleLeaderChangedNotification(863)) - Leader change notification received for group: group-EDE5FE44A057 with new leaderId: b0a080c7-90ba-4b33-9ef1-5c8d9af7a4e3
2022-10-18 21:55:41,679 [324f6683-2ade-44b3-b06c-4a533e69f3ae-server-thread1] INFO  server.RaftServer$Division (ServerState.java:setLeader(287)) - 324f6683-2ade-44b3-b06c-4a533e69f3ae@group-EDE5FE44A057: change Leader from null to b0a080c7-90ba-4b33-9ef1-5c8d9af7a4e3 at term 2 for appendEntries, leader elected after 10071ms
2022-10-18 21:55:41,680 [324f6683-2ade-44b3-b06c-4a533e69f3ae-server-thread1] INFO  server.RaftServer$Division (ServerState.java:setRaftConf(393)) - 324f6683-2ade-44b3-b06c-4a533e69f3ae@group-EDE5FE44A057: set configuration 0: [324f6683-2ade-44b3-b06c-4a533e69f3ae|rpc:10.1.0.49:36541|dataStream:|priority:0, b0a080c7-90ba-4b33-9ef1-5c8d9af7a4e3|rpc:10.1.0.49:35533|dataStream:|priority:1, 4be08eba-b757-4d49-ba99-26dafbb001b1|rpc:10.1.0.49:37381|dataStream:|priority:0], old=null
2022-10-18 21:55:41,681 [324f6683-2ade-44b3-b06c-4a533e69f3ae-server-thread1] INFO  segmented.SegmentedRaftLogWorker (SegmentedRaftLogWorker.java:startLogSegment(425)) - 324f6683-2ade-44b3-b06c-4a533e69f3ae@group-EDE5FE44A057-SegmentedRaftLogWorker: Starting segment from index:0
2022-10-18 21:55:41,682 [324f6683-2ade-44b3-b06c-4a533e69f3ae@group-EDE5FE44A057-SegmentedRaftLogWorker] INFO  segmented.SegmentedRaftLogWorker (SegmentedRaftLogWorker.java:execute(629)) - 324f6683-2ade-44b3-b06c-4a533e69f3ae@group-EDE5FE44A057-SegmentedRaftLogWorker: created new log segment /home/runner/work/ozone/ozone/hadoop-ozone/integration-test/target/test-dir/MiniOzoneClusterImpl-285291dc-83a3-4c49-94f6-5e759e1760ea/datanode-2/data/ratis/e62b29f8-5728-43f3-9dea-ede5fe44a057/current/log_inprogress_0
2022-10-18 21:55:41,682 [4be08eba-b757-4d49-ba99-26dafbb001b1-server-thread1] INFO  ratis.XceiverServerRatis (XceiverServerRatis.java:handleLeaderChangedNotification(863)) - Leader change notification received for group: group-EDE5FE44A057 with new leaderId: b0a080c7-90ba-4b33-9ef1-5c8d9af7a4e3
2022-10-18 21:55:41,682 [4be08eba-b757-4d49-ba99-26dafbb001b1-server-thread1] INFO  server.RaftServer$Division (ServerState.java:setLeader(287)) - 4be08eba-b757-4d49-ba99-26dafbb001b1@group-EDE5FE44A057: change Leader from null to b0a080c7-90ba-4b33-9ef1-5c8d9af7a4e3 at term 2 for appendEntries, leader elected after 10129ms
2022-10-18 21:55:41,684 [4be08eba-b757-4d49-ba99-26dafbb001b1-server-thread1] INFO  server.RaftServer$Division (ServerState.java:setRaftConf(393)) - 4be08eba-b757-4d49-ba99-26dafbb001b1@group-EDE5FE44A057: set configuration 0: [324f6683-2ade-44b3-b06c-4a533e69f3ae|rpc:10.1.0.49:36541|dataStream:|priority:0, b0a080c7-90ba-4b33-9ef1-5c8d9af7a4e3|rpc:10.1.0.49:35533|dataStream:|priority:1, 4be08eba-b757-4d49-ba99-26dafbb001b1|rpc:10.1.0.49:37381|dataStream:|priority:0], old=null
2022-10-18 21:55:41,684 [4be08eba-b757-4d49-ba99-26dafbb001b1-server-thread1] INFO  segmented.SegmentedRaftLogWorker (SegmentedRaftLogWorker.java:startLogSegment(425)) - 4be08eba-b757-4d49-ba99-26dafbb001b1@group-EDE5FE44A057-SegmentedRaftLogWorker: Starting segment from index:0
2022-10-18 21:55:41,685 [4be08eba-b757-4d49-ba99-26dafbb001b1@group-EDE5FE44A057-SegmentedRaftLogWorker] INFO  segmented.SegmentedRaftLogWorker (SegmentedRaftLogWorker.java:execute(629)) - 4be08eba-b757-4d49-ba99-26dafbb001b1@group-EDE5FE44A057-SegmentedRaftLogWorker: created new log segment /home/runner/work/ozone/ozone/hadoop-ozone/integration-test/target/test-dir/MiniOzoneClusterImpl-285291dc-83a3-4c49-94f6-5e759e1760ea/datanode-0/data/ratis/e62b29f8-5728-43f3-9dea-ede5fe44a057/current/log_inprogress_0
2022-10-18 21:55:41,856 [4be08eba-b757-4d49-ba99-26dafbb001b1@group-288BE5F8F4CA-FollowerState] INFO  impl.FollowerState (FollowerState.java:run(143)) - 4be08eba-b757-4d49-ba99-26dafbb001b1@group-288BE5F8F4CA-FollowerState: change to CANDIDATE, lastRpcElapsedTime:5096029256ns, electionTimeout:5095ms
2022-10-18 21:55:41,856 [4be08eba-b757-4d49-ba99-26dafbb001b1@group-288BE5F8F4CA-FollowerState] INFO  impl.RoleInfo (RoleInfo.java:shutdownFollowerState(110)) - 4be08eba-b757-4d49-ba99-26dafbb001b1: shutdown 4be08eba-b757-4d49-ba99-26dafbb001b1@group-288BE5F8F4CA-FollowerState
2022-10-18 21:55:41,856 [4be08eba-b757-4d49-ba99-26dafbb001b1@group-288BE5F8F4CA-FollowerState] INFO  server.RaftServer$Division (RaftServerImpl.java:setRole(299)) - 4be08eba-b757-4d49-ba99-26dafbb001b1@group-288BE5F8F4CA: changes role from  FOLLOWER to CANDIDATE at term 1 for changeToCandidate
2022-10-18 21:55:41,856 [4be08eba-b757-4d49-ba99-26dafbb001b1@group-288BE5F8F4CA-FollowerState] INFO  server.RaftServerConfigKeys (ConfUtils.java:logGet(46)) - raft.server.leaderelection.pre-vote = false (custom)
2022-10-18 21:55:41,856 [4be08eba-b757-4d49-ba99-26dafbb001b1@group-288BE5F8F4CA-FollowerState] INFO  impl.RoleInfo (RoleInfo.java:updateAndGet(139)) - 4be08eba-b757-4d49-ba99-26dafbb001b1: start 4be08eba-b757-4d49-ba99-26dafbb001b1@group-288BE5F8F4CA-LeaderElection8
2022-10-18 21:55:41,858 [4be08eba-b757-4d49-ba99-26dafbb001b1@group-288BE5F8F4CA-LeaderElection8] INFO  impl.LeaderElection (LeaderElection.java:askForVotes(310)) - 4be08eba-b757-4d49-ba99-26dafbb001b1@group-288BE5F8F4CA-LeaderElection8 ELECTION round 0: submit vote requests at term 2 for -1: [324f6683-2ade-44b3-b06c-4a533e69f3ae|rpc:10.1.0.49:36541|priority:0, b0a080c7-90ba-4b33-9ef1-5c8d9af7a4e3|rpc:10.1.0.49:35533|priority:0, 4be08eba-b757-4d49-ba99-26dafbb001b1|rpc:10.1.0.49:37381|priority:1], old=null
2022-10-18 21:55:41,871 [grpc-default-executor-2] INFO  server.RaftServer$Division (RaftServerImpl.java:requestVote(1152)) - 324f6683-2ade-44b3-b06c-4a533e69f3ae@group-288BE5F8F4CA: receive requestVote(ELECTION, 4be08eba-b757-4d49-ba99-26dafbb001b1, group-288BE5F8F4CA, 2, (t:0, i:0))
2022-10-18 21:55:41,872 [grpc-default-executor-2] INFO  impl.VoteContext (VoteContext.java:log(48)) - 324f6683-2ade-44b3-b06c-4a533e69f3ae@group-288BE5F8F4CA-FOLLOWER: accept ELECTION from 4be08eba-b757-4d49-ba99-26dafbb001b1: our priority 0 <= candidate's priority 1
2022-10-18 21:55:41,872 [grpc-default-executor-2] INFO  server.RaftServer$Division (RaftServerImpl.java:setRole(299)) - 324f6683-2ade-44b3-b06c-4a533e69f3ae@group-288BE5F8F4CA: changes role from  FOLLOWER to FOLLOWER at term 2 for candidate:4be08eba-b757-4d49-ba99-26dafbb001b1
2022-10-18 21:55:41,872 [grpc-default-executor-2] INFO  impl.RoleInfo (RoleInfo.java:shutdownFollowerState(110)) - 324f6683-2ade-44b3-b06c-4a533e69f3ae: shutdown 324f6683-2ade-44b3-b06c-4a533e69f3ae@group-288BE5F8F4CA-FollowerState
2022-10-18 21:55:41,873 [grpc-default-executor-2] INFO  impl.RoleInfo (RoleInfo.java:updateAndGet(139)) - 324f6683-2ade-44b3-b06c-4a533e69f3ae: start 324f6683-2ade-44b3-b06c-4a533e69f3ae@group-288BE5F8F4CA-FollowerState
2022-10-18 21:55:41,873 [grpc-default-executor-0] INFO  server.RaftServer$Division (RaftServerImpl.java:requestVote(1152)) - b0a080c7-90ba-4b33-9ef1-5c8d9af7a4e3@group-288BE5F8F4CA: receive requestVote(ELECTION, 4be08eba-b757-4d49-ba99-26dafbb001b1, group-288BE5F8F4CA, 2, (t:0, i:0))
2022-10-18 21:55:41,873 [grpc-default-executor-0] INFO  impl.VoteContext (VoteContext.java:log(48)) - b0a080c7-90ba-4b33-9ef1-5c8d9af7a4e3@group-288BE5F8F4CA-FOLLOWER: accept ELECTION from 4be08eba-b757-4d49-ba99-26dafbb001b1: our priority 0 <= candidate's priority 1
2022-10-18 21:55:41,873 [grpc-default-executor-0] INFO  server.RaftServer$Division (RaftServerImpl.java:setRole(299)) - b0a080c7-90ba-4b33-9ef1-5c8d9af7a4e3@group-288BE5F8F4CA: changes role from  FOLLOWER to FOLLOWER at term 2 for candidate:4be08eba-b757-4d49-ba99-26dafbb001b1
2022-10-18 21:55:41,873 [grpc-default-executor-0] INFO  impl.RoleInfo (RoleInfo.java:shutdownFollowerState(110)) - b0a080c7-90ba-4b33-9ef1-5c8d9af7a4e3: shutdown b0a080c7-90ba-4b33-9ef1-5c8d9af7a4e3@group-288BE5F8F4CA-FollowerState
2022-10-18 21:55:41,874 [grpc-default-executor-0] INFO  impl.RoleInfo (RoleInfo.java:updateAndGet(139)) - b0a080c7-90ba-4b33-9ef1-5c8d9af7a4e3: start b0a080c7-90ba-4b33-9ef1-5c8d9af7a4e3@group-288BE5F8F4CA-FollowerState
2022-10-18 21:55:41,874 [b0a080c7-90ba-4b33-9ef1-5c8d9af7a4e3@group-288BE5F8F4CA-FollowerState] INFO  impl.FollowerState (FollowerState.java:run(152)) - b0a080c7-90ba-4b33-9ef1-5c8d9af7a4e3@group-288BE5F8F4CA-FollowerState was interrupted
2022-10-18 21:55:41,874 [324f6683-2ade-44b3-b06c-4a533e69f3ae@group-288BE5F8F4CA-FollowerState] INFO  impl.FollowerState (FollowerState.java:run(152)) - 324f6683-2ade-44b3-b06c-4a533e69f3ae@group-288BE5F8F4CA-FollowerState was interrupted
2022-10-18 21:55:41,874 [grpc-default-executor-2] INFO  server.RaftServer$Division (RaftServerImpl.java:requestVote(1184)) - 324f6683-2ade-44b3-b06c-4a533e69f3ae@group-288BE5F8F4CA replies to ELECTION vote request: 4be08eba-b757-4d49-ba99-26dafbb001b1<-324f6683-2ade-44b3-b06c-4a533e69f3ae#0:OK-t2. Peer's state: 324f6683-2ade-44b3-b06c-4a533e69f3ae@group-288BE5F8F4CA:t2, leader=null, voted=4be08eba-b757-4d49-ba99-26dafbb001b1, raftlog=324f6683-2ade-44b3-b06c-4a533e69f3ae@group-288BE5F8F4CA-SegmentedRaftLog:OPENED:c-1, conf=-1: [324f6683-2ade-44b3-b06c-4a533e69f3ae|rpc:10.1.0.49:36541|dataStream:|priority:0, b0a080c7-90ba-4b33-9ef1-5c8d9af7a4e3|rpc:10.1.0.49:35533|dataStream:|priority:0, 4be08eba-b757-4d49-ba99-26dafbb001b1|rpc:10.1.0.49:37381|dataStream:|priority:1], old=null
2022-10-18 21:55:41,875 [grpc-default-executor-0] INFO  server.RaftServer$Division (RaftServerImpl.java:requestVote(1184)) - b0a080c7-90ba-4b33-9ef1-5c8d9af7a4e3@group-288BE5F8F4CA replies to ELECTION vote request: 4be08eba-b757-4d49-ba99-26dafbb001b1<-b0a080c7-90ba-4b33-9ef1-5c8d9af7a4e3#0:OK-t2. Peer's state: b0a080c7-90ba-4b33-9ef1-5c8d9af7a4e3@group-288BE5F8F4CA:t2, leader=null, voted=4be08eba-b757-4d49-ba99-26dafbb001b1, raftlog=b0a080c7-90ba-4b33-9ef1-5c8d9af7a4e3@group-288BE5F8F4CA-SegmentedRaftLog:OPENED:c-1, conf=-1: [324f6683-2ade-44b3-b06c-4a533e69f3ae|rpc:10.1.0.49:36541|dataStream:|priority:0, b0a080c7-90ba-4b33-9ef1-5c8d9af7a4e3|rpc:10.1.0.49:35533|dataStream:|priority:0, 4be08eba-b757-4d49-ba99-26dafbb001b1|rpc:10.1.0.49:37381|dataStream:|priority:1], old=null
2022-10-18 21:55:41,876 [4be08eba-b757-4d49-ba99-26dafbb001b1@group-288BE5F8F4CA-LeaderElection8] INFO  impl.LeaderElection (LeaderElection.java:logAndReturn(90)) - 4be08eba-b757-4d49-ba99-26dafbb001b1@group-288BE5F8F4CA-LeaderElection8: ELECTION PASSED received 1 response(s) and 0 exception(s):
2022-10-18 21:55:41,876 [4be08eba-b757-4d49-ba99-26dafbb001b1@group-288BE5F8F4CA-LeaderElection8] INFO  impl.LeaderElection (LeaderElection.java:logAndReturn(94)) -   Response 0: 4be08eba-b757-4d49-ba99-26dafbb001b1<-324f6683-2ade-44b3-b06c-4a533e69f3ae#0:OK-t2
2022-10-18 21:55:41,876 [4be08eba-b757-4d49-ba99-26dafbb001b1@group-288BE5F8F4CA-LeaderElection8] INFO  impl.LeaderElection (LeaderElection.java:askForVotes(312)) - 4be08eba-b757-4d49-ba99-26dafbb001b1@group-288BE5F8F4CA-LeaderElection8 ELECTION round 0: result PASSED
2022-10-18 21:55:41,876 [4be08eba-b757-4d49-ba99-26dafbb001b1@group-288BE5F8F4CA-LeaderElection8] INFO  impl.RoleInfo (RoleInfo.java:shutdownLeaderElection(130)) - 4be08eba-b757-4d49-ba99-26dafbb001b1: shutdown 4be08eba-b757-4d49-ba99-26dafbb001b1@group-288BE5F8F4CA-LeaderElection8
2022-10-18 21:55:41,877 [4be08eba-b757-4d49-ba99-26dafbb001b1@group-288BE5F8F4CA-LeaderElection8] INFO  server.RaftServer$Division (RaftServerImpl.java:setRole(299)) - 4be08eba-b757-4d49-ba99-26dafbb001b1@group-288BE5F8F4CA: changes role from CANDIDATE to LEADER at term 2 for changeToLeader
2022-10-18 21:55:41,878 [4be08eba-b757-4d49-ba99-26dafbb001b1@group-288BE5F8F4CA-LeaderElection8] INFO  ratis.XceiverServerRatis (XceiverServerRatis.java:handleLeaderChangedNotification(863)) - Leader change notification received for group: group-288BE5F8F4CA with new leaderId: 4be08eba-b757-4d49-ba99-26dafbb001b1
2022-10-18 21:55:41,878 [4be08eba-b757-4d49-ba99-26dafbb001b1@group-288BE5F8F4CA-LeaderElection8] INFO  server.RaftServer$Division (ServerState.java:setLeader(287)) - 4be08eba-b757-4d49-ba99-26dafbb001b1@group-288BE5F8F4CA: change Leader from null to 4be08eba-b757-4d49-ba99-26dafbb001b1 at term 2 for becomeLeader, leader elected after 10216ms
2022-10-18 21:55:41,878 [4be08eba-b757-4d49-ba99-26dafbb001b1@group-288BE5F8F4CA-LeaderElection8] INFO  server.RaftServerConfigKeys (ConfUtils.java:logGet(46)) - raft.server.staging.catchup.gap = 1000 (default)
2022-10-18 21:55:41,878 [4be08eba-b757-4d49-ba99-26dafbb001b1@group-288BE5F8F4CA-LeaderElection8] INFO  server.RaftServerConfigKeys (ConfUtils.java:logGet(46)) - raft.server.write.element-limit = 1024 (custom)
2022-10-18 21:55:41,878 [4be08eba-b757-4d49-ba99-26dafbb001b1@group-288BE5F8F4CA-LeaderElection8] INFO  server.RaftServerConfigKeys (ConfUtils.java:logGet(46)) - raft.server.write.byte-limit = 1024 M (=1073741824) (custom)
2022-10-18 21:55:41,878 [4be08eba-b757-4d49-ba99-26dafbb001b1@group-288BE5F8F4CA-LeaderElection8] INFO  server.RaftServerConfigKeys (ConfUtils.java:logGet(46)) - raft.server.watch.timeout = 180s (custom)
2022-10-18 21:55:41,878 [4be08eba-b757-4d49-ba99-26dafbb001b1@group-288BE5F8F4CA-LeaderElection8] INFO  server.RaftServerConfigKeys (ConfUtils.java:logGet(46)) - raft.server.watch.timeout.denomination = 1s (default)
2022-10-18 21:55:41,878 [4be08eba-b757-4d49-ba99-26dafbb001b1@group-288BE5F8F4CA-LeaderElection8] INFO  server.RaftServerConfigKeys (ConfUtils.java:logGet(46)) - raft.server.watch.element-limit = 65536 (default)
2022-10-18 21:55:41,879 [4be08eba-b757-4d49-ba99-26dafbb001b1@group-288BE5F8F4CA-LeaderElection8] INFO  server.RaftServerConfigKeys (ConfUtils.java:logGet(46)) - raft.server.write.element-limit = 1024 (custom)
2022-10-18 21:55:41,879 [4be08eba-b757-4d49-ba99-26dafbb001b1@group-288BE5F8F4CA-LeaderElection8] INFO  server.RaftServerConfigKeys (ConfUtils.java:logGet(46)) - raft.server.write.follower.gap.ratio.max = -1.0 (default)
2022-10-18 21:55:41,879 [4be08eba-b757-4d49-ba99-26dafbb001b1@group-288BE5F8F4CA-LeaderElection8] INFO  server.RaftServerConfigKeys (ConfUtils.java:logGet(46)) - raft.server.log.appender.snapshot.chunk.size.max = 16MB (=16777216) (default)
2022-10-18 21:55:41,879 [4be08eba-b757-4d49-ba99-26dafbb001b1@group-288BE5F8F4CA-LeaderElection8] INFO  server.RaftServerConfigKeys (ConfUtils.java:logGet(46)) - raft.server.log.appender.buffer.byte-limit = 33554432 (custom)
2022-10-18 21:55:41,879 [4be08eba-b757-4d49-ba99-26dafbb001b1@group-288BE5F8F4CA-LeaderElection8] INFO  server.RaftServerConfigKeys (ConfUtils.java:logGet(46)) - raft.server.log.appender.buffer.element-limit = 1 (custom)
2022-10-18 21:55:41,879 [EventQueue-PipelineReportForPipelineReportHandler] INFO  pipeline.PipelineManagerImpl (PipelineManagerImpl.java:openPipeline(367)) - Pipeline Pipeline[ Id: 45a49219-9693-4247-8e68-288be5f8f4ca, Nodes: 324f6683-2ade-44b3-b06c-4a533e69f3ae{ip: 10.1.0.49, host: fv-az368-376.2eqeunsjyj5ebgwla1snbw5zah.gx.internal.cloudapp.net, ports: [REPLICATION=44987, RATIS=36541, RATIS_ADMIN=36541, RATIS_SERVER=36541, STANDALONE=40349], networkLocation: /default-rack, certSerialId: null, persistedOpState: IN_SERVICE, persistedOpStateExpiryEpochSec: 0}b0a080c7-90ba-4b33-9ef1-5c8d9af7a4e3{ip: 10.1.0.49, host: fv-az368-376.2eqeunsjyj5ebgwla1snbw5zah.gx.internal.cloudapp.net, ports: [REPLICATION=46661, RATIS=35533, RATIS_ADMIN=35533, RATIS_SERVER=35533, STANDALONE=35623], networkLocation: /default-rack, certSerialId: null, persistedOpState: IN_SERVICE, persistedOpStateExpiryEpochSec: 0}4be08eba-b757-4d49-ba99-26dafbb001b1{ip: 10.1.0.49, host: fv-az368-376.2eqeunsjyj5ebgwla1snbw5zah.gx.internal.cloudapp.net, ports: [REPLICATION=40197, RATIS=37381, RATIS_ADMIN=37381, RATIS_SERVER=37381, STANDALONE=36389], networkLocation: /default-rack, certSerialId: null, persistedOpState: IN_SERVICE, persistedOpStateExpiryEpochSec: 0}, ReplicationConfig: RATIS/THREE, State:ALLOCATED, leaderId:4be08eba-b757-4d49-ba99-26dafbb001b1, CreationTimestamp2022-10-18T21:55:28.979Z[Etc/UTC]] moved to OPEN state
2022-10-18 21:55:41,879 [4be08eba-b757-4d49-ba99-26dafbb001b1@group-288BE5F8F4CA-LeaderElection8] INFO  grpc.GrpcConfigKeys (ConfUtils.java:logGet(46)) - raft.grpc.server.leader.outstanding.appends.max = 128 (default)
2022-10-18 21:55:41,880 [4be08eba-b757-4d49-ba99-26dafbb001b1@group-288BE5F8F4CA-LeaderElection8] INFO  server.RaftServerConfigKeys (ConfUtils.java:logGet(46)) - raft.server.rpc.request.timeout = 60s (custom)
2022-10-18 21:55:41,880 [4be08eba-b757-4d49-ba99-26dafbb001b1@group-288BE5F8F4CA-LeaderElection8] INFO  server.RaftServerConfigKeys (ConfUtils.java:logGet(46)) - raft.server.log.appender.install.snapshot.enabled = false (custom)
2022-10-18 21:55:41,880 [4be08eba-b757-4d49-ba99-26dafbb001b1@group-288BE5F8F4CA-LeaderElection8] INFO  server.RaftServerConfigKeys (ConfUtils.java:logGet(46)) - raft.server.log.appender.snapshot.chunk.size.max = 16MB (=16777216) (default)
2022-10-18 21:55:41,880 [4be08eba-b757-4d49-ba99-26dafbb001b1@group-288BE5F8F4CA-LeaderElection8] INFO  server.RaftServerConfigKeys (ConfUtils.java:logGet(46)) - raft.server.log.appender.buffer.byte-limit = 33554432 (custom)
2022-10-18 21:55:41,880 [4be08eba-b757-4d49-ba99-26dafbb001b1@group-288BE5F8F4CA-LeaderElection8] INFO  server.RaftServerConfigKeys (ConfUtils.java:logGet(46)) - raft.server.log.appender.buffer.element-limit = 1 (custom)
2022-10-18 21:55:41,880 [4be08eba-b757-4d49-ba99-26dafbb001b1@group-288BE5F8F4CA-LeaderElection8] INFO  grpc.GrpcConfigKeys (ConfUtils.java:logGet(46)) - raft.grpc.server.leader.outstanding.appends.max = 128 (default)
2022-10-18 21:55:41,880 [4be08eba-b757-4d49-ba99-26dafbb001b1@group-288BE5F8F4CA-LeaderElection8] INFO  server.RaftServerConfigKeys (ConfUtils.java:logGet(46)) - raft.server.rpc.request.timeout = 60s (custom)
2022-10-18 21:55:41,881 [4be08eba-b757-4d49-ba99-26dafbb001b1@group-288BE5F8F4CA-LeaderElection8] INFO  server.RaftServerConfigKeys (ConfUtils.java:logGet(46)) - raft.server.log.appender.install.snapshot.enabled = false (custom)
2022-10-18 21:55:41,881 [4be08eba-b757-4d49-ba99-26dafbb001b1@group-288BE5F8F4CA-LeaderElection8] INFO  impl.RoleInfo (RoleInfo.java:updateAndGet(139)) - 4be08eba-b757-4d49-ba99-26dafbb001b1: start 4be08eba-b757-4d49-ba99-26dafbb001b1@group-288BE5F8F4CA-LeaderStateImpl
2022-10-18 21:55:41,881 [4be08eba-b757-4d49-ba99-26dafbb001b1@group-288BE5F8F4CA-LeaderElection8] INFO  segmented.SegmentedRaftLogWorker (SegmentedRaftLogWorker.java:startLogSegment(425)) - 4be08eba-b757-4d49-ba99-26dafbb001b1@group-288BE5F8F4CA-SegmentedRaftLogWorker: Starting segment from index:0
2022-10-18 21:55:41,882 [4be08eba-b757-4d49-ba99-26dafbb001b1@group-288BE5F8F4CA-SegmentedRaftLogWorker] INFO  segmented.SegmentedRaftLogWorker (SegmentedRaftLogWorker.java:execute(629)) - 4be08eba-b757-4d49-ba99-26dafbb001b1@group-288BE5F8F4CA-SegmentedRaftLogWorker: created new log segment /home/runner/work/ozone/ozone/hadoop-ozone/integration-test/target/test-dir/MiniOzoneClusterImpl-285291dc-83a3-4c49-94f6-5e759e1760ea/datanode-0/data/ratis/45a49219-9693-4247-8e68-288be5f8f4ca/current/log_inprogress_0
2022-10-18 21:55:41,882 [4be08eba-b757-4d49-ba99-26dafbb001b1@group-288BE5F8F4CA-LeaderElection8] INFO  server.RaftServer$Division (ServerState.java:setRaftConf(393)) - 4be08eba-b757-4d49-ba99-26dafbb001b1@group-288BE5F8F4CA: set configuration 0: [324f6683-2ade-44b3-b06c-4a533e69f3ae|rpc:10.1.0.49:36541|dataStream:|priority:0, b0a080c7-90ba-4b33-9ef1-5c8d9af7a4e3|rpc:10.1.0.49:35533|dataStream:|priority:0, 4be08eba-b757-4d49-ba99-26dafbb001b1|rpc:10.1.0.49:37381|dataStream:|priority:1], old=null
2022-10-18 21:55:41,885 [b0a080c7-90ba-4b33-9ef1-5c8d9af7a4e3-server-thread1] INFO  ratis.XceiverServerRatis (XceiverServerRatis.java:handleLeaderChangedNotification(863)) - Leader change notification received for group: group-288BE5F8F4CA with new leaderId: 4be08eba-b757-4d49-ba99-26dafbb001b1
2022-10-18 21:55:41,885 [b0a080c7-90ba-4b33-9ef1-5c8d9af7a4e3-server-thread1] INFO  server.RaftServer$Division (ServerState.java:setLeader(287)) - b0a080c7-90ba-4b33-9ef1-5c8d9af7a4e3@group-288BE5F8F4CA: change Leader from null to 4be08eba-b757-4d49-ba99-26dafbb001b1 at term 2 for appendEntries, leader elected after 10187ms
2022-10-18 21:55:41,889 [b0a080c7-90ba-4b33-9ef1-5c8d9af7a4e3-server-thread1] INFO  server.RaftServer$Division (ServerState.java:setRaftConf(393)) - b0a080c7-90ba-4b33-9ef1-5c8d9af7a4e3@group-288BE5F8F4CA: set configuration 0: [324f6683-2ade-44b3-b06c-4a533e69f3ae|rpc:10.1.0.49:36541|dataStream:|priority:0, b0a080c7-90ba-4b33-9ef1-5c8d9af7a4e3|rpc:10.1.0.49:35533|dataStream:|priority:0, 4be08eba-b757-4d49-ba99-26dafbb001b1|rpc:10.1.0.49:37381|dataStream:|priority:1], old=null
2022-10-18 21:55:41,894 [b0a080c7-90ba-4b33-9ef1-5c8d9af7a4e3-server-thread1] INFO  segmented.SegmentedRaftLogWorker (SegmentedRaftLogWorker.java:startLogSegment(425)) - b0a080c7-90ba-4b33-9ef1-5c8d9af7a4e3@group-288BE5F8F4CA-SegmentedRaftLogWorker: Starting segment from index:0
2022-10-18 21:55:41,896 [b0a080c7-90ba-4b33-9ef1-5c8d9af7a4e3@group-288BE5F8F4CA-SegmentedRaftLogWorker] INFO  segmented.SegmentedRaftLogWorker (SegmentedRaftLogWorker.java:execute(629)) - b0a080c7-90ba-4b33-9ef1-5c8d9af7a4e3@group-288BE5F8F4CA-SegmentedRaftLogWorker: created new log segment /home/runner/work/ozone/ozone/hadoop-ozone/integration-test/target/test-dir/MiniOzoneClusterImpl-285291dc-83a3-4c49-94f6-5e759e1760ea/datanode-1/data/ratis/45a49219-9693-4247-8e68-288be5f8f4ca/current/log_inprogress_0
2022-10-18 21:55:41,896 [324f6683-2ade-44b3-b06c-4a533e69f3ae-server-thread1] INFO  ratis.XceiverServerRatis (XceiverServerRatis.java:handleLeaderChangedNotification(863)) - Leader change notification received for group: group-288BE5F8F4CA with new leaderId: 4be08eba-b757-4d49-ba99-26dafbb001b1
2022-10-18 21:55:41,896 [324f6683-2ade-44b3-b06c-4a533e69f3ae-server-thread1] INFO  server.RaftServer$Division (ServerState.java:setLeader(287)) - 324f6683-2ade-44b3-b06c-4a533e69f3ae@group-288BE5F8F4CA: change Leader from null to 4be08eba-b757-4d49-ba99-26dafbb001b1 at term 2 for appendEntries, leader elected after 10217ms
2022-10-18 21:55:41,898 [324f6683-2ade-44b3-b06c-4a533e69f3ae-server-thread2] INFO  server.RaftServer$Division (ServerState.java:setRaftConf(393)) - 324f6683-2ade-44b3-b06c-4a533e69f3ae@group-288BE5F8F4CA: set configuration 0: [324f6683-2ade-44b3-b06c-4a533e69f3ae|rpc:10.1.0.49:36541|dataStream:|priority:0, b0a080c7-90ba-4b33-9ef1-5c8d9af7a4e3|rpc:10.1.0.49:35533|dataStream:|priority:0, 4be08eba-b757-4d49-ba99-26dafbb001b1|rpc:10.1.0.49:37381|dataStream:|priority:1], old=null
2022-10-18 21:55:41,898 [324f6683-2ade-44b3-b06c-4a533e69f3ae-server-thread2] INFO  segmented.SegmentedRaftLogWorker (SegmentedRaftLogWorker.java:startLogSegment(425)) - 324f6683-2ade-44b3-b06c-4a533e69f3ae@group-288BE5F8F4CA-SegmentedRaftLogWorker: Starting segment from index:0
2022-10-18 21:55:41,899 [324f6683-2ade-44b3-b06c-4a533e69f3ae@group-288BE5F8F4CA-SegmentedRaftLogWorker] INFO  segmented.SegmentedRaftLogWorker (SegmentedRaftLogWorker.java:execute(629)) - 324f6683-2ade-44b3-b06c-4a533e69f3ae@group-288BE5F8F4CA-SegmentedRaftLogWorker: created new log segment /home/runner/work/ozone/ozone/hadoop-ozone/integration-test/target/test-dir/MiniOzoneClusterImpl-285291dc-83a3-4c49-94f6-5e759e1760ea/datanode-2/data/ratis/45a49219-9693-4247-8e68-288be5f8f4ca/current/log_inprogress_0
2022-10-18 21:55:41,982 [Listener at 127.0.0.1/43229] INFO  ozone.MiniOzoneClusterImpl (MiniOzoneClusterImpl.java:lambda$waitForClusterToBeReady$0(216)) - Nodes are ready. Got 3 of 3 DN Heartbeats.
2022-10-18 21:55:41,982 [Listener at 127.0.0.1/43229] INFO  ozone.MiniOzoneClusterImpl (MiniOzoneClusterImpl.java:lambda$waitForClusterToBeReady$0(219)) - Cluster exits safe mode
2022-10-18 21:55:41,982 [Listener at 127.0.0.1/43229] INFO  ozone.MiniOzoneClusterImpl (MiniOzoneClusterImpl.java:lambda$waitForClusterToBeReady$0(221)) - SCM became leader
2022-10-18 21:55:42,339 [Listener at 127.0.0.1/43229] INFO  rpc.RpcClient (RpcClient.java:createVolume(471)) - Creating Volume: volume11425, with user31144 as owner and space quota set to -1 bytes, counts quota set to -1
2022-10-18 21:55:42,382 [OM StateMachine ApplyTransaction Thread - 0] INFO  volume.OMVolumeCreateRequest (OMVolumeCreateRequest.java:validateAndUpdateCache(195)) - created volume:volume11425 for user:user31144
2022-10-18 21:55:42,382 [OM StateMachine ApplyTransaction Thread - 0] INFO  volume.OMVolumeCreateRequest (OMVolumeCreateRequest.java:validateAndUpdateCache(195)) - created volume:volume11425 for user:user31144
2022-10-18 21:55:42,383 [OM StateMachine ApplyTransaction Thread - 0] INFO  volume.OMVolumeCreateRequest (OMVolumeCreateRequest.java:validateAndUpdateCache(195)) - created volume:volume11425 for user:user31144
2022-10-18 21:55:42,404 [Listener at 127.0.0.1/43229] INFO  rpc.RpcClient (RpcClient.java:createBucket(674)) - Creating Bucket: volume11425/d4f7bcab-6d8b-4cf3-be8b-cbeef50ca821, with server-side default bucket layout, runner as owner, Versioning false, Storage Type set to DISK and Encryption set to false 
2022-10-18 21:55:42,421 [OM StateMachine ApplyTransaction Thread - 0] INFO  bucket.OMBucketCreateRequest (OMBucketCreateRequest.java:validateAndUpdateCache(260)) - created bucket: d4f7bcab-6d8b-4cf3-be8b-cbeef50ca821 of layout LEGACY in volume: volume11425
2022-10-18 21:55:42,421 [OM StateMachine ApplyTransaction Thread - 0] INFO  bucket.OMBucketCreateRequest (OMBucketCreateRequest.java:validateAndUpdateCache(260)) - created bucket: d4f7bcab-6d8b-4cf3-be8b-cbeef50ca821 of layout LEGACY in volume: volume11425
2022-10-18 21:55:42,421 [OM StateMachine ApplyTransaction Thread - 0] INFO  bucket.OMBucketCreateRequest (OMBucketCreateRequest.java:validateAndUpdateCache(260)) - created bucket: d4f7bcab-6d8b-4cf3-be8b-cbeef50ca821 of layout LEGACY in volume: volume11425
2022-10-18 21:55:42,518 [IPC Server handler 0 on default port 33361] INFO  ha.SequenceIdGenerator (SequenceIdGenerator.java:getNextId(128)) - Allocate a batch for containerId, change lastId from 0 to 1000.
2022-10-18 21:55:42,527 [IPC Server handler 0 on default port 33361] WARN  ha.SequenceIdGenerator (SequenceIdGenerator.java:allocateBatch(237)) - Failed to allocate a batch for localId, expected lastId is 0, actual lastId is 109611004723200000.
2022-10-18 21:55:42,527 [IPC Server handler 0 on default port 33361] INFO  ha.SequenceIdGenerator (SequenceIdGenerator.java:getNextId(128)) - Allocate a batch for localId, change lastId from 109611004723200000 to 109611004723201000.
2022-10-18 21:55:42,571 [Listener at 127.0.0.1/43229] INFO  impl.MetricsSystemImpl (MetricsSystemImpl.java:init(158)) - XceiverClientMetrics metrics system started (again)
2022-10-18 21:55:42,945 [Listener at 127.0.0.1/43229] INFO  rpc.RpcClient (RpcClient.java:createVolume(471)) - Creating Volume: volume74461, with user26457 as owner and space quota set to -1 bytes, counts quota set to -1
2022-10-18 21:55:42,949 [OM StateMachine ApplyTransaction Thread - 0] INFO  volume.OMVolumeCreateRequest (OMVolumeCreateRequest.java:validateAndUpdateCache(195)) - created volume:volume74461 for user:user26457
2022-10-18 21:55:42,950 [OM StateMachine ApplyTransaction Thread - 0] INFO  volume.OMVolumeCreateRequest (OMVolumeCreateRequest.java:validateAndUpdateCache(195)) - created volume:volume74461 for user:user26457
2022-10-18 21:55:42,951 [Listener at 127.0.0.1/43229] INFO  rpc.RpcClient (RpcClient.java:createBucket(674)) - Creating Bucket: volume74461/468f1d8a-695b-49de-a00f-15d26d569756, with server-side default bucket layout, runner as owner, Versioning false, Storage Type set to DISK and Encryption set to false 
2022-10-18 21:55:42,952 [OM StateMachine ApplyTransaction Thread - 0] INFO  volume.OMVolumeCreateRequest (OMVolumeCreateRequest.java:validateAndUpdateCache(195)) - created volume:volume74461 for user:user26457
2022-10-18 21:55:42,956 [OM StateMachine ApplyTransaction Thread - 0] INFO  bucket.OMBucketCreateRequest (OMBucketCreateRequest.java:validateAndUpdateCache(260)) - created bucket: 468f1d8a-695b-49de-a00f-15d26d569756 of layout LEGACY in volume: volume74461
2022-10-18 21:55:42,958 [OM StateMachine ApplyTransaction Thread - 0] INFO  bucket.OMBucketCreateRequest (OMBucketCreateRequest.java:validateAndUpdateCache(260)) - created bucket: 468f1d8a-695b-49de-a00f-15d26d569756 of layout LEGACY in volume: volume74461
2022-10-18 21:55:42,962 [OM StateMachine ApplyTransaction Thread - 0] INFO  bucket.OMBucketCreateRequest (OMBucketCreateRequest.java:validateAndUpdateCache(260)) - created bucket: 468f1d8a-695b-49de-a00f-15d26d569756 of layout LEGACY in volume: volume74461
2022-10-18 21:55:42,967 [Listener at 127.0.0.1/43229] INFO  om.OzoneManager (OzoneManager.java:stop(2034)) - omNode-1[localhost:39907]: Stopping Ozone Manager
2022-10-18 21:55:42,968 [Listener at 127.0.0.1/43229] INFO  ipc.Server (Server.java:stop(3428)) - Stopping server on 39907
2022-10-18 21:55:42,971 [IPC Server listener on 39907] INFO  ipc.Server (Server.java:run(1384)) - Stopping IPC Server listener on 39907
2022-10-18 21:55:42,973 [IPC Server Responder] INFO  ipc.Server (Server.java:run(1517)) - Stopping IPC Server Responder
2022-10-18 21:55:42,974 [Listener at 127.0.0.1/43229] INFO  server.RaftServer (RaftServerProxy.java:lambda$close$7(398)) - omNode-1: close
2022-10-18 21:55:42,974 [Listener at 127.0.0.1/43229] INFO  server.RaftServer$Division (RaftServerImpl.java:lambda$close$4(434)) - omNode-1@group-523986131536: shutdown
2022-10-18 21:55:42,974 [Listener at 127.0.0.1/43229] INFO  util.JmxRegister (JmxRegister.java:unregister(73)) - Successfully un-registered JMX Bean with object name Ratis:service=RaftServer,group=group-523986131536,id=omNode-1
2022-10-18 21:55:42,975 [Listener at 127.0.0.1/43229] INFO  impl.RoleInfo (RoleInfo.java:shutdownLeaderState(93)) - omNode-1: shutdown omNode-1@group-523986131536-LeaderStateImpl
2022-10-18 21:55:42,975 [omNode-1@group-523986131536->omNode-2-GrpcLogAppender-LogAppenderDaemon] WARN  server.GrpcLogAppender (GrpcLogAppender.java:mayWait(171)) - omNode-1@group-523986131536->omNode-2-GrpcLogAppender: Wait interrupted by java.lang.InterruptedException
2022-10-18 21:55:42,975 [omNode-1@group-523986131536->omNode-3-GrpcLogAppender-LogAppenderDaemon] WARN  server.GrpcLogAppender (GrpcLogAppender.java:mayWait(171)) - omNode-1@group-523986131536->omNode-3-GrpcLogAppender: Wait interrupted by java.lang.InterruptedException
2022-10-18 21:55:42,975 [Listener at 127.0.0.1/43229] INFO  impl.PendingRequests (PendingRequests.java:sendNotLeaderResponses(282)) - omNode-1@group-523986131536-PendingRequests: sendNotLeaderResponses
2022-10-18 21:55:42,977 [omNode-1@group-523986131536-StateMachineUpdater] INFO  ratis.OzoneManagerStateMachine (OzoneManagerStateMachine.java:takeSnapshot(441)) - Current Snapshot Index (t:1, i:20)
2022-10-18 21:55:42,977 [grpc-default-executor-1] INFO  server.GrpcServerProtocolService (GrpcServerProtocolService.java:onCompleted(140)) - omNode-2: Completed APPEND_ENTRIES, lastRequest: omNode-1->omNode-2#172-t1,previous=(t:1, i:19),leaderCommit=19,initializing? true,entries: size=1, first=(t:1, i:20), METADATAENTRY(c:19)
2022-10-18 21:55:42,978 [Listener at 127.0.0.1/43229] INFO  impl.StateMachineUpdater (StateMachineUpdater.java:stopAndJoin(153)) - omNode-1@group-523986131536-StateMachineUpdater: set stopIndex = 20
2022-10-18 21:55:42,977 [grpc-default-executor-0] INFO  server.GrpcServerProtocolService (GrpcServerProtocolService.java:onCompleted(140)) - omNode-3: Completed APPEND_ENTRIES, lastRequest: omNode-1->omNode-3#179-t1,previous=(t:1, i:19),leaderCommit=19,initializing? true,entries: size=1, first=(t:1, i:20), METADATAENTRY(c:19)
2022-10-18 21:55:42,978 [grpc-default-executor-0] INFO  server.GrpcLogAppender (GrpcLogAppender.java:onCompleted(339)) - omNode-1@group-523986131536->omNode-2-AppendLogResponseHandler: follower responses appendEntries COMPLETED
2022-10-18 21:55:42,981 [grpc-default-executor-2] INFO  server.GrpcLogAppender (GrpcLogAppender.java:onCompleted(339)) - omNode-1@group-523986131536->omNode-3-AppendLogResponseHandler: follower responses appendEntries COMPLETED
2022-10-18 21:55:42,979 [omNode-1@group-523986131536-StateMachineUpdater] INFO  impl.StateMachineUpdater (StateMachineUpdater.java:takeSnapshot(287)) - omNode-1@group-523986131536-StateMachineUpdater: Took a snapshot at index 20
2022-10-18 21:55:42,981 [omNode-1@group-523986131536-StateMachineUpdater] INFO  impl.StateMachineUpdater (StateMachineUpdater.java:lambda$new$0(92)) - omNode-1@group-523986131536-StateMachineUpdater: snapshotIndex: updateIncreasingly -1 -> 20
2022-10-18 21:55:42,981 [omNode-1@group-523986131536-StateMachineUpdater] INFO  ratis.OzoneManagerStateMachine (OzoneManagerStateMachine.java:close(495)) - StateMachine has shutdown. Shutdown OzoneManager if not already shutdown.
2022-10-18 21:55:42,981 [omNode-1@group-523986131536-StateMachineUpdater] INFO  ratis.OzoneManagerDoubleBuffer (OzoneManagerDoubleBuffer.java:stop(466)) - Stopping OMDoubleBuffer flush thread
2022-10-18 21:55:42,981 [OMDoubleBufferFlushThread] INFO  ratis.OzoneManagerDoubleBuffer (OzoneManagerDoubleBuffer.java:flushTransactions(385)) - OMDoubleBuffer flush thread OMDoubleBufferFlushThread is interrupted and will exit.
2022-10-18 21:55:42,982 [Listener at 127.0.0.1/43229] INFO  server.RaftServer$Division (ServerState.java:close(429)) - omNode-1@group-523986131536: closes. applyIndex: 20
2022-10-18 21:55:42,982 [omNode-1@group-523986131536-SegmentedRaftLogWorker] INFO  segmented.SegmentedRaftLogWorker (SegmentedRaftLogWorker.java:run(336)) - omNode-1@group-523986131536-SegmentedRaftLogWorker was interrupted, exiting. There are 0 tasks remaining in the queue.
2022-10-18 21:55:42,983 [grpc-default-executor-0] INFO  leader.FollowerInfo (FollowerInfoImpl.java:lambda$new$0(48)) - omNode-1@group-523986131536->omNode-2: nextIndex: updateUnconditionally 21 -> 20
2022-10-18 21:55:42,983 [grpc-default-executor-2] INFO  leader.FollowerInfo (FollowerInfoImpl.java:lambda$new$0(48)) - omNode-1@group-523986131536->omNode-3: nextIndex: updateUnconditionally 21 -> 20
2022-10-18 21:55:42,985 [Listener at 127.0.0.1/43229] INFO  segmented.SegmentedRaftLogWorker (SegmentedRaftLogWorker.java:close(246)) - omNode-1@group-523986131536-SegmentedRaftLogWorker close()
2022-10-18 21:55:42,987 [Listener at 127.0.0.1/43229] INFO  server.GrpcService (GrpcService.java:closeImpl(269)) - omNode-1: shutdown server with port 35389 now
2022-10-18 21:55:42,993 [Listener at 127.0.0.1/43229] INFO  server.GrpcService (GrpcService.java:closeImpl(278)) - omNode-1: shutdown server with port 35389 successfully
2022-10-18 21:55:42,993 [org.apache.ratis.util.JvmPauseMonitor$$Lambda$703/854163851@64922e2f] INFO  util.JvmPauseMonitor (JvmPauseMonitor.java:run(109)) - JvmPauseMonitor-omNode-1: Stopped
2022-10-18 21:55:42,993 [Listener at 127.0.0.1/43229] INFO  ratis.OzoneManagerStateMachine (OzoneManagerStateMachine.java:close(495)) - StateMachine has shutdown. Shutdown OzoneManager if not already shutdown.
2022-10-18 21:55:42,993 [Listener at 127.0.0.1/43229] INFO  ratis.OzoneManagerDoubleBuffer (OzoneManagerDoubleBuffer.java:stop(478)) - OMDoubleBuffer flush thread is not running.
2022-10-18 21:55:42,994 [Listener at 127.0.0.1/43229] INFO  utils.BackgroundService (BackgroundService.java:shutdown(141)) - Shutting down service KeyDeletingService
2022-10-18 21:55:42,994 [Listener at 127.0.0.1/43229] INFO  utils.BackgroundService (BackgroundService.java:shutdown(141)) - Shutting down service DirectoryDeletingService
2022-10-18 21:55:42,994 [Listener at 127.0.0.1/43229] INFO  utils.BackgroundService (BackgroundService.java:shutdown(141)) - Shutting down service OpenKeyCleanupService
2022-10-18 21:55:42,995 [Listener at 127.0.0.1/43229] INFO  handler.ContextHandler (ContextHandler.java:doStop(1153)) - Stopped o.e.j.w.WebAppContext@32b72d9d{ozoneManager,/,null,STOPPED}{file:/home/runner/work/ozone/ozone/hadoop-ozone/integration-test/target/test-classes/webapps/ozoneManager}
2022-10-18 21:55:42,998 [Listener at 127.0.0.1/43229] INFO  server.AbstractConnector (AbstractConnector.java:doStop(381)) - Stopped ServerConnector@45ca07cf{HTTP/1.1, (http/1.1)}{0.0.0.0:34983}
2022-10-18 21:55:42,998 [Listener at 127.0.0.1/43229] INFO  server.session (HouseKeeper.java:stopScavenging(149)) - node0 Stopped scavenging
2022-10-18 21:55:42,998 [Listener at 127.0.0.1/43229] INFO  handler.ContextHandler (ContextHandler.java:doStop(1153)) - Stopped o.e.j.s.ServletContextHandler@4257255f{static,/static,file:///home/runner/work/ozone/ozone/hadoop-ozone/integration-test/target/test-classes/webapps/static,STOPPED}
2022-10-18 21:55:42,998 [Listener at 127.0.0.1/43229] INFO  handler.ContextHandler (ContextHandler.java:doStop(1153)) - Stopped o.e.j.s.ServletContextHandler@3bee3935{logs,/logs,file:///home/runner/work/ozone/ozone/hadoop-ozone/integration-test/target/log,STOPPED}
2022-10-18 21:55:44,215 [omNode-2@group-523986131536-FollowerState] INFO  impl.FollowerState (FollowerState.java:run(143)) - omNode-2@group-523986131536-FollowerState: change to CANDIDATE, lastRpcElapsedTime:1249546422ns, electionTimeout:1181ms
2022-10-18 21:55:44,215 [omNode-2@group-523986131536-FollowerState] INFO  impl.RoleInfo (RoleInfo.java:shutdownFollowerState(110)) - omNode-2: shutdown omNode-2@group-523986131536-FollowerState
2022-10-18 21:55:44,215 [omNode-2@group-523986131536-FollowerState] INFO  server.RaftServer$Division (RaftServerImpl.java:setRole(299)) - omNode-2@group-523986131536: changes role from  FOLLOWER to CANDIDATE at term 1 for changeToCandidate
2022-10-18 21:55:44,215 [omNode-2@group-523986131536-FollowerState] INFO  server.RaftServerConfigKeys (ConfUtils.java:logGet(46)) - raft.server.leaderelection.pre-vote = false (custom)
2022-10-18 21:55:44,215 [omNode-2@group-523986131536-FollowerState] INFO  impl.RoleInfo (RoleInfo.java:updateAndGet(139)) - omNode-2: start omNode-2@group-523986131536-LeaderElection9
2022-10-18 21:55:44,216 [omNode-2@group-523986131536-LeaderElection9] INFO  server.RaftServer$Division (ServerState.java:setLeader(287)) - omNode-2@group-523986131536: change Leader from omNode-1 to null at term 1 for ELECTION
2022-10-18 21:55:44,218 [omNode-2@group-523986131536-LeaderElection9] INFO  impl.LeaderElection (LeaderElection.java:askForVotes(310)) - omNode-2@group-523986131536-LeaderElection9 ELECTION round 0: submit vote requests at term 2 for 0: [omNode-3|rpc:localhost:38017|admin:|client:|dataStream:|priority:0, omNode-1|rpc:localhost:35389|admin:|client:|dataStream:|priority:0, omNode-2|rpc:localhost:45203|admin:|client:|dataStream:|priority:0], old=null
2022-10-18 21:55:44,225 [grpc-default-executor-0] INFO  server.RaftServer$Division (RaftServerImpl.java:requestVote(1152)) - omNode-3@group-523986131536: receive requestVote(ELECTION, omNode-2, group-523986131536, 2, (t:1, i:20))
2022-10-18 21:55:44,225 [grpc-default-executor-0] INFO  impl.VoteContext (VoteContext.java:log(48)) - omNode-3@group-523986131536-FOLLOWER: accept ELECTION from omNode-2: our priority 0 <= candidate's priority 0
2022-10-18 21:55:44,225 [grpc-default-executor-0] INFO  server.RaftServer$Division (ServerState.java:setLeader(287)) - omNode-3@group-523986131536: change Leader from omNode-1 to null at term 2 for updateCurrentTerm
2022-10-18 21:55:44,225 [grpc-default-executor-0] INFO  server.RaftServer$Division (RaftServerImpl.java:setRole(299)) - omNode-3@group-523986131536: changes role from  FOLLOWER to FOLLOWER at term 2 for candidate:omNode-2
2022-10-18 21:55:44,225 [grpc-default-executor-0] INFO  impl.RoleInfo (RoleInfo.java:shutdownFollowerState(110)) - omNode-3: shutdown omNode-3@group-523986131536-FollowerState
2022-10-18 21:55:44,225 [grpc-default-executor-0] INFO  impl.RoleInfo (RoleInfo.java:updateAndGet(139)) - omNode-3: start omNode-3@group-523986131536-FollowerState
2022-10-18 21:55:44,225 [omNode-3@group-523986131536-FollowerState] INFO  impl.FollowerState (FollowerState.java:run(152)) - omNode-3@group-523986131536-FollowerState was interrupted
2022-10-18 21:55:44,227 [grpc-default-executor-0] INFO  server.RaftServer$Division (RaftServerImpl.java:requestVote(1184)) - omNode-3@group-523986131536 replies to ELECTION vote request: omNode-2<-omNode-3#0:OK-t2. Peer's state: omNode-3@group-523986131536:t2, leader=null, voted=omNode-2, raftlog=omNode-3@group-523986131536-SegmentedRaftLog:OPENED:c19, conf=0: [omNode-3|rpc:localhost:38017|admin:|client:|dataStream:|priority:0, omNode-1|rpc:localhost:35389|admin:|client:|dataStream:|priority:0, omNode-2|rpc:localhost:45203|admin:|client:|dataStream:|priority:0], old=null
2022-10-18 21:55:44,229 [omNode-2@group-523986131536-LeaderElection9] INFO  impl.LeaderElection (LeaderElection.java:logAndReturn(90)) - omNode-2@group-523986131536-LeaderElection9: ELECTION PASSED received 1 response(s) and 0 exception(s):
2022-10-18 21:55:44,229 [omNode-2@group-523986131536-LeaderElection9] INFO  impl.LeaderElection (LeaderElection.java:logAndReturn(94)) -   Response 0: omNode-2<-omNode-3#0:OK-t2
2022-10-18 21:55:44,229 [omNode-2@group-523986131536-LeaderElection9] INFO  impl.LeaderElection (LeaderElection.java:askForVotes(312)) - omNode-2@group-523986131536-LeaderElection9 ELECTION round 0: result PASSED
2022-10-18 21:55:44,229 [omNode-2@group-523986131536-LeaderElection9] INFO  impl.RoleInfo (RoleInfo.java:shutdownLeaderElection(130)) - omNode-2: shutdown omNode-2@group-523986131536-LeaderElection9
2022-10-18 21:55:44,229 [omNode-2@group-523986131536-LeaderElection9] INFO  server.RaftServer$Division (RaftServerImpl.java:setRole(299)) - omNode-2@group-523986131536: changes role from CANDIDATE to LEADER at term 2 for changeToLeader
2022-10-18 21:55:44,229 [omNode-2@group-523986131536-LeaderElection9] INFO  server.RaftServer$Division (ServerState.java:setLeader(287)) - omNode-2@group-523986131536: change Leader from null to omNode-2 at term 2 for becomeLeader, leader elected after 12ms
2022-10-18 21:55:44,230 [omNode-2@group-523986131536-LeaderElection9] INFO  server.RaftServerConfigKeys (ConfUtils.java:logGet(46)) - raft.server.staging.catchup.gap = 1000 (default)
2022-10-18 21:55:44,230 [omNode-2@group-523986131536-LeaderElection9] INFO  server.RaftServerConfigKeys (ConfUtils.java:logGet(46)) - raft.server.write.element-limit = 4096 (default)
2022-10-18 21:55:44,230 [omNode-2@group-523986131536-LeaderElection9] INFO  server.RaftServerConfigKeys (ConfUtils.java:logGet(46)) - raft.server.write.byte-limit = 64MB (=67108864) (default)
2022-10-18 21:55:44,230 [omNode-2@group-523986131536-LeaderElection9] INFO  server.RaftServerConfigKeys (ConfUtils.java:logGet(46)) - raft.server.watch.timeout = 10s (default)
2022-10-18 21:55:44,230 [omNode-2@group-523986131536-LeaderElection9] INFO  server.RaftServerConfigKeys (ConfUtils.java:logGet(46)) - raft.server.watch.timeout.denomination = 1s (default)
2022-10-18 21:55:44,230 [omNode-2@group-523986131536-LeaderElection9] INFO  server.RaftServerConfigKeys (ConfUtils.java:logGet(46)) - raft.server.watch.element-limit = 65536 (default)
2022-10-18 21:55:44,230 [omNode-2@group-523986131536-LeaderElection9] INFO  server.RaftServerConfigKeys (ConfUtils.java:logGet(46)) - raft.server.write.element-limit = 4096 (default)
2022-10-18 21:55:44,230 [omNode-2@group-523986131536-LeaderElection9] INFO  server.RaftServerConfigKeys (ConfUtils.java:logGet(46)) - raft.server.write.follower.gap.ratio.max = -1.0 (default)
2022-10-18 21:55:44,231 [omNode-2@group-523986131536-LeaderElection9] INFO  server.RaftServerConfigKeys (ConfUtils.java:logGet(46)) - raft.server.log.appender.snapshot.chunk.size.max = 16MB (=16777216) (default)
2022-10-18 21:55:44,231 [omNode-2@group-523986131536-LeaderElection9] INFO  server.RaftServerConfigKeys (ConfUtils.java:logGet(46)) - raft.server.log.appender.buffer.byte-limit = 33554432 (custom)
2022-10-18 21:55:44,231 [omNode-2@group-523986131536-LeaderElection9] INFO  server.RaftServerConfigKeys (ConfUtils.java:logGet(46)) - raft.server.log.appender.buffer.element-limit = 1024 (custom)
2022-10-18 21:55:44,231 [omNode-2@group-523986131536-LeaderElection9] INFO  grpc.GrpcConfigKeys (ConfUtils.java:logGet(46)) - raft.grpc.server.leader.outstanding.appends.max = 128 (default)
2022-10-18 21:55:44,231 [omNode-2@group-523986131536-LeaderElection9] INFO  server.RaftServerConfigKeys (ConfUtils.java:logGet(46)) - raft.server.rpc.request.timeout = 3000ms (default)
2022-10-18 21:55:44,231 [omNode-2@group-523986131536-LeaderElection9] INFO  server.RaftServerConfigKeys (ConfUtils.java:logGet(46)) - raft.server.log.appender.install.snapshot.enabled = false (custom)
2022-10-18 21:55:44,231 [omNode-2@group-523986131536-LeaderElection9] INFO  server.RaftServerConfigKeys (ConfUtils.java:logGet(46)) - raft.server.log.appender.snapshot.chunk.size.max = 16MB (=16777216) (default)
2022-10-18 21:55:44,232 [omNode-2@group-523986131536-LeaderElection9] INFO  server.RaftServerConfigKeys (ConfUtils.java:logGet(46)) - raft.server.log.appender.buffer.byte-limit = 33554432 (custom)
2022-10-18 21:55:44,232 [omNode-2@group-523986131536-LeaderElection9] INFO  server.RaftServerConfigKeys (ConfUtils.java:logGet(46)) - raft.server.log.appender.buffer.element-limit = 1024 (custom)
2022-10-18 21:55:44,232 [omNode-2@group-523986131536-LeaderElection9] INFO  grpc.GrpcConfigKeys (ConfUtils.java:logGet(46)) - raft.grpc.server.leader.outstanding.appends.max = 128 (default)
2022-10-18 21:55:44,232 [omNode-2@group-523986131536-LeaderElection9] INFO  server.RaftServerConfigKeys (ConfUtils.java:logGet(46)) - raft.server.rpc.request.timeout = 3000ms (default)
2022-10-18 21:55:44,232 [omNode-2@group-523986131536-LeaderElection9] INFO  server.RaftServerConfigKeys (ConfUtils.java:logGet(46)) - raft.server.log.appender.install.snapshot.enabled = false (custom)
2022-10-18 21:55:44,232 [omNode-2@group-523986131536-LeaderElection9] INFO  impl.RoleInfo (RoleInfo.java:updateAndGet(139)) - omNode-2: start omNode-2@group-523986131536-LeaderStateImpl
2022-10-18 21:55:44,233 [omNode-2@group-523986131536-LeaderElection9] INFO  segmented.SegmentedRaftLogWorker (SegmentedRaftLogWorker.java:rollLogSegment(430)) - omNode-2@group-523986131536-SegmentedRaftLogWorker: Rolling segment log-0_20 to index:20
2022-10-18 21:55:44,235 [omNode-2@group-523986131536-SegmentedRaftLogWorker] INFO  segmented.SegmentedRaftLogWorker (SegmentedRaftLogWorker.java:execute(586)) - omNode-2@group-523986131536-SegmentedRaftLogWorker: Rolled log segment from /home/runner/work/ozone/ozone/hadoop-ozone/integration-test/target/test-dir/MiniOzoneClusterImpl-285291dc-83a3-4c49-94f6-5e759e1760ea/omNode-2/ratis/c9bc4cf4-3bc3-3c60-a66b-523986131536/current/log_inprogress_0 to /home/runner/work/ozone/ozone/hadoop-ozone/integration-test/target/test-dir/MiniOzoneClusterImpl-285291dc-83a3-4c49-94f6-5e759e1760ea/omNode-2/ratis/c9bc4cf4-3bc3-3c60-a66b-523986131536/current/log_0-20
2022-10-18 21:55:44,235 [omNode-3-server-thread1] INFO  server.RaftServer$Division (ServerState.java:setLeader(287)) - omNode-3@group-523986131536: change Leader from null to omNode-2 at term 2 for appendEntries, leader elected after 9ms
2022-10-18 21:55:44,235 [omNode-2@group-523986131536-LeaderElection9] INFO  server.RaftServer$Division (ServerState.java:setRaftConf(393)) - omNode-2@group-523986131536: set configuration 21: [omNode-3|rpc:localhost:38017|admin:|client:|dataStream:|priority:0, omNode-1|rpc:localhost:35389|admin:|client:|dataStream:|priority:0, omNode-2|rpc:localhost:45203|admin:|client:|dataStream:|priority:0], old=null
2022-10-18 21:55:44,236 [grpc-default-executor-2] WARN  server.GrpcLogAppender (LogUtils.java:warn(122)) - omNode-2@group-523986131536->omNode-1-AppendLogResponseHandler: Failed appendEntries: org.apache.ratis.thirdparty.io.grpc.StatusRuntimeException: UNAVAILABLE: io exception
2022-10-18 21:55:44,236 [omNode-3-server-thread1] INFO  server.RaftServer$Division (ServerState.java:setRaftConf(393)) - omNode-3@group-523986131536: set configuration 21: [omNode-3|rpc:localhost:38017|admin:|client:|dataStream:|priority:0, omNode-1|rpc:localhost:35389|admin:|client:|dataStream:|priority:0, omNode-2|rpc:localhost:45203|admin:|client:|dataStream:|priority:0], old=null
2022-10-18 21:55:44,238 [grpc-default-executor-2] WARN  server.GrpcLogAppender (GrpcLogAppender.java:resetClient(111)) - omNode-2@group-523986131536->omNode-1-GrpcLogAppender: Leader has not got in touch with Follower omNode-2@group-523986131536->omNode-1(c-1,m0,n22, attendVote=true, lastRpcSendTime=1, lastRpcResponseTime=1208) yet, just keep nextIndex unchanged and retry.
2022-10-18 21:55:44,239 [omNode-3-server-thread1] INFO  segmented.SegmentedRaftLogWorker (SegmentedRaftLogWorker.java:rollLogSegment(430)) - omNode-3@group-523986131536-SegmentedRaftLogWorker: Rolling segment log-0_20 to index:20
2022-10-18 21:55:44,240 [omNode-3@group-523986131536-SegmentedRaftLogWorker] INFO  segmented.SegmentedRaftLogWorker (SegmentedRaftLogWorker.java:execute(586)) - omNode-3@group-523986131536-SegmentedRaftLogWorker: Rolled log segment from /home/runner/work/ozone/ozone/hadoop-ozone/integration-test/target/test-dir/MiniOzoneClusterImpl-285291dc-83a3-4c49-94f6-5e759e1760ea/omNode-3/ratis/c9bc4cf4-3bc3-3c60-a66b-523986131536/current/log_inprogress_0 to /home/runner/work/ozone/ozone/hadoop-ozone/integration-test/target/test-dir/MiniOzoneClusterImpl-285291dc-83a3-4c49-94f6-5e759e1760ea/omNode-3/ratis/c9bc4cf4-3bc3-3c60-a66b-523986131536/current/log_0-20
2022-10-18 21:55:44,248 [omNode-2@group-523986131536-SegmentedRaftLogWorker] INFO  segmented.SegmentedRaftLogWorker (SegmentedRaftLogWorker.java:execute(629)) - omNode-2@group-523986131536-SegmentedRaftLogWorker: created new log segment /home/runner/work/ozone/ozone/hadoop-ozone/integration-test/target/test-dir/MiniOzoneClusterImpl-285291dc-83a3-4c49-94f6-5e759e1760ea/omNode-2/ratis/c9bc4cf4-3bc3-3c60-a66b-523986131536/current/log_inprogress_21
2022-10-18 21:55:44,249 [omNode-3@group-523986131536-SegmentedRaftLogWorker] INFO  segmented.SegmentedRaftLogWorker (SegmentedRaftLogWorker.java:execute(629)) - omNode-3@group-523986131536-SegmentedRaftLogWorker: created new log segment /home/runner/work/ozone/ozone/hadoop-ozone/integration-test/target/test-dir/MiniOzoneClusterImpl-285291dc-83a3-4c49-94f6-5e759e1760ea/omNode-3/ratis/c9bc4cf4-3bc3-3c60-a66b-523986131536/current/log_inprogress_21
2022-10-18 21:55:44,252 [omNode-2@group-523986131536-StateMachineUpdater] INFO  ratis.OzoneManagerStateMachine (OzoneManagerStateMachine.java:notifyConfigurationChanged(192)) - Received Configuration change notification from Ratis. New Peer list:
[id: "omNode-3"
address: "localhost:38017"
, id: "omNode-1"
address: "localhost:35389"
, id: "omNode-2"
address: "localhost:45203"
]
2022-10-18 21:55:44,252 [grpc-default-executor-0] WARN  server.GrpcLogAppender (LogUtils.java:warn(122)) - omNode-2@group-523986131536->omNode-1-AppendLogResponseHandler: Failed appendEntries: org.apache.ratis.thirdparty.io.grpc.StatusRuntimeException: UNAVAILABLE: io exception
2022-10-18 21:55:44,253 [grpc-default-executor-0] WARN  server.GrpcLogAppender (GrpcLogAppender.java:resetClient(111)) - omNode-2@group-523986131536->omNode-1-GrpcLogAppender: Leader has not got in touch with Follower omNode-2@group-523986131536->omNode-1(c-1,m0,n23, attendVote=true, lastRpcSendTime=0, lastRpcResponseTime=1222) yet, just keep nextIndex unchanged and retry.
2022-10-18 21:55:44,254 [omNode-3@group-523986131536-StateMachineUpdater] INFO  ratis.OzoneManagerStateMachine (OzoneManagerStateMachine.java:notifyConfigurationChanged(192)) - Received Configuration change notification from Ratis. New Peer list:
[id: "omNode-3"
address: "localhost:38017"
, id: "omNode-1"
address: "localhost:35389"
, id: "omNode-2"
address: "localhost:45203"
]
2022-10-18 21:55:44,487 [grpc-default-executor-0] WARN  server.GrpcLogAppender (LogUtils.java:warn(122)) - omNode-2@group-523986131536->omNode-1-AppendLogResponseHandler: Failed appendEntries: org.apache.ratis.thirdparty.io.grpc.StatusRuntimeException: UNAVAILABLE: io exception
2022-10-18 21:55:44,488 [grpc-default-executor-0] WARN  server.GrpcLogAppender (GrpcLogAppender.java:resetClient(111)) - omNode-2@group-523986131536->omNode-1-GrpcLogAppender: Leader has not got in touch with Follower omNode-2@group-523986131536->omNode-1(c-1,m0,n23, attendVote=true, lastRpcSendTime=1, lastRpcResponseTime=1457) yet, just keep nextIndex unchanged and retry.
2022-10-18 21:55:44,737 [grpc-default-executor-0] WARN  server.GrpcLogAppender (LogUtils.java:warn(122)) - omNode-2@group-523986131536->omNode-1-AppendLogResponseHandler: Failed appendEntries: org.apache.ratis.thirdparty.io.grpc.StatusRuntimeException: UNAVAILABLE: io exception
2022-10-18 21:55:44,738 [grpc-default-executor-0] WARN  server.GrpcLogAppender (GrpcLogAppender.java:resetClient(111)) - omNode-2@group-523986131536->omNode-1-GrpcLogAppender: Leader has not got in touch with Follower omNode-2@group-523986131536->omNode-1(c-1,m0,n23, attendVote=true, lastRpcSendTime=0, lastRpcResponseTime=1707) yet, just keep nextIndex unchanged and retry.
2022-10-18 21:55:44,987 [grpc-default-executor-0] WARN  server.GrpcLogAppender (LogUtils.java:warn(122)) - omNode-2@group-523986131536->omNode-1-AppendLogResponseHandler: Failed appendEntries: org.apache.ratis.thirdparty.io.grpc.StatusRuntimeException: UNAVAILABLE: io exception
2022-10-18 21:55:44,988 [grpc-default-executor-0] WARN  server.GrpcLogAppender (GrpcLogAppender.java:resetClient(111)) - omNode-2@group-523986131536->omNode-1-GrpcLogAppender: Leader has not got in touch with Follower omNode-2@group-523986131536->omNode-1(c-1,m0,n23, attendVote=true, lastRpcSendTime=0, lastRpcResponseTime=1957) yet, just keep nextIndex unchanged and retry.
2022-10-18 21:55:45,238 [grpc-default-executor-0] WARN  server.GrpcLogAppender (LogUtils.java:warn(122)) - omNode-2@group-523986131536->omNode-1-AppendLogResponseHandler: Failed appendEntries: org.apache.ratis.thirdparty.io.grpc.StatusRuntimeException: UNAVAILABLE: io exception
2022-10-18 21:55:45,239 [grpc-default-executor-0] WARN  server.GrpcLogAppender (GrpcLogAppender.java:resetClient(111)) - omNode-2@group-523986131536->omNode-1-GrpcLogAppender: Leader has not got in touch with Follower omNode-2@group-523986131536->omNode-1(c-1,m0,n23, attendVote=true, lastRpcSendTime=0, lastRpcResponseTime=2208) yet, just keep nextIndex unchanged and retry.
2022-10-18 21:55:45,488 [grpc-default-executor-0] WARN  server.GrpcLogAppender (LogUtils.java:warn(122)) - omNode-2@group-523986131536->omNode-1-AppendLogResponseHandler: Failed appendEntries: org.apache.ratis.thirdparty.io.grpc.StatusRuntimeException: UNAVAILABLE: io exception
2022-10-18 21:55:45,489 [grpc-default-executor-0] WARN  server.GrpcLogAppender (GrpcLogAppender.java:resetClient(111)) - omNode-2@group-523986131536->omNode-1-GrpcLogAppender: Leader has not got in touch with Follower omNode-2@group-523986131536->omNode-1(c-1,m0,n23, attendVote=true, lastRpcSendTime=0, lastRpcResponseTime=2458) yet, just keep nextIndex unchanged and retry.
2022-10-18 21:55:45,738 [grpc-default-executor-0] WARN  server.GrpcLogAppender (LogUtils.java:warn(122)) - omNode-2@group-523986131536->omNode-1-AppendLogResponseHandler: Failed appendEntries: org.apache.ratis.thirdparty.io.grpc.StatusRuntimeException: UNAVAILABLE: io exception
2022-10-18 21:55:45,739 [grpc-default-executor-0] WARN  server.GrpcLogAppender (GrpcLogAppender.java:resetClient(111)) - omNode-2@group-523986131536->omNode-1-GrpcLogAppender: Leader has not got in touch with Follower omNode-2@group-523986131536->omNode-1(c-1,m0,n23, attendVote=true, lastRpcSendTime=0, lastRpcResponseTime=2708) yet, just keep nextIndex unchanged and retry.
2022-10-18 21:55:45,989 [grpc-default-executor-0] WARN  server.GrpcLogAppender (LogUtils.java:warn(122)) - omNode-2@group-523986131536->omNode-1-AppendLogResponseHandler: Failed appendEntries: org.apache.ratis.thirdparty.io.grpc.StatusRuntimeException: UNAVAILABLE: io exception
2022-10-18 21:55:45,990 [grpc-default-executor-0] WARN  server.GrpcLogAppender (GrpcLogAppender.java:resetClient(111)) - omNode-2@group-523986131536->omNode-1-GrpcLogAppender: Leader has not got in touch with Follower omNode-2@group-523986131536->omNode-1(c-1,m0,n23, attendVote=true, lastRpcSendTime=0, lastRpcResponseTime=2959) yet, just keep nextIndex unchanged and retry.
2022-10-18 21:55:46,239 [grpc-default-executor-0] WARN  server.GrpcLogAppender (LogUtils.java:warn(122)) - omNode-2@group-523986131536->omNode-1-AppendLogResponseHandler: Failed appendEntries: org.apache.ratis.thirdparty.io.grpc.StatusRuntimeException: UNAVAILABLE: io exception
2022-10-18 21:55:46,240 [grpc-default-executor-0] WARN  server.GrpcLogAppender (GrpcLogAppender.java:resetClient(111)) - omNode-2@group-523986131536->omNode-1-GrpcLogAppender: Leader has not got in touch with Follower omNode-2@group-523986131536->omNode-1(c-1,m0,n23, attendVote=true, lastRpcSendTime=0, lastRpcResponseTime=3209) yet, just keep nextIndex unchanged and retry.
2022-10-18 21:55:46,490 [grpc-default-executor-0] WARN  server.GrpcLogAppender (LogUtils.java:warn(122)) - omNode-2@group-523986131536->omNode-1-AppendLogResponseHandler: Failed appendEntries: org.apache.ratis.thirdparty.io.grpc.StatusRuntimeException: UNAVAILABLE: io exception
2022-10-18 21:55:46,490 [grpc-default-executor-0] WARN  server.GrpcLogAppender (GrpcLogAppender.java:resetClient(111)) - omNode-2@group-523986131536->omNode-1-GrpcLogAppender: Leader has not got in touch with Follower omNode-2@group-523986131536->omNode-1(c-1,m0,n23, attendVote=true, lastRpcSendTime=0, lastRpcResponseTime=3459) yet, just keep nextIndex unchanged and retry.
2022-10-18 21:55:46,740 [grpc-default-executor-0] WARN  server.GrpcLogAppender (LogUtils.java:warn(122)) - omNode-2@group-523986131536->omNode-1-AppendLogResponseHandler: Failed appendEntries: org.apache.ratis.thirdparty.io.grpc.StatusRuntimeException: UNAVAILABLE: io exception
2022-10-18 21:55:46,741 [grpc-default-executor-0] WARN  server.GrpcLogAppender (GrpcLogAppender.java:resetClient(111)) - omNode-2@group-523986131536->omNode-1-GrpcLogAppender: Leader has not got in touch with Follower omNode-2@group-523986131536->omNode-1(c-1,m0,n23, attendVote=true, lastRpcSendTime=0, lastRpcResponseTime=3710) yet, just keep nextIndex unchanged and retry.
2022-10-18 21:55:46,990 [grpc-default-executor-0] WARN  server.GrpcLogAppender (LogUtils.java:warn(122)) - omNode-2@group-523986131536->omNode-1-AppendLogResponseHandler: Failed appendEntries: org.apache.ratis.thirdparty.io.grpc.StatusRuntimeException: UNAVAILABLE: io exception
2022-10-18 21:55:46,991 [grpc-default-executor-0] WARN  server.GrpcLogAppender (GrpcLogAppender.java:resetClient(111)) - omNode-2@group-523986131536->omNode-1-GrpcLogAppender: Leader has not got in touch with Follower omNode-2@group-523986131536->omNode-1(c-1,m0,n23, attendVote=true, lastRpcSendTime=0, lastRpcResponseTime=3960) yet, just keep nextIndex unchanged and retry.
2022-10-18 21:55:47,241 [grpc-default-executor-0] WARN  server.GrpcLogAppender (LogUtils.java:warn(122)) - omNode-2@group-523986131536->omNode-1-AppendLogResponseHandler: Failed appendEntries: org.apache.ratis.thirdparty.io.grpc.StatusRuntimeException: UNAVAILABLE: io exception
2022-10-18 21:55:47,241 [grpc-default-executor-0] WARN  server.GrpcLogAppender (GrpcLogAppender.java:resetClient(111)) - omNode-2@group-523986131536->omNode-1-GrpcLogAppender: Leader has not got in touch with Follower omNode-2@group-523986131536->omNode-1(c-1,m0,n23, attendVote=true, lastRpcSendTime=0, lastRpcResponseTime=4210) yet, just keep nextIndex unchanged and retry.
2022-10-18 21:55:47,491 [grpc-default-executor-0] WARN  server.GrpcLogAppender (LogUtils.java:warn(122)) - omNode-2@group-523986131536->omNode-1-AppendLogResponseHandler: Failed appendEntries: org.apache.ratis.thirdparty.io.grpc.StatusRuntimeException: UNAVAILABLE: io exception
2022-10-18 21:55:47,492 [grpc-default-executor-0] WARN  server.GrpcLogAppender (GrpcLogAppender.java:resetClient(111)) - omNode-2@group-523986131536->omNode-1-GrpcLogAppender: Leader has not got in touch with Follower omNode-2@group-523986131536->omNode-1(c-1,m0,n23, attendVote=true, lastRpcSendTime=0, lastRpcResponseTime=4461) yet, just keep nextIndex unchanged and retry.
2022-10-18 21:55:47,741 [grpc-default-executor-0] WARN  server.GrpcLogAppender (LogUtils.java:warn(122)) - omNode-2@group-523986131536->omNode-1-AppendLogResponseHandler: Failed appendEntries: org.apache.ratis.thirdparty.io.grpc.StatusRuntimeException: UNAVAILABLE: io exception
2022-10-18 21:55:47,742 [grpc-default-executor-0] WARN  server.GrpcLogAppender (GrpcLogAppender.java:resetClient(111)) - omNode-2@group-523986131536->omNode-1-GrpcLogAppender: Leader has not got in touch with Follower omNode-2@group-523986131536->omNode-1(c-1,m0,n23, attendVote=true, lastRpcSendTime=0, lastRpcResponseTime=4711) yet, just keep nextIndex unchanged and retry.
2022-10-18 21:55:47,992 [grpc-default-executor-0] WARN  server.GrpcLogAppender (LogUtils.java:warn(122)) - omNode-2@group-523986131536->omNode-1-AppendLogResponseHandler: Failed appendEntries: org.apache.ratis.thirdparty.io.grpc.StatusRuntimeException: UNAVAILABLE: io exception
2022-10-18 21:55:47,992 [grpc-default-executor-0] WARN  server.GrpcLogAppender (GrpcLogAppender.java:resetClient(111)) - omNode-2@group-523986131536->omNode-1-GrpcLogAppender: Leader has not got in touch with Follower omNode-2@group-523986131536->omNode-1(c-1,m0,n23, attendVote=true, lastRpcSendTime=0, lastRpcResponseTime=4961) yet, just keep nextIndex unchanged and retry.
2022-10-18 21:55:48,242 [grpc-default-executor-0] WARN  server.GrpcLogAppender (LogUtils.java:warn(122)) - omNode-2@group-523986131536->omNode-1-AppendLogResponseHandler: Failed appendEntries: org.apache.ratis.thirdparty.io.grpc.StatusRuntimeException: UNAVAILABLE: io exception
2022-10-18 21:55:48,242 [grpc-default-executor-0] WARN  server.GrpcLogAppender (GrpcLogAppender.java:resetClient(111)) - omNode-2@group-523986131536->omNode-1-GrpcLogAppender: Leader has not got in touch with Follower omNode-2@group-523986131536->omNode-1(c-1,m0,n23, attendVote=true, lastRpcSendTime=0, lastRpcResponseTime=5212) yet, just keep nextIndex unchanged and retry.
2022-10-18 21:55:48,492 [grpc-default-executor-0] WARN  server.GrpcLogAppender (LogUtils.java:warn(122)) - omNode-2@group-523986131536->omNode-1-AppendLogResponseHandler: Failed appendEntries: org.apache.ratis.thirdparty.io.grpc.StatusRuntimeException: UNAVAILABLE: io exception
2022-10-18 21:55:48,493 [grpc-default-executor-0] WARN  server.GrpcLogAppender (GrpcLogAppender.java:resetClient(111)) - omNode-2@group-523986131536->omNode-1-GrpcLogAppender: Leader has not got in touch with Follower omNode-2@group-523986131536->omNode-1(c-1,m0,n23, attendVote=true, lastRpcSendTime=0, lastRpcResponseTime=5462) yet, just keep nextIndex unchanged and retry.
2022-10-18 21:55:48,742 [grpc-default-executor-0] WARN  server.GrpcLogAppender (LogUtils.java:warn(122)) - omNode-2@group-523986131536->omNode-1-AppendLogResponseHandler: Failed appendEntries: org.apache.ratis.thirdparty.io.grpc.StatusRuntimeException: UNAVAILABLE: io exception
2022-10-18 21:55:48,743 [grpc-default-executor-0] WARN  server.GrpcLogAppender (GrpcLogAppender.java:resetClient(111)) - omNode-2@group-523986131536->omNode-1-GrpcLogAppender: Leader has not got in touch with Follower omNode-2@group-523986131536->omNode-1(c-1,m0,n23, attendVote=true, lastRpcSendTime=0, lastRpcResponseTime=5712) yet, just keep nextIndex unchanged and retry.
2022-10-18 21:55:48,993 [grpc-default-executor-0] WARN  server.GrpcLogAppender (LogUtils.java:warn(122)) - omNode-2@group-523986131536->omNode-1-AppendLogResponseHandler: Failed appendEntries: org.apache.ratis.thirdparty.io.grpc.StatusRuntimeException: UNAVAILABLE: io exception
2022-10-18 21:55:48,993 [grpc-default-executor-0] WARN  server.GrpcLogAppender (GrpcLogAppender.java:resetClient(111)) - omNode-2@group-523986131536->omNode-1-GrpcLogAppender: Leader has not got in touch with Follower omNode-2@group-523986131536->omNode-1(c-1,m0,n23, attendVote=true, lastRpcSendTime=0, lastRpcResponseTime=5963) yet, just keep nextIndex unchanged and retry.
2022-10-18 21:55:49,243 [grpc-default-executor-0] WARN  server.GrpcLogAppender (LogUtils.java:warn(122)) - omNode-2@group-523986131536->omNode-1-AppendLogResponseHandler: Failed appendEntries: org.apache.ratis.thirdparty.io.grpc.StatusRuntimeException: UNAVAILABLE: io exception
2022-10-18 21:55:49,244 [grpc-default-executor-0] WARN  server.GrpcLogAppender (GrpcLogAppender.java:resetClient(111)) - omNode-2@group-523986131536->omNode-1-GrpcLogAppender: Leader has not got in touch with Follower omNode-2@group-523986131536->omNode-1(c-1,m0,n23, attendVote=true, lastRpcSendTime=0, lastRpcResponseTime=6213) yet, just keep nextIndex unchanged and retry.
2022-10-18 21:55:49,493 [grpc-default-executor-0] WARN  server.GrpcLogAppender (LogUtils.java:warn(122)) - omNode-2@group-523986131536->omNode-1-AppendLogResponseHandler: Failed appendEntries: org.apache.ratis.thirdparty.io.grpc.StatusRuntimeException: UNAVAILABLE: io exception
2022-10-18 21:55:49,494 [grpc-default-executor-0] WARN  server.GrpcLogAppender (GrpcLogAppender.java:resetClient(111)) - omNode-2@group-523986131536->omNode-1-GrpcLogAppender: Leader has not got in touch with Follower omNode-2@group-523986131536->omNode-1(c-1,m0,n23, attendVote=true, lastRpcSendTime=0, lastRpcResponseTime=6463) yet, just keep nextIndex unchanged and retry.
2022-10-18 21:55:49,573 [Under Replicated Processor] INFO  replication.UnderReplicatedProcessor (UnderReplicatedProcessor.java:processAll(92)) - Processed 0 under replicated containers, failed processing 0
2022-10-18 21:55:49,573 [Over Replicated Processor] INFO  replication.OverReplicatedProcessor (OverReplicatedProcessor.java:processAll(90)) - Processed 0 over replicated containers, failed processing 0
2022-10-18 21:55:49,744 [grpc-default-executor-0] WARN  server.GrpcLogAppender (LogUtils.java:warn(122)) - omNode-2@group-523986131536->omNode-1-AppendLogResponseHandler: Failed appendEntries: org.apache.ratis.thirdparty.io.grpc.StatusRuntimeException: UNAVAILABLE: io exception
2022-10-18 21:55:49,745 [grpc-default-executor-0] WARN  server.GrpcLogAppender (GrpcLogAppender.java:resetClient(111)) - omNode-2@group-523986131536->omNode-1-GrpcLogAppender: Leader has not got in touch with Follower omNode-2@group-523986131536->omNode-1(c-1,m0,n23, attendVote=true, lastRpcSendTime=0, lastRpcResponseTime=6714) yet, just keep nextIndex unchanged and retry.
2022-10-18 21:55:49,994 [grpc-default-executor-0] WARN  server.GrpcLogAppender (LogUtils.java:warn(122)) - omNode-2@group-523986131536->omNode-1-AppendLogResponseHandler: Failed appendEntries: org.apache.ratis.thirdparty.io.grpc.StatusRuntimeException: UNAVAILABLE: io exception
2022-10-18 21:55:49,995 [grpc-default-executor-0] WARN  server.GrpcLogAppender (GrpcLogAppender.java:resetClient(111)) - omNode-2@group-523986131536->omNode-1-GrpcLogAppender: Leader has not got in touch with Follower omNode-2@group-523986131536->omNode-1(c-1,m0,n23, attendVote=true, lastRpcSendTime=0, lastRpcResponseTime=6964) yet, just keep nextIndex unchanged and retry.
2022-10-18 21:55:50,244 [grpc-default-executor-0] WARN  server.GrpcLogAppender (LogUtils.java:warn(122)) - omNode-2@group-523986131536->omNode-1-AppendLogResponseHandler: Failed appendEntries: org.apache.ratis.thirdparty.io.grpc.StatusRuntimeException: UNAVAILABLE: io exception
2022-10-18 21:55:50,245 [grpc-default-executor-0] WARN  server.GrpcLogAppender (GrpcLogAppender.java:resetClient(111)) - omNode-2@group-523986131536->omNode-1-GrpcLogAppender: Leader has not got in touch with Follower omNode-2@group-523986131536->omNode-1(c-1,m0,n23, attendVote=true, lastRpcSendTime=0, lastRpcResponseTime=7214) yet, just keep nextIndex unchanged and retry.
2022-10-18 21:55:50,495 [grpc-default-executor-0] WARN  server.GrpcLogAppender (LogUtils.java:warn(122)) - omNode-2@group-523986131536->omNode-1-AppendLogResponseHandler: Failed appendEntries: org.apache.ratis.thirdparty.io.grpc.StatusRuntimeException: UNAVAILABLE: io exception
2022-10-18 21:55:50,495 [grpc-default-executor-0] WARN  server.GrpcLogAppender (GrpcLogAppender.java:resetClient(111)) - omNode-2@group-523986131536->omNode-1-GrpcLogAppender: Leader has not got in touch with Follower omNode-2@group-523986131536->omNode-1(c-1,m0,n23, attendVote=true, lastRpcSendTime=0, lastRpcResponseTime=7465) yet, just keep nextIndex unchanged and retry.
2022-10-18 21:55:50,745 [grpc-default-executor-0] WARN  server.GrpcLogAppender (LogUtils.java:warn(122)) - omNode-2@group-523986131536->omNode-1-AppendLogResponseHandler: Failed appendEntries: org.apache.ratis.thirdparty.io.grpc.StatusRuntimeException: UNAVAILABLE: io exception
2022-10-18 21:55:50,746 [grpc-default-executor-0] WARN  server.GrpcLogAppender (GrpcLogAppender.java:resetClient(111)) - omNode-2@group-523986131536->omNode-1-GrpcLogAppender: Leader has not got in touch with Follower omNode-2@group-523986131536->omNode-1(c-1,m0,n23, attendVote=true, lastRpcSendTime=0, lastRpcResponseTime=7715) yet, just keep nextIndex unchanged and retry.
2022-10-18 21:55:50,995 [grpc-default-executor-0] WARN  server.GrpcLogAppender (LogUtils.java:warn(122)) - omNode-2@group-523986131536->omNode-1-AppendLogResponseHandler: Failed appendEntries: org.apache.ratis.thirdparty.io.grpc.StatusRuntimeException: UNAVAILABLE: io exception
2022-10-18 21:55:50,996 [grpc-default-executor-0] WARN  server.GrpcLogAppender (GrpcLogAppender.java:resetClient(111)) - omNode-2@group-523986131536->omNode-1-GrpcLogAppender: Leader has not got in touch with Follower omNode-2@group-523986131536->omNode-1(c-1,m0,n23, attendVote=true, lastRpcSendTime=0, lastRpcResponseTime=7965) yet, just keep nextIndex unchanged and retry.
2022-10-18 21:55:51,005 [Listener at 127.0.0.1/43229] INFO  retry.RetryInvocationHandler (RetryInvocationHandler.java:log(411)) - com.google.protobuf.ServiceException: java.io.EOFException: End of File Exception between local host is: "fv-az368-376/10.1.0.49"; destination host is: "localhost":39907; : java.io.EOFException; For more details see:  http://wiki.apache.org/hadoop/EOFException, while invoking $Proxy55.submitRequest over nodeId=omNode-1,nodeAddress=127.0.0.1:39907. Trying to failover immediately.
2022-10-18 21:55:51,011 [grpc-default-executor-0] WARN  server.GrpcLogAppender (LogUtils.java:warn(122)) - omNode-2@group-523986131536->omNode-1-AppendLogResponseHandler: Failed appendEntries: org.apache.ratis.thirdparty.io.grpc.StatusRuntimeException: UNAVAILABLE: io exception
2022-10-18 21:55:51,011 [grpc-default-executor-0] WARN  server.GrpcLogAppender (GrpcLogAppender.java:resetClient(111)) - omNode-2@group-523986131536->omNode-1-GrpcLogAppender: Leader has not got in touch with Follower omNode-2@group-523986131536->omNode-1(c-1,m0,n24, attendVote=true, lastRpcSendTime=0, lastRpcResponseTime=7980) yet, just keep nextIndex unchanged and retry.
2022-10-18 21:55:51,013 [grpc-default-executor-0] WARN  server.GrpcLogAppender (LogUtils.java:warn(122)) - omNode-2@group-523986131536->omNode-1-AppendLogResponseHandler: Failed appendEntries: org.apache.ratis.thirdparty.io.grpc.StatusRuntimeException: UNAVAILABLE: io exception
2022-10-18 21:55:51,013 [grpc-default-executor-0] WARN  server.GrpcLogAppender (GrpcLogAppender.java:resetClient(111)) - omNode-2@group-523986131536->omNode-1-GrpcLogAppender: Leader has not got in touch with Follower omNode-2@group-523986131536->omNode-1(c-1,m0,n25, attendVote=true, lastRpcSendTime=0, lastRpcResponseTime=7982) yet, just keep nextIndex unchanged and retry.
2022-10-18 21:55:51,021 [grpc-default-executor-0] WARN  server.GrpcLogAppender (LogUtils.java:warn(122)) - omNode-2@group-523986131536->omNode-1-AppendLogResponseHandler: Failed appendEntries: org.apache.ratis.thirdparty.io.grpc.StatusRuntimeException: UNAVAILABLE: io exception
2022-10-18 21:55:51,021 [grpc-default-executor-0] WARN  server.GrpcLogAppender (GrpcLogAppender.java:resetClient(111)) - omNode-2@group-523986131536->omNode-1-GrpcLogAppender: Leader has not got in touch with Follower omNode-2@group-523986131536->omNode-1(c-1,m0,n26, attendVote=true, lastRpcSendTime=0, lastRpcResponseTime=7991) yet, just keep nextIndex unchanged and retry.
2022-10-18 21:55:51,025 [grpc-default-executor-0] WARN  server.GrpcLogAppender (LogUtils.java:warn(122)) - omNode-2@group-523986131536->omNode-1-AppendLogResponseHandler: Failed appendEntries: org.apache.ratis.thirdparty.io.grpc.StatusRuntimeException: UNAVAILABLE: io exception
2022-10-18 21:55:51,025 [grpc-default-executor-0] WARN  server.GrpcLogAppender (GrpcLogAppender.java:resetClient(111)) - omNode-2@group-523986131536->omNode-1-GrpcLogAppender: Leader has not got in touch with Follower omNode-2@group-523986131536->omNode-1(c-1,m0,n27, attendVote=true, lastRpcSendTime=4, lastRpcResponseTime=7994) yet, just keep nextIndex unchanged and retry.
2022-10-18 21:55:51,074 [grpc-default-executor-0] WARN  server.GrpcLogAppender (LogUtils.java:warn(122)) - omNode-2@group-523986131536->omNode-1-AppendLogResponseHandler: Failed appendEntries: org.apache.ratis.thirdparty.io.grpc.StatusRuntimeException: UNAVAILABLE: io exception
2022-10-18 21:55:51,075 [grpc-default-executor-0] WARN  server.GrpcLogAppender (GrpcLogAppender.java:resetClient(111)) - omNode-2@group-523986131536->omNode-1-GrpcLogAppender: Leader has not got in touch with Follower omNode-2@group-523986131536->omNode-1(c-1,m0,n28, attendVote=true, lastRpcSendTime=0, lastRpcResponseTime=8044) yet, just keep nextIndex unchanged and retry.
2022-10-18 21:55:51,078 [grpc-default-executor-0] WARN  server.GrpcLogAppender (LogUtils.java:warn(122)) - omNode-2@group-523986131536->omNode-1-AppendLogResponseHandler: Failed appendEntries: org.apache.ratis.thirdparty.io.grpc.StatusRuntimeException: UNAVAILABLE: io exception
2022-10-18 21:55:51,078 [grpc-default-executor-0] WARN  server.GrpcLogAppender (GrpcLogAppender.java:resetClient(111)) - omNode-2@group-523986131536->omNode-1-GrpcLogAppender: Leader has not got in touch with Follower omNode-2@group-523986131536->omNode-1(c-1,m0,n29, attendVote=true, lastRpcSendTime=3, lastRpcResponseTime=8047) yet, just keep nextIndex unchanged and retry.
2022-10-18 21:55:51,083 [grpc-default-executor-0] WARN  server.GrpcLogAppender (LogUtils.java:warn(122)) - omNode-2@group-523986131536->omNode-1-AppendLogResponseHandler: Failed appendEntries: org.apache.ratis.thirdparty.io.grpc.StatusRuntimeException: UNAVAILABLE: io exception
2022-10-18 21:55:51,083 [grpc-default-executor-0] WARN  server.GrpcLogAppender (GrpcLogAppender.java:resetClient(111)) - omNode-2@group-523986131536->omNode-1-GrpcLogAppender: Leader has not got in touch with Follower omNode-2@group-523986131536->omNode-1(c-1,m0,n30, attendVote=true, lastRpcSendTime=0, lastRpcResponseTime=8052) yet, just keep nextIndex unchanged and retry.
2022-10-18 21:55:51,084 [grpc-default-executor-0] WARN  server.GrpcLogAppender (LogUtils.java:warn(122)) - omNode-2@group-523986131536->omNode-1-AppendLogResponseHandler: Failed appendEntries: org.apache.ratis.thirdparty.io.grpc.StatusRuntimeException: UNAVAILABLE: io exception
2022-10-18 21:55:51,085 [grpc-default-executor-0] WARN  server.GrpcLogAppender (GrpcLogAppender.java:resetClient(111)) - omNode-2@group-523986131536->omNode-1-GrpcLogAppender: Leader has not got in touch with Follower omNode-2@group-523986131536->omNode-1(c-1,m0,n31, attendVote=true, lastRpcSendTime=2, lastRpcResponseTime=8054) yet, just keep nextIndex unchanged and retry.
2022-10-18 21:55:51,115 [Listener at 127.0.0.1/43229] INFO  om.OzoneManager (OzoneManager.java:stop(2034)) - omNode-3[localhost:43229]: Stopping Ozone Manager
2022-10-18 21:55:51,115 [Listener at 127.0.0.1/43229] INFO  ipc.Server (Server.java:stop(3428)) - Stopping server on 43229
2022-10-18 21:55:51,118 [IPC Server listener on 43229] INFO  ipc.Server (Server.java:run(1384)) - Stopping IPC Server listener on 43229
2022-10-18 21:55:51,118 [IPC Server Responder] INFO  ipc.Server (Server.java:run(1517)) - Stopping IPC Server Responder
2022-10-18 21:55:51,121 [Listener at 127.0.0.1/43229] INFO  server.RaftServer (RaftServerProxy.java:lambda$close$7(398)) - omNode-3: close
2022-10-18 21:55:51,121 [Listener at 127.0.0.1/43229] INFO  server.RaftServer$Division (RaftServerImpl.java:lambda$close$4(434)) - omNode-3@group-523986131536: shutdown
2022-10-18 21:55:51,122 [Listener at 127.0.0.1/43229] INFO  util.JmxRegister (JmxRegister.java:unregister(73)) - Successfully un-registered JMX Bean with object name Ratis:service=RaftServer,group=group-523986131536,id=omNode-3
2022-10-18 21:55:51,122 [Listener at 127.0.0.1/43229] INFO  impl.RoleInfo (RoleInfo.java:shutdownFollowerState(110)) - omNode-3: shutdown omNode-3@group-523986131536-FollowerState
2022-10-18 21:55:51,122 [Listener at 127.0.0.1/43229] INFO  impl.StateMachineUpdater (StateMachineUpdater.java:stopAndJoin(153)) - omNode-3@group-523986131536-StateMachineUpdater: set stopIndex = 29
2022-10-18 21:55:51,122 [omNode-3@group-523986131536-StateMachineUpdater] INFO  ratis.OzoneManagerStateMachine (OzoneManagerStateMachine.java:takeSnapshot(441)) - Current Snapshot Index (t:2, i:29)
2022-10-18 21:55:51,122 [omNode-3@group-523986131536-FollowerState] INFO  impl.FollowerState (FollowerState.java:run(152)) - omNode-3@group-523986131536-FollowerState was interrupted
2022-10-18 21:55:51,123 [omNode-3@group-523986131536-StateMachineUpdater] INFO  impl.StateMachineUpdater (StateMachineUpdater.java:takeSnapshot(287)) - omNode-3@group-523986131536-StateMachineUpdater: Took a snapshot at index 29
2022-10-18 21:55:51,123 [omNode-3@group-523986131536-StateMachineUpdater] INFO  impl.StateMachineUpdater (StateMachineUpdater.java:lambda$new$0(92)) - omNode-3@group-523986131536-StateMachineUpdater: snapshotIndex: updateIncreasingly -1 -> 29
2022-10-18 21:55:51,123 [omNode-3@group-523986131536-StateMachineUpdater] INFO  ratis.OzoneManagerStateMachine (OzoneManagerStateMachine.java:close(495)) - StateMachine has shutdown. Shutdown OzoneManager if not already shutdown.
2022-10-18 21:55:51,123 [omNode-3@group-523986131536-StateMachineUpdater] INFO  ratis.OzoneManagerDoubleBuffer (OzoneManagerDoubleBuffer.java:stop(466)) - Stopping OMDoubleBuffer flush thread
2022-10-18 21:55:51,123 [OMDoubleBufferFlushThread] INFO  ratis.OzoneManagerDoubleBuffer (OzoneManagerDoubleBuffer.java:flushTransactions(385)) - OMDoubleBuffer flush thread OMDoubleBufferFlushThread is interrupted and will exit.
2022-10-18 21:55:51,123 [Listener at 127.0.0.1/43229] INFO  server.RaftServer$Division (ServerState.java:close(429)) - omNode-3@group-523986131536: closes. applyIndex: 29
2022-10-18 21:55:51,124 [omNode-3@group-523986131536-SegmentedRaftLogWorker] INFO  segmented.SegmentedRaftLogWorker (SegmentedRaftLogWorker.java:run(336)) - omNode-3@group-523986131536-SegmentedRaftLogWorker was interrupted, exiting. There are 0 tasks remaining in the queue.
2022-10-18 21:55:51,125 [Listener at 127.0.0.1/43229] INFO  segmented.SegmentedRaftLogWorker (SegmentedRaftLogWorker.java:close(246)) - omNode-3@group-523986131536-SegmentedRaftLogWorker close()
2022-10-18 21:55:51,126 [Listener at 127.0.0.1/43229] INFO  server.GrpcService (GrpcService.java:closeImpl(269)) - omNode-3: shutdown server with port 38017 now
2022-10-18 21:55:51,132 [grpc-default-executor-0] WARN  server.GrpcServerProtocolService (LogUtils.java:warn(122)) - omNode-3: installSnapshot onError, lastRequest: omNode-2->omNode-3#79-t2,previous=(t:2, i:29),leaderCommit=29,initializing? true,entries: size=1, first=(t:2, i:30), METADATAENTRY(c:29): org.apache.ratis.thirdparty.io.grpc.StatusRuntimeException: CANCELLED: client cancelled
2022-10-18 21:55:51,133 [Listener at 127.0.0.1/43229] INFO  server.GrpcService (GrpcService.java:closeImpl(278)) - omNode-3: shutdown server with port 38017 successfully
2022-10-18 21:55:51,133 [org.apache.ratis.util.JvmPauseMonitor$$Lambda$703/854163851@500bde5b] INFO  util.JvmPauseMonitor (JvmPauseMonitor.java:run(109)) - JvmPauseMonitor-omNode-3: Stopped
2022-10-18 21:55:51,133 [Listener at 127.0.0.1/43229] INFO  ratis.OzoneManagerStateMachine (OzoneManagerStateMachine.java:close(495)) - StateMachine has shutdown. Shutdown OzoneManager if not already shutdown.
2022-10-18 21:55:51,134 [Listener at 127.0.0.1/43229] INFO  ratis.OzoneManagerDoubleBuffer (OzoneManagerDoubleBuffer.java:stop(478)) - OMDoubleBuffer flush thread is not running.
2022-10-18 21:55:51,134 [grpc-default-executor-0] WARN  server.GrpcLogAppender (LogUtils.java:warn(122)) - omNode-2@group-523986131536->omNode-3-AppendLogResponseHandler: Failed appendEntries: org.apache.ratis.thirdparty.io.grpc.StatusRuntimeException: CANCELLED: RST_STREAM closed stream. HTTP/2 error code: CANCEL
2022-10-18 21:55:51,134 [Listener at 127.0.0.1/43229] INFO  utils.BackgroundService (BackgroundService.java:shutdown(141)) - Shutting down service KeyDeletingService
2022-10-18 21:55:51,134 [grpc-default-executor-0] INFO  leader.FollowerInfo (FollowerInfoImpl.java:lambda$new$0(48)) - omNode-2@group-523986131536->omNode-3: nextIndex: updateUnconditionally 31 -> 30
2022-10-18 21:55:51,134 [Listener at 127.0.0.1/43229] INFO  utils.BackgroundService (BackgroundService.java:shutdown(141)) - Shutting down service DirectoryDeletingService
2022-10-18 21:55:51,134 [Listener at 127.0.0.1/43229] INFO  utils.BackgroundService (BackgroundService.java:shutdown(141)) - Shutting down service OpenKeyCleanupService
2022-10-18 21:55:51,135 [Listener at 127.0.0.1/43229] INFO  handler.ContextHandler (ContextHandler.java:doStop(1153)) - Stopped o.e.j.w.WebAppContext@5223eb62{ozoneManager,/,null,STOPPED}{file:/home/runner/work/ozone/ozone/hadoop-ozone/integration-test/target/test-classes/webapps/ozoneManager}
2022-10-18 21:55:51,135 [Listener at 127.0.0.1/43229] INFO  server.AbstractConnector (AbstractConnector.java:doStop(381)) - Stopped ServerConnector@24408aa1{HTTP/1.1, (http/1.1)}{0.0.0.0:35093}
2022-10-18 21:55:51,136 [Listener at 127.0.0.1/43229] INFO  server.session (HouseKeeper.java:stopScavenging(149)) - node0 Stopped scavenging
2022-10-18 21:55:51,136 [Listener at 127.0.0.1/43229] INFO  handler.ContextHandler (ContextHandler.java:doStop(1153)) - Stopped o.e.j.s.ServletContextHandler@347573ac{static,/static,file:///home/runner/work/ozone/ozone/hadoop-ozone/integration-test/target/test-classes/webapps/static,STOPPED}
2022-10-18 21:55:51,136 [Listener at 127.0.0.1/43229] INFO  handler.ContextHandler (ContextHandler.java:doStop(1153)) - Stopped o.e.j.s.ServletContextHandler@2c50e59a{logs,/logs,file:///home/runner/work/ozone/ozone/hadoop-ozone/integration-test/target/log,STOPPED}
2022-10-18 21:55:51,138 [Listener at 127.0.0.1/43229] INFO  om.OzoneManager (OzoneManager.java:restart(1571)) - OzoneManager RPC server is listening at localhost/127.0.0.1:43229
2022-10-18 21:55:51,138 [Listener at 127.0.0.1/43229] INFO  impl.MetricsSystemImpl (MetricsSystemImpl.java:init(158)) - OzoneManager metrics system started (again)
2022-10-18 21:55:51,144 [grpc-default-executor-2] WARN  server.GrpcLogAppender (LogUtils.java:warn(122)) - omNode-2@group-523986131536->omNode-3-AppendLogResponseHandler: Failed appendEntries: org.apache.ratis.thirdparty.io.grpc.StatusRuntimeException: UNAVAILABLE: io exception
2022-10-18 21:55:51,145 [grpc-default-executor-2] INFO  leader.FollowerInfo (FollowerInfoImpl.java:lambda$new$0(48)) - omNode-2@group-523986131536->omNode-3: nextIndex: updateUnconditionally 31 -> 30
2022-10-18 21:55:51,154 [Listener at 127.0.0.1/43229] WARN  server.ServerUtils (ServerUtils.java:getDBPath(225)) - ozone.om.db.dirs is not configured. We recommend adding this setting. Falling back to ozone.metadata.dirs instead.
2022-10-18 21:55:51,155 [Listener at 127.0.0.1/43229] INFO  codec.OmKeyInfoCodec (OmKeyInfoCodec.java:<init>(49)) - OmKeyInfoCodec ignorePipeline = true
2022-10-18 21:55:51,155 [Listener at 127.0.0.1/43229] INFO  codec.RepeatedOmKeyInfoCodec (RepeatedOmKeyInfoCodec.java:<init>(41)) - RepeatedOmKeyInfoCodec ignorePipeline = true
2022-10-18 21:55:51,192 [Listener at 127.0.0.1/43229] INFO  om.OzoneManager (OzoneManager.java:instantiateServices(712)) - S3 Multi-Tenancy is disabled
2022-10-18 21:55:51,201 [Listener at 127.0.0.1/43229] WARN  server.ServerUtils (ServerUtils.java:getDefaultRatisDirectory(237)) - Storage directory for Ratis is not configured. It is a good idea to map this to an SSD disk. Falling back to ozone.metadata.dirs
2022-10-18 21:55:51,203 [Listener at 127.0.0.1/43229] INFO  ratis.OzoneManagerRatisServer (OzoneManagerRatisServer.java:<init>(160)) - Instantiating OM Ratis server with groupID: om-service-test1 and peers: localhost:38017, localhost:35389, localhost:45203
2022-10-18 21:55:51,203 [Listener at 127.0.0.1/43229] INFO  ratis.OzoneManagerStateMachine (OzoneManagerStateMachine.java:loadSnapshotInfoFromDB(632)) - LastAppliedIndex is set from TransactionInfo from OM DB as (t:2, i:29)
2022-10-18 21:55:51,203 [Listener at 127.0.0.1/43229] INFO  server.RaftServer (ConfUtils.java:logGet(46)) - raft.rpc.type = GRPC (default)
2022-10-18 21:55:51,204 [Listener at 127.0.0.1/43229] INFO  grpc.GrpcFactory (GrpcFactory.java:checkPooledByteBufAllocatorUseCacheForAllThreads(48)) - PERFORMANCE WARNING: useCacheForAllThreads is true that may cause Netty to create a lot garbage objects and, as a result, trigger GC.
	It is recommended to disable useCacheForAllThreads by setting -Dorg.apache.ratis.thirdparty.io.netty.allocator.useCacheForAllThreads=false in command line.
2022-10-18 21:55:51,204 [Listener at 127.0.0.1/43229] INFO  grpc.GrpcConfigKeys (ConfUtils.java:logGet(46)) - raft.grpc.admin.port = -1 (default)
2022-10-18 21:55:51,204 [Listener at 127.0.0.1/43229] INFO  grpc.GrpcConfigKeys (ConfUtils.java:logGet(46)) - raft.grpc.server.port = 38017 (custom)
2022-10-18 21:55:51,204 [Listener at 127.0.0.1/43229] INFO  grpc.GrpcConfigKeys (ConfUtils.java:logGet(46)) - raft.grpc.client.port = -1 (default)
2022-10-18 21:55:51,204 [Listener at 127.0.0.1/43229] INFO  grpc.GrpcConfigKeys (ConfUtils.java:logGet(46)) - raft.grpc.server.port = 38017 (custom)
2022-10-18 21:55:51,204 [Listener at 127.0.0.1/43229] INFO  grpc.GrpcConfigKeys (ConfUtils.java:logGet(46)) - raft.grpc.server.port = 38017 (custom)
2022-10-18 21:55:51,204 [Listener at 127.0.0.1/43229] INFO  server.GrpcService (ConfUtils.java:logGet(46)) - raft.grpc.message.size.max = 33554432 (custom)
2022-10-18 21:55:51,204 [Listener at 127.0.0.1/43229] INFO  server.RaftServerConfigKeys (ConfUtils.java:logGet(46)) - raft.server.log.appender.buffer.byte-limit = 33554432 (custom)
2022-10-18 21:55:51,204 [Listener at 127.0.0.1/43229] INFO  server.GrpcService (ConfUtils.java:logGet(46)) - raft.grpc.flow.control.window = 1MB (=1048576) (default)
2022-10-18 21:55:51,204 [Listener at 127.0.0.1/43229] INFO  server.RaftServerConfigKeys (ConfUtils.java:logGet(46)) - raft.server.rpc.request.timeout = 3000ms (default)
2022-10-18 21:55:51,204 [Listener at 127.0.0.1/43229] INFO  grpc.GrpcConfigKeys (ConfUtils.java:logGet(46)) - raft.grpc.server.async.request.thread.pool.cached = true (default)
2022-10-18 21:55:51,204 [Listener at 127.0.0.1/43229] INFO  grpc.GrpcConfigKeys (ConfUtils.java:logGet(46)) - raft.grpc.server.async.request.thread.pool.size = 32 (default)
2022-10-18 21:55:51,205 [Listener at 127.0.0.1/43229] INFO  impl.DataStreamServerImpl (ConfUtils.java:logGet(46)) - raft.datastream.type = DISABLED (default)
2022-10-18 21:55:51,205 [Listener at 127.0.0.1/43229] INFO  server.RaftServerConfigKeys (ConfUtils.java:logGet(46)) - raft.server.threadpool.proxy.cached = true (default)
2022-10-18 21:55:51,205 [Listener at 127.0.0.1/43229] INFO  server.RaftServerConfigKeys (ConfUtils.java:logGet(46)) - raft.server.threadpool.proxy.size = 0 (default)
2022-10-18 21:55:51,206 [Listener at 127.0.0.1/43229] INFO  server.RaftServerConfigKeys (ConfUtils.java:logGet(46)) - raft.server.rpc.slowness.timeout = 2s (custom)
2022-10-18 21:55:51,206 [Listener at 127.0.0.1/43229] INFO  server.RaftServerConfigKeys (ConfUtils.java:logGet(46)) - raft.server.leaderelection.leader.step-down.wait-time = 10s (default)
2022-10-18 21:55:51,206 [Listener at 127.0.0.1/43229] INFO  server.RaftServerConfigKeys (ConfUtils.java:logGet(46)) - raft.server.storage.dir = [/home/runner/work/ozone/ozone/hadoop-ozone/integration-test/target/test-dir/MiniOzoneClusterImpl-285291dc-83a3-4c49-94f6-5e759e1760ea/omNode-3/ratis] (custom)
2022-10-18 21:55:51,206 [omNode-3-impl-thread1] INFO  server.RaftServer (RaftServerProxy.java:initGroupDir(247)) - omNode-3: found a subdirectory /home/runner/work/ozone/ozone/hadoop-ozone/integration-test/target/test-dir/MiniOzoneClusterImpl-285291dc-83a3-4c49-94f6-5e759e1760ea/omNode-3/ratis/c9bc4cf4-3bc3-3c60-a66b-523986131536
2022-10-18 21:55:51,206 [Listener at 127.0.0.1/43229] INFO  server.RaftServer (RaftServerProxy.java:addNew(96)) - omNode-3: addNew group-523986131536:[omNode-3|rpc:localhost:38017|priority:0, omNode-1|rpc:localhost:35389|priority:0, omNode-2|rpc:localhost:45203|priority:0] returns group-523986131536:java.util.concurrent.CompletableFuture@210e8d34[Not completed]
2022-10-18 21:55:51,207 [Listener at 127.0.0.1/43229] INFO  om.OzoneManager (OzoneManager.java:initializeRatisServer(1975)) - OzoneManager Ratis server initialized at port 38017
2022-10-18 21:55:51,206 [pool-232-thread-1] INFO  server.RaftServer$Division (RaftServerImpl.java:<init>(190)) - omNode-3: new RaftServerImpl for group-523986131536:[omNode-3|rpc:localhost:38017|priority:0, omNode-1|rpc:localhost:35389|priority:0, omNode-2|rpc:localhost:45203|priority:0] with OzoneManagerStateMachine:uninitialized
2022-10-18 21:55:51,207 [Listener at 127.0.0.1/43229] INFO  ratis.OzoneManagerRatisServer (OzoneManagerRatisServer.java:start(555)) - Starting OzoneManagerRatisServer omNode-3 at port 38017
2022-10-18 21:55:51,207 [pool-232-thread-1] INFO  server.RaftServerConfigKeys (ConfUtils.java:logGet(46)) - raft.server.rpc.timeout.min = 1s (custom)
2022-10-18 21:55:51,207 [pool-232-thread-1] INFO  server.RaftServerConfigKeys (ConfUtils.java:logGet(46)) - raft.server.rpc.timeout.max = 1200ms (custom)
2022-10-18 21:55:51,207 [pool-232-thread-1] INFO  server.RaftServerConfigKeys (ConfUtils.java:logGet(46)) - raft.server.rpc.sleep.time = 25ms (default)
2022-10-18 21:55:51,207 [pool-232-thread-1] INFO  server.RaftServerConfigKeys (ConfUtils.java:logGet(46)) - raft.server.rpc.slowness.timeout = 2s (custom)
2022-10-18 21:55:51,207 [pool-232-thread-1] INFO  server.RaftServerConfigKeys (ConfUtils.java:logGet(46)) - raft.server.leaderelection.leader.step-down.wait-time = 10s (default)
2022-10-18 21:55:51,207 [pool-232-thread-1] INFO  server.RaftServerConfigKeys (ConfUtils.java:logGet(46)) - raft.server.sleep.deviation.threshold = 300ms (default)
2022-10-18 21:55:51,207 [pool-232-thread-1] INFO  server.RaftServer$Division (ServerState.java:<init>(107)) - omNode-3@group-523986131536: ConfigurationManager, init=-1: [omNode-3|rpc:localhost:38017|priority:0, omNode-1|rpc:localhost:35389|priority:0, omNode-2|rpc:localhost:45203|priority:0], old=null, confs=<EMPTY_MAP>
2022-10-18 21:55:51,207 [pool-232-thread-1] INFO  server.RaftServerConfigKeys (ConfUtils.java:logGet(46)) - raft.server.storage.dir = [/home/runner/work/ozone/ozone/hadoop-ozone/integration-test/target/test-dir/MiniOzoneClusterImpl-285291dc-83a3-4c49-94f6-5e759e1760ea/omNode-3/ratis] (custom)
2022-10-18 21:55:51,207 [pool-232-thread-1] INFO  server.RaftServerConfigKeys (ConfUtils.java:logGet(46)) - raft.server.log.corruption.policy = EXCEPTION (default)
2022-10-18 21:55:51,207 [pool-232-thread-1] INFO  server.RaftServerConfigKeys (ConfUtils.java:logGet(46)) - raft.server.storage.free-space.min = 0MB (=0) (default)
2022-10-18 21:55:51,208 [pool-232-thread-1] INFO  storage.RaftStorageDirectory (RaftStorageDirectoryImpl.java:tryLock(230)) - Lock on /home/runner/work/ozone/ozone/hadoop-ozone/integration-test/target/test-dir/MiniOzoneClusterImpl-285291dc-83a3-4c49-94f6-5e759e1760ea/omNode-3/ratis/c9bc4cf4-3bc3-3c60-a66b-523986131536/in_use.lock acquired by nodename 38880@fv-az368-376
2022-10-18 21:55:51,208 [pool-232-thread-1] INFO  storage.RaftStorage (RaftStorageImpl.java:analyzeAndRecoverStorage(110)) - Read RaftStorageMetadata{term=2, votedFor=omNode-2} from /home/runner/work/ozone/ozone/hadoop-ozone/integration-test/target/test-dir/MiniOzoneClusterImpl-285291dc-83a3-4c49-94f6-5e759e1760ea/omNode-3/ratis/c9bc4cf4-3bc3-3c60-a66b-523986131536/current/raft-meta
2022-10-18 21:55:51,209 [pool-232-thread-1] INFO  server.RaftServer$Division (ServerState.java:setRaftConf(393)) - omNode-3@group-523986131536: set configuration 21: [omNode-3|rpc:localhost:38017|admin:|client:|dataStream:|priority:0, omNode-1|rpc:localhost:35389|admin:|client:|dataStream:|priority:0, omNode-2|rpc:localhost:45203|admin:|client:|dataStream:|priority:0], old=null
2022-10-18 21:55:51,209 [pool-232-thread-1] INFO  server.RaftServerConfigKeys (ConfUtils.java:logGet(46)) - raft.server.notification.no-leader.timeout = 2s (custom)
2022-10-18 21:55:51,209 [pool-232-thread-1] INFO  server.RaftServerConfigKeys (ConfUtils.java:logGet(46)) - raft.server.log.use.memory = false (default)
2022-10-18 21:55:51,209 [pool-232-thread-1] INFO  server.RaftServerConfigKeys (ConfUtils.java:logGet(46)) - raft.server.log.purge.gap = 50 (custom)
2022-10-18 21:55:51,209 [pool-232-thread-1] INFO  server.RaftServerConfigKeys (ConfUtils.java:logGet(46)) - raft.server.log.appender.buffer.byte-limit = 33554432 (custom)
2022-10-18 21:55:51,209 [pool-232-thread-1] INFO  server.RaftServerConfigKeys (ConfUtils.java:logGet(46)) - raft.server.log.statemachine.data.read.timeout = 1000ms (default)
2022-10-18 21:55:51,209 [pool-232-thread-1] INFO  server.RaftServerConfigKeys (ConfUtils.java:logGet(46)) - raft.server.log.segment.size.max = 4194304 (custom)
2022-10-18 21:55:51,210 [pool-232-thread-1] INFO  server.RaftServerConfigKeys (ConfUtils.java:logGet(46)) - raft.server.log.segment.cache.num.max = 2 (custom)
2022-10-18 21:55:51,210 [pool-232-thread-1] INFO  server.RaftServerConfigKeys (ConfUtils.java:logGet(46)) - raft.server.log.segment.cache.size.max = 200MB (=209715200) (default)
2022-10-18 21:55:51,210 [pool-232-thread-1] INFO  segmented.SegmentedRaftLogWorker (SegmentedRaftLogWorker.java:<init>(187)) - new omNode-3@group-523986131536-SegmentedRaftLogWorker for RaftStorageImpl:Storage Directory /home/runner/work/ozone/ozone/hadoop-ozone/integration-test/target/test-dir/MiniOzoneClusterImpl-285291dc-83a3-4c49-94f6-5e759e1760ea/omNode-3/ratis/c9bc4cf4-3bc3-3c60-a66b-523986131536
2022-10-18 21:55:51,210 [pool-232-thread-1] INFO  server.RaftServerConfigKeys (ConfUtils.java:logGet(46)) - raft.server.log.queue.byte-limit = 64MB (=67108864) (default)
2022-10-18 21:55:51,210 [pool-232-thread-1] INFO  server.RaftServerConfigKeys (ConfUtils.java:logGet(46)) - raft.server.log.queue.element-limit = 4096 (default)
2022-10-18 21:55:51,210 [pool-232-thread-1] INFO  server.RaftServerConfigKeys (ConfUtils.java:logGet(46)) - raft.server.log.segment.size.max = 4194304 (custom)
2022-10-18 21:55:51,210 [pool-232-thread-1] INFO  server.RaftServerConfigKeys (ConfUtils.java:logGet(46)) - raft.server.log.preallocated.size = 4194304 (custom)
2022-10-18 21:55:51,210 [pool-232-thread-1] INFO  server.RaftServerConfigKeys (ConfUtils.java:logGet(46)) - raft.server.log.force.sync.num = 128 (default)
2022-10-18 21:55:51,210 [pool-232-thread-1] INFO  server.RaftServerConfigKeys (ConfUtils.java:logGet(46)) - raft.server.log.statemachine.data.sync = true (default)
2022-10-18 21:55:51,210 [pool-232-thread-1] INFO  server.RaftServerConfigKeys (ConfUtils.java:logGet(46)) - raft.server.log.statemachine.data.sync.timeout = 10s (default)
2022-10-18 21:55:51,210 [pool-232-thread-1] INFO  server.RaftServerConfigKeys (ConfUtils.java:logGet(46)) - raft.server.log.statemachine.data.sync.timeout.retry = -1 (default)
2022-10-18 21:55:51,210 [pool-232-thread-1] INFO  server.RaftServerConfigKeys (ConfUtils.java:logGet(46)) - raft.server.log.write.buffer.size = 64KB (=65536) (default)
2022-10-18 21:55:51,211 [pool-232-thread-1] INFO  server.RaftServerConfigKeys (ConfUtils.java:logGet(46)) - raft.server.log.unsafe-flush.enabled = false (default)
2022-10-18 21:55:51,211 [pool-232-thread-1] INFO  server.RaftServerConfigKeys (ConfUtils.java:logGet(46)) - raft.server.log.statemachine.data.caching.enabled = false (default)
2022-10-18 21:55:51,215 [pool-232-thread-1] INFO  server.RaftServer$Division (ServerState.java:setRaftConf(393)) - omNode-3@group-523986131536: set configuration 0: [omNode-3|rpc:localhost:38017|admin:|client:|dataStream:|priority:0, omNode-1|rpc:localhost:35389|admin:|client:|dataStream:|priority:0, omNode-2|rpc:localhost:45203|admin:|client:|dataStream:|priority:0], old=null
2022-10-18 21:55:51,216 [pool-232-thread-1] INFO  segmented.LogSegment (LogSegment.java:loadSegment(173)) - Successfully read 21 entries from segment file /home/runner/work/ozone/ozone/hadoop-ozone/integration-test/target/test-dir/MiniOzoneClusterImpl-285291dc-83a3-4c49-94f6-5e759e1760ea/omNode-3/ratis/c9bc4cf4-3bc3-3c60-a66b-523986131536/current/log_0-20
2022-10-18 21:55:51,217 [pool-232-thread-1] INFO  server.RaftServer$Division (ServerState.java:setRaftConf(393)) - omNode-3@group-523986131536: set configuration 21: [omNode-3|rpc:localhost:38017|admin:|client:|dataStream:|priority:0, omNode-1|rpc:localhost:35389|admin:|client:|dataStream:|priority:0, omNode-2|rpc:localhost:45203|admin:|client:|dataStream:|priority:0], old=null
2022-10-18 21:55:51,217 [pool-232-thread-1] INFO  segmented.LogSegment (LogSegment.java:loadSegment(173)) - Successfully read 10 entries from segment file /home/runner/work/ozone/ozone/hadoop-ozone/integration-test/target/test-dir/MiniOzoneClusterImpl-285291dc-83a3-4c49-94f6-5e759e1760ea/omNode-3/ratis/c9bc4cf4-3bc3-3c60-a66b-523986131536/current/log_inprogress_21
2022-10-18 21:55:51,218 [pool-232-thread-1] INFO  segmented.SegmentedRaftLogWorker (SegmentedRaftLogWorker.java:lambda$new$0(135)) - omNode-3@group-523986131536-SegmentedRaftLogWorker: flushIndex: setUnconditionally 0 -> 30
2022-10-18 21:55:51,218 [pool-232-thread-1] INFO  segmented.SegmentedRaftLogWorker (SegmentedRaftLogWorker.java:lambda$new$0(135)) - omNode-3@group-523986131536-SegmentedRaftLogWorker: safeCacheEvictIndex: setUnconditionally 0 -> 20
2022-10-18 21:55:51,218 [pool-232-thread-1] INFO  raftlog.RaftLog (RaftLogBase.java:lambda$new$0(53)) - omNode-3@group-523986131536-SegmentedRaftLog: commitIndex: updateToMax old=29, new=29, updated? false
2022-10-18 21:55:51,218 [pool-232-thread-1] INFO  server.RaftServerConfigKeys (ConfUtils.java:logGet(46)) - raft.server.snapshot.auto.trigger.enabled = true (custom)
2022-10-18 21:55:51,218 [pool-232-thread-1] INFO  server.RaftServerConfigKeys (ConfUtils.java:logGet(46)) - raft.server.snapshot.auto.trigger.threshold = 50 (custom)
2022-10-18 21:55:51,218 [pool-232-thread-1] INFO  server.RaftServerConfigKeys (ConfUtils.java:logGet(46)) - raft.server.snapshot.retention.file.num = -1 (default)
2022-10-18 21:55:51,218 [pool-232-thread-1] INFO  server.RaftServerConfigKeys (ConfUtils.java:logGet(46)) - raft.server.log.purge.upto.snapshot.index = true (custom)
2022-10-18 21:55:51,218 [pool-232-thread-1] INFO  server.RaftServerConfigKeys (ConfUtils.java:logGet(46)) - raft.server.retrycache.expirytime = 30000ms (custom)
2022-10-18 21:55:51,218 [pool-232-thread-1] INFO  server.RaftServerConfigKeys (ConfUtils.java:logGet(46)) - raft.server.retrycache.statistics.expirytime = 100μs (default)
2022-10-18 21:55:51,219 [pool-232-thread-1] INFO  server.RaftServerConfigKeys (ConfUtils.java:logGet(46)) - raft.server.log.appender.install.snapshot.enabled = false (custom)
2022-10-18 21:55:51,219 [pool-232-thread-1] INFO  server.RaftServerConfigKeys (ConfUtils.java:logGet(46)) - raft.server.threadpool.server.cached = true (default)
2022-10-18 21:55:51,219 [pool-232-thread-1] INFO  server.RaftServerConfigKeys (ConfUtils.java:logGet(46)) - raft.server.threadpool.server.size = 0 (default)
2022-10-18 21:55:51,219 [pool-232-thread-1] INFO  server.RaftServerConfigKeys (ConfUtils.java:logGet(46)) - raft.server.threadpool.client.cached = true (default)
2022-10-18 21:55:51,219 [pool-232-thread-1] INFO  server.RaftServerConfigKeys (ConfUtils.java:logGet(46)) - raft.server.threadpool.client.size = 0 (default)
2022-10-18 21:55:51,221 [omNode-3-impl-thread1] INFO  server.RaftServer$Division (RaftServerImpl.java:start(310)) - omNode-3@group-523986131536: start as a follower, conf=21: [omNode-3|rpc:localhost:38017|admin:|client:|dataStream:|priority:0, omNode-1|rpc:localhost:35389|admin:|client:|dataStream:|priority:0, omNode-2|rpc:localhost:45203|admin:|client:|dataStream:|priority:0], old=null
2022-10-18 21:55:51,221 [omNode-3-impl-thread1] INFO  server.RaftServer$Division (RaftServerImpl.java:setRole(299)) - omNode-3@group-523986131536: changes role from      null to FOLLOWER at term 2 for startAsFollower
2022-10-18 21:55:51,221 [omNode-3-impl-thread1] INFO  impl.RoleInfo (RoleInfo.java:updateAndGet(139)) - omNode-3: start omNode-3@group-523986131536-FollowerState
2022-10-18 21:55:51,222 [omNode-3-impl-thread1] INFO  util.JmxRegister (JmxRegister.java:tryRegister(44)) - Successfully registered JMX Bean with object name Ratis:service=RaftServer,group=group-523986131536,id=omNode-3
2022-10-18 21:55:51,223 [Listener at 127.0.0.1/43229] INFO  server.RaftServer (RaftServerProxy.java:lambda$start$6(382)) - omNode-3: start RPC server
2022-10-18 21:55:51,224 [Listener at 127.0.0.1/43229] INFO  server.GrpcService (GrpcService.java:startImpl(260)) - omNode-3: GrpcService started, listening on 38017
2022-10-18 21:55:51,224 [Listener at 127.0.0.1/43229] INFO  om.OzoneManager (OzoneManager.java:getRpcServer(1101)) - Creating RPC Server
2022-10-18 21:55:51,225 [org.apache.ratis.util.JvmPauseMonitor$$Lambda$703/854163851@12b7d6e1] INFO  util.JvmPauseMonitor (JvmPauseMonitor.java:run(103)) - JvmPauseMonitor-omNode-3: Started
2022-10-18 21:55:51,251 [grpc-default-executor-2] WARN  server.GrpcLogAppender (LogUtils.java:warn(122)) - omNode-2@group-523986131536->omNode-1-AppendLogResponseHandler: Failed appendEntries: org.apache.ratis.thirdparty.io.grpc.StatusRuntimeException: UNAVAILABLE: io exception
2022-10-18 21:55:51,251 [grpc-default-executor-2] WARN  server.GrpcLogAppender (GrpcLogAppender.java:resetClient(111)) - omNode-2@group-523986131536->omNode-1-GrpcLogAppender: Leader has not got in touch with Follower omNode-2@group-523986131536->omNode-1(c-1,m0,n31, attendVote=true, lastRpcSendTime=1, lastRpcResponseTime=8221) yet, just keep nextIndex unchanged and retry.
2022-10-18 21:55:51,431 [Listener at 127.0.0.1/43229] INFO  reflections.Reflections (Reflections.java:scan(232)) - Reflections took 205 ms to scan 19 urls, producing 67 keys and 4244 values [using 4 cores]
2022-10-18 21:55:51,432 [Listener at 127.0.0.1/43229] INFO  ipc.CallQueueManager (CallQueueManager.java:<init>(90)) - Using callQueue: class java.util.concurrent.LinkedBlockingQueue, queueCapacity: 2000, scheduler: class org.apache.hadoop.ipc.DefaultRpcScheduler, ipcBackoff: false.
2022-10-18 21:55:51,433 [Socket Reader #1 for port 43229] INFO  ipc.Server (Server.java:run(1273)) - Starting Socket Reader #1 for port 43229
2022-10-18 21:55:51,435 [Listener at localhost/43229] INFO  http.BaseHttpServer (BaseHttpServer.java:newHttpServer2BuilderForOzone(213)) - Starting Web-server for ozoneManager at: http://0.0.0.0:35093
2022-10-18 21:55:51,436 [Listener at localhost/43229] INFO  http.BaseHttpServer (BaseHttpServer.java:<init>(108)) - Hadoop Security Enabled: false Ozone Security Enabled: false Ozone HTTP Security Enabled: false 
2022-10-18 21:55:51,437 [Listener at localhost/43229] WARN  server.AuthenticationFilter (AuthenticationFilter.java:constructSecretProvider(240)) - Unable to initialize FileSignerSecretProvider, falling back to use random secrets. Reason: Could not read signature secret file: /home/runner/hadoop-http-auth-signature-secret
2022-10-18 21:55:51,438 [Listener at localhost/43229] WARN  http.HttpRequestLog (HttpRequestLog.java:getRequestLog(103)) - Jetty request log can only be enabled using Log4j
2022-10-18 21:55:51,439 [Listener at localhost/43229] INFO  http.HttpServer2 (HttpServer2.java:addGlobalFilter(1031)) - Added global filter 'safety' (class=org.apache.hadoop.hdds.server.http.HttpServer2$QuotingInputFilter)
2022-10-18 21:55:51,439 [Listener at localhost/43229] INFO  http.HttpServer2 (HttpServer2.java:addFilter(1007)) - Added filter static_user_filter (class=org.apache.hadoop.http.lib.StaticUserWebFilter$StaticUserFilter) to context ozoneManager
2022-10-18 21:55:51,439 [Listener at localhost/43229] INFO  http.HttpServer2 (HttpServer2.java:addFilter(1015)) - Added filter static_user_filter (class=org.apache.hadoop.http.lib.StaticUserWebFilter$StaticUserFilter) to context static
2022-10-18 21:55:51,439 [Listener at localhost/43229] INFO  http.HttpServer2 (HttpServer2.java:addFilter(1015)) - Added filter static_user_filter (class=org.apache.hadoop.http.lib.StaticUserWebFilter$StaticUserFilter) to context logs
2022-10-18 21:55:51,440 [Listener at localhost/43229] INFO  http.HttpServer2 (HttpServer2.java:bindListener(1250)) - Jetty bound to port 35093
2022-10-18 21:55:51,440 [Listener at localhost/43229] INFO  server.Server (Server.java:doStart(375)) - jetty-9.4.43.v20210629; built: 2021-06-30T11:07:22.254Z; git: 526006ecfa3af7f1a27ef3a288e2bef7ea9dd7e8; jvm 1.8.0_345-b01
2022-10-18 21:55:51,442 [Listener at localhost/43229] INFO  server.session (DefaultSessionIdManager.java:doStart(334)) - DefaultSessionIdManager workerName=node0
2022-10-18 21:55:51,442 [Listener at localhost/43229] INFO  server.session (DefaultSessionIdManager.java:doStart(339)) - No SessionScavenger set, using defaults
2022-10-18 21:55:51,442 [Listener at localhost/43229] INFO  server.session (HouseKeeper.java:startScavenging(132)) - node0 Scavenging every 660000ms
2022-10-18 21:55:51,443 [Listener at localhost/43229] INFO  handler.ContextHandler (ContextHandler.java:doStart(915)) - Started o.e.j.s.ServletContextHandler@695fd7e{logs,/logs,file:///home/runner/work/ozone/ozone/hadoop-ozone/integration-test/target/log,AVAILABLE}
2022-10-18 21:55:51,443 [Listener at localhost/43229] INFO  handler.ContextHandler (ContextHandler.java:doStart(915)) - Started o.e.j.s.ServletContextHandler@142efc4d{static,/static,file:///home/runner/work/ozone/ozone/hadoop-ozone/integration-test/target/test-classes/webapps/static,AVAILABLE}
2022-10-18 21:55:51,446 [Listener at localhost/43229] INFO  handler.ContextHandler (ContextHandler.java:doStart(915)) - Started o.e.j.w.WebAppContext@5caa2d8e{ozoneManager,/,file:///home/runner/work/ozone/ozone/hadoop-ozone/integration-test/target/test-classes/webapps/ozoneManager/,AVAILABLE}{file:/home/runner/work/ozone/ozone/hadoop-ozone/integration-test/target/test-classes/webapps/ozoneManager}
2022-10-18 21:55:51,449 [Listener at localhost/43229] INFO  server.AbstractConnector (AbstractConnector.java:doStart(331)) - Started ServerConnector@10aa5f84{HTTP/1.1, (http/1.1)}{0.0.0.0:35093}
2022-10-18 21:55:51,449 [Listener at localhost/43229] INFO  server.Server (Server.java:doStart(415)) - Started @34167ms
2022-10-18 21:55:51,449 [Listener at localhost/43229] WARN  impl.MetricsSystemImpl (MetricsSystemImpl.java:register(279)) - Sink prometheus already exists!
2022-10-18 21:55:51,450 [Listener at localhost/43229] INFO  http.BaseHttpServer (BaseHttpServer.java:updateConnectorAddress(333)) - HTTP server of ozoneManager listening at http://0.0.0.0:35093
2022-10-18 21:55:51,450 [IPC Server Responder] INFO  ipc.Server (Server.java:run(1512)) - IPC Server Responder: starting
2022-10-18 21:55:51,451 [IPC Server listener on 43229] INFO  ipc.Server (Server.java:run(1352)) - IPC Server listener on 43229: starting
2022-10-18 21:55:51,453 [Listener at localhost/43229] INFO  om.OzoneManager (OzoneManager.java:startTrashEmptier(1919)) - Trash Interval set to 0. Files deleted won't move to trash
2022-10-18 21:55:51,454 [Listener at localhost/43229] INFO  om.OzoneManager (OzoneManager.java:stop(2034)) - omNode-1[localhost:39907]: Stopping Ozone Manager
2022-10-18 21:55:51,454 [org.apache.hadoop.util.JvmPauseMonitor$Monitor@22c0b71f] INFO  util.JvmPauseMonitor (JvmPauseMonitor.java:run(188)) - Starting JVM pause monitor
2022-10-18 21:55:51,454 [Listener at localhost/43229] INFO  om.OzoneManager (OzoneManager.java:restart(1571)) - OzoneManager RPC server is listening at localhost/127.0.0.1:39907
2022-10-18 21:55:51,454 [Listener at localhost/43229] INFO  impl.MetricsSystemImpl (MetricsSystemImpl.java:init(158)) - OzoneManager metrics system started (again)
2022-10-18 21:55:51,468 [Listener at localhost/43229] WARN  server.ServerUtils (ServerUtils.java:getDBPath(225)) - ozone.om.db.dirs is not configured. We recommend adding this setting. Falling back to ozone.metadata.dirs instead.
2022-10-18 21:55:51,468 [Listener at localhost/43229] INFO  codec.OmKeyInfoCodec (OmKeyInfoCodec.java:<init>(49)) - OmKeyInfoCodec ignorePipeline = true
2022-10-18 21:55:51,468 [Listener at localhost/43229] INFO  codec.RepeatedOmKeyInfoCodec (RepeatedOmKeyInfoCodec.java:<init>(41)) - RepeatedOmKeyInfoCodec ignorePipeline = true
2022-10-18 21:55:51,497 [Listener at localhost/43229] INFO  om.OzoneManager (OzoneManager.java:instantiateServices(712)) - S3 Multi-Tenancy is disabled
2022-10-18 21:55:51,499 [Listener at localhost/43229] WARN  impl.MetricRegistriesImpl (MetricRegistriesImpl.java:addReporterRegistration(111)) - New reporters are added after registries were created. Some metrics will be missing from the reporter. Please add reporter before adding any new registry.
2022-10-18 21:55:51,499 [Listener at localhost/43229] WARN  impl.MetricRegistriesImpl (MetricRegistriesImpl.java:addReporterRegistration(111)) - New reporters are added after registries were created. Some metrics will be missing from the reporter. Please add reporter before adding any new registry.
2022-10-18 21:55:51,499 [Listener at localhost/43229] WARN  server.ServerUtils (ServerUtils.java:getDefaultRatisDirectory(237)) - Storage directory for Ratis is not configured. It is a good idea to map this to an SSD disk. Falling back to ozone.metadata.dirs
2022-10-18 21:55:51,501 [grpc-default-executor-2] WARN  server.GrpcLogAppender (LogUtils.java:warn(122)) - omNode-2@group-523986131536->omNode-1-AppendLogResponseHandler: Failed appendEntries: org.apache.ratis.thirdparty.io.grpc.StatusRuntimeException: UNAVAILABLE: io exception
2022-10-18 21:55:51,501 [Listener at localhost/43229] INFO  ratis.OzoneManagerRatisServer (OzoneManagerRatisServer.java:<init>(160)) - Instantiating OM Ratis server with groupID: om-service-test1 and peers: localhost:35389, localhost:38017, localhost:45203
2022-10-18 21:55:51,501 [Listener at localhost/43229] INFO  ratis.OzoneManagerStateMachine (OzoneManagerStateMachine.java:loadSnapshotInfoFromDB(632)) - LastAppliedIndex is set from TransactionInfo from OM DB as (t:1, i:20)
2022-10-18 21:55:51,501 [grpc-default-executor-2] WARN  server.GrpcLogAppender (GrpcLogAppender.java:resetClient(111)) - omNode-2@group-523986131536->omNode-1-GrpcLogAppender: Leader has not got in touch with Follower omNode-2@group-523986131536->omNode-1(c-1,m0,n31, attendVote=true, lastRpcSendTime=0, lastRpcResponseTime=8470) yet, just keep nextIndex unchanged and retry.
2022-10-18 21:55:51,501 [Listener at localhost/43229] INFO  server.RaftServer (ConfUtils.java:logGet(46)) - raft.rpc.type = GRPC (default)
2022-10-18 21:55:51,501 [Listener at localhost/43229] INFO  grpc.GrpcFactory (GrpcFactory.java:checkPooledByteBufAllocatorUseCacheForAllThreads(48)) - PERFORMANCE WARNING: useCacheForAllThreads is true that may cause Netty to create a lot garbage objects and, as a result, trigger GC.
	It is recommended to disable useCacheForAllThreads by setting -Dorg.apache.ratis.thirdparty.io.netty.allocator.useCacheForAllThreads=false in command line.
2022-10-18 21:55:51,502 [Listener at localhost/43229] INFO  grpc.GrpcConfigKeys (ConfUtils.java:logGet(46)) - raft.grpc.admin.port = -1 (default)
2022-10-18 21:55:51,502 [Listener at localhost/43229] INFO  grpc.GrpcConfigKeys (ConfUtils.java:logGet(46)) - raft.grpc.server.port = 35389 (custom)
2022-10-18 21:55:51,502 [Listener at localhost/43229] INFO  grpc.GrpcConfigKeys (ConfUtils.java:logGet(46)) - raft.grpc.client.port = -1 (default)
2022-10-18 21:55:51,502 [Listener at localhost/43229] INFO  grpc.GrpcConfigKeys (ConfUtils.java:logGet(46)) - raft.grpc.server.port = 35389 (custom)
2022-10-18 21:55:51,502 [Listener at localhost/43229] INFO  grpc.GrpcConfigKeys (ConfUtils.java:logGet(46)) - raft.grpc.server.port = 35389 (custom)
2022-10-18 21:55:51,502 [Listener at localhost/43229] INFO  server.GrpcService (ConfUtils.java:logGet(46)) - raft.grpc.message.size.max = 33554432 (custom)
2022-10-18 21:55:51,502 [Listener at localhost/43229] INFO  server.RaftServerConfigKeys (ConfUtils.java:logGet(46)) - raft.server.log.appender.buffer.byte-limit = 33554432 (custom)
2022-10-18 21:55:51,502 [Listener at localhost/43229] INFO  server.GrpcService (ConfUtils.java:logGet(46)) - raft.grpc.flow.control.window = 1MB (=1048576) (default)
2022-10-18 21:55:51,502 [Listener at localhost/43229] INFO  server.RaftServerConfigKeys (ConfUtils.java:logGet(46)) - raft.server.rpc.request.timeout = 3000ms (default)
2022-10-18 21:55:51,503 [Listener at localhost/43229] INFO  grpc.GrpcConfigKeys (ConfUtils.java:logGet(46)) - raft.grpc.server.async.request.thread.pool.cached = true (default)
2022-10-18 21:55:51,503 [Listener at localhost/43229] INFO  grpc.GrpcConfigKeys (ConfUtils.java:logGet(46)) - raft.grpc.server.async.request.thread.pool.size = 32 (default)
2022-10-18 21:55:51,503 [Listener at localhost/43229] INFO  impl.DataStreamServerImpl (ConfUtils.java:logGet(46)) - raft.datastream.type = DISABLED (default)
2022-10-18 21:55:51,504 [Listener at localhost/43229] INFO  server.RaftServerConfigKeys (ConfUtils.java:logGet(46)) - raft.server.threadpool.proxy.cached = true (default)
2022-10-18 21:55:51,504 [Listener at localhost/43229] INFO  server.RaftServerConfigKeys (ConfUtils.java:logGet(46)) - raft.server.threadpool.proxy.size = 0 (default)
2022-10-18 21:55:51,504 [Listener at localhost/43229] INFO  server.RaftServerConfigKeys (ConfUtils.java:logGet(46)) - raft.server.rpc.slowness.timeout = 2s (custom)
2022-10-18 21:55:51,504 [Listener at localhost/43229] INFO  server.RaftServerConfigKeys (ConfUtils.java:logGet(46)) - raft.server.leaderelection.leader.step-down.wait-time = 10s (default)
2022-10-18 21:55:51,504 [Listener at localhost/43229] INFO  server.RaftServerConfigKeys (ConfUtils.java:logGet(46)) - raft.server.storage.dir = [/home/runner/work/ozone/ozone/hadoop-ozone/integration-test/target/test-dir/MiniOzoneClusterImpl-285291dc-83a3-4c49-94f6-5e759e1760ea/omNode-1/ratis] (custom)
2022-10-18 21:55:51,504 [omNode-1-impl-thread1] INFO  server.RaftServer (RaftServerProxy.java:initGroupDir(247)) - omNode-1: found a subdirectory /home/runner/work/ozone/ozone/hadoop-ozone/integration-test/target/test-dir/MiniOzoneClusterImpl-285291dc-83a3-4c49-94f6-5e759e1760ea/omNode-1/ratis/c9bc4cf4-3bc3-3c60-a66b-523986131536
2022-10-18 21:55:51,504 [Listener at localhost/43229] INFO  server.RaftServer (RaftServerProxy.java:addNew(96)) - omNode-1: addNew group-523986131536:[omNode-3|rpc:localhost:38017|priority:0, omNode-1|rpc:localhost:35389|priority:0, omNode-2|rpc:localhost:45203|priority:0] returns group-523986131536:java.util.concurrent.CompletableFuture@183216fe[Not completed]
2022-10-18 21:55:51,504 [pool-256-thread-1] INFO  server.RaftServer$Division (RaftServerImpl.java:<init>(190)) - omNode-1: new RaftServerImpl for group-523986131536:[omNode-3|rpc:localhost:38017|priority:0, omNode-1|rpc:localhost:35389|priority:0, omNode-2|rpc:localhost:45203|priority:0] with OzoneManagerStateMachine:uninitialized
2022-10-18 21:55:51,505 [Listener at localhost/43229] INFO  om.OzoneManager (OzoneManager.java:initializeRatisServer(1975)) - OzoneManager Ratis server initialized at port 35389
2022-10-18 21:55:51,505 [pool-256-thread-1] INFO  server.RaftServerConfigKeys (ConfUtils.java:logGet(46)) - raft.server.rpc.timeout.min = 1s (custom)
2022-10-18 21:55:51,505 [Listener at localhost/43229] INFO  ratis.OzoneManagerRatisServer (OzoneManagerRatisServer.java:start(555)) - Starting OzoneManagerRatisServer omNode-1 at port 35389
2022-10-18 21:55:51,505 [pool-256-thread-1] INFO  server.RaftServerConfigKeys (ConfUtils.java:logGet(46)) - raft.server.rpc.timeout.max = 1200ms (custom)
2022-10-18 21:55:51,505 [pool-256-thread-1] INFO  server.RaftServerConfigKeys (ConfUtils.java:logGet(46)) - raft.server.rpc.sleep.time = 25ms (default)
2022-10-18 21:55:51,505 [pool-256-thread-1] INFO  server.RaftServerConfigKeys (ConfUtils.java:logGet(46)) - raft.server.rpc.slowness.timeout = 2s (custom)
2022-10-18 21:55:51,505 [pool-256-thread-1] INFO  server.RaftServerConfigKeys (ConfUtils.java:logGet(46)) - raft.server.leaderelection.leader.step-down.wait-time = 10s (default)
2022-10-18 21:55:51,505 [pool-256-thread-1] INFO  server.RaftServerConfigKeys (ConfUtils.java:logGet(46)) - raft.server.sleep.deviation.threshold = 300ms (default)
2022-10-18 21:55:51,505 [pool-256-thread-1] INFO  server.RaftServer$Division (ServerState.java:<init>(107)) - omNode-1@group-523986131536: ConfigurationManager, init=-1: [omNode-3|rpc:localhost:38017|priority:0, omNode-1|rpc:localhost:35389|priority:0, omNode-2|rpc:localhost:45203|priority:0], old=null, confs=<EMPTY_MAP>
2022-10-18 21:55:51,505 [pool-256-thread-1] INFO  server.RaftServerConfigKeys (ConfUtils.java:logGet(46)) - raft.server.storage.dir = [/home/runner/work/ozone/ozone/hadoop-ozone/integration-test/target/test-dir/MiniOzoneClusterImpl-285291dc-83a3-4c49-94f6-5e759e1760ea/omNode-1/ratis] (custom)
2022-10-18 21:55:51,505 [pool-256-thread-1] INFO  server.RaftServerConfigKeys (ConfUtils.java:logGet(46)) - raft.server.log.corruption.policy = EXCEPTION (default)
2022-10-18 21:55:51,505 [pool-256-thread-1] INFO  server.RaftServerConfigKeys (ConfUtils.java:logGet(46)) - raft.server.storage.free-space.min = 0MB (=0) (default)
2022-10-18 21:55:51,506 [pool-256-thread-1] INFO  storage.RaftStorageDirectory (RaftStorageDirectoryImpl.java:tryLock(230)) - Lock on /home/runner/work/ozone/ozone/hadoop-ozone/integration-test/target/test-dir/MiniOzoneClusterImpl-285291dc-83a3-4c49-94f6-5e759e1760ea/omNode-1/ratis/c9bc4cf4-3bc3-3c60-a66b-523986131536/in_use.lock acquired by nodename 38880@fv-az368-376
2022-10-18 21:55:51,506 [pool-256-thread-1] INFO  storage.RaftStorage (RaftStorageImpl.java:analyzeAndRecoverStorage(110)) - Read RaftStorageMetadata{term=1, votedFor=omNode-1} from /home/runner/work/ozone/ozone/hadoop-ozone/integration-test/target/test-dir/MiniOzoneClusterImpl-285291dc-83a3-4c49-94f6-5e759e1760ea/omNode-1/ratis/c9bc4cf4-3bc3-3c60-a66b-523986131536/current/raft-meta
2022-10-18 21:55:51,506 [pool-256-thread-1] INFO  server.RaftServer$Division (ServerState.java:setRaftConf(393)) - omNode-1@group-523986131536: set configuration 0: [omNode-3|rpc:localhost:38017|admin:|client:|dataStream:|priority:0, omNode-1|rpc:localhost:35389|admin:|client:|dataStream:|priority:0, omNode-2|rpc:localhost:45203|admin:|client:|dataStream:|priority:0], old=null
2022-10-18 21:55:51,506 [pool-256-thread-1] INFO  server.RaftServerConfigKeys (ConfUtils.java:logGet(46)) - raft.server.notification.no-leader.timeout = 2s (custom)
2022-10-18 21:55:51,506 [pool-256-thread-1] INFO  server.RaftServerConfigKeys (ConfUtils.java:logGet(46)) - raft.server.log.use.memory = false (default)
2022-10-18 21:55:51,506 [pool-256-thread-1] INFO  server.RaftServerConfigKeys (ConfUtils.java:logGet(46)) - raft.server.log.purge.gap = 50 (custom)
2022-10-18 21:55:51,506 [pool-256-thread-1] INFO  server.RaftServerConfigKeys (ConfUtils.java:logGet(46)) - raft.server.log.appender.buffer.byte-limit = 33554432 (custom)
2022-10-18 21:55:51,506 [pool-256-thread-1] INFO  server.RaftServerConfigKeys (ConfUtils.java:logGet(46)) - raft.server.log.statemachine.data.read.timeout = 1000ms (default)
2022-10-18 21:55:51,507 [pool-256-thread-1] INFO  server.RaftServerConfigKeys (ConfUtils.java:logGet(46)) - raft.server.log.segment.size.max = 4194304 (custom)
2022-10-18 21:55:51,507 [pool-256-thread-1] INFO  server.RaftServerConfigKeys (ConfUtils.java:logGet(46)) - raft.server.log.segment.cache.num.max = 2 (custom)
2022-10-18 21:55:51,507 [pool-256-thread-1] INFO  server.RaftServerConfigKeys (ConfUtils.java:logGet(46)) - raft.server.log.segment.cache.size.max = 200MB (=209715200) (default)
2022-10-18 21:55:51,507 [pool-256-thread-1] INFO  segmented.SegmentedRaftLogWorker (SegmentedRaftLogWorker.java:<init>(187)) - new omNode-1@group-523986131536-SegmentedRaftLogWorker for RaftStorageImpl:Storage Directory /home/runner/work/ozone/ozone/hadoop-ozone/integration-test/target/test-dir/MiniOzoneClusterImpl-285291dc-83a3-4c49-94f6-5e759e1760ea/omNode-1/ratis/c9bc4cf4-3bc3-3c60-a66b-523986131536
2022-10-18 21:55:51,507 [pool-256-thread-1] INFO  server.RaftServerConfigKeys (ConfUtils.java:logGet(46)) - raft.server.log.queue.byte-limit = 64MB (=67108864) (default)
2022-10-18 21:55:51,507 [pool-256-thread-1] INFO  server.RaftServerConfigKeys (ConfUtils.java:logGet(46)) - raft.server.log.queue.element-limit = 4096 (default)
2022-10-18 21:55:51,507 [pool-256-thread-1] INFO  server.RaftServerConfigKeys (ConfUtils.java:logGet(46)) - raft.server.log.segment.size.max = 4194304 (custom)
2022-10-18 21:55:51,507 [pool-256-thread-1] INFO  server.RaftServerConfigKeys (ConfUtils.java:logGet(46)) - raft.server.log.preallocated.size = 4194304 (custom)
2022-10-18 21:55:51,507 [pool-256-thread-1] INFO  server.RaftServerConfigKeys (ConfUtils.java:logGet(46)) - raft.server.log.force.sync.num = 128 (default)
2022-10-18 21:55:51,507 [pool-256-thread-1] INFO  server.RaftServerConfigKeys (ConfUtils.java:logGet(46)) - raft.server.log.statemachine.data.sync = true (default)
2022-10-18 21:55:51,507 [pool-256-thread-1] INFO  server.RaftServerConfigKeys (ConfUtils.java:logGet(46)) - raft.server.log.statemachine.data.sync.timeout = 10s (default)
2022-10-18 21:55:51,507 [pool-256-thread-1] INFO  server.RaftServerConfigKeys (ConfUtils.java:logGet(46)) - raft.server.log.statemachine.data.sync.timeout.retry = -1 (default)
2022-10-18 21:55:51,507 [pool-256-thread-1] INFO  server.RaftServerConfigKeys (ConfUtils.java:logGet(46)) - raft.server.log.write.buffer.size = 64KB (=65536) (default)
2022-10-18 21:55:51,507 [pool-256-thread-1] INFO  server.RaftServerConfigKeys (ConfUtils.java:logGet(46)) - raft.server.log.unsafe-flush.enabled = false (default)
2022-10-18 21:55:51,507 [pool-256-thread-1] INFO  server.RaftServerConfigKeys (ConfUtils.java:logGet(46)) - raft.server.log.statemachine.data.caching.enabled = false (default)
2022-10-18 21:55:51,508 [pool-256-thread-1] INFO  server.RaftServer$Division (ServerState.java:setRaftConf(393)) - omNode-1@group-523986131536: set configuration 0: [omNode-3|rpc:localhost:38017|admin:|client:|dataStream:|priority:0, omNode-1|rpc:localhost:35389|admin:|client:|dataStream:|priority:0, omNode-2|rpc:localhost:45203|admin:|client:|dataStream:|priority:0], old=null
2022-10-18 21:55:51,508 [pool-256-thread-1] INFO  segmented.LogSegment (LogSegment.java:loadSegment(173)) - Successfully read 21 entries from segment file /home/runner/work/ozone/ozone/hadoop-ozone/integration-test/target/test-dir/MiniOzoneClusterImpl-285291dc-83a3-4c49-94f6-5e759e1760ea/omNode-1/ratis/c9bc4cf4-3bc3-3c60-a66b-523986131536/current/log_inprogress_0
2022-10-18 21:55:51,513 [pool-256-thread-1] INFO  segmented.SegmentedRaftLogWorker (SegmentedRaftLogWorker.java:lambda$new$0(135)) - omNode-1@group-523986131536-SegmentedRaftLogWorker: flushIndex: setUnconditionally 0 -> 20
2022-10-18 21:55:51,513 [pool-256-thread-1] INFO  segmented.SegmentedRaftLogWorker (SegmentedRaftLogWorker.java:lambda$new$0(135)) - omNode-1@group-523986131536-SegmentedRaftLogWorker: safeCacheEvictIndex: setUnconditionally 0 -> -1
2022-10-18 21:55:51,513 [pool-256-thread-1] INFO  raftlog.RaftLog (RaftLogBase.java:lambda$new$0(53)) - omNode-1@group-523986131536-SegmentedRaftLog: commitIndex: updateToMax old=20, new=19, updated? false
2022-10-18 21:55:51,517 [pool-256-thread-1] INFO  server.RaftServerConfigKeys (ConfUtils.java:logGet(46)) - raft.server.snapshot.auto.trigger.enabled = true (custom)
2022-10-18 21:55:51,517 [pool-256-thread-1] INFO  server.RaftServerConfigKeys (ConfUtils.java:logGet(46)) - raft.server.snapshot.auto.trigger.threshold = 50 (custom)
2022-10-18 21:55:51,517 [pool-256-thread-1] INFO  server.RaftServerConfigKeys (ConfUtils.java:logGet(46)) - raft.server.snapshot.retention.file.num = -1 (default)
2022-10-18 21:55:51,517 [pool-256-thread-1] INFO  server.RaftServerConfigKeys (ConfUtils.java:logGet(46)) - raft.server.log.purge.upto.snapshot.index = true (custom)
2022-10-18 21:55:51,517 [pool-256-thread-1] INFO  server.RaftServerConfigKeys (ConfUtils.java:logGet(46)) - raft.server.retrycache.expirytime = 30000ms (custom)
2022-10-18 21:55:51,517 [pool-256-thread-1] INFO  server.RaftServerConfigKeys (ConfUtils.java:logGet(46)) - raft.server.retrycache.statistics.expirytime = 100μs (default)
2022-10-18 21:55:51,518 [pool-256-thread-1] INFO  server.RaftServerConfigKeys (ConfUtils.java:logGet(46)) - raft.server.log.appender.install.snapshot.enabled = false (custom)
2022-10-18 21:55:51,518 [pool-256-thread-1] INFO  server.RaftServerConfigKeys (ConfUtils.java:logGet(46)) - raft.server.threadpool.server.cached = true (default)
2022-10-18 21:55:51,518 [pool-256-thread-1] INFO  server.RaftServerConfigKeys (ConfUtils.java:logGet(46)) - raft.server.threadpool.server.size = 0 (default)
2022-10-18 21:55:51,518 [pool-256-thread-1] INFO  server.RaftServerConfigKeys (ConfUtils.java:logGet(46)) - raft.server.threadpool.client.cached = true (default)
2022-10-18 21:55:51,518 [pool-256-thread-1] INFO  server.RaftServerConfigKeys (ConfUtils.java:logGet(46)) - raft.server.threadpool.client.size = 0 (default)
2022-10-18 21:55:51,518 [omNode-1-impl-thread1] INFO  server.RaftServer$Division (RaftServerImpl.java:start(310)) - omNode-1@group-523986131536: start as a follower, conf=0: [omNode-3|rpc:localhost:38017|admin:|client:|dataStream:|priority:0, omNode-1|rpc:localhost:35389|admin:|client:|dataStream:|priority:0, omNode-2|rpc:localhost:45203|admin:|client:|dataStream:|priority:0], old=null
2022-10-18 21:55:51,518 [omNode-1-impl-thread1] INFO  server.RaftServer$Division (RaftServerImpl.java:setRole(299)) - omNode-1@group-523986131536: changes role from      null to FOLLOWER at term 1 for startAsFollower
2022-10-18 21:55:51,518 [omNode-1-impl-thread1] INFO  impl.RoleInfo (RoleInfo.java:updateAndGet(139)) - omNode-1: start omNode-1@group-523986131536-FollowerState
2022-10-18 21:55:51,518 [omNode-1-impl-thread1] INFO  util.JmxRegister (JmxRegister.java:tryRegister(44)) - Successfully registered JMX Bean with object name Ratis:service=RaftServer,group=group-523986131536,id=omNode-1
2022-10-18 21:55:51,519 [Listener at localhost/43229] INFO  server.RaftServer (RaftServerProxy.java:lambda$start$6(382)) - omNode-1: start RPC server
2022-10-18 21:55:51,521 [Listener at localhost/43229] INFO  server.GrpcService (GrpcService.java:startImpl(260)) - omNode-1: GrpcService started, listening on 35389
2022-10-18 21:55:51,521 [Listener at localhost/43229] INFO  om.OzoneManager (OzoneManager.java:getRpcServer(1101)) - Creating RPC Server
2022-10-18 21:55:51,521 [org.apache.ratis.util.JvmPauseMonitor$$Lambda$703/854163851@2c684f4e] INFO  util.JvmPauseMonitor (JvmPauseMonitor.java:run(103)) - JvmPauseMonitor-omNode-1: Started
2022-10-18 21:55:51,591 [grpc-default-executor-2] WARN  server.GrpcLogAppender (LogUtils.java:warn(122)) - omNode-2@group-523986131536->omNode-3-AppendLogResponseHandler: Failed appendEntries: org.apache.ratis.thirdparty.io.grpc.StatusRuntimeException: UNAVAILABLE: io exception
2022-10-18 21:55:51,592 [grpc-default-executor-2] INFO  leader.FollowerInfo (FollowerInfoImpl.java:lambda$new$0(48)) - omNode-2@group-523986131536->omNode-3: nextIndex: updateUnconditionally 31 -> 30
2022-10-18 21:55:51,741 [Listener at localhost/43229] INFO  reflections.Reflections (Reflections.java:scan(232)) - Reflections took 219 ms to scan 19 urls, producing 67 keys and 4244 values [using 4 cores]
2022-10-18 21:55:51,743 [Listener at localhost/43229] INFO  ipc.CallQueueManager (CallQueueManager.java:<init>(90)) - Using callQueue: class java.util.concurrent.LinkedBlockingQueue, queueCapacity: 2000, scheduler: class org.apache.hadoop.ipc.DefaultRpcScheduler, ipcBackoff: false.
2022-10-18 21:55:51,743 [Socket Reader #1 for port 39907] INFO  ipc.Server (Server.java:run(1273)) - Starting Socket Reader #1 for port 39907
2022-10-18 21:55:51,746 [Listener at localhost/39907] INFO  http.BaseHttpServer (BaseHttpServer.java:newHttpServer2BuilderForOzone(213)) - Starting Web-server for ozoneManager at: http://0.0.0.0:34983
2022-10-18 21:55:51,746 [Listener at localhost/39907] INFO  http.BaseHttpServer (BaseHttpServer.java:<init>(108)) - Hadoop Security Enabled: false Ozone Security Enabled: false Ozone HTTP Security Enabled: false 
2022-10-18 21:55:51,748 [Listener at localhost/39907] WARN  server.AuthenticationFilter (AuthenticationFilter.java:constructSecretProvider(240)) - Unable to initialize FileSignerSecretProvider, falling back to use random secrets. Reason: Could not read signature secret file: /home/runner/hadoop-http-auth-signature-secret
2022-10-18 21:55:51,748 [Listener at localhost/39907] WARN  http.HttpRequestLog (HttpRequestLog.java:getRequestLog(103)) - Jetty request log can only be enabled using Log4j
2022-10-18 21:55:51,750 [Listener at localhost/39907] INFO  http.HttpServer2 (HttpServer2.java:addGlobalFilter(1031)) - Added global filter 'safety' (class=org.apache.hadoop.hdds.server.http.HttpServer2$QuotingInputFilter)
2022-10-18 21:55:51,751 [Listener at localhost/39907] INFO  http.HttpServer2 (HttpServer2.java:addFilter(1007)) - Added filter static_user_filter (class=org.apache.hadoop.http.lib.StaticUserWebFilter$StaticUserFilter) to context ozoneManager
2022-10-18 21:55:51,751 [grpc-default-executor-2] WARN  server.GrpcLogAppender (LogUtils.java:warn(122)) - omNode-2@group-523986131536->omNode-1-AppendLogResponseHandler: Failed appendEntries: org.apache.ratis.thirdparty.io.grpc.StatusRuntimeException: UNAVAILABLE: io exception
2022-10-18 21:55:51,751 [Listener at localhost/39907] INFO  http.HttpServer2 (HttpServer2.java:addFilter(1015)) - Added filter static_user_filter (class=org.apache.hadoop.http.lib.StaticUserWebFilter$StaticUserFilter) to context logs
2022-10-18 21:55:51,751 [Listener at localhost/39907] INFO  http.HttpServer2 (HttpServer2.java:addFilter(1015)) - Added filter static_user_filter (class=org.apache.hadoop.http.lib.StaticUserWebFilter$StaticUserFilter) to context static
2022-10-18 21:55:51,752 [grpc-default-executor-2] WARN  server.GrpcLogAppender (GrpcLogAppender.java:resetClient(111)) - omNode-2@group-523986131536->omNode-1-GrpcLogAppender: Leader has not got in touch with Follower omNode-2@group-523986131536->omNode-1(c-1,m0,n31, attendVote=true, lastRpcSendTime=0, lastRpcResponseTime=8721) yet, just keep nextIndex unchanged and retry.
2022-10-18 21:55:51,752 [Listener at localhost/39907] INFO  http.HttpServer2 (HttpServer2.java:bindListener(1250)) - Jetty bound to port 34983
2022-10-18 21:55:51,752 [Listener at localhost/39907] INFO  server.Server (Server.java:doStart(375)) - jetty-9.4.43.v20210629; built: 2021-06-30T11:07:22.254Z; git: 526006ecfa3af7f1a27ef3a288e2bef7ea9dd7e8; jvm 1.8.0_345-b01
2022-10-18 21:55:51,753 [Listener at localhost/39907] INFO  server.session (DefaultSessionIdManager.java:doStart(334)) - DefaultSessionIdManager workerName=node0
2022-10-18 21:55:51,753 [Listener at localhost/39907] INFO  server.session (DefaultSessionIdManager.java:doStart(339)) - No SessionScavenger set, using defaults
2022-10-18 21:55:51,753 [Listener at localhost/39907] INFO  server.session (HouseKeeper.java:startScavenging(132)) - node0 Scavenging every 600000ms
2022-10-18 21:55:51,754 [Listener at localhost/39907] INFO  handler.ContextHandler (ContextHandler.java:doStart(915)) - Started o.e.j.s.ServletContextHandler@3236e30{logs,/logs,file:///home/runner/work/ozone/ozone/hadoop-ozone/integration-test/target/log,AVAILABLE}
2022-10-18 21:55:51,754 [Listener at localhost/39907] INFO  handler.ContextHandler (ContextHandler.java:doStart(915)) - Started o.e.j.s.ServletContextHandler@3bda8856{static,/static,file:///home/runner/work/ozone/ozone/hadoop-ozone/integration-test/target/test-classes/webapps/static,AVAILABLE}
2022-10-18 21:55:51,756 [Listener at localhost/39907] INFO  handler.ContextHandler (ContextHandler.java:doStart(915)) - Started o.e.j.w.WebAppContext@34a8a412{ozoneManager,/,file:///home/runner/work/ozone/ozone/hadoop-ozone/integration-test/target/test-classes/webapps/ozoneManager/,AVAILABLE}{file:/home/runner/work/ozone/ozone/hadoop-ozone/integration-test/target/test-classes/webapps/ozoneManager}
2022-10-18 21:55:51,758 [Listener at localhost/39907] INFO  server.AbstractConnector (AbstractConnector.java:doStart(331)) - Started ServerConnector@5d97e0cd{HTTP/1.1, (http/1.1)}{0.0.0.0:34983}
2022-10-18 21:55:51,758 [Listener at localhost/39907] INFO  server.Server (Server.java:doStart(415)) - Started @34477ms
2022-10-18 21:55:51,758 [Listener at localhost/39907] WARN  impl.MetricsSystemImpl (MetricsSystemImpl.java:register(279)) - Sink prometheus already exists!
2022-10-18 21:55:51,759 [Listener at localhost/39907] INFO  http.BaseHttpServer (BaseHttpServer.java:updateConnectorAddress(333)) - HTTP server of ozoneManager listening at http://0.0.0.0:34983
2022-10-18 21:55:51,759 [IPC Server Responder] INFO  ipc.Server (Server.java:run(1512)) - IPC Server Responder: starting
2022-10-18 21:55:51,759 [IPC Server listener on 39907] INFO  ipc.Server (Server.java:run(1352)) - IPC Server listener on 39907: starting
2022-10-18 21:55:51,762 [Listener at localhost/39907] INFO  om.OzoneManager (OzoneManager.java:startTrashEmptier(1919)) - Trash Interval set to 0. Files deleted won't move to trash
2022-10-18 21:55:51,762 [Listener at localhost/39907] INFO  om.OzoneManager (OzoneManager.java:stop(2034)) - omNode-2[localhost:45943]: Stopping Ozone Manager
2022-10-18 21:55:51,762 [org.apache.hadoop.util.JvmPauseMonitor$Monitor@7c1c416d] INFO  util.JvmPauseMonitor (JvmPauseMonitor.java:run(188)) - Starting JVM pause monitor
2022-10-18 21:55:51,762 [Listener at localhost/39907] INFO  ipc.Server (Server.java:stop(3428)) - Stopping server on 45943
2022-10-18 21:55:51,764 [IPC Server listener on 45943] INFO  ipc.Server (Server.java:run(1384)) - Stopping IPC Server listener on 45943
2022-10-18 21:55:51,764 [IPC Server Responder] INFO  ipc.Server (Server.java:run(1517)) - Stopping IPC Server Responder
2022-10-18 21:55:51,765 [Listener at localhost/39907] INFO  server.RaftServer (RaftServerProxy.java:lambda$close$7(398)) - omNode-2: close
2022-10-18 21:55:51,765 [Listener at localhost/39907] INFO  server.RaftServer$Division (RaftServerImpl.java:lambda$close$4(434)) - omNode-2@group-523986131536: shutdown
2022-10-18 21:55:51,765 [Listener at localhost/39907] INFO  util.JmxRegister (JmxRegister.java:unregister(73)) - Successfully un-registered JMX Bean with object name Ratis:service=RaftServer,group=group-523986131536,id=omNode-2
2022-10-18 21:55:51,765 [Listener at localhost/39907] INFO  impl.RoleInfo (RoleInfo.java:shutdownLeaderState(93)) - omNode-2: shutdown omNode-2@group-523986131536-LeaderStateImpl
2022-10-18 21:55:51,765 [Listener at localhost/39907] INFO  impl.PendingRequests (PendingRequests.java:sendNotLeaderResponses(282)) - omNode-2@group-523986131536-PendingRequests: sendNotLeaderResponses
2022-10-18 21:55:51,765 [omNode-2@group-523986131536->omNode-3-GrpcLogAppender-LogAppenderDaemon] WARN  server.GrpcLogAppender (GrpcLogAppender.java:mayWait(171)) - omNode-2@group-523986131536->omNode-3-GrpcLogAppender: Wait interrupted by java.lang.InterruptedException
2022-10-18 21:55:51,769 [Listener at localhost/39907] INFO  impl.StateMachineUpdater (StateMachineUpdater.java:stopAndJoin(153)) - omNode-2@group-523986131536-StateMachineUpdater: set stopIndex = 30
2022-10-18 21:55:51,770 [omNode-2@group-523986131536-StateMachineUpdater] INFO  ratis.OzoneManagerStateMachine (OzoneManagerStateMachine.java:takeSnapshot(441)) - Current Snapshot Index (t:2, i:30)
2022-10-18 21:55:51,770 [omNode-2@group-523986131536-StateMachineUpdater] INFO  impl.StateMachineUpdater (StateMachineUpdater.java:takeSnapshot(287)) - omNode-2@group-523986131536-StateMachineUpdater: Took a snapshot at index 30
2022-10-18 21:55:51,770 [omNode-2@group-523986131536-StateMachineUpdater] INFO  impl.StateMachineUpdater (StateMachineUpdater.java:lambda$new$0(92)) - omNode-2@group-523986131536-StateMachineUpdater: snapshotIndex: updateIncreasingly -1 -> 30
2022-10-18 21:55:51,770 [omNode-2@group-523986131536-StateMachineUpdater] INFO  ratis.OzoneManagerStateMachine (OzoneManagerStateMachine.java:close(495)) - StateMachine has shutdown. Shutdown OzoneManager if not already shutdown.
2022-10-18 21:55:51,770 [omNode-2@group-523986131536-StateMachineUpdater] INFO  ratis.OzoneManagerDoubleBuffer (OzoneManagerDoubleBuffer.java:stop(466)) - Stopping OMDoubleBuffer flush thread
2022-10-18 21:55:51,770 [OMDoubleBufferFlushThread] INFO  ratis.OzoneManagerDoubleBuffer (OzoneManagerDoubleBuffer.java:flushTransactions(385)) - OMDoubleBuffer flush thread OMDoubleBufferFlushThread is interrupted and will exit.
2022-10-18 21:55:51,771 [Listener at localhost/39907] INFO  server.RaftServer$Division (ServerState.java:close(429)) - omNode-2@group-523986131536: closes. applyIndex: 30
2022-10-18 21:55:51,771 [omNode-2@group-523986131536-SegmentedRaftLogWorker] INFO  segmented.SegmentedRaftLogWorker (SegmentedRaftLogWorker.java:run(336)) - omNode-2@group-523986131536-SegmentedRaftLogWorker was interrupted, exiting. There are 0 tasks remaining in the queue.
2022-10-18 21:55:51,772 [Listener at localhost/39907] INFO  segmented.SegmentedRaftLogWorker (SegmentedRaftLogWorker.java:close(246)) - omNode-2@group-523986131536-SegmentedRaftLogWorker close()
2022-10-18 21:55:51,773 [Listener at localhost/39907] INFO  server.GrpcService (GrpcService.java:closeImpl(269)) - omNode-2: shutdown server with port 45203 now
2022-10-18 21:55:51,776 [Listener at localhost/39907] INFO  server.GrpcService (GrpcService.java:closeImpl(278)) - omNode-2: shutdown server with port 45203 successfully
2022-10-18 21:55:51,776 [org.apache.ratis.util.JvmPauseMonitor$$Lambda$703/854163851@2441e2d3] INFO  util.JvmPauseMonitor (JvmPauseMonitor.java:run(109)) - JvmPauseMonitor-omNode-2: Stopped
2022-10-18 21:55:51,776 [Listener at localhost/39907] INFO  ratis.OzoneManagerStateMachine (OzoneManagerStateMachine.java:close(495)) - StateMachine has shutdown. Shutdown OzoneManager if not already shutdown.
2022-10-18 21:55:51,776 [Listener at localhost/39907] INFO  ratis.OzoneManagerDoubleBuffer (OzoneManagerDoubleBuffer.java:stop(478)) - OMDoubleBuffer flush thread is not running.
2022-10-18 21:55:51,776 [Listener at localhost/39907] INFO  utils.BackgroundService (BackgroundService.java:shutdown(141)) - Shutting down service KeyDeletingService
2022-10-18 21:55:51,777 [Listener at localhost/39907] INFO  utils.BackgroundService (BackgroundService.java:shutdown(141)) - Shutting down service DirectoryDeletingService
2022-10-18 21:55:51,777 [Listener at localhost/39907] INFO  utils.BackgroundService (BackgroundService.java:shutdown(141)) - Shutting down service OpenKeyCleanupService
2022-10-18 21:55:51,777 [Listener at localhost/39907] INFO  handler.ContextHandler (ContextHandler.java:doStop(1153)) - Stopped o.e.j.w.WebAppContext@39e79429{ozoneManager,/,null,STOPPED}{file:/home/runner/work/ozone/ozone/hadoop-ozone/integration-test/target/test-classes/webapps/ozoneManager}
2022-10-18 21:55:51,778 [Listener at localhost/39907] INFO  server.AbstractConnector (AbstractConnector.java:doStop(381)) - Stopped ServerConnector@236e2729{HTTP/1.1, (http/1.1)}{0.0.0.0:33741}
2022-10-18 21:55:51,778 [Listener at localhost/39907] INFO  server.session (HouseKeeper.java:stopScavenging(149)) - node0 Stopped scavenging
2022-10-18 21:55:51,778 [Listener at localhost/39907] INFO  handler.ContextHandler (ContextHandler.java:doStop(1153)) - Stopped o.e.j.s.ServletContextHandler@4d256e0{static,/static,file:///home/runner/work/ozone/ozone/hadoop-ozone/integration-test/target/test-classes/webapps/static,STOPPED}
2022-10-18 21:55:51,778 [Listener at localhost/39907] INFO  handler.ContextHandler (ContextHandler.java:doStop(1153)) - Stopped o.e.j.s.ServletContextHandler@74d9afea{logs,/logs,file:///home/runner/work/ozone/ozone/hadoop-ozone/integration-test/target/log,STOPPED}
2022-10-18 21:55:51,779 [Listener at localhost/39907] INFO  om.OzoneManager (OzoneManager.java:restart(1571)) - OzoneManager RPC server is listening at localhost/127.0.0.1:45943
2022-10-18 21:55:51,780 [Listener at localhost/39907] INFO  impl.MetricsSystemImpl (MetricsSystemImpl.java:init(158)) - OzoneManager metrics system started (again)
2022-10-18 21:55:51,789 [Listener at localhost/39907] WARN  server.ServerUtils (ServerUtils.java:getDBPath(225)) - ozone.om.db.dirs is not configured. We recommend adding this setting. Falling back to ozone.metadata.dirs instead.
2022-10-18 21:55:51,789 [Listener at localhost/39907] INFO  codec.OmKeyInfoCodec (OmKeyInfoCodec.java:<init>(49)) - OmKeyInfoCodec ignorePipeline = true
2022-10-18 21:55:51,789 [Listener at localhost/39907] INFO  codec.RepeatedOmKeyInfoCodec (RepeatedOmKeyInfoCodec.java:<init>(41)) - RepeatedOmKeyInfoCodec ignorePipeline = true
2022-10-18 21:55:51,812 [Listener at localhost/39907] INFO  om.OzoneManager (OzoneManager.java:instantiateServices(712)) - S3 Multi-Tenancy is disabled
2022-10-18 21:55:51,813 [Listener at localhost/39907] WARN  server.ServerUtils (ServerUtils.java:getDefaultRatisDirectory(237)) - Storage directory for Ratis is not configured. It is a good idea to map this to an SSD disk. Falling back to ozone.metadata.dirs
2022-10-18 21:55:51,814 [Listener at localhost/39907] INFO  ratis.OzoneManagerRatisServer (OzoneManagerRatisServer.java:<init>(160)) - Instantiating OM Ratis server with groupID: om-service-test1 and peers: localhost:45203, localhost:38017, localhost:35389
2022-10-18 21:55:51,814 [Listener at localhost/39907] INFO  ratis.OzoneManagerStateMachine (OzoneManagerStateMachine.java:loadSnapshotInfoFromDB(632)) - LastAppliedIndex is set from TransactionInfo from OM DB as (t:2, i:30)
2022-10-18 21:55:51,815 [Listener at localhost/39907] INFO  server.RaftServer (ConfUtils.java:logGet(46)) - raft.rpc.type = GRPC (default)
2022-10-18 21:55:51,815 [Listener at localhost/39907] INFO  grpc.GrpcFactory (GrpcFactory.java:checkPooledByteBufAllocatorUseCacheForAllThreads(48)) - PERFORMANCE WARNING: useCacheForAllThreads is true that may cause Netty to create a lot garbage objects and, as a result, trigger GC.
	It is recommended to disable useCacheForAllThreads by setting -Dorg.apache.ratis.thirdparty.io.netty.allocator.useCacheForAllThreads=false in command line.
2022-10-18 21:55:51,815 [Listener at localhost/39907] INFO  grpc.GrpcConfigKeys (ConfUtils.java:logGet(46)) - raft.grpc.admin.port = -1 (default)
2022-10-18 21:55:51,815 [Listener at localhost/39907] INFO  grpc.GrpcConfigKeys (ConfUtils.java:logGet(46)) - raft.grpc.server.port = 45203 (custom)
2022-10-18 21:55:51,815 [Listener at localhost/39907] INFO  grpc.GrpcConfigKeys (ConfUtils.java:logGet(46)) - raft.grpc.client.port = -1 (default)
2022-10-18 21:55:51,815 [Listener at localhost/39907] INFO  grpc.GrpcConfigKeys (ConfUtils.java:logGet(46)) - raft.grpc.server.port = 45203 (custom)
2022-10-18 21:55:51,815 [Listener at localhost/39907] INFO  grpc.GrpcConfigKeys (ConfUtils.java:logGet(46)) - raft.grpc.server.port = 45203 (custom)
2022-10-18 21:55:51,815 [Listener at localhost/39907] INFO  server.GrpcService (ConfUtils.java:logGet(46)) - raft.grpc.message.size.max = 33554432 (custom)
2022-10-18 21:55:51,815 [Listener at localhost/39907] INFO  server.RaftServerConfigKeys (ConfUtils.java:logGet(46)) - raft.server.log.appender.buffer.byte-limit = 33554432 (custom)
2022-10-18 21:55:51,815 [Listener at localhost/39907] INFO  server.GrpcService (ConfUtils.java:logGet(46)) - raft.grpc.flow.control.window = 1MB (=1048576) (default)
2022-10-18 21:55:51,815 [Listener at localhost/39907] INFO  server.RaftServerConfigKeys (ConfUtils.java:logGet(46)) - raft.server.rpc.request.timeout = 3000ms (default)
2022-10-18 21:55:51,816 [Listener at localhost/39907] INFO  grpc.GrpcConfigKeys (ConfUtils.java:logGet(46)) - raft.grpc.server.async.request.thread.pool.cached = true (default)
2022-10-18 21:55:51,816 [Listener at localhost/39907] INFO  grpc.GrpcConfigKeys (ConfUtils.java:logGet(46)) - raft.grpc.server.async.request.thread.pool.size = 32 (default)
2022-10-18 21:55:51,817 [Listener at localhost/39907] INFO  impl.DataStreamServerImpl (ConfUtils.java:logGet(46)) - raft.datastream.type = DISABLED (default)
2022-10-18 21:55:51,817 [Listener at localhost/39907] INFO  server.RaftServerConfigKeys (ConfUtils.java:logGet(46)) - raft.server.threadpool.proxy.cached = true (default)
2022-10-18 21:55:51,817 [Listener at localhost/39907] INFO  server.RaftServerConfigKeys (ConfUtils.java:logGet(46)) - raft.server.threadpool.proxy.size = 0 (default)
2022-10-18 21:55:51,817 [Listener at localhost/39907] INFO  server.RaftServerConfigKeys (ConfUtils.java:logGet(46)) - raft.server.rpc.slowness.timeout = 2s (custom)
2022-10-18 21:55:51,817 [Listener at localhost/39907] INFO  server.RaftServerConfigKeys (ConfUtils.java:logGet(46)) - raft.server.leaderelection.leader.step-down.wait-time = 10s (default)
2022-10-18 21:55:51,817 [Listener at localhost/39907] INFO  server.RaftServerConfigKeys (ConfUtils.java:logGet(46)) - raft.server.storage.dir = [/home/runner/work/ozone/ozone/hadoop-ozone/integration-test/target/test-dir/MiniOzoneClusterImpl-285291dc-83a3-4c49-94f6-5e759e1760ea/omNode-2/ratis] (custom)
2022-10-18 21:55:51,818 [omNode-2-impl-thread1] INFO  server.RaftServer (RaftServerProxy.java:initGroupDir(247)) - omNode-2: found a subdirectory /home/runner/work/ozone/ozone/hadoop-ozone/integration-test/target/test-dir/MiniOzoneClusterImpl-285291dc-83a3-4c49-94f6-5e759e1760ea/omNode-2/ratis/c9bc4cf4-3bc3-3c60-a66b-523986131536
2022-10-18 21:55:51,818 [Listener at localhost/39907] INFO  server.RaftServer (RaftServerProxy.java:addNew(96)) - omNode-2: addNew group-523986131536:[omNode-3|rpc:localhost:38017|priority:0, omNode-1|rpc:localhost:35389|priority:0, omNode-2|rpc:localhost:45203|priority:0] returns group-523986131536:java.util.concurrent.CompletableFuture@26e877ed[Not completed]
2022-10-18 21:55:51,818 [pool-280-thread-1] INFO  server.RaftServer$Division (RaftServerImpl.java:<init>(190)) - omNode-2: new RaftServerImpl for group-523986131536:[omNode-3|rpc:localhost:38017|priority:0, omNode-1|rpc:localhost:35389|priority:0, omNode-2|rpc:localhost:45203|priority:0] with OzoneManagerStateMachine:uninitialized
2022-10-18 21:55:51,818 [Listener at localhost/39907] INFO  om.OzoneManager (OzoneManager.java:initializeRatisServer(1975)) - OzoneManager Ratis server initialized at port 45203
2022-10-18 21:55:51,818 [pool-280-thread-1] INFO  server.RaftServerConfigKeys (ConfUtils.java:logGet(46)) - raft.server.rpc.timeout.min = 1s (custom)
2022-10-18 21:55:51,818 [Listener at localhost/39907] INFO  ratis.OzoneManagerRatisServer (OzoneManagerRatisServer.java:start(555)) - Starting OzoneManagerRatisServer omNode-2 at port 45203
2022-10-18 21:55:51,818 [pool-280-thread-1] INFO  server.RaftServerConfigKeys (ConfUtils.java:logGet(46)) - raft.server.rpc.timeout.max = 1200ms (custom)
2022-10-18 21:55:51,818 [pool-280-thread-1] INFO  server.RaftServerConfigKeys (ConfUtils.java:logGet(46)) - raft.server.rpc.sleep.time = 25ms (default)
2022-10-18 21:55:51,818 [pool-280-thread-1] INFO  server.RaftServerConfigKeys (ConfUtils.java:logGet(46)) - raft.server.rpc.slowness.timeout = 2s (custom)
2022-10-18 21:55:51,818 [pool-280-thread-1] INFO  server.RaftServerConfigKeys (ConfUtils.java:logGet(46)) - raft.server.leaderelection.leader.step-down.wait-time = 10s (default)
2022-10-18 21:55:51,818 [pool-280-thread-1] INFO  server.RaftServerConfigKeys (ConfUtils.java:logGet(46)) - raft.server.sleep.deviation.threshold = 300ms (default)
2022-10-18 21:55:51,818 [pool-280-thread-1] INFO  server.RaftServer$Division (ServerState.java:<init>(107)) - omNode-2@group-523986131536: ConfigurationManager, init=-1: [omNode-3|rpc:localhost:38017|priority:0, omNode-1|rpc:localhost:35389|priority:0, omNode-2|rpc:localhost:45203|priority:0], old=null, confs=<EMPTY_MAP>
2022-10-18 21:55:51,819 [pool-280-thread-1] INFO  server.RaftServerConfigKeys (ConfUtils.java:logGet(46)) - raft.server.storage.dir = [/home/runner/work/ozone/ozone/hadoop-ozone/integration-test/target/test-dir/MiniOzoneClusterImpl-285291dc-83a3-4c49-94f6-5e759e1760ea/omNode-2/ratis] (custom)
2022-10-18 21:55:51,819 [pool-280-thread-1] INFO  server.RaftServerConfigKeys (ConfUtils.java:logGet(46)) - raft.server.log.corruption.policy = EXCEPTION (default)
2022-10-18 21:55:51,819 [pool-280-thread-1] INFO  server.RaftServerConfigKeys (ConfUtils.java:logGet(46)) - raft.server.storage.free-space.min = 0MB (=0) (default)
2022-10-18 21:55:51,819 [pool-280-thread-1] INFO  storage.RaftStorageDirectory (RaftStorageDirectoryImpl.java:tryLock(230)) - Lock on /home/runner/work/ozone/ozone/hadoop-ozone/integration-test/target/test-dir/MiniOzoneClusterImpl-285291dc-83a3-4c49-94f6-5e759e1760ea/omNode-2/ratis/c9bc4cf4-3bc3-3c60-a66b-523986131536/in_use.lock acquired by nodename 38880@fv-az368-376
2022-10-18 21:55:51,819 [pool-280-thread-1] INFO  storage.RaftStorage (RaftStorageImpl.java:analyzeAndRecoverStorage(110)) - Read RaftStorageMetadata{term=2, votedFor=omNode-2} from /home/runner/work/ozone/ozone/hadoop-ozone/integration-test/target/test-dir/MiniOzoneClusterImpl-285291dc-83a3-4c49-94f6-5e759e1760ea/omNode-2/ratis/c9bc4cf4-3bc3-3c60-a66b-523986131536/current/raft-meta
2022-10-18 21:55:51,820 [pool-280-thread-1] INFO  server.RaftServer$Division (ServerState.java:setRaftConf(393)) - omNode-2@group-523986131536: set configuration 21: [omNode-3|rpc:localhost:38017|admin:|client:|dataStream:|priority:0, omNode-1|rpc:localhost:35389|admin:|client:|dataStream:|priority:0, omNode-2|rpc:localhost:45203|admin:|client:|dataStream:|priority:0], old=null
2022-10-18 21:55:51,820 [pool-280-thread-1] INFO  server.RaftServerConfigKeys (ConfUtils.java:logGet(46)) - raft.server.notification.no-leader.timeout = 2s (custom)
2022-10-18 21:55:51,820 [pool-280-thread-1] INFO  server.RaftServerConfigKeys (ConfUtils.java:logGet(46)) - raft.server.log.use.memory = false (default)
2022-10-18 21:55:51,820 [pool-280-thread-1] INFO  server.RaftServerConfigKeys (ConfUtils.java:logGet(46)) - raft.server.log.purge.gap = 50 (custom)
2022-10-18 21:55:51,820 [pool-280-thread-1] INFO  server.RaftServerConfigKeys (ConfUtils.java:logGet(46)) - raft.server.log.appender.buffer.byte-limit = 33554432 (custom)
2022-10-18 21:55:51,820 [pool-280-thread-1] INFO  server.RaftServerConfigKeys (ConfUtils.java:logGet(46)) - raft.server.log.statemachine.data.read.timeout = 1000ms (default)
2022-10-18 21:55:51,820 [pool-280-thread-1] INFO  server.RaftServerConfigKeys (ConfUtils.java:logGet(46)) - raft.server.log.segment.size.max = 4194304 (custom)
2022-10-18 21:55:51,821 [pool-280-thread-1] INFO  server.RaftServerConfigKeys (ConfUtils.java:logGet(46)) - raft.server.log.segment.cache.num.max = 2 (custom)
2022-10-18 21:55:51,821 [pool-280-thread-1] INFO  server.RaftServerConfigKeys (ConfUtils.java:logGet(46)) - raft.server.log.segment.cache.size.max = 200MB (=209715200) (default)
2022-10-18 21:55:51,821 [pool-280-thread-1] INFO  segmented.SegmentedRaftLogWorker (SegmentedRaftLogWorker.java:<init>(187)) - new omNode-2@group-523986131536-SegmentedRaftLogWorker for RaftStorageImpl:Storage Directory /home/runner/work/ozone/ozone/hadoop-ozone/integration-test/target/test-dir/MiniOzoneClusterImpl-285291dc-83a3-4c49-94f6-5e759e1760ea/omNode-2/ratis/c9bc4cf4-3bc3-3c60-a66b-523986131536
2022-10-18 21:55:51,821 [pool-280-thread-1] INFO  server.RaftServerConfigKeys (ConfUtils.java:logGet(46)) - raft.server.log.queue.byte-limit = 64MB (=67108864) (default)
2022-10-18 21:55:51,821 [pool-280-thread-1] INFO  server.RaftServerConfigKeys (ConfUtils.java:logGet(46)) - raft.server.log.queue.element-limit = 4096 (default)
2022-10-18 21:55:51,821 [pool-280-thread-1] INFO  server.RaftServerConfigKeys (ConfUtils.java:logGet(46)) - raft.server.log.segment.size.max = 4194304 (custom)
2022-10-18 21:55:51,821 [pool-280-thread-1] INFO  server.RaftServerConfigKeys (ConfUtils.java:logGet(46)) - raft.server.log.preallocated.size = 4194304 (custom)
2022-10-18 21:55:51,821 [pool-280-thread-1] INFO  server.RaftServerConfigKeys (ConfUtils.java:logGet(46)) - raft.server.log.force.sync.num = 128 (default)
2022-10-18 21:55:51,821 [pool-280-thread-1] INFO  server.RaftServerConfigKeys (ConfUtils.java:logGet(46)) - raft.server.log.statemachine.data.sync = true (default)
2022-10-18 21:55:51,821 [pool-280-thread-1] INFO  server.RaftServerConfigKeys (ConfUtils.java:logGet(46)) - raft.server.log.statemachine.data.sync.timeout = 10s (default)
2022-10-18 21:55:51,821 [pool-280-thread-1] INFO  server.RaftServerConfigKeys (ConfUtils.java:logGet(46)) - raft.server.log.statemachine.data.sync.timeout.retry = -1 (default)
2022-10-18 21:55:51,821 [pool-280-thread-1] INFO  server.RaftServerConfigKeys (ConfUtils.java:logGet(46)) - raft.server.log.write.buffer.size = 64KB (=65536) (default)
2022-10-18 21:55:51,822 [pool-280-thread-1] INFO  server.RaftServerConfigKeys (ConfUtils.java:logGet(46)) - raft.server.log.unsafe-flush.enabled = false (default)
2022-10-18 21:55:51,822 [pool-280-thread-1] INFO  server.RaftServerConfigKeys (ConfUtils.java:logGet(46)) - raft.server.log.statemachine.data.caching.enabled = false (default)
2022-10-18 21:55:51,822 [pool-280-thread-1] INFO  server.RaftServer$Division (ServerState.java:setRaftConf(393)) - omNode-2@group-523986131536: set configuration 0: [omNode-3|rpc:localhost:38017|admin:|client:|dataStream:|priority:0, omNode-1|rpc:localhost:35389|admin:|client:|dataStream:|priority:0, omNode-2|rpc:localhost:45203|admin:|client:|dataStream:|priority:0], old=null
2022-10-18 21:55:51,823 [pool-280-thread-1] INFO  segmented.LogSegment (LogSegment.java:loadSegment(173)) - Successfully read 21 entries from segment file /home/runner/work/ozone/ozone/hadoop-ozone/integration-test/target/test-dir/MiniOzoneClusterImpl-285291dc-83a3-4c49-94f6-5e759e1760ea/omNode-2/ratis/c9bc4cf4-3bc3-3c60-a66b-523986131536/current/log_0-20
2022-10-18 21:55:51,823 [pool-280-thread-1] INFO  server.RaftServer$Division (ServerState.java:setRaftConf(393)) - omNode-2@group-523986131536: set configuration 21: [omNode-3|rpc:localhost:38017|admin:|client:|dataStream:|priority:0, omNode-1|rpc:localhost:35389|admin:|client:|dataStream:|priority:0, omNode-2|rpc:localhost:45203|admin:|client:|dataStream:|priority:0], old=null
2022-10-18 21:55:51,823 [pool-280-thread-1] INFO  segmented.LogSegment (LogSegment.java:loadSegment(173)) - Successfully read 10 entries from segment file /home/runner/work/ozone/ozone/hadoop-ozone/integration-test/target/test-dir/MiniOzoneClusterImpl-285291dc-83a3-4c49-94f6-5e759e1760ea/omNode-2/ratis/c9bc4cf4-3bc3-3c60-a66b-523986131536/current/log_inprogress_21
2022-10-18 21:55:51,823 [pool-280-thread-1] INFO  segmented.SegmentedRaftLogWorker (SegmentedRaftLogWorker.java:lambda$new$0(135)) - omNode-2@group-523986131536-SegmentedRaftLogWorker: flushIndex: setUnconditionally 0 -> 30
2022-10-18 21:55:51,823 [pool-280-thread-1] INFO  segmented.SegmentedRaftLogWorker (SegmentedRaftLogWorker.java:lambda$new$0(135)) - omNode-2@group-523986131536-SegmentedRaftLogWorker: safeCacheEvictIndex: setUnconditionally 0 -> 20
2022-10-18 21:55:51,824 [pool-280-thread-1] INFO  raftlog.RaftLog (RaftLogBase.java:lambda$new$0(53)) - omNode-2@group-523986131536-SegmentedRaftLog: commitIndex: updateToMax old=30, new=29, updated? false
2022-10-18 21:55:51,824 [pool-280-thread-1] INFO  server.RaftServerConfigKeys (ConfUtils.java:logGet(46)) - raft.server.snapshot.auto.trigger.enabled = true (custom)
2022-10-18 21:55:51,824 [pool-280-thread-1] INFO  server.RaftServerConfigKeys (ConfUtils.java:logGet(46)) - raft.server.snapshot.auto.trigger.threshold = 50 (custom)
2022-10-18 21:55:51,824 [pool-280-thread-1] INFO  server.RaftServerConfigKeys (ConfUtils.java:logGet(46)) - raft.server.snapshot.retention.file.num = -1 (default)
2022-10-18 21:55:51,824 [pool-280-thread-1] INFO  server.RaftServerConfigKeys (ConfUtils.java:logGet(46)) - raft.server.log.purge.upto.snapshot.index = true (custom)
2022-10-18 21:55:51,824 [pool-280-thread-1] INFO  server.RaftServerConfigKeys (ConfUtils.java:logGet(46)) - raft.server.retrycache.expirytime = 30000ms (custom)
2022-10-18 21:55:51,824 [pool-280-thread-1] INFO  server.RaftServerConfigKeys (ConfUtils.java:logGet(46)) - raft.server.retrycache.statistics.expirytime = 100μs (default)
2022-10-18 21:55:51,825 [pool-280-thread-1] INFO  server.RaftServerConfigKeys (ConfUtils.java:logGet(46)) - raft.server.log.appender.install.snapshot.enabled = false (custom)
2022-10-18 21:55:51,825 [pool-280-thread-1] INFO  server.RaftServerConfigKeys (ConfUtils.java:logGet(46)) - raft.server.threadpool.server.cached = true (default)
2022-10-18 21:55:51,825 [pool-280-thread-1] INFO  server.RaftServerConfigKeys (ConfUtils.java:logGet(46)) - raft.server.threadpool.server.size = 0 (default)
2022-10-18 21:55:51,825 [pool-280-thread-1] INFO  server.RaftServerConfigKeys (ConfUtils.java:logGet(46)) - raft.server.threadpool.client.cached = true (default)
2022-10-18 21:55:51,825 [pool-280-thread-1] INFO  server.RaftServerConfigKeys (ConfUtils.java:logGet(46)) - raft.server.threadpool.client.size = 0 (default)
2022-10-18 21:55:51,825 [omNode-2-impl-thread1] INFO  server.RaftServer$Division (RaftServerImpl.java:start(310)) - omNode-2@group-523986131536: start as a follower, conf=21: [omNode-3|rpc:localhost:38017|admin:|client:|dataStream:|priority:0, omNode-1|rpc:localhost:35389|admin:|client:|dataStream:|priority:0, omNode-2|rpc:localhost:45203|admin:|client:|dataStream:|priority:0], old=null
2022-10-18 21:55:51,825 [omNode-2-impl-thread1] INFO  server.RaftServer$Division (RaftServerImpl.java:setRole(299)) - omNode-2@group-523986131536: changes role from      null to FOLLOWER at term 2 for startAsFollower
2022-10-18 21:55:51,825 [omNode-2-impl-thread1] INFO  impl.RoleInfo (RoleInfo.java:updateAndGet(139)) - omNode-2: start omNode-2@group-523986131536-FollowerState
2022-10-18 21:55:51,825 [omNode-2-impl-thread1] INFO  util.JmxRegister (JmxRegister.java:tryRegister(44)) - Successfully registered JMX Bean with object name Ratis:service=RaftServer,group=group-523986131536,id=omNode-2
2022-10-18 21:55:51,826 [Listener at localhost/39907] INFO  server.RaftServer (RaftServerProxy.java:lambda$start$6(382)) - omNode-2: start RPC server
2022-10-18 21:55:51,828 [Listener at localhost/39907] INFO  server.GrpcService (GrpcService.java:startImpl(260)) - omNode-2: GrpcService started, listening on 45203
2022-10-18 21:55:51,828 [Listener at localhost/39907] INFO  om.OzoneManager (OzoneManager.java:getRpcServer(1101)) - Creating RPC Server
2022-10-18 21:55:51,828 [org.apache.ratis.util.JvmPauseMonitor$$Lambda$703/854163851@6b059523] INFO  util.JvmPauseMonitor (JvmPauseMonitor.java:run(103)) - JvmPauseMonitor-omNode-2: Started
2022-10-18 21:55:52,037 [Listener at localhost/39907] INFO  reflections.Reflections (Reflections.java:scan(232)) - Reflections took 208 ms to scan 19 urls, producing 67 keys and 4244 values [using 4 cores]
2022-10-18 21:55:52,039 [Listener at localhost/39907] INFO  ipc.CallQueueManager (CallQueueManager.java:<init>(90)) - Using callQueue: class java.util.concurrent.LinkedBlockingQueue, queueCapacity: 2000, scheduler: class org.apache.hadoop.ipc.DefaultRpcScheduler, ipcBackoff: false.
2022-10-18 21:55:52,040 [Socket Reader #1 for port 45943] INFO  ipc.Server (Server.java:run(1273)) - Starting Socket Reader #1 for port 45943
2022-10-18 21:55:52,042 [Listener at localhost/45943] INFO  http.BaseHttpServer (BaseHttpServer.java:newHttpServer2BuilderForOzone(213)) - Starting Web-server for ozoneManager at: http://0.0.0.0:33741
2022-10-18 21:55:52,042 [Listener at localhost/45943] INFO  http.BaseHttpServer (BaseHttpServer.java:<init>(108)) - Hadoop Security Enabled: false Ozone Security Enabled: false Ozone HTTP Security Enabled: false 
2022-10-18 21:55:52,043 [Listener at localhost/45943] WARN  server.AuthenticationFilter (AuthenticationFilter.java:constructSecretProvider(240)) - Unable to initialize FileSignerSecretProvider, falling back to use random secrets. Reason: Could not read signature secret file: /home/runner/hadoop-http-auth-signature-secret
2022-10-18 21:55:52,044 [Listener at localhost/45943] WARN  http.HttpRequestLog (HttpRequestLog.java:getRequestLog(103)) - Jetty request log can only be enabled using Log4j
2022-10-18 21:55:52,045 [Listener at localhost/45943] INFO  http.HttpServer2 (HttpServer2.java:addGlobalFilter(1031)) - Added global filter 'safety' (class=org.apache.hadoop.hdds.server.http.HttpServer2$QuotingInputFilter)
2022-10-18 21:55:52,045 [Listener at localhost/45943] INFO  http.HttpServer2 (HttpServer2.java:addFilter(1007)) - Added filter static_user_filter (class=org.apache.hadoop.http.lib.StaticUserWebFilter$StaticUserFilter) to context ozoneManager
2022-10-18 21:55:52,046 [Listener at localhost/45943] INFO  http.HttpServer2 (HttpServer2.java:addFilter(1015)) - Added filter static_user_filter (class=org.apache.hadoop.http.lib.StaticUserWebFilter$StaticUserFilter) to context logs
2022-10-18 21:55:52,046 [Listener at localhost/45943] INFO  http.HttpServer2 (HttpServer2.java:addFilter(1015)) - Added filter static_user_filter (class=org.apache.hadoop.http.lib.StaticUserWebFilter$StaticUserFilter) to context static
2022-10-18 21:55:52,046 [Listener at localhost/45943] INFO  http.HttpServer2 (HttpServer2.java:bindListener(1250)) - Jetty bound to port 33741
2022-10-18 21:55:52,046 [Listener at localhost/45943] INFO  server.Server (Server.java:doStart(375)) - jetty-9.4.43.v20210629; built: 2021-06-30T11:07:22.254Z; git: 526006ecfa3af7f1a27ef3a288e2bef7ea9dd7e8; jvm 1.8.0_345-b01
2022-10-18 21:55:52,047 [Listener at localhost/45943] INFO  server.session (DefaultSessionIdManager.java:doStart(334)) - DefaultSessionIdManager workerName=node0
2022-10-18 21:55:52,047 [Listener at localhost/45943] INFO  server.session (DefaultSessionIdManager.java:doStart(339)) - No SessionScavenger set, using defaults
2022-10-18 21:55:52,047 [Listener at localhost/45943] INFO  server.session (HouseKeeper.java:startScavenging(132)) - node0 Scavenging every 600000ms
2022-10-18 21:55:52,048 [Listener at localhost/45943] INFO  handler.ContextHandler (ContextHandler.java:doStart(915)) - Started o.e.j.s.ServletContextHandler@641059e2{logs,/logs,file:///home/runner/work/ozone/ozone/hadoop-ozone/integration-test/target/log,AVAILABLE}
2022-10-18 21:55:52,048 [Listener at localhost/45943] INFO  handler.ContextHandler (ContextHandler.java:doStart(915)) - Started o.e.j.s.ServletContextHandler@6830b16d{static,/static,file:///home/runner/work/ozone/ozone/hadoop-ozone/integration-test/target/test-classes/webapps/static,AVAILABLE}
2022-10-18 21:55:52,051 [Listener at localhost/45943] INFO  handler.ContextHandler (ContextHandler.java:doStart(915)) - Started o.e.j.w.WebAppContext@12ce2cc7{ozoneManager,/,file:///home/runner/work/ozone/ozone/hadoop-ozone/integration-test/target/test-classes/webapps/ozoneManager/,AVAILABLE}{file:/home/runner/work/ozone/ozone/hadoop-ozone/integration-test/target/test-classes/webapps/ozoneManager}
2022-10-18 21:55:52,052 [Listener at localhost/45943] INFO  server.AbstractConnector (AbstractConnector.java:doStart(331)) - Started ServerConnector@6818def2{HTTP/1.1, (http/1.1)}{0.0.0.0:33741}
2022-10-18 21:55:52,052 [Listener at localhost/45943] INFO  server.Server (Server.java:doStart(415)) - Started @34771ms
2022-10-18 21:55:52,052 [Listener at localhost/45943] WARN  impl.MetricsSystemImpl (MetricsSystemImpl.java:register(279)) - Sink prometheus already exists!
2022-10-18 21:55:52,053 [Listener at localhost/45943] INFO  http.BaseHttpServer (BaseHttpServer.java:updateConnectorAddress(333)) - HTTP server of ozoneManager listening at http://0.0.0.0:33741
2022-10-18 21:55:52,053 [IPC Server Responder] INFO  ipc.Server (Server.java:run(1512)) - IPC Server Responder: starting
2022-10-18 21:55:52,053 [IPC Server listener on 45943] INFO  ipc.Server (Server.java:run(1352)) - IPC Server listener on 45943: starting
2022-10-18 21:55:52,055 [Listener at localhost/45943] INFO  om.OzoneManager (OzoneManager.java:startTrashEmptier(1919)) - Trash Interval set to 0. Files deleted won't move to trash
2022-10-18 21:55:52,056 [org.apache.hadoop.util.JvmPauseMonitor$Monitor@69770280] INFO  util.JvmPauseMonitor (JvmPauseMonitor.java:run(188)) - Starting JVM pause monitor
]]></system-out>
  </testcase>
  <testcase name="testListParts" classname="org.apache.hadoop.ozone.om.TestOzoneManagerHAWithData" time="13.417">
    <system-out><![CDATA[2022-10-18 21:55:52,072 [Listener at localhost/45943] INFO  rpc.RpcClient (RpcClient.java:createVolume(471)) - Creating Volume: volume35596, with user04170 as owner and space quota set to -1 bytes, counts quota set to -1
2022-10-18 21:55:52,073 [Listener at localhost/45943] INFO  retry.RetryInvocationHandler (RetryInvocationHandler.java:log(411)) - com.google.protobuf.ServiceException: java.io.EOFException: End of File Exception between local host is: "fv-az368-376/10.1.0.49"; destination host is: "localhost":45943; : java.io.EOFException; For more details see:  http://wiki.apache.org/hadoop/EOFException, while invoking $Proxy55.submitRequest over nodeId=omNode-2,nodeAddress=127.0.0.1:45943. Trying to failover immediately.
2022-10-18 21:55:52,080 [Listener at localhost/45943] INFO  retry.RetryInvocationHandler (RetryInvocationHandler.java:log(411)) - com.google.protobuf.ServiceException: org.apache.hadoop.ipc.RemoteException(org.apache.hadoop.ozone.om.exceptions.OMNotLeaderException): OM:omNode-3 is not the leader. Could not determine the leader node.
	at org.apache.hadoop.ozone.om.OzoneManager.checkLeaderStatus(OzoneManager.java:4115)
	at org.apache.hadoop.ozone.om.ratis.utils.OzoneManagerRatisUtils.checkLeaderStatus(OzoneManagerRatisUtils.java:446)
	at org.apache.hadoop.ozone.protocolPB.OzoneManagerProtocolServerSideTranslatorPB.processRequest(OzoneManagerProtocolServerSideTranslatorPB.java:181)
	at org.apache.hadoop.hdds.server.OzoneProtocolMessageDispatcher.processRequest(OzoneProtocolMessageDispatcher.java:87)
	at org.apache.hadoop.ozone.protocolPB.OzoneManagerProtocolServerSideTranslatorPB.submitRequest(OzoneManagerProtocolServerSideTranslatorPB.java:147)
	at org.apache.hadoop.ozone.protocol.proto.OzoneManagerProtocolProtos$OzoneManagerService$2.callBlockingMethod(OzoneManagerProtocolProtos.java)
	at org.apache.hadoop.ipc.ProtobufRpcEngine$Server.processCall(ProtobufRpcEngine.java:465)
	at org.apache.hadoop.ipc.ProtobufRpcEngine2$Server$ProtoBufRpcInvoker.call(ProtobufRpcEngine2.java:578)
	at org.apache.hadoop.ipc.ProtobufRpcEngine2$Server$ProtoBufRpcInvoker.call(ProtobufRpcEngine2.java:556)
	at org.apache.hadoop.ipc.RPC$Server.call(RPC.java:1093)
	at org.apache.hadoop.ipc.Server$RpcCall.run(Server.java:1043)
	at org.apache.hadoop.ipc.Server$RpcCall.run(Server.java:971)
	at java.security.AccessController.doPrivileged(Native Method)
	at javax.security.auth.Subject.doAs(Subject.java:422)
	at org.apache.hadoop.security.UserGroupInformation.doAs(UserGroupInformation.java:1878)
	at org.apache.hadoop.ipc.Server$Handler.run(Server.java:2976)
, while invoking $Proxy55.submitRequest over nodeId=omNode-3,nodeAddress=127.0.0.1:43229 after 1 failover attempts. Trying to failover after sleeping for 2000ms.
2022-10-18 21:55:52,336 [omNode-3@group-523986131536-FollowerState] INFO  impl.FollowerState (FollowerState.java:run(143)) - omNode-3@group-523986131536-FollowerState: change to CANDIDATE, lastRpcElapsedTime:1114753694ns, electionTimeout:1114ms
2022-10-18 21:55:52,336 [omNode-3@group-523986131536-FollowerState] INFO  impl.RoleInfo (RoleInfo.java:shutdownFollowerState(110)) - omNode-3: shutdown omNode-3@group-523986131536-FollowerState
2022-10-18 21:55:52,336 [omNode-3@group-523986131536-FollowerState] INFO  server.RaftServer$Division (RaftServerImpl.java:setRole(299)) - omNode-3@group-523986131536: changes role from  FOLLOWER to CANDIDATE at term 2 for changeToCandidate
2022-10-18 21:55:52,336 [omNode-3@group-523986131536-FollowerState] INFO  server.RaftServerConfigKeys (ConfUtils.java:logGet(46)) - raft.server.leaderelection.pre-vote = false (custom)
2022-10-18 21:55:52,336 [omNode-3@group-523986131536-FollowerState] INFO  impl.RoleInfo (RoleInfo.java:updateAndGet(139)) - omNode-3: start omNode-3@group-523986131536-LeaderElection10
2022-10-18 21:55:52,339 [omNode-3@group-523986131536-LeaderElection10] INFO  impl.LeaderElection (LeaderElection.java:askForVotes(310)) - omNode-3@group-523986131536-LeaderElection10 ELECTION round 0: submit vote requests at term 3 for 21: [omNode-3|rpc:localhost:38017|admin:|client:|dataStream:|priority:0, omNode-1|rpc:localhost:35389|admin:|client:|dataStream:|priority:0, omNode-2|rpc:localhost:45203|admin:|client:|dataStream:|priority:0], old=null
2022-10-18 21:55:52,345 [grpc-default-executor-0] INFO  server.RaftServer$Division (RaftServerImpl.java:requestVote(1152)) - omNode-1@group-523986131536: receive requestVote(ELECTION, omNode-3, group-523986131536, 3, (t:2, i:30))
2022-10-18 21:55:52,345 [grpc-default-executor-2] INFO  server.RaftServer$Division (RaftServerImpl.java:requestVote(1152)) - omNode-2@group-523986131536: receive requestVote(ELECTION, omNode-3, group-523986131536, 3, (t:2, i:30))
2022-10-18 21:55:52,345 [grpc-default-executor-0] INFO  impl.VoteContext (VoteContext.java:log(48)) - omNode-1@group-523986131536-FOLLOWER: accept ELECTION from omNode-3: our last entry (t:1, i:20) < candidate's last entry (t:2, i:30)
2022-10-18 21:55:52,345 [grpc-default-executor-2] INFO  impl.VoteContext (VoteContext.java:log(48)) - omNode-2@group-523986131536-FOLLOWER: accept ELECTION from omNode-3: our priority 0 <= candidate's priority 0
2022-10-18 21:55:52,345 [grpc-default-executor-0] INFO  server.RaftServer$Division (RaftServerImpl.java:setRole(299)) - omNode-1@group-523986131536: changes role from  FOLLOWER to FOLLOWER at term 3 for candidate:omNode-3
2022-10-18 21:55:52,345 [grpc-default-executor-2] INFO  server.RaftServer$Division (RaftServerImpl.java:setRole(299)) - omNode-2@group-523986131536: changes role from  FOLLOWER to FOLLOWER at term 3 for candidate:omNode-3
2022-10-18 21:55:52,345 [grpc-default-executor-0] INFO  impl.RoleInfo (RoleInfo.java:shutdownFollowerState(110)) - omNode-1: shutdown omNode-1@group-523986131536-FollowerState
2022-10-18 21:55:52,346 [grpc-default-executor-2] INFO  impl.RoleInfo (RoleInfo.java:shutdownFollowerState(110)) - omNode-2: shutdown omNode-2@group-523986131536-FollowerState
2022-10-18 21:55:52,346 [grpc-default-executor-0] INFO  impl.RoleInfo (RoleInfo.java:updateAndGet(139)) - omNode-1: start omNode-1@group-523986131536-FollowerState
2022-10-18 21:55:52,346 [grpc-default-executor-2] INFO  impl.RoleInfo (RoleInfo.java:updateAndGet(139)) - omNode-2: start omNode-2@group-523986131536-FollowerState
2022-10-18 21:55:52,346 [omNode-1@group-523986131536-FollowerState] INFO  impl.FollowerState (FollowerState.java:run(152)) - omNode-1@group-523986131536-FollowerState was interrupted
2022-10-18 21:55:52,346 [omNode-2@group-523986131536-FollowerState] INFO  impl.FollowerState (FollowerState.java:run(152)) - omNode-2@group-523986131536-FollowerState was interrupted
2022-10-18 21:55:52,347 [grpc-default-executor-2] INFO  server.RaftServer$Division (RaftServerImpl.java:requestVote(1184)) - omNode-2@group-523986131536 replies to ELECTION vote request: omNode-3<-omNode-2#0:OK-t3. Peer's state: omNode-2@group-523986131536:t3, leader=null, voted=omNode-3, raftlog=omNode-2@group-523986131536-SegmentedRaftLog:OPENED:c30, conf=21: [omNode-3|rpc:localhost:38017|admin:|client:|dataStream:|priority:0, omNode-1|rpc:localhost:35389|admin:|client:|dataStream:|priority:0, omNode-2|rpc:localhost:45203|admin:|client:|dataStream:|priority:0], old=null
2022-10-18 21:55:52,347 [grpc-default-executor-0] INFO  server.RaftServer$Division (RaftServerImpl.java:requestVote(1184)) - omNode-1@group-523986131536 replies to ELECTION vote request: omNode-3<-omNode-1#0:OK-t3. Peer's state: omNode-1@group-523986131536:t3, leader=null, voted=omNode-3, raftlog=omNode-1@group-523986131536-SegmentedRaftLog:OPENED:c20, conf=0: [omNode-3|rpc:localhost:38017|admin:|client:|dataStream:|priority:0, omNode-1|rpc:localhost:35389|admin:|client:|dataStream:|priority:0, omNode-2|rpc:localhost:45203|admin:|client:|dataStream:|priority:0], old=null
2022-10-18 21:55:52,350 [omNode-3@group-523986131536-LeaderElection10] INFO  impl.LeaderElection (LeaderElection.java:logAndReturn(90)) - omNode-3@group-523986131536-LeaderElection10: ELECTION PASSED received 1 response(s) and 0 exception(s):
2022-10-18 21:55:52,350 [omNode-3@group-523986131536-LeaderElection10] INFO  impl.LeaderElection (LeaderElection.java:logAndReturn(94)) -   Response 0: omNode-3<-omNode-2#0:OK-t3
2022-10-18 21:55:52,351 [omNode-3@group-523986131536-LeaderElection10] INFO  impl.LeaderElection (LeaderElection.java:askForVotes(312)) - omNode-3@group-523986131536-LeaderElection10 ELECTION round 0: result PASSED
2022-10-18 21:55:52,353 [omNode-3@group-523986131536-LeaderElection10] INFO  impl.RoleInfo (RoleInfo.java:shutdownLeaderElection(130)) - omNode-3: shutdown omNode-3@group-523986131536-LeaderElection10
2022-10-18 21:55:52,353 [omNode-3@group-523986131536-LeaderElection10] INFO  server.RaftServer$Division (RaftServerImpl.java:setRole(299)) - omNode-3@group-523986131536: changes role from CANDIDATE to LEADER at term 3 for changeToLeader
2022-10-18 21:55:52,353 [omNode-3@group-523986131536-LeaderElection10] INFO  server.RaftServer$Division (ServerState.java:setLeader(287)) - omNode-3@group-523986131536: change Leader from null to omNode-3 at term 3 for becomeLeader, leader elected after 1144ms
2022-10-18 21:55:52,354 [omNode-3@group-523986131536-LeaderElection10] INFO  server.RaftServerConfigKeys (ConfUtils.java:logGet(46)) - raft.server.staging.catchup.gap = 1000 (default)
2022-10-18 21:55:52,354 [omNode-3@group-523986131536-LeaderElection10] INFO  server.RaftServerConfigKeys (ConfUtils.java:logGet(46)) - raft.server.write.element-limit = 4096 (default)
2022-10-18 21:55:52,354 [omNode-3@group-523986131536-LeaderElection10] INFO  server.RaftServerConfigKeys (ConfUtils.java:logGet(46)) - raft.server.write.byte-limit = 64MB (=67108864) (default)
2022-10-18 21:55:52,354 [omNode-3@group-523986131536-LeaderElection10] INFO  server.RaftServerConfigKeys (ConfUtils.java:logGet(46)) - raft.server.watch.timeout = 10s (default)
2022-10-18 21:55:52,354 [omNode-3@group-523986131536-LeaderElection10] INFO  server.RaftServerConfigKeys (ConfUtils.java:logGet(46)) - raft.server.watch.timeout.denomination = 1s (default)
2022-10-18 21:55:52,354 [omNode-3@group-523986131536-LeaderElection10] INFO  server.RaftServerConfigKeys (ConfUtils.java:logGet(46)) - raft.server.watch.element-limit = 65536 (default)
2022-10-18 21:55:52,354 [omNode-3@group-523986131536-LeaderElection10] INFO  server.RaftServerConfigKeys (ConfUtils.java:logGet(46)) - raft.server.write.element-limit = 4096 (default)
2022-10-18 21:55:52,354 [omNode-3@group-523986131536-LeaderElection10] INFO  server.RaftServerConfigKeys (ConfUtils.java:logGet(46)) - raft.server.write.follower.gap.ratio.max = -1.0 (default)
2022-10-18 21:55:52,355 [omNode-3@group-523986131536-LeaderElection10] INFO  server.RaftServerConfigKeys (ConfUtils.java:logGet(46)) - raft.server.log.appender.snapshot.chunk.size.max = 16MB (=16777216) (default)
2022-10-18 21:55:52,355 [omNode-3@group-523986131536-LeaderElection10] INFO  server.RaftServerConfigKeys (ConfUtils.java:logGet(46)) - raft.server.log.appender.buffer.byte-limit = 33554432 (custom)
2022-10-18 21:55:52,355 [omNode-3@group-523986131536-LeaderElection10] INFO  server.RaftServerConfigKeys (ConfUtils.java:logGet(46)) - raft.server.log.appender.buffer.element-limit = 1024 (custom)
2022-10-18 21:55:52,355 [omNode-3@group-523986131536-LeaderElection10] INFO  grpc.GrpcConfigKeys (ConfUtils.java:logGet(46)) - raft.grpc.server.leader.outstanding.appends.max = 128 (default)
2022-10-18 21:55:52,355 [omNode-3@group-523986131536-LeaderElection10] INFO  server.RaftServerConfigKeys (ConfUtils.java:logGet(46)) - raft.server.rpc.request.timeout = 3000ms (default)
2022-10-18 21:55:52,355 [omNode-3@group-523986131536-LeaderElection10] INFO  server.RaftServerConfigKeys (ConfUtils.java:logGet(46)) - raft.server.log.appender.install.snapshot.enabled = false (custom)
2022-10-18 21:55:52,355 [omNode-3@group-523986131536-LeaderElection10] INFO  server.RaftServerConfigKeys (ConfUtils.java:logGet(46)) - raft.server.log.appender.snapshot.chunk.size.max = 16MB (=16777216) (default)
2022-10-18 21:55:52,355 [omNode-3@group-523986131536-LeaderElection10] INFO  server.RaftServerConfigKeys (ConfUtils.java:logGet(46)) - raft.server.log.appender.buffer.byte-limit = 33554432 (custom)
2022-10-18 21:55:52,356 [omNode-3@group-523986131536-LeaderElection10] INFO  server.RaftServerConfigKeys (ConfUtils.java:logGet(46)) - raft.server.log.appender.buffer.element-limit = 1024 (custom)
2022-10-18 21:55:52,356 [omNode-3@group-523986131536-LeaderElection10] INFO  grpc.GrpcConfigKeys (ConfUtils.java:logGet(46)) - raft.grpc.server.leader.outstanding.appends.max = 128 (default)
2022-10-18 21:55:52,356 [omNode-3@group-523986131536-LeaderElection10] INFO  server.RaftServerConfigKeys (ConfUtils.java:logGet(46)) - raft.server.rpc.request.timeout = 3000ms (default)
2022-10-18 21:55:52,356 [omNode-3@group-523986131536-LeaderElection10] INFO  server.RaftServerConfigKeys (ConfUtils.java:logGet(46)) - raft.server.log.appender.install.snapshot.enabled = false (custom)
2022-10-18 21:55:52,356 [omNode-3@group-523986131536-LeaderElection10] INFO  impl.RoleInfo (RoleInfo.java:updateAndGet(139)) - omNode-3: start omNode-3@group-523986131536-LeaderStateImpl
2022-10-18 21:55:52,356 [omNode-3@group-523986131536-LeaderElection10] INFO  segmented.SegmentedRaftLogWorker (SegmentedRaftLogWorker.java:rollLogSegment(430)) - omNode-3@group-523986131536-SegmentedRaftLogWorker: Rolling segment log-21_30 to index:30
2022-10-18 21:55:52,357 [omNode-3@group-523986131536-LeaderElection10] INFO  server.RaftServer$Division (ServerState.java:setRaftConf(393)) - omNode-3@group-523986131536: set configuration 31: [omNode-3|rpc:localhost:38017|admin:|client:|dataStream:|priority:0, omNode-1|rpc:localhost:35389|admin:|client:|dataStream:|priority:0, omNode-2|rpc:localhost:45203|admin:|client:|dataStream:|priority:0], old=null
2022-10-18 21:55:52,361 [omNode-3@group-523986131536-SegmentedRaftLogWorker] INFO  segmented.SegmentedRaftLogWorker (SegmentedRaftLogWorker.java:execute(586)) - omNode-3@group-523986131536-SegmentedRaftLogWorker: Rolled log segment from /home/runner/work/ozone/ozone/hadoop-ozone/integration-test/target/test-dir/MiniOzoneClusterImpl-285291dc-83a3-4c49-94f6-5e759e1760ea/omNode-3/ratis/c9bc4cf4-3bc3-3c60-a66b-523986131536/current/log_inprogress_21 to /home/runner/work/ozone/ozone/hadoop-ozone/integration-test/target/test-dir/MiniOzoneClusterImpl-285291dc-83a3-4c49-94f6-5e759e1760ea/omNode-3/ratis/c9bc4cf4-3bc3-3c60-a66b-523986131536/current/log_21-30
2022-10-18 21:55:52,362 [omNode-1-server-thread1] INFO  server.RaftServer$Division (ServerState.java:setLeader(287)) - omNode-1@group-523986131536: change Leader from null to omNode-3 at term 3 for appendEntries, leader elected after 856ms
2022-10-18 21:55:52,363 [omNode-1-server-thread1] INFO  server.RaftServer$Division (RaftServerImpl.java:checkInconsistentAppendEntries(1424)) - omNode-1@group-523986131536: Failed appendEntries as previous log entry ((t:2, i:30)) is not found
2022-10-18 21:55:52,363 [omNode-1-server-thread1] INFO  server.RaftServer$Division (RaftServerImpl.java:checkInconsistentAppendEntries(1394)) - omNode-1@group-523986131536: inconsistency entries. Reply:omNode-3<-omNode-1#0:FAIL-t3,INCONSISTENCY,nextIndex=21,followerCommit=20
2022-10-18 21:55:52,364 [omNode-1-server-thread2] INFO  server.RaftServer$Division (RaftServerImpl.java:checkInconsistentAppendEntries(1424)) - omNode-1@group-523986131536: Failed appendEntries as previous log entry ((t:2, i:30)) is not found
2022-10-18 21:55:52,366 [omNode-2-server-thread1] INFO  server.RaftServer$Division (ServerState.java:setLeader(287)) - omNode-2@group-523986131536: change Leader from null to omNode-3 at term 3 for appendEntries, leader elected after 546ms
2022-10-18 21:55:52,366 [omNode-1-server-thread2] INFO  server.RaftServer$Division (RaftServerImpl.java:checkInconsistentAppendEntries(1394)) - omNode-1@group-523986131536: inconsistency entries. Reply:omNode-3<-omNode-1#1:FAIL-t3,INCONSISTENCY,nextIndex=21,followerCommit=20
2022-10-18 21:55:52,364 [grpc-default-executor-1] INFO  leader.FollowerInfo (FollowerInfoImpl.java:lambda$new$0(48)) - omNode-3@group-523986131536->omNode-1: nextIndex: updateUnconditionally 32 -> 21
2022-10-18 21:55:52,367 [grpc-default-executor-2] INFO  leader.FollowerInfo (FollowerInfoImpl.java:lambda$new$0(48)) - omNode-3@group-523986131536->omNode-1: nextIndex: updateUnconditionally 32 -> 21
2022-10-18 21:55:52,368 [omNode-2-server-thread1] INFO  server.RaftServer$Division (ServerState.java:setRaftConf(393)) - omNode-2@group-523986131536: set configuration 31: [omNode-3|rpc:localhost:38017|admin:|client:|dataStream:|priority:0, omNode-1|rpc:localhost:35389|admin:|client:|dataStream:|priority:0, omNode-2|rpc:localhost:45203|admin:|client:|dataStream:|priority:0], old=null
2022-10-18 21:55:52,368 [omNode-2-server-thread1] INFO  segmented.SegmentedRaftLogWorker (SegmentedRaftLogWorker.java:rollLogSegment(430)) - omNode-2@group-523986131536-SegmentedRaftLogWorker: Rolling segment log-21_30 to index:30
2022-10-18 21:55:52,368 [omNode-1-server-thread2] INFO  server.RaftServer$Division (ServerState.java:setRaftConf(393)) - omNode-1@group-523986131536: set configuration 21: [omNode-3|rpc:localhost:38017|admin:|client:|dataStream:|priority:0, omNode-1|rpc:localhost:35389|admin:|client:|dataStream:|priority:0, omNode-2|rpc:localhost:45203|admin:|client:|dataStream:|priority:0], old=null
2022-10-18 21:55:52,368 [omNode-1-server-thread2] INFO  server.RaftServer$Division (ServerState.java:setRaftConf(393)) - omNode-1@group-523986131536: set configuration 31: [omNode-3|rpc:localhost:38017|admin:|client:|dataStream:|priority:0, omNode-1|rpc:localhost:35389|admin:|client:|dataStream:|priority:0, omNode-2|rpc:localhost:45203|admin:|client:|dataStream:|priority:0], old=null
2022-10-18 21:55:52,369 [omNode-1-server-thread2] INFO  segmented.SegmentedRaftLogWorker (SegmentedRaftLogWorker.java:rollLogSegment(430)) - omNode-1@group-523986131536-SegmentedRaftLogWorker: Rolling segment log-0_20 to index:20
2022-10-18 21:55:52,370 [omNode-1@group-523986131536-SegmentedRaftLogWorker] INFO  segmented.SegmentedRaftLogWorker (SegmentedRaftLogWorker.java:execute(586)) - omNode-1@group-523986131536-SegmentedRaftLogWorker: Rolled log segment from /home/runner/work/ozone/ozone/hadoop-ozone/integration-test/target/test-dir/MiniOzoneClusterImpl-285291dc-83a3-4c49-94f6-5e759e1760ea/omNode-1/ratis/c9bc4cf4-3bc3-3c60-a66b-523986131536/current/log_inprogress_0 to /home/runner/work/ozone/ozone/hadoop-ozone/integration-test/target/test-dir/MiniOzoneClusterImpl-285291dc-83a3-4c49-94f6-5e759e1760ea/omNode-1/ratis/c9bc4cf4-3bc3-3c60-a66b-523986131536/current/log_0-20
2022-10-18 21:55:52,370 [omNode-2@group-523986131536-SegmentedRaftLogWorker] INFO  segmented.SegmentedRaftLogWorker (SegmentedRaftLogWorker.java:execute(586)) - omNode-2@group-523986131536-SegmentedRaftLogWorker: Rolled log segment from /home/runner/work/ozone/ozone/hadoop-ozone/integration-test/target/test-dir/MiniOzoneClusterImpl-285291dc-83a3-4c49-94f6-5e759e1760ea/omNode-2/ratis/c9bc4cf4-3bc3-3c60-a66b-523986131536/current/log_inprogress_21 to /home/runner/work/ozone/ozone/hadoop-ozone/integration-test/target/test-dir/MiniOzoneClusterImpl-285291dc-83a3-4c49-94f6-5e759e1760ea/omNode-2/ratis/c9bc4cf4-3bc3-3c60-a66b-523986131536/current/log_21-30
2022-10-18 21:55:52,371 [omNode-1-server-thread2] INFO  segmented.SegmentedRaftLogWorker (SegmentedRaftLogWorker.java:rollLogSegment(430)) - omNode-1@group-523986131536-SegmentedRaftLogWorker: Rolling segment log-21_30 to index:30
2022-10-18 21:55:52,371 [omNode-3@group-523986131536-SegmentedRaftLogWorker] INFO  segmented.SegmentedRaftLogWorker (SegmentedRaftLogWorker.java:execute(629)) - omNode-3@group-523986131536-SegmentedRaftLogWorker: created new log segment /home/runner/work/ozone/ozone/hadoop-ozone/integration-test/target/test-dir/MiniOzoneClusterImpl-285291dc-83a3-4c49-94f6-5e759e1760ea/omNode-3/ratis/c9bc4cf4-3bc3-3c60-a66b-523986131536/current/log_inprogress_31
2022-10-18 21:55:52,373 [omNode-1-server-thread2] INFO  server.RaftServer$Division (ServerState.java:setRaftConf(393)) - omNode-1@group-523986131536: set configuration 21: [omNode-3|rpc:localhost:38017|admin:|client:|dataStream:|priority:0, omNode-1|rpc:localhost:35389|admin:|client:|dataStream:|priority:0, omNode-2|rpc:localhost:45203|admin:|client:|dataStream:|priority:0], old=null
2022-10-18 21:55:52,374 [omNode-1-server-thread2] INFO  server.RaftServer$Division (ServerState.java:setRaftConf(393)) - omNode-1@group-523986131536: set configuration 31: [omNode-3|rpc:localhost:38017|admin:|client:|dataStream:|priority:0, omNode-1|rpc:localhost:35389|admin:|client:|dataStream:|priority:0, omNode-2|rpc:localhost:45203|admin:|client:|dataStream:|priority:0], old=null
2022-10-18 21:55:52,383 [omNode-1@group-523986131536-SegmentedRaftLogWorker] INFO  segmented.SegmentedRaftLogWorker (SegmentedRaftLogWorker.java:execute(629)) - omNode-1@group-523986131536-SegmentedRaftLogWorker: created new log segment /home/runner/work/ozone/ozone/hadoop-ozone/integration-test/target/test-dir/MiniOzoneClusterImpl-285291dc-83a3-4c49-94f6-5e759e1760ea/omNode-1/ratis/c9bc4cf4-3bc3-3c60-a66b-523986131536/current/log_inprogress_21
2022-10-18 21:55:52,384 [omNode-2@group-523986131536-SegmentedRaftLogWorker] INFO  segmented.SegmentedRaftLogWorker (SegmentedRaftLogWorker.java:execute(629)) - omNode-2@group-523986131536-SegmentedRaftLogWorker: created new log segment /home/runner/work/ozone/ozone/hadoop-ozone/integration-test/target/test-dir/MiniOzoneClusterImpl-285291dc-83a3-4c49-94f6-5e759e1760ea/omNode-2/ratis/c9bc4cf4-3bc3-3c60-a66b-523986131536/current/log_inprogress_31
2022-10-18 21:55:52,385 [omNode-1@group-523986131536-SegmentedRaftLogWorker] INFO  segmented.SegmentedRaftLogWorker (SegmentedRaftLogWorker.java:execute(586)) - omNode-1@group-523986131536-SegmentedRaftLogWorker: Rolled log segment from /home/runner/work/ozone/ozone/hadoop-ozone/integration-test/target/test-dir/MiniOzoneClusterImpl-285291dc-83a3-4c49-94f6-5e759e1760ea/omNode-1/ratis/c9bc4cf4-3bc3-3c60-a66b-523986131536/current/log_inprogress_21 to /home/runner/work/ozone/ozone/hadoop-ozone/integration-test/target/test-dir/MiniOzoneClusterImpl-285291dc-83a3-4c49-94f6-5e759e1760ea/omNode-1/ratis/c9bc4cf4-3bc3-3c60-a66b-523986131536/current/log_21-30
2022-10-18 21:55:52,387 [omNode-3@group-523986131536-StateMachineUpdater] INFO  ratis.OzoneManagerStateMachine (OzoneManagerStateMachine.java:notifyConfigurationChanged(192)) - Received Configuration change notification from Ratis. New Peer list:
[id: "omNode-3"
address: "localhost:38017"
, id: "omNode-1"
address: "localhost:35389"
, id: "omNode-2"
address: "localhost:45203"
]
2022-10-18 21:55:52,391 [omNode-2@group-523986131536-StateMachineUpdater] INFO  ratis.OzoneManagerStateMachine (OzoneManagerStateMachine.java:notifyConfigurationChanged(192)) - Received Configuration change notification from Ratis. New Peer list:
[id: "omNode-3"
address: "localhost:38017"
, id: "omNode-1"
address: "localhost:35389"
, id: "omNode-2"
address: "localhost:45203"
]
2022-10-18 21:55:52,394 [omNode-1@group-523986131536-SegmentedRaftLogWorker] INFO  segmented.SegmentedRaftLogWorker (SegmentedRaftLogWorker.java:execute(629)) - omNode-1@group-523986131536-SegmentedRaftLogWorker: created new log segment /home/runner/work/ozone/ozone/hadoop-ozone/integration-test/target/test-dir/MiniOzoneClusterImpl-285291dc-83a3-4c49-94f6-5e759e1760ea/omNode-1/ratis/c9bc4cf4-3bc3-3c60-a66b-523986131536/current/log_inprogress_31
2022-10-18 21:55:52,395 [omNode-1@group-523986131536-StateMachineUpdater] INFO  ratis.OzoneManagerStateMachine (OzoneManagerStateMachine.java:notifyConfigurationChanged(192)) - Received Configuration change notification from Ratis. New Peer list:
[id: "omNode-3"
address: "localhost:38017"
, id: "omNode-1"
address: "localhost:35389"
, id: "omNode-2"
address: "localhost:45203"
]
2022-10-18 21:55:52,397 [omNode-1@group-523986131536-StateMachineUpdater] INFO  ratis.OzoneManagerStateMachine (OzoneManagerStateMachine.java:notifyConfigurationChanged(192)) - Received Configuration change notification from Ratis. New Peer list:
[id: "omNode-3"
address: "localhost:38017"
, id: "omNode-1"
address: "localhost:35389"
, id: "omNode-2"
address: "localhost:45203"
]
2022-10-18 21:55:54,084 [Listener at localhost/45943] INFO  retry.RetryInvocationHandler (RetryInvocationHandler.java:log(411)) - com.google.protobuf.ServiceException: org.apache.hadoop.ipc.RemoteException(org.apache.hadoop.ozone.om.exceptions.OMNotLeaderException): OM:omNode-1 is not the leader. Could not determine the leader node.
	at org.apache.hadoop.ozone.om.OzoneManager.checkLeaderStatus(OzoneManager.java:4115)
	at org.apache.hadoop.ozone.om.ratis.utils.OzoneManagerRatisUtils.checkLeaderStatus(OzoneManagerRatisUtils.java:446)
	at org.apache.hadoop.ozone.protocolPB.OzoneManagerProtocolServerSideTranslatorPB.processRequest(OzoneManagerProtocolServerSideTranslatorPB.java:181)
	at org.apache.hadoop.hdds.server.OzoneProtocolMessageDispatcher.processRequest(OzoneProtocolMessageDispatcher.java:87)
	at org.apache.hadoop.ozone.protocolPB.OzoneManagerProtocolServerSideTranslatorPB.submitRequest(OzoneManagerProtocolServerSideTranslatorPB.java:147)
	at org.apache.hadoop.ozone.protocol.proto.OzoneManagerProtocolProtos$OzoneManagerService$2.callBlockingMethod(OzoneManagerProtocolProtos.java)
	at org.apache.hadoop.ipc.ProtobufRpcEngine$Server.processCall(ProtobufRpcEngine.java:465)
	at org.apache.hadoop.ipc.ProtobufRpcEngine2$Server$ProtoBufRpcInvoker.call(ProtobufRpcEngine2.java:578)
	at org.apache.hadoop.ipc.ProtobufRpcEngine2$Server$ProtoBufRpcInvoker.call(ProtobufRpcEngine2.java:556)
	at org.apache.hadoop.ipc.RPC$Server.call(RPC.java:1093)
	at org.apache.hadoop.ipc.Server$RpcCall.run(Server.java:1043)
	at org.apache.hadoop.ipc.Server$RpcCall.run(Server.java:971)
	at java.security.AccessController.doPrivileged(Native Method)
	at javax.security.auth.Subject.doAs(Subject.java:422)
	at org.apache.hadoop.security.UserGroupInformation.doAs(UserGroupInformation.java:1878)
	at org.apache.hadoop.ipc.Server$Handler.run(Server.java:2976)
, while invoking $Proxy55.submitRequest over nodeId=omNode-1,nodeAddress=127.0.0.1:39907 after 2 failover attempts. Trying to failover immediately.
2022-10-18 21:55:54,087 [Listener at localhost/45943] INFO  retry.RetryInvocationHandler (RetryInvocationHandler.java:log(411)) - com.google.protobuf.ServiceException: org.apache.hadoop.ipc.RemoteException(org.apache.hadoop.ozone.om.exceptions.OMNotLeaderException): OM:omNode-2 is not the leader. Could not determine the leader node.
	at org.apache.hadoop.ozone.om.OzoneManager.checkLeaderStatus(OzoneManager.java:4115)
	at org.apache.hadoop.ozone.om.ratis.utils.OzoneManagerRatisUtils.checkLeaderStatus(OzoneManagerRatisUtils.java:446)
	at org.apache.hadoop.ozone.protocolPB.OzoneManagerProtocolServerSideTranslatorPB.processRequest(OzoneManagerProtocolServerSideTranslatorPB.java:181)
	at org.apache.hadoop.hdds.server.OzoneProtocolMessageDispatcher.processRequest(OzoneProtocolMessageDispatcher.java:87)
	at org.apache.hadoop.ozone.protocolPB.OzoneManagerProtocolServerSideTranslatorPB.submitRequest(OzoneManagerProtocolServerSideTranslatorPB.java:147)
	at org.apache.hadoop.ozone.protocol.proto.OzoneManagerProtocolProtos$OzoneManagerService$2.callBlockingMethod(OzoneManagerProtocolProtos.java)
	at org.apache.hadoop.ipc.ProtobufRpcEngine$Server.processCall(ProtobufRpcEngine.java:465)
	at org.apache.hadoop.ipc.ProtobufRpcEngine2$Server$ProtoBufRpcInvoker.call(ProtobufRpcEngine2.java:578)
	at org.apache.hadoop.ipc.ProtobufRpcEngine2$Server$ProtoBufRpcInvoker.call(ProtobufRpcEngine2.java:556)
	at org.apache.hadoop.ipc.RPC$Server.call(RPC.java:1093)
	at org.apache.hadoop.ipc.Server$RpcCall.run(Server.java:1043)
	at org.apache.hadoop.ipc.Server$RpcCall.run(Server.java:971)
	at java.security.AccessController.doPrivileged(Native Method)
	at javax.security.auth.Subject.doAs(Subject.java:422)
	at org.apache.hadoop.security.UserGroupInformation.doAs(UserGroupInformation.java:1878)
	at org.apache.hadoop.ipc.Server$Handler.run(Server.java:2976)
, while invoking $Proxy55.submitRequest over nodeId=omNode-2,nodeAddress=127.0.0.1:45943 after 3 failover attempts. Trying to failover immediately.
2022-10-18 21:55:54,093 [OM StateMachine ApplyTransaction Thread - 0] INFO  volume.OMVolumeCreateRequest (OMVolumeCreateRequest.java:validateAndUpdateCache(195)) - created volume:volume35596 for user:user04170
2022-10-18 21:55:54,097 [OM StateMachine ApplyTransaction Thread - 0] INFO  volume.OMVolumeCreateRequest (OMVolumeCreateRequest.java:validateAndUpdateCache(195)) - created volume:volume35596 for user:user04170
2022-10-18 21:55:54,101 [OM StateMachine ApplyTransaction Thread - 0] INFO  volume.OMVolumeCreateRequest (OMVolumeCreateRequest.java:validateAndUpdateCache(195)) - created volume:volume35596 for user:user04170
2022-10-18 21:55:54,107 [Listener at localhost/45943] INFO  rpc.RpcClient (RpcClient.java:createBucket(674)) - Creating Bucket: volume35596/64b7e882-5dfc-4dfa-8647-8833c4484427, with server-side default bucket layout, runner as owner, Versioning false, Storage Type set to DISK and Encryption set to false 
2022-10-18 21:55:54,112 [OM StateMachine ApplyTransaction Thread - 0] INFO  bucket.OMBucketCreateRequest (OMBucketCreateRequest.java:validateAndUpdateCache(260)) - created bucket: 64b7e882-5dfc-4dfa-8647-8833c4484427 of layout LEGACY in volume: volume35596
2022-10-18 21:55:54,112 [OM StateMachine ApplyTransaction Thread - 0] INFO  bucket.OMBucketCreateRequest (OMBucketCreateRequest.java:validateAndUpdateCache(260)) - created bucket: 64b7e882-5dfc-4dfa-8647-8833c4484427 of layout LEGACY in volume: volume35596
2022-10-18 21:55:54,115 [OM StateMachine ApplyTransaction Thread - 0] INFO  bucket.OMBucketCreateRequest (OMBucketCreateRequest.java:validateAndUpdateCache(260)) - created bucket: 64b7e882-5dfc-4dfa-8647-8833c4484427 of layout LEGACY in volume: volume35596
2022-10-18 21:55:54,295 [Listener at localhost/45943] INFO  om.OzoneManager (OzoneManager.java:stop(2034)) - omNode-3[localhost:43229]: Stopping Ozone Manager
2022-10-18 21:55:54,295 [Listener at localhost/45943] INFO  ipc.Server (Server.java:stop(3428)) - Stopping server on 43229
2022-10-18 21:55:54,297 [IPC Server listener on 43229] INFO  ipc.Server (Server.java:run(1384)) - Stopping IPC Server listener on 43229
2022-10-18 21:55:54,300 [IPC Server Responder] INFO  ipc.Server (Server.java:run(1517)) - Stopping IPC Server Responder
2022-10-18 21:55:54,300 [Listener at localhost/45943] INFO  server.RaftServer (RaftServerProxy.java:lambda$close$7(398)) - omNode-3: close
2022-10-18 21:55:54,301 [Listener at localhost/45943] INFO  server.RaftServer$Division (RaftServerImpl.java:lambda$close$4(434)) - omNode-3@group-523986131536: shutdown
2022-10-18 21:55:54,301 [Listener at localhost/45943] INFO  util.JmxRegister (JmxRegister.java:unregister(73)) - Successfully un-registered JMX Bean with object name Ratis:service=RaftServer,group=group-523986131536,id=omNode-3
2022-10-18 21:55:54,301 [Listener at localhost/45943] INFO  impl.RoleInfo (RoleInfo.java:shutdownLeaderState(93)) - omNode-3: shutdown omNode-3@group-523986131536-LeaderStateImpl
2022-10-18 21:55:54,301 [omNode-3@group-523986131536->omNode-1-GrpcLogAppender-LogAppenderDaemon] WARN  server.GrpcLogAppender (GrpcLogAppender.java:mayWait(171)) - omNode-3@group-523986131536->omNode-1-GrpcLogAppender: Wait interrupted by java.lang.InterruptedException
2022-10-18 21:55:54,301 [Listener at localhost/45943] INFO  impl.PendingRequests (PendingRequests.java:sendNotLeaderResponses(282)) - omNode-3@group-523986131536-PendingRequests: sendNotLeaderResponses
2022-10-18 21:55:54,301 [omNode-3@group-523986131536->omNode-2-GrpcLogAppender-LogAppenderDaemon] WARN  server.GrpcLogAppender (GrpcLogAppender.java:mayWait(171)) - omNode-3@group-523986131536->omNode-2-GrpcLogAppender: Wait interrupted by java.lang.InterruptedException
2022-10-18 21:55:54,303 [grpc-default-executor-1] INFO  server.GrpcServerProtocolService (GrpcServerProtocolService.java:onCompleted(140)) - omNode-2: Completed APPEND_ENTRIES, lastRequest: omNode-3->omNode-2#115-t3,previous=(t:3, i:55),leaderCommit=55,initializing? true,entries: size=1, first=(t:3, i:56), METADATAENTRY(c:55)
2022-10-18 21:55:54,303 [Listener at localhost/45943] INFO  impl.StateMachineUpdater (StateMachineUpdater.java:stopAndJoin(153)) - omNode-3@group-523986131536-StateMachineUpdater: set stopIndex = 56
2022-10-18 21:55:54,303 [omNode-3@group-523986131536-StateMachineUpdater] INFO  ratis.OzoneManagerStateMachine (OzoneManagerStateMachine.java:takeSnapshot(441)) - Current Snapshot Index (t:3, i:56)
2022-10-18 21:55:54,304 [omNode-3@group-523986131536-StateMachineUpdater] INFO  impl.StateMachineUpdater (StateMachineUpdater.java:takeSnapshot(287)) - omNode-3@group-523986131536-StateMachineUpdater: Took a snapshot at index 56
2022-10-18 21:55:54,304 [omNode-3@group-523986131536-StateMachineUpdater] INFO  impl.StateMachineUpdater (StateMachineUpdater.java:lambda$new$0(92)) - omNode-3@group-523986131536-StateMachineUpdater: snapshotIndex: updateIncreasingly 29 -> 56
2022-10-18 21:55:54,304 [omNode-3@group-523986131536-StateMachineUpdater] INFO  raftlog.RaftLog (RaftLogBase.java:purge(308)) - omNode-3@group-523986131536-SegmentedRaftLog: purge 56
2022-10-18 21:55:54,304 [grpc-default-executor-2] INFO  server.GrpcLogAppender (GrpcLogAppender.java:onCompleted(339)) - omNode-3@group-523986131536->omNode-2-AppendLogResponseHandler: follower responses appendEntries COMPLETED
2022-10-18 21:55:54,304 [grpc-default-executor-2] INFO  leader.FollowerInfo (FollowerInfoImpl.java:lambda$new$0(48)) - omNode-3@group-523986131536->omNode-2: nextIndex: updateUnconditionally 57 -> 56
2022-10-18 21:55:54,305 [omNode-3@group-523986131536-StateMachineUpdater] INFO  raftlog.RaftLog (RaftLogBase.java:lambda$new$0(53)) - omNode-3@group-523986131536-SegmentedRaftLog: snapshotIndex: updateIncreasingly 29 -> 56
2022-10-18 21:55:54,306 [omNode-3@group-523986131536-StateMachineUpdater] INFO  ratis.OzoneManagerStateMachine (OzoneManagerStateMachine.java:close(495)) - StateMachine has shutdown. Shutdown OzoneManager if not already shutdown.
2022-10-18 21:55:54,306 [omNode-3@group-523986131536-StateMachineUpdater] INFO  ratis.OzoneManagerDoubleBuffer (OzoneManagerDoubleBuffer.java:stop(466)) - Stopping OMDoubleBuffer flush thread
2022-10-18 21:55:54,303 [grpc-default-executor-0] INFO  server.GrpcServerProtocolService (GrpcServerProtocolService.java:onCompleted(140)) - omNode-1: Completed APPEND_ENTRIES, lastRequest: omNode-3->omNode-1#127-t3,previous=(t:3, i:55),leaderCommit=55,initializing? true,entries: size=1, first=(t:3, i:56), METADATAENTRY(c:55)
2022-10-18 21:55:54,306 [OMDoubleBufferFlushThread] INFO  ratis.OzoneManagerDoubleBuffer (OzoneManagerDoubleBuffer.java:flushTransactions(385)) - OMDoubleBuffer flush thread OMDoubleBufferFlushThread is interrupted and will exit.
2022-10-18 21:55:54,307 [omNode-3@group-523986131536-SegmentedRaftLogWorker] INFO  raftlog.RaftLog (RaftLogBase.java:lambda$new$0(53)) - omNode-3@group-523986131536-SegmentedRaftLog: purgeIndex: updateToMax old=-1, new=30, updated? true
2022-10-18 21:55:54,307 [grpc-default-executor-2] INFO  server.GrpcLogAppender (GrpcLogAppender.java:onCompleted(339)) - omNode-3@group-523986131536->omNode-1-AppendLogResponseHandler: follower responses appendEntries COMPLETED
2022-10-18 21:55:54,307 [Listener at localhost/45943] INFO  server.RaftServer$Division (ServerState.java:close(429)) - omNode-3@group-523986131536: closes. applyIndex: 56
2022-10-18 21:55:54,307 [grpc-default-executor-2] INFO  leader.FollowerInfo (FollowerInfoImpl.java:lambda$new$0(48)) - omNode-3@group-523986131536->omNode-1: nextIndex: updateUnconditionally 57 -> 56
2022-10-18 21:55:54,307 [omNode-3@group-523986131536-SegmentedRaftLogWorker] INFO  segmented.SegmentedRaftLogWorker (SegmentedRaftLogWorker.java:run(336)) - omNode-3@group-523986131536-SegmentedRaftLogWorker was interrupted, exiting. There are 0 tasks remaining in the queue.
2022-10-18 21:55:54,309 [Listener at localhost/45943] INFO  segmented.SegmentedRaftLogWorker (SegmentedRaftLogWorker.java:close(246)) - omNode-3@group-523986131536-SegmentedRaftLogWorker close()
2022-10-18 21:55:54,310 [Listener at localhost/45943] INFO  server.GrpcService (GrpcService.java:closeImpl(269)) - omNode-3: shutdown server with port 38017 now
2022-10-18 21:55:54,313 [Listener at localhost/45943] INFO  server.GrpcService (GrpcService.java:closeImpl(278)) - omNode-3: shutdown server with port 38017 successfully
2022-10-18 21:55:54,313 [org.apache.ratis.util.JvmPauseMonitor$$Lambda$703/854163851@12b7d6e1] INFO  util.JvmPauseMonitor (JvmPauseMonitor.java:run(109)) - JvmPauseMonitor-omNode-3: Stopped
2022-10-18 21:55:54,313 [Listener at localhost/45943] INFO  ratis.OzoneManagerStateMachine (OzoneManagerStateMachine.java:close(495)) - StateMachine has shutdown. Shutdown OzoneManager if not already shutdown.
2022-10-18 21:55:54,313 [Listener at localhost/45943] INFO  ratis.OzoneManagerDoubleBuffer (OzoneManagerDoubleBuffer.java:stop(478)) - OMDoubleBuffer flush thread is not running.
2022-10-18 21:55:54,314 [Listener at localhost/45943] INFO  handler.ContextHandler (ContextHandler.java:doStop(1153)) - Stopped o.e.j.w.WebAppContext@5caa2d8e{ozoneManager,/,null,STOPPED}{file:/home/runner/work/ozone/ozone/hadoop-ozone/integration-test/target/test-classes/webapps/ozoneManager}
2022-10-18 21:55:54,314 [Listener at localhost/45943] INFO  server.AbstractConnector (AbstractConnector.java:doStop(381)) - Stopped ServerConnector@10aa5f84{HTTP/1.1, (http/1.1)}{0.0.0.0:35093}
2022-10-18 21:55:54,314 [Listener at localhost/45943] INFO  server.session (HouseKeeper.java:stopScavenging(149)) - node0 Stopped scavenging
2022-10-18 21:55:54,315 [Listener at localhost/45943] INFO  handler.ContextHandler (ContextHandler.java:doStop(1153)) - Stopped o.e.j.s.ServletContextHandler@142efc4d{static,/static,file:///home/runner/work/ozone/ozone/hadoop-ozone/integration-test/target/test-classes/webapps/static,STOPPED}
2022-10-18 21:55:54,315 [Listener at localhost/45943] INFO  handler.ContextHandler (ContextHandler.java:doStop(1153)) - Stopped o.e.j.s.ServletContextHandler@695fd7e{logs,/logs,file:///home/runner/work/ozone/ozone/hadoop-ozone/integration-test/target/log,STOPPED}
2022-10-18 21:55:55,537 [omNode-1@group-523986131536-FollowerState] INFO  impl.FollowerState (FollowerState.java:run(143)) - omNode-1@group-523986131536-FollowerState: change to CANDIDATE, lastRpcElapsedTime:1250503308ns, electionTimeout:1042ms
2022-10-18 21:55:55,537 [omNode-1@group-523986131536-FollowerState] INFO  impl.RoleInfo (RoleInfo.java:shutdownFollowerState(110)) - omNode-1: shutdown omNode-1@group-523986131536-FollowerState
2022-10-18 21:55:55,537 [omNode-1@group-523986131536-FollowerState] INFO  server.RaftServer$Division (RaftServerImpl.java:setRole(299)) - omNode-1@group-523986131536: changes role from  FOLLOWER to CANDIDATE at term 3 for changeToCandidate
2022-10-18 21:55:55,537 [omNode-1@group-523986131536-FollowerState] INFO  server.RaftServerConfigKeys (ConfUtils.java:logGet(46)) - raft.server.leaderelection.pre-vote = false (custom)
2022-10-18 21:55:55,537 [omNode-1@group-523986131536-FollowerState] INFO  impl.RoleInfo (RoleInfo.java:updateAndGet(139)) - omNode-1: start omNode-1@group-523986131536-LeaderElection11
2022-10-18 21:55:55,538 [omNode-1@group-523986131536-LeaderElection11] INFO  server.RaftServer$Division (ServerState.java:setLeader(287)) - omNode-1@group-523986131536: change Leader from omNode-3 to null at term 3 for ELECTION
2022-10-18 21:55:55,539 [omNode-1@group-523986131536-LeaderElection11] INFO  impl.LeaderElection (LeaderElection.java:askForVotes(310)) - omNode-1@group-523986131536-LeaderElection11 ELECTION round 0: submit vote requests at term 4 for 31: [omNode-3|rpc:localhost:38017|admin:|client:|dataStream:|priority:0, omNode-1|rpc:localhost:35389|admin:|client:|dataStream:|priority:0, omNode-2|rpc:localhost:45203|admin:|client:|dataStream:|priority:0], old=null
2022-10-18 21:55:55,545 [grpc-default-executor-0] INFO  server.RaftServer$Division (RaftServerImpl.java:requestVote(1152)) - omNode-2@group-523986131536: receive requestVote(ELECTION, omNode-1, group-523986131536, 4, (t:3, i:56))
2022-10-18 21:55:55,545 [omNode-1@group-523986131536-LeaderElection11] INFO  impl.LeaderElection (LogUtils.java:infoOrTrace(137)) - omNode-1@group-523986131536-LeaderElection11 got exception when requesting votes: java.util.concurrent.ExecutionException: org.apache.ratis.thirdparty.io.grpc.StatusRuntimeException: UNAVAILABLE: io exception
2022-10-18 21:55:55,545 [grpc-default-executor-0] INFO  impl.VoteContext (VoteContext.java:log(48)) - omNode-2@group-523986131536-FOLLOWER: accept ELECTION from omNode-1: our priority 0 <= candidate's priority 0
2022-10-18 21:55:55,545 [grpc-default-executor-0] INFO  server.RaftServer$Division (ServerState.java:setLeader(287)) - omNode-2@group-523986131536: change Leader from omNode-3 to null at term 4 for updateCurrentTerm
2022-10-18 21:55:55,545 [grpc-default-executor-0] INFO  server.RaftServer$Division (RaftServerImpl.java:setRole(299)) - omNode-2@group-523986131536: changes role from  FOLLOWER to FOLLOWER at term 4 for candidate:omNode-1
2022-10-18 21:55:55,545 [grpc-default-executor-0] INFO  impl.RoleInfo (RoleInfo.java:shutdownFollowerState(110)) - omNode-2: shutdown omNode-2@group-523986131536-FollowerState
2022-10-18 21:55:55,546 [grpc-default-executor-0] INFO  impl.RoleInfo (RoleInfo.java:updateAndGet(139)) - omNode-2: start omNode-2@group-523986131536-FollowerState
2022-10-18 21:55:55,546 [omNode-2@group-523986131536-FollowerState] INFO  impl.FollowerState (FollowerState.java:run(152)) - omNode-2@group-523986131536-FollowerState was interrupted
2022-10-18 21:55:55,547 [grpc-default-executor-0] INFO  server.RaftServer$Division (RaftServerImpl.java:requestVote(1184)) - omNode-2@group-523986131536 replies to ELECTION vote request: omNode-1<-omNode-2#0:OK-t4. Peer's state: omNode-2@group-523986131536:t4, leader=null, voted=omNode-1, raftlog=omNode-2@group-523986131536-SegmentedRaftLog:OPENED:c55, conf=31: [omNode-3|rpc:localhost:38017|admin:|client:|dataStream:|priority:0, omNode-1|rpc:localhost:35389|admin:|client:|dataStream:|priority:0, omNode-2|rpc:localhost:45203|admin:|client:|dataStream:|priority:0], old=null
2022-10-18 21:55:55,548 [omNode-1@group-523986131536-LeaderElection11] INFO  impl.LeaderElection (LeaderElection.java:logAndReturn(90)) - omNode-1@group-523986131536-LeaderElection11: ELECTION PASSED received 1 response(s) and 1 exception(s):
2022-10-18 21:55:55,548 [omNode-1@group-523986131536-LeaderElection11] INFO  impl.LeaderElection (LeaderElection.java:logAndReturn(94)) -   Response 0: omNode-1<-omNode-2#0:OK-t4
2022-10-18 21:55:55,548 [omNode-1@group-523986131536-LeaderElection11] INFO  impl.LeaderElection (LogUtils.java:infoOrTrace(137)) -   Exception 1: java.util.concurrent.ExecutionException: org.apache.ratis.thirdparty.io.grpc.StatusRuntimeException: UNAVAILABLE: io exception
2022-10-18 21:55:55,548 [omNode-1@group-523986131536-LeaderElection11] INFO  impl.LeaderElection (LeaderElection.java:askForVotes(312)) - omNode-1@group-523986131536-LeaderElection11 ELECTION round 0: result PASSED
2022-10-18 21:55:55,548 [omNode-1@group-523986131536-LeaderElection11] INFO  impl.RoleInfo (RoleInfo.java:shutdownLeaderElection(130)) - omNode-1: shutdown omNode-1@group-523986131536-LeaderElection11
2022-10-18 21:55:55,548 [omNode-1@group-523986131536-LeaderElection11] INFO  server.RaftServer$Division (RaftServerImpl.java:setRole(299)) - omNode-1@group-523986131536: changes role from CANDIDATE to LEADER at term 4 for changeToLeader
2022-10-18 21:55:55,548 [omNode-1@group-523986131536-LeaderElection11] INFO  server.RaftServer$Division (ServerState.java:setLeader(287)) - omNode-1@group-523986131536: change Leader from null to omNode-1 at term 4 for becomeLeader, leader elected after 10ms
2022-10-18 21:55:55,548 [omNode-1@group-523986131536-LeaderElection11] INFO  server.RaftServerConfigKeys (ConfUtils.java:logGet(46)) - raft.server.staging.catchup.gap = 1000 (default)
2022-10-18 21:55:55,550 [omNode-1@group-523986131536-LeaderElection11] INFO  server.RaftServerConfigKeys (ConfUtils.java:logGet(46)) - raft.server.write.element-limit = 4096 (default)
2022-10-18 21:55:55,550 [omNode-1@group-523986131536-LeaderElection11] INFO  server.RaftServerConfigKeys (ConfUtils.java:logGet(46)) - raft.server.write.byte-limit = 64MB (=67108864) (default)
2022-10-18 21:55:55,550 [omNode-1@group-523986131536-LeaderElection11] INFO  server.RaftServerConfigKeys (ConfUtils.java:logGet(46)) - raft.server.watch.timeout = 10s (default)
2022-10-18 21:55:55,550 [omNode-1@group-523986131536-LeaderElection11] INFO  server.RaftServerConfigKeys (ConfUtils.java:logGet(46)) - raft.server.watch.timeout.denomination = 1s (default)
2022-10-18 21:55:55,550 [omNode-1@group-523986131536-LeaderElection11] INFO  server.RaftServerConfigKeys (ConfUtils.java:logGet(46)) - raft.server.watch.element-limit = 65536 (default)
2022-10-18 21:55:55,550 [omNode-1@group-523986131536-LeaderElection11] INFO  server.RaftServerConfigKeys (ConfUtils.java:logGet(46)) - raft.server.write.element-limit = 4096 (default)
2022-10-18 21:55:55,550 [omNode-1@group-523986131536-LeaderElection11] INFO  server.RaftServerConfigKeys (ConfUtils.java:logGet(46)) - raft.server.write.follower.gap.ratio.max = -1.0 (default)
2022-10-18 21:55:55,551 [omNode-1@group-523986131536-LeaderElection11] INFO  server.RaftServerConfigKeys (ConfUtils.java:logGet(46)) - raft.server.log.appender.snapshot.chunk.size.max = 16MB (=16777216) (default)
2022-10-18 21:55:55,551 [omNode-1@group-523986131536-LeaderElection11] INFO  server.RaftServerConfigKeys (ConfUtils.java:logGet(46)) - raft.server.log.appender.buffer.byte-limit = 33554432 (custom)
2022-10-18 21:55:55,551 [omNode-1@group-523986131536-LeaderElection11] INFO  server.RaftServerConfigKeys (ConfUtils.java:logGet(46)) - raft.server.log.appender.buffer.element-limit = 1024 (custom)
2022-10-18 21:55:55,551 [omNode-1@group-523986131536-LeaderElection11] INFO  grpc.GrpcConfigKeys (ConfUtils.java:logGet(46)) - raft.grpc.server.leader.outstanding.appends.max = 128 (default)
2022-10-18 21:55:55,551 [omNode-1@group-523986131536-LeaderElection11] INFO  server.RaftServerConfigKeys (ConfUtils.java:logGet(46)) - raft.server.rpc.request.timeout = 3000ms (default)
2022-10-18 21:55:55,551 [omNode-1@group-523986131536-LeaderElection11] INFO  server.RaftServerConfigKeys (ConfUtils.java:logGet(46)) - raft.server.log.appender.install.snapshot.enabled = false (custom)
2022-10-18 21:55:55,552 [omNode-1@group-523986131536-LeaderElection11] INFO  server.RaftServerConfigKeys (ConfUtils.java:logGet(46)) - raft.server.log.appender.snapshot.chunk.size.max = 16MB (=16777216) (default)
2022-10-18 21:55:55,552 [omNode-1@group-523986131536-LeaderElection11] INFO  server.RaftServerConfigKeys (ConfUtils.java:logGet(46)) - raft.server.log.appender.buffer.byte-limit = 33554432 (custom)
2022-10-18 21:55:55,552 [omNode-1@group-523986131536-LeaderElection11] INFO  server.RaftServerConfigKeys (ConfUtils.java:logGet(46)) - raft.server.log.appender.buffer.element-limit = 1024 (custom)
2022-10-18 21:55:55,552 [omNode-1@group-523986131536-LeaderElection11] INFO  grpc.GrpcConfigKeys (ConfUtils.java:logGet(46)) - raft.grpc.server.leader.outstanding.appends.max = 128 (default)
2022-10-18 21:55:55,552 [omNode-1@group-523986131536-LeaderElection11] INFO  server.RaftServerConfigKeys (ConfUtils.java:logGet(46)) - raft.server.rpc.request.timeout = 3000ms (default)
2022-10-18 21:55:55,552 [omNode-1@group-523986131536-LeaderElection11] INFO  server.RaftServerConfigKeys (ConfUtils.java:logGet(46)) - raft.server.log.appender.install.snapshot.enabled = false (custom)
2022-10-18 21:55:55,552 [omNode-1@group-523986131536-LeaderElection11] INFO  impl.RoleInfo (RoleInfo.java:updateAndGet(139)) - omNode-1: start omNode-1@group-523986131536-LeaderStateImpl
2022-10-18 21:55:55,552 [omNode-1@group-523986131536-LeaderElection11] INFO  segmented.SegmentedRaftLogWorker (SegmentedRaftLogWorker.java:rollLogSegment(430)) - omNode-1@group-523986131536-SegmentedRaftLogWorker: Rolling segment log-31_56 to index:56
2022-10-18 21:55:55,553 [omNode-1@group-523986131536-SegmentedRaftLogWorker] INFO  segmented.SegmentedRaftLogWorker (SegmentedRaftLogWorker.java:execute(586)) - omNode-1@group-523986131536-SegmentedRaftLogWorker: Rolled log segment from /home/runner/work/ozone/ozone/hadoop-ozone/integration-test/target/test-dir/MiniOzoneClusterImpl-285291dc-83a3-4c49-94f6-5e759e1760ea/omNode-1/ratis/c9bc4cf4-3bc3-3c60-a66b-523986131536/current/log_inprogress_31 to /home/runner/work/ozone/ozone/hadoop-ozone/integration-test/target/test-dir/MiniOzoneClusterImpl-285291dc-83a3-4c49-94f6-5e759e1760ea/omNode-1/ratis/c9bc4cf4-3bc3-3c60-a66b-523986131536/current/log_31-56
2022-10-18 21:55:55,554 [omNode-1@group-523986131536-LeaderElection11] INFO  server.RaftServer$Division (ServerState.java:setRaftConf(393)) - omNode-1@group-523986131536: set configuration 57: [omNode-3|rpc:localhost:38017|admin:|client:|dataStream:|priority:0, omNode-1|rpc:localhost:35389|admin:|client:|dataStream:|priority:0, omNode-2|rpc:localhost:45203|admin:|client:|dataStream:|priority:0], old=null
2022-10-18 21:55:55,559 [omNode-2-server-thread1] INFO  server.RaftServer$Division (ServerState.java:setLeader(287)) - omNode-2@group-523986131536: change Leader from null to omNode-1 at term 4 for appendEntries, leader elected after 13ms
2022-10-18 21:55:55,560 [grpc-default-executor-0] WARN  server.GrpcLogAppender (LogUtils.java:warn(122)) - omNode-1@group-523986131536->omNode-3-AppendLogResponseHandler: Failed appendEntries: org.apache.ratis.thirdparty.io.grpc.StatusRuntimeException: UNAVAILABLE: io exception
2022-10-18 21:55:55,560 [grpc-default-executor-0] WARN  server.GrpcLogAppender (GrpcLogAppender.java:resetClient(111)) - omNode-1@group-523986131536->omNode-3-GrpcLogAppender: Leader has not got in touch with Follower omNode-1@group-523986131536->omNode-3(c-1,m0,n58, attendVote=true, lastRpcSendTime=1, lastRpcResponseTime=1209) yet, just keep nextIndex unchanged and retry.
2022-10-18 21:55:55,562 [omNode-2-server-thread1] INFO  server.RaftServer$Division (ServerState.java:setRaftConf(393)) - omNode-2@group-523986131536: set configuration 57: [omNode-3|rpc:localhost:38017|admin:|client:|dataStream:|priority:0, omNode-1|rpc:localhost:35389|admin:|client:|dataStream:|priority:0, omNode-2|rpc:localhost:45203|admin:|client:|dataStream:|priority:0], old=null
2022-10-18 21:55:55,562 [omNode-2-server-thread1] INFO  segmented.SegmentedRaftLogWorker (SegmentedRaftLogWorker.java:rollLogSegment(430)) - omNode-2@group-523986131536-SegmentedRaftLogWorker: Rolling segment log-31_56 to index:56
2022-10-18 21:55:55,563 [omNode-2@group-523986131536-SegmentedRaftLogWorker] INFO  segmented.SegmentedRaftLogWorker (SegmentedRaftLogWorker.java:execute(586)) - omNode-2@group-523986131536-SegmentedRaftLogWorker: Rolled log segment from /home/runner/work/ozone/ozone/hadoop-ozone/integration-test/target/test-dir/MiniOzoneClusterImpl-285291dc-83a3-4c49-94f6-5e759e1760ea/omNode-2/ratis/c9bc4cf4-3bc3-3c60-a66b-523986131536/current/log_inprogress_31 to /home/runner/work/ozone/ozone/hadoop-ozone/integration-test/target/test-dir/MiniOzoneClusterImpl-285291dc-83a3-4c49-94f6-5e759e1760ea/omNode-2/ratis/c9bc4cf4-3bc3-3c60-a66b-523986131536/current/log_31-56
2022-10-18 21:55:55,571 [omNode-1@group-523986131536-SegmentedRaftLogWorker] INFO  segmented.SegmentedRaftLogWorker (SegmentedRaftLogWorker.java:execute(629)) - omNode-1@group-523986131536-SegmentedRaftLogWorker: created new log segment /home/runner/work/ozone/ozone/hadoop-ozone/integration-test/target/test-dir/MiniOzoneClusterImpl-285291dc-83a3-4c49-94f6-5e759e1760ea/omNode-1/ratis/c9bc4cf4-3bc3-3c60-a66b-523986131536/current/log_inprogress_57
2022-10-18 21:55:55,571 [omNode-2@group-523986131536-SegmentedRaftLogWorker] INFO  segmented.SegmentedRaftLogWorker (SegmentedRaftLogWorker.java:execute(629)) - omNode-2@group-523986131536-SegmentedRaftLogWorker: created new log segment /home/runner/work/ozone/ozone/hadoop-ozone/integration-test/target/test-dir/MiniOzoneClusterImpl-285291dc-83a3-4c49-94f6-5e759e1760ea/omNode-2/ratis/c9bc4cf4-3bc3-3c60-a66b-523986131536/current/log_inprogress_57
2022-10-18 21:55:55,576 [omNode-1@group-523986131536-StateMachineUpdater] INFO  ratis.OzoneManagerStateMachine (OzoneManagerStateMachine.java:notifyConfigurationChanged(192)) - Received Configuration change notification from Ratis. New Peer list:
[id: "omNode-3"
address: "localhost:38017"
, id: "omNode-1"
address: "localhost:35389"
, id: "omNode-2"
address: "localhost:45203"
]
2022-10-18 21:55:55,576 [grpc-default-executor-0] WARN  server.GrpcLogAppender (LogUtils.java:warn(122)) - omNode-1@group-523986131536->omNode-3-AppendLogResponseHandler: Failed appendEntries: org.apache.ratis.thirdparty.io.grpc.StatusRuntimeException: UNAVAILABLE: io exception
2022-10-18 21:55:55,577 [grpc-default-executor-0] WARN  server.GrpcLogAppender (GrpcLogAppender.java:resetClient(111)) - omNode-1@group-523986131536->omNode-3-GrpcLogAppender: Leader has not got in touch with Follower omNode-1@group-523986131536->omNode-3(c-1,m0,n59, attendVote=true, lastRpcSendTime=17, lastRpcResponseTime=1226) yet, just keep nextIndex unchanged and retry.
2022-10-18 21:55:55,578 [omNode-2@group-523986131536-StateMachineUpdater] INFO  ratis.OzoneManagerStateMachine (OzoneManagerStateMachine.java:notifyConfigurationChanged(192)) - Received Configuration change notification from Ratis. New Peer list:
[id: "omNode-3"
address: "localhost:38017"
, id: "omNode-1"
address: "localhost:35389"
, id: "omNode-2"
address: "localhost:45203"
]
2022-10-18 21:55:55,809 [grpc-default-executor-0] WARN  server.GrpcLogAppender (LogUtils.java:warn(122)) - omNode-1@group-523986131536->omNode-3-AppendLogResponseHandler: Failed appendEntries: org.apache.ratis.thirdparty.io.grpc.StatusRuntimeException: UNAVAILABLE: io exception
2022-10-18 21:55:55,809 [grpc-default-executor-0] WARN  server.GrpcLogAppender (GrpcLogAppender.java:resetClient(111)) - omNode-1@group-523986131536->omNode-3-GrpcLogAppender: Leader has not got in touch with Follower omNode-1@group-523986131536->omNode-3(c-1,m0,n59, attendVote=true, lastRpcSendTime=0, lastRpcResponseTime=1458) yet, just keep nextIndex unchanged and retry.
2022-10-18 21:55:56,059 [grpc-default-executor-0] WARN  server.GrpcLogAppender (LogUtils.java:warn(122)) - omNode-1@group-523986131536->omNode-3-AppendLogResponseHandler: Failed appendEntries: org.apache.ratis.thirdparty.io.grpc.StatusRuntimeException: UNAVAILABLE: io exception
2022-10-18 21:55:56,060 [grpc-default-executor-0] WARN  server.GrpcLogAppender (GrpcLogAppender.java:resetClient(111)) - omNode-1@group-523986131536->omNode-3-GrpcLogAppender: Leader has not got in touch with Follower omNode-1@group-523986131536->omNode-3(c-1,m0,n59, attendVote=true, lastRpcSendTime=0, lastRpcResponseTime=1709) yet, just keep nextIndex unchanged and retry.
2022-10-18 21:55:56,309 [grpc-default-executor-0] WARN  server.GrpcLogAppender (LogUtils.java:warn(122)) - omNode-1@group-523986131536->omNode-3-AppendLogResponseHandler: Failed appendEntries: org.apache.ratis.thirdparty.io.grpc.StatusRuntimeException: UNAVAILABLE: io exception
2022-10-18 21:55:56,310 [grpc-default-executor-0] WARN  server.GrpcLogAppender (GrpcLogAppender.java:resetClient(111)) - omNode-1@group-523986131536->omNode-3-GrpcLogAppender: Leader has not got in touch with Follower omNode-1@group-523986131536->omNode-3(c-1,m0,n59, attendVote=true, lastRpcSendTime=0, lastRpcResponseTime=1959) yet, just keep nextIndex unchanged and retry.
2022-10-18 21:55:56,560 [grpc-default-executor-0] WARN  server.GrpcLogAppender (LogUtils.java:warn(122)) - omNode-1@group-523986131536->omNode-3-AppendLogResponseHandler: Failed appendEntries: org.apache.ratis.thirdparty.io.grpc.StatusRuntimeException: UNAVAILABLE: io exception
2022-10-18 21:55:56,560 [grpc-default-executor-0] WARN  server.GrpcLogAppender (GrpcLogAppender.java:resetClient(111)) - omNode-1@group-523986131536->omNode-3-GrpcLogAppender: Leader has not got in touch with Follower omNode-1@group-523986131536->omNode-3(c-1,m0,n59, attendVote=true, lastRpcSendTime=0, lastRpcResponseTime=2209) yet, just keep nextIndex unchanged and retry.
2022-10-18 21:55:56,810 [grpc-default-executor-0] WARN  server.GrpcLogAppender (LogUtils.java:warn(122)) - omNode-1@group-523986131536->omNode-3-AppendLogResponseHandler: Failed appendEntries: org.apache.ratis.thirdparty.io.grpc.StatusRuntimeException: UNAVAILABLE: io exception
2022-10-18 21:55:56,810 [grpc-default-executor-0] WARN  server.GrpcLogAppender (GrpcLogAppender.java:resetClient(111)) - omNode-1@group-523986131536->omNode-3-GrpcLogAppender: Leader has not got in touch with Follower omNode-1@group-523986131536->omNode-3(c-1,m0,n59, attendVote=true, lastRpcSendTime=0, lastRpcResponseTime=2459) yet, just keep nextIndex unchanged and retry.
2022-10-18 21:55:57,060 [grpc-default-executor-0] WARN  server.GrpcLogAppender (LogUtils.java:warn(122)) - omNode-1@group-523986131536->omNode-3-AppendLogResponseHandler: Failed appendEntries: org.apache.ratis.thirdparty.io.grpc.StatusRuntimeException: UNAVAILABLE: io exception
2022-10-18 21:55:57,061 [grpc-default-executor-0] WARN  server.GrpcLogAppender (GrpcLogAppender.java:resetClient(111)) - omNode-1@group-523986131536->omNode-3-GrpcLogAppender: Leader has not got in touch with Follower omNode-1@group-523986131536->omNode-3(c-1,m0,n59, attendVote=true, lastRpcSendTime=0, lastRpcResponseTime=2710) yet, just keep nextIndex unchanged and retry.
2022-10-18 21:55:57,310 [grpc-default-executor-0] WARN  server.GrpcLogAppender (LogUtils.java:warn(122)) - omNode-1@group-523986131536->omNode-3-AppendLogResponseHandler: Failed appendEntries: org.apache.ratis.thirdparty.io.grpc.StatusRuntimeException: UNAVAILABLE: io exception
2022-10-18 21:55:57,311 [grpc-default-executor-0] WARN  server.GrpcLogAppender (GrpcLogAppender.java:resetClient(111)) - omNode-1@group-523986131536->omNode-3-GrpcLogAppender: Leader has not got in touch with Follower omNode-1@group-523986131536->omNode-3(c-1,m0,n59, attendVote=true, lastRpcSendTime=0, lastRpcResponseTime=2960) yet, just keep nextIndex unchanged and retry.
2022-10-18 21:55:57,561 [grpc-default-executor-0] WARN  server.GrpcLogAppender (LogUtils.java:warn(122)) - omNode-1@group-523986131536->omNode-3-AppendLogResponseHandler: Failed appendEntries: org.apache.ratis.thirdparty.io.grpc.StatusRuntimeException: UNAVAILABLE: io exception
2022-10-18 21:55:57,561 [grpc-default-executor-0] WARN  server.GrpcLogAppender (GrpcLogAppender.java:resetClient(111)) - omNode-1@group-523986131536->omNode-3-GrpcLogAppender: Leader has not got in touch with Follower omNode-1@group-523986131536->omNode-3(c-1,m0,n59, attendVote=true, lastRpcSendTime=0, lastRpcResponseTime=3210) yet, just keep nextIndex unchanged and retry.
2022-10-18 21:55:57,811 [grpc-default-executor-0] WARN  server.GrpcLogAppender (LogUtils.java:warn(122)) - omNode-1@group-523986131536->omNode-3-AppendLogResponseHandler: Failed appendEntries: org.apache.ratis.thirdparty.io.grpc.StatusRuntimeException: UNAVAILABLE: io exception
2022-10-18 21:55:57,812 [grpc-default-executor-0] WARN  server.GrpcLogAppender (GrpcLogAppender.java:resetClient(111)) - omNode-1@group-523986131536->omNode-3-GrpcLogAppender: Leader has not got in touch with Follower omNode-1@group-523986131536->omNode-3(c-1,m0,n59, attendVote=true, lastRpcSendTime=0, lastRpcResponseTime=3461) yet, just keep nextIndex unchanged and retry.
2022-10-18 21:55:58,061 [grpc-default-executor-0] WARN  server.GrpcLogAppender (LogUtils.java:warn(122)) - omNode-1@group-523986131536->omNode-3-AppendLogResponseHandler: Failed appendEntries: org.apache.ratis.thirdparty.io.grpc.StatusRuntimeException: UNAVAILABLE: io exception
2022-10-18 21:55:58,062 [grpc-default-executor-0] WARN  server.GrpcLogAppender (GrpcLogAppender.java:resetClient(111)) - omNode-1@group-523986131536->omNode-3-GrpcLogAppender: Leader has not got in touch with Follower omNode-1@group-523986131536->omNode-3(c-1,m0,n59, attendVote=true, lastRpcSendTime=0, lastRpcResponseTime=3711) yet, just keep nextIndex unchanged and retry.
2022-10-18 21:55:58,312 [grpc-default-executor-0] WARN  server.GrpcLogAppender (LogUtils.java:warn(122)) - omNode-1@group-523986131536->omNode-3-AppendLogResponseHandler: Failed appendEntries: org.apache.ratis.thirdparty.io.grpc.StatusRuntimeException: UNAVAILABLE: io exception
2022-10-18 21:55:58,312 [grpc-default-executor-0] WARN  server.GrpcLogAppender (GrpcLogAppender.java:resetClient(111)) - omNode-1@group-523986131536->omNode-3-GrpcLogAppender: Leader has not got in touch with Follower omNode-1@group-523986131536->omNode-3(c-1,m0,n59, attendVote=true, lastRpcSendTime=0, lastRpcResponseTime=3961) yet, just keep nextIndex unchanged and retry.
2022-10-18 21:55:58,562 [grpc-default-executor-0] WARN  server.GrpcLogAppender (LogUtils.java:warn(122)) - omNode-1@group-523986131536->omNode-3-AppendLogResponseHandler: Failed appendEntries: org.apache.ratis.thirdparty.io.grpc.StatusRuntimeException: UNAVAILABLE: io exception
2022-10-18 21:55:58,563 [grpc-default-executor-0] WARN  server.GrpcLogAppender (GrpcLogAppender.java:resetClient(111)) - omNode-1@group-523986131536->omNode-3-GrpcLogAppender: Leader has not got in touch with Follower omNode-1@group-523986131536->omNode-3(c-1,m0,n59, attendVote=true, lastRpcSendTime=0, lastRpcResponseTime=4212) yet, just keep nextIndex unchanged and retry.
2022-10-18 21:55:58,812 [grpc-default-executor-0] WARN  server.GrpcLogAppender (LogUtils.java:warn(122)) - omNode-1@group-523986131536->omNode-3-AppendLogResponseHandler: Failed appendEntries: org.apache.ratis.thirdparty.io.grpc.StatusRuntimeException: UNAVAILABLE: io exception
2022-10-18 21:55:58,813 [grpc-default-executor-0] WARN  server.GrpcLogAppender (GrpcLogAppender.java:resetClient(111)) - omNode-1@group-523986131536->omNode-3-GrpcLogAppender: Leader has not got in touch with Follower omNode-1@group-523986131536->omNode-3(c-1,m0,n59, attendVote=true, lastRpcSendTime=0, lastRpcResponseTime=4462) yet, just keep nextIndex unchanged and retry.
2022-10-18 21:55:59,063 [grpc-default-executor-0] WARN  server.GrpcLogAppender (LogUtils.java:warn(122)) - omNode-1@group-523986131536->omNode-3-AppendLogResponseHandler: Failed appendEntries: org.apache.ratis.thirdparty.io.grpc.StatusRuntimeException: UNAVAILABLE: io exception
2022-10-18 21:55:59,063 [grpc-default-executor-0] WARN  server.GrpcLogAppender (GrpcLogAppender.java:resetClient(111)) - omNode-1@group-523986131536->omNode-3-GrpcLogAppender: Leader has not got in touch with Follower omNode-1@group-523986131536->omNode-3(c-1,m0,n59, attendVote=true, lastRpcSendTime=0, lastRpcResponseTime=4712) yet, just keep nextIndex unchanged and retry.
2022-10-18 21:55:59,313 [grpc-default-executor-1] WARN  server.GrpcLogAppender (LogUtils.java:warn(122)) - omNode-1@group-523986131536->omNode-3-AppendLogResponseHandler: Failed appendEntries: org.apache.ratis.thirdparty.io.grpc.StatusRuntimeException: UNAVAILABLE: io exception
2022-10-18 21:55:59,314 [grpc-default-executor-1] WARN  server.GrpcLogAppender (GrpcLogAppender.java:resetClient(111)) - omNode-1@group-523986131536->omNode-3-GrpcLogAppender: Leader has not got in touch with Follower omNode-1@group-523986131536->omNode-3(c-1,m0,n59, attendVote=true, lastRpcSendTime=0, lastRpcResponseTime=4963) yet, just keep nextIndex unchanged and retry.
2022-10-18 21:55:59,563 [grpc-default-executor-1] WARN  server.GrpcLogAppender (LogUtils.java:warn(122)) - omNode-1@group-523986131536->omNode-3-AppendLogResponseHandler: Failed appendEntries: org.apache.ratis.thirdparty.io.grpc.StatusRuntimeException: UNAVAILABLE: io exception
2022-10-18 21:55:59,564 [grpc-default-executor-1] WARN  server.GrpcLogAppender (GrpcLogAppender.java:resetClient(111)) - omNode-1@group-523986131536->omNode-3-GrpcLogAppender: Leader has not got in touch with Follower omNode-1@group-523986131536->omNode-3(c-1,m0,n59, attendVote=true, lastRpcSendTime=0, lastRpcResponseTime=5213) yet, just keep nextIndex unchanged and retry.
2022-10-18 21:55:59,814 [grpc-default-executor-1] WARN  server.GrpcLogAppender (LogUtils.java:warn(122)) - omNode-1@group-523986131536->omNode-3-AppendLogResponseHandler: Failed appendEntries: org.apache.ratis.thirdparty.io.grpc.StatusRuntimeException: UNAVAILABLE: io exception
2022-10-18 21:55:59,814 [grpc-default-executor-1] WARN  server.GrpcLogAppender (GrpcLogAppender.java:resetClient(111)) - omNode-1@group-523986131536->omNode-3-GrpcLogAppender: Leader has not got in touch with Follower omNode-1@group-523986131536->omNode-3(c-1,m0,n59, attendVote=true, lastRpcSendTime=0, lastRpcResponseTime=5463) yet, just keep nextIndex unchanged and retry.
2022-10-18 21:56:00,064 [grpc-default-executor-1] WARN  server.GrpcLogAppender (LogUtils.java:warn(122)) - omNode-1@group-523986131536->omNode-3-AppendLogResponseHandler: Failed appendEntries: org.apache.ratis.thirdparty.io.grpc.StatusRuntimeException: UNAVAILABLE: io exception
2022-10-18 21:56:00,065 [grpc-default-executor-1] WARN  server.GrpcLogAppender (GrpcLogAppender.java:resetClient(111)) - omNode-1@group-523986131536->omNode-3-GrpcLogAppender: Leader has not got in touch with Follower omNode-1@group-523986131536->omNode-3(c-1,m0,n59, attendVote=true, lastRpcSendTime=0, lastRpcResponseTime=5714) yet, just keep nextIndex unchanged and retry.
2022-10-18 21:56:00,314 [grpc-default-executor-1] WARN  server.GrpcLogAppender (LogUtils.java:warn(122)) - omNode-1@group-523986131536->omNode-3-AppendLogResponseHandler: Failed appendEntries: org.apache.ratis.thirdparty.io.grpc.StatusRuntimeException: UNAVAILABLE: io exception
2022-10-18 21:56:00,315 [grpc-default-executor-1] WARN  server.GrpcLogAppender (GrpcLogAppender.java:resetClient(111)) - omNode-1@group-523986131536->omNode-3-GrpcLogAppender: Leader has not got in touch with Follower omNode-1@group-523986131536->omNode-3(c-1,m0,n59, attendVote=true, lastRpcSendTime=0, lastRpcResponseTime=5964) yet, just keep nextIndex unchanged and retry.
2022-10-18 21:56:00,565 [grpc-default-executor-1] WARN  server.GrpcLogAppender (LogUtils.java:warn(122)) - omNode-1@group-523986131536->omNode-3-AppendLogResponseHandler: Failed appendEntries: org.apache.ratis.thirdparty.io.grpc.StatusRuntimeException: UNAVAILABLE: io exception
2022-10-18 21:56:00,565 [grpc-default-executor-1] WARN  server.GrpcLogAppender (GrpcLogAppender.java:resetClient(111)) - omNode-1@group-523986131536->omNode-3-GrpcLogAppender: Leader has not got in touch with Follower omNode-1@group-523986131536->omNode-3(c-1,m0,n59, attendVote=true, lastRpcSendTime=0, lastRpcResponseTime=6214) yet, just keep nextIndex unchanged and retry.
2022-10-18 21:56:00,815 [grpc-default-executor-1] WARN  server.GrpcLogAppender (LogUtils.java:warn(122)) - omNode-1@group-523986131536->omNode-3-AppendLogResponseHandler: Failed appendEntries: org.apache.ratis.thirdparty.io.grpc.StatusRuntimeException: UNAVAILABLE: io exception
2022-10-18 21:56:00,815 [grpc-default-executor-1] WARN  server.GrpcLogAppender (GrpcLogAppender.java:resetClient(111)) - omNode-1@group-523986131536->omNode-3-GrpcLogAppender: Leader has not got in touch with Follower omNode-1@group-523986131536->omNode-3(c-1,m0,n59, attendVote=true, lastRpcSendTime=0, lastRpcResponseTime=6464) yet, just keep nextIndex unchanged and retry.
2022-10-18 21:56:01,065 [grpc-default-executor-1] WARN  server.GrpcLogAppender (LogUtils.java:warn(122)) - omNode-1@group-523986131536->omNode-3-AppendLogResponseHandler: Failed appendEntries: org.apache.ratis.thirdparty.io.grpc.StatusRuntimeException: UNAVAILABLE: io exception
2022-10-18 21:56:01,066 [grpc-default-executor-1] WARN  server.GrpcLogAppender (GrpcLogAppender.java:resetClient(111)) - omNode-1@group-523986131536->omNode-3-GrpcLogAppender: Leader has not got in touch with Follower omNode-1@group-523986131536->omNode-3(c-1,m0,n59, attendVote=true, lastRpcSendTime=0, lastRpcResponseTime=6715) yet, just keep nextIndex unchanged and retry.
2022-10-18 21:56:01,315 [grpc-default-executor-1] WARN  server.GrpcLogAppender (LogUtils.java:warn(122)) - omNode-1@group-523986131536->omNode-3-AppendLogResponseHandler: Failed appendEntries: org.apache.ratis.thirdparty.io.grpc.StatusRuntimeException: UNAVAILABLE: io exception
2022-10-18 21:56:01,316 [grpc-default-executor-1] WARN  server.GrpcLogAppender (GrpcLogAppender.java:resetClient(111)) - omNode-1@group-523986131536->omNode-3-GrpcLogAppender: Leader has not got in touch with Follower omNode-1@group-523986131536->omNode-3(c-1,m0,n59, attendVote=true, lastRpcSendTime=0, lastRpcResponseTime=6965) yet, just keep nextIndex unchanged and retry.
2022-10-18 21:56:01,566 [grpc-default-executor-1] WARN  server.GrpcLogAppender (LogUtils.java:warn(122)) - omNode-1@group-523986131536->omNode-3-AppendLogResponseHandler: Failed appendEntries: org.apache.ratis.thirdparty.io.grpc.StatusRuntimeException: UNAVAILABLE: io exception
2022-10-18 21:56:01,566 [grpc-default-executor-1] WARN  server.GrpcLogAppender (GrpcLogAppender.java:resetClient(111)) - omNode-1@group-523986131536->omNode-3-GrpcLogAppender: Leader has not got in touch with Follower omNode-1@group-523986131536->omNode-3(c-1,m0,n59, attendVote=true, lastRpcSendTime=0, lastRpcResponseTime=7215) yet, just keep nextIndex unchanged and retry.
2022-10-18 21:56:01,816 [grpc-default-executor-1] WARN  server.GrpcLogAppender (LogUtils.java:warn(122)) - omNode-1@group-523986131536->omNode-3-AppendLogResponseHandler: Failed appendEntries: org.apache.ratis.thirdparty.io.grpc.StatusRuntimeException: UNAVAILABLE: io exception
2022-10-18 21:56:01,817 [grpc-default-executor-1] WARN  server.GrpcLogAppender (GrpcLogAppender.java:resetClient(111)) - omNode-1@group-523986131536->omNode-3-GrpcLogAppender: Leader has not got in touch with Follower omNode-1@group-523986131536->omNode-3(c-1,m0,n59, attendVote=true, lastRpcSendTime=0, lastRpcResponseTime=7466) yet, just keep nextIndex unchanged and retry.
2022-10-18 21:56:02,066 [grpc-default-executor-1] WARN  server.GrpcLogAppender (LogUtils.java:warn(122)) - omNode-1@group-523986131536->omNode-3-AppendLogResponseHandler: Failed appendEntries: org.apache.ratis.thirdparty.io.grpc.StatusRuntimeException: UNAVAILABLE: io exception
2022-10-18 21:56:02,067 [grpc-default-executor-1] WARN  server.GrpcLogAppender (GrpcLogAppender.java:resetClient(111)) - omNode-1@group-523986131536->omNode-3-GrpcLogAppender: Leader has not got in touch with Follower omNode-1@group-523986131536->omNode-3(c-1,m0,n59, attendVote=true, lastRpcSendTime=0, lastRpcResponseTime=7716) yet, just keep nextIndex unchanged and retry.
2022-10-18 21:56:02,317 [grpc-default-executor-1] WARN  server.GrpcLogAppender (LogUtils.java:warn(122)) - omNode-1@group-523986131536->omNode-3-AppendLogResponseHandler: Failed appendEntries: org.apache.ratis.thirdparty.io.grpc.StatusRuntimeException: UNAVAILABLE: io exception
2022-10-18 21:56:02,318 [Listener at localhost/45943] INFO  retry.RetryInvocationHandler (RetryInvocationHandler.java:log(411)) - com.google.protobuf.ServiceException: java.io.EOFException: End of File Exception between local host is: "fv-az368-376/10.1.0.49"; destination host is: "localhost":43229; : java.io.EOFException; For more details see:  http://wiki.apache.org/hadoop/EOFException, while invoking $Proxy55.submitRequest over nodeId=omNode-3,nodeAddress=127.0.0.1:43229. Trying to failover after sleeping for 2000ms.
2022-10-18 21:56:02,318 [grpc-default-executor-1] WARN  server.GrpcLogAppender (GrpcLogAppender.java:resetClient(111)) - omNode-1@group-523986131536->omNode-3-GrpcLogAppender: Leader has not got in touch with Follower omNode-1@group-523986131536->omNode-3(c-1,m0,n59, attendVote=true, lastRpcSendTime=1, lastRpcResponseTime=7967) yet, just keep nextIndex unchanged and retry.
2022-10-18 21:56:02,567 [grpc-default-executor-1] WARN  server.GrpcLogAppender (LogUtils.java:warn(122)) - omNode-1@group-523986131536->omNode-3-AppendLogResponseHandler: Failed appendEntries: org.apache.ratis.thirdparty.io.grpc.StatusRuntimeException: UNAVAILABLE: io exception
2022-10-18 21:56:02,568 [grpc-default-executor-1] WARN  server.GrpcLogAppender (GrpcLogAppender.java:resetClient(111)) - omNode-1@group-523986131536->omNode-3-GrpcLogAppender: Leader has not got in touch with Follower omNode-1@group-523986131536->omNode-3(c-1,m0,n59, attendVote=true, lastRpcSendTime=0, lastRpcResponseTime=8217) yet, just keep nextIndex unchanged and retry.
2022-10-18 21:56:02,817 [grpc-default-executor-1] WARN  server.GrpcLogAppender (LogUtils.java:warn(122)) - omNode-1@group-523986131536->omNode-3-AppendLogResponseHandler: Failed appendEntries: org.apache.ratis.thirdparty.io.grpc.StatusRuntimeException: UNAVAILABLE: io exception
2022-10-18 21:56:02,818 [grpc-default-executor-1] WARN  server.GrpcLogAppender (GrpcLogAppender.java:resetClient(111)) - omNode-1@group-523986131536->omNode-3-GrpcLogAppender: Leader has not got in touch with Follower omNode-1@group-523986131536->omNode-3(c-1,m0,n59, attendVote=true, lastRpcSendTime=0, lastRpcResponseTime=8467) yet, just keep nextIndex unchanged and retry.
2022-10-18 21:56:03,068 [grpc-default-executor-1] WARN  server.GrpcLogAppender (LogUtils.java:warn(122)) - omNode-1@group-523986131536->omNode-3-AppendLogResponseHandler: Failed appendEntries: org.apache.ratis.thirdparty.io.grpc.StatusRuntimeException: UNAVAILABLE: io exception
2022-10-18 21:56:03,068 [grpc-default-executor-1] WARN  server.GrpcLogAppender (GrpcLogAppender.java:resetClient(111)) - omNode-1@group-523986131536->omNode-3-GrpcLogAppender: Leader has not got in touch with Follower omNode-1@group-523986131536->omNode-3(c-1,m0,n59, attendVote=true, lastRpcSendTime=0, lastRpcResponseTime=8717) yet, just keep nextIndex unchanged and retry.
2022-10-18 21:56:03,318 [grpc-default-executor-1] WARN  server.GrpcLogAppender (LogUtils.java:warn(122)) - omNode-1@group-523986131536->omNode-3-AppendLogResponseHandler: Failed appendEntries: org.apache.ratis.thirdparty.io.grpc.StatusRuntimeException: UNAVAILABLE: io exception
2022-10-18 21:56:03,319 [grpc-default-executor-1] WARN  server.GrpcLogAppender (GrpcLogAppender.java:resetClient(111)) - omNode-1@group-523986131536->omNode-3-GrpcLogAppender: Leader has not got in touch with Follower omNode-1@group-523986131536->omNode-3(c-1,m0,n59, attendVote=true, lastRpcSendTime=0, lastRpcResponseTime=8968) yet, just keep nextIndex unchanged and retry.
2022-10-18 21:56:03,568 [grpc-default-executor-1] WARN  server.GrpcLogAppender (LogUtils.java:warn(122)) - omNode-1@group-523986131536->omNode-3-AppendLogResponseHandler: Failed appendEntries: org.apache.ratis.thirdparty.io.grpc.StatusRuntimeException: UNAVAILABLE: io exception
2022-10-18 21:56:03,569 [grpc-default-executor-1] WARN  server.GrpcLogAppender (GrpcLogAppender.java:resetClient(111)) - omNode-1@group-523986131536->omNode-3-GrpcLogAppender: Leader has not got in touch with Follower omNode-1@group-523986131536->omNode-3(c-1,m0,n59, attendVote=true, lastRpcSendTime=0, lastRpcResponseTime=9218) yet, just keep nextIndex unchanged and retry.
2022-10-18 21:56:03,818 [grpc-default-executor-1] WARN  server.GrpcLogAppender (LogUtils.java:warn(122)) - omNode-1@group-523986131536->omNode-3-AppendLogResponseHandler: Failed appendEntries: org.apache.ratis.thirdparty.io.grpc.StatusRuntimeException: UNAVAILABLE: io exception
2022-10-18 21:56:03,819 [grpc-default-executor-1] WARN  server.GrpcLogAppender (GrpcLogAppender.java:resetClient(111)) - omNode-1@group-523986131536->omNode-3-GrpcLogAppender: Leader has not got in touch with Follower omNode-1@group-523986131536->omNode-3(c-1,m0,n59, attendVote=true, lastRpcSendTime=0, lastRpcResponseTime=9468) yet, just keep nextIndex unchanged and retry.
2022-10-18 21:56:04,069 [grpc-default-executor-1] WARN  server.GrpcLogAppender (LogUtils.java:warn(122)) - omNode-1@group-523986131536->omNode-3-AppendLogResponseHandler: Failed appendEntries: org.apache.ratis.thirdparty.io.grpc.StatusRuntimeException: UNAVAILABLE: io exception
2022-10-18 21:56:04,069 [grpc-default-executor-1] WARN  server.GrpcLogAppender (GrpcLogAppender.java:resetClient(111)) - omNode-1@group-523986131536->omNode-3-GrpcLogAppender: Leader has not got in touch with Follower omNode-1@group-523986131536->omNode-3(c-1,m0,n59, attendVote=true, lastRpcSendTime=0, lastRpcResponseTime=9718) yet, just keep nextIndex unchanged and retry.
2022-10-18 21:56:04,320 [grpc-default-executor-1] WARN  server.GrpcLogAppender (LogUtils.java:warn(122)) - omNode-1@group-523986131536->omNode-3-AppendLogResponseHandler: Failed appendEntries: org.apache.ratis.thirdparty.io.grpc.StatusRuntimeException: UNAVAILABLE: io exception
2022-10-18 21:56:04,321 [grpc-default-executor-1] WARN  server.GrpcLogAppender (GrpcLogAppender.java:resetClient(111)) - omNode-1@group-523986131536->omNode-3-GrpcLogAppender: Leader has not got in touch with Follower omNode-1@group-523986131536->omNode-3(c-1,m0,n59, attendVote=true, lastRpcSendTime=1, lastRpcResponseTime=9970) yet, just keep nextIndex unchanged and retry.
2022-10-18 21:56:04,324 [Listener at localhost/45943] INFO  om.OzoneManager (OzoneManager.java:stop(2034)) - omNode-3[localhost:43229]: Stopping Ozone Manager
2022-10-18 21:56:04,324 [Listener at localhost/45943] INFO  om.OzoneManager (OzoneManager.java:restart(1571)) - OzoneManager RPC server is listening at localhost/127.0.0.1:43229
2022-10-18 21:56:04,324 [Listener at localhost/45943] INFO  impl.MetricsSystemImpl (MetricsSystemImpl.java:init(158)) - OzoneManager metrics system started (again)
2022-10-18 21:56:04,333 [Listener at localhost/45943] WARN  server.ServerUtils (ServerUtils.java:getDBPath(225)) - ozone.om.db.dirs is not configured. We recommend adding this setting. Falling back to ozone.metadata.dirs instead.
2022-10-18 21:56:04,333 [Listener at localhost/45943] INFO  codec.OmKeyInfoCodec (OmKeyInfoCodec.java:<init>(49)) - OmKeyInfoCodec ignorePipeline = true
2022-10-18 21:56:04,334 [Listener at localhost/45943] INFO  codec.RepeatedOmKeyInfoCodec (RepeatedOmKeyInfoCodec.java:<init>(41)) - RepeatedOmKeyInfoCodec ignorePipeline = true
2022-10-18 21:56:04,362 [Listener at localhost/45943] INFO  om.OzoneManager (OzoneManager.java:instantiateServices(712)) - S3 Multi-Tenancy is disabled
2022-10-18 21:56:04,363 [Listener at localhost/45943] WARN  impl.MetricRegistriesImpl (MetricRegistriesImpl.java:addReporterRegistration(111)) - New reporters are added after registries were created. Some metrics will be missing from the reporter. Please add reporter before adding any new registry.
2022-10-18 21:56:04,364 [Listener at localhost/45943] WARN  impl.MetricRegistriesImpl (MetricRegistriesImpl.java:addReporterRegistration(111)) - New reporters are added after registries were created. Some metrics will be missing from the reporter. Please add reporter before adding any new registry.
2022-10-18 21:56:04,364 [Listener at localhost/45943] WARN  server.ServerUtils (ServerUtils.java:getDefaultRatisDirectory(237)) - Storage directory for Ratis is not configured. It is a good idea to map this to an SSD disk. Falling back to ozone.metadata.dirs
2022-10-18 21:56:04,365 [Listener at localhost/45943] INFO  ratis.OzoneManagerRatisServer (OzoneManagerRatisServer.java:<init>(160)) - Instantiating OM Ratis server with groupID: om-service-test1 and peers: localhost:38017, localhost:35389, localhost:45203
2022-10-18 21:56:04,365 [Listener at localhost/45943] INFO  ratis.OzoneManagerStateMachine (OzoneManagerStateMachine.java:loadSnapshotInfoFromDB(632)) - LastAppliedIndex is set from TransactionInfo from OM DB as (t:3, i:56)
2022-10-18 21:56:04,366 [Listener at localhost/45943] INFO  server.RaftServer (ConfUtils.java:logGet(46)) - raft.rpc.type = GRPC (default)
2022-10-18 21:56:04,366 [Listener at localhost/45943] INFO  grpc.GrpcFactory (GrpcFactory.java:checkPooledByteBufAllocatorUseCacheForAllThreads(48)) - PERFORMANCE WARNING: useCacheForAllThreads is true that may cause Netty to create a lot garbage objects and, as a result, trigger GC.
	It is recommended to disable useCacheForAllThreads by setting -Dorg.apache.ratis.thirdparty.io.netty.allocator.useCacheForAllThreads=false in command line.
2022-10-18 21:56:04,366 [Listener at localhost/45943] INFO  grpc.GrpcConfigKeys (ConfUtils.java:logGet(46)) - raft.grpc.admin.port = -1 (default)
2022-10-18 21:56:04,366 [Listener at localhost/45943] INFO  grpc.GrpcConfigKeys (ConfUtils.java:logGet(46)) - raft.grpc.server.port = 38017 (custom)
2022-10-18 21:56:04,366 [Listener at localhost/45943] INFO  grpc.GrpcConfigKeys (ConfUtils.java:logGet(46)) - raft.grpc.client.port = -1 (default)
2022-10-18 21:56:04,366 [Listener at localhost/45943] INFO  grpc.GrpcConfigKeys (ConfUtils.java:logGet(46)) - raft.grpc.server.port = 38017 (custom)
2022-10-18 21:56:04,367 [Listener at localhost/45943] INFO  grpc.GrpcConfigKeys (ConfUtils.java:logGet(46)) - raft.grpc.server.port = 38017 (custom)
2022-10-18 21:56:04,367 [Listener at localhost/45943] INFO  server.GrpcService (ConfUtils.java:logGet(46)) - raft.grpc.message.size.max = 33554432 (custom)
2022-10-18 21:56:04,367 [Listener at localhost/45943] INFO  server.RaftServerConfigKeys (ConfUtils.java:logGet(46)) - raft.server.log.appender.buffer.byte-limit = 33554432 (custom)
2022-10-18 21:56:04,367 [Listener at localhost/45943] INFO  server.GrpcService (ConfUtils.java:logGet(46)) - raft.grpc.flow.control.window = 1MB (=1048576) (default)
2022-10-18 21:56:04,367 [Listener at localhost/45943] INFO  server.RaftServerConfigKeys (ConfUtils.java:logGet(46)) - raft.server.rpc.request.timeout = 3000ms (default)
2022-10-18 21:56:04,367 [Listener at localhost/45943] INFO  grpc.GrpcConfigKeys (ConfUtils.java:logGet(46)) - raft.grpc.server.async.request.thread.pool.cached = true (default)
2022-10-18 21:56:04,367 [Listener at localhost/45943] INFO  grpc.GrpcConfigKeys (ConfUtils.java:logGet(46)) - raft.grpc.server.async.request.thread.pool.size = 32 (default)
2022-10-18 21:56:04,369 [Listener at localhost/45943] INFO  impl.DataStreamServerImpl (ConfUtils.java:logGet(46)) - raft.datastream.type = DISABLED (default)
2022-10-18 21:56:04,369 [Listener at localhost/45943] INFO  server.RaftServerConfigKeys (ConfUtils.java:logGet(46)) - raft.server.threadpool.proxy.cached = true (default)
2022-10-18 21:56:04,369 [Listener at localhost/45943] INFO  server.RaftServerConfigKeys (ConfUtils.java:logGet(46)) - raft.server.threadpool.proxy.size = 0 (default)
2022-10-18 21:56:04,369 [Listener at localhost/45943] INFO  server.RaftServerConfigKeys (ConfUtils.java:logGet(46)) - raft.server.rpc.slowness.timeout = 2s (custom)
2022-10-18 21:56:04,369 [Listener at localhost/45943] INFO  server.RaftServerConfigKeys (ConfUtils.java:logGet(46)) - raft.server.leaderelection.leader.step-down.wait-time = 10s (default)
2022-10-18 21:56:04,370 [Listener at localhost/45943] INFO  server.RaftServerConfigKeys (ConfUtils.java:logGet(46)) - raft.server.storage.dir = [/home/runner/work/ozone/ozone/hadoop-ozone/integration-test/target/test-dir/MiniOzoneClusterImpl-285291dc-83a3-4c49-94f6-5e759e1760ea/omNode-3/ratis] (custom)
2022-10-18 21:56:04,370 [omNode-3-impl-thread1] INFO  server.RaftServer (RaftServerProxy.java:initGroupDir(247)) - omNode-3: found a subdirectory /home/runner/work/ozone/ozone/hadoop-ozone/integration-test/target/test-dir/MiniOzoneClusterImpl-285291dc-83a3-4c49-94f6-5e759e1760ea/omNode-3/ratis/c9bc4cf4-3bc3-3c60-a66b-523986131536
2022-10-18 21:56:04,370 [Listener at localhost/45943] INFO  server.RaftServer (RaftServerProxy.java:addNew(96)) - omNode-3: addNew group-523986131536:[omNode-3|rpc:localhost:38017|priority:0, omNode-1|rpc:localhost:35389|priority:0, omNode-2|rpc:localhost:45203|priority:0] returns group-523986131536:java.util.concurrent.CompletableFuture@588a0e45[Not completed]
2022-10-18 21:56:04,370 [pool-319-thread-1] INFO  server.RaftServer$Division (RaftServerImpl.java:<init>(190)) - omNode-3: new RaftServerImpl for group-523986131536:[omNode-3|rpc:localhost:38017|priority:0, omNode-1|rpc:localhost:35389|priority:0, omNode-2|rpc:localhost:45203|priority:0] with OzoneManagerStateMachine:uninitialized
2022-10-18 21:56:04,370 [Listener at localhost/45943] INFO  om.OzoneManager (OzoneManager.java:initializeRatisServer(1975)) - OzoneManager Ratis server initialized at port 38017
2022-10-18 21:56:04,371 [Listener at localhost/45943] INFO  ratis.OzoneManagerRatisServer (OzoneManagerRatisServer.java:start(555)) - Starting OzoneManagerRatisServer omNode-3 at port 38017
2022-10-18 21:56:04,371 [pool-319-thread-1] INFO  server.RaftServerConfigKeys (ConfUtils.java:logGet(46)) - raft.server.rpc.timeout.min = 1s (custom)
2022-10-18 21:56:04,371 [pool-319-thread-1] INFO  server.RaftServerConfigKeys (ConfUtils.java:logGet(46)) - raft.server.rpc.timeout.max = 1200ms (custom)
2022-10-18 21:56:04,371 [pool-319-thread-1] INFO  server.RaftServerConfigKeys (ConfUtils.java:logGet(46)) - raft.server.rpc.sleep.time = 25ms (default)
2022-10-18 21:56:04,371 [pool-319-thread-1] INFO  server.RaftServerConfigKeys (ConfUtils.java:logGet(46)) - raft.server.rpc.slowness.timeout = 2s (custom)
2022-10-18 21:56:04,371 [pool-319-thread-1] INFO  server.RaftServerConfigKeys (ConfUtils.java:logGet(46)) - raft.server.leaderelection.leader.step-down.wait-time = 10s (default)
2022-10-18 21:56:04,371 [pool-319-thread-1] INFO  server.RaftServerConfigKeys (ConfUtils.java:logGet(46)) - raft.server.sleep.deviation.threshold = 300ms (default)
2022-10-18 21:56:04,371 [pool-319-thread-1] INFO  server.RaftServer$Division (ServerState.java:<init>(107)) - omNode-3@group-523986131536: ConfigurationManager, init=-1: [omNode-3|rpc:localhost:38017|priority:0, omNode-1|rpc:localhost:35389|priority:0, omNode-2|rpc:localhost:45203|priority:0], old=null, confs=<EMPTY_MAP>
2022-10-18 21:56:04,371 [pool-319-thread-1] INFO  server.RaftServerConfigKeys (ConfUtils.java:logGet(46)) - raft.server.storage.dir = [/home/runner/work/ozone/ozone/hadoop-ozone/integration-test/target/test-dir/MiniOzoneClusterImpl-285291dc-83a3-4c49-94f6-5e759e1760ea/omNode-3/ratis] (custom)
2022-10-18 21:56:04,371 [pool-319-thread-1] INFO  server.RaftServerConfigKeys (ConfUtils.java:logGet(46)) - raft.server.log.corruption.policy = EXCEPTION (default)
2022-10-18 21:56:04,371 [pool-319-thread-1] INFO  server.RaftServerConfigKeys (ConfUtils.java:logGet(46)) - raft.server.storage.free-space.min = 0MB (=0) (default)
2022-10-18 21:56:04,372 [pool-319-thread-1] INFO  storage.RaftStorageDirectory (RaftStorageDirectoryImpl.java:tryLock(230)) - Lock on /home/runner/work/ozone/ozone/hadoop-ozone/integration-test/target/test-dir/MiniOzoneClusterImpl-285291dc-83a3-4c49-94f6-5e759e1760ea/omNode-3/ratis/c9bc4cf4-3bc3-3c60-a66b-523986131536/in_use.lock acquired by nodename 38880@fv-az368-376
2022-10-18 21:56:04,373 [pool-319-thread-1] INFO  storage.RaftStorage (RaftStorageImpl.java:analyzeAndRecoverStorage(110)) - Read RaftStorageMetadata{term=3, votedFor=omNode-3} from /home/runner/work/ozone/ozone/hadoop-ozone/integration-test/target/test-dir/MiniOzoneClusterImpl-285291dc-83a3-4c49-94f6-5e759e1760ea/omNode-3/ratis/c9bc4cf4-3bc3-3c60-a66b-523986131536/current/raft-meta
2022-10-18 21:56:04,373 [pool-319-thread-1] INFO  server.RaftServer$Division (ServerState.java:setRaftConf(393)) - omNode-3@group-523986131536: set configuration 31: [omNode-3|rpc:localhost:38017|admin:|client:|dataStream:|priority:0, omNode-1|rpc:localhost:35389|admin:|client:|dataStream:|priority:0, omNode-2|rpc:localhost:45203|admin:|client:|dataStream:|priority:0], old=null
2022-10-18 21:56:04,373 [pool-319-thread-1] INFO  server.RaftServerConfigKeys (ConfUtils.java:logGet(46)) - raft.server.notification.no-leader.timeout = 2s (custom)
2022-10-18 21:56:04,373 [pool-319-thread-1] INFO  server.RaftServerConfigKeys (ConfUtils.java:logGet(46)) - raft.server.log.use.memory = false (default)
2022-10-18 21:56:04,374 [pool-319-thread-1] INFO  server.RaftServerConfigKeys (ConfUtils.java:logGet(46)) - raft.server.log.purge.gap = 50 (custom)
2022-10-18 21:56:04,374 [pool-319-thread-1] INFO  server.RaftServerConfigKeys (ConfUtils.java:logGet(46)) - raft.server.log.appender.buffer.byte-limit = 33554432 (custom)
2022-10-18 21:56:04,374 [pool-319-thread-1] INFO  server.RaftServerConfigKeys (ConfUtils.java:logGet(46)) - raft.server.log.statemachine.data.read.timeout = 1000ms (default)
2022-10-18 21:56:04,374 [pool-319-thread-1] INFO  server.RaftServerConfigKeys (ConfUtils.java:logGet(46)) - raft.server.log.segment.size.max = 4194304 (custom)
2022-10-18 21:56:04,375 [pool-319-thread-1] INFO  server.RaftServerConfigKeys (ConfUtils.java:logGet(46)) - raft.server.log.segment.cache.num.max = 2 (custom)
2022-10-18 21:56:04,375 [pool-319-thread-1] INFO  server.RaftServerConfigKeys (ConfUtils.java:logGet(46)) - raft.server.log.segment.cache.size.max = 200MB (=209715200) (default)
2022-10-18 21:56:04,375 [pool-319-thread-1] INFO  segmented.SegmentedRaftLogWorker (SegmentedRaftLogWorker.java:<init>(187)) - new omNode-3@group-523986131536-SegmentedRaftLogWorker for RaftStorageImpl:Storage Directory /home/runner/work/ozone/ozone/hadoop-ozone/integration-test/target/test-dir/MiniOzoneClusterImpl-285291dc-83a3-4c49-94f6-5e759e1760ea/omNode-3/ratis/c9bc4cf4-3bc3-3c60-a66b-523986131536
2022-10-18 21:56:04,375 [pool-319-thread-1] INFO  server.RaftServerConfigKeys (ConfUtils.java:logGet(46)) - raft.server.log.queue.byte-limit = 64MB (=67108864) (default)
2022-10-18 21:56:04,375 [pool-319-thread-1] INFO  server.RaftServerConfigKeys (ConfUtils.java:logGet(46)) - raft.server.log.queue.element-limit = 4096 (default)
2022-10-18 21:56:04,375 [pool-319-thread-1] INFO  server.RaftServerConfigKeys (ConfUtils.java:logGet(46)) - raft.server.log.segment.size.max = 4194304 (custom)
2022-10-18 21:56:04,375 [pool-319-thread-1] INFO  server.RaftServerConfigKeys (ConfUtils.java:logGet(46)) - raft.server.log.preallocated.size = 4194304 (custom)
2022-10-18 21:56:04,375 [pool-319-thread-1] INFO  server.RaftServerConfigKeys (ConfUtils.java:logGet(46)) - raft.server.log.force.sync.num = 128 (default)
2022-10-18 21:56:04,376 [pool-319-thread-1] INFO  server.RaftServerConfigKeys (ConfUtils.java:logGet(46)) - raft.server.log.statemachine.data.sync = true (default)
2022-10-18 21:56:04,376 [pool-319-thread-1] INFO  server.RaftServerConfigKeys (ConfUtils.java:logGet(46)) - raft.server.log.statemachine.data.sync.timeout = 10s (default)
2022-10-18 21:56:04,376 [pool-319-thread-1] INFO  server.RaftServerConfigKeys (ConfUtils.java:logGet(46)) - raft.server.log.statemachine.data.sync.timeout.retry = -1 (default)
2022-10-18 21:56:04,376 [pool-319-thread-1] INFO  server.RaftServerConfigKeys (ConfUtils.java:logGet(46)) - raft.server.log.write.buffer.size = 64KB (=65536) (default)
2022-10-18 21:56:04,376 [pool-319-thread-1] INFO  server.RaftServerConfigKeys (ConfUtils.java:logGet(46)) - raft.server.log.unsafe-flush.enabled = false (default)
2022-10-18 21:56:04,377 [pool-319-thread-1] INFO  server.RaftServerConfigKeys (ConfUtils.java:logGet(46)) - raft.server.log.statemachine.data.caching.enabled = false (default)
2022-10-18 21:56:04,377 [pool-319-thread-1] INFO  server.RaftServer$Division (ServerState.java:setRaftConf(393)) - omNode-3@group-523986131536: set configuration 31: [omNode-3|rpc:localhost:38017|admin:|client:|dataStream:|priority:0, omNode-1|rpc:localhost:35389|admin:|client:|dataStream:|priority:0, omNode-2|rpc:localhost:45203|admin:|client:|dataStream:|priority:0], old=null
2022-10-18 21:56:04,379 [pool-319-thread-1] INFO  segmented.LogSegment (LogSegment.java:loadSegment(173)) - Successfully read 26 entries from segment file /home/runner/work/ozone/ozone/hadoop-ozone/integration-test/target/test-dir/MiniOzoneClusterImpl-285291dc-83a3-4c49-94f6-5e759e1760ea/omNode-3/ratis/c9bc4cf4-3bc3-3c60-a66b-523986131536/current/log_inprogress_31
2022-10-18 21:56:04,379 [pool-319-thread-1] INFO  segmented.SegmentedRaftLogWorker (SegmentedRaftLogWorker.java:lambda$new$0(135)) - omNode-3@group-523986131536-SegmentedRaftLogWorker: flushIndex: setUnconditionally 0 -> 56
2022-10-18 21:56:04,380 [pool-319-thread-1] INFO  segmented.SegmentedRaftLogWorker (SegmentedRaftLogWorker.java:lambda$new$0(135)) - omNode-3@group-523986131536-SegmentedRaftLogWorker: safeCacheEvictIndex: setUnconditionally 0 -> -1
2022-10-18 21:56:04,384 [pool-319-thread-1] INFO  raftlog.RaftLog (RaftLogBase.java:lambda$new$0(53)) - omNode-3@group-523986131536-SegmentedRaftLog: commitIndex: updateToMax old=56, new=55, updated? false
2022-10-18 21:56:04,384 [pool-319-thread-1] INFO  raftlog.RaftLog (RaftLogBase.java:lambda$new$0(53)) - omNode-3@group-523986131536-SegmentedRaftLog: purgeIndex: updateIncreasingly -1 -> 30
2022-10-18 21:56:04,384 [pool-319-thread-1] INFO  server.RaftServerConfigKeys (ConfUtils.java:logGet(46)) - raft.server.snapshot.auto.trigger.enabled = true (custom)
2022-10-18 21:56:04,384 [pool-319-thread-1] INFO  server.RaftServerConfigKeys (ConfUtils.java:logGet(46)) - raft.server.snapshot.auto.trigger.threshold = 50 (custom)
2022-10-18 21:56:04,384 [pool-319-thread-1] INFO  server.RaftServerConfigKeys (ConfUtils.java:logGet(46)) - raft.server.snapshot.retention.file.num = -1 (default)
2022-10-18 21:56:04,384 [pool-319-thread-1] INFO  server.RaftServerConfigKeys (ConfUtils.java:logGet(46)) - raft.server.log.purge.upto.snapshot.index = true (custom)
2022-10-18 21:56:04,384 [pool-319-thread-1] INFO  server.RaftServerConfigKeys (ConfUtils.java:logGet(46)) - raft.server.retrycache.expirytime = 30000ms (custom)
2022-10-18 21:56:04,384 [pool-319-thread-1] INFO  server.RaftServerConfigKeys (ConfUtils.java:logGet(46)) - raft.server.retrycache.statistics.expirytime = 100μs (default)
2022-10-18 21:56:04,385 [pool-319-thread-1] INFO  server.RaftServerConfigKeys (ConfUtils.java:logGet(46)) - raft.server.log.appender.install.snapshot.enabled = false (custom)
2022-10-18 21:56:04,386 [pool-319-thread-1] INFO  server.RaftServerConfigKeys (ConfUtils.java:logGet(46)) - raft.server.threadpool.server.cached = true (default)
2022-10-18 21:56:04,386 [pool-319-thread-1] INFO  server.RaftServerConfigKeys (ConfUtils.java:logGet(46)) - raft.server.threadpool.server.size = 0 (default)
2022-10-18 21:56:04,386 [pool-319-thread-1] INFO  server.RaftServerConfigKeys (ConfUtils.java:logGet(46)) - raft.server.threadpool.client.cached = true (default)
2022-10-18 21:56:04,386 [pool-319-thread-1] INFO  server.RaftServerConfigKeys (ConfUtils.java:logGet(46)) - raft.server.threadpool.client.size = 0 (default)
2022-10-18 21:56:04,386 [omNode-3-impl-thread1] INFO  server.RaftServer$Division (RaftServerImpl.java:start(310)) - omNode-3@group-523986131536: start as a follower, conf=31: [omNode-3|rpc:localhost:38017|admin:|client:|dataStream:|priority:0, omNode-1|rpc:localhost:35389|admin:|client:|dataStream:|priority:0, omNode-2|rpc:localhost:45203|admin:|client:|dataStream:|priority:0], old=null
2022-10-18 21:56:04,386 [omNode-3-impl-thread1] INFO  server.RaftServer$Division (RaftServerImpl.java:setRole(299)) - omNode-3@group-523986131536: changes role from      null to FOLLOWER at term 3 for startAsFollower
2022-10-18 21:56:04,386 [omNode-3-impl-thread1] INFO  impl.RoleInfo (RoleInfo.java:updateAndGet(139)) - omNode-3: start omNode-3@group-523986131536-FollowerState
2022-10-18 21:56:04,389 [omNode-3-impl-thread1] INFO  util.JmxRegister (JmxRegister.java:tryRegister(44)) - Successfully registered JMX Bean with object name Ratis:service=RaftServer,group=group-523986131536,id=omNode-3
2022-10-18 21:56:04,389 [Listener at localhost/45943] INFO  server.RaftServer (RaftServerProxy.java:lambda$start$6(382)) - omNode-3: start RPC server
2022-10-18 21:56:04,393 [Listener at localhost/45943] INFO  server.GrpcService (GrpcService.java:startImpl(260)) - omNode-3: GrpcService started, listening on 38017
2022-10-18 21:56:04,393 [Listener at localhost/45943] INFO  om.OzoneManager (OzoneManager.java:getRpcServer(1101)) - Creating RPC Server
2022-10-18 21:56:04,393 [org.apache.ratis.util.JvmPauseMonitor$$Lambda$703/854163851@30ad1d8d] INFO  util.JvmPauseMonitor (JvmPauseMonitor.java:run(103)) - JvmPauseMonitor-omNode-3: Started
2022-10-18 21:56:04,570 [grpc-default-executor-1] WARN  server.GrpcLogAppender (LogUtils.java:warn(122)) - omNode-1@group-523986131536->omNode-3-AppendLogResponseHandler: Failed appendEntries: org.apache.ratis.thirdparty.io.grpc.StatusRuntimeException: UNAVAILABLE: io exception
2022-10-18 21:56:04,571 [grpc-default-executor-1] WARN  server.GrpcLogAppender (GrpcLogAppender.java:resetClient(111)) - omNode-1@group-523986131536->omNode-3-GrpcLogAppender: Leader has not got in touch with Follower omNode-1@group-523986131536->omNode-3(c-1,m0,n59, attendVote=true, lastRpcSendTime=0, lastRpcResponseTime=10220) yet, just keep nextIndex unchanged and retry.
2022-10-18 21:56:04,646 [Listener at localhost/45943] INFO  reflections.Reflections (Reflections.java:scan(232)) - Reflections took 252 ms to scan 19 urls, producing 67 keys and 4244 values [using 4 cores]
2022-10-18 21:56:04,647 [Listener at localhost/45943] INFO  ipc.CallQueueManager (CallQueueManager.java:<init>(90)) - Using callQueue: class java.util.concurrent.LinkedBlockingQueue, queueCapacity: 2000, scheduler: class org.apache.hadoop.ipc.DefaultRpcScheduler, ipcBackoff: false.
2022-10-18 21:56:04,648 [Socket Reader #1 for port 43229] INFO  ipc.Server (Server.java:run(1273)) - Starting Socket Reader #1 for port 43229
2022-10-18 21:56:04,653 [Listener at localhost/43229] INFO  http.BaseHttpServer (BaseHttpServer.java:newHttpServer2BuilderForOzone(213)) - Starting Web-server for ozoneManager at: http://0.0.0.0:35093
2022-10-18 21:56:04,653 [Listener at localhost/43229] INFO  http.BaseHttpServer (BaseHttpServer.java:<init>(108)) - Hadoop Security Enabled: false Ozone Security Enabled: false Ozone HTTP Security Enabled: false 
2022-10-18 21:56:04,655 [Listener at localhost/43229] WARN  server.AuthenticationFilter (AuthenticationFilter.java:constructSecretProvider(240)) - Unable to initialize FileSignerSecretProvider, falling back to use random secrets. Reason: Could not read signature secret file: /home/runner/hadoop-http-auth-signature-secret
2022-10-18 21:56:04,656 [Listener at localhost/43229] WARN  http.HttpRequestLog (HttpRequestLog.java:getRequestLog(103)) - Jetty request log can only be enabled using Log4j
2022-10-18 21:56:04,657 [Listener at localhost/43229] INFO  http.HttpServer2 (HttpServer2.java:addGlobalFilter(1031)) - Added global filter 'safety' (class=org.apache.hadoop.hdds.server.http.HttpServer2$QuotingInputFilter)
2022-10-18 21:56:04,658 [Listener at localhost/43229] INFO  http.HttpServer2 (HttpServer2.java:addFilter(1007)) - Added filter static_user_filter (class=org.apache.hadoop.http.lib.StaticUserWebFilter$StaticUserFilter) to context ozoneManager
2022-10-18 21:56:04,658 [Listener at localhost/43229] INFO  http.HttpServer2 (HttpServer2.java:addFilter(1015)) - Added filter static_user_filter (class=org.apache.hadoop.http.lib.StaticUserWebFilter$StaticUserFilter) to context static
2022-10-18 21:56:04,658 [Listener at localhost/43229] INFO  http.HttpServer2 (HttpServer2.java:addFilter(1015)) - Added filter static_user_filter (class=org.apache.hadoop.http.lib.StaticUserWebFilter$StaticUserFilter) to context logs
2022-10-18 21:56:04,659 [Listener at localhost/43229] INFO  http.HttpServer2 (HttpServer2.java:bindListener(1250)) - Jetty bound to port 35093
2022-10-18 21:56:04,659 [Listener at localhost/43229] INFO  server.Server (Server.java:doStart(375)) - jetty-9.4.43.v20210629; built: 2021-06-30T11:07:22.254Z; git: 526006ecfa3af7f1a27ef3a288e2bef7ea9dd7e8; jvm 1.8.0_345-b01
2022-10-18 21:56:04,669 [Listener at localhost/43229] INFO  server.session (DefaultSessionIdManager.java:doStart(334)) - DefaultSessionIdManager workerName=node0
2022-10-18 21:56:04,669 [Listener at localhost/43229] INFO  server.session (DefaultSessionIdManager.java:doStart(339)) - No SessionScavenger set, using defaults
2022-10-18 21:56:04,669 [Listener at localhost/43229] INFO  server.session (HouseKeeper.java:startScavenging(132)) - node0 Scavenging every 600000ms
2022-10-18 21:56:04,670 [Listener at localhost/43229] INFO  handler.ContextHandler (ContextHandler.java:doStart(915)) - Started o.e.j.s.ServletContextHandler@1945176d{logs,/logs,file:///home/runner/work/ozone/ozone/hadoop-ozone/integration-test/target/log,AVAILABLE}
2022-10-18 21:56:04,670 [Listener at localhost/43229] INFO  handler.ContextHandler (ContextHandler.java:doStart(915)) - Started o.e.j.s.ServletContextHandler@3159479b{static,/static,file:///home/runner/work/ozone/ozone/hadoop-ozone/integration-test/target/test-classes/webapps/static,AVAILABLE}
2022-10-18 21:56:04,674 [Listener at localhost/43229] INFO  handler.ContextHandler (ContextHandler.java:doStart(915)) - Started o.e.j.w.WebAppContext@e49055a{ozoneManager,/,file:///home/runner/work/ozone/ozone/hadoop-ozone/integration-test/target/test-classes/webapps/ozoneManager/,AVAILABLE}{file:/home/runner/work/ozone/ozone/hadoop-ozone/integration-test/target/test-classes/webapps/ozoneManager}
2022-10-18 21:56:04,679 [Listener at localhost/43229] INFO  server.AbstractConnector (AbstractConnector.java:doStart(331)) - Started ServerConnector@1b12911f{HTTP/1.1, (http/1.1)}{0.0.0.0:35093}
2022-10-18 21:56:04,679 [Listener at localhost/43229] INFO  server.Server (Server.java:doStart(415)) - Started @47398ms
2022-10-18 21:56:04,679 [Listener at localhost/43229] WARN  impl.MetricsSystemImpl (MetricsSystemImpl.java:register(279)) - Sink prometheus already exists!
2022-10-18 21:56:04,680 [Listener at localhost/43229] INFO  http.BaseHttpServer (BaseHttpServer.java:updateConnectorAddress(333)) - HTTP server of ozoneManager listening at http://0.0.0.0:35093
2022-10-18 21:56:04,680 [IPC Server Responder] INFO  ipc.Server (Server.java:run(1512)) - IPC Server Responder: starting
2022-10-18 21:56:04,683 [IPC Server listener on 43229] INFO  ipc.Server (Server.java:run(1352)) - IPC Server listener on 43229: starting
2022-10-18 21:56:04,694 [Listener at localhost/43229] INFO  om.OzoneManager (OzoneManager.java:startTrashEmptier(1919)) - Trash Interval set to 0. Files deleted won't move to trash
2022-10-18 21:56:04,694 [Listener at localhost/43229] INFO  om.OzoneManager (OzoneManager.java:stop(2034)) - omNode-1[localhost:39907]: Stopping Ozone Manager
2022-10-18 21:56:04,694 [org.apache.hadoop.util.JvmPauseMonitor$Monitor@6b26a327] INFO  util.JvmPauseMonitor (JvmPauseMonitor.java:run(188)) - Starting JVM pause monitor
2022-10-18 21:56:04,695 [Listener at localhost/43229] INFO  ipc.Server (Server.java:stop(3428)) - Stopping server on 39907
2022-10-18 21:56:04,696 [IPC Server Responder] INFO  ipc.Server (Server.java:run(1517)) - Stopping IPC Server Responder
2022-10-18 21:56:04,696 [Listener at localhost/43229] INFO  server.RaftServer (RaftServerProxy.java:lambda$close$7(398)) - omNode-1: close
2022-10-18 21:56:04,696 [IPC Server listener on 39907] INFO  ipc.Server (Server.java:run(1384)) - Stopping IPC Server listener on 39907
2022-10-18 21:56:04,697 [Listener at localhost/43229] INFO  server.RaftServer$Division (RaftServerImpl.java:lambda$close$4(434)) - omNode-1@group-523986131536: shutdown
2022-10-18 21:56:04,697 [Listener at localhost/43229] INFO  util.JmxRegister (JmxRegister.java:unregister(73)) - Successfully un-registered JMX Bean with object name Ratis:service=RaftServer,group=group-523986131536,id=omNode-1
2022-10-18 21:56:04,697 [Listener at localhost/43229] INFO  impl.RoleInfo (RoleInfo.java:shutdownLeaderState(93)) - omNode-1: shutdown omNode-1@group-523986131536-LeaderStateImpl
2022-10-18 21:56:04,698 [omNode-1@group-523986131536->omNode-2-GrpcLogAppender-LogAppenderDaemon] WARN  server.GrpcLogAppender (GrpcLogAppender.java:mayWait(171)) - omNode-1@group-523986131536->omNode-2-GrpcLogAppender: Wait interrupted by java.lang.InterruptedException
2022-10-18 21:56:04,698 [Listener at localhost/43229] INFO  impl.PendingRequests (PendingRequests.java:sendNotLeaderResponses(282)) - omNode-1@group-523986131536-PendingRequests: sendNotLeaderResponses
2022-10-18 21:56:04,698 [grpc-default-executor-1] INFO  server.GrpcServerProtocolService (GrpcServerProtocolService.java:onCompleted(140)) - omNode-2: Completed APPEND_ENTRIES, lastRequest: omNode-1->omNode-2#2-t4,previous=(t:4, i:57),leaderCommit=57,initializing? true,entries: size=1, first=(t:4, i:58), METADATAENTRY(c:57)
2022-10-18 21:56:04,698 [Listener at localhost/43229] INFO  impl.StateMachineUpdater (StateMachineUpdater.java:stopAndJoin(153)) - omNode-1@group-523986131536-StateMachineUpdater: set stopIndex = 58
2022-10-18 21:56:04,699 [omNode-1@group-523986131536-StateMachineUpdater] INFO  ratis.OzoneManagerStateMachine (OzoneManagerStateMachine.java:takeSnapshot(441)) - Current Snapshot Index (t:4, i:58)
2022-10-18 21:56:04,700 [omNode-1@group-523986131536-StateMachineUpdater] INFO  impl.StateMachineUpdater (StateMachineUpdater.java:takeSnapshot(287)) - omNode-1@group-523986131536-StateMachineUpdater: Took a snapshot at index 58
2022-10-18 21:56:04,700 [omNode-1@group-523986131536-StateMachineUpdater] INFO  impl.StateMachineUpdater (StateMachineUpdater.java:lambda$new$0(92)) - omNode-1@group-523986131536-StateMachineUpdater: snapshotIndex: updateIncreasingly 20 -> 58
2022-10-18 21:56:04,700 [omNode-1@group-523986131536-StateMachineUpdater] INFO  raftlog.RaftLog (RaftLogBase.java:purge(308)) - omNode-1@group-523986131536-SegmentedRaftLog: purge 58
2022-10-18 21:56:04,700 [omNode-1@group-523986131536-StateMachineUpdater] INFO  raftlog.RaftLog (RaftLogBase.java:lambda$new$0(53)) - omNode-1@group-523986131536-SegmentedRaftLog: snapshotIndex: updateIncreasingly 20 -> 58
2022-10-18 21:56:04,700 [omNode-1@group-523986131536-StateMachineUpdater] INFO  ratis.OzoneManagerStateMachine (OzoneManagerStateMachine.java:close(495)) - StateMachine has shutdown. Shutdown OzoneManager if not already shutdown.
2022-10-18 21:56:04,700 [omNode-1@group-523986131536-StateMachineUpdater] INFO  ratis.OzoneManagerDoubleBuffer (OzoneManagerDoubleBuffer.java:stop(466)) - Stopping OMDoubleBuffer flush thread
2022-10-18 21:56:04,701 [OMDoubleBufferFlushThread] INFO  ratis.OzoneManagerDoubleBuffer (OzoneManagerDoubleBuffer.java:flushTransactions(385)) - OMDoubleBuffer flush thread OMDoubleBufferFlushThread is interrupted and will exit.
2022-10-18 21:56:04,701 [omNode-1@group-523986131536-SegmentedRaftLogWorker] INFO  raftlog.RaftLog (RaftLogBase.java:lambda$new$0(53)) - omNode-1@group-523986131536-SegmentedRaftLog: purgeIndex: updateToMax old=-1, new=56, updated? true
2022-10-18 21:56:04,701 [Listener at localhost/43229] INFO  server.RaftServer$Division (ServerState.java:close(429)) - omNode-1@group-523986131536: closes. applyIndex: 58
2022-10-18 21:56:04,701 [omNode-1@group-523986131536-SegmentedRaftLogWorker] INFO  segmented.SegmentedRaftLogWorker (SegmentedRaftLogWorker.java:run(336)) - omNode-1@group-523986131536-SegmentedRaftLogWorker was interrupted, exiting. There are 0 tasks remaining in the queue.
2022-10-18 21:56:04,703 [Listener at localhost/43229] INFO  segmented.SegmentedRaftLogWorker (SegmentedRaftLogWorker.java:close(246)) - omNode-1@group-523986131536-SegmentedRaftLogWorker close()
2022-10-18 21:56:04,704 [Listener at localhost/43229] INFO  server.GrpcService (GrpcService.java:closeImpl(269)) - omNode-1: shutdown server with port 35389 now
2022-10-18 21:56:04,704 [grpc-default-executor-1] INFO  server.GrpcLogAppender (GrpcLogAppender.java:onCompleted(339)) - omNode-1@group-523986131536->omNode-2-AppendLogResponseHandler: follower responses appendEntries COMPLETED
2022-10-18 21:56:04,704 [grpc-default-executor-1] INFO  leader.FollowerInfo (FollowerInfoImpl.java:lambda$new$0(48)) - omNode-1@group-523986131536->omNode-2: nextIndex: updateUnconditionally 59 -> 58
2022-10-18 21:56:04,707 [Listener at localhost/43229] INFO  server.GrpcService (GrpcService.java:closeImpl(278)) - omNode-1: shutdown server with port 35389 successfully
2022-10-18 21:56:04,708 [org.apache.ratis.util.JvmPauseMonitor$$Lambda$703/854163851@2c684f4e] INFO  util.JvmPauseMonitor (JvmPauseMonitor.java:run(109)) - JvmPauseMonitor-omNode-1: Stopped
2022-10-18 21:56:04,708 [Listener at localhost/43229] INFO  ratis.OzoneManagerStateMachine (OzoneManagerStateMachine.java:close(495)) - StateMachine has shutdown. Shutdown OzoneManager if not already shutdown.
2022-10-18 21:56:04,708 [Listener at localhost/43229] INFO  ratis.OzoneManagerDoubleBuffer (OzoneManagerDoubleBuffer.java:stop(478)) - OMDoubleBuffer flush thread is not running.
2022-10-18 21:56:04,708 [Listener at localhost/43229] INFO  handler.ContextHandler (ContextHandler.java:doStop(1153)) - Stopped o.e.j.w.WebAppContext@34a8a412{ozoneManager,/,null,STOPPED}{file:/home/runner/work/ozone/ozone/hadoop-ozone/integration-test/target/test-classes/webapps/ozoneManager}
2022-10-18 21:56:04,709 [Listener at localhost/43229] INFO  server.AbstractConnector (AbstractConnector.java:doStop(381)) - Stopped ServerConnector@5d97e0cd{HTTP/1.1, (http/1.1)}{0.0.0.0:34983}
2022-10-18 21:56:04,709 [Listener at localhost/43229] INFO  server.session (HouseKeeper.java:stopScavenging(149)) - node0 Stopped scavenging
2022-10-18 21:56:04,709 [Listener at localhost/43229] INFO  handler.ContextHandler (ContextHandler.java:doStop(1153)) - Stopped o.e.j.s.ServletContextHandler@3bda8856{static,/static,file:///home/runner/work/ozone/ozone/hadoop-ozone/integration-test/target/test-classes/webapps/static,STOPPED}
2022-10-18 21:56:04,709 [Listener at localhost/43229] INFO  handler.ContextHandler (ContextHandler.java:doStop(1153)) - Stopped o.e.j.s.ServletContextHandler@3236e30{logs,/logs,file:///home/runner/work/ozone/ozone/hadoop-ozone/integration-test/target/log,STOPPED}
2022-10-18 21:56:04,711 [Listener at localhost/43229] INFO  om.OzoneManager (OzoneManager.java:restart(1571)) - OzoneManager RPC server is listening at localhost/127.0.0.1:39907
2022-10-18 21:56:04,711 [Listener at localhost/43229] INFO  impl.MetricsSystemImpl (MetricsSystemImpl.java:init(158)) - OzoneManager metrics system started (again)
2022-10-18 21:56:04,725 [Listener at localhost/43229] WARN  server.ServerUtils (ServerUtils.java:getDBPath(225)) - ozone.om.db.dirs is not configured. We recommend adding this setting. Falling back to ozone.metadata.dirs instead.
2022-10-18 21:56:04,725 [Listener at localhost/43229] INFO  codec.OmKeyInfoCodec (OmKeyInfoCodec.java:<init>(49)) - OmKeyInfoCodec ignorePipeline = true
2022-10-18 21:56:04,725 [Listener at localhost/43229] INFO  codec.RepeatedOmKeyInfoCodec (RepeatedOmKeyInfoCodec.java:<init>(41)) - RepeatedOmKeyInfoCodec ignorePipeline = true
2022-10-18 21:56:04,751 [Listener at localhost/43229] INFO  om.OzoneManager (OzoneManager.java:instantiateServices(712)) - S3 Multi-Tenancy is disabled
2022-10-18 21:56:04,752 [Listener at localhost/43229] WARN  server.ServerUtils (ServerUtils.java:getDefaultRatisDirectory(237)) - Storage directory for Ratis is not configured. It is a good idea to map this to an SSD disk. Falling back to ozone.metadata.dirs
2022-10-18 21:56:04,753 [Listener at localhost/43229] INFO  ratis.OzoneManagerRatisServer (OzoneManagerRatisServer.java:<init>(160)) - Instantiating OM Ratis server with groupID: om-service-test1 and peers: localhost:35389, localhost:38017, localhost:45203
2022-10-18 21:56:04,753 [Listener at localhost/43229] INFO  ratis.OzoneManagerStateMachine (OzoneManagerStateMachine.java:loadSnapshotInfoFromDB(632)) - LastAppliedIndex is set from TransactionInfo from OM DB as (t:4, i:58)
2022-10-18 21:56:04,753 [Listener at localhost/43229] INFO  server.RaftServer (ConfUtils.java:logGet(46)) - raft.rpc.type = GRPC (default)
2022-10-18 21:56:04,754 [Listener at localhost/43229] INFO  grpc.GrpcFactory (GrpcFactory.java:checkPooledByteBufAllocatorUseCacheForAllThreads(48)) - PERFORMANCE WARNING: useCacheForAllThreads is true that may cause Netty to create a lot garbage objects and, as a result, trigger GC.
	It is recommended to disable useCacheForAllThreads by setting -Dorg.apache.ratis.thirdparty.io.netty.allocator.useCacheForAllThreads=false in command line.
2022-10-18 21:56:04,754 [Listener at localhost/43229] INFO  grpc.GrpcConfigKeys (ConfUtils.java:logGet(46)) - raft.grpc.admin.port = -1 (default)
2022-10-18 21:56:04,754 [Listener at localhost/43229] INFO  grpc.GrpcConfigKeys (ConfUtils.java:logGet(46)) - raft.grpc.server.port = 35389 (custom)
2022-10-18 21:56:04,754 [Listener at localhost/43229] INFO  grpc.GrpcConfigKeys (ConfUtils.java:logGet(46)) - raft.grpc.client.port = -1 (default)
2022-10-18 21:56:04,754 [Listener at localhost/43229] INFO  grpc.GrpcConfigKeys (ConfUtils.java:logGet(46)) - raft.grpc.server.port = 35389 (custom)
2022-10-18 21:56:04,754 [Listener at localhost/43229] INFO  grpc.GrpcConfigKeys (ConfUtils.java:logGet(46)) - raft.grpc.server.port = 35389 (custom)
2022-10-18 21:56:04,754 [Listener at localhost/43229] INFO  server.GrpcService (ConfUtils.java:logGet(46)) - raft.grpc.message.size.max = 33554432 (custom)
2022-10-18 21:56:04,754 [Listener at localhost/43229] INFO  server.RaftServerConfigKeys (ConfUtils.java:logGet(46)) - raft.server.log.appender.buffer.byte-limit = 33554432 (custom)
2022-10-18 21:56:04,754 [Listener at localhost/43229] INFO  server.GrpcService (ConfUtils.java:logGet(46)) - raft.grpc.flow.control.window = 1MB (=1048576) (default)
2022-10-18 21:56:04,754 [Listener at localhost/43229] INFO  server.RaftServerConfigKeys (ConfUtils.java:logGet(46)) - raft.server.rpc.request.timeout = 3000ms (default)
2022-10-18 21:56:04,754 [Listener at localhost/43229] INFO  grpc.GrpcConfigKeys (ConfUtils.java:logGet(46)) - raft.grpc.server.async.request.thread.pool.cached = true (default)
2022-10-18 21:56:04,755 [Listener at localhost/43229] INFO  grpc.GrpcConfigKeys (ConfUtils.java:logGet(46)) - raft.grpc.server.async.request.thread.pool.size = 32 (default)
2022-10-18 21:56:04,755 [Listener at localhost/43229] INFO  impl.DataStreamServerImpl (ConfUtils.java:logGet(46)) - raft.datastream.type = DISABLED (default)
2022-10-18 21:56:04,755 [Listener at localhost/43229] INFO  server.RaftServerConfigKeys (ConfUtils.java:logGet(46)) - raft.server.threadpool.proxy.cached = true (default)
2022-10-18 21:56:04,756 [Listener at localhost/43229] INFO  server.RaftServerConfigKeys (ConfUtils.java:logGet(46)) - raft.server.threadpool.proxy.size = 0 (default)
2022-10-18 21:56:04,756 [Listener at localhost/43229] INFO  server.RaftServerConfigKeys (ConfUtils.java:logGet(46)) - raft.server.rpc.slowness.timeout = 2s (custom)
2022-10-18 21:56:04,756 [Listener at localhost/43229] INFO  server.RaftServerConfigKeys (ConfUtils.java:logGet(46)) - raft.server.leaderelection.leader.step-down.wait-time = 10s (default)
2022-10-18 21:56:04,756 [Listener at localhost/43229] INFO  server.RaftServerConfigKeys (ConfUtils.java:logGet(46)) - raft.server.storage.dir = [/home/runner/work/ozone/ozone/hadoop-ozone/integration-test/target/test-dir/MiniOzoneClusterImpl-285291dc-83a3-4c49-94f6-5e759e1760ea/omNode-1/ratis] (custom)
2022-10-18 21:56:04,756 [omNode-1-impl-thread1] INFO  server.RaftServer (RaftServerProxy.java:initGroupDir(247)) - omNode-1: found a subdirectory /home/runner/work/ozone/ozone/hadoop-ozone/integration-test/target/test-dir/MiniOzoneClusterImpl-285291dc-83a3-4c49-94f6-5e759e1760ea/omNode-1/ratis/c9bc4cf4-3bc3-3c60-a66b-523986131536
2022-10-18 21:56:04,756 [Listener at localhost/43229] INFO  server.RaftServer (RaftServerProxy.java:addNew(96)) - omNode-1: addNew group-523986131536:[omNode-3|rpc:localhost:38017|priority:0, omNode-1|rpc:localhost:35389|priority:0, omNode-2|rpc:localhost:45203|priority:0] returns group-523986131536:java.util.concurrent.CompletableFuture@7e7c0a80[Not completed]
2022-10-18 21:56:04,756 [pool-343-thread-1] INFO  server.RaftServer$Division (RaftServerImpl.java:<init>(190)) - omNode-1: new RaftServerImpl for group-523986131536:[omNode-3|rpc:localhost:38017|priority:0, omNode-1|rpc:localhost:35389|priority:0, omNode-2|rpc:localhost:45203|priority:0] with OzoneManagerStateMachine:uninitialized
2022-10-18 21:56:04,756 [Listener at localhost/43229] INFO  om.OzoneManager (OzoneManager.java:initializeRatisServer(1975)) - OzoneManager Ratis server initialized at port 35389
2022-10-18 21:56:04,757 [pool-343-thread-1] INFO  server.RaftServerConfigKeys (ConfUtils.java:logGet(46)) - raft.server.rpc.timeout.min = 1s (custom)
2022-10-18 21:56:04,757 [Listener at localhost/43229] INFO  ratis.OzoneManagerRatisServer (OzoneManagerRatisServer.java:start(555)) - Starting OzoneManagerRatisServer omNode-1 at port 35389
2022-10-18 21:56:04,757 [pool-343-thread-1] INFO  server.RaftServerConfigKeys (ConfUtils.java:logGet(46)) - raft.server.rpc.timeout.max = 1200ms (custom)
2022-10-18 21:56:04,757 [pool-343-thread-1] INFO  server.RaftServerConfigKeys (ConfUtils.java:logGet(46)) - raft.server.rpc.sleep.time = 25ms (default)
2022-10-18 21:56:04,757 [pool-343-thread-1] INFO  server.RaftServerConfigKeys (ConfUtils.java:logGet(46)) - raft.server.rpc.slowness.timeout = 2s (custom)
2022-10-18 21:56:04,757 [pool-343-thread-1] INFO  server.RaftServerConfigKeys (ConfUtils.java:logGet(46)) - raft.server.leaderelection.leader.step-down.wait-time = 10s (default)
2022-10-18 21:56:04,757 [pool-343-thread-1] INFO  server.RaftServerConfigKeys (ConfUtils.java:logGet(46)) - raft.server.sleep.deviation.threshold = 300ms (default)
2022-10-18 21:56:04,757 [pool-343-thread-1] INFO  server.RaftServer$Division (ServerState.java:<init>(107)) - omNode-1@group-523986131536: ConfigurationManager, init=-1: [omNode-3|rpc:localhost:38017|priority:0, omNode-1|rpc:localhost:35389|priority:0, omNode-2|rpc:localhost:45203|priority:0], old=null, confs=<EMPTY_MAP>
2022-10-18 21:56:04,757 [pool-343-thread-1] INFO  server.RaftServerConfigKeys (ConfUtils.java:logGet(46)) - raft.server.storage.dir = [/home/runner/work/ozone/ozone/hadoop-ozone/integration-test/target/test-dir/MiniOzoneClusterImpl-285291dc-83a3-4c49-94f6-5e759e1760ea/omNode-1/ratis] (custom)
2022-10-18 21:56:04,757 [pool-343-thread-1] INFO  server.RaftServerConfigKeys (ConfUtils.java:logGet(46)) - raft.server.log.corruption.policy = EXCEPTION (default)
2022-10-18 21:56:04,757 [pool-343-thread-1] INFO  server.RaftServerConfigKeys (ConfUtils.java:logGet(46)) - raft.server.storage.free-space.min = 0MB (=0) (default)
2022-10-18 21:56:04,758 [pool-343-thread-1] INFO  storage.RaftStorageDirectory (RaftStorageDirectoryImpl.java:tryLock(230)) - Lock on /home/runner/work/ozone/ozone/hadoop-ozone/integration-test/target/test-dir/MiniOzoneClusterImpl-285291dc-83a3-4c49-94f6-5e759e1760ea/omNode-1/ratis/c9bc4cf4-3bc3-3c60-a66b-523986131536/in_use.lock acquired by nodename 38880@fv-az368-376
2022-10-18 21:56:04,758 [pool-343-thread-1] INFO  storage.RaftStorage (RaftStorageImpl.java:analyzeAndRecoverStorage(110)) - Read RaftStorageMetadata{term=4, votedFor=omNode-1} from /home/runner/work/ozone/ozone/hadoop-ozone/integration-test/target/test-dir/MiniOzoneClusterImpl-285291dc-83a3-4c49-94f6-5e759e1760ea/omNode-1/ratis/c9bc4cf4-3bc3-3c60-a66b-523986131536/current/raft-meta
2022-10-18 21:56:04,758 [pool-343-thread-1] INFO  server.RaftServer$Division (ServerState.java:setRaftConf(393)) - omNode-1@group-523986131536: set configuration 57: [omNode-3|rpc:localhost:38017|admin:|client:|dataStream:|priority:0, omNode-1|rpc:localhost:35389|admin:|client:|dataStream:|priority:0, omNode-2|rpc:localhost:45203|admin:|client:|dataStream:|priority:0], old=null
2022-10-18 21:56:04,758 [pool-343-thread-1] INFO  server.RaftServerConfigKeys (ConfUtils.java:logGet(46)) - raft.server.notification.no-leader.timeout = 2s (custom)
2022-10-18 21:56:04,758 [pool-343-thread-1] INFO  server.RaftServerConfigKeys (ConfUtils.java:logGet(46)) - raft.server.log.use.memory = false (default)
2022-10-18 21:56:04,758 [pool-343-thread-1] INFO  server.RaftServerConfigKeys (ConfUtils.java:logGet(46)) - raft.server.log.purge.gap = 50 (custom)
2022-10-18 21:56:04,759 [pool-343-thread-1] INFO  server.RaftServerConfigKeys (ConfUtils.java:logGet(46)) - raft.server.log.appender.buffer.byte-limit = 33554432 (custom)
2022-10-18 21:56:04,759 [pool-343-thread-1] INFO  server.RaftServerConfigKeys (ConfUtils.java:logGet(46)) - raft.server.log.statemachine.data.read.timeout = 1000ms (default)
2022-10-18 21:56:04,759 [pool-343-thread-1] INFO  server.RaftServerConfigKeys (ConfUtils.java:logGet(46)) - raft.server.log.segment.size.max = 4194304 (custom)
2022-10-18 21:56:04,759 [pool-343-thread-1] INFO  server.RaftServerConfigKeys (ConfUtils.java:logGet(46)) - raft.server.log.segment.cache.num.max = 2 (custom)
2022-10-18 21:56:04,759 [pool-343-thread-1] INFO  server.RaftServerConfigKeys (ConfUtils.java:logGet(46)) - raft.server.log.segment.cache.size.max = 200MB (=209715200) (default)
2022-10-18 21:56:04,759 [pool-343-thread-1] INFO  segmented.SegmentedRaftLogWorker (SegmentedRaftLogWorker.java:<init>(187)) - new omNode-1@group-523986131536-SegmentedRaftLogWorker for RaftStorageImpl:Storage Directory /home/runner/work/ozone/ozone/hadoop-ozone/integration-test/target/test-dir/MiniOzoneClusterImpl-285291dc-83a3-4c49-94f6-5e759e1760ea/omNode-1/ratis/c9bc4cf4-3bc3-3c60-a66b-523986131536
2022-10-18 21:56:04,759 [pool-343-thread-1] INFO  server.RaftServerConfigKeys (ConfUtils.java:logGet(46)) - raft.server.log.queue.byte-limit = 64MB (=67108864) (default)
2022-10-18 21:56:04,759 [pool-343-thread-1] INFO  server.RaftServerConfigKeys (ConfUtils.java:logGet(46)) - raft.server.log.queue.element-limit = 4096 (default)
2022-10-18 21:56:04,759 [pool-343-thread-1] INFO  server.RaftServerConfigKeys (ConfUtils.java:logGet(46)) - raft.server.log.segment.size.max = 4194304 (custom)
2022-10-18 21:56:04,759 [pool-343-thread-1] INFO  server.RaftServerConfigKeys (ConfUtils.java:logGet(46)) - raft.server.log.preallocated.size = 4194304 (custom)
2022-10-18 21:56:04,759 [pool-343-thread-1] INFO  server.RaftServerConfigKeys (ConfUtils.java:logGet(46)) - raft.server.log.force.sync.num = 128 (default)
2022-10-18 21:56:04,759 [pool-343-thread-1] INFO  server.RaftServerConfigKeys (ConfUtils.java:logGet(46)) - raft.server.log.statemachine.data.sync = true (default)
2022-10-18 21:56:04,759 [pool-343-thread-1] INFO  server.RaftServerConfigKeys (ConfUtils.java:logGet(46)) - raft.server.log.statemachine.data.sync.timeout = 10s (default)
2022-10-18 21:56:04,759 [pool-343-thread-1] INFO  server.RaftServerConfigKeys (ConfUtils.java:logGet(46)) - raft.server.log.statemachine.data.sync.timeout.retry = -1 (default)
2022-10-18 21:56:04,760 [pool-343-thread-1] INFO  server.RaftServerConfigKeys (ConfUtils.java:logGet(46)) - raft.server.log.write.buffer.size = 64KB (=65536) (default)
2022-10-18 21:56:04,760 [pool-343-thread-1] INFO  server.RaftServerConfigKeys (ConfUtils.java:logGet(46)) - raft.server.log.unsafe-flush.enabled = false (default)
2022-10-18 21:56:04,760 [pool-343-thread-1] INFO  server.RaftServerConfigKeys (ConfUtils.java:logGet(46)) - raft.server.log.statemachine.data.caching.enabled = false (default)
2022-10-18 21:56:04,760 [pool-343-thread-1] INFO  server.RaftServer$Division (ServerState.java:setRaftConf(393)) - omNode-1@group-523986131536: set configuration 57: [omNode-3|rpc:localhost:38017|admin:|client:|dataStream:|priority:0, omNode-1|rpc:localhost:35389|admin:|client:|dataStream:|priority:0, omNode-2|rpc:localhost:45203|admin:|client:|dataStream:|priority:0], old=null
2022-10-18 21:56:04,760 [pool-343-thread-1] INFO  segmented.LogSegment (LogSegment.java:loadSegment(173)) - Successfully read 2 entries from segment file /home/runner/work/ozone/ozone/hadoop-ozone/integration-test/target/test-dir/MiniOzoneClusterImpl-285291dc-83a3-4c49-94f6-5e759e1760ea/omNode-1/ratis/c9bc4cf4-3bc3-3c60-a66b-523986131536/current/log_inprogress_57
2022-10-18 21:56:04,761 [pool-343-thread-1] INFO  segmented.SegmentedRaftLogWorker (SegmentedRaftLogWorker.java:lambda$new$0(135)) - omNode-1@group-523986131536-SegmentedRaftLogWorker: flushIndex: setUnconditionally 0 -> 58
2022-10-18 21:56:04,761 [pool-343-thread-1] INFO  segmented.SegmentedRaftLogWorker (SegmentedRaftLogWorker.java:lambda$new$0(135)) - omNode-1@group-523986131536-SegmentedRaftLogWorker: safeCacheEvictIndex: setUnconditionally 0 -> -1
2022-10-18 21:56:04,761 [pool-343-thread-1] INFO  raftlog.RaftLog (RaftLogBase.java:lambda$new$0(53)) - omNode-1@group-523986131536-SegmentedRaftLog: commitIndex: updateToMax old=58, new=57, updated? false
2022-10-18 21:56:04,761 [pool-343-thread-1] INFO  raftlog.RaftLog (RaftLogBase.java:lambda$new$0(53)) - omNode-1@group-523986131536-SegmentedRaftLog: purgeIndex: updateIncreasingly -1 -> 56
2022-10-18 21:56:04,761 [pool-343-thread-1] INFO  server.RaftServerConfigKeys (ConfUtils.java:logGet(46)) - raft.server.snapshot.auto.trigger.enabled = true (custom)
2022-10-18 21:56:04,761 [pool-343-thread-1] INFO  server.RaftServerConfigKeys (ConfUtils.java:logGet(46)) - raft.server.snapshot.auto.trigger.threshold = 50 (custom)
2022-10-18 21:56:04,761 [pool-343-thread-1] INFO  server.RaftServerConfigKeys (ConfUtils.java:logGet(46)) - raft.server.snapshot.retention.file.num = -1 (default)
2022-10-18 21:56:04,761 [pool-343-thread-1] INFO  server.RaftServerConfigKeys (ConfUtils.java:logGet(46)) - raft.server.log.purge.upto.snapshot.index = true (custom)
2022-10-18 21:56:04,761 [pool-343-thread-1] INFO  server.RaftServerConfigKeys (ConfUtils.java:logGet(46)) - raft.server.retrycache.expirytime = 30000ms (custom)
2022-10-18 21:56:04,761 [pool-343-thread-1] INFO  server.RaftServerConfigKeys (ConfUtils.java:logGet(46)) - raft.server.retrycache.statistics.expirytime = 100μs (default)
2022-10-18 21:56:04,762 [pool-343-thread-1] INFO  server.RaftServerConfigKeys (ConfUtils.java:logGet(46)) - raft.server.log.appender.install.snapshot.enabled = false (custom)
2022-10-18 21:56:04,762 [pool-343-thread-1] INFO  server.RaftServerConfigKeys (ConfUtils.java:logGet(46)) - raft.server.threadpool.server.cached = true (default)
2022-10-18 21:56:04,762 [pool-343-thread-1] INFO  server.RaftServerConfigKeys (ConfUtils.java:logGet(46)) - raft.server.threadpool.server.size = 0 (default)
2022-10-18 21:56:04,762 [pool-343-thread-1] INFO  server.RaftServerConfigKeys (ConfUtils.java:logGet(46)) - raft.server.threadpool.client.cached = true (default)
2022-10-18 21:56:04,762 [pool-343-thread-1] INFO  server.RaftServerConfigKeys (ConfUtils.java:logGet(46)) - raft.server.threadpool.client.size = 0 (default)
2022-10-18 21:56:04,762 [omNode-1-impl-thread1] INFO  server.RaftServer$Division (RaftServerImpl.java:start(310)) - omNode-1@group-523986131536: start as a follower, conf=57: [omNode-3|rpc:localhost:38017|admin:|client:|dataStream:|priority:0, omNode-1|rpc:localhost:35389|admin:|client:|dataStream:|priority:0, omNode-2|rpc:localhost:45203|admin:|client:|dataStream:|priority:0], old=null
2022-10-18 21:56:04,762 [omNode-1-impl-thread1] INFO  server.RaftServer$Division (RaftServerImpl.java:setRole(299)) - omNode-1@group-523986131536: changes role from      null to FOLLOWER at term 4 for startAsFollower
2022-10-18 21:56:04,762 [omNode-1-impl-thread1] INFO  impl.RoleInfo (RoleInfo.java:updateAndGet(139)) - omNode-1: start omNode-1@group-523986131536-FollowerState
2022-10-18 21:56:04,763 [omNode-1-impl-thread1] INFO  util.JmxRegister (JmxRegister.java:tryRegister(44)) - Successfully registered JMX Bean with object name Ratis:service=RaftServer,group=group-523986131536,id=omNode-1
2022-10-18 21:56:04,764 [Listener at localhost/43229] INFO  server.RaftServer (RaftServerProxy.java:lambda$start$6(382)) - omNode-1: start RPC server
2022-10-18 21:56:04,769 [Listener at localhost/43229] INFO  server.GrpcService (GrpcService.java:startImpl(260)) - omNode-1: GrpcService started, listening on 35389
2022-10-18 21:56:04,770 [Listener at localhost/43229] INFO  om.OzoneManager (OzoneManager.java:getRpcServer(1101)) - Creating RPC Server
2022-10-18 21:56:04,770 [org.apache.ratis.util.JvmPauseMonitor$$Lambda$703/854163851@11337728] INFO  util.JvmPauseMonitor (JvmPauseMonitor.java:run(103)) - JvmPauseMonitor-omNode-1: Started
2022-10-18 21:56:04,962 [Listener at localhost/43229] INFO  reflections.Reflections (Reflections.java:scan(232)) - Reflections took 191 ms to scan 19 urls, producing 67 keys and 4244 values [using 4 cores]
2022-10-18 21:56:04,963 [Listener at localhost/43229] INFO  ipc.CallQueueManager (CallQueueManager.java:<init>(90)) - Using callQueue: class java.util.concurrent.LinkedBlockingQueue, queueCapacity: 2000, scheduler: class org.apache.hadoop.ipc.DefaultRpcScheduler, ipcBackoff: false.
2022-10-18 21:56:04,964 [Socket Reader #1 for port 39907] INFO  ipc.Server (Server.java:run(1273)) - Starting Socket Reader #1 for port 39907
2022-10-18 21:56:04,966 [Listener at localhost/39907] INFO  http.BaseHttpServer (BaseHttpServer.java:newHttpServer2BuilderForOzone(213)) - Starting Web-server for ozoneManager at: http://0.0.0.0:34983
2022-10-18 21:56:04,966 [Listener at localhost/39907] INFO  http.BaseHttpServer (BaseHttpServer.java:<init>(108)) - Hadoop Security Enabled: false Ozone Security Enabled: false Ozone HTTP Security Enabled: false 
2022-10-18 21:56:04,967 [Listener at localhost/39907] WARN  server.AuthenticationFilter (AuthenticationFilter.java:constructSecretProvider(240)) - Unable to initialize FileSignerSecretProvider, falling back to use random secrets. Reason: Could not read signature secret file: /home/runner/hadoop-http-auth-signature-secret
2022-10-18 21:56:04,968 [Listener at localhost/39907] WARN  http.HttpRequestLog (HttpRequestLog.java:getRequestLog(103)) - Jetty request log can only be enabled using Log4j
2022-10-18 21:56:04,969 [Listener at localhost/39907] INFO  http.HttpServer2 (HttpServer2.java:addGlobalFilter(1031)) - Added global filter 'safety' (class=org.apache.hadoop.hdds.server.http.HttpServer2$QuotingInputFilter)
2022-10-18 21:56:04,970 [Listener at localhost/39907] INFO  http.HttpServer2 (HttpServer2.java:addFilter(1007)) - Added filter static_user_filter (class=org.apache.hadoop.http.lib.StaticUserWebFilter$StaticUserFilter) to context ozoneManager
2022-10-18 21:56:04,970 [Listener at localhost/39907] INFO  http.HttpServer2 (HttpServer2.java:addFilter(1015)) - Added filter static_user_filter (class=org.apache.hadoop.http.lib.StaticUserWebFilter$StaticUserFilter) to context static
2022-10-18 21:56:04,970 [Listener at localhost/39907] INFO  http.HttpServer2 (HttpServer2.java:addFilter(1015)) - Added filter static_user_filter (class=org.apache.hadoop.http.lib.StaticUserWebFilter$StaticUserFilter) to context logs
2022-10-18 21:56:04,971 [Listener at localhost/39907] INFO  http.HttpServer2 (HttpServer2.java:bindListener(1250)) - Jetty bound to port 34983
2022-10-18 21:56:04,971 [Listener at localhost/39907] INFO  server.Server (Server.java:doStart(375)) - jetty-9.4.43.v20210629; built: 2021-06-30T11:07:22.254Z; git: 526006ecfa3af7f1a27ef3a288e2bef7ea9dd7e8; jvm 1.8.0_345-b01
2022-10-18 21:56:04,973 [Listener at localhost/39907] INFO  server.session (DefaultSessionIdManager.java:doStart(334)) - DefaultSessionIdManager workerName=node0
2022-10-18 21:56:04,973 [Listener at localhost/39907] INFO  server.session (DefaultSessionIdManager.java:doStart(339)) - No SessionScavenger set, using defaults
2022-10-18 21:56:04,973 [Listener at localhost/39907] INFO  server.session (HouseKeeper.java:startScavenging(132)) - node0 Scavenging every 600000ms
2022-10-18 21:56:04,974 [Listener at localhost/39907] INFO  handler.ContextHandler (ContextHandler.java:doStart(915)) - Started o.e.j.s.ServletContextHandler@3e0238c{logs,/logs,file:///home/runner/work/ozone/ozone/hadoop-ozone/integration-test/target/log,AVAILABLE}
2022-10-18 21:56:04,974 [Listener at localhost/39907] INFO  handler.ContextHandler (ContextHandler.java:doStart(915)) - Started o.e.j.s.ServletContextHandler@51c62d81{static,/static,file:///home/runner/work/ozone/ozone/hadoop-ozone/integration-test/target/test-classes/webapps/static,AVAILABLE}
2022-10-18 21:56:04,976 [Listener at localhost/39907] INFO  handler.ContextHandler (ContextHandler.java:doStart(915)) - Started o.e.j.w.WebAppContext@5f95e589{ozoneManager,/,file:///home/runner/work/ozone/ozone/hadoop-ozone/integration-test/target/test-classes/webapps/ozoneManager/,AVAILABLE}{file:/home/runner/work/ozone/ozone/hadoop-ozone/integration-test/target/test-classes/webapps/ozoneManager}
2022-10-18 21:56:04,978 [Listener at localhost/39907] INFO  server.AbstractConnector (AbstractConnector.java:doStart(331)) - Started ServerConnector@c851e21{HTTP/1.1, (http/1.1)}{0.0.0.0:34983}
2022-10-18 21:56:04,978 [Listener at localhost/39907] INFO  server.Server (Server.java:doStart(415)) - Started @47697ms
2022-10-18 21:56:04,978 [Listener at localhost/39907] WARN  impl.MetricsSystemImpl (MetricsSystemImpl.java:register(279)) - Sink prometheus already exists!
2022-10-18 21:56:04,979 [Listener at localhost/39907] INFO  http.BaseHttpServer (BaseHttpServer.java:updateConnectorAddress(333)) - HTTP server of ozoneManager listening at http://0.0.0.0:34983
2022-10-18 21:56:04,979 [IPC Server listener on 39907] INFO  ipc.Server (Server.java:run(1352)) - IPC Server listener on 39907: starting
2022-10-18 21:56:04,980 [IPC Server Responder] INFO  ipc.Server (Server.java:run(1512)) - IPC Server Responder: starting
2022-10-18 21:56:04,989 [Listener at localhost/39907] INFO  om.OzoneManager (OzoneManager.java:startTrashEmptier(1919)) - Trash Interval set to 0. Files deleted won't move to trash
2022-10-18 21:56:04,989 [Listener at localhost/39907] INFO  om.OzoneManager (OzoneManager.java:stop(2034)) - omNode-2[localhost:45943]: Stopping Ozone Manager
2022-10-18 21:56:04,989 [org.apache.hadoop.util.JvmPauseMonitor$Monitor@2cc5f775] INFO  util.JvmPauseMonitor (JvmPauseMonitor.java:run(188)) - Starting JVM pause monitor
2022-10-18 21:56:04,989 [Listener at localhost/39907] INFO  ipc.Server (Server.java:stop(3428)) - Stopping server on 45943
2022-10-18 21:56:04,991 [IPC Server listener on 45943] INFO  ipc.Server (Server.java:run(1384)) - Stopping IPC Server listener on 45943
2022-10-18 21:56:04,992 [IPC Server Responder] INFO  ipc.Server (Server.java:run(1517)) - Stopping IPC Server Responder
2022-10-18 21:56:04,992 [Listener at localhost/39907] INFO  server.RaftServer (RaftServerProxy.java:lambda$close$7(398)) - omNode-2: close
2022-10-18 21:56:04,992 [Listener at localhost/39907] INFO  server.RaftServer$Division (RaftServerImpl.java:lambda$close$4(434)) - omNode-2@group-523986131536: shutdown
2022-10-18 21:56:04,992 [Listener at localhost/39907] INFO  util.JmxRegister (JmxRegister.java:unregister(73)) - Successfully un-registered JMX Bean with object name Ratis:service=RaftServer,group=group-523986131536,id=omNode-2
2022-10-18 21:56:04,992 [Listener at localhost/39907] INFO  impl.RoleInfo (RoleInfo.java:shutdownFollowerState(110)) - omNode-2: shutdown omNode-2@group-523986131536-FollowerState
2022-10-18 21:56:04,992 [Listener at localhost/39907] INFO  impl.StateMachineUpdater (StateMachineUpdater.java:stopAndJoin(153)) - omNode-2@group-523986131536-StateMachineUpdater: set stopIndex = 58
2022-10-18 21:56:04,992 [omNode-2@group-523986131536-FollowerState] INFO  impl.FollowerState (FollowerState.java:run(152)) - omNode-2@group-523986131536-FollowerState was interrupted
2022-10-18 21:56:04,992 [omNode-2@group-523986131536-StateMachineUpdater] INFO  ratis.OzoneManagerStateMachine (OzoneManagerStateMachine.java:takeSnapshot(441)) - Current Snapshot Index (t:4, i:58)
2022-10-18 21:56:04,993 [omNode-2@group-523986131536-StateMachineUpdater] INFO  impl.StateMachineUpdater (StateMachineUpdater.java:takeSnapshot(287)) - omNode-2@group-523986131536-StateMachineUpdater: Took a snapshot at index 58
2022-10-18 21:56:04,993 [omNode-2@group-523986131536-StateMachineUpdater] INFO  impl.StateMachineUpdater (StateMachineUpdater.java:lambda$new$0(92)) - omNode-2@group-523986131536-StateMachineUpdater: snapshotIndex: updateIncreasingly 30 -> 58
2022-10-18 21:56:04,993 [omNode-2@group-523986131536-StateMachineUpdater] INFO  raftlog.RaftLog (RaftLogBase.java:purge(308)) - omNode-2@group-523986131536-SegmentedRaftLog: purge 58
2022-10-18 21:56:04,993 [omNode-2@group-523986131536-StateMachineUpdater] INFO  raftlog.RaftLog (RaftLogBase.java:lambda$new$0(53)) - omNode-2@group-523986131536-SegmentedRaftLog: snapshotIndex: updateIncreasingly 30 -> 58
2022-10-18 21:56:04,993 [omNode-2@group-523986131536-StateMachineUpdater] INFO  ratis.OzoneManagerStateMachine (OzoneManagerStateMachine.java:close(495)) - StateMachine has shutdown. Shutdown OzoneManager if not already shutdown.
2022-10-18 21:56:04,993 [omNode-2@group-523986131536-StateMachineUpdater] INFO  ratis.OzoneManagerDoubleBuffer (OzoneManagerDoubleBuffer.java:stop(466)) - Stopping OMDoubleBuffer flush thread
2022-10-18 21:56:04,993 [OMDoubleBufferFlushThread] INFO  ratis.OzoneManagerDoubleBuffer (OzoneManagerDoubleBuffer.java:flushTransactions(385)) - OMDoubleBuffer flush thread OMDoubleBufferFlushThread is interrupted and will exit.
2022-10-18 21:56:04,993 [omNode-2@group-523986131536-SegmentedRaftLogWorker] INFO  raftlog.RaftLog (RaftLogBase.java:lambda$new$0(53)) - omNode-2@group-523986131536-SegmentedRaftLog: purgeIndex: updateToMax old=-1, new=56, updated? true
2022-10-18 21:56:04,994 [Listener at localhost/39907] INFO  server.RaftServer$Division (ServerState.java:close(429)) - omNode-2@group-523986131536: closes. applyIndex: 58
2022-10-18 21:56:04,994 [omNode-2@group-523986131536-SegmentedRaftLogWorker] INFO  segmented.SegmentedRaftLogWorker (SegmentedRaftLogWorker.java:run(336)) - omNode-2@group-523986131536-SegmentedRaftLogWorker was interrupted, exiting. There are 0 tasks remaining in the queue.
2022-10-18 21:56:04,996 [Listener at localhost/39907] INFO  segmented.SegmentedRaftLogWorker (SegmentedRaftLogWorker.java:close(246)) - omNode-2@group-523986131536-SegmentedRaftLogWorker close()
2022-10-18 21:56:04,998 [Listener at localhost/39907] INFO  server.GrpcService (GrpcService.java:closeImpl(269)) - omNode-2: shutdown server with port 45203 now
2022-10-18 21:56:04,998 [Listener at localhost/39907] INFO  server.GrpcService (GrpcService.java:closeImpl(278)) - omNode-2: shutdown server with port 45203 successfully
2022-10-18 21:56:04,998 [org.apache.ratis.util.JvmPauseMonitor$$Lambda$703/854163851@6b059523] INFO  util.JvmPauseMonitor (JvmPauseMonitor.java:run(109)) - JvmPauseMonitor-omNode-2: Stopped
2022-10-18 21:56:04,999 [Listener at localhost/39907] INFO  ratis.OzoneManagerStateMachine (OzoneManagerStateMachine.java:close(495)) - StateMachine has shutdown. Shutdown OzoneManager if not already shutdown.
2022-10-18 21:56:04,999 [Listener at localhost/39907] INFO  ratis.OzoneManagerDoubleBuffer (OzoneManagerDoubleBuffer.java:stop(478)) - OMDoubleBuffer flush thread is not running.
2022-10-18 21:56:04,999 [Listener at localhost/39907] INFO  handler.ContextHandler (ContextHandler.java:doStop(1153)) - Stopped o.e.j.w.WebAppContext@12ce2cc7{ozoneManager,/,null,STOPPED}{file:/home/runner/work/ozone/ozone/hadoop-ozone/integration-test/target/test-classes/webapps/ozoneManager}
2022-10-18 21:56:05,000 [Listener at localhost/39907] INFO  server.AbstractConnector (AbstractConnector.java:doStop(381)) - Stopped ServerConnector@6818def2{HTTP/1.1, (http/1.1)}{0.0.0.0:33741}
2022-10-18 21:56:05,000 [Listener at localhost/39907] INFO  server.session (HouseKeeper.java:stopScavenging(149)) - node0 Stopped scavenging
2022-10-18 21:56:05,000 [Listener at localhost/39907] INFO  handler.ContextHandler (ContextHandler.java:doStop(1153)) - Stopped o.e.j.s.ServletContextHandler@6830b16d{static,/static,file:///home/runner/work/ozone/ozone/hadoop-ozone/integration-test/target/test-classes/webapps/static,STOPPED}
2022-10-18 21:56:05,001 [Listener at localhost/39907] INFO  handler.ContextHandler (ContextHandler.java:doStop(1153)) - Stopped o.e.j.s.ServletContextHandler@641059e2{logs,/logs,file:///home/runner/work/ozone/ozone/hadoop-ozone/integration-test/target/log,STOPPED}
2022-10-18 21:56:05,003 [Listener at localhost/39907] INFO  om.OzoneManager (OzoneManager.java:restart(1571)) - OzoneManager RPC server is listening at localhost/127.0.0.1:45943
2022-10-18 21:56:05,003 [Listener at localhost/39907] INFO  impl.MetricsSystemImpl (MetricsSystemImpl.java:init(158)) - OzoneManager metrics system started (again)
2022-10-18 21:56:05,013 [Listener at localhost/39907] WARN  server.ServerUtils (ServerUtils.java:getDBPath(225)) - ozone.om.db.dirs is not configured. We recommend adding this setting. Falling back to ozone.metadata.dirs instead.
2022-10-18 21:56:05,014 [Listener at localhost/39907] INFO  codec.OmKeyInfoCodec (OmKeyInfoCodec.java:<init>(49)) - OmKeyInfoCodec ignorePipeline = true
2022-10-18 21:56:05,014 [Listener at localhost/39907] INFO  codec.RepeatedOmKeyInfoCodec (RepeatedOmKeyInfoCodec.java:<init>(41)) - RepeatedOmKeyInfoCodec ignorePipeline = true
2022-10-18 21:56:05,038 [Listener at localhost/39907] INFO  om.OzoneManager (OzoneManager.java:instantiateServices(712)) - S3 Multi-Tenancy is disabled
2022-10-18 21:56:05,039 [Listener at localhost/39907] WARN  server.ServerUtils (ServerUtils.java:getDefaultRatisDirectory(237)) - Storage directory for Ratis is not configured. It is a good idea to map this to an SSD disk. Falling back to ozone.metadata.dirs
2022-10-18 21:56:05,040 [Listener at localhost/39907] INFO  ratis.OzoneManagerRatisServer (OzoneManagerRatisServer.java:<init>(160)) - Instantiating OM Ratis server with groupID: om-service-test1 and peers: localhost:45203, localhost:38017, localhost:35389
2022-10-18 21:56:05,040 [Listener at localhost/39907] INFO  ratis.OzoneManagerStateMachine (OzoneManagerStateMachine.java:loadSnapshotInfoFromDB(632)) - LastAppliedIndex is set from TransactionInfo from OM DB as (t:4, i:58)
2022-10-18 21:56:05,040 [Listener at localhost/39907] INFO  server.RaftServer (ConfUtils.java:logGet(46)) - raft.rpc.type = GRPC (default)
2022-10-18 21:56:05,040 [Listener at localhost/39907] INFO  grpc.GrpcFactory (GrpcFactory.java:checkPooledByteBufAllocatorUseCacheForAllThreads(48)) - PERFORMANCE WARNING: useCacheForAllThreads is true that may cause Netty to create a lot garbage objects and, as a result, trigger GC.
	It is recommended to disable useCacheForAllThreads by setting -Dorg.apache.ratis.thirdparty.io.netty.allocator.useCacheForAllThreads=false in command line.
2022-10-18 21:56:05,040 [Listener at localhost/39907] INFO  grpc.GrpcConfigKeys (ConfUtils.java:logGet(46)) - raft.grpc.admin.port = -1 (default)
2022-10-18 21:56:05,040 [Listener at localhost/39907] INFO  grpc.GrpcConfigKeys (ConfUtils.java:logGet(46)) - raft.grpc.server.port = 45203 (custom)
2022-10-18 21:56:05,041 [Listener at localhost/39907] INFO  grpc.GrpcConfigKeys (ConfUtils.java:logGet(46)) - raft.grpc.client.port = -1 (default)
2022-10-18 21:56:05,041 [Listener at localhost/39907] INFO  grpc.GrpcConfigKeys (ConfUtils.java:logGet(46)) - raft.grpc.server.port = 45203 (custom)
2022-10-18 21:56:05,041 [Listener at localhost/39907] INFO  grpc.GrpcConfigKeys (ConfUtils.java:logGet(46)) - raft.grpc.server.port = 45203 (custom)
2022-10-18 21:56:05,041 [Listener at localhost/39907] INFO  server.GrpcService (ConfUtils.java:logGet(46)) - raft.grpc.message.size.max = 33554432 (custom)
2022-10-18 21:56:05,041 [Listener at localhost/39907] INFO  server.RaftServerConfigKeys (ConfUtils.java:logGet(46)) - raft.server.log.appender.buffer.byte-limit = 33554432 (custom)
2022-10-18 21:56:05,041 [Listener at localhost/39907] INFO  server.GrpcService (ConfUtils.java:logGet(46)) - raft.grpc.flow.control.window = 1MB (=1048576) (default)
2022-10-18 21:56:05,041 [Listener at localhost/39907] INFO  server.RaftServerConfigKeys (ConfUtils.java:logGet(46)) - raft.server.rpc.request.timeout = 3000ms (default)
2022-10-18 21:56:05,041 [Listener at localhost/39907] INFO  grpc.GrpcConfigKeys (ConfUtils.java:logGet(46)) - raft.grpc.server.async.request.thread.pool.cached = true (default)
2022-10-18 21:56:05,041 [Listener at localhost/39907] INFO  grpc.GrpcConfigKeys (ConfUtils.java:logGet(46)) - raft.grpc.server.async.request.thread.pool.size = 32 (default)
2022-10-18 21:56:05,042 [Listener at localhost/39907] INFO  impl.DataStreamServerImpl (ConfUtils.java:logGet(46)) - raft.datastream.type = DISABLED (default)
2022-10-18 21:56:05,042 [Listener at localhost/39907] INFO  server.RaftServerConfigKeys (ConfUtils.java:logGet(46)) - raft.server.threadpool.proxy.cached = true (default)
2022-10-18 21:56:05,042 [Listener at localhost/39907] INFO  server.RaftServerConfigKeys (ConfUtils.java:logGet(46)) - raft.server.threadpool.proxy.size = 0 (default)
2022-10-18 21:56:05,042 [Listener at localhost/39907] INFO  server.RaftServerConfigKeys (ConfUtils.java:logGet(46)) - raft.server.rpc.slowness.timeout = 2s (custom)
2022-10-18 21:56:05,042 [Listener at localhost/39907] INFO  server.RaftServerConfigKeys (ConfUtils.java:logGet(46)) - raft.server.leaderelection.leader.step-down.wait-time = 10s (default)
2022-10-18 21:56:05,042 [Listener at localhost/39907] INFO  server.RaftServerConfigKeys (ConfUtils.java:logGet(46)) - raft.server.storage.dir = [/home/runner/work/ozone/ozone/hadoop-ozone/integration-test/target/test-dir/MiniOzoneClusterImpl-285291dc-83a3-4c49-94f6-5e759e1760ea/omNode-2/ratis] (custom)
2022-10-18 21:56:05,043 [omNode-2-impl-thread1] INFO  server.RaftServer (RaftServerProxy.java:initGroupDir(247)) - omNode-2: found a subdirectory /home/runner/work/ozone/ozone/hadoop-ozone/integration-test/target/test-dir/MiniOzoneClusterImpl-285291dc-83a3-4c49-94f6-5e759e1760ea/omNode-2/ratis/c9bc4cf4-3bc3-3c60-a66b-523986131536
2022-10-18 21:56:05,043 [Listener at localhost/39907] INFO  server.RaftServer (RaftServerProxy.java:addNew(96)) - omNode-2: addNew group-523986131536:[omNode-3|rpc:localhost:38017|priority:0, omNode-1|rpc:localhost:35389|priority:0, omNode-2|rpc:localhost:45203|priority:0] returns group-523986131536:java.util.concurrent.CompletableFuture@3a24f397[Not completed]
2022-10-18 21:56:05,043 [Listener at localhost/39907] INFO  om.OzoneManager (OzoneManager.java:initializeRatisServer(1975)) - OzoneManager Ratis server initialized at port 45203
2022-10-18 21:56:05,043 [Listener at localhost/39907] INFO  ratis.OzoneManagerRatisServer (OzoneManagerRatisServer.java:start(555)) - Starting OzoneManagerRatisServer omNode-2 at port 45203
2022-10-18 21:56:05,043 [pool-367-thread-1] INFO  server.RaftServer$Division (RaftServerImpl.java:<init>(190)) - omNode-2: new RaftServerImpl for group-523986131536:[omNode-3|rpc:localhost:38017|priority:0, omNode-1|rpc:localhost:35389|priority:0, omNode-2|rpc:localhost:45203|priority:0] with OzoneManagerStateMachine:uninitialized
2022-10-18 21:56:05,043 [pool-367-thread-1] INFO  server.RaftServerConfigKeys (ConfUtils.java:logGet(46)) - raft.server.rpc.timeout.min = 1s (custom)
2022-10-18 21:56:05,043 [pool-367-thread-1] INFO  server.RaftServerConfigKeys (ConfUtils.java:logGet(46)) - raft.server.rpc.timeout.max = 1200ms (custom)
2022-10-18 21:56:05,044 [pool-367-thread-1] INFO  server.RaftServerConfigKeys (ConfUtils.java:logGet(46)) - raft.server.rpc.sleep.time = 25ms (default)
2022-10-18 21:56:05,044 [pool-367-thread-1] INFO  server.RaftServerConfigKeys (ConfUtils.java:logGet(46)) - raft.server.rpc.slowness.timeout = 2s (custom)
2022-10-18 21:56:05,044 [pool-367-thread-1] INFO  server.RaftServerConfigKeys (ConfUtils.java:logGet(46)) - raft.server.leaderelection.leader.step-down.wait-time = 10s (default)
2022-10-18 21:56:05,044 [pool-367-thread-1] INFO  server.RaftServerConfigKeys (ConfUtils.java:logGet(46)) - raft.server.sleep.deviation.threshold = 300ms (default)
2022-10-18 21:56:05,044 [pool-367-thread-1] INFO  server.RaftServer$Division (ServerState.java:<init>(107)) - omNode-2@group-523986131536: ConfigurationManager, init=-1: [omNode-3|rpc:localhost:38017|priority:0, omNode-1|rpc:localhost:35389|priority:0, omNode-2|rpc:localhost:45203|priority:0], old=null, confs=<EMPTY_MAP>
2022-10-18 21:56:05,044 [pool-367-thread-1] INFO  server.RaftServerConfigKeys (ConfUtils.java:logGet(46)) - raft.server.storage.dir = [/home/runner/work/ozone/ozone/hadoop-ozone/integration-test/target/test-dir/MiniOzoneClusterImpl-285291dc-83a3-4c49-94f6-5e759e1760ea/omNode-2/ratis] (custom)
2022-10-18 21:56:05,044 [pool-367-thread-1] INFO  server.RaftServerConfigKeys (ConfUtils.java:logGet(46)) - raft.server.log.corruption.policy = EXCEPTION (default)
2022-10-18 21:56:05,044 [pool-367-thread-1] INFO  server.RaftServerConfigKeys (ConfUtils.java:logGet(46)) - raft.server.storage.free-space.min = 0MB (=0) (default)
2022-10-18 21:56:05,044 [pool-367-thread-1] INFO  storage.RaftStorageDirectory (RaftStorageDirectoryImpl.java:tryLock(230)) - Lock on /home/runner/work/ozone/ozone/hadoop-ozone/integration-test/target/test-dir/MiniOzoneClusterImpl-285291dc-83a3-4c49-94f6-5e759e1760ea/omNode-2/ratis/c9bc4cf4-3bc3-3c60-a66b-523986131536/in_use.lock acquired by nodename 38880@fv-az368-376
2022-10-18 21:56:05,045 [pool-367-thread-1] INFO  storage.RaftStorage (RaftStorageImpl.java:analyzeAndRecoverStorage(110)) - Read RaftStorageMetadata{term=4, votedFor=omNode-1} from /home/runner/work/ozone/ozone/hadoop-ozone/integration-test/target/test-dir/MiniOzoneClusterImpl-285291dc-83a3-4c49-94f6-5e759e1760ea/omNode-2/ratis/c9bc4cf4-3bc3-3c60-a66b-523986131536/current/raft-meta
2022-10-18 21:56:05,045 [pool-367-thread-1] INFO  server.RaftServer$Division (ServerState.java:setRaftConf(393)) - omNode-2@group-523986131536: set configuration 57: [omNode-3|rpc:localhost:38017|admin:|client:|dataStream:|priority:0, omNode-1|rpc:localhost:35389|admin:|client:|dataStream:|priority:0, omNode-2|rpc:localhost:45203|admin:|client:|dataStream:|priority:0], old=null
2022-10-18 21:56:05,045 [pool-367-thread-1] INFO  server.RaftServerConfigKeys (ConfUtils.java:logGet(46)) - raft.server.notification.no-leader.timeout = 2s (custom)
2022-10-18 21:56:05,045 [pool-367-thread-1] INFO  server.RaftServerConfigKeys (ConfUtils.java:logGet(46)) - raft.server.log.use.memory = false (default)
2022-10-18 21:56:05,045 [pool-367-thread-1] INFO  server.RaftServerConfigKeys (ConfUtils.java:logGet(46)) - raft.server.log.purge.gap = 50 (custom)
2022-10-18 21:56:05,045 [pool-367-thread-1] INFO  server.RaftServerConfigKeys (ConfUtils.java:logGet(46)) - raft.server.log.appender.buffer.byte-limit = 33554432 (custom)
2022-10-18 21:56:05,045 [pool-367-thread-1] INFO  server.RaftServerConfigKeys (ConfUtils.java:logGet(46)) - raft.server.log.statemachine.data.read.timeout = 1000ms (default)
2022-10-18 21:56:05,045 [pool-367-thread-1] INFO  server.RaftServerConfigKeys (ConfUtils.java:logGet(46)) - raft.server.log.segment.size.max = 4194304 (custom)
2022-10-18 21:56:05,045 [pool-367-thread-1] INFO  server.RaftServerConfigKeys (ConfUtils.java:logGet(46)) - raft.server.log.segment.cache.num.max = 2 (custom)
2022-10-18 21:56:05,045 [pool-367-thread-1] INFO  server.RaftServerConfigKeys (ConfUtils.java:logGet(46)) - raft.server.log.segment.cache.size.max = 200MB (=209715200) (default)
2022-10-18 21:56:05,045 [pool-367-thread-1] INFO  segmented.SegmentedRaftLogWorker (SegmentedRaftLogWorker.java:<init>(187)) - new omNode-2@group-523986131536-SegmentedRaftLogWorker for RaftStorageImpl:Storage Directory /home/runner/work/ozone/ozone/hadoop-ozone/integration-test/target/test-dir/MiniOzoneClusterImpl-285291dc-83a3-4c49-94f6-5e759e1760ea/omNode-2/ratis/c9bc4cf4-3bc3-3c60-a66b-523986131536
2022-10-18 21:56:05,045 [pool-367-thread-1] INFO  server.RaftServerConfigKeys (ConfUtils.java:logGet(46)) - raft.server.log.queue.byte-limit = 64MB (=67108864) (default)
2022-10-18 21:56:05,046 [pool-367-thread-1] INFO  server.RaftServerConfigKeys (ConfUtils.java:logGet(46)) - raft.server.log.queue.element-limit = 4096 (default)
2022-10-18 21:56:05,046 [pool-367-thread-1] INFO  server.RaftServerConfigKeys (ConfUtils.java:logGet(46)) - raft.server.log.segment.size.max = 4194304 (custom)
2022-10-18 21:56:05,046 [pool-367-thread-1] INFO  server.RaftServerConfigKeys (ConfUtils.java:logGet(46)) - raft.server.log.preallocated.size = 4194304 (custom)
2022-10-18 21:56:05,046 [pool-367-thread-1] INFO  server.RaftServerConfigKeys (ConfUtils.java:logGet(46)) - raft.server.log.force.sync.num = 128 (default)
2022-10-18 21:56:05,046 [pool-367-thread-1] INFO  server.RaftServerConfigKeys (ConfUtils.java:logGet(46)) - raft.server.log.statemachine.data.sync = true (default)
2022-10-18 21:56:05,046 [pool-367-thread-1] INFO  server.RaftServerConfigKeys (ConfUtils.java:logGet(46)) - raft.server.log.statemachine.data.sync.timeout = 10s (default)
2022-10-18 21:56:05,046 [pool-367-thread-1] INFO  server.RaftServerConfigKeys (ConfUtils.java:logGet(46)) - raft.server.log.statemachine.data.sync.timeout.retry = -1 (default)
2022-10-18 21:56:05,047 [pool-367-thread-1] INFO  server.RaftServerConfigKeys (ConfUtils.java:logGet(46)) - raft.server.log.write.buffer.size = 64KB (=65536) (default)
2022-10-18 21:56:05,047 [pool-367-thread-1] INFO  server.RaftServerConfigKeys (ConfUtils.java:logGet(46)) - raft.server.log.unsafe-flush.enabled = false (default)
2022-10-18 21:56:05,047 [pool-367-thread-1] INFO  server.RaftServerConfigKeys (ConfUtils.java:logGet(46)) - raft.server.log.statemachine.data.caching.enabled = false (default)
2022-10-18 21:56:05,048 [pool-367-thread-1] INFO  server.RaftServer$Division (ServerState.java:setRaftConf(393)) - omNode-2@group-523986131536: set configuration 57: [omNode-3|rpc:localhost:38017|admin:|client:|dataStream:|priority:0, omNode-1|rpc:localhost:35389|admin:|client:|dataStream:|priority:0, omNode-2|rpc:localhost:45203|admin:|client:|dataStream:|priority:0], old=null
2022-10-18 21:56:05,048 [pool-367-thread-1] INFO  segmented.LogSegment (LogSegment.java:loadSegment(173)) - Successfully read 2 entries from segment file /home/runner/work/ozone/ozone/hadoop-ozone/integration-test/target/test-dir/MiniOzoneClusterImpl-285291dc-83a3-4c49-94f6-5e759e1760ea/omNode-2/ratis/c9bc4cf4-3bc3-3c60-a66b-523986131536/current/log_inprogress_57
2022-10-18 21:56:05,048 [pool-367-thread-1] INFO  segmented.SegmentedRaftLogWorker (SegmentedRaftLogWorker.java:lambda$new$0(135)) - omNode-2@group-523986131536-SegmentedRaftLogWorker: flushIndex: setUnconditionally 0 -> 58
2022-10-18 21:56:05,048 [pool-367-thread-1] INFO  segmented.SegmentedRaftLogWorker (SegmentedRaftLogWorker.java:lambda$new$0(135)) - omNode-2@group-523986131536-SegmentedRaftLogWorker: safeCacheEvictIndex: setUnconditionally 0 -> -1
2022-10-18 21:56:05,048 [pool-367-thread-1] INFO  raftlog.RaftLog (RaftLogBase.java:lambda$new$0(53)) - omNode-2@group-523986131536-SegmentedRaftLog: commitIndex: updateToMax old=58, new=57, updated? false
2022-10-18 21:56:05,048 [pool-367-thread-1] INFO  raftlog.RaftLog (RaftLogBase.java:lambda$new$0(53)) - omNode-2@group-523986131536-SegmentedRaftLog: purgeIndex: updateIncreasingly -1 -> 56
2022-10-18 21:56:05,048 [pool-367-thread-1] INFO  server.RaftServerConfigKeys (ConfUtils.java:logGet(46)) - raft.server.snapshot.auto.trigger.enabled = true (custom)
2022-10-18 21:56:05,048 [pool-367-thread-1] INFO  server.RaftServerConfigKeys (ConfUtils.java:logGet(46)) - raft.server.snapshot.auto.trigger.threshold = 50 (custom)
2022-10-18 21:56:05,048 [pool-367-thread-1] INFO  server.RaftServerConfigKeys (ConfUtils.java:logGet(46)) - raft.server.snapshot.retention.file.num = -1 (default)
2022-10-18 21:56:05,048 [pool-367-thread-1] INFO  server.RaftServerConfigKeys (ConfUtils.java:logGet(46)) - raft.server.log.purge.upto.snapshot.index = true (custom)
2022-10-18 21:56:05,048 [pool-367-thread-1] INFO  server.RaftServerConfigKeys (ConfUtils.java:logGet(46)) - raft.server.retrycache.expirytime = 30000ms (custom)
2022-10-18 21:56:05,048 [pool-367-thread-1] INFO  server.RaftServerConfigKeys (ConfUtils.java:logGet(46)) - raft.server.retrycache.statistics.expirytime = 100μs (default)
2022-10-18 21:56:05,050 [pool-367-thread-1] INFO  server.RaftServerConfigKeys (ConfUtils.java:logGet(46)) - raft.server.log.appender.install.snapshot.enabled = false (custom)
2022-10-18 21:56:05,050 [pool-367-thread-1] INFO  server.RaftServerConfigKeys (ConfUtils.java:logGet(46)) - raft.server.threadpool.server.cached = true (default)
2022-10-18 21:56:05,050 [pool-367-thread-1] INFO  server.RaftServerConfigKeys (ConfUtils.java:logGet(46)) - raft.server.threadpool.server.size = 0 (default)
2022-10-18 21:56:05,050 [pool-367-thread-1] INFO  server.RaftServerConfigKeys (ConfUtils.java:logGet(46)) - raft.server.threadpool.client.cached = true (default)
2022-10-18 21:56:05,050 [pool-367-thread-1] INFO  server.RaftServerConfigKeys (ConfUtils.java:logGet(46)) - raft.server.threadpool.client.size = 0 (default)
2022-10-18 21:56:05,050 [omNode-2-impl-thread1] INFO  server.RaftServer$Division (RaftServerImpl.java:start(310)) - omNode-2@group-523986131536: start as a follower, conf=57: [omNode-3|rpc:localhost:38017|admin:|client:|dataStream:|priority:0, omNode-1|rpc:localhost:35389|admin:|client:|dataStream:|priority:0, omNode-2|rpc:localhost:45203|admin:|client:|dataStream:|priority:0], old=null
2022-10-18 21:56:05,050 [omNode-2-impl-thread1] INFO  server.RaftServer$Division (RaftServerImpl.java:setRole(299)) - omNode-2@group-523986131536: changes role from      null to FOLLOWER at term 4 for startAsFollower
2022-10-18 21:56:05,050 [omNode-2-impl-thread1] INFO  impl.RoleInfo (RoleInfo.java:updateAndGet(139)) - omNode-2: start omNode-2@group-523986131536-FollowerState
2022-10-18 21:56:05,050 [omNode-2-impl-thread1] INFO  util.JmxRegister (JmxRegister.java:tryRegister(44)) - Successfully registered JMX Bean with object name Ratis:service=RaftServer,group=group-523986131536,id=omNode-2
2022-10-18 21:56:05,051 [Listener at localhost/39907] INFO  server.RaftServer (RaftServerProxy.java:lambda$start$6(382)) - omNode-2: start RPC server
2022-10-18 21:56:05,053 [Listener at localhost/39907] INFO  server.GrpcService (GrpcService.java:startImpl(260)) - omNode-2: GrpcService started, listening on 45203
2022-10-18 21:56:05,053 [Listener at localhost/39907] INFO  om.OzoneManager (OzoneManager.java:getRpcServer(1101)) - Creating RPC Server
2022-10-18 21:56:05,053 [org.apache.ratis.util.JvmPauseMonitor$$Lambda$703/854163851@5e41a4e7] INFO  util.JvmPauseMonitor (JvmPauseMonitor.java:run(103)) - JvmPauseMonitor-omNode-2: Started
2022-10-18 21:56:05,436 [omNode-3@group-523986131536-FollowerState] INFO  impl.FollowerState (FollowerState.java:run(143)) - omNode-3@group-523986131536-FollowerState: change to CANDIDATE, lastRpcElapsedTime:1049514529ns, electionTimeout:1047ms
2022-10-18 21:56:05,436 [omNode-3@group-523986131536-FollowerState] INFO  impl.RoleInfo (RoleInfo.java:shutdownFollowerState(110)) - omNode-3: shutdown omNode-3@group-523986131536-FollowerState
2022-10-18 21:56:05,437 [omNode-3@group-523986131536-FollowerState] INFO  server.RaftServer$Division (RaftServerImpl.java:setRole(299)) - omNode-3@group-523986131536: changes role from  FOLLOWER to CANDIDATE at term 3 for changeToCandidate
2022-10-18 21:56:05,437 [omNode-3@group-523986131536-FollowerState] INFO  server.RaftServerConfigKeys (ConfUtils.java:logGet(46)) - raft.server.leaderelection.pre-vote = false (custom)
2022-10-18 21:56:05,437 [omNode-3@group-523986131536-FollowerState] INFO  impl.RoleInfo (RoleInfo.java:updateAndGet(139)) - omNode-3: start omNode-3@group-523986131536-LeaderElection12
2022-10-18 21:56:05,439 [omNode-3@group-523986131536-LeaderElection12] INFO  impl.LeaderElection (LeaderElection.java:askForVotes(310)) - omNode-3@group-523986131536-LeaderElection12 ELECTION round 0: submit vote requests at term 4 for 31: [omNode-3|rpc:localhost:38017|admin:|client:|dataStream:|priority:0, omNode-1|rpc:localhost:35389|admin:|client:|dataStream:|priority:0, omNode-2|rpc:localhost:45203|admin:|client:|dataStream:|priority:0], old=null
2022-10-18 21:56:05,449 [grpc-default-executor-1] INFO  server.RaftServer$Division (RaftServerImpl.java:requestVote(1152)) - omNode-2@group-523986131536: receive requestVote(ELECTION, omNode-3, group-523986131536, 4, (t:3, i:56))
2022-10-18 21:56:05,450 [grpc-default-executor-1] INFO  impl.VoteContext (VoteContext.java:log(48)) - omNode-2@group-523986131536-FOLLOWER: reject ELECTION from omNode-3: already has voted for omNode-1 at current term 4
2022-10-18 21:56:05,450 [grpc-default-executor-1] INFO  server.RaftServer$Division (RaftServerImpl.java:requestVote(1184)) - omNode-2@group-523986131536 replies to ELECTION vote request: omNode-3<-omNode-2#0:FAIL-t4. Peer's state: omNode-2@group-523986131536:t4, leader=null, voted=omNode-1, raftlog=omNode-2@group-523986131536-SegmentedRaftLog:OPENED:c58, conf=57: [omNode-3|rpc:localhost:38017|admin:|client:|dataStream:|priority:0, omNode-1|rpc:localhost:35389|admin:|client:|dataStream:|priority:0, omNode-2|rpc:localhost:45203|admin:|client:|dataStream:|priority:0], old=null
2022-10-18 21:56:05,451 [grpc-default-executor-1] INFO  server.RaftServer$Division (RaftServerImpl.java:requestVote(1152)) - omNode-1@group-523986131536: receive requestVote(ELECTION, omNode-3, group-523986131536, 4, (t:3, i:56))
2022-10-18 21:56:05,451 [grpc-default-executor-1] INFO  impl.VoteContext (VoteContext.java:log(48)) - omNode-1@group-523986131536-FOLLOWER: reject ELECTION from omNode-3: already has voted for omNode-1 at current term 4
2022-10-18 21:56:05,451 [grpc-default-executor-1] INFO  server.RaftServer$Division (RaftServerImpl.java:requestVote(1184)) - omNode-1@group-523986131536 replies to ELECTION vote request: omNode-3<-omNode-1#0:FAIL-t4. Peer's state: omNode-1@group-523986131536:t4, leader=null, voted=omNode-1, raftlog=omNode-1@group-523986131536-SegmentedRaftLog:OPENED:c58, conf=57: [omNode-3|rpc:localhost:38017|admin:|client:|dataStream:|priority:0, omNode-1|rpc:localhost:35389|admin:|client:|dataStream:|priority:0, omNode-2|rpc:localhost:45203|admin:|client:|dataStream:|priority:0], old=null
2022-10-18 21:56:05,457 [omNode-3@group-523986131536-LeaderElection12] INFO  impl.LeaderElection (LeaderElection.java:logAndReturn(90)) - omNode-3@group-523986131536-LeaderElection12: ELECTION REJECTED received 2 response(s) and 0 exception(s):
2022-10-18 21:56:05,457 [omNode-3@group-523986131536-LeaderElection12] INFO  impl.LeaderElection (LeaderElection.java:logAndReturn(94)) -   Response 0: omNode-3<-omNode-1#0:FAIL-t4
2022-10-18 21:56:05,457 [omNode-3@group-523986131536-LeaderElection12] INFO  impl.LeaderElection (LeaderElection.java:logAndReturn(94)) -   Response 1: omNode-3<-omNode-2#0:FAIL-t4
2022-10-18 21:56:05,457 [omNode-3@group-523986131536-LeaderElection12] INFO  impl.LeaderElection (LeaderElection.java:askForVotes(312)) - omNode-3@group-523986131536-LeaderElection12 ELECTION round 0: result REJECTED
2022-10-18 21:56:05,457 [omNode-3@group-523986131536-LeaderElection12] INFO  server.RaftServer$Division (RaftServerImpl.java:setRole(299)) - omNode-3@group-523986131536: changes role from CANDIDATE to FOLLOWER at term 4 for REJECTED
2022-10-18 21:56:05,457 [omNode-3@group-523986131536-LeaderElection12] INFO  impl.RoleInfo (RoleInfo.java:shutdownLeaderElection(130)) - omNode-3: shutdown omNode-3@group-523986131536-LeaderElection12
2022-10-18 21:56:05,457 [omNode-3@group-523986131536-LeaderElection12] INFO  impl.RoleInfo (RoleInfo.java:updateAndGet(139)) - omNode-3: start omNode-3@group-523986131536-FollowerState
2022-10-18 21:56:05,459 [Listener at localhost/39907] INFO  reflections.Reflections (Reflections.java:scan(232)) - Reflections took 404 ms to scan 19 urls, producing 67 keys and 4244 values [using 4 cores]
2022-10-18 21:56:05,461 [Listener at localhost/39907] INFO  ipc.CallQueueManager (CallQueueManager.java:<init>(90)) - Using callQueue: class java.util.concurrent.LinkedBlockingQueue, queueCapacity: 2000, scheduler: class org.apache.hadoop.ipc.DefaultRpcScheduler, ipcBackoff: false.
2022-10-18 21:56:05,461 [Socket Reader #1 for port 45943] INFO  ipc.Server (Server.java:run(1273)) - Starting Socket Reader #1 for port 45943
2022-10-18 21:56:05,464 [Listener at localhost/45943] INFO  http.BaseHttpServer (BaseHttpServer.java:newHttpServer2BuilderForOzone(213)) - Starting Web-server for ozoneManager at: http://0.0.0.0:33741
2022-10-18 21:56:05,464 [Listener at localhost/45943] INFO  http.BaseHttpServer (BaseHttpServer.java:<init>(108)) - Hadoop Security Enabled: false Ozone Security Enabled: false Ozone HTTP Security Enabled: false 
2022-10-18 21:56:05,465 [Listener at localhost/45943] WARN  server.AuthenticationFilter (AuthenticationFilter.java:constructSecretProvider(240)) - Unable to initialize FileSignerSecretProvider, falling back to use random secrets. Reason: Could not read signature secret file: /home/runner/hadoop-http-auth-signature-secret
2022-10-18 21:56:05,465 [Listener at localhost/45943] WARN  http.HttpRequestLog (HttpRequestLog.java:getRequestLog(103)) - Jetty request log can only be enabled using Log4j
2022-10-18 21:56:05,467 [Listener at localhost/45943] INFO  http.HttpServer2 (HttpServer2.java:addGlobalFilter(1031)) - Added global filter 'safety' (class=org.apache.hadoop.hdds.server.http.HttpServer2$QuotingInputFilter)
2022-10-18 21:56:05,467 [Listener at localhost/45943] INFO  http.HttpServer2 (HttpServer2.java:addFilter(1007)) - Added filter static_user_filter (class=org.apache.hadoop.http.lib.StaticUserWebFilter$StaticUserFilter) to context ozoneManager
2022-10-18 21:56:05,467 [Listener at localhost/45943] INFO  http.HttpServer2 (HttpServer2.java:addFilter(1015)) - Added filter static_user_filter (class=org.apache.hadoop.http.lib.StaticUserWebFilter$StaticUserFilter) to context logs
2022-10-18 21:56:05,467 [Listener at localhost/45943] INFO  http.HttpServer2 (HttpServer2.java:addFilter(1015)) - Added filter static_user_filter (class=org.apache.hadoop.http.lib.StaticUserWebFilter$StaticUserFilter) to context static
2022-10-18 21:56:05,468 [Listener at localhost/45943] INFO  http.HttpServer2 (HttpServer2.java:bindListener(1250)) - Jetty bound to port 33741
2022-10-18 21:56:05,468 [Listener at localhost/45943] INFO  server.Server (Server.java:doStart(375)) - jetty-9.4.43.v20210629; built: 2021-06-30T11:07:22.254Z; git: 526006ecfa3af7f1a27ef3a288e2bef7ea9dd7e8; jvm 1.8.0_345-b01
2022-10-18 21:56:05,469 [Listener at localhost/45943] INFO  server.session (DefaultSessionIdManager.java:doStart(334)) - DefaultSessionIdManager workerName=node0
2022-10-18 21:56:05,469 [Listener at localhost/45943] INFO  server.session (DefaultSessionIdManager.java:doStart(339)) - No SessionScavenger set, using defaults
2022-10-18 21:56:05,469 [Listener at localhost/45943] INFO  server.session (HouseKeeper.java:startScavenging(132)) - node0 Scavenging every 600000ms
2022-10-18 21:56:05,470 [Listener at localhost/45943] INFO  handler.ContextHandler (ContextHandler.java:doStart(915)) - Started o.e.j.s.ServletContextHandler@2e263107{logs,/logs,file:///home/runner/work/ozone/ozone/hadoop-ozone/integration-test/target/log,AVAILABLE}
2022-10-18 21:56:05,470 [Listener at localhost/45943] INFO  handler.ContextHandler (ContextHandler.java:doStart(915)) - Started o.e.j.s.ServletContextHandler@7c8fed20{static,/static,file:///home/runner/work/ozone/ozone/hadoop-ozone/integration-test/target/test-classes/webapps/static,AVAILABLE}
2022-10-18 21:56:05,473 [Listener at localhost/45943] INFO  handler.ContextHandler (ContextHandler.java:doStart(915)) - Started o.e.j.w.WebAppContext@11861ce0{ozoneManager,/,file:///home/runner/work/ozone/ozone/hadoop-ozone/integration-test/target/test-classes/webapps/ozoneManager/,AVAILABLE}{file:/home/runner/work/ozone/ozone/hadoop-ozone/integration-test/target/test-classes/webapps/ozoneManager}
2022-10-18 21:56:05,475 [Listener at localhost/45943] INFO  server.AbstractConnector (AbstractConnector.java:doStart(331)) - Started ServerConnector@623d3fd{HTTP/1.1, (http/1.1)}{0.0.0.0:33741}
2022-10-18 21:56:05,475 [Listener at localhost/45943] INFO  server.Server (Server.java:doStart(415)) - Started @48194ms
2022-10-18 21:56:05,475 [Listener at localhost/45943] WARN  impl.MetricsSystemImpl (MetricsSystemImpl.java:register(279)) - Sink prometheus already exists!
2022-10-18 21:56:05,476 [Listener at localhost/45943] INFO  http.BaseHttpServer (BaseHttpServer.java:updateConnectorAddress(333)) - HTTP server of ozoneManager listening at http://0.0.0.0:33741
2022-10-18 21:56:05,476 [IPC Server Responder] INFO  ipc.Server (Server.java:run(1512)) - IPC Server Responder: starting
2022-10-18 21:56:05,476 [IPC Server listener on 45943] INFO  ipc.Server (Server.java:run(1352)) - IPC Server listener on 45943: starting
2022-10-18 21:56:05,478 [Listener at localhost/45943] INFO  om.OzoneManager (OzoneManager.java:startTrashEmptier(1919)) - Trash Interval set to 0. Files deleted won't move to trash
2022-10-18 21:56:05,479 [org.apache.hadoop.util.JvmPauseMonitor$Monitor@3efae691] INFO  util.JvmPauseMonitor (JvmPauseMonitor.java:run(188)) - Starting JVM pause monitor
]]></system-out>
    <system-err><![CDATA[Oct 18, 2022 9:56:05 PM org.apache.ratis.thirdparty.io.grpc.internal.ManagedChannelOrphanWrapper$ManagedChannelReference cleanQueue
SEVERE: *~*~*~ Channel ManagedChannelImpl{logId=102, target=10.1.0.49:35623} was not shutdown properly!!! ~*~*~*
    Make sure to call shutdown()/shutdownNow() and wait until awaitTermination() returns true.
java.lang.RuntimeException: ManagedChannel allocation site
	at org.apache.ratis.thirdparty.io.grpc.internal.ManagedChannelOrphanWrapper$ManagedChannelReference.<init>(ManagedChannelOrphanWrapper.java:93)
	at org.apache.ratis.thirdparty.io.grpc.internal.ManagedChannelOrphanWrapper.<init>(ManagedChannelOrphanWrapper.java:53)
	at org.apache.ratis.thirdparty.io.grpc.internal.ManagedChannelOrphanWrapper.<init>(ManagedChannelOrphanWrapper.java:44)
	at org.apache.ratis.thirdparty.io.grpc.internal.ManagedChannelImplBuilder.build(ManagedChannelImplBuilder.java:630)
	at org.apache.ratis.thirdparty.io.grpc.internal.AbstractManagedChannelImplBuilder.build(AbstractManagedChannelImplBuilder.java:297)
	at org.apache.hadoop.hdds.scm.XceiverClientGrpc.connectToDatanode(XceiverClientGrpc.java:205)
	at org.apache.hadoop.hdds.scm.XceiverClientGrpc.connect(XceiverClientGrpc.java:158)
	at org.apache.hadoop.hdds.scm.XceiverClientManager$2.call(XceiverClientManager.java:243)
	at org.apache.hadoop.hdds.scm.XceiverClientManager$2.call(XceiverClientManager.java:224)
	at com.google.common.cache.LocalCache$LocalManualCache$1.load(LocalCache.java:4868)
	at com.google.common.cache.LocalCache$LoadingValueReference.loadFuture(LocalCache.java:3533)
	at com.google.common.cache.LocalCache$Segment.loadSync(LocalCache.java:2282)
	at com.google.common.cache.LocalCache$Segment.lockedGetOrLoad(LocalCache.java:2159)
	at com.google.common.cache.LocalCache$Segment.get(LocalCache.java:2049)
	at com.google.common.cache.LocalCache.get(LocalCache.java:3966)
	at com.google.common.cache.LocalCache$LocalManualCache.get(LocalCache.java:4863)
	at org.apache.hadoop.hdds.scm.XceiverClientManager.getClient(XceiverClientManager.java:224)
	at org.apache.hadoop.hdds.scm.XceiverClientManager.acquireClient(XceiverClientManager.java:168)
	at org.apache.hadoop.hdds.scm.XceiverClientManager.acquireClientForReadData(XceiverClientManager.java:157)
	at org.apache.hadoop.hdds.scm.storage.BlockInputStream.acquireClient(BlockInputStream.java:256)
	at org.apache.hadoop.hdds.scm.storage.BlockInputStream.getChunkInfos(BlockInputStream.java:223)
	at org.apache.hadoop.hdds.scm.storage.BlockInputStream.initialize(BlockInputStream.java:146)
	at org.apache.hadoop.hdds.scm.storage.BlockInputStream.readWithStrategy(BlockInputStream.java:283)
	at org.apache.hadoop.hdds.scm.storage.ExtendedInputStream.read(ExtendedInputStream.java:54)
	at org.apache.hadoop.hdds.scm.storage.ByteArrayReader.readFromBlock(ByteArrayReader.java:57)
	at org.apache.hadoop.ozone.client.io.KeyInputStream.readWithStrategy(KeyInputStream.java:273)
	at org.apache.hadoop.ozone.client.io.KeyInputStream.read(KeyInputStream.java:240)
	at org.apache.hadoop.ozone.client.io.OzoneInputStream.read(OzoneInputStream.java:56)
	at java.io.InputStream.read(InputStream.java:101)
	at org.apache.hadoop.ozone.om.TestOzoneManagerHAWithData.createMultipartKeyAndReadKey(TestOzoneManagerHAWithData.java:315)
	at org.apache.hadoop.ozone.om.TestOzoneManagerHAWithData.testMultipartUpload(TestOzoneManagerHAWithData.java:102)
	at sun.reflect.NativeMethodAccessorImpl.invoke0(Native Method)
	at sun.reflect.NativeMethodAccessorImpl.invoke(NativeMethodAccessorImpl.java:62)
	at sun.reflect.DelegatingMethodAccessorImpl.invoke(DelegatingMethodAccessorImpl.java:43)
	at java.lang.reflect.Method.invoke(Method.java:498)
	at org.junit.platform.commons.util.ReflectionUtils.invokeMethod(ReflectionUtils.java:725)
	at org.junit.jupiter.engine.execution.MethodInvocation.proceed(MethodInvocation.java:60)
	at org.junit.jupiter.engine.execution.InvocationInterceptorChain$ValidatingInvocation.proceed(InvocationInterceptorChain.java:131)
	at org.junit.jupiter.engine.extension.TimeoutInvocation.proceed(TimeoutInvocation.java:46)
	at org.junit.jupiter.engine.extension.TimeoutExtension.intercept(TimeoutExtension.java:149)
	at org.junit.jupiter.engine.extension.TimeoutExtension.interceptTestableMethod(TimeoutExtension.java:140)
	at org.junit.jupiter.engine.extension.TimeoutExtension.interceptTestMethod(TimeoutExtension.java:84)
	at org.junit.jupiter.engine.execution.ExecutableInvoker$ReflectiveInterceptorCall.lambda$ofVoidMethod$0(ExecutableInvoker.java:115)
	at org.junit.jupiter.engine.execution.ExecutableInvoker.lambda$invoke$0(ExecutableInvoker.java:105)
	at org.junit.jupiter.engine.execution.InvocationInterceptorChain$InterceptedInvocation.proceed(InvocationInterceptorChain.java:106)
	at org.junit.jupiter.engine.execution.InvocationInterceptorChain.proceed(InvocationInterceptorChain.java:64)
	at org.junit.jupiter.engine.execution.InvocationInterceptorChain.chainAndInvoke(InvocationInterceptorChain.java:45)
	at org.junit.jupiter.engine.execution.InvocationInterceptorChain.invoke(InvocationInterceptorChain.java:37)
	at org.junit.jupiter.engine.execution.ExecutableInvoker.invoke(ExecutableInvoker.java:104)
	at org.junit.jupiter.engine.execution.ExecutableInvoker.invoke(ExecutableInvoker.java:98)
	at org.junit.jupiter.engine.descriptor.TestMethodTestDescriptor.lambda$invokeTestMethod$7(TestMethodTestDescriptor.java:214)
	at org.junit.platform.engine.support.hierarchical.ThrowableCollector.execute(ThrowableCollector.java:73)
	at org.junit.jupiter.engine.descriptor.TestMethodTestDescriptor.invokeTestMethod(TestMethodTestDescriptor.java:210)
	at org.junit.jupiter.engine.descriptor.TestMethodTestDescriptor.execute(TestMethodTestDescriptor.java:135)
	at org.junit.jupiter.engine.descriptor.TestMethodTestDescriptor.execute(TestMethodTestDescriptor.java:66)
	at org.junit.platform.engine.support.hierarchical.NodeTestTask.lambda$executeRecursively$6(NodeTestTask.java:151)
	at org.junit.platform.engine.support.hierarchical.ThrowableCollector.execute(ThrowableCollector.java:73)
	at org.junit.platform.engine.support.hierarchical.NodeTestTask.lambda$executeRecursively$8(NodeTestTask.java:141)
	at org.junit.platform.engine.support.hierarchical.Node.around(Node.java:137)
	at org.junit.platform.engine.support.hierarchical.NodeTestTask.lambda$executeRecursively$9(NodeTestTask.java:139)
	at org.junit.platform.engine.support.hierarchical.ThrowableCollector.execute(ThrowableCollector.java:73)
	at org.junit.platform.engine.support.hierarchical.NodeTestTask.executeRecursively(NodeTestTask.java:138)
	at org.junit.platform.engine.support.hierarchical.NodeTestTask.execute(NodeTestTask.java:95)
	at java.util.ArrayList.forEach(ArrayList.java:1259)
	at org.junit.platform.engine.support.hierarchical.SameThreadHierarchicalTestExecutorService.invokeAll(SameThreadHierarchicalTestExecutorService.java:41)
	at org.junit.platform.engine.support.hierarchical.NodeTestTask.lambda$executeRecursively$6(NodeTestTask.java:155)
	at org.junit.platform.engine.support.hierarchical.ThrowableCollector.execute(ThrowableCollector.java:73)
	at org.junit.platform.engine.support.hierarchical.NodeTestTask.lambda$executeRecursively$8(NodeTestTask.java:141)
	at org.junit.platform.engine.support.hierarchical.Node.around(Node.java:137)
	at org.junit.platform.engine.support.hierarchical.NodeTestTask.lambda$executeRecursively$9(NodeTestTask.java:139)
	at org.junit.platform.engine.support.hierarchical.ThrowableCollector.execute(ThrowableCollector.java:73)
	at org.junit.platform.engine.support.hierarchical.NodeTestTask.executeRecursively(NodeTestTask.java:138)
	at org.junit.platform.engine.support.hierarchical.NodeTestTask.execute(NodeTestTask.java:95)
	at java.util.ArrayList.forEach(ArrayList.java:1259)
	at org.junit.platform.engine.support.hierarchical.SameThreadHierarchicalTestExecutorService.invokeAll(SameThreadHierarchicalTestExecutorService.java:41)
	at org.junit.platform.engine.support.hierarchical.NodeTestTask.lambda$executeRecursively$6(NodeTestTask.java:155)
	at org.junit.platform.engine.support.hierarchical.ThrowableCollector.execute(ThrowableCollector.java:73)
	at org.junit.platform.engine.support.hierarchical.NodeTestTask.lambda$executeRecursively$8(NodeTestTask.java:141)
	at org.junit.platform.engine.support.hierarchical.Node.around(Node.java:137)
	at org.junit.platform.engine.support.hierarchical.NodeTestTask.lambda$executeRecursively$9(NodeTestTask.java:139)
	at org.junit.platform.engine.support.hierarchical.ThrowableCollector.execute(ThrowableCollector.java:73)
	at org.junit.platform.engine.support.hierarchical.NodeTestTask.executeRecursively(NodeTestTask.java:138)
	at org.junit.platform.engine.support.hierarchical.NodeTestTask.execute(NodeTestTask.java:95)
	at org.junit.platform.engine.support.hierarchical.SameThreadHierarchicalTestExecutorService.submit(SameThreadHierarchicalTestExecutorService.java:35)
	at org.junit.platform.engine.support.hierarchical.HierarchicalTestExecutor.execute(HierarchicalTestExecutor.java:57)
	at org.junit.platform.engine.support.hierarchical.HierarchicalTestEngine.execute(HierarchicalTestEngine.java:54)
	at org.junit.platform.launcher.core.EngineExecutionOrchestrator.execute(EngineExecutionOrchestrator.java:107)
	at org.junit.platform.launcher.core.EngineExecutionOrchestrator.execute(EngineExecutionOrchestrator.java:88)
	at org.junit.platform.launcher.core.EngineExecutionOrchestrator.lambda$execute$0(EngineExecutionOrchestrator.java:54)
	at org.junit.platform.launcher.core.EngineExecutionOrchestrator.withInterceptedStreams(EngineExecutionOrchestrator.java:67)
	at org.junit.platform.launcher.core.EngineExecutionOrchestrator.execute(EngineExecutionOrchestrator.java:52)
	at org.junit.platform.launcher.core.DefaultLauncher.execute(DefaultLauncher.java:114)
	at org.junit.platform.launcher.core.DefaultLauncher.execute(DefaultLauncher.java:86)
	at org.junit.platform.launcher.core.DefaultLauncherSession$DelegatingLauncher.execute(DefaultLauncherSession.java:86)
	at org.junit.platform.launcher.core.SessionPerRequestLauncher.execute(SessionPerRequestLauncher.java:53)
	at org.apache.maven.surefire.junitplatform.JUnitPlatformProvider.execute(JUnitPlatformProvider.java:188)
	at org.apache.maven.surefire.junitplatform.JUnitPlatformProvider.invokeAllTests(JUnitPlatformProvider.java:154)
	at org.apache.maven.surefire.junitplatform.JUnitPlatformProvider.invoke(JUnitPlatformProvider.java:124)
	at org.apache.maven.surefire.booter.ForkedBooter.runSuitesInProcess(ForkedBooter.java:428)
	at org.apache.maven.surefire.booter.ForkedBooter.execute(ForkedBooter.java:162)
	at org.apache.maven.surefire.booter.ForkedBooter.run(ForkedBooter.java:562)
	at org.apache.maven.surefire.booter.ForkedBooter.main(ForkedBooter.java:548)

]]></system-err>
  </testcase>
  <testcase name="testFileOperationsAndDelete" classname="org.apache.hadoop.ozone.om.TestOzoneManagerHAWithData" time="3.732">
    <error type="java.lang.RuntimeException"><![CDATA[java.lang.RuntimeException: java.util.concurrent.ExecutionException: java.lang.IllegalStateException: zip file closed
	at org.reflections.Reflections.scan(Reflections.java:213)
	at org.reflections.Reflections.<init>(Reflections.java:123)
	at org.apache.hadoop.ozone.om.request.validation.ValidatorRegistry.<init>(ValidatorRegistry.java:71)
	at org.apache.hadoop.ozone.om.request.validation.ValidatorRegistry.<init>(ValidatorRegistry.java:59)
	at org.apache.hadoop.ozone.om.request.validation.RequestValidations.load(RequestValidations.java:59)
	at org.apache.hadoop.ozone.protocolPB.OzoneManagerProtocolServerSideTranslatorPB.<init>(OzoneManagerProtocolServerSideTranslatorPB.java:127)
	at org.apache.hadoop.ozone.om.OzoneManager.getRpcServer(OzoneManager.java:1118)
	at org.apache.hadoop.ozone.om.OzoneManager.restart(OzoneManager.java:1609)
	at org.apache.hadoop.ozone.MiniOzoneHAClusterImpl.restartOzoneManager(MiniOzoneHAClusterImpl.java:229)
	at org.apache.hadoop.ozone.om.TestOzoneManagerHA.resetCluster(TestOzoneManagerHA.java:188)
	at sun.reflect.NativeMethodAccessorImpl.invoke0(Native Method)
	at sun.reflect.NativeMethodAccessorImpl.invoke(NativeMethodAccessorImpl.java:62)
	at sun.reflect.DelegatingMethodAccessorImpl.invoke(DelegatingMethodAccessorImpl.java:43)
	at java.lang.reflect.Method.invoke(Method.java:498)
	at org.junit.platform.commons.util.ReflectionUtils.invokeMethod(ReflectionUtils.java:725)
	at org.junit.jupiter.engine.execution.MethodInvocation.proceed(MethodInvocation.java:60)
	at org.junit.jupiter.engine.execution.InvocationInterceptorChain$ValidatingInvocation.proceed(InvocationInterceptorChain.java:131)
	at org.junit.jupiter.engine.extension.TimeoutExtension.intercept(TimeoutExtension.java:149)
	at org.junit.jupiter.engine.extension.TimeoutExtension.interceptLifecycleMethod(TimeoutExtension.java:126)
	at org.junit.jupiter.engine.extension.TimeoutExtension.interceptAfterEachMethod(TimeoutExtension.java:108)
	at org.junit.jupiter.engine.execution.ExecutableInvoker$ReflectiveInterceptorCall.lambda$ofVoidMethod$0(ExecutableInvoker.java:115)
	at org.junit.jupiter.engine.execution.ExecutableInvoker.lambda$invoke$0(ExecutableInvoker.java:105)
	at org.junit.jupiter.engine.execution.InvocationInterceptorChain$InterceptedInvocation.proceed(InvocationInterceptorChain.java:106)
	at org.junit.jupiter.engine.execution.InvocationInterceptorChain.proceed(InvocationInterceptorChain.java:64)
	at org.junit.jupiter.engine.execution.InvocationInterceptorChain.chainAndInvoke(InvocationInterceptorChain.java:45)
	at org.junit.jupiter.engine.execution.InvocationInterceptorChain.invoke(InvocationInterceptorChain.java:37)
	at org.junit.jupiter.engine.execution.ExecutableInvoker.invoke(ExecutableInvoker.java:104)
	at org.junit.jupiter.engine.execution.ExecutableInvoker.invoke(ExecutableInvoker.java:98)
	at org.junit.jupiter.engine.descriptor.ClassBasedTestDescriptor.invokeMethodInExtensionContext(ClassBasedTestDescriptor.java:506)
	at org.junit.jupiter.engine.descriptor.ClassBasedTestDescriptor.lambda$synthesizeAfterEachMethodAdapter$22(ClassBasedTestDescriptor.java:496)
	at org.junit.jupiter.engine.descriptor.TestMethodTestDescriptor.lambda$invokeAfterEachMethods$10(TestMethodTestDescriptor.java:240)
	at org.junit.jupiter.engine.descriptor.TestMethodTestDescriptor.lambda$invokeAllAfterMethodsOrCallbacks$13(TestMethodTestDescriptor.java:273)
	at org.junit.platform.engine.support.hierarchical.ThrowableCollector.execute(ThrowableCollector.java:73)
	at org.junit.jupiter.engine.descriptor.TestMethodTestDescriptor.lambda$invokeAllAfterMethodsOrCallbacks$14(TestMethodTestDescriptor.java:273)
	at java.util.ArrayList.forEach(ArrayList.java:1259)
	at org.junit.jupiter.engine.descriptor.TestMethodTestDescriptor.invokeAllAfterMethodsOrCallbacks(TestMethodTestDescriptor.java:272)
	at org.junit.jupiter.engine.descriptor.TestMethodTestDescriptor.invokeAfterEachMethods(TestMethodTestDescriptor.java:238)
	at org.junit.jupiter.engine.descriptor.TestMethodTestDescriptor.execute(TestMethodTestDescriptor.java:139)
	at org.junit.jupiter.engine.descriptor.TestMethodTestDescriptor.execute(TestMethodTestDescriptor.java:66)
	at org.junit.platform.engine.support.hierarchical.NodeTestTask.lambda$executeRecursively$6(NodeTestTask.java:151)
	at org.junit.platform.engine.support.hierarchical.ThrowableCollector.execute(ThrowableCollector.java:73)
	at org.junit.platform.engine.support.hierarchical.NodeTestTask.lambda$executeRecursively$8(NodeTestTask.java:141)
	at org.junit.platform.engine.support.hierarchical.Node.around(Node.java:137)
	at org.junit.platform.engine.support.hierarchical.NodeTestTask.lambda$executeRecursively$9(NodeTestTask.java:139)
	at org.junit.platform.engine.support.hierarchical.ThrowableCollector.execute(ThrowableCollector.java:73)
	at org.junit.platform.engine.support.hierarchical.NodeTestTask.executeRecursively(NodeTestTask.java:138)
	at org.junit.platform.engine.support.hierarchical.NodeTestTask.execute(NodeTestTask.java:95)
	at java.util.ArrayList.forEach(ArrayList.java:1259)
	at org.junit.platform.engine.support.hierarchical.SameThreadHierarchicalTestExecutorService.invokeAll(SameThreadHierarchicalTestExecutorService.java:41)
	at org.junit.platform.engine.support.hierarchical.NodeTestTask.lambda$executeRecursively$6(NodeTestTask.java:155)
	at org.junit.platform.engine.support.hierarchical.ThrowableCollector.execute(ThrowableCollector.java:73)
	at org.junit.platform.engine.support.hierarchical.NodeTestTask.lambda$executeRecursively$8(NodeTestTask.java:141)
	at org.junit.platform.engine.support.hierarchical.Node.around(Node.java:137)
	at org.junit.platform.engine.support.hierarchical.NodeTestTask.lambda$executeRecursively$9(NodeTestTask.java:139)
	at org.junit.platform.engine.support.hierarchical.ThrowableCollector.execute(ThrowableCollector.java:73)
	at org.junit.platform.engine.support.hierarchical.NodeTestTask.executeRecursively(NodeTestTask.java:138)
	at org.junit.platform.engine.support.hierarchical.NodeTestTask.execute(NodeTestTask.java:95)
	at java.util.ArrayList.forEach(ArrayList.java:1259)
	at org.junit.platform.engine.support.hierarchical.SameThreadHierarchicalTestExecutorService.invokeAll(SameThreadHierarchicalTestExecutorService.java:41)
	at org.junit.platform.engine.support.hierarchical.NodeTestTask.lambda$executeRecursively$6(NodeTestTask.java:155)
	at org.junit.platform.engine.support.hierarchical.ThrowableCollector.execute(ThrowableCollector.java:73)
	at org.junit.platform.engine.support.hierarchical.NodeTestTask.lambda$executeRecursively$8(NodeTestTask.java:141)
	at org.junit.platform.engine.support.hierarchical.Node.around(Node.java:137)
	at org.junit.platform.engine.support.hierarchical.NodeTestTask.lambda$executeRecursively$9(NodeTestTask.java:139)
	at org.junit.platform.engine.support.hierarchical.ThrowableCollector.execute(ThrowableCollector.java:73)
	at org.junit.platform.engine.support.hierarchical.NodeTestTask.executeRecursively(NodeTestTask.java:138)
	at org.junit.platform.engine.support.hierarchical.NodeTestTask.execute(NodeTestTask.java:95)
	at org.junit.platform.engine.support.hierarchical.SameThreadHierarchicalTestExecutorService.submit(SameThreadHierarchicalTestExecutorService.java:35)
	at org.junit.platform.engine.support.hierarchical.HierarchicalTestExecutor.execute(HierarchicalTestExecutor.java:57)
	at org.junit.platform.engine.support.hierarchical.HierarchicalTestEngine.execute(HierarchicalTestEngine.java:54)
	at org.junit.platform.launcher.core.EngineExecutionOrchestrator.execute(EngineExecutionOrchestrator.java:107)
	at org.junit.platform.launcher.core.EngineExecutionOrchestrator.execute(EngineExecutionOrchestrator.java:88)
	at org.junit.platform.launcher.core.EngineExecutionOrchestrator.lambda$execute$0(EngineExecutionOrchestrator.java:54)
	at org.junit.platform.launcher.core.EngineExecutionOrchestrator.withInterceptedStreams(EngineExecutionOrchestrator.java:67)
	at org.junit.platform.launcher.core.EngineExecutionOrchestrator.execute(EngineExecutionOrchestrator.java:52)
	at org.junit.platform.launcher.core.DefaultLauncher.execute(DefaultLauncher.java:114)
	at org.junit.platform.launcher.core.DefaultLauncher.execute(DefaultLauncher.java:86)
	at org.junit.platform.launcher.core.DefaultLauncherSession$DelegatingLauncher.execute(DefaultLauncherSession.java:86)
	at org.junit.platform.launcher.core.SessionPerRequestLauncher.execute(SessionPerRequestLauncher.java:53)
	at org.apache.maven.surefire.junitplatform.JUnitPlatformProvider.execute(JUnitPlatformProvider.java:188)
	at org.apache.maven.surefire.junitplatform.JUnitPlatformProvider.invokeAllTests(JUnitPlatformProvider.java:154)
	at org.apache.maven.surefire.junitplatform.JUnitPlatformProvider.invoke(JUnitPlatformProvider.java:124)
	at org.apache.maven.surefire.booter.ForkedBooter.runSuitesInProcess(ForkedBooter.java:428)
	at org.apache.maven.surefire.booter.ForkedBooter.execute(ForkedBooter.java:162)
	at org.apache.maven.surefire.booter.ForkedBooter.run(ForkedBooter.java:562)
	at org.apache.maven.surefire.booter.ForkedBooter.main(ForkedBooter.java:548)
Caused by: java.util.concurrent.ExecutionException: java.lang.IllegalStateException: zip file closed
	at java.util.concurrent.FutureTask.report(FutureTask.java:122)
	at java.util.concurrent.FutureTask.get(FutureTask.java:192)
	... 86 more
Caused by: java.lang.IllegalStateException: zip file closed
	at java.util.zip.ZipFile.ensureOpen(ZipFile.java:690)
	at java.util.zip.ZipFile.access$200(ZipFile.java:61)
	at java.util.zip.ZipFile$ZipEntryIterator.hasNext(ZipFile.java:512)
	at java.util.zip.ZipFile$ZipEntryIterator.hasMoreElements(ZipFile.java:507)
	at java.util.jar.JarFile$JarEntryIterator.hasNext(JarFile.java:264)
	at java.util.jar.JarFile$JarEntryIterator.hasMoreElements(JarFile.java:273)
	at org.reflections.vfs.ZipDir$1$1.computeNext(ZipDir.java:30)
	at org.reflections.vfs.ZipDir$1$1.computeNext(ZipDir.java:26)
	at com.google.common.collect.AbstractIterator.tryToComputeNext(AbstractIterator.java:146)
	at com.google.common.collect.AbstractIterator.hasNext(AbstractIterator.java:141)
	at org.reflections.Reflections.scan(Reflections.java:243)
	at org.reflections.Reflections$1.run(Reflections.java:198)
	at java.util.concurrent.Executors$RunnableAdapter.call(Executors.java:511)
	at java.util.concurrent.FutureTask.run(FutureTask.java:266)
	at java.util.concurrent.ThreadPoolExecutor.runWorker(ThreadPoolExecutor.java:1149)
	at java.util.concurrent.ThreadPoolExecutor$Worker.run(ThreadPoolExecutor.java:624)
	at java.lang.Thread.run(Thread.java:750)
]]></error>
    <system-out><![CDATA[2022-10-18 21:56:05,489 [Listener at localhost/45943] INFO  rpc.RpcClient (RpcClient.java:createVolume(471)) - Creating Volume: volume64041, with user65773 as owner and space quota set to -1 bytes, counts quota set to -1
2022-10-18 21:56:05,490 [Listener at localhost/45943] INFO  retry.RetryInvocationHandler (RetryInvocationHandler.java:log(411)) - com.google.protobuf.ServiceException: java.io.EOFException: End of File Exception between local host is: "fv-az368-376/10.1.0.49"; destination host is: "localhost":39907; : java.io.EOFException; For more details see:  http://wiki.apache.org/hadoop/EOFException, while invoking $Proxy55.submitRequest over nodeId=omNode-1,nodeAddress=127.0.0.1:39907. Trying to failover immediately.
2022-10-18 21:56:05,493 [Listener at localhost/45943] INFO  retry.RetryInvocationHandler (RetryInvocationHandler.java:log(411)) - com.google.protobuf.ServiceException: org.apache.hadoop.ipc.RemoteException(org.apache.hadoop.ozone.om.exceptions.OMNotLeaderException): OM:omNode-2 is not the leader. Could not determine the leader node.
	at org.apache.hadoop.ozone.om.OzoneManager.checkLeaderStatus(OzoneManager.java:4115)
	at org.apache.hadoop.ozone.om.ratis.utils.OzoneManagerRatisUtils.checkLeaderStatus(OzoneManagerRatisUtils.java:446)
	at org.apache.hadoop.ozone.protocolPB.OzoneManagerProtocolServerSideTranslatorPB.processRequest(OzoneManagerProtocolServerSideTranslatorPB.java:181)
	at org.apache.hadoop.hdds.server.OzoneProtocolMessageDispatcher.processRequest(OzoneProtocolMessageDispatcher.java:87)
	at org.apache.hadoop.ozone.protocolPB.OzoneManagerProtocolServerSideTranslatorPB.submitRequest(OzoneManagerProtocolServerSideTranslatorPB.java:147)
	at org.apache.hadoop.ozone.protocol.proto.OzoneManagerProtocolProtos$OzoneManagerService$2.callBlockingMethod(OzoneManagerProtocolProtos.java)
	at org.apache.hadoop.ipc.ProtobufRpcEngine$Server.processCall(ProtobufRpcEngine.java:465)
	at org.apache.hadoop.ipc.ProtobufRpcEngine2$Server$ProtoBufRpcInvoker.call(ProtobufRpcEngine2.java:578)
	at org.apache.hadoop.ipc.ProtobufRpcEngine2$Server$ProtoBufRpcInvoker.call(ProtobufRpcEngine2.java:556)
	at org.apache.hadoop.ipc.RPC$Server.call(RPC.java:1093)
	at org.apache.hadoop.ipc.Server$RpcCall.run(Server.java:1043)
	at org.apache.hadoop.ipc.Server$RpcCall.run(Server.java:971)
	at java.security.AccessController.doPrivileged(Native Method)
	at javax.security.auth.Subject.doAs(Subject.java:422)
	at org.apache.hadoop.security.UserGroupInformation.doAs(UserGroupInformation.java:1878)
	at org.apache.hadoop.ipc.Server$Handler.run(Server.java:2976)
, while invoking $Proxy55.submitRequest over nodeId=omNode-2,nodeAddress=127.0.0.1:45943 after 1 failover attempts. Trying to failover immediately.
2022-10-18 21:56:05,495 [Listener at localhost/45943] INFO  retry.RetryInvocationHandler (RetryInvocationHandler.java:log(411)) - com.google.protobuf.ServiceException: org.apache.hadoop.ipc.RemoteException(org.apache.hadoop.ozone.om.exceptions.OMNotLeaderException): OM:omNode-3 is not the leader. Could not determine the leader node.
	at org.apache.hadoop.ozone.om.OzoneManager.checkLeaderStatus(OzoneManager.java:4115)
	at org.apache.hadoop.ozone.om.ratis.utils.OzoneManagerRatisUtils.checkLeaderStatus(OzoneManagerRatisUtils.java:446)
	at org.apache.hadoop.ozone.protocolPB.OzoneManagerProtocolServerSideTranslatorPB.processRequest(OzoneManagerProtocolServerSideTranslatorPB.java:181)
	at org.apache.hadoop.hdds.server.OzoneProtocolMessageDispatcher.processRequest(OzoneProtocolMessageDispatcher.java:87)
	at org.apache.hadoop.ozone.protocolPB.OzoneManagerProtocolServerSideTranslatorPB.submitRequest(OzoneManagerProtocolServerSideTranslatorPB.java:147)
	at org.apache.hadoop.ozone.protocol.proto.OzoneManagerProtocolProtos$OzoneManagerService$2.callBlockingMethod(OzoneManagerProtocolProtos.java)
	at org.apache.hadoop.ipc.ProtobufRpcEngine$Server.processCall(ProtobufRpcEngine.java:465)
	at org.apache.hadoop.ipc.ProtobufRpcEngine2$Server$ProtoBufRpcInvoker.call(ProtobufRpcEngine2.java:578)
	at org.apache.hadoop.ipc.ProtobufRpcEngine2$Server$ProtoBufRpcInvoker.call(ProtobufRpcEngine2.java:556)
	at org.apache.hadoop.ipc.RPC$Server.call(RPC.java:1093)
	at org.apache.hadoop.ipc.Server$RpcCall.run(Server.java:1043)
	at org.apache.hadoop.ipc.Server$RpcCall.run(Server.java:971)
	at java.security.AccessController.doPrivileged(Native Method)
	at javax.security.auth.Subject.doAs(Subject.java:422)
	at org.apache.hadoop.security.UserGroupInformation.doAs(UserGroupInformation.java:1878)
	at org.apache.hadoop.ipc.Server$Handler.run(Server.java:2976)
, while invoking $Proxy55.submitRequest over nodeId=omNode-3,nodeAddress=127.0.0.1:43229 after 2 failover attempts. Trying to failover after sleeping for 2000ms.
2022-10-18 21:56:05,836 [omNode-1@group-523986131536-FollowerState] INFO  impl.FollowerState (FollowerState.java:run(143)) - omNode-1@group-523986131536-FollowerState: change to CANDIDATE, lastRpcElapsedTime:1073815451ns, electionTimeout:1072ms
2022-10-18 21:56:05,836 [omNode-1@group-523986131536-FollowerState] INFO  impl.RoleInfo (RoleInfo.java:shutdownFollowerState(110)) - omNode-1: shutdown omNode-1@group-523986131536-FollowerState
2022-10-18 21:56:05,836 [omNode-1@group-523986131536-FollowerState] INFO  server.RaftServer$Division (RaftServerImpl.java:setRole(299)) - omNode-1@group-523986131536: changes role from  FOLLOWER to CANDIDATE at term 4 for changeToCandidate
2022-10-18 21:56:05,836 [omNode-1@group-523986131536-FollowerState] INFO  server.RaftServerConfigKeys (ConfUtils.java:logGet(46)) - raft.server.leaderelection.pre-vote = false (custom)
2022-10-18 21:56:05,836 [omNode-1@group-523986131536-FollowerState] INFO  impl.RoleInfo (RoleInfo.java:updateAndGet(139)) - omNode-1: start omNode-1@group-523986131536-LeaderElection13
2022-10-18 21:56:05,839 [omNode-1@group-523986131536-LeaderElection13] INFO  impl.LeaderElection (LeaderElection.java:askForVotes(310)) - omNode-1@group-523986131536-LeaderElection13 ELECTION round 0: submit vote requests at term 5 for 57: [omNode-3|rpc:localhost:38017|admin:|client:|dataStream:|priority:0, omNode-1|rpc:localhost:35389|admin:|client:|dataStream:|priority:0, omNode-2|rpc:localhost:45203|admin:|client:|dataStream:|priority:0], old=null
2022-10-18 21:56:05,845 [grpc-default-executor-0] INFO  server.RaftServer$Division (RaftServerImpl.java:requestVote(1152)) - omNode-3@group-523986131536: receive requestVote(ELECTION, omNode-1, group-523986131536, 5, (t:4, i:58))
2022-10-18 21:56:05,845 [grpc-default-executor-1] INFO  server.RaftServer$Division (RaftServerImpl.java:requestVote(1152)) - omNode-2@group-523986131536: receive requestVote(ELECTION, omNode-1, group-523986131536, 5, (t:4, i:58))
2022-10-18 21:56:05,845 [grpc-default-executor-0] INFO  impl.VoteContext (VoteContext.java:log(48)) - omNode-3@group-523986131536-FOLLOWER: accept ELECTION from omNode-1: our last entry (t:3, i:56) < candidate's last entry (t:4, i:58)
2022-10-18 21:56:05,845 [grpc-default-executor-1] INFO  impl.VoteContext (VoteContext.java:log(48)) - omNode-2@group-523986131536-FOLLOWER: accept ELECTION from omNode-1: our priority 0 <= candidate's priority 0
2022-10-18 21:56:05,845 [grpc-default-executor-1] INFO  server.RaftServer$Division (RaftServerImpl.java:setRole(299)) - omNode-2@group-523986131536: changes role from  FOLLOWER to FOLLOWER at term 5 for candidate:omNode-1
2022-10-18 21:56:05,845 [grpc-default-executor-1] INFO  impl.RoleInfo (RoleInfo.java:shutdownFollowerState(110)) - omNode-2: shutdown omNode-2@group-523986131536-FollowerState
2022-10-18 21:56:05,845 [grpc-default-executor-1] INFO  impl.RoleInfo (RoleInfo.java:updateAndGet(139)) - omNode-2: start omNode-2@group-523986131536-FollowerState
2022-10-18 21:56:05,846 [omNode-2@group-523986131536-FollowerState] INFO  impl.FollowerState (FollowerState.java:run(152)) - omNode-2@group-523986131536-FollowerState was interrupted
2022-10-18 21:56:05,845 [grpc-default-executor-0] INFO  server.RaftServer$Division (RaftServerImpl.java:setRole(299)) - omNode-3@group-523986131536: changes role from  FOLLOWER to FOLLOWER at term 5 for candidate:omNode-1
2022-10-18 21:56:05,846 [grpc-default-executor-0] INFO  impl.RoleInfo (RoleInfo.java:shutdownFollowerState(110)) - omNode-3: shutdown omNode-3@group-523986131536-FollowerState
2022-10-18 21:56:05,846 [grpc-default-executor-1] INFO  server.RaftServer$Division (RaftServerImpl.java:requestVote(1184)) - omNode-2@group-523986131536 replies to ELECTION vote request: omNode-1<-omNode-2#0:OK-t5. Peer's state: omNode-2@group-523986131536:t5, leader=null, voted=omNode-1, raftlog=omNode-2@group-523986131536-SegmentedRaftLog:OPENED:c58, conf=57: [omNode-3|rpc:localhost:38017|admin:|client:|dataStream:|priority:0, omNode-1|rpc:localhost:35389|admin:|client:|dataStream:|priority:0, omNode-2|rpc:localhost:45203|admin:|client:|dataStream:|priority:0], old=null
2022-10-18 21:56:05,846 [omNode-3@group-523986131536-FollowerState] INFO  impl.FollowerState (FollowerState.java:run(152)) - omNode-3@group-523986131536-FollowerState was interrupted
2022-10-18 21:56:05,846 [grpc-default-executor-0] INFO  impl.RoleInfo (RoleInfo.java:updateAndGet(139)) - omNode-3: start omNode-3@group-523986131536-FollowerState
2022-10-18 21:56:05,849 [grpc-default-executor-0] INFO  server.RaftServer$Division (RaftServerImpl.java:requestVote(1184)) - omNode-3@group-523986131536 replies to ELECTION vote request: omNode-1<-omNode-3#0:OK-t5. Peer's state: omNode-3@group-523986131536:t5, leader=null, voted=omNode-1, raftlog=omNode-3@group-523986131536-SegmentedRaftLog:OPENED:c56, conf=31: [omNode-3|rpc:localhost:38017|admin:|client:|dataStream:|priority:0, omNode-1|rpc:localhost:35389|admin:|client:|dataStream:|priority:0, omNode-2|rpc:localhost:45203|admin:|client:|dataStream:|priority:0], old=null
2022-10-18 21:56:05,849 [omNode-1@group-523986131536-LeaderElection13] INFO  impl.LeaderElection (LeaderElection.java:logAndReturn(90)) - omNode-1@group-523986131536-LeaderElection13: ELECTION PASSED received 1 response(s) and 0 exception(s):
2022-10-18 21:56:05,849 [omNode-1@group-523986131536-LeaderElection13] INFO  impl.LeaderElection (LeaderElection.java:logAndReturn(94)) -   Response 0: omNode-1<-omNode-2#0:OK-t5
2022-10-18 21:56:05,849 [omNode-1@group-523986131536-LeaderElection13] INFO  impl.LeaderElection (LeaderElection.java:askForVotes(312)) - omNode-1@group-523986131536-LeaderElection13 ELECTION round 0: result PASSED
2022-10-18 21:56:05,849 [omNode-1@group-523986131536-LeaderElection13] INFO  impl.RoleInfo (RoleInfo.java:shutdownLeaderElection(130)) - omNode-1: shutdown omNode-1@group-523986131536-LeaderElection13
2022-10-18 21:56:05,849 [omNode-1@group-523986131536-LeaderElection13] INFO  server.RaftServer$Division (RaftServerImpl.java:setRole(299)) - omNode-1@group-523986131536: changes role from CANDIDATE to LEADER at term 5 for changeToLeader
2022-10-18 21:56:05,849 [omNode-1@group-523986131536-LeaderElection13] INFO  server.RaftServer$Division (ServerState.java:setLeader(287)) - omNode-1@group-523986131536: change Leader from null to omNode-1 at term 5 for becomeLeader, leader elected after 1090ms
2022-10-18 21:56:05,849 [omNode-1@group-523986131536-LeaderElection13] INFO  server.RaftServerConfigKeys (ConfUtils.java:logGet(46)) - raft.server.staging.catchup.gap = 1000 (default)
2022-10-18 21:56:05,849 [omNode-1@group-523986131536-LeaderElection13] INFO  server.RaftServerConfigKeys (ConfUtils.java:logGet(46)) - raft.server.write.element-limit = 4096 (default)
2022-10-18 21:56:05,849 [omNode-1@group-523986131536-LeaderElection13] INFO  server.RaftServerConfigKeys (ConfUtils.java:logGet(46)) - raft.server.write.byte-limit = 64MB (=67108864) (default)
2022-10-18 21:56:05,849 [omNode-1@group-523986131536-LeaderElection13] INFO  server.RaftServerConfigKeys (ConfUtils.java:logGet(46)) - raft.server.watch.timeout = 10s (default)
2022-10-18 21:56:05,850 [omNode-1@group-523986131536-LeaderElection13] INFO  server.RaftServerConfigKeys (ConfUtils.java:logGet(46)) - raft.server.watch.timeout.denomination = 1s (default)
2022-10-18 21:56:05,850 [omNode-1@group-523986131536-LeaderElection13] INFO  server.RaftServerConfigKeys (ConfUtils.java:logGet(46)) - raft.server.watch.element-limit = 65536 (default)
2022-10-18 21:56:05,850 [omNode-1@group-523986131536-LeaderElection13] INFO  server.RaftServerConfigKeys (ConfUtils.java:logGet(46)) - raft.server.write.element-limit = 4096 (default)
2022-10-18 21:56:05,850 [omNode-1@group-523986131536-LeaderElection13] INFO  server.RaftServerConfigKeys (ConfUtils.java:logGet(46)) - raft.server.write.follower.gap.ratio.max = -1.0 (default)
2022-10-18 21:56:05,850 [omNode-1@group-523986131536-LeaderElection13] INFO  server.RaftServerConfigKeys (ConfUtils.java:logGet(46)) - raft.server.log.appender.snapshot.chunk.size.max = 16MB (=16777216) (default)
2022-10-18 21:56:05,850 [omNode-1@group-523986131536-LeaderElection13] INFO  server.RaftServerConfigKeys (ConfUtils.java:logGet(46)) - raft.server.log.appender.buffer.byte-limit = 33554432 (custom)
2022-10-18 21:56:05,850 [omNode-1@group-523986131536-LeaderElection13] INFO  server.RaftServerConfigKeys (ConfUtils.java:logGet(46)) - raft.server.log.appender.buffer.element-limit = 1024 (custom)
2022-10-18 21:56:05,850 [omNode-1@group-523986131536-LeaderElection13] INFO  grpc.GrpcConfigKeys (ConfUtils.java:logGet(46)) - raft.grpc.server.leader.outstanding.appends.max = 128 (default)
2022-10-18 21:56:05,850 [omNode-1@group-523986131536-LeaderElection13] INFO  server.RaftServerConfigKeys (ConfUtils.java:logGet(46)) - raft.server.rpc.request.timeout = 3000ms (default)
2022-10-18 21:56:05,850 [omNode-1@group-523986131536-LeaderElection13] INFO  server.RaftServerConfigKeys (ConfUtils.java:logGet(46)) - raft.server.log.appender.install.snapshot.enabled = false (custom)
2022-10-18 21:56:05,851 [omNode-1@group-523986131536-LeaderElection13] INFO  server.RaftServerConfigKeys (ConfUtils.java:logGet(46)) - raft.server.log.appender.snapshot.chunk.size.max = 16MB (=16777216) (default)
2022-10-18 21:56:05,851 [omNode-1@group-523986131536-LeaderElection13] INFO  server.RaftServerConfigKeys (ConfUtils.java:logGet(46)) - raft.server.log.appender.buffer.byte-limit = 33554432 (custom)
2022-10-18 21:56:05,851 [omNode-1@group-523986131536-LeaderElection13] INFO  server.RaftServerConfigKeys (ConfUtils.java:logGet(46)) - raft.server.log.appender.buffer.element-limit = 1024 (custom)
2022-10-18 21:56:05,851 [omNode-1@group-523986131536-LeaderElection13] INFO  grpc.GrpcConfigKeys (ConfUtils.java:logGet(46)) - raft.grpc.server.leader.outstanding.appends.max = 128 (default)
2022-10-18 21:56:05,851 [omNode-1@group-523986131536-LeaderElection13] INFO  server.RaftServerConfigKeys (ConfUtils.java:logGet(46)) - raft.server.rpc.request.timeout = 3000ms (default)
2022-10-18 21:56:05,851 [omNode-1@group-523986131536-LeaderElection13] INFO  server.RaftServerConfigKeys (ConfUtils.java:logGet(46)) - raft.server.log.appender.install.snapshot.enabled = false (custom)
2022-10-18 21:56:05,851 [omNode-1@group-523986131536-LeaderElection13] INFO  impl.RoleInfo (RoleInfo.java:updateAndGet(139)) - omNode-1: start omNode-1@group-523986131536-LeaderStateImpl
2022-10-18 21:56:05,851 [omNode-1@group-523986131536-LeaderElection13] INFO  segmented.SegmentedRaftLogWorker (SegmentedRaftLogWorker.java:rollLogSegment(430)) - omNode-1@group-523986131536-SegmentedRaftLogWorker: Rolling segment log-57_58 to index:58
2022-10-18 21:56:05,852 [omNode-1@group-523986131536-SegmentedRaftLogWorker] INFO  segmented.SegmentedRaftLogWorker (SegmentedRaftLogWorker.java:execute(586)) - omNode-1@group-523986131536-SegmentedRaftLogWorker: Rolled log segment from /home/runner/work/ozone/ozone/hadoop-ozone/integration-test/target/test-dir/MiniOzoneClusterImpl-285291dc-83a3-4c49-94f6-5e759e1760ea/omNode-1/ratis/c9bc4cf4-3bc3-3c60-a66b-523986131536/current/log_inprogress_57 to /home/runner/work/ozone/ozone/hadoop-ozone/integration-test/target/test-dir/MiniOzoneClusterImpl-285291dc-83a3-4c49-94f6-5e759e1760ea/omNode-1/ratis/c9bc4cf4-3bc3-3c60-a66b-523986131536/current/log_57-58
2022-10-18 21:56:05,857 [omNode-1@group-523986131536-LeaderElection13] INFO  server.RaftServer$Division (ServerState.java:setRaftConf(393)) - omNode-1@group-523986131536: set configuration 59: [omNode-3|rpc:localhost:38017|admin:|client:|dataStream:|priority:0, omNode-1|rpc:localhost:35389|admin:|client:|dataStream:|priority:0, omNode-2|rpc:localhost:45203|admin:|client:|dataStream:|priority:0], old=null
2022-10-18 21:56:05,858 [omNode-2-server-thread1] INFO  server.RaftServer$Division (ServerState.java:setLeader(287)) - omNode-2@group-523986131536: change Leader from null to omNode-1 at term 5 for appendEntries, leader elected after 813ms
2022-10-18 21:56:05,858 [omNode-3-server-thread1] INFO  server.RaftServer$Division (ServerState.java:setLeader(287)) - omNode-3@group-523986131536: change Leader from null to omNode-1 at term 5 for appendEntries, leader elected after 1485ms
2022-10-18 21:56:05,859 [omNode-3-server-thread1] INFO  server.RaftServer$Division (RaftServerImpl.java:checkInconsistentAppendEntries(1424)) - omNode-3@group-523986131536: Failed appendEntries as previous log entry ((t:4, i:58)) is not found
2022-10-18 21:56:05,859 [omNode-3-server-thread1] INFO  server.RaftServer$Division (RaftServerImpl.java:checkInconsistentAppendEntries(1394)) - omNode-3@group-523986131536: inconsistency entries. Reply:omNode-1<-omNode-3#0:FAIL-t5,INCONSISTENCY,nextIndex=57,followerCommit=56
2022-10-18 21:56:05,861 [omNode-3-server-thread1] INFO  server.RaftServer$Division (RaftServerImpl.java:checkInconsistentAppendEntries(1424)) - omNode-3@group-523986131536: Failed appendEntries as previous log entry ((t:4, i:58)) is not found
2022-10-18 21:56:05,861 [grpc-default-executor-3] INFO  leader.FollowerInfo (FollowerInfoImpl.java:lambda$new$0(48)) - omNode-1@group-523986131536->omNode-3: nextIndex: updateUnconditionally 60 -> 57
2022-10-18 21:56:05,861 [omNode-2-server-thread1] INFO  server.RaftServer$Division (ServerState.java:setRaftConf(393)) - omNode-2@group-523986131536: set configuration 59: [omNode-3|rpc:localhost:38017|admin:|client:|dataStream:|priority:0, omNode-1|rpc:localhost:35389|admin:|client:|dataStream:|priority:0, omNode-2|rpc:localhost:45203|admin:|client:|dataStream:|priority:0], old=null
2022-10-18 21:56:05,861 [omNode-3-server-thread1] INFO  server.RaftServer$Division (RaftServerImpl.java:checkInconsistentAppendEntries(1394)) - omNode-3@group-523986131536: inconsistency entries. Reply:omNode-1<-omNode-3#1:FAIL-t5,INCONSISTENCY,nextIndex=57,followerCommit=56
2022-10-18 21:56:05,861 [omNode-2-server-thread1] INFO  segmented.SegmentedRaftLogWorker (SegmentedRaftLogWorker.java:rollLogSegment(430)) - omNode-2@group-523986131536-SegmentedRaftLogWorker: Rolling segment log-57_58 to index:58
2022-10-18 21:56:05,862 [omNode-3-server-thread1] INFO  server.RaftServer$Division (RaftServerImpl.java:checkInconsistentAppendEntries(1424)) - omNode-3@group-523986131536: Failed appendEntries as previous log entry ((t:5, i:59)) is not found
2022-10-18 21:56:05,862 [omNode-3-server-thread1] INFO  server.RaftServer$Division (RaftServerImpl.java:checkInconsistentAppendEntries(1394)) - omNode-3@group-523986131536: inconsistency entries. Reply:omNode-1<-omNode-3#2:FAIL-t5,INCONSISTENCY,nextIndex=57,followerCommit=56
2022-10-18 21:56:05,862 [omNode-1@group-523986131536-SegmentedRaftLogWorker] INFO  segmented.SegmentedRaftLogWorker (SegmentedRaftLogWorker.java:execute(629)) - omNode-1@group-523986131536-SegmentedRaftLogWorker: created new log segment /home/runner/work/ozone/ozone/hadoop-ozone/integration-test/target/test-dir/MiniOzoneClusterImpl-285291dc-83a3-4c49-94f6-5e759e1760ea/omNode-1/ratis/c9bc4cf4-3bc3-3c60-a66b-523986131536/current/log_inprogress_59
2022-10-18 21:56:05,862 [omNode-1@group-523986131536->omNode-3-GrpcLogAppender-LogAppenderDaemon] ERROR leader.LogAppenderDaemon (LogAppenderDaemon.java:run(86)) - omNode-1@group-523986131536->omNode-3-GrpcLogAppender-LogAppenderDaemon failed
java.lang.NullPointerException: omNode-1@group-523986131536->omNode-3: Previous TermIndex not found for firstIndex = 57
	at java.util.Objects.requireNonNull(Objects.java:290)
	at org.apache.ratis.server.leader.LogAppenderBase.assertProtos(LogAppenderBase.java:176)
	at org.apache.ratis.server.leader.LogAppenderBase.newAppendEntriesRequest(LogAppenderBase.java:161)
	at org.apache.ratis.grpc.server.GrpcLogAppender.appendLog(GrpcLogAppender.java:206)
	at org.apache.ratis.grpc.server.GrpcLogAppender.run(GrpcLogAppender.java:148)
	at org.apache.ratis.server.leader.LogAppenderDaemon.run(LogAppenderDaemon.java:77)
	at java.lang.Thread.run(Thread.java:750)
2022-10-18 21:56:05,863 [omNode-2@group-523986131536-SegmentedRaftLogWorker] INFO  segmented.SegmentedRaftLogWorker (SegmentedRaftLogWorker.java:execute(586)) - omNode-2@group-523986131536-SegmentedRaftLogWorker: Rolled log segment from /home/runner/work/ozone/ozone/hadoop-ozone/integration-test/target/test-dir/MiniOzoneClusterImpl-285291dc-83a3-4c49-94f6-5e759e1760ea/omNode-2/ratis/c9bc4cf4-3bc3-3c60-a66b-523986131536/current/log_inprogress_57 to /home/runner/work/ozone/ozone/hadoop-ozone/integration-test/target/test-dir/MiniOzoneClusterImpl-285291dc-83a3-4c49-94f6-5e759e1760ea/omNode-2/ratis/c9bc4cf4-3bc3-3c60-a66b-523986131536/current/log_57-58
2022-10-18 21:56:05,862 [grpc-default-executor-3] INFO  leader.FollowerInfo (FollowerInfoImpl.java:lambda$new$0(48)) - omNode-1@group-523986131536->omNode-3: nextIndex: updateUnconditionally 57 -> 57
2022-10-18 21:56:05,865 [grpc-default-executor-3] INFO  leader.FollowerInfo (FollowerInfoImpl.java:lambda$new$0(48)) - omNode-1@group-523986131536->omNode-3: nextIndex: updateUnconditionally 57 -> 57
2022-10-18 21:56:05,868 [omNode-1@group-523986131536->omNode-3-GrpcLogAppender-LogAppenderDaemon] INFO  server.RaftServer$Division (LeaderStateImpl.java:restart(532)) - omNode-1@group-523986131536-LeaderStateImpl: Restarting GrpcLogAppender for omNode-1@group-523986131536->omNode-3
2022-10-18 21:56:05,868 [omNode-1@group-523986131536->omNode-3-GrpcLogAppender-LogAppenderDaemon] INFO  server.RaftServerConfigKeys (ConfUtils.java:logGet(46)) - raft.server.log.appender.snapshot.chunk.size.max = 16MB (=16777216) (default)
2022-10-18 21:56:05,868 [omNode-1@group-523986131536->omNode-3-GrpcLogAppender-LogAppenderDaemon] INFO  server.RaftServerConfigKeys (ConfUtils.java:logGet(46)) - raft.server.log.appender.buffer.byte-limit = 33554432 (custom)
2022-10-18 21:56:05,868 [omNode-1@group-523986131536->omNode-3-GrpcLogAppender-LogAppenderDaemon] INFO  server.RaftServerConfigKeys (ConfUtils.java:logGet(46)) - raft.server.log.appender.buffer.element-limit = 1024 (custom)
2022-10-18 21:56:05,868 [omNode-1@group-523986131536->omNode-3-GrpcLogAppender-LogAppenderDaemon] INFO  grpc.GrpcConfigKeys (ConfUtils.java:logGet(46)) - raft.grpc.server.leader.outstanding.appends.max = 128 (default)
2022-10-18 21:56:05,868 [omNode-1@group-523986131536->omNode-3-GrpcLogAppender-LogAppenderDaemon] INFO  server.RaftServerConfigKeys (ConfUtils.java:logGet(46)) - raft.server.rpc.request.timeout = 3000ms (default)
2022-10-18 21:56:05,868 [omNode-1@group-523986131536->omNode-3-GrpcLogAppender-LogAppenderDaemon] INFO  server.RaftServerConfigKeys (ConfUtils.java:logGet(46)) - raft.server.log.appender.install.snapshot.enabled = false (custom)
2022-10-18 21:56:05,869 [omNode-1@group-523986131536->omNode-3-GrpcLogAppender-LogAppenderDaemon] INFO  server.GrpcLogAppender (GrpcLogAppender.java:installSnapshot(541)) - omNode-1@group-523986131536->omNode-3-GrpcLogAppender: followerNextIndex = 0 but logStartIndex = 57, notify follower to install snapshot-(t:4, i:57)
2022-10-18 21:56:05,872 [omNode-2@group-523986131536-SegmentedRaftLogWorker] INFO  segmented.SegmentedRaftLogWorker (SegmentedRaftLogWorker.java:execute(629)) - omNode-2@group-523986131536-SegmentedRaftLogWorker: created new log segment /home/runner/work/ozone/ozone/hadoop-ozone/integration-test/target/test-dir/MiniOzoneClusterImpl-285291dc-83a3-4c49-94f6-5e759e1760ea/omNode-2/ratis/c9bc4cf4-3bc3-3c60-a66b-523986131536/current/log_inprogress_59
2022-10-18 21:56:05,876 [omNode-1@group-523986131536->omNode-3-GrpcLogAppender-LogAppenderDaemon] INFO  server.GrpcLogAppender (GrpcLogAppender.java:installSnapshot(549)) - omNode-1@group-523986131536->omNode-3-GrpcLogAppender: send omNode-1->omNode-3#0-t5,notify:(t:4, i:57)
2022-10-18 21:56:05,878 [omNode-2@group-523986131536-StateMachineUpdater] INFO  ratis.OzoneManagerStateMachine (OzoneManagerStateMachine.java:notifyConfigurationChanged(192)) - Received Configuration change notification from Ratis. New Peer list:
[id: "omNode-3"
address: "localhost:38017"
, id: "omNode-1"
address: "localhost:35389"
, id: "omNode-2"
address: "localhost:45203"
]
2022-10-18 21:56:05,876 [omNode-1@group-523986131536-StateMachineUpdater] INFO  ratis.OzoneManagerStateMachine (OzoneManagerStateMachine.java:notifyConfigurationChanged(192)) - Received Configuration change notification from Ratis. New Peer list:
[id: "omNode-3"
address: "localhost:38017"
, id: "omNode-1"
address: "localhost:35389"
, id: "omNode-2"
address: "localhost:45203"
]
2022-10-18 21:56:05,880 [grpc-default-executor-3] INFO  impl.SnapshotInstallationHandler (SnapshotInstallationHandler.java:installSnapshot(84)) - omNode-3@group-523986131536: receive installSnapshot: omNode-1->omNode-3#0-t5,notify:(t:4, i:57)
2022-10-18 21:56:05,881 [grpc-default-executor-3] INFO  impl.SnapshotInstallationHandler (SnapshotInstallationHandler.java:notifyStateMachineToInstallSnapshot(215)) - omNode-3@group-523986131536: Received notification to install snapshot at index 57
2022-10-18 21:56:05,881 [grpc-default-executor-3] INFO  impl.SnapshotInstallationHandler (SnapshotInstallationHandler.java:notifyStateMachineToInstallSnapshot(224)) - omNode-3@group-523986131536: InstallSnapshot notification result: ALREADY_INSTALLED, current snapshot index: 56
2022-10-18 21:56:05,885 [grpc-default-executor-3] INFO  impl.SnapshotInstallationHandler (SnapshotInstallationHandler.java:installSnapshotImpl(129)) - omNode-3@group-523986131536: set new configuration index: 59
configurationEntry {
  peers {
    id: "omNode-3"
    address: "localhost:38017"
  }
  peers {
    id: "omNode-1"
    address: "localhost:35389"
  }
  peers {
    id: "omNode-2"
    address: "localhost:45203"
  }
}
 from snapshot
2022-10-18 21:56:05,886 [grpc-default-executor-3] INFO  server.RaftServer$Division (ServerState.java:setRaftConf(393)) - omNode-3@group-523986131536: set configuration 59: [omNode-3|rpc:localhost:38017|admin:|client:|dataStream:|priority:0, omNode-1|rpc:localhost:35389|admin:|client:|dataStream:|priority:0, omNode-2|rpc:localhost:45203|admin:|client:|dataStream:|priority:0], old=null
2022-10-18 21:56:05,886 [grpc-default-executor-3] INFO  ratis.OzoneManagerStateMachine (OzoneManagerStateMachine.java:notifyConfigurationChanged(192)) - Received Configuration change notification from Ratis. New Peer list:
[id: "omNode-3"
address: "localhost:38017"
, id: "omNode-1"
address: "localhost:35389"
, id: "omNode-2"
address: "localhost:45203"
]
2022-10-18 21:56:05,886 [grpc-default-executor-3] INFO  impl.SnapshotInstallationHandler (SnapshotInstallationHandler.java:installSnapshot(95)) - omNode-3@group-523986131536: reply installSnapshot: omNode-1<-omNode-3#0:FAIL-t5,ALREADY_INSTALLED,snapshotIndex=56
2022-10-18 21:56:05,887 [grpc-default-executor-3] INFO  server.GrpcServerProtocolService (GrpcServerProtocolService.java:onCompleted(140)) - omNode-3: Completed INSTALL_SNAPSHOT, lastRequest: omNode-1->omNode-3#0-t5,notify:(t:4, i:57)
2022-10-18 21:56:05,887 [grpc-default-executor-2] INFO  server.GrpcLogAppender (GrpcLogAppender.java:onNext(403)) - omNode-1@group-523986131536->omNode-3-InstallSnapshotResponseHandler: received the first reply omNode-1<-omNode-3#0:FAIL-t5,ALREADY_INSTALLED,snapshotIndex=56
2022-10-18 21:56:05,887 [grpc-default-executor-2] INFO  server.GrpcLogAppender (GrpcLogAppender.java:onNext(426)) - omNode-1@group-523986131536->omNode-3-InstallSnapshotResponseHandler: Follower snapshot is already at index 56.
2022-10-18 21:56:05,887 [grpc-default-executor-2] INFO  leader.FollowerInfo (FollowerInfoImpl.java:lambda$new$0(48)) - omNode-1@group-523986131536->omNode-3: snapshotIndex: setUnconditionally 0 -> 56
2022-10-18 21:56:05,887 [grpc-default-executor-2] INFO  leader.FollowerInfo (FollowerInfoImpl.java:lambda$new$0(48)) - omNode-1@group-523986131536->omNode-3: matchIndex: setUnconditionally 0 -> 56
2022-10-18 21:56:05,887 [grpc-default-executor-2] INFO  leader.FollowerInfo (FollowerInfoImpl.java:lambda$new$0(48)) - omNode-1@group-523986131536->omNode-3: nextIndex: setUnconditionally 0 -> 57
2022-10-18 21:56:05,887 [grpc-default-executor-2] INFO  leader.FollowerInfo (FollowerInfoImpl.java:setAttemptedToInstallSnapshot(118)) - Follower omNode-1@group-523986131536->omNode-3 acknowledged installing snapshot
2022-10-18 21:56:05,888 [grpc-default-executor-2] INFO  leader.FollowerInfo (FollowerInfoImpl.java:lambda$new$0(48)) - omNode-1@group-523986131536->omNode-3: nextIndex: updateToMax old=57, new=57, updated? false
2022-10-18 21:56:06,390 [omNode-3-server-thread1] INFO  server.RaftServer$Division (RaftServerImpl.java:checkInconsistentAppendEntries(1424)) - omNode-3@group-523986131536: Failed appendEntries as previous log entry ((t:5, i:60)) is not found
2022-10-18 21:56:06,390 [omNode-3-server-thread1] INFO  server.RaftServer$Division (RaftServerImpl.java:checkInconsistentAppendEntries(1394)) - omNode-3@group-523986131536: inconsistency entries. Reply:omNode-1<-omNode-3#52:FAIL-t5,INCONSISTENCY,nextIndex=57,followerCommit=56
2022-10-18 21:56:06,391 [grpc-default-executor-2] INFO  leader.FollowerInfo (FollowerInfoImpl.java:lambda$new$0(48)) - omNode-1@group-523986131536->omNode-3: nextIndex: updateUnconditionally 61 -> 57
2022-10-18 21:56:06,892 [omNode-3-server-thread1] INFO  server.RaftServer$Division (RaftServerImpl.java:checkInconsistentAppendEntries(1424)) - omNode-3@group-523986131536: Failed appendEntries as previous log entry ((t:5, i:60)) is not found
2022-10-18 21:56:06,892 [omNode-3-server-thread1] INFO  server.RaftServer$Division (RaftServerImpl.java:checkInconsistentAppendEntries(1394)) - omNode-3@group-523986131536: inconsistency entries. Reply:omNode-1<-omNode-3#103:FAIL-t5,INCONSISTENCY,nextIndex=57,followerCommit=56
2022-10-18 21:56:06,893 [grpc-default-executor-2] INFO  leader.FollowerInfo (FollowerInfoImpl.java:lambda$new$0(48)) - omNode-1@group-523986131536->omNode-3: nextIndex: updateUnconditionally 61 -> 57
2022-10-18 21:56:07,393 [omNode-3-server-thread1] INFO  server.RaftServer$Division (RaftServerImpl.java:checkInconsistentAppendEntries(1424)) - omNode-3@group-523986131536: Failed appendEntries as previous log entry ((t:5, i:60)) is not found
2022-10-18 21:56:07,393 [omNode-3-server-thread1] INFO  server.RaftServer$Division (RaftServerImpl.java:checkInconsistentAppendEntries(1394)) - omNode-3@group-523986131536: inconsistency entries. Reply:omNode-1<-omNode-3#154:FAIL-t5,INCONSISTENCY,nextIndex=57,followerCommit=56
2022-10-18 21:56:07,394 [grpc-default-executor-2] INFO  leader.FollowerInfo (FollowerInfoImpl.java:lambda$new$0(48)) - omNode-1@group-523986131536->omNode-3: nextIndex: updateUnconditionally 61 -> 57
2022-10-18 21:56:07,501 [omNode-3-server-thread1] INFO  server.RaftServer$Division (RaftServerImpl.java:checkInconsistentAppendEntries(1424)) - omNode-3@group-523986131536: Failed appendEntries as previous log entry ((t:5, i:60)) is not found
2022-10-18 21:56:07,501 [omNode-3-server-thread1] INFO  server.RaftServer$Division (RaftServerImpl.java:checkInconsistentAppendEntries(1394)) - omNode-3@group-523986131536: inconsistency entries. Reply:omNode-1<-omNode-3#166:FAIL-t5,INCONSISTENCY,nextIndex=57,followerCommit=56
2022-10-18 21:56:07,504 [OM StateMachine ApplyTransaction Thread - 0] INFO  volume.OMVolumeCreateRequest (OMVolumeCreateRequest.java:validateAndUpdateCache(195)) - created volume:volume64041 for user:user65773
2022-10-18 21:56:07,504 [omNode-3-server-thread1] INFO  server.RaftServer$Division (RaftServerImpl.java:checkInconsistentAppendEntries(1424)) - omNode-3@group-523986131536: Failed appendEntries as previous log entry ((t:5, i:61)) is not found
2022-10-18 21:56:07,504 [omNode-3-server-thread1] INFO  server.RaftServer$Division (RaftServerImpl.java:checkInconsistentAppendEntries(1394)) - omNode-3@group-523986131536: inconsistency entries. Reply:omNode-1<-omNode-3#167:FAIL-t5,INCONSISTENCY,nextIndex=57,followerCommit=56
2022-10-18 21:56:07,509 [OM StateMachine ApplyTransaction Thread - 0] INFO  volume.OMVolumeCreateRequest (OMVolumeCreateRequest.java:validateAndUpdateCache(195)) - created volume:volume64041 for user:user65773
2022-10-18 21:56:07,513 [Listener at localhost/45943] INFO  rpc.RpcClient (RpcClient.java:createBucket(674)) - Creating Bucket: volume64041/45741ef1-fb2a-42d4-bfff-e814378503ef, with server-side default bucket layout, runner as owner, Versioning false, Storage Type set to DISK and Encryption set to false 
2022-10-18 21:56:07,515 [omNode-3-server-thread1] INFO  server.RaftServer$Division (RaftServerImpl.java:checkInconsistentAppendEntries(1424)) - omNode-3@group-523986131536: Failed appendEntries as previous log entry ((t:5, i:62)) is not found
2022-10-18 21:56:07,515 [omNode-3-server-thread1] INFO  server.RaftServer$Division (RaftServerImpl.java:checkInconsistentAppendEntries(1394)) - omNode-3@group-523986131536: inconsistency entries. Reply:omNode-1<-omNode-3#170:FAIL-t5,INCONSISTENCY,nextIndex=57,followerCommit=56
2022-10-18 21:56:07,516 [omNode-3-server-thread1] INFO  server.RaftServer$Division (RaftServerImpl.java:checkInconsistentAppendEntries(1424)) - omNode-3@group-523986131536: Failed appendEntries as previous log entry ((t:5, i:63)) is not found
2022-10-18 21:56:07,516 [omNode-3-server-thread1] INFO  server.RaftServer$Division (RaftServerImpl.java:checkInconsistentAppendEntries(1394)) - omNode-3@group-523986131536: inconsistency entries. Reply:omNode-1<-omNode-3#171:FAIL-t5,INCONSISTENCY,nextIndex=57,followerCommit=56
2022-10-18 21:56:07,518 [OM StateMachine ApplyTransaction Thread - 0] INFO  bucket.OMBucketCreateRequest (OMBucketCreateRequest.java:validateAndUpdateCache(260)) - created bucket: 45741ef1-fb2a-42d4-bfff-e814378503ef of layout LEGACY in volume: volume64041
2022-10-18 21:56:07,518 [OM StateMachine ApplyTransaction Thread - 0] INFO  bucket.OMBucketCreateRequest (OMBucketCreateRequest.java:validateAndUpdateCache(260)) - created bucket: 45741ef1-fb2a-42d4-bfff-e814378503ef of layout LEGACY in volume: volume64041
2022-10-18 21:56:07,534 [omNode-3-server-thread1] INFO  server.RaftServer$Division (RaftServerImpl.java:checkInconsistentAppendEntries(1424)) - omNode-3@group-523986131536: Failed appendEntries as previous log entry ((t:5, i:64)) is not found
2022-10-18 21:56:07,534 [omNode-3-server-thread1] INFO  server.RaftServer$Division (RaftServerImpl.java:checkInconsistentAppendEntries(1394)) - omNode-3@group-523986131536: inconsistency entries. Reply:omNode-1<-omNode-3#175:FAIL-t5,INCONSISTENCY,nextIndex=57,followerCommit=56
2022-10-18 21:56:07,535 [omNode-3-server-thread1] INFO  server.RaftServer$Division (RaftServerImpl.java:checkInconsistentAppendEntries(1424)) - omNode-3@group-523986131536: Failed appendEntries as previous log entry ((t:5, i:65)) is not found
2022-10-18 21:56:07,535 [omNode-3-server-thread1] INFO  server.RaftServer$Division (RaftServerImpl.java:checkInconsistentAppendEntries(1394)) - omNode-3@group-523986131536: inconsistency entries. Reply:omNode-1<-omNode-3#176:FAIL-t5,INCONSISTENCY,nextIndex=57,followerCommit=56
2022-10-18 21:56:07,582 [omNode-3-server-thread1] INFO  server.RaftServer$Division (RaftServerImpl.java:checkInconsistentAppendEntries(1424)) - omNode-3@group-523986131536: Failed appendEntries as previous log entry ((t:5, i:66)) is not found
2022-10-18 21:56:07,582 [omNode-3-server-thread1] INFO  server.RaftServer$Division (RaftServerImpl.java:checkInconsistentAppendEntries(1394)) - omNode-3@group-523986131536: inconsistency entries. Reply:omNode-1<-omNode-3#182:FAIL-t5,INCONSISTENCY,nextIndex=57,followerCommit=56
2022-10-18 21:56:07,584 [omNode-3-server-thread1] INFO  server.RaftServer$Division (RaftServerImpl.java:checkInconsistentAppendEntries(1424)) - omNode-3@group-523986131536: Failed appendEntries as previous log entry ((t:5, i:67)) is not found
2022-10-18 21:56:07,584 [omNode-3-server-thread1] INFO  server.RaftServer$Division (RaftServerImpl.java:checkInconsistentAppendEntries(1394)) - omNode-3@group-523986131536: inconsistency entries. Reply:omNode-1<-omNode-3#184:FAIL-t5,INCONSISTENCY,nextIndex=57,followerCommit=56
2022-10-18 21:56:07,616 [omNode-3-server-thread1] INFO  server.RaftServer$Division (RaftServerImpl.java:checkInconsistentAppendEntries(1424)) - omNode-3@group-523986131536: Failed appendEntries as previous log entry ((t:5, i:68)) is not found
2022-10-18 21:56:07,616 [omNode-3-server-thread1] INFO  server.RaftServer$Division (RaftServerImpl.java:checkInconsistentAppendEntries(1394)) - omNode-3@group-523986131536: inconsistency entries. Reply:omNode-1<-omNode-3#188:FAIL-t5,INCONSISTENCY,nextIndex=57,followerCommit=56
2022-10-18 21:56:07,617 [omNode-3-server-thread1] INFO  server.RaftServer$Division (RaftServerImpl.java:checkInconsistentAppendEntries(1424)) - omNode-3@group-523986131536: Failed appendEntries as previous log entry ((t:5, i:69)) is not found
2022-10-18 21:56:07,617 [omNode-3-server-thread1] INFO  server.RaftServer$Division (RaftServerImpl.java:checkInconsistentAppendEntries(1394)) - omNode-3@group-523986131536: inconsistency entries. Reply:omNode-1<-omNode-3#190:FAIL-t5,INCONSISTENCY,nextIndex=57,followerCommit=56
2022-10-18 21:56:07,656 [omNode-3-server-thread1] INFO  server.RaftServer$Division (RaftServerImpl.java:checkInconsistentAppendEntries(1424)) - omNode-3@group-523986131536: Failed appendEntries as previous log entry ((t:5, i:70)) is not found
2022-10-18 21:56:07,657 [omNode-3-server-thread1] INFO  server.RaftServer$Division (RaftServerImpl.java:checkInconsistentAppendEntries(1394)) - omNode-3@group-523986131536: inconsistency entries. Reply:omNode-1<-omNode-3#197:FAIL-t5,INCONSISTENCY,nextIndex=57,followerCommit=56
2022-10-18 21:56:07,658 [omNode-3-server-thread1] INFO  server.RaftServer$Division (RaftServerImpl.java:checkInconsistentAppendEntries(1424)) - omNode-3@group-523986131536: Failed appendEntries as previous log entry ((t:5, i:71)) is not found
2022-10-18 21:56:07,658 [omNode-3-server-thread1] INFO  server.RaftServer$Division (RaftServerImpl.java:checkInconsistentAppendEntries(1394)) - omNode-3@group-523986131536: inconsistency entries. Reply:omNode-1<-omNode-3#198:FAIL-t5,INCONSISTENCY,nextIndex=57,followerCommit=56
2022-10-18 21:56:07,680 [omNode-3-server-thread1] INFO  server.RaftServer$Division (RaftServerImpl.java:checkInconsistentAppendEntries(1424)) - omNode-3@group-523986131536: Failed appendEntries as previous log entry ((t:5, i:72)) is not found
2022-10-18 21:56:07,680 [omNode-3-server-thread1] INFO  server.RaftServer$Division (RaftServerImpl.java:checkInconsistentAppendEntries(1394)) - omNode-3@group-523986131536: inconsistency entries. Reply:omNode-1<-omNode-3#201:FAIL-t5,INCONSISTENCY,nextIndex=57,followerCommit=56
2022-10-18 21:56:07,682 [omNode-3-server-thread1] INFO  server.RaftServer$Division (RaftServerImpl.java:checkInconsistentAppendEntries(1424)) - omNode-3@group-523986131536: Failed appendEntries as previous log entry ((t:5, i:73)) is not found
2022-10-18 21:56:07,682 [omNode-3-server-thread1] INFO  server.RaftServer$Division (RaftServerImpl.java:checkInconsistentAppendEntries(1394)) - omNode-3@group-523986131536: inconsistency entries. Reply:omNode-1<-omNode-3#203:FAIL-t5,INCONSISTENCY,nextIndex=57,followerCommit=56
2022-10-18 21:56:07,711 [omNode-3-server-thread1] INFO  server.RaftServer$Division (RaftServerImpl.java:checkInconsistentAppendEntries(1424)) - omNode-3@group-523986131536: Failed appendEntries as previous log entry ((t:5, i:74)) is not found
2022-10-18 21:56:07,711 [omNode-3-server-thread1] INFO  server.RaftServer$Division (RaftServerImpl.java:checkInconsistentAppendEntries(1394)) - omNode-3@group-523986131536: inconsistency entries. Reply:omNode-1<-omNode-3#207:FAIL-t5,INCONSISTENCY,nextIndex=57,followerCommit=56
2022-10-18 21:56:07,713 [omNode-3-server-thread1] INFO  server.RaftServer$Division (RaftServerImpl.java:checkInconsistentAppendEntries(1424)) - omNode-3@group-523986131536: Failed appendEntries as previous log entry ((t:5, i:75)) is not found
2022-10-18 21:56:07,713 [omNode-3-server-thread1] INFO  server.RaftServer$Division (RaftServerImpl.java:checkInconsistentAppendEntries(1394)) - omNode-3@group-523986131536: inconsistency entries. Reply:omNode-1<-omNode-3#209:FAIL-t5,INCONSISTENCY,nextIndex=57,followerCommit=56
2022-10-18 21:56:07,729 [omNode-3-server-thread1] INFO  server.RaftServer$Division (RaftServerImpl.java:checkInconsistentAppendEntries(1424)) - omNode-3@group-523986131536: Failed appendEntries as previous log entry ((t:5, i:76)) is not found
2022-10-18 21:56:07,729 [omNode-3-server-thread1] INFO  server.RaftServer$Division (RaftServerImpl.java:checkInconsistentAppendEntries(1394)) - omNode-3@group-523986131536: inconsistency entries. Reply:omNode-1<-omNode-3#212:FAIL-t5,INCONSISTENCY,nextIndex=57,followerCommit=56
2022-10-18 21:56:07,730 [omNode-3-server-thread1] INFO  server.RaftServer$Division (RaftServerImpl.java:checkInconsistentAppendEntries(1424)) - omNode-3@group-523986131536: Failed appendEntries as previous log entry ((t:5, i:77)) is not found
2022-10-18 21:56:07,730 [omNode-3-server-thread1] INFO  server.RaftServer$Division (RaftServerImpl.java:checkInconsistentAppendEntries(1394)) - omNode-3@group-523986131536: inconsistency entries. Reply:omNode-1<-omNode-3#214:FAIL-t5,INCONSISTENCY,nextIndex=57,followerCommit=56
21:56:07.733 [OM StateMachine ApplyTransaction Thread - 0] ERROR OMAudit - user=runner | ip=127.0.0.1 | op=CREATE_FILE {volume=volume64041, bucket=45741ef1-fb2a-42d4-bfff-e814378503ef, key=dir1/dir2/dir3/file1, dataSize=23, replicationType=RATIS, replicationFactor=ONE} | ret=FAILURE
org.apache.hadoop.ozone.om.exceptions.OMException: File dir1/dir2/dir3/file1 already exists
	at org.apache.hadoop.ozone.om.request.file.OMFileCreateRequest.checkDirectoryResult(OMFileCreateRequest.java:360) ~[ozone-manager-1.3.0-SNAPSHOT.jar:?]
	at org.apache.hadoop.ozone.om.request.file.OMFileCreateRequest.validateAndUpdateCache(OMFileCreateRequest.java:240) ~[ozone-manager-1.3.0-SNAPSHOT.jar:?]
	at org.apache.hadoop.ozone.protocolPB.OzoneManagerRequestHandler.handleWriteRequest(OzoneManagerRequestHandler.java:311) ~[ozone-manager-1.3.0-SNAPSHOT.jar:?]
	at org.apache.hadoop.ozone.om.ratis.OzoneManagerStateMachine.runCommand(OzoneManagerStateMachine.java:529) ~[ozone-manager-1.3.0-SNAPSHOT.jar:?]
	at org.apache.hadoop.ozone.om.ratis.OzoneManagerStateMachine.lambda$1(OzoneManagerStateMachine.java:324) ~[ozone-manager-1.3.0-SNAPSHOT.jar:?]
	at java.util.concurrent.CompletableFuture$AsyncSupply.run(CompletableFuture.java:1604) [?:1.8.0_345]
	at java.util.concurrent.ThreadPoolExecutor.runWorker(ThreadPoolExecutor.java:1149) [?:1.8.0_345]
	at java.util.concurrent.ThreadPoolExecutor$Worker.run(ThreadPoolExecutor.java:624) [?:1.8.0_345]
	at java.lang.Thread.run(Thread.java:750) [?:1.8.0_345]
21:56:07.733 [OM StateMachine ApplyTransaction Thread - 0] ERROR OMAudit - user=runner | ip=127.0.0.1 | op=CREATE_FILE {volume=volume64041, bucket=45741ef1-fb2a-42d4-bfff-e814378503ef, key=dir1/dir2/dir3/file1, dataSize=23, replicationType=RATIS, replicationFactor=ONE} | ret=FAILURE
org.apache.hadoop.ozone.om.exceptions.OMException: File dir1/dir2/dir3/file1 already exists
	at org.apache.hadoop.ozone.om.request.file.OMFileCreateRequest.checkDirectoryResult(OMFileCreateRequest.java:360) ~[ozone-manager-1.3.0-SNAPSHOT.jar:?]
	at org.apache.hadoop.ozone.om.request.file.OMFileCreateRequest.validateAndUpdateCache(OMFileCreateRequest.java:240) ~[ozone-manager-1.3.0-SNAPSHOT.jar:?]
	at org.apache.hadoop.ozone.protocolPB.OzoneManagerRequestHandler.handleWriteRequest(OzoneManagerRequestHandler.java:311) ~[ozone-manager-1.3.0-SNAPSHOT.jar:?]
	at org.apache.hadoop.ozone.om.ratis.OzoneManagerStateMachine.runCommand(OzoneManagerStateMachine.java:529) ~[ozone-manager-1.3.0-SNAPSHOT.jar:?]
	at org.apache.hadoop.ozone.om.ratis.OzoneManagerStateMachine.lambda$1(OzoneManagerStateMachine.java:324) ~[ozone-manager-1.3.0-SNAPSHOT.jar:?]
	at java.util.concurrent.CompletableFuture$AsyncSupply.run(CompletableFuture.java:1604) [?:1.8.0_345]
	at java.util.concurrent.ThreadPoolExecutor.runWorker(ThreadPoolExecutor.java:1149) [?:1.8.0_345]
	at java.util.concurrent.ThreadPoolExecutor$Worker.run(ThreadPoolExecutor.java:624) [?:1.8.0_345]
	at java.lang.Thread.run(Thread.java:750) [?:1.8.0_345]
2022-10-18 21:56:07,743 [OM StateMachine ApplyTransaction Thread - 0] ERROR file.OMFileCreateRequest (OMFileCreateRequest.java:validateAndUpdateCache(337)) - File create failed. Volume:volume64041, Bucket:45741ef1-fb2a-42d4-bfff-e814378503ef, Keydir1/dir2/dir3/file1.
FILE_ALREADY_EXISTS org.apache.hadoop.ozone.om.exceptions.OMException: File dir1/dir2/dir3/file1 already exists
	at org.apache.hadoop.ozone.om.request.file.OMFileCreateRequest.checkDirectoryResult(OMFileCreateRequest.java:360)
	at org.apache.hadoop.ozone.om.request.file.OMFileCreateRequest.validateAndUpdateCache(OMFileCreateRequest.java:240)
	at org.apache.hadoop.ozone.protocolPB.OzoneManagerRequestHandler.handleWriteRequest(OzoneManagerRequestHandler.java:311)
	at org.apache.hadoop.ozone.om.ratis.OzoneManagerStateMachine.runCommand(OzoneManagerStateMachine.java:529)
	at org.apache.hadoop.ozone.om.ratis.OzoneManagerStateMachine.lambda$1(OzoneManagerStateMachine.java:324)
	at java.util.concurrent.CompletableFuture$AsyncSupply.run(CompletableFuture.java:1604)
	at java.util.concurrent.ThreadPoolExecutor.runWorker(ThreadPoolExecutor.java:1149)
	at java.util.concurrent.ThreadPoolExecutor$Worker.run(ThreadPoolExecutor.java:624)
	at java.lang.Thread.run(Thread.java:750)
2022-10-18 21:56:07,743 [OM StateMachine ApplyTransaction Thread - 0] ERROR file.OMFileCreateRequest (OMFileCreateRequest.java:validateAndUpdateCache(337)) - File create failed. Volume:volume64041, Bucket:45741ef1-fb2a-42d4-bfff-e814378503ef, Keydir1/dir2/dir3/file1.
FILE_ALREADY_EXISTS org.apache.hadoop.ozone.om.exceptions.OMException: File dir1/dir2/dir3/file1 already exists
	at org.apache.hadoop.ozone.om.request.file.OMFileCreateRequest.checkDirectoryResult(OMFileCreateRequest.java:360)
	at org.apache.hadoop.ozone.om.request.file.OMFileCreateRequest.validateAndUpdateCache(OMFileCreateRequest.java:240)
	at org.apache.hadoop.ozone.protocolPB.OzoneManagerRequestHandler.handleWriteRequest(OzoneManagerRequestHandler.java:311)
	at org.apache.hadoop.ozone.om.ratis.OzoneManagerStateMachine.runCommand(OzoneManagerStateMachine.java:529)
	at org.apache.hadoop.ozone.om.ratis.OzoneManagerStateMachine.lambda$1(OzoneManagerStateMachine.java:324)
	at java.util.concurrent.CompletableFuture$AsyncSupply.run(CompletableFuture.java:1604)
	at java.util.concurrent.ThreadPoolExecutor.runWorker(ThreadPoolExecutor.java:1149)
	at java.util.concurrent.ThreadPoolExecutor$Worker.run(ThreadPoolExecutor.java:624)
	at java.lang.Thread.run(Thread.java:750)
2022-10-18 21:56:07,752 [omNode-3-server-thread1] INFO  server.RaftServer$Division (RaftServerImpl.java:checkInconsistentAppendEntries(1424)) - omNode-3@group-523986131536: Failed appendEntries as previous log entry ((t:5, i:78)) is not found
2022-10-18 21:56:07,752 [omNode-3-server-thread1] INFO  server.RaftServer$Division (RaftServerImpl.java:checkInconsistentAppendEntries(1394)) - omNode-3@group-523986131536: inconsistency entries. Reply:omNode-1<-omNode-3#219:FAIL-t5,INCONSISTENCY,nextIndex=57,followerCommit=56
2022-10-18 21:56:07,753 [omNode-3-server-thread1] INFO  server.RaftServer$Division (RaftServerImpl.java:checkInconsistentAppendEntries(1424)) - omNode-3@group-523986131536: Failed appendEntries as previous log entry ((t:5, i:79)) is not found
2022-10-18 21:56:07,754 [omNode-3-server-thread1] INFO  server.RaftServer$Division (RaftServerImpl.java:checkInconsistentAppendEntries(1394)) - omNode-3@group-523986131536: inconsistency entries. Reply:omNode-1<-omNode-3#221:FAIL-t5,INCONSISTENCY,nextIndex=57,followerCommit=56
2022-10-18 21:56:07,763 [omNode-3-server-thread1] INFO  server.RaftServer$Division (RaftServerImpl.java:checkInconsistentAppendEntries(1424)) - omNode-3@group-523986131536: Failed appendEntries as previous log entry ((t:5, i:80)) is not found
2022-10-18 21:56:07,763 [omNode-3-server-thread1] INFO  server.RaftServer$Division (RaftServerImpl.java:checkInconsistentAppendEntries(1394)) - omNode-3@group-523986131536: inconsistency entries. Reply:omNode-1<-omNode-3#224:FAIL-t5,INCONSISTENCY,nextIndex=57,followerCommit=56
2022-10-18 21:56:07,764 [omNode-3-server-thread1] INFO  server.RaftServer$Division (RaftServerImpl.java:checkInconsistentAppendEntries(1424)) - omNode-3@group-523986131536: Failed appendEntries as previous log entry ((t:5, i:81)) is not found
2022-10-18 21:56:07,764 [omNode-3-server-thread1] INFO  server.RaftServer$Division (RaftServerImpl.java:checkInconsistentAppendEntries(1394)) - omNode-3@group-523986131536: inconsistency entries. Reply:omNode-1<-omNode-3#226:FAIL-t5,INCONSISTENCY,nextIndex=57,followerCommit=56
21:56:07.765 [OM StateMachine ApplyTransaction Thread - 0] ERROR OMAudit - user=runner | ip=127.0.0.1 | op=CREATE_FILE {volume=volume64041, bucket=45741ef1-fb2a-42d4-bfff-e814378503ef, key=folder/folder2, dataSize=23, replicationType=RATIS, replicationFactor=ONE} | ret=FAILURE
org.apache.hadoop.ozone.om.exceptions.OMException: Can not write to directory: folder/folder2
	at org.apache.hadoop.ozone.om.request.file.OMFileCreateRequest.checkDirectoryResult(OMFileCreateRequest.java:364) ~[ozone-manager-1.3.0-SNAPSHOT.jar:?]
	at org.apache.hadoop.ozone.om.request.file.OMFileCreateRequest.validateAndUpdateCache(OMFileCreateRequest.java:240) ~[ozone-manager-1.3.0-SNAPSHOT.jar:?]
	at org.apache.hadoop.ozone.protocolPB.OzoneManagerRequestHandler.handleWriteRequest(OzoneManagerRequestHandler.java:311) ~[ozone-manager-1.3.0-SNAPSHOT.jar:?]
	at org.apache.hadoop.ozone.om.ratis.OzoneManagerStateMachine.runCommand(OzoneManagerStateMachine.java:529) ~[ozone-manager-1.3.0-SNAPSHOT.jar:?]
	at org.apache.hadoop.ozone.om.ratis.OzoneManagerStateMachine.lambda$1(OzoneManagerStateMachine.java:324) ~[ozone-manager-1.3.0-SNAPSHOT.jar:?]
	at java.util.concurrent.CompletableFuture$AsyncSupply.run(CompletableFuture.java:1604) [?:1.8.0_345]
	at java.util.concurrent.ThreadPoolExecutor.runWorker(ThreadPoolExecutor.java:1149) [?:1.8.0_345]
	at java.util.concurrent.ThreadPoolExecutor$Worker.run(ThreadPoolExecutor.java:624) [?:1.8.0_345]
	at java.lang.Thread.run(Thread.java:750) [?:1.8.0_345]
2022-10-18 21:56:07,765 [OM StateMachine ApplyTransaction Thread - 0] ERROR file.OMFileCreateRequest (OMFileCreateRequest.java:validateAndUpdateCache(337)) - File create failed. Volume:volume64041, Bucket:45741ef1-fb2a-42d4-bfff-e814378503ef, Keyfolder/folder2.
NOT_A_FILE org.apache.hadoop.ozone.om.exceptions.OMException: Can not write to directory: folder/folder2
	at org.apache.hadoop.ozone.om.request.file.OMFileCreateRequest.checkDirectoryResult(OMFileCreateRequest.java:364)
	at org.apache.hadoop.ozone.om.request.file.OMFileCreateRequest.validateAndUpdateCache(OMFileCreateRequest.java:240)
	at org.apache.hadoop.ozone.protocolPB.OzoneManagerRequestHandler.handleWriteRequest(OzoneManagerRequestHandler.java:311)
	at org.apache.hadoop.ozone.om.ratis.OzoneManagerStateMachine.runCommand(OzoneManagerStateMachine.java:529)
	at org.apache.hadoop.ozone.om.ratis.OzoneManagerStateMachine.lambda$1(OzoneManagerStateMachine.java:324)
	at java.util.concurrent.CompletableFuture$AsyncSupply.run(CompletableFuture.java:1604)
	at java.util.concurrent.ThreadPoolExecutor.runWorker(ThreadPoolExecutor.java:1149)
	at java.util.concurrent.ThreadPoolExecutor$Worker.run(ThreadPoolExecutor.java:624)
	at java.lang.Thread.run(Thread.java:750)
21:56:07.765 [OM StateMachine ApplyTransaction Thread - 0] ERROR OMAudit - user=runner | ip=127.0.0.1 | op=CREATE_FILE {volume=volume64041, bucket=45741ef1-fb2a-42d4-bfff-e814378503ef, key=folder/folder2, dataSize=23, replicationType=RATIS, replicationFactor=ONE} | ret=FAILURE
org.apache.hadoop.ozone.om.exceptions.OMException: Can not write to directory: folder/folder2
	at org.apache.hadoop.ozone.om.request.file.OMFileCreateRequest.checkDirectoryResult(OMFileCreateRequest.java:364) ~[ozone-manager-1.3.0-SNAPSHOT.jar:?]
	at org.apache.hadoop.ozone.om.request.file.OMFileCreateRequest.validateAndUpdateCache(OMFileCreateRequest.java:240) ~[ozone-manager-1.3.0-SNAPSHOT.jar:?]
	at org.apache.hadoop.ozone.protocolPB.OzoneManagerRequestHandler.handleWriteRequest(OzoneManagerRequestHandler.java:311) ~[ozone-manager-1.3.0-SNAPSHOT.jar:?]
	at org.apache.hadoop.ozone.om.ratis.OzoneManagerStateMachine.runCommand(OzoneManagerStateMachine.java:529) ~[ozone-manager-1.3.0-SNAPSHOT.jar:?]
	at org.apache.hadoop.ozone.om.ratis.OzoneManagerStateMachine.lambda$1(OzoneManagerStateMachine.java:324) ~[ozone-manager-1.3.0-SNAPSHOT.jar:?]
	at java.util.concurrent.CompletableFuture$AsyncSupply.run(CompletableFuture.java:1604) [?:1.8.0_345]
	at java.util.concurrent.ThreadPoolExecutor.runWorker(ThreadPoolExecutor.java:1149) [?:1.8.0_345]
	at java.util.concurrent.ThreadPoolExecutor$Worker.run(ThreadPoolExecutor.java:624) [?:1.8.0_345]
	at java.lang.Thread.run(Thread.java:750) [?:1.8.0_345]
2022-10-18 21:56:07,765 [OM StateMachine ApplyTransaction Thread - 0] ERROR file.OMFileCreateRequest (OMFileCreateRequest.java:validateAndUpdateCache(337)) - File create failed. Volume:volume64041, Bucket:45741ef1-fb2a-42d4-bfff-e814378503ef, Keyfolder/folder2.
NOT_A_FILE org.apache.hadoop.ozone.om.exceptions.OMException: Can not write to directory: folder/folder2
	at org.apache.hadoop.ozone.om.request.file.OMFileCreateRequest.checkDirectoryResult(OMFileCreateRequest.java:364)
	at org.apache.hadoop.ozone.om.request.file.OMFileCreateRequest.validateAndUpdateCache(OMFileCreateRequest.java:240)
	at org.apache.hadoop.ozone.protocolPB.OzoneManagerRequestHandler.handleWriteRequest(OzoneManagerRequestHandler.java:311)
	at org.apache.hadoop.ozone.om.ratis.OzoneManagerStateMachine.runCommand(OzoneManagerStateMachine.java:529)
	at org.apache.hadoop.ozone.om.ratis.OzoneManagerStateMachine.lambda$1(OzoneManagerStateMachine.java:324)
	at java.util.concurrent.CompletableFuture$AsyncSupply.run(CompletableFuture.java:1604)
	at java.util.concurrent.ThreadPoolExecutor.runWorker(ThreadPoolExecutor.java:1149)
	at java.util.concurrent.ThreadPoolExecutor$Worker.run(ThreadPoolExecutor.java:624)
	at java.lang.Thread.run(Thread.java:750)
2022-10-18 21:56:07,775 [Listener at localhost/45943] INFO  rpc.RpcClient (RpcClient.java:createVolume(471)) - Creating Volume: volume96398, with user89676 as owner and space quota set to -1 bytes, counts quota set to -1
2022-10-18 21:56:07,777 [omNode-3-server-thread1] INFO  server.RaftServer$Division (RaftServerImpl.java:checkInconsistentAppendEntries(1424)) - omNode-3@group-523986131536: Failed appendEntries as previous log entry ((t:5, i:82)) is not found
2022-10-18 21:56:07,777 [omNode-3-server-thread1] INFO  server.RaftServer$Division (RaftServerImpl.java:checkInconsistentAppendEntries(1394)) - omNode-3@group-523986131536: inconsistency entries. Reply:omNode-1<-omNode-3#230:FAIL-t5,INCONSISTENCY,nextIndex=57,followerCommit=56
2022-10-18 21:56:07,778 [omNode-3-server-thread1] INFO  server.RaftServer$Division (RaftServerImpl.java:checkInconsistentAppendEntries(1424)) - omNode-3@group-523986131536: Failed appendEntries as previous log entry ((t:5, i:83)) is not found
2022-10-18 21:56:07,779 [omNode-3-server-thread1] INFO  server.RaftServer$Division (RaftServerImpl.java:checkInconsistentAppendEntries(1394)) - omNode-3@group-523986131536: inconsistency entries. Reply:omNode-1<-omNode-3#231:FAIL-t5,INCONSISTENCY,nextIndex=57,followerCommit=56
2022-10-18 21:56:07,779 [OM StateMachine ApplyTransaction Thread - 0] INFO  volume.OMVolumeCreateRequest (OMVolumeCreateRequest.java:validateAndUpdateCache(195)) - created volume:volume96398 for user:user89676
2022-10-18 21:56:07,779 [OM StateMachine ApplyTransaction Thread - 0] INFO  volume.OMVolumeCreateRequest (OMVolumeCreateRequest.java:validateAndUpdateCache(195)) - created volume:volume96398 for user:user89676
2022-10-18 21:56:07,781 [Listener at localhost/45943] INFO  rpc.RpcClient (RpcClient.java:createBucket(674)) - Creating Bucket: volume96398/8ae8df27-b9a3-441d-a998-5fdcce3c1c75, with server-side default bucket layout, runner as owner, Versioning false, Storage Type set to DISK and Encryption set to false 
2022-10-18 21:56:07,783 [omNode-3-server-thread1] INFO  server.RaftServer$Division (RaftServerImpl.java:checkInconsistentAppendEntries(1424)) - omNode-3@group-523986131536: Failed appendEntries as previous log entry ((t:5, i:84)) is not found
2022-10-18 21:56:07,783 [omNode-3-server-thread1] INFO  server.RaftServer$Division (RaftServerImpl.java:checkInconsistentAppendEntries(1394)) - omNode-3@group-523986131536: inconsistency entries. Reply:omNode-1<-omNode-3#233:FAIL-t5,INCONSISTENCY,nextIndex=57,followerCommit=56
2022-10-18 21:56:07,784 [omNode-3-server-thread1] INFO  server.RaftServer$Division (RaftServerImpl.java:checkInconsistentAppendEntries(1424)) - omNode-3@group-523986131536: Failed appendEntries as previous log entry ((t:5, i:85)) is not found
2022-10-18 21:56:07,784 [omNode-3-server-thread1] INFO  server.RaftServer$Division (RaftServerImpl.java:checkInconsistentAppendEntries(1394)) - omNode-3@group-523986131536: inconsistency entries. Reply:omNode-1<-omNode-3#234:FAIL-t5,INCONSISTENCY,nextIndex=57,followerCommit=56
2022-10-18 21:56:07,784 [OM StateMachine ApplyTransaction Thread - 0] INFO  bucket.OMBucketCreateRequest (OMBucketCreateRequest.java:validateAndUpdateCache(260)) - created bucket: 8ae8df27-b9a3-441d-a998-5fdcce3c1c75 of layout LEGACY in volume: volume96398
2022-10-18 21:56:07,785 [OM StateMachine ApplyTransaction Thread - 0] INFO  bucket.OMBucketCreateRequest (OMBucketCreateRequest.java:validateAndUpdateCache(260)) - created bucket: 8ae8df27-b9a3-441d-a998-5fdcce3c1c75 of layout LEGACY in volume: volume96398
2022-10-18 21:56:07,792 [omNode-3-server-thread1] INFO  server.RaftServer$Division (RaftServerImpl.java:checkInconsistentAppendEntries(1424)) - omNode-3@group-523986131536: Failed appendEntries as previous log entry ((t:5, i:86)) is not found
2022-10-18 21:56:07,792 [omNode-3-server-thread1] INFO  server.RaftServer$Division (RaftServerImpl.java:checkInconsistentAppendEntries(1394)) - omNode-3@group-523986131536: inconsistency entries. Reply:omNode-1<-omNode-3#237:FAIL-t5,INCONSISTENCY,nextIndex=57,followerCommit=56
2022-10-18 21:56:07,793 [omNode-3-server-thread1] INFO  server.RaftServer$Division (RaftServerImpl.java:checkInconsistentAppendEntries(1424)) - omNode-3@group-523986131536: Failed appendEntries as previous log entry ((t:5, i:87)) is not found
2022-10-18 21:56:07,793 [omNode-3-server-thread1] INFO  server.RaftServer$Division (RaftServerImpl.java:checkInconsistentAppendEntries(1394)) - omNode-3@group-523986131536: inconsistency entries. Reply:omNode-1<-omNode-3#238:FAIL-t5,INCONSISTENCY,nextIndex=57,followerCommit=56
2022-10-18 21:56:07,806 [omNode-3-server-thread1] INFO  server.RaftServer$Division (RaftServerImpl.java:checkInconsistentAppendEntries(1424)) - omNode-3@group-523986131536: Failed appendEntries as previous log entry ((t:5, i:88)) is not found
2022-10-18 21:56:07,806 [omNode-3-server-thread1] INFO  server.RaftServer$Division (RaftServerImpl.java:checkInconsistentAppendEntries(1394)) - omNode-3@group-523986131536: inconsistency entries. Reply:omNode-1<-omNode-3#240:FAIL-t5,INCONSISTENCY,nextIndex=57,followerCommit=56
2022-10-18 21:56:07,809 [omNode-3-server-thread1] INFO  server.RaftServer$Division (RaftServerImpl.java:checkInconsistentAppendEntries(1424)) - omNode-3@group-523986131536: Failed appendEntries as previous log entry ((t:5, i:89)) is not found
2022-10-18 21:56:07,809 [omNode-3-server-thread1] INFO  server.RaftServer$Division (RaftServerImpl.java:checkInconsistentAppendEntries(1394)) - omNode-3@group-523986131536: inconsistency entries. Reply:omNode-1<-omNode-3#242:FAIL-t5,INCONSISTENCY,nextIndex=57,followerCommit=56
2022-10-18 21:56:07,825 [omNode-3-server-thread1] INFO  server.RaftServer$Division (RaftServerImpl.java:checkInconsistentAppendEntries(1424)) - omNode-3@group-523986131536: Failed appendEntries as previous log entry ((t:5, i:90)) is not found
2022-10-18 21:56:07,825 [omNode-3-server-thread1] INFO  server.RaftServer$Division (RaftServerImpl.java:checkInconsistentAppendEntries(1394)) - omNode-3@group-523986131536: inconsistency entries. Reply:omNode-1<-omNode-3#245:FAIL-t5,INCONSISTENCY,nextIndex=57,followerCommit=56
21:56:07.826 [OM StateMachine ApplyTransaction Thread - 0] ERROR OMAudit - user=runner | ip=127.0.0.1 | op=CREATE_FILE {volume=volume96398, bucket=8ae8df27-b9a3-441d-a998-5fdcce3c1c75, key=dir1/dir2/dir3/file1, dataSize=11, replicationType=RATIS, replicationFactor=ONE} | ret=FAILURE
org.apache.hadoop.ozone.om.exceptions.OMException: Cannot create file : dir1/dir2/dir3/file1 as one of parent directory is not created
	at org.apache.hadoop.ozone.om.request.file.OMFileCreateRequest.checkAllParentsExist(OMFileCreateRequest.java:387) ~[ozone-manager-1.3.0-SNAPSHOT.jar:?]
	at org.apache.hadoop.ozone.om.request.file.OMFileCreateRequest.validateAndUpdateCache(OMFileCreateRequest.java:243) ~[ozone-manager-1.3.0-SNAPSHOT.jar:?]
	at org.apache.hadoop.ozone.protocolPB.OzoneManagerRequestHandler.handleWriteRequest(OzoneManagerRequestHandler.java:311) ~[ozone-manager-1.3.0-SNAPSHOT.jar:?]
	at org.apache.hadoop.ozone.om.ratis.OzoneManagerStateMachine.runCommand(OzoneManagerStateMachine.java:529) ~[ozone-manager-1.3.0-SNAPSHOT.jar:?]
	at org.apache.hadoop.ozone.om.ratis.OzoneManagerStateMachine.lambda$1(OzoneManagerStateMachine.java:324) ~[ozone-manager-1.3.0-SNAPSHOT.jar:?]
	at java.util.concurrent.CompletableFuture$AsyncSupply.run(CompletableFuture.java:1604) [?:1.8.0_345]
	at java.util.concurrent.ThreadPoolExecutor.runWorker(ThreadPoolExecutor.java:1149) [?:1.8.0_345]
	at java.util.concurrent.ThreadPoolExecutor$Worker.run(ThreadPoolExecutor.java:624) [?:1.8.0_345]
	at java.lang.Thread.run(Thread.java:750) [?:1.8.0_345]
2022-10-18 21:56:07,827 [OM StateMachine ApplyTransaction Thread - 0] ERROR file.OMFileCreateRequest (OMFileCreateRequest.java:validateAndUpdateCache(337)) - File create failed. Volume:volume96398, Bucket:8ae8df27-b9a3-441d-a998-5fdcce3c1c75, Keydir1/dir2/dir3/file1.
DIRECTORY_NOT_FOUND org.apache.hadoop.ozone.om.exceptions.OMException: Cannot create file : dir1/dir2/dir3/file1 as one of parent directory is not created
	at org.apache.hadoop.ozone.om.request.file.OMFileCreateRequest.checkAllParentsExist(OMFileCreateRequest.java:387)
	at org.apache.hadoop.ozone.om.request.file.OMFileCreateRequest.validateAndUpdateCache(OMFileCreateRequest.java:243)
	at org.apache.hadoop.ozone.protocolPB.OzoneManagerRequestHandler.handleWriteRequest(OzoneManagerRequestHandler.java:311)
	at org.apache.hadoop.ozone.om.ratis.OzoneManagerStateMachine.runCommand(OzoneManagerStateMachine.java:529)
	at org.apache.hadoop.ozone.om.ratis.OzoneManagerStateMachine.lambda$1(OzoneManagerStateMachine.java:324)
	at java.util.concurrent.CompletableFuture$AsyncSupply.run(CompletableFuture.java:1604)
	at java.util.concurrent.ThreadPoolExecutor.runWorker(ThreadPoolExecutor.java:1149)
	at java.util.concurrent.ThreadPoolExecutor$Worker.run(ThreadPoolExecutor.java:624)
	at java.lang.Thread.run(Thread.java:750)
2022-10-18 21:56:07,827 [omNode-3-server-thread1] INFO  server.RaftServer$Division (RaftServerImpl.java:checkInconsistentAppendEntries(1424)) - omNode-3@group-523986131536: Failed appendEntries as previous log entry ((t:5, i:91)) is not found
2022-10-18 21:56:07,827 [omNode-3-server-thread1] INFO  server.RaftServer$Division (RaftServerImpl.java:checkInconsistentAppendEntries(1394)) - omNode-3@group-523986131536: inconsistency entries. Reply:omNode-1<-omNode-3#247:FAIL-t5,INCONSISTENCY,nextIndex=57,followerCommit=56
21:56:07.827 [OM StateMachine ApplyTransaction Thread - 0] ERROR OMAudit - user=runner | ip=127.0.0.1 | op=CREATE_FILE {volume=volume96398, bucket=8ae8df27-b9a3-441d-a998-5fdcce3c1c75, key=dir1/dir2/dir3/file1, dataSize=11, replicationType=RATIS, replicationFactor=ONE} | ret=FAILURE
org.apache.hadoop.ozone.om.exceptions.OMException: Cannot create file : dir1/dir2/dir3/file1 as one of parent directory is not created
	at org.apache.hadoop.ozone.om.request.file.OMFileCreateRequest.checkAllParentsExist(OMFileCreateRequest.java:387) ~[ozone-manager-1.3.0-SNAPSHOT.jar:?]
	at org.apache.hadoop.ozone.om.request.file.OMFileCreateRequest.validateAndUpdateCache(OMFileCreateRequest.java:243) ~[ozone-manager-1.3.0-SNAPSHOT.jar:?]
	at org.apache.hadoop.ozone.protocolPB.OzoneManagerRequestHandler.handleWriteRequest(OzoneManagerRequestHandler.java:311) ~[ozone-manager-1.3.0-SNAPSHOT.jar:?]
	at org.apache.hadoop.ozone.om.ratis.OzoneManagerStateMachine.runCommand(OzoneManagerStateMachine.java:529) ~[ozone-manager-1.3.0-SNAPSHOT.jar:?]
	at org.apache.hadoop.ozone.om.ratis.OzoneManagerStateMachine.lambda$1(OzoneManagerStateMachine.java:324) ~[ozone-manager-1.3.0-SNAPSHOT.jar:?]
	at java.util.concurrent.CompletableFuture$AsyncSupply.run(CompletableFuture.java:1604) [?:1.8.0_345]
	at java.util.concurrent.ThreadPoolExecutor.runWorker(ThreadPoolExecutor.java:1149) [?:1.8.0_345]
	at java.util.concurrent.ThreadPoolExecutor$Worker.run(ThreadPoolExecutor.java:624) [?:1.8.0_345]
	at java.lang.Thread.run(Thread.java:750) [?:1.8.0_345]
2022-10-18 21:56:07,828 [OM StateMachine ApplyTransaction Thread - 0] ERROR file.OMFileCreateRequest (OMFileCreateRequest.java:validateAndUpdateCache(337)) - File create failed. Volume:volume96398, Bucket:8ae8df27-b9a3-441d-a998-5fdcce3c1c75, Keydir1/dir2/dir3/file1.
DIRECTORY_NOT_FOUND org.apache.hadoop.ozone.om.exceptions.OMException: Cannot create file : dir1/dir2/dir3/file1 as one of parent directory is not created
	at org.apache.hadoop.ozone.om.request.file.OMFileCreateRequest.checkAllParentsExist(OMFileCreateRequest.java:387)
	at org.apache.hadoop.ozone.om.request.file.OMFileCreateRequest.validateAndUpdateCache(OMFileCreateRequest.java:243)
	at org.apache.hadoop.ozone.protocolPB.OzoneManagerRequestHandler.handleWriteRequest(OzoneManagerRequestHandler.java:311)
	at org.apache.hadoop.ozone.om.ratis.OzoneManagerStateMachine.runCommand(OzoneManagerStateMachine.java:529)
	at org.apache.hadoop.ozone.om.ratis.OzoneManagerStateMachine.lambda$1(OzoneManagerStateMachine.java:324)
	at java.util.concurrent.CompletableFuture$AsyncSupply.run(CompletableFuture.java:1604)
	at java.util.concurrent.ThreadPoolExecutor.runWorker(ThreadPoolExecutor.java:1149)
	at java.util.concurrent.ThreadPoolExecutor$Worker.run(ThreadPoolExecutor.java:624)
	at java.lang.Thread.run(Thread.java:750)
2022-10-18 21:56:07,829 [omNode-3-server-thread1] INFO  server.RaftServer$Division (RaftServerImpl.java:checkInconsistentAppendEntries(1424)) - omNode-3@group-523986131536: Failed appendEntries as previous log entry ((t:5, i:92)) is not found
2022-10-18 21:56:07,829 [omNode-3-server-thread1] INFO  server.RaftServer$Division (RaftServerImpl.java:checkInconsistentAppendEntries(1394)) - omNode-3@group-523986131536: inconsistency entries. Reply:omNode-1<-omNode-3#250:FAIL-t5,INCONSISTENCY,nextIndex=57,followerCommit=56
2022-10-18 21:56:07,830 [omNode-3-server-thread1] INFO  server.RaftServer$Division (RaftServerImpl.java:checkInconsistentAppendEntries(1424)) - omNode-3@group-523986131536: Failed appendEntries as previous log entry ((t:5, i:93)) is not found
2022-10-18 21:56:07,830 [omNode-3-server-thread1] INFO  server.RaftServer$Division (RaftServerImpl.java:checkInconsistentAppendEntries(1394)) - omNode-3@group-523986131536: inconsistency entries. Reply:omNode-1<-omNode-3#252:FAIL-t5,INCONSISTENCY,nextIndex=57,followerCommit=56
2022-10-18 21:56:07,836 [omNode-3-server-thread1] INFO  server.RaftServer$Division (RaftServerImpl.java:checkInconsistentAppendEntries(1424)) - omNode-3@group-523986131536: Failed appendEntries as previous log entry ((t:5, i:94)) is not found
2022-10-18 21:56:07,836 [omNode-3-server-thread1] INFO  server.RaftServer$Division (RaftServerImpl.java:checkInconsistentAppendEntries(1394)) - omNode-3@group-523986131536: inconsistency entries. Reply:omNode-1<-omNode-3#255:FAIL-t5,INCONSISTENCY,nextIndex=57,followerCommit=56
2022-10-18 21:56:07,837 [omNode-3-server-thread1] INFO  server.RaftServer$Division (RaftServerImpl.java:checkInconsistentAppendEntries(1424)) - omNode-3@group-523986131536: Failed appendEntries as previous log entry ((t:5, i:95)) is not found
2022-10-18 21:56:07,837 [omNode-3-server-thread1] INFO  server.RaftServer$Division (RaftServerImpl.java:checkInconsistentAppendEntries(1394)) - omNode-3@group-523986131536: inconsistency entries. Reply:omNode-1<-omNode-3#257:FAIL-t5,INCONSISTENCY,nextIndex=57,followerCommit=56
2022-10-18 21:56:07,873 [omNode-3-server-thread1] INFO  server.RaftServer$Division (RaftServerImpl.java:checkInconsistentAppendEntries(1424)) - omNode-3@group-523986131536: Failed appendEntries as previous log entry ((t:5, i:96)) is not found
2022-10-18 21:56:07,873 [omNode-3-server-thread1] INFO  server.RaftServer$Division (RaftServerImpl.java:checkInconsistentAppendEntries(1394)) - omNode-3@group-523986131536: inconsistency entries. Reply:omNode-1<-omNode-3#262:FAIL-t5,INCONSISTENCY,nextIndex=57,followerCommit=56
2022-10-18 21:56:07,875 [omNode-3-server-thread1] INFO  server.RaftServer$Division (RaftServerImpl.java:checkInconsistentAppendEntries(1424)) - omNode-3@group-523986131536: Failed appendEntries as previous log entry ((t:5, i:97)) is not found
2022-10-18 21:56:07,875 [omNode-3-server-thread1] INFO  server.RaftServer$Division (RaftServerImpl.java:checkInconsistentAppendEntries(1394)) - omNode-3@group-523986131536: inconsistency entries. Reply:omNode-1<-omNode-3#264:FAIL-t5,INCONSISTENCY,nextIndex=57,followerCommit=56
2022-10-18 21:56:07,895 [omNode-3-server-thread1] INFO  server.RaftServer$Division (RaftServerImpl.java:checkInconsistentAppendEntries(1424)) - omNode-3@group-523986131536: Failed appendEntries as previous log entry ((t:5, i:98)) is not found
2022-10-18 21:56:07,895 [omNode-3-server-thread1] INFO  server.RaftServer$Division (RaftServerImpl.java:checkInconsistentAppendEntries(1394)) - omNode-3@group-523986131536: inconsistency entries. Reply:omNode-1<-omNode-3#268:FAIL-t5,INCONSISTENCY,nextIndex=57,followerCommit=56
2022-10-18 21:56:07,895 [grpc-default-executor-2] INFO  leader.FollowerInfo (FollowerInfoImpl.java:lambda$new$0(48)) - omNode-1@group-523986131536->omNode-3: nextIndex: updateUnconditionally 99 -> 57
2022-10-18 21:56:07,899 [omNode-3-server-thread1] INFO  server.RaftServer$Division (RaftServerImpl.java:checkInconsistentAppendEntries(1424)) - omNode-3@group-523986131536: Failed appendEntries as previous log entry ((t:5, i:98)) is not found
2022-10-18 21:56:07,899 [omNode-3-server-thread1] INFO  server.RaftServer$Division (RaftServerImpl.java:checkInconsistentAppendEntries(1394)) - omNode-3@group-523986131536: inconsistency entries. Reply:omNode-1<-omNode-3#270:FAIL-t5,INCONSISTENCY,nextIndex=57,followerCommit=56
2022-10-18 21:56:07,902 [omNode-3-server-thread1] INFO  server.RaftServer$Division (RaftServerImpl.java:checkInconsistentAppendEntries(1424)) - omNode-3@group-523986131536: Failed appendEntries as previous log entry ((t:5, i:99)) is not found
2022-10-18 21:56:07,902 [omNode-3-server-thread1] INFO  server.RaftServer$Division (RaftServerImpl.java:checkInconsistentAppendEntries(1394)) - omNode-3@group-523986131536: inconsistency entries. Reply:omNode-1<-omNode-3#271:FAIL-t5,INCONSISTENCY,nextIndex=57,followerCommit=56
2022-10-18 21:56:07,915 [omNode-3-server-thread1] INFO  server.RaftServer$Division (RaftServerImpl.java:checkInconsistentAppendEntries(1424)) - omNode-3@group-523986131536: Failed appendEntries as previous log entry ((t:5, i:100)) is not found
2022-10-18 21:56:07,915 [omNode-3-server-thread1] INFO  server.RaftServer$Division (RaftServerImpl.java:checkInconsistentAppendEntries(1394)) - omNode-3@group-523986131536: inconsistency entries. Reply:omNode-1<-omNode-3#275:FAIL-t5,INCONSISTENCY,nextIndex=57,followerCommit=56
2022-10-18 21:56:07,918 [omNode-3-server-thread1] INFO  server.RaftServer$Division (RaftServerImpl.java:checkInconsistentAppendEntries(1424)) - omNode-3@group-523986131536: Failed appendEntries as previous log entry ((t:5, i:101)) is not found
2022-10-18 21:56:07,918 [omNode-3-server-thread1] INFO  server.RaftServer$Division (RaftServerImpl.java:checkInconsistentAppendEntries(1394)) - omNode-3@group-523986131536: inconsistency entries. Reply:omNode-1<-omNode-3#277:FAIL-t5,INCONSISTENCY,nextIndex=57,followerCommit=56
2022-10-18 21:56:07,930 [omNode-3-server-thread1] INFO  server.RaftServer$Division (RaftServerImpl.java:checkInconsistentAppendEntries(1424)) - omNode-3@group-523986131536: Failed appendEntries as previous log entry ((t:5, i:102)) is not found
2022-10-18 21:56:07,930 [omNode-3-server-thread1] INFO  server.RaftServer$Division (RaftServerImpl.java:checkInconsistentAppendEntries(1394)) - omNode-3@group-523986131536: inconsistency entries. Reply:omNode-1<-omNode-3#281:FAIL-t5,INCONSISTENCY,nextIndex=57,followerCommit=56
21:56:07.932 [OM StateMachine ApplyTransaction Thread - 0] ERROR OMAudit - user=runner | ip=127.0.0.1 | op=CREATE_FILE {volume=volume96398, bucket=8ae8df27-b9a3-441d-a998-5fdcce3c1c75, key=dir1/dir2/dir3/file1, dataSize=23, replicationType=RATIS, replicationFactor=ONE} | ret=FAILURE
org.apache.hadoop.ozone.om.exceptions.OMException: File dir1/dir2/dir3/file1 already exists
	at org.apache.hadoop.ozone.om.request.file.OMFileCreateRequest.checkDirectoryResult(OMFileCreateRequest.java:360) ~[ozone-manager-1.3.0-SNAPSHOT.jar:?]
	at org.apache.hadoop.ozone.om.request.file.OMFileCreateRequest.validateAndUpdateCache(OMFileCreateRequest.java:240) ~[ozone-manager-1.3.0-SNAPSHOT.jar:?]
	at org.apache.hadoop.ozone.protocolPB.OzoneManagerRequestHandler.handleWriteRequest(OzoneManagerRequestHandler.java:311) ~[ozone-manager-1.3.0-SNAPSHOT.jar:?]
	at org.apache.hadoop.ozone.om.ratis.OzoneManagerStateMachine.runCommand(OzoneManagerStateMachine.java:529) ~[ozone-manager-1.3.0-SNAPSHOT.jar:?]
	at org.apache.hadoop.ozone.om.ratis.OzoneManagerStateMachine.lambda$1(OzoneManagerStateMachine.java:324) ~[ozone-manager-1.3.0-SNAPSHOT.jar:?]
	at java.util.concurrent.CompletableFuture$AsyncSupply.run(CompletableFuture.java:1604) [?:1.8.0_345]
	at java.util.concurrent.ThreadPoolExecutor.runWorker(ThreadPoolExecutor.java:1149) [?:1.8.0_345]
	at java.util.concurrent.ThreadPoolExecutor$Worker.run(ThreadPoolExecutor.java:624) [?:1.8.0_345]
	at java.lang.Thread.run(Thread.java:750) [?:1.8.0_345]
2022-10-18 21:56:07,933 [OM StateMachine ApplyTransaction Thread - 0] ERROR file.OMFileCreateRequest (OMFileCreateRequest.java:validateAndUpdateCache(337)) - File create failed. Volume:volume96398, Bucket:8ae8df27-b9a3-441d-a998-5fdcce3c1c75, Keydir1/dir2/dir3/file1.
FILE_ALREADY_EXISTS org.apache.hadoop.ozone.om.exceptions.OMException: File dir1/dir2/dir3/file1 already exists
	at org.apache.hadoop.ozone.om.request.file.OMFileCreateRequest.checkDirectoryResult(OMFileCreateRequest.java:360)
	at org.apache.hadoop.ozone.om.request.file.OMFileCreateRequest.validateAndUpdateCache(OMFileCreateRequest.java:240)
	at org.apache.hadoop.ozone.protocolPB.OzoneManagerRequestHandler.handleWriteRequest(OzoneManagerRequestHandler.java:311)
	at org.apache.hadoop.ozone.om.ratis.OzoneManagerStateMachine.runCommand(OzoneManagerStateMachine.java:529)
	at org.apache.hadoop.ozone.om.ratis.OzoneManagerStateMachine.lambda$1(OzoneManagerStateMachine.java:324)
	at java.util.concurrent.CompletableFuture$AsyncSupply.run(CompletableFuture.java:1604)
	at java.util.concurrent.ThreadPoolExecutor.runWorker(ThreadPoolExecutor.java:1149)
	at java.util.concurrent.ThreadPoolExecutor$Worker.run(ThreadPoolExecutor.java:624)
	at java.lang.Thread.run(Thread.java:750)
21:56:07.933 [OM StateMachine ApplyTransaction Thread - 0] ERROR OMAudit - user=runner | ip=127.0.0.1 | op=CREATE_FILE {volume=volume96398, bucket=8ae8df27-b9a3-441d-a998-5fdcce3c1c75, key=dir1/dir2/dir3/file1, dataSize=23, replicationType=RATIS, replicationFactor=ONE} | ret=FAILURE
org.apache.hadoop.ozone.om.exceptions.OMException: File dir1/dir2/dir3/file1 already exists
	at org.apache.hadoop.ozone.om.request.file.OMFileCreateRequest.checkDirectoryResult(OMFileCreateRequest.java:360) ~[ozone-manager-1.3.0-SNAPSHOT.jar:?]
	at org.apache.hadoop.ozone.om.request.file.OMFileCreateRequest.validateAndUpdateCache(OMFileCreateRequest.java:240) ~[ozone-manager-1.3.0-SNAPSHOT.jar:?]
	at org.apache.hadoop.ozone.protocolPB.OzoneManagerRequestHandler.handleWriteRequest(OzoneManagerRequestHandler.java:311) ~[ozone-manager-1.3.0-SNAPSHOT.jar:?]
	at org.apache.hadoop.ozone.om.ratis.OzoneManagerStateMachine.runCommand(OzoneManagerStateMachine.java:529) ~[ozone-manager-1.3.0-SNAPSHOT.jar:?]
	at org.apache.hadoop.ozone.om.ratis.OzoneManagerStateMachine.lambda$1(OzoneManagerStateMachine.java:324) ~[ozone-manager-1.3.0-SNAPSHOT.jar:?]
	at java.util.concurrent.CompletableFuture$AsyncSupply.run(CompletableFuture.java:1604) [?:1.8.0_345]
	at java.util.concurrent.ThreadPoolExecutor.runWorker(ThreadPoolExecutor.java:1149) [?:1.8.0_345]
	at java.util.concurrent.ThreadPoolExecutor$Worker.run(ThreadPoolExecutor.java:624) [?:1.8.0_345]
	at java.lang.Thread.run(Thread.java:750) [?:1.8.0_345]
2022-10-18 21:56:07,933 [OM StateMachine ApplyTransaction Thread - 0] ERROR file.OMFileCreateRequest (OMFileCreateRequest.java:validateAndUpdateCache(337)) - File create failed. Volume:volume96398, Bucket:8ae8df27-b9a3-441d-a998-5fdcce3c1c75, Keydir1/dir2/dir3/file1.
FILE_ALREADY_EXISTS org.apache.hadoop.ozone.om.exceptions.OMException: File dir1/dir2/dir3/file1 already exists
	at org.apache.hadoop.ozone.om.request.file.OMFileCreateRequest.checkDirectoryResult(OMFileCreateRequest.java:360)
	at org.apache.hadoop.ozone.om.request.file.OMFileCreateRequest.validateAndUpdateCache(OMFileCreateRequest.java:240)
	at org.apache.hadoop.ozone.protocolPB.OzoneManagerRequestHandler.handleWriteRequest(OzoneManagerRequestHandler.java:311)
	at org.apache.hadoop.ozone.om.ratis.OzoneManagerStateMachine.runCommand(OzoneManagerStateMachine.java:529)
	at org.apache.hadoop.ozone.om.ratis.OzoneManagerStateMachine.lambda$1(OzoneManagerStateMachine.java:324)
	at java.util.concurrent.CompletableFuture$AsyncSupply.run(CompletableFuture.java:1604)
	at java.util.concurrent.ThreadPoolExecutor.runWorker(ThreadPoolExecutor.java:1149)
	at java.util.concurrent.ThreadPoolExecutor$Worker.run(ThreadPoolExecutor.java:624)
	at java.lang.Thread.run(Thread.java:750)
2022-10-18 21:56:07,933 [omNode-3-server-thread1] INFO  server.RaftServer$Division (RaftServerImpl.java:checkInconsistentAppendEntries(1424)) - omNode-3@group-523986131536: Failed appendEntries as previous log entry ((t:5, i:103)) is not found
2022-10-18 21:56:07,933 [omNode-3-server-thread1] INFO  server.RaftServer$Division (RaftServerImpl.java:checkInconsistentAppendEntries(1394)) - omNode-3@group-523986131536: inconsistency entries. Reply:omNode-1<-omNode-3#283:FAIL-t5,INCONSISTENCY,nextIndex=57,followerCommit=56
2022-10-18 21:56:07,935 [omNode-3-server-thread1] INFO  server.RaftServer$Division (RaftServerImpl.java:checkInconsistentAppendEntries(1424)) - omNode-3@group-523986131536: Failed appendEntries as previous log entry ((t:5, i:104)) is not found
2022-10-18 21:56:07,935 [omNode-3-server-thread1] INFO  server.RaftServer$Division (RaftServerImpl.java:checkInconsistentAppendEntries(1394)) - omNode-3@group-523986131536: inconsistency entries. Reply:omNode-1<-omNode-3#286:FAIL-t5,INCONSISTENCY,nextIndex=57,followerCommit=56
2022-10-18 21:56:07,940 [omNode-3-server-thread1] INFO  server.RaftServer$Division (RaftServerImpl.java:checkInconsistentAppendEntries(1424)) - omNode-3@group-523986131536: Failed appendEntries as previous log entry ((t:5, i:105)) is not found
2022-10-18 21:56:07,940 [omNode-3-server-thread1] INFO  server.RaftServer$Division (RaftServerImpl.java:checkInconsistentAppendEntries(1394)) - omNode-3@group-523986131536: inconsistency entries. Reply:omNode-1<-omNode-3#288:FAIL-t5,INCONSISTENCY,nextIndex=57,followerCommit=56
2022-10-18 21:56:07,942 [omNode-3-server-thread1] INFO  server.RaftServer$Division (RaftServerImpl.java:checkInconsistentAppendEntries(1424)) - omNode-3@group-523986131536: Failed appendEntries as previous log entry ((t:5, i:106)) is not found
2022-10-18 21:56:07,942 [omNode-3-server-thread1] INFO  server.RaftServer$Division (RaftServerImpl.java:checkInconsistentAppendEntries(1394)) - omNode-3@group-523986131536: inconsistency entries. Reply:omNode-1<-omNode-3#291:FAIL-t5,INCONSISTENCY,nextIndex=57,followerCommit=56
2022-10-18 21:56:07,943 [omNode-3-server-thread1] INFO  server.RaftServer$Division (RaftServerImpl.java:checkInconsistentAppendEntries(1424)) - omNode-3@group-523986131536: Failed appendEntries as previous log entry ((t:5, i:107)) is not found
2022-10-18 21:56:07,943 [omNode-3-server-thread1] INFO  server.RaftServer$Division (RaftServerImpl.java:checkInconsistentAppendEntries(1394)) - omNode-3@group-523986131536: inconsistency entries. Reply:omNode-1<-omNode-3#293:FAIL-t5,INCONSISTENCY,nextIndex=57,followerCommit=56
2022-10-18 21:56:07,945 [omNode-1@group-523986131536-StateMachineUpdater] INFO  ratis.OzoneManagerStateMachine (OzoneManagerStateMachine.java:takeSnapshot(441)) - Current Snapshot Index (t:5, i:108)
2022-10-18 21:56:07,945 [omNode-1@group-523986131536-StateMachineUpdater] INFO  impl.StateMachineUpdater (StateMachineUpdater.java:takeSnapshot(287)) - omNode-1@group-523986131536-StateMachineUpdater: Took a snapshot at index 108
2022-10-18 21:56:07,945 [omNode-1@group-523986131536-StateMachineUpdater] INFO  impl.StateMachineUpdater (StateMachineUpdater.java:lambda$new$0(92)) - omNode-1@group-523986131536-StateMachineUpdater: snapshotIndex: updateIncreasingly 58 -> 108
2022-10-18 21:56:07,945 [omNode-1@group-523986131536-StateMachineUpdater] INFO  raftlog.RaftLog (RaftLogBase.java:purge(308)) - omNode-1@group-523986131536-SegmentedRaftLog: purge 108
2022-10-18 21:56:07,945 [omNode-1@group-523986131536-StateMachineUpdater] INFO  raftlog.RaftLog (RaftLogBase.java:lambda$new$0(53)) - omNode-1@group-523986131536-SegmentedRaftLog: snapshotIndex: updateIncreasingly 58 -> 108
2022-10-18 21:56:07,945 [omNode-1@group-523986131536-SegmentedRaftLogWorker] INFO  raftlog.RaftLog (RaftLogBase.java:lambda$new$0(53)) - omNode-1@group-523986131536-SegmentedRaftLog: purgeIndex: updateToMax old=56, new=58, updated? true
2022-10-18 21:56:07,952 [omNode-3-server-thread1] INFO  server.RaftServer$Division (RaftServerImpl.java:checkInconsistentAppendEntries(1424)) - omNode-3@group-523986131536: Failed appendEntries as previous log entry ((t:5, i:108)) is not found
2022-10-18 21:56:07,953 [omNode-3-server-thread1] INFO  server.RaftServer$Division (RaftServerImpl.java:checkInconsistentAppendEntries(1394)) - omNode-3@group-523986131536: inconsistency entries. Reply:omNode-1<-omNode-3#296:FAIL-t5,INCONSISTENCY,nextIndex=57,followerCommit=56
2022-10-18 21:56:07,953 [omNode-2@group-523986131536-StateMachineUpdater] INFO  ratis.OzoneManagerStateMachine (OzoneManagerStateMachine.java:takeSnapshot(441)) - Current Snapshot Index (t:5, i:108)
2022-10-18 21:56:07,953 [omNode-2@group-523986131536-StateMachineUpdater] INFO  impl.StateMachineUpdater (StateMachineUpdater.java:takeSnapshot(287)) - omNode-2@group-523986131536-StateMachineUpdater: Took a snapshot at index 108
2022-10-18 21:56:07,953 [omNode-2@group-523986131536-StateMachineUpdater] INFO  impl.StateMachineUpdater (StateMachineUpdater.java:lambda$new$0(92)) - omNode-2@group-523986131536-StateMachineUpdater: snapshotIndex: updateIncreasingly 58 -> 108
2022-10-18 21:56:07,953 [omNode-2@group-523986131536-StateMachineUpdater] INFO  raftlog.RaftLog (RaftLogBase.java:purge(308)) - omNode-2@group-523986131536-SegmentedRaftLog: purge 108
2022-10-18 21:56:07,953 [omNode-2@group-523986131536-StateMachineUpdater] INFO  raftlog.RaftLog (RaftLogBase.java:lambda$new$0(53)) - omNode-2@group-523986131536-SegmentedRaftLog: snapshotIndex: updateIncreasingly 58 -> 108
2022-10-18 21:56:07,954 [omNode-2@group-523986131536-SegmentedRaftLogWorker] INFO  raftlog.RaftLog (RaftLogBase.java:lambda$new$0(53)) - omNode-2@group-523986131536-SegmentedRaftLog: purgeIndex: updateToMax old=56, new=58, updated? true
2022-10-18 21:56:07,955 [omNode-3-server-thread1] INFO  server.RaftServer$Division (RaftServerImpl.java:checkInconsistentAppendEntries(1424)) - omNode-3@group-523986131536: Failed appendEntries as previous log entry ((t:5, i:109)) is not found
2022-10-18 21:56:07,955 [omNode-3-server-thread1] INFO  server.RaftServer$Division (RaftServerImpl.java:checkInconsistentAppendEntries(1394)) - omNode-3@group-523986131536: inconsistency entries. Reply:omNode-1<-omNode-3#297:FAIL-t5,INCONSISTENCY,nextIndex=57,followerCommit=56
2022-10-18 21:56:07,967 [omNode-3-server-thread1] INFO  server.RaftServer$Division (RaftServerImpl.java:checkInconsistentAppendEntries(1424)) - omNode-3@group-523986131536: Failed appendEntries as previous log entry ((t:5, i:110)) is not found
2022-10-18 21:56:07,967 [omNode-3-server-thread1] INFO  server.RaftServer$Division (RaftServerImpl.java:checkInconsistentAppendEntries(1394)) - omNode-3@group-523986131536: inconsistency entries. Reply:omNode-1<-omNode-3#300:FAIL-t5,INCONSISTENCY,nextIndex=57,followerCommit=56
2022-10-18 21:56:07,968 [omNode-3-server-thread1] INFO  server.RaftServer$Division (RaftServerImpl.java:checkInconsistentAppendEntries(1424)) - omNode-3@group-523986131536: Failed appendEntries as previous log entry ((t:5, i:111)) is not found
2022-10-18 21:56:07,968 [omNode-3-server-thread1] INFO  server.RaftServer$Division (RaftServerImpl.java:checkInconsistentAppendEntries(1394)) - omNode-3@group-523986131536: inconsistency entries. Reply:omNode-1<-omNode-3#302:FAIL-t5,INCONSISTENCY,nextIndex=57,followerCommit=56
2022-10-18 21:56:08,000 [omNode-3-server-thread1] INFO  server.RaftServer$Division (RaftServerImpl.java:checkInconsistentAppendEntries(1424)) - omNode-3@group-523986131536: Failed appendEntries as previous log entry ((t:5, i:112)) is not found
2022-10-18 21:56:08,000 [omNode-3-server-thread1] INFO  server.RaftServer$Division (RaftServerImpl.java:checkInconsistentAppendEntries(1394)) - omNode-3@group-523986131536: inconsistency entries. Reply:omNode-1<-omNode-3#307:FAIL-t5,INCONSISTENCY,nextIndex=57,followerCommit=56
2022-10-18 21:56:08,007 [omNode-3-server-thread1] INFO  server.RaftServer$Division (RaftServerImpl.java:checkInconsistentAppendEntries(1424)) - omNode-3@group-523986131536: Failed appendEntries as previous log entry ((t:5, i:113)) is not found
2022-10-18 21:56:08,007 [omNode-3-server-thread1] INFO  server.RaftServer$Division (RaftServerImpl.java:checkInconsistentAppendEntries(1394)) - omNode-3@group-523986131536: inconsistency entries. Reply:omNode-1<-omNode-3#308:FAIL-t5,INCONSISTENCY,nextIndex=57,followerCommit=56
2022-10-18 21:56:08,033 [omNode-3-server-thread1] INFO  server.RaftServer$Division (RaftServerImpl.java:checkInconsistentAppendEntries(1424)) - omNode-3@group-523986131536: Failed appendEntries as previous log entry ((t:5, i:114)) is not found
2022-10-18 21:56:08,033 [omNode-3-server-thread1] INFO  server.RaftServer$Division (RaftServerImpl.java:checkInconsistentAppendEntries(1394)) - omNode-3@group-523986131536: inconsistency entries. Reply:omNode-1<-omNode-3#312:FAIL-t5,INCONSISTENCY,nextIndex=57,followerCommit=56
2022-10-18 21:56:08,035 [omNode-3-server-thread1] INFO  server.RaftServer$Division (RaftServerImpl.java:checkInconsistentAppendEntries(1424)) - omNode-3@group-523986131536: Failed appendEntries as previous log entry ((t:5, i:115)) is not found
2022-10-18 21:56:08,035 [omNode-3-server-thread1] INFO  server.RaftServer$Division (RaftServerImpl.java:checkInconsistentAppendEntries(1394)) - omNode-3@group-523986131536: inconsistency entries. Reply:omNode-1<-omNode-3#314:FAIL-t5,INCONSISTENCY,nextIndex=57,followerCommit=56
2022-10-18 21:56:08,038 [omNode-3-server-thread1] INFO  server.RaftServer$Division (RaftServerImpl.java:checkInconsistentAppendEntries(1424)) - omNode-3@group-523986131536: Failed appendEntries as previous log entry ((t:5, i:116)) is not found
2022-10-18 21:56:08,038 [omNode-3-server-thread1] INFO  server.RaftServer$Division (RaftServerImpl.java:checkInconsistentAppendEntries(1394)) - omNode-3@group-523986131536: inconsistency entries. Reply:omNode-1<-omNode-3#316:FAIL-t5,INCONSISTENCY,nextIndex=57,followerCommit=56
21:56:08.040 [OM StateMachine ApplyTransaction Thread - 0] ERROR OMAudit - user=runner | ip=127.0.0.1 | op=CREATE_FILE {volume=volume96398, bucket=8ae8df27-b9a3-441d-a998-5fdcce3c1c75, key=folder/folder2, dataSize=23, replicationType=RATIS, replicationFactor=ONE} | ret=FAILURE
org.apache.hadoop.ozone.om.exceptions.OMException: Can not write to directory: folder/folder2
	at org.apache.hadoop.ozone.om.request.file.OMFileCreateRequest.checkDirectoryResult(OMFileCreateRequest.java:364) ~[ozone-manager-1.3.0-SNAPSHOT.jar:?]
	at org.apache.hadoop.ozone.om.request.file.OMFileCreateRequest.validateAndUpdateCache(OMFileCreateRequest.java:240) ~[ozone-manager-1.3.0-SNAPSHOT.jar:?]
	at org.apache.hadoop.ozone.protocolPB.OzoneManagerRequestHandler.handleWriteRequest(OzoneManagerRequestHandler.java:311) ~[ozone-manager-1.3.0-SNAPSHOT.jar:?]
	at org.apache.hadoop.ozone.om.ratis.OzoneManagerStateMachine.runCommand(OzoneManagerStateMachine.java:529) ~[ozone-manager-1.3.0-SNAPSHOT.jar:?]
	at org.apache.hadoop.ozone.om.ratis.OzoneManagerStateMachine.lambda$1(OzoneManagerStateMachine.java:324) ~[ozone-manager-1.3.0-SNAPSHOT.jar:?]
	at java.util.concurrent.CompletableFuture$AsyncSupply.run(CompletableFuture.java:1604) [?:1.8.0_345]
	at java.util.concurrent.ThreadPoolExecutor.runWorker(ThreadPoolExecutor.java:1149) [?:1.8.0_345]
	at java.util.concurrent.ThreadPoolExecutor$Worker.run(ThreadPoolExecutor.java:624) [?:1.8.0_345]
	at java.lang.Thread.run(Thread.java:750) [?:1.8.0_345]
2022-10-18 21:56:08,040 [OM StateMachine ApplyTransaction Thread - 0] ERROR file.OMFileCreateRequest (OMFileCreateRequest.java:validateAndUpdateCache(337)) - File create failed. Volume:volume96398, Bucket:8ae8df27-b9a3-441d-a998-5fdcce3c1c75, Keyfolder/folder2.
NOT_A_FILE org.apache.hadoop.ozone.om.exceptions.OMException: Can not write to directory: folder/folder2
	at org.apache.hadoop.ozone.om.request.file.OMFileCreateRequest.checkDirectoryResult(OMFileCreateRequest.java:364)
	at org.apache.hadoop.ozone.om.request.file.OMFileCreateRequest.validateAndUpdateCache(OMFileCreateRequest.java:240)
	at org.apache.hadoop.ozone.protocolPB.OzoneManagerRequestHandler.handleWriteRequest(OzoneManagerRequestHandler.java:311)
	at org.apache.hadoop.ozone.om.ratis.OzoneManagerStateMachine.runCommand(OzoneManagerStateMachine.java:529)
	at org.apache.hadoop.ozone.om.ratis.OzoneManagerStateMachine.lambda$1(OzoneManagerStateMachine.java:324)
	at java.util.concurrent.CompletableFuture$AsyncSupply.run(CompletableFuture.java:1604)
	at java.util.concurrent.ThreadPoolExecutor.runWorker(ThreadPoolExecutor.java:1149)
	at java.util.concurrent.ThreadPoolExecutor$Worker.run(ThreadPoolExecutor.java:624)
	at java.lang.Thread.run(Thread.java:750)
2022-10-18 21:56:08,041 [omNode-3-server-thread1] INFO  server.RaftServer$Division (RaftServerImpl.java:checkInconsistentAppendEntries(1424)) - omNode-3@group-523986131536: Failed appendEntries as previous log entry ((t:5, i:117)) is not found
2022-10-18 21:56:08,041 [omNode-3-server-thread1] INFO  server.RaftServer$Division (RaftServerImpl.java:checkInconsistentAppendEntries(1394)) - omNode-3@group-523986131536: inconsistency entries. Reply:omNode-1<-omNode-3#317:FAIL-t5,INCONSISTENCY,nextIndex=57,followerCommit=56
21:56:08.041 [OM StateMachine ApplyTransaction Thread - 0] ERROR OMAudit - user=runner | ip=127.0.0.1 | op=CREATE_FILE {volume=volume96398, bucket=8ae8df27-b9a3-441d-a998-5fdcce3c1c75, key=folder/folder2, dataSize=23, replicationType=RATIS, replicationFactor=ONE} | ret=FAILURE
org.apache.hadoop.ozone.om.exceptions.OMException: Can not write to directory: folder/folder2
	at org.apache.hadoop.ozone.om.request.file.OMFileCreateRequest.checkDirectoryResult(OMFileCreateRequest.java:364) ~[ozone-manager-1.3.0-SNAPSHOT.jar:?]
	at org.apache.hadoop.ozone.om.request.file.OMFileCreateRequest.validateAndUpdateCache(OMFileCreateRequest.java:240) ~[ozone-manager-1.3.0-SNAPSHOT.jar:?]
	at org.apache.hadoop.ozone.protocolPB.OzoneManagerRequestHandler.handleWriteRequest(OzoneManagerRequestHandler.java:311) ~[ozone-manager-1.3.0-SNAPSHOT.jar:?]
	at org.apache.hadoop.ozone.om.ratis.OzoneManagerStateMachine.runCommand(OzoneManagerStateMachine.java:529) ~[ozone-manager-1.3.0-SNAPSHOT.jar:?]
	at org.apache.hadoop.ozone.om.ratis.OzoneManagerStateMachine.lambda$1(OzoneManagerStateMachine.java:324) ~[ozone-manager-1.3.0-SNAPSHOT.jar:?]
	at java.util.concurrent.CompletableFuture$AsyncSupply.run(CompletableFuture.java:1604) [?:1.8.0_345]
	at java.util.concurrent.ThreadPoolExecutor.runWorker(ThreadPoolExecutor.java:1149) [?:1.8.0_345]
	at java.util.concurrent.ThreadPoolExecutor$Worker.run(ThreadPoolExecutor.java:624) [?:1.8.0_345]
	at java.lang.Thread.run(Thread.java:750) [?:1.8.0_345]
2022-10-18 21:56:08,042 [OM StateMachine ApplyTransaction Thread - 0] ERROR file.OMFileCreateRequest (OMFileCreateRequest.java:validateAndUpdateCache(337)) - File create failed. Volume:volume96398, Bucket:8ae8df27-b9a3-441d-a998-5fdcce3c1c75, Keyfolder/folder2.
NOT_A_FILE org.apache.hadoop.ozone.om.exceptions.OMException: Can not write to directory: folder/folder2
	at org.apache.hadoop.ozone.om.request.file.OMFileCreateRequest.checkDirectoryResult(OMFileCreateRequest.java:364)
	at org.apache.hadoop.ozone.om.request.file.OMFileCreateRequest.validateAndUpdateCache(OMFileCreateRequest.java:240)
	at org.apache.hadoop.ozone.protocolPB.OzoneManagerRequestHandler.handleWriteRequest(OzoneManagerRequestHandler.java:311)
	at org.apache.hadoop.ozone.om.ratis.OzoneManagerStateMachine.runCommand(OzoneManagerStateMachine.java:529)
	at org.apache.hadoop.ozone.om.ratis.OzoneManagerStateMachine.lambda$1(OzoneManagerStateMachine.java:324)
	at java.util.concurrent.CompletableFuture$AsyncSupply.run(CompletableFuture.java:1604)
	at java.util.concurrent.ThreadPoolExecutor.runWorker(ThreadPoolExecutor.java:1149)
	at java.util.concurrent.ThreadPoolExecutor$Worker.run(ThreadPoolExecutor.java:624)
	at java.lang.Thread.run(Thread.java:750)
2022-10-18 21:56:08,052 [Listener at localhost/45943] INFO  rpc.RpcClient (RpcClient.java:createVolume(471)) - Creating Volume: volume31069, with user07055 as owner and space quota set to -1 bytes, counts quota set to -1
2022-10-18 21:56:08,054 [omNode-3-server-thread1] INFO  server.RaftServer$Division (RaftServerImpl.java:checkInconsistentAppendEntries(1424)) - omNode-3@group-523986131536: Failed appendEntries as previous log entry ((t:5, i:118)) is not found
2022-10-18 21:56:08,054 [omNode-3-server-thread1] INFO  server.RaftServer$Division (RaftServerImpl.java:checkInconsistentAppendEntries(1394)) - omNode-3@group-523986131536: inconsistency entries. Reply:omNode-1<-omNode-3#321:FAIL-t5,INCONSISTENCY,nextIndex=57,followerCommit=56
2022-10-18 21:56:08,056 [OM StateMachine ApplyTransaction Thread - 0] INFO  volume.OMVolumeCreateRequest (OMVolumeCreateRequest.java:validateAndUpdateCache(195)) - created volume:volume31069 for user:user07055
2022-10-18 21:56:08,056 [omNode-3-server-thread1] INFO  server.RaftServer$Division (RaftServerImpl.java:checkInconsistentAppendEntries(1424)) - omNode-3@group-523986131536: Failed appendEntries as previous log entry ((t:5, i:119)) is not found
2022-10-18 21:56:08,056 [omNode-3-server-thread1] INFO  server.RaftServer$Division (RaftServerImpl.java:checkInconsistentAppendEntries(1394)) - omNode-3@group-523986131536: inconsistency entries. Reply:omNode-1<-omNode-3#323:FAIL-t5,INCONSISTENCY,nextIndex=57,followerCommit=56
2022-10-18 21:56:08,057 [Listener at localhost/45943] INFO  rpc.RpcClient (RpcClient.java:createBucket(674)) - Creating Bucket: volume31069/1032d721-b79c-4970-9d77-11b94fde45c5, with server-side default bucket layout, runner as owner, Versioning false, Storage Type set to DISK and Encryption set to false 
2022-10-18 21:56:08,059 [omNode-3-server-thread1] INFO  server.RaftServer$Division (RaftServerImpl.java:checkInconsistentAppendEntries(1424)) - omNode-3@group-523986131536: Failed appendEntries as previous log entry ((t:5, i:120)) is not found
2022-10-18 21:56:08,059 [omNode-3-server-thread1] INFO  server.RaftServer$Division (RaftServerImpl.java:checkInconsistentAppendEntries(1394)) - omNode-3@group-523986131536: inconsistency entries. Reply:omNode-1<-omNode-3#324:FAIL-t5,INCONSISTENCY,nextIndex=57,followerCommit=56
2022-10-18 21:56:08,060 [OM StateMachine ApplyTransaction Thread - 0] INFO  volume.OMVolumeCreateRequest (OMVolumeCreateRequest.java:validateAndUpdateCache(195)) - created volume:volume31069 for user:user07055
2022-10-18 21:56:08,061 [OM StateMachine ApplyTransaction Thread - 0] INFO  bucket.OMBucketCreateRequest (OMBucketCreateRequest.java:validateAndUpdateCache(260)) - created bucket: 1032d721-b79c-4970-9d77-11b94fde45c5 of layout LEGACY in volume: volume31069
2022-10-18 21:56:08,062 [omNode-3-server-thread1] INFO  server.RaftServer$Division (RaftServerImpl.java:checkInconsistentAppendEntries(1424)) - omNode-3@group-523986131536: Failed appendEntries as previous log entry ((t:5, i:121)) is not found
2022-10-18 21:56:08,062 [omNode-3-server-thread1] INFO  server.RaftServer$Division (RaftServerImpl.java:checkInconsistentAppendEntries(1394)) - omNode-3@group-523986131536: inconsistency entries. Reply:omNode-1<-omNode-3#326:FAIL-t5,INCONSISTENCY,nextIndex=57,followerCommit=56
2022-10-18 21:56:08,063 [OM StateMachine ApplyTransaction Thread - 0] INFO  bucket.OMBucketCreateRequest (OMBucketCreateRequest.java:validateAndUpdateCache(260)) - created bucket: 1032d721-b79c-4970-9d77-11b94fde45c5 of layout LEGACY in volume: volume31069
2022-10-18 21:56:08,066 [omNode-3-server-thread1] INFO  server.RaftServer$Division (RaftServerImpl.java:checkInconsistentAppendEntries(1424)) - omNode-3@group-523986131536: Failed appendEntries as previous log entry ((t:5, i:122)) is not found
2022-10-18 21:56:08,066 [omNode-3-server-thread1] INFO  server.RaftServer$Division (RaftServerImpl.java:checkInconsistentAppendEntries(1394)) - omNode-3@group-523986131536: inconsistency entries. Reply:omNode-1<-omNode-3#328:FAIL-t5,INCONSISTENCY,nextIndex=57,followerCommit=56
2022-10-18 21:56:08,069 [omNode-3-server-thread1] INFO  server.RaftServer$Division (RaftServerImpl.java:checkInconsistentAppendEntries(1424)) - omNode-3@group-523986131536: Failed appendEntries as previous log entry ((t:5, i:123)) is not found
2022-10-18 21:56:08,069 [omNode-3-server-thread1] INFO  server.RaftServer$Division (RaftServerImpl.java:checkInconsistentAppendEntries(1394)) - omNode-3@group-523986131536: inconsistency entries. Reply:omNode-1<-omNode-3#330:FAIL-t5,INCONSISTENCY,nextIndex=57,followerCommit=56
2022-10-18 21:56:08,079 [omNode-3-server-thread1] INFO  server.RaftServer$Division (RaftServerImpl.java:checkInconsistentAppendEntries(1424)) - omNode-3@group-523986131536: Failed appendEntries as previous log entry ((t:5, i:124)) is not found
2022-10-18 21:56:08,080 [omNode-3-server-thread1] INFO  server.RaftServer$Division (RaftServerImpl.java:checkInconsistentAppendEntries(1394)) - omNode-3@group-523986131536: inconsistency entries. Reply:omNode-1<-omNode-3#333:FAIL-t5,INCONSISTENCY,nextIndex=57,followerCommit=56
2022-10-18 21:56:08,081 [omNode-3-server-thread1] INFO  server.RaftServer$Division (RaftServerImpl.java:checkInconsistentAppendEntries(1424)) - omNode-3@group-523986131536: Failed appendEntries as previous log entry ((t:5, i:125)) is not found
2022-10-18 21:56:08,081 [omNode-3-server-thread1] INFO  server.RaftServer$Division (RaftServerImpl.java:checkInconsistentAppendEntries(1394)) - omNode-3@group-523986131536: inconsistency entries. Reply:omNode-1<-omNode-3#334:FAIL-t5,INCONSISTENCY,nextIndex=57,followerCommit=56
2022-10-18 21:56:08,093 [omNode-3-server-thread1] INFO  server.RaftServer$Division (RaftServerImpl.java:checkInconsistentAppendEntries(1424)) - omNode-3@group-523986131536: Failed appendEntries as previous log entry ((t:5, i:126)) is not found
2022-10-18 21:56:08,093 [omNode-3-server-thread1] INFO  server.RaftServer$Division (RaftServerImpl.java:checkInconsistentAppendEntries(1394)) - omNode-3@group-523986131536: inconsistency entries. Reply:omNode-1<-omNode-3#337:FAIL-t5,INCONSISTENCY,nextIndex=57,followerCommit=56
2022-10-18 21:56:08,095 [omNode-3-server-thread1] INFO  server.RaftServer$Division (RaftServerImpl.java:checkInconsistentAppendEntries(1424)) - omNode-3@group-523986131536: Failed appendEntries as previous log entry ((t:5, i:127)) is not found
2022-10-18 21:56:08,095 [omNode-3-server-thread1] INFO  server.RaftServer$Division (RaftServerImpl.java:checkInconsistentAppendEntries(1394)) - omNode-3@group-523986131536: inconsistency entries. Reply:omNode-1<-omNode-3#339:FAIL-t5,INCONSISTENCY,nextIndex=57,followerCommit=56
2022-10-18 21:56:08,104 [omNode-3-server-thread1] INFO  server.RaftServer$Division (RaftServerImpl.java:checkInconsistentAppendEntries(1424)) - omNode-3@group-523986131536: Failed appendEntries as previous log entry ((t:5, i:128)) is not found
2022-10-18 21:56:08,104 [omNode-3-server-thread1] INFO  server.RaftServer$Division (RaftServerImpl.java:checkInconsistentAppendEntries(1394)) - omNode-3@group-523986131536: inconsistency entries. Reply:omNode-1<-omNode-3#341:FAIL-t5,INCONSISTENCY,nextIndex=57,followerCommit=56
2022-10-18 21:56:08,106 [omNode-3-server-thread1] INFO  server.RaftServer$Division (RaftServerImpl.java:checkInconsistentAppendEntries(1424)) - omNode-3@group-523986131536: Failed appendEntries as previous log entry ((t:5, i:129)) is not found
2022-10-18 21:56:08,106 [omNode-3-server-thread1] INFO  server.RaftServer$Division (RaftServerImpl.java:checkInconsistentAppendEntries(1394)) - omNode-3@group-523986131536: inconsistency entries. Reply:omNode-1<-omNode-3#342:FAIL-t5,INCONSISTENCY,nextIndex=57,followerCommit=56
2022-10-18 21:56:08,121 [omNode-3-server-thread1] INFO  server.RaftServer$Division (RaftServerImpl.java:checkInconsistentAppendEntries(1424)) - omNode-3@group-523986131536: Failed appendEntries as previous log entry ((t:5, i:130)) is not found
2022-10-18 21:56:08,122 [omNode-3-server-thread1] INFO  server.RaftServer$Division (RaftServerImpl.java:checkInconsistentAppendEntries(1394)) - omNode-3@group-523986131536: inconsistency entries. Reply:omNode-1<-omNode-3#345:FAIL-t5,INCONSISTENCY,nextIndex=57,followerCommit=56
2022-10-18 21:56:08,124 [omNode-3-server-thread1] INFO  server.RaftServer$Division (RaftServerImpl.java:checkInconsistentAppendEntries(1424)) - omNode-3@group-523986131536: Failed appendEntries as previous log entry ((t:5, i:131)) is not found
2022-10-18 21:56:08,124 [omNode-3-server-thread1] INFO  server.RaftServer$Division (RaftServerImpl.java:checkInconsistentAppendEntries(1394)) - omNode-3@group-523986131536: inconsistency entries. Reply:omNode-1<-omNode-3#346:FAIL-t5,INCONSISTENCY,nextIndex=57,followerCommit=56
2022-10-18 21:56:08,134 [omNode-3-server-thread1] INFO  server.RaftServer$Division (RaftServerImpl.java:checkInconsistentAppendEntries(1424)) - omNode-3@group-523986131536: Failed appendEntries as previous log entry ((t:5, i:132)) is not found
2022-10-18 21:56:08,134 [omNode-3-server-thread1] INFO  server.RaftServer$Division (RaftServerImpl.java:checkInconsistentAppendEntries(1394)) - omNode-3@group-523986131536: inconsistency entries. Reply:omNode-1<-omNode-3#348:FAIL-t5,INCONSISTENCY,nextIndex=57,followerCommit=56
2022-10-18 21:56:08,136 [omNode-3-server-thread1] INFO  server.RaftServer$Division (RaftServerImpl.java:checkInconsistentAppendEntries(1424)) - omNode-3@group-523986131536: Failed appendEntries as previous log entry ((t:5, i:133)) is not found
2022-10-18 21:56:08,136 [omNode-3-server-thread1] INFO  server.RaftServer$Division (RaftServerImpl.java:checkInconsistentAppendEntries(1394)) - omNode-3@group-523986131536: inconsistency entries. Reply:omNode-1<-omNode-3#349:FAIL-t5,INCONSISTENCY,nextIndex=57,followerCommit=56
2022-10-18 21:56:08,150 [omNode-3-server-thread1] INFO  server.RaftServer$Division (RaftServerImpl.java:checkInconsistentAppendEntries(1424)) - omNode-3@group-523986131536: Failed appendEntries as previous log entry ((t:5, i:134)) is not found
2022-10-18 21:56:08,150 [omNode-3-server-thread1] INFO  server.RaftServer$Division (RaftServerImpl.java:checkInconsistentAppendEntries(1394)) - omNode-3@group-523986131536: inconsistency entries. Reply:omNode-1<-omNode-3#352:FAIL-t5,INCONSISTENCY,nextIndex=57,followerCommit=56
2022-10-18 21:56:08,152 [omNode-3-server-thread1] INFO  server.RaftServer$Division (RaftServerImpl.java:checkInconsistentAppendEntries(1424)) - omNode-3@group-523986131536: Failed appendEntries as previous log entry ((t:5, i:135)) is not found
2022-10-18 21:56:08,152 [omNode-3-server-thread1] INFO  server.RaftServer$Division (RaftServerImpl.java:checkInconsistentAppendEntries(1394)) - omNode-3@group-523986131536: inconsistency entries. Reply:omNode-1<-omNode-3#353:FAIL-t5,INCONSISTENCY,nextIndex=57,followerCommit=56
2022-10-18 21:56:08,160 [omNode-3-server-thread1] INFO  server.RaftServer$Division (RaftServerImpl.java:checkInconsistentAppendEntries(1424)) - omNode-3@group-523986131536: Failed appendEntries as previous log entry ((t:5, i:136)) is not found
2022-10-18 21:56:08,161 [omNode-3-server-thread1] INFO  server.RaftServer$Division (RaftServerImpl.java:checkInconsistentAppendEntries(1394)) - omNode-3@group-523986131536: inconsistency entries. Reply:omNode-1<-omNode-3#355:FAIL-t5,INCONSISTENCY,nextIndex=57,followerCommit=56
2022-10-18 21:56:08,162 [omNode-3-server-thread1] INFO  server.RaftServer$Division (RaftServerImpl.java:checkInconsistentAppendEntries(1424)) - omNode-3@group-523986131536: Failed appendEntries as previous log entry ((t:5, i:137)) is not found
2022-10-18 21:56:08,162 [omNode-3-server-thread1] INFO  server.RaftServer$Division (RaftServerImpl.java:checkInconsistentAppendEntries(1394)) - omNode-3@group-523986131536: inconsistency entries. Reply:omNode-1<-omNode-3#356:FAIL-t5,INCONSISTENCY,nextIndex=57,followerCommit=56
2022-10-18 21:56:08,176 [omNode-3-server-thread1] INFO  server.RaftServer$Division (RaftServerImpl.java:checkInconsistentAppendEntries(1424)) - omNode-3@group-523986131536: Failed appendEntries as previous log entry ((t:5, i:138)) is not found
2022-10-18 21:56:08,176 [omNode-3-server-thread1] INFO  server.RaftServer$Division (RaftServerImpl.java:checkInconsistentAppendEntries(1394)) - omNode-3@group-523986131536: inconsistency entries. Reply:omNode-1<-omNode-3#359:FAIL-t5,INCONSISTENCY,nextIndex=57,followerCommit=56
2022-10-18 21:56:08,179 [omNode-3-server-thread1] INFO  server.RaftServer$Division (RaftServerImpl.java:checkInconsistentAppendEntries(1424)) - omNode-3@group-523986131536: Failed appendEntries as previous log entry ((t:5, i:139)) is not found
2022-10-18 21:56:08,179 [omNode-3-server-thread1] INFO  server.RaftServer$Division (RaftServerImpl.java:checkInconsistentAppendEntries(1394)) - omNode-3@group-523986131536: inconsistency entries. Reply:omNode-1<-omNode-3#361:FAIL-t5,INCONSISTENCY,nextIndex=57,followerCommit=56
2022-10-18 21:56:08,185 [omNode-3-server-thread1] INFO  server.RaftServer$Division (RaftServerImpl.java:checkInconsistentAppendEntries(1424)) - omNode-3@group-523986131536: Failed appendEntries as previous log entry ((t:5, i:140)) is not found
2022-10-18 21:56:08,185 [omNode-3-server-thread1] INFO  server.RaftServer$Division (RaftServerImpl.java:checkInconsistentAppendEntries(1394)) - omNode-3@group-523986131536: inconsistency entries. Reply:omNode-1<-omNode-3#364:FAIL-t5,INCONSISTENCY,nextIndex=57,followerCommit=56
2022-10-18 21:56:08,188 [omNode-3-server-thread1] INFO  server.RaftServer$Division (RaftServerImpl.java:checkInconsistentAppendEntries(1424)) - omNode-3@group-523986131536: Failed appendEntries as previous log entry ((t:5, i:141)) is not found
2022-10-18 21:56:08,188 [omNode-3-server-thread1] INFO  server.RaftServer$Division (RaftServerImpl.java:checkInconsistentAppendEntries(1394)) - omNode-3@group-523986131536: inconsistency entries. Reply:omNode-1<-omNode-3#366:FAIL-t5,INCONSISTENCY,nextIndex=57,followerCommit=56
2022-10-18 21:56:08,191 [omNode-3-server-thread1] INFO  server.RaftServer$Division (RaftServerImpl.java:checkInconsistentAppendEntries(1424)) - omNode-3@group-523986131536: Failed appendEntries as previous log entry ((t:5, i:142)) is not found
2022-10-18 21:56:08,191 [omNode-3-server-thread1] INFO  server.RaftServer$Division (RaftServerImpl.java:checkInconsistentAppendEntries(1394)) - omNode-3@group-523986131536: inconsistency entries. Reply:omNode-1<-omNode-3#368:FAIL-t5,INCONSISTENCY,nextIndex=57,followerCommit=56
2022-10-18 21:56:08,192 [omNode-3-server-thread1] INFO  server.RaftServer$Division (RaftServerImpl.java:checkInconsistentAppendEntries(1424)) - omNode-3@group-523986131536: Failed appendEntries as previous log entry ((t:5, i:143)) is not found
2022-10-18 21:56:08,192 [omNode-3-server-thread1] INFO  server.RaftServer$Division (RaftServerImpl.java:checkInconsistentAppendEntries(1394)) - omNode-3@group-523986131536: inconsistency entries. Reply:omNode-1<-omNode-3#370:FAIL-t5,INCONSISTENCY,nextIndex=57,followerCommit=56
2022-10-18 21:56:08,193 [OM StateMachine ApplyTransaction Thread - 0] ERROR key.OMKeysDeleteRequest (OMKeysDeleteRequest.java:validateAndUpdateCache(146)) - Received a request to delete a Key does not exist /volume31069/1032d721-b79c-4970-9d77-11b94fde45c5/dir/file3
2022-10-18 21:56:08,194 [OM StateMachine ApplyTransaction Thread - 0] ERROR key.OMKeysDeleteRequest (OMKeysDeleteRequest.java:validateAndUpdateCache(146)) - Received a request to delete a Key does not exist /volume31069/1032d721-b79c-4970-9d77-11b94fde45c5/dir/file3
2022-10-18 21:56:08,196 [Listener at localhost/45943] INFO  om.OzoneManager (OzoneManager.java:stop(2034)) - omNode-3[localhost:43229]: Stopping Ozone Manager
2022-10-18 21:56:08,196 [Listener at localhost/45943] INFO  ipc.Server (Server.java:stop(3428)) - Stopping server on 43229
2022-10-18 21:56:08,198 [IPC Server listener on 43229] INFO  ipc.Server (Server.java:run(1384)) - Stopping IPC Server listener on 43229
2022-10-18 21:56:08,198 [IPC Server Responder] INFO  ipc.Server (Server.java:run(1517)) - Stopping IPC Server Responder
2022-10-18 21:56:08,201 [Listener at localhost/45943] INFO  server.RaftServer (RaftServerProxy.java:lambda$close$7(398)) - omNode-3: close
2022-10-18 21:56:08,201 [Listener at localhost/45943] INFO  server.RaftServer$Division (RaftServerImpl.java:lambda$close$4(434)) - omNode-3@group-523986131536: shutdown
2022-10-18 21:56:08,202 [Listener at localhost/45943] INFO  util.JmxRegister (JmxRegister.java:unregister(73)) - Successfully un-registered JMX Bean with object name Ratis:service=RaftServer,group=group-523986131536,id=omNode-3
2022-10-18 21:56:08,202 [Listener at localhost/45943] INFO  impl.RoleInfo (RoleInfo.java:shutdownFollowerState(110)) - omNode-3: shutdown omNode-3@group-523986131536-FollowerState
2022-10-18 21:56:08,202 [Listener at localhost/45943] INFO  impl.StateMachineUpdater (StateMachineUpdater.java:stopAndJoin(153)) - omNode-3@group-523986131536-StateMachineUpdater: set stopIndex = 56
2022-10-18 21:56:08,202 [omNode-3@group-523986131536-FollowerState] INFO  impl.FollowerState (FollowerState.java:run(152)) - omNode-3@group-523986131536-FollowerState was interrupted
2022-10-18 21:56:08,202 [omNode-3@group-523986131536-StateMachineUpdater] INFO  ratis.OzoneManagerStateMachine (OzoneManagerStateMachine.java:close(495)) - StateMachine has shutdown. Shutdown OzoneManager if not already shutdown.
2022-10-18 21:56:08,203 [omNode-3@group-523986131536-StateMachineUpdater] INFO  ratis.OzoneManagerDoubleBuffer (OzoneManagerDoubleBuffer.java:stop(466)) - Stopping OMDoubleBuffer flush thread
2022-10-18 21:56:08,203 [OMDoubleBufferFlushThread] INFO  ratis.OzoneManagerDoubleBuffer (OzoneManagerDoubleBuffer.java:flushTransactions(385)) - OMDoubleBuffer flush thread OMDoubleBufferFlushThread is interrupted and will exit.
2022-10-18 21:56:08,203 [Listener at localhost/45943] INFO  server.RaftServer$Division (ServerState.java:close(429)) - omNode-3@group-523986131536: closes. applyIndex: 56
2022-10-18 21:56:08,203 [omNode-3@group-523986131536-SegmentedRaftLogWorker] INFO  segmented.SegmentedRaftLogWorker (SegmentedRaftLogWorker.java:run(336)) - omNode-3@group-523986131536-SegmentedRaftLogWorker was interrupted, exiting. There are 0 tasks remaining in the queue.
2022-10-18 21:56:08,203 [Listener at localhost/45943] INFO  segmented.SegmentedRaftLogWorker (SegmentedRaftLogWorker.java:close(246)) - omNode-3@group-523986131536-SegmentedRaftLogWorker close()
2022-10-18 21:56:08,204 [Listener at localhost/45943] INFO  server.GrpcService (GrpcService.java:closeImpl(269)) - omNode-3: shutdown server with port 38017 now
2022-10-18 21:56:08,206 [grpc-default-executor-3] WARN  server.GrpcServerProtocolService (LogUtils.java:warn(122)) - omNode-3: installSnapshot onError, lastRequest: omNode-1->omNode-3#370-t5,previous=(t:5, i:143),leaderCommit=143,initializing? false,entries: size=1, first=(t:5, i:144), METADATAENTRY(c:143): org.apache.ratis.thirdparty.io.grpc.StatusRuntimeException: CANCELLED: client cancelled
2022-10-18 21:56:08,206 [grpc-default-executor-0] WARN  server.GrpcLogAppender (LogUtils.java:warn(122)) - omNode-1@group-523986131536->omNode-3-AppendLogResponseHandler: Failed appendEntries: org.apache.ratis.thirdparty.io.grpc.StatusRuntimeException: CANCELLED: RST_STREAM closed stream. HTTP/2 error code: CANCEL
2022-10-18 21:56:08,206 [grpc-default-executor-1] WARN  server.GrpcServerProtocolService (LogUtils.java:warn(122)) - omNode-3: installSnapshot onError, lastRequest: omNode-1->omNode-3#1-t5,previous=(t:4, i:58),leaderCommit=58,initializing? true,entries: size=1, first=(t:5, i:59), CONFIGURATIONENTRY: org.apache.ratis.thirdparty.io.grpc.StatusRuntimeException: CANCELLED: client cancelled
2022-10-18 21:56:08,206 [grpc-default-executor-2] INFO  server.GrpcLogAppender (GrpcLogAppender.java:onError(328)) - omNode-1@group-523986131536->omNode-3-GrpcLogAppender is stopped
2022-10-18 21:56:08,206 [grpc-default-executor-0] INFO  leader.FollowerInfo (FollowerInfoImpl.java:lambda$new$0(48)) - omNode-1@group-523986131536->omNode-3: nextIndex: updateUnconditionally 145 -> 57
2022-10-18 21:56:08,207 [Listener at localhost/45943] INFO  server.GrpcService (GrpcService.java:closeImpl(278)) - omNode-3: shutdown server with port 38017 successfully
2022-10-18 21:56:08,208 [org.apache.ratis.util.JvmPauseMonitor$$Lambda$703/854163851@30ad1d8d] INFO  util.JvmPauseMonitor (JvmPauseMonitor.java:run(109)) - JvmPauseMonitor-omNode-3: Stopped
2022-10-18 21:56:08,208 [Listener at localhost/45943] INFO  ratis.OzoneManagerStateMachine (OzoneManagerStateMachine.java:close(495)) - StateMachine has shutdown. Shutdown OzoneManager if not already shutdown.
2022-10-18 21:56:08,208 [Listener at localhost/45943] INFO  ratis.OzoneManagerDoubleBuffer (OzoneManagerDoubleBuffer.java:stop(478)) - OMDoubleBuffer flush thread is not running.
2022-10-18 21:56:08,208 [Listener at localhost/45943] INFO  handler.ContextHandler (ContextHandler.java:doStop(1153)) - Stopped o.e.j.w.WebAppContext@e49055a{ozoneManager,/,null,STOPPED}{file:/home/runner/work/ozone/ozone/hadoop-ozone/integration-test/target/test-classes/webapps/ozoneManager}
2022-10-18 21:56:08,209 [Listener at localhost/45943] INFO  server.AbstractConnector (AbstractConnector.java:doStop(381)) - Stopped ServerConnector@1b12911f{HTTP/1.1, (http/1.1)}{0.0.0.0:35093}
2022-10-18 21:56:08,209 [Listener at localhost/45943] INFO  server.session (HouseKeeper.java:stopScavenging(149)) - node0 Stopped scavenging
2022-10-18 21:56:08,209 [Listener at localhost/45943] INFO  handler.ContextHandler (ContextHandler.java:doStop(1153)) - Stopped o.e.j.s.ServletContextHandler@3159479b{static,/static,file:///home/runner/work/ozone/ozone/hadoop-ozone/integration-test/target/test-classes/webapps/static,STOPPED}
2022-10-18 21:56:08,210 [Listener at localhost/45943] INFO  handler.ContextHandler (ContextHandler.java:doStop(1153)) - Stopped o.e.j.s.ServletContextHandler@1945176d{logs,/logs,file:///home/runner/work/ozone/ozone/hadoop-ozone/integration-test/target/log,STOPPED}
2022-10-18 21:56:08,212 [Listener at localhost/45943] INFO  om.OzoneManager (OzoneManager.java:restart(1571)) - OzoneManager RPC server is listening at localhost/127.0.0.1:43229
2022-10-18 21:56:08,212 [Listener at localhost/45943] INFO  impl.MetricsSystemImpl (MetricsSystemImpl.java:init(158)) - OzoneManager metrics system started (again)
2022-10-18 21:56:08,214 [omNode-1@group-523986131536->omNode-3-GrpcLogAppender-LogAppenderDaemon] INFO  server.GrpcLogAppender (GrpcLogAppender.java:installSnapshot(541)) - omNode-1@group-523986131536->omNode-3-GrpcLogAppender: followerNextIndex = 57 but logStartIndex = 59, notify follower to install snapshot-(t:5, i:59)
2022-10-18 21:56:08,214 [omNode-1@group-523986131536->omNode-3-GrpcLogAppender-LogAppenderDaemon] INFO  server.GrpcLogAppender (GrpcLogAppender.java:installSnapshot(549)) - omNode-1@group-523986131536->omNode-3-GrpcLogAppender: send omNode-1->omNode-3#0-t5,notify:(t:5, i:59)
2022-10-18 21:56:08,221 [grpc-default-executor-2] WARN  server.GrpcLogAppender (LogUtils.java:warn(122)) - omNode-1@group-523986131536->omNode-3-InstallSnapshotResponseHandler: Failed InstallSnapshot: org.apache.ratis.thirdparty.io.grpc.StatusRuntimeException: UNAVAILABLE: io exception
2022-10-18 21:56:08,222 [grpc-default-executor-2] INFO  leader.FollowerInfo (FollowerInfoImpl.java:lambda$new$0(48)) - omNode-1@group-523986131536->omNode-3: nextIndex: updateUnconditionally 57 -> 56
2022-10-18 21:56:08,222 [omNode-1@group-523986131536->omNode-3-GrpcLogAppender-LogAppenderDaemon] INFO  server.GrpcLogAppender (GrpcLogAppender.java:installSnapshot(541)) - omNode-1@group-523986131536->omNode-3-GrpcLogAppender: followerNextIndex = 56 but logStartIndex = 59, notify follower to install snapshot-(t:5, i:59)
2022-10-18 21:56:08,222 [omNode-1@group-523986131536->omNode-3-GrpcLogAppender-LogAppenderDaemon] INFO  server.GrpcLogAppender (GrpcLogAppender.java:installSnapshot(549)) - omNode-1@group-523986131536->omNode-3-GrpcLogAppender: send omNode-1->omNode-3#0-t5,notify:(t:5, i:59)
2022-10-18 21:56:08,225 [grpc-default-executor-1] WARN  server.GrpcLogAppender (LogUtils.java:warn(122)) - omNode-1@group-523986131536->omNode-3-AppendLogResponseHandler: Failed appendEntries: org.apache.ratis.thirdparty.io.grpc.StatusRuntimeException: UNAVAILABLE: io exception
2022-10-18 21:56:08,226 [grpc-default-executor-1] INFO  leader.FollowerInfo (FollowerInfoImpl.java:lambda$new$0(48)) - omNode-1@group-523986131536->omNode-3: nextIndex: updateUnconditionally 56 -> 55
2022-10-18 21:56:08,226 [grpc-default-executor-1] WARN  server.GrpcLogAppender (LogUtils.java:warn(122)) - omNode-1@group-523986131536->omNode-3-InstallSnapshotResponseHandler: Failed InstallSnapshot: org.apache.ratis.thirdparty.io.grpc.StatusRuntimeException: UNAVAILABLE: io exception
2022-10-18 21:56:08,226 [grpc-default-executor-1] INFO  leader.FollowerInfo (FollowerInfoImpl.java:lambda$new$0(48)) - omNode-1@group-523986131536->omNode-3: nextIndex: updateUnconditionally 55 -> 54
2022-10-18 21:56:08,226 [omNode-1@group-523986131536->omNode-3-GrpcLogAppender-LogAppenderDaemon] INFO  server.GrpcLogAppender (GrpcLogAppender.java:installSnapshot(541)) - omNode-1@group-523986131536->omNode-3-GrpcLogAppender: followerNextIndex = 54 but logStartIndex = 59, notify follower to install snapshot-(t:5, i:59)
2022-10-18 21:56:08,227 [grpc-default-executor-0] WARN  server.GrpcLogAppender (LogUtils.java:warn(122)) - omNode-1@group-523986131536->omNode-3-AppendLogResponseHandler: Failed appendEntries: org.apache.ratis.thirdparty.io.grpc.StatusRuntimeException: UNAVAILABLE: io exception
2022-10-18 21:56:08,227 [omNode-1@group-523986131536->omNode-3-GrpcLogAppender-LogAppenderDaemon] INFO  server.GrpcLogAppender (GrpcLogAppender.java:installSnapshot(549)) - omNode-1@group-523986131536->omNode-3-GrpcLogAppender: send omNode-1->omNode-3#0-t5,notify:(t:5, i:59)
2022-10-18 21:56:08,227 [grpc-default-executor-0] INFO  leader.FollowerInfo (FollowerInfoImpl.java:lambda$new$0(48)) - omNode-1@group-523986131536->omNode-3: nextIndex: updateUnconditionally 54 -> 53
2022-10-18 21:56:08,227 [grpc-default-executor-0] WARN  server.GrpcLogAppender (LogUtils.java:warn(122)) - omNode-1@group-523986131536->omNode-3-InstallSnapshotResponseHandler: Failed InstallSnapshot: org.apache.ratis.thirdparty.io.grpc.StatusRuntimeException: UNAVAILABLE: io exception
2022-10-18 21:56:08,227 [grpc-default-executor-0] INFO  leader.FollowerInfo (FollowerInfoImpl.java:lambda$new$0(48)) - omNode-1@group-523986131536->omNode-3: nextIndex: updateUnconditionally 53 -> 52
2022-10-18 21:56:08,227 [omNode-1@group-523986131536->omNode-3-GrpcLogAppender-LogAppenderDaemon] INFO  server.GrpcLogAppender (GrpcLogAppender.java:installSnapshot(541)) - omNode-1@group-523986131536->omNode-3-GrpcLogAppender: followerNextIndex = 52 but logStartIndex = 59, notify follower to install snapshot-(t:5, i:59)
2022-10-18 21:56:08,227 [omNode-1@group-523986131536->omNode-3-GrpcLogAppender-LogAppenderDaemon] INFO  server.GrpcLogAppender (GrpcLogAppender.java:installSnapshot(549)) - omNode-1@group-523986131536->omNode-3-GrpcLogAppender: send omNode-1->omNode-3#0-t5,notify:(t:5, i:59)
2022-10-18 21:56:08,230 [grpc-default-executor-0] WARN  server.GrpcLogAppender (LogUtils.java:warn(122)) - omNode-1@group-523986131536->omNode-3-InstallSnapshotResponseHandler: Failed InstallSnapshot: org.apache.ratis.thirdparty.io.grpc.StatusRuntimeException: UNAVAILABLE: io exception
2022-10-18 21:56:08,231 [grpc-default-executor-0] INFO  leader.FollowerInfo (FollowerInfoImpl.java:lambda$new$0(48)) - omNode-1@group-523986131536->omNode-3: nextIndex: updateUnconditionally 52 -> 51
2022-10-18 21:56:08,231 [grpc-default-executor-2] WARN  server.GrpcLogAppender (LogUtils.java:warn(122)) - omNode-1@group-523986131536->omNode-3-AppendLogResponseHandler: Failed appendEntries: org.apache.ratis.thirdparty.io.grpc.StatusRuntimeException: UNAVAILABLE: io exception
2022-10-18 21:56:08,231 [grpc-default-executor-2] INFO  leader.FollowerInfo (FollowerInfoImpl.java:lambda$new$0(48)) - omNode-1@group-523986131536->omNode-3: nextIndex: updateUnconditionally 51 -> 50
2022-10-18 21:56:08,231 [omNode-1@group-523986131536->omNode-3-GrpcLogAppender-LogAppenderDaemon] INFO  server.GrpcLogAppender (GrpcLogAppender.java:installSnapshot(541)) - omNode-1@group-523986131536->omNode-3-GrpcLogAppender: followerNextIndex = 50 but logStartIndex = 59, notify follower to install snapshot-(t:5, i:59)
2022-10-18 21:56:08,231 [omNode-1@group-523986131536->omNode-3-GrpcLogAppender-LogAppenderDaemon] INFO  server.GrpcLogAppender (GrpcLogAppender.java:installSnapshot(549)) - omNode-1@group-523986131536->omNode-3-GrpcLogAppender: send omNode-1->omNode-3#0-t5,notify:(t:5, i:59)
2022-10-18 21:56:08,231 [grpc-default-executor-0] WARN  server.GrpcLogAppender (LogUtils.java:warn(122)) - omNode-1@group-523986131536->omNode-3-AppendLogResponseHandler: Failed appendEntries: org.apache.ratis.thirdparty.io.grpc.StatusRuntimeException: UNAVAILABLE: io exception
2022-10-18 21:56:08,231 [grpc-default-executor-2] WARN  server.GrpcLogAppender (LogUtils.java:warn(122)) - omNode-1@group-523986131536->omNode-3-InstallSnapshotResponseHandler: Failed InstallSnapshot: org.apache.ratis.thirdparty.io.grpc.StatusRuntimeException: UNAVAILABLE: io exception
2022-10-18 21:56:08,232 [grpc-default-executor-0] INFO  leader.FollowerInfo (FollowerInfoImpl.java:lambda$new$0(48)) - omNode-1@group-523986131536->omNode-3: nextIndex: updateUnconditionally 50 -> 49
2022-10-18 21:56:08,232 [grpc-default-executor-2] INFO  leader.FollowerInfo (FollowerInfoImpl.java:lambda$new$0(48)) - omNode-1@group-523986131536->omNode-3: nextIndex: updateUnconditionally 49 -> 48
2022-10-18 21:56:08,232 [omNode-1@group-523986131536->omNode-3-GrpcLogAppender-LogAppenderDaemon] INFO  server.GrpcLogAppender (GrpcLogAppender.java:installSnapshot(541)) - omNode-1@group-523986131536->omNode-3-GrpcLogAppender: followerNextIndex = 48 but logStartIndex = 59, notify follower to install snapshot-(t:5, i:59)
2022-10-18 21:56:08,232 [omNode-1@group-523986131536->omNode-3-GrpcLogAppender-LogAppenderDaemon] INFO  server.GrpcLogAppender (GrpcLogAppender.java:installSnapshot(549)) - omNode-1@group-523986131536->omNode-3-GrpcLogAppender: send omNode-1->omNode-3#0-t5,notify:(t:5, i:59)
2022-10-18 21:56:08,232 [grpc-default-executor-2] WARN  server.GrpcLogAppender (LogUtils.java:warn(122)) - omNode-1@group-523986131536->omNode-3-AppendLogResponseHandler: Failed appendEntries: org.apache.ratis.thirdparty.io.grpc.StatusRuntimeException: UNAVAILABLE: io exception
2022-10-18 21:56:08,232 [grpc-default-executor-2] INFO  leader.FollowerInfo (FollowerInfoImpl.java:lambda$new$0(48)) - omNode-1@group-523986131536->omNode-3: nextIndex: updateUnconditionally 48 -> 47
2022-10-18 21:56:08,233 [grpc-default-executor-0] WARN  server.GrpcLogAppender (LogUtils.java:warn(122)) - omNode-1@group-523986131536->omNode-3-InstallSnapshotResponseHandler: Failed InstallSnapshot: org.apache.ratis.thirdparty.io.grpc.StatusRuntimeException: UNAVAILABLE: io exception
2022-10-18 21:56:08,233 [grpc-default-executor-0] INFO  leader.FollowerInfo (FollowerInfoImpl.java:lambda$new$0(48)) - omNode-1@group-523986131536->omNode-3: nextIndex: updateUnconditionally 47 -> 46
2022-10-18 21:56:08,233 [omNode-1@group-523986131536->omNode-3-GrpcLogAppender-LogAppenderDaemon] INFO  server.GrpcLogAppender (GrpcLogAppender.java:installSnapshot(541)) - omNode-1@group-523986131536->omNode-3-GrpcLogAppender: followerNextIndex = 46 but logStartIndex = 59, notify follower to install snapshot-(t:5, i:59)
2022-10-18 21:56:08,233 [omNode-1@group-523986131536->omNode-3-GrpcLogAppender-LogAppenderDaemon] INFO  server.GrpcLogAppender (GrpcLogAppender.java:installSnapshot(549)) - omNode-1@group-523986131536->omNode-3-GrpcLogAppender: send omNode-1->omNode-3#0-t5,notify:(t:5, i:59)
2022-10-18 21:56:08,234 [grpc-default-executor-1] WARN  server.GrpcLogAppender (LogUtils.java:warn(122)) - omNode-1@group-523986131536->omNode-3-AppendLogResponseHandler: Failed appendEntries: org.apache.ratis.thirdparty.io.grpc.StatusRuntimeException: UNAVAILABLE: io exception
2022-10-18 21:56:08,234 [grpc-default-executor-1] INFO  leader.FollowerInfo (FollowerInfoImpl.java:lambda$new$0(48)) - omNode-1@group-523986131536->omNode-3: nextIndex: updateUnconditionally 46 -> 45
2022-10-18 21:56:08,234 [grpc-default-executor-1] WARN  server.GrpcLogAppender (LogUtils.java:warn(122)) - omNode-1@group-523986131536->omNode-3-InstallSnapshotResponseHandler: Failed InstallSnapshot: org.apache.ratis.thirdparty.io.grpc.StatusRuntimeException: UNAVAILABLE: io exception
2022-10-18 21:56:08,234 [grpc-default-executor-1] INFO  leader.FollowerInfo (FollowerInfoImpl.java:lambda$new$0(48)) - omNode-1@group-523986131536->omNode-3: nextIndex: updateUnconditionally 45 -> 44
2022-10-18 21:56:08,234 [omNode-1@group-523986131536->omNode-3-GrpcLogAppender-LogAppenderDaemon] INFO  server.GrpcLogAppender (GrpcLogAppender.java:installSnapshot(541)) - omNode-1@group-523986131536->omNode-3-GrpcLogAppender: followerNextIndex = 44 but logStartIndex = 59, notify follower to install snapshot-(t:5, i:59)
2022-10-18 21:56:08,234 [omNode-1@group-523986131536->omNode-3-GrpcLogAppender-LogAppenderDaemon] INFO  server.GrpcLogAppender (GrpcLogAppender.java:installSnapshot(549)) - omNode-1@group-523986131536->omNode-3-GrpcLogAppender: send omNode-1->omNode-3#0-t5,notify:(t:5, i:59)
2022-10-18 21:56:08,235 [grpc-default-executor-2] WARN  server.GrpcLogAppender (LogUtils.java:warn(122)) - omNode-1@group-523986131536->omNode-3-InstallSnapshotResponseHandler: Failed InstallSnapshot: org.apache.ratis.thirdparty.io.grpc.StatusRuntimeException: UNAVAILABLE: io exception
2022-10-18 21:56:08,235 [grpc-default-executor-2] INFO  leader.FollowerInfo (FollowerInfoImpl.java:lambda$new$0(48)) - omNode-1@group-523986131536->omNode-3: nextIndex: updateUnconditionally 44 -> 43
2022-10-18 21:56:08,235 [grpc-default-executor-2] WARN  server.GrpcLogAppender (LogUtils.java:warn(122)) - omNode-1@group-523986131536->omNode-3-AppendLogResponseHandler: Failed appendEntries: org.apache.ratis.thirdparty.io.grpc.StatusRuntimeException: UNAVAILABLE: io exception
2022-10-18 21:56:08,235 [grpc-default-executor-2] INFO  leader.FollowerInfo (FollowerInfoImpl.java:lambda$new$0(48)) - omNode-1@group-523986131536->omNode-3: nextIndex: updateUnconditionally 43 -> 42
2022-10-18 21:56:08,236 [omNode-1@group-523986131536->omNode-3-GrpcLogAppender-LogAppenderDaemon] INFO  server.GrpcLogAppender (GrpcLogAppender.java:installSnapshot(541)) - omNode-1@group-523986131536->omNode-3-GrpcLogAppender: followerNextIndex = 42 but logStartIndex = 59, notify follower to install snapshot-(t:5, i:59)
2022-10-18 21:56:08,236 [omNode-1@group-523986131536->omNode-3-GrpcLogAppender-LogAppenderDaemon] INFO  server.GrpcLogAppender (GrpcLogAppender.java:installSnapshot(549)) - omNode-1@group-523986131536->omNode-3-GrpcLogAppender: send omNode-1->omNode-3#0-t5,notify:(t:5, i:59)
2022-10-18 21:56:08,236 [grpc-default-executor-1] WARN  server.GrpcLogAppender (LogUtils.java:warn(122)) - omNode-1@group-523986131536->omNode-3-InstallSnapshotResponseHandler: Failed InstallSnapshot: org.apache.ratis.thirdparty.io.grpc.StatusRuntimeException: UNAVAILABLE: io exception
2022-10-18 21:56:08,236 [grpc-default-executor-1] INFO  leader.FollowerInfo (FollowerInfoImpl.java:lambda$new$0(48)) - omNode-1@group-523986131536->omNode-3: nextIndex: updateUnconditionally 42 -> 41
2022-10-18 21:56:08,236 [grpc-default-executor-2] WARN  server.GrpcLogAppender (LogUtils.java:warn(122)) - omNode-1@group-523986131536->omNode-3-AppendLogResponseHandler: Failed appendEntries: org.apache.ratis.thirdparty.io.grpc.StatusRuntimeException: UNAVAILABLE: io exception
2022-10-18 21:56:08,236 [grpc-default-executor-2] INFO  leader.FollowerInfo (FollowerInfoImpl.java:lambda$new$0(48)) - omNode-1@group-523986131536->omNode-3: nextIndex: updateUnconditionally 41 -> 40
2022-10-18 21:56:08,236 [omNode-1@group-523986131536->omNode-3-GrpcLogAppender-LogAppenderDaemon] INFO  server.GrpcLogAppender (GrpcLogAppender.java:installSnapshot(541)) - omNode-1@group-523986131536->omNode-3-GrpcLogAppender: followerNextIndex = 41 but logStartIndex = 59, notify follower to install snapshot-(t:5, i:59)
2022-10-18 21:56:08,237 [omNode-1@group-523986131536->omNode-3-GrpcLogAppender-LogAppenderDaemon] INFO  server.GrpcLogAppender (GrpcLogAppender.java:installSnapshot(549)) - omNode-1@group-523986131536->omNode-3-GrpcLogAppender: send omNode-1->omNode-3#0-t5,notify:(t:5, i:59)
2022-10-18 21:56:08,237 [grpc-default-executor-1] WARN  server.GrpcLogAppender (LogUtils.java:warn(122)) - omNode-1@group-523986131536->omNode-3-InstallSnapshotResponseHandler: Failed InstallSnapshot: org.apache.ratis.thirdparty.io.grpc.StatusRuntimeException: UNAVAILABLE: io exception
2022-10-18 21:56:08,237 [grpc-default-executor-0] WARN  server.GrpcLogAppender (LogUtils.java:warn(122)) - omNode-1@group-523986131536->omNode-3-AppendLogResponseHandler: Failed appendEntries: org.apache.ratis.thirdparty.io.grpc.StatusRuntimeException: UNAVAILABLE: io exception
2022-10-18 21:56:08,237 [grpc-default-executor-1] INFO  leader.FollowerInfo (FollowerInfoImpl.java:lambda$new$0(48)) - omNode-1@group-523986131536->omNode-3: nextIndex: updateUnconditionally 40 -> 39
2022-10-18 21:56:08,237 [grpc-default-executor-0] INFO  leader.FollowerInfo (FollowerInfoImpl.java:lambda$new$0(48)) - omNode-1@group-523986131536->omNode-3: nextIndex: updateUnconditionally 39 -> 38
2022-10-18 21:56:08,238 [Listener at localhost/45943] WARN  server.ServerUtils (ServerUtils.java:getDBPath(225)) - ozone.om.db.dirs is not configured. We recommend adding this setting. Falling back to ozone.metadata.dirs instead.
2022-10-18 21:56:08,238 [grpc-default-executor-0] WARN  server.GrpcLogAppender (LogUtils.java:warn(122)) - omNode-1@group-523986131536->omNode-3-AppendLogResponseHandler: Failed appendEntries: org.apache.ratis.thirdparty.io.grpc.StatusRuntimeException: UNAVAILABLE: io exception
2022-10-18 21:56:08,238 [omNode-1@group-523986131536->omNode-3-GrpcLogAppender-LogAppenderDaemon] INFO  server.GrpcLogAppender (GrpcLogAppender.java:installSnapshot(541)) - omNode-1@group-523986131536->omNode-3-GrpcLogAppender: followerNextIndex = 38 but logStartIndex = 59, notify follower to install snapshot-(t:5, i:59)
2022-10-18 21:56:08,238 [Listener at localhost/45943] INFO  codec.OmKeyInfoCodec (OmKeyInfoCodec.java:<init>(49)) - OmKeyInfoCodec ignorePipeline = true
2022-10-18 21:56:08,238 [grpc-default-executor-0] INFO  leader.FollowerInfo (FollowerInfoImpl.java:lambda$new$0(48)) - omNode-1@group-523986131536->omNode-3: nextIndex: updateUnconditionally 38 -> 37
2022-10-18 21:56:08,238 [Listener at localhost/45943] INFO  codec.RepeatedOmKeyInfoCodec (RepeatedOmKeyInfoCodec.java:<init>(41)) - RepeatedOmKeyInfoCodec ignorePipeline = true
2022-10-18 21:56:08,238 [omNode-1@group-523986131536->omNode-3-GrpcLogAppender-LogAppenderDaemon] INFO  server.GrpcLogAppender (GrpcLogAppender.java:installSnapshot(549)) - omNode-1@group-523986131536->omNode-3-GrpcLogAppender: send omNode-1->omNode-3#0-t5,notify:(t:5, i:59)
2022-10-18 21:56:08,239 [grpc-default-executor-1] WARN  server.GrpcLogAppender (LogUtils.java:warn(122)) - omNode-1@group-523986131536->omNode-3-InstallSnapshotResponseHandler: Failed InstallSnapshot: org.apache.ratis.thirdparty.io.grpc.StatusRuntimeException: UNAVAILABLE: io exception
2022-10-18 21:56:08,239 [grpc-default-executor-1] INFO  leader.FollowerInfo (FollowerInfoImpl.java:lambda$new$0(48)) - omNode-1@group-523986131536->omNode-3: nextIndex: updateUnconditionally 37 -> 36
2022-10-18 21:56:08,240 [omNode-1@group-523986131536->omNode-3-GrpcLogAppender-LogAppenderDaemon] INFO  server.GrpcLogAppender (GrpcLogAppender.java:installSnapshot(541)) - omNode-1@group-523986131536->omNode-3-GrpcLogAppender: followerNextIndex = 36 but logStartIndex = 59, notify follower to install snapshot-(t:5, i:59)
2022-10-18 21:56:08,240 [omNode-1@group-523986131536->omNode-3-GrpcLogAppender-LogAppenderDaemon] INFO  server.GrpcLogAppender (GrpcLogAppender.java:installSnapshot(549)) - omNode-1@group-523986131536->omNode-3-GrpcLogAppender: send omNode-1->omNode-3#0-t5,notify:(t:5, i:59)
2022-10-18 21:56:08,240 [grpc-default-executor-2] WARN  server.GrpcLogAppender (LogUtils.java:warn(122)) - omNode-1@group-523986131536->omNode-3-AppendLogResponseHandler: Failed appendEntries: org.apache.ratis.thirdparty.io.grpc.StatusRuntimeException: UNAVAILABLE: io exception
2022-10-18 21:56:08,240 [grpc-default-executor-3] WARN  server.GrpcLogAppender (LogUtils.java:warn(122)) - omNode-1@group-523986131536->omNode-3-InstallSnapshotResponseHandler: Failed InstallSnapshot: org.apache.ratis.thirdparty.io.grpc.StatusRuntimeException: UNAVAILABLE: io exception
2022-10-18 21:56:08,240 [grpc-default-executor-2] INFO  leader.FollowerInfo (FollowerInfoImpl.java:lambda$new$0(48)) - omNode-1@group-523986131536->omNode-3: nextIndex: updateUnconditionally 36 -> 35
2022-10-18 21:56:08,241 [grpc-default-executor-3] INFO  leader.FollowerInfo (FollowerInfoImpl.java:lambda$new$0(48)) - omNode-1@group-523986131536->omNode-3: nextIndex: updateUnconditionally 35 -> 34
2022-10-18 21:56:08,241 [omNode-1@group-523986131536->omNode-3-GrpcLogAppender-LogAppenderDaemon] INFO  server.GrpcLogAppender (GrpcLogAppender.java:installSnapshot(541)) - omNode-1@group-523986131536->omNode-3-GrpcLogAppender: followerNextIndex = 34 but logStartIndex = 59, notify follower to install snapshot-(t:5, i:59)
2022-10-18 21:56:08,241 [omNode-1@group-523986131536->omNode-3-GrpcLogAppender-LogAppenderDaemon] INFO  server.GrpcLogAppender (GrpcLogAppender.java:installSnapshot(549)) - omNode-1@group-523986131536->omNode-3-GrpcLogAppender: send omNode-1->omNode-3#0-t5,notify:(t:5, i:59)
2022-10-18 21:56:08,241 [grpc-default-executor-0] WARN  server.GrpcLogAppender (LogUtils.java:warn(122)) - omNode-1@group-523986131536->omNode-3-AppendLogResponseHandler: Failed appendEntries: org.apache.ratis.thirdparty.io.grpc.StatusRuntimeException: UNAVAILABLE: io exception
2022-10-18 21:56:08,241 [grpc-default-executor-3] WARN  server.GrpcLogAppender (LogUtils.java:warn(122)) - omNode-1@group-523986131536->omNode-3-InstallSnapshotResponseHandler: Failed InstallSnapshot: org.apache.ratis.thirdparty.io.grpc.StatusRuntimeException: UNAVAILABLE: io exception
2022-10-18 21:56:08,242 [grpc-default-executor-0] INFO  leader.FollowerInfo (FollowerInfoImpl.java:lambda$new$0(48)) - omNode-1@group-523986131536->omNode-3: nextIndex: updateUnconditionally 34 -> 33
2022-10-18 21:56:08,242 [grpc-default-executor-3] INFO  leader.FollowerInfo (FollowerInfoImpl.java:lambda$new$0(48)) - omNode-1@group-523986131536->omNode-3: nextIndex: updateUnconditionally 33 -> 32
2022-10-18 21:56:08,242 [omNode-1@group-523986131536->omNode-3-GrpcLogAppender-LogAppenderDaemon] INFO  server.GrpcLogAppender (GrpcLogAppender.java:installSnapshot(541)) - omNode-1@group-523986131536->omNode-3-GrpcLogAppender: followerNextIndex = 32 but logStartIndex = 59, notify follower to install snapshot-(t:5, i:59)
2022-10-18 21:56:08,242 [omNode-1@group-523986131536->omNode-3-GrpcLogAppender-LogAppenderDaemon] INFO  server.GrpcLogAppender (GrpcLogAppender.java:installSnapshot(549)) - omNode-1@group-523986131536->omNode-3-GrpcLogAppender: send omNode-1->omNode-3#0-t5,notify:(t:5, i:59)
2022-10-18 21:56:08,242 [grpc-default-executor-3] WARN  server.GrpcLogAppender (LogUtils.java:warn(122)) - omNode-1@group-523986131536->omNode-3-InstallSnapshotResponseHandler: Failed InstallSnapshot: org.apache.ratis.thirdparty.io.grpc.StatusRuntimeException: UNAVAILABLE: io exception
2022-10-18 21:56:08,243 [grpc-default-executor-3] INFO  leader.FollowerInfo (FollowerInfoImpl.java:lambda$new$0(48)) - omNode-1@group-523986131536->omNode-3: nextIndex: updateUnconditionally 32 -> 31
2022-10-18 21:56:08,243 [grpc-default-executor-2] WARN  server.GrpcLogAppender (LogUtils.java:warn(122)) - omNode-1@group-523986131536->omNode-3-AppendLogResponseHandler: Failed appendEntries: org.apache.ratis.thirdparty.io.grpc.StatusRuntimeException: UNAVAILABLE: io exception
2022-10-18 21:56:08,243 [grpc-default-executor-2] INFO  leader.FollowerInfo (FollowerInfoImpl.java:lambda$new$0(48)) - omNode-1@group-523986131536->omNode-3: nextIndex: updateUnconditionally 31 -> 30
2022-10-18 21:56:08,243 [omNode-1@group-523986131536->omNode-3-GrpcLogAppender-LogAppenderDaemon] INFO  server.GrpcLogAppender (GrpcLogAppender.java:installSnapshot(541)) - omNode-1@group-523986131536->omNode-3-GrpcLogAppender: followerNextIndex = 30 but logStartIndex = 59, notify follower to install snapshot-(t:5, i:59)
2022-10-18 21:56:08,243 [omNode-1@group-523986131536->omNode-3-GrpcLogAppender-LogAppenderDaemon] INFO  server.GrpcLogAppender (GrpcLogAppender.java:installSnapshot(549)) - omNode-1@group-523986131536->omNode-3-GrpcLogAppender: send omNode-1->omNode-3#0-t5,notify:(t:5, i:59)
2022-10-18 21:56:08,243 [grpc-default-executor-0] WARN  server.GrpcLogAppender (LogUtils.java:warn(122)) - omNode-1@group-523986131536->omNode-3-AppendLogResponseHandler: Failed appendEntries: org.apache.ratis.thirdparty.io.grpc.StatusRuntimeException: UNAVAILABLE: io exception
2022-10-18 21:56:08,243 [grpc-default-executor-2] WARN  server.GrpcLogAppender (LogUtils.java:warn(122)) - omNode-1@group-523986131536->omNode-3-InstallSnapshotResponseHandler: Failed InstallSnapshot: org.apache.ratis.thirdparty.io.grpc.StatusRuntimeException: UNAVAILABLE: io exception
2022-10-18 21:56:08,244 [grpc-default-executor-0] INFO  leader.FollowerInfo (FollowerInfoImpl.java:lambda$new$0(48)) - omNode-1@group-523986131536->omNode-3: nextIndex: updateUnconditionally 30 -> 29
2022-10-18 21:56:08,244 [grpc-default-executor-2] INFO  leader.FollowerInfo (FollowerInfoImpl.java:lambda$new$0(48)) - omNode-1@group-523986131536->omNode-3: nextIndex: updateUnconditionally 29 -> 28
2022-10-18 21:56:08,245 [omNode-1@group-523986131536->omNode-3-GrpcLogAppender-LogAppenderDaemon] INFO  server.GrpcLogAppender (GrpcLogAppender.java:installSnapshot(541)) - omNode-1@group-523986131536->omNode-3-GrpcLogAppender: followerNextIndex = 28 but logStartIndex = 59, notify follower to install snapshot-(t:5, i:59)
2022-10-18 21:56:08,245 [omNode-1@group-523986131536->omNode-3-GrpcLogAppender-LogAppenderDaemon] INFO  server.GrpcLogAppender (GrpcLogAppender.java:installSnapshot(549)) - omNode-1@group-523986131536->omNode-3-GrpcLogAppender: send omNode-1->omNode-3#0-t5,notify:(t:5, i:59)
2022-10-18 21:56:08,245 [grpc-default-executor-3] WARN  server.GrpcLogAppender (LogUtils.java:warn(122)) - omNode-1@group-523986131536->omNode-3-AppendLogResponseHandler: Failed appendEntries: org.apache.ratis.thirdparty.io.grpc.StatusRuntimeException: UNAVAILABLE: io exception
2022-10-18 21:56:08,245 [grpc-default-executor-3] INFO  leader.FollowerInfo (FollowerInfoImpl.java:lambda$new$0(48)) - omNode-1@group-523986131536->omNode-3: nextIndex: updateUnconditionally 28 -> 27
2022-10-18 21:56:08,245 [grpc-default-executor-2] WARN  server.GrpcLogAppender (LogUtils.java:warn(122)) - omNode-1@group-523986131536->omNode-3-InstallSnapshotResponseHandler: Failed InstallSnapshot: org.apache.ratis.thirdparty.io.grpc.StatusRuntimeException: UNAVAILABLE: io exception
2022-10-18 21:56:08,246 [grpc-default-executor-2] INFO  leader.FollowerInfo (FollowerInfoImpl.java:lambda$new$0(48)) - omNode-1@group-523986131536->omNode-3: nextIndex: updateUnconditionally 27 -> 26
2022-10-18 21:56:08,246 [omNode-1@group-523986131536->omNode-3-GrpcLogAppender-LogAppenderDaemon] INFO  server.GrpcLogAppender (GrpcLogAppender.java:installSnapshot(541)) - omNode-1@group-523986131536->omNode-3-GrpcLogAppender: followerNextIndex = 26 but logStartIndex = 59, notify follower to install snapshot-(t:5, i:59)
2022-10-18 21:56:08,246 [omNode-1@group-523986131536->omNode-3-GrpcLogAppender-LogAppenderDaemon] INFO  server.GrpcLogAppender (GrpcLogAppender.java:installSnapshot(549)) - omNode-1@group-523986131536->omNode-3-GrpcLogAppender: send omNode-1->omNode-3#0-t5,notify:(t:5, i:59)
2022-10-18 21:56:08,246 [grpc-default-executor-0] WARN  server.GrpcLogAppender (LogUtils.java:warn(122)) - omNode-1@group-523986131536->omNode-3-AppendLogResponseHandler: Failed appendEntries: org.apache.ratis.thirdparty.io.grpc.StatusRuntimeException: UNAVAILABLE: io exception
2022-10-18 21:56:08,246 [grpc-default-executor-2] WARN  server.GrpcLogAppender (LogUtils.java:warn(122)) - omNode-1@group-523986131536->omNode-3-InstallSnapshotResponseHandler: Failed InstallSnapshot: org.apache.ratis.thirdparty.io.grpc.StatusRuntimeException: UNAVAILABLE: io exception
2022-10-18 21:56:08,246 [grpc-default-executor-0] INFO  leader.FollowerInfo (FollowerInfoImpl.java:lambda$new$0(48)) - omNode-1@group-523986131536->omNode-3: nextIndex: updateUnconditionally 26 -> 25
2022-10-18 21:56:08,247 [grpc-default-executor-2] INFO  leader.FollowerInfo (FollowerInfoImpl.java:lambda$new$0(48)) - omNode-1@group-523986131536->omNode-3: nextIndex: updateUnconditionally 25 -> 24
2022-10-18 21:56:08,247 [omNode-1@group-523986131536->omNode-3-GrpcLogAppender-LogAppenderDaemon] INFO  server.GrpcLogAppender (GrpcLogAppender.java:installSnapshot(541)) - omNode-1@group-523986131536->omNode-3-GrpcLogAppender: followerNextIndex = 24 but logStartIndex = 59, notify follower to install snapshot-(t:5, i:59)
2022-10-18 21:56:08,247 [grpc-default-executor-0] WARN  server.GrpcLogAppender (LogUtils.java:warn(122)) - omNode-1@group-523986131536->omNode-3-AppendLogResponseHandler: Failed appendEntries: org.apache.ratis.thirdparty.io.grpc.StatusRuntimeException: UNAVAILABLE: io exception
2022-10-18 21:56:08,247 [omNode-1@group-523986131536->omNode-3-GrpcLogAppender-LogAppenderDaemon] INFO  server.GrpcLogAppender (GrpcLogAppender.java:installSnapshot(549)) - omNode-1@group-523986131536->omNode-3-GrpcLogAppender: send omNode-1->omNode-3#0-t5,notify:(t:5, i:59)
2022-10-18 21:56:08,247 [grpc-default-executor-2] WARN  server.GrpcLogAppender (LogUtils.java:warn(122)) - omNode-1@group-523986131536->omNode-3-InstallSnapshotResponseHandler: Failed InstallSnapshot: org.apache.ratis.thirdparty.io.grpc.StatusRuntimeException: UNAVAILABLE: io exception
2022-10-18 21:56:08,247 [grpc-default-executor-0] INFO  leader.FollowerInfo (FollowerInfoImpl.java:lambda$new$0(48)) - omNode-1@group-523986131536->omNode-3: nextIndex: updateUnconditionally 24 -> 23
2022-10-18 21:56:08,247 [grpc-default-executor-2] INFO  leader.FollowerInfo (FollowerInfoImpl.java:lambda$new$0(48)) - omNode-1@group-523986131536->omNode-3: nextIndex: updateUnconditionally 23 -> 22
2022-10-18 21:56:08,248 [omNode-1@group-523986131536->omNode-3-GrpcLogAppender-LogAppenderDaemon] INFO  server.GrpcLogAppender (GrpcLogAppender.java:installSnapshot(541)) - omNode-1@group-523986131536->omNode-3-GrpcLogAppender: followerNextIndex = 22 but logStartIndex = 59, notify follower to install snapshot-(t:5, i:59)
2022-10-18 21:56:08,248 [omNode-1@group-523986131536->omNode-3-GrpcLogAppender-LogAppenderDaemon] INFO  server.GrpcLogAppender (GrpcLogAppender.java:installSnapshot(549)) - omNode-1@group-523986131536->omNode-3-GrpcLogAppender: send omNode-1->omNode-3#0-t5,notify:(t:5, i:59)
2022-10-18 21:56:08,249 [grpc-default-executor-3] WARN  server.GrpcLogAppender (LogUtils.java:warn(122)) - omNode-1@group-523986131536->omNode-3-AppendLogResponseHandler: Failed appendEntries: org.apache.ratis.thirdparty.io.grpc.StatusRuntimeException: UNAVAILABLE: io exception
2022-10-18 21:56:08,249 [grpc-default-executor-3] INFO  leader.FollowerInfo (FollowerInfoImpl.java:lambda$new$0(48)) - omNode-1@group-523986131536->omNode-3: nextIndex: updateUnconditionally 22 -> 21
2022-10-18 21:56:08,249 [grpc-default-executor-2] WARN  server.GrpcLogAppender (LogUtils.java:warn(122)) - omNode-1@group-523986131536->omNode-3-InstallSnapshotResponseHandler: Failed InstallSnapshot: org.apache.ratis.thirdparty.io.grpc.StatusRuntimeException: UNAVAILABLE: io exception
2022-10-18 21:56:08,250 [grpc-default-executor-2] INFO  leader.FollowerInfo (FollowerInfoImpl.java:lambda$new$0(48)) - omNode-1@group-523986131536->omNode-3: nextIndex: updateUnconditionally 21 -> 20
2022-10-18 21:56:08,250 [omNode-1@group-523986131536->omNode-3-GrpcLogAppender-LogAppenderDaemon] INFO  server.GrpcLogAppender (GrpcLogAppender.java:installSnapshot(541)) - omNode-1@group-523986131536->omNode-3-GrpcLogAppender: followerNextIndex = 20 but logStartIndex = 59, notify follower to install snapshot-(t:5, i:59)
2022-10-18 21:56:08,250 [omNode-1@group-523986131536->omNode-3-GrpcLogAppender-LogAppenderDaemon] INFO  server.GrpcLogAppender (GrpcLogAppender.java:installSnapshot(549)) - omNode-1@group-523986131536->omNode-3-GrpcLogAppender: send omNode-1->omNode-3#0-t5,notify:(t:5, i:59)
2022-10-18 21:56:08,250 [grpc-default-executor-0] WARN  server.GrpcLogAppender (LogUtils.java:warn(122)) - omNode-1@group-523986131536->omNode-3-InstallSnapshotResponseHandler: Failed InstallSnapshot: org.apache.ratis.thirdparty.io.grpc.StatusRuntimeException: UNAVAILABLE: io exception
2022-10-18 21:56:08,250 [grpc-default-executor-0] INFO  leader.FollowerInfo (FollowerInfoImpl.java:lambda$new$0(48)) - omNode-1@group-523986131536->omNode-3: nextIndex: updateUnconditionally 20 -> 19
2022-10-18 21:56:08,251 [omNode-1@group-523986131536->omNode-3-GrpcLogAppender-LogAppenderDaemon] INFO  server.GrpcLogAppender (GrpcLogAppender.java:installSnapshot(541)) - omNode-1@group-523986131536->omNode-3-GrpcLogAppender: followerNextIndex = 19 but logStartIndex = 59, notify follower to install snapshot-(t:5, i:59)
2022-10-18 21:56:08,251 [omNode-1@group-523986131536->omNode-3-GrpcLogAppender-LogAppenderDaemon] INFO  server.GrpcLogAppender (GrpcLogAppender.java:installSnapshot(549)) - omNode-1@group-523986131536->omNode-3-GrpcLogAppender: send omNode-1->omNode-3#0-t5,notify:(t:5, i:59)
2022-10-18 21:56:08,251 [grpc-default-executor-3] WARN  server.GrpcLogAppender (LogUtils.java:warn(122)) - omNode-1@group-523986131536->omNode-3-AppendLogResponseHandler: Failed appendEntries: org.apache.ratis.thirdparty.io.grpc.StatusRuntimeException: UNAVAILABLE: io exception
2022-10-18 21:56:08,251 [grpc-default-executor-3] INFO  leader.FollowerInfo (FollowerInfoImpl.java:lambda$new$0(48)) - omNode-1@group-523986131536->omNode-3: nextIndex: updateUnconditionally 19 -> 18
2022-10-18 21:56:08,251 [grpc-default-executor-1] WARN  server.GrpcLogAppender (LogUtils.java:warn(122)) - omNode-1@group-523986131536->omNode-3-InstallSnapshotResponseHandler: Failed InstallSnapshot: org.apache.ratis.thirdparty.io.grpc.StatusRuntimeException: UNAVAILABLE: io exception
2022-10-18 21:56:08,251 [grpc-default-executor-1] INFO  leader.FollowerInfo (FollowerInfoImpl.java:lambda$new$0(48)) - omNode-1@group-523986131536->omNode-3: nextIndex: updateUnconditionally 18 -> 17
2022-10-18 21:56:08,252 [grpc-default-executor-1] WARN  server.GrpcLogAppender (LogUtils.java:warn(122)) - omNode-1@group-523986131536->omNode-3-AppendLogResponseHandler: Failed appendEntries: org.apache.ratis.thirdparty.io.grpc.StatusRuntimeException: UNAVAILABLE: io exception
2022-10-18 21:56:08,252 [grpc-default-executor-1] INFO  leader.FollowerInfo (FollowerInfoImpl.java:lambda$new$0(48)) - omNode-1@group-523986131536->omNode-3: nextIndex: updateUnconditionally 17 -> 16
2022-10-18 21:56:08,252 [omNode-1@group-523986131536->omNode-3-GrpcLogAppender-LogAppenderDaemon] INFO  server.GrpcLogAppender (GrpcLogAppender.java:installSnapshot(541)) - omNode-1@group-523986131536->omNode-3-GrpcLogAppender: followerNextIndex = 16 but logStartIndex = 59, notify follower to install snapshot-(t:5, i:59)
2022-10-18 21:56:08,252 [omNode-1@group-523986131536->omNode-3-GrpcLogAppender-LogAppenderDaemon] INFO  server.GrpcLogAppender (GrpcLogAppender.java:installSnapshot(549)) - omNode-1@group-523986131536->omNode-3-GrpcLogAppender: send omNode-1->omNode-3#0-t5,notify:(t:5, i:59)
2022-10-18 21:56:08,252 [grpc-default-executor-0] WARN  server.GrpcLogAppender (LogUtils.java:warn(122)) - omNode-1@group-523986131536->omNode-3-InstallSnapshotResponseHandler: Failed InstallSnapshot: org.apache.ratis.thirdparty.io.grpc.StatusRuntimeException: UNAVAILABLE: io exception
2022-10-18 21:56:08,252 [grpc-default-executor-3] WARN  server.GrpcLogAppender (LogUtils.java:warn(122)) - omNode-1@group-523986131536->omNode-3-AppendLogResponseHandler: Failed appendEntries: org.apache.ratis.thirdparty.io.grpc.StatusRuntimeException: UNAVAILABLE: io exception
2022-10-18 21:56:08,252 [grpc-default-executor-0] INFO  leader.FollowerInfo (FollowerInfoImpl.java:lambda$new$0(48)) - omNode-1@group-523986131536->omNode-3: nextIndex: updateUnconditionally 16 -> 15
2022-10-18 21:56:08,253 [grpc-default-executor-3] INFO  leader.FollowerInfo (FollowerInfoImpl.java:lambda$new$0(48)) - omNode-1@group-523986131536->omNode-3: nextIndex: updateUnconditionally 15 -> 14
2022-10-18 21:56:08,253 [grpc-default-executor-3] WARN  server.GrpcLogAppender (LogUtils.java:warn(122)) - omNode-1@group-523986131536->omNode-3-AppendLogResponseHandler: Failed appendEntries: org.apache.ratis.thirdparty.io.grpc.StatusRuntimeException: UNAVAILABLE: io exception
2022-10-18 21:56:08,253 [omNode-1@group-523986131536->omNode-3-GrpcLogAppender-LogAppenderDaemon] INFO  server.GrpcLogAppender (GrpcLogAppender.java:installSnapshot(541)) - omNode-1@group-523986131536->omNode-3-GrpcLogAppender: followerNextIndex = 14 but logStartIndex = 59, notify follower to install snapshot-(t:5, i:59)
2022-10-18 21:56:08,253 [omNode-1@group-523986131536->omNode-3-GrpcLogAppender-LogAppenderDaemon] INFO  server.GrpcLogAppender (GrpcLogAppender.java:installSnapshot(549)) - omNode-1@group-523986131536->omNode-3-GrpcLogAppender: send omNode-1->omNode-3#0-t5,notify:(t:5, i:59)
2022-10-18 21:56:08,253 [grpc-default-executor-3] INFO  leader.FollowerInfo (FollowerInfoImpl.java:lambda$new$0(48)) - omNode-1@group-523986131536->omNode-3: nextIndex: updateUnconditionally 14 -> 13
2022-10-18 21:56:08,254 [grpc-default-executor-0] WARN  server.GrpcLogAppender (LogUtils.java:warn(122)) - omNode-1@group-523986131536->omNode-3-InstallSnapshotResponseHandler: Failed InstallSnapshot: org.apache.ratis.thirdparty.io.grpc.StatusRuntimeException: UNAVAILABLE: io exception
2022-10-18 21:56:08,254 [grpc-default-executor-0] INFO  leader.FollowerInfo (FollowerInfoImpl.java:lambda$new$0(48)) - omNode-1@group-523986131536->omNode-3: nextIndex: updateUnconditionally 13 -> 12
2022-10-18 21:56:08,254 [omNode-1@group-523986131536->omNode-3-GrpcLogAppender-LogAppenderDaemon] INFO  server.GrpcLogAppender (GrpcLogAppender.java:installSnapshot(541)) - omNode-1@group-523986131536->omNode-3-GrpcLogAppender: followerNextIndex = 12 but logStartIndex = 59, notify follower to install snapshot-(t:5, i:59)
2022-10-18 21:56:08,254 [omNode-1@group-523986131536->omNode-3-GrpcLogAppender-LogAppenderDaemon] INFO  server.GrpcLogAppender (GrpcLogAppender.java:installSnapshot(549)) - omNode-1@group-523986131536->omNode-3-GrpcLogAppender: send omNode-1->omNode-3#0-t5,notify:(t:5, i:59)
2022-10-18 21:56:08,255 [grpc-default-executor-0] WARN  server.GrpcLogAppender (LogUtils.java:warn(122)) - omNode-1@group-523986131536->omNode-3-AppendLogResponseHandler: Failed appendEntries: org.apache.ratis.thirdparty.io.grpc.StatusRuntimeException: UNAVAILABLE: io exception
2022-10-18 21:56:08,255 [grpc-default-executor-0] INFO  leader.FollowerInfo (FollowerInfoImpl.java:lambda$new$0(48)) - omNode-1@group-523986131536->omNode-3: nextIndex: updateUnconditionally 12 -> 11
2022-10-18 21:56:08,256 [grpc-default-executor-0] WARN  server.GrpcLogAppender (LogUtils.java:warn(122)) - omNode-1@group-523986131536->omNode-3-InstallSnapshotResponseHandler: Failed InstallSnapshot: org.apache.ratis.thirdparty.io.grpc.StatusRuntimeException: UNAVAILABLE: io exception
2022-10-18 21:56:08,256 [grpc-default-executor-0] INFO  leader.FollowerInfo (FollowerInfoImpl.java:lambda$new$0(48)) - omNode-1@group-523986131536->omNode-3: nextIndex: updateUnconditionally 11 -> 10
2022-10-18 21:56:08,256 [omNode-1@group-523986131536->omNode-3-GrpcLogAppender-LogAppenderDaemon] INFO  server.GrpcLogAppender (GrpcLogAppender.java:installSnapshot(541)) - omNode-1@group-523986131536->omNode-3-GrpcLogAppender: followerNextIndex = 10 but logStartIndex = 59, notify follower to install snapshot-(t:5, i:59)
2022-10-18 21:56:08,256 [omNode-1@group-523986131536->omNode-3-GrpcLogAppender-LogAppenderDaemon] INFO  server.GrpcLogAppender (GrpcLogAppender.java:installSnapshot(549)) - omNode-1@group-523986131536->omNode-3-GrpcLogAppender: send omNode-1->omNode-3#0-t5,notify:(t:5, i:59)
2022-10-18 21:56:08,256 [grpc-default-executor-0] WARN  server.GrpcLogAppender (LogUtils.java:warn(122)) - omNode-1@group-523986131536->omNode-3-AppendLogResponseHandler: Failed appendEntries: org.apache.ratis.thirdparty.io.grpc.StatusRuntimeException: UNAVAILABLE: io exception
2022-10-18 21:56:08,256 [grpc-default-executor-0] INFO  leader.FollowerInfo (FollowerInfoImpl.java:lambda$new$0(48)) - omNode-1@group-523986131536->omNode-3: nextIndex: updateUnconditionally 10 -> 9
2022-10-18 21:56:08,256 [grpc-default-executor-3] WARN  server.GrpcLogAppender (LogUtils.java:warn(122)) - omNode-1@group-523986131536->omNode-3-InstallSnapshotResponseHandler: Failed InstallSnapshot: org.apache.ratis.thirdparty.io.grpc.StatusRuntimeException: UNAVAILABLE: io exception
2022-10-18 21:56:08,257 [grpc-default-executor-3] INFO  leader.FollowerInfo (FollowerInfoImpl.java:lambda$new$0(48)) - omNode-1@group-523986131536->omNode-3: nextIndex: updateUnconditionally 9 -> 8
2022-10-18 21:56:08,257 [omNode-1@group-523986131536->omNode-3-GrpcLogAppender-LogAppenderDaemon] INFO  server.GrpcLogAppender (GrpcLogAppender.java:installSnapshot(541)) - omNode-1@group-523986131536->omNode-3-GrpcLogAppender: followerNextIndex = 8 but logStartIndex = 59, notify follower to install snapshot-(t:5, i:59)
2022-10-18 21:56:08,257 [omNode-1@group-523986131536->omNode-3-GrpcLogAppender-LogAppenderDaemon] INFO  server.GrpcLogAppender (GrpcLogAppender.java:installSnapshot(549)) - omNode-1@group-523986131536->omNode-3-GrpcLogAppender: send omNode-1->omNode-3#0-t5,notify:(t:5, i:59)
2022-10-18 21:56:08,257 [grpc-default-executor-1] WARN  server.GrpcLogAppender (LogUtils.java:warn(122)) - omNode-1@group-523986131536->omNode-3-AppendLogResponseHandler: Failed appendEntries: org.apache.ratis.thirdparty.io.grpc.StatusRuntimeException: UNAVAILABLE: io exception
2022-10-18 21:56:08,257 [grpc-default-executor-3] WARN  server.GrpcLogAppender (LogUtils.java:warn(122)) - omNode-1@group-523986131536->omNode-3-InstallSnapshotResponseHandler: Failed InstallSnapshot: org.apache.ratis.thirdparty.io.grpc.StatusRuntimeException: UNAVAILABLE: io exception
2022-10-18 21:56:08,258 [grpc-default-executor-1] INFO  leader.FollowerInfo (FollowerInfoImpl.java:lambda$new$0(48)) - omNode-1@group-523986131536->omNode-3: nextIndex: updateUnconditionally 8 -> 7
2022-10-18 21:56:08,258 [grpc-default-executor-3] INFO  leader.FollowerInfo (FollowerInfoImpl.java:lambda$new$0(48)) - omNode-1@group-523986131536->omNode-3: nextIndex: updateUnconditionally 7 -> 6
2022-10-18 21:56:08,258 [omNode-1@group-523986131536->omNode-3-GrpcLogAppender-LogAppenderDaemon] INFO  server.GrpcLogAppender (GrpcLogAppender.java:installSnapshot(541)) - omNode-1@group-523986131536->omNode-3-GrpcLogAppender: followerNextIndex = 6 but logStartIndex = 59, notify follower to install snapshot-(t:5, i:59)
2022-10-18 21:56:08,258 [omNode-1@group-523986131536->omNode-3-GrpcLogAppender-LogAppenderDaemon] INFO  server.GrpcLogAppender (GrpcLogAppender.java:installSnapshot(549)) - omNode-1@group-523986131536->omNode-3-GrpcLogAppender: send omNode-1->omNode-3#0-t5,notify:(t:5, i:59)
2022-10-18 21:56:08,258 [grpc-default-executor-3] WARN  server.GrpcLogAppender (LogUtils.java:warn(122)) - omNode-1@group-523986131536->omNode-3-InstallSnapshotResponseHandler: Failed InstallSnapshot: org.apache.ratis.thirdparty.io.grpc.StatusRuntimeException: UNAVAILABLE: io exception
2022-10-18 21:56:08,258 [grpc-default-executor-0] WARN  server.GrpcLogAppender (LogUtils.java:warn(122)) - omNode-1@group-523986131536->omNode-3-AppendLogResponseHandler: Failed appendEntries: org.apache.ratis.thirdparty.io.grpc.StatusRuntimeException: UNAVAILABLE: io exception
2022-10-18 21:56:08,258 [grpc-default-executor-3] INFO  leader.FollowerInfo (FollowerInfoImpl.java:lambda$new$0(48)) - omNode-1@group-523986131536->omNode-3: nextIndex: updateUnconditionally 6 -> 5
2022-10-18 21:56:08,259 [grpc-default-executor-0] INFO  leader.FollowerInfo (FollowerInfoImpl.java:lambda$new$0(48)) - omNode-1@group-523986131536->omNode-3: nextIndex: updateUnconditionally 5 -> 4
2022-10-18 21:56:08,259 [omNode-1@group-523986131536->omNode-3-GrpcLogAppender-LogAppenderDaemon] INFO  server.GrpcLogAppender (GrpcLogAppender.java:installSnapshot(541)) - omNode-1@group-523986131536->omNode-3-GrpcLogAppender: followerNextIndex = 4 but logStartIndex = 59, notify follower to install snapshot-(t:5, i:59)
2022-10-18 21:56:08,259 [omNode-1@group-523986131536->omNode-3-GrpcLogAppender-LogAppenderDaemon] INFO  server.GrpcLogAppender (GrpcLogAppender.java:installSnapshot(549)) - omNode-1@group-523986131536->omNode-3-GrpcLogAppender: send omNode-1->omNode-3#0-t5,notify:(t:5, i:59)
2022-10-18 21:56:08,259 [grpc-default-executor-2] WARN  server.GrpcLogAppender (LogUtils.java:warn(122)) - omNode-1@group-523986131536->omNode-3-InstallSnapshotResponseHandler: Failed InstallSnapshot: org.apache.ratis.thirdparty.io.grpc.StatusRuntimeException: UNAVAILABLE: io exception
2022-10-18 21:56:08,259 [grpc-default-executor-1] WARN  server.GrpcLogAppender (LogUtils.java:warn(122)) - omNode-1@group-523986131536->omNode-3-AppendLogResponseHandler: Failed appendEntries: org.apache.ratis.thirdparty.io.grpc.StatusRuntimeException: UNAVAILABLE: io exception
2022-10-18 21:56:08,259 [grpc-default-executor-2] INFO  leader.FollowerInfo (FollowerInfoImpl.java:lambda$new$0(48)) - omNode-1@group-523986131536->omNode-3: nextIndex: updateUnconditionally 4 -> 3
2022-10-18 21:56:08,259 [grpc-default-executor-1] INFO  leader.FollowerInfo (FollowerInfoImpl.java:lambda$new$0(48)) - omNode-1@group-523986131536->omNode-3: nextIndex: updateUnconditionally 3 -> 2
2022-10-18 21:56:08,259 [omNode-1@group-523986131536->omNode-3-GrpcLogAppender-LogAppenderDaemon] INFO  server.GrpcLogAppender (GrpcLogAppender.java:installSnapshot(541)) - omNode-1@group-523986131536->omNode-3-GrpcLogAppender: followerNextIndex = 2 but logStartIndex = 59, notify follower to install snapshot-(t:5, i:59)
2022-10-18 21:56:08,260 [omNode-1@group-523986131536->omNode-3-GrpcLogAppender-LogAppenderDaemon] INFO  server.GrpcLogAppender (GrpcLogAppender.java:installSnapshot(549)) - omNode-1@group-523986131536->omNode-3-GrpcLogAppender: send omNode-1->omNode-3#0-t5,notify:(t:5, i:59)
2022-10-18 21:56:08,260 [grpc-default-executor-3] WARN  server.GrpcLogAppender (LogUtils.java:warn(122)) - omNode-1@group-523986131536->omNode-3-InstallSnapshotResponseHandler: Failed InstallSnapshot: org.apache.ratis.thirdparty.io.grpc.StatusRuntimeException: UNAVAILABLE: io exception
2022-10-18 21:56:08,260 [grpc-default-executor-0] WARN  server.GrpcLogAppender (LogUtils.java:warn(122)) - omNode-1@group-523986131536->omNode-3-AppendLogResponseHandler: Failed appendEntries: org.apache.ratis.thirdparty.io.grpc.StatusRuntimeException: UNAVAILABLE: io exception
2022-10-18 21:56:08,260 [grpc-default-executor-3] INFO  leader.FollowerInfo (FollowerInfoImpl.java:lambda$new$0(48)) - omNode-1@group-523986131536->omNode-3: nextIndex: updateUnconditionally 2 -> 1
2022-10-18 21:56:08,260 [grpc-default-executor-0] INFO  leader.FollowerInfo (FollowerInfoImpl.java:lambda$new$0(48)) - omNode-1@group-523986131536->omNode-3: nextIndex: updateUnconditionally 1 -> 0
2022-10-18 21:56:08,260 [omNode-1@group-523986131536->omNode-3-GrpcLogAppender-LogAppenderDaemon] INFO  server.GrpcLogAppender (GrpcLogAppender.java:installSnapshot(541)) - omNode-1@group-523986131536->omNode-3-GrpcLogAppender: followerNextIndex = 0 but logStartIndex = 59, notify follower to install snapshot-(t:5, i:59)
2022-10-18 21:56:08,260 [omNode-1@group-523986131536->omNode-3-GrpcLogAppender-LogAppenderDaemon] INFO  server.GrpcLogAppender (GrpcLogAppender.java:installSnapshot(549)) - omNode-1@group-523986131536->omNode-3-GrpcLogAppender: send omNode-1->omNode-3#0-t5,notify:(t:5, i:59)
2022-10-18 21:56:08,261 [grpc-default-executor-2] WARN  server.GrpcLogAppender (LogUtils.java:warn(122)) - omNode-1@group-523986131536->omNode-3-AppendLogResponseHandler: Failed appendEntries: org.apache.ratis.thirdparty.io.grpc.StatusRuntimeException: UNAVAILABLE: io exception
2022-10-18 21:56:08,261 [grpc-default-executor-1] WARN  server.GrpcLogAppender (LogUtils.java:warn(122)) - omNode-1@group-523986131536->omNode-3-InstallSnapshotResponseHandler: Failed InstallSnapshot: org.apache.ratis.thirdparty.io.grpc.StatusRuntimeException: UNAVAILABLE: io exception
2022-10-18 21:56:08,261 [grpc-default-executor-2] INFO  leader.FollowerInfo (FollowerInfoImpl.java:lambda$new$0(48)) - omNode-1@group-523986131536->omNode-3: nextIndex: updateUnconditionally 0 -> 0
2022-10-18 21:56:08,261 [grpc-default-executor-1] INFO  leader.FollowerInfo (FollowerInfoImpl.java:lambda$new$0(48)) - omNode-1@group-523986131536->omNode-3: nextIndex: updateUnconditionally 0 -> 0
2022-10-18 21:56:08,261 [omNode-1@group-523986131536->omNode-3-GrpcLogAppender-LogAppenderDaemon] INFO  server.GrpcLogAppender (GrpcLogAppender.java:installSnapshot(541)) - omNode-1@group-523986131536->omNode-3-GrpcLogAppender: followerNextIndex = 0 but logStartIndex = 59, notify follower to install snapshot-(t:5, i:59)
2022-10-18 21:56:08,261 [omNode-1@group-523986131536->omNode-3-GrpcLogAppender-LogAppenderDaemon] INFO  server.GrpcLogAppender (GrpcLogAppender.java:installSnapshot(549)) - omNode-1@group-523986131536->omNode-3-GrpcLogAppender: send omNode-1->omNode-3#0-t5,notify:(t:5, i:59)
2022-10-18 21:56:08,261 [grpc-default-executor-3] WARN  server.GrpcLogAppender (LogUtils.java:warn(122)) - omNode-1@group-523986131536->omNode-3-AppendLogResponseHandler: Failed appendEntries: org.apache.ratis.thirdparty.io.grpc.StatusRuntimeException: UNAVAILABLE: io exception
2022-10-18 21:56:08,261 [grpc-default-executor-0] WARN  server.GrpcLogAppender (LogUtils.java:warn(122)) - omNode-1@group-523986131536->omNode-3-InstallSnapshotResponseHandler: Failed InstallSnapshot: org.apache.ratis.thirdparty.io.grpc.StatusRuntimeException: UNAVAILABLE: io exception
2022-10-18 21:56:08,262 [grpc-default-executor-3] INFO  leader.FollowerInfo (FollowerInfoImpl.java:lambda$new$0(48)) - omNode-1@group-523986131536->omNode-3: nextIndex: updateUnconditionally 0 -> 0
2022-10-18 21:56:08,262 [grpc-default-executor-0] INFO  leader.FollowerInfo (FollowerInfoImpl.java:lambda$new$0(48)) - omNode-1@group-523986131536->omNode-3: nextIndex: updateUnconditionally 0 -> 0
2022-10-18 21:56:08,262 [omNode-1@group-523986131536->omNode-3-GrpcLogAppender-LogAppenderDaemon] INFO  server.GrpcLogAppender (GrpcLogAppender.java:installSnapshot(541)) - omNode-1@group-523986131536->omNode-3-GrpcLogAppender: followerNextIndex = 0 but logStartIndex = 59, notify follower to install snapshot-(t:5, i:59)
2022-10-18 21:56:08,262 [omNode-1@group-523986131536->omNode-3-GrpcLogAppender-LogAppenderDaemon] INFO  server.GrpcLogAppender (GrpcLogAppender.java:installSnapshot(549)) - omNode-1@group-523986131536->omNode-3-GrpcLogAppender: send omNode-1->omNode-3#0-t5,notify:(t:5, i:59)
2022-10-18 21:56:08,262 [grpc-default-executor-1] WARN  server.GrpcLogAppender (LogUtils.java:warn(122)) - omNode-1@group-523986131536->omNode-3-InstallSnapshotResponseHandler: Failed InstallSnapshot: org.apache.ratis.thirdparty.io.grpc.StatusRuntimeException: UNAVAILABLE: io exception
2022-10-18 21:56:08,263 [grpc-default-executor-1] INFO  leader.FollowerInfo (FollowerInfoImpl.java:lambda$new$0(48)) - omNode-1@group-523986131536->omNode-3: nextIndex: updateUnconditionally 0 -> 0
2022-10-18 21:56:08,263 [grpc-default-executor-3] WARN  server.GrpcLogAppender (LogUtils.java:warn(122)) - omNode-1@group-523986131536->omNode-3-AppendLogResponseHandler: Failed appendEntries: org.apache.ratis.thirdparty.io.grpc.StatusRuntimeException: UNAVAILABLE: io exception
2022-10-18 21:56:08,263 [grpc-default-executor-3] INFO  leader.FollowerInfo (FollowerInfoImpl.java:lambda$new$0(48)) - omNode-1@group-523986131536->omNode-3: nextIndex: updateUnconditionally 0 -> 0
2022-10-18 21:56:08,263 [omNode-1@group-523986131536->omNode-3-GrpcLogAppender-LogAppenderDaemon] INFO  server.GrpcLogAppender (GrpcLogAppender.java:installSnapshot(541)) - omNode-1@group-523986131536->omNode-3-GrpcLogAppender: followerNextIndex = 0 but logStartIndex = 59, notify follower to install snapshot-(t:5, i:59)
2022-10-18 21:56:08,263 [omNode-1@group-523986131536->omNode-3-GrpcLogAppender-LogAppenderDaemon] INFO  server.GrpcLogAppender (GrpcLogAppender.java:installSnapshot(549)) - omNode-1@group-523986131536->omNode-3-GrpcLogAppender: send omNode-1->omNode-3#0-t5,notify:(t:5, i:59)
2022-10-18 21:56:08,263 [grpc-default-executor-0] WARN  server.GrpcLogAppender (LogUtils.java:warn(122)) - omNode-1@group-523986131536->omNode-3-InstallSnapshotResponseHandler: Failed InstallSnapshot: org.apache.ratis.thirdparty.io.grpc.StatusRuntimeException: UNAVAILABLE: io exception
2022-10-18 21:56:08,264 [grpc-default-executor-0] INFO  leader.FollowerInfo (FollowerInfoImpl.java:lambda$new$0(48)) - omNode-1@group-523986131536->omNode-3: nextIndex: updateUnconditionally 0 -> 0
2022-10-18 21:56:08,264 [grpc-default-executor-0] WARN  server.GrpcLogAppender (LogUtils.java:warn(122)) - omNode-1@group-523986131536->omNode-3-AppendLogResponseHandler: Failed appendEntries: org.apache.ratis.thirdparty.io.grpc.StatusRuntimeException: UNAVAILABLE: io exception
2022-10-18 21:56:08,264 [grpc-default-executor-0] INFO  leader.FollowerInfo (FollowerInfoImpl.java:lambda$new$0(48)) - omNode-1@group-523986131536->omNode-3: nextIndex: updateUnconditionally 0 -> 0
2022-10-18 21:56:08,264 [omNode-1@group-523986131536->omNode-3-GrpcLogAppender-LogAppenderDaemon] INFO  server.GrpcLogAppender (GrpcLogAppender.java:installSnapshot(541)) - omNode-1@group-523986131536->omNode-3-GrpcLogAppender: followerNextIndex = 0 but logStartIndex = 59, notify follower to install snapshot-(t:5, i:59)
2022-10-18 21:56:08,265 [grpc-default-executor-3] WARN  server.GrpcLogAppender (LogUtils.java:warn(122)) - omNode-1@group-523986131536->omNode-3-AppendLogResponseHandler: Failed appendEntries: org.apache.ratis.thirdparty.io.grpc.StatusRuntimeException: UNAVAILABLE: io exception
2022-10-18 21:56:08,265 [grpc-default-executor-3] INFO  leader.FollowerInfo (FollowerInfoImpl.java:lambda$new$0(48)) - omNode-1@group-523986131536->omNode-3: nextIndex: updateUnconditionally 0 -> 0
2022-10-18 21:56:08,265 [omNode-1@group-523986131536->omNode-3-GrpcLogAppender-LogAppenderDaemon] INFO  server.GrpcLogAppender (GrpcLogAppender.java:installSnapshot(549)) - omNode-1@group-523986131536->omNode-3-GrpcLogAppender: send omNode-1->omNode-3#0-t5,notify:(t:5, i:59)
2022-10-18 21:56:08,266 [grpc-default-executor-3] WARN  server.GrpcLogAppender (LogUtils.java:warn(122)) - omNode-1@group-523986131536->omNode-3-InstallSnapshotResponseHandler: Failed InstallSnapshot: org.apache.ratis.thirdparty.io.grpc.StatusRuntimeException: UNAVAILABLE: io exception
2022-10-18 21:56:08,266 [grpc-default-executor-3] INFO  leader.FollowerInfo (FollowerInfoImpl.java:lambda$new$0(48)) - omNode-1@group-523986131536->omNode-3: nextIndex: updateUnconditionally 0 -> 0
2022-10-18 21:56:08,266 [omNode-1@group-523986131536->omNode-3-GrpcLogAppender-LogAppenderDaemon] INFO  server.GrpcLogAppender (GrpcLogAppender.java:installSnapshot(541)) - omNode-1@group-523986131536->omNode-3-GrpcLogAppender: followerNextIndex = 0 but logStartIndex = 59, notify follower to install snapshot-(t:5, i:59)
2022-10-18 21:56:08,266 [omNode-1@group-523986131536->omNode-3-GrpcLogAppender-LogAppenderDaemon] INFO  server.GrpcLogAppender (GrpcLogAppender.java:installSnapshot(549)) - omNode-1@group-523986131536->omNode-3-GrpcLogAppender: send omNode-1->omNode-3#0-t5,notify:(t:5, i:59)
2022-10-18 21:56:08,267 [grpc-default-executor-0] WARN  server.GrpcLogAppender (LogUtils.java:warn(122)) - omNode-1@group-523986131536->omNode-3-InstallSnapshotResponseHandler: Failed InstallSnapshot: org.apache.ratis.thirdparty.io.grpc.StatusRuntimeException: UNAVAILABLE: io exception
2022-10-18 21:56:08,267 [grpc-default-executor-0] INFO  leader.FollowerInfo (FollowerInfoImpl.java:lambda$new$0(48)) - omNode-1@group-523986131536->omNode-3: nextIndex: updateUnconditionally 0 -> 0
2022-10-18 21:56:08,269 [grpc-default-executor-0] WARN  server.GrpcLogAppender (LogUtils.java:warn(122)) - omNode-1@group-523986131536->omNode-3-AppendLogResponseHandler: Failed appendEntries: org.apache.ratis.thirdparty.io.grpc.StatusRuntimeException: UNAVAILABLE: io exception
2022-10-18 21:56:08,269 [grpc-default-executor-0] INFO  leader.FollowerInfo (FollowerInfoImpl.java:lambda$new$0(48)) - omNode-1@group-523986131536->omNode-3: nextIndex: updateUnconditionally 0 -> 0
2022-10-18 21:56:08,272 [omNode-1@group-523986131536->omNode-3-GrpcLogAppender-LogAppenderDaemon] INFO  server.GrpcLogAppender (GrpcLogAppender.java:installSnapshot(541)) - omNode-1@group-523986131536->omNode-3-GrpcLogAppender: followerNextIndex = 0 but logStartIndex = 59, notify follower to install snapshot-(t:5, i:59)
2022-10-18 21:56:08,272 [grpc-default-executor-0] WARN  server.GrpcLogAppender (LogUtils.java:warn(122)) - omNode-1@group-523986131536->omNode-3-AppendLogResponseHandler: Failed appendEntries: org.apache.ratis.thirdparty.io.grpc.StatusRuntimeException: UNAVAILABLE: io exception
2022-10-18 21:56:08,272 [omNode-1@group-523986131536->omNode-3-GrpcLogAppender-LogAppenderDaemon] INFO  server.GrpcLogAppender (GrpcLogAppender.java:installSnapshot(549)) - omNode-1@group-523986131536->omNode-3-GrpcLogAppender: send omNode-1->omNode-3#0-t5,notify:(t:5, i:59)
2022-10-18 21:56:08,272 [grpc-default-executor-0] INFO  leader.FollowerInfo (FollowerInfoImpl.java:lambda$new$0(48)) - omNode-1@group-523986131536->omNode-3: nextIndex: updateUnconditionally 0 -> 0
2022-10-18 21:56:08,272 [grpc-default-executor-3] WARN  server.GrpcLogAppender (LogUtils.java:warn(122)) - omNode-1@group-523986131536->omNode-3-InstallSnapshotResponseHandler: Failed InstallSnapshot: org.apache.ratis.thirdparty.io.grpc.StatusRuntimeException: UNAVAILABLE: io exception
2022-10-18 21:56:08,272 [grpc-default-executor-3] INFO  leader.FollowerInfo (FollowerInfoImpl.java:lambda$new$0(48)) - omNode-1@group-523986131536->omNode-3: nextIndex: updateUnconditionally 0 -> 0
2022-10-18 21:56:08,273 [grpc-default-executor-3] WARN  server.GrpcLogAppender (LogUtils.java:warn(122)) - omNode-1@group-523986131536->omNode-3-AppendLogResponseHandler: Failed appendEntries: org.apache.ratis.thirdparty.io.grpc.StatusRuntimeException: UNAVAILABLE: io exception
2022-10-18 21:56:08,273 [omNode-1@group-523986131536->omNode-3-GrpcLogAppender-LogAppenderDaemon] INFO  server.GrpcLogAppender (GrpcLogAppender.java:installSnapshot(541)) - omNode-1@group-523986131536->omNode-3-GrpcLogAppender: followerNextIndex = 0 but logStartIndex = 59, notify follower to install snapshot-(t:5, i:59)
2022-10-18 21:56:08,273 [omNode-1@group-523986131536->omNode-3-GrpcLogAppender-LogAppenderDaemon] INFO  server.GrpcLogAppender (GrpcLogAppender.java:installSnapshot(549)) - omNode-1@group-523986131536->omNode-3-GrpcLogAppender: send omNode-1->omNode-3#0-t5,notify:(t:5, i:59)
2022-10-18 21:56:08,273 [grpc-default-executor-0] WARN  server.GrpcLogAppender (LogUtils.java:warn(122)) - omNode-1@group-523986131536->omNode-3-InstallSnapshotResponseHandler: Failed InstallSnapshot: org.apache.ratis.thirdparty.io.grpc.StatusRuntimeException: UNAVAILABLE: io exception
2022-10-18 21:56:08,273 [grpc-default-executor-3] INFO  leader.FollowerInfo (FollowerInfoImpl.java:lambda$new$0(48)) - omNode-1@group-523986131536->omNode-3: nextIndex: updateUnconditionally 0 -> 0
2022-10-18 21:56:08,273 [grpc-default-executor-0] INFO  leader.FollowerInfo (FollowerInfoImpl.java:lambda$new$0(48)) - omNode-1@group-523986131536->omNode-3: nextIndex: updateUnconditionally 0 -> 0
2022-10-18 21:56:08,273 [omNode-1@group-523986131536->omNode-3-GrpcLogAppender-LogAppenderDaemon] INFO  server.GrpcLogAppender (GrpcLogAppender.java:installSnapshot(541)) - omNode-1@group-523986131536->omNode-3-GrpcLogAppender: followerNextIndex = 0 but logStartIndex = 59, notify follower to install snapshot-(t:5, i:59)
2022-10-18 21:56:08,274 [omNode-1@group-523986131536->omNode-3-GrpcLogAppender-LogAppenderDaemon] INFO  server.GrpcLogAppender (GrpcLogAppender.java:installSnapshot(549)) - omNode-1@group-523986131536->omNode-3-GrpcLogAppender: send omNode-1->omNode-3#0-t5,notify:(t:5, i:59)
2022-10-18 21:56:08,274 [grpc-default-executor-3] WARN  server.GrpcLogAppender (LogUtils.java:warn(122)) - omNode-1@group-523986131536->omNode-3-AppendLogResponseHandler: Failed appendEntries: org.apache.ratis.thirdparty.io.grpc.StatusRuntimeException: UNAVAILABLE: io exception
2022-10-18 21:56:08,274 [grpc-default-executor-3] INFO  leader.FollowerInfo (FollowerInfoImpl.java:lambda$new$0(48)) - omNode-1@group-523986131536->omNode-3: nextIndex: updateUnconditionally 0 -> 0
2022-10-18 21:56:08,275 [grpc-default-executor-0] WARN  server.GrpcLogAppender (LogUtils.java:warn(122)) - omNode-1@group-523986131536->omNode-3-InstallSnapshotResponseHandler: Failed InstallSnapshot: org.apache.ratis.thirdparty.io.grpc.StatusRuntimeException: UNAVAILABLE: io exception
2022-10-18 21:56:08,275 [grpc-default-executor-0] INFO  leader.FollowerInfo (FollowerInfoImpl.java:lambda$new$0(48)) - omNode-1@group-523986131536->omNode-3: nextIndex: updateUnconditionally 0 -> 0
2022-10-18 21:56:08,276 [omNode-1@group-523986131536->omNode-3-GrpcLogAppender-LogAppenderDaemon] INFO  server.GrpcLogAppender (GrpcLogAppender.java:installSnapshot(541)) - omNode-1@group-523986131536->omNode-3-GrpcLogAppender: followerNextIndex = 0 but logStartIndex = 59, notify follower to install snapshot-(t:5, i:59)
2022-10-18 21:56:08,276 [omNode-1@group-523986131536->omNode-3-GrpcLogAppender-LogAppenderDaemon] INFO  server.GrpcLogAppender (GrpcLogAppender.java:installSnapshot(549)) - omNode-1@group-523986131536->omNode-3-GrpcLogAppender: send omNode-1->omNode-3#0-t5,notify:(t:5, i:59)
2022-10-18 21:56:08,276 [grpc-default-executor-3] WARN  server.GrpcLogAppender (LogUtils.java:warn(122)) - omNode-1@group-523986131536->omNode-3-AppendLogResponseHandler: Failed appendEntries: org.apache.ratis.thirdparty.io.grpc.StatusRuntimeException: UNAVAILABLE: io exception
2022-10-18 21:56:08,276 [grpc-default-executor-3] INFO  leader.FollowerInfo (FollowerInfoImpl.java:lambda$new$0(48)) - omNode-1@group-523986131536->omNode-3: nextIndex: updateUnconditionally 0 -> 0
2022-10-18 21:56:08,277 [grpc-default-executor-0] WARN  server.GrpcLogAppender (LogUtils.java:warn(122)) - omNode-1@group-523986131536->omNode-3-InstallSnapshotResponseHandler: Failed InstallSnapshot: org.apache.ratis.thirdparty.io.grpc.StatusRuntimeException: UNAVAILABLE: io exception
2022-10-18 21:56:08,277 [grpc-default-executor-0] INFO  leader.FollowerInfo (FollowerInfoImpl.java:lambda$new$0(48)) - omNode-1@group-523986131536->omNode-3: nextIndex: updateUnconditionally 0 -> 0
2022-10-18 21:56:08,277 [omNode-1@group-523986131536->omNode-3-GrpcLogAppender-LogAppenderDaemon] INFO  server.GrpcLogAppender (GrpcLogAppender.java:installSnapshot(541)) - omNode-1@group-523986131536->omNode-3-GrpcLogAppender: followerNextIndex = 0 but logStartIndex = 59, notify follower to install snapshot-(t:5, i:59)
2022-10-18 21:56:08,277 [omNode-1@group-523986131536->omNode-3-GrpcLogAppender-LogAppenderDaemon] INFO  server.GrpcLogAppender (GrpcLogAppender.java:installSnapshot(549)) - omNode-1@group-523986131536->omNode-3-GrpcLogAppender: send omNode-1->omNode-3#0-t5,notify:(t:5, i:59)
2022-10-18 21:56:08,277 [grpc-default-executor-3] WARN  server.GrpcLogAppender (LogUtils.java:warn(122)) - omNode-1@group-523986131536->omNode-3-AppendLogResponseHandler: Failed appendEntries: org.apache.ratis.thirdparty.io.grpc.StatusRuntimeException: UNAVAILABLE: io exception
2022-10-18 21:56:08,278 [grpc-default-executor-3] INFO  leader.FollowerInfo (FollowerInfoImpl.java:lambda$new$0(48)) - omNode-1@group-523986131536->omNode-3: nextIndex: updateUnconditionally 0 -> 0
2022-10-18 21:56:08,279 [grpc-default-executor-0] WARN  server.GrpcLogAppender (LogUtils.java:warn(122)) - omNode-1@group-523986131536->omNode-3-InstallSnapshotResponseHandler: Failed InstallSnapshot: org.apache.ratis.thirdparty.io.grpc.StatusRuntimeException: UNAVAILABLE: io exception
2022-10-18 21:56:08,279 [grpc-default-executor-0] INFO  leader.FollowerInfo (FollowerInfoImpl.java:lambda$new$0(48)) - omNode-1@group-523986131536->omNode-3: nextIndex: updateUnconditionally 0 -> 0
2022-10-18 21:56:08,280 [omNode-1@group-523986131536->omNode-3-GrpcLogAppender-LogAppenderDaemon] INFO  server.GrpcLogAppender (GrpcLogAppender.java:installSnapshot(541)) - omNode-1@group-523986131536->omNode-3-GrpcLogAppender: followerNextIndex = 0 but logStartIndex = 59, notify follower to install snapshot-(t:5, i:59)
2022-10-18 21:56:08,280 [omNode-1@group-523986131536->omNode-3-GrpcLogAppender-LogAppenderDaemon] INFO  server.GrpcLogAppender (GrpcLogAppender.java:installSnapshot(549)) - omNode-1@group-523986131536->omNode-3-GrpcLogAppender: send omNode-1->omNode-3#0-t5,notify:(t:5, i:59)
2022-10-18 21:56:08,280 [grpc-default-executor-1] WARN  server.GrpcLogAppender (LogUtils.java:warn(122)) - omNode-1@group-523986131536->omNode-3-AppendLogResponseHandler: Failed appendEntries: org.apache.ratis.thirdparty.io.grpc.StatusRuntimeException: UNAVAILABLE: io exception
2022-10-18 21:56:08,280 [grpc-default-executor-0] WARN  server.GrpcLogAppender (LogUtils.java:warn(122)) - omNode-1@group-523986131536->omNode-3-InstallSnapshotResponseHandler: Failed InstallSnapshot: org.apache.ratis.thirdparty.io.grpc.StatusRuntimeException: UNAVAILABLE: io exception
2022-10-18 21:56:08,280 [grpc-default-executor-1] INFO  leader.FollowerInfo (FollowerInfoImpl.java:lambda$new$0(48)) - omNode-1@group-523986131536->omNode-3: nextIndex: updateUnconditionally 0 -> 0
2022-10-18 21:56:08,281 [grpc-default-executor-0] INFO  leader.FollowerInfo (FollowerInfoImpl.java:lambda$new$0(48)) - omNode-1@group-523986131536->omNode-3: nextIndex: updateUnconditionally 0 -> 0
2022-10-18 21:56:08,281 [omNode-1@group-523986131536->omNode-3-GrpcLogAppender-LogAppenderDaemon] INFO  server.GrpcLogAppender (GrpcLogAppender.java:installSnapshot(541)) - omNode-1@group-523986131536->omNode-3-GrpcLogAppender: followerNextIndex = 0 but logStartIndex = 59, notify follower to install snapshot-(t:5, i:59)
2022-10-18 21:56:08,281 [grpc-default-executor-0] WARN  server.GrpcLogAppender (LogUtils.java:warn(122)) - omNode-1@group-523986131536->omNode-3-AppendLogResponseHandler: Failed appendEntries: org.apache.ratis.thirdparty.io.grpc.StatusRuntimeException: UNAVAILABLE: io exception
2022-10-18 21:56:08,281 [omNode-1@group-523986131536->omNode-3-GrpcLogAppender-LogAppenderDaemon] INFO  server.GrpcLogAppender (GrpcLogAppender.java:installSnapshot(549)) - omNode-1@group-523986131536->omNode-3-GrpcLogAppender: send omNode-1->omNode-3#0-t5,notify:(t:5, i:59)
2022-10-18 21:56:08,281 [grpc-default-executor-1] WARN  server.GrpcLogAppender (LogUtils.java:warn(122)) - omNode-1@group-523986131536->omNode-3-InstallSnapshotResponseHandler: Failed InstallSnapshot: org.apache.ratis.thirdparty.io.grpc.StatusRuntimeException: UNAVAILABLE: io exception
2022-10-18 21:56:08,281 [grpc-default-executor-0] INFO  leader.FollowerInfo (FollowerInfoImpl.java:lambda$new$0(48)) - omNode-1@group-523986131536->omNode-3: nextIndex: updateUnconditionally 0 -> 0
2022-10-18 21:56:08,281 [grpc-default-executor-1] INFO  leader.FollowerInfo (FollowerInfoImpl.java:lambda$new$0(48)) - omNode-1@group-523986131536->omNode-3: nextIndex: updateUnconditionally 0 -> 0
2022-10-18 21:56:08,282 [omNode-1@group-523986131536->omNode-3-GrpcLogAppender-LogAppenderDaemon] INFO  server.GrpcLogAppender (GrpcLogAppender.java:installSnapshot(541)) - omNode-1@group-523986131536->omNode-3-GrpcLogAppender: followerNextIndex = 0 but logStartIndex = 59, notify follower to install snapshot-(t:5, i:59)
2022-10-18 21:56:08,282 [omNode-1@group-523986131536->omNode-3-GrpcLogAppender-LogAppenderDaemon] INFO  server.GrpcLogAppender (GrpcLogAppender.java:installSnapshot(549)) - omNode-1@group-523986131536->omNode-3-GrpcLogAppender: send omNode-1->omNode-3#0-t5,notify:(t:5, i:59)
2022-10-18 21:56:08,282 [grpc-default-executor-3] WARN  server.GrpcLogAppender (LogUtils.java:warn(122)) - omNode-1@group-523986131536->omNode-3-AppendLogResponseHandler: Failed appendEntries: org.apache.ratis.thirdparty.io.grpc.StatusRuntimeException: UNAVAILABLE: io exception
2022-10-18 21:56:08,282 [grpc-default-executor-1] WARN  server.GrpcLogAppender (LogUtils.java:warn(122)) - omNode-1@group-523986131536->omNode-3-InstallSnapshotResponseHandler: Failed InstallSnapshot: org.apache.ratis.thirdparty.io.grpc.StatusRuntimeException: UNAVAILABLE: io exception
2022-10-18 21:56:08,282 [grpc-default-executor-3] INFO  leader.FollowerInfo (FollowerInfoImpl.java:lambda$new$0(48)) - omNode-1@group-523986131536->omNode-3: nextIndex: updateUnconditionally 0 -> 0
2022-10-18 21:56:08,283 [grpc-default-executor-1] INFO  leader.FollowerInfo (FollowerInfoImpl.java:lambda$new$0(48)) - omNode-1@group-523986131536->omNode-3: nextIndex: updateUnconditionally 0 -> 0
2022-10-18 21:56:08,283 [grpc-default-executor-1] WARN  server.GrpcLogAppender (LogUtils.java:warn(122)) - omNode-1@group-523986131536->omNode-3-AppendLogResponseHandler: Failed appendEntries: org.apache.ratis.thirdparty.io.grpc.StatusRuntimeException: UNAVAILABLE: io exception
2022-10-18 21:56:08,283 [grpc-default-executor-1] INFO  leader.FollowerInfo (FollowerInfoImpl.java:lambda$new$0(48)) - omNode-1@group-523986131536->omNode-3: nextIndex: updateUnconditionally 0 -> 0
2022-10-18 21:56:08,283 [omNode-1@group-523986131536->omNode-3-GrpcLogAppender-LogAppenderDaemon] INFO  server.GrpcLogAppender (GrpcLogAppender.java:installSnapshot(541)) - omNode-1@group-523986131536->omNode-3-GrpcLogAppender: followerNextIndex = 0 but logStartIndex = 59, notify follower to install snapshot-(t:5, i:59)
2022-10-18 21:56:08,283 [omNode-1@group-523986131536->omNode-3-GrpcLogAppender-LogAppenderDaemon] INFO  server.GrpcLogAppender (GrpcLogAppender.java:installSnapshot(549)) - omNode-1@group-523986131536->omNode-3-GrpcLogAppender: send omNode-1->omNode-3#0-t5,notify:(t:5, i:59)
2022-10-18 21:56:08,284 [grpc-default-executor-3] WARN  server.GrpcLogAppender (LogUtils.java:warn(122)) - omNode-1@group-523986131536->omNode-3-InstallSnapshotResponseHandler: Failed InstallSnapshot: org.apache.ratis.thirdparty.io.grpc.StatusRuntimeException: UNAVAILABLE: io exception
2022-10-18 21:56:08,284 [grpc-default-executor-3] INFO  leader.FollowerInfo (FollowerInfoImpl.java:lambda$new$0(48)) - omNode-1@group-523986131536->omNode-3: nextIndex: updateUnconditionally 0 -> 0
2022-10-18 21:56:08,284 [omNode-1@group-523986131536->omNode-3-GrpcLogAppender-LogAppenderDaemon] INFO  server.GrpcLogAppender (GrpcLogAppender.java:installSnapshot(541)) - omNode-1@group-523986131536->omNode-3-GrpcLogAppender: followerNextIndex = 0 but logStartIndex = 59, notify follower to install snapshot-(t:5, i:59)
2022-10-18 21:56:08,284 [omNode-1@group-523986131536->omNode-3-GrpcLogAppender-LogAppenderDaemon] INFO  server.GrpcLogAppender (GrpcLogAppender.java:installSnapshot(549)) - omNode-1@group-523986131536->omNode-3-GrpcLogAppender: send omNode-1->omNode-3#0-t5,notify:(t:5, i:59)
2022-10-18 21:56:08,284 [grpc-default-executor-0] WARN  server.GrpcLogAppender (LogUtils.java:warn(122)) - omNode-1@group-523986131536->omNode-3-AppendLogResponseHandler: Failed appendEntries: org.apache.ratis.thirdparty.io.grpc.StatusRuntimeException: UNAVAILABLE: io exception
2022-10-18 21:56:08,285 [grpc-default-executor-3] WARN  server.GrpcLogAppender (LogUtils.java:warn(122)) - omNode-1@group-523986131536->omNode-3-InstallSnapshotResponseHandler: Failed InstallSnapshot: org.apache.ratis.thirdparty.io.grpc.StatusRuntimeException: UNAVAILABLE: io exception
2022-10-18 21:56:08,285 [grpc-default-executor-0] INFO  leader.FollowerInfo (FollowerInfoImpl.java:lambda$new$0(48)) - omNode-1@group-523986131536->omNode-3: nextIndex: updateUnconditionally 0 -> 0
2022-10-18 21:56:08,285 [grpc-default-executor-3] INFO  leader.FollowerInfo (FollowerInfoImpl.java:lambda$new$0(48)) - omNode-1@group-523986131536->omNode-3: nextIndex: updateUnconditionally 0 -> 0
2022-10-18 21:56:08,286 [omNode-1@group-523986131536->omNode-3-GrpcLogAppender-LogAppenderDaemon] INFO  server.GrpcLogAppender (GrpcLogAppender.java:installSnapshot(541)) - omNode-1@group-523986131536->omNode-3-GrpcLogAppender: followerNextIndex = 0 but logStartIndex = 59, notify follower to install snapshot-(t:5, i:59)
2022-10-18 21:56:08,286 [omNode-1@group-523986131536->omNode-3-GrpcLogAppender-LogAppenderDaemon] INFO  server.GrpcLogAppender (GrpcLogAppender.java:installSnapshot(549)) - omNode-1@group-523986131536->omNode-3-GrpcLogAppender: send omNode-1->omNode-3#0-t5,notify:(t:5, i:59)
2022-10-18 21:56:08,286 [grpc-default-executor-1] WARN  server.GrpcLogAppender (LogUtils.java:warn(122)) - omNode-1@group-523986131536->omNode-3-AppendLogResponseHandler: Failed appendEntries: org.apache.ratis.thirdparty.io.grpc.StatusRuntimeException: UNAVAILABLE: io exception
2022-10-18 21:56:08,287 [grpc-default-executor-1] INFO  leader.FollowerInfo (FollowerInfoImpl.java:lambda$new$0(48)) - omNode-1@group-523986131536->omNode-3: nextIndex: updateUnconditionally 0 -> 0
2022-10-18 21:56:08,287 [grpc-default-executor-0] WARN  server.GrpcLogAppender (LogUtils.java:warn(122)) - omNode-1@group-523986131536->omNode-3-InstallSnapshotResponseHandler: Failed InstallSnapshot: org.apache.ratis.thirdparty.io.grpc.StatusRuntimeException: UNAVAILABLE: io exception
2022-10-18 21:56:08,287 [grpc-default-executor-0] INFO  leader.FollowerInfo (FollowerInfoImpl.java:lambda$new$0(48)) - omNode-1@group-523986131536->omNode-3: nextIndex: updateUnconditionally 0 -> 0
2022-10-18 21:56:08,287 [omNode-1@group-523986131536->omNode-3-GrpcLogAppender-LogAppenderDaemon] INFO  server.GrpcLogAppender (GrpcLogAppender.java:installSnapshot(541)) - omNode-1@group-523986131536->omNode-3-GrpcLogAppender: followerNextIndex = 0 but logStartIndex = 59, notify follower to install snapshot-(t:5, i:59)
2022-10-18 21:56:08,288 [omNode-1@group-523986131536->omNode-3-GrpcLogAppender-LogAppenderDaemon] INFO  server.GrpcLogAppender (GrpcLogAppender.java:installSnapshot(549)) - omNode-1@group-523986131536->omNode-3-GrpcLogAppender: send omNode-1->omNode-3#0-t5,notify:(t:5, i:59)
2022-10-18 21:56:08,288 [grpc-default-executor-0] WARN  server.GrpcLogAppender (LogUtils.java:warn(122)) - omNode-1@group-523986131536->omNode-3-InstallSnapshotResponseHandler: Failed InstallSnapshot: org.apache.ratis.thirdparty.io.grpc.StatusRuntimeException: UNAVAILABLE: io exception
2022-10-18 21:56:08,288 [grpc-default-executor-3] WARN  server.GrpcLogAppender (LogUtils.java:warn(122)) - omNode-1@group-523986131536->omNode-3-AppendLogResponseHandler: Failed appendEntries: org.apache.ratis.thirdparty.io.grpc.StatusRuntimeException: UNAVAILABLE: io exception
2022-10-18 21:56:08,288 [grpc-default-executor-0] INFO  leader.FollowerInfo (FollowerInfoImpl.java:lambda$new$0(48)) - omNode-1@group-523986131536->omNode-3: nextIndex: updateUnconditionally 0 -> 0
2022-10-18 21:56:08,289 [grpc-default-executor-3] INFO  leader.FollowerInfo (FollowerInfoImpl.java:lambda$new$0(48)) - omNode-1@group-523986131536->omNode-3: nextIndex: updateUnconditionally 0 -> 0
2022-10-18 21:56:08,289 [omNode-1@group-523986131536->omNode-3-GrpcLogAppender-LogAppenderDaemon] INFO  server.GrpcLogAppender (GrpcLogAppender.java:installSnapshot(541)) - omNode-1@group-523986131536->omNode-3-GrpcLogAppender: followerNextIndex = 0 but logStartIndex = 59, notify follower to install snapshot-(t:5, i:59)
2022-10-18 21:56:08,289 [grpc-default-executor-3] WARN  server.GrpcLogAppender (LogUtils.java:warn(122)) - omNode-1@group-523986131536->omNode-3-AppendLogResponseHandler: Failed appendEntries: org.apache.ratis.thirdparty.io.grpc.StatusRuntimeException: UNAVAILABLE: io exception
2022-10-18 21:56:08,289 [omNode-1@group-523986131536->omNode-3-GrpcLogAppender-LogAppenderDaemon] INFO  server.GrpcLogAppender (GrpcLogAppender.java:installSnapshot(549)) - omNode-1@group-523986131536->omNode-3-GrpcLogAppender: send omNode-1->omNode-3#0-t5,notify:(t:5, i:59)
2022-10-18 21:56:08,289 [grpc-default-executor-3] INFO  leader.FollowerInfo (FollowerInfoImpl.java:lambda$new$0(48)) - omNode-1@group-523986131536->omNode-3: nextIndex: updateUnconditionally 0 -> 0
2022-10-18 21:56:08,290 [grpc-default-executor-0] WARN  server.GrpcLogAppender (LogUtils.java:warn(122)) - omNode-1@group-523986131536->omNode-3-InstallSnapshotResponseHandler: Failed InstallSnapshot: org.apache.ratis.thirdparty.io.grpc.StatusRuntimeException: UNAVAILABLE: io exception
2022-10-18 21:56:08,290 [grpc-default-executor-0] INFO  leader.FollowerInfo (FollowerInfoImpl.java:lambda$new$0(48)) - omNode-1@group-523986131536->omNode-3: nextIndex: updateUnconditionally 0 -> 0
2022-10-18 21:56:08,293 [omNode-1@group-523986131536->omNode-3-GrpcLogAppender-LogAppenderDaemon] INFO  server.GrpcLogAppender (GrpcLogAppender.java:installSnapshot(541)) - omNode-1@group-523986131536->omNode-3-GrpcLogAppender: followerNextIndex = 0 but logStartIndex = 59, notify follower to install snapshot-(t:5, i:59)
2022-10-18 21:56:08,293 [grpc-default-executor-0] WARN  server.GrpcLogAppender (LogUtils.java:warn(122)) - omNode-1@group-523986131536->omNode-3-AppendLogResponseHandler: Failed appendEntries: org.apache.ratis.thirdparty.io.grpc.StatusRuntimeException: UNAVAILABLE: io exception
2022-10-18 21:56:08,293 [omNode-1@group-523986131536->omNode-3-GrpcLogAppender-LogAppenderDaemon] INFO  server.GrpcLogAppender (GrpcLogAppender.java:installSnapshot(549)) - omNode-1@group-523986131536->omNode-3-GrpcLogAppender: send omNode-1->omNode-3#0-t5,notify:(t:5, i:59)
2022-10-18 21:56:08,294 [grpc-default-executor-3] WARN  server.GrpcLogAppender (LogUtils.java:warn(122)) - omNode-1@group-523986131536->omNode-3-InstallSnapshotResponseHandler: Failed InstallSnapshot: org.apache.ratis.thirdparty.io.grpc.StatusRuntimeException: UNAVAILABLE: io exception
2022-10-18 21:56:08,294 [grpc-default-executor-0] INFO  leader.FollowerInfo (FollowerInfoImpl.java:lambda$new$0(48)) - omNode-1@group-523986131536->omNode-3: nextIndex: updateUnconditionally 0 -> 0
2022-10-18 21:56:08,294 [grpc-default-executor-3] INFO  leader.FollowerInfo (FollowerInfoImpl.java:lambda$new$0(48)) - omNode-1@group-523986131536->omNode-3: nextIndex: updateUnconditionally 0 -> 0
2022-10-18 21:56:08,294 [omNode-1@group-523986131536->omNode-3-GrpcLogAppender-LogAppenderDaemon] INFO  server.GrpcLogAppender (GrpcLogAppender.java:installSnapshot(541)) - omNode-1@group-523986131536->omNode-3-GrpcLogAppender: followerNextIndex = 0 but logStartIndex = 59, notify follower to install snapshot-(t:5, i:59)
2022-10-18 21:56:08,294 [omNode-1@group-523986131536->omNode-3-GrpcLogAppender-LogAppenderDaemon] INFO  server.GrpcLogAppender (GrpcLogAppender.java:installSnapshot(549)) - omNode-1@group-523986131536->omNode-3-GrpcLogAppender: send omNode-1->omNode-3#0-t5,notify:(t:5, i:59)
2022-10-18 21:56:08,294 [grpc-default-executor-1] WARN  server.GrpcLogAppender (LogUtils.java:warn(122)) - omNode-1@group-523986131536->omNode-3-AppendLogResponseHandler: Failed appendEntries: org.apache.ratis.thirdparty.io.grpc.StatusRuntimeException: UNAVAILABLE: io exception
2022-10-18 21:56:08,294 [grpc-default-executor-0] WARN  server.GrpcLogAppender (LogUtils.java:warn(122)) - omNode-1@group-523986131536->omNode-3-InstallSnapshotResponseHandler: Failed InstallSnapshot: org.apache.ratis.thirdparty.io.grpc.StatusRuntimeException: UNAVAILABLE: io exception
2022-10-18 21:56:08,295 [grpc-default-executor-1] INFO  leader.FollowerInfo (FollowerInfoImpl.java:lambda$new$0(48)) - omNode-1@group-523986131536->omNode-3: nextIndex: updateUnconditionally 0 -> 0
2022-10-18 21:56:08,295 [grpc-default-executor-0] INFO  leader.FollowerInfo (FollowerInfoImpl.java:lambda$new$0(48)) - omNode-1@group-523986131536->omNode-3: nextIndex: updateUnconditionally 0 -> 0
2022-10-18 21:56:08,295 [omNode-1@group-523986131536->omNode-3-GrpcLogAppender-LogAppenderDaemon] INFO  server.GrpcLogAppender (GrpcLogAppender.java:installSnapshot(541)) - omNode-1@group-523986131536->omNode-3-GrpcLogAppender: followerNextIndex = 0 but logStartIndex = 59, notify follower to install snapshot-(t:5, i:59)
2022-10-18 21:56:08,295 [omNode-1@group-523986131536->omNode-3-GrpcLogAppender-LogAppenderDaemon] INFO  server.GrpcLogAppender (GrpcLogAppender.java:installSnapshot(549)) - omNode-1@group-523986131536->omNode-3-GrpcLogAppender: send omNode-1->omNode-3#0-t5,notify:(t:5, i:59)
2022-10-18 21:56:08,296 [grpc-default-executor-0] WARN  server.GrpcLogAppender (LogUtils.java:warn(122)) - omNode-1@group-523986131536->omNode-3-AppendLogResponseHandler: Failed appendEntries: org.apache.ratis.thirdparty.io.grpc.StatusRuntimeException: UNAVAILABLE: io exception
2022-10-18 21:56:08,296 [grpc-default-executor-0] INFO  leader.FollowerInfo (FollowerInfoImpl.java:lambda$new$0(48)) - omNode-1@group-523986131536->omNode-3: nextIndex: updateUnconditionally 0 -> 0
2022-10-18 21:56:08,296 [grpc-default-executor-1] WARN  server.GrpcLogAppender (LogUtils.java:warn(122)) - omNode-1@group-523986131536->omNode-3-InstallSnapshotResponseHandler: Failed InstallSnapshot: org.apache.ratis.thirdparty.io.grpc.StatusRuntimeException: UNAVAILABLE: io exception
2022-10-18 21:56:08,296 [grpc-default-executor-1] INFO  leader.FollowerInfo (FollowerInfoImpl.java:lambda$new$0(48)) - omNode-1@group-523986131536->omNode-3: nextIndex: updateUnconditionally 0 -> 0
2022-10-18 21:56:08,296 [omNode-1@group-523986131536->omNode-3-GrpcLogAppender-LogAppenderDaemon] INFO  server.GrpcLogAppender (GrpcLogAppender.java:installSnapshot(541)) - omNode-1@group-523986131536->omNode-3-GrpcLogAppender: followerNextIndex = 0 but logStartIndex = 59, notify follower to install snapshot-(t:5, i:59)
2022-10-18 21:56:08,296 [omNode-1@group-523986131536->omNode-3-GrpcLogAppender-LogAppenderDaemon] INFO  server.GrpcLogAppender (GrpcLogAppender.java:installSnapshot(549)) - omNode-1@group-523986131536->omNode-3-GrpcLogAppender: send omNode-1->omNode-3#0-t5,notify:(t:5, i:59)
2022-10-18 21:56:08,297 [grpc-default-executor-3] WARN  server.GrpcLogAppender (LogUtils.java:warn(122)) - omNode-1@group-523986131536->omNode-3-InstallSnapshotResponseHandler: Failed InstallSnapshot: org.apache.ratis.thirdparty.io.grpc.StatusRuntimeException: UNAVAILABLE: io exception
2022-10-18 21:56:08,297 [grpc-default-executor-3] INFO  leader.FollowerInfo (FollowerInfoImpl.java:lambda$new$0(48)) - omNode-1@group-523986131536->omNode-3: nextIndex: updateUnconditionally 0 -> 0
2022-10-18 21:56:08,297 [grpc-default-executor-3] WARN  server.GrpcLogAppender (LogUtils.java:warn(122)) - omNode-1@group-523986131536->omNode-3-AppendLogResponseHandler: Failed appendEntries: org.apache.ratis.thirdparty.io.grpc.StatusRuntimeException: UNAVAILABLE: io exception
2022-10-18 21:56:08,297 [grpc-default-executor-3] INFO  leader.FollowerInfo (FollowerInfoImpl.java:lambda$new$0(48)) - omNode-1@group-523986131536->omNode-3: nextIndex: updateUnconditionally 0 -> 0
2022-10-18 21:56:08,297 [omNode-1@group-523986131536->omNode-3-GrpcLogAppender-LogAppenderDaemon] INFO  server.GrpcLogAppender (GrpcLogAppender.java:installSnapshot(541)) - omNode-1@group-523986131536->omNode-3-GrpcLogAppender: followerNextIndex = 0 but logStartIndex = 59, notify follower to install snapshot-(t:5, i:59)
2022-10-18 21:56:08,298 [omNode-1@group-523986131536->omNode-3-GrpcLogAppender-LogAppenderDaemon] INFO  server.GrpcLogAppender (GrpcLogAppender.java:installSnapshot(549)) - omNode-1@group-523986131536->omNode-3-GrpcLogAppender: send omNode-1->omNode-3#0-t5,notify:(t:5, i:59)
2022-10-18 21:56:08,298 [grpc-default-executor-3] WARN  server.GrpcLogAppender (LogUtils.java:warn(122)) - omNode-1@group-523986131536->omNode-3-InstallSnapshotResponseHandler: Failed InstallSnapshot: org.apache.ratis.thirdparty.io.grpc.StatusRuntimeException: UNAVAILABLE: io exception
2022-10-18 21:56:08,298 [grpc-default-executor-0] WARN  server.GrpcLogAppender (LogUtils.java:warn(122)) - omNode-1@group-523986131536->omNode-3-AppendLogResponseHandler: Failed appendEntries: org.apache.ratis.thirdparty.io.grpc.StatusRuntimeException: UNAVAILABLE: io exception
2022-10-18 21:56:08,298 [grpc-default-executor-3] INFO  leader.FollowerInfo (FollowerInfoImpl.java:lambda$new$0(48)) - omNode-1@group-523986131536->omNode-3: nextIndex: updateUnconditionally 0 -> 0
2022-10-18 21:56:08,300 [grpc-default-executor-0] INFO  leader.FollowerInfo (FollowerInfoImpl.java:lambda$new$0(48)) - omNode-1@group-523986131536->omNode-3: nextIndex: updateUnconditionally 0 -> 0
2022-10-18 21:56:08,300 [omNode-1@group-523986131536->omNode-3-GrpcLogAppender-LogAppenderDaemon] INFO  server.GrpcLogAppender (GrpcLogAppender.java:installSnapshot(541)) - omNode-1@group-523986131536->omNode-3-GrpcLogAppender: followerNextIndex = 0 but logStartIndex = 59, notify follower to install snapshot-(t:5, i:59)
2022-10-18 21:56:08,300 [omNode-1@group-523986131536->omNode-3-GrpcLogAppender-LogAppenderDaemon] INFO  server.GrpcLogAppender (GrpcLogAppender.java:installSnapshot(549)) - omNode-1@group-523986131536->omNode-3-GrpcLogAppender: send omNode-1->omNode-3#0-t5,notify:(t:5, i:59)
2022-10-18 21:56:08,300 [grpc-default-executor-1] WARN  server.GrpcLogAppender (LogUtils.java:warn(122)) - omNode-1@group-523986131536->omNode-3-AppendLogResponseHandler: Failed appendEntries: org.apache.ratis.thirdparty.io.grpc.StatusRuntimeException: UNAVAILABLE: io exception
2022-10-18 21:56:08,300 [grpc-default-executor-1] INFO  leader.FollowerInfo (FollowerInfoImpl.java:lambda$new$0(48)) - omNode-1@group-523986131536->omNode-3: nextIndex: updateUnconditionally 0 -> 0
2022-10-18 21:56:08,300 [grpc-default-executor-0] WARN  server.GrpcLogAppender (LogUtils.java:warn(122)) - omNode-1@group-523986131536->omNode-3-InstallSnapshotResponseHandler: Failed InstallSnapshot: org.apache.ratis.thirdparty.io.grpc.StatusRuntimeException: UNAVAILABLE: io exception
2022-10-18 21:56:08,301 [grpc-default-executor-0] INFO  leader.FollowerInfo (FollowerInfoImpl.java:lambda$new$0(48)) - omNode-1@group-523986131536->omNode-3: nextIndex: updateUnconditionally 0 -> 0
2022-10-18 21:56:08,301 [omNode-1@group-523986131536->omNode-3-GrpcLogAppender-LogAppenderDaemon] INFO  server.GrpcLogAppender (GrpcLogAppender.java:installSnapshot(541)) - omNode-1@group-523986131536->omNode-3-GrpcLogAppender: followerNextIndex = 0 but logStartIndex = 59, notify follower to install snapshot-(t:5, i:59)
2022-10-18 21:56:08,301 [omNode-1@group-523986131536->omNode-3-GrpcLogAppender-LogAppenderDaemon] INFO  server.GrpcLogAppender (GrpcLogAppender.java:installSnapshot(549)) - omNode-1@group-523986131536->omNode-3-GrpcLogAppender: send omNode-1->omNode-3#0-t5,notify:(t:5, i:59)
2022-10-18 21:56:08,301 [grpc-default-executor-3] WARN  server.GrpcLogAppender (LogUtils.java:warn(122)) - omNode-1@group-523986131536->omNode-3-AppendLogResponseHandler: Failed appendEntries: org.apache.ratis.thirdparty.io.grpc.StatusRuntimeException: UNAVAILABLE: io exception
2022-10-18 21:56:08,301 [grpc-default-executor-3] INFO  leader.FollowerInfo (FollowerInfoImpl.java:lambda$new$0(48)) - omNode-1@group-523986131536->omNode-3: nextIndex: updateUnconditionally 0 -> 0
2022-10-18 21:56:08,301 [grpc-default-executor-1] WARN  server.GrpcLogAppender (LogUtils.java:warn(122)) - omNode-1@group-523986131536->omNode-3-InstallSnapshotResponseHandler: Failed InstallSnapshot: org.apache.ratis.thirdparty.io.grpc.StatusRuntimeException: UNAVAILABLE: io exception
2022-10-18 21:56:08,301 [grpc-default-executor-1] INFO  leader.FollowerInfo (FollowerInfoImpl.java:lambda$new$0(48)) - omNode-1@group-523986131536->omNode-3: nextIndex: updateUnconditionally 0 -> 0
2022-10-18 21:56:08,302 [omNode-1@group-523986131536->omNode-3-GrpcLogAppender-LogAppenderDaemon] INFO  server.GrpcLogAppender (GrpcLogAppender.java:installSnapshot(541)) - omNode-1@group-523986131536->omNode-3-GrpcLogAppender: followerNextIndex = 0 but logStartIndex = 59, notify follower to install snapshot-(t:5, i:59)
2022-10-18 21:56:08,302 [omNode-1@group-523986131536->omNode-3-GrpcLogAppender-LogAppenderDaemon] INFO  server.GrpcLogAppender (GrpcLogAppender.java:installSnapshot(549)) - omNode-1@group-523986131536->omNode-3-GrpcLogAppender: send omNode-1->omNode-3#0-t5,notify:(t:5, i:59)
2022-10-18 21:56:08,303 [grpc-default-executor-1] WARN  server.GrpcLogAppender (LogUtils.java:warn(122)) - omNode-1@group-523986131536->omNode-3-AppendLogResponseHandler: Failed appendEntries: org.apache.ratis.thirdparty.io.grpc.StatusRuntimeException: UNAVAILABLE: io exception
2022-10-18 21:56:08,303 [grpc-default-executor-1] INFO  leader.FollowerInfo (FollowerInfoImpl.java:lambda$new$0(48)) - omNode-1@group-523986131536->omNode-3: nextIndex: updateUnconditionally 0 -> 0
2022-10-18 21:56:08,303 [grpc-default-executor-3] WARN  server.GrpcLogAppender (LogUtils.java:warn(122)) - omNode-1@group-523986131536->omNode-3-InstallSnapshotResponseHandler: Failed InstallSnapshot: org.apache.ratis.thirdparty.io.grpc.StatusRuntimeException: UNAVAILABLE: io exception
2022-10-18 21:56:08,303 [grpc-default-executor-3] INFO  leader.FollowerInfo (FollowerInfoImpl.java:lambda$new$0(48)) - omNode-1@group-523986131536->omNode-3: nextIndex: updateUnconditionally 0 -> 0
2022-10-18 21:56:08,304 [omNode-1@group-523986131536->omNode-3-GrpcLogAppender-LogAppenderDaemon] INFO  server.GrpcLogAppender (GrpcLogAppender.java:installSnapshot(541)) - omNode-1@group-523986131536->omNode-3-GrpcLogAppender: followerNextIndex = 0 but logStartIndex = 59, notify follower to install snapshot-(t:5, i:59)
2022-10-18 21:56:08,304 [omNode-1@group-523986131536->omNode-3-GrpcLogAppender-LogAppenderDaemon] INFO  server.GrpcLogAppender (GrpcLogAppender.java:installSnapshot(549)) - omNode-1@group-523986131536->omNode-3-GrpcLogAppender: send omNode-1->omNode-3#0-t5,notify:(t:5, i:59)
2022-10-18 21:56:08,304 [grpc-default-executor-1] WARN  server.GrpcLogAppender (LogUtils.java:warn(122)) - omNode-1@group-523986131536->omNode-3-InstallSnapshotResponseHandler: Failed InstallSnapshot: org.apache.ratis.thirdparty.io.grpc.StatusRuntimeException: UNAVAILABLE: io exception
2022-10-18 21:56:08,304 [grpc-default-executor-1] INFO  leader.FollowerInfo (FollowerInfoImpl.java:lambda$new$0(48)) - omNode-1@group-523986131536->omNode-3: nextIndex: updateUnconditionally 0 -> 0
2022-10-18 21:56:08,304 [grpc-default-executor-3] WARN  server.GrpcLogAppender (LogUtils.java:warn(122)) - omNode-1@group-523986131536->omNode-3-AppendLogResponseHandler: Failed appendEntries: org.apache.ratis.thirdparty.io.grpc.StatusRuntimeException: UNAVAILABLE: io exception
2022-10-18 21:56:08,304 [grpc-default-executor-3] INFO  leader.FollowerInfo (FollowerInfoImpl.java:lambda$new$0(48)) - omNode-1@group-523986131536->omNode-3: nextIndex: updateUnconditionally 0 -> 0
2022-10-18 21:56:08,305 [omNode-1@group-523986131536->omNode-3-GrpcLogAppender-LogAppenderDaemon] INFO  server.GrpcLogAppender (GrpcLogAppender.java:installSnapshot(541)) - omNode-1@group-523986131536->omNode-3-GrpcLogAppender: followerNextIndex = 0 but logStartIndex = 59, notify follower to install snapshot-(t:5, i:59)
2022-10-18 21:56:08,305 [omNode-1@group-523986131536->omNode-3-GrpcLogAppender-LogAppenderDaemon] INFO  server.GrpcLogAppender (GrpcLogAppender.java:installSnapshot(549)) - omNode-1@group-523986131536->omNode-3-GrpcLogAppender: send omNode-1->omNode-3#0-t5,notify:(t:5, i:59)
2022-10-18 21:56:08,306 [grpc-default-executor-1] WARN  server.GrpcLogAppender (LogUtils.java:warn(122)) - omNode-1@group-523986131536->omNode-3-InstallSnapshotResponseHandler: Failed InstallSnapshot: org.apache.ratis.thirdparty.io.grpc.StatusRuntimeException: UNAVAILABLE: io exception
2022-10-18 21:56:08,306 [grpc-default-executor-1] INFO  leader.FollowerInfo (FollowerInfoImpl.java:lambda$new$0(48)) - omNode-1@group-523986131536->omNode-3: nextIndex: updateUnconditionally 0 -> 0
2022-10-18 21:56:08,306 [grpc-default-executor-3] WARN  server.GrpcLogAppender (LogUtils.java:warn(122)) - omNode-1@group-523986131536->omNode-3-AppendLogResponseHandler: Failed appendEntries: org.apache.ratis.thirdparty.io.grpc.StatusRuntimeException: UNAVAILABLE: io exception
2022-10-18 21:56:08,306 [grpc-default-executor-3] INFO  leader.FollowerInfo (FollowerInfoImpl.java:lambda$new$0(48)) - omNode-1@group-523986131536->omNode-3: nextIndex: updateUnconditionally 0 -> 0
2022-10-18 21:56:08,307 [omNode-1@group-523986131536->omNode-3-GrpcLogAppender-LogAppenderDaemon] INFO  server.GrpcLogAppender (GrpcLogAppender.java:installSnapshot(541)) - omNode-1@group-523986131536->omNode-3-GrpcLogAppender: followerNextIndex = 0 but logStartIndex = 59, notify follower to install snapshot-(t:5, i:59)
2022-10-18 21:56:08,307 [omNode-1@group-523986131536->omNode-3-GrpcLogAppender-LogAppenderDaemon] INFO  server.GrpcLogAppender (GrpcLogAppender.java:installSnapshot(549)) - omNode-1@group-523986131536->omNode-3-GrpcLogAppender: send omNode-1->omNode-3#0-t5,notify:(t:5, i:59)
2022-10-18 21:56:08,307 [grpc-default-executor-3] WARN  server.GrpcLogAppender (LogUtils.java:warn(122)) - omNode-1@group-523986131536->omNode-3-AppendLogResponseHandler: Failed appendEntries: org.apache.ratis.thirdparty.io.grpc.StatusRuntimeException: UNAVAILABLE: io exception
2022-10-18 21:56:08,308 [grpc-default-executor-3] INFO  leader.FollowerInfo (FollowerInfoImpl.java:lambda$new$0(48)) - omNode-1@group-523986131536->omNode-3: nextIndex: updateUnconditionally 0 -> 0
2022-10-18 21:56:08,308 [grpc-default-executor-1] WARN  server.GrpcLogAppender (LogUtils.java:warn(122)) - omNode-1@group-523986131536->omNode-3-InstallSnapshotResponseHandler: Failed InstallSnapshot: org.apache.ratis.thirdparty.io.grpc.StatusRuntimeException: UNAVAILABLE: io exception
2022-10-18 21:56:08,308 [grpc-default-executor-1] INFO  leader.FollowerInfo (FollowerInfoImpl.java:lambda$new$0(48)) - omNode-1@group-523986131536->omNode-3: nextIndex: updateUnconditionally 0 -> 0
2022-10-18 21:56:08,308 [omNode-1@group-523986131536->omNode-3-GrpcLogAppender-LogAppenderDaemon] INFO  server.GrpcLogAppender (GrpcLogAppender.java:installSnapshot(541)) - omNode-1@group-523986131536->omNode-3-GrpcLogAppender: followerNextIndex = 0 but logStartIndex = 59, notify follower to install snapshot-(t:5, i:59)
2022-10-18 21:56:08,308 [omNode-1@group-523986131536->omNode-3-GrpcLogAppender-LogAppenderDaemon] INFO  server.GrpcLogAppender (GrpcLogAppender.java:installSnapshot(549)) - omNode-1@group-523986131536->omNode-3-GrpcLogAppender: send omNode-1->omNode-3#0-t5,notify:(t:5, i:59)
2022-10-18 21:56:08,308 [grpc-default-executor-0] WARN  server.GrpcLogAppender (LogUtils.java:warn(122)) - omNode-1@group-523986131536->omNode-3-AppendLogResponseHandler: Failed appendEntries: org.apache.ratis.thirdparty.io.grpc.StatusRuntimeException: UNAVAILABLE: io exception
2022-10-18 21:56:08,308 [grpc-default-executor-1] WARN  server.GrpcLogAppender (LogUtils.java:warn(122)) - omNode-1@group-523986131536->omNode-3-InstallSnapshotResponseHandler: Failed InstallSnapshot: org.apache.ratis.thirdparty.io.grpc.StatusRuntimeException: UNAVAILABLE: io exception
2022-10-18 21:56:08,309 [grpc-default-executor-0] INFO  leader.FollowerInfo (FollowerInfoImpl.java:lambda$new$0(48)) - omNode-1@group-523986131536->omNode-3: nextIndex: updateUnconditionally 0 -> 0
2022-10-18 21:56:08,309 [grpc-default-executor-1] INFO  leader.FollowerInfo (FollowerInfoImpl.java:lambda$new$0(48)) - omNode-1@group-523986131536->omNode-3: nextIndex: updateUnconditionally 0 -> 0
2022-10-18 21:56:08,309 [omNode-1@group-523986131536->omNode-3-GrpcLogAppender-LogAppenderDaemon] INFO  server.GrpcLogAppender (GrpcLogAppender.java:installSnapshot(541)) - omNode-1@group-523986131536->omNode-3-GrpcLogAppender: followerNextIndex = 0 but logStartIndex = 59, notify follower to install snapshot-(t:5, i:59)
2022-10-18 21:56:08,310 [omNode-1@group-523986131536->omNode-3-GrpcLogAppender-LogAppenderDaemon] INFO  server.GrpcLogAppender (GrpcLogAppender.java:installSnapshot(549)) - omNode-1@group-523986131536->omNode-3-GrpcLogAppender: send omNode-1->omNode-3#0-t5,notify:(t:5, i:59)
2022-10-18 21:56:08,310 [grpc-default-executor-3] WARN  server.GrpcLogAppender (LogUtils.java:warn(122)) - omNode-1@group-523986131536->omNode-3-InstallSnapshotResponseHandler: Failed InstallSnapshot: org.apache.ratis.thirdparty.io.grpc.StatusRuntimeException: UNAVAILABLE: io exception
2022-10-18 21:56:08,310 [grpc-default-executor-0] WARN  server.GrpcLogAppender (LogUtils.java:warn(122)) - omNode-1@group-523986131536->omNode-3-AppendLogResponseHandler: Failed appendEntries: org.apache.ratis.thirdparty.io.grpc.StatusRuntimeException: UNAVAILABLE: io exception
2022-10-18 21:56:08,311 [grpc-default-executor-3] INFO  leader.FollowerInfo (FollowerInfoImpl.java:lambda$new$0(48)) - omNode-1@group-523986131536->omNode-3: nextIndex: updateUnconditionally 0 -> 0
2022-10-18 21:56:08,311 [grpc-default-executor-0] INFO  leader.FollowerInfo (FollowerInfoImpl.java:lambda$new$0(48)) - omNode-1@group-523986131536->omNode-3: nextIndex: updateUnconditionally 0 -> 0
2022-10-18 21:56:08,311 [grpc-default-executor-3] WARN  server.GrpcLogAppender (LogUtils.java:warn(122)) - omNode-1@group-523986131536->omNode-3-AppendLogResponseHandler: Failed appendEntries: org.apache.ratis.thirdparty.io.grpc.StatusRuntimeException: UNAVAILABLE: io exception
2022-10-18 21:56:08,312 [omNode-1@group-523986131536->omNode-3-GrpcLogAppender-LogAppenderDaemon] INFO  server.GrpcLogAppender (GrpcLogAppender.java:installSnapshot(541)) - omNode-1@group-523986131536->omNode-3-GrpcLogAppender: followerNextIndex = 0 but logStartIndex = 59, notify follower to install snapshot-(t:5, i:59)
2022-10-18 21:56:08,312 [omNode-1@group-523986131536->omNode-3-GrpcLogAppender-LogAppenderDaemon] INFO  server.GrpcLogAppender (GrpcLogAppender.java:installSnapshot(549)) - omNode-1@group-523986131536->omNode-3-GrpcLogAppender: send omNode-1->omNode-3#0-t5,notify:(t:5, i:59)
2022-10-18 21:56:08,312 [grpc-default-executor-3] INFO  leader.FollowerInfo (FollowerInfoImpl.java:lambda$new$0(48)) - omNode-1@group-523986131536->omNode-3: nextIndex: updateUnconditionally 0 -> 0
2022-10-18 21:56:08,313 [grpc-default-executor-0] WARN  server.GrpcLogAppender (LogUtils.java:warn(122)) - omNode-1@group-523986131536->omNode-3-InstallSnapshotResponseHandler: Failed InstallSnapshot: org.apache.ratis.thirdparty.io.grpc.StatusRuntimeException: UNAVAILABLE: io exception
2022-10-18 21:56:08,313 [grpc-default-executor-0] INFO  leader.FollowerInfo (FollowerInfoImpl.java:lambda$new$0(48)) - omNode-1@group-523986131536->omNode-3: nextIndex: updateUnconditionally 0 -> 0
2022-10-18 21:56:08,314 [omNode-1@group-523986131536->omNode-3-GrpcLogAppender-LogAppenderDaemon] INFO  server.GrpcLogAppender (GrpcLogAppender.java:installSnapshot(541)) - omNode-1@group-523986131536->omNode-3-GrpcLogAppender: followerNextIndex = 0 but logStartIndex = 59, notify follower to install snapshot-(t:5, i:59)
2022-10-18 21:56:08,314 [omNode-1@group-523986131536->omNode-3-GrpcLogAppender-LogAppenderDaemon] INFO  server.GrpcLogAppender (GrpcLogAppender.java:installSnapshot(549)) - omNode-1@group-523986131536->omNode-3-GrpcLogAppender: send omNode-1->omNode-3#0-t5,notify:(t:5, i:59)
2022-10-18 21:56:08,314 [grpc-default-executor-3] WARN  server.GrpcLogAppender (LogUtils.java:warn(122)) - omNode-1@group-523986131536->omNode-3-InstallSnapshotResponseHandler: Failed InstallSnapshot: org.apache.ratis.thirdparty.io.grpc.StatusRuntimeException: UNAVAILABLE: io exception
2022-10-18 21:56:08,314 [grpc-default-executor-0] WARN  server.GrpcLogAppender (LogUtils.java:warn(122)) - omNode-1@group-523986131536->omNode-3-AppendLogResponseHandler: Failed appendEntries: org.apache.ratis.thirdparty.io.grpc.StatusRuntimeException: UNAVAILABLE: io exception
2022-10-18 21:56:08,315 [grpc-default-executor-3] INFO  leader.FollowerInfo (FollowerInfoImpl.java:lambda$new$0(48)) - omNode-1@group-523986131536->omNode-3: nextIndex: updateUnconditionally 0 -> 0
2022-10-18 21:56:08,315 [grpc-default-executor-0] INFO  leader.FollowerInfo (FollowerInfoImpl.java:lambda$new$0(48)) - omNode-1@group-523986131536->omNode-3: nextIndex: updateUnconditionally 0 -> 0
2022-10-18 21:56:08,315 [grpc-default-executor-0] WARN  server.GrpcLogAppender (LogUtils.java:warn(122)) - omNode-1@group-523986131536->omNode-3-AppendLogResponseHandler: Failed appendEntries: org.apache.ratis.thirdparty.io.grpc.StatusRuntimeException: UNAVAILABLE: io exception
2022-10-18 21:56:08,315 [omNode-1@group-523986131536->omNode-3-GrpcLogAppender-LogAppenderDaemon] INFO  server.GrpcLogAppender (GrpcLogAppender.java:installSnapshot(541)) - omNode-1@group-523986131536->omNode-3-GrpcLogAppender: followerNextIndex = 0 but logStartIndex = 59, notify follower to install snapshot-(t:5, i:59)
2022-10-18 21:56:08,315 [omNode-1@group-523986131536->omNode-3-GrpcLogAppender-LogAppenderDaemon] INFO  server.GrpcLogAppender (GrpcLogAppender.java:installSnapshot(549)) - omNode-1@group-523986131536->omNode-3-GrpcLogAppender: send omNode-1->omNode-3#0-t5,notify:(t:5, i:59)
2022-10-18 21:56:08,316 [grpc-default-executor-0] INFO  leader.FollowerInfo (FollowerInfoImpl.java:lambda$new$0(48)) - omNode-1@group-523986131536->omNode-3: nextIndex: updateUnconditionally 0 -> 0
2022-10-18 21:56:08,316 [grpc-default-executor-3] WARN  server.GrpcLogAppender (LogUtils.java:warn(122)) - omNode-1@group-523986131536->omNode-3-InstallSnapshotResponseHandler: Failed InstallSnapshot: org.apache.ratis.thirdparty.io.grpc.StatusRuntimeException: UNAVAILABLE: io exception
2022-10-18 21:56:08,317 [grpc-default-executor-3] INFO  leader.FollowerInfo (FollowerInfoImpl.java:lambda$new$0(48)) - omNode-1@group-523986131536->omNode-3: nextIndex: updateUnconditionally 0 -> 0
2022-10-18 21:56:08,317 [omNode-1@group-523986131536->omNode-3-GrpcLogAppender-LogAppenderDaemon] INFO  server.GrpcLogAppender (GrpcLogAppender.java:installSnapshot(541)) - omNode-1@group-523986131536->omNode-3-GrpcLogAppender: followerNextIndex = 0 but logStartIndex = 59, notify follower to install snapshot-(t:5, i:59)
2022-10-18 21:56:08,317 [omNode-1@group-523986131536->omNode-3-GrpcLogAppender-LogAppenderDaemon] INFO  server.GrpcLogAppender (GrpcLogAppender.java:installSnapshot(549)) - omNode-1@group-523986131536->omNode-3-GrpcLogAppender: send omNode-1->omNode-3#0-t5,notify:(t:5, i:59)
2022-10-18 21:56:08,317 [grpc-default-executor-0] WARN  server.GrpcLogAppender (LogUtils.java:warn(122)) - omNode-1@group-523986131536->omNode-3-AppendLogResponseHandler: Failed appendEntries: org.apache.ratis.thirdparty.io.grpc.StatusRuntimeException: UNAVAILABLE: io exception
2022-10-18 21:56:08,317 [grpc-default-executor-3] WARN  server.GrpcLogAppender (LogUtils.java:warn(122)) - omNode-1@group-523986131536->omNode-3-InstallSnapshotResponseHandler: Failed InstallSnapshot: org.apache.ratis.thirdparty.io.grpc.StatusRuntimeException: UNAVAILABLE: io exception
2022-10-18 21:56:08,318 [grpc-default-executor-0] INFO  leader.FollowerInfo (FollowerInfoImpl.java:lambda$new$0(48)) - omNode-1@group-523986131536->omNode-3: nextIndex: updateUnconditionally 0 -> 0
2022-10-18 21:56:08,318 [grpc-default-executor-3] INFO  leader.FollowerInfo (FollowerInfoImpl.java:lambda$new$0(48)) - omNode-1@group-523986131536->omNode-3: nextIndex: updateUnconditionally 0 -> 0
2022-10-18 21:56:08,318 [omNode-1@group-523986131536->omNode-3-GrpcLogAppender-LogAppenderDaemon] INFO  server.GrpcLogAppender (GrpcLogAppender.java:installSnapshot(541)) - omNode-1@group-523986131536->omNode-3-GrpcLogAppender: followerNextIndex = 0 but logStartIndex = 59, notify follower to install snapshot-(t:5, i:59)
2022-10-18 21:56:08,318 [omNode-1@group-523986131536->omNode-3-GrpcLogAppender-LogAppenderDaemon] INFO  server.GrpcLogAppender (GrpcLogAppender.java:installSnapshot(549)) - omNode-1@group-523986131536->omNode-3-GrpcLogAppender: send omNode-1->omNode-3#0-t5,notify:(t:5, i:59)
2022-10-18 21:56:08,319 [grpc-default-executor-0] WARN  server.GrpcLogAppender (LogUtils.java:warn(122)) - omNode-1@group-523986131536->omNode-3-InstallSnapshotResponseHandler: Failed InstallSnapshot: org.apache.ratis.thirdparty.io.grpc.StatusRuntimeException: UNAVAILABLE: io exception
2022-10-18 21:56:08,319 [grpc-default-executor-3] WARN  server.GrpcLogAppender (LogUtils.java:warn(122)) - omNode-1@group-523986131536->omNode-3-AppendLogResponseHandler: Failed appendEntries: org.apache.ratis.thirdparty.io.grpc.StatusRuntimeException: UNAVAILABLE: io exception
2022-10-18 21:56:08,319 [grpc-default-executor-0] INFO  leader.FollowerInfo (FollowerInfoImpl.java:lambda$new$0(48)) - omNode-1@group-523986131536->omNode-3: nextIndex: updateUnconditionally 0 -> 0
2022-10-18 21:56:08,319 [grpc-default-executor-3] INFO  leader.FollowerInfo (FollowerInfoImpl.java:lambda$new$0(48)) - omNode-1@group-523986131536->omNode-3: nextIndex: updateUnconditionally 0 -> 0
2022-10-18 21:56:08,319 [omNode-1@group-523986131536->omNode-3-GrpcLogAppender-LogAppenderDaemon] INFO  server.GrpcLogAppender (GrpcLogAppender.java:installSnapshot(541)) - omNode-1@group-523986131536->omNode-3-GrpcLogAppender: followerNextIndex = 0 but logStartIndex = 59, notify follower to install snapshot-(t:5, i:59)
2022-10-18 21:56:08,320 [omNode-1@group-523986131536->omNode-3-GrpcLogAppender-LogAppenderDaemon] INFO  server.GrpcLogAppender (GrpcLogAppender.java:installSnapshot(549)) - omNode-1@group-523986131536->omNode-3-GrpcLogAppender: send omNode-1->omNode-3#0-t5,notify:(t:5, i:59)
2022-10-18 21:56:08,320 [grpc-default-executor-3] WARN  server.GrpcLogAppender (LogUtils.java:warn(122)) - omNode-1@group-523986131536->omNode-3-AppendLogResponseHandler: Failed appendEntries: org.apache.ratis.thirdparty.io.grpc.StatusRuntimeException: UNAVAILABLE: io exception
2022-10-18 21:56:08,320 [grpc-default-executor-3] INFO  leader.FollowerInfo (FollowerInfoImpl.java:lambda$new$0(48)) - omNode-1@group-523986131536->omNode-3: nextIndex: updateUnconditionally 0 -> 0
2022-10-18 21:56:08,321 [grpc-default-executor-0] WARN  server.GrpcLogAppender (LogUtils.java:warn(122)) - omNode-1@group-523986131536->omNode-3-InstallSnapshotResponseHandler: Failed InstallSnapshot: org.apache.ratis.thirdparty.io.grpc.StatusRuntimeException: UNAVAILABLE: io exception
2022-10-18 21:56:08,321 [grpc-default-executor-0] INFO  leader.FollowerInfo (FollowerInfoImpl.java:lambda$new$0(48)) - omNode-1@group-523986131536->omNode-3: nextIndex: updateUnconditionally 0 -> 0
2022-10-18 21:56:08,321 [omNode-1@group-523986131536->omNode-3-GrpcLogAppender-LogAppenderDaemon] INFO  server.GrpcLogAppender (GrpcLogAppender.java:installSnapshot(541)) - omNode-1@group-523986131536->omNode-3-GrpcLogAppender: followerNextIndex = 0 but logStartIndex = 59, notify follower to install snapshot-(t:5, i:59)
2022-10-18 21:56:08,321 [omNode-1@group-523986131536->omNode-3-GrpcLogAppender-LogAppenderDaemon] INFO  server.GrpcLogAppender (GrpcLogAppender.java:installSnapshot(549)) - omNode-1@group-523986131536->omNode-3-GrpcLogAppender: send omNode-1->omNode-3#0-t5,notify:(t:5, i:59)
2022-10-18 21:56:08,322 [grpc-default-executor-1] WARN  server.GrpcLogAppender (LogUtils.java:warn(122)) - omNode-1@group-523986131536->omNode-3-InstallSnapshotResponseHandler: Failed InstallSnapshot: org.apache.ratis.thirdparty.io.grpc.StatusRuntimeException: UNAVAILABLE: io exception
2022-10-18 21:56:08,322 [grpc-default-executor-1] INFO  leader.FollowerInfo (FollowerInfoImpl.java:lambda$new$0(48)) - omNode-1@group-523986131536->omNode-3: nextIndex: updateUnconditionally 0 -> 0
2022-10-18 21:56:08,322 [omNode-1@group-523986131536->omNode-3-GrpcLogAppender-LogAppenderDaemon] INFO  server.GrpcLogAppender (GrpcLogAppender.java:installSnapshot(541)) - omNode-1@group-523986131536->omNode-3-GrpcLogAppender: followerNextIndex = 0 but logStartIndex = 59, notify follower to install snapshot-(t:5, i:59)
2022-10-18 21:56:08,322 [omNode-1@group-523986131536->omNode-3-GrpcLogAppender-LogAppenderDaemon] INFO  server.GrpcLogAppender (GrpcLogAppender.java:installSnapshot(549)) - omNode-1@group-523986131536->omNode-3-GrpcLogAppender: send omNode-1->omNode-3#0-t5,notify:(t:5, i:59)
2022-10-18 21:56:08,322 [grpc-default-executor-3] WARN  server.GrpcLogAppender (LogUtils.java:warn(122)) - omNode-1@group-523986131536->omNode-3-AppendLogResponseHandler: Failed appendEntries: org.apache.ratis.thirdparty.io.grpc.StatusRuntimeException: UNAVAILABLE: io exception
2022-10-18 21:56:08,322 [grpc-default-executor-3] INFO  leader.FollowerInfo (FollowerInfoImpl.java:lambda$new$0(48)) - omNode-1@group-523986131536->omNode-3: nextIndex: updateUnconditionally 0 -> 0
2022-10-18 21:56:08,323 [grpc-default-executor-3] WARN  server.GrpcLogAppender (LogUtils.java:warn(122)) - omNode-1@group-523986131536->omNode-3-AppendLogResponseHandler: Failed appendEntries: org.apache.ratis.thirdparty.io.grpc.StatusRuntimeException: UNAVAILABLE: io exception
2022-10-18 21:56:08,323 [grpc-default-executor-3] INFO  leader.FollowerInfo (FollowerInfoImpl.java:lambda$new$0(48)) - omNode-1@group-523986131536->omNode-3: nextIndex: updateUnconditionally 0 -> 0
2022-10-18 21:56:08,323 [grpc-default-executor-1] WARN  server.GrpcLogAppender (LogUtils.java:warn(122)) - omNode-1@group-523986131536->omNode-3-InstallSnapshotResponseHandler: Failed InstallSnapshot: org.apache.ratis.thirdparty.io.grpc.StatusRuntimeException: UNAVAILABLE: io exception
2022-10-18 21:56:08,323 [grpc-default-executor-1] INFO  leader.FollowerInfo (FollowerInfoImpl.java:lambda$new$0(48)) - omNode-1@group-523986131536->omNode-3: nextIndex: updateUnconditionally 0 -> 0
2022-10-18 21:56:08,323 [omNode-1@group-523986131536->omNode-3-GrpcLogAppender-LogAppenderDaemon] INFO  server.GrpcLogAppender (GrpcLogAppender.java:installSnapshot(541)) - omNode-1@group-523986131536->omNode-3-GrpcLogAppender: followerNextIndex = 0 but logStartIndex = 59, notify follower to install snapshot-(t:5, i:59)
2022-10-18 21:56:08,323 [omNode-1@group-523986131536->omNode-3-GrpcLogAppender-LogAppenderDaemon] INFO  server.GrpcLogAppender (GrpcLogAppender.java:installSnapshot(549)) - omNode-1@group-523986131536->omNode-3-GrpcLogAppender: send omNode-1->omNode-3#0-t5,notify:(t:5, i:59)
2022-10-18 21:56:08,323 [grpc-default-executor-0] WARN  server.GrpcLogAppender (LogUtils.java:warn(122)) - omNode-1@group-523986131536->omNode-3-AppendLogResponseHandler: Failed appendEntries: org.apache.ratis.thirdparty.io.grpc.StatusRuntimeException: UNAVAILABLE: io exception
2022-10-18 21:56:08,323 [grpc-default-executor-1] WARN  server.GrpcLogAppender (LogUtils.java:warn(122)) - omNode-1@group-523986131536->omNode-3-InstallSnapshotResponseHandler: Failed InstallSnapshot: org.apache.ratis.thirdparty.io.grpc.StatusRuntimeException: UNAVAILABLE: io exception
2022-10-18 21:56:08,324 [grpc-default-executor-0] INFO  leader.FollowerInfo (FollowerInfoImpl.java:lambda$new$0(48)) - omNode-1@group-523986131536->omNode-3: nextIndex: updateUnconditionally 0 -> 0
2022-10-18 21:56:08,324 [grpc-default-executor-1] INFO  leader.FollowerInfo (FollowerInfoImpl.java:lambda$new$0(48)) - omNode-1@group-523986131536->omNode-3: nextIndex: updateUnconditionally 0 -> 0
2022-10-18 21:56:08,324 [omNode-1@group-523986131536->omNode-3-GrpcLogAppender-LogAppenderDaemon] INFO  server.GrpcLogAppender (GrpcLogAppender.java:installSnapshot(541)) - omNode-1@group-523986131536->omNode-3-GrpcLogAppender: followerNextIndex = 0 but logStartIndex = 59, notify follower to install snapshot-(t:5, i:59)
2022-10-18 21:56:08,324 [omNode-1@group-523986131536->omNode-3-GrpcLogAppender-LogAppenderDaemon] INFO  server.GrpcLogAppender (GrpcLogAppender.java:installSnapshot(549)) - omNode-1@group-523986131536->omNode-3-GrpcLogAppender: send omNode-1->omNode-3#0-t5,notify:(t:5, i:59)
2022-10-18 21:56:08,325 [grpc-default-executor-3] WARN  server.GrpcLogAppender (LogUtils.java:warn(122)) - omNode-1@group-523986131536->omNode-3-InstallSnapshotResponseHandler: Failed InstallSnapshot: org.apache.ratis.thirdparty.io.grpc.StatusRuntimeException: UNAVAILABLE: io exception
2022-10-18 21:56:08,325 [grpc-default-executor-1] WARN  server.GrpcLogAppender (LogUtils.java:warn(122)) - omNode-1@group-523986131536->omNode-3-AppendLogResponseHandler: Failed appendEntries: org.apache.ratis.thirdparty.io.grpc.StatusRuntimeException: UNAVAILABLE: io exception
2022-10-18 21:56:08,325 [grpc-default-executor-3] INFO  leader.FollowerInfo (FollowerInfoImpl.java:lambda$new$0(48)) - omNode-1@group-523986131536->omNode-3: nextIndex: updateUnconditionally 0 -> 0
2022-10-18 21:56:08,326 [grpc-default-executor-1] INFO  leader.FollowerInfo (FollowerInfoImpl.java:lambda$new$0(48)) - omNode-1@group-523986131536->omNode-3: nextIndex: updateUnconditionally 0 -> 0
2022-10-18 21:56:08,326 [omNode-1@group-523986131536->omNode-3-GrpcLogAppender-LogAppenderDaemon] INFO  server.GrpcLogAppender (GrpcLogAppender.java:installSnapshot(541)) - omNode-1@group-523986131536->omNode-3-GrpcLogAppender: followerNextIndex = 0 but logStartIndex = 59, notify follower to install snapshot-(t:5, i:59)
2022-10-18 21:56:08,326 [omNode-1@group-523986131536->omNode-3-GrpcLogAppender-LogAppenderDaemon] INFO  server.GrpcLogAppender (GrpcLogAppender.java:installSnapshot(549)) - omNode-1@group-523986131536->omNode-3-GrpcLogAppender: send omNode-1->omNode-3#0-t5,notify:(t:5, i:59)
2022-10-18 21:56:08,327 [grpc-default-executor-0] WARN  server.GrpcLogAppender (LogUtils.java:warn(122)) - omNode-1@group-523986131536->omNode-3-AppendLogResponseHandler: Failed appendEntries: org.apache.ratis.thirdparty.io.grpc.StatusRuntimeException: UNAVAILABLE: io exception
2022-10-18 21:56:08,327 [grpc-default-executor-0] INFO  leader.FollowerInfo (FollowerInfoImpl.java:lambda$new$0(48)) - omNode-1@group-523986131536->omNode-3: nextIndex: updateUnconditionally 0 -> 0
2022-10-18 21:56:08,327 [grpc-default-executor-0] WARN  server.GrpcLogAppender (LogUtils.java:warn(122)) - omNode-1@group-523986131536->omNode-3-InstallSnapshotResponseHandler: Failed InstallSnapshot: org.apache.ratis.thirdparty.io.grpc.StatusRuntimeException: UNAVAILABLE: io exception
2022-10-18 21:56:08,327 [grpc-default-executor-0] INFO  leader.FollowerInfo (FollowerInfoImpl.java:lambda$new$0(48)) - omNode-1@group-523986131536->omNode-3: nextIndex: updateUnconditionally 0 -> 0
2022-10-18 21:56:08,327 [omNode-1@group-523986131536->omNode-3-GrpcLogAppender-LogAppenderDaemon] INFO  server.GrpcLogAppender (GrpcLogAppender.java:installSnapshot(541)) - omNode-1@group-523986131536->omNode-3-GrpcLogAppender: followerNextIndex = 0 but logStartIndex = 59, notify follower to install snapshot-(t:5, i:59)
2022-10-18 21:56:08,328 [omNode-1@group-523986131536->omNode-3-GrpcLogAppender-LogAppenderDaemon] INFO  server.GrpcLogAppender (GrpcLogAppender.java:installSnapshot(549)) - omNode-1@group-523986131536->omNode-3-GrpcLogAppender: send omNode-1->omNode-3#0-t5,notify:(t:5, i:59)
2022-10-18 21:56:08,328 [grpc-default-executor-1] WARN  server.GrpcLogAppender (LogUtils.java:warn(122)) - omNode-1@group-523986131536->omNode-3-InstallSnapshotResponseHandler: Failed InstallSnapshot: org.apache.ratis.thirdparty.io.grpc.StatusRuntimeException: UNAVAILABLE: io exception
2022-10-18 21:56:08,328 [grpc-default-executor-1] INFO  leader.FollowerInfo (FollowerInfoImpl.java:lambda$new$0(48)) - omNode-1@group-523986131536->omNode-3: nextIndex: updateUnconditionally 0 -> 0
2022-10-18 21:56:08,329 [grpc-default-executor-1] WARN  server.GrpcLogAppender (LogUtils.java:warn(122)) - omNode-1@group-523986131536->omNode-3-AppendLogResponseHandler: Failed appendEntries: org.apache.ratis.thirdparty.io.grpc.StatusRuntimeException: UNAVAILABLE: io exception
2022-10-18 21:56:08,329 [grpc-default-executor-1] INFO  leader.FollowerInfo (FollowerInfoImpl.java:lambda$new$0(48)) - omNode-1@group-523986131536->omNode-3: nextIndex: updateUnconditionally 0 -> 0
2022-10-18 21:56:08,329 [omNode-1@group-523986131536->omNode-3-GrpcLogAppender-LogAppenderDaemon] INFO  server.GrpcLogAppender (GrpcLogAppender.java:installSnapshot(541)) - omNode-1@group-523986131536->omNode-3-GrpcLogAppender: followerNextIndex = 0 but logStartIndex = 59, notify follower to install snapshot-(t:5, i:59)
2022-10-18 21:56:08,329 [omNode-1@group-523986131536->omNode-3-GrpcLogAppender-LogAppenderDaemon] INFO  server.GrpcLogAppender (GrpcLogAppender.java:installSnapshot(549)) - omNode-1@group-523986131536->omNode-3-GrpcLogAppender: send omNode-1->omNode-3#0-t5,notify:(t:5, i:59)
2022-10-18 21:56:08,329 [grpc-default-executor-3] WARN  server.GrpcLogAppender (LogUtils.java:warn(122)) - omNode-1@group-523986131536->omNode-3-InstallSnapshotResponseHandler: Failed InstallSnapshot: org.apache.ratis.thirdparty.io.grpc.StatusRuntimeException: UNAVAILABLE: io exception
2022-10-18 21:56:08,330 [grpc-default-executor-3] INFO  leader.FollowerInfo (FollowerInfoImpl.java:lambda$new$0(48)) - omNode-1@group-523986131536->omNode-3: nextIndex: updateUnconditionally 0 -> 0
2022-10-18 21:56:08,330 [grpc-default-executor-3] WARN  server.GrpcLogAppender (LogUtils.java:warn(122)) - omNode-1@group-523986131536->omNode-3-AppendLogResponseHandler: Failed appendEntries: org.apache.ratis.thirdparty.io.grpc.StatusRuntimeException: UNAVAILABLE: io exception
2022-10-18 21:56:08,330 [grpc-default-executor-3] INFO  leader.FollowerInfo (FollowerInfoImpl.java:lambda$new$0(48)) - omNode-1@group-523986131536->omNode-3: nextIndex: updateUnconditionally 0 -> 0
2022-10-18 21:56:08,330 [omNode-1@group-523986131536->omNode-3-GrpcLogAppender-LogAppenderDaemon] INFO  server.GrpcLogAppender (GrpcLogAppender.java:installSnapshot(541)) - omNode-1@group-523986131536->omNode-3-GrpcLogAppender: followerNextIndex = 0 but logStartIndex = 59, notify follower to install snapshot-(t:5, i:59)
2022-10-18 21:56:08,330 [omNode-1@group-523986131536->omNode-3-GrpcLogAppender-LogAppenderDaemon] INFO  server.GrpcLogAppender (GrpcLogAppender.java:installSnapshot(549)) - omNode-1@group-523986131536->omNode-3-GrpcLogAppender: send omNode-1->omNode-3#0-t5,notify:(t:5, i:59)
2022-10-18 21:56:08,330 [grpc-default-executor-0] WARN  server.GrpcLogAppender (LogUtils.java:warn(122)) - omNode-1@group-523986131536->omNode-3-AppendLogResponseHandler: Failed appendEntries: org.apache.ratis.thirdparty.io.grpc.StatusRuntimeException: UNAVAILABLE: io exception
2022-10-18 21:56:08,331 [grpc-default-executor-0] INFO  leader.FollowerInfo (FollowerInfoImpl.java:lambda$new$0(48)) - omNode-1@group-523986131536->omNode-3: nextIndex: updateUnconditionally 0 -> 0
2022-10-18 21:56:08,331 [grpc-default-executor-0] WARN  server.GrpcLogAppender (LogUtils.java:warn(122)) - omNode-1@group-523986131536->omNode-3-InstallSnapshotResponseHandler: Failed InstallSnapshot: org.apache.ratis.thirdparty.io.grpc.StatusRuntimeException: UNAVAILABLE: io exception
2022-10-18 21:56:08,331 [grpc-default-executor-0] INFO  leader.FollowerInfo (FollowerInfoImpl.java:lambda$new$0(48)) - omNode-1@group-523986131536->omNode-3: nextIndex: updateUnconditionally 0 -> 0
2022-10-18 21:56:08,331 [omNode-1@group-523986131536->omNode-3-GrpcLogAppender-LogAppenderDaemon] INFO  server.GrpcLogAppender (GrpcLogAppender.java:installSnapshot(541)) - omNode-1@group-523986131536->omNode-3-GrpcLogAppender: followerNextIndex = 0 but logStartIndex = 59, notify follower to install snapshot-(t:5, i:59)
2022-10-18 21:56:08,331 [omNode-1@group-523986131536->omNode-3-GrpcLogAppender-LogAppenderDaemon] INFO  server.GrpcLogAppender (GrpcLogAppender.java:installSnapshot(549)) - omNode-1@group-523986131536->omNode-3-GrpcLogAppender: send omNode-1->omNode-3#0-t5,notify:(t:5, i:59)
2022-10-18 21:56:08,332 [grpc-default-executor-2] WARN  server.GrpcLogAppender (LogUtils.java:warn(122)) - omNode-1@group-523986131536->omNode-3-InstallSnapshotResponseHandler: Failed InstallSnapshot: org.apache.ratis.thirdparty.io.grpc.StatusRuntimeException: UNAVAILABLE: io exception
2022-10-18 21:56:08,332 [grpc-default-executor-3] WARN  server.GrpcLogAppender (LogUtils.java:warn(122)) - omNode-1@group-523986131536->omNode-3-AppendLogResponseHandler: Failed appendEntries: org.apache.ratis.thirdparty.io.grpc.StatusRuntimeException: UNAVAILABLE: io exception
2022-10-18 21:56:08,332 [grpc-default-executor-2] INFO  leader.FollowerInfo (FollowerInfoImpl.java:lambda$new$0(48)) - omNode-1@group-523986131536->omNode-3: nextIndex: updateUnconditionally 0 -> 0
2022-10-18 21:56:08,332 [grpc-default-executor-3] INFO  leader.FollowerInfo (FollowerInfoImpl.java:lambda$new$0(48)) - omNode-1@group-523986131536->omNode-3: nextIndex: updateUnconditionally 0 -> 0
2022-10-18 21:56:08,333 [omNode-1@group-523986131536->omNode-3-GrpcLogAppender-LogAppenderDaemon] INFO  server.GrpcLogAppender (GrpcLogAppender.java:installSnapshot(541)) - omNode-1@group-523986131536->omNode-3-GrpcLogAppender: followerNextIndex = 0 but logStartIndex = 59, notify follower to install snapshot-(t:5, i:59)
2022-10-18 21:56:08,333 [omNode-1@group-523986131536->omNode-3-GrpcLogAppender-LogAppenderDaemon] INFO  server.GrpcLogAppender (GrpcLogAppender.java:installSnapshot(549)) - omNode-1@group-523986131536->omNode-3-GrpcLogAppender: send omNode-1->omNode-3#0-t5,notify:(t:5, i:59)
2022-10-18 21:56:08,333 [grpc-default-executor-2] WARN  server.GrpcLogAppender (LogUtils.java:warn(122)) - omNode-1@group-523986131536->omNode-3-InstallSnapshotResponseHandler: Failed InstallSnapshot: org.apache.ratis.thirdparty.io.grpc.StatusRuntimeException: UNAVAILABLE: io exception
2022-10-18 21:56:08,333 [grpc-default-executor-3] WARN  server.GrpcLogAppender (LogUtils.java:warn(122)) - omNode-1@group-523986131536->omNode-3-AppendLogResponseHandler: Failed appendEntries: org.apache.ratis.thirdparty.io.grpc.StatusRuntimeException: UNAVAILABLE: io exception
2022-10-18 21:56:08,333 [grpc-default-executor-2] INFO  leader.FollowerInfo (FollowerInfoImpl.java:lambda$new$0(48)) - omNode-1@group-523986131536->omNode-3: nextIndex: updateUnconditionally 0 -> 0
2022-10-18 21:56:08,334 [grpc-default-executor-3] INFO  leader.FollowerInfo (FollowerInfoImpl.java:lambda$new$0(48)) - omNode-1@group-523986131536->omNode-3: nextIndex: updateUnconditionally 0 -> 0
2022-10-18 21:56:08,334 [omNode-1@group-523986131536->omNode-3-GrpcLogAppender-LogAppenderDaemon] INFO  server.GrpcLogAppender (GrpcLogAppender.java:installSnapshot(541)) - omNode-1@group-523986131536->omNode-3-GrpcLogAppender: followerNextIndex = 0 but logStartIndex = 59, notify follower to install snapshot-(t:5, i:59)
2022-10-18 21:56:08,334 [omNode-1@group-523986131536->omNode-3-GrpcLogAppender-LogAppenderDaemon] INFO  server.GrpcLogAppender (GrpcLogAppender.java:installSnapshot(549)) - omNode-1@group-523986131536->omNode-3-GrpcLogAppender: send omNode-1->omNode-3#0-t5,notify:(t:5, i:59)
2022-10-18 21:56:08,334 [grpc-default-executor-3] WARN  server.GrpcLogAppender (LogUtils.java:warn(122)) - omNode-1@group-523986131536->omNode-3-AppendLogResponseHandler: Failed appendEntries: org.apache.ratis.thirdparty.io.grpc.StatusRuntimeException: UNAVAILABLE: io exception
2022-10-18 21:56:08,334 [grpc-default-executor-3] INFO  leader.FollowerInfo (FollowerInfoImpl.java:lambda$new$0(48)) - omNode-1@group-523986131536->omNode-3: nextIndex: updateUnconditionally 0 -> 0
2022-10-18 21:56:08,337 [grpc-default-executor-2] WARN  server.GrpcLogAppender (LogUtils.java:warn(122)) - omNode-1@group-523986131536->omNode-3-InstallSnapshotResponseHandler: Failed InstallSnapshot: org.apache.ratis.thirdparty.io.grpc.StatusRuntimeException: UNAVAILABLE: io exception
2022-10-18 21:56:08,337 [grpc-default-executor-2] INFO  leader.FollowerInfo (FollowerInfoImpl.java:lambda$new$0(48)) - omNode-1@group-523986131536->omNode-3: nextIndex: updateUnconditionally 0 -> 0
2022-10-18 21:56:08,338 [omNode-1@group-523986131536->omNode-3-GrpcLogAppender-LogAppenderDaemon] INFO  server.GrpcLogAppender (GrpcLogAppender.java:installSnapshot(541)) - omNode-1@group-523986131536->omNode-3-GrpcLogAppender: followerNextIndex = 0 but logStartIndex = 59, notify follower to install snapshot-(t:5, i:59)
2022-10-18 21:56:08,338 [omNode-1@group-523986131536->omNode-3-GrpcLogAppender-LogAppenderDaemon] INFO  server.GrpcLogAppender (GrpcLogAppender.java:installSnapshot(549)) - omNode-1@group-523986131536->omNode-3-GrpcLogAppender: send omNode-1->omNode-3#0-t5,notify:(t:5, i:59)
2022-10-18 21:56:08,338 [grpc-default-executor-3] WARN  server.GrpcLogAppender (LogUtils.java:warn(122)) - omNode-1@group-523986131536->omNode-3-InstallSnapshotResponseHandler: Failed InstallSnapshot: org.apache.ratis.thirdparty.io.grpc.StatusRuntimeException: UNAVAILABLE: io exception
2022-10-18 21:56:08,338 [grpc-default-executor-3] INFO  leader.FollowerInfo (FollowerInfoImpl.java:lambda$new$0(48)) - omNode-1@group-523986131536->omNode-3: nextIndex: updateUnconditionally 0 -> 0
2022-10-18 21:56:08,339 [omNode-1@group-523986131536->omNode-3-GrpcLogAppender-LogAppenderDaemon] INFO  server.GrpcLogAppender (GrpcLogAppender.java:installSnapshot(541)) - omNode-1@group-523986131536->omNode-3-GrpcLogAppender: followerNextIndex = 0 but logStartIndex = 59, notify follower to install snapshot-(t:5, i:59)
2022-10-18 21:56:08,339 [omNode-1@group-523986131536->omNode-3-GrpcLogAppender-LogAppenderDaemon] INFO  server.GrpcLogAppender (GrpcLogAppender.java:installSnapshot(549)) - omNode-1@group-523986131536->omNode-3-GrpcLogAppender: send omNode-1->omNode-3#0-t5,notify:(t:5, i:59)
2022-10-18 21:56:08,339 [grpc-default-executor-1] WARN  server.GrpcLogAppender (LogUtils.java:warn(122)) - omNode-1@group-523986131536->omNode-3-InstallSnapshotResponseHandler: Failed InstallSnapshot: org.apache.ratis.thirdparty.io.grpc.StatusRuntimeException: UNAVAILABLE: io exception
2022-10-18 21:56:08,339 [grpc-default-executor-0] WARN  server.GrpcLogAppender (LogUtils.java:warn(122)) - omNode-1@group-523986131536->omNode-3-AppendLogResponseHandler: Failed appendEntries: org.apache.ratis.thirdparty.io.grpc.StatusRuntimeException: UNAVAILABLE: io exception
2022-10-18 21:56:08,339 [grpc-default-executor-3] WARN  server.GrpcLogAppender (LogUtils.java:warn(122)) - omNode-1@group-523986131536->omNode-3-AppendLogResponseHandler: Failed appendEntries: org.apache.ratis.thirdparty.io.grpc.StatusRuntimeException: UNAVAILABLE: io exception
2022-10-18 21:56:08,339 [grpc-default-executor-1] INFO  leader.FollowerInfo (FollowerInfoImpl.java:lambda$new$0(48)) - omNode-1@group-523986131536->omNode-3: nextIndex: updateUnconditionally 0 -> 0
2022-10-18 21:56:08,340 [grpc-default-executor-0] INFO  leader.FollowerInfo (FollowerInfoImpl.java:lambda$new$0(48)) - omNode-1@group-523986131536->omNode-3: nextIndex: updateUnconditionally 0 -> 0
2022-10-18 21:56:08,340 [grpc-default-executor-3] INFO  leader.FollowerInfo (FollowerInfoImpl.java:lambda$new$0(48)) - omNode-1@group-523986131536->omNode-3: nextIndex: updateUnconditionally 0 -> 0
2022-10-18 21:56:08,340 [omNode-1@group-523986131536->omNode-3-GrpcLogAppender-LogAppenderDaemon] INFO  server.GrpcLogAppender (GrpcLogAppender.java:installSnapshot(541)) - omNode-1@group-523986131536->omNode-3-GrpcLogAppender: followerNextIndex = 0 but logStartIndex = 59, notify follower to install snapshot-(t:5, i:59)
2022-10-18 21:56:08,340 [omNode-1@group-523986131536->omNode-3-GrpcLogAppender-LogAppenderDaemon] INFO  server.GrpcLogAppender (GrpcLogAppender.java:installSnapshot(549)) - omNode-1@group-523986131536->omNode-3-GrpcLogAppender: send omNode-1->omNode-3#0-t5,notify:(t:5, i:59)
2022-10-18 21:56:08,341 [grpc-default-executor-3] WARN  server.GrpcLogAppender (LogUtils.java:warn(122)) - omNode-1@group-523986131536->omNode-3-AppendLogResponseHandler: Failed appendEntries: org.apache.ratis.thirdparty.io.grpc.StatusRuntimeException: UNAVAILABLE: io exception
2022-10-18 21:56:08,341 [grpc-default-executor-3] INFO  leader.FollowerInfo (FollowerInfoImpl.java:lambda$new$0(48)) - omNode-1@group-523986131536->omNode-3: nextIndex: updateUnconditionally 0 -> 0
2022-10-18 21:56:08,341 [grpc-default-executor-3] WARN  server.GrpcLogAppender (LogUtils.java:warn(122)) - omNode-1@group-523986131536->omNode-3-InstallSnapshotResponseHandler: Failed InstallSnapshot: org.apache.ratis.thirdparty.io.grpc.StatusRuntimeException: UNAVAILABLE: io exception
2022-10-18 21:56:08,341 [grpc-default-executor-3] INFO  leader.FollowerInfo (FollowerInfoImpl.java:lambda$new$0(48)) - omNode-1@group-523986131536->omNode-3: nextIndex: updateUnconditionally 0 -> 0
2022-10-18 21:56:08,342 [grpc-default-executor-3] WARN  server.GrpcLogAppender (LogUtils.java:warn(122)) - omNode-1@group-523986131536->omNode-3-AppendLogResponseHandler: Failed appendEntries: org.apache.ratis.thirdparty.io.grpc.StatusRuntimeException: UNAVAILABLE: io exception
2022-10-18 21:56:08,342 [grpc-default-executor-3] INFO  leader.FollowerInfo (FollowerInfoImpl.java:lambda$new$0(48)) - omNode-1@group-523986131536->omNode-3: nextIndex: updateUnconditionally 0 -> 0
2022-10-18 21:56:08,342 [omNode-1@group-523986131536->omNode-3-GrpcLogAppender-LogAppenderDaemon] INFO  server.GrpcLogAppender (GrpcLogAppender.java:installSnapshot(541)) - omNode-1@group-523986131536->omNode-3-GrpcLogAppender: followerNextIndex = 0 but logStartIndex = 59, notify follower to install snapshot-(t:5, i:59)
2022-10-18 21:56:08,342 [omNode-1@group-523986131536->omNode-3-GrpcLogAppender-LogAppenderDaemon] INFO  server.GrpcLogAppender (GrpcLogAppender.java:installSnapshot(549)) - omNode-1@group-523986131536->omNode-3-GrpcLogAppender: send omNode-1->omNode-3#0-t5,notify:(t:5, i:59)
2022-10-18 21:56:08,343 [grpc-default-executor-0] WARN  server.GrpcLogAppender (LogUtils.java:warn(122)) - omNode-1@group-523986131536->omNode-3-InstallSnapshotResponseHandler: Failed InstallSnapshot: org.apache.ratis.thirdparty.io.grpc.StatusRuntimeException: UNAVAILABLE: io exception
2022-10-18 21:56:08,343 [grpc-default-executor-0] INFO  leader.FollowerInfo (FollowerInfoImpl.java:lambda$new$0(48)) - omNode-1@group-523986131536->omNode-3: nextIndex: updateUnconditionally 0 -> 0
2022-10-18 21:56:08,343 [omNode-1@group-523986131536->omNode-3-GrpcLogAppender-LogAppenderDaemon] INFO  server.GrpcLogAppender (GrpcLogAppender.java:installSnapshot(541)) - omNode-1@group-523986131536->omNode-3-GrpcLogAppender: followerNextIndex = 0 but logStartIndex = 59, notify follower to install snapshot-(t:5, i:59)
2022-10-18 21:56:08,343 [omNode-1@group-523986131536->omNode-3-GrpcLogAppender-LogAppenderDaemon] INFO  server.GrpcLogAppender (GrpcLogAppender.java:installSnapshot(549)) - omNode-1@group-523986131536->omNode-3-GrpcLogAppender: send omNode-1->omNode-3#0-t5,notify:(t:5, i:59)
2022-10-18 21:56:08,344 [grpc-default-executor-1] WARN  server.GrpcLogAppender (LogUtils.java:warn(122)) - omNode-1@group-523986131536->omNode-3-AppendLogResponseHandler: Failed appendEntries: org.apache.ratis.thirdparty.io.grpc.StatusRuntimeException: UNAVAILABLE: io exception
2022-10-18 21:56:08,344 [grpc-default-executor-1] INFO  leader.FollowerInfo (FollowerInfoImpl.java:lambda$new$0(48)) - omNode-1@group-523986131536->omNode-3: nextIndex: updateUnconditionally 0 -> 0
2022-10-18 21:56:08,345 [grpc-default-executor-1] WARN  server.GrpcLogAppender (LogUtils.java:warn(122)) - omNode-1@group-523986131536->omNode-3-InstallSnapshotResponseHandler: Failed InstallSnapshot: org.apache.ratis.thirdparty.io.grpc.StatusRuntimeException: UNAVAILABLE: io exception
2022-10-18 21:56:08,345 [grpc-default-executor-1] INFO  leader.FollowerInfo (FollowerInfoImpl.java:lambda$new$0(48)) - omNode-1@group-523986131536->omNode-3: nextIndex: updateUnconditionally 0 -> 0
2022-10-18 21:56:08,346 [omNode-1@group-523986131536->omNode-3-GrpcLogAppender-LogAppenderDaemon] INFO  server.GrpcLogAppender (GrpcLogAppender.java:installSnapshot(541)) - omNode-1@group-523986131536->omNode-3-GrpcLogAppender: followerNextIndex = 0 but logStartIndex = 59, notify follower to install snapshot-(t:5, i:59)
2022-10-18 21:56:08,346 [omNode-1@group-523986131536->omNode-3-GrpcLogAppender-LogAppenderDaemon] INFO  server.GrpcLogAppender (GrpcLogAppender.java:installSnapshot(549)) - omNode-1@group-523986131536->omNode-3-GrpcLogAppender: send omNode-1->omNode-3#0-t5,notify:(t:5, i:59)
2022-10-18 21:56:08,346 [grpc-default-executor-0] WARN  server.GrpcLogAppender (LogUtils.java:warn(122)) - omNode-1@group-523986131536->omNode-3-AppendLogResponseHandler: Failed appendEntries: org.apache.ratis.thirdparty.io.grpc.StatusRuntimeException: UNAVAILABLE: io exception
2022-10-18 21:56:08,347 [grpc-default-executor-0] INFO  leader.FollowerInfo (FollowerInfoImpl.java:lambda$new$0(48)) - omNode-1@group-523986131536->omNode-3: nextIndex: updateUnconditionally 0 -> 0
2022-10-18 21:56:08,347 [grpc-default-executor-0] WARN  server.GrpcLogAppender (LogUtils.java:warn(122)) - omNode-1@group-523986131536->omNode-3-InstallSnapshotResponseHandler: Failed InstallSnapshot: org.apache.ratis.thirdparty.io.grpc.StatusRuntimeException: UNAVAILABLE: io exception
2022-10-18 21:56:08,347 [grpc-default-executor-0] INFO  leader.FollowerInfo (FollowerInfoImpl.java:lambda$new$0(48)) - omNode-1@group-523986131536->omNode-3: nextIndex: updateUnconditionally 0 -> 0
2022-10-18 21:56:08,347 [omNode-1@group-523986131536->omNode-3-GrpcLogAppender-LogAppenderDaemon] INFO  server.GrpcLogAppender (GrpcLogAppender.java:installSnapshot(541)) - omNode-1@group-523986131536->omNode-3-GrpcLogAppender: followerNextIndex = 0 but logStartIndex = 59, notify follower to install snapshot-(t:5, i:59)
2022-10-18 21:56:08,347 [omNode-1@group-523986131536->omNode-3-GrpcLogAppender-LogAppenderDaemon] INFO  server.GrpcLogAppender (GrpcLogAppender.java:installSnapshot(549)) - omNode-1@group-523986131536->omNode-3-GrpcLogAppender: send omNode-1->omNode-3#0-t5,notify:(t:5, i:59)
2022-10-18 21:56:08,347 [grpc-default-executor-0] WARN  server.GrpcLogAppender (LogUtils.java:warn(122)) - omNode-1@group-523986131536->omNode-3-AppendLogResponseHandler: Failed appendEntries: org.apache.ratis.thirdparty.io.grpc.StatusRuntimeException: UNAVAILABLE: io exception
2022-10-18 21:56:08,348 [grpc-default-executor-0] INFO  leader.FollowerInfo (FollowerInfoImpl.java:lambda$new$0(48)) - omNode-1@group-523986131536->omNode-3: nextIndex: updateUnconditionally 0 -> 0
2022-10-18 21:56:08,348 [grpc-default-executor-3] WARN  server.GrpcLogAppender (LogUtils.java:warn(122)) - omNode-1@group-523986131536->omNode-3-InstallSnapshotResponseHandler: Failed InstallSnapshot: org.apache.ratis.thirdparty.io.grpc.StatusRuntimeException: UNAVAILABLE: io exception
2022-10-18 21:56:08,348 [grpc-default-executor-3] INFO  leader.FollowerInfo (FollowerInfoImpl.java:lambda$new$0(48)) - omNode-1@group-523986131536->omNode-3: nextIndex: updateUnconditionally 0 -> 0
2022-10-18 21:56:08,348 [omNode-1@group-523986131536->omNode-3-GrpcLogAppender-LogAppenderDaemon] INFO  server.GrpcLogAppender (GrpcLogAppender.java:installSnapshot(541)) - omNode-1@group-523986131536->omNode-3-GrpcLogAppender: followerNextIndex = 0 but logStartIndex = 59, notify follower to install snapshot-(t:5, i:59)
2022-10-18 21:56:08,349 [omNode-1@group-523986131536->omNode-3-GrpcLogAppender-LogAppenderDaemon] INFO  server.GrpcLogAppender (GrpcLogAppender.java:installSnapshot(549)) - omNode-1@group-523986131536->omNode-3-GrpcLogAppender: send omNode-1->omNode-3#0-t5,notify:(t:5, i:59)
2022-10-18 21:56:08,349 [grpc-default-executor-1] WARN  server.GrpcLogAppender (LogUtils.java:warn(122)) - omNode-1@group-523986131536->omNode-3-AppendLogResponseHandler: Failed appendEntries: org.apache.ratis.thirdparty.io.grpc.StatusRuntimeException: UNAVAILABLE: io exception
2022-10-18 21:56:08,349 [grpc-default-executor-1] INFO  leader.FollowerInfo (FollowerInfoImpl.java:lambda$new$0(48)) - omNode-1@group-523986131536->omNode-3: nextIndex: updateUnconditionally 0 -> 0
2022-10-18 21:56:08,350 [grpc-default-executor-3] WARN  server.GrpcLogAppender (LogUtils.java:warn(122)) - omNode-1@group-523986131536->omNode-3-InstallSnapshotResponseHandler: Failed InstallSnapshot: org.apache.ratis.thirdparty.io.grpc.StatusRuntimeException: UNAVAILABLE: io exception
2022-10-18 21:56:08,350 [grpc-default-executor-3] INFO  leader.FollowerInfo (FollowerInfoImpl.java:lambda$new$0(48)) - omNode-1@group-523986131536->omNode-3: nextIndex: updateUnconditionally 0 -> 0
2022-10-18 21:56:08,350 [omNode-1@group-523986131536->omNode-3-GrpcLogAppender-LogAppenderDaemon] INFO  server.GrpcLogAppender (GrpcLogAppender.java:installSnapshot(541)) - omNode-1@group-523986131536->omNode-3-GrpcLogAppender: followerNextIndex = 0 but logStartIndex = 59, notify follower to install snapshot-(t:5, i:59)
2022-10-18 21:56:08,350 [omNode-1@group-523986131536->omNode-3-GrpcLogAppender-LogAppenderDaemon] INFO  server.GrpcLogAppender (GrpcLogAppender.java:installSnapshot(549)) - omNode-1@group-523986131536->omNode-3-GrpcLogAppender: send omNode-1->omNode-3#0-t5,notify:(t:5, i:59)
2022-10-18 21:56:08,351 [grpc-default-executor-0] WARN  server.GrpcLogAppender (LogUtils.java:warn(122)) - omNode-1@group-523986131536->omNode-3-AppendLogResponseHandler: Failed appendEntries: org.apache.ratis.thirdparty.io.grpc.StatusRuntimeException: UNAVAILABLE: io exception
2022-10-18 21:56:08,351 [grpc-default-executor-2] WARN  server.GrpcLogAppender (LogUtils.java:warn(122)) - omNode-1@group-523986131536->omNode-3-InstallSnapshotResponseHandler: Failed InstallSnapshot: org.apache.ratis.thirdparty.io.grpc.StatusRuntimeException: UNAVAILABLE: io exception
2022-10-18 21:56:08,351 [grpc-default-executor-0] INFO  leader.FollowerInfo (FollowerInfoImpl.java:lambda$new$0(48)) - omNode-1@group-523986131536->omNode-3: nextIndex: updateUnconditionally 0 -> 0
2022-10-18 21:56:08,351 [grpc-default-executor-2] INFO  leader.FollowerInfo (FollowerInfoImpl.java:lambda$new$0(48)) - omNode-1@group-523986131536->omNode-3: nextIndex: updateUnconditionally 0 -> 0
2022-10-18 21:56:08,351 [omNode-1@group-523986131536->omNode-3-GrpcLogAppender-LogAppenderDaemon] INFO  server.GrpcLogAppender (GrpcLogAppender.java:installSnapshot(541)) - omNode-1@group-523986131536->omNode-3-GrpcLogAppender: followerNextIndex = 0 but logStartIndex = 59, notify follower to install snapshot-(t:5, i:59)
2022-10-18 21:56:08,351 [omNode-1@group-523986131536->omNode-3-GrpcLogAppender-LogAppenderDaemon] INFO  server.GrpcLogAppender (GrpcLogAppender.java:installSnapshot(549)) - omNode-1@group-523986131536->omNode-3-GrpcLogAppender: send omNode-1->omNode-3#0-t5,notify:(t:5, i:59)
2022-10-18 21:56:08,351 [grpc-default-executor-0] WARN  server.GrpcLogAppender (LogUtils.java:warn(122)) - omNode-1@group-523986131536->omNode-3-AppendLogResponseHandler: Failed appendEntries: org.apache.ratis.thirdparty.io.grpc.StatusRuntimeException: UNAVAILABLE: io exception
2022-10-18 21:56:08,352 [grpc-default-executor-2] WARN  server.GrpcLogAppender (LogUtils.java:warn(122)) - omNode-1@group-523986131536->omNode-3-InstallSnapshotResponseHandler: Failed InstallSnapshot: org.apache.ratis.thirdparty.io.grpc.StatusRuntimeException: UNAVAILABLE: io exception
2022-10-18 21:56:08,352 [grpc-default-executor-0] INFO  leader.FollowerInfo (FollowerInfoImpl.java:lambda$new$0(48)) - omNode-1@group-523986131536->omNode-3: nextIndex: updateUnconditionally 0 -> 0
2022-10-18 21:56:08,352 [grpc-default-executor-2] INFO  leader.FollowerInfo (FollowerInfoImpl.java:lambda$new$0(48)) - omNode-1@group-523986131536->omNode-3: nextIndex: updateUnconditionally 0 -> 0
2022-10-18 21:56:08,352 [omNode-1@group-523986131536->omNode-3-GrpcLogAppender-LogAppenderDaemon] INFO  server.GrpcLogAppender (GrpcLogAppender.java:installSnapshot(541)) - omNode-1@group-523986131536->omNode-3-GrpcLogAppender: followerNextIndex = 0 but logStartIndex = 59, notify follower to install snapshot-(t:5, i:59)
2022-10-18 21:56:08,352 [omNode-1@group-523986131536->omNode-3-GrpcLogAppender-LogAppenderDaemon] INFO  server.GrpcLogAppender (GrpcLogAppender.java:installSnapshot(549)) - omNode-1@group-523986131536->omNode-3-GrpcLogAppender: send omNode-1->omNode-3#0-t5,notify:(t:5, i:59)
2022-10-18 21:56:08,352 [grpc-default-executor-0] WARN  server.GrpcLogAppender (LogUtils.java:warn(122)) - omNode-1@group-523986131536->omNode-3-AppendLogResponseHandler: Failed appendEntries: org.apache.ratis.thirdparty.io.grpc.StatusRuntimeException: UNAVAILABLE: io exception
2022-10-18 21:56:08,352 [grpc-default-executor-2] WARN  server.GrpcLogAppender (LogUtils.java:warn(122)) - omNode-1@group-523986131536->omNode-3-InstallSnapshotResponseHandler: Failed InstallSnapshot: org.apache.ratis.thirdparty.io.grpc.StatusRuntimeException: UNAVAILABLE: io exception
2022-10-18 21:56:08,353 [grpc-default-executor-0] INFO  leader.FollowerInfo (FollowerInfoImpl.java:lambda$new$0(48)) - omNode-1@group-523986131536->omNode-3: nextIndex: updateUnconditionally 0 -> 0
2022-10-18 21:56:08,353 [grpc-default-executor-2] INFO  leader.FollowerInfo (FollowerInfoImpl.java:lambda$new$0(48)) - omNode-1@group-523986131536->omNode-3: nextIndex: updateUnconditionally 0 -> 0
2022-10-18 21:56:08,353 [omNode-1@group-523986131536->omNode-3-GrpcLogAppender-LogAppenderDaemon] INFO  server.GrpcLogAppender (GrpcLogAppender.java:installSnapshot(541)) - omNode-1@group-523986131536->omNode-3-GrpcLogAppender: followerNextIndex = 0 but logStartIndex = 59, notify follower to install snapshot-(t:5, i:59)
2022-10-18 21:56:08,353 [omNode-1@group-523986131536->omNode-3-GrpcLogAppender-LogAppenderDaemon] INFO  server.GrpcLogAppender (GrpcLogAppender.java:installSnapshot(549)) - omNode-1@group-523986131536->omNode-3-GrpcLogAppender: send omNode-1->omNode-3#0-t5,notify:(t:5, i:59)
2022-10-18 21:56:08,354 [grpc-default-executor-2] WARN  server.GrpcLogAppender (LogUtils.java:warn(122)) - omNode-1@group-523986131536->omNode-3-AppendLogResponseHandler: Failed appendEntries: org.apache.ratis.thirdparty.io.grpc.StatusRuntimeException: UNAVAILABLE: io exception
2022-10-18 21:56:08,354 [grpc-default-executor-2] INFO  leader.FollowerInfo (FollowerInfoImpl.java:lambda$new$0(48)) - omNode-1@group-523986131536->omNode-3: nextIndex: updateUnconditionally 0 -> 0
2022-10-18 21:56:08,354 [grpc-default-executor-0] WARN  server.GrpcLogAppender (LogUtils.java:warn(122)) - omNode-1@group-523986131536->omNode-3-InstallSnapshotResponseHandler: Failed InstallSnapshot: org.apache.ratis.thirdparty.io.grpc.StatusRuntimeException: UNAVAILABLE: io exception
2022-10-18 21:56:08,355 [grpc-default-executor-0] INFO  leader.FollowerInfo (FollowerInfoImpl.java:lambda$new$0(48)) - omNode-1@group-523986131536->omNode-3: nextIndex: updateUnconditionally 0 -> 0
2022-10-18 21:56:08,355 [omNode-1@group-523986131536->omNode-3-GrpcLogAppender-LogAppenderDaemon] INFO  server.GrpcLogAppender (GrpcLogAppender.java:installSnapshot(541)) - omNode-1@group-523986131536->omNode-3-GrpcLogAppender: followerNextIndex = 0 but logStartIndex = 59, notify follower to install snapshot-(t:5, i:59)
2022-10-18 21:56:08,355 [omNode-1@group-523986131536->omNode-3-GrpcLogAppender-LogAppenderDaemon] INFO  server.GrpcLogAppender (GrpcLogAppender.java:installSnapshot(549)) - omNode-1@group-523986131536->omNode-3-GrpcLogAppender: send omNode-1->omNode-3#0-t5,notify:(t:5, i:59)
2022-10-18 21:56:08,355 [grpc-default-executor-1] WARN  server.GrpcLogAppender (LogUtils.java:warn(122)) - omNode-1@group-523986131536->omNode-3-AppendLogResponseHandler: Failed appendEntries: org.apache.ratis.thirdparty.io.grpc.StatusRuntimeException: UNAVAILABLE: io exception
2022-10-18 21:56:08,355 [grpc-default-executor-0] WARN  server.GrpcLogAppender (LogUtils.java:warn(122)) - omNode-1@group-523986131536->omNode-3-InstallSnapshotResponseHandler: Failed InstallSnapshot: org.apache.ratis.thirdparty.io.grpc.StatusRuntimeException: UNAVAILABLE: io exception
2022-10-18 21:56:08,355 [grpc-default-executor-1] INFO  leader.FollowerInfo (FollowerInfoImpl.java:lambda$new$0(48)) - omNode-1@group-523986131536->omNode-3: nextIndex: updateUnconditionally 0 -> 0
2022-10-18 21:56:08,356 [grpc-default-executor-0] INFO  leader.FollowerInfo (FollowerInfoImpl.java:lambda$new$0(48)) - omNode-1@group-523986131536->omNode-3: nextIndex: updateUnconditionally 0 -> 0
2022-10-18 21:56:08,356 [omNode-1@group-523986131536->omNode-3-GrpcLogAppender-LogAppenderDaemon] INFO  server.GrpcLogAppender (GrpcLogAppender.java:installSnapshot(541)) - omNode-1@group-523986131536->omNode-3-GrpcLogAppender: followerNextIndex = 0 but logStartIndex = 59, notify follower to install snapshot-(t:5, i:59)
2022-10-18 21:56:08,356 [grpc-default-executor-0] WARN  server.GrpcLogAppender (LogUtils.java:warn(122)) - omNode-1@group-523986131536->omNode-3-AppendLogResponseHandler: Failed appendEntries: org.apache.ratis.thirdparty.io.grpc.StatusRuntimeException: UNAVAILABLE: io exception
2022-10-18 21:56:08,356 [omNode-1@group-523986131536->omNode-3-GrpcLogAppender-LogAppenderDaemon] INFO  server.GrpcLogAppender (GrpcLogAppender.java:installSnapshot(549)) - omNode-1@group-523986131536->omNode-3-GrpcLogAppender: send omNode-1->omNode-3#0-t5,notify:(t:5, i:59)
2022-10-18 21:56:08,356 [grpc-default-executor-1] WARN  server.GrpcLogAppender (LogUtils.java:warn(122)) - omNode-1@group-523986131536->omNode-3-InstallSnapshotResponseHandler: Failed InstallSnapshot: org.apache.ratis.thirdparty.io.grpc.StatusRuntimeException: UNAVAILABLE: io exception
2022-10-18 21:56:08,356 [grpc-default-executor-0] INFO  leader.FollowerInfo (FollowerInfoImpl.java:lambda$new$0(48)) - omNode-1@group-523986131536->omNode-3: nextIndex: updateUnconditionally 0 -> 0
2022-10-18 21:56:08,357 [grpc-default-executor-1] INFO  leader.FollowerInfo (FollowerInfoImpl.java:lambda$new$0(48)) - omNode-1@group-523986131536->omNode-3: nextIndex: updateUnconditionally 0 -> 0
2022-10-18 21:56:08,357 [omNode-1@group-523986131536->omNode-3-GrpcLogAppender-LogAppenderDaemon] INFO  server.GrpcLogAppender (GrpcLogAppender.java:installSnapshot(541)) - omNode-1@group-523986131536->omNode-3-GrpcLogAppender: followerNextIndex = 0 but logStartIndex = 59, notify follower to install snapshot-(t:5, i:59)
2022-10-18 21:56:08,357 [omNode-1@group-523986131536->omNode-3-GrpcLogAppender-LogAppenderDaemon] INFO  server.GrpcLogAppender (GrpcLogAppender.java:installSnapshot(549)) - omNode-1@group-523986131536->omNode-3-GrpcLogAppender: send omNode-1->omNode-3#0-t5,notify:(t:5, i:59)
2022-10-18 21:56:08,357 [grpc-default-executor-2] WARN  server.GrpcLogAppender (LogUtils.java:warn(122)) - omNode-1@group-523986131536->omNode-3-AppendLogResponseHandler: Failed appendEntries: org.apache.ratis.thirdparty.io.grpc.StatusRuntimeException: UNAVAILABLE: io exception
2022-10-18 21:56:08,357 [grpc-default-executor-2] INFO  leader.FollowerInfo (FollowerInfoImpl.java:lambda$new$0(48)) - omNode-1@group-523986131536->omNode-3: nextIndex: updateUnconditionally 0 -> 0
2022-10-18 21:56:08,358 [grpc-default-executor-1] WARN  server.GrpcLogAppender (LogUtils.java:warn(122)) - omNode-1@group-523986131536->omNode-3-InstallSnapshotResponseHandler: Failed InstallSnapshot: org.apache.ratis.thirdparty.io.grpc.StatusRuntimeException: UNAVAILABLE: io exception
2022-10-18 21:56:08,358 [grpc-default-executor-1] INFO  leader.FollowerInfo (FollowerInfoImpl.java:lambda$new$0(48)) - omNode-1@group-523986131536->omNode-3: nextIndex: updateUnconditionally 0 -> 0
2022-10-18 21:56:08,358 [omNode-1@group-523986131536->omNode-3-GrpcLogAppender-LogAppenderDaemon] INFO  server.GrpcLogAppender (GrpcLogAppender.java:installSnapshot(541)) - omNode-1@group-523986131536->omNode-3-GrpcLogAppender: followerNextIndex = 0 but logStartIndex = 59, notify follower to install snapshot-(t:5, i:59)
2022-10-18 21:56:08,358 [omNode-1@group-523986131536->omNode-3-GrpcLogAppender-LogAppenderDaemon] INFO  server.GrpcLogAppender (GrpcLogAppender.java:installSnapshot(549)) - omNode-1@group-523986131536->omNode-3-GrpcLogAppender: send omNode-1->omNode-3#0-t5,notify:(t:5, i:59)
2022-10-18 21:56:08,358 [grpc-default-executor-0] WARN  server.GrpcLogAppender (LogUtils.java:warn(122)) - omNode-1@group-523986131536->omNode-3-AppendLogResponseHandler: Failed appendEntries: org.apache.ratis.thirdparty.io.grpc.StatusRuntimeException: UNAVAILABLE: io exception
2022-10-18 21:56:08,358 [grpc-default-executor-1] WARN  server.GrpcLogAppender (LogUtils.java:warn(122)) - omNode-1@group-523986131536->omNode-3-InstallSnapshotResponseHandler: Failed InstallSnapshot: org.apache.ratis.thirdparty.io.grpc.StatusRuntimeException: UNAVAILABLE: io exception
2022-10-18 21:56:08,358 [grpc-default-executor-0] INFO  leader.FollowerInfo (FollowerInfoImpl.java:lambda$new$0(48)) - omNode-1@group-523986131536->omNode-3: nextIndex: updateUnconditionally 0 -> 0
2022-10-18 21:56:08,359 [grpc-default-executor-1] INFO  leader.FollowerInfo (FollowerInfoImpl.java:lambda$new$0(48)) - omNode-1@group-523986131536->omNode-3: nextIndex: updateUnconditionally 0 -> 0
2022-10-18 21:56:08,359 [omNode-1@group-523986131536->omNode-3-GrpcLogAppender-LogAppenderDaemon] INFO  server.GrpcLogAppender (GrpcLogAppender.java:installSnapshot(541)) - omNode-1@group-523986131536->omNode-3-GrpcLogAppender: followerNextIndex = 0 but logStartIndex = 59, notify follower to install snapshot-(t:5, i:59)
2022-10-18 21:56:08,359 [omNode-1@group-523986131536->omNode-3-GrpcLogAppender-LogAppenderDaemon] INFO  server.GrpcLogAppender (GrpcLogAppender.java:installSnapshot(549)) - omNode-1@group-523986131536->omNode-3-GrpcLogAppender: send omNode-1->omNode-3#0-t5,notify:(t:5, i:59)
2022-10-18 21:56:08,359 [grpc-default-executor-2] WARN  server.GrpcLogAppender (LogUtils.java:warn(122)) - omNode-1@group-523986131536->omNode-3-AppendLogResponseHandler: Failed appendEntries: org.apache.ratis.thirdparty.io.grpc.StatusRuntimeException: UNAVAILABLE: io exception
2022-10-18 21:56:08,359 [grpc-default-executor-1] WARN  server.GrpcLogAppender (LogUtils.java:warn(122)) - omNode-1@group-523986131536->omNode-3-InstallSnapshotResponseHandler: Failed InstallSnapshot: org.apache.ratis.thirdparty.io.grpc.StatusRuntimeException: UNAVAILABLE: io exception
2022-10-18 21:56:08,359 [grpc-default-executor-2] INFO  leader.FollowerInfo (FollowerInfoImpl.java:lambda$new$0(48)) - omNode-1@group-523986131536->omNode-3: nextIndex: updateUnconditionally 0 -> 0
2022-10-18 21:56:08,360 [grpc-default-executor-1] INFO  leader.FollowerInfo (FollowerInfoImpl.java:lambda$new$0(48)) - omNode-1@group-523986131536->omNode-3: nextIndex: updateUnconditionally 0 -> 0
2022-10-18 21:56:08,360 [omNode-1@group-523986131536->omNode-3-GrpcLogAppender-LogAppenderDaemon] INFO  server.GrpcLogAppender (GrpcLogAppender.java:installSnapshot(541)) - omNode-1@group-523986131536->omNode-3-GrpcLogAppender: followerNextIndex = 0 but logStartIndex = 59, notify follower to install snapshot-(t:5, i:59)
2022-10-18 21:56:08,360 [omNode-1@group-523986131536->omNode-3-GrpcLogAppender-LogAppenderDaemon] INFO  server.GrpcLogAppender (GrpcLogAppender.java:installSnapshot(549)) - omNode-1@group-523986131536->omNode-3-GrpcLogAppender: send omNode-1->omNode-3#0-t5,notify:(t:5, i:59)
2022-10-18 21:56:08,360 [grpc-default-executor-2] WARN  server.GrpcLogAppender (LogUtils.java:warn(122)) - omNode-1@group-523986131536->omNode-3-InstallSnapshotResponseHandler: Failed InstallSnapshot: org.apache.ratis.thirdparty.io.grpc.StatusRuntimeException: UNAVAILABLE: io exception
2022-10-18 21:56:08,360 [grpc-default-executor-1] WARN  server.GrpcLogAppender (LogUtils.java:warn(122)) - omNode-1@group-523986131536->omNode-3-AppendLogResponseHandler: Failed appendEntries: org.apache.ratis.thirdparty.io.grpc.StatusRuntimeException: UNAVAILABLE: io exception
2022-10-18 21:56:08,361 [grpc-default-executor-2] INFO  leader.FollowerInfo (FollowerInfoImpl.java:lambda$new$0(48)) - omNode-1@group-523986131536->omNode-3: nextIndex: updateUnconditionally 0 -> 0
2022-10-18 21:56:08,361 [grpc-default-executor-1] INFO  leader.FollowerInfo (FollowerInfoImpl.java:lambda$new$0(48)) - omNode-1@group-523986131536->omNode-3: nextIndex: updateUnconditionally 0 -> 0
2022-10-18 21:56:08,361 [omNode-1@group-523986131536->omNode-3-GrpcLogAppender-LogAppenderDaemon] INFO  server.GrpcLogAppender (GrpcLogAppender.java:installSnapshot(541)) - omNode-1@group-523986131536->omNode-3-GrpcLogAppender: followerNextIndex = 0 but logStartIndex = 59, notify follower to install snapshot-(t:5, i:59)
2022-10-18 21:56:08,361 [omNode-1@group-523986131536->omNode-3-GrpcLogAppender-LogAppenderDaemon] INFO  server.GrpcLogAppender (GrpcLogAppender.java:installSnapshot(549)) - omNode-1@group-523986131536->omNode-3-GrpcLogAppender: send omNode-1->omNode-3#0-t5,notify:(t:5, i:59)
2022-10-18 21:56:08,361 [grpc-default-executor-2] WARN  server.GrpcLogAppender (LogUtils.java:warn(122)) - omNode-1@group-523986131536->omNode-3-AppendLogResponseHandler: Failed appendEntries: org.apache.ratis.thirdparty.io.grpc.StatusRuntimeException: UNAVAILABLE: io exception
2022-10-18 21:56:08,361 [grpc-default-executor-2] INFO  leader.FollowerInfo (FollowerInfoImpl.java:lambda$new$0(48)) - omNode-1@group-523986131536->omNode-3: nextIndex: updateUnconditionally 0 -> 0
2022-10-18 21:56:08,362 [grpc-default-executor-1] WARN  server.GrpcLogAppender (LogUtils.java:warn(122)) - omNode-1@group-523986131536->omNode-3-InstallSnapshotResponseHandler: Failed InstallSnapshot: org.apache.ratis.thirdparty.io.grpc.StatusRuntimeException: UNAVAILABLE: io exception
2022-10-18 21:56:08,362 [grpc-default-executor-1] INFO  leader.FollowerInfo (FollowerInfoImpl.java:lambda$new$0(48)) - omNode-1@group-523986131536->omNode-3: nextIndex: updateUnconditionally 0 -> 0
2022-10-18 21:56:08,362 [omNode-1@group-523986131536->omNode-3-GrpcLogAppender-LogAppenderDaemon] INFO  server.GrpcLogAppender (GrpcLogAppender.java:installSnapshot(541)) - omNode-1@group-523986131536->omNode-3-GrpcLogAppender: followerNextIndex = 0 but logStartIndex = 59, notify follower to install snapshot-(t:5, i:59)
2022-10-18 21:56:08,362 [omNode-1@group-523986131536->omNode-3-GrpcLogAppender-LogAppenderDaemon] INFO  server.GrpcLogAppender (GrpcLogAppender.java:installSnapshot(549)) - omNode-1@group-523986131536->omNode-3-GrpcLogAppender: send omNode-1->omNode-3#0-t5,notify:(t:5, i:59)
2022-10-18 21:56:08,362 [grpc-default-executor-2] WARN  server.GrpcLogAppender (LogUtils.java:warn(122)) - omNode-1@group-523986131536->omNode-3-AppendLogResponseHandler: Failed appendEntries: org.apache.ratis.thirdparty.io.grpc.StatusRuntimeException: UNAVAILABLE: io exception
2022-10-18 21:56:08,362 [grpc-default-executor-2] INFO  leader.FollowerInfo (FollowerInfoImpl.java:lambda$new$0(48)) - omNode-1@group-523986131536->omNode-3: nextIndex: updateUnconditionally 0 -> 0
2022-10-18 21:56:08,362 [grpc-default-executor-1] WARN  server.GrpcLogAppender (LogUtils.java:warn(122)) - omNode-1@group-523986131536->omNode-3-InstallSnapshotResponseHandler: Failed InstallSnapshot: org.apache.ratis.thirdparty.io.grpc.StatusRuntimeException: UNAVAILABLE: io exception
2022-10-18 21:56:08,363 [grpc-default-executor-1] INFO  leader.FollowerInfo (FollowerInfoImpl.java:lambda$new$0(48)) - omNode-1@group-523986131536->omNode-3: nextIndex: updateUnconditionally 0 -> 0
2022-10-18 21:56:08,363 [omNode-1@group-523986131536->omNode-3-GrpcLogAppender-LogAppenderDaemon] INFO  server.GrpcLogAppender (GrpcLogAppender.java:installSnapshot(541)) - omNode-1@group-523986131536->omNode-3-GrpcLogAppender: followerNextIndex = 0 but logStartIndex = 59, notify follower to install snapshot-(t:5, i:59)
2022-10-18 21:56:08,363 [omNode-1@group-523986131536->omNode-3-GrpcLogAppender-LogAppenderDaemon] INFO  server.GrpcLogAppender (GrpcLogAppender.java:installSnapshot(549)) - omNode-1@group-523986131536->omNode-3-GrpcLogAppender: send omNode-1->omNode-3#0-t5,notify:(t:5, i:59)
2022-10-18 21:56:08,363 [grpc-default-executor-2] WARN  server.GrpcLogAppender (LogUtils.java:warn(122)) - omNode-1@group-523986131536->omNode-3-AppendLogResponseHandler: Failed appendEntries: org.apache.ratis.thirdparty.io.grpc.StatusRuntimeException: UNAVAILABLE: io exception
2022-10-18 21:56:08,363 [grpc-default-executor-2] INFO  leader.FollowerInfo (FollowerInfoImpl.java:lambda$new$0(48)) - omNode-1@group-523986131536->omNode-3: nextIndex: updateUnconditionally 0 -> 0
2022-10-18 21:56:08,363 [grpc-default-executor-1] WARN  server.GrpcLogAppender (LogUtils.java:warn(122)) - omNode-1@group-523986131536->omNode-3-InstallSnapshotResponseHandler: Failed InstallSnapshot: org.apache.ratis.thirdparty.io.grpc.StatusRuntimeException: UNAVAILABLE: io exception
2022-10-18 21:56:08,363 [grpc-default-executor-1] INFO  leader.FollowerInfo (FollowerInfoImpl.java:lambda$new$0(48)) - omNode-1@group-523986131536->omNode-3: nextIndex: updateUnconditionally 0 -> 0
2022-10-18 21:56:08,364 [omNode-1@group-523986131536->omNode-3-GrpcLogAppender-LogAppenderDaemon] INFO  server.GrpcLogAppender (GrpcLogAppender.java:installSnapshot(541)) - omNode-1@group-523986131536->omNode-3-GrpcLogAppender: followerNextIndex = 0 but logStartIndex = 59, notify follower to install snapshot-(t:5, i:59)
2022-10-18 21:56:08,364 [omNode-1@group-523986131536->omNode-3-GrpcLogAppender-LogAppenderDaemon] INFO  server.GrpcLogAppender (GrpcLogAppender.java:installSnapshot(549)) - omNode-1@group-523986131536->omNode-3-GrpcLogAppender: send omNode-1->omNode-3#0-t5,notify:(t:5, i:59)
2022-10-18 21:56:08,364 [grpc-default-executor-2] WARN  server.GrpcLogAppender (LogUtils.java:warn(122)) - omNode-1@group-523986131536->omNode-3-AppendLogResponseHandler: Failed appendEntries: org.apache.ratis.thirdparty.io.grpc.StatusRuntimeException: UNAVAILABLE: io exception
2022-10-18 21:56:08,364 [grpc-default-executor-2] INFO  leader.FollowerInfo (FollowerInfoImpl.java:lambda$new$0(48)) - omNode-1@group-523986131536->omNode-3: nextIndex: updateUnconditionally 0 -> 0
2022-10-18 21:56:08,364 [grpc-default-executor-1] WARN  server.GrpcLogAppender (LogUtils.java:warn(122)) - omNode-1@group-523986131536->omNode-3-InstallSnapshotResponseHandler: Failed InstallSnapshot: org.apache.ratis.thirdparty.io.grpc.StatusRuntimeException: UNAVAILABLE: io exception
2022-10-18 21:56:08,364 [grpc-default-executor-1] INFO  leader.FollowerInfo (FollowerInfoImpl.java:lambda$new$0(48)) - omNode-1@group-523986131536->omNode-3: nextIndex: updateUnconditionally 0 -> 0
2022-10-18 21:56:08,364 [omNode-1@group-523986131536->omNode-3-GrpcLogAppender-LogAppenderDaemon] INFO  server.GrpcLogAppender (GrpcLogAppender.java:installSnapshot(541)) - omNode-1@group-523986131536->omNode-3-GrpcLogAppender: followerNextIndex = 0 but logStartIndex = 59, notify follower to install snapshot-(t:5, i:59)
2022-10-18 21:56:08,365 [omNode-1@group-523986131536->omNode-3-GrpcLogAppender-LogAppenderDaemon] INFO  server.GrpcLogAppender (GrpcLogAppender.java:installSnapshot(549)) - omNode-1@group-523986131536->omNode-3-GrpcLogAppender: send omNode-1->omNode-3#0-t5,notify:(t:5, i:59)
2022-10-18 21:56:08,365 [grpc-default-executor-2] WARN  server.GrpcLogAppender (LogUtils.java:warn(122)) - omNode-1@group-523986131536->omNode-3-AppendLogResponseHandler: Failed appendEntries: org.apache.ratis.thirdparty.io.grpc.StatusRuntimeException: UNAVAILABLE: io exception
2022-10-18 21:56:08,365 [grpc-default-executor-2] INFO  leader.FollowerInfo (FollowerInfoImpl.java:lambda$new$0(48)) - omNode-1@group-523986131536->omNode-3: nextIndex: updateUnconditionally 0 -> 0
2022-10-18 21:56:08,365 [grpc-default-executor-1] WARN  server.GrpcLogAppender (LogUtils.java:warn(122)) - omNode-1@group-523986131536->omNode-3-InstallSnapshotResponseHandler: Failed InstallSnapshot: org.apache.ratis.thirdparty.io.grpc.StatusRuntimeException: UNAVAILABLE: io exception
2022-10-18 21:56:08,365 [grpc-default-executor-1] INFO  leader.FollowerInfo (FollowerInfoImpl.java:lambda$new$0(48)) - omNode-1@group-523986131536->omNode-3: nextIndex: updateUnconditionally 0 -> 0
2022-10-18 21:56:08,366 [omNode-1@group-523986131536->omNode-3-GrpcLogAppender-LogAppenderDaemon] INFO  server.GrpcLogAppender (GrpcLogAppender.java:installSnapshot(541)) - omNode-1@group-523986131536->omNode-3-GrpcLogAppender: followerNextIndex = 0 but logStartIndex = 59, notify follower to install snapshot-(t:5, i:59)
2022-10-18 21:56:08,366 [omNode-1@group-523986131536->omNode-3-GrpcLogAppender-LogAppenderDaemon] INFO  server.GrpcLogAppender (GrpcLogAppender.java:installSnapshot(549)) - omNode-1@group-523986131536->omNode-3-GrpcLogAppender: send omNode-1->omNode-3#0-t5,notify:(t:5, i:59)
2022-10-18 21:56:08,366 [grpc-default-executor-2] WARN  server.GrpcLogAppender (LogUtils.java:warn(122)) - omNode-1@group-523986131536->omNode-3-InstallSnapshotResponseHandler: Failed InstallSnapshot: org.apache.ratis.thirdparty.io.grpc.StatusRuntimeException: UNAVAILABLE: io exception
2022-10-18 21:56:08,366 [grpc-default-executor-2] INFO  leader.FollowerInfo (FollowerInfoImpl.java:lambda$new$0(48)) - omNode-1@group-523986131536->omNode-3: nextIndex: updateUnconditionally 0 -> 0
2022-10-18 21:56:08,366 [grpc-default-executor-2] WARN  server.GrpcLogAppender (LogUtils.java:warn(122)) - omNode-1@group-523986131536->omNode-3-AppendLogResponseHandler: Failed appendEntries: org.apache.ratis.thirdparty.io.grpc.StatusRuntimeException: UNAVAILABLE: io exception
2022-10-18 21:56:08,366 [grpc-default-executor-2] INFO  leader.FollowerInfo (FollowerInfoImpl.java:lambda$new$0(48)) - omNode-1@group-523986131536->omNode-3: nextIndex: updateUnconditionally 0 -> 0
2022-10-18 21:56:08,367 [omNode-1@group-523986131536->omNode-3-GrpcLogAppender-LogAppenderDaemon] INFO  server.GrpcLogAppender (GrpcLogAppender.java:installSnapshot(541)) - omNode-1@group-523986131536->omNode-3-GrpcLogAppender: followerNextIndex = 0 but logStartIndex = 59, notify follower to install snapshot-(t:5, i:59)
2022-10-18 21:56:08,367 [omNode-1@group-523986131536->omNode-3-GrpcLogAppender-LogAppenderDaemon] INFO  server.GrpcLogAppender (GrpcLogAppender.java:installSnapshot(549)) - omNode-1@group-523986131536->omNode-3-GrpcLogAppender: send omNode-1->omNode-3#0-t5,notify:(t:5, i:59)
2022-10-18 21:56:08,367 [grpc-default-executor-0] WARN  server.GrpcLogAppender (LogUtils.java:warn(122)) - omNode-1@group-523986131536->omNode-3-InstallSnapshotResponseHandler: Failed InstallSnapshot: org.apache.ratis.thirdparty.io.grpc.StatusRuntimeException: UNAVAILABLE: io exception
2022-10-18 21:56:08,367 [grpc-default-executor-0] INFO  leader.FollowerInfo (FollowerInfoImpl.java:lambda$new$0(48)) - omNode-1@group-523986131536->omNode-3: nextIndex: updateUnconditionally 0 -> 0
2022-10-18 21:56:08,368 [omNode-1@group-523986131536->omNode-3-GrpcLogAppender-LogAppenderDaemon] INFO  server.GrpcLogAppender (GrpcLogAppender.java:installSnapshot(541)) - omNode-1@group-523986131536->omNode-3-GrpcLogAppender: followerNextIndex = 0 but logStartIndex = 59, notify follower to install snapshot-(t:5, i:59)
2022-10-18 21:56:08,368 [omNode-1@group-523986131536->omNode-3-GrpcLogAppender-LogAppenderDaemon] INFO  server.GrpcLogAppender (GrpcLogAppender.java:installSnapshot(549)) - omNode-1@group-523986131536->omNode-3-GrpcLogAppender: send omNode-1->omNode-3#0-t5,notify:(t:5, i:59)
2022-10-18 21:56:08,368 [grpc-default-executor-1] WARN  server.GrpcLogAppender (LogUtils.java:warn(122)) - omNode-1@group-523986131536->omNode-3-AppendLogResponseHandler: Failed appendEntries: org.apache.ratis.thirdparty.io.grpc.StatusRuntimeException: UNAVAILABLE: io exception
2022-10-18 21:56:08,368 [grpc-default-executor-1] INFO  leader.FollowerInfo (FollowerInfoImpl.java:lambda$new$0(48)) - omNode-1@group-523986131536->omNode-3: nextIndex: updateUnconditionally 0 -> 0
2022-10-18 21:56:08,368 [grpc-default-executor-0] WARN  server.GrpcLogAppender (LogUtils.java:warn(122)) - omNode-1@group-523986131536->omNode-3-AppendLogResponseHandler: Failed appendEntries: org.apache.ratis.thirdparty.io.grpc.StatusRuntimeException: UNAVAILABLE: io exception
2022-10-18 21:56:08,369 [grpc-default-executor-0] INFO  leader.FollowerInfo (FollowerInfoImpl.java:lambda$new$0(48)) - omNode-1@group-523986131536->omNode-3: nextIndex: updateUnconditionally 0 -> 0
2022-10-18 21:56:08,368 [grpc-default-executor-3] WARN  server.GrpcLogAppender (LogUtils.java:warn(122)) - omNode-1@group-523986131536->omNode-3-InstallSnapshotResponseHandler: Failed InstallSnapshot: org.apache.ratis.thirdparty.io.grpc.StatusRuntimeException: UNAVAILABLE: io exception
2022-10-18 21:56:08,369 [grpc-default-executor-3] INFO  leader.FollowerInfo (FollowerInfoImpl.java:lambda$new$0(48)) - omNode-1@group-523986131536->omNode-3: nextIndex: updateUnconditionally 0 -> 0
2022-10-18 21:56:08,369 [omNode-1@group-523986131536->omNode-3-GrpcLogAppender-LogAppenderDaemon] INFO  server.GrpcLogAppender (GrpcLogAppender.java:installSnapshot(541)) - omNode-1@group-523986131536->omNode-3-GrpcLogAppender: followerNextIndex = 0 but logStartIndex = 59, notify follower to install snapshot-(t:5, i:59)
2022-10-18 21:56:08,369 [omNode-1@group-523986131536->omNode-3-GrpcLogAppender-LogAppenderDaemon] INFO  server.GrpcLogAppender (GrpcLogAppender.java:installSnapshot(549)) - omNode-1@group-523986131536->omNode-3-GrpcLogAppender: send omNode-1->omNode-3#0-t5,notify:(t:5, i:59)
2022-10-18 21:56:08,370 [grpc-default-executor-0] WARN  server.GrpcLogAppender (LogUtils.java:warn(122)) - omNode-1@group-523986131536->omNode-3-InstallSnapshotResponseHandler: Failed InstallSnapshot: org.apache.ratis.thirdparty.io.grpc.StatusRuntimeException: UNAVAILABLE: io exception
2022-10-18 21:56:08,370 [grpc-default-executor-0] INFO  leader.FollowerInfo (FollowerInfoImpl.java:lambda$new$0(48)) - omNode-1@group-523986131536->omNode-3: nextIndex: updateUnconditionally 0 -> 0
2022-10-18 21:56:08,370 [omNode-1@group-523986131536->omNode-3-GrpcLogAppender-LogAppenderDaemon] INFO  server.GrpcLogAppender (GrpcLogAppender.java:installSnapshot(541)) - omNode-1@group-523986131536->omNode-3-GrpcLogAppender: followerNextIndex = 0 but logStartIndex = 59, notify follower to install snapshot-(t:5, i:59)
2022-10-18 21:56:08,370 [omNode-1@group-523986131536->omNode-3-GrpcLogAppender-LogAppenderDaemon] INFO  server.GrpcLogAppender (GrpcLogAppender.java:installSnapshot(549)) - omNode-1@group-523986131536->omNode-3-GrpcLogAppender: send omNode-1->omNode-3#0-t5,notify:(t:5, i:59)
2022-10-18 21:56:08,370 [grpc-default-executor-0] WARN  server.GrpcLogAppender (LogUtils.java:warn(122)) - omNode-1@group-523986131536->omNode-3-AppendLogResponseHandler: Failed appendEntries: org.apache.ratis.thirdparty.io.grpc.StatusRuntimeException: UNAVAILABLE: io exception
2022-10-18 21:56:08,371 [grpc-default-executor-0] INFO  leader.FollowerInfo (FollowerInfoImpl.java:lambda$new$0(48)) - omNode-1@group-523986131536->omNode-3: nextIndex: updateUnconditionally 0 -> 0
2022-10-18 21:56:08,371 [grpc-default-executor-2] WARN  server.GrpcLogAppender (LogUtils.java:warn(122)) - omNode-1@group-523986131536->omNode-3-AppendLogResponseHandler: Failed appendEntries: org.apache.ratis.thirdparty.io.grpc.StatusRuntimeException: UNAVAILABLE: io exception
2022-10-18 21:56:08,371 [grpc-default-executor-2] INFO  leader.FollowerInfo (FollowerInfoImpl.java:lambda$new$0(48)) - omNode-1@group-523986131536->omNode-3: nextIndex: updateUnconditionally 0 -> 0
2022-10-18 21:56:08,371 [grpc-default-executor-2] WARN  server.GrpcLogAppender (LogUtils.java:warn(122)) - omNode-1@group-523986131536->omNode-3-InstallSnapshotResponseHandler: Failed InstallSnapshot: org.apache.ratis.thirdparty.io.grpc.StatusRuntimeException: UNAVAILABLE: io exception
2022-10-18 21:56:08,371 [grpc-default-executor-2] INFO  leader.FollowerInfo (FollowerInfoImpl.java:lambda$new$0(48)) - omNode-1@group-523986131536->omNode-3: nextIndex: updateUnconditionally 0 -> 0
2022-10-18 21:56:08,371 [omNode-1@group-523986131536->omNode-3-GrpcLogAppender-LogAppenderDaemon] INFO  server.GrpcLogAppender (GrpcLogAppender.java:installSnapshot(541)) - omNode-1@group-523986131536->omNode-3-GrpcLogAppender: followerNextIndex = 0 but logStartIndex = 59, notify follower to install snapshot-(t:5, i:59)
2022-10-18 21:56:08,371 [omNode-1@group-523986131536->omNode-3-GrpcLogAppender-LogAppenderDaemon] INFO  server.GrpcLogAppender (GrpcLogAppender.java:installSnapshot(549)) - omNode-1@group-523986131536->omNode-3-GrpcLogAppender: send omNode-1->omNode-3#0-t5,notify:(t:5, i:59)
2022-10-18 21:56:08,371 [grpc-default-executor-3] WARN  server.GrpcLogAppender (LogUtils.java:warn(122)) - omNode-1@group-523986131536->omNode-3-InstallSnapshotResponseHandler: Failed InstallSnapshot: org.apache.ratis.thirdparty.io.grpc.StatusRuntimeException: UNAVAILABLE: io exception
2022-10-18 21:56:08,372 [grpc-default-executor-3] INFO  leader.FollowerInfo (FollowerInfoImpl.java:lambda$new$0(48)) - omNode-1@group-523986131536->omNode-3: nextIndex: updateUnconditionally 0 -> 0
2022-10-18 21:56:08,372 [omNode-1@group-523986131536->omNode-3-GrpcLogAppender-LogAppenderDaemon] INFO  server.GrpcLogAppender (GrpcLogAppender.java:installSnapshot(541)) - omNode-1@group-523986131536->omNode-3-GrpcLogAppender: followerNextIndex = 0 but logStartIndex = 59, notify follower to install snapshot-(t:5, i:59)
2022-10-18 21:56:08,372 [omNode-1@group-523986131536->omNode-3-GrpcLogAppender-LogAppenderDaemon] INFO  server.GrpcLogAppender (GrpcLogAppender.java:installSnapshot(549)) - omNode-1@group-523986131536->omNode-3-GrpcLogAppender: send omNode-1->omNode-3#0-t5,notify:(t:5, i:59)
2022-10-18 21:56:08,372 [grpc-default-executor-0] WARN  server.GrpcLogAppender (LogUtils.java:warn(122)) - omNode-1@group-523986131536->omNode-3-AppendLogResponseHandler: Failed appendEntries: org.apache.ratis.thirdparty.io.grpc.StatusRuntimeException: UNAVAILABLE: io exception
2022-10-18 21:56:08,372 [grpc-default-executor-0] INFO  leader.FollowerInfo (FollowerInfoImpl.java:lambda$new$0(48)) - omNode-1@group-523986131536->omNode-3: nextIndex: updateUnconditionally 0 -> 0
2022-10-18 21:56:08,372 [grpc-default-executor-1] WARN  server.GrpcLogAppender (LogUtils.java:warn(122)) - omNode-1@group-523986131536->omNode-3-AppendLogResponseHandler: Failed appendEntries: org.apache.ratis.thirdparty.io.grpc.StatusRuntimeException: UNAVAILABLE: io exception
2022-10-18 21:56:08,372 [grpc-default-executor-0] WARN  server.GrpcLogAppender (LogUtils.java:warn(122)) - omNode-1@group-523986131536->omNode-3-InstallSnapshotResponseHandler: Failed InstallSnapshot: org.apache.ratis.thirdparty.io.grpc.StatusRuntimeException: UNAVAILABLE: io exception
2022-10-18 21:56:08,373 [grpc-default-executor-0] INFO  leader.FollowerInfo (FollowerInfoImpl.java:lambda$new$0(48)) - omNode-1@group-523986131536->omNode-3: nextIndex: updateUnconditionally 0 -> 0
2022-10-18 21:56:08,373 [omNode-1@group-523986131536->omNode-3-GrpcLogAppender-LogAppenderDaemon] INFO  server.GrpcLogAppender (GrpcLogAppender.java:installSnapshot(541)) - omNode-1@group-523986131536->omNode-3-GrpcLogAppender: followerNextIndex = 0 but logStartIndex = 59, notify follower to install snapshot-(t:5, i:59)
2022-10-18 21:56:08,373 [omNode-1@group-523986131536->omNode-3-GrpcLogAppender-LogAppenderDaemon] INFO  server.GrpcLogAppender (GrpcLogAppender.java:installSnapshot(549)) - omNode-1@group-523986131536->omNode-3-GrpcLogAppender: send omNode-1->omNode-3#0-t5,notify:(t:5, i:59)
2022-10-18 21:56:08,373 [grpc-default-executor-1] INFO  leader.FollowerInfo (FollowerInfoImpl.java:lambda$new$0(48)) - omNode-1@group-523986131536->omNode-3: nextIndex: updateUnconditionally 0 -> 0
2022-10-18 21:56:08,373 [grpc-default-executor-3] WARN  server.GrpcLogAppender (LogUtils.java:warn(122)) - omNode-1@group-523986131536->omNode-3-AppendLogResponseHandler: Failed appendEntries: org.apache.ratis.thirdparty.io.grpc.StatusRuntimeException: UNAVAILABLE: io exception
2022-10-18 21:56:08,373 [grpc-default-executor-1] WARN  server.GrpcLogAppender (LogUtils.java:warn(122)) - omNode-1@group-523986131536->omNode-3-InstallSnapshotResponseHandler: Failed InstallSnapshot: org.apache.ratis.thirdparty.io.grpc.StatusRuntimeException: UNAVAILABLE: io exception
2022-10-18 21:56:08,373 [grpc-default-executor-3] INFO  leader.FollowerInfo (FollowerInfoImpl.java:lambda$new$0(48)) - omNode-1@group-523986131536->omNode-3: nextIndex: updateUnconditionally 0 -> 0
2022-10-18 21:56:08,374 [grpc-default-executor-1] INFO  leader.FollowerInfo (FollowerInfoImpl.java:lambda$new$0(48)) - omNode-1@group-523986131536->omNode-3: nextIndex: updateUnconditionally 0 -> 0
2022-10-18 21:56:08,374 [omNode-1@group-523986131536->omNode-3-GrpcLogAppender-LogAppenderDaemon] INFO  server.GrpcLogAppender (GrpcLogAppender.java:installSnapshot(541)) - omNode-1@group-523986131536->omNode-3-GrpcLogAppender: followerNextIndex = 0 but logStartIndex = 59, notify follower to install snapshot-(t:5, i:59)
2022-10-18 21:56:08,374 [omNode-1@group-523986131536->omNode-3-GrpcLogAppender-LogAppenderDaemon] INFO  server.GrpcLogAppender (GrpcLogAppender.java:installSnapshot(549)) - omNode-1@group-523986131536->omNode-3-GrpcLogAppender: send omNode-1->omNode-3#0-t5,notify:(t:5, i:59)
2022-10-18 21:56:08,374 [grpc-default-executor-3] WARN  server.GrpcLogAppender (LogUtils.java:warn(122)) - omNode-1@group-523986131536->omNode-3-InstallSnapshotResponseHandler: Failed InstallSnapshot: org.apache.ratis.thirdparty.io.grpc.StatusRuntimeException: UNAVAILABLE: io exception
2022-10-18 21:56:08,375 [grpc-default-executor-3] INFO  leader.FollowerInfo (FollowerInfoImpl.java:lambda$new$0(48)) - omNode-1@group-523986131536->omNode-3: nextIndex: updateUnconditionally 0 -> 0
2022-10-18 21:56:08,374 [grpc-default-executor-0] WARN  server.GrpcLogAppender (LogUtils.java:warn(122)) - omNode-1@group-523986131536->omNode-3-AppendLogResponseHandler: Failed appendEntries: org.apache.ratis.thirdparty.io.grpc.StatusRuntimeException: UNAVAILABLE: io exception
2022-10-18 21:56:08,375 [grpc-default-executor-0] INFO  leader.FollowerInfo (FollowerInfoImpl.java:lambda$new$0(48)) - omNode-1@group-523986131536->omNode-3: nextIndex: updateUnconditionally 0 -> 0
2022-10-18 21:56:08,375 [omNode-1@group-523986131536->omNode-3-GrpcLogAppender-LogAppenderDaemon] INFO  server.GrpcLogAppender (GrpcLogAppender.java:installSnapshot(541)) - omNode-1@group-523986131536->omNode-3-GrpcLogAppender: followerNextIndex = 0 but logStartIndex = 59, notify follower to install snapshot-(t:5, i:59)
2022-10-18 21:56:08,375 [omNode-1@group-523986131536->omNode-3-GrpcLogAppender-LogAppenderDaemon] INFO  server.GrpcLogAppender (GrpcLogAppender.java:installSnapshot(549)) - omNode-1@group-523986131536->omNode-3-GrpcLogAppender: send omNode-1->omNode-3#0-t5,notify:(t:5, i:59)
2022-10-18 21:56:08,375 [grpc-default-executor-3] WARN  server.GrpcLogAppender (LogUtils.java:warn(122)) - omNode-1@group-523986131536->omNode-3-AppendLogResponseHandler: Failed appendEntries: org.apache.ratis.thirdparty.io.grpc.StatusRuntimeException: UNAVAILABLE: io exception
2022-10-18 21:56:08,375 [grpc-default-executor-0] WARN  server.GrpcLogAppender (LogUtils.java:warn(122)) - omNode-1@group-523986131536->omNode-3-InstallSnapshotResponseHandler: Failed InstallSnapshot: org.apache.ratis.thirdparty.io.grpc.StatusRuntimeException: UNAVAILABLE: io exception
2022-10-18 21:56:08,376 [grpc-default-executor-3] INFO  leader.FollowerInfo (FollowerInfoImpl.java:lambda$new$0(48)) - omNode-1@group-523986131536->omNode-3: nextIndex: updateUnconditionally 0 -> 0
2022-10-18 21:56:08,376 [grpc-default-executor-0] INFO  leader.FollowerInfo (FollowerInfoImpl.java:lambda$new$0(48)) - omNode-1@group-523986131536->omNode-3: nextIndex: updateUnconditionally 0 -> 0
2022-10-18 21:56:08,376 [omNode-1@group-523986131536->omNode-3-GrpcLogAppender-LogAppenderDaemon] INFO  server.GrpcLogAppender (GrpcLogAppender.java:installSnapshot(541)) - omNode-1@group-523986131536->omNode-3-GrpcLogAppender: followerNextIndex = 0 but logStartIndex = 59, notify follower to install snapshot-(t:5, i:59)
2022-10-18 21:56:08,376 [omNode-1@group-523986131536->omNode-3-GrpcLogAppender-LogAppenderDaemon] INFO  server.GrpcLogAppender (GrpcLogAppender.java:installSnapshot(549)) - omNode-1@group-523986131536->omNode-3-GrpcLogAppender: send omNode-1->omNode-3#0-t5,notify:(t:5, i:59)
2022-10-18 21:56:08,376 [grpc-default-executor-3] WARN  server.GrpcLogAppender (LogUtils.java:warn(122)) - omNode-1@group-523986131536->omNode-3-InstallSnapshotResponseHandler: Failed InstallSnapshot: org.apache.ratis.thirdparty.io.grpc.StatusRuntimeException: UNAVAILABLE: io exception
2022-10-18 21:56:08,376 [grpc-default-executor-0] WARN  server.GrpcLogAppender (LogUtils.java:warn(122)) - omNode-1@group-523986131536->omNode-3-AppendLogResponseHandler: Failed appendEntries: org.apache.ratis.thirdparty.io.grpc.StatusRuntimeException: UNAVAILABLE: io exception
2022-10-18 21:56:08,377 [grpc-default-executor-3] INFO  leader.FollowerInfo (FollowerInfoImpl.java:lambda$new$0(48)) - omNode-1@group-523986131536->omNode-3: nextIndex: updateUnconditionally 0 -> 0
2022-10-18 21:56:08,377 [grpc-default-executor-0] INFO  leader.FollowerInfo (FollowerInfoImpl.java:lambda$new$0(48)) - omNode-1@group-523986131536->omNode-3: nextIndex: updateUnconditionally 0 -> 0
2022-10-18 21:56:08,378 [omNode-1@group-523986131536->omNode-3-GrpcLogAppender-LogAppenderDaemon] INFO  server.GrpcLogAppender (GrpcLogAppender.java:installSnapshot(541)) - omNode-1@group-523986131536->omNode-3-GrpcLogAppender: followerNextIndex = 0 but logStartIndex = 59, notify follower to install snapshot-(t:5, i:59)
2022-10-18 21:56:08,378 [omNode-1@group-523986131536->omNode-3-GrpcLogAppender-LogAppenderDaemon] INFO  server.GrpcLogAppender (GrpcLogAppender.java:installSnapshot(549)) - omNode-1@group-523986131536->omNode-3-GrpcLogAppender: send omNode-1->omNode-3#0-t5,notify:(t:5, i:59)
2022-10-18 21:56:08,378 [grpc-default-executor-0] WARN  server.GrpcLogAppender (LogUtils.java:warn(122)) - omNode-1@group-523986131536->omNode-3-InstallSnapshotResponseHandler: Failed InstallSnapshot: org.apache.ratis.thirdparty.io.grpc.StatusRuntimeException: UNAVAILABLE: io exception
2022-10-18 21:56:08,378 [grpc-default-executor-0] INFO  leader.FollowerInfo (FollowerInfoImpl.java:lambda$new$0(48)) - omNode-1@group-523986131536->omNode-3: nextIndex: updateUnconditionally 0 -> 0
2022-10-18 21:56:08,379 [omNode-1@group-523986131536->omNode-3-GrpcLogAppender-LogAppenderDaemon] INFO  server.GrpcLogAppender (GrpcLogAppender.java:installSnapshot(541)) - omNode-1@group-523986131536->omNode-3-GrpcLogAppender: followerNextIndex = 0 but logStartIndex = 59, notify follower to install snapshot-(t:5, i:59)
2022-10-18 21:56:08,379 [omNode-1@group-523986131536->omNode-3-GrpcLogAppender-LogAppenderDaemon] INFO  server.GrpcLogAppender (GrpcLogAppender.java:installSnapshot(549)) - omNode-1@group-523986131536->omNode-3-GrpcLogAppender: send omNode-1->omNode-3#0-t5,notify:(t:5, i:59)
2022-10-18 21:56:08,379 [grpc-default-executor-1] WARN  server.GrpcLogAppender (LogUtils.java:warn(122)) - omNode-1@group-523986131536->omNode-3-AppendLogResponseHandler: Failed appendEntries: org.apache.ratis.thirdparty.io.grpc.StatusRuntimeException: UNAVAILABLE: io exception
2022-10-18 21:56:08,379 [grpc-default-executor-1] INFO  leader.FollowerInfo (FollowerInfoImpl.java:lambda$new$0(48)) - omNode-1@group-523986131536->omNode-3: nextIndex: updateUnconditionally 0 -> 0
2022-10-18 21:56:08,379 [grpc-default-executor-0] WARN  server.GrpcLogAppender (LogUtils.java:warn(122)) - omNode-1@group-523986131536->omNode-3-AppendLogResponseHandler: Failed appendEntries: org.apache.ratis.thirdparty.io.grpc.StatusRuntimeException: UNAVAILABLE: io exception
2022-10-18 21:56:08,379 [grpc-default-executor-0] INFO  leader.FollowerInfo (FollowerInfoImpl.java:lambda$new$0(48)) - omNode-1@group-523986131536->omNode-3: nextIndex: updateUnconditionally 0 -> 0
2022-10-18 21:56:08,379 [grpc-default-executor-1] WARN  server.GrpcLogAppender (LogUtils.java:warn(122)) - omNode-1@group-523986131536->omNode-3-InstallSnapshotResponseHandler: Failed InstallSnapshot: org.apache.ratis.thirdparty.io.grpc.StatusRuntimeException: UNAVAILABLE: io exception
2022-10-18 21:56:08,379 [grpc-default-executor-1] INFO  leader.FollowerInfo (FollowerInfoImpl.java:lambda$new$0(48)) - omNode-1@group-523986131536->omNode-3: nextIndex: updateUnconditionally 0 -> 0
2022-10-18 21:56:08,380 [grpc-default-executor-1] WARN  server.GrpcLogAppender (LogUtils.java:warn(122)) - omNode-1@group-523986131536->omNode-3-AppendLogResponseHandler: Failed appendEntries: org.apache.ratis.thirdparty.io.grpc.StatusRuntimeException: UNAVAILABLE: io exception
2022-10-18 21:56:08,380 [omNode-1@group-523986131536->omNode-3-GrpcLogAppender-LogAppenderDaemon] INFO  server.GrpcLogAppender (GrpcLogAppender.java:installSnapshot(541)) - omNode-1@group-523986131536->omNode-3-GrpcLogAppender: followerNextIndex = 0 but logStartIndex = 59, notify follower to install snapshot-(t:5, i:59)
2022-10-18 21:56:08,380 [grpc-default-executor-1] INFO  leader.FollowerInfo (FollowerInfoImpl.java:lambda$new$0(48)) - omNode-1@group-523986131536->omNode-3: nextIndex: updateUnconditionally 0 -> 0
2022-10-18 21:56:08,380 [omNode-1@group-523986131536->omNode-3-GrpcLogAppender-LogAppenderDaemon] INFO  server.GrpcLogAppender (GrpcLogAppender.java:installSnapshot(549)) - omNode-1@group-523986131536->omNode-3-GrpcLogAppender: send omNode-1->omNode-3#0-t5,notify:(t:5, i:59)
2022-10-18 21:56:08,380 [grpc-default-executor-1] WARN  server.GrpcLogAppender (LogUtils.java:warn(122)) - omNode-1@group-523986131536->omNode-3-InstallSnapshotResponseHandler: Failed InstallSnapshot: org.apache.ratis.thirdparty.io.grpc.StatusRuntimeException: UNAVAILABLE: io exception
2022-10-18 21:56:08,380 [grpc-default-executor-1] INFO  leader.FollowerInfo (FollowerInfoImpl.java:lambda$new$0(48)) - omNode-1@group-523986131536->omNode-3: nextIndex: updateUnconditionally 0 -> 0
2022-10-18 21:56:08,380 [omNode-1@group-523986131536->omNode-3-GrpcLogAppender-LogAppenderDaemon] INFO  server.GrpcLogAppender (GrpcLogAppender.java:installSnapshot(541)) - omNode-1@group-523986131536->omNode-3-GrpcLogAppender: followerNextIndex = 0 but logStartIndex = 59, notify follower to install snapshot-(t:5, i:59)
2022-10-18 21:56:08,380 [omNode-1@group-523986131536->omNode-3-GrpcLogAppender-LogAppenderDaemon] INFO  server.GrpcLogAppender (GrpcLogAppender.java:installSnapshot(549)) - omNode-1@group-523986131536->omNode-3-GrpcLogAppender: send omNode-1->omNode-3#0-t5,notify:(t:5, i:59)
2022-10-18 21:56:08,382 [grpc-default-executor-3] WARN  server.GrpcLogAppender (LogUtils.java:warn(122)) - omNode-1@group-523986131536->omNode-3-InstallSnapshotResponseHandler: Failed InstallSnapshot: org.apache.ratis.thirdparty.io.grpc.StatusRuntimeException: UNAVAILABLE: io exception
2022-10-18 21:56:08,382 [grpc-default-executor-0] WARN  server.GrpcLogAppender (LogUtils.java:warn(122)) - omNode-1@group-523986131536->omNode-3-AppendLogResponseHandler: Failed appendEntries: org.apache.ratis.thirdparty.io.grpc.StatusRuntimeException: UNAVAILABLE: io exception
2022-10-18 21:56:08,383 [grpc-default-executor-3] INFO  leader.FollowerInfo (FollowerInfoImpl.java:lambda$new$0(48)) - omNode-1@group-523986131536->omNode-3: nextIndex: updateUnconditionally 0 -> 0
2022-10-18 21:56:08,383 [grpc-default-executor-0] INFO  leader.FollowerInfo (FollowerInfoImpl.java:lambda$new$0(48)) - omNode-1@group-523986131536->omNode-3: nextIndex: updateUnconditionally 0 -> 0
2022-10-18 21:56:08,383 [omNode-1@group-523986131536->omNode-3-GrpcLogAppender-LogAppenderDaemon] INFO  server.GrpcLogAppender (GrpcLogAppender.java:installSnapshot(541)) - omNode-1@group-523986131536->omNode-3-GrpcLogAppender: followerNextIndex = 0 but logStartIndex = 59, notify follower to install snapshot-(t:5, i:59)
2022-10-18 21:56:08,383 [omNode-1@group-523986131536->omNode-3-GrpcLogAppender-LogAppenderDaemon] INFO  server.GrpcLogAppender (GrpcLogAppender.java:installSnapshot(549)) - omNode-1@group-523986131536->omNode-3-GrpcLogAppender: send omNode-1->omNode-3#0-t5,notify:(t:5, i:59)
2022-10-18 21:56:08,383 [grpc-default-executor-2] WARN  server.GrpcLogAppender (LogUtils.java:warn(122)) - omNode-1@group-523986131536->omNode-3-AppendLogResponseHandler: Failed appendEntries: org.apache.ratis.thirdparty.io.grpc.StatusRuntimeException: UNAVAILABLE: io exception
2022-10-18 21:56:08,384 [grpc-default-executor-2] INFO  leader.FollowerInfo (FollowerInfoImpl.java:lambda$new$0(48)) - omNode-1@group-523986131536->omNode-3: nextIndex: updateUnconditionally 0 -> 0
2022-10-18 21:56:08,384 [grpc-default-executor-1] WARN  server.GrpcLogAppender (LogUtils.java:warn(122)) - omNode-1@group-523986131536->omNode-3-InstallSnapshotResponseHandler: Failed InstallSnapshot: org.apache.ratis.thirdparty.io.grpc.StatusRuntimeException: UNAVAILABLE: io exception
2022-10-18 21:56:08,384 [grpc-default-executor-1] INFO  leader.FollowerInfo (FollowerInfoImpl.java:lambda$new$0(48)) - omNode-1@group-523986131536->omNode-3: nextIndex: updateUnconditionally 0 -> 0
2022-10-18 21:56:08,384 [omNode-1@group-523986131536->omNode-3-GrpcLogAppender-LogAppenderDaemon] INFO  server.GrpcLogAppender (GrpcLogAppender.java:installSnapshot(541)) - omNode-1@group-523986131536->omNode-3-GrpcLogAppender: followerNextIndex = 0 but logStartIndex = 59, notify follower to install snapshot-(t:5, i:59)
2022-10-18 21:56:08,384 [omNode-1@group-523986131536->omNode-3-GrpcLogAppender-LogAppenderDaemon] INFO  server.GrpcLogAppender (GrpcLogAppender.java:installSnapshot(549)) - omNode-1@group-523986131536->omNode-3-GrpcLogAppender: send omNode-1->omNode-3#0-t5,notify:(t:5, i:59)
2022-10-18 21:56:08,385 [grpc-default-executor-2] WARN  server.GrpcLogAppender (LogUtils.java:warn(122)) - omNode-1@group-523986131536->omNode-3-AppendLogResponseHandler: Failed appendEntries: org.apache.ratis.thirdparty.io.grpc.StatusRuntimeException: UNAVAILABLE: io exception
2022-10-18 21:56:08,385 [grpc-default-executor-2] INFO  leader.FollowerInfo (FollowerInfoImpl.java:lambda$new$0(48)) - omNode-1@group-523986131536->omNode-3: nextIndex: updateUnconditionally 0 -> 0
2022-10-18 21:56:08,385 [grpc-default-executor-0] WARN  server.GrpcLogAppender (LogUtils.java:warn(122)) - omNode-1@group-523986131536->omNode-3-InstallSnapshotResponseHandler: Failed InstallSnapshot: org.apache.ratis.thirdparty.io.grpc.StatusRuntimeException: UNAVAILABLE: io exception
2022-10-18 21:56:08,385 [grpc-default-executor-0] INFO  leader.FollowerInfo (FollowerInfoImpl.java:lambda$new$0(48)) - omNode-1@group-523986131536->omNode-3: nextIndex: updateUnconditionally 0 -> 0
2022-10-18 21:56:08,385 [omNode-1@group-523986131536->omNode-3-GrpcLogAppender-LogAppenderDaemon] INFO  server.GrpcLogAppender (GrpcLogAppender.java:installSnapshot(541)) - omNode-1@group-523986131536->omNode-3-GrpcLogAppender: followerNextIndex = 0 but logStartIndex = 59, notify follower to install snapshot-(t:5, i:59)
2022-10-18 21:56:08,385 [omNode-1@group-523986131536->omNode-3-GrpcLogAppender-LogAppenderDaemon] INFO  server.GrpcLogAppender (GrpcLogAppender.java:installSnapshot(549)) - omNode-1@group-523986131536->omNode-3-GrpcLogAppender: send omNode-1->omNode-3#0-t5,notify:(t:5, i:59)
2022-10-18 21:56:08,385 [grpc-default-executor-0] WARN  server.GrpcLogAppender (LogUtils.java:warn(122)) - omNode-1@group-523986131536->omNode-3-AppendLogResponseHandler: Failed appendEntries: org.apache.ratis.thirdparty.io.grpc.StatusRuntimeException: UNAVAILABLE: io exception
2022-10-18 21:56:08,385 [grpc-default-executor-0] INFO  leader.FollowerInfo (FollowerInfoImpl.java:lambda$new$0(48)) - omNode-1@group-523986131536->omNode-3: nextIndex: updateUnconditionally 0 -> 0
2022-10-18 21:56:08,386 [grpc-default-executor-2] WARN  server.GrpcLogAppender (LogUtils.java:warn(122)) - omNode-1@group-523986131536->omNode-3-InstallSnapshotResponseHandler: Failed InstallSnapshot: org.apache.ratis.thirdparty.io.grpc.StatusRuntimeException: UNAVAILABLE: io exception
2022-10-18 21:56:08,386 [grpc-default-executor-2] INFO  leader.FollowerInfo (FollowerInfoImpl.java:lambda$new$0(48)) - omNode-1@group-523986131536->omNode-3: nextIndex: updateUnconditionally 0 -> 0
2022-10-18 21:56:08,386 [omNode-1@group-523986131536->omNode-3-GrpcLogAppender-LogAppenderDaemon] INFO  server.GrpcLogAppender (GrpcLogAppender.java:installSnapshot(541)) - omNode-1@group-523986131536->omNode-3-GrpcLogAppender: followerNextIndex = 0 but logStartIndex = 59, notify follower to install snapshot-(t:5, i:59)
2022-10-18 21:56:08,386 [omNode-1@group-523986131536->omNode-3-GrpcLogAppender-LogAppenderDaemon] INFO  server.GrpcLogAppender (GrpcLogAppender.java:installSnapshot(549)) - omNode-1@group-523986131536->omNode-3-GrpcLogAppender: send omNode-1->omNode-3#0-t5,notify:(t:5, i:59)
2022-10-18 21:56:08,386 [grpc-default-executor-2] WARN  server.GrpcLogAppender (LogUtils.java:warn(122)) - omNode-1@group-523986131536->omNode-3-AppendLogResponseHandler: Failed appendEntries: org.apache.ratis.thirdparty.io.grpc.StatusRuntimeException: UNAVAILABLE: io exception
2022-10-18 21:56:08,386 [grpc-default-executor-2] INFO  leader.FollowerInfo (FollowerInfoImpl.java:lambda$new$0(48)) - omNode-1@group-523986131536->omNode-3: nextIndex: updateUnconditionally 0 -> 0
2022-10-18 21:56:08,386 [grpc-default-executor-0] WARN  server.GrpcLogAppender (LogUtils.java:warn(122)) - omNode-1@group-523986131536->omNode-3-InstallSnapshotResponseHandler: Failed InstallSnapshot: org.apache.ratis.thirdparty.io.grpc.StatusRuntimeException: UNAVAILABLE: io exception
2022-10-18 21:56:08,386 [grpc-default-executor-0] INFO  leader.FollowerInfo (FollowerInfoImpl.java:lambda$new$0(48)) - omNode-1@group-523986131536->omNode-3: nextIndex: updateUnconditionally 0 -> 0
2022-10-18 21:56:08,386 [omNode-1@group-523986131536->omNode-3-GrpcLogAppender-LogAppenderDaemon] INFO  server.GrpcLogAppender (GrpcLogAppender.java:installSnapshot(541)) - omNode-1@group-523986131536->omNode-3-GrpcLogAppender: followerNextIndex = 0 but logStartIndex = 59, notify follower to install snapshot-(t:5, i:59)
2022-10-18 21:56:08,387 [omNode-1@group-523986131536->omNode-3-GrpcLogAppender-LogAppenderDaemon] INFO  server.GrpcLogAppender (GrpcLogAppender.java:installSnapshot(549)) - omNode-1@group-523986131536->omNode-3-GrpcLogAppender: send omNode-1->omNode-3#0-t5,notify:(t:5, i:59)
2022-10-18 21:56:08,387 [grpc-default-executor-2] WARN  server.GrpcLogAppender (LogUtils.java:warn(122)) - omNode-1@group-523986131536->omNode-3-InstallSnapshotResponseHandler: Failed InstallSnapshot: org.apache.ratis.thirdparty.io.grpc.StatusRuntimeException: UNAVAILABLE: io exception
2022-10-18 21:56:08,387 [grpc-default-executor-2] INFO  leader.FollowerInfo (FollowerInfoImpl.java:lambda$new$0(48)) - omNode-1@group-523986131536->omNode-3: nextIndex: updateUnconditionally 0 -> 0
2022-10-18 21:56:08,387 [grpc-default-executor-0] WARN  server.GrpcLogAppender (LogUtils.java:warn(122)) - omNode-1@group-523986131536->omNode-3-AppendLogResponseHandler: Failed appendEntries: org.apache.ratis.thirdparty.io.grpc.StatusRuntimeException: UNAVAILABLE: io exception
2022-10-18 21:56:08,387 [grpc-default-executor-0] INFO  leader.FollowerInfo (FollowerInfoImpl.java:lambda$new$0(48)) - omNode-1@group-523986131536->omNode-3: nextIndex: updateUnconditionally 0 -> 0
2022-10-18 21:56:08,387 [omNode-1@group-523986131536->omNode-3-GrpcLogAppender-LogAppenderDaemon] INFO  server.GrpcLogAppender (GrpcLogAppender.java:installSnapshot(541)) - omNode-1@group-523986131536->omNode-3-GrpcLogAppender: followerNextIndex = 0 but logStartIndex = 59, notify follower to install snapshot-(t:5, i:59)
2022-10-18 21:56:08,387 [omNode-1@group-523986131536->omNode-3-GrpcLogAppender-LogAppenderDaemon] INFO  server.GrpcLogAppender (GrpcLogAppender.java:installSnapshot(549)) - omNode-1@group-523986131536->omNode-3-GrpcLogAppender: send omNode-1->omNode-3#0-t5,notify:(t:5, i:59)
2022-10-18 21:56:08,387 [grpc-default-executor-2] WARN  server.GrpcLogAppender (LogUtils.java:warn(122)) - omNode-1@group-523986131536->omNode-3-InstallSnapshotResponseHandler: Failed InstallSnapshot: org.apache.ratis.thirdparty.io.grpc.StatusRuntimeException: UNAVAILABLE: io exception
2022-10-18 21:56:08,387 [grpc-default-executor-2] INFO  leader.FollowerInfo (FollowerInfoImpl.java:lambda$new$0(48)) - omNode-1@group-523986131536->omNode-3: nextIndex: updateUnconditionally 0 -> 0
2022-10-18 21:56:08,387 [grpc-default-executor-0] WARN  server.GrpcLogAppender (LogUtils.java:warn(122)) - omNode-1@group-523986131536->omNode-3-AppendLogResponseHandler: Failed appendEntries: org.apache.ratis.thirdparty.io.grpc.StatusRuntimeException: UNAVAILABLE: io exception
2022-10-18 21:56:08,387 [grpc-default-executor-0] INFO  leader.FollowerInfo (FollowerInfoImpl.java:lambda$new$0(48)) - omNode-1@group-523986131536->omNode-3: nextIndex: updateUnconditionally 0 -> 0
2022-10-18 21:56:08,388 [omNode-1@group-523986131536->omNode-3-GrpcLogAppender-LogAppenderDaemon] INFO  server.GrpcLogAppender (GrpcLogAppender.java:installSnapshot(541)) - omNode-1@group-523986131536->omNode-3-GrpcLogAppender: followerNextIndex = 0 but logStartIndex = 59, notify follower to install snapshot-(t:5, i:59)
2022-10-18 21:56:08,388 [omNode-1@group-523986131536->omNode-3-GrpcLogAppender-LogAppenderDaemon] INFO  server.GrpcLogAppender (GrpcLogAppender.java:installSnapshot(549)) - omNode-1@group-523986131536->omNode-3-GrpcLogAppender: send omNode-1->omNode-3#0-t5,notify:(t:5, i:59)
2022-10-18 21:56:08,388 [grpc-default-executor-2] WARN  server.GrpcLogAppender (LogUtils.java:warn(122)) - omNode-1@group-523986131536->omNode-3-InstallSnapshotResponseHandler: Failed InstallSnapshot: org.apache.ratis.thirdparty.io.grpc.StatusRuntimeException: UNAVAILABLE: io exception
2022-10-18 21:56:08,388 [grpc-default-executor-2] INFO  leader.FollowerInfo (FollowerInfoImpl.java:lambda$new$0(48)) - omNode-1@group-523986131536->omNode-3: nextIndex: updateUnconditionally 0 -> 0
2022-10-18 21:56:08,388 [grpc-default-executor-0] WARN  server.GrpcLogAppender (LogUtils.java:warn(122)) - omNode-1@group-523986131536->omNode-3-AppendLogResponseHandler: Failed appendEntries: org.apache.ratis.thirdparty.io.grpc.StatusRuntimeException: UNAVAILABLE: io exception
2022-10-18 21:56:08,388 [grpc-default-executor-0] INFO  leader.FollowerInfo (FollowerInfoImpl.java:lambda$new$0(48)) - omNode-1@group-523986131536->omNode-3: nextIndex: updateUnconditionally 0 -> 0
2022-10-18 21:56:08,388 [omNode-1@group-523986131536->omNode-3-GrpcLogAppender-LogAppenderDaemon] INFO  server.GrpcLogAppender (GrpcLogAppender.java:installSnapshot(541)) - omNode-1@group-523986131536->omNode-3-GrpcLogAppender: followerNextIndex = 0 but logStartIndex = 59, notify follower to install snapshot-(t:5, i:59)
2022-10-18 21:56:08,388 [omNode-1@group-523986131536->omNode-3-GrpcLogAppender-LogAppenderDaemon] INFO  server.GrpcLogAppender (GrpcLogAppender.java:installSnapshot(549)) - omNode-1@group-523986131536->omNode-3-GrpcLogAppender: send omNode-1->omNode-3#0-t5,notify:(t:5, i:59)
2022-10-18 21:56:08,388 [grpc-default-executor-2] WARN  server.GrpcLogAppender (LogUtils.java:warn(122)) - omNode-1@group-523986131536->omNode-3-InstallSnapshotResponseHandler: Failed InstallSnapshot: org.apache.ratis.thirdparty.io.grpc.StatusRuntimeException: UNAVAILABLE: io exception
2022-10-18 21:56:08,388 [grpc-default-executor-2] INFO  leader.FollowerInfo (FollowerInfoImpl.java:lambda$new$0(48)) - omNode-1@group-523986131536->omNode-3: nextIndex: updateUnconditionally 0 -> 0
2022-10-18 21:56:08,388 [grpc-default-executor-0] WARN  server.GrpcLogAppender (LogUtils.java:warn(122)) - omNode-1@group-523986131536->omNode-3-AppendLogResponseHandler: Failed appendEntries: org.apache.ratis.thirdparty.io.grpc.StatusRuntimeException: UNAVAILABLE: io exception
2022-10-18 21:56:08,388 [grpc-default-executor-0] INFO  leader.FollowerInfo (FollowerInfoImpl.java:lambda$new$0(48)) - omNode-1@group-523986131536->omNode-3: nextIndex: updateUnconditionally 0 -> 0
2022-10-18 21:56:08,389 [omNode-1@group-523986131536->omNode-3-GrpcLogAppender-LogAppenderDaemon] INFO  server.GrpcLogAppender (GrpcLogAppender.java:installSnapshot(541)) - omNode-1@group-523986131536->omNode-3-GrpcLogAppender: followerNextIndex = 0 but logStartIndex = 59, notify follower to install snapshot-(t:5, i:59)
2022-10-18 21:56:08,389 [omNode-1@group-523986131536->omNode-3-GrpcLogAppender-LogAppenderDaemon] INFO  server.GrpcLogAppender (GrpcLogAppender.java:installSnapshot(549)) - omNode-1@group-523986131536->omNode-3-GrpcLogAppender: send omNode-1->omNode-3#0-t5,notify:(t:5, i:59)
2022-10-18 21:56:08,389 [grpc-default-executor-2] WARN  server.GrpcLogAppender (LogUtils.java:warn(122)) - omNode-1@group-523986131536->omNode-3-InstallSnapshotResponseHandler: Failed InstallSnapshot: org.apache.ratis.thirdparty.io.grpc.StatusRuntimeException: UNAVAILABLE: io exception
2022-10-18 21:56:08,389 [grpc-default-executor-2] INFO  leader.FollowerInfo (FollowerInfoImpl.java:lambda$new$0(48)) - omNode-1@group-523986131536->omNode-3: nextIndex: updateUnconditionally 0 -> 0
2022-10-18 21:56:08,389 [grpc-default-executor-0] WARN  server.GrpcLogAppender (LogUtils.java:warn(122)) - omNode-1@group-523986131536->omNode-3-AppendLogResponseHandler: Failed appendEntries: org.apache.ratis.thirdparty.io.grpc.StatusRuntimeException: UNAVAILABLE: io exception
2022-10-18 21:56:08,389 [grpc-default-executor-0] INFO  leader.FollowerInfo (FollowerInfoImpl.java:lambda$new$0(48)) - omNode-1@group-523986131536->omNode-3: nextIndex: updateUnconditionally 0 -> 0
2022-10-18 21:56:08,389 [omNode-1@group-523986131536->omNode-3-GrpcLogAppender-LogAppenderDaemon] INFO  server.GrpcLogAppender (GrpcLogAppender.java:installSnapshot(541)) - omNode-1@group-523986131536->omNode-3-GrpcLogAppender: followerNextIndex = 0 but logStartIndex = 59, notify follower to install snapshot-(t:5, i:59)
2022-10-18 21:56:08,389 [omNode-1@group-523986131536->omNode-3-GrpcLogAppender-LogAppenderDaemon] INFO  server.GrpcLogAppender (GrpcLogAppender.java:installSnapshot(549)) - omNode-1@group-523986131536->omNode-3-GrpcLogAppender: send omNode-1->omNode-3#0-t5,notify:(t:5, i:59)
2022-10-18 21:56:08,389 [grpc-default-executor-2] WARN  server.GrpcLogAppender (LogUtils.java:warn(122)) - omNode-1@group-523986131536->omNode-3-InstallSnapshotResponseHandler: Failed InstallSnapshot: org.apache.ratis.thirdparty.io.grpc.StatusRuntimeException: UNAVAILABLE: io exception
2022-10-18 21:56:08,389 [grpc-default-executor-2] INFO  leader.FollowerInfo (FollowerInfoImpl.java:lambda$new$0(48)) - omNode-1@group-523986131536->omNode-3: nextIndex: updateUnconditionally 0 -> 0
2022-10-18 21:56:08,389 [grpc-default-executor-0] WARN  server.GrpcLogAppender (LogUtils.java:warn(122)) - omNode-1@group-523986131536->omNode-3-AppendLogResponseHandler: Failed appendEntries: org.apache.ratis.thirdparty.io.grpc.StatusRuntimeException: UNAVAILABLE: io exception
2022-10-18 21:56:08,390 [grpc-default-executor-0] INFO  leader.FollowerInfo (FollowerInfoImpl.java:lambda$new$0(48)) - omNode-1@group-523986131536->omNode-3: nextIndex: updateUnconditionally 0 -> 0
2022-10-18 21:56:08,390 [omNode-1@group-523986131536->omNode-3-GrpcLogAppender-LogAppenderDaemon] INFO  server.GrpcLogAppender (GrpcLogAppender.java:installSnapshot(541)) - omNode-1@group-523986131536->omNode-3-GrpcLogAppender: followerNextIndex = 0 but logStartIndex = 59, notify follower to install snapshot-(t:5, i:59)
2022-10-18 21:56:08,390 [omNode-1@group-523986131536->omNode-3-GrpcLogAppender-LogAppenderDaemon] INFO  server.GrpcLogAppender (GrpcLogAppender.java:installSnapshot(549)) - omNode-1@group-523986131536->omNode-3-GrpcLogAppender: send omNode-1->omNode-3#0-t5,notify:(t:5, i:59)
2022-10-18 21:56:08,390 [grpc-default-executor-2] WARN  server.GrpcLogAppender (LogUtils.java:warn(122)) - omNode-1@group-523986131536->omNode-3-InstallSnapshotResponseHandler: Failed InstallSnapshot: org.apache.ratis.thirdparty.io.grpc.StatusRuntimeException: UNAVAILABLE: io exception
2022-10-18 21:56:08,390 [grpc-default-executor-2] INFO  leader.FollowerInfo (FollowerInfoImpl.java:lambda$new$0(48)) - omNode-1@group-523986131536->omNode-3: nextIndex: updateUnconditionally 0 -> 0
2022-10-18 21:56:08,390 [grpc-default-executor-0] WARN  server.GrpcLogAppender (LogUtils.java:warn(122)) - omNode-1@group-523986131536->omNode-3-AppendLogResponseHandler: Failed appendEntries: org.apache.ratis.thirdparty.io.grpc.StatusRuntimeException: UNAVAILABLE: io exception
2022-10-18 21:56:08,390 [grpc-default-executor-0] INFO  leader.FollowerInfo (FollowerInfoImpl.java:lambda$new$0(48)) - omNode-1@group-523986131536->omNode-3: nextIndex: updateUnconditionally 0 -> 0
2022-10-18 21:56:08,390 [omNode-1@group-523986131536->omNode-3-GrpcLogAppender-LogAppenderDaemon] INFO  server.GrpcLogAppender (GrpcLogAppender.java:installSnapshot(541)) - omNode-1@group-523986131536->omNode-3-GrpcLogAppender: followerNextIndex = 0 but logStartIndex = 59, notify follower to install snapshot-(t:5, i:59)
2022-10-18 21:56:08,390 [omNode-1@group-523986131536->omNode-3-GrpcLogAppender-LogAppenderDaemon] INFO  server.GrpcLogAppender (GrpcLogAppender.java:installSnapshot(549)) - omNode-1@group-523986131536->omNode-3-GrpcLogAppender: send omNode-1->omNode-3#0-t5,notify:(t:5, i:59)
2022-10-18 21:56:08,390 [grpc-default-executor-2] WARN  server.GrpcLogAppender (LogUtils.java:warn(122)) - omNode-1@group-523986131536->omNode-3-InstallSnapshotResponseHandler: Failed InstallSnapshot: org.apache.ratis.thirdparty.io.grpc.StatusRuntimeException: UNAVAILABLE: io exception
2022-10-18 21:56:08,391 [grpc-default-executor-2] INFO  leader.FollowerInfo (FollowerInfoImpl.java:lambda$new$0(48)) - omNode-1@group-523986131536->omNode-3: nextIndex: updateUnconditionally 0 -> 0
2022-10-18 21:56:08,391 [grpc-default-executor-0] WARN  server.GrpcLogAppender (LogUtils.java:warn(122)) - omNode-1@group-523986131536->omNode-3-AppendLogResponseHandler: Failed appendEntries: org.apache.ratis.thirdparty.io.grpc.StatusRuntimeException: UNAVAILABLE: io exception
2022-10-18 21:56:08,391 [grpc-default-executor-0] INFO  leader.FollowerInfo (FollowerInfoImpl.java:lambda$new$0(48)) - omNode-1@group-523986131536->omNode-3: nextIndex: updateUnconditionally 0 -> 0
2022-10-18 21:56:08,391 [omNode-1@group-523986131536->omNode-3-GrpcLogAppender-LogAppenderDaemon] INFO  server.GrpcLogAppender (GrpcLogAppender.java:installSnapshot(541)) - omNode-1@group-523986131536->omNode-3-GrpcLogAppender: followerNextIndex = 0 but logStartIndex = 59, notify follower to install snapshot-(t:5, i:59)
2022-10-18 21:56:08,391 [omNode-1@group-523986131536->omNode-3-GrpcLogAppender-LogAppenderDaemon] INFO  server.GrpcLogAppender (GrpcLogAppender.java:installSnapshot(549)) - omNode-1@group-523986131536->omNode-3-GrpcLogAppender: send omNode-1->omNode-3#0-t5,notify:(t:5, i:59)
2022-10-18 21:56:08,391 [grpc-default-executor-2] WARN  server.GrpcLogAppender (LogUtils.java:warn(122)) - omNode-1@group-523986131536->omNode-3-InstallSnapshotResponseHandler: Failed InstallSnapshot: org.apache.ratis.thirdparty.io.grpc.StatusRuntimeException: UNAVAILABLE: io exception
2022-10-18 21:56:08,391 [grpc-default-executor-2] INFO  leader.FollowerInfo (FollowerInfoImpl.java:lambda$new$0(48)) - omNode-1@group-523986131536->omNode-3: nextIndex: updateUnconditionally 0 -> 0
2022-10-18 21:56:08,391 [grpc-default-executor-0] WARN  server.GrpcLogAppender (LogUtils.java:warn(122)) - omNode-1@group-523986131536->omNode-3-AppendLogResponseHandler: Failed appendEntries: org.apache.ratis.thirdparty.io.grpc.StatusRuntimeException: UNAVAILABLE: io exception
2022-10-18 21:56:08,391 [grpc-default-executor-0] INFO  leader.FollowerInfo (FollowerInfoImpl.java:lambda$new$0(48)) - omNode-1@group-523986131536->omNode-3: nextIndex: updateUnconditionally 0 -> 0
2022-10-18 21:56:08,391 [omNode-1@group-523986131536->omNode-3-GrpcLogAppender-LogAppenderDaemon] INFO  server.GrpcLogAppender (GrpcLogAppender.java:installSnapshot(541)) - omNode-1@group-523986131536->omNode-3-GrpcLogAppender: followerNextIndex = 0 but logStartIndex = 59, notify follower to install snapshot-(t:5, i:59)
2022-10-18 21:56:08,391 [omNode-1@group-523986131536->omNode-3-GrpcLogAppender-LogAppenderDaemon] INFO  server.GrpcLogAppender (GrpcLogAppender.java:installSnapshot(549)) - omNode-1@group-523986131536->omNode-3-GrpcLogAppender: send omNode-1->omNode-3#0-t5,notify:(t:5, i:59)
2022-10-18 21:56:08,392 [grpc-default-executor-0] WARN  server.GrpcLogAppender (LogUtils.java:warn(122)) - omNode-1@group-523986131536->omNode-3-AppendLogResponseHandler: Failed appendEntries: org.apache.ratis.thirdparty.io.grpc.StatusRuntimeException: UNAVAILABLE: io exception
2022-10-18 21:56:08,392 [grpc-default-executor-0] INFO  leader.FollowerInfo (FollowerInfoImpl.java:lambda$new$0(48)) - omNode-1@group-523986131536->omNode-3: nextIndex: updateUnconditionally 0 -> 0
2022-10-18 21:56:08,392 [grpc-default-executor-2] WARN  server.GrpcLogAppender (LogUtils.java:warn(122)) - omNode-1@group-523986131536->omNode-3-InstallSnapshotResponseHandler: Failed InstallSnapshot: org.apache.ratis.thirdparty.io.grpc.StatusRuntimeException: UNAVAILABLE: io exception
2022-10-18 21:56:08,393 [grpc-default-executor-2] INFO  leader.FollowerInfo (FollowerInfoImpl.java:lambda$new$0(48)) - omNode-1@group-523986131536->omNode-3: nextIndex: updateUnconditionally 0 -> 0
2022-10-18 21:56:08,393 [grpc-default-executor-2] WARN  server.GrpcLogAppender (LogUtils.java:warn(122)) - omNode-1@group-523986131536->omNode-3-AppendLogResponseHandler: Failed appendEntries: org.apache.ratis.thirdparty.io.grpc.StatusRuntimeException: UNAVAILABLE: io exception
2022-10-18 21:56:08,393 [grpc-default-executor-2] INFO  leader.FollowerInfo (FollowerInfoImpl.java:lambda$new$0(48)) - omNode-1@group-523986131536->omNode-3: nextIndex: updateUnconditionally 0 -> 0
2022-10-18 21:56:08,393 [omNode-1@group-523986131536->omNode-3-GrpcLogAppender-LogAppenderDaemon] INFO  server.GrpcLogAppender (GrpcLogAppender.java:installSnapshot(541)) - omNode-1@group-523986131536->omNode-3-GrpcLogAppender: followerNextIndex = 0 but logStartIndex = 59, notify follower to install snapshot-(t:5, i:59)
2022-10-18 21:56:08,393 [omNode-1@group-523986131536->omNode-3-GrpcLogAppender-LogAppenderDaemon] INFO  server.GrpcLogAppender (GrpcLogAppender.java:installSnapshot(549)) - omNode-1@group-523986131536->omNode-3-GrpcLogAppender: send omNode-1->omNode-3#0-t5,notify:(t:5, i:59)
2022-10-18 21:56:08,395 [grpc-default-executor-0] WARN  server.GrpcLogAppender (LogUtils.java:warn(122)) - omNode-1@group-523986131536->omNode-3-InstallSnapshotResponseHandler: Failed InstallSnapshot: org.apache.ratis.thirdparty.io.grpc.StatusRuntimeException: UNAVAILABLE: io exception
2022-10-18 21:56:08,395 [grpc-default-executor-0] INFO  leader.FollowerInfo (FollowerInfoImpl.java:lambda$new$0(48)) - omNode-1@group-523986131536->omNode-3: nextIndex: updateUnconditionally 0 -> 0
2022-10-18 21:56:08,396 [grpc-default-executor-0] WARN  server.GrpcLogAppender (LogUtils.java:warn(122)) - omNode-1@group-523986131536->omNode-3-AppendLogResponseHandler: Failed appendEntries: org.apache.ratis.thirdparty.io.grpc.StatusRuntimeException: UNAVAILABLE: io exception
2022-10-18 21:56:08,396 [omNode-1@group-523986131536->omNode-3-GrpcLogAppender-LogAppenderDaemon] INFO  server.GrpcLogAppender (GrpcLogAppender.java:installSnapshot(541)) - omNode-1@group-523986131536->omNode-3-GrpcLogAppender: followerNextIndex = 0 but logStartIndex = 59, notify follower to install snapshot-(t:5, i:59)
2022-10-18 21:56:08,396 [omNode-1@group-523986131536->omNode-3-GrpcLogAppender-LogAppenderDaemon] INFO  server.GrpcLogAppender (GrpcLogAppender.java:installSnapshot(549)) - omNode-1@group-523986131536->omNode-3-GrpcLogAppender: send omNode-1->omNode-3#0-t5,notify:(t:5, i:59)
2022-10-18 21:56:08,396 [grpc-default-executor-0] INFO  leader.FollowerInfo (FollowerInfoImpl.java:lambda$new$0(48)) - omNode-1@group-523986131536->omNode-3: nextIndex: updateUnconditionally 0 -> 0
2022-10-18 21:56:08,397 [grpc-default-executor-2] WARN  server.GrpcLogAppender (LogUtils.java:warn(122)) - omNode-1@group-523986131536->omNode-3-InstallSnapshotResponseHandler: Failed InstallSnapshot: org.apache.ratis.thirdparty.io.grpc.StatusRuntimeException: UNAVAILABLE: io exception
2022-10-18 21:56:08,397 [grpc-default-executor-2] INFO  leader.FollowerInfo (FollowerInfoImpl.java:lambda$new$0(48)) - omNode-1@group-523986131536->omNode-3: nextIndex: updateUnconditionally 0 -> 0
2022-10-18 21:56:08,398 [omNode-1@group-523986131536->omNode-3-GrpcLogAppender-LogAppenderDaemon] INFO  server.GrpcLogAppender (GrpcLogAppender.java:installSnapshot(541)) - omNode-1@group-523986131536->omNode-3-GrpcLogAppender: followerNextIndex = 0 but logStartIndex = 59, notify follower to install snapshot-(t:5, i:59)
2022-10-18 21:56:08,398 [omNode-1@group-523986131536->omNode-3-GrpcLogAppender-LogAppenderDaemon] INFO  server.GrpcLogAppender (GrpcLogAppender.java:installSnapshot(549)) - omNode-1@group-523986131536->omNode-3-GrpcLogAppender: send omNode-1->omNode-3#0-t5,notify:(t:5, i:59)
2022-10-18 21:56:08,398 [grpc-default-executor-1] WARN  server.GrpcLogAppender (LogUtils.java:warn(122)) - omNode-1@group-523986131536->omNode-3-InstallSnapshotResponseHandler: Failed InstallSnapshot: org.apache.ratis.thirdparty.io.grpc.StatusRuntimeException: UNAVAILABLE: io exception
2022-10-18 21:56:08,398 [grpc-default-executor-1] INFO  leader.FollowerInfo (FollowerInfoImpl.java:lambda$new$0(48)) - omNode-1@group-523986131536->omNode-3: nextIndex: updateUnconditionally 0 -> 0
2022-10-18 21:56:08,399 [grpc-default-executor-1] WARN  server.GrpcLogAppender (LogUtils.java:warn(122)) - omNode-1@group-523986131536->omNode-3-AppendLogResponseHandler: Failed appendEntries: org.apache.ratis.thirdparty.io.grpc.StatusRuntimeException: UNAVAILABLE: io exception
2022-10-18 21:56:08,399 [omNode-1@group-523986131536->omNode-3-GrpcLogAppender-LogAppenderDaemon] INFO  server.GrpcLogAppender (GrpcLogAppender.java:installSnapshot(541)) - omNode-1@group-523986131536->omNode-3-GrpcLogAppender: followerNextIndex = 0 but logStartIndex = 59, notify follower to install snapshot-(t:5, i:59)
2022-10-18 21:56:08,399 [omNode-1@group-523986131536->omNode-3-GrpcLogAppender-LogAppenderDaemon] INFO  server.GrpcLogAppender (GrpcLogAppender.java:installSnapshot(549)) - omNode-1@group-523986131536->omNode-3-GrpcLogAppender: send omNode-1->omNode-3#0-t5,notify:(t:5, i:59)
2022-10-18 21:56:08,399 [grpc-default-executor-1] INFO  leader.FollowerInfo (FollowerInfoImpl.java:lambda$new$0(48)) - omNode-1@group-523986131536->omNode-3: nextIndex: updateUnconditionally 0 -> 0
2022-10-18 21:56:08,400 [grpc-default-executor-1] WARN  server.GrpcLogAppender (LogUtils.java:warn(122)) - omNode-1@group-523986131536->omNode-3-InstallSnapshotResponseHandler: Failed InstallSnapshot: org.apache.ratis.thirdparty.io.grpc.StatusRuntimeException: UNAVAILABLE: io exception
2022-10-18 21:56:08,400 [grpc-default-executor-1] INFO  leader.FollowerInfo (FollowerInfoImpl.java:lambda$new$0(48)) - omNode-1@group-523986131536->omNode-3: nextIndex: updateUnconditionally 0 -> 0
2022-10-18 21:56:08,400 [grpc-default-executor-1] WARN  server.GrpcLogAppender (LogUtils.java:warn(122)) - omNode-1@group-523986131536->omNode-3-AppendLogResponseHandler: Failed appendEntries: org.apache.ratis.thirdparty.io.grpc.StatusRuntimeException: UNAVAILABLE: io exception
2022-10-18 21:56:08,400 [omNode-1@group-523986131536->omNode-3-GrpcLogAppender-LogAppenderDaemon] INFO  server.GrpcLogAppender (GrpcLogAppender.java:installSnapshot(541)) - omNode-1@group-523986131536->omNode-3-GrpcLogAppender: followerNextIndex = 0 but logStartIndex = 59, notify follower to install snapshot-(t:5, i:59)
2022-10-18 21:56:08,400 [omNode-1@group-523986131536->omNode-3-GrpcLogAppender-LogAppenderDaemon] INFO  server.GrpcLogAppender (GrpcLogAppender.java:installSnapshot(549)) - omNode-1@group-523986131536->omNode-3-GrpcLogAppender: send omNode-1->omNode-3#0-t5,notify:(t:5, i:59)
2022-10-18 21:56:08,401 [grpc-default-executor-3] WARN  server.GrpcLogAppender (LogUtils.java:warn(122)) - omNode-1@group-523986131536->omNode-3-InstallSnapshotResponseHandler: Failed InstallSnapshot: org.apache.ratis.thirdparty.io.grpc.StatusRuntimeException: UNAVAILABLE: io exception
2022-10-18 21:56:08,401 [grpc-default-executor-1] INFO  leader.FollowerInfo (FollowerInfoImpl.java:lambda$new$0(48)) - omNode-1@group-523986131536->omNode-3: nextIndex: updateUnconditionally 0 -> 0
2022-10-18 21:56:08,401 [grpc-default-executor-3] INFO  leader.FollowerInfo (FollowerInfoImpl.java:lambda$new$0(48)) - omNode-1@group-523986131536->omNode-3: nextIndex: updateUnconditionally 0 -> 0
2022-10-18 21:56:08,401 [omNode-1@group-523986131536->omNode-3-GrpcLogAppender-LogAppenderDaemon] INFO  server.GrpcLogAppender (GrpcLogAppender.java:installSnapshot(541)) - omNode-1@group-523986131536->omNode-3-GrpcLogAppender: followerNextIndex = 0 but logStartIndex = 59, notify follower to install snapshot-(t:5, i:59)
2022-10-18 21:56:08,401 [omNode-1@group-523986131536->omNode-3-GrpcLogAppender-LogAppenderDaemon] INFO  server.GrpcLogAppender (GrpcLogAppender.java:installSnapshot(549)) - omNode-1@group-523986131536->omNode-3-GrpcLogAppender: send omNode-1->omNode-3#0-t5,notify:(t:5, i:59)
2022-10-18 21:56:08,401 [grpc-default-executor-1] WARN  server.GrpcLogAppender (LogUtils.java:warn(122)) - omNode-1@group-523986131536->omNode-3-AppendLogResponseHandler: Failed appendEntries: org.apache.ratis.thirdparty.io.grpc.StatusRuntimeException: UNAVAILABLE: io exception
2022-10-18 21:56:08,402 [grpc-default-executor-0] WARN  server.GrpcLogAppender (LogUtils.java:warn(122)) - omNode-1@group-523986131536->omNode-3-AppendLogResponseHandler: Failed appendEntries: org.apache.ratis.thirdparty.io.grpc.StatusRuntimeException: UNAVAILABLE: io exception
2022-10-18 21:56:08,402 [grpc-default-executor-1] INFO  leader.FollowerInfo (FollowerInfoImpl.java:lambda$new$0(48)) - omNode-1@group-523986131536->omNode-3: nextIndex: updateUnconditionally 0 -> 0
2022-10-18 21:56:08,402 [grpc-default-executor-0] INFO  leader.FollowerInfo (FollowerInfoImpl.java:lambda$new$0(48)) - omNode-1@group-523986131536->omNode-3: nextIndex: updateUnconditionally 0 -> 0
2022-10-18 21:56:08,402 [grpc-default-executor-1] WARN  server.GrpcLogAppender (LogUtils.java:warn(122)) - omNode-1@group-523986131536->omNode-3-InstallSnapshotResponseHandler: Failed InstallSnapshot: org.apache.ratis.thirdparty.io.grpc.StatusRuntimeException: UNAVAILABLE: io exception
2022-10-18 21:56:08,403 [grpc-default-executor-1] INFO  leader.FollowerInfo (FollowerInfoImpl.java:lambda$new$0(48)) - omNode-1@group-523986131536->omNode-3: nextIndex: updateUnconditionally 0 -> 0
2022-10-18 21:56:08,403 [omNode-1@group-523986131536->omNode-3-GrpcLogAppender-LogAppenderDaemon] INFO  server.GrpcLogAppender (GrpcLogAppender.java:installSnapshot(541)) - omNode-1@group-523986131536->omNode-3-GrpcLogAppender: followerNextIndex = 0 but logStartIndex = 59, notify follower to install snapshot-(t:5, i:59)
2022-10-18 21:56:08,404 [grpc-default-executor-0] WARN  server.GrpcLogAppender (LogUtils.java:warn(122)) - omNode-1@group-523986131536->omNode-3-AppendLogResponseHandler: Failed appendEntries: org.apache.ratis.thirdparty.io.grpc.StatusRuntimeException: UNAVAILABLE: io exception
2022-10-18 21:56:08,404 [omNode-1@group-523986131536->omNode-3-GrpcLogAppender-LogAppenderDaemon] INFO  server.GrpcLogAppender (GrpcLogAppender.java:installSnapshot(549)) - omNode-1@group-523986131536->omNode-3-GrpcLogAppender: send omNode-1->omNode-3#0-t5,notify:(t:5, i:59)
2022-10-18 21:56:08,404 [grpc-default-executor-0] INFO  leader.FollowerInfo (FollowerInfoImpl.java:lambda$new$0(48)) - omNode-1@group-523986131536->omNode-3: nextIndex: updateUnconditionally 0 -> 0
2022-10-18 21:56:08,404 [grpc-default-executor-1] WARN  server.GrpcLogAppender (LogUtils.java:warn(122)) - omNode-1@group-523986131536->omNode-3-InstallSnapshotResponseHandler: Failed InstallSnapshot: org.apache.ratis.thirdparty.io.grpc.StatusRuntimeException: UNAVAILABLE: io exception
2022-10-18 21:56:08,404 [grpc-default-executor-1] INFO  leader.FollowerInfo (FollowerInfoImpl.java:lambda$new$0(48)) - omNode-1@group-523986131536->omNode-3: nextIndex: updateUnconditionally 0 -> 0
2022-10-18 21:56:08,405 [grpc-default-executor-1] WARN  server.GrpcLogAppender (LogUtils.java:warn(122)) - omNode-1@group-523986131536->omNode-3-AppendLogResponseHandler: Failed appendEntries: org.apache.ratis.thirdparty.io.grpc.StatusRuntimeException: UNAVAILABLE: io exception
2022-10-18 21:56:08,405 [omNode-1@group-523986131536->omNode-3-GrpcLogAppender-LogAppenderDaemon] INFO  server.GrpcLogAppender (GrpcLogAppender.java:installSnapshot(541)) - omNode-1@group-523986131536->omNode-3-GrpcLogAppender: followerNextIndex = 0 but logStartIndex = 59, notify follower to install snapshot-(t:5, i:59)
2022-10-18 21:56:08,405 [omNode-1@group-523986131536->omNode-3-GrpcLogAppender-LogAppenderDaemon] INFO  server.GrpcLogAppender (GrpcLogAppender.java:installSnapshot(549)) - omNode-1@group-523986131536->omNode-3-GrpcLogAppender: send omNode-1->omNode-3#0-t5,notify:(t:5, i:59)
2022-10-18 21:56:08,405 [grpc-default-executor-1] INFO  leader.FollowerInfo (FollowerInfoImpl.java:lambda$new$0(48)) - omNode-1@group-523986131536->omNode-3: nextIndex: updateUnconditionally 0 -> 0
2022-10-18 21:56:08,405 [grpc-default-executor-0] WARN  server.GrpcLogAppender (LogUtils.java:warn(122)) - omNode-1@group-523986131536->omNode-3-InstallSnapshotResponseHandler: Failed InstallSnapshot: org.apache.ratis.thirdparty.io.grpc.StatusRuntimeException: UNAVAILABLE: io exception
2022-10-18 21:56:08,406 [grpc-default-executor-0] INFO  leader.FollowerInfo (FollowerInfoImpl.java:lambda$new$0(48)) - omNode-1@group-523986131536->omNode-3: nextIndex: updateUnconditionally 0 -> 0
2022-10-18 21:56:08,406 [omNode-1@group-523986131536->omNode-3-GrpcLogAppender-LogAppenderDaemon] INFO  server.GrpcLogAppender (GrpcLogAppender.java:installSnapshot(541)) - omNode-1@group-523986131536->omNode-3-GrpcLogAppender: followerNextIndex = 0 but logStartIndex = 59, notify follower to install snapshot-(t:5, i:59)
2022-10-18 21:56:08,406 [omNode-1@group-523986131536->omNode-3-GrpcLogAppender-LogAppenderDaemon] INFO  server.GrpcLogAppender (GrpcLogAppender.java:installSnapshot(549)) - omNode-1@group-523986131536->omNode-3-GrpcLogAppender: send omNode-1->omNode-3#0-t5,notify:(t:5, i:59)
2022-10-18 21:56:08,406 [grpc-default-executor-2] WARN  server.GrpcLogAppender (LogUtils.java:warn(122)) - omNode-1@group-523986131536->omNode-3-AppendLogResponseHandler: Failed appendEntries: org.apache.ratis.thirdparty.io.grpc.StatusRuntimeException: UNAVAILABLE: io exception
2022-10-18 21:56:08,407 [grpc-default-executor-2] INFO  leader.FollowerInfo (FollowerInfoImpl.java:lambda$new$0(48)) - omNode-1@group-523986131536->omNode-3: nextIndex: updateUnconditionally 0 -> 0
2022-10-18 21:56:08,407 [grpc-default-executor-1] WARN  server.GrpcLogAppender (LogUtils.java:warn(122)) - omNode-1@group-523986131536->omNode-3-InstallSnapshotResponseHandler: Failed InstallSnapshot: org.apache.ratis.thirdparty.io.grpc.StatusRuntimeException: UNAVAILABLE: io exception
2022-10-18 21:56:08,407 [grpc-default-executor-1] INFO  leader.FollowerInfo (FollowerInfoImpl.java:lambda$new$0(48)) - omNode-1@group-523986131536->omNode-3: nextIndex: updateUnconditionally 0 -> 0
2022-10-18 21:56:08,407 [omNode-1@group-523986131536->omNode-3-GrpcLogAppender-LogAppenderDaemon] INFO  server.GrpcLogAppender (GrpcLogAppender.java:installSnapshot(541)) - omNode-1@group-523986131536->omNode-3-GrpcLogAppender: followerNextIndex = 0 but logStartIndex = 59, notify follower to install snapshot-(t:5, i:59)
2022-10-18 21:56:08,408 [omNode-1@group-523986131536->omNode-3-GrpcLogAppender-LogAppenderDaemon] INFO  server.GrpcLogAppender (GrpcLogAppender.java:installSnapshot(549)) - omNode-1@group-523986131536->omNode-3-GrpcLogAppender: send omNode-1->omNode-3#0-t5,notify:(t:5, i:59)
2022-10-18 21:56:08,408 [grpc-default-executor-1] WARN  server.GrpcLogAppender (LogUtils.java:warn(122)) - omNode-1@group-523986131536->omNode-3-AppendLogResponseHandler: Failed appendEntries: org.apache.ratis.thirdparty.io.grpc.StatusRuntimeException: UNAVAILABLE: io exception
2022-10-18 21:56:08,408 [grpc-default-executor-1] INFO  leader.FollowerInfo (FollowerInfoImpl.java:lambda$new$0(48)) - omNode-1@group-523986131536->omNode-3: nextIndex: updateUnconditionally 0 -> 0
2022-10-18 21:56:08,408 [grpc-default-executor-2] WARN  server.GrpcLogAppender (LogUtils.java:warn(122)) - omNode-1@group-523986131536->omNode-3-InstallSnapshotResponseHandler: Failed InstallSnapshot: org.apache.ratis.thirdparty.io.grpc.StatusRuntimeException: UNAVAILABLE: io exception
2022-10-18 21:56:08,408 [grpc-default-executor-2] INFO  leader.FollowerInfo (FollowerInfoImpl.java:lambda$new$0(48)) - omNode-1@group-523986131536->omNode-3: nextIndex: updateUnconditionally 0 -> 0
2022-10-18 21:56:08,409 [omNode-1@group-523986131536->omNode-3-GrpcLogAppender-LogAppenderDaemon] INFO  server.GrpcLogAppender (GrpcLogAppender.java:installSnapshot(541)) - omNode-1@group-523986131536->omNode-3-GrpcLogAppender: followerNextIndex = 0 but logStartIndex = 59, notify follower to install snapshot-(t:5, i:59)
2022-10-18 21:56:08,409 [omNode-1@group-523986131536->omNode-3-GrpcLogAppender-LogAppenderDaemon] INFO  server.GrpcLogAppender (GrpcLogAppender.java:installSnapshot(549)) - omNode-1@group-523986131536->omNode-3-GrpcLogAppender: send omNode-1->omNode-3#0-t5,notify:(t:5, i:59)
2022-10-18 21:56:08,409 [grpc-default-executor-1] WARN  server.GrpcLogAppender (LogUtils.java:warn(122)) - omNode-1@group-523986131536->omNode-3-InstallSnapshotResponseHandler: Failed InstallSnapshot: org.apache.ratis.thirdparty.io.grpc.StatusRuntimeException: UNAVAILABLE: io exception
2022-10-18 21:56:08,410 [grpc-default-executor-1] INFO  leader.FollowerInfo (FollowerInfoImpl.java:lambda$new$0(48)) - omNode-1@group-523986131536->omNode-3: nextIndex: updateUnconditionally 0 -> 0
2022-10-18 21:56:08,410 [grpc-default-executor-2] WARN  server.GrpcLogAppender (LogUtils.java:warn(122)) - omNode-1@group-523986131536->omNode-3-AppendLogResponseHandler: Failed appendEntries: org.apache.ratis.thirdparty.io.grpc.StatusRuntimeException: UNAVAILABLE: io exception
2022-10-18 21:56:08,410 [grpc-default-executor-2] INFO  leader.FollowerInfo (FollowerInfoImpl.java:lambda$new$0(48)) - omNode-1@group-523986131536->omNode-3: nextIndex: updateUnconditionally 0 -> 0
2022-10-18 21:56:08,410 [omNode-1@group-523986131536->omNode-3-GrpcLogAppender-LogAppenderDaemon] INFO  server.GrpcLogAppender (GrpcLogAppender.java:installSnapshot(541)) - omNode-1@group-523986131536->omNode-3-GrpcLogAppender: followerNextIndex = 0 but logStartIndex = 59, notify follower to install snapshot-(t:5, i:59)
2022-10-18 21:56:08,410 [omNode-1@group-523986131536->omNode-3-GrpcLogAppender-LogAppenderDaemon] INFO  server.GrpcLogAppender (GrpcLogAppender.java:installSnapshot(549)) - omNode-1@group-523986131536->omNode-3-GrpcLogAppender: send omNode-1->omNode-3#0-t5,notify:(t:5, i:59)
2022-10-18 21:56:08,410 [grpc-default-executor-0] WARN  server.GrpcLogAppender (LogUtils.java:warn(122)) - omNode-1@group-523986131536->omNode-3-AppendLogResponseHandler: Failed appendEntries: org.apache.ratis.thirdparty.io.grpc.StatusRuntimeException: UNAVAILABLE: io exception
2022-10-18 21:56:08,411 [grpc-default-executor-0] INFO  leader.FollowerInfo (FollowerInfoImpl.java:lambda$new$0(48)) - omNode-1@group-523986131536->omNode-3: nextIndex: updateUnconditionally 0 -> 0
2022-10-18 21:56:08,411 [grpc-default-executor-0] WARN  server.GrpcLogAppender (LogUtils.java:warn(122)) - omNode-1@group-523986131536->omNode-3-InstallSnapshotResponseHandler: Failed InstallSnapshot: org.apache.ratis.thirdparty.io.grpc.StatusRuntimeException: UNAVAILABLE: io exception
2022-10-18 21:56:08,411 [grpc-default-executor-0] INFO  leader.FollowerInfo (FollowerInfoImpl.java:lambda$new$0(48)) - omNode-1@group-523986131536->omNode-3: nextIndex: updateUnconditionally 0 -> 0
2022-10-18 21:56:08,411 [omNode-1@group-523986131536->omNode-3-GrpcLogAppender-LogAppenderDaemon] INFO  server.GrpcLogAppender (GrpcLogAppender.java:installSnapshot(541)) - omNode-1@group-523986131536->omNode-3-GrpcLogAppender: followerNextIndex = 0 but logStartIndex = 59, notify follower to install snapshot-(t:5, i:59)
2022-10-18 21:56:08,411 [omNode-1@group-523986131536->omNode-3-GrpcLogAppender-LogAppenderDaemon] INFO  server.GrpcLogAppender (GrpcLogAppender.java:installSnapshot(549)) - omNode-1@group-523986131536->omNode-3-GrpcLogAppender: send omNode-1->omNode-3#0-t5,notify:(t:5, i:59)
2022-10-18 21:56:08,414 [grpc-default-executor-0] WARN  server.GrpcLogAppender (LogUtils.java:warn(122)) - omNode-1@group-523986131536->omNode-3-InstallSnapshotResponseHandler: Failed InstallSnapshot: org.apache.ratis.thirdparty.io.grpc.StatusRuntimeException: UNAVAILABLE: io exception
2022-10-18 21:56:08,414 [grpc-default-executor-0] INFO  leader.FollowerInfo (FollowerInfoImpl.java:lambda$new$0(48)) - omNode-1@group-523986131536->omNode-3: nextIndex: updateUnconditionally 0 -> 0
2022-10-18 21:56:08,413 [grpc-default-executor-1] WARN  server.GrpcLogAppender (LogUtils.java:warn(122)) - omNode-1@group-523986131536->omNode-3-AppendLogResponseHandler: Failed appendEntries: org.apache.ratis.thirdparty.io.grpc.StatusRuntimeException: UNAVAILABLE: io exception
2022-10-18 21:56:08,414 [grpc-default-executor-1] INFO  leader.FollowerInfo (FollowerInfoImpl.java:lambda$new$0(48)) - omNode-1@group-523986131536->omNode-3: nextIndex: updateUnconditionally 0 -> 0
2022-10-18 21:56:08,414 [omNode-1@group-523986131536->omNode-3-GrpcLogAppender-LogAppenderDaemon] INFO  server.GrpcLogAppender (GrpcLogAppender.java:installSnapshot(541)) - omNode-1@group-523986131536->omNode-3-GrpcLogAppender: followerNextIndex = 0 but logStartIndex = 59, notify follower to install snapshot-(t:5, i:59)
2022-10-18 21:56:08,414 [omNode-1@group-523986131536->omNode-3-GrpcLogAppender-LogAppenderDaemon] INFO  server.GrpcLogAppender (GrpcLogAppender.java:installSnapshot(549)) - omNode-1@group-523986131536->omNode-3-GrpcLogAppender: send omNode-1->omNode-3#0-t5,notify:(t:5, i:59)
2022-10-18 21:56:08,415 [grpc-default-executor-2] WARN  server.GrpcLogAppender (LogUtils.java:warn(122)) - omNode-1@group-523986131536->omNode-3-InstallSnapshotResponseHandler: Failed InstallSnapshot: org.apache.ratis.thirdparty.io.grpc.StatusRuntimeException: UNAVAILABLE: io exception
2022-10-18 21:56:08,415 [grpc-default-executor-2] INFO  leader.FollowerInfo (FollowerInfoImpl.java:lambda$new$0(48)) - omNode-1@group-523986131536->omNode-3: nextIndex: updateUnconditionally 0 -> 0
2022-10-18 21:56:08,415 [grpc-default-executor-2] WARN  server.GrpcLogAppender (LogUtils.java:warn(122)) - omNode-1@group-523986131536->omNode-3-AppendLogResponseHandler: Failed appendEntries: org.apache.ratis.thirdparty.io.grpc.StatusRuntimeException: UNAVAILABLE: io exception
2022-10-18 21:56:08,415 [grpc-default-executor-2] INFO  leader.FollowerInfo (FollowerInfoImpl.java:lambda$new$0(48)) - omNode-1@group-523986131536->omNode-3: nextIndex: updateUnconditionally 0 -> 0
2022-10-18 21:56:08,415 [omNode-1@group-523986131536->omNode-3-GrpcLogAppender-LogAppenderDaemon] INFO  server.GrpcLogAppender (GrpcLogAppender.java:installSnapshot(541)) - omNode-1@group-523986131536->omNode-3-GrpcLogAppender: followerNextIndex = 0 but logStartIndex = 59, notify follower to install snapshot-(t:5, i:59)
2022-10-18 21:56:08,416 [omNode-1@group-523986131536->omNode-3-GrpcLogAppender-LogAppenderDaemon] INFO  server.GrpcLogAppender (GrpcLogAppender.java:installSnapshot(549)) - omNode-1@group-523986131536->omNode-3-GrpcLogAppender: send omNode-1->omNode-3#0-t5,notify:(t:5, i:59)
2022-10-18 21:56:08,415 [grpc-default-executor-1] WARN  server.GrpcLogAppender (LogUtils.java:warn(122)) - omNode-1@group-523986131536->omNode-3-AppendLogResponseHandler: Failed appendEntries: org.apache.ratis.thirdparty.io.grpc.StatusRuntimeException: UNAVAILABLE: io exception
2022-10-18 21:56:08,416 [grpc-default-executor-1] INFO  leader.FollowerInfo (FollowerInfoImpl.java:lambda$new$0(48)) - omNode-1@group-523986131536->omNode-3: nextIndex: updateUnconditionally 0 -> 0
2022-10-18 21:56:08,416 [grpc-default-executor-2] WARN  server.GrpcLogAppender (LogUtils.java:warn(122)) - omNode-1@group-523986131536->omNode-3-InstallSnapshotResponseHandler: Failed InstallSnapshot: org.apache.ratis.thirdparty.io.grpc.StatusRuntimeException: UNAVAILABLE: io exception
2022-10-18 21:56:08,416 [grpc-default-executor-2] INFO  leader.FollowerInfo (FollowerInfoImpl.java:lambda$new$0(48)) - omNode-1@group-523986131536->omNode-3: nextIndex: updateUnconditionally 0 -> 0
2022-10-18 21:56:08,416 [omNode-1@group-523986131536->omNode-3-GrpcLogAppender-LogAppenderDaemon] INFO  server.GrpcLogAppender (GrpcLogAppender.java:installSnapshot(541)) - omNode-1@group-523986131536->omNode-3-GrpcLogAppender: followerNextIndex = 0 but logStartIndex = 59, notify follower to install snapshot-(t:5, i:59)
2022-10-18 21:56:08,416 [omNode-1@group-523986131536->omNode-3-GrpcLogAppender-LogAppenderDaemon] INFO  server.GrpcLogAppender (GrpcLogAppender.java:installSnapshot(549)) - omNode-1@group-523986131536->omNode-3-GrpcLogAppender: send omNode-1->omNode-3#0-t5,notify:(t:5, i:59)
2022-10-18 21:56:08,417 [grpc-default-executor-0] WARN  server.GrpcLogAppender (LogUtils.java:warn(122)) - omNode-1@group-523986131536->omNode-3-AppendLogResponseHandler: Failed appendEntries: org.apache.ratis.thirdparty.io.grpc.StatusRuntimeException: UNAVAILABLE: io exception
2022-10-18 21:56:08,417 [grpc-default-executor-0] INFO  leader.FollowerInfo (FollowerInfoImpl.java:lambda$new$0(48)) - omNode-1@group-523986131536->omNode-3: nextIndex: updateUnconditionally 0 -> 0
2022-10-18 21:56:08,417 [grpc-default-executor-0] WARN  server.GrpcLogAppender (LogUtils.java:warn(122)) - omNode-1@group-523986131536->omNode-3-InstallSnapshotResponseHandler: Failed InstallSnapshot: org.apache.ratis.thirdparty.io.grpc.StatusRuntimeException: UNAVAILABLE: io exception
2022-10-18 21:56:08,417 [grpc-default-executor-0] INFO  leader.FollowerInfo (FollowerInfoImpl.java:lambda$new$0(48)) - omNode-1@group-523986131536->omNode-3: nextIndex: updateUnconditionally 0 -> 0
2022-10-18 21:56:08,418 [omNode-1@group-523986131536->omNode-3-GrpcLogAppender-LogAppenderDaemon] INFO  server.GrpcLogAppender (GrpcLogAppender.java:installSnapshot(541)) - omNode-1@group-523986131536->omNode-3-GrpcLogAppender: followerNextIndex = 0 but logStartIndex = 59, notify follower to install snapshot-(t:5, i:59)
2022-10-18 21:56:08,418 [omNode-1@group-523986131536->omNode-3-GrpcLogAppender-LogAppenderDaemon] INFO  server.GrpcLogAppender (GrpcLogAppender.java:installSnapshot(549)) - omNode-1@group-523986131536->omNode-3-GrpcLogAppender: send omNode-1->omNode-3#0-t5,notify:(t:5, i:59)
2022-10-18 21:56:08,418 [grpc-default-executor-0] WARN  server.GrpcLogAppender (LogUtils.java:warn(122)) - omNode-1@group-523986131536->omNode-3-AppendLogResponseHandler: Failed appendEntries: org.apache.ratis.thirdparty.io.grpc.StatusRuntimeException: UNAVAILABLE: io exception
2022-10-18 21:56:08,418 [grpc-default-executor-0] INFO  leader.FollowerInfo (FollowerInfoImpl.java:lambda$new$0(48)) - omNode-1@group-523986131536->omNode-3: nextIndex: updateUnconditionally 0 -> 0
2022-10-18 21:56:08,418 [grpc-default-executor-1] WARN  server.GrpcLogAppender (LogUtils.java:warn(122)) - omNode-1@group-523986131536->omNode-3-InstallSnapshotResponseHandler: Failed InstallSnapshot: org.apache.ratis.thirdparty.io.grpc.StatusRuntimeException: UNAVAILABLE: io exception
2022-10-18 21:56:08,418 [grpc-default-executor-1] INFO  leader.FollowerInfo (FollowerInfoImpl.java:lambda$new$0(48)) - omNode-1@group-523986131536->omNode-3: nextIndex: updateUnconditionally 0 -> 0
2022-10-18 21:56:08,419 [omNode-1@group-523986131536->omNode-3-GrpcLogAppender-LogAppenderDaemon] INFO  server.GrpcLogAppender (GrpcLogAppender.java:installSnapshot(541)) - omNode-1@group-523986131536->omNode-3-GrpcLogAppender: followerNextIndex = 0 but logStartIndex = 59, notify follower to install snapshot-(t:5, i:59)
2022-10-18 21:56:08,419 [omNode-1@group-523986131536->omNode-3-GrpcLogAppender-LogAppenderDaemon] INFO  server.GrpcLogAppender (GrpcLogAppender.java:installSnapshot(549)) - omNode-1@group-523986131536->omNode-3-GrpcLogAppender: send omNode-1->omNode-3#0-t5,notify:(t:5, i:59)
2022-10-18 21:56:08,419 [grpc-default-executor-2] WARN  server.GrpcLogAppender (LogUtils.java:warn(122)) - omNode-1@group-523986131536->omNode-3-InstallSnapshotResponseHandler: Failed InstallSnapshot: org.apache.ratis.thirdparty.io.grpc.StatusRuntimeException: UNAVAILABLE: io exception
2022-10-18 21:56:08,419 [grpc-default-executor-2] INFO  leader.FollowerInfo (FollowerInfoImpl.java:lambda$new$0(48)) - omNode-1@group-523986131536->omNode-3: nextIndex: updateUnconditionally 0 -> 0
2022-10-18 21:56:08,419 [grpc-default-executor-2] WARN  server.GrpcLogAppender (LogUtils.java:warn(122)) - omNode-1@group-523986131536->omNode-3-AppendLogResponseHandler: Failed appendEntries: org.apache.ratis.thirdparty.io.grpc.StatusRuntimeException: UNAVAILABLE: io exception
2022-10-18 21:56:08,420 [grpc-default-executor-2] INFO  leader.FollowerInfo (FollowerInfoImpl.java:lambda$new$0(48)) - omNode-1@group-523986131536->omNode-3: nextIndex: updateUnconditionally 0 -> 0
2022-10-18 21:56:08,420 [omNode-1@group-523986131536->omNode-3-GrpcLogAppender-LogAppenderDaemon] INFO  server.GrpcLogAppender (GrpcLogAppender.java:installSnapshot(541)) - omNode-1@group-523986131536->omNode-3-GrpcLogAppender: followerNextIndex = 0 but logStartIndex = 59, notify follower to install snapshot-(t:5, i:59)
2022-10-18 21:56:08,420 [omNode-1@group-523986131536->omNode-3-GrpcLogAppender-LogAppenderDaemon] INFO  server.GrpcLogAppender (GrpcLogAppender.java:installSnapshot(549)) - omNode-1@group-523986131536->omNode-3-GrpcLogAppender: send omNode-1->omNode-3#0-t5,notify:(t:5, i:59)
2022-10-18 21:56:08,420 [grpc-default-executor-1] WARN  server.GrpcLogAppender (LogUtils.java:warn(122)) - omNode-1@group-523986131536->omNode-3-InstallSnapshotResponseHandler: Failed InstallSnapshot: org.apache.ratis.thirdparty.io.grpc.StatusRuntimeException: UNAVAILABLE: io exception
2022-10-18 21:56:08,420 [grpc-default-executor-1] INFO  leader.FollowerInfo (FollowerInfoImpl.java:lambda$new$0(48)) - omNode-1@group-523986131536->omNode-3: nextIndex: updateUnconditionally 0 -> 0
2022-10-18 21:56:08,421 [grpc-default-executor-2] WARN  server.GrpcLogAppender (LogUtils.java:warn(122)) - omNode-1@group-523986131536->omNode-3-AppendLogResponseHandler: Failed appendEntries: org.apache.ratis.thirdparty.io.grpc.StatusRuntimeException: UNAVAILABLE: io exception
2022-10-18 21:56:08,421 [grpc-default-executor-2] INFO  leader.FollowerInfo (FollowerInfoImpl.java:lambda$new$0(48)) - omNode-1@group-523986131536->omNode-3: nextIndex: updateUnconditionally 0 -> 0
2022-10-18 21:56:08,421 [omNode-1@group-523986131536->omNode-3-GrpcLogAppender-LogAppenderDaemon] INFO  server.GrpcLogAppender (GrpcLogAppender.java:installSnapshot(541)) - omNode-1@group-523986131536->omNode-3-GrpcLogAppender: followerNextIndex = 0 but logStartIndex = 59, notify follower to install snapshot-(t:5, i:59)
2022-10-18 21:56:08,421 [omNode-1@group-523986131536->omNode-3-GrpcLogAppender-LogAppenderDaemon] INFO  server.GrpcLogAppender (GrpcLogAppender.java:installSnapshot(549)) - omNode-1@group-523986131536->omNode-3-GrpcLogAppender: send omNode-1->omNode-3#0-t5,notify:(t:5, i:59)
2022-10-18 21:56:08,421 [grpc-default-executor-0] WARN  server.GrpcLogAppender (LogUtils.java:warn(122)) - omNode-1@group-523986131536->omNode-3-InstallSnapshotResponseHandler: Failed InstallSnapshot: org.apache.ratis.thirdparty.io.grpc.StatusRuntimeException: UNAVAILABLE: io exception
2022-10-18 21:56:08,422 [grpc-default-executor-0] INFO  leader.FollowerInfo (FollowerInfoImpl.java:lambda$new$0(48)) - omNode-1@group-523986131536->omNode-3: nextIndex: updateUnconditionally 0 -> 0
2022-10-18 21:56:08,422 [grpc-default-executor-0] WARN  server.GrpcLogAppender (LogUtils.java:warn(122)) - omNode-1@group-523986131536->omNode-3-AppendLogResponseHandler: Failed appendEntries: org.apache.ratis.thirdparty.io.grpc.StatusRuntimeException: UNAVAILABLE: io exception
2022-10-18 21:56:08,422 [grpc-default-executor-0] INFO  leader.FollowerInfo (FollowerInfoImpl.java:lambda$new$0(48)) - omNode-1@group-523986131536->omNode-3: nextIndex: updateUnconditionally 0 -> 0
2022-10-18 21:56:08,422 [omNode-1@group-523986131536->omNode-3-GrpcLogAppender-LogAppenderDaemon] INFO  server.GrpcLogAppender (GrpcLogAppender.java:installSnapshot(541)) - omNode-1@group-523986131536->omNode-3-GrpcLogAppender: followerNextIndex = 0 but logStartIndex = 59, notify follower to install snapshot-(t:5, i:59)
2022-10-18 21:56:08,422 [Listener at localhost/45943] INFO  om.OzoneManager (OzoneManager.java:instantiateServices(712)) - S3 Multi-Tenancy is disabled
2022-10-18 21:56:08,422 [grpc-default-executor-0] WARN  server.GrpcLogAppender (LogUtils.java:warn(122)) - omNode-1@group-523986131536->omNode-3-AppendLogResponseHandler: Failed appendEntries: org.apache.ratis.thirdparty.io.grpc.StatusRuntimeException: UNAVAILABLE: io exception
2022-10-18 21:56:08,423 [grpc-default-executor-0] INFO  leader.FollowerInfo (FollowerInfoImpl.java:lambda$new$0(48)) - omNode-1@group-523986131536->omNode-3: nextIndex: updateUnconditionally 0 -> 0
2022-10-18 21:56:08,422 [omNode-1@group-523986131536->omNode-3-GrpcLogAppender-LogAppenderDaemon] INFO  server.GrpcLogAppender (GrpcLogAppender.java:installSnapshot(549)) - omNode-1@group-523986131536->omNode-3-GrpcLogAppender: send omNode-1->omNode-3#0-t5,notify:(t:5, i:59)
2022-10-18 21:56:08,423 [grpc-default-executor-2] WARN  server.GrpcLogAppender (LogUtils.java:warn(122)) - omNode-1@group-523986131536->omNode-3-InstallSnapshotResponseHandler: Failed InstallSnapshot: org.apache.ratis.thirdparty.io.grpc.StatusRuntimeException: UNAVAILABLE: io exception
2022-10-18 21:56:08,424 [grpc-default-executor-2] INFO  leader.FollowerInfo (FollowerInfoImpl.java:lambda$new$0(48)) - omNode-1@group-523986131536->omNode-3: nextIndex: updateUnconditionally 0 -> 0
2022-10-18 21:56:08,424 [omNode-1@group-523986131536->omNode-3-GrpcLogAppender-LogAppenderDaemon] INFO  server.GrpcLogAppender (GrpcLogAppender.java:installSnapshot(541)) - omNode-1@group-523986131536->omNode-3-GrpcLogAppender: followerNextIndex = 0 but logStartIndex = 59, notify follower to install snapshot-(t:5, i:59)
2022-10-18 21:56:08,424 [grpc-default-executor-0] WARN  server.GrpcLogAppender (LogUtils.java:warn(122)) - omNode-1@group-523986131536->omNode-3-AppendLogResponseHandler: Failed appendEntries: org.apache.ratis.thirdparty.io.grpc.StatusRuntimeException: UNAVAILABLE: io exception
2022-10-18 21:56:08,425 [grpc-default-executor-0] INFO  leader.FollowerInfo (FollowerInfoImpl.java:lambda$new$0(48)) - omNode-1@group-523986131536->omNode-3: nextIndex: updateUnconditionally 0 -> 0
2022-10-18 21:56:08,425 [omNode-1@group-523986131536->omNode-3-GrpcLogAppender-LogAppenderDaemon] INFO  server.GrpcLogAppender (GrpcLogAppender.java:installSnapshot(549)) - omNode-1@group-523986131536->omNode-3-GrpcLogAppender: send omNode-1->omNode-3#0-t5,notify:(t:5, i:59)
2022-10-18 21:56:08,425 [grpc-default-executor-2] WARN  server.GrpcLogAppender (LogUtils.java:warn(122)) - omNode-1@group-523986131536->omNode-3-InstallSnapshotResponseHandler: Failed InstallSnapshot: org.apache.ratis.thirdparty.io.grpc.StatusRuntimeException: UNAVAILABLE: io exception
2022-10-18 21:56:08,425 [grpc-default-executor-2] INFO  leader.FollowerInfo (FollowerInfoImpl.java:lambda$new$0(48)) - omNode-1@group-523986131536->omNode-3: nextIndex: updateUnconditionally 0 -> 0
2022-10-18 21:56:08,426 [omNode-1@group-523986131536->omNode-3-GrpcLogAppender-LogAppenderDaemon] INFO  server.GrpcLogAppender (GrpcLogAppender.java:installSnapshot(541)) - omNode-1@group-523986131536->omNode-3-GrpcLogAppender: followerNextIndex = 0 but logStartIndex = 59, notify follower to install snapshot-(t:5, i:59)
2022-10-18 21:56:08,426 [grpc-default-executor-0] WARN  server.GrpcLogAppender (LogUtils.java:warn(122)) - omNode-1@group-523986131536->omNode-3-AppendLogResponseHandler: Failed appendEntries: org.apache.ratis.thirdparty.io.grpc.StatusRuntimeException: UNAVAILABLE: io exception
2022-10-18 21:56:08,426 [grpc-default-executor-0] INFO  leader.FollowerInfo (FollowerInfoImpl.java:lambda$new$0(48)) - omNode-1@group-523986131536->omNode-3: nextIndex: updateUnconditionally 0 -> 0
2022-10-18 21:56:08,427 [omNode-1@group-523986131536->omNode-3-GrpcLogAppender-LogAppenderDaemon] INFO  server.GrpcLogAppender (GrpcLogAppender.java:installSnapshot(549)) - omNode-1@group-523986131536->omNode-3-GrpcLogAppender: send omNode-1->omNode-3#0-t5,notify:(t:5, i:59)
2022-10-18 21:56:08,427 [grpc-default-executor-2] WARN  server.GrpcLogAppender (LogUtils.java:warn(122)) - omNode-1@group-523986131536->omNode-3-InstallSnapshotResponseHandler: Failed InstallSnapshot: org.apache.ratis.thirdparty.io.grpc.StatusRuntimeException: UNAVAILABLE: io exception
2022-10-18 21:56:08,427 [grpc-default-executor-2] INFO  leader.FollowerInfo (FollowerInfoImpl.java:lambda$new$0(48)) - omNode-1@group-523986131536->omNode-3: nextIndex: updateUnconditionally 0 -> 0
2022-10-18 21:56:08,428 [omNode-1@group-523986131536->omNode-3-GrpcLogAppender-LogAppenderDaemon] INFO  server.GrpcLogAppender (GrpcLogAppender.java:installSnapshot(541)) - omNode-1@group-523986131536->omNode-3-GrpcLogAppender: followerNextIndex = 0 but logStartIndex = 59, notify follower to install snapshot-(t:5, i:59)
2022-10-18 21:56:08,428 [omNode-1@group-523986131536->omNode-3-GrpcLogAppender-LogAppenderDaemon] INFO  server.GrpcLogAppender (GrpcLogAppender.java:installSnapshot(549)) - omNode-1@group-523986131536->omNode-3-GrpcLogAppender: send omNode-1->omNode-3#0-t5,notify:(t:5, i:59)
2022-10-18 21:56:08,428 [grpc-default-executor-0] WARN  server.GrpcLogAppender (LogUtils.java:warn(122)) - omNode-1@group-523986131536->omNode-3-InstallSnapshotResponseHandler: Failed InstallSnapshot: org.apache.ratis.thirdparty.io.grpc.StatusRuntimeException: UNAVAILABLE: io exception
2022-10-18 21:56:08,428 [grpc-default-executor-2] WARN  server.GrpcLogAppender (LogUtils.java:warn(122)) - omNode-1@group-523986131536->omNode-3-AppendLogResponseHandler: Failed appendEntries: org.apache.ratis.thirdparty.io.grpc.StatusRuntimeException: UNAVAILABLE: io exception
2022-10-18 21:56:08,429 [grpc-default-executor-0] INFO  leader.FollowerInfo (FollowerInfoImpl.java:lambda$new$0(48)) - omNode-1@group-523986131536->omNode-3: nextIndex: updateUnconditionally 0 -> 0
2022-10-18 21:56:08,429 [grpc-default-executor-2] INFO  leader.FollowerInfo (FollowerInfoImpl.java:lambda$new$0(48)) - omNode-1@group-523986131536->omNode-3: nextIndex: updateUnconditionally 0 -> 0
2022-10-18 21:56:08,430 [Listener at localhost/45943] WARN  server.ServerUtils (ServerUtils.java:getDefaultRatisDirectory(237)) - Storage directory for Ratis is not configured. It is a good idea to map this to an SSD disk. Falling back to ozone.metadata.dirs
2022-10-18 21:56:08,430 [omNode-1@group-523986131536->omNode-3-GrpcLogAppender-LogAppenderDaemon] INFO  server.GrpcLogAppender (GrpcLogAppender.java:installSnapshot(541)) - omNode-1@group-523986131536->omNode-3-GrpcLogAppender: followerNextIndex = 0 but logStartIndex = 59, notify follower to install snapshot-(t:5, i:59)
2022-10-18 21:56:08,430 [grpc-default-executor-2] WARN  server.GrpcLogAppender (LogUtils.java:warn(122)) - omNode-1@group-523986131536->omNode-3-AppendLogResponseHandler: Failed appendEntries: org.apache.ratis.thirdparty.io.grpc.StatusRuntimeException: UNAVAILABLE: io exception
2022-10-18 21:56:08,431 [grpc-default-executor-2] INFO  leader.FollowerInfo (FollowerInfoImpl.java:lambda$new$0(48)) - omNode-1@group-523986131536->omNode-3: nextIndex: updateUnconditionally 0 -> 0
2022-10-18 21:56:08,431 [omNode-1@group-523986131536->omNode-3-GrpcLogAppender-LogAppenderDaemon] INFO  server.GrpcLogAppender (GrpcLogAppender.java:installSnapshot(549)) - omNode-1@group-523986131536->omNode-3-GrpcLogAppender: send omNode-1->omNode-3#0-t5,notify:(t:5, i:59)
2022-10-18 21:56:08,431 [grpc-default-executor-0] WARN  server.GrpcLogAppender (LogUtils.java:warn(122)) - omNode-1@group-523986131536->omNode-3-InstallSnapshotResponseHandler: Failed InstallSnapshot: org.apache.ratis.thirdparty.io.grpc.StatusRuntimeException: UNAVAILABLE: io exception
2022-10-18 21:56:08,431 [Listener at localhost/45943] INFO  ratis.OzoneManagerRatisServer (OzoneManagerRatisServer.java:<init>(160)) - Instantiating OM Ratis server with groupID: om-service-test1 and peers: localhost:38017, localhost:35389, localhost:45203
2022-10-18 21:56:08,431 [grpc-default-executor-0] INFO  leader.FollowerInfo (FollowerInfoImpl.java:lambda$new$0(48)) - omNode-1@group-523986131536->omNode-3: nextIndex: updateUnconditionally 0 -> 0
2022-10-18 21:56:08,432 [Listener at localhost/45943] INFO  ratis.OzoneManagerStateMachine (OzoneManagerStateMachine.java:loadSnapshotInfoFromDB(632)) - LastAppliedIndex is set from TransactionInfo from OM DB as (t:3, i:56)
2022-10-18 21:56:08,432 [omNode-1@group-523986131536->omNode-3-GrpcLogAppender-LogAppenderDaemon] INFO  server.GrpcLogAppender (GrpcLogAppender.java:installSnapshot(541)) - omNode-1@group-523986131536->omNode-3-GrpcLogAppender: followerNextIndex = 0 but logStartIndex = 59, notify follower to install snapshot-(t:5, i:59)
2022-10-18 21:56:08,432 [omNode-1@group-523986131536->omNode-3-GrpcLogAppender-LogAppenderDaemon] INFO  server.GrpcLogAppender (GrpcLogAppender.java:installSnapshot(549)) - omNode-1@group-523986131536->omNode-3-GrpcLogAppender: send omNode-1->omNode-3#0-t5,notify:(t:5, i:59)
2022-10-18 21:56:08,432 [grpc-default-executor-1] WARN  server.GrpcLogAppender (LogUtils.java:warn(122)) - omNode-1@group-523986131536->omNode-3-InstallSnapshotResponseHandler: Failed InstallSnapshot: org.apache.ratis.thirdparty.io.grpc.StatusRuntimeException: UNAVAILABLE: io exception
2022-10-18 21:56:08,432 [grpc-default-executor-1] INFO  leader.FollowerInfo (FollowerInfoImpl.java:lambda$new$0(48)) - omNode-1@group-523986131536->omNode-3: nextIndex: updateUnconditionally 0 -> 0
2022-10-18 21:56:08,433 [grpc-default-executor-2] WARN  server.GrpcLogAppender (LogUtils.java:warn(122)) - omNode-1@group-523986131536->omNode-3-AppendLogResponseHandler: Failed appendEntries: org.apache.ratis.thirdparty.io.grpc.StatusRuntimeException: UNAVAILABLE: io exception
2022-10-18 21:56:08,433 [grpc-default-executor-2] INFO  leader.FollowerInfo (FollowerInfoImpl.java:lambda$new$0(48)) - omNode-1@group-523986131536->omNode-3: nextIndex: updateUnconditionally 0 -> 0
2022-10-18 21:56:08,433 [omNode-1@group-523986131536->omNode-3-GrpcLogAppender-LogAppenderDaemon] INFO  server.GrpcLogAppender (GrpcLogAppender.java:installSnapshot(541)) - omNode-1@group-523986131536->omNode-3-GrpcLogAppender: followerNextIndex = 0 but logStartIndex = 59, notify follower to install snapshot-(t:5, i:59)
2022-10-18 21:56:08,433 [omNode-1@group-523986131536->omNode-3-GrpcLogAppender-LogAppenderDaemon] INFO  server.GrpcLogAppender (GrpcLogAppender.java:installSnapshot(549)) - omNode-1@group-523986131536->omNode-3-GrpcLogAppender: send omNode-1->omNode-3#0-t5,notify:(t:5, i:59)
2022-10-18 21:56:08,433 [grpc-default-executor-0] WARN  server.GrpcLogAppender (LogUtils.java:warn(122)) - omNode-1@group-523986131536->omNode-3-AppendLogResponseHandler: Failed appendEntries: org.apache.ratis.thirdparty.io.grpc.StatusRuntimeException: UNAVAILABLE: io exception
2022-10-18 21:56:08,433 [Listener at localhost/45943] INFO  server.RaftServer (ConfUtils.java:logGet(46)) - raft.rpc.type = GRPC (default)
2022-10-18 21:56:08,433 [grpc-default-executor-0] INFO  leader.FollowerInfo (FollowerInfoImpl.java:lambda$new$0(48)) - omNode-1@group-523986131536->omNode-3: nextIndex: updateUnconditionally 0 -> 0
2022-10-18 21:56:08,433 [grpc-default-executor-2] WARN  server.GrpcLogAppender (LogUtils.java:warn(122)) - omNode-1@group-523986131536->omNode-3-InstallSnapshotResponseHandler: Failed InstallSnapshot: org.apache.ratis.thirdparty.io.grpc.StatusRuntimeException: UNAVAILABLE: io exception
2022-10-18 21:56:08,434 [grpc-default-executor-2] INFO  leader.FollowerInfo (FollowerInfoImpl.java:lambda$new$0(48)) - omNode-1@group-523986131536->omNode-3: nextIndex: updateUnconditionally 0 -> 0
2022-10-18 21:56:08,433 [Listener at localhost/45943] INFO  grpc.GrpcFactory (GrpcFactory.java:checkPooledByteBufAllocatorUseCacheForAllThreads(48)) - PERFORMANCE WARNING: useCacheForAllThreads is true that may cause Netty to create a lot garbage objects and, as a result, trigger GC.
	It is recommended to disable useCacheForAllThreads by setting -Dorg.apache.ratis.thirdparty.io.netty.allocator.useCacheForAllThreads=false in command line.
2022-10-18 21:56:08,434 [Listener at localhost/45943] INFO  grpc.GrpcConfigKeys (ConfUtils.java:logGet(46)) - raft.grpc.admin.port = -1 (default)
2022-10-18 21:56:08,434 [Listener at localhost/45943] INFO  grpc.GrpcConfigKeys (ConfUtils.java:logGet(46)) - raft.grpc.server.port = 38017 (custom)
2022-10-18 21:56:08,434 [Listener at localhost/45943] INFO  grpc.GrpcConfigKeys (ConfUtils.java:logGet(46)) - raft.grpc.client.port = -1 (default)
2022-10-18 21:56:08,434 [Listener at localhost/45943] INFO  grpc.GrpcConfigKeys (ConfUtils.java:logGet(46)) - raft.grpc.server.port = 38017 (custom)
2022-10-18 21:56:08,434 [Listener at localhost/45943] INFO  grpc.GrpcConfigKeys (ConfUtils.java:logGet(46)) - raft.grpc.server.port = 38017 (custom)
2022-10-18 21:56:08,435 [Listener at localhost/45943] INFO  server.GrpcService (ConfUtils.java:logGet(46)) - raft.grpc.message.size.max = 33554432 (custom)
2022-10-18 21:56:08,435 [Listener at localhost/45943] INFO  server.RaftServerConfigKeys (ConfUtils.java:logGet(46)) - raft.server.log.appender.buffer.byte-limit = 33554432 (custom)
2022-10-18 21:56:08,435 [Listener at localhost/45943] INFO  server.GrpcService (ConfUtils.java:logGet(46)) - raft.grpc.flow.control.window = 1MB (=1048576) (default)
2022-10-18 21:56:08,435 [Listener at localhost/45943] INFO  server.RaftServerConfigKeys (ConfUtils.java:logGet(46)) - raft.server.rpc.request.timeout = 3000ms (default)
2022-10-18 21:56:08,435 [Listener at localhost/45943] INFO  grpc.GrpcConfigKeys (ConfUtils.java:logGet(46)) - raft.grpc.server.async.request.thread.pool.cached = true (default)
2022-10-18 21:56:08,435 [Listener at localhost/45943] INFO  grpc.GrpcConfigKeys (ConfUtils.java:logGet(46)) - raft.grpc.server.async.request.thread.pool.size = 32 (default)
2022-10-18 21:56:08,436 [Listener at localhost/45943] INFO  impl.DataStreamServerImpl (ConfUtils.java:logGet(46)) - raft.datastream.type = DISABLED (default)
2022-10-18 21:56:08,437 [Listener at localhost/45943] INFO  server.RaftServerConfigKeys (ConfUtils.java:logGet(46)) - raft.server.threadpool.proxy.cached = true (default)
2022-10-18 21:56:08,437 [Listener at localhost/45943] INFO  server.RaftServerConfigKeys (ConfUtils.java:logGet(46)) - raft.server.threadpool.proxy.size = 0 (default)
2022-10-18 21:56:08,437 [omNode-1@group-523986131536->omNode-3-GrpcLogAppender-LogAppenderDaemon] INFO  server.GrpcLogAppender (GrpcLogAppender.java:installSnapshot(541)) - omNode-1@group-523986131536->omNode-3-GrpcLogAppender: followerNextIndex = 0 but logStartIndex = 59, notify follower to install snapshot-(t:5, i:59)
2022-10-18 21:56:08,437 [grpc-default-executor-2] WARN  server.GrpcLogAppender (LogUtils.java:warn(122)) - omNode-1@group-523986131536->omNode-3-AppendLogResponseHandler: Failed appendEntries: org.apache.ratis.thirdparty.io.grpc.StatusRuntimeException: UNAVAILABLE: io exception
2022-10-18 21:56:08,437 [omNode-1@group-523986131536->omNode-3-GrpcLogAppender-LogAppenderDaemon] INFO  server.GrpcLogAppender (GrpcLogAppender.java:installSnapshot(549)) - omNode-1@group-523986131536->omNode-3-GrpcLogAppender: send omNode-1->omNode-3#0-t5,notify:(t:5, i:59)
2022-10-18 21:56:08,437 [grpc-default-executor-0] WARN  server.GrpcLogAppender (LogUtils.java:warn(122)) - omNode-1@group-523986131536->omNode-3-InstallSnapshotResponseHandler: Failed InstallSnapshot: org.apache.ratis.thirdparty.io.grpc.StatusRuntimeException: UNAVAILABLE: io exception
2022-10-18 21:56:08,438 [grpc-default-executor-2] INFO  leader.FollowerInfo (FollowerInfoImpl.java:lambda$new$0(48)) - omNode-1@group-523986131536->omNode-3: nextIndex: updateUnconditionally 0 -> 0
2022-10-18 21:56:08,438 [grpc-default-executor-0] INFO  leader.FollowerInfo (FollowerInfoImpl.java:lambda$new$0(48)) - omNode-1@group-523986131536->omNode-3: nextIndex: updateUnconditionally 0 -> 0
2022-10-18 21:56:08,437 [Listener at localhost/45943] INFO  server.RaftServerConfigKeys (ConfUtils.java:logGet(46)) - raft.server.rpc.slowness.timeout = 2s (custom)
2022-10-18 21:56:08,438 [Listener at localhost/45943] INFO  server.RaftServerConfigKeys (ConfUtils.java:logGet(46)) - raft.server.leaderelection.leader.step-down.wait-time = 10s (default)
2022-10-18 21:56:08,438 [Listener at localhost/45943] INFO  server.RaftServerConfigKeys (ConfUtils.java:logGet(46)) - raft.server.storage.dir = [/home/runner/work/ozone/ozone/hadoop-ozone/integration-test/target/test-dir/MiniOzoneClusterImpl-285291dc-83a3-4c49-94f6-5e759e1760ea/omNode-3/ratis] (custom)
2022-10-18 21:56:08,439 [omNode-1@group-523986131536->omNode-3-GrpcLogAppender-LogAppenderDaemon] INFO  server.GrpcLogAppender (GrpcLogAppender.java:installSnapshot(541)) - omNode-1@group-523986131536->omNode-3-GrpcLogAppender: followerNextIndex = 0 but logStartIndex = 59, notify follower to install snapshot-(t:5, i:59)
2022-10-18 21:56:08,439 [omNode-3-impl-thread1] INFO  server.RaftServer (RaftServerProxy.java:initGroupDir(247)) - omNode-3: found a subdirectory /home/runner/work/ozone/ozone/hadoop-ozone/integration-test/target/test-dir/MiniOzoneClusterImpl-285291dc-83a3-4c49-94f6-5e759e1760ea/omNode-3/ratis/c9bc4cf4-3bc3-3c60-a66b-523986131536
2022-10-18 21:56:08,439 [grpc-default-executor-2] WARN  server.GrpcLogAppender (LogUtils.java:warn(122)) - omNode-1@group-523986131536->omNode-3-AppendLogResponseHandler: Failed appendEntries: org.apache.ratis.thirdparty.io.grpc.StatusRuntimeException: UNAVAILABLE: io exception
2022-10-18 21:56:08,439 [omNode-1@group-523986131536->omNode-3-GrpcLogAppender-LogAppenderDaemon] INFO  server.GrpcLogAppender (GrpcLogAppender.java:installSnapshot(549)) - omNode-1@group-523986131536->omNode-3-GrpcLogAppender: send omNode-1->omNode-3#0-t5,notify:(t:5, i:59)
2022-10-18 21:56:08,439 [grpc-default-executor-2] INFO  leader.FollowerInfo (FollowerInfoImpl.java:lambda$new$0(48)) - omNode-1@group-523986131536->omNode-3: nextIndex: updateUnconditionally 0 -> 0
2022-10-18 21:56:08,439 [Listener at localhost/45943] INFO  server.RaftServer (RaftServerProxy.java:addNew(96)) - omNode-3: addNew group-523986131536:[omNode-3|rpc:localhost:38017|priority:0, omNode-1|rpc:localhost:35389|priority:0, omNode-2|rpc:localhost:45203|priority:0] returns group-523986131536:java.util.concurrent.CompletableFuture@2caceee0[Not completed]
2022-10-18 21:56:08,440 [Listener at localhost/45943] INFO  om.OzoneManager (OzoneManager.java:initializeRatisServer(1975)) - OzoneManager Ratis server initialized at port 38017
2022-10-18 21:56:08,440 [Listener at localhost/45943] INFO  ratis.OzoneManagerRatisServer (OzoneManagerRatisServer.java:start(555)) - Starting OzoneManagerRatisServer omNode-3 at port 38017
2022-10-18 21:56:08,440 [grpc-default-executor-0] WARN  server.GrpcLogAppender (LogUtils.java:warn(122)) - omNode-1@group-523986131536->omNode-3-InstallSnapshotResponseHandler: Failed InstallSnapshot: org.apache.ratis.thirdparty.io.grpc.StatusRuntimeException: UNAVAILABLE: io exception
2022-10-18 21:56:08,440 [grpc-default-executor-0] INFO  leader.FollowerInfo (FollowerInfoImpl.java:lambda$new$0(48)) - omNode-1@group-523986131536->omNode-3: nextIndex: updateUnconditionally 0 -> 0
2022-10-18 21:56:08,440 [omNode-1@group-523986131536->omNode-3-GrpcLogAppender-LogAppenderDaemon] INFO  server.GrpcLogAppender (GrpcLogAppender.java:installSnapshot(541)) - omNode-1@group-523986131536->omNode-3-GrpcLogAppender: followerNextIndex = 0 but logStartIndex = 59, notify follower to install snapshot-(t:5, i:59)
2022-10-18 21:56:08,440 [omNode-1@group-523986131536->omNode-3-GrpcLogAppender-LogAppenderDaemon] INFO  server.GrpcLogAppender (GrpcLogAppender.java:installSnapshot(549)) - omNode-1@group-523986131536->omNode-3-GrpcLogAppender: send omNode-1->omNode-3#0-t5,notify:(t:5, i:59)
2022-10-18 21:56:08,440 [pool-423-thread-1] INFO  server.RaftServer$Division (RaftServerImpl.java:<init>(190)) - omNode-3: new RaftServerImpl for group-523986131536:[omNode-3|rpc:localhost:38017|priority:0, omNode-1|rpc:localhost:35389|priority:0, omNode-2|rpc:localhost:45203|priority:0] with OzoneManagerStateMachine:uninitialized
2022-10-18 21:56:08,441 [pool-423-thread-1] INFO  server.RaftServerConfigKeys (ConfUtils.java:logGet(46)) - raft.server.rpc.timeout.min = 1s (custom)
2022-10-18 21:56:08,441 [pool-423-thread-1] INFO  server.RaftServerConfigKeys (ConfUtils.java:logGet(46)) - raft.server.rpc.timeout.max = 1200ms (custom)
2022-10-18 21:56:08,441 [grpc-default-executor-1] WARN  server.GrpcLogAppender (LogUtils.java:warn(122)) - omNode-1@group-523986131536->omNode-3-AppendLogResponseHandler: Failed appendEntries: org.apache.ratis.thirdparty.io.grpc.StatusRuntimeException: UNAVAILABLE: io exception
2022-10-18 21:56:08,441 [grpc-default-executor-0] WARN  server.GrpcLogAppender (LogUtils.java:warn(122)) - omNode-1@group-523986131536->omNode-3-InstallSnapshotResponseHandler: Failed InstallSnapshot: org.apache.ratis.thirdparty.io.grpc.StatusRuntimeException: UNAVAILABLE: io exception
2022-10-18 21:56:08,441 [pool-423-thread-1] INFO  server.RaftServerConfigKeys (ConfUtils.java:logGet(46)) - raft.server.rpc.sleep.time = 25ms (default)
2022-10-18 21:56:08,441 [pool-423-thread-1] INFO  server.RaftServerConfigKeys (ConfUtils.java:logGet(46)) - raft.server.rpc.slowness.timeout = 2s (custom)
2022-10-18 21:56:08,441 [pool-423-thread-1] INFO  server.RaftServerConfigKeys (ConfUtils.java:logGet(46)) - raft.server.leaderelection.leader.step-down.wait-time = 10s (default)
2022-10-18 21:56:08,441 [pool-423-thread-1] INFO  server.RaftServerConfigKeys (ConfUtils.java:logGet(46)) - raft.server.sleep.deviation.threshold = 300ms (default)
2022-10-18 21:56:08,441 [grpc-default-executor-1] INFO  leader.FollowerInfo (FollowerInfoImpl.java:lambda$new$0(48)) - omNode-1@group-523986131536->omNode-3: nextIndex: updateUnconditionally 0 -> 0
2022-10-18 21:56:08,442 [grpc-default-executor-0] INFO  leader.FollowerInfo (FollowerInfoImpl.java:lambda$new$0(48)) - omNode-1@group-523986131536->omNode-3: nextIndex: updateUnconditionally 0 -> 0
2022-10-18 21:56:08,442 [pool-423-thread-1] INFO  server.RaftServer$Division (ServerState.java:<init>(107)) - omNode-3@group-523986131536: ConfigurationManager, init=-1: [omNode-3|rpc:localhost:38017|priority:0, omNode-1|rpc:localhost:35389|priority:0, omNode-2|rpc:localhost:45203|priority:0], old=null, confs=<EMPTY_MAP>
2022-10-18 21:56:08,442 [pool-423-thread-1] INFO  server.RaftServerConfigKeys (ConfUtils.java:logGet(46)) - raft.server.storage.dir = [/home/runner/work/ozone/ozone/hadoop-ozone/integration-test/target/test-dir/MiniOzoneClusterImpl-285291dc-83a3-4c49-94f6-5e759e1760ea/omNode-3/ratis] (custom)
2022-10-18 21:56:08,442 [pool-423-thread-1] INFO  server.RaftServerConfigKeys (ConfUtils.java:logGet(46)) - raft.server.log.corruption.policy = EXCEPTION (default)
2022-10-18 21:56:08,442 [pool-423-thread-1] INFO  server.RaftServerConfigKeys (ConfUtils.java:logGet(46)) - raft.server.storage.free-space.min = 0MB (=0) (default)
2022-10-18 21:56:08,443 [omNode-1@group-523986131536->omNode-3-GrpcLogAppender-LogAppenderDaemon] INFO  server.GrpcLogAppender (GrpcLogAppender.java:installSnapshot(541)) - omNode-1@group-523986131536->omNode-3-GrpcLogAppender: followerNextIndex = 0 but logStartIndex = 59, notify follower to install snapshot-(t:5, i:59)
2022-10-18 21:56:08,443 [grpc-default-executor-0] WARN  server.GrpcLogAppender (LogUtils.java:warn(122)) - omNode-1@group-523986131536->omNode-3-AppendLogResponseHandler: Failed appendEntries: org.apache.ratis.thirdparty.io.grpc.StatusRuntimeException: UNAVAILABLE: io exception
2022-10-18 21:56:08,443 [omNode-1@group-523986131536->omNode-3-GrpcLogAppender-LogAppenderDaemon] INFO  server.GrpcLogAppender (GrpcLogAppender.java:installSnapshot(549)) - omNode-1@group-523986131536->omNode-3-GrpcLogAppender: send omNode-1->omNode-3#0-t5,notify:(t:5, i:59)
2022-10-18 21:56:08,443 [grpc-default-executor-1] WARN  server.GrpcLogAppender (LogUtils.java:warn(122)) - omNode-1@group-523986131536->omNode-3-InstallSnapshotResponseHandler: Failed InstallSnapshot: org.apache.ratis.thirdparty.io.grpc.StatusRuntimeException: UNAVAILABLE: io exception
2022-10-18 21:56:08,443 [grpc-default-executor-0] INFO  leader.FollowerInfo (FollowerInfoImpl.java:lambda$new$0(48)) - omNode-1@group-523986131536->omNode-3: nextIndex: updateUnconditionally 0 -> 0
2022-10-18 21:56:08,443 [grpc-default-executor-1] INFO  leader.FollowerInfo (FollowerInfoImpl.java:lambda$new$0(48)) - omNode-1@group-523986131536->omNode-3: nextIndex: updateUnconditionally 0 -> 0
2022-10-18 21:56:08,443 [omNode-1@group-523986131536->omNode-3-GrpcLogAppender-LogAppenderDaemon] INFO  server.GrpcLogAppender (GrpcLogAppender.java:installSnapshot(541)) - omNode-1@group-523986131536->omNode-3-GrpcLogAppender: followerNextIndex = 0 but logStartIndex = 59, notify follower to install snapshot-(t:5, i:59)
2022-10-18 21:56:08,444 [omNode-1@group-523986131536->omNode-3-GrpcLogAppender-LogAppenderDaemon] INFO  server.GrpcLogAppender (GrpcLogAppender.java:installSnapshot(549)) - omNode-1@group-523986131536->omNode-3-GrpcLogAppender: send omNode-1->omNode-3#0-t5,notify:(t:5, i:59)
2022-10-18 21:56:08,444 [pool-423-thread-1] INFO  storage.RaftStorageDirectory (RaftStorageDirectoryImpl.java:tryLock(230)) - Lock on /home/runner/work/ozone/ozone/hadoop-ozone/integration-test/target/test-dir/MiniOzoneClusterImpl-285291dc-83a3-4c49-94f6-5e759e1760ea/omNode-3/ratis/c9bc4cf4-3bc3-3c60-a66b-523986131536/in_use.lock acquired by nodename 38880@fv-az368-376
2022-10-18 21:56:08,444 [pool-423-thread-1] INFO  storage.RaftStorage (RaftStorageImpl.java:analyzeAndRecoverStorage(110)) - Read RaftStorageMetadata{term=5, votedFor=omNode-1} from /home/runner/work/ozone/ozone/hadoop-ozone/integration-test/target/test-dir/MiniOzoneClusterImpl-285291dc-83a3-4c49-94f6-5e759e1760ea/omNode-3/ratis/c9bc4cf4-3bc3-3c60-a66b-523986131536/current/raft-meta
2022-10-18 21:56:08,444 [grpc-default-executor-2] WARN  server.GrpcLogAppender (LogUtils.java:warn(122)) - omNode-1@group-523986131536->omNode-3-InstallSnapshotResponseHandler: Failed InstallSnapshot: org.apache.ratis.thirdparty.io.grpc.StatusRuntimeException: UNAVAILABLE: io exception
2022-10-18 21:56:08,445 [grpc-default-executor-2] INFO  leader.FollowerInfo (FollowerInfoImpl.java:lambda$new$0(48)) - omNode-1@group-523986131536->omNode-3: nextIndex: updateUnconditionally 0 -> 0
2022-10-18 21:56:08,445 [grpc-default-executor-2] WARN  server.GrpcLogAppender (LogUtils.java:warn(122)) - omNode-1@group-523986131536->omNode-3-AppendLogResponseHandler: Failed appendEntries: org.apache.ratis.thirdparty.io.grpc.StatusRuntimeException: UNAVAILABLE: io exception
2022-10-18 21:56:08,445 [grpc-default-executor-2] INFO  leader.FollowerInfo (FollowerInfoImpl.java:lambda$new$0(48)) - omNode-1@group-523986131536->omNode-3: nextIndex: updateUnconditionally 0 -> 0
2022-10-18 21:56:08,445 [grpc-default-executor-2] WARN  server.GrpcLogAppender (LogUtils.java:warn(122)) - omNode-1@group-523986131536->omNode-3-AppendLogResponseHandler: Failed appendEntries: org.apache.ratis.thirdparty.io.grpc.StatusRuntimeException: UNAVAILABLE: io exception
2022-10-18 21:56:08,445 [grpc-default-executor-2] INFO  leader.FollowerInfo (FollowerInfoImpl.java:lambda$new$0(48)) - omNode-1@group-523986131536->omNode-3: nextIndex: updateUnconditionally 0 -> 0
2022-10-18 21:56:08,446 [omNode-1@group-523986131536->omNode-3-GrpcLogAppender-LogAppenderDaemon] INFO  server.GrpcLogAppender (GrpcLogAppender.java:installSnapshot(541)) - omNode-1@group-523986131536->omNode-3-GrpcLogAppender: followerNextIndex = 0 but logStartIndex = 59, notify follower to install snapshot-(t:5, i:59)
2022-10-18 21:56:08,446 [omNode-1@group-523986131536->omNode-3-GrpcLogAppender-LogAppenderDaemon] INFO  server.GrpcLogAppender (GrpcLogAppender.java:installSnapshot(549)) - omNode-1@group-523986131536->omNode-3-GrpcLogAppender: send omNode-1->omNode-3#0-t5,notify:(t:5, i:59)
2022-10-18 21:56:08,446 [pool-423-thread-1] INFO  server.RaftServer$Division (ServerState.java:setRaftConf(393)) - omNode-3@group-523986131536: set configuration 59: [omNode-3|rpc:localhost:38017|admin:|client:|dataStream:|priority:0, omNode-1|rpc:localhost:35389|admin:|client:|dataStream:|priority:0, omNode-2|rpc:localhost:45203|admin:|client:|dataStream:|priority:0], old=null
2022-10-18 21:56:08,446 [pool-423-thread-1] INFO  server.RaftServerConfigKeys (ConfUtils.java:logGet(46)) - raft.server.notification.no-leader.timeout = 2s (custom)
2022-10-18 21:56:08,446 [pool-423-thread-1] INFO  server.RaftServerConfigKeys (ConfUtils.java:logGet(46)) - raft.server.log.use.memory = false (default)
2022-10-18 21:56:08,446 [pool-423-thread-1] INFO  server.RaftServerConfigKeys (ConfUtils.java:logGet(46)) - raft.server.log.purge.gap = 50 (custom)
2022-10-18 21:56:08,446 [pool-423-thread-1] INFO  server.RaftServerConfigKeys (ConfUtils.java:logGet(46)) - raft.server.log.appender.buffer.byte-limit = 33554432 (custom)
2022-10-18 21:56:08,446 [pool-423-thread-1] INFO  server.RaftServerConfigKeys (ConfUtils.java:logGet(46)) - raft.server.log.statemachine.data.read.timeout = 1000ms (default)
2022-10-18 21:56:08,447 [grpc-default-executor-1] WARN  server.GrpcLogAppender (LogUtils.java:warn(122)) - omNode-1@group-523986131536->omNode-3-InstallSnapshotResponseHandler: Failed InstallSnapshot: org.apache.ratis.thirdparty.io.grpc.StatusRuntimeException: UNAVAILABLE: io exception
2022-10-18 21:56:08,447 [grpc-default-executor-1] INFO  leader.FollowerInfo (FollowerInfoImpl.java:lambda$new$0(48)) - omNode-1@group-523986131536->omNode-3: nextIndex: updateUnconditionally 0 -> 0
2022-10-18 21:56:08,447 [omNode-1@group-523986131536->omNode-3-GrpcLogAppender-LogAppenderDaemon] INFO  server.GrpcLogAppender (GrpcLogAppender.java:installSnapshot(541)) - omNode-1@group-523986131536->omNode-3-GrpcLogAppender: followerNextIndex = 0 but logStartIndex = 59, notify follower to install snapshot-(t:5, i:59)
2022-10-18 21:56:08,447 [grpc-default-executor-2] WARN  server.GrpcLogAppender (LogUtils.java:warn(122)) - omNode-1@group-523986131536->omNode-3-AppendLogResponseHandler: Failed appendEntries: org.apache.ratis.thirdparty.io.grpc.StatusRuntimeException: UNAVAILABLE: io exception
2022-10-18 21:56:08,448 [grpc-default-executor-2] INFO  leader.FollowerInfo (FollowerInfoImpl.java:lambda$new$0(48)) - omNode-1@group-523986131536->omNode-3: nextIndex: updateUnconditionally 0 -> 0
2022-10-18 21:56:08,448 [omNode-1@group-523986131536->omNode-3-GrpcLogAppender-LogAppenderDaemon] INFO  server.GrpcLogAppender (GrpcLogAppender.java:installSnapshot(549)) - omNode-1@group-523986131536->omNode-3-GrpcLogAppender: send omNode-1->omNode-3#0-t5,notify:(t:5, i:59)
2022-10-18 21:56:08,448 [pool-423-thread-1] INFO  server.RaftServerConfigKeys (ConfUtils.java:logGet(46)) - raft.server.log.segment.size.max = 4194304 (custom)
2022-10-18 21:56:08,449 [pool-423-thread-1] INFO  server.RaftServerConfigKeys (ConfUtils.java:logGet(46)) - raft.server.log.segment.cache.num.max = 2 (custom)
2022-10-18 21:56:08,449 [pool-423-thread-1] INFO  server.RaftServerConfigKeys (ConfUtils.java:logGet(46)) - raft.server.log.segment.cache.size.max = 200MB (=209715200) (default)
2022-10-18 21:56:08,449 [pool-423-thread-1] INFO  segmented.SegmentedRaftLogWorker (SegmentedRaftLogWorker.java:<init>(187)) - new omNode-3@group-523986131536-SegmentedRaftLogWorker for RaftStorageImpl:Storage Directory /home/runner/work/ozone/ozone/hadoop-ozone/integration-test/target/test-dir/MiniOzoneClusterImpl-285291dc-83a3-4c49-94f6-5e759e1760ea/omNode-3/ratis/c9bc4cf4-3bc3-3c60-a66b-523986131536
2022-10-18 21:56:08,449 [pool-423-thread-1] INFO  server.RaftServerConfigKeys (ConfUtils.java:logGet(46)) - raft.server.log.queue.byte-limit = 64MB (=67108864) (default)
2022-10-18 21:56:08,449 [pool-423-thread-1] INFO  server.RaftServerConfigKeys (ConfUtils.java:logGet(46)) - raft.server.log.queue.element-limit = 4096 (default)
2022-10-18 21:56:08,449 [pool-423-thread-1] INFO  server.RaftServerConfigKeys (ConfUtils.java:logGet(46)) - raft.server.log.segment.size.max = 4194304 (custom)
2022-10-18 21:56:08,449 [pool-423-thread-1] INFO  server.RaftServerConfigKeys (ConfUtils.java:logGet(46)) - raft.server.log.preallocated.size = 4194304 (custom)
2022-10-18 21:56:08,449 [pool-423-thread-1] INFO  server.RaftServerConfigKeys (ConfUtils.java:logGet(46)) - raft.server.log.force.sync.num = 128 (default)
2022-10-18 21:56:08,449 [pool-423-thread-1] INFO  server.RaftServerConfigKeys (ConfUtils.java:logGet(46)) - raft.server.log.statemachine.data.sync = true (default)
2022-10-18 21:56:08,449 [pool-423-thread-1] INFO  server.RaftServerConfigKeys (ConfUtils.java:logGet(46)) - raft.server.log.statemachine.data.sync.timeout = 10s (default)
2022-10-18 21:56:08,449 [pool-423-thread-1] INFO  server.RaftServerConfigKeys (ConfUtils.java:logGet(46)) - raft.server.log.statemachine.data.sync.timeout.retry = -1 (default)
2022-10-18 21:56:08,450 [pool-423-thread-1] INFO  server.RaftServerConfigKeys (ConfUtils.java:logGet(46)) - raft.server.log.write.buffer.size = 64KB (=65536) (default)
2022-10-18 21:56:08,450 [pool-423-thread-1] INFO  server.RaftServerConfigKeys (ConfUtils.java:logGet(46)) - raft.server.log.unsafe-flush.enabled = false (default)
2022-10-18 21:56:08,450 [pool-423-thread-1] INFO  server.RaftServerConfigKeys (ConfUtils.java:logGet(46)) - raft.server.log.statemachine.data.caching.enabled = false (default)
2022-10-18 21:56:08,450 [grpc-default-executor-1] WARN  server.GrpcLogAppender (LogUtils.java:warn(122)) - omNode-1@group-523986131536->omNode-3-InstallSnapshotResponseHandler: Failed InstallSnapshot: org.apache.ratis.thirdparty.io.grpc.StatusRuntimeException: UNAVAILABLE: io exception
2022-10-18 21:56:08,451 [grpc-default-executor-1] INFO  leader.FollowerInfo (FollowerInfoImpl.java:lambda$new$0(48)) - omNode-1@group-523986131536->omNode-3: nextIndex: updateUnconditionally 0 -> 0
2022-10-18 21:56:08,451 [pool-423-thread-1] INFO  server.RaftServer$Division (ServerState.java:setRaftConf(393)) - omNode-3@group-523986131536: set configuration 31: [omNode-3|rpc:localhost:38017|admin:|client:|dataStream:|priority:0, omNode-1|rpc:localhost:35389|admin:|client:|dataStream:|priority:0, omNode-2|rpc:localhost:45203|admin:|client:|dataStream:|priority:0], old=null
2022-10-18 21:56:08,451 [omNode-1@group-523986131536->omNode-3-GrpcLogAppender-LogAppenderDaemon] INFO  server.GrpcLogAppender (GrpcLogAppender.java:installSnapshot(541)) - omNode-1@group-523986131536->omNode-3-GrpcLogAppender: followerNextIndex = 0 but logStartIndex = 59, notify follower to install snapshot-(t:5, i:59)
2022-10-18 21:56:08,451 [grpc-default-executor-1] WARN  server.GrpcLogAppender (LogUtils.java:warn(122)) - omNode-1@group-523986131536->omNode-3-AppendLogResponseHandler: Failed appendEntries: org.apache.ratis.thirdparty.io.grpc.StatusRuntimeException: UNAVAILABLE: io exception
2022-10-18 21:56:08,452 [omNode-1@group-523986131536->omNode-3-GrpcLogAppender-LogAppenderDaemon] INFO  server.GrpcLogAppender (GrpcLogAppender.java:installSnapshot(549)) - omNode-1@group-523986131536->omNode-3-GrpcLogAppender: send omNode-1->omNode-3#0-t5,notify:(t:5, i:59)
2022-10-18 21:56:08,452 [grpc-default-executor-2] WARN  server.GrpcLogAppender (LogUtils.java:warn(122)) - omNode-1@group-523986131536->omNode-3-InstallSnapshotResponseHandler: Failed InstallSnapshot: org.apache.ratis.thirdparty.io.grpc.StatusRuntimeException: UNAVAILABLE: io exception
2022-10-18 21:56:08,452 [pool-423-thread-1] INFO  segmented.LogSegment (LogSegment.java:loadSegment(173)) - Successfully read 26 entries from segment file /home/runner/work/ozone/ozone/hadoop-ozone/integration-test/target/test-dir/MiniOzoneClusterImpl-285291dc-83a3-4c49-94f6-5e759e1760ea/omNode-3/ratis/c9bc4cf4-3bc3-3c60-a66b-523986131536/current/log_inprogress_31
2022-10-18 21:56:08,452 [pool-423-thread-1] INFO  segmented.SegmentedRaftLogWorker (SegmentedRaftLogWorker.java:lambda$new$0(135)) - omNode-3@group-523986131536-SegmentedRaftLogWorker: flushIndex: setUnconditionally 0 -> 56
2022-10-18 21:56:08,452 [pool-423-thread-1] INFO  segmented.SegmentedRaftLogWorker (SegmentedRaftLogWorker.java:lambda$new$0(135)) - omNode-3@group-523986131536-SegmentedRaftLogWorker: safeCacheEvictIndex: setUnconditionally 0 -> -1
2022-10-18 21:56:08,453 [grpc-default-executor-1] INFO  leader.FollowerInfo (FollowerInfoImpl.java:lambda$new$0(48)) - omNode-1@group-523986131536->omNode-3: nextIndex: updateUnconditionally 0 -> 0
2022-10-18 21:56:08,453 [grpc-default-executor-2] INFO  leader.FollowerInfo (FollowerInfoImpl.java:lambda$new$0(48)) - omNode-1@group-523986131536->omNode-3: nextIndex: updateUnconditionally 0 -> 0
2022-10-18 21:56:08,453 [omNode-1@group-523986131536->omNode-3-GrpcLogAppender-LogAppenderDaemon] INFO  server.GrpcLogAppender (GrpcLogAppender.java:installSnapshot(541)) - omNode-1@group-523986131536->omNode-3-GrpcLogAppender: followerNextIndex = 0 but logStartIndex = 59, notify follower to install snapshot-(t:5, i:59)
2022-10-18 21:56:08,453 [omNode-1@group-523986131536->omNode-3-GrpcLogAppender-LogAppenderDaemon] INFO  server.GrpcLogAppender (GrpcLogAppender.java:installSnapshot(549)) - omNode-1@group-523986131536->omNode-3-GrpcLogAppender: send omNode-1->omNode-3#0-t5,notify:(t:5, i:59)
2022-10-18 21:56:08,454 [grpc-default-executor-1] WARN  server.GrpcLogAppender (LogUtils.java:warn(122)) - omNode-1@group-523986131536->omNode-3-AppendLogResponseHandler: Failed appendEntries: org.apache.ratis.thirdparty.io.grpc.StatusRuntimeException: UNAVAILABLE: io exception
2022-10-18 21:56:08,454 [grpc-default-executor-2] WARN  server.GrpcLogAppender (LogUtils.java:warn(122)) - omNode-1@group-523986131536->omNode-3-InstallSnapshotResponseHandler: Failed InstallSnapshot: org.apache.ratis.thirdparty.io.grpc.StatusRuntimeException: UNAVAILABLE: io exception
2022-10-18 21:56:08,454 [grpc-default-executor-1] INFO  leader.FollowerInfo (FollowerInfoImpl.java:lambda$new$0(48)) - omNode-1@group-523986131536->omNode-3: nextIndex: updateUnconditionally 0 -> 0
2022-10-18 21:56:08,454 [grpc-default-executor-2] INFO  leader.FollowerInfo (FollowerInfoImpl.java:lambda$new$0(48)) - omNode-1@group-523986131536->omNode-3: nextIndex: updateUnconditionally 0 -> 0
2022-10-18 21:56:08,454 [grpc-default-executor-2] WARN  server.GrpcLogAppender (LogUtils.java:warn(122)) - omNode-1@group-523986131536->omNode-3-AppendLogResponseHandler: Failed appendEntries: org.apache.ratis.thirdparty.io.grpc.StatusRuntimeException: UNAVAILABLE: io exception
2022-10-18 21:56:08,455 [grpc-default-executor-2] INFO  leader.FollowerInfo (FollowerInfoImpl.java:lambda$new$0(48)) - omNode-1@group-523986131536->omNode-3: nextIndex: updateUnconditionally 0 -> 0
2022-10-18 21:56:08,455 [omNode-1@group-523986131536->omNode-3-GrpcLogAppender-LogAppenderDaemon] INFO  server.GrpcLogAppender (GrpcLogAppender.java:installSnapshot(541)) - omNode-1@group-523986131536->omNode-3-GrpcLogAppender: followerNextIndex = 0 but logStartIndex = 59, notify follower to install snapshot-(t:5, i:59)
2022-10-18 21:56:08,455 [omNode-1@group-523986131536->omNode-3-GrpcLogAppender-LogAppenderDaemon] INFO  server.GrpcLogAppender (GrpcLogAppender.java:installSnapshot(549)) - omNode-1@group-523986131536->omNode-3-GrpcLogAppender: send omNode-1->omNode-3#0-t5,notify:(t:5, i:59)
2022-10-18 21:56:08,457 [grpc-default-executor-1] WARN  server.GrpcLogAppender (LogUtils.java:warn(122)) - omNode-1@group-523986131536->omNode-3-InstallSnapshotResponseHandler: Failed InstallSnapshot: org.apache.ratis.thirdparty.io.grpc.StatusRuntimeException: UNAVAILABLE: io exception
2022-10-18 21:56:08,457 [grpc-default-executor-1] INFO  leader.FollowerInfo (FollowerInfoImpl.java:lambda$new$0(48)) - omNode-1@group-523986131536->omNode-3: nextIndex: updateUnconditionally 0 -> 0
2022-10-18 21:56:08,457 [omNode-1@group-523986131536->omNode-3-GrpcLogAppender-LogAppenderDaemon] INFO  server.GrpcLogAppender (GrpcLogAppender.java:installSnapshot(541)) - omNode-1@group-523986131536->omNode-3-GrpcLogAppender: followerNextIndex = 0 but logStartIndex = 59, notify follower to install snapshot-(t:5, i:59)
2022-10-18 21:56:08,457 [omNode-1@group-523986131536->omNode-3-GrpcLogAppender-LogAppenderDaemon] INFO  server.GrpcLogAppender (GrpcLogAppender.java:installSnapshot(549)) - omNode-1@group-523986131536->omNode-3-GrpcLogAppender: send omNode-1->omNode-3#0-t5,notify:(t:5, i:59)
2022-10-18 21:56:08,458 [grpc-default-executor-0] WARN  server.GrpcLogAppender (LogUtils.java:warn(122)) - omNode-1@group-523986131536->omNode-3-AppendLogResponseHandler: Failed appendEntries: org.apache.ratis.thirdparty.io.grpc.StatusRuntimeException: UNAVAILABLE: io exception
2022-10-18 21:56:08,458 [grpc-default-executor-3] WARN  server.GrpcLogAppender (LogUtils.java:warn(122)) - omNode-1@group-523986131536->omNode-3-InstallSnapshotResponseHandler: Failed InstallSnapshot: org.apache.ratis.thirdparty.io.grpc.StatusRuntimeException: UNAVAILABLE: io exception
2022-10-18 21:56:08,458 [grpc-default-executor-0] INFO  leader.FollowerInfo (FollowerInfoImpl.java:lambda$new$0(48)) - omNode-1@group-523986131536->omNode-3: nextIndex: updateUnconditionally 0 -> 0
2022-10-18 21:56:08,458 [grpc-default-executor-3] INFO  leader.FollowerInfo (FollowerInfoImpl.java:lambda$new$0(48)) - omNode-1@group-523986131536->omNode-3: nextIndex: updateUnconditionally 0 -> 0
2022-10-18 21:56:08,459 [grpc-default-executor-3] WARN  server.GrpcLogAppender (LogUtils.java:warn(122)) - omNode-1@group-523986131536->omNode-3-AppendLogResponseHandler: Failed appendEntries: org.apache.ratis.thirdparty.io.grpc.StatusRuntimeException: UNAVAILABLE: io exception
2022-10-18 21:56:08,459 [omNode-1@group-523986131536->omNode-3-GrpcLogAppender-LogAppenderDaemon] INFO  server.GrpcLogAppender (GrpcLogAppender.java:installSnapshot(541)) - omNode-1@group-523986131536->omNode-3-GrpcLogAppender: followerNextIndex = 0 but logStartIndex = 59, notify follower to install snapshot-(t:5, i:59)
2022-10-18 21:56:08,459 [omNode-1@group-523986131536->omNode-3-GrpcLogAppender-LogAppenderDaemon] INFO  server.GrpcLogAppender (GrpcLogAppender.java:installSnapshot(549)) - omNode-1@group-523986131536->omNode-3-GrpcLogAppender: send omNode-1->omNode-3#0-t5,notify:(t:5, i:59)
2022-10-18 21:56:08,459 [grpc-default-executor-3] INFO  leader.FollowerInfo (FollowerInfoImpl.java:lambda$new$0(48)) - omNode-1@group-523986131536->omNode-3: nextIndex: updateUnconditionally 0 -> 0
2022-10-18 21:56:08,459 [grpc-default-executor-1] WARN  server.GrpcLogAppender (LogUtils.java:warn(122)) - omNode-1@group-523986131536->omNode-3-InstallSnapshotResponseHandler: Failed InstallSnapshot: org.apache.ratis.thirdparty.io.grpc.StatusRuntimeException: UNAVAILABLE: io exception
2022-10-18 21:56:08,460 [grpc-default-executor-1] INFO  leader.FollowerInfo (FollowerInfoImpl.java:lambda$new$0(48)) - omNode-1@group-523986131536->omNode-3: nextIndex: updateUnconditionally 0 -> 0
2022-10-18 21:56:08,460 [omNode-1@group-523986131536->omNode-3-GrpcLogAppender-LogAppenderDaemon] INFO  server.GrpcLogAppender (GrpcLogAppender.java:installSnapshot(541)) - omNode-1@group-523986131536->omNode-3-GrpcLogAppender: followerNextIndex = 0 but logStartIndex = 59, notify follower to install snapshot-(t:5, i:59)
2022-10-18 21:56:08,461 [omNode-1@group-523986131536->omNode-3-GrpcLogAppender-LogAppenderDaemon] INFO  server.GrpcLogAppender (GrpcLogAppender.java:installSnapshot(549)) - omNode-1@group-523986131536->omNode-3-GrpcLogAppender: send omNode-1->omNode-3#0-t5,notify:(t:5, i:59)
2022-10-18 21:56:08,461 [grpc-default-executor-3] WARN  server.GrpcLogAppender (LogUtils.java:warn(122)) - omNode-1@group-523986131536->omNode-3-InstallSnapshotResponseHandler: Failed InstallSnapshot: org.apache.ratis.thirdparty.io.grpc.StatusRuntimeException: UNAVAILABLE: io exception
2022-10-18 21:56:08,461 [grpc-default-executor-3] INFO  leader.FollowerInfo (FollowerInfoImpl.java:lambda$new$0(48)) - omNode-1@group-523986131536->omNode-3: nextIndex: updateUnconditionally 0 -> 0
2022-10-18 21:56:08,461 [grpc-default-executor-1] WARN  server.GrpcLogAppender (LogUtils.java:warn(122)) - omNode-1@group-523986131536->omNode-3-AppendLogResponseHandler: Failed appendEntries: org.apache.ratis.thirdparty.io.grpc.StatusRuntimeException: UNAVAILABLE: io exception
2022-10-18 21:56:08,461 [grpc-default-executor-1] INFO  leader.FollowerInfo (FollowerInfoImpl.java:lambda$new$0(48)) - omNode-1@group-523986131536->omNode-3: nextIndex: updateUnconditionally 0 -> 0
2022-10-18 21:56:08,462 [omNode-1@group-523986131536->omNode-3-GrpcLogAppender-LogAppenderDaemon] INFO  server.GrpcLogAppender (GrpcLogAppender.java:installSnapshot(541)) - omNode-1@group-523986131536->omNode-3-GrpcLogAppender: followerNextIndex = 0 but logStartIndex = 59, notify follower to install snapshot-(t:5, i:59)
2022-10-18 21:56:08,462 [omNode-1@group-523986131536->omNode-3-GrpcLogAppender-LogAppenderDaemon] INFO  server.GrpcLogAppender (GrpcLogAppender.java:installSnapshot(549)) - omNode-1@group-523986131536->omNode-3-GrpcLogAppender: send omNode-1->omNode-3#0-t5,notify:(t:5, i:59)
2022-10-18 21:56:08,462 [grpc-default-executor-3] WARN  server.GrpcLogAppender (LogUtils.java:warn(122)) - omNode-1@group-523986131536->omNode-3-InstallSnapshotResponseHandler: Failed InstallSnapshot: org.apache.ratis.thirdparty.io.grpc.StatusRuntimeException: UNAVAILABLE: io exception
2022-10-18 21:56:08,462 [grpc-default-executor-3] INFO  leader.FollowerInfo (FollowerInfoImpl.java:lambda$new$0(48)) - omNode-1@group-523986131536->omNode-3: nextIndex: updateUnconditionally 0 -> 0
2022-10-18 21:56:08,462 [grpc-default-executor-1] WARN  server.GrpcLogAppender (LogUtils.java:warn(122)) - omNode-1@group-523986131536->omNode-3-AppendLogResponseHandler: Failed appendEntries: org.apache.ratis.thirdparty.io.grpc.StatusRuntimeException: UNAVAILABLE: io exception
2022-10-18 21:56:08,462 [grpc-default-executor-1] INFO  leader.FollowerInfo (FollowerInfoImpl.java:lambda$new$0(48)) - omNode-1@group-523986131536->omNode-3: nextIndex: updateUnconditionally 0 -> 0
2022-10-18 21:56:08,463 [omNode-1@group-523986131536->omNode-3-GrpcLogAppender-LogAppenderDaemon] INFO  server.GrpcLogAppender (GrpcLogAppender.java:installSnapshot(541)) - omNode-1@group-523986131536->omNode-3-GrpcLogAppender: followerNextIndex = 0 but logStartIndex = 59, notify follower to install snapshot-(t:5, i:59)
2022-10-18 21:56:08,463 [omNode-1@group-523986131536->omNode-3-GrpcLogAppender-LogAppenderDaemon] INFO  server.GrpcLogAppender (GrpcLogAppender.java:installSnapshot(549)) - omNode-1@group-523986131536->omNode-3-GrpcLogAppender: send omNode-1->omNode-3#0-t5,notify:(t:5, i:59)
2022-10-18 21:56:08,463 [grpc-default-executor-3] WARN  server.GrpcLogAppender (LogUtils.java:warn(122)) - omNode-1@group-523986131536->omNode-3-InstallSnapshotResponseHandler: Failed InstallSnapshot: org.apache.ratis.thirdparty.io.grpc.StatusRuntimeException: UNAVAILABLE: io exception
2022-10-18 21:56:08,463 [grpc-default-executor-3] INFO  leader.FollowerInfo (FollowerInfoImpl.java:lambda$new$0(48)) - omNode-1@group-523986131536->omNode-3: nextIndex: updateUnconditionally 0 -> 0
2022-10-18 21:56:08,463 [grpc-default-executor-1] WARN  server.GrpcLogAppender (LogUtils.java:warn(122)) - omNode-1@group-523986131536->omNode-3-AppendLogResponseHandler: Failed appendEntries: org.apache.ratis.thirdparty.io.grpc.StatusRuntimeException: UNAVAILABLE: io exception
2022-10-18 21:56:08,464 [grpc-default-executor-1] INFO  leader.FollowerInfo (FollowerInfoImpl.java:lambda$new$0(48)) - omNode-1@group-523986131536->omNode-3: nextIndex: updateUnconditionally 0 -> 0
2022-10-18 21:56:08,464 [omNode-1@group-523986131536->omNode-3-GrpcLogAppender-LogAppenderDaemon] INFO  server.GrpcLogAppender (GrpcLogAppender.java:installSnapshot(541)) - omNode-1@group-523986131536->omNode-3-GrpcLogAppender: followerNextIndex = 0 but logStartIndex = 59, notify follower to install snapshot-(t:5, i:59)
2022-10-18 21:56:08,464 [omNode-1@group-523986131536->omNode-3-GrpcLogAppender-LogAppenderDaemon] INFO  server.GrpcLogAppender (GrpcLogAppender.java:installSnapshot(549)) - omNode-1@group-523986131536->omNode-3-GrpcLogAppender: send omNode-1->omNode-3#0-t5,notify:(t:5, i:59)
2022-10-18 21:56:08,464 [grpc-default-executor-1] WARN  server.GrpcLogAppender (LogUtils.java:warn(122)) - omNode-1@group-523986131536->omNode-3-AppendLogResponseHandler: Failed appendEntries: org.apache.ratis.thirdparty.io.grpc.StatusRuntimeException: UNAVAILABLE: io exception
2022-10-18 21:56:08,464 [grpc-default-executor-3] WARN  server.GrpcLogAppender (LogUtils.java:warn(122)) - omNode-1@group-523986131536->omNode-3-InstallSnapshotResponseHandler: Failed InstallSnapshot: org.apache.ratis.thirdparty.io.grpc.StatusRuntimeException: UNAVAILABLE: io exception
2022-10-18 21:56:08,464 [grpc-default-executor-1] INFO  leader.FollowerInfo (FollowerInfoImpl.java:lambda$new$0(48)) - omNode-1@group-523986131536->omNode-3: nextIndex: updateUnconditionally 0 -> 0
2022-10-18 21:56:08,465 [grpc-default-executor-3] INFO  leader.FollowerInfo (FollowerInfoImpl.java:lambda$new$0(48)) - omNode-1@group-523986131536->omNode-3: nextIndex: updateUnconditionally 0 -> 0
2022-10-18 21:56:08,465 [omNode-1@group-523986131536->omNode-3-GrpcLogAppender-LogAppenderDaemon] INFO  server.GrpcLogAppender (GrpcLogAppender.java:installSnapshot(541)) - omNode-1@group-523986131536->omNode-3-GrpcLogAppender: followerNextIndex = 0 but logStartIndex = 59, notify follower to install snapshot-(t:5, i:59)
2022-10-18 21:56:08,465 [omNode-1@group-523986131536->omNode-3-GrpcLogAppender-LogAppenderDaemon] INFO  server.GrpcLogAppender (GrpcLogAppender.java:installSnapshot(549)) - omNode-1@group-523986131536->omNode-3-GrpcLogAppender: send omNode-1->omNode-3#0-t5,notify:(t:5, i:59)
2022-10-18 21:56:08,465 [grpc-default-executor-3] WARN  server.GrpcLogAppender (LogUtils.java:warn(122)) - omNode-1@group-523986131536->omNode-3-InstallSnapshotResponseHandler: Failed InstallSnapshot: org.apache.ratis.thirdparty.io.grpc.StatusRuntimeException: UNAVAILABLE: io exception
2022-10-18 21:56:08,465 [pool-423-thread-1] INFO  raftlog.RaftLog (RaftLogBase.java:lambda$new$0(53)) - omNode-3@group-523986131536-SegmentedRaftLog: commitIndex: updateToMax old=56, new=55, updated? false
2022-10-18 21:56:08,466 [pool-423-thread-1] INFO  raftlog.RaftLog (RaftLogBase.java:lambda$new$0(53)) - omNode-3@group-523986131536-SegmentedRaftLog: purgeIndex: updateIncreasingly -1 -> 30
2022-10-18 21:56:08,466 [pool-423-thread-1] INFO  server.RaftServerConfigKeys (ConfUtils.java:logGet(46)) - raft.server.snapshot.auto.trigger.enabled = true (custom)
2022-10-18 21:56:08,466 [grpc-default-executor-3] INFO  leader.FollowerInfo (FollowerInfoImpl.java:lambda$new$0(48)) - omNode-1@group-523986131536->omNode-3: nextIndex: updateUnconditionally 0 -> 0
2022-10-18 21:56:08,466 [omNode-1@group-523986131536->omNode-3-GrpcLogAppender-LogAppenderDaemon] INFO  server.GrpcLogAppender (GrpcLogAppender.java:installSnapshot(541)) - omNode-1@group-523986131536->omNode-3-GrpcLogAppender: followerNextIndex = 0 but logStartIndex = 59, notify follower to install snapshot-(t:5, i:59)
2022-10-18 21:56:08,466 [omNode-1@group-523986131536->omNode-3-GrpcLogAppender-LogAppenderDaemon] INFO  server.GrpcLogAppender (GrpcLogAppender.java:installSnapshot(549)) - omNode-1@group-523986131536->omNode-3-GrpcLogAppender: send omNode-1->omNode-3#0-t5,notify:(t:5, i:59)
2022-10-18 21:56:08,466 [pool-423-thread-1] INFO  server.RaftServerConfigKeys (ConfUtils.java:logGet(46)) - raft.server.snapshot.auto.trigger.threshold = 50 (custom)
2022-10-18 21:56:08,466 [grpc-default-executor-0] WARN  server.GrpcLogAppender (LogUtils.java:warn(122)) - omNode-1@group-523986131536->omNode-3-AppendLogResponseHandler: Failed appendEntries: org.apache.ratis.thirdparty.io.grpc.StatusRuntimeException: UNAVAILABLE: io exception
2022-10-18 21:56:08,467 [grpc-default-executor-0] INFO  leader.FollowerInfo (FollowerInfoImpl.java:lambda$new$0(48)) - omNode-1@group-523986131536->omNode-3: nextIndex: updateUnconditionally 0 -> 0
2022-10-18 21:56:08,467 [pool-423-thread-1] INFO  server.RaftServerConfigKeys (ConfUtils.java:logGet(46)) - raft.server.snapshot.retention.file.num = -1 (default)
2022-10-18 21:56:08,467 [pool-423-thread-1] INFO  server.RaftServerConfigKeys (ConfUtils.java:logGet(46)) - raft.server.log.purge.upto.snapshot.index = true (custom)
2022-10-18 21:56:08,467 [pool-423-thread-1] INFO  server.RaftServerConfigKeys (ConfUtils.java:logGet(46)) - raft.server.retrycache.expirytime = 30000ms (custom)
2022-10-18 21:56:08,467 [pool-423-thread-1] INFO  server.RaftServerConfigKeys (ConfUtils.java:logGet(46)) - raft.server.retrycache.statistics.expirytime = 100μs (default)
2022-10-18 21:56:08,468 [pool-423-thread-1] INFO  server.RaftServerConfigKeys (ConfUtils.java:logGet(46)) - raft.server.log.appender.install.snapshot.enabled = false (custom)
2022-10-18 21:56:08,468 [pool-423-thread-1] INFO  server.RaftServerConfigKeys (ConfUtils.java:logGet(46)) - raft.server.threadpool.server.cached = true (default)
2022-10-18 21:56:08,468 [pool-423-thread-1] INFO  server.RaftServerConfigKeys (ConfUtils.java:logGet(46)) - raft.server.threadpool.server.size = 0 (default)
2022-10-18 21:56:08,468 [pool-423-thread-1] INFO  server.RaftServerConfigKeys (ConfUtils.java:logGet(46)) - raft.server.threadpool.client.cached = true (default)
2022-10-18 21:56:08,468 [pool-423-thread-1] INFO  server.RaftServerConfigKeys (ConfUtils.java:logGet(46)) - raft.server.threadpool.client.size = 0 (default)
2022-10-18 21:56:08,468 [grpc-default-executor-3] WARN  server.GrpcLogAppender (LogUtils.java:warn(122)) - omNode-1@group-523986131536->omNode-3-InstallSnapshotResponseHandler: Failed InstallSnapshot: org.apache.ratis.thirdparty.io.grpc.StatusRuntimeException: UNAVAILABLE: io exception
2022-10-18 21:56:08,466 [grpc-default-executor-1] WARN  server.GrpcLogAppender (LogUtils.java:warn(122)) - omNode-1@group-523986131536->omNode-3-AppendLogResponseHandler: Failed appendEntries: org.apache.ratis.thirdparty.io.grpc.StatusRuntimeException: UNAVAILABLE: io exception
2022-10-18 21:56:08,468 [grpc-default-executor-3] INFO  leader.FollowerInfo (FollowerInfoImpl.java:lambda$new$0(48)) - omNode-1@group-523986131536->omNode-3: nextIndex: updateUnconditionally 0 -> 0
2022-10-18 21:56:08,469 [omNode-3-impl-thread1] INFO  server.RaftServer$Division (RaftServerImpl.java:start(310)) - omNode-3@group-523986131536: start as a follower, conf=59: [omNode-3|rpc:localhost:38017|admin:|client:|dataStream:|priority:0, omNode-1|rpc:localhost:35389|admin:|client:|dataStream:|priority:0, omNode-2|rpc:localhost:45203|admin:|client:|dataStream:|priority:0], old=null
2022-10-18 21:56:08,469 [omNode-3-impl-thread1] INFO  server.RaftServer$Division (RaftServerImpl.java:setRole(299)) - omNode-3@group-523986131536: changes role from      null to FOLLOWER at term 5 for startAsFollower
2022-10-18 21:56:08,469 [omNode-3-impl-thread1] INFO  impl.RoleInfo (RoleInfo.java:updateAndGet(139)) - omNode-3: start omNode-3@group-523986131536-FollowerState
2022-10-18 21:56:08,469 [grpc-default-executor-1] INFO  leader.FollowerInfo (FollowerInfoImpl.java:lambda$new$0(48)) - omNode-1@group-523986131536->omNode-3: nextIndex: updateUnconditionally 0 -> 0
2022-10-18 21:56:08,469 [omNode-1@group-523986131536->omNode-3-GrpcLogAppender-LogAppenderDaemon] INFO  server.GrpcLogAppender (GrpcLogAppender.java:installSnapshot(541)) - omNode-1@group-523986131536->omNode-3-GrpcLogAppender: followerNextIndex = 0 but logStartIndex = 59, notify follower to install snapshot-(t:5, i:59)
2022-10-18 21:56:08,470 [grpc-default-executor-3] WARN  server.GrpcLogAppender (LogUtils.java:warn(122)) - omNode-1@group-523986131536->omNode-3-AppendLogResponseHandler: Failed appendEntries: org.apache.ratis.thirdparty.io.grpc.StatusRuntimeException: UNAVAILABLE: io exception
2022-10-18 21:56:08,470 [grpc-default-executor-3] INFO  leader.FollowerInfo (FollowerInfoImpl.java:lambda$new$0(48)) - omNode-1@group-523986131536->omNode-3: nextIndex: updateUnconditionally 0 -> 0
2022-10-18 21:56:08,470 [omNode-1@group-523986131536->omNode-3-GrpcLogAppender-LogAppenderDaemon] INFO  server.GrpcLogAppender (GrpcLogAppender.java:installSnapshot(549)) - omNode-1@group-523986131536->omNode-3-GrpcLogAppender: send omNode-1->omNode-3#0-t5,notify:(t:5, i:59)
2022-10-18 21:56:08,471 [grpc-default-executor-1] WARN  server.GrpcLogAppender (LogUtils.java:warn(122)) - omNode-1@group-523986131536->omNode-3-InstallSnapshotResponseHandler: Failed InstallSnapshot: org.apache.ratis.thirdparty.io.grpc.StatusRuntimeException: UNAVAILABLE: io exception
2022-10-18 21:56:08,471 [grpc-default-executor-1] INFO  leader.FollowerInfo (FollowerInfoImpl.java:lambda$new$0(48)) - omNode-1@group-523986131536->omNode-3: nextIndex: updateUnconditionally 0 -> 0
2022-10-18 21:56:08,471 [omNode-1@group-523986131536->omNode-3-GrpcLogAppender-LogAppenderDaemon] INFO  server.GrpcLogAppender (GrpcLogAppender.java:installSnapshot(541)) - omNode-1@group-523986131536->omNode-3-GrpcLogAppender: followerNextIndex = 0 but logStartIndex = 59, notify follower to install snapshot-(t:5, i:59)
2022-10-18 21:56:08,471 [omNode-1@group-523986131536->omNode-3-GrpcLogAppender-LogAppenderDaemon] INFO  server.GrpcLogAppender (GrpcLogAppender.java:installSnapshot(549)) - omNode-1@group-523986131536->omNode-3-GrpcLogAppender: send omNode-1->omNode-3#0-t5,notify:(t:5, i:59)
2022-10-18 21:56:08,471 [omNode-3-impl-thread1] INFO  util.JmxRegister (JmxRegister.java:tryRegister(44)) - Successfully registered JMX Bean with object name Ratis:service=RaftServer,group=group-523986131536,id=omNode-3
2022-10-18 21:56:08,472 [Listener at localhost/45943] INFO  server.RaftServer (RaftServerProxy.java:lambda$start$6(382)) - omNode-3: start RPC server
2022-10-18 21:56:08,472 [grpc-default-executor-0] WARN  server.GrpcLogAppender (LogUtils.java:warn(122)) - omNode-1@group-523986131536->omNode-3-AppendLogResponseHandler: Failed appendEntries: org.apache.ratis.thirdparty.io.grpc.StatusRuntimeException: UNAVAILABLE: io exception
2022-10-18 21:56:08,475 [grpc-default-executor-0] INFO  leader.FollowerInfo (FollowerInfoImpl.java:lambda$new$0(48)) - omNode-1@group-523986131536->omNode-3: nextIndex: updateUnconditionally 0 -> 0
2022-10-18 21:56:08,475 [grpc-default-executor-1] WARN  server.GrpcLogAppender (LogUtils.java:warn(122)) - omNode-1@group-523986131536->omNode-3-InstallSnapshotResponseHandler: Failed InstallSnapshot: org.apache.ratis.thirdparty.io.grpc.StatusRuntimeException: UNAVAILABLE: io exception
2022-10-18 21:56:08,475 [grpc-default-executor-1] INFO  leader.FollowerInfo (FollowerInfoImpl.java:lambda$new$0(48)) - omNode-1@group-523986131536->omNode-3: nextIndex: updateUnconditionally 0 -> 0
2022-10-18 21:56:08,475 [omNode-1@group-523986131536->omNode-3-GrpcLogAppender-LogAppenderDaemon] INFO  server.GrpcLogAppender (GrpcLogAppender.java:installSnapshot(541)) - omNode-1@group-523986131536->omNode-3-GrpcLogAppender: followerNextIndex = 0 but logStartIndex = 59, notify follower to install snapshot-(t:5, i:59)
2022-10-18 21:56:08,475 [omNode-1@group-523986131536->omNode-3-GrpcLogAppender-LogAppenderDaemon] INFO  server.GrpcLogAppender (GrpcLogAppender.java:installSnapshot(549)) - omNode-1@group-523986131536->omNode-3-GrpcLogAppender: send omNode-1->omNode-3#0-t5,notify:(t:5, i:59)
2022-10-18 21:56:08,476 [Listener at localhost/45943] INFO  server.GrpcService (GrpcService.java:startImpl(260)) - omNode-3: GrpcService started, listening on 38017
2022-10-18 21:56:08,481 [Listener at localhost/45943] INFO  om.OzoneManager (OzoneManager.java:getRpcServer(1101)) - Creating RPC Server
2022-10-18 21:56:08,489 [omNode-3-server-thread1] INFO  server.RaftServer$Division (ServerState.java:setLeader(287)) - omNode-3@group-523986131536: change Leader from null to omNode-1 at term 5 for appendEntries, leader elected after 43ms
2022-10-18 21:56:08,479 [grpc-default-executor-1] INFO  impl.SnapshotInstallationHandler (SnapshotInstallationHandler.java:installSnapshot(84)) - omNode-3@group-523986131536: receive installSnapshot: omNode-1->omNode-3#0-t5,notify:(t:5, i:59)
2022-10-18 21:56:08,490 [org.apache.ratis.util.JvmPauseMonitor$$Lambda$703/854163851@19dd4e94] INFO  util.JvmPauseMonitor (JvmPauseMonitor.java:run(103)) - JvmPauseMonitor-omNode-3: Started
2022-10-18 21:56:08,490 [grpc-default-executor-1] INFO  impl.SnapshotInstallationHandler (SnapshotInstallationHandler.java:notifyStateMachineToInstallSnapshot(215)) - omNode-3@group-523986131536: Received notification to install snapshot at index 59
2022-10-18 21:56:08,496 [grpc-default-executor-1] INFO  impl.SnapshotInstallationHandler (SnapshotInstallationHandler.java:notifyStateMachineToInstallSnapshot(248)) - omNode-3@group-523986131536: notifyInstallSnapshot: nextIndex is 57 but the leader's first available index is 59.
2022-10-18 21:56:08,496 [grpc-default-executor-1] INFO  ratis.OzoneManagerStateMachine (OzoneManagerStateMachine.java:notifyInstallSnapshotFromLeader(470)) - Received install snapshot notification from OM leader: omNode-1 with term index: (t:5, i:59)
2022-10-18 21:56:08,506 [grpc-default-executor-1] INFO  impl.SnapshotInstallationHandler (SnapshotInstallationHandler.java:installSnapshot(95)) - omNode-3@group-523986131536: reply installSnapshot: omNode-1<-omNode-3#0:FAIL-t5,IN_PROGRESS
2022-10-18 21:56:08,507 [grpc-default-executor-1] INFO  server.GrpcServerProtocolService (GrpcServerProtocolService.java:onCompleted(140)) - omNode-3: Completed INSTALL_SNAPSHOT, lastRequest: omNode-1->omNode-3#0-t5,notify:(t:5, i:59)
2022-10-18 21:56:08,507 [grpc-default-executor-2] INFO  server.GrpcLogAppender (GrpcLogAppender.java:onNext(403)) - omNode-1@group-523986131536->omNode-3-InstallSnapshotResponseHandler: received a reply omNode-1<-omNode-3#0:FAIL-t5,IN_PROGRESS
2022-10-18 21:56:08,507 [grpc-default-executor-2] INFO  server.GrpcLogAppender (GrpcLogAppender.java:onNext(421)) - omNode-1@group-523986131536->omNode-3-InstallSnapshotResponseHandler: InstallSnapshot in progress.
2022-10-18 21:56:08,508 [omNode-1@group-523986131536->omNode-3-GrpcLogAppender-LogAppenderDaemon] INFO  server.GrpcLogAppender (GrpcLogAppender.java:installSnapshot(541)) - omNode-1@group-523986131536->omNode-3-GrpcLogAppender: followerNextIndex = 0 but logStartIndex = 59, notify follower to install snapshot-(t:5, i:59)
2022-10-18 21:56:08,508 [pool-422-thread-1] INFO  om.OzoneManager (OzoneManager.java:getDBCheckpointFromLeader(3903)) - Downloading checkpoint from leader OM omNode-1 and reloading state from the checkpoint.
2022-10-18 21:56:08,508 [omNode-1@group-523986131536->omNode-3-GrpcLogAppender-LogAppenderDaemon] INFO  server.GrpcLogAppender (GrpcLogAppender.java:installSnapshot(549)) - omNode-1@group-523986131536->omNode-3-GrpcLogAppender: send omNode-1->omNode-3#0-t5,notify:(t:5, i:59)
2022-10-18 21:56:08,508 [pool-422-thread-1] INFO  snapshot.OzoneManagerSnapshotProvider (OzoneManagerSnapshotProvider.java:getOzoneManagerDBSnapshot(122)) - Downloading latest checkpoint from Leader OM omNode-1. Checkpoint URL: http://127.0.0.1:34983/dbCheckpoint?flushBeforeCheckpoint=true
2022-10-18 21:56:08,509 [omNode-3-server-thread1] INFO  server.RaftServer$Division (RaftServerImpl.java:checkInconsistentAppendEntries(1402)) - omNode-3@group-523986131536: Failed appendEntries as snapshot (59) installation is in progress
2022-10-18 21:56:08,509 [omNode-3-server-thread1] INFO  server.RaftServer$Division (RaftServerImpl.java:checkInconsistentAppendEntries(1394)) - omNode-3@group-523986131536: inconsistency entries. Reply:omNode-1<-omNode-3#551:FAIL-t5,INCONSISTENCY,nextIndex=57,followerCommit=56
2022-10-18 21:56:08,513 [grpc-default-executor-2] INFO  impl.SnapshotInstallationHandler (SnapshotInstallationHandler.java:installSnapshot(84)) - omNode-3@group-523986131536: receive installSnapshot: omNode-1->omNode-3#0-t5,notify:(t:5, i:59)
2022-10-18 21:56:08,517 [grpc-default-executor-2] INFO  impl.SnapshotInstallationHandler (SnapshotInstallationHandler.java:installSnapshot(95)) - omNode-3@group-523986131536: reply installSnapshot: omNode-1<-omNode-3#0:FAIL-t5,IN_PROGRESS
2022-10-18 21:56:08,517 [grpc-default-executor-2] INFO  server.GrpcServerProtocolService (GrpcServerProtocolService.java:onCompleted(140)) - omNode-3: Completed INSTALL_SNAPSHOT, lastRequest: omNode-1->omNode-3#0-t5,notify:(t:5, i:59)
2022-10-18 21:56:08,518 [grpc-default-executor-3] INFO  server.GrpcLogAppender (GrpcLogAppender.java:onNext(403)) - omNode-1@group-523986131536->omNode-3-InstallSnapshotResponseHandler: received a reply omNode-1<-omNode-3#0:FAIL-t5,IN_PROGRESS
2022-10-18 21:56:08,518 [grpc-default-executor-3] INFO  server.GrpcLogAppender (GrpcLogAppender.java:onNext(421)) - omNode-1@group-523986131536->omNode-3-InstallSnapshotResponseHandler: InstallSnapshot in progress.
2022-10-18 21:56:08,518 [grpc-default-executor-1] INFO  leader.FollowerInfo (FollowerInfoImpl.java:lambda$new$0(48)) - omNode-1@group-523986131536->omNode-3: nextIndex: updateUnconditionally 0 -> 57
2022-10-18 21:56:08,518 [omNode-1@group-523986131536->omNode-3-GrpcLogAppender-LogAppenderDaemon] INFO  server.GrpcLogAppender (GrpcLogAppender.java:installSnapshot(541)) - omNode-1@group-523986131536->omNode-3-GrpcLogAppender: followerNextIndex = 57 but logStartIndex = 59, notify follower to install snapshot-(t:5, i:59)
2022-10-18 21:56:08,518 [omNode-1@group-523986131536->omNode-3-GrpcLogAppender-LogAppenderDaemon] INFO  server.GrpcLogAppender (GrpcLogAppender.java:installSnapshot(549)) - omNode-1@group-523986131536->omNode-3-GrpcLogAppender: send omNode-1->omNode-3#0-t5,notify:(t:5, i:59)
2022-10-18 21:56:08,519 [grpc-default-executor-1] INFO  impl.SnapshotInstallationHandler (SnapshotInstallationHandler.java:installSnapshot(84)) - omNode-3@group-523986131536: receive installSnapshot: omNode-1->omNode-3#0-t5,notify:(t:5, i:59)
2022-10-18 21:56:08,519 [omNode-3-server-thread1] INFO  server.RaftServer$Division (RaftServerImpl.java:checkInconsistentAppendEntries(1402)) - omNode-3@group-523986131536: Failed appendEntries as snapshot (59) installation is in progress
2022-10-18 21:56:08,519 [omNode-3-server-thread1] INFO  server.RaftServer$Division (RaftServerImpl.java:checkInconsistentAppendEntries(1394)) - omNode-3@group-523986131536: inconsistency entries. Reply:omNode-1<-omNode-3#552:FAIL-t5,INCONSISTENCY,nextIndex=57,followerCommit=56
2022-10-18 21:56:08,520 [grpc-default-executor-1] INFO  impl.SnapshotInstallationHandler (SnapshotInstallationHandler.java:installSnapshot(95)) - omNode-3@group-523986131536: reply installSnapshot: omNode-1<-omNode-3#0:FAIL-t5,IN_PROGRESS
2022-10-18 21:56:08,520 [grpc-default-executor-1] INFO  server.GrpcServerProtocolService (GrpcServerProtocolService.java:onCompleted(140)) - omNode-3: Completed INSTALL_SNAPSHOT, lastRequest: omNode-1->omNode-3#0-t5,notify:(t:5, i:59)
2022-10-18 21:56:08,520 [grpc-default-executor-2] INFO  server.GrpcLogAppender (GrpcLogAppender.java:onNext(403)) - omNode-1@group-523986131536->omNode-3-InstallSnapshotResponseHandler: received a reply omNode-1<-omNode-3#0:FAIL-t5,IN_PROGRESS
2022-10-18 21:56:08,520 [grpc-default-executor-2] INFO  server.GrpcLogAppender (GrpcLogAppender.java:onNext(421)) - omNode-1@group-523986131536->omNode-3-InstallSnapshotResponseHandler: InstallSnapshot in progress.
2022-10-18 21:56:08,521 [omNode-1@group-523986131536->omNode-3-GrpcLogAppender-LogAppenderDaemon] INFO  server.GrpcLogAppender (GrpcLogAppender.java:installSnapshot(541)) - omNode-1@group-523986131536->omNode-3-GrpcLogAppender: followerNextIndex = 57 but logStartIndex = 59, notify follower to install snapshot-(t:5, i:59)
2022-10-18 21:56:08,521 [omNode-1@group-523986131536->omNode-3-GrpcLogAppender-LogAppenderDaemon] INFO  server.GrpcLogAppender (GrpcLogAppender.java:installSnapshot(549)) - omNode-1@group-523986131536->omNode-3-GrpcLogAppender: send omNode-1->omNode-3#0-t5,notify:(t:5, i:59)
2022-10-18 21:56:08,522 [omNode-3-server-thread1] INFO  server.RaftServer$Division (RaftServerImpl.java:checkInconsistentAppendEntries(1402)) - omNode-3@group-523986131536: Failed appendEntries as snapshot (59) installation is in progress
2022-10-18 21:56:08,522 [grpc-default-executor-1] INFO  leader.FollowerInfo (FollowerInfoImpl.java:lambda$new$0(48)) - omNode-1@group-523986131536->omNode-3: nextIndex: updateUnconditionally 57 -> 57
2022-10-18 21:56:08,522 [grpc-default-executor-2] INFO  impl.SnapshotInstallationHandler (SnapshotInstallationHandler.java:installSnapshot(84)) - omNode-3@group-523986131536: receive installSnapshot: omNode-1->omNode-3#0-t5,notify:(t:5, i:59)
2022-10-18 21:56:08,522 [omNode-3-server-thread1] INFO  server.RaftServer$Division (RaftServerImpl.java:checkInconsistentAppendEntries(1394)) - omNode-3@group-523986131536: inconsistency entries. Reply:omNode-1<-omNode-3#553:FAIL-t5,INCONSISTENCY,nextIndex=57,followerCommit=56
2022-10-18 21:56:08,522 [grpc-default-executor-2] INFO  impl.SnapshotInstallationHandler (SnapshotInstallationHandler.java:installSnapshot(95)) - omNode-3@group-523986131536: reply installSnapshot: omNode-1<-omNode-3#0:FAIL-t5,IN_PROGRESS
2022-10-18 21:56:08,522 [grpc-default-executor-2] INFO  server.GrpcServerProtocolService (GrpcServerProtocolService.java:onCompleted(140)) - omNode-3: Completed INSTALL_SNAPSHOT, lastRequest: omNode-1->omNode-3#0-t5,notify:(t:5, i:59)
2022-10-18 21:56:08,523 [grpc-default-executor-1] INFO  leader.FollowerInfo (FollowerInfoImpl.java:lambda$new$0(48)) - omNode-1@group-523986131536->omNode-3: nextIndex: updateUnconditionally 57 -> 57
2022-10-18 21:56:08,523 [grpc-default-executor-0] INFO  server.GrpcLogAppender (GrpcLogAppender.java:onNext(403)) - omNode-1@group-523986131536->omNode-3-InstallSnapshotResponseHandler: received a reply omNode-1<-omNode-3#0:FAIL-t5,IN_PROGRESS
2022-10-18 21:56:08,523 [grpc-default-executor-0] INFO  server.GrpcLogAppender (GrpcLogAppender.java:onNext(421)) - omNode-1@group-523986131536->omNode-3-InstallSnapshotResponseHandler: InstallSnapshot in progress.
2022-10-18 21:56:08,523 [omNode-1@group-523986131536->omNode-3-GrpcLogAppender-LogAppenderDaemon] INFO  server.GrpcLogAppender (GrpcLogAppender.java:installSnapshot(541)) - omNode-1@group-523986131536->omNode-3-GrpcLogAppender: followerNextIndex = 57 but logStartIndex = 59, notify follower to install snapshot-(t:5, i:59)
2022-10-18 21:56:08,523 [omNode-1@group-523986131536->omNode-3-GrpcLogAppender-LogAppenderDaemon] INFO  server.GrpcLogAppender (GrpcLogAppender.java:installSnapshot(549)) - omNode-1@group-523986131536->omNode-3-GrpcLogAppender: send omNode-1->omNode-3#0-t5,notify:(t:5, i:59)
2022-10-18 21:56:08,524 [grpc-default-executor-0] INFO  impl.SnapshotInstallationHandler (SnapshotInstallationHandler.java:installSnapshot(84)) - omNode-3@group-523986131536: receive installSnapshot: omNode-1->omNode-3#0-t5,notify:(t:5, i:59)
2022-10-18 21:56:08,524 [grpc-default-executor-0] INFO  impl.SnapshotInstallationHandler (SnapshotInstallationHandler.java:installSnapshot(95)) - omNode-3@group-523986131536: reply installSnapshot: omNode-1<-omNode-3#0:FAIL-t5,IN_PROGRESS
2022-10-18 21:56:08,524 [grpc-default-executor-0] INFO  server.GrpcServerProtocolService (GrpcServerProtocolService.java:onCompleted(140)) - omNode-3: Completed INSTALL_SNAPSHOT, lastRequest: omNode-1->omNode-3#0-t5,notify:(t:5, i:59)
2022-10-18 21:56:08,525 [grpc-default-executor-2] INFO  server.GrpcLogAppender (GrpcLogAppender.java:onNext(403)) - omNode-1@group-523986131536->omNode-3-InstallSnapshotResponseHandler: received a reply omNode-1<-omNode-3#0:FAIL-t5,IN_PROGRESS
2022-10-18 21:56:08,528 [grpc-default-executor-2] INFO  server.GrpcLogAppender (GrpcLogAppender.java:onNext(421)) - omNode-1@group-523986131536->omNode-3-InstallSnapshotResponseHandler: InstallSnapshot in progress.
2022-10-18 21:56:08,525 [omNode-3-server-thread1] INFO  server.RaftServer$Division (RaftServerImpl.java:checkInconsistentAppendEntries(1402)) - omNode-3@group-523986131536: Failed appendEntries as snapshot (59) installation is in progress
2022-10-18 21:56:08,532 [omNode-3-server-thread1] INFO  server.RaftServer$Division (RaftServerImpl.java:checkInconsistentAppendEntries(1394)) - omNode-3@group-523986131536: inconsistency entries. Reply:omNode-1<-omNode-3#554:FAIL-t5,INCONSISTENCY,nextIndex=57,followerCommit=56
2022-10-18 21:56:08,532 [omNode-1@group-523986131536->omNode-3-GrpcLogAppender-LogAppenderDaemon] INFO  server.GrpcLogAppender (GrpcLogAppender.java:installSnapshot(541)) - omNode-1@group-523986131536->omNode-3-GrpcLogAppender: followerNextIndex = 57 but logStartIndex = 59, notify follower to install snapshot-(t:5, i:59)
2022-10-18 21:56:08,532 [omNode-1@group-523986131536->omNode-3-GrpcLogAppender-LogAppenderDaemon] INFO  server.GrpcLogAppender (GrpcLogAppender.java:installSnapshot(549)) - omNode-1@group-523986131536->omNode-3-GrpcLogAppender: send omNode-1->omNode-3#0-t5,notify:(t:5, i:59)
2022-10-18 21:56:08,533 [grpc-default-executor-2] INFO  leader.FollowerInfo (FollowerInfoImpl.java:lambda$new$0(48)) - omNode-1@group-523986131536->omNode-3: nextIndex: updateUnconditionally 57 -> 57
2022-10-18 21:56:08,534 [omNode-3-server-thread1] INFO  server.RaftServer$Division (RaftServerImpl.java:checkInconsistentAppendEntries(1402)) - omNode-3@group-523986131536: Failed appendEntries as snapshot (59) installation is in progress
2022-10-18 21:56:08,534 [omNode-3-server-thread1] INFO  server.RaftServer$Division (RaftServerImpl.java:checkInconsistentAppendEntries(1394)) - omNode-3@group-523986131536: inconsistency entries. Reply:omNode-1<-omNode-3#555:FAIL-t5,INCONSISTENCY,nextIndex=57,followerCommit=56
2022-10-18 21:56:08,534 [grpc-default-executor-0] INFO  leader.FollowerInfo (FollowerInfoImpl.java:lambda$new$0(48)) - omNode-1@group-523986131536->omNode-3: nextIndex: updateUnconditionally 57 -> 57
2022-10-18 21:56:08,534 [grpc-default-executor-1] INFO  impl.SnapshotInstallationHandler (SnapshotInstallationHandler.java:installSnapshot(84)) - omNode-3@group-523986131536: receive installSnapshot: omNode-1->omNode-3#0-t5,notify:(t:5, i:59)
2022-10-18 21:56:08,534 [grpc-default-executor-1] INFO  impl.SnapshotInstallationHandler (SnapshotInstallationHandler.java:installSnapshot(95)) - omNode-3@group-523986131536: reply installSnapshot: omNode-1<-omNode-3#0:FAIL-t5,IN_PROGRESS
2022-10-18 21:56:08,534 [grpc-default-executor-1] INFO  server.GrpcServerProtocolService (GrpcServerProtocolService.java:onCompleted(140)) - omNode-3: Completed INSTALL_SNAPSHOT, lastRequest: omNode-1->omNode-3#0-t5,notify:(t:5, i:59)
2022-10-18 21:56:08,535 [grpc-default-executor-0] INFO  server.GrpcLogAppender (GrpcLogAppender.java:onNext(403)) - omNode-1@group-523986131536->omNode-3-InstallSnapshotResponseHandler: received a reply omNode-1<-omNode-3#0:FAIL-t5,IN_PROGRESS
2022-10-18 21:56:08,535 [grpc-default-executor-0] INFO  server.GrpcLogAppender (GrpcLogAppender.java:onNext(421)) - omNode-1@group-523986131536->omNode-3-InstallSnapshotResponseHandler: InstallSnapshot in progress.
2022-10-18 21:56:08,535 [omNode-1@group-523986131536->omNode-3-GrpcLogAppender-LogAppenderDaemon] INFO  server.GrpcLogAppender (GrpcLogAppender.java:installSnapshot(541)) - omNode-1@group-523986131536->omNode-3-GrpcLogAppender: followerNextIndex = 57 but logStartIndex = 59, notify follower to install snapshot-(t:5, i:59)
2022-10-18 21:56:08,535 [omNode-1@group-523986131536->omNode-3-GrpcLogAppender-LogAppenderDaemon] INFO  server.GrpcLogAppender (GrpcLogAppender.java:installSnapshot(549)) - omNode-1@group-523986131536->omNode-3-GrpcLogAppender: send omNode-1->omNode-3#0-t5,notify:(t:5, i:59)
2022-10-18 21:56:08,536 [omNode-3-server-thread1] INFO  server.RaftServer$Division (RaftServerImpl.java:checkInconsistentAppendEntries(1402)) - omNode-3@group-523986131536: Failed appendEntries as snapshot (59) installation is in progress
2022-10-18 21:56:08,536 [omNode-3-server-thread1] INFO  server.RaftServer$Division (RaftServerImpl.java:checkInconsistentAppendEntries(1394)) - omNode-3@group-523986131536: inconsistency entries. Reply:omNode-1<-omNode-3#556:FAIL-t5,INCONSISTENCY,nextIndex=57,followerCommit=56
2022-10-18 21:56:08,536 [grpc-default-executor-0] INFO  impl.SnapshotInstallationHandler (SnapshotInstallationHandler.java:installSnapshot(84)) - omNode-3@group-523986131536: receive installSnapshot: omNode-1->omNode-3#0-t5,notify:(t:5, i:59)
2022-10-18 21:56:08,537 [grpc-default-executor-0] INFO  impl.SnapshotInstallationHandler (SnapshotInstallationHandler.java:installSnapshot(95)) - omNode-3@group-523986131536: reply installSnapshot: omNode-1<-omNode-3#0:FAIL-t5,IN_PROGRESS
2022-10-18 21:56:08,537 [grpc-default-executor-0] INFO  server.GrpcServerProtocolService (GrpcServerProtocolService.java:onCompleted(140)) - omNode-3: Completed INSTALL_SNAPSHOT, lastRequest: omNode-1->omNode-3#0-t5,notify:(t:5, i:59)
2022-10-18 21:56:08,537 [grpc-default-executor-3] INFO  server.GrpcLogAppender (GrpcLogAppender.java:onNext(403)) - omNode-1@group-523986131536->omNode-3-InstallSnapshotResponseHandler: received a reply omNode-1<-omNode-3#0:FAIL-t5,IN_PROGRESS
2022-10-18 21:56:08,537 [grpc-default-executor-3] INFO  server.GrpcLogAppender (GrpcLogAppender.java:onNext(421)) - omNode-1@group-523986131536->omNode-3-InstallSnapshotResponseHandler: InstallSnapshot in progress.
2022-10-18 21:56:08,538 [grpc-default-executor-2] INFO  leader.FollowerInfo (FollowerInfoImpl.java:lambda$new$0(48)) - omNode-1@group-523986131536->omNode-3: nextIndex: updateUnconditionally 57 -> 57
2022-10-18 21:56:08,538 [omNode-1@group-523986131536->omNode-3-GrpcLogAppender-LogAppenderDaemon] INFO  server.GrpcLogAppender (GrpcLogAppender.java:installSnapshot(541)) - omNode-1@group-523986131536->omNode-3-GrpcLogAppender: followerNextIndex = 57 but logStartIndex = 59, notify follower to install snapshot-(t:5, i:59)
2022-10-18 21:56:08,538 [omNode-1@group-523986131536->omNode-3-GrpcLogAppender-LogAppenderDaemon] INFO  server.GrpcLogAppender (GrpcLogAppender.java:installSnapshot(549)) - omNode-1@group-523986131536->omNode-3-GrpcLogAppender: send omNode-1->omNode-3#0-t5,notify:(t:5, i:59)
2022-10-18 21:56:08,539 [omNode-3-server-thread1] INFO  server.RaftServer$Division (RaftServerImpl.java:checkInconsistentAppendEntries(1402)) - omNode-3@group-523986131536: Failed appendEntries as snapshot (59) installation is in progress
2022-10-18 21:56:08,539 [omNode-3-server-thread1] INFO  server.RaftServer$Division (RaftServerImpl.java:checkInconsistentAppendEntries(1394)) - omNode-3@group-523986131536: inconsistency entries. Reply:omNode-1<-omNode-3#557:FAIL-t5,INCONSISTENCY,nextIndex=57,followerCommit=56
2022-10-18 21:56:08,539 [grpc-default-executor-0] INFO  impl.SnapshotInstallationHandler (SnapshotInstallationHandler.java:installSnapshot(84)) - omNode-3@group-523986131536: receive installSnapshot: omNode-1->omNode-3#0-t5,notify:(t:5, i:59)
2022-10-18 21:56:08,539 [grpc-default-executor-0] INFO  impl.SnapshotInstallationHandler (SnapshotInstallationHandler.java:installSnapshot(95)) - omNode-3@group-523986131536: reply installSnapshot: omNode-1<-omNode-3#0:FAIL-t5,IN_PROGRESS
2022-10-18 21:56:08,539 [grpc-default-executor-0] INFO  server.GrpcServerProtocolService (GrpcServerProtocolService.java:onCompleted(140)) - omNode-3: Completed INSTALL_SNAPSHOT, lastRequest: omNode-1->omNode-3#0-t5,notify:(t:5, i:59)
2022-10-18 21:56:08,540 [grpc-default-executor-2] INFO  leader.FollowerInfo (FollowerInfoImpl.java:lambda$new$0(48)) - omNode-1@group-523986131536->omNode-3: nextIndex: updateUnconditionally 57 -> 57
2022-10-18 21:56:08,540 [grpc-default-executor-3] INFO  server.GrpcLogAppender (GrpcLogAppender.java:onNext(403)) - omNode-1@group-523986131536->omNode-3-InstallSnapshotResponseHandler: received a reply omNode-1<-omNode-3#0:FAIL-t5,IN_PROGRESS
2022-10-18 21:56:08,540 [grpc-default-executor-3] INFO  server.GrpcLogAppender (GrpcLogAppender.java:onNext(421)) - omNode-1@group-523986131536->omNode-3-InstallSnapshotResponseHandler: InstallSnapshot in progress.
2022-10-18 21:56:08,545 [omNode-1@group-523986131536->omNode-3-GrpcLogAppender-LogAppenderDaemon] INFO  server.GrpcLogAppender (GrpcLogAppender.java:installSnapshot(541)) - omNode-1@group-523986131536->omNode-3-GrpcLogAppender: followerNextIndex = 57 but logStartIndex = 59, notify follower to install snapshot-(t:5, i:59)
2022-10-18 21:56:08,545 [omNode-1@group-523986131536->omNode-3-GrpcLogAppender-LogAppenderDaemon] INFO  server.GrpcLogAppender (GrpcLogAppender.java:installSnapshot(549)) - omNode-1@group-523986131536->omNode-3-GrpcLogAppender: send omNode-1->omNode-3#0-t5,notify:(t:5, i:59)
2022-10-18 21:56:08,549 [grpc-default-executor-3] INFO  impl.SnapshotInstallationHandler (SnapshotInstallationHandler.java:installSnapshot(84)) - omNode-3@group-523986131536: receive installSnapshot: omNode-1->omNode-3#0-t5,notify:(t:5, i:59)
2022-10-18 21:56:08,549 [grpc-default-executor-3] INFO  impl.SnapshotInstallationHandler (SnapshotInstallationHandler.java:installSnapshot(95)) - omNode-3@group-523986131536: reply installSnapshot: omNode-1<-omNode-3#0:FAIL-t5,IN_PROGRESS
2022-10-18 21:56:08,549 [grpc-default-executor-3] INFO  server.GrpcServerProtocolService (GrpcServerProtocolService.java:onCompleted(140)) - omNode-3: Completed INSTALL_SNAPSHOT, lastRequest: omNode-1->omNode-3#0-t5,notify:(t:5, i:59)
2022-10-18 21:56:08,550 [grpc-default-executor-3] INFO  server.GrpcLogAppender (GrpcLogAppender.java:onNext(403)) - omNode-1@group-523986131536->omNode-3-InstallSnapshotResponseHandler: received a reply omNode-1<-omNode-3#0:FAIL-t5,IN_PROGRESS
2022-10-18 21:56:08,550 [grpc-default-executor-3] INFO  server.GrpcLogAppender (GrpcLogAppender.java:onNext(421)) - omNode-1@group-523986131536->omNode-3-InstallSnapshotResponseHandler: InstallSnapshot in progress.
2022-10-18 21:56:08,552 [omNode-1@group-523986131536->omNode-3-GrpcLogAppender-LogAppenderDaemon] INFO  server.GrpcLogAppender (GrpcLogAppender.java:installSnapshot(541)) - omNode-1@group-523986131536->omNode-3-GrpcLogAppender: followerNextIndex = 57 but logStartIndex = 59, notify follower to install snapshot-(t:5, i:59)
2022-10-18 21:56:08,553 [omNode-1@group-523986131536->omNode-3-GrpcLogAppender-LogAppenderDaemon] INFO  server.GrpcLogAppender (GrpcLogAppender.java:installSnapshot(549)) - omNode-1@group-523986131536->omNode-3-GrpcLogAppender: send omNode-1->omNode-3#0-t5,notify:(t:5, i:59)
2022-10-18 21:56:08,553 [grpc-default-executor-3] INFO  impl.SnapshotInstallationHandler (SnapshotInstallationHandler.java:installSnapshot(84)) - omNode-3@group-523986131536: receive installSnapshot: omNode-1->omNode-3#0-t5,notify:(t:5, i:59)
2022-10-18 21:56:08,554 [grpc-default-executor-3] INFO  impl.SnapshotInstallationHandler (SnapshotInstallationHandler.java:installSnapshot(95)) - omNode-3@group-523986131536: reply installSnapshot: omNode-1<-omNode-3#0:FAIL-t5,IN_PROGRESS
2022-10-18 21:56:08,554 [grpc-default-executor-3] INFO  server.GrpcServerProtocolService (GrpcServerProtocolService.java:onCompleted(140)) - omNode-3: Completed INSTALL_SNAPSHOT, lastRequest: omNode-1->omNode-3#0-t5,notify:(t:5, i:59)
2022-10-18 21:56:08,554 [grpc-default-executor-3] INFO  server.GrpcLogAppender (GrpcLogAppender.java:onNext(403)) - omNode-1@group-523986131536->omNode-3-InstallSnapshotResponseHandler: received a reply omNode-1<-omNode-3#0:FAIL-t5,IN_PROGRESS
2022-10-18 21:56:08,554 [grpc-default-executor-3] INFO  server.GrpcLogAppender (GrpcLogAppender.java:onNext(421)) - omNode-1@group-523986131536->omNode-3-InstallSnapshotResponseHandler: InstallSnapshot in progress.
2022-10-18 21:56:08,554 [omNode-1@group-523986131536->omNode-3-GrpcLogAppender-LogAppenderDaemon] INFO  server.GrpcLogAppender (GrpcLogAppender.java:installSnapshot(541)) - omNode-1@group-523986131536->omNode-3-GrpcLogAppender: followerNextIndex = 57 but logStartIndex = 59, notify follower to install snapshot-(t:5, i:59)
2022-10-18 21:56:08,554 [omNode-1@group-523986131536->omNode-3-GrpcLogAppender-LogAppenderDaemon] INFO  server.GrpcLogAppender (GrpcLogAppender.java:installSnapshot(549)) - omNode-1@group-523986131536->omNode-3-GrpcLogAppender: send omNode-1->omNode-3#0-t5,notify:(t:5, i:59)
2022-10-18 21:56:08,555 [grpc-default-executor-3] INFO  impl.SnapshotInstallationHandler (SnapshotInstallationHandler.java:installSnapshot(84)) - omNode-3@group-523986131536: receive installSnapshot: omNode-1->omNode-3#0-t5,notify:(t:5, i:59)
2022-10-18 21:56:08,555 [grpc-default-executor-3] INFO  impl.SnapshotInstallationHandler (SnapshotInstallationHandler.java:installSnapshot(95)) - omNode-3@group-523986131536: reply installSnapshot: omNode-1<-omNode-3#0:FAIL-t5,IN_PROGRESS
2022-10-18 21:56:08,556 [grpc-default-executor-3] INFO  server.GrpcServerProtocolService (GrpcServerProtocolService.java:onCompleted(140)) - omNode-3: Completed INSTALL_SNAPSHOT, lastRequest: omNode-1->omNode-3#0-t5,notify:(t:5, i:59)
2022-10-18 21:56:08,556 [grpc-default-executor-3] INFO  server.GrpcLogAppender (GrpcLogAppender.java:onNext(403)) - omNode-1@group-523986131536->omNode-3-InstallSnapshotResponseHandler: received a reply omNode-1<-omNode-3#0:FAIL-t5,IN_PROGRESS
2022-10-18 21:56:08,556 [grpc-default-executor-3] INFO  server.GrpcLogAppender (GrpcLogAppender.java:onNext(421)) - omNode-1@group-523986131536->omNode-3-InstallSnapshotResponseHandler: InstallSnapshot in progress.
2022-10-18 21:56:08,556 [omNode-1@group-523986131536->omNode-3-GrpcLogAppender-LogAppenderDaemon] INFO  server.GrpcLogAppender (GrpcLogAppender.java:installSnapshot(541)) - omNode-1@group-523986131536->omNode-3-GrpcLogAppender: followerNextIndex = 57 but logStartIndex = 59, notify follower to install snapshot-(t:5, i:59)
2022-10-18 21:56:08,556 [omNode-1@group-523986131536->omNode-3-GrpcLogAppender-LogAppenderDaemon] INFO  server.GrpcLogAppender (GrpcLogAppender.java:installSnapshot(549)) - omNode-1@group-523986131536->omNode-3-GrpcLogAppender: send omNode-1->omNode-3#0-t5,notify:(t:5, i:59)
2022-10-18 21:56:08,559 [omNode-3-server-thread1] INFO  server.RaftServer$Division (RaftServerImpl.java:checkInconsistentAppendEntries(1402)) - omNode-3@group-523986131536: Failed appendEntries as snapshot (59) installation is in progress
2022-10-18 21:56:08,559 [omNode-3-server-thread1] INFO  server.RaftServer$Division (RaftServerImpl.java:checkInconsistentAppendEntries(1394)) - omNode-3@group-523986131536: inconsistency entries. Reply:omNode-1<-omNode-3#558:FAIL-t5,INCONSISTENCY,nextIndex=57,followerCommit=56
2022-10-18 21:56:08,561 [omNode-3-server-thread1] INFO  server.RaftServer$Division (RaftServerImpl.java:checkInconsistentAppendEntries(1402)) - omNode-3@group-523986131536: Failed appendEntries as snapshot (59) installation is in progress
2022-10-18 21:56:08,561 [grpc-default-executor-0] INFO  leader.FollowerInfo (FollowerInfoImpl.java:lambda$new$0(48)) - omNode-1@group-523986131536->omNode-3: nextIndex: updateUnconditionally 57 -> 57
2022-10-18 21:56:08,561 [grpc-default-executor-1] INFO  impl.SnapshotInstallationHandler (SnapshotInstallationHandler.java:installSnapshot(84)) - omNode-3@group-523986131536: receive installSnapshot: omNode-1->omNode-3#0-t5,notify:(t:5, i:59)
2022-10-18 21:56:08,561 [omNode-3-server-thread1] INFO  server.RaftServer$Division (RaftServerImpl.java:checkInconsistentAppendEntries(1394)) - omNode-3@group-523986131536: inconsistency entries. Reply:omNode-1<-omNode-3#559:FAIL-t5,INCONSISTENCY,nextIndex=57,followerCommit=56
2022-10-18 21:56:08,562 [omNode-3-server-thread1] INFO  server.RaftServer$Division (RaftServerImpl.java:checkInconsistentAppendEntries(1402)) - omNode-3@group-523986131536: Failed appendEntries as snapshot (59) installation is in progress
2022-10-18 21:56:08,562 [omNode-3-server-thread1] INFO  server.RaftServer$Division (RaftServerImpl.java:checkInconsistentAppendEntries(1394)) - omNode-3@group-523986131536: inconsistency entries. Reply:omNode-1<-omNode-3#560:FAIL-t5,INCONSISTENCY,nextIndex=57,followerCommit=56
2022-10-18 21:56:08,562 [omNode-3-server-thread1] INFO  server.RaftServer$Division (RaftServerImpl.java:checkInconsistentAppendEntries(1402)) - omNode-3@group-523986131536: Failed appendEntries as snapshot (59) installation is in progress
2022-10-18 21:56:08,562 [omNode-3-server-thread1] INFO  server.RaftServer$Division (RaftServerImpl.java:checkInconsistentAppendEntries(1394)) - omNode-3@group-523986131536: inconsistency entries. Reply:omNode-1<-omNode-3#561:FAIL-t5,INCONSISTENCY,nextIndex=57,followerCommit=56
2022-10-18 21:56:08,563 [grpc-default-executor-1] INFO  impl.SnapshotInstallationHandler (SnapshotInstallationHandler.java:installSnapshot(95)) - omNode-3@group-523986131536: reply installSnapshot: omNode-1<-omNode-3#0:FAIL-t5,IN_PROGRESS
2022-10-18 21:56:08,563 [grpc-default-executor-1] INFO  server.GrpcServerProtocolService (GrpcServerProtocolService.java:onCompleted(140)) - omNode-3: Completed INSTALL_SNAPSHOT, lastRequest: omNode-1->omNode-3#0-t5,notify:(t:5, i:59)
2022-10-18 21:56:08,563 [grpc-default-executor-3] INFO  server.GrpcLogAppender (GrpcLogAppender.java:onNext(403)) - omNode-1@group-523986131536->omNode-3-InstallSnapshotResponseHandler: received a reply omNode-1<-omNode-3#0:FAIL-t5,IN_PROGRESS
2022-10-18 21:56:08,563 [grpc-default-executor-3] INFO  server.GrpcLogAppender (GrpcLogAppender.java:onNext(421)) - omNode-1@group-523986131536->omNode-3-InstallSnapshotResponseHandler: InstallSnapshot in progress.
2022-10-18 21:56:08,564 [omNode-1@group-523986131536->omNode-3-GrpcLogAppender-LogAppenderDaemon] INFO  server.GrpcLogAppender (GrpcLogAppender.java:installSnapshot(541)) - omNode-1@group-523986131536->omNode-3-GrpcLogAppender: followerNextIndex = 57 but logStartIndex = 59, notify follower to install snapshot-(t:5, i:59)
2022-10-18 21:56:08,564 [omNode-1@group-523986131536->omNode-3-GrpcLogAppender-LogAppenderDaemon] INFO  server.GrpcLogAppender (GrpcLogAppender.java:installSnapshot(549)) - omNode-1@group-523986131536->omNode-3-GrpcLogAppender: send omNode-1->omNode-3#0-t5,notify:(t:5, i:59)
2022-10-18 21:56:08,564 [grpc-default-executor-1] INFO  leader.FollowerInfo (FollowerInfoImpl.java:lambda$new$0(48)) - omNode-1@group-523986131536->omNode-3: nextIndex: updateUnconditionally 57 -> 57
2022-10-18 21:56:08,565 [grpc-default-executor-3] INFO  leader.FollowerInfo (FollowerInfoImpl.java:lambda$new$0(48)) - omNode-1@group-523986131536->omNode-3: nextIndex: updateUnconditionally 57 -> 57
2022-10-18 21:56:08,565 [omNode-3-server-thread1] INFO  server.RaftServer$Division (RaftServerImpl.java:checkInconsistentAppendEntries(1402)) - omNode-3@group-523986131536: Failed appendEntries as snapshot (59) installation is in progress
2022-10-18 21:56:08,565 [omNode-3-server-thread1] INFO  server.RaftServer$Division (RaftServerImpl.java:checkInconsistentAppendEntries(1394)) - omNode-3@group-523986131536: inconsistency entries. Reply:omNode-1<-omNode-3#562:FAIL-t5,INCONSISTENCY,nextIndex=57,followerCommit=56
2022-10-18 21:56:08,565 [grpc-default-executor-1] INFO  leader.FollowerInfo (FollowerInfoImpl.java:lambda$new$0(48)) - omNode-1@group-523986131536->omNode-3: nextIndex: updateUnconditionally 57 -> 57
2022-10-18 21:56:08,565 [grpc-default-executor-0] INFO  leader.FollowerInfo (FollowerInfoImpl.java:lambda$new$0(48)) - omNode-1@group-523986131536->omNode-3: nextIndex: updateUnconditionally 57 -> 57
2022-10-18 21:56:08,565 [grpc-default-executor-1] INFO  impl.SnapshotInstallationHandler (SnapshotInstallationHandler.java:installSnapshot(84)) - omNode-3@group-523986131536: receive installSnapshot: omNode-1->omNode-3#0-t5,notify:(t:5, i:59)
2022-10-18 21:56:08,565 [grpc-default-executor-1] INFO  impl.SnapshotInstallationHandler (SnapshotInstallationHandler.java:installSnapshot(95)) - omNode-3@group-523986131536: reply installSnapshot: omNode-1<-omNode-3#0:FAIL-t5,IN_PROGRESS
2022-10-18 21:56:08,565 [grpc-default-executor-1] INFO  server.GrpcServerProtocolService (GrpcServerProtocolService.java:onCompleted(140)) - omNode-3: Completed INSTALL_SNAPSHOT, lastRequest: omNode-1->omNode-3#0-t5,notify:(t:5, i:59)
2022-10-18 21:56:08,566 [grpc-default-executor-0] INFO  server.GrpcLogAppender (GrpcLogAppender.java:onNext(403)) - omNode-1@group-523986131536->omNode-3-InstallSnapshotResponseHandler: received a reply omNode-1<-omNode-3#0:FAIL-t5,IN_PROGRESS
2022-10-18 21:56:08,566 [grpc-default-executor-0] INFO  server.GrpcLogAppender (GrpcLogAppender.java:onNext(421)) - omNode-1@group-523986131536->omNode-3-InstallSnapshotResponseHandler: InstallSnapshot in progress.
2022-10-18 21:56:08,566 [omNode-1@group-523986131536->omNode-3-GrpcLogAppender-LogAppenderDaemon] INFO  server.GrpcLogAppender (GrpcLogAppender.java:installSnapshot(541)) - omNode-1@group-523986131536->omNode-3-GrpcLogAppender: followerNextIndex = 57 but logStartIndex = 59, notify follower to install snapshot-(t:5, i:59)
2022-10-18 21:56:08,566 [omNode-1@group-523986131536->omNode-3-GrpcLogAppender-LogAppenderDaemon] INFO  server.GrpcLogAppender (GrpcLogAppender.java:installSnapshot(549)) - omNode-1@group-523986131536->omNode-3-GrpcLogAppender: send omNode-1->omNode-3#0-t5,notify:(t:5, i:59)
2022-10-18 21:56:08,566 [omNode-3-server-thread1] INFO  server.RaftServer$Division (RaftServerImpl.java:checkInconsistentAppendEntries(1402)) - omNode-3@group-523986131536: Failed appendEntries as snapshot (59) installation is in progress
2022-10-18 21:56:08,566 [omNode-3-server-thread1] INFO  server.RaftServer$Division (RaftServerImpl.java:checkInconsistentAppendEntries(1394)) - omNode-3@group-523986131536: inconsistency entries. Reply:omNode-1<-omNode-3#563:FAIL-t5,INCONSISTENCY,nextIndex=57,followerCommit=56
2022-10-18 21:56:08,567 [grpc-default-executor-0] INFO  leader.FollowerInfo (FollowerInfoImpl.java:lambda$new$0(48)) - omNode-1@group-523986131536->omNode-3: nextIndex: updateUnconditionally 57 -> 57
2022-10-18 21:56:08,567 [grpc-default-executor-1] INFO  impl.SnapshotInstallationHandler (SnapshotInstallationHandler.java:installSnapshot(84)) - omNode-3@group-523986131536: receive installSnapshot: omNode-1->omNode-3#0-t5,notify:(t:5, i:59)
2022-10-18 21:56:08,567 [grpc-default-executor-1] INFO  impl.SnapshotInstallationHandler (SnapshotInstallationHandler.java:installSnapshot(95)) - omNode-3@group-523986131536: reply installSnapshot: omNode-1<-omNode-3#0:FAIL-t5,IN_PROGRESS
2022-10-18 21:56:08,567 [grpc-default-executor-1] INFO  server.GrpcServerProtocolService (GrpcServerProtocolService.java:onCompleted(140)) - omNode-3: Completed INSTALL_SNAPSHOT, lastRequest: omNode-1->omNode-3#0-t5,notify:(t:5, i:59)
2022-10-18 21:56:08,568 [grpc-default-executor-0] INFO  server.GrpcLogAppender (GrpcLogAppender.java:onNext(403)) - omNode-1@group-523986131536->omNode-3-InstallSnapshotResponseHandler: received a reply omNode-1<-omNode-3#0:FAIL-t5,IN_PROGRESS
2022-10-18 21:56:08,568 [grpc-default-executor-0] INFO  server.GrpcLogAppender (GrpcLogAppender.java:onNext(421)) - omNode-1@group-523986131536->omNode-3-InstallSnapshotResponseHandler: InstallSnapshot in progress.
2022-10-18 21:56:08,568 [omNode-1@group-523986131536->omNode-3-GrpcLogAppender-LogAppenderDaemon] INFO  server.GrpcLogAppender (GrpcLogAppender.java:installSnapshot(541)) - omNode-1@group-523986131536->omNode-3-GrpcLogAppender: followerNextIndex = 57 but logStartIndex = 59, notify follower to install snapshot-(t:5, i:59)
2022-10-18 21:56:08,568 [omNode-1@group-523986131536->omNode-3-GrpcLogAppender-LogAppenderDaemon] INFO  server.GrpcLogAppender (GrpcLogAppender.java:installSnapshot(549)) - omNode-1@group-523986131536->omNode-3-GrpcLogAppender: send omNode-1->omNode-3#0-t5,notify:(t:5, i:59)
2022-10-18 21:56:08,568 [omNode-3-server-thread1] INFO  server.RaftServer$Division (RaftServerImpl.java:checkInconsistentAppendEntries(1402)) - omNode-3@group-523986131536: Failed appendEntries as snapshot (59) installation is in progress
2022-10-18 21:56:08,568 [omNode-3-server-thread1] INFO  server.RaftServer$Division (RaftServerImpl.java:checkInconsistentAppendEntries(1394)) - omNode-3@group-523986131536: inconsistency entries. Reply:omNode-1<-omNode-3#564:FAIL-t5,INCONSISTENCY,nextIndex=57,followerCommit=56
2022-10-18 21:56:08,569 [grpc-default-executor-0] INFO  leader.FollowerInfo (FollowerInfoImpl.java:lambda$new$0(48)) - omNode-1@group-523986131536->omNode-3: nextIndex: updateUnconditionally 57 -> 57
2022-10-18 21:56:08,569 [grpc-default-executor-0] INFO  impl.SnapshotInstallationHandler (SnapshotInstallationHandler.java:installSnapshot(84)) - omNode-3@group-523986131536: receive installSnapshot: omNode-1->omNode-3#0-t5,notify:(t:5, i:59)
2022-10-18 21:56:08,569 [grpc-default-executor-0] INFO  impl.SnapshotInstallationHandler (SnapshotInstallationHandler.java:installSnapshot(95)) - omNode-3@group-523986131536: reply installSnapshot: omNode-1<-omNode-3#0:FAIL-t5,IN_PROGRESS
2022-10-18 21:56:08,569 [grpc-default-executor-0] INFO  server.GrpcServerProtocolService (GrpcServerProtocolService.java:onCompleted(140)) - omNode-3: Completed INSTALL_SNAPSHOT, lastRequest: omNode-1->omNode-3#0-t5,notify:(t:5, i:59)
2022-10-18 21:56:08,570 [grpc-default-executor-1] INFO  server.GrpcLogAppender (GrpcLogAppender.java:onNext(403)) - omNode-1@group-523986131536->omNode-3-InstallSnapshotResponseHandler: received a reply omNode-1<-omNode-3#0:FAIL-t5,IN_PROGRESS
2022-10-18 21:56:08,570 [grpc-default-executor-1] INFO  server.GrpcLogAppender (GrpcLogAppender.java:onNext(421)) - omNode-1@group-523986131536->omNode-3-InstallSnapshotResponseHandler: InstallSnapshot in progress.
2022-10-18 21:56:08,570 [omNode-1@group-523986131536->omNode-3-GrpcLogAppender-LogAppenderDaemon] INFO  server.GrpcLogAppender (GrpcLogAppender.java:installSnapshot(541)) - omNode-1@group-523986131536->omNode-3-GrpcLogAppender: followerNextIndex = 57 but logStartIndex = 59, notify follower to install snapshot-(t:5, i:59)
2022-10-18 21:56:08,570 [omNode-1@group-523986131536->omNode-3-GrpcLogAppender-LogAppenderDaemon] INFO  server.GrpcLogAppender (GrpcLogAppender.java:installSnapshot(549)) - omNode-1@group-523986131536->omNode-3-GrpcLogAppender: send omNode-1->omNode-3#0-t5,notify:(t:5, i:59)
2022-10-18 21:56:08,570 [omNode-3-server-thread1] INFO  server.RaftServer$Division (RaftServerImpl.java:checkInconsistentAppendEntries(1402)) - omNode-3@group-523986131536: Failed appendEntries as snapshot (59) installation is in progress
2022-10-18 21:56:08,570 [omNode-3-server-thread1] INFO  server.RaftServer$Division (RaftServerImpl.java:checkInconsistentAppendEntries(1394)) - omNode-3@group-523986131536: inconsistency entries. Reply:omNode-1<-omNode-3#565:FAIL-t5,INCONSISTENCY,nextIndex=57,followerCommit=56
2022-10-18 21:56:08,571 [grpc-default-executor-1] INFO  impl.SnapshotInstallationHandler (SnapshotInstallationHandler.java:installSnapshot(84)) - omNode-3@group-523986131536: receive installSnapshot: omNode-1->omNode-3#0-t5,notify:(t:5, i:59)
2022-10-18 21:56:08,571 [grpc-default-executor-1] INFO  impl.SnapshotInstallationHandler (SnapshotInstallationHandler.java:installSnapshot(95)) - omNode-3@group-523986131536: reply installSnapshot: omNode-1<-omNode-3#0:FAIL-t5,IN_PROGRESS
2022-10-18 21:56:08,571 [grpc-default-executor-1] INFO  server.GrpcServerProtocolService (GrpcServerProtocolService.java:onCompleted(140)) - omNode-3: Completed INSTALL_SNAPSHOT, lastRequest: omNode-1->omNode-3#0-t5,notify:(t:5, i:59)
2022-10-18 21:56:08,572 [grpc-default-executor-0] INFO  leader.FollowerInfo (FollowerInfoImpl.java:lambda$new$0(48)) - omNode-1@group-523986131536->omNode-3: nextIndex: updateUnconditionally 57 -> 57
2022-10-18 21:56:08,572 [grpc-default-executor-0] INFO  server.GrpcLogAppender (GrpcLogAppender.java:onNext(403)) - omNode-1@group-523986131536->omNode-3-InstallSnapshotResponseHandler: received a reply omNode-1<-omNode-3#0:FAIL-t5,IN_PROGRESS
2022-10-18 21:56:08,572 [grpc-default-executor-0] INFO  server.GrpcLogAppender (GrpcLogAppender.java:onNext(421)) - omNode-1@group-523986131536->omNode-3-InstallSnapshotResponseHandler: InstallSnapshot in progress.
2022-10-18 21:56:08,572 [omNode-1@group-523986131536->omNode-3-GrpcLogAppender-LogAppenderDaemon] INFO  server.GrpcLogAppender (GrpcLogAppender.java:installSnapshot(541)) - omNode-1@group-523986131536->omNode-3-GrpcLogAppender: followerNextIndex = 57 but logStartIndex = 59, notify follower to install snapshot-(t:5, i:59)
2022-10-18 21:56:08,572 [omNode-1@group-523986131536->omNode-3-GrpcLogAppender-LogAppenderDaemon] INFO  server.GrpcLogAppender (GrpcLogAppender.java:installSnapshot(549)) - omNode-1@group-523986131536->omNode-3-GrpcLogAppender: send omNode-1->omNode-3#0-t5,notify:(t:5, i:59)
2022-10-18 21:56:08,577 [grpc-default-executor-1] INFO  impl.SnapshotInstallationHandler (SnapshotInstallationHandler.java:installSnapshot(84)) - omNode-3@group-523986131536: receive installSnapshot: omNode-1->omNode-3#0-t5,notify:(t:5, i:59)
2022-10-18 21:56:08,577 [grpc-default-executor-1] INFO  impl.SnapshotInstallationHandler (SnapshotInstallationHandler.java:installSnapshot(95)) - omNode-3@group-523986131536: reply installSnapshot: omNode-1<-omNode-3#0:FAIL-t5,IN_PROGRESS
2022-10-18 21:56:08,578 [grpc-default-executor-1] INFO  server.GrpcServerProtocolService (GrpcServerProtocolService.java:onCompleted(140)) - omNode-3: Completed INSTALL_SNAPSHOT, lastRequest: omNode-1->omNode-3#0-t5,notify:(t:5, i:59)
2022-10-18 21:56:08,578 [omNode-3-server-thread1] INFO  server.RaftServer$Division (RaftServerImpl.java:checkInconsistentAppendEntries(1402)) - omNode-3@group-523986131536: Failed appendEntries as snapshot (59) installation is in progress
2022-10-18 21:56:08,578 [omNode-3-server-thread1] INFO  server.RaftServer$Division (RaftServerImpl.java:checkInconsistentAppendEntries(1394)) - omNode-3@group-523986131536: inconsistency entries. Reply:omNode-1<-omNode-3#566:FAIL-t5,INCONSISTENCY,nextIndex=57,followerCommit=56
2022-10-18 21:56:08,578 [grpc-default-executor-1] INFO  server.GrpcLogAppender (GrpcLogAppender.java:onNext(403)) - omNode-1@group-523986131536->omNode-3-InstallSnapshotResponseHandler: received a reply omNode-1<-omNode-3#0:FAIL-t5,IN_PROGRESS
2022-10-18 21:56:08,578 [grpc-default-executor-1] INFO  server.GrpcLogAppender (GrpcLogAppender.java:onNext(421)) - omNode-1@group-523986131536->omNode-3-InstallSnapshotResponseHandler: InstallSnapshot in progress.
2022-10-18 21:56:08,578 [omNode-1@group-523986131536->omNode-3-GrpcLogAppender-LogAppenderDaemon] INFO  server.GrpcLogAppender (GrpcLogAppender.java:installSnapshot(541)) - omNode-1@group-523986131536->omNode-3-GrpcLogAppender: followerNextIndex = 57 but logStartIndex = 59, notify follower to install snapshot-(t:5, i:59)
2022-10-18 21:56:08,579 [omNode-1@group-523986131536->omNode-3-GrpcLogAppender-LogAppenderDaemon] INFO  server.GrpcLogAppender (GrpcLogAppender.java:installSnapshot(549)) - omNode-1@group-523986131536->omNode-3-GrpcLogAppender: send omNode-1->omNode-3#0-t5,notify:(t:5, i:59)
2022-10-18 21:56:08,579 [grpc-default-executor-1] INFO  leader.FollowerInfo (FollowerInfoImpl.java:lambda$new$0(48)) - omNode-1@group-523986131536->omNode-3: nextIndex: updateUnconditionally 57 -> 57
2022-10-18 21:56:08,579 [omNode-3-server-thread1] INFO  server.RaftServer$Division (RaftServerImpl.java:checkInconsistentAppendEntries(1402)) - omNode-3@group-523986131536: Failed appendEntries as snapshot (59) installation is in progress
2022-10-18 21:56:08,579 [omNode-3-server-thread1] INFO  server.RaftServer$Division (RaftServerImpl.java:checkInconsistentAppendEntries(1394)) - omNode-3@group-523986131536: inconsistency entries. Reply:omNode-1<-omNode-3#567:FAIL-t5,INCONSISTENCY,nextIndex=57,followerCommit=56
2022-10-18 21:56:08,579 [grpc-default-executor-1] INFO  impl.SnapshotInstallationHandler (SnapshotInstallationHandler.java:installSnapshot(84)) - omNode-3@group-523986131536: receive installSnapshot: omNode-1->omNode-3#0-t5,notify:(t:5, i:59)
2022-10-18 21:56:08,580 [grpc-default-executor-1] INFO  impl.SnapshotInstallationHandler (SnapshotInstallationHandler.java:installSnapshot(95)) - omNode-3@group-523986131536: reply installSnapshot: omNode-1<-omNode-3#0:FAIL-t5,IN_PROGRESS
2022-10-18 21:56:08,580 [grpc-default-executor-1] INFO  server.GrpcServerProtocolService (GrpcServerProtocolService.java:onCompleted(140)) - omNode-3: Completed INSTALL_SNAPSHOT, lastRequest: omNode-1->omNode-3#0-t5,notify:(t:5, i:59)
2022-10-18 21:56:08,589 [grpc-default-executor-0] INFO  server.GrpcLogAppender (GrpcLogAppender.java:onNext(403)) - omNode-1@group-523986131536->omNode-3-InstallSnapshotResponseHandler: received a reply omNode-1<-omNode-3#0:FAIL-t5,IN_PROGRESS
2022-10-18 21:56:08,589 [grpc-default-executor-0] INFO  server.GrpcLogAppender (GrpcLogAppender.java:onNext(421)) - omNode-1@group-523986131536->omNode-3-InstallSnapshotResponseHandler: InstallSnapshot in progress.
2022-10-18 21:56:08,597 [omNode-1@group-523986131536->omNode-3-GrpcLogAppender-LogAppenderDaemon] INFO  server.GrpcLogAppender (GrpcLogAppender.java:installSnapshot(541)) - omNode-1@group-523986131536->omNode-3-GrpcLogAppender: followerNextIndex = 57 but logStartIndex = 59, notify follower to install snapshot-(t:5, i:59)
2022-10-18 21:56:08,597 [omNode-1@group-523986131536->omNode-3-GrpcLogAppender-LogAppenderDaemon] INFO  server.GrpcLogAppender (GrpcLogAppender.java:installSnapshot(549)) - omNode-1@group-523986131536->omNode-3-GrpcLogAppender: send omNode-1->omNode-3#0-t5,notify:(t:5, i:59)
2022-10-18 21:56:08,598 [grpc-default-executor-0] INFO  leader.FollowerInfo (FollowerInfoImpl.java:lambda$new$0(48)) - omNode-1@group-523986131536->omNode-3: nextIndex: updateUnconditionally 57 -> 57
2022-10-18 21:56:08,599 [omNode-3-server-thread1] INFO  server.RaftServer$Division (RaftServerImpl.java:checkInconsistentAppendEntries(1402)) - omNode-3@group-523986131536: Failed appendEntries as snapshot (59) installation is in progress
2022-10-18 21:56:08,599 [omNode-3-server-thread1] INFO  server.RaftServer$Division (RaftServerImpl.java:checkInconsistentAppendEntries(1394)) - omNode-3@group-523986131536: inconsistency entries. Reply:omNode-1<-omNode-3#568:FAIL-t5,INCONSISTENCY,nextIndex=57,followerCommit=56
2022-10-18 21:56:08,599 [grpc-default-executor-0] INFO  impl.SnapshotInstallationHandler (SnapshotInstallationHandler.java:installSnapshot(84)) - omNode-3@group-523986131536: receive installSnapshot: omNode-1->omNode-3#0-t5,notify:(t:5, i:59)
2022-10-18 21:56:08,599 [grpc-default-executor-0] INFO  impl.SnapshotInstallationHandler (SnapshotInstallationHandler.java:installSnapshot(95)) - omNode-3@group-523986131536: reply installSnapshot: omNode-1<-omNode-3#0:FAIL-t5,IN_PROGRESS
2022-10-18 21:56:08,599 [grpc-default-executor-0] INFO  server.GrpcServerProtocolService (GrpcServerProtocolService.java:onCompleted(140)) - omNode-3: Completed INSTALL_SNAPSHOT, lastRequest: omNode-1->omNode-3#0-t5,notify:(t:5, i:59)
2022-10-18 21:56:08,605 [grpc-default-executor-0] INFO  leader.FollowerInfo (FollowerInfoImpl.java:lambda$new$0(48)) - omNode-1@group-523986131536->omNode-3: nextIndex: updateUnconditionally 57 -> 57
2022-10-18 21:56:08,610 [grpc-default-executor-1] INFO  server.GrpcLogAppender (GrpcLogAppender.java:onNext(403)) - omNode-1@group-523986131536->omNode-3-InstallSnapshotResponseHandler: received a reply omNode-1<-omNode-3#0:FAIL-t5,IN_PROGRESS
2022-10-18 21:56:08,610 [grpc-default-executor-1] INFO  server.GrpcLogAppender (GrpcLogAppender.java:onNext(421)) - omNode-1@group-523986131536->omNode-3-InstallSnapshotResponseHandler: InstallSnapshot in progress.
2022-10-18 21:56:08,610 [omNode-1@group-523986131536->omNode-3-GrpcLogAppender-LogAppenderDaemon] INFO  server.GrpcLogAppender (GrpcLogAppender.java:installSnapshot(541)) - omNode-1@group-523986131536->omNode-3-GrpcLogAppender: followerNextIndex = 57 but logStartIndex = 59, notify follower to install snapshot-(t:5, i:59)
2022-10-18 21:56:08,610 [omNode-1@group-523986131536->omNode-3-GrpcLogAppender-LogAppenderDaemon] INFO  server.GrpcLogAppender (GrpcLogAppender.java:installSnapshot(549)) - omNode-1@group-523986131536->omNode-3-GrpcLogAppender: send omNode-1->omNode-3#0-t5,notify:(t:5, i:59)
2022-10-18 21:56:08,613 [grpc-default-executor-1] INFO  impl.SnapshotInstallationHandler (SnapshotInstallationHandler.java:installSnapshot(84)) - omNode-3@group-523986131536: receive installSnapshot: omNode-1->omNode-3#0-t5,notify:(t:5, i:59)
2022-10-18 21:56:08,613 [grpc-default-executor-1] INFO  impl.SnapshotInstallationHandler (SnapshotInstallationHandler.java:installSnapshot(95)) - omNode-3@group-523986131536: reply installSnapshot: omNode-1<-omNode-3#0:FAIL-t5,IN_PROGRESS
2022-10-18 21:56:08,613 [grpc-default-executor-1] INFO  server.GrpcServerProtocolService (GrpcServerProtocolService.java:onCompleted(140)) - omNode-3: Completed INSTALL_SNAPSHOT, lastRequest: omNode-1->omNode-3#0-t5,notify:(t:5, i:59)
2022-10-18 21:56:08,614 [omNode-3-server-thread1] INFO  server.RaftServer$Division (RaftServerImpl.java:checkInconsistentAppendEntries(1402)) - omNode-3@group-523986131536: Failed appendEntries as snapshot (59) installation is in progress
2022-10-18 21:56:08,614 [omNode-3-server-thread1] INFO  server.RaftServer$Division (RaftServerImpl.java:checkInconsistentAppendEntries(1394)) - omNode-3@group-523986131536: inconsistency entries. Reply:omNode-1<-omNode-3#569:FAIL-t5,INCONSISTENCY,nextIndex=57,followerCommit=56
2022-10-18 21:56:08,615 [grpc-default-executor-0] INFO  server.GrpcLogAppender (GrpcLogAppender.java:onNext(403)) - omNode-1@group-523986131536->omNode-3-InstallSnapshotResponseHandler: received a reply omNode-1<-omNode-3#0:FAIL-t5,IN_PROGRESS
2022-10-18 21:56:08,615 [grpc-default-executor-0] INFO  server.GrpcLogAppender (GrpcLogAppender.java:onNext(421)) - omNode-1@group-523986131536->omNode-3-InstallSnapshotResponseHandler: InstallSnapshot in progress.
2022-10-18 21:56:08,615 [omNode-1@group-523986131536->omNode-3-GrpcLogAppender-LogAppenderDaemon] INFO  server.GrpcLogAppender (GrpcLogAppender.java:installSnapshot(541)) - omNode-1@group-523986131536->omNode-3-GrpcLogAppender: followerNextIndex = 57 but logStartIndex = 59, notify follower to install snapshot-(t:5, i:59)
2022-10-18 21:56:08,615 [omNode-1@group-523986131536->omNode-3-GrpcLogAppender-LogAppenderDaemon] INFO  server.GrpcLogAppender (GrpcLogAppender.java:installSnapshot(549)) - omNode-1@group-523986131536->omNode-3-GrpcLogAppender: send omNode-1->omNode-3#0-t5,notify:(t:5, i:59)
2022-10-18 21:56:08,616 [grpc-default-executor-0] INFO  leader.FollowerInfo (FollowerInfoImpl.java:lambda$new$0(48)) - omNode-1@group-523986131536->omNode-3: nextIndex: updateUnconditionally 57 -> 57
2022-10-18 21:56:08,616 [omNode-3-server-thread1] INFO  server.RaftServer$Division (RaftServerImpl.java:checkInconsistentAppendEntries(1402)) - omNode-3@group-523986131536: Failed appendEntries as snapshot (59) installation is in progress
2022-10-18 21:56:08,616 [omNode-3-server-thread1] INFO  server.RaftServer$Division (RaftServerImpl.java:checkInconsistentAppendEntries(1394)) - omNode-3@group-523986131536: inconsistency entries. Reply:omNode-1<-omNode-3#570:FAIL-t5,INCONSISTENCY,nextIndex=57,followerCommit=56
2022-10-18 21:56:08,617 [grpc-default-executor-0] INFO  impl.SnapshotInstallationHandler (SnapshotInstallationHandler.java:installSnapshot(84)) - omNode-3@group-523986131536: receive installSnapshot: omNode-1->omNode-3#0-t5,notify:(t:5, i:59)
2022-10-18 21:56:08,617 [grpc-default-executor-0] INFO  impl.SnapshotInstallationHandler (SnapshotInstallationHandler.java:installSnapshot(95)) - omNode-3@group-523986131536: reply installSnapshot: omNode-1<-omNode-3#0:FAIL-t5,IN_PROGRESS
2022-10-18 21:56:08,617 [grpc-default-executor-0] INFO  server.GrpcServerProtocolService (GrpcServerProtocolService.java:onCompleted(140)) - omNode-3: Completed INSTALL_SNAPSHOT, lastRequest: omNode-1->omNode-3#0-t5,notify:(t:5, i:59)
2022-10-18 21:56:08,618 [grpc-default-executor-0] INFO  leader.FollowerInfo (FollowerInfoImpl.java:lambda$new$0(48)) - omNode-1@group-523986131536->omNode-3: nextIndex: updateUnconditionally 57 -> 57
2022-10-18 21:56:08,618 [grpc-default-executor-0] INFO  server.GrpcLogAppender (GrpcLogAppender.java:onNext(403)) - omNode-1@group-523986131536->omNode-3-InstallSnapshotResponseHandler: received a reply omNode-1<-omNode-3#0:FAIL-t5,IN_PROGRESS
2022-10-18 21:56:08,619 [grpc-default-executor-0] INFO  server.GrpcLogAppender (GrpcLogAppender.java:onNext(421)) - omNode-1@group-523986131536->omNode-3-InstallSnapshotResponseHandler: InstallSnapshot in progress.
2022-10-18 21:56:08,619 [omNode-1@group-523986131536->omNode-3-GrpcLogAppender-LogAppenderDaemon] INFO  server.GrpcLogAppender (GrpcLogAppender.java:installSnapshot(541)) - omNode-1@group-523986131536->omNode-3-GrpcLogAppender: followerNextIndex = 57 but logStartIndex = 59, notify follower to install snapshot-(t:5, i:59)
2022-10-18 21:56:08,619 [omNode-1@group-523986131536->omNode-3-GrpcLogAppender-LogAppenderDaemon] INFO  server.GrpcLogAppender (GrpcLogAppender.java:installSnapshot(549)) - omNode-1@group-523986131536->omNode-3-GrpcLogAppender: send omNode-1->omNode-3#0-t5,notify:(t:5, i:59)
2022-10-18 21:56:08,620 [omNode-3-server-thread1] INFO  server.RaftServer$Division (RaftServerImpl.java:checkInconsistentAppendEntries(1402)) - omNode-3@group-523986131536: Failed appendEntries as snapshot (59) installation is in progress
2022-10-18 21:56:08,620 [omNode-3-server-thread1] INFO  server.RaftServer$Division (RaftServerImpl.java:checkInconsistentAppendEntries(1394)) - omNode-3@group-523986131536: inconsistency entries. Reply:omNode-1<-omNode-3#571:FAIL-t5,INCONSISTENCY,nextIndex=57,followerCommit=56
2022-10-18 21:56:08,620 [grpc-default-executor-0] INFO  impl.SnapshotInstallationHandler (SnapshotInstallationHandler.java:installSnapshot(84)) - omNode-3@group-523986131536: receive installSnapshot: omNode-1->omNode-3#0-t5,notify:(t:5, i:59)
2022-10-18 21:56:08,620 [grpc-default-executor-0] INFO  impl.SnapshotInstallationHandler (SnapshotInstallationHandler.java:installSnapshot(95)) - omNode-3@group-523986131536: reply installSnapshot: omNode-1<-omNode-3#0:FAIL-t5,IN_PROGRESS
2022-10-18 21:56:08,620 [grpc-default-executor-0] INFO  server.GrpcServerProtocolService (GrpcServerProtocolService.java:onCompleted(140)) - omNode-3: Completed INSTALL_SNAPSHOT, lastRequest: omNode-1->omNode-3#0-t5,notify:(t:5, i:59)
2022-10-18 21:56:08,626 [grpc-default-executor-0] INFO  leader.FollowerInfo (FollowerInfoImpl.java:lambda$new$0(48)) - omNode-1@group-523986131536->omNode-3: nextIndex: updateUnconditionally 57 -> 57
2022-10-18 21:56:08,627 [grpc-default-executor-0] INFO  server.GrpcLogAppender (GrpcLogAppender.java:onNext(403)) - omNode-1@group-523986131536->omNode-3-InstallSnapshotResponseHandler: received a reply omNode-1<-omNode-3#0:FAIL-t5,IN_PROGRESS
2022-10-18 21:56:08,627 [grpc-default-executor-0] INFO  server.GrpcLogAppender (GrpcLogAppender.java:onNext(421)) - omNode-1@group-523986131536->omNode-3-InstallSnapshotResponseHandler: InstallSnapshot in progress.
2022-10-18 21:56:08,627 [omNode-1@group-523986131536->omNode-3-GrpcLogAppender-LogAppenderDaemon] INFO  server.GrpcLogAppender (GrpcLogAppender.java:installSnapshot(541)) - omNode-1@group-523986131536->omNode-3-GrpcLogAppender: followerNextIndex = 57 but logStartIndex = 59, notify follower to install snapshot-(t:5, i:59)
2022-10-18 21:56:08,627 [omNode-1@group-523986131536->omNode-3-GrpcLogAppender-LogAppenderDaemon] INFO  server.GrpcLogAppender (GrpcLogAppender.java:installSnapshot(549)) - omNode-1@group-523986131536->omNode-3-GrpcLogAppender: send omNode-1->omNode-3#0-t5,notify:(t:5, i:59)
2022-10-18 21:56:08,628 [omNode-3-server-thread1] INFO  server.RaftServer$Division (RaftServerImpl.java:checkInconsistentAppendEntries(1402)) - omNode-3@group-523986131536: Failed appendEntries as snapshot (59) installation is in progress
2022-10-18 21:56:08,628 [omNode-3-server-thread1] INFO  server.RaftServer$Division (RaftServerImpl.java:checkInconsistentAppendEntries(1394)) - omNode-3@group-523986131536: inconsistency entries. Reply:omNode-1<-omNode-3#572:FAIL-t5,INCONSISTENCY,nextIndex=57,followerCommit=56
2022-10-18 21:56:08,629 [grpc-default-executor-0] INFO  impl.SnapshotInstallationHandler (SnapshotInstallationHandler.java:installSnapshot(84)) - omNode-3@group-523986131536: receive installSnapshot: omNode-1->omNode-3#0-t5,notify:(t:5, i:59)
2022-10-18 21:56:08,629 [grpc-default-executor-0] INFO  impl.SnapshotInstallationHandler (SnapshotInstallationHandler.java:installSnapshot(95)) - omNode-3@group-523986131536: reply installSnapshot: omNode-1<-omNode-3#0:FAIL-t5,IN_PROGRESS
2022-10-18 21:56:08,629 [grpc-default-executor-0] INFO  server.GrpcServerProtocolService (GrpcServerProtocolService.java:onCompleted(140)) - omNode-3: Completed INSTALL_SNAPSHOT, lastRequest: omNode-1->omNode-3#0-t5,notify:(t:5, i:59)
2022-10-18 21:56:08,630 [grpc-default-executor-0] INFO  leader.FollowerInfo (FollowerInfoImpl.java:lambda$new$0(48)) - omNode-1@group-523986131536->omNode-3: nextIndex: updateUnconditionally 57 -> 57
2022-10-18 21:56:08,630 [grpc-default-executor-0] INFO  server.GrpcLogAppender (GrpcLogAppender.java:onNext(403)) - omNode-1@group-523986131536->omNode-3-InstallSnapshotResponseHandler: received a reply omNode-1<-omNode-3#0:FAIL-t5,IN_PROGRESS
2022-10-18 21:56:08,630 [grpc-default-executor-0] INFO  server.GrpcLogAppender (GrpcLogAppender.java:onNext(421)) - omNode-1@group-523986131536->omNode-3-InstallSnapshotResponseHandler: InstallSnapshot in progress.
2022-10-18 21:56:08,630 [omNode-1@group-523986131536->omNode-3-GrpcLogAppender-LogAppenderDaemon] INFO  server.GrpcLogAppender (GrpcLogAppender.java:installSnapshot(541)) - omNode-1@group-523986131536->omNode-3-GrpcLogAppender: followerNextIndex = 57 but logStartIndex = 59, notify follower to install snapshot-(t:5, i:59)
2022-10-18 21:56:08,630 [omNode-1@group-523986131536->omNode-3-GrpcLogAppender-LogAppenderDaemon] INFO  server.GrpcLogAppender (GrpcLogAppender.java:installSnapshot(549)) - omNode-1@group-523986131536->omNode-3-GrpcLogAppender: send omNode-1->omNode-3#0-t5,notify:(t:5, i:59)
2022-10-18 21:56:08,631 [omNode-3-server-thread1] INFO  server.RaftServer$Division (RaftServerImpl.java:checkInconsistentAppendEntries(1402)) - omNode-3@group-523986131536: Failed appendEntries as snapshot (59) installation is in progress
2022-10-18 21:56:08,631 [omNode-3-server-thread1] INFO  server.RaftServer$Division (RaftServerImpl.java:checkInconsistentAppendEntries(1394)) - omNode-3@group-523986131536: inconsistency entries. Reply:omNode-1<-omNode-3#573:FAIL-t5,INCONSISTENCY,nextIndex=57,followerCommit=56
2022-10-18 21:56:08,631 [grpc-default-executor-0] INFO  impl.SnapshotInstallationHandler (SnapshotInstallationHandler.java:installSnapshot(84)) - omNode-3@group-523986131536: receive installSnapshot: omNode-1->omNode-3#0-t5,notify:(t:5, i:59)
2022-10-18 21:56:08,632 [grpc-default-executor-0] INFO  impl.SnapshotInstallationHandler (SnapshotInstallationHandler.java:installSnapshot(95)) - omNode-3@group-523986131536: reply installSnapshot: omNode-1<-omNode-3#0:FAIL-t5,IN_PROGRESS
2022-10-18 21:56:08,632 [grpc-default-executor-0] INFO  server.GrpcServerProtocolService (GrpcServerProtocolService.java:onCompleted(140)) - omNode-3: Completed INSTALL_SNAPSHOT, lastRequest: omNode-1->omNode-3#0-t5,notify:(t:5, i:59)
2022-10-18 21:56:08,632 [grpc-default-executor-0] INFO  leader.FollowerInfo (FollowerInfoImpl.java:lambda$new$0(48)) - omNode-1@group-523986131536->omNode-3: nextIndex: updateUnconditionally 57 -> 57
2022-10-18 21:56:08,632 [grpc-default-executor-0] INFO  server.GrpcLogAppender (GrpcLogAppender.java:onNext(403)) - omNode-1@group-523986131536->omNode-3-InstallSnapshotResponseHandler: received a reply omNode-1<-omNode-3#0:FAIL-t5,IN_PROGRESS
2022-10-18 21:56:08,632 [grpc-default-executor-0] INFO  server.GrpcLogAppender (GrpcLogAppender.java:onNext(421)) - omNode-1@group-523986131536->omNode-3-InstallSnapshotResponseHandler: InstallSnapshot in progress.
2022-10-18 21:56:08,633 [omNode-1@group-523986131536->omNode-3-GrpcLogAppender-LogAppenderDaemon] INFO  server.GrpcLogAppender (GrpcLogAppender.java:installSnapshot(541)) - omNode-1@group-523986131536->omNode-3-GrpcLogAppender: followerNextIndex = 57 but logStartIndex = 59, notify follower to install snapshot-(t:5, i:59)
2022-10-18 21:56:08,633 [omNode-1@group-523986131536->omNode-3-GrpcLogAppender-LogAppenderDaemon] INFO  server.GrpcLogAppender (GrpcLogAppender.java:installSnapshot(549)) - omNode-1@group-523986131536->omNode-3-GrpcLogAppender: send omNode-1->omNode-3#0-t5,notify:(t:5, i:59)
2022-10-18 21:56:08,633 [omNode-3-server-thread1] INFO  server.RaftServer$Division (RaftServerImpl.java:checkInconsistentAppendEntries(1402)) - omNode-3@group-523986131536: Failed appendEntries as snapshot (59) installation is in progress
2022-10-18 21:56:08,633 [omNode-3-server-thread1] INFO  server.RaftServer$Division (RaftServerImpl.java:checkInconsistentAppendEntries(1394)) - omNode-3@group-523986131536: inconsistency entries. Reply:omNode-1<-omNode-3#574:FAIL-t5,INCONSISTENCY,nextIndex=57,followerCommit=56
2022-10-18 21:56:08,634 [grpc-default-executor-0] INFO  impl.SnapshotInstallationHandler (SnapshotInstallationHandler.java:installSnapshot(84)) - omNode-3@group-523986131536: receive installSnapshot: omNode-1->omNode-3#0-t5,notify:(t:5, i:59)
2022-10-18 21:56:08,634 [grpc-default-executor-0] INFO  impl.SnapshotInstallationHandler (SnapshotInstallationHandler.java:installSnapshot(95)) - omNode-3@group-523986131536: reply installSnapshot: omNode-1<-omNode-3#0:FAIL-t5,IN_PROGRESS
2022-10-18 21:56:08,634 [grpc-default-executor-0] INFO  server.GrpcServerProtocolService (GrpcServerProtocolService.java:onCompleted(140)) - omNode-3: Completed INSTALL_SNAPSHOT, lastRequest: omNode-1->omNode-3#0-t5,notify:(t:5, i:59)
2022-10-18 21:56:08,634 [grpc-default-executor-0] INFO  leader.FollowerInfo (FollowerInfoImpl.java:lambda$new$0(48)) - omNode-1@group-523986131536->omNode-3: nextIndex: updateUnconditionally 57 -> 57
2022-10-18 21:56:08,635 [grpc-default-executor-0] INFO  server.GrpcLogAppender (GrpcLogAppender.java:onNext(403)) - omNode-1@group-523986131536->omNode-3-InstallSnapshotResponseHandler: received a reply omNode-1<-omNode-3#0:FAIL-t5,IN_PROGRESS
2022-10-18 21:56:08,635 [grpc-default-executor-0] INFO  server.GrpcLogAppender (GrpcLogAppender.java:onNext(421)) - omNode-1@group-523986131536->omNode-3-InstallSnapshotResponseHandler: InstallSnapshot in progress.
2022-10-18 21:56:08,635 [omNode-1@group-523986131536->omNode-3-GrpcLogAppender-LogAppenderDaemon] INFO  server.GrpcLogAppender (GrpcLogAppender.java:installSnapshot(541)) - omNode-1@group-523986131536->omNode-3-GrpcLogAppender: followerNextIndex = 57 but logStartIndex = 59, notify follower to install snapshot-(t:5, i:59)
2022-10-18 21:56:08,635 [omNode-1@group-523986131536->omNode-3-GrpcLogAppender-LogAppenderDaemon] INFO  server.GrpcLogAppender (GrpcLogAppender.java:installSnapshot(549)) - omNode-1@group-523986131536->omNode-3-GrpcLogAppender: send omNode-1->omNode-3#0-t5,notify:(t:5, i:59)
2022-10-18 21:56:08,636 [omNode-3-server-thread1] INFO  server.RaftServer$Division (RaftServerImpl.java:checkInconsistentAppendEntries(1402)) - omNode-3@group-523986131536: Failed appendEntries as snapshot (59) installation is in progress
2022-10-18 21:56:08,636 [omNode-3-server-thread1] INFO  server.RaftServer$Division (RaftServerImpl.java:checkInconsistentAppendEntries(1394)) - omNode-3@group-523986131536: inconsistency entries. Reply:omNode-1<-omNode-3#575:FAIL-t5,INCONSISTENCY,nextIndex=57,followerCommit=56
2022-10-18 21:56:08,636 [grpc-default-executor-0] INFO  impl.SnapshotInstallationHandler (SnapshotInstallationHandler.java:installSnapshot(84)) - omNode-3@group-523986131536: receive installSnapshot: omNode-1->omNode-3#0-t5,notify:(t:5, i:59)
2022-10-18 21:56:08,636 [grpc-default-executor-0] INFO  impl.SnapshotInstallationHandler (SnapshotInstallationHandler.java:installSnapshot(95)) - omNode-3@group-523986131536: reply installSnapshot: omNode-1<-omNode-3#0:FAIL-t5,IN_PROGRESS
2022-10-18 21:56:08,636 [grpc-default-executor-0] INFO  server.GrpcServerProtocolService (GrpcServerProtocolService.java:onCompleted(140)) - omNode-3: Completed INSTALL_SNAPSHOT, lastRequest: omNode-1->omNode-3#0-t5,notify:(t:5, i:59)
2022-10-18 21:56:08,637 [grpc-default-executor-0] INFO  leader.FollowerInfo (FollowerInfoImpl.java:lambda$new$0(48)) - omNode-1@group-523986131536->omNode-3: nextIndex: updateUnconditionally 57 -> 57
2022-10-18 21:56:08,637 [grpc-default-executor-0] INFO  server.GrpcLogAppender (GrpcLogAppender.java:onNext(403)) - omNode-1@group-523986131536->omNode-3-InstallSnapshotResponseHandler: received a reply omNode-1<-omNode-3#0:FAIL-t5,IN_PROGRESS
2022-10-18 21:56:08,637 [grpc-default-executor-0] INFO  server.GrpcLogAppender (GrpcLogAppender.java:onNext(421)) - omNode-1@group-523986131536->omNode-3-InstallSnapshotResponseHandler: InstallSnapshot in progress.
2022-10-18 21:56:08,637 [omNode-1@group-523986131536->omNode-3-GrpcLogAppender-LogAppenderDaemon] INFO  server.GrpcLogAppender (GrpcLogAppender.java:installSnapshot(541)) - omNode-1@group-523986131536->omNode-3-GrpcLogAppender: followerNextIndex = 57 but logStartIndex = 59, notify follower to install snapshot-(t:5, i:59)
2022-10-18 21:56:08,637 [omNode-1@group-523986131536->omNode-3-GrpcLogAppender-LogAppenderDaemon] INFO  server.GrpcLogAppender (GrpcLogAppender.java:installSnapshot(549)) - omNode-1@group-523986131536->omNode-3-GrpcLogAppender: send omNode-1->omNode-3#0-t5,notify:(t:5, i:59)
2022-10-18 21:56:08,638 [omNode-3-server-thread1] INFO  server.RaftServer$Division (RaftServerImpl.java:checkInconsistentAppendEntries(1402)) - omNode-3@group-523986131536: Failed appendEntries as snapshot (59) installation is in progress
2022-10-18 21:56:08,638 [omNode-3-server-thread1] INFO  server.RaftServer$Division (RaftServerImpl.java:checkInconsistentAppendEntries(1394)) - omNode-3@group-523986131536: inconsistency entries. Reply:omNode-1<-omNode-3#576:FAIL-t5,INCONSISTENCY,nextIndex=57,followerCommit=56
2022-10-18 21:56:08,638 [grpc-default-executor-0] INFO  impl.SnapshotInstallationHandler (SnapshotInstallationHandler.java:installSnapshot(84)) - omNode-3@group-523986131536: receive installSnapshot: omNode-1->omNode-3#0-t5,notify:(t:5, i:59)
2022-10-18 21:56:08,639 [grpc-default-executor-0] INFO  impl.SnapshotInstallationHandler (SnapshotInstallationHandler.java:installSnapshot(95)) - omNode-3@group-523986131536: reply installSnapshot: omNode-1<-omNode-3#0:FAIL-t5,IN_PROGRESS
2022-10-18 21:56:08,639 [grpc-default-executor-0] INFO  server.GrpcServerProtocolService (GrpcServerProtocolService.java:onCompleted(140)) - omNode-3: Completed INSTALL_SNAPSHOT, lastRequest: omNode-1->omNode-3#0-t5,notify:(t:5, i:59)
2022-10-18 21:56:08,639 [grpc-default-executor-0] INFO  leader.FollowerInfo (FollowerInfoImpl.java:lambda$new$0(48)) - omNode-1@group-523986131536->omNode-3: nextIndex: updateUnconditionally 57 -> 57
2022-10-18 21:56:08,639 [grpc-default-executor-0] INFO  server.GrpcLogAppender (GrpcLogAppender.java:onNext(403)) - omNode-1@group-523986131536->omNode-3-InstallSnapshotResponseHandler: received a reply omNode-1<-omNode-3#0:FAIL-t5,IN_PROGRESS
2022-10-18 21:56:08,639 [grpc-default-executor-0] INFO  server.GrpcLogAppender (GrpcLogAppender.java:onNext(421)) - omNode-1@group-523986131536->omNode-3-InstallSnapshotResponseHandler: InstallSnapshot in progress.
2022-10-18 21:56:08,640 [omNode-1@group-523986131536->omNode-3-GrpcLogAppender-LogAppenderDaemon] INFO  server.GrpcLogAppender (GrpcLogAppender.java:installSnapshot(541)) - omNode-1@group-523986131536->omNode-3-GrpcLogAppender: followerNextIndex = 57 but logStartIndex = 59, notify follower to install snapshot-(t:5, i:59)
2022-10-18 21:56:08,640 [omNode-1@group-523986131536->omNode-3-GrpcLogAppender-LogAppenderDaemon] INFO  server.GrpcLogAppender (GrpcLogAppender.java:installSnapshot(549)) - omNode-1@group-523986131536->omNode-3-GrpcLogAppender: send omNode-1->omNode-3#0-t5,notify:(t:5, i:59)
2022-10-18 21:56:08,640 [omNode-3-server-thread1] INFO  server.RaftServer$Division (RaftServerImpl.java:checkInconsistentAppendEntries(1402)) - omNode-3@group-523986131536: Failed appendEntries as snapshot (59) installation is in progress
2022-10-18 21:56:08,640 [omNode-3-server-thread1] INFO  server.RaftServer$Division (RaftServerImpl.java:checkInconsistentAppendEntries(1394)) - omNode-3@group-523986131536: inconsistency entries. Reply:omNode-1<-omNode-3#577:FAIL-t5,INCONSISTENCY,nextIndex=57,followerCommit=56
2022-10-18 21:56:08,641 [grpc-default-executor-0] INFO  impl.SnapshotInstallationHandler (SnapshotInstallationHandler.java:installSnapshot(84)) - omNode-3@group-523986131536: receive installSnapshot: omNode-1->omNode-3#0-t5,notify:(t:5, i:59)
2022-10-18 21:56:08,641 [grpc-default-executor-0] INFO  impl.SnapshotInstallationHandler (SnapshotInstallationHandler.java:installSnapshot(95)) - omNode-3@group-523986131536: reply installSnapshot: omNode-1<-omNode-3#0:FAIL-t5,IN_PROGRESS
2022-10-18 21:56:08,641 [grpc-default-executor-0] INFO  server.GrpcServerProtocolService (GrpcServerProtocolService.java:onCompleted(140)) - omNode-3: Completed INSTALL_SNAPSHOT, lastRequest: omNode-1->omNode-3#0-t5,notify:(t:5, i:59)
2022-10-18 21:56:08,642 [grpc-default-executor-0] INFO  leader.FollowerInfo (FollowerInfoImpl.java:lambda$new$0(48)) - omNode-1@group-523986131536->omNode-3: nextIndex: updateUnconditionally 57 -> 57
2022-10-18 21:56:08,642 [grpc-default-executor-0] INFO  server.GrpcLogAppender (GrpcLogAppender.java:onNext(403)) - omNode-1@group-523986131536->omNode-3-InstallSnapshotResponseHandler: received a reply omNode-1<-omNode-3#0:FAIL-t5,IN_PROGRESS
2022-10-18 21:56:08,642 [grpc-default-executor-0] INFO  server.GrpcLogAppender (GrpcLogAppender.java:onNext(421)) - omNode-1@group-523986131536->omNode-3-InstallSnapshotResponseHandler: InstallSnapshot in progress.
2022-10-18 21:56:08,642 [omNode-1@group-523986131536->omNode-3-GrpcLogAppender-LogAppenderDaemon] INFO  server.GrpcLogAppender (GrpcLogAppender.java:installSnapshot(541)) - omNode-1@group-523986131536->omNode-3-GrpcLogAppender: followerNextIndex = 57 but logStartIndex = 59, notify follower to install snapshot-(t:5, i:59)
2022-10-18 21:56:08,642 [omNode-1@group-523986131536->omNode-3-GrpcLogAppender-LogAppenderDaemon] INFO  server.GrpcLogAppender (GrpcLogAppender.java:installSnapshot(549)) - omNode-1@group-523986131536->omNode-3-GrpcLogAppender: send omNode-1->omNode-3#0-t5,notify:(t:5, i:59)
2022-10-18 21:56:08,643 [omNode-3-server-thread1] INFO  server.RaftServer$Division (RaftServerImpl.java:checkInconsistentAppendEntries(1402)) - omNode-3@group-523986131536: Failed appendEntries as snapshot (59) installation is in progress
2022-10-18 21:56:08,643 [omNode-3-server-thread1] INFO  server.RaftServer$Division (RaftServerImpl.java:checkInconsistentAppendEntries(1394)) - omNode-3@group-523986131536: inconsistency entries. Reply:omNode-1<-omNode-3#578:FAIL-t5,INCONSISTENCY,nextIndex=57,followerCommit=56
2022-10-18 21:56:08,643 [grpc-default-executor-0] INFO  impl.SnapshotInstallationHandler (SnapshotInstallationHandler.java:installSnapshot(84)) - omNode-3@group-523986131536: receive installSnapshot: omNode-1->omNode-3#0-t5,notify:(t:5, i:59)
2022-10-18 21:56:08,643 [grpc-default-executor-0] INFO  impl.SnapshotInstallationHandler (SnapshotInstallationHandler.java:installSnapshot(95)) - omNode-3@group-523986131536: reply installSnapshot: omNode-1<-omNode-3#0:FAIL-t5,IN_PROGRESS
2022-10-18 21:56:08,644 [grpc-default-executor-0] INFO  server.GrpcServerProtocolService (GrpcServerProtocolService.java:onCompleted(140)) - omNode-3: Completed INSTALL_SNAPSHOT, lastRequest: omNode-1->omNode-3#0-t5,notify:(t:5, i:59)
2022-10-18 21:56:08,644 [grpc-default-executor-0] INFO  leader.FollowerInfo (FollowerInfoImpl.java:lambda$new$0(48)) - omNode-1@group-523986131536->omNode-3: nextIndex: updateUnconditionally 57 -> 57
2022-10-18 21:56:08,644 [grpc-default-executor-0] INFO  server.GrpcLogAppender (GrpcLogAppender.java:onNext(403)) - omNode-1@group-523986131536->omNode-3-InstallSnapshotResponseHandler: received a reply omNode-1<-omNode-3#0:FAIL-t5,IN_PROGRESS
2022-10-18 21:56:08,644 [grpc-default-executor-0] INFO  server.GrpcLogAppender (GrpcLogAppender.java:onNext(421)) - omNode-1@group-523986131536->omNode-3-InstallSnapshotResponseHandler: InstallSnapshot in progress.
2022-10-18 21:56:08,645 [omNode-1@group-523986131536->omNode-3-GrpcLogAppender-LogAppenderDaemon] INFO  server.GrpcLogAppender (GrpcLogAppender.java:installSnapshot(541)) - omNode-1@group-523986131536->omNode-3-GrpcLogAppender: followerNextIndex = 57 but logStartIndex = 59, notify follower to install snapshot-(t:5, i:59)
2022-10-18 21:56:08,645 [omNode-1@group-523986131536->omNode-3-GrpcLogAppender-LogAppenderDaemon] INFO  server.GrpcLogAppender (GrpcLogAppender.java:installSnapshot(549)) - omNode-1@group-523986131536->omNode-3-GrpcLogAppender: send omNode-1->omNode-3#0-t5,notify:(t:5, i:59)
2022-10-18 21:56:08,645 [omNode-3-server-thread1] INFO  server.RaftServer$Division (RaftServerImpl.java:checkInconsistentAppendEntries(1402)) - omNode-3@group-523986131536: Failed appendEntries as snapshot (59) installation is in progress
2022-10-18 21:56:08,645 [omNode-3-server-thread1] INFO  server.RaftServer$Division (RaftServerImpl.java:checkInconsistentAppendEntries(1394)) - omNode-3@group-523986131536: inconsistency entries. Reply:omNode-1<-omNode-3#579:FAIL-t5,INCONSISTENCY,nextIndex=57,followerCommit=56
2022-10-18 21:56:08,646 [grpc-default-executor-0] INFO  impl.SnapshotInstallationHandler (SnapshotInstallationHandler.java:installSnapshot(84)) - omNode-3@group-523986131536: receive installSnapshot: omNode-1->omNode-3#0-t5,notify:(t:5, i:59)
2022-10-18 21:56:08,646 [grpc-default-executor-0] INFO  impl.SnapshotInstallationHandler (SnapshotInstallationHandler.java:installSnapshot(95)) - omNode-3@group-523986131536: reply installSnapshot: omNode-1<-omNode-3#0:FAIL-t5,IN_PROGRESS
2022-10-18 21:56:08,646 [grpc-default-executor-0] INFO  server.GrpcServerProtocolService (GrpcServerProtocolService.java:onCompleted(140)) - omNode-3: Completed INSTALL_SNAPSHOT, lastRequest: omNode-1->omNode-3#0-t5,notify:(t:5, i:59)
2022-10-18 21:56:08,646 [grpc-default-executor-1] INFO  leader.FollowerInfo (FollowerInfoImpl.java:lambda$new$0(48)) - omNode-1@group-523986131536->omNode-3: nextIndex: updateUnconditionally 57 -> 57
2022-10-18 21:56:08,649 [grpc-default-executor-1] INFO  server.GrpcLogAppender (GrpcLogAppender.java:onNext(403)) - omNode-1@group-523986131536->omNode-3-InstallSnapshotResponseHandler: received a reply omNode-1<-omNode-3#0:FAIL-t5,IN_PROGRESS
2022-10-18 21:56:08,649 [grpc-default-executor-1] INFO  server.GrpcLogAppender (GrpcLogAppender.java:onNext(421)) - omNode-1@group-523986131536->omNode-3-InstallSnapshotResponseHandler: InstallSnapshot in progress.
2022-10-18 21:56:08,649 [omNode-1@group-523986131536->omNode-3-GrpcLogAppender-LogAppenderDaemon] INFO  server.GrpcLogAppender (GrpcLogAppender.java:installSnapshot(541)) - omNode-1@group-523986131536->omNode-3-GrpcLogAppender: followerNextIndex = 57 but logStartIndex = 59, notify follower to install snapshot-(t:5, i:59)
2022-10-18 21:56:08,649 [omNode-1@group-523986131536->omNode-3-GrpcLogAppender-LogAppenderDaemon] INFO  server.GrpcLogAppender (GrpcLogAppender.java:installSnapshot(549)) - omNode-1@group-523986131536->omNode-3-GrpcLogAppender: send omNode-1->omNode-3#0-t5,notify:(t:5, i:59)
2022-10-18 21:56:08,656 [grpc-default-executor-1] INFO  impl.SnapshotInstallationHandler (SnapshotInstallationHandler.java:installSnapshot(84)) - omNode-3@group-523986131536: receive installSnapshot: omNode-1->omNode-3#0-t5,notify:(t:5, i:59)
2022-10-18 21:56:08,656 [grpc-default-executor-1] INFO  impl.SnapshotInstallationHandler (SnapshotInstallationHandler.java:installSnapshot(95)) - omNode-3@group-523986131536: reply installSnapshot: omNode-1<-omNode-3#0:FAIL-t5,IN_PROGRESS
2022-10-18 21:56:08,656 [grpc-default-executor-1] INFO  server.GrpcServerProtocolService (GrpcServerProtocolService.java:onCompleted(140)) - omNode-3: Completed INSTALL_SNAPSHOT, lastRequest: omNode-1->omNode-3#0-t5,notify:(t:5, i:59)
2022-10-18 21:56:08,657 [omNode-3-server-thread1] INFO  server.RaftServer$Division (RaftServerImpl.java:checkInconsistentAppendEntries(1402)) - omNode-3@group-523986131536: Failed appendEntries as snapshot (59) installation is in progress
2022-10-18 21:56:08,657 [omNode-3-server-thread1] INFO  server.RaftServer$Division (RaftServerImpl.java:checkInconsistentAppendEntries(1394)) - omNode-3@group-523986131536: inconsistency entries. Reply:omNode-1<-omNode-3#580:FAIL-t5,INCONSISTENCY,nextIndex=57,followerCommit=56
2022-10-18 21:56:08,657 [grpc-default-executor-1] INFO  server.GrpcLogAppender (GrpcLogAppender.java:onNext(403)) - omNode-1@group-523986131536->omNode-3-InstallSnapshotResponseHandler: received a reply omNode-1<-omNode-3#0:FAIL-t5,IN_PROGRESS
2022-10-18 21:56:08,657 [grpc-default-executor-1] INFO  server.GrpcLogAppender (GrpcLogAppender.java:onNext(421)) - omNode-1@group-523986131536->omNode-3-InstallSnapshotResponseHandler: InstallSnapshot in progress.
2022-10-18 21:56:08,657 [omNode-1@group-523986131536->omNode-3-GrpcLogAppender-LogAppenderDaemon] INFO  server.GrpcLogAppender (GrpcLogAppender.java:installSnapshot(541)) - omNode-1@group-523986131536->omNode-3-GrpcLogAppender: followerNextIndex = 57 but logStartIndex = 59, notify follower to install snapshot-(t:5, i:59)
2022-10-18 21:56:08,657 [omNode-1@group-523986131536->omNode-3-GrpcLogAppender-LogAppenderDaemon] INFO  server.GrpcLogAppender (GrpcLogAppender.java:installSnapshot(549)) - omNode-1@group-523986131536->omNode-3-GrpcLogAppender: send omNode-1->omNode-3#0-t5,notify:(t:5, i:59)
2022-10-18 21:56:08,658 [grpc-default-executor-3] INFO  leader.FollowerInfo (FollowerInfoImpl.java:lambda$new$0(48)) - omNode-1@group-523986131536->omNode-3: nextIndex: updateUnconditionally 57 -> 57
2022-10-18 21:56:08,658 [omNode-3-server-thread1] INFO  server.RaftServer$Division (RaftServerImpl.java:checkInconsistentAppendEntries(1402)) - omNode-3@group-523986131536: Failed appendEntries as snapshot (59) installation is in progress
2022-10-18 21:56:08,658 [grpc-default-executor-2] INFO  impl.SnapshotInstallationHandler (SnapshotInstallationHandler.java:installSnapshot(84)) - omNode-3@group-523986131536: receive installSnapshot: omNode-1->omNode-3#0-t5,notify:(t:5, i:59)
2022-10-18 21:56:08,658 [omNode-3-server-thread1] INFO  server.RaftServer$Division (RaftServerImpl.java:checkInconsistentAppendEntries(1394)) - omNode-3@group-523986131536: inconsistency entries. Reply:omNode-1<-omNode-3#581:FAIL-t5,INCONSISTENCY,nextIndex=57,followerCommit=56
2022-10-18 21:56:08,658 [grpc-default-executor-2] INFO  impl.SnapshotInstallationHandler (SnapshotInstallationHandler.java:installSnapshot(95)) - omNode-3@group-523986131536: reply installSnapshot: omNode-1<-omNode-3#0:FAIL-t5,IN_PROGRESS
2022-10-18 21:56:08,658 [grpc-default-executor-2] INFO  server.GrpcServerProtocolService (GrpcServerProtocolService.java:onCompleted(140)) - omNode-3: Completed INSTALL_SNAPSHOT, lastRequest: omNode-1->omNode-3#0-t5,notify:(t:5, i:59)
2022-10-18 21:56:08,659 [grpc-default-executor-0] INFO  server.GrpcLogAppender (GrpcLogAppender.java:onNext(403)) - omNode-1@group-523986131536->omNode-3-InstallSnapshotResponseHandler: received a reply omNode-1<-omNode-3#0:FAIL-t5,IN_PROGRESS
2022-10-18 21:56:08,659 [grpc-default-executor-0] INFO  server.GrpcLogAppender (GrpcLogAppender.java:onNext(421)) - omNode-1@group-523986131536->omNode-3-InstallSnapshotResponseHandler: InstallSnapshot in progress.
2022-10-18 21:56:08,659 [grpc-default-executor-2] INFO  leader.FollowerInfo (FollowerInfoImpl.java:lambda$new$0(48)) - omNode-1@group-523986131536->omNode-3: nextIndex: updateUnconditionally 57 -> 57
2022-10-18 21:56:08,659 [omNode-1@group-523986131536->omNode-3-GrpcLogAppender-LogAppenderDaemon] INFO  server.GrpcLogAppender (GrpcLogAppender.java:installSnapshot(541)) - omNode-1@group-523986131536->omNode-3-GrpcLogAppender: followerNextIndex = 57 but logStartIndex = 59, notify follower to install snapshot-(t:5, i:59)
2022-10-18 21:56:08,659 [omNode-1@group-523986131536->omNode-3-GrpcLogAppender-LogAppenderDaemon] INFO  server.GrpcLogAppender (GrpcLogAppender.java:installSnapshot(549)) - omNode-1@group-523986131536->omNode-3-GrpcLogAppender: send omNode-1->omNode-3#0-t5,notify:(t:5, i:59)
2022-10-18 21:56:08,659 [omNode-3-server-thread1] INFO  server.RaftServer$Division (RaftServerImpl.java:checkInconsistentAppendEntries(1402)) - omNode-3@group-523986131536: Failed appendEntries as snapshot (59) installation is in progress
2022-10-18 21:56:08,659 [omNode-3-server-thread1] INFO  server.RaftServer$Division (RaftServerImpl.java:checkInconsistentAppendEntries(1394)) - omNode-3@group-523986131536: inconsistency entries. Reply:omNode-1<-omNode-3#582:FAIL-t5,INCONSISTENCY,nextIndex=57,followerCommit=56
2022-10-18 21:56:08,660 [grpc-default-executor-0] INFO  leader.FollowerInfo (FollowerInfoImpl.java:lambda$new$0(48)) - omNode-1@group-523986131536->omNode-3: nextIndex: updateUnconditionally 57 -> 57
2022-10-18 21:56:08,660 [grpc-default-executor-3] INFO  impl.SnapshotInstallationHandler (SnapshotInstallationHandler.java:installSnapshot(84)) - omNode-3@group-523986131536: receive installSnapshot: omNode-1->omNode-3#0-t5,notify:(t:5, i:59)
2022-10-18 21:56:08,660 [grpc-default-executor-3] INFO  impl.SnapshotInstallationHandler (SnapshotInstallationHandler.java:installSnapshot(95)) - omNode-3@group-523986131536: reply installSnapshot: omNode-1<-omNode-3#0:FAIL-t5,IN_PROGRESS
2022-10-18 21:56:08,660 [grpc-default-executor-3] INFO  server.GrpcServerProtocolService (GrpcServerProtocolService.java:onCompleted(140)) - omNode-3: Completed INSTALL_SNAPSHOT, lastRequest: omNode-1->omNode-3#0-t5,notify:(t:5, i:59)
2022-10-18 21:56:08,660 [grpc-default-executor-3] INFO  server.GrpcLogAppender (GrpcLogAppender.java:onNext(403)) - omNode-1@group-523986131536->omNode-3-InstallSnapshotResponseHandler: received a reply omNode-1<-omNode-3#0:FAIL-t5,IN_PROGRESS
2022-10-18 21:56:08,660 [grpc-default-executor-3] INFO  server.GrpcLogAppender (GrpcLogAppender.java:onNext(421)) - omNode-1@group-523986131536->omNode-3-InstallSnapshotResponseHandler: InstallSnapshot in progress.
2022-10-18 21:56:08,661 [omNode-1@group-523986131536->omNode-3-GrpcLogAppender-LogAppenderDaemon] INFO  server.GrpcLogAppender (GrpcLogAppender.java:installSnapshot(541)) - omNode-1@group-523986131536->omNode-3-GrpcLogAppender: followerNextIndex = 57 but logStartIndex = 59, notify follower to install snapshot-(t:5, i:59)
2022-10-18 21:56:08,661 [omNode-1@group-523986131536->omNode-3-GrpcLogAppender-LogAppenderDaemon] INFO  server.GrpcLogAppender (GrpcLogAppender.java:installSnapshot(549)) - omNode-1@group-523986131536->omNode-3-GrpcLogAppender: send omNode-1->omNode-3#0-t5,notify:(t:5, i:59)
2022-10-18 21:56:08,661 [omNode-3-server-thread1] INFO  server.RaftServer$Division (RaftServerImpl.java:checkInconsistentAppendEntries(1402)) - omNode-3@group-523986131536: Failed appendEntries as snapshot (59) installation is in progress
2022-10-18 21:56:08,661 [omNode-3-server-thread1] INFO  server.RaftServer$Division (RaftServerImpl.java:checkInconsistentAppendEntries(1394)) - omNode-3@group-523986131536: inconsistency entries. Reply:omNode-1<-omNode-3#583:FAIL-t5,INCONSISTENCY,nextIndex=57,followerCommit=56
2022-10-18 21:56:08,661 [grpc-default-executor-3] INFO  leader.FollowerInfo (FollowerInfoImpl.java:lambda$new$0(48)) - omNode-1@group-523986131536->omNode-3: nextIndex: updateUnconditionally 57 -> 57
2022-10-18 21:56:08,662 [grpc-default-executor-0] INFO  impl.SnapshotInstallationHandler (SnapshotInstallationHandler.java:installSnapshot(84)) - omNode-3@group-523986131536: receive installSnapshot: omNode-1->omNode-3#0-t5,notify:(t:5, i:59)
2022-10-18 21:56:08,662 [grpc-default-executor-0] INFO  impl.SnapshotInstallationHandler (SnapshotInstallationHandler.java:installSnapshot(95)) - omNode-3@group-523986131536: reply installSnapshot: omNode-1<-omNode-3#0:FAIL-t5,IN_PROGRESS
2022-10-18 21:56:08,662 [grpc-default-executor-0] INFO  server.GrpcServerProtocolService (GrpcServerProtocolService.java:onCompleted(140)) - omNode-3: Completed INSTALL_SNAPSHOT, lastRequest: omNode-1->omNode-3#0-t5,notify:(t:5, i:59)
2022-10-18 21:56:08,662 [grpc-default-executor-3] INFO  server.GrpcLogAppender (GrpcLogAppender.java:onNext(403)) - omNode-1@group-523986131536->omNode-3-InstallSnapshotResponseHandler: received a reply omNode-1<-omNode-3#0:FAIL-t5,IN_PROGRESS
2022-10-18 21:56:08,662 [grpc-default-executor-3] INFO  server.GrpcLogAppender (GrpcLogAppender.java:onNext(421)) - omNode-1@group-523986131536->omNode-3-InstallSnapshotResponseHandler: InstallSnapshot in progress.
2022-10-18 21:56:08,663 [omNode-1@group-523986131536->omNode-3-GrpcLogAppender-LogAppenderDaemon] INFO  server.GrpcLogAppender (GrpcLogAppender.java:installSnapshot(541)) - omNode-1@group-523986131536->omNode-3-GrpcLogAppender: followerNextIndex = 57 but logStartIndex = 59, notify follower to install snapshot-(t:5, i:59)
2022-10-18 21:56:08,663 [omNode-1@group-523986131536->omNode-3-GrpcLogAppender-LogAppenderDaemon] INFO  server.GrpcLogAppender (GrpcLogAppender.java:installSnapshot(549)) - omNode-1@group-523986131536->omNode-3-GrpcLogAppender: send omNode-1->omNode-3#0-t5,notify:(t:5, i:59)
2022-10-18 21:56:08,663 [omNode-3-server-thread1] INFO  server.RaftServer$Division (RaftServerImpl.java:checkInconsistentAppendEntries(1402)) - omNode-3@group-523986131536: Failed appendEntries as snapshot (59) installation is in progress
2022-10-18 21:56:08,663 [omNode-3-server-thread1] INFO  server.RaftServer$Division (RaftServerImpl.java:checkInconsistentAppendEntries(1394)) - omNode-3@group-523986131536: inconsistency entries. Reply:omNode-1<-omNode-3#584:FAIL-t5,INCONSISTENCY,nextIndex=57,followerCommit=56
2022-10-18 21:56:08,663 [grpc-default-executor-3] INFO  leader.FollowerInfo (FollowerInfoImpl.java:lambda$new$0(48)) - omNode-1@group-523986131536->omNode-3: nextIndex: updateUnconditionally 57 -> 57
2022-10-18 21:56:08,664 [grpc-default-executor-0] INFO  impl.SnapshotInstallationHandler (SnapshotInstallationHandler.java:installSnapshot(84)) - omNode-3@group-523986131536: receive installSnapshot: omNode-1->omNode-3#0-t5,notify:(t:5, i:59)
2022-10-18 21:56:08,664 [grpc-default-executor-0] INFO  impl.SnapshotInstallationHandler (SnapshotInstallationHandler.java:installSnapshot(95)) - omNode-3@group-523986131536: reply installSnapshot: omNode-1<-omNode-3#0:FAIL-t5,IN_PROGRESS
2022-10-18 21:56:08,664 [grpc-default-executor-0] INFO  server.GrpcServerProtocolService (GrpcServerProtocolService.java:onCompleted(140)) - omNode-3: Completed INSTALL_SNAPSHOT, lastRequest: omNode-1->omNode-3#0-t5,notify:(t:5, i:59)
2022-10-18 21:56:08,664 [grpc-default-executor-3] INFO  server.GrpcLogAppender (GrpcLogAppender.java:onNext(403)) - omNode-1@group-523986131536->omNode-3-InstallSnapshotResponseHandler: received a reply omNode-1<-omNode-3#0:FAIL-t5,IN_PROGRESS
2022-10-18 21:56:08,665 [grpc-default-executor-3] INFO  server.GrpcLogAppender (GrpcLogAppender.java:onNext(421)) - omNode-1@group-523986131536->omNode-3-InstallSnapshotResponseHandler: InstallSnapshot in progress.
2022-10-18 21:56:08,665 [omNode-1@group-523986131536->omNode-3-GrpcLogAppender-LogAppenderDaemon] INFO  server.GrpcLogAppender (GrpcLogAppender.java:installSnapshot(541)) - omNode-1@group-523986131536->omNode-3-GrpcLogAppender: followerNextIndex = 57 but logStartIndex = 59, notify follower to install snapshot-(t:5, i:59)
2022-10-18 21:56:08,665 [omNode-1@group-523986131536->omNode-3-GrpcLogAppender-LogAppenderDaemon] INFO  server.GrpcLogAppender (GrpcLogAppender.java:installSnapshot(549)) - omNode-1@group-523986131536->omNode-3-GrpcLogAppender: send omNode-1->omNode-3#0-t5,notify:(t:5, i:59)
2022-10-18 21:56:08,665 [omNode-3-server-thread1] INFO  server.RaftServer$Division (RaftServerImpl.java:checkInconsistentAppendEntries(1402)) - omNode-3@group-523986131536: Failed appendEntries as snapshot (59) installation is in progress
2022-10-18 21:56:08,665 [omNode-3-server-thread1] INFO  server.RaftServer$Division (RaftServerImpl.java:checkInconsistentAppendEntries(1394)) - omNode-3@group-523986131536: inconsistency entries. Reply:omNode-1<-omNode-3#585:FAIL-t5,INCONSISTENCY,nextIndex=57,followerCommit=56
2022-10-18 21:56:08,666 [grpc-default-executor-2] INFO  leader.FollowerInfo (FollowerInfoImpl.java:lambda$new$0(48)) - omNode-1@group-523986131536->omNode-3: nextIndex: updateUnconditionally 57 -> 57
2022-10-18 21:56:08,666 [grpc-default-executor-3] INFO  impl.SnapshotInstallationHandler (SnapshotInstallationHandler.java:installSnapshot(84)) - omNode-3@group-523986131536: receive installSnapshot: omNode-1->omNode-3#0-t5,notify:(t:5, i:59)
2022-10-18 21:56:08,666 [grpc-default-executor-3] INFO  impl.SnapshotInstallationHandler (SnapshotInstallationHandler.java:installSnapshot(95)) - omNode-3@group-523986131536: reply installSnapshot: omNode-1<-omNode-3#0:FAIL-t5,IN_PROGRESS
2022-10-18 21:56:08,666 [grpc-default-executor-3] INFO  server.GrpcServerProtocolService (GrpcServerProtocolService.java:onCompleted(140)) - omNode-3: Completed INSTALL_SNAPSHOT, lastRequest: omNode-1->omNode-3#0-t5,notify:(t:5, i:59)
2022-10-18 21:56:08,666 [grpc-default-executor-0] INFO  server.GrpcLogAppender (GrpcLogAppender.java:onNext(403)) - omNode-1@group-523986131536->omNode-3-InstallSnapshotResponseHandler: received a reply omNode-1<-omNode-3#0:FAIL-t5,IN_PROGRESS
2022-10-18 21:56:08,666 [grpc-default-executor-0] INFO  server.GrpcLogAppender (GrpcLogAppender.java:onNext(421)) - omNode-1@group-523986131536->omNode-3-InstallSnapshotResponseHandler: InstallSnapshot in progress.
2022-10-18 21:56:08,667 [omNode-1@group-523986131536->omNode-3-GrpcLogAppender-LogAppenderDaemon] INFO  server.GrpcLogAppender (GrpcLogAppender.java:installSnapshot(541)) - omNode-1@group-523986131536->omNode-3-GrpcLogAppender: followerNextIndex = 57 but logStartIndex = 59, notify follower to install snapshot-(t:5, i:59)
2022-10-18 21:56:08,667 [omNode-1@group-523986131536->omNode-3-GrpcLogAppender-LogAppenderDaemon] INFO  server.GrpcLogAppender (GrpcLogAppender.java:installSnapshot(549)) - omNode-1@group-523986131536->omNode-3-GrpcLogAppender: send omNode-1->omNode-3#0-t5,notify:(t:5, i:59)
2022-10-18 21:56:08,667 [omNode-3-server-thread1] INFO  server.RaftServer$Division (RaftServerImpl.java:checkInconsistentAppendEntries(1402)) - omNode-3@group-523986131536: Failed appendEntries as snapshot (59) installation is in progress
2022-10-18 21:56:08,667 [omNode-3-server-thread1] INFO  server.RaftServer$Division (RaftServerImpl.java:checkInconsistentAppendEntries(1394)) - omNode-3@group-523986131536: inconsistency entries. Reply:omNode-1<-omNode-3#586:FAIL-t5,INCONSISTENCY,nextIndex=57,followerCommit=56
2022-10-18 21:56:08,667 [grpc-default-executor-0] INFO  leader.FollowerInfo (FollowerInfoImpl.java:lambda$new$0(48)) - omNode-1@group-523986131536->omNode-3: nextIndex: updateUnconditionally 57 -> 57
2022-10-18 21:56:08,667 [grpc-default-executor-3] INFO  impl.SnapshotInstallationHandler (SnapshotInstallationHandler.java:installSnapshot(84)) - omNode-3@group-523986131536: receive installSnapshot: omNode-1->omNode-3#0-t5,notify:(t:5, i:59)
2022-10-18 21:56:08,667 [grpc-default-executor-3] INFO  impl.SnapshotInstallationHandler (SnapshotInstallationHandler.java:installSnapshot(95)) - omNode-3@group-523986131536: reply installSnapshot: omNode-1<-omNode-3#0:FAIL-t5,IN_PROGRESS
2022-10-18 21:56:08,668 [grpc-default-executor-3] INFO  server.GrpcServerProtocolService (GrpcServerProtocolService.java:onCompleted(140)) - omNode-3: Completed INSTALL_SNAPSHOT, lastRequest: omNode-1->omNode-3#0-t5,notify:(t:5, i:59)
2022-10-18 21:56:08,668 [grpc-default-executor-3] INFO  server.GrpcLogAppender (GrpcLogAppender.java:onNext(403)) - omNode-1@group-523986131536->omNode-3-InstallSnapshotResponseHandler: received a reply omNode-1<-omNode-3#0:FAIL-t5,IN_PROGRESS
2022-10-18 21:56:08,668 [grpc-default-executor-3] INFO  server.GrpcLogAppender (GrpcLogAppender.java:onNext(421)) - omNode-1@group-523986131536->omNode-3-InstallSnapshotResponseHandler: InstallSnapshot in progress.
2022-10-18 21:56:08,668 [omNode-1@group-523986131536->omNode-3-GrpcLogAppender-LogAppenderDaemon] INFO  server.GrpcLogAppender (GrpcLogAppender.java:installSnapshot(541)) - omNode-1@group-523986131536->omNode-3-GrpcLogAppender: followerNextIndex = 57 but logStartIndex = 59, notify follower to install snapshot-(t:5, i:59)
2022-10-18 21:56:08,668 [omNode-1@group-523986131536->omNode-3-GrpcLogAppender-LogAppenderDaemon] INFO  server.GrpcLogAppender (GrpcLogAppender.java:installSnapshot(549)) - omNode-1@group-523986131536->omNode-3-GrpcLogAppender: send omNode-1->omNode-3#0-t5,notify:(t:5, i:59)
2022-10-18 21:56:08,668 [omNode-3-server-thread1] INFO  server.RaftServer$Division (RaftServerImpl.java:checkInconsistentAppendEntries(1402)) - omNode-3@group-523986131536: Failed appendEntries as snapshot (59) installation is in progress
2022-10-18 21:56:08,668 [omNode-3-server-thread1] INFO  server.RaftServer$Division (RaftServerImpl.java:checkInconsistentAppendEntries(1394)) - omNode-3@group-523986131536: inconsistency entries. Reply:omNode-1<-omNode-3#587:FAIL-t5,INCONSISTENCY,nextIndex=57,followerCommit=56
2022-10-18 21:56:08,669 [grpc-default-executor-0] INFO  leader.FollowerInfo (FollowerInfoImpl.java:lambda$new$0(48)) - omNode-1@group-523986131536->omNode-3: nextIndex: updateUnconditionally 57 -> 57
2022-10-18 21:56:08,669 [grpc-default-executor-0] INFO  impl.SnapshotInstallationHandler (SnapshotInstallationHandler.java:installSnapshot(84)) - omNode-3@group-523986131536: receive installSnapshot: omNode-1->omNode-3#0-t5,notify:(t:5, i:59)
2022-10-18 21:56:08,671 [grpc-default-executor-0] INFO  impl.SnapshotInstallationHandler (SnapshotInstallationHandler.java:installSnapshot(95)) - omNode-3@group-523986131536: reply installSnapshot: omNode-1<-omNode-3#0:FAIL-t5,IN_PROGRESS
2022-10-18 21:56:08,671 [grpc-default-executor-0] INFO  server.GrpcServerProtocolService (GrpcServerProtocolService.java:onCompleted(140)) - omNode-3: Completed INSTALL_SNAPSHOT, lastRequest: omNode-1->omNode-3#0-t5,notify:(t:5, i:59)
2022-10-18 21:56:08,672 [grpc-default-executor-0] INFO  server.GrpcLogAppender (GrpcLogAppender.java:onNext(403)) - omNode-1@group-523986131536->omNode-3-InstallSnapshotResponseHandler: received a reply omNode-1<-omNode-3#0:FAIL-t5,IN_PROGRESS
2022-10-18 21:56:08,672 [grpc-default-executor-0] INFO  server.GrpcLogAppender (GrpcLogAppender.java:onNext(421)) - omNode-1@group-523986131536->omNode-3-InstallSnapshotResponseHandler: InstallSnapshot in progress.
2022-10-18 21:56:08,672 [omNode-1@group-523986131536->omNode-3-GrpcLogAppender-LogAppenderDaemon] INFO  server.GrpcLogAppender (GrpcLogAppender.java:installSnapshot(541)) - omNode-1@group-523986131536->omNode-3-GrpcLogAppender: followerNextIndex = 57 but logStartIndex = 59, notify follower to install snapshot-(t:5, i:59)
2022-10-18 21:56:08,672 [omNode-1@group-523986131536->omNode-3-GrpcLogAppender-LogAppenderDaemon] INFO  server.GrpcLogAppender (GrpcLogAppender.java:installSnapshot(549)) - omNode-1@group-523986131536->omNode-3-GrpcLogAppender: send omNode-1->omNode-3#0-t5,notify:(t:5, i:59)
2022-10-18 21:56:08,673 [grpc-default-executor-2] INFO  impl.SnapshotInstallationHandler (SnapshotInstallationHandler.java:installSnapshot(84)) - omNode-3@group-523986131536: receive installSnapshot: omNode-1->omNode-3#0-t5,notify:(t:5, i:59)
2022-10-18 21:56:08,673 [grpc-default-executor-2] INFO  impl.SnapshotInstallationHandler (SnapshotInstallationHandler.java:installSnapshot(95)) - omNode-3@group-523986131536: reply installSnapshot: omNode-1<-omNode-3#0:FAIL-t5,IN_PROGRESS
2022-10-18 21:56:08,673 [grpc-default-executor-2] INFO  server.GrpcServerProtocolService (GrpcServerProtocolService.java:onCompleted(140)) - omNode-3: Completed INSTALL_SNAPSHOT, lastRequest: omNode-1->omNode-3#0-t5,notify:(t:5, i:59)
2022-10-18 21:56:08,674 [omNode-3-server-thread1] INFO  server.RaftServer$Division (RaftServerImpl.java:checkInconsistentAppendEntries(1402)) - omNode-3@group-523986131536: Failed appendEntries as snapshot (59) installation is in progress
2022-10-18 21:56:08,674 [omNode-3-server-thread1] INFO  server.RaftServer$Division (RaftServerImpl.java:checkInconsistentAppendEntries(1394)) - omNode-3@group-523986131536: inconsistency entries. Reply:omNode-1<-omNode-3#588:FAIL-t5,INCONSISTENCY,nextIndex=57,followerCommit=56
2022-10-18 21:56:08,679 [grpc-default-executor-3] INFO  leader.FollowerInfo (FollowerInfoImpl.java:lambda$new$0(48)) - omNode-1@group-523986131536->omNode-3: nextIndex: updateUnconditionally 57 -> 57
2022-10-18 21:56:08,679 [grpc-default-executor-0] INFO  server.GrpcLogAppender (GrpcLogAppender.java:onNext(403)) - omNode-1@group-523986131536->omNode-3-InstallSnapshotResponseHandler: received a reply omNode-1<-omNode-3#0:FAIL-t5,IN_PROGRESS
2022-10-18 21:56:08,679 [grpc-default-executor-0] INFO  server.GrpcLogAppender (GrpcLogAppender.java:onNext(421)) - omNode-1@group-523986131536->omNode-3-InstallSnapshotResponseHandler: InstallSnapshot in progress.
2022-10-18 21:56:08,679 [omNode-1@group-523986131536->omNode-3-GrpcLogAppender-LogAppenderDaemon] INFO  server.GrpcLogAppender (GrpcLogAppender.java:installSnapshot(541)) - omNode-1@group-523986131536->omNode-3-GrpcLogAppender: followerNextIndex = 57 but logStartIndex = 59, notify follower to install snapshot-(t:5, i:59)
2022-10-18 21:56:08,679 [omNode-1@group-523986131536->omNode-3-GrpcLogAppender-LogAppenderDaemon] INFO  server.GrpcLogAppender (GrpcLogAppender.java:installSnapshot(549)) - omNode-1@group-523986131536->omNode-3-GrpcLogAppender: send omNode-1->omNode-3#0-t5,notify:(t:5, i:59)
2022-10-18 21:56:08,679 [omNode-3-server-thread1] INFO  server.RaftServer$Division (RaftServerImpl.java:checkInconsistentAppendEntries(1402)) - omNode-3@group-523986131536: Failed appendEntries as snapshot (59) installation is in progress
2022-10-18 21:56:08,679 [omNode-3-server-thread1] INFO  server.RaftServer$Division (RaftServerImpl.java:checkInconsistentAppendEntries(1394)) - omNode-3@group-523986131536: inconsistency entries. Reply:omNode-1<-omNode-3#589:FAIL-t5,INCONSISTENCY,nextIndex=57,followerCommit=56
2022-10-18 21:56:08,679 [grpc-default-executor-3] INFO  leader.FollowerInfo (FollowerInfoImpl.java:lambda$new$0(48)) - omNode-1@group-523986131536->omNode-3: nextIndex: updateUnconditionally 57 -> 57
2022-10-18 21:56:08,680 [grpc-default-executor-3] INFO  impl.SnapshotInstallationHandler (SnapshotInstallationHandler.java:installSnapshot(84)) - omNode-3@group-523986131536: receive installSnapshot: omNode-1->omNode-3#0-t5,notify:(t:5, i:59)
2022-10-18 21:56:08,680 [grpc-default-executor-3] INFO  impl.SnapshotInstallationHandler (SnapshotInstallationHandler.java:installSnapshot(95)) - omNode-3@group-523986131536: reply installSnapshot: omNode-1<-omNode-3#0:FAIL-t5,IN_PROGRESS
2022-10-18 21:56:08,680 [grpc-default-executor-3] INFO  server.GrpcServerProtocolService (GrpcServerProtocolService.java:onCompleted(140)) - omNode-3: Completed INSTALL_SNAPSHOT, lastRequest: omNode-1->omNode-3#0-t5,notify:(t:5, i:59)
2022-10-18 21:56:08,681 [grpc-default-executor-3] INFO  server.GrpcLogAppender (GrpcLogAppender.java:onNext(403)) - omNode-1@group-523986131536->omNode-3-InstallSnapshotResponseHandler: received a reply omNode-1<-omNode-3#0:FAIL-t5,IN_PROGRESS
2022-10-18 21:56:08,681 [grpc-default-executor-3] INFO  server.GrpcLogAppender (GrpcLogAppender.java:onNext(421)) - omNode-1@group-523986131536->omNode-3-InstallSnapshotResponseHandler: InstallSnapshot in progress.
2022-10-18 21:56:08,681 [omNode-1@group-523986131536->omNode-3-GrpcLogAppender-LogAppenderDaemon] INFO  server.GrpcLogAppender (GrpcLogAppender.java:installSnapshot(541)) - omNode-1@group-523986131536->omNode-3-GrpcLogAppender: followerNextIndex = 57 but logStartIndex = 59, notify follower to install snapshot-(t:5, i:59)
2022-10-18 21:56:08,681 [omNode-1@group-523986131536->omNode-3-GrpcLogAppender-LogAppenderDaemon] INFO  server.GrpcLogAppender (GrpcLogAppender.java:installSnapshot(549)) - omNode-1@group-523986131536->omNode-3-GrpcLogAppender: send omNode-1->omNode-3#0-t5,notify:(t:5, i:59)
2022-10-18 21:56:08,682 [omNode-3-server-thread1] INFO  server.RaftServer$Division (RaftServerImpl.java:checkInconsistentAppendEntries(1402)) - omNode-3@group-523986131536: Failed appendEntries as snapshot (59) installation is in progress
2022-10-18 21:56:08,682 [omNode-3-server-thread1] INFO  server.RaftServer$Division (RaftServerImpl.java:checkInconsistentAppendEntries(1394)) - omNode-3@group-523986131536: inconsistency entries. Reply:omNode-1<-omNode-3#590:FAIL-t5,INCONSISTENCY,nextIndex=57,followerCommit=56
2022-10-18 21:56:08,682 [grpc-default-executor-0] INFO  impl.SnapshotInstallationHandler (SnapshotInstallationHandler.java:installSnapshot(84)) - omNode-3@group-523986131536: receive installSnapshot: omNode-1->omNode-3#0-t5,notify:(t:5, i:59)
2022-10-18 21:56:08,682 [grpc-default-executor-0] INFO  impl.SnapshotInstallationHandler (SnapshotInstallationHandler.java:installSnapshot(95)) - omNode-3@group-523986131536: reply installSnapshot: omNode-1<-omNode-3#0:FAIL-t5,IN_PROGRESS
2022-10-18 21:56:08,682 [grpc-default-executor-2] INFO  leader.FollowerInfo (FollowerInfoImpl.java:lambda$new$0(48)) - omNode-1@group-523986131536->omNode-3: nextIndex: updateUnconditionally 57 -> 57
2022-10-18 21:56:08,682 [grpc-default-executor-0] INFO  server.GrpcServerProtocolService (GrpcServerProtocolService.java:onCompleted(140)) - omNode-3: Completed INSTALL_SNAPSHOT, lastRequest: omNode-1->omNode-3#0-t5,notify:(t:5, i:59)
2022-10-18 21:56:08,683 [grpc-default-executor-0] INFO  server.GrpcLogAppender (GrpcLogAppender.java:onNext(403)) - omNode-1@group-523986131536->omNode-3-InstallSnapshotResponseHandler: received a reply omNode-1<-omNode-3#0:FAIL-t5,IN_PROGRESS
2022-10-18 21:56:08,683 [grpc-default-executor-0] INFO  server.GrpcLogAppender (GrpcLogAppender.java:onNext(421)) - omNode-1@group-523986131536->omNode-3-InstallSnapshotResponseHandler: InstallSnapshot in progress.
2022-10-18 21:56:08,683 [omNode-1@group-523986131536->omNode-3-GrpcLogAppender-LogAppenderDaemon] INFO  server.GrpcLogAppender (GrpcLogAppender.java:installSnapshot(541)) - omNode-1@group-523986131536->omNode-3-GrpcLogAppender: followerNextIndex = 57 but logStartIndex = 59, notify follower to install snapshot-(t:5, i:59)
2022-10-18 21:56:08,683 [omNode-1@group-523986131536->omNode-3-GrpcLogAppender-LogAppenderDaemon] INFO  server.GrpcLogAppender (GrpcLogAppender.java:installSnapshot(549)) - omNode-1@group-523986131536->omNode-3-GrpcLogAppender: send omNode-1->omNode-3#0-t5,notify:(t:5, i:59)
2022-10-18 21:56:08,684 [omNode-3-server-thread1] INFO  server.RaftServer$Division (RaftServerImpl.java:checkInconsistentAppendEntries(1402)) - omNode-3@group-523986131536: Failed appendEntries as snapshot (59) installation is in progress
2022-10-18 21:56:08,684 [omNode-3-server-thread1] INFO  server.RaftServer$Division (RaftServerImpl.java:checkInconsistentAppendEntries(1394)) - omNode-3@group-523986131536: inconsistency entries. Reply:omNode-1<-omNode-3#591:FAIL-t5,INCONSISTENCY,nextIndex=57,followerCommit=56
2022-10-18 21:56:08,684 [grpc-default-executor-2] INFO  impl.SnapshotInstallationHandler (SnapshotInstallationHandler.java:installSnapshot(84)) - omNode-3@group-523986131536: receive installSnapshot: omNode-1->omNode-3#0-t5,notify:(t:5, i:59)
2022-10-18 21:56:08,684 [grpc-default-executor-2] INFO  impl.SnapshotInstallationHandler (SnapshotInstallationHandler.java:installSnapshot(95)) - omNode-3@group-523986131536: reply installSnapshot: omNode-1<-omNode-3#0:FAIL-t5,IN_PROGRESS
2022-10-18 21:56:08,684 [grpc-default-executor-2] INFO  server.GrpcServerProtocolService (GrpcServerProtocolService.java:onCompleted(140)) - omNode-3: Completed INSTALL_SNAPSHOT, lastRequest: omNode-1->omNode-3#0-t5,notify:(t:5, i:59)
2022-10-18 21:56:08,685 [grpc-default-executor-2] INFO  leader.FollowerInfo (FollowerInfoImpl.java:lambda$new$0(48)) - omNode-1@group-523986131536->omNode-3: nextIndex: updateUnconditionally 57 -> 57
2022-10-18 21:56:08,685 [grpc-default-executor-2] INFO  server.GrpcLogAppender (GrpcLogAppender.java:onNext(403)) - omNode-1@group-523986131536->omNode-3-InstallSnapshotResponseHandler: received a reply omNode-1<-omNode-3#0:FAIL-t5,IN_PROGRESS
2022-10-18 21:56:08,685 [grpc-default-executor-2] INFO  server.GrpcLogAppender (GrpcLogAppender.java:onNext(421)) - omNode-1@group-523986131536->omNode-3-InstallSnapshotResponseHandler: InstallSnapshot in progress.
2022-10-18 21:56:08,685 [omNode-1@group-523986131536->omNode-3-GrpcLogAppender-LogAppenderDaemon] INFO  server.GrpcLogAppender (GrpcLogAppender.java:installSnapshot(541)) - omNode-1@group-523986131536->omNode-3-GrpcLogAppender: followerNextIndex = 57 but logStartIndex = 59, notify follower to install snapshot-(t:5, i:59)
2022-10-18 21:56:08,685 [omNode-1@group-523986131536->omNode-3-GrpcLogAppender-LogAppenderDaemon] INFO  server.GrpcLogAppender (GrpcLogAppender.java:installSnapshot(549)) - omNode-1@group-523986131536->omNode-3-GrpcLogAppender: send omNode-1->omNode-3#0-t5,notify:(t:5, i:59)
2022-10-18 21:56:08,686 [grpc-default-executor-0] INFO  impl.SnapshotInstallationHandler (SnapshotInstallationHandler.java:installSnapshot(84)) - omNode-3@group-523986131536: receive installSnapshot: omNode-1->omNode-3#0-t5,notify:(t:5, i:59)
2022-10-18 21:56:08,686 [omNode-3-server-thread1] INFO  server.RaftServer$Division (RaftServerImpl.java:checkInconsistentAppendEntries(1402)) - omNode-3@group-523986131536: Failed appendEntries as snapshot (59) installation is in progress
2022-10-18 21:56:08,686 [omNode-3-server-thread1] INFO  server.RaftServer$Division (RaftServerImpl.java:checkInconsistentAppendEntries(1394)) - omNode-3@group-523986131536: inconsistency entries. Reply:omNode-1<-omNode-3#592:FAIL-t5,INCONSISTENCY,nextIndex=57,followerCommit=56
2022-10-18 21:56:08,686 [grpc-default-executor-0] INFO  impl.SnapshotInstallationHandler (SnapshotInstallationHandler.java:installSnapshot(95)) - omNode-3@group-523986131536: reply installSnapshot: omNode-1<-omNode-3#0:FAIL-t5,IN_PROGRESS
2022-10-18 21:56:08,686 [grpc-default-executor-3] INFO  leader.FollowerInfo (FollowerInfoImpl.java:lambda$new$0(48)) - omNode-1@group-523986131536->omNode-3: nextIndex: updateUnconditionally 57 -> 57
2022-10-18 21:56:08,686 [grpc-default-executor-0] INFO  server.GrpcServerProtocolService (GrpcServerProtocolService.java:onCompleted(140)) - omNode-3: Completed INSTALL_SNAPSHOT, lastRequest: omNode-1->omNode-3#0-t5,notify:(t:5, i:59)
2022-10-18 21:56:08,687 [grpc-default-executor-0] INFO  server.GrpcLogAppender (GrpcLogAppender.java:onNext(403)) - omNode-1@group-523986131536->omNode-3-InstallSnapshotResponseHandler: received a reply omNode-1<-omNode-3#0:FAIL-t5,IN_PROGRESS
2022-10-18 21:56:08,687 [grpc-default-executor-0] INFO  server.GrpcLogAppender (GrpcLogAppender.java:onNext(421)) - omNode-1@group-523986131536->omNode-3-InstallSnapshotResponseHandler: InstallSnapshot in progress.
2022-10-18 21:56:08,687 [omNode-1@group-523986131536->omNode-3-GrpcLogAppender-LogAppenderDaemon] INFO  server.GrpcLogAppender (GrpcLogAppender.java:installSnapshot(541)) - omNode-1@group-523986131536->omNode-3-GrpcLogAppender: followerNextIndex = 57 but logStartIndex = 59, notify follower to install snapshot-(t:5, i:59)
2022-10-18 21:56:08,687 [omNode-1@group-523986131536->omNode-3-GrpcLogAppender-LogAppenderDaemon] INFO  server.GrpcLogAppender (GrpcLogAppender.java:installSnapshot(549)) - omNode-1@group-523986131536->omNode-3-GrpcLogAppender: send omNode-1->omNode-3#0-t5,notify:(t:5, i:59)
2022-10-18 21:56:08,688 [omNode-3-server-thread1] INFO  server.RaftServer$Division (RaftServerImpl.java:checkInconsistentAppendEntries(1402)) - omNode-3@group-523986131536: Failed appendEntries as snapshot (59) installation is in progress
2022-10-18 21:56:08,688 [omNode-3-server-thread1] INFO  server.RaftServer$Division (RaftServerImpl.java:checkInconsistentAppendEntries(1394)) - omNode-3@group-523986131536: inconsistency entries. Reply:omNode-1<-omNode-3#593:FAIL-t5,INCONSISTENCY,nextIndex=57,followerCommit=56
2022-10-18 21:56:08,688 [grpc-default-executor-3] INFO  impl.SnapshotInstallationHandler (SnapshotInstallationHandler.java:installSnapshot(84)) - omNode-3@group-523986131536: receive installSnapshot: omNode-1->omNode-3#0-t5,notify:(t:5, i:59)
2022-10-18 21:56:08,688 [grpc-default-executor-3] INFO  impl.SnapshotInstallationHandler (SnapshotInstallationHandler.java:installSnapshot(95)) - omNode-3@group-523986131536: reply installSnapshot: omNode-1<-omNode-3#0:FAIL-t5,IN_PROGRESS
2022-10-18 21:56:08,688 [grpc-default-executor-3] INFO  server.GrpcServerProtocolService (GrpcServerProtocolService.java:onCompleted(140)) - omNode-3: Completed INSTALL_SNAPSHOT, lastRequest: omNode-1->omNode-3#0-t5,notify:(t:5, i:59)
2022-10-18 21:56:08,689 [grpc-default-executor-3] INFO  leader.FollowerInfo (FollowerInfoImpl.java:lambda$new$0(48)) - omNode-1@group-523986131536->omNode-3: nextIndex: updateUnconditionally 57 -> 57
2022-10-18 21:56:08,689 [grpc-default-executor-3] INFO  server.GrpcLogAppender (GrpcLogAppender.java:onNext(403)) - omNode-1@group-523986131536->omNode-3-InstallSnapshotResponseHandler: received a reply omNode-1<-omNode-3#0:FAIL-t5,IN_PROGRESS
2022-10-18 21:56:08,689 [grpc-default-executor-3] INFO  server.GrpcLogAppender (GrpcLogAppender.java:onNext(421)) - omNode-1@group-523986131536->omNode-3-InstallSnapshotResponseHandler: InstallSnapshot in progress.
2022-10-18 21:56:08,689 [omNode-1@group-523986131536->omNode-3-GrpcLogAppender-LogAppenderDaemon] INFO  server.GrpcLogAppender (GrpcLogAppender.java:installSnapshot(541)) - omNode-1@group-523986131536->omNode-3-GrpcLogAppender: followerNextIndex = 57 but logStartIndex = 59, notify follower to install snapshot-(t:5, i:59)
2022-10-18 21:56:08,689 [omNode-1@group-523986131536->omNode-3-GrpcLogAppender-LogAppenderDaemon] INFO  server.GrpcLogAppender (GrpcLogAppender.java:installSnapshot(549)) - omNode-1@group-523986131536->omNode-3-GrpcLogAppender: send omNode-1->omNode-3#0-t5,notify:(t:5, i:59)
2022-10-18 21:56:08,690 [omNode-3-server-thread1] INFO  server.RaftServer$Division (RaftServerImpl.java:checkInconsistentAppendEntries(1402)) - omNode-3@group-523986131536: Failed appendEntries as snapshot (59) installation is in progress
2022-10-18 21:56:08,690 [omNode-3-server-thread1] INFO  server.RaftServer$Division (RaftServerImpl.java:checkInconsistentAppendEntries(1394)) - omNode-3@group-523986131536: inconsistency entries. Reply:omNode-1<-omNode-3#594:FAIL-t5,INCONSISTENCY,nextIndex=57,followerCommit=56
2022-10-18 21:56:08,690 [grpc-default-executor-2] INFO  impl.SnapshotInstallationHandler (SnapshotInstallationHandler.java:installSnapshot(84)) - omNode-3@group-523986131536: receive installSnapshot: omNode-1->omNode-3#0-t5,notify:(t:5, i:59)
2022-10-18 21:56:08,690 [grpc-default-executor-2] INFO  impl.SnapshotInstallationHandler (SnapshotInstallationHandler.java:installSnapshot(95)) - omNode-3@group-523986131536: reply installSnapshot: omNode-1<-omNode-3#0:FAIL-t5,IN_PROGRESS
2022-10-18 21:56:08,691 [grpc-default-executor-2] INFO  server.GrpcServerProtocolService (GrpcServerProtocolService.java:onCompleted(140)) - omNode-3: Completed INSTALL_SNAPSHOT, lastRequest: omNode-1->omNode-3#0-t5,notify:(t:5, i:59)
2022-10-18 21:56:08,691 [grpc-default-executor-3] INFO  leader.FollowerInfo (FollowerInfoImpl.java:lambda$new$0(48)) - omNode-1@group-523986131536->omNode-3: nextIndex: updateUnconditionally 57 -> 57
2022-10-18 21:56:08,691 [grpc-default-executor-3] INFO  server.GrpcLogAppender (GrpcLogAppender.java:onNext(403)) - omNode-1@group-523986131536->omNode-3-InstallSnapshotResponseHandler: received a reply omNode-1<-omNode-3#0:FAIL-t5,IN_PROGRESS
2022-10-18 21:56:08,691 [grpc-default-executor-3] INFO  server.GrpcLogAppender (GrpcLogAppender.java:onNext(421)) - omNode-1@group-523986131536->omNode-3-InstallSnapshotResponseHandler: InstallSnapshot in progress.
2022-10-18 21:56:08,691 [omNode-1@group-523986131536->omNode-3-GrpcLogAppender-LogAppenderDaemon] INFO  server.GrpcLogAppender (GrpcLogAppender.java:installSnapshot(541)) - omNode-1@group-523986131536->omNode-3-GrpcLogAppender: followerNextIndex = 57 but logStartIndex = 59, notify follower to install snapshot-(t:5, i:59)
2022-10-18 21:56:08,692 [omNode-1@group-523986131536->omNode-3-GrpcLogAppender-LogAppenderDaemon] INFO  server.GrpcLogAppender (GrpcLogAppender.java:installSnapshot(549)) - omNode-1@group-523986131536->omNode-3-GrpcLogAppender: send omNode-1->omNode-3#0-t5,notify:(t:5, i:59)
2022-10-18 21:56:08,692 [omNode-3-server-thread1] INFO  server.RaftServer$Division (RaftServerImpl.java:checkInconsistentAppendEntries(1402)) - omNode-3@group-523986131536: Failed appendEntries as snapshot (59) installation is in progress
2022-10-18 21:56:08,692 [omNode-3-server-thread1] INFO  server.RaftServer$Division (RaftServerImpl.java:checkInconsistentAppendEntries(1394)) - omNode-3@group-523986131536: inconsistency entries. Reply:omNode-1<-omNode-3#595:FAIL-t5,INCONSISTENCY,nextIndex=57,followerCommit=56
2022-10-18 21:56:08,692 [grpc-default-executor-2] INFO  impl.SnapshotInstallationHandler (SnapshotInstallationHandler.java:installSnapshot(84)) - omNode-3@group-523986131536: receive installSnapshot: omNode-1->omNode-3#0-t5,notify:(t:5, i:59)
2022-10-18 21:56:08,693 [grpc-default-executor-2] INFO  impl.SnapshotInstallationHandler (SnapshotInstallationHandler.java:installSnapshot(95)) - omNode-3@group-523986131536: reply installSnapshot: omNode-1<-omNode-3#0:FAIL-t5,IN_PROGRESS
2022-10-18 21:56:08,693 [grpc-default-executor-2] INFO  server.GrpcServerProtocolService (GrpcServerProtocolService.java:onCompleted(140)) - omNode-3: Completed INSTALL_SNAPSHOT, lastRequest: omNode-1->omNode-3#0-t5,notify:(t:5, i:59)
2022-10-18 21:56:08,693 [grpc-default-executor-3] INFO  leader.FollowerInfo (FollowerInfoImpl.java:lambda$new$0(48)) - omNode-1@group-523986131536->omNode-3: nextIndex: updateUnconditionally 57 -> 57
2022-10-18 21:56:08,693 [grpc-default-executor-3] INFO  server.GrpcLogAppender (GrpcLogAppender.java:onNext(403)) - omNode-1@group-523986131536->omNode-3-InstallSnapshotResponseHandler: received a reply omNode-1<-omNode-3#0:FAIL-t5,IN_PROGRESS
2022-10-18 21:56:08,693 [grpc-default-executor-3] INFO  server.GrpcLogAppender (GrpcLogAppender.java:onNext(421)) - omNode-1@group-523986131536->omNode-3-InstallSnapshotResponseHandler: InstallSnapshot in progress.
2022-10-18 21:56:08,694 [omNode-1@group-523986131536->omNode-3-GrpcLogAppender-LogAppenderDaemon] INFO  server.GrpcLogAppender (GrpcLogAppender.java:installSnapshot(541)) - omNode-1@group-523986131536->omNode-3-GrpcLogAppender: followerNextIndex = 57 but logStartIndex = 59, notify follower to install snapshot-(t:5, i:59)
2022-10-18 21:56:08,694 [omNode-1@group-523986131536->omNode-3-GrpcLogAppender-LogAppenderDaemon] INFO  server.GrpcLogAppender (GrpcLogAppender.java:installSnapshot(549)) - omNode-1@group-523986131536->omNode-3-GrpcLogAppender: send omNode-1->omNode-3#0-t5,notify:(t:5, i:59)
2022-10-18 21:56:08,695 [omNode-3-server-thread1] INFO  server.RaftServer$Division (RaftServerImpl.java:checkInconsistentAppendEntries(1402)) - omNode-3@group-523986131536: Failed appendEntries as snapshot (59) installation is in progress
2022-10-18 21:56:08,695 [omNode-3-server-thread1] INFO  server.RaftServer$Division (RaftServerImpl.java:checkInconsistentAppendEntries(1394)) - omNode-3@group-523986131536: inconsistency entries. Reply:omNode-1<-omNode-3#596:FAIL-t5,INCONSISTENCY,nextIndex=57,followerCommit=56
2022-10-18 21:56:08,695 [grpc-default-executor-2] INFO  impl.SnapshotInstallationHandler (SnapshotInstallationHandler.java:installSnapshot(84)) - omNode-3@group-523986131536: receive installSnapshot: omNode-1->omNode-3#0-t5,notify:(t:5, i:59)
2022-10-18 21:56:08,695 [grpc-default-executor-2] INFO  impl.SnapshotInstallationHandler (SnapshotInstallationHandler.java:installSnapshot(95)) - omNode-3@group-523986131536: reply installSnapshot: omNode-1<-omNode-3#0:FAIL-t5,IN_PROGRESS
2022-10-18 21:56:08,696 [grpc-default-executor-2] INFO  server.GrpcServerProtocolService (GrpcServerProtocolService.java:onCompleted(140)) - omNode-3: Completed INSTALL_SNAPSHOT, lastRequest: omNode-1->omNode-3#0-t5,notify:(t:5, i:59)
2022-10-18 21:56:08,696 [grpc-default-executor-3] INFO  leader.FollowerInfo (FollowerInfoImpl.java:lambda$new$0(48)) - omNode-1@group-523986131536->omNode-3: nextIndex: updateUnconditionally 57 -> 57
2022-10-18 21:56:08,696 [grpc-default-executor-3] INFO  server.GrpcLogAppender (GrpcLogAppender.java:onNext(403)) - omNode-1@group-523986131536->omNode-3-InstallSnapshotResponseHandler: received a reply omNode-1<-omNode-3#0:FAIL-t5,IN_PROGRESS
2022-10-18 21:56:08,696 [grpc-default-executor-3] INFO  server.GrpcLogAppender (GrpcLogAppender.java:onNext(421)) - omNode-1@group-523986131536->omNode-3-InstallSnapshotResponseHandler: InstallSnapshot in progress.
2022-10-18 21:56:08,696 [omNode-1@group-523986131536->omNode-3-GrpcLogAppender-LogAppenderDaemon] INFO  server.GrpcLogAppender (GrpcLogAppender.java:installSnapshot(541)) - omNode-1@group-523986131536->omNode-3-GrpcLogAppender: followerNextIndex = 57 but logStartIndex = 59, notify follower to install snapshot-(t:5, i:59)
2022-10-18 21:56:08,696 [omNode-1@group-523986131536->omNode-3-GrpcLogAppender-LogAppenderDaemon] INFO  server.GrpcLogAppender (GrpcLogAppender.java:installSnapshot(549)) - omNode-1@group-523986131536->omNode-3-GrpcLogAppender: send omNode-1->omNode-3#0-t5,notify:(t:5, i:59)
2022-10-18 21:56:08,697 [omNode-3-server-thread1] INFO  server.RaftServer$Division (RaftServerImpl.java:checkInconsistentAppendEntries(1402)) - omNode-3@group-523986131536: Failed appendEntries as snapshot (59) installation is in progress
2022-10-18 21:56:08,697 [omNode-3-server-thread1] INFO  server.RaftServer$Division (RaftServerImpl.java:checkInconsistentAppendEntries(1394)) - omNode-3@group-523986131536: inconsistency entries. Reply:omNode-1<-omNode-3#597:FAIL-t5,INCONSISTENCY,nextIndex=57,followerCommit=56
2022-10-18 21:56:08,697 [grpc-default-executor-2] INFO  impl.SnapshotInstallationHandler (SnapshotInstallationHandler.java:installSnapshot(84)) - omNode-3@group-523986131536: receive installSnapshot: omNode-1->omNode-3#0-t5,notify:(t:5, i:59)
2022-10-18 21:56:08,698 [grpc-default-executor-2] INFO  impl.SnapshotInstallationHandler (SnapshotInstallationHandler.java:installSnapshot(95)) - omNode-3@group-523986131536: reply installSnapshot: omNode-1<-omNode-3#0:FAIL-t5,IN_PROGRESS
2022-10-18 21:56:08,698 [grpc-default-executor-2] INFO  server.GrpcServerProtocolService (GrpcServerProtocolService.java:onCompleted(140)) - omNode-3: Completed INSTALL_SNAPSHOT, lastRequest: omNode-1->omNode-3#0-t5,notify:(t:5, i:59)
2022-10-18 21:56:08,698 [grpc-default-executor-3] INFO  leader.FollowerInfo (FollowerInfoImpl.java:lambda$new$0(48)) - omNode-1@group-523986131536->omNode-3: nextIndex: updateUnconditionally 57 -> 57
2022-10-18 21:56:08,698 [grpc-default-executor-3] INFO  server.GrpcLogAppender (GrpcLogAppender.java:onNext(403)) - omNode-1@group-523986131536->omNode-3-InstallSnapshotResponseHandler: received a reply omNode-1<-omNode-3#0:FAIL-t5,IN_PROGRESS
2022-10-18 21:56:08,698 [grpc-default-executor-3] INFO  server.GrpcLogAppender (GrpcLogAppender.java:onNext(421)) - omNode-1@group-523986131536->omNode-3-InstallSnapshotResponseHandler: InstallSnapshot in progress.
2022-10-18 21:56:08,699 [omNode-1@group-523986131536->omNode-3-GrpcLogAppender-LogAppenderDaemon] INFO  server.GrpcLogAppender (GrpcLogAppender.java:installSnapshot(541)) - omNode-1@group-523986131536->omNode-3-GrpcLogAppender: followerNextIndex = 57 but logStartIndex = 59, notify follower to install snapshot-(t:5, i:59)
2022-10-18 21:56:08,699 [omNode-1@group-523986131536->omNode-3-GrpcLogAppender-LogAppenderDaemon] INFO  server.GrpcLogAppender (GrpcLogAppender.java:installSnapshot(549)) - omNode-1@group-523986131536->omNode-3-GrpcLogAppender: send omNode-1->omNode-3#0-t5,notify:(t:5, i:59)
2022-10-18 21:56:08,699 [omNode-3-server-thread1] INFO  server.RaftServer$Division (RaftServerImpl.java:checkInconsistentAppendEntries(1402)) - omNode-3@group-523986131536: Failed appendEntries as snapshot (59) installation is in progress
2022-10-18 21:56:08,699 [omNode-3-server-thread1] INFO  server.RaftServer$Division (RaftServerImpl.java:checkInconsistentAppendEntries(1394)) - omNode-3@group-523986131536: inconsistency entries. Reply:omNode-1<-omNode-3#598:FAIL-t5,INCONSISTENCY,nextIndex=57,followerCommit=56
2022-10-18 21:56:08,700 [grpc-default-executor-2] INFO  impl.SnapshotInstallationHandler (SnapshotInstallationHandler.java:installSnapshot(84)) - omNode-3@group-523986131536: receive installSnapshot: omNode-1->omNode-3#0-t5,notify:(t:5, i:59)
2022-10-18 21:56:08,700 [grpc-default-executor-2] INFO  impl.SnapshotInstallationHandler (SnapshotInstallationHandler.java:installSnapshot(95)) - omNode-3@group-523986131536: reply installSnapshot: omNode-1<-omNode-3#0:FAIL-t5,IN_PROGRESS
2022-10-18 21:56:08,700 [grpc-default-executor-2] INFO  server.GrpcServerProtocolService (GrpcServerProtocolService.java:onCompleted(140)) - omNode-3: Completed INSTALL_SNAPSHOT, lastRequest: omNode-1->omNode-3#0-t5,notify:(t:5, i:59)
2022-10-18 21:56:08,700 [grpc-default-executor-3] INFO  leader.FollowerInfo (FollowerInfoImpl.java:lambda$new$0(48)) - omNode-1@group-523986131536->omNode-3: nextIndex: updateUnconditionally 57 -> 57
2022-10-18 21:56:08,700 [grpc-default-executor-3] INFO  server.GrpcLogAppender (GrpcLogAppender.java:onNext(403)) - omNode-1@group-523986131536->omNode-3-InstallSnapshotResponseHandler: received a reply omNode-1<-omNode-3#0:FAIL-t5,IN_PROGRESS
2022-10-18 21:56:08,701 [grpc-default-executor-3] INFO  server.GrpcLogAppender (GrpcLogAppender.java:onNext(421)) - omNode-1@group-523986131536->omNode-3-InstallSnapshotResponseHandler: InstallSnapshot in progress.
2022-10-18 21:56:08,701 [omNode-1@group-523986131536->omNode-3-GrpcLogAppender-LogAppenderDaemon] INFO  server.GrpcLogAppender (GrpcLogAppender.java:installSnapshot(541)) - omNode-1@group-523986131536->omNode-3-GrpcLogAppender: followerNextIndex = 57 but logStartIndex = 59, notify follower to install snapshot-(t:5, i:59)
2022-10-18 21:56:08,701 [omNode-1@group-523986131536->omNode-3-GrpcLogAppender-LogAppenderDaemon] INFO  server.GrpcLogAppender (GrpcLogAppender.java:installSnapshot(549)) - omNode-1@group-523986131536->omNode-3-GrpcLogAppender: send omNode-1->omNode-3#0-t5,notify:(t:5, i:59)
2022-10-18 21:56:08,701 [omNode-3-server-thread1] INFO  server.RaftServer$Division (RaftServerImpl.java:checkInconsistentAppendEntries(1402)) - omNode-3@group-523986131536: Failed appendEntries as snapshot (59) installation is in progress
2022-10-18 21:56:08,702 [omNode-3-server-thread1] INFO  server.RaftServer$Division (RaftServerImpl.java:checkInconsistentAppendEntries(1394)) - omNode-3@group-523986131536: inconsistency entries. Reply:omNode-1<-omNode-3#599:FAIL-t5,INCONSISTENCY,nextIndex=57,followerCommit=56
2022-10-18 21:56:08,702 [grpc-default-executor-2] INFO  impl.SnapshotInstallationHandler (SnapshotInstallationHandler.java:installSnapshot(84)) - omNode-3@group-523986131536: receive installSnapshot: omNode-1->omNode-3#0-t5,notify:(t:5, i:59)
2022-10-18 21:56:08,702 [grpc-default-executor-2] INFO  impl.SnapshotInstallationHandler (SnapshotInstallationHandler.java:installSnapshot(95)) - omNode-3@group-523986131536: reply installSnapshot: omNode-1<-omNode-3#0:FAIL-t5,IN_PROGRESS
2022-10-18 21:56:08,702 [grpc-default-executor-2] INFO  server.GrpcServerProtocolService (GrpcServerProtocolService.java:onCompleted(140)) - omNode-3: Completed INSTALL_SNAPSHOT, lastRequest: omNode-1->omNode-3#0-t5,notify:(t:5, i:59)
2022-10-18 21:56:08,702 [grpc-default-executor-3] INFO  leader.FollowerInfo (FollowerInfoImpl.java:lambda$new$0(48)) - omNode-1@group-523986131536->omNode-3: nextIndex: updateUnconditionally 57 -> 57
2022-10-18 21:56:08,703 [grpc-default-executor-3] INFO  server.GrpcLogAppender (GrpcLogAppender.java:onNext(403)) - omNode-1@group-523986131536->omNode-3-InstallSnapshotResponseHandler: received a reply omNode-1<-omNode-3#0:FAIL-t5,IN_PROGRESS
2022-10-18 21:56:08,703 [grpc-default-executor-3] INFO  server.GrpcLogAppender (GrpcLogAppender.java:onNext(421)) - omNode-1@group-523986131536->omNode-3-InstallSnapshotResponseHandler: InstallSnapshot in progress.
2022-10-18 21:56:08,703 [omNode-1@group-523986131536->omNode-3-GrpcLogAppender-LogAppenderDaemon] INFO  server.GrpcLogAppender (GrpcLogAppender.java:installSnapshot(541)) - omNode-1@group-523986131536->omNode-3-GrpcLogAppender: followerNextIndex = 57 but logStartIndex = 59, notify follower to install snapshot-(t:5, i:59)
2022-10-18 21:56:08,703 [omNode-1@group-523986131536->omNode-3-GrpcLogAppender-LogAppenderDaemon] INFO  server.GrpcLogAppender (GrpcLogAppender.java:installSnapshot(549)) - omNode-1@group-523986131536->omNode-3-GrpcLogAppender: send omNode-1->omNode-3#0-t5,notify:(t:5, i:59)
2022-10-18 21:56:08,704 [omNode-3-server-thread1] INFO  server.RaftServer$Division (RaftServerImpl.java:checkInconsistentAppendEntries(1402)) - omNode-3@group-523986131536: Failed appendEntries as snapshot (59) installation is in progress
2022-10-18 21:56:08,704 [omNode-3-server-thread1] INFO  server.RaftServer$Division (RaftServerImpl.java:checkInconsistentAppendEntries(1394)) - omNode-3@group-523986131536: inconsistency entries. Reply:omNode-1<-omNode-3#600:FAIL-t5,INCONSISTENCY,nextIndex=57,followerCommit=56
2022-10-18 21:56:08,704 [grpc-default-executor-2] INFO  impl.SnapshotInstallationHandler (SnapshotInstallationHandler.java:installSnapshot(84)) - omNode-3@group-523986131536: receive installSnapshot: omNode-1->omNode-3#0-t5,notify:(t:5, i:59)
2022-10-18 21:56:08,704 [grpc-default-executor-2] INFO  impl.SnapshotInstallationHandler (SnapshotInstallationHandler.java:installSnapshot(95)) - omNode-3@group-523986131536: reply installSnapshot: omNode-1<-omNode-3#0:FAIL-t5,IN_PROGRESS
2022-10-18 21:56:08,704 [grpc-default-executor-2] INFO  server.GrpcServerProtocolService (GrpcServerProtocolService.java:onCompleted(140)) - omNode-3: Completed INSTALL_SNAPSHOT, lastRequest: omNode-1->omNode-3#0-t5,notify:(t:5, i:59)
2022-10-18 21:56:08,705 [grpc-default-executor-3] INFO  leader.FollowerInfo (FollowerInfoImpl.java:lambda$new$0(48)) - omNode-1@group-523986131536->omNode-3: nextIndex: updateUnconditionally 57 -> 57
2022-10-18 21:56:08,705 [grpc-default-executor-3] INFO  server.GrpcLogAppender (GrpcLogAppender.java:onNext(403)) - omNode-1@group-523986131536->omNode-3-InstallSnapshotResponseHandler: received a reply omNode-1<-omNode-3#0:FAIL-t5,IN_PROGRESS
2022-10-18 21:56:08,705 [grpc-default-executor-3] INFO  server.GrpcLogAppender (GrpcLogAppender.java:onNext(421)) - omNode-1@group-523986131536->omNode-3-InstallSnapshotResponseHandler: InstallSnapshot in progress.
2022-10-18 21:56:08,705 [omNode-1@group-523986131536->omNode-3-GrpcLogAppender-LogAppenderDaemon] INFO  server.GrpcLogAppender (GrpcLogAppender.java:installSnapshot(541)) - omNode-1@group-523986131536->omNode-3-GrpcLogAppender: followerNextIndex = 57 but logStartIndex = 59, notify follower to install snapshot-(t:5, i:59)
2022-10-18 21:56:08,705 [omNode-1@group-523986131536->omNode-3-GrpcLogAppender-LogAppenderDaemon] INFO  server.GrpcLogAppender (GrpcLogAppender.java:installSnapshot(549)) - omNode-1@group-523986131536->omNode-3-GrpcLogAppender: send omNode-1->omNode-3#0-t5,notify:(t:5, i:59)
2022-10-18 21:56:08,706 [omNode-3-server-thread1] INFO  server.RaftServer$Division (RaftServerImpl.java:checkInconsistentAppendEntries(1402)) - omNode-3@group-523986131536: Failed appendEntries as snapshot (59) installation is in progress
2022-10-18 21:56:08,706 [omNode-3-server-thread1] INFO  server.RaftServer$Division (RaftServerImpl.java:checkInconsistentAppendEntries(1394)) - omNode-3@group-523986131536: inconsistency entries. Reply:omNode-1<-omNode-3#601:FAIL-t5,INCONSISTENCY,nextIndex=57,followerCommit=56
2022-10-18 21:56:08,706 [grpc-default-executor-2] INFO  impl.SnapshotInstallationHandler (SnapshotInstallationHandler.java:installSnapshot(84)) - omNode-3@group-523986131536: receive installSnapshot: omNode-1->omNode-3#0-t5,notify:(t:5, i:59)
2022-10-18 21:56:08,707 [grpc-default-executor-2] INFO  impl.SnapshotInstallationHandler (SnapshotInstallationHandler.java:installSnapshot(95)) - omNode-3@group-523986131536: reply installSnapshot: omNode-1<-omNode-3#0:FAIL-t5,IN_PROGRESS
2022-10-18 21:56:08,707 [grpc-default-executor-2] INFO  server.GrpcServerProtocolService (GrpcServerProtocolService.java:onCompleted(140)) - omNode-3: Completed INSTALL_SNAPSHOT, lastRequest: omNode-1->omNode-3#0-t5,notify:(t:5, i:59)
2022-10-18 21:56:08,707 [grpc-default-executor-3] INFO  leader.FollowerInfo (FollowerInfoImpl.java:lambda$new$0(48)) - omNode-1@group-523986131536->omNode-3: nextIndex: updateUnconditionally 57 -> 57
2022-10-18 21:56:08,708 [grpc-default-executor-3] INFO  server.GrpcLogAppender (GrpcLogAppender.java:onNext(403)) - omNode-1@group-523986131536->omNode-3-InstallSnapshotResponseHandler: received a reply omNode-1<-omNode-3#0:FAIL-t5,IN_PROGRESS
2022-10-18 21:56:08,708 [grpc-default-executor-3] INFO  server.GrpcLogAppender (GrpcLogAppender.java:onNext(421)) - omNode-1@group-523986131536->omNode-3-InstallSnapshotResponseHandler: InstallSnapshot in progress.
2022-10-18 21:56:08,708 [omNode-1@group-523986131536->omNode-3-GrpcLogAppender-LogAppenderDaemon] INFO  server.GrpcLogAppender (GrpcLogAppender.java:installSnapshot(541)) - omNode-1@group-523986131536->omNode-3-GrpcLogAppender: followerNextIndex = 57 but logStartIndex = 59, notify follower to install snapshot-(t:5, i:59)
2022-10-18 21:56:08,708 [omNode-1@group-523986131536->omNode-3-GrpcLogAppender-LogAppenderDaemon] INFO  server.GrpcLogAppender (GrpcLogAppender.java:installSnapshot(549)) - omNode-1@group-523986131536->omNode-3-GrpcLogAppender: send omNode-1->omNode-3#0-t5,notify:(t:5, i:59)
2022-10-18 21:56:08,709 [omNode-3-server-thread1] INFO  server.RaftServer$Division (RaftServerImpl.java:checkInconsistentAppendEntries(1402)) - omNode-3@group-523986131536: Failed appendEntries as snapshot (59) installation is in progress
2022-10-18 21:56:08,709 [omNode-3-server-thread1] INFO  server.RaftServer$Division (RaftServerImpl.java:checkInconsistentAppendEntries(1394)) - omNode-3@group-523986131536: inconsistency entries. Reply:omNode-1<-omNode-3#602:FAIL-t5,INCONSISTENCY,nextIndex=57,followerCommit=56
2022-10-18 21:56:08,709 [grpc-default-executor-2] INFO  impl.SnapshotInstallationHandler (SnapshotInstallationHandler.java:installSnapshot(84)) - omNode-3@group-523986131536: receive installSnapshot: omNode-1->omNode-3#0-t5,notify:(t:5, i:59)
2022-10-18 21:56:08,709 [grpc-default-executor-2] INFO  impl.SnapshotInstallationHandler (SnapshotInstallationHandler.java:installSnapshot(95)) - omNode-3@group-523986131536: reply installSnapshot: omNode-1<-omNode-3#0:FAIL-t5,IN_PROGRESS
2022-10-18 21:56:08,709 [grpc-default-executor-2] INFO  server.GrpcServerProtocolService (GrpcServerProtocolService.java:onCompleted(140)) - omNode-3: Completed INSTALL_SNAPSHOT, lastRequest: omNode-1->omNode-3#0-t5,notify:(t:5, i:59)
2022-10-18 21:56:08,710 [grpc-default-executor-3] INFO  leader.FollowerInfo (FollowerInfoImpl.java:lambda$new$0(48)) - omNode-1@group-523986131536->omNode-3: nextIndex: updateUnconditionally 57 -> 57
2022-10-18 21:56:08,710 [grpc-default-executor-3] INFO  server.GrpcLogAppender (GrpcLogAppender.java:onNext(403)) - omNode-1@group-523986131536->omNode-3-InstallSnapshotResponseHandler: received a reply omNode-1<-omNode-3#0:FAIL-t5,IN_PROGRESS
2022-10-18 21:56:08,710 [grpc-default-executor-3] INFO  server.GrpcLogAppender (GrpcLogAppender.java:onNext(421)) - omNode-1@group-523986131536->omNode-3-InstallSnapshotResponseHandler: InstallSnapshot in progress.
2022-10-18 21:56:08,710 [omNode-1@group-523986131536->omNode-3-GrpcLogAppender-LogAppenderDaemon] INFO  server.GrpcLogAppender (GrpcLogAppender.java:installSnapshot(541)) - omNode-1@group-523986131536->omNode-3-GrpcLogAppender: followerNextIndex = 57 but logStartIndex = 59, notify follower to install snapshot-(t:5, i:59)
2022-10-18 21:56:08,710 [omNode-1@group-523986131536->omNode-3-GrpcLogAppender-LogAppenderDaemon] INFO  server.GrpcLogAppender (GrpcLogAppender.java:installSnapshot(549)) - omNode-1@group-523986131536->omNode-3-GrpcLogAppender: send omNode-1->omNode-3#0-t5,notify:(t:5, i:59)
2022-10-18 21:56:08,711 [omNode-3-server-thread1] INFO  server.RaftServer$Division (RaftServerImpl.java:checkInconsistentAppendEntries(1402)) - omNode-3@group-523986131536: Failed appendEntries as snapshot (59) installation is in progress
2022-10-18 21:56:08,711 [omNode-3-server-thread1] INFO  server.RaftServer$Division (RaftServerImpl.java:checkInconsistentAppendEntries(1394)) - omNode-3@group-523986131536: inconsistency entries. Reply:omNode-1<-omNode-3#603:FAIL-t5,INCONSISTENCY,nextIndex=57,followerCommit=56
2022-10-18 21:56:08,711 [grpc-default-executor-2] INFO  impl.SnapshotInstallationHandler (SnapshotInstallationHandler.java:installSnapshot(84)) - omNode-3@group-523986131536: receive installSnapshot: omNode-1->omNode-3#0-t5,notify:(t:5, i:59)
2022-10-18 21:56:08,711 [grpc-default-executor-2] INFO  impl.SnapshotInstallationHandler (SnapshotInstallationHandler.java:installSnapshot(95)) - omNode-3@group-523986131536: reply installSnapshot: omNode-1<-omNode-3#0:FAIL-t5,IN_PROGRESS
2022-10-18 21:56:08,711 [grpc-default-executor-2] INFO  server.GrpcServerProtocolService (GrpcServerProtocolService.java:onCompleted(140)) - omNode-3: Completed INSTALL_SNAPSHOT, lastRequest: omNode-1->omNode-3#0-t5,notify:(t:5, i:59)
2022-10-18 21:56:08,712 [grpc-default-executor-3] INFO  leader.FollowerInfo (FollowerInfoImpl.java:lambda$new$0(48)) - omNode-1@group-523986131536->omNode-3: nextIndex: updateUnconditionally 57 -> 57
2022-10-18 21:56:08,712 [grpc-default-executor-3] INFO  server.GrpcLogAppender (GrpcLogAppender.java:onNext(403)) - omNode-1@group-523986131536->omNode-3-InstallSnapshotResponseHandler: received a reply omNode-1<-omNode-3#0:FAIL-t5,IN_PROGRESS
2022-10-18 21:56:08,712 [grpc-default-executor-3] INFO  server.GrpcLogAppender (GrpcLogAppender.java:onNext(421)) - omNode-1@group-523986131536->omNode-3-InstallSnapshotResponseHandler: InstallSnapshot in progress.
2022-10-18 21:56:08,712 [omNode-1@group-523986131536->omNode-3-GrpcLogAppender-LogAppenderDaemon] INFO  server.GrpcLogAppender (GrpcLogAppender.java:installSnapshot(541)) - omNode-1@group-523986131536->omNode-3-GrpcLogAppender: followerNextIndex = 57 but logStartIndex = 59, notify follower to install snapshot-(t:5, i:59)
2022-10-18 21:56:08,712 [omNode-1@group-523986131536->omNode-3-GrpcLogAppender-LogAppenderDaemon] INFO  server.GrpcLogAppender (GrpcLogAppender.java:installSnapshot(549)) - omNode-1@group-523986131536->omNode-3-GrpcLogAppender: send omNode-1->omNode-3#0-t5,notify:(t:5, i:59)
2022-10-18 21:56:08,713 [omNode-3-server-thread1] INFO  server.RaftServer$Division (RaftServerImpl.java:checkInconsistentAppendEntries(1402)) - omNode-3@group-523986131536: Failed appendEntries as snapshot (59) installation is in progress
2022-10-18 21:56:08,713 [omNode-3-server-thread1] INFO  server.RaftServer$Division (RaftServerImpl.java:checkInconsistentAppendEntries(1394)) - omNode-3@group-523986131536: inconsistency entries. Reply:omNode-1<-omNode-3#604:FAIL-t5,INCONSISTENCY,nextIndex=57,followerCommit=56
2022-10-18 21:56:08,713 [grpc-default-executor-2] INFO  impl.SnapshotInstallationHandler (SnapshotInstallationHandler.java:installSnapshot(84)) - omNode-3@group-523986131536: receive installSnapshot: omNode-1->omNode-3#0-t5,notify:(t:5, i:59)
2022-10-18 21:56:08,713 [grpc-default-executor-2] INFO  impl.SnapshotInstallationHandler (SnapshotInstallationHandler.java:installSnapshot(95)) - omNode-3@group-523986131536: reply installSnapshot: omNode-1<-omNode-3#0:FAIL-t5,IN_PROGRESS
2022-10-18 21:56:08,714 [grpc-default-executor-2] INFO  server.GrpcServerProtocolService (GrpcServerProtocolService.java:onCompleted(140)) - omNode-3: Completed INSTALL_SNAPSHOT, lastRequest: omNode-1->omNode-3#0-t5,notify:(t:5, i:59)
2022-10-18 21:56:08,714 [grpc-default-executor-3] INFO  leader.FollowerInfo (FollowerInfoImpl.java:lambda$new$0(48)) - omNode-1@group-523986131536->omNode-3: nextIndex: updateUnconditionally 57 -> 57
2022-10-18 21:56:08,714 [grpc-default-executor-3] INFO  server.GrpcLogAppender (GrpcLogAppender.java:onNext(403)) - omNode-1@group-523986131536->omNode-3-InstallSnapshotResponseHandler: received a reply omNode-1<-omNode-3#0:FAIL-t5,IN_PROGRESS
2022-10-18 21:56:08,714 [grpc-default-executor-3] INFO  server.GrpcLogAppender (GrpcLogAppender.java:onNext(421)) - omNode-1@group-523986131536->omNode-3-InstallSnapshotResponseHandler: InstallSnapshot in progress.
2022-10-18 21:56:08,715 [omNode-1@group-523986131536->omNode-3-GrpcLogAppender-LogAppenderDaemon] INFO  server.GrpcLogAppender (GrpcLogAppender.java:installSnapshot(541)) - omNode-1@group-523986131536->omNode-3-GrpcLogAppender: followerNextIndex = 57 but logStartIndex = 59, notify follower to install snapshot-(t:5, i:59)
2022-10-18 21:56:08,715 [omNode-1@group-523986131536->omNode-3-GrpcLogAppender-LogAppenderDaemon] INFO  server.GrpcLogAppender (GrpcLogAppender.java:installSnapshot(549)) - omNode-1@group-523986131536->omNode-3-GrpcLogAppender: send omNode-1->omNode-3#0-t5,notify:(t:5, i:59)
2022-10-18 21:56:08,715 [omNode-3-server-thread1] INFO  server.RaftServer$Division (RaftServerImpl.java:checkInconsistentAppendEntries(1402)) - omNode-3@group-523986131536: Failed appendEntries as snapshot (59) installation is in progress
2022-10-18 21:56:08,716 [omNode-3-server-thread1] INFO  server.RaftServer$Division (RaftServerImpl.java:checkInconsistentAppendEntries(1394)) - omNode-3@group-523986131536: inconsistency entries. Reply:omNode-1<-omNode-3#605:FAIL-t5,INCONSISTENCY,nextIndex=57,followerCommit=56
2022-10-18 21:56:08,716 [grpc-default-executor-2] INFO  impl.SnapshotInstallationHandler (SnapshotInstallationHandler.java:installSnapshot(84)) - omNode-3@group-523986131536: receive installSnapshot: omNode-1->omNode-3#0-t5,notify:(t:5, i:59)
2022-10-18 21:56:08,716 [grpc-default-executor-2] INFO  impl.SnapshotInstallationHandler (SnapshotInstallationHandler.java:installSnapshot(95)) - omNode-3@group-523986131536: reply installSnapshot: omNode-1<-omNode-3#0:FAIL-t5,IN_PROGRESS
2022-10-18 21:56:08,716 [grpc-default-executor-2] INFO  server.GrpcServerProtocolService (GrpcServerProtocolService.java:onCompleted(140)) - omNode-3: Completed INSTALL_SNAPSHOT, lastRequest: omNode-1->omNode-3#0-t5,notify:(t:5, i:59)
2022-10-18 21:56:08,717 [grpc-default-executor-3] INFO  leader.FollowerInfo (FollowerInfoImpl.java:lambda$new$0(48)) - omNode-1@group-523986131536->omNode-3: nextIndex: updateUnconditionally 57 -> 57
2022-10-18 21:56:08,717 [grpc-default-executor-3] INFO  server.GrpcLogAppender (GrpcLogAppender.java:onNext(403)) - omNode-1@group-523986131536->omNode-3-InstallSnapshotResponseHandler: received a reply omNode-1<-omNode-3#0:FAIL-t5,IN_PROGRESS
2022-10-18 21:56:08,717 [grpc-default-executor-3] INFO  server.GrpcLogAppender (GrpcLogAppender.java:onNext(421)) - omNode-1@group-523986131536->omNode-3-InstallSnapshotResponseHandler: InstallSnapshot in progress.
2022-10-18 21:56:08,717 [omNode-1@group-523986131536->omNode-3-GrpcLogAppender-LogAppenderDaemon] INFO  server.GrpcLogAppender (GrpcLogAppender.java:installSnapshot(541)) - omNode-1@group-523986131536->omNode-3-GrpcLogAppender: followerNextIndex = 57 but logStartIndex = 59, notify follower to install snapshot-(t:5, i:59)
2022-10-18 21:56:08,717 [omNode-1@group-523986131536->omNode-3-GrpcLogAppender-LogAppenderDaemon] INFO  server.GrpcLogAppender (GrpcLogAppender.java:installSnapshot(549)) - omNode-1@group-523986131536->omNode-3-GrpcLogAppender: send omNode-1->omNode-3#0-t5,notify:(t:5, i:59)
2022-10-18 21:56:08,718 [omNode-3-server-thread1] INFO  server.RaftServer$Division (RaftServerImpl.java:checkInconsistentAppendEntries(1402)) - omNode-3@group-523986131536: Failed appendEntries as snapshot (59) installation is in progress
2022-10-18 21:56:08,718 [omNode-3-server-thread1] INFO  server.RaftServer$Division (RaftServerImpl.java:checkInconsistentAppendEntries(1394)) - omNode-3@group-523986131536: inconsistency entries. Reply:omNode-1<-omNode-3#606:FAIL-t5,INCONSISTENCY,nextIndex=57,followerCommit=56
2022-10-18 21:56:08,718 [grpc-default-executor-2] INFO  impl.SnapshotInstallationHandler (SnapshotInstallationHandler.java:installSnapshot(84)) - omNode-3@group-523986131536: receive installSnapshot: omNode-1->omNode-3#0-t5,notify:(t:5, i:59)
2022-10-18 21:56:08,718 [grpc-default-executor-2] INFO  impl.SnapshotInstallationHandler (SnapshotInstallationHandler.java:installSnapshot(95)) - omNode-3@group-523986131536: reply installSnapshot: omNode-1<-omNode-3#0:FAIL-t5,IN_PROGRESS
2022-10-18 21:56:08,718 [grpc-default-executor-2] INFO  server.GrpcServerProtocolService (GrpcServerProtocolService.java:onCompleted(140)) - omNode-3: Completed INSTALL_SNAPSHOT, lastRequest: omNode-1->omNode-3#0-t5,notify:(t:5, i:59)
2022-10-18 21:56:08,719 [grpc-default-executor-3] INFO  leader.FollowerInfo (FollowerInfoImpl.java:lambda$new$0(48)) - omNode-1@group-523986131536->omNode-3: nextIndex: updateUnconditionally 57 -> 57
2022-10-18 21:56:08,719 [grpc-default-executor-3] INFO  server.GrpcLogAppender (GrpcLogAppender.java:onNext(403)) - omNode-1@group-523986131536->omNode-3-InstallSnapshotResponseHandler: received a reply omNode-1<-omNode-3#0:FAIL-t5,IN_PROGRESS
2022-10-18 21:56:08,719 [grpc-default-executor-3] INFO  server.GrpcLogAppender (GrpcLogAppender.java:onNext(421)) - omNode-1@group-523986131536->omNode-3-InstallSnapshotResponseHandler: InstallSnapshot in progress.
2022-10-18 21:56:08,719 [omNode-1@group-523986131536->omNode-3-GrpcLogAppender-LogAppenderDaemon] INFO  server.GrpcLogAppender (GrpcLogAppender.java:installSnapshot(541)) - omNode-1@group-523986131536->omNode-3-GrpcLogAppender: followerNextIndex = 57 but logStartIndex = 59, notify follower to install snapshot-(t:5, i:59)
2022-10-18 21:56:08,719 [omNode-1@group-523986131536->omNode-3-GrpcLogAppender-LogAppenderDaemon] INFO  server.GrpcLogAppender (GrpcLogAppender.java:installSnapshot(549)) - omNode-1@group-523986131536->omNode-3-GrpcLogAppender: send omNode-1->omNode-3#0-t5,notify:(t:5, i:59)
2022-10-18 21:56:08,720 [omNode-3-server-thread1] INFO  server.RaftServer$Division (RaftServerImpl.java:checkInconsistentAppendEntries(1402)) - omNode-3@group-523986131536: Failed appendEntries as snapshot (59) installation is in progress
2022-10-18 21:56:08,720 [grpc-default-executor-2] INFO  impl.SnapshotInstallationHandler (SnapshotInstallationHandler.java:installSnapshot(84)) - omNode-3@group-523986131536: receive installSnapshot: omNode-1->omNode-3#0-t5,notify:(t:5, i:59)
2022-10-18 21:56:08,720 [omNode-3-server-thread1] INFO  server.RaftServer$Division (RaftServerImpl.java:checkInconsistentAppendEntries(1394)) - omNode-3@group-523986131536: inconsistency entries. Reply:omNode-1<-omNode-3#607:FAIL-t5,INCONSISTENCY,nextIndex=57,followerCommit=56
2022-10-18 21:56:08,720 [grpc-default-executor-2] INFO  impl.SnapshotInstallationHandler (SnapshotInstallationHandler.java:installSnapshot(95)) - omNode-3@group-523986131536: reply installSnapshot: omNode-1<-omNode-3#0:FAIL-t5,IN_PROGRESS
2022-10-18 21:56:08,721 [grpc-default-executor-2] INFO  server.GrpcServerProtocolService (GrpcServerProtocolService.java:onCompleted(140)) - omNode-3: Completed INSTALL_SNAPSHOT, lastRequest: omNode-1->omNode-3#0-t5,notify:(t:5, i:59)
2022-10-18 21:56:08,721 [grpc-default-executor-3] INFO  leader.FollowerInfo (FollowerInfoImpl.java:lambda$new$0(48)) - omNode-1@group-523986131536->omNode-3: nextIndex: updateUnconditionally 57 -> 57
2022-10-18 21:56:08,721 [grpc-default-executor-3] INFO  server.GrpcLogAppender (GrpcLogAppender.java:onNext(403)) - omNode-1@group-523986131536->omNode-3-InstallSnapshotResponseHandler: received a reply omNode-1<-omNode-3#0:FAIL-t5,IN_PROGRESS
2022-10-18 21:56:08,721 [grpc-default-executor-3] INFO  server.GrpcLogAppender (GrpcLogAppender.java:onNext(421)) - omNode-1@group-523986131536->omNode-3-InstallSnapshotResponseHandler: InstallSnapshot in progress.
2022-10-18 21:56:08,721 [omNode-1@group-523986131536->omNode-3-GrpcLogAppender-LogAppenderDaemon] INFO  server.GrpcLogAppender (GrpcLogAppender.java:installSnapshot(541)) - omNode-1@group-523986131536->omNode-3-GrpcLogAppender: followerNextIndex = 57 but logStartIndex = 59, notify follower to install snapshot-(t:5, i:59)
2022-10-18 21:56:08,721 [omNode-1@group-523986131536->omNode-3-GrpcLogAppender-LogAppenderDaemon] INFO  server.GrpcLogAppender (GrpcLogAppender.java:installSnapshot(549)) - omNode-1@group-523986131536->omNode-3-GrpcLogAppender: send omNode-1->omNode-3#0-t5,notify:(t:5, i:59)
2022-10-18 21:56:08,722 [omNode-3-server-thread1] INFO  server.RaftServer$Division (RaftServerImpl.java:checkInconsistentAppendEntries(1402)) - omNode-3@group-523986131536: Failed appendEntries as snapshot (59) installation is in progress
2022-10-18 21:56:08,722 [omNode-3-server-thread1] INFO  server.RaftServer$Division (RaftServerImpl.java:checkInconsistentAppendEntries(1394)) - omNode-3@group-523986131536: inconsistency entries. Reply:omNode-1<-omNode-3#608:FAIL-t5,INCONSISTENCY,nextIndex=57,followerCommit=56
2022-10-18 21:56:08,722 [grpc-default-executor-0] INFO  impl.SnapshotInstallationHandler (SnapshotInstallationHandler.java:installSnapshot(84)) - omNode-3@group-523986131536: receive installSnapshot: omNode-1->omNode-3#0-t5,notify:(t:5, i:59)
2022-10-18 21:56:08,723 [grpc-default-executor-0] INFO  impl.SnapshotInstallationHandler (SnapshotInstallationHandler.java:installSnapshot(95)) - omNode-3@group-523986131536: reply installSnapshot: omNode-1<-omNode-3#0:FAIL-t5,IN_PROGRESS
2022-10-18 21:56:08,723 [grpc-default-executor-0] INFO  server.GrpcServerProtocolService (GrpcServerProtocolService.java:onCompleted(140)) - omNode-3: Completed INSTALL_SNAPSHOT, lastRequest: omNode-1->omNode-3#0-t5,notify:(t:5, i:59)
2022-10-18 21:56:08,723 [grpc-default-executor-3] INFO  leader.FollowerInfo (FollowerInfoImpl.java:lambda$new$0(48)) - omNode-1@group-523986131536->omNode-3: nextIndex: updateUnconditionally 57 -> 57
2022-10-18 21:56:08,723 [grpc-default-executor-3] INFO  server.GrpcLogAppender (GrpcLogAppender.java:onNext(403)) - omNode-1@group-523986131536->omNode-3-InstallSnapshotResponseHandler: received a reply omNode-1<-omNode-3#0:FAIL-t5,IN_PROGRESS
2022-10-18 21:56:08,723 [grpc-default-executor-3] INFO  server.GrpcLogAppender (GrpcLogAppender.java:onNext(421)) - omNode-1@group-523986131536->omNode-3-InstallSnapshotResponseHandler: InstallSnapshot in progress.
2022-10-18 21:56:08,724 [omNode-1@group-523986131536->omNode-3-GrpcLogAppender-LogAppenderDaemon] INFO  server.GrpcLogAppender (GrpcLogAppender.java:installSnapshot(541)) - omNode-1@group-523986131536->omNode-3-GrpcLogAppender: followerNextIndex = 57 but logStartIndex = 59, notify follower to install snapshot-(t:5, i:59)
2022-10-18 21:56:08,724 [omNode-1@group-523986131536->omNode-3-GrpcLogAppender-LogAppenderDaemon] INFO  server.GrpcLogAppender (GrpcLogAppender.java:installSnapshot(549)) - omNode-1@group-523986131536->omNode-3-GrpcLogAppender: send omNode-1->omNode-3#0-t5,notify:(t:5, i:59)
2022-10-18 21:56:08,724 [omNode-3-server-thread1] INFO  server.RaftServer$Division (RaftServerImpl.java:checkInconsistentAppendEntries(1402)) - omNode-3@group-523986131536: Failed appendEntries as snapshot (59) installation is in progress
2022-10-18 21:56:08,724 [omNode-3-server-thread1] INFO  server.RaftServer$Division (RaftServerImpl.java:checkInconsistentAppendEntries(1394)) - omNode-3@group-523986131536: inconsistency entries. Reply:omNode-1<-omNode-3#609:FAIL-t5,INCONSISTENCY,nextIndex=57,followerCommit=56
2022-10-18 21:56:08,725 [grpc-default-executor-0] INFO  impl.SnapshotInstallationHandler (SnapshotInstallationHandler.java:installSnapshot(84)) - omNode-3@group-523986131536: receive installSnapshot: omNode-1->omNode-3#0-t5,notify:(t:5, i:59)
2022-10-18 21:56:08,725 [grpc-default-executor-0] INFO  impl.SnapshotInstallationHandler (SnapshotInstallationHandler.java:installSnapshot(95)) - omNode-3@group-523986131536: reply installSnapshot: omNode-1<-omNode-3#0:FAIL-t5,IN_PROGRESS
2022-10-18 21:56:08,725 [grpc-default-executor-0] INFO  server.GrpcServerProtocolService (GrpcServerProtocolService.java:onCompleted(140)) - omNode-3: Completed INSTALL_SNAPSHOT, lastRequest: omNode-1->omNode-3#0-t5,notify:(t:5, i:59)
2022-10-18 21:56:08,729 [grpc-default-executor-3] INFO  leader.FollowerInfo (FollowerInfoImpl.java:lambda$new$0(48)) - omNode-1@group-523986131536->omNode-3: nextIndex: updateUnconditionally 57 -> 57
2022-10-18 21:56:08,729 [grpc-default-executor-3] INFO  server.GrpcLogAppender (GrpcLogAppender.java:onNext(403)) - omNode-1@group-523986131536->omNode-3-InstallSnapshotResponseHandler: received a reply omNode-1<-omNode-3#0:FAIL-t5,IN_PROGRESS
2022-10-18 21:56:08,729 [grpc-default-executor-3] INFO  server.GrpcLogAppender (GrpcLogAppender.java:onNext(421)) - omNode-1@group-523986131536->omNode-3-InstallSnapshotResponseHandler: InstallSnapshot in progress.
2022-10-18 21:56:08,729 [omNode-1@group-523986131536->omNode-3-GrpcLogAppender-LogAppenderDaemon] INFO  server.GrpcLogAppender (GrpcLogAppender.java:installSnapshot(541)) - omNode-1@group-523986131536->omNode-3-GrpcLogAppender: followerNextIndex = 57 but logStartIndex = 59, notify follower to install snapshot-(t:5, i:59)
2022-10-18 21:56:08,730 [omNode-1@group-523986131536->omNode-3-GrpcLogAppender-LogAppenderDaemon] INFO  server.GrpcLogAppender (GrpcLogAppender.java:installSnapshot(549)) - omNode-1@group-523986131536->omNode-3-GrpcLogAppender: send omNode-1->omNode-3#0-t5,notify:(t:5, i:59)
2022-10-18 21:56:08,730 [omNode-3-server-thread1] INFO  server.RaftServer$Division (RaftServerImpl.java:checkInconsistentAppendEntries(1402)) - omNode-3@group-523986131536: Failed appendEntries as snapshot (59) installation is in progress
2022-10-18 21:56:08,730 [omNode-3-server-thread1] INFO  server.RaftServer$Division (RaftServerImpl.java:checkInconsistentAppendEntries(1394)) - omNode-3@group-523986131536: inconsistency entries. Reply:omNode-1<-omNode-3#610:FAIL-t5,INCONSISTENCY,nextIndex=57,followerCommit=56
2022-10-18 21:56:08,731 [grpc-default-executor-0] INFO  impl.SnapshotInstallationHandler (SnapshotInstallationHandler.java:installSnapshot(84)) - omNode-3@group-523986131536: receive installSnapshot: omNode-1->omNode-3#0-t5,notify:(t:5, i:59)
2022-10-18 21:56:08,731 [grpc-default-executor-0] INFO  impl.SnapshotInstallationHandler (SnapshotInstallationHandler.java:installSnapshot(95)) - omNode-3@group-523986131536: reply installSnapshot: omNode-1<-omNode-3#0:FAIL-t5,IN_PROGRESS
2022-10-18 21:56:08,731 [grpc-default-executor-0] INFO  server.GrpcServerProtocolService (GrpcServerProtocolService.java:onCompleted(140)) - omNode-3: Completed INSTALL_SNAPSHOT, lastRequest: omNode-1->omNode-3#0-t5,notify:(t:5, i:59)
2022-10-18 21:56:08,731 [grpc-default-executor-3] INFO  leader.FollowerInfo (FollowerInfoImpl.java:lambda$new$0(48)) - omNode-1@group-523986131536->omNode-3: nextIndex: updateUnconditionally 57 -> 57
2022-10-18 21:56:08,731 [grpc-default-executor-3] INFO  server.GrpcLogAppender (GrpcLogAppender.java:onNext(403)) - omNode-1@group-523986131536->omNode-3-InstallSnapshotResponseHandler: received a reply omNode-1<-omNode-3#0:FAIL-t5,IN_PROGRESS
2022-10-18 21:56:08,731 [grpc-default-executor-3] INFO  server.GrpcLogAppender (GrpcLogAppender.java:onNext(421)) - omNode-1@group-523986131536->omNode-3-InstallSnapshotResponseHandler: InstallSnapshot in progress.
2022-10-18 21:56:08,732 [omNode-1@group-523986131536->omNode-3-GrpcLogAppender-LogAppenderDaemon] INFO  server.GrpcLogAppender (GrpcLogAppender.java:installSnapshot(541)) - omNode-1@group-523986131536->omNode-3-GrpcLogAppender: followerNextIndex = 57 but logStartIndex = 59, notify follower to install snapshot-(t:5, i:59)
2022-10-18 21:56:08,732 [omNode-1@group-523986131536->omNode-3-GrpcLogAppender-LogAppenderDaemon] INFO  server.GrpcLogAppender (GrpcLogAppender.java:installSnapshot(549)) - omNode-1@group-523986131536->omNode-3-GrpcLogAppender: send omNode-1->omNode-3#0-t5,notify:(t:5, i:59)
2022-10-18 21:56:08,732 [omNode-3-server-thread1] INFO  server.RaftServer$Division (RaftServerImpl.java:checkInconsistentAppendEntries(1402)) - omNode-3@group-523986131536: Failed appendEntries as snapshot (59) installation is in progress
2022-10-18 21:56:08,733 [omNode-3-server-thread1] INFO  server.RaftServer$Division (RaftServerImpl.java:checkInconsistentAppendEntries(1394)) - omNode-3@group-523986131536: inconsistency entries. Reply:omNode-1<-omNode-3#611:FAIL-t5,INCONSISTENCY,nextIndex=57,followerCommit=56
2022-10-18 21:56:08,733 [grpc-default-executor-0] INFO  impl.SnapshotInstallationHandler (SnapshotInstallationHandler.java:installSnapshot(84)) - omNode-3@group-523986131536: receive installSnapshot: omNode-1->omNode-3#0-t5,notify:(t:5, i:59)
2022-10-18 21:56:08,733 [grpc-default-executor-0] INFO  impl.SnapshotInstallationHandler (SnapshotInstallationHandler.java:installSnapshot(95)) - omNode-3@group-523986131536: reply installSnapshot: omNode-1<-omNode-3#0:FAIL-t5,IN_PROGRESS
2022-10-18 21:56:08,733 [grpc-default-executor-0] INFO  server.GrpcServerProtocolService (GrpcServerProtocolService.java:onCompleted(140)) - omNode-3: Completed INSTALL_SNAPSHOT, lastRequest: omNode-1->omNode-3#0-t5,notify:(t:5, i:59)
2022-10-18 21:56:08,734 [grpc-default-executor-3] INFO  leader.FollowerInfo (FollowerInfoImpl.java:lambda$new$0(48)) - omNode-1@group-523986131536->omNode-3: nextIndex: updateUnconditionally 57 -> 57
2022-10-18 21:56:08,734 [grpc-default-executor-3] INFO  server.GrpcLogAppender (GrpcLogAppender.java:onNext(403)) - omNode-1@group-523986131536->omNode-3-InstallSnapshotResponseHandler: received a reply omNode-1<-omNode-3#0:FAIL-t5,IN_PROGRESS
2022-10-18 21:56:08,734 [grpc-default-executor-3] INFO  server.GrpcLogAppender (GrpcLogAppender.java:onNext(421)) - omNode-1@group-523986131536->omNode-3-InstallSnapshotResponseHandler: InstallSnapshot in progress.
2022-10-18 21:56:08,734 [omNode-1@group-523986131536->omNode-3-GrpcLogAppender-LogAppenderDaemon] INFO  server.GrpcLogAppender (GrpcLogAppender.java:installSnapshot(541)) - omNode-1@group-523986131536->omNode-3-GrpcLogAppender: followerNextIndex = 57 but logStartIndex = 59, notify follower to install snapshot-(t:5, i:59)
2022-10-18 21:56:08,734 [omNode-1@group-523986131536->omNode-3-GrpcLogAppender-LogAppenderDaemon] INFO  server.GrpcLogAppender (GrpcLogAppender.java:installSnapshot(549)) - omNode-1@group-523986131536->omNode-3-GrpcLogAppender: send omNode-1->omNode-3#0-t5,notify:(t:5, i:59)
2022-10-18 21:56:08,735 [omNode-3-server-thread1] INFO  server.RaftServer$Division (RaftServerImpl.java:checkInconsistentAppendEntries(1402)) - omNode-3@group-523986131536: Failed appendEntries as snapshot (59) installation is in progress
2022-10-18 21:56:08,735 [omNode-3-server-thread1] INFO  server.RaftServer$Division (RaftServerImpl.java:checkInconsistentAppendEntries(1394)) - omNode-3@group-523986131536: inconsistency entries. Reply:omNode-1<-omNode-3#612:FAIL-t5,INCONSISTENCY,nextIndex=57,followerCommit=56
2022-10-18 21:56:08,735 [grpc-default-executor-0] INFO  impl.SnapshotInstallationHandler (SnapshotInstallationHandler.java:installSnapshot(84)) - omNode-3@group-523986131536: receive installSnapshot: omNode-1->omNode-3#0-t5,notify:(t:5, i:59)
2022-10-18 21:56:08,735 [grpc-default-executor-0] INFO  impl.SnapshotInstallationHandler (SnapshotInstallationHandler.java:installSnapshot(95)) - omNode-3@group-523986131536: reply installSnapshot: omNode-1<-omNode-3#0:FAIL-t5,IN_PROGRESS
2022-10-18 21:56:08,735 [grpc-default-executor-0] INFO  server.GrpcServerProtocolService (GrpcServerProtocolService.java:onCompleted(140)) - omNode-3: Completed INSTALL_SNAPSHOT, lastRequest: omNode-1->omNode-3#0-t5,notify:(t:5, i:59)
2022-10-18 21:56:08,736 [grpc-default-executor-3] INFO  leader.FollowerInfo (FollowerInfoImpl.java:lambda$new$0(48)) - omNode-1@group-523986131536->omNode-3: nextIndex: updateUnconditionally 57 -> 57
2022-10-18 21:56:08,736 [grpc-default-executor-3] INFO  server.GrpcLogAppender (GrpcLogAppender.java:onNext(403)) - omNode-1@group-523986131536->omNode-3-InstallSnapshotResponseHandler: received a reply omNode-1<-omNode-3#0:FAIL-t5,IN_PROGRESS
2022-10-18 21:56:08,736 [grpc-default-executor-3] INFO  server.GrpcLogAppender (GrpcLogAppender.java:onNext(421)) - omNode-1@group-523986131536->omNode-3-InstallSnapshotResponseHandler: InstallSnapshot in progress.
2022-10-18 21:56:08,736 [omNode-1@group-523986131536->omNode-3-GrpcLogAppender-LogAppenderDaemon] INFO  server.GrpcLogAppender (GrpcLogAppender.java:installSnapshot(541)) - omNode-1@group-523986131536->omNode-3-GrpcLogAppender: followerNextIndex = 57 but logStartIndex = 59, notify follower to install snapshot-(t:5, i:59)
2022-10-18 21:56:08,736 [omNode-1@group-523986131536->omNode-3-GrpcLogAppender-LogAppenderDaemon] INFO  server.GrpcLogAppender (GrpcLogAppender.java:installSnapshot(549)) - omNode-1@group-523986131536->omNode-3-GrpcLogAppender: send omNode-1->omNode-3#0-t5,notify:(t:5, i:59)
2022-10-18 21:56:08,737 [omNode-3-server-thread1] INFO  server.RaftServer$Division (RaftServerImpl.java:checkInconsistentAppendEntries(1402)) - omNode-3@group-523986131536: Failed appendEntries as snapshot (59) installation is in progress
2022-10-18 21:56:08,737 [omNode-3-server-thread1] INFO  server.RaftServer$Division (RaftServerImpl.java:checkInconsistentAppendEntries(1394)) - omNode-3@group-523986131536: inconsistency entries. Reply:omNode-1<-omNode-3#613:FAIL-t5,INCONSISTENCY,nextIndex=57,followerCommit=56
2022-10-18 21:56:08,737 [grpc-default-executor-0] INFO  impl.SnapshotInstallationHandler (SnapshotInstallationHandler.java:installSnapshot(84)) - omNode-3@group-523986131536: receive installSnapshot: omNode-1->omNode-3#0-t5,notify:(t:5, i:59)
2022-10-18 21:56:08,737 [grpc-default-executor-3] INFO  leader.FollowerInfo (FollowerInfoImpl.java:lambda$new$0(48)) - omNode-1@group-523986131536->omNode-3: nextIndex: updateUnconditionally 57 -> 57
2022-10-18 21:56:08,737 [grpc-default-executor-0] INFO  impl.SnapshotInstallationHandler (SnapshotInstallationHandler.java:installSnapshot(95)) - omNode-3@group-523986131536: reply installSnapshot: omNode-1<-omNode-3#0:FAIL-t5,IN_PROGRESS
2022-10-18 21:56:08,738 [grpc-default-executor-0] INFO  server.GrpcServerProtocolService (GrpcServerProtocolService.java:onCompleted(140)) - omNode-3: Completed INSTALL_SNAPSHOT, lastRequest: omNode-1->omNode-3#0-t5,notify:(t:5, i:59)
2022-10-18 21:56:08,738 [grpc-default-executor-0] INFO  server.GrpcLogAppender (GrpcLogAppender.java:onNext(403)) - omNode-1@group-523986131536->omNode-3-InstallSnapshotResponseHandler: received a reply omNode-1<-omNode-3#0:FAIL-t5,IN_PROGRESS
2022-10-18 21:56:08,738 [grpc-default-executor-0] INFO  server.GrpcLogAppender (GrpcLogAppender.java:onNext(421)) - omNode-1@group-523986131536->omNode-3-InstallSnapshotResponseHandler: InstallSnapshot in progress.
2022-10-18 21:56:08,738 [qtp2052251548-821] INFO  utils.DBCheckpointServlet (DBCheckpointServlet.java:doGet(109)) - Received request to obtain DB checkpoint snapshot
2022-10-18 21:56:08,738 [omNode-1@group-523986131536->omNode-3-GrpcLogAppender-LogAppenderDaemon] INFO  server.GrpcLogAppender (GrpcLogAppender.java:installSnapshot(541)) - omNode-1@group-523986131536->omNode-3-GrpcLogAppender: followerNextIndex = 57 but logStartIndex = 59, notify follower to install snapshot-(t:5, i:59)
2022-10-18 21:56:08,738 [omNode-1@group-523986131536->omNode-3-GrpcLogAppender-LogAppenderDaemon] INFO  server.GrpcLogAppender (GrpcLogAppender.java:installSnapshot(549)) - omNode-1@group-523986131536->omNode-3-GrpcLogAppender: send omNode-1->omNode-3#0-t5,notify:(t:5, i:59)
2022-10-18 21:56:08,739 [omNode-3-server-thread1] INFO  server.RaftServer$Division (RaftServerImpl.java:checkInconsistentAppendEntries(1402)) - omNode-3@group-523986131536: Failed appendEntries as snapshot (59) installation is in progress
2022-10-18 21:56:08,739 [omNode-3-server-thread1] INFO  server.RaftServer$Division (RaftServerImpl.java:checkInconsistentAppendEntries(1394)) - omNode-3@group-523986131536: inconsistency entries. Reply:omNode-1<-omNode-3#614:FAIL-t5,INCONSISTENCY,nextIndex=57,followerCommit=56
2022-10-18 21:56:08,739 [grpc-default-executor-3] INFO  impl.SnapshotInstallationHandler (SnapshotInstallationHandler.java:installSnapshot(84)) - omNode-3@group-523986131536: receive installSnapshot: omNode-1->omNode-3#0-t5,notify:(t:5, i:59)
2022-10-18 21:56:08,739 [grpc-default-executor-3] INFO  impl.SnapshotInstallationHandler (SnapshotInstallationHandler.java:installSnapshot(95)) - omNode-3@group-523986131536: reply installSnapshot: omNode-1<-omNode-3#0:FAIL-t5,IN_PROGRESS
2022-10-18 21:56:08,740 [grpc-default-executor-3] INFO  server.GrpcServerProtocolService (GrpcServerProtocolService.java:onCompleted(140)) - omNode-3: Completed INSTALL_SNAPSHOT, lastRequest: omNode-1->omNode-3#0-t5,notify:(t:5, i:59)
2022-10-18 21:56:08,740 [grpc-default-executor-0] INFO  leader.FollowerInfo (FollowerInfoImpl.java:lambda$new$0(48)) - omNode-1@group-523986131536->omNode-3: nextIndex: updateUnconditionally 57 -> 57
2022-10-18 21:56:08,740 [grpc-default-executor-0] INFO  server.GrpcLogAppender (GrpcLogAppender.java:onNext(403)) - omNode-1@group-523986131536->omNode-3-InstallSnapshotResponseHandler: received a reply omNode-1<-omNode-3#0:FAIL-t5,IN_PROGRESS
2022-10-18 21:56:08,740 [grpc-default-executor-0] INFO  server.GrpcLogAppender (GrpcLogAppender.java:onNext(421)) - omNode-1@group-523986131536->omNode-3-InstallSnapshotResponseHandler: InstallSnapshot in progress.
2022-10-18 21:56:08,741 [omNode-1@group-523986131536->omNode-3-GrpcLogAppender-LogAppenderDaemon] INFO  server.GrpcLogAppender (GrpcLogAppender.java:installSnapshot(541)) - omNode-1@group-523986131536->omNode-3-GrpcLogAppender: followerNextIndex = 57 but logStartIndex = 59, notify follower to install snapshot-(t:5, i:59)
2022-10-18 21:56:08,741 [omNode-1@group-523986131536->omNode-3-GrpcLogAppender-LogAppenderDaemon] INFO  server.GrpcLogAppender (GrpcLogAppender.java:installSnapshot(549)) - omNode-1@group-523986131536->omNode-3-GrpcLogAppender: send omNode-1->omNode-3#0-t5,notify:(t:5, i:59)
2022-10-18 21:56:08,745 [omNode-3-server-thread1] INFO  server.RaftServer$Division (RaftServerImpl.java:checkInconsistentAppendEntries(1402)) - omNode-3@group-523986131536: Failed appendEntries as snapshot (59) installation is in progress
2022-10-18 21:56:08,745 [omNode-3-server-thread1] INFO  server.RaftServer$Division (RaftServerImpl.java:checkInconsistentAppendEntries(1394)) - omNode-3@group-523986131536: inconsistency entries. Reply:omNode-1<-omNode-3#615:FAIL-t5,INCONSISTENCY,nextIndex=57,followerCommit=56
2022-10-18 21:56:08,746 [grpc-default-executor-3] INFO  impl.SnapshotInstallationHandler (SnapshotInstallationHandler.java:installSnapshot(84)) - omNode-3@group-523986131536: receive installSnapshot: omNode-1->omNode-3#0-t5,notify:(t:5, i:59)
2022-10-18 21:56:08,746 [grpc-default-executor-3] INFO  impl.SnapshotInstallationHandler (SnapshotInstallationHandler.java:installSnapshot(95)) - omNode-3@group-523986131536: reply installSnapshot: omNode-1<-omNode-3#0:FAIL-t5,IN_PROGRESS
2022-10-18 21:56:08,746 [grpc-default-executor-0] INFO  leader.FollowerInfo (FollowerInfoImpl.java:lambda$new$0(48)) - omNode-1@group-523986131536->omNode-3: nextIndex: updateUnconditionally 57 -> 57
2022-10-18 21:56:08,746 [grpc-default-executor-3] INFO  server.GrpcServerProtocolService (GrpcServerProtocolService.java:onCompleted(140)) - omNode-3: Completed INSTALL_SNAPSHOT, lastRequest: omNode-1->omNode-3#0-t5,notify:(t:5, i:59)
2022-10-18 21:56:08,746 [grpc-default-executor-3] INFO  server.GrpcLogAppender (GrpcLogAppender.java:onNext(403)) - omNode-1@group-523986131536->omNode-3-InstallSnapshotResponseHandler: received a reply omNode-1<-omNode-3#0:FAIL-t5,IN_PROGRESS
2022-10-18 21:56:08,746 [grpc-default-executor-3] INFO  server.GrpcLogAppender (GrpcLogAppender.java:onNext(421)) - omNode-1@group-523986131536->omNode-3-InstallSnapshotResponseHandler: InstallSnapshot in progress.
2022-10-18 21:56:08,746 [omNode-1@group-523986131536->omNode-3-GrpcLogAppender-LogAppenderDaemon] INFO  server.GrpcLogAppender (GrpcLogAppender.java:installSnapshot(541)) - omNode-1@group-523986131536->omNode-3-GrpcLogAppender: followerNextIndex = 57 but logStartIndex = 59, notify follower to install snapshot-(t:5, i:59)
2022-10-18 21:56:08,746 [omNode-1@group-523986131536->omNode-3-GrpcLogAppender-LogAppenderDaemon] INFO  server.GrpcLogAppender (GrpcLogAppender.java:installSnapshot(549)) - omNode-1@group-523986131536->omNode-3-GrpcLogAppender: send omNode-1->omNode-3#0-t5,notify:(t:5, i:59)
2022-10-18 21:56:08,747 [omNode-3-server-thread1] INFO  server.RaftServer$Division (RaftServerImpl.java:checkInconsistentAppendEntries(1402)) - omNode-3@group-523986131536: Failed appendEntries as snapshot (59) installation is in progress
2022-10-18 21:56:08,747 [omNode-3-server-thread1] INFO  server.RaftServer$Division (RaftServerImpl.java:checkInconsistentAppendEntries(1394)) - omNode-3@group-523986131536: inconsistency entries. Reply:omNode-1<-omNode-3#616:FAIL-t5,INCONSISTENCY,nextIndex=57,followerCommit=56
2022-10-18 21:56:08,747 [grpc-default-executor-3] INFO  leader.FollowerInfo (FollowerInfoImpl.java:lambda$new$0(48)) - omNode-1@group-523986131536->omNode-3: nextIndex: updateUnconditionally 57 -> 57
2022-10-18 21:56:08,747 [grpc-default-executor-0] INFO  impl.SnapshotInstallationHandler (SnapshotInstallationHandler.java:installSnapshot(84)) - omNode-3@group-523986131536: receive installSnapshot: omNode-1->omNode-3#0-t5,notify:(t:5, i:59)
2022-10-18 21:56:08,747 [grpc-default-executor-0] INFO  impl.SnapshotInstallationHandler (SnapshotInstallationHandler.java:installSnapshot(95)) - omNode-3@group-523986131536: reply installSnapshot: omNode-1<-omNode-3#0:FAIL-t5,IN_PROGRESS
2022-10-18 21:56:08,748 [grpc-default-executor-0] INFO  server.GrpcServerProtocolService (GrpcServerProtocolService.java:onCompleted(140)) - omNode-3: Completed INSTALL_SNAPSHOT, lastRequest: omNode-1->omNode-3#0-t5,notify:(t:5, i:59)
2022-10-18 21:56:08,748 [grpc-default-executor-0] INFO  server.GrpcLogAppender (GrpcLogAppender.java:onNext(403)) - omNode-1@group-523986131536->omNode-3-InstallSnapshotResponseHandler: received a reply omNode-1<-omNode-3#0:FAIL-t5,IN_PROGRESS
2022-10-18 21:56:08,748 [grpc-default-executor-0] INFO  server.GrpcLogAppender (GrpcLogAppender.java:onNext(421)) - omNode-1@group-523986131536->omNode-3-InstallSnapshotResponseHandler: InstallSnapshot in progress.
2022-10-18 21:56:08,748 [omNode-1@group-523986131536->omNode-3-GrpcLogAppender-LogAppenderDaemon] INFO  server.GrpcLogAppender (GrpcLogAppender.java:installSnapshot(541)) - omNode-1@group-523986131536->omNode-3-GrpcLogAppender: followerNextIndex = 57 but logStartIndex = 59, notify follower to install snapshot-(t:5, i:59)
2022-10-18 21:56:08,748 [omNode-1@group-523986131536->omNode-3-GrpcLogAppender-LogAppenderDaemon] INFO  server.GrpcLogAppender (GrpcLogAppender.java:installSnapshot(549)) - omNode-1@group-523986131536->omNode-3-GrpcLogAppender: send omNode-1->omNode-3#0-t5,notify:(t:5, i:59)
2022-10-18 21:56:08,749 [omNode-3-server-thread1] INFO  server.RaftServer$Division (RaftServerImpl.java:checkInconsistentAppendEntries(1402)) - omNode-3@group-523986131536: Failed appendEntries as snapshot (59) installation is in progress
2022-10-18 21:56:08,749 [omNode-3-server-thread1] INFO  server.RaftServer$Division (RaftServerImpl.java:checkInconsistentAppendEntries(1394)) - omNode-3@group-523986131536: inconsistency entries. Reply:omNode-1<-omNode-3#617:FAIL-t5,INCONSISTENCY,nextIndex=57,followerCommit=56
2022-10-18 21:56:08,749 [grpc-default-executor-3] INFO  impl.SnapshotInstallationHandler (SnapshotInstallationHandler.java:installSnapshot(84)) - omNode-3@group-523986131536: receive installSnapshot: omNode-1->omNode-3#0-t5,notify:(t:5, i:59)
2022-10-18 21:56:08,749 [grpc-default-executor-3] INFO  impl.SnapshotInstallationHandler (SnapshotInstallationHandler.java:installSnapshot(95)) - omNode-3@group-523986131536: reply installSnapshot: omNode-1<-omNode-3#0:FAIL-t5,IN_PROGRESS
2022-10-18 21:56:08,749 [grpc-default-executor-3] INFO  server.GrpcServerProtocolService (GrpcServerProtocolService.java:onCompleted(140)) - omNode-3: Completed INSTALL_SNAPSHOT, lastRequest: omNode-1->omNode-3#0-t5,notify:(t:5, i:59)
2022-10-18 21:56:08,749 [grpc-default-executor-3] INFO  leader.FollowerInfo (FollowerInfoImpl.java:lambda$new$0(48)) - omNode-1@group-523986131536->omNode-3: nextIndex: updateUnconditionally 57 -> 57
2022-10-18 21:56:08,749 [grpc-default-executor-3] INFO  server.GrpcLogAppender (GrpcLogAppender.java:onNext(403)) - omNode-1@group-523986131536->omNode-3-InstallSnapshotResponseHandler: received a reply omNode-1<-omNode-3#0:FAIL-t5,IN_PROGRESS
2022-10-18 21:56:08,750 [grpc-default-executor-3] INFO  server.GrpcLogAppender (GrpcLogAppender.java:onNext(421)) - omNode-1@group-523986131536->omNode-3-InstallSnapshotResponseHandler: InstallSnapshot in progress.
2022-10-18 21:56:08,750 [omNode-1@group-523986131536->omNode-3-GrpcLogAppender-LogAppenderDaemon] INFO  server.GrpcLogAppender (GrpcLogAppender.java:installSnapshot(541)) - omNode-1@group-523986131536->omNode-3-GrpcLogAppender: followerNextIndex = 57 but logStartIndex = 59, notify follower to install snapshot-(t:5, i:59)
2022-10-18 21:56:08,750 [omNode-1@group-523986131536->omNode-3-GrpcLogAppender-LogAppenderDaemon] INFO  server.GrpcLogAppender (GrpcLogAppender.java:installSnapshot(549)) - omNode-1@group-523986131536->omNode-3-GrpcLogAppender: send omNode-1->omNode-3#0-t5,notify:(t:5, i:59)
2022-10-18 21:56:08,750 [omNode-3-server-thread1] INFO  server.RaftServer$Division (RaftServerImpl.java:checkInconsistentAppendEntries(1402)) - omNode-3@group-523986131536: Failed appendEntries as snapshot (59) installation is in progress
2022-10-18 21:56:08,750 [omNode-3-server-thread1] INFO  server.RaftServer$Division (RaftServerImpl.java:checkInconsistentAppendEntries(1394)) - omNode-3@group-523986131536: inconsistency entries. Reply:omNode-1<-omNode-3#618:FAIL-t5,INCONSISTENCY,nextIndex=57,followerCommit=56
2022-10-18 21:56:08,750 [grpc-default-executor-0] INFO  impl.SnapshotInstallationHandler (SnapshotInstallationHandler.java:installSnapshot(84)) - omNode-3@group-523986131536: receive installSnapshot: omNode-1->omNode-3#0-t5,notify:(t:5, i:59)
2022-10-18 21:56:08,751 [grpc-default-executor-0] INFO  impl.SnapshotInstallationHandler (SnapshotInstallationHandler.java:installSnapshot(95)) - omNode-3@group-523986131536: reply installSnapshot: omNode-1<-omNode-3#0:FAIL-t5,IN_PROGRESS
2022-10-18 21:56:08,751 [grpc-default-executor-0] INFO  server.GrpcServerProtocolService (GrpcServerProtocolService.java:onCompleted(140)) - omNode-3: Completed INSTALL_SNAPSHOT, lastRequest: omNode-1->omNode-3#0-t5,notify:(t:5, i:59)
2022-10-18 21:56:08,751 [grpc-default-executor-0] INFO  leader.FollowerInfo (FollowerInfoImpl.java:lambda$new$0(48)) - omNode-1@group-523986131536->omNode-3: nextIndex: updateUnconditionally 57 -> 57
2022-10-18 21:56:08,751 [grpc-default-executor-0] INFO  server.GrpcLogAppender (GrpcLogAppender.java:onNext(403)) - omNode-1@group-523986131536->omNode-3-InstallSnapshotResponseHandler: received a reply omNode-1<-omNode-3#0:FAIL-t5,IN_PROGRESS
2022-10-18 21:56:08,751 [grpc-default-executor-0] INFO  server.GrpcLogAppender (GrpcLogAppender.java:onNext(421)) - omNode-1@group-523986131536->omNode-3-InstallSnapshotResponseHandler: InstallSnapshot in progress.
2022-10-18 21:56:08,752 [omNode-1@group-523986131536->omNode-3-GrpcLogAppender-LogAppenderDaemon] INFO  server.GrpcLogAppender (GrpcLogAppender.java:installSnapshot(541)) - omNode-1@group-523986131536->omNode-3-GrpcLogAppender: followerNextIndex = 57 but logStartIndex = 59, notify follower to install snapshot-(t:5, i:59)
2022-10-18 21:56:08,752 [omNode-1@group-523986131536->omNode-3-GrpcLogAppender-LogAppenderDaemon] INFO  server.GrpcLogAppender (GrpcLogAppender.java:installSnapshot(549)) - omNode-1@group-523986131536->omNode-3-GrpcLogAppender: send omNode-1->omNode-3#0-t5,notify:(t:5, i:59)
2022-10-18 21:56:08,753 [omNode-3-server-thread1] INFO  server.RaftServer$Division (RaftServerImpl.java:checkInconsistentAppendEntries(1402)) - omNode-3@group-523986131536: Failed appendEntries as snapshot (59) installation is in progress
2022-10-18 21:56:08,753 [omNode-3-server-thread1] INFO  server.RaftServer$Division (RaftServerImpl.java:checkInconsistentAppendEntries(1394)) - omNode-3@group-523986131536: inconsistency entries. Reply:omNode-1<-omNode-3#619:FAIL-t5,INCONSISTENCY,nextIndex=57,followerCommit=56
2022-10-18 21:56:08,753 [grpc-default-executor-3] INFO  impl.SnapshotInstallationHandler (SnapshotInstallationHandler.java:installSnapshot(84)) - omNode-3@group-523986131536: receive installSnapshot: omNode-1->omNode-3#0-t5,notify:(t:5, i:59)
2022-10-18 21:56:08,753 [grpc-default-executor-3] INFO  impl.SnapshotInstallationHandler (SnapshotInstallationHandler.java:installSnapshot(95)) - omNode-3@group-523986131536: reply installSnapshot: omNode-1<-omNode-3#0:FAIL-t5,IN_PROGRESS
2022-10-18 21:56:08,753 [grpc-default-executor-3] INFO  server.GrpcServerProtocolService (GrpcServerProtocolService.java:onCompleted(140)) - omNode-3: Completed INSTALL_SNAPSHOT, lastRequest: omNode-1->omNode-3#0-t5,notify:(t:5, i:59)
2022-10-18 21:56:08,754 [grpc-default-executor-0] INFO  leader.FollowerInfo (FollowerInfoImpl.java:lambda$new$0(48)) - omNode-1@group-523986131536->omNode-3: nextIndex: updateUnconditionally 57 -> 57
2022-10-18 21:56:08,754 [grpc-default-executor-0] INFO  server.GrpcLogAppender (GrpcLogAppender.java:onNext(403)) - omNode-1@group-523986131536->omNode-3-InstallSnapshotResponseHandler: received a reply omNode-1<-omNode-3#0:FAIL-t5,IN_PROGRESS
2022-10-18 21:56:08,754 [grpc-default-executor-0] INFO  server.GrpcLogAppender (GrpcLogAppender.java:onNext(421)) - omNode-1@group-523986131536->omNode-3-InstallSnapshotResponseHandler: InstallSnapshot in progress.
2022-10-18 21:56:08,754 [omNode-1@group-523986131536->omNode-3-GrpcLogAppender-LogAppenderDaemon] INFO  server.GrpcLogAppender (GrpcLogAppender.java:installSnapshot(541)) - omNode-1@group-523986131536->omNode-3-GrpcLogAppender: followerNextIndex = 57 but logStartIndex = 59, notify follower to install snapshot-(t:5, i:59)
2022-10-18 21:56:08,754 [omNode-1@group-523986131536->omNode-3-GrpcLogAppender-LogAppenderDaemon] INFO  server.GrpcLogAppender (GrpcLogAppender.java:installSnapshot(549)) - omNode-1@group-523986131536->omNode-3-GrpcLogAppender: send omNode-1->omNode-3#0-t5,notify:(t:5, i:59)
2022-10-18 21:56:08,754 [omNode-3-server-thread1] INFO  server.RaftServer$Division (RaftServerImpl.java:checkInconsistentAppendEntries(1402)) - omNode-3@group-523986131536: Failed appendEntries as snapshot (59) installation is in progress
2022-10-18 21:56:08,755 [omNode-3-server-thread1] INFO  server.RaftServer$Division (RaftServerImpl.java:checkInconsistentAppendEntries(1394)) - omNode-3@group-523986131536: inconsistency entries. Reply:omNode-1<-omNode-3#620:FAIL-t5,INCONSISTENCY,nextIndex=57,followerCommit=56
2022-10-18 21:56:08,755 [grpc-default-executor-3] INFO  impl.SnapshotInstallationHandler (SnapshotInstallationHandler.java:installSnapshot(84)) - omNode-3@group-523986131536: receive installSnapshot: omNode-1->omNode-3#0-t5,notify:(t:5, i:59)
2022-10-18 21:56:08,756 [grpc-default-executor-3] INFO  impl.SnapshotInstallationHandler (SnapshotInstallationHandler.java:installSnapshot(95)) - omNode-3@group-523986131536: reply installSnapshot: omNode-1<-omNode-3#0:FAIL-t5,IN_PROGRESS
2022-10-18 21:56:08,756 [grpc-default-executor-3] INFO  server.GrpcServerProtocolService (GrpcServerProtocolService.java:onCompleted(140)) - omNode-3: Completed INSTALL_SNAPSHOT, lastRequest: omNode-1->omNode-3#0-t5,notify:(t:5, i:59)
2022-10-18 21:56:08,756 [grpc-default-executor-0] INFO  leader.FollowerInfo (FollowerInfoImpl.java:lambda$new$0(48)) - omNode-1@group-523986131536->omNode-3: nextIndex: updateUnconditionally 57 -> 57
2022-10-18 21:56:08,756 [grpc-default-executor-0] INFO  server.GrpcLogAppender (GrpcLogAppender.java:onNext(403)) - omNode-1@group-523986131536->omNode-3-InstallSnapshotResponseHandler: received a reply omNode-1<-omNode-3#0:FAIL-t5,IN_PROGRESS
2022-10-18 21:56:08,756 [grpc-default-executor-0] INFO  server.GrpcLogAppender (GrpcLogAppender.java:onNext(421)) - omNode-1@group-523986131536->omNode-3-InstallSnapshotResponseHandler: InstallSnapshot in progress.
2022-10-18 21:56:08,757 [omNode-1@group-523986131536->omNode-3-GrpcLogAppender-LogAppenderDaemon] INFO  server.GrpcLogAppender (GrpcLogAppender.java:installSnapshot(541)) - omNode-1@group-523986131536->omNode-3-GrpcLogAppender: followerNextIndex = 57 but logStartIndex = 59, notify follower to install snapshot-(t:5, i:59)
2022-10-18 21:56:08,757 [omNode-3-server-thread1] INFO  server.RaftServer$Division (RaftServerImpl.java:checkInconsistentAppendEntries(1402)) - omNode-3@group-523986131536: Failed appendEntries as snapshot (59) installation is in progress
2022-10-18 21:56:08,757 [omNode-1@group-523986131536->omNode-3-GrpcLogAppender-LogAppenderDaemon] INFO  server.GrpcLogAppender (GrpcLogAppender.java:installSnapshot(549)) - omNode-1@group-523986131536->omNode-3-GrpcLogAppender: send omNode-1->omNode-3#0-t5,notify:(t:5, i:59)
2022-10-18 21:56:08,757 [omNode-3-server-thread1] INFO  server.RaftServer$Division (RaftServerImpl.java:checkInconsistentAppendEntries(1394)) - omNode-3@group-523986131536: inconsistency entries. Reply:omNode-1<-omNode-3#621:FAIL-t5,INCONSISTENCY,nextIndex=57,followerCommit=56
2022-10-18 21:56:08,757 [grpc-default-executor-0] INFO  leader.FollowerInfo (FollowerInfoImpl.java:lambda$new$0(48)) - omNode-1@group-523986131536->omNode-3: nextIndex: updateUnconditionally 57 -> 57
2022-10-18 21:56:08,759 [grpc-default-executor-0] INFO  impl.SnapshotInstallationHandler (SnapshotInstallationHandler.java:installSnapshot(84)) - omNode-3@group-523986131536: receive installSnapshot: omNode-1->omNode-3#0-t5,notify:(t:5, i:59)
2022-10-18 21:56:08,759 [grpc-default-executor-0] INFO  impl.SnapshotInstallationHandler (SnapshotInstallationHandler.java:installSnapshot(95)) - omNode-3@group-523986131536: reply installSnapshot: omNode-1<-omNode-3#0:FAIL-t5,IN_PROGRESS
2022-10-18 21:56:08,759 [grpc-default-executor-0] INFO  server.GrpcServerProtocolService (GrpcServerProtocolService.java:onCompleted(140)) - omNode-3: Completed INSTALL_SNAPSHOT, lastRequest: omNode-1->omNode-3#0-t5,notify:(t:5, i:59)
2022-10-18 21:56:08,760 [grpc-default-executor-0] INFO  server.GrpcLogAppender (GrpcLogAppender.java:onNext(403)) - omNode-1@group-523986131536->omNode-3-InstallSnapshotResponseHandler: received a reply omNode-1<-omNode-3#0:FAIL-t5,IN_PROGRESS
2022-10-18 21:56:08,760 [grpc-default-executor-0] INFO  server.GrpcLogAppender (GrpcLogAppender.java:onNext(421)) - omNode-1@group-523986131536->omNode-3-InstallSnapshotResponseHandler: InstallSnapshot in progress.
2022-10-18 21:56:08,760 [omNode-1@group-523986131536->omNode-3-GrpcLogAppender-LogAppenderDaemon] INFO  server.GrpcLogAppender (GrpcLogAppender.java:installSnapshot(541)) - omNode-1@group-523986131536->omNode-3-GrpcLogAppender: followerNextIndex = 57 but logStartIndex = 59, notify follower to install snapshot-(t:5, i:59)
2022-10-18 21:56:08,760 [omNode-1@group-523986131536->omNode-3-GrpcLogAppender-LogAppenderDaemon] INFO  server.GrpcLogAppender (GrpcLogAppender.java:installSnapshot(549)) - omNode-1@group-523986131536->omNode-3-GrpcLogAppender: send omNode-1->omNode-3#0-t5,notify:(t:5, i:59)
2022-10-18 21:56:08,761 [omNode-3-server-thread1] INFO  server.RaftServer$Division (RaftServerImpl.java:checkInconsistentAppendEntries(1402)) - omNode-3@group-523986131536: Failed appendEntries as snapshot (59) installation is in progress
2022-10-18 21:56:08,761 [omNode-3-server-thread1] INFO  server.RaftServer$Division (RaftServerImpl.java:checkInconsistentAppendEntries(1394)) - omNode-3@group-523986131536: inconsistency entries. Reply:omNode-1<-omNode-3#622:FAIL-t5,INCONSISTENCY,nextIndex=57,followerCommit=56
2022-10-18 21:56:08,761 [grpc-default-executor-0] INFO  impl.SnapshotInstallationHandler (SnapshotInstallationHandler.java:installSnapshot(84)) - omNode-3@group-523986131536: receive installSnapshot: omNode-1->omNode-3#0-t5,notify:(t:5, i:59)
2022-10-18 21:56:08,761 [grpc-default-executor-0] INFO  impl.SnapshotInstallationHandler (SnapshotInstallationHandler.java:installSnapshot(95)) - omNode-3@group-523986131536: reply installSnapshot: omNode-1<-omNode-3#0:FAIL-t5,IN_PROGRESS
2022-10-18 21:56:08,762 [grpc-default-executor-0] INFO  server.GrpcServerProtocolService (GrpcServerProtocolService.java:onCompleted(140)) - omNode-3: Completed INSTALL_SNAPSHOT, lastRequest: omNode-1->omNode-3#0-t5,notify:(t:5, i:59)
2022-10-18 21:56:08,762 [grpc-default-executor-0] INFO  leader.FollowerInfo (FollowerInfoImpl.java:lambda$new$0(48)) - omNode-1@group-523986131536->omNode-3: nextIndex: updateUnconditionally 57 -> 57
2022-10-18 21:56:08,762 [grpc-default-executor-3] INFO  server.GrpcLogAppender (GrpcLogAppender.java:onNext(403)) - omNode-1@group-523986131536->omNode-3-InstallSnapshotResponseHandler: received a reply omNode-1<-omNode-3#0:FAIL-t5,IN_PROGRESS
2022-10-18 21:56:08,762 [grpc-default-executor-3] INFO  server.GrpcLogAppender (GrpcLogAppender.java:onNext(421)) - omNode-1@group-523986131536->omNode-3-InstallSnapshotResponseHandler: InstallSnapshot in progress.
2022-10-18 21:56:08,763 [omNode-1@group-523986131536->omNode-3-GrpcLogAppender-LogAppenderDaemon] INFO  server.GrpcLogAppender (GrpcLogAppender.java:installSnapshot(541)) - omNode-1@group-523986131536->omNode-3-GrpcLogAppender: followerNextIndex = 57 but logStartIndex = 59, notify follower to install snapshot-(t:5, i:59)
2022-10-18 21:56:08,763 [omNode-1@group-523986131536->omNode-3-GrpcLogAppender-LogAppenderDaemon] INFO  server.GrpcLogAppender (GrpcLogAppender.java:installSnapshot(549)) - omNode-1@group-523986131536->omNode-3-GrpcLogAppender: send omNode-1->omNode-3#0-t5,notify:(t:5, i:59)
2022-10-18 21:56:08,763 [omNode-3-server-thread1] INFO  server.RaftServer$Division (RaftServerImpl.java:checkInconsistentAppendEntries(1402)) - omNode-3@group-523986131536: Failed appendEntries as snapshot (59) installation is in progress
2022-10-18 21:56:08,763 [omNode-3-server-thread1] INFO  server.RaftServer$Division (RaftServerImpl.java:checkInconsistentAppendEntries(1394)) - omNode-3@group-523986131536: inconsistency entries. Reply:omNode-1<-omNode-3#623:FAIL-t5,INCONSISTENCY,nextIndex=57,followerCommit=56
2022-10-18 21:56:08,764 [grpc-default-executor-3] INFO  impl.SnapshotInstallationHandler (SnapshotInstallationHandler.java:installSnapshot(84)) - omNode-3@group-523986131536: receive installSnapshot: omNode-1->omNode-3#0-t5,notify:(t:5, i:59)
2022-10-18 21:56:08,764 [grpc-default-executor-3] INFO  impl.SnapshotInstallationHandler (SnapshotInstallationHandler.java:installSnapshot(95)) - omNode-3@group-523986131536: reply installSnapshot: omNode-1<-omNode-3#0:FAIL-t5,IN_PROGRESS
2022-10-18 21:56:08,764 [grpc-default-executor-3] INFO  server.GrpcServerProtocolService (GrpcServerProtocolService.java:onCompleted(140)) - omNode-3: Completed INSTALL_SNAPSHOT, lastRequest: omNode-1->omNode-3#0-t5,notify:(t:5, i:59)
2022-10-18 21:56:08,764 [grpc-default-executor-3] INFO  leader.FollowerInfo (FollowerInfoImpl.java:lambda$new$0(48)) - omNode-1@group-523986131536->omNode-3: nextIndex: updateUnconditionally 57 -> 57
2022-10-18 21:56:08,764 [grpc-default-executor-3] INFO  server.GrpcLogAppender (GrpcLogAppender.java:onNext(403)) - omNode-1@group-523986131536->omNode-3-InstallSnapshotResponseHandler: received a reply omNode-1<-omNode-3#0:FAIL-t5,IN_PROGRESS
2022-10-18 21:56:08,764 [grpc-default-executor-3] INFO  server.GrpcLogAppender (GrpcLogAppender.java:onNext(421)) - omNode-1@group-523986131536->omNode-3-InstallSnapshotResponseHandler: InstallSnapshot in progress.
2022-10-18 21:56:08,765 [omNode-1@group-523986131536->omNode-3-GrpcLogAppender-LogAppenderDaemon] INFO  server.GrpcLogAppender (GrpcLogAppender.java:installSnapshot(541)) - omNode-1@group-523986131536->omNode-3-GrpcLogAppender: followerNextIndex = 57 but logStartIndex = 59, notify follower to install snapshot-(t:5, i:59)
2022-10-18 21:56:08,765 [omNode-1@group-523986131536->omNode-3-GrpcLogAppender-LogAppenderDaemon] INFO  server.GrpcLogAppender (GrpcLogAppender.java:installSnapshot(549)) - omNode-1@group-523986131536->omNode-3-GrpcLogAppender: send omNode-1->omNode-3#0-t5,notify:(t:5, i:59)
2022-10-18 21:56:08,766 [grpc-default-executor-3] INFO  impl.SnapshotInstallationHandler (SnapshotInstallationHandler.java:installSnapshot(84)) - omNode-3@group-523986131536: receive installSnapshot: omNode-1->omNode-3#0-t5,notify:(t:5, i:59)
2022-10-18 21:56:08,766 [omNode-3-server-thread1] INFO  server.RaftServer$Division (RaftServerImpl.java:checkInconsistentAppendEntries(1402)) - omNode-3@group-523986131536: Failed appendEntries as snapshot (59) installation is in progress
2022-10-18 21:56:08,766 [omNode-3-server-thread1] INFO  server.RaftServer$Division (RaftServerImpl.java:checkInconsistentAppendEntries(1394)) - omNode-3@group-523986131536: inconsistency entries. Reply:omNode-1<-omNode-3#624:FAIL-t5,INCONSISTENCY,nextIndex=57,followerCommit=56
2022-10-18 21:56:08,767 [grpc-default-executor-3] INFO  impl.SnapshotInstallationHandler (SnapshotInstallationHandler.java:installSnapshot(95)) - omNode-3@group-523986131536: reply installSnapshot: omNode-1<-omNode-3#0:FAIL-t5,IN_PROGRESS
2022-10-18 21:56:08,767 [grpc-default-executor-3] INFO  server.GrpcServerProtocolService (GrpcServerProtocolService.java:onCompleted(140)) - omNode-3: Completed INSTALL_SNAPSHOT, lastRequest: omNode-1->omNode-3#0-t5,notify:(t:5, i:59)
2022-10-18 21:56:08,767 [grpc-default-executor-3] INFO  leader.FollowerInfo (FollowerInfoImpl.java:lambda$new$0(48)) - omNode-1@group-523986131536->omNode-3: nextIndex: updateUnconditionally 57 -> 57
2022-10-18 21:56:08,767 [grpc-default-executor-3] INFO  server.GrpcLogAppender (GrpcLogAppender.java:onNext(403)) - omNode-1@group-523986131536->omNode-3-InstallSnapshotResponseHandler: received a reply omNode-1<-omNode-3#0:FAIL-t5,IN_PROGRESS
2022-10-18 21:56:08,767 [grpc-default-executor-3] INFO  server.GrpcLogAppender (GrpcLogAppender.java:onNext(421)) - omNode-1@group-523986131536->omNode-3-InstallSnapshotResponseHandler: InstallSnapshot in progress.
2022-10-18 21:56:08,768 [omNode-1@group-523986131536->omNode-3-GrpcLogAppender-LogAppenderDaemon] INFO  server.GrpcLogAppender (GrpcLogAppender.java:installSnapshot(541)) - omNode-1@group-523986131536->omNode-3-GrpcLogAppender: followerNextIndex = 57 but logStartIndex = 59, notify follower to install snapshot-(t:5, i:59)
2022-10-18 21:56:08,768 [omNode-1@group-523986131536->omNode-3-GrpcLogAppender-LogAppenderDaemon] INFO  server.GrpcLogAppender (GrpcLogAppender.java:installSnapshot(549)) - omNode-1@group-523986131536->omNode-3-GrpcLogAppender: send omNode-1->omNode-3#0-t5,notify:(t:5, i:59)
2022-10-18 21:56:08,769 [grpc-default-executor-3] INFO  impl.SnapshotInstallationHandler (SnapshotInstallationHandler.java:installSnapshot(84)) - omNode-3@group-523986131536: receive installSnapshot: omNode-1->omNode-3#0-t5,notify:(t:5, i:59)
2022-10-18 21:56:08,769 [omNode-3-server-thread1] INFO  server.RaftServer$Division (RaftServerImpl.java:checkInconsistentAppendEntries(1402)) - omNode-3@group-523986131536: Failed appendEntries as snapshot (59) installation is in progress
2022-10-18 21:56:08,769 [omNode-3-server-thread1] INFO  server.RaftServer$Division (RaftServerImpl.java:checkInconsistentAppendEntries(1394)) - omNode-3@group-523986131536: inconsistency entries. Reply:omNode-1<-omNode-3#625:FAIL-t5,INCONSISTENCY,nextIndex=57,followerCommit=56
2022-10-18 21:56:08,769 [grpc-default-executor-3] INFO  impl.SnapshotInstallationHandler (SnapshotInstallationHandler.java:installSnapshot(95)) - omNode-3@group-523986131536: reply installSnapshot: omNode-1<-omNode-3#0:FAIL-t5,IN_PROGRESS
2022-10-18 21:56:08,769 [grpc-default-executor-3] INFO  server.GrpcServerProtocolService (GrpcServerProtocolService.java:onCompleted(140)) - omNode-3: Completed INSTALL_SNAPSHOT, lastRequest: omNode-1->omNode-3#0-t5,notify:(t:5, i:59)
2022-10-18 21:56:08,770 [grpc-default-executor-3] INFO  leader.FollowerInfo (FollowerInfoImpl.java:lambda$new$0(48)) - omNode-1@group-523986131536->omNode-3: nextIndex: updateUnconditionally 57 -> 57
2022-10-18 21:56:08,770 [grpc-default-executor-3] INFO  server.GrpcLogAppender (GrpcLogAppender.java:onNext(403)) - omNode-1@group-523986131536->omNode-3-InstallSnapshotResponseHandler: received a reply omNode-1<-omNode-3#0:FAIL-t5,IN_PROGRESS
2022-10-18 21:56:08,770 [grpc-default-executor-3] INFO  server.GrpcLogAppender (GrpcLogAppender.java:onNext(421)) - omNode-1@group-523986131536->omNode-3-InstallSnapshotResponseHandler: InstallSnapshot in progress.
2022-10-18 21:56:08,770 [omNode-1@group-523986131536->omNode-3-GrpcLogAppender-LogAppenderDaemon] INFO  server.GrpcLogAppender (GrpcLogAppender.java:installSnapshot(541)) - omNode-1@group-523986131536->omNode-3-GrpcLogAppender: followerNextIndex = 57 but logStartIndex = 59, notify follower to install snapshot-(t:5, i:59)
2022-10-18 21:56:08,771 [omNode-1@group-523986131536->omNode-3-GrpcLogAppender-LogAppenderDaemon] INFO  server.GrpcLogAppender (GrpcLogAppender.java:installSnapshot(549)) - omNode-1@group-523986131536->omNode-3-GrpcLogAppender: send omNode-1->omNode-3#0-t5,notify:(t:5, i:59)
2022-10-18 21:56:08,771 [omNode-3-server-thread1] INFO  server.RaftServer$Division (RaftServerImpl.java:checkInconsistentAppendEntries(1402)) - omNode-3@group-523986131536: Failed appendEntries as snapshot (59) installation is in progress
2022-10-18 21:56:08,771 [omNode-3-server-thread1] INFO  server.RaftServer$Division (RaftServerImpl.java:checkInconsistentAppendEntries(1394)) - omNode-3@group-523986131536: inconsistency entries. Reply:omNode-1<-omNode-3#626:FAIL-t5,INCONSISTENCY,nextIndex=57,followerCommit=56
2022-10-18 21:56:08,772 [grpc-default-executor-3] INFO  impl.SnapshotInstallationHandler (SnapshotInstallationHandler.java:installSnapshot(84)) - omNode-3@group-523986131536: receive installSnapshot: omNode-1->omNode-3#0-t5,notify:(t:5, i:59)
2022-10-18 21:56:08,772 [grpc-default-executor-3] INFO  impl.SnapshotInstallationHandler (SnapshotInstallationHandler.java:installSnapshot(95)) - omNode-3@group-523986131536: reply installSnapshot: omNode-1<-omNode-3#0:FAIL-t5,IN_PROGRESS
2022-10-18 21:56:08,772 [grpc-default-executor-3] INFO  server.GrpcServerProtocolService (GrpcServerProtocolService.java:onCompleted(140)) - omNode-3: Completed INSTALL_SNAPSHOT, lastRequest: omNode-1->omNode-3#0-t5,notify:(t:5, i:59)
2022-10-18 21:56:08,772 [grpc-default-executor-3] INFO  leader.FollowerInfo (FollowerInfoImpl.java:lambda$new$0(48)) - omNode-1@group-523986131536->omNode-3: nextIndex: updateUnconditionally 57 -> 57
2022-10-18 21:56:08,773 [grpc-default-executor-3] INFO  server.GrpcLogAppender (GrpcLogAppender.java:onNext(403)) - omNode-1@group-523986131536->omNode-3-InstallSnapshotResponseHandler: received a reply omNode-1<-omNode-3#0:FAIL-t5,IN_PROGRESS
2022-10-18 21:56:08,773 [grpc-default-executor-3] INFO  server.GrpcLogAppender (GrpcLogAppender.java:onNext(421)) - omNode-1@group-523986131536->omNode-3-InstallSnapshotResponseHandler: InstallSnapshot in progress.
2022-10-18 21:56:08,773 [qtp2052251548-821] INFO  db.RDBCheckpointManager (RDBCheckpointManager.java:createCheckpoint(81)) - Created checkpoint at /home/runner/work/ozone/ozone/hadoop-ozone/integration-test/target/test-dir/MiniOzoneClusterImpl-285291dc-83a3-4c49-94f6-5e759e1760ea/omNode-1/db.checkpoints/om.db_checkpoint_1666130168741 in 32 milliseconds
2022-10-18 21:56:08,781 [omNode-1@group-523986131536->omNode-3-GrpcLogAppender-LogAppenderDaemon] INFO  server.GrpcLogAppender (GrpcLogAppender.java:installSnapshot(541)) - omNode-1@group-523986131536->omNode-3-GrpcLogAppender: followerNextIndex = 57 but logStartIndex = 59, notify follower to install snapshot-(t:5, i:59)
2022-10-18 21:56:08,781 [omNode-1@group-523986131536->omNode-3-GrpcLogAppender-LogAppenderDaemon] INFO  server.GrpcLogAppender (GrpcLogAppender.java:installSnapshot(549)) - omNode-1@group-523986131536->omNode-3-GrpcLogAppender: send omNode-1->omNode-3#0-t5,notify:(t:5, i:59)
2022-10-18 21:56:08,782 [grpc-default-executor-3] INFO  impl.SnapshotInstallationHandler (SnapshotInstallationHandler.java:installSnapshot(84)) - omNode-3@group-523986131536: receive installSnapshot: omNode-1->omNode-3#0-t5,notify:(t:5, i:59)
2022-10-18 21:56:08,782 [grpc-default-executor-3] INFO  impl.SnapshotInstallationHandler (SnapshotInstallationHandler.java:installSnapshot(95)) - omNode-3@group-523986131536: reply installSnapshot: omNode-1<-omNode-3#0:FAIL-t5,IN_PROGRESS
2022-10-18 21:56:08,782 [grpc-default-executor-3] INFO  server.GrpcServerProtocolService (GrpcServerProtocolService.java:onCompleted(140)) - omNode-3: Completed INSTALL_SNAPSHOT, lastRequest: omNode-1->omNode-3#0-t5,notify:(t:5, i:59)
2022-10-18 21:56:08,782 [omNode-3-server-thread1] INFO  server.RaftServer$Division (RaftServerImpl.java:checkInconsistentAppendEntries(1402)) - omNode-3@group-523986131536: Failed appendEntries as snapshot (59) installation is in progress
2022-10-18 21:56:08,782 [omNode-3-server-thread1] INFO  server.RaftServer$Division (RaftServerImpl.java:checkInconsistentAppendEntries(1394)) - omNode-3@group-523986131536: inconsistency entries. Reply:omNode-1<-omNode-3#627:FAIL-t5,INCONSISTENCY,nextIndex=57,followerCommit=56
2022-10-18 21:56:08,783 [grpc-default-executor-0] INFO  server.GrpcLogAppender (GrpcLogAppender.java:onNext(403)) - omNode-1@group-523986131536->omNode-3-InstallSnapshotResponseHandler: received a reply omNode-1<-omNode-3#0:FAIL-t5,IN_PROGRESS
2022-10-18 21:56:08,783 [grpc-default-executor-0] INFO  server.GrpcLogAppender (GrpcLogAppender.java:onNext(421)) - omNode-1@group-523986131536->omNode-3-InstallSnapshotResponseHandler: InstallSnapshot in progress.
2022-10-18 21:56:08,783 [grpc-default-executor-3] INFO  leader.FollowerInfo (FollowerInfoImpl.java:lambda$new$0(48)) - omNode-1@group-523986131536->omNode-3: nextIndex: updateUnconditionally 57 -> 57
2022-10-18 21:56:08,783 [omNode-1@group-523986131536->omNode-3-GrpcLogAppender-LogAppenderDaemon] INFO  server.GrpcLogAppender (GrpcLogAppender.java:installSnapshot(541)) - omNode-1@group-523986131536->omNode-3-GrpcLogAppender: followerNextIndex = 57 but logStartIndex = 59, notify follower to install snapshot-(t:5, i:59)
2022-10-18 21:56:08,783 [omNode-1@group-523986131536->omNode-3-GrpcLogAppender-LogAppenderDaemon] INFO  server.GrpcLogAppender (GrpcLogAppender.java:installSnapshot(549)) - omNode-1@group-523986131536->omNode-3-GrpcLogAppender: send omNode-1->omNode-3#0-t5,notify:(t:5, i:59)
2022-10-18 21:56:08,783 [omNode-3-server-thread1] INFO  server.RaftServer$Division (RaftServerImpl.java:checkInconsistentAppendEntries(1402)) - omNode-3@group-523986131536: Failed appendEntries as snapshot (59) installation is in progress
2022-10-18 21:56:08,783 [omNode-3-server-thread1] INFO  server.RaftServer$Division (RaftServerImpl.java:checkInconsistentAppendEntries(1394)) - omNode-3@group-523986131536: inconsistency entries. Reply:omNode-1<-omNode-3#628:FAIL-t5,INCONSISTENCY,nextIndex=57,followerCommit=56
2022-10-18 21:56:08,784 [grpc-default-executor-3] INFO  leader.FollowerInfo (FollowerInfoImpl.java:lambda$new$0(48)) - omNode-1@group-523986131536->omNode-3: nextIndex: updateUnconditionally 57 -> 57
2022-10-18 21:56:08,784 [grpc-default-executor-0] INFO  impl.SnapshotInstallationHandler (SnapshotInstallationHandler.java:installSnapshot(84)) - omNode-3@group-523986131536: receive installSnapshot: omNode-1->omNode-3#0-t5,notify:(t:5, i:59)
2022-10-18 21:56:08,784 [grpc-default-executor-0] INFO  impl.SnapshotInstallationHandler (SnapshotInstallationHandler.java:installSnapshot(95)) - omNode-3@group-523986131536: reply installSnapshot: omNode-1<-omNode-3#0:FAIL-t5,IN_PROGRESS
2022-10-18 21:56:08,785 [grpc-default-executor-0] INFO  server.GrpcServerProtocolService (GrpcServerProtocolService.java:onCompleted(140)) - omNode-3: Completed INSTALL_SNAPSHOT, lastRequest: omNode-1->omNode-3#0-t5,notify:(t:5, i:59)
2022-10-18 21:56:08,786 [grpc-default-executor-0] INFO  server.GrpcLogAppender (GrpcLogAppender.java:onNext(403)) - omNode-1@group-523986131536->omNode-3-InstallSnapshotResponseHandler: received a reply omNode-1<-omNode-3#0:FAIL-t5,IN_PROGRESS
2022-10-18 21:56:08,786 [grpc-default-executor-0] INFO  server.GrpcLogAppender (GrpcLogAppender.java:onNext(421)) - omNode-1@group-523986131536->omNode-3-InstallSnapshotResponseHandler: InstallSnapshot in progress.
2022-10-18 21:56:08,786 [omNode-1@group-523986131536->omNode-3-GrpcLogAppender-LogAppenderDaemon] INFO  server.GrpcLogAppender (GrpcLogAppender.java:installSnapshot(541)) - omNode-1@group-523986131536->omNode-3-GrpcLogAppender: followerNextIndex = 57 but logStartIndex = 59, notify follower to install snapshot-(t:5, i:59)
2022-10-18 21:56:08,786 [omNode-1@group-523986131536->omNode-3-GrpcLogAppender-LogAppenderDaemon] INFO  server.GrpcLogAppender (GrpcLogAppender.java:installSnapshot(549)) - omNode-1@group-523986131536->omNode-3-GrpcLogAppender: send omNode-1->omNode-3#0-t5,notify:(t:5, i:59)
2022-10-18 21:56:08,787 [omNode-3-server-thread1] INFO  server.RaftServer$Division (RaftServerImpl.java:checkInconsistentAppendEntries(1402)) - omNode-3@group-523986131536: Failed appendEntries as snapshot (59) installation is in progress
2022-10-18 21:56:08,787 [grpc-default-executor-3] INFO  impl.SnapshotInstallationHandler (SnapshotInstallationHandler.java:installSnapshot(84)) - omNode-3@group-523986131536: receive installSnapshot: omNode-1->omNode-3#0-t5,notify:(t:5, i:59)
2022-10-18 21:56:08,787 [omNode-3-server-thread1] INFO  server.RaftServer$Division (RaftServerImpl.java:checkInconsistentAppendEntries(1394)) - omNode-3@group-523986131536: inconsistency entries. Reply:omNode-1<-omNode-3#629:FAIL-t5,INCONSISTENCY,nextIndex=57,followerCommit=56
2022-10-18 21:56:08,787 [grpc-default-executor-3] INFO  impl.SnapshotInstallationHandler (SnapshotInstallationHandler.java:installSnapshot(95)) - omNode-3@group-523986131536: reply installSnapshot: omNode-1<-omNode-3#0:FAIL-t5,IN_PROGRESS
2022-10-18 21:56:08,788 [grpc-default-executor-3] INFO  server.GrpcServerProtocolService (GrpcServerProtocolService.java:onCompleted(140)) - omNode-3: Completed INSTALL_SNAPSHOT, lastRequest: omNode-1->omNode-3#0-t5,notify:(t:5, i:59)
2022-10-18 21:56:08,788 [grpc-default-executor-3] INFO  leader.FollowerInfo (FollowerInfoImpl.java:lambda$new$0(48)) - omNode-1@group-523986131536->omNode-3: nextIndex: updateUnconditionally 57 -> 57
2022-10-18 21:56:08,788 [grpc-default-executor-3] INFO  server.GrpcLogAppender (GrpcLogAppender.java:onNext(403)) - omNode-1@group-523986131536->omNode-3-InstallSnapshotResponseHandler: received a reply omNode-1<-omNode-3#0:FAIL-t5,IN_PROGRESS
2022-10-18 21:56:08,788 [grpc-default-executor-3] INFO  server.GrpcLogAppender (GrpcLogAppender.java:onNext(421)) - omNode-1@group-523986131536->omNode-3-InstallSnapshotResponseHandler: InstallSnapshot in progress.
2022-10-18 21:56:08,788 [omNode-1@group-523986131536->omNode-3-GrpcLogAppender-LogAppenderDaemon] INFO  server.GrpcLogAppender (GrpcLogAppender.java:installSnapshot(541)) - omNode-1@group-523986131536->omNode-3-GrpcLogAppender: followerNextIndex = 57 but logStartIndex = 59, notify follower to install snapshot-(t:5, i:59)
2022-10-18 21:56:08,788 [omNode-1@group-523986131536->omNode-3-GrpcLogAppender-LogAppenderDaemon] INFO  server.GrpcLogAppender (GrpcLogAppender.java:installSnapshot(549)) - omNode-1@group-523986131536->omNode-3-GrpcLogAppender: send omNode-1->omNode-3#0-t5,notify:(t:5, i:59)
2022-10-18 21:56:08,789 [grpc-default-executor-3] INFO  impl.SnapshotInstallationHandler (SnapshotInstallationHandler.java:installSnapshot(84)) - omNode-3@group-523986131536: receive installSnapshot: omNode-1->omNode-3#0-t5,notify:(t:5, i:59)
2022-10-18 21:56:08,789 [omNode-3-server-thread1] INFO  server.RaftServer$Division (RaftServerImpl.java:checkInconsistentAppendEntries(1402)) - omNode-3@group-523986131536: Failed appendEntries as snapshot (59) installation is in progress
2022-10-18 21:56:08,789 [omNode-3-server-thread1] INFO  server.RaftServer$Division (RaftServerImpl.java:checkInconsistentAppendEntries(1394)) - omNode-3@group-523986131536: inconsistency entries. Reply:omNode-1<-omNode-3#630:FAIL-t5,INCONSISTENCY,nextIndex=57,followerCommit=56
2022-10-18 21:56:08,789 [grpc-default-executor-3] INFO  impl.SnapshotInstallationHandler (SnapshotInstallationHandler.java:installSnapshot(95)) - omNode-3@group-523986131536: reply installSnapshot: omNode-1<-omNode-3#0:FAIL-t5,IN_PROGRESS
2022-10-18 21:56:08,790 [grpc-default-executor-3] INFO  server.GrpcServerProtocolService (GrpcServerProtocolService.java:onCompleted(140)) - omNode-3: Completed INSTALL_SNAPSHOT, lastRequest: omNode-1->omNode-3#0-t5,notify:(t:5, i:59)
2022-10-18 21:56:08,790 [grpc-default-executor-3] INFO  leader.FollowerInfo (FollowerInfoImpl.java:lambda$new$0(48)) - omNode-1@group-523986131536->omNode-3: nextIndex: updateUnconditionally 57 -> 57
2022-10-18 21:56:08,790 [grpc-default-executor-3] INFO  server.GrpcLogAppender (GrpcLogAppender.java:onNext(403)) - omNode-1@group-523986131536->omNode-3-InstallSnapshotResponseHandler: received a reply omNode-1<-omNode-3#0:FAIL-t5,IN_PROGRESS
2022-10-18 21:56:08,790 [grpc-default-executor-3] INFO  server.GrpcLogAppender (GrpcLogAppender.java:onNext(421)) - omNode-1@group-523986131536->omNode-3-InstallSnapshotResponseHandler: InstallSnapshot in progress.
2022-10-18 21:56:08,790 [omNode-1@group-523986131536->omNode-3-GrpcLogAppender-LogAppenderDaemon] INFO  server.GrpcLogAppender (GrpcLogAppender.java:installSnapshot(541)) - omNode-1@group-523986131536->omNode-3-GrpcLogAppender: followerNextIndex = 57 but logStartIndex = 59, notify follower to install snapshot-(t:5, i:59)
2022-10-18 21:56:08,790 [omNode-1@group-523986131536->omNode-3-GrpcLogAppender-LogAppenderDaemon] INFO  server.GrpcLogAppender (GrpcLogAppender.java:installSnapshot(549)) - omNode-1@group-523986131536->omNode-3-GrpcLogAppender: send omNode-1->omNode-3#0-t5,notify:(t:5, i:59)
2022-10-18 21:56:08,791 [grpc-default-executor-3] INFO  impl.SnapshotInstallationHandler (SnapshotInstallationHandler.java:installSnapshot(84)) - omNode-3@group-523986131536: receive installSnapshot: omNode-1->omNode-3#0-t5,notify:(t:5, i:59)
2022-10-18 21:56:08,791 [omNode-3-server-thread1] INFO  server.RaftServer$Division (RaftServerImpl.java:checkInconsistentAppendEntries(1402)) - omNode-3@group-523986131536: Failed appendEntries as snapshot (59) installation is in progress
2022-10-18 21:56:08,791 [omNode-3-server-thread1] INFO  server.RaftServer$Division (RaftServerImpl.java:checkInconsistentAppendEntries(1394)) - omNode-3@group-523986131536: inconsistency entries. Reply:omNode-1<-omNode-3#631:FAIL-t5,INCONSISTENCY,nextIndex=57,followerCommit=56
2022-10-18 21:56:08,791 [grpc-default-executor-3] INFO  impl.SnapshotInstallationHandler (SnapshotInstallationHandler.java:installSnapshot(95)) - omNode-3@group-523986131536: reply installSnapshot: omNode-1<-omNode-3#0:FAIL-t5,IN_PROGRESS
2022-10-18 21:56:08,791 [grpc-default-executor-3] INFO  server.GrpcServerProtocolService (GrpcServerProtocolService.java:onCompleted(140)) - omNode-3: Completed INSTALL_SNAPSHOT, lastRequest: omNode-1->omNode-3#0-t5,notify:(t:5, i:59)
2022-10-18 21:56:08,792 [grpc-default-executor-3] INFO  leader.FollowerInfo (FollowerInfoImpl.java:lambda$new$0(48)) - omNode-1@group-523986131536->omNode-3: nextIndex: updateUnconditionally 57 -> 57
2022-10-18 21:56:08,792 [grpc-default-executor-3] INFO  server.GrpcLogAppender (GrpcLogAppender.java:onNext(403)) - omNode-1@group-523986131536->omNode-3-InstallSnapshotResponseHandler: received a reply omNode-1<-omNode-3#0:FAIL-t5,IN_PROGRESS
2022-10-18 21:56:08,792 [grpc-default-executor-3] INFO  server.GrpcLogAppender (GrpcLogAppender.java:onNext(421)) - omNode-1@group-523986131536->omNode-3-InstallSnapshotResponseHandler: InstallSnapshot in progress.
2022-10-18 21:56:08,792 [omNode-1@group-523986131536->omNode-3-GrpcLogAppender-LogAppenderDaemon] INFO  server.GrpcLogAppender (GrpcLogAppender.java:installSnapshot(541)) - omNode-1@group-523986131536->omNode-3-GrpcLogAppender: followerNextIndex = 57 but logStartIndex = 59, notify follower to install snapshot-(t:5, i:59)
2022-10-18 21:56:08,792 [omNode-1@group-523986131536->omNode-3-GrpcLogAppender-LogAppenderDaemon] INFO  server.GrpcLogAppender (GrpcLogAppender.java:installSnapshot(549)) - omNode-1@group-523986131536->omNode-3-GrpcLogAppender: send omNode-1->omNode-3#0-t5,notify:(t:5, i:59)
2022-10-18 21:56:08,793 [grpc-default-executor-3] INFO  impl.SnapshotInstallationHandler (SnapshotInstallationHandler.java:installSnapshot(84)) - omNode-3@group-523986131536: receive installSnapshot: omNode-1->omNode-3#0-t5,notify:(t:5, i:59)
2022-10-18 21:56:08,793 [omNode-3-server-thread1] INFO  server.RaftServer$Division (RaftServerImpl.java:checkInconsistentAppendEntries(1402)) - omNode-3@group-523986131536: Failed appendEntries as snapshot (59) installation is in progress
2022-10-18 21:56:08,793 [omNode-3-server-thread1] INFO  server.RaftServer$Division (RaftServerImpl.java:checkInconsistentAppendEntries(1394)) - omNode-3@group-523986131536: inconsistency entries. Reply:omNode-1<-omNode-3#632:FAIL-t5,INCONSISTENCY,nextIndex=57,followerCommit=56
2022-10-18 21:56:08,793 [grpc-default-executor-3] INFO  impl.SnapshotInstallationHandler (SnapshotInstallationHandler.java:installSnapshot(95)) - omNode-3@group-523986131536: reply installSnapshot: omNode-1<-omNode-3#0:FAIL-t5,IN_PROGRESS
2022-10-18 21:56:08,793 [grpc-default-executor-3] INFO  server.GrpcServerProtocolService (GrpcServerProtocolService.java:onCompleted(140)) - omNode-3: Completed INSTALL_SNAPSHOT, lastRequest: omNode-1->omNode-3#0-t5,notify:(t:5, i:59)
2022-10-18 21:56:08,793 [grpc-default-executor-3] INFO  leader.FollowerInfo (FollowerInfoImpl.java:lambda$new$0(48)) - omNode-1@group-523986131536->omNode-3: nextIndex: updateUnconditionally 57 -> 57
2022-10-18 21:56:08,794 [grpc-default-executor-3] INFO  server.GrpcLogAppender (GrpcLogAppender.java:onNext(403)) - omNode-1@group-523986131536->omNode-3-InstallSnapshotResponseHandler: received a reply omNode-1<-omNode-3#0:FAIL-t5,IN_PROGRESS
2022-10-18 21:56:08,794 [grpc-default-executor-3] INFO  server.GrpcLogAppender (GrpcLogAppender.java:onNext(421)) - omNode-1@group-523986131536->omNode-3-InstallSnapshotResponseHandler: InstallSnapshot in progress.
2022-10-18 21:56:08,794 [omNode-1@group-523986131536->omNode-3-GrpcLogAppender-LogAppenderDaemon] INFO  server.GrpcLogAppender (GrpcLogAppender.java:installSnapshot(541)) - omNode-1@group-523986131536->omNode-3-GrpcLogAppender: followerNextIndex = 57 but logStartIndex = 59, notify follower to install snapshot-(t:5, i:59)
2022-10-18 21:56:08,794 [omNode-1@group-523986131536->omNode-3-GrpcLogAppender-LogAppenderDaemon] INFO  server.GrpcLogAppender (GrpcLogAppender.java:installSnapshot(549)) - omNode-1@group-523986131536->omNode-3-GrpcLogAppender: send omNode-1->omNode-3#0-t5,notify:(t:5, i:59)
2022-10-18 21:56:08,794 [grpc-default-executor-3] INFO  impl.SnapshotInstallationHandler (SnapshotInstallationHandler.java:installSnapshot(84)) - omNode-3@group-523986131536: receive installSnapshot: omNode-1->omNode-3#0-t5,notify:(t:5, i:59)
2022-10-18 21:56:08,795 [omNode-3-server-thread1] INFO  server.RaftServer$Division (RaftServerImpl.java:checkInconsistentAppendEntries(1402)) - omNode-3@group-523986131536: Failed appendEntries as snapshot (59) installation is in progress
2022-10-18 21:56:08,795 [omNode-3-server-thread1] INFO  server.RaftServer$Division (RaftServerImpl.java:checkInconsistentAppendEntries(1394)) - omNode-3@group-523986131536: inconsistency entries. Reply:omNode-1<-omNode-3#633:FAIL-t5,INCONSISTENCY,nextIndex=57,followerCommit=56
2022-10-18 21:56:08,795 [grpc-default-executor-3] INFO  impl.SnapshotInstallationHandler (SnapshotInstallationHandler.java:installSnapshot(95)) - omNode-3@group-523986131536: reply installSnapshot: omNode-1<-omNode-3#0:FAIL-t5,IN_PROGRESS
2022-10-18 21:56:08,795 [grpc-default-executor-3] INFO  server.GrpcServerProtocolService (GrpcServerProtocolService.java:onCompleted(140)) - omNode-3: Completed INSTALL_SNAPSHOT, lastRequest: omNode-1->omNode-3#0-t5,notify:(t:5, i:59)
2022-10-18 21:56:08,795 [grpc-default-executor-3] INFO  leader.FollowerInfo (FollowerInfoImpl.java:lambda$new$0(48)) - omNode-1@group-523986131536->omNode-3: nextIndex: updateUnconditionally 57 -> 57
2022-10-18 21:56:08,795 [grpc-default-executor-3] INFO  server.GrpcLogAppender (GrpcLogAppender.java:onNext(403)) - omNode-1@group-523986131536->omNode-3-InstallSnapshotResponseHandler: received a reply omNode-1<-omNode-3#0:FAIL-t5,IN_PROGRESS
2022-10-18 21:56:08,795 [grpc-default-executor-3] INFO  server.GrpcLogAppender (GrpcLogAppender.java:onNext(421)) - omNode-1@group-523986131536->omNode-3-InstallSnapshotResponseHandler: InstallSnapshot in progress.
2022-10-18 21:56:08,796 [omNode-1@group-523986131536->omNode-3-GrpcLogAppender-LogAppenderDaemon] INFO  server.GrpcLogAppender (GrpcLogAppender.java:installSnapshot(541)) - omNode-1@group-523986131536->omNode-3-GrpcLogAppender: followerNextIndex = 57 but logStartIndex = 59, notify follower to install snapshot-(t:5, i:59)
2022-10-18 21:56:08,796 [omNode-1@group-523986131536->omNode-3-GrpcLogAppender-LogAppenderDaemon] INFO  server.GrpcLogAppender (GrpcLogAppender.java:installSnapshot(549)) - omNode-1@group-523986131536->omNode-3-GrpcLogAppender: send omNode-1->omNode-3#0-t5,notify:(t:5, i:59)
2022-10-18 21:56:08,796 [grpc-default-executor-3] INFO  impl.SnapshotInstallationHandler (SnapshotInstallationHandler.java:installSnapshot(84)) - omNode-3@group-523986131536: receive installSnapshot: omNode-1->omNode-3#0-t5,notify:(t:5, i:59)
2022-10-18 21:56:08,796 [omNode-3-server-thread1] INFO  server.RaftServer$Division (RaftServerImpl.java:checkInconsistentAppendEntries(1402)) - omNode-3@group-523986131536: Failed appendEntries as snapshot (59) installation is in progress
2022-10-18 21:56:08,796 [omNode-3-server-thread1] INFO  server.RaftServer$Division (RaftServerImpl.java:checkInconsistentAppendEntries(1394)) - omNode-3@group-523986131536: inconsistency entries. Reply:omNode-1<-omNode-3#634:FAIL-t5,INCONSISTENCY,nextIndex=57,followerCommit=56
2022-10-18 21:56:08,797 [grpc-default-executor-3] INFO  impl.SnapshotInstallationHandler (SnapshotInstallationHandler.java:installSnapshot(95)) - omNode-3@group-523986131536: reply installSnapshot: omNode-1<-omNode-3#0:FAIL-t5,IN_PROGRESS
2022-10-18 21:56:08,797 [grpc-default-executor-3] INFO  server.GrpcServerProtocolService (GrpcServerProtocolService.java:onCompleted(140)) - omNode-3: Completed INSTALL_SNAPSHOT, lastRequest: omNode-1->omNode-3#0-t5,notify:(t:5, i:59)
2022-10-18 21:56:08,797 [grpc-default-executor-3] INFO  leader.FollowerInfo (FollowerInfoImpl.java:lambda$new$0(48)) - omNode-1@group-523986131536->omNode-3: nextIndex: updateUnconditionally 57 -> 57
2022-10-18 21:56:08,797 [grpc-default-executor-3] INFO  server.GrpcLogAppender (GrpcLogAppender.java:onNext(403)) - omNode-1@group-523986131536->omNode-3-InstallSnapshotResponseHandler: received a reply omNode-1<-omNode-3#0:FAIL-t5,IN_PROGRESS
2022-10-18 21:56:08,797 [grpc-default-executor-3] INFO  server.GrpcLogAppender (GrpcLogAppender.java:onNext(421)) - omNode-1@group-523986131536->omNode-3-InstallSnapshotResponseHandler: InstallSnapshot in progress.
2022-10-18 21:56:08,797 [omNode-1@group-523986131536->omNode-3-GrpcLogAppender-LogAppenderDaemon] INFO  server.GrpcLogAppender (GrpcLogAppender.java:installSnapshot(541)) - omNode-1@group-523986131536->omNode-3-GrpcLogAppender: followerNextIndex = 57 but logStartIndex = 59, notify follower to install snapshot-(t:5, i:59)
2022-10-18 21:56:08,798 [omNode-1@group-523986131536->omNode-3-GrpcLogAppender-LogAppenderDaemon] INFO  server.GrpcLogAppender (GrpcLogAppender.java:installSnapshot(549)) - omNode-1@group-523986131536->omNode-3-GrpcLogAppender: send omNode-1->omNode-3#0-t5,notify:(t:5, i:59)
2022-10-18 21:56:08,798 [grpc-default-executor-3] INFO  impl.SnapshotInstallationHandler (SnapshotInstallationHandler.java:installSnapshot(84)) - omNode-3@group-523986131536: receive installSnapshot: omNode-1->omNode-3#0-t5,notify:(t:5, i:59)
2022-10-18 21:56:08,798 [omNode-3-server-thread1] INFO  server.RaftServer$Division (RaftServerImpl.java:checkInconsistentAppendEntries(1402)) - omNode-3@group-523986131536: Failed appendEntries as snapshot (59) installation is in progress
2022-10-18 21:56:08,798 [omNode-3-server-thread1] INFO  server.RaftServer$Division (RaftServerImpl.java:checkInconsistentAppendEntries(1394)) - omNode-3@group-523986131536: inconsistency entries. Reply:omNode-1<-omNode-3#635:FAIL-t5,INCONSISTENCY,nextIndex=57,followerCommit=56
2022-10-18 21:56:08,798 [grpc-default-executor-3] INFO  impl.SnapshotInstallationHandler (SnapshotInstallationHandler.java:installSnapshot(95)) - omNode-3@group-523986131536: reply installSnapshot: omNode-1<-omNode-3#0:FAIL-t5,IN_PROGRESS
2022-10-18 21:56:08,799 [grpc-default-executor-3] INFO  server.GrpcServerProtocolService (GrpcServerProtocolService.java:onCompleted(140)) - omNode-3: Completed INSTALL_SNAPSHOT, lastRequest: omNode-1->omNode-3#0-t5,notify:(t:5, i:59)
2022-10-18 21:56:08,799 [grpc-default-executor-3] INFO  leader.FollowerInfo (FollowerInfoImpl.java:lambda$new$0(48)) - omNode-1@group-523986131536->omNode-3: nextIndex: updateUnconditionally 57 -> 57
2022-10-18 21:56:08,799 [grpc-default-executor-3] INFO  server.GrpcLogAppender (GrpcLogAppender.java:onNext(403)) - omNode-1@group-523986131536->omNode-3-InstallSnapshotResponseHandler: received a reply omNode-1<-omNode-3#0:FAIL-t5,IN_PROGRESS
2022-10-18 21:56:08,799 [grpc-default-executor-3] INFO  server.GrpcLogAppender (GrpcLogAppender.java:onNext(421)) - omNode-1@group-523986131536->omNode-3-InstallSnapshotResponseHandler: InstallSnapshot in progress.
2022-10-18 21:56:08,801 [omNode-1@group-523986131536->omNode-3-GrpcLogAppender-LogAppenderDaemon] INFO  server.GrpcLogAppender (GrpcLogAppender.java:installSnapshot(541)) - omNode-1@group-523986131536->omNode-3-GrpcLogAppender: followerNextIndex = 57 but logStartIndex = 59, notify follower to install snapshot-(t:5, i:59)
2022-10-18 21:56:08,801 [omNode-1@group-523986131536->omNode-3-GrpcLogAppender-LogAppenderDaemon] INFO  server.GrpcLogAppender (GrpcLogAppender.java:installSnapshot(549)) - omNode-1@group-523986131536->omNode-3-GrpcLogAppender: send omNode-1->omNode-3#0-t5,notify:(t:5, i:59)
2022-10-18 21:56:08,802 [grpc-default-executor-3] INFO  impl.SnapshotInstallationHandler (SnapshotInstallationHandler.java:installSnapshot(84)) - omNode-3@group-523986131536: receive installSnapshot: omNode-1->omNode-3#0-t5,notify:(t:5, i:59)
2022-10-18 21:56:08,802 [omNode-3-server-thread1] INFO  server.RaftServer$Division (RaftServerImpl.java:checkInconsistentAppendEntries(1402)) - omNode-3@group-523986131536: Failed appendEntries as snapshot (59) installation is in progress
2022-10-18 21:56:08,802 [omNode-3-server-thread1] INFO  server.RaftServer$Division (RaftServerImpl.java:checkInconsistentAppendEntries(1394)) - omNode-3@group-523986131536: inconsistency entries. Reply:omNode-1<-omNode-3#636:FAIL-t5,INCONSISTENCY,nextIndex=57,followerCommit=56
2022-10-18 21:56:08,802 [grpc-default-executor-3] INFO  impl.SnapshotInstallationHandler (SnapshotInstallationHandler.java:installSnapshot(95)) - omNode-3@group-523986131536: reply installSnapshot: omNode-1<-omNode-3#0:FAIL-t5,IN_PROGRESS
2022-10-18 21:56:08,802 [grpc-default-executor-3] INFO  server.GrpcServerProtocolService (GrpcServerProtocolService.java:onCompleted(140)) - omNode-3: Completed INSTALL_SNAPSHOT, lastRequest: omNode-1->omNode-3#0-t5,notify:(t:5, i:59)
2022-10-18 21:56:08,802 [grpc-default-executor-3] INFO  leader.FollowerInfo (FollowerInfoImpl.java:lambda$new$0(48)) - omNode-1@group-523986131536->omNode-3: nextIndex: updateUnconditionally 57 -> 57
2022-10-18 21:56:08,802 [grpc-default-executor-3] INFO  server.GrpcLogAppender (GrpcLogAppender.java:onNext(403)) - omNode-1@group-523986131536->omNode-3-InstallSnapshotResponseHandler: received a reply omNode-1<-omNode-3#0:FAIL-t5,IN_PROGRESS
2022-10-18 21:56:08,802 [grpc-default-executor-3] INFO  server.GrpcLogAppender (GrpcLogAppender.java:onNext(421)) - omNode-1@group-523986131536->omNode-3-InstallSnapshotResponseHandler: InstallSnapshot in progress.
2022-10-18 21:56:08,803 [omNode-1@group-523986131536->omNode-3-GrpcLogAppender-LogAppenderDaemon] INFO  server.GrpcLogAppender (GrpcLogAppender.java:installSnapshot(541)) - omNode-1@group-523986131536->omNode-3-GrpcLogAppender: followerNextIndex = 57 but logStartIndex = 59, notify follower to install snapshot-(t:5, i:59)
2022-10-18 21:56:08,803 [omNode-1@group-523986131536->omNode-3-GrpcLogAppender-LogAppenderDaemon] INFO  server.GrpcLogAppender (GrpcLogAppender.java:installSnapshot(549)) - omNode-1@group-523986131536->omNode-3-GrpcLogAppender: send omNode-1->omNode-3#0-t5,notify:(t:5, i:59)
2022-10-18 21:56:08,803 [grpc-default-executor-3] INFO  impl.SnapshotInstallationHandler (SnapshotInstallationHandler.java:installSnapshot(84)) - omNode-3@group-523986131536: receive installSnapshot: omNode-1->omNode-3#0-t5,notify:(t:5, i:59)
2022-10-18 21:56:08,803 [omNode-3-server-thread1] INFO  server.RaftServer$Division (RaftServerImpl.java:checkInconsistentAppendEntries(1402)) - omNode-3@group-523986131536: Failed appendEntries as snapshot (59) installation is in progress
2022-10-18 21:56:08,803 [omNode-3-server-thread1] INFO  server.RaftServer$Division (RaftServerImpl.java:checkInconsistentAppendEntries(1394)) - omNode-3@group-523986131536: inconsistency entries. Reply:omNode-1<-omNode-3#637:FAIL-t5,INCONSISTENCY,nextIndex=57,followerCommit=56
2022-10-18 21:56:08,803 [grpc-default-executor-3] INFO  impl.SnapshotInstallationHandler (SnapshotInstallationHandler.java:installSnapshot(95)) - omNode-3@group-523986131536: reply installSnapshot: omNode-1<-omNode-3#0:FAIL-t5,IN_PROGRESS
2022-10-18 21:56:08,804 [grpc-default-executor-3] INFO  server.GrpcServerProtocolService (GrpcServerProtocolService.java:onCompleted(140)) - omNode-3: Completed INSTALL_SNAPSHOT, lastRequest: omNode-1->omNode-3#0-t5,notify:(t:5, i:59)
2022-10-18 21:56:08,804 [grpc-default-executor-3] INFO  leader.FollowerInfo (FollowerInfoImpl.java:lambda$new$0(48)) - omNode-1@group-523986131536->omNode-3: nextIndex: updateUnconditionally 57 -> 57
2022-10-18 21:56:08,804 [grpc-default-executor-3] INFO  server.GrpcLogAppender (GrpcLogAppender.java:onNext(403)) - omNode-1@group-523986131536->omNode-3-InstallSnapshotResponseHandler: received a reply omNode-1<-omNode-3#0:FAIL-t5,IN_PROGRESS
2022-10-18 21:56:08,804 [grpc-default-executor-3] INFO  server.GrpcLogAppender (GrpcLogAppender.java:onNext(421)) - omNode-1@group-523986131536->omNode-3-InstallSnapshotResponseHandler: InstallSnapshot in progress.
2022-10-18 21:56:08,804 [omNode-1@group-523986131536->omNode-3-GrpcLogAppender-LogAppenderDaemon] INFO  server.GrpcLogAppender (GrpcLogAppender.java:installSnapshot(541)) - omNode-1@group-523986131536->omNode-3-GrpcLogAppender: followerNextIndex = 57 but logStartIndex = 59, notify follower to install snapshot-(t:5, i:59)
2022-10-18 21:56:08,804 [omNode-1@group-523986131536->omNode-3-GrpcLogAppender-LogAppenderDaemon] INFO  server.GrpcLogAppender (GrpcLogAppender.java:installSnapshot(549)) - omNode-1@group-523986131536->omNode-3-GrpcLogAppender: send omNode-1->omNode-3#0-t5,notify:(t:5, i:59)
2022-10-18 21:56:08,805 [grpc-default-executor-3] INFO  impl.SnapshotInstallationHandler (SnapshotInstallationHandler.java:installSnapshot(84)) - omNode-3@group-523986131536: receive installSnapshot: omNode-1->omNode-3#0-t5,notify:(t:5, i:59)
2022-10-18 21:56:08,805 [omNode-3-server-thread1] INFO  server.RaftServer$Division (RaftServerImpl.java:checkInconsistentAppendEntries(1402)) - omNode-3@group-523986131536: Failed appendEntries as snapshot (59) installation is in progress
2022-10-18 21:56:08,805 [omNode-3-server-thread1] INFO  server.RaftServer$Division (RaftServerImpl.java:checkInconsistentAppendEntries(1394)) - omNode-3@group-523986131536: inconsistency entries. Reply:omNode-1<-omNode-3#638:FAIL-t5,INCONSISTENCY,nextIndex=57,followerCommit=56
2022-10-18 21:56:08,805 [grpc-default-executor-3] INFO  impl.SnapshotInstallationHandler (SnapshotInstallationHandler.java:installSnapshot(95)) - omNode-3@group-523986131536: reply installSnapshot: omNode-1<-omNode-3#0:FAIL-t5,IN_PROGRESS
2022-10-18 21:56:08,805 [grpc-default-executor-3] INFO  server.GrpcServerProtocolService (GrpcServerProtocolService.java:onCompleted(140)) - omNode-3: Completed INSTALL_SNAPSHOT, lastRequest: omNode-1->omNode-3#0-t5,notify:(t:5, i:59)
2022-10-18 21:56:08,806 [grpc-default-executor-3] INFO  leader.FollowerInfo (FollowerInfoImpl.java:lambda$new$0(48)) - omNode-1@group-523986131536->omNode-3: nextIndex: updateUnconditionally 57 -> 57
2022-10-18 21:56:08,806 [grpc-default-executor-3] INFO  server.GrpcLogAppender (GrpcLogAppender.java:onNext(403)) - omNode-1@group-523986131536->omNode-3-InstallSnapshotResponseHandler: received a reply omNode-1<-omNode-3#0:FAIL-t5,IN_PROGRESS
2022-10-18 21:56:08,806 [grpc-default-executor-3] INFO  server.GrpcLogAppender (GrpcLogAppender.java:onNext(421)) - omNode-1@group-523986131536->omNode-3-InstallSnapshotResponseHandler: InstallSnapshot in progress.
2022-10-18 21:56:08,806 [omNode-1@group-523986131536->omNode-3-GrpcLogAppender-LogAppenderDaemon] INFO  server.GrpcLogAppender (GrpcLogAppender.java:installSnapshot(541)) - omNode-1@group-523986131536->omNode-3-GrpcLogAppender: followerNextIndex = 57 but logStartIndex = 59, notify follower to install snapshot-(t:5, i:59)
2022-10-18 21:56:08,806 [omNode-1@group-523986131536->omNode-3-GrpcLogAppender-LogAppenderDaemon] INFO  server.GrpcLogAppender (GrpcLogAppender.java:installSnapshot(549)) - omNode-1@group-523986131536->omNode-3-GrpcLogAppender: send omNode-1->omNode-3#0-t5,notify:(t:5, i:59)
2022-10-18 21:56:08,807 [grpc-default-executor-3] INFO  impl.SnapshotInstallationHandler (SnapshotInstallationHandler.java:installSnapshot(84)) - omNode-3@group-523986131536: receive installSnapshot: omNode-1->omNode-3#0-t5,notify:(t:5, i:59)
2022-10-18 21:56:08,807 [omNode-3-server-thread1] INFO  server.RaftServer$Division (RaftServerImpl.java:checkInconsistentAppendEntries(1402)) - omNode-3@group-523986131536: Failed appendEntries as snapshot (59) installation is in progress
2022-10-18 21:56:08,807 [omNode-3-server-thread1] INFO  server.RaftServer$Division (RaftServerImpl.java:checkInconsistentAppendEntries(1394)) - omNode-3@group-523986131536: inconsistency entries. Reply:omNode-1<-omNode-3#639:FAIL-t5,INCONSISTENCY,nextIndex=57,followerCommit=56
2022-10-18 21:56:08,807 [grpc-default-executor-3] INFO  impl.SnapshotInstallationHandler (SnapshotInstallationHandler.java:installSnapshot(95)) - omNode-3@group-523986131536: reply installSnapshot: omNode-1<-omNode-3#0:FAIL-t5,IN_PROGRESS
2022-10-18 21:56:08,807 [grpc-default-executor-3] INFO  server.GrpcServerProtocolService (GrpcServerProtocolService.java:onCompleted(140)) - omNode-3: Completed INSTALL_SNAPSHOT, lastRequest: omNode-1->omNode-3#0-t5,notify:(t:5, i:59)
2022-10-18 21:56:08,808 [grpc-default-executor-3] INFO  leader.FollowerInfo (FollowerInfoImpl.java:lambda$new$0(48)) - omNode-1@group-523986131536->omNode-3: nextIndex: updateUnconditionally 57 -> 57
2022-10-18 21:56:08,808 [grpc-default-executor-3] INFO  server.GrpcLogAppender (GrpcLogAppender.java:onNext(403)) - omNode-1@group-523986131536->omNode-3-InstallSnapshotResponseHandler: received a reply omNode-1<-omNode-3#0:FAIL-t5,IN_PROGRESS
2022-10-18 21:56:08,808 [grpc-default-executor-3] INFO  server.GrpcLogAppender (GrpcLogAppender.java:onNext(421)) - omNode-1@group-523986131536->omNode-3-InstallSnapshotResponseHandler: InstallSnapshot in progress.
2022-10-18 21:56:08,808 [omNode-1@group-523986131536->omNode-3-GrpcLogAppender-LogAppenderDaemon] INFO  server.GrpcLogAppender (GrpcLogAppender.java:installSnapshot(541)) - omNode-1@group-523986131536->omNode-3-GrpcLogAppender: followerNextIndex = 57 but logStartIndex = 59, notify follower to install snapshot-(t:5, i:59)
2022-10-18 21:56:08,808 [omNode-1@group-523986131536->omNode-3-GrpcLogAppender-LogAppenderDaemon] INFO  server.GrpcLogAppender (GrpcLogAppender.java:installSnapshot(549)) - omNode-1@group-523986131536->omNode-3-GrpcLogAppender: send omNode-1->omNode-3#0-t5,notify:(t:5, i:59)
2022-10-18 21:56:08,809 [omNode-3-server-thread1] INFO  server.RaftServer$Division (RaftServerImpl.java:checkInconsistentAppendEntries(1402)) - omNode-3@group-523986131536: Failed appendEntries as snapshot (59) installation is in progress
2022-10-18 21:56:08,809 [omNode-3-server-thread1] INFO  server.RaftServer$Division (RaftServerImpl.java:checkInconsistentAppendEntries(1394)) - omNode-3@group-523986131536: inconsistency entries. Reply:omNode-1<-omNode-3#640:FAIL-t5,INCONSISTENCY,nextIndex=57,followerCommit=56
2022-10-18 21:56:08,809 [grpc-default-executor-2] INFO  impl.SnapshotInstallationHandler (SnapshotInstallationHandler.java:installSnapshot(84)) - omNode-3@group-523986131536: receive installSnapshot: omNode-1->omNode-3#0-t5,notify:(t:5, i:59)
2022-10-18 21:56:08,809 [grpc-default-executor-2] INFO  impl.SnapshotInstallationHandler (SnapshotInstallationHandler.java:installSnapshot(95)) - omNode-3@group-523986131536: reply installSnapshot: omNode-1<-omNode-3#0:FAIL-t5,IN_PROGRESS
2022-10-18 21:56:08,809 [grpc-default-executor-2] INFO  server.GrpcServerProtocolService (GrpcServerProtocolService.java:onCompleted(140)) - omNode-3: Completed INSTALL_SNAPSHOT, lastRequest: omNode-1->omNode-3#0-t5,notify:(t:5, i:59)
2022-10-18 21:56:08,812 [grpc-default-executor-2] INFO  leader.FollowerInfo (FollowerInfoImpl.java:lambda$new$0(48)) - omNode-1@group-523986131536->omNode-3: nextIndex: updateUnconditionally 57 -> 57
2022-10-18 21:56:08,812 [grpc-default-executor-0] INFO  server.GrpcLogAppender (GrpcLogAppender.java:onNext(403)) - omNode-1@group-523986131536->omNode-3-InstallSnapshotResponseHandler: received a reply omNode-1<-omNode-3#0:FAIL-t5,IN_PROGRESS
2022-10-18 21:56:08,812 [grpc-default-executor-0] INFO  server.GrpcLogAppender (GrpcLogAppender.java:onNext(421)) - omNode-1@group-523986131536->omNode-3-InstallSnapshotResponseHandler: InstallSnapshot in progress.
2022-10-18 21:56:08,812 [omNode-1@group-523986131536->omNode-3-GrpcLogAppender-LogAppenderDaemon] INFO  server.GrpcLogAppender (GrpcLogAppender.java:installSnapshot(541)) - omNode-1@group-523986131536->omNode-3-GrpcLogAppender: followerNextIndex = 57 but logStartIndex = 59, notify follower to install snapshot-(t:5, i:59)
2022-10-18 21:56:08,812 [omNode-1@group-523986131536->omNode-3-GrpcLogAppender-LogAppenderDaemon] INFO  server.GrpcLogAppender (GrpcLogAppender.java:installSnapshot(549)) - omNode-1@group-523986131536->omNode-3-GrpcLogAppender: send omNode-1->omNode-3#0-t5,notify:(t:5, i:59)
2022-10-18 21:56:08,813 [omNode-3-server-thread1] INFO  server.RaftServer$Division (RaftServerImpl.java:checkInconsistentAppendEntries(1402)) - omNode-3@group-523986131536: Failed appendEntries as snapshot (59) installation is in progress
2022-10-18 21:56:08,813 [omNode-3-server-thread1] INFO  server.RaftServer$Division (RaftServerImpl.java:checkInconsistentAppendEntries(1394)) - omNode-3@group-523986131536: inconsistency entries. Reply:omNode-1<-omNode-3#641:FAIL-t5,INCONSISTENCY,nextIndex=57,followerCommit=56
2022-10-18 21:56:08,813 [grpc-default-executor-2] INFO  impl.SnapshotInstallationHandler (SnapshotInstallationHandler.java:installSnapshot(84)) - omNode-3@group-523986131536: receive installSnapshot: omNode-1->omNode-3#0-t5,notify:(t:5, i:59)
2022-10-18 21:56:08,813 [grpc-default-executor-0] INFO  leader.FollowerInfo (FollowerInfoImpl.java:lambda$new$0(48)) - omNode-1@group-523986131536->omNode-3: nextIndex: updateUnconditionally 57 -> 57
2022-10-18 21:56:08,814 [grpc-default-executor-2] INFO  impl.SnapshotInstallationHandler (SnapshotInstallationHandler.java:installSnapshot(95)) - omNode-3@group-523986131536: reply installSnapshot: omNode-1<-omNode-3#0:FAIL-t5,IN_PROGRESS
2022-10-18 21:56:08,814 [grpc-default-executor-2] INFO  server.GrpcServerProtocolService (GrpcServerProtocolService.java:onCompleted(140)) - omNode-3: Completed INSTALL_SNAPSHOT, lastRequest: omNode-1->omNode-3#0-t5,notify:(t:5, i:59)
2022-10-18 21:56:08,814 [grpc-default-executor-2] INFO  server.GrpcLogAppender (GrpcLogAppender.java:onNext(403)) - omNode-1@group-523986131536->omNode-3-InstallSnapshotResponseHandler: received a reply omNode-1<-omNode-3#0:FAIL-t5,IN_PROGRESS
2022-10-18 21:56:08,814 [grpc-default-executor-2] INFO  server.GrpcLogAppender (GrpcLogAppender.java:onNext(421)) - omNode-1@group-523986131536->omNode-3-InstallSnapshotResponseHandler: InstallSnapshot in progress.
2022-10-18 21:56:08,814 [omNode-1@group-523986131536->omNode-3-GrpcLogAppender-LogAppenderDaemon] INFO  server.GrpcLogAppender (GrpcLogAppender.java:installSnapshot(541)) - omNode-1@group-523986131536->omNode-3-GrpcLogAppender: followerNextIndex = 57 but logStartIndex = 59, notify follower to install snapshot-(t:5, i:59)
2022-10-18 21:56:08,814 [omNode-1@group-523986131536->omNode-3-GrpcLogAppender-LogAppenderDaemon] INFO  server.GrpcLogAppender (GrpcLogAppender.java:installSnapshot(549)) - omNode-1@group-523986131536->omNode-3-GrpcLogAppender: send omNode-1->omNode-3#0-t5,notify:(t:5, i:59)
2022-10-18 21:56:08,815 [omNode-3-server-thread1] INFO  server.RaftServer$Division (RaftServerImpl.java:checkInconsistentAppendEntries(1402)) - omNode-3@group-523986131536: Failed appendEntries as snapshot (59) installation is in progress
2022-10-18 21:56:08,815 [omNode-3-server-thread1] INFO  server.RaftServer$Division (RaftServerImpl.java:checkInconsistentAppendEntries(1394)) - omNode-3@group-523986131536: inconsistency entries. Reply:omNode-1<-omNode-3#642:FAIL-t5,INCONSISTENCY,nextIndex=57,followerCommit=56
2022-10-18 21:56:08,815 [grpc-default-executor-0] INFO  leader.FollowerInfo (FollowerInfoImpl.java:lambda$new$0(48)) - omNode-1@group-523986131536->omNode-3: nextIndex: updateUnconditionally 57 -> 57
2022-10-18 21:56:08,815 [grpc-default-executor-2] INFO  impl.SnapshotInstallationHandler (SnapshotInstallationHandler.java:installSnapshot(84)) - omNode-3@group-523986131536: receive installSnapshot: omNode-1->omNode-3#0-t5,notify:(t:5, i:59)
2022-10-18 21:56:08,815 [grpc-default-executor-2] INFO  impl.SnapshotInstallationHandler (SnapshotInstallationHandler.java:installSnapshot(95)) - omNode-3@group-523986131536: reply installSnapshot: omNode-1<-omNode-3#0:FAIL-t5,IN_PROGRESS
2022-10-18 21:56:08,815 [grpc-default-executor-2] INFO  server.GrpcServerProtocolService (GrpcServerProtocolService.java:onCompleted(140)) - omNode-3: Completed INSTALL_SNAPSHOT, lastRequest: omNode-1->omNode-3#0-t5,notify:(t:5, i:59)
2022-10-18 21:56:08,816 [grpc-default-executor-2] INFO  server.GrpcLogAppender (GrpcLogAppender.java:onNext(403)) - omNode-1@group-523986131536->omNode-3-InstallSnapshotResponseHandler: received a reply omNode-1<-omNode-3#0:FAIL-t5,IN_PROGRESS
2022-10-18 21:56:08,816 [grpc-default-executor-2] INFO  server.GrpcLogAppender (GrpcLogAppender.java:onNext(421)) - omNode-1@group-523986131536->omNode-3-InstallSnapshotResponseHandler: InstallSnapshot in progress.
2022-10-18 21:56:08,816 [omNode-1@group-523986131536->omNode-3-GrpcLogAppender-LogAppenderDaemon] INFO  server.GrpcLogAppender (GrpcLogAppender.java:installSnapshot(541)) - omNode-1@group-523986131536->omNode-3-GrpcLogAppender: followerNextIndex = 57 but logStartIndex = 59, notify follower to install snapshot-(t:5, i:59)
2022-10-18 21:56:08,816 [omNode-1@group-523986131536->omNode-3-GrpcLogAppender-LogAppenderDaemon] INFO  server.GrpcLogAppender (GrpcLogAppender.java:installSnapshot(549)) - omNode-1@group-523986131536->omNode-3-GrpcLogAppender: send omNode-1->omNode-3#0-t5,notify:(t:5, i:59)
2022-10-18 21:56:08,816 [omNode-3-server-thread1] INFO  server.RaftServer$Division (RaftServerImpl.java:checkInconsistentAppendEntries(1402)) - omNode-3@group-523986131536: Failed appendEntries as snapshot (59) installation is in progress
2022-10-18 21:56:08,816 [omNode-3-server-thread1] INFO  server.RaftServer$Division (RaftServerImpl.java:checkInconsistentAppendEntries(1394)) - omNode-3@group-523986131536: inconsistency entries. Reply:omNode-1<-omNode-3#643:FAIL-t5,INCONSISTENCY,nextIndex=57,followerCommit=56
2022-10-18 21:56:08,817 [grpc-default-executor-0] INFO  impl.SnapshotInstallationHandler (SnapshotInstallationHandler.java:installSnapshot(84)) - omNode-3@group-523986131536: receive installSnapshot: omNode-1->omNode-3#0-t5,notify:(t:5, i:59)
2022-10-18 21:56:08,817 [grpc-default-executor-0] INFO  impl.SnapshotInstallationHandler (SnapshotInstallationHandler.java:installSnapshot(95)) - omNode-3@group-523986131536: reply installSnapshot: omNode-1<-omNode-3#0:FAIL-t5,IN_PROGRESS
2022-10-18 21:56:08,817 [grpc-default-executor-0] INFO  server.GrpcServerProtocolService (GrpcServerProtocolService.java:onCompleted(140)) - omNode-3: Completed INSTALL_SNAPSHOT, lastRequest: omNode-1->omNode-3#0-t5,notify:(t:5, i:59)
2022-10-18 21:56:08,817 [grpc-default-executor-0] INFO  leader.FollowerInfo (FollowerInfoImpl.java:lambda$new$0(48)) - omNode-1@group-523986131536->omNode-3: nextIndex: updateUnconditionally 57 -> 57
2022-10-18 21:56:08,818 [grpc-default-executor-0] INFO  server.GrpcLogAppender (GrpcLogAppender.java:onNext(403)) - omNode-1@group-523986131536->omNode-3-InstallSnapshotResponseHandler: received a reply omNode-1<-omNode-3#0:FAIL-t5,IN_PROGRESS
2022-10-18 21:56:08,818 [grpc-default-executor-0] INFO  server.GrpcLogAppender (GrpcLogAppender.java:onNext(421)) - omNode-1@group-523986131536->omNode-3-InstallSnapshotResponseHandler: InstallSnapshot in progress.
2022-10-18 21:56:08,818 [omNode-1@group-523986131536->omNode-3-GrpcLogAppender-LogAppenderDaemon] INFO  server.GrpcLogAppender (GrpcLogAppender.java:installSnapshot(541)) - omNode-1@group-523986131536->omNode-3-GrpcLogAppender: followerNextIndex = 57 but logStartIndex = 59, notify follower to install snapshot-(t:5, i:59)
2022-10-18 21:56:08,818 [omNode-1@group-523986131536->omNode-3-GrpcLogAppender-LogAppenderDaemon] INFO  server.GrpcLogAppender (GrpcLogAppender.java:installSnapshot(549)) - omNode-1@group-523986131536->omNode-3-GrpcLogAppender: send omNode-1->omNode-3#0-t5,notify:(t:5, i:59)
2022-10-18 21:56:08,818 [omNode-3-server-thread1] INFO  server.RaftServer$Division (RaftServerImpl.java:checkInconsistentAppendEntries(1402)) - omNode-3@group-523986131536: Failed appendEntries as snapshot (59) installation is in progress
2022-10-18 21:56:08,818 [omNode-3-server-thread1] INFO  server.RaftServer$Division (RaftServerImpl.java:checkInconsistentAppendEntries(1394)) - omNode-3@group-523986131536: inconsistency entries. Reply:omNode-1<-omNode-3#644:FAIL-t5,INCONSISTENCY,nextIndex=57,followerCommit=56
2022-10-18 21:56:08,819 [grpc-default-executor-0] INFO  impl.SnapshotInstallationHandler (SnapshotInstallationHandler.java:installSnapshot(84)) - omNode-3@group-523986131536: receive installSnapshot: omNode-1->omNode-3#0-t5,notify:(t:5, i:59)
2022-10-18 21:56:08,819 [grpc-default-executor-3] INFO  leader.FollowerInfo (FollowerInfoImpl.java:lambda$new$0(48)) - omNode-1@group-523986131536->omNode-3: nextIndex: updateUnconditionally 57 -> 57
2022-10-18 21:56:08,819 [grpc-default-executor-0] INFO  impl.SnapshotInstallationHandler (SnapshotInstallationHandler.java:installSnapshot(95)) - omNode-3@group-523986131536: reply installSnapshot: omNode-1<-omNode-3#0:FAIL-t5,IN_PROGRESS
2022-10-18 21:56:08,819 [grpc-default-executor-0] INFO  server.GrpcServerProtocolService (GrpcServerProtocolService.java:onCompleted(140)) - omNode-3: Completed INSTALL_SNAPSHOT, lastRequest: omNode-1->omNode-3#0-t5,notify:(t:5, i:59)
2022-10-18 21:56:08,819 [grpc-default-executor-2] INFO  server.GrpcLogAppender (GrpcLogAppender.java:onNext(403)) - omNode-1@group-523986131536->omNode-3-InstallSnapshotResponseHandler: received a reply omNode-1<-omNode-3#0:FAIL-t5,IN_PROGRESS
2022-10-18 21:56:08,819 [grpc-default-executor-2] INFO  server.GrpcLogAppender (GrpcLogAppender.java:onNext(421)) - omNode-1@group-523986131536->omNode-3-InstallSnapshotResponseHandler: InstallSnapshot in progress.
2022-10-18 21:56:08,819 [omNode-1@group-523986131536->omNode-3-GrpcLogAppender-LogAppenderDaemon] INFO  server.GrpcLogAppender (GrpcLogAppender.java:installSnapshot(541)) - omNode-1@group-523986131536->omNode-3-GrpcLogAppender: followerNextIndex = 57 but logStartIndex = 59, notify follower to install snapshot-(t:5, i:59)
2022-10-18 21:56:08,819 [omNode-1@group-523986131536->omNode-3-GrpcLogAppender-LogAppenderDaemon] INFO  server.GrpcLogAppender (GrpcLogAppender.java:installSnapshot(549)) - omNode-1@group-523986131536->omNode-3-GrpcLogAppender: send omNode-1->omNode-3#0-t5,notify:(t:5, i:59)
2022-10-18 21:56:08,820 [omNode-3-server-thread1] INFO  server.RaftServer$Division (RaftServerImpl.java:checkInconsistentAppendEntries(1402)) - omNode-3@group-523986131536: Failed appendEntries as snapshot (59) installation is in progress
2022-10-18 21:56:08,820 [omNode-3-server-thread1] INFO  server.RaftServer$Division (RaftServerImpl.java:checkInconsistentAppendEntries(1394)) - omNode-3@group-523986131536: inconsistency entries. Reply:omNode-1<-omNode-3#645:FAIL-t5,INCONSISTENCY,nextIndex=57,followerCommit=56
2022-10-18 21:56:08,820 [grpc-default-executor-2] INFO  impl.SnapshotInstallationHandler (SnapshotInstallationHandler.java:installSnapshot(84)) - omNode-3@group-523986131536: receive installSnapshot: omNode-1->omNode-3#0-t5,notify:(t:5, i:59)
2022-10-18 21:56:08,820 [grpc-default-executor-3] INFO  leader.FollowerInfo (FollowerInfoImpl.java:lambda$new$0(48)) - omNode-1@group-523986131536->omNode-3: nextIndex: updateUnconditionally 57 -> 57
2022-10-18 21:56:08,820 [grpc-default-executor-2] INFO  impl.SnapshotInstallationHandler (SnapshotInstallationHandler.java:installSnapshot(95)) - omNode-3@group-523986131536: reply installSnapshot: omNode-1<-omNode-3#0:FAIL-t5,IN_PROGRESS
2022-10-18 21:56:08,820 [grpc-default-executor-2] INFO  server.GrpcServerProtocolService (GrpcServerProtocolService.java:onCompleted(140)) - omNode-3: Completed INSTALL_SNAPSHOT, lastRequest: omNode-1->omNode-3#0-t5,notify:(t:5, i:59)
2022-10-18 21:56:08,821 [grpc-default-executor-0] INFO  server.GrpcLogAppender (GrpcLogAppender.java:onNext(403)) - omNode-1@group-523986131536->omNode-3-InstallSnapshotResponseHandler: received a reply omNode-1<-omNode-3#0:FAIL-t5,IN_PROGRESS
2022-10-18 21:56:08,821 [grpc-default-executor-0] INFO  server.GrpcLogAppender (GrpcLogAppender.java:onNext(421)) - omNode-1@group-523986131536->omNode-3-InstallSnapshotResponseHandler: InstallSnapshot in progress.
2022-10-18 21:56:08,821 [omNode-1@group-523986131536->omNode-3-GrpcLogAppender-LogAppenderDaemon] INFO  server.GrpcLogAppender (GrpcLogAppender.java:installSnapshot(541)) - omNode-1@group-523986131536->omNode-3-GrpcLogAppender: followerNextIndex = 57 but logStartIndex = 59, notify follower to install snapshot-(t:5, i:59)
2022-10-18 21:56:08,821 [omNode-1@group-523986131536->omNode-3-GrpcLogAppender-LogAppenderDaemon] INFO  server.GrpcLogAppender (GrpcLogAppender.java:installSnapshot(549)) - omNode-1@group-523986131536->omNode-3-GrpcLogAppender: send omNode-1->omNode-3#0-t5,notify:(t:5, i:59)
2022-10-18 21:56:08,826 [omNode-3-server-thread1] INFO  server.RaftServer$Division (RaftServerImpl.java:checkInconsistentAppendEntries(1402)) - omNode-3@group-523986131536: Failed appendEntries as snapshot (59) installation is in progress
2022-10-18 21:56:08,826 [omNode-3-server-thread1] INFO  server.RaftServer$Division (RaftServerImpl.java:checkInconsistentAppendEntries(1394)) - omNode-3@group-523986131536: inconsistency entries. Reply:omNode-1<-omNode-3#646:FAIL-t5,INCONSISTENCY,nextIndex=57,followerCommit=56
2022-10-18 21:56:08,828 [grpc-default-executor-2] INFO  leader.FollowerInfo (FollowerInfoImpl.java:lambda$new$0(48)) - omNode-1@group-523986131536->omNode-3: nextIndex: updateUnconditionally 57 -> 57
2022-10-18 21:56:08,828 [grpc-default-executor-0] INFO  impl.SnapshotInstallationHandler (SnapshotInstallationHandler.java:installSnapshot(84)) - omNode-3@group-523986131536: receive installSnapshot: omNode-1->omNode-3#0-t5,notify:(t:5, i:59)
2022-10-18 21:56:08,828 [grpc-default-executor-0] INFO  impl.SnapshotInstallationHandler (SnapshotInstallationHandler.java:installSnapshot(95)) - omNode-3@group-523986131536: reply installSnapshot: omNode-1<-omNode-3#0:FAIL-t5,IN_PROGRESS
2022-10-18 21:56:08,829 [grpc-default-executor-0] INFO  server.GrpcServerProtocolService (GrpcServerProtocolService.java:onCompleted(140)) - omNode-3: Completed INSTALL_SNAPSHOT, lastRequest: omNode-1->omNode-3#0-t5,notify:(t:5, i:59)
2022-10-18 21:56:08,830 [grpc-default-executor-2] INFO  server.GrpcLogAppender (GrpcLogAppender.java:onNext(403)) - omNode-1@group-523986131536->omNode-3-InstallSnapshotResponseHandler: received a reply omNode-1<-omNode-3#0:FAIL-t5,IN_PROGRESS
2022-10-18 21:56:08,830 [grpc-default-executor-2] INFO  server.GrpcLogAppender (GrpcLogAppender.java:onNext(421)) - omNode-1@group-523986131536->omNode-3-InstallSnapshotResponseHandler: InstallSnapshot in progress.
2022-10-18 21:56:08,830 [omNode-1@group-523986131536->omNode-3-GrpcLogAppender-LogAppenderDaemon] INFO  server.GrpcLogAppender (GrpcLogAppender.java:installSnapshot(541)) - omNode-1@group-523986131536->omNode-3-GrpcLogAppender: followerNextIndex = 57 but logStartIndex = 59, notify follower to install snapshot-(t:5, i:59)
2022-10-18 21:56:08,830 [omNode-1@group-523986131536->omNode-3-GrpcLogAppender-LogAppenderDaemon] INFO  server.GrpcLogAppender (GrpcLogAppender.java:installSnapshot(549)) - omNode-1@group-523986131536->omNode-3-GrpcLogAppender: send omNode-1->omNode-3#0-t5,notify:(t:5, i:59)
2022-10-18 21:56:08,832 [omNode-3-server-thread1] INFO  server.RaftServer$Division (RaftServerImpl.java:checkInconsistentAppendEntries(1402)) - omNode-3@group-523986131536: Failed appendEntries as snapshot (59) installation is in progress
2022-10-18 21:56:08,832 [omNode-3-server-thread1] INFO  server.RaftServer$Division (RaftServerImpl.java:checkInconsistentAppendEntries(1394)) - omNode-3@group-523986131536: inconsistency entries. Reply:omNode-1<-omNode-3#647:FAIL-t5,INCONSISTENCY,nextIndex=57,followerCommit=56
2022-10-18 21:56:08,832 [grpc-default-executor-2] INFO  impl.SnapshotInstallationHandler (SnapshotInstallationHandler.java:installSnapshot(84)) - omNode-3@group-523986131536: receive installSnapshot: omNode-1->omNode-3#0-t5,notify:(t:5, i:59)
2022-10-18 21:56:08,832 [grpc-default-executor-2] INFO  impl.SnapshotInstallationHandler (SnapshotInstallationHandler.java:installSnapshot(95)) - omNode-3@group-523986131536: reply installSnapshot: omNode-1<-omNode-3#0:FAIL-t5,IN_PROGRESS
2022-10-18 21:56:08,832 [grpc-default-executor-2] INFO  server.GrpcServerProtocolService (GrpcServerProtocolService.java:onCompleted(140)) - omNode-3: Completed INSTALL_SNAPSHOT, lastRequest: omNode-1->omNode-3#0-t5,notify:(t:5, i:59)
2022-10-18 21:56:08,832 [grpc-default-executor-2] INFO  leader.FollowerInfo (FollowerInfoImpl.java:lambda$new$0(48)) - omNode-1@group-523986131536->omNode-3: nextIndex: updateUnconditionally 57 -> 57
2022-10-18 21:56:08,832 [grpc-default-executor-0] INFO  server.GrpcLogAppender (GrpcLogAppender.java:onNext(403)) - omNode-1@group-523986131536->omNode-3-InstallSnapshotResponseHandler: received a reply omNode-1<-omNode-3#0:FAIL-t5,IN_PROGRESS
2022-10-18 21:56:08,833 [grpc-default-executor-0] INFO  server.GrpcLogAppender (GrpcLogAppender.java:onNext(421)) - omNode-1@group-523986131536->omNode-3-InstallSnapshotResponseHandler: InstallSnapshot in progress.
2022-10-18 21:56:08,833 [omNode-1@group-523986131536->omNode-3-GrpcLogAppender-LogAppenderDaemon] INFO  server.GrpcLogAppender (GrpcLogAppender.java:installSnapshot(541)) - omNode-1@group-523986131536->omNode-3-GrpcLogAppender: followerNextIndex = 57 but logStartIndex = 59, notify follower to install snapshot-(t:5, i:59)
2022-10-18 21:56:08,833 [omNode-1@group-523986131536->omNode-3-GrpcLogAppender-LogAppenderDaemon] INFO  server.GrpcLogAppender (GrpcLogAppender.java:installSnapshot(549)) - omNode-1@group-523986131536->omNode-3-GrpcLogAppender: send omNode-1->omNode-3#0-t5,notify:(t:5, i:59)
2022-10-18 21:56:08,833 [omNode-3-server-thread1] INFO  server.RaftServer$Division (RaftServerImpl.java:checkInconsistentAppendEntries(1402)) - omNode-3@group-523986131536: Failed appendEntries as snapshot (59) installation is in progress
2022-10-18 21:56:08,833 [omNode-3-server-thread1] INFO  server.RaftServer$Division (RaftServerImpl.java:checkInconsistentAppendEntries(1394)) - omNode-3@group-523986131536: inconsistency entries. Reply:omNode-1<-omNode-3#648:FAIL-t5,INCONSISTENCY,nextIndex=57,followerCommit=56
2022-10-18 21:56:08,834 [grpc-default-executor-0] INFO  impl.SnapshotInstallationHandler (SnapshotInstallationHandler.java:installSnapshot(84)) - omNode-3@group-523986131536: receive installSnapshot: omNode-1->omNode-3#0-t5,notify:(t:5, i:59)
2022-10-18 21:56:08,834 [grpc-default-executor-0] INFO  impl.SnapshotInstallationHandler (SnapshotInstallationHandler.java:installSnapshot(95)) - omNode-3@group-523986131536: reply installSnapshot: omNode-1<-omNode-3#0:FAIL-t5,IN_PROGRESS
2022-10-18 21:56:08,834 [grpc-default-executor-0] INFO  server.GrpcServerProtocolService (GrpcServerProtocolService.java:onCompleted(140)) - omNode-3: Completed INSTALL_SNAPSHOT, lastRequest: omNode-1->omNode-3#0-t5,notify:(t:5, i:59)
2022-10-18 21:56:08,834 [grpc-default-executor-2] INFO  leader.FollowerInfo (FollowerInfoImpl.java:lambda$new$0(48)) - omNode-1@group-523986131536->omNode-3: nextIndex: updateUnconditionally 57 -> 57
2022-10-18 21:56:08,835 [grpc-default-executor-2] INFO  server.GrpcLogAppender (GrpcLogAppender.java:onNext(403)) - omNode-1@group-523986131536->omNode-3-InstallSnapshotResponseHandler: received a reply omNode-1<-omNode-3#0:FAIL-t5,IN_PROGRESS
2022-10-18 21:56:08,835 [grpc-default-executor-2] INFO  server.GrpcLogAppender (GrpcLogAppender.java:onNext(421)) - omNode-1@group-523986131536->omNode-3-InstallSnapshotResponseHandler: InstallSnapshot in progress.
2022-10-18 21:56:08,835 [omNode-1@group-523986131536->omNode-3-GrpcLogAppender-LogAppenderDaemon] INFO  server.GrpcLogAppender (GrpcLogAppender.java:installSnapshot(541)) - omNode-1@group-523986131536->omNode-3-GrpcLogAppender: followerNextIndex = 57 but logStartIndex = 59, notify follower to install snapshot-(t:5, i:59)
2022-10-18 21:56:08,835 [omNode-1@group-523986131536->omNode-3-GrpcLogAppender-LogAppenderDaemon] INFO  server.GrpcLogAppender (GrpcLogAppender.java:installSnapshot(549)) - omNode-1@group-523986131536->omNode-3-GrpcLogAppender: send omNode-1->omNode-3#0-t5,notify:(t:5, i:59)
2022-10-18 21:56:08,836 [omNode-3-server-thread1] INFO  server.RaftServer$Division (RaftServerImpl.java:checkInconsistentAppendEntries(1402)) - omNode-3@group-523986131536: Failed appendEntries as snapshot (59) installation is in progress
2022-10-18 21:56:08,836 [omNode-3-server-thread1] INFO  server.RaftServer$Division (RaftServerImpl.java:checkInconsistentAppendEntries(1394)) - omNode-3@group-523986131536: inconsistency entries. Reply:omNode-1<-omNode-3#649:FAIL-t5,INCONSISTENCY,nextIndex=57,followerCommit=56
2022-10-18 21:56:08,837 [grpc-default-executor-0] INFO  leader.FollowerInfo (FollowerInfoImpl.java:lambda$new$0(48)) - omNode-1@group-523986131536->omNode-3: nextIndex: updateUnconditionally 57 -> 57
2022-10-18 21:56:08,837 [grpc-default-executor-2] INFO  impl.SnapshotInstallationHandler (SnapshotInstallationHandler.java:installSnapshot(84)) - omNode-3@group-523986131536: receive installSnapshot: omNode-1->omNode-3#0-t5,notify:(t:5, i:59)
2022-10-18 21:56:08,837 [grpc-default-executor-2] INFO  impl.SnapshotInstallationHandler (SnapshotInstallationHandler.java:installSnapshot(95)) - omNode-3@group-523986131536: reply installSnapshot: omNode-1<-omNode-3#0:FAIL-t5,IN_PROGRESS
2022-10-18 21:56:08,837 [grpc-default-executor-2] INFO  server.GrpcServerProtocolService (GrpcServerProtocolService.java:onCompleted(140)) - omNode-3: Completed INSTALL_SNAPSHOT, lastRequest: omNode-1->omNode-3#0-t5,notify:(t:5, i:59)
2022-10-18 21:56:08,838 [grpc-default-executor-2] INFO  server.GrpcLogAppender (GrpcLogAppender.java:onNext(403)) - omNode-1@group-523986131536->omNode-3-InstallSnapshotResponseHandler: received a reply omNode-1<-omNode-3#0:FAIL-t5,IN_PROGRESS
2022-10-18 21:56:08,838 [grpc-default-executor-2] INFO  server.GrpcLogAppender (GrpcLogAppender.java:onNext(421)) - omNode-1@group-523986131536->omNode-3-InstallSnapshotResponseHandler: InstallSnapshot in progress.
2022-10-18 21:56:08,838 [omNode-1@group-523986131536->omNode-3-GrpcLogAppender-LogAppenderDaemon] INFO  server.GrpcLogAppender (GrpcLogAppender.java:installSnapshot(541)) - omNode-1@group-523986131536->omNode-3-GrpcLogAppender: followerNextIndex = 57 but logStartIndex = 59, notify follower to install snapshot-(t:5, i:59)
2022-10-18 21:56:08,838 [omNode-1@group-523986131536->omNode-3-GrpcLogAppender-LogAppenderDaemon] INFO  server.GrpcLogAppender (GrpcLogAppender.java:installSnapshot(549)) - omNode-1@group-523986131536->omNode-3-GrpcLogAppender: send omNode-1->omNode-3#0-t5,notify:(t:5, i:59)
2022-10-18 21:56:08,838 [omNode-3-server-thread1] INFO  server.RaftServer$Division (RaftServerImpl.java:checkInconsistentAppendEntries(1402)) - omNode-3@group-523986131536: Failed appendEntries as snapshot (59) installation is in progress
2022-10-18 21:56:08,839 [omNode-3-server-thread1] INFO  server.RaftServer$Division (RaftServerImpl.java:checkInconsistentAppendEntries(1394)) - omNode-3@group-523986131536: inconsistency entries. Reply:omNode-1<-omNode-3#650:FAIL-t5,INCONSISTENCY,nextIndex=57,followerCommit=56
2022-10-18 21:56:08,839 [grpc-default-executor-2] INFO  impl.SnapshotInstallationHandler (SnapshotInstallationHandler.java:installSnapshot(84)) - omNode-3@group-523986131536: receive installSnapshot: omNode-1->omNode-3#0-t5,notify:(t:5, i:59)
2022-10-18 21:56:08,839 [grpc-default-executor-2] INFO  impl.SnapshotInstallationHandler (SnapshotInstallationHandler.java:installSnapshot(95)) - omNode-3@group-523986131536: reply installSnapshot: omNode-1<-omNode-3#0:FAIL-t5,IN_PROGRESS
2022-10-18 21:56:08,839 [grpc-default-executor-2] INFO  server.GrpcServerProtocolService (GrpcServerProtocolService.java:onCompleted(140)) - omNode-3: Completed INSTALL_SNAPSHOT, lastRequest: omNode-1->omNode-3#0-t5,notify:(t:5, i:59)
2022-10-18 21:56:08,839 [grpc-default-executor-0] INFO  leader.FollowerInfo (FollowerInfoImpl.java:lambda$new$0(48)) - omNode-1@group-523986131536->omNode-3: nextIndex: updateUnconditionally 57 -> 57
2022-10-18 21:56:08,840 [grpc-default-executor-0] INFO  server.GrpcLogAppender (GrpcLogAppender.java:onNext(403)) - omNode-1@group-523986131536->omNode-3-InstallSnapshotResponseHandler: received a reply omNode-1<-omNode-3#0:FAIL-t5,IN_PROGRESS
2022-10-18 21:56:08,840 [grpc-default-executor-0] INFO  server.GrpcLogAppender (GrpcLogAppender.java:onNext(421)) - omNode-1@group-523986131536->omNode-3-InstallSnapshotResponseHandler: InstallSnapshot in progress.
2022-10-18 21:56:08,840 [omNode-1@group-523986131536->omNode-3-GrpcLogAppender-LogAppenderDaemon] INFO  server.GrpcLogAppender (GrpcLogAppender.java:installSnapshot(541)) - omNode-1@group-523986131536->omNode-3-GrpcLogAppender: followerNextIndex = 57 but logStartIndex = 59, notify follower to install snapshot-(t:5, i:59)
2022-10-18 21:56:08,840 [omNode-1@group-523986131536->omNode-3-GrpcLogAppender-LogAppenderDaemon] INFO  server.GrpcLogAppender (GrpcLogAppender.java:installSnapshot(549)) - omNode-1@group-523986131536->omNode-3-GrpcLogAppender: send omNode-1->omNode-3#0-t5,notify:(t:5, i:59)
2022-10-18 21:56:08,840 [omNode-3-server-thread1] INFO  server.RaftServer$Division (RaftServerImpl.java:checkInconsistentAppendEntries(1402)) - omNode-3@group-523986131536: Failed appendEntries as snapshot (59) installation is in progress
2022-10-18 21:56:08,841 [omNode-3-server-thread1] INFO  server.RaftServer$Division (RaftServerImpl.java:checkInconsistentAppendEntries(1394)) - omNode-3@group-523986131536: inconsistency entries. Reply:omNode-1<-omNode-3#651:FAIL-t5,INCONSISTENCY,nextIndex=57,followerCommit=56
2022-10-18 21:56:08,841 [grpc-default-executor-2] INFO  leader.FollowerInfo (FollowerInfoImpl.java:lambda$new$0(48)) - omNode-1@group-523986131536->omNode-3: nextIndex: updateUnconditionally 57 -> 57
2022-10-18 21:56:08,841 [grpc-default-executor-0] INFO  impl.SnapshotInstallationHandler (SnapshotInstallationHandler.java:installSnapshot(84)) - omNode-3@group-523986131536: receive installSnapshot: omNode-1->omNode-3#0-t5,notify:(t:5, i:59)
2022-10-18 21:56:08,841 [grpc-default-executor-0] INFO  impl.SnapshotInstallationHandler (SnapshotInstallationHandler.java:installSnapshot(95)) - omNode-3@group-523986131536: reply installSnapshot: omNode-1<-omNode-3#0:FAIL-t5,IN_PROGRESS
2022-10-18 21:56:08,841 [grpc-default-executor-0] INFO  server.GrpcServerProtocolService (GrpcServerProtocolService.java:onCompleted(140)) - omNode-3: Completed INSTALL_SNAPSHOT, lastRequest: omNode-1->omNode-3#0-t5,notify:(t:5, i:59)
2022-10-18 21:56:08,842 [grpc-default-executor-0] INFO  server.GrpcLogAppender (GrpcLogAppender.java:onNext(403)) - omNode-1@group-523986131536->omNode-3-InstallSnapshotResponseHandler: received a reply omNode-1<-omNode-3#0:FAIL-t5,IN_PROGRESS
2022-10-18 21:56:08,842 [grpc-default-executor-0] INFO  server.GrpcLogAppender (GrpcLogAppender.java:onNext(421)) - omNode-1@group-523986131536->omNode-3-InstallSnapshotResponseHandler: InstallSnapshot in progress.
2022-10-18 21:56:08,842 [omNode-1@group-523986131536->omNode-3-GrpcLogAppender-LogAppenderDaemon] INFO  server.GrpcLogAppender (GrpcLogAppender.java:installSnapshot(541)) - omNode-1@group-523986131536->omNode-3-GrpcLogAppender: followerNextIndex = 57 but logStartIndex = 59, notify follower to install snapshot-(t:5, i:59)
2022-10-18 21:56:08,842 [omNode-1@group-523986131536->omNode-3-GrpcLogAppender-LogAppenderDaemon] INFO  server.GrpcLogAppender (GrpcLogAppender.java:installSnapshot(549)) - omNode-1@group-523986131536->omNode-3-GrpcLogAppender: send omNode-1->omNode-3#0-t5,notify:(t:5, i:59)
2022-10-18 21:56:08,842 [omNode-3-server-thread1] INFO  server.RaftServer$Division (RaftServerImpl.java:checkInconsistentAppendEntries(1402)) - omNode-3@group-523986131536: Failed appendEntries as snapshot (59) installation is in progress
2022-10-18 21:56:08,842 [omNode-3-server-thread1] INFO  server.RaftServer$Division (RaftServerImpl.java:checkInconsistentAppendEntries(1394)) - omNode-3@group-523986131536: inconsistency entries. Reply:omNode-1<-omNode-3#652:FAIL-t5,INCONSISTENCY,nextIndex=57,followerCommit=56
2022-10-18 21:56:08,843 [grpc-default-executor-2] INFO  leader.FollowerInfo (FollowerInfoImpl.java:lambda$new$0(48)) - omNode-1@group-523986131536->omNode-3: nextIndex: updateUnconditionally 57 -> 57
2022-10-18 21:56:08,843 [grpc-default-executor-0] INFO  impl.SnapshotInstallationHandler (SnapshotInstallationHandler.java:installSnapshot(84)) - omNode-3@group-523986131536: receive installSnapshot: omNode-1->omNode-3#0-t5,notify:(t:5, i:59)
2022-10-18 21:56:08,843 [grpc-default-executor-0] INFO  impl.SnapshotInstallationHandler (SnapshotInstallationHandler.java:installSnapshot(95)) - omNode-3@group-523986131536: reply installSnapshot: omNode-1<-omNode-3#0:FAIL-t5,IN_PROGRESS
2022-10-18 21:56:08,843 [grpc-default-executor-0] INFO  server.GrpcServerProtocolService (GrpcServerProtocolService.java:onCompleted(140)) - omNode-3: Completed INSTALL_SNAPSHOT, lastRequest: omNode-1->omNode-3#0-t5,notify:(t:5, i:59)
2022-10-18 21:56:08,844 [grpc-default-executor-0] INFO  server.GrpcLogAppender (GrpcLogAppender.java:onNext(403)) - omNode-1@group-523986131536->omNode-3-InstallSnapshotResponseHandler: received a reply omNode-1<-omNode-3#0:FAIL-t5,IN_PROGRESS
2022-10-18 21:56:08,844 [grpc-default-executor-0] INFO  server.GrpcLogAppender (GrpcLogAppender.java:onNext(421)) - omNode-1@group-523986131536->omNode-3-InstallSnapshotResponseHandler: InstallSnapshot in progress.
2022-10-18 21:56:08,844 [omNode-1@group-523986131536->omNode-3-GrpcLogAppender-LogAppenderDaemon] INFO  server.GrpcLogAppender (GrpcLogAppender.java:installSnapshot(541)) - omNode-1@group-523986131536->omNode-3-GrpcLogAppender: followerNextIndex = 57 but logStartIndex = 59, notify follower to install snapshot-(t:5, i:59)
2022-10-18 21:56:08,844 [omNode-1@group-523986131536->omNode-3-GrpcLogAppender-LogAppenderDaemon] INFO  server.GrpcLogAppender (GrpcLogAppender.java:installSnapshot(549)) - omNode-1@group-523986131536->omNode-3-GrpcLogAppender: send omNode-1->omNode-3#0-t5,notify:(t:5, i:59)
2022-10-18 21:56:08,844 [omNode-3-server-thread1] INFO  server.RaftServer$Division (RaftServerImpl.java:checkInconsistentAppendEntries(1402)) - omNode-3@group-523986131536: Failed appendEntries as snapshot (59) installation is in progress
2022-10-18 21:56:08,845 [omNode-3-server-thread1] INFO  server.RaftServer$Division (RaftServerImpl.java:checkInconsistentAppendEntries(1394)) - omNode-3@group-523986131536: inconsistency entries. Reply:omNode-1<-omNode-3#653:FAIL-t5,INCONSISTENCY,nextIndex=57,followerCommit=56
2022-10-18 21:56:08,845 [grpc-default-executor-2] INFO  leader.FollowerInfo (FollowerInfoImpl.java:lambda$new$0(48)) - omNode-1@group-523986131536->omNode-3: nextIndex: updateUnconditionally 57 -> 57
2022-10-18 21:56:08,845 [grpc-default-executor-0] INFO  impl.SnapshotInstallationHandler (SnapshotInstallationHandler.java:installSnapshot(84)) - omNode-3@group-523986131536: receive installSnapshot: omNode-1->omNode-3#0-t5,notify:(t:5, i:59)
2022-10-18 21:56:08,845 [grpc-default-executor-0] INFO  impl.SnapshotInstallationHandler (SnapshotInstallationHandler.java:installSnapshot(95)) - omNode-3@group-523986131536: reply installSnapshot: omNode-1<-omNode-3#0:FAIL-t5,IN_PROGRESS
2022-10-18 21:56:08,845 [grpc-default-executor-0] INFO  server.GrpcServerProtocolService (GrpcServerProtocolService.java:onCompleted(140)) - omNode-3: Completed INSTALL_SNAPSHOT, lastRequest: omNode-1->omNode-3#0-t5,notify:(t:5, i:59)
2022-10-18 21:56:08,846 [grpc-default-executor-0] INFO  server.GrpcLogAppender (GrpcLogAppender.java:onNext(403)) - omNode-1@group-523986131536->omNode-3-InstallSnapshotResponseHandler: received a reply omNode-1<-omNode-3#0:FAIL-t5,IN_PROGRESS
2022-10-18 21:56:08,846 [grpc-default-executor-0] INFO  server.GrpcLogAppender (GrpcLogAppender.java:onNext(421)) - omNode-1@group-523986131536->omNode-3-InstallSnapshotResponseHandler: InstallSnapshot in progress.
2022-10-18 21:56:08,846 [omNode-1@group-523986131536->omNode-3-GrpcLogAppender-LogAppenderDaemon] INFO  server.GrpcLogAppender (GrpcLogAppender.java:installSnapshot(541)) - omNode-1@group-523986131536->omNode-3-GrpcLogAppender: followerNextIndex = 57 but logStartIndex = 59, notify follower to install snapshot-(t:5, i:59)
2022-10-18 21:56:08,846 [omNode-1@group-523986131536->omNode-3-GrpcLogAppender-LogAppenderDaemon] INFO  server.GrpcLogAppender (GrpcLogAppender.java:installSnapshot(549)) - omNode-1@group-523986131536->omNode-3-GrpcLogAppender: send omNode-1->omNode-3#0-t5,notify:(t:5, i:59)
2022-10-18 21:56:08,846 [omNode-3-server-thread1] INFO  server.RaftServer$Division (RaftServerImpl.java:checkInconsistentAppendEntries(1402)) - omNode-3@group-523986131536: Failed appendEntries as snapshot (59) installation is in progress
2022-10-18 21:56:08,846 [omNode-3-server-thread1] INFO  server.RaftServer$Division (RaftServerImpl.java:checkInconsistentAppendEntries(1394)) - omNode-3@group-523986131536: inconsistency entries. Reply:omNode-1<-omNode-3#654:FAIL-t5,INCONSISTENCY,nextIndex=57,followerCommit=56
2022-10-18 21:56:08,847 [grpc-default-executor-0] INFO  impl.SnapshotInstallationHandler (SnapshotInstallationHandler.java:installSnapshot(84)) - omNode-3@group-523986131536: receive installSnapshot: omNode-1->omNode-3#0-t5,notify:(t:5, i:59)
2022-10-18 21:56:08,847 [grpc-default-executor-2] INFO  leader.FollowerInfo (FollowerInfoImpl.java:lambda$new$0(48)) - omNode-1@group-523986131536->omNode-3: nextIndex: updateUnconditionally 57 -> 57
2022-10-18 21:56:08,847 [grpc-default-executor-0] INFO  impl.SnapshotInstallationHandler (SnapshotInstallationHandler.java:installSnapshot(95)) - omNode-3@group-523986131536: reply installSnapshot: omNode-1<-omNode-3#0:FAIL-t5,IN_PROGRESS
2022-10-18 21:56:08,847 [grpc-default-executor-0] INFO  server.GrpcServerProtocolService (GrpcServerProtocolService.java:onCompleted(140)) - omNode-3: Completed INSTALL_SNAPSHOT, lastRequest: omNode-1->omNode-3#0-t5,notify:(t:5, i:59)
2022-10-18 21:56:08,848 [grpc-default-executor-0] INFO  server.GrpcLogAppender (GrpcLogAppender.java:onNext(403)) - omNode-1@group-523986131536->omNode-3-InstallSnapshotResponseHandler: received a reply omNode-1<-omNode-3#0:FAIL-t5,IN_PROGRESS
2022-10-18 21:56:08,848 [grpc-default-executor-0] INFO  server.GrpcLogAppender (GrpcLogAppender.java:onNext(421)) - omNode-1@group-523986131536->omNode-3-InstallSnapshotResponseHandler: InstallSnapshot in progress.
2022-10-18 21:56:08,848 [omNode-1@group-523986131536->omNode-3-GrpcLogAppender-LogAppenderDaemon] INFO  server.GrpcLogAppender (GrpcLogAppender.java:installSnapshot(541)) - omNode-1@group-523986131536->omNode-3-GrpcLogAppender: followerNextIndex = 57 but logStartIndex = 59, notify follower to install snapshot-(t:5, i:59)
2022-10-18 21:56:08,848 [omNode-1@group-523986131536->omNode-3-GrpcLogAppender-LogAppenderDaemon] INFO  server.GrpcLogAppender (GrpcLogAppender.java:installSnapshot(549)) - omNode-1@group-523986131536->omNode-3-GrpcLogAppender: send omNode-1->omNode-3#0-t5,notify:(t:5, i:59)
2022-10-18 21:56:08,850 [omNode-3-server-thread1] INFO  server.RaftServer$Division (RaftServerImpl.java:checkInconsistentAppendEntries(1402)) - omNode-3@group-523986131536: Failed appendEntries as snapshot (59) installation is in progress
2022-10-18 21:56:08,850 [omNode-3-server-thread1] INFO  server.RaftServer$Division (RaftServerImpl.java:checkInconsistentAppendEntries(1394)) - omNode-3@group-523986131536: inconsistency entries. Reply:omNode-1<-omNode-3#655:FAIL-t5,INCONSISTENCY,nextIndex=57,followerCommit=56
2022-10-18 21:56:08,850 [grpc-default-executor-2] INFO  impl.SnapshotInstallationHandler (SnapshotInstallationHandler.java:installSnapshot(84)) - omNode-3@group-523986131536: receive installSnapshot: omNode-1->omNode-3#0-t5,notify:(t:5, i:59)
2022-10-18 21:56:08,850 [grpc-default-executor-2] INFO  impl.SnapshotInstallationHandler (SnapshotInstallationHandler.java:installSnapshot(95)) - omNode-3@group-523986131536: reply installSnapshot: omNode-1<-omNode-3#0:FAIL-t5,IN_PROGRESS
2022-10-18 21:56:08,850 [grpc-default-executor-2] INFO  server.GrpcServerProtocolService (GrpcServerProtocolService.java:onCompleted(140)) - omNode-3: Completed INSTALL_SNAPSHOT, lastRequest: omNode-1->omNode-3#0-t5,notify:(t:5, i:59)
2022-10-18 21:56:08,850 [grpc-default-executor-3] INFO  leader.FollowerInfo (FollowerInfoImpl.java:lambda$new$0(48)) - omNode-1@group-523986131536->omNode-3: nextIndex: updateUnconditionally 57 -> 57
2022-10-18 21:56:08,851 [grpc-default-executor-2] INFO  server.GrpcLogAppender (GrpcLogAppender.java:onNext(403)) - omNode-1@group-523986131536->omNode-3-InstallSnapshotResponseHandler: received a reply omNode-1<-omNode-3#0:FAIL-t5,IN_PROGRESS
2022-10-18 21:56:08,851 [grpc-default-executor-2] INFO  server.GrpcLogAppender (GrpcLogAppender.java:onNext(421)) - omNode-1@group-523986131536->omNode-3-InstallSnapshotResponseHandler: InstallSnapshot in progress.
2022-10-18 21:56:08,851 [omNode-1@group-523986131536->omNode-3-GrpcLogAppender-LogAppenderDaemon] INFO  server.GrpcLogAppender (GrpcLogAppender.java:installSnapshot(541)) - omNode-1@group-523986131536->omNode-3-GrpcLogAppender: followerNextIndex = 57 but logStartIndex = 59, notify follower to install snapshot-(t:5, i:59)
2022-10-18 21:56:08,851 [omNode-1@group-523986131536->omNode-3-GrpcLogAppender-LogAppenderDaemon] INFO  server.GrpcLogAppender (GrpcLogAppender.java:installSnapshot(549)) - omNode-1@group-523986131536->omNode-3-GrpcLogAppender: send omNode-1->omNode-3#0-t5,notify:(t:5, i:59)
2022-10-18 21:56:08,851 [omNode-3-server-thread1] INFO  server.RaftServer$Division (RaftServerImpl.java:checkInconsistentAppendEntries(1402)) - omNode-3@group-523986131536: Failed appendEntries as snapshot (59) installation is in progress
2022-10-18 21:56:08,851 [omNode-3-server-thread1] INFO  server.RaftServer$Division (RaftServerImpl.java:checkInconsistentAppendEntries(1394)) - omNode-3@group-523986131536: inconsistency entries. Reply:omNode-1<-omNode-3#656:FAIL-t5,INCONSISTENCY,nextIndex=57,followerCommit=56
2022-10-18 21:56:08,851 [grpc-default-executor-3] INFO  leader.FollowerInfo (FollowerInfoImpl.java:lambda$new$0(48)) - omNode-1@group-523986131536->omNode-3: nextIndex: updateUnconditionally 57 -> 57
2022-10-18 21:56:08,852 [grpc-default-executor-2] INFO  impl.SnapshotInstallationHandler (SnapshotInstallationHandler.java:installSnapshot(84)) - omNode-3@group-523986131536: receive installSnapshot: omNode-1->omNode-3#0-t5,notify:(t:5, i:59)
2022-10-18 21:56:08,852 [grpc-default-executor-2] INFO  impl.SnapshotInstallationHandler (SnapshotInstallationHandler.java:installSnapshot(95)) - omNode-3@group-523986131536: reply installSnapshot: omNode-1<-omNode-3#0:FAIL-t5,IN_PROGRESS
2022-10-18 21:56:08,852 [grpc-default-executor-2] INFO  server.GrpcServerProtocolService (GrpcServerProtocolService.java:onCompleted(140)) - omNode-3: Completed INSTALL_SNAPSHOT, lastRequest: omNode-1->omNode-3#0-t5,notify:(t:5, i:59)
2022-10-18 21:56:08,852 [grpc-default-executor-2] INFO  server.GrpcLogAppender (GrpcLogAppender.java:onNext(403)) - omNode-1@group-523986131536->omNode-3-InstallSnapshotResponseHandler: received a reply omNode-1<-omNode-3#0:FAIL-t5,IN_PROGRESS
2022-10-18 21:56:08,852 [grpc-default-executor-2] INFO  server.GrpcLogAppender (GrpcLogAppender.java:onNext(421)) - omNode-1@group-523986131536->omNode-3-InstallSnapshotResponseHandler: InstallSnapshot in progress.
2022-10-18 21:56:08,852 [omNode-1@group-523986131536->omNode-3-GrpcLogAppender-LogAppenderDaemon] INFO  server.GrpcLogAppender (GrpcLogAppender.java:installSnapshot(541)) - omNode-1@group-523986131536->omNode-3-GrpcLogAppender: followerNextIndex = 57 but logStartIndex = 59, notify follower to install snapshot-(t:5, i:59)
2022-10-18 21:56:08,852 [omNode-1@group-523986131536->omNode-3-GrpcLogAppender-LogAppenderDaemon] INFO  server.GrpcLogAppender (GrpcLogAppender.java:installSnapshot(549)) - omNode-1@group-523986131536->omNode-3-GrpcLogAppender: send omNode-1->omNode-3#0-t5,notify:(t:5, i:59)
2022-10-18 21:56:08,853 [omNode-3-server-thread1] INFO  server.RaftServer$Division (RaftServerImpl.java:checkInconsistentAppendEntries(1402)) - omNode-3@group-523986131536: Failed appendEntries as snapshot (59) installation is in progress
2022-10-18 21:56:08,853 [omNode-3-server-thread1] INFO  server.RaftServer$Division (RaftServerImpl.java:checkInconsistentAppendEntries(1394)) - omNode-3@group-523986131536: inconsistency entries. Reply:omNode-1<-omNode-3#657:FAIL-t5,INCONSISTENCY,nextIndex=57,followerCommit=56
2022-10-18 21:56:08,853 [grpc-default-executor-3] INFO  leader.FollowerInfo (FollowerInfoImpl.java:lambda$new$0(48)) - omNode-1@group-523986131536->omNode-3: nextIndex: updateUnconditionally 57 -> 57
2022-10-18 21:56:08,853 [grpc-default-executor-3] INFO  impl.SnapshotInstallationHandler (SnapshotInstallationHandler.java:installSnapshot(84)) - omNode-3@group-523986131536: receive installSnapshot: omNode-1->omNode-3#0-t5,notify:(t:5, i:59)
2022-10-18 21:56:08,853 [grpc-default-executor-3] INFO  impl.SnapshotInstallationHandler (SnapshotInstallationHandler.java:installSnapshot(95)) - omNode-3@group-523986131536: reply installSnapshot: omNode-1<-omNode-3#0:FAIL-t5,IN_PROGRESS
2022-10-18 21:56:08,853 [grpc-default-executor-3] INFO  server.GrpcServerProtocolService (GrpcServerProtocolService.java:onCompleted(140)) - omNode-3: Completed INSTALL_SNAPSHOT, lastRequest: omNode-1->omNode-3#0-t5,notify:(t:5, i:59)
2022-10-18 21:56:08,854 [grpc-default-executor-3] INFO  server.GrpcLogAppender (GrpcLogAppender.java:onNext(403)) - omNode-1@group-523986131536->omNode-3-InstallSnapshotResponseHandler: received a reply omNode-1<-omNode-3#0:FAIL-t5,IN_PROGRESS
2022-10-18 21:56:08,854 [grpc-default-executor-3] INFO  server.GrpcLogAppender (GrpcLogAppender.java:onNext(421)) - omNode-1@group-523986131536->omNode-3-InstallSnapshotResponseHandler: InstallSnapshot in progress.
2022-10-18 21:56:08,854 [omNode-1@group-523986131536->omNode-3-GrpcLogAppender-LogAppenderDaemon] INFO  server.GrpcLogAppender (GrpcLogAppender.java:installSnapshot(541)) - omNode-1@group-523986131536->omNode-3-GrpcLogAppender: followerNextIndex = 57 but logStartIndex = 59, notify follower to install snapshot-(t:5, i:59)
2022-10-18 21:56:08,854 [omNode-1@group-523986131536->omNode-3-GrpcLogAppender-LogAppenderDaemon] INFO  server.GrpcLogAppender (GrpcLogAppender.java:installSnapshot(549)) - omNode-1@group-523986131536->omNode-3-GrpcLogAppender: send omNode-1->omNode-3#0-t5,notify:(t:5, i:59)
2022-10-18 21:56:08,854 [omNode-3-server-thread1] INFO  server.RaftServer$Division (RaftServerImpl.java:checkInconsistentAppendEntries(1402)) - omNode-3@group-523986131536: Failed appendEntries as snapshot (59) installation is in progress
2022-10-18 21:56:08,854 [omNode-3-server-thread1] INFO  server.RaftServer$Division (RaftServerImpl.java:checkInconsistentAppendEntries(1394)) - omNode-3@group-523986131536: inconsistency entries. Reply:omNode-1<-omNode-3#658:FAIL-t5,INCONSISTENCY,nextIndex=57,followerCommit=56
2022-10-18 21:56:08,855 [grpc-default-executor-3] INFO  impl.SnapshotInstallationHandler (SnapshotInstallationHandler.java:installSnapshot(84)) - omNode-3@group-523986131536: receive installSnapshot: omNode-1->omNode-3#0-t5,notify:(t:5, i:59)
2022-10-18 21:56:08,855 [grpc-default-executor-2] INFO  leader.FollowerInfo (FollowerInfoImpl.java:lambda$new$0(48)) - omNode-1@group-523986131536->omNode-3: nextIndex: updateUnconditionally 57 -> 57
2022-10-18 21:56:08,855 [grpc-default-executor-3] INFO  impl.SnapshotInstallationHandler (SnapshotInstallationHandler.java:installSnapshot(95)) - omNode-3@group-523986131536: reply installSnapshot: omNode-1<-omNode-3#0:FAIL-t5,IN_PROGRESS
2022-10-18 21:56:08,855 [grpc-default-executor-3] INFO  server.GrpcServerProtocolService (GrpcServerProtocolService.java:onCompleted(140)) - omNode-3: Completed INSTALL_SNAPSHOT, lastRequest: omNode-1->omNode-3#0-t5,notify:(t:5, i:59)
2022-10-18 21:56:08,855 [grpc-default-executor-2] INFO  server.GrpcLogAppender (GrpcLogAppender.java:onNext(403)) - omNode-1@group-523986131536->omNode-3-InstallSnapshotResponseHandler: received a reply omNode-1<-omNode-3#0:FAIL-t5,IN_PROGRESS
2022-10-18 21:56:08,855 [grpc-default-executor-2] INFO  server.GrpcLogAppender (GrpcLogAppender.java:onNext(421)) - omNode-1@group-523986131536->omNode-3-InstallSnapshotResponseHandler: InstallSnapshot in progress.
2022-10-18 21:56:08,855 [omNode-1@group-523986131536->omNode-3-GrpcLogAppender-LogAppenderDaemon] INFO  server.GrpcLogAppender (GrpcLogAppender.java:installSnapshot(541)) - omNode-1@group-523986131536->omNode-3-GrpcLogAppender: followerNextIndex = 57 but logStartIndex = 59, notify follower to install snapshot-(t:5, i:59)
2022-10-18 21:56:08,856 [omNode-1@group-523986131536->omNode-3-GrpcLogAppender-LogAppenderDaemon] INFO  server.GrpcLogAppender (GrpcLogAppender.java:installSnapshot(549)) - omNode-1@group-523986131536->omNode-3-GrpcLogAppender: send omNode-1->omNode-3#0-t5,notify:(t:5, i:59)
2022-10-18 21:56:08,856 [omNode-3-server-thread1] INFO  server.RaftServer$Division (RaftServerImpl.java:checkInconsistentAppendEntries(1402)) - omNode-3@group-523986131536: Failed appendEntries as snapshot (59) installation is in progress
2022-10-18 21:56:08,856 [omNode-3-server-thread1] INFO  server.RaftServer$Division (RaftServerImpl.java:checkInconsistentAppendEntries(1394)) - omNode-3@group-523986131536: inconsistency entries. Reply:omNode-1<-omNode-3#659:FAIL-t5,INCONSISTENCY,nextIndex=57,followerCommit=56
2022-10-18 21:56:08,856 [grpc-default-executor-3] INFO  leader.FollowerInfo (FollowerInfoImpl.java:lambda$new$0(48)) - omNode-1@group-523986131536->omNode-3: nextIndex: updateUnconditionally 57 -> 57
2022-10-18 21:56:08,856 [grpc-default-executor-3] INFO  impl.SnapshotInstallationHandler (SnapshotInstallationHandler.java:installSnapshot(84)) - omNode-3@group-523986131536: receive installSnapshot: omNode-1->omNode-3#0-t5,notify:(t:5, i:59)
2022-10-18 21:56:08,856 [grpc-default-executor-3] INFO  impl.SnapshotInstallationHandler (SnapshotInstallationHandler.java:installSnapshot(95)) - omNode-3@group-523986131536: reply installSnapshot: omNode-1<-omNode-3#0:FAIL-t5,IN_PROGRESS
2022-10-18 21:56:08,856 [grpc-default-executor-3] INFO  server.GrpcServerProtocolService (GrpcServerProtocolService.java:onCompleted(140)) - omNode-3: Completed INSTALL_SNAPSHOT, lastRequest: omNode-1->omNode-3#0-t5,notify:(t:5, i:59)
2022-10-18 21:56:08,857 [grpc-default-executor-3] INFO  server.GrpcLogAppender (GrpcLogAppender.java:onNext(403)) - omNode-1@group-523986131536->omNode-3-InstallSnapshotResponseHandler: received a reply omNode-1<-omNode-3#0:FAIL-t5,IN_PROGRESS
2022-10-18 21:56:08,857 [grpc-default-executor-3] INFO  server.GrpcLogAppender (GrpcLogAppender.java:onNext(421)) - omNode-1@group-523986131536->omNode-3-InstallSnapshotResponseHandler: InstallSnapshot in progress.
2022-10-18 21:56:08,857 [omNode-1@group-523986131536->omNode-3-GrpcLogAppender-LogAppenderDaemon] INFO  server.GrpcLogAppender (GrpcLogAppender.java:installSnapshot(541)) - omNode-1@group-523986131536->omNode-3-GrpcLogAppender: followerNextIndex = 57 but logStartIndex = 59, notify follower to install snapshot-(t:5, i:59)
2022-10-18 21:56:08,857 [omNode-1@group-523986131536->omNode-3-GrpcLogAppender-LogAppenderDaemon] INFO  server.GrpcLogAppender (GrpcLogAppender.java:installSnapshot(549)) - omNode-1@group-523986131536->omNode-3-GrpcLogAppender: send omNode-1->omNode-3#0-t5,notify:(t:5, i:59)
2022-10-18 21:56:08,857 [omNode-3-server-thread1] INFO  server.RaftServer$Division (RaftServerImpl.java:checkInconsistentAppendEntries(1402)) - omNode-3@group-523986131536: Failed appendEntries as snapshot (59) installation is in progress
2022-10-18 21:56:08,857 [omNode-3-server-thread1] INFO  server.RaftServer$Division (RaftServerImpl.java:checkInconsistentAppendEntries(1394)) - omNode-3@group-523986131536: inconsistency entries. Reply:omNode-1<-omNode-3#660:FAIL-t5,INCONSISTENCY,nextIndex=57,followerCommit=56
2022-10-18 21:56:08,858 [grpc-default-executor-3] INFO  impl.SnapshotInstallationHandler (SnapshotInstallationHandler.java:installSnapshot(84)) - omNode-3@group-523986131536: receive installSnapshot: omNode-1->omNode-3#0-t5,notify:(t:5, i:59)
2022-10-18 21:56:08,858 [grpc-default-executor-2] INFO  leader.FollowerInfo (FollowerInfoImpl.java:lambda$new$0(48)) - omNode-1@group-523986131536->omNode-3: nextIndex: updateUnconditionally 57 -> 57
2022-10-18 21:56:08,858 [grpc-default-executor-3] INFO  impl.SnapshotInstallationHandler (SnapshotInstallationHandler.java:installSnapshot(95)) - omNode-3@group-523986131536: reply installSnapshot: omNode-1<-omNode-3#0:FAIL-t5,IN_PROGRESS
2022-10-18 21:56:08,858 [grpc-default-executor-3] INFO  server.GrpcServerProtocolService (GrpcServerProtocolService.java:onCompleted(140)) - omNode-3: Completed INSTALL_SNAPSHOT, lastRequest: omNode-1->omNode-3#0-t5,notify:(t:5, i:59)
2022-10-18 21:56:08,858 [grpc-default-executor-3] INFO  server.GrpcLogAppender (GrpcLogAppender.java:onNext(403)) - omNode-1@group-523986131536->omNode-3-InstallSnapshotResponseHandler: received a reply omNode-1<-omNode-3#0:FAIL-t5,IN_PROGRESS
2022-10-18 21:56:08,858 [grpc-default-executor-3] INFO  server.GrpcLogAppender (GrpcLogAppender.java:onNext(421)) - omNode-1@group-523986131536->omNode-3-InstallSnapshotResponseHandler: InstallSnapshot in progress.
2022-10-18 21:56:08,858 [omNode-1@group-523986131536->omNode-3-GrpcLogAppender-LogAppenderDaemon] INFO  server.GrpcLogAppender (GrpcLogAppender.java:installSnapshot(541)) - omNode-1@group-523986131536->omNode-3-GrpcLogAppender: followerNextIndex = 57 but logStartIndex = 59, notify follower to install snapshot-(t:5, i:59)
2022-10-18 21:56:08,858 [omNode-1@group-523986131536->omNode-3-GrpcLogAppender-LogAppenderDaemon] INFO  server.GrpcLogAppender (GrpcLogAppender.java:installSnapshot(549)) - omNode-1@group-523986131536->omNode-3-GrpcLogAppender: send omNode-1->omNode-3#0-t5,notify:(t:5, i:59)
2022-10-18 21:56:08,859 [omNode-3-server-thread1] INFO  server.RaftServer$Division (RaftServerImpl.java:checkInconsistentAppendEntries(1402)) - omNode-3@group-523986131536: Failed appendEntries as snapshot (59) installation is in progress
2022-10-18 21:56:08,859 [omNode-3-server-thread1] INFO  server.RaftServer$Division (RaftServerImpl.java:checkInconsistentAppendEntries(1394)) - omNode-3@group-523986131536: inconsistency entries. Reply:omNode-1<-omNode-3#661:FAIL-t5,INCONSISTENCY,nextIndex=57,followerCommit=56
2022-10-18 21:56:08,859 [grpc-default-executor-3] INFO  impl.SnapshotInstallationHandler (SnapshotInstallationHandler.java:installSnapshot(84)) - omNode-3@group-523986131536: receive installSnapshot: omNode-1->omNode-3#0-t5,notify:(t:5, i:59)
2022-10-18 21:56:08,859 [grpc-default-executor-2] INFO  leader.FollowerInfo (FollowerInfoImpl.java:lambda$new$0(48)) - omNode-1@group-523986131536->omNode-3: nextIndex: updateUnconditionally 57 -> 57
2022-10-18 21:56:08,859 [grpc-default-executor-3] INFO  impl.SnapshotInstallationHandler (SnapshotInstallationHandler.java:installSnapshot(95)) - omNode-3@group-523986131536: reply installSnapshot: omNode-1<-omNode-3#0:FAIL-t5,IN_PROGRESS
2022-10-18 21:56:08,859 [grpc-default-executor-3] INFO  server.GrpcServerProtocolService (GrpcServerProtocolService.java:onCompleted(140)) - omNode-3: Completed INSTALL_SNAPSHOT, lastRequest: omNode-1->omNode-3#0-t5,notify:(t:5, i:59)
2022-10-18 21:56:08,859 [grpc-default-executor-2] INFO  server.GrpcLogAppender (GrpcLogAppender.java:onNext(403)) - omNode-1@group-523986131536->omNode-3-InstallSnapshotResponseHandler: received a reply omNode-1<-omNode-3#0:FAIL-t5,IN_PROGRESS
2022-10-18 21:56:08,860 [grpc-default-executor-2] INFO  server.GrpcLogAppender (GrpcLogAppender.java:onNext(421)) - omNode-1@group-523986131536->omNode-3-InstallSnapshotResponseHandler: InstallSnapshot in progress.
2022-10-18 21:56:08,860 [omNode-1@group-523986131536->omNode-3-GrpcLogAppender-LogAppenderDaemon] INFO  server.GrpcLogAppender (GrpcLogAppender.java:installSnapshot(541)) - omNode-1@group-523986131536->omNode-3-GrpcLogAppender: followerNextIndex = 57 but logStartIndex = 59, notify follower to install snapshot-(t:5, i:59)
2022-10-18 21:56:08,860 [omNode-1@group-523986131536->omNode-3-GrpcLogAppender-LogAppenderDaemon] INFO  server.GrpcLogAppender (GrpcLogAppender.java:installSnapshot(549)) - omNode-1@group-523986131536->omNode-3-GrpcLogAppender: send omNode-1->omNode-3#0-t5,notify:(t:5, i:59)
2022-10-18 21:56:08,860 [omNode-3-server-thread1] INFO  server.RaftServer$Division (RaftServerImpl.java:checkInconsistentAppendEntries(1402)) - omNode-3@group-523986131536: Failed appendEntries as snapshot (59) installation is in progress
2022-10-18 21:56:08,860 [omNode-3-server-thread1] INFO  server.RaftServer$Division (RaftServerImpl.java:checkInconsistentAppendEntries(1394)) - omNode-3@group-523986131536: inconsistency entries. Reply:omNode-1<-omNode-3#662:FAIL-t5,INCONSISTENCY,nextIndex=57,followerCommit=56
2022-10-18 21:56:08,860 [grpc-default-executor-3] INFO  leader.FollowerInfo (FollowerInfoImpl.java:lambda$new$0(48)) - omNode-1@group-523986131536->omNode-3: nextIndex: updateUnconditionally 57 -> 57
2022-10-18 21:56:08,860 [grpc-default-executor-2] INFO  impl.SnapshotInstallationHandler (SnapshotInstallationHandler.java:installSnapshot(84)) - omNode-3@group-523986131536: receive installSnapshot: omNode-1->omNode-3#0-t5,notify:(t:5, i:59)
2022-10-18 21:56:08,861 [grpc-default-executor-2] INFO  impl.SnapshotInstallationHandler (SnapshotInstallationHandler.java:installSnapshot(95)) - omNode-3@group-523986131536: reply installSnapshot: omNode-1<-omNode-3#0:FAIL-t5,IN_PROGRESS
2022-10-18 21:56:08,861 [grpc-default-executor-2] INFO  server.GrpcServerProtocolService (GrpcServerProtocolService.java:onCompleted(140)) - omNode-3: Completed INSTALL_SNAPSHOT, lastRequest: omNode-1->omNode-3#0-t5,notify:(t:5, i:59)
2022-10-18 21:56:08,861 [grpc-default-executor-2] INFO  server.GrpcLogAppender (GrpcLogAppender.java:onNext(403)) - omNode-1@group-523986131536->omNode-3-InstallSnapshotResponseHandler: received a reply omNode-1<-omNode-3#0:FAIL-t5,IN_PROGRESS
2022-10-18 21:56:08,861 [grpc-default-executor-2] INFO  server.GrpcLogAppender (GrpcLogAppender.java:onNext(421)) - omNode-1@group-523986131536->omNode-3-InstallSnapshotResponseHandler: InstallSnapshot in progress.
2022-10-18 21:56:08,861 [omNode-1@group-523986131536->omNode-3-GrpcLogAppender-LogAppenderDaemon] INFO  server.GrpcLogAppender (GrpcLogAppender.java:installSnapshot(541)) - omNode-1@group-523986131536->omNode-3-GrpcLogAppender: followerNextIndex = 57 but logStartIndex = 59, notify follower to install snapshot-(t:5, i:59)
2022-10-18 21:56:08,861 [omNode-1@group-523986131536->omNode-3-GrpcLogAppender-LogAppenderDaemon] INFO  server.GrpcLogAppender (GrpcLogAppender.java:installSnapshot(549)) - omNode-1@group-523986131536->omNode-3-GrpcLogAppender: send omNode-1->omNode-3#0-t5,notify:(t:5, i:59)
2022-10-18 21:56:08,861 [omNode-3-server-thread1] INFO  server.RaftServer$Division (RaftServerImpl.java:checkInconsistentAppendEntries(1402)) - omNode-3@group-523986131536: Failed appendEntries as snapshot (59) installation is in progress
2022-10-18 21:56:08,861 [omNode-3-server-thread1] INFO  server.RaftServer$Division (RaftServerImpl.java:checkInconsistentAppendEntries(1394)) - omNode-3@group-523986131536: inconsistency entries. Reply:omNode-1<-omNode-3#663:FAIL-t5,INCONSISTENCY,nextIndex=57,followerCommit=56
2022-10-18 21:56:08,862 [grpc-default-executor-3] INFO  leader.FollowerInfo (FollowerInfoImpl.java:lambda$new$0(48)) - omNode-1@group-523986131536->omNode-3: nextIndex: updateUnconditionally 57 -> 57
2022-10-18 21:56:08,862 [grpc-default-executor-2] INFO  impl.SnapshotInstallationHandler (SnapshotInstallationHandler.java:installSnapshot(84)) - omNode-3@group-523986131536: receive installSnapshot: omNode-1->omNode-3#0-t5,notify:(t:5, i:59)
2022-10-18 21:56:08,862 [grpc-default-executor-2] INFO  impl.SnapshotInstallationHandler (SnapshotInstallationHandler.java:installSnapshot(95)) - omNode-3@group-523986131536: reply installSnapshot: omNode-1<-omNode-3#0:FAIL-t5,IN_PROGRESS
2022-10-18 21:56:08,862 [grpc-default-executor-2] INFO  server.GrpcServerProtocolService (GrpcServerProtocolService.java:onCompleted(140)) - omNode-3: Completed INSTALL_SNAPSHOT, lastRequest: omNode-1->omNode-3#0-t5,notify:(t:5, i:59)
2022-10-18 21:56:08,862 [grpc-default-executor-2] INFO  server.GrpcLogAppender (GrpcLogAppender.java:onNext(403)) - omNode-1@group-523986131536->omNode-3-InstallSnapshotResponseHandler: received a reply omNode-1<-omNode-3#0:FAIL-t5,IN_PROGRESS
2022-10-18 21:56:08,863 [grpc-default-executor-2] INFO  server.GrpcLogAppender (GrpcLogAppender.java:onNext(421)) - omNode-1@group-523986131536->omNode-3-InstallSnapshotResponseHandler: InstallSnapshot in progress.
2022-10-18 21:56:08,863 [omNode-1@group-523986131536->omNode-3-GrpcLogAppender-LogAppenderDaemon] INFO  server.GrpcLogAppender (GrpcLogAppender.java:installSnapshot(541)) - omNode-1@group-523986131536->omNode-3-GrpcLogAppender: followerNextIndex = 57 but logStartIndex = 59, notify follower to install snapshot-(t:5, i:59)
2022-10-18 21:56:08,863 [omNode-1@group-523986131536->omNode-3-GrpcLogAppender-LogAppenderDaemon] INFO  server.GrpcLogAppender (GrpcLogAppender.java:installSnapshot(549)) - omNode-1@group-523986131536->omNode-3-GrpcLogAppender: send omNode-1->omNode-3#0-t5,notify:(t:5, i:59)
2022-10-18 21:56:08,863 [omNode-3-server-thread1] INFO  server.RaftServer$Division (RaftServerImpl.java:checkInconsistentAppendEntries(1402)) - omNode-3@group-523986131536: Failed appendEntries as snapshot (59) installation is in progress
2022-10-18 21:56:08,863 [omNode-3-server-thread1] INFO  server.RaftServer$Division (RaftServerImpl.java:checkInconsistentAppendEntries(1394)) - omNode-3@group-523986131536: inconsistency entries. Reply:omNode-1<-omNode-3#664:FAIL-t5,INCONSISTENCY,nextIndex=57,followerCommit=56
2022-10-18 21:56:08,863 [grpc-default-executor-3] INFO  leader.FollowerInfo (FollowerInfoImpl.java:lambda$new$0(48)) - omNode-1@group-523986131536->omNode-3: nextIndex: updateUnconditionally 57 -> 57
2022-10-18 21:56:08,863 [grpc-default-executor-2] INFO  impl.SnapshotInstallationHandler (SnapshotInstallationHandler.java:installSnapshot(84)) - omNode-3@group-523986131536: receive installSnapshot: omNode-1->omNode-3#0-t5,notify:(t:5, i:59)
2022-10-18 21:56:08,863 [grpc-default-executor-2] INFO  impl.SnapshotInstallationHandler (SnapshotInstallationHandler.java:installSnapshot(95)) - omNode-3@group-523986131536: reply installSnapshot: omNode-1<-omNode-3#0:FAIL-t5,IN_PROGRESS
2022-10-18 21:56:08,864 [grpc-default-executor-2] INFO  server.GrpcServerProtocolService (GrpcServerProtocolService.java:onCompleted(140)) - omNode-3: Completed INSTALL_SNAPSHOT, lastRequest: omNode-1->omNode-3#0-t5,notify:(t:5, i:59)
2022-10-18 21:56:08,864 [grpc-default-executor-2] INFO  server.GrpcLogAppender (GrpcLogAppender.java:onNext(403)) - omNode-1@group-523986131536->omNode-3-InstallSnapshotResponseHandler: received a reply omNode-1<-omNode-3#0:FAIL-t5,IN_PROGRESS
2022-10-18 21:56:08,864 [grpc-default-executor-2] INFO  server.GrpcLogAppender (GrpcLogAppender.java:onNext(421)) - omNode-1@group-523986131536->omNode-3-InstallSnapshotResponseHandler: InstallSnapshot in progress.
2022-10-18 21:56:08,864 [omNode-1@group-523986131536->omNode-3-GrpcLogAppender-LogAppenderDaemon] INFO  server.GrpcLogAppender (GrpcLogAppender.java:installSnapshot(541)) - omNode-1@group-523986131536->omNode-3-GrpcLogAppender: followerNextIndex = 57 but logStartIndex = 59, notify follower to install snapshot-(t:5, i:59)
2022-10-18 21:56:08,864 [omNode-1@group-523986131536->omNode-3-GrpcLogAppender-LogAppenderDaemon] INFO  server.GrpcLogAppender (GrpcLogAppender.java:installSnapshot(549)) - omNode-1@group-523986131536->omNode-3-GrpcLogAppender: send omNode-1->omNode-3#0-t5,notify:(t:5, i:59)
2022-10-18 21:56:08,864 [omNode-3-server-thread1] INFO  server.RaftServer$Division (RaftServerImpl.java:checkInconsistentAppendEntries(1402)) - omNode-3@group-523986131536: Failed appendEntries as snapshot (59) installation is in progress
2022-10-18 21:56:08,864 [omNode-3-server-thread1] INFO  server.RaftServer$Division (RaftServerImpl.java:checkInconsistentAppendEntries(1394)) - omNode-3@group-523986131536: inconsistency entries. Reply:omNode-1<-omNode-3#665:FAIL-t5,INCONSISTENCY,nextIndex=57,followerCommit=56
2022-10-18 21:56:08,865 [grpc-default-executor-3] INFO  leader.FollowerInfo (FollowerInfoImpl.java:lambda$new$0(48)) - omNode-1@group-523986131536->omNode-3: nextIndex: updateUnconditionally 57 -> 57
2022-10-18 21:56:08,865 [grpc-default-executor-2] INFO  impl.SnapshotInstallationHandler (SnapshotInstallationHandler.java:installSnapshot(84)) - omNode-3@group-523986131536: receive installSnapshot: omNode-1->omNode-3#0-t5,notify:(t:5, i:59)
2022-10-18 21:56:08,865 [grpc-default-executor-2] INFO  impl.SnapshotInstallationHandler (SnapshotInstallationHandler.java:installSnapshot(95)) - omNode-3@group-523986131536: reply installSnapshot: omNode-1<-omNode-3#0:FAIL-t5,IN_PROGRESS
2022-10-18 21:56:08,865 [grpc-default-executor-2] INFO  server.GrpcServerProtocolService (GrpcServerProtocolService.java:onCompleted(140)) - omNode-3: Completed INSTALL_SNAPSHOT, lastRequest: omNode-1->omNode-3#0-t5,notify:(t:5, i:59)
2022-10-18 21:56:08,866 [grpc-default-executor-2] INFO  server.GrpcLogAppender (GrpcLogAppender.java:onNext(403)) - omNode-1@group-523986131536->omNode-3-InstallSnapshotResponseHandler: received a reply omNode-1<-omNode-3#0:FAIL-t5,IN_PROGRESS
2022-10-18 21:56:08,866 [grpc-default-executor-2] INFO  server.GrpcLogAppender (GrpcLogAppender.java:onNext(421)) - omNode-1@group-523986131536->omNode-3-InstallSnapshotResponseHandler: InstallSnapshot in progress.
2022-10-18 21:56:08,866 [omNode-1@group-523986131536->omNode-3-GrpcLogAppender-LogAppenderDaemon] INFO  server.GrpcLogAppender (GrpcLogAppender.java:installSnapshot(541)) - omNode-1@group-523986131536->omNode-3-GrpcLogAppender: followerNextIndex = 57 but logStartIndex = 59, notify follower to install snapshot-(t:5, i:59)
2022-10-18 21:56:08,866 [omNode-1@group-523986131536->omNode-3-GrpcLogAppender-LogAppenderDaemon] INFO  server.GrpcLogAppender (GrpcLogAppender.java:installSnapshot(549)) - omNode-1@group-523986131536->omNode-3-GrpcLogAppender: send omNode-1->omNode-3#0-t5,notify:(t:5, i:59)
2022-10-18 21:56:08,866 [omNode-3-server-thread1] INFO  server.RaftServer$Division (RaftServerImpl.java:checkInconsistentAppendEntries(1402)) - omNode-3@group-523986131536: Failed appendEntries as snapshot (59) installation is in progress
2022-10-18 21:56:08,866 [omNode-3-server-thread1] INFO  server.RaftServer$Division (RaftServerImpl.java:checkInconsistentAppendEntries(1394)) - omNode-3@group-523986131536: inconsistency entries. Reply:omNode-1<-omNode-3#666:FAIL-t5,INCONSISTENCY,nextIndex=57,followerCommit=56
2022-10-18 21:56:08,866 [grpc-default-executor-0] INFO  leader.FollowerInfo (FollowerInfoImpl.java:lambda$new$0(48)) - omNode-1@group-523986131536->omNode-3: nextIndex: updateUnconditionally 57 -> 57
2022-10-18 21:56:08,866 [grpc-default-executor-3] INFO  impl.SnapshotInstallationHandler (SnapshotInstallationHandler.java:installSnapshot(84)) - omNode-3@group-523986131536: receive installSnapshot: omNode-1->omNode-3#0-t5,notify:(t:5, i:59)
2022-10-18 21:56:08,867 [grpc-default-executor-3] INFO  impl.SnapshotInstallationHandler (SnapshotInstallationHandler.java:installSnapshot(95)) - omNode-3@group-523986131536: reply installSnapshot: omNode-1<-omNode-3#0:FAIL-t5,IN_PROGRESS
2022-10-18 21:56:08,867 [grpc-default-executor-3] INFO  server.GrpcServerProtocolService (GrpcServerProtocolService.java:onCompleted(140)) - omNode-3: Completed INSTALL_SNAPSHOT, lastRequest: omNode-1->omNode-3#0-t5,notify:(t:5, i:59)
2022-10-18 21:56:08,867 [grpc-default-executor-3] INFO  server.GrpcLogAppender (GrpcLogAppender.java:onNext(403)) - omNode-1@group-523986131536->omNode-3-InstallSnapshotResponseHandler: received a reply omNode-1<-omNode-3#0:FAIL-t5,IN_PROGRESS
2022-10-18 21:56:08,867 [grpc-default-executor-3] INFO  server.GrpcLogAppender (GrpcLogAppender.java:onNext(421)) - omNode-1@group-523986131536->omNode-3-InstallSnapshotResponseHandler: InstallSnapshot in progress.
2022-10-18 21:56:08,867 [omNode-1@group-523986131536->omNode-3-GrpcLogAppender-LogAppenderDaemon] INFO  server.GrpcLogAppender (GrpcLogAppender.java:installSnapshot(541)) - omNode-1@group-523986131536->omNode-3-GrpcLogAppender: followerNextIndex = 57 but logStartIndex = 59, notify follower to install snapshot-(t:5, i:59)
2022-10-18 21:56:08,867 [omNode-1@group-523986131536->omNode-3-GrpcLogAppender-LogAppenderDaemon] INFO  server.GrpcLogAppender (GrpcLogAppender.java:installSnapshot(549)) - omNode-1@group-523986131536->omNode-3-GrpcLogAppender: send omNode-1->omNode-3#0-t5,notify:(t:5, i:59)
2022-10-18 21:56:08,867 [omNode-3-server-thread1] INFO  server.RaftServer$Division (RaftServerImpl.java:checkInconsistentAppendEntries(1402)) - omNode-3@group-523986131536: Failed appendEntries as snapshot (59) installation is in progress
2022-10-18 21:56:08,867 [omNode-3-server-thread1] INFO  server.RaftServer$Division (RaftServerImpl.java:checkInconsistentAppendEntries(1394)) - omNode-3@group-523986131536: inconsistency entries. Reply:omNode-1<-omNode-3#667:FAIL-t5,INCONSISTENCY,nextIndex=57,followerCommit=56
2022-10-18 21:56:08,868 [grpc-default-executor-3] INFO  impl.SnapshotInstallationHandler (SnapshotInstallationHandler.java:installSnapshot(84)) - omNode-3@group-523986131536: receive installSnapshot: omNode-1->omNode-3#0-t5,notify:(t:5, i:59)
2022-10-18 21:56:08,868 [grpc-default-executor-0] INFO  leader.FollowerInfo (FollowerInfoImpl.java:lambda$new$0(48)) - omNode-1@group-523986131536->omNode-3: nextIndex: updateUnconditionally 57 -> 57
2022-10-18 21:56:08,868 [grpc-default-executor-3] INFO  impl.SnapshotInstallationHandler (SnapshotInstallationHandler.java:installSnapshot(95)) - omNode-3@group-523986131536: reply installSnapshot: omNode-1<-omNode-3#0:FAIL-t5,IN_PROGRESS
2022-10-18 21:56:08,868 [grpc-default-executor-3] INFO  server.GrpcServerProtocolService (GrpcServerProtocolService.java:onCompleted(140)) - omNode-3: Completed INSTALL_SNAPSHOT, lastRequest: omNode-1->omNode-3#0-t5,notify:(t:5, i:59)
2022-10-18 21:56:08,868 [grpc-default-executor-3] INFO  server.GrpcLogAppender (GrpcLogAppender.java:onNext(403)) - omNode-1@group-523986131536->omNode-3-InstallSnapshotResponseHandler: received a reply omNode-1<-omNode-3#0:FAIL-t5,IN_PROGRESS
2022-10-18 21:56:08,868 [grpc-default-executor-3] INFO  server.GrpcLogAppender (GrpcLogAppender.java:onNext(421)) - omNode-1@group-523986131536->omNode-3-InstallSnapshotResponseHandler: InstallSnapshot in progress.
2022-10-18 21:56:08,869 [omNode-1@group-523986131536->omNode-3-GrpcLogAppender-LogAppenderDaemon] INFO  server.GrpcLogAppender (GrpcLogAppender.java:installSnapshot(541)) - omNode-1@group-523986131536->omNode-3-GrpcLogAppender: followerNextIndex = 57 but logStartIndex = 59, notify follower to install snapshot-(t:5, i:59)
2022-10-18 21:56:08,869 [omNode-1@group-523986131536->omNode-3-GrpcLogAppender-LogAppenderDaemon] INFO  server.GrpcLogAppender (GrpcLogAppender.java:installSnapshot(549)) - omNode-1@group-523986131536->omNode-3-GrpcLogAppender: send omNode-1->omNode-3#0-t5,notify:(t:5, i:59)
2022-10-18 21:56:08,869 [omNode-3-server-thread1] INFO  server.RaftServer$Division (RaftServerImpl.java:checkInconsistentAppendEntries(1402)) - omNode-3@group-523986131536: Failed appendEntries as snapshot (59) installation is in progress
2022-10-18 21:56:08,869 [omNode-3-server-thread1] INFO  server.RaftServer$Division (RaftServerImpl.java:checkInconsistentAppendEntries(1394)) - omNode-3@group-523986131536: inconsistency entries. Reply:omNode-1<-omNode-3#668:FAIL-t5,INCONSISTENCY,nextIndex=57,followerCommit=56
2022-10-18 21:56:08,869 [grpc-default-executor-3] INFO  impl.SnapshotInstallationHandler (SnapshotInstallationHandler.java:installSnapshot(84)) - omNode-3@group-523986131536: receive installSnapshot: omNode-1->omNode-3#0-t5,notify:(t:5, i:59)
2022-10-18 21:56:08,869 [grpc-default-executor-0] INFO  leader.FollowerInfo (FollowerInfoImpl.java:lambda$new$0(48)) - omNode-1@group-523986131536->omNode-3: nextIndex: updateUnconditionally 57 -> 57
2022-10-18 21:56:08,869 [grpc-default-executor-3] INFO  impl.SnapshotInstallationHandler (SnapshotInstallationHandler.java:installSnapshot(95)) - omNode-3@group-523986131536: reply installSnapshot: omNode-1<-omNode-3#0:FAIL-t5,IN_PROGRESS
2022-10-18 21:56:08,870 [grpc-default-executor-3] INFO  server.GrpcServerProtocolService (GrpcServerProtocolService.java:onCompleted(140)) - omNode-3: Completed INSTALL_SNAPSHOT, lastRequest: omNode-1->omNode-3#0-t5,notify:(t:5, i:59)
2022-10-18 21:56:08,870 [grpc-default-executor-3] INFO  server.GrpcLogAppender (GrpcLogAppender.java:onNext(403)) - omNode-1@group-523986131536->omNode-3-InstallSnapshotResponseHandler: received a reply omNode-1<-omNode-3#0:FAIL-t5,IN_PROGRESS
2022-10-18 21:56:08,870 [grpc-default-executor-3] INFO  server.GrpcLogAppender (GrpcLogAppender.java:onNext(421)) - omNode-1@group-523986131536->omNode-3-InstallSnapshotResponseHandler: InstallSnapshot in progress.
2022-10-18 21:56:08,870 [omNode-1@group-523986131536->omNode-3-GrpcLogAppender-LogAppenderDaemon] INFO  server.GrpcLogAppender (GrpcLogAppender.java:installSnapshot(541)) - omNode-1@group-523986131536->omNode-3-GrpcLogAppender: followerNextIndex = 57 but logStartIndex = 59, notify follower to install snapshot-(t:5, i:59)
2022-10-18 21:56:08,870 [omNode-1@group-523986131536->omNode-3-GrpcLogAppender-LogAppenderDaemon] INFO  server.GrpcLogAppender (GrpcLogAppender.java:installSnapshot(549)) - omNode-1@group-523986131536->omNode-3-GrpcLogAppender: send omNode-1->omNode-3#0-t5,notify:(t:5, i:59)
2022-10-18 21:56:08,870 [omNode-3-server-thread1] INFO  server.RaftServer$Division (RaftServerImpl.java:checkInconsistentAppendEntries(1402)) - omNode-3@group-523986131536: Failed appendEntries as snapshot (59) installation is in progress
2022-10-18 21:56:08,870 [omNode-3-server-thread1] INFO  server.RaftServer$Division (RaftServerImpl.java:checkInconsistentAppendEntries(1394)) - omNode-3@group-523986131536: inconsistency entries. Reply:omNode-1<-omNode-3#669:FAIL-t5,INCONSISTENCY,nextIndex=57,followerCommit=56
2022-10-18 21:56:08,871 [grpc-default-executor-3] INFO  impl.SnapshotInstallationHandler (SnapshotInstallationHandler.java:installSnapshot(84)) - omNode-3@group-523986131536: receive installSnapshot: omNode-1->omNode-3#0-t5,notify:(t:5, i:59)
2022-10-18 21:56:08,871 [grpc-default-executor-2] INFO  leader.FollowerInfo (FollowerInfoImpl.java:lambda$new$0(48)) - omNode-1@group-523986131536->omNode-3: nextIndex: updateUnconditionally 57 -> 57
2022-10-18 21:56:08,871 [grpc-default-executor-3] INFO  impl.SnapshotInstallationHandler (SnapshotInstallationHandler.java:installSnapshot(95)) - omNode-3@group-523986131536: reply installSnapshot: omNode-1<-omNode-3#0:FAIL-t5,IN_PROGRESS
2022-10-18 21:56:08,871 [grpc-default-executor-3] INFO  server.GrpcServerProtocolService (GrpcServerProtocolService.java:onCompleted(140)) - omNode-3: Completed INSTALL_SNAPSHOT, lastRequest: omNode-1->omNode-3#0-t5,notify:(t:5, i:59)
2022-10-18 21:56:08,871 [grpc-default-executor-3] INFO  server.GrpcLogAppender (GrpcLogAppender.java:onNext(403)) - omNode-1@group-523986131536->omNode-3-InstallSnapshotResponseHandler: received a reply omNode-1<-omNode-3#0:FAIL-t5,IN_PROGRESS
2022-10-18 21:56:08,871 [grpc-default-executor-3] INFO  server.GrpcLogAppender (GrpcLogAppender.java:onNext(421)) - omNode-1@group-523986131536->omNode-3-InstallSnapshotResponseHandler: InstallSnapshot in progress.
2022-10-18 21:56:08,871 [omNode-1@group-523986131536->omNode-3-GrpcLogAppender-LogAppenderDaemon] INFO  server.GrpcLogAppender (GrpcLogAppender.java:installSnapshot(541)) - omNode-1@group-523986131536->omNode-3-GrpcLogAppender: followerNextIndex = 57 but logStartIndex = 59, notify follower to install snapshot-(t:5, i:59)
2022-10-18 21:56:08,871 [omNode-1@group-523986131536->omNode-3-GrpcLogAppender-LogAppenderDaemon] INFO  server.GrpcLogAppender (GrpcLogAppender.java:installSnapshot(549)) - omNode-1@group-523986131536->omNode-3-GrpcLogAppender: send omNode-1->omNode-3#0-t5,notify:(t:5, i:59)
2022-10-18 21:56:08,872 [omNode-3-server-thread1] INFO  server.RaftServer$Division (RaftServerImpl.java:checkInconsistentAppendEntries(1402)) - omNode-3@group-523986131536: Failed appendEntries as snapshot (59) installation is in progress
2022-10-18 21:56:08,872 [omNode-3-server-thread1] INFO  server.RaftServer$Division (RaftServerImpl.java:checkInconsistentAppendEntries(1394)) - omNode-3@group-523986131536: inconsistency entries. Reply:omNode-1<-omNode-3#670:FAIL-t5,INCONSISTENCY,nextIndex=57,followerCommit=56
2022-10-18 21:56:08,872 [grpc-default-executor-3] INFO  impl.SnapshotInstallationHandler (SnapshotInstallationHandler.java:installSnapshot(84)) - omNode-3@group-523986131536: receive installSnapshot: omNode-1->omNode-3#0-t5,notify:(t:5, i:59)
2022-10-18 21:56:08,872 [grpc-default-executor-0] INFO  leader.FollowerInfo (FollowerInfoImpl.java:lambda$new$0(48)) - omNode-1@group-523986131536->omNode-3: nextIndex: updateUnconditionally 57 -> 57
2022-10-18 21:56:08,872 [grpc-default-executor-3] INFO  impl.SnapshotInstallationHandler (SnapshotInstallationHandler.java:installSnapshot(95)) - omNode-3@group-523986131536: reply installSnapshot: omNode-1<-omNode-3#0:FAIL-t5,IN_PROGRESS
2022-10-18 21:56:08,872 [grpc-default-executor-3] INFO  server.GrpcServerProtocolService (GrpcServerProtocolService.java:onCompleted(140)) - omNode-3: Completed INSTALL_SNAPSHOT, lastRequest: omNode-1->omNode-3#0-t5,notify:(t:5, i:59)
2022-10-18 21:56:08,873 [grpc-default-executor-3] INFO  server.GrpcLogAppender (GrpcLogAppender.java:onNext(403)) - omNode-1@group-523986131536->omNode-3-InstallSnapshotResponseHandler: received a reply omNode-1<-omNode-3#0:FAIL-t5,IN_PROGRESS
2022-10-18 21:56:08,873 [grpc-default-executor-3] INFO  server.GrpcLogAppender (GrpcLogAppender.java:onNext(421)) - omNode-1@group-523986131536->omNode-3-InstallSnapshotResponseHandler: InstallSnapshot in progress.
2022-10-18 21:56:08,873 [omNode-1@group-523986131536->omNode-3-GrpcLogAppender-LogAppenderDaemon] INFO  server.GrpcLogAppender (GrpcLogAppender.java:installSnapshot(541)) - omNode-1@group-523986131536->omNode-3-GrpcLogAppender: followerNextIndex = 57 but logStartIndex = 59, notify follower to install snapshot-(t:5, i:59)
2022-10-18 21:56:08,873 [omNode-1@group-523986131536->omNode-3-GrpcLogAppender-LogAppenderDaemon] INFO  server.GrpcLogAppender (GrpcLogAppender.java:installSnapshot(549)) - omNode-1@group-523986131536->omNode-3-GrpcLogAppender: send omNode-1->omNode-3#0-t5,notify:(t:5, i:59)
2022-10-18 21:56:08,873 [omNode-3-server-thread1] INFO  server.RaftServer$Division (RaftServerImpl.java:checkInconsistentAppendEntries(1402)) - omNode-3@group-523986131536: Failed appendEntries as snapshot (59) installation is in progress
2022-10-18 21:56:08,873 [omNode-3-server-thread1] INFO  server.RaftServer$Division (RaftServerImpl.java:checkInconsistentAppendEntries(1394)) - omNode-3@group-523986131536: inconsistency entries. Reply:omNode-1<-omNode-3#671:FAIL-t5,INCONSISTENCY,nextIndex=57,followerCommit=56
2022-10-18 21:56:08,873 [grpc-default-executor-3] INFO  impl.SnapshotInstallationHandler (SnapshotInstallationHandler.java:installSnapshot(84)) - omNode-3@group-523986131536: receive installSnapshot: omNode-1->omNode-3#0-t5,notify:(t:5, i:59)
2022-10-18 21:56:08,873 [grpc-default-executor-2] INFO  leader.FollowerInfo (FollowerInfoImpl.java:lambda$new$0(48)) - omNode-1@group-523986131536->omNode-3: nextIndex: updateUnconditionally 57 -> 57
2022-10-18 21:56:08,874 [grpc-default-executor-3] INFO  impl.SnapshotInstallationHandler (SnapshotInstallationHandler.java:installSnapshot(95)) - omNode-3@group-523986131536: reply installSnapshot: omNode-1<-omNode-3#0:FAIL-t5,IN_PROGRESS
2022-10-18 21:56:08,874 [grpc-default-executor-3] INFO  server.GrpcServerProtocolService (GrpcServerProtocolService.java:onCompleted(140)) - omNode-3: Completed INSTALL_SNAPSHOT, lastRequest: omNode-1->omNode-3#0-t5,notify:(t:5, i:59)
2022-10-18 21:56:08,874 [grpc-default-executor-3] INFO  server.GrpcLogAppender (GrpcLogAppender.java:onNext(403)) - omNode-1@group-523986131536->omNode-3-InstallSnapshotResponseHandler: received a reply omNode-1<-omNode-3#0:FAIL-t5,IN_PROGRESS
2022-10-18 21:56:08,874 [grpc-default-executor-3] INFO  server.GrpcLogAppender (GrpcLogAppender.java:onNext(421)) - omNode-1@group-523986131536->omNode-3-InstallSnapshotResponseHandler: InstallSnapshot in progress.
2022-10-18 21:56:08,876 [omNode-1@group-523986131536->omNode-3-GrpcLogAppender-LogAppenderDaemon] INFO  server.GrpcLogAppender (GrpcLogAppender.java:installSnapshot(541)) - omNode-1@group-523986131536->omNode-3-GrpcLogAppender: followerNextIndex = 57 but logStartIndex = 59, notify follower to install snapshot-(t:5, i:59)
2022-10-18 21:56:08,876 [omNode-1@group-523986131536->omNode-3-GrpcLogAppender-LogAppenderDaemon] INFO  server.GrpcLogAppender (GrpcLogAppender.java:installSnapshot(549)) - omNode-1@group-523986131536->omNode-3-GrpcLogAppender: send omNode-1->omNode-3#0-t5,notify:(t:5, i:59)
2022-10-18 21:56:08,876 [omNode-3-server-thread1] INFO  server.RaftServer$Division (RaftServerImpl.java:checkInconsistentAppendEntries(1402)) - omNode-3@group-523986131536: Failed appendEntries as snapshot (59) installation is in progress
2022-10-18 21:56:08,876 [omNode-3-server-thread1] INFO  server.RaftServer$Division (RaftServerImpl.java:checkInconsistentAppendEntries(1394)) - omNode-3@group-523986131536: inconsistency entries. Reply:omNode-1<-omNode-3#672:FAIL-t5,INCONSISTENCY,nextIndex=57,followerCommit=56
2022-10-18 21:56:08,877 [grpc-default-executor-3] INFO  impl.SnapshotInstallationHandler (SnapshotInstallationHandler.java:installSnapshot(84)) - omNode-3@group-523986131536: receive installSnapshot: omNode-1->omNode-3#0-t5,notify:(t:5, i:59)
2022-10-18 21:56:08,877 [grpc-default-executor-0] INFO  leader.FollowerInfo (FollowerInfoImpl.java:lambda$new$0(48)) - omNode-1@group-523986131536->omNode-3: nextIndex: updateUnconditionally 57 -> 57
2022-10-18 21:56:08,877 [grpc-default-executor-3] INFO  impl.SnapshotInstallationHandler (SnapshotInstallationHandler.java:installSnapshot(95)) - omNode-3@group-523986131536: reply installSnapshot: omNode-1<-omNode-3#0:FAIL-t5,IN_PROGRESS
2022-10-18 21:56:08,877 [grpc-default-executor-3] INFO  server.GrpcServerProtocolService (GrpcServerProtocolService.java:onCompleted(140)) - omNode-3: Completed INSTALL_SNAPSHOT, lastRequest: omNode-1->omNode-3#0-t5,notify:(t:5, i:59)
2022-10-18 21:56:08,877 [grpc-default-executor-3] INFO  server.GrpcLogAppender (GrpcLogAppender.java:onNext(403)) - omNode-1@group-523986131536->omNode-3-InstallSnapshotResponseHandler: received a reply omNode-1<-omNode-3#0:FAIL-t5,IN_PROGRESS
2022-10-18 21:56:08,877 [grpc-default-executor-3] INFO  server.GrpcLogAppender (GrpcLogAppender.java:onNext(421)) - omNode-1@group-523986131536->omNode-3-InstallSnapshotResponseHandler: InstallSnapshot in progress.
2022-10-18 21:56:08,877 [omNode-1@group-523986131536->omNode-3-GrpcLogAppender-LogAppenderDaemon] INFO  server.GrpcLogAppender (GrpcLogAppender.java:installSnapshot(541)) - omNode-1@group-523986131536->omNode-3-GrpcLogAppender: followerNextIndex = 57 but logStartIndex = 59, notify follower to install snapshot-(t:5, i:59)
2022-10-18 21:56:08,877 [qtp2052251548-821] INFO  utils.DBCheckpointServlet (DBCheckpointServlet.java:doGet(182)) - Time taken to write the checkpoint to response output stream: 102 milliseconds
2022-10-18 21:56:08,878 [omNode-3-server-thread1] INFO  server.RaftServer$Division (RaftServerImpl.java:checkInconsistentAppendEntries(1402)) - omNode-3@group-523986131536: Failed appendEntries as snapshot (59) installation is in progress
2022-10-18 21:56:08,878 [omNode-3-server-thread1] INFO  server.RaftServer$Division (RaftServerImpl.java:checkInconsistentAppendEntries(1394)) - omNode-3@group-523986131536: inconsistency entries. Reply:omNode-1<-omNode-3#673:FAIL-t5,INCONSISTENCY,nextIndex=57,followerCommit=56
2022-10-18 21:56:08,877 [omNode-1@group-523986131536->omNode-3-GrpcLogAppender-LogAppenderDaemon] INFO  server.GrpcLogAppender (GrpcLogAppender.java:installSnapshot(549)) - omNode-1@group-523986131536->omNode-3-GrpcLogAppender: send omNode-1->omNode-3#0-t5,notify:(t:5, i:59)
2022-10-18 21:56:08,878 [grpc-default-executor-3] INFO  leader.FollowerInfo (FollowerInfoImpl.java:lambda$new$0(48)) - omNode-1@group-523986131536->omNode-3: nextIndex: updateUnconditionally 57 -> 57
2022-10-18 21:56:08,878 [qtp2052251548-821] INFO  db.RocksDBCheckpoint (RocksDBCheckpoint.java:cleanupCheckpoint(78)) - Cleaning up RocksDB checkpoint at /home/runner/work/ozone/ozone/hadoop-ozone/integration-test/target/test-dir/MiniOzoneClusterImpl-285291dc-83a3-4c49-94f6-5e759e1760ea/omNode-1/db.checkpoints/om.db_checkpoint_1666130168741
2022-10-18 21:56:08,878 [grpc-default-executor-0] INFO  impl.SnapshotInstallationHandler (SnapshotInstallationHandler.java:installSnapshot(84)) - omNode-3@group-523986131536: receive installSnapshot: omNode-1->omNode-3#0-t5,notify:(t:5, i:59)
2022-10-18 21:56:08,879 [grpc-default-executor-0] INFO  impl.SnapshotInstallationHandler (SnapshotInstallationHandler.java:installSnapshot(95)) - omNode-3@group-523986131536: reply installSnapshot: omNode-1<-omNode-3#0:FAIL-t5,IN_PROGRESS
2022-10-18 21:56:08,879 [grpc-default-executor-0] INFO  server.GrpcServerProtocolService (GrpcServerProtocolService.java:onCompleted(140)) - omNode-3: Completed INSTALL_SNAPSHOT, lastRequest: omNode-1->omNode-3#0-t5,notify:(t:5, i:59)
2022-10-18 21:56:08,879 [grpc-default-executor-0] INFO  server.GrpcLogAppender (GrpcLogAppender.java:onNext(403)) - omNode-1@group-523986131536->omNode-3-InstallSnapshotResponseHandler: received a reply omNode-1<-omNode-3#0:FAIL-t5,IN_PROGRESS
2022-10-18 21:56:08,879 [grpc-default-executor-0] INFO  server.GrpcLogAppender (GrpcLogAppender.java:onNext(421)) - omNode-1@group-523986131536->omNode-3-InstallSnapshotResponseHandler: InstallSnapshot in progress.
2022-10-18 21:56:08,879 [omNode-1@group-523986131536->omNode-3-GrpcLogAppender-LogAppenderDaemon] INFO  server.GrpcLogAppender (GrpcLogAppender.java:installSnapshot(541)) - omNode-1@group-523986131536->omNode-3-GrpcLogAppender: followerNextIndex = 57 but logStartIndex = 59, notify follower to install snapshot-(t:5, i:59)
2022-10-18 21:56:08,879 [omNode-1@group-523986131536->omNode-3-GrpcLogAppender-LogAppenderDaemon] INFO  server.GrpcLogAppender (GrpcLogAppender.java:installSnapshot(549)) - omNode-1@group-523986131536->omNode-3-GrpcLogAppender: send omNode-1->omNode-3#0-t5,notify:(t:5, i:59)
2022-10-18 21:56:08,880 [grpc-default-executor-0] INFO  impl.SnapshotInstallationHandler (SnapshotInstallationHandler.java:installSnapshot(84)) - omNode-3@group-523986131536: receive installSnapshot: omNode-1->omNode-3#0-t5,notify:(t:5, i:59)
2022-10-18 21:56:08,880 [grpc-default-executor-0] INFO  impl.SnapshotInstallationHandler (SnapshotInstallationHandler.java:installSnapshot(95)) - omNode-3@group-523986131536: reply installSnapshot: omNode-1<-omNode-3#0:FAIL-t5,IN_PROGRESS
2022-10-18 21:56:08,880 [grpc-default-executor-0] INFO  server.GrpcServerProtocolService (GrpcServerProtocolService.java:onCompleted(140)) - omNode-3: Completed INSTALL_SNAPSHOT, lastRequest: omNode-1->omNode-3#0-t5,notify:(t:5, i:59)
2022-10-18 21:56:08,881 [grpc-default-executor-2] INFO  server.GrpcLogAppender (GrpcLogAppender.java:onNext(403)) - omNode-1@group-523986131536->omNode-3-InstallSnapshotResponseHandler: received a reply omNode-1<-omNode-3#0:FAIL-t5,IN_PROGRESS
2022-10-18 21:56:08,881 [grpc-default-executor-2] INFO  server.GrpcLogAppender (GrpcLogAppender.java:onNext(421)) - omNode-1@group-523986131536->omNode-3-InstallSnapshotResponseHandler: InstallSnapshot in progress.
2022-10-18 21:56:08,881 [omNode-3-server-thread1] INFO  server.RaftServer$Division (RaftServerImpl.java:checkInconsistentAppendEntries(1402)) - omNode-3@group-523986131536: Failed appendEntries as snapshot (59) installation is in progress
2022-10-18 21:56:08,881 [omNode-3-server-thread1] INFO  server.RaftServer$Division (RaftServerImpl.java:checkInconsistentAppendEntries(1394)) - omNode-3@group-523986131536: inconsistency entries. Reply:omNode-1<-omNode-3#674:FAIL-t5,INCONSISTENCY,nextIndex=57,followerCommit=56
2022-10-18 21:56:08,881 [omNode-1@group-523986131536->omNode-3-GrpcLogAppender-LogAppenderDaemon] INFO  server.GrpcLogAppender (GrpcLogAppender.java:installSnapshot(541)) - omNode-1@group-523986131536->omNode-3-GrpcLogAppender: followerNextIndex = 57 but logStartIndex = 59, notify follower to install snapshot-(t:5, i:59)
2022-10-18 21:56:08,881 [omNode-1@group-523986131536->omNode-3-GrpcLogAppender-LogAppenderDaemon] INFO  server.GrpcLogAppender (GrpcLogAppender.java:installSnapshot(549)) - omNode-1@group-523986131536->omNode-3-GrpcLogAppender: send omNode-1->omNode-3#0-t5,notify:(t:5, i:59)
2022-10-18 21:56:08,881 [grpc-default-executor-3] INFO  leader.FollowerInfo (FollowerInfoImpl.java:lambda$new$0(48)) - omNode-1@group-523986131536->omNode-3: nextIndex: updateUnconditionally 57 -> 57
2022-10-18 21:56:08,881 [omNode-3-server-thread1] INFO  server.RaftServer$Division (RaftServerImpl.java:checkInconsistentAppendEntries(1402)) - omNode-3@group-523986131536: Failed appendEntries as snapshot (59) installation is in progress
2022-10-18 21:56:08,881 [omNode-3-server-thread1] INFO  server.RaftServer$Division (RaftServerImpl.java:checkInconsistentAppendEntries(1394)) - omNode-3@group-523986131536: inconsistency entries. Reply:omNode-1<-omNode-3#675:FAIL-t5,INCONSISTENCY,nextIndex=57,followerCommit=56
2022-10-18 21:56:08,882 [grpc-default-executor-2] INFO  impl.SnapshotInstallationHandler (SnapshotInstallationHandler.java:installSnapshot(84)) - omNode-3@group-523986131536: receive installSnapshot: omNode-1->omNode-3#0-t5,notify:(t:5, i:59)
2022-10-18 21:56:08,882 [grpc-default-executor-0] INFO  leader.FollowerInfo (FollowerInfoImpl.java:lambda$new$0(48)) - omNode-1@group-523986131536->omNode-3: nextIndex: updateUnconditionally 57 -> 57
2022-10-18 21:56:08,882 [grpc-default-executor-2] INFO  impl.SnapshotInstallationHandler (SnapshotInstallationHandler.java:installSnapshot(95)) - omNode-3@group-523986131536: reply installSnapshot: omNode-1<-omNode-3#0:FAIL-t5,IN_PROGRESS
2022-10-18 21:56:08,882 [grpc-default-executor-2] INFO  server.GrpcServerProtocolService (GrpcServerProtocolService.java:onCompleted(140)) - omNode-3: Completed INSTALL_SNAPSHOT, lastRequest: omNode-1->omNode-3#0-t5,notify:(t:5, i:59)
2022-10-18 21:56:08,882 [grpc-default-executor-2] INFO  server.GrpcLogAppender (GrpcLogAppender.java:onNext(403)) - omNode-1@group-523986131536->omNode-3-InstallSnapshotResponseHandler: received a reply omNode-1<-omNode-3#0:FAIL-t5,IN_PROGRESS
2022-10-18 21:56:08,883 [grpc-default-executor-2] INFO  server.GrpcLogAppender (GrpcLogAppender.java:onNext(421)) - omNode-1@group-523986131536->omNode-3-InstallSnapshotResponseHandler: InstallSnapshot in progress.
2022-10-18 21:56:08,883 [omNode-1@group-523986131536->omNode-3-GrpcLogAppender-LogAppenderDaemon] INFO  server.GrpcLogAppender (GrpcLogAppender.java:installSnapshot(541)) - omNode-1@group-523986131536->omNode-3-GrpcLogAppender: followerNextIndex = 57 but logStartIndex = 59, notify follower to install snapshot-(t:5, i:59)
2022-10-18 21:56:08,883 [omNode-1@group-523986131536->omNode-3-GrpcLogAppender-LogAppenderDaemon] INFO  server.GrpcLogAppender (GrpcLogAppender.java:installSnapshot(549)) - omNode-1@group-523986131536->omNode-3-GrpcLogAppender: send omNode-1->omNode-3#0-t5,notify:(t:5, i:59)
2022-10-18 21:56:08,883 [omNode-3-server-thread1] INFO  server.RaftServer$Division (RaftServerImpl.java:checkInconsistentAppendEntries(1402)) - omNode-3@group-523986131536: Failed appendEntries as snapshot (59) installation is in progress
2022-10-18 21:56:08,884 [omNode-3-server-thread1] INFO  server.RaftServer$Division (RaftServerImpl.java:checkInconsistentAppendEntries(1394)) - omNode-3@group-523986131536: inconsistency entries. Reply:omNode-1<-omNode-3#676:FAIL-t5,INCONSISTENCY,nextIndex=57,followerCommit=56
2022-10-18 21:56:08,884 [grpc-default-executor-2] INFO  leader.FollowerInfo (FollowerInfoImpl.java:lambda$new$0(48)) - omNode-1@group-523986131536->omNode-3: nextIndex: updateUnconditionally 57 -> 57
2022-10-18 21:56:08,884 [grpc-default-executor-0] INFO  impl.SnapshotInstallationHandler (SnapshotInstallationHandler.java:installSnapshot(84)) - omNode-3@group-523986131536: receive installSnapshot: omNode-1->omNode-3#0-t5,notify:(t:5, i:59)
2022-10-18 21:56:08,884 [grpc-default-executor-0] INFO  impl.SnapshotInstallationHandler (SnapshotInstallationHandler.java:installSnapshot(95)) - omNode-3@group-523986131536: reply installSnapshot: omNode-1<-omNode-3#0:FAIL-t5,IN_PROGRESS
2022-10-18 21:56:08,884 [Listener at localhost/45943] INFO  reflections.Reflections (Reflections.java:scan(232)) - Reflections took 393 ms to scan 19 urls, producing 67 keys and 4244 values [using 4 cores]
2022-10-18 21:56:08,887 [grpc-default-executor-2] INFO  server.GrpcLogAppender (GrpcLogAppender.java:onNext(403)) - omNode-1@group-523986131536->omNode-3-InstallSnapshotResponseHandler: received a reply omNode-1<-omNode-3#0:FAIL-t5,IN_PROGRESS
2022-10-18 21:56:08,887 [grpc-default-executor-2] INFO  server.GrpcLogAppender (GrpcLogAppender.java:onNext(421)) - omNode-1@group-523986131536->omNode-3-InstallSnapshotResponseHandler: InstallSnapshot in progress.
2022-10-18 21:56:08,886 [grpc-default-executor-0] INFO  server.GrpcServerProtocolService (GrpcServerProtocolService.java:onCompleted(140)) - omNode-3: Completed INSTALL_SNAPSHOT, lastRequest: omNode-1->omNode-3#0-t5,notify:(t:5, i:59)
2022-10-18 21:56:08,888 [omNode-1@group-523986131536->omNode-3-GrpcLogAppender-LogAppenderDaemon] INFO  server.GrpcLogAppender (GrpcLogAppender.java:installSnapshot(541)) - omNode-1@group-523986131536->omNode-3-GrpcLogAppender: followerNextIndex = 57 but logStartIndex = 59, notify follower to install snapshot-(t:5, i:59)
2022-10-18 21:56:08,888 [omNode-1@group-523986131536->omNode-3-GrpcLogAppender-LogAppenderDaemon] INFO  server.GrpcLogAppender (GrpcLogAppender.java:installSnapshot(549)) - omNode-1@group-523986131536->omNode-3-GrpcLogAppender: send omNode-1->omNode-3#0-t5,notify:(t:5, i:59)
2022-10-18 21:56:08,889 [omNode-3-server-thread1] INFO  server.RaftServer$Division (RaftServerImpl.java:checkInconsistentAppendEntries(1402)) - omNode-3@group-523986131536: Failed appendEntries as snapshot (59) installation is in progress
2022-10-18 21:56:08,889 [Listener at localhost/45943] INFO  ipc.CallQueueManager (CallQueueManager.java:<init>(90)) - Using callQueue: class java.util.concurrent.LinkedBlockingQueue, queueCapacity: 2000, scheduler: class org.apache.hadoop.ipc.DefaultRpcScheduler, ipcBackoff: false.
2022-10-18 21:56:08,889 [omNode-3-server-thread1] INFO  server.RaftServer$Division (RaftServerImpl.java:checkInconsistentAppendEntries(1394)) - omNode-3@group-523986131536: inconsistency entries. Reply:omNode-1<-omNode-3#677:FAIL-t5,INCONSISTENCY,nextIndex=57,followerCommit=56
2022-10-18 21:56:08,890 [grpc-default-executor-3] INFO  leader.FollowerInfo (FollowerInfoImpl.java:lambda$new$0(48)) - omNode-1@group-523986131536->omNode-3: nextIndex: updateUnconditionally 57 -> 57
2022-10-18 21:56:08,920 [grpc-default-executor-3] INFO  impl.SnapshotInstallationHandler (SnapshotInstallationHandler.java:installSnapshot(84)) - omNode-3@group-523986131536: receive installSnapshot: omNode-1->omNode-3#0-t5,notify:(t:5, i:59)
2022-10-18 21:56:08,920 [grpc-default-executor-3] INFO  impl.SnapshotInstallationHandler (SnapshotInstallationHandler.java:installSnapshot(95)) - omNode-3@group-523986131536: reply installSnapshot: omNode-1<-omNode-3#0:FAIL-t5,IN_PROGRESS
2022-10-18 21:56:08,920 [grpc-default-executor-3] INFO  server.GrpcServerProtocolService (GrpcServerProtocolService.java:onCompleted(140)) - omNode-3: Completed INSTALL_SNAPSHOT, lastRequest: omNode-1->omNode-3#0-t5,notify:(t:5, i:59)
2022-10-18 21:56:08,921 [grpc-default-executor-3] INFO  server.GrpcLogAppender (GrpcLogAppender.java:onNext(403)) - omNode-1@group-523986131536->omNode-3-InstallSnapshotResponseHandler: received a reply omNode-1<-omNode-3#0:FAIL-t5,IN_PROGRESS
2022-10-18 21:56:08,921 [grpc-default-executor-3] INFO  server.GrpcLogAppender (GrpcLogAppender.java:onNext(421)) - omNode-1@group-523986131536->omNode-3-InstallSnapshotResponseHandler: InstallSnapshot in progress.
2022-10-18 21:56:08,922 [omNode-1@group-523986131536->omNode-3-GrpcLogAppender-LogAppenderDaemon] INFO  server.GrpcLogAppender (GrpcLogAppender.java:installSnapshot(541)) - omNode-1@group-523986131536->omNode-3-GrpcLogAppender: followerNextIndex = 57 but logStartIndex = 59, notify follower to install snapshot-(t:5, i:59)
2022-10-18 21:56:08,922 [omNode-1@group-523986131536->omNode-3-GrpcLogAppender-LogAppenderDaemon] INFO  server.GrpcLogAppender (GrpcLogAppender.java:installSnapshot(549)) - omNode-1@group-523986131536->omNode-3-GrpcLogAppender: send omNode-1->omNode-3#0-t5,notify:(t:5, i:59)
2022-10-18 21:56:08,922 [Socket Reader #1 for port 43229] INFO  ipc.Server (Server.java:run(1273)) - Starting Socket Reader #1 for port 43229
2022-10-18 21:56:08,923 [omNode-3-server-thread1] INFO  server.RaftServer$Division (RaftServerImpl.java:checkInconsistentAppendEntries(1402)) - omNode-3@group-523986131536: Failed appendEntries as snapshot (59) installation is in progress
2022-10-18 21:56:08,924 [omNode-3-server-thread1] INFO  server.RaftServer$Division (RaftServerImpl.java:checkInconsistentAppendEntries(1394)) - omNode-3@group-523986131536: inconsistency entries. Reply:omNode-1<-omNode-3#678:FAIL-t5,INCONSISTENCY,nextIndex=57,followerCommit=56
2022-10-18 21:56:08,924 [grpc-default-executor-3] INFO  impl.SnapshotInstallationHandler (SnapshotInstallationHandler.java:installSnapshot(84)) - omNode-3@group-523986131536: receive installSnapshot: omNode-1->omNode-3#0-t5,notify:(t:5, i:59)
2022-10-18 21:56:08,924 [grpc-default-executor-3] INFO  impl.SnapshotInstallationHandler (SnapshotInstallationHandler.java:installSnapshot(95)) - omNode-3@group-523986131536: reply installSnapshot: omNode-1<-omNode-3#0:FAIL-t5,IN_PROGRESS
2022-10-18 21:56:08,924 [grpc-default-executor-3] INFO  server.GrpcServerProtocolService (GrpcServerProtocolService.java:onCompleted(140)) - omNode-3: Completed INSTALL_SNAPSHOT, lastRequest: omNode-1->omNode-3#0-t5,notify:(t:5, i:59)
2022-10-18 21:56:08,924 [grpc-default-executor-3] INFO  leader.FollowerInfo (FollowerInfoImpl.java:lambda$new$0(48)) - omNode-1@group-523986131536->omNode-3: nextIndex: updateUnconditionally 57 -> 57
2022-10-18 21:56:08,925 [grpc-default-executor-0] INFO  server.GrpcLogAppender (GrpcLogAppender.java:onNext(403)) - omNode-1@group-523986131536->omNode-3-InstallSnapshotResponseHandler: received a reply omNode-1<-omNode-3#0:FAIL-t5,IN_PROGRESS
2022-10-18 21:56:08,925 [grpc-default-executor-0] INFO  server.GrpcLogAppender (GrpcLogAppender.java:onNext(421)) - omNode-1@group-523986131536->omNode-3-InstallSnapshotResponseHandler: InstallSnapshot in progress.
2022-10-18 21:56:08,925 [Listener at localhost/43229] INFO  http.BaseHttpServer (BaseHttpServer.java:newHttpServer2BuilderForOzone(213)) - Starting Web-server for ozoneManager at: http://0.0.0.0:35093
2022-10-18 21:56:08,925 [omNode-1@group-523986131536->omNode-3-GrpcLogAppender-LogAppenderDaemon] INFO  server.GrpcLogAppender (GrpcLogAppender.java:installSnapshot(541)) - omNode-1@group-523986131536->omNode-3-GrpcLogAppender: followerNextIndex = 57 but logStartIndex = 59, notify follower to install snapshot-(t:5, i:59)
2022-10-18 21:56:08,925 [omNode-1@group-523986131536->omNode-3-GrpcLogAppender-LogAppenderDaemon] INFO  server.GrpcLogAppender (GrpcLogAppender.java:installSnapshot(549)) - omNode-1@group-523986131536->omNode-3-GrpcLogAppender: send omNode-1->omNode-3#0-t5,notify:(t:5, i:59)
2022-10-18 21:56:08,926 [omNode-3-server-thread1] INFO  server.RaftServer$Division (RaftServerImpl.java:checkInconsistentAppendEntries(1402)) - omNode-3@group-523986131536: Failed appendEntries as snapshot (59) installation is in progress
2022-10-18 21:56:08,926 [omNode-3-server-thread1] INFO  server.RaftServer$Division (RaftServerImpl.java:checkInconsistentAppendEntries(1394)) - omNode-3@group-523986131536: inconsistency entries. Reply:omNode-1<-omNode-3#679:FAIL-t5,INCONSISTENCY,nextIndex=57,followerCommit=56
2022-10-18 21:56:08,927 [grpc-default-executor-3] INFO  impl.SnapshotInstallationHandler (SnapshotInstallationHandler.java:installSnapshot(84)) - omNode-3@group-523986131536: receive installSnapshot: omNode-1->omNode-3#0-t5,notify:(t:5, i:59)
2022-10-18 21:56:08,927 [grpc-default-executor-3] INFO  impl.SnapshotInstallationHandler (SnapshotInstallationHandler.java:installSnapshot(95)) - omNode-3@group-523986131536: reply installSnapshot: omNode-1<-omNode-3#0:FAIL-t5,IN_PROGRESS
2022-10-18 21:56:08,927 [grpc-default-executor-3] INFO  server.GrpcServerProtocolService (GrpcServerProtocolService.java:onCompleted(140)) - omNode-3: Completed INSTALL_SNAPSHOT, lastRequest: omNode-1->omNode-3#0-t5,notify:(t:5, i:59)
2022-10-18 21:56:08,927 [grpc-default-executor-3] INFO  leader.FollowerInfo (FollowerInfoImpl.java:lambda$new$0(48)) - omNode-1@group-523986131536->omNode-3: nextIndex: updateUnconditionally 57 -> 57
2022-10-18 21:56:08,925 [Listener at localhost/43229] INFO  http.BaseHttpServer (BaseHttpServer.java:<init>(108)) - Hadoop Security Enabled: false Ozone Security Enabled: false Ozone HTTP Security Enabled: false 
2022-10-18 21:56:08,928 [grpc-default-executor-0] INFO  server.GrpcLogAppender (GrpcLogAppender.java:onNext(403)) - omNode-1@group-523986131536->omNode-3-InstallSnapshotResponseHandler: received a reply omNode-1<-omNode-3#0:FAIL-t5,IN_PROGRESS
2022-10-18 21:56:08,928 [grpc-default-executor-0] INFO  server.GrpcLogAppender (GrpcLogAppender.java:onNext(421)) - omNode-1@group-523986131536->omNode-3-InstallSnapshotResponseHandler: InstallSnapshot in progress.
2022-10-18 21:56:08,928 [omNode-1@group-523986131536->omNode-3-GrpcLogAppender-LogAppenderDaemon] INFO  server.GrpcLogAppender (GrpcLogAppender.java:installSnapshot(541)) - omNode-1@group-523986131536->omNode-3-GrpcLogAppender: followerNextIndex = 57 but logStartIndex = 59, notify follower to install snapshot-(t:5, i:59)
2022-10-18 21:56:08,928 [omNode-1@group-523986131536->omNode-3-GrpcLogAppender-LogAppenderDaemon] INFO  server.GrpcLogAppender (GrpcLogAppender.java:installSnapshot(549)) - omNode-1@group-523986131536->omNode-3-GrpcLogAppender: send omNode-1->omNode-3#0-t5,notify:(t:5, i:59)
2022-10-18 21:56:08,929 [omNode-3-server-thread1] INFO  server.RaftServer$Division (RaftServerImpl.java:checkInconsistentAppendEntries(1402)) - omNode-3@group-523986131536: Failed appendEntries as snapshot (59) installation is in progress
2022-10-18 21:56:08,929 [omNode-3-server-thread1] INFO  server.RaftServer$Division (RaftServerImpl.java:checkInconsistentAppendEntries(1394)) - omNode-3@group-523986131536: inconsistency entries. Reply:omNode-1<-omNode-3#680:FAIL-t5,INCONSISTENCY,nextIndex=57,followerCommit=56
2022-10-18 21:56:08,929 [grpc-default-executor-0] INFO  impl.SnapshotInstallationHandler (SnapshotInstallationHandler.java:installSnapshot(84)) - omNode-3@group-523986131536: receive installSnapshot: omNode-1->omNode-3#0-t5,notify:(t:5, i:59)
2022-10-18 21:56:08,929 [Listener at localhost/43229] WARN  server.AuthenticationFilter (AuthenticationFilter.java:constructSecretProvider(240)) - Unable to initialize FileSignerSecretProvider, falling back to use random secrets. Reason: Could not read signature secret file: /home/runner/hadoop-http-auth-signature-secret
2022-10-18 21:56:08,930 [grpc-default-executor-2] INFO  leader.FollowerInfo (FollowerInfoImpl.java:lambda$new$0(48)) - omNode-1@group-523986131536->omNode-3: nextIndex: updateUnconditionally 57 -> 57
2022-10-18 21:56:08,930 [grpc-default-executor-0] INFO  impl.SnapshotInstallationHandler (SnapshotInstallationHandler.java:installSnapshot(95)) - omNode-3@group-523986131536: reply installSnapshot: omNode-1<-omNode-3#0:FAIL-t5,IN_PROGRESS
2022-10-18 21:56:08,932 [grpc-default-executor-0] INFO  server.GrpcServerProtocolService (GrpcServerProtocolService.java:onCompleted(140)) - omNode-3: Completed INSTALL_SNAPSHOT, lastRequest: omNode-1->omNode-3#0-t5,notify:(t:5, i:59)
2022-10-18 21:56:08,931 [pool-422-thread-1] INFO  snapshot.OzoneManagerSnapshotProvider (OzoneManagerSnapshotProvider.java:getOzoneManagerDBSnapshot(154)) - Successfully downloaded latest checkpoint from leader OM: omNode-1
2022-10-18 21:56:08,932 [pool-422-thread-1] INFO  om.OzoneManager (OzoneManager.java:installSnapshotFromLeader(3720)) - Downloaded checkpoint from Leader omNode-1 to the location /home/runner/work/ozone/ozone/hadoop-ozone/integration-test/target/test-dir/MiniOzoneClusterImpl-285291dc-83a3-4c49-94f6-5e759e1760ea/omNode-3/snapshot/om.db-omNode-1-1666130168508
2022-10-18 21:56:08,932 [Listener at localhost/43229] WARN  http.HttpRequestLog (HttpRequestLog.java:getRequestLog(103)) - Jetty request log can only be enabled using Log4j
2022-10-18 21:56:08,933 [pool-422-thread-1] INFO  codec.RepeatedOmKeyInfoCodec (RepeatedOmKeyInfoCodec.java:<init>(41)) - RepeatedOmKeyInfoCodec ignorePipeline = true
2022-10-18 21:56:08,933 [pool-422-thread-1] INFO  codec.OmKeyInfoCodec (OmKeyInfoCodec.java:<init>(49)) - OmKeyInfoCodec ignorePipeline = true
2022-10-18 21:56:08,933 [pool-422-thread-1] INFO  codec.OmKeyInfoCodec (OmKeyInfoCodec.java:<init>(49)) - OmKeyInfoCodec ignorePipeline = true
2022-10-18 21:56:08,933 [pool-422-thread-1] INFO  codec.OmKeyInfoCodec (OmKeyInfoCodec.java:<init>(49)) - OmKeyInfoCodec ignorePipeline = true
2022-10-18 21:56:08,933 [pool-422-thread-1] INFO  codec.OmKeyInfoCodec (OmKeyInfoCodec.java:<init>(49)) - OmKeyInfoCodec ignorePipeline = true
2022-10-18 21:56:08,933 [pool-422-thread-1] INFO  codec.OmKeyInfoCodec (OmKeyInfoCodec.java:<init>(49)) - OmKeyInfoCodec ignorePipeline = true
2022-10-18 21:56:08,934 [Listener at localhost/43229] INFO  http.HttpServer2 (HttpServer2.java:addGlobalFilter(1031)) - Added global filter 'safety' (class=org.apache.hadoop.hdds.server.http.HttpServer2$QuotingInputFilter)
2022-10-18 21:56:08,934 [Listener at localhost/43229] INFO  http.HttpServer2 (HttpServer2.java:addFilter(1007)) - Added filter static_user_filter (class=org.apache.hadoop.http.lib.StaticUserWebFilter$StaticUserFilter) to context ozoneManager
2022-10-18 21:56:08,935 [Listener at localhost/43229] INFO  http.HttpServer2 (HttpServer2.java:addFilter(1015)) - Added filter static_user_filter (class=org.apache.hadoop.http.lib.StaticUserWebFilter$StaticUserFilter) to context logs
2022-10-18 21:56:08,935 [Listener at localhost/43229] INFO  http.HttpServer2 (HttpServer2.java:addFilter(1015)) - Added filter static_user_filter (class=org.apache.hadoop.http.lib.StaticUserWebFilter$StaticUserFilter) to context static
2022-10-18 21:56:08,935 [grpc-default-executor-0] INFO  server.GrpcLogAppender (GrpcLogAppender.java:onNext(403)) - omNode-1@group-523986131536->omNode-3-InstallSnapshotResponseHandler: received a reply omNode-1<-omNode-3#0:FAIL-t5,IN_PROGRESS
2022-10-18 21:56:08,935 [grpc-default-executor-0] INFO  server.GrpcLogAppender (GrpcLogAppender.java:onNext(421)) - omNode-1@group-523986131536->omNode-3-InstallSnapshotResponseHandler: InstallSnapshot in progress.
2022-10-18 21:56:08,935 [omNode-1@group-523986131536->omNode-3-GrpcLogAppender-LogAppenderDaemon] INFO  server.GrpcLogAppender (GrpcLogAppender.java:installSnapshot(541)) - omNode-1@group-523986131536->omNode-3-GrpcLogAppender: followerNextIndex = 57 but logStartIndex = 59, notify follower to install snapshot-(t:5, i:59)
2022-10-18 21:56:08,935 [omNode-1@group-523986131536->omNode-3-GrpcLogAppender-LogAppenderDaemon] INFO  server.GrpcLogAppender (GrpcLogAppender.java:installSnapshot(549)) - omNode-1@group-523986131536->omNode-3-GrpcLogAppender: send omNode-1->omNode-3#0-t5,notify:(t:5, i:59)
2022-10-18 21:56:08,935 [Listener at localhost/43229] INFO  http.HttpServer2 (HttpServer2.java:bindListener(1250)) - Jetty bound to port 35093
2022-10-18 21:56:08,935 [Listener at localhost/43229] INFO  server.Server (Server.java:doStart(375)) - jetty-9.4.43.v20210629; built: 2021-06-30T11:07:22.254Z; git: 526006ecfa3af7f1a27ef3a288e2bef7ea9dd7e8; jvm 1.8.0_345-b01
2022-10-18 21:56:08,936 [omNode-3-server-thread1] INFO  server.RaftServer$Division (RaftServerImpl.java:checkInconsistentAppendEntries(1402)) - omNode-3@group-523986131536: Failed appendEntries as snapshot (59) installation is in progress
2022-10-18 21:56:08,936 [omNode-3-server-thread1] INFO  server.RaftServer$Division (RaftServerImpl.java:checkInconsistentAppendEntries(1394)) - omNode-3@group-523986131536: inconsistency entries. Reply:omNode-1<-omNode-3#681:FAIL-t5,INCONSISTENCY,nextIndex=57,followerCommit=56
2022-10-18 21:56:08,936 [grpc-default-executor-0] INFO  impl.SnapshotInstallationHandler (SnapshotInstallationHandler.java:installSnapshot(84)) - omNode-3@group-523986131536: receive installSnapshot: omNode-1->omNode-3#0-t5,notify:(t:5, i:59)
2022-10-18 21:56:08,936 [grpc-default-executor-0] INFO  impl.SnapshotInstallationHandler (SnapshotInstallationHandler.java:installSnapshot(95)) - omNode-3@group-523986131536: reply installSnapshot: omNode-1<-omNode-3#0:FAIL-t5,IN_PROGRESS
2022-10-18 21:56:08,936 [grpc-default-executor-0] INFO  server.GrpcServerProtocolService (GrpcServerProtocolService.java:onCompleted(140)) - omNode-3: Completed INSTALL_SNAPSHOT, lastRequest: omNode-1->omNode-3#0-t5,notify:(t:5, i:59)
2022-10-18 21:56:08,936 [grpc-default-executor-2] INFO  server.GrpcLogAppender (GrpcLogAppender.java:onNext(403)) - omNode-1@group-523986131536->omNode-3-InstallSnapshotResponseHandler: received a reply omNode-1<-omNode-3#0:FAIL-t5,IN_PROGRESS
2022-10-18 21:56:08,937 [grpc-default-executor-2] INFO  server.GrpcLogAppender (GrpcLogAppender.java:onNext(421)) - omNode-1@group-523986131536->omNode-3-InstallSnapshotResponseHandler: InstallSnapshot in progress.
2022-10-18 21:56:08,937 [omNode-1@group-523986131536->omNode-3-GrpcLogAppender-LogAppenderDaemon] INFO  server.GrpcLogAppender (GrpcLogAppender.java:installSnapshot(541)) - omNode-1@group-523986131536->omNode-3-GrpcLogAppender: followerNextIndex = 57 but logStartIndex = 59, notify follower to install snapshot-(t:5, i:59)
2022-10-18 21:56:08,937 [omNode-1@group-523986131536->omNode-3-GrpcLogAppender-LogAppenderDaemon] INFO  server.GrpcLogAppender (GrpcLogAppender.java:installSnapshot(549)) - omNode-1@group-523986131536->omNode-3-GrpcLogAppender: send omNode-1->omNode-3#0-t5,notify:(t:5, i:59)
2022-10-18 21:56:08,938 [omNode-3-server-thread1] INFO  server.RaftServer$Division (RaftServerImpl.java:checkInconsistentAppendEntries(1402)) - omNode-3@group-523986131536: Failed appendEntries as snapshot (59) installation is in progress
2022-10-18 21:56:08,938 [grpc-default-executor-0] INFO  leader.FollowerInfo (FollowerInfoImpl.java:lambda$new$0(48)) - omNode-1@group-523986131536->omNode-3: nextIndex: updateUnconditionally 57 -> 57
2022-10-18 21:56:08,938 [omNode-3-server-thread1] INFO  server.RaftServer$Division (RaftServerImpl.java:checkInconsistentAppendEntries(1394)) - omNode-3@group-523986131536: inconsistency entries. Reply:omNode-1<-omNode-3#682:FAIL-t5,INCONSISTENCY,nextIndex=57,followerCommit=56
2022-10-18 21:56:08,938 [grpc-default-executor-3] INFO  impl.SnapshotInstallationHandler (SnapshotInstallationHandler.java:installSnapshot(84)) - omNode-3@group-523986131536: receive installSnapshot: omNode-1->omNode-3#0-t5,notify:(t:5, i:59)
2022-10-18 21:56:08,938 [grpc-default-executor-0] INFO  leader.FollowerInfo (FollowerInfoImpl.java:lambda$new$0(48)) - omNode-1@group-523986131536->omNode-3: nextIndex: updateUnconditionally 57 -> 57
2022-10-18 21:56:08,938 [grpc-default-executor-3] INFO  impl.SnapshotInstallationHandler (SnapshotInstallationHandler.java:installSnapshot(95)) - omNode-3@group-523986131536: reply installSnapshot: omNode-1<-omNode-3#0:FAIL-t5,IN_PROGRESS
2022-10-18 21:56:08,938 [grpc-default-executor-3] INFO  server.GrpcServerProtocolService (GrpcServerProtocolService.java:onCompleted(140)) - omNode-3: Completed INSTALL_SNAPSHOT, lastRequest: omNode-1->omNode-3#0-t5,notify:(t:5, i:59)
2022-10-18 21:56:08,938 [grpc-default-executor-3] INFO  server.GrpcLogAppender (GrpcLogAppender.java:onNext(403)) - omNode-1@group-523986131536->omNode-3-InstallSnapshotResponseHandler: received a reply omNode-1<-omNode-3#0:FAIL-t5,IN_PROGRESS
2022-10-18 21:56:08,938 [grpc-default-executor-3] INFO  server.GrpcLogAppender (GrpcLogAppender.java:onNext(421)) - omNode-1@group-523986131536->omNode-3-InstallSnapshotResponseHandler: InstallSnapshot in progress.
2022-10-18 21:56:08,939 [omNode-1@group-523986131536->omNode-3-GrpcLogAppender-LogAppenderDaemon] INFO  server.GrpcLogAppender (GrpcLogAppender.java:installSnapshot(541)) - omNode-1@group-523986131536->omNode-3-GrpcLogAppender: followerNextIndex = 57 but logStartIndex = 59, notify follower to install snapshot-(t:5, i:59)
2022-10-18 21:56:08,939 [omNode-1@group-523986131536->omNode-3-GrpcLogAppender-LogAppenderDaemon] INFO  server.GrpcLogAppender (GrpcLogAppender.java:installSnapshot(549)) - omNode-1@group-523986131536->omNode-3-GrpcLogAppender: send omNode-1->omNode-3#0-t5,notify:(t:5, i:59)
2022-10-18 21:56:08,939 [grpc-default-executor-3] INFO  impl.SnapshotInstallationHandler (SnapshotInstallationHandler.java:installSnapshot(84)) - omNode-3@group-523986131536: receive installSnapshot: omNode-1->omNode-3#0-t5,notify:(t:5, i:59)
2022-10-18 21:56:08,939 [omNode-3-server-thread1] INFO  server.RaftServer$Division (RaftServerImpl.java:checkInconsistentAppendEntries(1402)) - omNode-3@group-523986131536: Failed appendEntries as snapshot (59) installation is in progress
2022-10-18 21:56:08,939 [omNode-3-server-thread1] INFO  server.RaftServer$Division (RaftServerImpl.java:checkInconsistentAppendEntries(1394)) - omNode-3@group-523986131536: inconsistency entries. Reply:omNode-1<-omNode-3#683:FAIL-t5,INCONSISTENCY,nextIndex=57,followerCommit=56
2022-10-18 21:56:08,940 [grpc-default-executor-3] INFO  impl.SnapshotInstallationHandler (SnapshotInstallationHandler.java:installSnapshot(95)) - omNode-3@group-523986131536: reply installSnapshot: omNode-1<-omNode-3#0:FAIL-t5,IN_PROGRESS
2022-10-18 21:56:08,940 [grpc-default-executor-0] INFO  leader.FollowerInfo (FollowerInfoImpl.java:lambda$new$0(48)) - omNode-1@group-523986131536->omNode-3: nextIndex: updateUnconditionally 57 -> 57
2022-10-18 21:56:08,940 [grpc-default-executor-3] INFO  server.GrpcServerProtocolService (GrpcServerProtocolService.java:onCompleted(140)) - omNode-3: Completed INSTALL_SNAPSHOT, lastRequest: omNode-1->omNode-3#0-t5,notify:(t:5, i:59)
2022-10-18 21:56:08,940 [grpc-default-executor-3] INFO  server.GrpcLogAppender (GrpcLogAppender.java:onNext(403)) - omNode-1@group-523986131536->omNode-3-InstallSnapshotResponseHandler: received a reply omNode-1<-omNode-3#0:FAIL-t5,IN_PROGRESS
2022-10-18 21:56:08,940 [grpc-default-executor-3] INFO  server.GrpcLogAppender (GrpcLogAppender.java:onNext(421)) - omNode-1@group-523986131536->omNode-3-InstallSnapshotResponseHandler: InstallSnapshot in progress.
2022-10-18 21:56:08,940 [omNode-1@group-523986131536->omNode-3-GrpcLogAppender-LogAppenderDaemon] INFO  server.GrpcLogAppender (GrpcLogAppender.java:installSnapshot(541)) - omNode-1@group-523986131536->omNode-3-GrpcLogAppender: followerNextIndex = 57 but logStartIndex = 59, notify follower to install snapshot-(t:5, i:59)
2022-10-18 21:56:08,940 [omNode-1@group-523986131536->omNode-3-GrpcLogAppender-LogAppenderDaemon] INFO  server.GrpcLogAppender (GrpcLogAppender.java:installSnapshot(549)) - omNode-1@group-523986131536->omNode-3-GrpcLogAppender: send omNode-1->omNode-3#0-t5,notify:(t:5, i:59)
2022-10-18 21:56:08,941 [omNode-3-server-thread1] INFO  server.RaftServer$Division (RaftServerImpl.java:checkInconsistentAppendEntries(1402)) - omNode-3@group-523986131536: Failed appendEntries as snapshot (59) installation is in progress
2022-10-18 21:56:08,941 [omNode-3-server-thread1] INFO  server.RaftServer$Division (RaftServerImpl.java:checkInconsistentAppendEntries(1394)) - omNode-3@group-523986131536: inconsistency entries. Reply:omNode-1<-omNode-3#684:FAIL-t5,INCONSISTENCY,nextIndex=57,followerCommit=56
2022-10-18 21:56:08,941 [grpc-default-executor-3] INFO  impl.SnapshotInstallationHandler (SnapshotInstallationHandler.java:installSnapshot(84)) - omNode-3@group-523986131536: receive installSnapshot: omNode-1->omNode-3#0-t5,notify:(t:5, i:59)
2022-10-18 21:56:08,941 [grpc-default-executor-3] INFO  impl.SnapshotInstallationHandler (SnapshotInstallationHandler.java:installSnapshot(95)) - omNode-3@group-523986131536: reply installSnapshot: omNode-1<-omNode-3#0:FAIL-t5,IN_PROGRESS
2022-10-18 21:56:08,941 [grpc-default-executor-3] INFO  server.GrpcServerProtocolService (GrpcServerProtocolService.java:onCompleted(140)) - omNode-3: Completed INSTALL_SNAPSHOT, lastRequest: omNode-1->omNode-3#0-t5,notify:(t:5, i:59)
2022-10-18 21:56:08,942 [grpc-default-executor-0] INFO  server.GrpcLogAppender (GrpcLogAppender.java:onNext(403)) - omNode-1@group-523986131536->omNode-3-InstallSnapshotResponseHandler: received a reply omNode-1<-omNode-3#0:FAIL-t5,IN_PROGRESS
2022-10-18 21:56:08,942 [grpc-default-executor-0] INFO  server.GrpcLogAppender (GrpcLogAppender.java:onNext(421)) - omNode-1@group-523986131536->omNode-3-InstallSnapshotResponseHandler: InstallSnapshot in progress.
2022-10-18 21:56:08,942 [grpc-default-executor-3] INFO  leader.FollowerInfo (FollowerInfoImpl.java:lambda$new$0(48)) - omNode-1@group-523986131536->omNode-3: nextIndex: updateUnconditionally 57 -> 57
2022-10-18 21:56:08,942 [omNode-1@group-523986131536->omNode-3-GrpcLogAppender-LogAppenderDaemon] INFO  server.GrpcLogAppender (GrpcLogAppender.java:installSnapshot(541)) - omNode-1@group-523986131536->omNode-3-GrpcLogAppender: followerNextIndex = 57 but logStartIndex = 59, notify follower to install snapshot-(t:5, i:59)
2022-10-18 21:56:08,942 [omNode-1@group-523986131536->omNode-3-GrpcLogAppender-LogAppenderDaemon] INFO  server.GrpcLogAppender (GrpcLogAppender.java:installSnapshot(549)) - omNode-1@group-523986131536->omNode-3-GrpcLogAppender: send omNode-1->omNode-3#0-t5,notify:(t:5, i:59)
2022-10-18 21:56:08,943 [grpc-default-executor-0] INFO  impl.SnapshotInstallationHandler (SnapshotInstallationHandler.java:installSnapshot(84)) - omNode-3@group-523986131536: receive installSnapshot: omNode-1->omNode-3#0-t5,notify:(t:5, i:59)
2022-10-18 21:56:08,943 [grpc-default-executor-0] INFO  impl.SnapshotInstallationHandler (SnapshotInstallationHandler.java:installSnapshot(95)) - omNode-3@group-523986131536: reply installSnapshot: omNode-1<-omNode-3#0:FAIL-t5,IN_PROGRESS
2022-10-18 21:56:08,943 [grpc-default-executor-0] INFO  server.GrpcServerProtocolService (GrpcServerProtocolService.java:onCompleted(140)) - omNode-3: Completed INSTALL_SNAPSHOT, lastRequest: omNode-1->omNode-3#0-t5,notify:(t:5, i:59)
2022-10-18 21:56:08,943 [omNode-3-server-thread1] INFO  server.RaftServer$Division (RaftServerImpl.java:checkInconsistentAppendEntries(1402)) - omNode-3@group-523986131536: Failed appendEntries as snapshot (59) installation is in progress
2022-10-18 21:56:08,944 [omNode-3-server-thread1] INFO  server.RaftServer$Division (RaftServerImpl.java:checkInconsistentAppendEntries(1394)) - omNode-3@group-523986131536: inconsistency entries. Reply:omNode-1<-omNode-3#685:FAIL-t5,INCONSISTENCY,nextIndex=57,followerCommit=56
2022-10-18 21:56:08,944 [grpc-default-executor-0] INFO  leader.FollowerInfo (FollowerInfoImpl.java:lambda$new$0(48)) - omNode-1@group-523986131536->omNode-3: nextIndex: updateUnconditionally 57 -> 57
2022-10-18 21:56:08,944 [grpc-default-executor-3] INFO  server.GrpcLogAppender (GrpcLogAppender.java:onNext(403)) - omNode-1@group-523986131536->omNode-3-InstallSnapshotResponseHandler: received a reply omNode-1<-omNode-3#0:FAIL-t5,IN_PROGRESS
2022-10-18 21:56:08,944 [grpc-default-executor-3] INFO  server.GrpcLogAppender (GrpcLogAppender.java:onNext(421)) - omNode-1@group-523986131536->omNode-3-InstallSnapshotResponseHandler: InstallSnapshot in progress.
2022-10-18 21:56:08,944 [omNode-1@group-523986131536->omNode-3-GrpcLogAppender-LogAppenderDaemon] INFO  server.GrpcLogAppender (GrpcLogAppender.java:installSnapshot(541)) - omNode-1@group-523986131536->omNode-3-GrpcLogAppender: followerNextIndex = 57 but logStartIndex = 59, notify follower to install snapshot-(t:5, i:59)
2022-10-18 21:56:08,944 [omNode-1@group-523986131536->omNode-3-GrpcLogAppender-LogAppenderDaemon] INFO  server.GrpcLogAppender (GrpcLogAppender.java:installSnapshot(549)) - omNode-1@group-523986131536->omNode-3-GrpcLogAppender: send omNode-1->omNode-3#0-t5,notify:(t:5, i:59)
2022-10-18 21:56:08,945 [omNode-3-server-thread1] INFO  server.RaftServer$Division (RaftServerImpl.java:checkInconsistentAppendEntries(1402)) - omNode-3@group-523986131536: Failed appendEntries as snapshot (59) installation is in progress
2022-10-18 21:56:08,945 [omNode-3-server-thread1] INFO  server.RaftServer$Division (RaftServerImpl.java:checkInconsistentAppendEntries(1394)) - omNode-3@group-523986131536: inconsistency entries. Reply:omNode-1<-omNode-3#686:FAIL-t5,INCONSISTENCY,nextIndex=57,followerCommit=56
2022-10-18 21:56:08,945 [grpc-default-executor-3] INFO  impl.SnapshotInstallationHandler (SnapshotInstallationHandler.java:installSnapshot(84)) - omNode-3@group-523986131536: receive installSnapshot: omNode-1->omNode-3#0-t5,notify:(t:5, i:59)
2022-10-18 21:56:08,945 [grpc-default-executor-3] INFO  impl.SnapshotInstallationHandler (SnapshotInstallationHandler.java:installSnapshot(95)) - omNode-3@group-523986131536: reply installSnapshot: omNode-1<-omNode-3#0:FAIL-t5,IN_PROGRESS
2022-10-18 21:56:08,946 [grpc-default-executor-3] INFO  server.GrpcServerProtocolService (GrpcServerProtocolService.java:onCompleted(140)) - omNode-3: Completed INSTALL_SNAPSHOT, lastRequest: omNode-1->omNode-3#0-t5,notify:(t:5, i:59)
2022-10-18 21:56:08,946 [grpc-default-executor-0] INFO  leader.FollowerInfo (FollowerInfoImpl.java:lambda$new$0(48)) - omNode-1@group-523986131536->omNode-3: nextIndex: updateUnconditionally 57 -> 57
2022-10-18 21:56:08,946 [grpc-default-executor-3] INFO  server.GrpcLogAppender (GrpcLogAppender.java:onNext(403)) - omNode-1@group-523986131536->omNode-3-InstallSnapshotResponseHandler: received a reply omNode-1<-omNode-3#0:FAIL-t5,IN_PROGRESS
2022-10-18 21:56:08,946 [grpc-default-executor-3] INFO  server.GrpcLogAppender (GrpcLogAppender.java:onNext(421)) - omNode-1@group-523986131536->omNode-3-InstallSnapshotResponseHandler: InstallSnapshot in progress.
2022-10-18 21:56:08,946 [omNode-1@group-523986131536->omNode-3-GrpcLogAppender-LogAppenderDaemon] INFO  server.GrpcLogAppender (GrpcLogAppender.java:installSnapshot(541)) - omNode-1@group-523986131536->omNode-3-GrpcLogAppender: followerNextIndex = 57 but logStartIndex = 59, notify follower to install snapshot-(t:5, i:59)
2022-10-18 21:56:08,946 [omNode-1@group-523986131536->omNode-3-GrpcLogAppender-LogAppenderDaemon] INFO  server.GrpcLogAppender (GrpcLogAppender.java:installSnapshot(549)) - omNode-1@group-523986131536->omNode-3-GrpcLogAppender: send omNode-1->omNode-3#0-t5,notify:(t:5, i:59)
2022-10-18 21:56:08,947 [omNode-3-server-thread1] INFO  server.RaftServer$Division (RaftServerImpl.java:checkInconsistentAppendEntries(1402)) - omNode-3@group-523986131536: Failed appendEntries as snapshot (59) installation is in progress
2022-10-18 21:56:08,947 [omNode-3-server-thread1] INFO  server.RaftServer$Division (RaftServerImpl.java:checkInconsistentAppendEntries(1394)) - omNode-3@group-523986131536: inconsistency entries. Reply:omNode-1<-omNode-3#687:FAIL-t5,INCONSISTENCY,nextIndex=57,followerCommit=56
2022-10-18 21:56:08,948 [grpc-default-executor-3] INFO  impl.SnapshotInstallationHandler (SnapshotInstallationHandler.java:installSnapshot(84)) - omNode-3@group-523986131536: receive installSnapshot: omNode-1->omNode-3#0-t5,notify:(t:5, i:59)
2022-10-18 21:56:08,948 [grpc-default-executor-3] INFO  impl.SnapshotInstallationHandler (SnapshotInstallationHandler.java:installSnapshot(95)) - omNode-3@group-523986131536: reply installSnapshot: omNode-1<-omNode-3#0:FAIL-t5,IN_PROGRESS
2022-10-18 21:56:08,948 [grpc-default-executor-3] INFO  server.GrpcServerProtocolService (GrpcServerProtocolService.java:onCompleted(140)) - omNode-3: Completed INSTALL_SNAPSHOT, lastRequest: omNode-1->omNode-3#0-t5,notify:(t:5, i:59)
2022-10-18 21:56:08,948 [grpc-default-executor-0] INFO  server.GrpcLogAppender (GrpcLogAppender.java:onNext(403)) - omNode-1@group-523986131536->omNode-3-InstallSnapshotResponseHandler: received a reply omNode-1<-omNode-3#0:FAIL-t5,IN_PROGRESS
2022-10-18 21:56:08,948 [grpc-default-executor-0] INFO  server.GrpcLogAppender (GrpcLogAppender.java:onNext(421)) - omNode-1@group-523986131536->omNode-3-InstallSnapshotResponseHandler: InstallSnapshot in progress.
2022-10-18 21:56:08,948 [omNode-1@group-523986131536->omNode-3-GrpcLogAppender-LogAppenderDaemon] INFO  server.GrpcLogAppender (GrpcLogAppender.java:installSnapshot(541)) - omNode-1@group-523986131536->omNode-3-GrpcLogAppender: followerNextIndex = 57 but logStartIndex = 59, notify follower to install snapshot-(t:5, i:59)
2022-10-18 21:56:08,949 [omNode-1@group-523986131536->omNode-3-GrpcLogAppender-LogAppenderDaemon] INFO  server.GrpcLogAppender (GrpcLogAppender.java:installSnapshot(549)) - omNode-1@group-523986131536->omNode-3-GrpcLogAppender: send omNode-1->omNode-3#0-t5,notify:(t:5, i:59)
2022-10-18 21:56:08,949 [grpc-default-executor-3] INFO  leader.FollowerInfo (FollowerInfoImpl.java:lambda$new$0(48)) - omNode-1@group-523986131536->omNode-3: nextIndex: updateUnconditionally 57 -> 57
2022-10-18 21:56:08,949 [omNode-3-server-thread1] INFO  server.RaftServer$Division (RaftServerImpl.java:checkInconsistentAppendEntries(1402)) - omNode-3@group-523986131536: Failed appendEntries as snapshot (59) installation is in progress
2022-10-18 21:56:08,949 [omNode-3-server-thread1] INFO  server.RaftServer$Division (RaftServerImpl.java:checkInconsistentAppendEntries(1394)) - omNode-3@group-523986131536: inconsistency entries. Reply:omNode-1<-omNode-3#688:FAIL-t5,INCONSISTENCY,nextIndex=57,followerCommit=56
2022-10-18 21:56:08,950 [grpc-default-executor-0] INFO  impl.SnapshotInstallationHandler (SnapshotInstallationHandler.java:installSnapshot(84)) - omNode-3@group-523986131536: receive installSnapshot: omNode-1->omNode-3#0-t5,notify:(t:5, i:59)
2022-10-18 21:56:08,950 [grpc-default-executor-0] INFO  impl.SnapshotInstallationHandler (SnapshotInstallationHandler.java:installSnapshot(95)) - omNode-3@group-523986131536: reply installSnapshot: omNode-1<-omNode-3#0:FAIL-t5,IN_PROGRESS
2022-10-18 21:56:08,950 [grpc-default-executor-3] INFO  leader.FollowerInfo (FollowerInfoImpl.java:lambda$new$0(48)) - omNode-1@group-523986131536->omNode-3: nextIndex: updateUnconditionally 57 -> 57
2022-10-18 21:56:08,950 [grpc-default-executor-0] INFO  server.GrpcServerProtocolService (GrpcServerProtocolService.java:onCompleted(140)) - omNode-3: Completed INSTALL_SNAPSHOT, lastRequest: omNode-1->omNode-3#0-t5,notify:(t:5, i:59)
2022-10-18 21:56:08,950 [grpc-default-executor-0] INFO  server.GrpcLogAppender (GrpcLogAppender.java:onNext(403)) - omNode-1@group-523986131536->omNode-3-InstallSnapshotResponseHandler: received a reply omNode-1<-omNode-3#0:FAIL-t5,IN_PROGRESS
2022-10-18 21:56:08,950 [grpc-default-executor-0] INFO  server.GrpcLogAppender (GrpcLogAppender.java:onNext(421)) - omNode-1@group-523986131536->omNode-3-InstallSnapshotResponseHandler: InstallSnapshot in progress.
2022-10-18 21:56:08,951 [omNode-1@group-523986131536->omNode-3-GrpcLogAppender-LogAppenderDaemon] INFO  server.GrpcLogAppender (GrpcLogAppender.java:installSnapshot(541)) - omNode-1@group-523986131536->omNode-3-GrpcLogAppender: followerNextIndex = 57 but logStartIndex = 59, notify follower to install snapshot-(t:5, i:59)
2022-10-18 21:56:08,951 [omNode-1@group-523986131536->omNode-3-GrpcLogAppender-LogAppenderDaemon] INFO  server.GrpcLogAppender (GrpcLogAppender.java:installSnapshot(549)) - omNode-1@group-523986131536->omNode-3-GrpcLogAppender: send omNode-1->omNode-3#0-t5,notify:(t:5, i:59)
2022-10-18 21:56:08,951 [omNode-3-server-thread1] INFO  server.RaftServer$Division (RaftServerImpl.java:checkInconsistentAppendEntries(1402)) - omNode-3@group-523986131536: Failed appendEntries as snapshot (59) installation is in progress
2022-10-18 21:56:08,951 [omNode-3-server-thread1] INFO  server.RaftServer$Division (RaftServerImpl.java:checkInconsistentAppendEntries(1394)) - omNode-3@group-523986131536: inconsistency entries. Reply:omNode-1<-omNode-3#689:FAIL-t5,INCONSISTENCY,nextIndex=57,followerCommit=56
2022-10-18 21:56:08,952 [grpc-default-executor-3] INFO  impl.SnapshotInstallationHandler (SnapshotInstallationHandler.java:installSnapshot(84)) - omNode-3@group-523986131536: receive installSnapshot: omNode-1->omNode-3#0-t5,notify:(t:5, i:59)
2022-10-18 21:56:08,952 [grpc-default-executor-0] INFO  leader.FollowerInfo (FollowerInfoImpl.java:lambda$new$0(48)) - omNode-1@group-523986131536->omNode-3: nextIndex: updateUnconditionally 57 -> 57
2022-10-18 21:56:08,952 [grpc-default-executor-3] INFO  impl.SnapshotInstallationHandler (SnapshotInstallationHandler.java:installSnapshot(95)) - omNode-3@group-523986131536: reply installSnapshot: omNode-1<-omNode-3#0:FAIL-t5,IN_PROGRESS
2022-10-18 21:56:08,952 [grpc-default-executor-3] INFO  server.GrpcServerProtocolService (GrpcServerProtocolService.java:onCompleted(140)) - omNode-3: Completed INSTALL_SNAPSHOT, lastRequest: omNode-1->omNode-3#0-t5,notify:(t:5, i:59)
2022-10-18 21:56:08,952 [grpc-default-executor-3] INFO  server.GrpcLogAppender (GrpcLogAppender.java:onNext(403)) - omNode-1@group-523986131536->omNode-3-InstallSnapshotResponseHandler: received a reply omNode-1<-omNode-3#0:FAIL-t5,IN_PROGRESS
2022-10-18 21:56:08,952 [grpc-default-executor-3] INFO  server.GrpcLogAppender (GrpcLogAppender.java:onNext(421)) - omNode-1@group-523986131536->omNode-3-InstallSnapshotResponseHandler: InstallSnapshot in progress.
2022-10-18 21:56:08,953 [omNode-1@group-523986131536->omNode-3-GrpcLogAppender-LogAppenderDaemon] INFO  server.GrpcLogAppender (GrpcLogAppender.java:installSnapshot(541)) - omNode-1@group-523986131536->omNode-3-GrpcLogAppender: followerNextIndex = 57 but logStartIndex = 59, notify follower to install snapshot-(t:5, i:59)
2022-10-18 21:56:08,952 [Listener at localhost/43229] INFO  server.session (DefaultSessionIdManager.java:doStart(334)) - DefaultSessionIdManager workerName=node0
2022-10-18 21:56:08,953 [omNode-3-server-thread1] INFO  server.RaftServer$Division (RaftServerImpl.java:checkInconsistentAppendEntries(1402)) - omNode-3@group-523986131536: Failed appendEntries as snapshot (59) installation is in progress
2022-10-18 21:56:08,953 [omNode-3-server-thread1] INFO  server.RaftServer$Division (RaftServerImpl.java:checkInconsistentAppendEntries(1394)) - omNode-3@group-523986131536: inconsistency entries. Reply:omNode-1<-omNode-3#690:FAIL-t5,INCONSISTENCY,nextIndex=57,followerCommit=56
2022-10-18 21:56:08,953 [grpc-default-executor-3] INFO  leader.FollowerInfo (FollowerInfoImpl.java:lambda$new$0(48)) - omNode-1@group-523986131536->omNode-3: nextIndex: updateUnconditionally 57 -> 57
2022-10-18 21:56:08,953 [omNode-1@group-523986131536->omNode-3-GrpcLogAppender-LogAppenderDaemon] INFO  server.GrpcLogAppender (GrpcLogAppender.java:installSnapshot(549)) - omNode-1@group-523986131536->omNode-3-GrpcLogAppender: send omNode-1->omNode-3#0-t5,notify:(t:5, i:59)
2022-10-18 21:56:08,953 [Listener at localhost/43229] INFO  server.session (DefaultSessionIdManager.java:doStart(339)) - No SessionScavenger set, using defaults
2022-10-18 21:56:08,954 [Listener at localhost/43229] INFO  server.session (HouseKeeper.java:startScavenging(132)) - node0 Scavenging every 660000ms
2022-10-18 21:56:08,955 [grpc-default-executor-0] INFO  impl.SnapshotInstallationHandler (SnapshotInstallationHandler.java:installSnapshot(84)) - omNode-3@group-523986131536: receive installSnapshot: omNode-1->omNode-3#0-t5,notify:(t:5, i:59)
2022-10-18 21:56:08,955 [Listener at localhost/43229] INFO  handler.ContextHandler (ContextHandler.java:doStart(915)) - Started o.e.j.s.ServletContextHandler@40eb2592{logs,/logs,file:///home/runner/work/ozone/ozone/hadoop-ozone/integration-test/target/log,AVAILABLE}
2022-10-18 21:56:08,955 [grpc-default-executor-0] INFO  impl.SnapshotInstallationHandler (SnapshotInstallationHandler.java:installSnapshot(95)) - omNode-3@group-523986131536: reply installSnapshot: omNode-1<-omNode-3#0:FAIL-t5,IN_PROGRESS
2022-10-18 21:56:08,955 [grpc-default-executor-0] INFO  server.GrpcServerProtocolService (GrpcServerProtocolService.java:onCompleted(140)) - omNode-3: Completed INSTALL_SNAPSHOT, lastRequest: omNode-1->omNode-3#0-t5,notify:(t:5, i:59)
2022-10-18 21:56:08,955 [Listener at localhost/43229] INFO  handler.ContextHandler (ContextHandler.java:doStart(915)) - Started o.e.j.s.ServletContextHandler@3b1ff451{static,/static,file:///home/runner/work/ozone/ozone/hadoop-ozone/integration-test/target/test-classes/webapps/static,AVAILABLE}
2022-10-18 21:56:08,955 [grpc-default-executor-3] INFO  server.GrpcLogAppender (GrpcLogAppender.java:onNext(403)) - omNode-1@group-523986131536->omNode-3-InstallSnapshotResponseHandler: received a reply omNode-1<-omNode-3#0:FAIL-t5,IN_PROGRESS
2022-10-18 21:56:08,955 [grpc-default-executor-3] INFO  server.GrpcLogAppender (GrpcLogAppender.java:onNext(421)) - omNode-1@group-523986131536->omNode-3-InstallSnapshotResponseHandler: InstallSnapshot in progress.
2022-10-18 21:56:08,955 [omNode-1@group-523986131536->omNode-3-GrpcLogAppender-LogAppenderDaemon] INFO  server.GrpcLogAppender (GrpcLogAppender.java:installSnapshot(541)) - omNode-1@group-523986131536->omNode-3-GrpcLogAppender: followerNextIndex = 57 but logStartIndex = 59, notify follower to install snapshot-(t:5, i:59)
2022-10-18 21:56:08,956 [omNode-1@group-523986131536->omNode-3-GrpcLogAppender-LogAppenderDaemon] INFO  server.GrpcLogAppender (GrpcLogAppender.java:installSnapshot(549)) - omNode-1@group-523986131536->omNode-3-GrpcLogAppender: send omNode-1->omNode-3#0-t5,notify:(t:5, i:59)
2022-10-18 21:56:08,956 [omNode-3-server-thread1] INFO  server.RaftServer$Division (RaftServerImpl.java:checkInconsistentAppendEntries(1402)) - omNode-3@group-523986131536: Failed appendEntries as snapshot (59) installation is in progress
2022-10-18 21:56:08,956 [omNode-3-server-thread1] INFO  server.RaftServer$Division (RaftServerImpl.java:checkInconsistentAppendEntries(1394)) - omNode-3@group-523986131536: inconsistency entries. Reply:omNode-1<-omNode-3#691:FAIL-t5,INCONSISTENCY,nextIndex=57,followerCommit=56
2022-10-18 21:56:08,957 [grpc-default-executor-3] INFO  leader.FollowerInfo (FollowerInfoImpl.java:lambda$new$0(48)) - omNode-1@group-523986131536->omNode-3: nextIndex: updateUnconditionally 57 -> 57
2022-10-18 21:56:08,957 [grpc-default-executor-0] INFO  impl.SnapshotInstallationHandler (SnapshotInstallationHandler.java:installSnapshot(84)) - omNode-3@group-523986131536: receive installSnapshot: omNode-1->omNode-3#0-t5,notify:(t:5, i:59)
2022-10-18 21:56:08,957 [grpc-default-executor-0] INFO  impl.SnapshotInstallationHandler (SnapshotInstallationHandler.java:installSnapshot(95)) - omNode-3@group-523986131536: reply installSnapshot: omNode-1<-omNode-3#0:FAIL-t5,IN_PROGRESS
2022-10-18 21:56:08,957 [grpc-default-executor-0] INFO  server.GrpcServerProtocolService (GrpcServerProtocolService.java:onCompleted(140)) - omNode-3: Completed INSTALL_SNAPSHOT, lastRequest: omNode-1->omNode-3#0-t5,notify:(t:5, i:59)
2022-10-18 21:56:08,957 [grpc-default-executor-0] INFO  server.GrpcLogAppender (GrpcLogAppender.java:onNext(403)) - omNode-1@group-523986131536->omNode-3-InstallSnapshotResponseHandler: received a reply omNode-1<-omNode-3#0:FAIL-t5,IN_PROGRESS
2022-10-18 21:56:08,957 [grpc-default-executor-0] INFO  server.GrpcLogAppender (GrpcLogAppender.java:onNext(421)) - omNode-1@group-523986131536->omNode-3-InstallSnapshotResponseHandler: InstallSnapshot in progress.
2022-10-18 21:56:08,957 [omNode-1@group-523986131536->omNode-3-GrpcLogAppender-LogAppenderDaemon] INFO  server.GrpcLogAppender (GrpcLogAppender.java:installSnapshot(541)) - omNode-1@group-523986131536->omNode-3-GrpcLogAppender: followerNextIndex = 57 but logStartIndex = 59, notify follower to install snapshot-(t:5, i:59)
2022-10-18 21:56:08,958 [omNode-1@group-523986131536->omNode-3-GrpcLogAppender-LogAppenderDaemon] INFO  server.GrpcLogAppender (GrpcLogAppender.java:installSnapshot(549)) - omNode-1@group-523986131536->omNode-3-GrpcLogAppender: send omNode-1->omNode-3#0-t5,notify:(t:5, i:59)
2022-10-18 21:56:08,958 [grpc-default-executor-0] INFO  impl.SnapshotInstallationHandler (SnapshotInstallationHandler.java:installSnapshot(84)) - omNode-3@group-523986131536: receive installSnapshot: omNode-1->omNode-3#0-t5,notify:(t:5, i:59)
2022-10-18 21:56:08,958 [omNode-3-server-thread1] INFO  server.RaftServer$Division (RaftServerImpl.java:checkInconsistentAppendEntries(1402)) - omNode-3@group-523986131536: Failed appendEntries as snapshot (59) installation is in progress
2022-10-18 21:56:08,958 [omNode-3-server-thread1] INFO  server.RaftServer$Division (RaftServerImpl.java:checkInconsistentAppendEntries(1394)) - omNode-3@group-523986131536: inconsistency entries. Reply:omNode-1<-omNode-3#692:FAIL-t5,INCONSISTENCY,nextIndex=57,followerCommit=56
2022-10-18 21:56:08,958 [Listener at localhost/43229] INFO  handler.ContextHandler (ContextHandler.java:doStart(915)) - Started o.e.j.w.WebAppContext@23c54fbb{ozoneManager,/,file:///home/runner/work/ozone/ozone/hadoop-ozone/integration-test/target/test-classes/webapps/ozoneManager/,AVAILABLE}{file:/home/runner/work/ozone/ozone/hadoop-ozone/integration-test/target/test-classes/webapps/ozoneManager}
2022-10-18 21:56:08,959 [grpc-default-executor-3] INFO  leader.FollowerInfo (FollowerInfoImpl.java:lambda$new$0(48)) - omNode-1@group-523986131536->omNode-3: nextIndex: updateUnconditionally 57 -> 57
2022-10-18 21:56:08,959 [grpc-default-executor-0] INFO  impl.SnapshotInstallationHandler (SnapshotInstallationHandler.java:installSnapshot(95)) - omNode-3@group-523986131536: reply installSnapshot: omNode-1<-omNode-3#0:FAIL-t5,IN_PROGRESS
2022-10-18 21:56:08,960 [grpc-default-executor-0] INFO  server.GrpcServerProtocolService (GrpcServerProtocolService.java:onCompleted(140)) - omNode-3: Completed INSTALL_SNAPSHOT, lastRequest: omNode-1->omNode-3#0-t5,notify:(t:5, i:59)
2022-10-18 21:56:08,961 [Listener at localhost/43229] INFO  server.AbstractConnector (AbstractConnector.java:doStart(331)) - Started ServerConnector@4fe38779{HTTP/1.1, (http/1.1)}{0.0.0.0:35093}
2022-10-18 21:56:08,961 [Listener at localhost/43229] INFO  server.Server (Server.java:doStart(415)) - Started @51680ms
2022-10-18 21:56:08,961 [Listener at localhost/43229] WARN  impl.MetricsSystemImpl (MetricsSystemImpl.java:register(279)) - Sink prometheus already exists!
2022-10-18 21:56:08,962 [Listener at localhost/43229] INFO  http.BaseHttpServer (BaseHttpServer.java:updateConnectorAddress(333)) - HTTP server of ozoneManager listening at http://0.0.0.0:35093
2022-10-18 21:56:08,962 [IPC Server Responder] INFO  ipc.Server (Server.java:run(1512)) - IPC Server Responder: starting
2022-10-18 21:56:08,965 [grpc-default-executor-0] INFO  server.GrpcLogAppender (GrpcLogAppender.java:onNext(403)) - omNode-1@group-523986131536->omNode-3-InstallSnapshotResponseHandler: received a reply omNode-1<-omNode-3#0:FAIL-t5,IN_PROGRESS
2022-10-18 21:56:08,965 [grpc-default-executor-0] INFO  server.GrpcLogAppender (GrpcLogAppender.java:onNext(421)) - omNode-1@group-523986131536->omNode-3-InstallSnapshotResponseHandler: InstallSnapshot in progress.
2022-10-18 21:56:08,965 [omNode-1@group-523986131536->omNode-3-GrpcLogAppender-LogAppenderDaemon] INFO  server.GrpcLogAppender (GrpcLogAppender.java:installSnapshot(541)) - omNode-1@group-523986131536->omNode-3-GrpcLogAppender: followerNextIndex = 57 but logStartIndex = 59, notify follower to install snapshot-(t:5, i:59)
2022-10-18 21:56:08,965 [omNode-1@group-523986131536->omNode-3-GrpcLogAppender-LogAppenderDaemon] INFO  server.GrpcLogAppender (GrpcLogAppender.java:installSnapshot(549)) - omNode-1@group-523986131536->omNode-3-GrpcLogAppender: send omNode-1->omNode-3#0-t5,notify:(t:5, i:59)
2022-10-18 21:56:08,965 [omNode-3-server-thread1] INFO  server.RaftServer$Division (RaftServerImpl.java:checkInconsistentAppendEntries(1402)) - omNode-3@group-523986131536: Failed appendEntries as snapshot (59) installation is in progress
2022-10-18 21:56:08,965 [omNode-3-server-thread1] INFO  server.RaftServer$Division (RaftServerImpl.java:checkInconsistentAppendEntries(1394)) - omNode-3@group-523986131536: inconsistency entries. Reply:omNode-1<-omNode-3#693:FAIL-t5,INCONSISTENCY,nextIndex=57,followerCommit=56
2022-10-18 21:56:08,965 [IPC Server listener on 43229] INFO  ipc.Server (Server.java:run(1352)) - IPC Server listener on 43229: starting
2022-10-18 21:56:08,966 [grpc-default-executor-0] INFO  leader.FollowerInfo (FollowerInfoImpl.java:lambda$new$0(48)) - omNode-1@group-523986131536->omNode-3: nextIndex: updateUnconditionally 57 -> 57
2022-10-18 21:56:08,969 [grpc-default-executor-2] INFO  impl.SnapshotInstallationHandler (SnapshotInstallationHandler.java:installSnapshot(84)) - omNode-3@group-523986131536: receive installSnapshot: omNode-1->omNode-3#0-t5,notify:(t:5, i:59)
2022-10-18 21:56:08,969 [grpc-default-executor-2] INFO  impl.SnapshotInstallationHandler (SnapshotInstallationHandler.java:installSnapshot(95)) - omNode-3@group-523986131536: reply installSnapshot: omNode-1<-omNode-3#0:FAIL-t5,IN_PROGRESS
2022-10-18 21:56:08,969 [grpc-default-executor-2] INFO  server.GrpcServerProtocolService (GrpcServerProtocolService.java:onCompleted(140)) - omNode-3: Completed INSTALL_SNAPSHOT, lastRequest: omNode-1->omNode-3#0-t5,notify:(t:5, i:59)
2022-10-18 21:56:08,969 [grpc-default-executor-3] INFO  server.GrpcLogAppender (GrpcLogAppender.java:onNext(403)) - omNode-1@group-523986131536->omNode-3-InstallSnapshotResponseHandler: received a reply omNode-1<-omNode-3#0:FAIL-t5,IN_PROGRESS
2022-10-18 21:56:08,969 [grpc-default-executor-3] INFO  server.GrpcLogAppender (GrpcLogAppender.java:onNext(421)) - omNode-1@group-523986131536->omNode-3-InstallSnapshotResponseHandler: InstallSnapshot in progress.
2022-10-18 21:56:08,970 [omNode-1@group-523986131536->omNode-3-GrpcLogAppender-LogAppenderDaemon] INFO  server.GrpcLogAppender (GrpcLogAppender.java:installSnapshot(541)) - omNode-1@group-523986131536->omNode-3-GrpcLogAppender: followerNextIndex = 57 but logStartIndex = 59, notify follower to install snapshot-(t:5, i:59)
2022-10-18 21:56:08,970 [omNode-1@group-523986131536->omNode-3-GrpcLogAppender-LogAppenderDaemon] INFO  server.GrpcLogAppender (GrpcLogAppender.java:installSnapshot(549)) - omNode-1@group-523986131536->omNode-3-GrpcLogAppender: send omNode-1->omNode-3#0-t5,notify:(t:5, i:59)
2022-10-18 21:56:08,973 [omNode-3-server-thread1] INFO  server.RaftServer$Division (RaftServerImpl.java:checkInconsistentAppendEntries(1402)) - omNode-3@group-523986131536: Failed appendEntries as snapshot (59) installation is in progress
2022-10-18 21:56:08,973 [omNode-3-server-thread1] INFO  server.RaftServer$Division (RaftServerImpl.java:checkInconsistentAppendEntries(1394)) - omNode-3@group-523986131536: inconsistency entries. Reply:omNode-1<-omNode-3#694:FAIL-t5,INCONSISTENCY,nextIndex=57,followerCommit=56
2022-10-18 21:56:08,973 [grpc-default-executor-2] INFO  impl.SnapshotInstallationHandler (SnapshotInstallationHandler.java:installSnapshot(84)) - omNode-3@group-523986131536: receive installSnapshot: omNode-1->omNode-3#0-t5,notify:(t:5, i:59)
2022-10-18 21:56:08,973 [grpc-default-executor-3] INFO  leader.FollowerInfo (FollowerInfoImpl.java:lambda$new$0(48)) - omNode-1@group-523986131536->omNode-3: nextIndex: updateUnconditionally 57 -> 57
2022-10-18 21:56:08,973 [grpc-default-executor-2] INFO  impl.SnapshotInstallationHandler (SnapshotInstallationHandler.java:installSnapshot(95)) - omNode-3@group-523986131536: reply installSnapshot: omNode-1<-omNode-3#0:FAIL-t5,IN_PROGRESS
2022-10-18 21:56:08,974 [grpc-default-executor-2] INFO  server.GrpcServerProtocolService (GrpcServerProtocolService.java:onCompleted(140)) - omNode-3: Completed INSTALL_SNAPSHOT, lastRequest: omNode-1->omNode-3#0-t5,notify:(t:5, i:59)
2022-10-18 21:56:08,974 [grpc-default-executor-2] INFO  server.GrpcLogAppender (GrpcLogAppender.java:onNext(403)) - omNode-1@group-523986131536->omNode-3-InstallSnapshotResponseHandler: received a reply omNode-1<-omNode-3#0:FAIL-t5,IN_PROGRESS
2022-10-18 21:56:08,974 [grpc-default-executor-2] INFO  server.GrpcLogAppender (GrpcLogAppender.java:onNext(421)) - omNode-1@group-523986131536->omNode-3-InstallSnapshotResponseHandler: InstallSnapshot in progress.
2022-10-18 21:56:08,974 [omNode-1@group-523986131536->omNode-3-GrpcLogAppender-LogAppenderDaemon] INFO  server.GrpcLogAppender (GrpcLogAppender.java:installSnapshot(541)) - omNode-1@group-523986131536->omNode-3-GrpcLogAppender: followerNextIndex = 57 but logStartIndex = 59, notify follower to install snapshot-(t:5, i:59)
2022-10-18 21:56:08,974 [omNode-1@group-523986131536->omNode-3-GrpcLogAppender-LogAppenderDaemon] INFO  server.GrpcLogAppender (GrpcLogAppender.java:installSnapshot(549)) - omNode-1@group-523986131536->omNode-3-GrpcLogAppender: send omNode-1->omNode-3#0-t5,notify:(t:5, i:59)
2022-10-18 21:56:08,975 [grpc-default-executor-3] INFO  impl.SnapshotInstallationHandler (SnapshotInstallationHandler.java:installSnapshot(84)) - omNode-3@group-523986131536: receive installSnapshot: omNode-1->omNode-3#0-t5,notify:(t:5, i:59)
2022-10-18 21:56:08,975 [grpc-default-executor-3] INFO  impl.SnapshotInstallationHandler (SnapshotInstallationHandler.java:installSnapshot(95)) - omNode-3@group-523986131536: reply installSnapshot: omNode-1<-omNode-3#0:FAIL-t5,IN_PROGRESS
2022-10-18 21:56:08,975 [grpc-default-executor-3] INFO  server.GrpcServerProtocolService (GrpcServerProtocolService.java:onCompleted(140)) - omNode-3: Completed INSTALL_SNAPSHOT, lastRequest: omNode-1->omNode-3#0-t5,notify:(t:5, i:59)
2022-10-18 21:56:08,975 [omNode-3-server-thread1] INFO  server.RaftServer$Division (RaftServerImpl.java:checkInconsistentAppendEntries(1402)) - omNode-3@group-523986131536: Failed appendEntries as snapshot (59) installation is in progress
2022-10-18 21:56:08,975 [omNode-3-server-thread1] INFO  server.RaftServer$Division (RaftServerImpl.java:checkInconsistentAppendEntries(1394)) - omNode-3@group-523986131536: inconsistency entries. Reply:omNode-1<-omNode-3#695:FAIL-t5,INCONSISTENCY,nextIndex=57,followerCommit=56
2022-10-18 21:56:08,975 [grpc-default-executor-3] INFO  server.GrpcLogAppender (GrpcLogAppender.java:onNext(403)) - omNode-1@group-523986131536->omNode-3-InstallSnapshotResponseHandler: received a reply omNode-1<-omNode-3#0:FAIL-t5,IN_PROGRESS
2022-10-18 21:56:08,976 [grpc-default-executor-3] INFO  server.GrpcLogAppender (GrpcLogAppender.java:onNext(421)) - omNode-1@group-523986131536->omNode-3-InstallSnapshotResponseHandler: InstallSnapshot in progress.
2022-10-18 21:56:08,976 [omNode-1@group-523986131536->omNode-3-GrpcLogAppender-LogAppenderDaemon] INFO  server.GrpcLogAppender (GrpcLogAppender.java:installSnapshot(541)) - omNode-1@group-523986131536->omNode-3-GrpcLogAppender: followerNextIndex = 57 but logStartIndex = 59, notify follower to install snapshot-(t:5, i:59)
2022-10-18 21:56:08,976 [omNode-1@group-523986131536->omNode-3-GrpcLogAppender-LogAppenderDaemon] INFO  server.GrpcLogAppender (GrpcLogAppender.java:installSnapshot(549)) - omNode-1@group-523986131536->omNode-3-GrpcLogAppender: send omNode-1->omNode-3#0-t5,notify:(t:5, i:59)
2022-10-18 21:56:08,976 [grpc-default-executor-3] INFO  leader.FollowerInfo (FollowerInfoImpl.java:lambda$new$0(48)) - omNode-1@group-523986131536->omNode-3: nextIndex: updateUnconditionally 57 -> 57
2022-10-18 21:56:08,976 [omNode-3-server-thread1] INFO  server.RaftServer$Division (RaftServerImpl.java:checkInconsistentAppendEntries(1402)) - omNode-3@group-523986131536: Failed appendEntries as snapshot (59) installation is in progress
2022-10-18 21:56:08,976 [omNode-3-server-thread1] INFO  server.RaftServer$Division (RaftServerImpl.java:checkInconsistentAppendEntries(1394)) - omNode-3@group-523986131536: inconsistency entries. Reply:omNode-1<-omNode-3#696:FAIL-t5,INCONSISTENCY,nextIndex=57,followerCommit=56
2022-10-18 21:56:08,977 [grpc-default-executor-2] INFO  impl.SnapshotInstallationHandler (SnapshotInstallationHandler.java:installSnapshot(84)) - omNode-3@group-523986131536: receive installSnapshot: omNode-1->omNode-3#0-t5,notify:(t:5, i:59)
2022-10-18 21:56:08,977 [grpc-default-executor-2] INFO  impl.SnapshotInstallationHandler (SnapshotInstallationHandler.java:installSnapshot(95)) - omNode-3@group-523986131536: reply installSnapshot: omNode-1<-omNode-3#0:FAIL-t5,IN_PROGRESS
2022-10-18 21:56:08,977 [grpc-default-executor-2] INFO  server.GrpcServerProtocolService (GrpcServerProtocolService.java:onCompleted(140)) - omNode-3: Completed INSTALL_SNAPSHOT, lastRequest: omNode-1->omNode-3#0-t5,notify:(t:5, i:59)
2022-10-18 21:56:08,977 [grpc-default-executor-2] INFO  leader.FollowerInfo (FollowerInfoImpl.java:lambda$new$0(48)) - omNode-1@group-523986131536->omNode-3: nextIndex: updateUnconditionally 57 -> 57
2022-10-18 21:56:08,978 [grpc-default-executor-3] INFO  server.GrpcLogAppender (GrpcLogAppender.java:onNext(403)) - omNode-1@group-523986131536->omNode-3-InstallSnapshotResponseHandler: received a reply omNode-1<-omNode-3#0:FAIL-t5,IN_PROGRESS
2022-10-18 21:56:08,978 [grpc-default-executor-3] INFO  server.GrpcLogAppender (GrpcLogAppender.java:onNext(421)) - omNode-1@group-523986131536->omNode-3-InstallSnapshotResponseHandler: InstallSnapshot in progress.
2022-10-18 21:56:08,978 [omNode-1@group-523986131536->omNode-3-GrpcLogAppender-LogAppenderDaemon] INFO  server.GrpcLogAppender (GrpcLogAppender.java:installSnapshot(541)) - omNode-1@group-523986131536->omNode-3-GrpcLogAppender: followerNextIndex = 57 but logStartIndex = 59, notify follower to install snapshot-(t:5, i:59)
2022-10-18 21:56:08,978 [omNode-1@group-523986131536->omNode-3-GrpcLogAppender-LogAppenderDaemon] INFO  server.GrpcLogAppender (GrpcLogAppender.java:installSnapshot(549)) - omNode-1@group-523986131536->omNode-3-GrpcLogAppender: send omNode-1->omNode-3#0-t5,notify:(t:5, i:59)
2022-10-18 21:56:08,979 [omNode-3-server-thread1] INFO  server.RaftServer$Division (RaftServerImpl.java:checkInconsistentAppendEntries(1402)) - omNode-3@group-523986131536: Failed appendEntries as snapshot (59) installation is in progress
2022-10-18 21:56:08,979 [omNode-3-server-thread1] INFO  server.RaftServer$Division (RaftServerImpl.java:checkInconsistentAppendEntries(1394)) - omNode-3@group-523986131536: inconsistency entries. Reply:omNode-1<-omNode-3#697:FAIL-t5,INCONSISTENCY,nextIndex=57,followerCommit=56
2022-10-18 21:56:08,979 [grpc-default-executor-3] INFO  impl.SnapshotInstallationHandler (SnapshotInstallationHandler.java:installSnapshot(84)) - omNode-3@group-523986131536: receive installSnapshot: omNode-1->omNode-3#0-t5,notify:(t:5, i:59)
2022-10-18 21:56:08,983 [grpc-default-executor-3] INFO  impl.SnapshotInstallationHandler (SnapshotInstallationHandler.java:installSnapshot(95)) - omNode-3@group-523986131536: reply installSnapshot: omNode-1<-omNode-3#0:FAIL-t5,IN_PROGRESS
2022-10-18 21:56:08,983 [grpc-default-executor-3] INFO  server.GrpcServerProtocolService (GrpcServerProtocolService.java:onCompleted(140)) - omNode-3: Completed INSTALL_SNAPSHOT, lastRequest: omNode-1->omNode-3#0-t5,notify:(t:5, i:59)
2022-10-18 21:56:08,983 [grpc-default-executor-2] INFO  server.GrpcLogAppender (GrpcLogAppender.java:onNext(403)) - omNode-1@group-523986131536->omNode-3-InstallSnapshotResponseHandler: received a reply omNode-1<-omNode-3#0:FAIL-t5,IN_PROGRESS
2022-10-18 21:56:08,983 [grpc-default-executor-2] INFO  server.GrpcLogAppender (GrpcLogAppender.java:onNext(421)) - omNode-1@group-523986131536->omNode-3-InstallSnapshotResponseHandler: InstallSnapshot in progress.
2022-10-18 21:56:08,983 [omNode-1@group-523986131536->omNode-3-GrpcLogAppender-LogAppenderDaemon] INFO  server.GrpcLogAppender (GrpcLogAppender.java:installSnapshot(541)) - omNode-1@group-523986131536->omNode-3-GrpcLogAppender: followerNextIndex = 57 but logStartIndex = 59, notify follower to install snapshot-(t:5, i:59)
2022-10-18 21:56:08,983 [omNode-1@group-523986131536->omNode-3-GrpcLogAppender-LogAppenderDaemon] INFO  server.GrpcLogAppender (GrpcLogAppender.java:installSnapshot(549)) - omNode-1@group-523986131536->omNode-3-GrpcLogAppender: send omNode-1->omNode-3#0-t5,notify:(t:5, i:59)
2022-10-18 21:56:08,984 [grpc-default-executor-2] INFO  impl.SnapshotInstallationHandler (SnapshotInstallationHandler.java:installSnapshot(84)) - omNode-3@group-523986131536: receive installSnapshot: omNode-1->omNode-3#0-t5,notify:(t:5, i:59)
2022-10-18 21:56:08,984 [grpc-default-executor-2] INFO  impl.SnapshotInstallationHandler (SnapshotInstallationHandler.java:installSnapshot(95)) - omNode-3@group-523986131536: reply installSnapshot: omNode-1<-omNode-3#0:FAIL-t5,IN_PROGRESS
2022-10-18 21:56:08,984 [grpc-default-executor-2] INFO  server.GrpcServerProtocolService (GrpcServerProtocolService.java:onCompleted(140)) - omNode-3: Completed INSTALL_SNAPSHOT, lastRequest: omNode-1->omNode-3#0-t5,notify:(t:5, i:59)
2022-10-18 21:56:08,984 [grpc-default-executor-2] INFO  server.GrpcLogAppender (GrpcLogAppender.java:onNext(403)) - omNode-1@group-523986131536->omNode-3-InstallSnapshotResponseHandler: received a reply omNode-1<-omNode-3#0:FAIL-t5,IN_PROGRESS
2022-10-18 21:56:08,984 [grpc-default-executor-2] INFO  server.GrpcLogAppender (GrpcLogAppender.java:onNext(421)) - omNode-1@group-523986131536->omNode-3-InstallSnapshotResponseHandler: InstallSnapshot in progress.
2022-10-18 21:56:08,985 [omNode-1@group-523986131536->omNode-3-GrpcLogAppender-LogAppenderDaemon] INFO  server.GrpcLogAppender (GrpcLogAppender.java:installSnapshot(541)) - omNode-1@group-523986131536->omNode-3-GrpcLogAppender: followerNextIndex = 57 but logStartIndex = 59, notify follower to install snapshot-(t:5, i:59)
2022-10-18 21:56:08,985 [omNode-1@group-523986131536->omNode-3-GrpcLogAppender-LogAppenderDaemon] INFO  server.GrpcLogAppender (GrpcLogAppender.java:installSnapshot(549)) - omNode-1@group-523986131536->omNode-3-GrpcLogAppender: send omNode-1->omNode-3#0-t5,notify:(t:5, i:59)
2022-10-18 21:56:08,987 [omNode-3-server-thread1] INFO  server.RaftServer$Division (RaftServerImpl.java:checkInconsistentAppendEntries(1402)) - omNode-3@group-523986131536: Failed appendEntries as snapshot (59) installation is in progress
2022-10-18 21:56:08,987 [omNode-3-server-thread1] INFO  server.RaftServer$Division (RaftServerImpl.java:checkInconsistentAppendEntries(1394)) - omNode-3@group-523986131536: inconsistency entries. Reply:omNode-1<-omNode-3#698:FAIL-t5,INCONSISTENCY,nextIndex=57,followerCommit=56
2022-10-18 21:56:08,987 [omNode-3-server-thread1] INFO  server.RaftServer$Division (RaftServerImpl.java:checkInconsistentAppendEntries(1402)) - omNode-3@group-523986131536: Failed appendEntries as snapshot (59) installation is in progress
2022-10-18 21:56:08,988 [omNode-3-server-thread1] INFO  server.RaftServer$Division (RaftServerImpl.java:checkInconsistentAppendEntries(1394)) - omNode-3@group-523986131536: inconsistency entries. Reply:omNode-1<-omNode-3#699:FAIL-t5,INCONSISTENCY,nextIndex=57,followerCommit=56
2022-10-18 21:56:08,988 [pool-422-thread-1] INFO  om.OzoneManager (OzoneManager.java:installCheckpoint(3745)) - Installing checkpoint with OMTransactionInfo 5#143
2022-10-18 21:56:08,988 [pool-422-thread-1] INFO  ratis.OzoneManagerStateMachine (OzoneManagerStateMachine.java:pause(389)) - OzoneManagerStateMachine is pausing
2022-10-18 21:56:08,988 [pool-422-thread-1] INFO  ratis.OzoneManagerDoubleBuffer (OzoneManagerDoubleBuffer.java:stop(466)) - Stopping OMDoubleBuffer flush thread
2022-10-18 21:56:08,988 [grpc-default-executor-3] INFO  impl.SnapshotInstallationHandler (SnapshotInstallationHandler.java:installSnapshot(84)) - omNode-3@group-523986131536: receive installSnapshot: omNode-1->omNode-3#0-t5,notify:(t:5, i:59)
2022-10-18 21:56:08,988 [grpc-default-executor-3] INFO  impl.SnapshotInstallationHandler (SnapshotInstallationHandler.java:installSnapshot(95)) - omNode-3@group-523986131536: reply installSnapshot: omNode-1<-omNode-3#0:FAIL-t5,IN_PROGRESS
2022-10-18 21:56:08,989 [grpc-default-executor-3] INFO  server.GrpcServerProtocolService (GrpcServerProtocolService.java:onCompleted(140)) - omNode-3: Completed INSTALL_SNAPSHOT, lastRequest: omNode-1->omNode-3#0-t5,notify:(t:5, i:59)
2022-10-18 21:56:08,989 [grpc-default-executor-3] INFO  leader.FollowerInfo (FollowerInfoImpl.java:lambda$new$0(48)) - omNode-1@group-523986131536->omNode-3: nextIndex: updateUnconditionally 57 -> 57
2022-10-18 21:56:08,989 [grpc-default-executor-0] INFO  leader.FollowerInfo (FollowerInfoImpl.java:lambda$new$0(48)) - omNode-1@group-523986131536->omNode-3: nextIndex: updateUnconditionally 57 -> 57
2022-10-18 21:56:08,989 [grpc-default-executor-0] INFO  leader.FollowerInfo (FollowerInfoImpl.java:lambda$new$0(48)) - omNode-1@group-523986131536->omNode-3: nextIndex: updateUnconditionally 57 -> 57
2022-10-18 21:56:08,989 [Listener at localhost/43229] INFO  om.OzoneManager (OzoneManager.java:startTrashEmptier(1919)) - Trash Interval set to 0. Files deleted won't move to trash
2022-10-18 21:56:08,990 [OMDoubleBufferFlushThread] INFO  ratis.OzoneManagerDoubleBuffer (OzoneManagerDoubleBuffer.java:flushTransactions(385)) - OMDoubleBuffer flush thread OMDoubleBufferFlushThread is interrupted and will exit.
2022-10-18 21:56:08,993 [grpc-default-executor-3] INFO  server.GrpcLogAppender (GrpcLogAppender.java:onNext(403)) - omNode-1@group-523986131536->omNode-3-InstallSnapshotResponseHandler: received a reply omNode-1<-omNode-3#0:FAIL-t5,IN_PROGRESS
2022-10-18 21:56:08,993 [grpc-default-executor-3] INFO  server.GrpcLogAppender (GrpcLogAppender.java:onNext(421)) - omNode-1@group-523986131536->omNode-3-InstallSnapshotResponseHandler: InstallSnapshot in progress.
2022-10-18 21:56:08,994 [omNode-1@group-523986131536->omNode-3-GrpcLogAppender-LogAppenderDaemon] INFO  server.GrpcLogAppender (GrpcLogAppender.java:installSnapshot(541)) - omNode-1@group-523986131536->omNode-3-GrpcLogAppender: followerNextIndex = 57 but logStartIndex = 59, notify follower to install snapshot-(t:5, i:59)
2022-10-18 21:56:08,994 [Listener at localhost/43229] INFO  om.OzoneManager (OzoneManager.java:stop(2034)) - omNode-1[localhost:39907]: Stopping Ozone Manager
2022-10-18 21:56:08,994 [pool-422-thread-1] INFO  ipc.Server (Server.java:stop(3428)) - Stopping server on 43229
2022-10-18 21:56:08,995 [omNode-3-server-thread1] INFO  server.RaftServer$Division (RaftServerImpl.java:checkInconsistentAppendEntries(1402)) - omNode-3@group-523986131536: Failed appendEntries as snapshot (59) installation is in progress
2022-10-18 21:56:08,995 [omNode-3-server-thread1] INFO  server.RaftServer$Division (RaftServerImpl.java:checkInconsistentAppendEntries(1394)) - omNode-3@group-523986131536: inconsistency entries. Reply:omNode-1<-omNode-3#700:FAIL-t5,INCONSISTENCY,nextIndex=57,followerCommit=56
2022-10-18 21:56:08,994 [org.apache.hadoop.util.JvmPauseMonitor$Monitor@250db31d] INFO  util.JvmPauseMonitor (JvmPauseMonitor.java:run(188)) - Starting JVM pause monitor
2022-10-18 21:56:08,994 [omNode-1@group-523986131536->omNode-3-GrpcLogAppender-LogAppenderDaemon] INFO  server.GrpcLogAppender (GrpcLogAppender.java:installSnapshot(549)) - omNode-1@group-523986131536->omNode-3-GrpcLogAppender: send omNode-1->omNode-3#0-t5,notify:(t:5, i:59)
2022-10-18 21:56:08,995 [grpc-default-executor-3] INFO  leader.FollowerInfo (FollowerInfoImpl.java:lambda$new$0(48)) - omNode-1@group-523986131536->omNode-3: nextIndex: updateUnconditionally 57 -> 57
2022-10-18 21:56:08,996 [IPC Server listener on 43229] INFO  ipc.Server (Server.java:run(1384)) - Stopping IPC Server listener on 43229
2022-10-18 21:56:08,996 [IPC Server Responder] INFO  ipc.Server (Server.java:run(1517)) - Stopping IPC Server Responder
2022-10-18 21:56:08,994 [Listener at localhost/43229] INFO  ipc.Server (Server.java:stop(3428)) - Stopping server on 39907
2022-10-18 21:56:08,998 [IPC Server listener on 39907] INFO  ipc.Server (Server.java:run(1384)) - Stopping IPC Server listener on 39907
2022-10-18 21:56:08,998 [pool-422-thread-1] INFO  om.OzoneManager (OzoneManager.java:installCheckpoint(3796)) - RPC server is stopped. Spend 4 ms.
2022-10-18 21:56:08,999 [grpc-default-executor-3] INFO  impl.SnapshotInstallationHandler (SnapshotInstallationHandler.java:installSnapshot(84)) - omNode-3@group-523986131536: receive installSnapshot: omNode-1->omNode-3#0-t5,notify:(t:5, i:59)
2022-10-18 21:56:08,999 [grpc-default-executor-3] INFO  impl.SnapshotInstallationHandler (SnapshotInstallationHandler.java:installSnapshot(95)) - omNode-3@group-523986131536: reply installSnapshot: omNode-1<-omNode-3#0:FAIL-t5,IN_PROGRESS
2022-10-18 21:56:08,999 [grpc-default-executor-3] INFO  server.GrpcServerProtocolService (GrpcServerProtocolService.java:onCompleted(140)) - omNode-3: Completed INSTALL_SNAPSHOT, lastRequest: omNode-1->omNode-3#0-t5,notify:(t:5, i:59)
2022-10-18 21:56:09,001 [IPC Server Responder] INFO  ipc.Server (Server.java:run(1517)) - Stopping IPC Server Responder
2022-10-18 21:56:09,001 [Listener at localhost/43229] INFO  server.RaftServer (RaftServerProxy.java:lambda$close$7(398)) - omNode-1: close
2022-10-18 21:56:09,002 [Listener at localhost/43229] INFO  server.RaftServer$Division (RaftServerImpl.java:lambda$close$4(434)) - omNode-1@group-523986131536: shutdown
2022-10-18 21:56:09,002 [Listener at localhost/43229] INFO  util.JmxRegister (JmxRegister.java:unregister(73)) - Successfully un-registered JMX Bean with object name Ratis:service=RaftServer,group=group-523986131536,id=omNode-1
2022-10-18 21:56:09,002 [grpc-default-executor-3] INFO  server.GrpcLogAppender (GrpcLogAppender.java:onNext(403)) - omNode-1@group-523986131536->omNode-3-InstallSnapshotResponseHandler: received a reply omNode-1<-omNode-3#0:FAIL-t5,IN_PROGRESS
2022-10-18 21:56:09,002 [grpc-default-executor-3] INFO  server.GrpcLogAppender (GrpcLogAppender.java:onNext(421)) - omNode-1@group-523986131536->omNode-3-InstallSnapshotResponseHandler: InstallSnapshot in progress.
2022-10-18 21:56:09,002 [omNode-1@group-523986131536->omNode-3-GrpcLogAppender-LogAppenderDaemon] INFO  server.GrpcLogAppender (GrpcLogAppender.java:installSnapshot(541)) - omNode-1@group-523986131536->omNode-3-GrpcLogAppender: followerNextIndex = 57 but logStartIndex = 59, notify follower to install snapshot-(t:5, i:59)
2022-10-18 21:56:09,002 [omNode-1@group-523986131536->omNode-3-GrpcLogAppender-LogAppenderDaemon] INFO  server.GrpcLogAppender (GrpcLogAppender.java:installSnapshot(549)) - omNode-1@group-523986131536->omNode-3-GrpcLogAppender: send omNode-1->omNode-3#0-t5,notify:(t:5, i:59)
2022-10-18 21:56:09,002 [Listener at localhost/43229] INFO  impl.RoleInfo (RoleInfo.java:shutdownLeaderState(93)) - omNode-1: shutdown omNode-1@group-523986131536-LeaderStateImpl
2022-10-18 21:56:09,003 [pool-422-thread-1] INFO  om.OzoneManager (OzoneManager.java:installCheckpoint(3803)) - metadataManager is stopped. Spend 5 ms.
2022-10-18 21:56:09,003 [omNode-1@group-523986131536->omNode-2-GrpcLogAppender-LogAppenderDaemon] WARN  server.GrpcLogAppender (GrpcLogAppender.java:mayWait(171)) - omNode-1@group-523986131536->omNode-2-GrpcLogAppender: Wait interrupted by java.lang.InterruptedException
2022-10-18 21:56:09,002 [omNode-3-server-thread1] INFO  server.RaftServer$Division (RaftServerImpl.java:checkInconsistentAppendEntries(1402)) - omNode-3@group-523986131536: Failed appendEntries as snapshot (59) installation is in progress
2022-10-18 21:56:09,003 [Listener at localhost/43229] INFO  impl.PendingRequests (PendingRequests.java:sendNotLeaderResponses(282)) - omNode-1@group-523986131536-PendingRequests: sendNotLeaderResponses
2022-10-18 21:56:09,003 [omNode-3-server-thread1] INFO  server.RaftServer$Division (RaftServerImpl.java:checkInconsistentAppendEntries(1394)) - omNode-3@group-523986131536: inconsistency entries. Reply:omNode-1<-omNode-3#701:FAIL-t5,INCONSISTENCY,nextIndex=57,followerCommit=56
2022-10-18 21:56:09,005 [grpc-default-executor-3] INFO  server.GrpcServerProtocolService (GrpcServerProtocolService.java:onCompleted(140)) - omNode-3: Completed APPEND_ENTRIES, lastRequest: null
2022-10-18 21:56:09,005 [Listener at localhost/43229] INFO  impl.StateMachineUpdater (StateMachineUpdater.java:stopAndJoin(153)) - omNode-1@group-523986131536-StateMachineUpdater: set stopIndex = 144
2022-10-18 21:56:09,006 [omNode-1@group-523986131536-StateMachineUpdater] INFO  ratis.OzoneManagerStateMachine (OzoneManagerStateMachine.java:takeSnapshot(441)) - Current Snapshot Index (t:5, i:144)
2022-10-18 21:56:09,006 [grpc-default-executor-3] INFO  impl.SnapshotInstallationHandler (SnapshotInstallationHandler.java:installSnapshot(84)) - omNode-3@group-523986131536: receive installSnapshot: omNode-1->omNode-3#0-t5,notify:(t:5, i:59)
2022-10-18 21:56:09,006 [grpc-default-executor-2] INFO  server.GrpcServerProtocolService (GrpcServerProtocolService.java:onCompleted(140)) - omNode-2: Completed APPEND_ENTRIES, lastRequest: omNode-1->omNode-2#220-t5,previous=(t:5, i:143),leaderCommit=143,initializing? true,entries: size=1, first=(t:5, i:144), METADATAENTRY(c:143)
2022-10-18 21:56:09,006 [grpc-default-executor-3] INFO  impl.SnapshotInstallationHandler (SnapshotInstallationHandler.java:installSnapshot(95)) - omNode-3@group-523986131536: reply installSnapshot: omNode-1<-omNode-3#0:FAIL-t5,IN_PROGRESS
2022-10-18 21:56:09,006 [omNode-1@group-523986131536-StateMachineUpdater] INFO  impl.StateMachineUpdater (StateMachineUpdater.java:takeSnapshot(287)) - omNode-1@group-523986131536-StateMachineUpdater: Took a snapshot at index 144
2022-10-18 21:56:09,006 [grpc-default-executor-3] INFO  server.GrpcServerProtocolService (GrpcServerProtocolService.java:onCompleted(140)) - omNode-3: Completed INSTALL_SNAPSHOT, lastRequest: omNode-1->omNode-3#0-t5,notify:(t:5, i:59)
2022-10-18 21:56:09,006 [omNode-1@group-523986131536-StateMachineUpdater] INFO  impl.StateMachineUpdater (StateMachineUpdater.java:lambda$new$0(92)) - omNode-1@group-523986131536-StateMachineUpdater: snapshotIndex: updateIncreasingly 108 -> 144
2022-10-18 21:56:09,006 [omNode-1@group-523986131536-StateMachineUpdater] INFO  raftlog.RaftLog (RaftLogBase.java:purge(308)) - omNode-1@group-523986131536-SegmentedRaftLog: purge 144
2022-10-18 21:56:09,006 [omNode-1@group-523986131536-StateMachineUpdater] INFO  raftlog.RaftLog (RaftLogBase.java:lambda$new$0(53)) - omNode-1@group-523986131536-SegmentedRaftLog: snapshotIndex: updateIncreasingly 108 -> 144
2022-10-18 21:56:09,006 [grpc-default-executor-2] INFO  leader.FollowerInfo (FollowerInfoImpl.java:lambda$new$0(48)) - omNode-1@group-523986131536->omNode-3: nextIndex: updateUnconditionally 57 -> 57
2022-10-18 21:56:09,006 [omNode-1@group-523986131536-StateMachineUpdater] INFO  raftlog.RaftLog (RaftLogBase.java:lambda$new$0(53)) - omNode-1@group-523986131536-SegmentedRaftLog: purgeIndex: updateToMax old=58, new=144, updated? true
2022-10-18 21:56:09,006 [grpc-default-executor-2] INFO  server.GrpcLogAppender (GrpcLogAppender.java:onCompleted(339)) - omNode-1@group-523986131536->omNode-3-AppendLogResponseHandler: follower responses appendEntries COMPLETED
2022-10-18 21:56:09,006 [omNode-1@group-523986131536-StateMachineUpdater] INFO  ratis.OzoneManagerStateMachine (OzoneManagerStateMachine.java:close(495)) - StateMachine has shutdown. Shutdown OzoneManager if not already shutdown.
2022-10-18 21:56:09,006 [grpc-default-executor-2] INFO  leader.FollowerInfo (FollowerInfoImpl.java:lambda$new$0(48)) - omNode-1@group-523986131536->omNode-3: nextIndex: updateUnconditionally 57 -> 56
2022-10-18 21:56:09,006 [grpc-default-executor-3] INFO  server.GrpcLogAppender (GrpcLogAppender.java:onCompleted(339)) - omNode-1@group-523986131536->omNode-2-AppendLogResponseHandler: follower responses appendEntries COMPLETED
2022-10-18 21:56:09,006 [omNode-1@group-523986131536-StateMachineUpdater] INFO  ratis.OzoneManagerDoubleBuffer (OzoneManagerDoubleBuffer.java:stop(466)) - Stopping OMDoubleBuffer flush thread
2022-10-18 21:56:09,007 [grpc-default-executor-3] INFO  leader.FollowerInfo (FollowerInfoImpl.java:lambda$new$0(48)) - omNode-1@group-523986131536->omNode-2: nextIndex: updateUnconditionally 145 -> 144
2022-10-18 21:56:09,007 [OMDoubleBufferFlushThread] INFO  ratis.OzoneManagerDoubleBuffer (OzoneManagerDoubleBuffer.java:flushTransactions(385)) - OMDoubleBuffer flush thread OMDoubleBufferFlushThread is interrupted and will exit.
2022-10-18 21:56:09,007 [grpc-default-executor-2] INFO  server.GrpcLogAppender (GrpcLogAppender.java:onNext(403)) - omNode-1@group-523986131536->omNode-3-InstallSnapshotResponseHandler: received the first reply omNode-1<-omNode-3#0:FAIL-t5,IN_PROGRESS
2022-10-18 21:56:09,007 [grpc-default-executor-2] INFO  server.GrpcLogAppender (GrpcLogAppender.java:onNext(421)) - omNode-1@group-523986131536->omNode-3-InstallSnapshotResponseHandler: InstallSnapshot in progress.
2022-10-18 21:56:09,008 [Listener at localhost/43229] INFO  server.RaftServer$Division (ServerState.java:close(429)) - omNode-1@group-523986131536: closes. applyIndex: 144
2022-10-18 21:56:09,009 [omNode-1@group-523986131536-SegmentedRaftLogWorker] INFO  segmented.SegmentedRaftLogWorker (SegmentedRaftLogWorker.java:run(336)) - omNode-1@group-523986131536-SegmentedRaftLogWorker was interrupted, exiting. There are 0 tasks remaining in the queue.
2022-10-18 21:56:09,010 [Listener at localhost/43229] INFO  segmented.SegmentedRaftLogWorker (SegmentedRaftLogWorker.java:close(246)) - omNode-1@group-523986131536-SegmentedRaftLogWorker close()
2022-10-18 21:56:09,010 [Listener at localhost/43229] INFO  server.GrpcService (GrpcService.java:closeImpl(269)) - omNode-1: shutdown server with port 35389 now
2022-10-18 21:56:09,012 [pool-422-thread-1] INFO  om.OzoneManager (OzoneManager.java:installCheckpoint(3817)) - Replaced DB with checkpoint from OM: omNode-1, term: 5, index: 143, time: 9 ms
2022-10-18 21:56:09,012 [pool-422-thread-1] WARN  server.ServerUtils (ServerUtils.java:getDBPath(225)) - ozone.om.db.dirs is not configured. We recommend adding this setting. Falling back to ozone.metadata.dirs instead.
2022-10-18 21:56:09,012 [pool-422-thread-1] INFO  codec.OmKeyInfoCodec (OmKeyInfoCodec.java:<init>(49)) - OmKeyInfoCodec ignorePipeline = true
2022-10-18 21:56:09,012 [pool-422-thread-1] INFO  codec.RepeatedOmKeyInfoCodec (RepeatedOmKeyInfoCodec.java:<init>(41)) - RepeatedOmKeyInfoCodec ignorePipeline = true
2022-10-18 21:56:09,016 [Listener at localhost/43229] INFO  server.GrpcService (GrpcService.java:closeImpl(278)) - omNode-1: shutdown server with port 35389 successfully
2022-10-18 21:56:09,016 [org.apache.ratis.util.JvmPauseMonitor$$Lambda$703/854163851@11337728] INFO  util.JvmPauseMonitor (JvmPauseMonitor.java:run(109)) - JvmPauseMonitor-omNode-1: Stopped
2022-10-18 21:56:09,016 [Listener at localhost/43229] INFO  ratis.OzoneManagerStateMachine (OzoneManagerStateMachine.java:close(495)) - StateMachine has shutdown. Shutdown OzoneManager if not already shutdown.
2022-10-18 21:56:09,016 [Listener at localhost/43229] INFO  ratis.OzoneManagerDoubleBuffer (OzoneManagerDoubleBuffer.java:stop(478)) - OMDoubleBuffer flush thread is not running.
2022-10-18 21:56:09,017 [Listener at localhost/43229] INFO  handler.ContextHandler (ContextHandler.java:doStop(1153)) - Stopped o.e.j.w.WebAppContext@5f95e589{ozoneManager,/,null,STOPPED}{file:/home/runner/work/ozone/ozone/hadoop-ozone/integration-test/target/test-classes/webapps/ozoneManager}
2022-10-18 21:56:09,019 [Listener at localhost/43229] INFO  server.AbstractConnector (AbstractConnector.java:doStop(381)) - Stopped ServerConnector@c851e21{HTTP/1.1, (http/1.1)}{0.0.0.0:34983}
2022-10-18 21:56:09,019 [Listener at localhost/43229] INFO  server.session (HouseKeeper.java:stopScavenging(149)) - node0 Stopped scavenging
2022-10-18 21:56:09,019 [Listener at localhost/43229] INFO  handler.ContextHandler (ContextHandler.java:doStop(1153)) - Stopped o.e.j.s.ServletContextHandler@51c62d81{static,/static,file:///home/runner/work/ozone/ozone/hadoop-ozone/integration-test/target/test-classes/webapps/static,STOPPED}
2022-10-18 21:56:09,020 [Listener at localhost/43229] INFO  handler.ContextHandler (ContextHandler.java:doStop(1153)) - Stopped o.e.j.s.ServletContextHandler@3e0238c{logs,/logs,file:///home/runner/work/ozone/ozone/hadoop-ozone/integration-test/target/log,STOPPED}
2022-10-18 21:56:09,022 [Listener at localhost/43229] INFO  om.OzoneManager (OzoneManager.java:restart(1571)) - OzoneManager RPC server is listening at localhost/127.0.0.1:39907
2022-10-18 21:56:09,022 [Listener at localhost/43229] INFO  impl.MetricsSystemImpl (MetricsSystemImpl.java:init(158)) - OzoneManager metrics system started (again)
2022-10-18 21:56:09,031 [Listener at localhost/43229] WARN  server.ServerUtils (ServerUtils.java:getDBPath(225)) - ozone.om.db.dirs is not configured. We recommend adding this setting. Falling back to ozone.metadata.dirs instead.
2022-10-18 21:56:09,032 [Listener at localhost/43229] INFO  codec.OmKeyInfoCodec (OmKeyInfoCodec.java:<init>(49)) - OmKeyInfoCodec ignorePipeline = true
2022-10-18 21:56:09,032 [Listener at localhost/43229] INFO  codec.RepeatedOmKeyInfoCodec (RepeatedOmKeyInfoCodec.java:<init>(41)) - RepeatedOmKeyInfoCodec ignorePipeline = true
2022-10-18 21:56:09,056 [pool-422-thread-1] INFO  om.OzoneManager (OzoneManager.java:instantiateServices(712)) - S3 Multi-Tenancy is disabled
2022-10-18 21:56:09,058 [Listener at localhost/43229] INFO  om.OzoneManager (OzoneManager.java:instantiateServices(712)) - S3 Multi-Tenancy is disabled
2022-10-18 21:56:09,058 [pool-422-thread-1] INFO  om.OzoneManager (OzoneManager.java:startTrashEmptier(1919)) - Trash Interval set to 0. Files deleted won't move to trash
2022-10-18 21:56:09,059 [pool-422-thread-1] INFO  ratis.OzoneManagerStateMachine (OzoneManagerStateMachine.java:unpause(406)) - OzoneManagerStateMachine is un-pausing
2022-10-18 21:56:09,059 [Listener at localhost/43229] WARN  server.ServerUtils (ServerUtils.java:getDefaultRatisDirectory(237)) - Storage directory for Ratis is not configured. It is a good idea to map this to an SSD disk. Falling back to ozone.metadata.dirs
2022-10-18 21:56:09,060 [pool-422-thread-1] INFO  om.OzoneManager (OzoneManager.java:installCheckpoint(3839)) - Reloaded OM state with Term: 5 and Index: 143. Spend 48 ms
2022-10-18 21:56:09,060 [pool-422-thread-1] INFO  om.OzoneManager (OzoneManager.java:getRpcServer(1101)) - Creating RPC Server
2022-10-18 21:56:09,060 [Listener at localhost/43229] INFO  ratis.OzoneManagerRatisServer (OzoneManagerRatisServer.java:<init>(160)) - Instantiating OM Ratis server with groupID: om-service-test1 and peers: localhost:35389, localhost:38017, localhost:45203
2022-10-18 21:56:09,060 [Listener at localhost/43229] INFO  ratis.OzoneManagerStateMachine (OzoneManagerStateMachine.java:loadSnapshotInfoFromDB(632)) - LastAppliedIndex is set from TransactionInfo from OM DB as (t:5, i:144)
2022-10-18 21:56:09,061 [Listener at localhost/43229] INFO  server.RaftServer (ConfUtils.java:logGet(46)) - raft.rpc.type = GRPC (default)
2022-10-18 21:56:09,061 [Listener at localhost/43229] INFO  grpc.GrpcFactory (GrpcFactory.java:checkPooledByteBufAllocatorUseCacheForAllThreads(48)) - PERFORMANCE WARNING: useCacheForAllThreads is true that may cause Netty to create a lot garbage objects and, as a result, trigger GC.
	It is recommended to disable useCacheForAllThreads by setting -Dorg.apache.ratis.thirdparty.io.netty.allocator.useCacheForAllThreads=false in command line.
2022-10-18 21:56:09,061 [Listener at localhost/43229] INFO  grpc.GrpcConfigKeys (ConfUtils.java:logGet(46)) - raft.grpc.admin.port = -1 (default)
2022-10-18 21:56:09,061 [Listener at localhost/43229] INFO  grpc.GrpcConfigKeys (ConfUtils.java:logGet(46)) - raft.grpc.server.port = 35389 (custom)
2022-10-18 21:56:09,061 [Listener at localhost/43229] INFO  grpc.GrpcConfigKeys (ConfUtils.java:logGet(46)) - raft.grpc.client.port = -1 (default)
2022-10-18 21:56:09,061 [Listener at localhost/43229] INFO  grpc.GrpcConfigKeys (ConfUtils.java:logGet(46)) - raft.grpc.server.port = 35389 (custom)
2022-10-18 21:56:09,061 [Listener at localhost/43229] INFO  grpc.GrpcConfigKeys (ConfUtils.java:logGet(46)) - raft.grpc.server.port = 35389 (custom)
2022-10-18 21:56:09,062 [Listener at localhost/43229] INFO  server.GrpcService (ConfUtils.java:logGet(46)) - raft.grpc.message.size.max = 33554432 (custom)
2022-10-18 21:56:09,062 [Listener at localhost/43229] INFO  server.RaftServerConfigKeys (ConfUtils.java:logGet(46)) - raft.server.log.appender.buffer.byte-limit = 33554432 (custom)
2022-10-18 21:56:09,062 [Listener at localhost/43229] INFO  server.GrpcService (ConfUtils.java:logGet(46)) - raft.grpc.flow.control.window = 1MB (=1048576) (default)
2022-10-18 21:56:09,062 [Listener at localhost/43229] INFO  server.RaftServerConfigKeys (ConfUtils.java:logGet(46)) - raft.server.rpc.request.timeout = 3000ms (default)
2022-10-18 21:56:09,062 [Listener at localhost/43229] INFO  grpc.GrpcConfigKeys (ConfUtils.java:logGet(46)) - raft.grpc.server.async.request.thread.pool.cached = true (default)
2022-10-18 21:56:09,062 [Listener at localhost/43229] INFO  grpc.GrpcConfigKeys (ConfUtils.java:logGet(46)) - raft.grpc.server.async.request.thread.pool.size = 32 (default)
2022-10-18 21:56:09,063 [Listener at localhost/43229] INFO  impl.DataStreamServerImpl (ConfUtils.java:logGet(46)) - raft.datastream.type = DISABLED (default)
2022-10-18 21:56:09,064 [Listener at localhost/43229] INFO  server.RaftServerConfigKeys (ConfUtils.java:logGet(46)) - raft.server.threadpool.proxy.cached = true (default)
2022-10-18 21:56:09,064 [Listener at localhost/43229] INFO  server.RaftServerConfigKeys (ConfUtils.java:logGet(46)) - raft.server.threadpool.proxy.size = 0 (default)
2022-10-18 21:56:09,064 [Listener at localhost/43229] INFO  server.RaftServerConfigKeys (ConfUtils.java:logGet(46)) - raft.server.rpc.slowness.timeout = 2s (custom)
2022-10-18 21:56:09,064 [Listener at localhost/43229] INFO  server.RaftServerConfigKeys (ConfUtils.java:logGet(46)) - raft.server.leaderelection.leader.step-down.wait-time = 10s (default)
2022-10-18 21:56:09,064 [Listener at localhost/43229] INFO  server.RaftServerConfigKeys (ConfUtils.java:logGet(46)) - raft.server.storage.dir = [/home/runner/work/ozone/ozone/hadoop-ozone/integration-test/target/test-dir/MiniOzoneClusterImpl-285291dc-83a3-4c49-94f6-5e759e1760ea/omNode-1/ratis] (custom)
2022-10-18 21:56:09,073 [omNode-1-impl-thread1] INFO  server.RaftServer (RaftServerProxy.java:initGroupDir(247)) - omNode-1: found a subdirectory /home/runner/work/ozone/ozone/hadoop-ozone/integration-test/target/test-dir/MiniOzoneClusterImpl-285291dc-83a3-4c49-94f6-5e759e1760ea/omNode-1/ratis/c9bc4cf4-3bc3-3c60-a66b-523986131536
2022-10-18 21:56:09,077 [Listener at localhost/43229] INFO  server.RaftServer (RaftServerProxy.java:addNew(96)) - omNode-1: addNew group-523986131536:[omNode-3|rpc:localhost:38017|priority:0, omNode-1|rpc:localhost:35389|priority:0, omNode-2|rpc:localhost:45203|priority:0] returns group-523986131536:java.util.concurrent.CompletableFuture@2b1a52b4[Not completed]
2022-10-18 21:56:09,077 [Listener at localhost/43229] INFO  om.OzoneManager (OzoneManager.java:initializeRatisServer(1975)) - OzoneManager Ratis server initialized at port 35389
2022-10-18 21:56:09,077 [Listener at localhost/43229] INFO  ratis.OzoneManagerRatisServer (OzoneManagerRatisServer.java:start(555)) - Starting OzoneManagerRatisServer omNode-1 at port 35389
2022-10-18 21:56:09,078 [pool-468-thread-1] INFO  server.RaftServer$Division (RaftServerImpl.java:<init>(190)) - omNode-1: new RaftServerImpl for group-523986131536:[omNode-3|rpc:localhost:38017|priority:0, omNode-1|rpc:localhost:35389|priority:0, omNode-2|rpc:localhost:45203|priority:0] with OzoneManagerStateMachine:uninitialized
2022-10-18 21:56:09,078 [pool-468-thread-1] INFO  server.RaftServerConfigKeys (ConfUtils.java:logGet(46)) - raft.server.rpc.timeout.min = 1s (custom)
2022-10-18 21:56:09,078 [pool-468-thread-1] INFO  server.RaftServerConfigKeys (ConfUtils.java:logGet(46)) - raft.server.rpc.timeout.max = 1200ms (custom)
2022-10-18 21:56:09,078 [pool-468-thread-1] INFO  server.RaftServerConfigKeys (ConfUtils.java:logGet(46)) - raft.server.rpc.sleep.time = 25ms (default)
2022-10-18 21:56:09,078 [pool-468-thread-1] INFO  server.RaftServerConfigKeys (ConfUtils.java:logGet(46)) - raft.server.rpc.slowness.timeout = 2s (custom)
2022-10-18 21:56:09,078 [pool-468-thread-1] INFO  server.RaftServerConfigKeys (ConfUtils.java:logGet(46)) - raft.server.leaderelection.leader.step-down.wait-time = 10s (default)
2022-10-18 21:56:09,078 [pool-468-thread-1] INFO  server.RaftServerConfigKeys (ConfUtils.java:logGet(46)) - raft.server.sleep.deviation.threshold = 300ms (default)
2022-10-18 21:56:09,078 [pool-468-thread-1] INFO  server.RaftServer$Division (ServerState.java:<init>(107)) - omNode-1@group-523986131536: ConfigurationManager, init=-1: [omNode-3|rpc:localhost:38017|priority:0, omNode-1|rpc:localhost:35389|priority:0, omNode-2|rpc:localhost:45203|priority:0], old=null, confs=<EMPTY_MAP>
2022-10-18 21:56:09,078 [pool-468-thread-1] INFO  server.RaftServerConfigKeys (ConfUtils.java:logGet(46)) - raft.server.storage.dir = [/home/runner/work/ozone/ozone/hadoop-ozone/integration-test/target/test-dir/MiniOzoneClusterImpl-285291dc-83a3-4c49-94f6-5e759e1760ea/omNode-1/ratis] (custom)
2022-10-18 21:56:09,078 [pool-468-thread-1] INFO  server.RaftServerConfigKeys (ConfUtils.java:logGet(46)) - raft.server.log.corruption.policy = EXCEPTION (default)
2022-10-18 21:56:09,078 [pool-468-thread-1] INFO  server.RaftServerConfigKeys (ConfUtils.java:logGet(46)) - raft.server.storage.free-space.min = 0MB (=0) (default)
2022-10-18 21:56:09,085 [pool-468-thread-1] INFO  storage.RaftStorageDirectory (RaftStorageDirectoryImpl.java:tryLock(230)) - Lock on /home/runner/work/ozone/ozone/hadoop-ozone/integration-test/target/test-dir/MiniOzoneClusterImpl-285291dc-83a3-4c49-94f6-5e759e1760ea/omNode-1/ratis/c9bc4cf4-3bc3-3c60-a66b-523986131536/in_use.lock acquired by nodename 38880@fv-az368-376
2022-10-18 21:56:09,086 [pool-468-thread-1] INFO  storage.RaftStorage (RaftStorageImpl.java:analyzeAndRecoverStorage(110)) - Read RaftStorageMetadata{term=5, votedFor=omNode-1} from /home/runner/work/ozone/ozone/hadoop-ozone/integration-test/target/test-dir/MiniOzoneClusterImpl-285291dc-83a3-4c49-94f6-5e759e1760ea/omNode-1/ratis/c9bc4cf4-3bc3-3c60-a66b-523986131536/current/raft-meta
2022-10-18 21:56:09,086 [pool-468-thread-1] INFO  server.RaftServer$Division (ServerState.java:setRaftConf(393)) - omNode-1@group-523986131536: set configuration 59: [omNode-3|rpc:localhost:38017|admin:|client:|dataStream:|priority:0, omNode-1|rpc:localhost:35389|admin:|client:|dataStream:|priority:0, omNode-2|rpc:localhost:45203|admin:|client:|dataStream:|priority:0], old=null
2022-10-18 21:56:09,086 [pool-468-thread-1] INFO  server.RaftServerConfigKeys (ConfUtils.java:logGet(46)) - raft.server.notification.no-leader.timeout = 2s (custom)
2022-10-18 21:56:09,086 [pool-468-thread-1] INFO  server.RaftServerConfigKeys (ConfUtils.java:logGet(46)) - raft.server.log.use.memory = false (default)
2022-10-18 21:56:09,086 [pool-468-thread-1] INFO  server.RaftServerConfigKeys (ConfUtils.java:logGet(46)) - raft.server.log.purge.gap = 50 (custom)
2022-10-18 21:56:09,086 [pool-468-thread-1] INFO  server.RaftServerConfigKeys (ConfUtils.java:logGet(46)) - raft.server.log.appender.buffer.byte-limit = 33554432 (custom)
2022-10-18 21:56:09,086 [pool-468-thread-1] INFO  server.RaftServerConfigKeys (ConfUtils.java:logGet(46)) - raft.server.log.statemachine.data.read.timeout = 1000ms (default)
2022-10-18 21:56:09,086 [pool-468-thread-1] INFO  server.RaftServerConfigKeys (ConfUtils.java:logGet(46)) - raft.server.log.segment.size.max = 4194304 (custom)
2022-10-18 21:56:09,087 [pool-468-thread-1] INFO  server.RaftServerConfigKeys (ConfUtils.java:logGet(46)) - raft.server.log.segment.cache.num.max = 2 (custom)
2022-10-18 21:56:09,087 [pool-468-thread-1] INFO  server.RaftServerConfigKeys (ConfUtils.java:logGet(46)) - raft.server.log.segment.cache.size.max = 200MB (=209715200) (default)
2022-10-18 21:56:09,087 [pool-468-thread-1] INFO  segmented.SegmentedRaftLogWorker (SegmentedRaftLogWorker.java:<init>(187)) - new omNode-1@group-523986131536-SegmentedRaftLogWorker for RaftStorageImpl:Storage Directory /home/runner/work/ozone/ozone/hadoop-ozone/integration-test/target/test-dir/MiniOzoneClusterImpl-285291dc-83a3-4c49-94f6-5e759e1760ea/omNode-1/ratis/c9bc4cf4-3bc3-3c60-a66b-523986131536
2022-10-18 21:56:09,087 [pool-468-thread-1] INFO  server.RaftServerConfigKeys (ConfUtils.java:logGet(46)) - raft.server.log.queue.byte-limit = 64MB (=67108864) (default)
2022-10-18 21:56:09,087 [pool-468-thread-1] INFO  server.RaftServerConfigKeys (ConfUtils.java:logGet(46)) - raft.server.log.queue.element-limit = 4096 (default)
2022-10-18 21:56:09,087 [pool-468-thread-1] INFO  server.RaftServerConfigKeys (ConfUtils.java:logGet(46)) - raft.server.log.segment.size.max = 4194304 (custom)
2022-10-18 21:56:09,087 [pool-468-thread-1] INFO  server.RaftServerConfigKeys (ConfUtils.java:logGet(46)) - raft.server.log.preallocated.size = 4194304 (custom)
2022-10-18 21:56:09,087 [pool-468-thread-1] INFO  server.RaftServerConfigKeys (ConfUtils.java:logGet(46)) - raft.server.log.force.sync.num = 128 (default)
2022-10-18 21:56:09,087 [pool-468-thread-1] INFO  server.RaftServerConfigKeys (ConfUtils.java:logGet(46)) - raft.server.log.statemachine.data.sync = true (default)
2022-10-18 21:56:09,087 [pool-468-thread-1] INFO  server.RaftServerConfigKeys (ConfUtils.java:logGet(46)) - raft.server.log.statemachine.data.sync.timeout = 10s (default)
2022-10-18 21:56:09,087 [pool-468-thread-1] INFO  server.RaftServerConfigKeys (ConfUtils.java:logGet(46)) - raft.server.log.statemachine.data.sync.timeout.retry = -1 (default)
2022-10-18 21:56:09,088 [pool-468-thread-1] INFO  server.RaftServerConfigKeys (ConfUtils.java:logGet(46)) - raft.server.log.write.buffer.size = 64KB (=65536) (default)
2022-10-18 21:56:09,088 [pool-468-thread-1] INFO  server.RaftServerConfigKeys (ConfUtils.java:logGet(46)) - raft.server.log.unsafe-flush.enabled = false (default)
2022-10-18 21:56:09,088 [pool-468-thread-1] INFO  server.RaftServerConfigKeys (ConfUtils.java:logGet(46)) - raft.server.log.statemachine.data.caching.enabled = false (default)
2022-10-18 21:56:09,089 [pool-468-thread-1] INFO  server.RaftServer$Division (ServerState.java:setRaftConf(393)) - omNode-1@group-523986131536: set configuration 59: [omNode-3|rpc:localhost:38017|admin:|client:|dataStream:|priority:0, omNode-1|rpc:localhost:35389|admin:|client:|dataStream:|priority:0, omNode-2|rpc:localhost:45203|admin:|client:|dataStream:|priority:0], old=null
2022-10-18 21:56:09,090 [pool-468-thread-1] INFO  segmented.LogSegment (LogSegment.java:loadSegment(173)) - Successfully read 86 entries from segment file /home/runner/work/ozone/ozone/hadoop-ozone/integration-test/target/test-dir/MiniOzoneClusterImpl-285291dc-83a3-4c49-94f6-5e759e1760ea/omNode-1/ratis/c9bc4cf4-3bc3-3c60-a66b-523986131536/current/log_inprogress_59
2022-10-18 21:56:09,090 [pool-468-thread-1] INFO  segmented.SegmentedRaftLogWorker (SegmentedRaftLogWorker.java:lambda$new$0(135)) - omNode-1@group-523986131536-SegmentedRaftLogWorker: flushIndex: setUnconditionally 0 -> 144
2022-10-18 21:56:09,090 [pool-468-thread-1] INFO  segmented.SegmentedRaftLogWorker (SegmentedRaftLogWorker.java:lambda$new$0(135)) - omNode-1@group-523986131536-SegmentedRaftLogWorker: safeCacheEvictIndex: setUnconditionally 0 -> -1
2022-10-18 21:56:09,097 [pool-468-thread-1] INFO  raftlog.RaftLog (RaftLogBase.java:lambda$new$0(53)) - omNode-1@group-523986131536-SegmentedRaftLog: commitIndex: updateToMax old=144, new=143, updated? false
2022-10-18 21:56:09,097 [pool-468-thread-1] INFO  raftlog.RaftLog (RaftLogBase.java:lambda$new$0(53)) - omNode-1@group-523986131536-SegmentedRaftLog: purgeIndex: updateIncreasingly -1 -> 58
2022-10-18 21:56:09,097 [pool-468-thread-1] INFO  server.RaftServerConfigKeys (ConfUtils.java:logGet(46)) - raft.server.snapshot.auto.trigger.enabled = true (custom)
2022-10-18 21:56:09,097 [pool-468-thread-1] INFO  server.RaftServerConfigKeys (ConfUtils.java:logGet(46)) - raft.server.snapshot.auto.trigger.threshold = 50 (custom)
2022-10-18 21:56:09,097 [pool-468-thread-1] INFO  server.RaftServerConfigKeys (ConfUtils.java:logGet(46)) - raft.server.snapshot.retention.file.num = -1 (default)
2022-10-18 21:56:09,097 [pool-468-thread-1] INFO  server.RaftServerConfigKeys (ConfUtils.java:logGet(46)) - raft.server.log.purge.upto.snapshot.index = true (custom)
2022-10-18 21:56:09,097 [pool-468-thread-1] INFO  server.RaftServerConfigKeys (ConfUtils.java:logGet(46)) - raft.server.retrycache.expirytime = 30000ms (custom)
2022-10-18 21:56:09,097 [pool-468-thread-1] INFO  server.RaftServerConfigKeys (ConfUtils.java:logGet(46)) - raft.server.retrycache.statistics.expirytime = 100μs (default)
2022-10-18 21:56:09,098 [pool-468-thread-1] INFO  server.RaftServerConfigKeys (ConfUtils.java:logGet(46)) - raft.server.log.appender.install.snapshot.enabled = false (custom)
2022-10-18 21:56:09,098 [pool-468-thread-1] INFO  server.RaftServerConfigKeys (ConfUtils.java:logGet(46)) - raft.server.threadpool.server.cached = true (default)
2022-10-18 21:56:09,098 [pool-468-thread-1] INFO  server.RaftServerConfigKeys (ConfUtils.java:logGet(46)) - raft.server.threadpool.server.size = 0 (default)
2022-10-18 21:56:09,098 [pool-468-thread-1] INFO  server.RaftServerConfigKeys (ConfUtils.java:logGet(46)) - raft.server.threadpool.client.cached = true (default)
2022-10-18 21:56:09,098 [pool-468-thread-1] INFO  server.RaftServerConfigKeys (ConfUtils.java:logGet(46)) - raft.server.threadpool.client.size = 0 (default)
2022-10-18 21:56:09,099 [omNode-1-impl-thread1] INFO  server.RaftServer$Division (RaftServerImpl.java:start(310)) - omNode-1@group-523986131536: start as a follower, conf=59: [omNode-3|rpc:localhost:38017|admin:|client:|dataStream:|priority:0, omNode-1|rpc:localhost:35389|admin:|client:|dataStream:|priority:0, omNode-2|rpc:localhost:45203|admin:|client:|dataStream:|priority:0], old=null
2022-10-18 21:56:09,099 [omNode-1-impl-thread1] INFO  server.RaftServer$Division (RaftServerImpl.java:setRole(299)) - omNode-1@group-523986131536: changes role from      null to FOLLOWER at term 5 for startAsFollower
2022-10-18 21:56:09,099 [omNode-1-impl-thread1] INFO  impl.RoleInfo (RoleInfo.java:updateAndGet(139)) - omNode-1: start omNode-1@group-523986131536-FollowerState
2022-10-18 21:56:09,115 [omNode-1-impl-thread1] INFO  util.JmxRegister (JmxRegister.java:tryRegister(44)) - Successfully registered JMX Bean with object name Ratis:service=RaftServer,group=group-523986131536,id=omNode-1
2022-10-18 21:56:09,116 [Listener at localhost/43229] INFO  server.RaftServer (RaftServerProxy.java:lambda$start$6(382)) - omNode-1: start RPC server
2022-10-18 21:56:09,122 [Listener at localhost/43229] INFO  server.GrpcService (GrpcService.java:startImpl(260)) - omNode-1: GrpcService started, listening on 35389
2022-10-18 21:56:09,125 [Listener at localhost/43229] INFO  om.OzoneManager (OzoneManager.java:getRpcServer(1101)) - Creating RPC Server
2022-10-18 21:56:09,125 [org.apache.ratis.util.JvmPauseMonitor$$Lambda$703/854163851@69587ec9] INFO  util.JvmPauseMonitor (JvmPauseMonitor.java:run(103)) - JvmPauseMonitor-omNode-1: Started
]]></system-out>
  </testcase>
  <testcase name="testTwoOMNodesDown" classname="org.apache.hadoop.ozone.om.TestOzoneManagerHAWithData" time="14.426">
    <error type="java.io.IOException"><![CDATA[java.io.IOException: Failed init RocksDB, db path : /home/runner/work/ozone/ozone/hadoop-ozone/integration-test/target/test-dir/MiniOzoneClusterImpl-285291dc-83a3-4c49-94f6-5e759e1760ea/omNode-1/om.db, exception :org.rocksdb.RocksDBException lock hold by current process, acquire time 1666130169 acquiring thread 139963241453312: /home/runner/work/ozone/ozone/hadoop-ozone/integration-test/target/test-dir/MiniOzoneClusterImpl-285291dc-83a3-4c49-94f6-5e759e1760ea/omNode-1/om.db/LOCK: No locks available
	at org.apache.hadoop.hdds.utils.db.RDBStore.<init>(RDBStore.java:123)
	at org.apache.hadoop.hdds.utils.db.DBStoreBuilder.build(DBStoreBuilder.java:191)
	at org.apache.hadoop.ozone.om.OmMetadataManagerImpl.loadDB(OmMetadataManagerImpl.java:421)
	at org.apache.hadoop.ozone.om.OmMetadataManagerImpl.loadDB(OmMetadataManagerImpl.java:411)
	at org.apache.hadoop.ozone.om.OmMetadataManagerImpl.start(OmMetadataManagerImpl.java:403)
	at org.apache.hadoop.ozone.om.OmMetadataManagerImpl.<init>(OmMetadataManagerImpl.java:272)
	at org.apache.hadoop.ozone.om.OzoneManager.instantiateServices(OzoneManager.java:711)
	at org.apache.hadoop.ozone.om.OzoneManager.restart(OzoneManager.java:1576)
	at org.apache.hadoop.ozone.MiniOzoneHAClusterImpl.restartOzoneManager(MiniOzoneHAClusterImpl.java:229)
	at org.apache.hadoop.ozone.om.TestOzoneManagerHA.resetCluster(TestOzoneManagerHA.java:188)
	at sun.reflect.NativeMethodAccessorImpl.invoke0(Native Method)
	at sun.reflect.NativeMethodAccessorImpl.invoke(NativeMethodAccessorImpl.java:62)
	at sun.reflect.DelegatingMethodAccessorImpl.invoke(DelegatingMethodAccessorImpl.java:43)
	at java.lang.reflect.Method.invoke(Method.java:498)
	at org.junit.platform.commons.util.ReflectionUtils.invokeMethod(ReflectionUtils.java:725)
	at org.junit.jupiter.engine.execution.MethodInvocation.proceed(MethodInvocation.java:60)
	at org.junit.jupiter.engine.execution.InvocationInterceptorChain$ValidatingInvocation.proceed(InvocationInterceptorChain.java:131)
	at org.junit.jupiter.engine.extension.TimeoutExtension.intercept(TimeoutExtension.java:149)
	at org.junit.jupiter.engine.extension.TimeoutExtension.interceptLifecycleMethod(TimeoutExtension.java:126)
	at org.junit.jupiter.engine.extension.TimeoutExtension.interceptAfterEachMethod(TimeoutExtension.java:108)
	at org.junit.jupiter.engine.execution.ExecutableInvoker$ReflectiveInterceptorCall.lambda$ofVoidMethod$0(ExecutableInvoker.java:115)
	at org.junit.jupiter.engine.execution.ExecutableInvoker.lambda$invoke$0(ExecutableInvoker.java:105)
	at org.junit.jupiter.engine.execution.InvocationInterceptorChain$InterceptedInvocation.proceed(InvocationInterceptorChain.java:106)
	at org.junit.jupiter.engine.execution.InvocationInterceptorChain.proceed(InvocationInterceptorChain.java:64)
	at org.junit.jupiter.engine.execution.InvocationInterceptorChain.chainAndInvoke(InvocationInterceptorChain.java:45)
	at org.junit.jupiter.engine.execution.InvocationInterceptorChain.invoke(InvocationInterceptorChain.java:37)
	at org.junit.jupiter.engine.execution.ExecutableInvoker.invoke(ExecutableInvoker.java:104)
	at org.junit.jupiter.engine.execution.ExecutableInvoker.invoke(ExecutableInvoker.java:98)
	at org.junit.jupiter.engine.descriptor.ClassBasedTestDescriptor.invokeMethodInExtensionContext(ClassBasedTestDescriptor.java:506)
	at org.junit.jupiter.engine.descriptor.ClassBasedTestDescriptor.lambda$synthesizeAfterEachMethodAdapter$22(ClassBasedTestDescriptor.java:496)
	at org.junit.jupiter.engine.descriptor.TestMethodTestDescriptor.lambda$invokeAfterEachMethods$10(TestMethodTestDescriptor.java:240)
	at org.junit.jupiter.engine.descriptor.TestMethodTestDescriptor.lambda$invokeAllAfterMethodsOrCallbacks$13(TestMethodTestDescriptor.java:273)
	at org.junit.platform.engine.support.hierarchical.ThrowableCollector.execute(ThrowableCollector.java:73)
	at org.junit.jupiter.engine.descriptor.TestMethodTestDescriptor.lambda$invokeAllAfterMethodsOrCallbacks$14(TestMethodTestDescriptor.java:273)
	at java.util.ArrayList.forEach(ArrayList.java:1259)
	at org.junit.jupiter.engine.descriptor.TestMethodTestDescriptor.invokeAllAfterMethodsOrCallbacks(TestMethodTestDescriptor.java:272)
	at org.junit.jupiter.engine.descriptor.TestMethodTestDescriptor.invokeAfterEachMethods(TestMethodTestDescriptor.java:238)
	at org.junit.jupiter.engine.descriptor.TestMethodTestDescriptor.execute(TestMethodTestDescriptor.java:139)
	at org.junit.jupiter.engine.descriptor.TestMethodTestDescriptor.execute(TestMethodTestDescriptor.java:66)
	at org.junit.platform.engine.support.hierarchical.NodeTestTask.lambda$executeRecursively$6(NodeTestTask.java:151)
	at org.junit.platform.engine.support.hierarchical.ThrowableCollector.execute(ThrowableCollector.java:73)
	at org.junit.platform.engine.support.hierarchical.NodeTestTask.lambda$executeRecursively$8(NodeTestTask.java:141)
	at org.junit.platform.engine.support.hierarchical.Node.around(Node.java:137)
	at org.junit.platform.engine.support.hierarchical.NodeTestTask.lambda$executeRecursively$9(NodeTestTask.java:139)
	at org.junit.platform.engine.support.hierarchical.ThrowableCollector.execute(ThrowableCollector.java:73)
	at org.junit.platform.engine.support.hierarchical.NodeTestTask.executeRecursively(NodeTestTask.java:138)
	at org.junit.platform.engine.support.hierarchical.NodeTestTask.execute(NodeTestTask.java:95)
	at java.util.ArrayList.forEach(ArrayList.java:1259)
	at org.junit.platform.engine.support.hierarchical.SameThreadHierarchicalTestExecutorService.invokeAll(SameThreadHierarchicalTestExecutorService.java:41)
	at org.junit.platform.engine.support.hierarchical.NodeTestTask.lambda$executeRecursively$6(NodeTestTask.java:155)
	at org.junit.platform.engine.support.hierarchical.ThrowableCollector.execute(ThrowableCollector.java:73)
	at org.junit.platform.engine.support.hierarchical.NodeTestTask.lambda$executeRecursively$8(NodeTestTask.java:141)
	at org.junit.platform.engine.support.hierarchical.Node.around(Node.java:137)
	at org.junit.platform.engine.support.hierarchical.NodeTestTask.lambda$executeRecursively$9(NodeTestTask.java:139)
	at org.junit.platform.engine.support.hierarchical.ThrowableCollector.execute(ThrowableCollector.java:73)
	at org.junit.platform.engine.support.hierarchical.NodeTestTask.executeRecursively(NodeTestTask.java:138)
	at org.junit.platform.engine.support.hierarchical.NodeTestTask.execute(NodeTestTask.java:95)
	at java.util.ArrayList.forEach(ArrayList.java:1259)
	at org.junit.platform.engine.support.hierarchical.SameThreadHierarchicalTestExecutorService.invokeAll(SameThreadHierarchicalTestExecutorService.java:41)
	at org.junit.platform.engine.support.hierarchical.NodeTestTask.lambda$executeRecursively$6(NodeTestTask.java:155)
	at org.junit.platform.engine.support.hierarchical.ThrowableCollector.execute(ThrowableCollector.java:73)
	at org.junit.platform.engine.support.hierarchical.NodeTestTask.lambda$executeRecursively$8(NodeTestTask.java:141)
	at org.junit.platform.engine.support.hierarchical.Node.around(Node.java:137)
	at org.junit.platform.engine.support.hierarchical.NodeTestTask.lambda$executeRecursively$9(NodeTestTask.java:139)
	at org.junit.platform.engine.support.hierarchical.ThrowableCollector.execute(ThrowableCollector.java:73)
	at org.junit.platform.engine.support.hierarchical.NodeTestTask.executeRecursively(NodeTestTask.java:138)
	at org.junit.platform.engine.support.hierarchical.NodeTestTask.execute(NodeTestTask.java:95)
	at org.junit.platform.engine.support.hierarchical.SameThreadHierarchicalTestExecutorService.submit(SameThreadHierarchicalTestExecutorService.java:35)
	at org.junit.platform.engine.support.hierarchical.HierarchicalTestExecutor.execute(HierarchicalTestExecutor.java:57)
	at org.junit.platform.engine.support.hierarchical.HierarchicalTestEngine.execute(HierarchicalTestEngine.java:54)
	at org.junit.platform.launcher.core.EngineExecutionOrchestrator.execute(EngineExecutionOrchestrator.java:107)
	at org.junit.platform.launcher.core.EngineExecutionOrchestrator.execute(EngineExecutionOrchestrator.java:88)
	at org.junit.platform.launcher.core.EngineExecutionOrchestrator.lambda$execute$0(EngineExecutionOrchestrator.java:54)
	at org.junit.platform.launcher.core.EngineExecutionOrchestrator.withInterceptedStreams(EngineExecutionOrchestrator.java:67)
	at org.junit.platform.launcher.core.EngineExecutionOrchestrator.execute(EngineExecutionOrchestrator.java:52)
	at org.junit.platform.launcher.core.DefaultLauncher.execute(DefaultLauncher.java:114)
	at org.junit.platform.launcher.core.DefaultLauncher.execute(DefaultLauncher.java:86)
	at org.junit.platform.launcher.core.DefaultLauncherSession$DelegatingLauncher.execute(DefaultLauncherSession.java:86)
	at org.junit.platform.launcher.core.SessionPerRequestLauncher.execute(SessionPerRequestLauncher.java:53)
	at org.apache.maven.surefire.junitplatform.JUnitPlatformProvider.execute(JUnitPlatformProvider.java:188)
	at org.apache.maven.surefire.junitplatform.JUnitPlatformProvider.invokeAllTests(JUnitPlatformProvider.java:154)
	at org.apache.maven.surefire.junitplatform.JUnitPlatformProvider.invoke(JUnitPlatformProvider.java:124)
	at org.apache.maven.surefire.booter.ForkedBooter.runSuitesInProcess(ForkedBooter.java:428)
	at org.apache.maven.surefire.booter.ForkedBooter.execute(ForkedBooter.java:162)
	at org.apache.maven.surefire.booter.ForkedBooter.run(ForkedBooter.java:562)
	at org.apache.maven.surefire.booter.ForkedBooter.main(ForkedBooter.java:548)
Caused by: java.io.IOException: class org.apache.hadoop.hdds.utils.db.RocksDatabase: Failed to open /home/runner/work/ozone/ozone/hadoop-ozone/integration-test/target/test-dir/MiniOzoneClusterImpl-285291dc-83a3-4c49-94f6-5e759e1760ea/omNode-1/om.db; status : IOError; message : lock hold by current process, acquire time 1666130169 acquiring thread 139963241453312: /home/runner/work/ozone/ozone/hadoop-ozone/integration-test/target/test-dir/MiniOzoneClusterImpl-285291dc-83a3-4c49-94f6-5e759e1760ea/omNode-1/om.db/LOCK: No locks available
	at org.apache.hadoop.hdds.utils.HddsServerUtil.toIOException(HddsServerUtil.java:586)
	at org.apache.hadoop.hdds.utils.db.RocksDatabase.toIOException(RocksDatabase.java:73)
	at org.apache.hadoop.hdds.utils.db.RocksDatabase.open(RocksDatabase.java:148)
	at org.apache.hadoop.hdds.utils.db.RDBStore.<init>(RDBStore.java:83)
	... 85 more
Caused by: org.rocksdb.RocksDBException: lock hold by current process, acquire time 1666130169 acquiring thread 139963241453312: /home/runner/work/ozone/ozone/hadoop-ozone/integration-test/target/test-dir/MiniOzoneClusterImpl-285291dc-83a3-4c49-94f6-5e759e1760ea/omNode-1/om.db/LOCK: No locks available
	at org.rocksdb.RocksDB.open(Native Method)
	at org.rocksdb.RocksDB.open(RocksDB.java:307)
	at org.apache.hadoop.hdds.utils.db.managed.ManagedRocksDB.open(ManagedRocksDB.java:66)
	at org.apache.hadoop.hdds.utils.db.RocksDatabase.open(RocksDatabase.java:136)
	... 86 more
]]></error>
    <system-out><![CDATA[2022-10-18 21:56:09,242 [Listener at localhost/43229] INFO  om.OzoneManager (OzoneManager.java:stop(2034)) - omNode-1[localhost:39907]: Stopping Ozone Manager
2022-10-18 21:56:09,242 [Listener at localhost/43229] INFO  om.OzoneManager (OzoneManager.java:stop(2034)) - omNode-2[localhost:45943]: Stopping Ozone Manager
2022-10-18 21:56:09,246 [Listener at localhost/43229] INFO  ipc.Server (Server.java:stop(3428)) - Stopping server on 45943
2022-10-18 21:56:09,254 [IPC Server listener on 45943] INFO  ipc.Server (Server.java:run(1384)) - Stopping IPC Server listener on 45943
2022-10-18 21:56:09,254 [IPC Server Responder] INFO  ipc.Server (Server.java:run(1517)) - Stopping IPC Server Responder
2022-10-18 21:56:09,254 [Listener at localhost/43229] INFO  server.RaftServer (RaftServerProxy.java:lambda$close$7(398)) - omNode-2: close
2022-10-18 21:56:09,255 [Listener at localhost/43229] INFO  server.RaftServer$Division (RaftServerImpl.java:lambda$close$4(434)) - omNode-2@group-523986131536: shutdown
2022-10-18 21:56:09,255 [Listener at localhost/43229] INFO  util.JmxRegister (JmxRegister.java:unregister(73)) - Successfully un-registered JMX Bean with object name Ratis:service=RaftServer,group=group-523986131536,id=omNode-2
2022-10-18 21:56:09,255 [Listener at localhost/43229] INFO  impl.RoleInfo (RoleInfo.java:shutdownFollowerState(110)) - omNode-2: shutdown omNode-2@group-523986131536-FollowerState
2022-10-18 21:56:09,255 [Listener at localhost/43229] INFO  impl.StateMachineUpdater (StateMachineUpdater.java:stopAndJoin(153)) - omNode-2@group-523986131536-StateMachineUpdater: set stopIndex = 144
2022-10-18 21:56:09,255 [omNode-2@group-523986131536-StateMachineUpdater] INFO  ratis.OzoneManagerStateMachine (OzoneManagerStateMachine.java:takeSnapshot(441)) - Current Snapshot Index (t:5, i:144)
2022-10-18 21:56:09,255 [omNode-2@group-523986131536-StateMachineUpdater] INFO  impl.StateMachineUpdater (StateMachineUpdater.java:takeSnapshot(287)) - omNode-2@group-523986131536-StateMachineUpdater: Took a snapshot at index 144
2022-10-18 21:56:09,255 [omNode-2@group-523986131536-StateMachineUpdater] INFO  impl.StateMachineUpdater (StateMachineUpdater.java:lambda$new$0(92)) - omNode-2@group-523986131536-StateMachineUpdater: snapshotIndex: updateIncreasingly 108 -> 144
2022-10-18 21:56:09,255 [omNode-2@group-523986131536-StateMachineUpdater] INFO  raftlog.RaftLog (RaftLogBase.java:purge(308)) - omNode-2@group-523986131536-SegmentedRaftLog: purge 144
2022-10-18 21:56:09,256 [omNode-2@group-523986131536-StateMachineUpdater] INFO  raftlog.RaftLog (RaftLogBase.java:lambda$new$0(53)) - omNode-2@group-523986131536-SegmentedRaftLog: snapshotIndex: updateIncreasingly 108 -> 144
2022-10-18 21:56:09,256 [omNode-2@group-523986131536-StateMachineUpdater] INFO  raftlog.RaftLog (RaftLogBase.java:lambda$new$0(53)) - omNode-2@group-523986131536-SegmentedRaftLog: purgeIndex: updateToMax old=58, new=144, updated? true
2022-10-18 21:56:09,259 [omNode-2@group-523986131536-FollowerState] INFO  impl.FollowerState (FollowerState.java:run(152)) - omNode-2@group-523986131536-FollowerState was interrupted
2022-10-18 21:56:09,260 [omNode-2@group-523986131536-StateMachineUpdater] INFO  ratis.OzoneManagerStateMachine (OzoneManagerStateMachine.java:close(495)) - StateMachine has shutdown. Shutdown OzoneManager if not already shutdown.
2022-10-18 21:56:09,261 [omNode-2@group-523986131536-StateMachineUpdater] INFO  ratis.OzoneManagerDoubleBuffer (OzoneManagerDoubleBuffer.java:stop(466)) - Stopping OMDoubleBuffer flush thread
2022-10-18 21:56:09,261 [OMDoubleBufferFlushThread] INFO  ratis.OzoneManagerDoubleBuffer (OzoneManagerDoubleBuffer.java:flushTransactions(385)) - OMDoubleBuffer flush thread OMDoubleBufferFlushThread is interrupted and will exit.
2022-10-18 21:56:09,265 [Listener at localhost/43229] INFO  server.RaftServer$Division (ServerState.java:close(429)) - omNode-2@group-523986131536: closes. applyIndex: 144
2022-10-18 21:56:09,265 [omNode-2@group-523986131536-SegmentedRaftLogWorker] INFO  segmented.SegmentedRaftLogWorker (SegmentedRaftLogWorker.java:run(336)) - omNode-2@group-523986131536-SegmentedRaftLogWorker was interrupted, exiting. There are 0 tasks remaining in the queue.
2022-10-18 21:56:09,266 [Listener at localhost/43229] INFO  segmented.SegmentedRaftLogWorker (SegmentedRaftLogWorker.java:close(246)) - omNode-2@group-523986131536-SegmentedRaftLogWorker close()
2022-10-18 21:56:09,278 [Listener at localhost/43229] INFO  server.GrpcService (GrpcService.java:closeImpl(269)) - omNode-2: shutdown server with port 45203 now
2022-10-18 21:56:09,282 [Listener at localhost/43229] INFO  server.GrpcService (GrpcService.java:closeImpl(278)) - omNode-2: shutdown server with port 45203 successfully
2022-10-18 21:56:09,282 [org.apache.ratis.util.JvmPauseMonitor$$Lambda$703/854163851@5e41a4e7] INFO  util.JvmPauseMonitor (JvmPauseMonitor.java:run(109)) - JvmPauseMonitor-omNode-2: Stopped
2022-10-18 21:56:09,282 [Listener at localhost/43229] INFO  ratis.OzoneManagerStateMachine (OzoneManagerStateMachine.java:close(495)) - StateMachine has shutdown. Shutdown OzoneManager if not already shutdown.
2022-10-18 21:56:09,283 [Listener at localhost/43229] INFO  ratis.OzoneManagerDoubleBuffer (OzoneManagerDoubleBuffer.java:stop(478)) - OMDoubleBuffer flush thread is not running.
2022-10-18 21:56:09,283 [Listener at localhost/43229] INFO  handler.ContextHandler (ContextHandler.java:doStop(1153)) - Stopped o.e.j.w.WebAppContext@11861ce0{ozoneManager,/,null,STOPPED}{file:/home/runner/work/ozone/ozone/hadoop-ozone/integration-test/target/test-classes/webapps/ozoneManager}
2022-10-18 21:56:09,284 [Listener at localhost/43229] INFO  server.AbstractConnector (AbstractConnector.java:doStop(381)) - Stopped ServerConnector@623d3fd{HTTP/1.1, (http/1.1)}{0.0.0.0:33741}
2022-10-18 21:56:09,284 [Listener at localhost/43229] INFO  server.session (HouseKeeper.java:stopScavenging(149)) - node0 Stopped scavenging
2022-10-18 21:56:09,284 [Listener at localhost/43229] INFO  handler.ContextHandler (ContextHandler.java:doStop(1153)) - Stopped o.e.j.s.ServletContextHandler@7c8fed20{static,/static,file:///home/runner/work/ozone/ozone/hadoop-ozone/integration-test/target/test-classes/webapps/static,STOPPED}
2022-10-18 21:56:09,284 [Listener at localhost/43229] INFO  handler.ContextHandler (ContextHandler.java:doStop(1153)) - Stopped o.e.j.s.ServletContextHandler@2e263107{logs,/logs,file:///home/runner/work/ozone/ozone/hadoop-ozone/integration-test/target/log,STOPPED}
2022-10-18 21:56:09,426 [pool-422-thread-1] INFO  reflections.Reflections (Reflections.java:scan(232)) - Reflections took 365 ms to scan 19 urls, producing 67 keys and 4244 values [using 4 cores]
2022-10-18 21:56:09,426 [pool-422-thread-1] INFO  ipc.CallQueueManager (CallQueueManager.java:<init>(90)) - Using callQueue: class java.util.concurrent.LinkedBlockingQueue, queueCapacity: 2000, scheduler: class org.apache.hadoop.ipc.DefaultRpcScheduler, ipcBackoff: false.
2022-10-18 21:56:09,427 [Socket Reader #1 for port 43229] INFO  ipc.Server (Server.java:run(1273)) - Starting Socket Reader #1 for port 43229
2022-10-18 21:56:09,430 [IPC Server Responder] INFO  ipc.Server (Server.java:run(1512)) - IPC Server Responder: starting
2022-10-18 21:56:09,430 [IPC Server listener on 43229] INFO  ipc.Server (Server.java:run(1352)) - IPC Server listener on 43229: starting
2022-10-18 21:56:09,432 [Listener at localhost/43229] INFO  om.OzoneManager (OzoneManager.java:installCheckpoint(3863)) - RPC server is re-started. Spend 372 ms.
2022-10-18 21:56:09,433 [Listener at localhost/43229] INFO  om.OzoneManager (OzoneManager.java:installCheckpoint(3889)) - Install Checkpoint is finished with Term: 5 and Index: 143. Spend 445 ms.
2022-10-18 21:56:09,433 [Listener at localhost/43229] INFO  impl.SnapshotInstallationHandler (SnapshotInstallationHandler.java:lambda$notifyStateMachineToInstallSnapshot$2(271)) - omNode-3@group-523986131536: StateMachine successfully installed snapshot index 143. Reloading the StateMachine.
2022-10-18 21:56:10,283 [omNode-1@group-523986131536-FollowerState] INFO  impl.FollowerState (FollowerState.java:run(143)) - omNode-1@group-523986131536-FollowerState: change to CANDIDATE, lastRpcElapsedTime:1184057892ns, electionTimeout:1174ms
2022-10-18 21:56:10,283 [omNode-1@group-523986131536-FollowerState] INFO  impl.RoleInfo (RoleInfo.java:shutdownFollowerState(110)) - omNode-1: shutdown omNode-1@group-523986131536-FollowerState
2022-10-18 21:56:10,283 [omNode-1@group-523986131536-FollowerState] INFO  server.RaftServer$Division (RaftServerImpl.java:setRole(299)) - omNode-1@group-523986131536: changes role from  FOLLOWER to CANDIDATE at term 5 for changeToCandidate
2022-10-18 21:56:10,283 [omNode-1@group-523986131536-FollowerState] INFO  server.RaftServerConfigKeys (ConfUtils.java:logGet(46)) - raft.server.leaderelection.pre-vote = false (custom)
2022-10-18 21:56:10,283 [omNode-1@group-523986131536-FollowerState] INFO  impl.RoleInfo (RoleInfo.java:updateAndGet(139)) - omNode-1: start omNode-1@group-523986131536-LeaderElection14
2022-10-18 21:56:10,287 [omNode-1@group-523986131536-LeaderElection14] INFO  impl.LeaderElection (LeaderElection.java:askForVotes(310)) - omNode-1@group-523986131536-LeaderElection14 ELECTION round 0: submit vote requests at term 6 for 59: [omNode-3|rpc:localhost:38017|admin:|client:|dataStream:|priority:0, omNode-1|rpc:localhost:35389|admin:|client:|dataStream:|priority:0, omNode-2|rpc:localhost:45203|admin:|client:|dataStream:|priority:0], old=null
2022-10-18 21:56:10,291 [omNode-1@group-523986131536-LeaderElection14] INFO  impl.LeaderElection (LogUtils.java:infoOrTrace(137)) - omNode-1@group-523986131536-LeaderElection14 got exception when requesting votes: java.util.concurrent.ExecutionException: org.apache.ratis.thirdparty.io.grpc.StatusRuntimeException: UNAVAILABLE: io exception
2022-10-18 21:56:10,292 [grpc-default-executor-3] INFO  server.RaftServer$Division (RaftServerImpl.java:requestVote(1152)) - omNode-3@group-523986131536: receive requestVote(ELECTION, omNode-1, group-523986131536, 6, (t:5, i:144))
2022-10-18 21:56:10,292 [grpc-default-executor-3] INFO  impl.VoteContext (VoteContext.java:log(48)) - omNode-3@group-523986131536-FOLLOWER: accept ELECTION from omNode-1: our last entry (t:3, i:56) < candidate's last entry (t:5, i:144)
2022-10-18 21:56:10,292 [grpc-default-executor-3] INFO  server.RaftServer$Division (ServerState.java:setLeader(287)) - omNode-3@group-523986131536: change Leader from omNode-1 to null at term 6 for updateCurrentTerm
2022-10-18 21:56:10,292 [grpc-default-executor-3] INFO  server.RaftServer$Division (RaftServerImpl.java:setRole(299)) - omNode-3@group-523986131536: changes role from  FOLLOWER to FOLLOWER at term 6 for candidate:omNode-1
2022-10-18 21:56:10,292 [grpc-default-executor-3] INFO  impl.RoleInfo (RoleInfo.java:shutdownFollowerState(110)) - omNode-3: shutdown omNode-3@group-523986131536-FollowerState
2022-10-18 21:56:10,292 [grpc-default-executor-3] INFO  impl.RoleInfo (RoleInfo.java:updateAndGet(139)) - omNode-3: start omNode-3@group-523986131536-FollowerState
2022-10-18 21:56:10,292 [omNode-3@group-523986131536-FollowerState] INFO  impl.FollowerState (FollowerState.java:run(152)) - omNode-3@group-523986131536-FollowerState was interrupted
2022-10-18 21:56:10,294 [grpc-default-executor-3] INFO  server.RaftServer$Division (RaftServerImpl.java:requestVote(1184)) - omNode-3@group-523986131536 replies to ELECTION vote request: omNode-1<-omNode-3#0:OK-t6. Peer's state: omNode-3@group-523986131536:t6, leader=null, voted=omNode-1, raftlog=omNode-3@group-523986131536-SegmentedRaftLog:OPENED:c56, conf=59: [omNode-3|rpc:localhost:38017|admin:|client:|dataStream:|priority:0, omNode-1|rpc:localhost:35389|admin:|client:|dataStream:|priority:0, omNode-2|rpc:localhost:45203|admin:|client:|dataStream:|priority:0], old=null
2022-10-18 21:56:10,297 [omNode-1@group-523986131536-LeaderElection14] INFO  impl.LeaderElection (LeaderElection.java:logAndReturn(90)) - omNode-1@group-523986131536-LeaderElection14: ELECTION PASSED received 1 response(s) and 1 exception(s):
2022-10-18 21:56:10,297 [omNode-1@group-523986131536-LeaderElection14] INFO  impl.LeaderElection (LeaderElection.java:logAndReturn(94)) -   Response 0: omNode-1<-omNode-3#0:OK-t6
2022-10-18 21:56:10,297 [omNode-1@group-523986131536-LeaderElection14] INFO  impl.LeaderElection (LogUtils.java:infoOrTrace(137)) -   Exception 1: java.util.concurrent.ExecutionException: org.apache.ratis.thirdparty.io.grpc.StatusRuntimeException: UNAVAILABLE: io exception
2022-10-18 21:56:10,297 [omNode-1@group-523986131536-LeaderElection14] INFO  impl.LeaderElection (LeaderElection.java:askForVotes(312)) - omNode-1@group-523986131536-LeaderElection14 ELECTION round 0: result PASSED
2022-10-18 21:56:10,297 [omNode-1@group-523986131536-LeaderElection14] INFO  impl.RoleInfo (RoleInfo.java:shutdownLeaderElection(130)) - omNode-1: shutdown omNode-1@group-523986131536-LeaderElection14
2022-10-18 21:56:10,297 [omNode-1@group-523986131536-LeaderElection14] INFO  server.RaftServer$Division (RaftServerImpl.java:setRole(299)) - omNode-1@group-523986131536: changes role from CANDIDATE to LEADER at term 6 for changeToLeader
2022-10-18 21:56:10,297 [omNode-1@group-523986131536-LeaderElection14] INFO  server.RaftServer$Division (ServerState.java:setLeader(287)) - omNode-1@group-523986131536: change Leader from null to omNode-1 at term 6 for becomeLeader, leader elected after 1211ms
2022-10-18 21:56:10,297 [omNode-1@group-523986131536-LeaderElection14] INFO  server.RaftServerConfigKeys (ConfUtils.java:logGet(46)) - raft.server.staging.catchup.gap = 1000 (default)
2022-10-18 21:56:10,297 [omNode-1@group-523986131536-LeaderElection14] INFO  server.RaftServerConfigKeys (ConfUtils.java:logGet(46)) - raft.server.write.element-limit = 4096 (default)
2022-10-18 21:56:10,297 [omNode-1@group-523986131536-LeaderElection14] INFO  server.RaftServerConfigKeys (ConfUtils.java:logGet(46)) - raft.server.write.byte-limit = 64MB (=67108864) (default)
2022-10-18 21:56:10,298 [omNode-1@group-523986131536-LeaderElection14] INFO  server.RaftServerConfigKeys (ConfUtils.java:logGet(46)) - raft.server.watch.timeout = 10s (default)
2022-10-18 21:56:10,298 [omNode-1@group-523986131536-LeaderElection14] INFO  server.RaftServerConfigKeys (ConfUtils.java:logGet(46)) - raft.server.watch.timeout.denomination = 1s (default)
2022-10-18 21:56:10,298 [omNode-1@group-523986131536-LeaderElection14] INFO  server.RaftServerConfigKeys (ConfUtils.java:logGet(46)) - raft.server.watch.element-limit = 65536 (default)
2022-10-18 21:56:10,298 [omNode-1@group-523986131536-LeaderElection14] INFO  server.RaftServerConfigKeys (ConfUtils.java:logGet(46)) - raft.server.write.element-limit = 4096 (default)
2022-10-18 21:56:10,298 [omNode-1@group-523986131536-LeaderElection14] INFO  server.RaftServerConfigKeys (ConfUtils.java:logGet(46)) - raft.server.write.follower.gap.ratio.max = -1.0 (default)
2022-10-18 21:56:10,298 [omNode-1@group-523986131536-LeaderElection14] INFO  server.RaftServerConfigKeys (ConfUtils.java:logGet(46)) - raft.server.log.appender.snapshot.chunk.size.max = 16MB (=16777216) (default)
2022-10-18 21:56:10,298 [omNode-1@group-523986131536-LeaderElection14] INFO  server.RaftServerConfigKeys (ConfUtils.java:logGet(46)) - raft.server.log.appender.buffer.byte-limit = 33554432 (custom)
2022-10-18 21:56:10,298 [omNode-1@group-523986131536-LeaderElection14] INFO  server.RaftServerConfigKeys (ConfUtils.java:logGet(46)) - raft.server.log.appender.buffer.element-limit = 1024 (custom)
2022-10-18 21:56:10,299 [omNode-1@group-523986131536-LeaderElection14] INFO  grpc.GrpcConfigKeys (ConfUtils.java:logGet(46)) - raft.grpc.server.leader.outstanding.appends.max = 128 (default)
2022-10-18 21:56:10,299 [omNode-1@group-523986131536-LeaderElection14] INFO  server.RaftServerConfigKeys (ConfUtils.java:logGet(46)) - raft.server.rpc.request.timeout = 3000ms (default)
2022-10-18 21:56:10,299 [omNode-1@group-523986131536-LeaderElection14] INFO  server.RaftServerConfigKeys (ConfUtils.java:logGet(46)) - raft.server.log.appender.install.snapshot.enabled = false (custom)
2022-10-18 21:56:10,299 [omNode-1@group-523986131536-LeaderElection14] INFO  server.RaftServerConfigKeys (ConfUtils.java:logGet(46)) - raft.server.log.appender.snapshot.chunk.size.max = 16MB (=16777216) (default)
2022-10-18 21:56:10,299 [omNode-1@group-523986131536-LeaderElection14] INFO  server.RaftServerConfigKeys (ConfUtils.java:logGet(46)) - raft.server.log.appender.buffer.byte-limit = 33554432 (custom)
2022-10-18 21:56:10,299 [omNode-1@group-523986131536-LeaderElection14] INFO  server.RaftServerConfigKeys (ConfUtils.java:logGet(46)) - raft.server.log.appender.buffer.element-limit = 1024 (custom)
2022-10-18 21:56:10,299 [omNode-1@group-523986131536-LeaderElection14] INFO  grpc.GrpcConfigKeys (ConfUtils.java:logGet(46)) - raft.grpc.server.leader.outstanding.appends.max = 128 (default)
2022-10-18 21:56:10,299 [omNode-1@group-523986131536-LeaderElection14] INFO  server.RaftServerConfigKeys (ConfUtils.java:logGet(46)) - raft.server.rpc.request.timeout = 3000ms (default)
2022-10-18 21:56:10,299 [omNode-1@group-523986131536-LeaderElection14] INFO  server.RaftServerConfigKeys (ConfUtils.java:logGet(46)) - raft.server.log.appender.install.snapshot.enabled = false (custom)
2022-10-18 21:56:10,299 [omNode-1@group-523986131536-LeaderElection14] INFO  impl.RoleInfo (RoleInfo.java:updateAndGet(139)) - omNode-1: start omNode-1@group-523986131536-LeaderStateImpl
2022-10-18 21:56:10,300 [omNode-1@group-523986131536-LeaderElection14] INFO  segmented.SegmentedRaftLogWorker (SegmentedRaftLogWorker.java:rollLogSegment(430)) - omNode-1@group-523986131536-SegmentedRaftLogWorker: Rolling segment log-59_144 to index:144
2022-10-18 21:56:10,301 [omNode-1@group-523986131536-SegmentedRaftLogWorker] INFO  segmented.SegmentedRaftLogWorker (SegmentedRaftLogWorker.java:execute(586)) - omNode-1@group-523986131536-SegmentedRaftLogWorker: Rolled log segment from /home/runner/work/ozone/ozone/hadoop-ozone/integration-test/target/test-dir/MiniOzoneClusterImpl-285291dc-83a3-4c49-94f6-5e759e1760ea/omNode-1/ratis/c9bc4cf4-3bc3-3c60-a66b-523986131536/current/log_inprogress_59 to /home/runner/work/ozone/ozone/hadoop-ozone/integration-test/target/test-dir/MiniOzoneClusterImpl-285291dc-83a3-4c49-94f6-5e759e1760ea/omNode-1/ratis/c9bc4cf4-3bc3-3c60-a66b-523986131536/current/log_59-144
2022-10-18 21:56:10,307 [omNode-1@group-523986131536-LeaderElection14] INFO  server.RaftServer$Division (ServerState.java:setRaftConf(393)) - omNode-1@group-523986131536: set configuration 145: [omNode-3|rpc:localhost:38017|admin:|client:|dataStream:|priority:0, omNode-1|rpc:localhost:35389|admin:|client:|dataStream:|priority:0, omNode-2|rpc:localhost:45203|admin:|client:|dataStream:|priority:0], old=null
2022-10-18 21:56:10,308 [omNode-3-server-thread1] INFO  server.RaftServer$Division (ServerState.java:setLeader(287)) - omNode-3@group-523986131536: change Leader from null to omNode-1 at term 6 for appendEntries, leader elected after 15ms
2022-10-18 21:56:10,308 [omNode-3-server-thread1] INFO  server.RaftServer$Division (RaftServerImpl.java:checkInconsistentAppendEntries(1402)) - omNode-3@group-523986131536: Failed appendEntries as snapshot (59) installation is in progress
2022-10-18 21:56:10,308 [omNode-3-server-thread1] INFO  server.RaftServer$Division (RaftServerImpl.java:checkInconsistentAppendEntries(1394)) - omNode-3@group-523986131536: inconsistency entries. Reply:omNode-1<-omNode-3#0:FAIL-t6,INCONSISTENCY,nextIndex=57,followerCommit=56
2022-10-18 21:56:10,308 [grpc-default-executor-3] WARN  server.GrpcLogAppender (LogUtils.java:warn(122)) - omNode-1@group-523986131536->omNode-2-AppendLogResponseHandler: Failed appendEntries: org.apache.ratis.thirdparty.io.grpc.StatusRuntimeException: UNAVAILABLE: io exception
2022-10-18 21:56:10,309 [omNode-3-server-thread1] INFO  server.RaftServer$Division (RaftServerImpl.java:checkInconsistentAppendEntries(1402)) - omNode-3@group-523986131536: Failed appendEntries as snapshot (59) installation is in progress
2022-10-18 21:56:10,309 [omNode-3-server-thread1] INFO  server.RaftServer$Division (RaftServerImpl.java:checkInconsistentAppendEntries(1394)) - omNode-3@group-523986131536: inconsistency entries. Reply:omNode-1<-omNode-3#1:FAIL-t6,INCONSISTENCY,nextIndex=57,followerCommit=56
2022-10-18 21:56:10,309 [grpc-default-executor-0] INFO  leader.FollowerInfo (FollowerInfoImpl.java:lambda$new$0(48)) - omNode-1@group-523986131536->omNode-3: nextIndex: updateUnconditionally 146 -> 57
2022-10-18 21:56:10,309 [grpc-default-executor-3] WARN  server.GrpcLogAppender (GrpcLogAppender.java:resetClient(111)) - omNode-1@group-523986131536->omNode-2-GrpcLogAppender: Leader has not got in touch with Follower omNode-1@group-523986131536->omNode-2(c-1,m0,n146, attendVote=true, lastRpcSendTime=0, lastRpcResponseTime=1211) yet, just keep nextIndex unchanged and retry.
2022-10-18 21:56:10,310 [grpc-default-executor-0] INFO  leader.FollowerInfo (FollowerInfoImpl.java:lambda$new$0(48)) - omNode-1@group-523986131536->omNode-3: nextIndex: updateUnconditionally 57 -> 57
2022-10-18 21:56:10,310 [omNode-1@group-523986131536->omNode-3-GrpcLogAppender-LogAppenderDaemon] INFO  server.GrpcLogAppender (GrpcLogAppender.java:installSnapshot(541)) - omNode-1@group-523986131536->omNode-3-GrpcLogAppender: followerNextIndex = 57 but logStartIndex = 59, notify follower to install snapshot-(t:5, i:59)
2022-10-18 21:56:10,310 [omNode-1@group-523986131536->omNode-3-GrpcLogAppender-LogAppenderDaemon] INFO  server.GrpcLogAppender (GrpcLogAppender.java:installSnapshot(549)) - omNode-1@group-523986131536->omNode-3-GrpcLogAppender: send omNode-1->omNode-3#0-t6,notify:(t:5, i:59)
2022-10-18 21:56:10,310 [omNode-1@group-523986131536-SegmentedRaftLogWorker] INFO  segmented.SegmentedRaftLogWorker (SegmentedRaftLogWorker.java:execute(629)) - omNode-1@group-523986131536-SegmentedRaftLogWorker: created new log segment /home/runner/work/ozone/ozone/hadoop-ozone/integration-test/target/test-dir/MiniOzoneClusterImpl-285291dc-83a3-4c49-94f6-5e759e1760ea/omNode-1/ratis/c9bc4cf4-3bc3-3c60-a66b-523986131536/current/log_inprogress_145
2022-10-18 21:56:10,311 [grpc-default-executor-0] INFO  impl.SnapshotInstallationHandler (SnapshotInstallationHandler.java:installSnapshot(84)) - omNode-3@group-523986131536: receive installSnapshot: omNode-1->omNode-3#0-t6,notify:(t:5, i:59)
2022-10-18 21:56:10,312 [grpc-default-executor-0] INFO  ratis.OzoneManagerStateMachine (OzoneManagerStateMachine.java:pause(389)) - OzoneManagerStateMachine is pausing
2022-10-18 21:56:10,312 [grpc-default-executor-0] INFO  ratis.OzoneManagerDoubleBuffer (OzoneManagerDoubleBuffer.java:stop(466)) - Stopping OMDoubleBuffer flush thread
2022-10-18 21:56:10,312 [OMDoubleBufferFlushThread] INFO  ratis.OzoneManagerDoubleBuffer (OzoneManagerDoubleBuffer.java:flushTransactions(385)) - OMDoubleBuffer flush thread OMDoubleBufferFlushThread is interrupted and will exit.
2022-10-18 21:56:10,313 [grpc-default-executor-0] INFO  segmented.SegmentedRaftLogWorker (SegmentedRaftLogWorker.java:lambda$new$0(135)) - omNode-3@group-523986131536-SegmentedRaftLogWorker: flushIndex: setUnconditionally 56 -> 143
2022-10-18 21:56:10,313 [grpc-default-executor-0] INFO  segmented.SegmentedRaftLogWorker (SegmentedRaftLogWorker.java:lambda$new$0(135)) - omNode-3@group-523986131536-SegmentedRaftLogWorker: safeCacheEvictIndex: setUnconditionally -1 -> 143
2022-10-18 21:56:10,313 [grpc-default-executor-0] INFO  segmented.SegmentedRaftLogWorker (SegmentedRaftLogWorker.java:closeLogSegment(446)) - omNode-3@group-523986131536-SegmentedRaftLogWorker: Closing segment log_inprogress_31 to index: 56
2022-10-18 21:56:10,313 [grpc-default-executor-0] INFO  raftlog.RaftLog (RaftLogBase.java:lambda$new$0(53)) - omNode-3@group-523986131536-SegmentedRaftLog: snapshotIndex: updateIncreasingly 56 -> 143
2022-10-18 21:56:10,313 [grpc-default-executor-0] INFO  impl.SnapshotInstallationHandler (SnapshotInstallationHandler.java:notifyStateMachineToInstallSnapshot(314)) - omNode-3@group-523986131536: InstallSnapshot notification result: SNAPSHOT_INSTALLED, at index: (t:5, i:143)
2022-10-18 21:56:10,313 [grpc-default-executor-0] INFO  impl.SnapshotInstallationHandler (SnapshotInstallationHandler.java:installSnapshotImpl(129)) - omNode-3@group-523986131536: set new configuration index: 145
configurationEntry {
  peers {
    id: "omNode-3"
    address: "localhost:38017"
  }
  peers {
    id: "omNode-1"
    address: "localhost:35389"
  }
  peers {
    id: "omNode-2"
    address: "localhost:45203"
  }
}
 from snapshot
2022-10-18 21:56:10,315 [grpc-default-executor-0] INFO  server.RaftServer$Division (ServerState.java:setRaftConf(393)) - omNode-3@group-523986131536: set configuration 145: [omNode-3|rpc:localhost:38017|admin:|client:|dataStream:|priority:0, omNode-1|rpc:localhost:35389|admin:|client:|dataStream:|priority:0, omNode-2|rpc:localhost:45203|admin:|client:|dataStream:|priority:0], old=null
2022-10-18 21:56:10,315 [grpc-default-executor-0] INFO  ratis.OzoneManagerStateMachine (OzoneManagerStateMachine.java:notifyConfigurationChanged(192)) - Received Configuration change notification from Ratis. New Peer list:
[id: "omNode-3"
address: "localhost:38017"
, id: "omNode-1"
address: "localhost:35389"
, id: "omNode-2"
address: "localhost:45203"
]
2022-10-18 21:56:10,315 [grpc-default-executor-0] INFO  impl.SnapshotInstallationHandler (SnapshotInstallationHandler.java:installSnapshot(95)) - omNode-3@group-523986131536: reply installSnapshot: omNode-1<-omNode-3#0:FAIL-t6,SNAPSHOT_INSTALLED,snapshotIndex=143
2022-10-18 21:56:10,316 [grpc-default-executor-0] INFO  server.GrpcServerProtocolService (GrpcServerProtocolService.java:onCompleted(140)) - omNode-3: Completed INSTALL_SNAPSHOT, lastRequest: omNode-1->omNode-3#0-t6,notify:(t:5, i:59)
2022-10-18 21:56:10,316 [omNode-3@group-523986131536-StateMachineUpdater] INFO  ratis.OzoneManagerStateMachine (OzoneManagerStateMachine.java:loadSnapshotInfoFromDB(632)) - LastAppliedIndex is set from TransactionInfo from OM DB as (t:5, i:143)
2022-10-18 21:56:10,316 [omNode-3@group-523986131536-StateMachineUpdater] INFO  ratis.OzoneManagerStateMachine (OzoneManagerStateMachine.java:unpause(406)) - OzoneManagerStateMachine is un-pausing
2022-10-18 21:56:10,316 [grpc-default-executor-3] INFO  server.GrpcLogAppender (GrpcLogAppender.java:onNext(403)) - omNode-1@group-523986131536->omNode-3-InstallSnapshotResponseHandler: received a reply omNode-1<-omNode-3#0:FAIL-t6,SNAPSHOT_INSTALLED,snapshotIndex=143
2022-10-18 21:56:10,316 [grpc-default-executor-3] INFO  server.GrpcLogAppender (GrpcLogAppender.java:onNext(443)) - omNode-1@group-523986131536->omNode-3-InstallSnapshotResponseHandler: Follower installed snapshot at index 143
2022-10-18 21:56:10,316 [grpc-default-executor-3] INFO  leader.FollowerInfo (FollowerInfoImpl.java:lambda$new$0(48)) - omNode-1@group-523986131536->omNode-3: snapshotIndex: setUnconditionally 0 -> 143
2022-10-18 21:56:10,316 [grpc-default-executor-3] INFO  leader.FollowerInfo (FollowerInfoImpl.java:lambda$new$0(48)) - omNode-1@group-523986131536->omNode-3: matchIndex: setUnconditionally 0 -> 143
2022-10-18 21:56:10,316 [grpc-default-executor-3] INFO  leader.FollowerInfo (FollowerInfoImpl.java:lambda$new$0(48)) - omNode-1@group-523986131536->omNode-3: nextIndex: setUnconditionally 57 -> 144
2022-10-18 21:56:10,316 [grpc-default-executor-3] INFO  leader.FollowerInfo (FollowerInfoImpl.java:setAttemptedToInstallSnapshot(118)) - Follower omNode-1@group-523986131536->omNode-3 acknowledged installing snapshot
2022-10-18 21:56:10,316 [grpc-default-executor-3] INFO  leader.FollowerInfo (FollowerInfoImpl.java:lambda$new$0(48)) - omNode-1@group-523986131536->omNode-3: nextIndex: updateToMax old=144, new=144, updated? false
2022-10-18 21:56:10,316 [omNode-3@group-523986131536-StateMachineUpdater] INFO  impl.StateMachineUpdater (StateMachineUpdater.java:lambda$new$0(92)) - omNode-3@group-523986131536-StateMachineUpdater: snapshotIndex: setUnconditionally 56 -> 143
2022-10-18 21:56:10,316 [omNode-3@group-523986131536-StateMachineUpdater] INFO  impl.StateMachineUpdater (StateMachineUpdater.java:lambda$new$0(92)) - omNode-3@group-523986131536-StateMachineUpdater: appliedIndex: setUnconditionally 56 -> 143
2022-10-18 21:56:10,321 [omNode-3@group-523986131536-SegmentedRaftLogWorker] INFO  segmented.SegmentedRaftLogWorker (SegmentedRaftLogWorker.java:execute(586)) - omNode-3@group-523986131536-SegmentedRaftLogWorker: Rolled log segment from /home/runner/work/ozone/ozone/hadoop-ozone/integration-test/target/test-dir/MiniOzoneClusterImpl-285291dc-83a3-4c49-94f6-5e759e1760ea/omNode-3/ratis/c9bc4cf4-3bc3-3c60-a66b-523986131536/current/log_inprogress_31 to /home/runner/work/ozone/ozone/hadoop-ozone/integration-test/target/test-dir/MiniOzoneClusterImpl-285291dc-83a3-4c49-94f6-5e759e1760ea/omNode-3/ratis/c9bc4cf4-3bc3-3c60-a66b-523986131536/current/log_31-56
2022-10-18 21:56:10,323 [omNode-3-server-thread1] INFO  server.RaftServer$Division (ServerState.java:setRaftConf(393)) - omNode-3@group-523986131536: set configuration 145: [omNode-3|rpc:localhost:38017|admin:|client:|dataStream:|priority:0, omNode-1|rpc:localhost:35389|admin:|client:|dataStream:|priority:0, omNode-2|rpc:localhost:45203|admin:|client:|dataStream:|priority:0], old=null
2022-10-18 21:56:10,323 [omNode-3-server-thread1] INFO  segmented.SegmentedRaftLogWorker (SegmentedRaftLogWorker.java:startLogSegment(425)) - omNode-3@group-523986131536-SegmentedRaftLogWorker: Starting segment from index:144
2022-10-18 21:56:10,323 [omNode-3-server-thread1] INFO  segmented.SegmentedRaftLogWorker (SegmentedRaftLogWorker.java:rollLogSegment(430)) - omNode-3@group-523986131536-SegmentedRaftLogWorker: Rolling segment log-144_144 to index:144
2022-10-18 21:56:10,333 [omNode-3@group-523986131536-SegmentedRaftLogWorker] INFO  segmented.SegmentedRaftLogWorker (SegmentedRaftLogWorker.java:execute(629)) - omNode-3@group-523986131536-SegmentedRaftLogWorker: created new log segment /home/runner/work/ozone/ozone/hadoop-ozone/integration-test/target/test-dir/MiniOzoneClusterImpl-285291dc-83a3-4c49-94f6-5e759e1760ea/omNode-3/ratis/c9bc4cf4-3bc3-3c60-a66b-523986131536/current/log_inprogress_144
2022-10-18 21:56:10,334 [omNode-3@group-523986131536-SegmentedRaftLogWorker] INFO  segmented.SegmentedRaftLogWorker (SegmentedRaftLogWorker.java:execute(586)) - omNode-3@group-523986131536-SegmentedRaftLogWorker: Rolled log segment from /home/runner/work/ozone/ozone/hadoop-ozone/integration-test/target/test-dir/MiniOzoneClusterImpl-285291dc-83a3-4c49-94f6-5e759e1760ea/omNode-3/ratis/c9bc4cf4-3bc3-3c60-a66b-523986131536/current/log_inprogress_144 to /home/runner/work/ozone/ozone/hadoop-ozone/integration-test/target/test-dir/MiniOzoneClusterImpl-285291dc-83a3-4c49-94f6-5e759e1760ea/omNode-3/ratis/c9bc4cf4-3bc3-3c60-a66b-523986131536/current/log_144-144
2022-10-18 21:56:10,342 [omNode-3@group-523986131536-SegmentedRaftLogWorker] INFO  segmented.SegmentedRaftLogWorker (SegmentedRaftLogWorker.java:execute(629)) - omNode-3@group-523986131536-SegmentedRaftLogWorker: created new log segment /home/runner/work/ozone/ozone/hadoop-ozone/integration-test/target/test-dir/MiniOzoneClusterImpl-285291dc-83a3-4c49-94f6-5e759e1760ea/omNode-3/ratis/c9bc4cf4-3bc3-3c60-a66b-523986131536/current/log_inprogress_145
2022-10-18 21:56:10,349 [grpc-default-executor-0] WARN  server.GrpcLogAppender (LogUtils.java:warn(122)) - omNode-1@group-523986131536->omNode-2-AppendLogResponseHandler: Failed appendEntries: org.apache.ratis.thirdparty.io.grpc.StatusRuntimeException: UNAVAILABLE: io exception
2022-10-18 21:56:10,349 [omNode-1@group-523986131536-StateMachineUpdater] INFO  ratis.OzoneManagerStateMachine (OzoneManagerStateMachine.java:notifyConfigurationChanged(192)) - Received Configuration change notification from Ratis. New Peer list:
[id: "omNode-3"
address: "localhost:38017"
, id: "omNode-1"
address: "localhost:35389"
, id: "omNode-2"
address: "localhost:45203"
]
2022-10-18 21:56:10,350 [grpc-default-executor-0] WARN  server.GrpcLogAppender (GrpcLogAppender.java:resetClient(111)) - omNode-1@group-523986131536->omNode-2-GrpcLogAppender: Leader has not got in touch with Follower omNode-1@group-523986131536->omNode-2(c-1,m0,n147, attendVote=true, lastRpcSendTime=0, lastRpcResponseTime=1252) yet, just keep nextIndex unchanged and retry.
2022-10-18 21:56:10,351 [omNode-3@group-523986131536-StateMachineUpdater] INFO  ratis.OzoneManagerStateMachine (OzoneManagerStateMachine.java:notifyConfigurationChanged(192)) - Received Configuration change notification from Ratis. New Peer list:
[id: "omNode-3"
address: "localhost:38017"
, id: "omNode-1"
address: "localhost:35389"
, id: "omNode-2"
address: "localhost:45203"
]
2022-10-18 21:56:10,558 [grpc-default-executor-3] WARN  server.GrpcLogAppender (LogUtils.java:warn(122)) - omNode-1@group-523986131536->omNode-2-AppendLogResponseHandler: Failed appendEntries: org.apache.ratis.thirdparty.io.grpc.StatusRuntimeException: UNAVAILABLE: io exception
2022-10-18 21:56:10,559 [grpc-default-executor-3] WARN  server.GrpcLogAppender (GrpcLogAppender.java:resetClient(111)) - omNode-1@group-523986131536->omNode-2-GrpcLogAppender: Leader has not got in touch with Follower omNode-1@group-523986131536->omNode-2(c-1,m0,n147, attendVote=true, lastRpcSendTime=0, lastRpcResponseTime=1460) yet, just keep nextIndex unchanged and retry.
2022-10-18 21:56:10,808 [grpc-default-executor-3] WARN  server.GrpcLogAppender (LogUtils.java:warn(122)) - omNode-1@group-523986131536->omNode-2-AppendLogResponseHandler: Failed appendEntries: org.apache.ratis.thirdparty.io.grpc.StatusRuntimeException: UNAVAILABLE: io exception
2022-10-18 21:56:10,809 [grpc-default-executor-3] WARN  server.GrpcLogAppender (GrpcLogAppender.java:resetClient(111)) - omNode-1@group-523986131536->omNode-2-GrpcLogAppender: Leader has not got in touch with Follower omNode-1@group-523986131536->omNode-2(c-1,m0,n147, attendVote=true, lastRpcSendTime=0, lastRpcResponseTime=1710) yet, just keep nextIndex unchanged and retry.
2022-10-18 21:56:11,058 [grpc-default-executor-3] WARN  server.GrpcLogAppender (LogUtils.java:warn(122)) - omNode-1@group-523986131536->omNode-2-AppendLogResponseHandler: Failed appendEntries: org.apache.ratis.thirdparty.io.grpc.StatusRuntimeException: UNAVAILABLE: io exception
2022-10-18 21:56:11,059 [grpc-default-executor-3] WARN  server.GrpcLogAppender (GrpcLogAppender.java:resetClient(111)) - omNode-1@group-523986131536->omNode-2-GrpcLogAppender: Leader has not got in touch with Follower omNode-1@group-523986131536->omNode-2(c-1,m0,n147, attendVote=true, lastRpcSendTime=0, lastRpcResponseTime=1961) yet, just keep nextIndex unchanged and retry.
2022-10-18 21:56:11,309 [grpc-default-executor-3] WARN  server.GrpcLogAppender (LogUtils.java:warn(122)) - omNode-1@group-523986131536->omNode-2-AppendLogResponseHandler: Failed appendEntries: org.apache.ratis.thirdparty.io.grpc.StatusRuntimeException: UNAVAILABLE: io exception
2022-10-18 21:56:11,309 [grpc-default-executor-3] WARN  server.GrpcLogAppender (GrpcLogAppender.java:resetClient(111)) - omNode-1@group-523986131536->omNode-2-GrpcLogAppender: Leader has not got in touch with Follower omNode-1@group-523986131536->omNode-2(c-1,m0,n147, attendVote=true, lastRpcSendTime=0, lastRpcResponseTime=2211) yet, just keep nextIndex unchanged and retry.
2022-10-18 21:56:11,559 [grpc-default-executor-3] WARN  server.GrpcLogAppender (LogUtils.java:warn(122)) - omNode-1@group-523986131536->omNode-2-AppendLogResponseHandler: Failed appendEntries: org.apache.ratis.thirdparty.io.grpc.StatusRuntimeException: UNAVAILABLE: io exception
2022-10-18 21:56:11,559 [grpc-default-executor-3] WARN  server.GrpcLogAppender (GrpcLogAppender.java:resetClient(111)) - omNode-1@group-523986131536->omNode-2-GrpcLogAppender: Leader has not got in touch with Follower omNode-1@group-523986131536->omNode-2(c-1,m0,n147, attendVote=true, lastRpcSendTime=0, lastRpcResponseTime=2461) yet, just keep nextIndex unchanged and retry.
2022-10-18 21:56:11,809 [grpc-default-executor-0] WARN  server.GrpcLogAppender (LogUtils.java:warn(122)) - omNode-1@group-523986131536->omNode-2-AppendLogResponseHandler: Failed appendEntries: org.apache.ratis.thirdparty.io.grpc.StatusRuntimeException: UNAVAILABLE: io exception
2022-10-18 21:56:11,809 [grpc-default-executor-0] WARN  server.GrpcLogAppender (GrpcLogAppender.java:resetClient(111)) - omNode-1@group-523986131536->omNode-2-GrpcLogAppender: Leader has not got in touch with Follower omNode-1@group-523986131536->omNode-2(c-1,m0,n147, attendVote=true, lastRpcSendTime=0, lastRpcResponseTime=2711) yet, just keep nextIndex unchanged and retry.
2022-10-18 21:56:12,059 [grpc-default-executor-0] WARN  server.GrpcLogAppender (LogUtils.java:warn(122)) - omNode-1@group-523986131536->omNode-2-AppendLogResponseHandler: Failed appendEntries: org.apache.ratis.thirdparty.io.grpc.StatusRuntimeException: UNAVAILABLE: io exception
2022-10-18 21:56:12,060 [grpc-default-executor-0] WARN  server.GrpcLogAppender (GrpcLogAppender.java:resetClient(111)) - omNode-1@group-523986131536->omNode-2-GrpcLogAppender: Leader has not got in touch with Follower omNode-1@group-523986131536->omNode-2(c-1,m0,n147, attendVote=true, lastRpcSendTime=0, lastRpcResponseTime=2961) yet, just keep nextIndex unchanged and retry.
2022-10-18 21:56:12,309 [grpc-default-executor-0] WARN  server.GrpcLogAppender (LogUtils.java:warn(122)) - omNode-1@group-523986131536->omNode-2-AppendLogResponseHandler: Failed appendEntries: org.apache.ratis.thirdparty.io.grpc.StatusRuntimeException: UNAVAILABLE: io exception
2022-10-18 21:56:12,310 [grpc-default-executor-0] WARN  server.GrpcLogAppender (GrpcLogAppender.java:resetClient(111)) - omNode-1@group-523986131536->omNode-2-GrpcLogAppender: Leader has not got in touch with Follower omNode-1@group-523986131536->omNode-2(c-1,m0,n147, attendVote=true, lastRpcSendTime=0, lastRpcResponseTime=3211) yet, just keep nextIndex unchanged and retry.
2022-10-18 21:56:12,560 [grpc-default-executor-0] WARN  server.GrpcLogAppender (LogUtils.java:warn(122)) - omNode-1@group-523986131536->omNode-2-AppendLogResponseHandler: Failed appendEntries: org.apache.ratis.thirdparty.io.grpc.StatusRuntimeException: UNAVAILABLE: io exception
2022-10-18 21:56:12,560 [grpc-default-executor-0] WARN  server.GrpcLogAppender (GrpcLogAppender.java:resetClient(111)) - omNode-1@group-523986131536->omNode-2-GrpcLogAppender: Leader has not got in touch with Follower omNode-1@group-523986131536->omNode-2(c-1,m0,n147, attendVote=true, lastRpcSendTime=0, lastRpcResponseTime=3462) yet, just keep nextIndex unchanged and retry.
2022-10-18 21:56:12,810 [grpc-default-executor-0] WARN  server.GrpcLogAppender (LogUtils.java:warn(122)) - omNode-1@group-523986131536->omNode-2-AppendLogResponseHandler: Failed appendEntries: org.apache.ratis.thirdparty.io.grpc.StatusRuntimeException: UNAVAILABLE: io exception
2022-10-18 21:56:12,810 [grpc-default-executor-0] WARN  server.GrpcLogAppender (GrpcLogAppender.java:resetClient(111)) - omNode-1@group-523986131536->omNode-2-GrpcLogAppender: Leader has not got in touch with Follower omNode-1@group-523986131536->omNode-2(c-1,m0,n147, attendVote=true, lastRpcSendTime=0, lastRpcResponseTime=3712) yet, just keep nextIndex unchanged and retry.
2022-10-18 21:56:13,060 [grpc-default-executor-0] WARN  server.GrpcLogAppender (LogUtils.java:warn(122)) - omNode-1@group-523986131536->omNode-2-AppendLogResponseHandler: Failed appendEntries: org.apache.ratis.thirdparty.io.grpc.StatusRuntimeException: UNAVAILABLE: io exception
2022-10-18 21:56:13,060 [grpc-default-executor-0] WARN  server.GrpcLogAppender (GrpcLogAppender.java:resetClient(111)) - omNode-1@group-523986131536->omNode-2-GrpcLogAppender: Leader has not got in touch with Follower omNode-1@group-523986131536->omNode-2(c-1,m0,n147, attendVote=true, lastRpcSendTime=0, lastRpcResponseTime=3962) yet, just keep nextIndex unchanged and retry.
2022-10-18 21:56:13,310 [grpc-default-executor-0] WARN  server.GrpcLogAppender (LogUtils.java:warn(122)) - omNode-1@group-523986131536->omNode-2-AppendLogResponseHandler: Failed appendEntries: org.apache.ratis.thirdparty.io.grpc.StatusRuntimeException: UNAVAILABLE: io exception
2022-10-18 21:56:13,311 [grpc-default-executor-0] WARN  server.GrpcLogAppender (GrpcLogAppender.java:resetClient(111)) - omNode-1@group-523986131536->omNode-2-GrpcLogAppender: Leader has not got in touch with Follower omNode-1@group-523986131536->omNode-2(c-1,m0,n147, attendVote=true, lastRpcSendTime=0, lastRpcResponseTime=4212) yet, just keep nextIndex unchanged and retry.
2022-10-18 21:56:13,560 [grpc-default-executor-0] WARN  server.GrpcLogAppender (LogUtils.java:warn(122)) - omNode-1@group-523986131536->omNode-2-AppendLogResponseHandler: Failed appendEntries: org.apache.ratis.thirdparty.io.grpc.StatusRuntimeException: UNAVAILABLE: io exception
2022-10-18 21:56:13,561 [grpc-default-executor-0] WARN  server.GrpcLogAppender (GrpcLogAppender.java:resetClient(111)) - omNode-1@group-523986131536->omNode-2-GrpcLogAppender: Leader has not got in touch with Follower omNode-1@group-523986131536->omNode-2(c-1,m0,n147, attendVote=true, lastRpcSendTime=0, lastRpcResponseTime=4462) yet, just keep nextIndex unchanged and retry.
2022-10-18 21:56:13,810 [grpc-default-executor-0] WARN  server.GrpcLogAppender (LogUtils.java:warn(122)) - omNode-1@group-523986131536->omNode-2-AppendLogResponseHandler: Failed appendEntries: org.apache.ratis.thirdparty.io.grpc.StatusRuntimeException: UNAVAILABLE: io exception
2022-10-18 21:56:13,811 [grpc-default-executor-0] WARN  server.GrpcLogAppender (GrpcLogAppender.java:resetClient(111)) - omNode-1@group-523986131536->omNode-2-GrpcLogAppender: Leader has not got in touch with Follower omNode-1@group-523986131536->omNode-2(c-1,m0,n147, attendVote=true, lastRpcSendTime=0, lastRpcResponseTime=4712) yet, just keep nextIndex unchanged and retry.
2022-10-18 21:56:14,061 [grpc-default-executor-0] WARN  server.GrpcLogAppender (LogUtils.java:warn(122)) - omNode-1@group-523986131536->omNode-2-AppendLogResponseHandler: Failed appendEntries: org.apache.ratis.thirdparty.io.grpc.StatusRuntimeException: UNAVAILABLE: io exception
2022-10-18 21:56:14,061 [grpc-default-executor-0] WARN  server.GrpcLogAppender (GrpcLogAppender.java:resetClient(111)) - omNode-1@group-523986131536->omNode-2-GrpcLogAppender: Leader has not got in touch with Follower omNode-1@group-523986131536->omNode-2(c-1,m0,n147, attendVote=true, lastRpcSendTime=0, lastRpcResponseTime=4963) yet, just keep nextIndex unchanged and retry.
2022-10-18 21:56:14,311 [grpc-default-executor-0] WARN  server.GrpcLogAppender (LogUtils.java:warn(122)) - omNode-1@group-523986131536->omNode-2-AppendLogResponseHandler: Failed appendEntries: org.apache.ratis.thirdparty.io.grpc.StatusRuntimeException: UNAVAILABLE: io exception
2022-10-18 21:56:14,311 [grpc-default-executor-0] WARN  server.GrpcLogAppender (GrpcLogAppender.java:resetClient(111)) - omNode-1@group-523986131536->omNode-2-GrpcLogAppender: Leader has not got in touch with Follower omNode-1@group-523986131536->omNode-2(c-1,m0,n147, attendVote=true, lastRpcSendTime=0, lastRpcResponseTime=5213) yet, just keep nextIndex unchanged and retry.
2022-10-18 21:56:14,561 [grpc-default-executor-0] WARN  server.GrpcLogAppender (LogUtils.java:warn(122)) - omNode-1@group-523986131536->omNode-2-AppendLogResponseHandler: Failed appendEntries: org.apache.ratis.thirdparty.io.grpc.StatusRuntimeException: UNAVAILABLE: io exception
2022-10-18 21:56:14,561 [grpc-default-executor-0] WARN  server.GrpcLogAppender (GrpcLogAppender.java:resetClient(111)) - omNode-1@group-523986131536->omNode-2-GrpcLogAppender: Leader has not got in touch with Follower omNode-1@group-523986131536->omNode-2(c-1,m0,n147, attendVote=true, lastRpcSendTime=0, lastRpcResponseTime=5463) yet, just keep nextIndex unchanged and retry.
2022-10-18 21:56:14,811 [grpc-default-executor-0] WARN  server.GrpcLogAppender (LogUtils.java:warn(122)) - omNode-1@group-523986131536->omNode-2-AppendLogResponseHandler: Failed appendEntries: org.apache.ratis.thirdparty.io.grpc.StatusRuntimeException: UNAVAILABLE: io exception
2022-10-18 21:56:14,812 [grpc-default-executor-0] WARN  server.GrpcLogAppender (GrpcLogAppender.java:resetClient(111)) - omNode-1@group-523986131536->omNode-2-GrpcLogAppender: Leader has not got in touch with Follower omNode-1@group-523986131536->omNode-2(c-1,m0,n147, attendVote=true, lastRpcSendTime=0, lastRpcResponseTime=5713) yet, just keep nextIndex unchanged and retry.
2022-10-18 21:56:15,061 [grpc-default-executor-0] WARN  server.GrpcLogAppender (LogUtils.java:warn(122)) - omNode-1@group-523986131536->omNode-2-AppendLogResponseHandler: Failed appendEntries: org.apache.ratis.thirdparty.io.grpc.StatusRuntimeException: UNAVAILABLE: io exception
2022-10-18 21:56:15,062 [grpc-default-executor-0] WARN  server.GrpcLogAppender (GrpcLogAppender.java:resetClient(111)) - omNode-1@group-523986131536->omNode-2-GrpcLogAppender: Leader has not got in touch with Follower omNode-1@group-523986131536->omNode-2(c-1,m0,n147, attendVote=true, lastRpcSendTime=0, lastRpcResponseTime=5963) yet, just keep nextIndex unchanged and retry.
2022-10-18 21:56:15,311 [grpc-default-executor-0] WARN  server.GrpcLogAppender (LogUtils.java:warn(122)) - omNode-1@group-523986131536->omNode-2-AppendLogResponseHandler: Failed appendEntries: org.apache.ratis.thirdparty.io.grpc.StatusRuntimeException: UNAVAILABLE: io exception
2022-10-18 21:56:15,312 [grpc-default-executor-0] WARN  server.GrpcLogAppender (GrpcLogAppender.java:resetClient(111)) - omNode-1@group-523986131536->omNode-2-GrpcLogAppender: Leader has not got in touch with Follower omNode-1@group-523986131536->omNode-2(c-1,m0,n147, attendVote=true, lastRpcSendTime=0, lastRpcResponseTime=6213) yet, just keep nextIndex unchanged and retry.
2022-10-18 21:56:15,562 [grpc-default-executor-0] WARN  server.GrpcLogAppender (LogUtils.java:warn(122)) - omNode-1@group-523986131536->omNode-2-AppendLogResponseHandler: Failed appendEntries: org.apache.ratis.thirdparty.io.grpc.StatusRuntimeException: UNAVAILABLE: io exception
2022-10-18 21:56:15,562 [grpc-default-executor-0] WARN  server.GrpcLogAppender (GrpcLogAppender.java:resetClient(111)) - omNode-1@group-523986131536->omNode-2-GrpcLogAppender: Leader has not got in touch with Follower omNode-1@group-523986131536->omNode-2(c-1,m0,n147, attendVote=true, lastRpcSendTime=0, lastRpcResponseTime=6464) yet, just keep nextIndex unchanged and retry.
2022-10-18 21:56:15,812 [grpc-default-executor-0] WARN  server.GrpcLogAppender (LogUtils.java:warn(122)) - omNode-1@group-523986131536->omNode-2-AppendLogResponseHandler: Failed appendEntries: org.apache.ratis.thirdparty.io.grpc.StatusRuntimeException: UNAVAILABLE: io exception
2022-10-18 21:56:15,812 [grpc-default-executor-0] WARN  server.GrpcLogAppender (GrpcLogAppender.java:resetClient(111)) - omNode-1@group-523986131536->omNode-2-GrpcLogAppender: Leader has not got in touch with Follower omNode-1@group-523986131536->omNode-2(c-1,m0,n147, attendVote=true, lastRpcSendTime=0, lastRpcResponseTime=6714) yet, just keep nextIndex unchanged and retry.
2022-10-18 21:56:16,062 [grpc-default-executor-0] WARN  server.GrpcLogAppender (LogUtils.java:warn(122)) - omNode-1@group-523986131536->omNode-2-AppendLogResponseHandler: Failed appendEntries: org.apache.ratis.thirdparty.io.grpc.StatusRuntimeException: UNAVAILABLE: io exception
2022-10-18 21:56:16,062 [grpc-default-executor-0] WARN  server.GrpcLogAppender (GrpcLogAppender.java:resetClient(111)) - omNode-1@group-523986131536->omNode-2-GrpcLogAppender: Leader has not got in touch with Follower omNode-1@group-523986131536->omNode-2(c-1,m0,n147, attendVote=true, lastRpcSendTime=0, lastRpcResponseTime=6964) yet, just keep nextIndex unchanged and retry.
2022-10-18 21:56:16,312 [grpc-default-executor-0] WARN  server.GrpcLogAppender (LogUtils.java:warn(122)) - omNode-1@group-523986131536->omNode-2-AppendLogResponseHandler: Failed appendEntries: org.apache.ratis.thirdparty.io.grpc.StatusRuntimeException: UNAVAILABLE: io exception
2022-10-18 21:56:16,313 [grpc-default-executor-0] WARN  server.GrpcLogAppender (GrpcLogAppender.java:resetClient(111)) - omNode-1@group-523986131536->omNode-2-GrpcLogAppender: Leader has not got in touch with Follower omNode-1@group-523986131536->omNode-2(c-1,m0,n147, attendVote=true, lastRpcSendTime=0, lastRpcResponseTime=7214) yet, just keep nextIndex unchanged and retry.
2022-10-18 21:56:16,562 [grpc-default-executor-0] WARN  server.GrpcLogAppender (LogUtils.java:warn(122)) - omNode-1@group-523986131536->omNode-2-AppendLogResponseHandler: Failed appendEntries: org.apache.ratis.thirdparty.io.grpc.StatusRuntimeException: UNAVAILABLE: io exception
2022-10-18 21:56:16,563 [grpc-default-executor-0] WARN  server.GrpcLogAppender (GrpcLogAppender.java:resetClient(111)) - omNode-1@group-523986131536->omNode-2-GrpcLogAppender: Leader has not got in touch with Follower omNode-1@group-523986131536->omNode-2(c-1,m0,n147, attendVote=true, lastRpcSendTime=0, lastRpcResponseTime=7464) yet, just keep nextIndex unchanged and retry.
2022-10-18 21:56:16,813 [grpc-default-executor-0] WARN  server.GrpcLogAppender (LogUtils.java:warn(122)) - omNode-1@group-523986131536->omNode-2-AppendLogResponseHandler: Failed appendEntries: org.apache.ratis.thirdparty.io.grpc.StatusRuntimeException: UNAVAILABLE: io exception
2022-10-18 21:56:16,813 [grpc-default-executor-0] WARN  server.GrpcLogAppender (GrpcLogAppender.java:resetClient(111)) - omNode-1@group-523986131536->omNode-2-GrpcLogAppender: Leader has not got in touch with Follower omNode-1@group-523986131536->omNode-2(c-1,m0,n147, attendVote=true, lastRpcSendTime=0, lastRpcResponseTime=7715) yet, just keep nextIndex unchanged and retry.
2022-10-18 21:56:17,063 [grpc-default-executor-0] WARN  server.GrpcLogAppender (LogUtils.java:warn(122)) - omNode-1@group-523986131536->omNode-2-AppendLogResponseHandler: Failed appendEntries: org.apache.ratis.thirdparty.io.grpc.StatusRuntimeException: UNAVAILABLE: io exception
2022-10-18 21:56:17,063 [grpc-default-executor-0] WARN  server.GrpcLogAppender (GrpcLogAppender.java:resetClient(111)) - omNode-1@group-523986131536->omNode-2-GrpcLogAppender: Leader has not got in touch with Follower omNode-1@group-523986131536->omNode-2(c-1,m0,n147, attendVote=true, lastRpcSendTime=0, lastRpcResponseTime=7965) yet, just keep nextIndex unchanged and retry.
2022-10-18 21:56:17,307 [Listener at localhost/43229] INFO  rpc.RpcClient (RpcClient.java:createVolume(471)) - Creating Volume: volume89162, with user71782 as owner and space quota set to -1 bytes, counts quota set to -1
2022-10-18 21:56:17,310 [Listener at localhost/43229] INFO  retry.RetryInvocationHandler (RetryInvocationHandler.java:log(411)) - com.google.protobuf.ServiceException: java.io.EOFException: End of File Exception between local host is: "fv-az368-376/10.1.0.49"; destination host is: "localhost":39907; : java.io.EOFException; For more details see:  http://wiki.apache.org/hadoop/EOFException, while invoking $Proxy55.submitRequest over nodeId=omNode-1,nodeAddress=127.0.0.1:39907. Trying to failover immediately.
2022-10-18 21:56:17,311 [Listener at localhost/43229] INFO  retry.RetryInvocationHandler (RetryInvocationHandler.java:log(411)) - com.google.protobuf.ServiceException: java.net.ConnectException: Call From fv-az368-376/10.1.0.49 to localhost:45943 failed on connection exception: java.net.ConnectException: Connection refused; For more details see:  http://wiki.apache.org/hadoop/ConnectionRefused, while invoking $Proxy55.submitRequest over nodeId=omNode-2,nodeAddress=127.0.0.1:45943 after 1 failover attempts. Trying to failover immediately.
2022-10-18 21:56:17,313 [grpc-default-executor-0] WARN  server.GrpcLogAppender (LogUtils.java:warn(122)) - omNode-1@group-523986131536->omNode-2-AppendLogResponseHandler: Failed appendEntries: org.apache.ratis.thirdparty.io.grpc.StatusRuntimeException: UNAVAILABLE: io exception
2022-10-18 21:56:17,313 [grpc-default-executor-0] WARN  server.GrpcLogAppender (GrpcLogAppender.java:resetClient(111)) - omNode-1@group-523986131536->omNode-2-GrpcLogAppender: Leader has not got in touch with Follower omNode-1@group-523986131536->omNode-2(c-1,m0,n147, attendVote=true, lastRpcSendTime=0, lastRpcResponseTime=8215) yet, just keep nextIndex unchanged and retry.
2022-10-18 21:56:17,314 [Listener at localhost/43229] INFO  retry.RetryInvocationHandler (RetryInvocationHandler.java:log(411)) - com.google.protobuf.ServiceException: org.apache.hadoop.ipc.RemoteException(org.apache.hadoop.ozone.om.exceptions.OMNotLeaderException): OM:omNode-3 is not the leader. Could not determine the leader node.
	at org.apache.hadoop.ozone.om.OzoneManager.checkLeaderStatus(OzoneManager.java:4115)
	at org.apache.hadoop.ozone.om.ratis.utils.OzoneManagerRatisUtils.checkLeaderStatus(OzoneManagerRatisUtils.java:446)
	at org.apache.hadoop.ozone.protocolPB.OzoneManagerProtocolServerSideTranslatorPB.processRequest(OzoneManagerProtocolServerSideTranslatorPB.java:181)
	at org.apache.hadoop.hdds.server.OzoneProtocolMessageDispatcher.processRequest(OzoneProtocolMessageDispatcher.java:87)
	at org.apache.hadoop.ozone.protocolPB.OzoneManagerProtocolServerSideTranslatorPB.submitRequest(OzoneManagerProtocolServerSideTranslatorPB.java:147)
	at org.apache.hadoop.ozone.protocol.proto.OzoneManagerProtocolProtos$OzoneManagerService$2.callBlockingMethod(OzoneManagerProtocolProtos.java)
	at org.apache.hadoop.ipc.ProtobufRpcEngine$Server.processCall(ProtobufRpcEngine.java:465)
	at org.apache.hadoop.ipc.ProtobufRpcEngine2$Server$ProtoBufRpcInvoker.call(ProtobufRpcEngine2.java:578)
	at org.apache.hadoop.ipc.ProtobufRpcEngine2$Server$ProtoBufRpcInvoker.call(ProtobufRpcEngine2.java:556)
	at org.apache.hadoop.ipc.RPC$Server.call(RPC.java:1093)
	at org.apache.hadoop.ipc.Server$RpcCall.run(Server.java:1043)
	at org.apache.hadoop.ipc.Server$RpcCall.run(Server.java:971)
	at java.security.AccessController.doPrivileged(Native Method)
	at javax.security.auth.Subject.doAs(Subject.java:422)
	at org.apache.hadoop.security.UserGroupInformation.doAs(UserGroupInformation.java:1878)
	at org.apache.hadoop.ipc.Server$Handler.run(Server.java:2976)
, while invoking $Proxy55.submitRequest over nodeId=omNode-3,nodeAddress=127.0.0.1:43229 after 2 failover attempts. Trying to failover after sleeping for 2000ms.
2022-10-18 21:56:17,567 [grpc-default-executor-0] WARN  server.GrpcLogAppender (LogUtils.java:warn(122)) - omNode-1@group-523986131536->omNode-2-AppendLogResponseHandler: Failed appendEntries: org.apache.ratis.thirdparty.io.grpc.StatusRuntimeException: UNAVAILABLE: io exception
2022-10-18 21:56:17,568 [grpc-default-executor-0] WARN  server.GrpcLogAppender (GrpcLogAppender.java:resetClient(111)) - omNode-1@group-523986131536->omNode-2-GrpcLogAppender: Leader has not got in touch with Follower omNode-1@group-523986131536->omNode-2(c-1,m0,n147, attendVote=true, lastRpcSendTime=4, lastRpcResponseTime=8469) yet, just keep nextIndex unchanged and retry.
2022-10-18 21:56:17,813 [grpc-default-executor-0] WARN  server.GrpcLogAppender (LogUtils.java:warn(122)) - omNode-1@group-523986131536->omNode-2-AppendLogResponseHandler: Failed appendEntries: org.apache.ratis.thirdparty.io.grpc.StatusRuntimeException: UNAVAILABLE: io exception
2022-10-18 21:56:17,814 [grpc-default-executor-0] WARN  server.GrpcLogAppender (GrpcLogAppender.java:resetClient(111)) - omNode-1@group-523986131536->omNode-2-GrpcLogAppender: Leader has not got in touch with Follower omNode-1@group-523986131536->omNode-2(c-1,m0,n147, attendVote=true, lastRpcSendTime=0, lastRpcResponseTime=8715) yet, just keep nextIndex unchanged and retry.
2022-10-18 21:56:18,063 [grpc-default-executor-0] WARN  server.GrpcLogAppender (LogUtils.java:warn(122)) - omNode-1@group-523986131536->omNode-2-AppendLogResponseHandler: Failed appendEntries: org.apache.ratis.thirdparty.io.grpc.StatusRuntimeException: UNAVAILABLE: io exception
2022-10-18 21:56:18,064 [grpc-default-executor-0] WARN  server.GrpcLogAppender (GrpcLogAppender.java:resetClient(111)) - omNode-1@group-523986131536->omNode-2-GrpcLogAppender: Leader has not got in touch with Follower omNode-1@group-523986131536->omNode-2(c-1,m0,n147, attendVote=true, lastRpcSendTime=0, lastRpcResponseTime=8965) yet, just keep nextIndex unchanged and retry.
2022-10-18 21:56:18,314 [grpc-default-executor-0] WARN  server.GrpcLogAppender (LogUtils.java:warn(122)) - omNode-1@group-523986131536->omNode-2-AppendLogResponseHandler: Failed appendEntries: org.apache.ratis.thirdparty.io.grpc.StatusRuntimeException: UNAVAILABLE: io exception
2022-10-18 21:56:18,314 [grpc-default-executor-0] WARN  server.GrpcLogAppender (GrpcLogAppender.java:resetClient(111)) - omNode-1@group-523986131536->omNode-2-GrpcLogAppender: Leader has not got in touch with Follower omNode-1@group-523986131536->omNode-2(c-1,m0,n147, attendVote=true, lastRpcSendTime=0, lastRpcResponseTime=9216) yet, just keep nextIndex unchanged and retry.
2022-10-18 21:56:18,564 [grpc-default-executor-0] WARN  server.GrpcLogAppender (LogUtils.java:warn(122)) - omNode-1@group-523986131536->omNode-2-AppendLogResponseHandler: Failed appendEntries: org.apache.ratis.thirdparty.io.grpc.StatusRuntimeException: UNAVAILABLE: io exception
2022-10-18 21:56:18,564 [grpc-default-executor-0] WARN  server.GrpcLogAppender (GrpcLogAppender.java:resetClient(111)) - omNode-1@group-523986131536->omNode-2-GrpcLogAppender: Leader has not got in touch with Follower omNode-1@group-523986131536->omNode-2(c-1,m0,n147, attendVote=true, lastRpcSendTime=0, lastRpcResponseTime=9466) yet, just keep nextIndex unchanged and retry.
2022-10-18 21:56:18,814 [grpc-default-executor-0] WARN  server.GrpcLogAppender (LogUtils.java:warn(122)) - omNode-1@group-523986131536->omNode-2-AppendLogResponseHandler: Failed appendEntries: org.apache.ratis.thirdparty.io.grpc.StatusRuntimeException: UNAVAILABLE: io exception
2022-10-18 21:56:18,814 [grpc-default-executor-0] WARN  server.GrpcLogAppender (GrpcLogAppender.java:resetClient(111)) - omNode-1@group-523986131536->omNode-2-GrpcLogAppender: Leader has not got in touch with Follower omNode-1@group-523986131536->omNode-2(c-1,m0,n147, attendVote=true, lastRpcSendTime=0, lastRpcResponseTime=9716) yet, just keep nextIndex unchanged and retry.
2022-10-18 21:56:19,064 [grpc-default-executor-0] WARN  server.GrpcLogAppender (LogUtils.java:warn(122)) - omNode-1@group-523986131536->omNode-2-AppendLogResponseHandler: Failed appendEntries: org.apache.ratis.thirdparty.io.grpc.StatusRuntimeException: UNAVAILABLE: io exception
2022-10-18 21:56:19,065 [grpc-default-executor-0] WARN  server.GrpcLogAppender (GrpcLogAppender.java:resetClient(111)) - omNode-1@group-523986131536->omNode-2-GrpcLogAppender: Leader has not got in touch with Follower omNode-1@group-523986131536->omNode-2(c-1,m0,n147, attendVote=true, lastRpcSendTime=0, lastRpcResponseTime=9966) yet, just keep nextIndex unchanged and retry.
2022-10-18 21:56:19,314 [grpc-default-executor-0] WARN  server.GrpcLogAppender (LogUtils.java:warn(122)) - omNode-1@group-523986131536->omNode-2-AppendLogResponseHandler: Failed appendEntries: org.apache.ratis.thirdparty.io.grpc.StatusRuntimeException: UNAVAILABLE: io exception
2022-10-18 21:56:19,315 [grpc-default-executor-0] WARN  server.GrpcLogAppender (GrpcLogAppender.java:resetClient(111)) - omNode-1@group-523986131536->omNode-2-GrpcLogAppender: Leader has not got in touch with Follower omNode-1@group-523986131536->omNode-2(c-1,m0,n147, attendVote=true, lastRpcSendTime=0, lastRpcResponseTime=10216) yet, just keep nextIndex unchanged and retry.
2022-10-18 21:56:19,315 [Listener at localhost/43229] INFO  retry.RetryInvocationHandler (RetryInvocationHandler.java:log(411)) - com.google.protobuf.ServiceException: java.net.ConnectException: Call From fv-az368-376/10.1.0.49 to localhost:39907 failed on connection exception: java.net.ConnectException: Connection refused; For more details see:  http://wiki.apache.org/hadoop/ConnectionRefused, while invoking $Proxy55.submitRequest over nodeId=omNode-1,nodeAddress=127.0.0.1:39907 after 3 failover attempts. Trying to failover immediately.
2022-10-18 21:56:19,316 [Listener at localhost/43229] INFO  retry.RetryInvocationHandler (RetryInvocationHandler.java:log(411)) - com.google.protobuf.ServiceException: java.net.ConnectException: Call From fv-az368-376/10.1.0.49 to localhost:45943 failed on connection exception: java.net.ConnectException: Connection refused; For more details see:  http://wiki.apache.org/hadoop/ConnectionRefused, while invoking $Proxy55.submitRequest over nodeId=omNode-2,nodeAddress=127.0.0.1:45943 after 4 failover attempts. Trying to failover immediately.
2022-10-18 21:56:19,318 [Listener at localhost/43229] ERROR ha.OMFailoverProxyProviderBase (OMFailoverProxyProviderBase.java:getRetryAction(211)) - Failed to connect to OMs: [omNode-1, omNode-2, omNode-3]. Attempted 5 failovers.
2022-10-18 21:56:19,326 [Listener at localhost/43229] INFO  rpc.RpcClient (RpcClient.java:createVolume(471)) - Creating Volume: volume52472, with user61883 as owner and space quota set to -1 bytes, counts quota set to -1
2022-10-18 21:56:19,327 [Listener at localhost/43229] INFO  retry.RetryInvocationHandler (RetryInvocationHandler.java:log(411)) - com.google.protobuf.ServiceException: org.apache.hadoop.ipc.RemoteException(org.apache.hadoop.ozone.om.exceptions.OMNotLeaderException): OM:omNode-3 is not the leader. Could not determine the leader node.
	at org.apache.hadoop.ozone.om.OzoneManager.checkLeaderStatus(OzoneManager.java:4115)
	at org.apache.hadoop.ozone.om.ratis.utils.OzoneManagerRatisUtils.checkLeaderStatus(OzoneManagerRatisUtils.java:446)
	at org.apache.hadoop.ozone.protocolPB.OzoneManagerProtocolServerSideTranslatorPB.processRequest(OzoneManagerProtocolServerSideTranslatorPB.java:181)
	at org.apache.hadoop.hdds.server.OzoneProtocolMessageDispatcher.processRequest(OzoneProtocolMessageDispatcher.java:87)
	at org.apache.hadoop.ozone.protocolPB.OzoneManagerProtocolServerSideTranslatorPB.submitRequest(OzoneManagerProtocolServerSideTranslatorPB.java:147)
	at org.apache.hadoop.ozone.protocol.proto.OzoneManagerProtocolProtos$OzoneManagerService$2.callBlockingMethod(OzoneManagerProtocolProtos.java)
	at org.apache.hadoop.ipc.ProtobufRpcEngine$Server.processCall(ProtobufRpcEngine.java:465)
	at org.apache.hadoop.ipc.ProtobufRpcEngine2$Server$ProtoBufRpcInvoker.call(ProtobufRpcEngine2.java:578)
	at org.apache.hadoop.ipc.ProtobufRpcEngine2$Server$ProtoBufRpcInvoker.call(ProtobufRpcEngine2.java:556)
	at org.apache.hadoop.ipc.RPC$Server.call(RPC.java:1093)
	at org.apache.hadoop.ipc.Server$RpcCall.run(Server.java:1043)
	at org.apache.hadoop.ipc.Server$RpcCall.run(Server.java:971)
	at java.security.AccessController.doPrivileged(Native Method)
	at javax.security.auth.Subject.doAs(Subject.java:422)
	at org.apache.hadoop.security.UserGroupInformation.doAs(UserGroupInformation.java:1878)
	at org.apache.hadoop.ipc.Server$Handler.run(Server.java:2976)
, while invoking $Proxy55.submitRequest over nodeId=omNode-3,nodeAddress=127.0.0.1:43229. Trying to failover after sleeping for 2000ms.
2022-10-18 21:56:19,568 [grpc-default-executor-3] WARN  server.GrpcLogAppender (LogUtils.java:warn(122)) - omNode-1@group-523986131536->omNode-2-AppendLogResponseHandler: Failed appendEntries: org.apache.ratis.thirdparty.io.grpc.StatusRuntimeException: UNAVAILABLE: io exception
2022-10-18 21:56:19,569 [grpc-default-executor-3] WARN  server.GrpcLogAppender (GrpcLogAppender.java:resetClient(111)) - omNode-1@group-523986131536->omNode-2-GrpcLogAppender: Leader has not got in touch with Follower omNode-1@group-523986131536->omNode-2(c-1,m0,n147, attendVote=true, lastRpcSendTime=4, lastRpcResponseTime=10470) yet, just keep nextIndex unchanged and retry.
2022-10-18 21:56:19,573 [Under Replicated Processor] INFO  replication.UnderReplicatedProcessor (UnderReplicatedProcessor.java:processAll(92)) - Processed 0 under replicated containers, failed processing 0
2022-10-18 21:56:19,573 [Over Replicated Processor] INFO  replication.OverReplicatedProcessor (OverReplicatedProcessor.java:processAll(90)) - Processed 0 over replicated containers, failed processing 0
2022-10-18 21:56:19,815 [grpc-default-executor-3] WARN  server.GrpcLogAppender (LogUtils.java:warn(122)) - omNode-1@group-523986131536->omNode-2-AppendLogResponseHandler: Failed appendEntries: org.apache.ratis.thirdparty.io.grpc.StatusRuntimeException: UNAVAILABLE: io exception
2022-10-18 21:56:19,815 [grpc-default-executor-3] WARN  server.GrpcLogAppender (GrpcLogAppender.java:resetClient(111)) - omNode-1@group-523986131536->omNode-2-GrpcLogAppender: Leader has not got in touch with Follower omNode-1@group-523986131536->omNode-2(c-1,m0,n147, attendVote=true, lastRpcSendTime=0, lastRpcResponseTime=10717) yet, just keep nextIndex unchanged and retry.
2022-10-18 21:56:20,065 [grpc-default-executor-3] WARN  server.GrpcLogAppender (LogUtils.java:warn(122)) - omNode-1@group-523986131536->omNode-2-AppendLogResponseHandler: Failed appendEntries: org.apache.ratis.thirdparty.io.grpc.StatusRuntimeException: UNAVAILABLE: io exception
2022-10-18 21:56:20,065 [grpc-default-executor-3] WARN  server.GrpcLogAppender (GrpcLogAppender.java:resetClient(111)) - omNode-1@group-523986131536->omNode-2-GrpcLogAppender: Leader has not got in touch with Follower omNode-1@group-523986131536->omNode-2(c-1,m0,n147, attendVote=true, lastRpcSendTime=0, lastRpcResponseTime=10967) yet, just keep nextIndex unchanged and retry.
2022-10-18 21:56:20,315 [grpc-default-executor-3] WARN  server.GrpcLogAppender (LogUtils.java:warn(122)) - omNode-1@group-523986131536->omNode-2-AppendLogResponseHandler: Failed appendEntries: org.apache.ratis.thirdparty.io.grpc.StatusRuntimeException: UNAVAILABLE: io exception
2022-10-18 21:56:20,315 [grpc-default-executor-3] WARN  server.GrpcLogAppender (GrpcLogAppender.java:resetClient(111)) - omNode-1@group-523986131536->omNode-2-GrpcLogAppender: Leader has not got in touch with Follower omNode-1@group-523986131536->omNode-2(c-1,m0,n147, attendVote=true, lastRpcSendTime=0, lastRpcResponseTime=11217) yet, just keep nextIndex unchanged and retry.
2022-10-18 21:56:20,565 [grpc-default-executor-3] WARN  server.GrpcLogAppender (LogUtils.java:warn(122)) - omNode-1@group-523986131536->omNode-2-AppendLogResponseHandler: Failed appendEntries: org.apache.ratis.thirdparty.io.grpc.StatusRuntimeException: UNAVAILABLE: io exception
2022-10-18 21:56:20,566 [grpc-default-executor-3] WARN  server.GrpcLogAppender (GrpcLogAppender.java:resetClient(111)) - omNode-1@group-523986131536->omNode-2-GrpcLogAppender: Leader has not got in touch with Follower omNode-1@group-523986131536->omNode-2(c-1,m0,n147, attendVote=true, lastRpcSendTime=0, lastRpcResponseTime=11467) yet, just keep nextIndex unchanged and retry.
2022-10-18 21:56:20,815 [grpc-default-executor-3] WARN  server.GrpcLogAppender (LogUtils.java:warn(122)) - omNode-1@group-523986131536->omNode-2-AppendLogResponseHandler: Failed appendEntries: org.apache.ratis.thirdparty.io.grpc.StatusRuntimeException: UNAVAILABLE: io exception
2022-10-18 21:56:20,816 [grpc-default-executor-3] WARN  server.GrpcLogAppender (GrpcLogAppender.java:resetClient(111)) - omNode-1@group-523986131536->omNode-2-GrpcLogAppender: Leader has not got in touch with Follower omNode-1@group-523986131536->omNode-2(c-1,m0,n147, attendVote=true, lastRpcSendTime=0, lastRpcResponseTime=11717) yet, just keep nextIndex unchanged and retry.
2022-10-18 21:56:21,065 [grpc-default-executor-3] WARN  server.GrpcLogAppender (LogUtils.java:warn(122)) - omNode-1@group-523986131536->omNode-2-AppendLogResponseHandler: Failed appendEntries: org.apache.ratis.thirdparty.io.grpc.StatusRuntimeException: UNAVAILABLE: io exception
2022-10-18 21:56:21,066 [grpc-default-executor-3] WARN  server.GrpcLogAppender (GrpcLogAppender.java:resetClient(111)) - omNode-1@group-523986131536->omNode-2-GrpcLogAppender: Leader has not got in touch with Follower omNode-1@group-523986131536->omNode-2(c-1,m0,n147, attendVote=true, lastRpcSendTime=0, lastRpcResponseTime=11968) yet, just keep nextIndex unchanged and retry.
2022-10-18 21:56:21,316 [grpc-default-executor-3] WARN  server.GrpcLogAppender (LogUtils.java:warn(122)) - omNode-1@group-523986131536->omNode-2-AppendLogResponseHandler: Failed appendEntries: org.apache.ratis.thirdparty.io.grpc.StatusRuntimeException: UNAVAILABLE: io exception
2022-10-18 21:56:21,316 [grpc-default-executor-3] WARN  server.GrpcLogAppender (GrpcLogAppender.java:resetClient(111)) - omNode-1@group-523986131536->omNode-2-GrpcLogAppender: Leader has not got in touch with Follower omNode-1@group-523986131536->omNode-2(c-1,m0,n147, attendVote=true, lastRpcSendTime=0, lastRpcResponseTime=12218) yet, just keep nextIndex unchanged and retry.
2022-10-18 21:56:21,328 [Listener at localhost/43229] INFO  retry.RetryInvocationHandler (RetryInvocationHandler.java:log(411)) - com.google.protobuf.ServiceException: java.net.ConnectException: Call From fv-az368-376/10.1.0.49 to localhost:39907 failed on connection exception: java.net.ConnectException: Connection refused; For more details see:  http://wiki.apache.org/hadoop/ConnectionRefused, while invoking $Proxy55.submitRequest over nodeId=omNode-1,nodeAddress=127.0.0.1:39907 after 1 failover attempts. Trying to failover immediately.
2022-10-18 21:56:21,329 [Listener at localhost/43229] INFO  retry.RetryInvocationHandler (RetryInvocationHandler.java:log(411)) - com.google.protobuf.ServiceException: java.net.ConnectException: Call From fv-az368-376/10.1.0.49 to localhost:45943 failed on connection exception: java.net.ConnectException: Connection refused; For more details see:  http://wiki.apache.org/hadoop/ConnectionRefused, while invoking $Proxy55.submitRequest over nodeId=omNode-2,nodeAddress=127.0.0.1:45943 after 2 failover attempts. Trying to failover immediately.
2022-10-18 21:56:21,331 [Listener at localhost/43229] INFO  retry.RetryInvocationHandler (RetryInvocationHandler.java:log(411)) - com.google.protobuf.ServiceException: org.apache.hadoop.ipc.RemoteException(org.apache.hadoop.ozone.om.exceptions.OMNotLeaderException): OM:omNode-3 is not the leader. Could not determine the leader node.
	at org.apache.hadoop.ozone.om.OzoneManager.checkLeaderStatus(OzoneManager.java:4115)
	at org.apache.hadoop.ozone.om.ratis.utils.OzoneManagerRatisUtils.checkLeaderStatus(OzoneManagerRatisUtils.java:446)
	at org.apache.hadoop.ozone.protocolPB.OzoneManagerProtocolServerSideTranslatorPB.processRequest(OzoneManagerProtocolServerSideTranslatorPB.java:181)
	at org.apache.hadoop.hdds.server.OzoneProtocolMessageDispatcher.processRequest(OzoneProtocolMessageDispatcher.java:87)
	at org.apache.hadoop.ozone.protocolPB.OzoneManagerProtocolServerSideTranslatorPB.submitRequest(OzoneManagerProtocolServerSideTranslatorPB.java:147)
	at org.apache.hadoop.ozone.protocol.proto.OzoneManagerProtocolProtos$OzoneManagerService$2.callBlockingMethod(OzoneManagerProtocolProtos.java)
	at org.apache.hadoop.ipc.ProtobufRpcEngine$Server.processCall(ProtobufRpcEngine.java:465)
	at org.apache.hadoop.ipc.ProtobufRpcEngine2$Server$ProtoBufRpcInvoker.call(ProtobufRpcEngine2.java:578)
	at org.apache.hadoop.ipc.ProtobufRpcEngine2$Server$ProtoBufRpcInvoker.call(ProtobufRpcEngine2.java:556)
	at org.apache.hadoop.ipc.RPC$Server.call(RPC.java:1093)
	at org.apache.hadoop.ipc.Server$RpcCall.run(Server.java:1043)
	at org.apache.hadoop.ipc.Server$RpcCall.run(Server.java:971)
	at java.security.AccessController.doPrivileged(Native Method)
	at javax.security.auth.Subject.doAs(Subject.java:422)
	at org.apache.hadoop.security.UserGroupInformation.doAs(UserGroupInformation.java:1878)
	at org.apache.hadoop.ipc.Server$Handler.run(Server.java:2976)
, while invoking $Proxy55.submitRequest over nodeId=omNode-3,nodeAddress=127.0.0.1:43229 after 3 failover attempts. Trying to failover after sleeping for 2000ms.
2022-10-18 21:56:21,566 [grpc-default-executor-3] WARN  server.GrpcLogAppender (LogUtils.java:warn(122)) - omNode-1@group-523986131536->omNode-2-AppendLogResponseHandler: Failed appendEntries: org.apache.ratis.thirdparty.io.grpc.StatusRuntimeException: UNAVAILABLE: io exception
2022-10-18 21:56:21,566 [grpc-default-executor-3] WARN  server.GrpcLogAppender (GrpcLogAppender.java:resetClient(111)) - omNode-1@group-523986131536->omNode-2-GrpcLogAppender: Leader has not got in touch with Follower omNode-1@group-523986131536->omNode-2(c-1,m0,n147, attendVote=true, lastRpcSendTime=0, lastRpcResponseTime=12468) yet, just keep nextIndex unchanged and retry.
2022-10-18 21:56:21,816 [grpc-default-executor-3] WARN  server.GrpcLogAppender (LogUtils.java:warn(122)) - omNode-1@group-523986131536->omNode-2-AppendLogResponseHandler: Failed appendEntries: org.apache.ratis.thirdparty.io.grpc.StatusRuntimeException: UNAVAILABLE: io exception
2022-10-18 21:56:21,816 [grpc-default-executor-3] WARN  server.GrpcLogAppender (GrpcLogAppender.java:resetClient(111)) - omNode-1@group-523986131536->omNode-2-GrpcLogAppender: Leader has not got in touch with Follower omNode-1@group-523986131536->omNode-2(c-1,m0,n147, attendVote=true, lastRpcSendTime=0, lastRpcResponseTime=12718) yet, just keep nextIndex unchanged and retry.
2022-10-18 21:56:22,066 [grpc-default-executor-0] WARN  server.GrpcLogAppender (LogUtils.java:warn(122)) - omNode-1@group-523986131536->omNode-2-AppendLogResponseHandler: Failed appendEntries: org.apache.ratis.thirdparty.io.grpc.StatusRuntimeException: UNAVAILABLE: io exception
2022-10-18 21:56:22,067 [grpc-default-executor-0] WARN  server.GrpcLogAppender (GrpcLogAppender.java:resetClient(111)) - omNode-1@group-523986131536->omNode-2-GrpcLogAppender: Leader has not got in touch with Follower omNode-1@group-523986131536->omNode-2(c-1,m0,n147, attendVote=true, lastRpcSendTime=0, lastRpcResponseTime=12968) yet, just keep nextIndex unchanged and retry.
2022-10-18 21:56:22,316 [grpc-default-executor-0] WARN  server.GrpcLogAppender (LogUtils.java:warn(122)) - omNode-1@group-523986131536->omNode-2-AppendLogResponseHandler: Failed appendEntries: org.apache.ratis.thirdparty.io.grpc.StatusRuntimeException: UNAVAILABLE: io exception
2022-10-18 21:56:22,317 [grpc-default-executor-0] WARN  server.GrpcLogAppender (GrpcLogAppender.java:resetClient(111)) - omNode-1@group-523986131536->omNode-2-GrpcLogAppender: Leader has not got in touch with Follower omNode-1@group-523986131536->omNode-2(c-1,m0,n147, attendVote=true, lastRpcSendTime=0, lastRpcResponseTime=13219) yet, just keep nextIndex unchanged and retry.
2022-10-18 21:56:22,567 [grpc-default-executor-0] WARN  server.GrpcLogAppender (LogUtils.java:warn(122)) - omNode-1@group-523986131536->omNode-2-AppendLogResponseHandler: Failed appendEntries: org.apache.ratis.thirdparty.io.grpc.StatusRuntimeException: UNAVAILABLE: io exception
2022-10-18 21:56:22,567 [grpc-default-executor-0] WARN  server.GrpcLogAppender (GrpcLogAppender.java:resetClient(111)) - omNode-1@group-523986131536->omNode-2-GrpcLogAppender: Leader has not got in touch with Follower omNode-1@group-523986131536->omNode-2(c-1,m0,n147, attendVote=true, lastRpcSendTime=0, lastRpcResponseTime=13469) yet, just keep nextIndex unchanged and retry.
2022-10-18 21:56:22,817 [grpc-default-executor-0] WARN  server.GrpcLogAppender (LogUtils.java:warn(122)) - omNode-1@group-523986131536->omNode-2-AppendLogResponseHandler: Failed appendEntries: org.apache.ratis.thirdparty.io.grpc.StatusRuntimeException: UNAVAILABLE: io exception
2022-10-18 21:56:22,817 [grpc-default-executor-0] WARN  server.GrpcLogAppender (GrpcLogAppender.java:resetClient(111)) - omNode-1@group-523986131536->omNode-2-GrpcLogAppender: Leader has not got in touch with Follower omNode-1@group-523986131536->omNode-2(c-1,m0,n147, attendVote=true, lastRpcSendTime=0, lastRpcResponseTime=13719) yet, just keep nextIndex unchanged and retry.
2022-10-18 21:56:23,067 [grpc-default-executor-0] WARN  server.GrpcLogAppender (LogUtils.java:warn(122)) - omNode-1@group-523986131536->omNode-2-AppendLogResponseHandler: Failed appendEntries: org.apache.ratis.thirdparty.io.grpc.StatusRuntimeException: UNAVAILABLE: io exception
2022-10-18 21:56:23,067 [grpc-default-executor-0] WARN  server.GrpcLogAppender (GrpcLogAppender.java:resetClient(111)) - omNode-1@group-523986131536->omNode-2-GrpcLogAppender: Leader has not got in touch with Follower omNode-1@group-523986131536->omNode-2(c-1,m0,n147, attendVote=true, lastRpcSendTime=0, lastRpcResponseTime=13969) yet, just keep nextIndex unchanged and retry.
2022-10-18 21:56:23,317 [grpc-default-executor-0] WARN  server.GrpcLogAppender (LogUtils.java:warn(122)) - omNode-1@group-523986131536->omNode-2-AppendLogResponseHandler: Failed appendEntries: org.apache.ratis.thirdparty.io.grpc.StatusRuntimeException: UNAVAILABLE: io exception
2022-10-18 21:56:23,318 [grpc-default-executor-0] WARN  server.GrpcLogAppender (GrpcLogAppender.java:resetClient(111)) - omNode-1@group-523986131536->omNode-2-GrpcLogAppender: Leader has not got in touch with Follower omNode-1@group-523986131536->omNode-2(c-1,m0,n147, attendVote=true, lastRpcSendTime=0, lastRpcResponseTime=14219) yet, just keep nextIndex unchanged and retry.
2022-10-18 21:56:23,332 [Listener at localhost/43229] INFO  retry.RetryInvocationHandler (RetryInvocationHandler.java:log(411)) - com.google.protobuf.ServiceException: java.net.ConnectException: Call From fv-az368-376/10.1.0.49 to localhost:39907 failed on connection exception: java.net.ConnectException: Connection refused; For more details see:  http://wiki.apache.org/hadoop/ConnectionRefused, while invoking $Proxy55.submitRequest over nodeId=omNode-1,nodeAddress=127.0.0.1:39907 after 4 failover attempts. Trying to failover immediately.
2022-10-18 21:56:23,332 [Listener at localhost/43229] ERROR ha.OMFailoverProxyProviderBase (OMFailoverProxyProviderBase.java:getRetryAction(211)) - Failed to connect to OMs: [omNode-1, omNode-2, omNode-3]. Attempted 5 failovers.
2022-10-18 21:56:23,334 [Listener at localhost/43229] INFO  om.OzoneManager (OzoneManager.java:stop(2034)) - omNode-3[localhost:43229]: Stopping Ozone Manager
2022-10-18 21:56:23,335 [Listener at localhost/43229] INFO  ipc.Server (Server.java:stop(3428)) - Stopping server on 43229
2022-10-18 21:56:23,335 [IPC Server listener on 43229] INFO  ipc.Server (Server.java:run(1384)) - Stopping IPC Server listener on 43229
2022-10-18 21:56:23,337 [IPC Server Responder] INFO  ipc.Server (Server.java:run(1517)) - Stopping IPC Server Responder
2022-10-18 21:56:23,339 [Listener at localhost/43229] INFO  server.RaftServer (RaftServerProxy.java:lambda$close$7(398)) - omNode-3: close
2022-10-18 21:56:23,339 [Listener at localhost/43229] INFO  server.RaftServer$Division (RaftServerImpl.java:lambda$close$4(434)) - omNode-3@group-523986131536: shutdown
2022-10-18 21:56:23,339 [Listener at localhost/43229] INFO  util.JmxRegister (JmxRegister.java:unregister(73)) - Successfully un-registered JMX Bean with object name Ratis:service=RaftServer,group=group-523986131536,id=omNode-3
2022-10-18 21:56:23,339 [Listener at localhost/43229] INFO  impl.RoleInfo (RoleInfo.java:shutdownFollowerState(110)) - omNode-3: shutdown omNode-3@group-523986131536-FollowerState
2022-10-18 21:56:23,339 [Listener at localhost/43229] INFO  impl.StateMachineUpdater (StateMachineUpdater.java:stopAndJoin(153)) - omNode-3@group-523986131536-StateMachineUpdater: set stopIndex = 146
2022-10-18 21:56:23,339 [omNode-3@group-523986131536-FollowerState] INFO  impl.FollowerState (FollowerState.java:run(152)) - omNode-3@group-523986131536-FollowerState was interrupted
2022-10-18 21:56:23,340 [omNode-3@group-523986131536-StateMachineUpdater] INFO  ratis.OzoneManagerStateMachine (OzoneManagerStateMachine.java:takeSnapshot(441)) - Current Snapshot Index (t:6, i:146)
2022-10-18 21:56:23,340 [omNode-3@group-523986131536-StateMachineUpdater] INFO  impl.StateMachineUpdater (StateMachineUpdater.java:takeSnapshot(287)) - omNode-3@group-523986131536-StateMachineUpdater: Took a snapshot at index 146
2022-10-18 21:56:23,340 [omNode-3@group-523986131536-StateMachineUpdater] INFO  impl.StateMachineUpdater (StateMachineUpdater.java:lambda$new$0(92)) - omNode-3@group-523986131536-StateMachineUpdater: snapshotIndex: updateIncreasingly 143 -> 146
2022-10-18 21:56:23,340 [omNode-3@group-523986131536-StateMachineUpdater] INFO  raftlog.RaftLog (RaftLogBase.java:purge(308)) - omNode-3@group-523986131536-SegmentedRaftLog: purge 146
2022-10-18 21:56:23,340 [omNode-3@group-523986131536-StateMachineUpdater] INFO  raftlog.RaftLog (RaftLogBase.java:lambda$new$0(53)) - omNode-3@group-523986131536-SegmentedRaftLog: snapshotIndex: updateIncreasingly 143 -> 146
2022-10-18 21:56:23,340 [omNode-3@group-523986131536-StateMachineUpdater] INFO  ratis.OzoneManagerStateMachine (OzoneManagerStateMachine.java:close(495)) - StateMachine has shutdown. Shutdown OzoneManager if not already shutdown.
2022-10-18 21:56:23,340 [omNode-3@group-523986131536-StateMachineUpdater] INFO  ratis.OzoneManagerDoubleBuffer (OzoneManagerDoubleBuffer.java:stop(466)) - Stopping OMDoubleBuffer flush thread
2022-10-18 21:56:23,340 [OMDoubleBufferFlushThread] INFO  ratis.OzoneManagerDoubleBuffer (OzoneManagerDoubleBuffer.java:flushTransactions(385)) - OMDoubleBuffer flush thread OMDoubleBufferFlushThread is interrupted and will exit.
2022-10-18 21:56:23,340 [omNode-3@group-523986131536-SegmentedRaftLogWorker] INFO  raftlog.RaftLog (RaftLogBase.java:lambda$new$0(53)) - omNode-3@group-523986131536-SegmentedRaftLog: purgeIndex: updateToMax old=30, new=144, updated? true
2022-10-18 21:56:23,341 [Listener at localhost/43229] INFO  server.RaftServer$Division (ServerState.java:close(429)) - omNode-3@group-523986131536: closes. applyIndex: 146
2022-10-18 21:56:23,341 [omNode-3@group-523986131536-SegmentedRaftLogWorker] INFO  segmented.SegmentedRaftLogWorker (SegmentedRaftLogWorker.java:run(336)) - omNode-3@group-523986131536-SegmentedRaftLogWorker was interrupted, exiting. There are 0 tasks remaining in the queue.
2022-10-18 21:56:23,342 [Listener at localhost/43229] INFO  segmented.SegmentedRaftLogWorker (SegmentedRaftLogWorker.java:close(246)) - omNode-3@group-523986131536-SegmentedRaftLogWorker close()
2022-10-18 21:56:23,343 [Listener at localhost/43229] INFO  server.GrpcService (GrpcService.java:closeImpl(269)) - omNode-3: shutdown server with port 38017 now
2022-10-18 21:56:23,344 [Listener at localhost/43229] INFO  server.GrpcService (GrpcService.java:closeImpl(278)) - omNode-3: shutdown server with port 38017 successfully
2022-10-18 21:56:23,344 [grpc-default-executor-3] WARN  server.GrpcServerProtocolService (LogUtils.java:warn(122)) - omNode-3: installSnapshot onError, lastRequest: omNode-1->omNode-3#6-t6,previous=(t:6, i:145),leaderCommit=145,initializing? true,entries: size=1, first=(t:6, i:146), METADATAENTRY(c:145): org.apache.ratis.thirdparty.io.grpc.StatusRuntimeException: CANCELLED: client cancelled
2022-10-18 21:56:23,344 [org.apache.ratis.util.JvmPauseMonitor$$Lambda$703/854163851@19dd4e94] INFO  util.JvmPauseMonitor (JvmPauseMonitor.java:run(109)) - JvmPauseMonitor-omNode-3: Stopped
2022-10-18 21:56:23,344 [grpc-default-executor-0] WARN  server.GrpcLogAppender (LogUtils.java:warn(122)) - omNode-1@group-523986131536->omNode-3-AppendLogResponseHandler: Failed appendEntries: org.apache.ratis.thirdparty.io.grpc.StatusRuntimeException: CANCELLED: RST_STREAM closed stream. HTTP/2 error code: CANCEL
2022-10-18 21:56:23,345 [grpc-default-executor-0] INFO  leader.FollowerInfo (FollowerInfoImpl.java:lambda$new$0(48)) - omNode-1@group-523986131536->omNode-3: nextIndex: updateUnconditionally 147 -> 146
2022-10-18 21:56:23,345 [Listener at localhost/43229] INFO  ratis.OzoneManagerStateMachine (OzoneManagerStateMachine.java:close(495)) - StateMachine has shutdown. Shutdown OzoneManager if not already shutdown.
2022-10-18 21:56:23,345 [Listener at localhost/43229] INFO  ratis.OzoneManagerDoubleBuffer (OzoneManagerDoubleBuffer.java:stop(478)) - OMDoubleBuffer flush thread is not running.
2022-10-18 21:56:23,345 [Listener at localhost/43229] INFO  utils.BackgroundService (BackgroundService.java:shutdown(141)) - Shutting down service KeyDeletingService
2022-10-18 21:56:23,345 [Listener at localhost/43229] INFO  utils.BackgroundService (BackgroundService.java:shutdown(141)) - Shutting down service DirectoryDeletingService
2022-10-18 21:56:23,345 [Listener at localhost/43229] INFO  utils.BackgroundService (BackgroundService.java:shutdown(141)) - Shutting down service OpenKeyCleanupService
2022-10-18 21:56:23,346 [Listener at localhost/43229] INFO  handler.ContextHandler (ContextHandler.java:doStop(1153)) - Stopped o.e.j.w.WebAppContext@23c54fbb{ozoneManager,/,null,STOPPED}{file:/home/runner/work/ozone/ozone/hadoop-ozone/integration-test/target/test-classes/webapps/ozoneManager}
2022-10-18 21:56:23,346 [Listener at localhost/43229] INFO  server.AbstractConnector (AbstractConnector.java:doStop(381)) - Stopped ServerConnector@4fe38779{HTTP/1.1, (http/1.1)}{0.0.0.0:35093}
2022-10-18 21:56:23,346 [Listener at localhost/43229] INFO  server.session (HouseKeeper.java:stopScavenging(149)) - node0 Stopped scavenging
2022-10-18 21:56:23,346 [Listener at localhost/43229] INFO  handler.ContextHandler (ContextHandler.java:doStop(1153)) - Stopped o.e.j.s.ServletContextHandler@3b1ff451{static,/static,file:///home/runner/work/ozone/ozone/hadoop-ozone/integration-test/target/test-classes/webapps/static,STOPPED}
2022-10-18 21:56:23,347 [Listener at localhost/43229] INFO  handler.ContextHandler (ContextHandler.java:doStop(1153)) - Stopped o.e.j.s.ServletContextHandler@40eb2592{logs,/logs,file:///home/runner/work/ozone/ozone/hadoop-ozone/integration-test/target/log,STOPPED}
2022-10-18 21:56:23,351 [Listener at localhost/43229] INFO  om.OzoneManager (OzoneManager.java:restart(1571)) - OzoneManager RPC server is listening at localhost/127.0.0.1:43229
2022-10-18 21:56:23,351 [Listener at localhost/43229] INFO  impl.MetricsSystemImpl (MetricsSystemImpl.java:init(158)) - OzoneManager metrics system started (again)
2022-10-18 21:56:23,352 [grpc-default-executor-3] WARN  server.GrpcLogAppender (LogUtils.java:warn(122)) - omNode-1@group-523986131536->omNode-3-AppendLogResponseHandler: Failed appendEntries: org.apache.ratis.thirdparty.io.grpc.StatusRuntimeException: UNAVAILABLE: io exception
2022-10-18 21:56:23,352 [grpc-default-executor-3] INFO  leader.FollowerInfo (FollowerInfoImpl.java:lambda$new$0(48)) - omNode-1@group-523986131536->omNode-3: nextIndex: updateUnconditionally 147 -> 146
2022-10-18 21:56:23,361 [Listener at localhost/43229] WARN  server.ServerUtils (ServerUtils.java:getDBPath(225)) - ozone.om.db.dirs is not configured. We recommend adding this setting. Falling back to ozone.metadata.dirs instead.
2022-10-18 21:56:23,361 [Listener at localhost/43229] INFO  codec.OmKeyInfoCodec (OmKeyInfoCodec.java:<init>(49)) - OmKeyInfoCodec ignorePipeline = true
2022-10-18 21:56:23,361 [Listener at localhost/43229] INFO  codec.RepeatedOmKeyInfoCodec (RepeatedOmKeyInfoCodec.java:<init>(41)) - RepeatedOmKeyInfoCodec ignorePipeline = true
2022-10-18 21:56:23,388 [grpc-default-executor-3] WARN  server.GrpcLogAppender (LogUtils.java:warn(122)) - omNode-1@group-523986131536->omNode-3-AppendLogResponseHandler: Failed appendEntries: org.apache.ratis.thirdparty.io.grpc.StatusRuntimeException: UNAVAILABLE: io exception
2022-10-18 21:56:23,388 [grpc-default-executor-3] INFO  leader.FollowerInfo (FollowerInfoImpl.java:lambda$new$0(48)) - omNode-1@group-523986131536->omNode-3: nextIndex: updateUnconditionally 147 -> 146
2022-10-18 21:56:23,388 [Listener at localhost/43229] INFO  om.OzoneManager (OzoneManager.java:instantiateServices(712)) - S3 Multi-Tenancy is disabled
2022-10-18 21:56:23,390 [Listener at localhost/43229] WARN  server.ServerUtils (ServerUtils.java:getDefaultRatisDirectory(237)) - Storage directory for Ratis is not configured. It is a good idea to map this to an SSD disk. Falling back to ozone.metadata.dirs
2022-10-18 21:56:23,391 [Listener at localhost/43229] INFO  ratis.OzoneManagerRatisServer (OzoneManagerRatisServer.java:<init>(160)) - Instantiating OM Ratis server with groupID: om-service-test1 and peers: localhost:38017, localhost:35389, localhost:45203
2022-10-18 21:56:23,391 [Listener at localhost/43229] INFO  ratis.OzoneManagerStateMachine (OzoneManagerStateMachine.java:loadSnapshotInfoFromDB(632)) - LastAppliedIndex is set from TransactionInfo from OM DB as (t:6, i:146)
2022-10-18 21:56:23,392 [Listener at localhost/43229] INFO  server.RaftServer (ConfUtils.java:logGet(46)) - raft.rpc.type = GRPC (default)
2022-10-18 21:56:23,392 [Listener at localhost/43229] INFO  grpc.GrpcFactory (GrpcFactory.java:checkPooledByteBufAllocatorUseCacheForAllThreads(48)) - PERFORMANCE WARNING: useCacheForAllThreads is true that may cause Netty to create a lot garbage objects and, as a result, trigger GC.
	It is recommended to disable useCacheForAllThreads by setting -Dorg.apache.ratis.thirdparty.io.netty.allocator.useCacheForAllThreads=false in command line.
2022-10-18 21:56:23,392 [Listener at localhost/43229] INFO  grpc.GrpcConfigKeys (ConfUtils.java:logGet(46)) - raft.grpc.admin.port = -1 (default)
2022-10-18 21:56:23,392 [Listener at localhost/43229] INFO  grpc.GrpcConfigKeys (ConfUtils.java:logGet(46)) - raft.grpc.server.port = 38017 (custom)
2022-10-18 21:56:23,393 [Listener at localhost/43229] INFO  grpc.GrpcConfigKeys (ConfUtils.java:logGet(46)) - raft.grpc.client.port = -1 (default)
2022-10-18 21:56:23,393 [Listener at localhost/43229] INFO  grpc.GrpcConfigKeys (ConfUtils.java:logGet(46)) - raft.grpc.server.port = 38017 (custom)
2022-10-18 21:56:23,393 [Listener at localhost/43229] INFO  grpc.GrpcConfigKeys (ConfUtils.java:logGet(46)) - raft.grpc.server.port = 38017 (custom)
2022-10-18 21:56:23,393 [Listener at localhost/43229] INFO  server.GrpcService (ConfUtils.java:logGet(46)) - raft.grpc.message.size.max = 33554432 (custom)
2022-10-18 21:56:23,393 [Listener at localhost/43229] INFO  server.RaftServerConfigKeys (ConfUtils.java:logGet(46)) - raft.server.log.appender.buffer.byte-limit = 33554432 (custom)
2022-10-18 21:56:23,393 [Listener at localhost/43229] INFO  server.GrpcService (ConfUtils.java:logGet(46)) - raft.grpc.flow.control.window = 1MB (=1048576) (default)
2022-10-18 21:56:23,393 [Listener at localhost/43229] INFO  server.RaftServerConfigKeys (ConfUtils.java:logGet(46)) - raft.server.rpc.request.timeout = 3000ms (default)
2022-10-18 21:56:23,394 [Listener at localhost/43229] INFO  grpc.GrpcConfigKeys (ConfUtils.java:logGet(46)) - raft.grpc.server.async.request.thread.pool.cached = true (default)
2022-10-18 21:56:23,394 [Listener at localhost/43229] INFO  grpc.GrpcConfigKeys (ConfUtils.java:logGet(46)) - raft.grpc.server.async.request.thread.pool.size = 32 (default)
2022-10-18 21:56:23,395 [Listener at localhost/43229] INFO  impl.DataStreamServerImpl (ConfUtils.java:logGet(46)) - raft.datastream.type = DISABLED (default)
2022-10-18 21:56:23,395 [Listener at localhost/43229] INFO  server.RaftServerConfigKeys (ConfUtils.java:logGet(46)) - raft.server.threadpool.proxy.cached = true (default)
2022-10-18 21:56:23,395 [Listener at localhost/43229] INFO  server.RaftServerConfigKeys (ConfUtils.java:logGet(46)) - raft.server.threadpool.proxy.size = 0 (default)
2022-10-18 21:56:23,395 [Listener at localhost/43229] INFO  server.RaftServerConfigKeys (ConfUtils.java:logGet(46)) - raft.server.rpc.slowness.timeout = 2s (custom)
2022-10-18 21:56:23,396 [Listener at localhost/43229] INFO  server.RaftServerConfigKeys (ConfUtils.java:logGet(46)) - raft.server.leaderelection.leader.step-down.wait-time = 10s (default)
2022-10-18 21:56:23,396 [Listener at localhost/43229] INFO  server.RaftServerConfigKeys (ConfUtils.java:logGet(46)) - raft.server.storage.dir = [/home/runner/work/ozone/ozone/hadoop-ozone/integration-test/target/test-dir/MiniOzoneClusterImpl-285291dc-83a3-4c49-94f6-5e759e1760ea/omNode-3/ratis] (custom)
2022-10-18 21:56:23,396 [omNode-3-impl-thread1] INFO  server.RaftServer (RaftServerProxy.java:initGroupDir(247)) - omNode-3: found a subdirectory /home/runner/work/ozone/ozone/hadoop-ozone/integration-test/target/test-dir/MiniOzoneClusterImpl-285291dc-83a3-4c49-94f6-5e759e1760ea/omNode-3/ratis/c9bc4cf4-3bc3-3c60-a66b-523986131536
2022-10-18 21:56:23,398 [Listener at localhost/43229] INFO  server.RaftServer (RaftServerProxy.java:addNew(96)) - omNode-3: addNew group-523986131536:[omNode-3|rpc:localhost:38017|priority:0, omNode-1|rpc:localhost:35389|priority:0, omNode-2|rpc:localhost:45203|priority:0] returns group-523986131536:java.util.concurrent.CompletableFuture@4a00533a[Not completed]
2022-10-18 21:56:23,398 [Listener at localhost/43229] INFO  om.OzoneManager (OzoneManager.java:initializeRatisServer(1975)) - OzoneManager Ratis server initialized at port 38017
2022-10-18 21:56:23,398 [pool-491-thread-1] INFO  server.RaftServer$Division (RaftServerImpl.java:<init>(190)) - omNode-3: new RaftServerImpl for group-523986131536:[omNode-3|rpc:localhost:38017|priority:0, omNode-1|rpc:localhost:35389|priority:0, omNode-2|rpc:localhost:45203|priority:0] with OzoneManagerStateMachine:uninitialized
2022-10-18 21:56:23,398 [Listener at localhost/43229] INFO  ratis.OzoneManagerRatisServer (OzoneManagerRatisServer.java:start(555)) - Starting OzoneManagerRatisServer omNode-3 at port 38017
2022-10-18 21:56:23,398 [pool-491-thread-1] INFO  server.RaftServerConfigKeys (ConfUtils.java:logGet(46)) - raft.server.rpc.timeout.min = 1s (custom)
2022-10-18 21:56:23,398 [pool-491-thread-1] INFO  server.RaftServerConfigKeys (ConfUtils.java:logGet(46)) - raft.server.rpc.timeout.max = 1200ms (custom)
2022-10-18 21:56:23,398 [pool-491-thread-1] INFO  server.RaftServerConfigKeys (ConfUtils.java:logGet(46)) - raft.server.rpc.sleep.time = 25ms (default)
2022-10-18 21:56:23,398 [pool-491-thread-1] INFO  server.RaftServerConfigKeys (ConfUtils.java:logGet(46)) - raft.server.rpc.slowness.timeout = 2s (custom)
2022-10-18 21:56:23,398 [pool-491-thread-1] INFO  server.RaftServerConfigKeys (ConfUtils.java:logGet(46)) - raft.server.leaderelection.leader.step-down.wait-time = 10s (default)
2022-10-18 21:56:23,398 [pool-491-thread-1] INFO  server.RaftServerConfigKeys (ConfUtils.java:logGet(46)) - raft.server.sleep.deviation.threshold = 300ms (default)
2022-10-18 21:56:23,398 [pool-491-thread-1] INFO  server.RaftServer$Division (ServerState.java:<init>(107)) - omNode-3@group-523986131536: ConfigurationManager, init=-1: [omNode-3|rpc:localhost:38017|priority:0, omNode-1|rpc:localhost:35389|priority:0, omNode-2|rpc:localhost:45203|priority:0], old=null, confs=<EMPTY_MAP>
2022-10-18 21:56:23,398 [pool-491-thread-1] INFO  server.RaftServerConfigKeys (ConfUtils.java:logGet(46)) - raft.server.storage.dir = [/home/runner/work/ozone/ozone/hadoop-ozone/integration-test/target/test-dir/MiniOzoneClusterImpl-285291dc-83a3-4c49-94f6-5e759e1760ea/omNode-3/ratis] (custom)
2022-10-18 21:56:23,398 [pool-491-thread-1] INFO  server.RaftServerConfigKeys (ConfUtils.java:logGet(46)) - raft.server.log.corruption.policy = EXCEPTION (default)
2022-10-18 21:56:23,399 [pool-491-thread-1] INFO  server.RaftServerConfigKeys (ConfUtils.java:logGet(46)) - raft.server.storage.free-space.min = 0MB (=0) (default)
2022-10-18 21:56:23,399 [pool-491-thread-1] INFO  storage.RaftStorageDirectory (RaftStorageDirectoryImpl.java:tryLock(230)) - Lock on /home/runner/work/ozone/ozone/hadoop-ozone/integration-test/target/test-dir/MiniOzoneClusterImpl-285291dc-83a3-4c49-94f6-5e759e1760ea/omNode-3/ratis/c9bc4cf4-3bc3-3c60-a66b-523986131536/in_use.lock acquired by nodename 38880@fv-az368-376
2022-10-18 21:56:23,399 [pool-491-thread-1] INFO  storage.RaftStorage (RaftStorageImpl.java:analyzeAndRecoverStorage(110)) - Read RaftStorageMetadata{term=6, votedFor=omNode-1} from /home/runner/work/ozone/ozone/hadoop-ozone/integration-test/target/test-dir/MiniOzoneClusterImpl-285291dc-83a3-4c49-94f6-5e759e1760ea/omNode-3/ratis/c9bc4cf4-3bc3-3c60-a66b-523986131536/current/raft-meta
2022-10-18 21:56:23,400 [pool-491-thread-1] INFO  server.RaftServer$Division (ServerState.java:setRaftConf(393)) - omNode-3@group-523986131536: set configuration 145: [omNode-3|rpc:localhost:38017|admin:|client:|dataStream:|priority:0, omNode-1|rpc:localhost:35389|admin:|client:|dataStream:|priority:0, omNode-2|rpc:localhost:45203|admin:|client:|dataStream:|priority:0], old=null
2022-10-18 21:56:23,400 [pool-491-thread-1] INFO  server.RaftServerConfigKeys (ConfUtils.java:logGet(46)) - raft.server.notification.no-leader.timeout = 2s (custom)
2022-10-18 21:56:23,400 [pool-491-thread-1] INFO  server.RaftServerConfigKeys (ConfUtils.java:logGet(46)) - raft.server.log.use.memory = false (default)
2022-10-18 21:56:23,400 [pool-491-thread-1] INFO  server.RaftServerConfigKeys (ConfUtils.java:logGet(46)) - raft.server.log.purge.gap = 50 (custom)
2022-10-18 21:56:23,400 [pool-491-thread-1] INFO  server.RaftServerConfigKeys (ConfUtils.java:logGet(46)) - raft.server.log.appender.buffer.byte-limit = 33554432 (custom)
2022-10-18 21:56:23,400 [pool-491-thread-1] INFO  server.RaftServerConfigKeys (ConfUtils.java:logGet(46)) - raft.server.log.statemachine.data.read.timeout = 1000ms (default)
2022-10-18 21:56:23,400 [pool-491-thread-1] INFO  server.RaftServerConfigKeys (ConfUtils.java:logGet(46)) - raft.server.log.segment.size.max = 4194304 (custom)
2022-10-18 21:56:23,400 [pool-491-thread-1] INFO  server.RaftServerConfigKeys (ConfUtils.java:logGet(46)) - raft.server.log.segment.cache.num.max = 2 (custom)
2022-10-18 21:56:23,400 [pool-491-thread-1] INFO  server.RaftServerConfigKeys (ConfUtils.java:logGet(46)) - raft.server.log.segment.cache.size.max = 200MB (=209715200) (default)
2022-10-18 21:56:23,400 [pool-491-thread-1] INFO  segmented.SegmentedRaftLogWorker (SegmentedRaftLogWorker.java:<init>(187)) - new omNode-3@group-523986131536-SegmentedRaftLogWorker for RaftStorageImpl:Storage Directory /home/runner/work/ozone/ozone/hadoop-ozone/integration-test/target/test-dir/MiniOzoneClusterImpl-285291dc-83a3-4c49-94f6-5e759e1760ea/omNode-3/ratis/c9bc4cf4-3bc3-3c60-a66b-523986131536
2022-10-18 21:56:23,400 [pool-491-thread-1] INFO  server.RaftServerConfigKeys (ConfUtils.java:logGet(46)) - raft.server.log.queue.byte-limit = 64MB (=67108864) (default)
2022-10-18 21:56:23,400 [pool-491-thread-1] INFO  server.RaftServerConfigKeys (ConfUtils.java:logGet(46)) - raft.server.log.queue.element-limit = 4096 (default)
2022-10-18 21:56:23,400 [pool-491-thread-1] INFO  server.RaftServerConfigKeys (ConfUtils.java:logGet(46)) - raft.server.log.segment.size.max = 4194304 (custom)
2022-10-18 21:56:23,400 [pool-491-thread-1] INFO  server.RaftServerConfigKeys (ConfUtils.java:logGet(46)) - raft.server.log.preallocated.size = 4194304 (custom)
2022-10-18 21:56:23,400 [pool-491-thread-1] INFO  server.RaftServerConfigKeys (ConfUtils.java:logGet(46)) - raft.server.log.force.sync.num = 128 (default)
2022-10-18 21:56:23,400 [pool-491-thread-1] INFO  server.RaftServerConfigKeys (ConfUtils.java:logGet(46)) - raft.server.log.statemachine.data.sync = true (default)
2022-10-18 21:56:23,400 [pool-491-thread-1] INFO  server.RaftServerConfigKeys (ConfUtils.java:logGet(46)) - raft.server.log.statemachine.data.sync.timeout = 10s (default)
2022-10-18 21:56:23,400 [pool-491-thread-1] INFO  server.RaftServerConfigKeys (ConfUtils.java:logGet(46)) - raft.server.log.statemachine.data.sync.timeout.retry = -1 (default)
2022-10-18 21:56:23,401 [pool-491-thread-1] INFO  server.RaftServerConfigKeys (ConfUtils.java:logGet(46)) - raft.server.log.write.buffer.size = 64KB (=65536) (default)
2022-10-18 21:56:23,401 [pool-491-thread-1] INFO  server.RaftServerConfigKeys (ConfUtils.java:logGet(46)) - raft.server.log.unsafe-flush.enabled = false (default)
2022-10-18 21:56:23,401 [pool-491-thread-1] INFO  server.RaftServerConfigKeys (ConfUtils.java:logGet(46)) - raft.server.log.statemachine.data.caching.enabled = false (default)
2022-10-18 21:56:23,401 [pool-491-thread-1] INFO  server.RaftServer$Division (ServerState.java:setRaftConf(393)) - omNode-3@group-523986131536: set configuration 145: [omNode-3|rpc:localhost:38017|admin:|client:|dataStream:|priority:0, omNode-1|rpc:localhost:35389|admin:|client:|dataStream:|priority:0, omNode-2|rpc:localhost:45203|admin:|client:|dataStream:|priority:0], old=null
2022-10-18 21:56:23,401 [pool-491-thread-1] INFO  segmented.LogSegment (LogSegment.java:loadSegment(173)) - Successfully read 2 entries from segment file /home/runner/work/ozone/ozone/hadoop-ozone/integration-test/target/test-dir/MiniOzoneClusterImpl-285291dc-83a3-4c49-94f6-5e759e1760ea/omNode-3/ratis/c9bc4cf4-3bc3-3c60-a66b-523986131536/current/log_inprogress_145
2022-10-18 21:56:23,401 [pool-491-thread-1] INFO  segmented.SegmentedRaftLogWorker (SegmentedRaftLogWorker.java:lambda$new$0(135)) - omNode-3@group-523986131536-SegmentedRaftLogWorker: flushIndex: setUnconditionally 0 -> 146
2022-10-18 21:56:23,401 [pool-491-thread-1] INFO  segmented.SegmentedRaftLogWorker (SegmentedRaftLogWorker.java:lambda$new$0(135)) - omNode-3@group-523986131536-SegmentedRaftLogWorker: safeCacheEvictIndex: setUnconditionally 0 -> -1
2022-10-18 21:56:23,402 [pool-491-thread-1] INFO  raftlog.RaftLog (RaftLogBase.java:lambda$new$0(53)) - omNode-3@group-523986131536-SegmentedRaftLog: commitIndex: updateToMax old=146, new=145, updated? false
2022-10-18 21:56:23,402 [pool-491-thread-1] INFO  raftlog.RaftLog (RaftLogBase.java:lambda$new$0(53)) - omNode-3@group-523986131536-SegmentedRaftLog: purgeIndex: updateIncreasingly -1 -> 144
2022-10-18 21:56:23,402 [pool-491-thread-1] INFO  server.RaftServerConfigKeys (ConfUtils.java:logGet(46)) - raft.server.snapshot.auto.trigger.enabled = true (custom)
2022-10-18 21:56:23,402 [pool-491-thread-1] INFO  server.RaftServerConfigKeys (ConfUtils.java:logGet(46)) - raft.server.snapshot.auto.trigger.threshold = 50 (custom)
2022-10-18 21:56:23,402 [pool-491-thread-1] INFO  server.RaftServerConfigKeys (ConfUtils.java:logGet(46)) - raft.server.snapshot.retention.file.num = -1 (default)
2022-10-18 21:56:23,402 [pool-491-thread-1] INFO  server.RaftServerConfigKeys (ConfUtils.java:logGet(46)) - raft.server.log.purge.upto.snapshot.index = true (custom)
2022-10-18 21:56:23,402 [pool-491-thread-1] INFO  server.RaftServerConfigKeys (ConfUtils.java:logGet(46)) - raft.server.retrycache.expirytime = 30000ms (custom)
2022-10-18 21:56:23,402 [pool-491-thread-1] INFO  server.RaftServerConfigKeys (ConfUtils.java:logGet(46)) - raft.server.retrycache.statistics.expirytime = 100μs (default)
2022-10-18 21:56:23,402 [pool-491-thread-1] INFO  server.RaftServerConfigKeys (ConfUtils.java:logGet(46)) - raft.server.log.appender.install.snapshot.enabled = false (custom)
2022-10-18 21:56:23,402 [pool-491-thread-1] INFO  server.RaftServerConfigKeys (ConfUtils.java:logGet(46)) - raft.server.threadpool.server.cached = true (default)
2022-10-18 21:56:23,402 [pool-491-thread-1] INFO  server.RaftServerConfigKeys (ConfUtils.java:logGet(46)) - raft.server.threadpool.server.size = 0 (default)
2022-10-18 21:56:23,403 [pool-491-thread-1] INFO  server.RaftServerConfigKeys (ConfUtils.java:logGet(46)) - raft.server.threadpool.client.cached = true (default)
2022-10-18 21:56:23,403 [pool-491-thread-1] INFO  server.RaftServerConfigKeys (ConfUtils.java:logGet(46)) - raft.server.threadpool.client.size = 0 (default)
2022-10-18 21:56:23,405 [omNode-3-impl-thread1] INFO  server.RaftServer$Division (RaftServerImpl.java:start(310)) - omNode-3@group-523986131536: start as a follower, conf=145: [omNode-3|rpc:localhost:38017|admin:|client:|dataStream:|priority:0, omNode-1|rpc:localhost:35389|admin:|client:|dataStream:|priority:0, omNode-2|rpc:localhost:45203|admin:|client:|dataStream:|priority:0], old=null
2022-10-18 21:56:23,405 [omNode-3-impl-thread1] INFO  server.RaftServer$Division (RaftServerImpl.java:setRole(299)) - omNode-3@group-523986131536: changes role from      null to FOLLOWER at term 6 for startAsFollower
2022-10-18 21:56:23,405 [omNode-3-impl-thread1] INFO  impl.RoleInfo (RoleInfo.java:updateAndGet(139)) - omNode-3: start omNode-3@group-523986131536-FollowerState
2022-10-18 21:56:23,405 [omNode-3-impl-thread1] INFO  util.JmxRegister (JmxRegister.java:tryRegister(44)) - Successfully registered JMX Bean with object name Ratis:service=RaftServer,group=group-523986131536,id=omNode-3
2022-10-18 21:56:23,405 [Listener at localhost/43229] INFO  server.RaftServer (RaftServerProxy.java:lambda$start$6(382)) - omNode-3: start RPC server
2022-10-18 21:56:23,407 [Listener at localhost/43229] INFO  server.GrpcService (GrpcService.java:startImpl(260)) - omNode-3: GrpcService started, listening on 38017
2022-10-18 21:56:23,407 [Listener at localhost/43229] INFO  om.OzoneManager (OzoneManager.java:getRpcServer(1101)) - Creating RPC Server
2022-10-18 21:56:23,407 [org.apache.ratis.util.JvmPauseMonitor$$Lambda$703/854163851@61579702] INFO  util.JvmPauseMonitor (JvmPauseMonitor.java:run(103)) - JvmPauseMonitor-omNode-3: Started
2022-10-18 21:56:23,567 [grpc-default-executor-3] WARN  server.GrpcLogAppender (LogUtils.java:warn(122)) - omNode-1@group-523986131536->omNode-2-AppendLogResponseHandler: Failed appendEntries: org.apache.ratis.thirdparty.io.grpc.StatusRuntimeException: UNAVAILABLE: io exception
2022-10-18 21:56:23,568 [grpc-default-executor-3] WARN  server.GrpcLogAppender (GrpcLogAppender.java:resetClient(111)) - omNode-1@group-523986131536->omNode-2-GrpcLogAppender: Leader has not got in touch with Follower omNode-1@group-523986131536->omNode-2(c-1,m0,n147, attendVote=true, lastRpcSendTime=0, lastRpcResponseTime=14469) yet, just keep nextIndex unchanged and retry.
2022-10-18 21:56:23,622 [Listener at localhost/43229] INFO  reflections.Reflections (Reflections.java:scan(232)) - Reflections took 213 ms to scan 19 urls, producing 67 keys and 4244 values [using 4 cores]
2022-10-18 21:56:23,623 [Listener at localhost/43229] INFO  ipc.CallQueueManager (CallQueueManager.java:<init>(90)) - Using callQueue: class java.util.concurrent.LinkedBlockingQueue, queueCapacity: 2000, scheduler: class org.apache.hadoop.ipc.DefaultRpcScheduler, ipcBackoff: false.
2022-10-18 21:56:23,623 [Socket Reader #1 for port 43229] INFO  ipc.Server (Server.java:run(1273)) - Starting Socket Reader #1 for port 43229
2022-10-18 21:56:23,626 [Listener at localhost/43229] INFO  http.BaseHttpServer (BaseHttpServer.java:newHttpServer2BuilderForOzone(213)) - Starting Web-server for ozoneManager at: http://0.0.0.0:35093
2022-10-18 21:56:23,626 [Listener at localhost/43229] INFO  http.BaseHttpServer (BaseHttpServer.java:<init>(108)) - Hadoop Security Enabled: false Ozone Security Enabled: false Ozone HTTP Security Enabled: false 
2022-10-18 21:56:23,627 [Listener at localhost/43229] WARN  server.AuthenticationFilter (AuthenticationFilter.java:constructSecretProvider(240)) - Unable to initialize FileSignerSecretProvider, falling back to use random secrets. Reason: Could not read signature secret file: /home/runner/hadoop-http-auth-signature-secret
2022-10-18 21:56:23,627 [Listener at localhost/43229] WARN  http.HttpRequestLog (HttpRequestLog.java:getRequestLog(103)) - Jetty request log can only be enabled using Log4j
2022-10-18 21:56:23,628 [Listener at localhost/43229] INFO  http.HttpServer2 (HttpServer2.java:addGlobalFilter(1031)) - Added global filter 'safety' (class=org.apache.hadoop.hdds.server.http.HttpServer2$QuotingInputFilter)
2022-10-18 21:56:23,629 [Listener at localhost/43229] INFO  http.HttpServer2 (HttpServer2.java:addFilter(1007)) - Added filter static_user_filter (class=org.apache.hadoop.http.lib.StaticUserWebFilter$StaticUserFilter) to context ozoneManager
2022-10-18 21:56:23,629 [Listener at localhost/43229] INFO  http.HttpServer2 (HttpServer2.java:addFilter(1015)) - Added filter static_user_filter (class=org.apache.hadoop.http.lib.StaticUserWebFilter$StaticUserFilter) to context static
2022-10-18 21:56:23,629 [Listener at localhost/43229] INFO  http.HttpServer2 (HttpServer2.java:addFilter(1015)) - Added filter static_user_filter (class=org.apache.hadoop.http.lib.StaticUserWebFilter$StaticUserFilter) to context logs
2022-10-18 21:56:23,629 [Listener at localhost/43229] INFO  http.HttpServer2 (HttpServer2.java:bindListener(1250)) - Jetty bound to port 35093
2022-10-18 21:56:23,629 [Listener at localhost/43229] INFO  server.Server (Server.java:doStart(375)) - jetty-9.4.43.v20210629; built: 2021-06-30T11:07:22.254Z; git: 526006ecfa3af7f1a27ef3a288e2bef7ea9dd7e8; jvm 1.8.0_345-b01
2022-10-18 21:56:23,634 [Listener at localhost/43229] INFO  server.session (DefaultSessionIdManager.java:doStart(334)) - DefaultSessionIdManager workerName=node0
2022-10-18 21:56:23,634 [Listener at localhost/43229] INFO  server.session (DefaultSessionIdManager.java:doStart(339)) - No SessionScavenger set, using defaults
2022-10-18 21:56:23,634 [Listener at localhost/43229] INFO  server.session (HouseKeeper.java:startScavenging(132)) - node0 Scavenging every 660000ms
2022-10-18 21:56:23,635 [Listener at localhost/43229] INFO  handler.ContextHandler (ContextHandler.java:doStart(915)) - Started o.e.j.s.ServletContextHandler@6f74e852{logs,/logs,file:///home/runner/work/ozone/ozone/hadoop-ozone/integration-test/target/log,AVAILABLE}
2022-10-18 21:56:23,635 [Listener at localhost/43229] INFO  handler.ContextHandler (ContextHandler.java:doStart(915)) - Started o.e.j.s.ServletContextHandler@2c257485{static,/static,file:///home/runner/work/ozone/ozone/hadoop-ozone/integration-test/target/test-classes/webapps/static,AVAILABLE}
2022-10-18 21:56:23,637 [Listener at localhost/43229] INFO  handler.ContextHandler (ContextHandler.java:doStart(915)) - Started o.e.j.w.WebAppContext@31b4c916{ozoneManager,/,file:///home/runner/work/ozone/ozone/hadoop-ozone/integration-test/target/test-classes/webapps/ozoneManager/,AVAILABLE}{file:/home/runner/work/ozone/ozone/hadoop-ozone/integration-test/target/test-classes/webapps/ozoneManager}
2022-10-18 21:56:23,638 [grpc-default-executor-3] WARN  server.GrpcLogAppender (LogUtils.java:warn(122)) - omNode-1@group-523986131536->omNode-3-AppendLogResponseHandler: Failed appendEntries: org.apache.ratis.thirdparty.io.grpc.StatusRuntimeException: UNAVAILABLE: io exception
2022-10-18 21:56:23,639 [grpc-default-executor-3] INFO  leader.FollowerInfo (FollowerInfoImpl.java:lambda$new$0(48)) - omNode-1@group-523986131536->omNode-3: nextIndex: updateUnconditionally 147 -> 146
2022-10-18 21:56:23,641 [Listener at localhost/43229] INFO  server.AbstractConnector (AbstractConnector.java:doStart(331)) - Started ServerConnector@748e7561{HTTP/1.1, (http/1.1)}{0.0.0.0:35093}
2022-10-18 21:56:23,642 [Listener at localhost/43229] INFO  server.Server (Server.java:doStart(415)) - Started @66360ms
2022-10-18 21:56:23,642 [Listener at localhost/43229] WARN  impl.MetricsSystemImpl (MetricsSystemImpl.java:register(279)) - Sink prometheus already exists!
2022-10-18 21:56:23,643 [Listener at localhost/43229] INFO  http.BaseHttpServer (BaseHttpServer.java:updateConnectorAddress(333)) - HTTP server of ozoneManager listening at http://0.0.0.0:35093
2022-10-18 21:56:23,643 [IPC Server Responder] INFO  ipc.Server (Server.java:run(1512)) - IPC Server Responder: starting
2022-10-18 21:56:23,645 [IPC Server listener on 43229] INFO  ipc.Server (Server.java:run(1352)) - IPC Server listener on 43229: starting
2022-10-18 21:56:23,654 [Listener at localhost/43229] INFO  om.OzoneManager (OzoneManager.java:startTrashEmptier(1919)) - Trash Interval set to 0. Files deleted won't move to trash
2022-10-18 21:56:23,654 [Listener at localhost/43229] INFO  om.OzoneManager (OzoneManager.java:stop(2034)) - omNode-1[localhost:39907]: Stopping Ozone Manager
2022-10-18 21:56:23,654 [org.apache.hadoop.util.JvmPauseMonitor$Monitor@2bfba50] INFO  util.JvmPauseMonitor (JvmPauseMonitor.java:run(188)) - Starting JVM pause monitor
2022-10-18 21:56:23,655 [Listener at localhost/43229] INFO  om.OzoneManager (OzoneManager.java:restart(1571)) - OzoneManager RPC server is listening at localhost/127.0.0.1:39907
2022-10-18 21:56:23,655 [Listener at localhost/43229] INFO  impl.MetricsSystemImpl (MetricsSystemImpl.java:init(158)) - OzoneManager metrics system started (again)
2022-10-18 21:56:23,663 [Listener at localhost/43229] WARN  server.ServerUtils (ServerUtils.java:getDBPath(225)) - ozone.om.db.dirs is not configured. We recommend adding this setting. Falling back to ozone.metadata.dirs instead.
2022-10-18 21:56:23,664 [Listener at localhost/43229] INFO  codec.OmKeyInfoCodec (OmKeyInfoCodec.java:<init>(49)) - OmKeyInfoCodec ignorePipeline = true
2022-10-18 21:56:23,664 [Listener at localhost/43229] INFO  codec.RepeatedOmKeyInfoCodec (RepeatedOmKeyInfoCodec.java:<init>(41)) - RepeatedOmKeyInfoCodec ignorePipeline = true
]]></system-out>
  </testcase>
  <testcase name="testOMRestart" classname="org.apache.hadoop.ozone.om.TestOzoneManagerHAWithData" time="30.109">
    <system-out><![CDATA[2022-10-18 21:56:23,671 [Listener at localhost/43229] INFO  ozone.MiniOzoneClusterImpl (MiniOzoneClusterImpl.java:shutdown(448)) - Shutting down the Mini Ozone Cluster
2022-10-18 21:56:23,672 [Listener at localhost/43229] INFO  ozone.MiniOzoneHAClusterImpl (MiniOzoneHAClusterImpl.java:stop(312)) - Stopping the OzoneManager omNode-3
2022-10-18 21:56:23,672 [Listener at localhost/43229] INFO  om.OzoneManager (OzoneManager.java:stop(2034)) - omNode-3[localhost:43229]: Stopping Ozone Manager
2022-10-18 21:56:23,672 [Listener at localhost/43229] INFO  ipc.Server (Server.java:stop(3428)) - Stopping server on 43229
2022-10-18 21:56:23,673 [IPC Server listener on 43229] INFO  ipc.Server (Server.java:run(1384)) - Stopping IPC Server listener on 43229
2022-10-18 21:56:23,678 [IPC Server Responder] INFO  ipc.Server (Server.java:run(1517)) - Stopping IPC Server Responder
2022-10-18 21:56:23,678 [Listener at localhost/43229] INFO  server.RaftServer (RaftServerProxy.java:lambda$close$7(398)) - omNode-3: close
2022-10-18 21:56:23,678 [Listener at localhost/43229] INFO  server.RaftServer$Division (RaftServerImpl.java:lambda$close$4(434)) - omNode-3@group-523986131536: shutdown
2022-10-18 21:56:23,678 [Listener at localhost/43229] INFO  util.JmxRegister (JmxRegister.java:unregister(73)) - Successfully un-registered JMX Bean with object name Ratis:service=RaftServer,group=group-523986131536,id=omNode-3
2022-10-18 21:56:23,679 [Listener at localhost/43229] INFO  impl.RoleInfo (RoleInfo.java:shutdownFollowerState(110)) - omNode-3: shutdown omNode-3@group-523986131536-FollowerState
2022-10-18 21:56:23,679 [omNode-3@group-523986131536-StateMachineUpdater] INFO  ratis.OzoneManagerStateMachine (OzoneManagerStateMachine.java:close(495)) - StateMachine has shutdown. Shutdown OzoneManager if not already shutdown.
2022-10-18 21:56:23,679 [omNode-3@group-523986131536-FollowerState] INFO  impl.FollowerState (FollowerState.java:run(152)) - omNode-3@group-523986131536-FollowerState was interrupted
2022-10-18 21:56:23,679 [omNode-3@group-523986131536-StateMachineUpdater] INFO  ratis.OzoneManagerDoubleBuffer (OzoneManagerDoubleBuffer.java:stop(466)) - Stopping OMDoubleBuffer flush thread
2022-10-18 21:56:23,679 [Listener at localhost/43229] INFO  impl.StateMachineUpdater (StateMachineUpdater.java:stopAndJoin(153)) - omNode-3@group-523986131536-StateMachineUpdater: set stopIndex = 146
2022-10-18 21:56:23,680 [OMDoubleBufferFlushThread] INFO  ratis.OzoneManagerDoubleBuffer (OzoneManagerDoubleBuffer.java:flushTransactions(385)) - OMDoubleBuffer flush thread OMDoubleBufferFlushThread is interrupted and will exit.
2022-10-18 21:56:23,680 [Listener at localhost/43229] INFO  server.RaftServer$Division (ServerState.java:close(429)) - omNode-3@group-523986131536: closes. applyIndex: 146
2022-10-18 21:56:23,681 [omNode-3@group-523986131536-SegmentedRaftLogWorker] INFO  segmented.SegmentedRaftLogWorker (SegmentedRaftLogWorker.java:run(336)) - omNode-3@group-523986131536-SegmentedRaftLogWorker was interrupted, exiting. There are 0 tasks remaining in the queue.
2022-10-18 21:56:23,681 [Listener at localhost/43229] INFO  segmented.SegmentedRaftLogWorker (SegmentedRaftLogWorker.java:close(246)) - omNode-3@group-523986131536-SegmentedRaftLogWorker close()
2022-10-18 21:56:23,682 [Listener at localhost/43229] INFO  server.GrpcService (GrpcService.java:closeImpl(269)) - omNode-3: shutdown server with port 38017 now
2022-10-18 21:56:23,685 [Listener at localhost/43229] INFO  server.GrpcService (GrpcService.java:closeImpl(278)) - omNode-3: shutdown server with port 38017 successfully
2022-10-18 21:56:23,685 [org.apache.ratis.util.JvmPauseMonitor$$Lambda$703/854163851@61579702] INFO  util.JvmPauseMonitor (JvmPauseMonitor.java:run(109)) - JvmPauseMonitor-omNode-3: Stopped
2022-10-18 21:56:23,685 [Listener at localhost/43229] INFO  ratis.OzoneManagerStateMachine (OzoneManagerStateMachine.java:close(495)) - StateMachine has shutdown. Shutdown OzoneManager if not already shutdown.
2022-10-18 21:56:23,686 [Listener at localhost/43229] INFO  ratis.OzoneManagerDoubleBuffer (OzoneManagerDoubleBuffer.java:stop(478)) - OMDoubleBuffer flush thread is not running.
2022-10-18 21:56:23,686 [Listener at localhost/43229] INFO  handler.ContextHandler (ContextHandler.java:doStop(1153)) - Stopped o.e.j.w.WebAppContext@31b4c916{ozoneManager,/,null,STOPPED}{file:/home/runner/work/ozone/ozone/hadoop-ozone/integration-test/target/test-classes/webapps/ozoneManager}
2022-10-18 21:56:23,687 [Listener at localhost/43229] INFO  server.AbstractConnector (AbstractConnector.java:doStop(381)) - Stopped ServerConnector@748e7561{HTTP/1.1, (http/1.1)}{0.0.0.0:35093}
2022-10-18 21:56:23,687 [Listener at localhost/43229] INFO  server.session (HouseKeeper.java:stopScavenging(149)) - node0 Stopped scavenging
2022-10-18 21:56:23,687 [Listener at localhost/43229] INFO  handler.ContextHandler (ContextHandler.java:doStop(1153)) - Stopped o.e.j.s.ServletContextHandler@2c257485{static,/static,file:///home/runner/work/ozone/ozone/hadoop-ozone/integration-test/target/test-classes/webapps/static,STOPPED}
2022-10-18 21:56:23,687 [Listener at localhost/43229] INFO  handler.ContextHandler (ContextHandler.java:doStop(1153)) - Stopped o.e.j.s.ServletContextHandler@6f74e852{logs,/logs,file:///home/runner/work/ozone/ozone/hadoop-ozone/integration-test/target/log,STOPPED}
2022-10-18 21:56:23,689 [Listener at localhost/43229] INFO  ozone.MiniOzoneHAClusterImpl (MiniOzoneHAClusterImpl.java:stop(312)) - Stopping the OzoneManager omNode-1
2022-10-18 21:56:23,689 [Listener at localhost/43229] INFO  om.OzoneManager (OzoneManager.java:stop(2034)) - omNode-1[localhost:39907]: Stopping Ozone Manager
2022-10-18 21:56:23,689 [Listener at localhost/43229] INFO  ozone.MiniOzoneHAClusterImpl (MiniOzoneHAClusterImpl.java:stop(312)) - Stopping the OzoneManager omNode-2
2022-10-18 21:56:23,689 [Listener at localhost/43229] INFO  om.OzoneManager (OzoneManager.java:stop(2034)) - omNode-2[localhost:45943]: Stopping Ozone Manager
2022-10-18 21:56:23,689 [Listener at localhost/43229] INFO  ozone.MiniOzoneHAClusterImpl (MiniOzoneHAClusterImpl.java:stop(320)) - Stopping the StorageContainerManager 0651d405-1b8d-4f07-be7e-0cb516aa35dd
2022-10-18 21:56:23,689 [Listener at localhost/43229] INFO  server.StorageContainerManager (StorageContainerManager.java:stop(1528)) - Container Balancer is not running.
2022-10-18 21:56:23,689 [Listener at localhost/43229] INFO  server.StorageContainerManager (StorageContainerManager.java:stop(1535)) - Stopping Replication Manager Service.
2022-10-18 21:56:23,689 [Listener at localhost/43229] INFO  replication.ReplicationManager (ReplicationManager.java:stop(259)) - Stopping Replication Monitor Thread.
2022-10-18 21:56:23,689 [Listener at localhost/43229] INFO  server.StorageContainerManager (StorageContainerManager.java:stop(1542)) - Stopping the Datanode Admin Monitor.
2022-10-18 21:56:23,689 [ReplicationMonitor] INFO  replication.ReplicationManager (ReplicationManager.java:run(542)) - Replication Monitor Thread is stopped
2022-10-18 21:56:23,689 [Listener at localhost/43229] INFO  server.StorageContainerManager (StorageContainerManager.java:stop(1549)) - Stopping Lease Manager of the command watchers
2022-10-18 21:56:23,689 [Under Replicated Processor] WARN  replication.UnderReplicatedProcessor (UnderReplicatedProcessor.java:run(148)) - Under Replicated Processor interrupted. Exiting...
2022-10-18 21:56:23,690 [Listener at localhost/43229] INFO  server.StorageContainerManager (StorageContainerManager.java:stop(1556)) - Stopping datanode service RPC server
2022-10-18 21:56:23,689 [Over Replicated Processor] WARN  replication.OverReplicatedProcessor (OverReplicatedProcessor.java:run(137)) - Over Replicated Processor interrupted. Exiting...
2022-10-18 21:56:23,690 [Listener at localhost/43229] INFO  server.SCMDatanodeProtocolServer (SCMDatanodeProtocolServer.java:stop(414)) - Stopping the RPC server for DataNodes
2022-10-18 21:56:23,690 [Listener at localhost/43229] INFO  ipc.Server (Server.java:stop(3428)) - Stopping server on 40177
2022-10-18 21:56:23,708 [IPC Server listener on 0] INFO  ipc.Server (Server.java:run(1384)) - Stopping IPC Server listener on 0
2022-10-18 21:56:23,708 [IPC Server Responder] INFO  ipc.Server (Server.java:run(1517)) - Stopping IPC Server Responder
2022-10-18 21:56:23,710 [EndpointStateMachine task thread for /0.0.0.0:40177 - 0 ] WARN  statemachine.EndpointStateMachine (EndpointStateMachine.java:logIfNeeded(242)) - Unable to communicate to SCM server at 0.0.0.0:40177 for past 0 seconds.
java.io.EOFException: End of File Exception between local host is: "fv-az368-376/10.1.0.49"; destination host is: "0.0.0.0":40177; : java.io.EOFException; For more details see:  http://wiki.apache.org/hadoop/EOFException
	at sun.reflect.NativeConstructorAccessorImpl.newInstance0(Native Method)
	at sun.reflect.NativeConstructorAccessorImpl.newInstance(NativeConstructorAccessorImpl.java:62)
	at sun.reflect.DelegatingConstructorAccessorImpl.newInstance(DelegatingConstructorAccessorImpl.java:45)
	at java.lang.reflect.Constructor.newInstance(Constructor.java:423)
	at org.apache.hadoop.net.NetUtils.wrapWithMessage(NetUtils.java:913)
	at org.apache.hadoop.net.NetUtils.wrapException(NetUtils.java:862)
	at org.apache.hadoop.ipc.Client.getRpcResponse(Client.java:1616)
	at org.apache.hadoop.ipc.Client.call(Client.java:1558)
	at org.apache.hadoop.ipc.Client.call(Client.java:1455)
	at org.apache.hadoop.ipc.ProtobufRpcEngine$Invoker.invoke(ProtobufRpcEngine.java:235)
	at org.apache.hadoop.ipc.ProtobufRpcEngine$Invoker.invoke(ProtobufRpcEngine.java:122)
	at com.sun.proxy.$Proxy54.submitRequest(Unknown Source)
	at org.apache.hadoop.ozone.protocolPB.StorageContainerDatanodeProtocolClientSideTranslatorPB.submitRequest(StorageContainerDatanodeProtocolClientSideTranslatorPB.java:117)
	at org.apache.hadoop.ozone.protocolPB.StorageContainerDatanodeProtocolClientSideTranslatorPB.sendHeartbeat(StorageContainerDatanodeProtocolClientSideTranslatorPB.java:149)
	at org.apache.hadoop.ozone.container.common.states.endpoint.HeartbeatEndpointTask.call(HeartbeatEndpointTask.java:185)
	at org.apache.hadoop.ozone.container.common.states.endpoint.HeartbeatEndpointTask.call(HeartbeatEndpointTask.java:87)
	at java.util.concurrent.FutureTask.run(FutureTask.java:266)
	at java.util.concurrent.ThreadPoolExecutor.runWorker(ThreadPoolExecutor.java:1149)
	at java.util.concurrent.ThreadPoolExecutor$Worker.run(ThreadPoolExecutor.java:624)
	at java.lang.Thread.run(Thread.java:750)
Caused by: java.io.EOFException
	at java.io.DataInputStream.readInt(DataInputStream.java:392)
	at org.apache.hadoop.ipc.Client$IpcStreams.readResponse(Client.java:1922)
	at org.apache.hadoop.ipc.Client$Connection.receiveRpcResponse(Client.java:1238)
	at org.apache.hadoop.ipc.Client$Connection.run(Client.java:1134)
2022-10-18 21:56:23,774 [SCM Heartbeat Processing Thread - 0] WARN  node.NodeStateManager (NodeStateManager.java:scheduleNextHealthCheck(870)) - Current Thread is interrupted, shutting down HB processing thread for Node Manager.
2022-10-18 21:56:23,774 [Listener at localhost/43229] INFO  server.StorageContainerManager (StorageContainerManager.java:stop(1564)) - Stopping block service RPC server
2022-10-18 21:56:23,774 [Listener at localhost/43229] INFO  server.SCMBlockProtocolServer (SCMBlockProtocolServer.java:stop(161)) - Stopping the RPC server for Block Protocol
2022-10-18 21:56:23,774 [Listener at localhost/43229] INFO  ipc.Server (Server.java:stop(3428)) - Stopping server on 33361
2022-10-18 21:56:23,775 [IPC Server listener on 0] INFO  ipc.Server (Server.java:run(1384)) - Stopping IPC Server listener on 0
2022-10-18 21:56:23,775 [IPC Server Responder] INFO  ipc.Server (Server.java:run(1517)) - Stopping IPC Server Responder
2022-10-18 21:56:23,775 [Listener at localhost/43229] INFO  server.StorageContainerManager (StorageContainerManager.java:stop(1571)) - Stopping the StorageContainerLocationProtocol RPC server
2022-10-18 21:56:23,776 [Listener at localhost/43229] INFO  server.SCMClientProtocolServer (SCMClientProtocolServer.java:stop(179)) - Stopping the RPC server for Client Protocol
2022-10-18 21:56:23,776 [Listener at localhost/43229] INFO  ipc.Server (Server.java:stop(3428)) - Stopping server on 44235
2022-10-18 21:56:23,777 [IPC Server listener on 0] INFO  ipc.Server (Server.java:run(1384)) - Stopping IPC Server listener on 0
2022-10-18 21:56:23,777 [IPC Server Responder] INFO  ipc.Server (Server.java:run(1517)) - Stopping IPC Server Responder
2022-10-18 21:56:23,777 [Listener at localhost/43229] INFO  server.StorageContainerManager (StorageContainerManager.java:stop(1578)) - Stopping Storage Container Manager HTTP server.
2022-10-18 21:56:23,778 [Listener at localhost/43229] INFO  handler.ContextHandler (ContextHandler.java:doStop(1153)) - Stopped o.e.j.w.WebAppContext@54da736e{scm,/,null,STOPPED}{file:/home/runner/work/ozone/ozone/hadoop-ozone/integration-test/target/test-classes/webapps/scm}
2022-10-18 21:56:23,779 [Listener at localhost/43229] INFO  server.AbstractConnector (AbstractConnector.java:doStop(381)) - Stopped ServerConnector@1315befe{HTTP/1.1, (http/1.1)}{0.0.0.0:0}
2022-10-18 21:56:23,779 [Listener at localhost/43229] INFO  server.session (HouseKeeper.java:stopScavenging(149)) - node0 Stopped scavenging
2022-10-18 21:56:23,779 [Listener at localhost/43229] INFO  handler.ContextHandler (ContextHandler.java:doStop(1153)) - Stopped o.e.j.s.ServletContextHandler@19834eb7{static,/static,file:///home/runner/work/ozone/ozone/hadoop-ozone/integration-test/target/test-classes/webapps/static,STOPPED}
2022-10-18 21:56:23,780 [Listener at localhost/43229] INFO  handler.ContextHandler (ContextHandler.java:doStop(1153)) - Stopped o.e.j.s.ServletContextHandler@5bfeb9ba{logs,/logs,file:///home/runner/work/ozone/ozone/hadoop-ozone/integration-test/target/log,STOPPED}
2022-10-18 21:56:23,780 [Listener at localhost/43229] INFO  server.StorageContainerManager (StorageContainerManager.java:stop(1584)) - Stopping SCM LayoutVersionManager Service.
2022-10-18 21:56:23,780 [Listener at localhost/43229] INFO  server.StorageContainerManager (StorageContainerManager.java:stop(1592)) - Stopping Block Manager Service.
2022-10-18 21:56:23,780 [Listener at localhost/43229] INFO  utils.BackgroundService (BackgroundService.java:shutdown(141)) - Shutting down service SCMBlockDeletingService
2022-10-18 21:56:23,780 [Listener at localhost/43229] INFO  utils.BackgroundService (BackgroundService.java:shutdown(141)) - Shutting down service SCMBlockDeletingService
2022-10-18 21:56:23,781 [Listener at localhost/43229] INFO  server.StorageContainerManager (StorageContainerManager.java:stop(1619)) - Stopping SCM Event Queue.
2022-10-18 21:56:23,786 [Listener at localhost/43229] INFO  server.StorageContainerManager (StorageContainerManager.java:stop(1630)) - Stopping SCM HA services.
2022-10-18 21:56:23,786 [Listener at localhost/43229] INFO  pipeline.BackgroundPipelineCreator (BackgroundPipelineCreator.java:stop(149)) - Stopping RatisPipelineUtilsThread.
2022-10-18 21:56:23,786 [RatisPipelineUtilsThread - 0] WARN  pipeline.BackgroundPipelineCreator (BackgroundPipelineCreator.java:run(180)) - RatisPipelineUtilsThread is interrupted.
2022-10-18 21:56:23,787 [Listener at localhost/43229] INFO  BackgroundPipelineScrubber (BackgroundSCMService.java:stop(131)) - Stopping BackgroundPipelineScrubber Service.
2022-10-18 21:56:23,787 [BackgroundPipelineScrubberThread] WARN  BackgroundPipelineScrubber (BackgroundSCMService.java:run(115)) - BackgroundPipelineScrubber is interrupted, exit
2022-10-18 21:56:23,788 [Listener at localhost/43229] INFO  impl.MetricsSystemImpl (MetricsSystemImpl.java:stop(210)) - Stopping OzoneManager metrics system...
2022-10-18 21:56:23,806 [prometheus] INFO  impl.MetricsSinkAdapter (MetricsSinkAdapter.java:publishMetricsFromQueue(141)) - prometheus thread interrupted.
2022-10-18 21:56:23,806 [Listener at localhost/43229] INFO  impl.MetricsSystemImpl (MetricsSystemImpl.java:stop(216)) - OzoneManager metrics system stopped.
2022-10-18 21:56:23,807 [Listener at localhost/43229] WARN  pipeline.BackgroundPipelineCreator (BackgroundPipelineCreator.java:stop(145)) - RatisPipelineUtilsThread is not running, just ignore.
2022-10-18 21:56:23,807 [Listener at localhost/43229] INFO  BackgroundPipelineScrubber (BackgroundSCMService.java:stop(126)) - BackgroundPipelineScrubber Service is not running, skip stop.
2022-10-18 21:56:23,807 [Listener at localhost/43229] INFO  ExpiredContainerReplicaOpScrubber (BackgroundSCMService.java:stop(131)) - Stopping ExpiredContainerReplicaOpScrubber Service.
2022-10-18 21:56:23,807 [ExpiredContainerReplicaOpScrubberThread] WARN  ExpiredContainerReplicaOpScrubber (BackgroundSCMService.java:run(115)) - ExpiredContainerReplicaOpScrubber is interrupted, exit
2022-10-18 21:56:23,807 [Listener at localhost/43229] INFO  utils.BackgroundService (BackgroundService.java:shutdown(141)) - Shutting down service SCMBlockDeletingService
2022-10-18 21:56:23,807 [Listener at localhost/43229] INFO  replication.ReplicationManager (ReplicationManager.java:stop(267)) - Replication Monitor Thread is not running.
2022-10-18 21:56:23,807 [Listener at localhost/43229] WARN  balancer.ContainerBalancer (ContainerBalancer.java:stop(322)) - Cannot stop Container Balancer because it's not running or stopping
2022-10-18 21:56:23,808 [Listener at localhost/43229] INFO  server.StorageContainerManager (StorageContainerManager.java:stop(1648)) - Stopping SCM MetadataStore.
2022-10-18 21:56:23,808 [Listener at localhost/43229] INFO  ozone.MiniOzoneClusterImpl (MiniOzoneClusterImpl.java:stop(463)) - Stopping the Mini Ozone Cluster
2022-10-18 21:56:23,808 [Listener at localhost/43229] INFO  ozone.MiniOzoneClusterImpl (MiniOzoneClusterImpl.java:stopDatanodes(522)) - Stopping the HddsDatanodes
2022-10-18 21:56:23,810 [ForkJoinPool.commonPool-worker-2] INFO  ozoneimpl.OzoneContainer (OzoneContainer.java:stop(400)) - Attempting to stop container services.
2022-10-18 21:56:23,810 [ForkJoinPool.commonPool-worker-3] INFO  ozoneimpl.OzoneContainer (OzoneContainer.java:stop(400)) - Attempting to stop container services.
2022-10-18 21:56:23,811 [ForkJoinPool.commonPool-worker-2] INFO  server.RaftServer (RaftServerProxy.java:lambda$close$7(398)) - 324f6683-2ade-44b3-b06c-4a533e69f3ae: close
2022-10-18 21:56:23,811 [ForkJoinPool.commonPool-worker-2] INFO  server.RaftServer$Division (RaftServerImpl.java:lambda$close$4(434)) - 324f6683-2ade-44b3-b06c-4a533e69f3ae@group-EDE5FE44A057: shutdown
2022-10-18 21:56:23,811 [ForkJoinPool.commonPool-worker-1] INFO  server.RaftServer$Division (RaftServerImpl.java:lambda$close$4(434)) - 324f6683-2ade-44b3-b06c-4a533e69f3ae@group-288BE5F8F4CA: shutdown
2022-10-18 21:56:23,811 [ForkJoinPool.commonPool-worker-2] INFO  util.JmxRegister (JmxRegister.java:unregister(73)) - Successfully un-registered JMX Bean with object name Ratis:service=RaftServer,group=group-EDE5FE44A057,id=324f6683-2ade-44b3-b06c-4a533e69f3ae
2022-10-18 21:56:23,811 [ForkJoinPool.commonPool-worker-2] INFO  impl.RoleInfo (RoleInfo.java:shutdownFollowerState(110)) - 324f6683-2ade-44b3-b06c-4a533e69f3ae: shutdown 324f6683-2ade-44b3-b06c-4a533e69f3ae@group-EDE5FE44A057-FollowerState
2022-10-18 21:56:23,811 [ForkJoinPool.commonPool-worker-3] INFO  server.RaftServer (RaftServerProxy.java:lambda$close$7(398)) - 4be08eba-b757-4d49-ba99-26dafbb001b1: close
2022-10-18 21:56:23,811 [ForkJoinPool.commonPool-worker-2] INFO  impl.StateMachineUpdater (StateMachineUpdater.java:stopAndJoin(153)) - 324f6683-2ade-44b3-b06c-4a533e69f3ae@group-EDE5FE44A057-StateMachineUpdater: set stopIndex = 0
2022-10-18 21:56:23,811 [324f6683-2ade-44b3-b06c-4a533e69f3ae@group-EDE5FE44A057-FollowerState] INFO  impl.FollowerState (FollowerState.java:run(152)) - 324f6683-2ade-44b3-b06c-4a533e69f3ae@group-EDE5FE44A057-FollowerState was interrupted
2022-10-18 21:56:23,812 [324f6683-2ade-44b3-b06c-4a533e69f3ae@group-EDE5FE44A057-StateMachineUpdater] INFO  ratis.ContainerStateMachine (ContainerStateMachine.java:takeSnapshot(304)) - group-EDE5FE44A057: Taking a snapshot at:(t:2, i:0) file /home/runner/work/ozone/ozone/hadoop-ozone/integration-test/target/test-dir/MiniOzoneClusterImpl-285291dc-83a3-4c49-94f6-5e759e1760ea/datanode-2/data/ratis/e62b29f8-5728-43f3-9dea-ede5fe44a057/sm/snapshot.2_0
2022-10-18 21:56:23,817 [Listener at localhost/43229] INFO  ozoneimpl.OzoneContainer (OzoneContainer.java:stop(400)) - Attempting to stop container services.
2022-10-18 21:56:23,811 [ForkJoinPool.commonPool-worker-3] INFO  server.RaftServer$Division (RaftServerImpl.java:lambda$close$4(434)) - 4be08eba-b757-4d49-ba99-26dafbb001b1@group-EDE5FE44A057: shutdown
2022-10-18 21:56:23,811 [ForkJoinPool.commonPool-worker-1] INFO  util.JmxRegister (JmxRegister.java:unregister(73)) - Successfully un-registered JMX Bean with object name Ratis:service=RaftServer,group=group-288BE5F8F4CA,id=324f6683-2ade-44b3-b06c-4a533e69f3ae
2022-10-18 21:56:23,817 [ForkJoinPool.commonPool-worker-1] INFO  impl.RoleInfo (RoleInfo.java:shutdownFollowerState(110)) - 324f6683-2ade-44b3-b06c-4a533e69f3ae: shutdown 324f6683-2ade-44b3-b06c-4a533e69f3ae@group-288BE5F8F4CA-FollowerState
2022-10-18 21:56:23,817 [ForkJoinPool.commonPool-worker-3] INFO  util.JmxRegister (JmxRegister.java:unregister(73)) - Successfully un-registered JMX Bean with object name Ratis:service=RaftServer,group=group-EDE5FE44A057,id=4be08eba-b757-4d49-ba99-26dafbb001b1
2022-10-18 21:56:23,817 [ForkJoinPool.commonPool-worker-3] INFO  impl.RoleInfo (RoleInfo.java:shutdownFollowerState(110)) - 4be08eba-b757-4d49-ba99-26dafbb001b1: shutdown 4be08eba-b757-4d49-ba99-26dafbb001b1@group-EDE5FE44A057-FollowerState
2022-10-18 21:56:23,817 [ForkJoinPool.commonPool-worker-3] INFO  impl.StateMachineUpdater (StateMachineUpdater.java:stopAndJoin(153)) - 4be08eba-b757-4d49-ba99-26dafbb001b1@group-EDE5FE44A057-StateMachineUpdater: set stopIndex = 0
2022-10-18 21:56:23,817 [grpc-default-executor-3] WARN  server.GrpcLogAppender (LogUtils.java:warn(122)) - omNode-1@group-523986131536->omNode-2-AppendLogResponseHandler: Failed appendEntries: org.apache.ratis.thirdparty.io.grpc.StatusRuntimeException: UNAVAILABLE: io exception
2022-10-18 21:56:23,818 [4be08eba-b757-4d49-ba99-26dafbb001b1@group-EDE5FE44A057-FollowerState] INFO  impl.FollowerState (FollowerState.java:run(152)) - 4be08eba-b757-4d49-ba99-26dafbb001b1@group-EDE5FE44A057-FollowerState was interrupted
2022-10-18 21:56:23,818 [4be08eba-b757-4d49-ba99-26dafbb001b1@group-EDE5FE44A057-StateMachineUpdater] INFO  ratis.ContainerStateMachine (ContainerStateMachine.java:takeSnapshot(304)) - group-EDE5FE44A057: Taking a snapshot at:(t:2, i:0) file /home/runner/work/ozone/ozone/hadoop-ozone/integration-test/target/test-dir/MiniOzoneClusterImpl-285291dc-83a3-4c49-94f6-5e759e1760ea/datanode-0/data/ratis/e62b29f8-5728-43f3-9dea-ede5fe44a057/sm/snapshot.2_0
2022-10-18 21:56:23,817 [324f6683-2ade-44b3-b06c-4a533e69f3ae@group-288BE5F8F4CA-FollowerState] INFO  impl.FollowerState (FollowerState.java:run(152)) - 324f6683-2ade-44b3-b06c-4a533e69f3ae@group-288BE5F8F4CA-FollowerState was interrupted
2022-10-18 21:56:23,818 [grpc-default-executor-3] WARN  server.GrpcLogAppender (GrpcLogAppender.java:resetClient(111)) - omNode-1@group-523986131536->omNode-2-GrpcLogAppender: Leader has not got in touch with Follower omNode-1@group-523986131536->omNode-2(c-1,m0,n147, attendVote=true, lastRpcSendTime=0, lastRpcResponseTime=14719) yet, just keep nextIndex unchanged and retry.
2022-10-18 21:56:23,817 [ForkJoinPool.commonPool-worker-1] INFO  impl.StateMachineUpdater (StateMachineUpdater.java:stopAndJoin(153)) - 324f6683-2ade-44b3-b06c-4a533e69f3ae@group-288BE5F8F4CA-StateMachineUpdater: set stopIndex = 0
2022-10-18 21:56:23,818 [324f6683-2ade-44b3-b06c-4a533e69f3ae@group-288BE5F8F4CA-StateMachineUpdater] INFO  ratis.ContainerStateMachine (ContainerStateMachine.java:takeSnapshot(304)) - group-288BE5F8F4CA: Taking a snapshot at:(t:2, i:0) file /home/runner/work/ozone/ozone/hadoop-ozone/integration-test/target/test-dir/MiniOzoneClusterImpl-285291dc-83a3-4c49-94f6-5e759e1760ea/datanode-2/data/ratis/45a49219-9693-4247-8e68-288be5f8f4ca/sm/snapshot.2_0
2022-10-18 21:56:23,817 [Listener at localhost/43229] INFO  server.RaftServer (RaftServerProxy.java:lambda$close$7(398)) - b0a080c7-90ba-4b33-9ef1-5c8d9af7a4e3: close
2022-10-18 21:56:23,822 [Listener at localhost/43229] INFO  server.RaftServer$Division (RaftServerImpl.java:lambda$close$4(434)) - b0a080c7-90ba-4b33-9ef1-5c8d9af7a4e3@group-EDE5FE44A057: shutdown
2022-10-18 21:56:23,822 [Listener at localhost/43229] INFO  util.JmxRegister (JmxRegister.java:unregister(73)) - Successfully un-registered JMX Bean with object name Ratis:service=RaftServer,group=group-EDE5FE44A057,id=b0a080c7-90ba-4b33-9ef1-5c8d9af7a4e3
2022-10-18 21:56:23,822 [Listener at localhost/43229] INFO  impl.RoleInfo (RoleInfo.java:shutdownLeaderState(93)) - b0a080c7-90ba-4b33-9ef1-5c8d9af7a4e3: shutdown b0a080c7-90ba-4b33-9ef1-5c8d9af7a4e3@group-EDE5FE44A057-LeaderStateImpl
2022-10-18 21:56:23,823 [b0a080c7-90ba-4b33-9ef1-5c8d9af7a4e3@group-EDE5FE44A057->324f6683-2ade-44b3-b06c-4a533e69f3ae-GrpcLogAppender-LogAppenderDaemon] WARN  server.GrpcLogAppender (GrpcLogAppender.java:mayWait(171)) - b0a080c7-90ba-4b33-9ef1-5c8d9af7a4e3@group-EDE5FE44A057->324f6683-2ade-44b3-b06c-4a533e69f3ae-GrpcLogAppender: Wait interrupted by java.lang.InterruptedException
2022-10-18 21:56:23,823 [grpc-default-executor-3] INFO  server.GrpcServerProtocolService (GrpcServerProtocolService.java:onCompleted(140)) - 324f6683-2ade-44b3-b06c-4a533e69f3ae: Completed APPEND_ENTRIES, lastRequest: b0a080c7-90ba-4b33-9ef1-5c8d9af7a4e3->324f6683-2ade-44b3-b06c-4a533e69f3ae#1-t2,previous=(t:0, i:0),leaderCommit=0,initializing? true,entries: size=1, first=(t:2, i:0), CONFIGURATIONENTRY
2022-10-18 21:56:23,823 [b0a080c7-90ba-4b33-9ef1-5c8d9af7a4e3@group-EDE5FE44A057->4be08eba-b757-4d49-ba99-26dafbb001b1-GrpcLogAppender-LogAppenderDaemon] WARN  server.GrpcLogAppender (GrpcLogAppender.java:mayWait(171)) - b0a080c7-90ba-4b33-9ef1-5c8d9af7a4e3@group-EDE5FE44A057->4be08eba-b757-4d49-ba99-26dafbb001b1-GrpcLogAppender: Wait interrupted by java.lang.InterruptedException
2022-10-18 21:56:23,823 [grpc-default-executor-0] INFO  server.GrpcServerProtocolService (GrpcServerProtocolService.java:onCompleted(140)) - 4be08eba-b757-4d49-ba99-26dafbb001b1: Completed APPEND_ENTRIES, lastRequest: b0a080c7-90ba-4b33-9ef1-5c8d9af7a4e3->4be08eba-b757-4d49-ba99-26dafbb001b1#1-t2,previous=(t:0, i:0),leaderCommit=0,initializing? true,entries: size=1, first=(t:2, i:0), CONFIGURATIONENTRY
2022-10-18 21:56:23,823 [grpc-default-executor-2] INFO  server.GrpcLogAppender (GrpcLogAppender.java:onCompleted(339)) - b0a080c7-90ba-4b33-9ef1-5c8d9af7a4e3@group-EDE5FE44A057->324f6683-2ade-44b3-b06c-4a533e69f3ae-AppendLogResponseHandler: follower responses appendEntries COMPLETED
2022-10-18 21:56:23,824 [grpc-default-executor-2] INFO  leader.FollowerInfo (FollowerInfoImpl.java:lambda$new$0(48)) - b0a080c7-90ba-4b33-9ef1-5c8d9af7a4e3@group-EDE5FE44A057->324f6683-2ade-44b3-b06c-4a533e69f3ae: nextIndex: updateUnconditionally 1 -> 0
2022-10-18 21:56:23,824 [grpc-default-executor-2] INFO  server.GrpcLogAppender (GrpcLogAppender.java:onCompleted(339)) - b0a080c7-90ba-4b33-9ef1-5c8d9af7a4e3@group-EDE5FE44A057->4be08eba-b757-4d49-ba99-26dafbb001b1-AppendLogResponseHandler: follower responses appendEntries COMPLETED
2022-10-18 21:56:23,824 [grpc-default-executor-2] INFO  leader.FollowerInfo (FollowerInfoImpl.java:lambda$new$0(48)) - b0a080c7-90ba-4b33-9ef1-5c8d9af7a4e3@group-EDE5FE44A057->4be08eba-b757-4d49-ba99-26dafbb001b1: nextIndex: updateUnconditionally 1 -> 0
2022-10-18 21:56:23,824 [Listener at localhost/43229] INFO  impl.PendingRequests (PendingRequests.java:sendNotLeaderResponses(282)) - b0a080c7-90ba-4b33-9ef1-5c8d9af7a4e3@group-EDE5FE44A057-PendingRequests: sendNotLeaderResponses
2022-10-18 21:56:23,824 [Listener at localhost/43229] INFO  impl.StateMachineUpdater (StateMachineUpdater.java:stopAndJoin(153)) - b0a080c7-90ba-4b33-9ef1-5c8d9af7a4e3@group-EDE5FE44A057-StateMachineUpdater: set stopIndex = 0
2022-10-18 21:56:23,825 [b0a080c7-90ba-4b33-9ef1-5c8d9af7a4e3@group-EDE5FE44A057-StateMachineUpdater] INFO  ratis.ContainerStateMachine (ContainerStateMachine.java:takeSnapshot(304)) - group-EDE5FE44A057: Taking a snapshot at:(t:2, i:0) file /home/runner/work/ozone/ozone/hadoop-ozone/integration-test/target/test-dir/MiniOzoneClusterImpl-285291dc-83a3-4c49-94f6-5e759e1760ea/datanode-1/data/ratis/e62b29f8-5728-43f3-9dea-ede5fe44a057/sm/snapshot.2_0
2022-10-18 21:56:23,825 [324f6683-2ade-44b3-b06c-4a533e69f3ae@group-288BE5F8F4CA-StateMachineUpdater] INFO  ratis.ContainerStateMachine (ContainerStateMachine.java:takeSnapshot(315)) - group-288BE5F8F4CA: Finished taking a snapshot at:(t:2, i:0) file:/home/runner/work/ozone/ozone/hadoop-ozone/integration-test/target/test-dir/MiniOzoneClusterImpl-285291dc-83a3-4c49-94f6-5e759e1760ea/datanode-2/data/ratis/45a49219-9693-4247-8e68-288be5f8f4ca/sm/snapshot.2_0 took: 7 ms
2022-10-18 21:56:23,825 [324f6683-2ade-44b3-b06c-4a533e69f3ae@group-EDE5FE44A057-StateMachineUpdater] INFO  ratis.ContainerStateMachine (ContainerStateMachine.java:takeSnapshot(315)) - group-EDE5FE44A057: Finished taking a snapshot at:(t:2, i:0) file:/home/runner/work/ozone/ozone/hadoop-ozone/integration-test/target/test-dir/MiniOzoneClusterImpl-285291dc-83a3-4c49-94f6-5e759e1760ea/datanode-2/data/ratis/e62b29f8-5728-43f3-9dea-ede5fe44a057/sm/snapshot.2_0 took: 13 ms
2022-10-18 21:56:23,825 [4be08eba-b757-4d49-ba99-26dafbb001b1@group-EDE5FE44A057-StateMachineUpdater] INFO  ratis.ContainerStateMachine (ContainerStateMachine.java:takeSnapshot(315)) - group-EDE5FE44A057: Finished taking a snapshot at:(t:2, i:0) file:/home/runner/work/ozone/ozone/hadoop-ozone/integration-test/target/test-dir/MiniOzoneClusterImpl-285291dc-83a3-4c49-94f6-5e759e1760ea/datanode-0/data/ratis/e62b29f8-5728-43f3-9dea-ede5fe44a057/sm/snapshot.2_0 took: 7 ms
2022-10-18 21:56:23,826 [b0a080c7-90ba-4b33-9ef1-5c8d9af7a4e3@group-EDE5FE44A057-StateMachineUpdater] INFO  ratis.ContainerStateMachine (ContainerStateMachine.java:takeSnapshot(315)) - group-EDE5FE44A057: Finished taking a snapshot at:(t:2, i:0) file:/home/runner/work/ozone/ozone/hadoop-ozone/integration-test/target/test-dir/MiniOzoneClusterImpl-285291dc-83a3-4c49-94f6-5e759e1760ea/datanode-1/data/ratis/e62b29f8-5728-43f3-9dea-ede5fe44a057/sm/snapshot.2_0 took: 1 ms
2022-10-18 21:56:23,827 [4be08eba-b757-4d49-ba99-26dafbb001b1@group-EDE5FE44A057-StateMachineUpdater] INFO  impl.StateMachineUpdater (StateMachineUpdater.java:takeSnapshot(287)) - 4be08eba-b757-4d49-ba99-26dafbb001b1@group-EDE5FE44A057-StateMachineUpdater: Took a snapshot at index 0
2022-10-18 21:56:23,827 [4be08eba-b757-4d49-ba99-26dafbb001b1@group-EDE5FE44A057-StateMachineUpdater] INFO  impl.StateMachineUpdater (StateMachineUpdater.java:lambda$new$0(92)) - 4be08eba-b757-4d49-ba99-26dafbb001b1@group-EDE5FE44A057-StateMachineUpdater: snapshotIndex: updateIncreasingly -1 -> 0
2022-10-18 21:56:23,827 [324f6683-2ade-44b3-b06c-4a533e69f3ae@group-288BE5F8F4CA-StateMachineUpdater] INFO  impl.StateMachineUpdater (StateMachineUpdater.java:takeSnapshot(287)) - 324f6683-2ade-44b3-b06c-4a533e69f3ae@group-288BE5F8F4CA-StateMachineUpdater: Took a snapshot at index 0
2022-10-18 21:56:23,827 [324f6683-2ade-44b3-b06c-4a533e69f3ae@group-288BE5F8F4CA-StateMachineUpdater] INFO  impl.StateMachineUpdater (StateMachineUpdater.java:lambda$new$0(92)) - 324f6683-2ade-44b3-b06c-4a533e69f3ae@group-288BE5F8F4CA-StateMachineUpdater: snapshotIndex: updateIncreasingly -1 -> 0
2022-10-18 21:56:23,828 [ForkJoinPool.commonPool-worker-3] INFO  server.RaftServer$Division (ServerState.java:close(429)) - 4be08eba-b757-4d49-ba99-26dafbb001b1@group-EDE5FE44A057: closes. applyIndex: 0
2022-10-18 21:56:23,828 [b0a080c7-90ba-4b33-9ef1-5c8d9af7a4e3@group-EDE5FE44A057-StateMachineUpdater] INFO  impl.StateMachineUpdater (StateMachineUpdater.java:takeSnapshot(287)) - b0a080c7-90ba-4b33-9ef1-5c8d9af7a4e3@group-EDE5FE44A057-StateMachineUpdater: Took a snapshot at index 0
2022-10-18 21:56:23,828 [b0a080c7-90ba-4b33-9ef1-5c8d9af7a4e3@group-EDE5FE44A057-StateMachineUpdater] INFO  impl.StateMachineUpdater (StateMachineUpdater.java:lambda$new$0(92)) - b0a080c7-90ba-4b33-9ef1-5c8d9af7a4e3@group-EDE5FE44A057-StateMachineUpdater: snapshotIndex: updateIncreasingly -1 -> 0
2022-10-18 21:56:23,828 [4be08eba-b757-4d49-ba99-26dafbb001b1@group-EDE5FE44A057-SegmentedRaftLogWorker] INFO  segmented.SegmentedRaftLogWorker (SegmentedRaftLogWorker.java:run(336)) - 4be08eba-b757-4d49-ba99-26dafbb001b1@group-EDE5FE44A057-SegmentedRaftLogWorker was interrupted, exiting. There are 0 tasks remaining in the queue.
2022-10-18 21:56:23,828 [ForkJoinPool.commonPool-worker-3] INFO  segmented.SegmentedRaftLogWorker (SegmentedRaftLogWorker.java:close(246)) - 4be08eba-b757-4d49-ba99-26dafbb001b1@group-EDE5FE44A057-SegmentedRaftLogWorker close()
2022-10-18 21:56:23,828 [324f6683-2ade-44b3-b06c-4a533e69f3ae@group-EDE5FE44A057-StateMachineUpdater] INFO  impl.StateMachineUpdater (StateMachineUpdater.java:takeSnapshot(287)) - 324f6683-2ade-44b3-b06c-4a533e69f3ae@group-EDE5FE44A057-StateMachineUpdater: Took a snapshot at index 0
2022-10-18 21:56:23,828 [ForkJoinPool.commonPool-worker-1] INFO  server.RaftServer$Division (ServerState.java:close(429)) - 324f6683-2ade-44b3-b06c-4a533e69f3ae@group-288BE5F8F4CA: closes. applyIndex: 0
2022-10-18 21:56:23,828 [324f6683-2ade-44b3-b06c-4a533e69f3ae@group-EDE5FE44A057-StateMachineUpdater] INFO  impl.StateMachineUpdater (StateMachineUpdater.java:lambda$new$0(92)) - 324f6683-2ade-44b3-b06c-4a533e69f3ae@group-EDE5FE44A057-StateMachineUpdater: snapshotIndex: updateIncreasingly -1 -> 0
2022-10-18 21:56:23,829 [324f6683-2ade-44b3-b06c-4a533e69f3ae@group-288BE5F8F4CA-SegmentedRaftLogWorker] INFO  segmented.SegmentedRaftLogWorker (SegmentedRaftLogWorker.java:run(336)) - 324f6683-2ade-44b3-b06c-4a533e69f3ae@group-288BE5F8F4CA-SegmentedRaftLogWorker was interrupted, exiting. There are 0 tasks remaining in the queue.
2022-10-18 21:56:23,829 [ForkJoinPool.commonPool-worker-2] INFO  server.RaftServer$Division (ServerState.java:close(429)) - 324f6683-2ade-44b3-b06c-4a533e69f3ae@group-EDE5FE44A057: closes. applyIndex: 0
2022-10-18 21:56:23,829 [ForkJoinPool.commonPool-worker-3] INFO  server.RaftServer$Division (RaftServerImpl.java:lambda$close$4(434)) - 4be08eba-b757-4d49-ba99-26dafbb001b1@group-3F004320D14A: shutdown
2022-10-18 21:56:23,829 [324f6683-2ade-44b3-b06c-4a533e69f3ae@group-EDE5FE44A057-SegmentedRaftLogWorker] INFO  segmented.SegmentedRaftLogWorker (SegmentedRaftLogWorker.java:run(336)) - 324f6683-2ade-44b3-b06c-4a533e69f3ae@group-EDE5FE44A057-SegmentedRaftLogWorker was interrupted, exiting. There are 0 tasks remaining in the queue.
2022-10-18 21:56:23,829 [ForkJoinPool.commonPool-worker-3] INFO  util.JmxRegister (JmxRegister.java:unregister(73)) - Successfully un-registered JMX Bean with object name Ratis:service=RaftServer,group=group-3F004320D14A,id=4be08eba-b757-4d49-ba99-26dafbb001b1
2022-10-18 21:56:23,829 [ForkJoinPool.commonPool-worker-3] INFO  impl.RoleInfo (RoleInfo.java:shutdownLeaderState(93)) - 4be08eba-b757-4d49-ba99-26dafbb001b1: shutdown 4be08eba-b757-4d49-ba99-26dafbb001b1@group-3F004320D14A-LeaderStateImpl
2022-10-18 21:56:23,829 [ForkJoinPool.commonPool-worker-1] INFO  segmented.SegmentedRaftLogWorker (SegmentedRaftLogWorker.java:close(246)) - 324f6683-2ade-44b3-b06c-4a533e69f3ae@group-288BE5F8F4CA-SegmentedRaftLogWorker close()
2022-10-18 21:56:23,830 [Listener at localhost/43229] INFO  server.RaftServer$Division (ServerState.java:close(429)) - b0a080c7-90ba-4b33-9ef1-5c8d9af7a4e3@group-EDE5FE44A057: closes. applyIndex: 0
2022-10-18 21:56:23,830 [ForkJoinPool.commonPool-worker-2] INFO  segmented.SegmentedRaftLogWorker (SegmentedRaftLogWorker.java:close(246)) - 324f6683-2ade-44b3-b06c-4a533e69f3ae@group-EDE5FE44A057-SegmentedRaftLogWorker close()
2022-10-18 21:56:23,830 [b0a080c7-90ba-4b33-9ef1-5c8d9af7a4e3@group-EDE5FE44A057-SegmentedRaftLogWorker] INFO  segmented.SegmentedRaftLogWorker (SegmentedRaftLogWorker.java:run(336)) - b0a080c7-90ba-4b33-9ef1-5c8d9af7a4e3@group-EDE5FE44A057-SegmentedRaftLogWorker was interrupted, exiting. There are 0 tasks remaining in the queue.
2022-10-18 21:56:23,830 [ForkJoinPool.commonPool-worker-1] INFO  server.RaftServer$Division (RaftServerImpl.java:lambda$close$4(434)) - 324f6683-2ade-44b3-b06c-4a533e69f3ae@group-DD0DEF432836: shutdown
2022-10-18 21:56:23,831 [ForkJoinPool.commonPool-worker-1] INFO  util.JmxRegister (JmxRegister.java:unregister(73)) - Successfully un-registered JMX Bean with object name Ratis:service=RaftServer,group=group-DD0DEF432836,id=324f6683-2ade-44b3-b06c-4a533e69f3ae
2022-10-18 21:56:23,831 [ForkJoinPool.commonPool-worker-1] INFO  impl.RoleInfo (RoleInfo.java:shutdownLeaderState(93)) - 324f6683-2ade-44b3-b06c-4a533e69f3ae: shutdown 324f6683-2ade-44b3-b06c-4a533e69f3ae@group-DD0DEF432836-LeaderStateImpl
2022-10-18 21:56:23,831 [ForkJoinPool.commonPool-worker-1] INFO  impl.PendingRequests (PendingRequests.java:sendNotLeaderResponses(282)) - 324f6683-2ade-44b3-b06c-4a533e69f3ae@group-DD0DEF432836-PendingRequests: sendNotLeaderResponses
2022-10-18 21:56:23,831 [Listener at localhost/43229] INFO  segmented.SegmentedRaftLogWorker (SegmentedRaftLogWorker.java:close(246)) - b0a080c7-90ba-4b33-9ef1-5c8d9af7a4e3@group-EDE5FE44A057-SegmentedRaftLogWorker close()
2022-10-18 21:56:23,834 [324f6683-2ade-44b3-b06c-4a533e69f3ae@group-DD0DEF432836-StateMachineUpdater] INFO  ratis.ContainerStateMachine (ContainerStateMachine.java:takeSnapshot(304)) - group-DD0DEF432836: Taking a snapshot at:(t:1, i:9) file /home/runner/work/ozone/ozone/hadoop-ozone/integration-test/target/test-dir/MiniOzoneClusterImpl-285291dc-83a3-4c49-94f6-5e759e1760ea/datanode-2/data/ratis/f232d82e-844e-41a1-9d14-dd0def432836/sm/snapshot.1_9
2022-10-18 21:56:23,830 [ForkJoinPool.commonPool-worker-3] INFO  impl.PendingRequests (PendingRequests.java:sendNotLeaderResponses(282)) - 4be08eba-b757-4d49-ba99-26dafbb001b1@group-3F004320D14A-PendingRequests: sendNotLeaderResponses
2022-10-18 21:56:23,834 [ForkJoinPool.commonPool-worker-1] INFO  impl.StateMachineUpdater (StateMachineUpdater.java:stopAndJoin(153)) - 324f6683-2ade-44b3-b06c-4a533e69f3ae@group-DD0DEF432836-StateMachineUpdater: set stopIndex = 9
2022-10-18 21:56:23,835 [Listener at localhost/43229] INFO  server.RaftServer$Division (RaftServerImpl.java:lambda$close$4(434)) - b0a080c7-90ba-4b33-9ef1-5c8d9af7a4e3@group-288BE5F8F4CA: shutdown
2022-10-18 21:56:23,835 [Listener at localhost/43229] INFO  util.JmxRegister (JmxRegister.java:unregister(73)) - Successfully un-registered JMX Bean with object name Ratis:service=RaftServer,group=group-288BE5F8F4CA,id=b0a080c7-90ba-4b33-9ef1-5c8d9af7a4e3
2022-10-18 21:56:23,835 [Listener at localhost/43229] INFO  impl.RoleInfo (RoleInfo.java:shutdownFollowerState(110)) - b0a080c7-90ba-4b33-9ef1-5c8d9af7a4e3: shutdown b0a080c7-90ba-4b33-9ef1-5c8d9af7a4e3@group-288BE5F8F4CA-FollowerState
2022-10-18 21:56:23,835 [b0a080c7-90ba-4b33-9ef1-5c8d9af7a4e3@group-288BE5F8F4CA-FollowerState] INFO  impl.FollowerState (FollowerState.java:run(152)) - b0a080c7-90ba-4b33-9ef1-5c8d9af7a4e3@group-288BE5F8F4CA-FollowerState was interrupted
2022-10-18 21:56:23,836 [b0a080c7-90ba-4b33-9ef1-5c8d9af7a4e3@group-288BE5F8F4CA-StateMachineUpdater] INFO  ratis.ContainerStateMachine (ContainerStateMachine.java:takeSnapshot(304)) - group-288BE5F8F4CA: Taking a snapshot at:(t:2, i:0) file /home/runner/work/ozone/ozone/hadoop-ozone/integration-test/target/test-dir/MiniOzoneClusterImpl-285291dc-83a3-4c49-94f6-5e759e1760ea/datanode-1/data/ratis/45a49219-9693-4247-8e68-288be5f8f4ca/sm/snapshot.2_0
2022-10-18 21:56:23,836 [Listener at localhost/43229] INFO  impl.StateMachineUpdater (StateMachineUpdater.java:stopAndJoin(153)) - b0a080c7-90ba-4b33-9ef1-5c8d9af7a4e3@group-288BE5F8F4CA-StateMachineUpdater: set stopIndex = 0
2022-10-18 21:56:23,836 [b0a080c7-90ba-4b33-9ef1-5c8d9af7a4e3@group-288BE5F8F4CA-StateMachineUpdater] INFO  ratis.ContainerStateMachine (ContainerStateMachine.java:takeSnapshot(315)) - group-288BE5F8F4CA: Finished taking a snapshot at:(t:2, i:0) file:/home/runner/work/ozone/ozone/hadoop-ozone/integration-test/target/test-dir/MiniOzoneClusterImpl-285291dc-83a3-4c49-94f6-5e759e1760ea/datanode-1/data/ratis/45a49219-9693-4247-8e68-288be5f8f4ca/sm/snapshot.2_0 took: 0 ms
2022-10-18 21:56:23,837 [b0a080c7-90ba-4b33-9ef1-5c8d9af7a4e3@group-288BE5F8F4CA-StateMachineUpdater] INFO  impl.StateMachineUpdater (StateMachineUpdater.java:takeSnapshot(287)) - b0a080c7-90ba-4b33-9ef1-5c8d9af7a4e3@group-288BE5F8F4CA-StateMachineUpdater: Took a snapshot at index 0
2022-10-18 21:56:23,837 [b0a080c7-90ba-4b33-9ef1-5c8d9af7a4e3@group-288BE5F8F4CA-StateMachineUpdater] INFO  impl.StateMachineUpdater (StateMachineUpdater.java:lambda$new$0(92)) - b0a080c7-90ba-4b33-9ef1-5c8d9af7a4e3@group-288BE5F8F4CA-StateMachineUpdater: snapshotIndex: updateIncreasingly -1 -> 0
2022-10-18 21:56:23,837 [Listener at localhost/43229] INFO  server.RaftServer$Division (ServerState.java:close(429)) - b0a080c7-90ba-4b33-9ef1-5c8d9af7a4e3@group-288BE5F8F4CA: closes. applyIndex: 0
2022-10-18 21:56:23,837 [b0a080c7-90ba-4b33-9ef1-5c8d9af7a4e3@group-288BE5F8F4CA-SegmentedRaftLogWorker] INFO  segmented.SegmentedRaftLogWorker (SegmentedRaftLogWorker.java:run(336)) - b0a080c7-90ba-4b33-9ef1-5c8d9af7a4e3@group-288BE5F8F4CA-SegmentedRaftLogWorker was interrupted, exiting. There are 0 tasks remaining in the queue.
2022-10-18 21:56:23,837 [Listener at localhost/43229] INFO  segmented.SegmentedRaftLogWorker (SegmentedRaftLogWorker.java:close(246)) - b0a080c7-90ba-4b33-9ef1-5c8d9af7a4e3@group-288BE5F8F4CA-SegmentedRaftLogWorker close()
2022-10-18 21:56:23,838 [324f6683-2ade-44b3-b06c-4a533e69f3ae@group-DD0DEF432836-StateMachineUpdater] INFO  ratis.ContainerStateMachine (ContainerStateMachine.java:takeSnapshot(315)) - group-DD0DEF432836: Finished taking a snapshot at:(t:1, i:9) file:/home/runner/work/ozone/ozone/hadoop-ozone/integration-test/target/test-dir/MiniOzoneClusterImpl-285291dc-83a3-4c49-94f6-5e759e1760ea/datanode-2/data/ratis/f232d82e-844e-41a1-9d14-dd0def432836/sm/snapshot.1_9 took: 4 ms
2022-10-18 21:56:23,838 [324f6683-2ade-44b3-b06c-4a533e69f3ae@group-DD0DEF432836-StateMachineUpdater] INFO  impl.StateMachineUpdater (StateMachineUpdater.java:takeSnapshot(287)) - 324f6683-2ade-44b3-b06c-4a533e69f3ae@group-DD0DEF432836-StateMachineUpdater: Took a snapshot at index 9
2022-10-18 21:56:23,838 [324f6683-2ade-44b3-b06c-4a533e69f3ae@group-DD0DEF432836-StateMachineUpdater] INFO  impl.StateMachineUpdater (StateMachineUpdater.java:lambda$new$0(92)) - 324f6683-2ade-44b3-b06c-4a533e69f3ae@group-DD0DEF432836-StateMachineUpdater: snapshotIndex: updateIncreasingly -1 -> 9
2022-10-18 21:56:23,839 [ForkJoinPool.commonPool-worker-1] INFO  server.RaftServer$Division (ServerState.java:close(429)) - 324f6683-2ade-44b3-b06c-4a533e69f3ae@group-DD0DEF432836: closes. applyIndex: 9
2022-10-18 21:56:23,840 [324f6683-2ade-44b3-b06c-4a533e69f3ae@group-DD0DEF432836-SegmentedRaftLogWorker] INFO  segmented.SegmentedRaftLogWorker (SegmentedRaftLogWorker.java:run(336)) - 324f6683-2ade-44b3-b06c-4a533e69f3ae@group-DD0DEF432836-SegmentedRaftLogWorker was interrupted, exiting. There are 0 tasks remaining in the queue.
2022-10-18 21:56:23,840 [ForkJoinPool.commonPool-worker-1] INFO  segmented.SegmentedRaftLogWorker (SegmentedRaftLogWorker.java:close(246)) - 324f6683-2ade-44b3-b06c-4a533e69f3ae@group-DD0DEF432836-SegmentedRaftLogWorker close()
2022-10-18 21:56:23,840 [Listener at localhost/43229] INFO  server.RaftServer$Division (RaftServerImpl.java:lambda$close$4(434)) - b0a080c7-90ba-4b33-9ef1-5c8d9af7a4e3@group-5490DEF9D266: shutdown
2022-10-18 21:56:23,840 [4be08eba-b757-4d49-ba99-26dafbb001b1@group-3F004320D14A-StateMachineUpdater] INFO  ratis.ContainerStateMachine (ContainerStateMachine.java:takeSnapshot(304)) - group-3F004320D14A: Taking a snapshot at:(t:1, i:26) file /home/runner/work/ozone/ozone/hadoop-ozone/integration-test/target/test-dir/MiniOzoneClusterImpl-285291dc-83a3-4c49-94f6-5e759e1760ea/datanode-0/data/ratis/1b6b70cd-d650-43d6-92bf-3f004320d14a/sm/snapshot.1_26
2022-10-18 21:56:23,841 [Listener at localhost/43229] INFO  util.JmxRegister (JmxRegister.java:unregister(73)) - Successfully un-registered JMX Bean with object name Ratis:service=RaftServer,group=group-5490DEF9D266,id=b0a080c7-90ba-4b33-9ef1-5c8d9af7a4e3
2022-10-18 21:56:23,841 [ForkJoinPool.commonPool-worker-1] INFO  server.RaftServer$Division (RaftServerImpl.java:lambda$close$4(434)) - 4be08eba-b757-4d49-ba99-26dafbb001b1@group-288BE5F8F4CA: shutdown
2022-10-18 21:56:23,840 [ForkJoinPool.commonPool-worker-3] INFO  impl.StateMachineUpdater (StateMachineUpdater.java:stopAndJoin(153)) - 4be08eba-b757-4d49-ba99-26dafbb001b1@group-3F004320D14A-StateMachineUpdater: set stopIndex = 26
2022-10-18 21:56:23,842 [ForkJoinPool.commonPool-worker-2] INFO  server.GrpcService (GrpcService.java:closeImpl(269)) - 324f6683-2ade-44b3-b06c-4a533e69f3ae: shutdown server with port 36541 now
2022-10-18 21:56:23,842 [ForkJoinPool.commonPool-worker-1] INFO  util.JmxRegister (JmxRegister.java:unregister(73)) - Successfully un-registered JMX Bean with object name Ratis:service=RaftServer,group=group-288BE5F8F4CA,id=4be08eba-b757-4d49-ba99-26dafbb001b1
2022-10-18 21:56:23,842 [ForkJoinPool.commonPool-worker-1] INFO  impl.RoleInfo (RoleInfo.java:shutdownLeaderState(93)) - 4be08eba-b757-4d49-ba99-26dafbb001b1: shutdown 4be08eba-b757-4d49-ba99-26dafbb001b1@group-288BE5F8F4CA-LeaderStateImpl
2022-10-18 21:56:23,842 [ForkJoinPool.commonPool-worker-1] INFO  impl.PendingRequests (PendingRequests.java:sendNotLeaderResponses(282)) - 4be08eba-b757-4d49-ba99-26dafbb001b1@group-288BE5F8F4CA-PendingRequests: sendNotLeaderResponses
2022-10-18 21:56:23,842 [4be08eba-b757-4d49-ba99-26dafbb001b1@group-288BE5F8F4CA->324f6683-2ade-44b3-b06c-4a533e69f3ae-GrpcLogAppender-LogAppenderDaemon] WARN  server.GrpcLogAppender (GrpcLogAppender.java:mayWait(171)) - 4be08eba-b757-4d49-ba99-26dafbb001b1@group-288BE5F8F4CA->324f6683-2ade-44b3-b06c-4a533e69f3ae-GrpcLogAppender: Wait interrupted by java.lang.InterruptedException
2022-10-18 21:56:23,842 [ForkJoinPool.commonPool-worker-1] INFO  impl.StateMachineUpdater (StateMachineUpdater.java:stopAndJoin(153)) - 4be08eba-b757-4d49-ba99-26dafbb001b1@group-288BE5F8F4CA-StateMachineUpdater: set stopIndex = 0
2022-10-18 21:56:23,841 [Listener at localhost/43229] INFO  impl.RoleInfo (RoleInfo.java:shutdownLeaderState(93)) - b0a080c7-90ba-4b33-9ef1-5c8d9af7a4e3: shutdown b0a080c7-90ba-4b33-9ef1-5c8d9af7a4e3@group-5490DEF9D266-LeaderStateImpl
2022-10-18 21:56:23,842 [4be08eba-b757-4d49-ba99-26dafbb001b1@group-288BE5F8F4CA-StateMachineUpdater] INFO  ratis.ContainerStateMachine (ContainerStateMachine.java:takeSnapshot(304)) - group-288BE5F8F4CA: Taking a snapshot at:(t:2, i:0) file /home/runner/work/ozone/ozone/hadoop-ozone/integration-test/target/test-dir/MiniOzoneClusterImpl-285291dc-83a3-4c49-94f6-5e759e1760ea/datanode-0/data/ratis/45a49219-9693-4247-8e68-288be5f8f4ca/sm/snapshot.2_0
2022-10-18 21:56:23,842 [Listener at localhost/43229] INFO  impl.PendingRequests (PendingRequests.java:sendNotLeaderResponses(282)) - b0a080c7-90ba-4b33-9ef1-5c8d9af7a4e3@group-5490DEF9D266-PendingRequests: sendNotLeaderResponses
2022-10-18 21:56:23,841 [4be08eba-b757-4d49-ba99-26dafbb001b1@group-3F004320D14A-StateMachineUpdater] INFO  ratis.ContainerStateMachine (ContainerStateMachine.java:takeSnapshot(315)) - group-3F004320D14A: Finished taking a snapshot at:(t:1, i:26) file:/home/runner/work/ozone/ozone/hadoop-ozone/integration-test/target/test-dir/MiniOzoneClusterImpl-285291dc-83a3-4c49-94f6-5e759e1760ea/datanode-0/data/ratis/1b6b70cd-d650-43d6-92bf-3f004320d14a/sm/snapshot.1_26 took: 0 ms
2022-10-18 21:56:23,844 [4be08eba-b757-4d49-ba99-26dafbb001b1@group-3F004320D14A-StateMachineUpdater] INFO  impl.StateMachineUpdater (StateMachineUpdater.java:takeSnapshot(287)) - 4be08eba-b757-4d49-ba99-26dafbb001b1@group-3F004320D14A-StateMachineUpdater: Took a snapshot at index 26
2022-10-18 21:56:23,844 [4be08eba-b757-4d49-ba99-26dafbb001b1@group-3F004320D14A-StateMachineUpdater] INFO  impl.StateMachineUpdater (StateMachineUpdater.java:lambda$new$0(92)) - 4be08eba-b757-4d49-ba99-26dafbb001b1@group-3F004320D14A-StateMachineUpdater: snapshotIndex: updateIncreasingly -1 -> 26
2022-10-18 21:56:23,844 [ForkJoinPool.commonPool-worker-3] INFO  server.RaftServer$Division (ServerState.java:close(429)) - 4be08eba-b757-4d49-ba99-26dafbb001b1@group-3F004320D14A: closes. applyIndex: 26
2022-10-18 21:56:23,844 [grpc-default-executor-0] INFO  server.GrpcServerProtocolService (GrpcServerProtocolService.java:onCompleted(140)) - 324f6683-2ade-44b3-b06c-4a533e69f3ae: Completed APPEND_ENTRIES, lastRequest: 4be08eba-b757-4d49-ba99-26dafbb001b1->324f6683-2ade-44b3-b06c-4a533e69f3ae#1-t2,previous=(t:0, i:0),leaderCommit=0,initializing? true,entries: size=1, first=(t:2, i:0), CONFIGURATIONENTRY
2022-10-18 21:56:23,843 [4be08eba-b757-4d49-ba99-26dafbb001b1@group-288BE5F8F4CA-StateMachineUpdater] INFO  ratis.ContainerStateMachine (ContainerStateMachine.java:takeSnapshot(315)) - group-288BE5F8F4CA: Finished taking a snapshot at:(t:2, i:0) file:/home/runner/work/ozone/ozone/hadoop-ozone/integration-test/target/test-dir/MiniOzoneClusterImpl-285291dc-83a3-4c49-94f6-5e759e1760ea/datanode-0/data/ratis/45a49219-9693-4247-8e68-288be5f8f4ca/sm/snapshot.2_0 took: 1 ms
2022-10-18 21:56:23,843 [4be08eba-b757-4d49-ba99-26dafbb001b1@group-288BE5F8F4CA->b0a080c7-90ba-4b33-9ef1-5c8d9af7a4e3-GrpcLogAppender-LogAppenderDaemon] WARN  server.GrpcLogAppender (GrpcLogAppender.java:mayWait(171)) - 4be08eba-b757-4d49-ba99-26dafbb001b1@group-288BE5F8F4CA->b0a080c7-90ba-4b33-9ef1-5c8d9af7a4e3-GrpcLogAppender: Wait interrupted by java.lang.InterruptedException
2022-10-18 21:56:23,845 [4be08eba-b757-4d49-ba99-26dafbb001b1@group-288BE5F8F4CA-StateMachineUpdater] INFO  impl.StateMachineUpdater (StateMachineUpdater.java:takeSnapshot(287)) - 4be08eba-b757-4d49-ba99-26dafbb001b1@group-288BE5F8F4CA-StateMachineUpdater: Took a snapshot at index 0
2022-10-18 21:56:23,845 [4be08eba-b757-4d49-ba99-26dafbb001b1@group-288BE5F8F4CA-StateMachineUpdater] INFO  impl.StateMachineUpdater (StateMachineUpdater.java:lambda$new$0(92)) - 4be08eba-b757-4d49-ba99-26dafbb001b1@group-288BE5F8F4CA-StateMachineUpdater: snapshotIndex: updateIncreasingly -1 -> 0
2022-10-18 21:56:23,846 [ForkJoinPool.commonPool-worker-1] INFO  server.RaftServer$Division (ServerState.java:close(429)) - 4be08eba-b757-4d49-ba99-26dafbb001b1@group-288BE5F8F4CA: closes. applyIndex: 0
2022-10-18 21:56:23,849 [4be08eba-b757-4d49-ba99-26dafbb001b1@group-3F004320D14A-SegmentedRaftLogWorker] INFO  segmented.SegmentedRaftLogWorker (SegmentedRaftLogWorker.java:run(336)) - 4be08eba-b757-4d49-ba99-26dafbb001b1@group-3F004320D14A-SegmentedRaftLogWorker was interrupted, exiting. There are 0 tasks remaining in the queue.
2022-10-18 21:56:23,849 [ForkJoinPool.commonPool-worker-3] INFO  segmented.SegmentedRaftLogWorker (SegmentedRaftLogWorker.java:close(246)) - 4be08eba-b757-4d49-ba99-26dafbb001b1@group-3F004320D14A-SegmentedRaftLogWorker close()
2022-10-18 21:56:23,849 [4be08eba-b757-4d49-ba99-26dafbb001b1@group-288BE5F8F4CA-SegmentedRaftLogWorker] INFO  segmented.SegmentedRaftLogWorker (SegmentedRaftLogWorker.java:run(336)) - 4be08eba-b757-4d49-ba99-26dafbb001b1@group-288BE5F8F4CA-SegmentedRaftLogWorker was interrupted, exiting. There are 0 tasks remaining in the queue.
2022-10-18 21:56:23,849 [grpc-default-executor-0] INFO  server.GrpcServerProtocolService (GrpcServerProtocolService.java:onCompleted(140)) - b0a080c7-90ba-4b33-9ef1-5c8d9af7a4e3: Completed APPEND_ENTRIES, lastRequest: 4be08eba-b757-4d49-ba99-26dafbb001b1->b0a080c7-90ba-4b33-9ef1-5c8d9af7a4e3#1-t2,previous=(t:0, i:0),leaderCommit=-1,initializing? true,entries: size=1, first=(t:2, i:0), CONFIGURATIONENTRY
2022-10-18 21:56:23,850 [b0a080c7-90ba-4b33-9ef1-5c8d9af7a4e3@group-5490DEF9D266-StateMachineUpdater] INFO  ratis.ContainerStateMachine (ContainerStateMachine.java:takeSnapshot(304)) - group-5490DEF9D266: Taking a snapshot at:(t:1, i:21) file /home/runner/work/ozone/ozone/hadoop-ozone/integration-test/target/test-dir/MiniOzoneClusterImpl-285291dc-83a3-4c49-94f6-5e759e1760ea/datanode-1/data/ratis/80c78e5f-d190-4d00-91f9-5490def9d266/sm/snapshot.1_21
2022-10-18 21:56:23,850 [grpc-default-executor-1] INFO  server.GrpcLogAppender (GrpcLogAppender.java:onCompleted(339)) - 4be08eba-b757-4d49-ba99-26dafbb001b1@group-288BE5F8F4CA->b0a080c7-90ba-4b33-9ef1-5c8d9af7a4e3-AppendLogResponseHandler: follower responses appendEntries COMPLETED
2022-10-18 21:56:23,850 [grpc-default-executor-1] INFO  leader.FollowerInfo (FollowerInfoImpl.java:lambda$new$0(48)) - 4be08eba-b757-4d49-ba99-26dafbb001b1@group-288BE5F8F4CA->b0a080c7-90ba-4b33-9ef1-5c8d9af7a4e3: nextIndex: updateUnconditionally 1 -> 0
2022-10-18 21:56:23,850 [grpc-default-executor-0] INFO  server.GrpcLogAppender (GrpcLogAppender.java:onError(328)) - 4be08eba-b757-4d49-ba99-26dafbb001b1@group-288BE5F8F4CA->324f6683-2ade-44b3-b06c-4a533e69f3ae-GrpcLogAppender is stopped
2022-10-18 21:56:23,850 [ForkJoinPool.commonPool-worker-2] INFO  server.GrpcService (GrpcService.java:closeImpl(278)) - 324f6683-2ade-44b3-b06c-4a533e69f3ae: shutdown server with port 36541 successfully
2022-10-18 21:56:23,850 [Listener at localhost/43229] INFO  impl.StateMachineUpdater (StateMachineUpdater.java:stopAndJoin(153)) - b0a080c7-90ba-4b33-9ef1-5c8d9af7a4e3@group-5490DEF9D266-StateMachineUpdater: set stopIndex = 21
2022-10-18 21:56:23,851 [b0a080c7-90ba-4b33-9ef1-5c8d9af7a4e3@group-5490DEF9D266-StateMachineUpdater] INFO  ratis.ContainerStateMachine (ContainerStateMachine.java:takeSnapshot(315)) - group-5490DEF9D266: Finished taking a snapshot at:(t:1, i:21) file:/home/runner/work/ozone/ozone/hadoop-ozone/integration-test/target/test-dir/MiniOzoneClusterImpl-285291dc-83a3-4c49-94f6-5e759e1760ea/datanode-1/data/ratis/80c78e5f-d190-4d00-91f9-5490def9d266/sm/snapshot.1_21 took: 1 ms
2022-10-18 21:56:23,851 [org.apache.ratis.util.JvmPauseMonitor$$Lambda$703/854163851@632fb865] INFO  util.JvmPauseMonitor (JvmPauseMonitor.java:run(109)) - JvmPauseMonitor-324f6683-2ade-44b3-b06c-4a533e69f3ae: Stopped
2022-10-18 21:56:23,851 [b0a080c7-90ba-4b33-9ef1-5c8d9af7a4e3@group-5490DEF9D266-StateMachineUpdater] INFO  impl.StateMachineUpdater (StateMachineUpdater.java:takeSnapshot(287)) - b0a080c7-90ba-4b33-9ef1-5c8d9af7a4e3@group-5490DEF9D266-StateMachineUpdater: Took a snapshot at index 21
2022-10-18 21:56:23,851 [b0a080c7-90ba-4b33-9ef1-5c8d9af7a4e3@group-5490DEF9D266-StateMachineUpdater] INFO  impl.StateMachineUpdater (StateMachineUpdater.java:lambda$new$0(92)) - b0a080c7-90ba-4b33-9ef1-5c8d9af7a4e3@group-5490DEF9D266-StateMachineUpdater: snapshotIndex: updateIncreasingly -1 -> 21
2022-10-18 21:56:23,851 [Listener at localhost/43229] INFO  server.RaftServer$Division (ServerState.java:close(429)) - b0a080c7-90ba-4b33-9ef1-5c8d9af7a4e3@group-5490DEF9D266: closes. applyIndex: 21
2022-10-18 21:56:23,852 [b0a080c7-90ba-4b33-9ef1-5c8d9af7a4e3@group-5490DEF9D266-SegmentedRaftLogWorker] INFO  segmented.SegmentedRaftLogWorker (SegmentedRaftLogWorker.java:run(336)) - b0a080c7-90ba-4b33-9ef1-5c8d9af7a4e3@group-5490DEF9D266-SegmentedRaftLogWorker was interrupted, exiting. There are 0 tasks remaining in the queue.
2022-10-18 21:56:23,852 [Listener at localhost/43229] INFO  segmented.SegmentedRaftLogWorker (SegmentedRaftLogWorker.java:close(246)) - b0a080c7-90ba-4b33-9ef1-5c8d9af7a4e3@group-5490DEF9D266-SegmentedRaftLogWorker close()
2022-10-18 21:56:23,852 [ForkJoinPool.commonPool-worker-1] INFO  segmented.SegmentedRaftLogWorker (SegmentedRaftLogWorker.java:close(246)) - 4be08eba-b757-4d49-ba99-26dafbb001b1@group-288BE5F8F4CA-SegmentedRaftLogWorker close()
2022-10-18 21:56:23,853 [ForkJoinPool.commonPool-worker-3] INFO  server.GrpcService (GrpcService.java:closeImpl(269)) - 4be08eba-b757-4d49-ba99-26dafbb001b1: shutdown server with port 37381 now
2022-10-18 21:56:23,854 [Listener at localhost/43229] INFO  server.GrpcService (GrpcService.java:closeImpl(269)) - b0a080c7-90ba-4b33-9ef1-5c8d9af7a4e3: shutdown server with port 35533 now
2022-10-18 21:56:23,858 [ForkJoinPool.commonPool-worker-3] INFO  server.GrpcService (GrpcService.java:closeImpl(278)) - 4be08eba-b757-4d49-ba99-26dafbb001b1: shutdown server with port 37381 successfully
2022-10-18 21:56:23,858 [org.apache.ratis.util.JvmPauseMonitor$$Lambda$703/854163851@50472336] INFO  util.JvmPauseMonitor (JvmPauseMonitor.java:run(109)) - JvmPauseMonitor-4be08eba-b757-4d49-ba99-26dafbb001b1: Stopped
2022-10-18 21:56:23,873 [Listener at localhost/43229] INFO  server.GrpcService (GrpcService.java:closeImpl(278)) - b0a080c7-90ba-4b33-9ef1-5c8d9af7a4e3: shutdown server with port 35533 successfully
2022-10-18 21:56:23,873 [org.apache.ratis.util.JvmPauseMonitor$$Lambda$703/854163851@3eb3471] INFO  util.JvmPauseMonitor (JvmPauseMonitor.java:run(109)) - JvmPauseMonitor-b0a080c7-90ba-4b33-9ef1-5c8d9af7a4e3: Stopped
2022-10-18 21:56:23,890 [grpc-default-executor-3] WARN  server.GrpcLogAppender (LogUtils.java:warn(122)) - omNode-1@group-523986131536->omNode-3-AppendLogResponseHandler: Failed appendEntries: org.apache.ratis.thirdparty.io.grpc.StatusRuntimeException: UNAVAILABLE: io exception
2022-10-18 21:56:23,890 [grpc-default-executor-3] INFO  leader.FollowerInfo (FollowerInfoImpl.java:lambda$new$0(48)) - omNode-1@group-523986131536->omNode-3: nextIndex: updateUnconditionally 147 -> 146
2022-10-18 21:56:24,068 [grpc-default-executor-3] WARN  server.GrpcLogAppender (LogUtils.java:warn(122)) - omNode-1@group-523986131536->omNode-2-AppendLogResponseHandler: Failed appendEntries: org.apache.ratis.thirdparty.io.grpc.StatusRuntimeException: UNAVAILABLE: io exception
2022-10-18 21:56:24,068 [grpc-default-executor-3] WARN  server.GrpcLogAppender (GrpcLogAppender.java:resetClient(111)) - omNode-1@group-523986131536->omNode-2-GrpcLogAppender: Leader has not got in touch with Follower omNode-1@group-523986131536->omNode-2(c-1,m0,n147, attendVote=true, lastRpcSendTime=0, lastRpcResponseTime=14970) yet, just keep nextIndex unchanged and retry.
2022-10-18 21:56:24,139 [grpc-default-executor-3] WARN  server.GrpcLogAppender (LogUtils.java:warn(122)) - omNode-1@group-523986131536->omNode-3-AppendLogResponseHandler: Failed appendEntries: org.apache.ratis.thirdparty.io.grpc.StatusRuntimeException: UNAVAILABLE: io exception
2022-10-18 21:56:24,140 [grpc-default-executor-3] INFO  leader.FollowerInfo (FollowerInfoImpl.java:lambda$new$0(48)) - omNode-1@group-523986131536->omNode-3: nextIndex: updateUnconditionally 147 -> 146
2022-10-18 21:56:24,318 [grpc-default-executor-3] WARN  server.GrpcLogAppender (LogUtils.java:warn(122)) - omNode-1@group-523986131536->omNode-2-AppendLogResponseHandler: Failed appendEntries: org.apache.ratis.thirdparty.io.grpc.StatusRuntimeException: UNAVAILABLE: io exception
2022-10-18 21:56:24,318 [grpc-default-executor-3] WARN  server.GrpcLogAppender (GrpcLogAppender.java:resetClient(111)) - omNode-1@group-523986131536->omNode-2-GrpcLogAppender: Leader has not got in touch with Follower omNode-1@group-523986131536->omNode-2(c-1,m0,n147, attendVote=true, lastRpcSendTime=0, lastRpcResponseTime=15220) yet, just keep nextIndex unchanged and retry.
2022-10-18 21:56:24,390 [grpc-default-executor-3] WARN  server.GrpcLogAppender (LogUtils.java:warn(122)) - omNode-1@group-523986131536->omNode-3-AppendLogResponseHandler: Failed appendEntries: org.apache.ratis.thirdparty.io.grpc.StatusRuntimeException: UNAVAILABLE: io exception
2022-10-18 21:56:24,390 [grpc-default-executor-3] INFO  leader.FollowerInfo (FollowerInfoImpl.java:lambda$new$0(48)) - omNode-1@group-523986131536->omNode-3: nextIndex: updateUnconditionally 147 -> 146
2022-10-18 21:56:24,568 [grpc-default-executor-3] WARN  server.GrpcLogAppender (LogUtils.java:warn(122)) - omNode-1@group-523986131536->omNode-2-AppendLogResponseHandler: Failed appendEntries: org.apache.ratis.thirdparty.io.grpc.StatusRuntimeException: UNAVAILABLE: io exception
2022-10-18 21:56:24,568 [grpc-default-executor-3] WARN  server.GrpcLogAppender (GrpcLogAppender.java:resetClient(111)) - omNode-1@group-523986131536->omNode-2-GrpcLogAppender: Leader has not got in touch with Follower omNode-1@group-523986131536->omNode-2(c-1,m0,n147, attendVote=true, lastRpcSendTime=0, lastRpcResponseTime=15470) yet, just keep nextIndex unchanged and retry.
2022-10-18 21:56:24,640 [grpc-default-executor-3] WARN  server.GrpcLogAppender (LogUtils.java:warn(122)) - omNode-1@group-523986131536->omNode-3-AppendLogResponseHandler: Failed appendEntries: org.apache.ratis.thirdparty.io.grpc.StatusRuntimeException: UNAVAILABLE: io exception
2022-10-18 21:56:24,641 [grpc-default-executor-3] INFO  leader.FollowerInfo (FollowerInfoImpl.java:lambda$new$0(48)) - omNode-1@group-523986131536->omNode-3: nextIndex: updateUnconditionally 147 -> 146
2022-10-18 21:56:24,757 [omNode-1@group-523986131536-LeaderStateImpl] WARN  server.RaftServer$Division (LeaderStateImpl.java:checkLeadership(1018)) - omNode-1@group-523986131536-LeaderStateImpl: Lost leadership on term: 6. Election timeout: 1200ms. In charge for: 14460ms. Conf: 145: [omNode-3|rpc:localhost:38017|admin:|client:|dataStream:|priority:0, omNode-1|rpc:localhost:35389|admin:|client:|dataStream:|priority:0, omNode-2|rpc:localhost:45203|admin:|client:|dataStream:|priority:0], old=null
2022-10-18 21:56:24,758 [omNode-1@group-523986131536-LeaderStateImpl] WARN  server.RaftServer$Division (LeaderStateImpl.java:lambda$checkLeadership$17(1022)) - Follower omNode-1@group-523986131536->omNode-3(c146,m146,n146, attendVote=true, lastRpcSendTime=117, lastRpcResponseTime=1871)
2022-10-18 21:56:24,758 [omNode-1@group-523986131536-LeaderStateImpl] WARN  server.RaftServer$Division (LeaderStateImpl.java:lambda$checkLeadership$17(1022)) - Follower omNode-1@group-523986131536->omNode-2(c-1,m0,n147, attendVote=true, lastRpcSendTime=189, lastRpcResponseTime=15659)
2022-10-18 21:56:24,758 [omNode-1@group-523986131536-LeaderStateImpl] INFO  server.RaftServer$Division (RaftServerImpl.java:setRole(299)) - omNode-1@group-523986131536: changes role from    LEADER to FOLLOWER at term 6 for StepDownReason:LOST_MAJORITY_HEARTBEATS
2022-10-18 21:56:24,758 [omNode-1@group-523986131536-LeaderStateImpl] INFO  impl.RoleInfo (RoleInfo.java:shutdownLeaderState(93)) - omNode-1: shutdown omNode-1@group-523986131536-LeaderStateImpl
2022-10-18 21:56:24,758 [omNode-1@group-523986131536->omNode-3-GrpcLogAppender-LogAppenderDaemon] WARN  server.GrpcLogAppender (GrpcLogAppender.java:mayWait(171)) - omNode-1@group-523986131536->omNode-3-GrpcLogAppender: Wait interrupted by java.lang.InterruptedException
2022-10-18 21:56:24,758 [omNode-1@group-523986131536-LeaderStateImpl] INFO  impl.PendingRequests (PendingRequests.java:sendNotLeaderResponses(282)) - omNode-1@group-523986131536-PendingRequests: sendNotLeaderResponses
2022-10-18 21:56:24,758 [omNode-1@group-523986131536-LeaderStateImpl] INFO  impl.RoleInfo (RoleInfo.java:updateAndGet(139)) - omNode-1: start omNode-1@group-523986131536-FollowerState
2022-10-18 21:56:25,874 [ForkJoinPool.commonPool-worker-2] INFO  utils.BackgroundService (BackgroundService.java:shutdown(141)) - Shutting down service BlockDeletingService
2022-10-18 21:56:25,874 [ForkJoinPool.commonPool-worker-3] INFO  utils.BackgroundService (BackgroundService.java:shutdown(141)) - Shutting down service BlockDeletingService
2022-10-18 21:56:25,874 [ForkJoinPool.commonPool-worker-3] INFO  utils.BackgroundService (BackgroundService.java:shutdown(141)) - Shutting down service StaleRecoveringContainerScrubbingService
2022-10-18 21:56:25,874 [ForkJoinPool.commonPool-worker-2] INFO  utils.BackgroundService (BackgroundService.java:shutdown(141)) - Shutting down service StaleRecoveringContainerScrubbingService
2022-10-18 21:56:25,875 [ForkJoinPool.commonPool-worker-2] INFO  statemachine.DatanodeStateMachine (DatanodeStateMachine.java:stopDaemon(580)) - Ozone container server stopped.
2022-10-18 21:56:25,875 [ForkJoinPool.commonPool-worker-3] INFO  statemachine.DatanodeStateMachine (DatanodeStateMachine.java:stopDaemon(580)) - Ozone container server stopped.
2022-10-18 21:56:25,878 [omNode-1@group-523986131536-FollowerState] INFO  impl.FollowerState (FollowerState.java:lostMajorityHeartbeatsRecently(108)) - omNode-1@group-523986131536-FollowerState: Skipping leader election since it stepped down recently (elapsed = 1119ms < waitTime = 10s)
2022-10-18 21:56:25,881 [Listener at localhost/43229] INFO  utils.BackgroundService (BackgroundService.java:shutdown(141)) - Shutting down service BlockDeletingService
2022-10-18 21:56:25,881 [Listener at localhost/43229] INFO  utils.BackgroundService (BackgroundService.java:shutdown(141)) - Shutting down service StaleRecoveringContainerScrubbingService
2022-10-18 21:56:25,882 [Listener at localhost/43229] INFO  statemachine.DatanodeStateMachine (DatanodeStateMachine.java:stopDaemon(580)) - Ozone container server stopped.
2022-10-18 21:56:25,886 [ForkJoinPool.commonPool-worker-3] INFO  handler.ContextHandler (ContextHandler.java:doStop(1153)) - Stopped o.e.j.w.WebAppContext@494e9f73{hddsDatanode,/,null,STOPPED}{jar:file:/home/runner/.m2/repository/org/apache/ozone/hdds-container-service/1.3.0-SNAPSHOT/hdds-container-service-1.3.0-SNAPSHOT.jar!/webapps/hddsDatanode}
2022-10-18 21:56:25,886 [ForkJoinPool.commonPool-worker-2] INFO  handler.ContextHandler (ContextHandler.java:doStop(1153)) - Stopped o.e.j.w.WebAppContext@55fbe0fc{hddsDatanode,/,null,STOPPED}{jar:file:/home/runner/.m2/repository/org/apache/ozone/hdds-container-service/1.3.0-SNAPSHOT/hdds-container-service-1.3.0-SNAPSHOT.jar!/webapps/hddsDatanode}
2022-10-18 21:56:25,886 [ForkJoinPool.commonPool-worker-3] INFO  server.AbstractConnector (AbstractConnector.java:doStop(381)) - Stopped ServerConnector@12f9db3f{HTTP/1.1, (http/1.1)}{0.0.0.0:0}
2022-10-18 21:56:25,886 [ForkJoinPool.commonPool-worker-3] INFO  server.session (HouseKeeper.java:stopScavenging(149)) - node0 Stopped scavenging
2022-10-18 21:56:25,886 [ForkJoinPool.commonPool-worker-2] INFO  server.AbstractConnector (AbstractConnector.java:doStop(381)) - Stopped ServerConnector@533167f0{HTTP/1.1, (http/1.1)}{0.0.0.0:0}
2022-10-18 21:56:25,887 [ForkJoinPool.commonPool-worker-2] INFO  server.session (HouseKeeper.java:stopScavenging(149)) - node0 Stopped scavenging
2022-10-18 21:56:25,887 [ForkJoinPool.commonPool-worker-3] INFO  handler.ContextHandler (ContextHandler.java:doStop(1153)) - Stopped o.e.j.s.ServletContextHandler@66dee88a{static,/static,jar:file:/home/runner/.m2/repository/org/apache/ozone/hdds-container-service/1.3.0-SNAPSHOT/hdds-container-service-1.3.0-SNAPSHOT.jar!/webapps/static,STOPPED}
2022-10-18 21:56:25,889 [ForkJoinPool.commonPool-worker-3] INFO  handler.ContextHandler (ContextHandler.java:doStop(1153)) - Stopped o.e.j.s.ServletContextHandler@73b40ffd{logs,/logs,file:///home/runner/work/ozone/ozone/hadoop-ozone/integration-test/target/log,STOPPED}
2022-10-18 21:56:25,893 [ForkJoinPool.commonPool-worker-2] INFO  handler.ContextHandler (ContextHandler.java:doStop(1153)) - Stopped o.e.j.s.ServletContextHandler@618e35b9{static,/static,jar:file:/home/runner/.m2/repository/org/apache/ozone/hdds-container-service/1.3.0-SNAPSHOT/hdds-container-service-1.3.0-SNAPSHOT.jar!/webapps/static,STOPPED}
2022-10-18 21:56:25,893 [ForkJoinPool.commonPool-worker-2] INFO  handler.ContextHandler (ContextHandler.java:doStop(1153)) - Stopped o.e.j.s.ServletContextHandler@9069115{logs,/logs,file:///home/runner/work/ozone/ozone/hadoop-ozone/integration-test/target/log,STOPPED}
2022-10-18 21:56:25,893 [Listener at localhost/43229] INFO  handler.ContextHandler (ContextHandler.java:doStop(1153)) - Stopped o.e.j.w.WebAppContext@4f45a09c{hddsDatanode,/,null,STOPPED}{jar:file:/home/runner/.m2/repository/org/apache/ozone/hdds-container-service/1.3.0-SNAPSHOT/hdds-container-service-1.3.0-SNAPSHOT.jar!/webapps/hddsDatanode}
2022-10-18 21:56:25,894 [Listener at localhost/43229] INFO  server.AbstractConnector (AbstractConnector.java:doStop(381)) - Stopped ServerConnector@5620a340{HTTP/1.1, (http/1.1)}{0.0.0.0:0}
2022-10-18 21:56:25,894 [Listener at localhost/43229] INFO  server.session (HouseKeeper.java:stopScavenging(149)) - node0 Stopped scavenging
2022-10-18 21:56:25,895 [Listener at localhost/43229] INFO  handler.ContextHandler (ContextHandler.java:doStop(1153)) - Stopped o.e.j.s.ServletContextHandler@c04ab48{static,/static,jar:file:/home/runner/.m2/repository/org/apache/ozone/hdds-container-service/1.3.0-SNAPSHOT/hdds-container-service-1.3.0-SNAPSHOT.jar!/webapps/static,STOPPED}
2022-10-18 21:56:25,895 [Listener at localhost/43229] INFO  handler.ContextHandler (ContextHandler.java:doStop(1153)) - Stopped o.e.j.s.ServletContextHandler@6bb0a32c{logs,/logs,file:///home/runner/work/ozone/ozone/hadoop-ozone/integration-test/target/log,STOPPED}
2022-10-18 21:56:25,944 [Listener at localhost/43229] WARN  server.ServerUtils (ServerUtils.java:getScmDbDir(148)) - ozone.scm.db.dirs is not configured. We recommend adding this setting. Falling back to ozone.metadata.dirs instead.
2022-10-18 21:56:25,947 [Listener at localhost/43229] WARN  server.ServerUtils (ServerUtils.java:getScmDbDir(148)) - ozone.scm.db.dirs is not configured. We recommend adding this setting. Falling back to ozone.metadata.dirs instead.
2022-10-18 21:56:25,947 [Listener at localhost/43229] INFO  ha.SCMHANodeDetails (SCMHANodeDetails.java:loadSCMHAConfig(209)) - ServiceID for StorageContainerManager is null
2022-10-18 21:56:25,947 [Listener at localhost/43229] INFO  ha.SCMHANodeDetails (SCMHANodeDetails.java:loadSCMHAConfig(214)) - ozone.scm.default.service.id is not defined, falling back to ozone.scm.service.ids to find serviceID for StorageContainerManager if it is HA enabled cluster
2022-10-18 21:56:25,948 [Listener at localhost/43229] WARN  utils.HAUtils (HAUtils.java:getMetaDir(342)) - ozone.scm.db.dirs is not configured. We recommend adding this setting. Falling back to ozone.metadata.dirs instead.
2022-10-18 21:56:25,948 [Listener at localhost/43229] WARN  db.DBStoreBuilder (DBStoreBuilder.java:applyDBDefinition(144)) - ozone.scm.db.dirs is not configured. We recommend adding this setting. Falling back to ozone.metadata.dirs instead.
2022-10-18 21:56:26,012 [Listener at localhost/43229] INFO  net.NodeSchemaLoader (NodeSchemaLoader.java:loadSchemaFromFile(129)) - Loading schema from [jar:file:/home/runner/.m2/repository/org/apache/ozone/hdds-common/1.3.0-SNAPSHOT/hdds-common-1.3.0-SNAPSHOT.jar!/network-topology-default.xml]
2022-10-18 21:56:26,013 [Listener at localhost/43229] INFO  net.NodeSchemaLoader (NodeSchemaLoader.java:loadSchema(176)) - Loading network topology layer schema file
2022-10-18 21:56:26,015 [Listener at localhost/43229] INFO  upgrade.AbstractLayoutVersionManager (AbstractLayoutVersionManager.java:init(83)) - Initializing Layout version manager with metadata layout = DATANODE_SCHEMA_V3 (version = 4), software layout = DATANODE_SCHEMA_V3 (version = 4)
2022-10-18 21:56:26,043 [Listener at localhost/43229] INFO  reflections.Reflections (Reflections.java:scan(232)) - Reflections took 27 ms to scan 7 urls, producing 137 keys and 328 values 
2022-10-18 21:56:26,045 [Listener at localhost/43229] INFO  ha.SequenceIdGenerator (SequenceIdGenerator.java:upgradeToSequenceId(349)) - upgrade localId to 109611004723200000
2022-10-18 21:56:26,045 [Listener at localhost/43229] INFO  ha.SequenceIdGenerator (SequenceIdGenerator.java:upgradeToSequenceId(359)) - upgrade delTxnId to 0
2022-10-18 21:56:26,045 [Listener at localhost/43229] INFO  ha.SequenceIdGenerator (SequenceIdGenerator.java:upgradeToSequenceId(376)) - upgrade containerId to 0
2022-10-18 21:56:26,045 [Listener at localhost/43229] INFO  ha.SequenceIdGenerator (SequenceIdGenerator.java:<init>(220)) - Init the HA SequenceIdGenerator.
2022-10-18 21:56:26,046 [Listener at localhost/43229] WARN  server.ServerUtils (ServerUtils.java:sanitizeUserArgs(73)) - ozone.scm.stale.node.interval value = 300000 is larger than max = 100000 based on the key value of ozone.scm.heartbeat.thread.interval, reset to the max value 100000.
2022-10-18 21:56:26,046 [Listener at localhost/43229] WARN  server.ServerUtils (ServerUtils.java:sanitizeUserArgs(73)) - ozone.scm.stale.node.interval value = 300000 is larger than max = 100000 based on the key value of ozone.scm.heartbeat.thread.interval, reset to the max value 100000.
2022-10-18 21:56:26,046 [Listener at localhost/43229] INFO  node.SCMNodeManager (SCMNodeManager.java:<init>(149)) - Entering startup safe mode.
2022-10-18 21:56:26,046 [Listener at localhost/43229] INFO  algorithms.ContainerPlacementPolicyFactory (ContainerPlacementPolicyFactory.java:getPolicyInternal(86)) - Create container placement policy of type org.apache.hadoop.hdds.scm.container.placement.algorithms.SCMContainerPlacementRandom
2022-10-18 21:56:26,047 [Listener at localhost/43229] INFO  algorithms.ContainerPlacementPolicyFactory (ContainerPlacementPolicyFactory.java:getPolicyInternal(86)) - Create container placement policy of type org.apache.hadoop.hdds.scm.container.placement.algorithms.SCMContainerPlacementRackScatter
2022-10-18 21:56:26,047 [Listener at localhost/43229] INFO  pipeline.PipelineStateManagerImpl (PipelineStateManagerImpl.java:initialize(78)) - No pipeline exists in current db
2022-10-18 21:56:26,047 [Listener at localhost/43229] INFO  algorithms.LeaderChoosePolicyFactory (LeaderChoosePolicyFactory.java:getPolicy(57)) - Create leader choose policy of type org.apache.hadoop.hdds.scm.pipeline.leader.choose.algorithms.MinLeaderCountChoosePolicy
2022-10-18 21:56:26,047 [Listener at localhost/43229] INFO  algorithms.ContainerPlacementPolicyFactory (ContainerPlacementPolicyFactory.java:getPolicyInternal(86)) - Create container placement policy of type org.apache.hadoop.hdds.scm.container.placement.algorithms.SCMContainerPlacementRackScatter
2022-10-18 21:56:26,047 [Listener at localhost/43229] INFO  ha.SCMServiceManager (SCMServiceManager.java:register(42)) - Registering service BackgroundPipelineCreator.
2022-10-18 21:56:26,048 [Listener at localhost/43229] INFO  pipeline.BackgroundPipelineCreator (BackgroundPipelineCreator.java:start(124)) - Starting RatisPipelineUtilsThread.
2022-10-18 21:56:26,048 [Listener at localhost/43229] INFO  BackgroundPipelineScrubber (BackgroundSCMService.java:start(68)) - Starting BackgroundPipelineScrubber Service.
2022-10-18 21:56:26,048 [Listener at localhost/43229] INFO  ha.SCMServiceManager (SCMServiceManager.java:register(42)) - Registering service BackgroundPipelineScrubber.
2022-10-18 21:56:26,048 [Listener at localhost/43229] INFO  ExpiredContainerReplicaOpScrubber (BackgroundSCMService.java:start(68)) - Starting ExpiredContainerReplicaOpScrubber Service.
2022-10-18 21:56:26,048 [Listener at localhost/43229] INFO  ha.SCMServiceManager (SCMServiceManager.java:register(42)) - Registering service ExpiredContainerReplicaOpScrubber.
2022-10-18 21:56:26,050 [Listener at localhost/43229] INFO  algorithms.PipelineChoosePolicyFactory (PipelineChoosePolicyFactory.java:createPipelineChoosePolicyFromClass(73)) - Create pipeline choose policy of type org.apache.hadoop.hdds.scm.pipeline.choose.algorithms.RandomPipelineChoosePolicy
2022-10-18 21:56:26,050 [Listener at localhost/43229] INFO  ha.SCMServiceManager (SCMServiceManager.java:register(42)) - Registering service SCMBlockDeletingService.
2022-10-18 21:56:26,050 [Listener at localhost/43229] INFO  replication.ReplicationManager (ReplicationManager.java:start(225)) - Starting Replication Monitor Thread.
2022-10-18 21:56:26,054 [ReplicationMonitor] INFO  replication.ReplicationManager (ReplicationManager.java:processAll(293)) - Replication Manager is not ready to run until 3000ms after safemode exit
2022-10-18 21:56:26,054 [Listener at localhost/43229] INFO  ha.SCMServiceManager (SCMServiceManager.java:register(42)) - Registering service ReplicationManager.
2022-10-18 21:56:26,054 [Listener at localhost/43229] INFO  safemode.ContainerSafeModeRule (ContainerSafeModeRule.java:<init>(89)) - containers with one replica threshold count 0
2022-10-18 21:56:26,055 [Listener at localhost/43229] INFO  safemode.HealthyPipelineSafeModeRule (HealthyPipelineSafeModeRule.java:initializeRule(169)) - Total pipeline count is 0, healthy pipeline threshold count is 1
2022-10-18 21:56:26,055 [Listener at localhost/43229] INFO  safemode.OneReplicaPipelineSafeModeRule (OneReplicaPipelineSafeModeRule.java:initializeRule(180)) - Total pipeline count is 0, pipeline's with at least one datanode reported threshold count is 0
2022-10-18 21:56:26,056 [Listener at localhost/43229] INFO  ipc.CallQueueManager (CallQueueManager.java:<init>(90)) - Using callQueue: class java.util.concurrent.LinkedBlockingQueue, queueCapacity: 2000, scheduler: class org.apache.hadoop.ipc.DefaultRpcScheduler, ipcBackoff: false.
2022-10-18 21:56:26,056 [Socket Reader #1 for port 0] INFO  ipc.Server (Server.java:run(1273)) - Starting Socket Reader #1 for port 0
2022-10-18 21:56:26,059 [Listener at 0.0.0.0/38507] INFO  ipc.CallQueueManager (CallQueueManager.java:<init>(90)) - Using callQueue: class java.util.concurrent.LinkedBlockingQueue, queueCapacity: 2000, scheduler: class org.apache.hadoop.ipc.DefaultRpcScheduler, ipcBackoff: false.
2022-10-18 21:56:26,060 [Socket Reader #1 for port 0] INFO  ipc.Server (Server.java:run(1273)) - Starting Socket Reader #1 for port 0
2022-10-18 21:56:26,062 [Listener at 0.0.0.0/35249] INFO  ipc.CallQueueManager (CallQueueManager.java:<init>(90)) - Using callQueue: class java.util.concurrent.LinkedBlockingQueue, queueCapacity: 2000, scheduler: class org.apache.hadoop.ipc.DefaultRpcScheduler, ipcBackoff: false.
2022-10-18 21:56:26,064 [Socket Reader #1 for port 0] INFO  ipc.Server (Server.java:run(1273)) - Starting Socket Reader #1 for port 0
2022-10-18 21:56:26,079 [Listener at 0.0.0.0/37317] INFO  ha.SCMServiceManager (SCMServiceManager.java:register(42)) - Registering service ContainerBalancer.
2022-10-18 21:56:26,080 [Listener at 0.0.0.0/37317] INFO  server.StorageContainerManager (StorageContainerManager.java:<init>(410)) - 
Container Balancer status:
Key                            Value
Running                        true
Container Balancer Configuration values:
Key                                                Value
Threshold                                          10
Max Datanodes to Involve per Iteration(percent)    20
Max Size to Move per Iteration                     500GB
Max Size Entering Target per Iteration             26GB
Max Size Leaving Source per Iteration              26GB

2022-10-18 21:56:26,080 [Listener at 0.0.0.0/37317] WARN  events.EventQueue (EventQueue.java:fireEvent(216)) - No event handler registered for event TypedEvent{payloadType=SafeModeStatus, name='Safe mode status'}
2022-10-18 21:56:26,080 [Listener at 0.0.0.0/37317] INFO  ha.SCMContext (SCMContext.java:updateSafeModeStatus(228)) - Update SafeModeStatus from SafeModeStatus{safeModeStatus=true, preCheckPassed=false} to SafeModeStatus{safeModeStatus=true, preCheckPassed=false}.
2022-10-18 21:56:26,080 [Listener at 0.0.0.0/37317] INFO  server.StorageContainerManager (StorageContainerManager.java:start(1436)) - StorageContainerLocationProtocol RPC server is listening at /0.0.0.0:37317
2022-10-18 21:56:26,081 [Listener at 0.0.0.0/37317] WARN  impl.MetricsConfig (MetricsConfig.java:loadFirst(136)) - Cannot locate configuration: tried hadoop-metrics2-storagecontainermanager.properties,hadoop-metrics2.properties
2022-10-18 21:56:26,082 [Listener at 0.0.0.0/37317] INFO  impl.MetricsSystemImpl (MetricsSystemImpl.java:startTimer(378)) - Scheduled Metric snapshot period at 10 second(s).
2022-10-18 21:56:26,082 [Listener at 0.0.0.0/37317] INFO  impl.MetricsSystemImpl (MetricsSystemImpl.java:start(191)) - StorageContainerManager metrics system started
2022-10-18 21:56:26,096 [Listener at 0.0.0.0/37317] INFO  impl.MetricsSinkAdapter (MetricsSinkAdapter.java:start(204)) - Sink prometheus started
2022-10-18 21:56:26,096 [Listener at 0.0.0.0/37317] INFO  impl.MetricsSystemImpl (MetricsSystemImpl.java:registerSink(305)) - Registered sink prometheus
2022-10-18 21:56:26,105 [Listener at 0.0.0.0/37317] INFO  server.SCMClientProtocolServer (SCMClientProtocolServer.java:start(170)) - RPC server for Client  is listening at /0.0.0.0:37317
2022-10-18 21:56:26,105 [IPC Server Responder] INFO  ipc.Server (Server.java:run(1512)) - IPC Server Responder: starting
2022-10-18 21:56:26,105 [IPC Server listener on 0] INFO  ipc.Server (Server.java:run(1352)) - IPC Server listener on 0: starting
2022-10-18 21:56:26,110 [Listener at 0.0.0.0/37317] INFO  server.StorageContainerManager (StorageContainerManager.java:start(1451)) - ScmBlockLocationProtocol RPC server is listening at /0.0.0.0:35249
2022-10-18 21:56:26,110 [Listener at 0.0.0.0/37317] INFO  server.SCMBlockProtocolServer (SCMBlockProtocolServer.java:start(152)) - RPC server for Block Protocol is listening at /0.0.0.0:35249
2022-10-18 21:56:26,110 [IPC Server Responder] INFO  ipc.Server (Server.java:run(1512)) - IPC Server Responder: starting
2022-10-18 21:56:26,110 [IPC Server listener on 0] INFO  ipc.Server (Server.java:run(1352)) - IPC Server listener on 0: starting
2022-10-18 21:56:26,112 [Listener at 0.0.0.0/37317] INFO  server.SCMDatanodeProtocolServer (SCMDatanodeProtocolServer.java:start(186)) - ScmDatanodeProtocol RPC server for DataNodes is listening at /0.0.0.0:38507
2022-10-18 21:56:26,112 [IPC Server Responder] INFO  ipc.Server (Server.java:run(1512)) - IPC Server Responder: starting
2022-10-18 21:56:26,113 [IPC Server listener on 0] INFO  ipc.Server (Server.java:run(1352)) - IPC Server listener on 0: starting
2022-10-18 21:56:26,115 [org.apache.hadoop.util.JvmPauseMonitor$Monitor@3fb77b28] INFO  util.JvmPauseMonitor (JvmPauseMonitor.java:run(188)) - Starting JVM pause monitor
2022-10-18 21:56:26,115 [Listener at 0.0.0.0/37317] INFO  http.BaseHttpServer (BaseHttpServer.java:newHttpServer2BuilderForOzone(213)) - Starting Web-server for scm at: http://0.0.0.0:0
2022-10-18 21:56:26,115 [Listener at 0.0.0.0/37317] INFO  http.BaseHttpServer (BaseHttpServer.java:<init>(108)) - Hadoop Security Enabled: false Ozone Security Enabled: false Ozone HTTP Security Enabled: false 
2022-10-18 21:56:26,117 [Listener at 0.0.0.0/37317] WARN  server.AuthenticationFilter (AuthenticationFilter.java:constructSecretProvider(240)) - Unable to initialize FileSignerSecretProvider, falling back to use random secrets. Reason: Could not read signature secret file: /home/runner/hadoop-http-auth-signature-secret
2022-10-18 21:56:26,117 [Listener at 0.0.0.0/37317] WARN  http.HttpRequestLog (HttpRequestLog.java:getRequestLog(103)) - Jetty request log can only be enabled using Log4j
2022-10-18 21:56:26,118 [Listener at 0.0.0.0/37317] INFO  http.HttpServer2 (HttpServer2.java:addGlobalFilter(1031)) - Added global filter 'safety' (class=org.apache.hadoop.hdds.server.http.HttpServer2$QuotingInputFilter)
2022-10-18 21:56:26,119 [Listener at 0.0.0.0/37317] INFO  http.HttpServer2 (HttpServer2.java:addFilter(1007)) - Added filter static_user_filter (class=org.apache.hadoop.http.lib.StaticUserWebFilter$StaticUserFilter) to context scm
2022-10-18 21:56:26,119 [Listener at 0.0.0.0/37317] INFO  http.HttpServer2 (HttpServer2.java:addFilter(1015)) - Added filter static_user_filter (class=org.apache.hadoop.http.lib.StaticUserWebFilter$StaticUserFilter) to context logs
2022-10-18 21:56:26,120 [Listener at 0.0.0.0/37317] INFO  http.HttpServer2 (HttpServer2.java:addFilter(1015)) - Added filter static_user_filter (class=org.apache.hadoop.http.lib.StaticUserWebFilter$StaticUserFilter) to context static
2022-10-18 21:56:26,120 [Listener at 0.0.0.0/37317] INFO  http.HttpServer2 (HttpServer2.java:bindListener(1250)) - Jetty bound to port 40461
2022-10-18 21:56:26,121 [Listener at 0.0.0.0/37317] INFO  server.Server (Server.java:doStart(375)) - jetty-9.4.43.v20210629; built: 2021-06-30T11:07:22.254Z; git: 526006ecfa3af7f1a27ef3a288e2bef7ea9dd7e8; jvm 1.8.0_345-b01
2022-10-18 21:56:26,125 [Listener at 0.0.0.0/37317] INFO  server.session (DefaultSessionIdManager.java:doStart(334)) - DefaultSessionIdManager workerName=node0
2022-10-18 21:56:26,125 [Listener at 0.0.0.0/37317] INFO  server.session (DefaultSessionIdManager.java:doStart(339)) - No SessionScavenger set, using defaults
2022-10-18 21:56:26,125 [Listener at 0.0.0.0/37317] INFO  server.session (HouseKeeper.java:startScavenging(132)) - node0 Scavenging every 600000ms
2022-10-18 21:56:26,126 [Listener at 0.0.0.0/37317] INFO  handler.ContextHandler (ContextHandler.java:doStart(915)) - Started o.e.j.s.ServletContextHandler@487f4508{logs,/logs,file:///home/runner/work/ozone/ozone/hadoop-ozone/integration-test/target/log,AVAILABLE}
2022-10-18 21:56:26,127 [Listener at 0.0.0.0/37317] INFO  handler.ContextHandler (ContextHandler.java:doStart(915)) - Started o.e.j.s.ServletContextHandler@1ec664bc{static,/static,file:///home/runner/work/ozone/ozone/hadoop-ozone/integration-test/target/test-classes/webapps/static,AVAILABLE}
2022-10-18 21:56:26,131 [Listener at 0.0.0.0/37317] INFO  handler.ContextHandler (ContextHandler.java:doStart(915)) - Started o.e.j.w.WebAppContext@903c506{scm,/,file:///home/runner/work/ozone/ozone/hadoop-ozone/integration-test/target/test-classes/webapps/scm/,AVAILABLE}{file:/home/runner/work/ozone/ozone/hadoop-ozone/integration-test/target/test-classes/webapps/scm}
2022-10-18 21:56:26,132 [Listener at 0.0.0.0/37317] INFO  server.AbstractConnector (AbstractConnector.java:doStart(331)) - Started ServerConnector@e519afd{HTTP/1.1, (http/1.1)}{0.0.0.0:40461}
2022-10-18 21:56:26,132 [Listener at 0.0.0.0/37317] INFO  server.Server (Server.java:doStart(415)) - Started @68851ms
2022-10-18 21:56:26,132 [Listener at 0.0.0.0/37317] WARN  impl.MetricsSystemImpl (MetricsSystemImpl.java:register(279)) - Sink prometheus already exists!
2022-10-18 21:56:26,133 [Listener at 0.0.0.0/37317] INFO  http.BaseHttpServer (BaseHttpServer.java:updateConnectorAddress(333)) - HTTP server of scm listening at http://0.0.0.0:40461
2022-10-18 21:56:26,134 [Listener at 0.0.0.0/37317] INFO  ha.OMHANodeDetails (OMHANodeDetails.java:loadOMHAConfig(121)) - ServiceID for OzoneManager is om-service-test1
2022-10-18 21:56:26,134 [Listener at 0.0.0.0/37317] INFO  ha.OMHANodeDetails (OMHANodeDetails.java:loadOMHAConfig(201)) - Found matching OM address with OMServiceId: om-service-test1, OMNodeId: omNode-1, RPC Address: localhost:43961 and Ratis port: 43245
2022-10-18 21:56:26,134 [Listener at 0.0.0.0/37317] INFO  ha.OMHANodeDetails (ConfUtils.java:setNodeSpecificConfigs(97)) - Setting configuration key ozone.om.http-address with value of key ozone.om.http-address.om-service-test1.omNode-1: 127.0.0.1:33751
2022-10-18 21:56:26,134 [Listener at 0.0.0.0/37317] INFO  ha.OMHANodeDetails (ConfUtils.java:setNodeSpecificConfigs(97)) - Setting configuration key ozone.om.https-address with value of key ozone.om.https-address.om-service-test1.omNode-1: 127.0.0.1:45257
2022-10-18 21:56:26,134 [Listener at 0.0.0.0/37317] INFO  ha.OMHANodeDetails (ConfUtils.java:setNodeSpecificConfigs(97)) - Setting configuration key ozone.om.address with value of key ozone.om.address.om-service-test1.omNode-1: 127.0.0.1:43961
2022-10-18 21:56:26,134 [Listener at 0.0.0.0/37317] WARN  server.ServerUtils (ServerUtils.java:getDBPath(225)) - ozone.om.db.dirs is not configured. We recommend adding this setting. Falling back to ozone.metadata.dirs instead.
2022-10-18 21:56:26,135 [Listener at 0.0.0.0/37317] INFO  proxy.SCMBlockLocationFailoverProxyProvider (SCMBlockLocationFailoverProxyProvider.java:<init>(114)) - Created block location fail-over proxy with 1 nodes: [nodeId=scmNodeId,nodeAddress=/0.0.0.0:35249]
OM initialization succeeded.Current cluster id for sd=/home/runner/work/ozone/ozone/hadoop-ozone/integration-test/target/test-dir/MiniOzoneClusterImpl-1c94f07e-3edc-4d60-9c78-eaa851002676/omNode-1/om;cid=1c94f07e-3edc-4d60-9c78-eaa851002676;layoutVersion=3
2022-10-18 21:56:26,139 [Listener at 0.0.0.0/37317] INFO  ha.OMHANodeDetails (OMHANodeDetails.java:loadOMHAConfig(121)) - ServiceID for OzoneManager is om-service-test1
2022-10-18 21:56:26,139 [Listener at 0.0.0.0/37317] INFO  ha.OMHANodeDetails (OMHANodeDetails.java:loadOMHAConfig(201)) - Found matching OM address with OMServiceId: om-service-test1, OMNodeId: omNode-1, RPC Address: localhost:43961 and Ratis port: 43245
2022-10-18 21:56:26,139 [Listener at 0.0.0.0/37317] INFO  ha.OMHANodeDetails (ConfUtils.java:setNodeSpecificConfigs(97)) - Setting configuration key ozone.om.http-address with value of key ozone.om.http-address.om-service-test1.omNode-1: 127.0.0.1:33751
2022-10-18 21:56:26,140 [Listener at 0.0.0.0/37317] INFO  ha.OMHANodeDetails (ConfUtils.java:setNodeSpecificConfigs(97)) - Setting configuration key ozone.om.https-address with value of key ozone.om.https-address.om-service-test1.omNode-1: 127.0.0.1:45257
2022-10-18 21:56:26,140 [Listener at 0.0.0.0/37317] INFO  ha.OMHANodeDetails (ConfUtils.java:setNodeSpecificConfigs(97)) - Setting configuration key ozone.om.address with value of key ozone.om.address.om-service-test1.omNode-1: 127.0.0.1:43961
2022-10-18 21:56:26,140 [Listener at 0.0.0.0/37317] WARN  server.ServerUtils (ServerUtils.java:getDBPath(225)) - ozone.om.db.dirs is not configured. We recommend adding this setting. Falling back to ozone.metadata.dirs instead.
2022-10-18 21:56:26,140 [Listener at 0.0.0.0/37317] INFO  upgrade.AbstractLayoutVersionManager (AbstractLayoutVersionManager.java:init(83)) - Initializing Layout version manager with metadata layout = MULTITENANCY_SCHEMA (version = 3), software layout = MULTITENANCY_SCHEMA (version = 3)
2022-10-18 21:56:26,182 [Listener at 0.0.0.0/37317] INFO  reflections.Reflections (Reflections.java:scan(232)) - Reflections took 41 ms to scan 2 urls, producing 154 keys and 428 values [using 4 cores]
2022-10-18 21:56:26,182 [Listener at 0.0.0.0/37317] INFO  upgrade.OMLayoutVersionManager (OMLayoutVersionManager.java:lambda$0(115)) - Skipping Upgrade Action MockOmUpgradeAction since it has been finalized.
2022-10-18 21:56:26,182 [Listener at 0.0.0.0/37317] WARN  server.ServerUtils (ServerUtils.java:getDBPath(225)) - ozone.om.db.dirs is not configured. We recommend adding this setting. Falling back to ozone.metadata.dirs instead.
2022-10-18 21:56:26,183 [Listener at 0.0.0.0/37317] INFO  proxy.SCMBlockLocationFailoverProxyProvider (SCMBlockLocationFailoverProxyProvider.java:<init>(114)) - Created block location fail-over proxy with 1 nodes: [nodeId=scmNodeId,nodeAddress=/0.0.0.0:35249]
2022-10-18 21:56:26,184 [Listener at 0.0.0.0/37317] INFO  proxy.SCMBlockLocationFailoverProxyProvider (SCMBlockLocationFailoverProxyProvider.java:<init>(114)) - Created block location fail-over proxy with 1 nodes: [nodeId=scmNodeId,nodeAddress=/0.0.0.0:35249]
2022-10-18 21:56:26,187 [Listener at 0.0.0.0/37317] WARN  server.ServerUtils (ServerUtils.java:getDBPath(225)) - ozone.om.db.dirs is not configured. We recommend adding this setting. Falling back to ozone.metadata.dirs instead.
2022-10-18 21:56:26,187 [Listener at 0.0.0.0/37317] INFO  codec.OmKeyInfoCodec (OmKeyInfoCodec.java:<init>(49)) - OmKeyInfoCodec ignorePipeline = true
2022-10-18 21:56:26,187 [Listener at 0.0.0.0/37317] INFO  codec.RepeatedOmKeyInfoCodec (RepeatedOmKeyInfoCodec.java:<init>(41)) - RepeatedOmKeyInfoCodec ignorePipeline = true
2022-10-18 21:56:26,277 [Listener at 0.0.0.0/37317] INFO  om.OzoneManager (OzoneManager.java:instantiateServices(712)) - S3 Multi-Tenancy is disabled
2022-10-18 21:56:26,278 [Listener at 0.0.0.0/37317] INFO  om.OzoneManager (OzoneManager.java:addS3GVolumeToDB(4386)) - Created Volume s3v With Owner runner required for S3Gateway operations.
2022-10-18 21:56:26,278 [Listener at 0.0.0.0/37317] WARN  server.ServerUtils (ServerUtils.java:getDefaultRatisDirectory(237)) - Storage directory for Ratis is not configured. It is a good idea to map this to an SSD disk. Falling back to ozone.metadata.dirs
2022-10-18 21:56:26,279 [Listener at 0.0.0.0/37317] WARN  utils.OzoneManagerRatisUtils (OzoneManagerRatisUtils.java:getOMRatisSnapshotDirectory(434)) - ozone.om.ratis.snapshot.dir is not configured. Falling back to ozone.metadata.dirs config
2022-10-18 21:56:26,279 [Listener at 0.0.0.0/37317] INFO  snapshot.OzoneManagerSnapshotProvider (OzoneManagerSnapshotProvider.java:<init>(76)) - Initializing OM Snapshot Provider
2022-10-18 21:56:26,280 [Listener at 0.0.0.0/37317] WARN  server.ServerUtils (ServerUtils.java:getDefaultRatisDirectory(237)) - Storage directory for Ratis is not configured. It is a good idea to map this to an SSD disk. Falling back to ozone.metadata.dirs
2022-10-18 21:56:26,280 [Listener at 0.0.0.0/37317] INFO  ratis.OzoneManagerRatisServer (OzoneManagerRatisServer.java:<init>(160)) - Instantiating OM Ratis server with groupID: om-service-test1 and peers: localhost:43245, localhost:46841, localhost:41401
2022-10-18 21:56:26,280 [Listener at 0.0.0.0/37317] INFO  ratis.OzoneManagerStateMachine (OzoneManagerStateMachine.java:loadSnapshotInfoFromDB(632)) - LastAppliedIndex is set from TransactionInfo from OM DB as (t:0, i:~)
2022-10-18 21:56:26,281 [Listener at 0.0.0.0/37317] INFO  server.RaftServer (ConfUtils.java:logGet(46)) - raft.rpc.type = GRPC (default)
2022-10-18 21:56:26,281 [Listener at 0.0.0.0/37317] INFO  grpc.GrpcFactory (GrpcFactory.java:checkPooledByteBufAllocatorUseCacheForAllThreads(48)) - PERFORMANCE WARNING: useCacheForAllThreads is true that may cause Netty to create a lot garbage objects and, as a result, trigger GC.
	It is recommended to disable useCacheForAllThreads by setting -Dorg.apache.ratis.thirdparty.io.netty.allocator.useCacheForAllThreads=false in command line.
2022-10-18 21:56:26,281 [Listener at 0.0.0.0/37317] INFO  grpc.GrpcConfigKeys (ConfUtils.java:logGet(46)) - raft.grpc.admin.port = -1 (default)
2022-10-18 21:56:26,281 [Listener at 0.0.0.0/37317] INFO  grpc.GrpcConfigKeys (ConfUtils.java:logGet(46)) - raft.grpc.server.port = 43245 (custom)
2022-10-18 21:56:26,281 [Listener at 0.0.0.0/37317] INFO  grpc.GrpcConfigKeys (ConfUtils.java:logGet(46)) - raft.grpc.client.port = -1 (default)
2022-10-18 21:56:26,281 [Listener at 0.0.0.0/37317] INFO  grpc.GrpcConfigKeys (ConfUtils.java:logGet(46)) - raft.grpc.server.port = 43245 (custom)
2022-10-18 21:56:26,282 [Listener at 0.0.0.0/37317] INFO  grpc.GrpcConfigKeys (ConfUtils.java:logGet(46)) - raft.grpc.server.port = 43245 (custom)
2022-10-18 21:56:26,282 [Listener at 0.0.0.0/37317] INFO  server.GrpcService (ConfUtils.java:logGet(46)) - raft.grpc.message.size.max = 33554432 (custom)
2022-10-18 21:56:26,282 [Listener at 0.0.0.0/37317] INFO  server.RaftServerConfigKeys (ConfUtils.java:logGet(46)) - raft.server.log.appender.buffer.byte-limit = 33554432 (custom)
2022-10-18 21:56:26,282 [Listener at 0.0.0.0/37317] INFO  server.GrpcService (ConfUtils.java:logGet(46)) - raft.grpc.flow.control.window = 1MB (=1048576) (default)
2022-10-18 21:56:26,282 [Listener at 0.0.0.0/37317] INFO  server.RaftServerConfigKeys (ConfUtils.java:logGet(46)) - raft.server.rpc.request.timeout = 3000ms (default)
2022-10-18 21:56:26,282 [Listener at 0.0.0.0/37317] INFO  grpc.GrpcConfigKeys (ConfUtils.java:logGet(46)) - raft.grpc.server.async.request.thread.pool.cached = true (default)
2022-10-18 21:56:26,282 [Listener at 0.0.0.0/37317] INFO  grpc.GrpcConfigKeys (ConfUtils.java:logGet(46)) - raft.grpc.server.async.request.thread.pool.size = 32 (default)
2022-10-18 21:56:26,283 [Listener at 0.0.0.0/37317] INFO  impl.DataStreamServerImpl (ConfUtils.java:logGet(46)) - raft.datastream.type = DISABLED (default)
2022-10-18 21:56:26,283 [Listener at 0.0.0.0/37317] INFO  server.RaftServerConfigKeys (ConfUtils.java:logGet(46)) - raft.server.threadpool.proxy.cached = true (default)
2022-10-18 21:56:26,283 [Listener at 0.0.0.0/37317] INFO  server.RaftServerConfigKeys (ConfUtils.java:logGet(46)) - raft.server.threadpool.proxy.size = 0 (default)
2022-10-18 21:56:26,283 [Listener at 0.0.0.0/37317] INFO  server.RaftServerConfigKeys (ConfUtils.java:logGet(46)) - raft.server.rpc.slowness.timeout = 2s (custom)
2022-10-18 21:56:26,283 [Listener at 0.0.0.0/37317] INFO  server.RaftServerConfigKeys (ConfUtils.java:logGet(46)) - raft.server.leaderelection.leader.step-down.wait-time = 10s (default)
2022-10-18 21:56:26,284 [Listener at 0.0.0.0/37317] INFO  server.RaftServerConfigKeys (ConfUtils.java:logGet(46)) - raft.server.storage.dir = [/home/runner/work/ozone/ozone/hadoop-ozone/integration-test/target/test-dir/MiniOzoneClusterImpl-1c94f07e-3edc-4d60-9c78-eaa851002676/omNode-1/ratis] (custom)
2022-10-18 21:56:26,284 [Listener at 0.0.0.0/37317] INFO  server.RaftServer (RaftServerProxy.java:addNew(96)) - omNode-1: addNew group-523986131536:[omNode-3|rpc:localhost:46841|priority:0, omNode-1|rpc:localhost:43245|priority:0, omNode-2|rpc:localhost:41401|priority:0] returns group-523986131536:java.util.concurrent.CompletableFuture@6c4aa7da[Not completed]
2022-10-18 21:56:26,284 [pool-545-thread-1] INFO  server.RaftServer$Division (RaftServerImpl.java:<init>(190)) - omNode-1: new RaftServerImpl for group-523986131536:[omNode-3|rpc:localhost:46841|priority:0, omNode-1|rpc:localhost:43245|priority:0, omNode-2|rpc:localhost:41401|priority:0] with OzoneManagerStateMachine:uninitialized
2022-10-18 21:56:26,284 [Listener at 0.0.0.0/37317] INFO  om.OzoneManager (OzoneManager.java:initializeRatisServer(1975)) - OzoneManager Ratis server initialized at port 43245
2022-10-18 21:56:26,284 [pool-545-thread-1] INFO  server.RaftServerConfigKeys (ConfUtils.java:logGet(46)) - raft.server.rpc.timeout.min = 1s (custom)
2022-10-18 21:56:26,284 [pool-545-thread-1] INFO  server.RaftServerConfigKeys (ConfUtils.java:logGet(46)) - raft.server.rpc.timeout.max = 1200ms (custom)
2022-10-18 21:56:26,284 [pool-545-thread-1] INFO  server.RaftServerConfigKeys (ConfUtils.java:logGet(46)) - raft.server.rpc.sleep.time = 25ms (default)
2022-10-18 21:56:26,284 [pool-545-thread-1] INFO  server.RaftServerConfigKeys (ConfUtils.java:logGet(46)) - raft.server.rpc.slowness.timeout = 2s (custom)
2022-10-18 21:56:26,284 [pool-545-thread-1] INFO  server.RaftServerConfigKeys (ConfUtils.java:logGet(46)) - raft.server.leaderelection.leader.step-down.wait-time = 10s (default)
2022-10-18 21:56:26,284 [pool-545-thread-1] INFO  server.RaftServerConfigKeys (ConfUtils.java:logGet(46)) - raft.server.sleep.deviation.threshold = 300ms (default)
2022-10-18 21:56:26,284 [pool-545-thread-1] INFO  server.RaftServer$Division (ServerState.java:<init>(107)) - omNode-1@group-523986131536: ConfigurationManager, init=-1: [omNode-3|rpc:localhost:46841|priority:0, omNode-1|rpc:localhost:43245|priority:0, omNode-2|rpc:localhost:41401|priority:0], old=null, confs=<EMPTY_MAP>
2022-10-18 21:56:26,285 [pool-545-thread-1] INFO  server.RaftServerConfigKeys (ConfUtils.java:logGet(46)) - raft.server.storage.dir = [/home/runner/work/ozone/ozone/hadoop-ozone/integration-test/target/test-dir/MiniOzoneClusterImpl-1c94f07e-3edc-4d60-9c78-eaa851002676/omNode-1/ratis] (custom)
2022-10-18 21:56:26,285 [pool-545-thread-1] INFO  server.RaftServerConfigKeys (ConfUtils.java:logGet(46)) - raft.server.log.corruption.policy = EXCEPTION (default)
2022-10-18 21:56:26,285 [pool-545-thread-1] INFO  server.RaftServerConfigKeys (ConfUtils.java:logGet(46)) - raft.server.storage.free-space.min = 0MB (=0) (default)
2022-10-18 21:56:26,285 [pool-545-thread-1] INFO  storage.RaftStorageDirectory (RaftStorageDirectoryImpl.java:analyzeStorage(135)) - The storage directory /home/runner/work/ozone/ozone/hadoop-ozone/integration-test/target/test-dir/MiniOzoneClusterImpl-1c94f07e-3edc-4d60-9c78-eaa851002676/omNode-1/ratis/c9bc4cf4-3bc3-3c60-a66b-523986131536 does not exist. Creating ...
2022-10-18 21:56:26,285 [Listener at 0.0.0.0/37317] INFO  om.OzoneManager (OzoneManager.java:getRpcServer(1101)) - Creating RPC Server
2022-10-18 21:56:26,286 [pool-545-thread-1] INFO  storage.RaftStorageDirectory (RaftStorageDirectoryImpl.java:tryLock(230)) - Lock on /home/runner/work/ozone/ozone/hadoop-ozone/integration-test/target/test-dir/MiniOzoneClusterImpl-1c94f07e-3edc-4d60-9c78-eaa851002676/omNode-1/ratis/c9bc4cf4-3bc3-3c60-a66b-523986131536/in_use.lock acquired by nodename 38880@fv-az368-376
2022-10-18 21:56:26,287 [pool-545-thread-1] INFO  storage.RaftStorage (RaftStorageImpl.java:format(89)) - Storage directory /home/runner/work/ozone/ozone/hadoop-ozone/integration-test/target/test-dir/MiniOzoneClusterImpl-1c94f07e-3edc-4d60-9c78-eaa851002676/omNode-1/ratis/c9bc4cf4-3bc3-3c60-a66b-523986131536 has been successfully formatted.
2022-10-18 21:56:26,288 [pool-545-thread-1] INFO  server.RaftServerConfigKeys (ConfUtils.java:logGet(46)) - raft.server.notification.no-leader.timeout = 2s (custom)
2022-10-18 21:56:26,288 [pool-545-thread-1] INFO  server.RaftServerConfigKeys (ConfUtils.java:logGet(46)) - raft.server.log.use.memory = false (default)
2022-10-18 21:56:26,288 [pool-545-thread-1] INFO  server.RaftServerConfigKeys (ConfUtils.java:logGet(46)) - raft.server.log.purge.gap = 50 (custom)
2022-10-18 21:56:26,288 [pool-545-thread-1] INFO  server.RaftServerConfigKeys (ConfUtils.java:logGet(46)) - raft.server.log.appender.buffer.byte-limit = 33554432 (custom)
2022-10-18 21:56:26,288 [pool-545-thread-1] INFO  server.RaftServerConfigKeys (ConfUtils.java:logGet(46)) - raft.server.log.statemachine.data.read.timeout = 1000ms (default)
2022-10-18 21:56:26,288 [pool-545-thread-1] INFO  server.RaftServerConfigKeys (ConfUtils.java:logGet(46)) - raft.server.log.segment.size.max = 4194304 (custom)
2022-10-18 21:56:26,288 [pool-545-thread-1] INFO  server.RaftServerConfigKeys (ConfUtils.java:logGet(46)) - raft.server.log.segment.cache.num.max = 2 (custom)
2022-10-18 21:56:26,288 [pool-545-thread-1] INFO  server.RaftServerConfigKeys (ConfUtils.java:logGet(46)) - raft.server.log.segment.cache.size.max = 200MB (=209715200) (default)
2022-10-18 21:56:26,289 [pool-545-thread-1] INFO  segmented.SegmentedRaftLogWorker (SegmentedRaftLogWorker.java:<init>(187)) - new omNode-1@group-523986131536-SegmentedRaftLogWorker for RaftStorageImpl:Storage Directory /home/runner/work/ozone/ozone/hadoop-ozone/integration-test/target/test-dir/MiniOzoneClusterImpl-1c94f07e-3edc-4d60-9c78-eaa851002676/omNode-1/ratis/c9bc4cf4-3bc3-3c60-a66b-523986131536
2022-10-18 21:56:26,289 [pool-545-thread-1] INFO  server.RaftServerConfigKeys (ConfUtils.java:logGet(46)) - raft.server.log.queue.byte-limit = 64MB (=67108864) (default)
2022-10-18 21:56:26,289 [pool-545-thread-1] INFO  server.RaftServerConfigKeys (ConfUtils.java:logGet(46)) - raft.server.log.queue.element-limit = 4096 (default)
2022-10-18 21:56:26,289 [pool-545-thread-1] INFO  server.RaftServerConfigKeys (ConfUtils.java:logGet(46)) - raft.server.log.segment.size.max = 4194304 (custom)
2022-10-18 21:56:26,289 [pool-545-thread-1] INFO  server.RaftServerConfigKeys (ConfUtils.java:logGet(46)) - raft.server.log.preallocated.size = 4194304 (custom)
2022-10-18 21:56:26,289 [pool-545-thread-1] INFO  server.RaftServerConfigKeys (ConfUtils.java:logGet(46)) - raft.server.log.force.sync.num = 128 (default)
2022-10-18 21:56:26,289 [pool-545-thread-1] INFO  server.RaftServerConfigKeys (ConfUtils.java:logGet(46)) - raft.server.log.statemachine.data.sync = true (default)
2022-10-18 21:56:26,289 [pool-545-thread-1] INFO  server.RaftServerConfigKeys (ConfUtils.java:logGet(46)) - raft.server.log.statemachine.data.sync.timeout = 10s (default)
2022-10-18 21:56:26,289 [pool-545-thread-1] INFO  server.RaftServerConfigKeys (ConfUtils.java:logGet(46)) - raft.server.log.statemachine.data.sync.timeout.retry = -1 (default)
2022-10-18 21:56:26,305 [pool-545-thread-1] INFO  server.RaftServerConfigKeys (ConfUtils.java:logGet(46)) - raft.server.log.write.buffer.size = 64KB (=65536) (default)
2022-10-18 21:56:26,306 [pool-545-thread-1] INFO  server.RaftServerConfigKeys (ConfUtils.java:logGet(46)) - raft.server.log.unsafe-flush.enabled = false (default)
2022-10-18 21:56:26,306 [pool-545-thread-1] INFO  server.RaftServerConfigKeys (ConfUtils.java:logGet(46)) - raft.server.log.statemachine.data.caching.enabled = false (default)
2022-10-18 21:56:26,306 [pool-545-thread-1] INFO  segmented.SegmentedRaftLogWorker (SegmentedRaftLogWorker.java:lambda$new$0(135)) - omNode-1@group-523986131536-SegmentedRaftLogWorker: flushIndex: setUnconditionally 0 -> -1
2022-10-18 21:56:26,306 [pool-545-thread-1] INFO  segmented.SegmentedRaftLogWorker (SegmentedRaftLogWorker.java:lambda$new$0(135)) - omNode-1@group-523986131536-SegmentedRaftLogWorker: safeCacheEvictIndex: setUnconditionally 0 -> -1
2022-10-18 21:56:26,306 [pool-545-thread-1] INFO  server.RaftServerConfigKeys (ConfUtils.java:logGet(46)) - raft.server.snapshot.auto.trigger.enabled = true (custom)
2022-10-18 21:56:26,306 [pool-545-thread-1] INFO  server.RaftServerConfigKeys (ConfUtils.java:logGet(46)) - raft.server.snapshot.auto.trigger.threshold = 50 (custom)
2022-10-18 21:56:26,306 [pool-545-thread-1] INFO  server.RaftServerConfigKeys (ConfUtils.java:logGet(46)) - raft.server.snapshot.retention.file.num = -1 (default)
2022-10-18 21:56:26,306 [pool-545-thread-1] INFO  server.RaftServerConfigKeys (ConfUtils.java:logGet(46)) - raft.server.log.purge.upto.snapshot.index = true (custom)
2022-10-18 21:56:26,306 [pool-545-thread-1] INFO  server.RaftServerConfigKeys (ConfUtils.java:logGet(46)) - raft.server.retrycache.expirytime = 30000ms (custom)
2022-10-18 21:56:26,306 [pool-545-thread-1] INFO  server.RaftServerConfigKeys (ConfUtils.java:logGet(46)) - raft.server.retrycache.statistics.expirytime = 100μs (default)
2022-10-18 21:56:26,307 [pool-545-thread-1] INFO  server.RaftServerConfigKeys (ConfUtils.java:logGet(46)) - raft.server.log.appender.install.snapshot.enabled = false (custom)
2022-10-18 21:56:26,307 [pool-545-thread-1] INFO  server.RaftServerConfigKeys (ConfUtils.java:logGet(46)) - raft.server.threadpool.server.cached = true (default)
2022-10-18 21:56:26,307 [pool-545-thread-1] INFO  server.RaftServerConfigKeys (ConfUtils.java:logGet(46)) - raft.server.threadpool.server.size = 0 (default)
2022-10-18 21:56:26,307 [pool-545-thread-1] INFO  server.RaftServerConfigKeys (ConfUtils.java:logGet(46)) - raft.server.threadpool.client.cached = true (default)
2022-10-18 21:56:26,307 [pool-545-thread-1] INFO  server.RaftServerConfigKeys (ConfUtils.java:logGet(46)) - raft.server.threadpool.client.size = 0 (default)
2022-10-18 21:56:26,470 [Listener at 0.0.0.0/37317] INFO  reflections.Reflections (Reflections.java:scan(232)) - Reflections took 184 ms to scan 19 urls, producing 67 keys and 4244 values [using 4 cores]
2022-10-18 21:56:26,471 [Listener at 0.0.0.0/37317] INFO  ipc.CallQueueManager (CallQueueManager.java:<init>(90)) - Using callQueue: class java.util.concurrent.LinkedBlockingQueue, queueCapacity: 2000, scheduler: class org.apache.hadoop.ipc.DefaultRpcScheduler, ipcBackoff: false.
2022-10-18 21:56:26,471 [Socket Reader #1 for port 43961] INFO  ipc.Server (Server.java:run(1273)) - Starting Socket Reader #1 for port 43961
2022-10-18 21:56:26,484 [Listener at 127.0.0.1/43961] INFO  impl.MetricsSystemImpl (MetricsSystemImpl.java:init(158)) - OzoneManager metrics system started (again)
2022-10-18 21:56:26,491 [Listener at 127.0.0.1/43961] INFO  om.OzoneManager (OzoneManager.java:start(1482)) - OzoneManager RPC server is listening at localhost/127.0.0.1:43961
2022-10-18 21:56:26,491 [Listener at 127.0.0.1/43961] INFO  ratis.OzoneManagerRatisServer (OzoneManagerRatisServer.java:start(555)) - Starting OzoneManagerRatisServer omNode-1 at port 43245
2022-10-18 21:56:26,491 [omNode-1-impl-thread1] INFO  server.RaftServer$Division (RaftServerImpl.java:start(310)) - omNode-1@group-523986131536: start as a follower, conf=-1: [omNode-3|rpc:localhost:46841|priority:0, omNode-1|rpc:localhost:43245|priority:0, omNode-2|rpc:localhost:41401|priority:0], old=null
2022-10-18 21:56:26,492 [omNode-1-impl-thread1] INFO  server.RaftServer$Division (RaftServerImpl.java:setRole(299)) - omNode-1@group-523986131536: changes role from      null to FOLLOWER at term 0 for startAsFollower
2022-10-18 21:56:26,492 [omNode-1-impl-thread1] INFO  impl.RoleInfo (RoleInfo.java:updateAndGet(139)) - omNode-1: start omNode-1@group-523986131536-FollowerState
2022-10-18 21:56:26,492 [omNode-1-impl-thread1] ERROR util.JmxRegister (JmxRegister.java:tryRegister(40)) - Failed to register JMX Bean with name Ratis:service=RaftServer,group=group-523986131536,id=omNode-1
javax.management.InstanceAlreadyExistsException: Ratis:service=RaftServer,group=group-523986131536,id=omNode-1
	at com.sun.jmx.mbeanserver.Repository.addMBean(Repository.java:437)
	at com.sun.jmx.interceptor.DefaultMBeanServerInterceptor.registerWithRepository(DefaultMBeanServerInterceptor.java:1898)
	at com.sun.jmx.interceptor.DefaultMBeanServerInterceptor.registerDynamicMBean(DefaultMBeanServerInterceptor.java:966)
	at com.sun.jmx.interceptor.DefaultMBeanServerInterceptor.registerObject(DefaultMBeanServerInterceptor.java:900)
	at com.sun.jmx.interceptor.DefaultMBeanServerInterceptor.registerMBean(DefaultMBeanServerInterceptor.java:324)
	at com.sun.jmx.mbeanserver.JmxMBeanServer.registerMBean(JmxMBeanServer.java:522)
	at org.apache.ratis.util.JmxRegister.tryRegister(JmxRegister.java:38)
	at org.apache.ratis.util.JmxRegister.register(JmxRegister.java:56)
	at org.apache.ratis.server.impl.RaftServerImpl.registerMBean(RaftServerImpl.java:329)
	at org.apache.ratis.server.impl.RaftServerImpl.start(RaftServerImpl.java:320)
	at org.apache.ratis.util.ConcurrentUtils.lambda$null$3(ConcurrentUtils.java:162)
	at java.util.concurrent.ThreadPoolExecutor.runWorker(ThreadPoolExecutor.java:1149)
	at java.util.concurrent.ThreadPoolExecutor$Worker.run(ThreadPoolExecutor.java:624)
	at java.lang.Thread.run(Thread.java:750)
2022-10-18 21:56:26,492 [omNode-1-impl-thread1] INFO  util.JmxRegister (JmxRegister.java:tryRegister(44)) - Successfully registered JMX Bean with object name Ratis:service=RaftServer,group=group-523986131536,id="omNode-1"
2022-10-18 21:56:26,492 [Listener at 127.0.0.1/43961] INFO  server.RaftServer (RaftServerProxy.java:lambda$start$6(382)) - omNode-1: start RPC server
2022-10-18 21:56:26,494 [Listener at 127.0.0.1/43961] INFO  server.GrpcService (GrpcService.java:startImpl(260)) - omNode-1: GrpcService started, listening on 43245
2022-10-18 21:56:26,494 [org.apache.ratis.util.JvmPauseMonitor$$Lambda$703/854163851@6332d165] INFO  util.JvmPauseMonitor (JvmPauseMonitor.java:run(103)) - JvmPauseMonitor-omNode-1: Started
2022-10-18 21:56:26,494 [Listener at 127.0.0.1/43961] INFO  om.OzoneManager (OzoneManager.java:start(1498)) - Version File has different layout version (3) than OM DB (null). That is expected if this OM has never been finalized to a newer layout version.
2022-10-18 21:56:26,496 [Listener at 127.0.0.1/43961] INFO  http.BaseHttpServer (BaseHttpServer.java:newHttpServer2BuilderForOzone(213)) - Starting Web-server for ozoneManager at: http://0.0.0.0:33751
2022-10-18 21:56:26,496 [Listener at 127.0.0.1/43961] INFO  http.BaseHttpServer (BaseHttpServer.java:<init>(108)) - Hadoop Security Enabled: false Ozone Security Enabled: false Ozone HTTP Security Enabled: false 
2022-10-18 21:56:26,496 [Listener at 127.0.0.1/43961] WARN  server.AuthenticationFilter (AuthenticationFilter.java:constructSecretProvider(240)) - Unable to initialize FileSignerSecretProvider, falling back to use random secrets. Reason: Could not read signature secret file: /home/runner/hadoop-http-auth-signature-secret
2022-10-18 21:56:26,497 [Listener at 127.0.0.1/43961] WARN  http.HttpRequestLog (HttpRequestLog.java:getRequestLog(103)) - Jetty request log can only be enabled using Log4j
2022-10-18 21:56:26,498 [Listener at 127.0.0.1/43961] INFO  http.HttpServer2 (HttpServer2.java:addGlobalFilter(1031)) - Added global filter 'safety' (class=org.apache.hadoop.hdds.server.http.HttpServer2$QuotingInputFilter)
2022-10-18 21:56:26,498 [Listener at 127.0.0.1/43961] INFO  http.HttpServer2 (HttpServer2.java:addFilter(1007)) - Added filter static_user_filter (class=org.apache.hadoop.http.lib.StaticUserWebFilter$StaticUserFilter) to context ozoneManager
2022-10-18 21:56:26,498 [Listener at 127.0.0.1/43961] INFO  http.HttpServer2 (HttpServer2.java:addFilter(1015)) - Added filter static_user_filter (class=org.apache.hadoop.http.lib.StaticUserWebFilter$StaticUserFilter) to context logs
2022-10-18 21:56:26,498 [Listener at 127.0.0.1/43961] INFO  http.HttpServer2 (HttpServer2.java:addFilter(1015)) - Added filter static_user_filter (class=org.apache.hadoop.http.lib.StaticUserWebFilter$StaticUserFilter) to context static
2022-10-18 21:56:26,499 [Listener at 127.0.0.1/43961] INFO  http.HttpServer2 (HttpServer2.java:bindListener(1250)) - Jetty bound to port 33751
2022-10-18 21:56:26,499 [Listener at 127.0.0.1/43961] INFO  server.Server (Server.java:doStart(375)) - jetty-9.4.43.v20210629; built: 2021-06-30T11:07:22.254Z; git: 526006ecfa3af7f1a27ef3a288e2bef7ea9dd7e8; jvm 1.8.0_345-b01
2022-10-18 21:56:26,501 [Listener at 127.0.0.1/43961] INFO  server.session (DefaultSessionIdManager.java:doStart(334)) - DefaultSessionIdManager workerName=node0
2022-10-18 21:56:26,502 [Listener at 127.0.0.1/43961] INFO  server.session (DefaultSessionIdManager.java:doStart(339)) - No SessionScavenger set, using defaults
2022-10-18 21:56:26,502 [Listener at 127.0.0.1/43961] INFO  server.session (HouseKeeper.java:startScavenging(132)) - node0 Scavenging every 660000ms
2022-10-18 21:56:26,502 [Listener at 127.0.0.1/43961] INFO  handler.ContextHandler (ContextHandler.java:doStart(915)) - Started o.e.j.s.ServletContextHandler@2122eab4{logs,/logs,file:///home/runner/work/ozone/ozone/hadoop-ozone/integration-test/target/log,AVAILABLE}
2022-10-18 21:56:26,502 [Listener at 127.0.0.1/43961] INFO  handler.ContextHandler (ContextHandler.java:doStart(915)) - Started o.e.j.s.ServletContextHandler@477a2621{static,/static,file:///home/runner/work/ozone/ozone/hadoop-ozone/integration-test/target/test-classes/webapps/static,AVAILABLE}
2022-10-18 21:56:26,504 [Listener at 127.0.0.1/43961] INFO  handler.ContextHandler (ContextHandler.java:doStart(915)) - Started o.e.j.w.WebAppContext@5a9668d7{ozoneManager,/,file:///home/runner/work/ozone/ozone/hadoop-ozone/integration-test/target/test-classes/webapps/ozoneManager/,AVAILABLE}{file:/home/runner/work/ozone/ozone/hadoop-ozone/integration-test/target/test-classes/webapps/ozoneManager}
2022-10-18 21:56:26,506 [Listener at 127.0.0.1/43961] INFO  server.AbstractConnector (AbstractConnector.java:doStart(331)) - Started ServerConnector@703d7f8e{HTTP/1.1, (http/1.1)}{0.0.0.0:33751}
2022-10-18 21:56:26,506 [Listener at 127.0.0.1/43961] INFO  server.Server (Server.java:doStart(415)) - Started @69224ms
2022-10-18 21:56:26,506 [Listener at 127.0.0.1/43961] WARN  impl.MetricsSystemImpl (MetricsSystemImpl.java:register(279)) - Sink prometheus already exists!
2022-10-18 21:56:26,506 [Listener at 127.0.0.1/43961] INFO  http.BaseHttpServer (BaseHttpServer.java:updateConnectorAddress(333)) - HTTP server of ozoneManager listening at http://0.0.0.0:33751
2022-10-18 21:56:26,506 [IPC Server Responder] INFO  ipc.Server (Server.java:run(1512)) - IPC Server Responder: starting
2022-10-18 21:56:26,507 [IPC Server listener on 43961] INFO  ipc.Server (Server.java:run(1352)) - IPC Server listener on 43961: starting
2022-10-18 21:56:26,509 [Listener at 127.0.0.1/43961] INFO  om.OzoneManager (OzoneManager.java:startTrashEmptier(1919)) - Trash Interval set to 0. Files deleted won't move to trash
2022-10-18 21:56:26,509 [Listener at 127.0.0.1/43961] INFO  ozone.MiniOzoneHAClusterImpl (MiniOzoneHAClusterImpl.java:createOMService(527)) - Started OzoneManager omNode-1 RPC server at localhost/127.0.0.1:43961
2022-10-18 21:56:26,509 [org.apache.hadoop.util.JvmPauseMonitor$Monitor@3053c0ab] INFO  util.JvmPauseMonitor (JvmPauseMonitor.java:run(188)) - Starting JVM pause monitor
2022-10-18 21:56:26,510 [Listener at 127.0.0.1/43961] INFO  ha.OMHANodeDetails (OMHANodeDetails.java:loadOMHAConfig(121)) - ServiceID for OzoneManager is om-service-test1
2022-10-18 21:56:26,510 [Listener at 127.0.0.1/43961] INFO  ha.OMHANodeDetails (OMHANodeDetails.java:loadOMHAConfig(201)) - Found matching OM address with OMServiceId: om-service-test1, OMNodeId: omNode-2, RPC Address: localhost:46167 and Ratis port: 41401
2022-10-18 21:56:26,510 [Listener at 127.0.0.1/43961] INFO  ha.OMHANodeDetails (ConfUtils.java:setNodeSpecificConfigs(97)) - Setting configuration key ozone.om.http-address with value of key ozone.om.http-address.om-service-test1.omNode-2: 127.0.0.1:44253
2022-10-18 21:56:26,511 [Listener at 127.0.0.1/43961] INFO  ha.OMHANodeDetails (ConfUtils.java:setNodeSpecificConfigs(97)) - Setting configuration key ozone.om.https-address with value of key ozone.om.https-address.om-service-test1.omNode-2: 127.0.0.1:45671
2022-10-18 21:56:26,511 [Listener at 127.0.0.1/43961] INFO  ha.OMHANodeDetails (ConfUtils.java:setNodeSpecificConfigs(97)) - Setting configuration key ozone.om.address with value of key ozone.om.address.om-service-test1.omNode-2: 127.0.0.1:46167
2022-10-18 21:56:26,511 [Listener at 127.0.0.1/43961] WARN  server.ServerUtils (ServerUtils.java:getDBPath(225)) - ozone.om.db.dirs is not configured. We recommend adding this setting. Falling back to ozone.metadata.dirs instead.
2022-10-18 21:56:26,512 [Listener at 127.0.0.1/43961] INFO  proxy.SCMBlockLocationFailoverProxyProvider (SCMBlockLocationFailoverProxyProvider.java:<init>(114)) - Created block location fail-over proxy with 1 nodes: [nodeId=scmNodeId,nodeAddress=/0.0.0.0:35249]
OM initialization succeeded.Current cluster id for sd=/home/runner/work/ozone/ozone/hadoop-ozone/integration-test/target/test-dir/MiniOzoneClusterImpl-1c94f07e-3edc-4d60-9c78-eaa851002676/omNode-2/om;cid=1c94f07e-3edc-4d60-9c78-eaa851002676;layoutVersion=3
2022-10-18 21:56:26,516 [Listener at 127.0.0.1/43961] INFO  ha.OMHANodeDetails (OMHANodeDetails.java:loadOMHAConfig(121)) - ServiceID for OzoneManager is om-service-test1
2022-10-18 21:56:26,516 [Listener at 127.0.0.1/43961] INFO  ha.OMHANodeDetails (OMHANodeDetails.java:loadOMHAConfig(201)) - Found matching OM address with OMServiceId: om-service-test1, OMNodeId: omNode-2, RPC Address: localhost:46167 and Ratis port: 41401
2022-10-18 21:56:26,516 [Listener at 127.0.0.1/43961] INFO  ha.OMHANodeDetails (ConfUtils.java:setNodeSpecificConfigs(97)) - Setting configuration key ozone.om.http-address with value of key ozone.om.http-address.om-service-test1.omNode-2: 127.0.0.1:44253
2022-10-18 21:56:26,516 [Listener at 127.0.0.1/43961] INFO  ha.OMHANodeDetails (ConfUtils.java:setNodeSpecificConfigs(97)) - Setting configuration key ozone.om.https-address with value of key ozone.om.https-address.om-service-test1.omNode-2: 127.0.0.1:45671
2022-10-18 21:56:26,517 [Listener at 127.0.0.1/43961] INFO  ha.OMHANodeDetails (ConfUtils.java:setNodeSpecificConfigs(97)) - Setting configuration key ozone.om.address with value of key ozone.om.address.om-service-test1.omNode-2: 127.0.0.1:46167
2022-10-18 21:56:26,517 [Listener at 127.0.0.1/43961] WARN  server.ServerUtils (ServerUtils.java:getDBPath(225)) - ozone.om.db.dirs is not configured. We recommend adding this setting. Falling back to ozone.metadata.dirs instead.
2022-10-18 21:56:26,517 [Listener at 127.0.0.1/43961] INFO  upgrade.AbstractLayoutVersionManager (AbstractLayoutVersionManager.java:init(83)) - Initializing Layout version manager with metadata layout = MULTITENANCY_SCHEMA (version = 3), software layout = MULTITENANCY_SCHEMA (version = 3)
2022-10-18 21:56:26,554 [Listener at 127.0.0.1/43961] INFO  reflections.Reflections (Reflections.java:scan(232)) - Reflections took 36 ms to scan 2 urls, producing 154 keys and 428 values [using 4 cores]
2022-10-18 21:56:26,555 [Listener at 127.0.0.1/43961] INFO  upgrade.OMLayoutVersionManager (OMLayoutVersionManager.java:lambda$0(115)) - Skipping Upgrade Action MockOmUpgradeAction since it has been finalized.
2022-10-18 21:56:26,555 [Listener at 127.0.0.1/43961] WARN  server.ServerUtils (ServerUtils.java:getDBPath(225)) - ozone.om.db.dirs is not configured. We recommend adding this setting. Falling back to ozone.metadata.dirs instead.
2022-10-18 21:56:26,555 [Listener at 127.0.0.1/43961] INFO  proxy.SCMBlockLocationFailoverProxyProvider (SCMBlockLocationFailoverProxyProvider.java:<init>(114)) - Created block location fail-over proxy with 1 nodes: [nodeId=scmNodeId,nodeAddress=/0.0.0.0:35249]
2022-10-18 21:56:26,556 [Listener at 127.0.0.1/43961] INFO  proxy.SCMBlockLocationFailoverProxyProvider (SCMBlockLocationFailoverProxyProvider.java:<init>(114)) - Created block location fail-over proxy with 1 nodes: [nodeId=scmNodeId,nodeAddress=/0.0.0.0:35249]
2022-10-18 21:56:26,564 [Listener at 127.0.0.1/43961] WARN  server.ServerUtils (ServerUtils.java:getDBPath(225)) - ozone.om.db.dirs is not configured. We recommend adding this setting. Falling back to ozone.metadata.dirs instead.
2022-10-18 21:56:26,564 [Listener at 127.0.0.1/43961] INFO  codec.OmKeyInfoCodec (OmKeyInfoCodec.java:<init>(49)) - OmKeyInfoCodec ignorePipeline = true
2022-10-18 21:56:26,564 [Listener at 127.0.0.1/43961] INFO  codec.RepeatedOmKeyInfoCodec (RepeatedOmKeyInfoCodec.java:<init>(41)) - RepeatedOmKeyInfoCodec ignorePipeline = true
2022-10-18 21:56:26,655 [Listener at 127.0.0.1/43961] INFO  om.OzoneManager (OzoneManager.java:instantiateServices(712)) - S3 Multi-Tenancy is disabled
2022-10-18 21:56:26,656 [Listener at 127.0.0.1/43961] INFO  om.OzoneManager (OzoneManager.java:addS3GVolumeToDB(4386)) - Created Volume s3v With Owner runner required for S3Gateway operations.
2022-10-18 21:56:26,656 [Listener at 127.0.0.1/43961] WARN  server.ServerUtils (ServerUtils.java:getDefaultRatisDirectory(237)) - Storage directory for Ratis is not configured. It is a good idea to map this to an SSD disk. Falling back to ozone.metadata.dirs
2022-10-18 21:56:26,656 [Listener at 127.0.0.1/43961] WARN  utils.OzoneManagerRatisUtils (OzoneManagerRatisUtils.java:getOMRatisSnapshotDirectory(434)) - ozone.om.ratis.snapshot.dir is not configured. Falling back to ozone.metadata.dirs config
2022-10-18 21:56:26,656 [Listener at 127.0.0.1/43961] INFO  snapshot.OzoneManagerSnapshotProvider (OzoneManagerSnapshotProvider.java:<init>(76)) - Initializing OM Snapshot Provider
2022-10-18 21:56:26,657 [Listener at 127.0.0.1/43961] WARN  impl.MetricRegistriesImpl (MetricRegistriesImpl.java:addReporterRegistration(111)) - New reporters are added after registries were created. Some metrics will be missing from the reporter. Please add reporter before adding any new registry.
2022-10-18 21:56:26,657 [Listener at 127.0.0.1/43961] WARN  impl.MetricRegistriesImpl (MetricRegistriesImpl.java:addReporterRegistration(111)) - New reporters are added after registries were created. Some metrics will be missing from the reporter. Please add reporter before adding any new registry.
2022-10-18 21:56:26,657 [Listener at 127.0.0.1/43961] WARN  server.ServerUtils (ServerUtils.java:getDefaultRatisDirectory(237)) - Storage directory for Ratis is not configured. It is a good idea to map this to an SSD disk. Falling back to ozone.metadata.dirs
2022-10-18 21:56:26,658 [Listener at 127.0.0.1/43961] INFO  ratis.OzoneManagerRatisServer (OzoneManagerRatisServer.java:<init>(160)) - Instantiating OM Ratis server with groupID: om-service-test1 and peers: localhost:41401, localhost:46841, localhost:43245
2022-10-18 21:56:26,658 [Listener at 127.0.0.1/43961] INFO  ratis.OzoneManagerStateMachine (OzoneManagerStateMachine.java:loadSnapshotInfoFromDB(632)) - LastAppliedIndex is set from TransactionInfo from OM DB as (t:0, i:~)
2022-10-18 21:56:26,658 [Listener at 127.0.0.1/43961] INFO  server.RaftServer (ConfUtils.java:logGet(46)) - raft.rpc.type = GRPC (default)
2022-10-18 21:56:26,658 [Listener at 127.0.0.1/43961] INFO  grpc.GrpcFactory (GrpcFactory.java:checkPooledByteBufAllocatorUseCacheForAllThreads(48)) - PERFORMANCE WARNING: useCacheForAllThreads is true that may cause Netty to create a lot garbage objects and, as a result, trigger GC.
	It is recommended to disable useCacheForAllThreads by setting -Dorg.apache.ratis.thirdparty.io.netty.allocator.useCacheForAllThreads=false in command line.
2022-10-18 21:56:26,658 [Listener at 127.0.0.1/43961] INFO  grpc.GrpcConfigKeys (ConfUtils.java:logGet(46)) - raft.grpc.admin.port = -1 (default)
2022-10-18 21:56:26,658 [Listener at 127.0.0.1/43961] INFO  grpc.GrpcConfigKeys (ConfUtils.java:logGet(46)) - raft.grpc.server.port = 41401 (custom)
2022-10-18 21:56:26,659 [Listener at 127.0.0.1/43961] INFO  grpc.GrpcConfigKeys (ConfUtils.java:logGet(46)) - raft.grpc.client.port = -1 (default)
2022-10-18 21:56:26,659 [Listener at 127.0.0.1/43961] INFO  grpc.GrpcConfigKeys (ConfUtils.java:logGet(46)) - raft.grpc.server.port = 41401 (custom)
2022-10-18 21:56:26,659 [Listener at 127.0.0.1/43961] INFO  grpc.GrpcConfigKeys (ConfUtils.java:logGet(46)) - raft.grpc.server.port = 41401 (custom)
2022-10-18 21:56:26,659 [Listener at 127.0.0.1/43961] INFO  server.GrpcService (ConfUtils.java:logGet(46)) - raft.grpc.message.size.max = 33554432 (custom)
2022-10-18 21:56:26,659 [Listener at 127.0.0.1/43961] INFO  server.RaftServerConfigKeys (ConfUtils.java:logGet(46)) - raft.server.log.appender.buffer.byte-limit = 33554432 (custom)
2022-10-18 21:56:26,659 [Listener at 127.0.0.1/43961] INFO  server.GrpcService (ConfUtils.java:logGet(46)) - raft.grpc.flow.control.window = 1MB (=1048576) (default)
2022-10-18 21:56:26,659 [Listener at 127.0.0.1/43961] INFO  server.RaftServerConfigKeys (ConfUtils.java:logGet(46)) - raft.server.rpc.request.timeout = 3000ms (default)
2022-10-18 21:56:26,659 [Listener at 127.0.0.1/43961] INFO  grpc.GrpcConfigKeys (ConfUtils.java:logGet(46)) - raft.grpc.server.async.request.thread.pool.cached = true (default)
2022-10-18 21:56:26,659 [Listener at 127.0.0.1/43961] INFO  grpc.GrpcConfigKeys (ConfUtils.java:logGet(46)) - raft.grpc.server.async.request.thread.pool.size = 32 (default)
2022-10-18 21:56:26,660 [Listener at 127.0.0.1/43961] INFO  impl.DataStreamServerImpl (ConfUtils.java:logGet(46)) - raft.datastream.type = DISABLED (default)
2022-10-18 21:56:26,660 [Listener at 127.0.0.1/43961] INFO  server.RaftServerConfigKeys (ConfUtils.java:logGet(46)) - raft.server.threadpool.proxy.cached = true (default)
2022-10-18 21:56:26,660 [Listener at 127.0.0.1/43961] INFO  server.RaftServerConfigKeys (ConfUtils.java:logGet(46)) - raft.server.threadpool.proxy.size = 0 (default)
2022-10-18 21:56:26,660 [Listener at 127.0.0.1/43961] INFO  server.RaftServerConfigKeys (ConfUtils.java:logGet(46)) - raft.server.rpc.slowness.timeout = 2s (custom)
2022-10-18 21:56:26,660 [Listener at 127.0.0.1/43961] INFO  server.RaftServerConfigKeys (ConfUtils.java:logGet(46)) - raft.server.leaderelection.leader.step-down.wait-time = 10s (default)
2022-10-18 21:56:26,660 [Listener at 127.0.0.1/43961] INFO  server.RaftServerConfigKeys (ConfUtils.java:logGet(46)) - raft.server.storage.dir = [/home/runner/work/ozone/ozone/hadoop-ozone/integration-test/target/test-dir/MiniOzoneClusterImpl-1c94f07e-3edc-4d60-9c78-eaa851002676/omNode-2/ratis] (custom)
2022-10-18 21:56:26,661 [Listener at 127.0.0.1/43961] INFO  server.RaftServer (RaftServerProxy.java:addNew(96)) - omNode-2: addNew group-523986131536:[omNode-3|rpc:localhost:46841|priority:0, omNode-1|rpc:localhost:43245|priority:0, omNode-2|rpc:localhost:41401|priority:0] returns group-523986131536:java.util.concurrent.CompletableFuture@55c316d9[Not completed]
2022-10-18 21:56:26,661 [pool-570-thread-1] INFO  server.RaftServer$Division (RaftServerImpl.java:<init>(190)) - omNode-2: new RaftServerImpl for group-523986131536:[omNode-3|rpc:localhost:46841|priority:0, omNode-1|rpc:localhost:43245|priority:0, omNode-2|rpc:localhost:41401|priority:0] with OzoneManagerStateMachine:uninitialized
2022-10-18 21:56:26,661 [Listener at 127.0.0.1/43961] INFO  om.OzoneManager (OzoneManager.java:initializeRatisServer(1975)) - OzoneManager Ratis server initialized at port 41401
2022-10-18 21:56:26,661 [pool-570-thread-1] INFO  server.RaftServerConfigKeys (ConfUtils.java:logGet(46)) - raft.server.rpc.timeout.min = 1s (custom)
2022-10-18 21:56:26,661 [pool-570-thread-1] INFO  server.RaftServerConfigKeys (ConfUtils.java:logGet(46)) - raft.server.rpc.timeout.max = 1200ms (custom)
2022-10-18 21:56:26,661 [pool-570-thread-1] INFO  server.RaftServerConfigKeys (ConfUtils.java:logGet(46)) - raft.server.rpc.sleep.time = 25ms (default)
2022-10-18 21:56:26,661 [pool-570-thread-1] INFO  server.RaftServerConfigKeys (ConfUtils.java:logGet(46)) - raft.server.rpc.slowness.timeout = 2s (custom)
2022-10-18 21:56:26,661 [pool-570-thread-1] INFO  server.RaftServerConfigKeys (ConfUtils.java:logGet(46)) - raft.server.leaderelection.leader.step-down.wait-time = 10s (default)
2022-10-18 21:56:26,661 [pool-570-thread-1] INFO  server.RaftServerConfigKeys (ConfUtils.java:logGet(46)) - raft.server.sleep.deviation.threshold = 300ms (default)
2022-10-18 21:56:26,661 [pool-570-thread-1] INFO  server.RaftServer$Division (ServerState.java:<init>(107)) - omNode-2@group-523986131536: ConfigurationManager, init=-1: [omNode-3|rpc:localhost:46841|priority:0, omNode-1|rpc:localhost:43245|priority:0, omNode-2|rpc:localhost:41401|priority:0], old=null, confs=<EMPTY_MAP>
2022-10-18 21:56:26,661 [pool-570-thread-1] INFO  server.RaftServerConfigKeys (ConfUtils.java:logGet(46)) - raft.server.storage.dir = [/home/runner/work/ozone/ozone/hadoop-ozone/integration-test/target/test-dir/MiniOzoneClusterImpl-1c94f07e-3edc-4d60-9c78-eaa851002676/omNode-2/ratis] (custom)
2022-10-18 21:56:26,661 [pool-570-thread-1] INFO  server.RaftServerConfigKeys (ConfUtils.java:logGet(46)) - raft.server.log.corruption.policy = EXCEPTION (default)
2022-10-18 21:56:26,661 [pool-570-thread-1] INFO  server.RaftServerConfigKeys (ConfUtils.java:logGet(46)) - raft.server.storage.free-space.min = 0MB (=0) (default)
2022-10-18 21:56:26,661 [pool-570-thread-1] INFO  storage.RaftStorageDirectory (RaftStorageDirectoryImpl.java:analyzeStorage(135)) - The storage directory /home/runner/work/ozone/ozone/hadoop-ozone/integration-test/target/test-dir/MiniOzoneClusterImpl-1c94f07e-3edc-4d60-9c78-eaa851002676/omNode-2/ratis/c9bc4cf4-3bc3-3c60-a66b-523986131536 does not exist. Creating ...
2022-10-18 21:56:26,662 [Listener at 127.0.0.1/43961] INFO  om.OzoneManager (OzoneManager.java:getRpcServer(1101)) - Creating RPC Server
2022-10-18 21:56:26,662 [pool-570-thread-1] INFO  storage.RaftStorageDirectory (RaftStorageDirectoryImpl.java:tryLock(230)) - Lock on /home/runner/work/ozone/ozone/hadoop-ozone/integration-test/target/test-dir/MiniOzoneClusterImpl-1c94f07e-3edc-4d60-9c78-eaa851002676/omNode-2/ratis/c9bc4cf4-3bc3-3c60-a66b-523986131536/in_use.lock acquired by nodename 38880@fv-az368-376
2022-10-18 21:56:26,664 [pool-570-thread-1] INFO  storage.RaftStorage (RaftStorageImpl.java:format(89)) - Storage directory /home/runner/work/ozone/ozone/hadoop-ozone/integration-test/target/test-dir/MiniOzoneClusterImpl-1c94f07e-3edc-4d60-9c78-eaa851002676/omNode-2/ratis/c9bc4cf4-3bc3-3c60-a66b-523986131536 has been successfully formatted.
2022-10-18 21:56:26,677 [pool-570-thread-1] INFO  server.RaftServerConfigKeys (ConfUtils.java:logGet(46)) - raft.server.notification.no-leader.timeout = 2s (custom)
2022-10-18 21:56:26,677 [pool-570-thread-1] INFO  server.RaftServerConfigKeys (ConfUtils.java:logGet(46)) - raft.server.log.use.memory = false (default)
2022-10-18 21:56:26,677 [pool-570-thread-1] INFO  server.RaftServerConfigKeys (ConfUtils.java:logGet(46)) - raft.server.log.purge.gap = 50 (custom)
2022-10-18 21:56:26,677 [pool-570-thread-1] INFO  server.RaftServerConfigKeys (ConfUtils.java:logGet(46)) - raft.server.log.appender.buffer.byte-limit = 33554432 (custom)
2022-10-18 21:56:26,677 [pool-570-thread-1] INFO  server.RaftServerConfigKeys (ConfUtils.java:logGet(46)) - raft.server.log.statemachine.data.read.timeout = 1000ms (default)
2022-10-18 21:56:26,677 [pool-570-thread-1] INFO  server.RaftServerConfigKeys (ConfUtils.java:logGet(46)) - raft.server.log.segment.size.max = 4194304 (custom)
2022-10-18 21:56:26,678 [pool-570-thread-1] INFO  server.RaftServerConfigKeys (ConfUtils.java:logGet(46)) - raft.server.log.segment.cache.num.max = 2 (custom)
2022-10-18 21:56:26,678 [pool-570-thread-1] INFO  server.RaftServerConfigKeys (ConfUtils.java:logGet(46)) - raft.server.log.segment.cache.size.max = 200MB (=209715200) (default)
2022-10-18 21:56:26,678 [pool-570-thread-1] INFO  segmented.SegmentedRaftLogWorker (SegmentedRaftLogWorker.java:<init>(187)) - new omNode-2@group-523986131536-SegmentedRaftLogWorker for RaftStorageImpl:Storage Directory /home/runner/work/ozone/ozone/hadoop-ozone/integration-test/target/test-dir/MiniOzoneClusterImpl-1c94f07e-3edc-4d60-9c78-eaa851002676/omNode-2/ratis/c9bc4cf4-3bc3-3c60-a66b-523986131536
2022-10-18 21:56:26,678 [pool-570-thread-1] INFO  server.RaftServerConfigKeys (ConfUtils.java:logGet(46)) - raft.server.log.queue.byte-limit = 64MB (=67108864) (default)
2022-10-18 21:56:26,678 [pool-570-thread-1] INFO  server.RaftServerConfigKeys (ConfUtils.java:logGet(46)) - raft.server.log.queue.element-limit = 4096 (default)
2022-10-18 21:56:26,678 [pool-570-thread-1] INFO  server.RaftServerConfigKeys (ConfUtils.java:logGet(46)) - raft.server.log.segment.size.max = 4194304 (custom)
2022-10-18 21:56:26,678 [pool-570-thread-1] INFO  server.RaftServerConfigKeys (ConfUtils.java:logGet(46)) - raft.server.log.preallocated.size = 4194304 (custom)
2022-10-18 21:56:26,678 [pool-570-thread-1] INFO  server.RaftServerConfigKeys (ConfUtils.java:logGet(46)) - raft.server.log.force.sync.num = 128 (default)
2022-10-18 21:56:26,678 [pool-570-thread-1] INFO  server.RaftServerConfigKeys (ConfUtils.java:logGet(46)) - raft.server.log.statemachine.data.sync = true (default)
2022-10-18 21:56:26,678 [pool-570-thread-1] INFO  server.RaftServerConfigKeys (ConfUtils.java:logGet(46)) - raft.server.log.statemachine.data.sync.timeout = 10s (default)
2022-10-18 21:56:26,678 [pool-570-thread-1] INFO  server.RaftServerConfigKeys (ConfUtils.java:logGet(46)) - raft.server.log.statemachine.data.sync.timeout.retry = -1 (default)
2022-10-18 21:56:26,679 [pool-570-thread-1] INFO  server.RaftServerConfigKeys (ConfUtils.java:logGet(46)) - raft.server.log.write.buffer.size = 64KB (=65536) (default)
2022-10-18 21:56:26,679 [pool-570-thread-1] INFO  server.RaftServerConfigKeys (ConfUtils.java:logGet(46)) - raft.server.log.unsafe-flush.enabled = false (default)
2022-10-18 21:56:26,679 [pool-570-thread-1] INFO  server.RaftServerConfigKeys (ConfUtils.java:logGet(46)) - raft.server.log.statemachine.data.caching.enabled = false (default)
2022-10-18 21:56:26,679 [pool-570-thread-1] INFO  segmented.SegmentedRaftLogWorker (SegmentedRaftLogWorker.java:lambda$new$0(135)) - omNode-2@group-523986131536-SegmentedRaftLogWorker: flushIndex: setUnconditionally 0 -> -1
2022-10-18 21:56:26,679 [pool-570-thread-1] INFO  segmented.SegmentedRaftLogWorker (SegmentedRaftLogWorker.java:lambda$new$0(135)) - omNode-2@group-523986131536-SegmentedRaftLogWorker: safeCacheEvictIndex: setUnconditionally 0 -> -1
2022-10-18 21:56:26,689 [pool-570-thread-1] INFO  server.RaftServerConfigKeys (ConfUtils.java:logGet(46)) - raft.server.snapshot.auto.trigger.enabled = true (custom)
2022-10-18 21:56:26,689 [pool-570-thread-1] INFO  server.RaftServerConfigKeys (ConfUtils.java:logGet(46)) - raft.server.snapshot.auto.trigger.threshold = 50 (custom)
2022-10-18 21:56:26,689 [pool-570-thread-1] INFO  server.RaftServerConfigKeys (ConfUtils.java:logGet(46)) - raft.server.snapshot.retention.file.num = -1 (default)
2022-10-18 21:56:26,689 [pool-570-thread-1] INFO  server.RaftServerConfigKeys (ConfUtils.java:logGet(46)) - raft.server.log.purge.upto.snapshot.index = true (custom)
2022-10-18 21:56:26,689 [pool-570-thread-1] INFO  server.RaftServerConfigKeys (ConfUtils.java:logGet(46)) - raft.server.retrycache.expirytime = 30000ms (custom)
2022-10-18 21:56:26,689 [pool-570-thread-1] INFO  server.RaftServerConfigKeys (ConfUtils.java:logGet(46)) - raft.server.retrycache.statistics.expirytime = 100μs (default)
2022-10-18 21:56:26,690 [pool-570-thread-1] INFO  server.RaftServerConfigKeys (ConfUtils.java:logGet(46)) - raft.server.log.appender.install.snapshot.enabled = false (custom)
2022-10-18 21:56:26,690 [pool-570-thread-1] INFO  server.RaftServerConfigKeys (ConfUtils.java:logGet(46)) - raft.server.threadpool.server.cached = true (default)
2022-10-18 21:56:26,690 [pool-570-thread-1] INFO  server.RaftServerConfigKeys (ConfUtils.java:logGet(46)) - raft.server.threadpool.server.size = 0 (default)
2022-10-18 21:56:26,690 [pool-570-thread-1] INFO  server.RaftServerConfigKeys (ConfUtils.java:logGet(46)) - raft.server.threadpool.client.cached = true (default)
2022-10-18 21:56:26,690 [pool-570-thread-1] INFO  server.RaftServerConfigKeys (ConfUtils.java:logGet(46)) - raft.server.threadpool.client.size = 0 (default)
2022-10-18 21:56:26,872 [Listener at 127.0.0.1/43961] INFO  reflections.Reflections (Reflections.java:scan(232)) - Reflections took 210 ms to scan 19 urls, producing 67 keys and 4244 values [using 4 cores]
2022-10-18 21:56:26,873 [Listener at 127.0.0.1/43961] INFO  ipc.CallQueueManager (CallQueueManager.java:<init>(90)) - Using callQueue: class java.util.concurrent.LinkedBlockingQueue, queueCapacity: 2000, scheduler: class org.apache.hadoop.ipc.DefaultRpcScheduler, ipcBackoff: false.
2022-10-18 21:56:26,873 [Socket Reader #1 for port 46167] INFO  ipc.Server (Server.java:run(1273)) - Starting Socket Reader #1 for port 46167
2022-10-18 21:56:26,885 [Listener at 127.0.0.1/46167] INFO  impl.MetricsSystemImpl (MetricsSystemImpl.java:init(158)) - OzoneManager metrics system started (again)
2022-10-18 21:56:26,893 [Listener at 127.0.0.1/46167] INFO  om.OzoneManager (OzoneManager.java:start(1482)) - OzoneManager RPC server is listening at localhost/127.0.0.1:46167
2022-10-18 21:56:26,893 [Listener at 127.0.0.1/46167] INFO  ratis.OzoneManagerRatisServer (OzoneManagerRatisServer.java:start(555)) - Starting OzoneManagerRatisServer omNode-2 at port 41401
2022-10-18 21:56:26,893 [omNode-2-impl-thread1] INFO  server.RaftServer$Division (RaftServerImpl.java:start(310)) - omNode-2@group-523986131536: start as a follower, conf=-1: [omNode-3|rpc:localhost:46841|priority:0, omNode-1|rpc:localhost:43245|priority:0, omNode-2|rpc:localhost:41401|priority:0], old=null
2022-10-18 21:56:26,893 [omNode-2-impl-thread1] INFO  server.RaftServer$Division (RaftServerImpl.java:setRole(299)) - omNode-2@group-523986131536: changes role from      null to FOLLOWER at term 0 for startAsFollower
2022-10-18 21:56:26,893 [omNode-2-impl-thread1] INFO  impl.RoleInfo (RoleInfo.java:updateAndGet(139)) - omNode-2: start omNode-2@group-523986131536-FollowerState
2022-10-18 21:56:26,894 [omNode-2-impl-thread1] INFO  util.JmxRegister (JmxRegister.java:tryRegister(44)) - Successfully registered JMX Bean with object name Ratis:service=RaftServer,group=group-523986131536,id=omNode-2
2022-10-18 21:56:26,894 [Listener at 127.0.0.1/46167] INFO  server.RaftServer (RaftServerProxy.java:lambda$start$6(382)) - omNode-2: start RPC server
2022-10-18 21:56:26,896 [Listener at 127.0.0.1/46167] INFO  server.GrpcService (GrpcService.java:startImpl(260)) - omNode-2: GrpcService started, listening on 41401
2022-10-18 21:56:26,896 [Listener at 127.0.0.1/46167] INFO  om.OzoneManager (OzoneManager.java:start(1498)) - Version File has different layout version (3) than OM DB (null). That is expected if this OM has never been finalized to a newer layout version.
2022-10-18 21:56:26,896 [org.apache.ratis.util.JvmPauseMonitor$$Lambda$703/854163851@506e1d0f] INFO  util.JvmPauseMonitor (JvmPauseMonitor.java:run(103)) - JvmPauseMonitor-omNode-2: Started
2022-10-18 21:56:26,898 [Listener at 127.0.0.1/46167] INFO  http.BaseHttpServer (BaseHttpServer.java:newHttpServer2BuilderForOzone(213)) - Starting Web-server for ozoneManager at: http://0.0.0.0:44253
2022-10-18 21:56:26,898 [Listener at 127.0.0.1/46167] INFO  http.BaseHttpServer (BaseHttpServer.java:<init>(108)) - Hadoop Security Enabled: false Ozone Security Enabled: false Ozone HTTP Security Enabled: false 
2022-10-18 21:56:26,899 [Listener at 127.0.0.1/46167] WARN  server.AuthenticationFilter (AuthenticationFilter.java:constructSecretProvider(240)) - Unable to initialize FileSignerSecretProvider, falling back to use random secrets. Reason: Could not read signature secret file: /home/runner/hadoop-http-auth-signature-secret
2022-10-18 21:56:26,899 [Listener at 127.0.0.1/46167] WARN  http.HttpRequestLog (HttpRequestLog.java:getRequestLog(103)) - Jetty request log can only be enabled using Log4j
2022-10-18 21:56:26,901 [Listener at 127.0.0.1/46167] INFO  http.HttpServer2 (HttpServer2.java:addGlobalFilter(1031)) - Added global filter 'safety' (class=org.apache.hadoop.hdds.server.http.HttpServer2$QuotingInputFilter)
2022-10-18 21:56:26,901 [Listener at 127.0.0.1/46167] INFO  http.HttpServer2 (HttpServer2.java:addFilter(1007)) - Added filter static_user_filter (class=org.apache.hadoop.http.lib.StaticUserWebFilter$StaticUserFilter) to context ozoneManager
2022-10-18 21:56:26,902 [Listener at 127.0.0.1/46167] INFO  http.HttpServer2 (HttpServer2.java:addFilter(1015)) - Added filter static_user_filter (class=org.apache.hadoop.http.lib.StaticUserWebFilter$StaticUserFilter) to context logs
2022-10-18 21:56:26,902 [Listener at 127.0.0.1/46167] INFO  http.HttpServer2 (HttpServer2.java:addFilter(1015)) - Added filter static_user_filter (class=org.apache.hadoop.http.lib.StaticUserWebFilter$StaticUserFilter) to context static
2022-10-18 21:56:26,902 [Listener at 127.0.0.1/46167] INFO  http.HttpServer2 (HttpServer2.java:bindListener(1250)) - Jetty bound to port 44253
2022-10-18 21:56:26,902 [Listener at 127.0.0.1/46167] INFO  server.Server (Server.java:doStart(375)) - jetty-9.4.43.v20210629; built: 2021-06-30T11:07:22.254Z; git: 526006ecfa3af7f1a27ef3a288e2bef7ea9dd7e8; jvm 1.8.0_345-b01
2022-10-18 21:56:26,905 [Listener at 127.0.0.1/46167] INFO  server.session (DefaultSessionIdManager.java:doStart(334)) - DefaultSessionIdManager workerName=node0
2022-10-18 21:56:26,905 [Listener at 127.0.0.1/46167] INFO  server.session (DefaultSessionIdManager.java:doStart(339)) - No SessionScavenger set, using defaults
2022-10-18 21:56:26,905 [Listener at 127.0.0.1/46167] INFO  server.session (HouseKeeper.java:startScavenging(132)) - node0 Scavenging every 600000ms
2022-10-18 21:56:26,906 [Listener at 127.0.0.1/46167] INFO  handler.ContextHandler (ContextHandler.java:doStart(915)) - Started o.e.j.s.ServletContextHandler@1ff4108{logs,/logs,file:///home/runner/work/ozone/ozone/hadoop-ozone/integration-test/target/log,AVAILABLE}
2022-10-18 21:56:26,906 [Listener at 127.0.0.1/46167] INFO  handler.ContextHandler (ContextHandler.java:doStart(915)) - Started o.e.j.s.ServletContextHandler@75cf0738{static,/static,file:///home/runner/work/ozone/ozone/hadoop-ozone/integration-test/target/test-classes/webapps/static,AVAILABLE}
2022-10-18 21:56:26,908 [Listener at 127.0.0.1/46167] INFO  handler.ContextHandler (ContextHandler.java:doStart(915)) - Started o.e.j.w.WebAppContext@481d5c41{ozoneManager,/,file:///home/runner/work/ozone/ozone/hadoop-ozone/integration-test/target/test-classes/webapps/ozoneManager/,AVAILABLE}{file:/home/runner/work/ozone/ozone/hadoop-ozone/integration-test/target/test-classes/webapps/ozoneManager}
2022-10-18 21:56:26,909 [Listener at 127.0.0.1/46167] INFO  server.AbstractConnector (AbstractConnector.java:doStart(331)) - Started ServerConnector@26fcf280{HTTP/1.1, (http/1.1)}{0.0.0.0:44253}
2022-10-18 21:56:26,909 [Listener at 127.0.0.1/46167] INFO  server.Server (Server.java:doStart(415)) - Started @69627ms
2022-10-18 21:56:26,909 [Listener at 127.0.0.1/46167] WARN  impl.MetricsSystemImpl (MetricsSystemImpl.java:register(279)) - Sink prometheus already exists!
2022-10-18 21:56:26,909 [Listener at 127.0.0.1/46167] INFO  http.BaseHttpServer (BaseHttpServer.java:updateConnectorAddress(333)) - HTTP server of ozoneManager listening at http://0.0.0.0:44253
2022-10-18 21:56:26,910 [IPC Server Responder] INFO  ipc.Server (Server.java:run(1512)) - IPC Server Responder: starting
2022-10-18 21:56:26,913 [IPC Server listener on 46167] INFO  ipc.Server (Server.java:run(1352)) - IPC Server listener on 46167: starting
2022-10-18 21:56:26,920 [Listener at 127.0.0.1/46167] INFO  om.OzoneManager (OzoneManager.java:startTrashEmptier(1919)) - Trash Interval set to 0. Files deleted won't move to trash
2022-10-18 21:56:26,920 [Listener at 127.0.0.1/46167] INFO  ozone.MiniOzoneHAClusterImpl (MiniOzoneHAClusterImpl.java:createOMService(527)) - Started OzoneManager omNode-2 RPC server at localhost/127.0.0.1:46167
2022-10-18 21:56:26,920 [org.apache.hadoop.util.JvmPauseMonitor$Monitor@78872b95] INFO  util.JvmPauseMonitor (JvmPauseMonitor.java:run(188)) - Starting JVM pause monitor
2022-10-18 21:56:26,921 [Listener at 127.0.0.1/46167] INFO  ha.OMHANodeDetails (OMHANodeDetails.java:loadOMHAConfig(121)) - ServiceID for OzoneManager is om-service-test1
2022-10-18 21:56:26,921 [Listener at 127.0.0.1/46167] INFO  ha.OMHANodeDetails (OMHANodeDetails.java:loadOMHAConfig(201)) - Found matching OM address with OMServiceId: om-service-test1, OMNodeId: omNode-3, RPC Address: localhost:40781 and Ratis port: 46841
2022-10-18 21:56:26,921 [Listener at 127.0.0.1/46167] INFO  ha.OMHANodeDetails (ConfUtils.java:setNodeSpecificConfigs(97)) - Setting configuration key ozone.om.http-address with value of key ozone.om.http-address.om-service-test1.omNode-3: 127.0.0.1:36397
2022-10-18 21:56:26,921 [Listener at 127.0.0.1/46167] INFO  ha.OMHANodeDetails (ConfUtils.java:setNodeSpecificConfigs(97)) - Setting configuration key ozone.om.https-address with value of key ozone.om.https-address.om-service-test1.omNode-3: 127.0.0.1:39915
2022-10-18 21:56:26,921 [Listener at 127.0.0.1/46167] INFO  ha.OMHANodeDetails (ConfUtils.java:setNodeSpecificConfigs(97)) - Setting configuration key ozone.om.address with value of key ozone.om.address.om-service-test1.omNode-3: 127.0.0.1:40781
2022-10-18 21:56:26,922 [Listener at 127.0.0.1/46167] WARN  server.ServerUtils (ServerUtils.java:getDBPath(225)) - ozone.om.db.dirs is not configured. We recommend adding this setting. Falling back to ozone.metadata.dirs instead.
2022-10-18 21:56:26,922 [Listener at 127.0.0.1/46167] INFO  proxy.SCMBlockLocationFailoverProxyProvider (SCMBlockLocationFailoverProxyProvider.java:<init>(114)) - Created block location fail-over proxy with 1 nodes: [nodeId=scmNodeId,nodeAddress=/0.0.0.0:35249]
OM initialization succeeded.Current cluster id for sd=/home/runner/work/ozone/ozone/hadoop-ozone/integration-test/target/test-dir/MiniOzoneClusterImpl-1c94f07e-3edc-4d60-9c78-eaa851002676/omNode-3/om;cid=1c94f07e-3edc-4d60-9c78-eaa851002676;layoutVersion=3
2022-10-18 21:56:26,926 [Listener at 127.0.0.1/46167] INFO  ha.OMHANodeDetails (OMHANodeDetails.java:loadOMHAConfig(121)) - ServiceID for OzoneManager is om-service-test1
2022-10-18 21:56:26,926 [Listener at 127.0.0.1/46167] INFO  ha.OMHANodeDetails (OMHANodeDetails.java:loadOMHAConfig(201)) - Found matching OM address with OMServiceId: om-service-test1, OMNodeId: omNode-3, RPC Address: localhost:40781 and Ratis port: 46841
2022-10-18 21:56:26,926 [Listener at 127.0.0.1/46167] INFO  ha.OMHANodeDetails (ConfUtils.java:setNodeSpecificConfigs(97)) - Setting configuration key ozone.om.http-address with value of key ozone.om.http-address.om-service-test1.omNode-3: 127.0.0.1:36397
2022-10-18 21:56:26,926 [Listener at 127.0.0.1/46167] INFO  ha.OMHANodeDetails (ConfUtils.java:setNodeSpecificConfigs(97)) - Setting configuration key ozone.om.https-address with value of key ozone.om.https-address.om-service-test1.omNode-3: 127.0.0.1:39915
2022-10-18 21:56:26,926 [Listener at 127.0.0.1/46167] INFO  ha.OMHANodeDetails (ConfUtils.java:setNodeSpecificConfigs(97)) - Setting configuration key ozone.om.address with value of key ozone.om.address.om-service-test1.omNode-3: 127.0.0.1:40781
2022-10-18 21:56:26,927 [Listener at 127.0.0.1/46167] WARN  server.ServerUtils (ServerUtils.java:getDBPath(225)) - ozone.om.db.dirs is not configured. We recommend adding this setting. Falling back to ozone.metadata.dirs instead.
2022-10-18 21:56:26,927 [Listener at 127.0.0.1/46167] INFO  upgrade.AbstractLayoutVersionManager (AbstractLayoutVersionManager.java:init(83)) - Initializing Layout version manager with metadata layout = MULTITENANCY_SCHEMA (version = 3), software layout = MULTITENANCY_SCHEMA (version = 3)
2022-10-18 21:56:26,955 [omNode-1@group-523986131536-FollowerState] INFO  impl.FollowerState (FollowerState.java:lostMajorityHeartbeatsRecently(108)) - omNode-1@group-523986131536-FollowerState: Skipping leader election since it stepped down recently (elapsed = 2196ms < waitTime = 10s)
2022-10-18 21:56:26,977 [Listener at 127.0.0.1/46167] INFO  reflections.Reflections (Reflections.java:scan(232)) - Reflections took 50 ms to scan 2 urls, producing 154 keys and 428 values [using 4 cores]
2022-10-18 21:56:26,977 [Listener at 127.0.0.1/46167] INFO  upgrade.OMLayoutVersionManager (OMLayoutVersionManager.java:lambda$0(115)) - Skipping Upgrade Action MockOmUpgradeAction since it has been finalized.
2022-10-18 21:56:26,978 [Listener at 127.0.0.1/46167] WARN  server.ServerUtils (ServerUtils.java:getDBPath(225)) - ozone.om.db.dirs is not configured. We recommend adding this setting. Falling back to ozone.metadata.dirs instead.
2022-10-18 21:56:26,978 [Listener at 127.0.0.1/46167] INFO  proxy.SCMBlockLocationFailoverProxyProvider (SCMBlockLocationFailoverProxyProvider.java:<init>(114)) - Created block location fail-over proxy with 1 nodes: [nodeId=scmNodeId,nodeAddress=/0.0.0.0:35249]
2022-10-18 21:56:26,981 [Listener at 127.0.0.1/46167] INFO  proxy.SCMBlockLocationFailoverProxyProvider (SCMBlockLocationFailoverProxyProvider.java:<init>(114)) - Created block location fail-over proxy with 1 nodes: [nodeId=scmNodeId,nodeAddress=/0.0.0.0:35249]
2022-10-18 21:56:26,986 [Listener at 127.0.0.1/46167] WARN  server.ServerUtils (ServerUtils.java:getDBPath(225)) - ozone.om.db.dirs is not configured. We recommend adding this setting. Falling back to ozone.metadata.dirs instead.
2022-10-18 21:56:26,986 [Listener at 127.0.0.1/46167] INFO  codec.OmKeyInfoCodec (OmKeyInfoCodec.java:<init>(49)) - OmKeyInfoCodec ignorePipeline = true
2022-10-18 21:56:26,986 [Listener at 127.0.0.1/46167] INFO  codec.RepeatedOmKeyInfoCodec (RepeatedOmKeyInfoCodec.java:<init>(41)) - RepeatedOmKeyInfoCodec ignorePipeline = true
2022-10-18 21:56:27,077 [Listener at 127.0.0.1/46167] INFO  om.OzoneManager (OzoneManager.java:instantiateServices(712)) - S3 Multi-Tenancy is disabled
2022-10-18 21:56:27,079 [Listener at 127.0.0.1/46167] INFO  om.OzoneManager (OzoneManager.java:addS3GVolumeToDB(4386)) - Created Volume s3v With Owner runner required for S3Gateway operations.
2022-10-18 21:56:27,079 [Listener at 127.0.0.1/46167] WARN  server.ServerUtils (ServerUtils.java:getDefaultRatisDirectory(237)) - Storage directory for Ratis is not configured. It is a good idea to map this to an SSD disk. Falling back to ozone.metadata.dirs
2022-10-18 21:56:27,079 [Listener at 127.0.0.1/46167] WARN  utils.OzoneManagerRatisUtils (OzoneManagerRatisUtils.java:getOMRatisSnapshotDirectory(434)) - ozone.om.ratis.snapshot.dir is not configured. Falling back to ozone.metadata.dirs config
2022-10-18 21:56:27,079 [Listener at 127.0.0.1/46167] INFO  snapshot.OzoneManagerSnapshotProvider (OzoneManagerSnapshotProvider.java:<init>(76)) - Initializing OM Snapshot Provider
2022-10-18 21:56:27,080 [Listener at 127.0.0.1/46167] WARN  impl.MetricRegistriesImpl (MetricRegistriesImpl.java:addReporterRegistration(111)) - New reporters are added after registries were created. Some metrics will be missing from the reporter. Please add reporter before adding any new registry.
2022-10-18 21:56:27,080 [Listener at 127.0.0.1/46167] WARN  impl.MetricRegistriesImpl (MetricRegistriesImpl.java:addReporterRegistration(111)) - New reporters are added after registries were created. Some metrics will be missing from the reporter. Please add reporter before adding any new registry.
2022-10-18 21:56:27,080 [Listener at 127.0.0.1/46167] WARN  server.ServerUtils (ServerUtils.java:getDefaultRatisDirectory(237)) - Storage directory for Ratis is not configured. It is a good idea to map this to an SSD disk. Falling back to ozone.metadata.dirs
2022-10-18 21:56:27,081 [Listener at 127.0.0.1/46167] INFO  ratis.OzoneManagerRatisServer (OzoneManagerRatisServer.java:<init>(160)) - Instantiating OM Ratis server with groupID: om-service-test1 and peers: localhost:46841, localhost:43245, localhost:41401
2022-10-18 21:56:27,081 [Listener at 127.0.0.1/46167] INFO  ratis.OzoneManagerStateMachine (OzoneManagerStateMachine.java:loadSnapshotInfoFromDB(632)) - LastAppliedIndex is set from TransactionInfo from OM DB as (t:0, i:~)
2022-10-18 21:56:27,081 [Listener at 127.0.0.1/46167] INFO  server.RaftServer (ConfUtils.java:logGet(46)) - raft.rpc.type = GRPC (default)
2022-10-18 21:56:27,081 [Listener at 127.0.0.1/46167] INFO  grpc.GrpcFactory (GrpcFactory.java:checkPooledByteBufAllocatorUseCacheForAllThreads(48)) - PERFORMANCE WARNING: useCacheForAllThreads is true that may cause Netty to create a lot garbage objects and, as a result, trigger GC.
	It is recommended to disable useCacheForAllThreads by setting -Dorg.apache.ratis.thirdparty.io.netty.allocator.useCacheForAllThreads=false in command line.
2022-10-18 21:56:27,082 [Listener at 127.0.0.1/46167] INFO  grpc.GrpcConfigKeys (ConfUtils.java:logGet(46)) - raft.grpc.admin.port = -1 (default)
2022-10-18 21:56:27,082 [Listener at 127.0.0.1/46167] INFO  grpc.GrpcConfigKeys (ConfUtils.java:logGet(46)) - raft.grpc.server.port = 46841 (custom)
2022-10-18 21:56:27,082 [Listener at 127.0.0.1/46167] INFO  grpc.GrpcConfigKeys (ConfUtils.java:logGet(46)) - raft.grpc.client.port = -1 (default)
2022-10-18 21:56:27,082 [Listener at 127.0.0.1/46167] INFO  grpc.GrpcConfigKeys (ConfUtils.java:logGet(46)) - raft.grpc.server.port = 46841 (custom)
2022-10-18 21:56:27,082 [Listener at 127.0.0.1/46167] INFO  grpc.GrpcConfigKeys (ConfUtils.java:logGet(46)) - raft.grpc.server.port = 46841 (custom)
2022-10-18 21:56:27,082 [Listener at 127.0.0.1/46167] INFO  server.GrpcService (ConfUtils.java:logGet(46)) - raft.grpc.message.size.max = 33554432 (custom)
2022-10-18 21:56:27,082 [Listener at 127.0.0.1/46167] INFO  server.RaftServerConfigKeys (ConfUtils.java:logGet(46)) - raft.server.log.appender.buffer.byte-limit = 33554432 (custom)
2022-10-18 21:56:27,082 [Listener at 127.0.0.1/46167] INFO  server.GrpcService (ConfUtils.java:logGet(46)) - raft.grpc.flow.control.window = 1MB (=1048576) (default)
2022-10-18 21:56:27,082 [Listener at 127.0.0.1/46167] INFO  server.RaftServerConfigKeys (ConfUtils.java:logGet(46)) - raft.server.rpc.request.timeout = 3000ms (default)
2022-10-18 21:56:27,082 [Listener at 127.0.0.1/46167] INFO  grpc.GrpcConfigKeys (ConfUtils.java:logGet(46)) - raft.grpc.server.async.request.thread.pool.cached = true (default)
2022-10-18 21:56:27,082 [Listener at 127.0.0.1/46167] INFO  grpc.GrpcConfigKeys (ConfUtils.java:logGet(46)) - raft.grpc.server.async.request.thread.pool.size = 32 (default)
2022-10-18 21:56:27,083 [Listener at 127.0.0.1/46167] INFO  impl.DataStreamServerImpl (ConfUtils.java:logGet(46)) - raft.datastream.type = DISABLED (default)
2022-10-18 21:56:27,083 [Listener at 127.0.0.1/46167] INFO  server.RaftServerConfigKeys (ConfUtils.java:logGet(46)) - raft.server.threadpool.proxy.cached = true (default)
2022-10-18 21:56:27,083 [Listener at 127.0.0.1/46167] INFO  server.RaftServerConfigKeys (ConfUtils.java:logGet(46)) - raft.server.threadpool.proxy.size = 0 (default)
2022-10-18 21:56:27,083 [Listener at 127.0.0.1/46167] INFO  server.RaftServerConfigKeys (ConfUtils.java:logGet(46)) - raft.server.rpc.slowness.timeout = 2s (custom)
2022-10-18 21:56:27,083 [Listener at 127.0.0.1/46167] INFO  server.RaftServerConfigKeys (ConfUtils.java:logGet(46)) - raft.server.leaderelection.leader.step-down.wait-time = 10s (default)
2022-10-18 21:56:27,084 [Listener at 127.0.0.1/46167] INFO  server.RaftServerConfigKeys (ConfUtils.java:logGet(46)) - raft.server.storage.dir = [/home/runner/work/ozone/ozone/hadoop-ozone/integration-test/target/test-dir/MiniOzoneClusterImpl-1c94f07e-3edc-4d60-9c78-eaa851002676/omNode-3/ratis] (custom)
2022-10-18 21:56:27,084 [Listener at 127.0.0.1/46167] INFO  server.RaftServer (RaftServerProxy.java:addNew(96)) - omNode-3: addNew group-523986131536:[omNode-3|rpc:localhost:46841|priority:0, omNode-1|rpc:localhost:43245|priority:0, omNode-2|rpc:localhost:41401|priority:0] returns group-523986131536:java.util.concurrent.CompletableFuture@76ab49b5[Not completed]
2022-10-18 21:56:27,084 [pool-595-thread-1] INFO  server.RaftServer$Division (RaftServerImpl.java:<init>(190)) - omNode-3: new RaftServerImpl for group-523986131536:[omNode-3|rpc:localhost:46841|priority:0, omNode-1|rpc:localhost:43245|priority:0, omNode-2|rpc:localhost:41401|priority:0] with OzoneManagerStateMachine:uninitialized
2022-10-18 21:56:27,084 [Listener at 127.0.0.1/46167] INFO  om.OzoneManager (OzoneManager.java:initializeRatisServer(1975)) - OzoneManager Ratis server initialized at port 46841
2022-10-18 21:56:27,084 [pool-595-thread-1] INFO  server.RaftServerConfigKeys (ConfUtils.java:logGet(46)) - raft.server.rpc.timeout.min = 1s (custom)
2022-10-18 21:56:27,084 [pool-595-thread-1] INFO  server.RaftServerConfigKeys (ConfUtils.java:logGet(46)) - raft.server.rpc.timeout.max = 1200ms (custom)
2022-10-18 21:56:27,084 [pool-595-thread-1] INFO  server.RaftServerConfigKeys (ConfUtils.java:logGet(46)) - raft.server.rpc.sleep.time = 25ms (default)
2022-10-18 21:56:27,084 [pool-595-thread-1] INFO  server.RaftServerConfigKeys (ConfUtils.java:logGet(46)) - raft.server.rpc.slowness.timeout = 2s (custom)
2022-10-18 21:56:27,084 [pool-595-thread-1] INFO  server.RaftServerConfigKeys (ConfUtils.java:logGet(46)) - raft.server.leaderelection.leader.step-down.wait-time = 10s (default)
2022-10-18 21:56:27,084 [pool-595-thread-1] INFO  server.RaftServerConfigKeys (ConfUtils.java:logGet(46)) - raft.server.sleep.deviation.threshold = 300ms (default)
2022-10-18 21:56:27,084 [pool-595-thread-1] INFO  server.RaftServer$Division (ServerState.java:<init>(107)) - omNode-3@group-523986131536: ConfigurationManager, init=-1: [omNode-3|rpc:localhost:46841|priority:0, omNode-1|rpc:localhost:43245|priority:0, omNode-2|rpc:localhost:41401|priority:0], old=null, confs=<EMPTY_MAP>
2022-10-18 21:56:27,084 [pool-595-thread-1] INFO  server.RaftServerConfigKeys (ConfUtils.java:logGet(46)) - raft.server.storage.dir = [/home/runner/work/ozone/ozone/hadoop-ozone/integration-test/target/test-dir/MiniOzoneClusterImpl-1c94f07e-3edc-4d60-9c78-eaa851002676/omNode-3/ratis] (custom)
2022-10-18 21:56:27,084 [pool-595-thread-1] INFO  server.RaftServerConfigKeys (ConfUtils.java:logGet(46)) - raft.server.log.corruption.policy = EXCEPTION (default)
2022-10-18 21:56:27,085 [pool-595-thread-1] INFO  server.RaftServerConfigKeys (ConfUtils.java:logGet(46)) - raft.server.storage.free-space.min = 0MB (=0) (default)
2022-10-18 21:56:27,085 [pool-595-thread-1] INFO  storage.RaftStorageDirectory (RaftStorageDirectoryImpl.java:analyzeStorage(135)) - The storage directory /home/runner/work/ozone/ozone/hadoop-ozone/integration-test/target/test-dir/MiniOzoneClusterImpl-1c94f07e-3edc-4d60-9c78-eaa851002676/omNode-3/ratis/c9bc4cf4-3bc3-3c60-a66b-523986131536 does not exist. Creating ...
2022-10-18 21:56:27,085 [Listener at 127.0.0.1/46167] INFO  om.OzoneManager (OzoneManager.java:getRpcServer(1101)) - Creating RPC Server
2022-10-18 21:56:27,086 [pool-595-thread-1] INFO  storage.RaftStorageDirectory (RaftStorageDirectoryImpl.java:tryLock(230)) - Lock on /home/runner/work/ozone/ozone/hadoop-ozone/integration-test/target/test-dir/MiniOzoneClusterImpl-1c94f07e-3edc-4d60-9c78-eaa851002676/omNode-3/ratis/c9bc4cf4-3bc3-3c60-a66b-523986131536/in_use.lock acquired by nodename 38880@fv-az368-376
2022-10-18 21:56:27,087 [pool-595-thread-1] INFO  storage.RaftStorage (RaftStorageImpl.java:format(89)) - Storage directory /home/runner/work/ozone/ozone/hadoop-ozone/integration-test/target/test-dir/MiniOzoneClusterImpl-1c94f07e-3edc-4d60-9c78-eaa851002676/omNode-3/ratis/c9bc4cf4-3bc3-3c60-a66b-523986131536 has been successfully formatted.
2022-10-18 21:56:27,087 [pool-595-thread-1] INFO  server.RaftServerConfigKeys (ConfUtils.java:logGet(46)) - raft.server.notification.no-leader.timeout = 2s (custom)
2022-10-18 21:56:27,087 [pool-595-thread-1] INFO  server.RaftServerConfigKeys (ConfUtils.java:logGet(46)) - raft.server.log.use.memory = false (default)
2022-10-18 21:56:27,087 [pool-595-thread-1] INFO  server.RaftServerConfigKeys (ConfUtils.java:logGet(46)) - raft.server.log.purge.gap = 50 (custom)
2022-10-18 21:56:27,087 [pool-595-thread-1] INFO  server.RaftServerConfigKeys (ConfUtils.java:logGet(46)) - raft.server.log.appender.buffer.byte-limit = 33554432 (custom)
2022-10-18 21:56:27,087 [pool-595-thread-1] INFO  server.RaftServerConfigKeys (ConfUtils.java:logGet(46)) - raft.server.log.statemachine.data.read.timeout = 1000ms (default)
2022-10-18 21:56:27,088 [pool-595-thread-1] INFO  server.RaftServerConfigKeys (ConfUtils.java:logGet(46)) - raft.server.log.segment.size.max = 4194304 (custom)
2022-10-18 21:56:27,088 [pool-595-thread-1] INFO  server.RaftServerConfigKeys (ConfUtils.java:logGet(46)) - raft.server.log.segment.cache.num.max = 2 (custom)
2022-10-18 21:56:27,088 [pool-595-thread-1] INFO  server.RaftServerConfigKeys (ConfUtils.java:logGet(46)) - raft.server.log.segment.cache.size.max = 200MB (=209715200) (default)
2022-10-18 21:56:27,088 [pool-595-thread-1] INFO  segmented.SegmentedRaftLogWorker (SegmentedRaftLogWorker.java:<init>(187)) - new omNode-3@group-523986131536-SegmentedRaftLogWorker for RaftStorageImpl:Storage Directory /home/runner/work/ozone/ozone/hadoop-ozone/integration-test/target/test-dir/MiniOzoneClusterImpl-1c94f07e-3edc-4d60-9c78-eaa851002676/omNode-3/ratis/c9bc4cf4-3bc3-3c60-a66b-523986131536
2022-10-18 21:56:27,088 [pool-595-thread-1] INFO  server.RaftServerConfigKeys (ConfUtils.java:logGet(46)) - raft.server.log.queue.byte-limit = 64MB (=67108864) (default)
2022-10-18 21:56:27,088 [pool-595-thread-1] INFO  server.RaftServerConfigKeys (ConfUtils.java:logGet(46)) - raft.server.log.queue.element-limit = 4096 (default)
2022-10-18 21:56:27,088 [pool-595-thread-1] INFO  server.RaftServerConfigKeys (ConfUtils.java:logGet(46)) - raft.server.log.segment.size.max = 4194304 (custom)
2022-10-18 21:56:27,088 [pool-595-thread-1] INFO  server.RaftServerConfigKeys (ConfUtils.java:logGet(46)) - raft.server.log.preallocated.size = 4194304 (custom)
2022-10-18 21:56:27,088 [pool-595-thread-1] INFO  server.RaftServerConfigKeys (ConfUtils.java:logGet(46)) - raft.server.log.force.sync.num = 128 (default)
2022-10-18 21:56:27,088 [pool-595-thread-1] INFO  server.RaftServerConfigKeys (ConfUtils.java:logGet(46)) - raft.server.log.statemachine.data.sync = true (default)
2022-10-18 21:56:27,088 [pool-595-thread-1] INFO  server.RaftServerConfigKeys (ConfUtils.java:logGet(46)) - raft.server.log.statemachine.data.sync.timeout = 10s (default)
2022-10-18 21:56:27,088 [pool-595-thread-1] INFO  server.RaftServerConfigKeys (ConfUtils.java:logGet(46)) - raft.server.log.statemachine.data.sync.timeout.retry = -1 (default)
2022-10-18 21:56:27,089 [pool-595-thread-1] INFO  server.RaftServerConfigKeys (ConfUtils.java:logGet(46)) - raft.server.log.write.buffer.size = 64KB (=65536) (default)
2022-10-18 21:56:27,089 [pool-595-thread-1] INFO  server.RaftServerConfigKeys (ConfUtils.java:logGet(46)) - raft.server.log.unsafe-flush.enabled = false (default)
2022-10-18 21:56:27,089 [pool-595-thread-1] INFO  server.RaftServerConfigKeys (ConfUtils.java:logGet(46)) - raft.server.log.statemachine.data.caching.enabled = false (default)
2022-10-18 21:56:27,090 [pool-595-thread-1] INFO  segmented.SegmentedRaftLogWorker (SegmentedRaftLogWorker.java:lambda$new$0(135)) - omNode-3@group-523986131536-SegmentedRaftLogWorker: flushIndex: setUnconditionally 0 -> -1
2022-10-18 21:56:27,090 [pool-595-thread-1] INFO  segmented.SegmentedRaftLogWorker (SegmentedRaftLogWorker.java:lambda$new$0(135)) - omNode-3@group-523986131536-SegmentedRaftLogWorker: safeCacheEvictIndex: setUnconditionally 0 -> -1
2022-10-18 21:56:27,105 [pool-595-thread-1] INFO  server.RaftServerConfigKeys (ConfUtils.java:logGet(46)) - raft.server.snapshot.auto.trigger.enabled = true (custom)
2022-10-18 21:56:27,105 [pool-595-thread-1] INFO  server.RaftServerConfigKeys (ConfUtils.java:logGet(46)) - raft.server.snapshot.auto.trigger.threshold = 50 (custom)
2022-10-18 21:56:27,105 [pool-595-thread-1] INFO  server.RaftServerConfigKeys (ConfUtils.java:logGet(46)) - raft.server.snapshot.retention.file.num = -1 (default)
2022-10-18 21:56:27,105 [pool-595-thread-1] INFO  server.RaftServerConfigKeys (ConfUtils.java:logGet(46)) - raft.server.log.purge.upto.snapshot.index = true (custom)
2022-10-18 21:56:27,105 [pool-595-thread-1] INFO  server.RaftServerConfigKeys (ConfUtils.java:logGet(46)) - raft.server.retrycache.expirytime = 30000ms (custom)
2022-10-18 21:56:27,105 [pool-595-thread-1] INFO  server.RaftServerConfigKeys (ConfUtils.java:logGet(46)) - raft.server.retrycache.statistics.expirytime = 100μs (default)
2022-10-18 21:56:27,106 [pool-595-thread-1] INFO  server.RaftServerConfigKeys (ConfUtils.java:logGet(46)) - raft.server.log.appender.install.snapshot.enabled = false (custom)
2022-10-18 21:56:27,106 [pool-595-thread-1] INFO  server.RaftServerConfigKeys (ConfUtils.java:logGet(46)) - raft.server.threadpool.server.cached = true (default)
2022-10-18 21:56:27,106 [pool-595-thread-1] INFO  server.RaftServerConfigKeys (ConfUtils.java:logGet(46)) - raft.server.threadpool.server.size = 0 (default)
2022-10-18 21:56:27,106 [pool-595-thread-1] INFO  server.RaftServerConfigKeys (ConfUtils.java:logGet(46)) - raft.server.threadpool.client.cached = true (default)
2022-10-18 21:56:27,106 [pool-595-thread-1] INFO  server.RaftServerConfigKeys (ConfUtils.java:logGet(46)) - raft.server.threadpool.client.size = 0 (default)
2022-10-18 21:56:27,286 [Listener at 127.0.0.1/46167] INFO  reflections.Reflections (Reflections.java:scan(232)) - Reflections took 201 ms to scan 19 urls, producing 67 keys and 4244 values [using 4 cores]
2022-10-18 21:56:27,287 [Listener at 127.0.0.1/46167] INFO  ipc.CallQueueManager (CallQueueManager.java:<init>(90)) - Using callQueue: class java.util.concurrent.LinkedBlockingQueue, queueCapacity: 2000, scheduler: class org.apache.hadoop.ipc.DefaultRpcScheduler, ipcBackoff: false.
2022-10-18 21:56:27,288 [Socket Reader #1 for port 40781] INFO  ipc.Server (Server.java:run(1273)) - Starting Socket Reader #1 for port 40781
2022-10-18 21:56:27,300 [Listener at 127.0.0.1/40781] INFO  impl.MetricsSystemImpl (MetricsSystemImpl.java:init(158)) - OzoneManager metrics system started (again)
2022-10-18 21:56:27,308 [Listener at 127.0.0.1/40781] INFO  om.OzoneManager (OzoneManager.java:start(1482)) - OzoneManager RPC server is listening at localhost/127.0.0.1:40781
2022-10-18 21:56:27,308 [Listener at 127.0.0.1/40781] INFO  ratis.OzoneManagerRatisServer (OzoneManagerRatisServer.java:start(555)) - Starting OzoneManagerRatisServer omNode-3 at port 46841
2022-10-18 21:56:27,308 [omNode-3-impl-thread1] INFO  server.RaftServer$Division (RaftServerImpl.java:start(310)) - omNode-3@group-523986131536: start as a follower, conf=-1: [omNode-3|rpc:localhost:46841|priority:0, omNode-1|rpc:localhost:43245|priority:0, omNode-2|rpc:localhost:41401|priority:0], old=null
2022-10-18 21:56:27,308 [omNode-3-impl-thread1] INFO  server.RaftServer$Division (RaftServerImpl.java:setRole(299)) - omNode-3@group-523986131536: changes role from      null to FOLLOWER at term 0 for startAsFollower
2022-10-18 21:56:27,308 [omNode-3-impl-thread1] INFO  impl.RoleInfo (RoleInfo.java:updateAndGet(139)) - omNode-3: start omNode-3@group-523986131536-FollowerState
2022-10-18 21:56:27,308 [omNode-3-impl-thread1] INFO  util.JmxRegister (JmxRegister.java:tryRegister(44)) - Successfully registered JMX Bean with object name Ratis:service=RaftServer,group=group-523986131536,id=omNode-3
2022-10-18 21:56:27,308 [Listener at 127.0.0.1/40781] INFO  server.RaftServer (RaftServerProxy.java:lambda$start$6(382)) - omNode-3: start RPC server
2022-10-18 21:56:27,310 [Listener at 127.0.0.1/40781] INFO  server.GrpcService (GrpcService.java:startImpl(260)) - omNode-3: GrpcService started, listening on 46841
2022-10-18 21:56:27,311 [org.apache.ratis.util.JvmPauseMonitor$$Lambda$703/854163851@7571f195] INFO  util.JvmPauseMonitor (JvmPauseMonitor.java:run(103)) - JvmPauseMonitor-omNode-3: Started
2022-10-18 21:56:27,311 [Listener at 127.0.0.1/40781] INFO  om.OzoneManager (OzoneManager.java:start(1498)) - Version File has different layout version (3) than OM DB (null). That is expected if this OM has never been finalized to a newer layout version.
2022-10-18 21:56:27,312 [Listener at 127.0.0.1/40781] INFO  http.BaseHttpServer (BaseHttpServer.java:newHttpServer2BuilderForOzone(213)) - Starting Web-server for ozoneManager at: http://0.0.0.0:36397
2022-10-18 21:56:27,312 [Listener at 127.0.0.1/40781] INFO  http.BaseHttpServer (BaseHttpServer.java:<init>(108)) - Hadoop Security Enabled: false Ozone Security Enabled: false Ozone HTTP Security Enabled: false 
2022-10-18 21:56:27,313 [Listener at 127.0.0.1/40781] WARN  server.AuthenticationFilter (AuthenticationFilter.java:constructSecretProvider(240)) - Unable to initialize FileSignerSecretProvider, falling back to use random secrets. Reason: Could not read signature secret file: /home/runner/hadoop-http-auth-signature-secret
2022-10-18 21:56:27,314 [Listener at 127.0.0.1/40781] WARN  http.HttpRequestLog (HttpRequestLog.java:getRequestLog(103)) - Jetty request log can only be enabled using Log4j
2022-10-18 21:56:27,315 [Listener at 127.0.0.1/40781] INFO  http.HttpServer2 (HttpServer2.java:addGlobalFilter(1031)) - Added global filter 'safety' (class=org.apache.hadoop.hdds.server.http.HttpServer2$QuotingInputFilter)
2022-10-18 21:56:27,316 [Listener at 127.0.0.1/40781] INFO  http.HttpServer2 (HttpServer2.java:addFilter(1007)) - Added filter static_user_filter (class=org.apache.hadoop.http.lib.StaticUserWebFilter$StaticUserFilter) to context ozoneManager
2022-10-18 21:56:27,316 [Listener at 127.0.0.1/40781] INFO  http.HttpServer2 (HttpServer2.java:addFilter(1015)) - Added filter static_user_filter (class=org.apache.hadoop.http.lib.StaticUserWebFilter$StaticUserFilter) to context logs
2022-10-18 21:56:27,316 [Listener at 127.0.0.1/40781] INFO  http.HttpServer2 (HttpServer2.java:addFilter(1015)) - Added filter static_user_filter (class=org.apache.hadoop.http.lib.StaticUserWebFilter$StaticUserFilter) to context static
2022-10-18 21:56:27,316 [Listener at 127.0.0.1/40781] INFO  http.HttpServer2 (HttpServer2.java:bindListener(1250)) - Jetty bound to port 36397
2022-10-18 21:56:27,317 [Listener at 127.0.0.1/40781] INFO  server.Server (Server.java:doStart(375)) - jetty-9.4.43.v20210629; built: 2021-06-30T11:07:22.254Z; git: 526006ecfa3af7f1a27ef3a288e2bef7ea9dd7e8; jvm 1.8.0_345-b01
2022-10-18 21:56:27,318 [Listener at 127.0.0.1/40781] INFO  server.session (DefaultSessionIdManager.java:doStart(334)) - DefaultSessionIdManager workerName=node0
2022-10-18 21:56:27,318 [Listener at 127.0.0.1/40781] INFO  server.session (DefaultSessionIdManager.java:doStart(339)) - No SessionScavenger set, using defaults
2022-10-18 21:56:27,318 [Listener at 127.0.0.1/40781] INFO  server.session (HouseKeeper.java:startScavenging(132)) - node0 Scavenging every 660000ms
2022-10-18 21:56:27,319 [Listener at 127.0.0.1/40781] INFO  handler.ContextHandler (ContextHandler.java:doStart(915)) - Started o.e.j.s.ServletContextHandler@696ac3dd{logs,/logs,file:///home/runner/work/ozone/ozone/hadoop-ozone/integration-test/target/log,AVAILABLE}
2022-10-18 21:56:27,319 [Listener at 127.0.0.1/40781] INFO  handler.ContextHandler (ContextHandler.java:doStart(915)) - Started o.e.j.s.ServletContextHandler@4704680c{static,/static,file:///home/runner/work/ozone/ozone/hadoop-ozone/integration-test/target/test-classes/webapps/static,AVAILABLE}
2022-10-18 21:56:27,322 [Listener at 127.0.0.1/40781] INFO  handler.ContextHandler (ContextHandler.java:doStart(915)) - Started o.e.j.w.WebAppContext@5db4c6c1{ozoneManager,/,file:///home/runner/work/ozone/ozone/hadoop-ozone/integration-test/target/test-classes/webapps/ozoneManager/,AVAILABLE}{file:/home/runner/work/ozone/ozone/hadoop-ozone/integration-test/target/test-classes/webapps/ozoneManager}
2022-10-18 21:56:27,324 [Listener at 127.0.0.1/40781] INFO  server.AbstractConnector (AbstractConnector.java:doStart(331)) - Started ServerConnector@4481c0a7{HTTP/1.1, (http/1.1)}{0.0.0.0:36397}
2022-10-18 21:56:27,324 [Listener at 127.0.0.1/40781] INFO  server.Server (Server.java:doStart(415)) - Started @70042ms
2022-10-18 21:56:27,324 [Listener at 127.0.0.1/40781] WARN  impl.MetricsSystemImpl (MetricsSystemImpl.java:register(279)) - Sink prometheus already exists!
2022-10-18 21:56:27,325 [Listener at 127.0.0.1/40781] INFO  http.BaseHttpServer (BaseHttpServer.java:updateConnectorAddress(333)) - HTTP server of ozoneManager listening at http://0.0.0.0:36397
2022-10-18 21:56:27,325 [IPC Server Responder] INFO  ipc.Server (Server.java:run(1512)) - IPC Server Responder: starting
2022-10-18 21:56:27,329 [IPC Server listener on 40781] INFO  ipc.Server (Server.java:run(1352)) - IPC Server listener on 40781: starting
2022-10-18 21:56:27,331 [Listener at 127.0.0.1/40781] INFO  om.OzoneManager (OzoneManager.java:startTrashEmptier(1919)) - Trash Interval set to 0. Files deleted won't move to trash
2022-10-18 21:56:27,332 [Listener at 127.0.0.1/40781] INFO  ozone.MiniOzoneHAClusterImpl (MiniOzoneHAClusterImpl.java:createOMService(527)) - Started OzoneManager omNode-3 RPC server at localhost/127.0.0.1:40781
2022-10-18 21:56:27,332 [org.apache.hadoop.util.JvmPauseMonitor$Monitor@69e30525] INFO  util.JvmPauseMonitor (JvmPauseMonitor.java:run(188)) - Starting JVM pause monitor
2022-10-18 21:56:27,339 [Listener at 127.0.0.1/40781] WARN  impl.MetricRegistriesImpl (MetricRegistriesImpl.java:addReporterRegistration(111)) - New reporters are added after registries were created. Some metrics will be missing from the reporter. Please add reporter before adding any new registry.
2022-10-18 21:56:27,339 [Listener at 127.0.0.1/40781] WARN  impl.MetricRegistriesImpl (MetricRegistriesImpl.java:addReporterRegistration(111)) - New reporters are added after registries were created. Some metrics will be missing from the reporter. Please add reporter before adding any new registry.
2022-10-18 21:56:27,339 [Listener at 127.0.0.1/40781] INFO  impl.MetricsSystemImpl (MetricsSystemImpl.java:init(158)) - HddsDatanode metrics system started (again)
2022-10-18 21:56:27,349 [Listener at 127.0.0.1/40781] INFO  ozone.HddsDatanodeService (HddsDatanodeService.java:start(236)) - HddsDatanodeService host:fv-az368-376.2eqeunsjyj5ebgwla1snbw5zah.gx.internal.cloudapp.net ip:10.1.0.49
2022-10-18 21:56:27,362 [Listener at 127.0.0.1/40781] INFO  upgrade.AbstractLayoutVersionManager (AbstractLayoutVersionManager.java:init(83)) - Initializing Layout version manager with metadata layout = DATANODE_SCHEMA_V3 (version = 4), software layout = DATANODE_SCHEMA_V3 (version = 4)
2022-10-18 21:56:27,389 [Listener at 127.0.0.1/40781] INFO  reflections.Reflections (Reflections.java:scan(232)) - Reflections took 27 ms to scan 7 urls, producing 137 keys and 328 values 
2022-10-18 21:56:27,390 [Listener at 127.0.0.1/40781] INFO  statemachine.DatanodeStateMachine (DatanodeStateMachine.java:getEndPointTaskThreadPoolSize(237)) - Datanode State Machine Task Thread Pool size 2
2022-10-18 21:56:27,391 [Listener at 127.0.0.1/40781] INFO  volume.HddsVolume (HddsVolume.java:<init>(117)) - Creating HddsVolume: /home/runner/work/ozone/ozone/hadoop-ozone/integration-test/target/test-dir/MiniOzoneClusterImpl-1c94f07e-3edc-4d60-9c78-eaa851002676/datanode-0/data-0/containers/hdds of storage type : DISK capacity : 9223372036854775807
2022-10-18 21:56:27,392 [Listener at 127.0.0.1/40781] INFO  volume.MutableVolumeSet (MutableVolumeSet.java:initializeVolumeSet(174)) - Added Volume : /home/runner/work/ozone/ozone/hadoop-ozone/integration-test/target/test-dir/MiniOzoneClusterImpl-1c94f07e-3edc-4d60-9c78-eaa851002676/datanode-0/data-0/containers/hdds to VolumeSet
2022-10-18 21:56:27,392 [Listener at 127.0.0.1/40781] INFO  volume.ThrottledAsyncChecker (ThrottledAsyncChecker.java:schedule(141)) - Scheduling a check for /home/runner/work/ozone/ozone/hadoop-ozone/integration-test/target/test-dir/MiniOzoneClusterImpl-1c94f07e-3edc-4d60-9c78-eaa851002676/datanode-0/data-0/containers/hdds
2022-10-18 21:56:27,392 [Listener at 127.0.0.1/40781] INFO  volume.StorageVolumeChecker (StorageVolumeChecker.java:checkAllVolumes(202)) - Scheduled health check for volume /home/runner/work/ozone/ozone/hadoop-ozone/integration-test/target/test-dir/MiniOzoneClusterImpl-1c94f07e-3edc-4d60-9c78-eaa851002676/datanode-0/data-0/containers/hdds
2022-10-18 21:56:27,401 [Listener at 127.0.0.1/40781] INFO  volume.MutableVolumeSet (MutableVolumeSet.java:initializeVolumeSet(174)) - Added Volume : /home/runner/work/ozone/ozone/hadoop-ozone/integration-test/target/test-dir/MiniOzoneClusterImpl-1c94f07e-3edc-4d60-9c78-eaa851002676/datanode-0/data/ratis to VolumeSet
2022-10-18 21:56:27,401 [Listener at 127.0.0.1/40781] INFO  volume.ThrottledAsyncChecker (ThrottledAsyncChecker.java:schedule(141)) - Scheduling a check for /home/runner/work/ozone/ozone/hadoop-ozone/integration-test/target/test-dir/MiniOzoneClusterImpl-1c94f07e-3edc-4d60-9c78-eaa851002676/datanode-0/data/ratis
2022-10-18 21:56:27,402 [Listener at 127.0.0.1/40781] INFO  volume.StorageVolumeChecker (StorageVolumeChecker.java:checkAllVolumes(202)) - Scheduled health check for volume /home/runner/work/ozone/ozone/hadoop-ozone/integration-test/target/test-dir/MiniOzoneClusterImpl-1c94f07e-3edc-4d60-9c78-eaa851002676/datanode-0/data/ratis
2022-10-18 21:56:27,410 [Thread-1010] INFO  ozoneimpl.ContainerReader (ContainerReader.java:readVolume(175)) - Finish verifying containers on volume /home/runner/work/ozone/ozone/hadoop-ozone/integration-test/target/test-dir/MiniOzoneClusterImpl-1c94f07e-3edc-4d60-9c78-eaa851002676/datanode-0/data-0/containers/hdds
2022-10-18 21:56:27,410 [Listener at 127.0.0.1/40781] INFO  ozoneimpl.OzoneContainer (OzoneContainer.java:buildContainerSet(300)) - Build ContainerSet costs 0s
2022-10-18 21:56:27,411 [Listener at 127.0.0.1/40781] INFO  server.RaftServer (ConfUtils.java:logGet(46)) - raft.rpc.type = GRPC (default)
2022-10-18 21:56:27,411 [Listener at 127.0.0.1/40781] INFO  grpc.GrpcFactory (GrpcFactory.java:checkPooledByteBufAllocatorUseCacheForAllThreads(48)) - PERFORMANCE WARNING: useCacheForAllThreads is true that may cause Netty to create a lot garbage objects and, as a result, trigger GC.
	It is recommended to disable useCacheForAllThreads by setting -Dorg.apache.ratis.thirdparty.io.netty.allocator.useCacheForAllThreads=false in command line.
2022-10-18 21:56:27,411 [Listener at 127.0.0.1/40781] INFO  grpc.GrpcConfigKeys (ConfUtils.java:logGet(46)) - raft.grpc.admin.port = 0 (custom)
2022-10-18 21:56:27,411 [Listener at 127.0.0.1/40781] INFO  grpc.GrpcConfigKeys (ConfUtils.java:logGet(46)) - raft.grpc.client.port = 0 (custom)
2022-10-18 21:56:27,411 [Listener at 127.0.0.1/40781] INFO  grpc.GrpcConfigKeys (ConfUtils.java:logGet(46)) - raft.grpc.server.port = 0 (default)
2022-10-18 21:56:27,411 [Listener at 127.0.0.1/40781] INFO  server.GrpcService (ConfUtils.java:logGet(46)) - raft.grpc.message.size.max = 32MB (=33554432) (custom)
2022-10-18 21:56:27,412 [Listener at 127.0.0.1/40781] INFO  server.RaftServerConfigKeys (ConfUtils.java:logGet(46)) - raft.server.log.appender.buffer.byte-limit = 33554432 (custom)
2022-10-18 21:56:27,412 [Listener at 127.0.0.1/40781] INFO  server.GrpcService (ConfUtils.java:logGet(46)) - raft.grpc.flow.control.window = 5MB (=5242880) (custom)
2022-10-18 21:56:27,412 [Listener at 127.0.0.1/40781] INFO  server.RaftServerConfigKeys (ConfUtils.java:logGet(46)) - raft.server.rpc.request.timeout = 60s (custom)
2022-10-18 21:56:27,412 [Listener at 127.0.0.1/40781] INFO  grpc.GrpcConfigKeys (ConfUtils.java:logGet(46)) - raft.grpc.server.async.request.thread.pool.cached = true (default)
2022-10-18 21:56:27,412 [Listener at 127.0.0.1/40781] INFO  grpc.GrpcConfigKeys (ConfUtils.java:logGet(46)) - raft.grpc.server.async.request.thread.pool.size = 32 (default)
2022-10-18 21:56:27,413 [Listener at 127.0.0.1/40781] INFO  impl.DataStreamServerImpl (ConfUtils.java:logGet(46)) - raft.datastream.type = DISABLED (default)
2022-10-18 21:56:27,413 [Listener at 127.0.0.1/40781] INFO  server.RaftServerConfigKeys (ConfUtils.java:logGet(46)) - raft.server.threadpool.proxy.cached = true (default)
2022-10-18 21:56:27,413 [Listener at 127.0.0.1/40781] INFO  server.RaftServerConfigKeys (ConfUtils.java:logGet(46)) - raft.server.threadpool.proxy.size = 0 (default)
2022-10-18 21:56:27,413 [Listener at 127.0.0.1/40781] INFO  server.RaftServerConfigKeys (ConfUtils.java:logGet(46)) - raft.server.rpc.slowness.timeout = 300s (custom)
2022-10-18 21:56:27,413 [Listener at 127.0.0.1/40781] INFO  server.RaftServerConfigKeys (ConfUtils.java:logGet(46)) - raft.server.leaderelection.leader.step-down.wait-time = 10s (default)
2022-10-18 21:56:27,413 [Listener at 127.0.0.1/40781] INFO  server.RaftServerConfigKeys (ConfUtils.java:logGet(46)) - raft.server.storage.dir = [/home/runner/work/ozone/ozone/hadoop-ozone/integration-test/target/test-dir/MiniOzoneClusterImpl-1c94f07e-3edc-4d60-9c78-eaa851002676/datanode-0/data/ratis] (custom)
2022-10-18 21:56:27,414 [Listener at 127.0.0.1/40781] INFO  server.XceiverServerGrpc (XceiverServerGrpc.java:<init>(132)) - GrpcServer channel type EpollServerSocketChannel
2022-10-18 21:56:27,416 [Listener at 127.0.0.1/40781] INFO  http.BaseHttpServer (BaseHttpServer.java:newHttpServer2BuilderForOzone(213)) - Starting Web-server for hddsDatanode at: http://0.0.0.0:0
2022-10-18 21:56:27,416 [Listener at 127.0.0.1/40781] INFO  http.BaseHttpServer (BaseHttpServer.java:<init>(108)) - Hadoop Security Enabled: false Ozone Security Enabled: false Ozone HTTP Security Enabled: false 
2022-10-18 21:56:27,417 [Listener at 127.0.0.1/40781] WARN  server.AuthenticationFilter (AuthenticationFilter.java:constructSecretProvider(240)) - Unable to initialize FileSignerSecretProvider, falling back to use random secrets. Reason: Could not read signature secret file: /home/runner/hadoop-http-auth-signature-secret
2022-10-18 21:56:27,417 [Listener at 127.0.0.1/40781] WARN  http.HttpRequestLog (HttpRequestLog.java:getRequestLog(103)) - Jetty request log can only be enabled using Log4j
2022-10-18 21:56:27,418 [Listener at 127.0.0.1/40781] INFO  http.HttpServer2 (HttpServer2.java:addGlobalFilter(1031)) - Added global filter 'safety' (class=org.apache.hadoop.hdds.server.http.HttpServer2$QuotingInputFilter)
2022-10-18 21:56:27,419 [Listener at 127.0.0.1/40781] INFO  http.HttpServer2 (HttpServer2.java:addFilter(1007)) - Added filter static_user_filter (class=org.apache.hadoop.http.lib.StaticUserWebFilter$StaticUserFilter) to context hddsDatanode
2022-10-18 21:56:27,419 [Listener at 127.0.0.1/40781] INFO  http.HttpServer2 (HttpServer2.java:addFilter(1015)) - Added filter static_user_filter (class=org.apache.hadoop.http.lib.StaticUserWebFilter$StaticUserFilter) to context logs
2022-10-18 21:56:27,419 [Listener at 127.0.0.1/40781] INFO  http.HttpServer2 (HttpServer2.java:addFilter(1015)) - Added filter static_user_filter (class=org.apache.hadoop.http.lib.StaticUserWebFilter$StaticUserFilter) to context static
2022-10-18 21:56:27,419 [Listener at 127.0.0.1/40781] INFO  http.HttpServer2 (HttpServer2.java:bindListener(1250)) - Jetty bound to port 36283
2022-10-18 21:56:27,419 [Listener at 127.0.0.1/40781] INFO  server.Server (Server.java:doStart(375)) - jetty-9.4.43.v20210629; built: 2021-06-30T11:07:22.254Z; git: 526006ecfa3af7f1a27ef3a288e2bef7ea9dd7e8; jvm 1.8.0_345-b01
2022-10-18 21:56:27,420 [Listener at 127.0.0.1/40781] INFO  server.session (DefaultSessionIdManager.java:doStart(334)) - DefaultSessionIdManager workerName=node0
2022-10-18 21:56:27,420 [Listener at 127.0.0.1/40781] INFO  server.session (DefaultSessionIdManager.java:doStart(339)) - No SessionScavenger set, using defaults
2022-10-18 21:56:27,420 [Listener at 127.0.0.1/40781] INFO  server.session (HouseKeeper.java:startScavenging(132)) - node0 Scavenging every 660000ms
2022-10-18 21:56:27,421 [Listener at 127.0.0.1/40781] INFO  handler.ContextHandler (ContextHandler.java:doStart(915)) - Started o.e.j.s.ServletContextHandler@4031a213{logs,/logs,file:///home/runner/work/ozone/ozone/hadoop-ozone/integration-test/target/log,AVAILABLE}
2022-10-18 21:56:27,421 [Listener at 127.0.0.1/40781] INFO  handler.ContextHandler (ContextHandler.java:doStart(915)) - Started o.e.j.s.ServletContextHandler@328439ce{static,/static,jar:file:/home/runner/.m2/repository/org/apache/ozone/hdds-container-service/1.3.0-SNAPSHOT/hdds-container-service-1.3.0-SNAPSHOT.jar!/webapps/static,AVAILABLE}
2022-10-18 21:56:27,664 [omNode-1@group-523986131536-FollowerState] INFO  impl.FollowerState (FollowerState.java:run(143)) - omNode-1@group-523986131536-FollowerState: change to CANDIDATE, lastRpcElapsedTime:1172710987ns, electionTimeout:1136ms
2022-10-18 21:56:27,665 [omNode-1@group-523986131536-FollowerState] INFO  impl.RoleInfo (RoleInfo.java:shutdownFollowerState(110)) - omNode-1: shutdown omNode-1@group-523986131536-FollowerState
2022-10-18 21:56:27,665 [omNode-1@group-523986131536-FollowerState] INFO  server.RaftServer$Division (RaftServerImpl.java:setRole(299)) - omNode-1@group-523986131536: changes role from  FOLLOWER to CANDIDATE at term 0 for changeToCandidate
2022-10-18 21:56:27,665 [omNode-1@group-523986131536-FollowerState] INFO  server.RaftServerConfigKeys (ConfUtils.java:logGet(46)) - raft.server.leaderelection.pre-vote = false (custom)
2022-10-18 21:56:27,665 [omNode-1@group-523986131536-FollowerState] INFO  impl.RoleInfo (RoleInfo.java:updateAndGet(139)) - omNode-1: start omNode-1@group-523986131536-LeaderElection15
2022-10-18 21:56:27,670 [omNode-1@group-523986131536-LeaderElection15] INFO  impl.LeaderElection (LeaderElection.java:askForVotes(310)) - omNode-1@group-523986131536-LeaderElection15 ELECTION round 0: submit vote requests at term 1 for -1: [omNode-3|rpc:localhost:46841|priority:0, omNode-1|rpc:localhost:43245|priority:0, omNode-2|rpc:localhost:41401|priority:0], old=null
2022-10-18 21:56:27,681 [grpc-default-executor-2] INFO  server.RaftServer$Division (RaftServerImpl.java:requestVote(1152)) - omNode-3@group-523986131536: receive requestVote(ELECTION, omNode-1, group-523986131536, 1, (t:0, i:~))
2022-10-18 21:56:27,681 [grpc-default-executor-2] INFO  impl.VoteContext (VoteContext.java:log(48)) - omNode-3@group-523986131536-FOLLOWER: accept ELECTION from omNode-1: our priority 0 <= candidate's priority 0
2022-10-18 21:56:27,681 [grpc-default-executor-2] INFO  server.RaftServer$Division (RaftServerImpl.java:setRole(299)) - omNode-3@group-523986131536: changes role from  FOLLOWER to FOLLOWER at term 1 for candidate:omNode-1
2022-10-18 21:56:27,681 [grpc-default-executor-2] INFO  impl.RoleInfo (RoleInfo.java:shutdownFollowerState(110)) - omNode-3: shutdown omNode-3@group-523986131536-FollowerState
2022-10-18 21:56:27,681 [grpc-default-executor-2] INFO  impl.RoleInfo (RoleInfo.java:updateAndGet(139)) - omNode-3: start omNode-3@group-523986131536-FollowerState
2022-10-18 21:56:27,686 [grpc-default-executor-3] INFO  server.RaftServer$Division (RaftServerImpl.java:requestVote(1152)) - omNode-2@group-523986131536: receive requestVote(ELECTION, omNode-1, group-523986131536, 1, (t:0, i:~))
2022-10-18 21:56:27,686 [grpc-default-executor-3] INFO  impl.VoteContext (VoteContext.java:log(48)) - omNode-2@group-523986131536-FOLLOWER: accept ELECTION from omNode-1: our priority 0 <= candidate's priority 0
2022-10-18 21:56:27,686 [grpc-default-executor-3] INFO  server.RaftServer$Division (RaftServerImpl.java:setRole(299)) - omNode-2@group-523986131536: changes role from  FOLLOWER to FOLLOWER at term 1 for candidate:omNode-1
2022-10-18 21:56:27,686 [grpc-default-executor-3] INFO  impl.RoleInfo (RoleInfo.java:shutdownFollowerState(110)) - omNode-2: shutdown omNode-2@group-523986131536-FollowerState
2022-10-18 21:56:27,689 [omNode-3@group-523986131536-FollowerState] INFO  impl.FollowerState (FollowerState.java:run(152)) - omNode-3@group-523986131536-FollowerState was interrupted
2022-10-18 21:56:27,693 [grpc-default-executor-2] INFO  server.RaftServer$Division (RaftServerImpl.java:requestVote(1184)) - omNode-3@group-523986131536 replies to ELECTION vote request: omNode-1<-omNode-3#0:OK-t1. Peer's state: omNode-3@group-523986131536:t1, leader=null, voted=omNode-1, raftlog=omNode-3@group-523986131536-SegmentedRaftLog:OPENED:c-1, conf=-1: [omNode-3|rpc:localhost:46841|priority:0, omNode-1|rpc:localhost:43245|priority:0, omNode-2|rpc:localhost:41401|priority:0], old=null
2022-10-18 21:56:27,693 [omNode-2@group-523986131536-FollowerState] INFO  impl.FollowerState (FollowerState.java:run(152)) - omNode-2@group-523986131536-FollowerState was interrupted
2022-10-18 21:56:27,697 [grpc-default-executor-3] INFO  impl.RoleInfo (RoleInfo.java:updateAndGet(139)) - omNode-2: start omNode-2@group-523986131536-FollowerState
2022-10-18 21:56:27,698 [grpc-default-executor-3] INFO  server.RaftServer$Division (RaftServerImpl.java:requestVote(1184)) - omNode-2@group-523986131536 replies to ELECTION vote request: omNode-1<-omNode-2#0:OK-t1. Peer's state: omNode-2@group-523986131536:t1, leader=null, voted=omNode-1, raftlog=omNode-2@group-523986131536-SegmentedRaftLog:OPENED:c-1, conf=-1: [omNode-3|rpc:localhost:46841|priority:0, omNode-1|rpc:localhost:43245|priority:0, omNode-2|rpc:localhost:41401|priority:0], old=null
2022-10-18 21:56:27,700 [omNode-1@group-523986131536-LeaderElection15] INFO  impl.LeaderElection (LeaderElection.java:logAndReturn(90)) - omNode-1@group-523986131536-LeaderElection15: ELECTION PASSED received 1 response(s) and 0 exception(s):
2022-10-18 21:56:27,700 [omNode-1@group-523986131536-LeaderElection15] INFO  impl.LeaderElection (LeaderElection.java:logAndReturn(94)) -   Response 0: omNode-1<-omNode-2#0:OK-t1
2022-10-18 21:56:27,700 [omNode-1@group-523986131536-LeaderElection15] INFO  impl.LeaderElection (LeaderElection.java:askForVotes(312)) - omNode-1@group-523986131536-LeaderElection15 ELECTION round 0: result PASSED
2022-10-18 21:56:27,700 [omNode-1@group-523986131536-LeaderElection15] INFO  impl.RoleInfo (RoleInfo.java:shutdownLeaderElection(130)) - omNode-1: shutdown omNode-1@group-523986131536-LeaderElection15
2022-10-18 21:56:27,700 [omNode-1@group-523986131536-LeaderElection15] INFO  server.RaftServer$Division (RaftServerImpl.java:setRole(299)) - omNode-1@group-523986131536: changes role from CANDIDATE to LEADER at term 1 for changeToLeader
2022-10-18 21:56:27,700 [omNode-1@group-523986131536-LeaderElection15] INFO  server.RaftServer$Division (ServerState.java:setLeader(287)) - omNode-1@group-523986131536: change Leader from null to omNode-1 at term 1 for becomeLeader, leader elected after 1412ms
2022-10-18 21:56:27,700 [omNode-1@group-523986131536-LeaderElection15] INFO  server.RaftServerConfigKeys (ConfUtils.java:logGet(46)) - raft.server.staging.catchup.gap = 1000 (default)
2022-10-18 21:56:27,700 [omNode-1@group-523986131536-LeaderElection15] INFO  server.RaftServerConfigKeys (ConfUtils.java:logGet(46)) - raft.server.write.element-limit = 4096 (default)
2022-10-18 21:56:27,700 [omNode-1@group-523986131536-LeaderElection15] INFO  server.RaftServerConfigKeys (ConfUtils.java:logGet(46)) - raft.server.write.byte-limit = 64MB (=67108864) (default)
2022-10-18 21:56:27,700 [omNode-1@group-523986131536-LeaderElection15] INFO  server.RaftServerConfigKeys (ConfUtils.java:logGet(46)) - raft.server.watch.timeout = 10s (default)
2022-10-18 21:56:27,700 [omNode-1@group-523986131536-LeaderElection15] INFO  server.RaftServerConfigKeys (ConfUtils.java:logGet(46)) - raft.server.watch.timeout.denomination = 1s (default)
2022-10-18 21:56:27,700 [omNode-1@group-523986131536-LeaderElection15] INFO  server.RaftServerConfigKeys (ConfUtils.java:logGet(46)) - raft.server.watch.element-limit = 65536 (default)
2022-10-18 21:56:27,700 [omNode-1@group-523986131536-LeaderElection15] INFO  server.RaftServerConfigKeys (ConfUtils.java:logGet(46)) - raft.server.write.element-limit = 4096 (default)
2022-10-18 21:56:27,700 [omNode-1@group-523986131536-LeaderElection15] INFO  server.RaftServerConfigKeys (ConfUtils.java:logGet(46)) - raft.server.write.follower.gap.ratio.max = -1.0 (default)
2022-10-18 21:56:27,701 [omNode-1@group-523986131536-LeaderElection15] INFO  server.RaftServerConfigKeys (ConfUtils.java:logGet(46)) - raft.server.log.appender.snapshot.chunk.size.max = 16MB (=16777216) (default)
2022-10-18 21:56:27,701 [omNode-1@group-523986131536-LeaderElection15] INFO  server.RaftServerConfigKeys (ConfUtils.java:logGet(46)) - raft.server.log.appender.buffer.byte-limit = 33554432 (custom)
2022-10-18 21:56:27,701 [omNode-1@group-523986131536-LeaderElection15] INFO  server.RaftServerConfigKeys (ConfUtils.java:logGet(46)) - raft.server.log.appender.buffer.element-limit = 1024 (custom)
2022-10-18 21:56:27,701 [omNode-1@group-523986131536-LeaderElection15] INFO  grpc.GrpcConfigKeys (ConfUtils.java:logGet(46)) - raft.grpc.server.leader.outstanding.appends.max = 128 (default)
2022-10-18 21:56:27,701 [omNode-1@group-523986131536-LeaderElection15] INFO  server.RaftServerConfigKeys (ConfUtils.java:logGet(46)) - raft.server.rpc.request.timeout = 3000ms (default)
2022-10-18 21:56:27,701 [omNode-1@group-523986131536-LeaderElection15] INFO  server.RaftServerConfigKeys (ConfUtils.java:logGet(46)) - raft.server.log.appender.install.snapshot.enabled = false (custom)
2022-10-18 21:56:27,702 [omNode-1@group-523986131536-LeaderElection15] INFO  server.RaftServerConfigKeys (ConfUtils.java:logGet(46)) - raft.server.log.appender.snapshot.chunk.size.max = 16MB (=16777216) (default)
2022-10-18 21:56:27,702 [omNode-1@group-523986131536-LeaderElection15] INFO  server.RaftServerConfigKeys (ConfUtils.java:logGet(46)) - raft.server.log.appender.buffer.byte-limit = 33554432 (custom)
2022-10-18 21:56:27,702 [omNode-1@group-523986131536-LeaderElection15] INFO  server.RaftServerConfigKeys (ConfUtils.java:logGet(46)) - raft.server.log.appender.buffer.element-limit = 1024 (custom)
2022-10-18 21:56:27,702 [omNode-1@group-523986131536-LeaderElection15] INFO  grpc.GrpcConfigKeys (ConfUtils.java:logGet(46)) - raft.grpc.server.leader.outstanding.appends.max = 128 (default)
2022-10-18 21:56:27,702 [omNode-1@group-523986131536-LeaderElection15] INFO  server.RaftServerConfigKeys (ConfUtils.java:logGet(46)) - raft.server.rpc.request.timeout = 3000ms (default)
2022-10-18 21:56:27,702 [omNode-1@group-523986131536-LeaderElection15] INFO  server.RaftServerConfigKeys (ConfUtils.java:logGet(46)) - raft.server.log.appender.install.snapshot.enabled = false (custom)
2022-10-18 21:56:27,702 [omNode-1@group-523986131536-LeaderElection15] INFO  impl.RoleInfo (RoleInfo.java:updateAndGet(139)) - omNode-1: start omNode-1@group-523986131536-LeaderStateImpl
2022-10-18 21:56:27,702 [omNode-1@group-523986131536-LeaderElection15] INFO  segmented.SegmentedRaftLogWorker (SegmentedRaftLogWorker.java:startLogSegment(425)) - omNode-1@group-523986131536-SegmentedRaftLogWorker: Starting segment from index:0
2022-10-18 21:56:27,708 [omNode-1@group-523986131536-LeaderElection15] INFO  server.RaftServer$Division (ServerState.java:setRaftConf(393)) - omNode-1@group-523986131536: set configuration 0: [omNode-3|rpc:localhost:46841|admin:|client:|dataStream:|priority:0, omNode-1|rpc:localhost:43245|admin:|client:|dataStream:|priority:0, omNode-2|rpc:localhost:41401|admin:|client:|dataStream:|priority:0], old=null
2022-10-18 21:56:27,711 [omNode-1@group-523986131536-SegmentedRaftLogWorker] INFO  segmented.SegmentedRaftLogWorker (SegmentedRaftLogWorker.java:execute(629)) - omNode-1@group-523986131536-SegmentedRaftLogWorker: created new log segment /home/runner/work/ozone/ozone/hadoop-ozone/integration-test/target/test-dir/MiniOzoneClusterImpl-1c94f07e-3edc-4d60-9c78-eaa851002676/omNode-1/ratis/c9bc4cf4-3bc3-3c60-a66b-523986131536/current/log_inprogress_0
2022-10-18 21:56:27,712 [Listener at 127.0.0.1/40781] INFO  handler.ContextHandler (ContextHandler.java:doStart(915)) - Started o.e.j.w.WebAppContext@612b1b5{hddsDatanode,/,file:///tmp/jetty-0_0_0_0-36283-hdds-container-service-1_3_0-SNAPSHOT_jar-_-any-2242977952492787577/webapp/,AVAILABLE}{jar:file:/home/runner/.m2/repository/org/apache/ozone/hdds-container-service/1.3.0-SNAPSHOT/hdds-container-service-1.3.0-SNAPSHOT.jar!/webapps/hddsDatanode}
2022-10-18 21:56:27,713 [omNode-3-server-thread1] INFO  server.RaftServer$Division (ServerState.java:setLeader(287)) - omNode-3@group-523986131536: change Leader from null to omNode-1 at term 1 for appendEntries, leader elected after 625ms
2022-10-18 21:56:27,715 [omNode-1@group-523986131536-StateMachineUpdater] INFO  ratis.OzoneManagerStateMachine (OzoneManagerStateMachine.java:notifyConfigurationChanged(192)) - Received Configuration change notification from Ratis. New Peer list:
[id: "omNode-3"
address: "localhost:46841"
, id: "omNode-1"
address: "localhost:43245"
, id: "omNode-2"
address: "localhost:41401"
]
2022-10-18 21:56:27,718 [Listener at 127.0.0.1/40781] INFO  server.AbstractConnector (AbstractConnector.java:doStart(331)) - Started ServerConnector@6788303d{HTTP/1.1, (http/1.1)}{0.0.0.0:36283}
2022-10-18 21:56:27,718 [omNode-3-server-thread1] INFO  server.RaftServer$Division (ServerState.java:setRaftConf(393)) - omNode-3@group-523986131536: set configuration 0: [omNode-3|rpc:localhost:46841|admin:|client:|dataStream:|priority:0, omNode-1|rpc:localhost:43245|admin:|client:|dataStream:|priority:0, omNode-2|rpc:localhost:41401|admin:|client:|dataStream:|priority:0], old=null
2022-10-18 21:56:27,718 [Listener at 127.0.0.1/40781] INFO  server.Server (Server.java:doStart(415)) - Started @70437ms
2022-10-18 21:56:27,719 [omNode-3-server-thread1] INFO  segmented.SegmentedRaftLogWorker (SegmentedRaftLogWorker.java:startLogSegment(425)) - omNode-3@group-523986131536-SegmentedRaftLogWorker: Starting segment from index:0
2022-10-18 21:56:27,719 [omNode-2-server-thread1] INFO  server.RaftServer$Division (ServerState.java:setLeader(287)) - omNode-2@group-523986131536: change Leader from null to omNode-1 at term 1 for appendEntries, leader elected after 1041ms
2022-10-18 21:56:27,719 [Listener at 127.0.0.1/40781] WARN  impl.MetricsSystemImpl (MetricsSystemImpl.java:register(279)) - Sink prometheus already exists!
2022-10-18 21:56:27,720 [Listener at 127.0.0.1/40781] INFO  http.BaseHttpServer (BaseHttpServer.java:updateConnectorAddress(333)) - HTTP server of hddsDatanode listening at http://0.0.0.0:36283
2022-10-18 21:56:27,723 [omNode-2-server-thread1] INFO  server.RaftServer$Division (ServerState.java:setRaftConf(393)) - omNode-2@group-523986131536: set configuration 0: [omNode-3|rpc:localhost:46841|admin:|client:|dataStream:|priority:0, omNode-1|rpc:localhost:43245|admin:|client:|dataStream:|priority:0, omNode-2|rpc:localhost:41401|admin:|client:|dataStream:|priority:0], old=null
2022-10-18 21:56:27,723 [omNode-2-server-thread1] INFO  segmented.SegmentedRaftLogWorker (SegmentedRaftLogWorker.java:startLogSegment(425)) - omNode-2@group-523986131536-SegmentedRaftLogWorker: Starting segment from index:0
2022-10-18 21:56:27,723 [Listener at 127.0.0.1/40781] WARN  impl.MetricRegistriesImpl (MetricRegistriesImpl.java:addReporterRegistration(111)) - New reporters are added after registries were created. Some metrics will be missing from the reporter. Please add reporter before adding any new registry.
2022-10-18 21:56:27,723 [Listener at 127.0.0.1/40781] WARN  impl.MetricRegistriesImpl (MetricRegistriesImpl.java:addReporterRegistration(111)) - New reporters are added after registries were created. Some metrics will be missing from the reporter. Please add reporter before adding any new registry.
2022-10-18 21:56:27,723 [Datanode State Machine Daemon Thread] INFO  statemachine.DatanodeStateMachine (DatanodeStateMachine.java:lambda$startDaemon$0(492)) - Ozone container server started.
2022-10-18 21:56:27,723 [Listener at 127.0.0.1/40781] INFO  impl.MetricsSystemImpl (MetricsSystemImpl.java:init(158)) - HddsDatanode metrics system started (again)
2022-10-18 21:56:27,728 [org.apache.hadoop.util.JvmPauseMonitor$Monitor@6d5ff2d0] INFO  util.JvmPauseMonitor (JvmPauseMonitor.java:run(188)) - Starting JVM pause monitor
2022-10-18 21:56:27,732 [omNode-3@group-523986131536-SegmentedRaftLogWorker] INFO  segmented.SegmentedRaftLogWorker (SegmentedRaftLogWorker.java:execute(629)) - omNode-3@group-523986131536-SegmentedRaftLogWorker: created new log segment /home/runner/work/ozone/ozone/hadoop-ozone/integration-test/target/test-dir/MiniOzoneClusterImpl-1c94f07e-3edc-4d60-9c78-eaa851002676/omNode-3/ratis/c9bc4cf4-3bc3-3c60-a66b-523986131536/current/log_inprogress_0
2022-10-18 21:56:27,733 [omNode-2@group-523986131536-SegmentedRaftLogWorker] INFO  segmented.SegmentedRaftLogWorker (SegmentedRaftLogWorker.java:execute(629)) - omNode-2@group-523986131536-SegmentedRaftLogWorker: created new log segment /home/runner/work/ozone/ozone/hadoop-ozone/integration-test/target/test-dir/MiniOzoneClusterImpl-1c94f07e-3edc-4d60-9c78-eaa851002676/omNode-2/ratis/c9bc4cf4-3bc3-3c60-a66b-523986131536/current/log_inprogress_0
2022-10-18 21:56:27,734 [Datanode State Machine Task Thread - 0] INFO  datanode.InitDatanodeState (InitDatanodeState.java:persistContainerDatanodeDetails(138)) - DatanodeDetails is persisted to /home/runner/work/ozone/ozone/hadoop-ozone/integration-test/target/test-dir/MiniOzoneClusterImpl-1c94f07e-3edc-4d60-9c78-eaa851002676/datanode-0/meta/datanode.id
2022-10-18 21:56:27,736 [Listener at 127.0.0.1/40781] INFO  ozone.HddsDatanodeService (HddsDatanodeService.java:start(236)) - HddsDatanodeService host:fv-az368-376.2eqeunsjyj5ebgwla1snbw5zah.gx.internal.cloudapp.net ip:10.1.0.49
2022-10-18 21:56:27,748 [Listener at 127.0.0.1/40781] INFO  upgrade.AbstractLayoutVersionManager (AbstractLayoutVersionManager.java:init(83)) - Initializing Layout version manager with metadata layout = DATANODE_SCHEMA_V3 (version = 4), software layout = DATANODE_SCHEMA_V3 (version = 4)
2022-10-18 21:56:27,776 [Listener at 127.0.0.1/40781] INFO  reflections.Reflections (Reflections.java:scan(232)) - Reflections took 27 ms to scan 7 urls, producing 137 keys and 328 values 
2022-10-18 21:56:27,777 [Listener at 127.0.0.1/40781] INFO  statemachine.DatanodeStateMachine (DatanodeStateMachine.java:getEndPointTaskThreadPoolSize(237)) - Datanode State Machine Task Thread Pool size 2
2022-10-18 21:56:27,779 [Listener at 127.0.0.1/40781] INFO  volume.HddsVolume (HddsVolume.java:<init>(117)) - Creating HddsVolume: /home/runner/work/ozone/ozone/hadoop-ozone/integration-test/target/test-dir/MiniOzoneClusterImpl-1c94f07e-3edc-4d60-9c78-eaa851002676/datanode-1/data-0/containers/hdds of storage type : DISK capacity : 9223372036854775807
2022-10-18 21:56:27,779 [Listener at 127.0.0.1/40781] INFO  volume.MutableVolumeSet (MutableVolumeSet.java:initializeVolumeSet(174)) - Added Volume : /home/runner/work/ozone/ozone/hadoop-ozone/integration-test/target/test-dir/MiniOzoneClusterImpl-1c94f07e-3edc-4d60-9c78-eaa851002676/datanode-1/data-0/containers/hdds to VolumeSet
2022-10-18 21:56:27,779 [Listener at 127.0.0.1/40781] INFO  volume.ThrottledAsyncChecker (ThrottledAsyncChecker.java:schedule(141)) - Scheduling a check for /home/runner/work/ozone/ozone/hadoop-ozone/integration-test/target/test-dir/MiniOzoneClusterImpl-1c94f07e-3edc-4d60-9c78-eaa851002676/datanode-1/data-0/containers/hdds
2022-10-18 21:56:27,780 [Listener at 127.0.0.1/40781] INFO  volume.StorageVolumeChecker (StorageVolumeChecker.java:checkAllVolumes(202)) - Scheduled health check for volume /home/runner/work/ozone/ozone/hadoop-ozone/integration-test/target/test-dir/MiniOzoneClusterImpl-1c94f07e-3edc-4d60-9c78-eaa851002676/datanode-1/data-0/containers/hdds
2022-10-18 21:56:27,787 [Listener at 127.0.0.1/40781] INFO  volume.MutableVolumeSet (MutableVolumeSet.java:initializeVolumeSet(174)) - Added Volume : /home/runner/work/ozone/ozone/hadoop-ozone/integration-test/target/test-dir/MiniOzoneClusterImpl-1c94f07e-3edc-4d60-9c78-eaa851002676/datanode-1/data/ratis to VolumeSet
2022-10-18 21:56:27,788 [Listener at 127.0.0.1/40781] INFO  volume.ThrottledAsyncChecker (ThrottledAsyncChecker.java:schedule(141)) - Scheduling a check for /home/runner/work/ozone/ozone/hadoop-ozone/integration-test/target/test-dir/MiniOzoneClusterImpl-1c94f07e-3edc-4d60-9c78-eaa851002676/datanode-1/data/ratis
2022-10-18 21:56:27,788 [Listener at 127.0.0.1/40781] INFO  volume.StorageVolumeChecker (StorageVolumeChecker.java:checkAllVolumes(202)) - Scheduled health check for volume /home/runner/work/ozone/ozone/hadoop-ozone/integration-test/target/test-dir/MiniOzoneClusterImpl-1c94f07e-3edc-4d60-9c78-eaa851002676/datanode-1/data/ratis
2022-10-18 21:56:27,795 [Thread-1033] INFO  ozoneimpl.ContainerReader (ContainerReader.java:readVolume(175)) - Finish verifying containers on volume /home/runner/work/ozone/ozone/hadoop-ozone/integration-test/target/test-dir/MiniOzoneClusterImpl-1c94f07e-3edc-4d60-9c78-eaa851002676/datanode-1/data-0/containers/hdds
2022-10-18 21:56:27,795 [Listener at 127.0.0.1/40781] INFO  ozoneimpl.OzoneContainer (OzoneContainer.java:buildContainerSet(300)) - Build ContainerSet costs 0s
2022-10-18 21:56:27,796 [Listener at 127.0.0.1/40781] INFO  server.RaftServer (ConfUtils.java:logGet(46)) - raft.rpc.type = GRPC (default)
2022-10-18 21:56:27,797 [Listener at 127.0.0.1/40781] INFO  grpc.GrpcFactory (GrpcFactory.java:checkPooledByteBufAllocatorUseCacheForAllThreads(48)) - PERFORMANCE WARNING: useCacheForAllThreads is true that may cause Netty to create a lot garbage objects and, as a result, trigger GC.
	It is recommended to disable useCacheForAllThreads by setting -Dorg.apache.ratis.thirdparty.io.netty.allocator.useCacheForAllThreads=false in command line.
2022-10-18 21:56:27,797 [Listener at 127.0.0.1/40781] INFO  grpc.GrpcConfigKeys (ConfUtils.java:logGet(46)) - raft.grpc.admin.port = 0 (custom)
2022-10-18 21:56:27,797 [Listener at 127.0.0.1/40781] INFO  grpc.GrpcConfigKeys (ConfUtils.java:logGet(46)) - raft.grpc.client.port = 0 (custom)
2022-10-18 21:56:27,797 [Listener at 127.0.0.1/40781] INFO  grpc.GrpcConfigKeys (ConfUtils.java:logGet(46)) - raft.grpc.server.port = 0 (default)
2022-10-18 21:56:27,797 [Listener at 127.0.0.1/40781] INFO  server.GrpcService (ConfUtils.java:logGet(46)) - raft.grpc.message.size.max = 32MB (=33554432) (custom)
2022-10-18 21:56:27,797 [Listener at 127.0.0.1/40781] INFO  server.RaftServerConfigKeys (ConfUtils.java:logGet(46)) - raft.server.log.appender.buffer.byte-limit = 33554432 (custom)
2022-10-18 21:56:27,797 [Listener at 127.0.0.1/40781] INFO  server.GrpcService (ConfUtils.java:logGet(46)) - raft.grpc.flow.control.window = 5MB (=5242880) (custom)
2022-10-18 21:56:27,797 [Listener at 127.0.0.1/40781] INFO  server.RaftServerConfigKeys (ConfUtils.java:logGet(46)) - raft.server.rpc.request.timeout = 60s (custom)
2022-10-18 21:56:27,797 [Listener at 127.0.0.1/40781] INFO  grpc.GrpcConfigKeys (ConfUtils.java:logGet(46)) - raft.grpc.server.async.request.thread.pool.cached = true (default)
2022-10-18 21:56:27,797 [Listener at 127.0.0.1/40781] INFO  grpc.GrpcConfigKeys (ConfUtils.java:logGet(46)) - raft.grpc.server.async.request.thread.pool.size = 32 (default)
2022-10-18 21:56:27,798 [Listener at 127.0.0.1/40781] INFO  impl.DataStreamServerImpl (ConfUtils.java:logGet(46)) - raft.datastream.type = DISABLED (default)
2022-10-18 21:56:27,798 [Listener at 127.0.0.1/40781] INFO  server.RaftServerConfigKeys (ConfUtils.java:logGet(46)) - raft.server.threadpool.proxy.cached = true (default)
2022-10-18 21:56:27,798 [Listener at 127.0.0.1/40781] INFO  server.RaftServerConfigKeys (ConfUtils.java:logGet(46)) - raft.server.threadpool.proxy.size = 0 (default)
2022-10-18 21:56:27,798 [Listener at 127.0.0.1/40781] INFO  server.RaftServerConfigKeys (ConfUtils.java:logGet(46)) - raft.server.rpc.slowness.timeout = 300s (custom)
2022-10-18 21:56:27,798 [Listener at 127.0.0.1/40781] INFO  server.RaftServerConfigKeys (ConfUtils.java:logGet(46)) - raft.server.leaderelection.leader.step-down.wait-time = 10s (default)
2022-10-18 21:56:27,799 [Listener at 127.0.0.1/40781] INFO  server.RaftServerConfigKeys (ConfUtils.java:logGet(46)) - raft.server.storage.dir = [/home/runner/work/ozone/ozone/hadoop-ozone/integration-test/target/test-dir/MiniOzoneClusterImpl-1c94f07e-3edc-4d60-9c78-eaa851002676/datanode-1/data/ratis] (custom)
2022-10-18 21:56:27,799 [Listener at 127.0.0.1/40781] INFO  server.XceiverServerGrpc (XceiverServerGrpc.java:<init>(132)) - GrpcServer channel type EpollServerSocketChannel
2022-10-18 21:56:27,801 [Listener at 127.0.0.1/40781] INFO  http.BaseHttpServer (BaseHttpServer.java:newHttpServer2BuilderForOzone(213)) - Starting Web-server for hddsDatanode at: http://0.0.0.0:0
2022-10-18 21:56:27,801 [Listener at 127.0.0.1/40781] INFO  http.BaseHttpServer (BaseHttpServer.java:<init>(108)) - Hadoop Security Enabled: false Ozone Security Enabled: false Ozone HTTP Security Enabled: false 
2022-10-18 21:56:27,803 [Listener at 127.0.0.1/40781] WARN  server.AuthenticationFilter (AuthenticationFilter.java:constructSecretProvider(240)) - Unable to initialize FileSignerSecretProvider, falling back to use random secrets. Reason: Could not read signature secret file: /home/runner/hadoop-http-auth-signature-secret
2022-10-18 21:56:27,804 [Listener at 127.0.0.1/40781] WARN  http.HttpRequestLog (HttpRequestLog.java:getRequestLog(103)) - Jetty request log can only be enabled using Log4j
2022-10-18 21:56:27,805 [Listener at 127.0.0.1/40781] INFO  http.HttpServer2 (HttpServer2.java:addGlobalFilter(1031)) - Added global filter 'safety' (class=org.apache.hadoop.hdds.server.http.HttpServer2$QuotingInputFilter)
2022-10-18 21:56:27,805 [Listener at 127.0.0.1/40781] INFO  http.HttpServer2 (HttpServer2.java:addFilter(1007)) - Added filter static_user_filter (class=org.apache.hadoop.http.lib.StaticUserWebFilter$StaticUserFilter) to context hddsDatanode
2022-10-18 21:56:27,805 [Listener at 127.0.0.1/40781] INFO  http.HttpServer2 (HttpServer2.java:addFilter(1015)) - Added filter static_user_filter (class=org.apache.hadoop.http.lib.StaticUserWebFilter$StaticUserFilter) to context logs
2022-10-18 21:56:27,805 [Listener at 127.0.0.1/40781] INFO  http.HttpServer2 (HttpServer2.java:addFilter(1015)) - Added filter static_user_filter (class=org.apache.hadoop.http.lib.StaticUserWebFilter$StaticUserFilter) to context static
2022-10-18 21:56:27,806 [Listener at 127.0.0.1/40781] INFO  http.HttpServer2 (HttpServer2.java:bindListener(1250)) - Jetty bound to port 33069
2022-10-18 21:56:27,806 [Listener at 127.0.0.1/40781] INFO  server.Server (Server.java:doStart(375)) - jetty-9.4.43.v20210629; built: 2021-06-30T11:07:22.254Z; git: 526006ecfa3af7f1a27ef3a288e2bef7ea9dd7e8; jvm 1.8.0_345-b01
2022-10-18 21:56:27,806 [Listener at 127.0.0.1/40781] INFO  server.session (DefaultSessionIdManager.java:doStart(334)) - DefaultSessionIdManager workerName=node0
2022-10-18 21:56:27,807 [Listener at 127.0.0.1/40781] INFO  server.session (DefaultSessionIdManager.java:doStart(339)) - No SessionScavenger set, using defaults
2022-10-18 21:56:27,808 [Listener at 127.0.0.1/40781] INFO  server.session (HouseKeeper.java:startScavenging(132)) - node0 Scavenging every 600000ms
2022-10-18 21:56:27,808 [Listener at 127.0.0.1/40781] INFO  handler.ContextHandler (ContextHandler.java:doStart(915)) - Started o.e.j.s.ServletContextHandler@2b342de1{logs,/logs,file:///home/runner/work/ozone/ozone/hadoop-ozone/integration-test/target/log,AVAILABLE}
2022-10-18 21:56:27,808 [Listener at 127.0.0.1/40781] INFO  handler.ContextHandler (ContextHandler.java:doStart(915)) - Started o.e.j.s.ServletContextHandler@76366c2f{static,/static,jar:file:/home/runner/.m2/repository/org/apache/ozone/hdds-container-service/1.3.0-SNAPSHOT/hdds-container-service-1.3.0-SNAPSHOT.jar!/webapps/static,AVAILABLE}
2022-10-18 21:56:27,927 [Listener at 127.0.0.1/40781] INFO  handler.ContextHandler (ContextHandler.java:doStart(915)) - Started o.e.j.w.WebAppContext@2bf95bf1{hddsDatanode,/,file:///tmp/jetty-0_0_0_0-33069-hdds-container-service-1_3_0-SNAPSHOT_jar-_-any-3970231155255244683/webapp/,AVAILABLE}{jar:file:/home/runner/.m2/repository/org/apache/ozone/hdds-container-service/1.3.0-SNAPSHOT/hdds-container-service-1.3.0-SNAPSHOT.jar!/webapps/hddsDatanode}
2022-10-18 21:56:27,929 [Listener at 127.0.0.1/40781] INFO  server.AbstractConnector (AbstractConnector.java:doStart(331)) - Started ServerConnector@4a759cf3{HTTP/1.1, (http/1.1)}{0.0.0.0:33069}
2022-10-18 21:56:27,929 [Listener at 127.0.0.1/40781] INFO  server.Server (Server.java:doStart(415)) - Started @70648ms
2022-10-18 21:56:27,929 [Listener at 127.0.0.1/40781] WARN  impl.MetricsSystemImpl (MetricsSystemImpl.java:register(279)) - Sink prometheus already exists!
2022-10-18 21:56:27,930 [Listener at 127.0.0.1/40781] INFO  http.BaseHttpServer (BaseHttpServer.java:updateConnectorAddress(333)) - HTTP server of hddsDatanode listening at http://0.0.0.0:33069
2022-10-18 21:56:27,930 [Datanode State Machine Daemon Thread] INFO  statemachine.DatanodeStateMachine (DatanodeStateMachine.java:lambda$startDaemon$0(492)) - Ozone container server started.
2022-10-18 21:56:27,930 [Listener at 127.0.0.1/40781] WARN  impl.MetricRegistriesImpl (MetricRegistriesImpl.java:addReporterRegistration(111)) - New reporters are added after registries were created. Some metrics will be missing from the reporter. Please add reporter before adding any new registry.
2022-10-18 21:56:27,931 [Listener at 127.0.0.1/40781] WARN  impl.MetricRegistriesImpl (MetricRegistriesImpl.java:addReporterRegistration(111)) - New reporters are added after registries were created. Some metrics will be missing from the reporter. Please add reporter before adding any new registry.
2022-10-18 21:56:27,931 [Listener at 127.0.0.1/40781] INFO  impl.MetricsSystemImpl (MetricsSystemImpl.java:init(158)) - HddsDatanode metrics system started (again)
2022-10-18 21:56:27,932 [org.apache.hadoop.util.JvmPauseMonitor$Monitor@5e21c84f] INFO  util.JvmPauseMonitor (JvmPauseMonitor.java:run(188)) - Starting JVM pause monitor
2022-10-18 21:56:27,933 [Datanode State Machine Task Thread - 0] INFO  datanode.InitDatanodeState (InitDatanodeState.java:persistContainerDatanodeDetails(138)) - DatanodeDetails is persisted to /home/runner/work/ozone/ozone/hadoop-ozone/integration-test/target/test-dir/MiniOzoneClusterImpl-1c94f07e-3edc-4d60-9c78-eaa851002676/datanode-1/meta/datanode.id
2022-10-18 21:56:27,940 [Listener at 127.0.0.1/40781] INFO  ozone.HddsDatanodeService (HddsDatanodeService.java:start(236)) - HddsDatanodeService host:fv-az368-376.2eqeunsjyj5ebgwla1snbw5zah.gx.internal.cloudapp.net ip:10.1.0.49
2022-10-18 21:56:27,952 [Listener at 127.0.0.1/40781] INFO  upgrade.AbstractLayoutVersionManager (AbstractLayoutVersionManager.java:init(83)) - Initializing Layout version manager with metadata layout = DATANODE_SCHEMA_V3 (version = 4), software layout = DATANODE_SCHEMA_V3 (version = 4)
2022-10-18 21:56:27,975 [omNode-1@group-523986131536-FollowerState] INFO  impl.FollowerState (FollowerState.java:lostMajorityHeartbeatsRecently(108)) - omNode-1@group-523986131536-FollowerState: Skipping leader election since it stepped down recently (elapsed = 3216ms < waitTime = 10s)
2022-10-18 21:56:27,979 [Listener at 127.0.0.1/40781] INFO  reflections.Reflections (Reflections.java:scan(232)) - Reflections took 26 ms to scan 7 urls, producing 137 keys and 328 values 
2022-10-18 21:56:27,980 [Listener at 127.0.0.1/40781] INFO  statemachine.DatanodeStateMachine (DatanodeStateMachine.java:getEndPointTaskThreadPoolSize(237)) - Datanode State Machine Task Thread Pool size 2
2022-10-18 21:56:27,982 [Listener at 127.0.0.1/40781] INFO  volume.HddsVolume (HddsVolume.java:<init>(117)) - Creating HddsVolume: /home/runner/work/ozone/ozone/hadoop-ozone/integration-test/target/test-dir/MiniOzoneClusterImpl-1c94f07e-3edc-4d60-9c78-eaa851002676/datanode-2/data-0/containers/hdds of storage type : DISK capacity : 9223372036854775807
2022-10-18 21:56:27,982 [Listener at 127.0.0.1/40781] INFO  volume.MutableVolumeSet (MutableVolumeSet.java:initializeVolumeSet(174)) - Added Volume : /home/runner/work/ozone/ozone/hadoop-ozone/integration-test/target/test-dir/MiniOzoneClusterImpl-1c94f07e-3edc-4d60-9c78-eaa851002676/datanode-2/data-0/containers/hdds to VolumeSet
2022-10-18 21:56:27,982 [Listener at 127.0.0.1/40781] INFO  volume.ThrottledAsyncChecker (ThrottledAsyncChecker.java:schedule(141)) - Scheduling a check for /home/runner/work/ozone/ozone/hadoop-ozone/integration-test/target/test-dir/MiniOzoneClusterImpl-1c94f07e-3edc-4d60-9c78-eaa851002676/datanode-2/data-0/containers/hdds
2022-10-18 21:56:27,982 [Listener at 127.0.0.1/40781] INFO  volume.StorageVolumeChecker (StorageVolumeChecker.java:checkAllVolumes(202)) - Scheduled health check for volume /home/runner/work/ozone/ozone/hadoop-ozone/integration-test/target/test-dir/MiniOzoneClusterImpl-1c94f07e-3edc-4d60-9c78-eaa851002676/datanode-2/data-0/containers/hdds
2022-10-18 21:56:27,990 [Listener at 127.0.0.1/40781] INFO  volume.MutableVolumeSet (MutableVolumeSet.java:initializeVolumeSet(174)) - Added Volume : /home/runner/work/ozone/ozone/hadoop-ozone/integration-test/target/test-dir/MiniOzoneClusterImpl-1c94f07e-3edc-4d60-9c78-eaa851002676/datanode-2/data/ratis to VolumeSet
2022-10-18 21:56:27,991 [Listener at 127.0.0.1/40781] INFO  volume.ThrottledAsyncChecker (ThrottledAsyncChecker.java:schedule(141)) - Scheduling a check for /home/runner/work/ozone/ozone/hadoop-ozone/integration-test/target/test-dir/MiniOzoneClusterImpl-1c94f07e-3edc-4d60-9c78-eaa851002676/datanode-2/data/ratis
2022-10-18 21:56:27,991 [Listener at 127.0.0.1/40781] INFO  volume.StorageVolumeChecker (StorageVolumeChecker.java:checkAllVolumes(202)) - Scheduled health check for volume /home/runner/work/ozone/ozone/hadoop-ozone/integration-test/target/test-dir/MiniOzoneClusterImpl-1c94f07e-3edc-4d60-9c78-eaa851002676/datanode-2/data/ratis
2022-10-18 21:56:28,000 [Thread-1046] INFO  ozoneimpl.ContainerReader (ContainerReader.java:readVolume(175)) - Finish verifying containers on volume /home/runner/work/ozone/ozone/hadoop-ozone/integration-test/target/test-dir/MiniOzoneClusterImpl-1c94f07e-3edc-4d60-9c78-eaa851002676/datanode-2/data-0/containers/hdds
2022-10-18 21:56:28,000 [Listener at 127.0.0.1/40781] INFO  ozoneimpl.OzoneContainer (OzoneContainer.java:buildContainerSet(300)) - Build ContainerSet costs 0s
2022-10-18 21:56:28,002 [Listener at 127.0.0.1/40781] INFO  server.RaftServer (ConfUtils.java:logGet(46)) - raft.rpc.type = GRPC (default)
2022-10-18 21:56:28,002 [Listener at 127.0.0.1/40781] INFO  grpc.GrpcFactory (GrpcFactory.java:checkPooledByteBufAllocatorUseCacheForAllThreads(48)) - PERFORMANCE WARNING: useCacheForAllThreads is true that may cause Netty to create a lot garbage objects and, as a result, trigger GC.
	It is recommended to disable useCacheForAllThreads by setting -Dorg.apache.ratis.thirdparty.io.netty.allocator.useCacheForAllThreads=false in command line.
2022-10-18 21:56:28,002 [Listener at 127.0.0.1/40781] INFO  grpc.GrpcConfigKeys (ConfUtils.java:logGet(46)) - raft.grpc.admin.port = 0 (custom)
2022-10-18 21:56:28,002 [Listener at 127.0.0.1/40781] INFO  grpc.GrpcConfigKeys (ConfUtils.java:logGet(46)) - raft.grpc.client.port = 0 (custom)
2022-10-18 21:56:28,003 [Listener at 127.0.0.1/40781] INFO  grpc.GrpcConfigKeys (ConfUtils.java:logGet(46)) - raft.grpc.server.port = 0 (default)
2022-10-18 21:56:28,003 [Listener at 127.0.0.1/40781] INFO  server.GrpcService (ConfUtils.java:logGet(46)) - raft.grpc.message.size.max = 32MB (=33554432) (custom)
2022-10-18 21:56:28,003 [Listener at 127.0.0.1/40781] INFO  server.RaftServerConfigKeys (ConfUtils.java:logGet(46)) - raft.server.log.appender.buffer.byte-limit = 33554432 (custom)
2022-10-18 21:56:28,003 [Listener at 127.0.0.1/40781] INFO  server.GrpcService (ConfUtils.java:logGet(46)) - raft.grpc.flow.control.window = 5MB (=5242880) (custom)
2022-10-18 21:56:28,003 [Listener at 127.0.0.1/40781] INFO  server.RaftServerConfigKeys (ConfUtils.java:logGet(46)) - raft.server.rpc.request.timeout = 60s (custom)
2022-10-18 21:56:28,003 [Listener at 127.0.0.1/40781] INFO  grpc.GrpcConfigKeys (ConfUtils.java:logGet(46)) - raft.grpc.server.async.request.thread.pool.cached = true (default)
2022-10-18 21:56:28,003 [Listener at 127.0.0.1/40781] INFO  grpc.GrpcConfigKeys (ConfUtils.java:logGet(46)) - raft.grpc.server.async.request.thread.pool.size = 32 (default)
2022-10-18 21:56:28,004 [Listener at 127.0.0.1/40781] INFO  impl.DataStreamServerImpl (ConfUtils.java:logGet(46)) - raft.datastream.type = DISABLED (default)
2022-10-18 21:56:28,004 [Listener at 127.0.0.1/40781] INFO  server.RaftServerConfigKeys (ConfUtils.java:logGet(46)) - raft.server.threadpool.proxy.cached = true (default)
2022-10-18 21:56:28,004 [Listener at 127.0.0.1/40781] INFO  server.RaftServerConfigKeys (ConfUtils.java:logGet(46)) - raft.server.threadpool.proxy.size = 0 (default)
2022-10-18 21:56:28,004 [Listener at 127.0.0.1/40781] INFO  server.RaftServerConfigKeys (ConfUtils.java:logGet(46)) - raft.server.rpc.slowness.timeout = 300s (custom)
2022-10-18 21:56:28,004 [Listener at 127.0.0.1/40781] INFO  server.RaftServerConfigKeys (ConfUtils.java:logGet(46)) - raft.server.leaderelection.leader.step-down.wait-time = 10s (default)
2022-10-18 21:56:28,004 [Listener at 127.0.0.1/40781] INFO  server.RaftServerConfigKeys (ConfUtils.java:logGet(46)) - raft.server.storage.dir = [/home/runner/work/ozone/ozone/hadoop-ozone/integration-test/target/test-dir/MiniOzoneClusterImpl-1c94f07e-3edc-4d60-9c78-eaa851002676/datanode-2/data/ratis] (custom)
2022-10-18 21:56:28,005 [Listener at 127.0.0.1/40781] INFO  server.XceiverServerGrpc (XceiverServerGrpc.java:<init>(132)) - GrpcServer channel type EpollServerSocketChannel
2022-10-18 21:56:28,007 [Listener at 127.0.0.1/40781] INFO  http.BaseHttpServer (BaseHttpServer.java:newHttpServer2BuilderForOzone(213)) - Starting Web-server for hddsDatanode at: http://0.0.0.0:0
2022-10-18 21:56:28,007 [Listener at 127.0.0.1/40781] INFO  http.BaseHttpServer (BaseHttpServer.java:<init>(108)) - Hadoop Security Enabled: false Ozone Security Enabled: false Ozone HTTP Security Enabled: false 
2022-10-18 21:56:28,008 [Listener at 127.0.0.1/40781] WARN  server.AuthenticationFilter (AuthenticationFilter.java:constructSecretProvider(240)) - Unable to initialize FileSignerSecretProvider, falling back to use random secrets. Reason: Could not read signature secret file: /home/runner/hadoop-http-auth-signature-secret
2022-10-18 21:56:28,009 [Listener at 127.0.0.1/40781] WARN  http.HttpRequestLog (HttpRequestLog.java:getRequestLog(103)) - Jetty request log can only be enabled using Log4j
2022-10-18 21:56:28,009 [Listener at 127.0.0.1/40781] INFO  http.HttpServer2 (HttpServer2.java:addGlobalFilter(1031)) - Added global filter 'safety' (class=org.apache.hadoop.hdds.server.http.HttpServer2$QuotingInputFilter)
2022-10-18 21:56:28,010 [Listener at 127.0.0.1/40781] INFO  http.HttpServer2 (HttpServer2.java:addFilter(1007)) - Added filter static_user_filter (class=org.apache.hadoop.http.lib.StaticUserWebFilter$StaticUserFilter) to context hddsDatanode
2022-10-18 21:56:28,010 [Listener at 127.0.0.1/40781] INFO  http.HttpServer2 (HttpServer2.java:addFilter(1015)) - Added filter static_user_filter (class=org.apache.hadoop.http.lib.StaticUserWebFilter$StaticUserFilter) to context static
2022-10-18 21:56:28,010 [Listener at 127.0.0.1/40781] INFO  http.HttpServer2 (HttpServer2.java:addFilter(1015)) - Added filter static_user_filter (class=org.apache.hadoop.http.lib.StaticUserWebFilter$StaticUserFilter) to context logs
2022-10-18 21:56:28,010 [Listener at 127.0.0.1/40781] INFO  http.HttpServer2 (HttpServer2.java:bindListener(1250)) - Jetty bound to port 36065
2022-10-18 21:56:28,011 [Listener at 127.0.0.1/40781] INFO  server.Server (Server.java:doStart(375)) - jetty-9.4.43.v20210629; built: 2021-06-30T11:07:22.254Z; git: 526006ecfa3af7f1a27ef3a288e2bef7ea9dd7e8; jvm 1.8.0_345-b01
2022-10-18 21:56:28,011 [Listener at 127.0.0.1/40781] INFO  server.session (DefaultSessionIdManager.java:doStart(334)) - DefaultSessionIdManager workerName=node0
2022-10-18 21:56:28,011 [Listener at 127.0.0.1/40781] INFO  server.session (DefaultSessionIdManager.java:doStart(339)) - No SessionScavenger set, using defaults
2022-10-18 21:56:28,012 [Listener at 127.0.0.1/40781] INFO  server.session (HouseKeeper.java:startScavenging(132)) - node0 Scavenging every 660000ms
2022-10-18 21:56:28,012 [Listener at 127.0.0.1/40781] INFO  handler.ContextHandler (ContextHandler.java:doStart(915)) - Started o.e.j.s.ServletContextHandler@a080d96{logs,/logs,file:///home/runner/work/ozone/ozone/hadoop-ozone/integration-test/target/log,AVAILABLE}
2022-10-18 21:56:28,012 [Listener at 127.0.0.1/40781] INFO  handler.ContextHandler (ContextHandler.java:doStart(915)) - Started o.e.j.s.ServletContextHandler@3bb960f1{static,/static,jar:file:/home/runner/.m2/repository/org/apache/ozone/hdds-container-service/1.3.0-SNAPSHOT/hdds-container-service-1.3.0-SNAPSHOT.jar!/webapps/static,AVAILABLE}
2022-10-18 21:56:28,128 [Listener at 127.0.0.1/40781] INFO  handler.ContextHandler (ContextHandler.java:doStart(915)) - Started o.e.j.w.WebAppContext@550a209c{hddsDatanode,/,file:///tmp/jetty-0_0_0_0-36065-hdds-container-service-1_3_0-SNAPSHOT_jar-_-any-1984166391155797036/webapp/,AVAILABLE}{jar:file:/home/runner/.m2/repository/org/apache/ozone/hdds-container-service/1.3.0-SNAPSHOT/hdds-container-service-1.3.0-SNAPSHOT.jar!/webapps/hddsDatanode}
2022-10-18 21:56:28,129 [Listener at 127.0.0.1/40781] INFO  server.AbstractConnector (AbstractConnector.java:doStart(331)) - Started ServerConnector@56791346{HTTP/1.1, (http/1.1)}{0.0.0.0:36065}
2022-10-18 21:56:28,129 [Listener at 127.0.0.1/40781] INFO  server.Server (Server.java:doStart(415)) - Started @70847ms
2022-10-18 21:56:28,129 [Listener at 127.0.0.1/40781] WARN  impl.MetricsSystemImpl (MetricsSystemImpl.java:register(279)) - Sink prometheus already exists!
2022-10-18 21:56:28,129 [Listener at 127.0.0.1/40781] INFO  http.BaseHttpServer (BaseHttpServer.java:updateConnectorAddress(333)) - HTTP server of hddsDatanode listening at http://0.0.0.0:36065
2022-10-18 21:56:28,130 [Datanode State Machine Daemon Thread] INFO  statemachine.DatanodeStateMachine (DatanodeStateMachine.java:lambda$startDaemon$0(492)) - Ozone container server started.
2022-10-18 21:56:28,130 [Listener at 127.0.0.1/40781] INFO  ozone.MiniOzoneClusterImpl (MiniOzoneClusterImpl.java:lambda$waitForClusterToBeReady$0(216)) - Waiting for nodes to be ready. Got 0 of 3 DN Heartbeats.
2022-10-18 21:56:28,131 [Listener at 127.0.0.1/40781] INFO  ozone.MiniOzoneClusterImpl (MiniOzoneClusterImpl.java:lambda$waitForClusterToBeReady$0(219)) - Waiting for cluster to exit safe mode
2022-10-18 21:56:28,131 [Listener at 127.0.0.1/40781] INFO  ozone.MiniOzoneClusterImpl (MiniOzoneClusterImpl.java:lambda$waitForClusterToBeReady$0(221)) - SCM became leader
2022-10-18 21:56:28,131 [org.apache.hadoop.util.JvmPauseMonitor$Monitor@1a6ceeb6] INFO  util.JvmPauseMonitor (JvmPauseMonitor.java:run(188)) - Starting JVM pause monitor
2022-10-18 21:56:28,132 [Datanode State Machine Task Thread - 0] INFO  datanode.InitDatanodeState (InitDatanodeState.java:persistContainerDatanodeDetails(138)) - DatanodeDetails is persisted to /home/runner/work/ozone/ozone/hadoop-ozone/integration-test/target/test-dir/MiniOzoneClusterImpl-1c94f07e-3edc-4d60-9c78-eaa851002676/datanode-2/meta/datanode.id
2022-10-18 21:56:28,237 [omNode-3@group-523986131536-StateMachineUpdater] INFO  ratis.OzoneManagerStateMachine (OzoneManagerStateMachine.java:notifyConfigurationChanged(192)) - Received Configuration change notification from Ratis. New Peer list:
[id: "omNode-3"
address: "localhost:46841"
, id: "omNode-1"
address: "localhost:43245"
, id: "omNode-2"
address: "localhost:41401"
]
2022-10-18 21:56:28,237 [omNode-2@group-523986131536-StateMachineUpdater] INFO  ratis.OzoneManagerStateMachine (OzoneManagerStateMachine.java:notifyConfigurationChanged(192)) - Received Configuration change notification from Ratis. New Peer list:
[id: "omNode-3"
address: "localhost:46841"
, id: "omNode-1"
address: "localhost:43245"
, id: "omNode-2"
address: "localhost:41401"
]
2022-10-18 21:56:28,992 [omNode-1@group-523986131536-FollowerState] INFO  impl.FollowerState (FollowerState.java:lostMajorityHeartbeatsRecently(108)) - omNode-1@group-523986131536-FollowerState: Skipping leader election since it stepped down recently (elapsed = 4233ms < waitTime = 10s)
2022-10-18 21:56:29,131 [Listener at 127.0.0.1/40781] INFO  ozone.MiniOzoneClusterImpl (MiniOzoneClusterImpl.java:lambda$waitForClusterToBeReady$0(216)) - Waiting for nodes to be ready. Got 0 of 3 DN Heartbeats.
2022-10-18 21:56:29,131 [Listener at 127.0.0.1/40781] INFO  ozone.MiniOzoneClusterImpl (MiniOzoneClusterImpl.java:lambda$waitForClusterToBeReady$0(219)) - Waiting for cluster to exit safe mode
2022-10-18 21:56:29,131 [Listener at 127.0.0.1/40781] INFO  ozone.MiniOzoneClusterImpl (MiniOzoneClusterImpl.java:lambda$waitForClusterToBeReady$0(221)) - SCM became leader
2022-10-18 21:56:29,754 [EndpointStateMachine task thread for /0.0.0.0:38507 - 0 ] INFO  volume.HddsVolume (HddsVolume.java:createDbStore(307)) - SchemaV3 db is created and loaded at /home/runner/work/ozone/ozone/hadoop-ozone/integration-test/target/test-dir/MiniOzoneClusterImpl-1c94f07e-3edc-4d60-9c78-eaa851002676/datanode-0/data-0/containers/hdds/1c94f07e-3edc-4d60-9c78-eaa851002676/DS-da08c086-aec0-4d31-a683-8829ad7382e9/container.db for volume DS-da08c086-aec0-4d31-a683-8829ad7382e9
2022-10-18 21:56:29,755 [EndpointStateMachine task thread for /0.0.0.0:38507 - 0 ] INFO  volume.HddsVolume (HddsVolume.java:closeDbStore(338)) - SchemaV3 db is stopped at /home/runner/work/ozone/ozone/hadoop-ozone/integration-test/target/test-dir/MiniOzoneClusterImpl-1c94f07e-3edc-4d60-9c78-eaa851002676/datanode-0/data-0/containers/hdds/1c94f07e-3edc-4d60-9c78-eaa851002676/DS-da08c086-aec0-4d31-a683-8829ad7382e9/container.db for volume DS-da08c086-aec0-4d31-a683-8829ad7382e9
2022-10-18 21:56:29,755 [EndpointStateMachine task thread for /0.0.0.0:38507 - 0 ] INFO  ozoneimpl.OzoneContainer (OzoneContainer.java:start(378)) - Attempting to start container services.
2022-10-18 21:56:29,755 [EndpointStateMachine task thread for /0.0.0.0:38507 - 0 ] INFO  ozoneimpl.OzoneContainer (OzoneContainer.java:startContainerScrub(313)) - Background container scanner has been disabled.
2022-10-18 21:56:29,758 [EndpointStateMachine task thread for /0.0.0.0:38507 - 0 ] INFO  replication.ReplicationServer (ReplicationServer.java:start(111)) - ReplicationServer is started using port 42189
2022-10-18 21:56:29,759 [EndpointStateMachine task thread for /0.0.0.0:38507 - 0 ] INFO  ratis.XceiverServerRatis (XceiverServerRatis.java:start(481)) - Starting XceiverServerRatis 930eb83a-4a64-48b4-8e1f-5a852630038a
2022-10-18 21:56:29,759 [EndpointStateMachine task thread for /0.0.0.0:38507 - 0 ] INFO  server.RaftServer (RaftServerProxy.java:lambda$start$6(382)) - 930eb83a-4a64-48b4-8e1f-5a852630038a: start RPC server
2022-10-18 21:56:29,761 [EndpointStateMachine task thread for /0.0.0.0:38507 - 0 ] INFO  server.GrpcService (GrpcService.java:startImpl(260)) - 930eb83a-4a64-48b4-8e1f-5a852630038a: GrpcService started, listening on 42415
2022-10-18 21:56:29,762 [EndpointStateMachine task thread for /0.0.0.0:38507 - 0 ] INFO  ratis.XceiverServerRatis (XceiverServerRatis.java:getRealPort(502)) - XceiverServerRatis 930eb83a-4a64-48b4-8e1f-5a852630038a is started using port 42415 for RATIS
2022-10-18 21:56:29,762 [org.apache.ratis.util.JvmPauseMonitor$$Lambda$703/854163851@427c78b] INFO  util.JvmPauseMonitor (JvmPauseMonitor.java:run(103)) - JvmPauseMonitor-930eb83a-4a64-48b4-8e1f-5a852630038a: Started
2022-10-18 21:56:29,762 [EndpointStateMachine task thread for /0.0.0.0:38507 - 0 ] INFO  ratis.XceiverServerRatis (XceiverServerRatis.java:getRealPort(502)) - XceiverServerRatis 930eb83a-4a64-48b4-8e1f-5a852630038a is started using port 42415 for RATIS_ADMIN
2022-10-18 21:56:29,762 [EndpointStateMachine task thread for /0.0.0.0:38507 - 0 ] INFO  ratis.XceiverServerRatis (XceiverServerRatis.java:getRealPort(502)) - XceiverServerRatis 930eb83a-4a64-48b4-8e1f-5a852630038a is started using port 42415 for RATIS_SERVER
2022-10-18 21:56:29,764 [EndpointStateMachine task thread for /0.0.0.0:38507 - 0 ] INFO  server.XceiverServerGrpc (XceiverServerGrpc.java:start(180)) - XceiverServerGrpc 930eb83a-4a64-48b4-8e1f-5a852630038a is started using port 38147
2022-10-18 21:56:29,953 [EndpointStateMachine task thread for /0.0.0.0:38507 - 0 ] INFO  volume.HddsVolume (HddsVolume.java:createDbStore(307)) - SchemaV3 db is created and loaded at /home/runner/work/ozone/ozone/hadoop-ozone/integration-test/target/test-dir/MiniOzoneClusterImpl-1c94f07e-3edc-4d60-9c78-eaa851002676/datanode-1/data-0/containers/hdds/1c94f07e-3edc-4d60-9c78-eaa851002676/DS-37d8a8fa-c591-4fdd-918f-a9466023ff9b/container.db for volume DS-37d8a8fa-c591-4fdd-918f-a9466023ff9b
2022-10-18 21:56:29,953 [EndpointStateMachine task thread for /0.0.0.0:38507 - 0 ] INFO  volume.HddsVolume (HddsVolume.java:closeDbStore(338)) - SchemaV3 db is stopped at /home/runner/work/ozone/ozone/hadoop-ozone/integration-test/target/test-dir/MiniOzoneClusterImpl-1c94f07e-3edc-4d60-9c78-eaa851002676/datanode-1/data-0/containers/hdds/1c94f07e-3edc-4d60-9c78-eaa851002676/DS-37d8a8fa-c591-4fdd-918f-a9466023ff9b/container.db for volume DS-37d8a8fa-c591-4fdd-918f-a9466023ff9b
2022-10-18 21:56:29,954 [EndpointStateMachine task thread for /0.0.0.0:38507 - 0 ] INFO  ozoneimpl.OzoneContainer (OzoneContainer.java:start(378)) - Attempting to start container services.
2022-10-18 21:56:29,954 [EndpointStateMachine task thread for /0.0.0.0:38507 - 0 ] INFO  ozoneimpl.OzoneContainer (OzoneContainer.java:startContainerScrub(313)) - Background container scanner has been disabled.
2022-10-18 21:56:29,955 [EndpointStateMachine task thread for /0.0.0.0:38507 - 0 ] INFO  replication.ReplicationServer (ReplicationServer.java:start(111)) - ReplicationServer is started using port 40255
2022-10-18 21:56:29,956 [EndpointStateMachine task thread for /0.0.0.0:38507 - 0 ] INFO  ratis.XceiverServerRatis (XceiverServerRatis.java:start(481)) - Starting XceiverServerRatis a654d2c7-f7ff-48c7-ad7c-d251fa206036
2022-10-18 21:56:29,956 [EndpointStateMachine task thread for /0.0.0.0:38507 - 0 ] INFO  server.RaftServer (RaftServerProxy.java:lambda$start$6(382)) - a654d2c7-f7ff-48c7-ad7c-d251fa206036: start RPC server
2022-10-18 21:56:29,957 [EndpointStateMachine task thread for /0.0.0.0:38507 - 0 ] INFO  server.GrpcService (GrpcService.java:startImpl(260)) - a654d2c7-f7ff-48c7-ad7c-d251fa206036: GrpcService started, listening on 38659
2022-10-18 21:56:29,957 [EndpointStateMachine task thread for /0.0.0.0:38507 - 0 ] INFO  ratis.XceiverServerRatis (XceiverServerRatis.java:getRealPort(502)) - XceiverServerRatis a654d2c7-f7ff-48c7-ad7c-d251fa206036 is started using port 38659 for RATIS
2022-10-18 21:56:29,958 [EndpointStateMachine task thread for /0.0.0.0:38507 - 0 ] INFO  ratis.XceiverServerRatis (XceiverServerRatis.java:getRealPort(502)) - XceiverServerRatis a654d2c7-f7ff-48c7-ad7c-d251fa206036 is started using port 38659 for RATIS_ADMIN
2022-10-18 21:56:29,958 [org.apache.ratis.util.JvmPauseMonitor$$Lambda$703/854163851@6ac7b86f] INFO  util.JvmPauseMonitor (JvmPauseMonitor.java:run(103)) - JvmPauseMonitor-a654d2c7-f7ff-48c7-ad7c-d251fa206036: Started
2022-10-18 21:56:29,958 [EndpointStateMachine task thread for /0.0.0.0:38507 - 0 ] INFO  ratis.XceiverServerRatis (XceiverServerRatis.java:getRealPort(502)) - XceiverServerRatis a654d2c7-f7ff-48c7-ad7c-d251fa206036 is started using port 38659 for RATIS_SERVER
2022-10-18 21:56:29,959 [EndpointStateMachine task thread for /0.0.0.0:38507 - 0 ] INFO  server.XceiverServerGrpc (XceiverServerGrpc.java:start(180)) - XceiverServerGrpc a654d2c7-f7ff-48c7-ad7c-d251fa206036 is started using port 38089
2022-10-18 21:56:30,001 [omNode-1@group-523986131536-FollowerState] INFO  impl.FollowerState (FollowerState.java:lostMajorityHeartbeatsRecently(108)) - omNode-1@group-523986131536-FollowerState: Skipping leader election since it stepped down recently (elapsed = 5243ms < waitTime = 10s)
2022-10-18 21:56:30,132 [Listener at 127.0.0.1/40781] INFO  ozone.MiniOzoneClusterImpl (MiniOzoneClusterImpl.java:lambda$waitForClusterToBeReady$0(216)) - Waiting for nodes to be ready. Got 0 of 3 DN Heartbeats.
2022-10-18 21:56:30,132 [Listener at 127.0.0.1/40781] INFO  ozone.MiniOzoneClusterImpl (MiniOzoneClusterImpl.java:lambda$waitForClusterToBeReady$0(219)) - Waiting for cluster to exit safe mode
2022-10-18 21:56:30,132 [Listener at 127.0.0.1/40781] INFO  ozone.MiniOzoneClusterImpl (MiniOzoneClusterImpl.java:lambda$waitForClusterToBeReady$0(221)) - SCM became leader
2022-10-18 21:56:30,152 [EndpointStateMachine task thread for /0.0.0.0:38507 - 0 ] INFO  volume.HddsVolume (HddsVolume.java:createDbStore(307)) - SchemaV3 db is created and loaded at /home/runner/work/ozone/ozone/hadoop-ozone/integration-test/target/test-dir/MiniOzoneClusterImpl-1c94f07e-3edc-4d60-9c78-eaa851002676/datanode-2/data-0/containers/hdds/1c94f07e-3edc-4d60-9c78-eaa851002676/DS-56d766e6-aa6c-40fa-9530-e73afe99b0dc/container.db for volume DS-56d766e6-aa6c-40fa-9530-e73afe99b0dc
2022-10-18 21:56:30,152 [EndpointStateMachine task thread for /0.0.0.0:38507 - 0 ] INFO  volume.HddsVolume (HddsVolume.java:closeDbStore(338)) - SchemaV3 db is stopped at /home/runner/work/ozone/ozone/hadoop-ozone/integration-test/target/test-dir/MiniOzoneClusterImpl-1c94f07e-3edc-4d60-9c78-eaa851002676/datanode-2/data-0/containers/hdds/1c94f07e-3edc-4d60-9c78-eaa851002676/DS-56d766e6-aa6c-40fa-9530-e73afe99b0dc/container.db for volume DS-56d766e6-aa6c-40fa-9530-e73afe99b0dc
2022-10-18 21:56:30,152 [EndpointStateMachine task thread for /0.0.0.0:38507 - 0 ] INFO  ozoneimpl.OzoneContainer (OzoneContainer.java:start(378)) - Attempting to start container services.
2022-10-18 21:56:30,152 [EndpointStateMachine task thread for /0.0.0.0:38507 - 0 ] INFO  ozoneimpl.OzoneContainer (OzoneContainer.java:startContainerScrub(313)) - Background container scanner has been disabled.
2022-10-18 21:56:30,154 [EndpointStateMachine task thread for /0.0.0.0:38507 - 0 ] INFO  replication.ReplicationServer (ReplicationServer.java:start(111)) - ReplicationServer is started using port 45281
2022-10-18 21:56:30,155 [EndpointStateMachine task thread for /0.0.0.0:38507 - 0 ] INFO  ratis.XceiverServerRatis (XceiverServerRatis.java:start(481)) - Starting XceiverServerRatis 50a22b0c-47fd-4b6b-ada4-fba3aa4f0b97
2022-10-18 21:56:30,155 [EndpointStateMachine task thread for /0.0.0.0:38507 - 0 ] INFO  server.RaftServer (RaftServerProxy.java:lambda$start$6(382)) - 50a22b0c-47fd-4b6b-ada4-fba3aa4f0b97: start RPC server
2022-10-18 21:56:30,157 [EndpointStateMachine task thread for /0.0.0.0:38507 - 0 ] INFO  server.GrpcService (GrpcService.java:startImpl(260)) - 50a22b0c-47fd-4b6b-ada4-fba3aa4f0b97: GrpcService started, listening on 43291
2022-10-18 21:56:30,157 [EndpointStateMachine task thread for /0.0.0.0:38507 - 0 ] INFO  ratis.XceiverServerRatis (XceiverServerRatis.java:getRealPort(502)) - XceiverServerRatis 50a22b0c-47fd-4b6b-ada4-fba3aa4f0b97 is started using port 43291 for RATIS
2022-10-18 21:56:30,157 [EndpointStateMachine task thread for /0.0.0.0:38507 - 0 ] INFO  ratis.XceiverServerRatis (XceiverServerRatis.java:getRealPort(502)) - XceiverServerRatis 50a22b0c-47fd-4b6b-ada4-fba3aa4f0b97 is started using port 43291 for RATIS_ADMIN
2022-10-18 21:56:30,157 [EndpointStateMachine task thread for /0.0.0.0:38507 - 0 ] INFO  ratis.XceiverServerRatis (XceiverServerRatis.java:getRealPort(502)) - XceiverServerRatis 50a22b0c-47fd-4b6b-ada4-fba3aa4f0b97 is started using port 43291 for RATIS_SERVER
2022-10-18 21:56:30,157 [org.apache.ratis.util.JvmPauseMonitor$$Lambda$703/854163851@6979b06a] INFO  util.JvmPauseMonitor (JvmPauseMonitor.java:run(103)) - JvmPauseMonitor-50a22b0c-47fd-4b6b-ada4-fba3aa4f0b97: Started
2022-10-18 21:56:30,158 [EndpointStateMachine task thread for /0.0.0.0:38507 - 0 ] INFO  server.XceiverServerGrpc (XceiverServerGrpc.java:start(180)) - XceiverServerGrpc 50a22b0c-47fd-4b6b-ada4-fba3aa4f0b97 is started using port 45929
2022-10-18 21:56:31,132 [Listener at 127.0.0.1/40781] INFO  ozone.MiniOzoneClusterImpl (MiniOzoneClusterImpl.java:lambda$waitForClusterToBeReady$0(216)) - Waiting for nodes to be ready. Got 0 of 3 DN Heartbeats.
2022-10-18 21:56:31,133 [Listener at 127.0.0.1/40781] INFO  ozone.MiniOzoneClusterImpl (MiniOzoneClusterImpl.java:lambda$waitForClusterToBeReady$0(219)) - Waiting for cluster to exit safe mode
2022-10-18 21:56:31,133 [Listener at 127.0.0.1/40781] INFO  ozone.MiniOzoneClusterImpl (MiniOzoneClusterImpl.java:lambda$waitForClusterToBeReady$0(221)) - SCM became leader
2022-10-18 21:56:31,189 [omNode-1@group-523986131536-FollowerState] INFO  impl.FollowerState (FollowerState.java:lostMajorityHeartbeatsRecently(108)) - omNode-1@group-523986131536-FollowerState: Skipping leader election since it stepped down recently (elapsed = 6430ms < waitTime = 10s)
2022-10-18 21:56:31,729 [IPC Server handler 2 on default port 38507] INFO  net.NetworkTopologyImpl (NetworkTopologyImpl.java:add(112)) - Added a new node: /default-rack/930eb83a-4a64-48b4-8e1f-5a852630038a
2022-10-18 21:56:31,729 [IPC Server handler 2 on default port 38507] INFO  node.SCMNodeManager (SCMNodeManager.java:register(397)) - Registered Data node : 930eb83a-4a64-48b4-8e1f-5a852630038a{ip: 10.1.0.49, host: fv-az368-376.2eqeunsjyj5ebgwla1snbw5zah.gx.internal.cloudapp.net, ports: [REPLICATION=42189, RATIS=42415, RATIS_ADMIN=42415, RATIS_SERVER=42415, STANDALONE=38147], networkLocation: /default-rack, certSerialId: null, persistedOpState: null, persistedOpStateExpiryEpochSec: 0}
2022-10-18 21:56:31,731 [EventQueue-NewNodeForNewNodeHandler] INFO  pipeline.BackgroundPipelineCreator (BackgroundPipelineCreator.java:notifyEventTriggered(276)) - trigger a one-shot run on RatisPipelineUtilsThread.
2022-10-18 21:56:31,731 [EventQueue-NodeRegistrationContainerReportForContainerSafeModeRule] INFO  safemode.SCMSafeModeManager (SCMSafeModeManager.java:validateSafeModeExitRules(204)) - ContainerSafeModeRule rule is successfully validated
2022-10-18 21:56:31,731 [RatisPipelineUtilsThread - 0] INFO  pipeline.RatisPipelineProvider (RatisPipelineProvider.java:lambda$create$0(195)) - Sending CreatePipelineCommand for pipeline:PipelineID=a9d2b9be-af34-4046-a5ff-740004f3cdbf to datanode:930eb83a-4a64-48b4-8e1f-5a852630038a
2022-10-18 21:56:31,732 [EventQueue-PipelineReportForOneReplicaPipelineSafeModeRule] INFO  safemode.SCMSafeModeManager (SCMSafeModeManager.java:validateSafeModeExitRules(204)) - AtleastOneDatanodeReportedRule rule is successfully validated
2022-10-18 21:56:31,732 [EventQueue-NodeRegistrationContainerReportForDataNodeSafeModeRule] INFO  safemode.SCMSafeModeManager (DataNodeSafeModeRule.java:process(71)) - SCM in safe mode. 1 DataNodes registered, 3 required.
2022-10-18 21:56:31,732 [RatisPipelineUtilsThread - 0] INFO  pipeline.PipelineStateManagerImpl (PipelineStateManagerImpl.java:addPipeline(103)) - Created pipeline Pipeline[ Id: a9d2b9be-af34-4046-a5ff-740004f3cdbf, Nodes: 930eb83a-4a64-48b4-8e1f-5a852630038a{ip: 10.1.0.49, host: fv-az368-376.2eqeunsjyj5ebgwla1snbw5zah.gx.internal.cloudapp.net, ports: [REPLICATION=42189, RATIS=42415, RATIS_ADMIN=42415, RATIS_SERVER=42415, STANDALONE=38147], networkLocation: /default-rack, certSerialId: null, persistedOpState: IN_SERVICE, persistedOpStateExpiryEpochSec: 0}, ReplicationConfig: RATIS/ONE, State:ALLOCATED, leaderId:, CreationTimestamp2022-10-18T21:56:31.731Z[Etc/UTC]].
2022-10-18 21:56:31,938 [IPC Server handler 1 on default port 38507] INFO  net.NetworkTopologyImpl (NetworkTopologyImpl.java:add(112)) - Added a new node: /default-rack/a654d2c7-f7ff-48c7-ad7c-d251fa206036
2022-10-18 21:56:31,939 [IPC Server handler 1 on default port 38507] INFO  node.SCMNodeManager (SCMNodeManager.java:register(397)) - Registered Data node : a654d2c7-f7ff-48c7-ad7c-d251fa206036{ip: 10.1.0.49, host: fv-az368-376.2eqeunsjyj5ebgwla1snbw5zah.gx.internal.cloudapp.net, ports: [REPLICATION=40255, RATIS=38659, RATIS_ADMIN=38659, RATIS_SERVER=38659, STANDALONE=38089], networkLocation: /default-rack, certSerialId: null, persistedOpState: null, persistedOpStateExpiryEpochSec: 0}
2022-10-18 21:56:31,939 [EventQueue-NewNodeForNewNodeHandler] INFO  pipeline.BackgroundPipelineCreator (BackgroundPipelineCreator.java:notifyEventTriggered(276)) - trigger a one-shot run on RatisPipelineUtilsThread.
2022-10-18 21:56:31,939 [EventQueue-NodeRegistrationContainerReportForDataNodeSafeModeRule] INFO  safemode.SCMSafeModeManager (DataNodeSafeModeRule.java:process(71)) - SCM in safe mode. 2 DataNodes registered, 3 required.
2022-10-18 21:56:31,939 [RatisPipelineUtilsThread - 0] INFO  pipeline.RatisPipelineProvider (RatisPipelineProvider.java:lambda$create$0(195)) - Sending CreatePipelineCommand for pipeline:PipelineID=2c81ce7c-2fea-48cf-b36f-f0ffdd42c000 to datanode:a654d2c7-f7ff-48c7-ad7c-d251fa206036
2022-10-18 21:56:31,940 [RatisPipelineUtilsThread - 0] INFO  pipeline.PipelineStateManagerImpl (PipelineStateManagerImpl.java:addPipeline(103)) - Created pipeline Pipeline[ Id: 2c81ce7c-2fea-48cf-b36f-f0ffdd42c000, Nodes: a654d2c7-f7ff-48c7-ad7c-d251fa206036{ip: 10.1.0.49, host: fv-az368-376.2eqeunsjyj5ebgwla1snbw5zah.gx.internal.cloudapp.net, ports: [REPLICATION=40255, RATIS=38659, RATIS_ADMIN=38659, RATIS_SERVER=38659, STANDALONE=38089], networkLocation: /default-rack, certSerialId: null, persistedOpState: IN_SERVICE, persistedOpStateExpiryEpochSec: 0}, ReplicationConfig: RATIS/ONE, State:ALLOCATED, leaderId:, CreationTimestamp2022-10-18T21:56:31.939Z[Etc/UTC]].
2022-10-18 21:56:32,132 [IPC Server handler 0 on default port 38507] INFO  net.NetworkTopologyImpl (NetworkTopologyImpl.java:add(112)) - Added a new node: /default-rack/50a22b0c-47fd-4b6b-ada4-fba3aa4f0b97
2022-10-18 21:56:32,132 [IPC Server handler 0 on default port 38507] INFO  node.SCMNodeManager (SCMNodeManager.java:register(397)) - Registered Data node : 50a22b0c-47fd-4b6b-ada4-fba3aa4f0b97{ip: 10.1.0.49, host: fv-az368-376.2eqeunsjyj5ebgwla1snbw5zah.gx.internal.cloudapp.net, ports: [REPLICATION=45281, RATIS=43291, RATIS_ADMIN=43291, RATIS_SERVER=43291, STANDALONE=45929], networkLocation: /default-rack, certSerialId: null, persistedOpState: null, persistedOpStateExpiryEpochSec: 0}
2022-10-18 21:56:32,132 [EventQueue-NewNodeForNewNodeHandler] INFO  pipeline.BackgroundPipelineCreator (BackgroundPipelineCreator.java:notifyEventTriggered(276)) - trigger a one-shot run on RatisPipelineUtilsThread.
2022-10-18 21:56:32,132 [EventQueue-NodeRegistrationContainerReportForDataNodeSafeModeRule] INFO  safemode.SCMSafeModeManager (DataNodeSafeModeRule.java:process(71)) - SCM in safe mode. 3 DataNodes registered, 3 required.
2022-10-18 21:56:32,133 [EventQueue-NodeRegistrationContainerReportForDataNodeSafeModeRule] INFO  safemode.SCMSafeModeManager (SCMSafeModeManager.java:validateSafeModeExitRules(204)) - DataNodeSafeModeRule rule is successfully validated
2022-10-18 21:56:32,133 [EventQueue-NodeRegistrationContainerReportForDataNodeSafeModeRule] INFO  safemode.SCMSafeModeManager (SCMSafeModeManager.java:completePreCheck(233)) - All SCM safe mode pre check rules have passed
2022-10-18 21:56:32,133 [EventQueue-NodeRegistrationContainerReportForDataNodeSafeModeRule] WARN  events.EventQueue (EventQueue.java:fireEvent(216)) - No event handler registered for event TypedEvent{payloadType=SafeModeStatus, name='Safe mode status'}
2022-10-18 21:56:32,133 [EventQueue-NodeRegistrationContainerReportForDataNodeSafeModeRule] INFO  ha.SCMContext (SCMContext.java:updateSafeModeStatus(228)) - Update SafeModeStatus from SafeModeStatus{safeModeStatus=true, preCheckPassed=false} to SafeModeStatus{safeModeStatus=true, preCheckPassed=true}.
2022-10-18 21:56:32,133 [EventQueue-NodeRegistrationContainerReportForDataNodeSafeModeRule] INFO  pipeline.BackgroundPipelineCreator (BackgroundPipelineCreator.java:notifyEventTriggered(276)) - trigger a one-shot run on RatisPipelineUtilsThread.
2022-10-18 21:56:32,133 [Listener at 127.0.0.1/40781] INFO  ozone.MiniOzoneClusterImpl (MiniOzoneClusterImpl.java:lambda$waitForClusterToBeReady$0(216)) - Nodes are ready. Got 3 of 3 DN Heartbeats.
2022-10-18 21:56:32,133 [Listener at 127.0.0.1/40781] INFO  ozone.MiniOzoneClusterImpl (MiniOzoneClusterImpl.java:lambda$waitForClusterToBeReady$0(219)) - Waiting for cluster to exit safe mode
2022-10-18 21:56:32,133 [Listener at 127.0.0.1/40781] INFO  ozone.MiniOzoneClusterImpl (MiniOzoneClusterImpl.java:lambda$waitForClusterToBeReady$0(221)) - SCM became leader
2022-10-18 21:56:32,133 [RatisPipelineUtilsThread - 0] INFO  pipeline.RatisPipelineProvider (RatisPipelineProvider.java:lambda$create$0(195)) - Sending CreatePipelineCommand for pipeline:PipelineID=d3175268-4f0a-4a09-abcf-1ae7cf5a518f to datanode:50a22b0c-47fd-4b6b-ada4-fba3aa4f0b97
2022-10-18 21:56:32,134 [RatisPipelineUtilsThread - 0] INFO  pipeline.PipelineStateManagerImpl (PipelineStateManagerImpl.java:addPipeline(103)) - Created pipeline Pipeline[ Id: d3175268-4f0a-4a09-abcf-1ae7cf5a518f, Nodes: 50a22b0c-47fd-4b6b-ada4-fba3aa4f0b97{ip: 10.1.0.49, host: fv-az368-376.2eqeunsjyj5ebgwla1snbw5zah.gx.internal.cloudapp.net, ports: [REPLICATION=45281, RATIS=43291, RATIS_ADMIN=43291, RATIS_SERVER=43291, STANDALONE=45929], networkLocation: /default-rack, certSerialId: null, persistedOpState: IN_SERVICE, persistedOpStateExpiryEpochSec: 0}, ReplicationConfig: RATIS/ONE, State:ALLOCATED, leaderId:, CreationTimestamp2022-10-18T21:56:32.133Z[Etc/UTC]].
2022-10-18 21:56:32,134 [RatisPipelineUtilsThread - 0] INFO  pipeline.RatisPipelineProvider (RatisPipelineProvider.java:lambda$create$0(195)) - Sending CreatePipelineCommand for pipeline:PipelineID=e2b0de3e-c805-4c42-bbc7-b6e9999b6e6e to datanode:a654d2c7-f7ff-48c7-ad7c-d251fa206036
2022-10-18 21:56:32,134 [RatisPipelineUtilsThread - 0] INFO  pipeline.RatisPipelineProvider (RatisPipelineProvider.java:lambda$create$0(195)) - Sending CreatePipelineCommand for pipeline:PipelineID=e2b0de3e-c805-4c42-bbc7-b6e9999b6e6e to datanode:930eb83a-4a64-48b4-8e1f-5a852630038a
2022-10-18 21:56:32,134 [RatisPipelineUtilsThread - 0] INFO  pipeline.RatisPipelineProvider (RatisPipelineProvider.java:lambda$create$0(195)) - Sending CreatePipelineCommand for pipeline:PipelineID=e2b0de3e-c805-4c42-bbc7-b6e9999b6e6e to datanode:50a22b0c-47fd-4b6b-ada4-fba3aa4f0b97
2022-10-18 21:56:32,135 [RatisPipelineUtilsThread - 0] INFO  pipeline.PipelineStateManagerImpl (PipelineStateManagerImpl.java:addPipeline(103)) - Created pipeline Pipeline[ Id: e2b0de3e-c805-4c42-bbc7-b6e9999b6e6e, Nodes: a654d2c7-f7ff-48c7-ad7c-d251fa206036{ip: 10.1.0.49, host: fv-az368-376.2eqeunsjyj5ebgwla1snbw5zah.gx.internal.cloudapp.net, ports: [REPLICATION=40255, RATIS=38659, RATIS_ADMIN=38659, RATIS_SERVER=38659, STANDALONE=38089], networkLocation: /default-rack, certSerialId: null, persistedOpState: IN_SERVICE, persistedOpStateExpiryEpochSec: 0}930eb83a-4a64-48b4-8e1f-5a852630038a{ip: 10.1.0.49, host: fv-az368-376.2eqeunsjyj5ebgwla1snbw5zah.gx.internal.cloudapp.net, ports: [REPLICATION=42189, RATIS=42415, RATIS_ADMIN=42415, RATIS_SERVER=42415, STANDALONE=38147], networkLocation: /default-rack, certSerialId: null, persistedOpState: IN_SERVICE, persistedOpStateExpiryEpochSec: 0}50a22b0c-47fd-4b6b-ada4-fba3aa4f0b97{ip: 10.1.0.49, host: fv-az368-376.2eqeunsjyj5ebgwla1snbw5zah.gx.internal.cloudapp.net, ports: [REPLICATION=45281, RATIS=43291, RATIS_ADMIN=43291, RATIS_SERVER=43291, STANDALONE=45929], networkLocation: /default-rack, certSerialId: null, persistedOpState: IN_SERVICE, persistedOpStateExpiryEpochSec: 0}, ReplicationConfig: RATIS/THREE, State:ALLOCATED, leaderId:, CreationTimestamp2022-10-18T21:56:32.134Z[Etc/UTC]].
2022-10-18 21:56:32,135 [RatisPipelineUtilsThread - 0] INFO  pipeline.RatisPipelineProvider (RatisPipelineProvider.java:lambda$create$0(195)) - Sending CreatePipelineCommand for pipeline:PipelineID=742906a2-102f-485f-ad6f-bbfaf34e6855 to datanode:50a22b0c-47fd-4b6b-ada4-fba3aa4f0b97
2022-10-18 21:56:32,135 [RatisPipelineUtilsThread - 0] INFO  pipeline.RatisPipelineProvider (RatisPipelineProvider.java:lambda$create$0(195)) - Sending CreatePipelineCommand for pipeline:PipelineID=742906a2-102f-485f-ad6f-bbfaf34e6855 to datanode:930eb83a-4a64-48b4-8e1f-5a852630038a
2022-10-18 21:56:32,135 [RatisPipelineUtilsThread - 0] INFO  pipeline.RatisPipelineProvider (RatisPipelineProvider.java:lambda$create$0(195)) - Sending CreatePipelineCommand for pipeline:PipelineID=742906a2-102f-485f-ad6f-bbfaf34e6855 to datanode:a654d2c7-f7ff-48c7-ad7c-d251fa206036
2022-10-18 21:56:32,136 [RatisPipelineUtilsThread - 0] INFO  pipeline.PipelineStateManagerImpl (PipelineStateManagerImpl.java:addPipeline(103)) - Created pipeline Pipeline[ Id: 742906a2-102f-485f-ad6f-bbfaf34e6855, Nodes: 50a22b0c-47fd-4b6b-ada4-fba3aa4f0b97{ip: 10.1.0.49, host: fv-az368-376.2eqeunsjyj5ebgwla1snbw5zah.gx.internal.cloudapp.net, ports: [REPLICATION=45281, RATIS=43291, RATIS_ADMIN=43291, RATIS_SERVER=43291, STANDALONE=45929], networkLocation: /default-rack, certSerialId: null, persistedOpState: IN_SERVICE, persistedOpStateExpiryEpochSec: 0}930eb83a-4a64-48b4-8e1f-5a852630038a{ip: 10.1.0.49, host: fv-az368-376.2eqeunsjyj5ebgwla1snbw5zah.gx.internal.cloudapp.net, ports: [REPLICATION=42189, RATIS=42415, RATIS_ADMIN=42415, RATIS_SERVER=42415, STANDALONE=38147], networkLocation: /default-rack, certSerialId: null, persistedOpState: IN_SERVICE, persistedOpStateExpiryEpochSec: 0}a654d2c7-f7ff-48c7-ad7c-d251fa206036{ip: 10.1.0.49, host: fv-az368-376.2eqeunsjyj5ebgwla1snbw5zah.gx.internal.cloudapp.net, ports: [REPLICATION=40255, RATIS=38659, RATIS_ADMIN=38659, RATIS_SERVER=38659, STANDALONE=38089], networkLocation: /default-rack, certSerialId: null, persistedOpState: IN_SERVICE, persistedOpStateExpiryEpochSec: 0}, ReplicationConfig: RATIS/THREE, State:ALLOCATED, leaderId:, CreationTimestamp2022-10-18T21:56:32.135Z[Etc/UTC]].
2022-10-18 21:56:32,136 [RatisPipelineUtilsThread - 0] INFO  pipeline.PipelineManagerImpl (PipelineManagerImpl.java:recordMetricsForPipeline(796)) - Pipeline: PipelineID=742906a2-102f-485f-ad6f-bbfaf34e6855 contains same datanodes as previous pipelines: PipelineID=e2b0de3e-c805-4c42-bbc7-b6e9999b6e6e nodeIds: 50a22b0c-47fd-4b6b-ada4-fba3aa4f0b97, 930eb83a-4a64-48b4-8e1f-5a852630038a, a654d2c7-f7ff-48c7-ad7c-d251fa206036
2022-10-18 21:56:32,197 [omNode-1@group-523986131536-FollowerState] INFO  impl.FollowerState (FollowerState.java:lostMajorityHeartbeatsRecently(108)) - omNode-1@group-523986131536-FollowerState: Skipping leader election since it stepped down recently (elapsed = 7438ms < waitTime = 10s)
2022-10-18 21:56:33,133 [Listener at 127.0.0.1/40781] INFO  ozone.MiniOzoneClusterImpl (MiniOzoneClusterImpl.java:lambda$waitForClusterToBeReady$0(216)) - Nodes are ready. Got 3 of 3 DN Heartbeats.
2022-10-18 21:56:33,134 [Listener at 127.0.0.1/40781] INFO  ozone.MiniOzoneClusterImpl (MiniOzoneClusterImpl.java:lambda$waitForClusterToBeReady$0(219)) - Waiting for cluster to exit safe mode
2022-10-18 21:56:33,134 [Listener at 127.0.0.1/40781] INFO  ozone.MiniOzoneClusterImpl (MiniOzoneClusterImpl.java:lambda$waitForClusterToBeReady$0(221)) - SCM became leader
2022-10-18 21:56:33,348 [omNode-1@group-523986131536-FollowerState] INFO  impl.FollowerState (FollowerState.java:lostMajorityHeartbeatsRecently(108)) - omNode-1@group-523986131536-FollowerState: Skipping leader election since it stepped down recently (elapsed = 8589ms < waitTime = 10s)
2022-10-18 21:56:34,134 [Listener at 127.0.0.1/40781] INFO  ozone.MiniOzoneClusterImpl (MiniOzoneClusterImpl.java:lambda$waitForClusterToBeReady$0(216)) - Nodes are ready. Got 3 of 3 DN Heartbeats.
2022-10-18 21:56:34,134 [Listener at 127.0.0.1/40781] INFO  ozone.MiniOzoneClusterImpl (MiniOzoneClusterImpl.java:lambda$waitForClusterToBeReady$0(219)) - Waiting for cluster to exit safe mode
2022-10-18 21:56:34,134 [Listener at 127.0.0.1/40781] INFO  ozone.MiniOzoneClusterImpl (MiniOzoneClusterImpl.java:lambda$waitForClusterToBeReady$0(221)) - SCM became leader
2022-10-18 21:56:34,494 [omNode-1@group-523986131536-FollowerState] INFO  impl.FollowerState (FollowerState.java:lostMajorityHeartbeatsRecently(108)) - omNode-1@group-523986131536-FollowerState: Skipping leader election since it stepped down recently (elapsed = 9735ms < waitTime = 10s)
2022-10-18 21:56:34,729 [Command processor thread] INFO  server.RaftServer (RaftServerProxy.java:addNew(96)) - 930eb83a-4a64-48b4-8e1f-5a852630038a: addNew group-740004F3CDBF:[930eb83a-4a64-48b4-8e1f-5a852630038a|rpc:10.1.0.49:42415|priority:1] returns group-740004F3CDBF:java.util.concurrent.CompletableFuture@1b830a59[Not completed]
2022-10-18 21:56:34,730 [pool-609-thread-1] INFO  server.RaftServer$Division (RaftServerImpl.java:<init>(190)) - 930eb83a-4a64-48b4-8e1f-5a852630038a: new RaftServerImpl for group-740004F3CDBF:[930eb83a-4a64-48b4-8e1f-5a852630038a|rpc:10.1.0.49:42415|priority:1] with ContainerStateMachine:uninitialized
2022-10-18 21:56:34,730 [pool-609-thread-1] INFO  server.RaftServerConfigKeys (ConfUtils.java:logGet(46)) - raft.server.rpc.timeout.min = 5s (custom)
2022-10-18 21:56:34,730 [pool-609-thread-1] INFO  server.RaftServerConfigKeys (ConfUtils.java:logGet(46)) - raft.server.rpc.timeout.max = 5200ms (custom)
2022-10-18 21:56:34,730 [pool-609-thread-1] INFO  server.RaftServerConfigKeys (ConfUtils.java:logGet(46)) - raft.server.rpc.sleep.time = 25ms (default)
2022-10-18 21:56:34,730 [pool-609-thread-1] INFO  server.RaftServerConfigKeys (ConfUtils.java:logGet(46)) - raft.server.rpc.slowness.timeout = 300s (custom)
2022-10-18 21:56:34,730 [pool-609-thread-1] INFO  server.RaftServerConfigKeys (ConfUtils.java:logGet(46)) - raft.server.leaderelection.leader.step-down.wait-time = 10s (default)
2022-10-18 21:56:34,730 [pool-609-thread-1] INFO  server.RaftServerConfigKeys (ConfUtils.java:logGet(46)) - raft.server.sleep.deviation.threshold = 300ms (default)
2022-10-18 21:56:34,730 [pool-609-thread-1] INFO  server.RaftServer$Division (ServerState.java:<init>(107)) - 930eb83a-4a64-48b4-8e1f-5a852630038a@group-740004F3CDBF: ConfigurationManager, init=-1: [930eb83a-4a64-48b4-8e1f-5a852630038a|rpc:10.1.0.49:42415|priority:1], old=null, confs=<EMPTY_MAP>
2022-10-18 21:56:34,731 [pool-609-thread-1] INFO  server.RaftServerConfigKeys (ConfUtils.java:logGet(46)) - raft.server.storage.dir = [/home/runner/work/ozone/ozone/hadoop-ozone/integration-test/target/test-dir/MiniOzoneClusterImpl-1c94f07e-3edc-4d60-9c78-eaa851002676/datanode-0/data/ratis] (custom)
2022-10-18 21:56:34,731 [pool-609-thread-1] INFO  server.RaftServerConfigKeys (ConfUtils.java:logGet(46)) - raft.server.log.corruption.policy = EXCEPTION (default)
2022-10-18 21:56:34,731 [pool-609-thread-1] INFO  server.RaftServerConfigKeys (ConfUtils.java:logGet(46)) - raft.server.storage.free-space.min = 0MB (=0) (default)
2022-10-18 21:56:34,731 [pool-609-thread-1] INFO  storage.RaftStorageDirectory (RaftStorageDirectoryImpl.java:analyzeStorage(135)) - The storage directory /home/runner/work/ozone/ozone/hadoop-ozone/integration-test/target/test-dir/MiniOzoneClusterImpl-1c94f07e-3edc-4d60-9c78-eaa851002676/datanode-0/data/ratis/a9d2b9be-af34-4046-a5ff-740004f3cdbf does not exist. Creating ...
2022-10-18 21:56:34,732 [pool-609-thread-1] INFO  storage.RaftStorageDirectory (RaftStorageDirectoryImpl.java:tryLock(230)) - Lock on /home/runner/work/ozone/ozone/hadoop-ozone/integration-test/target/test-dir/MiniOzoneClusterImpl-1c94f07e-3edc-4d60-9c78-eaa851002676/datanode-0/data/ratis/a9d2b9be-af34-4046-a5ff-740004f3cdbf/in_use.lock acquired by nodename 38880@fv-az368-376
2022-10-18 21:56:34,732 [pool-609-thread-1] INFO  storage.RaftStorage (RaftStorageImpl.java:format(89)) - Storage directory /home/runner/work/ozone/ozone/hadoop-ozone/integration-test/target/test-dir/MiniOzoneClusterImpl-1c94f07e-3edc-4d60-9c78-eaa851002676/datanode-0/data/ratis/a9d2b9be-af34-4046-a5ff-740004f3cdbf has been successfully formatted.
2022-10-18 21:56:34,733 [pool-609-thread-1] INFO  ratis.ContainerStateMachine (ContainerStateMachine.java:loadSnapshot(236)) - group-740004F3CDBF: The snapshot info is null. Setting the last applied indexto:(t:0, i:~)
2022-10-18 21:56:34,733 [pool-609-thread-1] INFO  server.RaftServerConfigKeys (ConfUtils.java:logGet(46)) - raft.server.notification.no-leader.timeout = 300s (custom)
2022-10-18 21:56:34,733 [pool-609-thread-1] INFO  server.RaftServerConfigKeys (ConfUtils.java:logGet(46)) - raft.server.log.use.memory = false (default)
2022-10-18 21:56:34,733 [pool-609-thread-1] INFO  server.RaftServerConfigKeys (ConfUtils.java:logGet(46)) - raft.server.log.purge.gap = 1000000 (custom)
2022-10-18 21:56:34,734 [pool-609-thread-1] INFO  server.RaftServerConfigKeys (ConfUtils.java:logGet(46)) - raft.server.log.appender.buffer.byte-limit = 33554432 (custom)
2022-10-18 21:56:34,734 [pool-609-thread-1] INFO  server.RaftServerConfigKeys (ConfUtils.java:logGet(46)) - raft.server.log.statemachine.data.read.timeout = 1000ms (default)
2022-10-18 21:56:34,734 [pool-609-thread-1] INFO  server.RaftServerConfigKeys (ConfUtils.java:logGet(46)) - raft.server.log.segment.size.max = 1048576 (custom)
2022-10-18 21:56:34,734 [pool-609-thread-1] INFO  server.RaftServerConfigKeys (ConfUtils.java:logGet(46)) - raft.server.log.segment.cache.num.max = 2 (custom)
2022-10-18 21:56:34,734 [pool-609-thread-1] INFO  server.RaftServerConfigKeys (ConfUtils.java:logGet(46)) - raft.server.log.segment.cache.size.max = 200MB (=209715200) (default)
2022-10-18 21:56:34,734 [pool-609-thread-1] INFO  segmented.SegmentedRaftLogWorker (SegmentedRaftLogWorker.java:<init>(187)) - new 930eb83a-4a64-48b4-8e1f-5a852630038a@group-740004F3CDBF-SegmentedRaftLogWorker for RaftStorageImpl:Storage Directory /home/runner/work/ozone/ozone/hadoop-ozone/integration-test/target/test-dir/MiniOzoneClusterImpl-1c94f07e-3edc-4d60-9c78-eaa851002676/datanode-0/data/ratis/a9d2b9be-af34-4046-a5ff-740004f3cdbf
2022-10-18 21:56:34,734 [pool-609-thread-1] INFO  server.RaftServerConfigKeys (ConfUtils.java:logGet(46)) - raft.server.log.queue.byte-limit = 4294967296 (custom)
2022-10-18 21:56:34,734 [EventQueue-PipelineReportForPipelineReportHandler] INFO  pipeline.PipelineManagerImpl (PipelineManagerImpl.java:openPipeline(367)) - Pipeline Pipeline[ Id: a9d2b9be-af34-4046-a5ff-740004f3cdbf, Nodes: 930eb83a-4a64-48b4-8e1f-5a852630038a{ip: 10.1.0.49, host: fv-az368-376.2eqeunsjyj5ebgwla1snbw5zah.gx.internal.cloudapp.net, ports: [REPLICATION=42189, RATIS=42415, RATIS_ADMIN=42415, RATIS_SERVER=42415, STANDALONE=38147], networkLocation: /default-rack, certSerialId: null, persistedOpState: IN_SERVICE, persistedOpStateExpiryEpochSec: 0}, ReplicationConfig: RATIS/ONE, State:ALLOCATED, leaderId:930eb83a-4a64-48b4-8e1f-5a852630038a, CreationTimestamp2022-10-18T21:56:31.731Z[Etc/UTC]] moved to OPEN state
2022-10-18 21:56:34,734 [pool-609-thread-1] INFO  server.RaftServerConfigKeys (ConfUtils.java:logGet(46)) - raft.server.log.queue.element-limit = 1024 (custom)
2022-10-18 21:56:34,734 [pool-609-thread-1] INFO  server.RaftServerConfigKeys (ConfUtils.java:logGet(46)) - raft.server.log.segment.size.max = 1048576 (custom)
2022-10-18 21:56:34,734 [pool-609-thread-1] INFO  server.RaftServerConfigKeys (ConfUtils.java:logGet(46)) - raft.server.log.preallocated.size = 16384 (custom)
2022-10-18 21:56:34,734 [pool-609-thread-1] INFO  server.RaftServerConfigKeys (ConfUtils.java:logGet(46)) - raft.server.log.force.sync.num = 128 (default)
2022-10-18 21:56:34,735 [pool-609-thread-1] INFO  server.RaftServerConfigKeys (ConfUtils.java:logGet(46)) - raft.server.log.statemachine.data.sync = true (default)
2022-10-18 21:56:34,735 [pool-609-thread-1] INFO  server.RaftServerConfigKeys (ConfUtils.java:logGet(46)) - raft.server.log.statemachine.data.sync.timeout = 10s (default)
2022-10-18 21:56:34,735 [pool-609-thread-1] INFO  server.RaftServerConfigKeys (ConfUtils.java:logGet(46)) - raft.server.log.statemachine.data.sync.timeout.retry = -1 (default)
2022-10-18 21:56:34,736 [EventQueue-OpenPipelineForHealthyPipelineSafeModeRule] INFO  safemode.SCMSafeModeManager (HealthyPipelineSafeModeRule.java:process(137)) - SCM in safe mode. Healthy pipelines reported count is 0, required healthy pipeline reported count is 1
2022-10-18 21:56:34,736 [pool-609-thread-1] INFO  server.RaftServerConfigKeys (ConfUtils.java:logGet(46)) - raft.server.log.write.buffer.size = 1048576 (custom)
2022-10-18 21:56:34,737 [pool-609-thread-1] INFO  server.RaftServerConfigKeys (ConfUtils.java:logGet(46)) - raft.server.log.unsafe-flush.enabled = false (default)
2022-10-18 21:56:34,737 [pool-609-thread-1] INFO  server.RaftServerConfigKeys (ConfUtils.java:logGet(46)) - raft.server.log.statemachine.data.caching.enabled = true (custom)
2022-10-18 21:56:34,737 [pool-609-thread-1] INFO  segmented.SegmentedRaftLogWorker (SegmentedRaftLogWorker.java:lambda$new$0(135)) - 930eb83a-4a64-48b4-8e1f-5a852630038a@group-740004F3CDBF-SegmentedRaftLogWorker: flushIndex: setUnconditionally 0 -> -1
2022-10-18 21:56:34,737 [pool-609-thread-1] INFO  segmented.SegmentedRaftLogWorker (SegmentedRaftLogWorker.java:lambda$new$0(135)) - 930eb83a-4a64-48b4-8e1f-5a852630038a@group-740004F3CDBF-SegmentedRaftLogWorker: safeCacheEvictIndex: setUnconditionally 0 -> -1
2022-10-18 21:56:34,737 [pool-609-thread-1] INFO  server.RaftServerConfigKeys (ConfUtils.java:logGet(46)) - raft.server.snapshot.auto.trigger.enabled = true (custom)
2022-10-18 21:56:34,737 [pool-609-thread-1] INFO  server.RaftServerConfigKeys (ConfUtils.java:logGet(46)) - raft.server.snapshot.auto.trigger.threshold = 10000 (custom)
2022-10-18 21:56:34,737 [pool-609-thread-1] INFO  server.RaftServerConfigKeys (ConfUtils.java:logGet(46)) - raft.server.snapshot.retention.file.num = 5 (custom)
2022-10-18 21:56:34,737 [pool-609-thread-1] INFO  server.RaftServerConfigKeys (ConfUtils.java:logGet(46)) - raft.server.log.purge.upto.snapshot.index = false (default)
2022-10-18 21:56:34,737 [pool-609-thread-1] INFO  server.RaftServerConfigKeys (ConfUtils.java:logGet(46)) - raft.server.retrycache.expirytime = 600000ms (custom)
2022-10-18 21:56:34,737 [pool-609-thread-1] INFO  server.RaftServerConfigKeys (ConfUtils.java:logGet(46)) - raft.server.retrycache.statistics.expirytime = 100μs (default)
2022-10-18 21:56:34,738 [pool-609-thread-1] INFO  server.RaftServerConfigKeys (ConfUtils.java:logGet(46)) - raft.server.log.appender.install.snapshot.enabled = false (custom)
2022-10-18 21:56:34,738 [pool-609-thread-1] INFO  server.RaftServerConfigKeys (ConfUtils.java:logGet(46)) - raft.server.threadpool.server.cached = true (default)
2022-10-18 21:56:34,738 [pool-609-thread-1] INFO  server.RaftServerConfigKeys (ConfUtils.java:logGet(46)) - raft.server.threadpool.server.size = 0 (default)
2022-10-18 21:56:34,738 [pool-609-thread-1] INFO  server.RaftServerConfigKeys (ConfUtils.java:logGet(46)) - raft.server.threadpool.client.cached = true (default)
2022-10-18 21:56:34,738 [pool-609-thread-1] INFO  server.RaftServerConfigKeys (ConfUtils.java:logGet(46)) - raft.server.threadpool.client.size = 0 (default)
2022-10-18 21:56:34,738 [pool-609-thread-1] INFO  server.RaftServer$Division (RaftServerImpl.java:start(310)) - 930eb83a-4a64-48b4-8e1f-5a852630038a@group-740004F3CDBF: start as a follower, conf=-1: [930eb83a-4a64-48b4-8e1f-5a852630038a|rpc:10.1.0.49:42415|priority:1], old=null
2022-10-18 21:56:34,738 [pool-609-thread-1] INFO  server.RaftServer$Division (RaftServerImpl.java:setRole(299)) - 930eb83a-4a64-48b4-8e1f-5a852630038a@group-740004F3CDBF: changes role from      null to FOLLOWER at term 0 for startAsFollower
2022-10-18 21:56:34,738 [pool-609-thread-1] INFO  impl.RoleInfo (RoleInfo.java:updateAndGet(139)) - 930eb83a-4a64-48b4-8e1f-5a852630038a: start 930eb83a-4a64-48b4-8e1f-5a852630038a@group-740004F3CDBF-FollowerState
2022-10-18 21:56:34,738 [pool-609-thread-1] INFO  util.JmxRegister (JmxRegister.java:tryRegister(44)) - Successfully registered JMX Bean with object name Ratis:service=RaftServer,group=group-740004F3CDBF,id=930eb83a-4a64-48b4-8e1f-5a852630038a
2022-10-18 21:56:34,739 [Command processor thread] INFO  ratis.XceiverServerRatis (XceiverServerRatis.java:addGroup(765)) - Created group PipelineID=a9d2b9be-af34-4046-a5ff-740004f3cdbf
2022-10-18 21:56:34,739 [Command processor thread] INFO  commandhandler.CreatePipelineCommandHandler (CreatePipelineCommandHandler.java:handle(113)) - Created Pipeline RATIS ONE PipelineID=a9d2b9be-af34-4046-a5ff-740004f3cdbf.
2022-10-18 21:56:34,739 [Command processor thread] INFO  server.RaftServer (RaftServerProxy.java:addNew(96)) - 930eb83a-4a64-48b4-8e1f-5a852630038a: addNew group-B6E9999B6E6E:[930eb83a-4a64-48b4-8e1f-5a852630038a|rpc:10.1.0.49:42415|priority:0, 50a22b0c-47fd-4b6b-ada4-fba3aa4f0b97|rpc:10.1.0.49:43291|priority:0, a654d2c7-f7ff-48c7-ad7c-d251fa206036|rpc:10.1.0.49:38659|priority:1] returns group-B6E9999B6E6E:java.util.concurrent.CompletableFuture@1fbc8df1[Not completed]
2022-10-18 21:56:34,740 [pool-609-thread-1] INFO  server.RaftServer$Division (RaftServerImpl.java:<init>(190)) - 930eb83a-4a64-48b4-8e1f-5a852630038a: new RaftServerImpl for group-B6E9999B6E6E:[930eb83a-4a64-48b4-8e1f-5a852630038a|rpc:10.1.0.49:42415|priority:0, 50a22b0c-47fd-4b6b-ada4-fba3aa4f0b97|rpc:10.1.0.49:43291|priority:0, a654d2c7-f7ff-48c7-ad7c-d251fa206036|rpc:10.1.0.49:38659|priority:1] with ContainerStateMachine:uninitialized
2022-10-18 21:56:34,740 [pool-609-thread-1] INFO  server.RaftServerConfigKeys (ConfUtils.java:logGet(46)) - raft.server.rpc.timeout.min = 5s (custom)
2022-10-18 21:56:34,740 [pool-609-thread-1] INFO  server.RaftServerConfigKeys (ConfUtils.java:logGet(46)) - raft.server.rpc.timeout.max = 5200ms (custom)
2022-10-18 21:56:34,740 [pool-609-thread-1] INFO  server.RaftServerConfigKeys (ConfUtils.java:logGet(46)) - raft.server.rpc.sleep.time = 25ms (default)
2022-10-18 21:56:34,740 [pool-609-thread-1] INFO  server.RaftServerConfigKeys (ConfUtils.java:logGet(46)) - raft.server.rpc.slowness.timeout = 300s (custom)
2022-10-18 21:56:34,740 [pool-609-thread-1] INFO  server.RaftServerConfigKeys (ConfUtils.java:logGet(46)) - raft.server.leaderelection.leader.step-down.wait-time = 10s (default)
2022-10-18 21:56:34,740 [pool-609-thread-1] INFO  server.RaftServerConfigKeys (ConfUtils.java:logGet(46)) - raft.server.sleep.deviation.threshold = 300ms (default)
2022-10-18 21:56:34,740 [pool-609-thread-1] INFO  server.RaftServer$Division (ServerState.java:<init>(107)) - 930eb83a-4a64-48b4-8e1f-5a852630038a@group-B6E9999B6E6E: ConfigurationManager, init=-1: [930eb83a-4a64-48b4-8e1f-5a852630038a|rpc:10.1.0.49:42415|priority:0, 50a22b0c-47fd-4b6b-ada4-fba3aa4f0b97|rpc:10.1.0.49:43291|priority:0, a654d2c7-f7ff-48c7-ad7c-d251fa206036|rpc:10.1.0.49:38659|priority:1], old=null, confs=<EMPTY_MAP>
2022-10-18 21:56:34,740 [pool-609-thread-1] INFO  server.RaftServerConfigKeys (ConfUtils.java:logGet(46)) - raft.server.storage.dir = [/home/runner/work/ozone/ozone/hadoop-ozone/integration-test/target/test-dir/MiniOzoneClusterImpl-1c94f07e-3edc-4d60-9c78-eaa851002676/datanode-0/data/ratis] (custom)
2022-10-18 21:56:34,740 [pool-609-thread-1] INFO  server.RaftServerConfigKeys (ConfUtils.java:logGet(46)) - raft.server.log.corruption.policy = EXCEPTION (default)
2022-10-18 21:56:34,740 [pool-609-thread-1] INFO  server.RaftServerConfigKeys (ConfUtils.java:logGet(46)) - raft.server.storage.free-space.min = 0MB (=0) (default)
2022-10-18 21:56:34,740 [pool-609-thread-1] INFO  storage.RaftStorageDirectory (RaftStorageDirectoryImpl.java:analyzeStorage(135)) - The storage directory /home/runner/work/ozone/ozone/hadoop-ozone/integration-test/target/test-dir/MiniOzoneClusterImpl-1c94f07e-3edc-4d60-9c78-eaa851002676/datanode-0/data/ratis/e2b0de3e-c805-4c42-bbc7-b6e9999b6e6e does not exist. Creating ...
2022-10-18 21:56:34,741 [pool-609-thread-1] INFO  storage.RaftStorageDirectory (RaftStorageDirectoryImpl.java:tryLock(230)) - Lock on /home/runner/work/ozone/ozone/hadoop-ozone/integration-test/target/test-dir/MiniOzoneClusterImpl-1c94f07e-3edc-4d60-9c78-eaa851002676/datanode-0/data/ratis/e2b0de3e-c805-4c42-bbc7-b6e9999b6e6e/in_use.lock acquired by nodename 38880@fv-az368-376
2022-10-18 21:56:34,742 [pool-609-thread-1] INFO  storage.RaftStorage (RaftStorageImpl.java:format(89)) - Storage directory /home/runner/work/ozone/ozone/hadoop-ozone/integration-test/target/test-dir/MiniOzoneClusterImpl-1c94f07e-3edc-4d60-9c78-eaa851002676/datanode-0/data/ratis/e2b0de3e-c805-4c42-bbc7-b6e9999b6e6e has been successfully formatted.
2022-10-18 21:56:34,742 [pool-609-thread-1] INFO  ratis.ContainerStateMachine (ContainerStateMachine.java:loadSnapshot(236)) - group-B6E9999B6E6E: The snapshot info is null. Setting the last applied indexto:(t:0, i:~)
2022-10-18 21:56:34,742 [pool-609-thread-1] INFO  server.RaftServerConfigKeys (ConfUtils.java:logGet(46)) - raft.server.notification.no-leader.timeout = 300s (custom)
2022-10-18 21:56:34,742 [pool-609-thread-1] INFO  server.RaftServerConfigKeys (ConfUtils.java:logGet(46)) - raft.server.log.use.memory = false (default)
2022-10-18 21:56:34,742 [pool-609-thread-1] INFO  server.RaftServerConfigKeys (ConfUtils.java:logGet(46)) - raft.server.log.purge.gap = 1000000 (custom)
2022-10-18 21:56:34,742 [pool-609-thread-1] INFO  server.RaftServerConfigKeys (ConfUtils.java:logGet(46)) - raft.server.log.appender.buffer.byte-limit = 33554432 (custom)
2022-10-18 21:56:34,742 [pool-609-thread-1] INFO  server.RaftServerConfigKeys (ConfUtils.java:logGet(46)) - raft.server.log.statemachine.data.read.timeout = 1000ms (default)
2022-10-18 21:56:34,742 [pool-609-thread-1] INFO  server.RaftServerConfigKeys (ConfUtils.java:logGet(46)) - raft.server.log.segment.size.max = 1048576 (custom)
2022-10-18 21:56:34,743 [pool-609-thread-1] INFO  server.RaftServerConfigKeys (ConfUtils.java:logGet(46)) - raft.server.log.segment.cache.num.max = 2 (custom)
2022-10-18 21:56:34,743 [pool-609-thread-1] INFO  server.RaftServerConfigKeys (ConfUtils.java:logGet(46)) - raft.server.log.segment.cache.size.max = 200MB (=209715200) (default)
2022-10-18 21:56:34,743 [pool-609-thread-1] INFO  segmented.SegmentedRaftLogWorker (SegmentedRaftLogWorker.java:<init>(187)) - new 930eb83a-4a64-48b4-8e1f-5a852630038a@group-B6E9999B6E6E-SegmentedRaftLogWorker for RaftStorageImpl:Storage Directory /home/runner/work/ozone/ozone/hadoop-ozone/integration-test/target/test-dir/MiniOzoneClusterImpl-1c94f07e-3edc-4d60-9c78-eaa851002676/datanode-0/data/ratis/e2b0de3e-c805-4c42-bbc7-b6e9999b6e6e
2022-10-18 21:56:34,743 [pool-609-thread-1] INFO  server.RaftServerConfigKeys (ConfUtils.java:logGet(46)) - raft.server.log.queue.byte-limit = 4294967296 (custom)
2022-10-18 21:56:34,743 [pool-609-thread-1] INFO  server.RaftServerConfigKeys (ConfUtils.java:logGet(46)) - raft.server.log.queue.element-limit = 1024 (custom)
2022-10-18 21:56:34,743 [pool-609-thread-1] INFO  server.RaftServerConfigKeys (ConfUtils.java:logGet(46)) - raft.server.log.segment.size.max = 1048576 (custom)
2022-10-18 21:56:34,743 [pool-609-thread-1] INFO  server.RaftServerConfigKeys (ConfUtils.java:logGet(46)) - raft.server.log.preallocated.size = 16384 (custom)
2022-10-18 21:56:34,743 [pool-609-thread-1] INFO  server.RaftServerConfigKeys (ConfUtils.java:logGet(46)) - raft.server.log.force.sync.num = 128 (default)
2022-10-18 21:56:34,743 [pool-609-thread-1] INFO  server.RaftServerConfigKeys (ConfUtils.java:logGet(46)) - raft.server.log.statemachine.data.sync = true (default)
2022-10-18 21:56:34,743 [pool-609-thread-1] INFO  server.RaftServerConfigKeys (ConfUtils.java:logGet(46)) - raft.server.log.statemachine.data.sync.timeout = 10s (default)
2022-10-18 21:56:34,743 [pool-609-thread-1] INFO  server.RaftServerConfigKeys (ConfUtils.java:logGet(46)) - raft.server.log.statemachine.data.sync.timeout.retry = -1 (default)
2022-10-18 21:56:34,744 [EventQueue-OpenPipelineForHealthyPipelineSafeModeRule] INFO  safemode.SCMSafeModeManager (HealthyPipelineSafeModeRule.java:process(137)) - SCM in safe mode. Healthy pipelines reported count is 0, required healthy pipeline reported count is 1
2022-10-18 21:56:34,744 [pool-609-thread-1] INFO  server.RaftServerConfigKeys (ConfUtils.java:logGet(46)) - raft.server.log.write.buffer.size = 1048576 (custom)
2022-10-18 21:56:34,744 [pool-609-thread-1] INFO  server.RaftServerConfigKeys (ConfUtils.java:logGet(46)) - raft.server.log.unsafe-flush.enabled = false (default)
2022-10-18 21:56:34,744 [pool-609-thread-1] INFO  server.RaftServerConfigKeys (ConfUtils.java:logGet(46)) - raft.server.log.statemachine.data.caching.enabled = true (custom)
2022-10-18 21:56:34,744 [pool-609-thread-1] INFO  segmented.SegmentedRaftLogWorker (SegmentedRaftLogWorker.java:lambda$new$0(135)) - 930eb83a-4a64-48b4-8e1f-5a852630038a@group-B6E9999B6E6E-SegmentedRaftLogWorker: flushIndex: setUnconditionally 0 -> -1
2022-10-18 21:56:34,744 [pool-609-thread-1] INFO  segmented.SegmentedRaftLogWorker (SegmentedRaftLogWorker.java:lambda$new$0(135)) - 930eb83a-4a64-48b4-8e1f-5a852630038a@group-B6E9999B6E6E-SegmentedRaftLogWorker: safeCacheEvictIndex: setUnconditionally 0 -> -1
2022-10-18 21:56:34,744 [pool-609-thread-1] INFO  server.RaftServerConfigKeys (ConfUtils.java:logGet(46)) - raft.server.snapshot.auto.trigger.enabled = true (custom)
2022-10-18 21:56:34,744 [pool-609-thread-1] INFO  server.RaftServerConfigKeys (ConfUtils.java:logGet(46)) - raft.server.snapshot.auto.trigger.threshold = 10000 (custom)
2022-10-18 21:56:34,744 [pool-609-thread-1] INFO  server.RaftServerConfigKeys (ConfUtils.java:logGet(46)) - raft.server.snapshot.retention.file.num = 5 (custom)
2022-10-18 21:56:34,744 [pool-609-thread-1] INFO  server.RaftServerConfigKeys (ConfUtils.java:logGet(46)) - raft.server.log.purge.upto.snapshot.index = false (default)
2022-10-18 21:56:34,744 [pool-609-thread-1] INFO  server.RaftServerConfigKeys (ConfUtils.java:logGet(46)) - raft.server.retrycache.expirytime = 600000ms (custom)
2022-10-18 21:56:34,744 [pool-609-thread-1] INFO  server.RaftServerConfigKeys (ConfUtils.java:logGet(46)) - raft.server.retrycache.statistics.expirytime = 100μs (default)
2022-10-18 21:56:34,746 [pool-609-thread-1] INFO  server.RaftServerConfigKeys (ConfUtils.java:logGet(46)) - raft.server.log.appender.install.snapshot.enabled = false (custom)
2022-10-18 21:56:34,746 [pool-609-thread-1] INFO  server.RaftServerConfigKeys (ConfUtils.java:logGet(46)) - raft.server.threadpool.server.cached = true (default)
2022-10-18 21:56:34,746 [pool-609-thread-1] INFO  server.RaftServerConfigKeys (ConfUtils.java:logGet(46)) - raft.server.threadpool.server.size = 0 (default)
2022-10-18 21:56:34,746 [pool-609-thread-1] INFO  server.RaftServerConfigKeys (ConfUtils.java:logGet(46)) - raft.server.threadpool.client.cached = true (default)
2022-10-18 21:56:34,746 [pool-609-thread-1] INFO  server.RaftServerConfigKeys (ConfUtils.java:logGet(46)) - raft.server.threadpool.client.size = 0 (default)
2022-10-18 21:56:34,746 [pool-609-thread-1] INFO  server.RaftServer$Division (RaftServerImpl.java:start(310)) - 930eb83a-4a64-48b4-8e1f-5a852630038a@group-B6E9999B6E6E: start as a follower, conf=-1: [930eb83a-4a64-48b4-8e1f-5a852630038a|rpc:10.1.0.49:42415|priority:0, 50a22b0c-47fd-4b6b-ada4-fba3aa4f0b97|rpc:10.1.0.49:43291|priority:0, a654d2c7-f7ff-48c7-ad7c-d251fa206036|rpc:10.1.0.49:38659|priority:1], old=null
2022-10-18 21:56:34,746 [pool-609-thread-1] INFO  server.RaftServer$Division (RaftServerImpl.java:setRole(299)) - 930eb83a-4a64-48b4-8e1f-5a852630038a@group-B6E9999B6E6E: changes role from      null to FOLLOWER at term 0 for startAsFollower
2022-10-18 21:56:34,746 [pool-609-thread-1] INFO  impl.RoleInfo (RoleInfo.java:updateAndGet(139)) - 930eb83a-4a64-48b4-8e1f-5a852630038a: start 930eb83a-4a64-48b4-8e1f-5a852630038a@group-B6E9999B6E6E-FollowerState
2022-10-18 21:56:34,746 [pool-609-thread-1] INFO  util.JmxRegister (JmxRegister.java:tryRegister(44)) - Successfully registered JMX Bean with object name Ratis:service=RaftServer,group=group-B6E9999B6E6E,id=930eb83a-4a64-48b4-8e1f-5a852630038a
2022-10-18 21:56:34,747 [Command processor thread] INFO  ratis.XceiverServerRatis (XceiverServerRatis.java:addGroup(765)) - Created group PipelineID=e2b0de3e-c805-4c42-bbc7-b6e9999b6e6e
2022-10-18 21:56:34,752 [grpc-default-executor-3] INFO  server.RaftServer (RaftServerProxy.java:addNew(96)) - a654d2c7-f7ff-48c7-ad7c-d251fa206036: addNew group-B6E9999B6E6E:[930eb83a-4a64-48b4-8e1f-5a852630038a|rpc:10.1.0.49:42415|dataStream:|priority:0, 50a22b0c-47fd-4b6b-ada4-fba3aa4f0b97|rpc:10.1.0.49:43291|dataStream:|priority:0, a654d2c7-f7ff-48c7-ad7c-d251fa206036|rpc:10.1.0.49:38659|dataStream:|priority:1] returns group-B6E9999B6E6E:java.util.concurrent.CompletableFuture@14997824[Not completed]
2022-10-18 21:56:34,753 [pool-632-thread-1] INFO  server.RaftServer$Division (RaftServerImpl.java:<init>(190)) - a654d2c7-f7ff-48c7-ad7c-d251fa206036: new RaftServerImpl for group-B6E9999B6E6E:[930eb83a-4a64-48b4-8e1f-5a852630038a|rpc:10.1.0.49:42415|dataStream:|priority:0, 50a22b0c-47fd-4b6b-ada4-fba3aa4f0b97|rpc:10.1.0.49:43291|dataStream:|priority:0, a654d2c7-f7ff-48c7-ad7c-d251fa206036|rpc:10.1.0.49:38659|dataStream:|priority:1] with ContainerStateMachine:uninitialized
2022-10-18 21:56:34,754 [pool-632-thread-1] INFO  server.RaftServerConfigKeys (ConfUtils.java:logGet(46)) - raft.server.rpc.timeout.min = 5s (custom)
2022-10-18 21:56:34,754 [pool-632-thread-1] INFO  server.RaftServerConfigKeys (ConfUtils.java:logGet(46)) - raft.server.rpc.timeout.max = 5200ms (custom)
2022-10-18 21:56:34,754 [pool-632-thread-1] INFO  server.RaftServerConfigKeys (ConfUtils.java:logGet(46)) - raft.server.rpc.sleep.time = 25ms (default)
2022-10-18 21:56:34,754 [pool-632-thread-1] INFO  server.RaftServerConfigKeys (ConfUtils.java:logGet(46)) - raft.server.rpc.slowness.timeout = 300s (custom)
2022-10-18 21:56:34,754 [pool-632-thread-1] INFO  server.RaftServerConfigKeys (ConfUtils.java:logGet(46)) - raft.server.leaderelection.leader.step-down.wait-time = 10s (default)
2022-10-18 21:56:34,754 [pool-632-thread-1] INFO  server.RaftServerConfigKeys (ConfUtils.java:logGet(46)) - raft.server.sleep.deviation.threshold = 300ms (default)
2022-10-18 21:56:34,754 [pool-632-thread-1] INFO  server.RaftServer$Division (ServerState.java:<init>(107)) - a654d2c7-f7ff-48c7-ad7c-d251fa206036@group-B6E9999B6E6E: ConfigurationManager, init=-1: [930eb83a-4a64-48b4-8e1f-5a852630038a|rpc:10.1.0.49:42415|dataStream:|priority:0, 50a22b0c-47fd-4b6b-ada4-fba3aa4f0b97|rpc:10.1.0.49:43291|dataStream:|priority:0, a654d2c7-f7ff-48c7-ad7c-d251fa206036|rpc:10.1.0.49:38659|dataStream:|priority:1], old=null, confs=<EMPTY_MAP>
2022-10-18 21:56:34,754 [pool-632-thread-1] INFO  server.RaftServerConfigKeys (ConfUtils.java:logGet(46)) - raft.server.storage.dir = [/home/runner/work/ozone/ozone/hadoop-ozone/integration-test/target/test-dir/MiniOzoneClusterImpl-1c94f07e-3edc-4d60-9c78-eaa851002676/datanode-1/data/ratis] (custom)
2022-10-18 21:56:34,754 [pool-632-thread-1] INFO  server.RaftServerConfigKeys (ConfUtils.java:logGet(46)) - raft.server.log.corruption.policy = EXCEPTION (default)
2022-10-18 21:56:34,754 [pool-632-thread-1] INFO  server.RaftServerConfigKeys (ConfUtils.java:logGet(46)) - raft.server.storage.free-space.min = 0MB (=0) (default)
2022-10-18 21:56:34,754 [pool-632-thread-1] INFO  storage.RaftStorageDirectory (RaftStorageDirectoryImpl.java:analyzeStorage(135)) - The storage directory /home/runner/work/ozone/ozone/hadoop-ozone/integration-test/target/test-dir/MiniOzoneClusterImpl-1c94f07e-3edc-4d60-9c78-eaa851002676/datanode-1/data/ratis/e2b0de3e-c805-4c42-bbc7-b6e9999b6e6e does not exist. Creating ...
2022-10-18 21:56:34,755 [pool-632-thread-1] INFO  storage.RaftStorageDirectory (RaftStorageDirectoryImpl.java:tryLock(230)) - Lock on /home/runner/work/ozone/ozone/hadoop-ozone/integration-test/target/test-dir/MiniOzoneClusterImpl-1c94f07e-3edc-4d60-9c78-eaa851002676/datanode-1/data/ratis/e2b0de3e-c805-4c42-bbc7-b6e9999b6e6e/in_use.lock acquired by nodename 38880@fv-az368-376
2022-10-18 21:56:34,755 [pool-632-thread-1] INFO  storage.RaftStorage (RaftStorageImpl.java:format(89)) - Storage directory /home/runner/work/ozone/ozone/hadoop-ozone/integration-test/target/test-dir/MiniOzoneClusterImpl-1c94f07e-3edc-4d60-9c78-eaa851002676/datanode-1/data/ratis/e2b0de3e-c805-4c42-bbc7-b6e9999b6e6e has been successfully formatted.
2022-10-18 21:56:34,756 [pool-632-thread-1] INFO  ratis.ContainerStateMachine (ContainerStateMachine.java:loadSnapshot(236)) - group-B6E9999B6E6E: The snapshot info is null. Setting the last applied indexto:(t:0, i:~)
2022-10-18 21:56:34,757 [pool-632-thread-1] INFO  server.RaftServerConfigKeys (ConfUtils.java:logGet(46)) - raft.server.notification.no-leader.timeout = 300s (custom)
2022-10-18 21:56:34,757 [pool-632-thread-1] INFO  server.RaftServerConfigKeys (ConfUtils.java:logGet(46)) - raft.server.log.use.memory = false (default)
2022-10-18 21:56:34,757 [pool-632-thread-1] INFO  server.RaftServerConfigKeys (ConfUtils.java:logGet(46)) - raft.server.log.purge.gap = 1000000 (custom)
2022-10-18 21:56:34,757 [pool-632-thread-1] INFO  server.RaftServerConfigKeys (ConfUtils.java:logGet(46)) - raft.server.log.appender.buffer.byte-limit = 33554432 (custom)
2022-10-18 21:56:34,757 [pool-632-thread-1] INFO  server.RaftServerConfigKeys (ConfUtils.java:logGet(46)) - raft.server.log.statemachine.data.read.timeout = 1000ms (default)
2022-10-18 21:56:34,757 [pool-632-thread-1] INFO  server.RaftServerConfigKeys (ConfUtils.java:logGet(46)) - raft.server.log.segment.size.max = 1048576 (custom)
2022-10-18 21:56:34,757 [pool-632-thread-1] INFO  server.RaftServerConfigKeys (ConfUtils.java:logGet(46)) - raft.server.log.segment.cache.num.max = 2 (custom)
2022-10-18 21:56:34,757 [pool-632-thread-1] INFO  server.RaftServerConfigKeys (ConfUtils.java:logGet(46)) - raft.server.log.segment.cache.size.max = 200MB (=209715200) (default)
2022-10-18 21:56:34,757 [pool-632-thread-1] INFO  segmented.SegmentedRaftLogWorker (SegmentedRaftLogWorker.java:<init>(187)) - new a654d2c7-f7ff-48c7-ad7c-d251fa206036@group-B6E9999B6E6E-SegmentedRaftLogWorker for RaftStorageImpl:Storage Directory /home/runner/work/ozone/ozone/hadoop-ozone/integration-test/target/test-dir/MiniOzoneClusterImpl-1c94f07e-3edc-4d60-9c78-eaa851002676/datanode-1/data/ratis/e2b0de3e-c805-4c42-bbc7-b6e9999b6e6e
2022-10-18 21:56:34,757 [pool-632-thread-1] INFO  server.RaftServerConfigKeys (ConfUtils.java:logGet(46)) - raft.server.log.queue.byte-limit = 4294967296 (custom)
2022-10-18 21:56:34,758 [pool-632-thread-1] INFO  server.RaftServerConfigKeys (ConfUtils.java:logGet(46)) - raft.server.log.queue.element-limit = 1024 (custom)
2022-10-18 21:56:34,758 [pool-632-thread-1] INFO  server.RaftServerConfigKeys (ConfUtils.java:logGet(46)) - raft.server.log.segment.size.max = 1048576 (custom)
2022-10-18 21:56:34,758 [pool-632-thread-1] INFO  server.RaftServerConfigKeys (ConfUtils.java:logGet(46)) - raft.server.log.preallocated.size = 16384 (custom)
2022-10-18 21:56:34,758 [pool-632-thread-1] INFO  server.RaftServerConfigKeys (ConfUtils.java:logGet(46)) - raft.server.log.force.sync.num = 128 (default)
2022-10-18 21:56:34,758 [pool-632-thread-1] INFO  server.RaftServerConfigKeys (ConfUtils.java:logGet(46)) - raft.server.log.statemachine.data.sync = true (default)
2022-10-18 21:56:34,758 [pool-632-thread-1] INFO  server.RaftServerConfigKeys (ConfUtils.java:logGet(46)) - raft.server.log.statemachine.data.sync.timeout = 10s (default)
2022-10-18 21:56:34,758 [pool-632-thread-1] INFO  server.RaftServerConfigKeys (ConfUtils.java:logGet(46)) - raft.server.log.statemachine.data.sync.timeout.retry = -1 (default)
2022-10-18 21:56:34,758 [pool-632-thread-1] INFO  server.RaftServerConfigKeys (ConfUtils.java:logGet(46)) - raft.server.log.write.buffer.size = 1048576 (custom)
2022-10-18 21:56:34,758 [pool-632-thread-1] INFO  server.RaftServerConfigKeys (ConfUtils.java:logGet(46)) - raft.server.log.unsafe-flush.enabled = false (default)
2022-10-18 21:56:34,758 [pool-632-thread-1] INFO  server.RaftServerConfigKeys (ConfUtils.java:logGet(46)) - raft.server.log.statemachine.data.caching.enabled = true (custom)
2022-10-18 21:56:34,758 [pool-632-thread-1] INFO  segmented.SegmentedRaftLogWorker (SegmentedRaftLogWorker.java:lambda$new$0(135)) - a654d2c7-f7ff-48c7-ad7c-d251fa206036@group-B6E9999B6E6E-SegmentedRaftLogWorker: flushIndex: setUnconditionally 0 -> -1
2022-10-18 21:56:34,759 [pool-632-thread-1] INFO  segmented.SegmentedRaftLogWorker (SegmentedRaftLogWorker.java:lambda$new$0(135)) - a654d2c7-f7ff-48c7-ad7c-d251fa206036@group-B6E9999B6E6E-SegmentedRaftLogWorker: safeCacheEvictIndex: setUnconditionally 0 -> -1
2022-10-18 21:56:34,759 [pool-632-thread-1] INFO  server.RaftServerConfigKeys (ConfUtils.java:logGet(46)) - raft.server.snapshot.auto.trigger.enabled = true (custom)
2022-10-18 21:56:34,759 [pool-632-thread-1] INFO  server.RaftServerConfigKeys (ConfUtils.java:logGet(46)) - raft.server.snapshot.auto.trigger.threshold = 10000 (custom)
2022-10-18 21:56:34,759 [pool-632-thread-1] INFO  server.RaftServerConfigKeys (ConfUtils.java:logGet(46)) - raft.server.snapshot.retention.file.num = 5 (custom)
2022-10-18 21:56:34,759 [pool-632-thread-1] INFO  server.RaftServerConfigKeys (ConfUtils.java:logGet(46)) - raft.server.log.purge.upto.snapshot.index = false (default)
2022-10-18 21:56:34,759 [pool-632-thread-1] INFO  server.RaftServerConfigKeys (ConfUtils.java:logGet(46)) - raft.server.retrycache.expirytime = 600000ms (custom)
2022-10-18 21:56:34,759 [pool-632-thread-1] INFO  server.RaftServerConfigKeys (ConfUtils.java:logGet(46)) - raft.server.retrycache.statistics.expirytime = 100μs (default)
2022-10-18 21:56:34,760 [pool-632-thread-1] INFO  server.RaftServerConfigKeys (ConfUtils.java:logGet(46)) - raft.server.log.appender.install.snapshot.enabled = false (custom)
2022-10-18 21:56:34,760 [pool-632-thread-1] INFO  server.RaftServerConfigKeys (ConfUtils.java:logGet(46)) - raft.server.threadpool.server.cached = true (default)
2022-10-18 21:56:34,760 [pool-632-thread-1] INFO  server.RaftServerConfigKeys (ConfUtils.java:logGet(46)) - raft.server.threadpool.server.size = 0 (default)
2022-10-18 21:56:34,760 [pool-632-thread-1] INFO  server.RaftServerConfigKeys (ConfUtils.java:logGet(46)) - raft.server.threadpool.client.cached = true (default)
2022-10-18 21:56:34,760 [pool-632-thread-1] INFO  server.RaftServerConfigKeys (ConfUtils.java:logGet(46)) - raft.server.threadpool.client.size = 0 (default)
2022-10-18 21:56:34,760 [pool-632-thread-1] INFO  server.RaftServer$Division (RaftServerImpl.java:start(310)) - a654d2c7-f7ff-48c7-ad7c-d251fa206036@group-B6E9999B6E6E: start as a follower, conf=-1: [930eb83a-4a64-48b4-8e1f-5a852630038a|rpc:10.1.0.49:42415|dataStream:|priority:0, 50a22b0c-47fd-4b6b-ada4-fba3aa4f0b97|rpc:10.1.0.49:43291|dataStream:|priority:0, a654d2c7-f7ff-48c7-ad7c-d251fa206036|rpc:10.1.0.49:38659|dataStream:|priority:1], old=null
2022-10-18 21:56:34,760 [pool-632-thread-1] INFO  server.RaftServer$Division (RaftServerImpl.java:setRole(299)) - a654d2c7-f7ff-48c7-ad7c-d251fa206036@group-B6E9999B6E6E: changes role from      null to FOLLOWER at term 0 for startAsFollower
2022-10-18 21:56:34,760 [pool-632-thread-1] INFO  impl.RoleInfo (RoleInfo.java:updateAndGet(139)) - a654d2c7-f7ff-48c7-ad7c-d251fa206036: start a654d2c7-f7ff-48c7-ad7c-d251fa206036@group-B6E9999B6E6E-FollowerState
2022-10-18 21:56:34,760 [pool-632-thread-1] INFO  util.JmxRegister (JmxRegister.java:tryRegister(44)) - Successfully registered JMX Bean with object name Ratis:service=RaftServer,group=group-B6E9999B6E6E,id=a654d2c7-f7ff-48c7-ad7c-d251fa206036
2022-10-18 21:56:34,767 [grpc-default-executor-2] INFO  server.RaftServer (RaftServerProxy.java:addNew(96)) - 50a22b0c-47fd-4b6b-ada4-fba3aa4f0b97: addNew group-B6E9999B6E6E:[930eb83a-4a64-48b4-8e1f-5a852630038a|rpc:10.1.0.49:42415|dataStream:|priority:0, 50a22b0c-47fd-4b6b-ada4-fba3aa4f0b97|rpc:10.1.0.49:43291|dataStream:|priority:0, a654d2c7-f7ff-48c7-ad7c-d251fa206036|rpc:10.1.0.49:38659|dataStream:|priority:1] returns group-B6E9999B6E6E:java.util.concurrent.CompletableFuture@d6459e1[Not completed]
2022-10-18 21:56:34,767 [pool-655-thread-1] INFO  server.RaftServer$Division (RaftServerImpl.java:<init>(190)) - 50a22b0c-47fd-4b6b-ada4-fba3aa4f0b97: new RaftServerImpl for group-B6E9999B6E6E:[930eb83a-4a64-48b4-8e1f-5a852630038a|rpc:10.1.0.49:42415|dataStream:|priority:0, 50a22b0c-47fd-4b6b-ada4-fba3aa4f0b97|rpc:10.1.0.49:43291|dataStream:|priority:0, a654d2c7-f7ff-48c7-ad7c-d251fa206036|rpc:10.1.0.49:38659|dataStream:|priority:1] with ContainerStateMachine:uninitialized
2022-10-18 21:56:34,767 [pool-655-thread-1] INFO  server.RaftServerConfigKeys (ConfUtils.java:logGet(46)) - raft.server.rpc.timeout.min = 5s (custom)
2022-10-18 21:56:34,767 [pool-655-thread-1] INFO  server.RaftServerConfigKeys (ConfUtils.java:logGet(46)) - raft.server.rpc.timeout.max = 5200ms (custom)
2022-10-18 21:56:34,767 [pool-655-thread-1] INFO  server.RaftServerConfigKeys (ConfUtils.java:logGet(46)) - raft.server.rpc.sleep.time = 25ms (default)
2022-10-18 21:56:34,767 [pool-655-thread-1] INFO  server.RaftServerConfigKeys (ConfUtils.java:logGet(46)) - raft.server.rpc.slowness.timeout = 300s (custom)
2022-10-18 21:56:34,767 [pool-655-thread-1] INFO  server.RaftServerConfigKeys (ConfUtils.java:logGet(46)) - raft.server.leaderelection.leader.step-down.wait-time = 10s (default)
2022-10-18 21:56:34,767 [pool-655-thread-1] INFO  server.RaftServerConfigKeys (ConfUtils.java:logGet(46)) - raft.server.sleep.deviation.threshold = 300ms (default)
2022-10-18 21:56:34,767 [pool-655-thread-1] INFO  server.RaftServer$Division (ServerState.java:<init>(107)) - 50a22b0c-47fd-4b6b-ada4-fba3aa4f0b97@group-B6E9999B6E6E: ConfigurationManager, init=-1: [930eb83a-4a64-48b4-8e1f-5a852630038a|rpc:10.1.0.49:42415|dataStream:|priority:0, 50a22b0c-47fd-4b6b-ada4-fba3aa4f0b97|rpc:10.1.0.49:43291|dataStream:|priority:0, a654d2c7-f7ff-48c7-ad7c-d251fa206036|rpc:10.1.0.49:38659|dataStream:|priority:1], old=null, confs=<EMPTY_MAP>
2022-10-18 21:56:34,768 [pool-655-thread-1] INFO  server.RaftServerConfigKeys (ConfUtils.java:logGet(46)) - raft.server.storage.dir = [/home/runner/work/ozone/ozone/hadoop-ozone/integration-test/target/test-dir/MiniOzoneClusterImpl-1c94f07e-3edc-4d60-9c78-eaa851002676/datanode-2/data/ratis] (custom)
2022-10-18 21:56:34,768 [pool-655-thread-1] INFO  server.RaftServerConfigKeys (ConfUtils.java:logGet(46)) - raft.server.log.corruption.policy = EXCEPTION (default)
2022-10-18 21:56:34,768 [pool-655-thread-1] INFO  server.RaftServerConfigKeys (ConfUtils.java:logGet(46)) - raft.server.storage.free-space.min = 0MB (=0) (default)
2022-10-18 21:56:34,768 [pool-655-thread-1] INFO  storage.RaftStorageDirectory (RaftStorageDirectoryImpl.java:analyzeStorage(135)) - The storage directory /home/runner/work/ozone/ozone/hadoop-ozone/integration-test/target/test-dir/MiniOzoneClusterImpl-1c94f07e-3edc-4d60-9c78-eaa851002676/datanode-2/data/ratis/e2b0de3e-c805-4c42-bbc7-b6e9999b6e6e does not exist. Creating ...
2022-10-18 21:56:34,768 [pool-655-thread-1] INFO  storage.RaftStorageDirectory (RaftStorageDirectoryImpl.java:tryLock(230)) - Lock on /home/runner/work/ozone/ozone/hadoop-ozone/integration-test/target/test-dir/MiniOzoneClusterImpl-1c94f07e-3edc-4d60-9c78-eaa851002676/datanode-2/data/ratis/e2b0de3e-c805-4c42-bbc7-b6e9999b6e6e/in_use.lock acquired by nodename 38880@fv-az368-376
2022-10-18 21:56:34,769 [pool-655-thread-1] INFO  storage.RaftStorage (RaftStorageImpl.java:format(89)) - Storage directory /home/runner/work/ozone/ozone/hadoop-ozone/integration-test/target/test-dir/MiniOzoneClusterImpl-1c94f07e-3edc-4d60-9c78-eaa851002676/datanode-2/data/ratis/e2b0de3e-c805-4c42-bbc7-b6e9999b6e6e has been successfully formatted.
2022-10-18 21:56:34,770 [pool-655-thread-1] INFO  ratis.ContainerStateMachine (ContainerStateMachine.java:loadSnapshot(236)) - group-B6E9999B6E6E: The snapshot info is null. Setting the last applied indexto:(t:0, i:~)
2022-10-18 21:56:34,770 [pool-655-thread-1] INFO  server.RaftServerConfigKeys (ConfUtils.java:logGet(46)) - raft.server.notification.no-leader.timeout = 300s (custom)
2022-10-18 21:56:34,770 [pool-655-thread-1] INFO  server.RaftServerConfigKeys (ConfUtils.java:logGet(46)) - raft.server.log.use.memory = false (default)
2022-10-18 21:56:34,770 [pool-655-thread-1] INFO  server.RaftServerConfigKeys (ConfUtils.java:logGet(46)) - raft.server.log.purge.gap = 1000000 (custom)
2022-10-18 21:56:34,770 [pool-655-thread-1] INFO  server.RaftServerConfigKeys (ConfUtils.java:logGet(46)) - raft.server.log.appender.buffer.byte-limit = 33554432 (custom)
2022-10-18 21:56:34,770 [pool-655-thread-1] INFO  server.RaftServerConfigKeys (ConfUtils.java:logGet(46)) - raft.server.log.statemachine.data.read.timeout = 1000ms (default)
2022-10-18 21:56:34,771 [pool-655-thread-1] INFO  server.RaftServerConfigKeys (ConfUtils.java:logGet(46)) - raft.server.log.segment.size.max = 1048576 (custom)
2022-10-18 21:56:34,771 [pool-655-thread-1] INFO  server.RaftServerConfigKeys (ConfUtils.java:logGet(46)) - raft.server.log.segment.cache.num.max = 2 (custom)
2022-10-18 21:56:34,771 [pool-655-thread-1] INFO  server.RaftServerConfigKeys (ConfUtils.java:logGet(46)) - raft.server.log.segment.cache.size.max = 200MB (=209715200) (default)
2022-10-18 21:56:34,771 [pool-655-thread-1] INFO  segmented.SegmentedRaftLogWorker (SegmentedRaftLogWorker.java:<init>(187)) - new 50a22b0c-47fd-4b6b-ada4-fba3aa4f0b97@group-B6E9999B6E6E-SegmentedRaftLogWorker for RaftStorageImpl:Storage Directory /home/runner/work/ozone/ozone/hadoop-ozone/integration-test/target/test-dir/MiniOzoneClusterImpl-1c94f07e-3edc-4d60-9c78-eaa851002676/datanode-2/data/ratis/e2b0de3e-c805-4c42-bbc7-b6e9999b6e6e
2022-10-18 21:56:34,771 [pool-655-thread-1] INFO  server.RaftServerConfigKeys (ConfUtils.java:logGet(46)) - raft.server.log.queue.byte-limit = 4294967296 (custom)
2022-10-18 21:56:34,771 [pool-655-thread-1] INFO  server.RaftServerConfigKeys (ConfUtils.java:logGet(46)) - raft.server.log.queue.element-limit = 1024 (custom)
2022-10-18 21:56:34,771 [pool-655-thread-1] INFO  server.RaftServerConfigKeys (ConfUtils.java:logGet(46)) - raft.server.log.segment.size.max = 1048576 (custom)
2022-10-18 21:56:34,771 [pool-655-thread-1] INFO  server.RaftServerConfigKeys (ConfUtils.java:logGet(46)) - raft.server.log.preallocated.size = 16384 (custom)
2022-10-18 21:56:34,771 [pool-655-thread-1] INFO  server.RaftServerConfigKeys (ConfUtils.java:logGet(46)) - raft.server.log.force.sync.num = 128 (default)
2022-10-18 21:56:34,771 [pool-655-thread-1] INFO  server.RaftServerConfigKeys (ConfUtils.java:logGet(46)) - raft.server.log.statemachine.data.sync = true (default)
2022-10-18 21:56:34,771 [pool-655-thread-1] INFO  server.RaftServerConfigKeys (ConfUtils.java:logGet(46)) - raft.server.log.statemachine.data.sync.timeout = 10s (default)
2022-10-18 21:56:34,771 [pool-655-thread-1] INFO  server.RaftServerConfigKeys (ConfUtils.java:logGet(46)) - raft.server.log.statemachine.data.sync.timeout.retry = -1 (default)
2022-10-18 21:56:34,772 [pool-655-thread-1] INFO  server.RaftServerConfigKeys (ConfUtils.java:logGet(46)) - raft.server.log.write.buffer.size = 1048576 (custom)
2022-10-18 21:56:34,772 [pool-655-thread-1] INFO  server.RaftServerConfigKeys (ConfUtils.java:logGet(46)) - raft.server.log.unsafe-flush.enabled = false (default)
2022-10-18 21:56:34,773 [pool-655-thread-1] INFO  server.RaftServerConfigKeys (ConfUtils.java:logGet(46)) - raft.server.log.statemachine.data.caching.enabled = true (custom)
2022-10-18 21:56:34,773 [pool-655-thread-1] INFO  segmented.SegmentedRaftLogWorker (SegmentedRaftLogWorker.java:lambda$new$0(135)) - 50a22b0c-47fd-4b6b-ada4-fba3aa4f0b97@group-B6E9999B6E6E-SegmentedRaftLogWorker: flushIndex: setUnconditionally 0 -> -1
2022-10-18 21:56:34,773 [pool-655-thread-1] INFO  segmented.SegmentedRaftLogWorker (SegmentedRaftLogWorker.java:lambda$new$0(135)) - 50a22b0c-47fd-4b6b-ada4-fba3aa4f0b97@group-B6E9999B6E6E-SegmentedRaftLogWorker: safeCacheEvictIndex: setUnconditionally 0 -> -1
2022-10-18 21:56:34,773 [pool-655-thread-1] INFO  server.RaftServerConfigKeys (ConfUtils.java:logGet(46)) - raft.server.snapshot.auto.trigger.enabled = true (custom)
2022-10-18 21:56:34,773 [pool-655-thread-1] INFO  server.RaftServerConfigKeys (ConfUtils.java:logGet(46)) - raft.server.snapshot.auto.trigger.threshold = 10000 (custom)
2022-10-18 21:56:34,773 [pool-655-thread-1] INFO  server.RaftServerConfigKeys (ConfUtils.java:logGet(46)) - raft.server.snapshot.retention.file.num = 5 (custom)
2022-10-18 21:56:34,773 [pool-655-thread-1] INFO  server.RaftServerConfigKeys (ConfUtils.java:logGet(46)) - raft.server.log.purge.upto.snapshot.index = false (default)
2022-10-18 21:56:34,773 [pool-655-thread-1] INFO  server.RaftServerConfigKeys (ConfUtils.java:logGet(46)) - raft.server.retrycache.expirytime = 600000ms (custom)
2022-10-18 21:56:34,773 [pool-655-thread-1] INFO  server.RaftServerConfigKeys (ConfUtils.java:logGet(46)) - raft.server.retrycache.statistics.expirytime = 100μs (default)
2022-10-18 21:56:34,774 [pool-655-thread-1] INFO  server.RaftServerConfigKeys (ConfUtils.java:logGet(46)) - raft.server.log.appender.install.snapshot.enabled = false (custom)
2022-10-18 21:56:34,774 [pool-655-thread-1] INFO  server.RaftServerConfigKeys (ConfUtils.java:logGet(46)) - raft.server.threadpool.server.cached = true (default)
2022-10-18 21:56:34,774 [pool-655-thread-1] INFO  server.RaftServerConfigKeys (ConfUtils.java:logGet(46)) - raft.server.threadpool.server.size = 0 (default)
2022-10-18 21:56:34,774 [pool-655-thread-1] INFO  server.RaftServerConfigKeys (ConfUtils.java:logGet(46)) - raft.server.threadpool.client.cached = true (default)
2022-10-18 21:56:34,774 [pool-655-thread-1] INFO  server.RaftServerConfigKeys (ConfUtils.java:logGet(46)) - raft.server.threadpool.client.size = 0 (default)
2022-10-18 21:56:34,774 [pool-655-thread-1] INFO  server.RaftServer$Division (RaftServerImpl.java:start(310)) - 50a22b0c-47fd-4b6b-ada4-fba3aa4f0b97@group-B6E9999B6E6E: start as a follower, conf=-1: [930eb83a-4a64-48b4-8e1f-5a852630038a|rpc:10.1.0.49:42415|dataStream:|priority:0, 50a22b0c-47fd-4b6b-ada4-fba3aa4f0b97|rpc:10.1.0.49:43291|dataStream:|priority:0, a654d2c7-f7ff-48c7-ad7c-d251fa206036|rpc:10.1.0.49:38659|dataStream:|priority:1], old=null
2022-10-18 21:56:34,775 [pool-655-thread-1] INFO  server.RaftServer$Division (RaftServerImpl.java:setRole(299)) - 50a22b0c-47fd-4b6b-ada4-fba3aa4f0b97@group-B6E9999B6E6E: changes role from      null to FOLLOWER at term 0 for startAsFollower
2022-10-18 21:56:34,775 [pool-655-thread-1] INFO  impl.RoleInfo (RoleInfo.java:updateAndGet(139)) - 50a22b0c-47fd-4b6b-ada4-fba3aa4f0b97: start 50a22b0c-47fd-4b6b-ada4-fba3aa4f0b97@group-B6E9999B6E6E-FollowerState
2022-10-18 21:56:34,775 [pool-655-thread-1] INFO  util.JmxRegister (JmxRegister.java:tryRegister(44)) - Successfully registered JMX Bean with object name Ratis:service=RaftServer,group=group-B6E9999B6E6E,id=50a22b0c-47fd-4b6b-ada4-fba3aa4f0b97
2022-10-18 21:56:34,777 [Command processor thread] INFO  commandhandler.CreatePipelineCommandHandler (CreatePipelineCommandHandler.java:handle(113)) - Created Pipeline RATIS THREE PipelineID=e2b0de3e-c805-4c42-bbc7-b6e9999b6e6e.
2022-10-18 21:56:34,777 [Command processor thread] INFO  server.RaftServer (RaftServerProxy.java:addNew(96)) - 930eb83a-4a64-48b4-8e1f-5a852630038a: addNew group-BBFAF34E6855:[930eb83a-4a64-48b4-8e1f-5a852630038a|rpc:10.1.0.49:42415|priority:1, 50a22b0c-47fd-4b6b-ada4-fba3aa4f0b97|rpc:10.1.0.49:43291|priority:0, a654d2c7-f7ff-48c7-ad7c-d251fa206036|rpc:10.1.0.49:38659|priority:0] returns group-BBFAF34E6855:java.util.concurrent.CompletableFuture@5be99a58[Not completed]
2022-10-18 21:56:34,778 [pool-609-thread-1] INFO  server.RaftServer$Division (RaftServerImpl.java:<init>(190)) - 930eb83a-4a64-48b4-8e1f-5a852630038a: new RaftServerImpl for group-BBFAF34E6855:[930eb83a-4a64-48b4-8e1f-5a852630038a|rpc:10.1.0.49:42415|priority:1, 50a22b0c-47fd-4b6b-ada4-fba3aa4f0b97|rpc:10.1.0.49:43291|priority:0, a654d2c7-f7ff-48c7-ad7c-d251fa206036|rpc:10.1.0.49:38659|priority:0] with ContainerStateMachine:uninitialized
2022-10-18 21:56:34,778 [pool-609-thread-1] INFO  server.RaftServerConfigKeys (ConfUtils.java:logGet(46)) - raft.server.rpc.timeout.min = 5s (custom)
2022-10-18 21:56:34,778 [pool-609-thread-1] INFO  server.RaftServerConfigKeys (ConfUtils.java:logGet(46)) - raft.server.rpc.timeout.max = 5200ms (custom)
2022-10-18 21:56:34,778 [pool-609-thread-1] INFO  server.RaftServerConfigKeys (ConfUtils.java:logGet(46)) - raft.server.rpc.sleep.time = 25ms (default)
2022-10-18 21:56:34,778 [pool-609-thread-1] INFO  server.RaftServerConfigKeys (ConfUtils.java:logGet(46)) - raft.server.rpc.slowness.timeout = 300s (custom)
2022-10-18 21:56:34,778 [pool-609-thread-1] INFO  server.RaftServerConfigKeys (ConfUtils.java:logGet(46)) - raft.server.leaderelection.leader.step-down.wait-time = 10s (default)
2022-10-18 21:56:34,778 [pool-609-thread-1] INFO  server.RaftServerConfigKeys (ConfUtils.java:logGet(46)) - raft.server.sleep.deviation.threshold = 300ms (default)
2022-10-18 21:56:34,778 [pool-609-thread-1] INFO  server.RaftServer$Division (ServerState.java:<init>(107)) - 930eb83a-4a64-48b4-8e1f-5a852630038a@group-BBFAF34E6855: ConfigurationManager, init=-1: [930eb83a-4a64-48b4-8e1f-5a852630038a|rpc:10.1.0.49:42415|priority:1, 50a22b0c-47fd-4b6b-ada4-fba3aa4f0b97|rpc:10.1.0.49:43291|priority:0, a654d2c7-f7ff-48c7-ad7c-d251fa206036|rpc:10.1.0.49:38659|priority:0], old=null, confs=<EMPTY_MAP>
2022-10-18 21:56:34,778 [pool-609-thread-1] INFO  server.RaftServerConfigKeys (ConfUtils.java:logGet(46)) - raft.server.storage.dir = [/home/runner/work/ozone/ozone/hadoop-ozone/integration-test/target/test-dir/MiniOzoneClusterImpl-1c94f07e-3edc-4d60-9c78-eaa851002676/datanode-0/data/ratis] (custom)
2022-10-18 21:56:34,778 [pool-609-thread-1] INFO  server.RaftServerConfigKeys (ConfUtils.java:logGet(46)) - raft.server.log.corruption.policy = EXCEPTION (default)
2022-10-18 21:56:34,778 [pool-609-thread-1] INFO  server.RaftServerConfigKeys (ConfUtils.java:logGet(46)) - raft.server.storage.free-space.min = 0MB (=0) (default)
2022-10-18 21:56:34,778 [pool-609-thread-1] INFO  storage.RaftStorageDirectory (RaftStorageDirectoryImpl.java:analyzeStorage(135)) - The storage directory /home/runner/work/ozone/ozone/hadoop-ozone/integration-test/target/test-dir/MiniOzoneClusterImpl-1c94f07e-3edc-4d60-9c78-eaa851002676/datanode-0/data/ratis/742906a2-102f-485f-ad6f-bbfaf34e6855 does not exist. Creating ...
2022-10-18 21:56:34,779 [pool-609-thread-1] INFO  storage.RaftStorageDirectory (RaftStorageDirectoryImpl.java:tryLock(230)) - Lock on /home/runner/work/ozone/ozone/hadoop-ozone/integration-test/target/test-dir/MiniOzoneClusterImpl-1c94f07e-3edc-4d60-9c78-eaa851002676/datanode-0/data/ratis/742906a2-102f-485f-ad6f-bbfaf34e6855/in_use.lock acquired by nodename 38880@fv-az368-376
2022-10-18 21:56:34,780 [pool-609-thread-1] INFO  storage.RaftStorage (RaftStorageImpl.java:format(89)) - Storage directory /home/runner/work/ozone/ozone/hadoop-ozone/integration-test/target/test-dir/MiniOzoneClusterImpl-1c94f07e-3edc-4d60-9c78-eaa851002676/datanode-0/data/ratis/742906a2-102f-485f-ad6f-bbfaf34e6855 has been successfully formatted.
2022-10-18 21:56:34,780 [pool-609-thread-1] INFO  ratis.ContainerStateMachine (ContainerStateMachine.java:loadSnapshot(236)) - group-BBFAF34E6855: The snapshot info is null. Setting the last applied indexto:(t:0, i:~)
2022-10-18 21:56:34,780 [pool-609-thread-1] INFO  server.RaftServerConfigKeys (ConfUtils.java:logGet(46)) - raft.server.notification.no-leader.timeout = 300s (custom)
2022-10-18 21:56:34,780 [pool-609-thread-1] INFO  server.RaftServerConfigKeys (ConfUtils.java:logGet(46)) - raft.server.log.use.memory = false (default)
2022-10-18 21:56:34,780 [pool-609-thread-1] INFO  server.RaftServerConfigKeys (ConfUtils.java:logGet(46)) - raft.server.log.purge.gap = 1000000 (custom)
2022-10-18 21:56:34,780 [pool-609-thread-1] INFO  server.RaftServerConfigKeys (ConfUtils.java:logGet(46)) - raft.server.log.appender.buffer.byte-limit = 33554432 (custom)
2022-10-18 21:56:34,780 [pool-609-thread-1] INFO  server.RaftServerConfigKeys (ConfUtils.java:logGet(46)) - raft.server.log.statemachine.data.read.timeout = 1000ms (default)
2022-10-18 21:56:34,780 [pool-609-thread-1] INFO  server.RaftServerConfigKeys (ConfUtils.java:logGet(46)) - raft.server.log.segment.size.max = 1048576 (custom)
2022-10-18 21:56:34,781 [pool-609-thread-1] INFO  server.RaftServerConfigKeys (ConfUtils.java:logGet(46)) - raft.server.log.segment.cache.num.max = 2 (custom)
2022-10-18 21:56:34,781 [pool-609-thread-1] INFO  server.RaftServerConfigKeys (ConfUtils.java:logGet(46)) - raft.server.log.segment.cache.size.max = 200MB (=209715200) (default)
2022-10-18 21:56:34,781 [pool-609-thread-1] INFO  segmented.SegmentedRaftLogWorker (SegmentedRaftLogWorker.java:<init>(187)) - new 930eb83a-4a64-48b4-8e1f-5a852630038a@group-BBFAF34E6855-SegmentedRaftLogWorker for RaftStorageImpl:Storage Directory /home/runner/work/ozone/ozone/hadoop-ozone/integration-test/target/test-dir/MiniOzoneClusterImpl-1c94f07e-3edc-4d60-9c78-eaa851002676/datanode-0/data/ratis/742906a2-102f-485f-ad6f-bbfaf34e6855
2022-10-18 21:56:34,781 [pool-609-thread-1] INFO  server.RaftServerConfigKeys (ConfUtils.java:logGet(46)) - raft.server.log.queue.byte-limit = 4294967296 (custom)
2022-10-18 21:56:34,781 [EventQueue-OpenPipelineForHealthyPipelineSafeModeRule] INFO  safemode.SCMSafeModeManager (HealthyPipelineSafeModeRule.java:process(137)) - SCM in safe mode. Healthy pipelines reported count is 0, required healthy pipeline reported count is 1
2022-10-18 21:56:34,781 [pool-609-thread-1] INFO  server.RaftServerConfigKeys (ConfUtils.java:logGet(46)) - raft.server.log.queue.element-limit = 1024 (custom)
2022-10-18 21:56:34,781 [pool-609-thread-1] INFO  server.RaftServerConfigKeys (ConfUtils.java:logGet(46)) - raft.server.log.segment.size.max = 1048576 (custom)
2022-10-18 21:56:34,781 [pool-609-thread-1] INFO  server.RaftServerConfigKeys (ConfUtils.java:logGet(46)) - raft.server.log.preallocated.size = 16384 (custom)
2022-10-18 21:56:34,781 [pool-609-thread-1] INFO  server.RaftServerConfigKeys (ConfUtils.java:logGet(46)) - raft.server.log.force.sync.num = 128 (default)
2022-10-18 21:56:34,781 [pool-609-thread-1] INFO  server.RaftServerConfigKeys (ConfUtils.java:logGet(46)) - raft.server.log.statemachine.data.sync = true (default)
2022-10-18 21:56:34,781 [pool-609-thread-1] INFO  server.RaftServerConfigKeys (ConfUtils.java:logGet(46)) - raft.server.log.statemachine.data.sync.timeout = 10s (default)
2022-10-18 21:56:34,781 [pool-609-thread-1] INFO  server.RaftServerConfigKeys (ConfUtils.java:logGet(46)) - raft.server.log.statemachine.data.sync.timeout.retry = -1 (default)
2022-10-18 21:56:34,782 [pool-609-thread-1] INFO  server.RaftServerConfigKeys (ConfUtils.java:logGet(46)) - raft.server.log.write.buffer.size = 1048576 (custom)
2022-10-18 21:56:34,782 [pool-609-thread-1] INFO  server.RaftServerConfigKeys (ConfUtils.java:logGet(46)) - raft.server.log.unsafe-flush.enabled = false (default)
2022-10-18 21:56:34,782 [pool-609-thread-1] INFO  server.RaftServerConfigKeys (ConfUtils.java:logGet(46)) - raft.server.log.statemachine.data.caching.enabled = true (custom)
2022-10-18 21:56:34,782 [pool-609-thread-1] INFO  segmented.SegmentedRaftLogWorker (SegmentedRaftLogWorker.java:lambda$new$0(135)) - 930eb83a-4a64-48b4-8e1f-5a852630038a@group-BBFAF34E6855-SegmentedRaftLogWorker: flushIndex: setUnconditionally 0 -> -1
2022-10-18 21:56:34,782 [pool-609-thread-1] INFO  segmented.SegmentedRaftLogWorker (SegmentedRaftLogWorker.java:lambda$new$0(135)) - 930eb83a-4a64-48b4-8e1f-5a852630038a@group-BBFAF34E6855-SegmentedRaftLogWorker: safeCacheEvictIndex: setUnconditionally 0 -> -1
2022-10-18 21:56:34,782 [pool-609-thread-1] INFO  server.RaftServerConfigKeys (ConfUtils.java:logGet(46)) - raft.server.snapshot.auto.trigger.enabled = true (custom)
2022-10-18 21:56:34,782 [pool-609-thread-1] INFO  server.RaftServerConfigKeys (ConfUtils.java:logGet(46)) - raft.server.snapshot.auto.trigger.threshold = 10000 (custom)
2022-10-18 21:56:34,782 [pool-609-thread-1] INFO  server.RaftServerConfigKeys (ConfUtils.java:logGet(46)) - raft.server.snapshot.retention.file.num = 5 (custom)
2022-10-18 21:56:34,782 [pool-609-thread-1] INFO  server.RaftServerConfigKeys (ConfUtils.java:logGet(46)) - raft.server.log.purge.upto.snapshot.index = false (default)
2022-10-18 21:56:34,782 [pool-609-thread-1] INFO  server.RaftServerConfigKeys (ConfUtils.java:logGet(46)) - raft.server.retrycache.expirytime = 600000ms (custom)
2022-10-18 21:56:34,782 [pool-609-thread-1] INFO  server.RaftServerConfigKeys (ConfUtils.java:logGet(46)) - raft.server.retrycache.statistics.expirytime = 100μs (default)
2022-10-18 21:56:34,783 [pool-609-thread-1] INFO  server.RaftServerConfigKeys (ConfUtils.java:logGet(46)) - raft.server.log.appender.install.snapshot.enabled = false (custom)
2022-10-18 21:56:34,783 [pool-609-thread-1] INFO  server.RaftServerConfigKeys (ConfUtils.java:logGet(46)) - raft.server.threadpool.server.cached = true (default)
2022-10-18 21:56:34,783 [pool-609-thread-1] INFO  server.RaftServerConfigKeys (ConfUtils.java:logGet(46)) - raft.server.threadpool.server.size = 0 (default)
2022-10-18 21:56:34,783 [pool-609-thread-1] INFO  server.RaftServerConfigKeys (ConfUtils.java:logGet(46)) - raft.server.threadpool.client.cached = true (default)
2022-10-18 21:56:34,783 [pool-609-thread-1] INFO  server.RaftServerConfigKeys (ConfUtils.java:logGet(46)) - raft.server.threadpool.client.size = 0 (default)
2022-10-18 21:56:34,783 [pool-609-thread-1] INFO  server.RaftServer$Division (RaftServerImpl.java:start(310)) - 930eb83a-4a64-48b4-8e1f-5a852630038a@group-BBFAF34E6855: start as a follower, conf=-1: [930eb83a-4a64-48b4-8e1f-5a852630038a|rpc:10.1.0.49:42415|priority:1, 50a22b0c-47fd-4b6b-ada4-fba3aa4f0b97|rpc:10.1.0.49:43291|priority:0, a654d2c7-f7ff-48c7-ad7c-d251fa206036|rpc:10.1.0.49:38659|priority:0], old=null
2022-10-18 21:56:34,783 [pool-609-thread-1] INFO  server.RaftServer$Division (RaftServerImpl.java:setRole(299)) - 930eb83a-4a64-48b4-8e1f-5a852630038a@group-BBFAF34E6855: changes role from      null to FOLLOWER at term 0 for startAsFollower
2022-10-18 21:56:34,783 [pool-609-thread-1] INFO  impl.RoleInfo (RoleInfo.java:updateAndGet(139)) - 930eb83a-4a64-48b4-8e1f-5a852630038a: start 930eb83a-4a64-48b4-8e1f-5a852630038a@group-BBFAF34E6855-FollowerState
2022-10-18 21:56:34,783 [pool-609-thread-1] INFO  util.JmxRegister (JmxRegister.java:tryRegister(44)) - Successfully registered JMX Bean with object name Ratis:service=RaftServer,group=group-BBFAF34E6855,id=930eb83a-4a64-48b4-8e1f-5a852630038a
2022-10-18 21:56:34,784 [Command processor thread] INFO  ratis.XceiverServerRatis (XceiverServerRatis.java:addGroup(765)) - Created group PipelineID=742906a2-102f-485f-ad6f-bbfaf34e6855
2022-10-18 21:56:34,788 [grpc-default-executor-2] INFO  server.RaftServer (RaftServerProxy.java:addNew(96)) - 50a22b0c-47fd-4b6b-ada4-fba3aa4f0b97: addNew group-BBFAF34E6855:[930eb83a-4a64-48b4-8e1f-5a852630038a|rpc:10.1.0.49:42415|dataStream:|priority:1, 50a22b0c-47fd-4b6b-ada4-fba3aa4f0b97|rpc:10.1.0.49:43291|dataStream:|priority:0, a654d2c7-f7ff-48c7-ad7c-d251fa206036|rpc:10.1.0.49:38659|dataStream:|priority:0] returns group-BBFAF34E6855:java.util.concurrent.CompletableFuture@721eddc7[Not completed]
2022-10-18 21:56:34,788 [pool-655-thread-1] INFO  server.RaftServer$Division (RaftServerImpl.java:<init>(190)) - 50a22b0c-47fd-4b6b-ada4-fba3aa4f0b97: new RaftServerImpl for group-BBFAF34E6855:[930eb83a-4a64-48b4-8e1f-5a852630038a|rpc:10.1.0.49:42415|dataStream:|priority:1, 50a22b0c-47fd-4b6b-ada4-fba3aa4f0b97|rpc:10.1.0.49:43291|dataStream:|priority:0, a654d2c7-f7ff-48c7-ad7c-d251fa206036|rpc:10.1.0.49:38659|dataStream:|priority:0] with ContainerStateMachine:uninitialized
2022-10-18 21:56:34,788 [pool-655-thread-1] INFO  server.RaftServerConfigKeys (ConfUtils.java:logGet(46)) - raft.server.rpc.timeout.min = 5s (custom)
2022-10-18 21:56:34,788 [pool-655-thread-1] INFO  server.RaftServerConfigKeys (ConfUtils.java:logGet(46)) - raft.server.rpc.timeout.max = 5200ms (custom)
2022-10-18 21:56:34,788 [pool-655-thread-1] INFO  server.RaftServerConfigKeys (ConfUtils.java:logGet(46)) - raft.server.rpc.sleep.time = 25ms (default)
2022-10-18 21:56:34,789 [pool-655-thread-1] INFO  server.RaftServerConfigKeys (ConfUtils.java:logGet(46)) - raft.server.rpc.slowness.timeout = 300s (custom)
2022-10-18 21:56:34,789 [pool-655-thread-1] INFO  server.RaftServerConfigKeys (ConfUtils.java:logGet(46)) - raft.server.leaderelection.leader.step-down.wait-time = 10s (default)
2022-10-18 21:56:34,789 [pool-655-thread-1] INFO  server.RaftServerConfigKeys (ConfUtils.java:logGet(46)) - raft.server.sleep.deviation.threshold = 300ms (default)
2022-10-18 21:56:34,789 [pool-655-thread-1] INFO  server.RaftServer$Division (ServerState.java:<init>(107)) - 50a22b0c-47fd-4b6b-ada4-fba3aa4f0b97@group-BBFAF34E6855: ConfigurationManager, init=-1: [930eb83a-4a64-48b4-8e1f-5a852630038a|rpc:10.1.0.49:42415|dataStream:|priority:1, 50a22b0c-47fd-4b6b-ada4-fba3aa4f0b97|rpc:10.1.0.49:43291|dataStream:|priority:0, a654d2c7-f7ff-48c7-ad7c-d251fa206036|rpc:10.1.0.49:38659|dataStream:|priority:0], old=null, confs=<EMPTY_MAP>
2022-10-18 21:56:34,789 [pool-655-thread-1] INFO  server.RaftServerConfigKeys (ConfUtils.java:logGet(46)) - raft.server.storage.dir = [/home/runner/work/ozone/ozone/hadoop-ozone/integration-test/target/test-dir/MiniOzoneClusterImpl-1c94f07e-3edc-4d60-9c78-eaa851002676/datanode-2/data/ratis] (custom)
2022-10-18 21:56:34,789 [pool-655-thread-1] INFO  server.RaftServerConfigKeys (ConfUtils.java:logGet(46)) - raft.server.log.corruption.policy = EXCEPTION (default)
2022-10-18 21:56:34,789 [pool-655-thread-1] INFO  server.RaftServerConfigKeys (ConfUtils.java:logGet(46)) - raft.server.storage.free-space.min = 0MB (=0) (default)
2022-10-18 21:56:34,789 [pool-655-thread-1] INFO  storage.RaftStorageDirectory (RaftStorageDirectoryImpl.java:analyzeStorage(135)) - The storage directory /home/runner/work/ozone/ozone/hadoop-ozone/integration-test/target/test-dir/MiniOzoneClusterImpl-1c94f07e-3edc-4d60-9c78-eaa851002676/datanode-2/data/ratis/742906a2-102f-485f-ad6f-bbfaf34e6855 does not exist. Creating ...
2022-10-18 21:56:34,790 [pool-655-thread-1] INFO  storage.RaftStorageDirectory (RaftStorageDirectoryImpl.java:tryLock(230)) - Lock on /home/runner/work/ozone/ozone/hadoop-ozone/integration-test/target/test-dir/MiniOzoneClusterImpl-1c94f07e-3edc-4d60-9c78-eaa851002676/datanode-2/data/ratis/742906a2-102f-485f-ad6f-bbfaf34e6855/in_use.lock acquired by nodename 38880@fv-az368-376
2022-10-18 21:56:34,790 [pool-655-thread-1] INFO  storage.RaftStorage (RaftStorageImpl.java:format(89)) - Storage directory /home/runner/work/ozone/ozone/hadoop-ozone/integration-test/target/test-dir/MiniOzoneClusterImpl-1c94f07e-3edc-4d60-9c78-eaa851002676/datanode-2/data/ratis/742906a2-102f-485f-ad6f-bbfaf34e6855 has been successfully formatted.
2022-10-18 21:56:34,791 [pool-655-thread-1] INFO  ratis.ContainerStateMachine (ContainerStateMachine.java:loadSnapshot(236)) - group-BBFAF34E6855: The snapshot info is null. Setting the last applied indexto:(t:0, i:~)
2022-10-18 21:56:34,791 [pool-655-thread-1] INFO  server.RaftServerConfigKeys (ConfUtils.java:logGet(46)) - raft.server.notification.no-leader.timeout = 300s (custom)
2022-10-18 21:56:34,791 [pool-655-thread-1] INFO  server.RaftServerConfigKeys (ConfUtils.java:logGet(46)) - raft.server.log.use.memory = false (default)
2022-10-18 21:56:34,791 [pool-655-thread-1] INFO  server.RaftServerConfigKeys (ConfUtils.java:logGet(46)) - raft.server.log.purge.gap = 1000000 (custom)
2022-10-18 21:56:34,791 [pool-655-thread-1] INFO  server.RaftServerConfigKeys (ConfUtils.java:logGet(46)) - raft.server.log.appender.buffer.byte-limit = 33554432 (custom)
2022-10-18 21:56:34,791 [pool-655-thread-1] INFO  server.RaftServerConfigKeys (ConfUtils.java:logGet(46)) - raft.server.log.statemachine.data.read.timeout = 1000ms (default)
2022-10-18 21:56:34,791 [pool-655-thread-1] INFO  server.RaftServerConfigKeys (ConfUtils.java:logGet(46)) - raft.server.log.segment.size.max = 1048576 (custom)
2022-10-18 21:56:34,792 [pool-655-thread-1] INFO  server.RaftServerConfigKeys (ConfUtils.java:logGet(46)) - raft.server.log.segment.cache.num.max = 2 (custom)
2022-10-18 21:56:34,792 [pool-655-thread-1] INFO  server.RaftServerConfigKeys (ConfUtils.java:logGet(46)) - raft.server.log.segment.cache.size.max = 200MB (=209715200) (default)
2022-10-18 21:56:34,792 [pool-655-thread-1] INFO  segmented.SegmentedRaftLogWorker (SegmentedRaftLogWorker.java:<init>(187)) - new 50a22b0c-47fd-4b6b-ada4-fba3aa4f0b97@group-BBFAF34E6855-SegmentedRaftLogWorker for RaftStorageImpl:Storage Directory /home/runner/work/ozone/ozone/hadoop-ozone/integration-test/target/test-dir/MiniOzoneClusterImpl-1c94f07e-3edc-4d60-9c78-eaa851002676/datanode-2/data/ratis/742906a2-102f-485f-ad6f-bbfaf34e6855
2022-10-18 21:56:34,792 [pool-655-thread-1] INFO  server.RaftServerConfigKeys (ConfUtils.java:logGet(46)) - raft.server.log.queue.byte-limit = 4294967296 (custom)
2022-10-18 21:56:34,792 [pool-655-thread-1] INFO  server.RaftServerConfigKeys (ConfUtils.java:logGet(46)) - raft.server.log.queue.element-limit = 1024 (custom)
2022-10-18 21:56:34,792 [pool-655-thread-1] INFO  server.RaftServerConfigKeys (ConfUtils.java:logGet(46)) - raft.server.log.segment.size.max = 1048576 (custom)
2022-10-18 21:56:34,792 [pool-655-thread-1] INFO  server.RaftServerConfigKeys (ConfUtils.java:logGet(46)) - raft.server.log.preallocated.size = 16384 (custom)
2022-10-18 21:56:34,792 [pool-655-thread-1] INFO  server.RaftServerConfigKeys (ConfUtils.java:logGet(46)) - raft.server.log.force.sync.num = 128 (default)
2022-10-18 21:56:34,792 [pool-655-thread-1] INFO  server.RaftServerConfigKeys (ConfUtils.java:logGet(46)) - raft.server.log.statemachine.data.sync = true (default)
2022-10-18 21:56:34,792 [pool-655-thread-1] INFO  server.RaftServerConfigKeys (ConfUtils.java:logGet(46)) - raft.server.log.statemachine.data.sync.timeout = 10s (default)
2022-10-18 21:56:34,792 [pool-655-thread-1] INFO  server.RaftServerConfigKeys (ConfUtils.java:logGet(46)) - raft.server.log.statemachine.data.sync.timeout.retry = -1 (default)
2022-10-18 21:56:34,793 [pool-655-thread-1] INFO  server.RaftServerConfigKeys (ConfUtils.java:logGet(46)) - raft.server.log.write.buffer.size = 1048576 (custom)
2022-10-18 21:56:34,793 [pool-655-thread-1] INFO  server.RaftServerConfigKeys (ConfUtils.java:logGet(46)) - raft.server.log.unsafe-flush.enabled = false (default)
2022-10-18 21:56:34,794 [pool-655-thread-1] INFO  server.RaftServerConfigKeys (ConfUtils.java:logGet(46)) - raft.server.log.statemachine.data.caching.enabled = true (custom)
2022-10-18 21:56:34,794 [pool-655-thread-1] INFO  segmented.SegmentedRaftLogWorker (SegmentedRaftLogWorker.java:lambda$new$0(135)) - 50a22b0c-47fd-4b6b-ada4-fba3aa4f0b97@group-BBFAF34E6855-SegmentedRaftLogWorker: flushIndex: setUnconditionally 0 -> -1
2022-10-18 21:56:34,794 [pool-655-thread-1] INFO  segmented.SegmentedRaftLogWorker (SegmentedRaftLogWorker.java:lambda$new$0(135)) - 50a22b0c-47fd-4b6b-ada4-fba3aa4f0b97@group-BBFAF34E6855-SegmentedRaftLogWorker: safeCacheEvictIndex: setUnconditionally 0 -> -1
2022-10-18 21:56:34,794 [pool-655-thread-1] INFO  server.RaftServerConfigKeys (ConfUtils.java:logGet(46)) - raft.server.snapshot.auto.trigger.enabled = true (custom)
2022-10-18 21:56:34,794 [pool-655-thread-1] INFO  server.RaftServerConfigKeys (ConfUtils.java:logGet(46)) - raft.server.snapshot.auto.trigger.threshold = 10000 (custom)
2022-10-18 21:56:34,794 [pool-655-thread-1] INFO  server.RaftServerConfigKeys (ConfUtils.java:logGet(46)) - raft.server.snapshot.retention.file.num = 5 (custom)
2022-10-18 21:56:34,794 [pool-655-thread-1] INFO  server.RaftServerConfigKeys (ConfUtils.java:logGet(46)) - raft.server.log.purge.upto.snapshot.index = false (default)
2022-10-18 21:56:34,794 [pool-655-thread-1] INFO  server.RaftServerConfigKeys (ConfUtils.java:logGet(46)) - raft.server.retrycache.expirytime = 600000ms (custom)
2022-10-18 21:56:34,794 [pool-655-thread-1] INFO  server.RaftServerConfigKeys (ConfUtils.java:logGet(46)) - raft.server.retrycache.statistics.expirytime = 100μs (default)
2022-10-18 21:56:34,795 [pool-655-thread-1] INFO  server.RaftServerConfigKeys (ConfUtils.java:logGet(46)) - raft.server.log.appender.install.snapshot.enabled = false (custom)
2022-10-18 21:56:34,795 [pool-655-thread-1] INFO  server.RaftServerConfigKeys (ConfUtils.java:logGet(46)) - raft.server.threadpool.server.cached = true (default)
2022-10-18 21:56:34,795 [pool-655-thread-1] INFO  server.RaftServerConfigKeys (ConfUtils.java:logGet(46)) - raft.server.threadpool.server.size = 0 (default)
2022-10-18 21:56:34,795 [pool-655-thread-1] INFO  server.RaftServerConfigKeys (ConfUtils.java:logGet(46)) - raft.server.threadpool.client.cached = true (default)
2022-10-18 21:56:34,795 [pool-655-thread-1] INFO  server.RaftServerConfigKeys (ConfUtils.java:logGet(46)) - raft.server.threadpool.client.size = 0 (default)
2022-10-18 21:56:34,795 [pool-655-thread-1] INFO  server.RaftServer$Division (RaftServerImpl.java:start(310)) - 50a22b0c-47fd-4b6b-ada4-fba3aa4f0b97@group-BBFAF34E6855: start as a follower, conf=-1: [930eb83a-4a64-48b4-8e1f-5a852630038a|rpc:10.1.0.49:42415|dataStream:|priority:1, 50a22b0c-47fd-4b6b-ada4-fba3aa4f0b97|rpc:10.1.0.49:43291|dataStream:|priority:0, a654d2c7-f7ff-48c7-ad7c-d251fa206036|rpc:10.1.0.49:38659|dataStream:|priority:0], old=null
2022-10-18 21:56:34,795 [pool-655-thread-1] INFO  server.RaftServer$Division (RaftServerImpl.java:setRole(299)) - 50a22b0c-47fd-4b6b-ada4-fba3aa4f0b97@group-BBFAF34E6855: changes role from      null to FOLLOWER at term 0 for startAsFollower
2022-10-18 21:56:34,795 [pool-655-thread-1] INFO  impl.RoleInfo (RoleInfo.java:updateAndGet(139)) - 50a22b0c-47fd-4b6b-ada4-fba3aa4f0b97: start 50a22b0c-47fd-4b6b-ada4-fba3aa4f0b97@group-BBFAF34E6855-FollowerState
2022-10-18 21:56:34,795 [pool-655-thread-1] INFO  util.JmxRegister (JmxRegister.java:tryRegister(44)) - Successfully registered JMX Bean with object name Ratis:service=RaftServer,group=group-BBFAF34E6855,id=50a22b0c-47fd-4b6b-ada4-fba3aa4f0b97
2022-10-18 21:56:34,802 [grpc-default-executor-2] INFO  server.RaftServer (RaftServerProxy.java:addNew(96)) - a654d2c7-f7ff-48c7-ad7c-d251fa206036: addNew group-BBFAF34E6855:[930eb83a-4a64-48b4-8e1f-5a852630038a|rpc:10.1.0.49:42415|dataStream:|priority:1, 50a22b0c-47fd-4b6b-ada4-fba3aa4f0b97|rpc:10.1.0.49:43291|dataStream:|priority:0, a654d2c7-f7ff-48c7-ad7c-d251fa206036|rpc:10.1.0.49:38659|dataStream:|priority:0] returns group-BBFAF34E6855:java.util.concurrent.CompletableFuture@3f22ffd1[Not completed]
2022-10-18 21:56:34,803 [pool-632-thread-1] INFO  server.RaftServer$Division (RaftServerImpl.java:<init>(190)) - a654d2c7-f7ff-48c7-ad7c-d251fa206036: new RaftServerImpl for group-BBFAF34E6855:[930eb83a-4a64-48b4-8e1f-5a852630038a|rpc:10.1.0.49:42415|dataStream:|priority:1, 50a22b0c-47fd-4b6b-ada4-fba3aa4f0b97|rpc:10.1.0.49:43291|dataStream:|priority:0, a654d2c7-f7ff-48c7-ad7c-d251fa206036|rpc:10.1.0.49:38659|dataStream:|priority:0] with ContainerStateMachine:uninitialized
2022-10-18 21:56:34,803 [pool-632-thread-1] INFO  server.RaftServerConfigKeys (ConfUtils.java:logGet(46)) - raft.server.rpc.timeout.min = 5s (custom)
2022-10-18 21:56:34,804 [pool-632-thread-1] INFO  server.RaftServerConfigKeys (ConfUtils.java:logGet(46)) - raft.server.rpc.timeout.max = 5200ms (custom)
2022-10-18 21:56:34,804 [pool-632-thread-1] INFO  server.RaftServerConfigKeys (ConfUtils.java:logGet(46)) - raft.server.rpc.sleep.time = 25ms (default)
2022-10-18 21:56:34,804 [pool-632-thread-1] INFO  server.RaftServerConfigKeys (ConfUtils.java:logGet(46)) - raft.server.rpc.slowness.timeout = 300s (custom)
2022-10-18 21:56:34,804 [pool-632-thread-1] INFO  server.RaftServerConfigKeys (ConfUtils.java:logGet(46)) - raft.server.leaderelection.leader.step-down.wait-time = 10s (default)
2022-10-18 21:56:34,804 [pool-632-thread-1] INFO  server.RaftServerConfigKeys (ConfUtils.java:logGet(46)) - raft.server.sleep.deviation.threshold = 300ms (default)
2022-10-18 21:56:34,804 [pool-632-thread-1] INFO  server.RaftServer$Division (ServerState.java:<init>(107)) - a654d2c7-f7ff-48c7-ad7c-d251fa206036@group-BBFAF34E6855: ConfigurationManager, init=-1: [930eb83a-4a64-48b4-8e1f-5a852630038a|rpc:10.1.0.49:42415|dataStream:|priority:1, 50a22b0c-47fd-4b6b-ada4-fba3aa4f0b97|rpc:10.1.0.49:43291|dataStream:|priority:0, a654d2c7-f7ff-48c7-ad7c-d251fa206036|rpc:10.1.0.49:38659|dataStream:|priority:0], old=null, confs=<EMPTY_MAP>
2022-10-18 21:56:34,804 [pool-632-thread-1] INFO  server.RaftServerConfigKeys (ConfUtils.java:logGet(46)) - raft.server.storage.dir = [/home/runner/work/ozone/ozone/hadoop-ozone/integration-test/target/test-dir/MiniOzoneClusterImpl-1c94f07e-3edc-4d60-9c78-eaa851002676/datanode-1/data/ratis] (custom)
2022-10-18 21:56:34,804 [pool-632-thread-1] INFO  server.RaftServerConfigKeys (ConfUtils.java:logGet(46)) - raft.server.log.corruption.policy = EXCEPTION (default)
2022-10-18 21:56:34,804 [pool-632-thread-1] INFO  server.RaftServerConfigKeys (ConfUtils.java:logGet(46)) - raft.server.storage.free-space.min = 0MB (=0) (default)
2022-10-18 21:56:34,804 [pool-632-thread-1] INFO  storage.RaftStorageDirectory (RaftStorageDirectoryImpl.java:analyzeStorage(135)) - The storage directory /home/runner/work/ozone/ozone/hadoop-ozone/integration-test/target/test-dir/MiniOzoneClusterImpl-1c94f07e-3edc-4d60-9c78-eaa851002676/datanode-1/data/ratis/742906a2-102f-485f-ad6f-bbfaf34e6855 does not exist. Creating ...
2022-10-18 21:56:34,805 [pool-632-thread-1] INFO  storage.RaftStorageDirectory (RaftStorageDirectoryImpl.java:tryLock(230)) - Lock on /home/runner/work/ozone/ozone/hadoop-ozone/integration-test/target/test-dir/MiniOzoneClusterImpl-1c94f07e-3edc-4d60-9c78-eaa851002676/datanode-1/data/ratis/742906a2-102f-485f-ad6f-bbfaf34e6855/in_use.lock acquired by nodename 38880@fv-az368-376
2022-10-18 21:56:34,805 [pool-632-thread-1] INFO  storage.RaftStorage (RaftStorageImpl.java:format(89)) - Storage directory /home/runner/work/ozone/ozone/hadoop-ozone/integration-test/target/test-dir/MiniOzoneClusterImpl-1c94f07e-3edc-4d60-9c78-eaa851002676/datanode-1/data/ratis/742906a2-102f-485f-ad6f-bbfaf34e6855 has been successfully formatted.
2022-10-18 21:56:34,806 [pool-632-thread-1] INFO  ratis.ContainerStateMachine (ContainerStateMachine.java:loadSnapshot(236)) - group-BBFAF34E6855: The snapshot info is null. Setting the last applied indexto:(t:0, i:~)
2022-10-18 21:56:34,806 [pool-632-thread-1] INFO  server.RaftServerConfigKeys (ConfUtils.java:logGet(46)) - raft.server.notification.no-leader.timeout = 300s (custom)
2022-10-18 21:56:34,806 [pool-632-thread-1] INFO  server.RaftServerConfigKeys (ConfUtils.java:logGet(46)) - raft.server.log.use.memory = false (default)
2022-10-18 21:56:34,806 [pool-632-thread-1] INFO  server.RaftServerConfigKeys (ConfUtils.java:logGet(46)) - raft.server.log.purge.gap = 1000000 (custom)
2022-10-18 21:56:34,806 [pool-632-thread-1] INFO  server.RaftServerConfigKeys (ConfUtils.java:logGet(46)) - raft.server.log.appender.buffer.byte-limit = 33554432 (custom)
2022-10-18 21:56:34,806 [pool-632-thread-1] INFO  server.RaftServerConfigKeys (ConfUtils.java:logGet(46)) - raft.server.log.statemachine.data.read.timeout = 1000ms (default)
2022-10-18 21:56:34,806 [pool-632-thread-1] INFO  server.RaftServerConfigKeys (ConfUtils.java:logGet(46)) - raft.server.log.segment.size.max = 1048576 (custom)
2022-10-18 21:56:34,806 [pool-632-thread-1] INFO  server.RaftServerConfigKeys (ConfUtils.java:logGet(46)) - raft.server.log.segment.cache.num.max = 2 (custom)
2022-10-18 21:56:34,806 [pool-632-thread-1] INFO  server.RaftServerConfigKeys (ConfUtils.java:logGet(46)) - raft.server.log.segment.cache.size.max = 200MB (=209715200) (default)
2022-10-18 21:56:34,806 [pool-632-thread-1] INFO  segmented.SegmentedRaftLogWorker (SegmentedRaftLogWorker.java:<init>(187)) - new a654d2c7-f7ff-48c7-ad7c-d251fa206036@group-BBFAF34E6855-SegmentedRaftLogWorker for RaftStorageImpl:Storage Directory /home/runner/work/ozone/ozone/hadoop-ozone/integration-test/target/test-dir/MiniOzoneClusterImpl-1c94f07e-3edc-4d60-9c78-eaa851002676/datanode-1/data/ratis/742906a2-102f-485f-ad6f-bbfaf34e6855
2022-10-18 21:56:34,806 [pool-632-thread-1] INFO  server.RaftServerConfigKeys (ConfUtils.java:logGet(46)) - raft.server.log.queue.byte-limit = 4294967296 (custom)
2022-10-18 21:56:34,807 [pool-632-thread-1] INFO  server.RaftServerConfigKeys (ConfUtils.java:logGet(46)) - raft.server.log.queue.element-limit = 1024 (custom)
2022-10-18 21:56:34,807 [pool-632-thread-1] INFO  server.RaftServerConfigKeys (ConfUtils.java:logGet(46)) - raft.server.log.segment.size.max = 1048576 (custom)
2022-10-18 21:56:34,807 [pool-632-thread-1] INFO  server.RaftServerConfigKeys (ConfUtils.java:logGet(46)) - raft.server.log.preallocated.size = 16384 (custom)
2022-10-18 21:56:34,807 [pool-632-thread-1] INFO  server.RaftServerConfigKeys (ConfUtils.java:logGet(46)) - raft.server.log.force.sync.num = 128 (default)
2022-10-18 21:56:34,807 [pool-632-thread-1] INFO  server.RaftServerConfigKeys (ConfUtils.java:logGet(46)) - raft.server.log.statemachine.data.sync = true (default)
2022-10-18 21:56:34,807 [pool-632-thread-1] INFO  server.RaftServerConfigKeys (ConfUtils.java:logGet(46)) - raft.server.log.statemachine.data.sync.timeout = 10s (default)
2022-10-18 21:56:34,807 [pool-632-thread-1] INFO  server.RaftServerConfigKeys (ConfUtils.java:logGet(46)) - raft.server.log.statemachine.data.sync.timeout.retry = -1 (default)
2022-10-18 21:56:34,808 [pool-632-thread-1] INFO  server.RaftServerConfigKeys (ConfUtils.java:logGet(46)) - raft.server.log.write.buffer.size = 1048576 (custom)
2022-10-18 21:56:34,808 [pool-632-thread-1] INFO  server.RaftServerConfigKeys (ConfUtils.java:logGet(46)) - raft.server.log.unsafe-flush.enabled = false (default)
2022-10-18 21:56:34,809 [pool-632-thread-1] INFO  server.RaftServerConfigKeys (ConfUtils.java:logGet(46)) - raft.server.log.statemachine.data.caching.enabled = true (custom)
2022-10-18 21:56:34,809 [pool-632-thread-1] INFO  segmented.SegmentedRaftLogWorker (SegmentedRaftLogWorker.java:lambda$new$0(135)) - a654d2c7-f7ff-48c7-ad7c-d251fa206036@group-BBFAF34E6855-SegmentedRaftLogWorker: flushIndex: setUnconditionally 0 -> -1
2022-10-18 21:56:34,809 [pool-632-thread-1] INFO  segmented.SegmentedRaftLogWorker (SegmentedRaftLogWorker.java:lambda$new$0(135)) - a654d2c7-f7ff-48c7-ad7c-d251fa206036@group-BBFAF34E6855-SegmentedRaftLogWorker: safeCacheEvictIndex: setUnconditionally 0 -> -1
2022-10-18 21:56:34,812 [pool-632-thread-1] INFO  server.RaftServerConfigKeys (ConfUtils.java:logGet(46)) - raft.server.snapshot.auto.trigger.enabled = true (custom)
2022-10-18 21:56:34,812 [pool-632-thread-1] INFO  server.RaftServerConfigKeys (ConfUtils.java:logGet(46)) - raft.server.snapshot.auto.trigger.threshold = 10000 (custom)
2022-10-18 21:56:34,812 [pool-632-thread-1] INFO  server.RaftServerConfigKeys (ConfUtils.java:logGet(46)) - raft.server.snapshot.retention.file.num = 5 (custom)
2022-10-18 21:56:34,812 [pool-632-thread-1] INFO  server.RaftServerConfigKeys (ConfUtils.java:logGet(46)) - raft.server.log.purge.upto.snapshot.index = false (default)
2022-10-18 21:56:34,812 [pool-632-thread-1] INFO  server.RaftServerConfigKeys (ConfUtils.java:logGet(46)) - raft.server.retrycache.expirytime = 600000ms (custom)
2022-10-18 21:56:34,812 [pool-632-thread-1] INFO  server.RaftServerConfigKeys (ConfUtils.java:logGet(46)) - raft.server.retrycache.statistics.expirytime = 100μs (default)
2022-10-18 21:56:34,813 [pool-632-thread-1] INFO  server.RaftServerConfigKeys (ConfUtils.java:logGet(46)) - raft.server.log.appender.install.snapshot.enabled = false (custom)
2022-10-18 21:56:34,813 [pool-632-thread-1] INFO  server.RaftServerConfigKeys (ConfUtils.java:logGet(46)) - raft.server.threadpool.server.cached = true (default)
2022-10-18 21:56:34,813 [pool-632-thread-1] INFO  server.RaftServerConfigKeys (ConfUtils.java:logGet(46)) - raft.server.threadpool.server.size = 0 (default)
2022-10-18 21:56:34,813 [pool-632-thread-1] INFO  server.RaftServerConfigKeys (ConfUtils.java:logGet(46)) - raft.server.threadpool.client.cached = true (default)
2022-10-18 21:56:34,813 [pool-632-thread-1] INFO  server.RaftServerConfigKeys (ConfUtils.java:logGet(46)) - raft.server.threadpool.client.size = 0 (default)
2022-10-18 21:56:34,813 [pool-632-thread-1] INFO  server.RaftServer$Division (RaftServerImpl.java:start(310)) - a654d2c7-f7ff-48c7-ad7c-d251fa206036@group-BBFAF34E6855: start as a follower, conf=-1: [930eb83a-4a64-48b4-8e1f-5a852630038a|rpc:10.1.0.49:42415|dataStream:|priority:1, 50a22b0c-47fd-4b6b-ada4-fba3aa4f0b97|rpc:10.1.0.49:43291|dataStream:|priority:0, a654d2c7-f7ff-48c7-ad7c-d251fa206036|rpc:10.1.0.49:38659|dataStream:|priority:0], old=null
2022-10-18 21:56:34,813 [pool-632-thread-1] INFO  server.RaftServer$Division (RaftServerImpl.java:setRole(299)) - a654d2c7-f7ff-48c7-ad7c-d251fa206036@group-BBFAF34E6855: changes role from      null to FOLLOWER at term 0 for startAsFollower
2022-10-18 21:56:34,813 [pool-632-thread-1] INFO  impl.RoleInfo (RoleInfo.java:updateAndGet(139)) - a654d2c7-f7ff-48c7-ad7c-d251fa206036: start a654d2c7-f7ff-48c7-ad7c-d251fa206036@group-BBFAF34E6855-FollowerState
2022-10-18 21:56:34,813 [pool-632-thread-1] INFO  util.JmxRegister (JmxRegister.java:tryRegister(44)) - Successfully registered JMX Bean with object name Ratis:service=RaftServer,group=group-BBFAF34E6855,id=a654d2c7-f7ff-48c7-ad7c-d251fa206036
2022-10-18 21:56:34,818 [Command processor thread] INFO  commandhandler.CreatePipelineCommandHandler (CreatePipelineCommandHandler.java:handle(113)) - Created Pipeline RATIS THREE PipelineID=742906a2-102f-485f-ad6f-bbfaf34e6855.
2022-10-18 21:56:34,937 [Command processor thread] INFO  server.RaftServer (RaftServerProxy.java:addNew(96)) - a654d2c7-f7ff-48c7-ad7c-d251fa206036: addNew group-F0FFDD42C000:[a654d2c7-f7ff-48c7-ad7c-d251fa206036|rpc:10.1.0.49:38659|priority:1] returns group-F0FFDD42C000:java.util.concurrent.CompletableFuture@547ac880[Not completed]
2022-10-18 21:56:34,938 [pool-632-thread-1] INFO  server.RaftServer$Division (RaftServerImpl.java:<init>(190)) - a654d2c7-f7ff-48c7-ad7c-d251fa206036: new RaftServerImpl for group-F0FFDD42C000:[a654d2c7-f7ff-48c7-ad7c-d251fa206036|rpc:10.1.0.49:38659|priority:1] with ContainerStateMachine:uninitialized
2022-10-18 21:56:34,938 [pool-632-thread-1] INFO  server.RaftServerConfigKeys (ConfUtils.java:logGet(46)) - raft.server.rpc.timeout.min = 5s (custom)
2022-10-18 21:56:34,938 [pool-632-thread-1] INFO  server.RaftServerConfigKeys (ConfUtils.java:logGet(46)) - raft.server.rpc.timeout.max = 5200ms (custom)
2022-10-18 21:56:34,938 [pool-632-thread-1] INFO  server.RaftServerConfigKeys (ConfUtils.java:logGet(46)) - raft.server.rpc.sleep.time = 25ms (default)
2022-10-18 21:56:34,938 [pool-632-thread-1] INFO  server.RaftServerConfigKeys (ConfUtils.java:logGet(46)) - raft.server.rpc.slowness.timeout = 300s (custom)
2022-10-18 21:56:34,938 [pool-632-thread-1] INFO  server.RaftServerConfigKeys (ConfUtils.java:logGet(46)) - raft.server.leaderelection.leader.step-down.wait-time = 10s (default)
2022-10-18 21:56:34,938 [pool-632-thread-1] INFO  server.RaftServerConfigKeys (ConfUtils.java:logGet(46)) - raft.server.sleep.deviation.threshold = 300ms (default)
2022-10-18 21:56:34,938 [pool-632-thread-1] INFO  server.RaftServer$Division (ServerState.java:<init>(107)) - a654d2c7-f7ff-48c7-ad7c-d251fa206036@group-F0FFDD42C000: ConfigurationManager, init=-1: [a654d2c7-f7ff-48c7-ad7c-d251fa206036|rpc:10.1.0.49:38659|priority:1], old=null, confs=<EMPTY_MAP>
2022-10-18 21:56:34,938 [pool-632-thread-1] INFO  server.RaftServerConfigKeys (ConfUtils.java:logGet(46)) - raft.server.storage.dir = [/home/runner/work/ozone/ozone/hadoop-ozone/integration-test/target/test-dir/MiniOzoneClusterImpl-1c94f07e-3edc-4d60-9c78-eaa851002676/datanode-1/data/ratis] (custom)
2022-10-18 21:56:34,938 [pool-632-thread-1] INFO  server.RaftServerConfigKeys (ConfUtils.java:logGet(46)) - raft.server.log.corruption.policy = EXCEPTION (default)
2022-10-18 21:56:34,938 [pool-632-thread-1] INFO  server.RaftServerConfigKeys (ConfUtils.java:logGet(46)) - raft.server.storage.free-space.min = 0MB (=0) (default)
2022-10-18 21:56:34,938 [pool-632-thread-1] INFO  storage.RaftStorageDirectory (RaftStorageDirectoryImpl.java:analyzeStorage(135)) - The storage directory /home/runner/work/ozone/ozone/hadoop-ozone/integration-test/target/test-dir/MiniOzoneClusterImpl-1c94f07e-3edc-4d60-9c78-eaa851002676/datanode-1/data/ratis/2c81ce7c-2fea-48cf-b36f-f0ffdd42c000 does not exist. Creating ...
2022-10-18 21:56:34,939 [pool-632-thread-1] INFO  storage.RaftStorageDirectory (RaftStorageDirectoryImpl.java:tryLock(230)) - Lock on /home/runner/work/ozone/ozone/hadoop-ozone/integration-test/target/test-dir/MiniOzoneClusterImpl-1c94f07e-3edc-4d60-9c78-eaa851002676/datanode-1/data/ratis/2c81ce7c-2fea-48cf-b36f-f0ffdd42c000/in_use.lock acquired by nodename 38880@fv-az368-376
2022-10-18 21:56:34,940 [pool-632-thread-1] INFO  storage.RaftStorage (RaftStorageImpl.java:format(89)) - Storage directory /home/runner/work/ozone/ozone/hadoop-ozone/integration-test/target/test-dir/MiniOzoneClusterImpl-1c94f07e-3edc-4d60-9c78-eaa851002676/datanode-1/data/ratis/2c81ce7c-2fea-48cf-b36f-f0ffdd42c000 has been successfully formatted.
2022-10-18 21:56:34,940 [pool-632-thread-1] INFO  ratis.ContainerStateMachine (ContainerStateMachine.java:loadSnapshot(236)) - group-F0FFDD42C000: The snapshot info is null. Setting the last applied indexto:(t:0, i:~)
2022-10-18 21:56:34,940 [pool-632-thread-1] INFO  server.RaftServerConfigKeys (ConfUtils.java:logGet(46)) - raft.server.notification.no-leader.timeout = 300s (custom)
2022-10-18 21:56:34,940 [pool-632-thread-1] INFO  server.RaftServerConfigKeys (ConfUtils.java:logGet(46)) - raft.server.log.use.memory = false (default)
2022-10-18 21:56:34,940 [pool-632-thread-1] INFO  server.RaftServerConfigKeys (ConfUtils.java:logGet(46)) - raft.server.log.purge.gap = 1000000 (custom)
2022-10-18 21:56:34,940 [pool-632-thread-1] INFO  server.RaftServerConfigKeys (ConfUtils.java:logGet(46)) - raft.server.log.appender.buffer.byte-limit = 33554432 (custom)
2022-10-18 21:56:34,940 [pool-632-thread-1] INFO  server.RaftServerConfigKeys (ConfUtils.java:logGet(46)) - raft.server.log.statemachine.data.read.timeout = 1000ms (default)
2022-10-18 21:56:34,940 [pool-632-thread-1] INFO  server.RaftServerConfigKeys (ConfUtils.java:logGet(46)) - raft.server.log.segment.size.max = 1048576 (custom)
2022-10-18 21:56:34,941 [pool-632-thread-1] INFO  server.RaftServerConfigKeys (ConfUtils.java:logGet(46)) - raft.server.log.segment.cache.num.max = 2 (custom)
2022-10-18 21:56:34,941 [pool-632-thread-1] INFO  server.RaftServerConfigKeys (ConfUtils.java:logGet(46)) - raft.server.log.segment.cache.size.max = 200MB (=209715200) (default)
2022-10-18 21:56:34,941 [pool-632-thread-1] INFO  segmented.SegmentedRaftLogWorker (SegmentedRaftLogWorker.java:<init>(187)) - new a654d2c7-f7ff-48c7-ad7c-d251fa206036@group-F0FFDD42C000-SegmentedRaftLogWorker for RaftStorageImpl:Storage Directory /home/runner/work/ozone/ozone/hadoop-ozone/integration-test/target/test-dir/MiniOzoneClusterImpl-1c94f07e-3edc-4d60-9c78-eaa851002676/datanode-1/data/ratis/2c81ce7c-2fea-48cf-b36f-f0ffdd42c000
2022-10-18 21:56:34,941 [pool-632-thread-1] INFO  server.RaftServerConfigKeys (ConfUtils.java:logGet(46)) - raft.server.log.queue.byte-limit = 4294967296 (custom)
2022-10-18 21:56:34,941 [pool-632-thread-1] INFO  server.RaftServerConfigKeys (ConfUtils.java:logGet(46)) - raft.server.log.queue.element-limit = 1024 (custom)
2022-10-18 21:56:34,941 [EventQueue-PipelineReportForPipelineReportHandler] INFO  pipeline.PipelineManagerImpl (PipelineManagerImpl.java:openPipeline(367)) - Pipeline Pipeline[ Id: 2c81ce7c-2fea-48cf-b36f-f0ffdd42c000, Nodes: a654d2c7-f7ff-48c7-ad7c-d251fa206036{ip: 10.1.0.49, host: fv-az368-376.2eqeunsjyj5ebgwla1snbw5zah.gx.internal.cloudapp.net, ports: [REPLICATION=40255, RATIS=38659, RATIS_ADMIN=38659, RATIS_SERVER=38659, STANDALONE=38089], networkLocation: /default-rack, certSerialId: null, persistedOpState: IN_SERVICE, persistedOpStateExpiryEpochSec: 0}, ReplicationConfig: RATIS/ONE, State:ALLOCATED, leaderId:a654d2c7-f7ff-48c7-ad7c-d251fa206036, CreationTimestamp2022-10-18T21:56:31.939Z[Etc/UTC]] moved to OPEN state
2022-10-18 21:56:34,941 [pool-632-thread-1] INFO  server.RaftServerConfigKeys (ConfUtils.java:logGet(46)) - raft.server.log.segment.size.max = 1048576 (custom)
2022-10-18 21:56:34,941 [pool-632-thread-1] INFO  server.RaftServerConfigKeys (ConfUtils.java:logGet(46)) - raft.server.log.preallocated.size = 16384 (custom)
2022-10-18 21:56:34,941 [pool-632-thread-1] INFO  server.RaftServerConfigKeys (ConfUtils.java:logGet(46)) - raft.server.log.force.sync.num = 128 (default)
2022-10-18 21:56:34,941 [pool-632-thread-1] INFO  server.RaftServerConfigKeys (ConfUtils.java:logGet(46)) - raft.server.log.statemachine.data.sync = true (default)
2022-10-18 21:56:34,941 [pool-632-thread-1] INFO  server.RaftServerConfigKeys (ConfUtils.java:logGet(46)) - raft.server.log.statemachine.data.sync.timeout = 10s (default)
2022-10-18 21:56:34,941 [pool-632-thread-1] INFO  server.RaftServerConfigKeys (ConfUtils.java:logGet(46)) - raft.server.log.statemachine.data.sync.timeout.retry = -1 (default)
2022-10-18 21:56:34,941 [EventQueue-OpenPipelineForHealthyPipelineSafeModeRule] INFO  safemode.SCMSafeModeManager (HealthyPipelineSafeModeRule.java:process(137)) - SCM in safe mode. Healthy pipelines reported count is 0, required healthy pipeline reported count is 1
2022-10-18 21:56:34,942 [pool-632-thread-1] INFO  server.RaftServerConfigKeys (ConfUtils.java:logGet(46)) - raft.server.log.write.buffer.size = 1048576 (custom)
2022-10-18 21:56:34,942 [pool-632-thread-1] INFO  server.RaftServerConfigKeys (ConfUtils.java:logGet(46)) - raft.server.log.unsafe-flush.enabled = false (default)
2022-10-18 21:56:34,942 [pool-632-thread-1] INFO  server.RaftServerConfigKeys (ConfUtils.java:logGet(46)) - raft.server.log.statemachine.data.caching.enabled = true (custom)
2022-10-18 21:56:34,942 [pool-632-thread-1] INFO  segmented.SegmentedRaftLogWorker (SegmentedRaftLogWorker.java:lambda$new$0(135)) - a654d2c7-f7ff-48c7-ad7c-d251fa206036@group-F0FFDD42C000-SegmentedRaftLogWorker: flushIndex: setUnconditionally 0 -> -1
2022-10-18 21:56:34,942 [pool-632-thread-1] INFO  segmented.SegmentedRaftLogWorker (SegmentedRaftLogWorker.java:lambda$new$0(135)) - a654d2c7-f7ff-48c7-ad7c-d251fa206036@group-F0FFDD42C000-SegmentedRaftLogWorker: safeCacheEvictIndex: setUnconditionally 0 -> -1
2022-10-18 21:56:34,943 [pool-632-thread-1] INFO  server.RaftServerConfigKeys (ConfUtils.java:logGet(46)) - raft.server.snapshot.auto.trigger.enabled = true (custom)
2022-10-18 21:56:34,943 [pool-632-thread-1] INFO  server.RaftServerConfigKeys (ConfUtils.java:logGet(46)) - raft.server.snapshot.auto.trigger.threshold = 10000 (custom)
2022-10-18 21:56:34,943 [pool-632-thread-1] INFO  server.RaftServerConfigKeys (ConfUtils.java:logGet(46)) - raft.server.snapshot.retention.file.num = 5 (custom)
2022-10-18 21:56:34,943 [pool-632-thread-1] INFO  server.RaftServerConfigKeys (ConfUtils.java:logGet(46)) - raft.server.log.purge.upto.snapshot.index = false (default)
2022-10-18 21:56:34,943 [pool-632-thread-1] INFO  server.RaftServerConfigKeys (ConfUtils.java:logGet(46)) - raft.server.retrycache.expirytime = 600000ms (custom)
2022-10-18 21:56:34,943 [pool-632-thread-1] INFO  server.RaftServerConfigKeys (ConfUtils.java:logGet(46)) - raft.server.retrycache.statistics.expirytime = 100μs (default)
2022-10-18 21:56:34,944 [pool-632-thread-1] INFO  server.RaftServerConfigKeys (ConfUtils.java:logGet(46)) - raft.server.log.appender.install.snapshot.enabled = false (custom)
2022-10-18 21:56:34,944 [pool-632-thread-1] INFO  server.RaftServerConfigKeys (ConfUtils.java:logGet(46)) - raft.server.threadpool.server.cached = true (default)
2022-10-18 21:56:34,944 [pool-632-thread-1] INFO  server.RaftServerConfigKeys (ConfUtils.java:logGet(46)) - raft.server.threadpool.server.size = 0 (default)
2022-10-18 21:56:34,944 [pool-632-thread-1] INFO  server.RaftServerConfigKeys (ConfUtils.java:logGet(46)) - raft.server.threadpool.client.cached = true (default)
2022-10-18 21:56:34,944 [pool-632-thread-1] INFO  server.RaftServerConfigKeys (ConfUtils.java:logGet(46)) - raft.server.threadpool.client.size = 0 (default)
2022-10-18 21:56:34,944 [pool-632-thread-1] INFO  server.RaftServer$Division (RaftServerImpl.java:start(310)) - a654d2c7-f7ff-48c7-ad7c-d251fa206036@group-F0FFDD42C000: start as a follower, conf=-1: [a654d2c7-f7ff-48c7-ad7c-d251fa206036|rpc:10.1.0.49:38659|priority:1], old=null
2022-10-18 21:56:34,944 [pool-632-thread-1] INFO  server.RaftServer$Division (RaftServerImpl.java:setRole(299)) - a654d2c7-f7ff-48c7-ad7c-d251fa206036@group-F0FFDD42C000: changes role from      null to FOLLOWER at term 0 for startAsFollower
2022-10-18 21:56:34,944 [pool-632-thread-1] INFO  impl.RoleInfo (RoleInfo.java:updateAndGet(139)) - a654d2c7-f7ff-48c7-ad7c-d251fa206036: start a654d2c7-f7ff-48c7-ad7c-d251fa206036@group-F0FFDD42C000-FollowerState
2022-10-18 21:56:34,944 [pool-632-thread-1] INFO  util.JmxRegister (JmxRegister.java:tryRegister(44)) - Successfully registered JMX Bean with object name Ratis:service=RaftServer,group=group-F0FFDD42C000,id=a654d2c7-f7ff-48c7-ad7c-d251fa206036
2022-10-18 21:56:34,945 [Command processor thread] INFO  ratis.XceiverServerRatis (XceiverServerRatis.java:addGroup(765)) - Created group PipelineID=2c81ce7c-2fea-48cf-b36f-f0ffdd42c000
2022-10-18 21:56:34,945 [Command processor thread] INFO  commandhandler.CreatePipelineCommandHandler (CreatePipelineCommandHandler.java:handle(113)) - Created Pipeline RATIS ONE PipelineID=2c81ce7c-2fea-48cf-b36f-f0ffdd42c000.
2022-10-18 21:56:35,131 [Command processor thread] INFO  server.RaftServer (RaftServerProxy.java:addNew(96)) - 50a22b0c-47fd-4b6b-ada4-fba3aa4f0b97: addNew group-1AE7CF5A518F:[50a22b0c-47fd-4b6b-ada4-fba3aa4f0b97|rpc:10.1.0.49:43291|priority:1] returns group-1AE7CF5A518F:java.util.concurrent.CompletableFuture@7f8880db[Not completed]
2022-10-18 21:56:35,132 [pool-655-thread-1] INFO  server.RaftServer$Division (RaftServerImpl.java:<init>(190)) - 50a22b0c-47fd-4b6b-ada4-fba3aa4f0b97: new RaftServerImpl for group-1AE7CF5A518F:[50a22b0c-47fd-4b6b-ada4-fba3aa4f0b97|rpc:10.1.0.49:43291|priority:1] with ContainerStateMachine:uninitialized
2022-10-18 21:56:35,132 [pool-655-thread-1] INFO  server.RaftServerConfigKeys (ConfUtils.java:logGet(46)) - raft.server.rpc.timeout.min = 5s (custom)
2022-10-18 21:56:35,132 [pool-655-thread-1] INFO  server.RaftServerConfigKeys (ConfUtils.java:logGet(46)) - raft.server.rpc.timeout.max = 5200ms (custom)
2022-10-18 21:56:35,132 [pool-655-thread-1] INFO  server.RaftServerConfigKeys (ConfUtils.java:logGet(46)) - raft.server.rpc.sleep.time = 25ms (default)
2022-10-18 21:56:35,132 [pool-655-thread-1] INFO  server.RaftServerConfigKeys (ConfUtils.java:logGet(46)) - raft.server.rpc.slowness.timeout = 300s (custom)
2022-10-18 21:56:35,132 [pool-655-thread-1] INFO  server.RaftServerConfigKeys (ConfUtils.java:logGet(46)) - raft.server.leaderelection.leader.step-down.wait-time = 10s (default)
2022-10-18 21:56:35,132 [pool-655-thread-1] INFO  server.RaftServerConfigKeys (ConfUtils.java:logGet(46)) - raft.server.sleep.deviation.threshold = 300ms (default)
2022-10-18 21:56:35,132 [pool-655-thread-1] INFO  server.RaftServer$Division (ServerState.java:<init>(107)) - 50a22b0c-47fd-4b6b-ada4-fba3aa4f0b97@group-1AE7CF5A518F: ConfigurationManager, init=-1: [50a22b0c-47fd-4b6b-ada4-fba3aa4f0b97|rpc:10.1.0.49:43291|priority:1], old=null, confs=<EMPTY_MAP>
2022-10-18 21:56:35,132 [pool-655-thread-1] INFO  server.RaftServerConfigKeys (ConfUtils.java:logGet(46)) - raft.server.storage.dir = [/home/runner/work/ozone/ozone/hadoop-ozone/integration-test/target/test-dir/MiniOzoneClusterImpl-1c94f07e-3edc-4d60-9c78-eaa851002676/datanode-2/data/ratis] (custom)
2022-10-18 21:56:35,132 [pool-655-thread-1] INFO  server.RaftServerConfigKeys (ConfUtils.java:logGet(46)) - raft.server.log.corruption.policy = EXCEPTION (default)
2022-10-18 21:56:35,132 [pool-655-thread-1] INFO  server.RaftServerConfigKeys (ConfUtils.java:logGet(46)) - raft.server.storage.free-space.min = 0MB (=0) (default)
2022-10-18 21:56:35,132 [pool-655-thread-1] INFO  storage.RaftStorageDirectory (RaftStorageDirectoryImpl.java:analyzeStorage(135)) - The storage directory /home/runner/work/ozone/ozone/hadoop-ozone/integration-test/target/test-dir/MiniOzoneClusterImpl-1c94f07e-3edc-4d60-9c78-eaa851002676/datanode-2/data/ratis/d3175268-4f0a-4a09-abcf-1ae7cf5a518f does not exist. Creating ...
2022-10-18 21:56:35,133 [pool-655-thread-1] INFO  storage.RaftStorageDirectory (RaftStorageDirectoryImpl.java:tryLock(230)) - Lock on /home/runner/work/ozone/ozone/hadoop-ozone/integration-test/target/test-dir/MiniOzoneClusterImpl-1c94f07e-3edc-4d60-9c78-eaa851002676/datanode-2/data/ratis/d3175268-4f0a-4a09-abcf-1ae7cf5a518f/in_use.lock acquired by nodename 38880@fv-az368-376
2022-10-18 21:56:35,134 [pool-655-thread-1] INFO  storage.RaftStorage (RaftStorageImpl.java:format(89)) - Storage directory /home/runner/work/ozone/ozone/hadoop-ozone/integration-test/target/test-dir/MiniOzoneClusterImpl-1c94f07e-3edc-4d60-9c78-eaa851002676/datanode-2/data/ratis/d3175268-4f0a-4a09-abcf-1ae7cf5a518f has been successfully formatted.
2022-10-18 21:56:35,134 [pool-655-thread-1] INFO  ratis.ContainerStateMachine (ContainerStateMachine.java:loadSnapshot(236)) - group-1AE7CF5A518F: The snapshot info is null. Setting the last applied indexto:(t:0, i:~)
2022-10-18 21:56:35,134 [pool-655-thread-1] INFO  server.RaftServerConfigKeys (ConfUtils.java:logGet(46)) - raft.server.notification.no-leader.timeout = 300s (custom)
2022-10-18 21:56:35,134 [pool-655-thread-1] INFO  server.RaftServerConfigKeys (ConfUtils.java:logGet(46)) - raft.server.log.use.memory = false (default)
2022-10-18 21:56:35,134 [pool-655-thread-1] INFO  server.RaftServerConfigKeys (ConfUtils.java:logGet(46)) - raft.server.log.purge.gap = 1000000 (custom)
2022-10-18 21:56:35,134 [pool-655-thread-1] INFO  server.RaftServerConfigKeys (ConfUtils.java:logGet(46)) - raft.server.log.appender.buffer.byte-limit = 33554432 (custom)
2022-10-18 21:56:35,134 [pool-655-thread-1] INFO  server.RaftServerConfigKeys (ConfUtils.java:logGet(46)) - raft.server.log.statemachine.data.read.timeout = 1000ms (default)
2022-10-18 21:56:35,134 [Listener at 127.0.0.1/40781] INFO  ozone.MiniOzoneClusterImpl (MiniOzoneClusterImpl.java:lambda$waitForClusterToBeReady$0(216)) - Nodes are ready. Got 3 of 3 DN Heartbeats.
2022-10-18 21:56:35,135 [pool-655-thread-1] INFO  server.RaftServerConfigKeys (ConfUtils.java:logGet(46)) - raft.server.log.segment.size.max = 1048576 (custom)
2022-10-18 21:56:35,135 [Listener at 127.0.0.1/40781] INFO  ozone.MiniOzoneClusterImpl (MiniOzoneClusterImpl.java:lambda$waitForClusterToBeReady$0(219)) - Waiting for cluster to exit safe mode
2022-10-18 21:56:35,135 [Listener at 127.0.0.1/40781] INFO  ozone.MiniOzoneClusterImpl (MiniOzoneClusterImpl.java:lambda$waitForClusterToBeReady$0(221)) - SCM became leader
2022-10-18 21:56:35,135 [pool-655-thread-1] INFO  server.RaftServerConfigKeys (ConfUtils.java:logGet(46)) - raft.server.log.segment.cache.num.max = 2 (custom)
2022-10-18 21:56:35,135 [pool-655-thread-1] INFO  server.RaftServerConfigKeys (ConfUtils.java:logGet(46)) - raft.server.log.segment.cache.size.max = 200MB (=209715200) (default)
2022-10-18 21:56:35,135 [pool-655-thread-1] INFO  segmented.SegmentedRaftLogWorker (SegmentedRaftLogWorker.java:<init>(187)) - new 50a22b0c-47fd-4b6b-ada4-fba3aa4f0b97@group-1AE7CF5A518F-SegmentedRaftLogWorker for RaftStorageImpl:Storage Directory /home/runner/work/ozone/ozone/hadoop-ozone/integration-test/target/test-dir/MiniOzoneClusterImpl-1c94f07e-3edc-4d60-9c78-eaa851002676/datanode-2/data/ratis/d3175268-4f0a-4a09-abcf-1ae7cf5a518f
2022-10-18 21:56:35,135 [pool-655-thread-1] INFO  server.RaftServerConfigKeys (ConfUtils.java:logGet(46)) - raft.server.log.queue.byte-limit = 4294967296 (custom)
2022-10-18 21:56:35,135 [pool-655-thread-1] INFO  server.RaftServerConfigKeys (ConfUtils.java:logGet(46)) - raft.server.log.queue.element-limit = 1024 (custom)
2022-10-18 21:56:35,135 [pool-655-thread-1] INFO  server.RaftServerConfigKeys (ConfUtils.java:logGet(46)) - raft.server.log.segment.size.max = 1048576 (custom)
2022-10-18 21:56:35,135 [pool-655-thread-1] INFO  server.RaftServerConfigKeys (ConfUtils.java:logGet(46)) - raft.server.log.preallocated.size = 16384 (custom)
2022-10-18 21:56:35,135 [pool-655-thread-1] INFO  server.RaftServerConfigKeys (ConfUtils.java:logGet(46)) - raft.server.log.force.sync.num = 128 (default)
2022-10-18 21:56:35,135 [pool-655-thread-1] INFO  server.RaftServerConfigKeys (ConfUtils.java:logGet(46)) - raft.server.log.statemachine.data.sync = true (default)
2022-10-18 21:56:35,135 [pool-655-thread-1] INFO  server.RaftServerConfigKeys (ConfUtils.java:logGet(46)) - raft.server.log.statemachine.data.sync.timeout = 10s (default)
2022-10-18 21:56:35,135 [pool-655-thread-1] INFO  server.RaftServerConfigKeys (ConfUtils.java:logGet(46)) - raft.server.log.statemachine.data.sync.timeout.retry = -1 (default)
2022-10-18 21:56:35,136 [EventQueue-PipelineReportForPipelineReportHandler] INFO  pipeline.PipelineManagerImpl (PipelineManagerImpl.java:openPipeline(367)) - Pipeline Pipeline[ Id: d3175268-4f0a-4a09-abcf-1ae7cf5a518f, Nodes: 50a22b0c-47fd-4b6b-ada4-fba3aa4f0b97{ip: 10.1.0.49, host: fv-az368-376.2eqeunsjyj5ebgwla1snbw5zah.gx.internal.cloudapp.net, ports: [REPLICATION=45281, RATIS=43291, RATIS_ADMIN=43291, RATIS_SERVER=43291, STANDALONE=45929], networkLocation: /default-rack, certSerialId: null, persistedOpState: IN_SERVICE, persistedOpStateExpiryEpochSec: 0}, ReplicationConfig: RATIS/ONE, State:ALLOCATED, leaderId:50a22b0c-47fd-4b6b-ada4-fba3aa4f0b97, CreationTimestamp2022-10-18T21:56:32.133Z[Etc/UTC]] moved to OPEN state
2022-10-18 21:56:35,136 [EventQueue-OpenPipelineForHealthyPipelineSafeModeRule] INFO  safemode.SCMSafeModeManager (HealthyPipelineSafeModeRule.java:process(137)) - SCM in safe mode. Healthy pipelines reported count is 0, required healthy pipeline reported count is 1
2022-10-18 21:56:35,136 [pool-655-thread-1] INFO  server.RaftServerConfigKeys (ConfUtils.java:logGet(46)) - raft.server.log.write.buffer.size = 1048576 (custom)
2022-10-18 21:56:35,136 [pool-655-thread-1] INFO  server.RaftServerConfigKeys (ConfUtils.java:logGet(46)) - raft.server.log.unsafe-flush.enabled = false (default)
2022-10-18 21:56:35,137 [pool-655-thread-1] INFO  server.RaftServerConfigKeys (ConfUtils.java:logGet(46)) - raft.server.log.statemachine.data.caching.enabled = true (custom)
2022-10-18 21:56:35,137 [pool-655-thread-1] INFO  segmented.SegmentedRaftLogWorker (SegmentedRaftLogWorker.java:lambda$new$0(135)) - 50a22b0c-47fd-4b6b-ada4-fba3aa4f0b97@group-1AE7CF5A518F-SegmentedRaftLogWorker: flushIndex: setUnconditionally 0 -> -1
2022-10-18 21:56:35,137 [pool-655-thread-1] INFO  segmented.SegmentedRaftLogWorker (SegmentedRaftLogWorker.java:lambda$new$0(135)) - 50a22b0c-47fd-4b6b-ada4-fba3aa4f0b97@group-1AE7CF5A518F-SegmentedRaftLogWorker: safeCacheEvictIndex: setUnconditionally 0 -> -1
2022-10-18 21:56:35,137 [pool-655-thread-1] INFO  server.RaftServerConfigKeys (ConfUtils.java:logGet(46)) - raft.server.snapshot.auto.trigger.enabled = true (custom)
2022-10-18 21:56:35,137 [pool-655-thread-1] INFO  server.RaftServerConfigKeys (ConfUtils.java:logGet(46)) - raft.server.snapshot.auto.trigger.threshold = 10000 (custom)
2022-10-18 21:56:35,137 [pool-655-thread-1] INFO  server.RaftServerConfigKeys (ConfUtils.java:logGet(46)) - raft.server.snapshot.retention.file.num = 5 (custom)
2022-10-18 21:56:35,137 [pool-655-thread-1] INFO  server.RaftServerConfigKeys (ConfUtils.java:logGet(46)) - raft.server.log.purge.upto.snapshot.index = false (default)
2022-10-18 21:56:35,137 [pool-655-thread-1] INFO  server.RaftServerConfigKeys (ConfUtils.java:logGet(46)) - raft.server.retrycache.expirytime = 600000ms (custom)
2022-10-18 21:56:35,137 [pool-655-thread-1] INFO  server.RaftServerConfigKeys (ConfUtils.java:logGet(46)) - raft.server.retrycache.statistics.expirytime = 100μs (default)
2022-10-18 21:56:35,138 [pool-655-thread-1] INFO  server.RaftServerConfigKeys (ConfUtils.java:logGet(46)) - raft.server.log.appender.install.snapshot.enabled = false (custom)
2022-10-18 21:56:35,138 [pool-655-thread-1] INFO  server.RaftServerConfigKeys (ConfUtils.java:logGet(46)) - raft.server.threadpool.server.cached = true (default)
2022-10-18 21:56:35,138 [pool-655-thread-1] INFO  server.RaftServerConfigKeys (ConfUtils.java:logGet(46)) - raft.server.threadpool.server.size = 0 (default)
2022-10-18 21:56:35,138 [pool-655-thread-1] INFO  server.RaftServerConfigKeys (ConfUtils.java:logGet(46)) - raft.server.threadpool.client.cached = true (default)
2022-10-18 21:56:35,138 [pool-655-thread-1] INFO  server.RaftServerConfigKeys (ConfUtils.java:logGet(46)) - raft.server.threadpool.client.size = 0 (default)
2022-10-18 21:56:35,139 [pool-655-thread-1] INFO  server.RaftServer$Division (RaftServerImpl.java:start(310)) - 50a22b0c-47fd-4b6b-ada4-fba3aa4f0b97@group-1AE7CF5A518F: start as a follower, conf=-1: [50a22b0c-47fd-4b6b-ada4-fba3aa4f0b97|rpc:10.1.0.49:43291|priority:1], old=null
2022-10-18 21:56:35,139 [pool-655-thread-1] INFO  server.RaftServer$Division (RaftServerImpl.java:setRole(299)) - 50a22b0c-47fd-4b6b-ada4-fba3aa4f0b97@group-1AE7CF5A518F: changes role from      null to FOLLOWER at term 0 for startAsFollower
2022-10-18 21:56:35,139 [pool-655-thread-1] INFO  impl.RoleInfo (RoleInfo.java:updateAndGet(139)) - 50a22b0c-47fd-4b6b-ada4-fba3aa4f0b97: start 50a22b0c-47fd-4b6b-ada4-fba3aa4f0b97@group-1AE7CF5A518F-FollowerState
2022-10-18 21:56:35,139 [pool-655-thread-1] INFO  util.JmxRegister (JmxRegister.java:tryRegister(44)) - Successfully registered JMX Bean with object name Ratis:service=RaftServer,group=group-1AE7CF5A518F,id=50a22b0c-47fd-4b6b-ada4-fba3aa4f0b97
2022-10-18 21:56:35,139 [Command processor thread] INFO  ratis.XceiverServerRatis (XceiverServerRatis.java:addGroup(765)) - Created group PipelineID=d3175268-4f0a-4a09-abcf-1ae7cf5a518f
2022-10-18 21:56:35,139 [Command processor thread] INFO  commandhandler.CreatePipelineCommandHandler (CreatePipelineCommandHandler.java:handle(113)) - Created Pipeline RATIS ONE PipelineID=d3175268-4f0a-4a09-abcf-1ae7cf5a518f.
2022-10-18 21:56:35,499 [omNode-1@group-523986131536-FollowerState] INFO  impl.FollowerState (FollowerState.java:run(143)) - omNode-1@group-523986131536-FollowerState: change to CANDIDATE, lastRpcElapsedTime:10741027219ns, electionTimeout:1005ms
2022-10-18 21:56:35,500 [omNode-1@group-523986131536-FollowerState] INFO  impl.RoleInfo (RoleInfo.java:shutdownFollowerState(110)) - omNode-1: shutdown omNode-1@group-523986131536-FollowerState
2022-10-18 21:56:35,500 [omNode-1@group-523986131536-FollowerState] INFO  server.RaftServer$Division (RaftServerImpl.java:setRole(299)) - omNode-1@group-523986131536: changes role from  FOLLOWER to CANDIDATE at term 6 for changeToCandidate
2022-10-18 21:56:35,500 [omNode-1@group-523986131536-FollowerState] INFO  server.RaftServerConfigKeys (ConfUtils.java:logGet(46)) - raft.server.leaderelection.pre-vote = false (custom)
2022-10-18 21:56:35,500 [omNode-1@group-523986131536-FollowerState] INFO  impl.RoleInfo (RoleInfo.java:updateAndGet(139)) - omNode-1: start omNode-1@group-523986131536-LeaderElection16
2022-10-18 21:56:35,501 [omNode-1@group-523986131536-LeaderElection16] INFO  server.RaftServer$Division (ServerState.java:setLeader(287)) - omNode-1@group-523986131536: change Leader from omNode-1 to null at term 6 for ELECTION
2022-10-18 21:56:35,501 [omNode-1@group-523986131536-LeaderElection16] ERROR impl.LeaderElection (LeaderElection.java:run(252)) - omNode-1@group-523986131536-LeaderElection16: Failed, state=RUNNING
java.io.FileNotFoundException: /home/runner/work/ozone/ozone/hadoop-ozone/integration-test/target/test-dir/MiniOzoneClusterImpl-285291dc-83a3-4c49-94f6-5e759e1760ea/omNode-1/ratis/c9bc4cf4-3bc3-3c60-a66b-523986131536/current/raft-meta.tmp (No such file or directory)
	at java.io.FileOutputStream.open0(Native Method)
	at java.io.FileOutputStream.open(FileOutputStream.java:270)
	at java.io.FileOutputStream.<init>(FileOutputStream.java:213)
	at java.io.FileOutputStream.<init>(FileOutputStream.java:162)
	at org.apache.ratis.util.AtomicFileOutputStream.<init>(AtomicFileOutputStream.java:63)
	at org.apache.ratis.util.AtomicFileOutputStream.<init>(AtomicFileOutputStream.java:59)
	at org.apache.ratis.server.storage.RaftStorageMetadataFileImpl.atomicWrite(RaftStorageMetadataFileImpl.java:80)
	at org.apache.ratis.server.storage.RaftStorageMetadataFileImpl.lambda$persist$1(RaftStorageMetadataFileImpl.java:61)
	at org.apache.ratis.util.ConcurrentUtils.lambda$updateAndGet$0(ConcurrentUtils.java:50)
	at java.util.concurrent.atomic.AtomicReference.updateAndGet(AtomicReference.java:179)
	at org.apache.ratis.util.ConcurrentUtils.updateAndGet(ConcurrentUtils.java:48)
	at org.apache.ratis.server.storage.RaftStorageMetadataFileImpl.persist(RaftStorageMetadataFileImpl.java:60)
	at org.apache.ratis.server.raftlog.segmented.SegmentedRaftLog.persistMetadata(SegmentedRaftLog.java:471)
	at org.apache.ratis.server.impl.ServerState.persistMetadata(ServerState.java:259)
	at org.apache.ratis.server.impl.ServerState.initElection(ServerState.java:251)
	at org.apache.ratis.server.impl.LeaderElection.askForVotes(LeaderElection.java:305)
	at org.apache.ratis.server.impl.LeaderElection.run(LeaderElection.java:238)
	at java.lang.Thread.run(Thread.java:750)
2022-10-18 21:56:36,135 [Listener at 127.0.0.1/40781] INFO  ozone.MiniOzoneClusterImpl (MiniOzoneClusterImpl.java:lambda$waitForClusterToBeReady$0(216)) - Nodes are ready. Got 3 of 3 DN Heartbeats.
2022-10-18 21:56:36,135 [Listener at 127.0.0.1/40781] INFO  ozone.MiniOzoneClusterImpl (MiniOzoneClusterImpl.java:lambda$waitForClusterToBeReady$0(219)) - Waiting for cluster to exit safe mode
2022-10-18 21:56:36,135 [Listener at 127.0.0.1/40781] INFO  ozone.MiniOzoneClusterImpl (MiniOzoneClusterImpl.java:lambda$waitForClusterToBeReady$0(221)) - SCM became leader
2022-10-18 21:56:37,136 [Listener at 127.0.0.1/40781] INFO  ozone.MiniOzoneClusterImpl (MiniOzoneClusterImpl.java:lambda$waitForClusterToBeReady$0(216)) - Nodes are ready. Got 3 of 3 DN Heartbeats.
2022-10-18 21:56:37,136 [Listener at 127.0.0.1/40781] INFO  ozone.MiniOzoneClusterImpl (MiniOzoneClusterImpl.java:lambda$waitForClusterToBeReady$0(219)) - Waiting for cluster to exit safe mode
2022-10-18 21:56:37,136 [Listener at 127.0.0.1/40781] INFO  ozone.MiniOzoneClusterImpl (MiniOzoneClusterImpl.java:lambda$waitForClusterToBeReady$0(221)) - SCM became leader
2022-10-18 21:56:38,137 [Listener at 127.0.0.1/40781] INFO  ozone.MiniOzoneClusterImpl (MiniOzoneClusterImpl.java:lambda$waitForClusterToBeReady$0(216)) - Nodes are ready. Got 3 of 3 DN Heartbeats.
2022-10-18 21:56:38,137 [Listener at 127.0.0.1/40781] INFO  ozone.MiniOzoneClusterImpl (MiniOzoneClusterImpl.java:lambda$waitForClusterToBeReady$0(219)) - Waiting for cluster to exit safe mode
2022-10-18 21:56:38,137 [Listener at 127.0.0.1/40781] INFO  ozone.MiniOzoneClusterImpl (MiniOzoneClusterImpl.java:lambda$waitForClusterToBeReady$0(221)) - SCM became leader
2022-10-18 21:56:39,137 [Listener at 127.0.0.1/40781] INFO  ozone.MiniOzoneClusterImpl (MiniOzoneClusterImpl.java:lambda$waitForClusterToBeReady$0(216)) - Nodes are ready. Got 3 of 3 DN Heartbeats.
2022-10-18 21:56:39,137 [Listener at 127.0.0.1/40781] INFO  ozone.MiniOzoneClusterImpl (MiniOzoneClusterImpl.java:lambda$waitForClusterToBeReady$0(219)) - Waiting for cluster to exit safe mode
2022-10-18 21:56:39,137 [Listener at 127.0.0.1/40781] INFO  ozone.MiniOzoneClusterImpl (MiniOzoneClusterImpl.java:lambda$waitForClusterToBeReady$0(221)) - SCM became leader
2022-10-18 21:56:39,805 [a654d2c7-f7ff-48c7-ad7c-d251fa206036@group-B6E9999B6E6E-FollowerState] INFO  impl.FollowerState (FollowerState.java:run(143)) - a654d2c7-f7ff-48c7-ad7c-d251fa206036@group-B6E9999B6E6E-FollowerState: change to CANDIDATE, lastRpcElapsedTime:5045214610ns, electionTimeout:5045ms
2022-10-18 21:56:39,805 [a654d2c7-f7ff-48c7-ad7c-d251fa206036@group-B6E9999B6E6E-FollowerState] INFO  impl.RoleInfo (RoleInfo.java:shutdownFollowerState(110)) - a654d2c7-f7ff-48c7-ad7c-d251fa206036: shutdown a654d2c7-f7ff-48c7-ad7c-d251fa206036@group-B6E9999B6E6E-FollowerState
2022-10-18 21:56:39,805 [a654d2c7-f7ff-48c7-ad7c-d251fa206036@group-B6E9999B6E6E-FollowerState] INFO  server.RaftServer$Division (RaftServerImpl.java:setRole(299)) - a654d2c7-f7ff-48c7-ad7c-d251fa206036@group-B6E9999B6E6E: changes role from  FOLLOWER to CANDIDATE at term 0 for changeToCandidate
2022-10-18 21:56:39,805 [a654d2c7-f7ff-48c7-ad7c-d251fa206036@group-B6E9999B6E6E-FollowerState] INFO  server.RaftServerConfigKeys (ConfUtils.java:logGet(46)) - raft.server.leaderelection.pre-vote = false (custom)
2022-10-18 21:56:39,805 [a654d2c7-f7ff-48c7-ad7c-d251fa206036@group-B6E9999B6E6E-FollowerState] INFO  impl.RoleInfo (RoleInfo.java:updateAndGet(139)) - a654d2c7-f7ff-48c7-ad7c-d251fa206036: start a654d2c7-f7ff-48c7-ad7c-d251fa206036@group-B6E9999B6E6E-LeaderElection17
2022-10-18 21:56:39,808 [a654d2c7-f7ff-48c7-ad7c-d251fa206036@group-B6E9999B6E6E-LeaderElection17] INFO  impl.LeaderElection (LeaderElection.java:askForVotes(310)) - a654d2c7-f7ff-48c7-ad7c-d251fa206036@group-B6E9999B6E6E-LeaderElection17 ELECTION round 0: submit vote requests at term 1 for -1: [930eb83a-4a64-48b4-8e1f-5a852630038a|rpc:10.1.0.49:42415|dataStream:|priority:0, 50a22b0c-47fd-4b6b-ada4-fba3aa4f0b97|rpc:10.1.0.49:43291|dataStream:|priority:0, a654d2c7-f7ff-48c7-ad7c-d251fa206036|rpc:10.1.0.49:38659|dataStream:|priority:1], old=null
2022-10-18 21:56:39,812 [grpc-default-executor-2] INFO  server.RaftServer$Division (RaftServerImpl.java:requestVote(1152)) - 50a22b0c-47fd-4b6b-ada4-fba3aa4f0b97@group-B6E9999B6E6E: receive requestVote(ELECTION, a654d2c7-f7ff-48c7-ad7c-d251fa206036, group-B6E9999B6E6E, 1, (t:0, i:0))
2022-10-18 21:56:39,812 [grpc-default-executor-2] INFO  impl.VoteContext (VoteContext.java:log(48)) - 50a22b0c-47fd-4b6b-ada4-fba3aa4f0b97@group-B6E9999B6E6E-FOLLOWER: accept ELECTION from a654d2c7-f7ff-48c7-ad7c-d251fa206036: our priority 0 <= candidate's priority 1
2022-10-18 21:56:39,812 [grpc-default-executor-3] INFO  server.RaftServer$Division (RaftServerImpl.java:requestVote(1152)) - 930eb83a-4a64-48b4-8e1f-5a852630038a@group-B6E9999B6E6E: receive requestVote(ELECTION, a654d2c7-f7ff-48c7-ad7c-d251fa206036, group-B6E9999B6E6E, 1, (t:0, i:0))
2022-10-18 21:56:39,812 [grpc-default-executor-2] INFO  server.RaftServer$Division (RaftServerImpl.java:setRole(299)) - 50a22b0c-47fd-4b6b-ada4-fba3aa4f0b97@group-B6E9999B6E6E: changes role from  FOLLOWER to FOLLOWER at term 1 for candidate:a654d2c7-f7ff-48c7-ad7c-d251fa206036
2022-10-18 21:56:39,812 [grpc-default-executor-3] INFO  impl.VoteContext (VoteContext.java:log(48)) - 930eb83a-4a64-48b4-8e1f-5a852630038a@group-B6E9999B6E6E-FOLLOWER: accept ELECTION from a654d2c7-f7ff-48c7-ad7c-d251fa206036: our priority 0 <= candidate's priority 1
2022-10-18 21:56:39,812 [grpc-default-executor-2] INFO  impl.RoleInfo (RoleInfo.java:shutdownFollowerState(110)) - 50a22b0c-47fd-4b6b-ada4-fba3aa4f0b97: shutdown 50a22b0c-47fd-4b6b-ada4-fba3aa4f0b97@group-B6E9999B6E6E-FollowerState
2022-10-18 21:56:39,812 [grpc-default-executor-3] INFO  server.RaftServer$Division (RaftServerImpl.java:setRole(299)) - 930eb83a-4a64-48b4-8e1f-5a852630038a@group-B6E9999B6E6E: changes role from  FOLLOWER to FOLLOWER at term 1 for candidate:a654d2c7-f7ff-48c7-ad7c-d251fa206036
2022-10-18 21:56:39,812 [grpc-default-executor-3] INFO  impl.RoleInfo (RoleInfo.java:shutdownFollowerState(110)) - 930eb83a-4a64-48b4-8e1f-5a852630038a: shutdown 930eb83a-4a64-48b4-8e1f-5a852630038a@group-B6E9999B6E6E-FollowerState
2022-10-18 21:56:39,812 [grpc-default-executor-2] INFO  impl.RoleInfo (RoleInfo.java:updateAndGet(139)) - 50a22b0c-47fd-4b6b-ada4-fba3aa4f0b97: start 50a22b0c-47fd-4b6b-ada4-fba3aa4f0b97@group-B6E9999B6E6E-FollowerState
2022-10-18 21:56:39,812 [grpc-default-executor-3] INFO  impl.RoleInfo (RoleInfo.java:updateAndGet(139)) - 930eb83a-4a64-48b4-8e1f-5a852630038a: start 930eb83a-4a64-48b4-8e1f-5a852630038a@group-B6E9999B6E6E-FollowerState
2022-10-18 21:56:39,812 [930eb83a-4a64-48b4-8e1f-5a852630038a@group-B6E9999B6E6E-FollowerState] INFO  impl.FollowerState (FollowerState.java:run(152)) - 930eb83a-4a64-48b4-8e1f-5a852630038a@group-B6E9999B6E6E-FollowerState was interrupted
2022-10-18 21:56:39,812 [50a22b0c-47fd-4b6b-ada4-fba3aa4f0b97@group-B6E9999B6E6E-FollowerState] INFO  impl.FollowerState (FollowerState.java:run(152)) - 50a22b0c-47fd-4b6b-ada4-fba3aa4f0b97@group-B6E9999B6E6E-FollowerState was interrupted
2022-10-18 21:56:39,813 [grpc-default-executor-3] INFO  server.RaftServer$Division (RaftServerImpl.java:requestVote(1184)) - 930eb83a-4a64-48b4-8e1f-5a852630038a@group-B6E9999B6E6E replies to ELECTION vote request: a654d2c7-f7ff-48c7-ad7c-d251fa206036<-930eb83a-4a64-48b4-8e1f-5a852630038a#0:OK-t1. Peer's state: 930eb83a-4a64-48b4-8e1f-5a852630038a@group-B6E9999B6E6E:t1, leader=null, voted=a654d2c7-f7ff-48c7-ad7c-d251fa206036, raftlog=930eb83a-4a64-48b4-8e1f-5a852630038a@group-B6E9999B6E6E-SegmentedRaftLog:OPENED:c-1, conf=-1: [930eb83a-4a64-48b4-8e1f-5a852630038a|rpc:10.1.0.49:42415|priority:0, 50a22b0c-47fd-4b6b-ada4-fba3aa4f0b97|rpc:10.1.0.49:43291|priority:0, a654d2c7-f7ff-48c7-ad7c-d251fa206036|rpc:10.1.0.49:38659|priority:1], old=null
2022-10-18 21:56:39,814 [grpc-default-executor-2] INFO  server.RaftServer$Division (RaftServerImpl.java:requestVote(1184)) - 50a22b0c-47fd-4b6b-ada4-fba3aa4f0b97@group-B6E9999B6E6E replies to ELECTION vote request: a654d2c7-f7ff-48c7-ad7c-d251fa206036<-50a22b0c-47fd-4b6b-ada4-fba3aa4f0b97#0:OK-t1. Peer's state: 50a22b0c-47fd-4b6b-ada4-fba3aa4f0b97@group-B6E9999B6E6E:t1, leader=null, voted=a654d2c7-f7ff-48c7-ad7c-d251fa206036, raftlog=50a22b0c-47fd-4b6b-ada4-fba3aa4f0b97@group-B6E9999B6E6E-SegmentedRaftLog:OPENED:c-1, conf=-1: [930eb83a-4a64-48b4-8e1f-5a852630038a|rpc:10.1.0.49:42415|dataStream:|priority:0, 50a22b0c-47fd-4b6b-ada4-fba3aa4f0b97|rpc:10.1.0.49:43291|dataStream:|priority:0, a654d2c7-f7ff-48c7-ad7c-d251fa206036|rpc:10.1.0.49:38659|dataStream:|priority:1], old=null
2022-10-18 21:56:39,814 [a654d2c7-f7ff-48c7-ad7c-d251fa206036@group-B6E9999B6E6E-LeaderElection17] INFO  impl.LeaderElection (LeaderElection.java:logAndReturn(90)) - a654d2c7-f7ff-48c7-ad7c-d251fa206036@group-B6E9999B6E6E-LeaderElection17: ELECTION PASSED received 1 response(s) and 0 exception(s):
2022-10-18 21:56:39,814 [a654d2c7-f7ff-48c7-ad7c-d251fa206036@group-B6E9999B6E6E-LeaderElection17] INFO  impl.LeaderElection (LeaderElection.java:logAndReturn(94)) -   Response 0: a654d2c7-f7ff-48c7-ad7c-d251fa206036<-930eb83a-4a64-48b4-8e1f-5a852630038a#0:OK-t1
2022-10-18 21:56:39,814 [a654d2c7-f7ff-48c7-ad7c-d251fa206036@group-B6E9999B6E6E-LeaderElection17] INFO  impl.LeaderElection (LeaderElection.java:askForVotes(312)) - a654d2c7-f7ff-48c7-ad7c-d251fa206036@group-B6E9999B6E6E-LeaderElection17 ELECTION round 0: result PASSED
2022-10-18 21:56:39,814 [a654d2c7-f7ff-48c7-ad7c-d251fa206036@group-B6E9999B6E6E-LeaderElection17] INFO  impl.RoleInfo (RoleInfo.java:shutdownLeaderElection(130)) - a654d2c7-f7ff-48c7-ad7c-d251fa206036: shutdown a654d2c7-f7ff-48c7-ad7c-d251fa206036@group-B6E9999B6E6E-LeaderElection17
2022-10-18 21:56:39,814 [a654d2c7-f7ff-48c7-ad7c-d251fa206036@group-B6E9999B6E6E-LeaderElection17] INFO  server.RaftServer$Division (RaftServerImpl.java:setRole(299)) - a654d2c7-f7ff-48c7-ad7c-d251fa206036@group-B6E9999B6E6E: changes role from CANDIDATE to LEADER at term 1 for changeToLeader
2022-10-18 21:56:39,814 [a654d2c7-f7ff-48c7-ad7c-d251fa206036@group-B6E9999B6E6E-LeaderElection17] INFO  ratis.XceiverServerRatis (XceiverServerRatis.java:handleLeaderChangedNotification(863)) - Leader change notification received for group: group-B6E9999B6E6E with new leaderId: a654d2c7-f7ff-48c7-ad7c-d251fa206036
2022-10-18 21:56:39,814 [a654d2c7-f7ff-48c7-ad7c-d251fa206036@group-B6E9999B6E6E-LeaderElection17] INFO  server.RaftServer$Division (ServerState.java:setLeader(287)) - a654d2c7-f7ff-48c7-ad7c-d251fa206036@group-B6E9999B6E6E: change Leader from null to a654d2c7-f7ff-48c7-ad7c-d251fa206036 at term 1 for becomeLeader, leader elected after 5057ms
2022-10-18 21:56:39,814 [a654d2c7-f7ff-48c7-ad7c-d251fa206036@group-B6E9999B6E6E-LeaderElection17] INFO  server.RaftServerConfigKeys (ConfUtils.java:logGet(46)) - raft.server.staging.catchup.gap = 1000 (default)
2022-10-18 21:56:39,815 [a654d2c7-f7ff-48c7-ad7c-d251fa206036@group-B6E9999B6E6E-LeaderElection17] INFO  server.RaftServerConfigKeys (ConfUtils.java:logGet(46)) - raft.server.write.element-limit = 1024 (custom)
2022-10-18 21:56:39,815 [a654d2c7-f7ff-48c7-ad7c-d251fa206036@group-B6E9999B6E6E-LeaderElection17] INFO  server.RaftServerConfigKeys (ConfUtils.java:logGet(46)) - raft.server.write.byte-limit = 1024 M (=1073741824) (custom)
2022-10-18 21:56:39,815 [a654d2c7-f7ff-48c7-ad7c-d251fa206036@group-B6E9999B6E6E-LeaderElection17] INFO  server.RaftServerConfigKeys (ConfUtils.java:logGet(46)) - raft.server.watch.timeout = 180s (custom)
2022-10-18 21:56:39,815 [a654d2c7-f7ff-48c7-ad7c-d251fa206036@group-B6E9999B6E6E-LeaderElection17] INFO  server.RaftServerConfigKeys (ConfUtils.java:logGet(46)) - raft.server.watch.timeout.denomination = 1s (default)
2022-10-18 21:56:39,815 [a654d2c7-f7ff-48c7-ad7c-d251fa206036@group-B6E9999B6E6E-LeaderElection17] INFO  server.RaftServerConfigKeys (ConfUtils.java:logGet(46)) - raft.server.watch.element-limit = 65536 (default)
2022-10-18 21:56:39,815 [a654d2c7-f7ff-48c7-ad7c-d251fa206036@group-B6E9999B6E6E-LeaderElection17] INFO  server.RaftServerConfigKeys (ConfUtils.java:logGet(46)) - raft.server.write.element-limit = 1024 (custom)
2022-10-18 21:56:39,815 [a654d2c7-f7ff-48c7-ad7c-d251fa206036@group-B6E9999B6E6E-LeaderElection17] INFO  server.RaftServerConfigKeys (ConfUtils.java:logGet(46)) - raft.server.write.follower.gap.ratio.max = -1.0 (default)
2022-10-18 21:56:39,815 [EventQueue-PipelineReportForPipelineReportHandler] INFO  pipeline.PipelineManagerImpl (PipelineManagerImpl.java:openPipeline(367)) - Pipeline Pipeline[ Id: e2b0de3e-c805-4c42-bbc7-b6e9999b6e6e, Nodes: a654d2c7-f7ff-48c7-ad7c-d251fa206036{ip: 10.1.0.49, host: fv-az368-376.2eqeunsjyj5ebgwla1snbw5zah.gx.internal.cloudapp.net, ports: [REPLICATION=40255, RATIS=38659, RATIS_ADMIN=38659, RATIS_SERVER=38659, STANDALONE=38089], networkLocation: /default-rack, certSerialId: null, persistedOpState: IN_SERVICE, persistedOpStateExpiryEpochSec: 0}930eb83a-4a64-48b4-8e1f-5a852630038a{ip: 10.1.0.49, host: fv-az368-376.2eqeunsjyj5ebgwla1snbw5zah.gx.internal.cloudapp.net, ports: [REPLICATION=42189, RATIS=42415, RATIS_ADMIN=42415, RATIS_SERVER=42415, STANDALONE=38147], networkLocation: /default-rack, certSerialId: null, persistedOpState: IN_SERVICE, persistedOpStateExpiryEpochSec: 0}50a22b0c-47fd-4b6b-ada4-fba3aa4f0b97{ip: 10.1.0.49, host: fv-az368-376.2eqeunsjyj5ebgwla1snbw5zah.gx.internal.cloudapp.net, ports: [REPLICATION=45281, RATIS=43291, RATIS_ADMIN=43291, RATIS_SERVER=43291, STANDALONE=45929], networkLocation: /default-rack, certSerialId: null, persistedOpState: IN_SERVICE, persistedOpStateExpiryEpochSec: 0}, ReplicationConfig: RATIS/THREE, State:ALLOCATED, leaderId:a654d2c7-f7ff-48c7-ad7c-d251fa206036, CreationTimestamp2022-10-18T21:56:32.134Z[Etc/UTC]] moved to OPEN state
2022-10-18 21:56:39,816 [EventQueue-OpenPipelineForHealthyPipelineSafeModeRule] INFO  safemode.SCMSafeModeManager (HealthyPipelineSafeModeRule.java:process(137)) - SCM in safe mode. Healthy pipelines reported count is 1, required healthy pipeline reported count is 1
2022-10-18 21:56:39,816 [EventQueue-OpenPipelineForHealthyPipelineSafeModeRule] INFO  safemode.SCMSafeModeManager (SCMSafeModeManager.java:validateSafeModeExitRules(204)) - HealthyPipelineSafeModeRule rule is successfully validated
2022-10-18 21:56:39,816 [EventQueue-OpenPipelineForHealthyPipelineSafeModeRule] INFO  safemode.SCMSafeModeManager (SCMSafeModeManager.java:validateSafeModeExitRules(219)) - ScmSafeModeManager, all rules are successfully validated
2022-10-18 21:56:39,816 [EventQueue-OpenPipelineForHealthyPipelineSafeModeRule] INFO  safemode.SCMSafeModeManager (SCMSafeModeManager.java:exitSafeMode(248)) - SCM exiting safe mode.
2022-10-18 21:56:39,816 [a654d2c7-f7ff-48c7-ad7c-d251fa206036@group-B6E9999B6E6E-LeaderElection17] INFO  server.RaftServerConfigKeys (ConfUtils.java:logGet(46)) - raft.server.log.appender.snapshot.chunk.size.max = 16MB (=16777216) (default)
2022-10-18 21:56:39,816 [EventQueue-OpenPipelineForHealthyPipelineSafeModeRule] WARN  events.EventQueue (EventQueue.java:fireEvent(216)) - No event handler registered for event TypedEvent{payloadType=SafeModeStatus, name='Safe mode status'}
2022-10-18 21:56:39,816 [a654d2c7-f7ff-48c7-ad7c-d251fa206036@group-B6E9999B6E6E-LeaderElection17] INFO  server.RaftServerConfigKeys (ConfUtils.java:logGet(46)) - raft.server.log.appender.buffer.byte-limit = 33554432 (custom)
2022-10-18 21:56:39,816 [EventQueue-OpenPipelineForHealthyPipelineSafeModeRule] INFO  ha.SCMContext (SCMContext.java:updateSafeModeStatus(228)) - Update SafeModeStatus from SafeModeStatus{safeModeStatus=true, preCheckPassed=true} to SafeModeStatus{safeModeStatus=false, preCheckPassed=true}.
2022-10-18 21:56:39,816 [a654d2c7-f7ff-48c7-ad7c-d251fa206036@group-B6E9999B6E6E-LeaderElection17] INFO  server.RaftServerConfigKeys (ConfUtils.java:logGet(46)) - raft.server.log.appender.buffer.element-limit = 1 (custom)
2022-10-18 21:56:39,816 [EventQueue-OpenPipelineForHealthyPipelineSafeModeRule] INFO  pipeline.BackgroundPipelineCreator (BackgroundPipelineCreator.java:notifyStatusChanged(254)) - Service BackgroundPipelineCreator transitions to RUNNING.
2022-10-18 21:56:39,816 [EventQueue-OpenPipelineForHealthyPipelineSafeModeRule] INFO  BackgroundPipelineScrubber (BackgroundSCMService.java:notifyStatusChanged(82)) - Service BackgroundPipelineScrubber transitions to RUNNING.
2022-10-18 21:56:39,816 [a654d2c7-f7ff-48c7-ad7c-d251fa206036@group-B6E9999B6E6E-LeaderElection17] INFO  grpc.GrpcConfigKeys (ConfUtils.java:logGet(46)) - raft.grpc.server.leader.outstanding.appends.max = 128 (default)
2022-10-18 21:56:39,816 [EventQueue-OpenPipelineForHealthyPipelineSafeModeRule] INFO  ExpiredContainerReplicaOpScrubber (BackgroundSCMService.java:notifyStatusChanged(82)) - Service ExpiredContainerReplicaOpScrubber transitions to RUNNING.
2022-10-18 21:56:39,816 [a654d2c7-f7ff-48c7-ad7c-d251fa206036@group-B6E9999B6E6E-LeaderElection17] INFO  server.RaftServerConfigKeys (ConfUtils.java:logGet(46)) - raft.server.rpc.request.timeout = 60s (custom)
2022-10-18 21:56:39,816 [EventQueue-OpenPipelineForHealthyPipelineSafeModeRule] INFO  replication.ReplicationManager (ReplicationManager.java:notifyStatusChanged(761)) - Service ReplicationManager transitions to RUNNING.
2022-10-18 21:56:39,816 [a654d2c7-f7ff-48c7-ad7c-d251fa206036@group-B6E9999B6E6E-LeaderElection17] INFO  server.RaftServerConfigKeys (ConfUtils.java:logGet(46)) - raft.server.log.appender.install.snapshot.enabled = false (custom)
2022-10-18 21:56:39,816 [EventQueue-OpenPipelineForHealthyPipelineSafeModeRule] WARN  balancer.ContainerBalancer (ContainerBalancer.java:shouldRun(131)) - Could not find persisted configuration for ContainerBalancer when checking if ContainerBalancer should run. ContainerBalancer should not run now.
2022-10-18 21:56:39,817 [a654d2c7-f7ff-48c7-ad7c-d251fa206036@group-B6E9999B6E6E-LeaderElection17] INFO  server.RaftServerConfigKeys (ConfUtils.java:logGet(46)) - raft.server.log.appender.snapshot.chunk.size.max = 16MB (=16777216) (default)
2022-10-18 21:56:39,817 [a654d2c7-f7ff-48c7-ad7c-d251fa206036@group-B6E9999B6E6E-LeaderElection17] INFO  server.RaftServerConfigKeys (ConfUtils.java:logGet(46)) - raft.server.log.appender.buffer.byte-limit = 33554432 (custom)
2022-10-18 21:56:39,817 [a654d2c7-f7ff-48c7-ad7c-d251fa206036@group-B6E9999B6E6E-LeaderElection17] INFO  server.RaftServerConfigKeys (ConfUtils.java:logGet(46)) - raft.server.log.appender.buffer.element-limit = 1 (custom)
2022-10-18 21:56:39,817 [a654d2c7-f7ff-48c7-ad7c-d251fa206036@group-B6E9999B6E6E-LeaderElection17] INFO  grpc.GrpcConfigKeys (ConfUtils.java:logGet(46)) - raft.grpc.server.leader.outstanding.appends.max = 128 (default)
2022-10-18 21:56:39,817 [a654d2c7-f7ff-48c7-ad7c-d251fa206036@group-B6E9999B6E6E-LeaderElection17] INFO  server.RaftServerConfigKeys (ConfUtils.java:logGet(46)) - raft.server.rpc.request.timeout = 60s (custom)
2022-10-18 21:56:39,817 [a654d2c7-f7ff-48c7-ad7c-d251fa206036@group-B6E9999B6E6E-LeaderElection17] INFO  server.RaftServerConfigKeys (ConfUtils.java:logGet(46)) - raft.server.log.appender.install.snapshot.enabled = false (custom)
2022-10-18 21:56:39,817 [a654d2c7-f7ff-48c7-ad7c-d251fa206036@group-B6E9999B6E6E-LeaderElection17] INFO  impl.RoleInfo (RoleInfo.java:updateAndGet(139)) - a654d2c7-f7ff-48c7-ad7c-d251fa206036: start a654d2c7-f7ff-48c7-ad7c-d251fa206036@group-B6E9999B6E6E-LeaderStateImpl
2022-10-18 21:56:39,817 [a654d2c7-f7ff-48c7-ad7c-d251fa206036@group-B6E9999B6E6E-LeaderElection17] INFO  segmented.SegmentedRaftLogWorker (SegmentedRaftLogWorker.java:startLogSegment(425)) - a654d2c7-f7ff-48c7-ad7c-d251fa206036@group-B6E9999B6E6E-SegmentedRaftLogWorker: Starting segment from index:0
2022-10-18 21:56:39,818 [a654d2c7-f7ff-48c7-ad7c-d251fa206036@group-B6E9999B6E6E-LeaderElection17] INFO  server.RaftServer$Division (ServerState.java:setRaftConf(393)) - a654d2c7-f7ff-48c7-ad7c-d251fa206036@group-B6E9999B6E6E: set configuration 0: [930eb83a-4a64-48b4-8e1f-5a852630038a|rpc:10.1.0.49:42415|dataStream:|priority:0, 50a22b0c-47fd-4b6b-ada4-fba3aa4f0b97|rpc:10.1.0.49:43291|dataStream:|priority:0, a654d2c7-f7ff-48c7-ad7c-d251fa206036|rpc:10.1.0.49:38659|dataStream:|priority:1], old=null
2022-10-18 21:56:39,821 [930eb83a-4a64-48b4-8e1f-5a852630038a-server-thread1] INFO  ratis.XceiverServerRatis (XceiverServerRatis.java:handleLeaderChangedNotification(863)) - Leader change notification received for group: group-B6E9999B6E6E with new leaderId: a654d2c7-f7ff-48c7-ad7c-d251fa206036
2022-10-18 21:56:39,821 [930eb83a-4a64-48b4-8e1f-5a852630038a-server-thread1] INFO  server.RaftServer$Division (ServerState.java:setLeader(287)) - 930eb83a-4a64-48b4-8e1f-5a852630038a@group-B6E9999B6E6E: change Leader from null to a654d2c7-f7ff-48c7-ad7c-d251fa206036 at term 1 for appendEntries, leader elected after 5079ms
2022-10-18 21:56:39,822 [a654d2c7-f7ff-48c7-ad7c-d251fa206036@group-B6E9999B6E6E-SegmentedRaftLogWorker] INFO  segmented.SegmentedRaftLogWorker (SegmentedRaftLogWorker.java:execute(629)) - a654d2c7-f7ff-48c7-ad7c-d251fa206036@group-B6E9999B6E6E-SegmentedRaftLogWorker: created new log segment /home/runner/work/ozone/ozone/hadoop-ozone/integration-test/target/test-dir/MiniOzoneClusterImpl-1c94f07e-3edc-4d60-9c78-eaa851002676/datanode-1/data/ratis/e2b0de3e-c805-4c42-bbc7-b6e9999b6e6e/current/log_inprogress_0
2022-10-18 21:56:39,824 [930eb83a-4a64-48b4-8e1f-5a852630038a-server-thread1] INFO  server.RaftServer$Division (ServerState.java:setRaftConf(393)) - 930eb83a-4a64-48b4-8e1f-5a852630038a@group-B6E9999B6E6E: set configuration 0: [930eb83a-4a64-48b4-8e1f-5a852630038a|rpc:10.1.0.49:42415|dataStream:|priority:0, 50a22b0c-47fd-4b6b-ada4-fba3aa4f0b97|rpc:10.1.0.49:43291|dataStream:|priority:0, a654d2c7-f7ff-48c7-ad7c-d251fa206036|rpc:10.1.0.49:38659|dataStream:|priority:1], old=null
2022-10-18 21:56:39,825 [50a22b0c-47fd-4b6b-ada4-fba3aa4f0b97-server-thread1] INFO  ratis.XceiverServerRatis (XceiverServerRatis.java:handleLeaderChangedNotification(863)) - Leader change notification received for group: group-B6E9999B6E6E with new leaderId: a654d2c7-f7ff-48c7-ad7c-d251fa206036
2022-10-18 21:56:39,825 [930eb83a-4a64-48b4-8e1f-5a852630038a-server-thread1] INFO  segmented.SegmentedRaftLogWorker (SegmentedRaftLogWorker.java:startLogSegment(425)) - 930eb83a-4a64-48b4-8e1f-5a852630038a@group-B6E9999B6E6E-SegmentedRaftLogWorker: Starting segment from index:0
2022-10-18 21:56:39,825 [50a22b0c-47fd-4b6b-ada4-fba3aa4f0b97-server-thread1] INFO  server.RaftServer$Division (ServerState.java:setLeader(287)) - 50a22b0c-47fd-4b6b-ada4-fba3aa4f0b97@group-B6E9999B6E6E: change Leader from null to a654d2c7-f7ff-48c7-ad7c-d251fa206036 at term 1 for appendEntries, leader elected after 5055ms
2022-10-18 21:56:39,826 [50a22b0c-47fd-4b6b-ada4-fba3aa4f0b97-server-thread2] INFO  server.RaftServer$Division (ServerState.java:setRaftConf(393)) - 50a22b0c-47fd-4b6b-ada4-fba3aa4f0b97@group-B6E9999B6E6E: set configuration 0: [930eb83a-4a64-48b4-8e1f-5a852630038a|rpc:10.1.0.49:42415|dataStream:|priority:0, 50a22b0c-47fd-4b6b-ada4-fba3aa4f0b97|rpc:10.1.0.49:43291|dataStream:|priority:0, a654d2c7-f7ff-48c7-ad7c-d251fa206036|rpc:10.1.0.49:38659|dataStream:|priority:1], old=null
2022-10-18 21:56:39,827 [930eb83a-4a64-48b4-8e1f-5a852630038a@group-B6E9999B6E6E-SegmentedRaftLogWorker] INFO  segmented.SegmentedRaftLogWorker (SegmentedRaftLogWorker.java:execute(629)) - 930eb83a-4a64-48b4-8e1f-5a852630038a@group-B6E9999B6E6E-SegmentedRaftLogWorker: created new log segment /home/runner/work/ozone/ozone/hadoop-ozone/integration-test/target/test-dir/MiniOzoneClusterImpl-1c94f07e-3edc-4d60-9c78-eaa851002676/datanode-0/data/ratis/e2b0de3e-c805-4c42-bbc7-b6e9999b6e6e/current/log_inprogress_0
2022-10-18 21:56:39,827 [50a22b0c-47fd-4b6b-ada4-fba3aa4f0b97-server-thread2] INFO  segmented.SegmentedRaftLogWorker (SegmentedRaftLogWorker.java:startLogSegment(425)) - 50a22b0c-47fd-4b6b-ada4-fba3aa4f0b97@group-B6E9999B6E6E-SegmentedRaftLogWorker: Starting segment from index:0
2022-10-18 21:56:39,834 [50a22b0c-47fd-4b6b-ada4-fba3aa4f0b97@group-B6E9999B6E6E-SegmentedRaftLogWorker] INFO  segmented.SegmentedRaftLogWorker (SegmentedRaftLogWorker.java:execute(629)) - 50a22b0c-47fd-4b6b-ada4-fba3aa4f0b97@group-B6E9999B6E6E-SegmentedRaftLogWorker: created new log segment /home/runner/work/ozone/ozone/hadoop-ozone/integration-test/target/test-dir/MiniOzoneClusterImpl-1c94f07e-3edc-4d60-9c78-eaa851002676/datanode-2/data/ratis/e2b0de3e-c805-4c42-bbc7-b6e9999b6e6e/current/log_inprogress_0
2022-10-18 21:56:39,923 [50a22b0c-47fd-4b6b-ada4-fba3aa4f0b97@group-BBFAF34E6855-FollowerState] INFO  impl.FollowerState (FollowerState.java:run(143)) - 50a22b0c-47fd-4b6b-ada4-fba3aa4f0b97@group-BBFAF34E6855-FollowerState: change to CANDIDATE, lastRpcElapsedTime:5128243294ns, electionTimeout:5128ms
2022-10-18 21:56:39,923 [50a22b0c-47fd-4b6b-ada4-fba3aa4f0b97@group-BBFAF34E6855-FollowerState] INFO  impl.RoleInfo (RoleInfo.java:shutdownFollowerState(110)) - 50a22b0c-47fd-4b6b-ada4-fba3aa4f0b97: shutdown 50a22b0c-47fd-4b6b-ada4-fba3aa4f0b97@group-BBFAF34E6855-FollowerState
2022-10-18 21:56:39,923 [50a22b0c-47fd-4b6b-ada4-fba3aa4f0b97@group-BBFAF34E6855-FollowerState] INFO  server.RaftServer$Division (RaftServerImpl.java:setRole(299)) - 50a22b0c-47fd-4b6b-ada4-fba3aa4f0b97@group-BBFAF34E6855: changes role from  FOLLOWER to CANDIDATE at term 0 for changeToCandidate
2022-10-18 21:56:39,924 [50a22b0c-47fd-4b6b-ada4-fba3aa4f0b97@group-BBFAF34E6855-FollowerState] INFO  server.RaftServerConfigKeys (ConfUtils.java:logGet(46)) - raft.server.leaderelection.pre-vote = false (custom)
2022-10-18 21:56:39,924 [50a22b0c-47fd-4b6b-ada4-fba3aa4f0b97@group-BBFAF34E6855-FollowerState] INFO  impl.RoleInfo (RoleInfo.java:updateAndGet(139)) - 50a22b0c-47fd-4b6b-ada4-fba3aa4f0b97: start 50a22b0c-47fd-4b6b-ada4-fba3aa4f0b97@group-BBFAF34E6855-LeaderElection18
2022-10-18 21:56:39,927 [50a22b0c-47fd-4b6b-ada4-fba3aa4f0b97@group-BBFAF34E6855-LeaderElection18] INFO  impl.LeaderElection (LeaderElection.java:askForVotes(310)) - 50a22b0c-47fd-4b6b-ada4-fba3aa4f0b97@group-BBFAF34E6855-LeaderElection18 ELECTION round 0: submit vote requests at term 1 for -1: [930eb83a-4a64-48b4-8e1f-5a852630038a|rpc:10.1.0.49:42415|dataStream:|priority:1, 50a22b0c-47fd-4b6b-ada4-fba3aa4f0b97|rpc:10.1.0.49:43291|dataStream:|priority:0, a654d2c7-f7ff-48c7-ad7c-d251fa206036|rpc:10.1.0.49:38659|dataStream:|priority:0], old=null
2022-10-18 21:56:39,931 [grpc-default-executor-2] INFO  server.RaftServer$Division (RaftServerImpl.java:requestVote(1152)) - 930eb83a-4a64-48b4-8e1f-5a852630038a@group-BBFAF34E6855: receive requestVote(ELECTION, 50a22b0c-47fd-4b6b-ada4-fba3aa4f0b97, group-BBFAF34E6855, 1, (t:0, i:0))
2022-10-18 21:56:39,931 [grpc-default-executor-0] INFO  server.RaftServer$Division (RaftServerImpl.java:requestVote(1152)) - a654d2c7-f7ff-48c7-ad7c-d251fa206036@group-BBFAF34E6855: receive requestVote(ELECTION, 50a22b0c-47fd-4b6b-ada4-fba3aa4f0b97, group-BBFAF34E6855, 1, (t:0, i:0))
2022-10-18 21:56:39,931 [grpc-default-executor-2] INFO  impl.VoteContext (VoteContext.java:log(48)) - 930eb83a-4a64-48b4-8e1f-5a852630038a@group-BBFAF34E6855-FOLLOWER: reject ELECTION from 50a22b0c-47fd-4b6b-ada4-fba3aa4f0b97: our priority 1 > candidate's priority 0
2022-10-18 21:56:39,931 [grpc-default-executor-0] INFO  impl.VoteContext (VoteContext.java:log(48)) - a654d2c7-f7ff-48c7-ad7c-d251fa206036@group-BBFAF34E6855-FOLLOWER: accept ELECTION from 50a22b0c-47fd-4b6b-ada4-fba3aa4f0b97: our priority 0 <= candidate's priority 0
2022-10-18 21:56:39,931 [grpc-default-executor-2] INFO  server.RaftServer$Division (RaftServerImpl.java:setRole(299)) - 930eb83a-4a64-48b4-8e1f-5a852630038a@group-BBFAF34E6855: changes role from  FOLLOWER to FOLLOWER at term 1 for candidate:50a22b0c-47fd-4b6b-ada4-fba3aa4f0b97
2022-10-18 21:56:39,931 [grpc-default-executor-0] INFO  server.RaftServer$Division (RaftServerImpl.java:setRole(299)) - a654d2c7-f7ff-48c7-ad7c-d251fa206036@group-BBFAF34E6855: changes role from  FOLLOWER to FOLLOWER at term 1 for candidate:50a22b0c-47fd-4b6b-ada4-fba3aa4f0b97
2022-10-18 21:56:39,931 [grpc-default-executor-2] INFO  impl.RoleInfo (RoleInfo.java:shutdownFollowerState(110)) - 930eb83a-4a64-48b4-8e1f-5a852630038a: shutdown 930eb83a-4a64-48b4-8e1f-5a852630038a@group-BBFAF34E6855-FollowerState
2022-10-18 21:56:39,931 [grpc-default-executor-0] INFO  impl.RoleInfo (RoleInfo.java:shutdownFollowerState(110)) - a654d2c7-f7ff-48c7-ad7c-d251fa206036: shutdown a654d2c7-f7ff-48c7-ad7c-d251fa206036@group-BBFAF34E6855-FollowerState
2022-10-18 21:56:39,931 [grpc-default-executor-2] INFO  impl.RoleInfo (RoleInfo.java:updateAndGet(139)) - 930eb83a-4a64-48b4-8e1f-5a852630038a: start 930eb83a-4a64-48b4-8e1f-5a852630038a@group-BBFAF34E6855-FollowerState
2022-10-18 21:56:39,931 [grpc-default-executor-0] INFO  impl.RoleInfo (RoleInfo.java:updateAndGet(139)) - a654d2c7-f7ff-48c7-ad7c-d251fa206036: start a654d2c7-f7ff-48c7-ad7c-d251fa206036@group-BBFAF34E6855-FollowerState
2022-10-18 21:56:39,931 [a654d2c7-f7ff-48c7-ad7c-d251fa206036@group-BBFAF34E6855-FollowerState] INFO  impl.FollowerState (FollowerState.java:run(152)) - a654d2c7-f7ff-48c7-ad7c-d251fa206036@group-BBFAF34E6855-FollowerState was interrupted
2022-10-18 21:56:39,931 [930eb83a-4a64-48b4-8e1f-5a852630038a@group-BBFAF34E6855-FollowerState] INFO  impl.FollowerState (FollowerState.java:run(152)) - 930eb83a-4a64-48b4-8e1f-5a852630038a@group-BBFAF34E6855-FollowerState was interrupted
2022-10-18 21:56:39,934 [grpc-default-executor-0] INFO  server.RaftServer$Division (RaftServerImpl.java:requestVote(1184)) - a654d2c7-f7ff-48c7-ad7c-d251fa206036@group-BBFAF34E6855 replies to ELECTION vote request: 50a22b0c-47fd-4b6b-ada4-fba3aa4f0b97<-a654d2c7-f7ff-48c7-ad7c-d251fa206036#0:OK-t1. Peer's state: a654d2c7-f7ff-48c7-ad7c-d251fa206036@group-BBFAF34E6855:t1, leader=null, voted=50a22b0c-47fd-4b6b-ada4-fba3aa4f0b97, raftlog=a654d2c7-f7ff-48c7-ad7c-d251fa206036@group-BBFAF34E6855-SegmentedRaftLog:OPENED:c-1, conf=-1: [930eb83a-4a64-48b4-8e1f-5a852630038a|rpc:10.1.0.49:42415|dataStream:|priority:1, 50a22b0c-47fd-4b6b-ada4-fba3aa4f0b97|rpc:10.1.0.49:43291|dataStream:|priority:0, a654d2c7-f7ff-48c7-ad7c-d251fa206036|rpc:10.1.0.49:38659|dataStream:|priority:0], old=null
2022-10-18 21:56:39,934 [grpc-default-executor-2] INFO  server.RaftServer$Division (RaftServerImpl.java:requestVote(1184)) - 930eb83a-4a64-48b4-8e1f-5a852630038a@group-BBFAF34E6855 replies to ELECTION vote request: 50a22b0c-47fd-4b6b-ada4-fba3aa4f0b97<-930eb83a-4a64-48b4-8e1f-5a852630038a#0:FAIL-t1. Peer's state: 930eb83a-4a64-48b4-8e1f-5a852630038a@group-BBFAF34E6855:t1, leader=null, voted=null, raftlog=930eb83a-4a64-48b4-8e1f-5a852630038a@group-BBFAF34E6855-SegmentedRaftLog:OPENED:c-1, conf=-1: [930eb83a-4a64-48b4-8e1f-5a852630038a|rpc:10.1.0.49:42415|priority:1, 50a22b0c-47fd-4b6b-ada4-fba3aa4f0b97|rpc:10.1.0.49:43291|priority:0, a654d2c7-f7ff-48c7-ad7c-d251fa206036|rpc:10.1.0.49:38659|priority:0], old=null
2022-10-18 21:56:39,935 [930eb83a-4a64-48b4-8e1f-5a852630038a@group-740004F3CDBF-FollowerState] INFO  impl.FollowerState (FollowerState.java:run(143)) - 930eb83a-4a64-48b4-8e1f-5a852630038a@group-740004F3CDBF-FollowerState: change to CANDIDATE, lastRpcElapsedTime:5196221791ns, electionTimeout:5196ms
2022-10-18 21:56:39,935 [930eb83a-4a64-48b4-8e1f-5a852630038a@group-740004F3CDBF-FollowerState] INFO  impl.RoleInfo (RoleInfo.java:shutdownFollowerState(110)) - 930eb83a-4a64-48b4-8e1f-5a852630038a: shutdown 930eb83a-4a64-48b4-8e1f-5a852630038a@group-740004F3CDBF-FollowerState
2022-10-18 21:56:39,935 [930eb83a-4a64-48b4-8e1f-5a852630038a@group-740004F3CDBF-FollowerState] INFO  server.RaftServer$Division (RaftServerImpl.java:setRole(299)) - 930eb83a-4a64-48b4-8e1f-5a852630038a@group-740004F3CDBF: changes role from  FOLLOWER to CANDIDATE at term 0 for changeToCandidate
2022-10-18 21:56:39,935 [930eb83a-4a64-48b4-8e1f-5a852630038a@group-740004F3CDBF-FollowerState] INFO  server.RaftServerConfigKeys (ConfUtils.java:logGet(46)) - raft.server.leaderelection.pre-vote = false (custom)
2022-10-18 21:56:39,935 [930eb83a-4a64-48b4-8e1f-5a852630038a@group-740004F3CDBF-FollowerState] INFO  impl.RoleInfo (RoleInfo.java:updateAndGet(139)) - 930eb83a-4a64-48b4-8e1f-5a852630038a: start 930eb83a-4a64-48b4-8e1f-5a852630038a@group-740004F3CDBF-LeaderElection19
2022-10-18 21:56:39,935 [50a22b0c-47fd-4b6b-ada4-fba3aa4f0b97@group-BBFAF34E6855-LeaderElection18] INFO  impl.LeaderElection (LeaderElection.java:logAndReturn(90)) - 50a22b0c-47fd-4b6b-ada4-fba3aa4f0b97@group-BBFAF34E6855-LeaderElection18: ELECTION REJECTED received 2 response(s) and 0 exception(s):
2022-10-18 21:56:39,935 [50a22b0c-47fd-4b6b-ada4-fba3aa4f0b97@group-BBFAF34E6855-LeaderElection18] INFO  impl.LeaderElection (LeaderElection.java:logAndReturn(94)) -   Response 0: 50a22b0c-47fd-4b6b-ada4-fba3aa4f0b97<-930eb83a-4a64-48b4-8e1f-5a852630038a#0:FAIL-t1
2022-10-18 21:56:39,935 [50a22b0c-47fd-4b6b-ada4-fba3aa4f0b97@group-BBFAF34E6855-LeaderElection18] INFO  impl.LeaderElection (LeaderElection.java:logAndReturn(94)) -   Response 1: 50a22b0c-47fd-4b6b-ada4-fba3aa4f0b97<-a654d2c7-f7ff-48c7-ad7c-d251fa206036#0:OK-t1
2022-10-18 21:56:39,935 [50a22b0c-47fd-4b6b-ada4-fba3aa4f0b97@group-BBFAF34E6855-LeaderElection18] INFO  impl.LeaderElection (LeaderElection.java:askForVotes(312)) - 50a22b0c-47fd-4b6b-ada4-fba3aa4f0b97@group-BBFAF34E6855-LeaderElection18 ELECTION round 0: result REJECTED
2022-10-18 21:56:39,935 [50a22b0c-47fd-4b6b-ada4-fba3aa4f0b97@group-BBFAF34E6855-LeaderElection18] INFO  server.RaftServer$Division (RaftServerImpl.java:setRole(299)) - 50a22b0c-47fd-4b6b-ada4-fba3aa4f0b97@group-BBFAF34E6855: changes role from CANDIDATE to FOLLOWER at term 1 for REJECTED
2022-10-18 21:56:39,935 [50a22b0c-47fd-4b6b-ada4-fba3aa4f0b97@group-BBFAF34E6855-LeaderElection18] INFO  impl.RoleInfo (RoleInfo.java:shutdownLeaderElection(130)) - 50a22b0c-47fd-4b6b-ada4-fba3aa4f0b97: shutdown 50a22b0c-47fd-4b6b-ada4-fba3aa4f0b97@group-BBFAF34E6855-LeaderElection18
2022-10-18 21:56:39,935 [50a22b0c-47fd-4b6b-ada4-fba3aa4f0b97@group-BBFAF34E6855-LeaderElection18] INFO  impl.RoleInfo (RoleInfo.java:updateAndGet(139)) - 50a22b0c-47fd-4b6b-ada4-fba3aa4f0b97: start 50a22b0c-47fd-4b6b-ada4-fba3aa4f0b97@group-BBFAF34E6855-FollowerState
2022-10-18 21:56:39,938 [930eb83a-4a64-48b4-8e1f-5a852630038a@group-740004F3CDBF-LeaderElection19] INFO  impl.LeaderElection (LeaderElection.java:askForVotes(310)) - 930eb83a-4a64-48b4-8e1f-5a852630038a@group-740004F3CDBF-LeaderElection19 ELECTION round 0: submit vote requests at term 1 for -1: [930eb83a-4a64-48b4-8e1f-5a852630038a|rpc:10.1.0.49:42415|priority:1], old=null
2022-10-18 21:56:39,938 [930eb83a-4a64-48b4-8e1f-5a852630038a@group-740004F3CDBF-LeaderElection19] INFO  impl.LeaderElection (LeaderElection.java:askForVotes(312)) - 930eb83a-4a64-48b4-8e1f-5a852630038a@group-740004F3CDBF-LeaderElection19 ELECTION round 0: result PASSED (term=1)
2022-10-18 21:56:39,938 [930eb83a-4a64-48b4-8e1f-5a852630038a@group-740004F3CDBF-LeaderElection19] INFO  impl.RoleInfo (RoleInfo.java:shutdownLeaderElection(130)) - 930eb83a-4a64-48b4-8e1f-5a852630038a: shutdown 930eb83a-4a64-48b4-8e1f-5a852630038a@group-740004F3CDBF-LeaderElection19
2022-10-18 21:56:39,938 [930eb83a-4a64-48b4-8e1f-5a852630038a@group-740004F3CDBF-LeaderElection19] INFO  server.RaftServer$Division (RaftServerImpl.java:setRole(299)) - 930eb83a-4a64-48b4-8e1f-5a852630038a@group-740004F3CDBF: changes role from CANDIDATE to LEADER at term 1 for changeToLeader
2022-10-18 21:56:39,938 [930eb83a-4a64-48b4-8e1f-5a852630038a@group-740004F3CDBF-LeaderElection19] INFO  ratis.XceiverServerRatis (XceiverServerRatis.java:handleLeaderChangedNotification(863)) - Leader change notification received for group: group-740004F3CDBF with new leaderId: 930eb83a-4a64-48b4-8e1f-5a852630038a
2022-10-18 21:56:39,938 [930eb83a-4a64-48b4-8e1f-5a852630038a@group-740004F3CDBF-LeaderElection19] INFO  server.RaftServer$Division (ServerState.java:setLeader(287)) - 930eb83a-4a64-48b4-8e1f-5a852630038a@group-740004F3CDBF: change Leader from null to 930eb83a-4a64-48b4-8e1f-5a852630038a at term 1 for becomeLeader, leader elected after 5204ms
2022-10-18 21:56:39,938 [930eb83a-4a64-48b4-8e1f-5a852630038a@group-740004F3CDBF-LeaderElection19] INFO  server.RaftServerConfigKeys (ConfUtils.java:logGet(46)) - raft.server.staging.catchup.gap = 1000 (default)
2022-10-18 21:56:39,938 [930eb83a-4a64-48b4-8e1f-5a852630038a@group-740004F3CDBF-LeaderElection19] INFO  server.RaftServerConfigKeys (ConfUtils.java:logGet(46)) - raft.server.write.element-limit = 1024 (custom)
2022-10-18 21:56:39,938 [930eb83a-4a64-48b4-8e1f-5a852630038a@group-740004F3CDBF-LeaderElection19] INFO  server.RaftServerConfigKeys (ConfUtils.java:logGet(46)) - raft.server.write.byte-limit = 1024 M (=1073741824) (custom)
2022-10-18 21:56:39,939 [930eb83a-4a64-48b4-8e1f-5a852630038a@group-740004F3CDBF-LeaderElection19] INFO  server.RaftServerConfigKeys (ConfUtils.java:logGet(46)) - raft.server.watch.timeout = 180s (custom)
2022-10-18 21:56:39,939 [930eb83a-4a64-48b4-8e1f-5a852630038a@group-740004F3CDBF-LeaderElection19] INFO  server.RaftServerConfigKeys (ConfUtils.java:logGet(46)) - raft.server.watch.timeout.denomination = 1s (default)
2022-10-18 21:56:39,939 [930eb83a-4a64-48b4-8e1f-5a852630038a@group-740004F3CDBF-LeaderElection19] INFO  server.RaftServerConfigKeys (ConfUtils.java:logGet(46)) - raft.server.watch.element-limit = 65536 (default)
2022-10-18 21:56:39,939 [930eb83a-4a64-48b4-8e1f-5a852630038a@group-740004F3CDBF-LeaderElection19] INFO  server.RaftServerConfigKeys (ConfUtils.java:logGet(46)) - raft.server.write.element-limit = 1024 (custom)
2022-10-18 21:56:39,939 [930eb83a-4a64-48b4-8e1f-5a852630038a@group-740004F3CDBF-LeaderElection19] INFO  server.RaftServerConfigKeys (ConfUtils.java:logGet(46)) - raft.server.write.follower.gap.ratio.max = -1.0 (default)
2022-10-18 21:56:39,939 [930eb83a-4a64-48b4-8e1f-5a852630038a@group-740004F3CDBF-LeaderElection19] INFO  impl.RoleInfo (RoleInfo.java:updateAndGet(139)) - 930eb83a-4a64-48b4-8e1f-5a852630038a: start 930eb83a-4a64-48b4-8e1f-5a852630038a@group-740004F3CDBF-LeaderStateImpl
2022-10-18 21:56:39,939 [930eb83a-4a64-48b4-8e1f-5a852630038a@group-740004F3CDBF-LeaderElection19] INFO  segmented.SegmentedRaftLogWorker (SegmentedRaftLogWorker.java:startLogSegment(425)) - 930eb83a-4a64-48b4-8e1f-5a852630038a@group-740004F3CDBF-SegmentedRaftLogWorker: Starting segment from index:0
2022-10-18 21:56:39,940 [930eb83a-4a64-48b4-8e1f-5a852630038a@group-740004F3CDBF-SegmentedRaftLogWorker] INFO  segmented.SegmentedRaftLogWorker (SegmentedRaftLogWorker.java:execute(629)) - 930eb83a-4a64-48b4-8e1f-5a852630038a@group-740004F3CDBF-SegmentedRaftLogWorker: created new log segment /home/runner/work/ozone/ozone/hadoop-ozone/integration-test/target/test-dir/MiniOzoneClusterImpl-1c94f07e-3edc-4d60-9c78-eaa851002676/datanode-0/data/ratis/a9d2b9be-af34-4046-a5ff-740004f3cdbf/current/log_inprogress_0
2022-10-18 21:56:39,941 [930eb83a-4a64-48b4-8e1f-5a852630038a@group-740004F3CDBF-LeaderElection19] INFO  server.RaftServer$Division (ServerState.java:setRaftConf(393)) - 930eb83a-4a64-48b4-8e1f-5a852630038a@group-740004F3CDBF: set configuration 0: [930eb83a-4a64-48b4-8e1f-5a852630038a|rpc:10.1.0.49:42415|dataStream:|priority:1], old=null
2022-10-18 21:56:40,001 [a654d2c7-f7ff-48c7-ad7c-d251fa206036@group-F0FFDD42C000-FollowerState] INFO  impl.FollowerState (FollowerState.java:run(143)) - a654d2c7-f7ff-48c7-ad7c-d251fa206036@group-F0FFDD42C000-FollowerState: change to CANDIDATE, lastRpcElapsedTime:5057304077ns, electionTimeout:5057ms
2022-10-18 21:56:40,002 [a654d2c7-f7ff-48c7-ad7c-d251fa206036@group-F0FFDD42C000-FollowerState] INFO  impl.RoleInfo (RoleInfo.java:shutdownFollowerState(110)) - a654d2c7-f7ff-48c7-ad7c-d251fa206036: shutdown a654d2c7-f7ff-48c7-ad7c-d251fa206036@group-F0FFDD42C000-FollowerState
2022-10-18 21:56:40,002 [a654d2c7-f7ff-48c7-ad7c-d251fa206036@group-F0FFDD42C000-FollowerState] INFO  server.RaftServer$Division (RaftServerImpl.java:setRole(299)) - a654d2c7-f7ff-48c7-ad7c-d251fa206036@group-F0FFDD42C000: changes role from  FOLLOWER to CANDIDATE at term 0 for changeToCandidate
2022-10-18 21:56:40,002 [a654d2c7-f7ff-48c7-ad7c-d251fa206036@group-F0FFDD42C000-FollowerState] INFO  server.RaftServerConfigKeys (ConfUtils.java:logGet(46)) - raft.server.leaderelection.pre-vote = false (custom)
2022-10-18 21:56:40,002 [a654d2c7-f7ff-48c7-ad7c-d251fa206036@group-F0FFDD42C000-FollowerState] INFO  impl.RoleInfo (RoleInfo.java:updateAndGet(139)) - a654d2c7-f7ff-48c7-ad7c-d251fa206036: start a654d2c7-f7ff-48c7-ad7c-d251fa206036@group-F0FFDD42C000-LeaderElection20
2022-10-18 21:56:40,005 [a654d2c7-f7ff-48c7-ad7c-d251fa206036@group-F0FFDD42C000-LeaderElection20] INFO  impl.LeaderElection (LeaderElection.java:askForVotes(310)) - a654d2c7-f7ff-48c7-ad7c-d251fa206036@group-F0FFDD42C000-LeaderElection20 ELECTION round 0: submit vote requests at term 1 for -1: [a654d2c7-f7ff-48c7-ad7c-d251fa206036|rpc:10.1.0.49:38659|priority:1], old=null
2022-10-18 21:56:40,005 [a654d2c7-f7ff-48c7-ad7c-d251fa206036@group-F0FFDD42C000-LeaderElection20] INFO  impl.LeaderElection (LeaderElection.java:askForVotes(312)) - a654d2c7-f7ff-48c7-ad7c-d251fa206036@group-F0FFDD42C000-LeaderElection20 ELECTION round 0: result PASSED (term=1)
2022-10-18 21:56:40,005 [a654d2c7-f7ff-48c7-ad7c-d251fa206036@group-F0FFDD42C000-LeaderElection20] INFO  impl.RoleInfo (RoleInfo.java:shutdownLeaderElection(130)) - a654d2c7-f7ff-48c7-ad7c-d251fa206036: shutdown a654d2c7-f7ff-48c7-ad7c-d251fa206036@group-F0FFDD42C000-LeaderElection20
2022-10-18 21:56:40,005 [a654d2c7-f7ff-48c7-ad7c-d251fa206036@group-F0FFDD42C000-LeaderElection20] INFO  server.RaftServer$Division (RaftServerImpl.java:setRole(299)) - a654d2c7-f7ff-48c7-ad7c-d251fa206036@group-F0FFDD42C000: changes role from CANDIDATE to LEADER at term 1 for changeToLeader
2022-10-18 21:56:40,005 [a654d2c7-f7ff-48c7-ad7c-d251fa206036@group-F0FFDD42C000-LeaderElection20] INFO  ratis.XceiverServerRatis (XceiverServerRatis.java:handleLeaderChangedNotification(863)) - Leader change notification received for group: group-F0FFDD42C000 with new leaderId: a654d2c7-f7ff-48c7-ad7c-d251fa206036
2022-10-18 21:56:40,005 [a654d2c7-f7ff-48c7-ad7c-d251fa206036@group-F0FFDD42C000-LeaderElection20] INFO  server.RaftServer$Division (ServerState.java:setLeader(287)) - a654d2c7-f7ff-48c7-ad7c-d251fa206036@group-F0FFDD42C000: change Leader from null to a654d2c7-f7ff-48c7-ad7c-d251fa206036 at term 1 for becomeLeader, leader elected after 5065ms
2022-10-18 21:56:40,005 [a654d2c7-f7ff-48c7-ad7c-d251fa206036@group-F0FFDD42C000-LeaderElection20] INFO  server.RaftServerConfigKeys (ConfUtils.java:logGet(46)) - raft.server.staging.catchup.gap = 1000 (default)
2022-10-18 21:56:40,006 [a654d2c7-f7ff-48c7-ad7c-d251fa206036@group-F0FFDD42C000-LeaderElection20] INFO  server.RaftServerConfigKeys (ConfUtils.java:logGet(46)) - raft.server.write.element-limit = 1024 (custom)
2022-10-18 21:56:40,006 [a654d2c7-f7ff-48c7-ad7c-d251fa206036@group-F0FFDD42C000-LeaderElection20] INFO  server.RaftServerConfigKeys (ConfUtils.java:logGet(46)) - raft.server.write.byte-limit = 1024 M (=1073741824) (custom)
2022-10-18 21:56:40,006 [a654d2c7-f7ff-48c7-ad7c-d251fa206036@group-F0FFDD42C000-LeaderElection20] INFO  server.RaftServerConfigKeys (ConfUtils.java:logGet(46)) - raft.server.watch.timeout = 180s (custom)
2022-10-18 21:56:40,006 [a654d2c7-f7ff-48c7-ad7c-d251fa206036@group-F0FFDD42C000-LeaderElection20] INFO  server.RaftServerConfigKeys (ConfUtils.java:logGet(46)) - raft.server.watch.timeout.denomination = 1s (default)
2022-10-18 21:56:40,006 [a654d2c7-f7ff-48c7-ad7c-d251fa206036@group-F0FFDD42C000-LeaderElection20] INFO  server.RaftServerConfigKeys (ConfUtils.java:logGet(46)) - raft.server.watch.element-limit = 65536 (default)
2022-10-18 21:56:40,006 [a654d2c7-f7ff-48c7-ad7c-d251fa206036@group-F0FFDD42C000-LeaderElection20] INFO  server.RaftServerConfigKeys (ConfUtils.java:logGet(46)) - raft.server.write.element-limit = 1024 (custom)
2022-10-18 21:56:40,006 [a654d2c7-f7ff-48c7-ad7c-d251fa206036@group-F0FFDD42C000-LeaderElection20] INFO  server.RaftServerConfigKeys (ConfUtils.java:logGet(46)) - raft.server.write.follower.gap.ratio.max = -1.0 (default)
2022-10-18 21:56:40,006 [a654d2c7-f7ff-48c7-ad7c-d251fa206036@group-F0FFDD42C000-LeaderElection20] INFO  impl.RoleInfo (RoleInfo.java:updateAndGet(139)) - a654d2c7-f7ff-48c7-ad7c-d251fa206036: start a654d2c7-f7ff-48c7-ad7c-d251fa206036@group-F0FFDD42C000-LeaderStateImpl
2022-10-18 21:56:40,007 [a654d2c7-f7ff-48c7-ad7c-d251fa206036@group-F0FFDD42C000-LeaderElection20] INFO  segmented.SegmentedRaftLogWorker (SegmentedRaftLogWorker.java:startLogSegment(425)) - a654d2c7-f7ff-48c7-ad7c-d251fa206036@group-F0FFDD42C000-SegmentedRaftLogWorker: Starting segment from index:0
2022-10-18 21:56:40,007 [a654d2c7-f7ff-48c7-ad7c-d251fa206036@group-F0FFDD42C000-LeaderElection20] INFO  server.RaftServer$Division (ServerState.java:setRaftConf(393)) - a654d2c7-f7ff-48c7-ad7c-d251fa206036@group-F0FFDD42C000: set configuration 0: [a654d2c7-f7ff-48c7-ad7c-d251fa206036|rpc:10.1.0.49:38659|dataStream:|priority:1], old=null
2022-10-18 21:56:40,008 [a654d2c7-f7ff-48c7-ad7c-d251fa206036@group-F0FFDD42C000-SegmentedRaftLogWorker] INFO  segmented.SegmentedRaftLogWorker (SegmentedRaftLogWorker.java:execute(629)) - a654d2c7-f7ff-48c7-ad7c-d251fa206036@group-F0FFDD42C000-SegmentedRaftLogWorker: created new log segment /home/runner/work/ozone/ozone/hadoop-ozone/integration-test/target/test-dir/MiniOzoneClusterImpl-1c94f07e-3edc-4d60-9c78-eaa851002676/datanode-1/data/ratis/2c81ce7c-2fea-48cf-b36f-f0ffdd42c000/current/log_inprogress_0
2022-10-18 21:56:40,138 [Listener at 127.0.0.1/40781] INFO  ozone.MiniOzoneClusterImpl (MiniOzoneClusterImpl.java:lambda$waitForClusterToBeReady$0(216)) - Nodes are ready. Got 3 of 3 DN Heartbeats.
2022-10-18 21:56:40,138 [Listener at 127.0.0.1/40781] INFO  ozone.MiniOzoneClusterImpl (MiniOzoneClusterImpl.java:lambda$waitForClusterToBeReady$0(219)) - Cluster exits safe mode
2022-10-18 21:56:40,138 [Listener at 127.0.0.1/40781] INFO  ozone.MiniOzoneClusterImpl (MiniOzoneClusterImpl.java:lambda$waitForClusterToBeReady$0(221)) - SCM became leader
2022-10-18 21:56:40,151 [Listener at 127.0.0.1/40781] INFO  rpc.RpcClient (RpcClient.java:createVolume(471)) - Creating Volume: volume05398, with user34925 as owner and space quota set to -1 bytes, counts quota set to -1
2022-10-18 21:56:40,155 [OM StateMachine ApplyTransaction Thread - 0] INFO  volume.OMVolumeCreateRequest (OMVolumeCreateRequest.java:validateAndUpdateCache(195)) - created volume:volume05398 for user:user34925
2022-10-18 21:56:40,156 [OM StateMachine ApplyTransaction Thread - 0] INFO  volume.OMVolumeCreateRequest (OMVolumeCreateRequest.java:validateAndUpdateCache(195)) - created volume:volume05398 for user:user34925
2022-10-18 21:56:40,157 [OM StateMachine ApplyTransaction Thread - 0] INFO  volume.OMVolumeCreateRequest (OMVolumeCreateRequest.java:validateAndUpdateCache(195)) - created volume:volume05398 for user:user34925
2022-10-18 21:56:40,160 [Listener at 127.0.0.1/40781] INFO  rpc.RpcClient (RpcClient.java:createBucket(674)) - Creating Bucket: volume05398/bucket76549, with server-side default bucket layout, runner as owner, Versioning false, Storage Type set to DISK and Encryption set to false 
2022-10-18 21:56:40,163 [OM StateMachine ApplyTransaction Thread - 0] INFO  bucket.OMBucketCreateRequest (OMBucketCreateRequest.java:validateAndUpdateCache(260)) - created bucket: bucket76549 of layout LEGACY in volume: volume05398
2022-10-18 21:56:40,166 [OM StateMachine ApplyTransaction Thread - 0] INFO  bucket.OMBucketCreateRequest (OMBucketCreateRequest.java:validateAndUpdateCache(260)) - created bucket: bucket76549 of layout LEGACY in volume: volume05398
2022-10-18 21:56:40,167 [OM StateMachine ApplyTransaction Thread - 0] INFO  bucket.OMBucketCreateRequest (OMBucketCreateRequest.java:validateAndUpdateCache(260)) - created bucket: bucket76549 of layout LEGACY in volume: volume05398
2022-10-18 21:56:40,172 [IPC Server handler 2 on default port 35249] INFO  ha.SequenceIdGenerator (SequenceIdGenerator.java:getNextId(128)) - Allocate a batch for containerId, change lastId from 0 to 1000.
2022-10-18 21:56:40,172 [IPC Server handler 2 on default port 35249] WARN  ha.SequenceIdGenerator (SequenceIdGenerator.java:allocateBatch(237)) - Failed to allocate a batch for localId, expected lastId is 0, actual lastId is 109611004723200000.
2022-10-18 21:56:40,172 [IPC Server handler 2 on default port 35249] INFO  ha.SequenceIdGenerator (SequenceIdGenerator.java:getNextId(128)) - Allocate a batch for localId, change lastId from 109611004723200000 to 109611004723201000.
2022-10-18 21:56:40,298 [50a22b0c-47fd-4b6b-ada4-fba3aa4f0b97@group-1AE7CF5A518F-FollowerState] INFO  impl.FollowerState (FollowerState.java:run(143)) - 50a22b0c-47fd-4b6b-ada4-fba3aa4f0b97@group-1AE7CF5A518F-FollowerState: change to CANDIDATE, lastRpcElapsedTime:5159291709ns, electionTimeout:5159ms
2022-10-18 21:56:40,298 [50a22b0c-47fd-4b6b-ada4-fba3aa4f0b97@group-1AE7CF5A518F-FollowerState] INFO  impl.RoleInfo (RoleInfo.java:shutdownFollowerState(110)) - 50a22b0c-47fd-4b6b-ada4-fba3aa4f0b97: shutdown 50a22b0c-47fd-4b6b-ada4-fba3aa4f0b97@group-1AE7CF5A518F-FollowerState
2022-10-18 21:56:40,298 [50a22b0c-47fd-4b6b-ada4-fba3aa4f0b97@group-1AE7CF5A518F-FollowerState] INFO  server.RaftServer$Division (RaftServerImpl.java:setRole(299)) - 50a22b0c-47fd-4b6b-ada4-fba3aa4f0b97@group-1AE7CF5A518F: changes role from  FOLLOWER to CANDIDATE at term 0 for changeToCandidate
2022-10-18 21:56:40,298 [50a22b0c-47fd-4b6b-ada4-fba3aa4f0b97@group-1AE7CF5A518F-FollowerState] INFO  server.RaftServerConfigKeys (ConfUtils.java:logGet(46)) - raft.server.leaderelection.pre-vote = false (custom)
2022-10-18 21:56:40,298 [50a22b0c-47fd-4b6b-ada4-fba3aa4f0b97@group-1AE7CF5A518F-FollowerState] INFO  impl.RoleInfo (RoleInfo.java:updateAndGet(139)) - 50a22b0c-47fd-4b6b-ada4-fba3aa4f0b97: start 50a22b0c-47fd-4b6b-ada4-fba3aa4f0b97@group-1AE7CF5A518F-LeaderElection21
2022-10-18 21:56:40,306 [50a22b0c-47fd-4b6b-ada4-fba3aa4f0b97@group-1AE7CF5A518F-LeaderElection21] INFO  impl.LeaderElection (LeaderElection.java:askForVotes(310)) - 50a22b0c-47fd-4b6b-ada4-fba3aa4f0b97@group-1AE7CF5A518F-LeaderElection21 ELECTION round 0: submit vote requests at term 1 for -1: [50a22b0c-47fd-4b6b-ada4-fba3aa4f0b97|rpc:10.1.0.49:43291|priority:1], old=null
2022-10-18 21:56:40,306 [50a22b0c-47fd-4b6b-ada4-fba3aa4f0b97@group-1AE7CF5A518F-LeaderElection21] INFO  impl.LeaderElection (LeaderElection.java:askForVotes(312)) - 50a22b0c-47fd-4b6b-ada4-fba3aa4f0b97@group-1AE7CF5A518F-LeaderElection21 ELECTION round 0: result PASSED (term=1)
2022-10-18 21:56:40,306 [50a22b0c-47fd-4b6b-ada4-fba3aa4f0b97@group-1AE7CF5A518F-LeaderElection21] INFO  impl.RoleInfo (RoleInfo.java:shutdownLeaderElection(130)) - 50a22b0c-47fd-4b6b-ada4-fba3aa4f0b97: shutdown 50a22b0c-47fd-4b6b-ada4-fba3aa4f0b97@group-1AE7CF5A518F-LeaderElection21
2022-10-18 21:56:40,306 [50a22b0c-47fd-4b6b-ada4-fba3aa4f0b97@group-1AE7CF5A518F-LeaderElection21] INFO  server.RaftServer$Division (RaftServerImpl.java:setRole(299)) - 50a22b0c-47fd-4b6b-ada4-fba3aa4f0b97@group-1AE7CF5A518F: changes role from CANDIDATE to LEADER at term 1 for changeToLeader
2022-10-18 21:56:40,306 [50a22b0c-47fd-4b6b-ada4-fba3aa4f0b97@group-1AE7CF5A518F-LeaderElection21] INFO  ratis.XceiverServerRatis (XceiverServerRatis.java:handleLeaderChangedNotification(863)) - Leader change notification received for group: group-1AE7CF5A518F with new leaderId: 50a22b0c-47fd-4b6b-ada4-fba3aa4f0b97
2022-10-18 21:56:40,306 [50a22b0c-47fd-4b6b-ada4-fba3aa4f0b97@group-1AE7CF5A518F-LeaderElection21] INFO  server.RaftServer$Division (ServerState.java:setLeader(287)) - 50a22b0c-47fd-4b6b-ada4-fba3aa4f0b97@group-1AE7CF5A518F: change Leader from null to 50a22b0c-47fd-4b6b-ada4-fba3aa4f0b97 at term 1 for becomeLeader, leader elected after 5171ms
2022-10-18 21:56:40,306 [50a22b0c-47fd-4b6b-ada4-fba3aa4f0b97@group-1AE7CF5A518F-LeaderElection21] INFO  server.RaftServerConfigKeys (ConfUtils.java:logGet(46)) - raft.server.staging.catchup.gap = 1000 (default)
2022-10-18 21:56:40,306 [50a22b0c-47fd-4b6b-ada4-fba3aa4f0b97@group-1AE7CF5A518F-LeaderElection21] INFO  server.RaftServerConfigKeys (ConfUtils.java:logGet(46)) - raft.server.write.element-limit = 1024 (custom)
2022-10-18 21:56:40,306 [50a22b0c-47fd-4b6b-ada4-fba3aa4f0b97@group-1AE7CF5A518F-LeaderElection21] INFO  server.RaftServerConfigKeys (ConfUtils.java:logGet(46)) - raft.server.write.byte-limit = 1024 M (=1073741824) (custom)
2022-10-18 21:56:40,307 [50a22b0c-47fd-4b6b-ada4-fba3aa4f0b97@group-1AE7CF5A518F-LeaderElection21] INFO  server.RaftServerConfigKeys (ConfUtils.java:logGet(46)) - raft.server.watch.timeout = 180s (custom)
2022-10-18 21:56:40,307 [50a22b0c-47fd-4b6b-ada4-fba3aa4f0b97@group-1AE7CF5A518F-LeaderElection21] INFO  server.RaftServerConfigKeys (ConfUtils.java:logGet(46)) - raft.server.watch.timeout.denomination = 1s (default)
2022-10-18 21:56:40,307 [50a22b0c-47fd-4b6b-ada4-fba3aa4f0b97@group-1AE7CF5A518F-LeaderElection21] INFO  server.RaftServerConfigKeys (ConfUtils.java:logGet(46)) - raft.server.watch.element-limit = 65536 (default)
2022-10-18 21:56:40,307 [50a22b0c-47fd-4b6b-ada4-fba3aa4f0b97@group-1AE7CF5A518F-LeaderElection21] INFO  server.RaftServerConfigKeys (ConfUtils.java:logGet(46)) - raft.server.write.element-limit = 1024 (custom)
2022-10-18 21:56:40,307 [50a22b0c-47fd-4b6b-ada4-fba3aa4f0b97@group-1AE7CF5A518F-LeaderElection21] INFO  server.RaftServerConfigKeys (ConfUtils.java:logGet(46)) - raft.server.write.follower.gap.ratio.max = -1.0 (default)
2022-10-18 21:56:40,307 [50a22b0c-47fd-4b6b-ada4-fba3aa4f0b97@group-1AE7CF5A518F-LeaderElection21] INFO  impl.RoleInfo (RoleInfo.java:updateAndGet(139)) - 50a22b0c-47fd-4b6b-ada4-fba3aa4f0b97: start 50a22b0c-47fd-4b6b-ada4-fba3aa4f0b97@group-1AE7CF5A518F-LeaderStateImpl
2022-10-18 21:56:40,307 [50a22b0c-47fd-4b6b-ada4-fba3aa4f0b97@group-1AE7CF5A518F-LeaderElection21] INFO  segmented.SegmentedRaftLogWorker (SegmentedRaftLogWorker.java:startLogSegment(425)) - 50a22b0c-47fd-4b6b-ada4-fba3aa4f0b97@group-1AE7CF5A518F-SegmentedRaftLogWorker: Starting segment from index:0
2022-10-18 21:56:40,316 [50a22b0c-47fd-4b6b-ada4-fba3aa4f0b97@group-1AE7CF5A518F-SegmentedRaftLogWorker] INFO  segmented.SegmentedRaftLogWorker (SegmentedRaftLogWorker.java:execute(629)) - 50a22b0c-47fd-4b6b-ada4-fba3aa4f0b97@group-1AE7CF5A518F-SegmentedRaftLogWorker: created new log segment /home/runner/work/ozone/ozone/hadoop-ozone/integration-test/target/test-dir/MiniOzoneClusterImpl-1c94f07e-3edc-4d60-9c78-eaa851002676/datanode-2/data/ratis/d3175268-4f0a-4a09-abcf-1ae7cf5a518f/current/log_inprogress_0
2022-10-18 21:56:40,321 [50a22b0c-47fd-4b6b-ada4-fba3aa4f0b97@group-1AE7CF5A518F-LeaderElection21] INFO  server.RaftServer$Division (ServerState.java:setRaftConf(393)) - 50a22b0c-47fd-4b6b-ada4-fba3aa4f0b97@group-1AE7CF5A518F: set configuration 0: [50a22b0c-47fd-4b6b-ada4-fba3aa4f0b97|rpc:10.1.0.49:43291|dataStream:|priority:1], old=null
2022-10-18 21:56:44,943 [a654d2c7-f7ff-48c7-ad7c-d251fa206036@group-BBFAF34E6855-FollowerState] INFO  impl.FollowerState (FollowerState.java:run(143)) - a654d2c7-f7ff-48c7-ad7c-d251fa206036@group-BBFAF34E6855-FollowerState: change to CANDIDATE, lastRpcElapsedTime:5009155816ns, electionTimeout:5009ms
2022-10-18 21:56:44,943 [a654d2c7-f7ff-48c7-ad7c-d251fa206036@group-BBFAF34E6855-FollowerState] INFO  impl.RoleInfo (RoleInfo.java:shutdownFollowerState(110)) - a654d2c7-f7ff-48c7-ad7c-d251fa206036: shutdown a654d2c7-f7ff-48c7-ad7c-d251fa206036@group-BBFAF34E6855-FollowerState
2022-10-18 21:56:44,943 [a654d2c7-f7ff-48c7-ad7c-d251fa206036@group-BBFAF34E6855-FollowerState] INFO  server.RaftServer$Division (RaftServerImpl.java:setRole(299)) - a654d2c7-f7ff-48c7-ad7c-d251fa206036@group-BBFAF34E6855: changes role from  FOLLOWER to CANDIDATE at term 1 for changeToCandidate
2022-10-18 21:56:44,943 [a654d2c7-f7ff-48c7-ad7c-d251fa206036@group-BBFAF34E6855-FollowerState] INFO  server.RaftServerConfigKeys (ConfUtils.java:logGet(46)) - raft.server.leaderelection.pre-vote = false (custom)
2022-10-18 21:56:44,944 [a654d2c7-f7ff-48c7-ad7c-d251fa206036@group-BBFAF34E6855-FollowerState] INFO  impl.RoleInfo (RoleInfo.java:updateAndGet(139)) - a654d2c7-f7ff-48c7-ad7c-d251fa206036: start a654d2c7-f7ff-48c7-ad7c-d251fa206036@group-BBFAF34E6855-LeaderElection22
2022-10-18 21:56:44,946 [a654d2c7-f7ff-48c7-ad7c-d251fa206036@group-BBFAF34E6855-LeaderElection22] INFO  impl.LeaderElection (LeaderElection.java:askForVotes(310)) - a654d2c7-f7ff-48c7-ad7c-d251fa206036@group-BBFAF34E6855-LeaderElection22 ELECTION round 0: submit vote requests at term 2 for -1: [930eb83a-4a64-48b4-8e1f-5a852630038a|rpc:10.1.0.49:42415|dataStream:|priority:1, 50a22b0c-47fd-4b6b-ada4-fba3aa4f0b97|rpc:10.1.0.49:43291|dataStream:|priority:0, a654d2c7-f7ff-48c7-ad7c-d251fa206036|rpc:10.1.0.49:38659|dataStream:|priority:0], old=null
2022-10-18 21:56:44,947 [grpc-default-executor-0] INFO  server.RaftServer$Division (RaftServerImpl.java:requestVote(1152)) - 50a22b0c-47fd-4b6b-ada4-fba3aa4f0b97@group-BBFAF34E6855: receive requestVote(ELECTION, a654d2c7-f7ff-48c7-ad7c-d251fa206036, group-BBFAF34E6855, 2, (t:0, i:0))
2022-10-18 21:56:44,947 [grpc-default-executor-3] INFO  server.RaftServer$Division (RaftServerImpl.java:requestVote(1152)) - 930eb83a-4a64-48b4-8e1f-5a852630038a@group-BBFAF34E6855: receive requestVote(ELECTION, a654d2c7-f7ff-48c7-ad7c-d251fa206036, group-BBFAF34E6855, 2, (t:0, i:0))
2022-10-18 21:56:44,947 [grpc-default-executor-0] INFO  impl.VoteContext (VoteContext.java:log(48)) - 50a22b0c-47fd-4b6b-ada4-fba3aa4f0b97@group-BBFAF34E6855-FOLLOWER: accept ELECTION from a654d2c7-f7ff-48c7-ad7c-d251fa206036: our priority 0 <= candidate's priority 0
2022-10-18 21:56:44,947 [grpc-default-executor-3] INFO  impl.VoteContext (VoteContext.java:log(48)) - 930eb83a-4a64-48b4-8e1f-5a852630038a@group-BBFAF34E6855-FOLLOWER: reject ELECTION from a654d2c7-f7ff-48c7-ad7c-d251fa206036: our priority 1 > candidate's priority 0
2022-10-18 21:56:44,948 [grpc-default-executor-0] INFO  server.RaftServer$Division (RaftServerImpl.java:setRole(299)) - 50a22b0c-47fd-4b6b-ada4-fba3aa4f0b97@group-BBFAF34E6855: changes role from  FOLLOWER to FOLLOWER at term 2 for candidate:a654d2c7-f7ff-48c7-ad7c-d251fa206036
2022-10-18 21:56:44,948 [grpc-default-executor-3] INFO  server.RaftServer$Division (RaftServerImpl.java:setRole(299)) - 930eb83a-4a64-48b4-8e1f-5a852630038a@group-BBFAF34E6855: changes role from  FOLLOWER to FOLLOWER at term 2 for candidate:a654d2c7-f7ff-48c7-ad7c-d251fa206036
2022-10-18 21:56:44,948 [grpc-default-executor-0] INFO  impl.RoleInfo (RoleInfo.java:shutdownFollowerState(110)) - 50a22b0c-47fd-4b6b-ada4-fba3aa4f0b97: shutdown 50a22b0c-47fd-4b6b-ada4-fba3aa4f0b97@group-BBFAF34E6855-FollowerState
2022-10-18 21:56:44,948 [grpc-default-executor-3] INFO  impl.RoleInfo (RoleInfo.java:shutdownFollowerState(110)) - 930eb83a-4a64-48b4-8e1f-5a852630038a: shutdown 930eb83a-4a64-48b4-8e1f-5a852630038a@group-BBFAF34E6855-FollowerState
2022-10-18 21:56:44,948 [grpc-default-executor-0] INFO  impl.RoleInfo (RoleInfo.java:updateAndGet(139)) - 50a22b0c-47fd-4b6b-ada4-fba3aa4f0b97: start 50a22b0c-47fd-4b6b-ada4-fba3aa4f0b97@group-BBFAF34E6855-FollowerState
2022-10-18 21:56:44,948 [930eb83a-4a64-48b4-8e1f-5a852630038a@group-BBFAF34E6855-FollowerState] INFO  impl.FollowerState (FollowerState.java:run(152)) - 930eb83a-4a64-48b4-8e1f-5a852630038a@group-BBFAF34E6855-FollowerState was interrupted
2022-10-18 21:56:44,948 [grpc-default-executor-3] INFO  impl.RoleInfo (RoleInfo.java:updateAndGet(139)) - 930eb83a-4a64-48b4-8e1f-5a852630038a: start 930eb83a-4a64-48b4-8e1f-5a852630038a@group-BBFAF34E6855-FollowerState
2022-10-18 21:56:44,948 [50a22b0c-47fd-4b6b-ada4-fba3aa4f0b97@group-BBFAF34E6855-FollowerState] INFO  impl.FollowerState (FollowerState.java:run(152)) - 50a22b0c-47fd-4b6b-ada4-fba3aa4f0b97@group-BBFAF34E6855-FollowerState was interrupted
2022-10-18 21:56:44,950 [grpc-default-executor-0] INFO  server.RaftServer$Division (RaftServerImpl.java:requestVote(1184)) - 50a22b0c-47fd-4b6b-ada4-fba3aa4f0b97@group-BBFAF34E6855 replies to ELECTION vote request: a654d2c7-f7ff-48c7-ad7c-d251fa206036<-50a22b0c-47fd-4b6b-ada4-fba3aa4f0b97#0:OK-t2. Peer's state: 50a22b0c-47fd-4b6b-ada4-fba3aa4f0b97@group-BBFAF34E6855:t2, leader=null, voted=a654d2c7-f7ff-48c7-ad7c-d251fa206036, raftlog=50a22b0c-47fd-4b6b-ada4-fba3aa4f0b97@group-BBFAF34E6855-SegmentedRaftLog:OPENED:c-1, conf=-1: [930eb83a-4a64-48b4-8e1f-5a852630038a|rpc:10.1.0.49:42415|dataStream:|priority:1, 50a22b0c-47fd-4b6b-ada4-fba3aa4f0b97|rpc:10.1.0.49:43291|dataStream:|priority:0, a654d2c7-f7ff-48c7-ad7c-d251fa206036|rpc:10.1.0.49:38659|dataStream:|priority:0], old=null
2022-10-18 21:56:44,951 [grpc-default-executor-3] INFO  server.RaftServer$Division (RaftServerImpl.java:requestVote(1184)) - 930eb83a-4a64-48b4-8e1f-5a852630038a@group-BBFAF34E6855 replies to ELECTION vote request: a654d2c7-f7ff-48c7-ad7c-d251fa206036<-930eb83a-4a64-48b4-8e1f-5a852630038a#0:FAIL-t2. Peer's state: 930eb83a-4a64-48b4-8e1f-5a852630038a@group-BBFAF34E6855:t2, leader=null, voted=null, raftlog=930eb83a-4a64-48b4-8e1f-5a852630038a@group-BBFAF34E6855-SegmentedRaftLog:OPENED:c-1, conf=-1: [930eb83a-4a64-48b4-8e1f-5a852630038a|rpc:10.1.0.49:42415|priority:1, 50a22b0c-47fd-4b6b-ada4-fba3aa4f0b97|rpc:10.1.0.49:43291|priority:0, a654d2c7-f7ff-48c7-ad7c-d251fa206036|rpc:10.1.0.49:38659|priority:0], old=null
2022-10-18 21:56:44,951 [a654d2c7-f7ff-48c7-ad7c-d251fa206036@group-BBFAF34E6855-LeaderElection22] INFO  impl.LeaderElection (LeaderElection.java:logAndReturn(90)) - a654d2c7-f7ff-48c7-ad7c-d251fa206036@group-BBFAF34E6855-LeaderElection22: ELECTION REJECTED received 2 response(s) and 0 exception(s):
2022-10-18 21:56:44,951 [a654d2c7-f7ff-48c7-ad7c-d251fa206036@group-BBFAF34E6855-LeaderElection22] INFO  impl.LeaderElection (LeaderElection.java:logAndReturn(94)) -   Response 0: a654d2c7-f7ff-48c7-ad7c-d251fa206036<-930eb83a-4a64-48b4-8e1f-5a852630038a#0:FAIL-t2
2022-10-18 21:56:44,951 [a654d2c7-f7ff-48c7-ad7c-d251fa206036@group-BBFAF34E6855-LeaderElection22] INFO  impl.LeaderElection (LeaderElection.java:logAndReturn(94)) -   Response 1: a654d2c7-f7ff-48c7-ad7c-d251fa206036<-50a22b0c-47fd-4b6b-ada4-fba3aa4f0b97#0:OK-t2
2022-10-18 21:56:44,951 [a654d2c7-f7ff-48c7-ad7c-d251fa206036@group-BBFAF34E6855-LeaderElection22] INFO  impl.LeaderElection (LeaderElection.java:askForVotes(312)) - a654d2c7-f7ff-48c7-ad7c-d251fa206036@group-BBFAF34E6855-LeaderElection22 ELECTION round 0: result REJECTED
2022-10-18 21:56:44,951 [a654d2c7-f7ff-48c7-ad7c-d251fa206036@group-BBFAF34E6855-LeaderElection22] INFO  server.RaftServer$Division (RaftServerImpl.java:setRole(299)) - a654d2c7-f7ff-48c7-ad7c-d251fa206036@group-BBFAF34E6855: changes role from CANDIDATE to FOLLOWER at term 2 for REJECTED
2022-10-18 21:56:44,951 [a654d2c7-f7ff-48c7-ad7c-d251fa206036@group-BBFAF34E6855-LeaderElection22] INFO  impl.RoleInfo (RoleInfo.java:shutdownLeaderElection(130)) - a654d2c7-f7ff-48c7-ad7c-d251fa206036: shutdown a654d2c7-f7ff-48c7-ad7c-d251fa206036@group-BBFAF34E6855-LeaderElection22
2022-10-18 21:56:44,951 [a654d2c7-f7ff-48c7-ad7c-d251fa206036@group-BBFAF34E6855-LeaderElection22] INFO  impl.RoleInfo (RoleInfo.java:updateAndGet(139)) - a654d2c7-f7ff-48c7-ad7c-d251fa206036: start a654d2c7-f7ff-48c7-ad7c-d251fa206036@group-BBFAF34E6855-FollowerState
2022-10-18 21:56:49,980 [930eb83a-4a64-48b4-8e1f-5a852630038a@group-BBFAF34E6855-FollowerState] INFO  impl.FollowerState (FollowerState.java:run(143)) - 930eb83a-4a64-48b4-8e1f-5a852630038a@group-BBFAF34E6855-FollowerState: change to CANDIDATE, lastRpcElapsedTime:5032032370ns, electionTimeout:5030ms
2022-10-18 21:56:49,980 [930eb83a-4a64-48b4-8e1f-5a852630038a@group-BBFAF34E6855-FollowerState] INFO  impl.RoleInfo (RoleInfo.java:shutdownFollowerState(110)) - 930eb83a-4a64-48b4-8e1f-5a852630038a: shutdown 930eb83a-4a64-48b4-8e1f-5a852630038a@group-BBFAF34E6855-FollowerState
2022-10-18 21:56:49,980 [930eb83a-4a64-48b4-8e1f-5a852630038a@group-BBFAF34E6855-FollowerState] INFO  server.RaftServer$Division (RaftServerImpl.java:setRole(299)) - 930eb83a-4a64-48b4-8e1f-5a852630038a@group-BBFAF34E6855: changes role from  FOLLOWER to CANDIDATE at term 2 for changeToCandidate
2022-10-18 21:56:49,980 [930eb83a-4a64-48b4-8e1f-5a852630038a@group-BBFAF34E6855-FollowerState] INFO  server.RaftServerConfigKeys (ConfUtils.java:logGet(46)) - raft.server.leaderelection.pre-vote = false (custom)
2022-10-18 21:56:49,980 [930eb83a-4a64-48b4-8e1f-5a852630038a@group-BBFAF34E6855-FollowerState] INFO  impl.RoleInfo (RoleInfo.java:updateAndGet(139)) - 930eb83a-4a64-48b4-8e1f-5a852630038a: start 930eb83a-4a64-48b4-8e1f-5a852630038a@group-BBFAF34E6855-LeaderElection23
2022-10-18 21:56:49,982 [930eb83a-4a64-48b4-8e1f-5a852630038a@group-BBFAF34E6855-LeaderElection23] INFO  impl.LeaderElection (LeaderElection.java:askForVotes(310)) - 930eb83a-4a64-48b4-8e1f-5a852630038a@group-BBFAF34E6855-LeaderElection23 ELECTION round 0: submit vote requests at term 3 for -1: [930eb83a-4a64-48b4-8e1f-5a852630038a|rpc:10.1.0.49:42415|priority:1, 50a22b0c-47fd-4b6b-ada4-fba3aa4f0b97|rpc:10.1.0.49:43291|priority:0, a654d2c7-f7ff-48c7-ad7c-d251fa206036|rpc:10.1.0.49:38659|priority:0], old=null
2022-10-18 21:56:49,986 [grpc-default-executor-2] INFO  server.RaftServer$Division (RaftServerImpl.java:requestVote(1152)) - 50a22b0c-47fd-4b6b-ada4-fba3aa4f0b97@group-BBFAF34E6855: receive requestVote(ELECTION, 930eb83a-4a64-48b4-8e1f-5a852630038a, group-BBFAF34E6855, 3, (t:0, i:0))
2022-10-18 21:56:49,986 [grpc-default-executor-2] INFO  impl.VoteContext (VoteContext.java:log(48)) - 50a22b0c-47fd-4b6b-ada4-fba3aa4f0b97@group-BBFAF34E6855-FOLLOWER: accept ELECTION from 930eb83a-4a64-48b4-8e1f-5a852630038a: our priority 0 <= candidate's priority 1
2022-10-18 21:56:49,986 [grpc-default-executor-2] INFO  server.RaftServer$Division (RaftServerImpl.java:setRole(299)) - 50a22b0c-47fd-4b6b-ada4-fba3aa4f0b97@group-BBFAF34E6855: changes role from  FOLLOWER to FOLLOWER at term 3 for candidate:930eb83a-4a64-48b4-8e1f-5a852630038a
2022-10-18 21:56:49,986 [grpc-default-executor-0] INFO  server.RaftServer$Division (RaftServerImpl.java:requestVote(1152)) - a654d2c7-f7ff-48c7-ad7c-d251fa206036@group-BBFAF34E6855: receive requestVote(ELECTION, 930eb83a-4a64-48b4-8e1f-5a852630038a, group-BBFAF34E6855, 3, (t:0, i:0))
2022-10-18 21:56:49,986 [grpc-default-executor-2] INFO  impl.RoleInfo (RoleInfo.java:shutdownFollowerState(110)) - 50a22b0c-47fd-4b6b-ada4-fba3aa4f0b97: shutdown 50a22b0c-47fd-4b6b-ada4-fba3aa4f0b97@group-BBFAF34E6855-FollowerState
2022-10-18 21:56:49,986 [grpc-default-executor-0] INFO  impl.VoteContext (VoteContext.java:log(48)) - a654d2c7-f7ff-48c7-ad7c-d251fa206036@group-BBFAF34E6855-FOLLOWER: accept ELECTION from 930eb83a-4a64-48b4-8e1f-5a852630038a: our priority 0 <= candidate's priority 1
2022-10-18 21:56:49,986 [grpc-default-executor-2] INFO  impl.RoleInfo (RoleInfo.java:updateAndGet(139)) - 50a22b0c-47fd-4b6b-ada4-fba3aa4f0b97: start 50a22b0c-47fd-4b6b-ada4-fba3aa4f0b97@group-BBFAF34E6855-FollowerState
2022-10-18 21:56:49,986 [grpc-default-executor-0] INFO  server.RaftServer$Division (RaftServerImpl.java:setRole(299)) - a654d2c7-f7ff-48c7-ad7c-d251fa206036@group-BBFAF34E6855: changes role from  FOLLOWER to FOLLOWER at term 3 for candidate:930eb83a-4a64-48b4-8e1f-5a852630038a
2022-10-18 21:56:49,986 [grpc-default-executor-0] INFO  impl.RoleInfo (RoleInfo.java:shutdownFollowerState(110)) - a654d2c7-f7ff-48c7-ad7c-d251fa206036: shutdown a654d2c7-f7ff-48c7-ad7c-d251fa206036@group-BBFAF34E6855-FollowerState
2022-10-18 21:56:49,986 [50a22b0c-47fd-4b6b-ada4-fba3aa4f0b97@group-BBFAF34E6855-FollowerState] INFO  impl.FollowerState (FollowerState.java:run(152)) - 50a22b0c-47fd-4b6b-ada4-fba3aa4f0b97@group-BBFAF34E6855-FollowerState was interrupted
2022-10-18 21:56:49,987 [grpc-default-executor-0] INFO  impl.RoleInfo (RoleInfo.java:updateAndGet(139)) - a654d2c7-f7ff-48c7-ad7c-d251fa206036: start a654d2c7-f7ff-48c7-ad7c-d251fa206036@group-BBFAF34E6855-FollowerState
2022-10-18 21:56:49,987 [a654d2c7-f7ff-48c7-ad7c-d251fa206036@group-BBFAF34E6855-FollowerState] INFO  impl.FollowerState (FollowerState.java:run(152)) - a654d2c7-f7ff-48c7-ad7c-d251fa206036@group-BBFAF34E6855-FollowerState was interrupted
2022-10-18 21:56:49,988 [grpc-default-executor-2] INFO  server.RaftServer$Division (RaftServerImpl.java:requestVote(1184)) - 50a22b0c-47fd-4b6b-ada4-fba3aa4f0b97@group-BBFAF34E6855 replies to ELECTION vote request: 930eb83a-4a64-48b4-8e1f-5a852630038a<-50a22b0c-47fd-4b6b-ada4-fba3aa4f0b97#0:OK-t3. Peer's state: 50a22b0c-47fd-4b6b-ada4-fba3aa4f0b97@group-BBFAF34E6855:t3, leader=null, voted=930eb83a-4a64-48b4-8e1f-5a852630038a, raftlog=50a22b0c-47fd-4b6b-ada4-fba3aa4f0b97@group-BBFAF34E6855-SegmentedRaftLog:OPENED:c-1, conf=-1: [930eb83a-4a64-48b4-8e1f-5a852630038a|rpc:10.1.0.49:42415|dataStream:|priority:1, 50a22b0c-47fd-4b6b-ada4-fba3aa4f0b97|rpc:10.1.0.49:43291|dataStream:|priority:0, a654d2c7-f7ff-48c7-ad7c-d251fa206036|rpc:10.1.0.49:38659|dataStream:|priority:0], old=null
2022-10-18 21:56:49,988 [930eb83a-4a64-48b4-8e1f-5a852630038a@group-BBFAF34E6855-LeaderElection23] INFO  impl.LeaderElection (LeaderElection.java:logAndReturn(90)) - 930eb83a-4a64-48b4-8e1f-5a852630038a@group-BBFAF34E6855-LeaderElection23: ELECTION PASSED received 1 response(s) and 0 exception(s):
2022-10-18 21:56:49,988 [930eb83a-4a64-48b4-8e1f-5a852630038a@group-BBFAF34E6855-LeaderElection23] INFO  impl.LeaderElection (LeaderElection.java:logAndReturn(94)) -   Response 0: 930eb83a-4a64-48b4-8e1f-5a852630038a<-50a22b0c-47fd-4b6b-ada4-fba3aa4f0b97#0:OK-t3
2022-10-18 21:56:49,988 [930eb83a-4a64-48b4-8e1f-5a852630038a@group-BBFAF34E6855-LeaderElection23] INFO  impl.LeaderElection (LeaderElection.java:askForVotes(312)) - 930eb83a-4a64-48b4-8e1f-5a852630038a@group-BBFAF34E6855-LeaderElection23 ELECTION round 0: result PASSED
2022-10-18 21:56:49,988 [930eb83a-4a64-48b4-8e1f-5a852630038a@group-BBFAF34E6855-LeaderElection23] INFO  impl.RoleInfo (RoleInfo.java:shutdownLeaderElection(130)) - 930eb83a-4a64-48b4-8e1f-5a852630038a: shutdown 930eb83a-4a64-48b4-8e1f-5a852630038a@group-BBFAF34E6855-LeaderElection23
2022-10-18 21:56:49,988 [930eb83a-4a64-48b4-8e1f-5a852630038a@group-BBFAF34E6855-LeaderElection23] INFO  server.RaftServer$Division (RaftServerImpl.java:setRole(299)) - 930eb83a-4a64-48b4-8e1f-5a852630038a@group-BBFAF34E6855: changes role from CANDIDATE to LEADER at term 3 for changeToLeader
2022-10-18 21:56:49,988 [930eb83a-4a64-48b4-8e1f-5a852630038a@group-BBFAF34E6855-LeaderElection23] INFO  ratis.XceiverServerRatis (XceiverServerRatis.java:handleLeaderChangedNotification(863)) - Leader change notification received for group: group-BBFAF34E6855 with new leaderId: 930eb83a-4a64-48b4-8e1f-5a852630038a
2022-10-18 21:56:49,988 [grpc-default-executor-0] INFO  server.RaftServer$Division (RaftServerImpl.java:requestVote(1184)) - a654d2c7-f7ff-48c7-ad7c-d251fa206036@group-BBFAF34E6855 replies to ELECTION vote request: 930eb83a-4a64-48b4-8e1f-5a852630038a<-a654d2c7-f7ff-48c7-ad7c-d251fa206036#0:OK-t3. Peer's state: a654d2c7-f7ff-48c7-ad7c-d251fa206036@group-BBFAF34E6855:t3, leader=null, voted=930eb83a-4a64-48b4-8e1f-5a852630038a, raftlog=a654d2c7-f7ff-48c7-ad7c-d251fa206036@group-BBFAF34E6855-SegmentedRaftLog:OPENED:c-1, conf=-1: [930eb83a-4a64-48b4-8e1f-5a852630038a|rpc:10.1.0.49:42415|dataStream:|priority:1, 50a22b0c-47fd-4b6b-ada4-fba3aa4f0b97|rpc:10.1.0.49:43291|dataStream:|priority:0, a654d2c7-f7ff-48c7-ad7c-d251fa206036|rpc:10.1.0.49:38659|dataStream:|priority:0], old=null
2022-10-18 21:56:49,988 [930eb83a-4a64-48b4-8e1f-5a852630038a@group-BBFAF34E6855-LeaderElection23] INFO  server.RaftServer$Division (ServerState.java:setLeader(287)) - 930eb83a-4a64-48b4-8e1f-5a852630038a@group-BBFAF34E6855: change Leader from null to 930eb83a-4a64-48b4-8e1f-5a852630038a at term 3 for becomeLeader, leader elected after 15208ms
2022-10-18 21:56:49,989 [930eb83a-4a64-48b4-8e1f-5a852630038a@group-BBFAF34E6855-LeaderElection23] INFO  server.RaftServerConfigKeys (ConfUtils.java:logGet(46)) - raft.server.staging.catchup.gap = 1000 (default)
2022-10-18 21:56:49,989 [930eb83a-4a64-48b4-8e1f-5a852630038a@group-BBFAF34E6855-LeaderElection23] INFO  server.RaftServerConfigKeys (ConfUtils.java:logGet(46)) - raft.server.write.element-limit = 1024 (custom)
2022-10-18 21:56:49,989 [930eb83a-4a64-48b4-8e1f-5a852630038a@group-BBFAF34E6855-LeaderElection23] INFO  server.RaftServerConfigKeys (ConfUtils.java:logGet(46)) - raft.server.write.byte-limit = 1024 M (=1073741824) (custom)
2022-10-18 21:56:49,990 [EventQueue-PipelineReportForPipelineReportHandler] INFO  pipeline.PipelineManagerImpl (PipelineManagerImpl.java:openPipeline(367)) - Pipeline Pipeline[ Id: 742906a2-102f-485f-ad6f-bbfaf34e6855, Nodes: 50a22b0c-47fd-4b6b-ada4-fba3aa4f0b97{ip: 10.1.0.49, host: fv-az368-376.2eqeunsjyj5ebgwla1snbw5zah.gx.internal.cloudapp.net, ports: [REPLICATION=45281, RATIS=43291, RATIS_ADMIN=43291, RATIS_SERVER=43291, STANDALONE=45929], networkLocation: /default-rack, certSerialId: null, persistedOpState: IN_SERVICE, persistedOpStateExpiryEpochSec: 0}930eb83a-4a64-48b4-8e1f-5a852630038a{ip: 10.1.0.49, host: fv-az368-376.2eqeunsjyj5ebgwla1snbw5zah.gx.internal.cloudapp.net, ports: [REPLICATION=42189, RATIS=42415, RATIS_ADMIN=42415, RATIS_SERVER=42415, STANDALONE=38147], networkLocation: /default-rack, certSerialId: null, persistedOpState: IN_SERVICE, persistedOpStateExpiryEpochSec: 0}a654d2c7-f7ff-48c7-ad7c-d251fa206036{ip: 10.1.0.49, host: fv-az368-376.2eqeunsjyj5ebgwla1snbw5zah.gx.internal.cloudapp.net, ports: [REPLICATION=40255, RATIS=38659, RATIS_ADMIN=38659, RATIS_SERVER=38659, STANDALONE=38089], networkLocation: /default-rack, certSerialId: null, persistedOpState: IN_SERVICE, persistedOpStateExpiryEpochSec: 0}, ReplicationConfig: RATIS/THREE, State:ALLOCATED, leaderId:930eb83a-4a64-48b4-8e1f-5a852630038a, CreationTimestamp2022-10-18T21:56:32.135Z[Etc/UTC]] moved to OPEN state
2022-10-18 21:56:49,990 [930eb83a-4a64-48b4-8e1f-5a852630038a@group-BBFAF34E6855-LeaderElection23] INFO  server.RaftServerConfigKeys (ConfUtils.java:logGet(46)) - raft.server.watch.timeout = 180s (custom)
2022-10-18 21:56:49,990 [930eb83a-4a64-48b4-8e1f-5a852630038a@group-BBFAF34E6855-LeaderElection23] INFO  server.RaftServerConfigKeys (ConfUtils.java:logGet(46)) - raft.server.watch.timeout.denomination = 1s (default)
2022-10-18 21:56:49,990 [930eb83a-4a64-48b4-8e1f-5a852630038a@group-BBFAF34E6855-LeaderElection23] INFO  server.RaftServerConfigKeys (ConfUtils.java:logGet(46)) - raft.server.watch.element-limit = 65536 (default)
2022-10-18 21:56:49,990 [930eb83a-4a64-48b4-8e1f-5a852630038a@group-BBFAF34E6855-LeaderElection23] INFO  server.RaftServerConfigKeys (ConfUtils.java:logGet(46)) - raft.server.write.element-limit = 1024 (custom)
2022-10-18 21:56:49,990 [930eb83a-4a64-48b4-8e1f-5a852630038a@group-BBFAF34E6855-LeaderElection23] INFO  server.RaftServerConfigKeys (ConfUtils.java:logGet(46)) - raft.server.write.follower.gap.ratio.max = -1.0 (default)
2022-10-18 21:56:49,991 [930eb83a-4a64-48b4-8e1f-5a852630038a@group-BBFAF34E6855-LeaderElection23] INFO  server.RaftServerConfigKeys (ConfUtils.java:logGet(46)) - raft.server.log.appender.snapshot.chunk.size.max = 16MB (=16777216) (default)
2022-10-18 21:56:49,991 [930eb83a-4a64-48b4-8e1f-5a852630038a@group-BBFAF34E6855-LeaderElection23] INFO  server.RaftServerConfigKeys (ConfUtils.java:logGet(46)) - raft.server.log.appender.buffer.byte-limit = 33554432 (custom)
2022-10-18 21:56:49,991 [930eb83a-4a64-48b4-8e1f-5a852630038a@group-BBFAF34E6855-LeaderElection23] INFO  server.RaftServerConfigKeys (ConfUtils.java:logGet(46)) - raft.server.log.appender.buffer.element-limit = 1 (custom)
2022-10-18 21:56:49,991 [930eb83a-4a64-48b4-8e1f-5a852630038a@group-BBFAF34E6855-LeaderElection23] INFO  grpc.GrpcConfigKeys (ConfUtils.java:logGet(46)) - raft.grpc.server.leader.outstanding.appends.max = 128 (default)
2022-10-18 21:56:49,991 [930eb83a-4a64-48b4-8e1f-5a852630038a@group-BBFAF34E6855-LeaderElection23] INFO  server.RaftServerConfigKeys (ConfUtils.java:logGet(46)) - raft.server.rpc.request.timeout = 60s (custom)
2022-10-18 21:56:49,991 [930eb83a-4a64-48b4-8e1f-5a852630038a@group-BBFAF34E6855-LeaderElection23] INFO  server.RaftServerConfigKeys (ConfUtils.java:logGet(46)) - raft.server.log.appender.install.snapshot.enabled = false (custom)
2022-10-18 21:56:49,992 [930eb83a-4a64-48b4-8e1f-5a852630038a@group-BBFAF34E6855-LeaderElection23] INFO  server.RaftServerConfigKeys (ConfUtils.java:logGet(46)) - raft.server.log.appender.snapshot.chunk.size.max = 16MB (=16777216) (default)
2022-10-18 21:56:49,992 [930eb83a-4a64-48b4-8e1f-5a852630038a@group-BBFAF34E6855-LeaderElection23] INFO  server.RaftServerConfigKeys (ConfUtils.java:logGet(46)) - raft.server.log.appender.buffer.byte-limit = 33554432 (custom)
2022-10-18 21:56:49,992 [930eb83a-4a64-48b4-8e1f-5a852630038a@group-BBFAF34E6855-LeaderElection23] INFO  server.RaftServerConfigKeys (ConfUtils.java:logGet(46)) - raft.server.log.appender.buffer.element-limit = 1 (custom)
2022-10-18 21:56:49,992 [930eb83a-4a64-48b4-8e1f-5a852630038a@group-BBFAF34E6855-LeaderElection23] INFO  grpc.GrpcConfigKeys (ConfUtils.java:logGet(46)) - raft.grpc.server.leader.outstanding.appends.max = 128 (default)
2022-10-18 21:56:49,992 [930eb83a-4a64-48b4-8e1f-5a852630038a@group-BBFAF34E6855-LeaderElection23] INFO  server.RaftServerConfigKeys (ConfUtils.java:logGet(46)) - raft.server.rpc.request.timeout = 60s (custom)
2022-10-18 21:56:49,992 [930eb83a-4a64-48b4-8e1f-5a852630038a@group-BBFAF34E6855-LeaderElection23] INFO  server.RaftServerConfigKeys (ConfUtils.java:logGet(46)) - raft.server.log.appender.install.snapshot.enabled = false (custom)
2022-10-18 21:56:49,993 [930eb83a-4a64-48b4-8e1f-5a852630038a@group-BBFAF34E6855-LeaderElection23] INFO  impl.RoleInfo (RoleInfo.java:updateAndGet(139)) - 930eb83a-4a64-48b4-8e1f-5a852630038a: start 930eb83a-4a64-48b4-8e1f-5a852630038a@group-BBFAF34E6855-LeaderStateImpl
2022-10-18 21:56:49,993 [930eb83a-4a64-48b4-8e1f-5a852630038a@group-BBFAF34E6855-LeaderElection23] INFO  segmented.SegmentedRaftLogWorker (SegmentedRaftLogWorker.java:startLogSegment(425)) - 930eb83a-4a64-48b4-8e1f-5a852630038a@group-BBFAF34E6855-SegmentedRaftLogWorker: Starting segment from index:0
2022-10-18 21:56:49,995 [930eb83a-4a64-48b4-8e1f-5a852630038a@group-BBFAF34E6855-SegmentedRaftLogWorker] INFO  segmented.SegmentedRaftLogWorker (SegmentedRaftLogWorker.java:execute(629)) - 930eb83a-4a64-48b4-8e1f-5a852630038a@group-BBFAF34E6855-SegmentedRaftLogWorker: created new log segment /home/runner/work/ozone/ozone/hadoop-ozone/integration-test/target/test-dir/MiniOzoneClusterImpl-1c94f07e-3edc-4d60-9c78-eaa851002676/datanode-0/data/ratis/742906a2-102f-485f-ad6f-bbfaf34e6855/current/log_inprogress_0
2022-10-18 21:56:49,997 [930eb83a-4a64-48b4-8e1f-5a852630038a@group-BBFAF34E6855-LeaderElection23] INFO  server.RaftServer$Division (ServerState.java:setRaftConf(393)) - 930eb83a-4a64-48b4-8e1f-5a852630038a@group-BBFAF34E6855: set configuration 0: [930eb83a-4a64-48b4-8e1f-5a852630038a|rpc:10.1.0.49:42415|dataStream:|priority:1, 50a22b0c-47fd-4b6b-ada4-fba3aa4f0b97|rpc:10.1.0.49:43291|dataStream:|priority:0, a654d2c7-f7ff-48c7-ad7c-d251fa206036|rpc:10.1.0.49:38659|dataStream:|priority:0], old=null
2022-10-18 21:56:49,999 [50a22b0c-47fd-4b6b-ada4-fba3aa4f0b97-server-thread1] INFO  ratis.XceiverServerRatis (XceiverServerRatis.java:handleLeaderChangedNotification(863)) - Leader change notification received for group: group-BBFAF34E6855 with new leaderId: 930eb83a-4a64-48b4-8e1f-5a852630038a
2022-10-18 21:56:49,999 [50a22b0c-47fd-4b6b-ada4-fba3aa4f0b97-server-thread1] INFO  server.RaftServer$Division (ServerState.java:setLeader(287)) - 50a22b0c-47fd-4b6b-ada4-fba3aa4f0b97@group-BBFAF34E6855: change Leader from null to 930eb83a-4a64-48b4-8e1f-5a852630038a at term 3 for appendEntries, leader elected after 15208ms
2022-10-18 21:56:50,001 [a654d2c7-f7ff-48c7-ad7c-d251fa206036-server-thread1] INFO  ratis.XceiverServerRatis (XceiverServerRatis.java:handleLeaderChangedNotification(863)) - Leader change notification received for group: group-BBFAF34E6855 with new leaderId: 930eb83a-4a64-48b4-8e1f-5a852630038a
2022-10-18 21:56:50,001 [a654d2c7-f7ff-48c7-ad7c-d251fa206036-server-thread1] INFO  server.RaftServer$Division (ServerState.java:setLeader(287)) - a654d2c7-f7ff-48c7-ad7c-d251fa206036@group-BBFAF34E6855: change Leader from null to 930eb83a-4a64-48b4-8e1f-5a852630038a at term 3 for appendEntries, leader elected after 15195ms
2022-10-18 21:56:50,002 [50a22b0c-47fd-4b6b-ada4-fba3aa4f0b97-server-thread1] INFO  server.RaftServer$Division (ServerState.java:setRaftConf(393)) - 50a22b0c-47fd-4b6b-ada4-fba3aa4f0b97@group-BBFAF34E6855: set configuration 0: [930eb83a-4a64-48b4-8e1f-5a852630038a|rpc:10.1.0.49:42415|dataStream:|priority:1, 50a22b0c-47fd-4b6b-ada4-fba3aa4f0b97|rpc:10.1.0.49:43291|dataStream:|priority:0, a654d2c7-f7ff-48c7-ad7c-d251fa206036|rpc:10.1.0.49:38659|dataStream:|priority:0], old=null
2022-10-18 21:56:50,003 [a654d2c7-f7ff-48c7-ad7c-d251fa206036-server-thread1] INFO  server.RaftServer$Division (ServerState.java:setRaftConf(393)) - a654d2c7-f7ff-48c7-ad7c-d251fa206036@group-BBFAF34E6855: set configuration 0: [930eb83a-4a64-48b4-8e1f-5a852630038a|rpc:10.1.0.49:42415|dataStream:|priority:1, 50a22b0c-47fd-4b6b-ada4-fba3aa4f0b97|rpc:10.1.0.49:43291|dataStream:|priority:0, a654d2c7-f7ff-48c7-ad7c-d251fa206036|rpc:10.1.0.49:38659|dataStream:|priority:0], old=null
2022-10-18 21:56:50,003 [50a22b0c-47fd-4b6b-ada4-fba3aa4f0b97-server-thread1] INFO  segmented.SegmentedRaftLogWorker (SegmentedRaftLogWorker.java:startLogSegment(425)) - 50a22b0c-47fd-4b6b-ada4-fba3aa4f0b97@group-BBFAF34E6855-SegmentedRaftLogWorker: Starting segment from index:0
2022-10-18 21:56:50,004 [a654d2c7-f7ff-48c7-ad7c-d251fa206036-server-thread1] INFO  segmented.SegmentedRaftLogWorker (SegmentedRaftLogWorker.java:startLogSegment(425)) - a654d2c7-f7ff-48c7-ad7c-d251fa206036@group-BBFAF34E6855-SegmentedRaftLogWorker: Starting segment from index:0
2022-10-18 21:56:50,005 [a654d2c7-f7ff-48c7-ad7c-d251fa206036@group-BBFAF34E6855-SegmentedRaftLogWorker] INFO  segmented.SegmentedRaftLogWorker (SegmentedRaftLogWorker.java:execute(629)) - a654d2c7-f7ff-48c7-ad7c-d251fa206036@group-BBFAF34E6855-SegmentedRaftLogWorker: created new log segment /home/runner/work/ozone/ozone/hadoop-ozone/integration-test/target/test-dir/MiniOzoneClusterImpl-1c94f07e-3edc-4d60-9c78-eaa851002676/datanode-1/data/ratis/742906a2-102f-485f-ad6f-bbfaf34e6855/current/log_inprogress_0
2022-10-18 21:56:50,005 [50a22b0c-47fd-4b6b-ada4-fba3aa4f0b97@group-BBFAF34E6855-SegmentedRaftLogWorker] INFO  segmented.SegmentedRaftLogWorker (SegmentedRaftLogWorker.java:execute(629)) - 50a22b0c-47fd-4b6b-ada4-fba3aa4f0b97@group-BBFAF34E6855-SegmentedRaftLogWorker: created new log segment /home/runner/work/ozone/ozone/hadoop-ozone/integration-test/target/test-dir/MiniOzoneClusterImpl-1c94f07e-3edc-4d60-9c78-eaa851002676/datanode-2/data/ratis/742906a2-102f-485f-ad6f-bbfaf34e6855/current/log_inprogress_0
2022-10-18 21:56:50,409 [Listener at 127.0.0.1/40781] INFO  om.OzoneManager (OzoneManager.java:stop(2034)) - omNode-3[localhost:40781]: Stopping Ozone Manager
2022-10-18 21:56:50,409 [Listener at 127.0.0.1/40781] INFO  ipc.Server (Server.java:stop(3428)) - Stopping server on 40781
2022-10-18 21:56:50,411 [IPC Server listener on 40781] INFO  ipc.Server (Server.java:run(1384)) - Stopping IPC Server listener on 40781
2022-10-18 21:56:50,412 [IPC Server Responder] INFO  ipc.Server (Server.java:run(1517)) - Stopping IPC Server Responder
2022-10-18 21:56:50,412 [Listener at 127.0.0.1/40781] INFO  server.RaftServer (RaftServerProxy.java:lambda$close$7(398)) - omNode-3: close
2022-10-18 21:56:50,412 [Listener at 127.0.0.1/40781] INFO  server.RaftServer$Division (RaftServerImpl.java:lambda$close$4(434)) - omNode-3@group-523986131536: shutdown
2022-10-18 21:56:50,412 [Listener at 127.0.0.1/40781] INFO  util.JmxRegister (JmxRegister.java:unregister(73)) - Successfully un-registered JMX Bean with object name Ratis:service=RaftServer,group=group-523986131536,id=omNode-3
2022-10-18 21:56:50,412 [Listener at 127.0.0.1/40781] INFO  impl.RoleInfo (RoleInfo.java:shutdownFollowerState(110)) - omNode-3: shutdown omNode-3@group-523986131536-FollowerState
2022-10-18 21:56:50,412 [Listener at 127.0.0.1/40781] INFO  impl.StateMachineUpdater (StateMachineUpdater.java:stopAndJoin(153)) - omNode-3@group-523986131536-StateMachineUpdater: set stopIndex = 43
2022-10-18 21:56:50,412 [omNode-3@group-523986131536-FollowerState] INFO  impl.FollowerState (FollowerState.java:run(152)) - omNode-3@group-523986131536-FollowerState was interrupted
2022-10-18 21:56:50,413 [omNode-3@group-523986131536-StateMachineUpdater] INFO  ratis.OzoneManagerStateMachine (OzoneManagerStateMachine.java:takeSnapshot(441)) - Current Snapshot Index (t:1, i:43)
2022-10-18 21:56:50,413 [omNode-3@group-523986131536-StateMachineUpdater] INFO  impl.StateMachineUpdater (StateMachineUpdater.java:takeSnapshot(287)) - omNode-3@group-523986131536-StateMachineUpdater: Took a snapshot at index 43
2022-10-18 21:56:50,413 [omNode-3@group-523986131536-StateMachineUpdater] INFO  impl.StateMachineUpdater (StateMachineUpdater.java:lambda$new$0(92)) - omNode-3@group-523986131536-StateMachineUpdater: snapshotIndex: updateIncreasingly -1 -> 43
2022-10-18 21:56:50,413 [omNode-3@group-523986131536-StateMachineUpdater] INFO  ratis.OzoneManagerStateMachine (OzoneManagerStateMachine.java:close(495)) - StateMachine has shutdown. Shutdown OzoneManager if not already shutdown.
2022-10-18 21:56:50,413 [omNode-3@group-523986131536-StateMachineUpdater] INFO  ratis.OzoneManagerDoubleBuffer (OzoneManagerDoubleBuffer.java:stop(466)) - Stopping OMDoubleBuffer flush thread
2022-10-18 21:56:50,413 [OMDoubleBufferFlushThread] INFO  ratis.OzoneManagerDoubleBuffer (OzoneManagerDoubleBuffer.java:flushTransactions(385)) - OMDoubleBuffer flush thread OMDoubleBufferFlushThread is interrupted and will exit.
2022-10-18 21:56:50,414 [Listener at 127.0.0.1/40781] INFO  server.RaftServer$Division (ServerState.java:close(429)) - omNode-3@group-523986131536: closes. applyIndex: 43
2022-10-18 21:56:50,414 [omNode-3@group-523986131536-SegmentedRaftLogWorker] INFO  segmented.SegmentedRaftLogWorker (SegmentedRaftLogWorker.java:run(336)) - omNode-3@group-523986131536-SegmentedRaftLogWorker was interrupted, exiting. There are 0 tasks remaining in the queue.
2022-10-18 21:56:50,414 [Listener at 127.0.0.1/40781] INFO  segmented.SegmentedRaftLogWorker (SegmentedRaftLogWorker.java:close(246)) - omNode-3@group-523986131536-SegmentedRaftLogWorker close()
2022-10-18 21:56:50,415 [Listener at 127.0.0.1/40781] INFO  server.GrpcService (GrpcService.java:closeImpl(269)) - omNode-3: shutdown server with port 46841 now
2022-10-18 21:56:50,416 [grpc-default-executor-3] WARN  server.GrpcServerProtocolService (LogUtils.java:warn(122)) - omNode-3: installSnapshot onError, lastRequest: omNode-1->omNode-3#257-t1,previous=(t:1, i:43),leaderCommit=43,initializing? true,entries: size=1, first=(t:1, i:44), METADATAENTRY(c:43): org.apache.ratis.thirdparty.io.grpc.StatusRuntimeException: CANCELLED: client cancelled
2022-10-18 21:56:50,416 [Listener at 127.0.0.1/40781] INFO  server.GrpcService (GrpcService.java:closeImpl(278)) - omNode-3: shutdown server with port 46841 successfully
2022-10-18 21:56:50,416 [grpc-default-executor-0] WARN  server.GrpcLogAppender (LogUtils.java:warn(122)) - omNode-1@group-523986131536->omNode-3-AppendLogResponseHandler: Failed appendEntries: org.apache.ratis.thirdparty.io.grpc.StatusRuntimeException: CANCELLED: RST_STREAM closed stream. HTTP/2 error code: CANCEL
2022-10-18 21:56:50,416 [org.apache.ratis.util.JvmPauseMonitor$$Lambda$703/854163851@7571f195] INFO  util.JvmPauseMonitor (JvmPauseMonitor.java:run(109)) - JvmPauseMonitor-omNode-3: Stopped
2022-10-18 21:56:50,416 [Listener at 127.0.0.1/40781] INFO  ratis.OzoneManagerStateMachine (OzoneManagerStateMachine.java:close(495)) - StateMachine has shutdown. Shutdown OzoneManager if not already shutdown.
2022-10-18 21:56:50,417 [Listener at 127.0.0.1/40781] INFO  ratis.OzoneManagerDoubleBuffer (OzoneManagerDoubleBuffer.java:stop(478)) - OMDoubleBuffer flush thread is not running.
2022-10-18 21:56:50,417 [grpc-default-executor-0] INFO  leader.FollowerInfo (FollowerInfoImpl.java:lambda$new$0(48)) - omNode-1@group-523986131536->omNode-3: nextIndex: updateUnconditionally 45 -> 44
2022-10-18 21:56:50,417 [Listener at 127.0.0.1/40781] INFO  utils.BackgroundService (BackgroundService.java:shutdown(141)) - Shutting down service KeyDeletingService
2022-10-18 21:56:50,417 [Listener at 127.0.0.1/40781] INFO  utils.BackgroundService (BackgroundService.java:shutdown(141)) - Shutting down service DirectoryDeletingService
2022-10-18 21:56:50,418 [Listener at 127.0.0.1/40781] INFO  utils.BackgroundService (BackgroundService.java:shutdown(141)) - Shutting down service OpenKeyCleanupService
2022-10-18 21:56:50,419 [Listener at 127.0.0.1/40781] INFO  handler.ContextHandler (ContextHandler.java:doStop(1153)) - Stopped o.e.j.w.WebAppContext@5db4c6c1{ozoneManager,/,null,STOPPED}{file:/home/runner/work/ozone/ozone/hadoop-ozone/integration-test/target/test-classes/webapps/ozoneManager}
2022-10-18 21:56:50,419 [Listener at 127.0.0.1/40781] INFO  server.AbstractConnector (AbstractConnector.java:doStop(381)) - Stopped ServerConnector@4481c0a7{HTTP/1.1, (http/1.1)}{0.0.0.0:36397}
2022-10-18 21:56:50,420 [Listener at 127.0.0.1/40781] INFO  server.session (HouseKeeper.java:stopScavenging(149)) - node0 Stopped scavenging
2022-10-18 21:56:50,420 [Listener at 127.0.0.1/40781] INFO  handler.ContextHandler (ContextHandler.java:doStop(1153)) - Stopped o.e.j.s.ServletContextHandler@4704680c{static,/static,file:///home/runner/work/ozone/ozone/hadoop-ozone/integration-test/target/test-classes/webapps/static,STOPPED}
2022-10-18 21:56:50,420 [Listener at 127.0.0.1/40781] INFO  handler.ContextHandler (ContextHandler.java:doStop(1153)) - Stopped o.e.j.s.ServletContextHandler@696ac3dd{logs,/logs,file:///home/runner/work/ozone/ozone/hadoop-ozone/integration-test/target/log,STOPPED}
2022-10-18 21:56:50,423 [grpc-default-executor-3] WARN  server.GrpcLogAppender (LogUtils.java:warn(122)) - omNode-1@group-523986131536->omNode-3-AppendLogResponseHandler: Failed appendEntries: org.apache.ratis.thirdparty.io.grpc.StatusRuntimeException: UNAVAILABLE: io exception
2022-10-18 21:56:50,423 [grpc-default-executor-3] INFO  leader.FollowerInfo (FollowerInfoImpl.java:lambda$new$0(48)) - omNode-1@group-523986131536->omNode-3: nextIndex: updateUnconditionally 45 -> 44
2022-10-18 21:56:50,426 [grpc-default-executor-3] WARN  server.GrpcLogAppender (LogUtils.java:warn(122)) - omNode-1@group-523986131536->omNode-3-AppendLogResponseHandler: Failed appendEntries: org.apache.ratis.thirdparty.io.grpc.StatusRuntimeException: UNAVAILABLE: io exception
2022-10-18 21:56:50,426 [grpc-default-executor-3] INFO  leader.FollowerInfo (FollowerInfoImpl.java:lambda$new$0(48)) - omNode-1@group-523986131536->omNode-3: nextIndex: updateUnconditionally 46 -> 45
2022-10-18 21:56:50,427 [grpc-default-executor-0] WARN  server.GrpcLogAppender (LogUtils.java:warn(122)) - omNode-1@group-523986131536->omNode-3-AppendLogResponseHandler: Failed appendEntries: org.apache.ratis.thirdparty.io.grpc.StatusRuntimeException: UNAVAILABLE: io exception
2022-10-18 21:56:50,427 [grpc-default-executor-0] INFO  leader.FollowerInfo (FollowerInfoImpl.java:lambda$new$0(48)) - omNode-1@group-523986131536->omNode-3: nextIndex: updateUnconditionally 46 -> 45
2022-10-18 21:56:50,428 [grpc-default-executor-0] WARN  server.GrpcLogAppender (LogUtils.java:warn(122)) - omNode-1@group-523986131536->omNode-3-AppendLogResponseHandler: Failed appendEntries: org.apache.ratis.thirdparty.io.grpc.StatusRuntimeException: UNAVAILABLE: io exception
2022-10-18 21:56:50,428 [grpc-default-executor-0] INFO  leader.FollowerInfo (FollowerInfoImpl.java:lambda$new$0(48)) - omNode-1@group-523986131536->omNode-3: nextIndex: updateUnconditionally 47 -> 45
2022-10-18 21:56:50,435 [grpc-default-executor-0] WARN  server.GrpcLogAppender (LogUtils.java:warn(122)) - omNode-1@group-523986131536->omNode-3-AppendLogResponseHandler: Failed appendEntries: org.apache.ratis.thirdparty.io.grpc.StatusRuntimeException: UNAVAILABLE: io exception
2022-10-18 21:56:50,435 [grpc-default-executor-0] INFO  leader.FollowerInfo (FollowerInfoImpl.java:lambda$new$0(48)) - omNode-1@group-523986131536->omNode-3: nextIndex: updateUnconditionally 48 -> 45
2022-10-18 21:56:50,437 [grpc-default-executor-3] WARN  server.GrpcLogAppender (LogUtils.java:warn(122)) - omNode-1@group-523986131536->omNode-3-AppendLogResponseHandler: Failed appendEntries: org.apache.ratis.thirdparty.io.grpc.StatusRuntimeException: UNAVAILABLE: io exception
2022-10-18 21:56:50,437 [grpc-default-executor-3] INFO  leader.FollowerInfo (FollowerInfoImpl.java:lambda$new$0(48)) - omNode-1@group-523986131536->omNode-3: nextIndex: updateUnconditionally 48 -> 45
2022-10-18 21:56:50,438 [grpc-default-executor-3] WARN  server.GrpcLogAppender (LogUtils.java:warn(122)) - omNode-1@group-523986131536->omNode-3-AppendLogResponseHandler: Failed appendEntries: org.apache.ratis.thirdparty.io.grpc.StatusRuntimeException: UNAVAILABLE: io exception
2022-10-18 21:56:50,439 [grpc-default-executor-3] INFO  leader.FollowerInfo (FollowerInfoImpl.java:lambda$new$0(48)) - omNode-1@group-523986131536->omNode-3: nextIndex: updateUnconditionally 49 -> 45
2022-10-18 21:56:50,441 [grpc-default-executor-3] WARN  server.GrpcLogAppender (LogUtils.java:warn(122)) - omNode-1@group-523986131536->omNode-3-AppendLogResponseHandler: Failed appendEntries: org.apache.ratis.thirdparty.io.grpc.StatusRuntimeException: UNAVAILABLE: io exception
2022-10-18 21:56:50,441 [grpc-default-executor-3] INFO  leader.FollowerInfo (FollowerInfoImpl.java:lambda$new$0(48)) - omNode-1@group-523986131536->omNode-3: nextIndex: updateUnconditionally 50 -> 45
2022-10-18 21:56:50,444 [grpc-default-executor-0] WARN  server.GrpcLogAppender (LogUtils.java:warn(122)) - omNode-1@group-523986131536->omNode-3-AppendLogResponseHandler: Failed appendEntries: org.apache.ratis.thirdparty.io.grpc.StatusRuntimeException: UNAVAILABLE: io exception
2022-10-18 21:56:50,444 [grpc-default-executor-0] INFO  leader.FollowerInfo (FollowerInfoImpl.java:lambda$new$0(48)) - omNode-1@group-523986131536->omNode-3: nextIndex: updateUnconditionally 51 -> 45
2022-10-18 21:56:50,447 [omNode-1@group-523986131536-StateMachineUpdater] INFO  ratis.OzoneManagerStateMachine (OzoneManagerStateMachine.java:takeSnapshot(441)) - Current Snapshot Index (t:1, i:50)
2022-10-18 21:56:50,447 [omNode-1@group-523986131536-StateMachineUpdater] INFO  impl.StateMachineUpdater (StateMachineUpdater.java:takeSnapshot(287)) - omNode-1@group-523986131536-StateMachineUpdater: Took a snapshot at index 50
2022-10-18 21:56:50,448 [omNode-1@group-523986131536-StateMachineUpdater] INFO  impl.StateMachineUpdater (StateMachineUpdater.java:lambda$new$0(92)) - omNode-1@group-523986131536-StateMachineUpdater: snapshotIndex: updateIncreasingly -1 -> 50
2022-10-18 21:56:50,448 [omNode-1@group-523986131536-StateMachineUpdater] INFO  raftlog.RaftLog (RaftLogBase.java:purge(308)) - omNode-1@group-523986131536-SegmentedRaftLog: purge 50
2022-10-18 21:56:50,448 [omNode-1@group-523986131536-StateMachineUpdater] INFO  raftlog.RaftLog (RaftLogBase.java:lambda$new$0(53)) - omNode-1@group-523986131536-SegmentedRaftLog: snapshotIndex: updateIncreasingly -1 -> 50
2022-10-18 21:56:50,448 [omNode-1@group-523986131536-StateMachineUpdater] INFO  raftlog.RaftLog (RaftLogBase.java:lambda$new$0(53)) - omNode-1@group-523986131536-SegmentedRaftLog: purgeIndex: updateToMax old=-1, new=50, updated? true
2022-10-18 21:56:50,449 [grpc-default-executor-3] WARN  server.GrpcLogAppender (LogUtils.java:warn(122)) - omNode-1@group-523986131536->omNode-3-AppendLogResponseHandler: Failed appendEntries: org.apache.ratis.thirdparty.io.grpc.StatusRuntimeException: UNAVAILABLE: io exception
2022-10-18 21:56:50,449 [grpc-default-executor-3] INFO  leader.FollowerInfo (FollowerInfoImpl.java:lambda$new$0(48)) - omNode-1@group-523986131536->omNode-3: nextIndex: updateUnconditionally 51 -> 45
2022-10-18 21:56:50,459 [grpc-default-executor-3] WARN  server.GrpcLogAppender (LogUtils.java:warn(122)) - omNode-1@group-523986131536->omNode-3-AppendLogResponseHandler: Failed appendEntries: org.apache.ratis.thirdparty.io.grpc.StatusRuntimeException: UNAVAILABLE: io exception
2022-10-18 21:56:50,460 [grpc-default-executor-3] INFO  leader.FollowerInfo (FollowerInfoImpl.java:lambda$new$0(48)) - omNode-1@group-523986131536->omNode-3: nextIndex: updateUnconditionally 52 -> 45
2022-10-18 21:56:50,460 [omNode-2@group-523986131536-StateMachineUpdater] INFO  ratis.OzoneManagerStateMachine (OzoneManagerStateMachine.java:takeSnapshot(441)) - Current Snapshot Index (t:1, i:50)
2022-10-18 21:56:50,460 [omNode-2@group-523986131536-StateMachineUpdater] INFO  impl.StateMachineUpdater (StateMachineUpdater.java:takeSnapshot(287)) - omNode-2@group-523986131536-StateMachineUpdater: Took a snapshot at index 50
2022-10-18 21:56:50,460 [omNode-2@group-523986131536-StateMachineUpdater] INFO  impl.StateMachineUpdater (StateMachineUpdater.java:lambda$new$0(92)) - omNode-2@group-523986131536-StateMachineUpdater: snapshotIndex: updateIncreasingly -1 -> 50
2022-10-18 21:56:50,460 [omNode-2@group-523986131536-StateMachineUpdater] INFO  raftlog.RaftLog (RaftLogBase.java:purge(308)) - omNode-2@group-523986131536-SegmentedRaftLog: purge 50
2022-10-18 21:56:50,460 [grpc-default-executor-0] WARN  server.GrpcLogAppender (LogUtils.java:warn(122)) - omNode-1@group-523986131536->omNode-3-AppendLogResponseHandler: Failed appendEntries: org.apache.ratis.thirdparty.io.grpc.StatusRuntimeException: UNAVAILABLE: io exception
2022-10-18 21:56:50,461 [omNode-2@group-523986131536-StateMachineUpdater] INFO  raftlog.RaftLog (RaftLogBase.java:lambda$new$0(53)) - omNode-2@group-523986131536-SegmentedRaftLog: snapshotIndex: updateIncreasingly -1 -> 50
2022-10-18 21:56:50,461 [omNode-2@group-523986131536-StateMachineUpdater] INFO  raftlog.RaftLog (RaftLogBase.java:lambda$new$0(53)) - omNode-2@group-523986131536-SegmentedRaftLog: purgeIndex: updateToMax old=-1, new=50, updated? true
2022-10-18 21:56:50,461 [grpc-default-executor-0] INFO  leader.FollowerInfo (FollowerInfoImpl.java:lambda$new$0(48)) - omNode-1@group-523986131536->omNode-3: nextIndex: updateUnconditionally 52 -> 45
2022-10-18 21:56:50,462 [grpc-default-executor-0] WARN  server.GrpcLogAppender (LogUtils.java:warn(122)) - omNode-1@group-523986131536->omNode-3-AppendLogResponseHandler: Failed appendEntries: org.apache.ratis.thirdparty.io.grpc.StatusRuntimeException: UNAVAILABLE: io exception
2022-10-18 21:56:50,463 [grpc-default-executor-0] INFO  leader.FollowerInfo (FollowerInfoImpl.java:lambda$new$0(48)) - omNode-1@group-523986131536->omNode-3: nextIndex: updateUnconditionally 53 -> 45
2022-10-18 21:56:50,465 [grpc-default-executor-3] WARN  server.GrpcLogAppender (LogUtils.java:warn(122)) - omNode-1@group-523986131536->omNode-3-AppendLogResponseHandler: Failed appendEntries: org.apache.ratis.thirdparty.io.grpc.StatusRuntimeException: UNAVAILABLE: io exception
2022-10-18 21:56:50,465 [grpc-default-executor-3] INFO  leader.FollowerInfo (FollowerInfoImpl.java:lambda$new$0(48)) - omNode-1@group-523986131536->omNode-3: nextIndex: updateUnconditionally 54 -> 45
2022-10-18 21:56:50,465 [grpc-default-executor-0] WARN  server.GrpcLogAppender (LogUtils.java:warn(122)) - omNode-1@group-523986131536->omNode-3-AppendLogResponseHandler: Failed appendEntries: org.apache.ratis.thirdparty.io.grpc.StatusRuntimeException: UNAVAILABLE: io exception
2022-10-18 21:56:50,466 [grpc-default-executor-0] INFO  leader.FollowerInfo (FollowerInfoImpl.java:lambda$new$0(48)) - omNode-1@group-523986131536->omNode-3: nextIndex: updateUnconditionally 54 -> 45
2022-10-18 21:56:50,466 [grpc-default-executor-3] WARN  server.GrpcLogAppender (LogUtils.java:warn(122)) - omNode-1@group-523986131536->omNode-3-AppendLogResponseHandler: Failed appendEntries: org.apache.ratis.thirdparty.io.grpc.StatusRuntimeException: UNAVAILABLE: io exception
2022-10-18 21:56:50,466 [grpc-default-executor-3] INFO  leader.FollowerInfo (FollowerInfoImpl.java:lambda$new$0(48)) - omNode-1@group-523986131536->omNode-3: nextIndex: updateUnconditionally 55 -> 45
2022-10-18 21:56:50,474 [grpc-default-executor-3] WARN  server.GrpcLogAppender (LogUtils.java:warn(122)) - omNode-1@group-523986131536->omNode-3-AppendLogResponseHandler: Failed appendEntries: org.apache.ratis.thirdparty.io.grpc.StatusRuntimeException: UNAVAILABLE: io exception
2022-10-18 21:56:50,474 [grpc-default-executor-3] INFO  leader.FollowerInfo (FollowerInfoImpl.java:lambda$new$0(48)) - omNode-1@group-523986131536->omNode-3: nextIndex: updateUnconditionally 56 -> 45
2022-10-18 21:56:50,475 [grpc-default-executor-0] WARN  server.GrpcLogAppender (LogUtils.java:warn(122)) - omNode-1@group-523986131536->omNode-3-AppendLogResponseHandler: Failed appendEntries: org.apache.ratis.thirdparty.io.grpc.StatusRuntimeException: UNAVAILABLE: io exception
2022-10-18 21:56:50,475 [grpc-default-executor-0] INFO  leader.FollowerInfo (FollowerInfoImpl.java:lambda$new$0(48)) - omNode-1@group-523986131536->omNode-3: nextIndex: updateUnconditionally 56 -> 45
2022-10-18 21:56:50,476 [grpc-default-executor-0] WARN  server.GrpcLogAppender (LogUtils.java:warn(122)) - omNode-1@group-523986131536->omNode-3-AppendLogResponseHandler: Failed appendEntries: org.apache.ratis.thirdparty.io.grpc.StatusRuntimeException: UNAVAILABLE: io exception
2022-10-18 21:56:50,477 [grpc-default-executor-0] INFO  leader.FollowerInfo (FollowerInfoImpl.java:lambda$new$0(48)) - omNode-1@group-523986131536->omNode-3: nextIndex: updateUnconditionally 57 -> 45
2022-10-18 21:56:50,479 [grpc-default-executor-0] WARN  server.GrpcLogAppender (LogUtils.java:warn(122)) - omNode-1@group-523986131536->omNode-3-AppendLogResponseHandler: Failed appendEntries: org.apache.ratis.thirdparty.io.grpc.StatusRuntimeException: UNAVAILABLE: io exception
2022-10-18 21:56:50,480 [grpc-default-executor-0] INFO  leader.FollowerInfo (FollowerInfoImpl.java:lambda$new$0(48)) - omNode-1@group-523986131536->omNode-3: nextIndex: updateUnconditionally 58 -> 45
2022-10-18 21:56:50,481 [grpc-default-executor-0] WARN  server.GrpcLogAppender (LogUtils.java:warn(122)) - omNode-1@group-523986131536->omNode-3-AppendLogResponseHandler: Failed appendEntries: org.apache.ratis.thirdparty.io.grpc.StatusRuntimeException: UNAVAILABLE: io exception
2022-10-18 21:56:50,481 [grpc-default-executor-0] INFO  leader.FollowerInfo (FollowerInfoImpl.java:lambda$new$0(48)) - omNode-1@group-523986131536->omNode-3: nextIndex: updateUnconditionally 58 -> 45
2022-10-18 21:56:50,482 [grpc-default-executor-3] WARN  server.GrpcLogAppender (LogUtils.java:warn(122)) - omNode-1@group-523986131536->omNode-3-AppendLogResponseHandler: Failed appendEntries: org.apache.ratis.thirdparty.io.grpc.StatusRuntimeException: UNAVAILABLE: io exception
2022-10-18 21:56:50,482 [grpc-default-executor-3] INFO  leader.FollowerInfo (FollowerInfoImpl.java:lambda$new$0(48)) - omNode-1@group-523986131536->omNode-3: nextIndex: updateUnconditionally 59 -> 45
2022-10-18 21:56:50,484 [grpc-default-executor-3] WARN  server.GrpcLogAppender (LogUtils.java:warn(122)) - omNode-1@group-523986131536->omNode-3-AppendLogResponseHandler: Failed appendEntries: org.apache.ratis.thirdparty.io.grpc.StatusRuntimeException: UNAVAILABLE: io exception
2022-10-18 21:56:50,484 [grpc-default-executor-3] INFO  leader.FollowerInfo (FollowerInfoImpl.java:lambda$new$0(48)) - omNode-1@group-523986131536->omNode-3: nextIndex: updateUnconditionally 59 -> 45
2022-10-18 21:56:50,490 [grpc-default-executor-0] WARN  server.GrpcLogAppender (LogUtils.java:warn(122)) - omNode-1@group-523986131536->omNode-3-AppendLogResponseHandler: Failed appendEntries: org.apache.ratis.thirdparty.io.grpc.StatusRuntimeException: UNAVAILABLE: io exception
2022-10-18 21:56:50,490 [grpc-default-executor-0] INFO  leader.FollowerInfo (FollowerInfoImpl.java:lambda$new$0(48)) - omNode-1@group-523986131536->omNode-3: nextIndex: updateUnconditionally 60 -> 45
2022-10-18 21:56:50,491 [grpc-default-executor-3] WARN  server.GrpcLogAppender (LogUtils.java:warn(122)) - omNode-1@group-523986131536->omNode-3-AppendLogResponseHandler: Failed appendEntries: org.apache.ratis.thirdparty.io.grpc.StatusRuntimeException: UNAVAILABLE: io exception
2022-10-18 21:56:50,492 [grpc-default-executor-3] INFO  leader.FollowerInfo (FollowerInfoImpl.java:lambda$new$0(48)) - omNode-1@group-523986131536->omNode-3: nextIndex: updateUnconditionally 60 -> 45
2022-10-18 21:56:50,494 [grpc-default-executor-0] WARN  server.GrpcLogAppender (LogUtils.java:warn(122)) - omNode-1@group-523986131536->omNode-3-AppendLogResponseHandler: Failed appendEntries: org.apache.ratis.thirdparty.io.grpc.StatusRuntimeException: UNAVAILABLE: io exception
2022-10-18 21:56:50,494 [grpc-default-executor-0] INFO  leader.FollowerInfo (FollowerInfoImpl.java:lambda$new$0(48)) - omNode-1@group-523986131536->omNode-3: nextIndex: updateUnconditionally 61 -> 45
2022-10-18 21:56:50,495 [grpc-default-executor-0] WARN  server.GrpcLogAppender (LogUtils.java:warn(122)) - omNode-1@group-523986131536->omNode-3-AppendLogResponseHandler: Failed appendEntries: org.apache.ratis.thirdparty.io.grpc.StatusRuntimeException: UNAVAILABLE: io exception
2022-10-18 21:56:50,496 [grpc-default-executor-0] INFO  leader.FollowerInfo (FollowerInfoImpl.java:lambda$new$0(48)) - omNode-1@group-523986131536->omNode-3: nextIndex: updateUnconditionally 62 -> 45
2022-10-18 21:56:50,496 [grpc-default-executor-3] WARN  server.GrpcLogAppender (LogUtils.java:warn(122)) - omNode-1@group-523986131536->omNode-3-AppendLogResponseHandler: Failed appendEntries: org.apache.ratis.thirdparty.io.grpc.StatusRuntimeException: UNAVAILABLE: io exception
2022-10-18 21:56:50,496 [grpc-default-executor-3] INFO  leader.FollowerInfo (FollowerInfoImpl.java:lambda$new$0(48)) - omNode-1@group-523986131536->omNode-3: nextIndex: updateUnconditionally 62 -> 45
2022-10-18 21:56:50,498 [grpc-default-executor-3] WARN  server.GrpcLogAppender (LogUtils.java:warn(122)) - omNode-1@group-523986131536->omNode-3-AppendLogResponseHandler: Failed appendEntries: org.apache.ratis.thirdparty.io.grpc.StatusRuntimeException: UNAVAILABLE: io exception
2022-10-18 21:56:50,498 [grpc-default-executor-3] INFO  leader.FollowerInfo (FollowerInfoImpl.java:lambda$new$0(48)) - omNode-1@group-523986131536->omNode-3: nextIndex: updateUnconditionally 63 -> 45
2022-10-18 21:56:50,507 [grpc-default-executor-3] WARN  server.GrpcLogAppender (LogUtils.java:warn(122)) - omNode-1@group-523986131536->omNode-3-AppendLogResponseHandler: Failed appendEntries: org.apache.ratis.thirdparty.io.grpc.StatusRuntimeException: UNAVAILABLE: io exception
2022-10-18 21:56:50,507 [grpc-default-executor-3] INFO  leader.FollowerInfo (FollowerInfoImpl.java:lambda$new$0(48)) - omNode-1@group-523986131536->omNode-3: nextIndex: updateUnconditionally 64 -> 45
2022-10-18 21:56:50,508 [grpc-default-executor-0] WARN  server.GrpcLogAppender (LogUtils.java:warn(122)) - omNode-1@group-523986131536->omNode-3-AppendLogResponseHandler: Failed appendEntries: org.apache.ratis.thirdparty.io.grpc.StatusRuntimeException: UNAVAILABLE: io exception
2022-10-18 21:56:50,508 [grpc-default-executor-0] INFO  leader.FollowerInfo (FollowerInfoImpl.java:lambda$new$0(48)) - omNode-1@group-523986131536->omNode-3: nextIndex: updateUnconditionally 64 -> 45
2022-10-18 21:56:50,509 [grpc-default-executor-0] WARN  server.GrpcLogAppender (LogUtils.java:warn(122)) - omNode-1@group-523986131536->omNode-3-AppendLogResponseHandler: Failed appendEntries: org.apache.ratis.thirdparty.io.grpc.StatusRuntimeException: UNAVAILABLE: io exception
2022-10-18 21:56:50,509 [grpc-default-executor-0] INFO  leader.FollowerInfo (FollowerInfoImpl.java:lambda$new$0(48)) - omNode-1@group-523986131536->omNode-3: nextIndex: updateUnconditionally 65 -> 45
2022-10-18 21:56:50,512 [grpc-default-executor-0] WARN  server.GrpcLogAppender (LogUtils.java:warn(122)) - omNode-1@group-523986131536->omNode-3-AppendLogResponseHandler: Failed appendEntries: org.apache.ratis.thirdparty.io.grpc.StatusRuntimeException: UNAVAILABLE: io exception
2022-10-18 21:56:50,512 [grpc-default-executor-0] INFO  leader.FollowerInfo (FollowerInfoImpl.java:lambda$new$0(48)) - omNode-1@group-523986131536->omNode-3: nextIndex: updateUnconditionally 66 -> 45
2022-10-18 21:56:50,513 [grpc-default-executor-3] WARN  server.GrpcLogAppender (LogUtils.java:warn(122)) - omNode-1@group-523986131536->omNode-3-AppendLogResponseHandler: Failed appendEntries: org.apache.ratis.thirdparty.io.grpc.StatusRuntimeException: UNAVAILABLE: io exception
2022-10-18 21:56:50,513 [grpc-default-executor-3] INFO  leader.FollowerInfo (FollowerInfoImpl.java:lambda$new$0(48)) - omNode-1@group-523986131536->omNode-3: nextIndex: updateUnconditionally 66 -> 45
2022-10-18 21:56:50,515 [grpc-default-executor-0] WARN  server.GrpcLogAppender (LogUtils.java:warn(122)) - omNode-1@group-523986131536->omNode-3-AppendLogResponseHandler: Failed appendEntries: org.apache.ratis.thirdparty.io.grpc.StatusRuntimeException: UNAVAILABLE: io exception
2022-10-18 21:56:50,515 [grpc-default-executor-0] INFO  leader.FollowerInfo (FollowerInfoImpl.java:lambda$new$0(48)) - omNode-1@group-523986131536->omNode-3: nextIndex: updateUnconditionally 67 -> 45
2022-10-18 21:56:50,521 [grpc-default-executor-0] WARN  server.GrpcLogAppender (LogUtils.java:warn(122)) - omNode-1@group-523986131536->omNode-3-AppendLogResponseHandler: Failed appendEntries: org.apache.ratis.thirdparty.io.grpc.StatusRuntimeException: UNAVAILABLE: io exception
2022-10-18 21:56:50,521 [grpc-default-executor-0] INFO  leader.FollowerInfo (FollowerInfoImpl.java:lambda$new$0(48)) - omNode-1@group-523986131536->omNode-3: nextIndex: updateUnconditionally 68 -> 45
2022-10-18 21:56:50,521 [grpc-default-executor-3] WARN  server.GrpcLogAppender (LogUtils.java:warn(122)) - omNode-1@group-523986131536->omNode-3-AppendLogResponseHandler: Failed appendEntries: org.apache.ratis.thirdparty.io.grpc.StatusRuntimeException: UNAVAILABLE: io exception
2022-10-18 21:56:50,521 [grpc-default-executor-3] INFO  leader.FollowerInfo (FollowerInfoImpl.java:lambda$new$0(48)) - omNode-1@group-523986131536->omNode-3: nextIndex: updateUnconditionally 68 -> 45
2022-10-18 21:56:50,523 [grpc-default-executor-0] WARN  server.GrpcLogAppender (LogUtils.java:warn(122)) - omNode-1@group-523986131536->omNode-3-AppendLogResponseHandler: Failed appendEntries: org.apache.ratis.thirdparty.io.grpc.StatusRuntimeException: UNAVAILABLE: io exception
2022-10-18 21:56:50,524 [grpc-default-executor-0] INFO  leader.FollowerInfo (FollowerInfoImpl.java:lambda$new$0(48)) - omNode-1@group-523986131536->omNode-3: nextIndex: updateUnconditionally 69 -> 45
2022-10-18 21:56:50,526 [grpc-default-executor-0] WARN  server.GrpcLogAppender (LogUtils.java:warn(122)) - omNode-1@group-523986131536->omNode-3-AppendLogResponseHandler: Failed appendEntries: org.apache.ratis.thirdparty.io.grpc.StatusRuntimeException: UNAVAILABLE: io exception
2022-10-18 21:56:50,526 [grpc-default-executor-0] INFO  leader.FollowerInfo (FollowerInfoImpl.java:lambda$new$0(48)) - omNode-1@group-523986131536->omNode-3: nextIndex: updateUnconditionally 70 -> 45
2022-10-18 21:56:50,527 [grpc-default-executor-0] WARN  server.GrpcLogAppender (LogUtils.java:warn(122)) - omNode-1@group-523986131536->omNode-3-AppendLogResponseHandler: Failed appendEntries: org.apache.ratis.thirdparty.io.grpc.StatusRuntimeException: UNAVAILABLE: io exception
2022-10-18 21:56:50,527 [grpc-default-executor-0] INFO  leader.FollowerInfo (FollowerInfoImpl.java:lambda$new$0(48)) - omNode-1@group-523986131536->omNode-3: nextIndex: updateUnconditionally 70 -> 45
2022-10-18 21:56:50,529 [grpc-default-executor-3] WARN  server.GrpcLogAppender (LogUtils.java:warn(122)) - omNode-1@group-523986131536->omNode-3-AppendLogResponseHandler: Failed appendEntries: org.apache.ratis.thirdparty.io.grpc.StatusRuntimeException: UNAVAILABLE: io exception
2022-10-18 21:56:50,529 [grpc-default-executor-3] INFO  leader.FollowerInfo (FollowerInfoImpl.java:lambda$new$0(48)) - omNode-1@group-523986131536->omNode-3: nextIndex: updateUnconditionally 71 -> 45
2022-10-18 21:56:50,540 [grpc-default-executor-3] WARN  server.GrpcLogAppender (LogUtils.java:warn(122)) - omNode-1@group-523986131536->omNode-3-AppendLogResponseHandler: Failed appendEntries: org.apache.ratis.thirdparty.io.grpc.StatusRuntimeException: UNAVAILABLE: io exception
2022-10-18 21:56:50,540 [grpc-default-executor-3] INFO  leader.FollowerInfo (FollowerInfoImpl.java:lambda$new$0(48)) - omNode-1@group-523986131536->omNode-3: nextIndex: updateUnconditionally 72 -> 45
2022-10-18 21:56:50,541 [grpc-default-executor-3] WARN  server.GrpcLogAppender (LogUtils.java:warn(122)) - omNode-1@group-523986131536->omNode-3-AppendLogResponseHandler: Failed appendEntries: org.apache.ratis.thirdparty.io.grpc.StatusRuntimeException: UNAVAILABLE: io exception
2022-10-18 21:56:50,541 [grpc-default-executor-3] INFO  leader.FollowerInfo (FollowerInfoImpl.java:lambda$new$0(48)) - omNode-1@group-523986131536->omNode-3: nextIndex: updateUnconditionally 72 -> 45
2022-10-18 21:56:50,542 [grpc-default-executor-2] WARN  server.GrpcLogAppender (LogUtils.java:warn(122)) - omNode-1@group-523986131536->omNode-3-AppendLogResponseHandler: Failed appendEntries: org.apache.ratis.thirdparty.io.grpc.StatusRuntimeException: UNAVAILABLE: io exception
2022-10-18 21:56:50,542 [grpc-default-executor-2] INFO  leader.FollowerInfo (FollowerInfoImpl.java:lambda$new$0(48)) - omNode-1@group-523986131536->omNode-3: nextIndex: updateUnconditionally 73 -> 45
2022-10-18 21:56:50,544 [grpc-default-executor-2] WARN  server.GrpcLogAppender (LogUtils.java:warn(122)) - omNode-1@group-523986131536->omNode-3-AppendLogResponseHandler: Failed appendEntries: org.apache.ratis.thirdparty.io.grpc.StatusRuntimeException: UNAVAILABLE: io exception
2022-10-18 21:56:50,544 [grpc-default-executor-2] INFO  leader.FollowerInfo (FollowerInfoImpl.java:lambda$new$0(48)) - omNode-1@group-523986131536->omNode-3: nextIndex: updateUnconditionally 73 -> 45
2022-10-18 21:56:50,546 [grpc-default-executor-3] WARN  server.GrpcLogAppender (LogUtils.java:warn(122)) - omNode-1@group-523986131536->omNode-3-AppendLogResponseHandler: Failed appendEntries: org.apache.ratis.thirdparty.io.grpc.StatusRuntimeException: UNAVAILABLE: io exception
2022-10-18 21:56:50,546 [grpc-default-executor-3] INFO  leader.FollowerInfo (FollowerInfoImpl.java:lambda$new$0(48)) - omNode-1@group-523986131536->omNode-3: nextIndex: updateUnconditionally 73 -> 45
2022-10-18 21:56:50,547 [grpc-default-executor-2] WARN  server.GrpcLogAppender (LogUtils.java:warn(122)) - omNode-1@group-523986131536->omNode-3-AppendLogResponseHandler: Failed appendEntries: org.apache.ratis.thirdparty.io.grpc.StatusRuntimeException: UNAVAILABLE: io exception
2022-10-18 21:56:50,547 [grpc-default-executor-2] INFO  leader.FollowerInfo (FollowerInfoImpl.java:lambda$new$0(48)) - omNode-1@group-523986131536->omNode-3: nextIndex: updateUnconditionally 74 -> 45
2022-10-18 21:56:50,549 [grpc-default-executor-2] WARN  server.GrpcLogAppender (LogUtils.java:warn(122)) - omNode-1@group-523986131536->omNode-3-AppendLogResponseHandler: Failed appendEntries: org.apache.ratis.thirdparty.io.grpc.StatusRuntimeException: UNAVAILABLE: io exception
2022-10-18 21:56:50,549 [grpc-default-executor-2] INFO  leader.FollowerInfo (FollowerInfoImpl.java:lambda$new$0(48)) - omNode-1@group-523986131536->omNode-3: nextIndex: updateUnconditionally 75 -> 45
2022-10-18 21:56:50,556 [grpc-default-executor-2] WARN  server.GrpcLogAppender (LogUtils.java:warn(122)) - omNode-1@group-523986131536->omNode-3-AppendLogResponseHandler: Failed appendEntries: org.apache.ratis.thirdparty.io.grpc.StatusRuntimeException: UNAVAILABLE: io exception
2022-10-18 21:56:50,556 [grpc-default-executor-2] INFO  leader.FollowerInfo (FollowerInfoImpl.java:lambda$new$0(48)) - omNode-1@group-523986131536->omNode-3: nextIndex: updateUnconditionally 76 -> 45
2022-10-18 21:56:50,557 [grpc-default-executor-3] WARN  server.GrpcLogAppender (LogUtils.java:warn(122)) - omNode-1@group-523986131536->omNode-3-AppendLogResponseHandler: Failed appendEntries: org.apache.ratis.thirdparty.io.grpc.StatusRuntimeException: UNAVAILABLE: io exception
2022-10-18 21:56:50,557 [grpc-default-executor-3] INFO  leader.FollowerInfo (FollowerInfoImpl.java:lambda$new$0(48)) - omNode-1@group-523986131536->omNode-3: nextIndex: updateUnconditionally 76 -> 45
2022-10-18 21:56:50,561 [grpc-default-executor-2] WARN  server.GrpcLogAppender (LogUtils.java:warn(122)) - omNode-1@group-523986131536->omNode-3-AppendLogResponseHandler: Failed appendEntries: org.apache.ratis.thirdparty.io.grpc.StatusRuntimeException: UNAVAILABLE: io exception
2022-10-18 21:56:50,561 [grpc-default-executor-2] INFO  leader.FollowerInfo (FollowerInfoImpl.java:lambda$new$0(48)) - omNode-1@group-523986131536->omNode-3: nextIndex: updateUnconditionally 77 -> 45
2022-10-18 21:56:50,563 [grpc-default-executor-3] WARN  server.GrpcLogAppender (LogUtils.java:warn(122)) - omNode-1@group-523986131536->omNode-3-AppendLogResponseHandler: Failed appendEntries: org.apache.ratis.thirdparty.io.grpc.StatusRuntimeException: UNAVAILABLE: io exception
2022-10-18 21:56:50,563 [grpc-default-executor-3] INFO  leader.FollowerInfo (FollowerInfoImpl.java:lambda$new$0(48)) - omNode-1@group-523986131536->omNode-3: nextIndex: updateUnconditionally 77 -> 45
2022-10-18 21:56:50,566 [grpc-default-executor-3] WARN  server.GrpcLogAppender (LogUtils.java:warn(122)) - omNode-1@group-523986131536->omNode-3-AppendLogResponseHandler: Failed appendEntries: org.apache.ratis.thirdparty.io.grpc.StatusRuntimeException: UNAVAILABLE: io exception
2022-10-18 21:56:50,567 [grpc-default-executor-3] INFO  leader.FollowerInfo (FollowerInfoImpl.java:lambda$new$0(48)) - omNode-1@group-523986131536->omNode-3: nextIndex: updateUnconditionally 78 -> 45
2022-10-18 21:56:50,567 [grpc-default-executor-3] WARN  server.GrpcLogAppender (LogUtils.java:warn(122)) - omNode-1@group-523986131536->omNode-3-AppendLogResponseHandler: Failed appendEntries: org.apache.ratis.thirdparty.io.grpc.StatusRuntimeException: UNAVAILABLE: io exception
2022-10-18 21:56:50,568 [grpc-default-executor-3] INFO  leader.FollowerInfo (FollowerInfoImpl.java:lambda$new$0(48)) - omNode-1@group-523986131536->omNode-3: nextIndex: updateUnconditionally 78 -> 45
2022-10-18 21:56:50,569 [grpc-default-executor-2] WARN  server.GrpcLogAppender (LogUtils.java:warn(122)) - omNode-1@group-523986131536->omNode-3-AppendLogResponseHandler: Failed appendEntries: org.apache.ratis.thirdparty.io.grpc.StatusRuntimeException: UNAVAILABLE: io exception
2022-10-18 21:56:50,569 [grpc-default-executor-2] INFO  leader.FollowerInfo (FollowerInfoImpl.java:lambda$new$0(48)) - omNode-1@group-523986131536->omNode-3: nextIndex: updateUnconditionally 79 -> 45
2022-10-18 21:56:50,576 [grpc-default-executor-2] WARN  server.GrpcLogAppender (LogUtils.java:warn(122)) - omNode-1@group-523986131536->omNode-3-AppendLogResponseHandler: Failed appendEntries: org.apache.ratis.thirdparty.io.grpc.StatusRuntimeException: UNAVAILABLE: io exception
2022-10-18 21:56:50,577 [grpc-default-executor-2] INFO  leader.FollowerInfo (FollowerInfoImpl.java:lambda$new$0(48)) - omNode-1@group-523986131536->omNode-3: nextIndex: updateUnconditionally 80 -> 45
2022-10-18 21:56:50,579 [grpc-default-executor-3] WARN  server.GrpcLogAppender (LogUtils.java:warn(122)) - omNode-1@group-523986131536->omNode-3-AppendLogResponseHandler: Failed appendEntries: org.apache.ratis.thirdparty.io.grpc.StatusRuntimeException: UNAVAILABLE: io exception
2022-10-18 21:56:50,579 [grpc-default-executor-3] INFO  leader.FollowerInfo (FollowerInfoImpl.java:lambda$new$0(48)) - omNode-1@group-523986131536->omNode-3: nextIndex: updateUnconditionally 80 -> 45
2022-10-18 21:56:50,580 [grpc-default-executor-3] WARN  server.GrpcLogAppender (LogUtils.java:warn(122)) - omNode-1@group-523986131536->omNode-3-AppendLogResponseHandler: Failed appendEntries: org.apache.ratis.thirdparty.io.grpc.StatusRuntimeException: UNAVAILABLE: io exception
2022-10-18 21:56:50,580 [grpc-default-executor-3] INFO  leader.FollowerInfo (FollowerInfoImpl.java:lambda$new$0(48)) - omNode-1@group-523986131536->omNode-3: nextIndex: updateUnconditionally 81 -> 45
2022-10-18 21:56:50,582 [grpc-default-executor-3] WARN  server.GrpcLogAppender (LogUtils.java:warn(122)) - omNode-1@group-523986131536->omNode-3-AppendLogResponseHandler: Failed appendEntries: org.apache.ratis.thirdparty.io.grpc.StatusRuntimeException: UNAVAILABLE: io exception
2022-10-18 21:56:50,582 [grpc-default-executor-3] INFO  leader.FollowerInfo (FollowerInfoImpl.java:lambda$new$0(48)) - omNode-1@group-523986131536->omNode-3: nextIndex: updateUnconditionally 82 -> 45
2022-10-18 21:56:50,582 [grpc-default-executor-2] WARN  server.GrpcLogAppender (LogUtils.java:warn(122)) - omNode-1@group-523986131536->omNode-3-AppendLogResponseHandler: Failed appendEntries: org.apache.ratis.thirdparty.io.grpc.StatusRuntimeException: UNAVAILABLE: io exception
2022-10-18 21:56:50,583 [grpc-default-executor-2] INFO  leader.FollowerInfo (FollowerInfoImpl.java:lambda$new$0(48)) - omNode-1@group-523986131536->omNode-3: nextIndex: updateUnconditionally 82 -> 45
2022-10-18 21:56:50,584 [grpc-default-executor-3] WARN  server.GrpcLogAppender (LogUtils.java:warn(122)) - omNode-1@group-523986131536->omNode-3-AppendLogResponseHandler: Failed appendEntries: org.apache.ratis.thirdparty.io.grpc.StatusRuntimeException: UNAVAILABLE: io exception
2022-10-18 21:56:50,584 [grpc-default-executor-3] INFO  leader.FollowerInfo (FollowerInfoImpl.java:lambda$new$0(48)) - omNode-1@group-523986131536->omNode-3: nextIndex: updateUnconditionally 83 -> 45
2022-10-18 21:56:50,590 [grpc-default-executor-3] WARN  server.GrpcLogAppender (LogUtils.java:warn(122)) - omNode-1@group-523986131536->omNode-3-AppendLogResponseHandler: Failed appendEntries: org.apache.ratis.thirdparty.io.grpc.StatusRuntimeException: UNAVAILABLE: io exception
2022-10-18 21:56:50,590 [grpc-default-executor-3] INFO  leader.FollowerInfo (FollowerInfoImpl.java:lambda$new$0(48)) - omNode-1@group-523986131536->omNode-3: nextIndex: updateUnconditionally 84 -> 45
2022-10-18 21:56:50,591 [grpc-default-executor-3] WARN  server.GrpcLogAppender (LogUtils.java:warn(122)) - omNode-1@group-523986131536->omNode-3-AppendLogResponseHandler: Failed appendEntries: org.apache.ratis.thirdparty.io.grpc.StatusRuntimeException: UNAVAILABLE: io exception
2022-10-18 21:56:50,591 [grpc-default-executor-3] INFO  leader.FollowerInfo (FollowerInfoImpl.java:lambda$new$0(48)) - omNode-1@group-523986131536->omNode-3: nextIndex: updateUnconditionally 84 -> 45
2022-10-18 21:56:50,594 [grpc-default-executor-3] WARN  server.GrpcLogAppender (LogUtils.java:warn(122)) - omNode-1@group-523986131536->omNode-3-AppendLogResponseHandler: Failed appendEntries: org.apache.ratis.thirdparty.io.grpc.StatusRuntimeException: UNAVAILABLE: io exception
2022-10-18 21:56:50,594 [grpc-default-executor-3] INFO  leader.FollowerInfo (FollowerInfoImpl.java:lambda$new$0(48)) - omNode-1@group-523986131536->omNode-3: nextIndex: updateUnconditionally 85 -> 45
2022-10-18 21:56:50,596 [grpc-default-executor-3] WARN  server.GrpcLogAppender (LogUtils.java:warn(122)) - omNode-1@group-523986131536->omNode-3-AppendLogResponseHandler: Failed appendEntries: org.apache.ratis.thirdparty.io.grpc.StatusRuntimeException: UNAVAILABLE: io exception
2022-10-18 21:56:50,596 [grpc-default-executor-3] INFO  leader.FollowerInfo (FollowerInfoImpl.java:lambda$new$0(48)) - omNode-1@group-523986131536->omNode-3: nextIndex: updateUnconditionally 86 -> 45
2022-10-18 21:56:50,596 [grpc-default-executor-3] WARN  server.GrpcLogAppender (LogUtils.java:warn(122)) - omNode-1@group-523986131536->omNode-3-AppendLogResponseHandler: Failed appendEntries: org.apache.ratis.thirdparty.io.grpc.StatusRuntimeException: UNAVAILABLE: io exception
2022-10-18 21:56:50,597 [grpc-default-executor-3] INFO  leader.FollowerInfo (FollowerInfoImpl.java:lambda$new$0(48)) - omNode-1@group-523986131536->omNode-3: nextIndex: updateUnconditionally 86 -> 45
2022-10-18 21:56:50,599 [grpc-default-executor-0] WARN  server.GrpcLogAppender (LogUtils.java:warn(122)) - omNode-1@group-523986131536->omNode-3-AppendLogResponseHandler: Failed appendEntries: org.apache.ratis.thirdparty.io.grpc.StatusRuntimeException: UNAVAILABLE: io exception
2022-10-18 21:56:50,599 [grpc-default-executor-0] INFO  leader.FollowerInfo (FollowerInfoImpl.java:lambda$new$0(48)) - omNode-1@group-523986131536->omNode-3: nextIndex: updateUnconditionally 87 -> 45
2022-10-18 21:56:50,603 [grpc-default-executor-0] WARN  server.GrpcLogAppender (LogUtils.java:warn(122)) - omNode-1@group-523986131536->omNode-3-AppendLogResponseHandler: Failed appendEntries: org.apache.ratis.thirdparty.io.grpc.StatusRuntimeException: UNAVAILABLE: io exception
2022-10-18 21:56:50,603 [grpc-default-executor-0] INFO  leader.FollowerInfo (FollowerInfoImpl.java:lambda$new$0(48)) - omNode-1@group-523986131536->omNode-3: nextIndex: updateUnconditionally 88 -> 45
2022-10-18 21:56:50,604 [grpc-default-executor-3] WARN  server.GrpcLogAppender (LogUtils.java:warn(122)) - omNode-1@group-523986131536->omNode-3-AppendLogResponseHandler: Failed appendEntries: org.apache.ratis.thirdparty.io.grpc.StatusRuntimeException: UNAVAILABLE: io exception
2022-10-18 21:56:50,604 [grpc-default-executor-3] INFO  leader.FollowerInfo (FollowerInfoImpl.java:lambda$new$0(48)) - omNode-1@group-523986131536->omNode-3: nextIndex: updateUnconditionally 88 -> 45
2022-10-18 21:56:50,605 [grpc-default-executor-3] WARN  server.GrpcLogAppender (LogUtils.java:warn(122)) - omNode-1@group-523986131536->omNode-3-AppendLogResponseHandler: Failed appendEntries: org.apache.ratis.thirdparty.io.grpc.StatusRuntimeException: UNAVAILABLE: io exception
2022-10-18 21:56:50,605 [grpc-default-executor-3] INFO  leader.FollowerInfo (FollowerInfoImpl.java:lambda$new$0(48)) - omNode-1@group-523986131536->omNode-3: nextIndex: updateUnconditionally 89 -> 45
2022-10-18 21:56:50,608 [grpc-default-executor-3] WARN  server.GrpcLogAppender (LogUtils.java:warn(122)) - omNode-1@group-523986131536->omNode-3-AppendLogResponseHandler: Failed appendEntries: org.apache.ratis.thirdparty.io.grpc.StatusRuntimeException: UNAVAILABLE: io exception
2022-10-18 21:56:50,608 [grpc-default-executor-3] INFO  leader.FollowerInfo (FollowerInfoImpl.java:lambda$new$0(48)) - omNode-1@group-523986131536->omNode-3: nextIndex: updateUnconditionally 90 -> 45
2022-10-18 21:56:50,609 [grpc-default-executor-0] WARN  server.GrpcLogAppender (LogUtils.java:warn(122)) - omNode-1@group-523986131536->omNode-3-AppendLogResponseHandler: Failed appendEntries: org.apache.ratis.thirdparty.io.grpc.StatusRuntimeException: UNAVAILABLE: io exception
2022-10-18 21:56:50,610 [grpc-default-executor-0] INFO  leader.FollowerInfo (FollowerInfoImpl.java:lambda$new$0(48)) - omNode-1@group-523986131536->omNode-3: nextIndex: updateUnconditionally 90 -> 45
2022-10-18 21:56:50,611 [grpc-default-executor-3] WARN  server.GrpcLogAppender (LogUtils.java:warn(122)) - omNode-1@group-523986131536->omNode-3-AppendLogResponseHandler: Failed appendEntries: org.apache.ratis.thirdparty.io.grpc.StatusRuntimeException: UNAVAILABLE: io exception
2022-10-18 21:56:50,611 [grpc-default-executor-3] INFO  leader.FollowerInfo (FollowerInfoImpl.java:lambda$new$0(48)) - omNode-1@group-523986131536->omNode-3: nextIndex: updateUnconditionally 91 -> 45
2022-10-18 21:56:50,616 [grpc-default-executor-3] WARN  server.GrpcLogAppender (LogUtils.java:warn(122)) - omNode-1@group-523986131536->omNode-3-AppendLogResponseHandler: Failed appendEntries: org.apache.ratis.thirdparty.io.grpc.StatusRuntimeException: UNAVAILABLE: io exception
2022-10-18 21:56:50,617 [grpc-default-executor-3] INFO  leader.FollowerInfo (FollowerInfoImpl.java:lambda$new$0(48)) - omNode-1@group-523986131536->omNode-3: nextIndex: updateUnconditionally 92 -> 45
2022-10-18 21:56:50,618 [grpc-default-executor-3] WARN  server.GrpcLogAppender (LogUtils.java:warn(122)) - omNode-1@group-523986131536->omNode-3-AppendLogResponseHandler: Failed appendEntries: org.apache.ratis.thirdparty.io.grpc.StatusRuntimeException: UNAVAILABLE: io exception
2022-10-18 21:56:50,619 [grpc-default-executor-3] INFO  leader.FollowerInfo (FollowerInfoImpl.java:lambda$new$0(48)) - omNode-1@group-523986131536->omNode-3: nextIndex: updateUnconditionally 92 -> 45
2022-10-18 21:56:50,620 [grpc-default-executor-0] WARN  server.GrpcLogAppender (LogUtils.java:warn(122)) - omNode-1@group-523986131536->omNode-3-AppendLogResponseHandler: Failed appendEntries: org.apache.ratis.thirdparty.io.grpc.StatusRuntimeException: UNAVAILABLE: io exception
2022-10-18 21:56:50,620 [grpc-default-executor-0] INFO  leader.FollowerInfo (FollowerInfoImpl.java:lambda$new$0(48)) - omNode-1@group-523986131536->omNode-3: nextIndex: updateUnconditionally 93 -> 45
2022-10-18 21:56:50,621 [grpc-default-executor-3] WARN  server.GrpcLogAppender (LogUtils.java:warn(122)) - omNode-1@group-523986131536->omNode-3-AppendLogResponseHandler: Failed appendEntries: org.apache.ratis.thirdparty.io.grpc.StatusRuntimeException: UNAVAILABLE: io exception
2022-10-18 21:56:50,621 [grpc-default-executor-3] INFO  leader.FollowerInfo (FollowerInfoImpl.java:lambda$new$0(48)) - omNode-1@group-523986131536->omNode-3: nextIndex: updateUnconditionally 94 -> 45
2022-10-18 21:56:50,622 [grpc-default-executor-0] WARN  server.GrpcLogAppender (LogUtils.java:warn(122)) - omNode-1@group-523986131536->omNode-3-AppendLogResponseHandler: Failed appendEntries: org.apache.ratis.thirdparty.io.grpc.StatusRuntimeException: UNAVAILABLE: io exception
2022-10-18 21:56:50,622 [grpc-default-executor-0] INFO  leader.FollowerInfo (FollowerInfoImpl.java:lambda$new$0(48)) - omNode-1@group-523986131536->omNode-3: nextIndex: updateUnconditionally 94 -> 45
2022-10-18 21:56:50,624 [grpc-default-executor-0] WARN  server.GrpcLogAppender (LogUtils.java:warn(122)) - omNode-1@group-523986131536->omNode-3-AppendLogResponseHandler: Failed appendEntries: org.apache.ratis.thirdparty.io.grpc.StatusRuntimeException: UNAVAILABLE: io exception
2022-10-18 21:56:50,624 [grpc-default-executor-0] INFO  leader.FollowerInfo (FollowerInfoImpl.java:lambda$new$0(48)) - omNode-1@group-523986131536->omNode-3: nextIndex: updateUnconditionally 95 -> 45
2022-10-18 21:56:50,628 [grpc-default-executor-3] WARN  server.GrpcLogAppender (LogUtils.java:warn(122)) - omNode-1@group-523986131536->omNode-3-AppendLogResponseHandler: Failed appendEntries: org.apache.ratis.thirdparty.io.grpc.StatusRuntimeException: UNAVAILABLE: io exception
2022-10-18 21:56:50,629 [grpc-default-executor-3] INFO  leader.FollowerInfo (FollowerInfoImpl.java:lambda$new$0(48)) - omNode-1@group-523986131536->omNode-3: nextIndex: updateUnconditionally 96 -> 45
2022-10-18 21:56:50,629 [grpc-default-executor-3] WARN  server.GrpcLogAppender (LogUtils.java:warn(122)) - omNode-1@group-523986131536->omNode-3-AppendLogResponseHandler: Failed appendEntries: org.apache.ratis.thirdparty.io.grpc.StatusRuntimeException: UNAVAILABLE: io exception
2022-10-18 21:56:50,629 [grpc-default-executor-3] INFO  leader.FollowerInfo (FollowerInfoImpl.java:lambda$new$0(48)) - omNode-1@group-523986131536->omNode-3: nextIndex: updateUnconditionally 96 -> 45
2022-10-18 21:56:50,631 [grpc-default-executor-0] WARN  server.GrpcLogAppender (LogUtils.java:warn(122)) - omNode-1@group-523986131536->omNode-3-AppendLogResponseHandler: Failed appendEntries: org.apache.ratis.thirdparty.io.grpc.StatusRuntimeException: UNAVAILABLE: io exception
2022-10-18 21:56:50,631 [grpc-default-executor-0] INFO  leader.FollowerInfo (FollowerInfoImpl.java:lambda$new$0(48)) - omNode-1@group-523986131536->omNode-3: nextIndex: updateUnconditionally 97 -> 45
2022-10-18 21:56:50,633 [grpc-default-executor-0] WARN  server.GrpcLogAppender (LogUtils.java:warn(122)) - omNode-1@group-523986131536->omNode-3-AppendLogResponseHandler: Failed appendEntries: org.apache.ratis.thirdparty.io.grpc.StatusRuntimeException: UNAVAILABLE: io exception
2022-10-18 21:56:50,633 [grpc-default-executor-0] INFO  leader.FollowerInfo (FollowerInfoImpl.java:lambda$new$0(48)) - omNode-1@group-523986131536->omNode-3: nextIndex: updateUnconditionally 98 -> 45
2022-10-18 21:56:50,634 [grpc-default-executor-0] WARN  server.GrpcLogAppender (LogUtils.java:warn(122)) - omNode-1@group-523986131536->omNode-3-AppendLogResponseHandler: Failed appendEntries: org.apache.ratis.thirdparty.io.grpc.StatusRuntimeException: UNAVAILABLE: io exception
2022-10-18 21:56:50,634 [grpc-default-executor-0] INFO  leader.FollowerInfo (FollowerInfoImpl.java:lambda$new$0(48)) - omNode-1@group-523986131536->omNode-3: nextIndex: updateUnconditionally 98 -> 45
2022-10-18 21:56:50,636 [grpc-default-executor-0] WARN  server.GrpcLogAppender (LogUtils.java:warn(122)) - omNode-1@group-523986131536->omNode-3-AppendLogResponseHandler: Failed appendEntries: org.apache.ratis.thirdparty.io.grpc.StatusRuntimeException: UNAVAILABLE: io exception
2022-10-18 21:56:50,636 [grpc-default-executor-0] INFO  leader.FollowerInfo (FollowerInfoImpl.java:lambda$new$0(48)) - omNode-1@group-523986131536->omNode-3: nextIndex: updateUnconditionally 99 -> 45
2022-10-18 21:56:50,643 [grpc-default-executor-3] WARN  server.GrpcLogAppender (LogUtils.java:warn(122)) - omNode-1@group-523986131536->omNode-3-AppendLogResponseHandler: Failed appendEntries: org.apache.ratis.thirdparty.io.grpc.StatusRuntimeException: UNAVAILABLE: io exception
2022-10-18 21:56:50,643 [grpc-default-executor-3] INFO  leader.FollowerInfo (FollowerInfoImpl.java:lambda$new$0(48)) - omNode-1@group-523986131536->omNode-3: nextIndex: updateUnconditionally 100 -> 45
2022-10-18 21:56:50,644 [grpc-default-executor-3] WARN  server.GrpcLogAppender (LogUtils.java:warn(122)) - omNode-1@group-523986131536->omNode-3-AppendLogResponseHandler: Failed appendEntries: org.apache.ratis.thirdparty.io.grpc.StatusRuntimeException: UNAVAILABLE: io exception
2022-10-18 21:56:50,644 [grpc-default-executor-3] INFO  leader.FollowerInfo (FollowerInfoImpl.java:lambda$new$0(48)) - omNode-1@group-523986131536->omNode-3: nextIndex: updateUnconditionally 100 -> 45
2022-10-18 21:56:50,645 [grpc-default-executor-3] WARN  server.GrpcLogAppender (LogUtils.java:warn(122)) - omNode-1@group-523986131536->omNode-3-AppendLogResponseHandler: Failed appendEntries: org.apache.ratis.thirdparty.io.grpc.StatusRuntimeException: UNAVAILABLE: io exception
2022-10-18 21:56:50,645 [grpc-default-executor-3] INFO  leader.FollowerInfo (FollowerInfoImpl.java:lambda$new$0(48)) - omNode-1@group-523986131536->omNode-3: nextIndex: updateUnconditionally 101 -> 45
2022-10-18 21:56:50,645 [omNode-1@group-523986131536-StateMachineUpdater] INFO  ratis.OzoneManagerStateMachine (OzoneManagerStateMachine.java:takeSnapshot(441)) - Current Snapshot Index (t:1, i:100)
2022-10-18 21:56:50,645 [omNode-1@group-523986131536-StateMachineUpdater] INFO  impl.StateMachineUpdater (StateMachineUpdater.java:takeSnapshot(287)) - omNode-1@group-523986131536-StateMachineUpdater: Took a snapshot at index 100
2022-10-18 21:56:50,646 [omNode-1@group-523986131536-StateMachineUpdater] INFO  impl.StateMachineUpdater (StateMachineUpdater.java:lambda$new$0(92)) - omNode-1@group-523986131536-StateMachineUpdater: snapshotIndex: updateIncreasingly 50 -> 100
2022-10-18 21:56:50,646 [omNode-1@group-523986131536-StateMachineUpdater] INFO  raftlog.RaftLog (RaftLogBase.java:purge(308)) - omNode-1@group-523986131536-SegmentedRaftLog: purge 100
2022-10-18 21:56:50,646 [omNode-1@group-523986131536-StateMachineUpdater] INFO  raftlog.RaftLog (RaftLogBase.java:lambda$new$0(53)) - omNode-1@group-523986131536-SegmentedRaftLog: snapshotIndex: updateIncreasingly 50 -> 100
2022-10-18 21:56:50,646 [omNode-1@group-523986131536-StateMachineUpdater] INFO  raftlog.RaftLog (RaftLogBase.java:lambda$new$0(53)) - omNode-1@group-523986131536-SegmentedRaftLog: purgeIndex: updateToMax old=50, new=100, updated? true
2022-10-18 21:56:50,646 [grpc-default-executor-3] WARN  server.GrpcLogAppender (LogUtils.java:warn(122)) - omNode-1@group-523986131536->omNode-3-AppendLogResponseHandler: Failed appendEntries: org.apache.ratis.thirdparty.io.grpc.StatusRuntimeException: UNAVAILABLE: io exception
2022-10-18 21:56:50,646 [grpc-default-executor-3] INFO  leader.FollowerInfo (FollowerInfoImpl.java:lambda$new$0(48)) - omNode-1@group-523986131536->omNode-3: nextIndex: updateUnconditionally 101 -> 45
2022-10-18 21:56:50,648 [grpc-default-executor-3] WARN  server.GrpcLogAppender (LogUtils.java:warn(122)) - omNode-1@group-523986131536->omNode-3-AppendLogResponseHandler: Failed appendEntries: org.apache.ratis.thirdparty.io.grpc.StatusRuntimeException: UNAVAILABLE: io exception
2022-10-18 21:56:50,648 [grpc-default-executor-3] INFO  leader.FollowerInfo (FollowerInfoImpl.java:lambda$new$0(48)) - omNode-1@group-523986131536->omNode-3: nextIndex: updateUnconditionally 102 -> 45
2022-10-18 21:56:50,649 [omNode-2@group-523986131536-StateMachineUpdater] INFO  ratis.OzoneManagerStateMachine (OzoneManagerStateMachine.java:takeSnapshot(441)) - Current Snapshot Index (t:1, i:100)
2022-10-18 21:56:50,649 [omNode-2@group-523986131536-StateMachineUpdater] INFO  impl.StateMachineUpdater (StateMachineUpdater.java:takeSnapshot(287)) - omNode-2@group-523986131536-StateMachineUpdater: Took a snapshot at index 100
2022-10-18 21:56:50,649 [omNode-2@group-523986131536-StateMachineUpdater] INFO  impl.StateMachineUpdater (StateMachineUpdater.java:lambda$new$0(92)) - omNode-2@group-523986131536-StateMachineUpdater: snapshotIndex: updateIncreasingly 50 -> 100
2022-10-18 21:56:50,649 [omNode-2@group-523986131536-StateMachineUpdater] INFO  raftlog.RaftLog (RaftLogBase.java:purge(308)) - omNode-2@group-523986131536-SegmentedRaftLog: purge 100
2022-10-18 21:56:50,649 [omNode-2@group-523986131536-StateMachineUpdater] INFO  raftlog.RaftLog (RaftLogBase.java:lambda$new$0(53)) - omNode-2@group-523986131536-SegmentedRaftLog: snapshotIndex: updateIncreasingly 50 -> 100
2022-10-18 21:56:50,649 [omNode-2@group-523986131536-StateMachineUpdater] INFO  raftlog.RaftLog (RaftLogBase.java:lambda$new$0(53)) - omNode-2@group-523986131536-SegmentedRaftLog: purgeIndex: updateToMax old=50, new=100, updated? true
2022-10-18 21:56:50,650 [grpc-default-executor-0] WARN  server.GrpcLogAppender (LogUtils.java:warn(122)) - omNode-1@group-523986131536->omNode-3-AppendLogResponseHandler: Failed appendEntries: org.apache.ratis.thirdparty.io.grpc.StatusRuntimeException: UNAVAILABLE: io exception
2022-10-18 21:56:50,650 [grpc-default-executor-0] INFO  leader.FollowerInfo (FollowerInfoImpl.java:lambda$new$0(48)) - omNode-1@group-523986131536->omNode-3: nextIndex: updateUnconditionally 102 -> 45
2022-10-18 21:56:50,652 [grpc-default-executor-3] WARN  server.GrpcLogAppender (LogUtils.java:warn(122)) - omNode-1@group-523986131536->omNode-3-AppendLogResponseHandler: Failed appendEntries: org.apache.ratis.thirdparty.io.grpc.StatusRuntimeException: UNAVAILABLE: io exception
2022-10-18 21:56:50,653 [grpc-default-executor-3] INFO  leader.FollowerInfo (FollowerInfoImpl.java:lambda$new$0(48)) - omNode-1@group-523986131536->omNode-3: nextIndex: updateUnconditionally 103 -> 45
2022-10-18 21:56:50,662 [grpc-default-executor-0] WARN  server.GrpcLogAppender (LogUtils.java:warn(122)) - omNode-1@group-523986131536->omNode-3-AppendLogResponseHandler: Failed appendEntries: org.apache.ratis.thirdparty.io.grpc.StatusRuntimeException: UNAVAILABLE: io exception
2022-10-18 21:56:50,662 [grpc-default-executor-0] INFO  leader.FollowerInfo (FollowerInfoImpl.java:lambda$new$0(48)) - omNode-1@group-523986131536->omNode-3: nextIndex: updateUnconditionally 104 -> 45
2022-10-18 21:56:50,663 [grpc-default-executor-0] WARN  server.GrpcLogAppender (LogUtils.java:warn(122)) - omNode-1@group-523986131536->omNode-3-AppendLogResponseHandler: Failed appendEntries: org.apache.ratis.thirdparty.io.grpc.StatusRuntimeException: UNAVAILABLE: io exception
2022-10-18 21:56:50,663 [grpc-default-executor-0] INFO  leader.FollowerInfo (FollowerInfoImpl.java:lambda$new$0(48)) - omNode-1@group-523986131536->omNode-3: nextIndex: updateUnconditionally 104 -> 45
2022-10-18 21:56:50,665 [grpc-default-executor-0] WARN  server.GrpcLogAppender (LogUtils.java:warn(122)) - omNode-1@group-523986131536->omNode-3-AppendLogResponseHandler: Failed appendEntries: org.apache.ratis.thirdparty.io.grpc.StatusRuntimeException: UNAVAILABLE: io exception
2022-10-18 21:56:50,665 [grpc-default-executor-0] INFO  leader.FollowerInfo (FollowerInfoImpl.java:lambda$new$0(48)) - omNode-1@group-523986131536->omNode-3: nextIndex: updateUnconditionally 105 -> 45
2022-10-18 21:56:50,667 [grpc-default-executor-3] WARN  server.GrpcLogAppender (LogUtils.java:warn(122)) - omNode-1@group-523986131536->omNode-3-AppendLogResponseHandler: Failed appendEntries: org.apache.ratis.thirdparty.io.grpc.StatusRuntimeException: UNAVAILABLE: io exception
2022-10-18 21:56:50,667 [grpc-default-executor-3] INFO  leader.FollowerInfo (FollowerInfoImpl.java:lambda$new$0(48)) - omNode-1@group-523986131536->omNode-3: nextIndex: updateUnconditionally 106 -> 45
2022-10-18 21:56:50,668 [grpc-default-executor-3] WARN  server.GrpcLogAppender (LogUtils.java:warn(122)) - omNode-1@group-523986131536->omNode-3-AppendLogResponseHandler: Failed appendEntries: org.apache.ratis.thirdparty.io.grpc.StatusRuntimeException: UNAVAILABLE: io exception
2022-10-18 21:56:50,668 [grpc-default-executor-3] INFO  leader.FollowerInfo (FollowerInfoImpl.java:lambda$new$0(48)) - omNode-1@group-523986131536->omNode-3: nextIndex: updateUnconditionally 106 -> 45
2022-10-18 21:56:50,670 [grpc-default-executor-3] WARN  server.GrpcLogAppender (LogUtils.java:warn(122)) - omNode-1@group-523986131536->omNode-3-AppendLogResponseHandler: Failed appendEntries: org.apache.ratis.thirdparty.io.grpc.StatusRuntimeException: UNAVAILABLE: io exception
2022-10-18 21:56:50,671 [grpc-default-executor-3] INFO  leader.FollowerInfo (FollowerInfoImpl.java:lambda$new$0(48)) - omNode-1@group-523986131536->omNode-3: nextIndex: updateUnconditionally 107 -> 45
2022-10-18 21:56:50,679 [grpc-default-executor-0] WARN  server.GrpcLogAppender (LogUtils.java:warn(122)) - omNode-1@group-523986131536->omNode-3-AppendLogResponseHandler: Failed appendEntries: org.apache.ratis.thirdparty.io.grpc.StatusRuntimeException: UNAVAILABLE: io exception
2022-10-18 21:56:50,679 [grpc-default-executor-0] INFO  leader.FollowerInfo (FollowerInfoImpl.java:lambda$new$0(48)) - omNode-1@group-523986131536->omNode-3: nextIndex: updateUnconditionally 108 -> 45
2022-10-18 21:56:50,681 [grpc-default-executor-0] WARN  server.GrpcLogAppender (LogUtils.java:warn(122)) - omNode-1@group-523986131536->omNode-3-AppendLogResponseHandler: Failed appendEntries: org.apache.ratis.thirdparty.io.grpc.StatusRuntimeException: UNAVAILABLE: io exception
2022-10-18 21:56:50,681 [grpc-default-executor-0] INFO  leader.FollowerInfo (FollowerInfoImpl.java:lambda$new$0(48)) - omNode-1@group-523986131536->omNode-3: nextIndex: updateUnconditionally 108 -> 45
2022-10-18 21:56:50,684 [grpc-default-executor-0] WARN  server.GrpcLogAppender (LogUtils.java:warn(122)) - omNode-1@group-523986131536->omNode-3-AppendLogResponseHandler: Failed appendEntries: org.apache.ratis.thirdparty.io.grpc.StatusRuntimeException: UNAVAILABLE: io exception
2022-10-18 21:56:50,684 [grpc-default-executor-0] INFO  leader.FollowerInfo (FollowerInfoImpl.java:lambda$new$0(48)) - omNode-1@group-523986131536->omNode-3: nextIndex: updateUnconditionally 109 -> 45
2022-10-18 21:56:50,685 [grpc-default-executor-2] WARN  server.GrpcLogAppender (LogUtils.java:warn(122)) - omNode-1@group-523986131536->omNode-3-AppendLogResponseHandler: Failed appendEntries: org.apache.ratis.thirdparty.io.grpc.StatusRuntimeException: UNAVAILABLE: io exception
2022-10-18 21:56:50,685 [grpc-default-executor-2] INFO  leader.FollowerInfo (FollowerInfoImpl.java:lambda$new$0(48)) - omNode-1@group-523986131536->omNode-3: nextIndex: updateUnconditionally 110 -> 45
2022-10-18 21:56:50,686 [grpc-default-executor-2] WARN  server.GrpcLogAppender (LogUtils.java:warn(122)) - omNode-1@group-523986131536->omNode-3-AppendLogResponseHandler: Failed appendEntries: org.apache.ratis.thirdparty.io.grpc.StatusRuntimeException: UNAVAILABLE: io exception
2022-10-18 21:56:50,686 [grpc-default-executor-2] INFO  leader.FollowerInfo (FollowerInfoImpl.java:lambda$new$0(48)) - omNode-1@group-523986131536->omNode-3: nextIndex: updateUnconditionally 110 -> 45
2022-10-18 21:56:50,687 [grpc-default-executor-2] WARN  server.GrpcLogAppender (LogUtils.java:warn(122)) - omNode-1@group-523986131536->omNode-3-AppendLogResponseHandler: Failed appendEntries: org.apache.ratis.thirdparty.io.grpc.StatusRuntimeException: UNAVAILABLE: io exception
2022-10-18 21:56:50,687 [grpc-default-executor-2] INFO  leader.FollowerInfo (FollowerInfoImpl.java:lambda$new$0(48)) - omNode-1@group-523986131536->omNode-3: nextIndex: updateUnconditionally 111 -> 45
2022-10-18 21:56:50,688 [grpc-default-executor-0] WARN  server.GrpcLogAppender (LogUtils.java:warn(122)) - omNode-1@group-523986131536->omNode-3-AppendLogResponseHandler: Failed appendEntries: org.apache.ratis.thirdparty.io.grpc.StatusRuntimeException: UNAVAILABLE: io exception
2022-10-18 21:56:50,688 [grpc-default-executor-0] INFO  leader.FollowerInfo (FollowerInfoImpl.java:lambda$new$0(48)) - omNode-1@group-523986131536->omNode-3: nextIndex: updateUnconditionally 111 -> 45
2022-10-18 21:56:50,693 [grpc-default-executor-0] WARN  server.GrpcLogAppender (LogUtils.java:warn(122)) - omNode-1@group-523986131536->omNode-3-AppendLogResponseHandler: Failed appendEntries: org.apache.ratis.thirdparty.io.grpc.StatusRuntimeException: UNAVAILABLE: io exception
2022-10-18 21:56:50,693 [grpc-default-executor-0] INFO  leader.FollowerInfo (FollowerInfoImpl.java:lambda$new$0(48)) - omNode-1@group-523986131536->omNode-3: nextIndex: updateUnconditionally 112 -> 45
2022-10-18 21:56:50,694 [grpc-default-executor-0] WARN  server.GrpcLogAppender (LogUtils.java:warn(122)) - omNode-1@group-523986131536->omNode-3-AppendLogResponseHandler: Failed appendEntries: org.apache.ratis.thirdparty.io.grpc.StatusRuntimeException: UNAVAILABLE: io exception
2022-10-18 21:56:50,694 [grpc-default-executor-0] INFO  leader.FollowerInfo (FollowerInfoImpl.java:lambda$new$0(48)) - omNode-1@group-523986131536->omNode-3: nextIndex: updateUnconditionally 112 -> 45
2022-10-18 21:56:50,696 [grpc-default-executor-0] WARN  server.GrpcLogAppender (LogUtils.java:warn(122)) - omNode-1@group-523986131536->omNode-3-AppendLogResponseHandler: Failed appendEntries: org.apache.ratis.thirdparty.io.grpc.StatusRuntimeException: UNAVAILABLE: io exception
2022-10-18 21:56:50,696 [grpc-default-executor-0] INFO  leader.FollowerInfo (FollowerInfoImpl.java:lambda$new$0(48)) - omNode-1@group-523986131536->omNode-3: nextIndex: updateUnconditionally 113 -> 45
2022-10-18 21:56:50,698 [grpc-default-executor-2] WARN  server.GrpcLogAppender (LogUtils.java:warn(122)) - omNode-1@group-523986131536->omNode-3-AppendLogResponseHandler: Failed appendEntries: org.apache.ratis.thirdparty.io.grpc.StatusRuntimeException: UNAVAILABLE: io exception
2022-10-18 21:56:50,698 [grpc-default-executor-2] INFO  leader.FollowerInfo (FollowerInfoImpl.java:lambda$new$0(48)) - omNode-1@group-523986131536->omNode-3: nextIndex: updateUnconditionally 114 -> 45
2022-10-18 21:56:50,699 [grpc-default-executor-2] WARN  server.GrpcLogAppender (LogUtils.java:warn(122)) - omNode-1@group-523986131536->omNode-3-AppendLogResponseHandler: Failed appendEntries: org.apache.ratis.thirdparty.io.grpc.StatusRuntimeException: UNAVAILABLE: io exception
2022-10-18 21:56:50,699 [grpc-default-executor-2] INFO  leader.FollowerInfo (FollowerInfoImpl.java:lambda$new$0(48)) - omNode-1@group-523986131536->omNode-3: nextIndex: updateUnconditionally 114 -> 45
2022-10-18 21:56:50,701 [grpc-default-executor-0] WARN  server.GrpcLogAppender (LogUtils.java:warn(122)) - omNode-1@group-523986131536->omNode-3-AppendLogResponseHandler: Failed appendEntries: org.apache.ratis.thirdparty.io.grpc.StatusRuntimeException: UNAVAILABLE: io exception
2022-10-18 21:56:50,701 [grpc-default-executor-0] INFO  leader.FollowerInfo (FollowerInfoImpl.java:lambda$new$0(48)) - omNode-1@group-523986131536->omNode-3: nextIndex: updateUnconditionally 115 -> 45
2022-10-18 21:56:50,705 [grpc-default-executor-2] WARN  server.GrpcLogAppender (LogUtils.java:warn(122)) - omNode-1@group-523986131536->omNode-3-AppendLogResponseHandler: Failed appendEntries: org.apache.ratis.thirdparty.io.grpc.StatusRuntimeException: UNAVAILABLE: io exception
2022-10-18 21:56:50,705 [grpc-default-executor-2] INFO  leader.FollowerInfo (FollowerInfoImpl.java:lambda$new$0(48)) - omNode-1@group-523986131536->omNode-3: nextIndex: updateUnconditionally 116 -> 45
2022-10-18 21:56:50,708 [grpc-default-executor-0] WARN  server.GrpcLogAppender (LogUtils.java:warn(122)) - omNode-1@group-523986131536->omNode-3-AppendLogResponseHandler: Failed appendEntries: org.apache.ratis.thirdparty.io.grpc.StatusRuntimeException: UNAVAILABLE: io exception
2022-10-18 21:56:50,708 [grpc-default-executor-0] INFO  leader.FollowerInfo (FollowerInfoImpl.java:lambda$new$0(48)) - omNode-1@group-523986131536->omNode-3: nextIndex: updateUnconditionally 116 -> 45
2022-10-18 21:56:50,710 [grpc-default-executor-2] WARN  server.GrpcLogAppender (LogUtils.java:warn(122)) - omNode-1@group-523986131536->omNode-3-AppendLogResponseHandler: Failed appendEntries: org.apache.ratis.thirdparty.io.grpc.StatusRuntimeException: UNAVAILABLE: io exception
2022-10-18 21:56:50,710 [grpc-default-executor-2] INFO  leader.FollowerInfo (FollowerInfoImpl.java:lambda$new$0(48)) - omNode-1@group-523986131536->omNode-3: nextIndex: updateUnconditionally 118 -> 45
2022-10-18 21:56:50,711 [grpc-default-executor-0] WARN  server.GrpcLogAppender (LogUtils.java:warn(122)) - omNode-1@group-523986131536->omNode-3-AppendLogResponseHandler: Failed appendEntries: org.apache.ratis.thirdparty.io.grpc.StatusRuntimeException: UNAVAILABLE: io exception
2022-10-18 21:56:50,711 [grpc-default-executor-0] INFO  leader.FollowerInfo (FollowerInfoImpl.java:lambda$new$0(48)) - omNode-1@group-523986131536->omNode-3: nextIndex: updateUnconditionally 119 -> 45
2022-10-18 21:56:50,714 [grpc-default-executor-2] WARN  server.GrpcLogAppender (LogUtils.java:warn(122)) - omNode-1@group-523986131536->omNode-3-AppendLogResponseHandler: Failed appendEntries: org.apache.ratis.thirdparty.io.grpc.StatusRuntimeException: UNAVAILABLE: io exception
2022-10-18 21:56:50,714 [grpc-default-executor-2] INFO  leader.FollowerInfo (FollowerInfoImpl.java:lambda$new$0(48)) - omNode-1@group-523986131536->omNode-3: nextIndex: updateUnconditionally 119 -> 45
2022-10-18 21:56:50,718 [grpc-default-executor-0] WARN  server.GrpcLogAppender (LogUtils.java:warn(122)) - omNode-1@group-523986131536->omNode-3-AppendLogResponseHandler: Failed appendEntries: org.apache.ratis.thirdparty.io.grpc.StatusRuntimeException: UNAVAILABLE: io exception
2022-10-18 21:56:50,718 [grpc-default-executor-0] INFO  leader.FollowerInfo (FollowerInfoImpl.java:lambda$new$0(48)) - omNode-1@group-523986131536->omNode-3: nextIndex: updateUnconditionally 120 -> 45
2022-10-18 21:56:50,719 [grpc-default-executor-2] WARN  server.GrpcLogAppender (LogUtils.java:warn(122)) - omNode-1@group-523986131536->omNode-3-AppendLogResponseHandler: Failed appendEntries: org.apache.ratis.thirdparty.io.grpc.StatusRuntimeException: UNAVAILABLE: io exception
2022-10-18 21:56:50,719 [grpc-default-executor-2] INFO  leader.FollowerInfo (FollowerInfoImpl.java:lambda$new$0(48)) - omNode-1@group-523986131536->omNode-3: nextIndex: updateUnconditionally 121 -> 45
2022-10-18 21:56:50,722 [grpc-default-executor-2] WARN  server.GrpcLogAppender (LogUtils.java:warn(122)) - omNode-1@group-523986131536->omNode-3-AppendLogResponseHandler: Failed appendEntries: org.apache.ratis.thirdparty.io.grpc.StatusRuntimeException: UNAVAILABLE: io exception
2022-10-18 21:56:50,722 [grpc-default-executor-2] INFO  leader.FollowerInfo (FollowerInfoImpl.java:lambda$new$0(48)) - omNode-1@group-523986131536->omNode-3: nextIndex: updateUnconditionally 121 -> 45
2022-10-18 21:56:50,723 [grpc-default-executor-0] WARN  server.GrpcLogAppender (LogUtils.java:warn(122)) - omNode-1@group-523986131536->omNode-3-AppendLogResponseHandler: Failed appendEntries: org.apache.ratis.thirdparty.io.grpc.StatusRuntimeException: UNAVAILABLE: io exception
2022-10-18 21:56:50,723 [grpc-default-executor-0] INFO  leader.FollowerInfo (FollowerInfoImpl.java:lambda$new$0(48)) - omNode-1@group-523986131536->omNode-3: nextIndex: updateUnconditionally 122 -> 45
2022-10-18 21:56:50,725 [grpc-default-executor-2] WARN  server.GrpcLogAppender (LogUtils.java:warn(122)) - omNode-1@group-523986131536->omNode-3-AppendLogResponseHandler: Failed appendEntries: org.apache.ratis.thirdparty.io.grpc.StatusRuntimeException: UNAVAILABLE: io exception
2022-10-18 21:56:50,725 [grpc-default-executor-2] INFO  leader.FollowerInfo (FollowerInfoImpl.java:lambda$new$0(48)) - omNode-1@group-523986131536->omNode-3: nextIndex: updateUnconditionally 122 -> 45
2022-10-18 21:56:50,728 [grpc-default-executor-2] WARN  server.GrpcLogAppender (LogUtils.java:warn(122)) - omNode-1@group-523986131536->omNode-3-AppendLogResponseHandler: Failed appendEntries: org.apache.ratis.thirdparty.io.grpc.StatusRuntimeException: UNAVAILABLE: io exception
2022-10-18 21:56:50,728 [grpc-default-executor-2] INFO  leader.FollowerInfo (FollowerInfoImpl.java:lambda$new$0(48)) - omNode-1@group-523986131536->omNode-3: nextIndex: updateUnconditionally 123 -> 45
2022-10-18 21:56:50,735 [grpc-default-executor-0] WARN  server.GrpcLogAppender (LogUtils.java:warn(122)) - omNode-1@group-523986131536->omNode-3-AppendLogResponseHandler: Failed appendEntries: org.apache.ratis.thirdparty.io.grpc.StatusRuntimeException: UNAVAILABLE: io exception
2022-10-18 21:56:50,735 [grpc-default-executor-0] INFO  leader.FollowerInfo (FollowerInfoImpl.java:lambda$new$0(48)) - omNode-1@group-523986131536->omNode-3: nextIndex: updateUnconditionally 124 -> 45
2022-10-18 21:56:50,737 [grpc-default-executor-2] WARN  server.GrpcLogAppender (LogUtils.java:warn(122)) - omNode-1@group-523986131536->omNode-3-AppendLogResponseHandler: Failed appendEntries: org.apache.ratis.thirdparty.io.grpc.StatusRuntimeException: UNAVAILABLE: io exception
2022-10-18 21:56:50,737 [grpc-default-executor-2] INFO  leader.FollowerInfo (FollowerInfoImpl.java:lambda$new$0(48)) - omNode-1@group-523986131536->omNode-3: nextIndex: updateUnconditionally 124 -> 45
2022-10-18 21:56:50,740 [grpc-default-executor-0] WARN  server.GrpcLogAppender (LogUtils.java:warn(122)) - omNode-1@group-523986131536->omNode-3-AppendLogResponseHandler: Failed appendEntries: org.apache.ratis.thirdparty.io.grpc.StatusRuntimeException: UNAVAILABLE: io exception
2022-10-18 21:56:50,740 [grpc-default-executor-0] INFO  leader.FollowerInfo (FollowerInfoImpl.java:lambda$new$0(48)) - omNode-1@group-523986131536->omNode-3: nextIndex: updateUnconditionally 125 -> 45
2022-10-18 21:56:50,742 [grpc-default-executor-0] WARN  server.GrpcLogAppender (LogUtils.java:warn(122)) - omNode-1@group-523986131536->omNode-3-AppendLogResponseHandler: Failed appendEntries: org.apache.ratis.thirdparty.io.grpc.StatusRuntimeException: UNAVAILABLE: io exception
2022-10-18 21:56:50,742 [grpc-default-executor-0] INFO  leader.FollowerInfo (FollowerInfoImpl.java:lambda$new$0(48)) - omNode-1@group-523986131536->omNode-3: nextIndex: updateUnconditionally 127 -> 45
2022-10-18 21:56:50,744 [grpc-default-executor-2] WARN  server.GrpcLogAppender (LogUtils.java:warn(122)) - omNode-1@group-523986131536->omNode-3-AppendLogResponseHandler: Failed appendEntries: org.apache.ratis.thirdparty.io.grpc.StatusRuntimeException: UNAVAILABLE: io exception
2022-10-18 21:56:50,744 [grpc-default-executor-2] INFO  leader.FollowerInfo (FollowerInfoImpl.java:lambda$new$0(48)) - omNode-1@group-523986131536->omNode-3: nextIndex: updateUnconditionally 127 -> 45
2022-10-18 21:56:50,749 [grpc-default-executor-0] WARN  server.GrpcLogAppender (LogUtils.java:warn(122)) - omNode-1@group-523986131536->omNode-3-AppendLogResponseHandler: Failed appendEntries: org.apache.ratis.thirdparty.io.grpc.StatusRuntimeException: UNAVAILABLE: io exception
2022-10-18 21:56:50,749 [grpc-default-executor-0] INFO  leader.FollowerInfo (FollowerInfoImpl.java:lambda$new$0(48)) - omNode-1@group-523986131536->omNode-3: nextIndex: updateUnconditionally 128 -> 45
2022-10-18 21:56:50,750 [grpc-default-executor-0] WARN  server.GrpcLogAppender (LogUtils.java:warn(122)) - omNode-1@group-523986131536->omNode-3-AppendLogResponseHandler: Failed appendEntries: org.apache.ratis.thirdparty.io.grpc.StatusRuntimeException: UNAVAILABLE: io exception
2022-10-18 21:56:50,750 [grpc-default-executor-0] INFO  leader.FollowerInfo (FollowerInfoImpl.java:lambda$new$0(48)) - omNode-1@group-523986131536->omNode-3: nextIndex: updateUnconditionally 129 -> 45
2022-10-18 21:56:50,751 [grpc-default-executor-2] WARN  server.GrpcLogAppender (LogUtils.java:warn(122)) - omNode-1@group-523986131536->omNode-3-AppendLogResponseHandler: Failed appendEntries: org.apache.ratis.thirdparty.io.grpc.StatusRuntimeException: UNAVAILABLE: io exception
2022-10-18 21:56:50,751 [grpc-default-executor-2] INFO  leader.FollowerInfo (FollowerInfoImpl.java:lambda$new$0(48)) - omNode-1@group-523986131536->omNode-3: nextIndex: updateUnconditionally 129 -> 45
2022-10-18 21:56:50,753 [grpc-default-executor-2] WARN  server.GrpcLogAppender (LogUtils.java:warn(122)) - omNode-1@group-523986131536->omNode-3-AppendLogResponseHandler: Failed appendEntries: org.apache.ratis.thirdparty.io.grpc.StatusRuntimeException: UNAVAILABLE: io exception
2022-10-18 21:56:50,753 [grpc-default-executor-2] INFO  leader.FollowerInfo (FollowerInfoImpl.java:lambda$new$0(48)) - omNode-1@group-523986131536->omNode-3: nextIndex: updateUnconditionally 130 -> 45
2022-10-18 21:56:50,754 [grpc-default-executor-2] WARN  server.GrpcLogAppender (LogUtils.java:warn(122)) - omNode-1@group-523986131536->omNode-3-AppendLogResponseHandler: Failed appendEntries: org.apache.ratis.thirdparty.io.grpc.StatusRuntimeException: UNAVAILABLE: io exception
2022-10-18 21:56:50,754 [grpc-default-executor-2] INFO  leader.FollowerInfo (FollowerInfoImpl.java:lambda$new$0(48)) - omNode-1@group-523986131536->omNode-3: nextIndex: updateUnconditionally 130 -> 45
2022-10-18 21:56:50,756 [grpc-default-executor-0] WARN  server.GrpcLogAppender (LogUtils.java:warn(122)) - omNode-1@group-523986131536->omNode-3-AppendLogResponseHandler: Failed appendEntries: org.apache.ratis.thirdparty.io.grpc.StatusRuntimeException: UNAVAILABLE: io exception
2022-10-18 21:56:50,757 [grpc-default-executor-0] INFO  leader.FollowerInfo (FollowerInfoImpl.java:lambda$new$0(48)) - omNode-1@group-523986131536->omNode-3: nextIndex: updateUnconditionally 131 -> 45
2022-10-18 21:56:50,757 [grpc-default-executor-0] WARN  server.GrpcLogAppender (LogUtils.java:warn(122)) - omNode-1@group-523986131536->omNode-3-AppendLogResponseHandler: Failed appendEntries: org.apache.ratis.thirdparty.io.grpc.StatusRuntimeException: UNAVAILABLE: io exception
2022-10-18 21:56:50,757 [grpc-default-executor-0] INFO  leader.FollowerInfo (FollowerInfoImpl.java:lambda$new$0(48)) - omNode-1@group-523986131536->omNode-3: nextIndex: updateUnconditionally 131 -> 45
2022-10-18 21:56:50,760 [grpc-default-executor-2] WARN  server.GrpcLogAppender (LogUtils.java:warn(122)) - omNode-1@group-523986131536->omNode-3-AppendLogResponseHandler: Failed appendEntries: org.apache.ratis.thirdparty.io.grpc.StatusRuntimeException: UNAVAILABLE: io exception
2022-10-18 21:56:50,761 [grpc-default-executor-2] INFO  leader.FollowerInfo (FollowerInfoImpl.java:lambda$new$0(48)) - omNode-1@group-523986131536->omNode-3: nextIndex: updateUnconditionally 132 -> 45
2022-10-18 21:56:50,761 [grpc-default-executor-2] WARN  server.GrpcLogAppender (LogUtils.java:warn(122)) - omNode-1@group-523986131536->omNode-3-AppendLogResponseHandler: Failed appendEntries: org.apache.ratis.thirdparty.io.grpc.StatusRuntimeException: UNAVAILABLE: io exception
2022-10-18 21:56:50,762 [grpc-default-executor-2] INFO  leader.FollowerInfo (FollowerInfoImpl.java:lambda$new$0(48)) - omNode-1@group-523986131536->omNode-3: nextIndex: updateUnconditionally 133 -> 45
2022-10-18 21:56:50,763 [grpc-default-executor-2] WARN  server.GrpcLogAppender (LogUtils.java:warn(122)) - omNode-1@group-523986131536->omNode-3-AppendLogResponseHandler: Failed appendEntries: org.apache.ratis.thirdparty.io.grpc.StatusRuntimeException: UNAVAILABLE: io exception
2022-10-18 21:56:50,763 [grpc-default-executor-2] INFO  leader.FollowerInfo (FollowerInfoImpl.java:lambda$new$0(48)) - omNode-1@group-523986131536->omNode-3: nextIndex: updateUnconditionally 133 -> 45
2022-10-18 21:56:50,765 [grpc-default-executor-2] WARN  server.GrpcLogAppender (LogUtils.java:warn(122)) - omNode-1@group-523986131536->omNode-3-AppendLogResponseHandler: Failed appendEntries: org.apache.ratis.thirdparty.io.grpc.StatusRuntimeException: UNAVAILABLE: io exception
2022-10-18 21:56:50,765 [grpc-default-executor-2] INFO  leader.FollowerInfo (FollowerInfoImpl.java:lambda$new$0(48)) - omNode-1@group-523986131536->omNode-3: nextIndex: updateUnconditionally 134 -> 45
2022-10-18 21:56:50,765 [grpc-default-executor-0] WARN  server.GrpcLogAppender (LogUtils.java:warn(122)) - omNode-1@group-523986131536->omNode-3-AppendLogResponseHandler: Failed appendEntries: org.apache.ratis.thirdparty.io.grpc.StatusRuntimeException: UNAVAILABLE: io exception
2022-10-18 21:56:50,766 [grpc-default-executor-0] INFO  leader.FollowerInfo (FollowerInfoImpl.java:lambda$new$0(48)) - omNode-1@group-523986131536->omNode-3: nextIndex: updateUnconditionally 134 -> 45
2022-10-18 21:56:50,766 [grpc-default-executor-2] WARN  server.GrpcLogAppender (LogUtils.java:warn(122)) - omNode-1@group-523986131536->omNode-3-AppendLogResponseHandler: Failed appendEntries: org.apache.ratis.thirdparty.io.grpc.StatusRuntimeException: UNAVAILABLE: io exception
2022-10-18 21:56:50,766 [grpc-default-executor-2] INFO  leader.FollowerInfo (FollowerInfoImpl.java:lambda$new$0(48)) - omNode-1@group-523986131536->omNode-3: nextIndex: updateUnconditionally 135 -> 45
2022-10-18 21:56:50,767 [grpc-default-executor-0] WARN  server.GrpcLogAppender (LogUtils.java:warn(122)) - omNode-1@group-523986131536->omNode-3-AppendLogResponseHandler: Failed appendEntries: org.apache.ratis.thirdparty.io.grpc.StatusRuntimeException: UNAVAILABLE: io exception
2022-10-18 21:56:50,767 [grpc-default-executor-0] INFO  leader.FollowerInfo (FollowerInfoImpl.java:lambda$new$0(48)) - omNode-1@group-523986131536->omNode-3: nextIndex: updateUnconditionally 135 -> 45
2022-10-18 21:56:50,773 [grpc-default-executor-2] WARN  server.GrpcLogAppender (LogUtils.java:warn(122)) - omNode-1@group-523986131536->omNode-3-AppendLogResponseHandler: Failed appendEntries: org.apache.ratis.thirdparty.io.grpc.StatusRuntimeException: UNAVAILABLE: io exception
2022-10-18 21:56:50,773 [grpc-default-executor-2] INFO  leader.FollowerInfo (FollowerInfoImpl.java:lambda$new$0(48)) - omNode-1@group-523986131536->omNode-3: nextIndex: updateUnconditionally 136 -> 45
2022-10-18 21:56:50,774 [grpc-default-executor-2] WARN  server.GrpcLogAppender (LogUtils.java:warn(122)) - omNode-1@group-523986131536->omNode-3-AppendLogResponseHandler: Failed appendEntries: org.apache.ratis.thirdparty.io.grpc.StatusRuntimeException: UNAVAILABLE: io exception
2022-10-18 21:56:50,774 [grpc-default-executor-2] INFO  leader.FollowerInfo (FollowerInfoImpl.java:lambda$new$0(48)) - omNode-1@group-523986131536->omNode-3: nextIndex: updateUnconditionally 136 -> 45
2022-10-18 21:56:50,776 [grpc-default-executor-2] WARN  server.GrpcLogAppender (LogUtils.java:warn(122)) - omNode-1@group-523986131536->omNode-3-AppendLogResponseHandler: Failed appendEntries: org.apache.ratis.thirdparty.io.grpc.StatusRuntimeException: UNAVAILABLE: io exception
2022-10-18 21:56:50,776 [grpc-default-executor-2] INFO  leader.FollowerInfo (FollowerInfoImpl.java:lambda$new$0(48)) - omNode-1@group-523986131536->omNode-3: nextIndex: updateUnconditionally 137 -> 45
2022-10-18 21:56:50,777 [grpc-default-executor-2] WARN  server.GrpcLogAppender (LogUtils.java:warn(122)) - omNode-1@group-523986131536->omNode-3-AppendLogResponseHandler: Failed appendEntries: org.apache.ratis.thirdparty.io.grpc.StatusRuntimeException: UNAVAILABLE: io exception
2022-10-18 21:56:50,777 [grpc-default-executor-2] INFO  leader.FollowerInfo (FollowerInfoImpl.java:lambda$new$0(48)) - omNode-1@group-523986131536->omNode-3: nextIndex: updateUnconditionally 138 -> 45
2022-10-18 21:56:50,778 [grpc-default-executor-2] WARN  server.GrpcLogAppender (LogUtils.java:warn(122)) - omNode-1@group-523986131536->omNode-3-AppendLogResponseHandler: Failed appendEntries: org.apache.ratis.thirdparty.io.grpc.StatusRuntimeException: UNAVAILABLE: io exception
2022-10-18 21:56:50,778 [grpc-default-executor-2] INFO  leader.FollowerInfo (FollowerInfoImpl.java:lambda$new$0(48)) - omNode-1@group-523986131536->omNode-3: nextIndex: updateUnconditionally 139 -> 45
2022-10-18 21:56:50,779 [grpc-default-executor-2] WARN  server.GrpcLogAppender (LogUtils.java:warn(122)) - omNode-1@group-523986131536->omNode-3-AppendLogResponseHandler: Failed appendEntries: org.apache.ratis.thirdparty.io.grpc.StatusRuntimeException: UNAVAILABLE: io exception
2022-10-18 21:56:50,779 [grpc-default-executor-2] INFO  leader.FollowerInfo (FollowerInfoImpl.java:lambda$new$0(48)) - omNode-1@group-523986131536->omNode-3: nextIndex: updateUnconditionally 139 -> 45
2022-10-18 21:56:50,783 [grpc-default-executor-2] WARN  server.GrpcLogAppender (LogUtils.java:warn(122)) - omNode-1@group-523986131536->omNode-3-AppendLogResponseHandler: Failed appendEntries: org.apache.ratis.thirdparty.io.grpc.StatusRuntimeException: UNAVAILABLE: io exception
2022-10-18 21:56:50,783 [grpc-default-executor-2] INFO  leader.FollowerInfo (FollowerInfoImpl.java:lambda$new$0(48)) - omNode-1@group-523986131536->omNode-3: nextIndex: updateUnconditionally 140 -> 45
2022-10-18 21:56:50,784 [grpc-default-executor-0] WARN  server.GrpcLogAppender (LogUtils.java:warn(122)) - omNode-1@group-523986131536->omNode-3-AppendLogResponseHandler: Failed appendEntries: org.apache.ratis.thirdparty.io.grpc.StatusRuntimeException: UNAVAILABLE: io exception
2022-10-18 21:56:50,784 [grpc-default-executor-0] INFO  leader.FollowerInfo (FollowerInfoImpl.java:lambda$new$0(48)) - omNode-1@group-523986131536->omNode-3: nextIndex: updateUnconditionally 140 -> 45
2022-10-18 21:56:50,785 [grpc-default-executor-0] WARN  server.GrpcLogAppender (LogUtils.java:warn(122)) - omNode-1@group-523986131536->omNode-3-AppendLogResponseHandler: Failed appendEntries: org.apache.ratis.thirdparty.io.grpc.StatusRuntimeException: UNAVAILABLE: io exception
2022-10-18 21:56:50,785 [grpc-default-executor-0] INFO  leader.FollowerInfo (FollowerInfoImpl.java:lambda$new$0(48)) - omNode-1@group-523986131536->omNode-3: nextIndex: updateUnconditionally 141 -> 45
2022-10-18 21:56:50,787 [grpc-default-executor-0] WARN  server.GrpcLogAppender (LogUtils.java:warn(122)) - omNode-1@group-523986131536->omNode-3-AppendLogResponseHandler: Failed appendEntries: org.apache.ratis.thirdparty.io.grpc.StatusRuntimeException: UNAVAILABLE: io exception
2022-10-18 21:56:50,788 [grpc-default-executor-0] INFO  leader.FollowerInfo (FollowerInfoImpl.java:lambda$new$0(48)) - omNode-1@group-523986131536->omNode-3: nextIndex: updateUnconditionally 142 -> 45
2022-10-18 21:56:50,788 [grpc-default-executor-0] WARN  server.GrpcLogAppender (LogUtils.java:warn(122)) - omNode-1@group-523986131536->omNode-3-AppendLogResponseHandler: Failed appendEntries: org.apache.ratis.thirdparty.io.grpc.StatusRuntimeException: UNAVAILABLE: io exception
2022-10-18 21:56:50,788 [grpc-default-executor-0] INFO  leader.FollowerInfo (FollowerInfoImpl.java:lambda$new$0(48)) - omNode-1@group-523986131536->omNode-3: nextIndex: updateUnconditionally 142 -> 45
2022-10-18 21:56:50,789 [grpc-default-executor-2] WARN  server.GrpcLogAppender (LogUtils.java:warn(122)) - omNode-1@group-523986131536->omNode-3-AppendLogResponseHandler: Failed appendEntries: org.apache.ratis.thirdparty.io.grpc.StatusRuntimeException: UNAVAILABLE: io exception
2022-10-18 21:56:50,789 [grpc-default-executor-2] INFO  leader.FollowerInfo (FollowerInfoImpl.java:lambda$new$0(48)) - omNode-1@group-523986131536->omNode-3: nextIndex: updateUnconditionally 143 -> 45
2022-10-18 21:56:50,793 [grpc-default-executor-2] WARN  server.GrpcLogAppender (LogUtils.java:warn(122)) - omNode-1@group-523986131536->omNode-3-AppendLogResponseHandler: Failed appendEntries: org.apache.ratis.thirdparty.io.grpc.StatusRuntimeException: UNAVAILABLE: io exception
2022-10-18 21:56:50,793 [grpc-default-executor-2] INFO  leader.FollowerInfo (FollowerInfoImpl.java:lambda$new$0(48)) - omNode-1@group-523986131536->omNode-3: nextIndex: updateUnconditionally 144 -> 45
2022-10-18 21:56:50,794 [grpc-default-executor-2] WARN  server.GrpcLogAppender (LogUtils.java:warn(122)) - omNode-1@group-523986131536->omNode-3-AppendLogResponseHandler: Failed appendEntries: org.apache.ratis.thirdparty.io.grpc.StatusRuntimeException: UNAVAILABLE: io exception
2022-10-18 21:56:50,795 [grpc-default-executor-2] INFO  leader.FollowerInfo (FollowerInfoImpl.java:lambda$new$0(48)) - omNode-1@group-523986131536->omNode-3: nextIndex: updateUnconditionally 144 -> 45
2022-10-18 21:56:50,796 [grpc-default-executor-0] WARN  server.GrpcLogAppender (LogUtils.java:warn(122)) - omNode-1@group-523986131536->omNode-3-AppendLogResponseHandler: Failed appendEntries: org.apache.ratis.thirdparty.io.grpc.StatusRuntimeException: UNAVAILABLE: io exception
2022-10-18 21:56:50,796 [grpc-default-executor-0] INFO  leader.FollowerInfo (FollowerInfoImpl.java:lambda$new$0(48)) - omNode-1@group-523986131536->omNode-3: nextIndex: updateUnconditionally 145 -> 45
2022-10-18 21:56:50,797 [grpc-default-executor-0] WARN  server.GrpcLogAppender (LogUtils.java:warn(122)) - omNode-1@group-523986131536->omNode-3-AppendLogResponseHandler: Failed appendEntries: org.apache.ratis.thirdparty.io.grpc.StatusRuntimeException: UNAVAILABLE: io exception
2022-10-18 21:56:50,797 [grpc-default-executor-0] INFO  leader.FollowerInfo (FollowerInfoImpl.java:lambda$new$0(48)) - omNode-1@group-523986131536->omNode-3: nextIndex: updateUnconditionally 146 -> 45
2022-10-18 21:56:50,798 [grpc-default-executor-2] WARN  server.GrpcLogAppender (LogUtils.java:warn(122)) - omNode-1@group-523986131536->omNode-3-AppendLogResponseHandler: Failed appendEntries: org.apache.ratis.thirdparty.io.grpc.StatusRuntimeException: UNAVAILABLE: io exception
2022-10-18 21:56:50,798 [grpc-default-executor-2] INFO  leader.FollowerInfo (FollowerInfoImpl.java:lambda$new$0(48)) - omNode-1@group-523986131536->omNode-3: nextIndex: updateUnconditionally 146 -> 45
2022-10-18 21:56:50,800 [grpc-default-executor-3] WARN  server.GrpcLogAppender (LogUtils.java:warn(122)) - omNode-1@group-523986131536->omNode-3-AppendLogResponseHandler: Failed appendEntries: org.apache.ratis.thirdparty.io.grpc.StatusRuntimeException: UNAVAILABLE: io exception
2022-10-18 21:56:50,800 [grpc-default-executor-3] INFO  leader.FollowerInfo (FollowerInfoImpl.java:lambda$new$0(48)) - omNode-1@group-523986131536->omNode-3: nextIndex: updateUnconditionally 147 -> 45
2022-10-18 21:56:50,804 [grpc-default-executor-0] WARN  server.GrpcLogAppender (LogUtils.java:warn(122)) - omNode-1@group-523986131536->omNode-3-AppendLogResponseHandler: Failed appendEntries: org.apache.ratis.thirdparty.io.grpc.StatusRuntimeException: UNAVAILABLE: io exception
2022-10-18 21:56:50,804 [grpc-default-executor-0] INFO  leader.FollowerInfo (FollowerInfoImpl.java:lambda$new$0(48)) - omNode-1@group-523986131536->omNode-3: nextIndex: updateUnconditionally 148 -> 45
2022-10-18 21:56:50,805 [grpc-default-executor-0] WARN  server.GrpcLogAppender (LogUtils.java:warn(122)) - omNode-1@group-523986131536->omNode-3-AppendLogResponseHandler: Failed appendEntries: org.apache.ratis.thirdparty.io.grpc.StatusRuntimeException: UNAVAILABLE: io exception
2022-10-18 21:56:50,805 [grpc-default-executor-0] INFO  leader.FollowerInfo (FollowerInfoImpl.java:lambda$new$0(48)) - omNode-1@group-523986131536->omNode-3: nextIndex: updateUnconditionally 148 -> 45
2022-10-18 21:56:50,807 [grpc-default-executor-0] WARN  server.GrpcLogAppender (LogUtils.java:warn(122)) - omNode-1@group-523986131536->omNode-3-AppendLogResponseHandler: Failed appendEntries: org.apache.ratis.thirdparty.io.grpc.StatusRuntimeException: UNAVAILABLE: io exception
2022-10-18 21:56:50,807 [grpc-default-executor-0] INFO  leader.FollowerInfo (FollowerInfoImpl.java:lambda$new$0(48)) - omNode-1@group-523986131536->omNode-3: nextIndex: updateUnconditionally 149 -> 45
2022-10-18 21:56:50,808 [grpc-default-executor-3] WARN  server.GrpcLogAppender (LogUtils.java:warn(122)) - omNode-1@group-523986131536->omNode-3-AppendLogResponseHandler: Failed appendEntries: org.apache.ratis.thirdparty.io.grpc.StatusRuntimeException: UNAVAILABLE: io exception
2022-10-18 21:56:50,808 [grpc-default-executor-3] INFO  leader.FollowerInfo (FollowerInfoImpl.java:lambda$new$0(48)) - omNode-1@group-523986131536->omNode-3: nextIndex: updateUnconditionally 150 -> 45
2022-10-18 21:56:50,809 [grpc-default-executor-3] WARN  server.GrpcLogAppender (LogUtils.java:warn(122)) - omNode-1@group-523986131536->omNode-3-AppendLogResponseHandler: Failed appendEntries: org.apache.ratis.thirdparty.io.grpc.StatusRuntimeException: UNAVAILABLE: io exception
2022-10-18 21:56:50,809 [grpc-default-executor-3] INFO  leader.FollowerInfo (FollowerInfoImpl.java:lambda$new$0(48)) - omNode-1@group-523986131536->omNode-3: nextIndex: updateUnconditionally 150 -> 45
2022-10-18 21:56:50,810 [grpc-default-executor-3] WARN  server.GrpcLogAppender (LogUtils.java:warn(122)) - omNode-1@group-523986131536->omNode-3-AppendLogResponseHandler: Failed appendEntries: org.apache.ratis.thirdparty.io.grpc.StatusRuntimeException: UNAVAILABLE: io exception
2022-10-18 21:56:50,810 [omNode-1@group-523986131536-StateMachineUpdater] INFO  ratis.OzoneManagerStateMachine (OzoneManagerStateMachine.java:takeSnapshot(441)) - Current Snapshot Index (t:1, i:150)
2022-10-18 21:56:50,810 [grpc-default-executor-3] INFO  leader.FollowerInfo (FollowerInfoImpl.java:lambda$new$0(48)) - omNode-1@group-523986131536->omNode-3: nextIndex: updateUnconditionally 151 -> 45
2022-10-18 21:56:50,810 [omNode-1@group-523986131536-StateMachineUpdater] INFO  impl.StateMachineUpdater (StateMachineUpdater.java:takeSnapshot(287)) - omNode-1@group-523986131536-StateMachineUpdater: Took a snapshot at index 150
2022-10-18 21:56:50,810 [omNode-1@group-523986131536-StateMachineUpdater] INFO  impl.StateMachineUpdater (StateMachineUpdater.java:lambda$new$0(92)) - omNode-1@group-523986131536-StateMachineUpdater: snapshotIndex: updateIncreasingly 100 -> 150
2022-10-18 21:56:50,810 [omNode-1@group-523986131536-StateMachineUpdater] INFO  raftlog.RaftLog (RaftLogBase.java:purge(308)) - omNode-1@group-523986131536-SegmentedRaftLog: purge 150
2022-10-18 21:56:50,810 [omNode-1@group-523986131536-StateMachineUpdater] INFO  raftlog.RaftLog (RaftLogBase.java:lambda$new$0(53)) - omNode-1@group-523986131536-SegmentedRaftLog: snapshotIndex: updateIncreasingly 100 -> 150
2022-10-18 21:56:50,810 [omNode-1@group-523986131536-StateMachineUpdater] INFO  raftlog.RaftLog (RaftLogBase.java:lambda$new$0(53)) - omNode-1@group-523986131536-SegmentedRaftLog: purgeIndex: updateToMax old=100, new=150, updated? true
2022-10-18 21:56:50,815 [grpc-default-executor-3] WARN  server.GrpcLogAppender (LogUtils.java:warn(122)) - omNode-1@group-523986131536->omNode-3-AppendLogResponseHandler: Failed appendEntries: org.apache.ratis.thirdparty.io.grpc.StatusRuntimeException: UNAVAILABLE: io exception
2022-10-18 21:56:50,815 [grpc-default-executor-3] INFO  leader.FollowerInfo (FollowerInfoImpl.java:lambda$new$0(48)) - omNode-1@group-523986131536->omNode-3: nextIndex: updateUnconditionally 152 -> 45
2022-10-18 21:56:50,816 [omNode-2@group-523986131536-StateMachineUpdater] INFO  ratis.OzoneManagerStateMachine (OzoneManagerStateMachine.java:takeSnapshot(441)) - Current Snapshot Index (t:1, i:150)
2022-10-18 21:56:50,816 [omNode-2@group-523986131536-StateMachineUpdater] INFO  impl.StateMachineUpdater (StateMachineUpdater.java:takeSnapshot(287)) - omNode-2@group-523986131536-StateMachineUpdater: Took a snapshot at index 150
2022-10-18 21:56:50,816 [omNode-2@group-523986131536-StateMachineUpdater] INFO  impl.StateMachineUpdater (StateMachineUpdater.java:lambda$new$0(92)) - omNode-2@group-523986131536-StateMachineUpdater: snapshotIndex: updateIncreasingly 100 -> 150
2022-10-18 21:56:50,816 [omNode-2@group-523986131536-StateMachineUpdater] INFO  raftlog.RaftLog (RaftLogBase.java:purge(308)) - omNode-2@group-523986131536-SegmentedRaftLog: purge 150
2022-10-18 21:56:50,816 [omNode-2@group-523986131536-StateMachineUpdater] INFO  raftlog.RaftLog (RaftLogBase.java:lambda$new$0(53)) - omNode-2@group-523986131536-SegmentedRaftLog: snapshotIndex: updateIncreasingly 100 -> 150
2022-10-18 21:56:50,816 [omNode-2@group-523986131536-StateMachineUpdater] INFO  raftlog.RaftLog (RaftLogBase.java:lambda$new$0(53)) - omNode-2@group-523986131536-SegmentedRaftLog: purgeIndex: updateToMax old=100, new=150, updated? true
2022-10-18 21:56:50,816 [grpc-default-executor-0] WARN  server.GrpcLogAppender (LogUtils.java:warn(122)) - omNode-1@group-523986131536->omNode-3-AppendLogResponseHandler: Failed appendEntries: org.apache.ratis.thirdparty.io.grpc.StatusRuntimeException: UNAVAILABLE: io exception
2022-10-18 21:56:50,816 [grpc-default-executor-0] INFO  leader.FollowerInfo (FollowerInfoImpl.java:lambda$new$0(48)) - omNode-1@group-523986131536->omNode-3: nextIndex: updateUnconditionally 152 -> 45
2022-10-18 21:56:50,817 [grpc-default-executor-3] WARN  server.GrpcLogAppender (LogUtils.java:warn(122)) - omNode-1@group-523986131536->omNode-3-AppendLogResponseHandler: Failed appendEntries: org.apache.ratis.thirdparty.io.grpc.StatusRuntimeException: UNAVAILABLE: io exception
2022-10-18 21:56:50,818 [grpc-default-executor-3] INFO  leader.FollowerInfo (FollowerInfoImpl.java:lambda$new$0(48)) - omNode-1@group-523986131536->omNode-3: nextIndex: updateUnconditionally 153 -> 45
2022-10-18 21:56:50,820 [grpc-default-executor-0] WARN  server.GrpcLogAppender (LogUtils.java:warn(122)) - omNode-1@group-523986131536->omNode-3-AppendLogResponseHandler: Failed appendEntries: org.apache.ratis.thirdparty.io.grpc.StatusRuntimeException: UNAVAILABLE: io exception
2022-10-18 21:56:50,820 [grpc-default-executor-0] INFO  leader.FollowerInfo (FollowerInfoImpl.java:lambda$new$0(48)) - omNode-1@group-523986131536->omNode-3: nextIndex: updateUnconditionally 154 -> 45
2022-10-18 21:56:50,824 [grpc-default-executor-0] WARN  server.GrpcLogAppender (LogUtils.java:warn(122)) - omNode-1@group-523986131536->omNode-3-AppendLogResponseHandler: Failed appendEntries: org.apache.ratis.thirdparty.io.grpc.StatusRuntimeException: UNAVAILABLE: io exception
2022-10-18 21:56:50,824 [grpc-default-executor-0] INFO  leader.FollowerInfo (FollowerInfoImpl.java:lambda$new$0(48)) - omNode-1@group-523986131536->omNode-3: nextIndex: updateUnconditionally 154 -> 45
2022-10-18 21:56:50,824 [grpc-default-executor-0] WARN  server.GrpcLogAppender (LogUtils.java:warn(122)) - omNode-1@group-523986131536->omNode-3-AppendLogResponseHandler: Failed appendEntries: org.apache.ratis.thirdparty.io.grpc.StatusRuntimeException: UNAVAILABLE: io exception
2022-10-18 21:56:50,825 [grpc-default-executor-0] INFO  leader.FollowerInfo (FollowerInfoImpl.java:lambda$new$0(48)) - omNode-1@group-523986131536->omNode-3: nextIndex: updateUnconditionally 155 -> 45
2022-10-18 21:56:50,830 [grpc-default-executor-0] WARN  server.GrpcLogAppender (LogUtils.java:warn(122)) - omNode-1@group-523986131536->omNode-3-AppendLogResponseHandler: Failed appendEntries: org.apache.ratis.thirdparty.io.grpc.StatusRuntimeException: UNAVAILABLE: io exception
2022-10-18 21:56:50,830 [grpc-default-executor-0] INFO  leader.FollowerInfo (FollowerInfoImpl.java:lambda$new$0(48)) - omNode-1@group-523986131536->omNode-3: nextIndex: updateUnconditionally 156 -> 45
2022-10-18 21:56:50,831 [grpc-default-executor-3] WARN  server.GrpcLogAppender (LogUtils.java:warn(122)) - omNode-1@group-523986131536->omNode-3-AppendLogResponseHandler: Failed appendEntries: org.apache.ratis.thirdparty.io.grpc.StatusRuntimeException: UNAVAILABLE: io exception
2022-10-18 21:56:50,831 [grpc-default-executor-3] INFO  leader.FollowerInfo (FollowerInfoImpl.java:lambda$new$0(48)) - omNode-1@group-523986131536->omNode-3: nextIndex: updateUnconditionally 156 -> 45
2022-10-18 21:56:50,832 [grpc-default-executor-3] WARN  server.GrpcLogAppender (LogUtils.java:warn(122)) - omNode-1@group-523986131536->omNode-3-AppendLogResponseHandler: Failed appendEntries: org.apache.ratis.thirdparty.io.grpc.StatusRuntimeException: UNAVAILABLE: io exception
2022-10-18 21:56:50,833 [grpc-default-executor-3] INFO  leader.FollowerInfo (FollowerInfoImpl.java:lambda$new$0(48)) - omNode-1@group-523986131536->omNode-3: nextIndex: updateUnconditionally 157 -> 45
2022-10-18 21:56:50,834 [grpc-default-executor-0] WARN  server.GrpcLogAppender (LogUtils.java:warn(122)) - omNode-1@group-523986131536->omNode-3-AppendLogResponseHandler: Failed appendEntries: org.apache.ratis.thirdparty.io.grpc.StatusRuntimeException: UNAVAILABLE: io exception
2022-10-18 21:56:50,834 [grpc-default-executor-0] INFO  leader.FollowerInfo (FollowerInfoImpl.java:lambda$new$0(48)) - omNode-1@group-523986131536->omNode-3: nextIndex: updateUnconditionally 158 -> 45
2022-10-18 21:56:50,835 [grpc-default-executor-0] WARN  server.GrpcLogAppender (LogUtils.java:warn(122)) - omNode-1@group-523986131536->omNode-3-AppendLogResponseHandler: Failed appendEntries: org.apache.ratis.thirdparty.io.grpc.StatusRuntimeException: UNAVAILABLE: io exception
2022-10-18 21:56:50,835 [grpc-default-executor-0] INFO  leader.FollowerInfo (FollowerInfoImpl.java:lambda$new$0(48)) - omNode-1@group-523986131536->omNode-3: nextIndex: updateUnconditionally 158 -> 45
2022-10-18 21:56:50,838 [grpc-default-executor-0] WARN  server.GrpcLogAppender (LogUtils.java:warn(122)) - omNode-1@group-523986131536->omNode-3-AppendLogResponseHandler: Failed appendEntries: org.apache.ratis.thirdparty.io.grpc.StatusRuntimeException: UNAVAILABLE: io exception
2022-10-18 21:56:50,839 [grpc-default-executor-0] INFO  leader.FollowerInfo (FollowerInfoImpl.java:lambda$new$0(48)) - omNode-1@group-523986131536->omNode-3: nextIndex: updateUnconditionally 159 -> 45
2022-10-18 21:56:50,842 [grpc-default-executor-0] WARN  server.GrpcLogAppender (LogUtils.java:warn(122)) - omNode-1@group-523986131536->omNode-3-AppendLogResponseHandler: Failed appendEntries: org.apache.ratis.thirdparty.io.grpc.StatusRuntimeException: UNAVAILABLE: io exception
2022-10-18 21:56:50,842 [grpc-default-executor-0] INFO  leader.FollowerInfo (FollowerInfoImpl.java:lambda$new$0(48)) - omNode-1@group-523986131536->omNode-3: nextIndex: updateUnconditionally 160 -> 45
2022-10-18 21:56:50,843 [grpc-default-executor-3] WARN  server.GrpcLogAppender (LogUtils.java:warn(122)) - omNode-1@group-523986131536->omNode-3-AppendLogResponseHandler: Failed appendEntries: org.apache.ratis.thirdparty.io.grpc.StatusRuntimeException: UNAVAILABLE: io exception
2022-10-18 21:56:50,843 [grpc-default-executor-3] INFO  leader.FollowerInfo (FollowerInfoImpl.java:lambda$new$0(48)) - omNode-1@group-523986131536->omNode-3: nextIndex: updateUnconditionally 161 -> 45
2022-10-18 21:56:50,846 [grpc-default-executor-0] WARN  server.GrpcLogAppender (LogUtils.java:warn(122)) - omNode-1@group-523986131536->omNode-3-AppendLogResponseHandler: Failed appendEntries: org.apache.ratis.thirdparty.io.grpc.StatusRuntimeException: UNAVAILABLE: io exception
2022-10-18 21:56:50,846 [grpc-default-executor-0] INFO  leader.FollowerInfo (FollowerInfoImpl.java:lambda$new$0(48)) - omNode-1@group-523986131536->omNode-3: nextIndex: updateUnconditionally 161 -> 45
2022-10-18 21:56:50,846 [grpc-default-executor-3] WARN  server.GrpcLogAppender (LogUtils.java:warn(122)) - omNode-1@group-523986131536->omNode-3-AppendLogResponseHandler: Failed appendEntries: org.apache.ratis.thirdparty.io.grpc.StatusRuntimeException: UNAVAILABLE: io exception
2022-10-18 21:56:50,847 [grpc-default-executor-3] INFO  leader.FollowerInfo (FollowerInfoImpl.java:lambda$new$0(48)) - omNode-1@group-523986131536->omNode-3: nextIndex: updateUnconditionally 162 -> 45
2022-10-18 21:56:50,848 [grpc-default-executor-3] WARN  server.GrpcLogAppender (LogUtils.java:warn(122)) - omNode-1@group-523986131536->omNode-3-AppendLogResponseHandler: Failed appendEntries: org.apache.ratis.thirdparty.io.grpc.StatusRuntimeException: UNAVAILABLE: io exception
2022-10-18 21:56:50,848 [grpc-default-executor-3] INFO  leader.FollowerInfo (FollowerInfoImpl.java:lambda$new$0(48)) - omNode-1@group-523986131536->omNode-3: nextIndex: updateUnconditionally 162 -> 45
2022-10-18 21:56:50,850 [grpc-default-executor-0] WARN  server.GrpcLogAppender (LogUtils.java:warn(122)) - omNode-1@group-523986131536->omNode-3-AppendLogResponseHandler: Failed appendEntries: org.apache.ratis.thirdparty.io.grpc.StatusRuntimeException: UNAVAILABLE: io exception
2022-10-18 21:56:50,850 [grpc-default-executor-0] INFO  leader.FollowerInfo (FollowerInfoImpl.java:lambda$new$0(48)) - omNode-1@group-523986131536->omNode-3: nextIndex: updateUnconditionally 163 -> 45
2022-10-18 21:56:50,858 [grpc-default-executor-3] WARN  server.GrpcLogAppender (LogUtils.java:warn(122)) - omNode-1@group-523986131536->omNode-3-AppendLogResponseHandler: Failed appendEntries: org.apache.ratis.thirdparty.io.grpc.StatusRuntimeException: UNAVAILABLE: io exception
2022-10-18 21:56:50,859 [grpc-default-executor-3] INFO  leader.FollowerInfo (FollowerInfoImpl.java:lambda$new$0(48)) - omNode-1@group-523986131536->omNode-3: nextIndex: updateUnconditionally 164 -> 45
2022-10-18 21:56:50,860 [grpc-default-executor-0] WARN  server.GrpcLogAppender (LogUtils.java:warn(122)) - omNode-1@group-523986131536->omNode-3-AppendLogResponseHandler: Failed appendEntries: org.apache.ratis.thirdparty.io.grpc.StatusRuntimeException: UNAVAILABLE: io exception
2022-10-18 21:56:50,860 [grpc-default-executor-0] INFO  leader.FollowerInfo (FollowerInfoImpl.java:lambda$new$0(48)) - omNode-1@group-523986131536->omNode-3: nextIndex: updateUnconditionally 164 -> 45
2022-10-18 21:56:50,862 [grpc-default-executor-0] WARN  server.GrpcLogAppender (LogUtils.java:warn(122)) - omNode-1@group-523986131536->omNode-3-AppendLogResponseHandler: Failed appendEntries: org.apache.ratis.thirdparty.io.grpc.StatusRuntimeException: UNAVAILABLE: io exception
2022-10-18 21:56:50,862 [grpc-default-executor-0] INFO  leader.FollowerInfo (FollowerInfoImpl.java:lambda$new$0(48)) - omNode-1@group-523986131536->omNode-3: nextIndex: updateUnconditionally 165 -> 45
2022-10-18 21:56:50,863 [grpc-default-executor-0] WARN  server.GrpcLogAppender (LogUtils.java:warn(122)) - omNode-1@group-523986131536->omNode-3-AppendLogResponseHandler: Failed appendEntries: org.apache.ratis.thirdparty.io.grpc.StatusRuntimeException: UNAVAILABLE: io exception
2022-10-18 21:56:50,863 [grpc-default-executor-0] INFO  leader.FollowerInfo (FollowerInfoImpl.java:lambda$new$0(48)) - omNode-1@group-523986131536->omNode-3: nextIndex: updateUnconditionally 166 -> 45
2022-10-18 21:56:50,864 [grpc-default-executor-0] WARN  server.GrpcLogAppender (LogUtils.java:warn(122)) - omNode-1@group-523986131536->omNode-3-AppendLogResponseHandler: Failed appendEntries: org.apache.ratis.thirdparty.io.grpc.StatusRuntimeException: UNAVAILABLE: io exception
2022-10-18 21:56:50,865 [grpc-default-executor-0] INFO  leader.FollowerInfo (FollowerInfoImpl.java:lambda$new$0(48)) - omNode-1@group-523986131536->omNode-3: nextIndex: updateUnconditionally 166 -> 45
2022-10-18 21:56:50,867 [grpc-default-executor-3] WARN  server.GrpcLogAppender (LogUtils.java:warn(122)) - omNode-1@group-523986131536->omNode-3-AppendLogResponseHandler: Failed appendEntries: org.apache.ratis.thirdparty.io.grpc.StatusRuntimeException: UNAVAILABLE: io exception
2022-10-18 21:56:50,867 [grpc-default-executor-3] INFO  leader.FollowerInfo (FollowerInfoImpl.java:lambda$new$0(48)) - omNode-1@group-523986131536->omNode-3: nextIndex: updateUnconditionally 167 -> 45
2022-10-18 21:56:50,875 [grpc-default-executor-0] WARN  server.GrpcLogAppender (LogUtils.java:warn(122)) - omNode-1@group-523986131536->omNode-3-AppendLogResponseHandler: Failed appendEntries: org.apache.ratis.thirdparty.io.grpc.StatusRuntimeException: UNAVAILABLE: io exception
2022-10-18 21:56:50,875 [grpc-default-executor-0] INFO  leader.FollowerInfo (FollowerInfoImpl.java:lambda$new$0(48)) - omNode-1@group-523986131536->omNode-3: nextIndex: updateUnconditionally 168 -> 45
2022-10-18 21:56:50,876 [grpc-default-executor-3] WARN  server.GrpcLogAppender (LogUtils.java:warn(122)) - omNode-1@group-523986131536->omNode-3-AppendLogResponseHandler: Failed appendEntries: org.apache.ratis.thirdparty.io.grpc.StatusRuntimeException: UNAVAILABLE: io exception
2022-10-18 21:56:50,876 [grpc-default-executor-3] INFO  leader.FollowerInfo (FollowerInfoImpl.java:lambda$new$0(48)) - omNode-1@group-523986131536->omNode-3: nextIndex: updateUnconditionally 168 -> 45
2022-10-18 21:56:50,879 [grpc-default-executor-0] WARN  server.GrpcLogAppender (LogUtils.java:warn(122)) - omNode-1@group-523986131536->omNode-3-AppendLogResponseHandler: Failed appendEntries: org.apache.ratis.thirdparty.io.grpc.StatusRuntimeException: UNAVAILABLE: io exception
2022-10-18 21:56:50,879 [grpc-default-executor-0] INFO  leader.FollowerInfo (FollowerInfoImpl.java:lambda$new$0(48)) - omNode-1@group-523986131536->omNode-3: nextIndex: updateUnconditionally 169 -> 45
2022-10-18 21:56:50,881 [grpc-default-executor-3] WARN  server.GrpcLogAppender (LogUtils.java:warn(122)) - omNode-1@group-523986131536->omNode-3-AppendLogResponseHandler: Failed appendEntries: org.apache.ratis.thirdparty.io.grpc.StatusRuntimeException: UNAVAILABLE: io exception
2022-10-18 21:56:50,881 [grpc-default-executor-3] INFO  leader.FollowerInfo (FollowerInfoImpl.java:lambda$new$0(48)) - omNode-1@group-523986131536->omNode-3: nextIndex: updateUnconditionally 170 -> 45
2022-10-18 21:56:50,881 [grpc-default-executor-0] WARN  server.GrpcLogAppender (LogUtils.java:warn(122)) - omNode-1@group-523986131536->omNode-3-AppendLogResponseHandler: Failed appendEntries: org.apache.ratis.thirdparty.io.grpc.StatusRuntimeException: UNAVAILABLE: io exception
2022-10-18 21:56:50,882 [grpc-default-executor-0] INFO  leader.FollowerInfo (FollowerInfoImpl.java:lambda$new$0(48)) - omNode-1@group-523986131536->omNode-3: nextIndex: updateUnconditionally 170 -> 45
2022-10-18 21:56:50,883 [grpc-default-executor-0] WARN  server.GrpcLogAppender (LogUtils.java:warn(122)) - omNode-1@group-523986131536->omNode-3-AppendLogResponseHandler: Failed appendEntries: org.apache.ratis.thirdparty.io.grpc.StatusRuntimeException: UNAVAILABLE: io exception
2022-10-18 21:56:50,883 [grpc-default-executor-0] INFO  leader.FollowerInfo (FollowerInfoImpl.java:lambda$new$0(48)) - omNode-1@group-523986131536->omNode-3: nextIndex: updateUnconditionally 171 -> 45
2022-10-18 21:56:50,885 [grpc-default-executor-0] WARN  server.GrpcLogAppender (LogUtils.java:warn(122)) - omNode-1@group-523986131536->omNode-3-AppendLogResponseHandler: Failed appendEntries: org.apache.ratis.thirdparty.io.grpc.StatusRuntimeException: UNAVAILABLE: io exception
2022-10-18 21:56:50,885 [grpc-default-executor-0] INFO  leader.FollowerInfo (FollowerInfoImpl.java:lambda$new$0(48)) - omNode-1@group-523986131536->omNode-3: nextIndex: updateUnconditionally 171 -> 45
2022-10-18 21:56:50,889 [grpc-default-executor-3] WARN  server.GrpcLogAppender (LogUtils.java:warn(122)) - omNode-1@group-523986131536->omNode-3-AppendLogResponseHandler: Failed appendEntries: org.apache.ratis.thirdparty.io.grpc.StatusRuntimeException: UNAVAILABLE: io exception
2022-10-18 21:56:50,889 [grpc-default-executor-3] INFO  leader.FollowerInfo (FollowerInfoImpl.java:lambda$new$0(48)) - omNode-1@group-523986131536->omNode-3: nextIndex: updateUnconditionally 172 -> 45
2022-10-18 21:56:50,890 [grpc-default-executor-3] WARN  server.GrpcLogAppender (LogUtils.java:warn(122)) - omNode-1@group-523986131536->omNode-3-AppendLogResponseHandler: Failed appendEntries: org.apache.ratis.thirdparty.io.grpc.StatusRuntimeException: UNAVAILABLE: io exception
2022-10-18 21:56:50,890 [grpc-default-executor-3] INFO  leader.FollowerInfo (FollowerInfoImpl.java:lambda$new$0(48)) - omNode-1@group-523986131536->omNode-3: nextIndex: updateUnconditionally 172 -> 45
2022-10-18 21:56:50,891 [grpc-default-executor-0] WARN  server.GrpcLogAppender (LogUtils.java:warn(122)) - omNode-1@group-523986131536->omNode-3-AppendLogResponseHandler: Failed appendEntries: org.apache.ratis.thirdparty.io.grpc.StatusRuntimeException: UNAVAILABLE: io exception
2022-10-18 21:56:50,891 [grpc-default-executor-0] INFO  leader.FollowerInfo (FollowerInfoImpl.java:lambda$new$0(48)) - omNode-1@group-523986131536->omNode-3: nextIndex: updateUnconditionally 173 -> 45
2022-10-18 21:56:50,893 [grpc-default-executor-0] WARN  server.GrpcLogAppender (LogUtils.java:warn(122)) - omNode-1@group-523986131536->omNode-3-AppendLogResponseHandler: Failed appendEntries: org.apache.ratis.thirdparty.io.grpc.StatusRuntimeException: UNAVAILABLE: io exception
2022-10-18 21:56:50,893 [grpc-default-executor-0] INFO  leader.FollowerInfo (FollowerInfoImpl.java:lambda$new$0(48)) - omNode-1@group-523986131536->omNode-3: nextIndex: updateUnconditionally 173 -> 45
2022-10-18 21:56:50,894 [grpc-default-executor-3] WARN  server.GrpcLogAppender (LogUtils.java:warn(122)) - omNode-1@group-523986131536->omNode-3-AppendLogResponseHandler: Failed appendEntries: org.apache.ratis.thirdparty.io.grpc.StatusRuntimeException: UNAVAILABLE: io exception
2022-10-18 21:56:50,894 [grpc-default-executor-3] INFO  leader.FollowerInfo (FollowerInfoImpl.java:lambda$new$0(48)) - omNode-1@group-523986131536->omNode-3: nextIndex: updateUnconditionally 174 -> 45
2022-10-18 21:56:50,895 [grpc-default-executor-3] WARN  server.GrpcLogAppender (LogUtils.java:warn(122)) - omNode-1@group-523986131536->omNode-3-AppendLogResponseHandler: Failed appendEntries: org.apache.ratis.thirdparty.io.grpc.StatusRuntimeException: UNAVAILABLE: io exception
2022-10-18 21:56:50,896 [grpc-default-executor-3] INFO  leader.FollowerInfo (FollowerInfoImpl.java:lambda$new$0(48)) - omNode-1@group-523986131536->omNode-3: nextIndex: updateUnconditionally 174 -> 45
2022-10-18 21:56:50,897 [grpc-default-executor-3] WARN  server.GrpcLogAppender (LogUtils.java:warn(122)) - omNode-1@group-523986131536->omNode-3-AppendLogResponseHandler: Failed appendEntries: org.apache.ratis.thirdparty.io.grpc.StatusRuntimeException: UNAVAILABLE: io exception
2022-10-18 21:56:50,898 [grpc-default-executor-3] INFO  leader.FollowerInfo (FollowerInfoImpl.java:lambda$new$0(48)) - omNode-1@group-523986131536->omNode-3: nextIndex: updateUnconditionally 175 -> 45
2022-10-18 21:56:50,910 [grpc-default-executor-3] WARN  server.GrpcLogAppender (LogUtils.java:warn(122)) - omNode-1@group-523986131536->omNode-3-AppendLogResponseHandler: Failed appendEntries: org.apache.ratis.thirdparty.io.grpc.StatusRuntimeException: UNAVAILABLE: io exception
2022-10-18 21:56:50,910 [grpc-default-executor-3] INFO  leader.FollowerInfo (FollowerInfoImpl.java:lambda$new$0(48)) - omNode-1@group-523986131536->omNode-3: nextIndex: updateUnconditionally 176 -> 45
2022-10-18 21:56:50,911 [grpc-default-executor-3] WARN  server.GrpcLogAppender (LogUtils.java:warn(122)) - omNode-1@group-523986131536->omNode-3-AppendLogResponseHandler: Failed appendEntries: org.apache.ratis.thirdparty.io.grpc.StatusRuntimeException: UNAVAILABLE: io exception
2022-10-18 21:56:50,912 [grpc-default-executor-3] INFO  leader.FollowerInfo (FollowerInfoImpl.java:lambda$new$0(48)) - omNode-1@group-523986131536->omNode-3: nextIndex: updateUnconditionally 177 -> 45
2022-10-18 21:56:50,914 [grpc-default-executor-0] WARN  server.GrpcLogAppender (LogUtils.java:warn(122)) - omNode-1@group-523986131536->omNode-3-AppendLogResponseHandler: Failed appendEntries: org.apache.ratis.thirdparty.io.grpc.StatusRuntimeException: UNAVAILABLE: io exception
2022-10-18 21:56:50,914 [grpc-default-executor-0] INFO  leader.FollowerInfo (FollowerInfoImpl.java:lambda$new$0(48)) - omNode-1@group-523986131536->omNode-3: nextIndex: updateUnconditionally 177 -> 45
2022-10-18 21:56:50,916 [grpc-default-executor-3] WARN  server.GrpcLogAppender (LogUtils.java:warn(122)) - omNode-1@group-523986131536->omNode-3-AppendLogResponseHandler: Failed appendEntries: org.apache.ratis.thirdparty.io.grpc.StatusRuntimeException: UNAVAILABLE: io exception
2022-10-18 21:56:50,916 [grpc-default-executor-3] INFO  leader.FollowerInfo (FollowerInfoImpl.java:lambda$new$0(48)) - omNode-1@group-523986131536->omNode-3: nextIndex: updateUnconditionally 178 -> 45
2022-10-18 21:56:50,917 [grpc-default-executor-0] WARN  server.GrpcLogAppender (LogUtils.java:warn(122)) - omNode-1@group-523986131536->omNode-3-AppendLogResponseHandler: Failed appendEntries: org.apache.ratis.thirdparty.io.grpc.StatusRuntimeException: UNAVAILABLE: io exception
2022-10-18 21:56:50,917 [grpc-default-executor-0] INFO  leader.FollowerInfo (FollowerInfoImpl.java:lambda$new$0(48)) - omNode-1@group-523986131536->omNode-3: nextIndex: updateUnconditionally 178 -> 45
2022-10-18 21:56:50,918 [grpc-default-executor-0] WARN  server.GrpcLogAppender (LogUtils.java:warn(122)) - omNode-1@group-523986131536->omNode-3-AppendLogResponseHandler: Failed appendEntries: org.apache.ratis.thirdparty.io.grpc.StatusRuntimeException: UNAVAILABLE: io exception
2022-10-18 21:56:50,918 [grpc-default-executor-0] INFO  leader.FollowerInfo (FollowerInfoImpl.java:lambda$new$0(48)) - omNode-1@group-523986131536->omNode-3: nextIndex: updateUnconditionally 179 -> 45
2022-10-18 21:56:50,923 [grpc-default-executor-0] WARN  server.GrpcLogAppender (LogUtils.java:warn(122)) - omNode-1@group-523986131536->omNode-3-AppendLogResponseHandler: Failed appendEntries: org.apache.ratis.thirdparty.io.grpc.StatusRuntimeException: UNAVAILABLE: io exception
2022-10-18 21:56:50,923 [grpc-default-executor-0] INFO  leader.FollowerInfo (FollowerInfoImpl.java:lambda$new$0(48)) - omNode-1@group-523986131536->omNode-3: nextIndex: updateUnconditionally 180 -> 45
2022-10-18 21:56:50,924 [grpc-default-executor-0] WARN  server.GrpcLogAppender (LogUtils.java:warn(122)) - omNode-1@group-523986131536->omNode-3-AppendLogResponseHandler: Failed appendEntries: org.apache.ratis.thirdparty.io.grpc.StatusRuntimeException: UNAVAILABLE: io exception
2022-10-18 21:56:50,924 [grpc-default-executor-0] INFO  leader.FollowerInfo (FollowerInfoImpl.java:lambda$new$0(48)) - omNode-1@group-523986131536->omNode-3: nextIndex: updateUnconditionally 180 -> 45
2022-10-18 21:56:50,926 [grpc-default-executor-0] WARN  server.GrpcLogAppender (LogUtils.java:warn(122)) - omNode-1@group-523986131536->omNode-3-AppendLogResponseHandler: Failed appendEntries: org.apache.ratis.thirdparty.io.grpc.StatusRuntimeException: UNAVAILABLE: io exception
2022-10-18 21:56:50,926 [grpc-default-executor-0] INFO  leader.FollowerInfo (FollowerInfoImpl.java:lambda$new$0(48)) - omNode-1@group-523986131536->omNode-3: nextIndex: updateUnconditionally 181 -> 45
2022-10-18 21:56:50,928 [grpc-default-executor-0] WARN  server.GrpcLogAppender (LogUtils.java:warn(122)) - omNode-1@group-523986131536->omNode-3-AppendLogResponseHandler: Failed appendEntries: org.apache.ratis.thirdparty.io.grpc.StatusRuntimeException: UNAVAILABLE: io exception
2022-10-18 21:56:50,928 [grpc-default-executor-0] INFO  leader.FollowerInfo (FollowerInfoImpl.java:lambda$new$0(48)) - omNode-1@group-523986131536->omNode-3: nextIndex: updateUnconditionally 182 -> 45
2022-10-18 21:56:50,929 [grpc-default-executor-0] WARN  server.GrpcLogAppender (LogUtils.java:warn(122)) - omNode-1@group-523986131536->omNode-3-AppendLogResponseHandler: Failed appendEntries: org.apache.ratis.thirdparty.io.grpc.StatusRuntimeException: UNAVAILABLE: io exception
2022-10-18 21:56:50,929 [grpc-default-executor-0] INFO  leader.FollowerInfo (FollowerInfoImpl.java:lambda$new$0(48)) - omNode-1@group-523986131536->omNode-3: nextIndex: updateUnconditionally 182 -> 45
2022-10-18 21:56:50,932 [grpc-default-executor-3] WARN  server.GrpcLogAppender (LogUtils.java:warn(122)) - omNode-1@group-523986131536->omNode-3-AppendLogResponseHandler: Failed appendEntries: org.apache.ratis.thirdparty.io.grpc.StatusRuntimeException: UNAVAILABLE: io exception
2022-10-18 21:56:50,932 [grpc-default-executor-3] INFO  leader.FollowerInfo (FollowerInfoImpl.java:lambda$new$0(48)) - omNode-1@group-523986131536->omNode-3: nextIndex: updateUnconditionally 183 -> 45
2022-10-18 21:56:50,936 [grpc-default-executor-3] WARN  server.GrpcLogAppender (LogUtils.java:warn(122)) - omNode-1@group-523986131536->omNode-3-AppendLogResponseHandler: Failed appendEntries: org.apache.ratis.thirdparty.io.grpc.StatusRuntimeException: UNAVAILABLE: io exception
2022-10-18 21:56:50,936 [grpc-default-executor-3] INFO  leader.FollowerInfo (FollowerInfoImpl.java:lambda$new$0(48)) - omNode-1@group-523986131536->omNode-3: nextIndex: updateUnconditionally 184 -> 45
2022-10-18 21:56:50,938 [grpc-default-executor-0] WARN  server.GrpcLogAppender (LogUtils.java:warn(122)) - omNode-1@group-523986131536->omNode-3-AppendLogResponseHandler: Failed appendEntries: org.apache.ratis.thirdparty.io.grpc.StatusRuntimeException: UNAVAILABLE: io exception
2022-10-18 21:56:50,938 [grpc-default-executor-0] INFO  leader.FollowerInfo (FollowerInfoImpl.java:lambda$new$0(48)) - omNode-1@group-523986131536->omNode-3: nextIndex: updateUnconditionally 184 -> 45
2022-10-18 21:56:50,940 [grpc-default-executor-0] WARN  server.GrpcLogAppender (LogUtils.java:warn(122)) - omNode-1@group-523986131536->omNode-3-AppendLogResponseHandler: Failed appendEntries: org.apache.ratis.thirdparty.io.grpc.StatusRuntimeException: UNAVAILABLE: io exception
2022-10-18 21:56:50,940 [grpc-default-executor-0] INFO  leader.FollowerInfo (FollowerInfoImpl.java:lambda$new$0(48)) - omNode-1@group-523986131536->omNode-3: nextIndex: updateUnconditionally 185 -> 45
2022-10-18 21:56:50,942 [grpc-default-executor-0] WARN  server.GrpcLogAppender (LogUtils.java:warn(122)) - omNode-1@group-523986131536->omNode-3-AppendLogResponseHandler: Failed appendEntries: org.apache.ratis.thirdparty.io.grpc.StatusRuntimeException: UNAVAILABLE: io exception
2022-10-18 21:56:50,942 [grpc-default-executor-0] INFO  leader.FollowerInfo (FollowerInfoImpl.java:lambda$new$0(48)) - omNode-1@group-523986131536->omNode-3: nextIndex: updateUnconditionally 186 -> 45
2022-10-18 21:56:50,944 [grpc-default-executor-0] WARN  server.GrpcLogAppender (LogUtils.java:warn(122)) - omNode-1@group-523986131536->omNode-3-AppendLogResponseHandler: Failed appendEntries: org.apache.ratis.thirdparty.io.grpc.StatusRuntimeException: UNAVAILABLE: io exception
2022-10-18 21:56:50,944 [grpc-default-executor-0] INFO  leader.FollowerInfo (FollowerInfoImpl.java:lambda$new$0(48)) - omNode-1@group-523986131536->omNode-3: nextIndex: updateUnconditionally 186 -> 45
2022-10-18 21:56:50,947 [grpc-default-executor-0] WARN  server.GrpcLogAppender (LogUtils.java:warn(122)) - omNode-1@group-523986131536->omNode-3-AppendLogResponseHandler: Failed appendEntries: org.apache.ratis.thirdparty.io.grpc.StatusRuntimeException: UNAVAILABLE: io exception
2022-10-18 21:56:50,947 [grpc-default-executor-0] INFO  leader.FollowerInfo (FollowerInfoImpl.java:lambda$new$0(48)) - omNode-1@group-523986131536->omNode-3: nextIndex: updateUnconditionally 187 -> 45
2022-10-18 21:56:50,952 [grpc-default-executor-3] WARN  server.GrpcLogAppender (LogUtils.java:warn(122)) - omNode-1@group-523986131536->omNode-3-AppendLogResponseHandler: Failed appendEntries: org.apache.ratis.thirdparty.io.grpc.StatusRuntimeException: UNAVAILABLE: io exception
2022-10-18 21:56:50,952 [grpc-default-executor-3] INFO  leader.FollowerInfo (FollowerInfoImpl.java:lambda$new$0(48)) - omNode-1@group-523986131536->omNode-3: nextIndex: updateUnconditionally 188 -> 45
2022-10-18 21:56:50,953 [grpc-default-executor-3] WARN  server.GrpcLogAppender (LogUtils.java:warn(122)) - omNode-1@group-523986131536->omNode-3-AppendLogResponseHandler: Failed appendEntries: org.apache.ratis.thirdparty.io.grpc.StatusRuntimeException: UNAVAILABLE: io exception
2022-10-18 21:56:50,953 [grpc-default-executor-3] INFO  leader.FollowerInfo (FollowerInfoImpl.java:lambda$new$0(48)) - omNode-1@group-523986131536->omNode-3: nextIndex: updateUnconditionally 188 -> 45
2022-10-18 21:56:50,956 [grpc-default-executor-0] WARN  server.GrpcLogAppender (LogUtils.java:warn(122)) - omNode-1@group-523986131536->omNode-3-AppendLogResponseHandler: Failed appendEntries: org.apache.ratis.thirdparty.io.grpc.StatusRuntimeException: UNAVAILABLE: io exception
2022-10-18 21:56:50,956 [grpc-default-executor-0] INFO  leader.FollowerInfo (FollowerInfoImpl.java:lambda$new$0(48)) - omNode-1@group-523986131536->omNode-3: nextIndex: updateUnconditionally 189 -> 45
2022-10-18 21:56:50,957 [grpc-default-executor-0] WARN  server.GrpcLogAppender (LogUtils.java:warn(122)) - omNode-1@group-523986131536->omNode-3-AppendLogResponseHandler: Failed appendEntries: org.apache.ratis.thirdparty.io.grpc.StatusRuntimeException: UNAVAILABLE: io exception
2022-10-18 21:56:50,957 [grpc-default-executor-0] INFO  leader.FollowerInfo (FollowerInfoImpl.java:lambda$new$0(48)) - omNode-1@group-523986131536->omNode-3: nextIndex: updateUnconditionally 190 -> 45
2022-10-18 21:56:50,959 [grpc-default-executor-3] WARN  server.GrpcLogAppender (LogUtils.java:warn(122)) - omNode-1@group-523986131536->omNode-3-AppendLogResponseHandler: Failed appendEntries: org.apache.ratis.thirdparty.io.grpc.StatusRuntimeException: UNAVAILABLE: io exception
2022-10-18 21:56:50,959 [grpc-default-executor-3] INFO  leader.FollowerInfo (FollowerInfoImpl.java:lambda$new$0(48)) - omNode-1@group-523986131536->omNode-3: nextIndex: updateUnconditionally 190 -> 45
2022-10-18 21:56:50,962 [grpc-default-executor-0] WARN  server.GrpcLogAppender (LogUtils.java:warn(122)) - omNode-1@group-523986131536->omNode-3-AppendLogResponseHandler: Failed appendEntries: org.apache.ratis.thirdparty.io.grpc.StatusRuntimeException: UNAVAILABLE: io exception
2022-10-18 21:56:50,962 [grpc-default-executor-0] INFO  leader.FollowerInfo (FollowerInfoImpl.java:lambda$new$0(48)) - omNode-1@group-523986131536->omNode-3: nextIndex: updateUnconditionally 191 -> 45
2022-10-18 21:56:50,965 [grpc-default-executor-0] WARN  server.GrpcLogAppender (LogUtils.java:warn(122)) - omNode-1@group-523986131536->omNode-3-AppendLogResponseHandler: Failed appendEntries: org.apache.ratis.thirdparty.io.grpc.StatusRuntimeException: UNAVAILABLE: io exception
2022-10-18 21:56:50,965 [grpc-default-executor-0] INFO  leader.FollowerInfo (FollowerInfoImpl.java:lambda$new$0(48)) - omNode-1@group-523986131536->omNode-3: nextIndex: updateUnconditionally 192 -> 45
2022-10-18 21:56:50,966 [grpc-default-executor-0] WARN  server.GrpcLogAppender (LogUtils.java:warn(122)) - omNode-1@group-523986131536->omNode-3-AppendLogResponseHandler: Failed appendEntries: org.apache.ratis.thirdparty.io.grpc.StatusRuntimeException: UNAVAILABLE: io exception
2022-10-18 21:56:50,966 [grpc-default-executor-0] INFO  leader.FollowerInfo (FollowerInfoImpl.java:lambda$new$0(48)) - omNode-1@group-523986131536->omNode-3: nextIndex: updateUnconditionally 192 -> 45
2022-10-18 21:56:50,968 [grpc-default-executor-0] WARN  server.GrpcLogAppender (LogUtils.java:warn(122)) - omNode-1@group-523986131536->omNode-3-AppendLogResponseHandler: Failed appendEntries: org.apache.ratis.thirdparty.io.grpc.StatusRuntimeException: UNAVAILABLE: io exception
2022-10-18 21:56:50,969 [grpc-default-executor-0] INFO  leader.FollowerInfo (FollowerInfoImpl.java:lambda$new$0(48)) - omNode-1@group-523986131536->omNode-3: nextIndex: updateUnconditionally 193 -> 45
2022-10-18 21:56:50,970 [grpc-default-executor-0] WARN  server.GrpcLogAppender (LogUtils.java:warn(122)) - omNode-1@group-523986131536->omNode-3-AppendLogResponseHandler: Failed appendEntries: org.apache.ratis.thirdparty.io.grpc.StatusRuntimeException: UNAVAILABLE: io exception
2022-10-18 21:56:50,970 [grpc-default-executor-0] INFO  leader.FollowerInfo (FollowerInfoImpl.java:lambda$new$0(48)) - omNode-1@group-523986131536->omNode-3: nextIndex: updateUnconditionally 194 -> 45
2022-10-18 21:56:50,971 [grpc-default-executor-0] WARN  server.GrpcLogAppender (LogUtils.java:warn(122)) - omNode-1@group-523986131536->omNode-3-AppendLogResponseHandler: Failed appendEntries: org.apache.ratis.thirdparty.io.grpc.StatusRuntimeException: UNAVAILABLE: io exception
2022-10-18 21:56:50,971 [grpc-default-executor-0] INFO  leader.FollowerInfo (FollowerInfoImpl.java:lambda$new$0(48)) - omNode-1@group-523986131536->omNode-3: nextIndex: updateUnconditionally 194 -> 45
2022-10-18 21:56:50,972 [grpc-default-executor-0] WARN  server.GrpcLogAppender (LogUtils.java:warn(122)) - omNode-1@group-523986131536->omNode-3-AppendLogResponseHandler: Failed appendEntries: org.apache.ratis.thirdparty.io.grpc.StatusRuntimeException: UNAVAILABLE: io exception
2022-10-18 21:56:50,973 [grpc-default-executor-0] INFO  leader.FollowerInfo (FollowerInfoImpl.java:lambda$new$0(48)) - omNode-1@group-523986131536->omNode-3: nextIndex: updateUnconditionally 195 -> 45
2022-10-18 21:56:50,976 [grpc-default-executor-3] WARN  server.GrpcLogAppender (LogUtils.java:warn(122)) - omNode-1@group-523986131536->omNode-3-AppendLogResponseHandler: Failed appendEntries: org.apache.ratis.thirdparty.io.grpc.StatusRuntimeException: UNAVAILABLE: io exception
2022-10-18 21:56:50,976 [grpc-default-executor-3] INFO  leader.FollowerInfo (FollowerInfoImpl.java:lambda$new$0(48)) - omNode-1@group-523986131536->omNode-3: nextIndex: updateUnconditionally 196 -> 45
2022-10-18 21:56:50,977 [grpc-default-executor-3] WARN  server.GrpcLogAppender (LogUtils.java:warn(122)) - omNode-1@group-523986131536->omNode-3-AppendLogResponseHandler: Failed appendEntries: org.apache.ratis.thirdparty.io.grpc.StatusRuntimeException: UNAVAILABLE: io exception
2022-10-18 21:56:50,977 [grpc-default-executor-3] INFO  leader.FollowerInfo (FollowerInfoImpl.java:lambda$new$0(48)) - omNode-1@group-523986131536->omNode-3: nextIndex: updateUnconditionally 196 -> 45
2022-10-18 21:56:50,978 [grpc-default-executor-3] WARN  server.GrpcLogAppender (LogUtils.java:warn(122)) - omNode-1@group-523986131536->omNode-3-AppendLogResponseHandler: Failed appendEntries: org.apache.ratis.thirdparty.io.grpc.StatusRuntimeException: UNAVAILABLE: io exception
2022-10-18 21:56:50,979 [grpc-default-executor-3] INFO  leader.FollowerInfo (FollowerInfoImpl.java:lambda$new$0(48)) - omNode-1@group-523986131536->omNode-3: nextIndex: updateUnconditionally 197 -> 45
2022-10-18 21:56:50,980 [grpc-default-executor-3] WARN  server.GrpcLogAppender (LogUtils.java:warn(122)) - omNode-1@group-523986131536->omNode-3-AppendLogResponseHandler: Failed appendEntries: org.apache.ratis.thirdparty.io.grpc.StatusRuntimeException: UNAVAILABLE: io exception
2022-10-18 21:56:50,980 [grpc-default-executor-3] INFO  leader.FollowerInfo (FollowerInfoImpl.java:lambda$new$0(48)) - omNode-1@group-523986131536->omNode-3: nextIndex: updateUnconditionally 198 -> 45
2022-10-18 21:56:50,980 [grpc-default-executor-3] WARN  server.GrpcLogAppender (LogUtils.java:warn(122)) - omNode-1@group-523986131536->omNode-3-AppendLogResponseHandler: Failed appendEntries: org.apache.ratis.thirdparty.io.grpc.StatusRuntimeException: UNAVAILABLE: io exception
2022-10-18 21:56:50,980 [grpc-default-executor-3] INFO  leader.FollowerInfo (FollowerInfoImpl.java:lambda$new$0(48)) - omNode-1@group-523986131536->omNode-3: nextIndex: updateUnconditionally 198 -> 45
2022-10-18 21:56:50,981 [grpc-default-executor-3] WARN  server.GrpcLogAppender (LogUtils.java:warn(122)) - omNode-1@group-523986131536->omNode-3-AppendLogResponseHandler: Failed appendEntries: org.apache.ratis.thirdparty.io.grpc.StatusRuntimeException: UNAVAILABLE: io exception
2022-10-18 21:56:50,981 [grpc-default-executor-3] INFO  leader.FollowerInfo (FollowerInfoImpl.java:lambda$new$0(48)) - omNode-1@group-523986131536->omNode-3: nextIndex: updateUnconditionally 199 -> 45
2022-10-18 21:56:50,982 [grpc-default-executor-0] WARN  server.GrpcLogAppender (LogUtils.java:warn(122)) - omNode-1@group-523986131536->omNode-3-AppendLogResponseHandler: Failed appendEntries: org.apache.ratis.thirdparty.io.grpc.StatusRuntimeException: UNAVAILABLE: io exception
2022-10-18 21:56:50,982 [grpc-default-executor-0] INFO  leader.FollowerInfo (FollowerInfoImpl.java:lambda$new$0(48)) - omNode-1@group-523986131536->omNode-3: nextIndex: updateUnconditionally 199 -> 45
2022-10-18 21:56:50,986 [grpc-default-executor-3] WARN  server.GrpcLogAppender (LogUtils.java:warn(122)) - omNode-1@group-523986131536->omNode-3-AppendLogResponseHandler: Failed appendEntries: org.apache.ratis.thirdparty.io.grpc.StatusRuntimeException: UNAVAILABLE: io exception
2022-10-18 21:56:50,986 [grpc-default-executor-3] INFO  leader.FollowerInfo (FollowerInfoImpl.java:lambda$new$0(48)) - omNode-1@group-523986131536->omNode-3: nextIndex: updateUnconditionally 200 -> 45
2022-10-18 21:56:50,987 [grpc-default-executor-3] WARN  server.GrpcLogAppender (LogUtils.java:warn(122)) - omNode-1@group-523986131536->omNode-3-AppendLogResponseHandler: Failed appendEntries: org.apache.ratis.thirdparty.io.grpc.StatusRuntimeException: UNAVAILABLE: io exception
2022-10-18 21:56:50,987 [grpc-default-executor-3] INFO  leader.FollowerInfo (FollowerInfoImpl.java:lambda$new$0(48)) - omNode-1@group-523986131536->omNode-3: nextIndex: updateUnconditionally 200 -> 45
2022-10-18 21:56:50,988 [grpc-default-executor-0] WARN  server.GrpcLogAppender (LogUtils.java:warn(122)) - omNode-1@group-523986131536->omNode-3-AppendLogResponseHandler: Failed appendEntries: org.apache.ratis.thirdparty.io.grpc.StatusRuntimeException: UNAVAILABLE: io exception
2022-10-18 21:56:50,988 [grpc-default-executor-0] INFO  leader.FollowerInfo (FollowerInfoImpl.java:lambda$new$0(48)) - omNode-1@group-523986131536->omNode-3: nextIndex: updateUnconditionally 201 -> 45
2022-10-18 21:56:50,988 [omNode-1@group-523986131536-StateMachineUpdater] INFO  ratis.OzoneManagerStateMachine (OzoneManagerStateMachine.java:takeSnapshot(441)) - Current Snapshot Index (t:1, i:200)
2022-10-18 21:56:50,988 [omNode-1@group-523986131536-StateMachineUpdater] INFO  impl.StateMachineUpdater (StateMachineUpdater.java:takeSnapshot(287)) - omNode-1@group-523986131536-StateMachineUpdater: Took a snapshot at index 200
2022-10-18 21:56:50,988 [omNode-1@group-523986131536-StateMachineUpdater] INFO  impl.StateMachineUpdater (StateMachineUpdater.java:lambda$new$0(92)) - omNode-1@group-523986131536-StateMachineUpdater: snapshotIndex: updateIncreasingly 150 -> 200
2022-10-18 21:56:50,988 [omNode-1@group-523986131536-StateMachineUpdater] INFO  raftlog.RaftLog (RaftLogBase.java:purge(308)) - omNode-1@group-523986131536-SegmentedRaftLog: purge 200
2022-10-18 21:56:50,988 [omNode-1@group-523986131536-StateMachineUpdater] INFO  raftlog.RaftLog (RaftLogBase.java:lambda$new$0(53)) - omNode-1@group-523986131536-SegmentedRaftLog: snapshotIndex: updateIncreasingly 150 -> 200
2022-10-18 21:56:50,988 [omNode-1@group-523986131536-StateMachineUpdater] INFO  raftlog.RaftLog (RaftLogBase.java:lambda$new$0(53)) - omNode-1@group-523986131536-SegmentedRaftLog: purgeIndex: updateToMax old=150, new=200, updated? true
2022-10-18 21:56:50,990 [grpc-default-executor-3] WARN  server.GrpcLogAppender (LogUtils.java:warn(122)) - omNode-1@group-523986131536->omNode-3-AppendLogResponseHandler: Failed appendEntries: org.apache.ratis.thirdparty.io.grpc.StatusRuntimeException: UNAVAILABLE: io exception
2022-10-18 21:56:50,991 [grpc-default-executor-3] INFO  leader.FollowerInfo (FollowerInfoImpl.java:lambda$new$0(48)) - omNode-1@group-523986131536->omNode-3: nextIndex: updateUnconditionally 202 -> 45
2022-10-18 21:56:50,991 [omNode-2@group-523986131536-StateMachineUpdater] INFO  ratis.OzoneManagerStateMachine (OzoneManagerStateMachine.java:takeSnapshot(441)) - Current Snapshot Index (t:1, i:200)
2022-10-18 21:56:50,991 [omNode-2@group-523986131536-StateMachineUpdater] INFO  impl.StateMachineUpdater (StateMachineUpdater.java:takeSnapshot(287)) - omNode-2@group-523986131536-StateMachineUpdater: Took a snapshot at index 200
2022-10-18 21:56:50,991 [omNode-2@group-523986131536-StateMachineUpdater] INFO  impl.StateMachineUpdater (StateMachineUpdater.java:lambda$new$0(92)) - omNode-2@group-523986131536-StateMachineUpdater: snapshotIndex: updateIncreasingly 150 -> 200
2022-10-18 21:56:50,991 [omNode-2@group-523986131536-StateMachineUpdater] INFO  raftlog.RaftLog (RaftLogBase.java:purge(308)) - omNode-2@group-523986131536-SegmentedRaftLog: purge 200
2022-10-18 21:56:50,991 [omNode-2@group-523986131536-StateMachineUpdater] INFO  raftlog.RaftLog (RaftLogBase.java:lambda$new$0(53)) - omNode-2@group-523986131536-SegmentedRaftLog: snapshotIndex: updateIncreasingly 150 -> 200
2022-10-18 21:56:50,991 [omNode-2@group-523986131536-StateMachineUpdater] INFO  raftlog.RaftLog (RaftLogBase.java:lambda$new$0(53)) - omNode-2@group-523986131536-SegmentedRaftLog: purgeIndex: updateToMax old=150, new=200, updated? true
2022-10-18 21:56:50,991 [grpc-default-executor-3] WARN  server.GrpcLogAppender (LogUtils.java:warn(122)) - omNode-1@group-523986131536->omNode-3-AppendLogResponseHandler: Failed appendEntries: org.apache.ratis.thirdparty.io.grpc.StatusRuntimeException: UNAVAILABLE: io exception
2022-10-18 21:56:50,992 [grpc-default-executor-3] INFO  leader.FollowerInfo (FollowerInfoImpl.java:lambda$new$0(48)) - omNode-1@group-523986131536->omNode-3: nextIndex: updateUnconditionally 202 -> 45
2022-10-18 21:56:50,992 [grpc-default-executor-2] WARN  server.GrpcLogAppender (LogUtils.java:warn(122)) - omNode-1@group-523986131536->omNode-3-AppendLogResponseHandler: Failed appendEntries: org.apache.ratis.thirdparty.io.grpc.StatusRuntimeException: UNAVAILABLE: io exception
2022-10-18 21:56:50,993 [grpc-default-executor-2] INFO  leader.FollowerInfo (FollowerInfoImpl.java:lambda$new$0(48)) - omNode-1@group-523986131536->omNode-3: nextIndex: updateUnconditionally 203 -> 45
2022-10-18 21:56:50,994 [grpc-default-executor-2] WARN  server.GrpcLogAppender (LogUtils.java:warn(122)) - omNode-1@group-523986131536->omNode-3-AppendLogResponseHandler: Failed appendEntries: org.apache.ratis.thirdparty.io.grpc.StatusRuntimeException: UNAVAILABLE: io exception
2022-10-18 21:56:50,994 [grpc-default-executor-2] INFO  leader.FollowerInfo (FollowerInfoImpl.java:lambda$new$0(48)) - omNode-1@group-523986131536->omNode-3: nextIndex: updateUnconditionally 203 -> 45
2022-10-18 21:56:50,998 [grpc-default-executor-2] WARN  server.GrpcLogAppender (LogUtils.java:warn(122)) - omNode-1@group-523986131536->omNode-3-AppendLogResponseHandler: Failed appendEntries: org.apache.ratis.thirdparty.io.grpc.StatusRuntimeException: UNAVAILABLE: io exception
2022-10-18 21:56:50,998 [grpc-default-executor-2] INFO  leader.FollowerInfo (FollowerInfoImpl.java:lambda$new$0(48)) - omNode-1@group-523986131536->omNode-3: nextIndex: updateUnconditionally 204 -> 45
2022-10-18 21:56:51,000 [grpc-default-executor-2] WARN  server.GrpcLogAppender (LogUtils.java:warn(122)) - omNode-1@group-523986131536->omNode-3-AppendLogResponseHandler: Failed appendEntries: org.apache.ratis.thirdparty.io.grpc.StatusRuntimeException: UNAVAILABLE: io exception
2022-10-18 21:56:51,000 [grpc-default-executor-2] INFO  leader.FollowerInfo (FollowerInfoImpl.java:lambda$new$0(48)) - omNode-1@group-523986131536->omNode-3: nextIndex: updateUnconditionally 204 -> 45
2022-10-18 21:56:51,002 [grpc-default-executor-3] WARN  server.GrpcLogAppender (LogUtils.java:warn(122)) - omNode-1@group-523986131536->omNode-3-AppendLogResponseHandler: Failed appendEntries: org.apache.ratis.thirdparty.io.grpc.StatusRuntimeException: UNAVAILABLE: io exception
2022-10-18 21:56:51,002 [grpc-default-executor-3] INFO  leader.FollowerInfo (FollowerInfoImpl.java:lambda$new$0(48)) - omNode-1@group-523986131536->omNode-3: nextIndex: updateUnconditionally 205 -> 45
2022-10-18 21:56:51,003 [grpc-default-executor-3] WARN  server.GrpcLogAppender (LogUtils.java:warn(122)) - omNode-1@group-523986131536->omNode-3-AppendLogResponseHandler: Failed appendEntries: org.apache.ratis.thirdparty.io.grpc.StatusRuntimeException: UNAVAILABLE: io exception
2022-10-18 21:56:51,004 [grpc-default-executor-3] INFO  leader.FollowerInfo (FollowerInfoImpl.java:lambda$new$0(48)) - omNode-1@group-523986131536->omNode-3: nextIndex: updateUnconditionally 206 -> 45
2022-10-18 21:56:51,005 [grpc-default-executor-3] WARN  server.GrpcLogAppender (LogUtils.java:warn(122)) - omNode-1@group-523986131536->omNode-3-AppendLogResponseHandler: Failed appendEntries: org.apache.ratis.thirdparty.io.grpc.StatusRuntimeException: UNAVAILABLE: io exception
2022-10-18 21:56:51,005 [grpc-default-executor-3] INFO  leader.FollowerInfo (FollowerInfoImpl.java:lambda$new$0(48)) - omNode-1@group-523986131536->omNode-3: nextIndex: updateUnconditionally 206 -> 45
2022-10-18 21:56:51,006 [grpc-default-executor-2] WARN  server.GrpcLogAppender (LogUtils.java:warn(122)) - omNode-1@group-523986131536->omNode-3-AppendLogResponseHandler: Failed appendEntries: org.apache.ratis.thirdparty.io.grpc.StatusRuntimeException: UNAVAILABLE: io exception
2022-10-18 21:56:51,006 [grpc-default-executor-2] INFO  leader.FollowerInfo (FollowerInfoImpl.java:lambda$new$0(48)) - omNode-1@group-523986131536->omNode-3: nextIndex: updateUnconditionally 207 -> 45
2022-10-18 21:56:51,010 [grpc-default-executor-2] WARN  server.GrpcLogAppender (LogUtils.java:warn(122)) - omNode-1@group-523986131536->omNode-3-AppendLogResponseHandler: Failed appendEntries: org.apache.ratis.thirdparty.io.grpc.StatusRuntimeException: UNAVAILABLE: io exception
2022-10-18 21:56:51,010 [grpc-default-executor-2] INFO  leader.FollowerInfo (FollowerInfoImpl.java:lambda$new$0(48)) - omNode-1@group-523986131536->omNode-3: nextIndex: updateUnconditionally 208 -> 45
2022-10-18 21:56:51,011 [grpc-default-executor-2] WARN  server.GrpcLogAppender (LogUtils.java:warn(122)) - omNode-1@group-523986131536->omNode-3-AppendLogResponseHandler: Failed appendEntries: org.apache.ratis.thirdparty.io.grpc.StatusRuntimeException: UNAVAILABLE: io exception
2022-10-18 21:56:51,011 [grpc-default-executor-2] INFO  leader.FollowerInfo (FollowerInfoImpl.java:lambda$new$0(48)) - omNode-1@group-523986131536->omNode-3: nextIndex: updateUnconditionally 208 -> 45
2022-10-18 21:56:51,014 [grpc-default-executor-3] WARN  server.GrpcLogAppender (LogUtils.java:warn(122)) - omNode-1@group-523986131536->omNode-3-AppendLogResponseHandler: Failed appendEntries: org.apache.ratis.thirdparty.io.grpc.StatusRuntimeException: UNAVAILABLE: io exception
2022-10-18 21:56:51,014 [grpc-default-executor-3] INFO  leader.FollowerInfo (FollowerInfoImpl.java:lambda$new$0(48)) - omNode-1@group-523986131536->omNode-3: nextIndex: updateUnconditionally 209 -> 45
2022-10-18 21:56:51,016 [grpc-default-executor-2] WARN  server.GrpcLogAppender (LogUtils.java:warn(122)) - omNode-1@group-523986131536->omNode-3-AppendLogResponseHandler: Failed appendEntries: org.apache.ratis.thirdparty.io.grpc.StatusRuntimeException: UNAVAILABLE: io exception
2022-10-18 21:56:51,016 [grpc-default-executor-2] INFO  leader.FollowerInfo (FollowerInfoImpl.java:lambda$new$0(48)) - omNode-1@group-523986131536->omNode-3: nextIndex: updateUnconditionally 210 -> 45
2022-10-18 21:56:51,016 [grpc-default-executor-3] WARN  server.GrpcLogAppender (LogUtils.java:warn(122)) - omNode-1@group-523986131536->omNode-3-AppendLogResponseHandler: Failed appendEntries: org.apache.ratis.thirdparty.io.grpc.StatusRuntimeException: UNAVAILABLE: io exception
2022-10-18 21:56:51,016 [grpc-default-executor-3] INFO  leader.FollowerInfo (FollowerInfoImpl.java:lambda$new$0(48)) - omNode-1@group-523986131536->omNode-3: nextIndex: updateUnconditionally 210 -> 45
2022-10-18 21:56:51,017 [grpc-default-executor-0] WARN  server.GrpcLogAppender (LogUtils.java:warn(122)) - omNode-1@group-523986131536->omNode-3-AppendLogResponseHandler: Failed appendEntries: org.apache.ratis.thirdparty.io.grpc.StatusRuntimeException: UNAVAILABLE: io exception
2022-10-18 21:56:51,017 [grpc-default-executor-0] INFO  leader.FollowerInfo (FollowerInfoImpl.java:lambda$new$0(48)) - omNode-1@group-523986131536->omNode-3: nextIndex: updateUnconditionally 211 -> 45
2022-10-18 21:56:51,019 [grpc-default-executor-0] WARN  server.GrpcLogAppender (LogUtils.java:warn(122)) - omNode-1@group-523986131536->omNode-3-AppendLogResponseHandler: Failed appendEntries: org.apache.ratis.thirdparty.io.grpc.StatusRuntimeException: UNAVAILABLE: io exception
2022-10-18 21:56:51,019 [grpc-default-executor-0] INFO  leader.FollowerInfo (FollowerInfoImpl.java:lambda$new$0(48)) - omNode-1@group-523986131536->omNode-3: nextIndex: updateUnconditionally 211 -> 45
2022-10-18 21:56:51,020 [grpc-default-executor-2] WARN  server.GrpcLogAppender (LogUtils.java:warn(122)) - omNode-1@group-523986131536->omNode-3-AppendLogResponseHandler: Failed appendEntries: org.apache.ratis.thirdparty.io.grpc.StatusRuntimeException: UNAVAILABLE: io exception
2022-10-18 21:56:51,020 [grpc-default-executor-2] INFO  leader.FollowerInfo (FollowerInfoImpl.java:lambda$new$0(48)) - omNode-1@group-523986131536->omNode-3: nextIndex: updateUnconditionally 211 -> 45
2022-10-18 21:56:51,023 [grpc-default-executor-2] WARN  server.GrpcLogAppender (LogUtils.java:warn(122)) - omNode-1@group-523986131536->omNode-3-AppendLogResponseHandler: Failed appendEntries: org.apache.ratis.thirdparty.io.grpc.StatusRuntimeException: UNAVAILABLE: io exception
2022-10-18 21:56:51,023 [grpc-default-executor-2] INFO  leader.FollowerInfo (FollowerInfoImpl.java:lambda$new$0(48)) - omNode-1@group-523986131536->omNode-3: nextIndex: updateUnconditionally 212 -> 45
2022-10-18 21:56:51,024 [grpc-default-executor-2] WARN  server.GrpcLogAppender (LogUtils.java:warn(122)) - omNode-1@group-523986131536->omNode-3-AppendLogResponseHandler: Failed appendEntries: org.apache.ratis.thirdparty.io.grpc.StatusRuntimeException: UNAVAILABLE: io exception
2022-10-18 21:56:51,024 [grpc-default-executor-2] INFO  leader.FollowerInfo (FollowerInfoImpl.java:lambda$new$0(48)) - omNode-1@group-523986131536->omNode-3: nextIndex: updateUnconditionally 213 -> 45
2022-10-18 21:56:51,026 [grpc-default-executor-2] WARN  server.GrpcLogAppender (LogUtils.java:warn(122)) - omNode-1@group-523986131536->omNode-3-AppendLogResponseHandler: Failed appendEntries: org.apache.ratis.thirdparty.io.grpc.StatusRuntimeException: UNAVAILABLE: io exception
2022-10-18 21:56:51,027 [grpc-default-executor-2] INFO  leader.FollowerInfo (FollowerInfoImpl.java:lambda$new$0(48)) - omNode-1@group-523986131536->omNode-3: nextIndex: updateUnconditionally 213 -> 45
2022-10-18 21:56:51,027 [grpc-default-executor-3] WARN  server.GrpcLogAppender (LogUtils.java:warn(122)) - omNode-1@group-523986131536->omNode-3-AppendLogResponseHandler: Failed appendEntries: org.apache.ratis.thirdparty.io.grpc.StatusRuntimeException: UNAVAILABLE: io exception
2022-10-18 21:56:51,027 [grpc-default-executor-3] INFO  leader.FollowerInfo (FollowerInfoImpl.java:lambda$new$0(48)) - omNode-1@group-523986131536->omNode-3: nextIndex: updateUnconditionally 214 -> 45
2022-10-18 21:56:51,028 [grpc-default-executor-3] WARN  server.GrpcLogAppender (LogUtils.java:warn(122)) - omNode-1@group-523986131536->omNode-3-AppendLogResponseHandler: Failed appendEntries: org.apache.ratis.thirdparty.io.grpc.StatusRuntimeException: UNAVAILABLE: io exception
2022-10-18 21:56:51,028 [grpc-default-executor-3] INFO  leader.FollowerInfo (FollowerInfoImpl.java:lambda$new$0(48)) - omNode-1@group-523986131536->omNode-3: nextIndex: updateUnconditionally 214 -> 45
2022-10-18 21:56:51,030 [grpc-default-executor-2] WARN  server.GrpcLogAppender (LogUtils.java:warn(122)) - omNode-1@group-523986131536->omNode-3-AppendLogResponseHandler: Failed appendEntries: org.apache.ratis.thirdparty.io.grpc.StatusRuntimeException: UNAVAILABLE: io exception
2022-10-18 21:56:51,030 [grpc-default-executor-2] INFO  leader.FollowerInfo (FollowerInfoImpl.java:lambda$new$0(48)) - omNode-1@group-523986131536->omNode-3: nextIndex: updateUnconditionally 215 -> 45
2022-10-18 21:56:51,034 [grpc-default-executor-2] WARN  server.GrpcLogAppender (LogUtils.java:warn(122)) - omNode-1@group-523986131536->omNode-3-AppendLogResponseHandler: Failed appendEntries: org.apache.ratis.thirdparty.io.grpc.StatusRuntimeException: UNAVAILABLE: io exception
2022-10-18 21:56:51,034 [grpc-default-executor-2] INFO  leader.FollowerInfo (FollowerInfoImpl.java:lambda$new$0(48)) - omNode-1@group-523986131536->omNode-3: nextIndex: updateUnconditionally 216 -> 45
2022-10-18 21:56:51,036 [grpc-default-executor-2] WARN  server.GrpcLogAppender (LogUtils.java:warn(122)) - omNode-1@group-523986131536->omNode-3-AppendLogResponseHandler: Failed appendEntries: org.apache.ratis.thirdparty.io.grpc.StatusRuntimeException: UNAVAILABLE: io exception
2022-10-18 21:56:51,036 [grpc-default-executor-2] INFO  leader.FollowerInfo (FollowerInfoImpl.java:lambda$new$0(48)) - omNode-1@group-523986131536->omNode-3: nextIndex: updateUnconditionally 216 -> 45
2022-10-18 21:56:51,036 [grpc-default-executor-2] WARN  server.GrpcLogAppender (LogUtils.java:warn(122)) - omNode-1@group-523986131536->omNode-3-AppendLogResponseHandler: Failed appendEntries: org.apache.ratis.thirdparty.io.grpc.StatusRuntimeException: UNAVAILABLE: io exception
2022-10-18 21:56:51,037 [grpc-default-executor-2] INFO  leader.FollowerInfo (FollowerInfoImpl.java:lambda$new$0(48)) - omNode-1@group-523986131536->omNode-3: nextIndex: updateUnconditionally 217 -> 45
2022-10-18 21:56:51,038 [grpc-default-executor-3] WARN  server.GrpcLogAppender (LogUtils.java:warn(122)) - omNode-1@group-523986131536->omNode-3-AppendLogResponseHandler: Failed appendEntries: org.apache.ratis.thirdparty.io.grpc.StatusRuntimeException: UNAVAILABLE: io exception
2022-10-18 21:56:51,038 [grpc-default-executor-3] INFO  leader.FollowerInfo (FollowerInfoImpl.java:lambda$new$0(48)) - omNode-1@group-523986131536->omNode-3: nextIndex: updateUnconditionally 218 -> 45
2022-10-18 21:56:51,039 [grpc-default-executor-2] WARN  server.GrpcLogAppender (LogUtils.java:warn(122)) - omNode-1@group-523986131536->omNode-3-AppendLogResponseHandler: Failed appendEntries: org.apache.ratis.thirdparty.io.grpc.StatusRuntimeException: UNAVAILABLE: io exception
2022-10-18 21:56:51,039 [grpc-default-executor-2] INFO  leader.FollowerInfo (FollowerInfoImpl.java:lambda$new$0(48)) - omNode-1@group-523986131536->omNode-3: nextIndex: updateUnconditionally 218 -> 45
2022-10-18 21:56:51,041 [grpc-default-executor-2] WARN  server.GrpcLogAppender (LogUtils.java:warn(122)) - omNode-1@group-523986131536->omNode-3-AppendLogResponseHandler: Failed appendEntries: org.apache.ratis.thirdparty.io.grpc.StatusRuntimeException: UNAVAILABLE: io exception
2022-10-18 21:56:51,041 [grpc-default-executor-2] INFO  leader.FollowerInfo (FollowerInfoImpl.java:lambda$new$0(48)) - omNode-1@group-523986131536->omNode-3: nextIndex: updateUnconditionally 219 -> 45
2022-10-18 21:56:51,044 [grpc-default-executor-3] WARN  server.GrpcLogAppender (LogUtils.java:warn(122)) - omNode-1@group-523986131536->omNode-3-AppendLogResponseHandler: Failed appendEntries: org.apache.ratis.thirdparty.io.grpc.StatusRuntimeException: UNAVAILABLE: io exception
2022-10-18 21:56:51,044 [grpc-default-executor-3] INFO  leader.FollowerInfo (FollowerInfoImpl.java:lambda$new$0(48)) - omNode-1@group-523986131536->omNode-3: nextIndex: updateUnconditionally 220 -> 45
2022-10-18 21:56:51,045 [grpc-default-executor-2] WARN  server.GrpcLogAppender (LogUtils.java:warn(122)) - omNode-1@group-523986131536->omNode-3-AppendLogResponseHandler: Failed appendEntries: org.apache.ratis.thirdparty.io.grpc.StatusRuntimeException: UNAVAILABLE: io exception
2022-10-18 21:56:51,046 [grpc-default-executor-2] INFO  leader.FollowerInfo (FollowerInfoImpl.java:lambda$new$0(48)) - omNode-1@group-523986131536->omNode-3: nextIndex: updateUnconditionally 220 -> 45
2022-10-18 21:56:51,047 [grpc-default-executor-2] WARN  server.GrpcLogAppender (LogUtils.java:warn(122)) - omNode-1@group-523986131536->omNode-3-AppendLogResponseHandler: Failed appendEntries: org.apache.ratis.thirdparty.io.grpc.StatusRuntimeException: UNAVAILABLE: io exception
2022-10-18 21:56:51,047 [grpc-default-executor-2] INFO  leader.FollowerInfo (FollowerInfoImpl.java:lambda$new$0(48)) - omNode-1@group-523986131536->omNode-3: nextIndex: updateUnconditionally 221 -> 45
2022-10-18 21:56:51,048 [grpc-default-executor-2] WARN  server.GrpcLogAppender (LogUtils.java:warn(122)) - omNode-1@group-523986131536->omNode-3-AppendLogResponseHandler: Failed appendEntries: org.apache.ratis.thirdparty.io.grpc.StatusRuntimeException: UNAVAILABLE: io exception
2022-10-18 21:56:51,048 [grpc-default-executor-2] INFO  leader.FollowerInfo (FollowerInfoImpl.java:lambda$new$0(48)) - omNode-1@group-523986131536->omNode-3: nextIndex: updateUnconditionally 222 -> 45
2022-10-18 21:56:51,049 [grpc-default-executor-2] WARN  server.GrpcLogAppender (LogUtils.java:warn(122)) - omNode-1@group-523986131536->omNode-3-AppendLogResponseHandler: Failed appendEntries: org.apache.ratis.thirdparty.io.grpc.StatusRuntimeException: UNAVAILABLE: io exception
2022-10-18 21:56:51,049 [grpc-default-executor-2] INFO  leader.FollowerInfo (FollowerInfoImpl.java:lambda$new$0(48)) - omNode-1@group-523986131536->omNode-3: nextIndex: updateUnconditionally 222 -> 45
2022-10-18 21:56:51,051 [grpc-default-executor-2] WARN  server.GrpcLogAppender (LogUtils.java:warn(122)) - omNode-1@group-523986131536->omNode-3-AppendLogResponseHandler: Failed appendEntries: org.apache.ratis.thirdparty.io.grpc.StatusRuntimeException: UNAVAILABLE: io exception
2022-10-18 21:56:51,051 [grpc-default-executor-2] INFO  leader.FollowerInfo (FollowerInfoImpl.java:lambda$new$0(48)) - omNode-1@group-523986131536->omNode-3: nextIndex: updateUnconditionally 223 -> 45
2022-10-18 21:56:51,055 [grpc-default-executor-3] WARN  server.GrpcLogAppender (LogUtils.java:warn(122)) - omNode-1@group-523986131536->omNode-3-AppendLogResponseHandler: Failed appendEntries: org.apache.ratis.thirdparty.io.grpc.StatusRuntimeException: UNAVAILABLE: io exception
2022-10-18 21:56:51,055 [grpc-default-executor-3] INFO  leader.FollowerInfo (FollowerInfoImpl.java:lambda$new$0(48)) - omNode-1@group-523986131536->omNode-3: nextIndex: updateUnconditionally 224 -> 45
2022-10-18 21:56:51,058 [grpc-default-executor-3] WARN  server.GrpcLogAppender (LogUtils.java:warn(122)) - omNode-1@group-523986131536->omNode-3-AppendLogResponseHandler: Failed appendEntries: org.apache.ratis.thirdparty.io.grpc.StatusRuntimeException: UNAVAILABLE: io exception
2022-10-18 21:56:51,058 [grpc-default-executor-3] INFO  leader.FollowerInfo (FollowerInfoImpl.java:lambda$new$0(48)) - omNode-1@group-523986131536->omNode-3: nextIndex: updateUnconditionally 224 -> 45
2022-10-18 21:56:51,061 [grpc-default-executor-3] WARN  server.GrpcLogAppender (LogUtils.java:warn(122)) - omNode-1@group-523986131536->omNode-3-AppendLogResponseHandler: Failed appendEntries: org.apache.ratis.thirdparty.io.grpc.StatusRuntimeException: UNAVAILABLE: io exception
2022-10-18 21:56:51,061 [grpc-default-executor-3] INFO  leader.FollowerInfo (FollowerInfoImpl.java:lambda$new$0(48)) - omNode-1@group-523986131536->omNode-3: nextIndex: updateUnconditionally 226 -> 45
2022-10-18 21:56:51,062 [grpc-default-executor-2] WARN  server.GrpcLogAppender (LogUtils.java:warn(122)) - omNode-1@group-523986131536->omNode-3-AppendLogResponseHandler: Failed appendEntries: org.apache.ratis.thirdparty.io.grpc.StatusRuntimeException: UNAVAILABLE: io exception
2022-10-18 21:56:51,062 [grpc-default-executor-2] INFO  leader.FollowerInfo (FollowerInfoImpl.java:lambda$new$0(48)) - omNode-1@group-523986131536->omNode-3: nextIndex: updateUnconditionally 226 -> 45
2022-10-18 21:56:51,065 [grpc-default-executor-2] WARN  server.GrpcLogAppender (LogUtils.java:warn(122)) - omNode-1@group-523986131536->omNode-3-AppendLogResponseHandler: Failed appendEntries: org.apache.ratis.thirdparty.io.grpc.StatusRuntimeException: UNAVAILABLE: io exception
2022-10-18 21:56:51,065 [grpc-default-executor-2] INFO  leader.FollowerInfo (FollowerInfoImpl.java:lambda$new$0(48)) - omNode-1@group-523986131536->omNode-3: nextIndex: updateUnconditionally 227 -> 45
2022-10-18 21:56:51,066 [grpc-default-executor-2] WARN  server.GrpcLogAppender (LogUtils.java:warn(122)) - omNode-1@group-523986131536->omNode-3-AppendLogResponseHandler: Failed appendEntries: org.apache.ratis.thirdparty.io.grpc.StatusRuntimeException: UNAVAILABLE: io exception
2022-10-18 21:56:51,066 [grpc-default-executor-2] INFO  leader.FollowerInfo (FollowerInfoImpl.java:lambda$new$0(48)) - omNode-1@group-523986131536->omNode-3: nextIndex: updateUnconditionally 227 -> 45
2022-10-18 21:56:51,069 [grpc-default-executor-2] WARN  server.GrpcLogAppender (LogUtils.java:warn(122)) - omNode-1@group-523986131536->omNode-3-AppendLogResponseHandler: Failed appendEntries: org.apache.ratis.thirdparty.io.grpc.StatusRuntimeException: UNAVAILABLE: io exception
2022-10-18 21:56:51,070 [grpc-default-executor-2] INFO  leader.FollowerInfo (FollowerInfoImpl.java:lambda$new$0(48)) - omNode-1@group-523986131536->omNode-3: nextIndex: updateUnconditionally 228 -> 45
2022-10-18 21:56:51,070 [grpc-default-executor-2] WARN  server.GrpcLogAppender (LogUtils.java:warn(122)) - omNode-1@group-523986131536->omNode-3-AppendLogResponseHandler: Failed appendEntries: org.apache.ratis.thirdparty.io.grpc.StatusRuntimeException: UNAVAILABLE: io exception
2022-10-18 21:56:51,071 [grpc-default-executor-2] INFO  leader.FollowerInfo (FollowerInfoImpl.java:lambda$new$0(48)) - omNode-1@group-523986131536->omNode-3: nextIndex: updateUnconditionally 229 -> 45
2022-10-18 21:56:51,073 [grpc-default-executor-2] WARN  server.GrpcLogAppender (LogUtils.java:warn(122)) - omNode-1@group-523986131536->omNode-3-AppendLogResponseHandler: Failed appendEntries: org.apache.ratis.thirdparty.io.grpc.StatusRuntimeException: UNAVAILABLE: io exception
2022-10-18 21:56:51,073 [grpc-default-executor-2] INFO  leader.FollowerInfo (FollowerInfoImpl.java:lambda$new$0(48)) - omNode-1@group-523986131536->omNode-3: nextIndex: updateUnconditionally 229 -> 45
2022-10-18 21:56:51,075 [grpc-default-executor-3] WARN  server.GrpcLogAppender (LogUtils.java:warn(122)) - omNode-1@group-523986131536->omNode-3-AppendLogResponseHandler: Failed appendEntries: org.apache.ratis.thirdparty.io.grpc.StatusRuntimeException: UNAVAILABLE: io exception
2022-10-18 21:56:51,075 [grpc-default-executor-3] INFO  leader.FollowerInfo (FollowerInfoImpl.java:lambda$new$0(48)) - omNode-1@group-523986131536->omNode-3: nextIndex: updateUnconditionally 230 -> 45
2022-10-18 21:56:51,077 [grpc-default-executor-2] WARN  server.GrpcLogAppender (LogUtils.java:warn(122)) - omNode-1@group-523986131536->omNode-3-AppendLogResponseHandler: Failed appendEntries: org.apache.ratis.thirdparty.io.grpc.StatusRuntimeException: UNAVAILABLE: io exception
2022-10-18 21:56:51,077 [grpc-default-executor-2] INFO  leader.FollowerInfo (FollowerInfoImpl.java:lambda$new$0(48)) - omNode-1@group-523986131536->omNode-3: nextIndex: updateUnconditionally 231 -> 45
2022-10-18 21:56:51,081 [grpc-default-executor-2] WARN  server.GrpcLogAppender (LogUtils.java:warn(122)) - omNode-1@group-523986131536->omNode-3-AppendLogResponseHandler: Failed appendEntries: org.apache.ratis.thirdparty.io.grpc.StatusRuntimeException: UNAVAILABLE: io exception
2022-10-18 21:56:51,081 [grpc-default-executor-2] INFO  leader.FollowerInfo (FollowerInfoImpl.java:lambda$new$0(48)) - omNode-1@group-523986131536->omNode-3: nextIndex: updateUnconditionally 232 -> 45
2022-10-18 21:56:51,082 [grpc-default-executor-3] WARN  server.GrpcLogAppender (LogUtils.java:warn(122)) - omNode-1@group-523986131536->omNode-3-AppendLogResponseHandler: Failed appendEntries: org.apache.ratis.thirdparty.io.grpc.StatusRuntimeException: UNAVAILABLE: io exception
2022-10-18 21:56:51,082 [grpc-default-executor-3] INFO  leader.FollowerInfo (FollowerInfoImpl.java:lambda$new$0(48)) - omNode-1@group-523986131536->omNode-3: nextIndex: updateUnconditionally 232 -> 45
2022-10-18 21:56:51,084 [grpc-default-executor-3] WARN  server.GrpcLogAppender (LogUtils.java:warn(122)) - omNode-1@group-523986131536->omNode-3-AppendLogResponseHandler: Failed appendEntries: org.apache.ratis.thirdparty.io.grpc.StatusRuntimeException: UNAVAILABLE: io exception
2022-10-18 21:56:51,084 [grpc-default-executor-3] INFO  leader.FollowerInfo (FollowerInfoImpl.java:lambda$new$0(48)) - omNode-1@group-523986131536->omNode-3: nextIndex: updateUnconditionally 233 -> 45
2022-10-18 21:56:51,085 [grpc-default-executor-3] WARN  server.GrpcLogAppender (LogUtils.java:warn(122)) - omNode-1@group-523986131536->omNode-3-AppendLogResponseHandler: Failed appendEntries: org.apache.ratis.thirdparty.io.grpc.StatusRuntimeException: UNAVAILABLE: io exception
2022-10-18 21:56:51,085 [grpc-default-executor-3] INFO  leader.FollowerInfo (FollowerInfoImpl.java:lambda$new$0(48)) - omNode-1@group-523986131536->omNode-3: nextIndex: updateUnconditionally 234 -> 45
2022-10-18 21:56:51,088 [grpc-default-executor-3] WARN  server.GrpcLogAppender (LogUtils.java:warn(122)) - omNode-1@group-523986131536->omNode-3-AppendLogResponseHandler: Failed appendEntries: org.apache.ratis.thirdparty.io.grpc.StatusRuntimeException: UNAVAILABLE: io exception
2022-10-18 21:56:51,088 [grpc-default-executor-3] INFO  leader.FollowerInfo (FollowerInfoImpl.java:lambda$new$0(48)) - omNode-1@group-523986131536->omNode-3: nextIndex: updateUnconditionally 234 -> 45
2022-10-18 21:56:51,091 [grpc-default-executor-0] WARN  server.GrpcLogAppender (LogUtils.java:warn(122)) - omNode-1@group-523986131536->omNode-3-AppendLogResponseHandler: Failed appendEntries: org.apache.ratis.thirdparty.io.grpc.StatusRuntimeException: UNAVAILABLE: io exception
2022-10-18 21:56:51,091 [grpc-default-executor-0] INFO  leader.FollowerInfo (FollowerInfoImpl.java:lambda$new$0(48)) - omNode-1@group-523986131536->omNode-3: nextIndex: updateUnconditionally 235 -> 45
2022-10-18 21:56:51,092 [grpc-default-executor-3] WARN  server.GrpcLogAppender (LogUtils.java:warn(122)) - omNode-1@group-523986131536->omNode-3-AppendLogResponseHandler: Failed appendEntries: org.apache.ratis.thirdparty.io.grpc.StatusRuntimeException: UNAVAILABLE: io exception
2022-10-18 21:56:51,092 [grpc-default-executor-3] INFO  leader.FollowerInfo (FollowerInfoImpl.java:lambda$new$0(48)) - omNode-1@group-523986131536->omNode-3: nextIndex: updateUnconditionally 235 -> 45
2022-10-18 21:56:51,099 [grpc-default-executor-2] WARN  server.GrpcLogAppender (LogUtils.java:warn(122)) - omNode-1@group-523986131536->omNode-3-AppendLogResponseHandler: Failed appendEntries: org.apache.ratis.thirdparty.io.grpc.StatusRuntimeException: UNAVAILABLE: io exception
2022-10-18 21:56:51,099 [grpc-default-executor-2] INFO  leader.FollowerInfo (FollowerInfoImpl.java:lambda$new$0(48)) - omNode-1@group-523986131536->omNode-3: nextIndex: updateUnconditionally 236 -> 45
2022-10-18 21:56:51,102 [grpc-default-executor-2] WARN  server.GrpcLogAppender (LogUtils.java:warn(122)) - omNode-1@group-523986131536->omNode-3-AppendLogResponseHandler: Failed appendEntries: org.apache.ratis.thirdparty.io.grpc.StatusRuntimeException: UNAVAILABLE: io exception
2022-10-18 21:56:51,102 [grpc-default-executor-2] INFO  leader.FollowerInfo (FollowerInfoImpl.java:lambda$new$0(48)) - omNode-1@group-523986131536->omNode-3: nextIndex: updateUnconditionally 237 -> 45
2022-10-18 21:56:51,104 [grpc-default-executor-2] WARN  server.GrpcLogAppender (LogUtils.java:warn(122)) - omNode-1@group-523986131536->omNode-3-AppendLogResponseHandler: Failed appendEntries: org.apache.ratis.thirdparty.io.grpc.StatusRuntimeException: UNAVAILABLE: io exception
2022-10-18 21:56:51,104 [grpc-default-executor-2] INFO  leader.FollowerInfo (FollowerInfoImpl.java:lambda$new$0(48)) - omNode-1@group-523986131536->omNode-3: nextIndex: updateUnconditionally 237 -> 45
2022-10-18 21:56:51,104 [grpc-default-executor-3] WARN  server.GrpcLogAppender (LogUtils.java:warn(122)) - omNode-1@group-523986131536->omNode-3-AppendLogResponseHandler: Failed appendEntries: org.apache.ratis.thirdparty.io.grpc.StatusRuntimeException: UNAVAILABLE: io exception
2022-10-18 21:56:51,105 [grpc-default-executor-3] INFO  leader.FollowerInfo (FollowerInfoImpl.java:lambda$new$0(48)) - omNode-1@group-523986131536->omNode-3: nextIndex: updateUnconditionally 238 -> 45
2022-10-18 21:56:51,107 [grpc-default-executor-2] WARN  server.GrpcLogAppender (LogUtils.java:warn(122)) - omNode-1@group-523986131536->omNode-3-AppendLogResponseHandler: Failed appendEntries: org.apache.ratis.thirdparty.io.grpc.StatusRuntimeException: UNAVAILABLE: io exception
2022-10-18 21:56:51,107 [grpc-default-executor-2] INFO  leader.FollowerInfo (FollowerInfoImpl.java:lambda$new$0(48)) - omNode-1@group-523986131536->omNode-3: nextIndex: updateUnconditionally 238 -> 45
2022-10-18 21:56:51,110 [grpc-default-executor-2] WARN  server.GrpcLogAppender (LogUtils.java:warn(122)) - omNode-1@group-523986131536->omNode-3-AppendLogResponseHandler: Failed appendEntries: org.apache.ratis.thirdparty.io.grpc.StatusRuntimeException: UNAVAILABLE: io exception
2022-10-18 21:56:51,110 [grpc-default-executor-2] INFO  leader.FollowerInfo (FollowerInfoImpl.java:lambda$new$0(48)) - omNode-1@group-523986131536->omNode-3: nextIndex: updateUnconditionally 239 -> 45
2022-10-18 21:56:51,114 [grpc-default-executor-3] WARN  server.GrpcLogAppender (LogUtils.java:warn(122)) - omNode-1@group-523986131536->omNode-3-AppendLogResponseHandler: Failed appendEntries: org.apache.ratis.thirdparty.io.grpc.StatusRuntimeException: UNAVAILABLE: io exception
2022-10-18 21:56:51,115 [grpc-default-executor-3] INFO  leader.FollowerInfo (FollowerInfoImpl.java:lambda$new$0(48)) - omNode-1@group-523986131536->omNode-3: nextIndex: updateUnconditionally 240 -> 45
2022-10-18 21:56:51,116 [grpc-default-executor-2] WARN  server.GrpcLogAppender (LogUtils.java:warn(122)) - omNode-1@group-523986131536->omNode-3-AppendLogResponseHandler: Failed appendEntries: org.apache.ratis.thirdparty.io.grpc.StatusRuntimeException: UNAVAILABLE: io exception
2022-10-18 21:56:51,116 [grpc-default-executor-2] INFO  leader.FollowerInfo (FollowerInfoImpl.java:lambda$new$0(48)) - omNode-1@group-523986131536->omNode-3: nextIndex: updateUnconditionally 240 -> 45
2022-10-18 21:56:51,120 [grpc-default-executor-2] WARN  server.GrpcLogAppender (LogUtils.java:warn(122)) - omNode-1@group-523986131536->omNode-3-AppendLogResponseHandler: Failed appendEntries: org.apache.ratis.thirdparty.io.grpc.StatusRuntimeException: UNAVAILABLE: io exception
2022-10-18 21:56:51,121 [grpc-default-executor-2] INFO  leader.FollowerInfo (FollowerInfoImpl.java:lambda$new$0(48)) - omNode-1@group-523986131536->omNode-3: nextIndex: updateUnconditionally 242 -> 45
2022-10-18 21:56:51,122 [grpc-default-executor-3] WARN  server.GrpcLogAppender (LogUtils.java:warn(122)) - omNode-1@group-523986131536->omNode-3-AppendLogResponseHandler: Failed appendEntries: org.apache.ratis.thirdparty.io.grpc.StatusRuntimeException: UNAVAILABLE: io exception
2022-10-18 21:56:51,122 [grpc-default-executor-3] INFO  leader.FollowerInfo (FollowerInfoImpl.java:lambda$new$0(48)) - omNode-1@group-523986131536->omNode-3: nextIndex: updateUnconditionally 242 -> 45
2022-10-18 21:56:51,123 [grpc-default-executor-3] WARN  server.GrpcLogAppender (LogUtils.java:warn(122)) - omNode-1@group-523986131536->omNode-3-AppendLogResponseHandler: Failed appendEntries: org.apache.ratis.thirdparty.io.grpc.StatusRuntimeException: UNAVAILABLE: io exception
2022-10-18 21:56:51,123 [grpc-default-executor-3] INFO  leader.FollowerInfo (FollowerInfoImpl.java:lambda$new$0(48)) - omNode-1@group-523986131536->omNode-3: nextIndex: updateUnconditionally 243 -> 45
2022-10-18 21:56:51,126 [grpc-default-executor-3] WARN  server.GrpcLogAppender (LogUtils.java:warn(122)) - omNode-1@group-523986131536->omNode-3-AppendLogResponseHandler: Failed appendEntries: org.apache.ratis.thirdparty.io.grpc.StatusRuntimeException: UNAVAILABLE: io exception
2022-10-18 21:56:51,126 [grpc-default-executor-3] INFO  leader.FollowerInfo (FollowerInfoImpl.java:lambda$new$0(48)) - omNode-1@group-523986131536->omNode-3: nextIndex: updateUnconditionally 243 -> 45
2022-10-18 21:56:51,131 [grpc-default-executor-3] WARN  server.GrpcLogAppender (LogUtils.java:warn(122)) - omNode-1@group-523986131536->omNode-3-AppendLogResponseHandler: Failed appendEntries: org.apache.ratis.thirdparty.io.grpc.StatusRuntimeException: UNAVAILABLE: io exception
2022-10-18 21:56:51,131 [grpc-default-executor-3] INFO  leader.FollowerInfo (FollowerInfoImpl.java:lambda$new$0(48)) - omNode-1@group-523986131536->omNode-3: nextIndex: updateUnconditionally 244 -> 45
2022-10-18 21:56:51,132 [grpc-default-executor-3] WARN  server.GrpcLogAppender (LogUtils.java:warn(122)) - omNode-1@group-523986131536->omNode-3-AppendLogResponseHandler: Failed appendEntries: org.apache.ratis.thirdparty.io.grpc.StatusRuntimeException: UNAVAILABLE: io exception
2022-10-18 21:56:51,132 [grpc-default-executor-3] INFO  leader.FollowerInfo (FollowerInfoImpl.java:lambda$new$0(48)) - omNode-1@group-523986131536->omNode-3: nextIndex: updateUnconditionally 244 -> 45
2022-10-18 21:56:51,135 [grpc-default-executor-2] WARN  server.GrpcLogAppender (LogUtils.java:warn(122)) - omNode-1@group-523986131536->omNode-3-AppendLogResponseHandler: Failed appendEntries: org.apache.ratis.thirdparty.io.grpc.StatusRuntimeException: UNAVAILABLE: io exception
2022-10-18 21:56:51,135 [grpc-default-executor-2] INFO  leader.FollowerInfo (FollowerInfoImpl.java:lambda$new$0(48)) - omNode-1@group-523986131536->omNode-3: nextIndex: updateUnconditionally 245 -> 45
2022-10-18 21:56:51,136 [grpc-default-executor-2] WARN  server.GrpcLogAppender (LogUtils.java:warn(122)) - omNode-1@group-523986131536->omNode-3-AppendLogResponseHandler: Failed appendEntries: org.apache.ratis.thirdparty.io.grpc.StatusRuntimeException: UNAVAILABLE: io exception
2022-10-18 21:56:51,136 [grpc-default-executor-2] INFO  leader.FollowerInfo (FollowerInfoImpl.java:lambda$new$0(48)) - omNode-1@group-523986131536->omNode-3: nextIndex: updateUnconditionally 246 -> 45
2022-10-18 21:56:51,138 [grpc-default-executor-3] WARN  server.GrpcLogAppender (LogUtils.java:warn(122)) - omNode-1@group-523986131536->omNode-3-AppendLogResponseHandler: Failed appendEntries: org.apache.ratis.thirdparty.io.grpc.StatusRuntimeException: UNAVAILABLE: io exception
2022-10-18 21:56:51,138 [grpc-default-executor-3] INFO  leader.FollowerInfo (FollowerInfoImpl.java:lambda$new$0(48)) - omNode-1@group-523986131536->omNode-3: nextIndex: updateUnconditionally 246 -> 45
2022-10-18 21:56:51,140 [grpc-default-executor-3] WARN  server.GrpcLogAppender (LogUtils.java:warn(122)) - omNode-1@group-523986131536->omNode-3-AppendLogResponseHandler: Failed appendEntries: org.apache.ratis.thirdparty.io.grpc.StatusRuntimeException: UNAVAILABLE: io exception
2022-10-18 21:56:51,140 [grpc-default-executor-3] INFO  leader.FollowerInfo (FollowerInfoImpl.java:lambda$new$0(48)) - omNode-1@group-523986131536->omNode-3: nextIndex: updateUnconditionally 247 -> 45
2022-10-18 21:56:51,147 [grpc-default-executor-3] WARN  server.GrpcLogAppender (LogUtils.java:warn(122)) - omNode-1@group-523986131536->omNode-3-AppendLogResponseHandler: Failed appendEntries: org.apache.ratis.thirdparty.io.grpc.StatusRuntimeException: UNAVAILABLE: io exception
2022-10-18 21:56:51,147 [grpc-default-executor-3] INFO  leader.FollowerInfo (FollowerInfoImpl.java:lambda$new$0(48)) - omNode-1@group-523986131536->omNode-3: nextIndex: updateUnconditionally 248 -> 45
2022-10-18 21:56:51,148 [grpc-default-executor-2] WARN  server.GrpcLogAppender (LogUtils.java:warn(122)) - omNode-1@group-523986131536->omNode-3-AppendLogResponseHandler: Failed appendEntries: org.apache.ratis.thirdparty.io.grpc.StatusRuntimeException: UNAVAILABLE: io exception
2022-10-18 21:56:51,148 [grpc-default-executor-2] INFO  leader.FollowerInfo (FollowerInfoImpl.java:lambda$new$0(48)) - omNode-1@group-523986131536->omNode-3: nextIndex: updateUnconditionally 249 -> 45
2022-10-18 21:56:51,150 [grpc-default-executor-2] WARN  server.GrpcLogAppender (LogUtils.java:warn(122)) - omNode-1@group-523986131536->omNode-3-AppendLogResponseHandler: Failed appendEntries: org.apache.ratis.thirdparty.io.grpc.StatusRuntimeException: UNAVAILABLE: io exception
2022-10-18 21:56:51,150 [grpc-default-executor-2] INFO  leader.FollowerInfo (FollowerInfoImpl.java:lambda$new$0(48)) - omNode-1@group-523986131536->omNode-3: nextIndex: updateUnconditionally 249 -> 45
2022-10-18 21:56:51,152 [grpc-default-executor-3] WARN  server.GrpcLogAppender (LogUtils.java:warn(122)) - omNode-1@group-523986131536->omNode-3-AppendLogResponseHandler: Failed appendEntries: org.apache.ratis.thirdparty.io.grpc.StatusRuntimeException: UNAVAILABLE: io exception
2022-10-18 21:56:51,152 [grpc-default-executor-3] INFO  leader.FollowerInfo (FollowerInfoImpl.java:lambda$new$0(48)) - omNode-1@group-523986131536->omNode-3: nextIndex: updateUnconditionally 250 -> 45
2022-10-18 21:56:51,153 [grpc-default-executor-2] WARN  server.GrpcLogAppender (LogUtils.java:warn(122)) - omNode-1@group-523986131536->omNode-3-AppendLogResponseHandler: Failed appendEntries: org.apache.ratis.thirdparty.io.grpc.StatusRuntimeException: UNAVAILABLE: io exception
2022-10-18 21:56:51,154 [grpc-default-executor-2] INFO  leader.FollowerInfo (FollowerInfoImpl.java:lambda$new$0(48)) - omNode-1@group-523986131536->omNode-3: nextIndex: updateUnconditionally 251 -> 45
2022-10-18 21:56:51,156 [omNode-1@group-523986131536-StateMachineUpdater] INFO  ratis.OzoneManagerStateMachine (OzoneManagerStateMachine.java:takeSnapshot(441)) - Current Snapshot Index (t:1, i:250)
2022-10-18 21:56:51,156 [omNode-1@group-523986131536-StateMachineUpdater] INFO  impl.StateMachineUpdater (StateMachineUpdater.java:takeSnapshot(287)) - omNode-1@group-523986131536-StateMachineUpdater: Took a snapshot at index 250
2022-10-18 21:56:51,156 [omNode-1@group-523986131536-StateMachineUpdater] INFO  impl.StateMachineUpdater (StateMachineUpdater.java:lambda$new$0(92)) - omNode-1@group-523986131536-StateMachineUpdater: snapshotIndex: updateIncreasingly 200 -> 250
2022-10-18 21:56:51,156 [grpc-default-executor-3] WARN  server.GrpcLogAppender (LogUtils.java:warn(122)) - omNode-1@group-523986131536->omNode-3-AppendLogResponseHandler: Failed appendEntries: org.apache.ratis.thirdparty.io.grpc.StatusRuntimeException: UNAVAILABLE: io exception
2022-10-18 21:56:51,156 [omNode-1@group-523986131536-StateMachineUpdater] INFO  raftlog.RaftLog (RaftLogBase.java:purge(308)) - omNode-1@group-523986131536-SegmentedRaftLog: purge 250
2022-10-18 21:56:51,156 [omNode-1@group-523986131536-StateMachineUpdater] INFO  raftlog.RaftLog (RaftLogBase.java:lambda$new$0(53)) - omNode-1@group-523986131536-SegmentedRaftLog: snapshotIndex: updateIncreasingly 200 -> 250
2022-10-18 21:56:51,156 [omNode-1@group-523986131536-StateMachineUpdater] INFO  raftlog.RaftLog (RaftLogBase.java:lambda$new$0(53)) - omNode-1@group-523986131536-SegmentedRaftLog: purgeIndex: updateToMax old=200, new=250, updated? true
2022-10-18 21:56:51,156 [grpc-default-executor-3] INFO  leader.FollowerInfo (FollowerInfoImpl.java:lambda$new$0(48)) - omNode-1@group-523986131536->omNode-3: nextIndex: updateUnconditionally 251 -> 45
2022-10-18 21:56:51,163 [grpc-default-executor-2] WARN  server.GrpcLogAppender (LogUtils.java:warn(122)) - omNode-1@group-523986131536->omNode-3-AppendLogResponseHandler: Failed appendEntries: org.apache.ratis.thirdparty.io.grpc.StatusRuntimeException: UNAVAILABLE: io exception
2022-10-18 21:56:51,163 [omNode-2@group-523986131536-StateMachineUpdater] INFO  ratis.OzoneManagerStateMachine (OzoneManagerStateMachine.java:takeSnapshot(441)) - Current Snapshot Index (t:1, i:250)
2022-10-18 21:56:51,163 [grpc-default-executor-2] INFO  leader.FollowerInfo (FollowerInfoImpl.java:lambda$new$0(48)) - omNode-1@group-523986131536->omNode-3: nextIndex: updateUnconditionally 252 -> 45
2022-10-18 21:56:51,163 [omNode-2@group-523986131536-StateMachineUpdater] INFO  impl.StateMachineUpdater (StateMachineUpdater.java:takeSnapshot(287)) - omNode-2@group-523986131536-StateMachineUpdater: Took a snapshot at index 250
2022-10-18 21:56:51,163 [omNode-2@group-523986131536-StateMachineUpdater] INFO  impl.StateMachineUpdater (StateMachineUpdater.java:lambda$new$0(92)) - omNode-2@group-523986131536-StateMachineUpdater: snapshotIndex: updateIncreasingly 200 -> 250
2022-10-18 21:56:51,163 [omNode-2@group-523986131536-StateMachineUpdater] INFO  raftlog.RaftLog (RaftLogBase.java:purge(308)) - omNode-2@group-523986131536-SegmentedRaftLog: purge 250
2022-10-18 21:56:51,164 [omNode-2@group-523986131536-StateMachineUpdater] INFO  raftlog.RaftLog (RaftLogBase.java:lambda$new$0(53)) - omNode-2@group-523986131536-SegmentedRaftLog: snapshotIndex: updateIncreasingly 200 -> 250
2022-10-18 21:56:51,164 [omNode-2@group-523986131536-StateMachineUpdater] INFO  raftlog.RaftLog (RaftLogBase.java:lambda$new$0(53)) - omNode-2@group-523986131536-SegmentedRaftLog: purgeIndex: updateToMax old=200, new=250, updated? true
2022-10-18 21:56:51,165 [grpc-default-executor-3] WARN  server.GrpcLogAppender (LogUtils.java:warn(122)) - omNode-1@group-523986131536->omNode-3-AppendLogResponseHandler: Failed appendEntries: org.apache.ratis.thirdparty.io.grpc.StatusRuntimeException: UNAVAILABLE: io exception
2022-10-18 21:56:51,165 [grpc-default-executor-3] INFO  leader.FollowerInfo (FollowerInfoImpl.java:lambda$new$0(48)) - omNode-1@group-523986131536->omNode-3: nextIndex: updateUnconditionally 253 -> 45
2022-10-18 21:56:51,167 [grpc-default-executor-3] WARN  server.GrpcLogAppender (LogUtils.java:warn(122)) - omNode-1@group-523986131536->omNode-3-AppendLogResponseHandler: Failed appendEntries: org.apache.ratis.thirdparty.io.grpc.StatusRuntimeException: UNAVAILABLE: io exception
2022-10-18 21:56:51,167 [grpc-default-executor-3] INFO  leader.FollowerInfo (FollowerInfoImpl.java:lambda$new$0(48)) - omNode-1@group-523986131536->omNode-3: nextIndex: updateUnconditionally 253 -> 45
2022-10-18 21:56:51,169 [grpc-default-executor-3] WARN  server.GrpcLogAppender (LogUtils.java:warn(122)) - omNode-1@group-523986131536->omNode-3-AppendLogResponseHandler: Failed appendEntries: org.apache.ratis.thirdparty.io.grpc.StatusRuntimeException: UNAVAILABLE: io exception
2022-10-18 21:56:51,169 [grpc-default-executor-3] INFO  leader.FollowerInfo (FollowerInfoImpl.java:lambda$new$0(48)) - omNode-1@group-523986131536->omNode-3: nextIndex: updateUnconditionally 254 -> 45
2022-10-18 21:56:51,171 [grpc-default-executor-3] WARN  server.GrpcLogAppender (LogUtils.java:warn(122)) - omNode-1@group-523986131536->omNode-3-AppendLogResponseHandler: Failed appendEntries: org.apache.ratis.thirdparty.io.grpc.StatusRuntimeException: UNAVAILABLE: io exception
2022-10-18 21:56:51,171 [grpc-default-executor-3] INFO  leader.FollowerInfo (FollowerInfoImpl.java:lambda$new$0(48)) - omNode-1@group-523986131536->omNode-3: nextIndex: updateUnconditionally 255 -> 45
2022-10-18 21:56:51,173 [grpc-default-executor-3] WARN  server.GrpcLogAppender (LogUtils.java:warn(122)) - omNode-1@group-523986131536->omNode-3-AppendLogResponseHandler: Failed appendEntries: org.apache.ratis.thirdparty.io.grpc.StatusRuntimeException: UNAVAILABLE: io exception
2022-10-18 21:56:51,173 [grpc-default-executor-3] INFO  leader.FollowerInfo (FollowerInfoImpl.java:lambda$new$0(48)) - omNode-1@group-523986131536->omNode-3: nextIndex: updateUnconditionally 255 -> 45
2022-10-18 21:56:51,194 [grpc-default-executor-3] WARN  server.GrpcLogAppender (LogUtils.java:warn(122)) - omNode-1@group-523986131536->omNode-3-AppendLogResponseHandler: Failed appendEntries: org.apache.ratis.thirdparty.io.grpc.StatusRuntimeException: UNAVAILABLE: io exception
2022-10-18 21:56:51,194 [grpc-default-executor-3] INFO  leader.FollowerInfo (FollowerInfoImpl.java:lambda$new$0(48)) - omNode-1@group-523986131536->omNode-3: nextIndex: updateUnconditionally 256 -> 45
2022-10-18 21:56:51,197 [grpc-default-executor-2] WARN  server.GrpcLogAppender (LogUtils.java:warn(122)) - omNode-1@group-523986131536->omNode-3-AppendLogResponseHandler: Failed appendEntries: org.apache.ratis.thirdparty.io.grpc.StatusRuntimeException: UNAVAILABLE: io exception
2022-10-18 21:56:51,197 [grpc-default-executor-2] INFO  leader.FollowerInfo (FollowerInfoImpl.java:lambda$new$0(48)) - omNode-1@group-523986131536->omNode-3: nextIndex: updateUnconditionally 256 -> 45
2022-10-18 21:56:51,199 [grpc-default-executor-2] WARN  server.GrpcLogAppender (LogUtils.java:warn(122)) - omNode-1@group-523986131536->omNode-3-AppendLogResponseHandler: Failed appendEntries: org.apache.ratis.thirdparty.io.grpc.StatusRuntimeException: UNAVAILABLE: io exception
2022-10-18 21:56:51,199 [grpc-default-executor-2] INFO  leader.FollowerInfo (FollowerInfoImpl.java:lambda$new$0(48)) - omNode-1@group-523986131536->omNode-3: nextIndex: updateUnconditionally 257 -> 45
2022-10-18 21:56:51,202 [grpc-default-executor-3] WARN  server.GrpcLogAppender (LogUtils.java:warn(122)) - omNode-1@group-523986131536->omNode-3-AppendLogResponseHandler: Failed appendEntries: org.apache.ratis.thirdparty.io.grpc.StatusRuntimeException: UNAVAILABLE: io exception
2022-10-18 21:56:51,202 [grpc-default-executor-3] INFO  leader.FollowerInfo (FollowerInfoImpl.java:lambda$new$0(48)) - omNode-1@group-523986131536->omNode-3: nextIndex: updateUnconditionally 257 -> 45
2022-10-18 21:56:51,203 [grpc-default-executor-3] WARN  server.GrpcLogAppender (LogUtils.java:warn(122)) - omNode-1@group-523986131536->omNode-3-AppendLogResponseHandler: Failed appendEntries: org.apache.ratis.thirdparty.io.grpc.StatusRuntimeException: UNAVAILABLE: io exception
2022-10-18 21:56:51,203 [grpc-default-executor-3] INFO  leader.FollowerInfo (FollowerInfoImpl.java:lambda$new$0(48)) - omNode-1@group-523986131536->omNode-3: nextIndex: updateUnconditionally 258 -> 45
2022-10-18 21:56:51,206 [grpc-default-executor-2] WARN  server.GrpcLogAppender (LogUtils.java:warn(122)) - omNode-1@group-523986131536->omNode-3-AppendLogResponseHandler: Failed appendEntries: org.apache.ratis.thirdparty.io.grpc.StatusRuntimeException: UNAVAILABLE: io exception
2022-10-18 21:56:51,206 [grpc-default-executor-2] INFO  leader.FollowerInfo (FollowerInfoImpl.java:lambda$new$0(48)) - omNode-1@group-523986131536->omNode-3: nextIndex: updateUnconditionally 259 -> 45
2022-10-18 21:56:51,207 [grpc-default-executor-3] WARN  server.GrpcLogAppender (LogUtils.java:warn(122)) - omNode-1@group-523986131536->omNode-3-AppendLogResponseHandler: Failed appendEntries: org.apache.ratis.thirdparty.io.grpc.StatusRuntimeException: UNAVAILABLE: io exception
2022-10-18 21:56:51,207 [grpc-default-executor-3] INFO  leader.FollowerInfo (FollowerInfoImpl.java:lambda$new$0(48)) - omNode-1@group-523986131536->omNode-3: nextIndex: updateUnconditionally 259 -> 45
2022-10-18 21:56:51,215 [grpc-default-executor-3] WARN  server.GrpcLogAppender (LogUtils.java:warn(122)) - omNode-1@group-523986131536->omNode-3-AppendLogResponseHandler: Failed appendEntries: org.apache.ratis.thirdparty.io.grpc.StatusRuntimeException: UNAVAILABLE: io exception
2022-10-18 21:56:51,215 [grpc-default-executor-3] INFO  leader.FollowerInfo (FollowerInfoImpl.java:lambda$new$0(48)) - omNode-1@group-523986131536->omNode-3: nextIndex: updateUnconditionally 260 -> 45
2022-10-18 21:56:51,217 [grpc-default-executor-3] WARN  server.GrpcLogAppender (LogUtils.java:warn(122)) - omNode-1@group-523986131536->omNode-3-AppendLogResponseHandler: Failed appendEntries: org.apache.ratis.thirdparty.io.grpc.StatusRuntimeException: UNAVAILABLE: io exception
2022-10-18 21:56:51,217 [grpc-default-executor-3] INFO  leader.FollowerInfo (FollowerInfoImpl.java:lambda$new$0(48)) - omNode-1@group-523986131536->omNode-3: nextIndex: updateUnconditionally 260 -> 45
2022-10-18 21:56:51,219 [grpc-default-executor-3] WARN  server.GrpcLogAppender (LogUtils.java:warn(122)) - omNode-1@group-523986131536->omNode-3-AppendLogResponseHandler: Failed appendEntries: org.apache.ratis.thirdparty.io.grpc.StatusRuntimeException: UNAVAILABLE: io exception
2022-10-18 21:56:51,220 [grpc-default-executor-3] INFO  leader.FollowerInfo (FollowerInfoImpl.java:lambda$new$0(48)) - omNode-1@group-523986131536->omNode-3: nextIndex: updateUnconditionally 262 -> 45
2022-10-18 21:56:51,221 [grpc-default-executor-2] WARN  server.GrpcLogAppender (LogUtils.java:warn(122)) - omNode-1@group-523986131536->omNode-3-AppendLogResponseHandler: Failed appendEntries: org.apache.ratis.thirdparty.io.grpc.StatusRuntimeException: UNAVAILABLE: io exception
2022-10-18 21:56:51,221 [grpc-default-executor-2] INFO  leader.FollowerInfo (FollowerInfoImpl.java:lambda$new$0(48)) - omNode-1@group-523986131536->omNode-3: nextIndex: updateUnconditionally 263 -> 45
2022-10-18 21:56:51,224 [grpc-default-executor-2] WARN  server.GrpcLogAppender (LogUtils.java:warn(122)) - omNode-1@group-523986131536->omNode-3-AppendLogResponseHandler: Failed appendEntries: org.apache.ratis.thirdparty.io.grpc.StatusRuntimeException: UNAVAILABLE: io exception
2022-10-18 21:56:51,224 [grpc-default-executor-2] INFO  leader.FollowerInfo (FollowerInfoImpl.java:lambda$new$0(48)) - omNode-1@group-523986131536->omNode-3: nextIndex: updateUnconditionally 263 -> 45
2022-10-18 21:56:51,229 [grpc-default-executor-3] WARN  server.GrpcLogAppender (LogUtils.java:warn(122)) - omNode-1@group-523986131536->omNode-3-AppendLogResponseHandler: Failed appendEntries: org.apache.ratis.thirdparty.io.grpc.StatusRuntimeException: UNAVAILABLE: io exception
2022-10-18 21:56:51,229 [grpc-default-executor-3] INFO  leader.FollowerInfo (FollowerInfoImpl.java:lambda$new$0(48)) - omNode-1@group-523986131536->omNode-3: nextIndex: updateUnconditionally 264 -> 45
2022-10-18 21:56:51,230 [grpc-default-executor-3] WARN  server.GrpcLogAppender (LogUtils.java:warn(122)) - omNode-1@group-523986131536->omNode-3-AppendLogResponseHandler: Failed appendEntries: org.apache.ratis.thirdparty.io.grpc.StatusRuntimeException: UNAVAILABLE: io exception
2022-10-18 21:56:51,230 [grpc-default-executor-3] INFO  leader.FollowerInfo (FollowerInfoImpl.java:lambda$new$0(48)) - omNode-1@group-523986131536->omNode-3: nextIndex: updateUnconditionally 264 -> 45
2022-10-18 21:56:51,233 [grpc-default-executor-2] WARN  server.GrpcLogAppender (LogUtils.java:warn(122)) - omNode-1@group-523986131536->omNode-3-AppendLogResponseHandler: Failed appendEntries: org.apache.ratis.thirdparty.io.grpc.StatusRuntimeException: UNAVAILABLE: io exception
2022-10-18 21:56:51,233 [grpc-default-executor-2] INFO  leader.FollowerInfo (FollowerInfoImpl.java:lambda$new$0(48)) - omNode-1@group-523986131536->omNode-3: nextIndex: updateUnconditionally 265 -> 45
2022-10-18 21:56:51,234 [grpc-default-executor-0] WARN  server.GrpcLogAppender (LogUtils.java:warn(122)) - omNode-1@group-523986131536->omNode-3-AppendLogResponseHandler: Failed appendEntries: org.apache.ratis.thirdparty.io.grpc.StatusRuntimeException: UNAVAILABLE: io exception
2022-10-18 21:56:51,235 [grpc-default-executor-0] INFO  leader.FollowerInfo (FollowerInfoImpl.java:lambda$new$0(48)) - omNode-1@group-523986131536->omNode-3: nextIndex: updateUnconditionally 266 -> 45
2022-10-18 21:56:51,235 [grpc-default-executor-0] WARN  server.GrpcLogAppender (LogUtils.java:warn(122)) - omNode-1@group-523986131536->omNode-3-AppendLogResponseHandler: Failed appendEntries: org.apache.ratis.thirdparty.io.grpc.StatusRuntimeException: UNAVAILABLE: io exception
2022-10-18 21:56:51,235 [grpc-default-executor-0] INFO  leader.FollowerInfo (FollowerInfoImpl.java:lambda$new$0(48)) - omNode-1@group-523986131536->omNode-3: nextIndex: updateUnconditionally 266 -> 45
2022-10-18 21:56:51,240 [grpc-default-executor-0] WARN  server.GrpcLogAppender (LogUtils.java:warn(122)) - omNode-1@group-523986131536->omNode-3-AppendLogResponseHandler: Failed appendEntries: org.apache.ratis.thirdparty.io.grpc.StatusRuntimeException: UNAVAILABLE: io exception
2022-10-18 21:56:51,240 [grpc-default-executor-0] INFO  leader.FollowerInfo (FollowerInfoImpl.java:lambda$new$0(48)) - omNode-1@group-523986131536->omNode-3: nextIndex: updateUnconditionally 266 -> 45
2022-10-18 21:56:51,242 [grpc-default-executor-3] WARN  server.GrpcLogAppender (LogUtils.java:warn(122)) - omNode-1@group-523986131536->omNode-3-AppendLogResponseHandler: Failed appendEntries: org.apache.ratis.thirdparty.io.grpc.StatusRuntimeException: UNAVAILABLE: io exception
2022-10-18 21:56:51,242 [grpc-default-executor-3] INFO  leader.FollowerInfo (FollowerInfoImpl.java:lambda$new$0(48)) - omNode-1@group-523986131536->omNode-3: nextIndex: updateUnconditionally 267 -> 45
2022-10-18 21:56:51,245 [grpc-default-executor-0] WARN  server.GrpcLogAppender (LogUtils.java:warn(122)) - omNode-1@group-523986131536->omNode-3-AppendLogResponseHandler: Failed appendEntries: org.apache.ratis.thirdparty.io.grpc.StatusRuntimeException: UNAVAILABLE: io exception
2022-10-18 21:56:51,245 [grpc-default-executor-0] INFO  leader.FollowerInfo (FollowerInfoImpl.java:lambda$new$0(48)) - omNode-1@group-523986131536->omNode-3: nextIndex: updateUnconditionally 268 -> 45
2022-10-18 21:56:51,246 [grpc-default-executor-0] WARN  server.GrpcLogAppender (LogUtils.java:warn(122)) - omNode-1@group-523986131536->omNode-3-AppendLogResponseHandler: Failed appendEntries: org.apache.ratis.thirdparty.io.grpc.StatusRuntimeException: UNAVAILABLE: io exception
2022-10-18 21:56:51,246 [grpc-default-executor-0] INFO  leader.FollowerInfo (FollowerInfoImpl.java:lambda$new$0(48)) - omNode-1@group-523986131536->omNode-3: nextIndex: updateUnconditionally 268 -> 45
2022-10-18 21:56:51,247 [grpc-default-executor-0] WARN  server.GrpcLogAppender (LogUtils.java:warn(122)) - omNode-1@group-523986131536->omNode-3-AppendLogResponseHandler: Failed appendEntries: org.apache.ratis.thirdparty.io.grpc.StatusRuntimeException: UNAVAILABLE: io exception
2022-10-18 21:56:51,247 [grpc-default-executor-0] INFO  leader.FollowerInfo (FollowerInfoImpl.java:lambda$new$0(48)) - omNode-1@group-523986131536->omNode-3: nextIndex: updateUnconditionally 269 -> 45
2022-10-18 21:56:51,248 [grpc-default-executor-0] WARN  server.GrpcLogAppender (LogUtils.java:warn(122)) - omNode-1@group-523986131536->omNode-3-AppendLogResponseHandler: Failed appendEntries: org.apache.ratis.thirdparty.io.grpc.StatusRuntimeException: UNAVAILABLE: io exception
2022-10-18 21:56:51,248 [grpc-default-executor-0] INFO  leader.FollowerInfo (FollowerInfoImpl.java:lambda$new$0(48)) - omNode-1@group-523986131536->omNode-3: nextIndex: updateUnconditionally 269 -> 45
2022-10-18 21:56:51,249 [grpc-default-executor-3] WARN  server.GrpcLogAppender (LogUtils.java:warn(122)) - omNode-1@group-523986131536->omNode-3-AppendLogResponseHandler: Failed appendEntries: org.apache.ratis.thirdparty.io.grpc.StatusRuntimeException: UNAVAILABLE: io exception
2022-10-18 21:56:51,249 [grpc-default-executor-3] INFO  leader.FollowerInfo (FollowerInfoImpl.java:lambda$new$0(48)) - omNode-1@group-523986131536->omNode-3: nextIndex: updateUnconditionally 270 -> 45
2022-10-18 21:56:51,250 [grpc-default-executor-0] WARN  server.GrpcLogAppender (LogUtils.java:warn(122)) - omNode-1@group-523986131536->omNode-3-AppendLogResponseHandler: Failed appendEntries: org.apache.ratis.thirdparty.io.grpc.StatusRuntimeException: UNAVAILABLE: io exception
2022-10-18 21:56:51,250 [grpc-default-executor-0] INFO  leader.FollowerInfo (FollowerInfoImpl.java:lambda$new$0(48)) - omNode-1@group-523986131536->omNode-3: nextIndex: updateUnconditionally 270 -> 45
2022-10-18 21:56:51,252 [grpc-default-executor-2] WARN  server.GrpcLogAppender (LogUtils.java:warn(122)) - omNode-1@group-523986131536->omNode-3-AppendLogResponseHandler: Failed appendEntries: org.apache.ratis.thirdparty.io.grpc.StatusRuntimeException: UNAVAILABLE: io exception
2022-10-18 21:56:51,253 [grpc-default-executor-2] INFO  leader.FollowerInfo (FollowerInfoImpl.java:lambda$new$0(48)) - omNode-1@group-523986131536->omNode-3: nextIndex: updateUnconditionally 271 -> 45
2022-10-18 21:56:51,253 [grpc-default-executor-3] WARN  server.GrpcLogAppender (LogUtils.java:warn(122)) - omNode-1@group-523986131536->omNode-3-AppendLogResponseHandler: Failed appendEntries: org.apache.ratis.thirdparty.io.grpc.StatusRuntimeException: UNAVAILABLE: io exception
2022-10-18 21:56:51,253 [grpc-default-executor-3] INFO  leader.FollowerInfo (FollowerInfoImpl.java:lambda$new$0(48)) - omNode-1@group-523986131536->omNode-3: nextIndex: updateUnconditionally 271 -> 45
2022-10-18 21:56:51,259 [grpc-default-executor-3] WARN  server.GrpcLogAppender (LogUtils.java:warn(122)) - omNode-1@group-523986131536->omNode-3-AppendLogResponseHandler: Failed appendEntries: org.apache.ratis.thirdparty.io.grpc.StatusRuntimeException: UNAVAILABLE: io exception
2022-10-18 21:56:51,259 [grpc-default-executor-3] INFO  leader.FollowerInfo (FollowerInfoImpl.java:lambda$new$0(48)) - omNode-1@group-523986131536->omNode-3: nextIndex: updateUnconditionally 272 -> 45
2022-10-18 21:56:51,260 [grpc-default-executor-3] WARN  server.GrpcLogAppender (LogUtils.java:warn(122)) - omNode-1@group-523986131536->omNode-3-AppendLogResponseHandler: Failed appendEntries: org.apache.ratis.thirdparty.io.grpc.StatusRuntimeException: UNAVAILABLE: io exception
2022-10-18 21:56:51,260 [grpc-default-executor-3] INFO  leader.FollowerInfo (FollowerInfoImpl.java:lambda$new$0(48)) - omNode-1@group-523986131536->omNode-3: nextIndex: updateUnconditionally 273 -> 45
2022-10-18 21:56:51,262 [grpc-default-executor-3] WARN  server.GrpcLogAppender (LogUtils.java:warn(122)) - omNode-1@group-523986131536->omNode-3-AppendLogResponseHandler: Failed appendEntries: org.apache.ratis.thirdparty.io.grpc.StatusRuntimeException: UNAVAILABLE: io exception
2022-10-18 21:56:51,263 [grpc-default-executor-3] INFO  leader.FollowerInfo (FollowerInfoImpl.java:lambda$new$0(48)) - omNode-1@group-523986131536->omNode-3: nextIndex: updateUnconditionally 273 -> 45
2022-10-18 21:56:51,265 [grpc-default-executor-2] WARN  server.GrpcLogAppender (LogUtils.java:warn(122)) - omNode-1@group-523986131536->omNode-3-AppendLogResponseHandler: Failed appendEntries: org.apache.ratis.thirdparty.io.grpc.StatusRuntimeException: UNAVAILABLE: io exception
2022-10-18 21:56:51,266 [grpc-default-executor-2] INFO  leader.FollowerInfo (FollowerInfoImpl.java:lambda$new$0(48)) - omNode-1@group-523986131536->omNode-3: nextIndex: updateUnconditionally 274 -> 45
2022-10-18 21:56:51,267 [grpc-default-executor-2] WARN  server.GrpcLogAppender (LogUtils.java:warn(122)) - omNode-1@group-523986131536->omNode-3-AppendLogResponseHandler: Failed appendEntries: org.apache.ratis.thirdparty.io.grpc.StatusRuntimeException: UNAVAILABLE: io exception
2022-10-18 21:56:51,267 [grpc-default-executor-2] INFO  leader.FollowerInfo (FollowerInfoImpl.java:lambda$new$0(48)) - omNode-1@group-523986131536->omNode-3: nextIndex: updateUnconditionally 275 -> 45
2022-10-18 21:56:51,269 [grpc-default-executor-2] WARN  server.GrpcLogAppender (LogUtils.java:warn(122)) - omNode-1@group-523986131536->omNode-3-AppendLogResponseHandler: Failed appendEntries: org.apache.ratis.thirdparty.io.grpc.StatusRuntimeException: UNAVAILABLE: io exception
2022-10-18 21:56:51,269 [grpc-default-executor-2] INFO  leader.FollowerInfo (FollowerInfoImpl.java:lambda$new$0(48)) - omNode-1@group-523986131536->omNode-3: nextIndex: updateUnconditionally 275 -> 45
2022-10-18 21:56:51,274 [grpc-default-executor-2] WARN  server.GrpcLogAppender (LogUtils.java:warn(122)) - omNode-1@group-523986131536->omNode-3-AppendLogResponseHandler: Failed appendEntries: org.apache.ratis.thirdparty.io.grpc.StatusRuntimeException: UNAVAILABLE: io exception
2022-10-18 21:56:51,274 [grpc-default-executor-2] INFO  leader.FollowerInfo (FollowerInfoImpl.java:lambda$new$0(48)) - omNode-1@group-523986131536->omNode-3: nextIndex: updateUnconditionally 276 -> 45
2022-10-18 21:56:51,275 [grpc-default-executor-3] WARN  server.GrpcLogAppender (LogUtils.java:warn(122)) - omNode-1@group-523986131536->omNode-3-AppendLogResponseHandler: Failed appendEntries: org.apache.ratis.thirdparty.io.grpc.StatusRuntimeException: UNAVAILABLE: io exception
2022-10-18 21:56:51,275 [grpc-default-executor-3] INFO  leader.FollowerInfo (FollowerInfoImpl.java:lambda$new$0(48)) - omNode-1@group-523986131536->omNode-3: nextIndex: updateUnconditionally 276 -> 45
2022-10-18 21:56:51,278 [grpc-default-executor-2] WARN  server.GrpcLogAppender (LogUtils.java:warn(122)) - omNode-1@group-523986131536->omNode-3-AppendLogResponseHandler: Failed appendEntries: org.apache.ratis.thirdparty.io.grpc.StatusRuntimeException: UNAVAILABLE: io exception
2022-10-18 21:56:51,278 [grpc-default-executor-2] INFO  leader.FollowerInfo (FollowerInfoImpl.java:lambda$new$0(48)) - omNode-1@group-523986131536->omNode-3: nextIndex: updateUnconditionally 277 -> 45
2022-10-18 21:56:51,279 [grpc-default-executor-0] WARN  server.GrpcLogAppender (LogUtils.java:warn(122)) - omNode-1@group-523986131536->omNode-3-AppendLogResponseHandler: Failed appendEntries: org.apache.ratis.thirdparty.io.grpc.StatusRuntimeException: UNAVAILABLE: io exception
2022-10-18 21:56:51,279 [grpc-default-executor-0] INFO  leader.FollowerInfo (FollowerInfoImpl.java:lambda$new$0(48)) - omNode-1@group-523986131536->omNode-3: nextIndex: updateUnconditionally 278 -> 45
2022-10-18 21:56:51,281 [grpc-default-executor-0] WARN  server.GrpcLogAppender (LogUtils.java:warn(122)) - omNode-1@group-523986131536->omNode-3-AppendLogResponseHandler: Failed appendEntries: org.apache.ratis.thirdparty.io.grpc.StatusRuntimeException: UNAVAILABLE: io exception
2022-10-18 21:56:51,281 [grpc-default-executor-0] INFO  leader.FollowerInfo (FollowerInfoImpl.java:lambda$new$0(48)) - omNode-1@group-523986131536->omNode-3: nextIndex: updateUnconditionally 278 -> 45
2022-10-18 21:56:51,284 [grpc-default-executor-0] WARN  server.GrpcLogAppender (LogUtils.java:warn(122)) - omNode-1@group-523986131536->omNode-3-AppendLogResponseHandler: Failed appendEntries: org.apache.ratis.thirdparty.io.grpc.StatusRuntimeException: UNAVAILABLE: io exception
2022-10-18 21:56:51,284 [grpc-default-executor-0] INFO  leader.FollowerInfo (FollowerInfoImpl.java:lambda$new$0(48)) - omNode-1@group-523986131536->omNode-3: nextIndex: updateUnconditionally 279 -> 45
2022-10-18 21:56:51,290 [grpc-default-executor-2] WARN  server.GrpcLogAppender (LogUtils.java:warn(122)) - omNode-1@group-523986131536->omNode-3-AppendLogResponseHandler: Failed appendEntries: org.apache.ratis.thirdparty.io.grpc.StatusRuntimeException: UNAVAILABLE: io exception
2022-10-18 21:56:51,291 [grpc-default-executor-2] INFO  leader.FollowerInfo (FollowerInfoImpl.java:lambda$new$0(48)) - omNode-1@group-523986131536->omNode-3: nextIndex: updateUnconditionally 280 -> 45
2022-10-18 21:56:51,292 [grpc-default-executor-0] WARN  server.GrpcLogAppender (LogUtils.java:warn(122)) - omNode-1@group-523986131536->omNode-3-AppendLogResponseHandler: Failed appendEntries: org.apache.ratis.thirdparty.io.grpc.StatusRuntimeException: UNAVAILABLE: io exception
2022-10-18 21:56:51,292 [grpc-default-executor-0] INFO  leader.FollowerInfo (FollowerInfoImpl.java:lambda$new$0(48)) - omNode-1@group-523986131536->omNode-3: nextIndex: updateUnconditionally 280 -> 45
2022-10-18 21:56:51,294 [grpc-default-executor-0] WARN  server.GrpcLogAppender (LogUtils.java:warn(122)) - omNode-1@group-523986131536->omNode-3-AppendLogResponseHandler: Failed appendEntries: org.apache.ratis.thirdparty.io.grpc.StatusRuntimeException: UNAVAILABLE: io exception
2022-10-18 21:56:51,294 [grpc-default-executor-0] INFO  leader.FollowerInfo (FollowerInfoImpl.java:lambda$new$0(48)) - omNode-1@group-523986131536->omNode-3: nextIndex: updateUnconditionally 281 -> 45
2022-10-18 21:56:51,296 [grpc-default-executor-2] WARN  server.GrpcLogAppender (LogUtils.java:warn(122)) - omNode-1@group-523986131536->omNode-3-AppendLogResponseHandler: Failed appendEntries: org.apache.ratis.thirdparty.io.grpc.StatusRuntimeException: UNAVAILABLE: io exception
2022-10-18 21:56:51,296 [grpc-default-executor-2] INFO  leader.FollowerInfo (FollowerInfoImpl.java:lambda$new$0(48)) - omNode-1@group-523986131536->omNode-3: nextIndex: updateUnconditionally 282 -> 45
2022-10-18 21:56:51,297 [grpc-default-executor-0] WARN  server.GrpcLogAppender (LogUtils.java:warn(122)) - omNode-1@group-523986131536->omNode-3-AppendLogResponseHandler: Failed appendEntries: org.apache.ratis.thirdparty.io.grpc.StatusRuntimeException: UNAVAILABLE: io exception
2022-10-18 21:56:51,297 [grpc-default-executor-0] INFO  leader.FollowerInfo (FollowerInfoImpl.java:lambda$new$0(48)) - omNode-1@group-523986131536->omNode-3: nextIndex: updateUnconditionally 282 -> 45
2022-10-18 21:56:51,298 [grpc-default-executor-0] WARN  server.GrpcLogAppender (LogUtils.java:warn(122)) - omNode-1@group-523986131536->omNode-3-AppendLogResponseHandler: Failed appendEntries: org.apache.ratis.thirdparty.io.grpc.StatusRuntimeException: UNAVAILABLE: io exception
2022-10-18 21:56:51,298 [grpc-default-executor-0] INFO  leader.FollowerInfo (FollowerInfoImpl.java:lambda$new$0(48)) - omNode-1@group-523986131536->omNode-3: nextIndex: updateUnconditionally 283 -> 45
2022-10-18 21:56:51,309 [grpc-default-executor-0] WARN  server.GrpcLogAppender (LogUtils.java:warn(122)) - omNode-1@group-523986131536->omNode-3-AppendLogResponseHandler: Failed appendEntries: org.apache.ratis.thirdparty.io.grpc.StatusRuntimeException: UNAVAILABLE: io exception
2022-10-18 21:56:51,309 [grpc-default-executor-0] INFO  leader.FollowerInfo (FollowerInfoImpl.java:lambda$new$0(48)) - omNode-1@group-523986131536->omNode-3: nextIndex: updateUnconditionally 284 -> 45
2022-10-18 21:56:51,312 [grpc-default-executor-2] WARN  server.GrpcLogAppender (LogUtils.java:warn(122)) - omNode-1@group-523986131536->omNode-3-AppendLogResponseHandler: Failed appendEntries: org.apache.ratis.thirdparty.io.grpc.StatusRuntimeException: UNAVAILABLE: io exception
2022-10-18 21:56:51,312 [grpc-default-executor-2] INFO  leader.FollowerInfo (FollowerInfoImpl.java:lambda$new$0(48)) - omNode-1@group-523986131536->omNode-3: nextIndex: updateUnconditionally 284 -> 45
2022-10-18 21:56:51,313 [grpc-default-executor-2] WARN  server.GrpcLogAppender (LogUtils.java:warn(122)) - omNode-1@group-523986131536->omNode-3-AppendLogResponseHandler: Failed appendEntries: org.apache.ratis.thirdparty.io.grpc.StatusRuntimeException: UNAVAILABLE: io exception
2022-10-18 21:56:51,313 [grpc-default-executor-2] INFO  leader.FollowerInfo (FollowerInfoImpl.java:lambda$new$0(48)) - omNode-1@group-523986131536->omNode-3: nextIndex: updateUnconditionally 285 -> 45
2022-10-18 21:56:51,315 [grpc-default-executor-2] WARN  server.GrpcLogAppender (LogUtils.java:warn(122)) - omNode-1@group-523986131536->omNode-3-AppendLogResponseHandler: Failed appendEntries: org.apache.ratis.thirdparty.io.grpc.StatusRuntimeException: UNAVAILABLE: io exception
2022-10-18 21:56:51,315 [grpc-default-executor-2] INFO  leader.FollowerInfo (FollowerInfoImpl.java:lambda$new$0(48)) - omNode-1@group-523986131536->omNode-3: nextIndex: updateUnconditionally 286 -> 45
2022-10-18 21:56:51,317 [grpc-default-executor-0] WARN  server.GrpcLogAppender (LogUtils.java:warn(122)) - omNode-1@group-523986131536->omNode-3-AppendLogResponseHandler: Failed appendEntries: org.apache.ratis.thirdparty.io.grpc.StatusRuntimeException: UNAVAILABLE: io exception
2022-10-18 21:56:51,317 [grpc-default-executor-0] INFO  leader.FollowerInfo (FollowerInfoImpl.java:lambda$new$0(48)) - omNode-1@group-523986131536->omNode-3: nextIndex: updateUnconditionally 286 -> 45
2022-10-18 21:56:51,320 [grpc-default-executor-3] WARN  server.GrpcLogAppender (LogUtils.java:warn(122)) - omNode-1@group-523986131536->omNode-3-AppendLogResponseHandler: Failed appendEntries: org.apache.ratis.thirdparty.io.grpc.StatusRuntimeException: UNAVAILABLE: io exception
2022-10-18 21:56:51,320 [grpc-default-executor-3] INFO  leader.FollowerInfo (FollowerInfoImpl.java:lambda$new$0(48)) - omNode-1@group-523986131536->omNode-3: nextIndex: updateUnconditionally 287 -> 45
2022-10-18 21:56:51,323 [grpc-default-executor-2] WARN  server.GrpcLogAppender (LogUtils.java:warn(122)) - omNode-1@group-523986131536->omNode-3-AppendLogResponseHandler: Failed appendEntries: org.apache.ratis.thirdparty.io.grpc.StatusRuntimeException: UNAVAILABLE: io exception
2022-10-18 21:56:51,323 [grpc-default-executor-2] INFO  leader.FollowerInfo (FollowerInfoImpl.java:lambda$new$0(48)) - omNode-1@group-523986131536->omNode-3: nextIndex: updateUnconditionally 288 -> 45
2022-10-18 21:56:51,325 [grpc-default-executor-2] WARN  server.GrpcLogAppender (LogUtils.java:warn(122)) - omNode-1@group-523986131536->omNode-3-AppendLogResponseHandler: Failed appendEntries: org.apache.ratis.thirdparty.io.grpc.StatusRuntimeException: UNAVAILABLE: io exception
2022-10-18 21:56:51,325 [grpc-default-executor-2] INFO  leader.FollowerInfo (FollowerInfoImpl.java:lambda$new$0(48)) - omNode-1@group-523986131536->omNode-3: nextIndex: updateUnconditionally 288 -> 45
2022-10-18 21:56:51,326 [grpc-default-executor-0] WARN  server.GrpcLogAppender (LogUtils.java:warn(122)) - omNode-1@group-523986131536->omNode-3-AppendLogResponseHandler: Failed appendEntries: org.apache.ratis.thirdparty.io.grpc.StatusRuntimeException: UNAVAILABLE: io exception
2022-10-18 21:56:51,327 [grpc-default-executor-0] INFO  leader.FollowerInfo (FollowerInfoImpl.java:lambda$new$0(48)) - omNode-1@group-523986131536->omNode-3: nextIndex: updateUnconditionally 289 -> 45
2022-10-18 21:56:51,329 [grpc-default-executor-0] WARN  server.GrpcLogAppender (LogUtils.java:warn(122)) - omNode-1@group-523986131536->omNode-3-AppendLogResponseHandler: Failed appendEntries: org.apache.ratis.thirdparty.io.grpc.StatusRuntimeException: UNAVAILABLE: io exception
2022-10-18 21:56:51,329 [grpc-default-executor-0] INFO  leader.FollowerInfo (FollowerInfoImpl.java:lambda$new$0(48)) - omNode-1@group-523986131536->omNode-3: nextIndex: updateUnconditionally 290 -> 45
2022-10-18 21:56:51,330 [grpc-default-executor-0] WARN  server.GrpcLogAppender (LogUtils.java:warn(122)) - omNode-1@group-523986131536->omNode-3-AppendLogResponseHandler: Failed appendEntries: org.apache.ratis.thirdparty.io.grpc.StatusRuntimeException: UNAVAILABLE: io exception
2022-10-18 21:56:51,330 [grpc-default-executor-0] INFO  leader.FollowerInfo (FollowerInfoImpl.java:lambda$new$0(48)) - omNode-1@group-523986131536->omNode-3: nextIndex: updateUnconditionally 291 -> 45
2022-10-18 21:56:51,332 [grpc-default-executor-0] WARN  server.GrpcLogAppender (LogUtils.java:warn(122)) - omNode-1@group-523986131536->omNode-3-AppendLogResponseHandler: Failed appendEntries: org.apache.ratis.thirdparty.io.grpc.StatusRuntimeException: UNAVAILABLE: io exception
2022-10-18 21:56:51,332 [grpc-default-executor-0] INFO  leader.FollowerInfo (FollowerInfoImpl.java:lambda$new$0(48)) - omNode-1@group-523986131536->omNode-3: nextIndex: updateUnconditionally 291 -> 45
2022-10-18 21:56:51,343 [grpc-default-executor-0] WARN  server.GrpcLogAppender (LogUtils.java:warn(122)) - omNode-1@group-523986131536->omNode-3-AppendLogResponseHandler: Failed appendEntries: org.apache.ratis.thirdparty.io.grpc.StatusRuntimeException: UNAVAILABLE: io exception
2022-10-18 21:56:51,343 [grpc-default-executor-0] INFO  leader.FollowerInfo (FollowerInfoImpl.java:lambda$new$0(48)) - omNode-1@group-523986131536->omNode-3: nextIndex: updateUnconditionally 292 -> 45
2022-10-18 21:56:51,344 [grpc-default-executor-2] WARN  server.GrpcLogAppender (LogUtils.java:warn(122)) - omNode-1@group-523986131536->omNode-3-AppendLogResponseHandler: Failed appendEntries: org.apache.ratis.thirdparty.io.grpc.StatusRuntimeException: UNAVAILABLE: io exception
2022-10-18 21:56:51,344 [grpc-default-executor-2] INFO  leader.FollowerInfo (FollowerInfoImpl.java:lambda$new$0(48)) - omNode-1@group-523986131536->omNode-3: nextIndex: updateUnconditionally 292 -> 45
2022-10-18 21:56:51,347 [grpc-default-executor-2] WARN  server.GrpcLogAppender (LogUtils.java:warn(122)) - omNode-1@group-523986131536->omNode-3-AppendLogResponseHandler: Failed appendEntries: org.apache.ratis.thirdparty.io.grpc.StatusRuntimeException: UNAVAILABLE: io exception
2022-10-18 21:56:51,347 [grpc-default-executor-2] INFO  leader.FollowerInfo (FollowerInfoImpl.java:lambda$new$0(48)) - omNode-1@group-523986131536->omNode-3: nextIndex: updateUnconditionally 293 -> 45
2022-10-18 21:56:51,348 [grpc-default-executor-3] WARN  server.GrpcLogAppender (LogUtils.java:warn(122)) - omNode-1@group-523986131536->omNode-3-AppendLogResponseHandler: Failed appendEntries: org.apache.ratis.thirdparty.io.grpc.StatusRuntimeException: UNAVAILABLE: io exception
2022-10-18 21:56:51,348 [grpc-default-executor-3] INFO  leader.FollowerInfo (FollowerInfoImpl.java:lambda$new$0(48)) - omNode-1@group-523986131536->omNode-3: nextIndex: updateUnconditionally 294 -> 45
2022-10-18 21:56:51,349 [grpc-default-executor-3] WARN  server.GrpcLogAppender (LogUtils.java:warn(122)) - omNode-1@group-523986131536->omNode-3-AppendLogResponseHandler: Failed appendEntries: org.apache.ratis.thirdparty.io.grpc.StatusRuntimeException: UNAVAILABLE: io exception
2022-10-18 21:56:51,349 [grpc-default-executor-3] INFO  leader.FollowerInfo (FollowerInfoImpl.java:lambda$new$0(48)) - omNode-1@group-523986131536->omNode-3: nextIndex: updateUnconditionally 295 -> 45
2022-10-18 21:56:51,352 [grpc-default-executor-3] WARN  server.GrpcLogAppender (LogUtils.java:warn(122)) - omNode-1@group-523986131536->omNode-3-AppendLogResponseHandler: Failed appendEntries: org.apache.ratis.thirdparty.io.grpc.StatusRuntimeException: UNAVAILABLE: io exception
2022-10-18 21:56:51,352 [grpc-default-executor-3] INFO  leader.FollowerInfo (FollowerInfoImpl.java:lambda$new$0(48)) - omNode-1@group-523986131536->omNode-3: nextIndex: updateUnconditionally 295 -> 45
2022-10-18 21:56:51,359 [grpc-default-executor-2] WARN  server.GrpcLogAppender (LogUtils.java:warn(122)) - omNode-1@group-523986131536->omNode-3-AppendLogResponseHandler: Failed appendEntries: org.apache.ratis.thirdparty.io.grpc.StatusRuntimeException: UNAVAILABLE: io exception
2022-10-18 21:56:51,359 [grpc-default-executor-2] INFO  leader.FollowerInfo (FollowerInfoImpl.java:lambda$new$0(48)) - omNode-1@group-523986131536->omNode-3: nextIndex: updateUnconditionally 296 -> 45
2022-10-18 21:56:51,361 [grpc-default-executor-2] WARN  server.GrpcLogAppender (LogUtils.java:warn(122)) - omNode-1@group-523986131536->omNode-3-AppendLogResponseHandler: Failed appendEntries: org.apache.ratis.thirdparty.io.grpc.StatusRuntimeException: UNAVAILABLE: io exception
2022-10-18 21:56:51,361 [grpc-default-executor-2] INFO  leader.FollowerInfo (FollowerInfoImpl.java:lambda$new$0(48)) - omNode-1@group-523986131536->omNode-3: nextIndex: updateUnconditionally 296 -> 45
2022-10-18 21:56:51,362 [grpc-default-executor-2] WARN  server.GrpcLogAppender (LogUtils.java:warn(122)) - omNode-1@group-523986131536->omNode-3-AppendLogResponseHandler: Failed appendEntries: org.apache.ratis.thirdparty.io.grpc.StatusRuntimeException: UNAVAILABLE: io exception
2022-10-18 21:56:51,362 [grpc-default-executor-2] INFO  leader.FollowerInfo (FollowerInfoImpl.java:lambda$new$0(48)) - omNode-1@group-523986131536->omNode-3: nextIndex: updateUnconditionally 297 -> 45
2022-10-18 21:56:51,365 [grpc-default-executor-3] WARN  server.GrpcLogAppender (LogUtils.java:warn(122)) - omNode-1@group-523986131536->omNode-3-AppendLogResponseHandler: Failed appendEntries: org.apache.ratis.thirdparty.io.grpc.StatusRuntimeException: UNAVAILABLE: io exception
2022-10-18 21:56:51,365 [grpc-default-executor-3] INFO  leader.FollowerInfo (FollowerInfoImpl.java:lambda$new$0(48)) - omNode-1@group-523986131536->omNode-3: nextIndex: updateUnconditionally 298 -> 45
2022-10-18 21:56:51,367 [grpc-default-executor-2] WARN  server.GrpcLogAppender (LogUtils.java:warn(122)) - omNode-1@group-523986131536->omNode-3-AppendLogResponseHandler: Failed appendEntries: org.apache.ratis.thirdparty.io.grpc.StatusRuntimeException: UNAVAILABLE: io exception
2022-10-18 21:56:51,367 [grpc-default-executor-2] INFO  leader.FollowerInfo (FollowerInfoImpl.java:lambda$new$0(48)) - omNode-1@group-523986131536->omNode-3: nextIndex: updateUnconditionally 298 -> 45
2022-10-18 21:56:51,368 [grpc-default-executor-2] WARN  server.GrpcLogAppender (LogUtils.java:warn(122)) - omNode-1@group-523986131536->omNode-3-AppendLogResponseHandler: Failed appendEntries: org.apache.ratis.thirdparty.io.grpc.StatusRuntimeException: UNAVAILABLE: io exception
2022-10-18 21:56:51,369 [grpc-default-executor-2] INFO  leader.FollowerInfo (FollowerInfoImpl.java:lambda$new$0(48)) - omNode-1@group-523986131536->omNode-3: nextIndex: updateUnconditionally 299 -> 45
2022-10-18 21:56:51,375 [grpc-default-executor-2] WARN  server.GrpcLogAppender (LogUtils.java:warn(122)) - omNode-1@group-523986131536->omNode-3-AppendLogResponseHandler: Failed appendEntries: org.apache.ratis.thirdparty.io.grpc.StatusRuntimeException: UNAVAILABLE: io exception
2022-10-18 21:56:51,375 [grpc-default-executor-2] INFO  leader.FollowerInfo (FollowerInfoImpl.java:lambda$new$0(48)) - omNode-1@group-523986131536->omNode-3: nextIndex: updateUnconditionally 300 -> 45
2022-10-18 21:56:51,376 [grpc-default-executor-3] WARN  server.GrpcLogAppender (LogUtils.java:warn(122)) - omNode-1@group-523986131536->omNode-3-AppendLogResponseHandler: Failed appendEntries: org.apache.ratis.thirdparty.io.grpc.StatusRuntimeException: UNAVAILABLE: io exception
2022-10-18 21:56:51,376 [grpc-default-executor-3] INFO  leader.FollowerInfo (FollowerInfoImpl.java:lambda$new$0(48)) - omNode-1@group-523986131536->omNode-3: nextIndex: updateUnconditionally 300 -> 45
2022-10-18 21:56:51,378 [omNode-1@group-523986131536-StateMachineUpdater] INFO  ratis.OzoneManagerStateMachine (OzoneManagerStateMachine.java:takeSnapshot(441)) - Current Snapshot Index (t:1, i:300)
2022-10-18 21:56:51,378 [omNode-1@group-523986131536-StateMachineUpdater] INFO  impl.StateMachineUpdater (StateMachineUpdater.java:takeSnapshot(287)) - omNode-1@group-523986131536-StateMachineUpdater: Took a snapshot at index 300
2022-10-18 21:56:51,378 [omNode-1@group-523986131536-StateMachineUpdater] INFO  impl.StateMachineUpdater (StateMachineUpdater.java:lambda$new$0(92)) - omNode-1@group-523986131536-StateMachineUpdater: snapshotIndex: updateIncreasingly 250 -> 300
2022-10-18 21:56:51,378 [omNode-1@group-523986131536-StateMachineUpdater] INFO  raftlog.RaftLog (RaftLogBase.java:purge(308)) - omNode-1@group-523986131536-SegmentedRaftLog: purge 300
2022-10-18 21:56:51,378 [omNode-1@group-523986131536-StateMachineUpdater] INFO  raftlog.RaftLog (RaftLogBase.java:lambda$new$0(53)) - omNode-1@group-523986131536-SegmentedRaftLog: snapshotIndex: updateIncreasingly 250 -> 300
2022-10-18 21:56:51,379 [omNode-1@group-523986131536-StateMachineUpdater] INFO  raftlog.RaftLog (RaftLogBase.java:lambda$new$0(53)) - omNode-1@group-523986131536-SegmentedRaftLog: purgeIndex: updateToMax old=250, new=300, updated? true
2022-10-18 21:56:51,380 [grpc-default-executor-3] WARN  server.GrpcLogAppender (LogUtils.java:warn(122)) - omNode-1@group-523986131536->omNode-3-AppendLogResponseHandler: Failed appendEntries: org.apache.ratis.thirdparty.io.grpc.StatusRuntimeException: UNAVAILABLE: io exception
2022-10-18 21:56:51,380 [grpc-default-executor-3] INFO  leader.FollowerInfo (FollowerInfoImpl.java:lambda$new$0(48)) - omNode-1@group-523986131536->omNode-3: nextIndex: updateUnconditionally 301 -> 45
2022-10-18 21:56:51,381 [grpc-default-executor-2] WARN  server.GrpcLogAppender (LogUtils.java:warn(122)) - omNode-1@group-523986131536->omNode-3-AppendLogResponseHandler: Failed appendEntries: org.apache.ratis.thirdparty.io.grpc.StatusRuntimeException: UNAVAILABLE: io exception
2022-10-18 21:56:51,381 [grpc-default-executor-2] INFO  leader.FollowerInfo (FollowerInfoImpl.java:lambda$new$0(48)) - omNode-1@group-523986131536->omNode-3: nextIndex: updateUnconditionally 302 -> 45
2022-10-18 21:56:51,381 [omNode-2@group-523986131536-StateMachineUpdater] INFO  ratis.OzoneManagerStateMachine (OzoneManagerStateMachine.java:takeSnapshot(441)) - Current Snapshot Index (t:1, i:300)
2022-10-18 21:56:51,381 [omNode-2@group-523986131536-StateMachineUpdater] INFO  impl.StateMachineUpdater (StateMachineUpdater.java:takeSnapshot(287)) - omNode-2@group-523986131536-StateMachineUpdater: Took a snapshot at index 300
2022-10-18 21:56:51,381 [omNode-2@group-523986131536-StateMachineUpdater] INFO  impl.StateMachineUpdater (StateMachineUpdater.java:lambda$new$0(92)) - omNode-2@group-523986131536-StateMachineUpdater: snapshotIndex: updateIncreasingly 250 -> 300
2022-10-18 21:56:51,381 [omNode-2@group-523986131536-StateMachineUpdater] INFO  raftlog.RaftLog (RaftLogBase.java:purge(308)) - omNode-2@group-523986131536-SegmentedRaftLog: purge 300
2022-10-18 21:56:51,382 [omNode-2@group-523986131536-StateMachineUpdater] INFO  raftlog.RaftLog (RaftLogBase.java:lambda$new$0(53)) - omNode-2@group-523986131536-SegmentedRaftLog: snapshotIndex: updateIncreasingly 250 -> 300
2022-10-18 21:56:51,382 [omNode-2@group-523986131536-StateMachineUpdater] INFO  raftlog.RaftLog (RaftLogBase.java:lambda$new$0(53)) - omNode-2@group-523986131536-SegmentedRaftLog: purgeIndex: updateToMax old=250, new=300, updated? true
2022-10-18 21:56:51,383 [grpc-default-executor-3] WARN  server.GrpcLogAppender (LogUtils.java:warn(122)) - omNode-1@group-523986131536->omNode-3-AppendLogResponseHandler: Failed appendEntries: org.apache.ratis.thirdparty.io.grpc.StatusRuntimeException: UNAVAILABLE: io exception
2022-10-18 21:56:51,383 [grpc-default-executor-3] INFO  leader.FollowerInfo (FollowerInfoImpl.java:lambda$new$0(48)) - omNode-1@group-523986131536->omNode-3: nextIndex: updateUnconditionally 303 -> 45
2022-10-18 21:56:51,384 [grpc-default-executor-2] WARN  server.GrpcLogAppender (LogUtils.java:warn(122)) - omNode-1@group-523986131536->omNode-3-AppendLogResponseHandler: Failed appendEntries: org.apache.ratis.thirdparty.io.grpc.StatusRuntimeException: UNAVAILABLE: io exception
2022-10-18 21:56:51,385 [grpc-default-executor-2] INFO  leader.FollowerInfo (FollowerInfoImpl.java:lambda$new$0(48)) - omNode-1@group-523986131536->omNode-3: nextIndex: updateUnconditionally 303 -> 45
2022-10-18 21:56:51,391 [grpc-default-executor-3] WARN  server.GrpcLogAppender (LogUtils.java:warn(122)) - omNode-1@group-523986131536->omNode-3-AppendLogResponseHandler: Failed appendEntries: org.apache.ratis.thirdparty.io.grpc.StatusRuntimeException: UNAVAILABLE: io exception
2022-10-18 21:56:51,391 [grpc-default-executor-3] INFO  leader.FollowerInfo (FollowerInfoImpl.java:lambda$new$0(48)) - omNode-1@group-523986131536->omNode-3: nextIndex: updateUnconditionally 304 -> 45
2022-10-18 21:56:51,392 [grpc-default-executor-2] WARN  server.GrpcLogAppender (LogUtils.java:warn(122)) - omNode-1@group-523986131536->omNode-3-AppendLogResponseHandler: Failed appendEntries: org.apache.ratis.thirdparty.io.grpc.StatusRuntimeException: UNAVAILABLE: io exception
2022-10-18 21:56:51,392 [grpc-default-executor-2] INFO  leader.FollowerInfo (FollowerInfoImpl.java:lambda$new$0(48)) - omNode-1@group-523986131536->omNode-3: nextIndex: updateUnconditionally 304 -> 45
2022-10-18 21:56:51,394 [grpc-default-executor-2] WARN  server.GrpcLogAppender (LogUtils.java:warn(122)) - omNode-1@group-523986131536->omNode-3-AppendLogResponseHandler: Failed appendEntries: org.apache.ratis.thirdparty.io.grpc.StatusRuntimeException: UNAVAILABLE: io exception
2022-10-18 21:56:51,395 [grpc-default-executor-2] INFO  leader.FollowerInfo (FollowerInfoImpl.java:lambda$new$0(48)) - omNode-1@group-523986131536->omNode-3: nextIndex: updateUnconditionally 305 -> 45
2022-10-18 21:56:51,396 [grpc-default-executor-2] WARN  server.GrpcLogAppender (LogUtils.java:warn(122)) - omNode-1@group-523986131536->omNode-3-AppendLogResponseHandler: Failed appendEntries: org.apache.ratis.thirdparty.io.grpc.StatusRuntimeException: UNAVAILABLE: io exception
2022-10-18 21:56:51,396 [grpc-default-executor-2] INFO  leader.FollowerInfo (FollowerInfoImpl.java:lambda$new$0(48)) - omNode-1@group-523986131536->omNode-3: nextIndex: updateUnconditionally 306 -> 45
2022-10-18 21:56:51,398 [grpc-default-executor-2] WARN  server.GrpcLogAppender (LogUtils.java:warn(122)) - omNode-1@group-523986131536->omNode-3-AppendLogResponseHandler: Failed appendEntries: org.apache.ratis.thirdparty.io.grpc.StatusRuntimeException: UNAVAILABLE: io exception
2022-10-18 21:56:51,398 [grpc-default-executor-2] INFO  leader.FollowerInfo (FollowerInfoImpl.java:lambda$new$0(48)) - omNode-1@group-523986131536->omNode-3: nextIndex: updateUnconditionally 306 -> 45
2022-10-18 21:56:51,402 [grpc-default-executor-2] WARN  server.GrpcLogAppender (LogUtils.java:warn(122)) - omNode-1@group-523986131536->omNode-3-AppendLogResponseHandler: Failed appendEntries: org.apache.ratis.thirdparty.io.grpc.StatusRuntimeException: UNAVAILABLE: io exception
2022-10-18 21:56:51,402 [grpc-default-executor-2] INFO  leader.FollowerInfo (FollowerInfoImpl.java:lambda$new$0(48)) - omNode-1@group-523986131536->omNode-3: nextIndex: updateUnconditionally 307 -> 45
2022-10-18 21:56:51,406 [grpc-default-executor-3] WARN  server.GrpcLogAppender (LogUtils.java:warn(122)) - omNode-1@group-523986131536->omNode-3-AppendLogResponseHandler: Failed appendEntries: org.apache.ratis.thirdparty.io.grpc.StatusRuntimeException: UNAVAILABLE: io exception
2022-10-18 21:56:51,407 [grpc-default-executor-3] INFO  leader.FollowerInfo (FollowerInfoImpl.java:lambda$new$0(48)) - omNode-1@group-523986131536->omNode-3: nextIndex: updateUnconditionally 308 -> 45
2022-10-18 21:56:51,410 [grpc-default-executor-3] WARN  server.GrpcLogAppender (LogUtils.java:warn(122)) - omNode-1@group-523986131536->omNode-3-AppendLogResponseHandler: Failed appendEntries: org.apache.ratis.thirdparty.io.grpc.StatusRuntimeException: UNAVAILABLE: io exception
2022-10-18 21:56:51,410 [grpc-default-executor-3] INFO  leader.FollowerInfo (FollowerInfoImpl.java:lambda$new$0(48)) - omNode-1@group-523986131536->omNode-3: nextIndex: updateUnconditionally 308 -> 45
2022-10-18 21:56:51,411 [grpc-default-executor-3] WARN  server.GrpcLogAppender (LogUtils.java:warn(122)) - omNode-1@group-523986131536->omNode-3-AppendLogResponseHandler: Failed appendEntries: org.apache.ratis.thirdparty.io.grpc.StatusRuntimeException: UNAVAILABLE: io exception
2022-10-18 21:56:51,411 [grpc-default-executor-3] INFO  leader.FollowerInfo (FollowerInfoImpl.java:lambda$new$0(48)) - omNode-1@group-523986131536->omNode-3: nextIndex: updateUnconditionally 310 -> 45
2022-10-18 21:56:51,412 [grpc-default-executor-3] WARN  server.GrpcLogAppender (LogUtils.java:warn(122)) - omNode-1@group-523986131536->omNode-3-AppendLogResponseHandler: Failed appendEntries: org.apache.ratis.thirdparty.io.grpc.StatusRuntimeException: UNAVAILABLE: io exception
2022-10-18 21:56:51,412 [grpc-default-executor-3] INFO  leader.FollowerInfo (FollowerInfoImpl.java:lambda$new$0(48)) - omNode-1@group-523986131536->omNode-3: nextIndex: updateUnconditionally 310 -> 45
2022-10-18 21:56:51,414 [grpc-default-executor-3] WARN  server.GrpcLogAppender (LogUtils.java:warn(122)) - omNode-1@group-523986131536->omNode-3-AppendLogResponseHandler: Failed appendEntries: org.apache.ratis.thirdparty.io.grpc.StatusRuntimeException: UNAVAILABLE: io exception
2022-10-18 21:56:51,414 [grpc-default-executor-3] INFO  leader.FollowerInfo (FollowerInfoImpl.java:lambda$new$0(48)) - omNode-1@group-523986131536->omNode-3: nextIndex: updateUnconditionally 311 -> 45
2022-10-18 21:56:51,417 [grpc-default-executor-2] WARN  server.GrpcLogAppender (LogUtils.java:warn(122)) - omNode-1@group-523986131536->omNode-3-AppendLogResponseHandler: Failed appendEntries: org.apache.ratis.thirdparty.io.grpc.StatusRuntimeException: UNAVAILABLE: io exception
2022-10-18 21:56:51,418 [grpc-default-executor-2] INFO  leader.FollowerInfo (FollowerInfoImpl.java:lambda$new$0(48)) - omNode-1@group-523986131536->omNode-3: nextIndex: updateUnconditionally 311 -> 45
2022-10-18 21:56:51,422 [grpc-default-executor-0] WARN  server.GrpcLogAppender (LogUtils.java:warn(122)) - omNode-1@group-523986131536->omNode-3-AppendLogResponseHandler: Failed appendEntries: org.apache.ratis.thirdparty.io.grpc.StatusRuntimeException: UNAVAILABLE: io exception
2022-10-18 21:56:51,423 [grpc-default-executor-0] INFO  leader.FollowerInfo (FollowerInfoImpl.java:lambda$new$0(48)) - omNode-1@group-523986131536->omNode-3: nextIndex: updateUnconditionally 312 -> 45
2022-10-18 21:56:51,424 [grpc-default-executor-3] WARN  server.GrpcLogAppender (LogUtils.java:warn(122)) - omNode-1@group-523986131536->omNode-3-AppendLogResponseHandler: Failed appendEntries: org.apache.ratis.thirdparty.io.grpc.StatusRuntimeException: UNAVAILABLE: io exception
2022-10-18 21:56:51,424 [grpc-default-executor-3] INFO  leader.FollowerInfo (FollowerInfoImpl.java:lambda$new$0(48)) - omNode-1@group-523986131536->omNode-3: nextIndex: updateUnconditionally 312 -> 45
2022-10-18 21:56:51,426 [grpc-default-executor-3] WARN  server.GrpcLogAppender (LogUtils.java:warn(122)) - omNode-1@group-523986131536->omNode-3-AppendLogResponseHandler: Failed appendEntries: org.apache.ratis.thirdparty.io.grpc.StatusRuntimeException: UNAVAILABLE: io exception
2022-10-18 21:56:51,426 [grpc-default-executor-3] INFO  leader.FollowerInfo (FollowerInfoImpl.java:lambda$new$0(48)) - omNode-1@group-523986131536->omNode-3: nextIndex: updateUnconditionally 313 -> 45
2022-10-18 21:56:51,427 [grpc-default-executor-0] WARN  server.GrpcLogAppender (LogUtils.java:warn(122)) - omNode-1@group-523986131536->omNode-3-AppendLogResponseHandler: Failed appendEntries: org.apache.ratis.thirdparty.io.grpc.StatusRuntimeException: UNAVAILABLE: io exception
2022-10-18 21:56:51,427 [grpc-default-executor-0] INFO  leader.FollowerInfo (FollowerInfoImpl.java:lambda$new$0(48)) - omNode-1@group-523986131536->omNode-3: nextIndex: updateUnconditionally 313 -> 45
2022-10-18 21:56:51,428 [grpc-default-executor-0] WARN  server.GrpcLogAppender (LogUtils.java:warn(122)) - omNode-1@group-523986131536->omNode-3-AppendLogResponseHandler: Failed appendEntries: org.apache.ratis.thirdparty.io.grpc.StatusRuntimeException: UNAVAILABLE: io exception
2022-10-18 21:56:51,428 [grpc-default-executor-0] INFO  leader.FollowerInfo (FollowerInfoImpl.java:lambda$new$0(48)) - omNode-1@group-523986131536->omNode-3: nextIndex: updateUnconditionally 314 -> 45
2022-10-18 21:56:51,429 [grpc-default-executor-0] WARN  server.GrpcLogAppender (LogUtils.java:warn(122)) - omNode-1@group-523986131536->omNode-3-AppendLogResponseHandler: Failed appendEntries: org.apache.ratis.thirdparty.io.grpc.StatusRuntimeException: UNAVAILABLE: io exception
2022-10-18 21:56:51,429 [grpc-default-executor-0] INFO  leader.FollowerInfo (FollowerInfoImpl.java:lambda$new$0(48)) - omNode-1@group-523986131536->omNode-3: nextIndex: updateUnconditionally 314 -> 45
2022-10-18 21:56:51,432 [grpc-default-executor-3] WARN  server.GrpcLogAppender (LogUtils.java:warn(122)) - omNode-1@group-523986131536->omNode-3-AppendLogResponseHandler: Failed appendEntries: org.apache.ratis.thirdparty.io.grpc.StatusRuntimeException: UNAVAILABLE: io exception
2022-10-18 21:56:51,432 [grpc-default-executor-3] INFO  leader.FollowerInfo (FollowerInfoImpl.java:lambda$new$0(48)) - omNode-1@group-523986131536->omNode-3: nextIndex: updateUnconditionally 315 -> 45
2022-10-18 21:56:51,438 [grpc-default-executor-0] WARN  server.GrpcLogAppender (LogUtils.java:warn(122)) - omNode-1@group-523986131536->omNode-3-AppendLogResponseHandler: Failed appendEntries: org.apache.ratis.thirdparty.io.grpc.StatusRuntimeException: UNAVAILABLE: io exception
2022-10-18 21:56:51,438 [grpc-default-executor-0] INFO  leader.FollowerInfo (FollowerInfoImpl.java:lambda$new$0(48)) - omNode-1@group-523986131536->omNode-3: nextIndex: updateUnconditionally 316 -> 45
2022-10-18 21:56:51,440 [grpc-default-executor-0] WARN  server.GrpcLogAppender (LogUtils.java:warn(122)) - omNode-1@group-523986131536->omNode-3-AppendLogResponseHandler: Failed appendEntries: org.apache.ratis.thirdparty.io.grpc.StatusRuntimeException: UNAVAILABLE: io exception
2022-10-18 21:56:51,440 [grpc-default-executor-0] INFO  leader.FollowerInfo (FollowerInfoImpl.java:lambda$new$0(48)) - omNode-1@group-523986131536->omNode-3: nextIndex: updateUnconditionally 316 -> 45
2022-10-18 21:56:51,441 [grpc-default-executor-0] WARN  server.GrpcLogAppender (LogUtils.java:warn(122)) - omNode-1@group-523986131536->omNode-3-AppendLogResponseHandler: Failed appendEntries: org.apache.ratis.thirdparty.io.grpc.StatusRuntimeException: UNAVAILABLE: io exception
2022-10-18 21:56:51,441 [grpc-default-executor-0] INFO  leader.FollowerInfo (FollowerInfoImpl.java:lambda$new$0(48)) - omNode-1@group-523986131536->omNode-3: nextIndex: updateUnconditionally 317 -> 45
2022-10-18 21:56:51,442 [grpc-default-executor-3] WARN  server.GrpcLogAppender (LogUtils.java:warn(122)) - omNode-1@group-523986131536->omNode-3-AppendLogResponseHandler: Failed appendEntries: org.apache.ratis.thirdparty.io.grpc.StatusRuntimeException: UNAVAILABLE: io exception
2022-10-18 21:56:51,442 [grpc-default-executor-3] INFO  leader.FollowerInfo (FollowerInfoImpl.java:lambda$new$0(48)) - omNode-1@group-523986131536->omNode-3: nextIndex: updateUnconditionally 317 -> 45
2022-10-18 21:56:51,443 [grpc-default-executor-3] WARN  server.GrpcLogAppender (LogUtils.java:warn(122)) - omNode-1@group-523986131536->omNode-3-AppendLogResponseHandler: Failed appendEntries: org.apache.ratis.thirdparty.io.grpc.StatusRuntimeException: UNAVAILABLE: io exception
2022-10-18 21:56:51,443 [grpc-default-executor-3] INFO  leader.FollowerInfo (FollowerInfoImpl.java:lambda$new$0(48)) - omNode-1@group-523986131536->omNode-3: nextIndex: updateUnconditionally 318 -> 45
2022-10-18 21:56:51,444 [grpc-default-executor-0] WARN  server.GrpcLogAppender (LogUtils.java:warn(122)) - omNode-1@group-523986131536->omNode-3-AppendLogResponseHandler: Failed appendEntries: org.apache.ratis.thirdparty.io.grpc.StatusRuntimeException: UNAVAILABLE: io exception
2022-10-18 21:56:51,444 [grpc-default-executor-0] INFO  leader.FollowerInfo (FollowerInfoImpl.java:lambda$new$0(48)) - omNode-1@group-523986131536->omNode-3: nextIndex: updateUnconditionally 318 -> 45
2022-10-18 21:56:51,446 [grpc-default-executor-2] WARN  server.GrpcLogAppender (LogUtils.java:warn(122)) - omNode-1@group-523986131536->omNode-3-AppendLogResponseHandler: Failed appendEntries: org.apache.ratis.thirdparty.io.grpc.StatusRuntimeException: UNAVAILABLE: io exception
2022-10-18 21:56:51,446 [grpc-default-executor-2] INFO  leader.FollowerInfo (FollowerInfoImpl.java:lambda$new$0(48)) - omNode-1@group-523986131536->omNode-3: nextIndex: updateUnconditionally 319 -> 45
2022-10-18 21:56:51,447 [grpc-default-executor-2] WARN  server.GrpcLogAppender (LogUtils.java:warn(122)) - omNode-1@group-523986131536->omNode-3-AppendLogResponseHandler: Failed appendEntries: org.apache.ratis.thirdparty.io.grpc.StatusRuntimeException: UNAVAILABLE: io exception
2022-10-18 21:56:51,447 [grpc-default-executor-2] INFO  leader.FollowerInfo (FollowerInfoImpl.java:lambda$new$0(48)) - omNode-1@group-523986131536->omNode-3: nextIndex: updateUnconditionally 319 -> 45
2022-10-18 21:56:51,450 [grpc-default-executor-2] WARN  server.GrpcLogAppender (LogUtils.java:warn(122)) - omNode-1@group-523986131536->omNode-3-AppendLogResponseHandler: Failed appendEntries: org.apache.ratis.thirdparty.io.grpc.StatusRuntimeException: UNAVAILABLE: io exception
2022-10-18 21:56:51,451 [grpc-default-executor-2] INFO  leader.FollowerInfo (FollowerInfoImpl.java:lambda$new$0(48)) - omNode-1@group-523986131536->omNode-3: nextIndex: updateUnconditionally 320 -> 45
2022-10-18 21:56:51,451 [grpc-default-executor-0] WARN  server.GrpcLogAppender (LogUtils.java:warn(122)) - omNode-1@group-523986131536->omNode-3-AppendLogResponseHandler: Failed appendEntries: org.apache.ratis.thirdparty.io.grpc.StatusRuntimeException: UNAVAILABLE: io exception
2022-10-18 21:56:51,452 [grpc-default-executor-0] INFO  leader.FollowerInfo (FollowerInfoImpl.java:lambda$new$0(48)) - omNode-1@group-523986131536->omNode-3: nextIndex: updateUnconditionally 320 -> 45
2022-10-18 21:56:51,452 [grpc-default-executor-0] WARN  server.GrpcLogAppender (LogUtils.java:warn(122)) - omNode-1@group-523986131536->omNode-3-AppendLogResponseHandler: Failed appendEntries: org.apache.ratis.thirdparty.io.grpc.StatusRuntimeException: UNAVAILABLE: io exception
2022-10-18 21:56:51,452 [grpc-default-executor-0] INFO  leader.FollowerInfo (FollowerInfoImpl.java:lambda$new$0(48)) - omNode-1@group-523986131536->omNode-3: nextIndex: updateUnconditionally 321 -> 45
2022-10-18 21:56:51,454 [grpc-default-executor-2] WARN  server.GrpcLogAppender (LogUtils.java:warn(122)) - omNode-1@group-523986131536->omNode-3-AppendLogResponseHandler: Failed appendEntries: org.apache.ratis.thirdparty.io.grpc.StatusRuntimeException: UNAVAILABLE: io exception
2022-10-18 21:56:51,454 [grpc-default-executor-2] INFO  leader.FollowerInfo (FollowerInfoImpl.java:lambda$new$0(48)) - omNode-1@group-523986131536->omNode-3: nextIndex: updateUnconditionally 322 -> 45
2022-10-18 21:56:51,455 [grpc-default-executor-2] WARN  server.GrpcLogAppender (LogUtils.java:warn(122)) - omNode-1@group-523986131536->omNode-3-AppendLogResponseHandler: Failed appendEntries: org.apache.ratis.thirdparty.io.grpc.StatusRuntimeException: UNAVAILABLE: io exception
2022-10-18 21:56:51,455 [grpc-default-executor-2] INFO  leader.FollowerInfo (FollowerInfoImpl.java:lambda$new$0(48)) - omNode-1@group-523986131536->omNode-3: nextIndex: updateUnconditionally 322 -> 45
2022-10-18 21:56:51,456 [grpc-default-executor-0] WARN  server.GrpcLogAppender (LogUtils.java:warn(122)) - omNode-1@group-523986131536->omNode-3-AppendLogResponseHandler: Failed appendEntries: org.apache.ratis.thirdparty.io.grpc.StatusRuntimeException: UNAVAILABLE: io exception
2022-10-18 21:56:51,456 [grpc-default-executor-0] INFO  leader.FollowerInfo (FollowerInfoImpl.java:lambda$new$0(48)) - omNode-1@group-523986131536->omNode-3: nextIndex: updateUnconditionally 323 -> 45
2022-10-18 21:56:51,458 [grpc-default-executor-2] WARN  server.GrpcLogAppender (LogUtils.java:warn(122)) - omNode-1@group-523986131536->omNode-3-AppendLogResponseHandler: Failed appendEntries: org.apache.ratis.thirdparty.io.grpc.StatusRuntimeException: UNAVAILABLE: io exception
2022-10-18 21:56:51,458 [grpc-default-executor-2] INFO  leader.FollowerInfo (FollowerInfoImpl.java:lambda$new$0(48)) - omNode-1@group-523986131536->omNode-3: nextIndex: updateUnconditionally 323 -> 45
2022-10-18 21:56:51,459 [grpc-default-executor-0] WARN  server.GrpcLogAppender (LogUtils.java:warn(122)) - omNode-1@group-523986131536->omNode-3-AppendLogResponseHandler: Failed appendEntries: org.apache.ratis.thirdparty.io.grpc.StatusRuntimeException: UNAVAILABLE: io exception
2022-10-18 21:56:51,459 [grpc-default-executor-0] INFO  leader.FollowerInfo (FollowerInfoImpl.java:lambda$new$0(48)) - omNode-1@group-523986131536->omNode-3: nextIndex: updateUnconditionally 323 -> 45
2022-10-18 21:56:51,459 [grpc-default-executor-0] WARN  server.GrpcLogAppender (LogUtils.java:warn(122)) - omNode-1@group-523986131536->omNode-3-AppendLogResponseHandler: Failed appendEntries: org.apache.ratis.thirdparty.io.grpc.StatusRuntimeException: UNAVAILABLE: io exception
2022-10-18 21:56:51,460 [grpc-default-executor-0] INFO  leader.FollowerInfo (FollowerInfoImpl.java:lambda$new$0(48)) - omNode-1@group-523986131536->omNode-3: nextIndex: updateUnconditionally 323 -> 45
2022-10-18 21:56:51,460 [grpc-default-executor-3] WARN  server.GrpcLogAppender (LogUtils.java:warn(122)) - omNode-1@group-523986131536->omNode-3-AppendLogResponseHandler: Failed appendEntries: org.apache.ratis.thirdparty.io.grpc.StatusRuntimeException: UNAVAILABLE: io exception
2022-10-18 21:56:51,460 [grpc-default-executor-3] INFO  leader.FollowerInfo (FollowerInfoImpl.java:lambda$new$0(48)) - omNode-1@group-523986131536->omNode-3: nextIndex: updateUnconditionally 323 -> 45
2022-10-18 21:56:51,466 [grpc-default-executor-0] WARN  server.GrpcLogAppender (LogUtils.java:warn(122)) - omNode-1@group-523986131536->omNode-3-AppendLogResponseHandler: Failed appendEntries: org.apache.ratis.thirdparty.io.grpc.StatusRuntimeException: UNAVAILABLE: io exception
2022-10-18 21:56:51,467 [grpc-default-executor-0] INFO  leader.FollowerInfo (FollowerInfoImpl.java:lambda$new$0(48)) - omNode-1@group-523986131536->omNode-3: nextIndex: updateUnconditionally 324 -> 45
2022-10-18 21:56:51,468 [grpc-default-executor-2] WARN  server.GrpcLogAppender (LogUtils.java:warn(122)) - omNode-1@group-523986131536->omNode-3-AppendLogResponseHandler: Failed appendEntries: org.apache.ratis.thirdparty.io.grpc.StatusRuntimeException: UNAVAILABLE: io exception
2022-10-18 21:56:51,469 [grpc-default-executor-2] INFO  leader.FollowerInfo (FollowerInfoImpl.java:lambda$new$0(48)) - omNode-1@group-523986131536->omNode-3: nextIndex: updateUnconditionally 324 -> 45
2022-10-18 21:56:51,471 [grpc-default-executor-0] WARN  server.GrpcLogAppender (LogUtils.java:warn(122)) - omNode-1@group-523986131536->omNode-3-AppendLogResponseHandler: Failed appendEntries: org.apache.ratis.thirdparty.io.grpc.StatusRuntimeException: UNAVAILABLE: io exception
2022-10-18 21:56:51,471 [grpc-default-executor-0] INFO  leader.FollowerInfo (FollowerInfoImpl.java:lambda$new$0(48)) - omNode-1@group-523986131536->omNode-3: nextIndex: updateUnconditionally 326 -> 45
2022-10-18 21:56:51,472 [grpc-default-executor-0] WARN  server.GrpcLogAppender (LogUtils.java:warn(122)) - omNode-1@group-523986131536->omNode-3-AppendLogResponseHandler: Failed appendEntries: org.apache.ratis.thirdparty.io.grpc.StatusRuntimeException: UNAVAILABLE: io exception
2022-10-18 21:56:51,472 [grpc-default-executor-0] INFO  leader.FollowerInfo (FollowerInfoImpl.java:lambda$new$0(48)) - omNode-1@group-523986131536->omNode-3: nextIndex: updateUnconditionally 326 -> 45
2022-10-18 21:56:51,473 [grpc-default-executor-0] WARN  server.GrpcLogAppender (LogUtils.java:warn(122)) - omNode-1@group-523986131536->omNode-3-AppendLogResponseHandler: Failed appendEntries: org.apache.ratis.thirdparty.io.grpc.StatusRuntimeException: UNAVAILABLE: io exception
2022-10-18 21:56:51,473 [grpc-default-executor-0] INFO  leader.FollowerInfo (FollowerInfoImpl.java:lambda$new$0(48)) - omNode-1@group-523986131536->omNode-3: nextIndex: updateUnconditionally 327 -> 45
2022-10-18 21:56:51,478 [grpc-default-executor-2] WARN  server.GrpcLogAppender (LogUtils.java:warn(122)) - omNode-1@group-523986131536->omNode-3-AppendLogResponseHandler: Failed appendEntries: org.apache.ratis.thirdparty.io.grpc.StatusRuntimeException: UNAVAILABLE: io exception
2022-10-18 21:56:51,478 [grpc-default-executor-2] INFO  leader.FollowerInfo (FollowerInfoImpl.java:lambda$new$0(48)) - omNode-1@group-523986131536->omNode-3: nextIndex: updateUnconditionally 328 -> 45
2022-10-18 21:56:51,478 [grpc-default-executor-0] WARN  server.GrpcLogAppender (LogUtils.java:warn(122)) - omNode-1@group-523986131536->omNode-3-AppendLogResponseHandler: Failed appendEntries: org.apache.ratis.thirdparty.io.grpc.StatusRuntimeException: UNAVAILABLE: io exception
2022-10-18 21:56:51,479 [grpc-default-executor-0] INFO  leader.FollowerInfo (FollowerInfoImpl.java:lambda$new$0(48)) - omNode-1@group-523986131536->omNode-3: nextIndex: updateUnconditionally 328 -> 45
2022-10-18 21:56:51,480 [grpc-default-executor-0] WARN  server.GrpcLogAppender (LogUtils.java:warn(122)) - omNode-1@group-523986131536->omNode-3-AppendLogResponseHandler: Failed appendEntries: org.apache.ratis.thirdparty.io.grpc.StatusRuntimeException: UNAVAILABLE: io exception
2022-10-18 21:56:51,480 [grpc-default-executor-0] INFO  leader.FollowerInfo (FollowerInfoImpl.java:lambda$new$0(48)) - omNode-1@group-523986131536->omNode-3: nextIndex: updateUnconditionally 329 -> 45
2022-10-18 21:56:51,485 [grpc-default-executor-2] WARN  server.GrpcLogAppender (LogUtils.java:warn(122)) - omNode-1@group-523986131536->omNode-3-AppendLogResponseHandler: Failed appendEntries: org.apache.ratis.thirdparty.io.grpc.StatusRuntimeException: UNAVAILABLE: io exception
2022-10-18 21:56:51,486 [grpc-default-executor-2] INFO  leader.FollowerInfo (FollowerInfoImpl.java:lambda$new$0(48)) - omNode-1@group-523986131536->omNode-3: nextIndex: updateUnconditionally 330 -> 45
2022-10-18 21:56:51,486 [grpc-default-executor-2] WARN  server.GrpcLogAppender (LogUtils.java:warn(122)) - omNode-1@group-523986131536->omNode-3-AppendLogResponseHandler: Failed appendEntries: org.apache.ratis.thirdparty.io.grpc.StatusRuntimeException: UNAVAILABLE: io exception
2022-10-18 21:56:51,486 [grpc-default-executor-2] INFO  leader.FollowerInfo (FollowerInfoImpl.java:lambda$new$0(48)) - omNode-1@group-523986131536->omNode-3: nextIndex: updateUnconditionally 331 -> 45
2022-10-18 21:56:51,488 [grpc-default-executor-2] WARN  server.GrpcLogAppender (LogUtils.java:warn(122)) - omNode-1@group-523986131536->omNode-3-AppendLogResponseHandler: Failed appendEntries: org.apache.ratis.thirdparty.io.grpc.StatusRuntimeException: UNAVAILABLE: io exception
2022-10-18 21:56:51,488 [grpc-default-executor-2] INFO  leader.FollowerInfo (FollowerInfoImpl.java:lambda$new$0(48)) - omNode-1@group-523986131536->omNode-3: nextIndex: updateUnconditionally 331 -> 45
2022-10-18 21:56:51,489 [grpc-default-executor-0] WARN  server.GrpcLogAppender (LogUtils.java:warn(122)) - omNode-1@group-523986131536->omNode-3-AppendLogResponseHandler: Failed appendEntries: org.apache.ratis.thirdparty.io.grpc.StatusRuntimeException: UNAVAILABLE: io exception
2022-10-18 21:56:51,489 [grpc-default-executor-0] INFO  leader.FollowerInfo (FollowerInfoImpl.java:lambda$new$0(48)) - omNode-1@group-523986131536->omNode-3: nextIndex: updateUnconditionally 331 -> 45
2022-10-18 21:56:51,492 [grpc-default-executor-2] WARN  server.GrpcLogAppender (LogUtils.java:warn(122)) - omNode-1@group-523986131536->omNode-3-AppendLogResponseHandler: Failed appendEntries: org.apache.ratis.thirdparty.io.grpc.StatusRuntimeException: UNAVAILABLE: io exception
2022-10-18 21:56:51,492 [grpc-default-executor-2] INFO  leader.FollowerInfo (FollowerInfoImpl.java:lambda$new$0(48)) - omNode-1@group-523986131536->omNode-3: nextIndex: updateUnconditionally 332 -> 45
2022-10-18 21:56:51,493 [grpc-default-executor-2] WARN  server.GrpcLogAppender (LogUtils.java:warn(122)) - omNode-1@group-523986131536->omNode-3-AppendLogResponseHandler: Failed appendEntries: org.apache.ratis.thirdparty.io.grpc.StatusRuntimeException: UNAVAILABLE: io exception
2022-10-18 21:56:51,493 [grpc-default-executor-2] INFO  leader.FollowerInfo (FollowerInfoImpl.java:lambda$new$0(48)) - omNode-1@group-523986131536->omNode-3: nextIndex: updateUnconditionally 332 -> 45
2022-10-18 21:56:51,494 [grpc-default-executor-0] WARN  server.GrpcLogAppender (LogUtils.java:warn(122)) - omNode-1@group-523986131536->omNode-3-AppendLogResponseHandler: Failed appendEntries: org.apache.ratis.thirdparty.io.grpc.StatusRuntimeException: UNAVAILABLE: io exception
2022-10-18 21:56:51,494 [grpc-default-executor-0] INFO  leader.FollowerInfo (FollowerInfoImpl.java:lambda$new$0(48)) - omNode-1@group-523986131536->omNode-3: nextIndex: updateUnconditionally 333 -> 45
2022-10-18 21:56:51,495 [grpc-default-executor-2] WARN  server.GrpcLogAppender (LogUtils.java:warn(122)) - omNode-1@group-523986131536->omNode-3-AppendLogResponseHandler: Failed appendEntries: org.apache.ratis.thirdparty.io.grpc.StatusRuntimeException: UNAVAILABLE: io exception
2022-10-18 21:56:51,495 [grpc-default-executor-2] INFO  leader.FollowerInfo (FollowerInfoImpl.java:lambda$new$0(48)) - omNode-1@group-523986131536->omNode-3: nextIndex: updateUnconditionally 333 -> 45
2022-10-18 21:56:51,496 [grpc-default-executor-0] WARN  server.GrpcLogAppender (LogUtils.java:warn(122)) - omNode-1@group-523986131536->omNode-3-AppendLogResponseHandler: Failed appendEntries: org.apache.ratis.thirdparty.io.grpc.StatusRuntimeException: UNAVAILABLE: io exception
2022-10-18 21:56:51,496 [grpc-default-executor-0] INFO  leader.FollowerInfo (FollowerInfoImpl.java:lambda$new$0(48)) - omNode-1@group-523986131536->omNode-3: nextIndex: updateUnconditionally 334 -> 45
2022-10-18 21:56:51,497 [grpc-default-executor-0] WARN  server.GrpcLogAppender (LogUtils.java:warn(122)) - omNode-1@group-523986131536->omNode-3-AppendLogResponseHandler: Failed appendEntries: org.apache.ratis.thirdparty.io.grpc.StatusRuntimeException: UNAVAILABLE: io exception
2022-10-18 21:56:51,497 [grpc-default-executor-0] INFO  leader.FollowerInfo (FollowerInfoImpl.java:lambda$new$0(48)) - omNode-1@group-523986131536->omNode-3: nextIndex: updateUnconditionally 334 -> 45
2022-10-18 21:56:51,497 [grpc-default-executor-0] WARN  server.GrpcLogAppender (LogUtils.java:warn(122)) - omNode-1@group-523986131536->omNode-3-AppendLogResponseHandler: Failed appendEntries: org.apache.ratis.thirdparty.io.grpc.StatusRuntimeException: UNAVAILABLE: io exception
2022-10-18 21:56:51,498 [grpc-default-executor-0] INFO  leader.FollowerInfo (FollowerInfoImpl.java:lambda$new$0(48)) - omNode-1@group-523986131536->omNode-3: nextIndex: updateUnconditionally 335 -> 45
2022-10-18 21:56:51,502 [grpc-default-executor-2] WARN  server.GrpcLogAppender (LogUtils.java:warn(122)) - omNode-1@group-523986131536->omNode-3-AppendLogResponseHandler: Failed appendEntries: org.apache.ratis.thirdparty.io.grpc.StatusRuntimeException: UNAVAILABLE: io exception
2022-10-18 21:56:51,502 [grpc-default-executor-2] INFO  leader.FollowerInfo (FollowerInfoImpl.java:lambda$new$0(48)) - omNode-1@group-523986131536->omNode-3: nextIndex: updateUnconditionally 336 -> 45
2022-10-18 21:56:51,503 [grpc-default-executor-2] WARN  server.GrpcLogAppender (LogUtils.java:warn(122)) - omNode-1@group-523986131536->omNode-3-AppendLogResponseHandler: Failed appendEntries: org.apache.ratis.thirdparty.io.grpc.StatusRuntimeException: UNAVAILABLE: io exception
2022-10-18 21:56:51,503 [grpc-default-executor-2] INFO  leader.FollowerInfo (FollowerInfoImpl.java:lambda$new$0(48)) - omNode-1@group-523986131536->omNode-3: nextIndex: updateUnconditionally 336 -> 45
2022-10-18 21:56:51,504 [grpc-default-executor-2] WARN  server.GrpcLogAppender (LogUtils.java:warn(122)) - omNode-1@group-523986131536->omNode-3-AppendLogResponseHandler: Failed appendEntries: org.apache.ratis.thirdparty.io.grpc.StatusRuntimeException: UNAVAILABLE: io exception
2022-10-18 21:56:51,504 [grpc-default-executor-2] INFO  leader.FollowerInfo (FollowerInfoImpl.java:lambda$new$0(48)) - omNode-1@group-523986131536->omNode-3: nextIndex: updateUnconditionally 337 -> 45
2022-10-18 21:56:51,506 [grpc-default-executor-0] WARN  server.GrpcLogAppender (LogUtils.java:warn(122)) - omNode-1@group-523986131536->omNode-3-AppendLogResponseHandler: Failed appendEntries: org.apache.ratis.thirdparty.io.grpc.StatusRuntimeException: UNAVAILABLE: io exception
2022-10-18 21:56:51,506 [grpc-default-executor-0] INFO  leader.FollowerInfo (FollowerInfoImpl.java:lambda$new$0(48)) - omNode-1@group-523986131536->omNode-3: nextIndex: updateUnconditionally 338 -> 45
2022-10-18 21:56:51,508 [grpc-default-executor-2] WARN  server.GrpcLogAppender (LogUtils.java:warn(122)) - omNode-1@group-523986131536->omNode-3-AppendLogResponseHandler: Failed appendEntries: org.apache.ratis.thirdparty.io.grpc.StatusRuntimeException: UNAVAILABLE: io exception
2022-10-18 21:56:51,508 [grpc-default-executor-2] INFO  leader.FollowerInfo (FollowerInfoImpl.java:lambda$new$0(48)) - omNode-1@group-523986131536->omNode-3: nextIndex: updateUnconditionally 338 -> 45
2022-10-18 21:56:51,508 [grpc-default-executor-0] WARN  server.GrpcLogAppender (LogUtils.java:warn(122)) - omNode-1@group-523986131536->omNode-3-AppendLogResponseHandler: Failed appendEntries: org.apache.ratis.thirdparty.io.grpc.StatusRuntimeException: UNAVAILABLE: io exception
2022-10-18 21:56:51,509 [grpc-default-executor-0] INFO  leader.FollowerInfo (FollowerInfoImpl.java:lambda$new$0(48)) - omNode-1@group-523986131536->omNode-3: nextIndex: updateUnconditionally 339 -> 45
2022-10-18 21:56:51,509 [grpc-default-executor-3] WARN  server.GrpcLogAppender (LogUtils.java:warn(122)) - omNode-1@group-523986131536->omNode-3-AppendLogResponseHandler: Failed appendEntries: org.apache.ratis.thirdparty.io.grpc.StatusRuntimeException: UNAVAILABLE: io exception
2022-10-18 21:56:51,509 [grpc-default-executor-3] INFO  leader.FollowerInfo (FollowerInfoImpl.java:lambda$new$0(48)) - omNode-1@group-523986131536->omNode-3: nextIndex: updateUnconditionally 339 -> 45
2022-10-18 21:56:51,510 [grpc-default-executor-3] WARN  server.GrpcLogAppender (LogUtils.java:warn(122)) - omNode-1@group-523986131536->omNode-3-AppendLogResponseHandler: Failed appendEntries: org.apache.ratis.thirdparty.io.grpc.StatusRuntimeException: UNAVAILABLE: io exception
2022-10-18 21:56:51,510 [grpc-default-executor-3] INFO  leader.FollowerInfo (FollowerInfoImpl.java:lambda$new$0(48)) - omNode-1@group-523986131536->omNode-3: nextIndex: updateUnconditionally 339 -> 45
2022-10-18 21:56:51,511 [grpc-default-executor-3] WARN  server.GrpcLogAppender (LogUtils.java:warn(122)) - omNode-1@group-523986131536->omNode-3-AppendLogResponseHandler: Failed appendEntries: org.apache.ratis.thirdparty.io.grpc.StatusRuntimeException: UNAVAILABLE: io exception
2022-10-18 21:56:51,511 [grpc-default-executor-3] INFO  leader.FollowerInfo (FollowerInfoImpl.java:lambda$new$0(48)) - omNode-1@group-523986131536->omNode-3: nextIndex: updateUnconditionally 339 -> 45
2022-10-18 21:56:51,513 [grpc-default-executor-2] WARN  server.GrpcLogAppender (LogUtils.java:warn(122)) - omNode-1@group-523986131536->omNode-3-AppendLogResponseHandler: Failed appendEntries: org.apache.ratis.thirdparty.io.grpc.StatusRuntimeException: UNAVAILABLE: io exception
2022-10-18 21:56:51,513 [grpc-default-executor-2] INFO  leader.FollowerInfo (FollowerInfoImpl.java:lambda$new$0(48)) - omNode-1@group-523986131536->omNode-3: nextIndex: updateUnconditionally 340 -> 45
2022-10-18 21:56:51,514 [grpc-default-executor-3] WARN  server.GrpcLogAppender (LogUtils.java:warn(122)) - omNode-1@group-523986131536->omNode-3-AppendLogResponseHandler: Failed appendEntries: org.apache.ratis.thirdparty.io.grpc.StatusRuntimeException: UNAVAILABLE: io exception
2022-10-18 21:56:51,514 [grpc-default-executor-3] INFO  leader.FollowerInfo (FollowerInfoImpl.java:lambda$new$0(48)) - omNode-1@group-523986131536->omNode-3: nextIndex: updateUnconditionally 340 -> 45
2022-10-18 21:56:51,514 [grpc-default-executor-3] WARN  server.GrpcLogAppender (LogUtils.java:warn(122)) - omNode-1@group-523986131536->omNode-3-AppendLogResponseHandler: Failed appendEntries: org.apache.ratis.thirdparty.io.grpc.StatusRuntimeException: UNAVAILABLE: io exception
2022-10-18 21:56:51,515 [grpc-default-executor-3] INFO  leader.FollowerInfo (FollowerInfoImpl.java:lambda$new$0(48)) - omNode-1@group-523986131536->omNode-3: nextIndex: updateUnconditionally 341 -> 45
2022-10-18 21:56:51,516 [grpc-default-executor-2] WARN  server.GrpcLogAppender (LogUtils.java:warn(122)) - omNode-1@group-523986131536->omNode-3-AppendLogResponseHandler: Failed appendEntries: org.apache.ratis.thirdparty.io.grpc.StatusRuntimeException: UNAVAILABLE: io exception
2022-10-18 21:56:51,517 [grpc-default-executor-2] INFO  leader.FollowerInfo (FollowerInfoImpl.java:lambda$new$0(48)) - omNode-1@group-523986131536->omNode-3: nextIndex: updateUnconditionally 342 -> 45
2022-10-18 21:56:51,517 [grpc-default-executor-0] WARN  server.GrpcLogAppender (LogUtils.java:warn(122)) - omNode-1@group-523986131536->omNode-3-AppendLogResponseHandler: Failed appendEntries: org.apache.ratis.thirdparty.io.grpc.StatusRuntimeException: UNAVAILABLE: io exception
2022-10-18 21:56:51,517 [grpc-default-executor-0] INFO  leader.FollowerInfo (FollowerInfoImpl.java:lambda$new$0(48)) - omNode-1@group-523986131536->omNode-3: nextIndex: updateUnconditionally 342 -> 45
2022-10-18 21:56:51,517 [grpc-default-executor-3] WARN  server.GrpcLogAppender (LogUtils.java:warn(122)) - omNode-1@group-523986131536->omNode-3-AppendLogResponseHandler: Failed appendEntries: org.apache.ratis.thirdparty.io.grpc.StatusRuntimeException: UNAVAILABLE: io exception
2022-10-18 21:56:51,518 [grpc-default-executor-3] INFO  leader.FollowerInfo (FollowerInfoImpl.java:lambda$new$0(48)) - omNode-1@group-523986131536->omNode-3: nextIndex: updateUnconditionally 343 -> 45
2022-10-18 21:56:51,519 [grpc-default-executor-3] WARN  server.GrpcLogAppender (LogUtils.java:warn(122)) - omNode-1@group-523986131536->omNode-3-AppendLogResponseHandler: Failed appendEntries: org.apache.ratis.thirdparty.io.grpc.StatusRuntimeException: UNAVAILABLE: io exception
2022-10-18 21:56:51,519 [grpc-default-executor-3] INFO  leader.FollowerInfo (FollowerInfoImpl.java:lambda$new$0(48)) - omNode-1@group-523986131536->omNode-3: nextIndex: updateUnconditionally 343 -> 45
2022-10-18 21:56:51,526 [grpc-default-executor-0] WARN  server.GrpcLogAppender (LogUtils.java:warn(122)) - omNode-1@group-523986131536->omNode-3-AppendLogResponseHandler: Failed appendEntries: org.apache.ratis.thirdparty.io.grpc.StatusRuntimeException: UNAVAILABLE: io exception
2022-10-18 21:56:51,527 [grpc-default-executor-0] INFO  leader.FollowerInfo (FollowerInfoImpl.java:lambda$new$0(48)) - omNode-1@group-523986131536->omNode-3: nextIndex: updateUnconditionally 344 -> 45
2022-10-18 21:56:51,528 [grpc-default-executor-0] WARN  server.GrpcLogAppender (LogUtils.java:warn(122)) - omNode-1@group-523986131536->omNode-3-AppendLogResponseHandler: Failed appendEntries: org.apache.ratis.thirdparty.io.grpc.StatusRuntimeException: UNAVAILABLE: io exception
2022-10-18 21:56:51,528 [grpc-default-executor-0] INFO  leader.FollowerInfo (FollowerInfoImpl.java:lambda$new$0(48)) - omNode-1@group-523986131536->omNode-3: nextIndex: updateUnconditionally 344 -> 45
2022-10-18 21:56:51,529 [grpc-default-executor-0] WARN  server.GrpcLogAppender (LogUtils.java:warn(122)) - omNode-1@group-523986131536->omNode-3-AppendLogResponseHandler: Failed appendEntries: org.apache.ratis.thirdparty.io.grpc.StatusRuntimeException: UNAVAILABLE: io exception
2022-10-18 21:56:51,530 [grpc-default-executor-0] INFO  leader.FollowerInfo (FollowerInfoImpl.java:lambda$new$0(48)) - omNode-1@group-523986131536->omNode-3: nextIndex: updateUnconditionally 345 -> 45
2022-10-18 21:56:51,530 [grpc-default-executor-3] WARN  server.GrpcLogAppender (LogUtils.java:warn(122)) - omNode-1@group-523986131536->omNode-3-AppendLogResponseHandler: Failed appendEntries: org.apache.ratis.thirdparty.io.grpc.StatusRuntimeException: UNAVAILABLE: io exception
2022-10-18 21:56:51,531 [grpc-default-executor-3] INFO  leader.FollowerInfo (FollowerInfoImpl.java:lambda$new$0(48)) - omNode-1@group-523986131536->omNode-3: nextIndex: updateUnconditionally 345 -> 45
2022-10-18 21:56:51,534 [grpc-default-executor-3] WARN  server.GrpcLogAppender (LogUtils.java:warn(122)) - omNode-1@group-523986131536->omNode-3-AppendLogResponseHandler: Failed appendEntries: org.apache.ratis.thirdparty.io.grpc.StatusRuntimeException: UNAVAILABLE: io exception
2022-10-18 21:56:51,534 [grpc-default-executor-3] INFO  leader.FollowerInfo (FollowerInfoImpl.java:lambda$new$0(48)) - omNode-1@group-523986131536->omNode-3: nextIndex: updateUnconditionally 347 -> 45
2022-10-18 21:56:51,535 [grpc-default-executor-0] WARN  server.GrpcLogAppender (LogUtils.java:warn(122)) - omNode-1@group-523986131536->omNode-3-AppendLogResponseHandler: Failed appendEntries: org.apache.ratis.thirdparty.io.grpc.StatusRuntimeException: UNAVAILABLE: io exception
2022-10-18 21:56:51,535 [grpc-default-executor-0] INFO  leader.FollowerInfo (FollowerInfoImpl.java:lambda$new$0(48)) - omNode-1@group-523986131536->omNode-3: nextIndex: updateUnconditionally 347 -> 45
2022-10-18 21:56:51,536 [grpc-default-executor-0] WARN  server.GrpcLogAppender (LogUtils.java:warn(122)) - omNode-1@group-523986131536->omNode-3-AppendLogResponseHandler: Failed appendEntries: org.apache.ratis.thirdparty.io.grpc.StatusRuntimeException: UNAVAILABLE: io exception
2022-10-18 21:56:51,537 [grpc-default-executor-0] INFO  leader.FollowerInfo (FollowerInfoImpl.java:lambda$new$0(48)) - omNode-1@group-523986131536->omNode-3: nextIndex: updateUnconditionally 347 -> 45
2022-10-18 21:56:51,540 [grpc-default-executor-0] WARN  server.GrpcLogAppender (LogUtils.java:warn(122)) - omNode-1@group-523986131536->omNode-3-AppendLogResponseHandler: Failed appendEntries: org.apache.ratis.thirdparty.io.grpc.StatusRuntimeException: UNAVAILABLE: io exception
2022-10-18 21:56:51,540 [grpc-default-executor-0] INFO  leader.FollowerInfo (FollowerInfoImpl.java:lambda$new$0(48)) - omNode-1@group-523986131536->omNode-3: nextIndex: updateUnconditionally 348 -> 45
2022-10-18 21:56:51,540 [grpc-default-executor-3] WARN  server.GrpcLogAppender (LogUtils.java:warn(122)) - omNode-1@group-523986131536->omNode-3-AppendLogResponseHandler: Failed appendEntries: org.apache.ratis.thirdparty.io.grpc.StatusRuntimeException: UNAVAILABLE: io exception
2022-10-18 21:56:51,540 [grpc-default-executor-3] INFO  leader.FollowerInfo (FollowerInfoImpl.java:lambda$new$0(48)) - omNode-1@group-523986131536->omNode-3: nextIndex: updateUnconditionally 348 -> 45
2022-10-18 21:56:51,542 [grpc-default-executor-3] WARN  server.GrpcLogAppender (LogUtils.java:warn(122)) - omNode-1@group-523986131536->omNode-3-AppendLogResponseHandler: Failed appendEntries: org.apache.ratis.thirdparty.io.grpc.StatusRuntimeException: UNAVAILABLE: io exception
2022-10-18 21:56:51,542 [grpc-default-executor-3] INFO  leader.FollowerInfo (FollowerInfoImpl.java:lambda$new$0(48)) - omNode-1@group-523986131536->omNode-3: nextIndex: updateUnconditionally 349 -> 45
2022-10-18 21:56:51,543 [grpc-default-executor-0] WARN  server.GrpcLogAppender (LogUtils.java:warn(122)) - omNode-1@group-523986131536->omNode-3-AppendLogResponseHandler: Failed appendEntries: org.apache.ratis.thirdparty.io.grpc.StatusRuntimeException: UNAVAILABLE: io exception
2022-10-18 21:56:51,543 [grpc-default-executor-0] INFO  leader.FollowerInfo (FollowerInfoImpl.java:lambda$new$0(48)) - omNode-1@group-523986131536->omNode-3: nextIndex: updateUnconditionally 350 -> 45
2022-10-18 21:56:51,544 [grpc-default-executor-3] WARN  server.GrpcLogAppender (LogUtils.java:warn(122)) - omNode-1@group-523986131536->omNode-3-AppendLogResponseHandler: Failed appendEntries: org.apache.ratis.thirdparty.io.grpc.StatusRuntimeException: UNAVAILABLE: io exception
2022-10-18 21:56:51,544 [grpc-default-executor-3] INFO  leader.FollowerInfo (FollowerInfoImpl.java:lambda$new$0(48)) - omNode-1@group-523986131536->omNode-3: nextIndex: updateUnconditionally 350 -> 45
2022-10-18 21:56:51,545 [grpc-default-executor-3] WARN  server.GrpcLogAppender (LogUtils.java:warn(122)) - omNode-1@group-523986131536->omNode-3-AppendLogResponseHandler: Failed appendEntries: org.apache.ratis.thirdparty.io.grpc.StatusRuntimeException: UNAVAILABLE: io exception
2022-10-18 21:56:51,545 [grpc-default-executor-3] INFO  leader.FollowerInfo (FollowerInfoImpl.java:lambda$new$0(48)) - omNode-1@group-523986131536->omNode-3: nextIndex: updateUnconditionally 351 -> 45
2022-10-18 21:56:51,550 [grpc-default-executor-0] WARN  server.GrpcLogAppender (LogUtils.java:warn(122)) - omNode-1@group-523986131536->omNode-3-AppendLogResponseHandler: Failed appendEntries: org.apache.ratis.thirdparty.io.grpc.StatusRuntimeException: UNAVAILABLE: io exception
2022-10-18 21:56:51,550 [grpc-default-executor-0] INFO  leader.FollowerInfo (FollowerInfoImpl.java:lambda$new$0(48)) - omNode-1@group-523986131536->omNode-3: nextIndex: updateUnconditionally 352 -> 45
2022-10-18 21:56:51,550 [omNode-2@group-523986131536-StateMachineUpdater] INFO  ratis.OzoneManagerStateMachine (OzoneManagerStateMachine.java:takeSnapshot(441)) - Current Snapshot Index (t:1, i:350)
2022-10-18 21:56:51,551 [omNode-2@group-523986131536-StateMachineUpdater] INFO  impl.StateMachineUpdater (StateMachineUpdater.java:takeSnapshot(287)) - omNode-2@group-523986131536-StateMachineUpdater: Took a snapshot at index 350
2022-10-18 21:56:51,551 [omNode-2@group-523986131536-StateMachineUpdater] INFO  impl.StateMachineUpdater (StateMachineUpdater.java:lambda$new$0(92)) - omNode-2@group-523986131536-StateMachineUpdater: snapshotIndex: updateIncreasingly 300 -> 350
2022-10-18 21:56:51,551 [omNode-2@group-523986131536-StateMachineUpdater] INFO  raftlog.RaftLog (RaftLogBase.java:purge(308)) - omNode-2@group-523986131536-SegmentedRaftLog: purge 350
2022-10-18 21:56:51,551 [omNode-2@group-523986131536-StateMachineUpdater] INFO  raftlog.RaftLog (RaftLogBase.java:lambda$new$0(53)) - omNode-2@group-523986131536-SegmentedRaftLog: snapshotIndex: updateIncreasingly 300 -> 350
2022-10-18 21:56:51,551 [omNode-2@group-523986131536-StateMachineUpdater] INFO  raftlog.RaftLog (RaftLogBase.java:lambda$new$0(53)) - omNode-2@group-523986131536-SegmentedRaftLog: purgeIndex: updateToMax old=300, new=350, updated? true
2022-10-18 21:56:51,551 [grpc-default-executor-3] WARN  server.GrpcLogAppender (LogUtils.java:warn(122)) - omNode-1@group-523986131536->omNode-3-AppendLogResponseHandler: Failed appendEntries: org.apache.ratis.thirdparty.io.grpc.StatusRuntimeException: UNAVAILABLE: io exception
2022-10-18 21:56:51,551 [grpc-default-executor-3] INFO  leader.FollowerInfo (FollowerInfoImpl.java:lambda$new$0(48)) - omNode-1@group-523986131536->omNode-3: nextIndex: updateUnconditionally 352 -> 45
2022-10-18 21:56:51,552 [omNode-1@group-523986131536-StateMachineUpdater] INFO  ratis.OzoneManagerStateMachine (OzoneManagerStateMachine.java:takeSnapshot(441)) - Current Snapshot Index (t:1, i:350)
2022-10-18 21:56:51,552 [omNode-1@group-523986131536-StateMachineUpdater] INFO  impl.StateMachineUpdater (StateMachineUpdater.java:takeSnapshot(287)) - omNode-1@group-523986131536-StateMachineUpdater: Took a snapshot at index 350
2022-10-18 21:56:51,552 [omNode-1@group-523986131536-StateMachineUpdater] INFO  impl.StateMachineUpdater (StateMachineUpdater.java:lambda$new$0(92)) - omNode-1@group-523986131536-StateMachineUpdater: snapshotIndex: updateIncreasingly 300 -> 350
2022-10-18 21:56:51,552 [omNode-1@group-523986131536-StateMachineUpdater] INFO  raftlog.RaftLog (RaftLogBase.java:purge(308)) - omNode-1@group-523986131536-SegmentedRaftLog: purge 350
2022-10-18 21:56:51,552 [omNode-1@group-523986131536-StateMachineUpdater] INFO  raftlog.RaftLog (RaftLogBase.java:lambda$new$0(53)) - omNode-1@group-523986131536-SegmentedRaftLog: snapshotIndex: updateIncreasingly 300 -> 350
2022-10-18 21:56:51,552 [omNode-1@group-523986131536-StateMachineUpdater] INFO  raftlog.RaftLog (RaftLogBase.java:lambda$new$0(53)) - omNode-1@group-523986131536-SegmentedRaftLog: purgeIndex: updateToMax old=300, new=350, updated? true
2022-10-18 21:56:51,553 [grpc-default-executor-3] WARN  server.GrpcLogAppender (LogUtils.java:warn(122)) - omNode-1@group-523986131536->omNode-3-AppendLogResponseHandler: Failed appendEntries: org.apache.ratis.thirdparty.io.grpc.StatusRuntimeException: UNAVAILABLE: io exception
2022-10-18 21:56:51,553 [grpc-default-executor-3] INFO  leader.FollowerInfo (FollowerInfoImpl.java:lambda$new$0(48)) - omNode-1@group-523986131536->omNode-3: nextIndex: updateUnconditionally 353 -> 45
2022-10-18 21:56:51,554 [grpc-default-executor-3] WARN  server.GrpcLogAppender (LogUtils.java:warn(122)) - omNode-1@group-523986131536->omNode-3-AppendLogResponseHandler: Failed appendEntries: org.apache.ratis.thirdparty.io.grpc.StatusRuntimeException: UNAVAILABLE: io exception
2022-10-18 21:56:51,554 [grpc-default-executor-3] INFO  leader.FollowerInfo (FollowerInfoImpl.java:lambda$new$0(48)) - omNode-1@group-523986131536->omNode-3: nextIndex: updateUnconditionally 353 -> 45
2022-10-18 21:56:51,555 [grpc-default-executor-2] WARN  server.GrpcLogAppender (LogUtils.java:warn(122)) - omNode-1@group-523986131536->omNode-3-AppendLogResponseHandler: Failed appendEntries: org.apache.ratis.thirdparty.io.grpc.StatusRuntimeException: UNAVAILABLE: io exception
2022-10-18 21:56:51,555 [grpc-default-executor-2] INFO  leader.FollowerInfo (FollowerInfoImpl.java:lambda$new$0(48)) - omNode-1@group-523986131536->omNode-3: nextIndex: updateUnconditionally 354 -> 45
2022-10-18 21:56:51,556 [grpc-default-executor-2] WARN  server.GrpcLogAppender (LogUtils.java:warn(122)) - omNode-1@group-523986131536->omNode-3-AppendLogResponseHandler: Failed appendEntries: org.apache.ratis.thirdparty.io.grpc.StatusRuntimeException: UNAVAILABLE: io exception
2022-10-18 21:56:51,556 [grpc-default-executor-2] INFO  leader.FollowerInfo (FollowerInfoImpl.java:lambda$new$0(48)) - omNode-1@group-523986131536->omNode-3: nextIndex: updateUnconditionally 354 -> 45
2022-10-18 21:56:51,557 [grpc-default-executor-2] WARN  server.GrpcLogAppender (LogUtils.java:warn(122)) - omNode-1@group-523986131536->omNode-3-AppendLogResponseHandler: Failed appendEntries: org.apache.ratis.thirdparty.io.grpc.StatusRuntimeException: UNAVAILABLE: io exception
2022-10-18 21:56:51,557 [grpc-default-executor-2] INFO  leader.FollowerInfo (FollowerInfoImpl.java:lambda$new$0(48)) - omNode-1@group-523986131536->omNode-3: nextIndex: updateUnconditionally 355 -> 45
2022-10-18 21:56:51,563 [grpc-default-executor-3] WARN  server.GrpcLogAppender (LogUtils.java:warn(122)) - omNode-1@group-523986131536->omNode-3-AppendLogResponseHandler: Failed appendEntries: org.apache.ratis.thirdparty.io.grpc.StatusRuntimeException: UNAVAILABLE: io exception
2022-10-18 21:56:51,563 [grpc-default-executor-3] INFO  leader.FollowerInfo (FollowerInfoImpl.java:lambda$new$0(48)) - omNode-1@group-523986131536->omNode-3: nextIndex: updateUnconditionally 356 -> 45
2022-10-18 21:56:51,564 [grpc-default-executor-2] WARN  server.GrpcLogAppender (LogUtils.java:warn(122)) - omNode-1@group-523986131536->omNode-3-AppendLogResponseHandler: Failed appendEntries: org.apache.ratis.thirdparty.io.grpc.StatusRuntimeException: UNAVAILABLE: io exception
2022-10-18 21:56:51,564 [grpc-default-executor-2] INFO  leader.FollowerInfo (FollowerInfoImpl.java:lambda$new$0(48)) - omNode-1@group-523986131536->omNode-3: nextIndex: updateUnconditionally 356 -> 45
2022-10-18 21:56:51,565 [grpc-default-executor-3] WARN  server.GrpcLogAppender (LogUtils.java:warn(122)) - omNode-1@group-523986131536->omNode-3-AppendLogResponseHandler: Failed appendEntries: org.apache.ratis.thirdparty.io.grpc.StatusRuntimeException: UNAVAILABLE: io exception
2022-10-18 21:56:51,566 [grpc-default-executor-3] INFO  leader.FollowerInfo (FollowerInfoImpl.java:lambda$new$0(48)) - omNode-1@group-523986131536->omNode-3: nextIndex: updateUnconditionally 357 -> 45
2022-10-18 21:56:51,568 [grpc-default-executor-2] WARN  server.GrpcLogAppender (LogUtils.java:warn(122)) - omNode-1@group-523986131536->omNode-3-AppendLogResponseHandler: Failed appendEntries: org.apache.ratis.thirdparty.io.grpc.StatusRuntimeException: UNAVAILABLE: io exception
2022-10-18 21:56:51,568 [grpc-default-executor-2] INFO  leader.FollowerInfo (FollowerInfoImpl.java:lambda$new$0(48)) - omNode-1@group-523986131536->omNode-3: nextIndex: updateUnconditionally 358 -> 45
2022-10-18 21:56:51,570 [grpc-default-executor-3] WARN  server.GrpcLogAppender (LogUtils.java:warn(122)) - omNode-1@group-523986131536->omNode-3-AppendLogResponseHandler: Failed appendEntries: org.apache.ratis.thirdparty.io.grpc.StatusRuntimeException: UNAVAILABLE: io exception
2022-10-18 21:56:51,571 [grpc-default-executor-3] INFO  leader.FollowerInfo (FollowerInfoImpl.java:lambda$new$0(48)) - omNode-1@group-523986131536->omNode-3: nextIndex: updateUnconditionally 358 -> 45
2022-10-18 21:56:51,574 [grpc-default-executor-3] WARN  server.GrpcLogAppender (LogUtils.java:warn(122)) - omNode-1@group-523986131536->omNode-3-AppendLogResponseHandler: Failed appendEntries: org.apache.ratis.thirdparty.io.grpc.StatusRuntimeException: UNAVAILABLE: io exception
2022-10-18 21:56:51,575 [grpc-default-executor-3] INFO  leader.FollowerInfo (FollowerInfoImpl.java:lambda$new$0(48)) - omNode-1@group-523986131536->omNode-3: nextIndex: updateUnconditionally 360 -> 45
2022-10-18 21:56:51,577 [grpc-default-executor-2] WARN  server.GrpcLogAppender (LogUtils.java:warn(122)) - omNode-1@group-523986131536->omNode-3-AppendLogResponseHandler: Failed appendEntries: org.apache.ratis.thirdparty.io.grpc.StatusRuntimeException: UNAVAILABLE: io exception
2022-10-18 21:56:51,577 [grpc-default-executor-2] INFO  leader.FollowerInfo (FollowerInfoImpl.java:lambda$new$0(48)) - omNode-1@group-523986131536->omNode-3: nextIndex: updateUnconditionally 361 -> 45
2022-10-18 21:56:51,578 [grpc-default-executor-3] WARN  server.GrpcLogAppender (LogUtils.java:warn(122)) - omNode-1@group-523986131536->omNode-3-AppendLogResponseHandler: Failed appendEntries: org.apache.ratis.thirdparty.io.grpc.StatusRuntimeException: UNAVAILABLE: io exception
2022-10-18 21:56:51,578 [grpc-default-executor-3] INFO  leader.FollowerInfo (FollowerInfoImpl.java:lambda$new$0(48)) - omNode-1@group-523986131536->omNode-3: nextIndex: updateUnconditionally 361 -> 45
2022-10-18 21:56:51,580 [grpc-default-executor-2] WARN  server.GrpcLogAppender (LogUtils.java:warn(122)) - omNode-1@group-523986131536->omNode-3-AppendLogResponseHandler: Failed appendEntries: org.apache.ratis.thirdparty.io.grpc.StatusRuntimeException: UNAVAILABLE: io exception
2022-10-18 21:56:51,580 [grpc-default-executor-2] INFO  leader.FollowerInfo (FollowerInfoImpl.java:lambda$new$0(48)) - omNode-1@group-523986131536->omNode-3: nextIndex: updateUnconditionally 362 -> 45
2022-10-18 21:56:51,581 [grpc-default-executor-3] WARN  server.GrpcLogAppender (LogUtils.java:warn(122)) - omNode-1@group-523986131536->omNode-3-AppendLogResponseHandler: Failed appendEntries: org.apache.ratis.thirdparty.io.grpc.StatusRuntimeException: UNAVAILABLE: io exception
2022-10-18 21:56:51,581 [grpc-default-executor-3] INFO  leader.FollowerInfo (FollowerInfoImpl.java:lambda$new$0(48)) - omNode-1@group-523986131536->omNode-3: nextIndex: updateUnconditionally 362 -> 45
2022-10-18 21:56:51,581 [grpc-default-executor-2] WARN  server.GrpcLogAppender (LogUtils.java:warn(122)) - omNode-1@group-523986131536->omNode-3-AppendLogResponseHandler: Failed appendEntries: org.apache.ratis.thirdparty.io.grpc.StatusRuntimeException: UNAVAILABLE: io exception
2022-10-18 21:56:51,581 [grpc-default-executor-2] INFO  leader.FollowerInfo (FollowerInfoImpl.java:lambda$new$0(48)) - omNode-1@group-523986131536->omNode-3: nextIndex: updateUnconditionally 363 -> 45
2022-10-18 21:56:51,590 [grpc-default-executor-3] WARN  server.GrpcLogAppender (LogUtils.java:warn(122)) - omNode-1@group-523986131536->omNode-3-AppendLogResponseHandler: Failed appendEntries: org.apache.ratis.thirdparty.io.grpc.StatusRuntimeException: UNAVAILABLE: io exception
2022-10-18 21:56:51,590 [grpc-default-executor-3] INFO  leader.FollowerInfo (FollowerInfoImpl.java:lambda$new$0(48)) - omNode-1@group-523986131536->omNode-3: nextIndex: updateUnconditionally 364 -> 45
2022-10-18 21:56:51,592 [grpc-default-executor-2] WARN  server.GrpcLogAppender (LogUtils.java:warn(122)) - omNode-1@group-523986131536->omNode-3-AppendLogResponseHandler: Failed appendEntries: org.apache.ratis.thirdparty.io.grpc.StatusRuntimeException: UNAVAILABLE: io exception
2022-10-18 21:56:51,592 [grpc-default-executor-2] INFO  leader.FollowerInfo (FollowerInfoImpl.java:lambda$new$0(48)) - omNode-1@group-523986131536->omNode-3: nextIndex: updateUnconditionally 364 -> 45
2022-10-18 21:56:51,594 [grpc-default-executor-3] WARN  server.GrpcLogAppender (LogUtils.java:warn(122)) - omNode-1@group-523986131536->omNode-3-AppendLogResponseHandler: Failed appendEntries: org.apache.ratis.thirdparty.io.grpc.StatusRuntimeException: UNAVAILABLE: io exception
2022-10-18 21:56:51,594 [grpc-default-executor-3] INFO  leader.FollowerInfo (FollowerInfoImpl.java:lambda$new$0(48)) - omNode-1@group-523986131536->omNode-3: nextIndex: updateUnconditionally 366 -> 45
2022-10-18 21:56:51,595 [grpc-default-executor-3] WARN  server.GrpcLogAppender (LogUtils.java:warn(122)) - omNode-1@group-523986131536->omNode-3-AppendLogResponseHandler: Failed appendEntries: org.apache.ratis.thirdparty.io.grpc.StatusRuntimeException: UNAVAILABLE: io exception
2022-10-18 21:56:51,596 [grpc-default-executor-3] INFO  leader.FollowerInfo (FollowerInfoImpl.java:lambda$new$0(48)) - omNode-1@group-523986131536->omNode-3: nextIndex: updateUnconditionally 366 -> 45
2022-10-18 21:56:51,597 [grpc-default-executor-2] WARN  server.GrpcLogAppender (LogUtils.java:warn(122)) - omNode-1@group-523986131536->omNode-3-AppendLogResponseHandler: Failed appendEntries: org.apache.ratis.thirdparty.io.grpc.StatusRuntimeException: UNAVAILABLE: io exception
2022-10-18 21:56:51,597 [grpc-default-executor-2] INFO  leader.FollowerInfo (FollowerInfoImpl.java:lambda$new$0(48)) - omNode-1@group-523986131536->omNode-3: nextIndex: updateUnconditionally 367 -> 45
2022-10-18 21:56:51,601 [grpc-default-executor-2] WARN  server.GrpcLogAppender (LogUtils.java:warn(122)) - omNode-1@group-523986131536->omNode-3-AppendLogResponseHandler: Failed appendEntries: org.apache.ratis.thirdparty.io.grpc.StatusRuntimeException: UNAVAILABLE: io exception
2022-10-18 21:56:51,601 [grpc-default-executor-2] INFO  leader.FollowerInfo (FollowerInfoImpl.java:lambda$new$0(48)) - omNode-1@group-523986131536->omNode-3: nextIndex: updateUnconditionally 368 -> 45
2022-10-18 21:56:51,602 [grpc-default-executor-2] WARN  server.GrpcLogAppender (LogUtils.java:warn(122)) - omNode-1@group-523986131536->omNode-3-AppendLogResponseHandler: Failed appendEntries: org.apache.ratis.thirdparty.io.grpc.StatusRuntimeException: UNAVAILABLE: io exception
2022-10-18 21:56:51,603 [grpc-default-executor-2] INFO  leader.FollowerInfo (FollowerInfoImpl.java:lambda$new$0(48)) - omNode-1@group-523986131536->omNode-3: nextIndex: updateUnconditionally 369 -> 45
2022-10-18 21:56:51,604 [grpc-default-executor-3] WARN  server.GrpcLogAppender (LogUtils.java:warn(122)) - omNode-1@group-523986131536->omNode-3-AppendLogResponseHandler: Failed appendEntries: org.apache.ratis.thirdparty.io.grpc.StatusRuntimeException: UNAVAILABLE: io exception
2022-10-18 21:56:51,604 [grpc-default-executor-3] INFO  leader.FollowerInfo (FollowerInfoImpl.java:lambda$new$0(48)) - omNode-1@group-523986131536->omNode-3: nextIndex: updateUnconditionally 369 -> 45
2022-10-18 21:56:51,604 [grpc-default-executor-3] WARN  server.GrpcLogAppender (LogUtils.java:warn(122)) - omNode-1@group-523986131536->omNode-3-AppendLogResponseHandler: Failed appendEntries: org.apache.ratis.thirdparty.io.grpc.StatusRuntimeException: UNAVAILABLE: io exception
2022-10-18 21:56:51,605 [grpc-default-executor-3] INFO  leader.FollowerInfo (FollowerInfoImpl.java:lambda$new$0(48)) - omNode-1@group-523986131536->omNode-3: nextIndex: updateUnconditionally 369 -> 45
2022-10-18 21:56:51,606 [grpc-default-executor-3] WARN  server.GrpcLogAppender (LogUtils.java:warn(122)) - omNode-1@group-523986131536->omNode-3-AppendLogResponseHandler: Failed appendEntries: org.apache.ratis.thirdparty.io.grpc.StatusRuntimeException: UNAVAILABLE: io exception
2022-10-18 21:56:51,606 [grpc-default-executor-3] INFO  leader.FollowerInfo (FollowerInfoImpl.java:lambda$new$0(48)) - omNode-1@group-523986131536->omNode-3: nextIndex: updateUnconditionally 370 -> 45
2022-10-18 21:56:51,607 [grpc-default-executor-3] WARN  server.GrpcLogAppender (LogUtils.java:warn(122)) - omNode-1@group-523986131536->omNode-3-AppendLogResponseHandler: Failed appendEntries: org.apache.ratis.thirdparty.io.grpc.StatusRuntimeException: UNAVAILABLE: io exception
2022-10-18 21:56:51,607 [grpc-default-executor-3] INFO  leader.FollowerInfo (FollowerInfoImpl.java:lambda$new$0(48)) - omNode-1@group-523986131536->omNode-3: nextIndex: updateUnconditionally 370 -> 45
2022-10-18 21:56:51,611 [grpc-default-executor-3] WARN  server.GrpcLogAppender (LogUtils.java:warn(122)) - omNode-1@group-523986131536->omNode-3-AppendLogResponseHandler: Failed appendEntries: org.apache.ratis.thirdparty.io.grpc.StatusRuntimeException: UNAVAILABLE: io exception
2022-10-18 21:56:51,611 [grpc-default-executor-3] INFO  leader.FollowerInfo (FollowerInfoImpl.java:lambda$new$0(48)) - omNode-1@group-523986131536->omNode-3: nextIndex: updateUnconditionally 371 -> 45
2022-10-18 21:56:51,615 [grpc-default-executor-3] WARN  server.GrpcLogAppender (LogUtils.java:warn(122)) - omNode-1@group-523986131536->omNode-3-AppendLogResponseHandler: Failed appendEntries: org.apache.ratis.thirdparty.io.grpc.StatusRuntimeException: UNAVAILABLE: io exception
2022-10-18 21:56:51,615 [grpc-default-executor-3] INFO  leader.FollowerInfo (FollowerInfoImpl.java:lambda$new$0(48)) - omNode-1@group-523986131536->omNode-3: nextIndex: updateUnconditionally 372 -> 45
2022-10-18 21:56:51,616 [grpc-default-executor-2] WARN  server.GrpcLogAppender (LogUtils.java:warn(122)) - omNode-1@group-523986131536->omNode-3-AppendLogResponseHandler: Failed appendEntries: org.apache.ratis.thirdparty.io.grpc.StatusRuntimeException: UNAVAILABLE: io exception
2022-10-18 21:56:51,616 [grpc-default-executor-2] INFO  leader.FollowerInfo (FollowerInfoImpl.java:lambda$new$0(48)) - omNode-1@group-523986131536->omNode-3: nextIndex: updateUnconditionally 372 -> 45
2022-10-18 21:56:51,618 [grpc-default-executor-2] WARN  server.GrpcLogAppender (LogUtils.java:warn(122)) - omNode-1@group-523986131536->omNode-3-AppendLogResponseHandler: Failed appendEntries: org.apache.ratis.thirdparty.io.grpc.StatusRuntimeException: UNAVAILABLE: io exception
2022-10-18 21:56:51,618 [grpc-default-executor-2] INFO  leader.FollowerInfo (FollowerInfoImpl.java:lambda$new$0(48)) - omNode-1@group-523986131536->omNode-3: nextIndex: updateUnconditionally 373 -> 45
2022-10-18 21:56:51,619 [grpc-default-executor-3] WARN  server.GrpcLogAppender (LogUtils.java:warn(122)) - omNode-1@group-523986131536->omNode-3-AppendLogResponseHandler: Failed appendEntries: org.apache.ratis.thirdparty.io.grpc.StatusRuntimeException: UNAVAILABLE: io exception
2022-10-18 21:56:51,619 [grpc-default-executor-3] INFO  leader.FollowerInfo (FollowerInfoImpl.java:lambda$new$0(48)) - omNode-1@group-523986131536->omNode-3: nextIndex: updateUnconditionally 374 -> 45
2022-10-18 21:56:51,621 [grpc-default-executor-2] WARN  server.GrpcLogAppender (LogUtils.java:warn(122)) - omNode-1@group-523986131536->omNode-3-AppendLogResponseHandler: Failed appendEntries: org.apache.ratis.thirdparty.io.grpc.StatusRuntimeException: UNAVAILABLE: io exception
2022-10-18 21:56:51,622 [grpc-default-executor-2] INFO  leader.FollowerInfo (FollowerInfoImpl.java:lambda$new$0(48)) - omNode-1@group-523986131536->omNode-3: nextIndex: updateUnconditionally 374 -> 45
2022-10-18 21:56:51,623 [grpc-default-executor-0] WARN  server.GrpcLogAppender (LogUtils.java:warn(122)) - omNode-1@group-523986131536->omNode-3-AppendLogResponseHandler: Failed appendEntries: org.apache.ratis.thirdparty.io.grpc.StatusRuntimeException: UNAVAILABLE: io exception
2022-10-18 21:56:51,623 [grpc-default-executor-0] INFO  leader.FollowerInfo (FollowerInfoImpl.java:lambda$new$0(48)) - omNode-1@group-523986131536->omNode-3: nextIndex: updateUnconditionally 375 -> 45
2022-10-18 21:56:51,629 [grpc-default-executor-2] WARN  server.GrpcLogAppender (LogUtils.java:warn(122)) - omNode-1@group-523986131536->omNode-3-AppendLogResponseHandler: Failed appendEntries: org.apache.ratis.thirdparty.io.grpc.StatusRuntimeException: UNAVAILABLE: io exception
2022-10-18 21:56:51,629 [grpc-default-executor-2] INFO  leader.FollowerInfo (FollowerInfoImpl.java:lambda$new$0(48)) - omNode-1@group-523986131536->omNode-3: nextIndex: updateUnconditionally 376 -> 45
2022-10-18 21:56:51,631 [grpc-default-executor-2] WARN  server.GrpcLogAppender (LogUtils.java:warn(122)) - omNode-1@group-523986131536->omNode-3-AppendLogResponseHandler: Failed appendEntries: org.apache.ratis.thirdparty.io.grpc.StatusRuntimeException: UNAVAILABLE: io exception
2022-10-18 21:56:51,631 [grpc-default-executor-2] INFO  leader.FollowerInfo (FollowerInfoImpl.java:lambda$new$0(48)) - omNode-1@group-523986131536->omNode-3: nextIndex: updateUnconditionally 377 -> 45
2022-10-18 21:56:51,632 [grpc-default-executor-2] WARN  server.GrpcLogAppender (LogUtils.java:warn(122)) - omNode-1@group-523986131536->omNode-3-AppendLogResponseHandler: Failed appendEntries: org.apache.ratis.thirdparty.io.grpc.StatusRuntimeException: UNAVAILABLE: io exception
2022-10-18 21:56:51,632 [grpc-default-executor-2] INFO  leader.FollowerInfo (FollowerInfoImpl.java:lambda$new$0(48)) - omNode-1@group-523986131536->omNode-3: nextIndex: updateUnconditionally 377 -> 45
2022-10-18 21:56:51,636 [grpc-default-executor-2] WARN  server.GrpcLogAppender (LogUtils.java:warn(122)) - omNode-1@group-523986131536->omNode-3-AppendLogResponseHandler: Failed appendEntries: org.apache.ratis.thirdparty.io.grpc.StatusRuntimeException: UNAVAILABLE: io exception
2022-10-18 21:56:51,636 [grpc-default-executor-2] INFO  leader.FollowerInfo (FollowerInfoImpl.java:lambda$new$0(48)) - omNode-1@group-523986131536->omNode-3: nextIndex: updateUnconditionally 378 -> 45
2022-10-18 21:56:51,638 [grpc-default-executor-3] WARN  server.GrpcLogAppender (LogUtils.java:warn(122)) - omNode-1@group-523986131536->omNode-3-AppendLogResponseHandler: Failed appendEntries: org.apache.ratis.thirdparty.io.grpc.StatusRuntimeException: UNAVAILABLE: io exception
2022-10-18 21:56:51,638 [grpc-default-executor-3] INFO  leader.FollowerInfo (FollowerInfoImpl.java:lambda$new$0(48)) - omNode-1@group-523986131536->omNode-3: nextIndex: updateUnconditionally 379 -> 45
2022-10-18 21:56:51,639 [grpc-default-executor-2] WARN  server.GrpcLogAppender (LogUtils.java:warn(122)) - omNode-1@group-523986131536->omNode-3-AppendLogResponseHandler: Failed appendEntries: org.apache.ratis.thirdparty.io.grpc.StatusRuntimeException: UNAVAILABLE: io exception
2022-10-18 21:56:51,640 [grpc-default-executor-2] INFO  leader.FollowerInfo (FollowerInfoImpl.java:lambda$new$0(48)) - omNode-1@group-523986131536->omNode-3: nextIndex: updateUnconditionally 379 -> 45
2022-10-18 21:56:51,643 [grpc-default-executor-0] WARN  server.GrpcLogAppender (LogUtils.java:warn(122)) - omNode-1@group-523986131536->omNode-3-AppendLogResponseHandler: Failed appendEntries: org.apache.ratis.thirdparty.io.grpc.StatusRuntimeException: UNAVAILABLE: io exception
2022-10-18 21:56:51,643 [grpc-default-executor-0] INFO  leader.FollowerInfo (FollowerInfoImpl.java:lambda$new$0(48)) - omNode-1@group-523986131536->omNode-3: nextIndex: updateUnconditionally 380 -> 45
2022-10-18 21:56:51,644 [grpc-default-executor-2] WARN  server.GrpcLogAppender (LogUtils.java:warn(122)) - omNode-1@group-523986131536->omNode-3-AppendLogResponseHandler: Failed appendEntries: org.apache.ratis.thirdparty.io.grpc.StatusRuntimeException: UNAVAILABLE: io exception
2022-10-18 21:56:51,646 [grpc-default-executor-2] INFO  leader.FollowerInfo (FollowerInfoImpl.java:lambda$new$0(48)) - omNode-1@group-523986131536->omNode-3: nextIndex: updateUnconditionally 380 -> 45
2022-10-18 21:56:51,647 [grpc-default-executor-0] WARN  server.GrpcLogAppender (LogUtils.java:warn(122)) - omNode-1@group-523986131536->omNode-3-AppendLogResponseHandler: Failed appendEntries: org.apache.ratis.thirdparty.io.grpc.StatusRuntimeException: UNAVAILABLE: io exception
2022-10-18 21:56:51,647 [grpc-default-executor-0] INFO  leader.FollowerInfo (FollowerInfoImpl.java:lambda$new$0(48)) - omNode-1@group-523986131536->omNode-3: nextIndex: updateUnconditionally 381 -> 45
2022-10-18 21:56:51,648 [grpc-default-executor-0] WARN  server.GrpcLogAppender (LogUtils.java:warn(122)) - omNode-1@group-523986131536->omNode-3-AppendLogResponseHandler: Failed appendEntries: org.apache.ratis.thirdparty.io.grpc.StatusRuntimeException: UNAVAILABLE: io exception
2022-10-18 21:56:51,648 [grpc-default-executor-0] INFO  leader.FollowerInfo (FollowerInfoImpl.java:lambda$new$0(48)) - omNode-1@group-523986131536->omNode-3: nextIndex: updateUnconditionally 382 -> 45
2022-10-18 21:56:51,648 [grpc-default-executor-2] WARN  server.GrpcLogAppender (LogUtils.java:warn(122)) - omNode-1@group-523986131536->omNode-3-AppendLogResponseHandler: Failed appendEntries: org.apache.ratis.thirdparty.io.grpc.StatusRuntimeException: UNAVAILABLE: io exception
2022-10-18 21:56:51,649 [grpc-default-executor-2] INFO  leader.FollowerInfo (FollowerInfoImpl.java:lambda$new$0(48)) - omNode-1@group-523986131536->omNode-3: nextIndex: updateUnconditionally 383 -> 45
2022-10-18 21:56:51,651 [grpc-default-executor-2] WARN  server.GrpcLogAppender (LogUtils.java:warn(122)) - omNode-1@group-523986131536->omNode-3-AppendLogResponseHandler: Failed appendEntries: org.apache.ratis.thirdparty.io.grpc.StatusRuntimeException: UNAVAILABLE: io exception
2022-10-18 21:56:51,651 [grpc-default-executor-2] INFO  leader.FollowerInfo (FollowerInfoImpl.java:lambda$new$0(48)) - omNode-1@group-523986131536->omNode-3: nextIndex: updateUnconditionally 383 -> 45
2022-10-18 21:56:51,654 [grpc-default-executor-0] WARN  server.GrpcLogAppender (LogUtils.java:warn(122)) - omNode-1@group-523986131536->omNode-3-AppendLogResponseHandler: Failed appendEntries: org.apache.ratis.thirdparty.io.grpc.StatusRuntimeException: UNAVAILABLE: io exception
2022-10-18 21:56:51,654 [grpc-default-executor-0] INFO  leader.FollowerInfo (FollowerInfoImpl.java:lambda$new$0(48)) - omNode-1@group-523986131536->omNode-3: nextIndex: updateUnconditionally 384 -> 45
2022-10-18 21:56:51,655 [grpc-default-executor-0] WARN  server.GrpcLogAppender (LogUtils.java:warn(122)) - omNode-1@group-523986131536->omNode-3-AppendLogResponseHandler: Failed appendEntries: org.apache.ratis.thirdparty.io.grpc.StatusRuntimeException: UNAVAILABLE: io exception
2022-10-18 21:56:51,655 [grpc-default-executor-0] INFO  leader.FollowerInfo (FollowerInfoImpl.java:lambda$new$0(48)) - omNode-1@group-523986131536->omNode-3: nextIndex: updateUnconditionally 385 -> 45
2022-10-18 21:56:51,656 [grpc-default-executor-0] WARN  server.GrpcLogAppender (LogUtils.java:warn(122)) - omNode-1@group-523986131536->omNode-3-AppendLogResponseHandler: Failed appendEntries: org.apache.ratis.thirdparty.io.grpc.StatusRuntimeException: UNAVAILABLE: io exception
2022-10-18 21:56:51,656 [grpc-default-executor-0] INFO  leader.FollowerInfo (FollowerInfoImpl.java:lambda$new$0(48)) - omNode-1@group-523986131536->omNode-3: nextIndex: updateUnconditionally 385 -> 45
2022-10-18 21:56:51,657 [grpc-default-executor-2] WARN  server.GrpcLogAppender (LogUtils.java:warn(122)) - omNode-1@group-523986131536->omNode-3-AppendLogResponseHandler: Failed appendEntries: org.apache.ratis.thirdparty.io.grpc.StatusRuntimeException: UNAVAILABLE: io exception
2022-10-18 21:56:51,657 [grpc-default-executor-2] INFO  leader.FollowerInfo (FollowerInfoImpl.java:lambda$new$0(48)) - omNode-1@group-523986131536->omNode-3: nextIndex: updateUnconditionally 385 -> 45
2022-10-18 21:56:51,657 [grpc-default-executor-0] WARN  server.GrpcLogAppender (LogUtils.java:warn(122)) - omNode-1@group-523986131536->omNode-3-AppendLogResponseHandler: Failed appendEntries: org.apache.ratis.thirdparty.io.grpc.StatusRuntimeException: UNAVAILABLE: io exception
2022-10-18 21:56:51,657 [grpc-default-executor-0] INFO  leader.FollowerInfo (FollowerInfoImpl.java:lambda$new$0(48)) - omNode-1@group-523986131536->omNode-3: nextIndex: updateUnconditionally 386 -> 45
2022-10-18 21:56:51,658 [grpc-default-executor-2] WARN  server.GrpcLogAppender (LogUtils.java:warn(122)) - omNode-1@group-523986131536->omNode-3-AppendLogResponseHandler: Failed appendEntries: org.apache.ratis.thirdparty.io.grpc.StatusRuntimeException: UNAVAILABLE: io exception
2022-10-18 21:56:51,659 [grpc-default-executor-2] INFO  leader.FollowerInfo (FollowerInfoImpl.java:lambda$new$0(48)) - omNode-1@group-523986131536->omNode-3: nextIndex: updateUnconditionally 386 -> 45
2022-10-18 21:56:51,660 [grpc-default-executor-0] WARN  server.GrpcLogAppender (LogUtils.java:warn(122)) - omNode-1@group-523986131536->omNode-3-AppendLogResponseHandler: Failed appendEntries: org.apache.ratis.thirdparty.io.grpc.StatusRuntimeException: UNAVAILABLE: io exception
2022-10-18 21:56:51,660 [grpc-default-executor-0] INFO  leader.FollowerInfo (FollowerInfoImpl.java:lambda$new$0(48)) - omNode-1@group-523986131536->omNode-3: nextIndex: updateUnconditionally 387 -> 45
2022-10-18 21:56:51,660 [grpc-default-executor-3] WARN  server.GrpcLogAppender (LogUtils.java:warn(122)) - omNode-1@group-523986131536->omNode-3-AppendLogResponseHandler: Failed appendEntries: org.apache.ratis.thirdparty.io.grpc.StatusRuntimeException: UNAVAILABLE: io exception
2022-10-18 21:56:51,661 [grpc-default-executor-3] INFO  leader.FollowerInfo (FollowerInfoImpl.java:lambda$new$0(48)) - omNode-1@group-523986131536->omNode-3: nextIndex: updateUnconditionally 387 -> 45
2022-10-18 21:56:51,663 [grpc-default-executor-3] WARN  server.GrpcLogAppender (LogUtils.java:warn(122)) - omNode-1@group-523986131536->omNode-3-AppendLogResponseHandler: Failed appendEntries: org.apache.ratis.thirdparty.io.grpc.StatusRuntimeException: UNAVAILABLE: io exception
2022-10-18 21:56:51,663 [grpc-default-executor-3] INFO  leader.FollowerInfo (FollowerInfoImpl.java:lambda$new$0(48)) - omNode-1@group-523986131536->omNode-3: nextIndex: updateUnconditionally 388 -> 45
2022-10-18 21:56:51,665 [grpc-default-executor-3] WARN  server.GrpcLogAppender (LogUtils.java:warn(122)) - omNode-1@group-523986131536->omNode-3-AppendLogResponseHandler: Failed appendEntries: org.apache.ratis.thirdparty.io.grpc.StatusRuntimeException: UNAVAILABLE: io exception
2022-10-18 21:56:51,665 [grpc-default-executor-3] INFO  leader.FollowerInfo (FollowerInfoImpl.java:lambda$new$0(48)) - omNode-1@group-523986131536->omNode-3: nextIndex: updateUnconditionally 388 -> 45
2022-10-18 21:56:51,666 [grpc-default-executor-3] WARN  server.GrpcLogAppender (LogUtils.java:warn(122)) - omNode-1@group-523986131536->omNode-3-AppendLogResponseHandler: Failed appendEntries: org.apache.ratis.thirdparty.io.grpc.StatusRuntimeException: UNAVAILABLE: io exception
2022-10-18 21:56:51,666 [grpc-default-executor-3] INFO  leader.FollowerInfo (FollowerInfoImpl.java:lambda$new$0(48)) - omNode-1@group-523986131536->omNode-3: nextIndex: updateUnconditionally 389 -> 45
2022-10-18 21:56:51,667 [grpc-default-executor-3] WARN  server.GrpcLogAppender (LogUtils.java:warn(122)) - omNode-1@group-523986131536->omNode-3-AppendLogResponseHandler: Failed appendEntries: org.apache.ratis.thirdparty.io.grpc.StatusRuntimeException: UNAVAILABLE: io exception
2022-10-18 21:56:51,667 [grpc-default-executor-3] INFO  leader.FollowerInfo (FollowerInfoImpl.java:lambda$new$0(48)) - omNode-1@group-523986131536->omNode-3: nextIndex: updateUnconditionally 389 -> 45
2022-10-18 21:56:51,668 [grpc-default-executor-0] WARN  server.GrpcLogAppender (LogUtils.java:warn(122)) - omNode-1@group-523986131536->omNode-3-AppendLogResponseHandler: Failed appendEntries: org.apache.ratis.thirdparty.io.grpc.StatusRuntimeException: UNAVAILABLE: io exception
2022-10-18 21:56:51,668 [grpc-default-executor-0] INFO  leader.FollowerInfo (FollowerInfoImpl.java:lambda$new$0(48)) - omNode-1@group-523986131536->omNode-3: nextIndex: updateUnconditionally 390 -> 45
2022-10-18 21:56:51,669 [grpc-default-executor-3] WARN  server.GrpcLogAppender (LogUtils.java:warn(122)) - omNode-1@group-523986131536->omNode-3-AppendLogResponseHandler: Failed appendEntries: org.apache.ratis.thirdparty.io.grpc.StatusRuntimeException: UNAVAILABLE: io exception
2022-10-18 21:56:51,669 [grpc-default-executor-3] INFO  leader.FollowerInfo (FollowerInfoImpl.java:lambda$new$0(48)) - omNode-1@group-523986131536->omNode-3: nextIndex: updateUnconditionally 390 -> 45
2022-10-18 21:56:51,673 [grpc-default-executor-3] WARN  server.GrpcLogAppender (LogUtils.java:warn(122)) - omNode-1@group-523986131536->omNode-3-AppendLogResponseHandler: Failed appendEntries: org.apache.ratis.thirdparty.io.grpc.StatusRuntimeException: UNAVAILABLE: io exception
2022-10-18 21:56:51,673 [grpc-default-executor-3] INFO  leader.FollowerInfo (FollowerInfoImpl.java:lambda$new$0(48)) - omNode-1@group-523986131536->omNode-3: nextIndex: updateUnconditionally 391 -> 45
2022-10-18 21:56:51,675 [grpc-default-executor-0] WARN  server.GrpcLogAppender (LogUtils.java:warn(122)) - omNode-1@group-523986131536->omNode-3-AppendLogResponseHandler: Failed appendEntries: org.apache.ratis.thirdparty.io.grpc.StatusRuntimeException: UNAVAILABLE: io exception
2022-10-18 21:56:51,675 [grpc-default-executor-0] INFO  leader.FollowerInfo (FollowerInfoImpl.java:lambda$new$0(48)) - omNode-1@group-523986131536->omNode-3: nextIndex: updateUnconditionally 392 -> 45
2022-10-18 21:56:51,676 [grpc-default-executor-3] WARN  server.GrpcLogAppender (LogUtils.java:warn(122)) - omNode-1@group-523986131536->omNode-3-AppendLogResponseHandler: Failed appendEntries: org.apache.ratis.thirdparty.io.grpc.StatusRuntimeException: UNAVAILABLE: io exception
2022-10-18 21:56:51,676 [grpc-default-executor-3] INFO  leader.FollowerInfo (FollowerInfoImpl.java:lambda$new$0(48)) - omNode-1@group-523986131536->omNode-3: nextIndex: updateUnconditionally 392 -> 45
2022-10-18 21:56:51,677 [grpc-default-executor-3] WARN  server.GrpcLogAppender (LogUtils.java:warn(122)) - omNode-1@group-523986131536->omNode-3-AppendLogResponseHandler: Failed appendEntries: org.apache.ratis.thirdparty.io.grpc.StatusRuntimeException: UNAVAILABLE: io exception
2022-10-18 21:56:51,677 [grpc-default-executor-3] INFO  leader.FollowerInfo (FollowerInfoImpl.java:lambda$new$0(48)) - omNode-1@group-523986131536->omNode-3: nextIndex: updateUnconditionally 393 -> 45
2022-10-18 21:56:51,679 [grpc-default-executor-0] WARN  server.GrpcLogAppender (LogUtils.java:warn(122)) - omNode-1@group-523986131536->omNode-3-AppendLogResponseHandler: Failed appendEntries: org.apache.ratis.thirdparty.io.grpc.StatusRuntimeException: UNAVAILABLE: io exception
2022-10-18 21:56:51,679 [grpc-default-executor-0] INFO  leader.FollowerInfo (FollowerInfoImpl.java:lambda$new$0(48)) - omNode-1@group-523986131536->omNode-3: nextIndex: updateUnconditionally 394 -> 45
2022-10-18 21:56:51,681 [grpc-default-executor-0] WARN  server.GrpcLogAppender (LogUtils.java:warn(122)) - omNode-1@group-523986131536->omNode-3-AppendLogResponseHandler: Failed appendEntries: org.apache.ratis.thirdparty.io.grpc.StatusRuntimeException: UNAVAILABLE: io exception
2022-10-18 21:56:51,681 [grpc-default-executor-0] INFO  leader.FollowerInfo (FollowerInfoImpl.java:lambda$new$0(48)) - omNode-1@group-523986131536->omNode-3: nextIndex: updateUnconditionally 394 -> 45
2022-10-18 21:56:51,682 [grpc-default-executor-2] WARN  server.GrpcLogAppender (LogUtils.java:warn(122)) - omNode-1@group-523986131536->omNode-3-AppendLogResponseHandler: Failed appendEntries: org.apache.ratis.thirdparty.io.grpc.StatusRuntimeException: UNAVAILABLE: io exception
2022-10-18 21:56:51,682 [grpc-default-executor-2] INFO  leader.FollowerInfo (FollowerInfoImpl.java:lambda$new$0(48)) - omNode-1@group-523986131536->omNode-3: nextIndex: updateUnconditionally 395 -> 45
2022-10-18 21:56:51,685 [grpc-default-executor-2] WARN  server.GrpcLogAppender (LogUtils.java:warn(122)) - omNode-1@group-523986131536->omNode-3-AppendLogResponseHandler: Failed appendEntries: org.apache.ratis.thirdparty.io.grpc.StatusRuntimeException: UNAVAILABLE: io exception
2022-10-18 21:56:51,685 [grpc-default-executor-2] INFO  leader.FollowerInfo (FollowerInfoImpl.java:lambda$new$0(48)) - omNode-1@group-523986131536->omNode-3: nextIndex: updateUnconditionally 396 -> 45
2022-10-18 21:56:51,686 [grpc-default-executor-0] WARN  server.GrpcLogAppender (LogUtils.java:warn(122)) - omNode-1@group-523986131536->omNode-3-AppendLogResponseHandler: Failed appendEntries: org.apache.ratis.thirdparty.io.grpc.StatusRuntimeException: UNAVAILABLE: io exception
2022-10-18 21:56:51,686 [grpc-default-executor-0] INFO  leader.FollowerInfo (FollowerInfoImpl.java:lambda$new$0(48)) - omNode-1@group-523986131536->omNode-3: nextIndex: updateUnconditionally 396 -> 45
2022-10-18 21:56:51,686 [grpc-default-executor-2] WARN  server.GrpcLogAppender (LogUtils.java:warn(122)) - omNode-1@group-523986131536->omNode-3-AppendLogResponseHandler: Failed appendEntries: org.apache.ratis.thirdparty.io.grpc.StatusRuntimeException: UNAVAILABLE: io exception
2022-10-18 21:56:51,686 [grpc-default-executor-2] INFO  leader.FollowerInfo (FollowerInfoImpl.java:lambda$new$0(48)) - omNode-1@group-523986131536->omNode-3: nextIndex: updateUnconditionally 397 -> 45
2022-10-18 21:56:51,688 [grpc-default-executor-0] WARN  server.GrpcLogAppender (LogUtils.java:warn(122)) - omNode-1@group-523986131536->omNode-3-AppendLogResponseHandler: Failed appendEntries: org.apache.ratis.thirdparty.io.grpc.StatusRuntimeException: UNAVAILABLE: io exception
2022-10-18 21:56:51,688 [grpc-default-executor-0] INFO  leader.FollowerInfo (FollowerInfoImpl.java:lambda$new$0(48)) - omNode-1@group-523986131536->omNode-3: nextIndex: updateUnconditionally 398 -> 45
2022-10-18 21:56:51,689 [grpc-default-executor-2] WARN  server.GrpcLogAppender (LogUtils.java:warn(122)) - omNode-1@group-523986131536->omNode-3-AppendLogResponseHandler: Failed appendEntries: org.apache.ratis.thirdparty.io.grpc.StatusRuntimeException: UNAVAILABLE: io exception
2022-10-18 21:56:51,689 [grpc-default-executor-2] INFO  leader.FollowerInfo (FollowerInfoImpl.java:lambda$new$0(48)) - omNode-1@group-523986131536->omNode-3: nextIndex: updateUnconditionally 399 -> 45
2022-10-18 21:56:51,690 [grpc-default-executor-2] WARN  server.GrpcLogAppender (LogUtils.java:warn(122)) - omNode-1@group-523986131536->omNode-3-AppendLogResponseHandler: Failed appendEntries: org.apache.ratis.thirdparty.io.grpc.StatusRuntimeException: UNAVAILABLE: io exception
2022-10-18 21:56:51,691 [grpc-default-executor-2] INFO  leader.FollowerInfo (FollowerInfoImpl.java:lambda$new$0(48)) - omNode-1@group-523986131536->omNode-3: nextIndex: updateUnconditionally 399 -> 45
2022-10-18 21:56:51,694 [grpc-default-executor-2] WARN  server.GrpcLogAppender (LogUtils.java:warn(122)) - omNode-1@group-523986131536->omNode-3-AppendLogResponseHandler: Failed appendEntries: org.apache.ratis.thirdparty.io.grpc.StatusRuntimeException: UNAVAILABLE: io exception
2022-10-18 21:56:51,694 [grpc-default-executor-2] INFO  leader.FollowerInfo (FollowerInfoImpl.java:lambda$new$0(48)) - omNode-1@group-523986131536->omNode-3: nextIndex: updateUnconditionally 400 -> 45
2022-10-18 21:56:51,695 [grpc-default-executor-2] WARN  server.GrpcLogAppender (LogUtils.java:warn(122)) - omNode-1@group-523986131536->omNode-3-AppendLogResponseHandler: Failed appendEntries: org.apache.ratis.thirdparty.io.grpc.StatusRuntimeException: UNAVAILABLE: io exception
2022-10-18 21:56:51,695 [grpc-default-executor-2] INFO  leader.FollowerInfo (FollowerInfoImpl.java:lambda$new$0(48)) - omNode-1@group-523986131536->omNode-3: nextIndex: updateUnconditionally 400 -> 45
2022-10-18 21:56:51,696 [omNode-1@group-523986131536-StateMachineUpdater] INFO  ratis.OzoneManagerStateMachine (OzoneManagerStateMachine.java:takeSnapshot(441)) - Current Snapshot Index (t:1, i:400)
2022-10-18 21:56:51,696 [omNode-1@group-523986131536-StateMachineUpdater] INFO  impl.StateMachineUpdater (StateMachineUpdater.java:takeSnapshot(287)) - omNode-1@group-523986131536-StateMachineUpdater: Took a snapshot at index 400
2022-10-18 21:56:51,696 [omNode-1@group-523986131536-StateMachineUpdater] INFO  impl.StateMachineUpdater (StateMachineUpdater.java:lambda$new$0(92)) - omNode-1@group-523986131536-StateMachineUpdater: snapshotIndex: updateIncreasingly 350 -> 400
2022-10-18 21:56:51,696 [omNode-1@group-523986131536-StateMachineUpdater] INFO  raftlog.RaftLog (RaftLogBase.java:purge(308)) - omNode-1@group-523986131536-SegmentedRaftLog: purge 400
2022-10-18 21:56:51,696 [omNode-1@group-523986131536-StateMachineUpdater] INFO  raftlog.RaftLog (RaftLogBase.java:lambda$new$0(53)) - omNode-1@group-523986131536-SegmentedRaftLog: snapshotIndex: updateIncreasingly 350 -> 400
2022-10-18 21:56:51,696 [omNode-1@group-523986131536-StateMachineUpdater] INFO  raftlog.RaftLog (RaftLogBase.java:lambda$new$0(53)) - omNode-1@group-523986131536-SegmentedRaftLog: purgeIndex: updateToMax old=350, new=400, updated? true
2022-10-18 21:56:51,697 [grpc-default-executor-2] WARN  server.GrpcLogAppender (LogUtils.java:warn(122)) - omNode-1@group-523986131536->omNode-3-AppendLogResponseHandler: Failed appendEntries: org.apache.ratis.thirdparty.io.grpc.StatusRuntimeException: UNAVAILABLE: io exception
2022-10-18 21:56:51,697 [grpc-default-executor-2] INFO  leader.FollowerInfo (FollowerInfoImpl.java:lambda$new$0(48)) - omNode-1@group-523986131536->omNode-3: nextIndex: updateUnconditionally 401 -> 45
2022-10-18 21:56:51,698 [grpc-default-executor-2] WARN  server.GrpcLogAppender (LogUtils.java:warn(122)) - omNode-1@group-523986131536->omNode-3-AppendLogResponseHandler: Failed appendEntries: org.apache.ratis.thirdparty.io.grpc.StatusRuntimeException: UNAVAILABLE: io exception
2022-10-18 21:56:51,698 [grpc-default-executor-2] INFO  leader.FollowerInfo (FollowerInfoImpl.java:lambda$new$0(48)) - omNode-1@group-523986131536->omNode-3: nextIndex: updateUnconditionally 402 -> 45
2022-10-18 21:56:51,698 [omNode-2@group-523986131536-StateMachineUpdater] INFO  ratis.OzoneManagerStateMachine (OzoneManagerStateMachine.java:takeSnapshot(441)) - Current Snapshot Index (t:1, i:400)
2022-10-18 21:56:51,698 [omNode-2@group-523986131536-StateMachineUpdater] INFO  impl.StateMachineUpdater (StateMachineUpdater.java:takeSnapshot(287)) - omNode-2@group-523986131536-StateMachineUpdater: Took a snapshot at index 400
2022-10-18 21:56:51,698 [omNode-2@group-523986131536-StateMachineUpdater] INFO  impl.StateMachineUpdater (StateMachineUpdater.java:lambda$new$0(92)) - omNode-2@group-523986131536-StateMachineUpdater: snapshotIndex: updateIncreasingly 350 -> 400
2022-10-18 21:56:51,698 [omNode-2@group-523986131536-StateMachineUpdater] INFO  raftlog.RaftLog (RaftLogBase.java:purge(308)) - omNode-2@group-523986131536-SegmentedRaftLog: purge 400
2022-10-18 21:56:51,698 [omNode-2@group-523986131536-StateMachineUpdater] INFO  raftlog.RaftLog (RaftLogBase.java:lambda$new$0(53)) - omNode-2@group-523986131536-SegmentedRaftLog: snapshotIndex: updateIncreasingly 350 -> 400
2022-10-18 21:56:51,698 [omNode-2@group-523986131536-StateMachineUpdater] INFO  raftlog.RaftLog (RaftLogBase.java:lambda$new$0(53)) - omNode-2@group-523986131536-SegmentedRaftLog: purgeIndex: updateToMax old=350, new=400, updated? true
2022-10-18 21:56:51,699 [grpc-default-executor-0] WARN  server.GrpcLogAppender (LogUtils.java:warn(122)) - omNode-1@group-523986131536->omNode-3-AppendLogResponseHandler: Failed appendEntries: org.apache.ratis.thirdparty.io.grpc.StatusRuntimeException: UNAVAILABLE: io exception
2022-10-18 21:56:51,699 [grpc-default-executor-0] INFO  leader.FollowerInfo (FollowerInfoImpl.java:lambda$new$0(48)) - omNode-1@group-523986131536->omNode-3: nextIndex: updateUnconditionally 403 -> 45
2022-10-18 21:56:51,702 [grpc-default-executor-2] WARN  server.GrpcLogAppender (LogUtils.java:warn(122)) - omNode-1@group-523986131536->omNode-3-AppendLogResponseHandler: Failed appendEntries: org.apache.ratis.thirdparty.io.grpc.StatusRuntimeException: UNAVAILABLE: io exception
2022-10-18 21:56:51,702 [grpc-default-executor-2] INFO  leader.FollowerInfo (FollowerInfoImpl.java:lambda$new$0(48)) - omNode-1@group-523986131536->omNode-3: nextIndex: updateUnconditionally 403 -> 45
2022-10-18 21:56:51,704 [grpc-default-executor-0] WARN  server.GrpcLogAppender (LogUtils.java:warn(122)) - omNode-1@group-523986131536->omNode-3-AppendLogResponseHandler: Failed appendEntries: org.apache.ratis.thirdparty.io.grpc.StatusRuntimeException: UNAVAILABLE: io exception
2022-10-18 21:56:51,704 [grpc-default-executor-0] INFO  leader.FollowerInfo (FollowerInfoImpl.java:lambda$new$0(48)) - omNode-1@group-523986131536->omNode-3: nextIndex: updateUnconditionally 404 -> 45
2022-10-18 21:56:51,707 [grpc-default-executor-2] WARN  server.GrpcLogAppender (LogUtils.java:warn(122)) - omNode-1@group-523986131536->omNode-3-AppendLogResponseHandler: Failed appendEntries: org.apache.ratis.thirdparty.io.grpc.StatusRuntimeException: UNAVAILABLE: io exception
2022-10-18 21:56:51,707 [grpc-default-executor-2] INFO  leader.FollowerInfo (FollowerInfoImpl.java:lambda$new$0(48)) - omNode-1@group-523986131536->omNode-3: nextIndex: updateUnconditionally 405 -> 45
2022-10-18 21:56:51,708 [grpc-default-executor-0] WARN  server.GrpcLogAppender (LogUtils.java:warn(122)) - omNode-1@group-523986131536->omNode-3-AppendLogResponseHandler: Failed appendEntries: org.apache.ratis.thirdparty.io.grpc.StatusRuntimeException: UNAVAILABLE: io exception
2022-10-18 21:56:51,708 [grpc-default-executor-0] INFO  leader.FollowerInfo (FollowerInfoImpl.java:lambda$new$0(48)) - omNode-1@group-523986131536->omNode-3: nextIndex: updateUnconditionally 405 -> 45
2022-10-18 21:56:51,709 [grpc-default-executor-2] WARN  server.GrpcLogAppender (LogUtils.java:warn(122)) - omNode-1@group-523986131536->omNode-3-AppendLogResponseHandler: Failed appendEntries: org.apache.ratis.thirdparty.io.grpc.StatusRuntimeException: UNAVAILABLE: io exception
2022-10-18 21:56:51,709 [grpc-default-executor-2] INFO  leader.FollowerInfo (FollowerInfoImpl.java:lambda$new$0(48)) - omNode-1@group-523986131536->omNode-3: nextIndex: updateUnconditionally 406 -> 45
2022-10-18 21:56:51,711 [grpc-default-executor-0] WARN  server.GrpcLogAppender (LogUtils.java:warn(122)) - omNode-1@group-523986131536->omNode-3-AppendLogResponseHandler: Failed appendEntries: org.apache.ratis.thirdparty.io.grpc.StatusRuntimeException: UNAVAILABLE: io exception
2022-10-18 21:56:51,711 [grpc-default-executor-0] INFO  leader.FollowerInfo (FollowerInfoImpl.java:lambda$new$0(48)) - omNode-1@group-523986131536->omNode-3: nextIndex: updateUnconditionally 407 -> 45
2022-10-18 21:56:51,716 [grpc-default-executor-2] WARN  server.GrpcLogAppender (LogUtils.java:warn(122)) - omNode-1@group-523986131536->omNode-3-AppendLogResponseHandler: Failed appendEntries: org.apache.ratis.thirdparty.io.grpc.StatusRuntimeException: UNAVAILABLE: io exception
2022-10-18 21:56:51,716 [grpc-default-executor-2] INFO  leader.FollowerInfo (FollowerInfoImpl.java:lambda$new$0(48)) - omNode-1@group-523986131536->omNode-3: nextIndex: updateUnconditionally 408 -> 45
2022-10-18 21:56:51,717 [grpc-default-executor-2] WARN  server.GrpcLogAppender (LogUtils.java:warn(122)) - omNode-1@group-523986131536->omNode-3-AppendLogResponseHandler: Failed appendEntries: org.apache.ratis.thirdparty.io.grpc.StatusRuntimeException: UNAVAILABLE: io exception
2022-10-18 21:56:51,718 [grpc-default-executor-2] INFO  leader.FollowerInfo (FollowerInfoImpl.java:lambda$new$0(48)) - omNode-1@group-523986131536->omNode-3: nextIndex: updateUnconditionally 408 -> 45
2022-10-18 21:56:51,719 [grpc-default-executor-2] WARN  server.GrpcLogAppender (LogUtils.java:warn(122)) - omNode-1@group-523986131536->omNode-3-AppendLogResponseHandler: Failed appendEntries: org.apache.ratis.thirdparty.io.grpc.StatusRuntimeException: UNAVAILABLE: io exception
2022-10-18 21:56:51,720 [grpc-default-executor-2] INFO  leader.FollowerInfo (FollowerInfoImpl.java:lambda$new$0(48)) - omNode-1@group-523986131536->omNode-3: nextIndex: updateUnconditionally 409 -> 45
2022-10-18 21:56:51,721 [grpc-default-executor-0] WARN  server.GrpcLogAppender (LogUtils.java:warn(122)) - omNode-1@group-523986131536->omNode-3-AppendLogResponseHandler: Failed appendEntries: org.apache.ratis.thirdparty.io.grpc.StatusRuntimeException: UNAVAILABLE: io exception
2022-10-18 21:56:51,721 [grpc-default-executor-0] INFO  leader.FollowerInfo (FollowerInfoImpl.java:lambda$new$0(48)) - omNode-1@group-523986131536->omNode-3: nextIndex: updateUnconditionally 410 -> 45
2022-10-18 21:56:51,722 [grpc-default-executor-0] WARN  server.GrpcLogAppender (LogUtils.java:warn(122)) - omNode-1@group-523986131536->omNode-3-AppendLogResponseHandler: Failed appendEntries: org.apache.ratis.thirdparty.io.grpc.StatusRuntimeException: UNAVAILABLE: io exception
2022-10-18 21:56:51,722 [grpc-default-executor-0] INFO  leader.FollowerInfo (FollowerInfoImpl.java:lambda$new$0(48)) - omNode-1@group-523986131536->omNode-3: nextIndex: updateUnconditionally 410 -> 45
2022-10-18 21:56:51,725 [grpc-default-executor-0] WARN  server.GrpcLogAppender (LogUtils.java:warn(122)) - omNode-1@group-523986131536->omNode-3-AppendLogResponseHandler: Failed appendEntries: org.apache.ratis.thirdparty.io.grpc.StatusRuntimeException: UNAVAILABLE: io exception
2022-10-18 21:56:51,725 [grpc-default-executor-0] INFO  leader.FollowerInfo (FollowerInfoImpl.java:lambda$new$0(48)) - omNode-1@group-523986131536->omNode-3: nextIndex: updateUnconditionally 411 -> 45
2022-10-18 21:56:51,731 [grpc-default-executor-0] WARN  server.GrpcLogAppender (LogUtils.java:warn(122)) - omNode-1@group-523986131536->omNode-3-AppendLogResponseHandler: Failed appendEntries: org.apache.ratis.thirdparty.io.grpc.StatusRuntimeException: UNAVAILABLE: io exception
2022-10-18 21:56:51,731 [grpc-default-executor-0] INFO  leader.FollowerInfo (FollowerInfoImpl.java:lambda$new$0(48)) - omNode-1@group-523986131536->omNode-3: nextIndex: updateUnconditionally 412 -> 45
2022-10-18 21:56:51,733 [grpc-default-executor-0] WARN  server.GrpcLogAppender (LogUtils.java:warn(122)) - omNode-1@group-523986131536->omNode-3-AppendLogResponseHandler: Failed appendEntries: org.apache.ratis.thirdparty.io.grpc.StatusRuntimeException: UNAVAILABLE: io exception
2022-10-18 21:56:51,733 [grpc-default-executor-0] INFO  leader.FollowerInfo (FollowerInfoImpl.java:lambda$new$0(48)) - omNode-1@group-523986131536->omNode-3: nextIndex: updateUnconditionally 412 -> 45
2022-10-18 21:56:51,734 [grpc-default-executor-0] WARN  server.GrpcLogAppender (LogUtils.java:warn(122)) - omNode-1@group-523986131536->omNode-3-AppendLogResponseHandler: Failed appendEntries: org.apache.ratis.thirdparty.io.grpc.StatusRuntimeException: UNAVAILABLE: io exception
2022-10-18 21:56:51,734 [grpc-default-executor-0] INFO  leader.FollowerInfo (FollowerInfoImpl.java:lambda$new$0(48)) - omNode-1@group-523986131536->omNode-3: nextIndex: updateUnconditionally 413 -> 45
2022-10-18 21:56:51,737 [grpc-default-executor-2] WARN  server.GrpcLogAppender (LogUtils.java:warn(122)) - omNode-1@group-523986131536->omNode-3-AppendLogResponseHandler: Failed appendEntries: org.apache.ratis.thirdparty.io.grpc.StatusRuntimeException: UNAVAILABLE: io exception
2022-10-18 21:56:51,737 [grpc-default-executor-2] INFO  leader.FollowerInfo (FollowerInfoImpl.java:lambda$new$0(48)) - omNode-1@group-523986131536->omNode-3: nextIndex: updateUnconditionally 413 -> 45
2022-10-18 21:56:51,738 [grpc-default-executor-2] WARN  server.GrpcLogAppender (LogUtils.java:warn(122)) - omNode-1@group-523986131536->omNode-3-AppendLogResponseHandler: Failed appendEntries: org.apache.ratis.thirdparty.io.grpc.StatusRuntimeException: UNAVAILABLE: io exception
2022-10-18 21:56:51,738 [grpc-default-executor-2] INFO  leader.FollowerInfo (FollowerInfoImpl.java:lambda$new$0(48)) - omNode-1@group-523986131536->omNode-3: nextIndex: updateUnconditionally 414 -> 45
2022-10-18 21:56:51,739 [grpc-default-executor-2] WARN  server.GrpcLogAppender (LogUtils.java:warn(122)) - omNode-1@group-523986131536->omNode-3-AppendLogResponseHandler: Failed appendEntries: org.apache.ratis.thirdparty.io.grpc.StatusRuntimeException: UNAVAILABLE: io exception
2022-10-18 21:56:51,739 [grpc-default-executor-2] INFO  leader.FollowerInfo (FollowerInfoImpl.java:lambda$new$0(48)) - omNode-1@group-523986131536->omNode-3: nextIndex: updateUnconditionally 415 -> 45
2022-10-18 21:56:51,746 [grpc-default-executor-0] WARN  server.GrpcLogAppender (LogUtils.java:warn(122)) - omNode-1@group-523986131536->omNode-3-AppendLogResponseHandler: Failed appendEntries: org.apache.ratis.thirdparty.io.grpc.StatusRuntimeException: UNAVAILABLE: io exception
2022-10-18 21:56:51,746 [grpc-default-executor-0] INFO  leader.FollowerInfo (FollowerInfoImpl.java:lambda$new$0(48)) - omNode-1@group-523986131536->omNode-3: nextIndex: updateUnconditionally 416 -> 45
2022-10-18 21:56:51,747 [grpc-default-executor-2] WARN  server.GrpcLogAppender (LogUtils.java:warn(122)) - omNode-1@group-523986131536->omNode-3-AppendLogResponseHandler: Failed appendEntries: org.apache.ratis.thirdparty.io.grpc.StatusRuntimeException: UNAVAILABLE: io exception
2022-10-18 21:56:51,748 [grpc-default-executor-2] INFO  leader.FollowerInfo (FollowerInfoImpl.java:lambda$new$0(48)) - omNode-1@group-523986131536->omNode-3: nextIndex: updateUnconditionally 416 -> 45
2022-10-18 21:56:51,749 [grpc-default-executor-2] WARN  server.GrpcLogAppender (LogUtils.java:warn(122)) - omNode-1@group-523986131536->omNode-3-AppendLogResponseHandler: Failed appendEntries: org.apache.ratis.thirdparty.io.grpc.StatusRuntimeException: UNAVAILABLE: io exception
2022-10-18 21:56:51,749 [grpc-default-executor-2] INFO  leader.FollowerInfo (FollowerInfoImpl.java:lambda$new$0(48)) - omNode-1@group-523986131536->omNode-3: nextIndex: updateUnconditionally 417 -> 45
2022-10-18 21:56:51,750 [grpc-default-executor-0] WARN  server.GrpcLogAppender (LogUtils.java:warn(122)) - omNode-1@group-523986131536->omNode-3-AppendLogResponseHandler: Failed appendEntries: org.apache.ratis.thirdparty.io.grpc.StatusRuntimeException: UNAVAILABLE: io exception
2022-10-18 21:56:51,750 [grpc-default-executor-0] INFO  leader.FollowerInfo (FollowerInfoImpl.java:lambda$new$0(48)) - omNode-1@group-523986131536->omNode-3: nextIndex: updateUnconditionally 417 -> 45
2022-10-18 21:56:51,751 [grpc-default-executor-2] WARN  server.GrpcLogAppender (LogUtils.java:warn(122)) - omNode-1@group-523986131536->omNode-3-AppendLogResponseHandler: Failed appendEntries: org.apache.ratis.thirdparty.io.grpc.StatusRuntimeException: UNAVAILABLE: io exception
2022-10-18 21:56:51,751 [grpc-default-executor-2] INFO  leader.FollowerInfo (FollowerInfoImpl.java:lambda$new$0(48)) - omNode-1@group-523986131536->omNode-3: nextIndex: updateUnconditionally 418 -> 45
2022-10-18 21:56:51,752 [grpc-default-executor-2] WARN  server.GrpcLogAppender (LogUtils.java:warn(122)) - omNode-1@group-523986131536->omNode-3-AppendLogResponseHandler: Failed appendEntries: org.apache.ratis.thirdparty.io.grpc.StatusRuntimeException: UNAVAILABLE: io exception
2022-10-18 21:56:51,752 [grpc-default-executor-2] INFO  leader.FollowerInfo (FollowerInfoImpl.java:lambda$new$0(48)) - omNode-1@group-523986131536->omNode-3: nextIndex: updateUnconditionally 418 -> 45
2022-10-18 21:56:51,756 [grpc-default-executor-0] WARN  server.GrpcLogAppender (LogUtils.java:warn(122)) - omNode-1@group-523986131536->omNode-3-AppendLogResponseHandler: Failed appendEntries: org.apache.ratis.thirdparty.io.grpc.StatusRuntimeException: UNAVAILABLE: io exception
2022-10-18 21:56:51,756 [grpc-default-executor-0] INFO  leader.FollowerInfo (FollowerInfoImpl.java:lambda$new$0(48)) - omNode-1@group-523986131536->omNode-3: nextIndex: updateUnconditionally 419 -> 45
2022-10-18 21:56:51,757 [grpc-default-executor-0] WARN  server.GrpcLogAppender (LogUtils.java:warn(122)) - omNode-1@group-523986131536->omNode-3-AppendLogResponseHandler: Failed appendEntries: org.apache.ratis.thirdparty.io.grpc.StatusRuntimeException: UNAVAILABLE: io exception
2022-10-18 21:56:51,757 [grpc-default-executor-0] INFO  leader.FollowerInfo (FollowerInfoImpl.java:lambda$new$0(48)) - omNode-1@group-523986131536->omNode-3: nextIndex: updateUnconditionally 419 -> 45
2022-10-18 21:56:51,757 [grpc-default-executor-0] WARN  server.GrpcLogAppender (LogUtils.java:warn(122)) - omNode-1@group-523986131536->omNode-3-AppendLogResponseHandler: Failed appendEntries: org.apache.ratis.thirdparty.io.grpc.StatusRuntimeException: UNAVAILABLE: io exception
2022-10-18 21:56:51,757 [grpc-default-executor-0] INFO  leader.FollowerInfo (FollowerInfoImpl.java:lambda$new$0(48)) - omNode-1@group-523986131536->omNode-3: nextIndex: updateUnconditionally 419 -> 45
2022-10-18 21:56:51,758 [grpc-default-executor-0] WARN  server.GrpcLogAppender (LogUtils.java:warn(122)) - omNode-1@group-523986131536->omNode-3-AppendLogResponseHandler: Failed appendEntries: org.apache.ratis.thirdparty.io.grpc.StatusRuntimeException: UNAVAILABLE: io exception
2022-10-18 21:56:51,758 [grpc-default-executor-0] INFO  leader.FollowerInfo (FollowerInfoImpl.java:lambda$new$0(48)) - omNode-1@group-523986131536->omNode-3: nextIndex: updateUnconditionally 419 -> 45
2022-10-18 21:56:51,758 [grpc-default-executor-0] WARN  server.GrpcLogAppender (LogUtils.java:warn(122)) - omNode-1@group-523986131536->omNode-3-AppendLogResponseHandler: Failed appendEntries: org.apache.ratis.thirdparty.io.grpc.StatusRuntimeException: UNAVAILABLE: io exception
2022-10-18 21:56:51,758 [grpc-default-executor-0] INFO  leader.FollowerInfo (FollowerInfoImpl.java:lambda$new$0(48)) - omNode-1@group-523986131536->omNode-3: nextIndex: updateUnconditionally 419 -> 45
2022-10-18 21:56:51,759 [grpc-default-executor-0] WARN  server.GrpcLogAppender (LogUtils.java:warn(122)) - omNode-1@group-523986131536->omNode-3-AppendLogResponseHandler: Failed appendEntries: org.apache.ratis.thirdparty.io.grpc.StatusRuntimeException: UNAVAILABLE: io exception
2022-10-18 21:56:51,759 [grpc-default-executor-0] INFO  leader.FollowerInfo (FollowerInfoImpl.java:lambda$new$0(48)) - omNode-1@group-523986131536->omNode-3: nextIndex: updateUnconditionally 419 -> 45
2022-10-18 21:56:51,759 [grpc-default-executor-0] WARN  server.GrpcLogAppender (LogUtils.java:warn(122)) - omNode-1@group-523986131536->omNode-3-AppendLogResponseHandler: Failed appendEntries: org.apache.ratis.thirdparty.io.grpc.StatusRuntimeException: UNAVAILABLE: io exception
2022-10-18 21:56:51,759 [grpc-default-executor-0] INFO  leader.FollowerInfo (FollowerInfoImpl.java:lambda$new$0(48)) - omNode-1@group-523986131536->omNode-3: nextIndex: updateUnconditionally 419 -> 45
2022-10-18 21:56:51,760 [grpc-default-executor-0] WARN  server.GrpcLogAppender (LogUtils.java:warn(122)) - omNode-1@group-523986131536->omNode-3-AppendLogResponseHandler: Failed appendEntries: org.apache.ratis.thirdparty.io.grpc.StatusRuntimeException: UNAVAILABLE: io exception
2022-10-18 21:56:51,760 [grpc-default-executor-0] INFO  leader.FollowerInfo (FollowerInfoImpl.java:lambda$new$0(48)) - omNode-1@group-523986131536->omNode-3: nextIndex: updateUnconditionally 419 -> 45
2022-10-18 21:56:51,760 [grpc-default-executor-0] WARN  server.GrpcLogAppender (LogUtils.java:warn(122)) - omNode-1@group-523986131536->omNode-3-AppendLogResponseHandler: Failed appendEntries: org.apache.ratis.thirdparty.io.grpc.StatusRuntimeException: UNAVAILABLE: io exception
2022-10-18 21:56:51,760 [grpc-default-executor-0] INFO  leader.FollowerInfo (FollowerInfoImpl.java:lambda$new$0(48)) - omNode-1@group-523986131536->omNode-3: nextIndex: updateUnconditionally 419 -> 45
2022-10-18 21:56:51,761 [grpc-default-executor-0] WARN  server.GrpcLogAppender (LogUtils.java:warn(122)) - omNode-1@group-523986131536->omNode-3-AppendLogResponseHandler: Failed appendEntries: org.apache.ratis.thirdparty.io.grpc.StatusRuntimeException: UNAVAILABLE: io exception
2022-10-18 21:56:51,761 [grpc-default-executor-0] INFO  leader.FollowerInfo (FollowerInfoImpl.java:lambda$new$0(48)) - omNode-1@group-523986131536->omNode-3: nextIndex: updateUnconditionally 419 -> 45
2022-10-18 21:56:51,761 [grpc-default-executor-0] WARN  server.GrpcLogAppender (LogUtils.java:warn(122)) - omNode-1@group-523986131536->omNode-3-AppendLogResponseHandler: Failed appendEntries: org.apache.ratis.thirdparty.io.grpc.StatusRuntimeException: UNAVAILABLE: io exception
2022-10-18 21:56:51,761 [grpc-default-executor-0] INFO  leader.FollowerInfo (FollowerInfoImpl.java:lambda$new$0(48)) - omNode-1@group-523986131536->omNode-3: nextIndex: updateUnconditionally 419 -> 45
2022-10-18 21:56:51,762 [grpc-default-executor-0] WARN  server.GrpcLogAppender (LogUtils.java:warn(122)) - omNode-1@group-523986131536->omNode-3-AppendLogResponseHandler: Failed appendEntries: org.apache.ratis.thirdparty.io.grpc.StatusRuntimeException: UNAVAILABLE: io exception
2022-10-18 21:56:51,762 [grpc-default-executor-0] INFO  leader.FollowerInfo (FollowerInfoImpl.java:lambda$new$0(48)) - omNode-1@group-523986131536->omNode-3: nextIndex: updateUnconditionally 419 -> 45
2022-10-18 21:56:51,762 [grpc-default-executor-0] WARN  server.GrpcLogAppender (LogUtils.java:warn(122)) - omNode-1@group-523986131536->omNode-3-AppendLogResponseHandler: Failed appendEntries: org.apache.ratis.thirdparty.io.grpc.StatusRuntimeException: UNAVAILABLE: io exception
2022-10-18 21:56:51,762 [grpc-default-executor-0] INFO  leader.FollowerInfo (FollowerInfoImpl.java:lambda$new$0(48)) - omNode-1@group-523986131536->omNode-3: nextIndex: updateUnconditionally 419 -> 45
2022-10-18 21:56:51,762 [grpc-default-executor-0] WARN  server.GrpcLogAppender (LogUtils.java:warn(122)) - omNode-1@group-523986131536->omNode-3-AppendLogResponseHandler: Failed appendEntries: org.apache.ratis.thirdparty.io.grpc.StatusRuntimeException: UNAVAILABLE: io exception
2022-10-18 21:56:51,763 [grpc-default-executor-0] INFO  leader.FollowerInfo (FollowerInfoImpl.java:lambda$new$0(48)) - omNode-1@group-523986131536->omNode-3: nextIndex: updateUnconditionally 419 -> 45
2022-10-18 21:56:51,763 [grpc-default-executor-0] WARN  server.GrpcLogAppender (LogUtils.java:warn(122)) - omNode-1@group-523986131536->omNode-3-AppendLogResponseHandler: Failed appendEntries: org.apache.ratis.thirdparty.io.grpc.StatusRuntimeException: UNAVAILABLE: io exception
2022-10-18 21:56:51,763 [grpc-default-executor-0] INFO  leader.FollowerInfo (FollowerInfoImpl.java:lambda$new$0(48)) - omNode-1@group-523986131536->omNode-3: nextIndex: updateUnconditionally 419 -> 45
2022-10-18 21:56:51,763 [grpc-default-executor-0] WARN  server.GrpcLogAppender (LogUtils.java:warn(122)) - omNode-1@group-523986131536->omNode-3-AppendLogResponseHandler: Failed appendEntries: org.apache.ratis.thirdparty.io.grpc.StatusRuntimeException: UNAVAILABLE: io exception
2022-10-18 21:56:51,764 [grpc-default-executor-0] INFO  leader.FollowerInfo (FollowerInfoImpl.java:lambda$new$0(48)) - omNode-1@group-523986131536->omNode-3: nextIndex: updateUnconditionally 419 -> 45
2022-10-18 21:56:51,764 [grpc-default-executor-0] WARN  server.GrpcLogAppender (LogUtils.java:warn(122)) - omNode-1@group-523986131536->omNode-3-AppendLogResponseHandler: Failed appendEntries: org.apache.ratis.thirdparty.io.grpc.StatusRuntimeException: UNAVAILABLE: io exception
2022-10-18 21:56:51,764 [grpc-default-executor-0] INFO  leader.FollowerInfo (FollowerInfoImpl.java:lambda$new$0(48)) - omNode-1@group-523986131536->omNode-3: nextIndex: updateUnconditionally 419 -> 45
2022-10-18 21:56:51,764 [grpc-default-executor-0] WARN  server.GrpcLogAppender (LogUtils.java:warn(122)) - omNode-1@group-523986131536->omNode-3-AppendLogResponseHandler: Failed appendEntries: org.apache.ratis.thirdparty.io.grpc.StatusRuntimeException: UNAVAILABLE: io exception
2022-10-18 21:56:51,765 [grpc-default-executor-0] INFO  leader.FollowerInfo (FollowerInfoImpl.java:lambda$new$0(48)) - omNode-1@group-523986131536->omNode-3: nextIndex: updateUnconditionally 419 -> 45
2022-10-18 21:56:51,765 [grpc-default-executor-3] WARN  server.GrpcLogAppender (LogUtils.java:warn(122)) - omNode-1@group-523986131536->omNode-3-AppendLogResponseHandler: Failed appendEntries: org.apache.ratis.thirdparty.io.grpc.StatusRuntimeException: UNAVAILABLE: io exception
2022-10-18 21:56:51,765 [grpc-default-executor-3] INFO  leader.FollowerInfo (FollowerInfoImpl.java:lambda$new$0(48)) - omNode-1@group-523986131536->omNode-3: nextIndex: updateUnconditionally 419 -> 45
2022-10-18 21:56:51,767 [grpc-default-executor-2] WARN  server.GrpcLogAppender (LogUtils.java:warn(122)) - omNode-1@group-523986131536->omNode-3-AppendLogResponseHandler: Failed appendEntries: org.apache.ratis.thirdparty.io.grpc.StatusRuntimeException: UNAVAILABLE: io exception
2022-10-18 21:56:51,768 [grpc-default-executor-2] INFO  leader.FollowerInfo (FollowerInfoImpl.java:lambda$new$0(48)) - omNode-1@group-523986131536->omNode-3: nextIndex: updateUnconditionally 420 -> 45
2022-10-18 21:56:51,771 [grpc-default-executor-2] WARN  server.GrpcLogAppender (LogUtils.java:warn(122)) - omNode-1@group-523986131536->omNode-3-AppendLogResponseHandler: Failed appendEntries: org.apache.ratis.thirdparty.io.grpc.StatusRuntimeException: UNAVAILABLE: io exception
2022-10-18 21:56:51,771 [grpc-default-executor-2] INFO  leader.FollowerInfo (FollowerInfoImpl.java:lambda$new$0(48)) - omNode-1@group-523986131536->omNode-3: nextIndex: updateUnconditionally 421 -> 45
2022-10-18 21:56:51,773 [grpc-default-executor-2] WARN  server.GrpcLogAppender (LogUtils.java:warn(122)) - omNode-1@group-523986131536->omNode-3-AppendLogResponseHandler: Failed appendEntries: org.apache.ratis.thirdparty.io.grpc.StatusRuntimeException: UNAVAILABLE: io exception
2022-10-18 21:56:51,773 [grpc-default-executor-2] INFO  leader.FollowerInfo (FollowerInfoImpl.java:lambda$new$0(48)) - omNode-1@group-523986131536->omNode-3: nextIndex: updateUnconditionally 422 -> 45
2022-10-18 21:56:51,775 [grpc-default-executor-3] WARN  server.GrpcLogAppender (LogUtils.java:warn(122)) - omNode-1@group-523986131536->omNode-3-AppendLogResponseHandler: Failed appendEntries: org.apache.ratis.thirdparty.io.grpc.StatusRuntimeException: UNAVAILABLE: io exception
2022-10-18 21:56:51,775 [grpc-default-executor-3] INFO  leader.FollowerInfo (FollowerInfoImpl.java:lambda$new$0(48)) - omNode-1@group-523986131536->omNode-3: nextIndex: updateUnconditionally 423 -> 45
2022-10-18 21:56:51,776 [grpc-default-executor-3] WARN  server.GrpcLogAppender (LogUtils.java:warn(122)) - omNode-1@group-523986131536->omNode-3-AppendLogResponseHandler: Failed appendEntries: org.apache.ratis.thirdparty.io.grpc.StatusRuntimeException: UNAVAILABLE: io exception
2022-10-18 21:56:51,776 [grpc-default-executor-3] INFO  leader.FollowerInfo (FollowerInfoImpl.java:lambda$new$0(48)) - omNode-1@group-523986131536->omNode-3: nextIndex: updateUnconditionally 423 -> 45
2022-10-18 21:56:51,778 [grpc-default-executor-0] WARN  server.GrpcLogAppender (LogUtils.java:warn(122)) - omNode-1@group-523986131536->omNode-3-AppendLogResponseHandler: Failed appendEntries: org.apache.ratis.thirdparty.io.grpc.StatusRuntimeException: UNAVAILABLE: io exception
2022-10-18 21:56:51,778 [grpc-default-executor-0] INFO  leader.FollowerInfo (FollowerInfoImpl.java:lambda$new$0(48)) - omNode-1@group-523986131536->omNode-3: nextIndex: updateUnconditionally 423 -> 45
2022-10-18 21:56:51,782 [grpc-default-executor-0] WARN  server.GrpcLogAppender (LogUtils.java:warn(122)) - omNode-1@group-523986131536->omNode-3-AppendLogResponseHandler: Failed appendEntries: org.apache.ratis.thirdparty.io.grpc.StatusRuntimeException: UNAVAILABLE: io exception
2022-10-18 21:56:51,783 [grpc-default-executor-0] INFO  leader.FollowerInfo (FollowerInfoImpl.java:lambda$new$0(48)) - omNode-1@group-523986131536->omNode-3: nextIndex: updateUnconditionally 424 -> 45
2022-10-18 21:56:51,784 [grpc-default-executor-0] WARN  server.GrpcLogAppender (LogUtils.java:warn(122)) - omNode-1@group-523986131536->omNode-3-AppendLogResponseHandler: Failed appendEntries: org.apache.ratis.thirdparty.io.grpc.StatusRuntimeException: UNAVAILABLE: io exception
2022-10-18 21:56:51,784 [grpc-default-executor-0] INFO  leader.FollowerInfo (FollowerInfoImpl.java:lambda$new$0(48)) - omNode-1@group-523986131536->omNode-3: nextIndex: updateUnconditionally 424 -> 45
2022-10-18 21:56:51,786 [grpc-default-executor-2] WARN  server.GrpcLogAppender (LogUtils.java:warn(122)) - omNode-1@group-523986131536->omNode-3-AppendLogResponseHandler: Failed appendEntries: org.apache.ratis.thirdparty.io.grpc.StatusRuntimeException: UNAVAILABLE: io exception
2022-10-18 21:56:51,786 [grpc-default-executor-2] INFO  leader.FollowerInfo (FollowerInfoImpl.java:lambda$new$0(48)) - omNode-1@group-523986131536->omNode-3: nextIndex: updateUnconditionally 425 -> 45
2022-10-18 21:56:51,787 [grpc-default-executor-2] WARN  server.GrpcLogAppender (LogUtils.java:warn(122)) - omNode-1@group-523986131536->omNode-3-AppendLogResponseHandler: Failed appendEntries: org.apache.ratis.thirdparty.io.grpc.StatusRuntimeException: UNAVAILABLE: io exception
2022-10-18 21:56:51,787 [grpc-default-executor-2] INFO  leader.FollowerInfo (FollowerInfoImpl.java:lambda$new$0(48)) - omNode-1@group-523986131536->omNode-3: nextIndex: updateUnconditionally 426 -> 45
2022-10-18 21:56:51,791 [grpc-default-executor-3] WARN  server.GrpcLogAppender (LogUtils.java:warn(122)) - omNode-1@group-523986131536->omNode-3-AppendLogResponseHandler: Failed appendEntries: org.apache.ratis.thirdparty.io.grpc.StatusRuntimeException: UNAVAILABLE: io exception
2022-10-18 21:56:51,791 [grpc-default-executor-3] INFO  leader.FollowerInfo (FollowerInfoImpl.java:lambda$new$0(48)) - omNode-1@group-523986131536->omNode-3: nextIndex: updateUnconditionally 426 -> 45
2022-10-18 21:56:51,793 [grpc-default-executor-3] WARN  server.GrpcLogAppender (LogUtils.java:warn(122)) - omNode-1@group-523986131536->omNode-3-AppendLogResponseHandler: Failed appendEntries: org.apache.ratis.thirdparty.io.grpc.StatusRuntimeException: UNAVAILABLE: io exception
2022-10-18 21:56:51,793 [grpc-default-executor-3] INFO  leader.FollowerInfo (FollowerInfoImpl.java:lambda$new$0(48)) - omNode-1@group-523986131536->omNode-3: nextIndex: updateUnconditionally 427 -> 45
2022-10-18 21:56:51,799 [grpc-default-executor-3] WARN  server.GrpcLogAppender (LogUtils.java:warn(122)) - omNode-1@group-523986131536->omNode-3-AppendLogResponseHandler: Failed appendEntries: org.apache.ratis.thirdparty.io.grpc.StatusRuntimeException: UNAVAILABLE: io exception
2022-10-18 21:56:51,799 [grpc-default-executor-3] INFO  leader.FollowerInfo (FollowerInfoImpl.java:lambda$new$0(48)) - omNode-1@group-523986131536->omNode-3: nextIndex: updateUnconditionally 428 -> 45
2022-10-18 21:56:51,800 [grpc-default-executor-3] WARN  server.GrpcLogAppender (LogUtils.java:warn(122)) - omNode-1@group-523986131536->omNode-3-AppendLogResponseHandler: Failed appendEntries: org.apache.ratis.thirdparty.io.grpc.StatusRuntimeException: UNAVAILABLE: io exception
2022-10-18 21:56:51,800 [grpc-default-executor-3] INFO  leader.FollowerInfo (FollowerInfoImpl.java:lambda$new$0(48)) - omNode-1@group-523986131536->omNode-3: nextIndex: updateUnconditionally 428 -> 45
2022-10-18 21:56:51,802 [grpc-default-executor-3] WARN  server.GrpcLogAppender (LogUtils.java:warn(122)) - omNode-1@group-523986131536->omNode-3-AppendLogResponseHandler: Failed appendEntries: org.apache.ratis.thirdparty.io.grpc.StatusRuntimeException: UNAVAILABLE: io exception
2022-10-18 21:56:51,802 [grpc-default-executor-3] INFO  leader.FollowerInfo (FollowerInfoImpl.java:lambda$new$0(48)) - omNode-1@group-523986131536->omNode-3: nextIndex: updateUnconditionally 429 -> 45
2022-10-18 21:56:51,805 [grpc-default-executor-3] WARN  server.GrpcLogAppender (LogUtils.java:warn(122)) - omNode-1@group-523986131536->omNode-3-AppendLogResponseHandler: Failed appendEntries: org.apache.ratis.thirdparty.io.grpc.StatusRuntimeException: UNAVAILABLE: io exception
2022-10-18 21:56:51,805 [grpc-default-executor-3] INFO  leader.FollowerInfo (FollowerInfoImpl.java:lambda$new$0(48)) - omNode-1@group-523986131536->omNode-3: nextIndex: updateUnconditionally 430 -> 45
2022-10-18 21:56:51,807 [grpc-default-executor-2] WARN  server.GrpcLogAppender (LogUtils.java:warn(122)) - omNode-1@group-523986131536->omNode-3-AppendLogResponseHandler: Failed appendEntries: org.apache.ratis.thirdparty.io.grpc.StatusRuntimeException: UNAVAILABLE: io exception
2022-10-18 21:56:51,807 [grpc-default-executor-2] INFO  leader.FollowerInfo (FollowerInfoImpl.java:lambda$new$0(48)) - omNode-1@group-523986131536->omNode-3: nextIndex: updateUnconditionally 430 -> 45
2022-10-18 21:56:51,809 [grpc-default-executor-3] WARN  server.GrpcLogAppender (LogUtils.java:warn(122)) - omNode-1@group-523986131536->omNode-3-AppendLogResponseHandler: Failed appendEntries: org.apache.ratis.thirdparty.io.grpc.StatusRuntimeException: UNAVAILABLE: io exception
2022-10-18 21:56:51,809 [grpc-default-executor-3] INFO  leader.FollowerInfo (FollowerInfoImpl.java:lambda$new$0(48)) - omNode-1@group-523986131536->omNode-3: nextIndex: updateUnconditionally 431 -> 45
2022-10-18 21:56:51,812 [grpc-default-executor-3] WARN  server.GrpcLogAppender (LogUtils.java:warn(122)) - omNode-1@group-523986131536->omNode-3-AppendLogResponseHandler: Failed appendEntries: org.apache.ratis.thirdparty.io.grpc.StatusRuntimeException: UNAVAILABLE: io exception
2022-10-18 21:56:51,812 [grpc-default-executor-3] INFO  leader.FollowerInfo (FollowerInfoImpl.java:lambda$new$0(48)) - omNode-1@group-523986131536->omNode-3: nextIndex: updateUnconditionally 432 -> 45
2022-10-18 21:56:51,814 [grpc-default-executor-2] WARN  server.GrpcLogAppender (LogUtils.java:warn(122)) - omNode-1@group-523986131536->omNode-3-AppendLogResponseHandler: Failed appendEntries: org.apache.ratis.thirdparty.io.grpc.StatusRuntimeException: UNAVAILABLE: io exception
2022-10-18 21:56:51,814 [grpc-default-executor-2] INFO  leader.FollowerInfo (FollowerInfoImpl.java:lambda$new$0(48)) - omNode-1@group-523986131536->omNode-3: nextIndex: updateUnconditionally 433 -> 45
2022-10-18 21:56:51,816 [grpc-default-executor-2] WARN  server.GrpcLogAppender (LogUtils.java:warn(122)) - omNode-1@group-523986131536->omNode-3-AppendLogResponseHandler: Failed appendEntries: org.apache.ratis.thirdparty.io.grpc.StatusRuntimeException: UNAVAILABLE: io exception
2022-10-18 21:56:51,816 [grpc-default-executor-2] INFO  leader.FollowerInfo (FollowerInfoImpl.java:lambda$new$0(48)) - omNode-1@group-523986131536->omNode-3: nextIndex: updateUnconditionally 434 -> 45
2022-10-18 21:56:51,818 [grpc-default-executor-3] WARN  server.GrpcLogAppender (LogUtils.java:warn(122)) - omNode-1@group-523986131536->omNode-3-AppendLogResponseHandler: Failed appendEntries: org.apache.ratis.thirdparty.io.grpc.StatusRuntimeException: UNAVAILABLE: io exception
2022-10-18 21:56:51,818 [grpc-default-executor-3] INFO  leader.FollowerInfo (FollowerInfoImpl.java:lambda$new$0(48)) - omNode-1@group-523986131536->omNode-3: nextIndex: updateUnconditionally 434 -> 45
2022-10-18 21:56:51,818 [grpc-default-executor-2] WARN  server.GrpcLogAppender (LogUtils.java:warn(122)) - omNode-1@group-523986131536->omNode-3-AppendLogResponseHandler: Failed appendEntries: org.apache.ratis.thirdparty.io.grpc.StatusRuntimeException: UNAVAILABLE: io exception
2022-10-18 21:56:51,819 [grpc-default-executor-2] INFO  leader.FollowerInfo (FollowerInfoImpl.java:lambda$new$0(48)) - omNode-1@group-523986131536->omNode-3: nextIndex: updateUnconditionally 435 -> 45
2022-10-18 21:56:51,823 [grpc-default-executor-2] WARN  server.GrpcLogAppender (LogUtils.java:warn(122)) - omNode-1@group-523986131536->omNode-3-AppendLogResponseHandler: Failed appendEntries: org.apache.ratis.thirdparty.io.grpc.StatusRuntimeException: UNAVAILABLE: io exception
2022-10-18 21:56:51,823 [grpc-default-executor-2] INFO  leader.FollowerInfo (FollowerInfoImpl.java:lambda$new$0(48)) - omNode-1@group-523986131536->omNode-3: nextIndex: updateUnconditionally 436 -> 45
2022-10-18 21:56:51,824 [grpc-default-executor-2] WARN  server.GrpcLogAppender (LogUtils.java:warn(122)) - omNode-1@group-523986131536->omNode-3-AppendLogResponseHandler: Failed appendEntries: org.apache.ratis.thirdparty.io.grpc.StatusRuntimeException: UNAVAILABLE: io exception
2022-10-18 21:56:51,824 [grpc-default-executor-2] INFO  leader.FollowerInfo (FollowerInfoImpl.java:lambda$new$0(48)) - omNode-1@group-523986131536->omNode-3: nextIndex: updateUnconditionally 436 -> 45
2022-10-18 21:56:51,825 [grpc-default-executor-2] WARN  server.GrpcLogAppender (LogUtils.java:warn(122)) - omNode-1@group-523986131536->omNode-3-AppendLogResponseHandler: Failed appendEntries: org.apache.ratis.thirdparty.io.grpc.StatusRuntimeException: UNAVAILABLE: io exception
2022-10-18 21:56:51,826 [grpc-default-executor-2] INFO  leader.FollowerInfo (FollowerInfoImpl.java:lambda$new$0(48)) - omNode-1@group-523986131536->omNode-3: nextIndex: updateUnconditionally 437 -> 45
2022-10-18 21:56:51,827 [grpc-default-executor-3] WARN  server.GrpcLogAppender (LogUtils.java:warn(122)) - omNode-1@group-523986131536->omNode-3-AppendLogResponseHandler: Failed appendEntries: org.apache.ratis.thirdparty.io.grpc.StatusRuntimeException: UNAVAILABLE: io exception
2022-10-18 21:56:51,828 [grpc-default-executor-3] INFO  leader.FollowerInfo (FollowerInfoImpl.java:lambda$new$0(48)) - omNode-1@group-523986131536->omNode-3: nextIndex: updateUnconditionally 438 -> 45
2022-10-18 21:56:51,830 [grpc-default-executor-3] WARN  server.GrpcLogAppender (LogUtils.java:warn(122)) - omNode-1@group-523986131536->omNode-3-AppendLogResponseHandler: Failed appendEntries: org.apache.ratis.thirdparty.io.grpc.StatusRuntimeException: UNAVAILABLE: io exception
2022-10-18 21:56:51,830 [grpc-default-executor-3] INFO  leader.FollowerInfo (FollowerInfoImpl.java:lambda$new$0(48)) - omNode-1@group-523986131536->omNode-3: nextIndex: updateUnconditionally 439 -> 45
2022-10-18 21:56:51,839 [grpc-default-executor-3] WARN  server.GrpcLogAppender (LogUtils.java:warn(122)) - omNode-1@group-523986131536->omNode-3-AppendLogResponseHandler: Failed appendEntries: org.apache.ratis.thirdparty.io.grpc.StatusRuntimeException: UNAVAILABLE: io exception
2022-10-18 21:56:51,839 [grpc-default-executor-3] INFO  leader.FollowerInfo (FollowerInfoImpl.java:lambda$new$0(48)) - omNode-1@group-523986131536->omNode-3: nextIndex: updateUnconditionally 440 -> 45
2022-10-18 21:56:51,839 [grpc-default-executor-2] WARN  server.GrpcLogAppender (LogUtils.java:warn(122)) - omNode-1@group-523986131536->omNode-3-AppendLogResponseHandler: Failed appendEntries: org.apache.ratis.thirdparty.io.grpc.StatusRuntimeException: UNAVAILABLE: io exception
2022-10-18 21:56:51,840 [grpc-default-executor-2] INFO  leader.FollowerInfo (FollowerInfoImpl.java:lambda$new$0(48)) - omNode-1@group-523986131536->omNode-3: nextIndex: updateUnconditionally 441 -> 45
2022-10-18 21:56:51,841 [grpc-default-executor-3] WARN  server.GrpcLogAppender (LogUtils.java:warn(122)) - omNode-1@group-523986131536->omNode-3-AppendLogResponseHandler: Failed appendEntries: org.apache.ratis.thirdparty.io.grpc.StatusRuntimeException: UNAVAILABLE: io exception
2022-10-18 21:56:51,842 [grpc-default-executor-3] INFO  leader.FollowerInfo (FollowerInfoImpl.java:lambda$new$0(48)) - omNode-1@group-523986131536->omNode-3: nextIndex: updateUnconditionally 441 -> 45
2022-10-18 21:56:51,843 [grpc-default-executor-3] WARN  server.GrpcLogAppender (LogUtils.java:warn(122)) - omNode-1@group-523986131536->omNode-3-AppendLogResponseHandler: Failed appendEntries: org.apache.ratis.thirdparty.io.grpc.StatusRuntimeException: UNAVAILABLE: io exception
2022-10-18 21:56:51,843 [grpc-default-executor-3] INFO  leader.FollowerInfo (FollowerInfoImpl.java:lambda$new$0(48)) - omNode-1@group-523986131536->omNode-3: nextIndex: updateUnconditionally 442 -> 45
2022-10-18 21:56:51,844 [grpc-default-executor-2] WARN  server.GrpcLogAppender (LogUtils.java:warn(122)) - omNode-1@group-523986131536->omNode-3-AppendLogResponseHandler: Failed appendEntries: org.apache.ratis.thirdparty.io.grpc.StatusRuntimeException: UNAVAILABLE: io exception
2022-10-18 21:56:51,845 [grpc-default-executor-2] INFO  leader.FollowerInfo (FollowerInfoImpl.java:lambda$new$0(48)) - omNode-1@group-523986131536->omNode-3: nextIndex: updateUnconditionally 443 -> 45
2022-10-18 21:56:51,846 [grpc-default-executor-2] WARN  server.GrpcLogAppender (LogUtils.java:warn(122)) - omNode-1@group-523986131536->omNode-3-AppendLogResponseHandler: Failed appendEntries: org.apache.ratis.thirdparty.io.grpc.StatusRuntimeException: UNAVAILABLE: io exception
2022-10-18 21:56:51,847 [grpc-default-executor-2] INFO  leader.FollowerInfo (FollowerInfoImpl.java:lambda$new$0(48)) - omNode-1@group-523986131536->omNode-3: nextIndex: updateUnconditionally 443 -> 45
2022-10-18 21:56:51,847 [grpc-default-executor-3] WARN  server.GrpcLogAppender (LogUtils.java:warn(122)) - omNode-1@group-523986131536->omNode-3-AppendLogResponseHandler: Failed appendEntries: org.apache.ratis.thirdparty.io.grpc.StatusRuntimeException: UNAVAILABLE: io exception
2022-10-18 21:56:51,847 [grpc-default-executor-3] INFO  leader.FollowerInfo (FollowerInfoImpl.java:lambda$new$0(48)) - omNode-1@group-523986131536->omNode-3: nextIndex: updateUnconditionally 443 -> 45
2022-10-18 21:56:51,850 [grpc-default-executor-2] WARN  server.GrpcLogAppender (LogUtils.java:warn(122)) - omNode-1@group-523986131536->omNode-3-AppendLogResponseHandler: Failed appendEntries: org.apache.ratis.thirdparty.io.grpc.StatusRuntimeException: UNAVAILABLE: io exception
2022-10-18 21:56:51,850 [grpc-default-executor-2] INFO  leader.FollowerInfo (FollowerInfoImpl.java:lambda$new$0(48)) - omNode-1@group-523986131536->omNode-3: nextIndex: updateUnconditionally 444 -> 45
2022-10-18 21:56:51,851 [grpc-default-executor-3] WARN  server.GrpcLogAppender (LogUtils.java:warn(122)) - omNode-1@group-523986131536->omNode-3-AppendLogResponseHandler: Failed appendEntries: org.apache.ratis.thirdparty.io.grpc.StatusRuntimeException: UNAVAILABLE: io exception
2022-10-18 21:56:51,851 [grpc-default-executor-3] INFO  leader.FollowerInfo (FollowerInfoImpl.java:lambda$new$0(48)) - omNode-1@group-523986131536->omNode-3: nextIndex: updateUnconditionally 444 -> 45
2022-10-18 21:56:51,854 [grpc-default-executor-3] WARN  server.GrpcLogAppender (LogUtils.java:warn(122)) - omNode-1@group-523986131536->omNode-3-AppendLogResponseHandler: Failed appendEntries: org.apache.ratis.thirdparty.io.grpc.StatusRuntimeException: UNAVAILABLE: io exception
2022-10-18 21:56:51,854 [grpc-default-executor-3] INFO  leader.FollowerInfo (FollowerInfoImpl.java:lambda$new$0(48)) - omNode-1@group-523986131536->omNode-3: nextIndex: updateUnconditionally 445 -> 45
2022-10-18 21:56:51,855 [grpc-default-executor-3] WARN  server.GrpcLogAppender (LogUtils.java:warn(122)) - omNode-1@group-523986131536->omNode-3-AppendLogResponseHandler: Failed appendEntries: org.apache.ratis.thirdparty.io.grpc.StatusRuntimeException: UNAVAILABLE: io exception
2022-10-18 21:56:51,855 [grpc-default-executor-3] INFO  leader.FollowerInfo (FollowerInfoImpl.java:lambda$new$0(48)) - omNode-1@group-523986131536->omNode-3: nextIndex: updateUnconditionally 446 -> 45
2022-10-18 21:56:51,856 [grpc-default-executor-3] WARN  server.GrpcLogAppender (LogUtils.java:warn(122)) - omNode-1@group-523986131536->omNode-3-AppendLogResponseHandler: Failed appendEntries: org.apache.ratis.thirdparty.io.grpc.StatusRuntimeException: UNAVAILABLE: io exception
2022-10-18 21:56:51,856 [grpc-default-executor-3] INFO  leader.FollowerInfo (FollowerInfoImpl.java:lambda$new$0(48)) - omNode-1@group-523986131536->omNode-3: nextIndex: updateUnconditionally 447 -> 45
2022-10-18 21:56:51,859 [grpc-default-executor-3] WARN  server.GrpcLogAppender (LogUtils.java:warn(122)) - omNode-1@group-523986131536->omNode-3-AppendLogResponseHandler: Failed appendEntries: org.apache.ratis.thirdparty.io.grpc.StatusRuntimeException: UNAVAILABLE: io exception
2022-10-18 21:56:51,860 [grpc-default-executor-3] INFO  leader.FollowerInfo (FollowerInfoImpl.java:lambda$new$0(48)) - omNode-1@group-523986131536->omNode-3: nextIndex: updateUnconditionally 447 -> 45
2022-10-18 21:56:51,866 [grpc-default-executor-2] WARN  server.GrpcLogAppender (LogUtils.java:warn(122)) - omNode-1@group-523986131536->omNode-3-AppendLogResponseHandler: Failed appendEntries: org.apache.ratis.thirdparty.io.grpc.StatusRuntimeException: UNAVAILABLE: io exception
2022-10-18 21:56:51,866 [grpc-default-executor-2] INFO  leader.FollowerInfo (FollowerInfoImpl.java:lambda$new$0(48)) - omNode-1@group-523986131536->omNode-3: nextIndex: updateUnconditionally 448 -> 45
2022-10-18 21:56:51,867 [grpc-default-executor-3] WARN  server.GrpcLogAppender (LogUtils.java:warn(122)) - omNode-1@group-523986131536->omNode-3-AppendLogResponseHandler: Failed appendEntries: org.apache.ratis.thirdparty.io.grpc.StatusRuntimeException: UNAVAILABLE: io exception
2022-10-18 21:56:51,867 [grpc-default-executor-3] INFO  leader.FollowerInfo (FollowerInfoImpl.java:lambda$new$0(48)) - omNode-1@group-523986131536->omNode-3: nextIndex: updateUnconditionally 448 -> 45
2022-10-18 21:56:51,869 [grpc-default-executor-3] WARN  server.GrpcLogAppender (LogUtils.java:warn(122)) - omNode-1@group-523986131536->omNode-3-AppendLogResponseHandler: Failed appendEntries: org.apache.ratis.thirdparty.io.grpc.StatusRuntimeException: UNAVAILABLE: io exception
2022-10-18 21:56:51,869 [grpc-default-executor-3] INFO  leader.FollowerInfo (FollowerInfoImpl.java:lambda$new$0(48)) - omNode-1@group-523986131536->omNode-3: nextIndex: updateUnconditionally 449 -> 45
2022-10-18 21:56:51,871 [grpc-default-executor-3] WARN  server.GrpcLogAppender (LogUtils.java:warn(122)) - omNode-1@group-523986131536->omNode-3-AppendLogResponseHandler: Failed appendEntries: org.apache.ratis.thirdparty.io.grpc.StatusRuntimeException: UNAVAILABLE: io exception
2022-10-18 21:56:51,871 [grpc-default-executor-3] INFO  leader.FollowerInfo (FollowerInfoImpl.java:lambda$new$0(48)) - omNode-1@group-523986131536->omNode-3: nextIndex: updateUnconditionally 450 -> 45
2022-10-18 21:56:51,874 [grpc-default-executor-0] WARN  server.GrpcLogAppender (LogUtils.java:warn(122)) - omNode-1@group-523986131536->omNode-3-AppendLogResponseHandler: Failed appendEntries: org.apache.ratis.thirdparty.io.grpc.StatusRuntimeException: UNAVAILABLE: io exception
2022-10-18 21:56:51,874 [grpc-default-executor-0] INFO  leader.FollowerInfo (FollowerInfoImpl.java:lambda$new$0(48)) - omNode-1@group-523986131536->omNode-3: nextIndex: updateUnconditionally 450 -> 45
2022-10-18 21:56:51,874 [omNode-1@group-523986131536-StateMachineUpdater] INFO  ratis.OzoneManagerStateMachine (OzoneManagerStateMachine.java:takeSnapshot(441)) - Current Snapshot Index (t:1, i:450)
2022-10-18 21:56:51,875 [omNode-1@group-523986131536-StateMachineUpdater] INFO  impl.StateMachineUpdater (StateMachineUpdater.java:takeSnapshot(287)) - omNode-1@group-523986131536-StateMachineUpdater: Took a snapshot at index 450
2022-10-18 21:56:51,875 [omNode-1@group-523986131536-StateMachineUpdater] INFO  impl.StateMachineUpdater (StateMachineUpdater.java:lambda$new$0(92)) - omNode-1@group-523986131536-StateMachineUpdater: snapshotIndex: updateIncreasingly 400 -> 450
2022-10-18 21:56:51,875 [omNode-1@group-523986131536-StateMachineUpdater] INFO  raftlog.RaftLog (RaftLogBase.java:purge(308)) - omNode-1@group-523986131536-SegmentedRaftLog: purge 450
2022-10-18 21:56:51,875 [omNode-1@group-523986131536-StateMachineUpdater] INFO  raftlog.RaftLog (RaftLogBase.java:lambda$new$0(53)) - omNode-1@group-523986131536-SegmentedRaftLog: snapshotIndex: updateIncreasingly 400 -> 450
2022-10-18 21:56:51,875 [omNode-1@group-523986131536-StateMachineUpdater] INFO  raftlog.RaftLog (RaftLogBase.java:lambda$new$0(53)) - omNode-1@group-523986131536-SegmentedRaftLog: purgeIndex: updateToMax old=400, new=450, updated? true
2022-10-18 21:56:51,875 [grpc-default-executor-2] WARN  server.GrpcLogAppender (LogUtils.java:warn(122)) - omNode-1@group-523986131536->omNode-3-AppendLogResponseHandler: Failed appendEntries: org.apache.ratis.thirdparty.io.grpc.StatusRuntimeException: UNAVAILABLE: io exception
2022-10-18 21:56:51,876 [grpc-default-executor-2] INFO  leader.FollowerInfo (FollowerInfoImpl.java:lambda$new$0(48)) - omNode-1@group-523986131536->omNode-3: nextIndex: updateUnconditionally 451 -> 45
2022-10-18 21:56:51,878 [grpc-default-executor-0] WARN  server.GrpcLogAppender (LogUtils.java:warn(122)) - omNode-1@group-523986131536->omNode-3-AppendLogResponseHandler: Failed appendEntries: org.apache.ratis.thirdparty.io.grpc.StatusRuntimeException: UNAVAILABLE: io exception
2022-10-18 21:56:51,879 [grpc-default-executor-0] INFO  leader.FollowerInfo (FollowerInfoImpl.java:lambda$new$0(48)) - omNode-1@group-523986131536->omNode-3: nextIndex: updateUnconditionally 452 -> 45
2022-10-18 21:56:51,879 [omNode-2@group-523986131536-StateMachineUpdater] INFO  ratis.OzoneManagerStateMachine (OzoneManagerStateMachine.java:takeSnapshot(441)) - Current Snapshot Index (t:1, i:450)
2022-10-18 21:56:51,879 [omNode-2@group-523986131536-StateMachineUpdater] INFO  impl.StateMachineUpdater (StateMachineUpdater.java:takeSnapshot(287)) - omNode-2@group-523986131536-StateMachineUpdater: Took a snapshot at index 450
2022-10-18 21:56:51,879 [omNode-2@group-523986131536-StateMachineUpdater] INFO  impl.StateMachineUpdater (StateMachineUpdater.java:lambda$new$0(92)) - omNode-2@group-523986131536-StateMachineUpdater: snapshotIndex: updateIncreasingly 400 -> 450
2022-10-18 21:56:51,879 [omNode-2@group-523986131536-StateMachineUpdater] INFO  raftlog.RaftLog (RaftLogBase.java:purge(308)) - omNode-2@group-523986131536-SegmentedRaftLog: purge 450
2022-10-18 21:56:51,879 [omNode-2@group-523986131536-StateMachineUpdater] INFO  raftlog.RaftLog (RaftLogBase.java:lambda$new$0(53)) - omNode-2@group-523986131536-SegmentedRaftLog: snapshotIndex: updateIncreasingly 400 -> 450
2022-10-18 21:56:51,879 [omNode-2@group-523986131536-StateMachineUpdater] INFO  raftlog.RaftLog (RaftLogBase.java:lambda$new$0(53)) - omNode-2@group-523986131536-SegmentedRaftLog: purgeIndex: updateToMax old=400, new=450, updated? true
2022-10-18 21:56:51,881 [grpc-default-executor-2] WARN  server.GrpcLogAppender (LogUtils.java:warn(122)) - omNode-1@group-523986131536->omNode-3-AppendLogResponseHandler: Failed appendEntries: org.apache.ratis.thirdparty.io.grpc.StatusRuntimeException: UNAVAILABLE: io exception
2022-10-18 21:56:51,881 [grpc-default-executor-2] INFO  leader.FollowerInfo (FollowerInfoImpl.java:lambda$new$0(48)) - omNode-1@group-523986131536->omNode-3: nextIndex: updateUnconditionally 452 -> 45
2022-10-18 21:56:51,883 [grpc-default-executor-2] WARN  server.GrpcLogAppender (LogUtils.java:warn(122)) - omNode-1@group-523986131536->omNode-3-AppendLogResponseHandler: Failed appendEntries: org.apache.ratis.thirdparty.io.grpc.StatusRuntimeException: UNAVAILABLE: io exception
2022-10-18 21:56:51,883 [grpc-default-executor-2] INFO  leader.FollowerInfo (FollowerInfoImpl.java:lambda$new$0(48)) - omNode-1@group-523986131536->omNode-3: nextIndex: updateUnconditionally 453 -> 45
2022-10-18 21:56:51,884 [grpc-default-executor-0] WARN  server.GrpcLogAppender (LogUtils.java:warn(122)) - omNode-1@group-523986131536->omNode-3-AppendLogResponseHandler: Failed appendEntries: org.apache.ratis.thirdparty.io.grpc.StatusRuntimeException: UNAVAILABLE: io exception
2022-10-18 21:56:51,885 [grpc-default-executor-0] INFO  leader.FollowerInfo (FollowerInfoImpl.java:lambda$new$0(48)) - omNode-1@group-523986131536->omNode-3: nextIndex: updateUnconditionally 454 -> 45
2022-10-18 21:56:51,885 [grpc-default-executor-2] WARN  server.GrpcLogAppender (LogUtils.java:warn(122)) - omNode-1@group-523986131536->omNode-3-AppendLogResponseHandler: Failed appendEntries: org.apache.ratis.thirdparty.io.grpc.StatusRuntimeException: UNAVAILABLE: io exception
2022-10-18 21:56:51,885 [grpc-default-executor-2] INFO  leader.FollowerInfo (FollowerInfoImpl.java:lambda$new$0(48)) - omNode-1@group-523986131536->omNode-3: nextIndex: updateUnconditionally 455 -> 45
2022-10-18 21:56:51,888 [grpc-default-executor-0] WARN  server.GrpcLogAppender (LogUtils.java:warn(122)) - omNode-1@group-523986131536->omNode-3-AppendLogResponseHandler: Failed appendEntries: org.apache.ratis.thirdparty.io.grpc.StatusRuntimeException: UNAVAILABLE: io exception
2022-10-18 21:56:51,888 [grpc-default-executor-0] INFO  leader.FollowerInfo (FollowerInfoImpl.java:lambda$new$0(48)) - omNode-1@group-523986131536->omNode-3: nextIndex: updateUnconditionally 455 -> 45
2022-10-18 21:56:51,895 [grpc-default-executor-2] WARN  server.GrpcLogAppender (LogUtils.java:warn(122)) - omNode-1@group-523986131536->omNode-3-AppendLogResponseHandler: Failed appendEntries: org.apache.ratis.thirdparty.io.grpc.StatusRuntimeException: UNAVAILABLE: io exception
2022-10-18 21:56:51,895 [grpc-default-executor-2] INFO  leader.FollowerInfo (FollowerInfoImpl.java:lambda$new$0(48)) - omNode-1@group-523986131536->omNode-3: nextIndex: updateUnconditionally 456 -> 45
2022-10-18 21:56:51,897 [grpc-default-executor-2] WARN  server.GrpcLogAppender (LogUtils.java:warn(122)) - omNode-1@group-523986131536->omNode-3-AppendLogResponseHandler: Failed appendEntries: org.apache.ratis.thirdparty.io.grpc.StatusRuntimeException: UNAVAILABLE: io exception
2022-10-18 21:56:51,897 [grpc-default-executor-2] INFO  leader.FollowerInfo (FollowerInfoImpl.java:lambda$new$0(48)) - omNode-1@group-523986131536->omNode-3: nextIndex: updateUnconditionally 456 -> 45
2022-10-18 21:56:51,898 [grpc-default-executor-2] WARN  server.GrpcLogAppender (LogUtils.java:warn(122)) - omNode-1@group-523986131536->omNode-3-AppendLogResponseHandler: Failed appendEntries: org.apache.ratis.thirdparty.io.grpc.StatusRuntimeException: UNAVAILABLE: io exception
2022-10-18 21:56:51,898 [grpc-default-executor-2] INFO  leader.FollowerInfo (FollowerInfoImpl.java:lambda$new$0(48)) - omNode-1@group-523986131536->omNode-3: nextIndex: updateUnconditionally 457 -> 45
2022-10-18 21:56:51,899 [grpc-default-executor-0] WARN  server.GrpcLogAppender (LogUtils.java:warn(122)) - omNode-1@group-523986131536->omNode-3-AppendLogResponseHandler: Failed appendEntries: org.apache.ratis.thirdparty.io.grpc.StatusRuntimeException: UNAVAILABLE: io exception
2022-10-18 21:56:51,899 [grpc-default-executor-0] INFO  leader.FollowerInfo (FollowerInfoImpl.java:lambda$new$0(48)) - omNode-1@group-523986131536->omNode-3: nextIndex: updateUnconditionally 458 -> 45
2022-10-18 21:56:51,901 [grpc-default-executor-0] WARN  server.GrpcLogAppender (LogUtils.java:warn(122)) - omNode-1@group-523986131536->omNode-3-AppendLogResponseHandler: Failed appendEntries: org.apache.ratis.thirdparty.io.grpc.StatusRuntimeException: UNAVAILABLE: io exception
2022-10-18 21:56:51,901 [grpc-default-executor-0] INFO  leader.FollowerInfo (FollowerInfoImpl.java:lambda$new$0(48)) - omNode-1@group-523986131536->omNode-3: nextIndex: updateUnconditionally 458 -> 45
2022-10-18 21:56:51,906 [grpc-default-executor-2] WARN  server.GrpcLogAppender (LogUtils.java:warn(122)) - omNode-1@group-523986131536->omNode-3-AppendLogResponseHandler: Failed appendEntries: org.apache.ratis.thirdparty.io.grpc.StatusRuntimeException: UNAVAILABLE: io exception
2022-10-18 21:56:51,906 [grpc-default-executor-2] INFO  leader.FollowerInfo (FollowerInfoImpl.java:lambda$new$0(48)) - omNode-1@group-523986131536->omNode-3: nextIndex: updateUnconditionally 460 -> 45
2022-10-18 21:56:51,907 [grpc-default-executor-0] WARN  server.GrpcLogAppender (LogUtils.java:warn(122)) - omNode-1@group-523986131536->omNode-3-AppendLogResponseHandler: Failed appendEntries: org.apache.ratis.thirdparty.io.grpc.StatusRuntimeException: UNAVAILABLE: io exception
2022-10-18 21:56:51,907 [grpc-default-executor-0] INFO  leader.FollowerInfo (FollowerInfoImpl.java:lambda$new$0(48)) - omNode-1@group-523986131536->omNode-3: nextIndex: updateUnconditionally 461 -> 45
2022-10-18 21:56:51,909 [grpc-default-executor-0] WARN  server.GrpcLogAppender (LogUtils.java:warn(122)) - omNode-1@group-523986131536->omNode-3-AppendLogResponseHandler: Failed appendEntries: org.apache.ratis.thirdparty.io.grpc.StatusRuntimeException: UNAVAILABLE: io exception
2022-10-18 21:56:51,910 [grpc-default-executor-0] INFO  leader.FollowerInfo (FollowerInfoImpl.java:lambda$new$0(48)) - omNode-1@group-523986131536->omNode-3: nextIndex: updateUnconditionally 461 -> 45
2022-10-18 21:56:51,911 [grpc-default-executor-0] WARN  server.GrpcLogAppender (LogUtils.java:warn(122)) - omNode-1@group-523986131536->omNode-3-AppendLogResponseHandler: Failed appendEntries: org.apache.ratis.thirdparty.io.grpc.StatusRuntimeException: UNAVAILABLE: io exception
2022-10-18 21:56:51,911 [grpc-default-executor-0] INFO  leader.FollowerInfo (FollowerInfoImpl.java:lambda$new$0(48)) - omNode-1@group-523986131536->omNode-3: nextIndex: updateUnconditionally 462 -> 45
2022-10-18 21:56:51,912 [grpc-default-executor-0] WARN  server.GrpcLogAppender (LogUtils.java:warn(122)) - omNode-1@group-523986131536->omNode-3-AppendLogResponseHandler: Failed appendEntries: org.apache.ratis.thirdparty.io.grpc.StatusRuntimeException: UNAVAILABLE: io exception
2022-10-18 21:56:51,912 [grpc-default-executor-0] INFO  leader.FollowerInfo (FollowerInfoImpl.java:lambda$new$0(48)) - omNode-1@group-523986131536->omNode-3: nextIndex: updateUnconditionally 462 -> 45
2022-10-18 21:56:51,913 [grpc-default-executor-0] WARN  server.GrpcLogAppender (LogUtils.java:warn(122)) - omNode-1@group-523986131536->omNode-3-AppendLogResponseHandler: Failed appendEntries: org.apache.ratis.thirdparty.io.grpc.StatusRuntimeException: UNAVAILABLE: io exception
2022-10-18 21:56:51,913 [grpc-default-executor-0] INFO  leader.FollowerInfo (FollowerInfoImpl.java:lambda$new$0(48)) - omNode-1@group-523986131536->omNode-3: nextIndex: updateUnconditionally 463 -> 45
2022-10-18 21:56:51,916 [grpc-default-executor-2] WARN  server.GrpcLogAppender (LogUtils.java:warn(122)) - omNode-1@group-523986131536->omNode-3-AppendLogResponseHandler: Failed appendEntries: org.apache.ratis.thirdparty.io.grpc.StatusRuntimeException: UNAVAILABLE: io exception
2022-10-18 21:56:51,917 [grpc-default-executor-2] INFO  leader.FollowerInfo (FollowerInfoImpl.java:lambda$new$0(48)) - omNode-1@group-523986131536->omNode-3: nextIndex: updateUnconditionally 464 -> 45
2022-10-18 21:56:51,918 [grpc-default-executor-0] WARN  server.GrpcLogAppender (LogUtils.java:warn(122)) - omNode-1@group-523986131536->omNode-3-AppendLogResponseHandler: Failed appendEntries: org.apache.ratis.thirdparty.io.grpc.StatusRuntimeException: UNAVAILABLE: io exception
2022-10-18 21:56:51,918 [grpc-default-executor-0] INFO  leader.FollowerInfo (FollowerInfoImpl.java:lambda$new$0(48)) - omNode-1@group-523986131536->omNode-3: nextIndex: updateUnconditionally 465 -> 45
2022-10-18 21:56:51,919 [grpc-default-executor-0] WARN  server.GrpcLogAppender (LogUtils.java:warn(122)) - omNode-1@group-523986131536->omNode-3-AppendLogResponseHandler: Failed appendEntries: org.apache.ratis.thirdparty.io.grpc.StatusRuntimeException: UNAVAILABLE: io exception
2022-10-18 21:56:51,919 [grpc-default-executor-0] INFO  leader.FollowerInfo (FollowerInfoImpl.java:lambda$new$0(48)) - omNode-1@group-523986131536->omNode-3: nextIndex: updateUnconditionally 465 -> 45
2022-10-18 21:56:51,922 [grpc-default-executor-0] WARN  server.GrpcLogAppender (LogUtils.java:warn(122)) - omNode-1@group-523986131536->omNode-3-AppendLogResponseHandler: Failed appendEntries: org.apache.ratis.thirdparty.io.grpc.StatusRuntimeException: UNAVAILABLE: io exception
2022-10-18 21:56:51,922 [grpc-default-executor-0] INFO  leader.FollowerInfo (FollowerInfoImpl.java:lambda$new$0(48)) - omNode-1@group-523986131536->omNode-3: nextIndex: updateUnconditionally 466 -> 45
2022-10-18 21:56:51,923 [grpc-default-executor-0] WARN  server.GrpcLogAppender (LogUtils.java:warn(122)) - omNode-1@group-523986131536->omNode-3-AppendLogResponseHandler: Failed appendEntries: org.apache.ratis.thirdparty.io.grpc.StatusRuntimeException: UNAVAILABLE: io exception
2022-10-18 21:56:51,923 [grpc-default-executor-0] INFO  leader.FollowerInfo (FollowerInfoImpl.java:lambda$new$0(48)) - omNode-1@group-523986131536->omNode-3: nextIndex: updateUnconditionally 466 -> 45
2022-10-18 21:56:51,925 [grpc-default-executor-0] WARN  server.GrpcLogAppender (LogUtils.java:warn(122)) - omNode-1@group-523986131536->omNode-3-AppendLogResponseHandler: Failed appendEntries: org.apache.ratis.thirdparty.io.grpc.StatusRuntimeException: UNAVAILABLE: io exception
2022-10-18 21:56:51,925 [grpc-default-executor-0] INFO  leader.FollowerInfo (FollowerInfoImpl.java:lambda$new$0(48)) - omNode-1@group-523986131536->omNode-3: nextIndex: updateUnconditionally 467 -> 45
2022-10-18 21:56:51,929 [grpc-default-executor-0] WARN  server.GrpcLogAppender (LogUtils.java:warn(122)) - omNode-1@group-523986131536->omNode-3-AppendLogResponseHandler: Failed appendEntries: org.apache.ratis.thirdparty.io.grpc.StatusRuntimeException: UNAVAILABLE: io exception
2022-10-18 21:56:51,929 [grpc-default-executor-0] INFO  leader.FollowerInfo (FollowerInfoImpl.java:lambda$new$0(48)) - omNode-1@group-523986131536->omNode-3: nextIndex: updateUnconditionally 468 -> 45
2022-10-18 21:56:51,929 [grpc-default-executor-0] WARN  server.GrpcLogAppender (LogUtils.java:warn(122)) - omNode-1@group-523986131536->omNode-3-AppendLogResponseHandler: Failed appendEntries: org.apache.ratis.thirdparty.io.grpc.StatusRuntimeException: UNAVAILABLE: io exception
2022-10-18 21:56:51,930 [grpc-default-executor-0] INFO  leader.FollowerInfo (FollowerInfoImpl.java:lambda$new$0(48)) - omNode-1@group-523986131536->omNode-3: nextIndex: updateUnconditionally 468 -> 45
2022-10-18 21:56:51,932 [grpc-default-executor-2] WARN  server.GrpcLogAppender (LogUtils.java:warn(122)) - omNode-1@group-523986131536->omNode-3-AppendLogResponseHandler: Failed appendEntries: org.apache.ratis.thirdparty.io.grpc.StatusRuntimeException: UNAVAILABLE: io exception
2022-10-18 21:56:51,932 [grpc-default-executor-2] INFO  leader.FollowerInfo (FollowerInfoImpl.java:lambda$new$0(48)) - omNode-1@group-523986131536->omNode-3: nextIndex: updateUnconditionally 469 -> 45
2022-10-18 21:56:51,933 [grpc-default-executor-2] WARN  server.GrpcLogAppender (LogUtils.java:warn(122)) - omNode-1@group-523986131536->omNode-3-AppendLogResponseHandler: Failed appendEntries: org.apache.ratis.thirdparty.io.grpc.StatusRuntimeException: UNAVAILABLE: io exception
2022-10-18 21:56:51,933 [grpc-default-executor-2] INFO  leader.FollowerInfo (FollowerInfoImpl.java:lambda$new$0(48)) - omNode-1@group-523986131536->omNode-3: nextIndex: updateUnconditionally 470 -> 45
2022-10-18 21:56:51,936 [grpc-default-executor-2] WARN  server.GrpcLogAppender (LogUtils.java:warn(122)) - omNode-1@group-523986131536->omNode-3-AppendLogResponseHandler: Failed appendEntries: org.apache.ratis.thirdparty.io.grpc.StatusRuntimeException: UNAVAILABLE: io exception
2022-10-18 21:56:51,936 [grpc-default-executor-2] INFO  leader.FollowerInfo (FollowerInfoImpl.java:lambda$new$0(48)) - omNode-1@group-523986131536->omNode-3: nextIndex: updateUnconditionally 470 -> 45
2022-10-18 21:56:51,937 [grpc-default-executor-2] WARN  server.GrpcLogAppender (LogUtils.java:warn(122)) - omNode-1@group-523986131536->omNode-3-AppendLogResponseHandler: Failed appendEntries: org.apache.ratis.thirdparty.io.grpc.StatusRuntimeException: UNAVAILABLE: io exception
2022-10-18 21:56:51,937 [grpc-default-executor-2] INFO  leader.FollowerInfo (FollowerInfoImpl.java:lambda$new$0(48)) - omNode-1@group-523986131536->omNode-3: nextIndex: updateUnconditionally 471 -> 45
2022-10-18 21:56:51,943 [grpc-default-executor-0] WARN  server.GrpcLogAppender (LogUtils.java:warn(122)) - omNode-1@group-523986131536->omNode-3-AppendLogResponseHandler: Failed appendEntries: org.apache.ratis.thirdparty.io.grpc.StatusRuntimeException: UNAVAILABLE: io exception
2022-10-18 21:56:51,943 [grpc-default-executor-0] INFO  leader.FollowerInfo (FollowerInfoImpl.java:lambda$new$0(48)) - omNode-1@group-523986131536->omNode-3: nextIndex: updateUnconditionally 472 -> 45
2022-10-18 21:56:51,944 [grpc-default-executor-2] WARN  server.GrpcLogAppender (LogUtils.java:warn(122)) - omNode-1@group-523986131536->omNode-3-AppendLogResponseHandler: Failed appendEntries: org.apache.ratis.thirdparty.io.grpc.StatusRuntimeException: UNAVAILABLE: io exception
2022-10-18 21:56:51,945 [grpc-default-executor-2] INFO  leader.FollowerInfo (FollowerInfoImpl.java:lambda$new$0(48)) - omNode-1@group-523986131536->omNode-3: nextIndex: updateUnconditionally 472 -> 45
2022-10-18 21:56:51,947 [grpc-default-executor-2] WARN  server.GrpcLogAppender (LogUtils.java:warn(122)) - omNode-1@group-523986131536->omNode-3-AppendLogResponseHandler: Failed appendEntries: org.apache.ratis.thirdparty.io.grpc.StatusRuntimeException: UNAVAILABLE: io exception
2022-10-18 21:56:51,948 [grpc-default-executor-2] INFO  leader.FollowerInfo (FollowerInfoImpl.java:lambda$new$0(48)) - omNode-1@group-523986131536->omNode-3: nextIndex: updateUnconditionally 473 -> 45
2022-10-18 21:56:51,949 [grpc-default-executor-2] WARN  server.GrpcLogAppender (LogUtils.java:warn(122)) - omNode-1@group-523986131536->omNode-3-AppendLogResponseHandler: Failed appendEntries: org.apache.ratis.thirdparty.io.grpc.StatusRuntimeException: UNAVAILABLE: io exception
2022-10-18 21:56:51,949 [grpc-default-executor-2] INFO  leader.FollowerInfo (FollowerInfoImpl.java:lambda$new$0(48)) - omNode-1@group-523986131536->omNode-3: nextIndex: updateUnconditionally 474 -> 45
2022-10-18 21:56:51,953 [grpc-default-executor-0] WARN  server.GrpcLogAppender (LogUtils.java:warn(122)) - omNode-1@group-523986131536->omNode-3-AppendLogResponseHandler: Failed appendEntries: org.apache.ratis.thirdparty.io.grpc.StatusRuntimeException: UNAVAILABLE: io exception
2022-10-18 21:56:51,953 [grpc-default-executor-0] INFO  leader.FollowerInfo (FollowerInfoImpl.java:lambda$new$0(48)) - omNode-1@group-523986131536->omNode-3: nextIndex: updateUnconditionally 475 -> 45
2022-10-18 21:56:51,954 [grpc-default-executor-3] WARN  server.GrpcLogAppender (LogUtils.java:warn(122)) - omNode-1@group-523986131536->omNode-3-AppendLogResponseHandler: Failed appendEntries: org.apache.ratis.thirdparty.io.grpc.StatusRuntimeException: UNAVAILABLE: io exception
2022-10-18 21:56:51,954 [grpc-default-executor-3] INFO  leader.FollowerInfo (FollowerInfoImpl.java:lambda$new$0(48)) - omNode-1@group-523986131536->omNode-3: nextIndex: updateUnconditionally 475 -> 45
2022-10-18 21:56:51,963 [grpc-default-executor-2] WARN  server.GrpcLogAppender (LogUtils.java:warn(122)) - omNode-1@group-523986131536->omNode-3-AppendLogResponseHandler: Failed appendEntries: org.apache.ratis.thirdparty.io.grpc.StatusRuntimeException: UNAVAILABLE: io exception
2022-10-18 21:56:51,964 [grpc-default-executor-2] INFO  leader.FollowerInfo (FollowerInfoImpl.java:lambda$new$0(48)) - omNode-1@group-523986131536->omNode-3: nextIndex: updateUnconditionally 476 -> 45
2022-10-18 21:56:51,966 [grpc-default-executor-2] WARN  server.GrpcLogAppender (LogUtils.java:warn(122)) - omNode-1@group-523986131536->omNode-3-AppendLogResponseHandler: Failed appendEntries: org.apache.ratis.thirdparty.io.grpc.StatusRuntimeException: UNAVAILABLE: io exception
2022-10-18 21:56:51,966 [grpc-default-executor-2] INFO  leader.FollowerInfo (FollowerInfoImpl.java:lambda$new$0(48)) - omNode-1@group-523986131536->omNode-3: nextIndex: updateUnconditionally 477 -> 45
2022-10-18 21:56:51,968 [grpc-default-executor-2] WARN  server.GrpcLogAppender (LogUtils.java:warn(122)) - omNode-1@group-523986131536->omNode-3-AppendLogResponseHandler: Failed appendEntries: org.apache.ratis.thirdparty.io.grpc.StatusRuntimeException: UNAVAILABLE: io exception
2022-10-18 21:56:51,968 [grpc-default-executor-2] INFO  leader.FollowerInfo (FollowerInfoImpl.java:lambda$new$0(48)) - omNode-1@group-523986131536->omNode-3: nextIndex: updateUnconditionally 478 -> 45
2022-10-18 21:56:51,973 [grpc-default-executor-2] WARN  server.GrpcLogAppender (LogUtils.java:warn(122)) - omNode-1@group-523986131536->omNode-3-AppendLogResponseHandler: Failed appendEntries: org.apache.ratis.thirdparty.io.grpc.StatusRuntimeException: UNAVAILABLE: io exception
2022-10-18 21:56:51,973 [grpc-default-executor-2] INFO  leader.FollowerInfo (FollowerInfoImpl.java:lambda$new$0(48)) - omNode-1@group-523986131536->omNode-3: nextIndex: updateUnconditionally 479 -> 45
2022-10-18 21:56:51,975 [grpc-default-executor-3] WARN  server.GrpcLogAppender (LogUtils.java:warn(122)) - omNode-1@group-523986131536->omNode-3-AppendLogResponseHandler: Failed appendEntries: org.apache.ratis.thirdparty.io.grpc.StatusRuntimeException: UNAVAILABLE: io exception
2022-10-18 21:56:51,975 [grpc-default-executor-3] INFO  leader.FollowerInfo (FollowerInfoImpl.java:lambda$new$0(48)) - omNode-1@group-523986131536->omNode-3: nextIndex: updateUnconditionally 480 -> 45
2022-10-18 21:56:51,977 [grpc-default-executor-2] WARN  server.GrpcLogAppender (LogUtils.java:warn(122)) - omNode-1@group-523986131536->omNode-3-AppendLogResponseHandler: Failed appendEntries: org.apache.ratis.thirdparty.io.grpc.StatusRuntimeException: UNAVAILABLE: io exception
2022-10-18 21:56:51,977 [grpc-default-executor-2] INFO  leader.FollowerInfo (FollowerInfoImpl.java:lambda$new$0(48)) - omNode-1@group-523986131536->omNode-3: nextIndex: updateUnconditionally 481 -> 45
2022-10-18 21:56:51,978 [grpc-default-executor-2] WARN  server.GrpcLogAppender (LogUtils.java:warn(122)) - omNode-1@group-523986131536->omNode-3-AppendLogResponseHandler: Failed appendEntries: org.apache.ratis.thirdparty.io.grpc.StatusRuntimeException: UNAVAILABLE: io exception
2022-10-18 21:56:51,978 [grpc-default-executor-2] INFO  leader.FollowerInfo (FollowerInfoImpl.java:lambda$new$0(48)) - omNode-1@group-523986131536->omNode-3: nextIndex: updateUnconditionally 481 -> 45
2022-10-18 21:56:51,980 [grpc-default-executor-3] WARN  server.GrpcLogAppender (LogUtils.java:warn(122)) - omNode-1@group-523986131536->omNode-3-AppendLogResponseHandler: Failed appendEntries: org.apache.ratis.thirdparty.io.grpc.StatusRuntimeException: UNAVAILABLE: io exception
2022-10-18 21:56:51,980 [grpc-default-executor-3] INFO  leader.FollowerInfo (FollowerInfoImpl.java:lambda$new$0(48)) - omNode-1@group-523986131536->omNode-3: nextIndex: updateUnconditionally 482 -> 45
2022-10-18 21:56:51,981 [grpc-default-executor-2] WARN  server.GrpcLogAppender (LogUtils.java:warn(122)) - omNode-1@group-523986131536->omNode-3-AppendLogResponseHandler: Failed appendEntries: org.apache.ratis.thirdparty.io.grpc.StatusRuntimeException: UNAVAILABLE: io exception
2022-10-18 21:56:51,981 [grpc-default-executor-2] INFO  leader.FollowerInfo (FollowerInfoImpl.java:lambda$new$0(48)) - omNode-1@group-523986131536->omNode-3: nextIndex: updateUnconditionally 482 -> 45
2022-10-18 21:56:51,983 [grpc-default-executor-3] WARN  server.GrpcLogAppender (LogUtils.java:warn(122)) - omNode-1@group-523986131536->omNode-3-AppendLogResponseHandler: Failed appendEntries: org.apache.ratis.thirdparty.io.grpc.StatusRuntimeException: UNAVAILABLE: io exception
2022-10-18 21:56:51,983 [grpc-default-executor-3] INFO  leader.FollowerInfo (FollowerInfoImpl.java:lambda$new$0(48)) - omNode-1@group-523986131536->omNode-3: nextIndex: updateUnconditionally 483 -> 45
2022-10-18 21:56:51,984 [grpc-default-executor-2] WARN  server.GrpcLogAppender (LogUtils.java:warn(122)) - omNode-1@group-523986131536->omNode-3-AppendLogResponseHandler: Failed appendEntries: org.apache.ratis.thirdparty.io.grpc.StatusRuntimeException: UNAVAILABLE: io exception
2022-10-18 21:56:51,984 [grpc-default-executor-2] INFO  leader.FollowerInfo (FollowerInfoImpl.java:lambda$new$0(48)) - omNode-1@group-523986131536->omNode-3: nextIndex: updateUnconditionally 483 -> 45
2022-10-18 21:56:51,985 [grpc-default-executor-2] WARN  server.GrpcLogAppender (LogUtils.java:warn(122)) - omNode-1@group-523986131536->omNode-3-AppendLogResponseHandler: Failed appendEntries: org.apache.ratis.thirdparty.io.grpc.StatusRuntimeException: UNAVAILABLE: io exception
2022-10-18 21:56:51,985 [grpc-default-executor-2] INFO  leader.FollowerInfo (FollowerInfoImpl.java:lambda$new$0(48)) - omNode-1@group-523986131536->omNode-3: nextIndex: updateUnconditionally 483 -> 45
2022-10-18 21:56:51,986 [grpc-default-executor-0] WARN  server.GrpcLogAppender (LogUtils.java:warn(122)) - omNode-1@group-523986131536->omNode-3-AppendLogResponseHandler: Failed appendEntries: org.apache.ratis.thirdparty.io.grpc.StatusRuntimeException: UNAVAILABLE: io exception
2022-10-18 21:56:51,986 [grpc-default-executor-0] INFO  leader.FollowerInfo (FollowerInfoImpl.java:lambda$new$0(48)) - omNode-1@group-523986131536->omNode-3: nextIndex: updateUnconditionally 483 -> 45
2022-10-18 21:56:51,991 [grpc-default-executor-0] WARN  server.GrpcLogAppender (LogUtils.java:warn(122)) - omNode-1@group-523986131536->omNode-3-AppendLogResponseHandler: Failed appendEntries: org.apache.ratis.thirdparty.io.grpc.StatusRuntimeException: UNAVAILABLE: io exception
2022-10-18 21:56:51,991 [grpc-default-executor-0] INFO  leader.FollowerInfo (FollowerInfoImpl.java:lambda$new$0(48)) - omNode-1@group-523986131536->omNode-3: nextIndex: updateUnconditionally 484 -> 45
2022-10-18 21:56:51,992 [grpc-default-executor-0] WARN  server.GrpcLogAppender (LogUtils.java:warn(122)) - omNode-1@group-523986131536->omNode-3-AppendLogResponseHandler: Failed appendEntries: org.apache.ratis.thirdparty.io.grpc.StatusRuntimeException: UNAVAILABLE: io exception
2022-10-18 21:56:51,992 [grpc-default-executor-0] INFO  leader.FollowerInfo (FollowerInfoImpl.java:lambda$new$0(48)) - omNode-1@group-523986131536->omNode-3: nextIndex: updateUnconditionally 484 -> 45
2022-10-18 21:56:51,994 [grpc-default-executor-0] WARN  server.GrpcLogAppender (LogUtils.java:warn(122)) - omNode-1@group-523986131536->omNode-3-AppendLogResponseHandler: Failed appendEntries: org.apache.ratis.thirdparty.io.grpc.StatusRuntimeException: UNAVAILABLE: io exception
2022-10-18 21:56:51,994 [grpc-default-executor-0] INFO  leader.FollowerInfo (FollowerInfoImpl.java:lambda$new$0(48)) - omNode-1@group-523986131536->omNode-3: nextIndex: updateUnconditionally 485 -> 45
2022-10-18 21:56:51,996 [grpc-default-executor-2] WARN  server.GrpcLogAppender (LogUtils.java:warn(122)) - omNode-1@group-523986131536->omNode-3-AppendLogResponseHandler: Failed appendEntries: org.apache.ratis.thirdparty.io.grpc.StatusRuntimeException: UNAVAILABLE: io exception
2022-10-18 21:56:51,996 [grpc-default-executor-2] INFO  leader.FollowerInfo (FollowerInfoImpl.java:lambda$new$0(48)) - omNode-1@group-523986131536->omNode-3: nextIndex: updateUnconditionally 486 -> 45
2022-10-18 21:56:51,997 [grpc-default-executor-2] WARN  server.GrpcLogAppender (LogUtils.java:warn(122)) - omNode-1@group-523986131536->omNode-3-AppendLogResponseHandler: Failed appendEntries: org.apache.ratis.thirdparty.io.grpc.StatusRuntimeException: UNAVAILABLE: io exception
2022-10-18 21:56:51,997 [grpc-default-executor-2] INFO  leader.FollowerInfo (FollowerInfoImpl.java:lambda$new$0(48)) - omNode-1@group-523986131536->omNode-3: nextIndex: updateUnconditionally 487 -> 45
2022-10-18 21:56:51,999 [grpc-default-executor-0] WARN  server.GrpcLogAppender (LogUtils.java:warn(122)) - omNode-1@group-523986131536->omNode-3-AppendLogResponseHandler: Failed appendEntries: org.apache.ratis.thirdparty.io.grpc.StatusRuntimeException: UNAVAILABLE: io exception
2022-10-18 21:56:51,999 [grpc-default-executor-0] INFO  leader.FollowerInfo (FollowerInfoImpl.java:lambda$new$0(48)) - omNode-1@group-523986131536->omNode-3: nextIndex: updateUnconditionally 487 -> 45
2022-10-18 21:56:52,002 [grpc-default-executor-0] WARN  server.GrpcLogAppender (LogUtils.java:warn(122)) - omNode-1@group-523986131536->omNode-3-AppendLogResponseHandler: Failed appendEntries: org.apache.ratis.thirdparty.io.grpc.StatusRuntimeException: UNAVAILABLE: io exception
2022-10-18 21:56:52,002 [grpc-default-executor-0] INFO  leader.FollowerInfo (FollowerInfoImpl.java:lambda$new$0(48)) - omNode-1@group-523986131536->omNode-3: nextIndex: updateUnconditionally 488 -> 45
2022-10-18 21:56:52,003 [grpc-default-executor-0] WARN  server.GrpcLogAppender (LogUtils.java:warn(122)) - omNode-1@group-523986131536->omNode-3-AppendLogResponseHandler: Failed appendEntries: org.apache.ratis.thirdparty.io.grpc.StatusRuntimeException: UNAVAILABLE: io exception
2022-10-18 21:56:52,004 [grpc-default-executor-0] INFO  leader.FollowerInfo (FollowerInfoImpl.java:lambda$new$0(48)) - omNode-1@group-523986131536->omNode-3: nextIndex: updateUnconditionally 488 -> 45
2022-10-18 21:56:52,005 [grpc-default-executor-2] WARN  server.GrpcLogAppender (LogUtils.java:warn(122)) - omNode-1@group-523986131536->omNode-3-AppendLogResponseHandler: Failed appendEntries: org.apache.ratis.thirdparty.io.grpc.StatusRuntimeException: UNAVAILABLE: io exception
2022-10-18 21:56:52,006 [grpc-default-executor-2] INFO  leader.FollowerInfo (FollowerInfoImpl.java:lambda$new$0(48)) - omNode-1@group-523986131536->omNode-3: nextIndex: updateUnconditionally 489 -> 45
2022-10-18 21:56:52,007 [grpc-default-executor-3] WARN  server.GrpcLogAppender (LogUtils.java:warn(122)) - omNode-1@group-523986131536->omNode-3-AppendLogResponseHandler: Failed appendEntries: org.apache.ratis.thirdparty.io.grpc.StatusRuntimeException: UNAVAILABLE: io exception
2022-10-18 21:56:52,007 [grpc-default-executor-3] INFO  leader.FollowerInfo (FollowerInfoImpl.java:lambda$new$0(48)) - omNode-1@group-523986131536->omNode-3: nextIndex: updateUnconditionally 490 -> 45
2022-10-18 21:56:52,008 [grpc-default-executor-2] WARN  server.GrpcLogAppender (LogUtils.java:warn(122)) - omNode-1@group-523986131536->omNode-3-AppendLogResponseHandler: Failed appendEntries: org.apache.ratis.thirdparty.io.grpc.StatusRuntimeException: UNAVAILABLE: io exception
2022-10-18 21:56:52,009 [grpc-default-executor-2] INFO  leader.FollowerInfo (FollowerInfoImpl.java:lambda$new$0(48)) - omNode-1@group-523986131536->omNode-3: nextIndex: updateUnconditionally 491 -> 45
2022-10-18 21:56:52,013 [grpc-default-executor-3] WARN  server.GrpcLogAppender (LogUtils.java:warn(122)) - omNode-1@group-523986131536->omNode-3-AppendLogResponseHandler: Failed appendEntries: org.apache.ratis.thirdparty.io.grpc.StatusRuntimeException: UNAVAILABLE: io exception
2022-10-18 21:56:52,013 [grpc-default-executor-3] INFO  leader.FollowerInfo (FollowerInfoImpl.java:lambda$new$0(48)) - omNode-1@group-523986131536->omNode-3: nextIndex: updateUnconditionally 492 -> 45
2022-10-18 21:56:52,014 [grpc-default-executor-2] WARN  server.GrpcLogAppender (LogUtils.java:warn(122)) - omNode-1@group-523986131536->omNode-3-AppendLogResponseHandler: Failed appendEntries: org.apache.ratis.thirdparty.io.grpc.StatusRuntimeException: UNAVAILABLE: io exception
2022-10-18 21:56:52,015 [grpc-default-executor-2] INFO  leader.FollowerInfo (FollowerInfoImpl.java:lambda$new$0(48)) - omNode-1@group-523986131536->omNode-3: nextIndex: updateUnconditionally 492 -> 45
2022-10-18 21:56:52,018 [grpc-default-executor-3] WARN  server.GrpcLogAppender (LogUtils.java:warn(122)) - omNode-1@group-523986131536->omNode-3-AppendLogResponseHandler: Failed appendEntries: org.apache.ratis.thirdparty.io.grpc.StatusRuntimeException: UNAVAILABLE: io exception
2022-10-18 21:56:52,018 [grpc-default-executor-3] INFO  leader.FollowerInfo (FollowerInfoImpl.java:lambda$new$0(48)) - omNode-1@group-523986131536->omNode-3: nextIndex: updateUnconditionally 494 -> 45
2022-10-18 21:56:52,019 [grpc-default-executor-2] WARN  server.GrpcLogAppender (LogUtils.java:warn(122)) - omNode-1@group-523986131536->omNode-3-AppendLogResponseHandler: Failed appendEntries: org.apache.ratis.thirdparty.io.grpc.StatusRuntimeException: UNAVAILABLE: io exception
2022-10-18 21:56:52,020 [grpc-default-executor-2] INFO  leader.FollowerInfo (FollowerInfoImpl.java:lambda$new$0(48)) - omNode-1@group-523986131536->omNode-3: nextIndex: updateUnconditionally 495 -> 45
2022-10-18 21:56:52,021 [grpc-default-executor-2] WARN  server.GrpcLogAppender (LogUtils.java:warn(122)) - omNode-1@group-523986131536->omNode-3-AppendLogResponseHandler: Failed appendEntries: org.apache.ratis.thirdparty.io.grpc.StatusRuntimeException: UNAVAILABLE: io exception
2022-10-18 21:56:52,021 [grpc-default-executor-2] INFO  leader.FollowerInfo (FollowerInfoImpl.java:lambda$new$0(48)) - omNode-1@group-523986131536->omNode-3: nextIndex: updateUnconditionally 495 -> 45
2022-10-18 21:56:52,027 [grpc-default-executor-2] WARN  server.GrpcLogAppender (LogUtils.java:warn(122)) - omNode-1@group-523986131536->omNode-3-AppendLogResponseHandler: Failed appendEntries: org.apache.ratis.thirdparty.io.grpc.StatusRuntimeException: UNAVAILABLE: io exception
2022-10-18 21:56:52,027 [grpc-default-executor-2] INFO  leader.FollowerInfo (FollowerInfoImpl.java:lambda$new$0(48)) - omNode-1@group-523986131536->omNode-3: nextIndex: updateUnconditionally 496 -> 45
2022-10-18 21:56:52,028 [grpc-default-executor-2] WARN  server.GrpcLogAppender (LogUtils.java:warn(122)) - omNode-1@group-523986131536->omNode-3-AppendLogResponseHandler: Failed appendEntries: org.apache.ratis.thirdparty.io.grpc.StatusRuntimeException: UNAVAILABLE: io exception
2022-10-18 21:56:52,028 [grpc-default-executor-2] INFO  leader.FollowerInfo (FollowerInfoImpl.java:lambda$new$0(48)) - omNode-1@group-523986131536->omNode-3: nextIndex: updateUnconditionally 497 -> 45
2022-10-18 21:56:52,031 [grpc-default-executor-2] WARN  server.GrpcLogAppender (LogUtils.java:warn(122)) - omNode-1@group-523986131536->omNode-3-AppendLogResponseHandler: Failed appendEntries: org.apache.ratis.thirdparty.io.grpc.StatusRuntimeException: UNAVAILABLE: io exception
2022-10-18 21:56:52,031 [grpc-default-executor-2] INFO  leader.FollowerInfo (FollowerInfoImpl.java:lambda$new$0(48)) - omNode-1@group-523986131536->omNode-3: nextIndex: updateUnconditionally 497 -> 45
2022-10-18 21:56:52,032 [grpc-default-executor-2] WARN  server.GrpcLogAppender (LogUtils.java:warn(122)) - omNode-1@group-523986131536->omNode-3-AppendLogResponseHandler: Failed appendEntries: org.apache.ratis.thirdparty.io.grpc.StatusRuntimeException: UNAVAILABLE: io exception
2022-10-18 21:56:52,033 [grpc-default-executor-2] INFO  leader.FollowerInfo (FollowerInfoImpl.java:lambda$new$0(48)) - omNode-1@group-523986131536->omNode-3: nextIndex: updateUnconditionally 498 -> 45
2022-10-18 21:56:52,034 [grpc-default-executor-3] WARN  server.GrpcLogAppender (LogUtils.java:warn(122)) - omNode-1@group-523986131536->omNode-3-AppendLogResponseHandler: Failed appendEntries: org.apache.ratis.thirdparty.io.grpc.StatusRuntimeException: UNAVAILABLE: io exception
2022-10-18 21:56:52,034 [grpc-default-executor-3] INFO  leader.FollowerInfo (FollowerInfoImpl.java:lambda$new$0(48)) - omNode-1@group-523986131536->omNode-3: nextIndex: updateUnconditionally 499 -> 45
2022-10-18 21:56:52,035 [grpc-default-executor-2] WARN  server.GrpcLogAppender (LogUtils.java:warn(122)) - omNode-1@group-523986131536->omNode-3-AppendLogResponseHandler: Failed appendEntries: org.apache.ratis.thirdparty.io.grpc.StatusRuntimeException: UNAVAILABLE: io exception
2022-10-18 21:56:52,035 [grpc-default-executor-2] INFO  leader.FollowerInfo (FollowerInfoImpl.java:lambda$new$0(48)) - omNode-1@group-523986131536->omNode-3: nextIndex: updateUnconditionally 499 -> 45
2022-10-18 21:56:52,040 [grpc-default-executor-2] WARN  server.GrpcLogAppender (LogUtils.java:warn(122)) - omNode-1@group-523986131536->omNode-3-AppendLogResponseHandler: Failed appendEntries: org.apache.ratis.thirdparty.io.grpc.StatusRuntimeException: UNAVAILABLE: io exception
2022-10-18 21:56:52,040 [grpc-default-executor-2] INFO  leader.FollowerInfo (FollowerInfoImpl.java:lambda$new$0(48)) - omNode-1@group-523986131536->omNode-3: nextIndex: updateUnconditionally 500 -> 45
2022-10-18 21:56:52,041 [grpc-default-executor-2] WARN  server.GrpcLogAppender (LogUtils.java:warn(122)) - omNode-1@group-523986131536->omNode-3-AppendLogResponseHandler: Failed appendEntries: org.apache.ratis.thirdparty.io.grpc.StatusRuntimeException: UNAVAILABLE: io exception
2022-10-18 21:56:52,041 [grpc-default-executor-2] INFO  leader.FollowerInfo (FollowerInfoImpl.java:lambda$new$0(48)) - omNode-1@group-523986131536->omNode-3: nextIndex: updateUnconditionally 500 -> 45
2022-10-18 21:56:52,042 [omNode-1@group-523986131536-StateMachineUpdater] INFO  ratis.OzoneManagerStateMachine (OzoneManagerStateMachine.java:takeSnapshot(441)) - Current Snapshot Index (t:1, i:500)
2022-10-18 21:56:52,042 [omNode-1@group-523986131536-StateMachineUpdater] INFO  impl.StateMachineUpdater (StateMachineUpdater.java:takeSnapshot(287)) - omNode-1@group-523986131536-StateMachineUpdater: Took a snapshot at index 500
2022-10-18 21:56:52,042 [omNode-1@group-523986131536-StateMachineUpdater] INFO  impl.StateMachineUpdater (StateMachineUpdater.java:lambda$new$0(92)) - omNode-1@group-523986131536-StateMachineUpdater: snapshotIndex: updateIncreasingly 450 -> 500
2022-10-18 21:56:52,042 [omNode-1@group-523986131536-StateMachineUpdater] INFO  raftlog.RaftLog (RaftLogBase.java:purge(308)) - omNode-1@group-523986131536-SegmentedRaftLog: purge 500
2022-10-18 21:56:52,042 [omNode-1@group-523986131536-StateMachineUpdater] INFO  raftlog.RaftLog (RaftLogBase.java:lambda$new$0(53)) - omNode-1@group-523986131536-SegmentedRaftLog: snapshotIndex: updateIncreasingly 450 -> 500
2022-10-18 21:56:52,042 [grpc-default-executor-2] WARN  server.GrpcLogAppender (LogUtils.java:warn(122)) - omNode-1@group-523986131536->omNode-3-AppendLogResponseHandler: Failed appendEntries: org.apache.ratis.thirdparty.io.grpc.StatusRuntimeException: UNAVAILABLE: io exception
2022-10-18 21:56:52,042 [omNode-1@group-523986131536-StateMachineUpdater] INFO  raftlog.RaftLog (RaftLogBase.java:lambda$new$0(53)) - omNode-1@group-523986131536-SegmentedRaftLog: purgeIndex: updateToMax old=450, new=500, updated? true
2022-10-18 21:56:52,042 [grpc-default-executor-2] INFO  leader.FollowerInfo (FollowerInfoImpl.java:lambda$new$0(48)) - omNode-1@group-523986131536->omNode-3: nextIndex: updateUnconditionally 501 -> 45
2022-10-18 21:56:52,044 [grpc-default-executor-3] WARN  server.GrpcLogAppender (LogUtils.java:warn(122)) - omNode-1@group-523986131536->omNode-3-AppendLogResponseHandler: Failed appendEntries: org.apache.ratis.thirdparty.io.grpc.StatusRuntimeException: UNAVAILABLE: io exception
2022-10-18 21:56:52,044 [grpc-default-executor-3] INFO  leader.FollowerInfo (FollowerInfoImpl.java:lambda$new$0(48)) - omNode-1@group-523986131536->omNode-3: nextIndex: updateUnconditionally 502 -> 45
2022-10-18 21:56:52,044 [omNode-2@group-523986131536-StateMachineUpdater] INFO  ratis.OzoneManagerStateMachine (OzoneManagerStateMachine.java:takeSnapshot(441)) - Current Snapshot Index (t:1, i:500)
2022-10-18 21:56:52,044 [omNode-2@group-523986131536-StateMachineUpdater] INFO  impl.StateMachineUpdater (StateMachineUpdater.java:takeSnapshot(287)) - omNode-2@group-523986131536-StateMachineUpdater: Took a snapshot at index 500
2022-10-18 21:56:52,044 [omNode-2@group-523986131536-StateMachineUpdater] INFO  impl.StateMachineUpdater (StateMachineUpdater.java:lambda$new$0(92)) - omNode-2@group-523986131536-StateMachineUpdater: snapshotIndex: updateIncreasingly 450 -> 500
2022-10-18 21:56:52,044 [omNode-2@group-523986131536-StateMachineUpdater] INFO  raftlog.RaftLog (RaftLogBase.java:purge(308)) - omNode-2@group-523986131536-SegmentedRaftLog: purge 500
2022-10-18 21:56:52,044 [omNode-2@group-523986131536-StateMachineUpdater] INFO  raftlog.RaftLog (RaftLogBase.java:lambda$new$0(53)) - omNode-2@group-523986131536-SegmentedRaftLog: snapshotIndex: updateIncreasingly 450 -> 500
2022-10-18 21:56:52,044 [omNode-2@group-523986131536-StateMachineUpdater] INFO  raftlog.RaftLog (RaftLogBase.java:lambda$new$0(53)) - omNode-2@group-523986131536-SegmentedRaftLog: purgeIndex: updateToMax old=450, new=500, updated? true
2022-10-18 21:56:52,045 [grpc-default-executor-3] WARN  server.GrpcLogAppender (LogUtils.java:warn(122)) - omNode-1@group-523986131536->omNode-3-AppendLogResponseHandler: Failed appendEntries: org.apache.ratis.thirdparty.io.grpc.StatusRuntimeException: UNAVAILABLE: io exception
2022-10-18 21:56:52,045 [grpc-default-executor-3] INFO  leader.FollowerInfo (FollowerInfoImpl.java:lambda$new$0(48)) - omNode-1@group-523986131536->omNode-3: nextIndex: updateUnconditionally 502 -> 45
2022-10-18 21:56:52,046 [grpc-default-executor-3] WARN  server.GrpcLogAppender (LogUtils.java:warn(122)) - omNode-1@group-523986131536->omNode-3-AppendLogResponseHandler: Failed appendEntries: org.apache.ratis.thirdparty.io.grpc.StatusRuntimeException: UNAVAILABLE: io exception
2022-10-18 21:56:52,046 [grpc-default-executor-3] INFO  leader.FollowerInfo (FollowerInfoImpl.java:lambda$new$0(48)) - omNode-1@group-523986131536->omNode-3: nextIndex: updateUnconditionally 503 -> 45
2022-10-18 21:56:52,049 [grpc-default-executor-2] WARN  server.GrpcLogAppender (LogUtils.java:warn(122)) - omNode-1@group-523986131536->omNode-3-AppendLogResponseHandler: Failed appendEntries: org.apache.ratis.thirdparty.io.grpc.StatusRuntimeException: UNAVAILABLE: io exception
2022-10-18 21:56:52,049 [grpc-default-executor-2] INFO  leader.FollowerInfo (FollowerInfoImpl.java:lambda$new$0(48)) - omNode-1@group-523986131536->omNode-3: nextIndex: updateUnconditionally 504 -> 45
2022-10-18 21:56:52,050 [grpc-default-executor-3] WARN  server.GrpcLogAppender (LogUtils.java:warn(122)) - omNode-1@group-523986131536->omNode-3-AppendLogResponseHandler: Failed appendEntries: org.apache.ratis.thirdparty.io.grpc.StatusRuntimeException: UNAVAILABLE: io exception
2022-10-18 21:56:52,050 [grpc-default-executor-3] INFO  leader.FollowerInfo (FollowerInfoImpl.java:lambda$new$0(48)) - omNode-1@group-523986131536->omNode-3: nextIndex: updateUnconditionally 504 -> 45
2022-10-18 21:56:52,051 [grpc-default-executor-3] WARN  server.GrpcLogAppender (LogUtils.java:warn(122)) - omNode-1@group-523986131536->omNode-3-AppendLogResponseHandler: Failed appendEntries: org.apache.ratis.thirdparty.io.grpc.StatusRuntimeException: UNAVAILABLE: io exception
2022-10-18 21:56:52,051 [grpc-default-executor-3] INFO  leader.FollowerInfo (FollowerInfoImpl.java:lambda$new$0(48)) - omNode-1@group-523986131536->omNode-3: nextIndex: updateUnconditionally 505 -> 45
2022-10-18 21:56:52,052 [grpc-default-executor-3] WARN  server.GrpcLogAppender (LogUtils.java:warn(122)) - omNode-1@group-523986131536->omNode-3-AppendLogResponseHandler: Failed appendEntries: org.apache.ratis.thirdparty.io.grpc.StatusRuntimeException: UNAVAILABLE: io exception
2022-10-18 21:56:52,052 [grpc-default-executor-3] INFO  leader.FollowerInfo (FollowerInfoImpl.java:lambda$new$0(48)) - omNode-1@group-523986131536->omNode-3: nextIndex: updateUnconditionally 505 -> 45
2022-10-18 21:56:52,052 [grpc-default-executor-2] WARN  server.GrpcLogAppender (LogUtils.java:warn(122)) - omNode-1@group-523986131536->omNode-3-AppendLogResponseHandler: Failed appendEntries: org.apache.ratis.thirdparty.io.grpc.StatusRuntimeException: UNAVAILABLE: io exception
2022-10-18 21:56:52,053 [grpc-default-executor-2] INFO  leader.FollowerInfo (FollowerInfoImpl.java:lambda$new$0(48)) - omNode-1@group-523986131536->omNode-3: nextIndex: updateUnconditionally 506 -> 45
2022-10-18 21:56:52,053 [grpc-default-executor-3] WARN  server.GrpcLogAppender (LogUtils.java:warn(122)) - omNode-1@group-523986131536->omNode-3-AppendLogResponseHandler: Failed appendEntries: org.apache.ratis.thirdparty.io.grpc.StatusRuntimeException: UNAVAILABLE: io exception
2022-10-18 21:56:52,053 [grpc-default-executor-3] INFO  leader.FollowerInfo (FollowerInfoImpl.java:lambda$new$0(48)) - omNode-1@group-523986131536->omNode-3: nextIndex: updateUnconditionally 506 -> 45
2022-10-18 21:56:52,054 [grpc-default-executor-3] WARN  server.GrpcLogAppender (LogUtils.java:warn(122)) - omNode-1@group-523986131536->omNode-3-AppendLogResponseHandler: Failed appendEntries: org.apache.ratis.thirdparty.io.grpc.StatusRuntimeException: UNAVAILABLE: io exception
2022-10-18 21:56:52,054 [grpc-default-executor-3] INFO  leader.FollowerInfo (FollowerInfoImpl.java:lambda$new$0(48)) - omNode-1@group-523986131536->omNode-3: nextIndex: updateUnconditionally 507 -> 45
2022-10-18 21:56:52,058 [grpc-default-executor-3] WARN  server.GrpcLogAppender (LogUtils.java:warn(122)) - omNode-1@group-523986131536->omNode-3-AppendLogResponseHandler: Failed appendEntries: org.apache.ratis.thirdparty.io.grpc.StatusRuntimeException: UNAVAILABLE: io exception
2022-10-18 21:56:52,058 [grpc-default-executor-3] INFO  leader.FollowerInfo (FollowerInfoImpl.java:lambda$new$0(48)) - omNode-1@group-523986131536->omNode-3: nextIndex: updateUnconditionally 508 -> 45
2022-10-18 21:56:52,059 [grpc-default-executor-3] WARN  server.GrpcLogAppender (LogUtils.java:warn(122)) - omNode-1@group-523986131536->omNode-3-AppendLogResponseHandler: Failed appendEntries: org.apache.ratis.thirdparty.io.grpc.StatusRuntimeException: UNAVAILABLE: io exception
2022-10-18 21:56:52,059 [grpc-default-executor-3] INFO  leader.FollowerInfo (FollowerInfoImpl.java:lambda$new$0(48)) - omNode-1@group-523986131536->omNode-3: nextIndex: updateUnconditionally 509 -> 45
2022-10-18 21:56:52,061 [grpc-default-executor-3] WARN  server.GrpcLogAppender (LogUtils.java:warn(122)) - omNode-1@group-523986131536->omNode-3-AppendLogResponseHandler: Failed appendEntries: org.apache.ratis.thirdparty.io.grpc.StatusRuntimeException: UNAVAILABLE: io exception
2022-10-18 21:56:52,061 [grpc-default-executor-3] INFO  leader.FollowerInfo (FollowerInfoImpl.java:lambda$new$0(48)) - omNode-1@group-523986131536->omNode-3: nextIndex: updateUnconditionally 509 -> 45
2022-10-18 21:56:52,062 [grpc-default-executor-0] WARN  server.GrpcLogAppender (LogUtils.java:warn(122)) - omNode-1@group-523986131536->omNode-3-AppendLogResponseHandler: Failed appendEntries: org.apache.ratis.thirdparty.io.grpc.StatusRuntimeException: UNAVAILABLE: io exception
2022-10-18 21:56:52,062 [grpc-default-executor-0] INFO  leader.FollowerInfo (FollowerInfoImpl.java:lambda$new$0(48)) - omNode-1@group-523986131536->omNode-3: nextIndex: updateUnconditionally 510 -> 45
2022-10-18 21:56:52,064 [grpc-default-executor-3] WARN  server.GrpcLogAppender (LogUtils.java:warn(122)) - omNode-1@group-523986131536->omNode-3-AppendLogResponseHandler: Failed appendEntries: org.apache.ratis.thirdparty.io.grpc.StatusRuntimeException: UNAVAILABLE: io exception
2022-10-18 21:56:52,064 [grpc-default-executor-3] INFO  leader.FollowerInfo (FollowerInfoImpl.java:lambda$new$0(48)) - omNode-1@group-523986131536->omNode-3: nextIndex: updateUnconditionally 510 -> 45
2022-10-18 21:56:52,066 [grpc-default-executor-0] WARN  server.GrpcLogAppender (LogUtils.java:warn(122)) - omNode-1@group-523986131536->omNode-3-AppendLogResponseHandler: Failed appendEntries: org.apache.ratis.thirdparty.io.grpc.StatusRuntimeException: UNAVAILABLE: io exception
2022-10-18 21:56:52,067 [grpc-default-executor-0] INFO  leader.FollowerInfo (FollowerInfoImpl.java:lambda$new$0(48)) - omNode-1@group-523986131536->omNode-3: nextIndex: updateUnconditionally 511 -> 45
2022-10-18 21:56:52,067 [grpc-default-executor-0] WARN  server.GrpcLogAppender (LogUtils.java:warn(122)) - omNode-1@group-523986131536->omNode-3-AppendLogResponseHandler: Failed appendEntries: org.apache.ratis.thirdparty.io.grpc.StatusRuntimeException: UNAVAILABLE: io exception
2022-10-18 21:56:52,067 [grpc-default-executor-0] INFO  leader.FollowerInfo (FollowerInfoImpl.java:lambda$new$0(48)) - omNode-1@group-523986131536->omNode-3: nextIndex: updateUnconditionally 511 -> 45
2022-10-18 21:56:52,071 [grpc-default-executor-3] WARN  server.GrpcLogAppender (LogUtils.java:warn(122)) - omNode-1@group-523986131536->omNode-3-AppendLogResponseHandler: Failed appendEntries: org.apache.ratis.thirdparty.io.grpc.StatusRuntimeException: UNAVAILABLE: io exception
2022-10-18 21:56:52,071 [grpc-default-executor-3] INFO  leader.FollowerInfo (FollowerInfoImpl.java:lambda$new$0(48)) - omNode-1@group-523986131536->omNode-3: nextIndex: updateUnconditionally 512 -> 45
2022-10-18 21:56:52,073 [grpc-default-executor-3] WARN  server.GrpcLogAppender (LogUtils.java:warn(122)) - omNode-1@group-523986131536->omNode-3-AppendLogResponseHandler: Failed appendEntries: org.apache.ratis.thirdparty.io.grpc.StatusRuntimeException: UNAVAILABLE: io exception
2022-10-18 21:56:52,074 [grpc-default-executor-3] INFO  leader.FollowerInfo (FollowerInfoImpl.java:lambda$new$0(48)) - omNode-1@group-523986131536->omNode-3: nextIndex: updateUnconditionally 512 -> 45
2022-10-18 21:56:52,075 [grpc-default-executor-0] WARN  server.GrpcLogAppender (LogUtils.java:warn(122)) - omNode-1@group-523986131536->omNode-3-AppendLogResponseHandler: Failed appendEntries: org.apache.ratis.thirdparty.io.grpc.StatusRuntimeException: UNAVAILABLE: io exception
2022-10-18 21:56:52,075 [grpc-default-executor-0] INFO  leader.FollowerInfo (FollowerInfoImpl.java:lambda$new$0(48)) - omNode-1@group-523986131536->omNode-3: nextIndex: updateUnconditionally 514 -> 45
2022-10-18 21:56:52,076 [grpc-default-executor-0] WARN  server.GrpcLogAppender (LogUtils.java:warn(122)) - omNode-1@group-523986131536->omNode-3-AppendLogResponseHandler: Failed appendEntries: org.apache.ratis.thirdparty.io.grpc.StatusRuntimeException: UNAVAILABLE: io exception
2022-10-18 21:56:52,076 [grpc-default-executor-0] INFO  leader.FollowerInfo (FollowerInfoImpl.java:lambda$new$0(48)) - omNode-1@group-523986131536->omNode-3: nextIndex: updateUnconditionally 515 -> 45
2022-10-18 21:56:52,079 [grpc-default-executor-2] WARN  server.GrpcLogAppender (LogUtils.java:warn(122)) - omNode-1@group-523986131536->omNode-3-AppendLogResponseHandler: Failed appendEntries: org.apache.ratis.thirdparty.io.grpc.StatusRuntimeException: UNAVAILABLE: io exception
2022-10-18 21:56:52,079 [grpc-default-executor-2] INFO  leader.FollowerInfo (FollowerInfoImpl.java:lambda$new$0(48)) - omNode-1@group-523986131536->omNode-3: nextIndex: updateUnconditionally 515 -> 45
2022-10-18 21:56:52,079 [grpc-default-executor-0] WARN  server.GrpcLogAppender (LogUtils.java:warn(122)) - omNode-1@group-523986131536->omNode-3-AppendLogResponseHandler: Failed appendEntries: org.apache.ratis.thirdparty.io.grpc.StatusRuntimeException: UNAVAILABLE: io exception
2022-10-18 21:56:52,080 [grpc-default-executor-0] INFO  leader.FollowerInfo (FollowerInfoImpl.java:lambda$new$0(48)) - omNode-1@group-523986131536->omNode-3: nextIndex: updateUnconditionally 515 -> 45
2022-10-18 21:56:52,083 [grpc-default-executor-2] WARN  server.GrpcLogAppender (LogUtils.java:warn(122)) - omNode-1@group-523986131536->omNode-3-AppendLogResponseHandler: Failed appendEntries: org.apache.ratis.thirdparty.io.grpc.StatusRuntimeException: UNAVAILABLE: io exception
2022-10-18 21:56:52,083 [grpc-default-executor-2] INFO  leader.FollowerInfo (FollowerInfoImpl.java:lambda$new$0(48)) - omNode-1@group-523986131536->omNode-3: nextIndex: updateUnconditionally 516 -> 45
2022-10-18 21:56:52,084 [grpc-default-executor-2] WARN  server.GrpcLogAppender (LogUtils.java:warn(122)) - omNode-1@group-523986131536->omNode-3-AppendLogResponseHandler: Failed appendEntries: org.apache.ratis.thirdparty.io.grpc.StatusRuntimeException: UNAVAILABLE: io exception
2022-10-18 21:56:52,085 [grpc-default-executor-2] INFO  leader.FollowerInfo (FollowerInfoImpl.java:lambda$new$0(48)) - omNode-1@group-523986131536->omNode-3: nextIndex: updateUnconditionally 516 -> 45
2022-10-18 21:56:52,086 [grpc-default-executor-2] WARN  server.GrpcLogAppender (LogUtils.java:warn(122)) - omNode-1@group-523986131536->omNode-3-AppendLogResponseHandler: Failed appendEntries: org.apache.ratis.thirdparty.io.grpc.StatusRuntimeException: UNAVAILABLE: io exception
2022-10-18 21:56:52,086 [grpc-default-executor-2] INFO  leader.FollowerInfo (FollowerInfoImpl.java:lambda$new$0(48)) - omNode-1@group-523986131536->omNode-3: nextIndex: updateUnconditionally 517 -> 45
2022-10-18 21:56:52,087 [grpc-default-executor-2] WARN  server.GrpcLogAppender (LogUtils.java:warn(122)) - omNode-1@group-523986131536->omNode-3-AppendLogResponseHandler: Failed appendEntries: org.apache.ratis.thirdparty.io.grpc.StatusRuntimeException: UNAVAILABLE: io exception
2022-10-18 21:56:52,088 [grpc-default-executor-2] INFO  leader.FollowerInfo (FollowerInfoImpl.java:lambda$new$0(48)) - omNode-1@group-523986131536->omNode-3: nextIndex: updateUnconditionally 518 -> 45
2022-10-18 21:56:52,088 [grpc-default-executor-0] WARN  server.GrpcLogAppender (LogUtils.java:warn(122)) - omNode-1@group-523986131536->omNode-3-AppendLogResponseHandler: Failed appendEntries: org.apache.ratis.thirdparty.io.grpc.StatusRuntimeException: UNAVAILABLE: io exception
2022-10-18 21:56:52,089 [grpc-default-executor-0] INFO  leader.FollowerInfo (FollowerInfoImpl.java:lambda$new$0(48)) - omNode-1@group-523986131536->omNode-3: nextIndex: updateUnconditionally 518 -> 45
2022-10-18 21:56:52,091 [grpc-default-executor-2] WARN  server.GrpcLogAppender (LogUtils.java:warn(122)) - omNode-1@group-523986131536->omNode-3-AppendLogResponseHandler: Failed appendEntries: org.apache.ratis.thirdparty.io.grpc.StatusRuntimeException: UNAVAILABLE: io exception
2022-10-18 21:56:52,091 [grpc-default-executor-2] INFO  leader.FollowerInfo (FollowerInfoImpl.java:lambda$new$0(48)) - omNode-1@group-523986131536->omNode-3: nextIndex: updateUnconditionally 519 -> 45
2022-10-18 21:56:52,093 [grpc-default-executor-0] WARN  server.GrpcLogAppender (LogUtils.java:warn(122)) - omNode-1@group-523986131536->omNode-3-AppendLogResponseHandler: Failed appendEntries: org.apache.ratis.thirdparty.io.grpc.StatusRuntimeException: UNAVAILABLE: io exception
2022-10-18 21:56:52,094 [grpc-default-executor-0] INFO  leader.FollowerInfo (FollowerInfoImpl.java:lambda$new$0(48)) - omNode-1@group-523986131536->omNode-3: nextIndex: updateUnconditionally 520 -> 45
2022-10-18 21:56:52,094 [grpc-default-executor-0] WARN  server.GrpcLogAppender (LogUtils.java:warn(122)) - omNode-1@group-523986131536->omNode-3-AppendLogResponseHandler: Failed appendEntries: org.apache.ratis.thirdparty.io.grpc.StatusRuntimeException: UNAVAILABLE: io exception
2022-10-18 21:56:52,095 [grpc-default-executor-0] INFO  leader.FollowerInfo (FollowerInfoImpl.java:lambda$new$0(48)) - omNode-1@group-523986131536->omNode-3: nextIndex: updateUnconditionally 521 -> 45
2022-10-18 21:56:52,095 [grpc-default-executor-0] WARN  server.GrpcLogAppender (LogUtils.java:warn(122)) - omNode-1@group-523986131536->omNode-3-AppendLogResponseHandler: Failed appendEntries: org.apache.ratis.thirdparty.io.grpc.StatusRuntimeException: UNAVAILABLE: io exception
2022-10-18 21:56:52,096 [grpc-default-executor-0] INFO  leader.FollowerInfo (FollowerInfoImpl.java:lambda$new$0(48)) - omNode-1@group-523986131536->omNode-3: nextIndex: updateUnconditionally 521 -> 45
2022-10-18 21:56:52,096 [grpc-default-executor-0] WARN  server.GrpcLogAppender (LogUtils.java:warn(122)) - omNode-1@group-523986131536->omNode-3-AppendLogResponseHandler: Failed appendEntries: org.apache.ratis.thirdparty.io.grpc.StatusRuntimeException: UNAVAILABLE: io exception
2022-10-18 21:56:52,096 [grpc-default-executor-0] INFO  leader.FollowerInfo (FollowerInfoImpl.java:lambda$new$0(48)) - omNode-1@group-523986131536->omNode-3: nextIndex: updateUnconditionally 521 -> 45
2022-10-18 21:56:52,098 [grpc-default-executor-0] WARN  server.GrpcLogAppender (LogUtils.java:warn(122)) - omNode-1@group-523986131536->omNode-3-AppendLogResponseHandler: Failed appendEntries: org.apache.ratis.thirdparty.io.grpc.StatusRuntimeException: UNAVAILABLE: io exception
2022-10-18 21:56:52,098 [grpc-default-executor-0] INFO  leader.FollowerInfo (FollowerInfoImpl.java:lambda$new$0(48)) - omNode-1@group-523986131536->omNode-3: nextIndex: updateUnconditionally 522 -> 45
2022-10-18 21:56:52,098 [grpc-default-executor-2] WARN  server.GrpcLogAppender (LogUtils.java:warn(122)) - omNode-1@group-523986131536->omNode-3-AppendLogResponseHandler: Failed appendEntries: org.apache.ratis.thirdparty.io.grpc.StatusRuntimeException: UNAVAILABLE: io exception
2022-10-18 21:56:52,099 [grpc-default-executor-2] INFO  leader.FollowerInfo (FollowerInfoImpl.java:lambda$new$0(48)) - omNode-1@group-523986131536->omNode-3: nextIndex: updateUnconditionally 523 -> 45
2022-10-18 21:56:52,100 [grpc-default-executor-2] WARN  server.GrpcLogAppender (LogUtils.java:warn(122)) - omNode-1@group-523986131536->omNode-3-AppendLogResponseHandler: Failed appendEntries: org.apache.ratis.thirdparty.io.grpc.StatusRuntimeException: UNAVAILABLE: io exception
2022-10-18 21:56:52,100 [grpc-default-executor-2] INFO  leader.FollowerInfo (FollowerInfoImpl.java:lambda$new$0(48)) - omNode-1@group-523986131536->omNode-3: nextIndex: updateUnconditionally 523 -> 45
2022-10-18 21:56:52,100 [grpc-default-executor-2] WARN  server.GrpcLogAppender (LogUtils.java:warn(122)) - omNode-1@group-523986131536->omNode-3-AppendLogResponseHandler: Failed appendEntries: org.apache.ratis.thirdparty.io.grpc.StatusRuntimeException: UNAVAILABLE: io exception
2022-10-18 21:56:52,101 [grpc-default-executor-2] INFO  leader.FollowerInfo (FollowerInfoImpl.java:lambda$new$0(48)) - omNode-1@group-523986131536->omNode-3: nextIndex: updateUnconditionally 523 -> 45
2022-10-18 21:56:52,103 [grpc-default-executor-0] WARN  server.GrpcLogAppender (LogUtils.java:warn(122)) - omNode-1@group-523986131536->omNode-3-AppendLogResponseHandler: Failed appendEntries: org.apache.ratis.thirdparty.io.grpc.StatusRuntimeException: UNAVAILABLE: io exception
2022-10-18 21:56:52,103 [grpc-default-executor-0] INFO  leader.FollowerInfo (FollowerInfoImpl.java:lambda$new$0(48)) - omNode-1@group-523986131536->omNode-3: nextIndex: updateUnconditionally 523 -> 45
2022-10-18 21:56:52,105 [grpc-default-executor-2] WARN  server.GrpcLogAppender (LogUtils.java:warn(122)) - omNode-1@group-523986131536->omNode-3-AppendLogResponseHandler: Failed appendEntries: org.apache.ratis.thirdparty.io.grpc.StatusRuntimeException: UNAVAILABLE: io exception
2022-10-18 21:56:52,105 [grpc-default-executor-2] INFO  leader.FollowerInfo (FollowerInfoImpl.java:lambda$new$0(48)) - omNode-1@group-523986131536->omNode-3: nextIndex: updateUnconditionally 524 -> 45
2022-10-18 21:56:52,106 [grpc-default-executor-3] WARN  server.GrpcLogAppender (LogUtils.java:warn(122)) - omNode-1@group-523986131536->omNode-3-AppendLogResponseHandler: Failed appendEntries: org.apache.ratis.thirdparty.io.grpc.StatusRuntimeException: UNAVAILABLE: io exception
2022-10-18 21:56:52,106 [grpc-default-executor-3] INFO  leader.FollowerInfo (FollowerInfoImpl.java:lambda$new$0(48)) - omNode-1@group-523986131536->omNode-3: nextIndex: updateUnconditionally 525 -> 45
2022-10-18 21:56:52,107 [grpc-default-executor-2] WARN  server.GrpcLogAppender (LogUtils.java:warn(122)) - omNode-1@group-523986131536->omNode-3-AppendLogResponseHandler: Failed appendEntries: org.apache.ratis.thirdparty.io.grpc.StatusRuntimeException: UNAVAILABLE: io exception
2022-10-18 21:56:52,107 [grpc-default-executor-2] INFO  leader.FollowerInfo (FollowerInfoImpl.java:lambda$new$0(48)) - omNode-1@group-523986131536->omNode-3: nextIndex: updateUnconditionally 525 -> 45
2022-10-18 21:56:52,109 [grpc-default-executor-2] WARN  server.GrpcLogAppender (LogUtils.java:warn(122)) - omNode-1@group-523986131536->omNode-3-AppendLogResponseHandler: Failed appendEntries: org.apache.ratis.thirdparty.io.grpc.StatusRuntimeException: UNAVAILABLE: io exception
2022-10-18 21:56:52,110 [grpc-default-executor-2] INFO  leader.FollowerInfo (FollowerInfoImpl.java:lambda$new$0(48)) - omNode-1@group-523986131536->omNode-3: nextIndex: updateUnconditionally 526 -> 45
2022-10-18 21:56:52,112 [grpc-default-executor-2] WARN  server.GrpcLogAppender (LogUtils.java:warn(122)) - omNode-1@group-523986131536->omNode-3-AppendLogResponseHandler: Failed appendEntries: org.apache.ratis.thirdparty.io.grpc.StatusRuntimeException: UNAVAILABLE: io exception
2022-10-18 21:56:52,112 [grpc-default-executor-2] INFO  leader.FollowerInfo (FollowerInfoImpl.java:lambda$new$0(48)) - omNode-1@group-523986131536->omNode-3: nextIndex: updateUnconditionally 527 -> 45
2022-10-18 21:56:52,118 [grpc-default-executor-2] WARN  server.GrpcLogAppender (LogUtils.java:warn(122)) - omNode-1@group-523986131536->omNode-3-AppendLogResponseHandler: Failed appendEntries: org.apache.ratis.thirdparty.io.grpc.StatusRuntimeException: UNAVAILABLE: io exception
2022-10-18 21:56:52,119 [grpc-default-executor-2] INFO  leader.FollowerInfo (FollowerInfoImpl.java:lambda$new$0(48)) - omNode-1@group-523986131536->omNode-3: nextIndex: updateUnconditionally 528 -> 45
2022-10-18 21:56:52,119 [grpc-default-executor-3] WARN  server.GrpcLogAppender (LogUtils.java:warn(122)) - omNode-1@group-523986131536->omNode-3-AppendLogResponseHandler: Failed appendEntries: org.apache.ratis.thirdparty.io.grpc.StatusRuntimeException: UNAVAILABLE: io exception
2022-10-18 21:56:52,119 [grpc-default-executor-3] INFO  leader.FollowerInfo (FollowerInfoImpl.java:lambda$new$0(48)) - omNode-1@group-523986131536->omNode-3: nextIndex: updateUnconditionally 528 -> 45
2022-10-18 21:56:52,121 [grpc-default-executor-2] WARN  server.GrpcLogAppender (LogUtils.java:warn(122)) - omNode-1@group-523986131536->omNode-3-AppendLogResponseHandler: Failed appendEntries: org.apache.ratis.thirdparty.io.grpc.StatusRuntimeException: UNAVAILABLE: io exception
2022-10-18 21:56:52,121 [grpc-default-executor-2] INFO  leader.FollowerInfo (FollowerInfoImpl.java:lambda$new$0(48)) - omNode-1@group-523986131536->omNode-3: nextIndex: updateUnconditionally 529 -> 45
2022-10-18 21:56:52,122 [grpc-default-executor-3] WARN  server.GrpcLogAppender (LogUtils.java:warn(122)) - omNode-1@group-523986131536->omNode-3-AppendLogResponseHandler: Failed appendEntries: org.apache.ratis.thirdparty.io.grpc.StatusRuntimeException: UNAVAILABLE: io exception
2022-10-18 21:56:52,122 [grpc-default-executor-3] INFO  leader.FollowerInfo (FollowerInfoImpl.java:lambda$new$0(48)) - omNode-1@group-523986131536->omNode-3: nextIndex: updateUnconditionally 530 -> 45
2022-10-18 21:56:52,123 [grpc-default-executor-2] WARN  server.GrpcLogAppender (LogUtils.java:warn(122)) - omNode-1@group-523986131536->omNode-3-AppendLogResponseHandler: Failed appendEntries: org.apache.ratis.thirdparty.io.grpc.StatusRuntimeException: UNAVAILABLE: io exception
2022-10-18 21:56:52,123 [grpc-default-executor-2] INFO  leader.FollowerInfo (FollowerInfoImpl.java:lambda$new$0(48)) - omNode-1@group-523986131536->omNode-3: nextIndex: updateUnconditionally 530 -> 45
2022-10-18 21:56:52,126 [grpc-default-executor-2] WARN  server.GrpcLogAppender (LogUtils.java:warn(122)) - omNode-1@group-523986131536->omNode-3-AppendLogResponseHandler: Failed appendEntries: org.apache.ratis.thirdparty.io.grpc.StatusRuntimeException: UNAVAILABLE: io exception
2022-10-18 21:56:52,126 [grpc-default-executor-2] INFO  leader.FollowerInfo (FollowerInfoImpl.java:lambda$new$0(48)) - omNode-1@group-523986131536->omNode-3: nextIndex: updateUnconditionally 531 -> 45
2022-10-18 21:56:52,131 [grpc-default-executor-2] WARN  server.GrpcLogAppender (LogUtils.java:warn(122)) - omNode-1@group-523986131536->omNode-3-AppendLogResponseHandler: Failed appendEntries: org.apache.ratis.thirdparty.io.grpc.StatusRuntimeException: UNAVAILABLE: io exception
2022-10-18 21:56:52,131 [grpc-default-executor-2] INFO  leader.FollowerInfo (FollowerInfoImpl.java:lambda$new$0(48)) - omNode-1@group-523986131536->omNode-3: nextIndex: updateUnconditionally 532 -> 45
2022-10-18 21:56:52,133 [grpc-default-executor-3] WARN  server.GrpcLogAppender (LogUtils.java:warn(122)) - omNode-1@group-523986131536->omNode-3-AppendLogResponseHandler: Failed appendEntries: org.apache.ratis.thirdparty.io.grpc.StatusRuntimeException: UNAVAILABLE: io exception
2022-10-18 21:56:52,133 [grpc-default-executor-3] INFO  leader.FollowerInfo (FollowerInfoImpl.java:lambda$new$0(48)) - omNode-1@group-523986131536->omNode-3: nextIndex: updateUnconditionally 533 -> 45
2022-10-18 21:56:52,134 [grpc-default-executor-2] WARN  server.GrpcLogAppender (LogUtils.java:warn(122)) - omNode-1@group-523986131536->omNode-3-AppendLogResponseHandler: Failed appendEntries: org.apache.ratis.thirdparty.io.grpc.StatusRuntimeException: UNAVAILABLE: io exception
2022-10-18 21:56:52,135 [grpc-default-executor-2] INFO  leader.FollowerInfo (FollowerInfoImpl.java:lambda$new$0(48)) - omNode-1@group-523986131536->omNode-3: nextIndex: updateUnconditionally 533 -> 45
2022-10-18 21:56:52,136 [grpc-default-executor-3] WARN  server.GrpcLogAppender (LogUtils.java:warn(122)) - omNode-1@group-523986131536->omNode-3-AppendLogResponseHandler: Failed appendEntries: org.apache.ratis.thirdparty.io.grpc.StatusRuntimeException: UNAVAILABLE: io exception
2022-10-18 21:56:52,136 [grpc-default-executor-3] INFO  leader.FollowerInfo (FollowerInfoImpl.java:lambda$new$0(48)) - omNode-1@group-523986131536->omNode-3: nextIndex: updateUnconditionally 534 -> 45
2022-10-18 21:56:52,138 [grpc-default-executor-3] WARN  server.GrpcLogAppender (LogUtils.java:warn(122)) - omNode-1@group-523986131536->omNode-3-AppendLogResponseHandler: Failed appendEntries: org.apache.ratis.thirdparty.io.grpc.StatusRuntimeException: UNAVAILABLE: io exception
2022-10-18 21:56:52,138 [grpc-default-executor-3] INFO  leader.FollowerInfo (FollowerInfoImpl.java:lambda$new$0(48)) - omNode-1@group-523986131536->omNode-3: nextIndex: updateUnconditionally 535 -> 45
2022-10-18 21:56:52,141 [grpc-default-executor-3] WARN  server.GrpcLogAppender (LogUtils.java:warn(122)) - omNode-1@group-523986131536->omNode-3-AppendLogResponseHandler: Failed appendEntries: org.apache.ratis.thirdparty.io.grpc.StatusRuntimeException: UNAVAILABLE: io exception
2022-10-18 21:56:52,142 [grpc-default-executor-3] INFO  leader.FollowerInfo (FollowerInfoImpl.java:lambda$new$0(48)) - omNode-1@group-523986131536->omNode-3: nextIndex: updateUnconditionally 536 -> 45
2022-10-18 21:56:52,143 [grpc-default-executor-2] WARN  server.GrpcLogAppender (LogUtils.java:warn(122)) - omNode-1@group-523986131536->omNode-3-AppendLogResponseHandler: Failed appendEntries: org.apache.ratis.thirdparty.io.grpc.StatusRuntimeException: UNAVAILABLE: io exception
2022-10-18 21:56:52,143 [grpc-default-executor-2] INFO  leader.FollowerInfo (FollowerInfoImpl.java:lambda$new$0(48)) - omNode-1@group-523986131536->omNode-3: nextIndex: updateUnconditionally 536 -> 45
2022-10-18 21:56:52,145 [grpc-default-executor-2] WARN  server.GrpcLogAppender (LogUtils.java:warn(122)) - omNode-1@group-523986131536->omNode-3-AppendLogResponseHandler: Failed appendEntries: org.apache.ratis.thirdparty.io.grpc.StatusRuntimeException: UNAVAILABLE: io exception
2022-10-18 21:56:52,145 [grpc-default-executor-2] INFO  leader.FollowerInfo (FollowerInfoImpl.java:lambda$new$0(48)) - omNode-1@group-523986131536->omNode-3: nextIndex: updateUnconditionally 537 -> 45
2022-10-18 21:56:52,149 [grpc-default-executor-3] WARN  server.GrpcLogAppender (LogUtils.java:warn(122)) - omNode-1@group-523986131536->omNode-3-AppendLogResponseHandler: Failed appendEntries: org.apache.ratis.thirdparty.io.grpc.StatusRuntimeException: UNAVAILABLE: io exception
2022-10-18 21:56:52,149 [grpc-default-executor-3] INFO  leader.FollowerInfo (FollowerInfoImpl.java:lambda$new$0(48)) - omNode-1@group-523986131536->omNode-3: nextIndex: updateUnconditionally 538 -> 45
2022-10-18 21:56:52,151 [grpc-default-executor-2] WARN  server.GrpcLogAppender (LogUtils.java:warn(122)) - omNode-1@group-523986131536->omNode-3-AppendLogResponseHandler: Failed appendEntries: org.apache.ratis.thirdparty.io.grpc.StatusRuntimeException: UNAVAILABLE: io exception
2022-10-18 21:56:52,151 [grpc-default-executor-2] INFO  leader.FollowerInfo (FollowerInfoImpl.java:lambda$new$0(48)) - omNode-1@group-523986131536->omNode-3: nextIndex: updateUnconditionally 539 -> 45
2022-10-18 21:56:52,159 [grpc-default-executor-2] WARN  server.GrpcLogAppender (LogUtils.java:warn(122)) - omNode-1@group-523986131536->omNode-3-AppendLogResponseHandler: Failed appendEntries: org.apache.ratis.thirdparty.io.grpc.StatusRuntimeException: UNAVAILABLE: io exception
2022-10-18 21:56:52,159 [grpc-default-executor-2] INFO  leader.FollowerInfo (FollowerInfoImpl.java:lambda$new$0(48)) - omNode-1@group-523986131536->omNode-3: nextIndex: updateUnconditionally 540 -> 45
2022-10-18 21:56:52,161 [grpc-default-executor-2] WARN  server.GrpcLogAppender (LogUtils.java:warn(122)) - omNode-1@group-523986131536->omNode-3-AppendLogResponseHandler: Failed appendEntries: org.apache.ratis.thirdparty.io.grpc.StatusRuntimeException: UNAVAILABLE: io exception
2022-10-18 21:56:52,161 [grpc-default-executor-2] INFO  leader.FollowerInfo (FollowerInfoImpl.java:lambda$new$0(48)) - omNode-1@group-523986131536->omNode-3: nextIndex: updateUnconditionally 541 -> 45
2022-10-18 21:56:52,164 [grpc-default-executor-2] WARN  server.GrpcLogAppender (LogUtils.java:warn(122)) - omNode-1@group-523986131536->omNode-3-AppendLogResponseHandler: Failed appendEntries: org.apache.ratis.thirdparty.io.grpc.StatusRuntimeException: UNAVAILABLE: io exception
2022-10-18 21:56:52,164 [grpc-default-executor-2] INFO  leader.FollowerInfo (FollowerInfoImpl.java:lambda$new$0(48)) - omNode-1@group-523986131536->omNode-3: nextIndex: updateUnconditionally 542 -> 45
2022-10-18 21:56:52,165 [grpc-default-executor-3] WARN  server.GrpcLogAppender (LogUtils.java:warn(122)) - omNode-1@group-523986131536->omNode-3-AppendLogResponseHandler: Failed appendEntries: org.apache.ratis.thirdparty.io.grpc.StatusRuntimeException: UNAVAILABLE: io exception
2022-10-18 21:56:52,165 [grpc-default-executor-3] INFO  leader.FollowerInfo (FollowerInfoImpl.java:lambda$new$0(48)) - omNode-1@group-523986131536->omNode-3: nextIndex: updateUnconditionally 542 -> 45
2022-10-18 21:56:52,167 [grpc-default-executor-3] WARN  server.GrpcLogAppender (LogUtils.java:warn(122)) - omNode-1@group-523986131536->omNode-3-AppendLogResponseHandler: Failed appendEntries: org.apache.ratis.thirdparty.io.grpc.StatusRuntimeException: UNAVAILABLE: io exception
2022-10-18 21:56:52,167 [grpc-default-executor-3] INFO  leader.FollowerInfo (FollowerInfoImpl.java:lambda$new$0(48)) - omNode-1@group-523986131536->omNode-3: nextIndex: updateUnconditionally 543 -> 45
2022-10-18 21:56:52,169 [grpc-default-executor-3] WARN  server.GrpcLogAppender (LogUtils.java:warn(122)) - omNode-1@group-523986131536->omNode-3-AppendLogResponseHandler: Failed appendEntries: org.apache.ratis.thirdparty.io.grpc.StatusRuntimeException: UNAVAILABLE: io exception
2022-10-18 21:56:52,169 [grpc-default-executor-3] INFO  leader.FollowerInfo (FollowerInfoImpl.java:lambda$new$0(48)) - omNode-1@group-523986131536->omNode-3: nextIndex: updateUnconditionally 543 -> 45
2022-10-18 21:56:52,171 [grpc-default-executor-2] WARN  server.GrpcLogAppender (LogUtils.java:warn(122)) - omNode-1@group-523986131536->omNode-3-AppendLogResponseHandler: Failed appendEntries: org.apache.ratis.thirdparty.io.grpc.StatusRuntimeException: UNAVAILABLE: io exception
2022-10-18 21:56:52,171 [grpc-default-executor-2] INFO  leader.FollowerInfo (FollowerInfoImpl.java:lambda$new$0(48)) - omNode-1@group-523986131536->omNode-3: nextIndex: updateUnconditionally 543 -> 45
2022-10-18 21:56:52,174 [grpc-default-executor-3] WARN  server.GrpcLogAppender (LogUtils.java:warn(122)) - omNode-1@group-523986131536->omNode-3-AppendLogResponseHandler: Failed appendEntries: org.apache.ratis.thirdparty.io.grpc.StatusRuntimeException: UNAVAILABLE: io exception
2022-10-18 21:56:52,175 [grpc-default-executor-3] INFO  leader.FollowerInfo (FollowerInfoImpl.java:lambda$new$0(48)) - omNode-1@group-523986131536->omNode-3: nextIndex: updateUnconditionally 544 -> 45
2022-10-18 21:56:52,176 [Listener at 127.0.0.1/40781] INFO  om.OzoneManager (OzoneManager.java:restart(1571)) - OzoneManager RPC server is listening at localhost/127.0.0.1:40781
2022-10-18 21:56:52,176 [Listener at 127.0.0.1/40781] INFO  impl.MetricsSystemImpl (MetricsSystemImpl.java:init(158)) - OzoneManager metrics system started (again)
2022-10-18 21:56:52,179 [grpc-default-executor-2] WARN  server.GrpcLogAppender (LogUtils.java:warn(122)) - omNode-1@group-523986131536->omNode-3-AppendLogResponseHandler: Failed appendEntries: org.apache.ratis.thirdparty.io.grpc.StatusRuntimeException: UNAVAILABLE: io exception
2022-10-18 21:56:52,179 [grpc-default-executor-2] INFO  leader.FollowerInfo (FollowerInfoImpl.java:lambda$new$0(48)) - omNode-1@group-523986131536->omNode-3: nextIndex: updateUnconditionally 544 -> 45
2022-10-18 21:56:52,180 [grpc-default-executor-2] WARN  server.GrpcLogAppender (LogUtils.java:warn(122)) - omNode-1@group-523986131536->omNode-3-AppendLogResponseHandler: Failed appendEntries: org.apache.ratis.thirdparty.io.grpc.StatusRuntimeException: UNAVAILABLE: io exception
2022-10-18 21:56:52,181 [grpc-default-executor-2] INFO  leader.FollowerInfo (FollowerInfoImpl.java:lambda$new$0(48)) - omNode-1@group-523986131536->omNode-3: nextIndex: updateUnconditionally 545 -> 45
2022-10-18 21:56:52,194 [Listener at 127.0.0.1/40781] WARN  server.ServerUtils (ServerUtils.java:getDBPath(225)) - ozone.om.db.dirs is not configured. We recommend adding this setting. Falling back to ozone.metadata.dirs instead.
2022-10-18 21:56:52,195 [Listener at 127.0.0.1/40781] INFO  codec.OmKeyInfoCodec (OmKeyInfoCodec.java:<init>(49)) - OmKeyInfoCodec ignorePipeline = true
2022-10-18 21:56:52,195 [Listener at 127.0.0.1/40781] INFO  codec.RepeatedOmKeyInfoCodec (RepeatedOmKeyInfoCodec.java:<init>(41)) - RepeatedOmKeyInfoCodec ignorePipeline = true
2022-10-18 21:56:52,235 [Listener at 127.0.0.1/40781] INFO  om.OzoneManager (OzoneManager.java:instantiateServices(712)) - S3 Multi-Tenancy is disabled
2022-10-18 21:56:52,238 [Listener at 127.0.0.1/40781] WARN  server.ServerUtils (ServerUtils.java:getDefaultRatisDirectory(237)) - Storage directory for Ratis is not configured. It is a good idea to map this to an SSD disk. Falling back to ozone.metadata.dirs
2022-10-18 21:56:52,238 [Listener at 127.0.0.1/40781] INFO  ratis.OzoneManagerRatisServer (OzoneManagerRatisServer.java:<init>(160)) - Instantiating OM Ratis server with groupID: om-service-test1 and peers: localhost:46841, localhost:43245, localhost:41401
2022-10-18 21:56:52,238 [Listener at 127.0.0.1/40781] INFO  ratis.OzoneManagerStateMachine (OzoneManagerStateMachine.java:loadSnapshotInfoFromDB(632)) - LastAppliedIndex is set from TransactionInfo from OM DB as (t:1, i:43)
2022-10-18 21:56:52,239 [Listener at 127.0.0.1/40781] INFO  server.RaftServer (ConfUtils.java:logGet(46)) - raft.rpc.type = GRPC (default)
2022-10-18 21:56:52,239 [Listener at 127.0.0.1/40781] INFO  grpc.GrpcFactory (GrpcFactory.java:checkPooledByteBufAllocatorUseCacheForAllThreads(48)) - PERFORMANCE WARNING: useCacheForAllThreads is true that may cause Netty to create a lot garbage objects and, as a result, trigger GC.
	It is recommended to disable useCacheForAllThreads by setting -Dorg.apache.ratis.thirdparty.io.netty.allocator.useCacheForAllThreads=false in command line.
2022-10-18 21:56:52,239 [Listener at 127.0.0.1/40781] INFO  grpc.GrpcConfigKeys (ConfUtils.java:logGet(46)) - raft.grpc.admin.port = -1 (default)
2022-10-18 21:56:52,239 [Listener at 127.0.0.1/40781] INFO  grpc.GrpcConfigKeys (ConfUtils.java:logGet(46)) - raft.grpc.server.port = 46841 (custom)
2022-10-18 21:56:52,239 [Listener at 127.0.0.1/40781] INFO  grpc.GrpcConfigKeys (ConfUtils.java:logGet(46)) - raft.grpc.client.port = -1 (default)
2022-10-18 21:56:52,239 [Listener at 127.0.0.1/40781] INFO  grpc.GrpcConfigKeys (ConfUtils.java:logGet(46)) - raft.grpc.server.port = 46841 (custom)
2022-10-18 21:56:52,239 [Listener at 127.0.0.1/40781] INFO  grpc.GrpcConfigKeys (ConfUtils.java:logGet(46)) - raft.grpc.server.port = 46841 (custom)
2022-10-18 21:56:52,239 [Listener at 127.0.0.1/40781] INFO  server.GrpcService (ConfUtils.java:logGet(46)) - raft.grpc.message.size.max = 33554432 (custom)
2022-10-18 21:56:52,239 [Listener at 127.0.0.1/40781] INFO  server.RaftServerConfigKeys (ConfUtils.java:logGet(46)) - raft.server.log.appender.buffer.byte-limit = 33554432 (custom)
2022-10-18 21:56:52,239 [Listener at 127.0.0.1/40781] INFO  server.GrpcService (ConfUtils.java:logGet(46)) - raft.grpc.flow.control.window = 1MB (=1048576) (default)
2022-10-18 21:56:52,239 [Listener at 127.0.0.1/40781] INFO  server.RaftServerConfigKeys (ConfUtils.java:logGet(46)) - raft.server.rpc.request.timeout = 3000ms (default)
2022-10-18 21:56:52,240 [Listener at 127.0.0.1/40781] INFO  grpc.GrpcConfigKeys (ConfUtils.java:logGet(46)) - raft.grpc.server.async.request.thread.pool.cached = true (default)
2022-10-18 21:56:52,240 [Listener at 127.0.0.1/40781] INFO  grpc.GrpcConfigKeys (ConfUtils.java:logGet(46)) - raft.grpc.server.async.request.thread.pool.size = 32 (default)
2022-10-18 21:56:52,240 [Listener at 127.0.0.1/40781] INFO  impl.DataStreamServerImpl (ConfUtils.java:logGet(46)) - raft.datastream.type = DISABLED (default)
2022-10-18 21:56:52,241 [Listener at 127.0.0.1/40781] INFO  server.RaftServerConfigKeys (ConfUtils.java:logGet(46)) - raft.server.threadpool.proxy.cached = true (default)
2022-10-18 21:56:52,241 [Listener at 127.0.0.1/40781] INFO  server.RaftServerConfigKeys (ConfUtils.java:logGet(46)) - raft.server.threadpool.proxy.size = 0 (default)
2022-10-18 21:56:52,241 [Listener at 127.0.0.1/40781] INFO  server.RaftServerConfigKeys (ConfUtils.java:logGet(46)) - raft.server.rpc.slowness.timeout = 2s (custom)
2022-10-18 21:56:52,241 [Listener at 127.0.0.1/40781] INFO  server.RaftServerConfigKeys (ConfUtils.java:logGet(46)) - raft.server.leaderelection.leader.step-down.wait-time = 10s (default)
2022-10-18 21:56:52,241 [Listener at 127.0.0.1/40781] INFO  server.RaftServerConfigKeys (ConfUtils.java:logGet(46)) - raft.server.storage.dir = [/home/runner/work/ozone/ozone/hadoop-ozone/integration-test/target/test-dir/MiniOzoneClusterImpl-1c94f07e-3edc-4d60-9c78-eaa851002676/omNode-3/ratis] (custom)
2022-10-18 21:56:52,241 [omNode-3-impl-thread1] INFO  server.RaftServer (RaftServerProxy.java:initGroupDir(247)) - omNode-3: found a subdirectory /home/runner/work/ozone/ozone/hadoop-ozone/integration-test/target/test-dir/MiniOzoneClusterImpl-1c94f07e-3edc-4d60-9c78-eaa851002676/omNode-3/ratis/c9bc4cf4-3bc3-3c60-a66b-523986131536
2022-10-18 21:56:52,242 [Listener at 127.0.0.1/40781] INFO  server.RaftServer (RaftServerProxy.java:addNew(96)) - omNode-3: addNew group-523986131536:[omNode-3|rpc:localhost:46841|priority:0, omNode-1|rpc:localhost:43245|priority:0, omNode-2|rpc:localhost:41401|priority:0] returns group-523986131536:java.util.concurrent.CompletableFuture@66424afe[Not completed]
2022-10-18 21:56:52,242 [Listener at 127.0.0.1/40781] INFO  om.OzoneManager (OzoneManager.java:initializeRatisServer(1975)) - OzoneManager Ratis server initialized at port 46841
2022-10-18 21:56:52,242 [pool-868-thread-1] INFO  server.RaftServer$Division (RaftServerImpl.java:<init>(190)) - omNode-3: new RaftServerImpl for group-523986131536:[omNode-3|rpc:localhost:46841|priority:0, omNode-1|rpc:localhost:43245|priority:0, omNode-2|rpc:localhost:41401|priority:0] with OzoneManagerStateMachine:uninitialized
2022-10-18 21:56:52,242 [Listener at 127.0.0.1/40781] INFO  ratis.OzoneManagerRatisServer (OzoneManagerRatisServer.java:start(555)) - Starting OzoneManagerRatisServer omNode-3 at port 46841
2022-10-18 21:56:52,242 [pool-868-thread-1] INFO  server.RaftServerConfigKeys (ConfUtils.java:logGet(46)) - raft.server.rpc.timeout.min = 1s (custom)
2022-10-18 21:56:52,242 [pool-868-thread-1] INFO  server.RaftServerConfigKeys (ConfUtils.java:logGet(46)) - raft.server.rpc.timeout.max = 1200ms (custom)
2022-10-18 21:56:52,242 [pool-868-thread-1] INFO  server.RaftServerConfigKeys (ConfUtils.java:logGet(46)) - raft.server.rpc.sleep.time = 25ms (default)
2022-10-18 21:56:52,242 [pool-868-thread-1] INFO  server.RaftServerConfigKeys (ConfUtils.java:logGet(46)) - raft.server.rpc.slowness.timeout = 2s (custom)
2022-10-18 21:56:52,242 [pool-868-thread-1] INFO  server.RaftServerConfigKeys (ConfUtils.java:logGet(46)) - raft.server.leaderelection.leader.step-down.wait-time = 10s (default)
2022-10-18 21:56:52,242 [pool-868-thread-1] INFO  server.RaftServerConfigKeys (ConfUtils.java:logGet(46)) - raft.server.sleep.deviation.threshold = 300ms (default)
2022-10-18 21:56:52,242 [pool-868-thread-1] INFO  server.RaftServer$Division (ServerState.java:<init>(107)) - omNode-3@group-523986131536: ConfigurationManager, init=-1: [omNode-3|rpc:localhost:46841|priority:0, omNode-1|rpc:localhost:43245|priority:0, omNode-2|rpc:localhost:41401|priority:0], old=null, confs=<EMPTY_MAP>
2022-10-18 21:56:52,242 [pool-868-thread-1] INFO  server.RaftServerConfigKeys (ConfUtils.java:logGet(46)) - raft.server.storage.dir = [/home/runner/work/ozone/ozone/hadoop-ozone/integration-test/target/test-dir/MiniOzoneClusterImpl-1c94f07e-3edc-4d60-9c78-eaa851002676/omNode-3/ratis] (custom)
2022-10-18 21:56:52,242 [pool-868-thread-1] INFO  server.RaftServerConfigKeys (ConfUtils.java:logGet(46)) - raft.server.log.corruption.policy = EXCEPTION (default)
2022-10-18 21:56:52,242 [pool-868-thread-1] INFO  server.RaftServerConfigKeys (ConfUtils.java:logGet(46)) - raft.server.storage.free-space.min = 0MB (=0) (default)
2022-10-18 21:56:52,243 [pool-868-thread-1] INFO  storage.RaftStorageDirectory (RaftStorageDirectoryImpl.java:tryLock(230)) - Lock on /home/runner/work/ozone/ozone/hadoop-ozone/integration-test/target/test-dir/MiniOzoneClusterImpl-1c94f07e-3edc-4d60-9c78-eaa851002676/omNode-3/ratis/c9bc4cf4-3bc3-3c60-a66b-523986131536/in_use.lock acquired by nodename 38880@fv-az368-376
2022-10-18 21:56:52,243 [pool-868-thread-1] INFO  storage.RaftStorage (RaftStorageImpl.java:analyzeAndRecoverStorage(110)) - Read RaftStorageMetadata{term=1, votedFor=omNode-1} from /home/runner/work/ozone/ozone/hadoop-ozone/integration-test/target/test-dir/MiniOzoneClusterImpl-1c94f07e-3edc-4d60-9c78-eaa851002676/omNode-3/ratis/c9bc4cf4-3bc3-3c60-a66b-523986131536/current/raft-meta
2022-10-18 21:56:52,244 [pool-868-thread-1] INFO  server.RaftServer$Division (ServerState.java:setRaftConf(393)) - omNode-3@group-523986131536: set configuration 0: [omNode-3|rpc:localhost:46841|admin:|client:|dataStream:|priority:0, omNode-1|rpc:localhost:43245|admin:|client:|dataStream:|priority:0, omNode-2|rpc:localhost:41401|admin:|client:|dataStream:|priority:0], old=null
2022-10-18 21:56:52,244 [pool-868-thread-1] INFO  server.RaftServerConfigKeys (ConfUtils.java:logGet(46)) - raft.server.notification.no-leader.timeout = 2s (custom)
2022-10-18 21:56:52,244 [pool-868-thread-1] INFO  server.RaftServerConfigKeys (ConfUtils.java:logGet(46)) - raft.server.log.use.memory = false (default)
2022-10-18 21:56:52,244 [pool-868-thread-1] INFO  server.RaftServerConfigKeys (ConfUtils.java:logGet(46)) - raft.server.log.purge.gap = 50 (custom)
2022-10-18 21:56:52,244 [pool-868-thread-1] INFO  server.RaftServerConfigKeys (ConfUtils.java:logGet(46)) - raft.server.log.appender.buffer.byte-limit = 33554432 (custom)
2022-10-18 21:56:52,244 [pool-868-thread-1] INFO  server.RaftServerConfigKeys (ConfUtils.java:logGet(46)) - raft.server.log.statemachine.data.read.timeout = 1000ms (default)
2022-10-18 21:56:52,244 [pool-868-thread-1] INFO  server.RaftServerConfigKeys (ConfUtils.java:logGet(46)) - raft.server.log.segment.size.max = 4194304 (custom)
2022-10-18 21:56:52,244 [pool-868-thread-1] INFO  server.RaftServerConfigKeys (ConfUtils.java:logGet(46)) - raft.server.log.segment.cache.num.max = 2 (custom)
2022-10-18 21:56:52,244 [pool-868-thread-1] INFO  server.RaftServerConfigKeys (ConfUtils.java:logGet(46)) - raft.server.log.segment.cache.size.max = 200MB (=209715200) (default)
2022-10-18 21:56:52,244 [pool-868-thread-1] INFO  segmented.SegmentedRaftLogWorker (SegmentedRaftLogWorker.java:<init>(187)) - new omNode-3@group-523986131536-SegmentedRaftLogWorker for RaftStorageImpl:Storage Directory /home/runner/work/ozone/ozone/hadoop-ozone/integration-test/target/test-dir/MiniOzoneClusterImpl-1c94f07e-3edc-4d60-9c78-eaa851002676/omNode-3/ratis/c9bc4cf4-3bc3-3c60-a66b-523986131536
2022-10-18 21:56:52,244 [pool-868-thread-1] INFO  server.RaftServerConfigKeys (ConfUtils.java:logGet(46)) - raft.server.log.queue.byte-limit = 64MB (=67108864) (default)
2022-10-18 21:56:52,244 [pool-868-thread-1] INFO  server.RaftServerConfigKeys (ConfUtils.java:logGet(46)) - raft.server.log.queue.element-limit = 4096 (default)
2022-10-18 21:56:52,244 [pool-868-thread-1] INFO  server.RaftServerConfigKeys (ConfUtils.java:logGet(46)) - raft.server.log.segment.size.max = 4194304 (custom)
2022-10-18 21:56:52,245 [pool-868-thread-1] INFO  server.RaftServerConfigKeys (ConfUtils.java:logGet(46)) - raft.server.log.preallocated.size = 4194304 (custom)
2022-10-18 21:56:52,245 [pool-868-thread-1] INFO  server.RaftServerConfigKeys (ConfUtils.java:logGet(46)) - raft.server.log.force.sync.num = 128 (default)
2022-10-18 21:56:52,245 [pool-868-thread-1] INFO  server.RaftServerConfigKeys (ConfUtils.java:logGet(46)) - raft.server.log.statemachine.data.sync = true (default)
2022-10-18 21:56:52,245 [pool-868-thread-1] INFO  server.RaftServerConfigKeys (ConfUtils.java:logGet(46)) - raft.server.log.statemachine.data.sync.timeout = 10s (default)
2022-10-18 21:56:52,245 [pool-868-thread-1] INFO  server.RaftServerConfigKeys (ConfUtils.java:logGet(46)) - raft.server.log.statemachine.data.sync.timeout.retry = -1 (default)
2022-10-18 21:56:52,245 [pool-868-thread-1] INFO  server.RaftServerConfigKeys (ConfUtils.java:logGet(46)) - raft.server.log.write.buffer.size = 64KB (=65536) (default)
2022-10-18 21:56:52,245 [pool-868-thread-1] INFO  server.RaftServerConfigKeys (ConfUtils.java:logGet(46)) - raft.server.log.unsafe-flush.enabled = false (default)
2022-10-18 21:56:52,245 [pool-868-thread-1] INFO  server.RaftServerConfigKeys (ConfUtils.java:logGet(46)) - raft.server.log.statemachine.data.caching.enabled = false (default)
2022-10-18 21:56:52,246 [pool-868-thread-1] INFO  server.RaftServer$Division (ServerState.java:setRaftConf(393)) - omNode-3@group-523986131536: set configuration 0: [omNode-3|rpc:localhost:46841|admin:|client:|dataStream:|priority:0, omNode-1|rpc:localhost:43245|admin:|client:|dataStream:|priority:0, omNode-2|rpc:localhost:41401|admin:|client:|dataStream:|priority:0], old=null
2022-10-18 21:56:52,246 [pool-868-thread-1] INFO  segmented.LogSegment (LogSegment.java:loadSegment(173)) - Successfully read 45 entries from segment file /home/runner/work/ozone/ozone/hadoop-ozone/integration-test/target/test-dir/MiniOzoneClusterImpl-1c94f07e-3edc-4d60-9c78-eaa851002676/omNode-3/ratis/c9bc4cf4-3bc3-3c60-a66b-523986131536/current/log_inprogress_0
2022-10-18 21:56:52,246 [pool-868-thread-1] INFO  segmented.SegmentedRaftLogWorker (SegmentedRaftLogWorker.java:lambda$new$0(135)) - omNode-3@group-523986131536-SegmentedRaftLogWorker: flushIndex: setUnconditionally 0 -> 44
2022-10-18 21:56:52,246 [pool-868-thread-1] INFO  segmented.SegmentedRaftLogWorker (SegmentedRaftLogWorker.java:lambda$new$0(135)) - omNode-3@group-523986131536-SegmentedRaftLogWorker: safeCacheEvictIndex: setUnconditionally 0 -> -1
2022-10-18 21:56:52,246 [pool-868-thread-1] INFO  raftlog.RaftLog (RaftLogBase.java:lambda$new$0(53)) - omNode-3@group-523986131536-SegmentedRaftLog: commitIndex: updateToMax old=43, new=43, updated? false
2022-10-18 21:56:52,247 [pool-868-thread-1] INFO  server.RaftServerConfigKeys (ConfUtils.java:logGet(46)) - raft.server.snapshot.auto.trigger.enabled = true (custom)
2022-10-18 21:56:52,247 [pool-868-thread-1] INFO  server.RaftServerConfigKeys (ConfUtils.java:logGet(46)) - raft.server.snapshot.auto.trigger.threshold = 50 (custom)
2022-10-18 21:56:52,247 [pool-868-thread-1] INFO  server.RaftServerConfigKeys (ConfUtils.java:logGet(46)) - raft.server.snapshot.retention.file.num = -1 (default)
2022-10-18 21:56:52,247 [pool-868-thread-1] INFO  server.RaftServerConfigKeys (ConfUtils.java:logGet(46)) - raft.server.log.purge.upto.snapshot.index = true (custom)
2022-10-18 21:56:52,247 [pool-868-thread-1] INFO  server.RaftServerConfigKeys (ConfUtils.java:logGet(46)) - raft.server.retrycache.expirytime = 30000ms (custom)
2022-10-18 21:56:52,247 [pool-868-thread-1] INFO  server.RaftServerConfigKeys (ConfUtils.java:logGet(46)) - raft.server.retrycache.statistics.expirytime = 100μs (default)
2022-10-18 21:56:52,247 [pool-868-thread-1] INFO  server.RaftServerConfigKeys (ConfUtils.java:logGet(46)) - raft.server.log.appender.install.snapshot.enabled = false (custom)
2022-10-18 21:56:52,248 [pool-868-thread-1] INFO  server.RaftServerConfigKeys (ConfUtils.java:logGet(46)) - raft.server.threadpool.server.cached = true (default)
2022-10-18 21:56:52,248 [pool-868-thread-1] INFO  server.RaftServerConfigKeys (ConfUtils.java:logGet(46)) - raft.server.threadpool.server.size = 0 (default)
2022-10-18 21:56:52,248 [pool-868-thread-1] INFO  server.RaftServerConfigKeys (ConfUtils.java:logGet(46)) - raft.server.threadpool.client.cached = true (default)
2022-10-18 21:56:52,248 [pool-868-thread-1] INFO  server.RaftServerConfigKeys (ConfUtils.java:logGet(46)) - raft.server.threadpool.client.size = 0 (default)
2022-10-18 21:56:52,248 [omNode-3-impl-thread1] INFO  server.RaftServer$Division (RaftServerImpl.java:start(310)) - omNode-3@group-523986131536: start as a follower, conf=0: [omNode-3|rpc:localhost:46841|admin:|client:|dataStream:|priority:0, omNode-1|rpc:localhost:43245|admin:|client:|dataStream:|priority:0, omNode-2|rpc:localhost:41401|admin:|client:|dataStream:|priority:0], old=null
2022-10-18 21:56:52,248 [omNode-3-impl-thread1] INFO  server.RaftServer$Division (RaftServerImpl.java:setRole(299)) - omNode-3@group-523986131536: changes role from      null to FOLLOWER at term 1 for startAsFollower
2022-10-18 21:56:52,248 [omNode-3-impl-thread1] INFO  impl.RoleInfo (RoleInfo.java:updateAndGet(139)) - omNode-3: start omNode-3@group-523986131536-FollowerState
2022-10-18 21:56:52,248 [omNode-3-impl-thread1] INFO  util.JmxRegister (JmxRegister.java:tryRegister(44)) - Successfully registered JMX Bean with object name Ratis:service=RaftServer,group=group-523986131536,id=omNode-3
2022-10-18 21:56:52,248 [Listener at 127.0.0.1/40781] INFO  server.RaftServer (RaftServerProxy.java:lambda$start$6(382)) - omNode-3: start RPC server
2022-10-18 21:56:52,251 [Listener at 127.0.0.1/40781] INFO  server.GrpcService (GrpcService.java:startImpl(260)) - omNode-3: GrpcService started, listening on 46841
2022-10-18 21:56:52,252 [Listener at 127.0.0.1/40781] INFO  om.OzoneManager (OzoneManager.java:getRpcServer(1101)) - Creating RPC Server
2022-10-18 21:56:52,252 [org.apache.ratis.util.JvmPauseMonitor$$Lambda$703/854163851@4322f1fa] INFO  util.JvmPauseMonitor (JvmPauseMonitor.java:run(103)) - JvmPauseMonitor-omNode-3: Started
2022-10-18 21:56:52,396 [grpc-default-executor-3] WARN  server.GrpcLogAppender (LogUtils.java:warn(122)) - omNode-1@group-523986131536->omNode-3-AppendLogResponseHandler: Failed appendEntries: org.apache.ratis.thirdparty.io.grpc.StatusRuntimeException: UNAVAILABLE: io exception
2022-10-18 21:56:52,396 [grpc-default-executor-3] INFO  leader.FollowerInfo (FollowerInfoImpl.java:lambda$new$0(48)) - omNode-1@group-523986131536->omNode-3: nextIndex: updateUnconditionally 545 -> 45
2022-10-18 21:56:52,466 [Listener at 127.0.0.1/40781] INFO  reflections.Reflections (Reflections.java:scan(232)) - Reflections took 213 ms to scan 19 urls, producing 67 keys and 4244 values [using 4 cores]
2022-10-18 21:56:52,467 [Listener at 127.0.0.1/40781] INFO  ipc.CallQueueManager (CallQueueManager.java:<init>(90)) - Using callQueue: class java.util.concurrent.LinkedBlockingQueue, queueCapacity: 2000, scheduler: class org.apache.hadoop.ipc.DefaultRpcScheduler, ipcBackoff: false.
2022-10-18 21:56:52,468 [Socket Reader #1 for port 40781] INFO  ipc.Server (Server.java:run(1273)) - Starting Socket Reader #1 for port 40781
2022-10-18 21:56:52,470 [Listener at localhost/40781] INFO  http.BaseHttpServer (BaseHttpServer.java:newHttpServer2BuilderForOzone(213)) - Starting Web-server for ozoneManager at: http://0.0.0.0:36397
2022-10-18 21:56:52,470 [Listener at localhost/40781] INFO  http.BaseHttpServer (BaseHttpServer.java:<init>(108)) - Hadoop Security Enabled: false Ozone Security Enabled: false Ozone HTTP Security Enabled: false 
2022-10-18 21:56:52,471 [Listener at localhost/40781] WARN  server.AuthenticationFilter (AuthenticationFilter.java:constructSecretProvider(240)) - Unable to initialize FileSignerSecretProvider, falling back to use random secrets. Reason: Could not read signature secret file: /home/runner/hadoop-http-auth-signature-secret
2022-10-18 21:56:52,472 [Listener at localhost/40781] WARN  http.HttpRequestLog (HttpRequestLog.java:getRequestLog(103)) - Jetty request log can only be enabled using Log4j
2022-10-18 21:56:52,473 [Listener at localhost/40781] INFO  http.HttpServer2 (HttpServer2.java:addGlobalFilter(1031)) - Added global filter 'safety' (class=org.apache.hadoop.hdds.server.http.HttpServer2$QuotingInputFilter)
2022-10-18 21:56:52,474 [Listener at localhost/40781] INFO  http.HttpServer2 (HttpServer2.java:addFilter(1007)) - Added filter static_user_filter (class=org.apache.hadoop.http.lib.StaticUserWebFilter$StaticUserFilter) to context ozoneManager
2022-10-18 21:56:52,474 [Listener at localhost/40781] INFO  http.HttpServer2 (HttpServer2.java:addFilter(1015)) - Added filter static_user_filter (class=org.apache.hadoop.http.lib.StaticUserWebFilter$StaticUserFilter) to context static
2022-10-18 21:56:52,474 [Listener at localhost/40781] INFO  http.HttpServer2 (HttpServer2.java:addFilter(1015)) - Added filter static_user_filter (class=org.apache.hadoop.http.lib.StaticUserWebFilter$StaticUserFilter) to context logs
2022-10-18 21:56:52,474 [Listener at localhost/40781] INFO  http.HttpServer2 (HttpServer2.java:bindListener(1250)) - Jetty bound to port 36397
2022-10-18 21:56:52,474 [Listener at localhost/40781] INFO  server.Server (Server.java:doStart(375)) - jetty-9.4.43.v20210629; built: 2021-06-30T11:07:22.254Z; git: 526006ecfa3af7f1a27ef3a288e2bef7ea9dd7e8; jvm 1.8.0_345-b01
2022-10-18 21:56:52,475 [Listener at localhost/40781] INFO  server.session (DefaultSessionIdManager.java:doStart(334)) - DefaultSessionIdManager workerName=node0
2022-10-18 21:56:52,475 [Listener at localhost/40781] INFO  server.session (DefaultSessionIdManager.java:doStart(339)) - No SessionScavenger set, using defaults
2022-10-18 21:56:52,476 [Listener at localhost/40781] INFO  server.session (HouseKeeper.java:startScavenging(132)) - node0 Scavenging every 660000ms
2022-10-18 21:56:52,476 [Listener at localhost/40781] INFO  handler.ContextHandler (ContextHandler.java:doStart(915)) - Started o.e.j.s.ServletContextHandler@67ff5a9{logs,/logs,file:///home/runner/work/ozone/ozone/hadoop-ozone/integration-test/target/log,AVAILABLE}
2022-10-18 21:56:52,476 [Listener at localhost/40781] INFO  handler.ContextHandler (ContextHandler.java:doStart(915)) - Started o.e.j.s.ServletContextHandler@68d60b67{static,/static,file:///home/runner/work/ozone/ozone/hadoop-ozone/integration-test/target/test-classes/webapps/static,AVAILABLE}
2022-10-18 21:56:52,479 [Listener at localhost/40781] INFO  handler.ContextHandler (ContextHandler.java:doStart(915)) - Started o.e.j.w.WebAppContext@76515e7b{ozoneManager,/,file:///home/runner/work/ozone/ozone/hadoop-ozone/integration-test/target/test-classes/webapps/ozoneManager/,AVAILABLE}{file:/home/runner/work/ozone/ozone/hadoop-ozone/integration-test/target/test-classes/webapps/ozoneManager}
2022-10-18 21:56:52,479 [Listener at localhost/40781] INFO  server.AbstractConnector (AbstractConnector.java:doStart(331)) - Started ServerConnector@3b6922c5{HTTP/1.1, (http/1.1)}{0.0.0.0:36397}
2022-10-18 21:56:52,479 [Listener at localhost/40781] INFO  server.Server (Server.java:doStart(415)) - Started @95198ms
2022-10-18 21:56:52,480 [Listener at localhost/40781] WARN  impl.MetricsSystemImpl (MetricsSystemImpl.java:register(279)) - Sink prometheus already exists!
2022-10-18 21:56:52,480 [Listener at localhost/40781] INFO  http.BaseHttpServer (BaseHttpServer.java:updateConnectorAddress(333)) - HTTP server of ozoneManager listening at http://0.0.0.0:36397
2022-10-18 21:56:52,480 [IPC Server Responder] INFO  ipc.Server (Server.java:run(1512)) - IPC Server Responder: starting
2022-10-18 21:56:52,480 [IPC Server listener on 40781] INFO  ipc.Server (Server.java:run(1352)) - IPC Server listener on 40781: starting
2022-10-18 21:56:52,483 [Listener at localhost/40781] INFO  om.OzoneManager (OzoneManager.java:startTrashEmptier(1919)) - Trash Interval set to 0. Files deleted won't move to trash
2022-10-18 21:56:52,484 [org.apache.hadoop.util.JvmPauseMonitor$Monitor@6d75874d] INFO  util.JvmPauseMonitor (JvmPauseMonitor.java:run(188)) - Starting JVM pause monitor
2022-10-18 21:56:52,648 [omNode-3-server-thread1] INFO  server.RaftServer$Division (ServerState.java:setLeader(287)) - omNode-3@group-523986131536: change Leader from null to omNode-1 at term 1 for appendEntries, leader elected after 403ms
2022-10-18 21:56:52,793 [omNode-3@group-523986131536-StateMachineUpdater] INFO  ratis.OzoneManagerStateMachine (OzoneManagerStateMachine.java:takeSnapshot(441)) - Current Snapshot Index (t:1, i:545)
2022-10-18 21:56:52,793 [omNode-3@group-523986131536-StateMachineUpdater] INFO  impl.StateMachineUpdater (StateMachineUpdater.java:takeSnapshot(287)) - omNode-3@group-523986131536-StateMachineUpdater: Took a snapshot at index 545
2022-10-18 21:56:52,793 [omNode-3@group-523986131536-StateMachineUpdater] INFO  impl.StateMachineUpdater (StateMachineUpdater.java:lambda$new$0(92)) - omNode-3@group-523986131536-StateMachineUpdater: snapshotIndex: updateIncreasingly 43 -> 545
2022-10-18 21:56:52,793 [omNode-3@group-523986131536-StateMachineUpdater] INFO  raftlog.RaftLog (RaftLogBase.java:purge(308)) - omNode-3@group-523986131536-SegmentedRaftLog: purge 545
2022-10-18 21:56:52,793 [omNode-3@group-523986131536-StateMachineUpdater] INFO  raftlog.RaftLog (RaftLogBase.java:lambda$new$0(53)) - omNode-3@group-523986131536-SegmentedRaftLog: snapshotIndex: updateIncreasingly 43 -> 545
2022-10-18 21:56:52,793 [omNode-3@group-523986131536-StateMachineUpdater] INFO  raftlog.RaftLog (RaftLogBase.java:lambda$new$0(53)) - omNode-3@group-523986131536-SegmentedRaftLog: purgeIndex: updateToMax old=-1, new=545, updated? true
2022-10-18 21:56:52,803 [omNode-1@group-523986131536-StateMachineUpdater] INFO  ratis.OzoneManagerStateMachine (OzoneManagerStateMachine.java:takeSnapshot(441)) - Current Snapshot Index (t:1, i:550)
2022-10-18 21:56:52,803 [omNode-1@group-523986131536-StateMachineUpdater] INFO  impl.StateMachineUpdater (StateMachineUpdater.java:takeSnapshot(287)) - omNode-1@group-523986131536-StateMachineUpdater: Took a snapshot at index 550
2022-10-18 21:56:52,803 [omNode-1@group-523986131536-StateMachineUpdater] INFO  impl.StateMachineUpdater (StateMachineUpdater.java:lambda$new$0(92)) - omNode-1@group-523986131536-StateMachineUpdater: snapshotIndex: updateIncreasingly 500 -> 550
2022-10-18 21:56:52,803 [omNode-1@group-523986131536-StateMachineUpdater] INFO  raftlog.RaftLog (RaftLogBase.java:purge(308)) - omNode-1@group-523986131536-SegmentedRaftLog: purge 550
2022-10-18 21:56:52,803 [omNode-1@group-523986131536-StateMachineUpdater] INFO  raftlog.RaftLog (RaftLogBase.java:lambda$new$0(53)) - omNode-1@group-523986131536-SegmentedRaftLog: snapshotIndex: updateIncreasingly 500 -> 550
2022-10-18 21:56:52,803 [omNode-1@group-523986131536-StateMachineUpdater] INFO  raftlog.RaftLog (RaftLogBase.java:lambda$new$0(53)) - omNode-1@group-523986131536-SegmentedRaftLog: purgeIndex: updateToMax old=500, new=550, updated? true
2022-10-18 21:56:52,807 [omNode-2@group-523986131536-StateMachineUpdater] INFO  ratis.OzoneManagerStateMachine (OzoneManagerStateMachine.java:takeSnapshot(441)) - Current Snapshot Index (t:1, i:550)
2022-10-18 21:56:52,807 [omNode-2@group-523986131536-StateMachineUpdater] INFO  impl.StateMachineUpdater (StateMachineUpdater.java:takeSnapshot(287)) - omNode-2@group-523986131536-StateMachineUpdater: Took a snapshot at index 550
2022-10-18 21:56:52,807 [omNode-2@group-523986131536-StateMachineUpdater] INFO  impl.StateMachineUpdater (StateMachineUpdater.java:lambda$new$0(92)) - omNode-2@group-523986131536-StateMachineUpdater: snapshotIndex: updateIncreasingly 500 -> 550
2022-10-18 21:56:52,808 [omNode-2@group-523986131536-StateMachineUpdater] INFO  raftlog.RaftLog (RaftLogBase.java:purge(308)) - omNode-2@group-523986131536-SegmentedRaftLog: purge 550
2022-10-18 21:56:52,808 [omNode-2@group-523986131536-StateMachineUpdater] INFO  raftlog.RaftLog (RaftLogBase.java:lambda$new$0(53)) - omNode-2@group-523986131536-SegmentedRaftLog: snapshotIndex: updateIncreasingly 500 -> 550
2022-10-18 21:56:52,808 [omNode-2@group-523986131536-StateMachineUpdater] INFO  raftlog.RaftLog (RaftLogBase.java:lambda$new$0(53)) - omNode-2@group-523986131536-SegmentedRaftLog: purgeIndex: updateToMax old=500, new=550, updated? true
2022-10-18 21:56:52,898 [Listener at localhost/40781] INFO  om.OzoneManager (OzoneManager.java:stop(2034)) - omNode-3[localhost:40781]: Stopping Ozone Manager
2022-10-18 21:56:52,898 [Listener at localhost/40781] INFO  ipc.Server (Server.java:stop(3428)) - Stopping server on 40781
2022-10-18 21:56:52,900 [IPC Server Responder] INFO  ipc.Server (Server.java:run(1517)) - Stopping IPC Server Responder
2022-10-18 21:56:52,900 [Listener at localhost/40781] INFO  server.RaftServer (RaftServerProxy.java:lambda$close$7(398)) - omNode-3: close
2022-10-18 21:56:52,900 [Listener at localhost/40781] INFO  server.RaftServer$Division (RaftServerImpl.java:lambda$close$4(434)) - omNode-3@group-523986131536: shutdown
2022-10-18 21:56:52,900 [IPC Server listener on 40781] INFO  ipc.Server (Server.java:run(1384)) - Stopping IPC Server listener on 40781
2022-10-18 21:56:52,900 [Listener at localhost/40781] INFO  util.JmxRegister (JmxRegister.java:unregister(73)) - Successfully un-registered JMX Bean with object name Ratis:service=RaftServer,group=group-523986131536,id=omNode-3
2022-10-18 21:56:52,901 [Listener at localhost/40781] INFO  impl.RoleInfo (RoleInfo.java:shutdownFollowerState(110)) - omNode-3: shutdown omNode-3@group-523986131536-FollowerState
2022-10-18 21:56:52,901 [Listener at localhost/40781] INFO  impl.StateMachineUpdater (StateMachineUpdater.java:stopAndJoin(153)) - omNode-3@group-523986131536-StateMachineUpdater: set stopIndex = 583
2022-10-18 21:56:52,901 [omNode-3@group-523986131536-FollowerState] INFO  impl.FollowerState (FollowerState.java:run(152)) - omNode-3@group-523986131536-FollowerState was interrupted
2022-10-18 21:56:52,903 [omNode-3@group-523986131536-StateMachineUpdater] INFO  ratis.OzoneManagerStateMachine (OzoneManagerStateMachine.java:takeSnapshot(441)) - Current Snapshot Index (t:1, i:583)
2022-10-18 21:56:52,903 [omNode-3@group-523986131536-StateMachineUpdater] INFO  impl.StateMachineUpdater (StateMachineUpdater.java:takeSnapshot(287)) - omNode-3@group-523986131536-StateMachineUpdater: Took a snapshot at index 583
2022-10-18 21:56:52,903 [omNode-3@group-523986131536-StateMachineUpdater] INFO  impl.StateMachineUpdater (StateMachineUpdater.java:lambda$new$0(92)) - omNode-3@group-523986131536-StateMachineUpdater: snapshotIndex: updateIncreasingly 545 -> 583
2022-10-18 21:56:52,903 [omNode-3@group-523986131536-StateMachineUpdater] INFO  ratis.OzoneManagerStateMachine (OzoneManagerStateMachine.java:close(495)) - StateMachine has shutdown. Shutdown OzoneManager if not already shutdown.
2022-10-18 21:56:52,903 [omNode-3@group-523986131536-StateMachineUpdater] INFO  ratis.OzoneManagerDoubleBuffer (OzoneManagerDoubleBuffer.java:stop(466)) - Stopping OMDoubleBuffer flush thread
2022-10-18 21:56:52,903 [OMDoubleBufferFlushThread] INFO  ratis.OzoneManagerDoubleBuffer (OzoneManagerDoubleBuffer.java:flushTransactions(385)) - OMDoubleBuffer flush thread OMDoubleBufferFlushThread is interrupted and will exit.
2022-10-18 21:56:52,904 [Listener at localhost/40781] INFO  server.RaftServer$Division (ServerState.java:close(429)) - omNode-3@group-523986131536: closes. applyIndex: 583
2022-10-18 21:56:52,904 [omNode-3@group-523986131536-SegmentedRaftLogWorker] INFO  segmented.SegmentedRaftLogWorker (SegmentedRaftLogWorker.java:run(336)) - omNode-3@group-523986131536-SegmentedRaftLogWorker was interrupted, exiting. There are 0 tasks remaining in the queue.
2022-10-18 21:56:52,904 [Listener at localhost/40781] INFO  segmented.SegmentedRaftLogWorker (SegmentedRaftLogWorker.java:close(246)) - omNode-3@group-523986131536-SegmentedRaftLogWorker close()
2022-10-18 21:56:52,905 [Listener at localhost/40781] INFO  server.GrpcService (GrpcService.java:closeImpl(269)) - omNode-3: shutdown server with port 46841 now
2022-10-18 21:56:52,907 [grpc-default-executor-0] WARN  server.GrpcLogAppender (LogUtils.java:warn(122)) - omNode-1@group-523986131536->omNode-3-AppendLogResponseHandler: Failed appendEntries: org.apache.ratis.thirdparty.io.grpc.StatusRuntimeException: CANCELLED: RST_STREAM closed stream. HTTP/2 error code: CANCEL
2022-10-18 21:56:52,907 [grpc-default-executor-0] INFO  leader.FollowerInfo (FollowerInfoImpl.java:lambda$new$0(48)) - omNode-1@group-523986131536->omNode-3: nextIndex: updateUnconditionally 585 -> 584
2022-10-18 21:56:52,907 [grpc-default-executor-2] WARN  server.GrpcServerProtocolService (LogUtils.java:warn(122)) - omNode-3: installSnapshot onError, lastRequest: omNode-1->omNode-3#1214-t1,previous=(t:1, i:583),leaderCommit=583,initializing? true,entries: size=1, first=(t:1, i:584), METADATAENTRY(c:583): org.apache.ratis.thirdparty.io.grpc.StatusRuntimeException: CANCELLED: client cancelled
2022-10-18 21:56:52,907 [Listener at localhost/40781] INFO  server.GrpcService (GrpcService.java:closeImpl(278)) - omNode-3: shutdown server with port 46841 successfully
2022-10-18 21:56:52,907 [org.apache.ratis.util.JvmPauseMonitor$$Lambda$703/854163851@4322f1fa] INFO  util.JvmPauseMonitor (JvmPauseMonitor.java:run(109)) - JvmPauseMonitor-omNode-3: Stopped
2022-10-18 21:56:52,907 [Listener at localhost/40781] INFO  ratis.OzoneManagerStateMachine (OzoneManagerStateMachine.java:close(495)) - StateMachine has shutdown. Shutdown OzoneManager if not already shutdown.
2022-10-18 21:56:52,907 [Listener at localhost/40781] INFO  ratis.OzoneManagerDoubleBuffer (OzoneManagerDoubleBuffer.java:stop(478)) - OMDoubleBuffer flush thread is not running.
2022-10-18 21:56:52,908 [Listener at localhost/40781] INFO  handler.ContextHandler (ContextHandler.java:doStop(1153)) - Stopped o.e.j.w.WebAppContext@76515e7b{ozoneManager,/,null,STOPPED}{file:/home/runner/work/ozone/ozone/hadoop-ozone/integration-test/target/test-classes/webapps/ozoneManager}
2022-10-18 21:56:52,908 [Listener at localhost/40781] INFO  server.AbstractConnector (AbstractConnector.java:doStop(381)) - Stopped ServerConnector@3b6922c5{HTTP/1.1, (http/1.1)}{0.0.0.0:36397}
2022-10-18 21:56:52,909 [Listener at localhost/40781] INFO  server.session (HouseKeeper.java:stopScavenging(149)) - node0 Stopped scavenging
2022-10-18 21:56:52,909 [Listener at localhost/40781] INFO  handler.ContextHandler (ContextHandler.java:doStop(1153)) - Stopped o.e.j.s.ServletContextHandler@68d60b67{static,/static,file:///home/runner/work/ozone/ozone/hadoop-ozone/integration-test/target/test-classes/webapps/static,STOPPED}
2022-10-18 21:56:52,909 [Listener at localhost/40781] INFO  handler.ContextHandler (ContextHandler.java:doStop(1153)) - Stopped o.e.j.s.ServletContextHandler@67ff5a9{logs,/logs,file:///home/runner/work/ozone/ozone/hadoop-ozone/integration-test/target/log,STOPPED}
2022-10-18 21:56:52,911 [grpc-default-executor-3] WARN  server.GrpcLogAppender (LogUtils.java:warn(122)) - omNode-1@group-523986131536->omNode-3-AppendLogResponseHandler: Failed appendEntries: org.apache.ratis.thirdparty.io.grpc.StatusRuntimeException: UNAVAILABLE: io exception
2022-10-18 21:56:52,912 [grpc-default-executor-3] INFO  leader.FollowerInfo (FollowerInfoImpl.java:lambda$new$0(48)) - omNode-1@group-523986131536->omNode-3: nextIndex: updateUnconditionally 585 -> 584
2022-10-18 21:56:52,912 [Listener at localhost/40781] INFO  om.OzoneManager (OzoneManager.java:restart(1571)) - OzoneManager RPC server is listening at localhost/127.0.0.1:40781
2022-10-18 21:56:52,912 [Listener at localhost/40781] INFO  impl.MetricsSystemImpl (MetricsSystemImpl.java:init(158)) - OzoneManager metrics system started (again)
2022-10-18 21:56:52,924 [Listener at localhost/40781] WARN  server.ServerUtils (ServerUtils.java:getDBPath(225)) - ozone.om.db.dirs is not configured. We recommend adding this setting. Falling back to ozone.metadata.dirs instead.
2022-10-18 21:56:52,925 [Listener at localhost/40781] INFO  codec.OmKeyInfoCodec (OmKeyInfoCodec.java:<init>(49)) - OmKeyInfoCodec ignorePipeline = true
2022-10-18 21:56:52,925 [Listener at localhost/40781] INFO  codec.RepeatedOmKeyInfoCodec (RepeatedOmKeyInfoCodec.java:<init>(41)) - RepeatedOmKeyInfoCodec ignorePipeline = true
2022-10-18 21:56:52,947 [Listener at localhost/40781] INFO  om.OzoneManager (OzoneManager.java:instantiateServices(712)) - S3 Multi-Tenancy is disabled
2022-10-18 21:56:52,948 [Listener at localhost/40781] WARN  server.ServerUtils (ServerUtils.java:getDefaultRatisDirectory(237)) - Storage directory for Ratis is not configured. It is a good idea to map this to an SSD disk. Falling back to ozone.metadata.dirs
2022-10-18 21:56:52,949 [Listener at localhost/40781] INFO  ratis.OzoneManagerRatisServer (OzoneManagerRatisServer.java:<init>(160)) - Instantiating OM Ratis server with groupID: om-service-test1 and peers: localhost:46841, localhost:43245, localhost:41401
2022-10-18 21:56:52,949 [Listener at localhost/40781] INFO  ratis.OzoneManagerStateMachine (OzoneManagerStateMachine.java:loadSnapshotInfoFromDB(632)) - LastAppliedIndex is set from TransactionInfo from OM DB as (t:1, i:583)
2022-10-18 21:56:52,949 [Listener at localhost/40781] INFO  server.RaftServer (ConfUtils.java:logGet(46)) - raft.rpc.type = GRPC (default)
2022-10-18 21:56:52,949 [Listener at localhost/40781] INFO  grpc.GrpcFactory (GrpcFactory.java:checkPooledByteBufAllocatorUseCacheForAllThreads(48)) - PERFORMANCE WARNING: useCacheForAllThreads is true that may cause Netty to create a lot garbage objects and, as a result, trigger GC.
	It is recommended to disable useCacheForAllThreads by setting -Dorg.apache.ratis.thirdparty.io.netty.allocator.useCacheForAllThreads=false in command line.
2022-10-18 21:56:52,949 [Listener at localhost/40781] INFO  grpc.GrpcConfigKeys (ConfUtils.java:logGet(46)) - raft.grpc.admin.port = -1 (default)
2022-10-18 21:56:52,949 [Listener at localhost/40781] INFO  grpc.GrpcConfigKeys (ConfUtils.java:logGet(46)) - raft.grpc.server.port = 46841 (custom)
2022-10-18 21:56:52,949 [Listener at localhost/40781] INFO  grpc.GrpcConfigKeys (ConfUtils.java:logGet(46)) - raft.grpc.client.port = -1 (default)
2022-10-18 21:56:52,949 [Listener at localhost/40781] INFO  grpc.GrpcConfigKeys (ConfUtils.java:logGet(46)) - raft.grpc.server.port = 46841 (custom)
2022-10-18 21:56:52,950 [Listener at localhost/40781] INFO  grpc.GrpcConfigKeys (ConfUtils.java:logGet(46)) - raft.grpc.server.port = 46841 (custom)
2022-10-18 21:56:52,950 [Listener at localhost/40781] INFO  server.GrpcService (ConfUtils.java:logGet(46)) - raft.grpc.message.size.max = 33554432 (custom)
2022-10-18 21:56:52,950 [Listener at localhost/40781] INFO  server.RaftServerConfigKeys (ConfUtils.java:logGet(46)) - raft.server.log.appender.buffer.byte-limit = 33554432 (custom)
2022-10-18 21:56:52,950 [Listener at localhost/40781] INFO  server.GrpcService (ConfUtils.java:logGet(46)) - raft.grpc.flow.control.window = 1MB (=1048576) (default)
2022-10-18 21:56:52,950 [Listener at localhost/40781] INFO  server.RaftServerConfigKeys (ConfUtils.java:logGet(46)) - raft.server.rpc.request.timeout = 3000ms (default)
2022-10-18 21:56:52,950 [Listener at localhost/40781] INFO  grpc.GrpcConfigKeys (ConfUtils.java:logGet(46)) - raft.grpc.server.async.request.thread.pool.cached = true (default)
2022-10-18 21:56:52,950 [Listener at localhost/40781] INFO  grpc.GrpcConfigKeys (ConfUtils.java:logGet(46)) - raft.grpc.server.async.request.thread.pool.size = 32 (default)
2022-10-18 21:56:52,951 [Listener at localhost/40781] INFO  impl.DataStreamServerImpl (ConfUtils.java:logGet(46)) - raft.datastream.type = DISABLED (default)
2022-10-18 21:56:52,951 [Listener at localhost/40781] INFO  server.RaftServerConfigKeys (ConfUtils.java:logGet(46)) - raft.server.threadpool.proxy.cached = true (default)
2022-10-18 21:56:52,951 [Listener at localhost/40781] INFO  server.RaftServerConfigKeys (ConfUtils.java:logGet(46)) - raft.server.threadpool.proxy.size = 0 (default)
2022-10-18 21:56:52,951 [Listener at localhost/40781] INFO  server.RaftServerConfigKeys (ConfUtils.java:logGet(46)) - raft.server.rpc.slowness.timeout = 2s (custom)
2022-10-18 21:56:52,951 [Listener at localhost/40781] INFO  server.RaftServerConfigKeys (ConfUtils.java:logGet(46)) - raft.server.leaderelection.leader.step-down.wait-time = 10s (default)
2022-10-18 21:56:52,951 [Listener at localhost/40781] INFO  server.RaftServerConfigKeys (ConfUtils.java:logGet(46)) - raft.server.storage.dir = [/home/runner/work/ozone/ozone/hadoop-ozone/integration-test/target/test-dir/MiniOzoneClusterImpl-1c94f07e-3edc-4d60-9c78-eaa851002676/omNode-3/ratis] (custom)
2022-10-18 21:56:52,951 [omNode-3-impl-thread1] INFO  server.RaftServer (RaftServerProxy.java:initGroupDir(247)) - omNode-3: found a subdirectory /home/runner/work/ozone/ozone/hadoop-ozone/integration-test/target/test-dir/MiniOzoneClusterImpl-1c94f07e-3edc-4d60-9c78-eaa851002676/omNode-3/ratis/c9bc4cf4-3bc3-3c60-a66b-523986131536
2022-10-18 21:56:52,952 [Listener at localhost/40781] INFO  server.RaftServer (RaftServerProxy.java:addNew(96)) - omNode-3: addNew group-523986131536:[omNode-3|rpc:localhost:46841|priority:0, omNode-1|rpc:localhost:43245|priority:0, omNode-2|rpc:localhost:41401|priority:0] returns group-523986131536:java.util.concurrent.CompletableFuture@151a8228[Not completed]
2022-10-18 21:56:52,952 [Listener at localhost/40781] INFO  om.OzoneManager (OzoneManager.java:initializeRatisServer(1975)) - OzoneManager Ratis server initialized at port 46841
2022-10-18 21:56:52,952 [pool-902-thread-1] INFO  server.RaftServer$Division (RaftServerImpl.java:<init>(190)) - omNode-3: new RaftServerImpl for group-523986131536:[omNode-3|rpc:localhost:46841|priority:0, omNode-1|rpc:localhost:43245|priority:0, omNode-2|rpc:localhost:41401|priority:0] with OzoneManagerStateMachine:uninitialized
2022-10-18 21:56:52,952 [Listener at localhost/40781] INFO  ratis.OzoneManagerRatisServer (OzoneManagerRatisServer.java:start(555)) - Starting OzoneManagerRatisServer omNode-3 at port 46841
2022-10-18 21:56:52,952 [pool-902-thread-1] INFO  server.RaftServerConfigKeys (ConfUtils.java:logGet(46)) - raft.server.rpc.timeout.min = 1s (custom)
2022-10-18 21:56:52,952 [pool-902-thread-1] INFO  server.RaftServerConfigKeys (ConfUtils.java:logGet(46)) - raft.server.rpc.timeout.max = 1200ms (custom)
2022-10-18 21:56:52,952 [pool-902-thread-1] INFO  server.RaftServerConfigKeys (ConfUtils.java:logGet(46)) - raft.server.rpc.sleep.time = 25ms (default)
2022-10-18 21:56:52,952 [pool-902-thread-1] INFO  server.RaftServerConfigKeys (ConfUtils.java:logGet(46)) - raft.server.rpc.slowness.timeout = 2s (custom)
2022-10-18 21:56:52,952 [pool-902-thread-1] INFO  server.RaftServerConfigKeys (ConfUtils.java:logGet(46)) - raft.server.leaderelection.leader.step-down.wait-time = 10s (default)
2022-10-18 21:56:52,952 [pool-902-thread-1] INFO  server.RaftServerConfigKeys (ConfUtils.java:logGet(46)) - raft.server.sleep.deviation.threshold = 300ms (default)
2022-10-18 21:56:52,952 [pool-902-thread-1] INFO  server.RaftServer$Division (ServerState.java:<init>(107)) - omNode-3@group-523986131536: ConfigurationManager, init=-1: [omNode-3|rpc:localhost:46841|priority:0, omNode-1|rpc:localhost:43245|priority:0, omNode-2|rpc:localhost:41401|priority:0], old=null, confs=<EMPTY_MAP>
2022-10-18 21:56:52,952 [pool-902-thread-1] INFO  server.RaftServerConfigKeys (ConfUtils.java:logGet(46)) - raft.server.storage.dir = [/home/runner/work/ozone/ozone/hadoop-ozone/integration-test/target/test-dir/MiniOzoneClusterImpl-1c94f07e-3edc-4d60-9c78-eaa851002676/omNode-3/ratis] (custom)
2022-10-18 21:56:52,952 [pool-902-thread-1] INFO  server.RaftServerConfigKeys (ConfUtils.java:logGet(46)) - raft.server.log.corruption.policy = EXCEPTION (default)
2022-10-18 21:56:52,952 [pool-902-thread-1] INFO  server.RaftServerConfigKeys (ConfUtils.java:logGet(46)) - raft.server.storage.free-space.min = 0MB (=0) (default)
2022-10-18 21:56:52,953 [pool-902-thread-1] INFO  storage.RaftStorageDirectory (RaftStorageDirectoryImpl.java:tryLock(230)) - Lock on /home/runner/work/ozone/ozone/hadoop-ozone/integration-test/target/test-dir/MiniOzoneClusterImpl-1c94f07e-3edc-4d60-9c78-eaa851002676/omNode-3/ratis/c9bc4cf4-3bc3-3c60-a66b-523986131536/in_use.lock acquired by nodename 38880@fv-az368-376
2022-10-18 21:56:52,953 [pool-902-thread-1] INFO  storage.RaftStorage (RaftStorageImpl.java:analyzeAndRecoverStorage(110)) - Read RaftStorageMetadata{term=1, votedFor=omNode-1} from /home/runner/work/ozone/ozone/hadoop-ozone/integration-test/target/test-dir/MiniOzoneClusterImpl-1c94f07e-3edc-4d60-9c78-eaa851002676/omNode-3/ratis/c9bc4cf4-3bc3-3c60-a66b-523986131536/current/raft-meta
2022-10-18 21:56:52,954 [pool-902-thread-1] INFO  server.RaftServer$Division (ServerState.java:setRaftConf(393)) - omNode-3@group-523986131536: set configuration 0: [omNode-3|rpc:localhost:46841|admin:|client:|dataStream:|priority:0, omNode-1|rpc:localhost:43245|admin:|client:|dataStream:|priority:0, omNode-2|rpc:localhost:41401|admin:|client:|dataStream:|priority:0], old=null
2022-10-18 21:56:52,954 [pool-902-thread-1] INFO  server.RaftServerConfigKeys (ConfUtils.java:logGet(46)) - raft.server.notification.no-leader.timeout = 2s (custom)
2022-10-18 21:56:52,954 [pool-902-thread-1] INFO  server.RaftServerConfigKeys (ConfUtils.java:logGet(46)) - raft.server.log.use.memory = false (default)
2022-10-18 21:56:52,954 [pool-902-thread-1] INFO  server.RaftServerConfigKeys (ConfUtils.java:logGet(46)) - raft.server.log.purge.gap = 50 (custom)
2022-10-18 21:56:52,954 [pool-902-thread-1] INFO  server.RaftServerConfigKeys (ConfUtils.java:logGet(46)) - raft.server.log.appender.buffer.byte-limit = 33554432 (custom)
2022-10-18 21:56:52,954 [pool-902-thread-1] INFO  server.RaftServerConfigKeys (ConfUtils.java:logGet(46)) - raft.server.log.statemachine.data.read.timeout = 1000ms (default)
2022-10-18 21:56:52,954 [pool-902-thread-1] INFO  server.RaftServerConfigKeys (ConfUtils.java:logGet(46)) - raft.server.log.segment.size.max = 4194304 (custom)
2022-10-18 21:56:52,954 [pool-902-thread-1] INFO  server.RaftServerConfigKeys (ConfUtils.java:logGet(46)) - raft.server.log.segment.cache.num.max = 2 (custom)
2022-10-18 21:56:52,954 [pool-902-thread-1] INFO  server.RaftServerConfigKeys (ConfUtils.java:logGet(46)) - raft.server.log.segment.cache.size.max = 200MB (=209715200) (default)
2022-10-18 21:56:52,954 [pool-902-thread-1] INFO  segmented.SegmentedRaftLogWorker (SegmentedRaftLogWorker.java:<init>(187)) - new omNode-3@group-523986131536-SegmentedRaftLogWorker for RaftStorageImpl:Storage Directory /home/runner/work/ozone/ozone/hadoop-ozone/integration-test/target/test-dir/MiniOzoneClusterImpl-1c94f07e-3edc-4d60-9c78-eaa851002676/omNode-3/ratis/c9bc4cf4-3bc3-3c60-a66b-523986131536
2022-10-18 21:56:52,954 [pool-902-thread-1] INFO  server.RaftServerConfigKeys (ConfUtils.java:logGet(46)) - raft.server.log.queue.byte-limit = 64MB (=67108864) (default)
2022-10-18 21:56:52,954 [pool-902-thread-1] INFO  server.RaftServerConfigKeys (ConfUtils.java:logGet(46)) - raft.server.log.queue.element-limit = 4096 (default)
2022-10-18 21:56:52,954 [pool-902-thread-1] INFO  server.RaftServerConfigKeys (ConfUtils.java:logGet(46)) - raft.server.log.segment.size.max = 4194304 (custom)
2022-10-18 21:56:52,954 [pool-902-thread-1] INFO  server.RaftServerConfigKeys (ConfUtils.java:logGet(46)) - raft.server.log.preallocated.size = 4194304 (custom)
2022-10-18 21:56:52,954 [pool-902-thread-1] INFO  server.RaftServerConfigKeys (ConfUtils.java:logGet(46)) - raft.server.log.force.sync.num = 128 (default)
2022-10-18 21:56:52,954 [pool-902-thread-1] INFO  server.RaftServerConfigKeys (ConfUtils.java:logGet(46)) - raft.server.log.statemachine.data.sync = true (default)
2022-10-18 21:56:52,954 [pool-902-thread-1] INFO  server.RaftServerConfigKeys (ConfUtils.java:logGet(46)) - raft.server.log.statemachine.data.sync.timeout = 10s (default)
2022-10-18 21:56:52,954 [pool-902-thread-1] INFO  server.RaftServerConfigKeys (ConfUtils.java:logGet(46)) - raft.server.log.statemachine.data.sync.timeout.retry = -1 (default)
2022-10-18 21:56:52,955 [pool-902-thread-1] INFO  server.RaftServerConfigKeys (ConfUtils.java:logGet(46)) - raft.server.log.write.buffer.size = 64KB (=65536) (default)
2022-10-18 21:56:52,955 [pool-902-thread-1] INFO  server.RaftServerConfigKeys (ConfUtils.java:logGet(46)) - raft.server.log.unsafe-flush.enabled = false (default)
2022-10-18 21:56:52,955 [pool-902-thread-1] INFO  server.RaftServerConfigKeys (ConfUtils.java:logGet(46)) - raft.server.log.statemachine.data.caching.enabled = false (default)
2022-10-18 21:56:52,956 [pool-902-thread-1] INFO  server.RaftServer$Division (ServerState.java:setRaftConf(393)) - omNode-3@group-523986131536: set configuration 0: [omNode-3|rpc:localhost:46841|admin:|client:|dataStream:|priority:0, omNode-1|rpc:localhost:43245|admin:|client:|dataStream:|priority:0, omNode-2|rpc:localhost:41401|admin:|client:|dataStream:|priority:0], old=null
2022-10-18 21:56:52,960 [pool-902-thread-1] INFO  segmented.LogSegment (LogSegment.java:loadSegment(173)) - Successfully read 585 entries from segment file /home/runner/work/ozone/ozone/hadoop-ozone/integration-test/target/test-dir/MiniOzoneClusterImpl-1c94f07e-3edc-4d60-9c78-eaa851002676/omNode-3/ratis/c9bc4cf4-3bc3-3c60-a66b-523986131536/current/log_inprogress_0
2022-10-18 21:56:52,960 [pool-902-thread-1] INFO  segmented.SegmentedRaftLogWorker (SegmentedRaftLogWorker.java:lambda$new$0(135)) - omNode-3@group-523986131536-SegmentedRaftLogWorker: flushIndex: setUnconditionally 0 -> 584
2022-10-18 21:56:52,960 [pool-902-thread-1] INFO  segmented.SegmentedRaftLogWorker (SegmentedRaftLogWorker.java:lambda$new$0(135)) - omNode-3@group-523986131536-SegmentedRaftLogWorker: safeCacheEvictIndex: setUnconditionally 0 -> -1
2022-10-18 21:56:52,961 [pool-902-thread-1] INFO  raftlog.RaftLog (RaftLogBase.java:lambda$new$0(53)) - omNode-3@group-523986131536-SegmentedRaftLog: commitIndex: updateToMax old=583, new=583, updated? false
2022-10-18 21:56:52,961 [pool-902-thread-1] INFO  server.RaftServerConfigKeys (ConfUtils.java:logGet(46)) - raft.server.snapshot.auto.trigger.enabled = true (custom)
2022-10-18 21:56:52,961 [pool-902-thread-1] INFO  server.RaftServerConfigKeys (ConfUtils.java:logGet(46)) - raft.server.snapshot.auto.trigger.threshold = 50 (custom)
2022-10-18 21:56:52,961 [pool-902-thread-1] INFO  server.RaftServerConfigKeys (ConfUtils.java:logGet(46)) - raft.server.snapshot.retention.file.num = -1 (default)
2022-10-18 21:56:52,961 [pool-902-thread-1] INFO  server.RaftServerConfigKeys (ConfUtils.java:logGet(46)) - raft.server.log.purge.upto.snapshot.index = true (custom)
2022-10-18 21:56:52,961 [pool-902-thread-1] INFO  server.RaftServerConfigKeys (ConfUtils.java:logGet(46)) - raft.server.retrycache.expirytime = 30000ms (custom)
2022-10-18 21:56:52,961 [pool-902-thread-1] INFO  server.RaftServerConfigKeys (ConfUtils.java:logGet(46)) - raft.server.retrycache.statistics.expirytime = 100μs (default)
2022-10-18 21:56:52,963 [pool-902-thread-1] INFO  server.RaftServerConfigKeys (ConfUtils.java:logGet(46)) - raft.server.log.appender.install.snapshot.enabled = false (custom)
2022-10-18 21:56:52,963 [pool-902-thread-1] INFO  server.RaftServerConfigKeys (ConfUtils.java:logGet(46)) - raft.server.threadpool.server.cached = true (default)
2022-10-18 21:56:52,963 [pool-902-thread-1] INFO  server.RaftServerConfigKeys (ConfUtils.java:logGet(46)) - raft.server.threadpool.server.size = 0 (default)
2022-10-18 21:56:52,963 [pool-902-thread-1] INFO  server.RaftServerConfigKeys (ConfUtils.java:logGet(46)) - raft.server.threadpool.client.cached = true (default)
2022-10-18 21:56:52,963 [pool-902-thread-1] INFO  server.RaftServerConfigKeys (ConfUtils.java:logGet(46)) - raft.server.threadpool.client.size = 0 (default)
2022-10-18 21:56:52,963 [omNode-3-impl-thread1] INFO  server.RaftServer$Division (RaftServerImpl.java:start(310)) - omNode-3@group-523986131536: start as a follower, conf=0: [omNode-3|rpc:localhost:46841|admin:|client:|dataStream:|priority:0, omNode-1|rpc:localhost:43245|admin:|client:|dataStream:|priority:0, omNode-2|rpc:localhost:41401|admin:|client:|dataStream:|priority:0], old=null
2022-10-18 21:56:52,963 [omNode-3-impl-thread1] INFO  server.RaftServer$Division (RaftServerImpl.java:setRole(299)) - omNode-3@group-523986131536: changes role from      null to FOLLOWER at term 1 for startAsFollower
2022-10-18 21:56:52,963 [omNode-3-impl-thread1] INFO  impl.RoleInfo (RoleInfo.java:updateAndGet(139)) - omNode-3: start omNode-3@group-523986131536-FollowerState
2022-10-18 21:56:52,963 [omNode-3-impl-thread1] INFO  util.JmxRegister (JmxRegister.java:tryRegister(44)) - Successfully registered JMX Bean with object name Ratis:service=RaftServer,group=group-523986131536,id=omNode-3
2022-10-18 21:56:52,964 [Listener at localhost/40781] INFO  server.RaftServer (RaftServerProxy.java:lambda$start$6(382)) - omNode-3: start RPC server
2022-10-18 21:56:52,968 [Listener at localhost/40781] INFO  server.GrpcService (GrpcService.java:startImpl(260)) - omNode-3: GrpcService started, listening on 46841
2022-10-18 21:56:52,968 [Listener at localhost/40781] INFO  om.OzoneManager (OzoneManager.java:getRpcServer(1101)) - Creating RPC Server
2022-10-18 21:56:52,968 [org.apache.ratis.util.JvmPauseMonitor$$Lambda$703/854163851@584f7cc5] INFO  util.JvmPauseMonitor (JvmPauseMonitor.java:run(103)) - JvmPauseMonitor-omNode-3: Started
2022-10-18 21:56:53,174 [Listener at localhost/40781] INFO  reflections.Reflections (Reflections.java:scan(232)) - Reflections took 205 ms to scan 19 urls, producing 67 keys and 4244 values [using 4 cores]
2022-10-18 21:56:53,175 [Listener at localhost/40781] INFO  ipc.CallQueueManager (CallQueueManager.java:<init>(90)) - Using callQueue: class java.util.concurrent.LinkedBlockingQueue, queueCapacity: 2000, scheduler: class org.apache.hadoop.ipc.DefaultRpcScheduler, ipcBackoff: false.
2022-10-18 21:56:53,176 [Socket Reader #1 for port 40781] INFO  ipc.Server (Server.java:run(1273)) - Starting Socket Reader #1 for port 40781
2022-10-18 21:56:53,179 [Listener at localhost/40781] INFO  http.BaseHttpServer (BaseHttpServer.java:newHttpServer2BuilderForOzone(213)) - Starting Web-server for ozoneManager at: http://0.0.0.0:36397
2022-10-18 21:56:53,179 [Listener at localhost/40781] INFO  http.BaseHttpServer (BaseHttpServer.java:<init>(108)) - Hadoop Security Enabled: false Ozone Security Enabled: false Ozone HTTP Security Enabled: false 
2022-10-18 21:56:53,180 [Listener at localhost/40781] WARN  server.AuthenticationFilter (AuthenticationFilter.java:constructSecretProvider(240)) - Unable to initialize FileSignerSecretProvider, falling back to use random secrets. Reason: Could not read signature secret file: /home/runner/hadoop-http-auth-signature-secret
2022-10-18 21:56:53,180 [Listener at localhost/40781] WARN  http.HttpRequestLog (HttpRequestLog.java:getRequestLog(103)) - Jetty request log can only be enabled using Log4j
2022-10-18 21:56:53,182 [Listener at localhost/40781] INFO  http.HttpServer2 (HttpServer2.java:addGlobalFilter(1031)) - Added global filter 'safety' (class=org.apache.hadoop.hdds.server.http.HttpServer2$QuotingInputFilter)
2022-10-18 21:56:53,182 [Listener at localhost/40781] INFO  http.HttpServer2 (HttpServer2.java:addFilter(1007)) - Added filter static_user_filter (class=org.apache.hadoop.http.lib.StaticUserWebFilter$StaticUserFilter) to context ozoneManager
2022-10-18 21:56:53,182 [Listener at localhost/40781] INFO  http.HttpServer2 (HttpServer2.java:addFilter(1015)) - Added filter static_user_filter (class=org.apache.hadoop.http.lib.StaticUserWebFilter$StaticUserFilter) to context logs
2022-10-18 21:56:53,182 [Listener at localhost/40781] INFO  http.HttpServer2 (HttpServer2.java:addFilter(1015)) - Added filter static_user_filter (class=org.apache.hadoop.http.lib.StaticUserWebFilter$StaticUserFilter) to context static
2022-10-18 21:56:53,183 [Listener at localhost/40781] INFO  http.HttpServer2 (HttpServer2.java:bindListener(1250)) - Jetty bound to port 36397
2022-10-18 21:56:53,183 [Listener at localhost/40781] INFO  server.Server (Server.java:doStart(375)) - jetty-9.4.43.v20210629; built: 2021-06-30T11:07:22.254Z; git: 526006ecfa3af7f1a27ef3a288e2bef7ea9dd7e8; jvm 1.8.0_345-b01
2022-10-18 21:56:53,184 [Listener at localhost/40781] INFO  server.session (DefaultSessionIdManager.java:doStart(334)) - DefaultSessionIdManager workerName=node0
2022-10-18 21:56:53,184 [Listener at localhost/40781] INFO  server.session (DefaultSessionIdManager.java:doStart(339)) - No SessionScavenger set, using defaults
2022-10-18 21:56:53,184 [Listener at localhost/40781] INFO  server.session (HouseKeeper.java:startScavenging(132)) - node0 Scavenging every 660000ms
2022-10-18 21:56:53,185 [Listener at localhost/40781] INFO  handler.ContextHandler (ContextHandler.java:doStart(915)) - Started o.e.j.s.ServletContextHandler@22fb1bcc{logs,/logs,file:///home/runner/work/ozone/ozone/hadoop-ozone/integration-test/target/log,AVAILABLE}
2022-10-18 21:56:53,185 [Listener at localhost/40781] INFO  handler.ContextHandler (ContextHandler.java:doStart(915)) - Started o.e.j.s.ServletContextHandler@682d4691{static,/static,file:///home/runner/work/ozone/ozone/hadoop-ozone/integration-test/target/test-classes/webapps/static,AVAILABLE}
2022-10-18 21:56:53,186 [Listener at localhost/40781] INFO  handler.ContextHandler (ContextHandler.java:doStart(915)) - Started o.e.j.w.WebAppContext@2d1d441e{ozoneManager,/,file:///home/runner/work/ozone/ozone/hadoop-ozone/integration-test/target/test-classes/webapps/ozoneManager/,AVAILABLE}{file:/home/runner/work/ozone/ozone/hadoop-ozone/integration-test/target/test-classes/webapps/ozoneManager}
2022-10-18 21:56:53,187 [Listener at localhost/40781] INFO  server.AbstractConnector (AbstractConnector.java:doStart(331)) - Started ServerConnector@7aec7779{HTTP/1.1, (http/1.1)}{0.0.0.0:36397}
2022-10-18 21:56:53,187 [Listener at localhost/40781] INFO  server.Server (Server.java:doStart(415)) - Started @95905ms
2022-10-18 21:56:53,187 [Listener at localhost/40781] WARN  impl.MetricsSystemImpl (MetricsSystemImpl.java:register(279)) - Sink prometheus already exists!
2022-10-18 21:56:53,187 [Listener at localhost/40781] INFO  http.BaseHttpServer (BaseHttpServer.java:updateConnectorAddress(333)) - HTTP server of ozoneManager listening at http://0.0.0.0:36397
2022-10-18 21:56:53,188 [IPC Server Responder] INFO  ipc.Server (Server.java:run(1512)) - IPC Server Responder: starting
2022-10-18 21:56:53,188 [IPC Server listener on 40781] INFO  ipc.Server (Server.java:run(1352)) - IPC Server listener on 40781: starting
2022-10-18 21:56:53,193 [Listener at localhost/40781] INFO  om.OzoneManager (OzoneManager.java:startTrashEmptier(1919)) - Trash Interval set to 0. Files deleted won't move to trash
2022-10-18 21:56:53,193 [Listener at localhost/40781] INFO  om.OzoneManager (OzoneManager.java:stop(2034)) - omNode-1[localhost:43961]: Stopping Ozone Manager
2022-10-18 21:56:53,193 [org.apache.hadoop.util.JvmPauseMonitor$Monitor@22886fc1] INFO  util.JvmPauseMonitor (JvmPauseMonitor.java:run(188)) - Starting JVM pause monitor
2022-10-18 21:56:53,193 [Listener at localhost/40781] INFO  ipc.Server (Server.java:stop(3428)) - Stopping server on 43961
2022-10-18 21:56:53,195 [IPC Server listener on 43961] INFO  ipc.Server (Server.java:run(1384)) - Stopping IPC Server listener on 43961
2022-10-18 21:56:53,195 [IPC Server Responder] INFO  ipc.Server (Server.java:run(1517)) - Stopping IPC Server Responder
2022-10-18 21:56:53,196 [Listener at localhost/40781] INFO  server.RaftServer (RaftServerProxy.java:lambda$close$7(398)) - omNode-1: close
2022-10-18 21:56:53,196 [Listener at localhost/40781] INFO  server.RaftServer$Division (RaftServerImpl.java:lambda$close$4(434)) - omNode-1@group-523986131536: shutdown
2022-10-18 21:56:53,196 [Listener at localhost/40781] INFO  util.JmxRegister (JmxRegister.java:unregister(73)) - Successfully un-registered JMX Bean with object name Ratis:service=RaftServer,group=group-523986131536,id="omNode-1"
2022-10-18 21:56:53,196 [Listener at localhost/40781] INFO  impl.RoleInfo (RoleInfo.java:shutdownLeaderState(93)) - omNode-1: shutdown omNode-1@group-523986131536-LeaderStateImpl
2022-10-18 21:56:53,196 [omNode-1@group-523986131536->omNode-3-GrpcLogAppender-LogAppenderDaemon] WARN  server.GrpcLogAppender (GrpcLogAppender.java:mayWait(171)) - omNode-1@group-523986131536->omNode-3-GrpcLogAppender: Wait interrupted by java.lang.InterruptedException
2022-10-18 21:56:53,196 [Listener at localhost/40781] INFO  impl.PendingRequests (PendingRequests.java:sendNotLeaderResponses(282)) - omNode-1@group-523986131536-PendingRequests: sendNotLeaderResponses
2022-10-18 21:56:53,196 [omNode-1@group-523986131536->omNode-2-GrpcLogAppender-LogAppenderDaemon] WARN  server.GrpcLogAppender (GrpcLogAppender.java:mayWait(171)) - omNode-1@group-523986131536->omNode-2-GrpcLogAppender: Wait interrupted by java.lang.InterruptedException
2022-10-18 21:56:53,197 [grpc-default-executor-3] INFO  server.GrpcServerProtocolService (GrpcServerProtocolService.java:onCompleted(140)) - omNode-2: Completed APPEND_ENTRIES, lastRequest: omNode-1->omNode-2#1168-t1,previous=(t:1, i:583),leaderCommit=583,initializing? true,entries: size=1, first=(t:1, i:584), METADATAENTRY(c:583)
2022-10-18 21:56:53,198 [Listener at localhost/40781] INFO  impl.StateMachineUpdater (StateMachineUpdater.java:stopAndJoin(153)) - omNode-1@group-523986131536-StateMachineUpdater: set stopIndex = 584
2022-10-18 21:56:53,198 [omNode-1@group-523986131536-StateMachineUpdater] INFO  ratis.OzoneManagerStateMachine (OzoneManagerStateMachine.java:takeSnapshot(441)) - Current Snapshot Index (t:1, i:584)
2022-10-18 21:56:53,198 [grpc-default-executor-3] INFO  server.GrpcLogAppender (GrpcLogAppender.java:onCompleted(339)) - omNode-1@group-523986131536->omNode-2-AppendLogResponseHandler: follower responses appendEntries COMPLETED
2022-10-18 21:56:53,198 [omNode-1@group-523986131536-StateMachineUpdater] INFO  impl.StateMachineUpdater (StateMachineUpdater.java:takeSnapshot(287)) - omNode-1@group-523986131536-StateMachineUpdater: Took a snapshot at index 584
2022-10-18 21:56:53,198 [grpc-default-executor-3] INFO  leader.FollowerInfo (FollowerInfoImpl.java:lambda$new$0(48)) - omNode-1@group-523986131536->omNode-2: nextIndex: updateUnconditionally 585 -> 584
2022-10-18 21:56:53,198 [omNode-1@group-523986131536-StateMachineUpdater] INFO  impl.StateMachineUpdater (StateMachineUpdater.java:lambda$new$0(92)) - omNode-1@group-523986131536-StateMachineUpdater: snapshotIndex: updateIncreasingly 550 -> 584
2022-10-18 21:56:53,198 [omNode-1@group-523986131536-StateMachineUpdater] INFO  ratis.OzoneManagerStateMachine (OzoneManagerStateMachine.java:close(495)) - StateMachine has shutdown. Shutdown OzoneManager if not already shutdown.
2022-10-18 21:56:53,198 [omNode-1@group-523986131536-StateMachineUpdater] INFO  ratis.OzoneManagerDoubleBuffer (OzoneManagerDoubleBuffer.java:stop(466)) - Stopping OMDoubleBuffer flush thread
2022-10-18 21:56:53,199 [OMDoubleBufferFlushThread] INFO  ratis.OzoneManagerDoubleBuffer (OzoneManagerDoubleBuffer.java:flushTransactions(385)) - OMDoubleBuffer flush thread OMDoubleBufferFlushThread is interrupted and will exit.
2022-10-18 21:56:53,199 [Listener at localhost/40781] INFO  server.RaftServer$Division (ServerState.java:close(429)) - omNode-1@group-523986131536: closes. applyIndex: 584
2022-10-18 21:56:53,199 [omNode-1@group-523986131536-SegmentedRaftLogWorker] INFO  segmented.SegmentedRaftLogWorker (SegmentedRaftLogWorker.java:run(336)) - omNode-1@group-523986131536-SegmentedRaftLogWorker was interrupted, exiting. There are 0 tasks remaining in the queue.
2022-10-18 21:56:53,199 [Listener at localhost/40781] INFO  segmented.SegmentedRaftLogWorker (SegmentedRaftLogWorker.java:close(246)) - omNode-1@group-523986131536-SegmentedRaftLogWorker close()
2022-10-18 21:56:53,200 [Listener at localhost/40781] INFO  server.GrpcService (GrpcService.java:closeImpl(269)) - omNode-1: shutdown server with port 43245 now
2022-10-18 21:56:53,201 [Listener at localhost/40781] INFO  server.GrpcService (GrpcService.java:closeImpl(278)) - omNode-1: shutdown server with port 43245 successfully
2022-10-18 21:56:53,201 [org.apache.ratis.util.JvmPauseMonitor$$Lambda$703/854163851@6332d165] INFO  util.JvmPauseMonitor (JvmPauseMonitor.java:run(109)) - JvmPauseMonitor-omNode-1: Stopped
2022-10-18 21:56:53,202 [Listener at localhost/40781] INFO  ratis.OzoneManagerStateMachine (OzoneManagerStateMachine.java:close(495)) - StateMachine has shutdown. Shutdown OzoneManager if not already shutdown.
2022-10-18 21:56:53,202 [Listener at localhost/40781] INFO  ratis.OzoneManagerDoubleBuffer (OzoneManagerDoubleBuffer.java:stop(478)) - OMDoubleBuffer flush thread is not running.
2022-10-18 21:56:53,202 [Listener at localhost/40781] INFO  utils.BackgroundService (BackgroundService.java:shutdown(141)) - Shutting down service KeyDeletingService
2022-10-18 21:56:53,202 [Listener at localhost/40781] INFO  utils.BackgroundService (BackgroundService.java:shutdown(141)) - Shutting down service DirectoryDeletingService
2022-10-18 21:56:53,202 [Listener at localhost/40781] INFO  utils.BackgroundService (BackgroundService.java:shutdown(141)) - Shutting down service OpenKeyCleanupService
2022-10-18 21:56:53,202 [Listener at localhost/40781] INFO  handler.ContextHandler (ContextHandler.java:doStop(1153)) - Stopped o.e.j.w.WebAppContext@5a9668d7{ozoneManager,/,null,STOPPED}{file:/home/runner/work/ozone/ozone/hadoop-ozone/integration-test/target/test-classes/webapps/ozoneManager}
2022-10-18 21:56:53,203 [Listener at localhost/40781] INFO  server.AbstractConnector (AbstractConnector.java:doStop(381)) - Stopped ServerConnector@703d7f8e{HTTP/1.1, (http/1.1)}{0.0.0.0:33751}
2022-10-18 21:56:53,203 [Listener at localhost/40781] INFO  server.session (HouseKeeper.java:stopScavenging(149)) - node0 Stopped scavenging
2022-10-18 21:56:53,203 [Listener at localhost/40781] INFO  handler.ContextHandler (ContextHandler.java:doStop(1153)) - Stopped o.e.j.s.ServletContextHandler@477a2621{static,/static,file:///home/runner/work/ozone/ozone/hadoop-ozone/integration-test/target/test-classes/webapps/static,STOPPED}
2022-10-18 21:56:53,203 [Listener at localhost/40781] INFO  handler.ContextHandler (ContextHandler.java:doStop(1153)) - Stopped o.e.j.s.ServletContextHandler@2122eab4{logs,/logs,file:///home/runner/work/ozone/ozone/hadoop-ozone/integration-test/target/log,STOPPED}
2022-10-18 21:56:53,205 [Listener at localhost/40781] INFO  om.OzoneManager (OzoneManager.java:restart(1571)) - OzoneManager RPC server is listening at localhost/127.0.0.1:43961
2022-10-18 21:56:53,205 [Listener at localhost/40781] INFO  impl.MetricsSystemImpl (MetricsSystemImpl.java:init(158)) - OzoneManager metrics system started (again)
2022-10-18 21:56:53,215 [Listener at localhost/40781] WARN  server.ServerUtils (ServerUtils.java:getDBPath(225)) - ozone.om.db.dirs is not configured. We recommend adding this setting. Falling back to ozone.metadata.dirs instead.
2022-10-18 21:56:53,215 [Listener at localhost/40781] INFO  codec.OmKeyInfoCodec (OmKeyInfoCodec.java:<init>(49)) - OmKeyInfoCodec ignorePipeline = true
2022-10-18 21:56:53,215 [Listener at localhost/40781] INFO  codec.RepeatedOmKeyInfoCodec (RepeatedOmKeyInfoCodec.java:<init>(41)) - RepeatedOmKeyInfoCodec ignorePipeline = true
2022-10-18 21:56:53,242 [Listener at localhost/40781] INFO  om.OzoneManager (OzoneManager.java:instantiateServices(712)) - S3 Multi-Tenancy is disabled
2022-10-18 21:56:53,243 [Listener at localhost/40781] WARN  server.ServerUtils (ServerUtils.java:getDefaultRatisDirectory(237)) - Storage directory for Ratis is not configured. It is a good idea to map this to an SSD disk. Falling back to ozone.metadata.dirs
2022-10-18 21:56:53,244 [Listener at localhost/40781] INFO  ratis.OzoneManagerRatisServer (OzoneManagerRatisServer.java:<init>(160)) - Instantiating OM Ratis server with groupID: om-service-test1 and peers: localhost:43245, localhost:46841, localhost:41401
2022-10-18 21:56:53,244 [Listener at localhost/40781] INFO  ratis.OzoneManagerStateMachine (OzoneManagerStateMachine.java:loadSnapshotInfoFromDB(632)) - LastAppliedIndex is set from TransactionInfo from OM DB as (t:1, i:584)
2022-10-18 21:56:53,245 [Listener at localhost/40781] INFO  server.RaftServer (ConfUtils.java:logGet(46)) - raft.rpc.type = GRPC (default)
2022-10-18 21:56:53,245 [Listener at localhost/40781] INFO  grpc.GrpcFactory (GrpcFactory.java:checkPooledByteBufAllocatorUseCacheForAllThreads(48)) - PERFORMANCE WARNING: useCacheForAllThreads is true that may cause Netty to create a lot garbage objects and, as a result, trigger GC.
	It is recommended to disable useCacheForAllThreads by setting -Dorg.apache.ratis.thirdparty.io.netty.allocator.useCacheForAllThreads=false in command line.
2022-10-18 21:56:53,245 [Listener at localhost/40781] INFO  grpc.GrpcConfigKeys (ConfUtils.java:logGet(46)) - raft.grpc.admin.port = -1 (default)
2022-10-18 21:56:53,245 [Listener at localhost/40781] INFO  grpc.GrpcConfigKeys (ConfUtils.java:logGet(46)) - raft.grpc.server.port = 43245 (custom)
2022-10-18 21:56:53,245 [Listener at localhost/40781] INFO  grpc.GrpcConfigKeys (ConfUtils.java:logGet(46)) - raft.grpc.client.port = -1 (default)
2022-10-18 21:56:53,245 [Listener at localhost/40781] INFO  grpc.GrpcConfigKeys (ConfUtils.java:logGet(46)) - raft.grpc.server.port = 43245 (custom)
2022-10-18 21:56:53,245 [Listener at localhost/40781] INFO  grpc.GrpcConfigKeys (ConfUtils.java:logGet(46)) - raft.grpc.server.port = 43245 (custom)
2022-10-18 21:56:53,245 [Listener at localhost/40781] INFO  server.GrpcService (ConfUtils.java:logGet(46)) - raft.grpc.message.size.max = 33554432 (custom)
2022-10-18 21:56:53,245 [Listener at localhost/40781] INFO  server.RaftServerConfigKeys (ConfUtils.java:logGet(46)) - raft.server.log.appender.buffer.byte-limit = 33554432 (custom)
2022-10-18 21:56:53,245 [Listener at localhost/40781] INFO  server.GrpcService (ConfUtils.java:logGet(46)) - raft.grpc.flow.control.window = 1MB (=1048576) (default)
2022-10-18 21:56:53,245 [Listener at localhost/40781] INFO  server.RaftServerConfigKeys (ConfUtils.java:logGet(46)) - raft.server.rpc.request.timeout = 3000ms (default)
2022-10-18 21:56:53,245 [Listener at localhost/40781] INFO  grpc.GrpcConfigKeys (ConfUtils.java:logGet(46)) - raft.grpc.server.async.request.thread.pool.cached = true (default)
2022-10-18 21:56:53,246 [Listener at localhost/40781] INFO  grpc.GrpcConfigKeys (ConfUtils.java:logGet(46)) - raft.grpc.server.async.request.thread.pool.size = 32 (default)
2022-10-18 21:56:53,246 [Listener at localhost/40781] INFO  impl.DataStreamServerImpl (ConfUtils.java:logGet(46)) - raft.datastream.type = DISABLED (default)
2022-10-18 21:56:53,246 [Listener at localhost/40781] INFO  server.RaftServerConfigKeys (ConfUtils.java:logGet(46)) - raft.server.threadpool.proxy.cached = true (default)
2022-10-18 21:56:53,247 [Listener at localhost/40781] INFO  server.RaftServerConfigKeys (ConfUtils.java:logGet(46)) - raft.server.threadpool.proxy.size = 0 (default)
2022-10-18 21:56:53,247 [Listener at localhost/40781] INFO  server.RaftServerConfigKeys (ConfUtils.java:logGet(46)) - raft.server.rpc.slowness.timeout = 2s (custom)
2022-10-18 21:56:53,247 [Listener at localhost/40781] INFO  server.RaftServerConfigKeys (ConfUtils.java:logGet(46)) - raft.server.leaderelection.leader.step-down.wait-time = 10s (default)
2022-10-18 21:56:53,247 [Listener at localhost/40781] INFO  server.RaftServerConfigKeys (ConfUtils.java:logGet(46)) - raft.server.storage.dir = [/home/runner/work/ozone/ozone/hadoop-ozone/integration-test/target/test-dir/MiniOzoneClusterImpl-1c94f07e-3edc-4d60-9c78-eaa851002676/omNode-1/ratis] (custom)
2022-10-18 21:56:53,247 [omNode-1-impl-thread1] INFO  server.RaftServer (RaftServerProxy.java:initGroupDir(247)) - omNode-1: found a subdirectory /home/runner/work/ozone/ozone/hadoop-ozone/integration-test/target/test-dir/MiniOzoneClusterImpl-1c94f07e-3edc-4d60-9c78-eaa851002676/omNode-1/ratis/c9bc4cf4-3bc3-3c60-a66b-523986131536
2022-10-18 21:56:53,247 [Listener at localhost/40781] INFO  server.RaftServer (RaftServerProxy.java:addNew(96)) - omNode-1: addNew group-523986131536:[omNode-3|rpc:localhost:46841|priority:0, omNode-1|rpc:localhost:43245|priority:0, omNode-2|rpc:localhost:41401|priority:0] returns group-523986131536:java.util.concurrent.CompletableFuture@62a3a8a8[Not completed]
2022-10-18 21:56:53,247 [Listener at localhost/40781] INFO  om.OzoneManager (OzoneManager.java:initializeRatisServer(1975)) - OzoneManager Ratis server initialized at port 43245
2022-10-18 21:56:53,247 [pool-926-thread-1] INFO  server.RaftServer$Division (RaftServerImpl.java:<init>(190)) - omNode-1: new RaftServerImpl for group-523986131536:[omNode-3|rpc:localhost:46841|priority:0, omNode-1|rpc:localhost:43245|priority:0, omNode-2|rpc:localhost:41401|priority:0] with OzoneManagerStateMachine:uninitialized
2022-10-18 21:56:53,247 [Listener at localhost/40781] INFO  ratis.OzoneManagerRatisServer (OzoneManagerRatisServer.java:start(555)) - Starting OzoneManagerRatisServer omNode-1 at port 43245
2022-10-18 21:56:53,248 [pool-926-thread-1] INFO  server.RaftServerConfigKeys (ConfUtils.java:logGet(46)) - raft.server.rpc.timeout.min = 1s (custom)
2022-10-18 21:56:53,248 [pool-926-thread-1] INFO  server.RaftServerConfigKeys (ConfUtils.java:logGet(46)) - raft.server.rpc.timeout.max = 1200ms (custom)
2022-10-18 21:56:53,248 [pool-926-thread-1] INFO  server.RaftServerConfigKeys (ConfUtils.java:logGet(46)) - raft.server.rpc.sleep.time = 25ms (default)
2022-10-18 21:56:53,248 [pool-926-thread-1] INFO  server.RaftServerConfigKeys (ConfUtils.java:logGet(46)) - raft.server.rpc.slowness.timeout = 2s (custom)
2022-10-18 21:56:53,248 [pool-926-thread-1] INFO  server.RaftServerConfigKeys (ConfUtils.java:logGet(46)) - raft.server.leaderelection.leader.step-down.wait-time = 10s (default)
2022-10-18 21:56:53,248 [pool-926-thread-1] INFO  server.RaftServerConfigKeys (ConfUtils.java:logGet(46)) - raft.server.sleep.deviation.threshold = 300ms (default)
2022-10-18 21:56:53,248 [pool-926-thread-1] INFO  server.RaftServer$Division (ServerState.java:<init>(107)) - omNode-1@group-523986131536: ConfigurationManager, init=-1: [omNode-3|rpc:localhost:46841|priority:0, omNode-1|rpc:localhost:43245|priority:0, omNode-2|rpc:localhost:41401|priority:0], old=null, confs=<EMPTY_MAP>
2022-10-18 21:56:53,248 [pool-926-thread-1] INFO  server.RaftServerConfigKeys (ConfUtils.java:logGet(46)) - raft.server.storage.dir = [/home/runner/work/ozone/ozone/hadoop-ozone/integration-test/target/test-dir/MiniOzoneClusterImpl-1c94f07e-3edc-4d60-9c78-eaa851002676/omNode-1/ratis] (custom)
2022-10-18 21:56:53,248 [pool-926-thread-1] INFO  server.RaftServerConfigKeys (ConfUtils.java:logGet(46)) - raft.server.log.corruption.policy = EXCEPTION (default)
2022-10-18 21:56:53,248 [pool-926-thread-1] INFO  server.RaftServerConfigKeys (ConfUtils.java:logGet(46)) - raft.server.storage.free-space.min = 0MB (=0) (default)
2022-10-18 21:56:53,248 [pool-926-thread-1] INFO  storage.RaftStorageDirectory (RaftStorageDirectoryImpl.java:tryLock(230)) - Lock on /home/runner/work/ozone/ozone/hadoop-ozone/integration-test/target/test-dir/MiniOzoneClusterImpl-1c94f07e-3edc-4d60-9c78-eaa851002676/omNode-1/ratis/c9bc4cf4-3bc3-3c60-a66b-523986131536/in_use.lock acquired by nodename 38880@fv-az368-376
2022-10-18 21:56:53,249 [pool-926-thread-1] INFO  storage.RaftStorage (RaftStorageImpl.java:analyzeAndRecoverStorage(110)) - Read RaftStorageMetadata{term=1, votedFor=omNode-1} from /home/runner/work/ozone/ozone/hadoop-ozone/integration-test/target/test-dir/MiniOzoneClusterImpl-1c94f07e-3edc-4d60-9c78-eaa851002676/omNode-1/ratis/c9bc4cf4-3bc3-3c60-a66b-523986131536/current/raft-meta
2022-10-18 21:56:53,249 [pool-926-thread-1] INFO  server.RaftServer$Division (ServerState.java:setRaftConf(393)) - omNode-1@group-523986131536: set configuration 0: [omNode-3|rpc:localhost:46841|admin:|client:|dataStream:|priority:0, omNode-1|rpc:localhost:43245|admin:|client:|dataStream:|priority:0, omNode-2|rpc:localhost:41401|admin:|client:|dataStream:|priority:0], old=null
2022-10-18 21:56:53,249 [pool-926-thread-1] INFO  server.RaftServerConfigKeys (ConfUtils.java:logGet(46)) - raft.server.notification.no-leader.timeout = 2s (custom)
2022-10-18 21:56:53,249 [pool-926-thread-1] INFO  server.RaftServerConfigKeys (ConfUtils.java:logGet(46)) - raft.server.log.use.memory = false (default)
2022-10-18 21:56:53,249 [pool-926-thread-1] INFO  server.RaftServerConfigKeys (ConfUtils.java:logGet(46)) - raft.server.log.purge.gap = 50 (custom)
2022-10-18 21:56:53,249 [pool-926-thread-1] INFO  server.RaftServerConfigKeys (ConfUtils.java:logGet(46)) - raft.server.log.appender.buffer.byte-limit = 33554432 (custom)
2022-10-18 21:56:53,249 [pool-926-thread-1] INFO  server.RaftServerConfigKeys (ConfUtils.java:logGet(46)) - raft.server.log.statemachine.data.read.timeout = 1000ms (default)
2022-10-18 21:56:53,249 [pool-926-thread-1] INFO  server.RaftServerConfigKeys (ConfUtils.java:logGet(46)) - raft.server.log.segment.size.max = 4194304 (custom)
2022-10-18 21:56:53,250 [pool-926-thread-1] INFO  server.RaftServerConfigKeys (ConfUtils.java:logGet(46)) - raft.server.log.segment.cache.num.max = 2 (custom)
2022-10-18 21:56:53,250 [pool-926-thread-1] INFO  server.RaftServerConfigKeys (ConfUtils.java:logGet(46)) - raft.server.log.segment.cache.size.max = 200MB (=209715200) (default)
2022-10-18 21:56:53,250 [pool-926-thread-1] INFO  segmented.SegmentedRaftLogWorker (SegmentedRaftLogWorker.java:<init>(187)) - new omNode-1@group-523986131536-SegmentedRaftLogWorker for RaftStorageImpl:Storage Directory /home/runner/work/ozone/ozone/hadoop-ozone/integration-test/target/test-dir/MiniOzoneClusterImpl-1c94f07e-3edc-4d60-9c78-eaa851002676/omNode-1/ratis/c9bc4cf4-3bc3-3c60-a66b-523986131536
2022-10-18 21:56:53,250 [pool-926-thread-1] INFO  server.RaftServerConfigKeys (ConfUtils.java:logGet(46)) - raft.server.log.queue.byte-limit = 64MB (=67108864) (default)
2022-10-18 21:56:53,250 [pool-926-thread-1] INFO  server.RaftServerConfigKeys (ConfUtils.java:logGet(46)) - raft.server.log.queue.element-limit = 4096 (default)
2022-10-18 21:56:53,250 [pool-926-thread-1] INFO  server.RaftServerConfigKeys (ConfUtils.java:logGet(46)) - raft.server.log.segment.size.max = 4194304 (custom)
2022-10-18 21:56:53,250 [pool-926-thread-1] INFO  server.RaftServerConfigKeys (ConfUtils.java:logGet(46)) - raft.server.log.preallocated.size = 4194304 (custom)
2022-10-18 21:56:53,250 [pool-926-thread-1] INFO  server.RaftServerConfigKeys (ConfUtils.java:logGet(46)) - raft.server.log.force.sync.num = 128 (default)
2022-10-18 21:56:53,250 [pool-926-thread-1] INFO  server.RaftServerConfigKeys (ConfUtils.java:logGet(46)) - raft.server.log.statemachine.data.sync = true (default)
2022-10-18 21:56:53,250 [pool-926-thread-1] INFO  server.RaftServerConfigKeys (ConfUtils.java:logGet(46)) - raft.server.log.statemachine.data.sync.timeout = 10s (default)
2022-10-18 21:56:53,250 [pool-926-thread-1] INFO  server.RaftServerConfigKeys (ConfUtils.java:logGet(46)) - raft.server.log.statemachine.data.sync.timeout.retry = -1 (default)
2022-10-18 21:56:53,251 [pool-926-thread-1] INFO  server.RaftServerConfigKeys (ConfUtils.java:logGet(46)) - raft.server.log.write.buffer.size = 64KB (=65536) (default)
2022-10-18 21:56:53,252 [pool-926-thread-1] INFO  server.RaftServerConfigKeys (ConfUtils.java:logGet(46)) - raft.server.log.unsafe-flush.enabled = false (default)
2022-10-18 21:56:53,252 [pool-926-thread-1] INFO  server.RaftServerConfigKeys (ConfUtils.java:logGet(46)) - raft.server.log.statemachine.data.caching.enabled = false (default)
2022-10-18 21:56:53,252 [pool-926-thread-1] INFO  server.RaftServer$Division (ServerState.java:setRaftConf(393)) - omNode-1@group-523986131536: set configuration 0: [omNode-3|rpc:localhost:46841|admin:|client:|dataStream:|priority:0, omNode-1|rpc:localhost:43245|admin:|client:|dataStream:|priority:0, omNode-2|rpc:localhost:41401|admin:|client:|dataStream:|priority:0], old=null
2022-10-18 21:56:53,255 [pool-926-thread-1] INFO  segmented.LogSegment (LogSegment.java:loadSegment(173)) - Successfully read 585 entries from segment file /home/runner/work/ozone/ozone/hadoop-ozone/integration-test/target/test-dir/MiniOzoneClusterImpl-1c94f07e-3edc-4d60-9c78-eaa851002676/omNode-1/ratis/c9bc4cf4-3bc3-3c60-a66b-523986131536/current/log_inprogress_0
2022-10-18 21:56:53,255 [pool-926-thread-1] INFO  segmented.SegmentedRaftLogWorker (SegmentedRaftLogWorker.java:lambda$new$0(135)) - omNode-1@group-523986131536-SegmentedRaftLogWorker: flushIndex: setUnconditionally 0 -> 584
2022-10-18 21:56:53,255 [pool-926-thread-1] INFO  segmented.SegmentedRaftLogWorker (SegmentedRaftLogWorker.java:lambda$new$0(135)) - omNode-1@group-523986131536-SegmentedRaftLogWorker: safeCacheEvictIndex: setUnconditionally 0 -> -1
2022-10-18 21:56:53,255 [pool-926-thread-1] INFO  raftlog.RaftLog (RaftLogBase.java:lambda$new$0(53)) - omNode-1@group-523986131536-SegmentedRaftLog: commitIndex: updateToMax old=584, new=583, updated? false
2022-10-18 21:56:53,255 [pool-926-thread-1] INFO  server.RaftServerConfigKeys (ConfUtils.java:logGet(46)) - raft.server.snapshot.auto.trigger.enabled = true (custom)
2022-10-18 21:56:53,255 [pool-926-thread-1] INFO  server.RaftServerConfigKeys (ConfUtils.java:logGet(46)) - raft.server.snapshot.auto.trigger.threshold = 50 (custom)
2022-10-18 21:56:53,255 [pool-926-thread-1] INFO  server.RaftServerConfigKeys (ConfUtils.java:logGet(46)) - raft.server.snapshot.retention.file.num = -1 (default)
2022-10-18 21:56:53,255 [pool-926-thread-1] INFO  server.RaftServerConfigKeys (ConfUtils.java:logGet(46)) - raft.server.log.purge.upto.snapshot.index = true (custom)
2022-10-18 21:56:53,255 [pool-926-thread-1] INFO  server.RaftServerConfigKeys (ConfUtils.java:logGet(46)) - raft.server.retrycache.expirytime = 30000ms (custom)
2022-10-18 21:56:53,255 [pool-926-thread-1] INFO  server.RaftServerConfigKeys (ConfUtils.java:logGet(46)) - raft.server.retrycache.statistics.expirytime = 100μs (default)
2022-10-18 21:56:53,257 [pool-926-thread-1] INFO  server.RaftServerConfigKeys (ConfUtils.java:logGet(46)) - raft.server.log.appender.install.snapshot.enabled = false (custom)
2022-10-18 21:56:53,257 [pool-926-thread-1] INFO  server.RaftServerConfigKeys (ConfUtils.java:logGet(46)) - raft.server.threadpool.server.cached = true (default)
2022-10-18 21:56:53,257 [pool-926-thread-1] INFO  server.RaftServerConfigKeys (ConfUtils.java:logGet(46)) - raft.server.threadpool.server.size = 0 (default)
2022-10-18 21:56:53,257 [pool-926-thread-1] INFO  server.RaftServerConfigKeys (ConfUtils.java:logGet(46)) - raft.server.threadpool.client.cached = true (default)
2022-10-18 21:56:53,257 [pool-926-thread-1] INFO  server.RaftServerConfigKeys (ConfUtils.java:logGet(46)) - raft.server.threadpool.client.size = 0 (default)
2022-10-18 21:56:53,257 [omNode-1-impl-thread1] INFO  server.RaftServer$Division (RaftServerImpl.java:start(310)) - omNode-1@group-523986131536: start as a follower, conf=0: [omNode-3|rpc:localhost:46841|admin:|client:|dataStream:|priority:0, omNode-1|rpc:localhost:43245|admin:|client:|dataStream:|priority:0, omNode-2|rpc:localhost:41401|admin:|client:|dataStream:|priority:0], old=null
2022-10-18 21:56:53,257 [omNode-1-impl-thread1] INFO  server.RaftServer$Division (RaftServerImpl.java:setRole(299)) - omNode-1@group-523986131536: changes role from      null to FOLLOWER at term 1 for startAsFollower
2022-10-18 21:56:53,257 [omNode-1-impl-thread1] INFO  impl.RoleInfo (RoleInfo.java:updateAndGet(139)) - omNode-1: start omNode-1@group-523986131536-FollowerState
2022-10-18 21:56:53,257 [omNode-1-impl-thread1] ERROR util.JmxRegister (JmxRegister.java:tryRegister(40)) - Failed to register JMX Bean with name Ratis:service=RaftServer,group=group-523986131536,id=omNode-1
javax.management.InstanceAlreadyExistsException: Ratis:service=RaftServer,group=group-523986131536,id=omNode-1
	at com.sun.jmx.mbeanserver.Repository.addMBean(Repository.java:437)
	at com.sun.jmx.interceptor.DefaultMBeanServerInterceptor.registerWithRepository(DefaultMBeanServerInterceptor.java:1898)
	at com.sun.jmx.interceptor.DefaultMBeanServerInterceptor.registerDynamicMBean(DefaultMBeanServerInterceptor.java:966)
	at com.sun.jmx.interceptor.DefaultMBeanServerInterceptor.registerObject(DefaultMBeanServerInterceptor.java:900)
	at com.sun.jmx.interceptor.DefaultMBeanServerInterceptor.registerMBean(DefaultMBeanServerInterceptor.java:324)
	at com.sun.jmx.mbeanserver.JmxMBeanServer.registerMBean(JmxMBeanServer.java:522)
	at org.apache.ratis.util.JmxRegister.tryRegister(JmxRegister.java:38)
	at org.apache.ratis.util.JmxRegister.register(JmxRegister.java:56)
	at org.apache.ratis.server.impl.RaftServerImpl.registerMBean(RaftServerImpl.java:329)
	at org.apache.ratis.server.impl.RaftServerImpl.start(RaftServerImpl.java:320)
	at org.apache.ratis.util.ConcurrentUtils.lambda$null$3(ConcurrentUtils.java:162)
	at java.util.concurrent.ThreadPoolExecutor.runWorker(ThreadPoolExecutor.java:1149)
	at java.util.concurrent.ThreadPoolExecutor$Worker.run(ThreadPoolExecutor.java:624)
	at java.lang.Thread.run(Thread.java:750)
2022-10-18 21:56:53,258 [omNode-1-impl-thread1] INFO  util.JmxRegister (JmxRegister.java:tryRegister(44)) - Successfully registered JMX Bean with object name Ratis:service=RaftServer,group=group-523986131536,id="omNode-1"
2022-10-18 21:56:53,258 [Listener at localhost/40781] INFO  server.RaftServer (RaftServerProxy.java:lambda$start$6(382)) - omNode-1: start RPC server
2022-10-18 21:56:53,259 [Listener at localhost/40781] INFO  server.GrpcService (GrpcService.java:startImpl(260)) - omNode-1: GrpcService started, listening on 43245
2022-10-18 21:56:53,260 [Listener at localhost/40781] INFO  om.OzoneManager (OzoneManager.java:getRpcServer(1101)) - Creating RPC Server
2022-10-18 21:56:53,260 [org.apache.ratis.util.JvmPauseMonitor$$Lambda$703/854163851@515846fb] INFO  util.JvmPauseMonitor (JvmPauseMonitor.java:run(103)) - JvmPauseMonitor-omNode-1: Started
2022-10-18 21:56:53,452 [Listener at localhost/40781] INFO  reflections.Reflections (Reflections.java:scan(232)) - Reflections took 191 ms to scan 19 urls, producing 67 keys and 4244 values [using 4 cores]
2022-10-18 21:56:53,453 [Listener at localhost/40781] INFO  ipc.CallQueueManager (CallQueueManager.java:<init>(90)) - Using callQueue: class java.util.concurrent.LinkedBlockingQueue, queueCapacity: 2000, scheduler: class org.apache.hadoop.ipc.DefaultRpcScheduler, ipcBackoff: false.
2022-10-18 21:56:53,453 [Socket Reader #1 for port 43961] INFO  ipc.Server (Server.java:run(1273)) - Starting Socket Reader #1 for port 43961
2022-10-18 21:56:53,456 [Listener at localhost/43961] INFO  http.BaseHttpServer (BaseHttpServer.java:newHttpServer2BuilderForOzone(213)) - Starting Web-server for ozoneManager at: http://0.0.0.0:33751
2022-10-18 21:56:53,456 [Listener at localhost/43961] INFO  http.BaseHttpServer (BaseHttpServer.java:<init>(108)) - Hadoop Security Enabled: false Ozone Security Enabled: false Ozone HTTP Security Enabled: false 
2022-10-18 21:56:53,457 [Listener at localhost/43961] WARN  server.AuthenticationFilter (AuthenticationFilter.java:constructSecretProvider(240)) - Unable to initialize FileSignerSecretProvider, falling back to use random secrets. Reason: Could not read signature secret file: /home/runner/hadoop-http-auth-signature-secret
2022-10-18 21:56:53,457 [Listener at localhost/43961] WARN  http.HttpRequestLog (HttpRequestLog.java:getRequestLog(103)) - Jetty request log can only be enabled using Log4j
2022-10-18 21:56:53,458 [Listener at localhost/43961] INFO  http.HttpServer2 (HttpServer2.java:addGlobalFilter(1031)) - Added global filter 'safety' (class=org.apache.hadoop.hdds.server.http.HttpServer2$QuotingInputFilter)
2022-10-18 21:56:53,458 [Listener at localhost/43961] INFO  http.HttpServer2 (HttpServer2.java:addFilter(1007)) - Added filter static_user_filter (class=org.apache.hadoop.http.lib.StaticUserWebFilter$StaticUserFilter) to context ozoneManager
2022-10-18 21:56:53,459 [Listener at localhost/43961] INFO  http.HttpServer2 (HttpServer2.java:addFilter(1015)) - Added filter static_user_filter (class=org.apache.hadoop.http.lib.StaticUserWebFilter$StaticUserFilter) to context static
2022-10-18 21:56:53,459 [Listener at localhost/43961] INFO  http.HttpServer2 (HttpServer2.java:addFilter(1015)) - Added filter static_user_filter (class=org.apache.hadoop.http.lib.StaticUserWebFilter$StaticUserFilter) to context logs
2022-10-18 21:56:53,459 [Listener at localhost/43961] INFO  http.HttpServer2 (HttpServer2.java:bindListener(1250)) - Jetty bound to port 33751
2022-10-18 21:56:53,459 [Listener at localhost/43961] INFO  server.Server (Server.java:doStart(375)) - jetty-9.4.43.v20210629; built: 2021-06-30T11:07:22.254Z; git: 526006ecfa3af7f1a27ef3a288e2bef7ea9dd7e8; jvm 1.8.0_345-b01
2022-10-18 21:56:53,460 [Listener at localhost/43961] INFO  server.session (DefaultSessionIdManager.java:doStart(334)) - DefaultSessionIdManager workerName=node0
2022-10-18 21:56:53,460 [Listener at localhost/43961] INFO  server.session (DefaultSessionIdManager.java:doStart(339)) - No SessionScavenger set, using defaults
2022-10-18 21:56:53,461 [Listener at localhost/43961] INFO  server.session (HouseKeeper.java:startScavenging(132)) - node0 Scavenging every 600000ms
2022-10-18 21:56:53,461 [Listener at localhost/43961] INFO  handler.ContextHandler (ContextHandler.java:doStart(915)) - Started o.e.j.s.ServletContextHandler@4fb3caaf{logs,/logs,file:///home/runner/work/ozone/ozone/hadoop-ozone/integration-test/target/log,AVAILABLE}
2022-10-18 21:56:53,461 [Listener at localhost/43961] INFO  handler.ContextHandler (ContextHandler.java:doStart(915)) - Started o.e.j.s.ServletContextHandler@4f9cb2b7{static,/static,file:///home/runner/work/ozone/ozone/hadoop-ozone/integration-test/target/test-classes/webapps/static,AVAILABLE}
2022-10-18 21:56:53,464 [Listener at localhost/43961] INFO  handler.ContextHandler (ContextHandler.java:doStart(915)) - Started o.e.j.w.WebAppContext@3b358b9f{ozoneManager,/,file:///home/runner/work/ozone/ozone/hadoop-ozone/integration-test/target/test-classes/webapps/ozoneManager/,AVAILABLE}{file:/home/runner/work/ozone/ozone/hadoop-ozone/integration-test/target/test-classes/webapps/ozoneManager}
2022-10-18 21:56:53,464 [Listener at localhost/43961] INFO  server.AbstractConnector (AbstractConnector.java:doStart(331)) - Started ServerConnector@42cf8d5{HTTP/1.1, (http/1.1)}{0.0.0.0:33751}
2022-10-18 21:56:53,464 [Listener at localhost/43961] INFO  server.Server (Server.java:doStart(415)) - Started @96183ms
2022-10-18 21:56:53,465 [Listener at localhost/43961] WARN  impl.MetricsSystemImpl (MetricsSystemImpl.java:register(279)) - Sink prometheus already exists!
2022-10-18 21:56:53,465 [Listener at localhost/43961] INFO  http.BaseHttpServer (BaseHttpServer.java:updateConnectorAddress(333)) - HTTP server of ozoneManager listening at http://0.0.0.0:33751
2022-10-18 21:56:53,465 [IPC Server Responder] INFO  ipc.Server (Server.java:run(1512)) - IPC Server Responder: starting
2022-10-18 21:56:53,466 [IPC Server listener on 43961] INFO  ipc.Server (Server.java:run(1352)) - IPC Server listener on 43961: starting
2022-10-18 21:56:53,472 [Listener at localhost/43961] INFO  om.OzoneManager (OzoneManager.java:startTrashEmptier(1919)) - Trash Interval set to 0. Files deleted won't move to trash
2022-10-18 21:56:53,472 [Listener at localhost/43961] INFO  om.OzoneManager (OzoneManager.java:stop(2034)) - omNode-2[localhost:46167]: Stopping Ozone Manager
2022-10-18 21:56:53,472 [org.apache.hadoop.util.JvmPauseMonitor$Monitor@18c9e670] INFO  util.JvmPauseMonitor (JvmPauseMonitor.java:run(188)) - Starting JVM pause monitor
2022-10-18 21:56:53,472 [Listener at localhost/43961] INFO  ipc.Server (Server.java:stop(3428)) - Stopping server on 46167
2022-10-18 21:56:53,476 [IPC Server listener on 46167] INFO  ipc.Server (Server.java:run(1384)) - Stopping IPC Server listener on 46167
2022-10-18 21:56:53,476 [IPC Server Responder] INFO  ipc.Server (Server.java:run(1517)) - Stopping IPC Server Responder
2022-10-18 21:56:53,476 [Listener at localhost/43961] INFO  server.RaftServer (RaftServerProxy.java:lambda$close$7(398)) - omNode-2: close
2022-10-18 21:56:53,477 [Listener at localhost/43961] INFO  server.RaftServer$Division (RaftServerImpl.java:lambda$close$4(434)) - omNode-2@group-523986131536: shutdown
2022-10-18 21:56:53,477 [Listener at localhost/43961] INFO  util.JmxRegister (JmxRegister.java:unregister(73)) - Successfully un-registered JMX Bean with object name Ratis:service=RaftServer,group=group-523986131536,id=omNode-2
2022-10-18 21:56:53,477 [Listener at localhost/43961] INFO  impl.RoleInfo (RoleInfo.java:shutdownFollowerState(110)) - omNode-2: shutdown omNode-2@group-523986131536-FollowerState
2022-10-18 21:56:53,477 [Listener at localhost/43961] INFO  impl.StateMachineUpdater (StateMachineUpdater.java:stopAndJoin(153)) - omNode-2@group-523986131536-StateMachineUpdater: set stopIndex = 583
2022-10-18 21:56:53,477 [omNode-2@group-523986131536-StateMachineUpdater] INFO  ratis.OzoneManagerStateMachine (OzoneManagerStateMachine.java:takeSnapshot(441)) - Current Snapshot Index (t:1, i:583)
2022-10-18 21:56:53,477 [omNode-2@group-523986131536-FollowerState] INFO  impl.FollowerState (FollowerState.java:run(152)) - omNode-2@group-523986131536-FollowerState was interrupted
2022-10-18 21:56:53,477 [omNode-2@group-523986131536-StateMachineUpdater] INFO  impl.StateMachineUpdater (StateMachineUpdater.java:takeSnapshot(287)) - omNode-2@group-523986131536-StateMachineUpdater: Took a snapshot at index 583
2022-10-18 21:56:53,477 [omNode-2@group-523986131536-StateMachineUpdater] INFO  impl.StateMachineUpdater (StateMachineUpdater.java:lambda$new$0(92)) - omNode-2@group-523986131536-StateMachineUpdater: snapshotIndex: updateIncreasingly 550 -> 583
2022-10-18 21:56:53,477 [omNode-2@group-523986131536-StateMachineUpdater] INFO  ratis.OzoneManagerStateMachine (OzoneManagerStateMachine.java:close(495)) - StateMachine has shutdown. Shutdown OzoneManager if not already shutdown.
2022-10-18 21:56:53,477 [omNode-2@group-523986131536-StateMachineUpdater] INFO  ratis.OzoneManagerDoubleBuffer (OzoneManagerDoubleBuffer.java:stop(466)) - Stopping OMDoubleBuffer flush thread
2022-10-18 21:56:53,478 [OMDoubleBufferFlushThread] INFO  ratis.OzoneManagerDoubleBuffer (OzoneManagerDoubleBuffer.java:flushTransactions(385)) - OMDoubleBuffer flush thread OMDoubleBufferFlushThread is interrupted and will exit.
2022-10-18 21:56:53,478 [Listener at localhost/43961] INFO  server.RaftServer$Division (ServerState.java:close(429)) - omNode-2@group-523986131536: closes. applyIndex: 583
2022-10-18 21:56:53,478 [omNode-2@group-523986131536-SegmentedRaftLogWorker] INFO  segmented.SegmentedRaftLogWorker (SegmentedRaftLogWorker.java:run(336)) - omNode-2@group-523986131536-SegmentedRaftLogWorker was interrupted, exiting. There are 0 tasks remaining in the queue.
2022-10-18 21:56:53,479 [Listener at localhost/43961] INFO  segmented.SegmentedRaftLogWorker (SegmentedRaftLogWorker.java:close(246)) - omNode-2@group-523986131536-SegmentedRaftLogWorker close()
2022-10-18 21:56:53,480 [Listener at localhost/43961] INFO  server.GrpcService (GrpcService.java:closeImpl(269)) - omNode-2: shutdown server with port 41401 now
2022-10-18 21:56:53,481 [Listener at localhost/43961] INFO  server.GrpcService (GrpcService.java:closeImpl(278)) - omNode-2: shutdown server with port 41401 successfully
2022-10-18 21:56:53,481 [org.apache.ratis.util.JvmPauseMonitor$$Lambda$703/854163851@506e1d0f] INFO  util.JvmPauseMonitor (JvmPauseMonitor.java:run(109)) - JvmPauseMonitor-omNode-2: Stopped
2022-10-18 21:56:53,481 [Listener at localhost/43961] INFO  ratis.OzoneManagerStateMachine (OzoneManagerStateMachine.java:close(495)) - StateMachine has shutdown. Shutdown OzoneManager if not already shutdown.
2022-10-18 21:56:53,482 [Listener at localhost/43961] INFO  ratis.OzoneManagerDoubleBuffer (OzoneManagerDoubleBuffer.java:stop(478)) - OMDoubleBuffer flush thread is not running.
2022-10-18 21:56:53,482 [Listener at localhost/43961] INFO  utils.BackgroundService (BackgroundService.java:shutdown(141)) - Shutting down service KeyDeletingService
2022-10-18 21:56:53,482 [Listener at localhost/43961] INFO  utils.BackgroundService (BackgroundService.java:shutdown(141)) - Shutting down service DirectoryDeletingService
2022-10-18 21:56:53,482 [Listener at localhost/43961] INFO  utils.BackgroundService (BackgroundService.java:shutdown(141)) - Shutting down service OpenKeyCleanupService
2022-10-18 21:56:53,482 [Listener at localhost/43961] INFO  handler.ContextHandler (ContextHandler.java:doStop(1153)) - Stopped o.e.j.w.WebAppContext@481d5c41{ozoneManager,/,null,STOPPED}{file:/home/runner/work/ozone/ozone/hadoop-ozone/integration-test/target/test-classes/webapps/ozoneManager}
2022-10-18 21:56:53,483 [Listener at localhost/43961] INFO  server.AbstractConnector (AbstractConnector.java:doStop(381)) - Stopped ServerConnector@26fcf280{HTTP/1.1, (http/1.1)}{0.0.0.0:44253}
2022-10-18 21:56:53,483 [Listener at localhost/43961] INFO  server.session (HouseKeeper.java:stopScavenging(149)) - node0 Stopped scavenging
2022-10-18 21:56:53,483 [Listener at localhost/43961] INFO  handler.ContextHandler (ContextHandler.java:doStop(1153)) - Stopped o.e.j.s.ServletContextHandler@75cf0738{static,/static,file:///home/runner/work/ozone/ozone/hadoop-ozone/integration-test/target/test-classes/webapps/static,STOPPED}
2022-10-18 21:56:53,483 [Listener at localhost/43961] INFO  handler.ContextHandler (ContextHandler.java:doStop(1153)) - Stopped o.e.j.s.ServletContextHandler@1ff4108{logs,/logs,file:///home/runner/work/ozone/ozone/hadoop-ozone/integration-test/target/log,STOPPED}
2022-10-18 21:56:53,486 [Listener at localhost/43961] INFO  om.OzoneManager (OzoneManager.java:restart(1571)) - OzoneManager RPC server is listening at localhost/127.0.0.1:46167
2022-10-18 21:56:53,486 [Listener at localhost/43961] INFO  impl.MetricsSystemImpl (MetricsSystemImpl.java:init(158)) - OzoneManager metrics system started (again)
2022-10-18 21:56:53,495 [Listener at localhost/43961] WARN  server.ServerUtils (ServerUtils.java:getDBPath(225)) - ozone.om.db.dirs is not configured. We recommend adding this setting. Falling back to ozone.metadata.dirs instead.
2022-10-18 21:56:53,496 [Listener at localhost/43961] INFO  codec.OmKeyInfoCodec (OmKeyInfoCodec.java:<init>(49)) - OmKeyInfoCodec ignorePipeline = true
2022-10-18 21:56:53,496 [Listener at localhost/43961] INFO  codec.RepeatedOmKeyInfoCodec (RepeatedOmKeyInfoCodec.java:<init>(41)) - RepeatedOmKeyInfoCodec ignorePipeline = true
2022-10-18 21:56:53,524 [Listener at localhost/43961] INFO  om.OzoneManager (OzoneManager.java:instantiateServices(712)) - S3 Multi-Tenancy is disabled
2022-10-18 21:56:53,525 [Listener at localhost/43961] WARN  server.ServerUtils (ServerUtils.java:getDefaultRatisDirectory(237)) - Storage directory for Ratis is not configured. It is a good idea to map this to an SSD disk. Falling back to ozone.metadata.dirs
2022-10-18 21:56:53,526 [Listener at localhost/43961] INFO  ratis.OzoneManagerRatisServer (OzoneManagerRatisServer.java:<init>(160)) - Instantiating OM Ratis server with groupID: om-service-test1 and peers: localhost:41401, localhost:46841, localhost:43245
2022-10-18 21:56:53,526 [Listener at localhost/43961] INFO  ratis.OzoneManagerStateMachine (OzoneManagerStateMachine.java:loadSnapshotInfoFromDB(632)) - LastAppliedIndex is set from TransactionInfo from OM DB as (t:1, i:583)
2022-10-18 21:56:53,526 [Listener at localhost/43961] INFO  server.RaftServer (ConfUtils.java:logGet(46)) - raft.rpc.type = GRPC (default)
2022-10-18 21:56:53,528 [Listener at localhost/43961] INFO  grpc.GrpcFactory (GrpcFactory.java:checkPooledByteBufAllocatorUseCacheForAllThreads(48)) - PERFORMANCE WARNING: useCacheForAllThreads is true that may cause Netty to create a lot garbage objects and, as a result, trigger GC.
	It is recommended to disable useCacheForAllThreads by setting -Dorg.apache.ratis.thirdparty.io.netty.allocator.useCacheForAllThreads=false in command line.
2022-10-18 21:56:53,528 [Listener at localhost/43961] INFO  grpc.GrpcConfigKeys (ConfUtils.java:logGet(46)) - raft.grpc.admin.port = -1 (default)
2022-10-18 21:56:53,528 [Listener at localhost/43961] INFO  grpc.GrpcConfigKeys (ConfUtils.java:logGet(46)) - raft.grpc.server.port = 41401 (custom)
2022-10-18 21:56:53,528 [Listener at localhost/43961] INFO  grpc.GrpcConfigKeys (ConfUtils.java:logGet(46)) - raft.grpc.client.port = -1 (default)
2022-10-18 21:56:53,528 [Listener at localhost/43961] INFO  grpc.GrpcConfigKeys (ConfUtils.java:logGet(46)) - raft.grpc.server.port = 41401 (custom)
2022-10-18 21:56:53,528 [Listener at localhost/43961] INFO  grpc.GrpcConfigKeys (ConfUtils.java:logGet(46)) - raft.grpc.server.port = 41401 (custom)
2022-10-18 21:56:53,528 [Listener at localhost/43961] INFO  server.GrpcService (ConfUtils.java:logGet(46)) - raft.grpc.message.size.max = 33554432 (custom)
2022-10-18 21:56:53,529 [Listener at localhost/43961] INFO  server.RaftServerConfigKeys (ConfUtils.java:logGet(46)) - raft.server.log.appender.buffer.byte-limit = 33554432 (custom)
2022-10-18 21:56:53,529 [Listener at localhost/43961] INFO  server.GrpcService (ConfUtils.java:logGet(46)) - raft.grpc.flow.control.window = 1MB (=1048576) (default)
2022-10-18 21:56:53,529 [Listener at localhost/43961] INFO  server.RaftServerConfigKeys (ConfUtils.java:logGet(46)) - raft.server.rpc.request.timeout = 3000ms (default)
2022-10-18 21:56:53,529 [Listener at localhost/43961] INFO  grpc.GrpcConfigKeys (ConfUtils.java:logGet(46)) - raft.grpc.server.async.request.thread.pool.cached = true (default)
2022-10-18 21:56:53,529 [Listener at localhost/43961] INFO  grpc.GrpcConfigKeys (ConfUtils.java:logGet(46)) - raft.grpc.server.async.request.thread.pool.size = 32 (default)
2022-10-18 21:56:53,530 [Listener at localhost/43961] INFO  impl.DataStreamServerImpl (ConfUtils.java:logGet(46)) - raft.datastream.type = DISABLED (default)
2022-10-18 21:56:53,530 [Listener at localhost/43961] INFO  server.RaftServerConfigKeys (ConfUtils.java:logGet(46)) - raft.server.threadpool.proxy.cached = true (default)
2022-10-18 21:56:53,530 [Listener at localhost/43961] INFO  server.RaftServerConfigKeys (ConfUtils.java:logGet(46)) - raft.server.threadpool.proxy.size = 0 (default)
2022-10-18 21:56:53,530 [Listener at localhost/43961] INFO  server.RaftServerConfigKeys (ConfUtils.java:logGet(46)) - raft.server.rpc.slowness.timeout = 2s (custom)
2022-10-18 21:56:53,530 [Listener at localhost/43961] INFO  server.RaftServerConfigKeys (ConfUtils.java:logGet(46)) - raft.server.leaderelection.leader.step-down.wait-time = 10s (default)
2022-10-18 21:56:53,530 [Listener at localhost/43961] INFO  server.RaftServerConfigKeys (ConfUtils.java:logGet(46)) - raft.server.storage.dir = [/home/runner/work/ozone/ozone/hadoop-ozone/integration-test/target/test-dir/MiniOzoneClusterImpl-1c94f07e-3edc-4d60-9c78-eaa851002676/omNode-2/ratis] (custom)
2022-10-18 21:56:53,530 [omNode-2-impl-thread1] INFO  server.RaftServer (RaftServerProxy.java:initGroupDir(247)) - omNode-2: found a subdirectory /home/runner/work/ozone/ozone/hadoop-ozone/integration-test/target/test-dir/MiniOzoneClusterImpl-1c94f07e-3edc-4d60-9c78-eaa851002676/omNode-2/ratis/c9bc4cf4-3bc3-3c60-a66b-523986131536
2022-10-18 21:56:53,531 [Listener at localhost/43961] INFO  server.RaftServer (RaftServerProxy.java:addNew(96)) - omNode-2: addNew group-523986131536:[omNode-3|rpc:localhost:46841|priority:0, omNode-1|rpc:localhost:43245|priority:0, omNode-2|rpc:localhost:41401|priority:0] returns group-523986131536:java.util.concurrent.CompletableFuture@4ceade5[Not completed]
2022-10-18 21:56:53,531 [pool-950-thread-1] INFO  server.RaftServer$Division (RaftServerImpl.java:<init>(190)) - omNode-2: new RaftServerImpl for group-523986131536:[omNode-3|rpc:localhost:46841|priority:0, omNode-1|rpc:localhost:43245|priority:0, omNode-2|rpc:localhost:41401|priority:0] with OzoneManagerStateMachine:uninitialized
2022-10-18 21:56:53,531 [Listener at localhost/43961] INFO  om.OzoneManager (OzoneManager.java:initializeRatisServer(1975)) - OzoneManager Ratis server initialized at port 41401
2022-10-18 21:56:53,531 [pool-950-thread-1] INFO  server.RaftServerConfigKeys (ConfUtils.java:logGet(46)) - raft.server.rpc.timeout.min = 1s (custom)
2022-10-18 21:56:53,531 [Listener at localhost/43961] INFO  ratis.OzoneManagerRatisServer (OzoneManagerRatisServer.java:start(555)) - Starting OzoneManagerRatisServer omNode-2 at port 41401
2022-10-18 21:56:53,531 [pool-950-thread-1] INFO  server.RaftServerConfigKeys (ConfUtils.java:logGet(46)) - raft.server.rpc.timeout.max = 1200ms (custom)
2022-10-18 21:56:53,531 [pool-950-thread-1] INFO  server.RaftServerConfigKeys (ConfUtils.java:logGet(46)) - raft.server.rpc.sleep.time = 25ms (default)
2022-10-18 21:56:53,531 [pool-950-thread-1] INFO  server.RaftServerConfigKeys (ConfUtils.java:logGet(46)) - raft.server.rpc.slowness.timeout = 2s (custom)
2022-10-18 21:56:53,531 [pool-950-thread-1] INFO  server.RaftServerConfigKeys (ConfUtils.java:logGet(46)) - raft.server.leaderelection.leader.step-down.wait-time = 10s (default)
2022-10-18 21:56:53,531 [pool-950-thread-1] INFO  server.RaftServerConfigKeys (ConfUtils.java:logGet(46)) - raft.server.sleep.deviation.threshold = 300ms (default)
2022-10-18 21:56:53,531 [pool-950-thread-1] INFO  server.RaftServer$Division (ServerState.java:<init>(107)) - omNode-2@group-523986131536: ConfigurationManager, init=-1: [omNode-3|rpc:localhost:46841|priority:0, omNode-1|rpc:localhost:43245|priority:0, omNode-2|rpc:localhost:41401|priority:0], old=null, confs=<EMPTY_MAP>
2022-10-18 21:56:53,531 [pool-950-thread-1] INFO  server.RaftServerConfigKeys (ConfUtils.java:logGet(46)) - raft.server.storage.dir = [/home/runner/work/ozone/ozone/hadoop-ozone/integration-test/target/test-dir/MiniOzoneClusterImpl-1c94f07e-3edc-4d60-9c78-eaa851002676/omNode-2/ratis] (custom)
2022-10-18 21:56:53,531 [pool-950-thread-1] INFO  server.RaftServerConfigKeys (ConfUtils.java:logGet(46)) - raft.server.log.corruption.policy = EXCEPTION (default)
2022-10-18 21:56:53,531 [pool-950-thread-1] INFO  server.RaftServerConfigKeys (ConfUtils.java:logGet(46)) - raft.server.storage.free-space.min = 0MB (=0) (default)
2022-10-18 21:56:53,532 [pool-950-thread-1] INFO  storage.RaftStorageDirectory (RaftStorageDirectoryImpl.java:tryLock(230)) - Lock on /home/runner/work/ozone/ozone/hadoop-ozone/integration-test/target/test-dir/MiniOzoneClusterImpl-1c94f07e-3edc-4d60-9c78-eaa851002676/omNode-2/ratis/c9bc4cf4-3bc3-3c60-a66b-523986131536/in_use.lock acquired by nodename 38880@fv-az368-376
2022-10-18 21:56:53,532 [pool-950-thread-1] INFO  storage.RaftStorage (RaftStorageImpl.java:analyzeAndRecoverStorage(110)) - Read RaftStorageMetadata{term=1, votedFor=omNode-1} from /home/runner/work/ozone/ozone/hadoop-ozone/integration-test/target/test-dir/MiniOzoneClusterImpl-1c94f07e-3edc-4d60-9c78-eaa851002676/omNode-2/ratis/c9bc4cf4-3bc3-3c60-a66b-523986131536/current/raft-meta
2022-10-18 21:56:53,532 [pool-950-thread-1] INFO  server.RaftServer$Division (ServerState.java:setRaftConf(393)) - omNode-2@group-523986131536: set configuration 0: [omNode-3|rpc:localhost:46841|admin:|client:|dataStream:|priority:0, omNode-1|rpc:localhost:43245|admin:|client:|dataStream:|priority:0, omNode-2|rpc:localhost:41401|admin:|client:|dataStream:|priority:0], old=null
2022-10-18 21:56:53,532 [pool-950-thread-1] INFO  server.RaftServerConfigKeys (ConfUtils.java:logGet(46)) - raft.server.notification.no-leader.timeout = 2s (custom)
2022-10-18 21:56:53,532 [pool-950-thread-1] INFO  server.RaftServerConfigKeys (ConfUtils.java:logGet(46)) - raft.server.log.use.memory = false (default)
2022-10-18 21:56:53,532 [pool-950-thread-1] INFO  server.RaftServerConfigKeys (ConfUtils.java:logGet(46)) - raft.server.log.purge.gap = 50 (custom)
2022-10-18 21:56:53,532 [pool-950-thread-1] INFO  server.RaftServerConfigKeys (ConfUtils.java:logGet(46)) - raft.server.log.appender.buffer.byte-limit = 33554432 (custom)
2022-10-18 21:56:53,532 [pool-950-thread-1] INFO  server.RaftServerConfigKeys (ConfUtils.java:logGet(46)) - raft.server.log.statemachine.data.read.timeout = 1000ms (default)
2022-10-18 21:56:53,532 [pool-950-thread-1] INFO  server.RaftServerConfigKeys (ConfUtils.java:logGet(46)) - raft.server.log.segment.size.max = 4194304 (custom)
2022-10-18 21:56:53,533 [pool-950-thread-1] INFO  server.RaftServerConfigKeys (ConfUtils.java:logGet(46)) - raft.server.log.segment.cache.num.max = 2 (custom)
2022-10-18 21:56:53,533 [pool-950-thread-1] INFO  server.RaftServerConfigKeys (ConfUtils.java:logGet(46)) - raft.server.log.segment.cache.size.max = 200MB (=209715200) (default)
2022-10-18 21:56:53,533 [pool-950-thread-1] INFO  segmented.SegmentedRaftLogWorker (SegmentedRaftLogWorker.java:<init>(187)) - new omNode-2@group-523986131536-SegmentedRaftLogWorker for RaftStorageImpl:Storage Directory /home/runner/work/ozone/ozone/hadoop-ozone/integration-test/target/test-dir/MiniOzoneClusterImpl-1c94f07e-3edc-4d60-9c78-eaa851002676/omNode-2/ratis/c9bc4cf4-3bc3-3c60-a66b-523986131536
2022-10-18 21:56:53,533 [pool-950-thread-1] INFO  server.RaftServerConfigKeys (ConfUtils.java:logGet(46)) - raft.server.log.queue.byte-limit = 64MB (=67108864) (default)
2022-10-18 21:56:53,533 [pool-950-thread-1] INFO  server.RaftServerConfigKeys (ConfUtils.java:logGet(46)) - raft.server.log.queue.element-limit = 4096 (default)
2022-10-18 21:56:53,533 [pool-950-thread-1] INFO  server.RaftServerConfigKeys (ConfUtils.java:logGet(46)) - raft.server.log.segment.size.max = 4194304 (custom)
2022-10-18 21:56:53,533 [pool-950-thread-1] INFO  server.RaftServerConfigKeys (ConfUtils.java:logGet(46)) - raft.server.log.preallocated.size = 4194304 (custom)
2022-10-18 21:56:53,533 [pool-950-thread-1] INFO  server.RaftServerConfigKeys (ConfUtils.java:logGet(46)) - raft.server.log.force.sync.num = 128 (default)
2022-10-18 21:56:53,533 [pool-950-thread-1] INFO  server.RaftServerConfigKeys (ConfUtils.java:logGet(46)) - raft.server.log.statemachine.data.sync = true (default)
2022-10-18 21:56:53,533 [pool-950-thread-1] INFO  server.RaftServerConfigKeys (ConfUtils.java:logGet(46)) - raft.server.log.statemachine.data.sync.timeout = 10s (default)
2022-10-18 21:56:53,533 [pool-950-thread-1] INFO  server.RaftServerConfigKeys (ConfUtils.java:logGet(46)) - raft.server.log.statemachine.data.sync.timeout.retry = -1 (default)
2022-10-18 21:56:53,534 [pool-950-thread-1] INFO  server.RaftServerConfigKeys (ConfUtils.java:logGet(46)) - raft.server.log.write.buffer.size = 64KB (=65536) (default)
2022-10-18 21:56:53,534 [pool-950-thread-1] INFO  server.RaftServerConfigKeys (ConfUtils.java:logGet(46)) - raft.server.log.unsafe-flush.enabled = false (default)
2022-10-18 21:56:53,534 [pool-950-thread-1] INFO  server.RaftServerConfigKeys (ConfUtils.java:logGet(46)) - raft.server.log.statemachine.data.caching.enabled = false (default)
2022-10-18 21:56:53,534 [pool-950-thread-1] INFO  server.RaftServer$Division (ServerState.java:setRaftConf(393)) - omNode-2@group-523986131536: set configuration 0: [omNode-3|rpc:localhost:46841|admin:|client:|dataStream:|priority:0, omNode-1|rpc:localhost:43245|admin:|client:|dataStream:|priority:0, omNode-2|rpc:localhost:41401|admin:|client:|dataStream:|priority:0], old=null
2022-10-18 21:56:53,536 [pool-950-thread-1] INFO  segmented.LogSegment (LogSegment.java:loadSegment(173)) - Successfully read 585 entries from segment file /home/runner/work/ozone/ozone/hadoop-ozone/integration-test/target/test-dir/MiniOzoneClusterImpl-1c94f07e-3edc-4d60-9c78-eaa851002676/omNode-2/ratis/c9bc4cf4-3bc3-3c60-a66b-523986131536/current/log_inprogress_0
2022-10-18 21:56:53,536 [pool-950-thread-1] INFO  segmented.SegmentedRaftLogWorker (SegmentedRaftLogWorker.java:lambda$new$0(135)) - omNode-2@group-523986131536-SegmentedRaftLogWorker: flushIndex: setUnconditionally 0 -> 584
2022-10-18 21:56:53,536 [pool-950-thread-1] INFO  segmented.SegmentedRaftLogWorker (SegmentedRaftLogWorker.java:lambda$new$0(135)) - omNode-2@group-523986131536-SegmentedRaftLogWorker: safeCacheEvictIndex: setUnconditionally 0 -> -1
2022-10-18 21:56:53,536 [pool-950-thread-1] INFO  raftlog.RaftLog (RaftLogBase.java:lambda$new$0(53)) - omNode-2@group-523986131536-SegmentedRaftLog: commitIndex: updateToMax old=583, new=583, updated? false
2022-10-18 21:56:53,536 [pool-950-thread-1] INFO  server.RaftServerConfigKeys (ConfUtils.java:logGet(46)) - raft.server.snapshot.auto.trigger.enabled = true (custom)
2022-10-18 21:56:53,536 [pool-950-thread-1] INFO  server.RaftServerConfigKeys (ConfUtils.java:logGet(46)) - raft.server.snapshot.auto.trigger.threshold = 50 (custom)
2022-10-18 21:56:53,536 [pool-950-thread-1] INFO  server.RaftServerConfigKeys (ConfUtils.java:logGet(46)) - raft.server.snapshot.retention.file.num = -1 (default)
2022-10-18 21:56:53,536 [pool-950-thread-1] INFO  server.RaftServerConfigKeys (ConfUtils.java:logGet(46)) - raft.server.log.purge.upto.snapshot.index = true (custom)
2022-10-18 21:56:53,536 [pool-950-thread-1] INFO  server.RaftServerConfigKeys (ConfUtils.java:logGet(46)) - raft.server.retrycache.expirytime = 30000ms (custom)
2022-10-18 21:56:53,536 [pool-950-thread-1] INFO  server.RaftServerConfigKeys (ConfUtils.java:logGet(46)) - raft.server.retrycache.statistics.expirytime = 100μs (default)
2022-10-18 21:56:53,537 [pool-950-thread-1] INFO  server.RaftServerConfigKeys (ConfUtils.java:logGet(46)) - raft.server.log.appender.install.snapshot.enabled = false (custom)
2022-10-18 21:56:53,537 [pool-950-thread-1] INFO  server.RaftServerConfigKeys (ConfUtils.java:logGet(46)) - raft.server.threadpool.server.cached = true (default)
2022-10-18 21:56:53,537 [pool-950-thread-1] INFO  server.RaftServerConfigKeys (ConfUtils.java:logGet(46)) - raft.server.threadpool.server.size = 0 (default)
2022-10-18 21:56:53,537 [pool-950-thread-1] INFO  server.RaftServerConfigKeys (ConfUtils.java:logGet(46)) - raft.server.threadpool.client.cached = true (default)
2022-10-18 21:56:53,537 [pool-950-thread-1] INFO  server.RaftServerConfigKeys (ConfUtils.java:logGet(46)) - raft.server.threadpool.client.size = 0 (default)
2022-10-18 21:56:53,537 [omNode-2-impl-thread1] INFO  server.RaftServer$Division (RaftServerImpl.java:start(310)) - omNode-2@group-523986131536: start as a follower, conf=0: [omNode-3|rpc:localhost:46841|admin:|client:|dataStream:|priority:0, omNode-1|rpc:localhost:43245|admin:|client:|dataStream:|priority:0, omNode-2|rpc:localhost:41401|admin:|client:|dataStream:|priority:0], old=null
2022-10-18 21:56:53,537 [omNode-2-impl-thread1] INFO  server.RaftServer$Division (RaftServerImpl.java:setRole(299)) - omNode-2@group-523986131536: changes role from      null to FOLLOWER at term 1 for startAsFollower
2022-10-18 21:56:53,537 [omNode-2-impl-thread1] INFO  impl.RoleInfo (RoleInfo.java:updateAndGet(139)) - omNode-2: start omNode-2@group-523986131536-FollowerState
2022-10-18 21:56:53,538 [omNode-2-impl-thread1] INFO  util.JmxRegister (JmxRegister.java:tryRegister(44)) - Successfully registered JMX Bean with object name Ratis:service=RaftServer,group=group-523986131536,id=omNode-2
2022-10-18 21:56:53,538 [Listener at localhost/43961] INFO  server.RaftServer (RaftServerProxy.java:lambda$start$6(382)) - omNode-2: start RPC server
2022-10-18 21:56:53,539 [Listener at localhost/43961] INFO  server.GrpcService (GrpcService.java:startImpl(260)) - omNode-2: GrpcService started, listening on 41401
2022-10-18 21:56:53,539 [Listener at localhost/43961] INFO  om.OzoneManager (OzoneManager.java:getRpcServer(1101)) - Creating RPC Server
2022-10-18 21:56:53,539 [org.apache.ratis.util.JvmPauseMonitor$$Lambda$703/854163851@4df0dc7f] INFO  util.JvmPauseMonitor (JvmPauseMonitor.java:run(103)) - JvmPauseMonitor-omNode-2: Started
2022-10-18 21:56:53,765 [Listener at localhost/43961] INFO  reflections.Reflections (Reflections.java:scan(232)) - Reflections took 224 ms to scan 19 urls, producing 67 keys and 4244 values [using 4 cores]
2022-10-18 21:56:53,765 [Listener at localhost/43961] INFO  ipc.CallQueueManager (CallQueueManager.java:<init>(90)) - Using callQueue: class java.util.concurrent.LinkedBlockingQueue, queueCapacity: 2000, scheduler: class org.apache.hadoop.ipc.DefaultRpcScheduler, ipcBackoff: false.
2022-10-18 21:56:53,766 [Socket Reader #1 for port 46167] INFO  ipc.Server (Server.java:run(1273)) - Starting Socket Reader #1 for port 46167
2022-10-18 21:56:53,768 [Listener at localhost/46167] INFO  http.BaseHttpServer (BaseHttpServer.java:newHttpServer2BuilderForOzone(213)) - Starting Web-server for ozoneManager at: http://0.0.0.0:44253
2022-10-18 21:56:53,768 [Listener at localhost/46167] INFO  http.BaseHttpServer (BaseHttpServer.java:<init>(108)) - Hadoop Security Enabled: false Ozone Security Enabled: false Ozone HTTP Security Enabled: false 
2022-10-18 21:56:53,769 [Listener at localhost/46167] WARN  server.AuthenticationFilter (AuthenticationFilter.java:constructSecretProvider(240)) - Unable to initialize FileSignerSecretProvider, falling back to use random secrets. Reason: Could not read signature secret file: /home/runner/hadoop-http-auth-signature-secret
2022-10-18 21:56:53,769 [Listener at localhost/46167] WARN  http.HttpRequestLog (HttpRequestLog.java:getRequestLog(103)) - Jetty request log can only be enabled using Log4j
2022-10-18 21:56:53,770 [Listener at localhost/46167] INFO  http.HttpServer2 (HttpServer2.java:addGlobalFilter(1031)) - Added global filter 'safety' (class=org.apache.hadoop.hdds.server.http.HttpServer2$QuotingInputFilter)
2022-10-18 21:56:53,771 [Listener at localhost/46167] INFO  http.HttpServer2 (HttpServer2.java:addFilter(1007)) - Added filter static_user_filter (class=org.apache.hadoop.http.lib.StaticUserWebFilter$StaticUserFilter) to context ozoneManager
2022-10-18 21:56:53,771 [Listener at localhost/46167] INFO  http.HttpServer2 (HttpServer2.java:addFilter(1015)) - Added filter static_user_filter (class=org.apache.hadoop.http.lib.StaticUserWebFilter$StaticUserFilter) to context static
2022-10-18 21:56:53,771 [Listener at localhost/46167] INFO  http.HttpServer2 (HttpServer2.java:addFilter(1015)) - Added filter static_user_filter (class=org.apache.hadoop.http.lib.StaticUserWebFilter$StaticUserFilter) to context logs
2022-10-18 21:56:53,771 [Listener at localhost/46167] INFO  http.HttpServer2 (HttpServer2.java:bindListener(1250)) - Jetty bound to port 44253
2022-10-18 21:56:53,771 [Listener at localhost/46167] INFO  server.Server (Server.java:doStart(375)) - jetty-9.4.43.v20210629; built: 2021-06-30T11:07:22.254Z; git: 526006ecfa3af7f1a27ef3a288e2bef7ea9dd7e8; jvm 1.8.0_345-b01
2022-10-18 21:56:53,772 [Listener at localhost/46167] INFO  server.session (DefaultSessionIdManager.java:doStart(334)) - DefaultSessionIdManager workerName=node0
2022-10-18 21:56:53,772 [Listener at localhost/46167] INFO  server.session (DefaultSessionIdManager.java:doStart(339)) - No SessionScavenger set, using defaults
2022-10-18 21:56:53,772 [Listener at localhost/46167] INFO  server.session (HouseKeeper.java:startScavenging(132)) - node0 Scavenging every 660000ms
2022-10-18 21:56:53,773 [Listener at localhost/46167] INFO  handler.ContextHandler (ContextHandler.java:doStart(915)) - Started o.e.j.s.ServletContextHandler@a985455{logs,/logs,file:///home/runner/work/ozone/ozone/hadoop-ozone/integration-test/target/log,AVAILABLE}
2022-10-18 21:56:53,773 [Listener at localhost/46167] INFO  handler.ContextHandler (ContextHandler.java:doStart(915)) - Started o.e.j.s.ServletContextHandler@478d09df{static,/static,file:///home/runner/work/ozone/ozone/hadoop-ozone/integration-test/target/test-classes/webapps/static,AVAILABLE}
2022-10-18 21:56:53,775 [Listener at localhost/46167] INFO  handler.ContextHandler (ContextHandler.java:doStart(915)) - Started o.e.j.w.WebAppContext@54c78445{ozoneManager,/,file:///home/runner/work/ozone/ozone/hadoop-ozone/integration-test/target/test-classes/webapps/ozoneManager/,AVAILABLE}{file:/home/runner/work/ozone/ozone/hadoop-ozone/integration-test/target/test-classes/webapps/ozoneManager}
2022-10-18 21:56:53,776 [Listener at localhost/46167] INFO  server.AbstractConnector (AbstractConnector.java:doStart(331)) - Started ServerConnector@285ddaeb{HTTP/1.1, (http/1.1)}{0.0.0.0:44253}
2022-10-18 21:56:53,776 [Listener at localhost/46167] INFO  server.Server (Server.java:doStart(415)) - Started @96494ms
2022-10-18 21:56:53,776 [Listener at localhost/46167] WARN  impl.MetricsSystemImpl (MetricsSystemImpl.java:register(279)) - Sink prometheus already exists!
2022-10-18 21:56:53,776 [Listener at localhost/46167] INFO  http.BaseHttpServer (BaseHttpServer.java:updateConnectorAddress(333)) - HTTP server of ozoneManager listening at http://0.0.0.0:44253
2022-10-18 21:56:53,777 [IPC Server Responder] INFO  ipc.Server (Server.java:run(1512)) - IPC Server Responder: starting
2022-10-18 21:56:53,777 [IPC Server listener on 46167] INFO  ipc.Server (Server.java:run(1352)) - IPC Server listener on 46167: starting
2022-10-18 21:56:53,779 [Listener at localhost/46167] INFO  om.OzoneManager (OzoneManager.java:startTrashEmptier(1919)) - Trash Interval set to 0. Files deleted won't move to trash
2022-10-18 21:56:53,780 [org.apache.hadoop.util.JvmPauseMonitor$Monitor@5bbc263e] INFO  util.JvmPauseMonitor (JvmPauseMonitor.java:run(188)) - Starting JVM pause monitor
]]></system-out>
    <system-err><![CDATA[Oct 18, 2022 9:56:27 PM org.apache.ratis.thirdparty.io.grpc.internal.ManagedChannelOrphanWrapper$ManagedChannelReference cleanQueue
SEVERE: *~*~*~ Channel ManagedChannelImpl{logId=196, target=10.1.0.49:36389} was not shutdown properly!!! ~*~*~*
    Make sure to call shutdown()/shutdownNow() and wait until awaitTermination() returns true.
java.lang.RuntimeException: ManagedChannel allocation site
	at org.apache.ratis.thirdparty.io.grpc.internal.ManagedChannelOrphanWrapper$ManagedChannelReference.<init>(ManagedChannelOrphanWrapper.java:93)
	at org.apache.ratis.thirdparty.io.grpc.internal.ManagedChannelOrphanWrapper.<init>(ManagedChannelOrphanWrapper.java:53)
	at org.apache.ratis.thirdparty.io.grpc.internal.ManagedChannelOrphanWrapper.<init>(ManagedChannelOrphanWrapper.java:44)
	at org.apache.ratis.thirdparty.io.grpc.internal.ManagedChannelImplBuilder.build(ManagedChannelImplBuilder.java:630)
	at org.apache.ratis.thirdparty.io.grpc.internal.AbstractManagedChannelImplBuilder.build(AbstractManagedChannelImplBuilder.java:297)
	at org.apache.hadoop.hdds.scm.XceiverClientGrpc.connectToDatanode(XceiverClientGrpc.java:205)
	at org.apache.hadoop.hdds.scm.XceiverClientGrpc.connect(XceiverClientGrpc.java:158)
	at org.apache.hadoop.hdds.scm.XceiverClientManager$2.call(XceiverClientManager.java:243)
	at org.apache.hadoop.hdds.scm.XceiverClientManager$2.call(XceiverClientManager.java:224)
	at com.google.common.cache.LocalCache$LocalManualCache$1.load(LocalCache.java:4868)
	at com.google.common.cache.LocalCache$LoadingValueReference.loadFuture(LocalCache.java:3533)
	at com.google.common.cache.LocalCache$Segment.loadSync(LocalCache.java:2282)
	at com.google.common.cache.LocalCache$Segment.lockedGetOrLoad(LocalCache.java:2159)
	at com.google.common.cache.LocalCache$Segment.get(LocalCache.java:2049)
	at com.google.common.cache.LocalCache.get(LocalCache.java:3966)
	at com.google.common.cache.LocalCache$LocalManualCache.get(LocalCache.java:4863)
	at org.apache.hadoop.hdds.scm.XceiverClientManager.getClient(XceiverClientManager.java:224)
	at org.apache.hadoop.hdds.scm.XceiverClientManager.acquireClient(XceiverClientManager.java:168)
	at org.apache.hadoop.hdds.scm.XceiverClientManager.acquireClientForReadData(XceiverClientManager.java:157)
	at org.apache.hadoop.hdds.scm.storage.BlockInputStream.acquireClient(BlockInputStream.java:256)
	at org.apache.hadoop.hdds.scm.storage.BlockInputStream.getChunkInfos(BlockInputStream.java:223)
	at org.apache.hadoop.hdds.scm.storage.BlockInputStream.initialize(BlockInputStream.java:146)
	at org.apache.hadoop.hdds.scm.storage.BlockInputStream.readWithStrategy(BlockInputStream.java:283)
	at org.apache.hadoop.hdds.scm.storage.ExtendedInputStream.read(ExtendedInputStream.java:54)
	at org.apache.hadoop.hdds.scm.storage.ByteArrayReader.readFromBlock(ByteArrayReader.java:57)
	at org.apache.hadoop.ozone.client.io.KeyInputStream.readWithStrategy(KeyInputStream.java:273)
	at org.apache.hadoop.ozone.client.io.KeyInputStream.read(KeyInputStream.java:240)
	at org.apache.hadoop.ozone.client.io.OzoneInputStream.read(OzoneInputStream.java:56)
	at java.io.InputStream.read(InputStream.java:101)
	at org.apache.hadoop.ozone.om.TestOzoneManagerHAWithData.createMultipartKeyAndReadKey(TestOzoneManagerHAWithData.java:315)
	at org.apache.hadoop.ozone.om.TestOzoneManagerHAWithData.testMultipartUploadWithOneOmNodeDown(TestOzoneManagerHAWithData.java:272)
	at org.apache.hadoop.ozone.om.TestOzoneManagerHAWithData.testMultipartUpload(TestOzoneManagerHAWithData.java:104)
	at sun.reflect.NativeMethodAccessorImpl.invoke0(Native Method)
	at sun.reflect.NativeMethodAccessorImpl.invoke(NativeMethodAccessorImpl.java:62)
	at sun.reflect.DelegatingMethodAccessorImpl.invoke(DelegatingMethodAccessorImpl.java:43)
	at java.lang.reflect.Method.invoke(Method.java:498)
	at org.junit.platform.commons.util.ReflectionUtils.invokeMethod(ReflectionUtils.java:725)
	at org.junit.jupiter.engine.execution.MethodInvocation.proceed(MethodInvocation.java:60)
	at org.junit.jupiter.engine.execution.InvocationInterceptorChain$ValidatingInvocation.proceed(InvocationInterceptorChain.java:131)
	at org.junit.jupiter.engine.extension.TimeoutInvocation.proceed(TimeoutInvocation.java:46)
	at org.junit.jupiter.engine.extension.TimeoutExtension.intercept(TimeoutExtension.java:149)
	at org.junit.jupiter.engine.extension.TimeoutExtension.interceptTestableMethod(TimeoutExtension.java:140)
	at org.junit.jupiter.engine.extension.TimeoutExtension.interceptTestMethod(TimeoutExtension.java:84)
	at org.junit.jupiter.engine.execution.ExecutableInvoker$ReflectiveInterceptorCall.lambda$ofVoidMethod$0(ExecutableInvoker.java:115)
	at org.junit.jupiter.engine.execution.ExecutableInvoker.lambda$invoke$0(ExecutableInvoker.java:105)
	at org.junit.jupiter.engine.execution.InvocationInterceptorChain$InterceptedInvocation.proceed(InvocationInterceptorChain.java:106)
	at org.junit.jupiter.engine.execution.InvocationInterceptorChain.proceed(InvocationInterceptorChain.java:64)
	at org.junit.jupiter.engine.execution.InvocationInterceptorChain.chainAndInvoke(InvocationInterceptorChain.java:45)
	at org.junit.jupiter.engine.execution.InvocationInterceptorChain.invoke(InvocationInterceptorChain.java:37)
	at org.junit.jupiter.engine.execution.ExecutableInvoker.invoke(ExecutableInvoker.java:104)
	at org.junit.jupiter.engine.execution.ExecutableInvoker.invoke(ExecutableInvoker.java:98)
	at org.junit.jupiter.engine.descriptor.TestMethodTestDescriptor.lambda$invokeTestMethod$7(TestMethodTestDescriptor.java:214)
	at org.junit.platform.engine.support.hierarchical.ThrowableCollector.execute(ThrowableCollector.java:73)
	at org.junit.jupiter.engine.descriptor.TestMethodTestDescriptor.invokeTestMethod(TestMethodTestDescriptor.java:210)
	at org.junit.jupiter.engine.descriptor.TestMethodTestDescriptor.execute(TestMethodTestDescriptor.java:135)
	at org.junit.jupiter.engine.descriptor.TestMethodTestDescriptor.execute(TestMethodTestDescriptor.java:66)
	at org.junit.platform.engine.support.hierarchical.NodeTestTask.lambda$executeRecursively$6(NodeTestTask.java:151)
	at org.junit.platform.engine.support.hierarchical.ThrowableCollector.execute(ThrowableCollector.java:73)
	at org.junit.platform.engine.support.hierarchical.NodeTestTask.lambda$executeRecursively$8(NodeTestTask.java:141)
	at org.junit.platform.engine.support.hierarchical.Node.around(Node.java:137)
	at org.junit.platform.engine.support.hierarchical.NodeTestTask.lambda$executeRecursively$9(NodeTestTask.java:139)
	at org.junit.platform.engine.support.hierarchical.ThrowableCollector.execute(ThrowableCollector.java:73)
	at org.junit.platform.engine.support.hierarchical.NodeTestTask.executeRecursively(NodeTestTask.java:138)
	at org.junit.platform.engine.support.hierarchical.NodeTestTask.execute(NodeTestTask.java:95)
	at java.util.ArrayList.forEach(ArrayList.java:1259)
	at org.junit.platform.engine.support.hierarchical.SameThreadHierarchicalTestExecutorService.invokeAll(SameThreadHierarchicalTestExecutorService.java:41)
	at org.junit.platform.engine.support.hierarchical.NodeTestTask.lambda$executeRecursively$6(NodeTestTask.java:155)
	at org.junit.platform.engine.support.hierarchical.ThrowableCollector.execute(ThrowableCollector.java:73)
	at org.junit.platform.engine.support.hierarchical.NodeTestTask.lambda$executeRecursively$8(NodeTestTask.java:141)
	at org.junit.platform.engine.support.hierarchical.Node.around(Node.java:137)
	at org.junit.platform.engine.support.hierarchical.NodeTestTask.lambda$executeRecursively$9(NodeTestTask.java:139)
	at org.junit.platform.engine.support.hierarchical.ThrowableCollector.execute(ThrowableCollector.java:73)
	at org.junit.platform.engine.support.hierarchical.NodeTestTask.executeRecursively(NodeTestTask.java:138)
	at org.junit.platform.engine.support.hierarchical.NodeTestTask.execute(NodeTestTask.java:95)
	at java.util.ArrayList.forEach(ArrayList.java:1259)
	at org.junit.platform.engine.support.hierarchical.SameThreadHierarchicalTestExecutorService.invokeAll(SameThreadHierarchicalTestExecutorService.java:41)
	at org.junit.platform.engine.support.hierarchical.NodeTestTask.lambda$executeRecursively$6(NodeTestTask.java:155)
	at org.junit.platform.engine.support.hierarchical.ThrowableCollector.execute(ThrowableCollector.java:73)
	at org.junit.platform.engine.support.hierarchical.NodeTestTask.lambda$executeRecursively$8(NodeTestTask.java:141)
	at org.junit.platform.engine.support.hierarchical.Node.around(Node.java:137)
	at org.junit.platform.engine.support.hierarchical.NodeTestTask.lambda$executeRecursively$9(NodeTestTask.java:139)
	at org.junit.platform.engine.support.hierarchical.ThrowableCollector.execute(ThrowableCollector.java:73)
	at org.junit.platform.engine.support.hierarchical.NodeTestTask.executeRecursively(NodeTestTask.java:138)
	at org.junit.platform.engine.support.hierarchical.NodeTestTask.execute(NodeTestTask.java:95)
	at org.junit.platform.engine.support.hierarchical.SameThreadHierarchicalTestExecutorService.submit(SameThreadHierarchicalTestExecutorService.java:35)
	at org.junit.platform.engine.support.hierarchical.HierarchicalTestExecutor.execute(HierarchicalTestExecutor.java:57)
	at org.junit.platform.engine.support.hierarchical.HierarchicalTestEngine.execute(HierarchicalTestEngine.java:54)
	at org.junit.platform.launcher.core.EngineExecutionOrchestrator.execute(EngineExecutionOrchestrator.java:107)
	at org.junit.platform.launcher.core.EngineExecutionOrchestrator.execute(EngineExecutionOrchestrator.java:88)
	at org.junit.platform.launcher.core.EngineExecutionOrchestrator.lambda$execute$0(EngineExecutionOrchestrator.java:54)
	at org.junit.platform.launcher.core.EngineExecutionOrchestrator.withInterceptedStreams(EngineExecutionOrchestrator.java:67)
	at org.junit.platform.launcher.core.EngineExecutionOrchestrator.execute(EngineExecutionOrchestrator.java:52)
	at org.junit.platform.launcher.core.DefaultLauncher.execute(DefaultLauncher.java:114)
	at org.junit.platform.launcher.core.DefaultLauncher.execute(DefaultLauncher.java:86)
	at org.junit.platform.launcher.core.DefaultLauncherSession$DelegatingLauncher.execute(DefaultLauncherSession.java:86)
	at org.junit.platform.launcher.core.SessionPerRequestLauncher.execute(SessionPerRequestLauncher.java:53)
	at org.apache.maven.surefire.junitplatform.JUnitPlatformProvider.execute(JUnitPlatformProvider.java:188)
	at org.apache.maven.surefire.junitplatform.JUnitPlatformProvider.invokeAllTests(JUnitPlatformProvider.java:154)
	at org.apache.maven.surefire.junitplatform.JUnitPlatformProvider.invoke(JUnitPlatformProvider.java:124)
	at org.apache.maven.surefire.booter.ForkedBooter.runSuitesInProcess(ForkedBooter.java:428)
	at org.apache.maven.surefire.booter.ForkedBooter.execute(ForkedBooter.java:162)
	at org.apache.maven.surefire.booter.ForkedBooter.run(ForkedBooter.java:562)
	at org.apache.maven.surefire.booter.ForkedBooter.main(ForkedBooter.java:548)

]]></system-err>
  </testcase>
</testsuite>