<?xml version="1.0" encoding="UTF-8"?>
<testsuite xmlns:xsi="http://www.w3.org/2001/XMLSchema-instance" xsi:noNamespaceSchemaLocation="https://maven.apache.org/surefire/maven-surefire-plugin/xsd/surefire-test-report-3.0.xsd" version="3.0" name="org.apache.hadoop.ozone.client.rpc.TestWatchForCommit" time="30.63" tests="1" errors="0" skipped="0" failures="0">
  <properties>
    <property name="awt.toolkit" value="sun.awt.X11.XToolkit"/>
    <property name="file.encoding.pkg" value="sun.io"/>
    <property name="java.specification.version" value="1.8"/>
    <property name="sun.cpu.isalist" value=""/>
    <property name="sun.jnu.encoding" value="UTF-8"/>
    <property name="gradle.enterprise.listener.surefire.forkId" value="1"/>
    <property name="java.class.path" value="/home/runner/work/ozone/ozone/hadoop-ozone/integration-test/target/test-classes:/home/runner/work/ozone/ozone/hadoop-ozone/integration-test/target/classes:/home/runner/.m2/repository/org/apache/ozone/ozone-common/1.5.0-SNAPSHOT/ozone-common-1.5.0-SNAPSHOT.jar:/home/runner/.m2/repository/io/grpc/grpc-netty/1.58.0/grpc-netty-1.58.0.jar:/home/runner/.m2/repository/io/grpc/grpc-core/1.58.0/grpc-core-1.58.0.jar:/home/runner/.m2/repository/com/google/android/annotations/4.1.1.4/annotations-4.1.1.4.jar:/home/runner/.m2/repository/org/codehaus/mojo/animal-sniffer-annotations/1.23/animal-sniffer-annotations-1.23.jar:/home/runner/.m2/repository/io/grpc/grpc-context/1.58.0/grpc-context-1.58.0.jar:/home/runner/.m2/repository/io/grpc/grpc-util/1.58.0/grpc-util-1.58.0.jar:/home/runner/.m2/repository/com/google/errorprone/error_prone_annotations/2.2.0/error_prone_annotations-2.2.0.jar:/home/runner/.m2/repository/io/perfmark/perfmark-api/0.26.0/perfmark-api-0.26.0.jar:/home/runner/.m2/repository/io/netty/netty-codec-http2/4.1.100.Final/netty-codec-http2-4.1.100.Final.jar:/home/runner/.m2/repository/io/netty/netty-common/4.1.100.Final/netty-common-4.1.100.Final.jar:/home/runner/.m2/repository/io/netty/netty-buffer/4.1.100.Final/netty-buffer-4.1.100.Final.jar:/home/runner/.m2/repository/io/netty/netty-codec-http/4.1.100.Final/netty-codec-http-4.1.100.Final.jar:/home/runner/.m2/repository/io/netty/netty-handler-proxy/4.1.100.Final/netty-handler-proxy-4.1.100.Final.jar:/home/runner/.m2/repository/io/netty/netty-codec-socks/4.1.100.Final/netty-codec-socks-4.1.100.Final.jar:/home/runner/.m2/repository/io/netty/netty-tcnative-boringssl-static/2.0.61.Final/netty-tcnative-boringssl-static-2.0.61.Final.jar:/home/runner/.m2/repository/io/netty/netty-tcnative-classes/2.0.61.Final/netty-tcnative-classes-2.0.61.Final.jar:/home/runner/.m2/repository/io/netty/netty-tcnative-boringssl-static/2.0.61.Final/netty-tcnative-boringssl-static-2.0.61.Final-linux-x86_64.jar:/home/runner/.m2/repository/io/netty/netty-tcnative-boringssl-static/2.0.61.Final/netty-tcnative-boringssl-static-2.0.61.Final-linux-aarch_64.jar:/home/runner/.m2/repository/io/netty/netty-tcnative-boringssl-static/2.0.61.Final/netty-tcnative-boringssl-static-2.0.61.Final-osx-x86_64.jar:/home/runner/.m2/repository/io/netty/netty-tcnative-boringssl-static/2.0.61.Final/netty-tcnative-boringssl-static-2.0.61.Final-osx-aarch_64.jar:/home/runner/.m2/repository/io/netty/netty-tcnative-boringssl-static/2.0.61.Final/netty-tcnative-boringssl-static-2.0.61.Final-windows-x86_64.jar:/home/runner/.m2/repository/org/apache/commons/commons-compress/1.25.0/commons-compress-1.25.0.jar:/home/runner/.m2/repository/org/apache/ozone/hdds-common/1.5.0-SNAPSHOT/hdds-common-1.5.0-SNAPSHOT.jar:/home/runner/.m2/repository/org/apache/ozone/hdds-client/1.5.0-SNAPSHOT/hdds-client-1.5.0-SNAPSHOT.jar:/home/runner/.m2/repository/org/apache/ozone/ozone-interface-client/1.5.0-SNAPSHOT/ozone-interface-client-1.5.0-SNAPSHOT.jar:/home/runner/.m2/repository/org/apache/hadoop/hadoop-hdfs-client/3.3.6/hadoop-hdfs-client-3.3.6.jar:/home/runner/.m2/repository/com/squareup/okhttp3/okhttp/4.12.0/okhttp-4.12.0.jar:/home/runner/.m2/repository/com/squareup/okio/okio/3.6.0/okio-3.6.0.jar:/home/runner/.m2/repository/com/squareup/okio/okio-jvm/3.6.0/okio-jvm-3.6.0.jar:/home/runner/.m2/repository/org/jetbrains/kotlin/kotlin-stdlib-jdk8/1.9.22/kotlin-stdlib-jdk8-1.9.22.jar:/home/runner/.m2/repository/org/jetbrains/kotlin/kotlin-stdlib-jdk7/1.9.22/kotlin-stdlib-jdk7-1.9.22.jar:/home/runner/.m2/repository/org/jetbrains/kotlin/kotlin-stdlib-common/1.9.22/kotlin-stdlib-common-1.9.22.jar:/home/runner/.m2/repository/org/apache/ozone/hdds-test-utils/1.5.0-SNAPSHOT/hdds-test-utils-1.5.0-SNAPSHOT.jar:/home/runner/.m2/repository/com/google/guava/guava/32.0.0-jre/guava-32.0.0-jre.jar:/home/runner/.m2/repository/com/google/guava/failureaccess/1.0.1/failureaccess-1.0.1.jar:/home/runner/.m2/repository/com/google/guava/listenablefuture/9999.0-empty-to-avoid-conflict-with-guava/listenablefuture-9999.0-empty-to-avoid-conflict-with-guava.jar:/home/runner/.m2/repository/com/google/code/findbugs/jsr305/3.0.0/jsr305-3.0.0.jar:/home/runner/.m2/repository/org/checkerframework/checker-qual/3.33.0/checker-qual-3.33.0.jar:/home/runner/.m2/repository/com/google/j2objc/j2objc-annotations/2.8/j2objc-annotations-2.8.jar:/home/runner/.m2/repository/commons-io/commons-io/2.11.0/commons-io-2.11.0.jar:/home/runner/.m2/repository/commons-logging/commons-logging/1.2/commons-logging-1.2.jar:/home/runner/.m2/repository/org/junit/jupiter/junit-jupiter-api/5.10.1/junit-jupiter-api-5.10.1.jar:/home/runner/.m2/repository/org/opentest4j/opentest4j/1.3.0/opentest4j-1.3.0.jar:/home/runner/.m2/repository/org/junit/platform/junit-platform-commons/1.10.1/junit-platform-commons-1.10.1.jar:/home/runner/.m2/repository/ch/qos/reload4j/reload4j/1.2.25/reload4j-1.2.25.jar:/home/runner/.m2/repository/org/slf4j/slf4j-api/2.0.10/slf4j-api-2.0.10.jar:/home/runner/.m2/repository/org/apache/logging/log4j/log4j-api/2.17.1/log4j-api-2.17.1.jar:/home/runner/.m2/repository/org/apache/ozone/hdds-server-scm/1.5.0-SNAPSHOT/hdds-server-scm-1.5.0-SNAPSHOT.jar:/home/runner/.m2/repository/com/google/protobuf/protobuf-java/2.5.0/protobuf-java-2.5.0.jar:/home/runner/.m2/repository/org/apache/ozone/hdds-container-service/1.5.0-SNAPSHOT/hdds-container-service-1.5.0-SNAPSHOT.jar:/home/runner/.m2/repository/org/apache/ozone/hdds-hadoop-dependency-server/1.5.0-SNAPSHOT/hdds-hadoop-dependency-server-1.5.0-SNAPSHOT.jar:/home/runner/.m2/repository/org/apache/hadoop/hadoop-hdfs/3.3.6/hadoop-hdfs-3.3.6.jar:/home/runner/.m2/repository/commons-daemon/commons-daemon/1.0.13/commons-daemon-1.0.13.jar:/home/runner/.m2/repository/org/apache/ozone/hdds-server-framework/1.5.0-SNAPSHOT/hdds-server-framework-1.5.0-SNAPSHOT.jar:/home/runner/.m2/repository/org/bouncycastle/bcprov-jdk15on/1.67/bcprov-jdk15on-1.67.jar:/home/runner/.m2/repository/io/dropwizard/metrics/metrics-core/3.2.4/metrics-core-3.2.4.jar:/home/runner/.m2/repository/org/apache/commons/commons-text/1.10.0/commons-text-1.10.0.jar:/home/runner/.m2/repository/org/apache/ozone/hdds-server-framework/1.5.0-SNAPSHOT/hdds-server-framework-1.5.0-SNAPSHOT-tests.jar:/home/runner/.m2/repository/org/apache/ozone/hdds-interface-server/1.5.0-SNAPSHOT/hdds-interface-server-1.5.0-SNAPSHOT.jar:/home/runner/.m2/repository/org/apache/ozone/hdds-interface-admin/1.5.0-SNAPSHOT/hdds-interface-admin-1.5.0-SNAPSHOT.jar:/home/runner/.m2/repository/org/apache/ozone/hdds-managed-rocksdb/1.5.0-SNAPSHOT/hdds-managed-rocksdb-1.5.0-SNAPSHOT.jar:/home/runner/.m2/repository/org/rocksdb/rocksdbjni/7.7.3/rocksdbjni-7.7.3.jar:/home/runner/.m2/repository/org/slf4j/slf4j-reload4j/2.0.10/slf4j-reload4j-2.0.10.jar:/home/runner/.m2/repository/org/apache/commons/commons-configuration2/2.1.1/commons-configuration2-2.1.1.jar:/home/runner/.m2/repository/commons-fileupload/commons-fileupload/1.5/commons-fileupload-1.5.jar:/home/runner/.m2/repository/org/apache/logging/log4j/log4j-core/2.17.1/log4j-core-2.17.1.jar:/home/runner/.m2/repository/com/lmax/disruptor/3.4.2/disruptor-3.4.2.jar:/home/runner/.m2/repository/org/eclipse/jetty/jetty-util/9.4.53.v20231009/jetty-util-9.4.53.v20231009.jar:/home/runner/.m2/repository/org/eclipse/jetty/jetty-server/9.4.53.v20231009/jetty-server-9.4.53.v20231009.jar:/home/runner/.m2/repository/org/eclipse/jetty/jetty-http/9.4.53.v20231009/jetty-http-9.4.53.v20231009.jar:/home/runner/.m2/repository/org/eclipse/jetty/jetty-io/9.4.53.v20231009/jetty-io-9.4.53.v20231009.jar:/home/runner/.m2/repository/org/eclipse/jetty/jetty-servlet/9.4.53.v20231009/jetty-servlet-9.4.53.v20231009.jar:/home/runner/.m2/repository/org/eclipse/jetty/jetty-security/9.4.53.v20231009/jetty-security-9.4.53.v20231009.jar:/home/runner/.m2/repository/org/eclipse/jetty/jetty-util-ajax/9.4.53.v20231009/jetty-util-ajax-9.4.53.v20231009.jar:/home/runner/.m2/repository/org/eclipse/jetty/jetty-webapp/9.4.53.v20231009/jetty-webapp-9.4.53.v20231009.jar:/home/runner/.m2/repository/org/eclipse/jetty/jetty-xml/9.4.53.v20231009/jetty-xml-9.4.53.v20231009.jar:/home/runner/.m2/repository/org/apache/ratis/ratis-server/3.0.0/ratis-server-3.0.0.jar:/home/runner/.m2/repository/org/apache/ratis/ratis-thirdparty-misc/1.0.5/ratis-thirdparty-misc-1.0.5.jar:/home/runner/.m2/repository/org/apache/ratis/ratis-proto/3.0.0/ratis-proto-3.0.0.jar:/home/runner/.m2/repository/org/apache/ratis/ratis-common/3.0.0/ratis-common-3.0.0.jar:/home/runner/.m2/repository/org/apache/ratis/ratis-client/3.0.0/ratis-client-3.0.0.jar:/home/runner/.m2/repository/org/apache/ratis/ratis-server-api/3.0.0/ratis-server-api-3.0.0.jar:/home/runner/.m2/repository/org/apache/ratis/ratis-metrics-api/3.0.0/ratis-metrics-api-3.0.0.jar:/home/runner/.m2/repository/org/apache/ratis/ratis-metrics-dropwizard3/3.0.0/ratis-metrics-dropwizard3-3.0.0.jar:/home/runner/.m2/repository/io/prometheus/simpleclient_dropwizard/0.16.0/simpleclient_dropwizard-0.16.0.jar:/home/runner/.m2/repository/io/prometheus/simpleclient/0.16.0/simpleclient-0.16.0.jar:/home/runner/.m2/repository/io/prometheus/simpleclient_common/0.16.0/simpleclient_common-0.16.0.jar:/home/runner/.m2/repository/com/fasterxml/jackson/datatype/jackson-datatype-jsr310/2.13.4/jackson-datatype-jsr310-2.13.4.jar:/home/runner/.m2/repository/com/fasterxml/jackson/core/jackson-core/2.13.4/jackson-core-2.13.4.jar:/home/runner/.m2/repository/org/apache/ozone/rocksdb-checkpoint-differ/1.5.0-SNAPSHOT/rocksdb-checkpoint-differ-1.5.0-SNAPSHOT.jar:/home/runner/.m2/repository/org/jgrapht/jgrapht-core/1.0.1/jgrapht-core-1.0.1.jar:/home/runner/.m2/repository/org/jgrapht/jgrapht-ext/1.0.1/jgrapht-ext-1.0.1.jar:/home/runner/.m2/repository/org/tinyjee/jgraphx/jgraphx/2.0.0.1/jgraphx-2.0.0.1.jar:/home/runner/.m2/repository/jgraph/jgraph/5.13.0.0/jgraph-5.13.0.0.jar:/home/runner/.m2/repository/org/antlr/antlr4-runtime/4.5.3/antlr4-runtime-4.5.3.jar:/home/runner/.m2/repository/org/apache/ozone/ozone-manager/1.5.0-SNAPSHOT/ozone-manager-1.5.0-SNAPSHOT.jar:/home/runner/.m2/repository/org/aspectj/aspectjrt/1.9.7/aspectjrt-1.9.7.jar:/home/runner/.m2/repository/org/aspectj/aspectjweaver/1.9.7/aspectjweaver-1.9.7.jar:/home/runner/.m2/repository/org/apache/ozone/hdds-interface-client/1.5.0-SNAPSHOT/hdds-interface-client-1.5.0-SNAPSHOT.jar:/home/runner/.m2/repository/org/apache/hadoop/thirdparty/hadoop-shaded-protobuf_3_7/1.1.1/hadoop-shaded-protobuf_3_7-1.1.1.jar:/home/runner/.m2/repository/org/apache/ozone/ozone-interface-storage/1.5.0-SNAPSHOT/ozone-interface-storage-1.5.0-SNAPSHOT.jar:/home/runner/.m2/repository/org/reflections/reflections/0.9.11/reflections-0.9.11.jar:/home/runner/.m2/repository/com/sun/jersey/jersey-client/1.19.4/jersey-client-1.19.4.jar:/home/runner/.m2/repository/org/codehaus/jackson/jackson-core-asl/1.9.13/jackson-core-asl-1.9.13.jar:/home/runner/.m2/repository/org/codehaus/jackson/jackson-mapper-asl/1.9.13/jackson-mapper-asl-1.9.13.jar:/home/runner/.m2/repository/org/codehaus/jackson/jackson-jaxrs/1.9.13/jackson-jaxrs-1.9.13.jar:/home/runner/.m2/repository/org/apache/ranger/ranger-intg/2.3.0/ranger-intg-2.3.0.jar:/home/runner/.m2/repository/org/apache/ranger/ranger-plugins-common/2.3.0/ranger-plugins-common-2.3.0.jar:/home/runner/.m2/repository/commons-lang/commons-lang/2.6/commons-lang-2.6.jar:/home/runner/.m2/repository/org/apache/ranger/ranger-plugins-cred/2.3.0/ranger-plugins-cred-2.3.0.jar:/home/runner/.m2/repository/org/apache/ranger/ranger-plugins-audit/2.3.0/ranger-plugins-audit-2.3.0.jar:/home/runner/.m2/repository/org/eclipse/jetty/jetty-client/9.4.53.v20231009/jetty-client-9.4.53.v20231009.jar:/home/runner/.m2/repository/org/apache/httpcomponents/httpmime/4.5.6/httpmime-4.5.6.jar:/home/runner/.m2/repository/org/apache/httpcomponents/httpcore-nio/4.4.16/httpcore-nio-4.4.16.jar:/home/runner/.m2/repository/org/apache/httpcomponents/httpasyncclient/4.1.3/httpasyncclient-4.1.3.jar:/home/runner/.m2/repository/com/carrotsearch/hppc/0.8.0/hppc-0.8.0.jar:/home/runner/.m2/repository/org/apache/orc/orc-core/1.5.8/orc-core-1.5.8.jar:/home/runner/.m2/repository/net/java/dev/jna/jna/5.2.0/jna-5.2.0.jar:/home/runner/.m2/repository/net/java/dev/jna/jna-platform/5.2.0/jna-platform-5.2.0.jar:/home/runner/.m2/repository/com/kstruct/gethostname4j/0.0.2/gethostname4j-0.0.2.jar:/home/runner/.m2/repository/org/apache/ranger/ranger-plugin-classloader/2.3.0/ranger-plugin-classloader-2.3.0.jar:/home/runner/.m2/repository/org/apache/ozone/hdds-rocks-native/1.5.0-SNAPSHOT/hdds-rocks-native-1.5.0-SNAPSHOT.jar:/home/runner/.m2/repository/org/apache/hadoop/hadoop-minikdc/3.3.6/hadoop-minikdc-3.3.6.jar:/home/runner/.m2/repository/org/apache/kerby/kerb-simplekdc/1.0.1/kerb-simplekdc-1.0.1.jar:/home/runner/.m2/repository/org/apache/kerby/kerb-client/1.0.1/kerb-client-1.0.1.jar:/home/runner/.m2/repository/org/apache/kerby/kerby-config/1.0.1/kerby-config-1.0.1.jar:/home/runner/.m2/repository/org/apache/kerby/kerb-common/1.0.1/kerb-common-1.0.1.jar:/home/runner/.m2/repository/org/apache/kerby/kerb-crypto/1.0.1/kerb-crypto-1.0.1.jar:/home/runner/.m2/repository/org/apache/kerby/kerb-util/1.0.1/kerb-util-1.0.1.jar:/home/runner/.m2/repository/org/apache/kerby/token-provider/1.0.1/token-provider-1.0.1.jar:/home/runner/.m2/repository/org/apache/kerby/kerb-admin/1.0.1/kerb-admin-1.0.1.jar:/home/runner/.m2/repository/org/apache/kerby/kerb-server/1.0.1/kerb-server-1.0.1.jar:/home/runner/.m2/repository/org/apache/kerby/kerb-identity/1.0.1/kerb-identity-1.0.1.jar:/home/runner/.m2/repository/org/apache/kerby/kerby-xdr/1.0.1/kerby-xdr-1.0.1.jar:/home/runner/.m2/repository/org/apache/ozone/ozone-s3gateway/1.5.0-SNAPSHOT/ozone-s3gateway-1.5.0-SNAPSHOT.jar:/home/runner/.m2/repository/org/javassist/javassist/3.21.0-GA/javassist-3.21.0-GA.jar:/home/runner/.m2/repository/org/jboss/weld/servlet/weld-servlet-shaded/3.1.9.Final/weld-servlet-shaded-3.1.9.Final.jar:/home/runner/.m2/repository/org/glassfish/jersey/containers/jersey-container-servlet-core/2.41/jersey-container-servlet-core-2.41.jar:/home/runner/.m2/repository/org/glassfish/hk2/external/jakarta.inject/2.6.1/jakarta.inject-2.6.1.jar:/home/runner/.m2/repository/org/glassfish/jersey/core/jersey-common/2.41/jersey-common-2.41.jar:/home/runner/.m2/repository/jakarta/ws/rs/jakarta.ws.rs-api/2.1.6/jakarta.ws.rs-api-2.1.6.jar:/home/runner/.m2/repository/org/glassfish/jersey/ext/cdi/jersey-cdi1x/2.41/jersey-cdi1x-2.41.jar:/home/runner/.m2/repository/org/glassfish/jersey/inject/jersey-hk2/2.41/jersey-hk2-2.41.jar:/home/runner/.m2/repository/org/glassfish/hk2/hk2-locator/2.6.1/hk2-locator-2.6.1.jar:/home/runner/.m2/repository/org/glassfish/jersey/media/jersey-media-jaxb/2.41/jersey-media-jaxb-2.41.jar:/home/runner/.m2/repository/org/glassfish/hk2/osgi-resource-locator/1.0.3/osgi-resource-locator-1.0.3.jar:/home/runner/.m2/repository/org/glassfish/hk2/hk2-api/2.5.0/hk2-api-2.5.0.jar:/home/runner/.m2/repository/org/glassfish/hk2/hk2-utils/2.5.0/hk2-utils-2.5.0.jar:/home/runner/.m2/repository/org/glassfish/hk2/external/aopalliance-repackaged/2.5.0/aopalliance-repackaged-2.5.0.jar:/home/runner/.m2/repository/com/fasterxml/jackson/dataformat/jackson-dataformat-xml/2.13.4/jackson-dataformat-xml-2.13.4.jar:/home/runner/.m2/repository/org/codehaus/woodstox/stax2-api/4.2.2/stax2-api-4.2.2.jar:/home/runner/.m2/repository/com/fasterxml/woodstox/woodstox-core/5.4.0/woodstox-core-5.4.0.jar:/home/runner/.m2/repository/com/fasterxml/jackson/module/jackson-module-jaxb-annotations/2.13.4/jackson-module-jaxb-annotations-2.13.4.jar:/home/runner/.m2/repository/javax/enterprise/cdi-api/2.0/cdi-api-2.0.jar:/home/runner/.m2/repository/javax/el/javax.el-api/3.0.0/javax.el-api-3.0.0.jar:/home/runner/.m2/repository/javax/interceptor/javax.interceptor-api/1.2/javax.interceptor-api-1.2.jar:/home/runner/.m2/repository/javax/inject/javax.inject/1/javax.inject-1.jar:/home/runner/.m2/repository/jakarta/xml/bind/jakarta.xml.bind-api/2.3.3/jakarta.xml.bind-api-2.3.3.jar:/home/runner/.m2/repository/org/glassfish/jaxb/jaxb-runtime/2.3.9/jaxb-runtime-2.3.9.jar:/home/runner/.m2/repository/org/glassfish/jaxb/txw2/2.3.9/txw2-2.3.9.jar:/home/runner/.m2/repository/com/sun/istack/istack-commons-runtime/3.0.12/istack-commons-runtime-3.0.12.jar:/home/runner/.m2/repository/com/sun/activation/jakarta.activation/1.2.2/jakarta.activation-1.2.2.jar:/home/runner/.m2/repository/jakarta/activation/jakarta.activation-api/1.2.2/jakarta.activation-api-1.2.2.jar:/home/runner/.m2/repository/io/grpc/grpc-protobuf/1.58.0/grpc-protobuf-1.58.0.jar:/home/runner/.m2/repository/com/google/api/grpc/proto-google-common-protos/2.22.0/proto-google-common-protos-2.22.0.jar:/home/runner/.m2/repository/io/grpc/grpc-protobuf-lite/1.58.0/grpc-protobuf-lite-1.58.0.jar:/home/runner/.m2/repository/io/grpc/grpc-stub/1.58.0/grpc-stub-1.58.0.jar:/home/runner/.m2/repository/io/netty/netty-transport/4.1.100.Final/netty-transport-4.1.100.Final.jar:/home/runner/.m2/repository/io/netty/netty-resolver/4.1.100.Final/netty-resolver-4.1.100.Final.jar:/home/runner/.m2/repository/org/apache/ozone/ozone-csi/1.5.0-SNAPSHOT/ozone-csi-1.5.0-SNAPSHOT.jar:/home/runner/.m2/repository/com/google/protobuf/protobuf-java-util/3.19.6/protobuf-java-util-3.19.6.jar:/home/runner/.m2/repository/com/google/code/gson/gson/2.9.0/gson-2.9.0.jar:/home/runner/.m2/repository/org/apache/ozone/hdds-config/1.5.0-SNAPSHOT/hdds-config-1.5.0-SNAPSHOT.jar:/home/runner/.m2/repository/io/netty/netty-transport-native-epoll/4.1.100.Final/netty-transport-native-epoll-4.1.100.Final-linux-x86_64.jar:/home/runner/.m2/repository/io/netty/netty-transport-classes-epoll/4.1.100.Final/netty-transport-classes-epoll-4.1.100.Final.jar:/home/runner/.m2/repository/io/netty/netty-transport-native-unix-common/4.1.100.Final/netty-transport-native-unix-common-4.1.100.Final.jar:/home/runner/.m2/repository/org/apache/ozone/ozone-recon/1.5.0-SNAPSHOT/ozone-recon-1.5.0-SNAPSHOT.jar:/home/runner/.m2/repository/org/apache/ozone/ozone-reconcodegen/1.5.0-SNAPSHOT/ozone-reconcodegen-1.5.0-SNAPSHOT.jar:/home/runner/.m2/repository/com/google/inject/guice/5.1.0/guice-5.1.0.jar:/home/runner/.m2/repository/aopalliance/aopalliance/1.0/aopalliance-1.0.jar:/home/runner/.m2/repository/com/google/inject/extensions/guice-assistedinject/5.1.0/guice-assistedinject-5.1.0.jar:/home/runner/.m2/repository/com/google/inject/extensions/guice-servlet/5.1.0/guice-servlet-5.1.0.jar:/home/runner/.m2/repository/org/glassfish/jersey/containers/jersey-container-servlet/2.41/jersey-container-servlet-2.41.jar:/home/runner/.m2/repository/org/glassfish/hk2/guice-bridge/2.5.0/guice-bridge-2.5.0.jar:/home/runner/.m2/repository/org/glassfish/jersey/core/jersey-server/2.41/jersey-server-2.41.jar:/home/runner/.m2/repository/org/glassfish/jersey/core/jersey-client/2.41/jersey-client-2.41.jar:/home/runner/.m2/repository/jakarta/annotation/jakarta.annotation-api/1.3.5/jakarta.annotation-api-1.3.5.jar:/home/runner/.m2/repository/jakarta/validation/jakarta.validation-api/2.0.2/jakarta.validation-api-2.0.2.jar:/home/runner/.m2/repository/org/glassfish/jersey/media/jersey-media-json-jackson/2.41/jersey-media-json-jackson-2.41.jar:/home/runner/.m2/repository/org/glassfish/jersey/ext/jersey-entity-filtering/2.41/jersey-entity-filtering-2.41.jar:/home/runner/.m2/repository/org/jooq/jooq/3.11.10/jooq-3.11.10.jar:/home/runner/.m2/repository/org/jooq/jooq-meta/3.11.10/jooq-meta-3.11.10.jar:/home/runner/.m2/repository/org/jooq/jooq-codegen/3.11.10/jooq-codegen-3.11.10.jar:/home/runner/.m2/repository/com/jolbox/bonecp/0.8.0.RELEASE/bonecp-0.8.0.RELEASE.jar:/home/runner/.m2/repository/org/apache/derby/derby/10.14.2.0/derby-10.14.2.0.jar:/home/runner/.m2/repository/org/xerial/sqlite-jdbc/3.44.1.0/sqlite-jdbc-3.44.1.0.jar:/home/runner/.m2/repository/org/springframework/spring-jdbc/5.3.27/spring-jdbc-5.3.27.jar:/home/runner/.m2/repository/org/springframework/spring-beans/5.3.27/spring-beans-5.3.27.jar:/home/runner/.m2/repository/org/springframework/spring-core/5.3.27/spring-core-5.3.27.jar:/home/runner/.m2/repository/org/springframework/spring-tx/5.3.27/spring-tx-5.3.27.jar:/home/runner/.m2/repository/org/apache/ozone/ozone-client/1.5.0-SNAPSHOT/ozone-client-1.5.0-SNAPSHOT.jar:/home/runner/.m2/repository/org/apache/ozone/hdds-erasurecode/1.5.0-SNAPSHOT/hdds-erasurecode-1.5.0-SNAPSHOT.jar:/home/runner/.m2/repository/org/apache/ozone/ozone-filesystem/1.5.0-SNAPSHOT/ozone-filesystem-1.5.0-SNAPSHOT.jar:/home/runner/.m2/repository/org/apache/ozone/ozone-filesystem-common/1.5.0-SNAPSHOT/ozone-filesystem-common-1.5.0-SNAPSHOT.jar:/home/runner/.m2/repository/org/apache/ozone/ozone-tools/1.5.0-SNAPSHOT/ozone-tools-1.5.0-SNAPSHOT.jar:/home/runner/.m2/repository/com/amazonaws/aws-java-sdk-core/1.12.261/aws-java-sdk-core-1.12.261.jar:/home/runner/.m2/repository/org/apache/httpcomponents/httpclient/4.5.13/httpclient-4.5.13.jar:/home/runner/.m2/repository/org/apache/httpcomponents/httpcore/4.4.16/httpcore-4.4.16.jar:/home/runner/.m2/repository/software/amazon/ion/ion-java/1.0.2/ion-java-1.0.2.jar:/home/runner/.m2/repository/com/fasterxml/jackson/dataformat/jackson-dataformat-cbor/2.13.4/jackson-dataformat-cbor-2.13.4.jar:/home/runner/.m2/repository/joda-time/joda-time/2.12.5/joda-time-2.12.5.jar:/home/runner/.m2/repository/com/amazonaws/aws-java-sdk-s3/1.12.261/aws-java-sdk-s3-1.12.261.jar:/home/runner/.m2/repository/com/amazonaws/aws-java-sdk-kms/1.12.261/aws-java-sdk-kms-1.12.261.jar:/home/runner/.m2/repository/com/amazonaws/jmespath-java/1.12.261/jmespath-java-1.12.261.jar:/home/runner/.m2/repository/org/kohsuke/metainf-services/metainf-services/1.8/metainf-services-1.8.jar:/home/runner/.m2/repository/org/apache/ozone/hdds-tools/1.5.0-SNAPSHOT/hdds-tools-1.5.0-SNAPSHOT.jar:/home/runner/.m2/repository/org/apache/ratis/ratis-tools/3.0.0/ratis-tools-3.0.0.jar:/home/runner/.m2/repository/commons-cli/commons-cli/1.6.0/commons-cli-1.6.0.jar:/home/runner/.m2/repository/org/apache/commons/commons-lang3/3.14.0/commons-lang3-3.14.0.jar:/home/runner/.m2/repository/org/apache/ozone/ozone-manager/1.5.0-SNAPSHOT/ozone-manager-1.5.0-SNAPSHOT-tests.jar:/home/runner/.m2/repository/org/apache/ozone/hdds-common/1.5.0-SNAPSHOT/hdds-common-1.5.0-SNAPSHOT-tests.jar:/home/runner/.m2/repository/org/apache/ozone/hdds-hadoop-dependency-client/1.5.0-SNAPSHOT/hdds-hadoop-dependency-client-1.5.0-SNAPSHOT.jar:/home/runner/.m2/repository/info/picocli/picocli/4.7.5/picocli-4.7.5.jar:/home/runner/.m2/repository/com/fasterxml/jackson/core/jackson-annotations/2.13.4/jackson-annotations-2.13.4.jar:/home/runner/.m2/repository/org/apache/ozone/hdds-annotation-processing/1.5.0-SNAPSHOT/hdds-annotation-processing-1.5.0-SNAPSHOT.jar:/home/runner/.m2/repository/javax/annotation/javax.annotation-api/1.3.2/javax.annotation-api-1.3.2.jar:/home/runner/.m2/repository/org/apache/ratis/ratis-netty/3.0.0/ratis-netty-3.0.0.jar:/home/runner/.m2/repository/org/apache/ratis/ratis-grpc/3.0.0/ratis-grpc-3.0.0.jar:/home/runner/.m2/repository/org/apache/commons/commons-pool2/2.6.0/commons-pool2-2.6.0.jar:/home/runner/.m2/repository/org/bouncycastle/bcpkix-jdk15on/1.67/bcpkix-jdk15on-1.67.jar:/home/runner/.m2/repository/commons-validator/commons-validator/1.6/commons-validator-1.6.jar:/home/runner/.m2/repository/commons-beanutils/commons-beanutils/1.9.4/commons-beanutils-1.9.4.jar:/home/runner/.m2/repository/commons-digester/commons-digester/1.8.1/commons-digester-1.8.1.jar:/home/runner/.m2/repository/commons-collections/commons-collections/3.2.2/commons-collections-3.2.2.jar:/home/runner/.m2/repository/io/jaegertracing/jaeger-client/1.6.0/jaeger-client-1.6.0.jar:/home/runner/.m2/repository/io/jaegertracing/jaeger-thrift/1.6.0/jaeger-thrift-1.6.0.jar:/home/runner/.m2/repository/org/apache/thrift/libthrift/0.14.1/libthrift-0.14.1.jar:/home/runner/.m2/repository/io/jaegertracing/jaeger-core/1.6.0/jaeger-core-1.6.0.jar:/home/runner/.m2/repository/io/jaegertracing/jaeger-tracerresolver/1.6.0/jaeger-tracerresolver-1.6.0.jar:/home/runner/.m2/repository/io/opentracing/contrib/opentracing-tracerresolver/0.1.8/opentracing-tracerresolver-0.1.8.jar:/home/runner/.m2/repository/org/jetbrains/kotlin/kotlin-stdlib/1.9.22/kotlin-stdlib-1.9.22.jar:/home/runner/.m2/repository/org/jetbrains/annotations/13.0/annotations-13.0.jar:/home/runner/.m2/repository/io/opentracing/opentracing-util/0.33.0/opentracing-util-0.33.0.jar:/home/runner/.m2/repository/io/opentracing/opentracing-api/0.33.0/opentracing-api-0.33.0.jar:/home/runner/.m2/repository/io/opentracing/opentracing-noop/0.33.0/opentracing-noop-0.33.0.jar:/home/runner/.m2/repository/org/yaml/snakeyaml/2.0/snakeyaml-2.0.jar:/home/runner/.m2/repository/io/grpc/grpc-api/1.58.0/grpc-api-1.58.0.jar:/home/runner/.m2/repository/junit/junit/4.13.1/junit-4.13.1.jar:/home/runner/.m2/repository/org/junit/jupiter/junit-jupiter-engine/5.10.1/junit-jupiter-engine-5.10.1.jar:/home/runner/.m2/repository/org/junit/platform/junit-platform-engine/1.10.1/junit-platform-engine-1.10.1.jar:/home/runner/.m2/repository/org/apiguardian/apiguardian-api/1.1.2/apiguardian-api-1.1.2.jar:/home/runner/.m2/repository/org/junit/vintage/junit-vintage-engine/5.10.1/junit-vintage-engine-5.10.1.jar:/home/runner/.m2/repository/org/junit/platform/junit-platform-launcher/1.10.1/junit-platform-launcher-1.10.1.jar:/home/runner/.m2/repository/org/apache/hadoop/hadoop-kms/3.3.6/hadoop-kms-3.3.6.jar:/home/runner/.m2/repository/org/apache/hadoop/hadoop-auth/3.3.6/hadoop-auth-3.3.6.jar:/home/runner/.m2/repository/com/nimbusds/nimbus-jose-jwt/9.8.1/nimbus-jose-jwt-9.8.1.jar:/home/runner/.m2/repository/com/github/stephenc/jcip/jcip-annotations/1.0-1/jcip-annotations-1.0-1.jar:/home/runner/.m2/repository/org/apache/zookeeper/zookeeper/3.7.2/zookeeper-3.7.2.jar:/home/runner/.m2/repository/org/apache/zookeeper/zookeeper-jute/3.7.2/zookeeper-jute-3.7.2.jar:/home/runner/.m2/repository/org/apache/yetus/audience-annotations/0.12.0/audience-annotations-0.12.0.jar:/home/runner/.m2/repository/org/apache/curator/curator-framework/4.2.0/curator-framework-4.2.0.jar:/home/runner/.m2/repository/org/apache/hadoop/thirdparty/hadoop-shaded-guava/1.1.1/hadoop-shaded-guava-1.1.1.jar:/home/runner/.m2/repository/com/sun/jersey/jersey-core/1.19.4/jersey-core-1.19.4.jar:/home/runner/.m2/repository/javax/ws/rs/jsr311-api/1.1.1/jsr311-api-1.1.1.jar:/home/runner/.m2/repository/com/sun/jersey/jersey-server/1.19.4/jersey-server-1.19.4.jar:/home/runner/.m2/repository/javax/servlet/javax.servlet-api/3.1.0/javax.servlet-api-3.1.0.jar:/home/runner/.m2/repository/org/apache/hadoop/hadoop-common/3.3.6/hadoop-common-3.3.6.jar:/home/runner/.m2/repository/org/apache/commons/commons-math3/3.1.1/commons-math3-3.1.1.jar:/home/runner/.m2/repository/commons-net/commons-net/3.10.0/commons-net-3.10.0.jar:/home/runner/.m2/repository/com/sun/jersey/jersey-servlet/1.19.4/jersey-servlet-1.19.4.jar:/home/runner/.m2/repository/com/github/pjfanning/jersey-json/1.20/jersey-json-1.20.jar:/home/runner/.m2/repository/org/codehaus/jettison/jettison/1.1/jettison-1.1.jar:/home/runner/.m2/repository/com/sun/xml/bind/jaxb-impl/2.2.3-1/jaxb-impl-2.2.3-1.jar:/home/runner/.m2/repository/com/google/re2j/re2j/1.1/re2j-1.1.jar:/home/runner/.m2/repository/com/jcraft/jsch/0.1.54/jsch-0.1.54.jar:/home/runner/.m2/repository/org/apache/curator/curator-client/4.2.0/curator-client-4.2.0.jar:/home/runner/.m2/repository/org/apache/curator/curator-recipes/5.2.0/curator-recipes-5.2.0.jar:/home/runner/.m2/repository/org/apache/kerby/kerb-core/1.0.1/kerb-core-1.0.1.jar:/home/runner/.m2/repository/org/apache/kerby/kerby-pkix/1.0.1/kerby-pkix-1.0.1.jar:/home/runner/.m2/repository/org/apache/kerby/kerby-asn1/1.0.1/kerby-asn1-1.0.1.jar:/home/runner/.m2/repository/org/apache/kerby/kerby-util/1.0.1/kerby-util-1.0.1.jar:/home/runner/.m2/repository/dnsjava/dnsjava/2.1.7/dnsjava-2.1.7.jar:/home/runner/.m2/repository/org/xerial/snappy/snappy-java/1.1.8.2/snappy-java-1.1.8.2.jar:/home/runner/.m2/repository/com/fasterxml/jackson/core/jackson-databind/2.13.4.2/jackson-databind-2.13.4.2.jar:/home/runner/.m2/repository/org/apache/hadoop/hadoop-kms/3.3.6/hadoop-kms-3.3.6-tests.jar:/home/runner/.m2/repository/org/apache/ozone/hdds-server-scm/1.5.0-SNAPSHOT/hdds-server-scm-1.5.0-SNAPSHOT-tests.jar:/home/runner/.m2/repository/org/apache/ozone/hdds-container-service/1.5.0-SNAPSHOT/hdds-container-service-1.5.0-SNAPSHOT-tests.jar:/home/runner/.m2/repository/com/github/luben/zstd-jni/1.5.2-5/zstd-jni-1.5.2-5.jar:/home/runner/.m2/repository/commons-codec/commons-codec/1.15/commons-codec-1.15.jar:/home/runner/.m2/repository/io/netty/netty-codec/4.1.100.Final/netty-codec-4.1.100.Final.jar:/home/runner/.m2/repository/io/netty/netty-handler/4.1.100.Final/netty-handler-4.1.100.Final.jar:/home/runner/.m2/repository/org/apache/ozone/hdds-hadoop-dependency-test/1.5.0-SNAPSHOT/hdds-hadoop-dependency-test-1.5.0-SNAPSHOT.jar:/home/runner/.m2/repository/org/apache/hadoop/hadoop-common/3.3.6/hadoop-common-3.3.6-tests.jar:/home/runner/.m2/repository/org/apache/hadoop/hadoop-hdfs/3.3.6/hadoop-hdfs-3.3.6-tests.jar:/home/runner/.m2/repository/org/assertj/assertj-core/3.12.2/assertj-core-3.12.2.jar:/home/runner/.m2/repository/org/junit/jupiter/junit-jupiter-params/5.10.1/junit-jupiter-params-5.10.1.jar:/home/runner/.m2/repository/org/mockito/mockito-core/3.5.9/mockito-core-3.5.9.jar:/home/runner/.m2/repository/net/bytebuddy/byte-buddy/1.10.13/byte-buddy-1.10.13.jar:/home/runner/.m2/repository/net/bytebuddy/byte-buddy-agent/1.10.13/byte-buddy-agent-1.10.13.jar:/home/runner/.m2/repository/org/objenesis/objenesis/1.0/objenesis-1.0.jar:/home/runner/.m2/repository/org/mockito/mockito-junit-jupiter/3.5.9/mockito-junit-jupiter-3.5.9.jar:/home/runner/.m2/repository/org/apache/hadoop/hadoop-distcp/3.3.6/hadoop-distcp-3.3.6.jar:/home/runner/.m2/repository/org/apache/hadoop/hadoop-mapreduce-client-jobclient/3.3.6/hadoop-mapreduce-client-jobclient-3.3.6.jar:/home/runner/.m2/repository/org/apache/hadoop/hadoop-mapreduce-client-common/3.3.6/hadoop-mapreduce-client-common-3.3.6.jar:/home/runner/.m2/repository/org/apache/hadoop/hadoop-yarn-common/3.3.6/hadoop-yarn-common-3.3.6.jar:/home/runner/.m2/repository/org/apache/hadoop/hadoop-yarn-api/3.3.6/hadoop-yarn-api-3.3.6.jar:/home/runner/.m2/repository/javax/xml/bind/jaxb-api/2.2.11/jaxb-api-2.2.11.jar:/home/runner/.m2/repository/com/sun/jersey/contribs/jersey-guice/1.19.4/jersey-guice-1.19.4.jar:/home/runner/.m2/repository/com/fasterxml/jackson/jaxrs/jackson-jaxrs-json-provider/2.13.4/jackson-jaxrs-json-provider-2.13.4.jar:/home/runner/.m2/repository/com/fasterxml/jackson/jaxrs/jackson-jaxrs-base/2.13.4/jackson-jaxrs-base-2.13.4.jar:/home/runner/.m2/repository/org/apache/hadoop/hadoop-yarn-client/3.3.6/hadoop-yarn-client-3.3.6.jar:/home/runner/.m2/repository/org/eclipse/jetty/websocket/websocket-client/9.4.51.v20230217/websocket-client-9.4.51.v20230217.jar:/home/runner/.m2/repository/org/eclipse/jetty/websocket/websocket-common/9.4.51.v20230217/websocket-common-9.4.51.v20230217.jar:/home/runner/.m2/repository/org/eclipse/jetty/websocket/websocket-api/9.4.51.v20230217/websocket-api-9.4.51.v20230217.jar:/home/runner/.m2/repository/org/jline/jline/3.9.0/jline-3.9.0.jar:/home/runner/.m2/repository/org/apache/hadoop/hadoop-mapreduce-client-core/3.3.6/hadoop-mapreduce-client-core-3.3.6.jar:/home/runner/.m2/repository/org/apache/avro/avro/1.7.7/avro-1.7.7.jar:/home/runner/.m2/repository/com/thoughtworks/paranamer/paranamer/2.3/paranamer-2.3.jar:/home/runner/.m2/repository/org/apache/hadoop/hadoop-annotations/3.3.6/hadoop-annotations-3.3.6.jar:/usr/lib/jvm/temurin-8-jdk-amd64/jre/../lib/tools.jar:/home/runner/.m2/repository/io/netty/netty/3.10.6.Final/netty-3.10.6.Final.jar:/home/runner/.m2/repository/org/apache/hadoop/hadoop-distcp/3.3.6/hadoop-distcp-3.3.6-tests.jar:/home/runner/.m2/repository/org/slf4j/jul-to-slf4j/2.0.10/jul-to-slf4j-2.0.10.jar:/home/runner/.m2/repository/org/awaitility/awaitility/4.2.0/awaitility-4.2.0.jar:/home/runner/.m2/repository/org/hamcrest/hamcrest/2.1/hamcrest-2.1.jar:/home/runner/work/ozone/ozone/hadoop-ozone/integration-test/target/gradle-enterprise/test-listeners.jar:"/>
    <property name="java.vm.vendor" value="Temurin"/>
    <property name="sun.arch.data.model" value="64"/>
    <property name="test.build.dir" value="/home/runner/work/ozone/ozone/hadoop-ozone/integration-test/target/test-dir"/>
    <property name="test.cache.data" value=""/>
    <property name="java.vendor.url" value="https://adoptium.net/"/>
    <property name="user.timezone" value="Etc/UTC"/>
    <property name="os.name" value="Linux"/>
    <property name="java.vm.specification.version" value="1.8"/>
    <property name="test.build.data" value="/home/runner/work/ozone/ozone/hadoop-ozone/integration-test/target/test-dir"/>
    <property name="sun.java.launcher" value="SUN_STANDARD"/>
    <property name="sun.boot.library.path" value="/usr/lib/jvm/temurin-8-jdk-amd64/jre/lib/amd64"/>
    <property name="sun.java.command" value="/home/runner/work/ozone/ozone/hadoop-ozone/integration-test/target/surefire/surefirebooter-20240108221232115_95.jar /home/runner/work/ozone/ozone/hadoop-ozone/integration-test/target/surefire 2024-01-08T22-12-30_132-jvmRun1 surefire-20240108221232115_93tmp surefire_14-20240108221232115_94tmp"/>
    <property name="native.lib.tmp.dir" value="/tmp"/>
    <property name="surefire.test.class.path" value="/home/runner/work/ozone/ozone/hadoop-ozone/integration-test/target/test-classes:/home/runner/work/ozone/ozone/hadoop-ozone/integration-test/target/classes:/home/runner/.m2/repository/org/apache/ozone/ozone-common/1.5.0-SNAPSHOT/ozone-common-1.5.0-SNAPSHOT.jar:/home/runner/.m2/repository/io/grpc/grpc-netty/1.58.0/grpc-netty-1.58.0.jar:/home/runner/.m2/repository/io/grpc/grpc-core/1.58.0/grpc-core-1.58.0.jar:/home/runner/.m2/repository/com/google/android/annotations/4.1.1.4/annotations-4.1.1.4.jar:/home/runner/.m2/repository/org/codehaus/mojo/animal-sniffer-annotations/1.23/animal-sniffer-annotations-1.23.jar:/home/runner/.m2/repository/io/grpc/grpc-context/1.58.0/grpc-context-1.58.0.jar:/home/runner/.m2/repository/io/grpc/grpc-util/1.58.0/grpc-util-1.58.0.jar:/home/runner/.m2/repository/com/google/errorprone/error_prone_annotations/2.2.0/error_prone_annotations-2.2.0.jar:/home/runner/.m2/repository/io/perfmark/perfmark-api/0.26.0/perfmark-api-0.26.0.jar:/home/runner/.m2/repository/io/netty/netty-codec-http2/4.1.100.Final/netty-codec-http2-4.1.100.Final.jar:/home/runner/.m2/repository/io/netty/netty-common/4.1.100.Final/netty-common-4.1.100.Final.jar:/home/runner/.m2/repository/io/netty/netty-buffer/4.1.100.Final/netty-buffer-4.1.100.Final.jar:/home/runner/.m2/repository/io/netty/netty-codec-http/4.1.100.Final/netty-codec-http-4.1.100.Final.jar:/home/runner/.m2/repository/io/netty/netty-handler-proxy/4.1.100.Final/netty-handler-proxy-4.1.100.Final.jar:/home/runner/.m2/repository/io/netty/netty-codec-socks/4.1.100.Final/netty-codec-socks-4.1.100.Final.jar:/home/runner/.m2/repository/io/netty/netty-tcnative-boringssl-static/2.0.61.Final/netty-tcnative-boringssl-static-2.0.61.Final.jar:/home/runner/.m2/repository/io/netty/netty-tcnative-classes/2.0.61.Final/netty-tcnative-classes-2.0.61.Final.jar:/home/runner/.m2/repository/io/netty/netty-tcnative-boringssl-static/2.0.61.Final/netty-tcnative-boringssl-static-2.0.61.Final-linux-x86_64.jar:/home/runner/.m2/repository/io/netty/netty-tcnative-boringssl-static/2.0.61.Final/netty-tcnative-boringssl-static-2.0.61.Final-linux-aarch_64.jar:/home/runner/.m2/repository/io/netty/netty-tcnative-boringssl-static/2.0.61.Final/netty-tcnative-boringssl-static-2.0.61.Final-osx-x86_64.jar:/home/runner/.m2/repository/io/netty/netty-tcnative-boringssl-static/2.0.61.Final/netty-tcnative-boringssl-static-2.0.61.Final-osx-aarch_64.jar:/home/runner/.m2/repository/io/netty/netty-tcnative-boringssl-static/2.0.61.Final/netty-tcnative-boringssl-static-2.0.61.Final-windows-x86_64.jar:/home/runner/.m2/repository/org/apache/commons/commons-compress/1.25.0/commons-compress-1.25.0.jar:/home/runner/.m2/repository/org/apache/ozone/hdds-common/1.5.0-SNAPSHOT/hdds-common-1.5.0-SNAPSHOT.jar:/home/runner/.m2/repository/org/apache/ozone/hdds-client/1.5.0-SNAPSHOT/hdds-client-1.5.0-SNAPSHOT.jar:/home/runner/.m2/repository/org/apache/ozone/ozone-interface-client/1.5.0-SNAPSHOT/ozone-interface-client-1.5.0-SNAPSHOT.jar:/home/runner/.m2/repository/org/apache/hadoop/hadoop-hdfs-client/3.3.6/hadoop-hdfs-client-3.3.6.jar:/home/runner/.m2/repository/com/squareup/okhttp3/okhttp/4.12.0/okhttp-4.12.0.jar:/home/runner/.m2/repository/com/squareup/okio/okio/3.6.0/okio-3.6.0.jar:/home/runner/.m2/repository/com/squareup/okio/okio-jvm/3.6.0/okio-jvm-3.6.0.jar:/home/runner/.m2/repository/org/jetbrains/kotlin/kotlin-stdlib-jdk8/1.9.22/kotlin-stdlib-jdk8-1.9.22.jar:/home/runner/.m2/repository/org/jetbrains/kotlin/kotlin-stdlib-jdk7/1.9.22/kotlin-stdlib-jdk7-1.9.22.jar:/home/runner/.m2/repository/org/jetbrains/kotlin/kotlin-stdlib-common/1.9.22/kotlin-stdlib-common-1.9.22.jar:/home/runner/.m2/repository/org/apache/ozone/hdds-test-utils/1.5.0-SNAPSHOT/hdds-test-utils-1.5.0-SNAPSHOT.jar:/home/runner/.m2/repository/com/google/guava/guava/32.0.0-jre/guava-32.0.0-jre.jar:/home/runner/.m2/repository/com/google/guava/failureaccess/1.0.1/failureaccess-1.0.1.jar:/home/runner/.m2/repository/com/google/guava/listenablefuture/9999.0-empty-to-avoid-conflict-with-guava/listenablefuture-9999.0-empty-to-avoid-conflict-with-guava.jar:/home/runner/.m2/repository/com/google/code/findbugs/jsr305/3.0.0/jsr305-3.0.0.jar:/home/runner/.m2/repository/org/checkerframework/checker-qual/3.33.0/checker-qual-3.33.0.jar:/home/runner/.m2/repository/com/google/j2objc/j2objc-annotations/2.8/j2objc-annotations-2.8.jar:/home/runner/.m2/repository/commons-io/commons-io/2.11.0/commons-io-2.11.0.jar:/home/runner/.m2/repository/commons-logging/commons-logging/1.2/commons-logging-1.2.jar:/home/runner/.m2/repository/org/junit/jupiter/junit-jupiter-api/5.10.1/junit-jupiter-api-5.10.1.jar:/home/runner/.m2/repository/org/opentest4j/opentest4j/1.3.0/opentest4j-1.3.0.jar:/home/runner/.m2/repository/org/junit/platform/junit-platform-commons/1.10.1/junit-platform-commons-1.10.1.jar:/home/runner/.m2/repository/ch/qos/reload4j/reload4j/1.2.25/reload4j-1.2.25.jar:/home/runner/.m2/repository/org/slf4j/slf4j-api/2.0.10/slf4j-api-2.0.10.jar:/home/runner/.m2/repository/org/apache/logging/log4j/log4j-api/2.17.1/log4j-api-2.17.1.jar:/home/runner/.m2/repository/org/apache/ozone/hdds-server-scm/1.5.0-SNAPSHOT/hdds-server-scm-1.5.0-SNAPSHOT.jar:/home/runner/.m2/repository/com/google/protobuf/protobuf-java/2.5.0/protobuf-java-2.5.0.jar:/home/runner/.m2/repository/org/apache/ozone/hdds-container-service/1.5.0-SNAPSHOT/hdds-container-service-1.5.0-SNAPSHOT.jar:/home/runner/.m2/repository/org/apache/ozone/hdds-hadoop-dependency-server/1.5.0-SNAPSHOT/hdds-hadoop-dependency-server-1.5.0-SNAPSHOT.jar:/home/runner/.m2/repository/org/apache/hadoop/hadoop-hdfs/3.3.6/hadoop-hdfs-3.3.6.jar:/home/runner/.m2/repository/commons-daemon/commons-daemon/1.0.13/commons-daemon-1.0.13.jar:/home/runner/.m2/repository/org/apache/ozone/hdds-server-framework/1.5.0-SNAPSHOT/hdds-server-framework-1.5.0-SNAPSHOT.jar:/home/runner/.m2/repository/org/bouncycastle/bcprov-jdk15on/1.67/bcprov-jdk15on-1.67.jar:/home/runner/.m2/repository/io/dropwizard/metrics/metrics-core/3.2.4/metrics-core-3.2.4.jar:/home/runner/.m2/repository/org/apache/commons/commons-text/1.10.0/commons-text-1.10.0.jar:/home/runner/.m2/repository/org/apache/ozone/hdds-server-framework/1.5.0-SNAPSHOT/hdds-server-framework-1.5.0-SNAPSHOT-tests.jar:/home/runner/.m2/repository/org/apache/ozone/hdds-interface-server/1.5.0-SNAPSHOT/hdds-interface-server-1.5.0-SNAPSHOT.jar:/home/runner/.m2/repository/org/apache/ozone/hdds-interface-admin/1.5.0-SNAPSHOT/hdds-interface-admin-1.5.0-SNAPSHOT.jar:/home/runner/.m2/repository/org/apache/ozone/hdds-managed-rocksdb/1.5.0-SNAPSHOT/hdds-managed-rocksdb-1.5.0-SNAPSHOT.jar:/home/runner/.m2/repository/org/rocksdb/rocksdbjni/7.7.3/rocksdbjni-7.7.3.jar:/home/runner/.m2/repository/org/slf4j/slf4j-reload4j/2.0.10/slf4j-reload4j-2.0.10.jar:/home/runner/.m2/repository/org/apache/commons/commons-configuration2/2.1.1/commons-configuration2-2.1.1.jar:/home/runner/.m2/repository/commons-fileupload/commons-fileupload/1.5/commons-fileupload-1.5.jar:/home/runner/.m2/repository/org/apache/logging/log4j/log4j-core/2.17.1/log4j-core-2.17.1.jar:/home/runner/.m2/repository/com/lmax/disruptor/3.4.2/disruptor-3.4.2.jar:/home/runner/.m2/repository/org/eclipse/jetty/jetty-util/9.4.53.v20231009/jetty-util-9.4.53.v20231009.jar:/home/runner/.m2/repository/org/eclipse/jetty/jetty-server/9.4.53.v20231009/jetty-server-9.4.53.v20231009.jar:/home/runner/.m2/repository/org/eclipse/jetty/jetty-http/9.4.53.v20231009/jetty-http-9.4.53.v20231009.jar:/home/runner/.m2/repository/org/eclipse/jetty/jetty-io/9.4.53.v20231009/jetty-io-9.4.53.v20231009.jar:/home/runner/.m2/repository/org/eclipse/jetty/jetty-servlet/9.4.53.v20231009/jetty-servlet-9.4.53.v20231009.jar:/home/runner/.m2/repository/org/eclipse/jetty/jetty-security/9.4.53.v20231009/jetty-security-9.4.53.v20231009.jar:/home/runner/.m2/repository/org/eclipse/jetty/jetty-util-ajax/9.4.53.v20231009/jetty-util-ajax-9.4.53.v20231009.jar:/home/runner/.m2/repository/org/eclipse/jetty/jetty-webapp/9.4.53.v20231009/jetty-webapp-9.4.53.v20231009.jar:/home/runner/.m2/repository/org/eclipse/jetty/jetty-xml/9.4.53.v20231009/jetty-xml-9.4.53.v20231009.jar:/home/runner/.m2/repository/org/apache/ratis/ratis-server/3.0.0/ratis-server-3.0.0.jar:/home/runner/.m2/repository/org/apache/ratis/ratis-thirdparty-misc/1.0.5/ratis-thirdparty-misc-1.0.5.jar:/home/runner/.m2/repository/org/apache/ratis/ratis-proto/3.0.0/ratis-proto-3.0.0.jar:/home/runner/.m2/repository/org/apache/ratis/ratis-common/3.0.0/ratis-common-3.0.0.jar:/home/runner/.m2/repository/org/apache/ratis/ratis-client/3.0.0/ratis-client-3.0.0.jar:/home/runner/.m2/repository/org/apache/ratis/ratis-server-api/3.0.0/ratis-server-api-3.0.0.jar:/home/runner/.m2/repository/org/apache/ratis/ratis-metrics-api/3.0.0/ratis-metrics-api-3.0.0.jar:/home/runner/.m2/repository/org/apache/ratis/ratis-metrics-dropwizard3/3.0.0/ratis-metrics-dropwizard3-3.0.0.jar:/home/runner/.m2/repository/io/prometheus/simpleclient_dropwizard/0.16.0/simpleclient_dropwizard-0.16.0.jar:/home/runner/.m2/repository/io/prometheus/simpleclient/0.16.0/simpleclient-0.16.0.jar:/home/runner/.m2/repository/io/prometheus/simpleclient_common/0.16.0/simpleclient_common-0.16.0.jar:/home/runner/.m2/repository/com/fasterxml/jackson/datatype/jackson-datatype-jsr310/2.13.4/jackson-datatype-jsr310-2.13.4.jar:/home/runner/.m2/repository/com/fasterxml/jackson/core/jackson-core/2.13.4/jackson-core-2.13.4.jar:/home/runner/.m2/repository/org/apache/ozone/rocksdb-checkpoint-differ/1.5.0-SNAPSHOT/rocksdb-checkpoint-differ-1.5.0-SNAPSHOT.jar:/home/runner/.m2/repository/org/jgrapht/jgrapht-core/1.0.1/jgrapht-core-1.0.1.jar:/home/runner/.m2/repository/org/jgrapht/jgrapht-ext/1.0.1/jgrapht-ext-1.0.1.jar:/home/runner/.m2/repository/org/tinyjee/jgraphx/jgraphx/2.0.0.1/jgraphx-2.0.0.1.jar:/home/runner/.m2/repository/jgraph/jgraph/5.13.0.0/jgraph-5.13.0.0.jar:/home/runner/.m2/repository/org/antlr/antlr4-runtime/4.5.3/antlr4-runtime-4.5.3.jar:/home/runner/.m2/repository/org/apache/ozone/ozone-manager/1.5.0-SNAPSHOT/ozone-manager-1.5.0-SNAPSHOT.jar:/home/runner/.m2/repository/org/aspectj/aspectjrt/1.9.7/aspectjrt-1.9.7.jar:/home/runner/.m2/repository/org/aspectj/aspectjweaver/1.9.7/aspectjweaver-1.9.7.jar:/home/runner/.m2/repository/org/apache/ozone/hdds-interface-client/1.5.0-SNAPSHOT/hdds-interface-client-1.5.0-SNAPSHOT.jar:/home/runner/.m2/repository/org/apache/hadoop/thirdparty/hadoop-shaded-protobuf_3_7/1.1.1/hadoop-shaded-protobuf_3_7-1.1.1.jar:/home/runner/.m2/repository/org/apache/ozone/ozone-interface-storage/1.5.0-SNAPSHOT/ozone-interface-storage-1.5.0-SNAPSHOT.jar:/home/runner/.m2/repository/org/reflections/reflections/0.9.11/reflections-0.9.11.jar:/home/runner/.m2/repository/com/sun/jersey/jersey-client/1.19.4/jersey-client-1.19.4.jar:/home/runner/.m2/repository/org/codehaus/jackson/jackson-core-asl/1.9.13/jackson-core-asl-1.9.13.jar:/home/runner/.m2/repository/org/codehaus/jackson/jackson-mapper-asl/1.9.13/jackson-mapper-asl-1.9.13.jar:/home/runner/.m2/repository/org/codehaus/jackson/jackson-jaxrs/1.9.13/jackson-jaxrs-1.9.13.jar:/home/runner/.m2/repository/org/apache/ranger/ranger-intg/2.3.0/ranger-intg-2.3.0.jar:/home/runner/.m2/repository/org/apache/ranger/ranger-plugins-common/2.3.0/ranger-plugins-common-2.3.0.jar:/home/runner/.m2/repository/commons-lang/commons-lang/2.6/commons-lang-2.6.jar:/home/runner/.m2/repository/org/apache/ranger/ranger-plugins-cred/2.3.0/ranger-plugins-cred-2.3.0.jar:/home/runner/.m2/repository/org/apache/ranger/ranger-plugins-audit/2.3.0/ranger-plugins-audit-2.3.0.jar:/home/runner/.m2/repository/org/eclipse/jetty/jetty-client/9.4.53.v20231009/jetty-client-9.4.53.v20231009.jar:/home/runner/.m2/repository/org/apache/httpcomponents/httpmime/4.5.6/httpmime-4.5.6.jar:/home/runner/.m2/repository/org/apache/httpcomponents/httpcore-nio/4.4.16/httpcore-nio-4.4.16.jar:/home/runner/.m2/repository/org/apache/httpcomponents/httpasyncclient/4.1.3/httpasyncclient-4.1.3.jar:/home/runner/.m2/repository/com/carrotsearch/hppc/0.8.0/hppc-0.8.0.jar:/home/runner/.m2/repository/org/apache/orc/orc-core/1.5.8/orc-core-1.5.8.jar:/home/runner/.m2/repository/net/java/dev/jna/jna/5.2.0/jna-5.2.0.jar:/home/runner/.m2/repository/net/java/dev/jna/jna-platform/5.2.0/jna-platform-5.2.0.jar:/home/runner/.m2/repository/com/kstruct/gethostname4j/0.0.2/gethostname4j-0.0.2.jar:/home/runner/.m2/repository/org/apache/ranger/ranger-plugin-classloader/2.3.0/ranger-plugin-classloader-2.3.0.jar:/home/runner/.m2/repository/org/apache/ozone/hdds-rocks-native/1.5.0-SNAPSHOT/hdds-rocks-native-1.5.0-SNAPSHOT.jar:/home/runner/.m2/repository/org/apache/hadoop/hadoop-minikdc/3.3.6/hadoop-minikdc-3.3.6.jar:/home/runner/.m2/repository/org/apache/kerby/kerb-simplekdc/1.0.1/kerb-simplekdc-1.0.1.jar:/home/runner/.m2/repository/org/apache/kerby/kerb-client/1.0.1/kerb-client-1.0.1.jar:/home/runner/.m2/repository/org/apache/kerby/kerby-config/1.0.1/kerby-config-1.0.1.jar:/home/runner/.m2/repository/org/apache/kerby/kerb-common/1.0.1/kerb-common-1.0.1.jar:/home/runner/.m2/repository/org/apache/kerby/kerb-crypto/1.0.1/kerb-crypto-1.0.1.jar:/home/runner/.m2/repository/org/apache/kerby/kerb-util/1.0.1/kerb-util-1.0.1.jar:/home/runner/.m2/repository/org/apache/kerby/token-provider/1.0.1/token-provider-1.0.1.jar:/home/runner/.m2/repository/org/apache/kerby/kerb-admin/1.0.1/kerb-admin-1.0.1.jar:/home/runner/.m2/repository/org/apache/kerby/kerb-server/1.0.1/kerb-server-1.0.1.jar:/home/runner/.m2/repository/org/apache/kerby/kerb-identity/1.0.1/kerb-identity-1.0.1.jar:/home/runner/.m2/repository/org/apache/kerby/kerby-xdr/1.0.1/kerby-xdr-1.0.1.jar:/home/runner/.m2/repository/org/apache/ozone/ozone-s3gateway/1.5.0-SNAPSHOT/ozone-s3gateway-1.5.0-SNAPSHOT.jar:/home/runner/.m2/repository/org/javassist/javassist/3.21.0-GA/javassist-3.21.0-GA.jar:/home/runner/.m2/repository/org/jboss/weld/servlet/weld-servlet-shaded/3.1.9.Final/weld-servlet-shaded-3.1.9.Final.jar:/home/runner/.m2/repository/org/glassfish/jersey/containers/jersey-container-servlet-core/2.41/jersey-container-servlet-core-2.41.jar:/home/runner/.m2/repository/org/glassfish/hk2/external/jakarta.inject/2.6.1/jakarta.inject-2.6.1.jar:/home/runner/.m2/repository/org/glassfish/jersey/core/jersey-common/2.41/jersey-common-2.41.jar:/home/runner/.m2/repository/jakarta/ws/rs/jakarta.ws.rs-api/2.1.6/jakarta.ws.rs-api-2.1.6.jar:/home/runner/.m2/repository/org/glassfish/jersey/ext/cdi/jersey-cdi1x/2.41/jersey-cdi1x-2.41.jar:/home/runner/.m2/repository/org/glassfish/jersey/inject/jersey-hk2/2.41/jersey-hk2-2.41.jar:/home/runner/.m2/repository/org/glassfish/hk2/hk2-locator/2.6.1/hk2-locator-2.6.1.jar:/home/runner/.m2/repository/org/glassfish/jersey/media/jersey-media-jaxb/2.41/jersey-media-jaxb-2.41.jar:/home/runner/.m2/repository/org/glassfish/hk2/osgi-resource-locator/1.0.3/osgi-resource-locator-1.0.3.jar:/home/runner/.m2/repository/org/glassfish/hk2/hk2-api/2.5.0/hk2-api-2.5.0.jar:/home/runner/.m2/repository/org/glassfish/hk2/hk2-utils/2.5.0/hk2-utils-2.5.0.jar:/home/runner/.m2/repository/org/glassfish/hk2/external/aopalliance-repackaged/2.5.0/aopalliance-repackaged-2.5.0.jar:/home/runner/.m2/repository/com/fasterxml/jackson/dataformat/jackson-dataformat-xml/2.13.4/jackson-dataformat-xml-2.13.4.jar:/home/runner/.m2/repository/org/codehaus/woodstox/stax2-api/4.2.2/stax2-api-4.2.2.jar:/home/runner/.m2/repository/com/fasterxml/woodstox/woodstox-core/5.4.0/woodstox-core-5.4.0.jar:/home/runner/.m2/repository/com/fasterxml/jackson/module/jackson-module-jaxb-annotations/2.13.4/jackson-module-jaxb-annotations-2.13.4.jar:/home/runner/.m2/repository/javax/enterprise/cdi-api/2.0/cdi-api-2.0.jar:/home/runner/.m2/repository/javax/el/javax.el-api/3.0.0/javax.el-api-3.0.0.jar:/home/runner/.m2/repository/javax/interceptor/javax.interceptor-api/1.2/javax.interceptor-api-1.2.jar:/home/runner/.m2/repository/javax/inject/javax.inject/1/javax.inject-1.jar:/home/runner/.m2/repository/jakarta/xml/bind/jakarta.xml.bind-api/2.3.3/jakarta.xml.bind-api-2.3.3.jar:/home/runner/.m2/repository/org/glassfish/jaxb/jaxb-runtime/2.3.9/jaxb-runtime-2.3.9.jar:/home/runner/.m2/repository/org/glassfish/jaxb/txw2/2.3.9/txw2-2.3.9.jar:/home/runner/.m2/repository/com/sun/istack/istack-commons-runtime/3.0.12/istack-commons-runtime-3.0.12.jar:/home/runner/.m2/repository/com/sun/activation/jakarta.activation/1.2.2/jakarta.activation-1.2.2.jar:/home/runner/.m2/repository/jakarta/activation/jakarta.activation-api/1.2.2/jakarta.activation-api-1.2.2.jar:/home/runner/.m2/repository/io/grpc/grpc-protobuf/1.58.0/grpc-protobuf-1.58.0.jar:/home/runner/.m2/repository/com/google/api/grpc/proto-google-common-protos/2.22.0/proto-google-common-protos-2.22.0.jar:/home/runner/.m2/repository/io/grpc/grpc-protobuf-lite/1.58.0/grpc-protobuf-lite-1.58.0.jar:/home/runner/.m2/repository/io/grpc/grpc-stub/1.58.0/grpc-stub-1.58.0.jar:/home/runner/.m2/repository/io/netty/netty-transport/4.1.100.Final/netty-transport-4.1.100.Final.jar:/home/runner/.m2/repository/io/netty/netty-resolver/4.1.100.Final/netty-resolver-4.1.100.Final.jar:/home/runner/.m2/repository/org/apache/ozone/ozone-csi/1.5.0-SNAPSHOT/ozone-csi-1.5.0-SNAPSHOT.jar:/home/runner/.m2/repository/com/google/protobuf/protobuf-java-util/3.19.6/protobuf-java-util-3.19.6.jar:/home/runner/.m2/repository/com/google/code/gson/gson/2.9.0/gson-2.9.0.jar:/home/runner/.m2/repository/org/apache/ozone/hdds-config/1.5.0-SNAPSHOT/hdds-config-1.5.0-SNAPSHOT.jar:/home/runner/.m2/repository/io/netty/netty-transport-native-epoll/4.1.100.Final/netty-transport-native-epoll-4.1.100.Final-linux-x86_64.jar:/home/runner/.m2/repository/io/netty/netty-transport-classes-epoll/4.1.100.Final/netty-transport-classes-epoll-4.1.100.Final.jar:/home/runner/.m2/repository/io/netty/netty-transport-native-unix-common/4.1.100.Final/netty-transport-native-unix-common-4.1.100.Final.jar:/home/runner/.m2/repository/org/apache/ozone/ozone-recon/1.5.0-SNAPSHOT/ozone-recon-1.5.0-SNAPSHOT.jar:/home/runner/.m2/repository/org/apache/ozone/ozone-reconcodegen/1.5.0-SNAPSHOT/ozone-reconcodegen-1.5.0-SNAPSHOT.jar:/home/runner/.m2/repository/com/google/inject/guice/5.1.0/guice-5.1.0.jar:/home/runner/.m2/repository/aopalliance/aopalliance/1.0/aopalliance-1.0.jar:/home/runner/.m2/repository/com/google/inject/extensions/guice-assistedinject/5.1.0/guice-assistedinject-5.1.0.jar:/home/runner/.m2/repository/com/google/inject/extensions/guice-servlet/5.1.0/guice-servlet-5.1.0.jar:/home/runner/.m2/repository/org/glassfish/jersey/containers/jersey-container-servlet/2.41/jersey-container-servlet-2.41.jar:/home/runner/.m2/repository/org/glassfish/hk2/guice-bridge/2.5.0/guice-bridge-2.5.0.jar:/home/runner/.m2/repository/org/glassfish/jersey/core/jersey-server/2.41/jersey-server-2.41.jar:/home/runner/.m2/repository/org/glassfish/jersey/core/jersey-client/2.41/jersey-client-2.41.jar:/home/runner/.m2/repository/jakarta/annotation/jakarta.annotation-api/1.3.5/jakarta.annotation-api-1.3.5.jar:/home/runner/.m2/repository/jakarta/validation/jakarta.validation-api/2.0.2/jakarta.validation-api-2.0.2.jar:/home/runner/.m2/repository/org/glassfish/jersey/media/jersey-media-json-jackson/2.41/jersey-media-json-jackson-2.41.jar:/home/runner/.m2/repository/org/glassfish/jersey/ext/jersey-entity-filtering/2.41/jersey-entity-filtering-2.41.jar:/home/runner/.m2/repository/org/jooq/jooq/3.11.10/jooq-3.11.10.jar:/home/runner/.m2/repository/org/jooq/jooq-meta/3.11.10/jooq-meta-3.11.10.jar:/home/runner/.m2/repository/org/jooq/jooq-codegen/3.11.10/jooq-codegen-3.11.10.jar:/home/runner/.m2/repository/com/jolbox/bonecp/0.8.0.RELEASE/bonecp-0.8.0.RELEASE.jar:/home/runner/.m2/repository/org/apache/derby/derby/10.14.2.0/derby-10.14.2.0.jar:/home/runner/.m2/repository/org/xerial/sqlite-jdbc/3.44.1.0/sqlite-jdbc-3.44.1.0.jar:/home/runner/.m2/repository/org/springframework/spring-jdbc/5.3.27/spring-jdbc-5.3.27.jar:/home/runner/.m2/repository/org/springframework/spring-beans/5.3.27/spring-beans-5.3.27.jar:/home/runner/.m2/repository/org/springframework/spring-core/5.3.27/spring-core-5.3.27.jar:/home/runner/.m2/repository/org/springframework/spring-tx/5.3.27/spring-tx-5.3.27.jar:/home/runner/.m2/repository/org/apache/ozone/ozone-client/1.5.0-SNAPSHOT/ozone-client-1.5.0-SNAPSHOT.jar:/home/runner/.m2/repository/org/apache/ozone/hdds-erasurecode/1.5.0-SNAPSHOT/hdds-erasurecode-1.5.0-SNAPSHOT.jar:/home/runner/.m2/repository/org/apache/ozone/ozone-filesystem/1.5.0-SNAPSHOT/ozone-filesystem-1.5.0-SNAPSHOT.jar:/home/runner/.m2/repository/org/apache/ozone/ozone-filesystem-common/1.5.0-SNAPSHOT/ozone-filesystem-common-1.5.0-SNAPSHOT.jar:/home/runner/.m2/repository/org/apache/ozone/ozone-tools/1.5.0-SNAPSHOT/ozone-tools-1.5.0-SNAPSHOT.jar:/home/runner/.m2/repository/com/amazonaws/aws-java-sdk-core/1.12.261/aws-java-sdk-core-1.12.261.jar:/home/runner/.m2/repository/org/apache/httpcomponents/httpclient/4.5.13/httpclient-4.5.13.jar:/home/runner/.m2/repository/org/apache/httpcomponents/httpcore/4.4.16/httpcore-4.4.16.jar:/home/runner/.m2/repository/software/amazon/ion/ion-java/1.0.2/ion-java-1.0.2.jar:/home/runner/.m2/repository/com/fasterxml/jackson/dataformat/jackson-dataformat-cbor/2.13.4/jackson-dataformat-cbor-2.13.4.jar:/home/runner/.m2/repository/joda-time/joda-time/2.12.5/joda-time-2.12.5.jar:/home/runner/.m2/repository/com/amazonaws/aws-java-sdk-s3/1.12.261/aws-java-sdk-s3-1.12.261.jar:/home/runner/.m2/repository/com/amazonaws/aws-java-sdk-kms/1.12.261/aws-java-sdk-kms-1.12.261.jar:/home/runner/.m2/repository/com/amazonaws/jmespath-java/1.12.261/jmespath-java-1.12.261.jar:/home/runner/.m2/repository/org/kohsuke/metainf-services/metainf-services/1.8/metainf-services-1.8.jar:/home/runner/.m2/repository/org/apache/ozone/hdds-tools/1.5.0-SNAPSHOT/hdds-tools-1.5.0-SNAPSHOT.jar:/home/runner/.m2/repository/org/apache/ratis/ratis-tools/3.0.0/ratis-tools-3.0.0.jar:/home/runner/.m2/repository/commons-cli/commons-cli/1.6.0/commons-cli-1.6.0.jar:/home/runner/.m2/repository/org/apache/commons/commons-lang3/3.14.0/commons-lang3-3.14.0.jar:/home/runner/.m2/repository/org/apache/ozone/ozone-manager/1.5.0-SNAPSHOT/ozone-manager-1.5.0-SNAPSHOT-tests.jar:/home/runner/.m2/repository/org/apache/ozone/hdds-common/1.5.0-SNAPSHOT/hdds-common-1.5.0-SNAPSHOT-tests.jar:/home/runner/.m2/repository/org/apache/ozone/hdds-hadoop-dependency-client/1.5.0-SNAPSHOT/hdds-hadoop-dependency-client-1.5.0-SNAPSHOT.jar:/home/runner/.m2/repository/info/picocli/picocli/4.7.5/picocli-4.7.5.jar:/home/runner/.m2/repository/com/fasterxml/jackson/core/jackson-annotations/2.13.4/jackson-annotations-2.13.4.jar:/home/runner/.m2/repository/org/apache/ozone/hdds-annotation-processing/1.5.0-SNAPSHOT/hdds-annotation-processing-1.5.0-SNAPSHOT.jar:/home/runner/.m2/repository/javax/annotation/javax.annotation-api/1.3.2/javax.annotation-api-1.3.2.jar:/home/runner/.m2/repository/org/apache/ratis/ratis-netty/3.0.0/ratis-netty-3.0.0.jar:/home/runner/.m2/repository/org/apache/ratis/ratis-grpc/3.0.0/ratis-grpc-3.0.0.jar:/home/runner/.m2/repository/org/apache/commons/commons-pool2/2.6.0/commons-pool2-2.6.0.jar:/home/runner/.m2/repository/org/bouncycastle/bcpkix-jdk15on/1.67/bcpkix-jdk15on-1.67.jar:/home/runner/.m2/repository/commons-validator/commons-validator/1.6/commons-validator-1.6.jar:/home/runner/.m2/repository/commons-beanutils/commons-beanutils/1.9.4/commons-beanutils-1.9.4.jar:/home/runner/.m2/repository/commons-digester/commons-digester/1.8.1/commons-digester-1.8.1.jar:/home/runner/.m2/repository/commons-collections/commons-collections/3.2.2/commons-collections-3.2.2.jar:/home/runner/.m2/repository/io/jaegertracing/jaeger-client/1.6.0/jaeger-client-1.6.0.jar:/home/runner/.m2/repository/io/jaegertracing/jaeger-thrift/1.6.0/jaeger-thrift-1.6.0.jar:/home/runner/.m2/repository/org/apache/thrift/libthrift/0.14.1/libthrift-0.14.1.jar:/home/runner/.m2/repository/io/jaegertracing/jaeger-core/1.6.0/jaeger-core-1.6.0.jar:/home/runner/.m2/repository/io/jaegertracing/jaeger-tracerresolver/1.6.0/jaeger-tracerresolver-1.6.0.jar:/home/runner/.m2/repository/io/opentracing/contrib/opentracing-tracerresolver/0.1.8/opentracing-tracerresolver-0.1.8.jar:/home/runner/.m2/repository/org/jetbrains/kotlin/kotlin-stdlib/1.9.22/kotlin-stdlib-1.9.22.jar:/home/runner/.m2/repository/org/jetbrains/annotations/13.0/annotations-13.0.jar:/home/runner/.m2/repository/io/opentracing/opentracing-util/0.33.0/opentracing-util-0.33.0.jar:/home/runner/.m2/repository/io/opentracing/opentracing-api/0.33.0/opentracing-api-0.33.0.jar:/home/runner/.m2/repository/io/opentracing/opentracing-noop/0.33.0/opentracing-noop-0.33.0.jar:/home/runner/.m2/repository/org/yaml/snakeyaml/2.0/snakeyaml-2.0.jar:/home/runner/.m2/repository/io/grpc/grpc-api/1.58.0/grpc-api-1.58.0.jar:/home/runner/.m2/repository/junit/junit/4.13.1/junit-4.13.1.jar:/home/runner/.m2/repository/org/junit/jupiter/junit-jupiter-engine/5.10.1/junit-jupiter-engine-5.10.1.jar:/home/runner/.m2/repository/org/junit/platform/junit-platform-engine/1.10.1/junit-platform-engine-1.10.1.jar:/home/runner/.m2/repository/org/apiguardian/apiguardian-api/1.1.2/apiguardian-api-1.1.2.jar:/home/runner/.m2/repository/org/junit/vintage/junit-vintage-engine/5.10.1/junit-vintage-engine-5.10.1.jar:/home/runner/.m2/repository/org/junit/platform/junit-platform-launcher/1.10.1/junit-platform-launcher-1.10.1.jar:/home/runner/.m2/repository/org/apache/hadoop/hadoop-kms/3.3.6/hadoop-kms-3.3.6.jar:/home/runner/.m2/repository/org/apache/hadoop/hadoop-auth/3.3.6/hadoop-auth-3.3.6.jar:/home/runner/.m2/repository/com/nimbusds/nimbus-jose-jwt/9.8.1/nimbus-jose-jwt-9.8.1.jar:/home/runner/.m2/repository/com/github/stephenc/jcip/jcip-annotations/1.0-1/jcip-annotations-1.0-1.jar:/home/runner/.m2/repository/org/apache/zookeeper/zookeeper/3.7.2/zookeeper-3.7.2.jar:/home/runner/.m2/repository/org/apache/zookeeper/zookeeper-jute/3.7.2/zookeeper-jute-3.7.2.jar:/home/runner/.m2/repository/org/apache/yetus/audience-annotations/0.12.0/audience-annotations-0.12.0.jar:/home/runner/.m2/repository/org/apache/curator/curator-framework/4.2.0/curator-framework-4.2.0.jar:/home/runner/.m2/repository/org/apache/hadoop/thirdparty/hadoop-shaded-guava/1.1.1/hadoop-shaded-guava-1.1.1.jar:/home/runner/.m2/repository/com/sun/jersey/jersey-core/1.19.4/jersey-core-1.19.4.jar:/home/runner/.m2/repository/javax/ws/rs/jsr311-api/1.1.1/jsr311-api-1.1.1.jar:/home/runner/.m2/repository/com/sun/jersey/jersey-server/1.19.4/jersey-server-1.19.4.jar:/home/runner/.m2/repository/javax/servlet/javax.servlet-api/3.1.0/javax.servlet-api-3.1.0.jar:/home/runner/.m2/repository/org/apache/hadoop/hadoop-common/3.3.6/hadoop-common-3.3.6.jar:/home/runner/.m2/repository/org/apache/commons/commons-math3/3.1.1/commons-math3-3.1.1.jar:/home/runner/.m2/repository/commons-net/commons-net/3.10.0/commons-net-3.10.0.jar:/home/runner/.m2/repository/com/sun/jersey/jersey-servlet/1.19.4/jersey-servlet-1.19.4.jar:/home/runner/.m2/repository/com/github/pjfanning/jersey-json/1.20/jersey-json-1.20.jar:/home/runner/.m2/repository/org/codehaus/jettison/jettison/1.1/jettison-1.1.jar:/home/runner/.m2/repository/com/sun/xml/bind/jaxb-impl/2.2.3-1/jaxb-impl-2.2.3-1.jar:/home/runner/.m2/repository/com/google/re2j/re2j/1.1/re2j-1.1.jar:/home/runner/.m2/repository/com/jcraft/jsch/0.1.54/jsch-0.1.54.jar:/home/runner/.m2/repository/org/apache/curator/curator-client/4.2.0/curator-client-4.2.0.jar:/home/runner/.m2/repository/org/apache/curator/curator-recipes/5.2.0/curator-recipes-5.2.0.jar:/home/runner/.m2/repository/org/apache/kerby/kerb-core/1.0.1/kerb-core-1.0.1.jar:/home/runner/.m2/repository/org/apache/kerby/kerby-pkix/1.0.1/kerby-pkix-1.0.1.jar:/home/runner/.m2/repository/org/apache/kerby/kerby-asn1/1.0.1/kerby-asn1-1.0.1.jar:/home/runner/.m2/repository/org/apache/kerby/kerby-util/1.0.1/kerby-util-1.0.1.jar:/home/runner/.m2/repository/dnsjava/dnsjava/2.1.7/dnsjava-2.1.7.jar:/home/runner/.m2/repository/org/xerial/snappy/snappy-java/1.1.8.2/snappy-java-1.1.8.2.jar:/home/runner/.m2/repository/com/fasterxml/jackson/core/jackson-databind/2.13.4.2/jackson-databind-2.13.4.2.jar:/home/runner/.m2/repository/org/apache/hadoop/hadoop-kms/3.3.6/hadoop-kms-3.3.6-tests.jar:/home/runner/.m2/repository/org/apache/ozone/hdds-server-scm/1.5.0-SNAPSHOT/hdds-server-scm-1.5.0-SNAPSHOT-tests.jar:/home/runner/.m2/repository/org/apache/ozone/hdds-container-service/1.5.0-SNAPSHOT/hdds-container-service-1.5.0-SNAPSHOT-tests.jar:/home/runner/.m2/repository/com/github/luben/zstd-jni/1.5.2-5/zstd-jni-1.5.2-5.jar:/home/runner/.m2/repository/commons-codec/commons-codec/1.15/commons-codec-1.15.jar:/home/runner/.m2/repository/io/netty/netty-codec/4.1.100.Final/netty-codec-4.1.100.Final.jar:/home/runner/.m2/repository/io/netty/netty-handler/4.1.100.Final/netty-handler-4.1.100.Final.jar:/home/runner/.m2/repository/org/apache/ozone/hdds-hadoop-dependency-test/1.5.0-SNAPSHOT/hdds-hadoop-dependency-test-1.5.0-SNAPSHOT.jar:/home/runner/.m2/repository/org/apache/hadoop/hadoop-common/3.3.6/hadoop-common-3.3.6-tests.jar:/home/runner/.m2/repository/org/apache/hadoop/hadoop-hdfs/3.3.6/hadoop-hdfs-3.3.6-tests.jar:/home/runner/.m2/repository/org/assertj/assertj-core/3.12.2/assertj-core-3.12.2.jar:/home/runner/.m2/repository/org/junit/jupiter/junit-jupiter-params/5.10.1/junit-jupiter-params-5.10.1.jar:/home/runner/.m2/repository/org/mockito/mockito-core/3.5.9/mockito-core-3.5.9.jar:/home/runner/.m2/repository/net/bytebuddy/byte-buddy/1.10.13/byte-buddy-1.10.13.jar:/home/runner/.m2/repository/net/bytebuddy/byte-buddy-agent/1.10.13/byte-buddy-agent-1.10.13.jar:/home/runner/.m2/repository/org/objenesis/objenesis/1.0/objenesis-1.0.jar:/home/runner/.m2/repository/org/mockito/mockito-junit-jupiter/3.5.9/mockito-junit-jupiter-3.5.9.jar:/home/runner/.m2/repository/org/apache/hadoop/hadoop-distcp/3.3.6/hadoop-distcp-3.3.6.jar:/home/runner/.m2/repository/org/apache/hadoop/hadoop-mapreduce-client-jobclient/3.3.6/hadoop-mapreduce-client-jobclient-3.3.6.jar:/home/runner/.m2/repository/org/apache/hadoop/hadoop-mapreduce-client-common/3.3.6/hadoop-mapreduce-client-common-3.3.6.jar:/home/runner/.m2/repository/org/apache/hadoop/hadoop-yarn-common/3.3.6/hadoop-yarn-common-3.3.6.jar:/home/runner/.m2/repository/org/apache/hadoop/hadoop-yarn-api/3.3.6/hadoop-yarn-api-3.3.6.jar:/home/runner/.m2/repository/javax/xml/bind/jaxb-api/2.2.11/jaxb-api-2.2.11.jar:/home/runner/.m2/repository/com/sun/jersey/contribs/jersey-guice/1.19.4/jersey-guice-1.19.4.jar:/home/runner/.m2/repository/com/fasterxml/jackson/jaxrs/jackson-jaxrs-json-provider/2.13.4/jackson-jaxrs-json-provider-2.13.4.jar:/home/runner/.m2/repository/com/fasterxml/jackson/jaxrs/jackson-jaxrs-base/2.13.4/jackson-jaxrs-base-2.13.4.jar:/home/runner/.m2/repository/org/apache/hadoop/hadoop-yarn-client/3.3.6/hadoop-yarn-client-3.3.6.jar:/home/runner/.m2/repository/org/eclipse/jetty/websocket/websocket-client/9.4.51.v20230217/websocket-client-9.4.51.v20230217.jar:/home/runner/.m2/repository/org/eclipse/jetty/websocket/websocket-common/9.4.51.v20230217/websocket-common-9.4.51.v20230217.jar:/home/runner/.m2/repository/org/eclipse/jetty/websocket/websocket-api/9.4.51.v20230217/websocket-api-9.4.51.v20230217.jar:/home/runner/.m2/repository/org/jline/jline/3.9.0/jline-3.9.0.jar:/home/runner/.m2/repository/org/apache/hadoop/hadoop-mapreduce-client-core/3.3.6/hadoop-mapreduce-client-core-3.3.6.jar:/home/runner/.m2/repository/org/apache/avro/avro/1.7.7/avro-1.7.7.jar:/home/runner/.m2/repository/com/thoughtworks/paranamer/paranamer/2.3/paranamer-2.3.jar:/home/runner/.m2/repository/org/apache/hadoop/hadoop-annotations/3.3.6/hadoop-annotations-3.3.6.jar:/usr/lib/jvm/temurin-8-jdk-amd64/jre/../lib/tools.jar:/home/runner/.m2/repository/io/netty/netty/3.10.6.Final/netty-3.10.6.Final.jar:/home/runner/.m2/repository/org/apache/hadoop/hadoop-distcp/3.3.6/hadoop-distcp-3.3.6-tests.jar:/home/runner/.m2/repository/org/slf4j/jul-to-slf4j/2.0.10/jul-to-slf4j-2.0.10.jar:/home/runner/.m2/repository/org/awaitility/awaitility/4.2.0/awaitility-4.2.0.jar:/home/runner/.m2/repository/org/hamcrest/hamcrest/2.1/hamcrest-2.1.jar:/home/runner/work/ozone/ozone/hadoop-ozone/integration-test/target/gradle-enterprise/test-listeners.jar:"/>
    <property name="sun.cpu.endian" value="little"/>
    <property name="user.home" value="/home/runner"/>
    <property name="user.language" value="en"/>
    <property name="java.specification.vendor" value="Oracle Corporation"/>
    <property name="java.home" value="/usr/lib/jvm/temurin-8-jdk-amd64/jre"/>
    <property name="java.security.krb5.conf" value="/home/runner/work/ozone/ozone/hadoop-ozone/integration-test/target/test-classes/krb5.conf"/>
    <property name="file.separator" value="/"/>
    <property name="basedir" value="/home/runner/work/ozone/ozone/hadoop-ozone/integration-test"/>
    <property name="line.separator" value="&#10;"/>
    <property name="java.vm.specification.vendor" value="Oracle Corporation"/>
    <property name="java.specification.name" value="Java Platform API Specification"/>
    <property name="skip.installnpx" value="true"/>
    <property name="java.awt.graphicsenv" value="sun.awt.X11GraphicsEnvironment"/>
    <property name="surefire.fork.timeout" value="3600"/>
    <property name="surefire.real.class.path" value="/home/runner/work/ozone/ozone/hadoop-ozone/integration-test/target/surefire/surefirebooter-20240108221232115_95.jar:/home/runner/.m2/repository/org/jacoco/org.jacoco.agent/0.8.5/org.jacoco.agent-0.8.5-runtime.jar"/>
    <property name="sun.boot.class.path" value="/usr/lib/jvm/temurin-8-jdk-amd64/jre/lib/resources.jar:/usr/lib/jvm/temurin-8-jdk-amd64/jre/lib/rt.jar:/usr/lib/jvm/temurin-8-jdk-amd64/jre/lib/sunrsasign.jar:/usr/lib/jvm/temurin-8-jdk-amd64/jre/lib/jsse.jar:/usr/lib/jvm/temurin-8-jdk-amd64/jre/lib/jce.jar:/usr/lib/jvm/temurin-8-jdk-amd64/jre/lib/charsets.jar:/usr/lib/jvm/temurin-8-jdk-amd64/jre/lib/jfr.jar:/usr/lib/jvm/temurin-8-jdk-amd64/jre/classes"/>
    <property name="hadoop.log.dir" value="/home/runner/work/ozone/ozone/hadoop-ozone/integration-test/target/log"/>
    <property name="sun.management.compiler" value="HotSpot 64-Bit Tiered Compilers"/>
    <property name="java.runtime.version" value="1.8.0_392-b08"/>
    <property name="skip.npx" value="true"/>
    <property name="user.name" value="runner"/>
    <property name="java.net.preferIPv4Stack" value="true"/>
    <property name="path.separator" value=":"/>
    <property name="java.security.egd" value="file:///dev/urandom"/>
    <property name="os.version" value="5.15.0-1053-azure"/>
    <property name="java.endorsed.dirs" value="/usr/lib/jvm/temurin-8-jdk-amd64/jre/lib/endorsed"/>
    <property name="java.runtime.name" value="OpenJDK Runtime Environment"/>
    <property name="com.gradle.maven.scan.extension.test.listener.junitplatform.NestedExecutionSafeDelegatingTestExecutionListener" value="9f1f075"/>
    <property name="file.encoding" value="UTF-8"/>
    <property name="java.vm.name" value="OpenJDK 64-Bit Server VM"/>
    <property name="test.build.webapps" value=""/>
    <property name="localRepository" value="/home/runner/.m2/repository"/>
    <property name="gradle.enterprise.listener.port" value="42193"/>
    <property name="jetty.git.hash" value="27bde00a0b95a1d5bbee0eae7984f891d2d0f8c9"/>
    <property name="java.vendor.url.bug" value="https://github.com/adoptium/adoptium-support/issues"/>
    <property name="require.test.libhadoop" value=""/>
    <property name="java.io.tmpdir" value="/tmp"/>
    <property name="java.version" value="1.8.0_392"/>
    <property name="surefire.rerunFailingTestsCount" value="5"/>
    <property name="user.dir" value="/home/runner/work/ozone/ozone/hadoop-ozone/integration-test"/>
    <property name="os.arch" value="amd64"/>
    <property name="test.build.classes" value="/home/runner/work/ozone/ozone/hadoop-ozone/integration-test/target/test-classes"/>
    <property name="java.vm.specification.name" value="Java Virtual Machine Specification"/>
    <property name="java.awt.printerjob" value="sun.print.PSPrinterJob"/>
    <property name="sun.os.patch.level" value="unknown"/>
    <property name="org.apache.ratis.thirdparty.io.netty.allocator.useCacheForAllThreads" value="false"/>
    <property name="hadoop.tmp.dir" value="/home/runner/work/ozone/ozone/hadoop-ozone/integration-test/target/tmp"/>
    <property name="java.library.path" value="/usr/java/packages/lib/amd64:/usr/lib64:/lib64:/lib:/usr/lib"/>
    <property name="java.vendor" value="Temurin"/>
    <property name="java.vm.info" value="mixed mode"/>
    <property name="java.vm.version" value="25.392-b08"/>
    <property name="java.specification.maintenance.version" value="5"/>
    <property name="sun.io.unicode.encoding" value="UnicodeLittle"/>
    <property name="java.ext.dirs" value="/usr/lib/jvm/temurin-8-jdk-amd64/jre/lib/ext:/usr/java/packages/lib/ext"/>
    <property name="java.class.version" value="52.0"/>
  </properties>
  <testcase name="testWatchForCommitWithKeyWrite" classname="org.apache.hadoop.ozone.client.rpc.TestWatchForCommit" time="43.266"/>
  <testcase name="testWatchForCommitForRetryfailure" classname="org.apache.hadoop.ozone.client.rpc.TestWatchForCommit" time="30.629">
    <flakyFailure message="expected: &lt;false&gt; but was: &lt;true&gt;" type="org.opentest4j.AssertionFailedError">
      <stackTrace><![CDATA[org.opentest4j.AssertionFailedError: expected: <false> but was: <true>
	at org.junit.jupiter.api.AssertionFailureBuilder.build(AssertionFailureBuilder.java:151)
	at org.junit.jupiter.api.AssertionFailureBuilder.buildAndThrow(AssertionFailureBuilder.java:132)
	at org.junit.jupiter.api.AssertFalse.failNotFalse(AssertFalse.java:63)
	at org.junit.jupiter.api.AssertFalse.assertFalse(AssertFalse.java:36)
	at org.junit.jupiter.api.AssertFalse.assertFalse(AssertFalse.java:31)
	at org.junit.jupiter.api.Assertions.assertFalse(Assertions.java:231)
	at org.apache.hadoop.ozone.client.rpc.TestWatchForCommit.testWatchForCommitForRetryfailure(TestWatchForCommit.java:293)
	at java.lang.reflect.Method.invoke(Method.java:498)
	at java.util.ArrayList.forEach(ArrayList.java:1259)
	at java.util.ArrayList.forEach(ArrayList.java:1259)
]]></stackTrace>
      <system-out><![CDATA[2024-01-08 22:35:56,902 [main] WARN  server.ServerUtils (ServerUtils.java:getScmDbDir(155)) - ozone.scm.db.dirs is not configured. We recommend adding this setting. Falling back to ozone.metadata.dirs instead.
2024-01-08 22:35:56,905 [main] WARN  server.ServerUtils (ServerUtils.java:getScmDbDir(155)) - ozone.scm.db.dirs is not configured. We recommend adding this setting. Falling back to ozone.metadata.dirs instead.
2024-01-08 22:35:56,905 [main] INFO  ha.SCMHANodeDetails (SCMHANodeDetails.java:loadSCMHAConfig(207)) - ServiceID for StorageContainerManager is null
2024-01-08 22:35:56,906 [main] INFO  ha.SCMHANodeDetails (SCMHANodeDetails.java:loadSCMHAConfig(212)) - ozone.scm.default.service.id is not defined, falling back to ozone.scm.service.ids to find serviceID for StorageContainerManager if it is HA enabled cluster
2024-01-08 22:35:56,906 [main] WARN  utils.HAUtils (HAUtils.java:getMetaDir(339)) - ozone.scm.db.dirs is not configured. We recommend adding this setting. Falling back to ozone.metadata.dirs instead.
2024-01-08 22:35:56,907 [main] WARN  db.DBStoreBuilder (DBStoreBuilder.java:applyDBDefinition(167)) - ozone.scm.db.dirs is not configured. We recommend adding this setting. Falling back to ozone.metadata.dirs instead.
2024-01-08 22:35:56,975 [main] INFO  net.NodeSchemaLoader (NodeSchemaLoader.java:loadSchemaFromFile(129)) - Loading schema from [jar:file:/home/runner/.m2/repository/org/apache/ozone/hdds-common/1.5.0-SNAPSHOT/hdds-common-1.5.0-SNAPSHOT.jar!/network-topology-default.xml]
2024-01-08 22:35:56,975 [main] INFO  net.NodeSchemaLoader (NodeSchemaLoader.java:loadSchema(176)) - Loading network topology layer schema file
2024-01-08 22:35:56,978 [main] INFO  upgrade.AbstractLayoutVersionManager (AbstractLayoutVersionManager.java:init(83)) - Initializing Layout version manager with metadata layout = HADOOP_PRC_PORTS_IN_DATANODEDETAILS (version = 7), software layout = HADOOP_PRC_PORTS_IN_DATANODEDETAILS (version = 7)
2024-01-08 22:35:56,979 [main] INFO  ha.SequenceIdGenerator (SequenceIdGenerator.java:upgradeToSequenceId(370)) - upgrade localId to 113750153625600000
2024-01-08 22:35:56,980 [main] INFO  ha.SequenceIdGenerator (SequenceIdGenerator.java:upgradeToSequenceId(380)) - upgrade delTxnId to 0
2024-01-08 22:35:56,981 [main] INFO  ha.SequenceIdGenerator (SequenceIdGenerator.java:upgradeToSequenceId(397)) - upgrade containerId to 0
2024-01-08 22:35:56,982 [main] INFO  ha.SequenceIdGenerator (SequenceIdGenerator.java:upgradeToCertificateSequenceId(444)) - upgrade CertificateId to 2
2024-01-08 22:35:56,983 [main] INFO  ha.SequenceIdGenerator (SequenceIdGenerator.java:<init>(241)) - Init the HA SequenceIdGenerator.
2024-01-08 22:35:56,983 [main] INFO  node.SCMNodeManager (SCMNodeManager.java:<init>(173)) - Entering startup safe mode.
2024-01-08 22:35:56,983 [main] INFO  algorithms.ContainerPlacementPolicyFactory (ContainerPlacementPolicyFactory.java:getPolicyInternal(86)) - Create container placement policy of type org.apache.hadoop.hdds.scm.container.placement.algorithms.SCMContainerPlacementRackAware
2024-01-08 22:35:56,984 [main] INFO  algorithms.ContainerPlacementPolicyFactory (ContainerPlacementPolicyFactory.java:getPolicyInternal(86)) - Create container placement policy of type org.apache.hadoop.hdds.scm.container.placement.algorithms.SCMContainerPlacementRackScatter
2024-01-08 22:35:56,984 [main] INFO  pipeline.PipelineStateManagerImpl (PipelineStateManagerImpl.java:initialize(78)) - No pipeline exists in current db
2024-01-08 22:35:56,984 [main] INFO  algorithms.LeaderChoosePolicyFactory (LeaderChoosePolicyFactory.java:getPolicy(57)) - Create leader choose policy of type org.apache.hadoop.hdds.scm.pipeline.leader.choose.algorithms.MinLeaderCountChoosePolicy
2024-01-08 22:35:56,984 [main] INFO  algorithms.ContainerPlacementPolicyFactory (ContainerPlacementPolicyFactory.java:getPolicyInternal(86)) - Create container placement policy of type org.apache.hadoop.hdds.scm.container.placement.algorithms.SCMContainerPlacementRackScatter
2024-01-08 22:35:56,985 [main] INFO  ha.SCMServiceManager (SCMServiceManager.java:register(42)) - Registering service BackgroundPipelineCreator.
2024-01-08 22:35:56,985 [main] INFO  pipeline.BackgroundPipelineCreator (BackgroundPipelineCreator.java:start(127)) - Starting RatisPipelineUtilsThread.
2024-01-08 22:35:56,985 [main] INFO  BackgroundPipelineScrubber (BackgroundSCMService.java:start(68)) - Starting BackgroundPipelineScrubber Service.
2024-01-08 22:35:56,985 [main] INFO  ha.SCMServiceManager (SCMServiceManager.java:register(42)) - Registering service BackgroundPipelineScrubber.
2024-01-08 22:35:56,986 [main] INFO  ExpiredContainerReplicaOpScrubber (BackgroundSCMService.java:start(68)) - Starting ExpiredContainerReplicaOpScrubber Service.
2024-01-08 22:35:56,986 [main] INFO  ha.SCMServiceManager (SCMServiceManager.java:register(42)) - Registering service ExpiredContainerReplicaOpScrubber.
2024-01-08 22:35:56,987 [main] INFO  algorithms.PipelineChoosePolicyFactory (PipelineChoosePolicyFactory.java:createPipelineChoosePolicyFromClass(78)) - Create pipeline choose policy of type org.apache.hadoop.hdds.scm.pipeline.choose.algorithms.RandomPipelineChoosePolicy
2024-01-08 22:35:56,987 [main] INFO  algorithms.PipelineChoosePolicyFactory (PipelineChoosePolicyFactory.java:createPipelineChoosePolicyFromClass(78)) - Create pipeline choose policy of type org.apache.hadoop.hdds.scm.pipeline.choose.algorithms.RandomPipelineChoosePolicy
2024-01-08 22:35:56,987 [main] INFO  ha.SCMServiceManager (SCMServiceManager.java:register(42)) - Registering service SCMBlockDeletingService.
2024-01-08 22:35:56,988 [main] INFO  replication.ReplicationManager (ReplicationManager.java:start(294)) - Starting Replication Monitor Thread.
2024-01-08 22:35:56,989 [main] INFO  ha.SCMServiceManager (SCMServiceManager.java:register(42)) - Registering service ReplicationManager.
2024-01-08 22:35:56,989 [main] INFO  safemode.ContainerSafeModeRule (ContainerSafeModeRule.java:<init>(91)) - containers with one replica threshold count 0
2024-01-08 22:35:56,990 [main] INFO  safemode.HealthyPipelineSafeModeRule (HealthyPipelineSafeModeRule.java:initializeRule(176)) - Total pipeline count is 0, healthy pipeline threshold count is 1
2024-01-08 22:35:56,990 [main] INFO  safemode.OneReplicaPipelineSafeModeRule (OneReplicaPipelineSafeModeRule.java:initializeRule(193)) - Total pipeline count is 0, pipeline's with at least one datanode reported threshold count is 0
2024-01-08 22:35:56,990 [ReplicationMonitor] INFO  replication.ReplicationManager (ReplicationManager.java:processAll(369)) - Replication Manager is not ready to run until 3000ms after safemode exit
2024-01-08 22:35:56,990 [main] INFO  server.StorageContainerManager (StorageContainerManager.java:<init>(440)) - SCM start with adminUsers: [runner]
2024-01-08 22:35:56,991 [main] INFO  ipc.CallQueueManager (CallQueueManager.java:<init>(90)) - Using callQueue: class java.util.concurrent.LinkedBlockingQueue, queueCapacity: 2000, scheduler: class org.apache.hadoop.ipc.DefaultRpcScheduler, ipcBackoff: false.
2024-01-08 22:35:56,991 [main] INFO  ipc.Server (Server.java:<init>(1287)) - Listener at 0.0.0.0:15091
2024-01-08 22:35:56,991 [Socket Reader #1 for port 15091] INFO  ipc.Server (Server.java:run(1323)) - Starting Socket Reader #1 for port 15091
2024-01-08 22:35:56,992 [main] INFO  ipc.CallQueueManager (CallQueueManager.java:<init>(90)) - Using callQueue: class java.util.concurrent.LinkedBlockingQueue, queueCapacity: 2000, scheduler: class org.apache.hadoop.ipc.DefaultRpcScheduler, ipcBackoff: false.
2024-01-08 22:35:56,992 [main] INFO  ipc.Server (Server.java:<init>(1287)) - Listener at 0.0.0.0:15090
2024-01-08 22:35:56,993 [Socket Reader #1 for port 15090] INFO  ipc.Server (Server.java:run(1323)) - Starting Socket Reader #1 for port 15090
2024-01-08 22:35:56,994 [main] INFO  ipc.CallQueueManager (CallQueueManager.java:<init>(90)) - Using callQueue: class java.util.concurrent.LinkedBlockingQueue, queueCapacity: 2000, scheduler: class org.apache.hadoop.ipc.DefaultRpcScheduler, ipcBackoff: false.
2024-01-08 22:35:56,994 [main] INFO  ipc.Server (Server.java:<init>(1287)) - Listener at 0.0.0.0:15089
2024-01-08 22:35:56,994 [Socket Reader #1 for port 15089] INFO  ipc.Server (Server.java:run(1323)) - Starting Socket Reader #1 for port 15089
2024-01-08 22:35:57,003 [main] INFO  ha.SCMServiceManager (SCMServiceManager.java:register(42)) - Registering service ContainerBalancer.
2024-01-08 22:35:57,004 [main] INFO  server.StorageContainerManager (StorageContainerManager.java:<init>(453)) - 
Container Balancer status:
Key                            Value
Running                        false
Container Balancer Configuration values:
Key                                                Value
Threshold                                          10
Max Datanodes to Involve per Iteration(percent)    20
Max Size to Move per Iteration                     500GB
Max Size Entering Target per Iteration             26GB
Max Size Leaving Source per Iteration              26GB
Number of Iterations                               10
Time Limit for Single Container's Movement         65min
Time Limit for Single Container's Replication      50min
Interval between each Iteration                    70min
Whether to Enable Network Topology                 false
Whether to Trigger Refresh Datanode Usage Info     false
Container IDs to Exclude from Balancing            None
Datanodes Specified to be Balanced                 None
Datanodes Excluded from Balancing                  None

2024-01-08 22:35:57,004 [main] INFO  ha.SCMContext (SCMContext.java:updateSafeModeStatus(230)) - Update SafeModeStatus from SafeModeStatus{safeModeStatus=true, preCheckPassed=false} to SafeModeStatus{safeModeStatus=true, preCheckPassed=false}.
2024-01-08 22:35:57,005 [main] INFO  server.StorageContainerManager (StorageContainerManager.java:start(1546)) - StorageContainerLocationProtocol RPC server is listening at /0.0.0.0:15089
2024-01-08 22:35:57,006 [main] WARN  impl.MetricsConfig (MetricsConfig.java:loadFirst(136)) - Cannot locate configuration: tried hadoop-metrics2-storagecontainermanager.properties,hadoop-metrics2.properties
2024-01-08 22:35:57,007 [main] INFO  impl.MetricsSystemImpl (MetricsSystemImpl.java:startTimer(378)) - Scheduled Metric snapshot period at 10 second(s).
2024-01-08 22:35:57,008 [main] INFO  impl.MetricsSystemImpl (MetricsSystemImpl.java:start(191)) - StorageContainerManager metrics system started
2024-01-08 22:35:57,011 [main] INFO  impl.MetricsSinkAdapter (MetricsSinkAdapter.java:start(204)) - Sink prometheus started
2024-01-08 22:35:57,012 [main] INFO  impl.MetricsSystemImpl (MetricsSystemImpl.java:registerSink(305)) - Registered sink prometheus
2024-01-08 22:35:57,034 [main] INFO  server.SCMClientProtocolServer (SCMClientProtocolServer.java:start(201)) - RPC server for Client  is listening at /0.0.0.0:15089
2024-01-08 22:35:57,034 [IPC Server Responder] INFO  ipc.Server (Server.java:run(1562)) - IPC Server Responder: starting
2024-01-08 22:35:57,034 [IPC Server listener on 15089] INFO  ipc.Server (Server.java:run(1402)) - IPC Server listener on 15089: starting
2024-01-08 22:35:57,040 [main] INFO  server.StorageContainerManager (StorageContainerManager.java:start(1559)) - ScmBlockLocationProtocol RPC server is listening at /0.0.0.0:15090
2024-01-08 22:35:57,041 [main] INFO  server.SCMBlockProtocolServer (SCMBlockProtocolServer.java:start(159)) - RPC server for Block Protocol is listening at /0.0.0.0:15090
2024-01-08 22:35:57,041 [IPC Server Responder] INFO  ipc.Server (Server.java:run(1562)) - IPC Server Responder: starting
2024-01-08 22:35:57,043 [IPC Server listener on 15090] INFO  ipc.Server (Server.java:run(1402)) - IPC Server listener on 15090: starting
2024-01-08 22:35:57,045 [main] INFO  server.SCMDatanodeProtocolServer (SCMDatanodeProtocolServer.java:start(193)) - ScmDatanodeProtocol RPC server for DataNodes is listening at /0.0.0.0:15091
2024-01-08 22:35:57,046 [IPC Server Responder] INFO  ipc.Server (Server.java:run(1562)) - IPC Server Responder: starting
2024-01-08 22:35:57,047 [IPC Server listener on 15091] INFO  ipc.Server (Server.java:run(1402)) - IPC Server listener on 15091: starting
2024-01-08 22:35:57,048 [JvmPauseMonitor11] INFO  util.JvmPauseMonitor (JvmPauseMonitor.java:run(146)) - JvmPauseMonitor-ae621309-04c6-448c-b642-48a1b9703b7b: Started
2024-01-08 22:35:57,049 [main] INFO  http.BaseHttpServer (BaseHttpServer.java:newHttpServer2BuilderForOzone(223)) - Starting Web-server for scm at: http://0.0.0.0:15092
2024-01-08 22:35:57,049 [main] INFO  http.BaseHttpServer (BaseHttpServer.java:<init>(110)) - Hadoop Security Enabled: false Ozone Security Enabled: false Ozone HTTP Security Enabled: false 
2024-01-08 22:35:57,051 [main] WARN  server.AuthenticationFilter (AuthenticationFilter.java:constructSecretProvider(240)) - Unable to initialize FileSignerSecretProvider, falling back to use random secrets. Reason: Could not read signature secret file: /home/runner/hadoop-http-auth-signature-secret
2024-01-08 22:35:57,051 [main] INFO  http.HttpRequestLog (HttpRequestLog.java:getRequestLog(86)) - Http request log for http.requests.scm is not defined
2024-01-08 22:35:57,053 [main] INFO  http.HttpServer2 (HttpServer2.java:addGlobalFilter(1036)) - Added global filter 'safety' (class=org.apache.hadoop.hdds.server.http.HttpServer2$QuotingInputFilter)
2024-01-08 22:35:57,054 [main] INFO  http.HttpServer2 (HttpServer2.java:addFilter(1012)) - Added filter static_user_filter (class=org.apache.hadoop.http.lib.StaticUserWebFilter$StaticUserFilter) to context scm
2024-01-08 22:35:57,054 [main] INFO  http.HttpServer2 (HttpServer2.java:addFilter(1020)) - Added filter static_user_filter (class=org.apache.hadoop.http.lib.StaticUserWebFilter$StaticUserFilter) to context static
2024-01-08 22:35:57,054 [main] INFO  http.HttpServer2 (HttpServer2.java:addFilter(1020)) - Added filter static_user_filter (class=org.apache.hadoop.http.lib.StaticUserWebFilter$StaticUserFilter) to context logs
2024-01-08 22:35:57,055 [main] INFO  http.BaseHttpServer (BaseHttpServer.java:<init>(189)) - HTTP server of scm uses base directory /home/runner/work/ozone/ozone/hadoop-ozone/integration-test/target/test-dir/MiniOzoneClusterImpl-25d1905f-b767-404d-84bf-be0dd4c89112/ozone-meta/webserver
2024-01-08 22:35:57,055 [main] INFO  http.HttpServer2 (HttpServer2.java:bindListener(1236)) - Jetty bound to port 15092
2024-01-08 22:35:57,055 [main] INFO  server.Server (Server.java:doStart(375)) - jetty-9.4.53.v20231009; built: 2023-10-09T12:29:09.265Z; git: 27bde00a0b95a1d5bbee0eae7984f891d2d0f8c9; jvm 1.8.0_392-b08
2024-01-08 22:35:57,056 [main] INFO  server.session (DefaultSessionIdManager.java:doStart(334)) - DefaultSessionIdManager workerName=node0
2024-01-08 22:35:57,056 [main] INFO  server.session (DefaultSessionIdManager.java:doStart(339)) - No SessionScavenger set, using defaults
2024-01-08 22:35:57,057 [main] INFO  server.session (HouseKeeper.java:startScavenging(132)) - node0 Scavenging every 600000ms
2024-01-08 22:35:57,057 [main] INFO  handler.ContextHandler (ContextHandler.java:doStart(921)) - Started o.e.j.s.ServletContextHandler@dddbaf1{logs,/logs,file:///home/runner/work/ozone/ozone/hadoop-ozone/integration-test/target/log,AVAILABLE}
2024-01-08 22:35:57,058 [main] INFO  handler.ContextHandler (ContextHandler.java:doStart(921)) - Started o.e.j.s.ServletContextHandler@29f38f73{static,/static,file:///home/runner/work/ozone/ozone/hadoop-ozone/integration-test/target/test-classes/webapps/static,AVAILABLE}
2024-01-08 22:35:57,061 [main] INFO  handler.ContextHandler (ContextHandler.java:doStart(921)) - Started o.e.j.w.WebAppContext@2604c21c{scm,/,file:///home/runner/work/ozone/ozone/hadoop-ozone/integration-test/target/test-classes/webapps/scm/,AVAILABLE}{file:/home/runner/work/ozone/ozone/hadoop-ozone/integration-test/target/test-classes/webapps/scm}
2024-01-08 22:35:57,062 [main] INFO  server.AbstractConnector (AbstractConnector.java:doStart(333)) - Started ServerConnector@2a81c550{HTTP/1.1, (http/1.1)}{0.0.0.0:15092}
2024-01-08 22:35:57,062 [main] INFO  server.Server (Server.java:doStart(415)) - Started @44358ms
2024-01-08 22:35:57,063 [main] WARN  impl.MetricsSystemImpl (MetricsSystemImpl.java:register(279)) - Sink prometheus already exists!
2024-01-08 22:35:57,063 [main] INFO  http.BaseHttpServer (BaseHttpServer.java:updateConnectorAddress(354)) - HTTP server of scm listening at http://0.0.0.0:15092
2024-01-08 22:35:57,064 [main] WARN  server.ServerUtils (ServerUtils.java:getDBPath(311)) - ozone.om.db.dirs is not configured. We recommend adding this setting. Falling back to ozone.metadata.dirs instead.
2024-01-08 22:35:57,065 [main] INFO  ha.OMHANodeDetails (OMHANodeDetails.java:loadOMHAConfig(115)) - ozone.om.internal.service.id is not defined, falling back to ozone.om.service.ids to find serviceID for OzoneManager if it is HA enabled cluster
2024-01-08 22:35:57,065 [main] INFO  ha.OMHANodeDetails (OMHANodeDetails.java:loadOMHAConfig(226)) - Configuration does not have ozone.om.address set. Falling back to the default OM address /127.0.0.1:15093
2024-01-08 22:35:57,066 [main] INFO  ha.OMHANodeDetails (OMHANodeDetails.java:getOMNodeDetailsForNonHA(254)) - OM Service ID is not set. Setting it to the default ID: omServiceIdDefault
2024-01-08 22:35:57,066 [main] INFO  ha.OMHANodeDetails (OMHANodeDetails.java:getOMNodeDetailsForNonHA(261)) - OM Node ID is not set. Setting it to the default ID: om1
2024-01-08 22:35:57,066 [main] WARN  server.ServerUtils (ServerUtils.java:getDBPath(311)) - ozone.om.db.dirs is not configured. We recommend adding this setting. Falling back to ozone.metadata.dirs instead.
2024-01-08 22:35:57,067 [main] INFO  upgrade.AbstractLayoutVersionManager (AbstractLayoutVersionManager.java:init(83)) - Initializing Layout version manager with metadata layout = QUOTA (version = 6), software layout = QUOTA (version = 6)
2024-01-08 22:35:57,106 [main] INFO  upgrade.OMLayoutVersionManager (OMLayoutVersionManager.java:lambda$0(113)) - Skipping Upgrade Action QuotaRepairUpgradeAction since it has been finalized.
2024-01-08 22:35:57,106 [main] INFO  upgrade.OMLayoutVersionManager (OMLayoutVersionManager.java:lambda$0(113)) - Skipping Upgrade Action MockOmUpgradeAction since it has been finalized.
2024-01-08 22:35:57,106 [main] WARN  server.ServerUtils (ServerUtils.java:getDBPath(311)) - ozone.om.db.dirs is not configured. We recommend adding this setting. Falling back to ozone.metadata.dirs instead.
2024-01-08 22:35:57,107 [main] INFO  proxy.SCMBlockLocationFailoverProxyProvider (SCMBlockLocationFailoverProxyProvider.java:<init>(115)) - Created block location fail-over proxy with 1 nodes: [nodeId=scmNodeId,nodeAddress=/0.0.0.0:15090]
2024-01-08 22:35:57,109 [main] INFO  proxy.SCMBlockLocationFailoverProxyProvider (SCMBlockLocationFailoverProxyProvider.java:<init>(115)) - Created block location fail-over proxy with 1 nodes: [nodeId=scmNodeId,nodeAddress=/0.0.0.0:15090]
2024-01-08 22:35:57,114 [main] INFO  om.OzoneManager (OzoneManager.java:<init>(673)) - OM start with adminUsers: [runner]
2024-01-08 22:35:57,116 [main] WARN  server.ServerUtils (ServerUtils.java:getDBPath(311)) - ozone.om.db.dirs is not configured. We recommend adding this setting. Falling back to ozone.metadata.dirs instead.
2024-01-08 22:35:57,116 [main] INFO  helpers.OmKeyInfo (OmKeyInfo.java:getCodec(71)) - OmKeyInfo.getCodec ignorePipeline = true
2024-01-08 22:35:57,269 [main] INFO  om.OzoneManager (OzoneManager.java:instantiateServices(805)) - S3 Multi-Tenancy is disabled
2024-01-08 22:35:57,270 [main] INFO  om.OmSnapshotManager (OmSnapshotManager.java:<init>(176)) - Ozone filesystem snapshot feature is enabled.
2024-01-08 22:35:57,270 [main] WARN  server.ServerUtils (ServerUtils.java:getDBPath(311)) - ozone.om.snapshot.diff.db.dir is not configured. We recommend adding this setting. Falling back to ozone.metadata.dirs instead.
2024-01-08 22:35:57,284 [main] INFO  utils.NativeLibraryLoader (NativeLibraryLoader.java:loadLibrary(108)) - Loading Library: ozone_rocksdb_tools
2024-01-08 22:35:57,285 [main] INFO  snapshot.SnapshotDiffManager (SnapshotDiffManager.java:closeExecutorService(1688)) - Shutting down executorService: 'SstDumpToolExecutor'
2024-01-08 22:35:57,287 [main] INFO  om.OzoneManager (OzoneManager.java:addS3GVolumeToDB(4429)) - Created Volume s3v With Owner runner required for S3Gateway operations.
2024-01-08 22:35:57,287 [main] WARN  server.ServerUtils (ServerUtils.java:getDefaultRatisDirectory(323)) - Storage directory for Ratis is not configured. It is a good idea to map this to an SSD disk. Falling back to ozone.metadata.dirs
2024-01-08 22:35:57,287 [main] WARN  utils.OzoneManagerRatisUtils (OzoneManagerRatisUtils.java:getOMRatisSnapshotDirectory(473)) - ozone.om.ratis.snapshot.dir is not configured. Falling back to ozone.metadata.dirs config
2024-01-08 22:35:57,288 [main] WARN  server.ServerUtils (ServerUtils.java:getDefaultRatisDirectory(323)) - Storage directory for Ratis is not configured. It is a good idea to map this to an SSD disk. Falling back to ozone.metadata.dirs
2024-01-08 22:35:57,289 [main] INFO  ratis.OzoneManagerRatisServer (OzoneManagerRatisServer.java:<init>(167)) - Instantiating OM Ratis server with groupID: omServiceIdDefault and peers: localhost:15096
2024-01-08 22:35:57,289 [main] INFO  ratis.OzoneManagerStateMachine (OzoneManagerStateMachine.java:loadSnapshotInfoFromDB(711)) - TransactionInfo not found in OM DB.
2024-01-08 22:35:57,289 [main] INFO  server.RaftServer (ConfUtils.java:logGet(46)) - raft.rpc.type = GRPC (default)
2024-01-08 22:35:57,290 [main] INFO  grpc.GrpcConfigKeys (ConfUtils.java:logFallback(53)) - raft.grpc.admin.host = null (fallback to raft.grpc.server.host)
2024-01-08 22:35:57,290 [main] INFO  grpc.GrpcConfigKeys (ConfUtils.java:logFallback(53)) - raft.grpc.admin.port = 15096 (fallback to raft.grpc.server.port)
2024-01-08 22:35:57,290 [main] INFO  grpc.GrpcConfigKeys (ConfUtils.java:logFallback(53)) - raft.grpc.client.host = null (fallback to raft.grpc.server.host)
2024-01-08 22:35:57,290 [main] INFO  grpc.GrpcConfigKeys (ConfUtils.java:logFallback(53)) - raft.grpc.client.port = 15096 (fallback to raft.grpc.server.port)
2024-01-08 22:35:57,290 [main] INFO  grpc.GrpcConfigKeys (ConfUtils.java:logGet(46)) - raft.grpc.server.host = null (default)
2024-01-08 22:35:57,290 [main] INFO  grpc.GrpcConfigKeys (ConfUtils.java:logGet(46)) - raft.grpc.server.port = 15096 (custom)
2024-01-08 22:35:57,291 [main] INFO  server.GrpcService (ConfUtils.java:logGet(46)) - raft.grpc.message.size.max = 4194304 (custom)
2024-01-08 22:35:57,291 [main] INFO  server.RaftServerConfigKeys (ConfUtils.java:logGet(46)) - raft.server.log.appender.buffer.byte-limit = 4194304 (custom)
2024-01-08 22:35:57,291 [main] INFO  server.GrpcService (ConfUtils.java:logGet(46)) - raft.grpc.flow.control.window = 1MB (=1048576) (default)
2024-01-08 22:35:57,291 [main] INFO  server.RaftServerConfigKeys (ConfUtils.java:logGet(46)) - raft.server.rpc.request.timeout = 3000ms (default)
2024-01-08 22:35:57,291 [main] INFO  grpc.GrpcConfigKeys (ConfUtils.java:logGet(46)) - raft.grpc.server.heartbeat.channel = true (default)
2024-01-08 22:35:57,292 [main] INFO  grpc.GrpcConfigKeys (ConfUtils.java:logGet(46)) - raft.grpc.server.async.request.thread.pool.cached = true (default)
2024-01-08 22:35:57,292 [main] INFO  grpc.GrpcConfigKeys (ConfUtils.java:logGet(46)) - raft.grpc.server.async.request.thread.pool.size = 32 (default)
2024-01-08 22:35:57,293 [main] INFO  impl.DataStreamServerImpl (ConfUtils.java:logGet(46)) - raft.datastream.type = DISABLED (default)
2024-01-08 22:35:57,293 [main] INFO  server.RaftServerConfigKeys (ConfUtils.java:logGet(46)) - raft.server.sleep.deviation.threshold = 300ms (default)
2024-01-08 22:35:57,293 [main] INFO  server.RaftServerConfigKeys (ConfUtils.java:logGet(46)) - raft.server.close.threshold = 60s (default)
2024-01-08 22:35:57,294 [main] INFO  server.RaftServerConfigKeys (ConfUtils.java:logGet(46)) - raft.server.leaderelection.leader.step-down.wait-time = 10s (default)
2024-01-08 22:35:57,294 [main] INFO  server.RaftServerConfigKeys (ConfUtils.java:logGet(46)) - raft.server.storage.dir = [/home/runner/work/ozone/ozone/hadoop-ozone/integration-test/target/test-dir/MiniOzoneClusterImpl-25d1905f-b767-404d-84bf-be0dd4c89112/ozone-meta/ratis] (custom)
2024-01-08 22:35:57,294 [main] INFO  server.RaftServerConfigKeys (ConfUtils.java:logGet(46)) - raft.server.threadpool.proxy.cached = true (default)
2024-01-08 22:35:57,294 [main] INFO  server.RaftServerConfigKeys (ConfUtils.java:logGet(46)) - raft.server.threadpool.proxy.size = 0 (default)
2024-01-08 22:35:57,295 [main] INFO  server.RaftServer (RaftServerProxy.java:addNew(100)) - om1: addNew group-C5BA1605619E:[om1|localhost:15096] returns group-C5BA1605619E:java.util.concurrent.CompletableFuture@23b8a609[Not completed]
2024-01-08 22:35:57,295 [om1-groupManagement] INFO  server.RaftServer$Division (RaftServerImpl.java:<init>(256)) - om1: new RaftServerImpl for group-C5BA1605619E:[om1|localhost:15096] with OzoneManagerStateMachine:uninitialized
2024-01-08 22:35:57,295 [main] INFO  om.OzoneManager (OzoneManager.java:initializeRatisServer(2141)) - OzoneManager Ratis server initialized at port 15096
2024-01-08 22:35:57,295 [om1-groupManagement] INFO  server.RaftServerConfigKeys (ConfUtils.java:logGet(46)) - raft.server.rpc.timeout.min = 1s (custom)
2024-01-08 22:35:57,295 [main] INFO  om.OzoneManager (OzoneManager.java:getRpcServer(1207)) - Creating RPC Server
2024-01-08 22:35:57,295 [om1-groupManagement] INFO  server.RaftServerConfigKeys (ConfUtils.java:logGet(46)) - raft.server.rpc.timeout.max = 1200ms (custom)
2024-01-08 22:35:57,295 [om1-groupManagement] INFO  server.RaftServerConfigKeys (ConfUtils.java:logGet(46)) - raft.server.rpc.sleep.time = 25ms (default)
2024-01-08 22:35:57,295 [om1-groupManagement] INFO  server.RaftServerConfigKeys (ConfUtils.java:logGet(46)) - raft.server.rpc.slowness.timeout = 120s (custom)
2024-01-08 22:35:57,295 [om1-groupManagement] INFO  server.RaftServerConfigKeys (ConfUtils.java:logGet(46)) - raft.server.leaderelection.leader.step-down.wait-time = 10s (default)
2024-01-08 22:35:57,295 [om1-groupManagement] INFO  server.RaftServerConfigKeys (ConfUtils.java:logGet(46)) - raft.server.leaderelection.member.majority-add = false (default)
2024-01-08 22:35:57,295 [om1-groupManagement] INFO  server.RaftServerConfigKeys (ConfUtils.java:logGet(46)) - raft.server.sleep.deviation.threshold = 300ms (default)
2024-01-08 22:35:57,296 [om1-groupManagement] INFO  server.RaftServer$Division (ServerState.java:<init>(113)) - om1@group-C5BA1605619E: ConfigurationManager, init=-1: peers:[om1|localhost:15096]|listeners:[], old=null, confs=<EMPTY_MAP>
2024-01-08 22:35:57,296 [om1-groupManagement] INFO  server.RaftServerConfigKeys (ConfUtils.java:logGet(46)) - raft.server.notification.no-leader.timeout = 120s (custom)
2024-01-08 22:35:57,296 [om1-groupManagement] INFO  server.RaftServerConfigKeys (ConfUtils.java:logGet(46)) - raft.server.read.timeout = 10s (default)
2024-01-08 22:35:57,296 [om1-groupManagement] INFO  server.RaftServerConfigKeys (ConfUtils.java:logGet(46)) - raft.server.retrycache.expirytime = 300s (custom)
2024-01-08 22:35:57,296 [om1-groupManagement] INFO  server.RaftServerConfigKeys (ConfUtils.java:logGet(46)) - raft.server.retrycache.statistics.expirytime = 100ms (default)
2024-01-08 22:35:57,296 [om1-groupManagement] INFO  server.RaftServerConfigKeys (ConfUtils.java:logGet(46)) - raft.server.read.option = DEFAULT (default)
2024-01-08 22:35:57,296 [om1-groupManagement] INFO  server.RaftServerConfigKeys (ConfUtils.java:logGet(46)) - raft.server.read.read-after-write-consistent.write-index-cache.expiry-time = 60s (default)
2024-01-08 22:35:57,297 [om1-groupManagement] INFO  server.RaftServerConfigKeys (ConfUtils.java:logGet(46)) - raft.server.rpc.request.timeout = 3000ms (default)
2024-01-08 22:35:57,297 [om1-groupManagement] INFO  server.RaftServerConfigKeys (ConfUtils.java:logGet(46)) - raft.server.log.appender.install.snapshot.enabled = false (custom)
2024-01-08 22:35:57,297 [om1-groupManagement] INFO  server.RaftServerConfigKeys (ConfUtils.java:logGet(46)) - raft.server.threadpool.server.cached = true (default)
2024-01-08 22:35:57,297 [om1-groupManagement] INFO  server.RaftServerConfigKeys (ConfUtils.java:logGet(46)) - raft.server.threadpool.server.size = 0 (default)
2024-01-08 22:35:57,297 [om1-groupManagement] INFO  server.RaftServerConfigKeys (ConfUtils.java:logGet(46)) - raft.server.threadpool.client.cached = true (default)
2024-01-08 22:35:57,297 [om1-groupManagement] INFO  server.RaftServerConfigKeys (ConfUtils.java:logGet(46)) - raft.server.threadpool.client.size = 0 (default)
2024-01-08 22:35:57,482 [main] INFO  ipc.CallQueueManager (CallQueueManager.java:<init>(90)) - Using callQueue: class java.util.concurrent.LinkedBlockingQueue, queueCapacity: 2000, scheduler: class org.apache.hadoop.ipc.DefaultRpcScheduler, ipcBackoff: false.
2024-01-08 22:35:57,482 [main] INFO  ipc.Server (Server.java:<init>(1287)) - Listener at 127.0.0.1:15093
2024-01-08 22:35:57,482 [Socket Reader #1 for port 15093] INFO  ipc.Server (Server.java:run(1323)) - Starting Socket Reader #1 for port 15093
2024-01-08 22:35:57,496 [main] INFO  impl.MetricsSystemImpl (MetricsSystemImpl.java:init(158)) - OzoneManager metrics system started (again)
2024-01-08 22:35:57,503 [main] INFO  om.OzoneManager (OzoneManager.java:start(1629)) - OzoneManager RPC server is listening at localhost/127.0.0.1:15093
2024-01-08 22:35:57,503 [main] INFO  ratis.OzoneManagerRatisServer (OzoneManagerRatisServer.java:start(588)) - Starting OzoneManagerRatisServer om1 at port 15096
2024-01-08 22:35:57,504 [om1-impl-thread1] INFO  server.RaftServerConfigKeys (ConfUtils.java:logGet(46)) - raft.server.storage.free-space.min = 0MB (=0) (default)
2024-01-08 22:35:57,504 [om1-impl-thread1] INFO  server.RaftServerConfigKeys (ConfUtils.java:logGet(46)) - raft.server.log.corruption.policy = EXCEPTION (default)
2024-01-08 22:35:57,504 [om1-impl-thread1] INFO  server.RaftServerConfigKeys (ConfUtils.java:logGet(46)) - raft.server.storage.dir = [/home/runner/work/ozone/ozone/hadoop-ozone/integration-test/target/test-dir/MiniOzoneClusterImpl-25d1905f-b767-404d-84bf-be0dd4c89112/ozone-meta/ratis] (custom)
2024-01-08 22:35:57,504 [om1-impl-thread1] INFO  storage.RaftStorageDirectory (RaftStorageDirectoryImpl.java:analyzeStorage(138)) - The storage directory /home/runner/work/ozone/ozone/hadoop-ozone/integration-test/target/test-dir/MiniOzoneClusterImpl-25d1905f-b767-404d-84bf-be0dd4c89112/ozone-meta/ratis/bf265839-605b-3f16-9796-c5ba1605619e does not exist. Creating ...
2024-01-08 22:35:57,505 [om1-impl-thread1] INFO  storage.RaftStorageDirectory (RaftStorageDirectoryImpl.java:tryLock(232)) - Lock on /home/runner/work/ozone/ozone/hadoop-ozone/integration-test/target/test-dir/MiniOzoneClusterImpl-25d1905f-b767-404d-84bf-be0dd4c89112/ozone-meta/ratis/bf265839-605b-3f16-9796-c5ba1605619e/in_use.lock acquired by nodename 83643@fv-az1425-465
2024-01-08 22:35:57,506 [om1-impl-thread1] INFO  storage.RaftStorage (RaftStorageImpl.java:format(97)) - Storage directory /home/runner/work/ozone/ozone/hadoop-ozone/integration-test/target/test-dir/MiniOzoneClusterImpl-25d1905f-b767-404d-84bf-be0dd4c89112/ozone-meta/ratis/bf265839-605b-3f16-9796-c5ba1605619e has been successfully formatted.
2024-01-08 22:35:57,506 [om1-impl-thread1] INFO  server.RaftServerConfigKeys (ConfUtils.java:logGet(46)) - raft.server.log.use.memory = false (default)
2024-01-08 22:35:57,506 [om1-impl-thread1] INFO  server.RaftServerConfigKeys (ConfUtils.java:logGet(46)) - raft.server.log.purge.gap = 1000000 (custom)
2024-01-08 22:35:57,506 [om1-impl-thread1] INFO  server.RaftServerConfigKeys (ConfUtils.java:logGet(46)) - raft.server.log.appender.buffer.byte-limit = 4194304 (custom)
2024-01-08 22:35:57,506 [om1-impl-thread1] INFO  server.RaftServerConfigKeys (ConfUtils.java:logGet(46)) - raft.server.log.statemachine.data.read.timeout = 1000ms (default)
2024-01-08 22:35:57,506 [om1-impl-thread1] INFO  server.RaftServerConfigKeys (ConfUtils.java:logGet(46)) - raft.server.log.purge.preservation.log.num = 0 (default)
2024-01-08 22:35:57,507 [om1-impl-thread1] INFO  server.RaftServerConfigKeys (ConfUtils.java:logGet(46)) - raft.server.log.segment.size.max = 4194304 (custom)
2024-01-08 22:35:57,507 [om1-impl-thread1] INFO  server.RaftServerConfigKeys (ConfUtils.java:logGet(46)) - raft.server.log.segment.cache.num.max = 2 (custom)
2024-01-08 22:35:57,507 [om1-impl-thread1] INFO  server.RaftServerConfigKeys (ConfUtils.java:logGet(46)) - raft.server.log.segment.cache.size.max = 200MB (=209715200) (default)
2024-01-08 22:35:57,507 [om1-impl-thread1] INFO  server.RaftServerConfigKeys (ConfUtils.java:logGet(46)) - raft.server.log.appender.buffer.byte-limit = 4194304 (custom)
2024-01-08 22:35:57,507 [om1-impl-thread1] INFO  util.AwaitToRun (AwaitToRun.java:start(81)) - Thread[om1@group-C5BA1605619E-cacheEviction-AwaitToRun,5,main] started
2024-01-08 22:35:57,507 [om1-impl-thread1] INFO  segmented.SegmentedRaftLogWorker (SegmentedRaftLogWorker.java:<init>(184)) - new om1@group-C5BA1605619E-SegmentedRaftLogWorker for RaftStorageImpl:Storage Directory /home/runner/work/ozone/ozone/hadoop-ozone/integration-test/target/test-dir/MiniOzoneClusterImpl-25d1905f-b767-404d-84bf-be0dd4c89112/ozone-meta/ratis/bf265839-605b-3f16-9796-c5ba1605619e
2024-01-08 22:35:57,507 [om1-impl-thread1] INFO  server.RaftServerConfigKeys (ConfUtils.java:logGet(46)) - raft.server.log.queue.byte-limit = 64MB (=67108864) (default)
2024-01-08 22:35:57,507 [om1-impl-thread1] INFO  server.RaftServerConfigKeys (ConfUtils.java:logGet(46)) - raft.server.log.queue.element-limit = 4096 (default)
2024-01-08 22:35:57,507 [om1-impl-thread1] INFO  server.RaftServerConfigKeys (ConfUtils.java:logGet(46)) - raft.server.log.segment.size.max = 4194304 (custom)
2024-01-08 22:35:57,508 [om1-impl-thread1] INFO  server.RaftServerConfigKeys (ConfUtils.java:logGet(46)) - raft.server.log.preallocated.size = 4194304 (custom)
2024-01-08 22:35:57,508 [om1-impl-thread1] INFO  server.RaftServerConfigKeys (ConfUtils.java:logGet(46)) - raft.server.log.force.sync.num = 128 (default)
2024-01-08 22:35:57,508 [om1-impl-thread1] INFO  server.RaftServerConfigKeys (ConfUtils.java:logGet(46)) - raft.server.log.statemachine.data.sync = true (default)
2024-01-08 22:35:57,508 [om1-impl-thread1] INFO  server.RaftServerConfigKeys (ConfUtils.java:logGet(46)) - raft.server.log.statemachine.data.sync.timeout = 10s (default)
2024-01-08 22:35:57,508 [om1-impl-thread1] INFO  server.RaftServerConfigKeys (ConfUtils.java:logGet(46)) - raft.server.log.statemachine.data.sync.timeout.retry = -1 (default)
2024-01-08 22:35:57,508 [om1-impl-thread1] INFO  server.RaftServerConfigKeys (ConfUtils.java:logGet(46)) - raft.server.log.write.buffer.size = 4194312 (custom)
2024-01-08 22:35:57,509 [om1-impl-thread1] INFO  server.RaftServerConfigKeys (ConfUtils.java:logGet(46)) - raft.server.log.appender.buffer.byte-limit = 4194304 (custom)
2024-01-08 22:35:57,510 [om1-impl-thread1] INFO  server.RaftServerConfigKeys (ConfUtils.java:logGet(46)) - raft.server.log.unsafe-flush.enabled = false (default)
2024-01-08 22:35:57,510 [om1-impl-thread1] INFO  server.RaftServerConfigKeys (ConfUtils.java:logGet(46)) - raft.server.log.async-flush.enabled = false (default)
2024-01-08 22:35:57,510 [om1-impl-thread1] INFO  server.RaftServerConfigKeys (ConfUtils.java:logGet(46)) - raft.server.log.statemachine.data.caching.enabled = false (default)
2024-01-08 22:35:57,510 [om1-impl-thread1] INFO  segmented.SegmentedRaftLogWorker (SegmentedRaftLogWorker.java:lambda$new$0(135)) - om1@group-C5BA1605619E-SegmentedRaftLogWorker: flushIndex: setUnconditionally 0 -> -1
2024-01-08 22:35:57,510 [om1-impl-thread1] INFO  segmented.SegmentedRaftLogWorker (SegmentedRaftLogWorker.java:lambda$new$0(135)) - om1@group-C5BA1605619E-SegmentedRaftLogWorker: safeCacheEvictIndex: setUnconditionally 0 -> -1
2024-01-08 22:35:57,510 [om1-impl-thread1] INFO  server.RaftServer$Division (RaftServerImpl.java:start(392)) - om1@group-C5BA1605619E: start as a follower, conf=-1: peers:[om1|localhost:15096]|listeners:[], old=null
2024-01-08 22:35:57,510 [om1-impl-thread1] INFO  server.RaftServer$Division (RaftServerImpl.java:setRole(379)) - om1@group-C5BA1605619E: changes role from      null to FOLLOWER at term 0 for startAsFollower
2024-01-08 22:35:57,511 [om1-impl-thread1] INFO  impl.RoleInfo (RoleInfo.java:updateAndGet(139)) - om1: start om1@group-C5BA1605619E-FollowerState
2024-01-08 22:35:57,512 [om1-impl-thread1] INFO  util.JmxRegister (JmxRegister.java:tryRegister(44)) - Successfully registered JMX Bean with object name Ratis:service=RaftServer,group=group-C5BA1605619E,id=om1
2024-01-08 22:35:57,512 [om1@group-C5BA1605619E-FollowerState] INFO  server.RaftServerConfigKeys (ConfUtils.java:logFallback(53)) - raft.server.rpc.first-election.timeout.min = 1s (fallback to raft.server.rpc.timeout.min)
2024-01-08 22:35:57,512 [om1-impl-thread1] INFO  server.RaftServerConfigKeys (ConfUtils.java:logGet(46)) - raft.server.snapshot.trigger-when-stop.enabled = true (default)
2024-01-08 22:35:57,512 [om1@group-C5BA1605619E-FollowerState] INFO  server.RaftServerConfigKeys (ConfUtils.java:logFallback(53)) - raft.server.rpc.first-election.timeout.max = 1200ms (fallback to raft.server.rpc.timeout.max)
2024-01-08 22:35:57,512 [om1-impl-thread1] INFO  server.RaftServerConfigKeys (ConfUtils.java:logGet(46)) - raft.server.snapshot.auto.trigger.enabled = true (custom)
2024-01-08 22:35:57,512 [om1-impl-thread1] INFO  server.RaftServerConfigKeys (ConfUtils.java:logGet(46)) - raft.server.snapshot.auto.trigger.threshold = 400000 (default)
2024-01-08 22:35:57,512 [om1-impl-thread1] INFO  server.RaftServerConfigKeys (ConfUtils.java:logGet(46)) - raft.server.snapshot.retention.file.num = -1 (default)
2024-01-08 22:35:57,512 [om1-impl-thread1] INFO  server.RaftServerConfigKeys (ConfUtils.java:logGet(46)) - raft.server.log.purge.upto.snapshot.index = true (custom)
2024-01-08 22:35:57,514 [main] INFO  server.RaftServer (RaftServerProxy.java:startImpl(406)) - om1: start RPC server
2024-01-08 22:35:57,516 [main] INFO  server.GrpcService (GrpcService.java:startImpl(302)) - om1: GrpcService started, listening on 15096
2024-01-08 22:35:57,516 [JvmPauseMonitor12] INFO  util.JvmPauseMonitor (JvmPauseMonitor.java:run(146)) - JvmPauseMonitor-om1: Started
2024-01-08 22:35:57,516 [main] INFO  om.OzoneManager (OzoneManager.java:start(1645)) - Version File has different layout version (6) than OM DB (null). That is expected if this OM has never been finalized to a newer layout version.
2024-01-08 22:35:57,519 [main] INFO  http.BaseHttpServer (BaseHttpServer.java:newHttpServer2BuilderForOzone(223)) - Starting Web-server for ozoneManager at: http://0.0.0.0:15094
2024-01-08 22:35:57,519 [main] INFO  http.BaseHttpServer (BaseHttpServer.java:<init>(110)) - Hadoop Security Enabled: false Ozone Security Enabled: false Ozone HTTP Security Enabled: false 
2024-01-08 22:35:57,520 [main] WARN  server.AuthenticationFilter (AuthenticationFilter.java:constructSecretProvider(240)) - Unable to initialize FileSignerSecretProvider, falling back to use random secrets. Reason: Could not read signature secret file: /home/runner/hadoop-http-auth-signature-secret
2024-01-08 22:35:57,521 [main] INFO  http.HttpRequestLog (HttpRequestLog.java:getRequestLog(86)) - Http request log for http.requests.ozoneManager is not defined
2024-01-08 22:35:57,522 [main] INFO  http.HttpServer2 (HttpServer2.java:addGlobalFilter(1036)) - Added global filter 'safety' (class=org.apache.hadoop.hdds.server.http.HttpServer2$QuotingInputFilter)
2024-01-08 22:35:57,523 [main] INFO  http.HttpServer2 (HttpServer2.java:addFilter(1012)) - Added filter static_user_filter (class=org.apache.hadoop.http.lib.StaticUserWebFilter$StaticUserFilter) to context ozoneManager
2024-01-08 22:35:57,523 [main] INFO  http.HttpServer2 (HttpServer2.java:addFilter(1020)) - Added filter static_user_filter (class=org.apache.hadoop.http.lib.StaticUserWebFilter$StaticUserFilter) to context static
2024-01-08 22:35:57,523 [main] INFO  http.HttpServer2 (HttpServer2.java:addFilter(1020)) - Added filter static_user_filter (class=org.apache.hadoop.http.lib.StaticUserWebFilter$StaticUserFilter) to context logs
2024-01-08 22:35:57,523 [main] INFO  http.BaseHttpServer (BaseHttpServer.java:<init>(189)) - HTTP server of ozoneManager uses base directory /home/runner/work/ozone/ozone/hadoop-ozone/integration-test/target/test-dir/MiniOzoneClusterImpl-25d1905f-b767-404d-84bf-be0dd4c89112/ozone-meta/webserver
2024-01-08 22:35:57,524 [main] INFO  http.HttpServer2 (HttpServer2.java:bindListener(1236)) - Jetty bound to port 15094
2024-01-08 22:35:57,524 [main] INFO  server.Server (Server.java:doStart(375)) - jetty-9.4.53.v20231009; built: 2023-10-09T12:29:09.265Z; git: 27bde00a0b95a1d5bbee0eae7984f891d2d0f8c9; jvm 1.8.0_392-b08
2024-01-08 22:35:57,525 [main] INFO  server.session (DefaultSessionIdManager.java:doStart(334)) - DefaultSessionIdManager workerName=node0
2024-01-08 22:35:57,525 [main] INFO  server.session (DefaultSessionIdManager.java:doStart(339)) - No SessionScavenger set, using defaults
2024-01-08 22:35:57,525 [main] INFO  server.session (HouseKeeper.java:startScavenging(132)) - node0 Scavenging every 600000ms
2024-01-08 22:35:57,525 [main] INFO  handler.ContextHandler (ContextHandler.java:doStart(921)) - Started o.e.j.s.ServletContextHandler@1ea9017d{logs,/logs,file:///home/runner/work/ozone/ozone/hadoop-ozone/integration-test/target/log,AVAILABLE}
2024-01-08 22:35:57,526 [main] INFO  handler.ContextHandler (ContextHandler.java:doStart(921)) - Started o.e.j.s.ServletContextHandler@577c13ee{static,/static,file:///home/runner/work/ozone/ozone/hadoop-ozone/integration-test/target/test-classes/webapps/static,AVAILABLE}
2024-01-08 22:35:57,528 [main] INFO  handler.ContextHandler (ContextHandler.java:doStart(921)) - Started o.e.j.w.WebAppContext@5fa8a9eb{ozoneManager,/,file:///home/runner/work/ozone/ozone/hadoop-ozone/integration-test/target/test-classes/webapps/ozoneManager/,AVAILABLE}{file:/home/runner/work/ozone/ozone/hadoop-ozone/integration-test/target/test-classes/webapps/ozoneManager}
2024-01-08 22:35:57,529 [main] INFO  server.AbstractConnector (AbstractConnector.java:doStart(333)) - Started ServerConnector@7431b254{HTTP/1.1, (http/1.1)}{0.0.0.0:15094}
2024-01-08 22:35:57,529 [main] INFO  server.Server (Server.java:doStart(415)) - Started @44825ms
2024-01-08 22:35:57,530 [main] WARN  impl.MetricsSystemImpl (MetricsSystemImpl.java:register(279)) - Sink prometheus already exists!
2024-01-08 22:35:57,530 [main] INFO  http.BaseHttpServer (BaseHttpServer.java:updateConnectorAddress(354)) - HTTP server of ozoneManager listening at http://0.0.0.0:15094
2024-01-08 22:35:57,531 [IPC Server Responder] INFO  ipc.Server (Server.java:run(1562)) - IPC Server Responder: starting
2024-01-08 22:35:57,531 [IPC Server listener on 15093] INFO  ipc.Server (Server.java:run(1402)) - IPC Server listener on 15093: starting
2024-01-08 22:35:57,535 [main] INFO  om.OzoneManager (OzoneManager.java:startTrashEmptier(2094)) - Trash Interval set to 0. Files deleted won't move to trash
2024-01-08 22:35:57,554 [main] WARN  dropwizard3.Dm3MetricRegistriesImpl (Dm3MetricRegistriesImpl.java:addReporterRegistration(113)) - New reporters are added after registries were created. Some metrics will be missing from the reporter. Please add reporter before adding any new registry.
2024-01-08 22:35:57,554 [main] WARN  dropwizard3.Dm3MetricRegistriesImpl (Dm3MetricRegistriesImpl.java:addReporterRegistration(113)) - New reporters are added after registries were created. Some metrics will be missing from the reporter. Please add reporter before adding any new registry.
2024-01-08 22:35:57,554 [main] INFO  impl.MetricsSystemImpl (MetricsSystemImpl.java:init(158)) - HddsDatanode metrics system started (again)
2024-01-08 22:35:57,564 [main] INFO  ozone.HddsDatanodeService (HddsDatanodeService.java:start(239)) - HddsDatanodeService host:fv-az1425-465 ip:10.1.0.16
2024-01-08 22:35:57,580 [main] INFO  upgrade.AbstractLayoutVersionManager (AbstractLayoutVersionManager.java:init(83)) - Initializing Layout version manager with metadata layout = HADOOP_PRC_PORTS_IN_DATANODEDETAILS (version = 7), software layout = HADOOP_PRC_PORTS_IN_DATANODEDETAILS (version = 7)
2024-01-08 22:35:57,581 [main] INFO  statemachine.DatanodeStateMachine (DatanodeStateMachine.java:getEndPointTaskThreadPoolSize(299)) - Datanode State Machine Task Thread Pool size 2
2024-01-08 22:35:57,582 [main] INFO  volume.HddsVolume (HddsVolume.java:<init>(125)) - Creating HddsVolume: /home/runner/work/ozone/ozone/hadoop-ozone/integration-test/target/test-dir/MiniOzoneClusterImpl-25d1905f-b767-404d-84bf-be0dd4c89112/datanode-0/data-0/containers/hdds of storage type : DISK capacity : 9223372036854775807
2024-01-08 22:35:57,583 [main] INFO  volume.MutableVolumeSet (MutableVolumeSet.java:initializeVolumeSet(173)) - Added Volume : /home/runner/work/ozone/ozone/hadoop-ozone/integration-test/target/test-dir/MiniOzoneClusterImpl-25d1905f-b767-404d-84bf-be0dd4c89112/datanode-0/data-0/containers/hdds to VolumeSet
2024-01-08 22:35:57,584 [main] INFO  volume.MutableVolumeSet (MutableVolumeSet.java:initializeVolumeSet(173)) - Added Volume : /home/runner/work/ozone/ozone/hadoop-ozone/integration-test/target/test-dir/MiniOzoneClusterImpl-25d1905f-b767-404d-84bf-be0dd4c89112/datanode-0/data/ratis to VolumeSet
2024-01-08 22:35:57,584 [main] INFO  ozoneimpl.OzoneContainer (HddsVolumeUtil.java:loadAllHddsVolumeDbStore(103)) - Load 1 volumes DbStore cost: 0ms
2024-01-08 22:35:57,584 [67cb853c-2ca0-42d6-9769-2750435db4d1-ContainerReader-0] INFO  ozoneimpl.ContainerReader (ContainerReader.java:readVolume(178)) - Finish verifying containers on volume /home/runner/work/ozone/ozone/hadoop-ozone/integration-test/target/test-dir/MiniOzoneClusterImpl-25d1905f-b767-404d-84bf-be0dd4c89112/datanode-0/data-0/containers/hdds
2024-01-08 22:35:57,584 [main] INFO  ozoneimpl.OzoneContainer (OzoneContainer.java:buildContainerSet(326)) - Build ContainerSet costs 0s
2024-01-08 22:35:57,586 [main] INFO  server.RaftServer (ConfUtils.java:logGet(46)) - raft.rpc.type = GRPC (default)
2024-01-08 22:35:57,587 [main] INFO  grpc.GrpcConfigKeys (ConfUtils.java:logFallback(53)) - raft.grpc.admin.host = null (fallback to raft.grpc.server.host)
2024-01-08 22:35:57,587 [main] INFO  grpc.GrpcConfigKeys (ConfUtils.java:logGet(46)) - raft.grpc.admin.port = 15102 (custom)
2024-01-08 22:35:57,587 [main] INFO  grpc.GrpcConfigKeys (ConfUtils.java:logFallback(53)) - raft.grpc.client.host = null (fallback to raft.grpc.server.host)
2024-01-08 22:35:57,587 [main] INFO  grpc.GrpcConfigKeys (ConfUtils.java:logGet(46)) - raft.grpc.client.port = 15101 (custom)
2024-01-08 22:35:57,588 [main] INFO  grpc.GrpcConfigKeys (ConfUtils.java:logGet(46)) - raft.grpc.server.host = null (default)
2024-01-08 22:35:57,588 [main] INFO  grpc.GrpcConfigKeys (ConfUtils.java:logGet(46)) - raft.grpc.server.port = 15103 (custom)
2024-01-08 22:35:57,588 [main] INFO  server.GrpcService (ConfUtils.java:logGet(46)) - raft.grpc.message.size.max = 32MB (=33554432) (custom)
2024-01-08 22:35:57,588 [main] INFO  server.RaftServerConfigKeys (ConfUtils.java:logGet(46)) - raft.server.log.appender.buffer.byte-limit = 8388608 (custom)
2024-01-08 22:35:57,589 [main] INFO  server.GrpcService (ConfUtils.java:logGet(46)) - raft.grpc.flow.control.window = 5MB (=5242880) (custom)
2024-01-08 22:35:57,589 [main] INFO  server.RaftServerConfigKeys (ConfUtils.java:logGet(46)) - raft.server.rpc.request.timeout = 3000ms (default)
2024-01-08 22:35:57,589 [main] INFO  grpc.GrpcConfigKeys (ConfUtils.java:logGet(46)) - raft.grpc.server.heartbeat.channel = true (default)
2024-01-08 22:35:57,589 [main] INFO  grpc.GrpcConfigKeys (ConfUtils.java:logGet(46)) - raft.grpc.server.async.request.thread.pool.cached = true (default)
2024-01-08 22:35:57,589 [main] INFO  grpc.GrpcConfigKeys (ConfUtils.java:logGet(46)) - raft.grpc.server.async.request.thread.pool.size = 32 (default)
2024-01-08 22:35:57,592 [main] INFO  impl.DataStreamServerImpl (ConfUtils.java:logGet(46)) - raft.datastream.type = NETTY (custom)
2024-01-08 22:35:57,592 [main] INFO  server.RaftServerConfigKeys (ConfUtils.java:logGet(46)) - raft.server.data-stream.async.request.thread.pool.cached = false (default)
2024-01-08 22:35:57,592 [main] INFO  server.RaftServerConfigKeys (ConfUtils.java:logGet(46)) - raft.server.data-stream.async.request.thread.pool.size = 20 (custom)
2024-01-08 22:35:57,592 [main] INFO  server.RaftServerConfigKeys (ConfUtils.java:logGet(46)) - raft.server.data-stream.async.write.thread.pool.size = 16 (default)
2024-01-08 22:35:57,593 [main] INFO  netty.NettyConfigKeys$DataStream (ConfUtils.java:logGet(46)) - raft.netty.dataStream.server.channel.inactive.grace-period = 10min (default)
2024-01-08 22:35:57,593 [main] INFO  server.RaftServerConfigKeys (ConfUtils.java:logGet(46)) - raft.server.data-stream.client.pool.size = 10 (default)
2024-01-08 22:35:57,593 [main] INFO  netty.NettyConfigKeys$DataStream (ConfUtils.java:logGet(46)) - raft.netty.dataStream.server.use-epoll = true (default)
2024-01-08 22:35:57,593 [main] INFO  netty.NettyConfigKeys$DataStream (ConfUtils.java:logGet(46)) - raft.netty.dataStream.server.boss-group.size = 0 (default)
2024-01-08 22:35:57,593 [main] INFO  netty.NettyUtils (NettyUtils.java:newEventLoopGroup(69)) - Create EpollEventLoopGroup for 67cb853c-2ca0-42d6-9769-2750435db4d1-NettyServerStreamRpc-bossGroup; Thread size is 0.
2024-01-08 22:35:57,594 [main] INFO  netty.NettyConfigKeys$DataStream (ConfUtils.java:logGet(46)) - raft.netty.dataStream.server.worker-group.size = 0 (default)
2024-01-08 22:35:57,594 [main] INFO  netty.NettyUtils (NettyUtils.java:newEventLoopGroup(69)) - Create EpollEventLoopGroup for 67cb853c-2ca0-42d6-9769-2750435db4d1-NettyServerStreamRpc-workerGroup; Thread size is 0.
2024-01-08 22:35:57,595 [main] INFO  netty.NettyConfigKeys$DataStream (ConfUtils.java:logGet(46)) - raft.netty.dataStream.server.tls.conf = null (default)
2024-01-08 22:35:57,595 [main] INFO  netty.NettyConfigKeys$DataStream (ConfUtils.java:logGet(46)) - raft.netty.dataStream.host = null (default)
2024-01-08 22:35:57,595 [main] INFO  netty.NettyConfigKeys$DataStream (ConfUtils.java:logGet(46)) - raft.netty.dataStream.port = 15104 (custom)
2024-01-08 22:35:57,596 [main] INFO  server.RaftServerConfigKeys (ConfUtils.java:logGet(46)) - raft.server.sleep.deviation.threshold = 300ms (default)
2024-01-08 22:35:57,596 [main] INFO  server.RaftServerConfigKeys (ConfUtils.java:logGet(46)) - raft.server.close.threshold = 60s (default)
2024-01-08 22:35:57,596 [main] INFO  server.RaftServerConfigKeys (ConfUtils.java:logGet(46)) - raft.server.leaderelection.leader.step-down.wait-time = 10s (default)
2024-01-08 22:35:57,596 [67cb853c-2ca0-42d6-9769-2750435db4d1-NettyServerStreamRpc-bossGroup--thread1] INFO  logging.LoggingHandler (AbstractInternalLogger.java:log(148)) - [id: 0x5a8c7b76] REGISTERED
2024-01-08 22:35:57,596 [main] INFO  server.RaftServerConfigKeys (ConfUtils.java:logGet(46)) - raft.server.storage.dir = [/home/runner/work/ozone/ozone/hadoop-ozone/integration-test/target/test-dir/MiniOzoneClusterImpl-25d1905f-b767-404d-84bf-be0dd4c89112/datanode-0/data/ratis] (custom)
2024-01-08 22:35:57,597 [main] INFO  server.RaftServerConfigKeys (ConfUtils.java:logGet(46)) - raft.server.threadpool.proxy.cached = true (default)
2024-01-08 22:35:57,597 [main] INFO  server.RaftServerConfigKeys (ConfUtils.java:logGet(46)) - raft.server.threadpool.proxy.size = 0 (default)
2024-01-08 22:35:57,596 [67cb853c-2ca0-42d6-9769-2750435db4d1-NettyServerStreamRpc-bossGroup--thread1] INFO  logging.LoggingHandler (AbstractInternalLogger.java:log(148)) - [id: 0x5a8c7b76] BIND: 0.0.0.0/0.0.0.0:15104
2024-01-08 22:35:57,597 [67cb853c-2ca0-42d6-9769-2750435db4d1-NettyServerStreamRpc-bossGroup--thread1] INFO  logging.LoggingHandler (AbstractInternalLogger.java:log(148)) - [id: 0x5a8c7b76, L:/0.0.0.0:15104] ACTIVE
2024-01-08 22:35:57,599 [67cb853c-2ca0-42d6-9769-2750435db4d1-impl-thread1] INFO  server.RaftServer (RaftServerProxy.java:initGroupDir(264)) - 67cb853c-2ca0-42d6-9769-2750435db4d1: found a subdirectory /home/runner/work/ozone/ozone/hadoop-ozone/integration-test/target/test-dir/MiniOzoneClusterImpl-25d1905f-b767-404d-84bf-be0dd4c89112/datanode-0/data/ratis/tmp
2024-01-08 22:35:57,599 [67cb853c-2ca0-42d6-9769-2750435db4d1-impl-thread1] INFO  server.RaftServer (RaftServerProxy.java:initGroupDir(269)) - 67cb853c-2ca0-42d6-9769-2750435db4d1: The directory /home/runner/work/ozone/ozone/hadoop-ozone/integration-test/target/test-dir/MiniOzoneClusterImpl-25d1905f-b767-404d-84bf-be0dd4c89112/datanode-0/data/ratis/tmp is not a group directory; ignoring it. 
2024-01-08 22:35:57,600 [main] INFO  replication.ReplicationServer (ReplicationServer.java:<init>(85)) - Initializing replication server with thread count = 10 queue length = 4096
2024-01-08 22:35:57,601 [main] INFO  server.XceiverServerGrpc (XceiverServerGrpc.java:<init>(141)) - GrpcServer channel type EpollServerSocketChannel
2024-01-08 22:35:57,602 [main] INFO  replication.ReplicationSupervisor (ReplicationSupervisor.java:build(163)) - Initializing replication supervisor with thread count = 10
2024-01-08 22:35:57,602 [main] INFO  replication.ReplicationSupervisor (ReplicationSupervisor.java:nodeStateUpdated(317)) - Node state updated to IN_SERVICE, scaling executor pool size to 10
2024-01-08 22:35:57,604 [main] INFO  http.BaseHttpServer (BaseHttpServer.java:newHttpServer2BuilderForOzone(223)) - Starting Web-server for hddsDatanode at: http://0.0.0.0:15098
2024-01-08 22:35:57,604 [main] INFO  http.BaseHttpServer (BaseHttpServer.java:<init>(110)) - Hadoop Security Enabled: false Ozone Security Enabled: false Ozone HTTP Security Enabled: false 
2024-01-08 22:35:57,605 [main] WARN  server.AuthenticationFilter (AuthenticationFilter.java:constructSecretProvider(240)) - Unable to initialize FileSignerSecretProvider, falling back to use random secrets. Reason: Could not read signature secret file: /home/runner/hadoop-http-auth-signature-secret
2024-01-08 22:35:57,606 [main] INFO  http.HttpRequestLog (HttpRequestLog.java:getRequestLog(86)) - Http request log for http.requests.hddsDatanode is not defined
2024-01-08 22:35:57,607 [main] INFO  http.HttpServer2 (HttpServer2.java:addGlobalFilter(1036)) - Added global filter 'safety' (class=org.apache.hadoop.hdds.server.http.HttpServer2$QuotingInputFilter)
2024-01-08 22:35:57,607 [main] INFO  http.HttpServer2 (HttpServer2.java:addFilter(1012)) - Added filter static_user_filter (class=org.apache.hadoop.http.lib.StaticUserWebFilter$StaticUserFilter) to context hddsDatanode
2024-01-08 22:35:57,607 [main] INFO  http.HttpServer2 (HttpServer2.java:addFilter(1020)) - Added filter static_user_filter (class=org.apache.hadoop.http.lib.StaticUserWebFilter$StaticUserFilter) to context static
2024-01-08 22:35:57,608 [main] INFO  http.HttpServer2 (HttpServer2.java:addFilter(1020)) - Added filter static_user_filter (class=org.apache.hadoop.http.lib.StaticUserWebFilter$StaticUserFilter) to context logs
2024-01-08 22:35:57,608 [main] INFO  http.BaseHttpServer (BaseHttpServer.java:<init>(189)) - HTTP server of hddsDatanode uses base directory /home/runner/work/ozone/ozone/hadoop-ozone/integration-test/target/test-dir/MiniOzoneClusterImpl-25d1905f-b767-404d-84bf-be0dd4c89112/datanode-0/meta/webserver
2024-01-08 22:35:57,608 [main] INFO  http.HttpServer2 (HttpServer2.java:bindListener(1236)) - Jetty bound to port 15098
2024-01-08 22:35:57,608 [main] INFO  server.Server (Server.java:doStart(375)) - jetty-9.4.53.v20231009; built: 2023-10-09T12:29:09.265Z; git: 27bde00a0b95a1d5bbee0eae7984f891d2d0f8c9; jvm 1.8.0_392-b08
2024-01-08 22:35:57,609 [main] INFO  server.session (DefaultSessionIdManager.java:doStart(334)) - DefaultSessionIdManager workerName=node0
2024-01-08 22:35:57,609 [main] INFO  server.session (DefaultSessionIdManager.java:doStart(339)) - No SessionScavenger set, using defaults
2024-01-08 22:35:57,610 [main] INFO  server.session (HouseKeeper.java:startScavenging(132)) - node0 Scavenging every 660000ms
2024-01-08 22:35:57,610 [main] INFO  handler.ContextHandler (ContextHandler.java:doStart(921)) - Started o.e.j.s.ServletContextHandler@794790c4{logs,/logs,file:///home/runner/work/ozone/ozone/hadoop-ozone/integration-test/target/log,AVAILABLE}
2024-01-08 22:35:57,611 [main] INFO  handler.ContextHandler (ContextHandler.java:doStart(921)) - Started o.e.j.s.ServletContextHandler@65bff8ce{static,/static,jar:file:/home/runner/.m2/repository/org/apache/ozone/hdds-container-service/1.5.0-SNAPSHOT/hdds-container-service-1.5.0-SNAPSHOT.jar!/webapps/static,AVAILABLE}
2024-01-08 22:35:57,643 [main] INFO  handler.ContextHandler (ContextHandler.java:doStart(921)) - Started o.e.j.w.WebAppContext@b732fcc{hddsDatanode,/,file:///home/runner/work/ozone/ozone/hadoop-ozone/integration-test/target/test-dir/MiniOzoneClusterImpl-25d1905f-b767-404d-84bf-be0dd4c89112/datanode-0/meta/webserver/jetty-0_0_0_0-15098-hdds-container-service-1_5_0-SNAPSHOT_jar-_-any-787793131164833787/webapp/,AVAILABLE}{jar:file:/home/runner/.m2/repository/org/apache/ozone/hdds-container-service/1.5.0-SNAPSHOT/hdds-container-service-1.5.0-SNAPSHOT.jar!/webapps/hddsDatanode}
2024-01-08 22:35:57,647 [main] INFO  server.AbstractConnector (AbstractConnector.java:doStart(333)) - Started ServerConnector@4dc5675{HTTP/1.1, (http/1.1)}{0.0.0.0:15098}
2024-01-08 22:35:57,647 [main] INFO  server.Server (Server.java:doStart(415)) - Started @44943ms
2024-01-08 22:35:57,647 [main] WARN  impl.MetricsSystemImpl (MetricsSystemImpl.java:register(279)) - Sink prometheus already exists!
2024-01-08 22:35:57,647 [main] INFO  http.BaseHttpServer (BaseHttpServer.java:updateConnectorAddress(354)) - HTTP server of hddsDatanode listening at http://0.0.0.0:15098
2024-01-08 22:35:57,648 [main] INFO  ipc.CallQueueManager (CallQueueManager.java:<init>(90)) - Using callQueue: class java.util.concurrent.LinkedBlockingQueue, queueCapacity: 100, scheduler: class org.apache.hadoop.ipc.DefaultRpcScheduler, ipcBackoff: false.
2024-01-08 22:35:57,648 [main] INFO  ipc.Server (Server.java:<init>(1287)) - Listener at 0.0.0.0:15099
2024-01-08 22:35:57,648 [Socket Reader #1 for port 15099] INFO  ipc.Server (Server.java:run(1323)) - Starting Socket Reader #1 for port 15099
2024-01-08 22:35:57,650 [main] INFO  ozone.HddsDatanodeService (HddsDatanodeService.java:start(324)) - Datanode start with admins: [runner]
2024-01-08 22:35:57,650 [main] INFO  ozone.HddsDatanodeClientProtocolServer (HddsDatanodeClientProtocolServer.java:start(72)) - RPC server for Client /0.0.0.0:15099
2024-01-08 22:35:57,650 [IPC Server Responder] INFO  ipc.Server (Server.java:run(1562)) - IPC Server Responder: starting
2024-01-08 22:35:57,650 [IPC Server listener on 15099] INFO  ipc.Server (Server.java:run(1402)) - IPC Server listener on 15099: starting
2024-01-08 22:35:57,651 [67cb853c-2ca0-42d6-9769-2750435db4d1-DatanodeStateMachineDaemonThread] INFO  statemachine.DatanodeStateMachine (DatanodeStateMachine.java:lambda$startDaemon$1(555)) - Ozone container server started.
2024-01-08 22:35:57,651 [main] WARN  dropwizard3.Dm3MetricRegistriesImpl (Dm3MetricRegistriesImpl.java:addReporterRegistration(113)) - New reporters are added after registries were created. Some metrics will be missing from the reporter. Please add reporter before adding any new registry.
2024-01-08 22:35:57,652 [main] WARN  dropwizard3.Dm3MetricRegistriesImpl (Dm3MetricRegistriesImpl.java:addReporterRegistration(113)) - New reporters are added after registries were created. Some metrics will be missing from the reporter. Please add reporter before adding any new registry.
2024-01-08 22:35:57,652 [main] INFO  impl.MetricsSystemImpl (MetricsSystemImpl.java:init(158)) - HddsDatanode metrics system started (again)
2024-01-08 22:35:57,654 [67cb853c-2ca0-42d6-9769-2750435db4d1-DatanodeStateMachineTaskThread-0] INFO  datanode.InitDatanodeState (InitDatanodeState.java:persistContainerDatanodeDetails(139)) - DatanodeDetails is persisted to /home/runner/work/ozone/ozone/hadoop-ozone/integration-test/target/test-dir/MiniOzoneClusterImpl-25d1905f-b767-404d-84bf-be0dd4c89112/datanode-0/meta/datanode.id
2024-01-08 22:35:57,661 [main] INFO  ozone.HddsDatanodeService (HddsDatanodeService.java:start(239)) - HddsDatanodeService host:fv-az1425-465 ip:10.1.0.16
2024-01-08 22:35:57,678 [main] INFO  upgrade.AbstractLayoutVersionManager (AbstractLayoutVersionManager.java:init(83)) - Initializing Layout version manager with metadata layout = HADOOP_PRC_PORTS_IN_DATANODEDETAILS (version = 7), software layout = HADOOP_PRC_PORTS_IN_DATANODEDETAILS (version = 7)
2024-01-08 22:35:57,679 [main] INFO  statemachine.DatanodeStateMachine (DatanodeStateMachine.java:getEndPointTaskThreadPoolSize(299)) - Datanode State Machine Task Thread Pool size 2
2024-01-08 22:35:57,680 [main] INFO  volume.HddsVolume (HddsVolume.java:<init>(125)) - Creating HddsVolume: /home/runner/work/ozone/ozone/hadoop-ozone/integration-test/target/test-dir/MiniOzoneClusterImpl-25d1905f-b767-404d-84bf-be0dd4c89112/datanode-1/data-0/containers/hdds of storage type : DISK capacity : 9223372036854775807
2024-01-08 22:35:57,680 [main] INFO  volume.MutableVolumeSet (MutableVolumeSet.java:initializeVolumeSet(173)) - Added Volume : /home/runner/work/ozone/ozone/hadoop-ozone/integration-test/target/test-dir/MiniOzoneClusterImpl-25d1905f-b767-404d-84bf-be0dd4c89112/datanode-1/data-0/containers/hdds to VolumeSet
2024-01-08 22:35:57,681 [main] INFO  volume.MutableVolumeSet (MutableVolumeSet.java:initializeVolumeSet(173)) - Added Volume : /home/runner/work/ozone/ozone/hadoop-ozone/integration-test/target/test-dir/MiniOzoneClusterImpl-25d1905f-b767-404d-84bf-be0dd4c89112/datanode-1/data/ratis to VolumeSet
2024-01-08 22:35:57,681 [main] INFO  ozoneimpl.OzoneContainer (HddsVolumeUtil.java:loadAllHddsVolumeDbStore(103)) - Load 1 volumes DbStore cost: 0ms
2024-01-08 22:35:57,682 [5cfc645b-31c2-46a6-b96a-3988b9b23202-ContainerReader-0] INFO  ozoneimpl.ContainerReader (ContainerReader.java:readVolume(178)) - Finish verifying containers on volume /home/runner/work/ozone/ozone/hadoop-ozone/integration-test/target/test-dir/MiniOzoneClusterImpl-25d1905f-b767-404d-84bf-be0dd4c89112/datanode-1/data-0/containers/hdds
2024-01-08 22:35:57,682 [main] INFO  ozoneimpl.OzoneContainer (OzoneContainer.java:buildContainerSet(326)) - Build ContainerSet costs 0s
2024-01-08 22:35:57,684 [main] INFO  server.RaftServer (ConfUtils.java:logGet(46)) - raft.rpc.type = GRPC (default)
2024-01-08 22:35:57,684 [main] INFO  grpc.GrpcConfigKeys (ConfUtils.java:logFallback(53)) - raft.grpc.admin.host = null (fallback to raft.grpc.server.host)
2024-01-08 22:35:57,684 [main] INFO  grpc.GrpcConfigKeys (ConfUtils.java:logGet(46)) - raft.grpc.admin.port = 15111 (custom)
2024-01-08 22:35:57,685 [main] INFO  grpc.GrpcConfigKeys (ConfUtils.java:logFallback(53)) - raft.grpc.client.host = null (fallback to raft.grpc.server.host)
2024-01-08 22:35:57,685 [main] INFO  grpc.GrpcConfigKeys (ConfUtils.java:logGet(46)) - raft.grpc.client.port = 15110 (custom)
2024-01-08 22:35:57,685 [main] INFO  grpc.GrpcConfigKeys (ConfUtils.java:logGet(46)) - raft.grpc.server.host = null (default)
2024-01-08 22:35:57,685 [main] INFO  grpc.GrpcConfigKeys (ConfUtils.java:logGet(46)) - raft.grpc.server.port = 15112 (custom)
2024-01-08 22:35:57,685 [main] INFO  server.GrpcService (ConfUtils.java:logGet(46)) - raft.grpc.message.size.max = 32MB (=33554432) (custom)
2024-01-08 22:35:57,686 [main] INFO  server.RaftServerConfigKeys (ConfUtils.java:logGet(46)) - raft.server.log.appender.buffer.byte-limit = 8388608 (custom)
2024-01-08 22:35:57,686 [main] INFO  server.GrpcService (ConfUtils.java:logGet(46)) - raft.grpc.flow.control.window = 5MB (=5242880) (custom)
2024-01-08 22:35:57,686 [main] INFO  server.RaftServerConfigKeys (ConfUtils.java:logGet(46)) - raft.server.rpc.request.timeout = 3000ms (default)
2024-01-08 22:35:57,686 [main] INFO  grpc.GrpcConfigKeys (ConfUtils.java:logGet(46)) - raft.grpc.server.heartbeat.channel = true (default)
2024-01-08 22:35:57,686 [main] INFO  grpc.GrpcConfigKeys (ConfUtils.java:logGet(46)) - raft.grpc.server.async.request.thread.pool.cached = true (default)
2024-01-08 22:35:57,686 [main] INFO  grpc.GrpcConfigKeys (ConfUtils.java:logGet(46)) - raft.grpc.server.async.request.thread.pool.size = 32 (default)
2024-01-08 22:35:57,689 [main] INFO  impl.DataStreamServerImpl (ConfUtils.java:logGet(46)) - raft.datastream.type = NETTY (custom)
2024-01-08 22:35:57,689 [main] INFO  server.RaftServerConfigKeys (ConfUtils.java:logGet(46)) - raft.server.data-stream.async.request.thread.pool.cached = false (default)
2024-01-08 22:35:57,689 [main] INFO  server.RaftServerConfigKeys (ConfUtils.java:logGet(46)) - raft.server.data-stream.async.request.thread.pool.size = 20 (custom)
2024-01-08 22:35:57,689 [main] INFO  server.RaftServerConfigKeys (ConfUtils.java:logGet(46)) - raft.server.data-stream.async.write.thread.pool.size = 16 (default)
2024-01-08 22:35:57,690 [main] INFO  netty.NettyConfigKeys$DataStream (ConfUtils.java:logGet(46)) - raft.netty.dataStream.server.channel.inactive.grace-period = 10min (default)
2024-01-08 22:35:57,690 [main] INFO  server.RaftServerConfigKeys (ConfUtils.java:logGet(46)) - raft.server.data-stream.client.pool.size = 10 (default)
2024-01-08 22:35:57,690 [main] INFO  netty.NettyConfigKeys$DataStream (ConfUtils.java:logGet(46)) - raft.netty.dataStream.server.use-epoll = true (default)
2024-01-08 22:35:57,690 [main] INFO  netty.NettyConfigKeys$DataStream (ConfUtils.java:logGet(46)) - raft.netty.dataStream.server.boss-group.size = 0 (default)
2024-01-08 22:35:57,690 [main] INFO  netty.NettyUtils (NettyUtils.java:newEventLoopGroup(69)) - Create EpollEventLoopGroup for 5cfc645b-31c2-46a6-b96a-3988b9b23202-NettyServerStreamRpc-bossGroup; Thread size is 0.
2024-01-08 22:35:57,690 [main] INFO  netty.NettyConfigKeys$DataStream (ConfUtils.java:logGet(46)) - raft.netty.dataStream.server.worker-group.size = 0 (default)
2024-01-08 22:35:57,690 [main] INFO  netty.NettyUtils (NettyUtils.java:newEventLoopGroup(69)) - Create EpollEventLoopGroup for 5cfc645b-31c2-46a6-b96a-3988b9b23202-NettyServerStreamRpc-workerGroup; Thread size is 0.
2024-01-08 22:35:57,691 [main] INFO  netty.NettyConfigKeys$DataStream (ConfUtils.java:logGet(46)) - raft.netty.dataStream.server.tls.conf = null (default)
2024-01-08 22:35:57,691 [main] INFO  netty.NettyConfigKeys$DataStream (ConfUtils.java:logGet(46)) - raft.netty.dataStream.host = null (default)
2024-01-08 22:35:57,691 [main] INFO  netty.NettyConfigKeys$DataStream (ConfUtils.java:logGet(46)) - raft.netty.dataStream.port = 15113 (custom)
2024-01-08 22:35:57,692 [main] INFO  server.RaftServerConfigKeys (ConfUtils.java:logGet(46)) - raft.server.sleep.deviation.threshold = 300ms (default)
2024-01-08 22:35:57,692 [5cfc645b-31c2-46a6-b96a-3988b9b23202-NettyServerStreamRpc-bossGroup--thread1] INFO  logging.LoggingHandler (AbstractInternalLogger.java:log(148)) - [id: 0xe2bb055d] REGISTERED
2024-01-08 22:35:57,692 [main] INFO  server.RaftServerConfigKeys (ConfUtils.java:logGet(46)) - raft.server.close.threshold = 60s (default)
2024-01-08 22:35:57,692 [5cfc645b-31c2-46a6-b96a-3988b9b23202-NettyServerStreamRpc-bossGroup--thread1] INFO  logging.LoggingHandler (AbstractInternalLogger.java:log(148)) - [id: 0xe2bb055d] BIND: 0.0.0.0/0.0.0.0:15113
2024-01-08 22:35:57,692 [main] INFO  server.RaftServerConfigKeys (ConfUtils.java:logGet(46)) - raft.server.leaderelection.leader.step-down.wait-time = 10s (default)
2024-01-08 22:35:57,693 [5cfc645b-31c2-46a6-b96a-3988b9b23202-NettyServerStreamRpc-bossGroup--thread1] INFO  logging.LoggingHandler (AbstractInternalLogger.java:log(148)) - [id: 0xe2bb055d, L:/0.0.0.0:15113] ACTIVE
2024-01-08 22:35:57,693 [main] INFO  server.RaftServerConfigKeys (ConfUtils.java:logGet(46)) - raft.server.storage.dir = [/home/runner/work/ozone/ozone/hadoop-ozone/integration-test/target/test-dir/MiniOzoneClusterImpl-25d1905f-b767-404d-84bf-be0dd4c89112/datanode-1/data/ratis] (custom)
2024-01-08 22:35:57,693 [main] INFO  server.RaftServerConfigKeys (ConfUtils.java:logGet(46)) - raft.server.threadpool.proxy.cached = true (default)
2024-01-08 22:35:57,693 [main] INFO  server.RaftServerConfigKeys (ConfUtils.java:logGet(46)) - raft.server.threadpool.proxy.size = 0 (default)
2024-01-08 22:35:57,693 [5cfc645b-31c2-46a6-b96a-3988b9b23202-impl-thread1] INFO  server.RaftServer (RaftServerProxy.java:initGroupDir(264)) - 5cfc645b-31c2-46a6-b96a-3988b9b23202: found a subdirectory /home/runner/work/ozone/ozone/hadoop-ozone/integration-test/target/test-dir/MiniOzoneClusterImpl-25d1905f-b767-404d-84bf-be0dd4c89112/datanode-1/data/ratis/tmp
2024-01-08 22:35:57,693 [5cfc645b-31c2-46a6-b96a-3988b9b23202-impl-thread1] INFO  server.RaftServer (RaftServerProxy.java:initGroupDir(269)) - 5cfc645b-31c2-46a6-b96a-3988b9b23202: The directory /home/runner/work/ozone/ozone/hadoop-ozone/integration-test/target/test-dir/MiniOzoneClusterImpl-25d1905f-b767-404d-84bf-be0dd4c89112/datanode-1/data/ratis/tmp is not a group directory; ignoring it. 
2024-01-08 22:35:57,694 [main] INFO  replication.ReplicationServer (ReplicationServer.java:<init>(85)) - Initializing replication server with thread count = 10 queue length = 4096
2024-01-08 22:35:57,694 [main] INFO  server.XceiverServerGrpc (XceiverServerGrpc.java:<init>(141)) - GrpcServer channel type EpollServerSocketChannel
2024-01-08 22:35:57,695 [main] INFO  replication.ReplicationSupervisor (ReplicationSupervisor.java:build(163)) - Initializing replication supervisor with thread count = 10
2024-01-08 22:35:57,696 [main] INFO  replication.ReplicationSupervisor (ReplicationSupervisor.java:nodeStateUpdated(317)) - Node state updated to IN_SERVICE, scaling executor pool size to 10
2024-01-08 22:35:57,697 [main] INFO  http.BaseHttpServer (BaseHttpServer.java:newHttpServer2BuilderForOzone(223)) - Starting Web-server for hddsDatanode at: http://0.0.0.0:15107
2024-01-08 22:35:57,697 [main] INFO  http.BaseHttpServer (BaseHttpServer.java:<init>(110)) - Hadoop Security Enabled: false Ozone Security Enabled: false Ozone HTTP Security Enabled: false 
2024-01-08 22:35:57,699 [main] WARN  server.AuthenticationFilter (AuthenticationFilter.java:constructSecretProvider(240)) - Unable to initialize FileSignerSecretProvider, falling back to use random secrets. Reason: Could not read signature secret file: /home/runner/hadoop-http-auth-signature-secret
2024-01-08 22:35:57,700 [main] INFO  http.HttpRequestLog (HttpRequestLog.java:getRequestLog(86)) - Http request log for http.requests.hddsDatanode is not defined
2024-01-08 22:35:57,701 [main] INFO  http.HttpServer2 (HttpServer2.java:addGlobalFilter(1036)) - Added global filter 'safety' (class=org.apache.hadoop.hdds.server.http.HttpServer2$QuotingInputFilter)
2024-01-08 22:35:57,702 [main] INFO  http.HttpServer2 (HttpServer2.java:addFilter(1012)) - Added filter static_user_filter (class=org.apache.hadoop.http.lib.StaticUserWebFilter$StaticUserFilter) to context hddsDatanode
2024-01-08 22:35:57,702 [main] INFO  http.HttpServer2 (HttpServer2.java:addFilter(1020)) - Added filter static_user_filter (class=org.apache.hadoop.http.lib.StaticUserWebFilter$StaticUserFilter) to context static
2024-01-08 22:35:57,702 [main] INFO  http.HttpServer2 (HttpServer2.java:addFilter(1020)) - Added filter static_user_filter (class=org.apache.hadoop.http.lib.StaticUserWebFilter$StaticUserFilter) to context logs
2024-01-08 22:35:57,703 [main] INFO  http.BaseHttpServer (BaseHttpServer.java:<init>(189)) - HTTP server of hddsDatanode uses base directory /home/runner/work/ozone/ozone/hadoop-ozone/integration-test/target/test-dir/MiniOzoneClusterImpl-25d1905f-b767-404d-84bf-be0dd4c89112/datanode-1/meta/webserver
2024-01-08 22:35:57,703 [main] INFO  http.HttpServer2 (HttpServer2.java:bindListener(1236)) - Jetty bound to port 15107
2024-01-08 22:35:57,703 [main] INFO  server.Server (Server.java:doStart(375)) - jetty-9.4.53.v20231009; built: 2023-10-09T12:29:09.265Z; git: 27bde00a0b95a1d5bbee0eae7984f891d2d0f8c9; jvm 1.8.0_392-b08
2024-01-08 22:35:57,708 [main] INFO  server.session (DefaultSessionIdManager.java:doStart(334)) - DefaultSessionIdManager workerName=node0
2024-01-08 22:35:57,708 [main] INFO  server.session (DefaultSessionIdManager.java:doStart(339)) - No SessionScavenger set, using defaults
2024-01-08 22:35:57,708 [main] INFO  server.session (HouseKeeper.java:startScavenging(132)) - node0 Scavenging every 660000ms
2024-01-08 22:35:57,709 [main] INFO  handler.ContextHandler (ContextHandler.java:doStart(921)) - Started o.e.j.s.ServletContextHandler@7d389fa7{logs,/logs,file:///home/runner/work/ozone/ozone/hadoop-ozone/integration-test/target/log,AVAILABLE}
2024-01-08 22:35:57,709 [main] INFO  handler.ContextHandler (ContextHandler.java:doStart(921)) - Started o.e.j.s.ServletContextHandler@5dcdaa58{static,/static,jar:file:/home/runner/.m2/repository/org/apache/ozone/hdds-container-service/1.5.0-SNAPSHOT/hdds-container-service-1.5.0-SNAPSHOT.jar!/webapps/static,AVAILABLE}
2024-01-08 22:35:57,745 [main] INFO  handler.ContextHandler (ContextHandler.java:doStart(921)) - Started o.e.j.w.WebAppContext@34feaae{hddsDatanode,/,file:///home/runner/work/ozone/ozone/hadoop-ozone/integration-test/target/test-dir/MiniOzoneClusterImpl-25d1905f-b767-404d-84bf-be0dd4c89112/datanode-1/meta/webserver/jetty-0_0_0_0-15107-hdds-container-service-1_5_0-SNAPSHOT_jar-_-any-4892774462736738565/webapp/,AVAILABLE}{jar:file:/home/runner/.m2/repository/org/apache/ozone/hdds-container-service/1.5.0-SNAPSHOT/hdds-container-service-1.5.0-SNAPSHOT.jar!/webapps/hddsDatanode}
2024-01-08 22:35:57,746 [main] INFO  server.AbstractConnector (AbstractConnector.java:doStart(333)) - Started ServerConnector@2948777a{HTTP/1.1, (http/1.1)}{0.0.0.0:15107}
2024-01-08 22:35:57,747 [main] INFO  server.Server (Server.java:doStart(415)) - Started @45043ms
2024-01-08 22:35:57,747 [main] WARN  impl.MetricsSystemImpl (MetricsSystemImpl.java:register(279)) - Sink prometheus already exists!
2024-01-08 22:35:57,747 [main] INFO  http.BaseHttpServer (BaseHttpServer.java:updateConnectorAddress(354)) - HTTP server of hddsDatanode listening at http://0.0.0.0:15107
2024-01-08 22:35:57,747 [main] INFO  ipc.CallQueueManager (CallQueueManager.java:<init>(90)) - Using callQueue: class java.util.concurrent.LinkedBlockingQueue, queueCapacity: 100, scheduler: class org.apache.hadoop.ipc.DefaultRpcScheduler, ipcBackoff: false.
2024-01-08 22:35:57,748 [main] INFO  ipc.Server (Server.java:<init>(1287)) - Listener at 0.0.0.0:15108
2024-01-08 22:35:57,748 [Socket Reader #1 for port 15108] INFO  ipc.Server (Server.java:run(1323)) - Starting Socket Reader #1 for port 15108
2024-01-08 22:35:57,749 [main] INFO  ozone.HddsDatanodeService (HddsDatanodeService.java:start(324)) - Datanode start with admins: [runner]
2024-01-08 22:35:57,749 [main] INFO  ozone.HddsDatanodeClientProtocolServer (HddsDatanodeClientProtocolServer.java:start(72)) - RPC server for Client /0.0.0.0:15108
2024-01-08 22:35:57,749 [IPC Server Responder] INFO  ipc.Server (Server.java:run(1562)) - IPC Server Responder: starting
2024-01-08 22:35:57,750 [IPC Server listener on 15108] INFO  ipc.Server (Server.java:run(1402)) - IPC Server listener on 15108: starting
2024-01-08 22:35:57,751 [5cfc645b-31c2-46a6-b96a-3988b9b23202-DatanodeStateMachineDaemonThread] INFO  statemachine.DatanodeStateMachine (DatanodeStateMachine.java:lambda$startDaemon$1(555)) - Ozone container server started.
2024-01-08 22:35:57,751 [main] WARN  dropwizard3.Dm3MetricRegistriesImpl (Dm3MetricRegistriesImpl.java:addReporterRegistration(113)) - New reporters are added after registries were created. Some metrics will be missing from the reporter. Please add reporter before adding any new registry.
2024-01-08 22:35:57,751 [main] WARN  dropwizard3.Dm3MetricRegistriesImpl (Dm3MetricRegistriesImpl.java:addReporterRegistration(113)) - New reporters are added after registries were created. Some metrics will be missing from the reporter. Please add reporter before adding any new registry.
2024-01-08 22:35:57,751 [main] INFO  impl.MetricsSystemImpl (MetricsSystemImpl.java:init(158)) - HddsDatanode metrics system started (again)
2024-01-08 22:35:57,754 [5cfc645b-31c2-46a6-b96a-3988b9b23202-DatanodeStateMachineTaskThread-0] INFO  datanode.InitDatanodeState (InitDatanodeState.java:persistContainerDatanodeDetails(139)) - DatanodeDetails is persisted to /home/runner/work/ozone/ozone/hadoop-ozone/integration-test/target/test-dir/MiniOzoneClusterImpl-25d1905f-b767-404d-84bf-be0dd4c89112/datanode-1/meta/datanode.id
2024-01-08 22:35:57,760 [main] INFO  ozone.HddsDatanodeService (HddsDatanodeService.java:start(239)) - HddsDatanodeService host:fv-az1425-465 ip:10.1.0.16
2024-01-08 22:35:57,777 [main] INFO  upgrade.AbstractLayoutVersionManager (AbstractLayoutVersionManager.java:init(83)) - Initializing Layout version manager with metadata layout = HADOOP_PRC_PORTS_IN_DATANODEDETAILS (version = 7), software layout = HADOOP_PRC_PORTS_IN_DATANODEDETAILS (version = 7)
2024-01-08 22:35:57,777 [main] INFO  statemachine.DatanodeStateMachine (DatanodeStateMachine.java:getEndPointTaskThreadPoolSize(299)) - Datanode State Machine Task Thread Pool size 2
2024-01-08 22:35:57,778 [main] INFO  volume.HddsVolume (HddsVolume.java:<init>(125)) - Creating HddsVolume: /home/runner/work/ozone/ozone/hadoop-ozone/integration-test/target/test-dir/MiniOzoneClusterImpl-25d1905f-b767-404d-84bf-be0dd4c89112/datanode-2/data-0/containers/hdds of storage type : DISK capacity : 9223372036854775807
2024-01-08 22:35:57,778 [main] INFO  volume.MutableVolumeSet (MutableVolumeSet.java:initializeVolumeSet(173)) - Added Volume : /home/runner/work/ozone/ozone/hadoop-ozone/integration-test/target/test-dir/MiniOzoneClusterImpl-25d1905f-b767-404d-84bf-be0dd4c89112/datanode-2/data-0/containers/hdds to VolumeSet
2024-01-08 22:35:57,779 [main] INFO  volume.MutableVolumeSet (MutableVolumeSet.java:initializeVolumeSet(173)) - Added Volume : /home/runner/work/ozone/ozone/hadoop-ozone/integration-test/target/test-dir/MiniOzoneClusterImpl-25d1905f-b767-404d-84bf-be0dd4c89112/datanode-2/data/ratis to VolumeSet
2024-01-08 22:35:57,779 [main] INFO  ozoneimpl.OzoneContainer (HddsVolumeUtil.java:loadAllHddsVolumeDbStore(103)) - Load 1 volumes DbStore cost: 0ms
2024-01-08 22:35:57,780 [211b11ed-ffba-4cc3-86ed-a5910ca02ca2-ContainerReader-0] INFO  ozoneimpl.ContainerReader (ContainerReader.java:readVolume(178)) - Finish verifying containers on volume /home/runner/work/ozone/ozone/hadoop-ozone/integration-test/target/test-dir/MiniOzoneClusterImpl-25d1905f-b767-404d-84bf-be0dd4c89112/datanode-2/data-0/containers/hdds
2024-01-08 22:35:57,780 [main] INFO  ozoneimpl.OzoneContainer (OzoneContainer.java:buildContainerSet(326)) - Build ContainerSet costs 0s
2024-01-08 22:35:57,782 [main] INFO  server.RaftServer (ConfUtils.java:logGet(46)) - raft.rpc.type = GRPC (default)
2024-01-08 22:35:57,782 [main] INFO  grpc.GrpcConfigKeys (ConfUtils.java:logFallback(53)) - raft.grpc.admin.host = null (fallback to raft.grpc.server.host)
2024-01-08 22:35:57,783 [main] INFO  grpc.GrpcConfigKeys (ConfUtils.java:logGet(46)) - raft.grpc.admin.port = 15120 (custom)
2024-01-08 22:35:57,783 [main] INFO  grpc.GrpcConfigKeys (ConfUtils.java:logFallback(53)) - raft.grpc.client.host = null (fallback to raft.grpc.server.host)
2024-01-08 22:35:57,783 [main] INFO  grpc.GrpcConfigKeys (ConfUtils.java:logGet(46)) - raft.grpc.client.port = 15119 (custom)
2024-01-08 22:35:57,783 [main] INFO  grpc.GrpcConfigKeys (ConfUtils.java:logGet(46)) - raft.grpc.server.host = null (default)
2024-01-08 22:35:57,784 [main] INFO  grpc.GrpcConfigKeys (ConfUtils.java:logGet(46)) - raft.grpc.server.port = 15121 (custom)
2024-01-08 22:35:57,784 [main] INFO  server.GrpcService (ConfUtils.java:logGet(46)) - raft.grpc.message.size.max = 32MB (=33554432) (custom)
2024-01-08 22:35:57,784 [main] INFO  server.RaftServerConfigKeys (ConfUtils.java:logGet(46)) - raft.server.log.appender.buffer.byte-limit = 8388608 (custom)
2024-01-08 22:35:57,784 [main] INFO  server.GrpcService (ConfUtils.java:logGet(46)) - raft.grpc.flow.control.window = 5MB (=5242880) (custom)
2024-01-08 22:35:57,784 [main] INFO  server.RaftServerConfigKeys (ConfUtils.java:logGet(46)) - raft.server.rpc.request.timeout = 3000ms (default)
2024-01-08 22:35:57,785 [main] INFO  grpc.GrpcConfigKeys (ConfUtils.java:logGet(46)) - raft.grpc.server.heartbeat.channel = true (default)
2024-01-08 22:35:57,785 [main] INFO  grpc.GrpcConfigKeys (ConfUtils.java:logGet(46)) - raft.grpc.server.async.request.thread.pool.cached = true (default)
2024-01-08 22:35:57,785 [main] INFO  grpc.GrpcConfigKeys (ConfUtils.java:logGet(46)) - raft.grpc.server.async.request.thread.pool.size = 32 (default)
2024-01-08 22:35:57,787 [main] INFO  impl.DataStreamServerImpl (ConfUtils.java:logGet(46)) - raft.datastream.type = NETTY (custom)
2024-01-08 22:35:57,788 [main] INFO  server.RaftServerConfigKeys (ConfUtils.java:logGet(46)) - raft.server.data-stream.async.request.thread.pool.cached = false (default)
2024-01-08 22:35:57,788 [main] INFO  server.RaftServerConfigKeys (ConfUtils.java:logGet(46)) - raft.server.data-stream.async.request.thread.pool.size = 20 (custom)
2024-01-08 22:35:57,788 [main] INFO  server.RaftServerConfigKeys (ConfUtils.java:logGet(46)) - raft.server.data-stream.async.write.thread.pool.size = 16 (default)
2024-01-08 22:35:57,788 [main] INFO  netty.NettyConfigKeys$DataStream (ConfUtils.java:logGet(46)) - raft.netty.dataStream.server.channel.inactive.grace-period = 10min (default)
2024-01-08 22:35:57,789 [main] INFO  server.RaftServerConfigKeys (ConfUtils.java:logGet(46)) - raft.server.data-stream.client.pool.size = 10 (default)
2024-01-08 22:35:57,789 [main] INFO  netty.NettyConfigKeys$DataStream (ConfUtils.java:logGet(46)) - raft.netty.dataStream.server.use-epoll = true (default)
2024-01-08 22:35:57,789 [main] INFO  netty.NettyConfigKeys$DataStream (ConfUtils.java:logGet(46)) - raft.netty.dataStream.server.boss-group.size = 0 (default)
2024-01-08 22:35:57,789 [main] INFO  netty.NettyUtils (NettyUtils.java:newEventLoopGroup(69)) - Create EpollEventLoopGroup for 211b11ed-ffba-4cc3-86ed-a5910ca02ca2-NettyServerStreamRpc-bossGroup; Thread size is 0.
2024-01-08 22:35:57,790 [main] INFO  netty.NettyConfigKeys$DataStream (ConfUtils.java:logGet(46)) - raft.netty.dataStream.server.worker-group.size = 0 (default)
2024-01-08 22:35:57,790 [main] INFO  netty.NettyUtils (NettyUtils.java:newEventLoopGroup(69)) - Create EpollEventLoopGroup for 211b11ed-ffba-4cc3-86ed-a5910ca02ca2-NettyServerStreamRpc-workerGroup; Thread size is 0.
2024-01-08 22:35:57,790 [main] INFO  netty.NettyConfigKeys$DataStream (ConfUtils.java:logGet(46)) - raft.netty.dataStream.server.tls.conf = null (default)
2024-01-08 22:35:57,791 [main] INFO  netty.NettyConfigKeys$DataStream (ConfUtils.java:logGet(46)) - raft.netty.dataStream.host = null (default)
2024-01-08 22:35:57,791 [main] INFO  netty.NettyConfigKeys$DataStream (ConfUtils.java:logGet(46)) - raft.netty.dataStream.port = 15122 (custom)
2024-01-08 22:35:57,791 [main] INFO  server.RaftServerConfigKeys (ConfUtils.java:logGet(46)) - raft.server.sleep.deviation.threshold = 300ms (default)
2024-01-08 22:35:57,791 [main] INFO  server.RaftServerConfigKeys (ConfUtils.java:logGet(46)) - raft.server.close.threshold = 60s (default)
2024-01-08 22:35:57,792 [main] INFO  server.RaftServerConfigKeys (ConfUtils.java:logGet(46)) - raft.server.leaderelection.leader.step-down.wait-time = 10s (default)
2024-01-08 22:35:57,792 [main] INFO  server.RaftServerConfigKeys (ConfUtils.java:logGet(46)) - raft.server.storage.dir = [/home/runner/work/ozone/ozone/hadoop-ozone/integration-test/target/test-dir/MiniOzoneClusterImpl-25d1905f-b767-404d-84bf-be0dd4c89112/datanode-2/data/ratis] (custom)
2024-01-08 22:35:57,792 [main] INFO  server.RaftServerConfigKeys (ConfUtils.java:logGet(46)) - raft.server.threadpool.proxy.cached = true (default)
2024-01-08 22:35:57,792 [main] INFO  server.RaftServerConfigKeys (ConfUtils.java:logGet(46)) - raft.server.threadpool.proxy.size = 0 (default)
2024-01-08 22:35:57,793 [211b11ed-ffba-4cc3-86ed-a5910ca02ca2-impl-thread1] INFO  server.RaftServer (RaftServerProxy.java:initGroupDir(264)) - 211b11ed-ffba-4cc3-86ed-a5910ca02ca2: found a subdirectory /home/runner/work/ozone/ozone/hadoop-ozone/integration-test/target/test-dir/MiniOzoneClusterImpl-25d1905f-b767-404d-84bf-be0dd4c89112/datanode-2/data/ratis/tmp
2024-01-08 22:35:57,793 [211b11ed-ffba-4cc3-86ed-a5910ca02ca2-impl-thread1] INFO  server.RaftServer (RaftServerProxy.java:initGroupDir(269)) - 211b11ed-ffba-4cc3-86ed-a5910ca02ca2: The directory /home/runner/work/ozone/ozone/hadoop-ozone/integration-test/target/test-dir/MiniOzoneClusterImpl-25d1905f-b767-404d-84bf-be0dd4c89112/datanode-2/data/ratis/tmp is not a group directory; ignoring it. 
2024-01-08 22:35:57,793 [211b11ed-ffba-4cc3-86ed-a5910ca02ca2-NettyServerStreamRpc-bossGroup--thread1] INFO  logging.LoggingHandler (AbstractInternalLogger.java:log(148)) - [id: 0x70c3c8fa] REGISTERED
2024-01-08 22:35:57,793 [main] INFO  replication.ReplicationServer (ReplicationServer.java:<init>(85)) - Initializing replication server with thread count = 10 queue length = 4096
2024-01-08 22:35:57,794 [main] INFO  server.XceiverServerGrpc (XceiverServerGrpc.java:<init>(141)) - GrpcServer channel type EpollServerSocketChannel
2024-01-08 22:35:57,796 [main] INFO  replication.ReplicationSupervisor (ReplicationSupervisor.java:build(163)) - Initializing replication supervisor with thread count = 10
2024-01-08 22:35:57,796 [main] INFO  replication.ReplicationSupervisor (ReplicationSupervisor.java:nodeStateUpdated(317)) - Node state updated to IN_SERVICE, scaling executor pool size to 10
2024-01-08 22:35:57,798 [211b11ed-ffba-4cc3-86ed-a5910ca02ca2-NettyServerStreamRpc-bossGroup--thread1] INFO  logging.LoggingHandler (AbstractInternalLogger.java:log(148)) - [id: 0x70c3c8fa] BIND: 0.0.0.0/0.0.0.0:15122
2024-01-08 22:35:57,798 [main] INFO  http.BaseHttpServer (BaseHttpServer.java:newHttpServer2BuilderForOzone(223)) - Starting Web-server for hddsDatanode at: http://0.0.0.0:15116
2024-01-08 22:35:57,798 [main] INFO  http.BaseHttpServer (BaseHttpServer.java:<init>(110)) - Hadoop Security Enabled: false Ozone Security Enabled: false Ozone HTTP Security Enabled: false 
2024-01-08 22:35:57,799 [211b11ed-ffba-4cc3-86ed-a5910ca02ca2-NettyServerStreamRpc-bossGroup--thread1] INFO  logging.LoggingHandler (AbstractInternalLogger.java:log(148)) - [id: 0x70c3c8fa, L:/0.0.0.0:15122] ACTIVE
2024-01-08 22:35:57,799 [main] WARN  server.AuthenticationFilter (AuthenticationFilter.java:constructSecretProvider(240)) - Unable to initialize FileSignerSecretProvider, falling back to use random secrets. Reason: Could not read signature secret file: /home/runner/hadoop-http-auth-signature-secret
2024-01-08 22:35:57,800 [main] INFO  http.HttpRequestLog (HttpRequestLog.java:getRequestLog(86)) - Http request log for http.requests.hddsDatanode is not defined
2024-01-08 22:35:57,801 [main] INFO  http.HttpServer2 (HttpServer2.java:addGlobalFilter(1036)) - Added global filter 'safety' (class=org.apache.hadoop.hdds.server.http.HttpServer2$QuotingInputFilter)
2024-01-08 22:35:57,802 [main] INFO  http.HttpServer2 (HttpServer2.java:addFilter(1012)) - Added filter static_user_filter (class=org.apache.hadoop.http.lib.StaticUserWebFilter$StaticUserFilter) to context hddsDatanode
2024-01-08 22:35:57,802 [main] INFO  http.HttpServer2 (HttpServer2.java:addFilter(1020)) - Added filter static_user_filter (class=org.apache.hadoop.http.lib.StaticUserWebFilter$StaticUserFilter) to context static
2024-01-08 22:35:57,803 [main] INFO  http.HttpServer2 (HttpServer2.java:addFilter(1020)) - Added filter static_user_filter (class=org.apache.hadoop.http.lib.StaticUserWebFilter$StaticUserFilter) to context logs
2024-01-08 22:35:57,805 [main] INFO  http.BaseHttpServer (BaseHttpServer.java:<init>(189)) - HTTP server of hddsDatanode uses base directory /home/runner/work/ozone/ozone/hadoop-ozone/integration-test/target/test-dir/MiniOzoneClusterImpl-25d1905f-b767-404d-84bf-be0dd4c89112/datanode-2/meta/webserver
2024-01-08 22:35:57,805 [main] INFO  http.HttpServer2 (HttpServer2.java:bindListener(1236)) - Jetty bound to port 15116
2024-01-08 22:35:57,805 [main] INFO  server.Server (Server.java:doStart(375)) - jetty-9.4.53.v20231009; built: 2023-10-09T12:29:09.265Z; git: 27bde00a0b95a1d5bbee0eae7984f891d2d0f8c9; jvm 1.8.0_392-b08
2024-01-08 22:35:57,807 [main] INFO  server.session (DefaultSessionIdManager.java:doStart(334)) - DefaultSessionIdManager workerName=node0
2024-01-08 22:35:57,808 [main] INFO  server.session (DefaultSessionIdManager.java:doStart(339)) - No SessionScavenger set, using defaults
2024-01-08 22:35:57,808 [main] INFO  server.session (HouseKeeper.java:startScavenging(132)) - node0 Scavenging every 660000ms
2024-01-08 22:35:57,809 [main] INFO  handler.ContextHandler (ContextHandler.java:doStart(921)) - Started o.e.j.s.ServletContextHandler@118d9d0b{logs,/logs,file:///home/runner/work/ozone/ozone/hadoop-ozone/integration-test/target/log,AVAILABLE}
2024-01-08 22:35:57,809 [main] INFO  handler.ContextHandler (ContextHandler.java:doStart(921)) - Started o.e.j.s.ServletContextHandler@3941c444{static,/static,jar:file:/home/runner/.m2/repository/org/apache/ozone/hdds-container-service/1.5.0-SNAPSHOT/hdds-container-service-1.5.0-SNAPSHOT.jar!/webapps/static,AVAILABLE}
2024-01-08 22:35:57,842 [main] INFO  handler.ContextHandler (ContextHandler.java:doStart(921)) - Started o.e.j.w.WebAppContext@657225a3{hddsDatanode,/,file:///home/runner/work/ozone/ozone/hadoop-ozone/integration-test/target/test-dir/MiniOzoneClusterImpl-25d1905f-b767-404d-84bf-be0dd4c89112/datanode-2/meta/webserver/jetty-0_0_0_0-15116-hdds-container-service-1_5_0-SNAPSHOT_jar-_-any-6522537840617943313/webapp/,AVAILABLE}{jar:file:/home/runner/.m2/repository/org/apache/ozone/hdds-container-service/1.5.0-SNAPSHOT/hdds-container-service-1.5.0-SNAPSHOT.jar!/webapps/hddsDatanode}
2024-01-08 22:35:57,844 [main] INFO  server.AbstractConnector (AbstractConnector.java:doStart(333)) - Started ServerConnector@3e10dc18{HTTP/1.1, (http/1.1)}{0.0.0.0:15116}
2024-01-08 22:35:57,844 [main] INFO  server.Server (Server.java:doStart(415)) - Started @45140ms
2024-01-08 22:35:57,844 [main] WARN  impl.MetricsSystemImpl (MetricsSystemImpl.java:register(279)) - Sink prometheus already exists!
2024-01-08 22:35:57,845 [main] INFO  http.BaseHttpServer (BaseHttpServer.java:updateConnectorAddress(354)) - HTTP server of hddsDatanode listening at http://0.0.0.0:15116
2024-01-08 22:35:57,845 [main] INFO  ipc.CallQueueManager (CallQueueManager.java:<init>(90)) - Using callQueue: class java.util.concurrent.LinkedBlockingQueue, queueCapacity: 100, scheduler: class org.apache.hadoop.ipc.DefaultRpcScheduler, ipcBackoff: false.
2024-01-08 22:35:57,845 [main] INFO  ipc.Server (Server.java:<init>(1287)) - Listener at 0.0.0.0:15117
2024-01-08 22:35:57,845 [Socket Reader #1 for port 15117] INFO  ipc.Server (Server.java:run(1323)) - Starting Socket Reader #1 for port 15117
2024-01-08 22:35:57,849 [main] INFO  ozone.HddsDatanodeService (HddsDatanodeService.java:start(324)) - Datanode start with admins: [runner]
2024-01-08 22:35:57,849 [main] INFO  ozone.HddsDatanodeClientProtocolServer (HddsDatanodeClientProtocolServer.java:start(72)) - RPC server for Client /0.0.0.0:15117
2024-01-08 22:35:57,850 [IPC Server Responder] INFO  ipc.Server (Server.java:run(1562)) - IPC Server Responder: starting
2024-01-08 22:35:57,856 [211b11ed-ffba-4cc3-86ed-a5910ca02ca2-DatanodeStateMachineDaemonThread] INFO  statemachine.DatanodeStateMachine (DatanodeStateMachine.java:lambda$startDaemon$1(555)) - Ozone container server started.
2024-01-08 22:35:57,856 [IPC Server listener on 15117] INFO  ipc.Server (Server.java:run(1402)) - IPC Server listener on 15117: starting
2024-01-08 22:35:57,856 [main] WARN  dropwizard3.Dm3MetricRegistriesImpl (Dm3MetricRegistriesImpl.java:addReporterRegistration(113)) - New reporters are added after registries were created. Some metrics will be missing from the reporter. Please add reporter before adding any new registry.
2024-01-08 22:35:57,861 [main] WARN  dropwizard3.Dm3MetricRegistriesImpl (Dm3MetricRegistriesImpl.java:addReporterRegistration(113)) - New reporters are added after registries were created. Some metrics will be missing from the reporter. Please add reporter before adding any new registry.
2024-01-08 22:35:57,861 [main] INFO  impl.MetricsSystemImpl (MetricsSystemImpl.java:init(158)) - HddsDatanode metrics system started (again)
2024-01-08 22:35:57,866 [211b11ed-ffba-4cc3-86ed-a5910ca02ca2-DatanodeStateMachineTaskThread-0] INFO  datanode.InitDatanodeState (InitDatanodeState.java:persistContainerDatanodeDetails(139)) - DatanodeDetails is persisted to /home/runner/work/ozone/ozone/hadoop-ozone/integration-test/target/test-dir/MiniOzoneClusterImpl-25d1905f-b767-404d-84bf-be0dd4c89112/datanode-2/meta/datanode.id
2024-01-08 22:35:57,872 [main] INFO  ozone.HddsDatanodeService (HddsDatanodeService.java:start(239)) - HddsDatanodeService host:fv-az1425-465 ip:10.1.0.16
2024-01-08 22:35:57,891 [main] INFO  upgrade.AbstractLayoutVersionManager (AbstractLayoutVersionManager.java:init(83)) - Initializing Layout version manager with metadata layout = HADOOP_PRC_PORTS_IN_DATANODEDETAILS (version = 7), software layout = HADOOP_PRC_PORTS_IN_DATANODEDETAILS (version = 7)
2024-01-08 22:35:57,892 [main] INFO  statemachine.DatanodeStateMachine (DatanodeStateMachine.java:getEndPointTaskThreadPoolSize(299)) - Datanode State Machine Task Thread Pool size 2
2024-01-08 22:35:57,893 [main] INFO  volume.HddsVolume (HddsVolume.java:<init>(125)) - Creating HddsVolume: /home/runner/work/ozone/ozone/hadoop-ozone/integration-test/target/test-dir/MiniOzoneClusterImpl-25d1905f-b767-404d-84bf-be0dd4c89112/datanode-3/data-0/containers/hdds of storage type : DISK capacity : 9223372036854775807
2024-01-08 22:35:57,893 [main] INFO  volume.MutableVolumeSet (MutableVolumeSet.java:initializeVolumeSet(173)) - Added Volume : /home/runner/work/ozone/ozone/hadoop-ozone/integration-test/target/test-dir/MiniOzoneClusterImpl-25d1905f-b767-404d-84bf-be0dd4c89112/datanode-3/data-0/containers/hdds to VolumeSet
2024-01-08 22:35:57,893 [main] INFO  volume.MutableVolumeSet (MutableVolumeSet.java:initializeVolumeSet(173)) - Added Volume : /home/runner/work/ozone/ozone/hadoop-ozone/integration-test/target/test-dir/MiniOzoneClusterImpl-25d1905f-b767-404d-84bf-be0dd4c89112/datanode-3/data/ratis to VolumeSet
2024-01-08 22:35:57,894 [main] INFO  ozoneimpl.OzoneContainer (HddsVolumeUtil.java:loadAllHddsVolumeDbStore(103)) - Load 1 volumes DbStore cost: 0ms
2024-01-08 22:35:57,894 [35d8dfab-9865-4f4a-9db1-8dbffdda00db-ContainerReader-0] INFO  ozoneimpl.ContainerReader (ContainerReader.java:readVolume(178)) - Finish verifying containers on volume /home/runner/work/ozone/ozone/hadoop-ozone/integration-test/target/test-dir/MiniOzoneClusterImpl-25d1905f-b767-404d-84bf-be0dd4c89112/datanode-3/data-0/containers/hdds
2024-01-08 22:35:57,894 [main] INFO  ozoneimpl.OzoneContainer (OzoneContainer.java:buildContainerSet(326)) - Build ContainerSet costs 0s
2024-01-08 22:35:57,896 [main] INFO  server.RaftServer (ConfUtils.java:logGet(46)) - raft.rpc.type = GRPC (default)
2024-01-08 22:35:57,896 [main] INFO  grpc.GrpcConfigKeys (ConfUtils.java:logFallback(53)) - raft.grpc.admin.host = null (fallback to raft.grpc.server.host)
2024-01-08 22:35:57,896 [main] INFO  grpc.GrpcConfigKeys (ConfUtils.java:logGet(46)) - raft.grpc.admin.port = 15129 (custom)
2024-01-08 22:35:57,896 [main] INFO  grpc.GrpcConfigKeys (ConfUtils.java:logFallback(53)) - raft.grpc.client.host = null (fallback to raft.grpc.server.host)
2024-01-08 22:35:57,897 [main] INFO  grpc.GrpcConfigKeys (ConfUtils.java:logGet(46)) - raft.grpc.client.port = 15128 (custom)
2024-01-08 22:35:57,897 [main] INFO  grpc.GrpcConfigKeys (ConfUtils.java:logGet(46)) - raft.grpc.server.host = null (default)
2024-01-08 22:35:57,897 [main] INFO  grpc.GrpcConfigKeys (ConfUtils.java:logGet(46)) - raft.grpc.server.port = 15130 (custom)
2024-01-08 22:35:57,897 [main] INFO  server.GrpcService (ConfUtils.java:logGet(46)) - raft.grpc.message.size.max = 32MB (=33554432) (custom)
2024-01-08 22:35:57,897 [main] INFO  server.RaftServerConfigKeys (ConfUtils.java:logGet(46)) - raft.server.log.appender.buffer.byte-limit = 8388608 (custom)
2024-01-08 22:35:57,897 [main] INFO  server.GrpcService (ConfUtils.java:logGet(46)) - raft.grpc.flow.control.window = 5MB (=5242880) (custom)
2024-01-08 22:35:57,898 [main] INFO  server.RaftServerConfigKeys (ConfUtils.java:logGet(46)) - raft.server.rpc.request.timeout = 3000ms (default)
2024-01-08 22:35:57,898 [main] INFO  grpc.GrpcConfigKeys (ConfUtils.java:logGet(46)) - raft.grpc.server.heartbeat.channel = true (default)
2024-01-08 22:35:57,898 [main] INFO  grpc.GrpcConfigKeys (ConfUtils.java:logGet(46)) - raft.grpc.server.async.request.thread.pool.cached = true (default)
2024-01-08 22:35:57,898 [main] INFO  grpc.GrpcConfigKeys (ConfUtils.java:logGet(46)) - raft.grpc.server.async.request.thread.pool.size = 32 (default)
2024-01-08 22:35:57,900 [main] INFO  impl.DataStreamServerImpl (ConfUtils.java:logGet(46)) - raft.datastream.type = NETTY (custom)
2024-01-08 22:35:57,900 [main] INFO  server.RaftServerConfigKeys (ConfUtils.java:logGet(46)) - raft.server.data-stream.async.request.thread.pool.cached = false (default)
2024-01-08 22:35:57,900 [main] INFO  server.RaftServerConfigKeys (ConfUtils.java:logGet(46)) - raft.server.data-stream.async.request.thread.pool.size = 20 (custom)
2024-01-08 22:35:57,901 [main] INFO  server.RaftServerConfigKeys (ConfUtils.java:logGet(46)) - raft.server.data-stream.async.write.thread.pool.size = 16 (default)
2024-01-08 22:35:57,901 [main] INFO  netty.NettyConfigKeys$DataStream (ConfUtils.java:logGet(46)) - raft.netty.dataStream.server.channel.inactive.grace-period = 10min (default)
2024-01-08 22:35:57,901 [main] INFO  server.RaftServerConfigKeys (ConfUtils.java:logGet(46)) - raft.server.data-stream.client.pool.size = 10 (default)
2024-01-08 22:35:57,901 [main] INFO  netty.NettyConfigKeys$DataStream (ConfUtils.java:logGet(46)) - raft.netty.dataStream.server.use-epoll = true (default)
2024-01-08 22:35:57,901 [main] INFO  netty.NettyConfigKeys$DataStream (ConfUtils.java:logGet(46)) - raft.netty.dataStream.server.boss-group.size = 0 (default)
2024-01-08 22:35:57,901 [main] INFO  netty.NettyUtils (NettyUtils.java:newEventLoopGroup(69)) - Create EpollEventLoopGroup for 35d8dfab-9865-4f4a-9db1-8dbffdda00db-NettyServerStreamRpc-bossGroup; Thread size is 0.
2024-01-08 22:35:57,902 [main] INFO  netty.NettyConfigKeys$DataStream (ConfUtils.java:logGet(46)) - raft.netty.dataStream.server.worker-group.size = 0 (default)
2024-01-08 22:35:57,902 [main] INFO  netty.NettyUtils (NettyUtils.java:newEventLoopGroup(69)) - Create EpollEventLoopGroup for 35d8dfab-9865-4f4a-9db1-8dbffdda00db-NettyServerStreamRpc-workerGroup; Thread size is 0.
2024-01-08 22:35:57,902 [main] INFO  netty.NettyConfigKeys$DataStream (ConfUtils.java:logGet(46)) - raft.netty.dataStream.server.tls.conf = null (default)
2024-01-08 22:35:57,902 [main] INFO  netty.NettyConfigKeys$DataStream (ConfUtils.java:logGet(46)) - raft.netty.dataStream.host = null (default)
2024-01-08 22:35:57,902 [main] INFO  netty.NettyConfigKeys$DataStream (ConfUtils.java:logGet(46)) - raft.netty.dataStream.port = 15131 (custom)
2024-01-08 22:35:57,903 [main] INFO  server.RaftServerConfigKeys (ConfUtils.java:logGet(46)) - raft.server.sleep.deviation.threshold = 300ms (default)
2024-01-08 22:35:57,903 [main] INFO  server.RaftServerConfigKeys (ConfUtils.java:logGet(46)) - raft.server.close.threshold = 60s (default)
2024-01-08 22:35:57,903 [35d8dfab-9865-4f4a-9db1-8dbffdda00db-NettyServerStreamRpc-bossGroup--thread1] INFO  logging.LoggingHandler (AbstractInternalLogger.java:log(148)) - [id: 0x4c24ee04] REGISTERED
2024-01-08 22:35:57,903 [main] INFO  server.RaftServerConfigKeys (ConfUtils.java:logGet(46)) - raft.server.leaderelection.leader.step-down.wait-time = 10s (default)
2024-01-08 22:35:57,903 [35d8dfab-9865-4f4a-9db1-8dbffdda00db-NettyServerStreamRpc-bossGroup--thread1] INFO  logging.LoggingHandler (AbstractInternalLogger.java:log(148)) - [id: 0x4c24ee04] BIND: 0.0.0.0/0.0.0.0:15131
2024-01-08 22:35:57,903 [main] INFO  server.RaftServerConfigKeys (ConfUtils.java:logGet(46)) - raft.server.storage.dir = [/home/runner/work/ozone/ozone/hadoop-ozone/integration-test/target/test-dir/MiniOzoneClusterImpl-25d1905f-b767-404d-84bf-be0dd4c89112/datanode-3/data/ratis] (custom)
2024-01-08 22:35:57,904 [main] INFO  server.RaftServerConfigKeys (ConfUtils.java:logGet(46)) - raft.server.threadpool.proxy.cached = true (default)
2024-01-08 22:35:57,903 [35d8dfab-9865-4f4a-9db1-8dbffdda00db-NettyServerStreamRpc-bossGroup--thread1] INFO  logging.LoggingHandler (AbstractInternalLogger.java:log(148)) - [id: 0x4c24ee04, L:/0.0.0.0:15131] ACTIVE
2024-01-08 22:35:57,904 [main] INFO  server.RaftServerConfigKeys (ConfUtils.java:logGet(46)) - raft.server.threadpool.proxy.size = 0 (default)
2024-01-08 22:35:57,904 [35d8dfab-9865-4f4a-9db1-8dbffdda00db-impl-thread1] INFO  server.RaftServer (RaftServerProxy.java:initGroupDir(264)) - 35d8dfab-9865-4f4a-9db1-8dbffdda00db: found a subdirectory /home/runner/work/ozone/ozone/hadoop-ozone/integration-test/target/test-dir/MiniOzoneClusterImpl-25d1905f-b767-404d-84bf-be0dd4c89112/datanode-3/data/ratis/tmp
2024-01-08 22:35:57,904 [35d8dfab-9865-4f4a-9db1-8dbffdda00db-impl-thread1] INFO  server.RaftServer (RaftServerProxy.java:initGroupDir(269)) - 35d8dfab-9865-4f4a-9db1-8dbffdda00db: The directory /home/runner/work/ozone/ozone/hadoop-ozone/integration-test/target/test-dir/MiniOzoneClusterImpl-25d1905f-b767-404d-84bf-be0dd4c89112/datanode-3/data/ratis/tmp is not a group directory; ignoring it. 
2024-01-08 22:35:57,904 [main] INFO  replication.ReplicationServer (ReplicationServer.java:<init>(85)) - Initializing replication server with thread count = 10 queue length = 4096
2024-01-08 22:35:57,905 [main] INFO  server.XceiverServerGrpc (XceiverServerGrpc.java:<init>(141)) - GrpcServer channel type EpollServerSocketChannel
2024-01-08 22:35:57,906 [main] INFO  replication.ReplicationSupervisor (ReplicationSupervisor.java:build(163)) - Initializing replication supervisor with thread count = 10
2024-01-08 22:35:57,907 [main] INFO  replication.ReplicationSupervisor (ReplicationSupervisor.java:nodeStateUpdated(317)) - Node state updated to IN_SERVICE, scaling executor pool size to 10
2024-01-08 22:35:57,908 [main] INFO  http.BaseHttpServer (BaseHttpServer.java:newHttpServer2BuilderForOzone(223)) - Starting Web-server for hddsDatanode at: http://0.0.0.0:15125
2024-01-08 22:35:57,908 [main] INFO  http.BaseHttpServer (BaseHttpServer.java:<init>(110)) - Hadoop Security Enabled: false Ozone Security Enabled: false Ozone HTTP Security Enabled: false 
2024-01-08 22:35:57,909 [main] WARN  server.AuthenticationFilter (AuthenticationFilter.java:constructSecretProvider(240)) - Unable to initialize FileSignerSecretProvider, falling back to use random secrets. Reason: Could not read signature secret file: /home/runner/hadoop-http-auth-signature-secret
2024-01-08 22:35:57,933 [main] INFO  http.HttpRequestLog (HttpRequestLog.java:getRequestLog(86)) - Http request log for http.requests.hddsDatanode is not defined
2024-01-08 22:35:57,934 [main] INFO  http.HttpServer2 (HttpServer2.java:addGlobalFilter(1036)) - Added global filter 'safety' (class=org.apache.hadoop.hdds.server.http.HttpServer2$QuotingInputFilter)
2024-01-08 22:35:57,935 [main] INFO  http.HttpServer2 (HttpServer2.java:addFilter(1012)) - Added filter static_user_filter (class=org.apache.hadoop.http.lib.StaticUserWebFilter$StaticUserFilter) to context hddsDatanode
2024-01-08 22:35:57,935 [main] INFO  http.HttpServer2 (HttpServer2.java:addFilter(1020)) - Added filter static_user_filter (class=org.apache.hadoop.http.lib.StaticUserWebFilter$StaticUserFilter) to context static
2024-01-08 22:35:57,935 [main] INFO  http.HttpServer2 (HttpServer2.java:addFilter(1020)) - Added filter static_user_filter (class=org.apache.hadoop.http.lib.StaticUserWebFilter$StaticUserFilter) to context logs
2024-01-08 22:35:57,937 [main] INFO  http.BaseHttpServer (BaseHttpServer.java:<init>(189)) - HTTP server of hddsDatanode uses base directory /home/runner/work/ozone/ozone/hadoop-ozone/integration-test/target/test-dir/MiniOzoneClusterImpl-25d1905f-b767-404d-84bf-be0dd4c89112/datanode-3/meta/webserver
2024-01-08 22:35:57,937 [main] INFO  http.HttpServer2 (HttpServer2.java:bindListener(1236)) - Jetty bound to port 15125
2024-01-08 22:35:57,937 [main] INFO  server.Server (Server.java:doStart(375)) - jetty-9.4.53.v20231009; built: 2023-10-09T12:29:09.265Z; git: 27bde00a0b95a1d5bbee0eae7984f891d2d0f8c9; jvm 1.8.0_392-b08
2024-01-08 22:35:57,938 [main] INFO  server.session (DefaultSessionIdManager.java:doStart(334)) - DefaultSessionIdManager workerName=node0
2024-01-08 22:35:57,938 [main] INFO  server.session (DefaultSessionIdManager.java:doStart(339)) - No SessionScavenger set, using defaults
2024-01-08 22:35:57,939 [main] INFO  server.session (HouseKeeper.java:startScavenging(132)) - node0 Scavenging every 600000ms
2024-01-08 22:35:57,940 [main] INFO  handler.ContextHandler (ContextHandler.java:doStart(921)) - Started o.e.j.s.ServletContextHandler@7ea0b5ac{logs,/logs,file:///home/runner/work/ozone/ozone/hadoop-ozone/integration-test/target/log,AVAILABLE}
2024-01-08 22:35:57,940 [main] INFO  handler.ContextHandler (ContextHandler.java:doStart(921)) - Started o.e.j.s.ServletContextHandler@5ced27e7{static,/static,jar:file:/home/runner/.m2/repository/org/apache/ozone/hdds-container-service/1.5.0-SNAPSHOT/hdds-container-service-1.5.0-SNAPSHOT.jar!/webapps/static,AVAILABLE}
2024-01-08 22:35:57,978 [main] INFO  handler.ContextHandler (ContextHandler.java:doStart(921)) - Started o.e.j.w.WebAppContext@242bba82{hddsDatanode,/,file:///home/runner/work/ozone/ozone/hadoop-ozone/integration-test/target/test-dir/MiniOzoneClusterImpl-25d1905f-b767-404d-84bf-be0dd4c89112/datanode-3/meta/webserver/jetty-0_0_0_0-15125-hdds-container-service-1_5_0-SNAPSHOT_jar-_-any-7365765242969127711/webapp/,AVAILABLE}{jar:file:/home/runner/.m2/repository/org/apache/ozone/hdds-container-service/1.5.0-SNAPSHOT/hdds-container-service-1.5.0-SNAPSHOT.jar!/webapps/hddsDatanode}
2024-01-08 22:35:57,979 [main] INFO  server.AbstractConnector (AbstractConnector.java:doStart(333)) - Started ServerConnector@6f2d389e{HTTP/1.1, (http/1.1)}{0.0.0.0:15125}
2024-01-08 22:35:57,979 [main] INFO  server.Server (Server.java:doStart(415)) - Started @45275ms
2024-01-08 22:35:57,979 [main] WARN  impl.MetricsSystemImpl (MetricsSystemImpl.java:register(279)) - Sink prometheus already exists!
2024-01-08 22:35:57,980 [main] INFO  http.BaseHttpServer (BaseHttpServer.java:updateConnectorAddress(354)) - HTTP server of hddsDatanode listening at http://0.0.0.0:15125
2024-01-08 22:35:57,980 [main] INFO  ipc.CallQueueManager (CallQueueManager.java:<init>(90)) - Using callQueue: class java.util.concurrent.LinkedBlockingQueue, queueCapacity: 100, scheduler: class org.apache.hadoop.ipc.DefaultRpcScheduler, ipcBackoff: false.
2024-01-08 22:35:57,980 [main] INFO  ipc.Server (Server.java:<init>(1287)) - Listener at 0.0.0.0:15126
2024-01-08 22:35:57,981 [Socket Reader #1 for port 15126] INFO  ipc.Server (Server.java:run(1323)) - Starting Socket Reader #1 for port 15126
2024-01-08 22:35:57,984 [main] INFO  ozone.HddsDatanodeService (HddsDatanodeService.java:start(324)) - Datanode start with admins: [runner]
2024-01-08 22:35:57,984 [main] INFO  ozone.HddsDatanodeClientProtocolServer (HddsDatanodeClientProtocolServer.java:start(72)) - RPC server for Client /0.0.0.0:15126
2024-01-08 22:35:57,986 [IPC Server Responder] INFO  ipc.Server (Server.java:run(1562)) - IPC Server Responder: starting
2024-01-08 22:35:57,986 [IPC Server listener on 15126] INFO  ipc.Server (Server.java:run(1402)) - IPC Server listener on 15126: starting
2024-01-08 22:35:57,986 [main] WARN  dropwizard3.Dm3MetricRegistriesImpl (Dm3MetricRegistriesImpl.java:addReporterRegistration(113)) - New reporters are added after registries were created. Some metrics will be missing from the reporter. Please add reporter before adding any new registry.
2024-01-08 22:35:57,992 [main] WARN  dropwizard3.Dm3MetricRegistriesImpl (Dm3MetricRegistriesImpl.java:addReporterRegistration(113)) - New reporters are added after registries were created. Some metrics will be missing from the reporter. Please add reporter before adding any new registry.
2024-01-08 22:35:57,992 [main] INFO  impl.MetricsSystemImpl (MetricsSystemImpl.java:init(158)) - HddsDatanode metrics system started (again)
2024-01-08 22:35:57,991 [35d8dfab-9865-4f4a-9db1-8dbffdda00db-DatanodeStateMachineDaemonThread] INFO  statemachine.DatanodeStateMachine (DatanodeStateMachine.java:lambda$startDaemon$1(555)) - Ozone container server started.
2024-01-08 22:35:57,998 [35d8dfab-9865-4f4a-9db1-8dbffdda00db-DatanodeStateMachineTaskThread-0] INFO  datanode.InitDatanodeState (InitDatanodeState.java:persistContainerDatanodeDetails(139)) - DatanodeDetails is persisted to /home/runner/work/ozone/ozone/hadoop-ozone/integration-test/target/test-dir/MiniOzoneClusterImpl-25d1905f-b767-404d-84bf-be0dd4c89112/datanode-3/meta/datanode.id
2024-01-08 22:35:58,003 [main] INFO  ozone.HddsDatanodeService (HddsDatanodeService.java:start(239)) - HddsDatanodeService host:fv-az1425-465 ip:10.1.0.16
2024-01-08 22:35:58,018 [main] INFO  upgrade.AbstractLayoutVersionManager (AbstractLayoutVersionManager.java:init(83)) - Initializing Layout version manager with metadata layout = HADOOP_PRC_PORTS_IN_DATANODEDETAILS (version = 7), software layout = HADOOP_PRC_PORTS_IN_DATANODEDETAILS (version = 7)
2024-01-08 22:35:58,019 [main] INFO  statemachine.DatanodeStateMachine (DatanodeStateMachine.java:getEndPointTaskThreadPoolSize(299)) - Datanode State Machine Task Thread Pool size 2
2024-01-08 22:35:58,020 [main] INFO  volume.HddsVolume (HddsVolume.java:<init>(125)) - Creating HddsVolume: /home/runner/work/ozone/ozone/hadoop-ozone/integration-test/target/test-dir/MiniOzoneClusterImpl-25d1905f-b767-404d-84bf-be0dd4c89112/datanode-4/data-0/containers/hdds of storage type : DISK capacity : 9223372036854775807
2024-01-08 22:35:58,020 [main] INFO  volume.MutableVolumeSet (MutableVolumeSet.java:initializeVolumeSet(173)) - Added Volume : /home/runner/work/ozone/ozone/hadoop-ozone/integration-test/target/test-dir/MiniOzoneClusterImpl-25d1905f-b767-404d-84bf-be0dd4c89112/datanode-4/data-0/containers/hdds to VolumeSet
2024-01-08 22:35:58,021 [main] INFO  volume.MutableVolumeSet (MutableVolumeSet.java:initializeVolumeSet(173)) - Added Volume : /home/runner/work/ozone/ozone/hadoop-ozone/integration-test/target/test-dir/MiniOzoneClusterImpl-25d1905f-b767-404d-84bf-be0dd4c89112/datanode-4/data/ratis to VolumeSet
2024-01-08 22:35:58,021 [main] INFO  ozoneimpl.OzoneContainer (HddsVolumeUtil.java:loadAllHddsVolumeDbStore(103)) - Load 1 volumes DbStore cost: 0ms
2024-01-08 22:35:58,022 [cd56667c-d7fb-411e-a881-3bd7f4030648-ContainerReader-0] INFO  ozoneimpl.ContainerReader (ContainerReader.java:readVolume(178)) - Finish verifying containers on volume /home/runner/work/ozone/ozone/hadoop-ozone/integration-test/target/test-dir/MiniOzoneClusterImpl-25d1905f-b767-404d-84bf-be0dd4c89112/datanode-4/data-0/containers/hdds
2024-01-08 22:35:58,022 [main] INFO  ozoneimpl.OzoneContainer (OzoneContainer.java:buildContainerSet(326)) - Build ContainerSet costs 0s
2024-01-08 22:35:58,024 [main] INFO  server.RaftServer (ConfUtils.java:logGet(46)) - raft.rpc.type = GRPC (default)
2024-01-08 22:35:58,024 [main] INFO  grpc.GrpcConfigKeys (ConfUtils.java:logFallback(53)) - raft.grpc.admin.host = null (fallback to raft.grpc.server.host)
2024-01-08 22:35:58,024 [main] INFO  grpc.GrpcConfigKeys (ConfUtils.java:logGet(46)) - raft.grpc.admin.port = 15138 (custom)
2024-01-08 22:35:58,024 [main] INFO  grpc.GrpcConfigKeys (ConfUtils.java:logFallback(53)) - raft.grpc.client.host = null (fallback to raft.grpc.server.host)
2024-01-08 22:35:58,024 [main] INFO  grpc.GrpcConfigKeys (ConfUtils.java:logGet(46)) - raft.grpc.client.port = 15137 (custom)
2024-01-08 22:35:58,025 [main] INFO  grpc.GrpcConfigKeys (ConfUtils.java:logGet(46)) - raft.grpc.server.host = null (default)
2024-01-08 22:35:58,025 [main] INFO  grpc.GrpcConfigKeys (ConfUtils.java:logGet(46)) - raft.grpc.server.port = 15139 (custom)
2024-01-08 22:35:58,025 [main] INFO  server.GrpcService (ConfUtils.java:logGet(46)) - raft.grpc.message.size.max = 32MB (=33554432) (custom)
2024-01-08 22:35:58,025 [main] INFO  server.RaftServerConfigKeys (ConfUtils.java:logGet(46)) - raft.server.log.appender.buffer.byte-limit = 8388608 (custom)
2024-01-08 22:35:58,025 [main] INFO  server.GrpcService (ConfUtils.java:logGet(46)) - raft.grpc.flow.control.window = 5MB (=5242880) (custom)
2024-01-08 22:35:58,026 [main] INFO  server.RaftServerConfigKeys (ConfUtils.java:logGet(46)) - raft.server.rpc.request.timeout = 3000ms (default)
2024-01-08 22:35:58,026 [main] INFO  grpc.GrpcConfigKeys (ConfUtils.java:logGet(46)) - raft.grpc.server.heartbeat.channel = true (default)
2024-01-08 22:35:58,026 [main] INFO  grpc.GrpcConfigKeys (ConfUtils.java:logGet(46)) - raft.grpc.server.async.request.thread.pool.cached = true (default)
2024-01-08 22:35:58,026 [main] INFO  grpc.GrpcConfigKeys (ConfUtils.java:logGet(46)) - raft.grpc.server.async.request.thread.pool.size = 32 (default)
2024-01-08 22:35:58,028 [main] INFO  impl.DataStreamServerImpl (ConfUtils.java:logGet(46)) - raft.datastream.type = NETTY (custom)
2024-01-08 22:35:58,028 [main] INFO  server.RaftServerConfigKeys (ConfUtils.java:logGet(46)) - raft.server.data-stream.async.request.thread.pool.cached = false (default)
2024-01-08 22:35:58,028 [main] INFO  server.RaftServerConfigKeys (ConfUtils.java:logGet(46)) - raft.server.data-stream.async.request.thread.pool.size = 20 (custom)
2024-01-08 22:35:58,028 [main] INFO  server.RaftServerConfigKeys (ConfUtils.java:logGet(46)) - raft.server.data-stream.async.write.thread.pool.size = 16 (default)
2024-01-08 22:35:58,028 [main] INFO  netty.NettyConfigKeys$DataStream (ConfUtils.java:logGet(46)) - raft.netty.dataStream.server.channel.inactive.grace-period = 10min (default)
2024-01-08 22:35:58,029 [main] INFO  server.RaftServerConfigKeys (ConfUtils.java:logGet(46)) - raft.server.data-stream.client.pool.size = 10 (default)
2024-01-08 22:35:58,029 [main] INFO  netty.NettyConfigKeys$DataStream (ConfUtils.java:logGet(46)) - raft.netty.dataStream.server.use-epoll = true (default)
2024-01-08 22:35:58,029 [main] INFO  netty.NettyConfigKeys$DataStream (ConfUtils.java:logGet(46)) - raft.netty.dataStream.server.boss-group.size = 0 (default)
2024-01-08 22:35:58,029 [main] INFO  netty.NettyUtils (NettyUtils.java:newEventLoopGroup(69)) - Create EpollEventLoopGroup for cd56667c-d7fb-411e-a881-3bd7f4030648-NettyServerStreamRpc-bossGroup; Thread size is 0.
2024-01-08 22:35:58,029 [main] INFO  netty.NettyConfigKeys$DataStream (ConfUtils.java:logGet(46)) - raft.netty.dataStream.server.worker-group.size = 0 (default)
2024-01-08 22:35:58,029 [main] INFO  netty.NettyUtils (NettyUtils.java:newEventLoopGroup(69)) - Create EpollEventLoopGroup for cd56667c-d7fb-411e-a881-3bd7f4030648-NettyServerStreamRpc-workerGroup; Thread size is 0.
2024-01-08 22:35:58,030 [main] INFO  netty.NettyConfigKeys$DataStream (ConfUtils.java:logGet(46)) - raft.netty.dataStream.server.tls.conf = null (default)
2024-01-08 22:35:58,030 [main] INFO  netty.NettyConfigKeys$DataStream (ConfUtils.java:logGet(46)) - raft.netty.dataStream.host = null (default)
2024-01-08 22:35:58,030 [main] INFO  netty.NettyConfigKeys$DataStream (ConfUtils.java:logGet(46)) - raft.netty.dataStream.port = 15140 (custom)
2024-01-08 22:35:58,030 [main] INFO  server.RaftServerConfigKeys (ConfUtils.java:logGet(46)) - raft.server.sleep.deviation.threshold = 300ms (default)
2024-01-08 22:35:58,030 [cd56667c-d7fb-411e-a881-3bd7f4030648-NettyServerStreamRpc-bossGroup--thread1] INFO  logging.LoggingHandler (AbstractInternalLogger.java:log(148)) - [id: 0x0c529d75] REGISTERED
2024-01-08 22:35:58,030 [main] INFO  server.RaftServerConfigKeys (ConfUtils.java:logGet(46)) - raft.server.close.threshold = 60s (default)
2024-01-08 22:35:58,030 [cd56667c-d7fb-411e-a881-3bd7f4030648-NettyServerStreamRpc-bossGroup--thread1] INFO  logging.LoggingHandler (AbstractInternalLogger.java:log(148)) - [id: 0x0c529d75] BIND: 0.0.0.0/0.0.0.0:15140
2024-01-08 22:35:58,031 [main] INFO  server.RaftServerConfigKeys (ConfUtils.java:logGet(46)) - raft.server.leaderelection.leader.step-down.wait-time = 10s (default)
2024-01-08 22:35:58,031 [cd56667c-d7fb-411e-a881-3bd7f4030648-NettyServerStreamRpc-bossGroup--thread1] INFO  logging.LoggingHandler (AbstractInternalLogger.java:log(148)) - [id: 0x0c529d75, L:/0.0.0.0:15140] ACTIVE
2024-01-08 22:35:58,031 [main] INFO  server.RaftServerConfigKeys (ConfUtils.java:logGet(46)) - raft.server.storage.dir = [/home/runner/work/ozone/ozone/hadoop-ozone/integration-test/target/test-dir/MiniOzoneClusterImpl-25d1905f-b767-404d-84bf-be0dd4c89112/datanode-4/data/ratis] (custom)
2024-01-08 22:35:58,031 [main] INFO  server.RaftServerConfigKeys (ConfUtils.java:logGet(46)) - raft.server.threadpool.proxy.cached = true (default)
2024-01-08 22:35:58,031 [main] INFO  server.RaftServerConfigKeys (ConfUtils.java:logGet(46)) - raft.server.threadpool.proxy.size = 0 (default)
2024-01-08 22:35:58,031 [cd56667c-d7fb-411e-a881-3bd7f4030648-impl-thread1] INFO  server.RaftServer (RaftServerProxy.java:initGroupDir(264)) - cd56667c-d7fb-411e-a881-3bd7f4030648: found a subdirectory /home/runner/work/ozone/ozone/hadoop-ozone/integration-test/target/test-dir/MiniOzoneClusterImpl-25d1905f-b767-404d-84bf-be0dd4c89112/datanode-4/data/ratis/tmp
2024-01-08 22:35:58,032 [cd56667c-d7fb-411e-a881-3bd7f4030648-impl-thread1] INFO  server.RaftServer (RaftServerProxy.java:initGroupDir(269)) - cd56667c-d7fb-411e-a881-3bd7f4030648: The directory /home/runner/work/ozone/ozone/hadoop-ozone/integration-test/target/test-dir/MiniOzoneClusterImpl-25d1905f-b767-404d-84bf-be0dd4c89112/datanode-4/data/ratis/tmp is not a group directory; ignoring it. 
2024-01-08 22:35:58,032 [main] INFO  replication.ReplicationServer (ReplicationServer.java:<init>(85)) - Initializing replication server with thread count = 10 queue length = 4096
2024-01-08 22:35:58,032 [main] INFO  server.XceiverServerGrpc (XceiverServerGrpc.java:<init>(141)) - GrpcServer channel type EpollServerSocketChannel
2024-01-08 22:35:58,034 [main] INFO  replication.ReplicationSupervisor (ReplicationSupervisor.java:build(163)) - Initializing replication supervisor with thread count = 10
2024-01-08 22:35:58,034 [main] INFO  replication.ReplicationSupervisor (ReplicationSupervisor.java:nodeStateUpdated(317)) - Node state updated to IN_SERVICE, scaling executor pool size to 10
2024-01-08 22:35:58,036 [main] INFO  http.BaseHttpServer (BaseHttpServer.java:newHttpServer2BuilderForOzone(223)) - Starting Web-server for hddsDatanode at: http://0.0.0.0:15134
2024-01-08 22:35:58,036 [main] INFO  http.BaseHttpServer (BaseHttpServer.java:<init>(110)) - Hadoop Security Enabled: false Ozone Security Enabled: false Ozone HTTP Security Enabled: false 
2024-01-08 22:35:58,037 [main] WARN  server.AuthenticationFilter (AuthenticationFilter.java:constructSecretProvider(240)) - Unable to initialize FileSignerSecretProvider, falling back to use random secrets. Reason: Could not read signature secret file: /home/runner/hadoop-http-auth-signature-secret
2024-01-08 22:35:58,038 [main] INFO  http.HttpRequestLog (HttpRequestLog.java:getRequestLog(86)) - Http request log for http.requests.hddsDatanode is not defined
2024-01-08 22:35:58,039 [main] INFO  http.HttpServer2 (HttpServer2.java:addGlobalFilter(1036)) - Added global filter 'safety' (class=org.apache.hadoop.hdds.server.http.HttpServer2$QuotingInputFilter)
2024-01-08 22:35:58,039 [main] INFO  http.HttpServer2 (HttpServer2.java:addFilter(1012)) - Added filter static_user_filter (class=org.apache.hadoop.http.lib.StaticUserWebFilter$StaticUserFilter) to context hddsDatanode
2024-01-08 22:35:58,039 [main] INFO  http.HttpServer2 (HttpServer2.java:addFilter(1020)) - Added filter static_user_filter (class=org.apache.hadoop.http.lib.StaticUserWebFilter$StaticUserFilter) to context logs
2024-01-08 22:35:58,040 [main] INFO  http.HttpServer2 (HttpServer2.java:addFilter(1020)) - Added filter static_user_filter (class=org.apache.hadoop.http.lib.StaticUserWebFilter$StaticUserFilter) to context static
2024-01-08 22:35:58,040 [main] INFO  http.BaseHttpServer (BaseHttpServer.java:<init>(189)) - HTTP server of hddsDatanode uses base directory /home/runner/work/ozone/ozone/hadoop-ozone/integration-test/target/test-dir/MiniOzoneClusterImpl-25d1905f-b767-404d-84bf-be0dd4c89112/datanode-4/meta/webserver
2024-01-08 22:35:58,040 [main] INFO  http.HttpServer2 (HttpServer2.java:bindListener(1236)) - Jetty bound to port 15134
2024-01-08 22:35:58,041 [main] INFO  server.Server (Server.java:doStart(375)) - jetty-9.4.53.v20231009; built: 2023-10-09T12:29:09.265Z; git: 27bde00a0b95a1d5bbee0eae7984f891d2d0f8c9; jvm 1.8.0_392-b08
2024-01-08 22:35:58,042 [main] INFO  server.session (DefaultSessionIdManager.java:doStart(334)) - DefaultSessionIdManager workerName=node0
2024-01-08 22:35:58,042 [main] INFO  server.session (DefaultSessionIdManager.java:doStart(339)) - No SessionScavenger set, using defaults
2024-01-08 22:35:58,043 [main] INFO  server.session (HouseKeeper.java:startScavenging(132)) - node0 Scavenging every 660000ms
2024-01-08 22:35:58,043 [main] INFO  handler.ContextHandler (ContextHandler.java:doStart(921)) - Started o.e.j.s.ServletContextHandler@6cbfa329{logs,/logs,file:///home/runner/work/ozone/ozone/hadoop-ozone/integration-test/target/log,AVAILABLE}
2024-01-08 22:35:58,043 [main] INFO  handler.ContextHandler (ContextHandler.java:doStart(921)) - Started o.e.j.s.ServletContextHandler@3cb60d5e{static,/static,jar:file:/home/runner/.m2/repository/org/apache/ozone/hdds-container-service/1.5.0-SNAPSHOT/hdds-container-service-1.5.0-SNAPSHOT.jar!/webapps/static,AVAILABLE}
2024-01-08 22:35:58,075 [main] INFO  handler.ContextHandler (ContextHandler.java:doStart(921)) - Started o.e.j.w.WebAppContext@1015db31{hddsDatanode,/,file:///home/runner/work/ozone/ozone/hadoop-ozone/integration-test/target/test-dir/MiniOzoneClusterImpl-25d1905f-b767-404d-84bf-be0dd4c89112/datanode-4/meta/webserver/jetty-0_0_0_0-15134-hdds-container-service-1_5_0-SNAPSHOT_jar-_-any-6461863999775941889/webapp/,AVAILABLE}{jar:file:/home/runner/.m2/repository/org/apache/ozone/hdds-container-service/1.5.0-SNAPSHOT/hdds-container-service-1.5.0-SNAPSHOT.jar!/webapps/hddsDatanode}
2024-01-08 22:35:58,076 [main] INFO  server.AbstractConnector (AbstractConnector.java:doStart(333)) - Started ServerConnector@585bb11e{HTTP/1.1, (http/1.1)}{0.0.0.0:15134}
2024-01-08 22:35:58,077 [main] INFO  server.Server (Server.java:doStart(415)) - Started @45373ms
2024-01-08 22:35:58,077 [main] WARN  impl.MetricsSystemImpl (MetricsSystemImpl.java:register(279)) - Sink prometheus already exists!
2024-01-08 22:35:58,077 [main] INFO  http.BaseHttpServer (BaseHttpServer.java:updateConnectorAddress(354)) - HTTP server of hddsDatanode listening at http://0.0.0.0:15134
2024-01-08 22:35:58,077 [main] INFO  ipc.CallQueueManager (CallQueueManager.java:<init>(90)) - Using callQueue: class java.util.concurrent.LinkedBlockingQueue, queueCapacity: 100, scheduler: class org.apache.hadoop.ipc.DefaultRpcScheduler, ipcBackoff: false.
2024-01-08 22:35:58,078 [main] INFO  ipc.Server (Server.java:<init>(1287)) - Listener at 0.0.0.0:15135
2024-01-08 22:35:58,078 [Socket Reader #1 for port 15135] INFO  ipc.Server (Server.java:run(1323)) - Starting Socket Reader #1 for port 15135
2024-01-08 22:35:58,079 [main] INFO  ozone.HddsDatanodeService (HddsDatanodeService.java:start(324)) - Datanode start with admins: [runner]
2024-01-08 22:35:58,079 [main] INFO  ozone.HddsDatanodeClientProtocolServer (HddsDatanodeClientProtocolServer.java:start(72)) - RPC server for Client /0.0.0.0:15135
2024-01-08 22:35:58,080 [IPC Server Responder] INFO  ipc.Server (Server.java:run(1562)) - IPC Server Responder: starting
2024-01-08 22:35:58,080 [IPC Server listener on 15135] INFO  ipc.Server (Server.java:run(1402)) - IPC Server listener on 15135: starting
2024-01-08 22:35:58,084 [cd56667c-d7fb-411e-a881-3bd7f4030648-DatanodeStateMachineDaemonThread] INFO  statemachine.DatanodeStateMachine (DatanodeStateMachine.java:lambda$startDaemon$1(555)) - Ozone container server started.
2024-01-08 22:35:58,084 [main] WARN  dropwizard3.Dm3MetricRegistriesImpl (Dm3MetricRegistriesImpl.java:addReporterRegistration(113)) - New reporters are added after registries were created. Some metrics will be missing from the reporter. Please add reporter before adding any new registry.
2024-01-08 22:35:58,084 [main] WARN  dropwizard3.Dm3MetricRegistriesImpl (Dm3MetricRegistriesImpl.java:addReporterRegistration(113)) - New reporters are added after registries were created. Some metrics will be missing from the reporter. Please add reporter before adding any new registry.
2024-01-08 22:35:58,084 [main] INFO  impl.MetricsSystemImpl (MetricsSystemImpl.java:init(158)) - HddsDatanode metrics system started (again)
2024-01-08 22:35:58,088 [cd56667c-d7fb-411e-a881-3bd7f4030648-DatanodeStateMachineTaskThread-0] INFO  datanode.InitDatanodeState (InitDatanodeState.java:persistContainerDatanodeDetails(139)) - DatanodeDetails is persisted to /home/runner/work/ozone/ozone/hadoop-ozone/integration-test/target/test-dir/MiniOzoneClusterImpl-25d1905f-b767-404d-84bf-be0dd4c89112/datanode-4/meta/datanode.id
2024-01-08 22:35:58,094 [main] INFO  ozone.HddsDatanodeService (HddsDatanodeService.java:start(239)) - HddsDatanodeService host:fv-az1425-465 ip:10.1.0.16
2024-01-08 22:35:58,109 [main] INFO  upgrade.AbstractLayoutVersionManager (AbstractLayoutVersionManager.java:init(83)) - Initializing Layout version manager with metadata layout = HADOOP_PRC_PORTS_IN_DATANODEDETAILS (version = 7), software layout = HADOOP_PRC_PORTS_IN_DATANODEDETAILS (version = 7)
2024-01-08 22:35:58,109 [main] INFO  statemachine.DatanodeStateMachine (DatanodeStateMachine.java:getEndPointTaskThreadPoolSize(299)) - Datanode State Machine Task Thread Pool size 2
2024-01-08 22:35:58,110 [main] INFO  volume.HddsVolume (HddsVolume.java:<init>(125)) - Creating HddsVolume: /home/runner/work/ozone/ozone/hadoop-ozone/integration-test/target/test-dir/MiniOzoneClusterImpl-25d1905f-b767-404d-84bf-be0dd4c89112/datanode-5/data-0/containers/hdds of storage type : DISK capacity : 9223372036854775807
2024-01-08 22:35:58,110 [main] INFO  volume.MutableVolumeSet (MutableVolumeSet.java:initializeVolumeSet(173)) - Added Volume : /home/runner/work/ozone/ozone/hadoop-ozone/integration-test/target/test-dir/MiniOzoneClusterImpl-25d1905f-b767-404d-84bf-be0dd4c89112/datanode-5/data-0/containers/hdds to VolumeSet
2024-01-08 22:35:58,111 [main] INFO  volume.MutableVolumeSet (MutableVolumeSet.java:initializeVolumeSet(173)) - Added Volume : /home/runner/work/ozone/ozone/hadoop-ozone/integration-test/target/test-dir/MiniOzoneClusterImpl-25d1905f-b767-404d-84bf-be0dd4c89112/datanode-5/data/ratis to VolumeSet
2024-01-08 22:35:58,111 [main] INFO  ozoneimpl.OzoneContainer (HddsVolumeUtil.java:loadAllHddsVolumeDbStore(103)) - Load 1 volumes DbStore cost: 0ms
2024-01-08 22:35:58,115 [5d8f7830-f6d4-4ac5-95d9-573f6638b6da-ContainerReader-0] INFO  ozoneimpl.ContainerReader (ContainerReader.java:readVolume(178)) - Finish verifying containers on volume /home/runner/work/ozone/ozone/hadoop-ozone/integration-test/target/test-dir/MiniOzoneClusterImpl-25d1905f-b767-404d-84bf-be0dd4c89112/datanode-5/data-0/containers/hdds
2024-01-08 22:35:58,115 [main] INFO  ozoneimpl.OzoneContainer (OzoneContainer.java:buildContainerSet(326)) - Build ContainerSet costs 0s
2024-01-08 22:35:58,118 [main] INFO  server.RaftServer (ConfUtils.java:logGet(46)) - raft.rpc.type = GRPC (default)
2024-01-08 22:35:58,118 [main] INFO  grpc.GrpcConfigKeys (ConfUtils.java:logFallback(53)) - raft.grpc.admin.host = null (fallback to raft.grpc.server.host)
2024-01-08 22:35:58,118 [main] INFO  grpc.GrpcConfigKeys (ConfUtils.java:logGet(46)) - raft.grpc.admin.port = 15147 (custom)
2024-01-08 22:35:58,118 [main] INFO  grpc.GrpcConfigKeys (ConfUtils.java:logFallback(53)) - raft.grpc.client.host = null (fallback to raft.grpc.server.host)
2024-01-08 22:35:58,118 [main] INFO  grpc.GrpcConfigKeys (ConfUtils.java:logGet(46)) - raft.grpc.client.port = 15146 (custom)
2024-01-08 22:35:58,119 [main] INFO  grpc.GrpcConfigKeys (ConfUtils.java:logGet(46)) - raft.grpc.server.host = null (default)
2024-01-08 22:35:58,119 [main] INFO  grpc.GrpcConfigKeys (ConfUtils.java:logGet(46)) - raft.grpc.server.port = 15148 (custom)
2024-01-08 22:35:58,119 [main] INFO  server.GrpcService (ConfUtils.java:logGet(46)) - raft.grpc.message.size.max = 32MB (=33554432) (custom)
2024-01-08 22:35:58,119 [main] INFO  server.RaftServerConfigKeys (ConfUtils.java:logGet(46)) - raft.server.log.appender.buffer.byte-limit = 8388608 (custom)
2024-01-08 22:35:58,120 [main] INFO  server.GrpcService (ConfUtils.java:logGet(46)) - raft.grpc.flow.control.window = 5MB (=5242880) (custom)
2024-01-08 22:35:58,120 [main] INFO  server.RaftServerConfigKeys (ConfUtils.java:logGet(46)) - raft.server.rpc.request.timeout = 3000ms (default)
2024-01-08 22:35:58,120 [main] INFO  grpc.GrpcConfigKeys (ConfUtils.java:logGet(46)) - raft.grpc.server.heartbeat.channel = true (default)
2024-01-08 22:35:58,120 [main] INFO  grpc.GrpcConfigKeys (ConfUtils.java:logGet(46)) - raft.grpc.server.async.request.thread.pool.cached = true (default)
2024-01-08 22:35:58,120 [main] INFO  grpc.GrpcConfigKeys (ConfUtils.java:logGet(46)) - raft.grpc.server.async.request.thread.pool.size = 32 (default)
2024-01-08 22:35:58,123 [main] INFO  impl.DataStreamServerImpl (ConfUtils.java:logGet(46)) - raft.datastream.type = NETTY (custom)
2024-01-08 22:35:58,123 [main] INFO  server.RaftServerConfigKeys (ConfUtils.java:logGet(46)) - raft.server.data-stream.async.request.thread.pool.cached = false (default)
2024-01-08 22:35:58,123 [main] INFO  server.RaftServerConfigKeys (ConfUtils.java:logGet(46)) - raft.server.data-stream.async.request.thread.pool.size = 20 (custom)
2024-01-08 22:35:58,123 [main] INFO  server.RaftServerConfigKeys (ConfUtils.java:logGet(46)) - raft.server.data-stream.async.write.thread.pool.size = 16 (default)
2024-01-08 22:35:58,123 [main] INFO  netty.NettyConfigKeys$DataStream (ConfUtils.java:logGet(46)) - raft.netty.dataStream.server.channel.inactive.grace-period = 10min (default)
2024-01-08 22:35:58,124 [main] INFO  server.RaftServerConfigKeys (ConfUtils.java:logGet(46)) - raft.server.data-stream.client.pool.size = 10 (default)
2024-01-08 22:35:58,124 [main] INFO  netty.NettyConfigKeys$DataStream (ConfUtils.java:logGet(46)) - raft.netty.dataStream.server.use-epoll = true (default)
2024-01-08 22:35:58,124 [main] INFO  netty.NettyConfigKeys$DataStream (ConfUtils.java:logGet(46)) - raft.netty.dataStream.server.boss-group.size = 0 (default)
2024-01-08 22:35:58,124 [main] INFO  netty.NettyUtils (NettyUtils.java:newEventLoopGroup(69)) - Create EpollEventLoopGroup for 5d8f7830-f6d4-4ac5-95d9-573f6638b6da-NettyServerStreamRpc-bossGroup; Thread size is 0.
2024-01-08 22:35:58,125 [main] INFO  netty.NettyConfigKeys$DataStream (ConfUtils.java:logGet(46)) - raft.netty.dataStream.server.worker-group.size = 0 (default)
2024-01-08 22:35:58,125 [main] INFO  netty.NettyUtils (NettyUtils.java:newEventLoopGroup(69)) - Create EpollEventLoopGroup for 5d8f7830-f6d4-4ac5-95d9-573f6638b6da-NettyServerStreamRpc-workerGroup; Thread size is 0.
2024-01-08 22:35:58,126 [main] INFO  netty.NettyConfigKeys$DataStream (ConfUtils.java:logGet(46)) - raft.netty.dataStream.server.tls.conf = null (default)
2024-01-08 22:35:58,126 [main] INFO  netty.NettyConfigKeys$DataStream (ConfUtils.java:logGet(46)) - raft.netty.dataStream.host = null (default)
2024-01-08 22:35:58,126 [main] INFO  netty.NettyConfigKeys$DataStream (ConfUtils.java:logGet(46)) - raft.netty.dataStream.port = 15149 (custom)
2024-01-08 22:35:58,126 [main] INFO  server.RaftServerConfigKeys (ConfUtils.java:logGet(46)) - raft.server.sleep.deviation.threshold = 300ms (default)
2024-01-08 22:35:58,126 [5d8f7830-f6d4-4ac5-95d9-573f6638b6da-NettyServerStreamRpc-bossGroup--thread1] INFO  logging.LoggingHandler (AbstractInternalLogger.java:log(148)) - [id: 0x5fdf4662] REGISTERED
2024-01-08 22:35:58,127 [main] INFO  server.RaftServerConfigKeys (ConfUtils.java:logGet(46)) - raft.server.close.threshold = 60s (default)
2024-01-08 22:35:58,127 [main] INFO  server.RaftServerConfigKeys (ConfUtils.java:logGet(46)) - raft.server.leaderelection.leader.step-down.wait-time = 10s (default)
2024-01-08 22:35:58,127 [5d8f7830-f6d4-4ac5-95d9-573f6638b6da-NettyServerStreamRpc-bossGroup--thread1] INFO  logging.LoggingHandler (AbstractInternalLogger.java:log(148)) - [id: 0x5fdf4662] BIND: 0.0.0.0/0.0.0.0:15149
2024-01-08 22:35:58,127 [main] INFO  server.RaftServerConfigKeys (ConfUtils.java:logGet(46)) - raft.server.storage.dir = [/home/runner/work/ozone/ozone/hadoop-ozone/integration-test/target/test-dir/MiniOzoneClusterImpl-25d1905f-b767-404d-84bf-be0dd4c89112/datanode-5/data/ratis] (custom)
2024-01-08 22:35:58,127 [main] INFO  server.RaftServerConfigKeys (ConfUtils.java:logGet(46)) - raft.server.threadpool.proxy.cached = true (default)
2024-01-08 22:35:58,128 [main] INFO  server.RaftServerConfigKeys (ConfUtils.java:logGet(46)) - raft.server.threadpool.proxy.size = 0 (default)
2024-01-08 22:35:58,127 [5d8f7830-f6d4-4ac5-95d9-573f6638b6da-NettyServerStreamRpc-bossGroup--thread1] INFO  logging.LoggingHandler (AbstractInternalLogger.java:log(148)) - [id: 0x5fdf4662, L:/0.0.0.0:15149] ACTIVE
2024-01-08 22:35:58,128 [5d8f7830-f6d4-4ac5-95d9-573f6638b6da-impl-thread1] INFO  server.RaftServer (RaftServerProxy.java:initGroupDir(264)) - 5d8f7830-f6d4-4ac5-95d9-573f6638b6da: found a subdirectory /home/runner/work/ozone/ozone/hadoop-ozone/integration-test/target/test-dir/MiniOzoneClusterImpl-25d1905f-b767-404d-84bf-be0dd4c89112/datanode-5/data/ratis/tmp
2024-01-08 22:35:58,128 [5d8f7830-f6d4-4ac5-95d9-573f6638b6da-impl-thread1] INFO  server.RaftServer (RaftServerProxy.java:initGroupDir(269)) - 5d8f7830-f6d4-4ac5-95d9-573f6638b6da: The directory /home/runner/work/ozone/ozone/hadoop-ozone/integration-test/target/test-dir/MiniOzoneClusterImpl-25d1905f-b767-404d-84bf-be0dd4c89112/datanode-5/data/ratis/tmp is not a group directory; ignoring it. 
2024-01-08 22:35:58,128 [main] INFO  replication.ReplicationServer (ReplicationServer.java:<init>(85)) - Initializing replication server with thread count = 10 queue length = 4096
2024-01-08 22:35:58,129 [main] INFO  server.XceiverServerGrpc (XceiverServerGrpc.java:<init>(141)) - GrpcServer channel type EpollServerSocketChannel
2024-01-08 22:35:58,132 [main] INFO  replication.ReplicationSupervisor (ReplicationSupervisor.java:build(163)) - Initializing replication supervisor with thread count = 10
2024-01-08 22:35:58,132 [main] INFO  replication.ReplicationSupervisor (ReplicationSupervisor.java:nodeStateUpdated(317)) - Node state updated to IN_SERVICE, scaling executor pool size to 10
2024-01-08 22:35:58,135 [main] INFO  http.BaseHttpServer (BaseHttpServer.java:newHttpServer2BuilderForOzone(223)) - Starting Web-server for hddsDatanode at: http://0.0.0.0:15143
2024-01-08 22:35:58,135 [main] INFO  http.BaseHttpServer (BaseHttpServer.java:<init>(110)) - Hadoop Security Enabled: false Ozone Security Enabled: false Ozone HTTP Security Enabled: false 
2024-01-08 22:35:58,136 [main] WARN  server.AuthenticationFilter (AuthenticationFilter.java:constructSecretProvider(240)) - Unable to initialize FileSignerSecretProvider, falling back to use random secrets. Reason: Could not read signature secret file: /home/runner/hadoop-http-auth-signature-secret
2024-01-08 22:35:58,136 [main] INFO  http.HttpRequestLog (HttpRequestLog.java:getRequestLog(86)) - Http request log for http.requests.hddsDatanode is not defined
2024-01-08 22:35:58,138 [main] INFO  http.HttpServer2 (HttpServer2.java:addGlobalFilter(1036)) - Added global filter 'safety' (class=org.apache.hadoop.hdds.server.http.HttpServer2$QuotingInputFilter)
2024-01-08 22:35:58,138 [main] INFO  http.HttpServer2 (HttpServer2.java:addFilter(1012)) - Added filter static_user_filter (class=org.apache.hadoop.http.lib.StaticUserWebFilter$StaticUserFilter) to context hddsDatanode
2024-01-08 22:35:58,138 [main] INFO  http.HttpServer2 (HttpServer2.java:addFilter(1020)) - Added filter static_user_filter (class=org.apache.hadoop.http.lib.StaticUserWebFilter$StaticUserFilter) to context logs
2024-01-08 22:35:58,138 [main] INFO  http.HttpServer2 (HttpServer2.java:addFilter(1020)) - Added filter static_user_filter (class=org.apache.hadoop.http.lib.StaticUserWebFilter$StaticUserFilter) to context static
2024-01-08 22:35:58,139 [main] INFO  http.BaseHttpServer (BaseHttpServer.java:<init>(189)) - HTTP server of hddsDatanode uses base directory /home/runner/work/ozone/ozone/hadoop-ozone/integration-test/target/test-dir/MiniOzoneClusterImpl-25d1905f-b767-404d-84bf-be0dd4c89112/datanode-5/meta/webserver
2024-01-08 22:35:58,139 [main] INFO  http.HttpServer2 (HttpServer2.java:bindListener(1236)) - Jetty bound to port 15143
2024-01-08 22:35:58,140 [main] INFO  server.Server (Server.java:doStart(375)) - jetty-9.4.53.v20231009; built: 2023-10-09T12:29:09.265Z; git: 27bde00a0b95a1d5bbee0eae7984f891d2d0f8c9; jvm 1.8.0_392-b08
2024-01-08 22:35:58,146 [main] INFO  server.session (DefaultSessionIdManager.java:doStart(334)) - DefaultSessionIdManager workerName=node0
2024-01-08 22:35:58,146 [main] INFO  server.session (DefaultSessionIdManager.java:doStart(339)) - No SessionScavenger set, using defaults
2024-01-08 22:35:58,147 [main] INFO  server.session (HouseKeeper.java:startScavenging(132)) - node0 Scavenging every 600000ms
2024-01-08 22:35:58,147 [main] INFO  handler.ContextHandler (ContextHandler.java:doStart(921)) - Started o.e.j.s.ServletContextHandler@5f21efe0{logs,/logs,file:///home/runner/work/ozone/ozone/hadoop-ozone/integration-test/target/log,AVAILABLE}
2024-01-08 22:35:58,148 [main] INFO  handler.ContextHandler (ContextHandler.java:doStart(921)) - Started o.e.j.s.ServletContextHandler@3afafb03{static,/static,jar:file:/home/runner/.m2/repository/org/apache/ozone/hdds-container-service/1.5.0-SNAPSHOT/hdds-container-service-1.5.0-SNAPSHOT.jar!/webapps/static,AVAILABLE}
2024-01-08 22:35:58,180 [main] INFO  handler.ContextHandler (ContextHandler.java:doStart(921)) - Started o.e.j.w.WebAppContext@b896365{hddsDatanode,/,file:///home/runner/work/ozone/ozone/hadoop-ozone/integration-test/target/test-dir/MiniOzoneClusterImpl-25d1905f-b767-404d-84bf-be0dd4c89112/datanode-5/meta/webserver/jetty-0_0_0_0-15143-hdds-container-service-1_5_0-SNAPSHOT_jar-_-any-1108605094810759429/webapp/,AVAILABLE}{jar:file:/home/runner/.m2/repository/org/apache/ozone/hdds-container-service/1.5.0-SNAPSHOT/hdds-container-service-1.5.0-SNAPSHOT.jar!/webapps/hddsDatanode}
2024-01-08 22:35:58,181 [main] INFO  server.AbstractConnector (AbstractConnector.java:doStart(333)) - Started ServerConnector@563fea86{HTTP/1.1, (http/1.1)}{0.0.0.0:15143}
2024-01-08 22:35:58,181 [main] INFO  server.Server (Server.java:doStart(415)) - Started @45477ms
2024-01-08 22:35:58,181 [main] WARN  impl.MetricsSystemImpl (MetricsSystemImpl.java:register(279)) - Sink prometheus already exists!
2024-01-08 22:35:58,182 [main] INFO  http.BaseHttpServer (BaseHttpServer.java:updateConnectorAddress(354)) - HTTP server of hddsDatanode listening at http://0.0.0.0:15143
2024-01-08 22:35:58,182 [main] INFO  ipc.CallQueueManager (CallQueueManager.java:<init>(90)) - Using callQueue: class java.util.concurrent.LinkedBlockingQueue, queueCapacity: 100, scheduler: class org.apache.hadoop.ipc.DefaultRpcScheduler, ipcBackoff: false.
2024-01-08 22:35:58,182 [main] INFO  ipc.Server (Server.java:<init>(1287)) - Listener at 0.0.0.0:15144
2024-01-08 22:35:58,183 [Socket Reader #1 for port 15144] INFO  ipc.Server (Server.java:run(1323)) - Starting Socket Reader #1 for port 15144
2024-01-08 22:35:58,185 [main] INFO  ozone.HddsDatanodeService (HddsDatanodeService.java:start(324)) - Datanode start with admins: [runner]
2024-01-08 22:35:58,185 [main] INFO  ozone.HddsDatanodeClientProtocolServer (HddsDatanodeClientProtocolServer.java:start(72)) - RPC server for Client /0.0.0.0:15144
2024-01-08 22:35:58,186 [IPC Server Responder] INFO  ipc.Server (Server.java:run(1562)) - IPC Server Responder: starting
2024-01-08 22:35:58,187 [IPC Server listener on 15144] INFO  ipc.Server (Server.java:run(1402)) - IPC Server listener on 15144: starting
2024-01-08 22:35:58,187 [5d8f7830-f6d4-4ac5-95d9-573f6638b6da-DatanodeStateMachineDaemonThread] INFO  statemachine.DatanodeStateMachine (DatanodeStateMachine.java:lambda$startDaemon$1(555)) - Ozone container server started.
2024-01-08 22:35:58,188 [main] WARN  dropwizard3.Dm3MetricRegistriesImpl (Dm3MetricRegistriesImpl.java:addReporterRegistration(113)) - New reporters are added after registries were created. Some metrics will be missing from the reporter. Please add reporter before adding any new registry.
2024-01-08 22:35:58,193 [main] WARN  dropwizard3.Dm3MetricRegistriesImpl (Dm3MetricRegistriesImpl.java:addReporterRegistration(113)) - New reporters are added after registries were created. Some metrics will be missing from the reporter. Please add reporter before adding any new registry.
2024-01-08 22:35:58,193 [main] INFO  impl.MetricsSystemImpl (MetricsSystemImpl.java:init(158)) - HddsDatanode metrics system started (again)
2024-01-08 22:35:58,195 [5d8f7830-f6d4-4ac5-95d9-573f6638b6da-DatanodeStateMachineTaskThread-0] INFO  datanode.InitDatanodeState (InitDatanodeState.java:persistContainerDatanodeDetails(139)) - DatanodeDetails is persisted to /home/runner/work/ozone/ozone/hadoop-ozone/integration-test/target/test-dir/MiniOzoneClusterImpl-25d1905f-b767-404d-84bf-be0dd4c89112/datanode-5/meta/datanode.id
2024-01-08 22:35:58,203 [main] INFO  ozone.HddsDatanodeService (HddsDatanodeService.java:start(239)) - HddsDatanodeService host:fv-az1425-465 ip:10.1.0.16
2024-01-08 22:35:58,217 [main] INFO  upgrade.AbstractLayoutVersionManager (AbstractLayoutVersionManager.java:init(83)) - Initializing Layout version manager with metadata layout = HADOOP_PRC_PORTS_IN_DATANODEDETAILS (version = 7), software layout = HADOOP_PRC_PORTS_IN_DATANODEDETAILS (version = 7)
2024-01-08 22:35:58,218 [main] INFO  statemachine.DatanodeStateMachine (DatanodeStateMachine.java:getEndPointTaskThreadPoolSize(299)) - Datanode State Machine Task Thread Pool size 2
2024-01-08 22:35:58,219 [main] INFO  volume.HddsVolume (HddsVolume.java:<init>(125)) - Creating HddsVolume: /home/runner/work/ozone/ozone/hadoop-ozone/integration-test/target/test-dir/MiniOzoneClusterImpl-25d1905f-b767-404d-84bf-be0dd4c89112/datanode-6/data-0/containers/hdds of storage type : DISK capacity : 9223372036854775807
2024-01-08 22:35:58,219 [main] INFO  volume.MutableVolumeSet (MutableVolumeSet.java:initializeVolumeSet(173)) - Added Volume : /home/runner/work/ozone/ozone/hadoop-ozone/integration-test/target/test-dir/MiniOzoneClusterImpl-25d1905f-b767-404d-84bf-be0dd4c89112/datanode-6/data-0/containers/hdds to VolumeSet
2024-01-08 22:35:58,220 [main] INFO  volume.MutableVolumeSet (MutableVolumeSet.java:initializeVolumeSet(173)) - Added Volume : /home/runner/work/ozone/ozone/hadoop-ozone/integration-test/target/test-dir/MiniOzoneClusterImpl-25d1905f-b767-404d-84bf-be0dd4c89112/datanode-6/data/ratis to VolumeSet
2024-01-08 22:35:58,220 [main] INFO  ozoneimpl.OzoneContainer (HddsVolumeUtil.java:loadAllHddsVolumeDbStore(103)) - Load 1 volumes DbStore cost: 0ms
2024-01-08 22:35:58,220 [ae8e2c12-abd7-4753-9c27-64723a930f37-ContainerReader-0] INFO  ozoneimpl.ContainerReader (ContainerReader.java:readVolume(178)) - Finish verifying containers on volume /home/runner/work/ozone/ozone/hadoop-ozone/integration-test/target/test-dir/MiniOzoneClusterImpl-25d1905f-b767-404d-84bf-be0dd4c89112/datanode-6/data-0/containers/hdds
2024-01-08 22:35:58,220 [main] INFO  ozoneimpl.OzoneContainer (OzoneContainer.java:buildContainerSet(326)) - Build ContainerSet costs 0s
2024-01-08 22:35:58,222 [main] INFO  server.RaftServer (ConfUtils.java:logGet(46)) - raft.rpc.type = GRPC (default)
2024-01-08 22:35:58,222 [main] INFO  grpc.GrpcConfigKeys (ConfUtils.java:logFallback(53)) - raft.grpc.admin.host = null (fallback to raft.grpc.server.host)
2024-01-08 22:35:58,223 [main] INFO  grpc.GrpcConfigKeys (ConfUtils.java:logGet(46)) - raft.grpc.admin.port = 15156 (custom)
2024-01-08 22:35:58,223 [main] INFO  grpc.GrpcConfigKeys (ConfUtils.java:logFallback(53)) - raft.grpc.client.host = null (fallback to raft.grpc.server.host)
2024-01-08 22:35:58,223 [main] INFO  grpc.GrpcConfigKeys (ConfUtils.java:logGet(46)) - raft.grpc.client.port = 15155 (custom)
2024-01-08 22:35:58,223 [main] INFO  grpc.GrpcConfigKeys (ConfUtils.java:logGet(46)) - raft.grpc.server.host = null (default)
2024-01-08 22:35:58,224 [main] INFO  grpc.GrpcConfigKeys (ConfUtils.java:logGet(46)) - raft.grpc.server.port = 15157 (custom)
2024-01-08 22:35:58,224 [main] INFO  server.GrpcService (ConfUtils.java:logGet(46)) - raft.grpc.message.size.max = 32MB (=33554432) (custom)
2024-01-08 22:35:58,224 [main] INFO  server.RaftServerConfigKeys (ConfUtils.java:logGet(46)) - raft.server.log.appender.buffer.byte-limit = 8388608 (custom)
2024-01-08 22:35:58,224 [main] INFO  server.GrpcService (ConfUtils.java:logGet(46)) - raft.grpc.flow.control.window = 5MB (=5242880) (custom)
2024-01-08 22:35:58,224 [main] INFO  server.RaftServerConfigKeys (ConfUtils.java:logGet(46)) - raft.server.rpc.request.timeout = 3000ms (default)
2024-01-08 22:35:58,225 [main] INFO  grpc.GrpcConfigKeys (ConfUtils.java:logGet(46)) - raft.grpc.server.heartbeat.channel = true (default)
2024-01-08 22:35:58,225 [main] INFO  grpc.GrpcConfigKeys (ConfUtils.java:logGet(46)) - raft.grpc.server.async.request.thread.pool.cached = true (default)
2024-01-08 22:35:58,225 [main] INFO  grpc.GrpcConfigKeys (ConfUtils.java:logGet(46)) - raft.grpc.server.async.request.thread.pool.size = 32 (default)
2024-01-08 22:35:58,227 [main] INFO  impl.DataStreamServerImpl (ConfUtils.java:logGet(46)) - raft.datastream.type = NETTY (custom)
2024-01-08 22:35:58,227 [main] INFO  server.RaftServerConfigKeys (ConfUtils.java:logGet(46)) - raft.server.data-stream.async.request.thread.pool.cached = false (default)
2024-01-08 22:35:58,227 [main] INFO  server.RaftServerConfigKeys (ConfUtils.java:logGet(46)) - raft.server.data-stream.async.request.thread.pool.size = 20 (custom)
2024-01-08 22:35:58,228 [main] INFO  server.RaftServerConfigKeys (ConfUtils.java:logGet(46)) - raft.server.data-stream.async.write.thread.pool.size = 16 (default)
2024-01-08 22:35:58,228 [main] INFO  netty.NettyConfigKeys$DataStream (ConfUtils.java:logGet(46)) - raft.netty.dataStream.server.channel.inactive.grace-period = 10min (default)
2024-01-08 22:35:58,228 [main] INFO  server.RaftServerConfigKeys (ConfUtils.java:logGet(46)) - raft.server.data-stream.client.pool.size = 10 (default)
2024-01-08 22:35:58,228 [main] INFO  netty.NettyConfigKeys$DataStream (ConfUtils.java:logGet(46)) - raft.netty.dataStream.server.use-epoll = true (default)
2024-01-08 22:35:58,228 [main] INFO  netty.NettyConfigKeys$DataStream (ConfUtils.java:logGet(46)) - raft.netty.dataStream.server.boss-group.size = 0 (default)
2024-01-08 22:35:58,229 [main] INFO  netty.NettyUtils (NettyUtils.java:newEventLoopGroup(69)) - Create EpollEventLoopGroup for ae8e2c12-abd7-4753-9c27-64723a930f37-NettyServerStreamRpc-bossGroup; Thread size is 0.
2024-01-08 22:35:58,229 [main] INFO  netty.NettyConfigKeys$DataStream (ConfUtils.java:logGet(46)) - raft.netty.dataStream.server.worker-group.size = 0 (default)
2024-01-08 22:35:58,229 [main] INFO  netty.NettyUtils (NettyUtils.java:newEventLoopGroup(69)) - Create EpollEventLoopGroup for ae8e2c12-abd7-4753-9c27-64723a930f37-NettyServerStreamRpc-workerGroup; Thread size is 0.
2024-01-08 22:35:58,230 [main] INFO  netty.NettyConfigKeys$DataStream (ConfUtils.java:logGet(46)) - raft.netty.dataStream.server.tls.conf = null (default)
2024-01-08 22:35:58,230 [main] INFO  netty.NettyConfigKeys$DataStream (ConfUtils.java:logGet(46)) - raft.netty.dataStream.host = null (default)
2024-01-08 22:35:58,230 [main] INFO  netty.NettyConfigKeys$DataStream (ConfUtils.java:logGet(46)) - raft.netty.dataStream.port = 15158 (custom)
2024-01-08 22:35:58,230 [main] INFO  server.RaftServerConfigKeys (ConfUtils.java:logGet(46)) - raft.server.sleep.deviation.threshold = 300ms (default)
2024-01-08 22:35:58,231 [main] INFO  server.RaftServerConfigKeys (ConfUtils.java:logGet(46)) - raft.server.close.threshold = 60s (default)
2024-01-08 22:35:58,231 [ae8e2c12-abd7-4753-9c27-64723a930f37-NettyServerStreamRpc-bossGroup--thread1] INFO  logging.LoggingHandler (AbstractInternalLogger.java:log(148)) - [id: 0xd3e2c7a9] REGISTERED
2024-01-08 22:35:58,231 [main] INFO  server.RaftServerConfigKeys (ConfUtils.java:logGet(46)) - raft.server.leaderelection.leader.step-down.wait-time = 10s (default)
2024-01-08 22:35:58,231 [ae8e2c12-abd7-4753-9c27-64723a930f37-NettyServerStreamRpc-bossGroup--thread1] INFO  logging.LoggingHandler (AbstractInternalLogger.java:log(148)) - [id: 0xd3e2c7a9] BIND: 0.0.0.0/0.0.0.0:15158
2024-01-08 22:35:58,231 [main] INFO  server.RaftServerConfigKeys (ConfUtils.java:logGet(46)) - raft.server.storage.dir = [/home/runner/work/ozone/ozone/hadoop-ozone/integration-test/target/test-dir/MiniOzoneClusterImpl-25d1905f-b767-404d-84bf-be0dd4c89112/datanode-6/data/ratis] (custom)
2024-01-08 22:35:58,231 [main] INFO  server.RaftServerConfigKeys (ConfUtils.java:logGet(46)) - raft.server.threadpool.proxy.cached = true (default)
2024-01-08 22:35:58,231 [main] INFO  server.RaftServerConfigKeys (ConfUtils.java:logGet(46)) - raft.server.threadpool.proxy.size = 0 (default)
2024-01-08 22:35:58,231 [ae8e2c12-abd7-4753-9c27-64723a930f37-NettyServerStreamRpc-bossGroup--thread1] INFO  logging.LoggingHandler (AbstractInternalLogger.java:log(148)) - [id: 0xd3e2c7a9, L:/0.0.0.0:15158] ACTIVE
2024-01-08 22:35:58,232 [ae8e2c12-abd7-4753-9c27-64723a930f37-impl-thread1] INFO  server.RaftServer (RaftServerProxy.java:initGroupDir(264)) - ae8e2c12-abd7-4753-9c27-64723a930f37: found a subdirectory /home/runner/work/ozone/ozone/hadoop-ozone/integration-test/target/test-dir/MiniOzoneClusterImpl-25d1905f-b767-404d-84bf-be0dd4c89112/datanode-6/data/ratis/tmp
2024-01-08 22:35:58,232 [ae8e2c12-abd7-4753-9c27-64723a930f37-impl-thread1] INFO  server.RaftServer (RaftServerProxy.java:initGroupDir(269)) - ae8e2c12-abd7-4753-9c27-64723a930f37: The directory /home/runner/work/ozone/ozone/hadoop-ozone/integration-test/target/test-dir/MiniOzoneClusterImpl-25d1905f-b767-404d-84bf-be0dd4c89112/datanode-6/data/ratis/tmp is not a group directory; ignoring it. 
2024-01-08 22:35:58,232 [main] INFO  replication.ReplicationServer (ReplicationServer.java:<init>(85)) - Initializing replication server with thread count = 10 queue length = 4096
2024-01-08 22:35:58,233 [main] INFO  server.XceiverServerGrpc (XceiverServerGrpc.java:<init>(141)) - GrpcServer channel type EpollServerSocketChannel
2024-01-08 22:35:58,234 [main] INFO  replication.ReplicationSupervisor (ReplicationSupervisor.java:build(163)) - Initializing replication supervisor with thread count = 10
2024-01-08 22:35:58,234 [main] INFO  replication.ReplicationSupervisor (ReplicationSupervisor.java:nodeStateUpdated(317)) - Node state updated to IN_SERVICE, scaling executor pool size to 10
2024-01-08 22:35:58,236 [main] INFO  http.BaseHttpServer (BaseHttpServer.java:newHttpServer2BuilderForOzone(223)) - Starting Web-server for hddsDatanode at: http://0.0.0.0:15152
2024-01-08 22:35:58,236 [main] INFO  http.BaseHttpServer (BaseHttpServer.java:<init>(110)) - Hadoop Security Enabled: false Ozone Security Enabled: false Ozone HTTP Security Enabled: false 
2024-01-08 22:35:58,237 [main] WARN  server.AuthenticationFilter (AuthenticationFilter.java:constructSecretProvider(240)) - Unable to initialize FileSignerSecretProvider, falling back to use random secrets. Reason: Could not read signature secret file: /home/runner/hadoop-http-auth-signature-secret
2024-01-08 22:35:58,237 [main] INFO  http.HttpRequestLog (HttpRequestLog.java:getRequestLog(86)) - Http request log for http.requests.hddsDatanode is not defined
2024-01-08 22:35:58,238 [main] INFO  http.HttpServer2 (HttpServer2.java:addGlobalFilter(1036)) - Added global filter 'safety' (class=org.apache.hadoop.hdds.server.http.HttpServer2$QuotingInputFilter)
2024-01-08 22:35:58,239 [main] INFO  http.HttpServer2 (HttpServer2.java:addFilter(1012)) - Added filter static_user_filter (class=org.apache.hadoop.http.lib.StaticUserWebFilter$StaticUserFilter) to context hddsDatanode
2024-01-08 22:35:58,239 [main] INFO  http.HttpServer2 (HttpServer2.java:addFilter(1020)) - Added filter static_user_filter (class=org.apache.hadoop.http.lib.StaticUserWebFilter$StaticUserFilter) to context logs
2024-01-08 22:35:58,239 [main] INFO  http.HttpServer2 (HttpServer2.java:addFilter(1020)) - Added filter static_user_filter (class=org.apache.hadoop.http.lib.StaticUserWebFilter$StaticUserFilter) to context static
2024-01-08 22:35:58,239 [main] INFO  http.BaseHttpServer (BaseHttpServer.java:<init>(189)) - HTTP server of hddsDatanode uses base directory /home/runner/work/ozone/ozone/hadoop-ozone/integration-test/target/test-dir/MiniOzoneClusterImpl-25d1905f-b767-404d-84bf-be0dd4c89112/datanode-6/meta/webserver
2024-01-08 22:35:58,240 [main] INFO  http.HttpServer2 (HttpServer2.java:bindListener(1236)) - Jetty bound to port 15152
2024-01-08 22:35:58,240 [main] INFO  server.Server (Server.java:doStart(375)) - jetty-9.4.53.v20231009; built: 2023-10-09T12:29:09.265Z; git: 27bde00a0b95a1d5bbee0eae7984f891d2d0f8c9; jvm 1.8.0_392-b08
2024-01-08 22:35:58,241 [main] INFO  server.session (DefaultSessionIdManager.java:doStart(334)) - DefaultSessionIdManager workerName=node0
2024-01-08 22:35:58,241 [main] INFO  server.session (DefaultSessionIdManager.java:doStart(339)) - No SessionScavenger set, using defaults
2024-01-08 22:35:58,241 [main] INFO  server.session (HouseKeeper.java:startScavenging(132)) - node0 Scavenging every 600000ms
2024-01-08 22:35:58,242 [main] INFO  handler.ContextHandler (ContextHandler.java:doStart(921)) - Started o.e.j.s.ServletContextHandler@53bb8c2a{logs,/logs,file:///home/runner/work/ozone/ozone/hadoop-ozone/integration-test/target/log,AVAILABLE}
2024-01-08 22:35:58,242 [main] INFO  handler.ContextHandler (ContextHandler.java:doStart(921)) - Started o.e.j.s.ServletContextHandler@4e7c5d8e{static,/static,jar:file:/home/runner/.m2/repository/org/apache/ozone/hdds-container-service/1.5.0-SNAPSHOT/hdds-container-service-1.5.0-SNAPSHOT.jar!/webapps/static,AVAILABLE}
2024-01-08 22:35:58,278 [main] INFO  handler.ContextHandler (ContextHandler.java:doStart(921)) - Started o.e.j.w.WebAppContext@4c0bfacf{hddsDatanode,/,file:///home/runner/work/ozone/ozone/hadoop-ozone/integration-test/target/test-dir/MiniOzoneClusterImpl-25d1905f-b767-404d-84bf-be0dd4c89112/datanode-6/meta/webserver/jetty-0_0_0_0-15152-hdds-container-service-1_5_0-SNAPSHOT_jar-_-any-427560669557694870/webapp/,AVAILABLE}{jar:file:/home/runner/.m2/repository/org/apache/ozone/hdds-container-service/1.5.0-SNAPSHOT/hdds-container-service-1.5.0-SNAPSHOT.jar!/webapps/hddsDatanode}
2024-01-08 22:35:58,280 [main] INFO  server.AbstractConnector (AbstractConnector.java:doStart(333)) - Started ServerConnector@609fceb0{HTTP/1.1, (http/1.1)}{0.0.0.0:15152}
2024-01-08 22:35:58,280 [main] INFO  server.Server (Server.java:doStart(415)) - Started @45576ms
2024-01-08 22:35:58,280 [main] WARN  impl.MetricsSystemImpl (MetricsSystemImpl.java:register(279)) - Sink prometheus already exists!
2024-01-08 22:35:58,280 [main] INFO  http.BaseHttpServer (BaseHttpServer.java:updateConnectorAddress(354)) - HTTP server of hddsDatanode listening at http://0.0.0.0:15152
2024-01-08 22:35:58,280 [main] INFO  ipc.CallQueueManager (CallQueueManager.java:<init>(90)) - Using callQueue: class java.util.concurrent.LinkedBlockingQueue, queueCapacity: 100, scheduler: class org.apache.hadoop.ipc.DefaultRpcScheduler, ipcBackoff: false.
2024-01-08 22:35:58,281 [main] INFO  ipc.Server (Server.java:<init>(1287)) - Listener at 0.0.0.0:15153
2024-01-08 22:35:58,281 [Socket Reader #1 for port 15153] INFO  ipc.Server (Server.java:run(1323)) - Starting Socket Reader #1 for port 15153
2024-01-08 22:35:58,282 [main] INFO  ozone.HddsDatanodeService (HddsDatanodeService.java:start(324)) - Datanode start with admins: [runner]
2024-01-08 22:35:58,282 [main] INFO  ozone.HddsDatanodeClientProtocolServer (HddsDatanodeClientProtocolServer.java:start(72)) - RPC server for Client /0.0.0.0:15153
2024-01-08 22:35:58,282 [IPC Server Responder] INFO  ipc.Server (Server.java:run(1562)) - IPC Server Responder: starting
2024-01-08 22:35:58,282 [IPC Server listener on 15153] INFO  ipc.Server (Server.java:run(1402)) - IPC Server listener on 15153: starting
2024-01-08 22:35:58,283 [ae8e2c12-abd7-4753-9c27-64723a930f37-DatanodeStateMachineDaemonThread] INFO  statemachine.DatanodeStateMachine (DatanodeStateMachine.java:lambda$startDaemon$1(555)) - Ozone container server started.
2024-01-08 22:35:58,283 [main] WARN  dropwizard3.Dm3MetricRegistriesImpl (Dm3MetricRegistriesImpl.java:addReporterRegistration(113)) - New reporters are added after registries were created. Some metrics will be missing from the reporter. Please add reporter before adding any new registry.
2024-01-08 22:35:58,285 [main] WARN  dropwizard3.Dm3MetricRegistriesImpl (Dm3MetricRegistriesImpl.java:addReporterRegistration(113)) - New reporters are added after registries were created. Some metrics will be missing from the reporter. Please add reporter before adding any new registry.
2024-01-08 22:35:58,285 [main] INFO  impl.MetricsSystemImpl (MetricsSystemImpl.java:init(158)) - HddsDatanode metrics system started (again)
2024-01-08 22:35:58,288 [ae8e2c12-abd7-4753-9c27-64723a930f37-DatanodeStateMachineTaskThread-0] INFO  datanode.InitDatanodeState (InitDatanodeState.java:persistContainerDatanodeDetails(139)) - DatanodeDetails is persisted to /home/runner/work/ozone/ozone/hadoop-ozone/integration-test/target/test-dir/MiniOzoneClusterImpl-25d1905f-b767-404d-84bf-be0dd4c89112/datanode-6/meta/datanode.id
2024-01-08 22:35:58,294 [main] INFO  ozone.HddsDatanodeService (HddsDatanodeService.java:start(239)) - HddsDatanodeService host:fv-az1425-465 ip:10.1.0.16
2024-01-08 22:35:58,308 [main] INFO  upgrade.AbstractLayoutVersionManager (AbstractLayoutVersionManager.java:init(83)) - Initializing Layout version manager with metadata layout = HADOOP_PRC_PORTS_IN_DATANODEDETAILS (version = 7), software layout = HADOOP_PRC_PORTS_IN_DATANODEDETAILS (version = 7)
2024-01-08 22:35:58,308 [main] INFO  statemachine.DatanodeStateMachine (DatanodeStateMachine.java:getEndPointTaskThreadPoolSize(299)) - Datanode State Machine Task Thread Pool size 2
2024-01-08 22:35:58,309 [main] INFO  volume.HddsVolume (HddsVolume.java:<init>(125)) - Creating HddsVolume: /home/runner/work/ozone/ozone/hadoop-ozone/integration-test/target/test-dir/MiniOzoneClusterImpl-25d1905f-b767-404d-84bf-be0dd4c89112/datanode-7/data-0/containers/hdds of storage type : DISK capacity : 9223372036854775807
2024-01-08 22:35:58,309 [main] INFO  volume.MutableVolumeSet (MutableVolumeSet.java:initializeVolumeSet(173)) - Added Volume : /home/runner/work/ozone/ozone/hadoop-ozone/integration-test/target/test-dir/MiniOzoneClusterImpl-25d1905f-b767-404d-84bf-be0dd4c89112/datanode-7/data-0/containers/hdds to VolumeSet
2024-01-08 22:35:58,310 [main] INFO  volume.MutableVolumeSet (MutableVolumeSet.java:initializeVolumeSet(173)) - Added Volume : /home/runner/work/ozone/ozone/hadoop-ozone/integration-test/target/test-dir/MiniOzoneClusterImpl-25d1905f-b767-404d-84bf-be0dd4c89112/datanode-7/data/ratis to VolumeSet
2024-01-08 22:35:58,310 [main] INFO  ozoneimpl.OzoneContainer (HddsVolumeUtil.java:loadAllHddsVolumeDbStore(103)) - Load 1 volumes DbStore cost: 0ms
2024-01-08 22:35:58,311 [34273466-0570-47f7-a015-e29b814fc208-ContainerReader-0] INFO  ozoneimpl.ContainerReader (ContainerReader.java:readVolume(178)) - Finish verifying containers on volume /home/runner/work/ozone/ozone/hadoop-ozone/integration-test/target/test-dir/MiniOzoneClusterImpl-25d1905f-b767-404d-84bf-be0dd4c89112/datanode-7/data-0/containers/hdds
2024-01-08 22:35:58,311 [main] INFO  ozoneimpl.OzoneContainer (OzoneContainer.java:buildContainerSet(326)) - Build ContainerSet costs 0s
2024-01-08 22:35:58,313 [main] INFO  server.RaftServer (ConfUtils.java:logGet(46)) - raft.rpc.type = GRPC (default)
2024-01-08 22:35:58,313 [main] INFO  grpc.GrpcConfigKeys (ConfUtils.java:logFallback(53)) - raft.grpc.admin.host = null (fallback to raft.grpc.server.host)
2024-01-08 22:35:58,313 [main] INFO  grpc.GrpcConfigKeys (ConfUtils.java:logGet(46)) - raft.grpc.admin.port = 15165 (custom)
2024-01-08 22:35:58,313 [main] INFO  grpc.GrpcConfigKeys (ConfUtils.java:logFallback(53)) - raft.grpc.client.host = null (fallback to raft.grpc.server.host)
2024-01-08 22:35:58,314 [main] INFO  grpc.GrpcConfigKeys (ConfUtils.java:logGet(46)) - raft.grpc.client.port = 15164 (custom)
2024-01-08 22:35:58,314 [main] INFO  grpc.GrpcConfigKeys (ConfUtils.java:logGet(46)) - raft.grpc.server.host = null (default)
2024-01-08 22:35:58,314 [main] INFO  grpc.GrpcConfigKeys (ConfUtils.java:logGet(46)) - raft.grpc.server.port = 15166 (custom)
2024-01-08 22:35:58,314 [main] INFO  server.GrpcService (ConfUtils.java:logGet(46)) - raft.grpc.message.size.max = 32MB (=33554432) (custom)
2024-01-08 22:35:58,314 [main] INFO  server.RaftServerConfigKeys (ConfUtils.java:logGet(46)) - raft.server.log.appender.buffer.byte-limit = 8388608 (custom)
2024-01-08 22:35:58,314 [main] INFO  server.GrpcService (ConfUtils.java:logGet(46)) - raft.grpc.flow.control.window = 5MB (=5242880) (custom)
2024-01-08 22:35:58,315 [main] INFO  server.RaftServerConfigKeys (ConfUtils.java:logGet(46)) - raft.server.rpc.request.timeout = 3000ms (default)
2024-01-08 22:35:58,315 [main] INFO  grpc.GrpcConfigKeys (ConfUtils.java:logGet(46)) - raft.grpc.server.heartbeat.channel = true (default)
2024-01-08 22:35:58,315 [main] INFO  grpc.GrpcConfigKeys (ConfUtils.java:logGet(46)) - raft.grpc.server.async.request.thread.pool.cached = true (default)
2024-01-08 22:35:58,315 [main] INFO  grpc.GrpcConfigKeys (ConfUtils.java:logGet(46)) - raft.grpc.server.async.request.thread.pool.size = 32 (default)
2024-01-08 22:35:58,317 [main] INFO  impl.DataStreamServerImpl (ConfUtils.java:logGet(46)) - raft.datastream.type = NETTY (custom)
2024-01-08 22:35:58,318 [main] INFO  server.RaftServerConfigKeys (ConfUtils.java:logGet(46)) - raft.server.data-stream.async.request.thread.pool.cached = false (default)
2024-01-08 22:35:58,318 [main] INFO  server.RaftServerConfigKeys (ConfUtils.java:logGet(46)) - raft.server.data-stream.async.request.thread.pool.size = 20 (custom)
2024-01-08 22:35:58,318 [main] INFO  server.RaftServerConfigKeys (ConfUtils.java:logGet(46)) - raft.server.data-stream.async.write.thread.pool.size = 16 (default)
2024-01-08 22:35:58,318 [main] INFO  netty.NettyConfigKeys$DataStream (ConfUtils.java:logGet(46)) - raft.netty.dataStream.server.channel.inactive.grace-period = 10min (default)
2024-01-08 22:35:58,319 [main] INFO  server.RaftServerConfigKeys (ConfUtils.java:logGet(46)) - raft.server.data-stream.client.pool.size = 10 (default)
2024-01-08 22:35:58,319 [main] INFO  netty.NettyConfigKeys$DataStream (ConfUtils.java:logGet(46)) - raft.netty.dataStream.server.use-epoll = true (default)
2024-01-08 22:35:58,319 [main] INFO  netty.NettyConfigKeys$DataStream (ConfUtils.java:logGet(46)) - raft.netty.dataStream.server.boss-group.size = 0 (default)
2024-01-08 22:35:58,319 [main] INFO  netty.NettyUtils (NettyUtils.java:newEventLoopGroup(69)) - Create EpollEventLoopGroup for 34273466-0570-47f7-a015-e29b814fc208-NettyServerStreamRpc-bossGroup; Thread size is 0.
2024-01-08 22:35:58,320 [main] INFO  netty.NettyConfigKeys$DataStream (ConfUtils.java:logGet(46)) - raft.netty.dataStream.server.worker-group.size = 0 (default)
2024-01-08 22:35:58,320 [main] INFO  netty.NettyUtils (NettyUtils.java:newEventLoopGroup(69)) - Create EpollEventLoopGroup for 34273466-0570-47f7-a015-e29b814fc208-NettyServerStreamRpc-workerGroup; Thread size is 0.
2024-01-08 22:35:58,320 [main] INFO  netty.NettyConfigKeys$DataStream (ConfUtils.java:logGet(46)) - raft.netty.dataStream.server.tls.conf = null (default)
2024-01-08 22:35:58,320 [main] INFO  netty.NettyConfigKeys$DataStream (ConfUtils.java:logGet(46)) - raft.netty.dataStream.host = null (default)
2024-01-08 22:35:58,320 [main] INFO  netty.NettyConfigKeys$DataStream (ConfUtils.java:logGet(46)) - raft.netty.dataStream.port = 15167 (custom)
2024-01-08 22:35:58,321 [main] INFO  server.RaftServerConfigKeys (ConfUtils.java:logGet(46)) - raft.server.sleep.deviation.threshold = 300ms (default)
2024-01-08 22:35:58,321 [34273466-0570-47f7-a015-e29b814fc208-NettyServerStreamRpc-bossGroup--thread1] INFO  logging.LoggingHandler (AbstractInternalLogger.java:log(148)) - [id: 0x768bc3b5] REGISTERED
2024-01-08 22:35:58,321 [main] INFO  server.RaftServerConfigKeys (ConfUtils.java:logGet(46)) - raft.server.close.threshold = 60s (default)
2024-01-08 22:35:58,321 [34273466-0570-47f7-a015-e29b814fc208-NettyServerStreamRpc-bossGroup--thread1] INFO  logging.LoggingHandler (AbstractInternalLogger.java:log(148)) - [id: 0x768bc3b5] BIND: 0.0.0.0/0.0.0.0:15167
2024-01-08 22:35:58,321 [main] INFO  server.RaftServerConfigKeys (ConfUtils.java:logGet(46)) - raft.server.leaderelection.leader.step-down.wait-time = 10s (default)
2024-01-08 22:35:58,321 [34273466-0570-47f7-a015-e29b814fc208-NettyServerStreamRpc-bossGroup--thread1] INFO  logging.LoggingHandler (AbstractInternalLogger.java:log(148)) - [id: 0x768bc3b5, L:/0.0.0.0:15167] ACTIVE
2024-01-08 22:35:58,321 [main] INFO  server.RaftServerConfigKeys (ConfUtils.java:logGet(46)) - raft.server.storage.dir = [/home/runner/work/ozone/ozone/hadoop-ozone/integration-test/target/test-dir/MiniOzoneClusterImpl-25d1905f-b767-404d-84bf-be0dd4c89112/datanode-7/data/ratis] (custom)
2024-01-08 22:35:58,322 [main] INFO  server.RaftServerConfigKeys (ConfUtils.java:logGet(46)) - raft.server.threadpool.proxy.cached = true (default)
2024-01-08 22:35:58,322 [main] INFO  server.RaftServerConfigKeys (ConfUtils.java:logGet(46)) - raft.server.threadpool.proxy.size = 0 (default)
2024-01-08 22:35:58,322 [34273466-0570-47f7-a015-e29b814fc208-impl-thread1] INFO  server.RaftServer (RaftServerProxy.java:initGroupDir(264)) - 34273466-0570-47f7-a015-e29b814fc208: found a subdirectory /home/runner/work/ozone/ozone/hadoop-ozone/integration-test/target/test-dir/MiniOzoneClusterImpl-25d1905f-b767-404d-84bf-be0dd4c89112/datanode-7/data/ratis/tmp
2024-01-08 22:35:58,322 [34273466-0570-47f7-a015-e29b814fc208-impl-thread1] INFO  server.RaftServer (RaftServerProxy.java:initGroupDir(269)) - 34273466-0570-47f7-a015-e29b814fc208: The directory /home/runner/work/ozone/ozone/hadoop-ozone/integration-test/target/test-dir/MiniOzoneClusterImpl-25d1905f-b767-404d-84bf-be0dd4c89112/datanode-7/data/ratis/tmp is not a group directory; ignoring it. 
2024-01-08 22:35:58,322 [main] INFO  replication.ReplicationServer (ReplicationServer.java:<init>(85)) - Initializing replication server with thread count = 10 queue length = 4096
2024-01-08 22:35:58,323 [main] INFO  server.XceiverServerGrpc (XceiverServerGrpc.java:<init>(141)) - GrpcServer channel type EpollServerSocketChannel
2024-01-08 22:35:58,324 [main] INFO  replication.ReplicationSupervisor (ReplicationSupervisor.java:build(163)) - Initializing replication supervisor with thread count = 10
2024-01-08 22:35:58,324 [main] INFO  replication.ReplicationSupervisor (ReplicationSupervisor.java:nodeStateUpdated(317)) - Node state updated to IN_SERVICE, scaling executor pool size to 10
2024-01-08 22:35:58,328 [main] INFO  http.BaseHttpServer (BaseHttpServer.java:newHttpServer2BuilderForOzone(223)) - Starting Web-server for hddsDatanode at: http://0.0.0.0:15161
2024-01-08 22:35:58,328 [main] INFO  http.BaseHttpServer (BaseHttpServer.java:<init>(110)) - Hadoop Security Enabled: false Ozone Security Enabled: false Ozone HTTP Security Enabled: false 
2024-01-08 22:35:58,331 [main] WARN  server.AuthenticationFilter (AuthenticationFilter.java:constructSecretProvider(240)) - Unable to initialize FileSignerSecretProvider, falling back to use random secrets. Reason: Could not read signature secret file: /home/runner/hadoop-http-auth-signature-secret
2024-01-08 22:35:58,331 [main] INFO  http.HttpRequestLog (HttpRequestLog.java:getRequestLog(86)) - Http request log for http.requests.hddsDatanode is not defined
2024-01-08 22:35:58,332 [main] INFO  http.HttpServer2 (HttpServer2.java:addGlobalFilter(1036)) - Added global filter 'safety' (class=org.apache.hadoop.hdds.server.http.HttpServer2$QuotingInputFilter)
2024-01-08 22:35:58,332 [main] INFO  http.HttpServer2 (HttpServer2.java:addFilter(1012)) - Added filter static_user_filter (class=org.apache.hadoop.http.lib.StaticUserWebFilter$StaticUserFilter) to context hddsDatanode
2024-01-08 22:35:58,332 [main] INFO  http.HttpServer2 (HttpServer2.java:addFilter(1020)) - Added filter static_user_filter (class=org.apache.hadoop.http.lib.StaticUserWebFilter$StaticUserFilter) to context logs
2024-01-08 22:35:58,332 [main] INFO  http.HttpServer2 (HttpServer2.java:addFilter(1020)) - Added filter static_user_filter (class=org.apache.hadoop.http.lib.StaticUserWebFilter$StaticUserFilter) to context static
2024-01-08 22:35:58,333 [main] INFO  http.BaseHttpServer (BaseHttpServer.java:<init>(189)) - HTTP server of hddsDatanode uses base directory /home/runner/work/ozone/ozone/hadoop-ozone/integration-test/target/test-dir/MiniOzoneClusterImpl-25d1905f-b767-404d-84bf-be0dd4c89112/datanode-7/meta/webserver
2024-01-08 22:35:58,333 [main] INFO  http.HttpServer2 (HttpServer2.java:bindListener(1236)) - Jetty bound to port 15161
2024-01-08 22:35:58,333 [main] INFO  server.Server (Server.java:doStart(375)) - jetty-9.4.53.v20231009; built: 2023-10-09T12:29:09.265Z; git: 27bde00a0b95a1d5bbee0eae7984f891d2d0f8c9; jvm 1.8.0_392-b08
2024-01-08 22:35:58,334 [main] INFO  server.session (DefaultSessionIdManager.java:doStart(334)) - DefaultSessionIdManager workerName=node0
2024-01-08 22:35:58,334 [main] INFO  server.session (DefaultSessionIdManager.java:doStart(339)) - No SessionScavenger set, using defaults
2024-01-08 22:35:58,335 [main] INFO  server.session (HouseKeeper.java:startScavenging(132)) - node0 Scavenging every 660000ms
2024-01-08 22:35:58,336 [main] INFO  handler.ContextHandler (ContextHandler.java:doStart(921)) - Started o.e.j.s.ServletContextHandler@31099c0b{logs,/logs,file:///home/runner/work/ozone/ozone/hadoop-ozone/integration-test/target/log,AVAILABLE}
2024-01-08 22:35:58,336 [main] INFO  handler.ContextHandler (ContextHandler.java:doStart(921)) - Started o.e.j.s.ServletContextHandler@4508ee81{static,/static,jar:file:/home/runner/.m2/repository/org/apache/ozone/hdds-container-service/1.5.0-SNAPSHOT/hdds-container-service-1.5.0-SNAPSHOT.jar!/webapps/static,AVAILABLE}
2024-01-08 22:35:58,382 [main] INFO  handler.ContextHandler (ContextHandler.java:doStart(921)) - Started o.e.j.w.WebAppContext@143fccdb{hddsDatanode,/,file:///home/runner/work/ozone/ozone/hadoop-ozone/integration-test/target/test-dir/MiniOzoneClusterImpl-25d1905f-b767-404d-84bf-be0dd4c89112/datanode-7/meta/webserver/jetty-0_0_0_0-15161-hdds-container-service-1_5_0-SNAPSHOT_jar-_-any-6425806215396360793/webapp/,AVAILABLE}{jar:file:/home/runner/.m2/repository/org/apache/ozone/hdds-container-service/1.5.0-SNAPSHOT/hdds-container-service-1.5.0-SNAPSHOT.jar!/webapps/hddsDatanode}
2024-01-08 22:35:58,384 [main] INFO  server.AbstractConnector (AbstractConnector.java:doStart(333)) - Started ServerConnector@56835157{HTTP/1.1, (http/1.1)}{0.0.0.0:15161}
2024-01-08 22:35:58,384 [main] INFO  server.Server (Server.java:doStart(415)) - Started @45680ms
2024-01-08 22:35:58,384 [main] WARN  impl.MetricsSystemImpl (MetricsSystemImpl.java:register(279)) - Sink prometheus already exists!
2024-01-08 22:35:58,385 [main] INFO  http.BaseHttpServer (BaseHttpServer.java:updateConnectorAddress(354)) - HTTP server of hddsDatanode listening at http://0.0.0.0:15161
2024-01-08 22:35:58,385 [main] INFO  ipc.CallQueueManager (CallQueueManager.java:<init>(90)) - Using callQueue: class java.util.concurrent.LinkedBlockingQueue, queueCapacity: 100, scheduler: class org.apache.hadoop.ipc.DefaultRpcScheduler, ipcBackoff: false.
2024-01-08 22:35:58,385 [main] INFO  ipc.Server (Server.java:<init>(1287)) - Listener at 0.0.0.0:15162
2024-01-08 22:35:58,386 [Socket Reader #1 for port 15162] INFO  ipc.Server (Server.java:run(1323)) - Starting Socket Reader #1 for port 15162
2024-01-08 22:35:58,389 [main] INFO  ozone.HddsDatanodeService (HddsDatanodeService.java:start(324)) - Datanode start with admins: [runner]
2024-01-08 22:35:58,389 [main] INFO  ozone.HddsDatanodeClientProtocolServer (HddsDatanodeClientProtocolServer.java:start(72)) - RPC server for Client /0.0.0.0:15162
2024-01-08 22:35:58,389 [IPC Server Responder] INFO  ipc.Server (Server.java:run(1562)) - IPC Server Responder: starting
2024-01-08 22:35:58,390 [IPC Server listener on 15162] INFO  ipc.Server (Server.java:run(1402)) - IPC Server listener on 15162: starting
2024-01-08 22:35:58,391 [34273466-0570-47f7-a015-e29b814fc208-DatanodeStateMachineDaemonThread] INFO  statemachine.DatanodeStateMachine (DatanodeStateMachine.java:lambda$startDaemon$1(555)) - Ozone container server started.
2024-01-08 22:35:58,391 [main] WARN  dropwizard3.Dm3MetricRegistriesImpl (Dm3MetricRegistriesImpl.java:addReporterRegistration(113)) - New reporters are added after registries were created. Some metrics will be missing from the reporter. Please add reporter before adding any new registry.
2024-01-08 22:35:58,391 [main] WARN  dropwizard3.Dm3MetricRegistriesImpl (Dm3MetricRegistriesImpl.java:addReporterRegistration(113)) - New reporters are added after registries were created. Some metrics will be missing from the reporter. Please add reporter before adding any new registry.
2024-01-08 22:35:58,391 [main] INFO  impl.MetricsSystemImpl (MetricsSystemImpl.java:init(158)) - HddsDatanode metrics system started (again)
2024-01-08 22:35:58,397 [34273466-0570-47f7-a015-e29b814fc208-DatanodeStateMachineTaskThread-0] INFO  datanode.InitDatanodeState (InitDatanodeState.java:persistContainerDatanodeDetails(139)) - DatanodeDetails is persisted to /home/runner/work/ozone/ozone/hadoop-ozone/integration-test/target/test-dir/MiniOzoneClusterImpl-25d1905f-b767-404d-84bf-be0dd4c89112/datanode-7/meta/datanode.id
2024-01-08 22:35:58,401 [main] INFO  ozone.HddsDatanodeService (HddsDatanodeService.java:start(239)) - HddsDatanodeService host:fv-az1425-465 ip:10.1.0.16
2024-01-08 22:35:58,415 [main] INFO  upgrade.AbstractLayoutVersionManager (AbstractLayoutVersionManager.java:init(83)) - Initializing Layout version manager with metadata layout = HADOOP_PRC_PORTS_IN_DATANODEDETAILS (version = 7), software layout = HADOOP_PRC_PORTS_IN_DATANODEDETAILS (version = 7)
2024-01-08 22:35:58,416 [main] INFO  statemachine.DatanodeStateMachine (DatanodeStateMachine.java:getEndPointTaskThreadPoolSize(299)) - Datanode State Machine Task Thread Pool size 2
2024-01-08 22:35:58,417 [main] INFO  volume.HddsVolume (HddsVolume.java:<init>(125)) - Creating HddsVolume: /home/runner/work/ozone/ozone/hadoop-ozone/integration-test/target/test-dir/MiniOzoneClusterImpl-25d1905f-b767-404d-84bf-be0dd4c89112/datanode-8/data-0/containers/hdds of storage type : DISK capacity : 9223372036854775807
2024-01-08 22:35:58,417 [main] INFO  volume.MutableVolumeSet (MutableVolumeSet.java:initializeVolumeSet(173)) - Added Volume : /home/runner/work/ozone/ozone/hadoop-ozone/integration-test/target/test-dir/MiniOzoneClusterImpl-25d1905f-b767-404d-84bf-be0dd4c89112/datanode-8/data-0/containers/hdds to VolumeSet
2024-01-08 22:35:58,417 [main] INFO  volume.MutableVolumeSet (MutableVolumeSet.java:initializeVolumeSet(173)) - Added Volume : /home/runner/work/ozone/ozone/hadoop-ozone/integration-test/target/test-dir/MiniOzoneClusterImpl-25d1905f-b767-404d-84bf-be0dd4c89112/datanode-8/data/ratis to VolumeSet
2024-01-08 22:35:58,418 [main] INFO  ozoneimpl.OzoneContainer (HddsVolumeUtil.java:loadAllHddsVolumeDbStore(103)) - Load 1 volumes DbStore cost: 0ms
2024-01-08 22:35:58,418 [c24408fe-1592-40af-8b37-8bb032baf3c2-ContainerReader-0] INFO  ozoneimpl.ContainerReader (ContainerReader.java:readVolume(178)) - Finish verifying containers on volume /home/runner/work/ozone/ozone/hadoop-ozone/integration-test/target/test-dir/MiniOzoneClusterImpl-25d1905f-b767-404d-84bf-be0dd4c89112/datanode-8/data-0/containers/hdds
2024-01-08 22:35:58,418 [main] INFO  ozoneimpl.OzoneContainer (OzoneContainer.java:buildContainerSet(326)) - Build ContainerSet costs 0s
2024-01-08 22:35:58,420 [main] INFO  server.RaftServer (ConfUtils.java:logGet(46)) - raft.rpc.type = GRPC (default)
2024-01-08 22:35:58,420 [main] INFO  grpc.GrpcConfigKeys (ConfUtils.java:logFallback(53)) - raft.grpc.admin.host = null (fallback to raft.grpc.server.host)
2024-01-08 22:35:58,420 [main] INFO  grpc.GrpcConfigKeys (ConfUtils.java:logGet(46)) - raft.grpc.admin.port = 15174 (custom)
2024-01-08 22:35:58,420 [main] INFO  grpc.GrpcConfigKeys (ConfUtils.java:logFallback(53)) - raft.grpc.client.host = null (fallback to raft.grpc.server.host)
2024-01-08 22:35:58,420 [main] INFO  grpc.GrpcConfigKeys (ConfUtils.java:logGet(46)) - raft.grpc.client.port = 15173 (custom)
2024-01-08 22:35:58,420 [main] INFO  grpc.GrpcConfigKeys (ConfUtils.java:logGet(46)) - raft.grpc.server.host = null (default)
2024-01-08 22:35:58,421 [main] INFO  grpc.GrpcConfigKeys (ConfUtils.java:logGet(46)) - raft.grpc.server.port = 15175 (custom)
2024-01-08 22:35:58,421 [main] INFO  server.GrpcService (ConfUtils.java:logGet(46)) - raft.grpc.message.size.max = 32MB (=33554432) (custom)
2024-01-08 22:35:58,421 [main] INFO  server.RaftServerConfigKeys (ConfUtils.java:logGet(46)) - raft.server.log.appender.buffer.byte-limit = 8388608 (custom)
2024-01-08 22:35:58,421 [main] INFO  server.GrpcService (ConfUtils.java:logGet(46)) - raft.grpc.flow.control.window = 5MB (=5242880) (custom)
2024-01-08 22:35:58,421 [main] INFO  server.RaftServerConfigKeys (ConfUtils.java:logGet(46)) - raft.server.rpc.request.timeout = 3000ms (default)
2024-01-08 22:35:58,421 [main] INFO  grpc.GrpcConfigKeys (ConfUtils.java:logGet(46)) - raft.grpc.server.heartbeat.channel = true (default)
2024-01-08 22:35:58,421 [main] INFO  grpc.GrpcConfigKeys (ConfUtils.java:logGet(46)) - raft.grpc.server.async.request.thread.pool.cached = true (default)
2024-01-08 22:35:58,421 [main] INFO  grpc.GrpcConfigKeys (ConfUtils.java:logGet(46)) - raft.grpc.server.async.request.thread.pool.size = 32 (default)
2024-01-08 22:35:58,423 [main] INFO  impl.DataStreamServerImpl (ConfUtils.java:logGet(46)) - raft.datastream.type = NETTY (custom)
2024-01-08 22:35:58,423 [main] INFO  server.RaftServerConfigKeys (ConfUtils.java:logGet(46)) - raft.server.data-stream.async.request.thread.pool.cached = false (default)
2024-01-08 22:35:58,423 [main] INFO  server.RaftServerConfigKeys (ConfUtils.java:logGet(46)) - raft.server.data-stream.async.request.thread.pool.size = 20 (custom)
2024-01-08 22:35:58,424 [main] INFO  server.RaftServerConfigKeys (ConfUtils.java:logGet(46)) - raft.server.data-stream.async.write.thread.pool.size = 16 (default)
2024-01-08 22:35:58,424 [main] INFO  netty.NettyConfigKeys$DataStream (ConfUtils.java:logGet(46)) - raft.netty.dataStream.server.channel.inactive.grace-period = 10min (default)
2024-01-08 22:35:58,424 [main] INFO  server.RaftServerConfigKeys (ConfUtils.java:logGet(46)) - raft.server.data-stream.client.pool.size = 10 (default)
2024-01-08 22:35:58,424 [main] INFO  netty.NettyConfigKeys$DataStream (ConfUtils.java:logGet(46)) - raft.netty.dataStream.server.use-epoll = true (default)
2024-01-08 22:35:58,424 [main] INFO  netty.NettyConfigKeys$DataStream (ConfUtils.java:logGet(46)) - raft.netty.dataStream.server.boss-group.size = 0 (default)
2024-01-08 22:35:58,424 [main] INFO  netty.NettyUtils (NettyUtils.java:newEventLoopGroup(69)) - Create EpollEventLoopGroup for c24408fe-1592-40af-8b37-8bb032baf3c2-NettyServerStreamRpc-bossGroup; Thread size is 0.
2024-01-08 22:35:58,424 [main] INFO  netty.NettyConfigKeys$DataStream (ConfUtils.java:logGet(46)) - raft.netty.dataStream.server.worker-group.size = 0 (default)
2024-01-08 22:35:58,425 [main] INFO  netty.NettyUtils (NettyUtils.java:newEventLoopGroup(69)) - Create EpollEventLoopGroup for c24408fe-1592-40af-8b37-8bb032baf3c2-NettyServerStreamRpc-workerGroup; Thread size is 0.
2024-01-08 22:35:58,425 [main] INFO  netty.NettyConfigKeys$DataStream (ConfUtils.java:logGet(46)) - raft.netty.dataStream.server.tls.conf = null (default)
2024-01-08 22:35:58,425 [main] INFO  netty.NettyConfigKeys$DataStream (ConfUtils.java:logGet(46)) - raft.netty.dataStream.host = null (default)
2024-01-08 22:35:58,425 [main] INFO  netty.NettyConfigKeys$DataStream (ConfUtils.java:logGet(46)) - raft.netty.dataStream.port = 15176 (custom)
2024-01-08 22:35:58,425 [main] INFO  server.RaftServerConfigKeys (ConfUtils.java:logGet(46)) - raft.server.sleep.deviation.threshold = 300ms (default)
2024-01-08 22:35:58,426 [main] INFO  server.RaftServerConfigKeys (ConfUtils.java:logGet(46)) - raft.server.close.threshold = 60s (default)
2024-01-08 22:35:58,426 [main] INFO  server.RaftServerConfigKeys (ConfUtils.java:logGet(46)) - raft.server.leaderelection.leader.step-down.wait-time = 10s (default)
2024-01-08 22:35:58,426 [c24408fe-1592-40af-8b37-8bb032baf3c2-NettyServerStreamRpc-bossGroup--thread1] INFO  logging.LoggingHandler (AbstractInternalLogger.java:log(148)) - [id: 0x7350f3cb] REGISTERED
2024-01-08 22:35:58,426 [main] INFO  server.RaftServerConfigKeys (ConfUtils.java:logGet(46)) - raft.server.storage.dir = [/home/runner/work/ozone/ozone/hadoop-ozone/integration-test/target/test-dir/MiniOzoneClusterImpl-25d1905f-b767-404d-84bf-be0dd4c89112/datanode-8/data/ratis] (custom)
2024-01-08 22:35:58,426 [main] INFO  server.RaftServerConfigKeys (ConfUtils.java:logGet(46)) - raft.server.threadpool.proxy.cached = true (default)
2024-01-08 22:35:58,426 [main] INFO  server.RaftServerConfigKeys (ConfUtils.java:logGet(46)) - raft.server.threadpool.proxy.size = 0 (default)
2024-01-08 22:35:58,426 [c24408fe-1592-40af-8b37-8bb032baf3c2-NettyServerStreamRpc-bossGroup--thread1] INFO  logging.LoggingHandler (AbstractInternalLogger.java:log(148)) - [id: 0x7350f3cb] BIND: 0.0.0.0/0.0.0.0:15176
2024-01-08 22:35:58,427 [c24408fe-1592-40af-8b37-8bb032baf3c2-NettyServerStreamRpc-bossGroup--thread1] INFO  logging.LoggingHandler (AbstractInternalLogger.java:log(148)) - [id: 0x7350f3cb, L:/0.0.0.0:15176] ACTIVE
2024-01-08 22:35:58,427 [c24408fe-1592-40af-8b37-8bb032baf3c2-impl-thread1] INFO  server.RaftServer (RaftServerProxy.java:initGroupDir(264)) - c24408fe-1592-40af-8b37-8bb032baf3c2: found a subdirectory /home/runner/work/ozone/ozone/hadoop-ozone/integration-test/target/test-dir/MiniOzoneClusterImpl-25d1905f-b767-404d-84bf-be0dd4c89112/datanode-8/data/ratis/tmp
2024-01-08 22:35:58,427 [c24408fe-1592-40af-8b37-8bb032baf3c2-impl-thread1] INFO  server.RaftServer (RaftServerProxy.java:initGroupDir(269)) - c24408fe-1592-40af-8b37-8bb032baf3c2: The directory /home/runner/work/ozone/ozone/hadoop-ozone/integration-test/target/test-dir/MiniOzoneClusterImpl-25d1905f-b767-404d-84bf-be0dd4c89112/datanode-8/data/ratis/tmp is not a group directory; ignoring it. 
2024-01-08 22:35:58,427 [main] INFO  replication.ReplicationServer (ReplicationServer.java:<init>(85)) - Initializing replication server with thread count = 10 queue length = 4096
2024-01-08 22:35:58,428 [main] INFO  server.XceiverServerGrpc (XceiverServerGrpc.java:<init>(141)) - GrpcServer channel type EpollServerSocketChannel
2024-01-08 22:35:58,429 [main] INFO  replication.ReplicationSupervisor (ReplicationSupervisor.java:build(163)) - Initializing replication supervisor with thread count = 10
2024-01-08 22:35:58,429 [main] INFO  replication.ReplicationSupervisor (ReplicationSupervisor.java:nodeStateUpdated(317)) - Node state updated to IN_SERVICE, scaling executor pool size to 10
2024-01-08 22:35:58,431 [main] INFO  http.BaseHttpServer (BaseHttpServer.java:newHttpServer2BuilderForOzone(223)) - Starting Web-server for hddsDatanode at: http://0.0.0.0:15170
2024-01-08 22:35:58,431 [main] INFO  http.BaseHttpServer (BaseHttpServer.java:<init>(110)) - Hadoop Security Enabled: false Ozone Security Enabled: false Ozone HTTP Security Enabled: false 
2024-01-08 22:35:58,432 [main] WARN  server.AuthenticationFilter (AuthenticationFilter.java:constructSecretProvider(240)) - Unable to initialize FileSignerSecretProvider, falling back to use random secrets. Reason: Could not read signature secret file: /home/runner/hadoop-http-auth-signature-secret
2024-01-08 22:35:58,432 [main] INFO  http.HttpRequestLog (HttpRequestLog.java:getRequestLog(86)) - Http request log for http.requests.hddsDatanode is not defined
2024-01-08 22:35:58,433 [main] INFO  http.HttpServer2 (HttpServer2.java:addGlobalFilter(1036)) - Added global filter 'safety' (class=org.apache.hadoop.hdds.server.http.HttpServer2$QuotingInputFilter)
2024-01-08 22:35:58,434 [main] INFO  http.HttpServer2 (HttpServer2.java:addFilter(1012)) - Added filter static_user_filter (class=org.apache.hadoop.http.lib.StaticUserWebFilter$StaticUserFilter) to context hddsDatanode
2024-01-08 22:35:58,434 [main] INFO  http.HttpServer2 (HttpServer2.java:addFilter(1020)) - Added filter static_user_filter (class=org.apache.hadoop.http.lib.StaticUserWebFilter$StaticUserFilter) to context static
2024-01-08 22:35:58,434 [main] INFO  http.HttpServer2 (HttpServer2.java:addFilter(1020)) - Added filter static_user_filter (class=org.apache.hadoop.http.lib.StaticUserWebFilter$StaticUserFilter) to context logs
2024-01-08 22:35:58,434 [main] INFO  http.BaseHttpServer (BaseHttpServer.java:<init>(189)) - HTTP server of hddsDatanode uses base directory /home/runner/work/ozone/ozone/hadoop-ozone/integration-test/target/test-dir/MiniOzoneClusterImpl-25d1905f-b767-404d-84bf-be0dd4c89112/datanode-8/meta/webserver
2024-01-08 22:35:58,435 [main] INFO  http.HttpServer2 (HttpServer2.java:bindListener(1236)) - Jetty bound to port 15170
2024-01-08 22:35:58,435 [main] INFO  server.Server (Server.java:doStart(375)) - jetty-9.4.53.v20231009; built: 2023-10-09T12:29:09.265Z; git: 27bde00a0b95a1d5bbee0eae7984f891d2d0f8c9; jvm 1.8.0_392-b08
2024-01-08 22:35:58,436 [main] INFO  server.session (DefaultSessionIdManager.java:doStart(334)) - DefaultSessionIdManager workerName=node0
2024-01-08 22:35:58,436 [main] INFO  server.session (DefaultSessionIdManager.java:doStart(339)) - No SessionScavenger set, using defaults
2024-01-08 22:35:58,436 [main] INFO  server.session (HouseKeeper.java:startScavenging(132)) - node0 Scavenging every 660000ms
2024-01-08 22:35:58,437 [main] INFO  handler.ContextHandler (ContextHandler.java:doStart(921)) - Started o.e.j.s.ServletContextHandler@47375282{logs,/logs,file:///home/runner/work/ozone/ozone/hadoop-ozone/integration-test/target/log,AVAILABLE}
2024-01-08 22:35:58,437 [main] INFO  handler.ContextHandler (ContextHandler.java:doStart(921)) - Started o.e.j.s.ServletContextHandler@54b76e47{static,/static,jar:file:/home/runner/.m2/repository/org/apache/ozone/hdds-container-service/1.5.0-SNAPSHOT/hdds-container-service-1.5.0-SNAPSHOT.jar!/webapps/static,AVAILABLE}
2024-01-08 22:35:58,469 [main] INFO  handler.ContextHandler (ContextHandler.java:doStart(921)) - Started o.e.j.w.WebAppContext@113bde5b{hddsDatanode,/,file:///home/runner/work/ozone/ozone/hadoop-ozone/integration-test/target/test-dir/MiniOzoneClusterImpl-25d1905f-b767-404d-84bf-be0dd4c89112/datanode-8/meta/webserver/jetty-0_0_0_0-15170-hdds-container-service-1_5_0-SNAPSHOT_jar-_-any-7644080892633634701/webapp/,AVAILABLE}{jar:file:/home/runner/.m2/repository/org/apache/ozone/hdds-container-service/1.5.0-SNAPSHOT/hdds-container-service-1.5.0-SNAPSHOT.jar!/webapps/hddsDatanode}
2024-01-08 22:35:58,470 [main] INFO  server.AbstractConnector (AbstractConnector.java:doStart(333)) - Started ServerConnector@4bdeef45{HTTP/1.1, (http/1.1)}{0.0.0.0:15170}
2024-01-08 22:35:58,470 [main] INFO  server.Server (Server.java:doStart(415)) - Started @45766ms
2024-01-08 22:35:58,470 [main] WARN  impl.MetricsSystemImpl (MetricsSystemImpl.java:register(279)) - Sink prometheus already exists!
2024-01-08 22:35:58,471 [main] INFO  http.BaseHttpServer (BaseHttpServer.java:updateConnectorAddress(354)) - HTTP server of hddsDatanode listening at http://0.0.0.0:15170
2024-01-08 22:35:58,471 [main] INFO  ipc.CallQueueManager (CallQueueManager.java:<init>(90)) - Using callQueue: class java.util.concurrent.LinkedBlockingQueue, queueCapacity: 100, scheduler: class org.apache.hadoop.ipc.DefaultRpcScheduler, ipcBackoff: false.
2024-01-08 22:35:58,471 [main] INFO  ipc.Server (Server.java:<init>(1287)) - Listener at 0.0.0.0:15171
2024-01-08 22:35:58,472 [Socket Reader #1 for port 15171] INFO  ipc.Server (Server.java:run(1323)) - Starting Socket Reader #1 for port 15171
2024-01-08 22:35:58,476 [main] INFO  ozone.HddsDatanodeService (HddsDatanodeService.java:start(324)) - Datanode start with admins: [runner]
2024-01-08 22:35:58,476 [main] INFO  ozone.HddsDatanodeClientProtocolServer (HddsDatanodeClientProtocolServer.java:start(72)) - RPC server for Client /0.0.0.0:15171
2024-01-08 22:35:58,477 [IPC Server Responder] INFO  ipc.Server (Server.java:run(1562)) - IPC Server Responder: starting
2024-01-08 22:35:58,477 [IPC Server listener on 15171] INFO  ipc.Server (Server.java:run(1402)) - IPC Server listener on 15171: starting
2024-01-08 22:35:58,480 [c24408fe-1592-40af-8b37-8bb032baf3c2-DatanodeStateMachineDaemonThread] INFO  statemachine.DatanodeStateMachine (DatanodeStateMachine.java:lambda$startDaemon$1(555)) - Ozone container server started.
2024-01-08 22:35:58,480 [main] INFO  ozone.MiniOzoneClusterImpl (MiniOzoneClusterImpl.java:lambda$waitForClusterToBeReady$0(230)) - Waiting for nodes to be ready. Got 0 of 9 DN Heartbeats.
2024-01-08 22:35:58,482 [main] INFO  ozone.MiniOzoneClusterImpl (MiniOzoneClusterImpl.java:lambda$waitForClusterToBeReady$0(233)) - Waiting for cluster to exit safe mode
2024-01-08 22:35:58,482 [main] INFO  ozone.MiniOzoneClusterImpl (MiniOzoneClusterImpl.java:lambda$waitForClusterToBeReady$0(235)) - SCM became leader
2024-01-08 22:35:58,484 [c24408fe-1592-40af-8b37-8bb032baf3c2-DatanodeStateMachineTaskThread-0] INFO  datanode.InitDatanodeState (InitDatanodeState.java:persistContainerDatanodeDetails(139)) - DatanodeDetails is persisted to /home/runner/work/ozone/ozone/hadoop-ozone/integration-test/target/test-dir/MiniOzoneClusterImpl-25d1905f-b767-404d-84bf-be0dd4c89112/datanode-8/meta/datanode.id
2024-01-08 22:35:58,695 [om1@group-C5BA1605619E-FollowerState] INFO  impl.FollowerState (FollowerState.java:run(143)) - om1@group-C5BA1605619E-FollowerState: change to CANDIDATE, lastRpcElapsedTime:1184908808ns, electionTimeout:1183ms
2024-01-08 22:35:58,696 [om1@group-C5BA1605619E-FollowerState] INFO  impl.RoleInfo (RoleInfo.java:shutdownFollowerState(110)) - om1: shutdown om1@group-C5BA1605619E-FollowerState
2024-01-08 22:35:58,696 [om1@group-C5BA1605619E-FollowerState] INFO  server.RaftServer$Division (RaftServerImpl.java:setRole(379)) - om1@group-C5BA1605619E: changes role from  FOLLOWER to CANDIDATE at term 0 for changeToCandidate
2024-01-08 22:35:58,696 [om1@group-C5BA1605619E-FollowerState] INFO  server.RaftServerConfigKeys (ConfUtils.java:logGet(46)) - raft.server.leaderelection.pre-vote = true (default)
2024-01-08 22:35:58,696 [om1@group-C5BA1605619E-FollowerState] INFO  impl.RoleInfo (RoleInfo.java:updateAndGet(139)) - om1: start om1@group-C5BA1605619E-LeaderElection15
2024-01-08 22:35:58,697 [om1@group-C5BA1605619E-LeaderElection15] INFO  impl.LeaderElection (LeaderElection.java:askForVotes(323)) - om1@group-C5BA1605619E-LeaderElection15 PRE_VOTE round 0: submit vote requests at term 0 for -1: peers:[om1|localhost:15096]|listeners:[], old=null
2024-01-08 22:35:58,697 [om1@group-C5BA1605619E-LeaderElection15] INFO  impl.LeaderElection (LeaderElection.java:askForVotes(325)) - om1@group-C5BA1605619E-LeaderElection15 PRE_VOTE round 0: result PASSED (term=0)
2024-01-08 22:35:58,698 [om1@group-C5BA1605619E-LeaderElection15] INFO  impl.LeaderElection (LeaderElection.java:askForVotes(323)) - om1@group-C5BA1605619E-LeaderElection15 ELECTION round 0: submit vote requests at term 1 for -1: peers:[om1|localhost:15096]|listeners:[], old=null
2024-01-08 22:35:58,698 [om1@group-C5BA1605619E-LeaderElection15] INFO  impl.LeaderElection (LeaderElection.java:askForVotes(325)) - om1@group-C5BA1605619E-LeaderElection15 ELECTION round 0: result PASSED (term=1)
2024-01-08 22:35:58,698 [om1@group-C5BA1605619E-LeaderElection15] INFO  impl.RoleInfo (RoleInfo.java:shutdownLeaderElection(130)) - om1: shutdown om1@group-C5BA1605619E-LeaderElection15
2024-01-08 22:35:58,698 [om1@group-C5BA1605619E-LeaderElection15] INFO  server.RaftServer$Division (RaftServerImpl.java:setRole(379)) - om1@group-C5BA1605619E: changes role from CANDIDATE to LEADER at term 1 for changeToLeader
2024-01-08 22:35:58,698 [om1@group-C5BA1605619E-LeaderElection15] INFO  server.RaftServerConfigKeys (ConfUtils.java:logGet(46)) - raft.server.staging.catchup.gap = 1000 (default)
2024-01-08 22:35:58,698 [om1@group-C5BA1605619E-LeaderElection15] INFO  server.RaftServerConfigKeys (ConfUtils.java:logGet(46)) - raft.server.write.element-limit = 4096 (default)
2024-01-08 22:35:58,699 [om1@group-C5BA1605619E-LeaderElection15] INFO  server.RaftServerConfigKeys (ConfUtils.java:logGet(46)) - raft.server.write.byte-limit = 64MB (=67108864) (default)
2024-01-08 22:35:58,699 [om1@group-C5BA1605619E-LeaderElection15] INFO  server.RaftServerConfigKeys (ConfUtils.java:logGet(46)) - raft.server.watch.timeout = 10s (default)
2024-01-08 22:35:58,699 [om1@group-C5BA1605619E-LeaderElection15] INFO  server.RaftServerConfigKeys (ConfUtils.java:logGet(46)) - raft.server.watch.timeout.denomination = 1s (default)
2024-01-08 22:35:58,699 [om1@group-C5BA1605619E-LeaderElection15] INFO  server.RaftServerConfigKeys (ConfUtils.java:logGet(46)) - raft.server.watch.element-limit = 65536 (default)
2024-01-08 22:35:58,699 [om1@group-C5BA1605619E-LeaderElection15] INFO  server.RaftServerConfigKeys (ConfUtils.java:logGet(46)) - raft.server.read.leader.lease.enabled = false (default)
2024-01-08 22:35:58,699 [om1@group-C5BA1605619E-LeaderElection15] INFO  server.RaftServerConfigKeys (ConfUtils.java:logGet(46)) - raft.server.read.leader.lease.timeout.ratio = 0.9 (default)
2024-01-08 22:35:58,699 [om1@group-C5BA1605619E-LeaderElection15] INFO  server.RaftServerConfigKeys (ConfUtils.java:logGet(46)) - raft.server.rpc.timeout.min = 1s (custom)
2024-01-08 22:35:58,699 [om1@group-C5BA1605619E-LeaderElection15] INFO  server.RaftServerConfigKeys (ConfUtils.java:logGet(46)) - raft.server.write.element-limit = 4096 (default)
2024-01-08 22:35:58,699 [om1@group-C5BA1605619E-LeaderElection15] INFO  server.RaftServerConfigKeys (ConfUtils.java:logGet(46)) - raft.server.write.follower.gap.ratio.max = -1.0 (default)
2024-01-08 22:35:58,699 [om1@group-C5BA1605619E-LeaderElection15] INFO  impl.RoleInfo (RoleInfo.java:updateAndGet(139)) - om1: start om1@group-C5BA1605619E-LeaderStateImpl
2024-01-08 22:35:58,700 [om1@group-C5BA1605619E-LeaderElection15] INFO  server.RaftServer$Division (RaftServerImpl.java:setFirstElection(564)) - om1@group-C5BA1605619E: set firstElectionSinceStartup to false for becomeLeader
2024-01-08 22:35:58,700 [om1@group-C5BA1605619E-LeaderElection15] INFO  server.RaftServer$Division (ServerState.java:setLeader(265)) - om1@group-C5BA1605619E: change Leader from null to om1 at term 1 for becomeLeader, leader elected after 1403ms
2024-01-08 22:35:58,700 [om1@group-C5BA1605619E-LeaderElection15] INFO  segmented.SegmentedRaftLogWorker (SegmentedRaftLogWorker.java:startLogSegment(428)) - om1@group-C5BA1605619E-SegmentedRaftLogWorker: Starting segment from index:0
2024-01-08 22:35:58,702 [om1@group-C5BA1605619E-LeaderElection15] INFO  server.RaftServer$Division (ServerState.java:setRaftConf(382)) - om1@group-C5BA1605619E: set configuration 0: peers:[om1|localhost:15096]|listeners:[], old=null
2024-01-08 22:35:58,709 [om1@group-C5BA1605619E-SegmentedRaftLogWorker] INFO  segmented.SegmentedRaftLogWorker (SegmentedRaftLogWorker.java:execute(632)) - om1@group-C5BA1605619E-SegmentedRaftLogWorker: created new log segment /home/runner/work/ozone/ozone/hadoop-ozone/integration-test/target/test-dir/MiniOzoneClusterImpl-25d1905f-b767-404d-84bf-be0dd4c89112/ozone-meta/ratis/bf265839-605b-3f16-9796-c5ba1605619e/current/log_inprogress_0
2024-01-08 22:35:58,711 [om1@group-C5BA1605619E-StateMachineUpdater] INFO  ratis.OzoneManagerStateMachine (OzoneManagerStateMachine.java:notifyConfigurationChanged(213)) - Received Configuration change notification from Ratis. New Peer list:
[id: "om1"
address: "localhost:15096"
startupRole: FOLLOWER
]
2024-01-08 22:35:58,711 [om1@group-C5BA1605619E-StateMachineUpdater] INFO  server.RaftServer$Division (LeaderStateImpl.java:isApplied(316)) - leader is ready since appliedIndex == 0 >= startIndex == 0
2024-01-08 22:35:59,482 [main] INFO  ozone.MiniOzoneClusterImpl (MiniOzoneClusterImpl.java:lambda$waitForClusterToBeReady$0(230)) - Waiting for nodes to be ready. Got 0 of 9 DN Heartbeats.
2024-01-08 22:35:59,482 [main] INFO  ozone.MiniOzoneClusterImpl (MiniOzoneClusterImpl.java:lambda$waitForClusterToBeReady$0(233)) - Waiting for cluster to exit safe mode
2024-01-08 22:35:59,482 [main] INFO  ozone.MiniOzoneClusterImpl (MiniOzoneClusterImpl.java:lambda$waitForClusterToBeReady$0(235)) - SCM became leader
2024-01-08 22:35:59,678 [67cb853c-2ca0-42d6-9769-2750435db4d1-EndpointStateMachineTaskThread-/0.0.0.0:15091-0 ] INFO  utils.DatanodeStoreCache (DatanodeStoreCache.java:addDB(66)) - Added db /home/runner/work/ozone/ozone/hadoop-ozone/integration-test/target/test-dir/MiniOzoneClusterImpl-25d1905f-b767-404d-84bf-be0dd4c89112/datanode-0/data-0/containers/hdds/25d1905f-b767-404d-84bf-be0dd4c89112/DS-5f8e3d1e-4cb6-4c6d-987e-33065c83b90d/container.db to cache
2024-01-08 22:35:59,678 [67cb853c-2ca0-42d6-9769-2750435db4d1-EndpointStateMachineTaskThread-/0.0.0.0:15091-0 ] INFO  volume.HddsVolume (HddsVolume.java:createDbStore(420)) - SchemaV3 db is created and loaded at /home/runner/work/ozone/ozone/hadoop-ozone/integration-test/target/test-dir/MiniOzoneClusterImpl-25d1905f-b767-404d-84bf-be0dd4c89112/datanode-0/data-0/containers/hdds/25d1905f-b767-404d-84bf-be0dd4c89112/DS-5f8e3d1e-4cb6-4c6d-987e-33065c83b90d/container.db for volume DS-5f8e3d1e-4cb6-4c6d-987e-33065c83b90d
2024-01-08 22:35:59,679 [67cb853c-2ca0-42d6-9769-2750435db4d1-EndpointStateMachineTaskThread-/0.0.0.0:15091-0 ] INFO  volume.ThrottledAsyncChecker (ThrottledAsyncChecker.java:schedule(141)) - Scheduling a check for /home/runner/work/ozone/ozone/hadoop-ozone/integration-test/target/test-dir/MiniOzoneClusterImpl-25d1905f-b767-404d-84bf-be0dd4c89112/datanode-0/data-0/containers/hdds
2024-01-08 22:35:59,679 [67cb853c-2ca0-42d6-9769-2750435db4d1-EndpointStateMachineTaskThread-/0.0.0.0:15091-0 ] INFO  volume.StorageVolumeChecker (StorageVolumeChecker.java:checkAllVolumes(218)) - Scheduled health check for volume /home/runner/work/ozone/ozone/hadoop-ozone/integration-test/target/test-dir/MiniOzoneClusterImpl-25d1905f-b767-404d-84bf-be0dd4c89112/datanode-0/data-0/containers/hdds
2024-01-08 22:35:59,684 [67cb853c-2ca0-42d6-9769-2750435db4d1-EndpointStateMachineTaskThread-/0.0.0.0:15091-0 ] INFO  volume.ThrottledAsyncChecker (ThrottledAsyncChecker.java:schedule(141)) - Scheduling a check for /home/runner/work/ozone/ozone/hadoop-ozone/integration-test/target/test-dir/MiniOzoneClusterImpl-25d1905f-b767-404d-84bf-be0dd4c89112/datanode-0/data/ratis
2024-01-08 22:35:59,684 [67cb853c-2ca0-42d6-9769-2750435db4d1-EndpointStateMachineTaskThread-/0.0.0.0:15091-0 ] INFO  volume.StorageVolumeChecker (StorageVolumeChecker.java:checkAllVolumes(218)) - Scheduled health check for volume /home/runner/work/ozone/ozone/hadoop-ozone/integration-test/target/test-dir/MiniOzoneClusterImpl-25d1905f-b767-404d-84bf-be0dd4c89112/datanode-0/data/ratis
2024-01-08 22:35:59,684 [67cb853c-2ca0-42d6-9769-2750435db4d1-EndpointStateMachineTaskThread-/0.0.0.0:15091-0 ] INFO  ozoneimpl.OzoneContainer (OzoneContainer.java:start(441)) - Attempting to start container services.
2024-01-08 22:35:59,684 [67cb853c-2ca0-42d6-9769-2750435db4d1-EndpointStateMachineTaskThread-/0.0.0.0:15091-0 ] INFO  ozoneimpl.OzoneContainer (OzoneContainer.java:startContainerScrub(337)) - Scheduled background container scanners and the on-demand container scanner have been disabled.
2024-01-08 22:35:59,685 [67cb853c-2ca0-42d6-9769-2750435db4d1-EndpointStateMachineTaskThread-/0.0.0.0:15091-0 ] INFO  replication.ReplicationServer (ReplicationServer.java:start(139)) - ReplicationServer is started using port 15105
2024-01-08 22:35:59,685 [67cb853c-2ca0-42d6-9769-2750435db4d1-EndpointStateMachineTaskThread-/0.0.0.0:15091-0 ] INFO  ratis.XceiverServerRatis (XceiverServerRatis.java:start(549)) - Starting XceiverServerRatis 67cb853c-2ca0-42d6-9769-2750435db4d1
2024-01-08 22:35:59,686 [67cb853c-2ca0-42d6-9769-2750435db4d1-EndpointStateMachineTaskThread-/0.0.0.0:15091-0 ] INFO  server.RaftServer (RaftServerProxy.java:startImpl(406)) - 67cb853c-2ca0-42d6-9769-2750435db4d1: start RPC server
2024-01-08 22:35:59,686 [67cb853c-2ca0-42d6-9769-2750435db4d1-EndpointStateMachineTaskThread-/0.0.0.0:15091-0 ] INFO  server.GrpcService (GrpcService.java:startImpl(302)) - 67cb853c-2ca0-42d6-9769-2750435db4d1: GrpcService started, listening on 15101
2024-01-08 22:35:59,686 [67cb853c-2ca0-42d6-9769-2750435db4d1-EndpointStateMachineTaskThread-/0.0.0.0:15091-0 ] INFO  server.GrpcService (GrpcService.java:startImpl(302)) - 67cb853c-2ca0-42d6-9769-2750435db4d1: GrpcService started, listening on 15103
2024-01-08 22:35:59,687 [67cb853c-2ca0-42d6-9769-2750435db4d1-EndpointStateMachineTaskThread-/0.0.0.0:15091-0 ] INFO  server.GrpcService (GrpcService.java:startImpl(302)) - 67cb853c-2ca0-42d6-9769-2750435db4d1: GrpcService started, listening on 15102
2024-01-08 22:35:59,687 [67cb853c-2ca0-42d6-9769-2750435db4d1-EndpointStateMachineTaskThread-/0.0.0.0:15091-0 ] INFO  ratis.XceiverServerRatis (XceiverServerRatis.java:getRealPort(575)) - XceiverServerRatis 67cb853c-2ca0-42d6-9769-2750435db4d1 is started using port 15101 for RATIS
2024-01-08 22:35:59,687 [67cb853c-2ca0-42d6-9769-2750435db4d1-EndpointStateMachineTaskThread-/0.0.0.0:15091-0 ] INFO  ratis.XceiverServerRatis (XceiverServerRatis.java:getRealPort(575)) - XceiverServerRatis 67cb853c-2ca0-42d6-9769-2750435db4d1 is started using port 15102 for RATIS_ADMIN
2024-01-08 22:35:59,687 [67cb853c-2ca0-42d6-9769-2750435db4d1-EndpointStateMachineTaskThread-/0.0.0.0:15091-0 ] INFO  ratis.XceiverServerRatis (XceiverServerRatis.java:getRealPort(575)) - XceiverServerRatis 67cb853c-2ca0-42d6-9769-2750435db4d1 is started using port 15103 for RATIS_SERVER
2024-01-08 22:35:59,687 [JvmPauseMonitor13] INFO  util.JvmPauseMonitor (JvmPauseMonitor.java:run(146)) - JvmPauseMonitor-67cb853c-2ca0-42d6-9769-2750435db4d1: Started
2024-01-08 22:35:59,688 [67cb853c-2ca0-42d6-9769-2750435db4d1-EndpointStateMachineTaskThread-/0.0.0.0:15091-0 ] INFO  ratis.XceiverServerRatis (XceiverServerRatis.java:getRealPort(575)) - XceiverServerRatis 67cb853c-2ca0-42d6-9769-2750435db4d1 is started using port 15104 for RATIS_DATASTREAM
2024-01-08 22:35:59,689 [67cb853c-2ca0-42d6-9769-2750435db4d1-BlockDeletingService#0] INFO  interfaces.ContainerDeletionChoosingPolicyTemplate (ContainerDeletionChoosingPolicyTemplate.java:chooseContainerForBlockDeletion(85)) - Chosen 0/5000 blocks from 0 candidate containers.
2024-01-08 22:35:59,774 [5cfc645b-31c2-46a6-b96a-3988b9b23202-EndpointStateMachineTaskThread-/0.0.0.0:15091-0 ] INFO  utils.DatanodeStoreCache (DatanodeStoreCache.java:addDB(66)) - Added db /home/runner/work/ozone/ozone/hadoop-ozone/integration-test/target/test-dir/MiniOzoneClusterImpl-25d1905f-b767-404d-84bf-be0dd4c89112/datanode-1/data-0/containers/hdds/25d1905f-b767-404d-84bf-be0dd4c89112/DS-9c4bd623-51d2-4764-b475-f63d57b29492/container.db to cache
2024-01-08 22:35:59,774 [5cfc645b-31c2-46a6-b96a-3988b9b23202-EndpointStateMachineTaskThread-/0.0.0.0:15091-0 ] INFO  volume.HddsVolume (HddsVolume.java:createDbStore(420)) - SchemaV3 db is created and loaded at /home/runner/work/ozone/ozone/hadoop-ozone/integration-test/target/test-dir/MiniOzoneClusterImpl-25d1905f-b767-404d-84bf-be0dd4c89112/datanode-1/data-0/containers/hdds/25d1905f-b767-404d-84bf-be0dd4c89112/DS-9c4bd623-51d2-4764-b475-f63d57b29492/container.db for volume DS-9c4bd623-51d2-4764-b475-f63d57b29492
2024-01-08 22:35:59,775 [5cfc645b-31c2-46a6-b96a-3988b9b23202-EndpointStateMachineTaskThread-/0.0.0.0:15091-0 ] INFO  volume.ThrottledAsyncChecker (ThrottledAsyncChecker.java:schedule(141)) - Scheduling a check for /home/runner/work/ozone/ozone/hadoop-ozone/integration-test/target/test-dir/MiniOzoneClusterImpl-25d1905f-b767-404d-84bf-be0dd4c89112/datanode-1/data-0/containers/hdds
2024-01-08 22:35:59,775 [5cfc645b-31c2-46a6-b96a-3988b9b23202-EndpointStateMachineTaskThread-/0.0.0.0:15091-0 ] INFO  volume.StorageVolumeChecker (StorageVolumeChecker.java:checkAllVolumes(218)) - Scheduled health check for volume /home/runner/work/ozone/ozone/hadoop-ozone/integration-test/target/test-dir/MiniOzoneClusterImpl-25d1905f-b767-404d-84bf-be0dd4c89112/datanode-1/data-0/containers/hdds
2024-01-08 22:35:59,776 [5cfc645b-31c2-46a6-b96a-3988b9b23202-EndpointStateMachineTaskThread-/0.0.0.0:15091-0 ] INFO  volume.ThrottledAsyncChecker (ThrottledAsyncChecker.java:schedule(141)) - Scheduling a check for /home/runner/work/ozone/ozone/hadoop-ozone/integration-test/target/test-dir/MiniOzoneClusterImpl-25d1905f-b767-404d-84bf-be0dd4c89112/datanode-1/data/ratis
2024-01-08 22:35:59,776 [5cfc645b-31c2-46a6-b96a-3988b9b23202-EndpointStateMachineTaskThread-/0.0.0.0:15091-0 ] INFO  volume.StorageVolumeChecker (StorageVolumeChecker.java:checkAllVolumes(218)) - Scheduled health check for volume /home/runner/work/ozone/ozone/hadoop-ozone/integration-test/target/test-dir/MiniOzoneClusterImpl-25d1905f-b767-404d-84bf-be0dd4c89112/datanode-1/data/ratis
2024-01-08 22:35:59,777 [5cfc645b-31c2-46a6-b96a-3988b9b23202-EndpointStateMachineTaskThread-/0.0.0.0:15091-0 ] INFO  ozoneimpl.OzoneContainer (OzoneContainer.java:start(441)) - Attempting to start container services.
2024-01-08 22:35:59,777 [5cfc645b-31c2-46a6-b96a-3988b9b23202-EndpointStateMachineTaskThread-/0.0.0.0:15091-0 ] INFO  ozoneimpl.OzoneContainer (OzoneContainer.java:startContainerScrub(337)) - Scheduled background container scanners and the on-demand container scanner have been disabled.
2024-01-08 22:35:59,778 [5cfc645b-31c2-46a6-b96a-3988b9b23202-EndpointStateMachineTaskThread-/0.0.0.0:15091-0 ] INFO  replication.ReplicationServer (ReplicationServer.java:start(139)) - ReplicationServer is started using port 15114
2024-01-08 22:35:59,778 [5cfc645b-31c2-46a6-b96a-3988b9b23202-EndpointStateMachineTaskThread-/0.0.0.0:15091-0 ] INFO  ratis.XceiverServerRatis (XceiverServerRatis.java:start(549)) - Starting XceiverServerRatis 5cfc645b-31c2-46a6-b96a-3988b9b23202
2024-01-08 22:35:59,784 [5cfc645b-31c2-46a6-b96a-3988b9b23202-EndpointStateMachineTaskThread-/0.0.0.0:15091-0 ] INFO  server.RaftServer (RaftServerProxy.java:startImpl(406)) - 5cfc645b-31c2-46a6-b96a-3988b9b23202: start RPC server
2024-01-08 22:35:59,784 [5cfc645b-31c2-46a6-b96a-3988b9b23202-EndpointStateMachineTaskThread-/0.0.0.0:15091-0 ] INFO  server.GrpcService (GrpcService.java:startImpl(302)) - 5cfc645b-31c2-46a6-b96a-3988b9b23202: GrpcService started, listening on 15110
2024-01-08 22:35:59,784 [5cfc645b-31c2-46a6-b96a-3988b9b23202-EndpointStateMachineTaskThread-/0.0.0.0:15091-0 ] INFO  server.GrpcService (GrpcService.java:startImpl(302)) - 5cfc645b-31c2-46a6-b96a-3988b9b23202: GrpcService started, listening on 15112
2024-01-08 22:35:59,785 [5cfc645b-31c2-46a6-b96a-3988b9b23202-EndpointStateMachineTaskThread-/0.0.0.0:15091-0 ] INFO  server.GrpcService (GrpcService.java:startImpl(302)) - 5cfc645b-31c2-46a6-b96a-3988b9b23202: GrpcService started, listening on 15111
2024-01-08 22:35:59,787 [5cfc645b-31c2-46a6-b96a-3988b9b23202-EndpointStateMachineTaskThread-/0.0.0.0:15091-0 ] INFO  ratis.XceiverServerRatis (XceiverServerRatis.java:getRealPort(575)) - XceiverServerRatis 5cfc645b-31c2-46a6-b96a-3988b9b23202 is started using port 15110 for RATIS
2024-01-08 22:35:59,787 [JvmPauseMonitor14] INFO  util.JvmPauseMonitor (JvmPauseMonitor.java:run(146)) - JvmPauseMonitor-5cfc645b-31c2-46a6-b96a-3988b9b23202: Started
2024-01-08 22:35:59,787 [5cfc645b-31c2-46a6-b96a-3988b9b23202-EndpointStateMachineTaskThread-/0.0.0.0:15091-0 ] INFO  ratis.XceiverServerRatis (XceiverServerRatis.java:getRealPort(575)) - XceiverServerRatis 5cfc645b-31c2-46a6-b96a-3988b9b23202 is started using port 15111 for RATIS_ADMIN
2024-01-08 22:35:59,787 [5cfc645b-31c2-46a6-b96a-3988b9b23202-EndpointStateMachineTaskThread-/0.0.0.0:15091-0 ] INFO  ratis.XceiverServerRatis (XceiverServerRatis.java:getRealPort(575)) - XceiverServerRatis 5cfc645b-31c2-46a6-b96a-3988b9b23202 is started using port 15112 for RATIS_SERVER
2024-01-08 22:35:59,787 [5cfc645b-31c2-46a6-b96a-3988b9b23202-EndpointStateMachineTaskThread-/0.0.0.0:15091-0 ] INFO  ratis.XceiverServerRatis (XceiverServerRatis.java:getRealPort(575)) - XceiverServerRatis 5cfc645b-31c2-46a6-b96a-3988b9b23202 is started using port 15113 for RATIS_DATASTREAM
2024-01-08 22:35:59,788 [5cfc645b-31c2-46a6-b96a-3988b9b23202-BlockDeletingService#0] INFO  interfaces.ContainerDeletionChoosingPolicyTemplate (ContainerDeletionChoosingPolicyTemplate.java:chooseContainerForBlockDeletion(85)) - Chosen 0/5000 blocks from 0 candidate containers.
2024-01-08 22:35:59,886 [211b11ed-ffba-4cc3-86ed-a5910ca02ca2-EndpointStateMachineTaskThread-/0.0.0.0:15091-0 ] INFO  utils.DatanodeStoreCache (DatanodeStoreCache.java:addDB(66)) - Added db /home/runner/work/ozone/ozone/hadoop-ozone/integration-test/target/test-dir/MiniOzoneClusterImpl-25d1905f-b767-404d-84bf-be0dd4c89112/datanode-2/data-0/containers/hdds/25d1905f-b767-404d-84bf-be0dd4c89112/DS-dca5e0c4-8df2-4d1c-a16b-5f1847ddc93f/container.db to cache
2024-01-08 22:35:59,886 [211b11ed-ffba-4cc3-86ed-a5910ca02ca2-EndpointStateMachineTaskThread-/0.0.0.0:15091-0 ] INFO  volume.HddsVolume (HddsVolume.java:createDbStore(420)) - SchemaV3 db is created and loaded at /home/runner/work/ozone/ozone/hadoop-ozone/integration-test/target/test-dir/MiniOzoneClusterImpl-25d1905f-b767-404d-84bf-be0dd4c89112/datanode-2/data-0/containers/hdds/25d1905f-b767-404d-84bf-be0dd4c89112/DS-dca5e0c4-8df2-4d1c-a16b-5f1847ddc93f/container.db for volume DS-dca5e0c4-8df2-4d1c-a16b-5f1847ddc93f
2024-01-08 22:35:59,887 [211b11ed-ffba-4cc3-86ed-a5910ca02ca2-EndpointStateMachineTaskThread-/0.0.0.0:15091-0 ] INFO  volume.ThrottledAsyncChecker (ThrottledAsyncChecker.java:schedule(141)) - Scheduling a check for /home/runner/work/ozone/ozone/hadoop-ozone/integration-test/target/test-dir/MiniOzoneClusterImpl-25d1905f-b767-404d-84bf-be0dd4c89112/datanode-2/data-0/containers/hdds
2024-01-08 22:35:59,888 [211b11ed-ffba-4cc3-86ed-a5910ca02ca2-EndpointStateMachineTaskThread-/0.0.0.0:15091-0 ] INFO  volume.StorageVolumeChecker (StorageVolumeChecker.java:checkAllVolumes(218)) - Scheduled health check for volume /home/runner/work/ozone/ozone/hadoop-ozone/integration-test/target/test-dir/MiniOzoneClusterImpl-25d1905f-b767-404d-84bf-be0dd4c89112/datanode-2/data-0/containers/hdds
2024-01-08 22:35:59,889 [211b11ed-ffba-4cc3-86ed-a5910ca02ca2-EndpointStateMachineTaskThread-/0.0.0.0:15091-0 ] INFO  volume.ThrottledAsyncChecker (ThrottledAsyncChecker.java:schedule(141)) - Scheduling a check for /home/runner/work/ozone/ozone/hadoop-ozone/integration-test/target/test-dir/MiniOzoneClusterImpl-25d1905f-b767-404d-84bf-be0dd4c89112/datanode-2/data/ratis
2024-01-08 22:35:59,890 [211b11ed-ffba-4cc3-86ed-a5910ca02ca2-EndpointStateMachineTaskThread-/0.0.0.0:15091-0 ] INFO  volume.StorageVolumeChecker (StorageVolumeChecker.java:checkAllVolumes(218)) - Scheduled health check for volume /home/runner/work/ozone/ozone/hadoop-ozone/integration-test/target/test-dir/MiniOzoneClusterImpl-25d1905f-b767-404d-84bf-be0dd4c89112/datanode-2/data/ratis
2024-01-08 22:35:59,890 [211b11ed-ffba-4cc3-86ed-a5910ca02ca2-EndpointStateMachineTaskThread-/0.0.0.0:15091-0 ] INFO  ozoneimpl.OzoneContainer (OzoneContainer.java:start(441)) - Attempting to start container services.
2024-01-08 22:35:59,890 [211b11ed-ffba-4cc3-86ed-a5910ca02ca2-EndpointStateMachineTaskThread-/0.0.0.0:15091-0 ] INFO  ozoneimpl.OzoneContainer (OzoneContainer.java:startContainerScrub(337)) - Scheduled background container scanners and the on-demand container scanner have been disabled.
2024-01-08 22:35:59,891 [211b11ed-ffba-4cc3-86ed-a5910ca02ca2-EndpointStateMachineTaskThread-/0.0.0.0:15091-0 ] INFO  replication.ReplicationServer (ReplicationServer.java:start(139)) - ReplicationServer is started using port 15123
2024-01-08 22:35:59,891 [211b11ed-ffba-4cc3-86ed-a5910ca02ca2-EndpointStateMachineTaskThread-/0.0.0.0:15091-0 ] INFO  ratis.XceiverServerRatis (XceiverServerRatis.java:start(549)) - Starting XceiverServerRatis 211b11ed-ffba-4cc3-86ed-a5910ca02ca2
2024-01-08 22:35:59,892 [211b11ed-ffba-4cc3-86ed-a5910ca02ca2-EndpointStateMachineTaskThread-/0.0.0.0:15091-0 ] INFO  server.RaftServer (RaftServerProxy.java:startImpl(406)) - 211b11ed-ffba-4cc3-86ed-a5910ca02ca2: start RPC server
2024-01-08 22:35:59,893 [211b11ed-ffba-4cc3-86ed-a5910ca02ca2-EndpointStateMachineTaskThread-/0.0.0.0:15091-0 ] INFO  server.GrpcService (GrpcService.java:startImpl(302)) - 211b11ed-ffba-4cc3-86ed-a5910ca02ca2: GrpcService started, listening on 15119
2024-01-08 22:35:59,893 [211b11ed-ffba-4cc3-86ed-a5910ca02ca2-EndpointStateMachineTaskThread-/0.0.0.0:15091-0 ] INFO  server.GrpcService (GrpcService.java:startImpl(302)) - 211b11ed-ffba-4cc3-86ed-a5910ca02ca2: GrpcService started, listening on 15121
2024-01-08 22:35:59,893 [211b11ed-ffba-4cc3-86ed-a5910ca02ca2-EndpointStateMachineTaskThread-/0.0.0.0:15091-0 ] INFO  server.GrpcService (GrpcService.java:startImpl(302)) - 211b11ed-ffba-4cc3-86ed-a5910ca02ca2: GrpcService started, listening on 15120
2024-01-08 22:35:59,893 [211b11ed-ffba-4cc3-86ed-a5910ca02ca2-EndpointStateMachineTaskThread-/0.0.0.0:15091-0 ] INFO  ratis.XceiverServerRatis (XceiverServerRatis.java:getRealPort(575)) - XceiverServerRatis 211b11ed-ffba-4cc3-86ed-a5910ca02ca2 is started using port 15119 for RATIS
2024-01-08 22:35:59,893 [JvmPauseMonitor15] INFO  util.JvmPauseMonitor (JvmPauseMonitor.java:run(146)) - JvmPauseMonitor-211b11ed-ffba-4cc3-86ed-a5910ca02ca2: Started
2024-01-08 22:35:59,893 [211b11ed-ffba-4cc3-86ed-a5910ca02ca2-EndpointStateMachineTaskThread-/0.0.0.0:15091-0 ] INFO  ratis.XceiverServerRatis (XceiverServerRatis.java:getRealPort(575)) - XceiverServerRatis 211b11ed-ffba-4cc3-86ed-a5910ca02ca2 is started using port 15120 for RATIS_ADMIN
2024-01-08 22:35:59,893 [211b11ed-ffba-4cc3-86ed-a5910ca02ca2-EndpointStateMachineTaskThread-/0.0.0.0:15091-0 ] INFO  ratis.XceiverServerRatis (XceiverServerRatis.java:getRealPort(575)) - XceiverServerRatis 211b11ed-ffba-4cc3-86ed-a5910ca02ca2 is started using port 15121 for RATIS_SERVER
2024-01-08 22:35:59,894 [211b11ed-ffba-4cc3-86ed-a5910ca02ca2-EndpointStateMachineTaskThread-/0.0.0.0:15091-0 ] INFO  ratis.XceiverServerRatis (XceiverServerRatis.java:getRealPort(575)) - XceiverServerRatis 211b11ed-ffba-4cc3-86ed-a5910ca02ca2 is started using port 15122 for RATIS_DATASTREAM
2024-01-08 22:35:59,894 [211b11ed-ffba-4cc3-86ed-a5910ca02ca2-BlockDeletingService#0] INFO  interfaces.ContainerDeletionChoosingPolicyTemplate (ContainerDeletionChoosingPolicyTemplate.java:chooseContainerForBlockDeletion(85)) - Chosen 0/5000 blocks from 0 candidate containers.
2024-01-08 22:36:00,015 [35d8dfab-9865-4f4a-9db1-8dbffdda00db-EndpointStateMachineTaskThread-/0.0.0.0:15091-0 ] INFO  utils.DatanodeStoreCache (DatanodeStoreCache.java:addDB(66)) - Added db /home/runner/work/ozone/ozone/hadoop-ozone/integration-test/target/test-dir/MiniOzoneClusterImpl-25d1905f-b767-404d-84bf-be0dd4c89112/datanode-3/data-0/containers/hdds/25d1905f-b767-404d-84bf-be0dd4c89112/DS-4e3534e0-f774-49b8-bc25-6a91bb2abd14/container.db to cache
2024-01-08 22:36:00,015 [35d8dfab-9865-4f4a-9db1-8dbffdda00db-EndpointStateMachineTaskThread-/0.0.0.0:15091-0 ] INFO  volume.HddsVolume (HddsVolume.java:createDbStore(420)) - SchemaV3 db is created and loaded at /home/runner/work/ozone/ozone/hadoop-ozone/integration-test/target/test-dir/MiniOzoneClusterImpl-25d1905f-b767-404d-84bf-be0dd4c89112/datanode-3/data-0/containers/hdds/25d1905f-b767-404d-84bf-be0dd4c89112/DS-4e3534e0-f774-49b8-bc25-6a91bb2abd14/container.db for volume DS-4e3534e0-f774-49b8-bc25-6a91bb2abd14
2024-01-08 22:36:00,017 [35d8dfab-9865-4f4a-9db1-8dbffdda00db-EndpointStateMachineTaskThread-/0.0.0.0:15091-0 ] INFO  volume.ThrottledAsyncChecker (ThrottledAsyncChecker.java:schedule(141)) - Scheduling a check for /home/runner/work/ozone/ozone/hadoop-ozone/integration-test/target/test-dir/MiniOzoneClusterImpl-25d1905f-b767-404d-84bf-be0dd4c89112/datanode-3/data-0/containers/hdds
2024-01-08 22:36:00,017 [35d8dfab-9865-4f4a-9db1-8dbffdda00db-EndpointStateMachineTaskThread-/0.0.0.0:15091-0 ] INFO  volume.StorageVolumeChecker (StorageVolumeChecker.java:checkAllVolumes(218)) - Scheduled health check for volume /home/runner/work/ozone/ozone/hadoop-ozone/integration-test/target/test-dir/MiniOzoneClusterImpl-25d1905f-b767-404d-84bf-be0dd4c89112/datanode-3/data-0/containers/hdds
2024-01-08 22:36:00,019 [35d8dfab-9865-4f4a-9db1-8dbffdda00db-EndpointStateMachineTaskThread-/0.0.0.0:15091-0 ] INFO  volume.ThrottledAsyncChecker (ThrottledAsyncChecker.java:schedule(141)) - Scheduling a check for /home/runner/work/ozone/ozone/hadoop-ozone/integration-test/target/test-dir/MiniOzoneClusterImpl-25d1905f-b767-404d-84bf-be0dd4c89112/datanode-3/data/ratis
2024-01-08 22:36:00,019 [35d8dfab-9865-4f4a-9db1-8dbffdda00db-EndpointStateMachineTaskThread-/0.0.0.0:15091-0 ] INFO  volume.StorageVolumeChecker (StorageVolumeChecker.java:checkAllVolumes(218)) - Scheduled health check for volume /home/runner/work/ozone/ozone/hadoop-ozone/integration-test/target/test-dir/MiniOzoneClusterImpl-25d1905f-b767-404d-84bf-be0dd4c89112/datanode-3/data/ratis
2024-01-08 22:36:00,019 [35d8dfab-9865-4f4a-9db1-8dbffdda00db-EndpointStateMachineTaskThread-/0.0.0.0:15091-0 ] INFO  ozoneimpl.OzoneContainer (OzoneContainer.java:start(441)) - Attempting to start container services.
2024-01-08 22:36:00,019 [35d8dfab-9865-4f4a-9db1-8dbffdda00db-EndpointStateMachineTaskThread-/0.0.0.0:15091-0 ] INFO  ozoneimpl.OzoneContainer (OzoneContainer.java:startContainerScrub(337)) - Scheduled background container scanners and the on-demand container scanner have been disabled.
2024-01-08 22:36:00,020 [35d8dfab-9865-4f4a-9db1-8dbffdda00db-EndpointStateMachineTaskThread-/0.0.0.0:15091-0 ] INFO  replication.ReplicationServer (ReplicationServer.java:start(139)) - ReplicationServer is started using port 15132
2024-01-08 22:36:00,020 [35d8dfab-9865-4f4a-9db1-8dbffdda00db-EndpointStateMachineTaskThread-/0.0.0.0:15091-0 ] INFO  ratis.XceiverServerRatis (XceiverServerRatis.java:start(549)) - Starting XceiverServerRatis 35d8dfab-9865-4f4a-9db1-8dbffdda00db
2024-01-08 22:36:00,020 [35d8dfab-9865-4f4a-9db1-8dbffdda00db-EndpointStateMachineTaskThread-/0.0.0.0:15091-0 ] INFO  server.RaftServer (RaftServerProxy.java:startImpl(406)) - 35d8dfab-9865-4f4a-9db1-8dbffdda00db: start RPC server
2024-01-08 22:36:00,020 [35d8dfab-9865-4f4a-9db1-8dbffdda00db-EndpointStateMachineTaskThread-/0.0.0.0:15091-0 ] INFO  server.GrpcService (GrpcService.java:startImpl(302)) - 35d8dfab-9865-4f4a-9db1-8dbffdda00db: GrpcService started, listening on 15128
2024-01-08 22:36:00,021 [35d8dfab-9865-4f4a-9db1-8dbffdda00db-EndpointStateMachineTaskThread-/0.0.0.0:15091-0 ] INFO  server.GrpcService (GrpcService.java:startImpl(302)) - 35d8dfab-9865-4f4a-9db1-8dbffdda00db: GrpcService started, listening on 15130
2024-01-08 22:36:00,021 [35d8dfab-9865-4f4a-9db1-8dbffdda00db-EndpointStateMachineTaskThread-/0.0.0.0:15091-0 ] INFO  server.GrpcService (GrpcService.java:startImpl(302)) - 35d8dfab-9865-4f4a-9db1-8dbffdda00db: GrpcService started, listening on 15129
2024-01-08 22:36:00,021 [35d8dfab-9865-4f4a-9db1-8dbffdda00db-EndpointStateMachineTaskThread-/0.0.0.0:15091-0 ] INFO  ratis.XceiverServerRatis (XceiverServerRatis.java:getRealPort(575)) - XceiverServerRatis 35d8dfab-9865-4f4a-9db1-8dbffdda00db is started using port 15128 for RATIS
2024-01-08 22:36:00,021 [JvmPauseMonitor16] INFO  util.JvmPauseMonitor (JvmPauseMonitor.java:run(146)) - JvmPauseMonitor-35d8dfab-9865-4f4a-9db1-8dbffdda00db: Started
2024-01-08 22:36:00,021 [35d8dfab-9865-4f4a-9db1-8dbffdda00db-EndpointStateMachineTaskThread-/0.0.0.0:15091-0 ] INFO  ratis.XceiverServerRatis (XceiverServerRatis.java:getRealPort(575)) - XceiverServerRatis 35d8dfab-9865-4f4a-9db1-8dbffdda00db is started using port 15129 for RATIS_ADMIN
2024-01-08 22:36:00,021 [35d8dfab-9865-4f4a-9db1-8dbffdda00db-EndpointStateMachineTaskThread-/0.0.0.0:15091-0 ] INFO  ratis.XceiverServerRatis (XceiverServerRatis.java:getRealPort(575)) - XceiverServerRatis 35d8dfab-9865-4f4a-9db1-8dbffdda00db is started using port 15130 for RATIS_SERVER
2024-01-08 22:36:00,022 [35d8dfab-9865-4f4a-9db1-8dbffdda00db-EndpointStateMachineTaskThread-/0.0.0.0:15091-0 ] INFO  ratis.XceiverServerRatis (XceiverServerRatis.java:getRealPort(575)) - XceiverServerRatis 35d8dfab-9865-4f4a-9db1-8dbffdda00db is started using port 15131 for RATIS_DATASTREAM
2024-01-08 22:36:00,022 [35d8dfab-9865-4f4a-9db1-8dbffdda00db-BlockDeletingService#0] INFO  interfaces.ContainerDeletionChoosingPolicyTemplate (ContainerDeletionChoosingPolicyTemplate.java:chooseContainerForBlockDeletion(85)) - Chosen 0/5000 blocks from 0 candidate containers.
2024-01-08 22:36:00,106 [cd56667c-d7fb-411e-a881-3bd7f4030648-EndpointStateMachineTaskThread-/0.0.0.0:15091-0 ] INFO  utils.DatanodeStoreCache (DatanodeStoreCache.java:addDB(66)) - Added db /home/runner/work/ozone/ozone/hadoop-ozone/integration-test/target/test-dir/MiniOzoneClusterImpl-25d1905f-b767-404d-84bf-be0dd4c89112/datanode-4/data-0/containers/hdds/25d1905f-b767-404d-84bf-be0dd4c89112/DS-031a9201-2d2b-40d0-aa8a-8fd86cbc4b1f/container.db to cache
2024-01-08 22:36:00,106 [cd56667c-d7fb-411e-a881-3bd7f4030648-EndpointStateMachineTaskThread-/0.0.0.0:15091-0 ] INFO  volume.HddsVolume (HddsVolume.java:createDbStore(420)) - SchemaV3 db is created and loaded at /home/runner/work/ozone/ozone/hadoop-ozone/integration-test/target/test-dir/MiniOzoneClusterImpl-25d1905f-b767-404d-84bf-be0dd4c89112/datanode-4/data-0/containers/hdds/25d1905f-b767-404d-84bf-be0dd4c89112/DS-031a9201-2d2b-40d0-aa8a-8fd86cbc4b1f/container.db for volume DS-031a9201-2d2b-40d0-aa8a-8fd86cbc4b1f
2024-01-08 22:36:00,108 [cd56667c-d7fb-411e-a881-3bd7f4030648-EndpointStateMachineTaskThread-/0.0.0.0:15091-0 ] INFO  volume.ThrottledAsyncChecker (ThrottledAsyncChecker.java:schedule(141)) - Scheduling a check for /home/runner/work/ozone/ozone/hadoop-ozone/integration-test/target/test-dir/MiniOzoneClusterImpl-25d1905f-b767-404d-84bf-be0dd4c89112/datanode-4/data-0/containers/hdds
2024-01-08 22:36:00,108 [cd56667c-d7fb-411e-a881-3bd7f4030648-EndpointStateMachineTaskThread-/0.0.0.0:15091-0 ] INFO  volume.StorageVolumeChecker (StorageVolumeChecker.java:checkAllVolumes(218)) - Scheduled health check for volume /home/runner/work/ozone/ozone/hadoop-ozone/integration-test/target/test-dir/MiniOzoneClusterImpl-25d1905f-b767-404d-84bf-be0dd4c89112/datanode-4/data-0/containers/hdds
2024-01-08 22:36:00,109 [cd56667c-d7fb-411e-a881-3bd7f4030648-EndpointStateMachineTaskThread-/0.0.0.0:15091-0 ] INFO  volume.ThrottledAsyncChecker (ThrottledAsyncChecker.java:schedule(141)) - Scheduling a check for /home/runner/work/ozone/ozone/hadoop-ozone/integration-test/target/test-dir/MiniOzoneClusterImpl-25d1905f-b767-404d-84bf-be0dd4c89112/datanode-4/data/ratis
2024-01-08 22:36:00,109 [cd56667c-d7fb-411e-a881-3bd7f4030648-EndpointStateMachineTaskThread-/0.0.0.0:15091-0 ] INFO  volume.StorageVolumeChecker (StorageVolumeChecker.java:checkAllVolumes(218)) - Scheduled health check for volume /home/runner/work/ozone/ozone/hadoop-ozone/integration-test/target/test-dir/MiniOzoneClusterImpl-25d1905f-b767-404d-84bf-be0dd4c89112/datanode-4/data/ratis
2024-01-08 22:36:00,110 [cd56667c-d7fb-411e-a881-3bd7f4030648-EndpointStateMachineTaskThread-/0.0.0.0:15091-0 ] INFO  ozoneimpl.OzoneContainer (OzoneContainer.java:start(441)) - Attempting to start container services.
2024-01-08 22:36:00,110 [cd56667c-d7fb-411e-a881-3bd7f4030648-EndpointStateMachineTaskThread-/0.0.0.0:15091-0 ] INFO  ozoneimpl.OzoneContainer (OzoneContainer.java:startContainerScrub(337)) - Scheduled background container scanners and the on-demand container scanner have been disabled.
2024-01-08 22:36:00,110 [cd56667c-d7fb-411e-a881-3bd7f4030648-EndpointStateMachineTaskThread-/0.0.0.0:15091-0 ] INFO  replication.ReplicationServer (ReplicationServer.java:start(139)) - ReplicationServer is started using port 15141
2024-01-08 22:36:00,110 [cd56667c-d7fb-411e-a881-3bd7f4030648-EndpointStateMachineTaskThread-/0.0.0.0:15091-0 ] INFO  ratis.XceiverServerRatis (XceiverServerRatis.java:start(549)) - Starting XceiverServerRatis cd56667c-d7fb-411e-a881-3bd7f4030648
2024-01-08 22:36:00,111 [cd56667c-d7fb-411e-a881-3bd7f4030648-EndpointStateMachineTaskThread-/0.0.0.0:15091-0 ] INFO  server.RaftServer (RaftServerProxy.java:startImpl(406)) - cd56667c-d7fb-411e-a881-3bd7f4030648: start RPC server
2024-01-08 22:36:00,111 [cd56667c-d7fb-411e-a881-3bd7f4030648-EndpointStateMachineTaskThread-/0.0.0.0:15091-0 ] INFO  server.GrpcService (GrpcService.java:startImpl(302)) - cd56667c-d7fb-411e-a881-3bd7f4030648: GrpcService started, listening on 15137
2024-01-08 22:36:00,112 [cd56667c-d7fb-411e-a881-3bd7f4030648-EndpointStateMachineTaskThread-/0.0.0.0:15091-0 ] INFO  server.GrpcService (GrpcService.java:startImpl(302)) - cd56667c-d7fb-411e-a881-3bd7f4030648: GrpcService started, listening on 15139
2024-01-08 22:36:00,112 [cd56667c-d7fb-411e-a881-3bd7f4030648-EndpointStateMachineTaskThread-/0.0.0.0:15091-0 ] INFO  server.GrpcService (GrpcService.java:startImpl(302)) - cd56667c-d7fb-411e-a881-3bd7f4030648: GrpcService started, listening on 15138
2024-01-08 22:36:00,113 [cd56667c-d7fb-411e-a881-3bd7f4030648-EndpointStateMachineTaskThread-/0.0.0.0:15091-0 ] INFO  ratis.XceiverServerRatis (XceiverServerRatis.java:getRealPort(575)) - XceiverServerRatis cd56667c-d7fb-411e-a881-3bd7f4030648 is started using port 15137 for RATIS
2024-01-08 22:36:00,113 [JvmPauseMonitor17] INFO  util.JvmPauseMonitor (JvmPauseMonitor.java:run(146)) - JvmPauseMonitor-cd56667c-d7fb-411e-a881-3bd7f4030648: Started
2024-01-08 22:36:00,113 [cd56667c-d7fb-411e-a881-3bd7f4030648-EndpointStateMachineTaskThread-/0.0.0.0:15091-0 ] INFO  ratis.XceiverServerRatis (XceiverServerRatis.java:getRealPort(575)) - XceiverServerRatis cd56667c-d7fb-411e-a881-3bd7f4030648 is started using port 15138 for RATIS_ADMIN
2024-01-08 22:36:00,113 [cd56667c-d7fb-411e-a881-3bd7f4030648-EndpointStateMachineTaskThread-/0.0.0.0:15091-0 ] INFO  ratis.XceiverServerRatis (XceiverServerRatis.java:getRealPort(575)) - XceiverServerRatis cd56667c-d7fb-411e-a881-3bd7f4030648 is started using port 15139 for RATIS_SERVER
2024-01-08 22:36:00,113 [cd56667c-d7fb-411e-a881-3bd7f4030648-EndpointStateMachineTaskThread-/0.0.0.0:15091-0 ] INFO  ratis.XceiverServerRatis (XceiverServerRatis.java:getRealPort(575)) - XceiverServerRatis cd56667c-d7fb-411e-a881-3bd7f4030648 is started using port 15140 for RATIS_DATASTREAM
2024-01-08 22:36:00,114 [cd56667c-d7fb-411e-a881-3bd7f4030648-BlockDeletingService#0] INFO  interfaces.ContainerDeletionChoosingPolicyTemplate (ContainerDeletionChoosingPolicyTemplate.java:chooseContainerForBlockDeletion(85)) - Chosen 0/5000 blocks from 0 candidate containers.
2024-01-08 22:36:00,213 [5d8f7830-f6d4-4ac5-95d9-573f6638b6da-EndpointStateMachineTaskThread-/0.0.0.0:15091-0 ] INFO  utils.DatanodeStoreCache (DatanodeStoreCache.java:addDB(66)) - Added db /home/runner/work/ozone/ozone/hadoop-ozone/integration-test/target/test-dir/MiniOzoneClusterImpl-25d1905f-b767-404d-84bf-be0dd4c89112/datanode-5/data-0/containers/hdds/25d1905f-b767-404d-84bf-be0dd4c89112/DS-95e9b778-5290-4187-80ed-afd0325f5c73/container.db to cache
2024-01-08 22:36:00,213 [5d8f7830-f6d4-4ac5-95d9-573f6638b6da-EndpointStateMachineTaskThread-/0.0.0.0:15091-0 ] INFO  volume.HddsVolume (HddsVolume.java:createDbStore(420)) - SchemaV3 db is created and loaded at /home/runner/work/ozone/ozone/hadoop-ozone/integration-test/target/test-dir/MiniOzoneClusterImpl-25d1905f-b767-404d-84bf-be0dd4c89112/datanode-5/data-0/containers/hdds/25d1905f-b767-404d-84bf-be0dd4c89112/DS-95e9b778-5290-4187-80ed-afd0325f5c73/container.db for volume DS-95e9b778-5290-4187-80ed-afd0325f5c73
2024-01-08 22:36:00,214 [5d8f7830-f6d4-4ac5-95d9-573f6638b6da-EndpointStateMachineTaskThread-/0.0.0.0:15091-0 ] INFO  volume.ThrottledAsyncChecker (ThrottledAsyncChecker.java:schedule(141)) - Scheduling a check for /home/runner/work/ozone/ozone/hadoop-ozone/integration-test/target/test-dir/MiniOzoneClusterImpl-25d1905f-b767-404d-84bf-be0dd4c89112/datanode-5/data-0/containers/hdds
2024-01-08 22:36:00,214 [5d8f7830-f6d4-4ac5-95d9-573f6638b6da-EndpointStateMachineTaskThread-/0.0.0.0:15091-0 ] INFO  volume.StorageVolumeChecker (StorageVolumeChecker.java:checkAllVolumes(218)) - Scheduled health check for volume /home/runner/work/ozone/ozone/hadoop-ozone/integration-test/target/test-dir/MiniOzoneClusterImpl-25d1905f-b767-404d-84bf-be0dd4c89112/datanode-5/data-0/containers/hdds
2024-01-08 22:36:00,215 [5d8f7830-f6d4-4ac5-95d9-573f6638b6da-EndpointStateMachineTaskThread-/0.0.0.0:15091-0 ] INFO  volume.ThrottledAsyncChecker (ThrottledAsyncChecker.java:schedule(141)) - Scheduling a check for /home/runner/work/ozone/ozone/hadoop-ozone/integration-test/target/test-dir/MiniOzoneClusterImpl-25d1905f-b767-404d-84bf-be0dd4c89112/datanode-5/data/ratis
2024-01-08 22:36:00,215 [5d8f7830-f6d4-4ac5-95d9-573f6638b6da-EndpointStateMachineTaskThread-/0.0.0.0:15091-0 ] INFO  volume.StorageVolumeChecker (StorageVolumeChecker.java:checkAllVolumes(218)) - Scheduled health check for volume /home/runner/work/ozone/ozone/hadoop-ozone/integration-test/target/test-dir/MiniOzoneClusterImpl-25d1905f-b767-404d-84bf-be0dd4c89112/datanode-5/data/ratis
2024-01-08 22:36:00,216 [5d8f7830-f6d4-4ac5-95d9-573f6638b6da-EndpointStateMachineTaskThread-/0.0.0.0:15091-0 ] INFO  ozoneimpl.OzoneContainer (OzoneContainer.java:start(441)) - Attempting to start container services.
2024-01-08 22:36:00,216 [5d8f7830-f6d4-4ac5-95d9-573f6638b6da-EndpointStateMachineTaskThread-/0.0.0.0:15091-0 ] INFO  ozoneimpl.OzoneContainer (OzoneContainer.java:startContainerScrub(337)) - Scheduled background container scanners and the on-demand container scanner have been disabled.
2024-01-08 22:36:00,216 [5d8f7830-f6d4-4ac5-95d9-573f6638b6da-EndpointStateMachineTaskThread-/0.0.0.0:15091-0 ] INFO  replication.ReplicationServer (ReplicationServer.java:start(139)) - ReplicationServer is started using port 15150
2024-01-08 22:36:00,216 [5d8f7830-f6d4-4ac5-95d9-573f6638b6da-EndpointStateMachineTaskThread-/0.0.0.0:15091-0 ] INFO  ratis.XceiverServerRatis (XceiverServerRatis.java:start(549)) - Starting XceiverServerRatis 5d8f7830-f6d4-4ac5-95d9-573f6638b6da
2024-01-08 22:36:00,217 [5d8f7830-f6d4-4ac5-95d9-573f6638b6da-EndpointStateMachineTaskThread-/0.0.0.0:15091-0 ] INFO  server.RaftServer (RaftServerProxy.java:startImpl(406)) - 5d8f7830-f6d4-4ac5-95d9-573f6638b6da: start RPC server
2024-01-08 22:36:00,217 [5d8f7830-f6d4-4ac5-95d9-573f6638b6da-EndpointStateMachineTaskThread-/0.0.0.0:15091-0 ] INFO  server.GrpcService (GrpcService.java:startImpl(302)) - 5d8f7830-f6d4-4ac5-95d9-573f6638b6da: GrpcService started, listening on 15146
2024-01-08 22:36:00,217 [5d8f7830-f6d4-4ac5-95d9-573f6638b6da-EndpointStateMachineTaskThread-/0.0.0.0:15091-0 ] INFO  server.GrpcService (GrpcService.java:startImpl(302)) - 5d8f7830-f6d4-4ac5-95d9-573f6638b6da: GrpcService started, listening on 15148
2024-01-08 22:36:00,218 [5d8f7830-f6d4-4ac5-95d9-573f6638b6da-EndpointStateMachineTaskThread-/0.0.0.0:15091-0 ] INFO  server.GrpcService (GrpcService.java:startImpl(302)) - 5d8f7830-f6d4-4ac5-95d9-573f6638b6da: GrpcService started, listening on 15147
2024-01-08 22:36:00,218 [5d8f7830-f6d4-4ac5-95d9-573f6638b6da-EndpointStateMachineTaskThread-/0.0.0.0:15091-0 ] INFO  ratis.XceiverServerRatis (XceiverServerRatis.java:getRealPort(575)) - XceiverServerRatis 5d8f7830-f6d4-4ac5-95d9-573f6638b6da is started using port 15146 for RATIS
2024-01-08 22:36:00,218 [5d8f7830-f6d4-4ac5-95d9-573f6638b6da-EndpointStateMachineTaskThread-/0.0.0.0:15091-0 ] INFO  ratis.XceiverServerRatis (XceiverServerRatis.java:getRealPort(575)) - XceiverServerRatis 5d8f7830-f6d4-4ac5-95d9-573f6638b6da is started using port 15147 for RATIS_ADMIN
2024-01-08 22:36:00,218 [5d8f7830-f6d4-4ac5-95d9-573f6638b6da-EndpointStateMachineTaskThread-/0.0.0.0:15091-0 ] INFO  ratis.XceiverServerRatis (XceiverServerRatis.java:getRealPort(575)) - XceiverServerRatis 5d8f7830-f6d4-4ac5-95d9-573f6638b6da is started using port 15148 for RATIS_SERVER
2024-01-08 22:36:00,218 [5d8f7830-f6d4-4ac5-95d9-573f6638b6da-EndpointStateMachineTaskThread-/0.0.0.0:15091-0 ] INFO  ratis.XceiverServerRatis (XceiverServerRatis.java:getRealPort(575)) - XceiverServerRatis 5d8f7830-f6d4-4ac5-95d9-573f6638b6da is started using port 15149 for RATIS_DATASTREAM
2024-01-08 22:36:00,218 [JvmPauseMonitor18] INFO  util.JvmPauseMonitor (JvmPauseMonitor.java:run(146)) - JvmPauseMonitor-5d8f7830-f6d4-4ac5-95d9-573f6638b6da: Started
2024-01-08 22:36:00,219 [5d8f7830-f6d4-4ac5-95d9-573f6638b6da-BlockDeletingService#0] INFO  interfaces.ContainerDeletionChoosingPolicyTemplate (ContainerDeletionChoosingPolicyTemplate.java:chooseContainerForBlockDeletion(85)) - Chosen 0/5000 blocks from 0 candidate containers.
2024-01-08 22:36:00,304 [ae8e2c12-abd7-4753-9c27-64723a930f37-EndpointStateMachineTaskThread-/0.0.0.0:15091-0 ] INFO  utils.DatanodeStoreCache (DatanodeStoreCache.java:addDB(66)) - Added db /home/runner/work/ozone/ozone/hadoop-ozone/integration-test/target/test-dir/MiniOzoneClusterImpl-25d1905f-b767-404d-84bf-be0dd4c89112/datanode-6/data-0/containers/hdds/25d1905f-b767-404d-84bf-be0dd4c89112/DS-11ef7d0f-b1d5-42b6-8f1d-2b8b0423f19c/container.db to cache
2024-01-08 22:36:00,305 [ae8e2c12-abd7-4753-9c27-64723a930f37-EndpointStateMachineTaskThread-/0.0.0.0:15091-0 ] INFO  volume.HddsVolume (HddsVolume.java:createDbStore(420)) - SchemaV3 db is created and loaded at /home/runner/work/ozone/ozone/hadoop-ozone/integration-test/target/test-dir/MiniOzoneClusterImpl-25d1905f-b767-404d-84bf-be0dd4c89112/datanode-6/data-0/containers/hdds/25d1905f-b767-404d-84bf-be0dd4c89112/DS-11ef7d0f-b1d5-42b6-8f1d-2b8b0423f19c/container.db for volume DS-11ef7d0f-b1d5-42b6-8f1d-2b8b0423f19c
2024-01-08 22:36:00,306 [ae8e2c12-abd7-4753-9c27-64723a930f37-EndpointStateMachineTaskThread-/0.0.0.0:15091-0 ] INFO  volume.ThrottledAsyncChecker (ThrottledAsyncChecker.java:schedule(141)) - Scheduling a check for /home/runner/work/ozone/ozone/hadoop-ozone/integration-test/target/test-dir/MiniOzoneClusterImpl-25d1905f-b767-404d-84bf-be0dd4c89112/datanode-6/data-0/containers/hdds
2024-01-08 22:36:00,306 [ae8e2c12-abd7-4753-9c27-64723a930f37-EndpointStateMachineTaskThread-/0.0.0.0:15091-0 ] INFO  volume.StorageVolumeChecker (StorageVolumeChecker.java:checkAllVolumes(218)) - Scheduled health check for volume /home/runner/work/ozone/ozone/hadoop-ozone/integration-test/target/test-dir/MiniOzoneClusterImpl-25d1905f-b767-404d-84bf-be0dd4c89112/datanode-6/data-0/containers/hdds
2024-01-08 22:36:00,307 [ae8e2c12-abd7-4753-9c27-64723a930f37-EndpointStateMachineTaskThread-/0.0.0.0:15091-0 ] INFO  volume.ThrottledAsyncChecker (ThrottledAsyncChecker.java:schedule(141)) - Scheduling a check for /home/runner/work/ozone/ozone/hadoop-ozone/integration-test/target/test-dir/MiniOzoneClusterImpl-25d1905f-b767-404d-84bf-be0dd4c89112/datanode-6/data/ratis
2024-01-08 22:36:00,307 [ae8e2c12-abd7-4753-9c27-64723a930f37-EndpointStateMachineTaskThread-/0.0.0.0:15091-0 ] INFO  volume.StorageVolumeChecker (StorageVolumeChecker.java:checkAllVolumes(218)) - Scheduled health check for volume /home/runner/work/ozone/ozone/hadoop-ozone/integration-test/target/test-dir/MiniOzoneClusterImpl-25d1905f-b767-404d-84bf-be0dd4c89112/datanode-6/data/ratis
2024-01-08 22:36:00,308 [ae8e2c12-abd7-4753-9c27-64723a930f37-EndpointStateMachineTaskThread-/0.0.0.0:15091-0 ] INFO  ozoneimpl.OzoneContainer (OzoneContainer.java:start(441)) - Attempting to start container services.
2024-01-08 22:36:00,308 [ae8e2c12-abd7-4753-9c27-64723a930f37-EndpointStateMachineTaskThread-/0.0.0.0:15091-0 ] INFO  ozoneimpl.OzoneContainer (OzoneContainer.java:startContainerScrub(337)) - Scheduled background container scanners and the on-demand container scanner have been disabled.
2024-01-08 22:36:00,309 [ae8e2c12-abd7-4753-9c27-64723a930f37-EndpointStateMachineTaskThread-/0.0.0.0:15091-0 ] INFO  replication.ReplicationServer (ReplicationServer.java:start(139)) - ReplicationServer is started using port 15159
2024-01-08 22:36:00,309 [ae8e2c12-abd7-4753-9c27-64723a930f37-EndpointStateMachineTaskThread-/0.0.0.0:15091-0 ] INFO  ratis.XceiverServerRatis (XceiverServerRatis.java:start(549)) - Starting XceiverServerRatis ae8e2c12-abd7-4753-9c27-64723a930f37
2024-01-08 22:36:00,309 [ae8e2c12-abd7-4753-9c27-64723a930f37-EndpointStateMachineTaskThread-/0.0.0.0:15091-0 ] INFO  server.RaftServer (RaftServerProxy.java:startImpl(406)) - ae8e2c12-abd7-4753-9c27-64723a930f37: start RPC server
2024-01-08 22:36:00,309 [ae8e2c12-abd7-4753-9c27-64723a930f37-EndpointStateMachineTaskThread-/0.0.0.0:15091-0 ] INFO  server.GrpcService (GrpcService.java:startImpl(302)) - ae8e2c12-abd7-4753-9c27-64723a930f37: GrpcService started, listening on 15155
2024-01-08 22:36:00,310 [ae8e2c12-abd7-4753-9c27-64723a930f37-EndpointStateMachineTaskThread-/0.0.0.0:15091-0 ] INFO  server.GrpcService (GrpcService.java:startImpl(302)) - ae8e2c12-abd7-4753-9c27-64723a930f37: GrpcService started, listening on 15157
2024-01-08 22:36:00,310 [ae8e2c12-abd7-4753-9c27-64723a930f37-EndpointStateMachineTaskThread-/0.0.0.0:15091-0 ] INFO  server.GrpcService (GrpcService.java:startImpl(302)) - ae8e2c12-abd7-4753-9c27-64723a930f37: GrpcService started, listening on 15156
2024-01-08 22:36:00,310 [ae8e2c12-abd7-4753-9c27-64723a930f37-EndpointStateMachineTaskThread-/0.0.0.0:15091-0 ] INFO  ratis.XceiverServerRatis (XceiverServerRatis.java:getRealPort(575)) - XceiverServerRatis ae8e2c12-abd7-4753-9c27-64723a930f37 is started using port 15155 for RATIS
2024-01-08 22:36:00,310 [JvmPauseMonitor19] INFO  util.JvmPauseMonitor (JvmPauseMonitor.java:run(146)) - JvmPauseMonitor-ae8e2c12-abd7-4753-9c27-64723a930f37: Started
2024-01-08 22:36:00,310 [ae8e2c12-abd7-4753-9c27-64723a930f37-EndpointStateMachineTaskThread-/0.0.0.0:15091-0 ] INFO  ratis.XceiverServerRatis (XceiverServerRatis.java:getRealPort(575)) - XceiverServerRatis ae8e2c12-abd7-4753-9c27-64723a930f37 is started using port 15156 for RATIS_ADMIN
2024-01-08 22:36:00,311 [ae8e2c12-abd7-4753-9c27-64723a930f37-EndpointStateMachineTaskThread-/0.0.0.0:15091-0 ] INFO  ratis.XceiverServerRatis (XceiverServerRatis.java:getRealPort(575)) - XceiverServerRatis ae8e2c12-abd7-4753-9c27-64723a930f37 is started using port 15157 for RATIS_SERVER
2024-01-08 22:36:00,311 [ae8e2c12-abd7-4753-9c27-64723a930f37-EndpointStateMachineTaskThread-/0.0.0.0:15091-0 ] INFO  ratis.XceiverServerRatis (XceiverServerRatis.java:getRealPort(575)) - XceiverServerRatis ae8e2c12-abd7-4753-9c27-64723a930f37 is started using port 15158 for RATIS_DATASTREAM
2024-01-08 22:36:00,313 [ae8e2c12-abd7-4753-9c27-64723a930f37-BlockDeletingService#0] INFO  interfaces.ContainerDeletionChoosingPolicyTemplate (ContainerDeletionChoosingPolicyTemplate.java:chooseContainerForBlockDeletion(85)) - Chosen 0/5000 blocks from 0 candidate containers.
2024-01-08 22:36:00,416 [34273466-0570-47f7-a015-e29b814fc208-EndpointStateMachineTaskThread-/0.0.0.0:15091-0 ] INFO  utils.DatanodeStoreCache (DatanodeStoreCache.java:addDB(66)) - Added db /home/runner/work/ozone/ozone/hadoop-ozone/integration-test/target/test-dir/MiniOzoneClusterImpl-25d1905f-b767-404d-84bf-be0dd4c89112/datanode-7/data-0/containers/hdds/25d1905f-b767-404d-84bf-be0dd4c89112/DS-1d9434b6-5df7-4b28-99ec-4b78f7fa35f1/container.db to cache
2024-01-08 22:36:00,416 [34273466-0570-47f7-a015-e29b814fc208-EndpointStateMachineTaskThread-/0.0.0.0:15091-0 ] INFO  volume.HddsVolume (HddsVolume.java:createDbStore(420)) - SchemaV3 db is created and loaded at /home/runner/work/ozone/ozone/hadoop-ozone/integration-test/target/test-dir/MiniOzoneClusterImpl-25d1905f-b767-404d-84bf-be0dd4c89112/datanode-7/data-0/containers/hdds/25d1905f-b767-404d-84bf-be0dd4c89112/DS-1d9434b6-5df7-4b28-99ec-4b78f7fa35f1/container.db for volume DS-1d9434b6-5df7-4b28-99ec-4b78f7fa35f1
2024-01-08 22:36:00,417 [34273466-0570-47f7-a015-e29b814fc208-EndpointStateMachineTaskThread-/0.0.0.0:15091-0 ] INFO  volume.ThrottledAsyncChecker (ThrottledAsyncChecker.java:schedule(141)) - Scheduling a check for /home/runner/work/ozone/ozone/hadoop-ozone/integration-test/target/test-dir/MiniOzoneClusterImpl-25d1905f-b767-404d-84bf-be0dd4c89112/datanode-7/data-0/containers/hdds
2024-01-08 22:36:00,417 [34273466-0570-47f7-a015-e29b814fc208-EndpointStateMachineTaskThread-/0.0.0.0:15091-0 ] INFO  volume.StorageVolumeChecker (StorageVolumeChecker.java:checkAllVolumes(218)) - Scheduled health check for volume /home/runner/work/ozone/ozone/hadoop-ozone/integration-test/target/test-dir/MiniOzoneClusterImpl-25d1905f-b767-404d-84bf-be0dd4c89112/datanode-7/data-0/containers/hdds
2024-01-08 22:36:00,419 [34273466-0570-47f7-a015-e29b814fc208-EndpointStateMachineTaskThread-/0.0.0.0:15091-0 ] INFO  volume.ThrottledAsyncChecker (ThrottledAsyncChecker.java:schedule(141)) - Scheduling a check for /home/runner/work/ozone/ozone/hadoop-ozone/integration-test/target/test-dir/MiniOzoneClusterImpl-25d1905f-b767-404d-84bf-be0dd4c89112/datanode-7/data/ratis
2024-01-08 22:36:00,419 [34273466-0570-47f7-a015-e29b814fc208-EndpointStateMachineTaskThread-/0.0.0.0:15091-0 ] INFO  volume.StorageVolumeChecker (StorageVolumeChecker.java:checkAllVolumes(218)) - Scheduled health check for volume /home/runner/work/ozone/ozone/hadoop-ozone/integration-test/target/test-dir/MiniOzoneClusterImpl-25d1905f-b767-404d-84bf-be0dd4c89112/datanode-7/data/ratis
2024-01-08 22:36:00,420 [34273466-0570-47f7-a015-e29b814fc208-EndpointStateMachineTaskThread-/0.0.0.0:15091-0 ] INFO  ozoneimpl.OzoneContainer (OzoneContainer.java:start(441)) - Attempting to start container services.
2024-01-08 22:36:00,420 [34273466-0570-47f7-a015-e29b814fc208-EndpointStateMachineTaskThread-/0.0.0.0:15091-0 ] INFO  ozoneimpl.OzoneContainer (OzoneContainer.java:startContainerScrub(337)) - Scheduled background container scanners and the on-demand container scanner have been disabled.
2024-01-08 22:36:00,421 [34273466-0570-47f7-a015-e29b814fc208-EndpointStateMachineTaskThread-/0.0.0.0:15091-0 ] INFO  replication.ReplicationServer (ReplicationServer.java:start(139)) - ReplicationServer is started using port 15168
2024-01-08 22:36:00,421 [34273466-0570-47f7-a015-e29b814fc208-EndpointStateMachineTaskThread-/0.0.0.0:15091-0 ] INFO  ratis.XceiverServerRatis (XceiverServerRatis.java:start(549)) - Starting XceiverServerRatis 34273466-0570-47f7-a015-e29b814fc208
2024-01-08 22:36:00,421 [34273466-0570-47f7-a015-e29b814fc208-EndpointStateMachineTaskThread-/0.0.0.0:15091-0 ] INFO  server.RaftServer (RaftServerProxy.java:startImpl(406)) - 34273466-0570-47f7-a015-e29b814fc208: start RPC server
2024-01-08 22:36:00,421 [34273466-0570-47f7-a015-e29b814fc208-EndpointStateMachineTaskThread-/0.0.0.0:15091-0 ] INFO  server.GrpcService (GrpcService.java:startImpl(302)) - 34273466-0570-47f7-a015-e29b814fc208: GrpcService started, listening on 15164
2024-01-08 22:36:00,422 [34273466-0570-47f7-a015-e29b814fc208-EndpointStateMachineTaskThread-/0.0.0.0:15091-0 ] INFO  server.GrpcService (GrpcService.java:startImpl(302)) - 34273466-0570-47f7-a015-e29b814fc208: GrpcService started, listening on 15166
2024-01-08 22:36:00,427 [34273466-0570-47f7-a015-e29b814fc208-EndpointStateMachineTaskThread-/0.0.0.0:15091-0 ] INFO  server.GrpcService (GrpcService.java:startImpl(302)) - 34273466-0570-47f7-a015-e29b814fc208: GrpcService started, listening on 15165
2024-01-08 22:36:00,427 [34273466-0570-47f7-a015-e29b814fc208-EndpointStateMachineTaskThread-/0.0.0.0:15091-0 ] INFO  ratis.XceiverServerRatis (XceiverServerRatis.java:getRealPort(575)) - XceiverServerRatis 34273466-0570-47f7-a015-e29b814fc208 is started using port 15164 for RATIS
2024-01-08 22:36:00,427 [JvmPauseMonitor20] INFO  util.JvmPauseMonitor (JvmPauseMonitor.java:run(146)) - JvmPauseMonitor-34273466-0570-47f7-a015-e29b814fc208: Started
2024-01-08 22:36:00,427 [34273466-0570-47f7-a015-e29b814fc208-EndpointStateMachineTaskThread-/0.0.0.0:15091-0 ] INFO  ratis.XceiverServerRatis (XceiverServerRatis.java:getRealPort(575)) - XceiverServerRatis 34273466-0570-47f7-a015-e29b814fc208 is started using port 15165 for RATIS_ADMIN
2024-01-08 22:36:00,428 [34273466-0570-47f7-a015-e29b814fc208-EndpointStateMachineTaskThread-/0.0.0.0:15091-0 ] INFO  ratis.XceiverServerRatis (XceiverServerRatis.java:getRealPort(575)) - XceiverServerRatis 34273466-0570-47f7-a015-e29b814fc208 is started using port 15166 for RATIS_SERVER
2024-01-08 22:36:00,428 [34273466-0570-47f7-a015-e29b814fc208-EndpointStateMachineTaskThread-/0.0.0.0:15091-0 ] INFO  ratis.XceiverServerRatis (XceiverServerRatis.java:getRealPort(575)) - XceiverServerRatis 34273466-0570-47f7-a015-e29b814fc208 is started using port 15167 for RATIS_DATASTREAM
2024-01-08 22:36:00,429 [34273466-0570-47f7-a015-e29b814fc208-BlockDeletingService#0] INFO  interfaces.ContainerDeletionChoosingPolicyTemplate (ContainerDeletionChoosingPolicyTemplate.java:chooseContainerForBlockDeletion(85)) - Chosen 0/5000 blocks from 0 candidate containers.
2024-01-08 22:36:00,483 [main] INFO  ozone.MiniOzoneClusterImpl (MiniOzoneClusterImpl.java:lambda$waitForClusterToBeReady$0(230)) - Waiting for nodes to be ready. Got 0 of 9 DN Heartbeats.
2024-01-08 22:36:00,483 [main] INFO  ozone.MiniOzoneClusterImpl (MiniOzoneClusterImpl.java:lambda$waitForClusterToBeReady$0(233)) - Waiting for cluster to exit safe mode
2024-01-08 22:36:00,483 [main] INFO  ozone.MiniOzoneClusterImpl (MiniOzoneClusterImpl.java:lambda$waitForClusterToBeReady$0(235)) - SCM became leader
2024-01-08 22:36:00,501 [c24408fe-1592-40af-8b37-8bb032baf3c2-EndpointStateMachineTaskThread-/0.0.0.0:15091-0 ] INFO  utils.DatanodeStoreCache (DatanodeStoreCache.java:addDB(66)) - Added db /home/runner/work/ozone/ozone/hadoop-ozone/integration-test/target/test-dir/MiniOzoneClusterImpl-25d1905f-b767-404d-84bf-be0dd4c89112/datanode-8/data-0/containers/hdds/25d1905f-b767-404d-84bf-be0dd4c89112/DS-df21338e-717a-4d21-a874-9ee245aef3ca/container.db to cache
2024-01-08 22:36:00,502 [c24408fe-1592-40af-8b37-8bb032baf3c2-EndpointStateMachineTaskThread-/0.0.0.0:15091-0 ] INFO  volume.HddsVolume (HddsVolume.java:createDbStore(420)) - SchemaV3 db is created and loaded at /home/runner/work/ozone/ozone/hadoop-ozone/integration-test/target/test-dir/MiniOzoneClusterImpl-25d1905f-b767-404d-84bf-be0dd4c89112/datanode-8/data-0/containers/hdds/25d1905f-b767-404d-84bf-be0dd4c89112/DS-df21338e-717a-4d21-a874-9ee245aef3ca/container.db for volume DS-df21338e-717a-4d21-a874-9ee245aef3ca
2024-01-08 22:36:00,503 [c24408fe-1592-40af-8b37-8bb032baf3c2-EndpointStateMachineTaskThread-/0.0.0.0:15091-0 ] INFO  volume.ThrottledAsyncChecker (ThrottledAsyncChecker.java:schedule(141)) - Scheduling a check for /home/runner/work/ozone/ozone/hadoop-ozone/integration-test/target/test-dir/MiniOzoneClusterImpl-25d1905f-b767-404d-84bf-be0dd4c89112/datanode-8/data-0/containers/hdds
2024-01-08 22:36:00,504 [c24408fe-1592-40af-8b37-8bb032baf3c2-EndpointStateMachineTaskThread-/0.0.0.0:15091-0 ] INFO  volume.StorageVolumeChecker (StorageVolumeChecker.java:checkAllVolumes(218)) - Scheduled health check for volume /home/runner/work/ozone/ozone/hadoop-ozone/integration-test/target/test-dir/MiniOzoneClusterImpl-25d1905f-b767-404d-84bf-be0dd4c89112/datanode-8/data-0/containers/hdds
2024-01-08 22:36:00,505 [c24408fe-1592-40af-8b37-8bb032baf3c2-EndpointStateMachineTaskThread-/0.0.0.0:15091-0 ] INFO  volume.ThrottledAsyncChecker (ThrottledAsyncChecker.java:schedule(141)) - Scheduling a check for /home/runner/work/ozone/ozone/hadoop-ozone/integration-test/target/test-dir/MiniOzoneClusterImpl-25d1905f-b767-404d-84bf-be0dd4c89112/datanode-8/data/ratis
2024-01-08 22:36:00,505 [c24408fe-1592-40af-8b37-8bb032baf3c2-EndpointStateMachineTaskThread-/0.0.0.0:15091-0 ] INFO  volume.StorageVolumeChecker (StorageVolumeChecker.java:checkAllVolumes(218)) - Scheduled health check for volume /home/runner/work/ozone/ozone/hadoop-ozone/integration-test/target/test-dir/MiniOzoneClusterImpl-25d1905f-b767-404d-84bf-be0dd4c89112/datanode-8/data/ratis
2024-01-08 22:36:00,506 [c24408fe-1592-40af-8b37-8bb032baf3c2-EndpointStateMachineTaskThread-/0.0.0.0:15091-0 ] INFO  ozoneimpl.OzoneContainer (OzoneContainer.java:start(441)) - Attempting to start container services.
2024-01-08 22:36:00,506 [c24408fe-1592-40af-8b37-8bb032baf3c2-EndpointStateMachineTaskThread-/0.0.0.0:15091-0 ] INFO  ozoneimpl.OzoneContainer (OzoneContainer.java:startContainerScrub(337)) - Scheduled background container scanners and the on-demand container scanner have been disabled.
2024-01-08 22:36:00,506 [c24408fe-1592-40af-8b37-8bb032baf3c2-EndpointStateMachineTaskThread-/0.0.0.0:15091-0 ] INFO  replication.ReplicationServer (ReplicationServer.java:start(139)) - ReplicationServer is started using port 15177
2024-01-08 22:36:00,506 [c24408fe-1592-40af-8b37-8bb032baf3c2-EndpointStateMachineTaskThread-/0.0.0.0:15091-0 ] INFO  ratis.XceiverServerRatis (XceiverServerRatis.java:start(549)) - Starting XceiverServerRatis c24408fe-1592-40af-8b37-8bb032baf3c2
2024-01-08 22:36:00,507 [c24408fe-1592-40af-8b37-8bb032baf3c2-EndpointStateMachineTaskThread-/0.0.0.0:15091-0 ] INFO  server.RaftServer (RaftServerProxy.java:startImpl(406)) - c24408fe-1592-40af-8b37-8bb032baf3c2: start RPC server
2024-01-08 22:36:00,507 [c24408fe-1592-40af-8b37-8bb032baf3c2-EndpointStateMachineTaskThread-/0.0.0.0:15091-0 ] INFO  server.GrpcService (GrpcService.java:startImpl(302)) - c24408fe-1592-40af-8b37-8bb032baf3c2: GrpcService started, listening on 15173
2024-01-08 22:36:00,507 [c24408fe-1592-40af-8b37-8bb032baf3c2-EndpointStateMachineTaskThread-/0.0.0.0:15091-0 ] INFO  server.GrpcService (GrpcService.java:startImpl(302)) - c24408fe-1592-40af-8b37-8bb032baf3c2: GrpcService started, listening on 15175
2024-01-08 22:36:00,507 [c24408fe-1592-40af-8b37-8bb032baf3c2-EndpointStateMachineTaskThread-/0.0.0.0:15091-0 ] INFO  server.GrpcService (GrpcService.java:startImpl(302)) - c24408fe-1592-40af-8b37-8bb032baf3c2: GrpcService started, listening on 15174
2024-01-08 22:36:00,508 [c24408fe-1592-40af-8b37-8bb032baf3c2-EndpointStateMachineTaskThread-/0.0.0.0:15091-0 ] INFO  ratis.XceiverServerRatis (XceiverServerRatis.java:getRealPort(575)) - XceiverServerRatis c24408fe-1592-40af-8b37-8bb032baf3c2 is started using port 15173 for RATIS
2024-01-08 22:36:00,508 [JvmPauseMonitor21] INFO  util.JvmPauseMonitor (JvmPauseMonitor.java:run(146)) - JvmPauseMonitor-c24408fe-1592-40af-8b37-8bb032baf3c2: Started
2024-01-08 22:36:00,508 [c24408fe-1592-40af-8b37-8bb032baf3c2-EndpointStateMachineTaskThread-/0.0.0.0:15091-0 ] INFO  ratis.XceiverServerRatis (XceiverServerRatis.java:getRealPort(575)) - XceiverServerRatis c24408fe-1592-40af-8b37-8bb032baf3c2 is started using port 15174 for RATIS_ADMIN
2024-01-08 22:36:00,508 [c24408fe-1592-40af-8b37-8bb032baf3c2-EndpointStateMachineTaskThread-/0.0.0.0:15091-0 ] INFO  ratis.XceiverServerRatis (XceiverServerRatis.java:getRealPort(575)) - XceiverServerRatis c24408fe-1592-40af-8b37-8bb032baf3c2 is started using port 15175 for RATIS_SERVER
2024-01-08 22:36:00,508 [c24408fe-1592-40af-8b37-8bb032baf3c2-EndpointStateMachineTaskThread-/0.0.0.0:15091-0 ] INFO  ratis.XceiverServerRatis (XceiverServerRatis.java:getRealPort(575)) - XceiverServerRatis c24408fe-1592-40af-8b37-8bb032baf3c2 is started using port 15176 for RATIS_DATASTREAM
2024-01-08 22:36:00,509 [c24408fe-1592-40af-8b37-8bb032baf3c2-BlockDeletingService#0] INFO  interfaces.ContainerDeletionChoosingPolicyTemplate (ContainerDeletionChoosingPolicyTemplate.java:chooseContainerForBlockDeletion(85)) - Chosen 0/5000 blocks from 0 candidate containers.
2024-01-08 22:36:01,483 [main] INFO  ozone.MiniOzoneClusterImpl (MiniOzoneClusterImpl.java:lambda$waitForClusterToBeReady$0(230)) - Waiting for nodes to be ready. Got 0 of 9 DN Heartbeats.
2024-01-08 22:36:01,483 [main] INFO  ozone.MiniOzoneClusterImpl (MiniOzoneClusterImpl.java:lambda$waitForClusterToBeReady$0(233)) - Waiting for cluster to exit safe mode
2024-01-08 22:36:01,483 [main] INFO  ozone.MiniOzoneClusterImpl (MiniOzoneClusterImpl.java:lambda$waitForClusterToBeReady$0(235)) - SCM became leader
2024-01-08 22:36:01,654 [IPC Server handler 5 on default port 15091] INFO  net.NetworkTopologyImpl (NetworkTopologyImpl.java:add(124)) - Added a new node: /default-rack/67cb853c-2ca0-42d6-9769-2750435db4d1
2024-01-08 22:36:01,654 [IPC Server handler 5 on default port 15091] INFO  node.SCMNodeManager (SCMNodeManager.java:register(417)) - Registered datanode: 67cb853c-2ca0-42d6-9769-2750435db4d1{ip: 10.1.0.16, host: fv-az1425-465, ports: [HTTP=15098, CLIENT_RPC=15099, REPLICATION=15105, RATIS=15101, RATIS_ADMIN=15102, RATIS_SERVER=15103, RATIS_DATASTREAM=15104, STANDALONE=15100], networkLocation: /default-rack, certSerialId: null, persistedOpState: null, persistedOpStateExpiryEpochSec: 0}
2024-01-08 22:36:01,656 [EventQueue-NewNodeForNewNodeHandler] INFO  pipeline.BackgroundPipelineCreator (BackgroundPipelineCreator.java:notifyEventTriggered(280)) - trigger a one-shot run on RatisPipelineUtilsThread.
2024-01-08 22:36:01,656 [EventQueue-NodeRegistrationContainerReportForContainerSafeModeRule] INFO  safemode.SCMSafeModeManager (SCMSafeModeManager.java:validateSafeModeExitRules(200)) - ContainerSafeModeRule rule is successfully validated
2024-01-08 22:36:01,656 [EventQueue-NodeRegistrationContainerReportForDataNodeSafeModeRule] INFO  safemode.SCMSafeModeManager (DataNodeSafeModeRule.java:process(71)) - SCM in safe mode. 1 DataNodes registered, 3 required.
2024-01-08 22:36:01,657 [EventQueue-PipelineReportForOneReplicaPipelineSafeModeRule] INFO  safemode.SCMSafeModeManager (SCMSafeModeManager.java:validateSafeModeExitRules(200)) - AtleastOneDatanodeReportedRule rule is successfully validated
2024-01-08 22:36:01,656 [RatisPipelineUtilsThread-0] INFO  pipeline.RatisPipelineProvider (RatisPipelineProvider.java:lambda$create$0(206)) - Sending CreatePipelineCommand for pipeline:PipelineID=2d4814b6-faa6-40de-9a9c-08a221428b3a to datanode:67cb853c-2ca0-42d6-9769-2750435db4d1
2024-01-08 22:36:01,658 [RatisPipelineUtilsThread-0] INFO  pipeline.BackgroundPipelineCreator (BackgroundPipelineCreator.java:createPipelines(236)) - Created new pipeline Pipeline[ Id: 2d4814b6-faa6-40de-9a9c-08a221428b3a, Nodes: 67cb853c-2ca0-42d6-9769-2750435db4d1(fv-az1425-465/10.1.0.16), ReplicationConfig: RATIS/ONE, State:ALLOCATED, leaderId:, CreationTimestamp2024-01-08T22:36:01.656Z[Etc/UTC]]
2024-01-08 22:36:01,752 [IPC Server handler 6 on default port 15091] INFO  net.NetworkTopologyImpl (NetworkTopologyImpl.java:add(124)) - Added a new node: /default-rack/5cfc645b-31c2-46a6-b96a-3988b9b23202
2024-01-08 22:36:01,753 [IPC Server handler 6 on default port 15091] INFO  node.SCMNodeManager (SCMNodeManager.java:register(417)) - Registered datanode: 5cfc645b-31c2-46a6-b96a-3988b9b23202{ip: 10.1.0.16, host: fv-az1425-465, ports: [HTTP=15107, CLIENT_RPC=15108, REPLICATION=15114, RATIS=15110, RATIS_ADMIN=15111, RATIS_SERVER=15112, RATIS_DATASTREAM=15113, STANDALONE=15109], networkLocation: /default-rack, certSerialId: null, persistedOpState: null, persistedOpStateExpiryEpochSec: 0}
2024-01-08 22:36:01,754 [EventQueue-NewNodeForNewNodeHandler] INFO  pipeline.BackgroundPipelineCreator (BackgroundPipelineCreator.java:notifyEventTriggered(280)) - trigger a one-shot run on RatisPipelineUtilsThread.
2024-01-08 22:36:01,754 [EventQueue-NodeRegistrationContainerReportForDataNodeSafeModeRule] INFO  safemode.SCMSafeModeManager (DataNodeSafeModeRule.java:process(71)) - SCM in safe mode. 2 DataNodes registered, 3 required.
2024-01-08 22:36:01,754 [RatisPipelineUtilsThread-0] INFO  pipeline.RatisPipelineProvider (RatisPipelineProvider.java:lambda$create$0(206)) - Sending CreatePipelineCommand for pipeline:PipelineID=e1eb2bef-f5ce-4d05-a8a9-0b3be78f0f58 to datanode:5cfc645b-31c2-46a6-b96a-3988b9b23202
2024-01-08 22:36:01,754 [RatisPipelineUtilsThread-0] INFO  pipeline.BackgroundPipelineCreator (BackgroundPipelineCreator.java:createPipelines(236)) - Created new pipeline Pipeline[ Id: e1eb2bef-f5ce-4d05-a8a9-0b3be78f0f58, Nodes: 5cfc645b-31c2-46a6-b96a-3988b9b23202(fv-az1425-465/10.1.0.16), ReplicationConfig: RATIS/ONE, State:ALLOCATED, leaderId:, CreationTimestamp2024-01-08T22:36:01.754Z[Etc/UTC]]
2024-01-08 22:36:01,864 [IPC Server handler 7 on default port 15091] INFO  net.NetworkTopologyImpl (NetworkTopologyImpl.java:add(124)) - Added a new node: /default-rack/211b11ed-ffba-4cc3-86ed-a5910ca02ca2
2024-01-08 22:36:01,865 [IPC Server handler 7 on default port 15091] INFO  node.SCMNodeManager (SCMNodeManager.java:register(417)) - Registered datanode: 211b11ed-ffba-4cc3-86ed-a5910ca02ca2{ip: 10.1.0.16, host: fv-az1425-465, ports: [HTTP=15116, CLIENT_RPC=15117, REPLICATION=15123, RATIS=15119, RATIS_ADMIN=15120, RATIS_SERVER=15121, RATIS_DATASTREAM=15122, STANDALONE=15118], networkLocation: /default-rack, certSerialId: null, persistedOpState: null, persistedOpStateExpiryEpochSec: 0}
2024-01-08 22:36:01,865 [EventQueue-NewNodeForNewNodeHandler] INFO  pipeline.BackgroundPipelineCreator (BackgroundPipelineCreator.java:notifyEventTriggered(280)) - trigger a one-shot run on RatisPipelineUtilsThread.
2024-01-08 22:36:01,865 [RatisPipelineUtilsThread-0] INFO  pipeline.RatisPipelineProvider (RatisPipelineProvider.java:lambda$create$0(206)) - Sending CreatePipelineCommand for pipeline:PipelineID=9a986f1c-9e7a-4874-aa48-b06642465bb2 to datanode:211b11ed-ffba-4cc3-86ed-a5910ca02ca2
2024-01-08 22:36:01,865 [EventQueue-NodeRegistrationContainerReportForDataNodeSafeModeRule] INFO  safemode.SCMSafeModeManager (DataNodeSafeModeRule.java:process(71)) - SCM in safe mode. 3 DataNodes registered, 3 required.
2024-01-08 22:36:01,865 [EventQueue-NodeRegistrationContainerReportForDataNodeSafeModeRule] INFO  safemode.SCMSafeModeManager (SCMSafeModeManager.java:validateSafeModeExitRules(200)) - DataNodeSafeModeRule rule is successfully validated
2024-01-08 22:36:01,865 [EventQueue-NodeRegistrationContainerReportForDataNodeSafeModeRule] INFO  safemode.SCMSafeModeManager (SCMSafeModeManager.java:completePreCheck(229)) - All SCM safe mode pre check rules have passed
2024-01-08 22:36:01,865 [EventQueue-NodeRegistrationContainerReportForDataNodeSafeModeRule] INFO  ha.SCMContext (SCMContext.java:updateSafeModeStatus(230)) - Update SafeModeStatus from SafeModeStatus{safeModeStatus=true, preCheckPassed=false} to SafeModeStatus{safeModeStatus=true, preCheckPassed=true}.
2024-01-08 22:36:01,865 [EventQueue-NodeRegistrationContainerReportForDataNodeSafeModeRule] INFO  pipeline.BackgroundPipelineCreator (BackgroundPipelineCreator.java:notifyEventTriggered(280)) - trigger a one-shot run on RatisPipelineUtilsThread.
2024-01-08 22:36:01,866 [RatisPipelineUtilsThread-0] INFO  pipeline.BackgroundPipelineCreator (BackgroundPipelineCreator.java:createPipelines(236)) - Created new pipeline Pipeline[ Id: 9a986f1c-9e7a-4874-aa48-b06642465bb2, Nodes: 211b11ed-ffba-4cc3-86ed-a5910ca02ca2(fv-az1425-465/10.1.0.16), ReplicationConfig: RATIS/ONE, State:ALLOCATED, leaderId:, CreationTimestamp2024-01-08T22:36:01.865Z[Etc/UTC]]
2024-01-08 22:36:01,866 [RatisPipelineUtilsThread-0] INFO  pipeline.RatisPipelineProvider (RatisPipelineProvider.java:lambda$create$0(206)) - Sending CreatePipelineCommand for pipeline:PipelineID=b1907f3a-9032-43d0-afaf-3b110f06a4f5 to datanode:67cb853c-2ca0-42d6-9769-2750435db4d1
2024-01-08 22:36:01,866 [RatisPipelineUtilsThread-0] INFO  pipeline.RatisPipelineProvider (RatisPipelineProvider.java:lambda$create$0(206)) - Sending CreatePipelineCommand for pipeline:PipelineID=b1907f3a-9032-43d0-afaf-3b110f06a4f5 to datanode:211b11ed-ffba-4cc3-86ed-a5910ca02ca2
2024-01-08 22:36:01,866 [RatisPipelineUtilsThread-0] INFO  pipeline.RatisPipelineProvider (RatisPipelineProvider.java:lambda$create$0(206)) - Sending CreatePipelineCommand for pipeline:PipelineID=b1907f3a-9032-43d0-afaf-3b110f06a4f5 to datanode:5cfc645b-31c2-46a6-b96a-3988b9b23202
2024-01-08 22:36:01,867 [RatisPipelineUtilsThread-0] INFO  pipeline.BackgroundPipelineCreator (BackgroundPipelineCreator.java:createPipelines(236)) - Created new pipeline Pipeline[ Id: b1907f3a-9032-43d0-afaf-3b110f06a4f5, Nodes: 67cb853c-2ca0-42d6-9769-2750435db4d1(fv-az1425-465/10.1.0.16)211b11ed-ffba-4cc3-86ed-a5910ca02ca2(fv-az1425-465/10.1.0.16)5cfc645b-31c2-46a6-b96a-3988b9b23202(fv-az1425-465/10.1.0.16), ReplicationConfig: RATIS/THREE, State:ALLOCATED, leaderId:, CreationTimestamp2024-01-08T22:36:01.866Z[Etc/UTC]]
2024-01-08 22:36:01,995 [IPC Server handler 8 on default port 15091] INFO  net.NetworkTopologyImpl (NetworkTopologyImpl.java:add(124)) - Added a new node: /default-rack/35d8dfab-9865-4f4a-9db1-8dbffdda00db
2024-01-08 22:36:01,996 [IPC Server handler 8 on default port 15091] INFO  node.SCMNodeManager (SCMNodeManager.java:register(417)) - Registered datanode: 35d8dfab-9865-4f4a-9db1-8dbffdda00db{ip: 10.1.0.16, host: fv-az1425-465, ports: [HTTP=15125, CLIENT_RPC=15126, REPLICATION=15132, RATIS=15128, RATIS_ADMIN=15129, RATIS_SERVER=15130, RATIS_DATASTREAM=15131, STANDALONE=15127], networkLocation: /default-rack, certSerialId: null, persistedOpState: null, persistedOpStateExpiryEpochSec: 0}
2024-01-08 22:36:01,996 [EventQueue-NewNodeForNewNodeHandler] INFO  pipeline.BackgroundPipelineCreator (BackgroundPipelineCreator.java:notifyEventTriggered(280)) - trigger a one-shot run on RatisPipelineUtilsThread.
2024-01-08 22:36:01,996 [RatisPipelineUtilsThread-0] INFO  pipeline.RatisPipelineProvider (RatisPipelineProvider.java:lambda$create$0(206)) - Sending CreatePipelineCommand for pipeline:PipelineID=8bdbc08c-2786-41ee-b58c-ad53b6dae95c to datanode:35d8dfab-9865-4f4a-9db1-8dbffdda00db
2024-01-08 22:36:01,997 [RatisPipelineUtilsThread-0] INFO  pipeline.BackgroundPipelineCreator (BackgroundPipelineCreator.java:createPipelines(236)) - Created new pipeline Pipeline[ Id: 8bdbc08c-2786-41ee-b58c-ad53b6dae95c, Nodes: 35d8dfab-9865-4f4a-9db1-8dbffdda00db(fv-az1425-465/10.1.0.16), ReplicationConfig: RATIS/ONE, State:ALLOCATED, leaderId:, CreationTimestamp2024-01-08T22:36:01.996Z[Etc/UTC]]
2024-01-08 22:36:02,088 [IPC Server handler 0 on default port 15091] INFO  net.NetworkTopologyImpl (NetworkTopologyImpl.java:add(124)) - Added a new node: /default-rack/cd56667c-d7fb-411e-a881-3bd7f4030648
2024-01-08 22:36:02,088 [IPC Server handler 0 on default port 15091] INFO  node.SCMNodeManager (SCMNodeManager.java:register(417)) - Registered datanode: cd56667c-d7fb-411e-a881-3bd7f4030648{ip: 10.1.0.16, host: fv-az1425-465, ports: [HTTP=15134, CLIENT_RPC=15135, REPLICATION=15141, RATIS=15137, RATIS_ADMIN=15138, RATIS_SERVER=15139, RATIS_DATASTREAM=15140, STANDALONE=15136], networkLocation: /default-rack, certSerialId: null, persistedOpState: null, persistedOpStateExpiryEpochSec: 0}
2024-01-08 22:36:02,088 [EventQueue-NewNodeForNewNodeHandler] INFO  pipeline.BackgroundPipelineCreator (BackgroundPipelineCreator.java:notifyEventTriggered(280)) - trigger a one-shot run on RatisPipelineUtilsThread.
2024-01-08 22:36:02,089 [RatisPipelineUtilsThread-0] INFO  pipeline.RatisPipelineProvider (RatisPipelineProvider.java:lambda$create$0(206)) - Sending CreatePipelineCommand for pipeline:PipelineID=acf35ee3-b790-40fa-9ee8-173761989789 to datanode:cd56667c-d7fb-411e-a881-3bd7f4030648
2024-01-08 22:36:02,089 [RatisPipelineUtilsThread-0] INFO  pipeline.BackgroundPipelineCreator (BackgroundPipelineCreator.java:createPipelines(236)) - Created new pipeline Pipeline[ Id: acf35ee3-b790-40fa-9ee8-173761989789, Nodes: cd56667c-d7fb-411e-a881-3bd7f4030648(fv-az1425-465/10.1.0.16), ReplicationConfig: RATIS/ONE, State:ALLOCATED, leaderId:, CreationTimestamp2024-01-08T22:36:02.089Z[Etc/UTC]]
2024-01-08 22:36:02,194 [IPC Server handler 2 on default port 15091] INFO  net.NetworkTopologyImpl (NetworkTopologyImpl.java:add(124)) - Added a new node: /default-rack/5d8f7830-f6d4-4ac5-95d9-573f6638b6da
2024-01-08 22:36:02,194 [IPC Server handler 2 on default port 15091] INFO  node.SCMNodeManager (SCMNodeManager.java:register(417)) - Registered datanode: 5d8f7830-f6d4-4ac5-95d9-573f6638b6da{ip: 10.1.0.16, host: fv-az1425-465, ports: [HTTP=15143, CLIENT_RPC=15144, REPLICATION=15150, RATIS=15146, RATIS_ADMIN=15147, RATIS_SERVER=15148, RATIS_DATASTREAM=15149, STANDALONE=15145], networkLocation: /default-rack, certSerialId: null, persistedOpState: null, persistedOpStateExpiryEpochSec: 0}
2024-01-08 22:36:02,194 [EventQueue-NewNodeForNewNodeHandler] INFO  pipeline.BackgroundPipelineCreator (BackgroundPipelineCreator.java:notifyEventTriggered(280)) - trigger a one-shot run on RatisPipelineUtilsThread.
2024-01-08 22:36:02,195 [RatisPipelineUtilsThread-0] INFO  pipeline.RatisPipelineProvider (RatisPipelineProvider.java:lambda$create$0(206)) - Sending CreatePipelineCommand for pipeline:PipelineID=e4545de1-0345-4c63-8204-d91180384d0c to datanode:5d8f7830-f6d4-4ac5-95d9-573f6638b6da
2024-01-08 22:36:02,196 [RatisPipelineUtilsThread-0] INFO  pipeline.BackgroundPipelineCreator (BackgroundPipelineCreator.java:createPipelines(236)) - Created new pipeline Pipeline[ Id: e4545de1-0345-4c63-8204-d91180384d0c, Nodes: 5d8f7830-f6d4-4ac5-95d9-573f6638b6da(fv-az1425-465/10.1.0.16), ReplicationConfig: RATIS/ONE, State:ALLOCATED, leaderId:, CreationTimestamp2024-01-08T22:36:02.195Z[Etc/UTC]]
2024-01-08 22:36:02,196 [RatisPipelineUtilsThread-0] INFO  pipeline.RatisPipelineProvider (RatisPipelineProvider.java:lambda$create$0(206)) - Sending CreatePipelineCommand for pipeline:PipelineID=7ad15f7c-0983-47c9-b79c-9c533cfc459d to datanode:5d8f7830-f6d4-4ac5-95d9-573f6638b6da
2024-01-08 22:36:02,196 [RatisPipelineUtilsThread-0] INFO  pipeline.RatisPipelineProvider (RatisPipelineProvider.java:lambda$create$0(206)) - Sending CreatePipelineCommand for pipeline:PipelineID=7ad15f7c-0983-47c9-b79c-9c533cfc459d to datanode:35d8dfab-9865-4f4a-9db1-8dbffdda00db
2024-01-08 22:36:02,196 [RatisPipelineUtilsThread-0] INFO  pipeline.RatisPipelineProvider (RatisPipelineProvider.java:lambda$create$0(206)) - Sending CreatePipelineCommand for pipeline:PipelineID=7ad15f7c-0983-47c9-b79c-9c533cfc459d to datanode:cd56667c-d7fb-411e-a881-3bd7f4030648
2024-01-08 22:36:02,197 [RatisPipelineUtilsThread-0] INFO  pipeline.BackgroundPipelineCreator (BackgroundPipelineCreator.java:createPipelines(236)) - Created new pipeline Pipeline[ Id: 7ad15f7c-0983-47c9-b79c-9c533cfc459d, Nodes: 5d8f7830-f6d4-4ac5-95d9-573f6638b6da(fv-az1425-465/10.1.0.16)35d8dfab-9865-4f4a-9db1-8dbffdda00db(fv-az1425-465/10.1.0.16)cd56667c-d7fb-411e-a881-3bd7f4030648(fv-az1425-465/10.1.0.16), ReplicationConfig: RATIS/THREE, State:ALLOCATED, leaderId:, CreationTimestamp2024-01-08T22:36:02.196Z[Etc/UTC]]
2024-01-08 22:36:02,286 [IPC Server handler 1 on default port 15091] INFO  net.NetworkTopologyImpl (NetworkTopologyImpl.java:add(124)) - Added a new node: /default-rack/ae8e2c12-abd7-4753-9c27-64723a930f37
2024-01-08 22:36:02,286 [IPC Server handler 1 on default port 15091] INFO  node.SCMNodeManager (SCMNodeManager.java:register(417)) - Registered datanode: ae8e2c12-abd7-4753-9c27-64723a930f37{ip: 10.1.0.16, host: fv-az1425-465, ports: [HTTP=15152, CLIENT_RPC=15153, REPLICATION=15159, RATIS=15155, RATIS_ADMIN=15156, RATIS_SERVER=15157, RATIS_DATASTREAM=15158, STANDALONE=15154], networkLocation: /default-rack, certSerialId: null, persistedOpState: null, persistedOpStateExpiryEpochSec: 0}
2024-01-08 22:36:02,286 [EventQueue-NewNodeForNewNodeHandler] INFO  pipeline.BackgroundPipelineCreator (BackgroundPipelineCreator.java:notifyEventTriggered(280)) - trigger a one-shot run on RatisPipelineUtilsThread.
2024-01-08 22:36:02,287 [RatisPipelineUtilsThread-0] INFO  pipeline.RatisPipelineProvider (RatisPipelineProvider.java:lambda$create$0(206)) - Sending CreatePipelineCommand for pipeline:PipelineID=cfc8dcdd-eafb-4ee1-9c95-f5b3f84d9fb5 to datanode:ae8e2c12-abd7-4753-9c27-64723a930f37
2024-01-08 22:36:02,287 [RatisPipelineUtilsThread-0] INFO  pipeline.BackgroundPipelineCreator (BackgroundPipelineCreator.java:createPipelines(236)) - Created new pipeline Pipeline[ Id: cfc8dcdd-eafb-4ee1-9c95-f5b3f84d9fb5, Nodes: ae8e2c12-abd7-4753-9c27-64723a930f37(fv-az1425-465/10.1.0.16), ReplicationConfig: RATIS/ONE, State:ALLOCATED, leaderId:, CreationTimestamp2024-01-08T22:36:02.287Z[Etc/UTC]]
2024-01-08 22:36:02,395 [IPC Server handler 3 on default port 15091] INFO  net.NetworkTopologyImpl (NetworkTopologyImpl.java:add(124)) - Added a new node: /default-rack/34273466-0570-47f7-a015-e29b814fc208
2024-01-08 22:36:02,396 [IPC Server handler 3 on default port 15091] INFO  node.SCMNodeManager (SCMNodeManager.java:register(417)) - Registered datanode: 34273466-0570-47f7-a015-e29b814fc208{ip: 10.1.0.16, host: fv-az1425-465, ports: [HTTP=15161, CLIENT_RPC=15162, REPLICATION=15168, RATIS=15164, RATIS_ADMIN=15165, RATIS_SERVER=15166, RATIS_DATASTREAM=15167, STANDALONE=15163], networkLocation: /default-rack, certSerialId: null, persistedOpState: null, persistedOpStateExpiryEpochSec: 0}
2024-01-08 22:36:02,396 [EventQueue-NewNodeForNewNodeHandler] INFO  pipeline.BackgroundPipelineCreator (BackgroundPipelineCreator.java:notifyEventTriggered(280)) - trigger a one-shot run on RatisPipelineUtilsThread.
2024-01-08 22:36:02,396 [RatisPipelineUtilsThread-0] INFO  pipeline.RatisPipelineProvider (RatisPipelineProvider.java:lambda$create$0(206)) - Sending CreatePipelineCommand for pipeline:PipelineID=73a4929e-9623-493a-bef3-f5999de2e330 to datanode:34273466-0570-47f7-a015-e29b814fc208
2024-01-08 22:36:02,397 [RatisPipelineUtilsThread-0] INFO  pipeline.BackgroundPipelineCreator (BackgroundPipelineCreator.java:createPipelines(236)) - Created new pipeline Pipeline[ Id: 73a4929e-9623-493a-bef3-f5999de2e330, Nodes: 34273466-0570-47f7-a015-e29b814fc208(fv-az1425-465/10.1.0.16), ReplicationConfig: RATIS/ONE, State:ALLOCATED, leaderId:, CreationTimestamp2024-01-08T22:36:02.396Z[Etc/UTC]]
2024-01-08 22:36:02,482 [IPC Server handler 4 on default port 15091] INFO  net.NetworkTopologyImpl (NetworkTopologyImpl.java:add(124)) - Added a new node: /default-rack/c24408fe-1592-40af-8b37-8bb032baf3c2
2024-01-08 22:36:02,483 [IPC Server handler 4 on default port 15091] INFO  node.SCMNodeManager (SCMNodeManager.java:register(417)) - Registered datanode: c24408fe-1592-40af-8b37-8bb032baf3c2{ip: 10.1.0.16, host: fv-az1425-465, ports: [HTTP=15170, CLIENT_RPC=15171, REPLICATION=15177, RATIS=15173, RATIS_ADMIN=15174, RATIS_SERVER=15175, RATIS_DATASTREAM=15176, STANDALONE=15172], networkLocation: /default-rack, certSerialId: null, persistedOpState: null, persistedOpStateExpiryEpochSec: 0}
2024-01-08 22:36:02,483 [EventQueue-NewNodeForNewNodeHandler] INFO  pipeline.BackgroundPipelineCreator (BackgroundPipelineCreator.java:notifyEventTriggered(280)) - trigger a one-shot run on RatisPipelineUtilsThread.
2024-01-08 22:36:02,484 [main] INFO  ozone.MiniOzoneClusterImpl (MiniOzoneClusterImpl.java:lambda$waitForClusterToBeReady$0(230)) - Nodes are ready. Got 9 of 9 DN Heartbeats.
2024-01-08 22:36:02,484 [main] INFO  ozone.MiniOzoneClusterImpl (MiniOzoneClusterImpl.java:lambda$waitForClusterToBeReady$0(233)) - Waiting for cluster to exit safe mode
2024-01-08 22:36:02,484 [main] INFO  ozone.MiniOzoneClusterImpl (MiniOzoneClusterImpl.java:lambda$waitForClusterToBeReady$0(235)) - SCM became leader
2024-01-08 22:36:02,484 [RatisPipelineUtilsThread-0] INFO  pipeline.RatisPipelineProvider (RatisPipelineProvider.java:lambda$create$0(206)) - Sending CreatePipelineCommand for pipeline:PipelineID=aa2604d6-ccf9-4c5a-8295-62c27a937668 to datanode:c24408fe-1592-40af-8b37-8bb032baf3c2
2024-01-08 22:36:02,485 [RatisPipelineUtilsThread-0] INFO  pipeline.BackgroundPipelineCreator (BackgroundPipelineCreator.java:createPipelines(236)) - Created new pipeline Pipeline[ Id: aa2604d6-ccf9-4c5a-8295-62c27a937668, Nodes: c24408fe-1592-40af-8b37-8bb032baf3c2(fv-az1425-465/10.1.0.16), ReplicationConfig: RATIS/ONE, State:ALLOCATED, leaderId:, CreationTimestamp2024-01-08T22:36:02.484Z[Etc/UTC]]
2024-01-08 22:36:02,485 [RatisPipelineUtilsThread-0] INFO  pipeline.RatisPipelineProvider (RatisPipelineProvider.java:lambda$create$0(206)) - Sending CreatePipelineCommand for pipeline:PipelineID=d4edd10d-5659-417d-995a-a7b46883a997 to datanode:c24408fe-1592-40af-8b37-8bb032baf3c2
2024-01-08 22:36:02,485 [RatisPipelineUtilsThread-0] INFO  pipeline.RatisPipelineProvider (RatisPipelineProvider.java:lambda$create$0(206)) - Sending CreatePipelineCommand for pipeline:PipelineID=d4edd10d-5659-417d-995a-a7b46883a997 to datanode:34273466-0570-47f7-a015-e29b814fc208
2024-01-08 22:36:02,485 [RatisPipelineUtilsThread-0] INFO  pipeline.RatisPipelineProvider (RatisPipelineProvider.java:lambda$create$0(206)) - Sending CreatePipelineCommand for pipeline:PipelineID=d4edd10d-5659-417d-995a-a7b46883a997 to datanode:ae8e2c12-abd7-4753-9c27-64723a930f37
2024-01-08 22:36:02,486 [RatisPipelineUtilsThread-0] INFO  pipeline.BackgroundPipelineCreator (BackgroundPipelineCreator.java:createPipelines(236)) - Created new pipeline Pipeline[ Id: d4edd10d-5659-417d-995a-a7b46883a997, Nodes: c24408fe-1592-40af-8b37-8bb032baf3c2(fv-az1425-465/10.1.0.16)34273466-0570-47f7-a015-e29b814fc208(fv-az1425-465/10.1.0.16)ae8e2c12-abd7-4753-9c27-64723a930f37(fv-az1425-465/10.1.0.16), ReplicationConfig: RATIS/THREE, State:ALLOCATED, leaderId:, CreationTimestamp2024-01-08T22:36:02.485Z[Etc/UTC]]
2024-01-08 22:36:03,484 [main] INFO  ozone.MiniOzoneClusterImpl (MiniOzoneClusterImpl.java:lambda$waitForClusterToBeReady$0(230)) - Nodes are ready. Got 9 of 9 DN Heartbeats.
2024-01-08 22:36:03,485 [main] INFO  ozone.MiniOzoneClusterImpl (MiniOzoneClusterImpl.java:lambda$waitForClusterToBeReady$0(233)) - Waiting for cluster to exit safe mode
2024-01-08 22:36:03,485 [main] INFO  ozone.MiniOzoneClusterImpl (MiniOzoneClusterImpl.java:lambda$waitForClusterToBeReady$0(235)) - SCM became leader
2024-01-08 22:36:04,485 [main] INFO  ozone.MiniOzoneClusterImpl (MiniOzoneClusterImpl.java:lambda$waitForClusterToBeReady$0(230)) - Nodes are ready. Got 9 of 9 DN Heartbeats.
2024-01-08 22:36:04,485 [main] INFO  ozone.MiniOzoneClusterImpl (MiniOzoneClusterImpl.java:lambda$waitForClusterToBeReady$0(233)) - Waiting for cluster to exit safe mode
2024-01-08 22:36:04,485 [main] INFO  ozone.MiniOzoneClusterImpl (MiniOzoneClusterImpl.java:lambda$waitForClusterToBeReady$0(235)) - SCM became leader
2024-01-08 22:36:04,654 [67cb853c-2ca0-42d6-9769-2750435db4d1-PipelineCommandHandlerThread-0] INFO  server.RaftServer (RaftServerProxy.java:addNew(100)) - 67cb853c-2ca0-42d6-9769-2750435db4d1: addNew group-08A221428B3A:[67cb853c-2ca0-42d6-9769-2750435db4d1|10.1.0.16:15103] returns group-08A221428B3A:java.util.concurrent.CompletableFuture@12e683d1[Not completed]
2024-01-08 22:36:04,655 [67cb853c-2ca0-42d6-9769-2750435db4d1-groupManagement] INFO  server.RaftServer$Division (RaftServerImpl.java:<init>(256)) - 67cb853c-2ca0-42d6-9769-2750435db4d1: new RaftServerImpl for group-08A221428B3A:[67cb853c-2ca0-42d6-9769-2750435db4d1|10.1.0.16:15103] with ContainerStateMachine:uninitialized
2024-01-08 22:36:04,655 [67cb853c-2ca0-42d6-9769-2750435db4d1-groupManagement] INFO  server.RaftServerConfigKeys (ConfUtils.java:logGet(46)) - raft.server.rpc.timeout.min = 5s (custom)
2024-01-08 22:36:04,655 [67cb853c-2ca0-42d6-9769-2750435db4d1-groupManagement] INFO  server.RaftServerConfigKeys (ConfUtils.java:logGet(46)) - raft.server.rpc.timeout.max = 5200ms (custom)
2024-01-08 22:36:04,655 [67cb853c-2ca0-42d6-9769-2750435db4d1-groupManagement] INFO  server.RaftServerConfigKeys (ConfUtils.java:logGet(46)) - raft.server.rpc.sleep.time = 25ms (default)
2024-01-08 22:36:04,655 [67cb853c-2ca0-42d6-9769-2750435db4d1-groupManagement] INFO  server.RaftServerConfigKeys (ConfUtils.java:logGet(46)) - raft.server.rpc.slowness.timeout = 300000ms (custom)
2024-01-08 22:36:04,655 [67cb853c-2ca0-42d6-9769-2750435db4d1-groupManagement] INFO  server.RaftServerConfigKeys (ConfUtils.java:logGet(46)) - raft.server.leaderelection.leader.step-down.wait-time = 10s (default)
2024-01-08 22:36:04,655 [67cb853c-2ca0-42d6-9769-2750435db4d1-groupManagement] INFO  server.RaftServerConfigKeys (ConfUtils.java:logGet(46)) - raft.server.leaderelection.member.majority-add = false (default)
2024-01-08 22:36:04,655 [67cb853c-2ca0-42d6-9769-2750435db4d1-groupManagement] INFO  server.RaftServerConfigKeys (ConfUtils.java:logGet(46)) - raft.server.sleep.deviation.threshold = 300ms (default)
2024-01-08 22:36:04,655 [67cb853c-2ca0-42d6-9769-2750435db4d1-groupManagement] INFO  server.RaftServer$Division (ServerState.java:<init>(113)) - 67cb853c-2ca0-42d6-9769-2750435db4d1@group-08A221428B3A: ConfigurationManager, init=-1: peers:[67cb853c-2ca0-42d6-9769-2750435db4d1|10.1.0.16:15103]|listeners:[], old=null, confs=<EMPTY_MAP>
2024-01-08 22:36:04,655 [67cb853c-2ca0-42d6-9769-2750435db4d1-groupManagement] INFO  server.RaftServerConfigKeys (ConfUtils.java:logGet(46)) - raft.server.notification.no-leader.timeout = 300000ms (custom)
2024-01-08 22:36:04,655 [67cb853c-2ca0-42d6-9769-2750435db4d1-groupManagement] INFO  server.RaftServerConfigKeys (ConfUtils.java:logGet(46)) - raft.server.read.timeout = 10s (default)
2024-01-08 22:36:04,656 [67cb853c-2ca0-42d6-9769-2750435db4d1-groupManagement] INFO  server.RaftServerConfigKeys (ConfUtils.java:logGet(46)) - raft.server.retrycache.expirytime = 600000ms (custom)
2024-01-08 22:36:04,656 [67cb853c-2ca0-42d6-9769-2750435db4d1-groupManagement] INFO  server.RaftServerConfigKeys (ConfUtils.java:logGet(46)) - raft.server.retrycache.statistics.expirytime = 100ms (default)
2024-01-08 22:36:04,656 [67cb853c-2ca0-42d6-9769-2750435db4d1-groupManagement] INFO  server.RaftServerConfigKeys (ConfUtils.java:logGet(46)) - raft.server.read.option = DEFAULT (default)
2024-01-08 22:36:04,656 [67cb853c-2ca0-42d6-9769-2750435db4d1-groupManagement] INFO  server.RaftServerConfigKeys (ConfUtils.java:logGet(46)) - raft.server.read.read-after-write-consistent.write-index-cache.expiry-time = 60s (default)
2024-01-08 22:36:04,658 [67cb853c-2ca0-42d6-9769-2750435db4d1-groupManagement] INFO  server.RaftServerConfigKeys (ConfUtils.java:logGet(46)) - raft.server.rpc.request.timeout = 3000ms (default)
2024-01-08 22:36:04,658 [67cb853c-2ca0-42d6-9769-2750435db4d1-groupManagement] INFO  server.RaftServerConfigKeys (ConfUtils.java:logGet(46)) - raft.server.log.appender.install.snapshot.enabled = false (custom)
2024-01-08 22:36:04,658 [67cb853c-2ca0-42d6-9769-2750435db4d1-groupManagement] INFO  server.RaftServerConfigKeys (ConfUtils.java:logGet(46)) - raft.server.threadpool.server.cached = true (default)
2024-01-08 22:36:04,658 [67cb853c-2ca0-42d6-9769-2750435db4d1-groupManagement] INFO  server.RaftServerConfigKeys (ConfUtils.java:logGet(46)) - raft.server.threadpool.server.size = 0 (default)
2024-01-08 22:36:04,658 [67cb853c-2ca0-42d6-9769-2750435db4d1-groupManagement] INFO  server.RaftServerConfigKeys (ConfUtils.java:logGet(46)) - raft.server.threadpool.client.cached = true (default)
2024-01-08 22:36:04,658 [67cb853c-2ca0-42d6-9769-2750435db4d1-groupManagement] INFO  server.RaftServerConfigKeys (ConfUtils.java:logGet(46)) - raft.server.threadpool.client.size = 0 (default)
2024-01-08 22:36:04,658 [67cb853c-2ca0-42d6-9769-2750435db4d1-groupManagement] INFO  server.RaftServerConfigKeys (ConfUtils.java:logGet(46)) - raft.server.storage.free-space.min = 0MB (=0) (default)
2024-01-08 22:36:04,659 [67cb853c-2ca0-42d6-9769-2750435db4d1-groupManagement] INFO  server.RaftServerConfigKeys (ConfUtils.java:logGet(46)) - raft.server.log.corruption.policy = EXCEPTION (default)
2024-01-08 22:36:04,659 [67cb853c-2ca0-42d6-9769-2750435db4d1-groupManagement] INFO  server.RaftServerConfigKeys (ConfUtils.java:logGet(46)) - raft.server.storage.dir = [/home/runner/work/ozone/ozone/hadoop-ozone/integration-test/target/test-dir/MiniOzoneClusterImpl-25d1905f-b767-404d-84bf-be0dd4c89112/datanode-0/data/ratis] (custom)
2024-01-08 22:36:04,659 [67cb853c-2ca0-42d6-9769-2750435db4d1-groupManagement] INFO  storage.RaftStorageDirectory (RaftStorageDirectoryImpl.java:analyzeStorage(138)) - The storage directory /home/runner/work/ozone/ozone/hadoop-ozone/integration-test/target/test-dir/MiniOzoneClusterImpl-25d1905f-b767-404d-84bf-be0dd4c89112/datanode-0/data/ratis/2d4814b6-faa6-40de-9a9c-08a221428b3a does not exist. Creating ...
2024-01-08 22:36:04,660 [67cb853c-2ca0-42d6-9769-2750435db4d1-groupManagement] INFO  storage.RaftStorageDirectory (RaftStorageDirectoryImpl.java:tryLock(232)) - Lock on /home/runner/work/ozone/ozone/hadoop-ozone/integration-test/target/test-dir/MiniOzoneClusterImpl-25d1905f-b767-404d-84bf-be0dd4c89112/datanode-0/data/ratis/2d4814b6-faa6-40de-9a9c-08a221428b3a/in_use.lock acquired by nodename 83643@fv-az1425-465
2024-01-08 22:36:04,661 [67cb853c-2ca0-42d6-9769-2750435db4d1-groupManagement] INFO  storage.RaftStorage (RaftStorageImpl.java:format(97)) - Storage directory /home/runner/work/ozone/ozone/hadoop-ozone/integration-test/target/test-dir/MiniOzoneClusterImpl-25d1905f-b767-404d-84bf-be0dd4c89112/datanode-0/data/ratis/2d4814b6-faa6-40de-9a9c-08a221428b3a has been successfully formatted.
2024-01-08 22:36:04,662 [67cb853c-2ca0-42d6-9769-2750435db4d1-groupManagement] INFO  ratis.ContainerStateMachine (ContainerStateMachine.java:loadSnapshot(287)) - group-08A221428B3A: The snapshot info is null. Setting the last applied index to:(t:0, i:~)
2024-01-08 22:36:04,662 [67cb853c-2ca0-42d6-9769-2750435db4d1-groupManagement] INFO  server.RaftServerConfigKeys (ConfUtils.java:logGet(46)) - raft.server.log.use.memory = false (default)
2024-01-08 22:36:04,662 [67cb853c-2ca0-42d6-9769-2750435db4d1-groupManagement] INFO  server.RaftServerConfigKeys (ConfUtils.java:logGet(46)) - raft.server.log.purge.gap = 1000000 (custom)
2024-01-08 22:36:04,662 [67cb853c-2ca0-42d6-9769-2750435db4d1-groupManagement] INFO  server.RaftServerConfigKeys (ConfUtils.java:logGet(46)) - raft.server.log.appender.buffer.byte-limit = 8388608 (custom)
2024-01-08 22:36:04,662 [67cb853c-2ca0-42d6-9769-2750435db4d1-groupManagement] INFO  server.RaftServerConfigKeys (ConfUtils.java:logGet(46)) - raft.server.log.statemachine.data.read.timeout = 1000ms (default)
2024-01-08 22:36:04,662 [67cb853c-2ca0-42d6-9769-2750435db4d1-groupManagement] INFO  server.RaftServerConfigKeys (ConfUtils.java:logGet(46)) - raft.server.log.purge.preservation.log.num = 0 (default)
2024-01-08 22:36:04,663 [EventQueue-PipelineReportForPipelineReportHandler] INFO  pipeline.PipelineReportHandler (PipelineReportHandler.java:processPipelineReport(136)) - Opened pipeline PipelineID=2d4814b6-faa6-40de-9a9c-08a221428b3a
2024-01-08 22:36:04,664 [EventQueue-OpenPipelineForHealthyPipelineSafeModeRule] INFO  safemode.SCMSafeModeManager (HealthyPipelineSafeModeRule.java:process(140)) - SCM in safe mode. Healthy pipelines reported count is 0, required healthy pipeline reported count is 1
2024-01-08 22:36:04,665 [67cb853c-2ca0-42d6-9769-2750435db4d1-groupManagement] INFO  server.RaftServerConfigKeys (ConfUtils.java:logGet(46)) - raft.server.log.segment.size.max = 67108864 (custom)
2024-01-08 22:36:04,665 [67cb853c-2ca0-42d6-9769-2750435db4d1-groupManagement] INFO  server.RaftServerConfigKeys (ConfUtils.java:logGet(46)) - raft.server.log.segment.cache.num.max = 2 (custom)
2024-01-08 22:36:04,665 [67cb853c-2ca0-42d6-9769-2750435db4d1-groupManagement] INFO  server.RaftServerConfigKeys (ConfUtils.java:logGet(46)) - raft.server.log.segment.cache.size.max = 200MB (=209715200) (default)
2024-01-08 22:36:04,665 [67cb853c-2ca0-42d6-9769-2750435db4d1-groupManagement] INFO  server.RaftServerConfigKeys (ConfUtils.java:logGet(46)) - raft.server.log.appender.buffer.byte-limit = 8388608 (custom)
2024-01-08 22:36:04,665 [67cb853c-2ca0-42d6-9769-2750435db4d1-groupManagement] INFO  util.AwaitToRun (AwaitToRun.java:start(81)) - Thread[67cb853c-2ca0-42d6-9769-2750435db4d1@group-08A221428B3A-cacheEviction-AwaitToRun,5,main] started
2024-01-08 22:36:04,665 [67cb853c-2ca0-42d6-9769-2750435db4d1-groupManagement] INFO  segmented.SegmentedRaftLogWorker (SegmentedRaftLogWorker.java:<init>(184)) - new 67cb853c-2ca0-42d6-9769-2750435db4d1@group-08A221428B3A-SegmentedRaftLogWorker for RaftStorageImpl:Storage Directory /home/runner/work/ozone/ozone/hadoop-ozone/integration-test/target/test-dir/MiniOzoneClusterImpl-25d1905f-b767-404d-84bf-be0dd4c89112/datanode-0/data/ratis/2d4814b6-faa6-40de-9a9c-08a221428b3a
2024-01-08 22:36:04,665 [67cb853c-2ca0-42d6-9769-2750435db4d1-groupManagement] INFO  server.RaftServerConfigKeys (ConfUtils.java:logGet(46)) - raft.server.log.queue.byte-limit = 4294967296 (custom)
2024-01-08 22:36:04,665 [67cb853c-2ca0-42d6-9769-2750435db4d1-groupManagement] INFO  server.RaftServerConfigKeys (ConfUtils.java:logGet(46)) - raft.server.log.queue.element-limit = 1024 (custom)
2024-01-08 22:36:04,665 [67cb853c-2ca0-42d6-9769-2750435db4d1-groupManagement] INFO  server.RaftServerConfigKeys (ConfUtils.java:logGet(46)) - raft.server.log.segment.size.max = 67108864 (custom)
2024-01-08 22:36:04,666 [67cb853c-2ca0-42d6-9769-2750435db4d1-groupManagement] INFO  server.RaftServerConfigKeys (ConfUtils.java:logGet(46)) - raft.server.log.preallocated.size = 4194304 (custom)
2024-01-08 22:36:04,666 [67cb853c-2ca0-42d6-9769-2750435db4d1-groupManagement] INFO  server.RaftServerConfigKeys (ConfUtils.java:logGet(46)) - raft.server.log.force.sync.num = 128 (default)
2024-01-08 22:36:04,666 [67cb853c-2ca0-42d6-9769-2750435db4d1-groupManagement] INFO  server.RaftServerConfigKeys (ConfUtils.java:logGet(46)) - raft.server.log.statemachine.data.sync = true (default)
2024-01-08 22:36:04,666 [67cb853c-2ca0-42d6-9769-2750435db4d1-groupManagement] INFO  server.RaftServerConfigKeys (ConfUtils.java:logGet(46)) - raft.server.log.statemachine.data.sync.timeout = 10s (default)
2024-01-08 22:36:04,666 [67cb853c-2ca0-42d6-9769-2750435db4d1-groupManagement] INFO  server.RaftServerConfigKeys (ConfUtils.java:logGet(46)) - raft.server.log.statemachine.data.sync.timeout.retry = 0 (custom)
2024-01-08 22:36:04,666 [67cb853c-2ca0-42d6-9769-2750435db4d1-groupManagement] INFO  server.RaftServerConfigKeys (ConfUtils.java:logGet(46)) - raft.server.log.write.buffer.size = 8388616 (custom)
2024-01-08 22:36:04,668 [67cb853c-2ca0-42d6-9769-2750435db4d1-groupManagement] INFO  server.RaftServerConfigKeys (ConfUtils.java:logGet(46)) - raft.server.log.appender.buffer.byte-limit = 8388608 (custom)
2024-01-08 22:36:04,668 [67cb853c-2ca0-42d6-9769-2750435db4d1-groupManagement] INFO  server.RaftServerConfigKeys (ConfUtils.java:logGet(46)) - raft.server.log.unsafe-flush.enabled = false (default)
2024-01-08 22:36:04,668 [67cb853c-2ca0-42d6-9769-2750435db4d1-groupManagement] INFO  server.RaftServerConfigKeys (ConfUtils.java:logGet(46)) - raft.server.log.async-flush.enabled = false (default)
2024-01-08 22:36:04,668 [67cb853c-2ca0-42d6-9769-2750435db4d1-groupManagement] INFO  server.RaftServerConfigKeys (ConfUtils.java:logGet(46)) - raft.server.log.statemachine.data.caching.enabled = true (custom)
2024-01-08 22:36:04,669 [67cb853c-2ca0-42d6-9769-2750435db4d1-groupManagement] INFO  segmented.SegmentedRaftLogWorker (SegmentedRaftLogWorker.java:lambda$new$0(135)) - 67cb853c-2ca0-42d6-9769-2750435db4d1@group-08A221428B3A-SegmentedRaftLogWorker: flushIndex: setUnconditionally 0 -> -1
2024-01-08 22:36:04,669 [67cb853c-2ca0-42d6-9769-2750435db4d1-groupManagement] INFO  segmented.SegmentedRaftLogWorker (SegmentedRaftLogWorker.java:lambda$new$0(135)) - 67cb853c-2ca0-42d6-9769-2750435db4d1@group-08A221428B3A-SegmentedRaftLogWorker: safeCacheEvictIndex: setUnconditionally 0 -> -1
2024-01-08 22:36:04,669 [67cb853c-2ca0-42d6-9769-2750435db4d1-groupManagement] INFO  server.RaftServer$Division (RaftServerImpl.java:start(392)) - 67cb853c-2ca0-42d6-9769-2750435db4d1@group-08A221428B3A: start as a follower, conf=-1: peers:[67cb853c-2ca0-42d6-9769-2750435db4d1|10.1.0.16:15103]|listeners:[], old=null
2024-01-08 22:36:04,669 [67cb853c-2ca0-42d6-9769-2750435db4d1-groupManagement] INFO  server.RaftServer$Division (RaftServerImpl.java:setRole(379)) - 67cb853c-2ca0-42d6-9769-2750435db4d1@group-08A221428B3A: changes role from      null to FOLLOWER at term 0 for startAsFollower
2024-01-08 22:36:04,669 [67cb853c-2ca0-42d6-9769-2750435db4d1-groupManagement] INFO  impl.RoleInfo (RoleInfo.java:updateAndGet(139)) - 67cb853c-2ca0-42d6-9769-2750435db4d1: start 67cb853c-2ca0-42d6-9769-2750435db4d1@group-08A221428B3A-FollowerState
2024-01-08 22:36:04,669 [67cb853c-2ca0-42d6-9769-2750435db4d1-groupManagement] INFO  util.JmxRegister (JmxRegister.java:tryRegister(44)) - Successfully registered JMX Bean with object name Ratis:service=RaftServer,group=group-08A221428B3A,id=67cb853c-2ca0-42d6-9769-2750435db4d1
2024-01-08 22:36:04,669 [67cb853c-2ca0-42d6-9769-2750435db4d1@group-08A221428B3A-FollowerState] INFO  server.RaftServerConfigKeys (ConfUtils.java:logFallback(53)) - raft.server.rpc.first-election.timeout.min = 5s (fallback to raft.server.rpc.timeout.min)
2024-01-08 22:36:04,669 [67cb853c-2ca0-42d6-9769-2750435db4d1-groupManagement] INFO  server.RaftServerConfigKeys (ConfUtils.java:logGet(46)) - raft.server.snapshot.trigger-when-stop.enabled = true (default)
2024-01-08 22:36:04,669 [67cb853c-2ca0-42d6-9769-2750435db4d1@group-08A221428B3A-FollowerState] INFO  server.RaftServerConfigKeys (ConfUtils.java:logFallback(53)) - raft.server.rpc.first-election.timeout.max = 5200ms (fallback to raft.server.rpc.timeout.max)
2024-01-08 22:36:04,669 [67cb853c-2ca0-42d6-9769-2750435db4d1-groupManagement] INFO  server.RaftServerConfigKeys (ConfUtils.java:logGet(46)) - raft.server.snapshot.auto.trigger.enabled = true (custom)
2024-01-08 22:36:04,670 [67cb853c-2ca0-42d6-9769-2750435db4d1-groupManagement] INFO  server.RaftServerConfigKeys (ConfUtils.java:logGet(46)) - raft.server.snapshot.auto.trigger.threshold = 10000 (custom)
2024-01-08 22:36:04,670 [67cb853c-2ca0-42d6-9769-2750435db4d1-groupManagement] INFO  server.RaftServerConfigKeys (ConfUtils.java:logGet(46)) - raft.server.snapshot.retention.file.num = 5 (custom)
2024-01-08 22:36:04,670 [67cb853c-2ca0-42d6-9769-2750435db4d1-groupManagement] INFO  server.RaftServerConfigKeys (ConfUtils.java:logGet(46)) - raft.server.log.purge.upto.snapshot.index = false (default)
2024-01-08 22:36:04,670 [67cb853c-2ca0-42d6-9769-2750435db4d1-PipelineCommandHandlerThread-0] INFO  ratis.XceiverServerRatis (XceiverServerRatis.java:addGroup(842)) - Created group PipelineID=2d4814b6-faa6-40de-9a9c-08a221428b3a
2024-01-08 22:36:04,670 [67cb853c-2ca0-42d6-9769-2750435db4d1-PipelineCommandHandlerThread-0] INFO  commandhandler.CreatePipelineCommandHandler (CreatePipelineCommandHandler.java:lambda$handle$2(124)) - Created Pipeline RATIS ONE PipelineID=2d4814b6-faa6-40de-9a9c-08a221428b3a.
2024-01-08 22:36:04,671 [67cb853c-2ca0-42d6-9769-2750435db4d1-PipelineCommandHandlerThread-0] INFO  server.RaftServer (RaftServerProxy.java:addNew(100)) - 67cb853c-2ca0-42d6-9769-2750435db4d1: addNew group-3B110F06A4F5:[5cfc645b-31c2-46a6-b96a-3988b9b23202|10.1.0.16:15112, 67cb853c-2ca0-42d6-9769-2750435db4d1|10.1.0.16:15103, 211b11ed-ffba-4cc3-86ed-a5910ca02ca2|10.1.0.16:15121] returns group-3B110F06A4F5:java.util.concurrent.CompletableFuture@16d90555[Not completed]
2024-01-08 22:36:04,671 [67cb853c-2ca0-42d6-9769-2750435db4d1-groupManagement] INFO  server.RaftServer$Division (RaftServerImpl.java:<init>(256)) - 67cb853c-2ca0-42d6-9769-2750435db4d1: new RaftServerImpl for group-3B110F06A4F5:[5cfc645b-31c2-46a6-b96a-3988b9b23202|10.1.0.16:15112, 67cb853c-2ca0-42d6-9769-2750435db4d1|10.1.0.16:15103, 211b11ed-ffba-4cc3-86ed-a5910ca02ca2|10.1.0.16:15121] with ContainerStateMachine:uninitialized
2024-01-08 22:36:04,671 [67cb853c-2ca0-42d6-9769-2750435db4d1-groupManagement] INFO  server.RaftServerConfigKeys (ConfUtils.java:logGet(46)) - raft.server.rpc.timeout.min = 5s (custom)
2024-01-08 22:36:04,672 [67cb853c-2ca0-42d6-9769-2750435db4d1-groupManagement] INFO  server.RaftServerConfigKeys (ConfUtils.java:logGet(46)) - raft.server.rpc.timeout.max = 5200ms (custom)
2024-01-08 22:36:04,672 [67cb853c-2ca0-42d6-9769-2750435db4d1-groupManagement] INFO  server.RaftServerConfigKeys (ConfUtils.java:logGet(46)) - raft.server.rpc.sleep.time = 25ms (default)
2024-01-08 22:36:04,672 [67cb853c-2ca0-42d6-9769-2750435db4d1-groupManagement] INFO  server.RaftServerConfigKeys (ConfUtils.java:logGet(46)) - raft.server.rpc.slowness.timeout = 300000ms (custom)
2024-01-08 22:36:04,672 [67cb853c-2ca0-42d6-9769-2750435db4d1-groupManagement] INFO  server.RaftServerConfigKeys (ConfUtils.java:logGet(46)) - raft.server.leaderelection.leader.step-down.wait-time = 10s (default)
2024-01-08 22:36:04,672 [67cb853c-2ca0-42d6-9769-2750435db4d1-groupManagement] INFO  server.RaftServerConfigKeys (ConfUtils.java:logGet(46)) - raft.server.leaderelection.member.majority-add = false (default)
2024-01-08 22:36:04,672 [67cb853c-2ca0-42d6-9769-2750435db4d1-groupManagement] INFO  server.RaftServerConfigKeys (ConfUtils.java:logGet(46)) - raft.server.sleep.deviation.threshold = 300ms (default)
2024-01-08 22:36:04,672 [67cb853c-2ca0-42d6-9769-2750435db4d1-groupManagement] INFO  server.RaftServer$Division (ServerState.java:<init>(113)) - 67cb853c-2ca0-42d6-9769-2750435db4d1@group-3B110F06A4F5: ConfigurationManager, init=-1: peers:[5cfc645b-31c2-46a6-b96a-3988b9b23202|10.1.0.16:15112, 67cb853c-2ca0-42d6-9769-2750435db4d1|10.1.0.16:15103, 211b11ed-ffba-4cc3-86ed-a5910ca02ca2|10.1.0.16:15121]|listeners:[], old=null, confs=<EMPTY_MAP>
2024-01-08 22:36:04,672 [67cb853c-2ca0-42d6-9769-2750435db4d1-groupManagement] INFO  server.RaftServerConfigKeys (ConfUtils.java:logGet(46)) - raft.server.notification.no-leader.timeout = 300000ms (custom)
2024-01-08 22:36:04,672 [67cb853c-2ca0-42d6-9769-2750435db4d1-groupManagement] INFO  server.RaftServerConfigKeys (ConfUtils.java:logGet(46)) - raft.server.read.timeout = 10s (default)
2024-01-08 22:36:04,672 [67cb853c-2ca0-42d6-9769-2750435db4d1-groupManagement] INFO  server.RaftServerConfigKeys (ConfUtils.java:logGet(46)) - raft.server.retrycache.expirytime = 600000ms (custom)
2024-01-08 22:36:04,672 [67cb853c-2ca0-42d6-9769-2750435db4d1-groupManagement] INFO  server.RaftServerConfigKeys (ConfUtils.java:logGet(46)) - raft.server.retrycache.statistics.expirytime = 100ms (default)
2024-01-08 22:36:04,672 [67cb853c-2ca0-42d6-9769-2750435db4d1-groupManagement] INFO  server.RaftServerConfigKeys (ConfUtils.java:logGet(46)) - raft.server.read.option = DEFAULT (default)
2024-01-08 22:36:04,672 [67cb853c-2ca0-42d6-9769-2750435db4d1-groupManagement] INFO  server.RaftServerConfigKeys (ConfUtils.java:logGet(46)) - raft.server.read.read-after-write-consistent.write-index-cache.expiry-time = 60s (default)
2024-01-08 22:36:04,675 [67cb853c-2ca0-42d6-9769-2750435db4d1-groupManagement] INFO  server.RaftServerConfigKeys (ConfUtils.java:logGet(46)) - raft.server.rpc.request.timeout = 3000ms (default)
2024-01-08 22:36:04,675 [67cb853c-2ca0-42d6-9769-2750435db4d1-groupManagement] INFO  server.RaftServerConfigKeys (ConfUtils.java:logGet(46)) - raft.server.log.appender.install.snapshot.enabled = false (custom)
2024-01-08 22:36:04,675 [67cb853c-2ca0-42d6-9769-2750435db4d1-groupManagement] INFO  server.RaftServerConfigKeys (ConfUtils.java:logGet(46)) - raft.server.threadpool.server.cached = true (default)
2024-01-08 22:36:04,675 [67cb853c-2ca0-42d6-9769-2750435db4d1-groupManagement] INFO  server.RaftServerConfigKeys (ConfUtils.java:logGet(46)) - raft.server.threadpool.server.size = 0 (default)
2024-01-08 22:36:04,675 [67cb853c-2ca0-42d6-9769-2750435db4d1-groupManagement] INFO  server.RaftServerConfigKeys (ConfUtils.java:logGet(46)) - raft.server.threadpool.client.cached = true (default)
2024-01-08 22:36:04,675 [67cb853c-2ca0-42d6-9769-2750435db4d1-groupManagement] INFO  server.RaftServerConfigKeys (ConfUtils.java:logGet(46)) - raft.server.threadpool.client.size = 0 (default)
2024-01-08 22:36:04,675 [67cb853c-2ca0-42d6-9769-2750435db4d1-groupManagement] INFO  server.RaftServerConfigKeys (ConfUtils.java:logGet(46)) - raft.server.storage.free-space.min = 0MB (=0) (default)
2024-01-08 22:36:04,675 [67cb853c-2ca0-42d6-9769-2750435db4d1-groupManagement] INFO  server.RaftServerConfigKeys (ConfUtils.java:logGet(46)) - raft.server.log.corruption.policy = EXCEPTION (default)
2024-01-08 22:36:04,675 [67cb853c-2ca0-42d6-9769-2750435db4d1-groupManagement] INFO  server.RaftServerConfigKeys (ConfUtils.java:logGet(46)) - raft.server.storage.dir = [/home/runner/work/ozone/ozone/hadoop-ozone/integration-test/target/test-dir/MiniOzoneClusterImpl-25d1905f-b767-404d-84bf-be0dd4c89112/datanode-0/data/ratis] (custom)
2024-01-08 22:36:04,676 [67cb853c-2ca0-42d6-9769-2750435db4d1-groupManagement] INFO  storage.RaftStorageDirectory (RaftStorageDirectoryImpl.java:analyzeStorage(138)) - The storage directory /home/runner/work/ozone/ozone/hadoop-ozone/integration-test/target/test-dir/MiniOzoneClusterImpl-25d1905f-b767-404d-84bf-be0dd4c89112/datanode-0/data/ratis/b1907f3a-9032-43d0-afaf-3b110f06a4f5 does not exist. Creating ...
2024-01-08 22:36:04,676 [67cb853c-2ca0-42d6-9769-2750435db4d1-groupManagement] INFO  storage.RaftStorageDirectory (RaftStorageDirectoryImpl.java:tryLock(232)) - Lock on /home/runner/work/ozone/ozone/hadoop-ozone/integration-test/target/test-dir/MiniOzoneClusterImpl-25d1905f-b767-404d-84bf-be0dd4c89112/datanode-0/data/ratis/b1907f3a-9032-43d0-afaf-3b110f06a4f5/in_use.lock acquired by nodename 83643@fv-az1425-465
2024-01-08 22:36:04,677 [67cb853c-2ca0-42d6-9769-2750435db4d1-groupManagement] INFO  storage.RaftStorage (RaftStorageImpl.java:format(97)) - Storage directory /home/runner/work/ozone/ozone/hadoop-ozone/integration-test/target/test-dir/MiniOzoneClusterImpl-25d1905f-b767-404d-84bf-be0dd4c89112/datanode-0/data/ratis/b1907f3a-9032-43d0-afaf-3b110f06a4f5 has been successfully formatted.
2024-01-08 22:36:04,678 [67cb853c-2ca0-42d6-9769-2750435db4d1-groupManagement] INFO  ratis.ContainerStateMachine (ContainerStateMachine.java:loadSnapshot(287)) - group-3B110F06A4F5: The snapshot info is null. Setting the last applied index to:(t:0, i:~)
2024-01-08 22:36:04,678 [67cb853c-2ca0-42d6-9769-2750435db4d1-groupManagement] INFO  server.RaftServerConfigKeys (ConfUtils.java:logGet(46)) - raft.server.log.use.memory = false (default)
2024-01-08 22:36:04,678 [67cb853c-2ca0-42d6-9769-2750435db4d1-groupManagement] INFO  server.RaftServerConfigKeys (ConfUtils.java:logGet(46)) - raft.server.log.purge.gap = 1000000 (custom)
2024-01-08 22:36:04,678 [67cb853c-2ca0-42d6-9769-2750435db4d1-groupManagement] INFO  server.RaftServerConfigKeys (ConfUtils.java:logGet(46)) - raft.server.log.appender.buffer.byte-limit = 8388608 (custom)
2024-01-08 22:36:04,678 [67cb853c-2ca0-42d6-9769-2750435db4d1-groupManagement] INFO  server.RaftServerConfigKeys (ConfUtils.java:logGet(46)) - raft.server.log.statemachine.data.read.timeout = 1000ms (default)
2024-01-08 22:36:04,678 [67cb853c-2ca0-42d6-9769-2750435db4d1-groupManagement] INFO  server.RaftServerConfigKeys (ConfUtils.java:logGet(46)) - raft.server.log.purge.preservation.log.num = 0 (default)
2024-01-08 22:36:04,680 [67cb853c-2ca0-42d6-9769-2750435db4d1-groupManagement] INFO  server.RaftServerConfigKeys (ConfUtils.java:logGet(46)) - raft.server.log.segment.size.max = 67108864 (custom)
2024-01-08 22:36:04,680 [67cb853c-2ca0-42d6-9769-2750435db4d1-groupManagement] INFO  server.RaftServerConfigKeys (ConfUtils.java:logGet(46)) - raft.server.log.segment.cache.num.max = 2 (custom)
2024-01-08 22:36:04,680 [67cb853c-2ca0-42d6-9769-2750435db4d1-groupManagement] INFO  server.RaftServerConfigKeys (ConfUtils.java:logGet(46)) - raft.server.log.segment.cache.size.max = 200MB (=209715200) (default)
2024-01-08 22:36:04,680 [67cb853c-2ca0-42d6-9769-2750435db4d1-groupManagement] INFO  server.RaftServerConfigKeys (ConfUtils.java:logGet(46)) - raft.server.log.appender.buffer.byte-limit = 8388608 (custom)
2024-01-08 22:36:04,680 [67cb853c-2ca0-42d6-9769-2750435db4d1-groupManagement] INFO  util.AwaitToRun (AwaitToRun.java:start(81)) - Thread[67cb853c-2ca0-42d6-9769-2750435db4d1@group-3B110F06A4F5-cacheEviction-AwaitToRun,5,main] started
2024-01-08 22:36:04,680 [67cb853c-2ca0-42d6-9769-2750435db4d1-groupManagement] INFO  segmented.SegmentedRaftLogWorker (SegmentedRaftLogWorker.java:<init>(184)) - new 67cb853c-2ca0-42d6-9769-2750435db4d1@group-3B110F06A4F5-SegmentedRaftLogWorker for RaftStorageImpl:Storage Directory /home/runner/work/ozone/ozone/hadoop-ozone/integration-test/target/test-dir/MiniOzoneClusterImpl-25d1905f-b767-404d-84bf-be0dd4c89112/datanode-0/data/ratis/b1907f3a-9032-43d0-afaf-3b110f06a4f5
2024-01-08 22:36:04,680 [67cb853c-2ca0-42d6-9769-2750435db4d1-groupManagement] INFO  server.RaftServerConfigKeys (ConfUtils.java:logGet(46)) - raft.server.log.queue.byte-limit = 4294967296 (custom)
2024-01-08 22:36:04,681 [67cb853c-2ca0-42d6-9769-2750435db4d1-groupManagement] INFO  server.RaftServerConfigKeys (ConfUtils.java:logGet(46)) - raft.server.log.queue.element-limit = 1024 (custom)
2024-01-08 22:36:04,681 [67cb853c-2ca0-42d6-9769-2750435db4d1-groupManagement] INFO  server.RaftServerConfigKeys (ConfUtils.java:logGet(46)) - raft.server.log.segment.size.max = 67108864 (custom)
2024-01-08 22:36:04,681 [67cb853c-2ca0-42d6-9769-2750435db4d1-groupManagement] INFO  server.RaftServerConfigKeys (ConfUtils.java:logGet(46)) - raft.server.log.preallocated.size = 4194304 (custom)
2024-01-08 22:36:04,681 [67cb853c-2ca0-42d6-9769-2750435db4d1-groupManagement] INFO  server.RaftServerConfigKeys (ConfUtils.java:logGet(46)) - raft.server.log.force.sync.num = 128 (default)
2024-01-08 22:36:04,681 [67cb853c-2ca0-42d6-9769-2750435db4d1-groupManagement] INFO  server.RaftServerConfigKeys (ConfUtils.java:logGet(46)) - raft.server.log.statemachine.data.sync = true (default)
2024-01-08 22:36:04,681 [67cb853c-2ca0-42d6-9769-2750435db4d1-groupManagement] INFO  server.RaftServerConfigKeys (ConfUtils.java:logGet(46)) - raft.server.log.statemachine.data.sync.timeout = 10s (default)
2024-01-08 22:36:04,681 [67cb853c-2ca0-42d6-9769-2750435db4d1-groupManagement] INFO  server.RaftServerConfigKeys (ConfUtils.java:logGet(46)) - raft.server.log.statemachine.data.sync.timeout.retry = 0 (custom)
2024-01-08 22:36:04,681 [67cb853c-2ca0-42d6-9769-2750435db4d1-groupManagement] INFO  server.RaftServerConfigKeys (ConfUtils.java:logGet(46)) - raft.server.log.write.buffer.size = 8388616 (custom)
2024-01-08 22:36:04,683 [67cb853c-2ca0-42d6-9769-2750435db4d1-groupManagement] INFO  server.RaftServerConfigKeys (ConfUtils.java:logGet(46)) - raft.server.log.appender.buffer.byte-limit = 8388608 (custom)
2024-01-08 22:36:04,684 [67cb853c-2ca0-42d6-9769-2750435db4d1-groupManagement] INFO  server.RaftServerConfigKeys (ConfUtils.java:logGet(46)) - raft.server.log.unsafe-flush.enabled = false (default)
2024-01-08 22:36:04,684 [67cb853c-2ca0-42d6-9769-2750435db4d1-groupManagement] INFO  server.RaftServerConfigKeys (ConfUtils.java:logGet(46)) - raft.server.log.async-flush.enabled = false (default)
2024-01-08 22:36:04,684 [67cb853c-2ca0-42d6-9769-2750435db4d1-groupManagement] INFO  server.RaftServerConfigKeys (ConfUtils.java:logGet(46)) - raft.server.log.statemachine.data.caching.enabled = true (custom)
2024-01-08 22:36:04,684 [67cb853c-2ca0-42d6-9769-2750435db4d1-groupManagement] INFO  segmented.SegmentedRaftLogWorker (SegmentedRaftLogWorker.java:lambda$new$0(135)) - 67cb853c-2ca0-42d6-9769-2750435db4d1@group-3B110F06A4F5-SegmentedRaftLogWorker: flushIndex: setUnconditionally 0 -> -1
2024-01-08 22:36:04,684 [67cb853c-2ca0-42d6-9769-2750435db4d1-groupManagement] INFO  segmented.SegmentedRaftLogWorker (SegmentedRaftLogWorker.java:lambda$new$0(135)) - 67cb853c-2ca0-42d6-9769-2750435db4d1@group-3B110F06A4F5-SegmentedRaftLogWorker: safeCacheEvictIndex: setUnconditionally 0 -> -1
2024-01-08 22:36:04,684 [67cb853c-2ca0-42d6-9769-2750435db4d1-groupManagement] INFO  server.RaftServer$Division (RaftServerImpl.java:start(392)) - 67cb853c-2ca0-42d6-9769-2750435db4d1@group-3B110F06A4F5: start as a follower, conf=-1: peers:[5cfc645b-31c2-46a6-b96a-3988b9b23202|10.1.0.16:15112, 67cb853c-2ca0-42d6-9769-2750435db4d1|10.1.0.16:15103, 211b11ed-ffba-4cc3-86ed-a5910ca02ca2|10.1.0.16:15121]|listeners:[], old=null
2024-01-08 22:36:04,685 [67cb853c-2ca0-42d6-9769-2750435db4d1-groupManagement] INFO  server.RaftServer$Division (RaftServerImpl.java:setRole(379)) - 67cb853c-2ca0-42d6-9769-2750435db4d1@group-3B110F06A4F5: changes role from      null to FOLLOWER at term 0 for startAsFollower
2024-01-08 22:36:04,685 [67cb853c-2ca0-42d6-9769-2750435db4d1-groupManagement] INFO  impl.RoleInfo (RoleInfo.java:updateAndGet(139)) - 67cb853c-2ca0-42d6-9769-2750435db4d1: start 67cb853c-2ca0-42d6-9769-2750435db4d1@group-3B110F06A4F5-FollowerState
2024-01-08 22:36:04,685 [67cb853c-2ca0-42d6-9769-2750435db4d1@group-3B110F06A4F5-FollowerState] INFO  server.RaftServerConfigKeys (ConfUtils.java:logFallback(53)) - raft.server.rpc.first-election.timeout.min = 5s (fallback to raft.server.rpc.timeout.min)
2024-01-08 22:36:04,685 [67cb853c-2ca0-42d6-9769-2750435db4d1@group-3B110F06A4F5-FollowerState] INFO  server.RaftServerConfigKeys (ConfUtils.java:logFallback(53)) - raft.server.rpc.first-election.timeout.max = 5200ms (fallback to raft.server.rpc.timeout.max)
2024-01-08 22:36:04,684 [EventQueue-OpenPipelineForHealthyPipelineSafeModeRule] INFO  safemode.SCMSafeModeManager (HealthyPipelineSafeModeRule.java:process(140)) - SCM in safe mode. Healthy pipelines reported count is 0, required healthy pipeline reported count is 1
2024-01-08 22:36:04,685 [67cb853c-2ca0-42d6-9769-2750435db4d1-groupManagement] INFO  util.JmxRegister (JmxRegister.java:tryRegister(44)) - Successfully registered JMX Bean with object name Ratis:service=RaftServer,group=group-3B110F06A4F5,id=67cb853c-2ca0-42d6-9769-2750435db4d1
2024-01-08 22:36:04,688 [67cb853c-2ca0-42d6-9769-2750435db4d1-groupManagement] INFO  server.RaftServerConfigKeys (ConfUtils.java:logGet(46)) - raft.server.snapshot.trigger-when-stop.enabled = true (default)
2024-01-08 22:36:04,688 [67cb853c-2ca0-42d6-9769-2750435db4d1-groupManagement] INFO  server.RaftServerConfigKeys (ConfUtils.java:logGet(46)) - raft.server.snapshot.auto.trigger.enabled = true (custom)
2024-01-08 22:36:04,688 [67cb853c-2ca0-42d6-9769-2750435db4d1-groupManagement] INFO  server.RaftServerConfigKeys (ConfUtils.java:logGet(46)) - raft.server.snapshot.auto.trigger.threshold = 10000 (custom)
2024-01-08 22:36:04,688 [67cb853c-2ca0-42d6-9769-2750435db4d1-groupManagement] INFO  server.RaftServerConfigKeys (ConfUtils.java:logGet(46)) - raft.server.snapshot.retention.file.num = 5 (custom)
2024-01-08 22:36:04,688 [67cb853c-2ca0-42d6-9769-2750435db4d1-groupManagement] INFO  server.RaftServerConfigKeys (ConfUtils.java:logGet(46)) - raft.server.log.purge.upto.snapshot.index = false (default)
2024-01-08 22:36:04,689 [67cb853c-2ca0-42d6-9769-2750435db4d1-PipelineCommandHandlerThread-0] INFO  ratis.XceiverServerRatis (XceiverServerRatis.java:addGroup(842)) - Created group PipelineID=b1907f3a-9032-43d0-afaf-3b110f06a4f5
2024-01-08 22:36:04,697 [grpc-default-executor-0] INFO  server.RaftServer (RaftServerProxy.java:addNew(100)) - 211b11ed-ffba-4cc3-86ed-a5910ca02ca2: addNew group-3B110F06A4F5:[5cfc645b-31c2-46a6-b96a-3988b9b23202|10.1.0.16:15112, 67cb853c-2ca0-42d6-9769-2750435db4d1|10.1.0.16:15103, 211b11ed-ffba-4cc3-86ed-a5910ca02ca2|10.1.0.16:15121] returns group-3B110F06A4F5:java.util.concurrent.CompletableFuture@3bc2a8dc[Not completed]
2024-01-08 22:36:04,698 [211b11ed-ffba-4cc3-86ed-a5910ca02ca2-groupManagement] INFO  server.RaftServer$Division (RaftServerImpl.java:<init>(256)) - 211b11ed-ffba-4cc3-86ed-a5910ca02ca2: new RaftServerImpl for group-3B110F06A4F5:[5cfc645b-31c2-46a6-b96a-3988b9b23202|10.1.0.16:15112, 67cb853c-2ca0-42d6-9769-2750435db4d1|10.1.0.16:15103, 211b11ed-ffba-4cc3-86ed-a5910ca02ca2|10.1.0.16:15121] with ContainerStateMachine:uninitialized
2024-01-08 22:36:04,698 [211b11ed-ffba-4cc3-86ed-a5910ca02ca2-groupManagement] INFO  server.RaftServerConfigKeys (ConfUtils.java:logGet(46)) - raft.server.rpc.timeout.min = 5s (custom)
2024-01-08 22:36:04,698 [211b11ed-ffba-4cc3-86ed-a5910ca02ca2-groupManagement] INFO  server.RaftServerConfigKeys (ConfUtils.java:logGet(46)) - raft.server.rpc.timeout.max = 5200ms (custom)
2024-01-08 22:36:04,698 [211b11ed-ffba-4cc3-86ed-a5910ca02ca2-groupManagement] INFO  server.RaftServerConfigKeys (ConfUtils.java:logGet(46)) - raft.server.rpc.sleep.time = 25ms (default)
2024-01-08 22:36:04,698 [211b11ed-ffba-4cc3-86ed-a5910ca02ca2-groupManagement] INFO  server.RaftServerConfigKeys (ConfUtils.java:logGet(46)) - raft.server.rpc.slowness.timeout = 300000ms (custom)
2024-01-08 22:36:04,698 [211b11ed-ffba-4cc3-86ed-a5910ca02ca2-groupManagement] INFO  server.RaftServerConfigKeys (ConfUtils.java:logGet(46)) - raft.server.leaderelection.leader.step-down.wait-time = 10s (default)
2024-01-08 22:36:04,699 [211b11ed-ffba-4cc3-86ed-a5910ca02ca2-groupManagement] INFO  server.RaftServerConfigKeys (ConfUtils.java:logGet(46)) - raft.server.leaderelection.member.majority-add = false (default)
2024-01-08 22:36:04,699 [211b11ed-ffba-4cc3-86ed-a5910ca02ca2-groupManagement] INFO  server.RaftServerConfigKeys (ConfUtils.java:logGet(46)) - raft.server.sleep.deviation.threshold = 300ms (default)
2024-01-08 22:36:04,699 [211b11ed-ffba-4cc3-86ed-a5910ca02ca2-groupManagement] INFO  server.RaftServer$Division (ServerState.java:<init>(113)) - 211b11ed-ffba-4cc3-86ed-a5910ca02ca2@group-3B110F06A4F5: ConfigurationManager, init=-1: peers:[5cfc645b-31c2-46a6-b96a-3988b9b23202|10.1.0.16:15112, 67cb853c-2ca0-42d6-9769-2750435db4d1|10.1.0.16:15103, 211b11ed-ffba-4cc3-86ed-a5910ca02ca2|10.1.0.16:15121]|listeners:[], old=null, confs=<EMPTY_MAP>
2024-01-08 22:36:04,699 [211b11ed-ffba-4cc3-86ed-a5910ca02ca2-groupManagement] INFO  server.RaftServerConfigKeys (ConfUtils.java:logGet(46)) - raft.server.notification.no-leader.timeout = 300000ms (custom)
2024-01-08 22:36:04,699 [211b11ed-ffba-4cc3-86ed-a5910ca02ca2-groupManagement] INFO  server.RaftServerConfigKeys (ConfUtils.java:logGet(46)) - raft.server.read.timeout = 10s (default)
2024-01-08 22:36:04,699 [211b11ed-ffba-4cc3-86ed-a5910ca02ca2-groupManagement] INFO  server.RaftServerConfigKeys (ConfUtils.java:logGet(46)) - raft.server.retrycache.expirytime = 600000ms (custom)
2024-01-08 22:36:04,699 [211b11ed-ffba-4cc3-86ed-a5910ca02ca2-groupManagement] INFO  server.RaftServerConfigKeys (ConfUtils.java:logGet(46)) - raft.server.retrycache.statistics.expirytime = 100ms (default)
2024-01-08 22:36:04,699 [211b11ed-ffba-4cc3-86ed-a5910ca02ca2-groupManagement] INFO  server.RaftServerConfigKeys (ConfUtils.java:logGet(46)) - raft.server.read.option = DEFAULT (default)
2024-01-08 22:36:04,699 [211b11ed-ffba-4cc3-86ed-a5910ca02ca2-groupManagement] INFO  server.RaftServerConfigKeys (ConfUtils.java:logGet(46)) - raft.server.read.read-after-write-consistent.write-index-cache.expiry-time = 60s (default)
2024-01-08 22:36:04,701 [211b11ed-ffba-4cc3-86ed-a5910ca02ca2-groupManagement] INFO  server.RaftServerConfigKeys (ConfUtils.java:logGet(46)) - raft.server.rpc.request.timeout = 3000ms (default)
2024-01-08 22:36:04,701 [211b11ed-ffba-4cc3-86ed-a5910ca02ca2-groupManagement] INFO  server.RaftServerConfigKeys (ConfUtils.java:logGet(46)) - raft.server.log.appender.install.snapshot.enabled = false (custom)
2024-01-08 22:36:04,701 [211b11ed-ffba-4cc3-86ed-a5910ca02ca2-groupManagement] INFO  server.RaftServerConfigKeys (ConfUtils.java:logGet(46)) - raft.server.threadpool.server.cached = true (default)
2024-01-08 22:36:04,701 [211b11ed-ffba-4cc3-86ed-a5910ca02ca2-groupManagement] INFO  server.RaftServerConfigKeys (ConfUtils.java:logGet(46)) - raft.server.threadpool.server.size = 0 (default)
2024-01-08 22:36:04,701 [211b11ed-ffba-4cc3-86ed-a5910ca02ca2-groupManagement] INFO  server.RaftServerConfigKeys (ConfUtils.java:logGet(46)) - raft.server.threadpool.client.cached = true (default)
2024-01-08 22:36:04,701 [211b11ed-ffba-4cc3-86ed-a5910ca02ca2-groupManagement] INFO  server.RaftServerConfigKeys (ConfUtils.java:logGet(46)) - raft.server.threadpool.client.size = 0 (default)
2024-01-08 22:36:04,701 [211b11ed-ffba-4cc3-86ed-a5910ca02ca2-groupManagement] INFO  server.RaftServerConfigKeys (ConfUtils.java:logGet(46)) - raft.server.storage.free-space.min = 0MB (=0) (default)
2024-01-08 22:36:04,701 [211b11ed-ffba-4cc3-86ed-a5910ca02ca2-groupManagement] INFO  server.RaftServerConfigKeys (ConfUtils.java:logGet(46)) - raft.server.log.corruption.policy = EXCEPTION (default)
2024-01-08 22:36:04,701 [211b11ed-ffba-4cc3-86ed-a5910ca02ca2-groupManagement] INFO  server.RaftServerConfigKeys (ConfUtils.java:logGet(46)) - raft.server.storage.dir = [/home/runner/work/ozone/ozone/hadoop-ozone/integration-test/target/test-dir/MiniOzoneClusterImpl-25d1905f-b767-404d-84bf-be0dd4c89112/datanode-2/data/ratis] (custom)
2024-01-08 22:36:04,701 [211b11ed-ffba-4cc3-86ed-a5910ca02ca2-groupManagement] INFO  storage.RaftStorageDirectory (RaftStorageDirectoryImpl.java:analyzeStorage(138)) - The storage directory /home/runner/work/ozone/ozone/hadoop-ozone/integration-test/target/test-dir/MiniOzoneClusterImpl-25d1905f-b767-404d-84bf-be0dd4c89112/datanode-2/data/ratis/b1907f3a-9032-43d0-afaf-3b110f06a4f5 does not exist. Creating ...
2024-01-08 22:36:04,702 [211b11ed-ffba-4cc3-86ed-a5910ca02ca2-groupManagement] INFO  storage.RaftStorageDirectory (RaftStorageDirectoryImpl.java:tryLock(232)) - Lock on /home/runner/work/ozone/ozone/hadoop-ozone/integration-test/target/test-dir/MiniOzoneClusterImpl-25d1905f-b767-404d-84bf-be0dd4c89112/datanode-2/data/ratis/b1907f3a-9032-43d0-afaf-3b110f06a4f5/in_use.lock acquired by nodename 83643@fv-az1425-465
2024-01-08 22:36:04,703 [211b11ed-ffba-4cc3-86ed-a5910ca02ca2-groupManagement] INFO  storage.RaftStorage (RaftStorageImpl.java:format(97)) - Storage directory /home/runner/work/ozone/ozone/hadoop-ozone/integration-test/target/test-dir/MiniOzoneClusterImpl-25d1905f-b767-404d-84bf-be0dd4c89112/datanode-2/data/ratis/b1907f3a-9032-43d0-afaf-3b110f06a4f5 has been successfully formatted.
2024-01-08 22:36:04,704 [211b11ed-ffba-4cc3-86ed-a5910ca02ca2-groupManagement] INFO  ratis.ContainerStateMachine (ContainerStateMachine.java:loadSnapshot(287)) - group-3B110F06A4F5: The snapshot info is null. Setting the last applied index to:(t:0, i:~)
2024-01-08 22:36:04,704 [211b11ed-ffba-4cc3-86ed-a5910ca02ca2-groupManagement] INFO  server.RaftServerConfigKeys (ConfUtils.java:logGet(46)) - raft.server.log.use.memory = false (default)
2024-01-08 22:36:04,704 [211b11ed-ffba-4cc3-86ed-a5910ca02ca2-groupManagement] INFO  server.RaftServerConfigKeys (ConfUtils.java:logGet(46)) - raft.server.log.purge.gap = 1000000 (custom)
2024-01-08 22:36:04,704 [211b11ed-ffba-4cc3-86ed-a5910ca02ca2-groupManagement] INFO  server.RaftServerConfigKeys (ConfUtils.java:logGet(46)) - raft.server.log.appender.buffer.byte-limit = 8388608 (custom)
2024-01-08 22:36:04,704 [211b11ed-ffba-4cc3-86ed-a5910ca02ca2-groupManagement] INFO  server.RaftServerConfigKeys (ConfUtils.java:logGet(46)) - raft.server.log.statemachine.data.read.timeout = 1000ms (default)
2024-01-08 22:36:04,705 [211b11ed-ffba-4cc3-86ed-a5910ca02ca2-groupManagement] INFO  server.RaftServerConfigKeys (ConfUtils.java:logGet(46)) - raft.server.log.purge.preservation.log.num = 0 (default)
2024-01-08 22:36:04,706 [211b11ed-ffba-4cc3-86ed-a5910ca02ca2-groupManagement] INFO  server.RaftServerConfigKeys (ConfUtils.java:logGet(46)) - raft.server.log.segment.size.max = 67108864 (custom)
2024-01-08 22:36:04,706 [211b11ed-ffba-4cc3-86ed-a5910ca02ca2-groupManagement] INFO  server.RaftServerConfigKeys (ConfUtils.java:logGet(46)) - raft.server.log.segment.cache.num.max = 2 (custom)
2024-01-08 22:36:04,706 [211b11ed-ffba-4cc3-86ed-a5910ca02ca2-groupManagement] INFO  server.RaftServerConfigKeys (ConfUtils.java:logGet(46)) - raft.server.log.segment.cache.size.max = 200MB (=209715200) (default)
2024-01-08 22:36:04,706 [211b11ed-ffba-4cc3-86ed-a5910ca02ca2-groupManagement] INFO  server.RaftServerConfigKeys (ConfUtils.java:logGet(46)) - raft.server.log.appender.buffer.byte-limit = 8388608 (custom)
2024-01-08 22:36:04,706 [211b11ed-ffba-4cc3-86ed-a5910ca02ca2-groupManagement] INFO  util.AwaitToRun (AwaitToRun.java:start(81)) - Thread[211b11ed-ffba-4cc3-86ed-a5910ca02ca2@group-3B110F06A4F5-cacheEviction-AwaitToRun,5,main] started
2024-01-08 22:36:04,706 [211b11ed-ffba-4cc3-86ed-a5910ca02ca2-groupManagement] INFO  segmented.SegmentedRaftLogWorker (SegmentedRaftLogWorker.java:<init>(184)) - new 211b11ed-ffba-4cc3-86ed-a5910ca02ca2@group-3B110F06A4F5-SegmentedRaftLogWorker for RaftStorageImpl:Storage Directory /home/runner/work/ozone/ozone/hadoop-ozone/integration-test/target/test-dir/MiniOzoneClusterImpl-25d1905f-b767-404d-84bf-be0dd4c89112/datanode-2/data/ratis/b1907f3a-9032-43d0-afaf-3b110f06a4f5
2024-01-08 22:36:04,706 [211b11ed-ffba-4cc3-86ed-a5910ca02ca2-groupManagement] INFO  server.RaftServerConfigKeys (ConfUtils.java:logGet(46)) - raft.server.log.queue.byte-limit = 4294967296 (custom)
2024-01-08 22:36:04,706 [211b11ed-ffba-4cc3-86ed-a5910ca02ca2-groupManagement] INFO  server.RaftServerConfigKeys (ConfUtils.java:logGet(46)) - raft.server.log.queue.element-limit = 1024 (custom)
2024-01-08 22:36:04,706 [211b11ed-ffba-4cc3-86ed-a5910ca02ca2-groupManagement] INFO  server.RaftServerConfigKeys (ConfUtils.java:logGet(46)) - raft.server.log.segment.size.max = 67108864 (custom)
2024-01-08 22:36:04,706 [211b11ed-ffba-4cc3-86ed-a5910ca02ca2-groupManagement] INFO  server.RaftServerConfigKeys (ConfUtils.java:logGet(46)) - raft.server.log.preallocated.size = 4194304 (custom)
2024-01-08 22:36:04,707 [211b11ed-ffba-4cc3-86ed-a5910ca02ca2-groupManagement] INFO  server.RaftServerConfigKeys (ConfUtils.java:logGet(46)) - raft.server.log.force.sync.num = 128 (default)
2024-01-08 22:36:04,707 [211b11ed-ffba-4cc3-86ed-a5910ca02ca2-groupManagement] INFO  server.RaftServerConfigKeys (ConfUtils.java:logGet(46)) - raft.server.log.statemachine.data.sync = true (default)
2024-01-08 22:36:04,707 [211b11ed-ffba-4cc3-86ed-a5910ca02ca2-groupManagement] INFO  server.RaftServerConfigKeys (ConfUtils.java:logGet(46)) - raft.server.log.statemachine.data.sync.timeout = 10s (default)
2024-01-08 22:36:04,707 [211b11ed-ffba-4cc3-86ed-a5910ca02ca2-groupManagement] INFO  server.RaftServerConfigKeys (ConfUtils.java:logGet(46)) - raft.server.log.statemachine.data.sync.timeout.retry = 0 (custom)
2024-01-08 22:36:04,707 [211b11ed-ffba-4cc3-86ed-a5910ca02ca2-groupManagement] INFO  server.RaftServerConfigKeys (ConfUtils.java:logGet(46)) - raft.server.log.write.buffer.size = 8388616 (custom)
2024-01-08 22:36:04,709 [211b11ed-ffba-4cc3-86ed-a5910ca02ca2-groupManagement] INFO  server.RaftServerConfigKeys (ConfUtils.java:logGet(46)) - raft.server.log.appender.buffer.byte-limit = 8388608 (custom)
2024-01-08 22:36:04,709 [211b11ed-ffba-4cc3-86ed-a5910ca02ca2-groupManagement] INFO  server.RaftServerConfigKeys (ConfUtils.java:logGet(46)) - raft.server.log.unsafe-flush.enabled = false (default)
2024-01-08 22:36:04,710 [211b11ed-ffba-4cc3-86ed-a5910ca02ca2-groupManagement] INFO  server.RaftServerConfigKeys (ConfUtils.java:logGet(46)) - raft.server.log.async-flush.enabled = false (default)
2024-01-08 22:36:04,710 [211b11ed-ffba-4cc3-86ed-a5910ca02ca2-groupManagement] INFO  server.RaftServerConfigKeys (ConfUtils.java:logGet(46)) - raft.server.log.statemachine.data.caching.enabled = true (custom)
2024-01-08 22:36:04,710 [211b11ed-ffba-4cc3-86ed-a5910ca02ca2-groupManagement] INFO  segmented.SegmentedRaftLogWorker (SegmentedRaftLogWorker.java:lambda$new$0(135)) - 211b11ed-ffba-4cc3-86ed-a5910ca02ca2@group-3B110F06A4F5-SegmentedRaftLogWorker: flushIndex: setUnconditionally 0 -> -1
2024-01-08 22:36:04,710 [211b11ed-ffba-4cc3-86ed-a5910ca02ca2-groupManagement] INFO  segmented.SegmentedRaftLogWorker (SegmentedRaftLogWorker.java:lambda$new$0(135)) - 211b11ed-ffba-4cc3-86ed-a5910ca02ca2@group-3B110F06A4F5-SegmentedRaftLogWorker: safeCacheEvictIndex: setUnconditionally 0 -> -1
2024-01-08 22:36:04,713 [211b11ed-ffba-4cc3-86ed-a5910ca02ca2-groupManagement] INFO  server.RaftServer$Division (RaftServerImpl.java:start(392)) - 211b11ed-ffba-4cc3-86ed-a5910ca02ca2@group-3B110F06A4F5: start as a follower, conf=-1: peers:[5cfc645b-31c2-46a6-b96a-3988b9b23202|10.1.0.16:15112, 67cb853c-2ca0-42d6-9769-2750435db4d1|10.1.0.16:15103, 211b11ed-ffba-4cc3-86ed-a5910ca02ca2|10.1.0.16:15121]|listeners:[], old=null
2024-01-08 22:36:04,713 [211b11ed-ffba-4cc3-86ed-a5910ca02ca2-groupManagement] INFO  server.RaftServer$Division (RaftServerImpl.java:setRole(379)) - 211b11ed-ffba-4cc3-86ed-a5910ca02ca2@group-3B110F06A4F5: changes role from      null to FOLLOWER at term 0 for startAsFollower
2024-01-08 22:36:04,713 [211b11ed-ffba-4cc3-86ed-a5910ca02ca2-groupManagement] INFO  impl.RoleInfo (RoleInfo.java:updateAndGet(139)) - 211b11ed-ffba-4cc3-86ed-a5910ca02ca2: start 211b11ed-ffba-4cc3-86ed-a5910ca02ca2@group-3B110F06A4F5-FollowerState
2024-01-08 22:36:04,717 [211b11ed-ffba-4cc3-86ed-a5910ca02ca2@group-3B110F06A4F5-FollowerState] INFO  server.RaftServerConfigKeys (ConfUtils.java:logFallback(53)) - raft.server.rpc.first-election.timeout.min = 5s (fallback to raft.server.rpc.timeout.min)
2024-01-08 22:36:04,717 [211b11ed-ffba-4cc3-86ed-a5910ca02ca2-groupManagement] INFO  util.JmxRegister (JmxRegister.java:tryRegister(44)) - Successfully registered JMX Bean with object name Ratis:service=RaftServer,group=group-3B110F06A4F5,id=211b11ed-ffba-4cc3-86ed-a5910ca02ca2
2024-01-08 22:36:04,717 [211b11ed-ffba-4cc3-86ed-a5910ca02ca2-groupManagement] INFO  server.RaftServerConfigKeys (ConfUtils.java:logGet(46)) - raft.server.snapshot.trigger-when-stop.enabled = true (default)
2024-01-08 22:36:04,717 [211b11ed-ffba-4cc3-86ed-a5910ca02ca2-groupManagement] INFO  server.RaftServerConfigKeys (ConfUtils.java:logGet(46)) - raft.server.snapshot.auto.trigger.enabled = true (custom)
2024-01-08 22:36:04,717 [211b11ed-ffba-4cc3-86ed-a5910ca02ca2-groupManagement] INFO  server.RaftServerConfigKeys (ConfUtils.java:logGet(46)) - raft.server.snapshot.auto.trigger.threshold = 10000 (custom)
2024-01-08 22:36:04,717 [211b11ed-ffba-4cc3-86ed-a5910ca02ca2-groupManagement] INFO  server.RaftServerConfigKeys (ConfUtils.java:logGet(46)) - raft.server.snapshot.retention.file.num = 5 (custom)
2024-01-08 22:36:04,717 [211b11ed-ffba-4cc3-86ed-a5910ca02ca2-groupManagement] INFO  server.RaftServerConfigKeys (ConfUtils.java:logGet(46)) - raft.server.log.purge.upto.snapshot.index = false (default)
2024-01-08 22:36:04,717 [211b11ed-ffba-4cc3-86ed-a5910ca02ca2@group-3B110F06A4F5-FollowerState] INFO  server.RaftServerConfigKeys (ConfUtils.java:logFallback(53)) - raft.server.rpc.first-election.timeout.max = 5200ms (fallback to raft.server.rpc.timeout.max)
2024-01-08 22:36:04,731 [grpc-default-executor-0] INFO  server.RaftServer (RaftServerProxy.java:addNew(100)) - 5cfc645b-31c2-46a6-b96a-3988b9b23202: addNew group-3B110F06A4F5:[5cfc645b-31c2-46a6-b96a-3988b9b23202|10.1.0.16:15112, 67cb853c-2ca0-42d6-9769-2750435db4d1|10.1.0.16:15103, 211b11ed-ffba-4cc3-86ed-a5910ca02ca2|10.1.0.16:15121] returns group-3B110F06A4F5:java.util.concurrent.CompletableFuture@14d18bdd[Not completed]
2024-01-08 22:36:04,732 [5cfc645b-31c2-46a6-b96a-3988b9b23202-groupManagement] INFO  server.RaftServer$Division (RaftServerImpl.java:<init>(256)) - 5cfc645b-31c2-46a6-b96a-3988b9b23202: new RaftServerImpl for group-3B110F06A4F5:[5cfc645b-31c2-46a6-b96a-3988b9b23202|10.1.0.16:15112, 67cb853c-2ca0-42d6-9769-2750435db4d1|10.1.0.16:15103, 211b11ed-ffba-4cc3-86ed-a5910ca02ca2|10.1.0.16:15121] with ContainerStateMachine:uninitialized
2024-01-08 22:36:04,732 [5cfc645b-31c2-46a6-b96a-3988b9b23202-groupManagement] INFO  server.RaftServerConfigKeys (ConfUtils.java:logGet(46)) - raft.server.rpc.timeout.min = 5s (custom)
2024-01-08 22:36:04,732 [5cfc645b-31c2-46a6-b96a-3988b9b23202-groupManagement] INFO  server.RaftServerConfigKeys (ConfUtils.java:logGet(46)) - raft.server.rpc.timeout.max = 5200ms (custom)
2024-01-08 22:36:04,732 [5cfc645b-31c2-46a6-b96a-3988b9b23202-groupManagement] INFO  server.RaftServerConfigKeys (ConfUtils.java:logGet(46)) - raft.server.rpc.sleep.time = 25ms (default)
2024-01-08 22:36:04,732 [5cfc645b-31c2-46a6-b96a-3988b9b23202-groupManagement] INFO  server.RaftServerConfigKeys (ConfUtils.java:logGet(46)) - raft.server.rpc.slowness.timeout = 300000ms (custom)
2024-01-08 22:36:04,732 [5cfc645b-31c2-46a6-b96a-3988b9b23202-groupManagement] INFO  server.RaftServerConfigKeys (ConfUtils.java:logGet(46)) - raft.server.leaderelection.leader.step-down.wait-time = 10s (default)
2024-01-08 22:36:04,732 [5cfc645b-31c2-46a6-b96a-3988b9b23202-groupManagement] INFO  server.RaftServerConfigKeys (ConfUtils.java:logGet(46)) - raft.server.leaderelection.member.majority-add = false (default)
2024-01-08 22:36:04,732 [5cfc645b-31c2-46a6-b96a-3988b9b23202-groupManagement] INFO  server.RaftServerConfigKeys (ConfUtils.java:logGet(46)) - raft.server.sleep.deviation.threshold = 300ms (default)
2024-01-08 22:36:04,732 [5cfc645b-31c2-46a6-b96a-3988b9b23202-groupManagement] INFO  server.RaftServer$Division (ServerState.java:<init>(113)) - 5cfc645b-31c2-46a6-b96a-3988b9b23202@group-3B110F06A4F5: ConfigurationManager, init=-1: peers:[5cfc645b-31c2-46a6-b96a-3988b9b23202|10.1.0.16:15112, 67cb853c-2ca0-42d6-9769-2750435db4d1|10.1.0.16:15103, 211b11ed-ffba-4cc3-86ed-a5910ca02ca2|10.1.0.16:15121]|listeners:[], old=null, confs=<EMPTY_MAP>
2024-01-08 22:36:04,733 [5cfc645b-31c2-46a6-b96a-3988b9b23202-groupManagement] INFO  server.RaftServerConfigKeys (ConfUtils.java:logGet(46)) - raft.server.notification.no-leader.timeout = 300000ms (custom)
2024-01-08 22:36:04,733 [5cfc645b-31c2-46a6-b96a-3988b9b23202-groupManagement] INFO  server.RaftServerConfigKeys (ConfUtils.java:logGet(46)) - raft.server.read.timeout = 10s (default)
2024-01-08 22:36:04,733 [5cfc645b-31c2-46a6-b96a-3988b9b23202-groupManagement] INFO  server.RaftServerConfigKeys (ConfUtils.java:logGet(46)) - raft.server.retrycache.expirytime = 600000ms (custom)
2024-01-08 22:36:04,733 [5cfc645b-31c2-46a6-b96a-3988b9b23202-groupManagement] INFO  server.RaftServerConfigKeys (ConfUtils.java:logGet(46)) - raft.server.retrycache.statistics.expirytime = 100ms (default)
2024-01-08 22:36:04,733 [5cfc645b-31c2-46a6-b96a-3988b9b23202-groupManagement] INFO  server.RaftServerConfigKeys (ConfUtils.java:logGet(46)) - raft.server.read.option = DEFAULT (default)
2024-01-08 22:36:04,733 [5cfc645b-31c2-46a6-b96a-3988b9b23202-groupManagement] INFO  server.RaftServerConfigKeys (ConfUtils.java:logGet(46)) - raft.server.read.read-after-write-consistent.write-index-cache.expiry-time = 60s (default)
2024-01-08 22:36:04,735 [5cfc645b-31c2-46a6-b96a-3988b9b23202-groupManagement] INFO  server.RaftServerConfigKeys (ConfUtils.java:logGet(46)) - raft.server.rpc.request.timeout = 3000ms (default)
2024-01-08 22:36:04,735 [5cfc645b-31c2-46a6-b96a-3988b9b23202-groupManagement] INFO  server.RaftServerConfigKeys (ConfUtils.java:logGet(46)) - raft.server.log.appender.install.snapshot.enabled = false (custom)
2024-01-08 22:36:04,736 [5cfc645b-31c2-46a6-b96a-3988b9b23202-groupManagement] INFO  server.RaftServerConfigKeys (ConfUtils.java:logGet(46)) - raft.server.threadpool.server.cached = true (default)
2024-01-08 22:36:04,736 [5cfc645b-31c2-46a6-b96a-3988b9b23202-groupManagement] INFO  server.RaftServerConfigKeys (ConfUtils.java:logGet(46)) - raft.server.threadpool.server.size = 0 (default)
2024-01-08 22:36:04,736 [5cfc645b-31c2-46a6-b96a-3988b9b23202-groupManagement] INFO  server.RaftServerConfigKeys (ConfUtils.java:logGet(46)) - raft.server.threadpool.client.cached = true (default)
2024-01-08 22:36:04,736 [5cfc645b-31c2-46a6-b96a-3988b9b23202-groupManagement] INFO  server.RaftServerConfigKeys (ConfUtils.java:logGet(46)) - raft.server.threadpool.client.size = 0 (default)
2024-01-08 22:36:04,736 [5cfc645b-31c2-46a6-b96a-3988b9b23202-groupManagement] INFO  server.RaftServerConfigKeys (ConfUtils.java:logGet(46)) - raft.server.storage.free-space.min = 0MB (=0) (default)
2024-01-08 22:36:04,736 [5cfc645b-31c2-46a6-b96a-3988b9b23202-groupManagement] INFO  server.RaftServerConfigKeys (ConfUtils.java:logGet(46)) - raft.server.log.corruption.policy = EXCEPTION (default)
2024-01-08 22:36:04,736 [5cfc645b-31c2-46a6-b96a-3988b9b23202-groupManagement] INFO  server.RaftServerConfigKeys (ConfUtils.java:logGet(46)) - raft.server.storage.dir = [/home/runner/work/ozone/ozone/hadoop-ozone/integration-test/target/test-dir/MiniOzoneClusterImpl-25d1905f-b767-404d-84bf-be0dd4c89112/datanode-1/data/ratis] (custom)
2024-01-08 22:36:04,736 [5cfc645b-31c2-46a6-b96a-3988b9b23202-groupManagement] INFO  storage.RaftStorageDirectory (RaftStorageDirectoryImpl.java:analyzeStorage(138)) - The storage directory /home/runner/work/ozone/ozone/hadoop-ozone/integration-test/target/test-dir/MiniOzoneClusterImpl-25d1905f-b767-404d-84bf-be0dd4c89112/datanode-1/data/ratis/b1907f3a-9032-43d0-afaf-3b110f06a4f5 does not exist. Creating ...
2024-01-08 22:36:04,737 [5cfc645b-31c2-46a6-b96a-3988b9b23202-groupManagement] INFO  storage.RaftStorageDirectory (RaftStorageDirectoryImpl.java:tryLock(232)) - Lock on /home/runner/work/ozone/ozone/hadoop-ozone/integration-test/target/test-dir/MiniOzoneClusterImpl-25d1905f-b767-404d-84bf-be0dd4c89112/datanode-1/data/ratis/b1907f3a-9032-43d0-afaf-3b110f06a4f5/in_use.lock acquired by nodename 83643@fv-az1425-465
2024-01-08 22:36:04,738 [5cfc645b-31c2-46a6-b96a-3988b9b23202-groupManagement] INFO  storage.RaftStorage (RaftStorageImpl.java:format(97)) - Storage directory /home/runner/work/ozone/ozone/hadoop-ozone/integration-test/target/test-dir/MiniOzoneClusterImpl-25d1905f-b767-404d-84bf-be0dd4c89112/datanode-1/data/ratis/b1907f3a-9032-43d0-afaf-3b110f06a4f5 has been successfully formatted.
2024-01-08 22:36:04,740 [5cfc645b-31c2-46a6-b96a-3988b9b23202-groupManagement] INFO  ratis.ContainerStateMachine (ContainerStateMachine.java:loadSnapshot(287)) - group-3B110F06A4F5: The snapshot info is null. Setting the last applied index to:(t:0, i:~)
2024-01-08 22:36:04,740 [5cfc645b-31c2-46a6-b96a-3988b9b23202-groupManagement] INFO  server.RaftServerConfigKeys (ConfUtils.java:logGet(46)) - raft.server.log.use.memory = false (default)
2024-01-08 22:36:04,740 [5cfc645b-31c2-46a6-b96a-3988b9b23202-groupManagement] INFO  server.RaftServerConfigKeys (ConfUtils.java:logGet(46)) - raft.server.log.purge.gap = 1000000 (custom)
2024-01-08 22:36:04,740 [5cfc645b-31c2-46a6-b96a-3988b9b23202-groupManagement] INFO  server.RaftServerConfigKeys (ConfUtils.java:logGet(46)) - raft.server.log.appender.buffer.byte-limit = 8388608 (custom)
2024-01-08 22:36:04,740 [5cfc645b-31c2-46a6-b96a-3988b9b23202-groupManagement] INFO  server.RaftServerConfigKeys (ConfUtils.java:logGet(46)) - raft.server.log.statemachine.data.read.timeout = 1000ms (default)
2024-01-08 22:36:04,740 [5cfc645b-31c2-46a6-b96a-3988b9b23202-groupManagement] INFO  server.RaftServerConfigKeys (ConfUtils.java:logGet(46)) - raft.server.log.purge.preservation.log.num = 0 (default)
2024-01-08 22:36:04,742 [5cfc645b-31c2-46a6-b96a-3988b9b23202-groupManagement] INFO  server.RaftServerConfigKeys (ConfUtils.java:logGet(46)) - raft.server.log.segment.size.max = 67108864 (custom)
2024-01-08 22:36:04,742 [5cfc645b-31c2-46a6-b96a-3988b9b23202-groupManagement] INFO  server.RaftServerConfigKeys (ConfUtils.java:logGet(46)) - raft.server.log.segment.cache.num.max = 2 (custom)
2024-01-08 22:36:04,742 [5cfc645b-31c2-46a6-b96a-3988b9b23202-groupManagement] INFO  server.RaftServerConfigKeys (ConfUtils.java:logGet(46)) - raft.server.log.segment.cache.size.max = 200MB (=209715200) (default)
2024-01-08 22:36:04,742 [5cfc645b-31c2-46a6-b96a-3988b9b23202-groupManagement] INFO  server.RaftServerConfigKeys (ConfUtils.java:logGet(46)) - raft.server.log.appender.buffer.byte-limit = 8388608 (custom)
2024-01-08 22:36:04,742 [5cfc645b-31c2-46a6-b96a-3988b9b23202-groupManagement] INFO  util.AwaitToRun (AwaitToRun.java:start(81)) - Thread[5cfc645b-31c2-46a6-b96a-3988b9b23202@group-3B110F06A4F5-cacheEviction-AwaitToRun,5,main] started
2024-01-08 22:36:04,742 [5cfc645b-31c2-46a6-b96a-3988b9b23202-groupManagement] INFO  segmented.SegmentedRaftLogWorker (SegmentedRaftLogWorker.java:<init>(184)) - new 5cfc645b-31c2-46a6-b96a-3988b9b23202@group-3B110F06A4F5-SegmentedRaftLogWorker for RaftStorageImpl:Storage Directory /home/runner/work/ozone/ozone/hadoop-ozone/integration-test/target/test-dir/MiniOzoneClusterImpl-25d1905f-b767-404d-84bf-be0dd4c89112/datanode-1/data/ratis/b1907f3a-9032-43d0-afaf-3b110f06a4f5
2024-01-08 22:36:04,742 [5cfc645b-31c2-46a6-b96a-3988b9b23202-groupManagement] INFO  server.RaftServerConfigKeys (ConfUtils.java:logGet(46)) - raft.server.log.queue.byte-limit = 4294967296 (custom)
2024-01-08 22:36:04,742 [5cfc645b-31c2-46a6-b96a-3988b9b23202-groupManagement] INFO  server.RaftServerConfigKeys (ConfUtils.java:logGet(46)) - raft.server.log.queue.element-limit = 1024 (custom)
2024-01-08 22:36:04,743 [5cfc645b-31c2-46a6-b96a-3988b9b23202-groupManagement] INFO  server.RaftServerConfigKeys (ConfUtils.java:logGet(46)) - raft.server.log.segment.size.max = 67108864 (custom)
2024-01-08 22:36:04,743 [5cfc645b-31c2-46a6-b96a-3988b9b23202-groupManagement] INFO  server.RaftServerConfigKeys (ConfUtils.java:logGet(46)) - raft.server.log.preallocated.size = 4194304 (custom)
2024-01-08 22:36:04,743 [5cfc645b-31c2-46a6-b96a-3988b9b23202-groupManagement] INFO  server.RaftServerConfigKeys (ConfUtils.java:logGet(46)) - raft.server.log.force.sync.num = 128 (default)
2024-01-08 22:36:04,743 [5cfc645b-31c2-46a6-b96a-3988b9b23202-groupManagement] INFO  server.RaftServerConfigKeys (ConfUtils.java:logGet(46)) - raft.server.log.statemachine.data.sync = true (default)
2024-01-08 22:36:04,743 [5cfc645b-31c2-46a6-b96a-3988b9b23202-groupManagement] INFO  server.RaftServerConfigKeys (ConfUtils.java:logGet(46)) - raft.server.log.statemachine.data.sync.timeout = 10s (default)
2024-01-08 22:36:04,743 [5cfc645b-31c2-46a6-b96a-3988b9b23202-groupManagement] INFO  server.RaftServerConfigKeys (ConfUtils.java:logGet(46)) - raft.server.log.statemachine.data.sync.timeout.retry = 0 (custom)
2024-01-08 22:36:04,743 [5cfc645b-31c2-46a6-b96a-3988b9b23202-groupManagement] INFO  server.RaftServerConfigKeys (ConfUtils.java:logGet(46)) - raft.server.log.write.buffer.size = 8388616 (custom)
2024-01-08 22:36:04,745 [5cfc645b-31c2-46a6-b96a-3988b9b23202-groupManagement] INFO  server.RaftServerConfigKeys (ConfUtils.java:logGet(46)) - raft.server.log.appender.buffer.byte-limit = 8388608 (custom)
2024-01-08 22:36:04,746 [5cfc645b-31c2-46a6-b96a-3988b9b23202-groupManagement] INFO  server.RaftServerConfigKeys (ConfUtils.java:logGet(46)) - raft.server.log.unsafe-flush.enabled = false (default)
2024-01-08 22:36:04,746 [5cfc645b-31c2-46a6-b96a-3988b9b23202-groupManagement] INFO  server.RaftServerConfigKeys (ConfUtils.java:logGet(46)) - raft.server.log.async-flush.enabled = false (default)
2024-01-08 22:36:04,746 [5cfc645b-31c2-46a6-b96a-3988b9b23202-groupManagement] INFO  server.RaftServerConfigKeys (ConfUtils.java:logGet(46)) - raft.server.log.statemachine.data.caching.enabled = true (custom)
2024-01-08 22:36:04,746 [5cfc645b-31c2-46a6-b96a-3988b9b23202-groupManagement] INFO  segmented.SegmentedRaftLogWorker (SegmentedRaftLogWorker.java:lambda$new$0(135)) - 5cfc645b-31c2-46a6-b96a-3988b9b23202@group-3B110F06A4F5-SegmentedRaftLogWorker: flushIndex: setUnconditionally 0 -> -1
2024-01-08 22:36:04,746 [5cfc645b-31c2-46a6-b96a-3988b9b23202-groupManagement] INFO  segmented.SegmentedRaftLogWorker (SegmentedRaftLogWorker.java:lambda$new$0(135)) - 5cfc645b-31c2-46a6-b96a-3988b9b23202@group-3B110F06A4F5-SegmentedRaftLogWorker: safeCacheEvictIndex: setUnconditionally 0 -> -1
2024-01-08 22:36:04,747 [5cfc645b-31c2-46a6-b96a-3988b9b23202-groupManagement] INFO  server.RaftServer$Division (RaftServerImpl.java:start(392)) - 5cfc645b-31c2-46a6-b96a-3988b9b23202@group-3B110F06A4F5: start as a follower, conf=-1: peers:[5cfc645b-31c2-46a6-b96a-3988b9b23202|10.1.0.16:15112, 67cb853c-2ca0-42d6-9769-2750435db4d1|10.1.0.16:15103, 211b11ed-ffba-4cc3-86ed-a5910ca02ca2|10.1.0.16:15121]|listeners:[], old=null
2024-01-08 22:36:04,747 [5cfc645b-31c2-46a6-b96a-3988b9b23202-groupManagement] INFO  server.RaftServer$Division (RaftServerImpl.java:setRole(379)) - 5cfc645b-31c2-46a6-b96a-3988b9b23202@group-3B110F06A4F5: changes role from      null to FOLLOWER at term 0 for startAsFollower
2024-01-08 22:36:04,747 [5cfc645b-31c2-46a6-b96a-3988b9b23202-groupManagement] INFO  impl.RoleInfo (RoleInfo.java:updateAndGet(139)) - 5cfc645b-31c2-46a6-b96a-3988b9b23202: start 5cfc645b-31c2-46a6-b96a-3988b9b23202@group-3B110F06A4F5-FollowerState
2024-01-08 22:36:04,747 [5cfc645b-31c2-46a6-b96a-3988b9b23202-groupManagement] INFO  util.JmxRegister (JmxRegister.java:tryRegister(44)) - Successfully registered JMX Bean with object name Ratis:service=RaftServer,group=group-3B110F06A4F5,id=5cfc645b-31c2-46a6-b96a-3988b9b23202
2024-01-08 22:36:04,747 [5cfc645b-31c2-46a6-b96a-3988b9b23202-groupManagement] INFO  server.RaftServerConfigKeys (ConfUtils.java:logGet(46)) - raft.server.snapshot.trigger-when-stop.enabled = true (default)
2024-01-08 22:36:04,747 [5cfc645b-31c2-46a6-b96a-3988b9b23202-groupManagement] INFO  server.RaftServerConfigKeys (ConfUtils.java:logGet(46)) - raft.server.snapshot.auto.trigger.enabled = true (custom)
2024-01-08 22:36:04,747 [5cfc645b-31c2-46a6-b96a-3988b9b23202-groupManagement] INFO  server.RaftServerConfigKeys (ConfUtils.java:logGet(46)) - raft.server.snapshot.auto.trigger.threshold = 10000 (custom)
2024-01-08 22:36:04,747 [5cfc645b-31c2-46a6-b96a-3988b9b23202-groupManagement] INFO  server.RaftServerConfigKeys (ConfUtils.java:logGet(46)) - raft.server.snapshot.retention.file.num = 5 (custom)
2024-01-08 22:36:04,747 [5cfc645b-31c2-46a6-b96a-3988b9b23202-groupManagement] INFO  server.RaftServerConfigKeys (ConfUtils.java:logGet(46)) - raft.server.log.purge.upto.snapshot.index = false (default)
2024-01-08 22:36:04,748 [5cfc645b-31c2-46a6-b96a-3988b9b23202@group-3B110F06A4F5-FollowerState] INFO  server.RaftServerConfigKeys (ConfUtils.java:logFallback(53)) - raft.server.rpc.first-election.timeout.min = 5s (fallback to raft.server.rpc.timeout.min)
2024-01-08 22:36:04,748 [5cfc645b-31c2-46a6-b96a-3988b9b23202@group-3B110F06A4F5-FollowerState] INFO  server.RaftServerConfigKeys (ConfUtils.java:logFallback(53)) - raft.server.rpc.first-election.timeout.max = 5200ms (fallback to raft.server.rpc.timeout.max)
2024-01-08 22:36:04,751 [67cb853c-2ca0-42d6-9769-2750435db4d1-PipelineCommandHandlerThread-0] INFO  commandhandler.CreatePipelineCommandHandler (CreatePipelineCommandHandler.java:lambda$handle$2(124)) - Created Pipeline RATIS THREE PipelineID=b1907f3a-9032-43d0-afaf-3b110f06a4f5.
2024-01-08 22:36:04,753 [5cfc645b-31c2-46a6-b96a-3988b9b23202-groupManagement] INFO  server.RaftServer$Division (RaftServerImpl.java:<init>(256)) - 5cfc645b-31c2-46a6-b96a-3988b9b23202: new RaftServerImpl for group-0B3BE78F0F58:[5cfc645b-31c2-46a6-b96a-3988b9b23202|10.1.0.16:15112] with ContainerStateMachine:uninitialized
2024-01-08 22:36:04,753 [5cfc645b-31c2-46a6-b96a-3988b9b23202-groupManagement] INFO  server.RaftServerConfigKeys (ConfUtils.java:logGet(46)) - raft.server.rpc.timeout.min = 5s (custom)
2024-01-08 22:36:04,753 [5cfc645b-31c2-46a6-b96a-3988b9b23202-groupManagement] INFO  server.RaftServerConfigKeys (ConfUtils.java:logGet(46)) - raft.server.rpc.timeout.max = 5200ms (custom)
2024-01-08 22:36:04,753 [5cfc645b-31c2-46a6-b96a-3988b9b23202-groupManagement] INFO  server.RaftServerConfigKeys (ConfUtils.java:logGet(46)) - raft.server.rpc.sleep.time = 25ms (default)
2024-01-08 22:36:04,753 [5cfc645b-31c2-46a6-b96a-3988b9b23202-groupManagement] INFO  server.RaftServerConfigKeys (ConfUtils.java:logGet(46)) - raft.server.rpc.slowness.timeout = 300000ms (custom)
2024-01-08 22:36:04,753 [5cfc645b-31c2-46a6-b96a-3988b9b23202-groupManagement] INFO  server.RaftServerConfigKeys (ConfUtils.java:logGet(46)) - raft.server.leaderelection.leader.step-down.wait-time = 10s (default)
2024-01-08 22:36:04,753 [5cfc645b-31c2-46a6-b96a-3988b9b23202-groupManagement] INFO  server.RaftServerConfigKeys (ConfUtils.java:logGet(46)) - raft.server.leaderelection.member.majority-add = false (default)
2024-01-08 22:36:04,754 [5cfc645b-31c2-46a6-b96a-3988b9b23202-groupManagement] INFO  server.RaftServerConfigKeys (ConfUtils.java:logGet(46)) - raft.server.sleep.deviation.threshold = 300ms (default)
2024-01-08 22:36:04,754 [5cfc645b-31c2-46a6-b96a-3988b9b23202-groupManagement] INFO  server.RaftServer$Division (ServerState.java:<init>(113)) - 5cfc645b-31c2-46a6-b96a-3988b9b23202@group-0B3BE78F0F58: ConfigurationManager, init=-1: peers:[5cfc645b-31c2-46a6-b96a-3988b9b23202|10.1.0.16:15112]|listeners:[], old=null, confs=<EMPTY_MAP>
2024-01-08 22:36:04,754 [5cfc645b-31c2-46a6-b96a-3988b9b23202-groupManagement] INFO  server.RaftServerConfigKeys (ConfUtils.java:logGet(46)) - raft.server.notification.no-leader.timeout = 300000ms (custom)
2024-01-08 22:36:04,754 [5cfc645b-31c2-46a6-b96a-3988b9b23202-groupManagement] INFO  server.RaftServerConfigKeys (ConfUtils.java:logGet(46)) - raft.server.read.timeout = 10s (default)
2024-01-08 22:36:04,754 [5cfc645b-31c2-46a6-b96a-3988b9b23202-groupManagement] INFO  server.RaftServerConfigKeys (ConfUtils.java:logGet(46)) - raft.server.retrycache.expirytime = 600000ms (custom)
2024-01-08 22:36:04,754 [5cfc645b-31c2-46a6-b96a-3988b9b23202-groupManagement] INFO  server.RaftServerConfigKeys (ConfUtils.java:logGet(46)) - raft.server.retrycache.statistics.expirytime = 100ms (default)
2024-01-08 22:36:04,754 [5cfc645b-31c2-46a6-b96a-3988b9b23202-groupManagement] INFO  server.RaftServerConfigKeys (ConfUtils.java:logGet(46)) - raft.server.read.option = DEFAULT (default)
2024-01-08 22:36:04,754 [5cfc645b-31c2-46a6-b96a-3988b9b23202-groupManagement] INFO  server.RaftServerConfigKeys (ConfUtils.java:logGet(46)) - raft.server.read.read-after-write-consistent.write-index-cache.expiry-time = 60s (default)
2024-01-08 22:36:04,756 [5cfc645b-31c2-46a6-b96a-3988b9b23202-groupManagement] INFO  server.RaftServerConfigKeys (ConfUtils.java:logGet(46)) - raft.server.rpc.request.timeout = 3000ms (default)
2024-01-08 22:36:04,756 [5cfc645b-31c2-46a6-b96a-3988b9b23202-groupManagement] INFO  server.RaftServerConfigKeys (ConfUtils.java:logGet(46)) - raft.server.log.appender.install.snapshot.enabled = false (custom)
2024-01-08 22:36:04,757 [5cfc645b-31c2-46a6-b96a-3988b9b23202-groupManagement] INFO  server.RaftServerConfigKeys (ConfUtils.java:logGet(46)) - raft.server.threadpool.server.cached = true (default)
2024-01-08 22:36:04,757 [5cfc645b-31c2-46a6-b96a-3988b9b23202-groupManagement] INFO  server.RaftServerConfigKeys (ConfUtils.java:logGet(46)) - raft.server.threadpool.server.size = 0 (default)
2024-01-08 22:36:04,757 [5cfc645b-31c2-46a6-b96a-3988b9b23202-groupManagement] INFO  server.RaftServerConfigKeys (ConfUtils.java:logGet(46)) - raft.server.threadpool.client.cached = true (default)
2024-01-08 22:36:04,757 [5cfc645b-31c2-46a6-b96a-3988b9b23202-groupManagement] INFO  server.RaftServerConfigKeys (ConfUtils.java:logGet(46)) - raft.server.threadpool.client.size = 0 (default)
2024-01-08 22:36:04,757 [5cfc645b-31c2-46a6-b96a-3988b9b23202-PipelineCommandHandlerThread-0] INFO  server.RaftServer (RaftServerProxy.java:addNew(100)) - 5cfc645b-31c2-46a6-b96a-3988b9b23202: addNew group-0B3BE78F0F58:[5cfc645b-31c2-46a6-b96a-3988b9b23202|10.1.0.16:15112] returns      null 5cfc645b-31c2-46a6-b96a-3988b9b23202@group-0B3BE78F0F58:t0, leader=null, voted=null, raftlog=UNINITIALIZED, conf=-1: peers:[5cfc645b-31c2-46a6-b96a-3988b9b23202|10.1.0.16:15112]|listeners:[], old=null NEW
2024-01-08 22:36:04,757 [5cfc645b-31c2-46a6-b96a-3988b9b23202-groupManagement] INFO  server.RaftServerConfigKeys (ConfUtils.java:logGet(46)) - raft.server.storage.free-space.min = 0MB (=0) (default)
2024-01-08 22:36:04,757 [5cfc645b-31c2-46a6-b96a-3988b9b23202-groupManagement] INFO  server.RaftServerConfigKeys (ConfUtils.java:logGet(46)) - raft.server.log.corruption.policy = EXCEPTION (default)
2024-01-08 22:36:04,757 [5cfc645b-31c2-46a6-b96a-3988b9b23202-groupManagement] INFO  server.RaftServerConfigKeys (ConfUtils.java:logGet(46)) - raft.server.storage.dir = [/home/runner/work/ozone/ozone/hadoop-ozone/integration-test/target/test-dir/MiniOzoneClusterImpl-25d1905f-b767-404d-84bf-be0dd4c89112/datanode-1/data/ratis] (custom)
2024-01-08 22:36:04,757 [5cfc645b-31c2-46a6-b96a-3988b9b23202-groupManagement] INFO  storage.RaftStorageDirectory (RaftStorageDirectoryImpl.java:analyzeStorage(138)) - The storage directory /home/runner/work/ozone/ozone/hadoop-ozone/integration-test/target/test-dir/MiniOzoneClusterImpl-25d1905f-b767-404d-84bf-be0dd4c89112/datanode-1/data/ratis/e1eb2bef-f5ce-4d05-a8a9-0b3be78f0f58 does not exist. Creating ...
2024-01-08 22:36:04,758 [5cfc645b-31c2-46a6-b96a-3988b9b23202-groupManagement] INFO  storage.RaftStorageDirectory (RaftStorageDirectoryImpl.java:tryLock(232)) - Lock on /home/runner/work/ozone/ozone/hadoop-ozone/integration-test/target/test-dir/MiniOzoneClusterImpl-25d1905f-b767-404d-84bf-be0dd4c89112/datanode-1/data/ratis/e1eb2bef-f5ce-4d05-a8a9-0b3be78f0f58/in_use.lock acquired by nodename 83643@fv-az1425-465
2024-01-08 22:36:04,759 [5cfc645b-31c2-46a6-b96a-3988b9b23202-groupManagement] INFO  storage.RaftStorage (RaftStorageImpl.java:format(97)) - Storage directory /home/runner/work/ozone/ozone/hadoop-ozone/integration-test/target/test-dir/MiniOzoneClusterImpl-25d1905f-b767-404d-84bf-be0dd4c89112/datanode-1/data/ratis/e1eb2bef-f5ce-4d05-a8a9-0b3be78f0f58 has been successfully formatted.
2024-01-08 22:36:04,759 [5cfc645b-31c2-46a6-b96a-3988b9b23202-groupManagement] INFO  ratis.ContainerStateMachine (ContainerStateMachine.java:loadSnapshot(287)) - group-0B3BE78F0F58: The snapshot info is null. Setting the last applied index to:(t:0, i:~)
2024-01-08 22:36:04,759 [5cfc645b-31c2-46a6-b96a-3988b9b23202-groupManagement] INFO  server.RaftServerConfigKeys (ConfUtils.java:logGet(46)) - raft.server.log.use.memory = false (default)
2024-01-08 22:36:04,759 [5cfc645b-31c2-46a6-b96a-3988b9b23202-groupManagement] INFO  server.RaftServerConfigKeys (ConfUtils.java:logGet(46)) - raft.server.log.purge.gap = 1000000 (custom)
2024-01-08 22:36:04,760 [5cfc645b-31c2-46a6-b96a-3988b9b23202-groupManagement] INFO  server.RaftServerConfigKeys (ConfUtils.java:logGet(46)) - raft.server.log.appender.buffer.byte-limit = 8388608 (custom)
2024-01-08 22:36:04,760 [5cfc645b-31c2-46a6-b96a-3988b9b23202-groupManagement] INFO  server.RaftServerConfigKeys (ConfUtils.java:logGet(46)) - raft.server.log.statemachine.data.read.timeout = 1000ms (default)
2024-01-08 22:36:04,760 [5cfc645b-31c2-46a6-b96a-3988b9b23202-groupManagement] INFO  server.RaftServerConfigKeys (ConfUtils.java:logGet(46)) - raft.server.log.purge.preservation.log.num = 0 (default)
2024-01-08 22:36:04,761 [EventQueue-PipelineReportForPipelineReportHandler] INFO  pipeline.PipelineReportHandler (PipelineReportHandler.java:processPipelineReport(136)) - Opened pipeline PipelineID=e1eb2bef-f5ce-4d05-a8a9-0b3be78f0f58
2024-01-08 22:36:04,761 [EventQueue-OpenPipelineForHealthyPipelineSafeModeRule] INFO  safemode.SCMSafeModeManager (HealthyPipelineSafeModeRule.java:process(140)) - SCM in safe mode. Healthy pipelines reported count is 0, required healthy pipeline reported count is 1
2024-01-08 22:36:04,761 [5cfc645b-31c2-46a6-b96a-3988b9b23202-groupManagement] INFO  server.RaftServerConfigKeys (ConfUtils.java:logGet(46)) - raft.server.log.segment.size.max = 67108864 (custom)
2024-01-08 22:36:04,762 [5cfc645b-31c2-46a6-b96a-3988b9b23202-groupManagement] INFO  server.RaftServerConfigKeys (ConfUtils.java:logGet(46)) - raft.server.log.segment.cache.num.max = 2 (custom)
2024-01-08 22:36:04,762 [5cfc645b-31c2-46a6-b96a-3988b9b23202-groupManagement] INFO  server.RaftServerConfigKeys (ConfUtils.java:logGet(46)) - raft.server.log.segment.cache.size.max = 200MB (=209715200) (default)
2024-01-08 22:36:04,762 [5cfc645b-31c2-46a6-b96a-3988b9b23202-groupManagement] INFO  server.RaftServerConfigKeys (ConfUtils.java:logGet(46)) - raft.server.log.appender.buffer.byte-limit = 8388608 (custom)
2024-01-08 22:36:04,762 [5cfc645b-31c2-46a6-b96a-3988b9b23202-groupManagement] INFO  util.AwaitToRun (AwaitToRun.java:start(81)) - Thread[5cfc645b-31c2-46a6-b96a-3988b9b23202@group-0B3BE78F0F58-cacheEviction-AwaitToRun,5,main] started
2024-01-08 22:36:04,762 [5cfc645b-31c2-46a6-b96a-3988b9b23202-groupManagement] INFO  segmented.SegmentedRaftLogWorker (SegmentedRaftLogWorker.java:<init>(184)) - new 5cfc645b-31c2-46a6-b96a-3988b9b23202@group-0B3BE78F0F58-SegmentedRaftLogWorker for RaftStorageImpl:Storage Directory /home/runner/work/ozone/ozone/hadoop-ozone/integration-test/target/test-dir/MiniOzoneClusterImpl-25d1905f-b767-404d-84bf-be0dd4c89112/datanode-1/data/ratis/e1eb2bef-f5ce-4d05-a8a9-0b3be78f0f58
2024-01-08 22:36:04,762 [5cfc645b-31c2-46a6-b96a-3988b9b23202-groupManagement] INFO  server.RaftServerConfigKeys (ConfUtils.java:logGet(46)) - raft.server.log.queue.byte-limit = 4294967296 (custom)
2024-01-08 22:36:04,762 [5cfc645b-31c2-46a6-b96a-3988b9b23202-groupManagement] INFO  server.RaftServerConfigKeys (ConfUtils.java:logGet(46)) - raft.server.log.queue.element-limit = 1024 (custom)
2024-01-08 22:36:04,762 [5cfc645b-31c2-46a6-b96a-3988b9b23202-groupManagement] INFO  server.RaftServerConfigKeys (ConfUtils.java:logGet(46)) - raft.server.log.segment.size.max = 67108864 (custom)
2024-01-08 22:36:04,763 [5cfc645b-31c2-46a6-b96a-3988b9b23202-groupManagement] INFO  server.RaftServerConfigKeys (ConfUtils.java:logGet(46)) - raft.server.log.preallocated.size = 4194304 (custom)
2024-01-08 22:36:04,763 [5cfc645b-31c2-46a6-b96a-3988b9b23202-groupManagement] INFO  server.RaftServerConfigKeys (ConfUtils.java:logGet(46)) - raft.server.log.force.sync.num = 128 (default)
2024-01-08 22:36:04,763 [5cfc645b-31c2-46a6-b96a-3988b9b23202-groupManagement] INFO  server.RaftServerConfigKeys (ConfUtils.java:logGet(46)) - raft.server.log.statemachine.data.sync = true (default)
2024-01-08 22:36:04,763 [5cfc645b-31c2-46a6-b96a-3988b9b23202-groupManagement] INFO  server.RaftServerConfigKeys (ConfUtils.java:logGet(46)) - raft.server.log.statemachine.data.sync.timeout = 10s (default)
2024-01-08 22:36:04,763 [5cfc645b-31c2-46a6-b96a-3988b9b23202-groupManagement] INFO  server.RaftServerConfigKeys (ConfUtils.java:logGet(46)) - raft.server.log.statemachine.data.sync.timeout.retry = 0 (custom)
2024-01-08 22:36:04,763 [5cfc645b-31c2-46a6-b96a-3988b9b23202-groupManagement] INFO  server.RaftServerConfigKeys (ConfUtils.java:logGet(46)) - raft.server.log.write.buffer.size = 8388616 (custom)
2024-01-08 22:36:04,765 [5cfc645b-31c2-46a6-b96a-3988b9b23202-groupManagement] INFO  server.RaftServerConfigKeys (ConfUtils.java:logGet(46)) - raft.server.log.appender.buffer.byte-limit = 8388608 (custom)
2024-01-08 22:36:04,766 [5cfc645b-31c2-46a6-b96a-3988b9b23202-groupManagement] INFO  server.RaftServerConfigKeys (ConfUtils.java:logGet(46)) - raft.server.log.unsafe-flush.enabled = false (default)
2024-01-08 22:36:04,766 [5cfc645b-31c2-46a6-b96a-3988b9b23202-groupManagement] INFO  server.RaftServerConfigKeys (ConfUtils.java:logGet(46)) - raft.server.log.async-flush.enabled = false (default)
2024-01-08 22:36:04,766 [5cfc645b-31c2-46a6-b96a-3988b9b23202-groupManagement] INFO  server.RaftServerConfigKeys (ConfUtils.java:logGet(46)) - raft.server.log.statemachine.data.caching.enabled = true (custom)
2024-01-08 22:36:04,766 [5cfc645b-31c2-46a6-b96a-3988b9b23202-groupManagement] INFO  segmented.SegmentedRaftLogWorker (SegmentedRaftLogWorker.java:lambda$new$0(135)) - 5cfc645b-31c2-46a6-b96a-3988b9b23202@group-0B3BE78F0F58-SegmentedRaftLogWorker: flushIndex: setUnconditionally 0 -> -1
2024-01-08 22:36:04,766 [5cfc645b-31c2-46a6-b96a-3988b9b23202-groupManagement] INFO  segmented.SegmentedRaftLogWorker (SegmentedRaftLogWorker.java:lambda$new$0(135)) - 5cfc645b-31c2-46a6-b96a-3988b9b23202@group-0B3BE78F0F58-SegmentedRaftLogWorker: safeCacheEvictIndex: setUnconditionally 0 -> -1
2024-01-08 22:36:04,767 [5cfc645b-31c2-46a6-b96a-3988b9b23202-groupManagement] INFO  server.RaftServer$Division (RaftServerImpl.java:start(392)) - 5cfc645b-31c2-46a6-b96a-3988b9b23202@group-0B3BE78F0F58: start as a follower, conf=-1: peers:[5cfc645b-31c2-46a6-b96a-3988b9b23202|10.1.0.16:15112]|listeners:[], old=null
2024-01-08 22:36:04,767 [5cfc645b-31c2-46a6-b96a-3988b9b23202-groupManagement] INFO  server.RaftServer$Division (RaftServerImpl.java:setRole(379)) - 5cfc645b-31c2-46a6-b96a-3988b9b23202@group-0B3BE78F0F58: changes role from      null to FOLLOWER at term 0 for startAsFollower
2024-01-08 22:36:04,767 [5cfc645b-31c2-46a6-b96a-3988b9b23202-groupManagement] INFO  impl.RoleInfo (RoleInfo.java:updateAndGet(139)) - 5cfc645b-31c2-46a6-b96a-3988b9b23202: start 5cfc645b-31c2-46a6-b96a-3988b9b23202@group-0B3BE78F0F58-FollowerState
2024-01-08 22:36:04,767 [5cfc645b-31c2-46a6-b96a-3988b9b23202-groupManagement] INFO  util.JmxRegister (JmxRegister.java:tryRegister(44)) - Successfully registered JMX Bean with object name Ratis:service=RaftServer,group=group-0B3BE78F0F58,id=5cfc645b-31c2-46a6-b96a-3988b9b23202
2024-01-08 22:36:04,767 [5cfc645b-31c2-46a6-b96a-3988b9b23202-groupManagement] INFO  server.RaftServerConfigKeys (ConfUtils.java:logGet(46)) - raft.server.snapshot.trigger-when-stop.enabled = true (default)
2024-01-08 22:36:04,767 [5cfc645b-31c2-46a6-b96a-3988b9b23202-groupManagement] INFO  server.RaftServerConfigKeys (ConfUtils.java:logGet(46)) - raft.server.snapshot.auto.trigger.enabled = true (custom)
2024-01-08 22:36:04,767 [5cfc645b-31c2-46a6-b96a-3988b9b23202-groupManagement] INFO  server.RaftServerConfigKeys (ConfUtils.java:logGet(46)) - raft.server.snapshot.auto.trigger.threshold = 10000 (custom)
2024-01-08 22:36:04,767 [5cfc645b-31c2-46a6-b96a-3988b9b23202-groupManagement] INFO  server.RaftServerConfigKeys (ConfUtils.java:logGet(46)) - raft.server.snapshot.retention.file.num = 5 (custom)
2024-01-08 22:36:04,767 [5cfc645b-31c2-46a6-b96a-3988b9b23202-groupManagement] INFO  server.RaftServerConfigKeys (ConfUtils.java:logGet(46)) - raft.server.log.purge.upto.snapshot.index = false (default)
2024-01-08 22:36:04,768 [5cfc645b-31c2-46a6-b96a-3988b9b23202@group-0B3BE78F0F58-FollowerState] INFO  server.RaftServerConfigKeys (ConfUtils.java:logFallback(53)) - raft.server.rpc.first-election.timeout.min = 5s (fallback to raft.server.rpc.timeout.min)
2024-01-08 22:36:04,768 [5cfc645b-31c2-46a6-b96a-3988b9b23202@group-0B3BE78F0F58-FollowerState] INFO  server.RaftServerConfigKeys (ConfUtils.java:logFallback(53)) - raft.server.rpc.first-election.timeout.max = 5200ms (fallback to raft.server.rpc.timeout.max)
2024-01-08 22:36:04,771 [5cfc645b-31c2-46a6-b96a-3988b9b23202-PipelineCommandHandlerThread-0] INFO  ratis.XceiverServerRatis (XceiverServerRatis.java:addGroup(842)) - Created group PipelineID=e1eb2bef-f5ce-4d05-a8a9-0b3be78f0f58
2024-01-08 22:36:04,771 [5cfc645b-31c2-46a6-b96a-3988b9b23202-PipelineCommandHandlerThread-0] INFO  commandhandler.CreatePipelineCommandHandler (CreatePipelineCommandHandler.java:lambda$handle$2(124)) - Created Pipeline RATIS ONE PipelineID=e1eb2bef-f5ce-4d05-a8a9-0b3be78f0f58.
2024-01-08 22:36:04,865 [211b11ed-ffba-4cc3-86ed-a5910ca02ca2-PipelineCommandHandlerThread-0] INFO  server.RaftServer (RaftServerProxy.java:addNew(100)) - 211b11ed-ffba-4cc3-86ed-a5910ca02ca2: addNew group-B06642465BB2:[211b11ed-ffba-4cc3-86ed-a5910ca02ca2|10.1.0.16:15121] returns group-B06642465BB2:java.util.concurrent.CompletableFuture@6b2c1c68[Not completed]
2024-01-08 22:36:04,866 [211b11ed-ffba-4cc3-86ed-a5910ca02ca2-groupManagement] INFO  server.RaftServer$Division (RaftServerImpl.java:<init>(256)) - 211b11ed-ffba-4cc3-86ed-a5910ca02ca2: new RaftServerImpl for group-B06642465BB2:[211b11ed-ffba-4cc3-86ed-a5910ca02ca2|10.1.0.16:15121] with ContainerStateMachine:uninitialized
2024-01-08 22:36:04,866 [211b11ed-ffba-4cc3-86ed-a5910ca02ca2-groupManagement] INFO  server.RaftServerConfigKeys (ConfUtils.java:logGet(46)) - raft.server.rpc.timeout.min = 5s (custom)
2024-01-08 22:36:04,866 [211b11ed-ffba-4cc3-86ed-a5910ca02ca2-groupManagement] INFO  server.RaftServerConfigKeys (ConfUtils.java:logGet(46)) - raft.server.rpc.timeout.max = 5200ms (custom)
2024-01-08 22:36:04,866 [211b11ed-ffba-4cc3-86ed-a5910ca02ca2-groupManagement] INFO  server.RaftServerConfigKeys (ConfUtils.java:logGet(46)) - raft.server.rpc.sleep.time = 25ms (default)
2024-01-08 22:36:04,866 [211b11ed-ffba-4cc3-86ed-a5910ca02ca2-groupManagement] INFO  server.RaftServerConfigKeys (ConfUtils.java:logGet(46)) - raft.server.rpc.slowness.timeout = 300000ms (custom)
2024-01-08 22:36:04,866 [211b11ed-ffba-4cc3-86ed-a5910ca02ca2-groupManagement] INFO  server.RaftServerConfigKeys (ConfUtils.java:logGet(46)) - raft.server.leaderelection.leader.step-down.wait-time = 10s (default)
2024-01-08 22:36:04,866 [211b11ed-ffba-4cc3-86ed-a5910ca02ca2-groupManagement] INFO  server.RaftServerConfigKeys (ConfUtils.java:logGet(46)) - raft.server.leaderelection.member.majority-add = false (default)
2024-01-08 22:36:04,866 [211b11ed-ffba-4cc3-86ed-a5910ca02ca2-groupManagement] INFO  server.RaftServerConfigKeys (ConfUtils.java:logGet(46)) - raft.server.sleep.deviation.threshold = 300ms (default)
2024-01-08 22:36:04,866 [211b11ed-ffba-4cc3-86ed-a5910ca02ca2-groupManagement] INFO  server.RaftServer$Division (ServerState.java:<init>(113)) - 211b11ed-ffba-4cc3-86ed-a5910ca02ca2@group-B06642465BB2: ConfigurationManager, init=-1: peers:[211b11ed-ffba-4cc3-86ed-a5910ca02ca2|10.1.0.16:15121]|listeners:[], old=null, confs=<EMPTY_MAP>
2024-01-08 22:36:04,866 [211b11ed-ffba-4cc3-86ed-a5910ca02ca2-groupManagement] INFO  server.RaftServerConfigKeys (ConfUtils.java:logGet(46)) - raft.server.notification.no-leader.timeout = 300000ms (custom)
2024-01-08 22:36:04,866 [211b11ed-ffba-4cc3-86ed-a5910ca02ca2-groupManagement] INFO  server.RaftServerConfigKeys (ConfUtils.java:logGet(46)) - raft.server.read.timeout = 10s (default)
2024-01-08 22:36:04,866 [211b11ed-ffba-4cc3-86ed-a5910ca02ca2-groupManagement] INFO  server.RaftServerConfigKeys (ConfUtils.java:logGet(46)) - raft.server.retrycache.expirytime = 600000ms (custom)
2024-01-08 22:36:04,866 [211b11ed-ffba-4cc3-86ed-a5910ca02ca2-groupManagement] INFO  server.RaftServerConfigKeys (ConfUtils.java:logGet(46)) - raft.server.retrycache.statistics.expirytime = 100ms (default)
2024-01-08 22:36:04,866 [211b11ed-ffba-4cc3-86ed-a5910ca02ca2-groupManagement] INFO  server.RaftServerConfigKeys (ConfUtils.java:logGet(46)) - raft.server.read.option = DEFAULT (default)
2024-01-08 22:36:04,866 [211b11ed-ffba-4cc3-86ed-a5910ca02ca2-groupManagement] INFO  server.RaftServerConfigKeys (ConfUtils.java:logGet(46)) - raft.server.read.read-after-write-consistent.write-index-cache.expiry-time = 60s (default)
2024-01-08 22:36:04,868 [211b11ed-ffba-4cc3-86ed-a5910ca02ca2-groupManagement] INFO  server.RaftServerConfigKeys (ConfUtils.java:logGet(46)) - raft.server.rpc.request.timeout = 3000ms (default)
2024-01-08 22:36:04,868 [211b11ed-ffba-4cc3-86ed-a5910ca02ca2-groupManagement] INFO  server.RaftServerConfigKeys (ConfUtils.java:logGet(46)) - raft.server.log.appender.install.snapshot.enabled = false (custom)
2024-01-08 22:36:04,868 [211b11ed-ffba-4cc3-86ed-a5910ca02ca2-groupManagement] INFO  server.RaftServerConfigKeys (ConfUtils.java:logGet(46)) - raft.server.threadpool.server.cached = true (default)
2024-01-08 22:36:04,868 [211b11ed-ffba-4cc3-86ed-a5910ca02ca2-groupManagement] INFO  server.RaftServerConfigKeys (ConfUtils.java:logGet(46)) - raft.server.threadpool.server.size = 0 (default)
2024-01-08 22:36:04,868 [211b11ed-ffba-4cc3-86ed-a5910ca02ca2-groupManagement] INFO  server.RaftServerConfigKeys (ConfUtils.java:logGet(46)) - raft.server.threadpool.client.cached = true (default)
2024-01-08 22:36:04,868 [211b11ed-ffba-4cc3-86ed-a5910ca02ca2-groupManagement] INFO  server.RaftServerConfigKeys (ConfUtils.java:logGet(46)) - raft.server.threadpool.client.size = 0 (default)
2024-01-08 22:36:04,868 [211b11ed-ffba-4cc3-86ed-a5910ca02ca2-groupManagement] INFO  server.RaftServerConfigKeys (ConfUtils.java:logGet(46)) - raft.server.storage.free-space.min = 0MB (=0) (default)
2024-01-08 22:36:04,868 [211b11ed-ffba-4cc3-86ed-a5910ca02ca2-groupManagement] INFO  server.RaftServerConfigKeys (ConfUtils.java:logGet(46)) - raft.server.log.corruption.policy = EXCEPTION (default)
2024-01-08 22:36:04,869 [211b11ed-ffba-4cc3-86ed-a5910ca02ca2-groupManagement] INFO  server.RaftServerConfigKeys (ConfUtils.java:logGet(46)) - raft.server.storage.dir = [/home/runner/work/ozone/ozone/hadoop-ozone/integration-test/target/test-dir/MiniOzoneClusterImpl-25d1905f-b767-404d-84bf-be0dd4c89112/datanode-2/data/ratis] (custom)
2024-01-08 22:36:04,869 [211b11ed-ffba-4cc3-86ed-a5910ca02ca2-groupManagement] INFO  storage.RaftStorageDirectory (RaftStorageDirectoryImpl.java:analyzeStorage(138)) - The storage directory /home/runner/work/ozone/ozone/hadoop-ozone/integration-test/target/test-dir/MiniOzoneClusterImpl-25d1905f-b767-404d-84bf-be0dd4c89112/datanode-2/data/ratis/9a986f1c-9e7a-4874-aa48-b06642465bb2 does not exist. Creating ...
2024-01-08 22:36:04,870 [211b11ed-ffba-4cc3-86ed-a5910ca02ca2-groupManagement] INFO  storage.RaftStorageDirectory (RaftStorageDirectoryImpl.java:tryLock(232)) - Lock on /home/runner/work/ozone/ozone/hadoop-ozone/integration-test/target/test-dir/MiniOzoneClusterImpl-25d1905f-b767-404d-84bf-be0dd4c89112/datanode-2/data/ratis/9a986f1c-9e7a-4874-aa48-b06642465bb2/in_use.lock acquired by nodename 83643@fv-az1425-465
2024-01-08 22:36:04,870 [211b11ed-ffba-4cc3-86ed-a5910ca02ca2-groupManagement] INFO  storage.RaftStorage (RaftStorageImpl.java:format(97)) - Storage directory /home/runner/work/ozone/ozone/hadoop-ozone/integration-test/target/test-dir/MiniOzoneClusterImpl-25d1905f-b767-404d-84bf-be0dd4c89112/datanode-2/data/ratis/9a986f1c-9e7a-4874-aa48-b06642465bb2 has been successfully formatted.
2024-01-08 22:36:04,871 [211b11ed-ffba-4cc3-86ed-a5910ca02ca2-groupManagement] INFO  ratis.ContainerStateMachine (ContainerStateMachine.java:loadSnapshot(287)) - group-B06642465BB2: The snapshot info is null. Setting the last applied index to:(t:0, i:~)
2024-01-08 22:36:04,871 [211b11ed-ffba-4cc3-86ed-a5910ca02ca2-groupManagement] INFO  server.RaftServerConfigKeys (ConfUtils.java:logGet(46)) - raft.server.log.use.memory = false (default)
2024-01-08 22:36:04,871 [211b11ed-ffba-4cc3-86ed-a5910ca02ca2-groupManagement] INFO  server.RaftServerConfigKeys (ConfUtils.java:logGet(46)) - raft.server.log.purge.gap = 1000000 (custom)
2024-01-08 22:36:04,871 [211b11ed-ffba-4cc3-86ed-a5910ca02ca2-groupManagement] INFO  server.RaftServerConfigKeys (ConfUtils.java:logGet(46)) - raft.server.log.appender.buffer.byte-limit = 8388608 (custom)
2024-01-08 22:36:04,871 [211b11ed-ffba-4cc3-86ed-a5910ca02ca2-groupManagement] INFO  server.RaftServerConfigKeys (ConfUtils.java:logGet(46)) - raft.server.log.statemachine.data.read.timeout = 1000ms (default)
2024-01-08 22:36:04,871 [211b11ed-ffba-4cc3-86ed-a5910ca02ca2-groupManagement] INFO  server.RaftServerConfigKeys (ConfUtils.java:logGet(46)) - raft.server.log.purge.preservation.log.num = 0 (default)
2024-01-08 22:36:04,872 [EventQueue-PipelineReportForPipelineReportHandler] INFO  pipeline.PipelineReportHandler (PipelineReportHandler.java:processPipelineReport(136)) - Opened pipeline PipelineID=9a986f1c-9e7a-4874-aa48-b06642465bb2
2024-01-08 22:36:04,872 [EventQueue-OpenPipelineForHealthyPipelineSafeModeRule] INFO  safemode.SCMSafeModeManager (HealthyPipelineSafeModeRule.java:process(140)) - SCM in safe mode. Healthy pipelines reported count is 0, required healthy pipeline reported count is 1
2024-01-08 22:36:04,874 [211b11ed-ffba-4cc3-86ed-a5910ca02ca2-groupManagement] INFO  server.RaftServerConfigKeys (ConfUtils.java:logGet(46)) - raft.server.log.segment.size.max = 67108864 (custom)
2024-01-08 22:36:04,874 [211b11ed-ffba-4cc3-86ed-a5910ca02ca2-groupManagement] INFO  server.RaftServerConfigKeys (ConfUtils.java:logGet(46)) - raft.server.log.segment.cache.num.max = 2 (custom)
2024-01-08 22:36:04,874 [211b11ed-ffba-4cc3-86ed-a5910ca02ca2-groupManagement] INFO  server.RaftServerConfigKeys (ConfUtils.java:logGet(46)) - raft.server.log.segment.cache.size.max = 200MB (=209715200) (default)
2024-01-08 22:36:04,874 [211b11ed-ffba-4cc3-86ed-a5910ca02ca2-groupManagement] INFO  server.RaftServerConfigKeys (ConfUtils.java:logGet(46)) - raft.server.log.appender.buffer.byte-limit = 8388608 (custom)
2024-01-08 22:36:04,874 [211b11ed-ffba-4cc3-86ed-a5910ca02ca2-groupManagement] INFO  util.AwaitToRun (AwaitToRun.java:start(81)) - Thread[211b11ed-ffba-4cc3-86ed-a5910ca02ca2@group-B06642465BB2-cacheEviction-AwaitToRun,5,main] started
2024-01-08 22:36:04,874 [211b11ed-ffba-4cc3-86ed-a5910ca02ca2-groupManagement] INFO  segmented.SegmentedRaftLogWorker (SegmentedRaftLogWorker.java:<init>(184)) - new 211b11ed-ffba-4cc3-86ed-a5910ca02ca2@group-B06642465BB2-SegmentedRaftLogWorker for RaftStorageImpl:Storage Directory /home/runner/work/ozone/ozone/hadoop-ozone/integration-test/target/test-dir/MiniOzoneClusterImpl-25d1905f-b767-404d-84bf-be0dd4c89112/datanode-2/data/ratis/9a986f1c-9e7a-4874-aa48-b06642465bb2
2024-01-08 22:36:04,875 [211b11ed-ffba-4cc3-86ed-a5910ca02ca2-groupManagement] INFO  server.RaftServerConfigKeys (ConfUtils.java:logGet(46)) - raft.server.log.queue.byte-limit = 4294967296 (custom)
2024-01-08 22:36:04,875 [211b11ed-ffba-4cc3-86ed-a5910ca02ca2-groupManagement] INFO  server.RaftServerConfigKeys (ConfUtils.java:logGet(46)) - raft.server.log.queue.element-limit = 1024 (custom)
2024-01-08 22:36:04,875 [211b11ed-ffba-4cc3-86ed-a5910ca02ca2-groupManagement] INFO  server.RaftServerConfigKeys (ConfUtils.java:logGet(46)) - raft.server.log.segment.size.max = 67108864 (custom)
2024-01-08 22:36:04,875 [211b11ed-ffba-4cc3-86ed-a5910ca02ca2-groupManagement] INFO  server.RaftServerConfigKeys (ConfUtils.java:logGet(46)) - raft.server.log.preallocated.size = 4194304 (custom)
2024-01-08 22:36:04,875 [211b11ed-ffba-4cc3-86ed-a5910ca02ca2-groupManagement] INFO  server.RaftServerConfigKeys (ConfUtils.java:logGet(46)) - raft.server.log.force.sync.num = 128 (default)
2024-01-08 22:36:04,875 [211b11ed-ffba-4cc3-86ed-a5910ca02ca2-groupManagement] INFO  server.RaftServerConfigKeys (ConfUtils.java:logGet(46)) - raft.server.log.statemachine.data.sync = true (default)
2024-01-08 22:36:04,875 [211b11ed-ffba-4cc3-86ed-a5910ca02ca2-groupManagement] INFO  server.RaftServerConfigKeys (ConfUtils.java:logGet(46)) - raft.server.log.statemachine.data.sync.timeout = 10s (default)
2024-01-08 22:36:04,875 [211b11ed-ffba-4cc3-86ed-a5910ca02ca2-groupManagement] INFO  server.RaftServerConfigKeys (ConfUtils.java:logGet(46)) - raft.server.log.statemachine.data.sync.timeout.retry = 0 (custom)
2024-01-08 22:36:04,875 [211b11ed-ffba-4cc3-86ed-a5910ca02ca2-groupManagement] INFO  server.RaftServerConfigKeys (ConfUtils.java:logGet(46)) - raft.server.log.write.buffer.size = 8388616 (custom)
2024-01-08 22:36:04,877 [211b11ed-ffba-4cc3-86ed-a5910ca02ca2-groupManagement] INFO  server.RaftServerConfigKeys (ConfUtils.java:logGet(46)) - raft.server.log.appender.buffer.byte-limit = 8388608 (custom)
2024-01-08 22:36:04,877 [211b11ed-ffba-4cc3-86ed-a5910ca02ca2-groupManagement] INFO  server.RaftServerConfigKeys (ConfUtils.java:logGet(46)) - raft.server.log.unsafe-flush.enabled = false (default)
2024-01-08 22:36:04,877 [211b11ed-ffba-4cc3-86ed-a5910ca02ca2-groupManagement] INFO  server.RaftServerConfigKeys (ConfUtils.java:logGet(46)) - raft.server.log.async-flush.enabled = false (default)
2024-01-08 22:36:04,878 [211b11ed-ffba-4cc3-86ed-a5910ca02ca2-groupManagement] INFO  server.RaftServerConfigKeys (ConfUtils.java:logGet(46)) - raft.server.log.statemachine.data.caching.enabled = true (custom)
2024-01-08 22:36:04,878 [211b11ed-ffba-4cc3-86ed-a5910ca02ca2-groupManagement] INFO  segmented.SegmentedRaftLogWorker (SegmentedRaftLogWorker.java:lambda$new$0(135)) - 211b11ed-ffba-4cc3-86ed-a5910ca02ca2@group-B06642465BB2-SegmentedRaftLogWorker: flushIndex: setUnconditionally 0 -> -1
2024-01-08 22:36:04,878 [211b11ed-ffba-4cc3-86ed-a5910ca02ca2-groupManagement] INFO  segmented.SegmentedRaftLogWorker (SegmentedRaftLogWorker.java:lambda$new$0(135)) - 211b11ed-ffba-4cc3-86ed-a5910ca02ca2@group-B06642465BB2-SegmentedRaftLogWorker: safeCacheEvictIndex: setUnconditionally 0 -> -1
2024-01-08 22:36:04,878 [211b11ed-ffba-4cc3-86ed-a5910ca02ca2-groupManagement] INFO  server.RaftServer$Division (RaftServerImpl.java:start(392)) - 211b11ed-ffba-4cc3-86ed-a5910ca02ca2@group-B06642465BB2: start as a follower, conf=-1: peers:[211b11ed-ffba-4cc3-86ed-a5910ca02ca2|10.1.0.16:15121]|listeners:[], old=null
2024-01-08 22:36:04,878 [211b11ed-ffba-4cc3-86ed-a5910ca02ca2-groupManagement] INFO  server.RaftServer$Division (RaftServerImpl.java:setRole(379)) - 211b11ed-ffba-4cc3-86ed-a5910ca02ca2@group-B06642465BB2: changes role from      null to FOLLOWER at term 0 for startAsFollower
2024-01-08 22:36:04,878 [211b11ed-ffba-4cc3-86ed-a5910ca02ca2-groupManagement] INFO  impl.RoleInfo (RoleInfo.java:updateAndGet(139)) - 211b11ed-ffba-4cc3-86ed-a5910ca02ca2: start 211b11ed-ffba-4cc3-86ed-a5910ca02ca2@group-B06642465BB2-FollowerState
2024-01-08 22:36:04,878 [211b11ed-ffba-4cc3-86ed-a5910ca02ca2-groupManagement] INFO  util.JmxRegister (JmxRegister.java:tryRegister(44)) - Successfully registered JMX Bean with object name Ratis:service=RaftServer,group=group-B06642465BB2,id=211b11ed-ffba-4cc3-86ed-a5910ca02ca2
2024-01-08 22:36:04,878 [211b11ed-ffba-4cc3-86ed-a5910ca02ca2@group-B06642465BB2-FollowerState] INFO  server.RaftServerConfigKeys (ConfUtils.java:logFallback(53)) - raft.server.rpc.first-election.timeout.min = 5s (fallback to raft.server.rpc.timeout.min)
2024-01-08 22:36:04,878 [211b11ed-ffba-4cc3-86ed-a5910ca02ca2-groupManagement] INFO  server.RaftServerConfigKeys (ConfUtils.java:logGet(46)) - raft.server.snapshot.trigger-when-stop.enabled = true (default)
2024-01-08 22:36:04,878 [211b11ed-ffba-4cc3-86ed-a5910ca02ca2@group-B06642465BB2-FollowerState] INFO  server.RaftServerConfigKeys (ConfUtils.java:logFallback(53)) - raft.server.rpc.first-election.timeout.max = 5200ms (fallback to raft.server.rpc.timeout.max)
2024-01-08 22:36:04,878 [211b11ed-ffba-4cc3-86ed-a5910ca02ca2-groupManagement] INFO  server.RaftServerConfigKeys (ConfUtils.java:logGet(46)) - raft.server.snapshot.auto.trigger.enabled = true (custom)
2024-01-08 22:36:04,879 [211b11ed-ffba-4cc3-86ed-a5910ca02ca2-groupManagement] INFO  server.RaftServerConfigKeys (ConfUtils.java:logGet(46)) - raft.server.snapshot.auto.trigger.threshold = 10000 (custom)
2024-01-08 22:36:04,879 [211b11ed-ffba-4cc3-86ed-a5910ca02ca2-groupManagement] INFO  server.RaftServerConfigKeys (ConfUtils.java:logGet(46)) - raft.server.snapshot.retention.file.num = 5 (custom)
2024-01-08 22:36:04,879 [211b11ed-ffba-4cc3-86ed-a5910ca02ca2-groupManagement] INFO  server.RaftServerConfigKeys (ConfUtils.java:logGet(46)) - raft.server.log.purge.upto.snapshot.index = false (default)
2024-01-08 22:36:04,879 [211b11ed-ffba-4cc3-86ed-a5910ca02ca2-PipelineCommandHandlerThread-0] INFO  ratis.XceiverServerRatis (XceiverServerRatis.java:addGroup(842)) - Created group PipelineID=9a986f1c-9e7a-4874-aa48-b06642465bb2
2024-01-08 22:36:04,879 [211b11ed-ffba-4cc3-86ed-a5910ca02ca2-PipelineCommandHandlerThread-0] INFO  commandhandler.CreatePipelineCommandHandler (CreatePipelineCommandHandler.java:lambda$handle$2(124)) - Created Pipeline RATIS ONE PipelineID=9a986f1c-9e7a-4874-aa48-b06642465bb2.
2024-01-08 22:36:04,997 [35d8dfab-9865-4f4a-9db1-8dbffdda00db-PipelineCommandHandlerThread-0] INFO  server.RaftServer (RaftServerProxy.java:addNew(100)) - 35d8dfab-9865-4f4a-9db1-8dbffdda00db: addNew group-AD53B6DAE95C:[35d8dfab-9865-4f4a-9db1-8dbffdda00db|10.1.0.16:15130] returns group-AD53B6DAE95C:java.util.concurrent.CompletableFuture@4a6dc83b[Not completed]
2024-01-08 22:36:04,997 [35d8dfab-9865-4f4a-9db1-8dbffdda00db-groupManagement] INFO  server.RaftServer$Division (RaftServerImpl.java:<init>(256)) - 35d8dfab-9865-4f4a-9db1-8dbffdda00db: new RaftServerImpl for group-AD53B6DAE95C:[35d8dfab-9865-4f4a-9db1-8dbffdda00db|10.1.0.16:15130] with ContainerStateMachine:uninitialized
2024-01-08 22:36:04,997 [35d8dfab-9865-4f4a-9db1-8dbffdda00db-groupManagement] INFO  server.RaftServerConfigKeys (ConfUtils.java:logGet(46)) - raft.server.rpc.timeout.min = 5s (custom)
2024-01-08 22:36:04,997 [35d8dfab-9865-4f4a-9db1-8dbffdda00db-groupManagement] INFO  server.RaftServerConfigKeys (ConfUtils.java:logGet(46)) - raft.server.rpc.timeout.max = 5200ms (custom)
2024-01-08 22:36:04,997 [35d8dfab-9865-4f4a-9db1-8dbffdda00db-groupManagement] INFO  server.RaftServerConfigKeys (ConfUtils.java:logGet(46)) - raft.server.rpc.sleep.time = 25ms (default)
2024-01-08 22:36:04,998 [35d8dfab-9865-4f4a-9db1-8dbffdda00db-groupManagement] INFO  server.RaftServerConfigKeys (ConfUtils.java:logGet(46)) - raft.server.rpc.slowness.timeout = 300000ms (custom)
2024-01-08 22:36:04,998 [35d8dfab-9865-4f4a-9db1-8dbffdda00db-groupManagement] INFO  server.RaftServerConfigKeys (ConfUtils.java:logGet(46)) - raft.server.leaderelection.leader.step-down.wait-time = 10s (default)
2024-01-08 22:36:04,998 [35d8dfab-9865-4f4a-9db1-8dbffdda00db-groupManagement] INFO  server.RaftServerConfigKeys (ConfUtils.java:logGet(46)) - raft.server.leaderelection.member.majority-add = false (default)
2024-01-08 22:36:04,998 [35d8dfab-9865-4f4a-9db1-8dbffdda00db-groupManagement] INFO  server.RaftServerConfigKeys (ConfUtils.java:logGet(46)) - raft.server.sleep.deviation.threshold = 300ms (default)
2024-01-08 22:36:04,998 [35d8dfab-9865-4f4a-9db1-8dbffdda00db-groupManagement] INFO  server.RaftServer$Division (ServerState.java:<init>(113)) - 35d8dfab-9865-4f4a-9db1-8dbffdda00db@group-AD53B6DAE95C: ConfigurationManager, init=-1: peers:[35d8dfab-9865-4f4a-9db1-8dbffdda00db|10.1.0.16:15130]|listeners:[], old=null, confs=<EMPTY_MAP>
2024-01-08 22:36:04,998 [35d8dfab-9865-4f4a-9db1-8dbffdda00db-groupManagement] INFO  server.RaftServerConfigKeys (ConfUtils.java:logGet(46)) - raft.server.notification.no-leader.timeout = 300000ms (custom)
2024-01-08 22:36:04,998 [35d8dfab-9865-4f4a-9db1-8dbffdda00db-groupManagement] INFO  server.RaftServerConfigKeys (ConfUtils.java:logGet(46)) - raft.server.read.timeout = 10s (default)
2024-01-08 22:36:04,998 [35d8dfab-9865-4f4a-9db1-8dbffdda00db-groupManagement] INFO  server.RaftServerConfigKeys (ConfUtils.java:logGet(46)) - raft.server.retrycache.expirytime = 600000ms (custom)
2024-01-08 22:36:04,999 [35d8dfab-9865-4f4a-9db1-8dbffdda00db-groupManagement] INFO  server.RaftServerConfigKeys (ConfUtils.java:logGet(46)) - raft.server.retrycache.statistics.expirytime = 100ms (default)
2024-01-08 22:36:04,999 [35d8dfab-9865-4f4a-9db1-8dbffdda00db-groupManagement] INFO  server.RaftServerConfigKeys (ConfUtils.java:logGet(46)) - raft.server.read.option = DEFAULT (default)
2024-01-08 22:36:04,999 [35d8dfab-9865-4f4a-9db1-8dbffdda00db-groupManagement] INFO  server.RaftServerConfigKeys (ConfUtils.java:logGet(46)) - raft.server.read.read-after-write-consistent.write-index-cache.expiry-time = 60s (default)
2024-01-08 22:36:05,001 [35d8dfab-9865-4f4a-9db1-8dbffdda00db-groupManagement] INFO  server.RaftServerConfigKeys (ConfUtils.java:logGet(46)) - raft.server.rpc.request.timeout = 3000ms (default)
2024-01-08 22:36:05,001 [35d8dfab-9865-4f4a-9db1-8dbffdda00db-groupManagement] INFO  server.RaftServerConfigKeys (ConfUtils.java:logGet(46)) - raft.server.log.appender.install.snapshot.enabled = false (custom)
2024-01-08 22:36:05,001 [35d8dfab-9865-4f4a-9db1-8dbffdda00db-groupManagement] INFO  server.RaftServerConfigKeys (ConfUtils.java:logGet(46)) - raft.server.threadpool.server.cached = true (default)
2024-01-08 22:36:05,001 [35d8dfab-9865-4f4a-9db1-8dbffdda00db-groupManagement] INFO  server.RaftServerConfigKeys (ConfUtils.java:logGet(46)) - raft.server.threadpool.server.size = 0 (default)
2024-01-08 22:36:05,001 [35d8dfab-9865-4f4a-9db1-8dbffdda00db-groupManagement] INFO  server.RaftServerConfigKeys (ConfUtils.java:logGet(46)) - raft.server.threadpool.client.cached = true (default)
2024-01-08 22:36:05,001 [35d8dfab-9865-4f4a-9db1-8dbffdda00db-groupManagement] INFO  server.RaftServerConfigKeys (ConfUtils.java:logGet(46)) - raft.server.threadpool.client.size = 0 (default)
2024-01-08 22:36:05,001 [35d8dfab-9865-4f4a-9db1-8dbffdda00db-groupManagement] INFO  server.RaftServerConfigKeys (ConfUtils.java:logGet(46)) - raft.server.storage.free-space.min = 0MB (=0) (default)
2024-01-08 22:36:05,001 [35d8dfab-9865-4f4a-9db1-8dbffdda00db-groupManagement] INFO  server.RaftServerConfigKeys (ConfUtils.java:logGet(46)) - raft.server.log.corruption.policy = EXCEPTION (default)
2024-01-08 22:36:05,001 [35d8dfab-9865-4f4a-9db1-8dbffdda00db-groupManagement] INFO  server.RaftServerConfigKeys (ConfUtils.java:logGet(46)) - raft.server.storage.dir = [/home/runner/work/ozone/ozone/hadoop-ozone/integration-test/target/test-dir/MiniOzoneClusterImpl-25d1905f-b767-404d-84bf-be0dd4c89112/datanode-3/data/ratis] (custom)
2024-01-08 22:36:05,001 [35d8dfab-9865-4f4a-9db1-8dbffdda00db-groupManagement] INFO  storage.RaftStorageDirectory (RaftStorageDirectoryImpl.java:analyzeStorage(138)) - The storage directory /home/runner/work/ozone/ozone/hadoop-ozone/integration-test/target/test-dir/MiniOzoneClusterImpl-25d1905f-b767-404d-84bf-be0dd4c89112/datanode-3/data/ratis/8bdbc08c-2786-41ee-b58c-ad53b6dae95c does not exist. Creating ...
2024-01-08 22:36:05,002 [35d8dfab-9865-4f4a-9db1-8dbffdda00db-groupManagement] INFO  storage.RaftStorageDirectory (RaftStorageDirectoryImpl.java:tryLock(232)) - Lock on /home/runner/work/ozone/ozone/hadoop-ozone/integration-test/target/test-dir/MiniOzoneClusterImpl-25d1905f-b767-404d-84bf-be0dd4c89112/datanode-3/data/ratis/8bdbc08c-2786-41ee-b58c-ad53b6dae95c/in_use.lock acquired by nodename 83643@fv-az1425-465
2024-01-08 22:36:05,003 [35d8dfab-9865-4f4a-9db1-8dbffdda00db-groupManagement] INFO  storage.RaftStorage (RaftStorageImpl.java:format(97)) - Storage directory /home/runner/work/ozone/ozone/hadoop-ozone/integration-test/target/test-dir/MiniOzoneClusterImpl-25d1905f-b767-404d-84bf-be0dd4c89112/datanode-3/data/ratis/8bdbc08c-2786-41ee-b58c-ad53b6dae95c has been successfully formatted.
2024-01-08 22:36:05,004 [35d8dfab-9865-4f4a-9db1-8dbffdda00db-groupManagement] INFO  ratis.ContainerStateMachine (ContainerStateMachine.java:loadSnapshot(287)) - group-AD53B6DAE95C: The snapshot info is null. Setting the last applied index to:(t:0, i:~)
2024-01-08 22:36:05,004 [35d8dfab-9865-4f4a-9db1-8dbffdda00db-groupManagement] INFO  server.RaftServerConfigKeys (ConfUtils.java:logGet(46)) - raft.server.log.use.memory = false (default)
2024-01-08 22:36:05,004 [35d8dfab-9865-4f4a-9db1-8dbffdda00db-groupManagement] INFO  server.RaftServerConfigKeys (ConfUtils.java:logGet(46)) - raft.server.log.purge.gap = 1000000 (custom)
2024-01-08 22:36:05,004 [35d8dfab-9865-4f4a-9db1-8dbffdda00db-groupManagement] INFO  server.RaftServerConfigKeys (ConfUtils.java:logGet(46)) - raft.server.log.appender.buffer.byte-limit = 8388608 (custom)
2024-01-08 22:36:05,004 [35d8dfab-9865-4f4a-9db1-8dbffdda00db-groupManagement] INFO  server.RaftServerConfigKeys (ConfUtils.java:logGet(46)) - raft.server.log.statemachine.data.read.timeout = 1000ms (default)
2024-01-08 22:36:05,005 [EventQueue-PipelineReportForPipelineReportHandler] INFO  pipeline.PipelineReportHandler (PipelineReportHandler.java:processPipelineReport(136)) - Opened pipeline PipelineID=8bdbc08c-2786-41ee-b58c-ad53b6dae95c
2024-01-08 22:36:05,005 [35d8dfab-9865-4f4a-9db1-8dbffdda00db-groupManagement] INFO  server.RaftServerConfigKeys (ConfUtils.java:logGet(46)) - raft.server.log.purge.preservation.log.num = 0 (default)
2024-01-08 22:36:05,005 [EventQueue-OpenPipelineForHealthyPipelineSafeModeRule] INFO  safemode.SCMSafeModeManager (HealthyPipelineSafeModeRule.java:process(140)) - SCM in safe mode. Healthy pipelines reported count is 0, required healthy pipeline reported count is 1
2024-01-08 22:36:05,007 [35d8dfab-9865-4f4a-9db1-8dbffdda00db-groupManagement] INFO  server.RaftServerConfigKeys (ConfUtils.java:logGet(46)) - raft.server.log.segment.size.max = 67108864 (custom)
2024-01-08 22:36:05,007 [35d8dfab-9865-4f4a-9db1-8dbffdda00db-groupManagement] INFO  server.RaftServerConfigKeys (ConfUtils.java:logGet(46)) - raft.server.log.segment.cache.num.max = 2 (custom)
2024-01-08 22:36:05,007 [35d8dfab-9865-4f4a-9db1-8dbffdda00db-groupManagement] INFO  server.RaftServerConfigKeys (ConfUtils.java:logGet(46)) - raft.server.log.segment.cache.size.max = 200MB (=209715200) (default)
2024-01-08 22:36:05,007 [35d8dfab-9865-4f4a-9db1-8dbffdda00db-groupManagement] INFO  server.RaftServerConfigKeys (ConfUtils.java:logGet(46)) - raft.server.log.appender.buffer.byte-limit = 8388608 (custom)
2024-01-08 22:36:05,007 [35d8dfab-9865-4f4a-9db1-8dbffdda00db-groupManagement] INFO  util.AwaitToRun (AwaitToRun.java:start(81)) - Thread[35d8dfab-9865-4f4a-9db1-8dbffdda00db@group-AD53B6DAE95C-cacheEviction-AwaitToRun,5,main] started
2024-01-08 22:36:05,007 [35d8dfab-9865-4f4a-9db1-8dbffdda00db-groupManagement] INFO  segmented.SegmentedRaftLogWorker (SegmentedRaftLogWorker.java:<init>(184)) - new 35d8dfab-9865-4f4a-9db1-8dbffdda00db@group-AD53B6DAE95C-SegmentedRaftLogWorker for RaftStorageImpl:Storage Directory /home/runner/work/ozone/ozone/hadoop-ozone/integration-test/target/test-dir/MiniOzoneClusterImpl-25d1905f-b767-404d-84bf-be0dd4c89112/datanode-3/data/ratis/8bdbc08c-2786-41ee-b58c-ad53b6dae95c
2024-01-08 22:36:05,007 [35d8dfab-9865-4f4a-9db1-8dbffdda00db-groupManagement] INFO  server.RaftServerConfigKeys (ConfUtils.java:logGet(46)) - raft.server.log.queue.byte-limit = 4294967296 (custom)
2024-01-08 22:36:05,007 [35d8dfab-9865-4f4a-9db1-8dbffdda00db-groupManagement] INFO  server.RaftServerConfigKeys (ConfUtils.java:logGet(46)) - raft.server.log.queue.element-limit = 1024 (custom)
2024-01-08 22:36:05,007 [35d8dfab-9865-4f4a-9db1-8dbffdda00db-groupManagement] INFO  server.RaftServerConfigKeys (ConfUtils.java:logGet(46)) - raft.server.log.segment.size.max = 67108864 (custom)
2024-01-08 22:36:05,008 [35d8dfab-9865-4f4a-9db1-8dbffdda00db-groupManagement] INFO  server.RaftServerConfigKeys (ConfUtils.java:logGet(46)) - raft.server.log.preallocated.size = 4194304 (custom)
2024-01-08 22:36:05,008 [35d8dfab-9865-4f4a-9db1-8dbffdda00db-groupManagement] INFO  server.RaftServerConfigKeys (ConfUtils.java:logGet(46)) - raft.server.log.force.sync.num = 128 (default)
2024-01-08 22:36:05,008 [35d8dfab-9865-4f4a-9db1-8dbffdda00db-groupManagement] INFO  server.RaftServerConfigKeys (ConfUtils.java:logGet(46)) - raft.server.log.statemachine.data.sync = true (default)
2024-01-08 22:36:05,008 [35d8dfab-9865-4f4a-9db1-8dbffdda00db-groupManagement] INFO  server.RaftServerConfigKeys (ConfUtils.java:logGet(46)) - raft.server.log.statemachine.data.sync.timeout = 10s (default)
2024-01-08 22:36:05,008 [35d8dfab-9865-4f4a-9db1-8dbffdda00db-groupManagement] INFO  server.RaftServerConfigKeys (ConfUtils.java:logGet(46)) - raft.server.log.statemachine.data.sync.timeout.retry = 0 (custom)
2024-01-08 22:36:05,008 [35d8dfab-9865-4f4a-9db1-8dbffdda00db-groupManagement] INFO  server.RaftServerConfigKeys (ConfUtils.java:logGet(46)) - raft.server.log.write.buffer.size = 8388616 (custom)
2024-01-08 22:36:05,009 [35d8dfab-9865-4f4a-9db1-8dbffdda00db-groupManagement] INFO  server.RaftServerConfigKeys (ConfUtils.java:logGet(46)) - raft.server.log.appender.buffer.byte-limit = 8388608 (custom)
2024-01-08 22:36:05,010 [35d8dfab-9865-4f4a-9db1-8dbffdda00db-groupManagement] INFO  server.RaftServerConfigKeys (ConfUtils.java:logGet(46)) - raft.server.log.unsafe-flush.enabled = false (default)
2024-01-08 22:36:05,010 [35d8dfab-9865-4f4a-9db1-8dbffdda00db-groupManagement] INFO  server.RaftServerConfigKeys (ConfUtils.java:logGet(46)) - raft.server.log.async-flush.enabled = false (default)
2024-01-08 22:36:05,010 [35d8dfab-9865-4f4a-9db1-8dbffdda00db-groupManagement] INFO  server.RaftServerConfigKeys (ConfUtils.java:logGet(46)) - raft.server.log.statemachine.data.caching.enabled = true (custom)
2024-01-08 22:36:05,010 [35d8dfab-9865-4f4a-9db1-8dbffdda00db-groupManagement] INFO  segmented.SegmentedRaftLogWorker (SegmentedRaftLogWorker.java:lambda$new$0(135)) - 35d8dfab-9865-4f4a-9db1-8dbffdda00db@group-AD53B6DAE95C-SegmentedRaftLogWorker: flushIndex: setUnconditionally 0 -> -1
2024-01-08 22:36:05,010 [35d8dfab-9865-4f4a-9db1-8dbffdda00db-groupManagement] INFO  segmented.SegmentedRaftLogWorker (SegmentedRaftLogWorker.java:lambda$new$0(135)) - 35d8dfab-9865-4f4a-9db1-8dbffdda00db@group-AD53B6DAE95C-SegmentedRaftLogWorker: safeCacheEvictIndex: setUnconditionally 0 -> -1
2024-01-08 22:36:05,010 [35d8dfab-9865-4f4a-9db1-8dbffdda00db-groupManagement] INFO  server.RaftServer$Division (RaftServerImpl.java:start(392)) - 35d8dfab-9865-4f4a-9db1-8dbffdda00db@group-AD53B6DAE95C: start as a follower, conf=-1: peers:[35d8dfab-9865-4f4a-9db1-8dbffdda00db|10.1.0.16:15130]|listeners:[], old=null
2024-01-08 22:36:05,010 [35d8dfab-9865-4f4a-9db1-8dbffdda00db-groupManagement] INFO  server.RaftServer$Division (RaftServerImpl.java:setRole(379)) - 35d8dfab-9865-4f4a-9db1-8dbffdda00db@group-AD53B6DAE95C: changes role from      null to FOLLOWER at term 0 for startAsFollower
2024-01-08 22:36:05,010 [35d8dfab-9865-4f4a-9db1-8dbffdda00db-groupManagement] INFO  impl.RoleInfo (RoleInfo.java:updateAndGet(139)) - 35d8dfab-9865-4f4a-9db1-8dbffdda00db: start 35d8dfab-9865-4f4a-9db1-8dbffdda00db@group-AD53B6DAE95C-FollowerState
2024-01-08 22:36:05,011 [35d8dfab-9865-4f4a-9db1-8dbffdda00db-groupManagement] INFO  util.JmxRegister (JmxRegister.java:tryRegister(44)) - Successfully registered JMX Bean with object name Ratis:service=RaftServer,group=group-AD53B6DAE95C,id=35d8dfab-9865-4f4a-9db1-8dbffdda00db
2024-01-08 22:36:05,011 [35d8dfab-9865-4f4a-9db1-8dbffdda00db@group-AD53B6DAE95C-FollowerState] INFO  server.RaftServerConfigKeys (ConfUtils.java:logFallback(53)) - raft.server.rpc.first-election.timeout.min = 5s (fallback to raft.server.rpc.timeout.min)
2024-01-08 22:36:05,011 [35d8dfab-9865-4f4a-9db1-8dbffdda00db@group-AD53B6DAE95C-FollowerState] INFO  server.RaftServerConfigKeys (ConfUtils.java:logFallback(53)) - raft.server.rpc.first-election.timeout.max = 5200ms (fallback to raft.server.rpc.timeout.max)
2024-01-08 22:36:05,011 [35d8dfab-9865-4f4a-9db1-8dbffdda00db-groupManagement] INFO  server.RaftServerConfigKeys (ConfUtils.java:logGet(46)) - raft.server.snapshot.trigger-when-stop.enabled = true (default)
2024-01-08 22:36:05,011 [35d8dfab-9865-4f4a-9db1-8dbffdda00db-groupManagement] INFO  server.RaftServerConfigKeys (ConfUtils.java:logGet(46)) - raft.server.snapshot.auto.trigger.enabled = true (custom)
2024-01-08 22:36:05,012 [35d8dfab-9865-4f4a-9db1-8dbffdda00db-groupManagement] INFO  server.RaftServerConfigKeys (ConfUtils.java:logGet(46)) - raft.server.snapshot.auto.trigger.threshold = 10000 (custom)
2024-01-08 22:36:05,012 [35d8dfab-9865-4f4a-9db1-8dbffdda00db-groupManagement] INFO  server.RaftServerConfigKeys (ConfUtils.java:logGet(46)) - raft.server.snapshot.retention.file.num = 5 (custom)
2024-01-08 22:36:05,012 [35d8dfab-9865-4f4a-9db1-8dbffdda00db-groupManagement] INFO  server.RaftServerConfigKeys (ConfUtils.java:logGet(46)) - raft.server.log.purge.upto.snapshot.index = false (default)
2024-01-08 22:36:05,013 [35d8dfab-9865-4f4a-9db1-8dbffdda00db-PipelineCommandHandlerThread-0] INFO  ratis.XceiverServerRatis (XceiverServerRatis.java:addGroup(842)) - Created group PipelineID=8bdbc08c-2786-41ee-b58c-ad53b6dae95c
2024-01-08 22:36:05,013 [35d8dfab-9865-4f4a-9db1-8dbffdda00db-PipelineCommandHandlerThread-0] INFO  commandhandler.CreatePipelineCommandHandler (CreatePipelineCommandHandler.java:lambda$handle$2(124)) - Created Pipeline RATIS ONE PipelineID=8bdbc08c-2786-41ee-b58c-ad53b6dae95c.
2024-01-08 22:36:05,013 [35d8dfab-9865-4f4a-9db1-8dbffdda00db-PipelineCommandHandlerThread-0] INFO  server.RaftServer (RaftServerProxy.java:addNew(100)) - 35d8dfab-9865-4f4a-9db1-8dbffdda00db: addNew group-9C533CFC459D:[cd56667c-d7fb-411e-a881-3bd7f4030648|10.1.0.16:15139, 35d8dfab-9865-4f4a-9db1-8dbffdda00db|10.1.0.16:15130, 5d8f7830-f6d4-4ac5-95d9-573f6638b6da|10.1.0.16:15148] returns group-9C533CFC459D:java.util.concurrent.CompletableFuture@4e5245ae[Not completed]
2024-01-08 22:36:05,014 [35d8dfab-9865-4f4a-9db1-8dbffdda00db-groupManagement] INFO  server.RaftServer$Division (RaftServerImpl.java:<init>(256)) - 35d8dfab-9865-4f4a-9db1-8dbffdda00db: new RaftServerImpl for group-9C533CFC459D:[cd56667c-d7fb-411e-a881-3bd7f4030648|10.1.0.16:15139, 35d8dfab-9865-4f4a-9db1-8dbffdda00db|10.1.0.16:15130, 5d8f7830-f6d4-4ac5-95d9-573f6638b6da|10.1.0.16:15148] with ContainerStateMachine:uninitialized
2024-01-08 22:36:05,014 [35d8dfab-9865-4f4a-9db1-8dbffdda00db-groupManagement] INFO  server.RaftServerConfigKeys (ConfUtils.java:logGet(46)) - raft.server.rpc.timeout.min = 5s (custom)
2024-01-08 22:36:05,014 [35d8dfab-9865-4f4a-9db1-8dbffdda00db-groupManagement] INFO  server.RaftServerConfigKeys (ConfUtils.java:logGet(46)) - raft.server.rpc.timeout.max = 5200ms (custom)
2024-01-08 22:36:05,014 [35d8dfab-9865-4f4a-9db1-8dbffdda00db-groupManagement] INFO  server.RaftServerConfigKeys (ConfUtils.java:logGet(46)) - raft.server.rpc.sleep.time = 25ms (default)
2024-01-08 22:36:05,014 [35d8dfab-9865-4f4a-9db1-8dbffdda00db-groupManagement] INFO  server.RaftServerConfigKeys (ConfUtils.java:logGet(46)) - raft.server.rpc.slowness.timeout = 300000ms (custom)
2024-01-08 22:36:05,014 [35d8dfab-9865-4f4a-9db1-8dbffdda00db-groupManagement] INFO  server.RaftServerConfigKeys (ConfUtils.java:logGet(46)) - raft.server.leaderelection.leader.step-down.wait-time = 10s (default)
2024-01-08 22:36:05,014 [35d8dfab-9865-4f4a-9db1-8dbffdda00db-groupManagement] INFO  server.RaftServerConfigKeys (ConfUtils.java:logGet(46)) - raft.server.leaderelection.member.majority-add = false (default)
2024-01-08 22:36:05,014 [35d8dfab-9865-4f4a-9db1-8dbffdda00db-groupManagement] INFO  server.RaftServerConfigKeys (ConfUtils.java:logGet(46)) - raft.server.sleep.deviation.threshold = 300ms (default)
2024-01-08 22:36:05,015 [35d8dfab-9865-4f4a-9db1-8dbffdda00db-groupManagement] INFO  server.RaftServer$Division (ServerState.java:<init>(113)) - 35d8dfab-9865-4f4a-9db1-8dbffdda00db@group-9C533CFC459D: ConfigurationManager, init=-1: peers:[cd56667c-d7fb-411e-a881-3bd7f4030648|10.1.0.16:15139, 35d8dfab-9865-4f4a-9db1-8dbffdda00db|10.1.0.16:15130, 5d8f7830-f6d4-4ac5-95d9-573f6638b6da|10.1.0.16:15148]|listeners:[], old=null, confs=<EMPTY_MAP>
2024-01-08 22:36:05,015 [35d8dfab-9865-4f4a-9db1-8dbffdda00db-groupManagement] INFO  server.RaftServerConfigKeys (ConfUtils.java:logGet(46)) - raft.server.notification.no-leader.timeout = 300000ms (custom)
2024-01-08 22:36:05,015 [35d8dfab-9865-4f4a-9db1-8dbffdda00db-groupManagement] INFO  server.RaftServerConfigKeys (ConfUtils.java:logGet(46)) - raft.server.read.timeout = 10s (default)
2024-01-08 22:36:05,015 [35d8dfab-9865-4f4a-9db1-8dbffdda00db-groupManagement] INFO  server.RaftServerConfigKeys (ConfUtils.java:logGet(46)) - raft.server.retrycache.expirytime = 600000ms (custom)
2024-01-08 22:36:05,015 [35d8dfab-9865-4f4a-9db1-8dbffdda00db-groupManagement] INFO  server.RaftServerConfigKeys (ConfUtils.java:logGet(46)) - raft.server.retrycache.statistics.expirytime = 100ms (default)
2024-01-08 22:36:05,015 [35d8dfab-9865-4f4a-9db1-8dbffdda00db-groupManagement] INFO  server.RaftServerConfigKeys (ConfUtils.java:logGet(46)) - raft.server.read.option = DEFAULT (default)
2024-01-08 22:36:05,015 [35d8dfab-9865-4f4a-9db1-8dbffdda00db-groupManagement] INFO  server.RaftServerConfigKeys (ConfUtils.java:logGet(46)) - raft.server.read.read-after-write-consistent.write-index-cache.expiry-time = 60s (default)
2024-01-08 22:36:05,017 [35d8dfab-9865-4f4a-9db1-8dbffdda00db-groupManagement] INFO  server.RaftServerConfigKeys (ConfUtils.java:logGet(46)) - raft.server.rpc.request.timeout = 3000ms (default)
2024-01-08 22:36:05,017 [35d8dfab-9865-4f4a-9db1-8dbffdda00db-groupManagement] INFO  server.RaftServerConfigKeys (ConfUtils.java:logGet(46)) - raft.server.log.appender.install.snapshot.enabled = false (custom)
2024-01-08 22:36:05,017 [35d8dfab-9865-4f4a-9db1-8dbffdda00db-groupManagement] INFO  server.RaftServerConfigKeys (ConfUtils.java:logGet(46)) - raft.server.threadpool.server.cached = true (default)
2024-01-08 22:36:05,017 [35d8dfab-9865-4f4a-9db1-8dbffdda00db-groupManagement] INFO  server.RaftServerConfigKeys (ConfUtils.java:logGet(46)) - raft.server.threadpool.server.size = 0 (default)
2024-01-08 22:36:05,017 [35d8dfab-9865-4f4a-9db1-8dbffdda00db-groupManagement] INFO  server.RaftServerConfigKeys (ConfUtils.java:logGet(46)) - raft.server.threadpool.client.cached = true (default)
2024-01-08 22:36:05,017 [35d8dfab-9865-4f4a-9db1-8dbffdda00db-groupManagement] INFO  server.RaftServerConfigKeys (ConfUtils.java:logGet(46)) - raft.server.threadpool.client.size = 0 (default)
2024-01-08 22:36:05,017 [35d8dfab-9865-4f4a-9db1-8dbffdda00db-groupManagement] INFO  server.RaftServerConfigKeys (ConfUtils.java:logGet(46)) - raft.server.storage.free-space.min = 0MB (=0) (default)
2024-01-08 22:36:05,017 [35d8dfab-9865-4f4a-9db1-8dbffdda00db-groupManagement] INFO  server.RaftServerConfigKeys (ConfUtils.java:logGet(46)) - raft.server.log.corruption.policy = EXCEPTION (default)
2024-01-08 22:36:05,017 [35d8dfab-9865-4f4a-9db1-8dbffdda00db-groupManagement] INFO  server.RaftServerConfigKeys (ConfUtils.java:logGet(46)) - raft.server.storage.dir = [/home/runner/work/ozone/ozone/hadoop-ozone/integration-test/target/test-dir/MiniOzoneClusterImpl-25d1905f-b767-404d-84bf-be0dd4c89112/datanode-3/data/ratis] (custom)
2024-01-08 22:36:05,017 [35d8dfab-9865-4f4a-9db1-8dbffdda00db-groupManagement] INFO  storage.RaftStorageDirectory (RaftStorageDirectoryImpl.java:analyzeStorage(138)) - The storage directory /home/runner/work/ozone/ozone/hadoop-ozone/integration-test/target/test-dir/MiniOzoneClusterImpl-25d1905f-b767-404d-84bf-be0dd4c89112/datanode-3/data/ratis/7ad15f7c-0983-47c9-b79c-9c533cfc459d does not exist. Creating ...
2024-01-08 22:36:05,018 [35d8dfab-9865-4f4a-9db1-8dbffdda00db-groupManagement] INFO  storage.RaftStorageDirectory (RaftStorageDirectoryImpl.java:tryLock(232)) - Lock on /home/runner/work/ozone/ozone/hadoop-ozone/integration-test/target/test-dir/MiniOzoneClusterImpl-25d1905f-b767-404d-84bf-be0dd4c89112/datanode-3/data/ratis/7ad15f7c-0983-47c9-b79c-9c533cfc459d/in_use.lock acquired by nodename 83643@fv-az1425-465
2024-01-08 22:36:05,019 [35d8dfab-9865-4f4a-9db1-8dbffdda00db-groupManagement] INFO  storage.RaftStorage (RaftStorageImpl.java:format(97)) - Storage directory /home/runner/work/ozone/ozone/hadoop-ozone/integration-test/target/test-dir/MiniOzoneClusterImpl-25d1905f-b767-404d-84bf-be0dd4c89112/datanode-3/data/ratis/7ad15f7c-0983-47c9-b79c-9c533cfc459d has been successfully formatted.
2024-01-08 22:36:05,019 [35d8dfab-9865-4f4a-9db1-8dbffdda00db-groupManagement] INFO  ratis.ContainerStateMachine (ContainerStateMachine.java:loadSnapshot(287)) - group-9C533CFC459D: The snapshot info is null. Setting the last applied index to:(t:0, i:~)
2024-01-08 22:36:05,019 [35d8dfab-9865-4f4a-9db1-8dbffdda00db-groupManagement] INFO  server.RaftServerConfigKeys (ConfUtils.java:logGet(46)) - raft.server.log.use.memory = false (default)
2024-01-08 22:36:05,020 [35d8dfab-9865-4f4a-9db1-8dbffdda00db-groupManagement] INFO  server.RaftServerConfigKeys (ConfUtils.java:logGet(46)) - raft.server.log.purge.gap = 1000000 (custom)
2024-01-08 22:36:05,020 [35d8dfab-9865-4f4a-9db1-8dbffdda00db-groupManagement] INFO  server.RaftServerConfigKeys (ConfUtils.java:logGet(46)) - raft.server.log.appender.buffer.byte-limit = 8388608 (custom)
2024-01-08 22:36:05,020 [35d8dfab-9865-4f4a-9db1-8dbffdda00db-groupManagement] INFO  server.RaftServerConfigKeys (ConfUtils.java:logGet(46)) - raft.server.log.statemachine.data.read.timeout = 1000ms (default)
2024-01-08 22:36:05,020 [35d8dfab-9865-4f4a-9db1-8dbffdda00db-groupManagement] INFO  server.RaftServerConfigKeys (ConfUtils.java:logGet(46)) - raft.server.log.purge.preservation.log.num = 0 (default)
2024-01-08 22:36:05,020 [EventQueue-OpenPipelineForHealthyPipelineSafeModeRule] INFO  safemode.SCMSafeModeManager (HealthyPipelineSafeModeRule.java:process(140)) - SCM in safe mode. Healthy pipelines reported count is 0, required healthy pipeline reported count is 1
2024-01-08 22:36:05,021 [35d8dfab-9865-4f4a-9db1-8dbffdda00db-groupManagement] INFO  server.RaftServerConfigKeys (ConfUtils.java:logGet(46)) - raft.server.log.segment.size.max = 67108864 (custom)
2024-01-08 22:36:05,022 [35d8dfab-9865-4f4a-9db1-8dbffdda00db-groupManagement] INFO  server.RaftServerConfigKeys (ConfUtils.java:logGet(46)) - raft.server.log.segment.cache.num.max = 2 (custom)
2024-01-08 22:36:05,022 [35d8dfab-9865-4f4a-9db1-8dbffdda00db-groupManagement] INFO  server.RaftServerConfigKeys (ConfUtils.java:logGet(46)) - raft.server.log.segment.cache.size.max = 200MB (=209715200) (default)
2024-01-08 22:36:05,022 [35d8dfab-9865-4f4a-9db1-8dbffdda00db-groupManagement] INFO  server.RaftServerConfigKeys (ConfUtils.java:logGet(46)) - raft.server.log.appender.buffer.byte-limit = 8388608 (custom)
2024-01-08 22:36:05,023 [35d8dfab-9865-4f4a-9db1-8dbffdda00db-groupManagement] INFO  util.AwaitToRun (AwaitToRun.java:start(81)) - Thread[35d8dfab-9865-4f4a-9db1-8dbffdda00db@group-9C533CFC459D-cacheEviction-AwaitToRun,5,main] started
2024-01-08 22:36:05,023 [35d8dfab-9865-4f4a-9db1-8dbffdda00db-groupManagement] INFO  segmented.SegmentedRaftLogWorker (SegmentedRaftLogWorker.java:<init>(184)) - new 35d8dfab-9865-4f4a-9db1-8dbffdda00db@group-9C533CFC459D-SegmentedRaftLogWorker for RaftStorageImpl:Storage Directory /home/runner/work/ozone/ozone/hadoop-ozone/integration-test/target/test-dir/MiniOzoneClusterImpl-25d1905f-b767-404d-84bf-be0dd4c89112/datanode-3/data/ratis/7ad15f7c-0983-47c9-b79c-9c533cfc459d
2024-01-08 22:36:05,023 [35d8dfab-9865-4f4a-9db1-8dbffdda00db-groupManagement] INFO  server.RaftServerConfigKeys (ConfUtils.java:logGet(46)) - raft.server.log.queue.byte-limit = 4294967296 (custom)
2024-01-08 22:36:05,024 [35d8dfab-9865-4f4a-9db1-8dbffdda00db-groupManagement] INFO  server.RaftServerConfigKeys (ConfUtils.java:logGet(46)) - raft.server.log.queue.element-limit = 1024 (custom)
2024-01-08 22:36:05,024 [35d8dfab-9865-4f4a-9db1-8dbffdda00db-groupManagement] INFO  server.RaftServerConfigKeys (ConfUtils.java:logGet(46)) - raft.server.log.segment.size.max = 67108864 (custom)
2024-01-08 22:36:05,024 [35d8dfab-9865-4f4a-9db1-8dbffdda00db-groupManagement] INFO  server.RaftServerConfigKeys (ConfUtils.java:logGet(46)) - raft.server.log.preallocated.size = 4194304 (custom)
2024-01-08 22:36:05,024 [35d8dfab-9865-4f4a-9db1-8dbffdda00db-groupManagement] INFO  server.RaftServerConfigKeys (ConfUtils.java:logGet(46)) - raft.server.log.force.sync.num = 128 (default)
2024-01-08 22:36:05,024 [35d8dfab-9865-4f4a-9db1-8dbffdda00db-groupManagement] INFO  server.RaftServerConfigKeys (ConfUtils.java:logGet(46)) - raft.server.log.statemachine.data.sync = true (default)
2024-01-08 22:36:05,024 [35d8dfab-9865-4f4a-9db1-8dbffdda00db-groupManagement] INFO  server.RaftServerConfigKeys (ConfUtils.java:logGet(46)) - raft.server.log.statemachine.data.sync.timeout = 10s (default)
2024-01-08 22:36:05,024 [35d8dfab-9865-4f4a-9db1-8dbffdda00db-groupManagement] INFO  server.RaftServerConfigKeys (ConfUtils.java:logGet(46)) - raft.server.log.statemachine.data.sync.timeout.retry = 0 (custom)
2024-01-08 22:36:05,024 [35d8dfab-9865-4f4a-9db1-8dbffdda00db-groupManagement] INFO  server.RaftServerConfigKeys (ConfUtils.java:logGet(46)) - raft.server.log.write.buffer.size = 8388616 (custom)
2024-01-08 22:36:05,026 [35d8dfab-9865-4f4a-9db1-8dbffdda00db-groupManagement] INFO  server.RaftServerConfigKeys (ConfUtils.java:logGet(46)) - raft.server.log.appender.buffer.byte-limit = 8388608 (custom)
2024-01-08 22:36:05,027 [35d8dfab-9865-4f4a-9db1-8dbffdda00db-groupManagement] INFO  server.RaftServerConfigKeys (ConfUtils.java:logGet(46)) - raft.server.log.unsafe-flush.enabled = false (default)
2024-01-08 22:36:05,027 [35d8dfab-9865-4f4a-9db1-8dbffdda00db-groupManagement] INFO  server.RaftServerConfigKeys (ConfUtils.java:logGet(46)) - raft.server.log.async-flush.enabled = false (default)
2024-01-08 22:36:05,027 [35d8dfab-9865-4f4a-9db1-8dbffdda00db-groupManagement] INFO  server.RaftServerConfigKeys (ConfUtils.java:logGet(46)) - raft.server.log.statemachine.data.caching.enabled = true (custom)
2024-01-08 22:36:05,027 [35d8dfab-9865-4f4a-9db1-8dbffdda00db-groupManagement] INFO  segmented.SegmentedRaftLogWorker (SegmentedRaftLogWorker.java:lambda$new$0(135)) - 35d8dfab-9865-4f4a-9db1-8dbffdda00db@group-9C533CFC459D-SegmentedRaftLogWorker: flushIndex: setUnconditionally 0 -> -1
2024-01-08 22:36:05,027 [35d8dfab-9865-4f4a-9db1-8dbffdda00db-groupManagement] INFO  segmented.SegmentedRaftLogWorker (SegmentedRaftLogWorker.java:lambda$new$0(135)) - 35d8dfab-9865-4f4a-9db1-8dbffdda00db@group-9C533CFC459D-SegmentedRaftLogWorker: safeCacheEvictIndex: setUnconditionally 0 -> -1
2024-01-08 22:36:05,031 [35d8dfab-9865-4f4a-9db1-8dbffdda00db-groupManagement] INFO  server.RaftServer$Division (RaftServerImpl.java:start(392)) - 35d8dfab-9865-4f4a-9db1-8dbffdda00db@group-9C533CFC459D: start as a follower, conf=-1: peers:[cd56667c-d7fb-411e-a881-3bd7f4030648|10.1.0.16:15139, 35d8dfab-9865-4f4a-9db1-8dbffdda00db|10.1.0.16:15130, 5d8f7830-f6d4-4ac5-95d9-573f6638b6da|10.1.0.16:15148]|listeners:[], old=null
2024-01-08 22:36:05,031 [35d8dfab-9865-4f4a-9db1-8dbffdda00db-groupManagement] INFO  server.RaftServer$Division (RaftServerImpl.java:setRole(379)) - 35d8dfab-9865-4f4a-9db1-8dbffdda00db@group-9C533CFC459D: changes role from      null to FOLLOWER at term 0 for startAsFollower
2024-01-08 22:36:05,031 [35d8dfab-9865-4f4a-9db1-8dbffdda00db-groupManagement] INFO  impl.RoleInfo (RoleInfo.java:updateAndGet(139)) - 35d8dfab-9865-4f4a-9db1-8dbffdda00db: start 35d8dfab-9865-4f4a-9db1-8dbffdda00db@group-9C533CFC459D-FollowerState
2024-01-08 22:36:05,031 [35d8dfab-9865-4f4a-9db1-8dbffdda00db-groupManagement] INFO  util.JmxRegister (JmxRegister.java:tryRegister(44)) - Successfully registered JMX Bean with object name Ratis:service=RaftServer,group=group-9C533CFC459D,id=35d8dfab-9865-4f4a-9db1-8dbffdda00db
2024-01-08 22:36:05,031 [35d8dfab-9865-4f4a-9db1-8dbffdda00db-groupManagement] INFO  server.RaftServerConfigKeys (ConfUtils.java:logGet(46)) - raft.server.snapshot.trigger-when-stop.enabled = true (default)
2024-01-08 22:36:05,031 [35d8dfab-9865-4f4a-9db1-8dbffdda00db-groupManagement] INFO  server.RaftServerConfigKeys (ConfUtils.java:logGet(46)) - raft.server.snapshot.auto.trigger.enabled = true (custom)
2024-01-08 22:36:05,031 [35d8dfab-9865-4f4a-9db1-8dbffdda00db-groupManagement] INFO  server.RaftServerConfigKeys (ConfUtils.java:logGet(46)) - raft.server.snapshot.auto.trigger.threshold = 10000 (custom)
2024-01-08 22:36:05,031 [35d8dfab-9865-4f4a-9db1-8dbffdda00db-groupManagement] INFO  server.RaftServerConfigKeys (ConfUtils.java:logGet(46)) - raft.server.snapshot.retention.file.num = 5 (custom)
2024-01-08 22:36:05,031 [35d8dfab-9865-4f4a-9db1-8dbffdda00db-groupManagement] INFO  server.RaftServerConfigKeys (ConfUtils.java:logGet(46)) - raft.server.log.purge.upto.snapshot.index = false (default)
2024-01-08 22:36:05,031 [35d8dfab-9865-4f4a-9db1-8dbffdda00db@group-9C533CFC459D-FollowerState] INFO  server.RaftServerConfigKeys (ConfUtils.java:logFallback(53)) - raft.server.rpc.first-election.timeout.min = 5s (fallback to raft.server.rpc.timeout.min)
2024-01-08 22:36:05,032 [35d8dfab-9865-4f4a-9db1-8dbffdda00db@group-9C533CFC459D-FollowerState] INFO  server.RaftServerConfigKeys (ConfUtils.java:logFallback(53)) - raft.server.rpc.first-election.timeout.max = 5200ms (fallback to raft.server.rpc.timeout.max)
2024-01-08 22:36:05,032 [35d8dfab-9865-4f4a-9db1-8dbffdda00db-PipelineCommandHandlerThread-0] INFO  ratis.XceiverServerRatis (XceiverServerRatis.java:addGroup(842)) - Created group PipelineID=7ad15f7c-0983-47c9-b79c-9c533cfc459d
2024-01-08 22:36:05,038 [grpc-default-executor-0] INFO  server.RaftServer (RaftServerProxy.java:addNew(100)) - 5d8f7830-f6d4-4ac5-95d9-573f6638b6da: addNew group-9C533CFC459D:[cd56667c-d7fb-411e-a881-3bd7f4030648|10.1.0.16:15139, 35d8dfab-9865-4f4a-9db1-8dbffdda00db|10.1.0.16:15130, 5d8f7830-f6d4-4ac5-95d9-573f6638b6da|10.1.0.16:15148] returns group-9C533CFC459D:java.util.concurrent.CompletableFuture@6197910c[Not completed]
2024-01-08 22:36:05,039 [5d8f7830-f6d4-4ac5-95d9-573f6638b6da-groupManagement] INFO  server.RaftServer$Division (RaftServerImpl.java:<init>(256)) - 5d8f7830-f6d4-4ac5-95d9-573f6638b6da: new RaftServerImpl for group-9C533CFC459D:[cd56667c-d7fb-411e-a881-3bd7f4030648|10.1.0.16:15139, 35d8dfab-9865-4f4a-9db1-8dbffdda00db|10.1.0.16:15130, 5d8f7830-f6d4-4ac5-95d9-573f6638b6da|10.1.0.16:15148] with ContainerStateMachine:uninitialized
2024-01-08 22:36:05,039 [5d8f7830-f6d4-4ac5-95d9-573f6638b6da-groupManagement] INFO  server.RaftServerConfigKeys (ConfUtils.java:logGet(46)) - raft.server.rpc.timeout.min = 5s (custom)
2024-01-08 22:36:05,040 [5d8f7830-f6d4-4ac5-95d9-573f6638b6da-groupManagement] INFO  server.RaftServerConfigKeys (ConfUtils.java:logGet(46)) - raft.server.rpc.timeout.max = 5200ms (custom)
2024-01-08 22:36:05,040 [5d8f7830-f6d4-4ac5-95d9-573f6638b6da-groupManagement] INFO  server.RaftServerConfigKeys (ConfUtils.java:logGet(46)) - raft.server.rpc.sleep.time = 25ms (default)
2024-01-08 22:36:05,040 [5d8f7830-f6d4-4ac5-95d9-573f6638b6da-groupManagement] INFO  server.RaftServerConfigKeys (ConfUtils.java:logGet(46)) - raft.server.rpc.slowness.timeout = 300000ms (custom)
2024-01-08 22:36:05,040 [5d8f7830-f6d4-4ac5-95d9-573f6638b6da-groupManagement] INFO  server.RaftServerConfigKeys (ConfUtils.java:logGet(46)) - raft.server.leaderelection.leader.step-down.wait-time = 10s (default)
2024-01-08 22:36:05,040 [5d8f7830-f6d4-4ac5-95d9-573f6638b6da-groupManagement] INFO  server.RaftServerConfigKeys (ConfUtils.java:logGet(46)) - raft.server.leaderelection.member.majority-add = false (default)
2024-01-08 22:36:05,040 [5d8f7830-f6d4-4ac5-95d9-573f6638b6da-groupManagement] INFO  server.RaftServerConfigKeys (ConfUtils.java:logGet(46)) - raft.server.sleep.deviation.threshold = 300ms (default)
2024-01-08 22:36:05,040 [5d8f7830-f6d4-4ac5-95d9-573f6638b6da-groupManagement] INFO  server.RaftServer$Division (ServerState.java:<init>(113)) - 5d8f7830-f6d4-4ac5-95d9-573f6638b6da@group-9C533CFC459D: ConfigurationManager, init=-1: peers:[cd56667c-d7fb-411e-a881-3bd7f4030648|10.1.0.16:15139, 35d8dfab-9865-4f4a-9db1-8dbffdda00db|10.1.0.16:15130, 5d8f7830-f6d4-4ac5-95d9-573f6638b6da|10.1.0.16:15148]|listeners:[], old=null, confs=<EMPTY_MAP>
2024-01-08 22:36:05,040 [5d8f7830-f6d4-4ac5-95d9-573f6638b6da-groupManagement] INFO  server.RaftServerConfigKeys (ConfUtils.java:logGet(46)) - raft.server.notification.no-leader.timeout = 300000ms (custom)
2024-01-08 22:36:05,040 [5d8f7830-f6d4-4ac5-95d9-573f6638b6da-groupManagement] INFO  server.RaftServerConfigKeys (ConfUtils.java:logGet(46)) - raft.server.read.timeout = 10s (default)
2024-01-08 22:36:05,041 [5d8f7830-f6d4-4ac5-95d9-573f6638b6da-groupManagement] INFO  server.RaftServerConfigKeys (ConfUtils.java:logGet(46)) - raft.server.retrycache.expirytime = 600000ms (custom)
2024-01-08 22:36:05,041 [5d8f7830-f6d4-4ac5-95d9-573f6638b6da-groupManagement] INFO  server.RaftServerConfigKeys (ConfUtils.java:logGet(46)) - raft.server.retrycache.statistics.expirytime = 100ms (default)
2024-01-08 22:36:05,041 [5d8f7830-f6d4-4ac5-95d9-573f6638b6da-groupManagement] INFO  server.RaftServerConfigKeys (ConfUtils.java:logGet(46)) - raft.server.read.option = DEFAULT (default)
2024-01-08 22:36:05,041 [5d8f7830-f6d4-4ac5-95d9-573f6638b6da-groupManagement] INFO  server.RaftServerConfigKeys (ConfUtils.java:logGet(46)) - raft.server.read.read-after-write-consistent.write-index-cache.expiry-time = 60s (default)
2024-01-08 22:36:05,044 [5d8f7830-f6d4-4ac5-95d9-573f6638b6da-groupManagement] INFO  server.RaftServerConfigKeys (ConfUtils.java:logGet(46)) - raft.server.rpc.request.timeout = 3000ms (default)
2024-01-08 22:36:05,044 [5d8f7830-f6d4-4ac5-95d9-573f6638b6da-groupManagement] INFO  server.RaftServerConfigKeys (ConfUtils.java:logGet(46)) - raft.server.log.appender.install.snapshot.enabled = false (custom)
2024-01-08 22:36:05,044 [5d8f7830-f6d4-4ac5-95d9-573f6638b6da-groupManagement] INFO  server.RaftServerConfigKeys (ConfUtils.java:logGet(46)) - raft.server.threadpool.server.cached = true (default)
2024-01-08 22:36:05,044 [5d8f7830-f6d4-4ac5-95d9-573f6638b6da-groupManagement] INFO  server.RaftServerConfigKeys (ConfUtils.java:logGet(46)) - raft.server.threadpool.server.size = 0 (default)
2024-01-08 22:36:05,044 [5d8f7830-f6d4-4ac5-95d9-573f6638b6da-groupManagement] INFO  server.RaftServerConfigKeys (ConfUtils.java:logGet(46)) - raft.server.threadpool.client.cached = true (default)
2024-01-08 22:36:05,044 [5d8f7830-f6d4-4ac5-95d9-573f6638b6da-groupManagement] INFO  server.RaftServerConfigKeys (ConfUtils.java:logGet(46)) - raft.server.threadpool.client.size = 0 (default)
2024-01-08 22:36:05,044 [5d8f7830-f6d4-4ac5-95d9-573f6638b6da-groupManagement] INFO  server.RaftServerConfigKeys (ConfUtils.java:logGet(46)) - raft.server.storage.free-space.min = 0MB (=0) (default)
2024-01-08 22:36:05,044 [5d8f7830-f6d4-4ac5-95d9-573f6638b6da-groupManagement] INFO  server.RaftServerConfigKeys (ConfUtils.java:logGet(46)) - raft.server.log.corruption.policy = EXCEPTION (default)
2024-01-08 22:36:05,045 [5d8f7830-f6d4-4ac5-95d9-573f6638b6da-groupManagement] INFO  server.RaftServerConfigKeys (ConfUtils.java:logGet(46)) - raft.server.storage.dir = [/home/runner/work/ozone/ozone/hadoop-ozone/integration-test/target/test-dir/MiniOzoneClusterImpl-25d1905f-b767-404d-84bf-be0dd4c89112/datanode-5/data/ratis] (custom)
2024-01-08 22:36:05,045 [5d8f7830-f6d4-4ac5-95d9-573f6638b6da-groupManagement] INFO  storage.RaftStorageDirectory (RaftStorageDirectoryImpl.java:analyzeStorage(138)) - The storage directory /home/runner/work/ozone/ozone/hadoop-ozone/integration-test/target/test-dir/MiniOzoneClusterImpl-25d1905f-b767-404d-84bf-be0dd4c89112/datanode-5/data/ratis/7ad15f7c-0983-47c9-b79c-9c533cfc459d does not exist. Creating ...
2024-01-08 22:36:05,046 [5d8f7830-f6d4-4ac5-95d9-573f6638b6da-groupManagement] INFO  storage.RaftStorageDirectory (RaftStorageDirectoryImpl.java:tryLock(232)) - Lock on /home/runner/work/ozone/ozone/hadoop-ozone/integration-test/target/test-dir/MiniOzoneClusterImpl-25d1905f-b767-404d-84bf-be0dd4c89112/datanode-5/data/ratis/7ad15f7c-0983-47c9-b79c-9c533cfc459d/in_use.lock acquired by nodename 83643@fv-az1425-465
2024-01-08 22:36:05,047 [5d8f7830-f6d4-4ac5-95d9-573f6638b6da-groupManagement] INFO  storage.RaftStorage (RaftStorageImpl.java:format(97)) - Storage directory /home/runner/work/ozone/ozone/hadoop-ozone/integration-test/target/test-dir/MiniOzoneClusterImpl-25d1905f-b767-404d-84bf-be0dd4c89112/datanode-5/data/ratis/7ad15f7c-0983-47c9-b79c-9c533cfc459d has been successfully formatted.
2024-01-08 22:36:05,048 [5d8f7830-f6d4-4ac5-95d9-573f6638b6da-groupManagement] INFO  ratis.ContainerStateMachine (ContainerStateMachine.java:loadSnapshot(287)) - group-9C533CFC459D: The snapshot info is null. Setting the last applied index to:(t:0, i:~)
2024-01-08 22:36:05,048 [5d8f7830-f6d4-4ac5-95d9-573f6638b6da-groupManagement] INFO  server.RaftServerConfigKeys (ConfUtils.java:logGet(46)) - raft.server.log.use.memory = false (default)
2024-01-08 22:36:05,048 [5d8f7830-f6d4-4ac5-95d9-573f6638b6da-groupManagement] INFO  server.RaftServerConfigKeys (ConfUtils.java:logGet(46)) - raft.server.log.purge.gap = 1000000 (custom)
2024-01-08 22:36:05,048 [5d8f7830-f6d4-4ac5-95d9-573f6638b6da-groupManagement] INFO  server.RaftServerConfigKeys (ConfUtils.java:logGet(46)) - raft.server.log.appender.buffer.byte-limit = 8388608 (custom)
2024-01-08 22:36:05,048 [5d8f7830-f6d4-4ac5-95d9-573f6638b6da-groupManagement] INFO  server.RaftServerConfigKeys (ConfUtils.java:logGet(46)) - raft.server.log.statemachine.data.read.timeout = 1000ms (default)
2024-01-08 22:36:05,048 [5d8f7830-f6d4-4ac5-95d9-573f6638b6da-groupManagement] INFO  server.RaftServerConfigKeys (ConfUtils.java:logGet(46)) - raft.server.log.purge.preservation.log.num = 0 (default)
2024-01-08 22:36:05,049 [5d8f7830-f6d4-4ac5-95d9-573f6638b6da-groupManagement] INFO  server.RaftServerConfigKeys (ConfUtils.java:logGet(46)) - raft.server.log.segment.size.max = 67108864 (custom)
2024-01-08 22:36:05,050 [5d8f7830-f6d4-4ac5-95d9-573f6638b6da-groupManagement] INFO  server.RaftServerConfigKeys (ConfUtils.java:logGet(46)) - raft.server.log.segment.cache.num.max = 2 (custom)
2024-01-08 22:36:05,050 [5d8f7830-f6d4-4ac5-95d9-573f6638b6da-groupManagement] INFO  server.RaftServerConfigKeys (ConfUtils.java:logGet(46)) - raft.server.log.segment.cache.size.max = 200MB (=209715200) (default)
2024-01-08 22:36:05,050 [5d8f7830-f6d4-4ac5-95d9-573f6638b6da-groupManagement] INFO  server.RaftServerConfigKeys (ConfUtils.java:logGet(46)) - raft.server.log.appender.buffer.byte-limit = 8388608 (custom)
2024-01-08 22:36:05,054 [5d8f7830-f6d4-4ac5-95d9-573f6638b6da-groupManagement] INFO  util.AwaitToRun (AwaitToRun.java:start(81)) - Thread[5d8f7830-f6d4-4ac5-95d9-573f6638b6da@group-9C533CFC459D-cacheEviction-AwaitToRun,5,main] started
2024-01-08 22:36:05,054 [5d8f7830-f6d4-4ac5-95d9-573f6638b6da-groupManagement] INFO  segmented.SegmentedRaftLogWorker (SegmentedRaftLogWorker.java:<init>(184)) - new 5d8f7830-f6d4-4ac5-95d9-573f6638b6da@group-9C533CFC459D-SegmentedRaftLogWorker for RaftStorageImpl:Storage Directory /home/runner/work/ozone/ozone/hadoop-ozone/integration-test/target/test-dir/MiniOzoneClusterImpl-25d1905f-b767-404d-84bf-be0dd4c89112/datanode-5/data/ratis/7ad15f7c-0983-47c9-b79c-9c533cfc459d
2024-01-08 22:36:05,055 [5d8f7830-f6d4-4ac5-95d9-573f6638b6da-groupManagement] INFO  server.RaftServerConfigKeys (ConfUtils.java:logGet(46)) - raft.server.log.queue.byte-limit = 4294967296 (custom)
2024-01-08 22:36:05,055 [5d8f7830-f6d4-4ac5-95d9-573f6638b6da-groupManagement] INFO  server.RaftServerConfigKeys (ConfUtils.java:logGet(46)) - raft.server.log.queue.element-limit = 1024 (custom)
2024-01-08 22:36:05,055 [5d8f7830-f6d4-4ac5-95d9-573f6638b6da-groupManagement] INFO  server.RaftServerConfigKeys (ConfUtils.java:logGet(46)) - raft.server.log.segment.size.max = 67108864 (custom)
2024-01-08 22:36:05,055 [5d8f7830-f6d4-4ac5-95d9-573f6638b6da-groupManagement] INFO  server.RaftServerConfigKeys (ConfUtils.java:logGet(46)) - raft.server.log.preallocated.size = 4194304 (custom)
2024-01-08 22:36:05,055 [5d8f7830-f6d4-4ac5-95d9-573f6638b6da-groupManagement] INFO  server.RaftServerConfigKeys (ConfUtils.java:logGet(46)) - raft.server.log.force.sync.num = 128 (default)
2024-01-08 22:36:05,055 [5d8f7830-f6d4-4ac5-95d9-573f6638b6da-groupManagement] INFO  server.RaftServerConfigKeys (ConfUtils.java:logGet(46)) - raft.server.log.statemachine.data.sync = true (default)
2024-01-08 22:36:05,056 [5d8f7830-f6d4-4ac5-95d9-573f6638b6da-groupManagement] INFO  server.RaftServerConfigKeys (ConfUtils.java:logGet(46)) - raft.server.log.statemachine.data.sync.timeout = 10s (default)
2024-01-08 22:36:05,056 [5d8f7830-f6d4-4ac5-95d9-573f6638b6da-groupManagement] INFO  server.RaftServerConfigKeys (ConfUtils.java:logGet(46)) - raft.server.log.statemachine.data.sync.timeout.retry = 0 (custom)
2024-01-08 22:36:05,056 [5d8f7830-f6d4-4ac5-95d9-573f6638b6da-groupManagement] INFO  server.RaftServerConfigKeys (ConfUtils.java:logGet(46)) - raft.server.log.write.buffer.size = 8388616 (custom)
2024-01-08 22:36:05,058 [5d8f7830-f6d4-4ac5-95d9-573f6638b6da-groupManagement] INFO  server.RaftServerConfigKeys (ConfUtils.java:logGet(46)) - raft.server.log.appender.buffer.byte-limit = 8388608 (custom)
2024-01-08 22:36:05,058 [5d8f7830-f6d4-4ac5-95d9-573f6638b6da-groupManagement] INFO  server.RaftServerConfigKeys (ConfUtils.java:logGet(46)) - raft.server.log.unsafe-flush.enabled = false (default)
2024-01-08 22:36:05,059 [5d8f7830-f6d4-4ac5-95d9-573f6638b6da-groupManagement] INFO  server.RaftServerConfigKeys (ConfUtils.java:logGet(46)) - raft.server.log.async-flush.enabled = false (default)
2024-01-08 22:36:05,059 [5d8f7830-f6d4-4ac5-95d9-573f6638b6da-groupManagement] INFO  server.RaftServerConfigKeys (ConfUtils.java:logGet(46)) - raft.server.log.statemachine.data.caching.enabled = true (custom)
2024-01-08 22:36:05,059 [5d8f7830-f6d4-4ac5-95d9-573f6638b6da-groupManagement] INFO  segmented.SegmentedRaftLogWorker (SegmentedRaftLogWorker.java:lambda$new$0(135)) - 5d8f7830-f6d4-4ac5-95d9-573f6638b6da@group-9C533CFC459D-SegmentedRaftLogWorker: flushIndex: setUnconditionally 0 -> -1
2024-01-08 22:36:05,059 [5d8f7830-f6d4-4ac5-95d9-573f6638b6da-groupManagement] INFO  segmented.SegmentedRaftLogWorker (SegmentedRaftLogWorker.java:lambda$new$0(135)) - 5d8f7830-f6d4-4ac5-95d9-573f6638b6da@group-9C533CFC459D-SegmentedRaftLogWorker: safeCacheEvictIndex: setUnconditionally 0 -> -1
2024-01-08 22:36:05,060 [5d8f7830-f6d4-4ac5-95d9-573f6638b6da-groupManagement] INFO  server.RaftServer$Division (RaftServerImpl.java:start(392)) - 5d8f7830-f6d4-4ac5-95d9-573f6638b6da@group-9C533CFC459D: start as a follower, conf=-1: peers:[cd56667c-d7fb-411e-a881-3bd7f4030648|10.1.0.16:15139, 35d8dfab-9865-4f4a-9db1-8dbffdda00db|10.1.0.16:15130, 5d8f7830-f6d4-4ac5-95d9-573f6638b6da|10.1.0.16:15148]|listeners:[], old=null
2024-01-08 22:36:05,060 [5d8f7830-f6d4-4ac5-95d9-573f6638b6da-groupManagement] INFO  server.RaftServer$Division (RaftServerImpl.java:setRole(379)) - 5d8f7830-f6d4-4ac5-95d9-573f6638b6da@group-9C533CFC459D: changes role from      null to FOLLOWER at term 0 for startAsFollower
2024-01-08 22:36:05,060 [5d8f7830-f6d4-4ac5-95d9-573f6638b6da-groupManagement] INFO  impl.RoleInfo (RoleInfo.java:updateAndGet(139)) - 5d8f7830-f6d4-4ac5-95d9-573f6638b6da: start 5d8f7830-f6d4-4ac5-95d9-573f6638b6da@group-9C533CFC459D-FollowerState
2024-01-08 22:36:05,060 [5d8f7830-f6d4-4ac5-95d9-573f6638b6da@group-9C533CFC459D-FollowerState] INFO  server.RaftServerConfigKeys (ConfUtils.java:logFallback(53)) - raft.server.rpc.first-election.timeout.min = 5s (fallback to raft.server.rpc.timeout.min)
2024-01-08 22:36:05,060 [5d8f7830-f6d4-4ac5-95d9-573f6638b6da@group-9C533CFC459D-FollowerState] INFO  server.RaftServerConfigKeys (ConfUtils.java:logFallback(53)) - raft.server.rpc.first-election.timeout.max = 5200ms (fallback to raft.server.rpc.timeout.max)
2024-01-08 22:36:05,060 [5d8f7830-f6d4-4ac5-95d9-573f6638b6da-groupManagement] INFO  util.JmxRegister (JmxRegister.java:tryRegister(44)) - Successfully registered JMX Bean with object name Ratis:service=RaftServer,group=group-9C533CFC459D,id=5d8f7830-f6d4-4ac5-95d9-573f6638b6da
2024-01-08 22:36:05,061 [5d8f7830-f6d4-4ac5-95d9-573f6638b6da-groupManagement] INFO  server.RaftServerConfigKeys (ConfUtils.java:logGet(46)) - raft.server.snapshot.trigger-when-stop.enabled = true (default)
2024-01-08 22:36:05,061 [5d8f7830-f6d4-4ac5-95d9-573f6638b6da-groupManagement] INFO  server.RaftServerConfigKeys (ConfUtils.java:logGet(46)) - raft.server.snapshot.auto.trigger.enabled = true (custom)
2024-01-08 22:36:05,061 [5d8f7830-f6d4-4ac5-95d9-573f6638b6da-groupManagement] INFO  server.RaftServerConfigKeys (ConfUtils.java:logGet(46)) - raft.server.snapshot.auto.trigger.threshold = 10000 (custom)
2024-01-08 22:36:05,061 [5d8f7830-f6d4-4ac5-95d9-573f6638b6da-groupManagement] INFO  server.RaftServerConfigKeys (ConfUtils.java:logGet(46)) - raft.server.snapshot.retention.file.num = 5 (custom)
2024-01-08 22:36:05,061 [5d8f7830-f6d4-4ac5-95d9-573f6638b6da-groupManagement] INFO  server.RaftServerConfigKeys (ConfUtils.java:logGet(46)) - raft.server.log.purge.upto.snapshot.index = false (default)
2024-01-08 22:36:05,070 [grpc-default-executor-0] INFO  server.RaftServer (RaftServerProxy.java:addNew(100)) - cd56667c-d7fb-411e-a881-3bd7f4030648: addNew group-9C533CFC459D:[cd56667c-d7fb-411e-a881-3bd7f4030648|10.1.0.16:15139, 35d8dfab-9865-4f4a-9db1-8dbffdda00db|10.1.0.16:15130, 5d8f7830-f6d4-4ac5-95d9-573f6638b6da|10.1.0.16:15148] returns group-9C533CFC459D:java.util.concurrent.CompletableFuture@5ec1e7cd[Not completed]
2024-01-08 22:36:05,071 [cd56667c-d7fb-411e-a881-3bd7f4030648-groupManagement] INFO  server.RaftServer$Division (RaftServerImpl.java:<init>(256)) - cd56667c-d7fb-411e-a881-3bd7f4030648: new RaftServerImpl for group-9C533CFC459D:[cd56667c-d7fb-411e-a881-3bd7f4030648|10.1.0.16:15139, 35d8dfab-9865-4f4a-9db1-8dbffdda00db|10.1.0.16:15130, 5d8f7830-f6d4-4ac5-95d9-573f6638b6da|10.1.0.16:15148] with ContainerStateMachine:uninitialized
2024-01-08 22:36:05,072 [cd56667c-d7fb-411e-a881-3bd7f4030648-groupManagement] INFO  server.RaftServerConfigKeys (ConfUtils.java:logGet(46)) - raft.server.rpc.timeout.min = 5s (custom)
2024-01-08 22:36:05,072 [cd56667c-d7fb-411e-a881-3bd7f4030648-groupManagement] INFO  server.RaftServerConfigKeys (ConfUtils.java:logGet(46)) - raft.server.rpc.timeout.max = 5200ms (custom)
2024-01-08 22:36:05,072 [cd56667c-d7fb-411e-a881-3bd7f4030648-groupManagement] INFO  server.RaftServerConfigKeys (ConfUtils.java:logGet(46)) - raft.server.rpc.sleep.time = 25ms (default)
2024-01-08 22:36:05,072 [cd56667c-d7fb-411e-a881-3bd7f4030648-groupManagement] INFO  server.RaftServerConfigKeys (ConfUtils.java:logGet(46)) - raft.server.rpc.slowness.timeout = 300000ms (custom)
2024-01-08 22:36:05,072 [cd56667c-d7fb-411e-a881-3bd7f4030648-groupManagement] INFO  server.RaftServerConfigKeys (ConfUtils.java:logGet(46)) - raft.server.leaderelection.leader.step-down.wait-time = 10s (default)
2024-01-08 22:36:05,072 [cd56667c-d7fb-411e-a881-3bd7f4030648-groupManagement] INFO  server.RaftServerConfigKeys (ConfUtils.java:logGet(46)) - raft.server.leaderelection.member.majority-add = false (default)
2024-01-08 22:36:05,072 [cd56667c-d7fb-411e-a881-3bd7f4030648-groupManagement] INFO  server.RaftServerConfigKeys (ConfUtils.java:logGet(46)) - raft.server.sleep.deviation.threshold = 300ms (default)
2024-01-08 22:36:05,072 [cd56667c-d7fb-411e-a881-3bd7f4030648-groupManagement] INFO  server.RaftServer$Division (ServerState.java:<init>(113)) - cd56667c-d7fb-411e-a881-3bd7f4030648@group-9C533CFC459D: ConfigurationManager, init=-1: peers:[cd56667c-d7fb-411e-a881-3bd7f4030648|10.1.0.16:15139, 35d8dfab-9865-4f4a-9db1-8dbffdda00db|10.1.0.16:15130, 5d8f7830-f6d4-4ac5-95d9-573f6638b6da|10.1.0.16:15148]|listeners:[], old=null, confs=<EMPTY_MAP>
2024-01-08 22:36:05,073 [cd56667c-d7fb-411e-a881-3bd7f4030648-groupManagement] INFO  server.RaftServerConfigKeys (ConfUtils.java:logGet(46)) - raft.server.notification.no-leader.timeout = 300000ms (custom)
2024-01-08 22:36:05,073 [cd56667c-d7fb-411e-a881-3bd7f4030648-groupManagement] INFO  server.RaftServerConfigKeys (ConfUtils.java:logGet(46)) - raft.server.read.timeout = 10s (default)
2024-01-08 22:36:05,073 [cd56667c-d7fb-411e-a881-3bd7f4030648-groupManagement] INFO  server.RaftServerConfigKeys (ConfUtils.java:logGet(46)) - raft.server.retrycache.expirytime = 600000ms (custom)
2024-01-08 22:36:05,073 [cd56667c-d7fb-411e-a881-3bd7f4030648-groupManagement] INFO  server.RaftServerConfigKeys (ConfUtils.java:logGet(46)) - raft.server.retrycache.statistics.expirytime = 100ms (default)
2024-01-08 22:36:05,073 [cd56667c-d7fb-411e-a881-3bd7f4030648-groupManagement] INFO  server.RaftServerConfigKeys (ConfUtils.java:logGet(46)) - raft.server.read.option = DEFAULT (default)
2024-01-08 22:36:05,073 [cd56667c-d7fb-411e-a881-3bd7f4030648-groupManagement] INFO  server.RaftServerConfigKeys (ConfUtils.java:logGet(46)) - raft.server.read.read-after-write-consistent.write-index-cache.expiry-time = 60s (default)
2024-01-08 22:36:05,075 [cd56667c-d7fb-411e-a881-3bd7f4030648-groupManagement] INFO  server.RaftServerConfigKeys (ConfUtils.java:logGet(46)) - raft.server.rpc.request.timeout = 3000ms (default)
2024-01-08 22:36:05,075 [cd56667c-d7fb-411e-a881-3bd7f4030648-groupManagement] INFO  server.RaftServerConfigKeys (ConfUtils.java:logGet(46)) - raft.server.log.appender.install.snapshot.enabled = false (custom)
2024-01-08 22:36:05,075 [cd56667c-d7fb-411e-a881-3bd7f4030648-groupManagement] INFO  server.RaftServerConfigKeys (ConfUtils.java:logGet(46)) - raft.server.threadpool.server.cached = true (default)
2024-01-08 22:36:05,075 [cd56667c-d7fb-411e-a881-3bd7f4030648-groupManagement] INFO  server.RaftServerConfigKeys (ConfUtils.java:logGet(46)) - raft.server.threadpool.server.size = 0 (default)
2024-01-08 22:36:05,075 [cd56667c-d7fb-411e-a881-3bd7f4030648-groupManagement] INFO  server.RaftServerConfigKeys (ConfUtils.java:logGet(46)) - raft.server.threadpool.client.cached = true (default)
2024-01-08 22:36:05,076 [cd56667c-d7fb-411e-a881-3bd7f4030648-groupManagement] INFO  server.RaftServerConfigKeys (ConfUtils.java:logGet(46)) - raft.server.threadpool.client.size = 0 (default)
2024-01-08 22:36:05,076 [cd56667c-d7fb-411e-a881-3bd7f4030648-groupManagement] INFO  server.RaftServerConfigKeys (ConfUtils.java:logGet(46)) - raft.server.storage.free-space.min = 0MB (=0) (default)
2024-01-08 22:36:05,076 [cd56667c-d7fb-411e-a881-3bd7f4030648-groupManagement] INFO  server.RaftServerConfigKeys (ConfUtils.java:logGet(46)) - raft.server.log.corruption.policy = EXCEPTION (default)
2024-01-08 22:36:05,076 [cd56667c-d7fb-411e-a881-3bd7f4030648-groupManagement] INFO  server.RaftServerConfigKeys (ConfUtils.java:logGet(46)) - raft.server.storage.dir = [/home/runner/work/ozone/ozone/hadoop-ozone/integration-test/target/test-dir/MiniOzoneClusterImpl-25d1905f-b767-404d-84bf-be0dd4c89112/datanode-4/data/ratis] (custom)
2024-01-08 22:36:05,076 [cd56667c-d7fb-411e-a881-3bd7f4030648-groupManagement] INFO  storage.RaftStorageDirectory (RaftStorageDirectoryImpl.java:analyzeStorage(138)) - The storage directory /home/runner/work/ozone/ozone/hadoop-ozone/integration-test/target/test-dir/MiniOzoneClusterImpl-25d1905f-b767-404d-84bf-be0dd4c89112/datanode-4/data/ratis/7ad15f7c-0983-47c9-b79c-9c533cfc459d does not exist. Creating ...
2024-01-08 22:36:05,077 [cd56667c-d7fb-411e-a881-3bd7f4030648-groupManagement] INFO  storage.RaftStorageDirectory (RaftStorageDirectoryImpl.java:tryLock(232)) - Lock on /home/runner/work/ozone/ozone/hadoop-ozone/integration-test/target/test-dir/MiniOzoneClusterImpl-25d1905f-b767-404d-84bf-be0dd4c89112/datanode-4/data/ratis/7ad15f7c-0983-47c9-b79c-9c533cfc459d/in_use.lock acquired by nodename 83643@fv-az1425-465
2024-01-08 22:36:05,078 [cd56667c-d7fb-411e-a881-3bd7f4030648-groupManagement] INFO  storage.RaftStorage (RaftStorageImpl.java:format(97)) - Storage directory /home/runner/work/ozone/ozone/hadoop-ozone/integration-test/target/test-dir/MiniOzoneClusterImpl-25d1905f-b767-404d-84bf-be0dd4c89112/datanode-4/data/ratis/7ad15f7c-0983-47c9-b79c-9c533cfc459d has been successfully formatted.
2024-01-08 22:36:05,079 [cd56667c-d7fb-411e-a881-3bd7f4030648-groupManagement] INFO  ratis.ContainerStateMachine (ContainerStateMachine.java:loadSnapshot(287)) - group-9C533CFC459D: The snapshot info is null. Setting the last applied index to:(t:0, i:~)
2024-01-08 22:36:05,079 [cd56667c-d7fb-411e-a881-3bd7f4030648-groupManagement] INFO  server.RaftServerConfigKeys (ConfUtils.java:logGet(46)) - raft.server.log.use.memory = false (default)
2024-01-08 22:36:05,079 [cd56667c-d7fb-411e-a881-3bd7f4030648-groupManagement] INFO  server.RaftServerConfigKeys (ConfUtils.java:logGet(46)) - raft.server.log.purge.gap = 1000000 (custom)
2024-01-08 22:36:05,079 [cd56667c-d7fb-411e-a881-3bd7f4030648-groupManagement] INFO  server.RaftServerConfigKeys (ConfUtils.java:logGet(46)) - raft.server.log.appender.buffer.byte-limit = 8388608 (custom)
2024-01-08 22:36:05,079 [cd56667c-d7fb-411e-a881-3bd7f4030648-groupManagement] INFO  server.RaftServerConfigKeys (ConfUtils.java:logGet(46)) - raft.server.log.statemachine.data.read.timeout = 1000ms (default)
2024-01-08 22:36:05,079 [cd56667c-d7fb-411e-a881-3bd7f4030648-groupManagement] INFO  server.RaftServerConfigKeys (ConfUtils.java:logGet(46)) - raft.server.log.purge.preservation.log.num = 0 (default)
2024-01-08 22:36:05,080 [cd56667c-d7fb-411e-a881-3bd7f4030648-groupManagement] INFO  server.RaftServerConfigKeys (ConfUtils.java:logGet(46)) - raft.server.log.segment.size.max = 67108864 (custom)
2024-01-08 22:36:05,081 [cd56667c-d7fb-411e-a881-3bd7f4030648-groupManagement] INFO  server.RaftServerConfigKeys (ConfUtils.java:logGet(46)) - raft.server.log.segment.cache.num.max = 2 (custom)
2024-01-08 22:36:05,081 [cd56667c-d7fb-411e-a881-3bd7f4030648-groupManagement] INFO  server.RaftServerConfigKeys (ConfUtils.java:logGet(46)) - raft.server.log.segment.cache.size.max = 200MB (=209715200) (default)
2024-01-08 22:36:05,081 [cd56667c-d7fb-411e-a881-3bd7f4030648-groupManagement] INFO  server.RaftServerConfigKeys (ConfUtils.java:logGet(46)) - raft.server.log.appender.buffer.byte-limit = 8388608 (custom)
2024-01-08 22:36:05,081 [cd56667c-d7fb-411e-a881-3bd7f4030648-groupManagement] INFO  util.AwaitToRun (AwaitToRun.java:start(81)) - Thread[cd56667c-d7fb-411e-a881-3bd7f4030648@group-9C533CFC459D-cacheEviction-AwaitToRun,5,main] started
2024-01-08 22:36:05,081 [cd56667c-d7fb-411e-a881-3bd7f4030648-groupManagement] INFO  segmented.SegmentedRaftLogWorker (SegmentedRaftLogWorker.java:<init>(184)) - new cd56667c-d7fb-411e-a881-3bd7f4030648@group-9C533CFC459D-SegmentedRaftLogWorker for RaftStorageImpl:Storage Directory /home/runner/work/ozone/ozone/hadoop-ozone/integration-test/target/test-dir/MiniOzoneClusterImpl-25d1905f-b767-404d-84bf-be0dd4c89112/datanode-4/data/ratis/7ad15f7c-0983-47c9-b79c-9c533cfc459d
2024-01-08 22:36:05,081 [cd56667c-d7fb-411e-a881-3bd7f4030648-groupManagement] INFO  server.RaftServerConfigKeys (ConfUtils.java:logGet(46)) - raft.server.log.queue.byte-limit = 4294967296 (custom)
2024-01-08 22:36:05,081 [cd56667c-d7fb-411e-a881-3bd7f4030648-groupManagement] INFO  server.RaftServerConfigKeys (ConfUtils.java:logGet(46)) - raft.server.log.queue.element-limit = 1024 (custom)
2024-01-08 22:36:05,081 [cd56667c-d7fb-411e-a881-3bd7f4030648-groupManagement] INFO  server.RaftServerConfigKeys (ConfUtils.java:logGet(46)) - raft.server.log.segment.size.max = 67108864 (custom)
2024-01-08 22:36:05,081 [cd56667c-d7fb-411e-a881-3bd7f4030648-groupManagement] INFO  server.RaftServerConfigKeys (ConfUtils.java:logGet(46)) - raft.server.log.preallocated.size = 4194304 (custom)
2024-01-08 22:36:05,081 [cd56667c-d7fb-411e-a881-3bd7f4030648-groupManagement] INFO  server.RaftServerConfigKeys (ConfUtils.java:logGet(46)) - raft.server.log.force.sync.num = 128 (default)
2024-01-08 22:36:05,081 [cd56667c-d7fb-411e-a881-3bd7f4030648-groupManagement] INFO  server.RaftServerConfigKeys (ConfUtils.java:logGet(46)) - raft.server.log.statemachine.data.sync = true (default)
2024-01-08 22:36:05,081 [cd56667c-d7fb-411e-a881-3bd7f4030648-groupManagement] INFO  server.RaftServerConfigKeys (ConfUtils.java:logGet(46)) - raft.server.log.statemachine.data.sync.timeout = 10s (default)
2024-01-08 22:36:05,081 [cd56667c-d7fb-411e-a881-3bd7f4030648-groupManagement] INFO  server.RaftServerConfigKeys (ConfUtils.java:logGet(46)) - raft.server.log.statemachine.data.sync.timeout.retry = 0 (custom)
2024-01-08 22:36:05,081 [cd56667c-d7fb-411e-a881-3bd7f4030648-groupManagement] INFO  server.RaftServerConfigKeys (ConfUtils.java:logGet(46)) - raft.server.log.write.buffer.size = 8388616 (custom)
2024-01-08 22:36:05,083 [cd56667c-d7fb-411e-a881-3bd7f4030648-groupManagement] INFO  server.RaftServerConfigKeys (ConfUtils.java:logGet(46)) - raft.server.log.appender.buffer.byte-limit = 8388608 (custom)
2024-01-08 22:36:05,083 [cd56667c-d7fb-411e-a881-3bd7f4030648-groupManagement] INFO  server.RaftServerConfigKeys (ConfUtils.java:logGet(46)) - raft.server.log.unsafe-flush.enabled = false (default)
2024-01-08 22:36:05,083 [cd56667c-d7fb-411e-a881-3bd7f4030648-groupManagement] INFO  server.RaftServerConfigKeys (ConfUtils.java:logGet(46)) - raft.server.log.async-flush.enabled = false (default)
2024-01-08 22:36:05,083 [cd56667c-d7fb-411e-a881-3bd7f4030648-groupManagement] INFO  server.RaftServerConfigKeys (ConfUtils.java:logGet(46)) - raft.server.log.statemachine.data.caching.enabled = true (custom)
2024-01-08 22:36:05,083 [cd56667c-d7fb-411e-a881-3bd7f4030648-groupManagement] INFO  segmented.SegmentedRaftLogWorker (SegmentedRaftLogWorker.java:lambda$new$0(135)) - cd56667c-d7fb-411e-a881-3bd7f4030648@group-9C533CFC459D-SegmentedRaftLogWorker: flushIndex: setUnconditionally 0 -> -1
2024-01-08 22:36:05,084 [cd56667c-d7fb-411e-a881-3bd7f4030648-groupManagement] INFO  segmented.SegmentedRaftLogWorker (SegmentedRaftLogWorker.java:lambda$new$0(135)) - cd56667c-d7fb-411e-a881-3bd7f4030648@group-9C533CFC459D-SegmentedRaftLogWorker: safeCacheEvictIndex: setUnconditionally 0 -> -1
2024-01-08 22:36:05,084 [cd56667c-d7fb-411e-a881-3bd7f4030648-groupManagement] INFO  server.RaftServer$Division (RaftServerImpl.java:start(392)) - cd56667c-d7fb-411e-a881-3bd7f4030648@group-9C533CFC459D: start as a follower, conf=-1: peers:[cd56667c-d7fb-411e-a881-3bd7f4030648|10.1.0.16:15139, 35d8dfab-9865-4f4a-9db1-8dbffdda00db|10.1.0.16:15130, 5d8f7830-f6d4-4ac5-95d9-573f6638b6da|10.1.0.16:15148]|listeners:[], old=null
2024-01-08 22:36:05,084 [cd56667c-d7fb-411e-a881-3bd7f4030648-groupManagement] INFO  server.RaftServer$Division (RaftServerImpl.java:setRole(379)) - cd56667c-d7fb-411e-a881-3bd7f4030648@group-9C533CFC459D: changes role from      null to FOLLOWER at term 0 for startAsFollower
2024-01-08 22:36:05,084 [cd56667c-d7fb-411e-a881-3bd7f4030648-groupManagement] INFO  impl.RoleInfo (RoleInfo.java:updateAndGet(139)) - cd56667c-d7fb-411e-a881-3bd7f4030648: start cd56667c-d7fb-411e-a881-3bd7f4030648@group-9C533CFC459D-FollowerState
2024-01-08 22:36:05,084 [cd56667c-d7fb-411e-a881-3bd7f4030648@group-9C533CFC459D-FollowerState] INFO  server.RaftServerConfigKeys (ConfUtils.java:logFallback(53)) - raft.server.rpc.first-election.timeout.min = 5s (fallback to raft.server.rpc.timeout.min)
2024-01-08 22:36:05,084 [cd56667c-d7fb-411e-a881-3bd7f4030648-groupManagement] INFO  util.JmxRegister (JmxRegister.java:tryRegister(44)) - Successfully registered JMX Bean with object name Ratis:service=RaftServer,group=group-9C533CFC459D,id=cd56667c-d7fb-411e-a881-3bd7f4030648
2024-01-08 22:36:05,084 [cd56667c-d7fb-411e-a881-3bd7f4030648@group-9C533CFC459D-FollowerState] INFO  server.RaftServerConfigKeys (ConfUtils.java:logFallback(53)) - raft.server.rpc.first-election.timeout.max = 5200ms (fallback to raft.server.rpc.timeout.max)
2024-01-08 22:36:05,084 [cd56667c-d7fb-411e-a881-3bd7f4030648-groupManagement] INFO  server.RaftServerConfigKeys (ConfUtils.java:logGet(46)) - raft.server.snapshot.trigger-when-stop.enabled = true (default)
2024-01-08 22:36:05,084 [cd56667c-d7fb-411e-a881-3bd7f4030648-groupManagement] INFO  server.RaftServerConfigKeys (ConfUtils.java:logGet(46)) - raft.server.snapshot.auto.trigger.enabled = true (custom)
2024-01-08 22:36:05,084 [cd56667c-d7fb-411e-a881-3bd7f4030648-groupManagement] INFO  server.RaftServerConfigKeys (ConfUtils.java:logGet(46)) - raft.server.snapshot.auto.trigger.threshold = 10000 (custom)
2024-01-08 22:36:05,084 [cd56667c-d7fb-411e-a881-3bd7f4030648-groupManagement] INFO  server.RaftServerConfigKeys (ConfUtils.java:logGet(46)) - raft.server.snapshot.retention.file.num = 5 (custom)
2024-01-08 22:36:05,084 [cd56667c-d7fb-411e-a881-3bd7f4030648-groupManagement] INFO  server.RaftServerConfigKeys (ConfUtils.java:logGet(46)) - raft.server.log.purge.upto.snapshot.index = false (default)
2024-01-08 22:36:05,088 [35d8dfab-9865-4f4a-9db1-8dbffdda00db-PipelineCommandHandlerThread-0] INFO  commandhandler.CreatePipelineCommandHandler (CreatePipelineCommandHandler.java:lambda$handle$2(124)) - Created Pipeline RATIS THREE PipelineID=7ad15f7c-0983-47c9-b79c-9c533cfc459d.
2024-01-08 22:36:05,088 [cd56667c-d7fb-411e-a881-3bd7f4030648-PipelineCommandHandlerThread-0] INFO  server.RaftServer (RaftServerProxy.java:addNew(100)) - cd56667c-d7fb-411e-a881-3bd7f4030648: addNew group-173761989789:[cd56667c-d7fb-411e-a881-3bd7f4030648|10.1.0.16:15139] returns group-173761989789:java.util.concurrent.CompletableFuture@492814cb[Not completed]
2024-01-08 22:36:05,089 [cd56667c-d7fb-411e-a881-3bd7f4030648-groupManagement] INFO  server.RaftServer$Division (RaftServerImpl.java:<init>(256)) - cd56667c-d7fb-411e-a881-3bd7f4030648: new RaftServerImpl for group-173761989789:[cd56667c-d7fb-411e-a881-3bd7f4030648|10.1.0.16:15139] with ContainerStateMachine:uninitialized
2024-01-08 22:36:05,089 [cd56667c-d7fb-411e-a881-3bd7f4030648-groupManagement] INFO  server.RaftServerConfigKeys (ConfUtils.java:logGet(46)) - raft.server.rpc.timeout.min = 5s (custom)
2024-01-08 22:36:05,089 [cd56667c-d7fb-411e-a881-3bd7f4030648-groupManagement] INFO  server.RaftServerConfigKeys (ConfUtils.java:logGet(46)) - raft.server.rpc.timeout.max = 5200ms (custom)
2024-01-08 22:36:05,089 [cd56667c-d7fb-411e-a881-3bd7f4030648-groupManagement] INFO  server.RaftServerConfigKeys (ConfUtils.java:logGet(46)) - raft.server.rpc.sleep.time = 25ms (default)
2024-01-08 22:36:05,089 [cd56667c-d7fb-411e-a881-3bd7f4030648-groupManagement] INFO  server.RaftServerConfigKeys (ConfUtils.java:logGet(46)) - raft.server.rpc.slowness.timeout = 300000ms (custom)
2024-01-08 22:36:05,089 [cd56667c-d7fb-411e-a881-3bd7f4030648-groupManagement] INFO  server.RaftServerConfigKeys (ConfUtils.java:logGet(46)) - raft.server.leaderelection.leader.step-down.wait-time = 10s (default)
2024-01-08 22:36:05,089 [cd56667c-d7fb-411e-a881-3bd7f4030648-groupManagement] INFO  server.RaftServerConfigKeys (ConfUtils.java:logGet(46)) - raft.server.leaderelection.member.majority-add = false (default)
2024-01-08 22:36:05,089 [cd56667c-d7fb-411e-a881-3bd7f4030648-groupManagement] INFO  server.RaftServerConfigKeys (ConfUtils.java:logGet(46)) - raft.server.sleep.deviation.threshold = 300ms (default)
2024-01-08 22:36:05,089 [cd56667c-d7fb-411e-a881-3bd7f4030648-groupManagement] INFO  server.RaftServer$Division (ServerState.java:<init>(113)) - cd56667c-d7fb-411e-a881-3bd7f4030648@group-173761989789: ConfigurationManager, init=-1: peers:[cd56667c-d7fb-411e-a881-3bd7f4030648|10.1.0.16:15139]|listeners:[], old=null, confs=<EMPTY_MAP>
2024-01-08 22:36:05,089 [cd56667c-d7fb-411e-a881-3bd7f4030648-groupManagement] INFO  server.RaftServerConfigKeys (ConfUtils.java:logGet(46)) - raft.server.notification.no-leader.timeout = 300000ms (custom)
2024-01-08 22:36:05,089 [cd56667c-d7fb-411e-a881-3bd7f4030648-groupManagement] INFO  server.RaftServerConfigKeys (ConfUtils.java:logGet(46)) - raft.server.read.timeout = 10s (default)
2024-01-08 22:36:05,089 [cd56667c-d7fb-411e-a881-3bd7f4030648-groupManagement] INFO  server.RaftServerConfigKeys (ConfUtils.java:logGet(46)) - raft.server.retrycache.expirytime = 600000ms (custom)
2024-01-08 22:36:05,089 [cd56667c-d7fb-411e-a881-3bd7f4030648-groupManagement] INFO  server.RaftServerConfigKeys (ConfUtils.java:logGet(46)) - raft.server.retrycache.statistics.expirytime = 100ms (default)
2024-01-08 22:36:05,089 [cd56667c-d7fb-411e-a881-3bd7f4030648-groupManagement] INFO  server.RaftServerConfigKeys (ConfUtils.java:logGet(46)) - raft.server.read.option = DEFAULT (default)
2024-01-08 22:36:05,089 [cd56667c-d7fb-411e-a881-3bd7f4030648-groupManagement] INFO  server.RaftServerConfigKeys (ConfUtils.java:logGet(46)) - raft.server.read.read-after-write-consistent.write-index-cache.expiry-time = 60s (default)
2024-01-08 22:36:05,091 [cd56667c-d7fb-411e-a881-3bd7f4030648-groupManagement] INFO  server.RaftServerConfigKeys (ConfUtils.java:logGet(46)) - raft.server.rpc.request.timeout = 3000ms (default)
2024-01-08 22:36:05,091 [cd56667c-d7fb-411e-a881-3bd7f4030648-groupManagement] INFO  server.RaftServerConfigKeys (ConfUtils.java:logGet(46)) - raft.server.log.appender.install.snapshot.enabled = false (custom)
2024-01-08 22:36:05,091 [cd56667c-d7fb-411e-a881-3bd7f4030648-groupManagement] INFO  server.RaftServerConfigKeys (ConfUtils.java:logGet(46)) - raft.server.threadpool.server.cached = true (default)
2024-01-08 22:36:05,091 [cd56667c-d7fb-411e-a881-3bd7f4030648-groupManagement] INFO  server.RaftServerConfigKeys (ConfUtils.java:logGet(46)) - raft.server.threadpool.server.size = 0 (default)
2024-01-08 22:36:05,091 [cd56667c-d7fb-411e-a881-3bd7f4030648-groupManagement] INFO  server.RaftServerConfigKeys (ConfUtils.java:logGet(46)) - raft.server.threadpool.client.cached = true (default)
2024-01-08 22:36:05,091 [cd56667c-d7fb-411e-a881-3bd7f4030648-groupManagement] INFO  server.RaftServerConfigKeys (ConfUtils.java:logGet(46)) - raft.server.threadpool.client.size = 0 (default)
2024-01-08 22:36:05,091 [cd56667c-d7fb-411e-a881-3bd7f4030648-groupManagement] INFO  server.RaftServerConfigKeys (ConfUtils.java:logGet(46)) - raft.server.storage.free-space.min = 0MB (=0) (default)
2024-01-08 22:36:05,091 [cd56667c-d7fb-411e-a881-3bd7f4030648-groupManagement] INFO  server.RaftServerConfigKeys (ConfUtils.java:logGet(46)) - raft.server.log.corruption.policy = EXCEPTION (default)
2024-01-08 22:36:05,091 [cd56667c-d7fb-411e-a881-3bd7f4030648-groupManagement] INFO  server.RaftServerConfigKeys (ConfUtils.java:logGet(46)) - raft.server.storage.dir = [/home/runner/work/ozone/ozone/hadoop-ozone/integration-test/target/test-dir/MiniOzoneClusterImpl-25d1905f-b767-404d-84bf-be0dd4c89112/datanode-4/data/ratis] (custom)
2024-01-08 22:36:05,092 [cd56667c-d7fb-411e-a881-3bd7f4030648-groupManagement] INFO  storage.RaftStorageDirectory (RaftStorageDirectoryImpl.java:analyzeStorage(138)) - The storage directory /home/runner/work/ozone/ozone/hadoop-ozone/integration-test/target/test-dir/MiniOzoneClusterImpl-25d1905f-b767-404d-84bf-be0dd4c89112/datanode-4/data/ratis/acf35ee3-b790-40fa-9ee8-173761989789 does not exist. Creating ...
2024-01-08 22:36:05,092 [cd56667c-d7fb-411e-a881-3bd7f4030648-groupManagement] INFO  storage.RaftStorageDirectory (RaftStorageDirectoryImpl.java:tryLock(232)) - Lock on /home/runner/work/ozone/ozone/hadoop-ozone/integration-test/target/test-dir/MiniOzoneClusterImpl-25d1905f-b767-404d-84bf-be0dd4c89112/datanode-4/data/ratis/acf35ee3-b790-40fa-9ee8-173761989789/in_use.lock acquired by nodename 83643@fv-az1425-465
2024-01-08 22:36:05,093 [cd56667c-d7fb-411e-a881-3bd7f4030648-groupManagement] INFO  storage.RaftStorage (RaftStorageImpl.java:format(97)) - Storage directory /home/runner/work/ozone/ozone/hadoop-ozone/integration-test/target/test-dir/MiniOzoneClusterImpl-25d1905f-b767-404d-84bf-be0dd4c89112/datanode-4/data/ratis/acf35ee3-b790-40fa-9ee8-173761989789 has been successfully formatted.
2024-01-08 22:36:05,093 [cd56667c-d7fb-411e-a881-3bd7f4030648-groupManagement] INFO  ratis.ContainerStateMachine (ContainerStateMachine.java:loadSnapshot(287)) - group-173761989789: The snapshot info is null. Setting the last applied index to:(t:0, i:~)
2024-01-08 22:36:05,093 [cd56667c-d7fb-411e-a881-3bd7f4030648-groupManagement] INFO  server.RaftServerConfigKeys (ConfUtils.java:logGet(46)) - raft.server.log.use.memory = false (default)
2024-01-08 22:36:05,093 [cd56667c-d7fb-411e-a881-3bd7f4030648-groupManagement] INFO  server.RaftServerConfigKeys (ConfUtils.java:logGet(46)) - raft.server.log.purge.gap = 1000000 (custom)
2024-01-08 22:36:05,094 [cd56667c-d7fb-411e-a881-3bd7f4030648-groupManagement] INFO  server.RaftServerConfigKeys (ConfUtils.java:logGet(46)) - raft.server.log.appender.buffer.byte-limit = 8388608 (custom)
2024-01-08 22:36:05,094 [cd56667c-d7fb-411e-a881-3bd7f4030648-groupManagement] INFO  server.RaftServerConfigKeys (ConfUtils.java:logGet(46)) - raft.server.log.statemachine.data.read.timeout = 1000ms (default)
2024-01-08 22:36:05,094 [cd56667c-d7fb-411e-a881-3bd7f4030648-groupManagement] INFO  server.RaftServerConfigKeys (ConfUtils.java:logGet(46)) - raft.server.log.purge.preservation.log.num = 0 (default)
2024-01-08 22:36:05,095 [EventQueue-PipelineReportForPipelineReportHandler] INFO  pipeline.PipelineReportHandler (PipelineReportHandler.java:processPipelineReport(136)) - Opened pipeline PipelineID=acf35ee3-b790-40fa-9ee8-173761989789
2024-01-08 22:36:05,095 [EventQueue-OpenPipelineForHealthyPipelineSafeModeRule] INFO  safemode.SCMSafeModeManager (HealthyPipelineSafeModeRule.java:process(140)) - SCM in safe mode. Healthy pipelines reported count is 0, required healthy pipeline reported count is 1
2024-01-08 22:36:05,095 [cd56667c-d7fb-411e-a881-3bd7f4030648-groupManagement] INFO  server.RaftServerConfigKeys (ConfUtils.java:logGet(46)) - raft.server.log.segment.size.max = 67108864 (custom)
2024-01-08 22:36:05,095 [cd56667c-d7fb-411e-a881-3bd7f4030648-groupManagement] INFO  server.RaftServerConfigKeys (ConfUtils.java:logGet(46)) - raft.server.log.segment.cache.num.max = 2 (custom)
2024-01-08 22:36:05,095 [cd56667c-d7fb-411e-a881-3bd7f4030648-groupManagement] INFO  server.RaftServerConfigKeys (ConfUtils.java:logGet(46)) - raft.server.log.segment.cache.size.max = 200MB (=209715200) (default)
2024-01-08 22:36:05,095 [cd56667c-d7fb-411e-a881-3bd7f4030648-groupManagement] INFO  server.RaftServerConfigKeys (ConfUtils.java:logGet(46)) - raft.server.log.appender.buffer.byte-limit = 8388608 (custom)
2024-01-08 22:36:05,096 [cd56667c-d7fb-411e-a881-3bd7f4030648-groupManagement] INFO  util.AwaitToRun (AwaitToRun.java:start(81)) - Thread[cd56667c-d7fb-411e-a881-3bd7f4030648@group-173761989789-cacheEviction-AwaitToRun,5,main] started
2024-01-08 22:36:05,096 [cd56667c-d7fb-411e-a881-3bd7f4030648-groupManagement] INFO  segmented.SegmentedRaftLogWorker (SegmentedRaftLogWorker.java:<init>(184)) - new cd56667c-d7fb-411e-a881-3bd7f4030648@group-173761989789-SegmentedRaftLogWorker for RaftStorageImpl:Storage Directory /home/runner/work/ozone/ozone/hadoop-ozone/integration-test/target/test-dir/MiniOzoneClusterImpl-25d1905f-b767-404d-84bf-be0dd4c89112/datanode-4/data/ratis/acf35ee3-b790-40fa-9ee8-173761989789
2024-01-08 22:36:05,096 [cd56667c-d7fb-411e-a881-3bd7f4030648-groupManagement] INFO  server.RaftServerConfigKeys (ConfUtils.java:logGet(46)) - raft.server.log.queue.byte-limit = 4294967296 (custom)
2024-01-08 22:36:05,096 [cd56667c-d7fb-411e-a881-3bd7f4030648-groupManagement] INFO  server.RaftServerConfigKeys (ConfUtils.java:logGet(46)) - raft.server.log.queue.element-limit = 1024 (custom)
2024-01-08 22:36:05,096 [cd56667c-d7fb-411e-a881-3bd7f4030648-groupManagement] INFO  server.RaftServerConfigKeys (ConfUtils.java:logGet(46)) - raft.server.log.segment.size.max = 67108864 (custom)
2024-01-08 22:36:05,096 [cd56667c-d7fb-411e-a881-3bd7f4030648-groupManagement] INFO  server.RaftServerConfigKeys (ConfUtils.java:logGet(46)) - raft.server.log.preallocated.size = 4194304 (custom)
2024-01-08 22:36:05,096 [cd56667c-d7fb-411e-a881-3bd7f4030648-groupManagement] INFO  server.RaftServerConfigKeys (ConfUtils.java:logGet(46)) - raft.server.log.force.sync.num = 128 (default)
2024-01-08 22:36:05,096 [cd56667c-d7fb-411e-a881-3bd7f4030648-groupManagement] INFO  server.RaftServerConfigKeys (ConfUtils.java:logGet(46)) - raft.server.log.statemachine.data.sync = true (default)
2024-01-08 22:36:05,096 [cd56667c-d7fb-411e-a881-3bd7f4030648-groupManagement] INFO  server.RaftServerConfigKeys (ConfUtils.java:logGet(46)) - raft.server.log.statemachine.data.sync.timeout = 10s (default)
2024-01-08 22:36:05,096 [cd56667c-d7fb-411e-a881-3bd7f4030648-groupManagement] INFO  server.RaftServerConfigKeys (ConfUtils.java:logGet(46)) - raft.server.log.statemachine.data.sync.timeout.retry = 0 (custom)
2024-01-08 22:36:05,097 [cd56667c-d7fb-411e-a881-3bd7f4030648-groupManagement] INFO  server.RaftServerConfigKeys (ConfUtils.java:logGet(46)) - raft.server.log.write.buffer.size = 8388616 (custom)
2024-01-08 22:36:05,098 [cd56667c-d7fb-411e-a881-3bd7f4030648-groupManagement] INFO  server.RaftServerConfigKeys (ConfUtils.java:logGet(46)) - raft.server.log.appender.buffer.byte-limit = 8388608 (custom)
2024-01-08 22:36:05,099 [cd56667c-d7fb-411e-a881-3bd7f4030648-groupManagement] INFO  server.RaftServerConfigKeys (ConfUtils.java:logGet(46)) - raft.server.log.unsafe-flush.enabled = false (default)
2024-01-08 22:36:05,099 [cd56667c-d7fb-411e-a881-3bd7f4030648-groupManagement] INFO  server.RaftServerConfigKeys (ConfUtils.java:logGet(46)) - raft.server.log.async-flush.enabled = false (default)
2024-01-08 22:36:05,099 [cd56667c-d7fb-411e-a881-3bd7f4030648-groupManagement] INFO  server.RaftServerConfigKeys (ConfUtils.java:logGet(46)) - raft.server.log.statemachine.data.caching.enabled = true (custom)
2024-01-08 22:36:05,099 [cd56667c-d7fb-411e-a881-3bd7f4030648-groupManagement] INFO  segmented.SegmentedRaftLogWorker (SegmentedRaftLogWorker.java:lambda$new$0(135)) - cd56667c-d7fb-411e-a881-3bd7f4030648@group-173761989789-SegmentedRaftLogWorker: flushIndex: setUnconditionally 0 -> -1
2024-01-08 22:36:05,099 [cd56667c-d7fb-411e-a881-3bd7f4030648-groupManagement] INFO  segmented.SegmentedRaftLogWorker (SegmentedRaftLogWorker.java:lambda$new$0(135)) - cd56667c-d7fb-411e-a881-3bd7f4030648@group-173761989789-SegmentedRaftLogWorker: safeCacheEvictIndex: setUnconditionally 0 -> -1
2024-01-08 22:36:05,099 [cd56667c-d7fb-411e-a881-3bd7f4030648-groupManagement] INFO  server.RaftServer$Division (RaftServerImpl.java:start(392)) - cd56667c-d7fb-411e-a881-3bd7f4030648@group-173761989789: start as a follower, conf=-1: peers:[cd56667c-d7fb-411e-a881-3bd7f4030648|10.1.0.16:15139]|listeners:[], old=null
2024-01-08 22:36:05,099 [cd56667c-d7fb-411e-a881-3bd7f4030648-groupManagement] INFO  server.RaftServer$Division (RaftServerImpl.java:setRole(379)) - cd56667c-d7fb-411e-a881-3bd7f4030648@group-173761989789: changes role from      null to FOLLOWER at term 0 for startAsFollower
2024-01-08 22:36:05,099 [cd56667c-d7fb-411e-a881-3bd7f4030648-groupManagement] INFO  impl.RoleInfo (RoleInfo.java:updateAndGet(139)) - cd56667c-d7fb-411e-a881-3bd7f4030648: start cd56667c-d7fb-411e-a881-3bd7f4030648@group-173761989789-FollowerState
2024-01-08 22:36:05,100 [cd56667c-d7fb-411e-a881-3bd7f4030648@group-173761989789-FollowerState] INFO  server.RaftServerConfigKeys (ConfUtils.java:logFallback(53)) - raft.server.rpc.first-election.timeout.min = 5s (fallback to raft.server.rpc.timeout.min)
2024-01-08 22:36:05,100 [cd56667c-d7fb-411e-a881-3bd7f4030648-groupManagement] INFO  util.JmxRegister (JmxRegister.java:tryRegister(44)) - Successfully registered JMX Bean with object name Ratis:service=RaftServer,group=group-173761989789,id=cd56667c-d7fb-411e-a881-3bd7f4030648
2024-01-08 22:36:05,100 [cd56667c-d7fb-411e-a881-3bd7f4030648-groupManagement] INFO  server.RaftServerConfigKeys (ConfUtils.java:logGet(46)) - raft.server.snapshot.trigger-when-stop.enabled = true (default)
2024-01-08 22:36:05,100 [cd56667c-d7fb-411e-a881-3bd7f4030648-groupManagement] INFO  server.RaftServerConfigKeys (ConfUtils.java:logGet(46)) - raft.server.snapshot.auto.trigger.enabled = true (custom)
2024-01-08 22:36:05,100 [cd56667c-d7fb-411e-a881-3bd7f4030648-groupManagement] INFO  server.RaftServerConfigKeys (ConfUtils.java:logGet(46)) - raft.server.snapshot.auto.trigger.threshold = 10000 (custom)
2024-01-08 22:36:05,100 [cd56667c-d7fb-411e-a881-3bd7f4030648-groupManagement] INFO  server.RaftServerConfigKeys (ConfUtils.java:logGet(46)) - raft.server.snapshot.retention.file.num = 5 (custom)
2024-01-08 22:36:05,100 [cd56667c-d7fb-411e-a881-3bd7f4030648-groupManagement] INFO  server.RaftServerConfigKeys (ConfUtils.java:logGet(46)) - raft.server.log.purge.upto.snapshot.index = false (default)
2024-01-08 22:36:05,100 [cd56667c-d7fb-411e-a881-3bd7f4030648@group-173761989789-FollowerState] INFO  server.RaftServerConfigKeys (ConfUtils.java:logFallback(53)) - raft.server.rpc.first-election.timeout.max = 5200ms (fallback to raft.server.rpc.timeout.max)
2024-01-08 22:36:05,101 [cd56667c-d7fb-411e-a881-3bd7f4030648-PipelineCommandHandlerThread-0] INFO  ratis.XceiverServerRatis (XceiverServerRatis.java:addGroup(842)) - Created group PipelineID=acf35ee3-b790-40fa-9ee8-173761989789
2024-01-08 22:36:05,101 [cd56667c-d7fb-411e-a881-3bd7f4030648-PipelineCommandHandlerThread-0] INFO  commandhandler.CreatePipelineCommandHandler (CreatePipelineCommandHandler.java:lambda$handle$2(124)) - Created Pipeline RATIS ONE PipelineID=acf35ee3-b790-40fa-9ee8-173761989789.
2024-01-08 22:36:05,193 [5d8f7830-f6d4-4ac5-95d9-573f6638b6da-PipelineCommandHandlerThread-0] INFO  server.RaftServer (RaftServerProxy.java:addNew(100)) - 5d8f7830-f6d4-4ac5-95d9-573f6638b6da: addNew group-D91180384D0C:[5d8f7830-f6d4-4ac5-95d9-573f6638b6da|10.1.0.16:15148] returns group-D91180384D0C:java.util.concurrent.CompletableFuture@1981a631[Not completed]
2024-01-08 22:36:05,193 [5d8f7830-f6d4-4ac5-95d9-573f6638b6da-groupManagement] INFO  server.RaftServer$Division (RaftServerImpl.java:<init>(256)) - 5d8f7830-f6d4-4ac5-95d9-573f6638b6da: new RaftServerImpl for group-D91180384D0C:[5d8f7830-f6d4-4ac5-95d9-573f6638b6da|10.1.0.16:15148] with ContainerStateMachine:uninitialized
2024-01-08 22:36:05,193 [5d8f7830-f6d4-4ac5-95d9-573f6638b6da-groupManagement] INFO  server.RaftServerConfigKeys (ConfUtils.java:logGet(46)) - raft.server.rpc.timeout.min = 5s (custom)
2024-01-08 22:36:05,194 [5d8f7830-f6d4-4ac5-95d9-573f6638b6da-groupManagement] INFO  server.RaftServerConfigKeys (ConfUtils.java:logGet(46)) - raft.server.rpc.timeout.max = 5200ms (custom)
2024-01-08 22:36:05,194 [5d8f7830-f6d4-4ac5-95d9-573f6638b6da-groupManagement] INFO  server.RaftServerConfigKeys (ConfUtils.java:logGet(46)) - raft.server.rpc.sleep.time = 25ms (default)
2024-01-08 22:36:05,194 [5d8f7830-f6d4-4ac5-95d9-573f6638b6da-groupManagement] INFO  server.RaftServerConfigKeys (ConfUtils.java:logGet(46)) - raft.server.rpc.slowness.timeout = 300000ms (custom)
2024-01-08 22:36:05,194 [5d8f7830-f6d4-4ac5-95d9-573f6638b6da-groupManagement] INFO  server.RaftServerConfigKeys (ConfUtils.java:logGet(46)) - raft.server.leaderelection.leader.step-down.wait-time = 10s (default)
2024-01-08 22:36:05,194 [5d8f7830-f6d4-4ac5-95d9-573f6638b6da-groupManagement] INFO  server.RaftServerConfigKeys (ConfUtils.java:logGet(46)) - raft.server.leaderelection.member.majority-add = false (default)
2024-01-08 22:36:05,194 [5d8f7830-f6d4-4ac5-95d9-573f6638b6da-groupManagement] INFO  server.RaftServerConfigKeys (ConfUtils.java:logGet(46)) - raft.server.sleep.deviation.threshold = 300ms (default)
2024-01-08 22:36:05,194 [5d8f7830-f6d4-4ac5-95d9-573f6638b6da-groupManagement] INFO  server.RaftServer$Division (ServerState.java:<init>(113)) - 5d8f7830-f6d4-4ac5-95d9-573f6638b6da@group-D91180384D0C: ConfigurationManager, init=-1: peers:[5d8f7830-f6d4-4ac5-95d9-573f6638b6da|10.1.0.16:15148]|listeners:[], old=null, confs=<EMPTY_MAP>
2024-01-08 22:36:05,194 [5d8f7830-f6d4-4ac5-95d9-573f6638b6da-groupManagement] INFO  server.RaftServerConfigKeys (ConfUtils.java:logGet(46)) - raft.server.notification.no-leader.timeout = 300000ms (custom)
2024-01-08 22:36:05,194 [5d8f7830-f6d4-4ac5-95d9-573f6638b6da-groupManagement] INFO  server.RaftServerConfigKeys (ConfUtils.java:logGet(46)) - raft.server.read.timeout = 10s (default)
2024-01-08 22:36:05,194 [5d8f7830-f6d4-4ac5-95d9-573f6638b6da-groupManagement] INFO  server.RaftServerConfigKeys (ConfUtils.java:logGet(46)) - raft.server.retrycache.expirytime = 600000ms (custom)
2024-01-08 22:36:05,194 [5d8f7830-f6d4-4ac5-95d9-573f6638b6da-groupManagement] INFO  server.RaftServerConfigKeys (ConfUtils.java:logGet(46)) - raft.server.retrycache.statistics.expirytime = 100ms (default)
2024-01-08 22:36:05,194 [5d8f7830-f6d4-4ac5-95d9-573f6638b6da-groupManagement] INFO  server.RaftServerConfigKeys (ConfUtils.java:logGet(46)) - raft.server.read.option = DEFAULT (default)
2024-01-08 22:36:05,194 [5d8f7830-f6d4-4ac5-95d9-573f6638b6da-groupManagement] INFO  server.RaftServerConfigKeys (ConfUtils.java:logGet(46)) - raft.server.read.read-after-write-consistent.write-index-cache.expiry-time = 60s (default)
2024-01-08 22:36:05,196 [5d8f7830-f6d4-4ac5-95d9-573f6638b6da-groupManagement] INFO  server.RaftServerConfigKeys (ConfUtils.java:logGet(46)) - raft.server.rpc.request.timeout = 3000ms (default)
2024-01-08 22:36:05,196 [5d8f7830-f6d4-4ac5-95d9-573f6638b6da-groupManagement] INFO  server.RaftServerConfigKeys (ConfUtils.java:logGet(46)) - raft.server.log.appender.install.snapshot.enabled = false (custom)
2024-01-08 22:36:05,197 [5d8f7830-f6d4-4ac5-95d9-573f6638b6da-groupManagement] INFO  server.RaftServerConfigKeys (ConfUtils.java:logGet(46)) - raft.server.threadpool.server.cached = true (default)
2024-01-08 22:36:05,197 [5d8f7830-f6d4-4ac5-95d9-573f6638b6da-groupManagement] INFO  server.RaftServerConfigKeys (ConfUtils.java:logGet(46)) - raft.server.threadpool.server.size = 0 (default)
2024-01-08 22:36:05,197 [5d8f7830-f6d4-4ac5-95d9-573f6638b6da-groupManagement] INFO  server.RaftServerConfigKeys (ConfUtils.java:logGet(46)) - raft.server.threadpool.client.cached = true (default)
2024-01-08 22:36:05,197 [5d8f7830-f6d4-4ac5-95d9-573f6638b6da-groupManagement] INFO  server.RaftServerConfigKeys (ConfUtils.java:logGet(46)) - raft.server.threadpool.client.size = 0 (default)
2024-01-08 22:36:05,197 [5d8f7830-f6d4-4ac5-95d9-573f6638b6da-groupManagement] INFO  server.RaftServerConfigKeys (ConfUtils.java:logGet(46)) - raft.server.storage.free-space.min = 0MB (=0) (default)
2024-01-08 22:36:05,197 [5d8f7830-f6d4-4ac5-95d9-573f6638b6da-groupManagement] INFO  server.RaftServerConfigKeys (ConfUtils.java:logGet(46)) - raft.server.log.corruption.policy = EXCEPTION (default)
2024-01-08 22:36:05,197 [5d8f7830-f6d4-4ac5-95d9-573f6638b6da-groupManagement] INFO  server.RaftServerConfigKeys (ConfUtils.java:logGet(46)) - raft.server.storage.dir = [/home/runner/work/ozone/ozone/hadoop-ozone/integration-test/target/test-dir/MiniOzoneClusterImpl-25d1905f-b767-404d-84bf-be0dd4c89112/datanode-5/data/ratis] (custom)
2024-01-08 22:36:05,197 [5d8f7830-f6d4-4ac5-95d9-573f6638b6da-groupManagement] INFO  storage.RaftStorageDirectory (RaftStorageDirectoryImpl.java:analyzeStorage(138)) - The storage directory /home/runner/work/ozone/ozone/hadoop-ozone/integration-test/target/test-dir/MiniOzoneClusterImpl-25d1905f-b767-404d-84bf-be0dd4c89112/datanode-5/data/ratis/e4545de1-0345-4c63-8204-d91180384d0c does not exist. Creating ...
2024-01-08 22:36:05,198 [5d8f7830-f6d4-4ac5-95d9-573f6638b6da-groupManagement] INFO  storage.RaftStorageDirectory (RaftStorageDirectoryImpl.java:tryLock(232)) - Lock on /home/runner/work/ozone/ozone/hadoop-ozone/integration-test/target/test-dir/MiniOzoneClusterImpl-25d1905f-b767-404d-84bf-be0dd4c89112/datanode-5/data/ratis/e4545de1-0345-4c63-8204-d91180384d0c/in_use.lock acquired by nodename 83643@fv-az1425-465
2024-01-08 22:36:05,199 [5d8f7830-f6d4-4ac5-95d9-573f6638b6da-groupManagement] INFO  storage.RaftStorage (RaftStorageImpl.java:format(97)) - Storage directory /home/runner/work/ozone/ozone/hadoop-ozone/integration-test/target/test-dir/MiniOzoneClusterImpl-25d1905f-b767-404d-84bf-be0dd4c89112/datanode-5/data/ratis/e4545de1-0345-4c63-8204-d91180384d0c has been successfully formatted.
2024-01-08 22:36:05,199 [5d8f7830-f6d4-4ac5-95d9-573f6638b6da-groupManagement] INFO  ratis.ContainerStateMachine (ContainerStateMachine.java:loadSnapshot(287)) - group-D91180384D0C: The snapshot info is null. Setting the last applied index to:(t:0, i:~)
2024-01-08 22:36:05,199 [5d8f7830-f6d4-4ac5-95d9-573f6638b6da-groupManagement] INFO  server.RaftServerConfigKeys (ConfUtils.java:logGet(46)) - raft.server.log.use.memory = false (default)
2024-01-08 22:36:05,199 [5d8f7830-f6d4-4ac5-95d9-573f6638b6da-groupManagement] INFO  server.RaftServerConfigKeys (ConfUtils.java:logGet(46)) - raft.server.log.purge.gap = 1000000 (custom)
2024-01-08 22:36:05,200 [5d8f7830-f6d4-4ac5-95d9-573f6638b6da-groupManagement] INFO  server.RaftServerConfigKeys (ConfUtils.java:logGet(46)) - raft.server.log.appender.buffer.byte-limit = 8388608 (custom)
2024-01-08 22:36:05,200 [5d8f7830-f6d4-4ac5-95d9-573f6638b6da-groupManagement] INFO  server.RaftServerConfigKeys (ConfUtils.java:logGet(46)) - raft.server.log.statemachine.data.read.timeout = 1000ms (default)
2024-01-08 22:36:05,200 [5d8f7830-f6d4-4ac5-95d9-573f6638b6da-groupManagement] INFO  server.RaftServerConfigKeys (ConfUtils.java:logGet(46)) - raft.server.log.purge.preservation.log.num = 0 (default)
2024-01-08 22:36:05,201 [EventQueue-PipelineReportForPipelineReportHandler] INFO  pipeline.PipelineReportHandler (PipelineReportHandler.java:processPipelineReport(136)) - Opened pipeline PipelineID=e4545de1-0345-4c63-8204-d91180384d0c
2024-01-08 22:36:05,201 [5d8f7830-f6d4-4ac5-95d9-573f6638b6da-groupManagement] INFO  server.RaftServerConfigKeys (ConfUtils.java:logGet(46)) - raft.server.log.segment.size.max = 67108864 (custom)
2024-01-08 22:36:05,201 [EventQueue-OpenPipelineForHealthyPipelineSafeModeRule] INFO  safemode.SCMSafeModeManager (HealthyPipelineSafeModeRule.java:process(140)) - SCM in safe mode. Healthy pipelines reported count is 0, required healthy pipeline reported count is 1
2024-01-08 22:36:05,201 [5d8f7830-f6d4-4ac5-95d9-573f6638b6da-groupManagement] INFO  server.RaftServerConfigKeys (ConfUtils.java:logGet(46)) - raft.server.log.segment.cache.num.max = 2 (custom)
2024-01-08 22:36:05,201 [5d8f7830-f6d4-4ac5-95d9-573f6638b6da-groupManagement] INFO  server.RaftServerConfigKeys (ConfUtils.java:logGet(46)) - raft.server.log.segment.cache.size.max = 200MB (=209715200) (default)
2024-01-08 22:36:05,201 [5d8f7830-f6d4-4ac5-95d9-573f6638b6da-groupManagement] INFO  server.RaftServerConfigKeys (ConfUtils.java:logGet(46)) - raft.server.log.appender.buffer.byte-limit = 8388608 (custom)
2024-01-08 22:36:05,202 [5d8f7830-f6d4-4ac5-95d9-573f6638b6da-groupManagement] INFO  util.AwaitToRun (AwaitToRun.java:start(81)) - Thread[5d8f7830-f6d4-4ac5-95d9-573f6638b6da@group-D91180384D0C-cacheEviction-AwaitToRun,5,main] started
2024-01-08 22:36:05,202 [5d8f7830-f6d4-4ac5-95d9-573f6638b6da-groupManagement] INFO  segmented.SegmentedRaftLogWorker (SegmentedRaftLogWorker.java:<init>(184)) - new 5d8f7830-f6d4-4ac5-95d9-573f6638b6da@group-D91180384D0C-SegmentedRaftLogWorker for RaftStorageImpl:Storage Directory /home/runner/work/ozone/ozone/hadoop-ozone/integration-test/target/test-dir/MiniOzoneClusterImpl-25d1905f-b767-404d-84bf-be0dd4c89112/datanode-5/data/ratis/e4545de1-0345-4c63-8204-d91180384d0c
2024-01-08 22:36:05,203 [5d8f7830-f6d4-4ac5-95d9-573f6638b6da-groupManagement] INFO  server.RaftServerConfigKeys (ConfUtils.java:logGet(46)) - raft.server.log.queue.byte-limit = 4294967296 (custom)
2024-01-08 22:36:05,203 [5d8f7830-f6d4-4ac5-95d9-573f6638b6da-groupManagement] INFO  server.RaftServerConfigKeys (ConfUtils.java:logGet(46)) - raft.server.log.queue.element-limit = 1024 (custom)
2024-01-08 22:36:05,203 [5d8f7830-f6d4-4ac5-95d9-573f6638b6da-groupManagement] INFO  server.RaftServerConfigKeys (ConfUtils.java:logGet(46)) - raft.server.log.segment.size.max = 67108864 (custom)
2024-01-08 22:36:05,203 [5d8f7830-f6d4-4ac5-95d9-573f6638b6da-groupManagement] INFO  server.RaftServerConfigKeys (ConfUtils.java:logGet(46)) - raft.server.log.preallocated.size = 4194304 (custom)
2024-01-08 22:36:05,203 [5d8f7830-f6d4-4ac5-95d9-573f6638b6da-groupManagement] INFO  server.RaftServerConfigKeys (ConfUtils.java:logGet(46)) - raft.server.log.force.sync.num = 128 (default)
2024-01-08 22:36:05,203 [5d8f7830-f6d4-4ac5-95d9-573f6638b6da-groupManagement] INFO  server.RaftServerConfigKeys (ConfUtils.java:logGet(46)) - raft.server.log.statemachine.data.sync = true (default)
2024-01-08 22:36:05,203 [5d8f7830-f6d4-4ac5-95d9-573f6638b6da-groupManagement] INFO  server.RaftServerConfigKeys (ConfUtils.java:logGet(46)) - raft.server.log.statemachine.data.sync.timeout = 10s (default)
2024-01-08 22:36:05,203 [5d8f7830-f6d4-4ac5-95d9-573f6638b6da-groupManagement] INFO  server.RaftServerConfigKeys (ConfUtils.java:logGet(46)) - raft.server.log.statemachine.data.sync.timeout.retry = 0 (custom)
2024-01-08 22:36:05,203 [5d8f7830-f6d4-4ac5-95d9-573f6638b6da-groupManagement] INFO  server.RaftServerConfigKeys (ConfUtils.java:logGet(46)) - raft.server.log.write.buffer.size = 8388616 (custom)
2024-01-08 22:36:05,205 [5d8f7830-f6d4-4ac5-95d9-573f6638b6da-groupManagement] INFO  server.RaftServerConfigKeys (ConfUtils.java:logGet(46)) - raft.server.log.appender.buffer.byte-limit = 8388608 (custom)
2024-01-08 22:36:05,205 [5d8f7830-f6d4-4ac5-95d9-573f6638b6da-groupManagement] INFO  server.RaftServerConfigKeys (ConfUtils.java:logGet(46)) - raft.server.log.unsafe-flush.enabled = false (default)
2024-01-08 22:36:05,205 [5d8f7830-f6d4-4ac5-95d9-573f6638b6da-groupManagement] INFO  server.RaftServerConfigKeys (ConfUtils.java:logGet(46)) - raft.server.log.async-flush.enabled = false (default)
2024-01-08 22:36:05,205 [5d8f7830-f6d4-4ac5-95d9-573f6638b6da-groupManagement] INFO  server.RaftServerConfigKeys (ConfUtils.java:logGet(46)) - raft.server.log.statemachine.data.caching.enabled = true (custom)
2024-01-08 22:36:05,205 [5d8f7830-f6d4-4ac5-95d9-573f6638b6da-groupManagement] INFO  segmented.SegmentedRaftLogWorker (SegmentedRaftLogWorker.java:lambda$new$0(135)) - 5d8f7830-f6d4-4ac5-95d9-573f6638b6da@group-D91180384D0C-SegmentedRaftLogWorker: flushIndex: setUnconditionally 0 -> -1
2024-01-08 22:36:05,205 [5d8f7830-f6d4-4ac5-95d9-573f6638b6da-groupManagement] INFO  segmented.SegmentedRaftLogWorker (SegmentedRaftLogWorker.java:lambda$new$0(135)) - 5d8f7830-f6d4-4ac5-95d9-573f6638b6da@group-D91180384D0C-SegmentedRaftLogWorker: safeCacheEvictIndex: setUnconditionally 0 -> -1
2024-01-08 22:36:05,205 [5d8f7830-f6d4-4ac5-95d9-573f6638b6da-groupManagement] INFO  server.RaftServer$Division (RaftServerImpl.java:start(392)) - 5d8f7830-f6d4-4ac5-95d9-573f6638b6da@group-D91180384D0C: start as a follower, conf=-1: peers:[5d8f7830-f6d4-4ac5-95d9-573f6638b6da|10.1.0.16:15148]|listeners:[], old=null
2024-01-08 22:36:05,206 [5d8f7830-f6d4-4ac5-95d9-573f6638b6da-groupManagement] INFO  server.RaftServer$Division (RaftServerImpl.java:setRole(379)) - 5d8f7830-f6d4-4ac5-95d9-573f6638b6da@group-D91180384D0C: changes role from      null to FOLLOWER at term 0 for startAsFollower
2024-01-08 22:36:05,206 [5d8f7830-f6d4-4ac5-95d9-573f6638b6da-groupManagement] INFO  impl.RoleInfo (RoleInfo.java:updateAndGet(139)) - 5d8f7830-f6d4-4ac5-95d9-573f6638b6da: start 5d8f7830-f6d4-4ac5-95d9-573f6638b6da@group-D91180384D0C-FollowerState
2024-01-08 22:36:05,206 [5d8f7830-f6d4-4ac5-95d9-573f6638b6da@group-D91180384D0C-FollowerState] INFO  server.RaftServerConfigKeys (ConfUtils.java:logFallback(53)) - raft.server.rpc.first-election.timeout.min = 5s (fallback to raft.server.rpc.timeout.min)
2024-01-08 22:36:05,206 [5d8f7830-f6d4-4ac5-95d9-573f6638b6da-groupManagement] INFO  util.JmxRegister (JmxRegister.java:tryRegister(44)) - Successfully registered JMX Bean with object name Ratis:service=RaftServer,group=group-D91180384D0C,id=5d8f7830-f6d4-4ac5-95d9-573f6638b6da
2024-01-08 22:36:05,206 [5d8f7830-f6d4-4ac5-95d9-573f6638b6da@group-D91180384D0C-FollowerState] INFO  server.RaftServerConfigKeys (ConfUtils.java:logFallback(53)) - raft.server.rpc.first-election.timeout.max = 5200ms (fallback to raft.server.rpc.timeout.max)
2024-01-08 22:36:05,206 [5d8f7830-f6d4-4ac5-95d9-573f6638b6da-groupManagement] INFO  server.RaftServerConfigKeys (ConfUtils.java:logGet(46)) - raft.server.snapshot.trigger-when-stop.enabled = true (default)
2024-01-08 22:36:05,206 [5d8f7830-f6d4-4ac5-95d9-573f6638b6da-groupManagement] INFO  server.RaftServerConfigKeys (ConfUtils.java:logGet(46)) - raft.server.snapshot.auto.trigger.enabled = true (custom)
2024-01-08 22:36:05,206 [5d8f7830-f6d4-4ac5-95d9-573f6638b6da-groupManagement] INFO  server.RaftServerConfigKeys (ConfUtils.java:logGet(46)) - raft.server.snapshot.auto.trigger.threshold = 10000 (custom)
2024-01-08 22:36:05,206 [5d8f7830-f6d4-4ac5-95d9-573f6638b6da-groupManagement] INFO  server.RaftServerConfigKeys (ConfUtils.java:logGet(46)) - raft.server.snapshot.retention.file.num = 5 (custom)
2024-01-08 22:36:05,206 [5d8f7830-f6d4-4ac5-95d9-573f6638b6da-groupManagement] INFO  server.RaftServerConfigKeys (ConfUtils.java:logGet(46)) - raft.server.log.purge.upto.snapshot.index = false (default)
2024-01-08 22:36:05,207 [5d8f7830-f6d4-4ac5-95d9-573f6638b6da-PipelineCommandHandlerThread-0] INFO  ratis.XceiverServerRatis (XceiverServerRatis.java:addGroup(842)) - Created group PipelineID=e4545de1-0345-4c63-8204-d91180384d0c
2024-01-08 22:36:05,207 [5d8f7830-f6d4-4ac5-95d9-573f6638b6da-PipelineCommandHandlerThread-0] INFO  commandhandler.CreatePipelineCommandHandler (CreatePipelineCommandHandler.java:lambda$handle$2(124)) - Created Pipeline RATIS ONE PipelineID=e4545de1-0345-4c63-8204-d91180384d0c.
2024-01-08 22:36:05,286 [ae8e2c12-abd7-4753-9c27-64723a930f37-PipelineCommandHandlerThread-0] INFO  server.RaftServer (RaftServerProxy.java:addNew(100)) - ae8e2c12-abd7-4753-9c27-64723a930f37: addNew group-F5B3F84D9FB5:[ae8e2c12-abd7-4753-9c27-64723a930f37|10.1.0.16:15157] returns group-F5B3F84D9FB5:java.util.concurrent.CompletableFuture@356b0792[Not completed]
2024-01-08 22:36:05,286 [ae8e2c12-abd7-4753-9c27-64723a930f37-groupManagement] INFO  server.RaftServer$Division (RaftServerImpl.java:<init>(256)) - ae8e2c12-abd7-4753-9c27-64723a930f37: new RaftServerImpl for group-F5B3F84D9FB5:[ae8e2c12-abd7-4753-9c27-64723a930f37|10.1.0.16:15157] with ContainerStateMachine:uninitialized
2024-01-08 22:36:05,287 [ae8e2c12-abd7-4753-9c27-64723a930f37-groupManagement] INFO  server.RaftServerConfigKeys (ConfUtils.java:logGet(46)) - raft.server.rpc.timeout.min = 5s (custom)
2024-01-08 22:36:05,287 [ae8e2c12-abd7-4753-9c27-64723a930f37-groupManagement] INFO  server.RaftServerConfigKeys (ConfUtils.java:logGet(46)) - raft.server.rpc.timeout.max = 5200ms (custom)
2024-01-08 22:36:05,287 [ae8e2c12-abd7-4753-9c27-64723a930f37-groupManagement] INFO  server.RaftServerConfigKeys (ConfUtils.java:logGet(46)) - raft.server.rpc.sleep.time = 25ms (default)
2024-01-08 22:36:05,287 [ae8e2c12-abd7-4753-9c27-64723a930f37-groupManagement] INFO  server.RaftServerConfigKeys (ConfUtils.java:logGet(46)) - raft.server.rpc.slowness.timeout = 300000ms (custom)
2024-01-08 22:36:05,287 [ae8e2c12-abd7-4753-9c27-64723a930f37-groupManagement] INFO  server.RaftServerConfigKeys (ConfUtils.java:logGet(46)) - raft.server.leaderelection.leader.step-down.wait-time = 10s (default)
2024-01-08 22:36:05,287 [ae8e2c12-abd7-4753-9c27-64723a930f37-groupManagement] INFO  server.RaftServerConfigKeys (ConfUtils.java:logGet(46)) - raft.server.leaderelection.member.majority-add = false (default)
2024-01-08 22:36:05,287 [ae8e2c12-abd7-4753-9c27-64723a930f37-groupManagement] INFO  server.RaftServerConfigKeys (ConfUtils.java:logGet(46)) - raft.server.sleep.deviation.threshold = 300ms (default)
2024-01-08 22:36:05,287 [ae8e2c12-abd7-4753-9c27-64723a930f37-groupManagement] INFO  server.RaftServer$Division (ServerState.java:<init>(113)) - ae8e2c12-abd7-4753-9c27-64723a930f37@group-F5B3F84D9FB5: ConfigurationManager, init=-1: peers:[ae8e2c12-abd7-4753-9c27-64723a930f37|10.1.0.16:15157]|listeners:[], old=null, confs=<EMPTY_MAP>
2024-01-08 22:36:05,287 [ae8e2c12-abd7-4753-9c27-64723a930f37-groupManagement] INFO  server.RaftServerConfigKeys (ConfUtils.java:logGet(46)) - raft.server.notification.no-leader.timeout = 300000ms (custom)
2024-01-08 22:36:05,287 [ae8e2c12-abd7-4753-9c27-64723a930f37-groupManagement] INFO  server.RaftServerConfigKeys (ConfUtils.java:logGet(46)) - raft.server.read.timeout = 10s (default)
2024-01-08 22:36:05,287 [ae8e2c12-abd7-4753-9c27-64723a930f37-groupManagement] INFO  server.RaftServerConfigKeys (ConfUtils.java:logGet(46)) - raft.server.retrycache.expirytime = 600000ms (custom)
2024-01-08 22:36:05,287 [ae8e2c12-abd7-4753-9c27-64723a930f37-groupManagement] INFO  server.RaftServerConfigKeys (ConfUtils.java:logGet(46)) - raft.server.retrycache.statistics.expirytime = 100ms (default)
2024-01-08 22:36:05,287 [ae8e2c12-abd7-4753-9c27-64723a930f37-groupManagement] INFO  server.RaftServerConfigKeys (ConfUtils.java:logGet(46)) - raft.server.read.option = DEFAULT (default)
2024-01-08 22:36:05,287 [ae8e2c12-abd7-4753-9c27-64723a930f37-groupManagement] INFO  server.RaftServerConfigKeys (ConfUtils.java:logGet(46)) - raft.server.read.read-after-write-consistent.write-index-cache.expiry-time = 60s (default)
2024-01-08 22:36:05,289 [ae8e2c12-abd7-4753-9c27-64723a930f37-groupManagement] INFO  server.RaftServerConfigKeys (ConfUtils.java:logGet(46)) - raft.server.rpc.request.timeout = 3000ms (default)
2024-01-08 22:36:05,290 [ae8e2c12-abd7-4753-9c27-64723a930f37-groupManagement] INFO  server.RaftServerConfigKeys (ConfUtils.java:logGet(46)) - raft.server.log.appender.install.snapshot.enabled = false (custom)
2024-01-08 22:36:05,290 [ae8e2c12-abd7-4753-9c27-64723a930f37-groupManagement] INFO  server.RaftServerConfigKeys (ConfUtils.java:logGet(46)) - raft.server.threadpool.server.cached = true (default)
2024-01-08 22:36:05,290 [ae8e2c12-abd7-4753-9c27-64723a930f37-groupManagement] INFO  server.RaftServerConfigKeys (ConfUtils.java:logGet(46)) - raft.server.threadpool.server.size = 0 (default)
2024-01-08 22:36:05,290 [ae8e2c12-abd7-4753-9c27-64723a930f37-groupManagement] INFO  server.RaftServerConfigKeys (ConfUtils.java:logGet(46)) - raft.server.threadpool.client.cached = true (default)
2024-01-08 22:36:05,290 [ae8e2c12-abd7-4753-9c27-64723a930f37-groupManagement] INFO  server.RaftServerConfigKeys (ConfUtils.java:logGet(46)) - raft.server.threadpool.client.size = 0 (default)
2024-01-08 22:36:05,290 [ae8e2c12-abd7-4753-9c27-64723a930f37-groupManagement] INFO  server.RaftServerConfigKeys (ConfUtils.java:logGet(46)) - raft.server.storage.free-space.min = 0MB (=0) (default)
2024-01-08 22:36:05,290 [ae8e2c12-abd7-4753-9c27-64723a930f37-groupManagement] INFO  server.RaftServerConfigKeys (ConfUtils.java:logGet(46)) - raft.server.log.corruption.policy = EXCEPTION (default)
2024-01-08 22:36:05,290 [ae8e2c12-abd7-4753-9c27-64723a930f37-groupManagement] INFO  server.RaftServerConfigKeys (ConfUtils.java:logGet(46)) - raft.server.storage.dir = [/home/runner/work/ozone/ozone/hadoop-ozone/integration-test/target/test-dir/MiniOzoneClusterImpl-25d1905f-b767-404d-84bf-be0dd4c89112/datanode-6/data/ratis] (custom)
2024-01-08 22:36:05,290 [ae8e2c12-abd7-4753-9c27-64723a930f37-groupManagement] INFO  storage.RaftStorageDirectory (RaftStorageDirectoryImpl.java:analyzeStorage(138)) - The storage directory /home/runner/work/ozone/ozone/hadoop-ozone/integration-test/target/test-dir/MiniOzoneClusterImpl-25d1905f-b767-404d-84bf-be0dd4c89112/datanode-6/data/ratis/cfc8dcdd-eafb-4ee1-9c95-f5b3f84d9fb5 does not exist. Creating ...
2024-01-08 22:36:05,291 [ae8e2c12-abd7-4753-9c27-64723a930f37-groupManagement] INFO  storage.RaftStorageDirectory (RaftStorageDirectoryImpl.java:tryLock(232)) - Lock on /home/runner/work/ozone/ozone/hadoop-ozone/integration-test/target/test-dir/MiniOzoneClusterImpl-25d1905f-b767-404d-84bf-be0dd4c89112/datanode-6/data/ratis/cfc8dcdd-eafb-4ee1-9c95-f5b3f84d9fb5/in_use.lock acquired by nodename 83643@fv-az1425-465
2024-01-08 22:36:05,292 [ae8e2c12-abd7-4753-9c27-64723a930f37-groupManagement] INFO  storage.RaftStorage (RaftStorageImpl.java:format(97)) - Storage directory /home/runner/work/ozone/ozone/hadoop-ozone/integration-test/target/test-dir/MiniOzoneClusterImpl-25d1905f-b767-404d-84bf-be0dd4c89112/datanode-6/data/ratis/cfc8dcdd-eafb-4ee1-9c95-f5b3f84d9fb5 has been successfully formatted.
2024-01-08 22:36:05,293 [ae8e2c12-abd7-4753-9c27-64723a930f37-groupManagement] INFO  ratis.ContainerStateMachine (ContainerStateMachine.java:loadSnapshot(287)) - group-F5B3F84D9FB5: The snapshot info is null. Setting the last applied index to:(t:0, i:~)
2024-01-08 22:36:05,293 [ae8e2c12-abd7-4753-9c27-64723a930f37-groupManagement] INFO  server.RaftServerConfigKeys (ConfUtils.java:logGet(46)) - raft.server.log.use.memory = false (default)
2024-01-08 22:36:05,293 [ae8e2c12-abd7-4753-9c27-64723a930f37-groupManagement] INFO  server.RaftServerConfigKeys (ConfUtils.java:logGet(46)) - raft.server.log.purge.gap = 1000000 (custom)
2024-01-08 22:36:05,293 [ae8e2c12-abd7-4753-9c27-64723a930f37-groupManagement] INFO  server.RaftServerConfigKeys (ConfUtils.java:logGet(46)) - raft.server.log.appender.buffer.byte-limit = 8388608 (custom)
2024-01-08 22:36:05,293 [ae8e2c12-abd7-4753-9c27-64723a930f37-groupManagement] INFO  server.RaftServerConfigKeys (ConfUtils.java:logGet(46)) - raft.server.log.statemachine.data.read.timeout = 1000ms (default)
2024-01-08 22:36:05,293 [ae8e2c12-abd7-4753-9c27-64723a930f37-groupManagement] INFO  server.RaftServerConfigKeys (ConfUtils.java:logGet(46)) - raft.server.log.purge.preservation.log.num = 0 (default)
2024-01-08 22:36:05,294 [EventQueue-PipelineReportForPipelineReportHandler] INFO  pipeline.PipelineReportHandler (PipelineReportHandler.java:processPipelineReport(136)) - Opened pipeline PipelineID=cfc8dcdd-eafb-4ee1-9c95-f5b3f84d9fb5
2024-01-08 22:36:05,294 [EventQueue-OpenPipelineForHealthyPipelineSafeModeRule] INFO  safemode.SCMSafeModeManager (HealthyPipelineSafeModeRule.java:process(140)) - SCM in safe mode. Healthy pipelines reported count is 0, required healthy pipeline reported count is 1
2024-01-08 22:36:05,295 [ae8e2c12-abd7-4753-9c27-64723a930f37-groupManagement] INFO  server.RaftServerConfigKeys (ConfUtils.java:logGet(46)) - raft.server.log.segment.size.max = 67108864 (custom)
2024-01-08 22:36:05,295 [ae8e2c12-abd7-4753-9c27-64723a930f37-groupManagement] INFO  server.RaftServerConfigKeys (ConfUtils.java:logGet(46)) - raft.server.log.segment.cache.num.max = 2 (custom)
2024-01-08 22:36:05,295 [ae8e2c12-abd7-4753-9c27-64723a930f37-groupManagement] INFO  server.RaftServerConfigKeys (ConfUtils.java:logGet(46)) - raft.server.log.segment.cache.size.max = 200MB (=209715200) (default)
2024-01-08 22:36:05,295 [ae8e2c12-abd7-4753-9c27-64723a930f37-groupManagement] INFO  server.RaftServerConfigKeys (ConfUtils.java:logGet(46)) - raft.server.log.appender.buffer.byte-limit = 8388608 (custom)
2024-01-08 22:36:05,295 [ae8e2c12-abd7-4753-9c27-64723a930f37-groupManagement] INFO  util.AwaitToRun (AwaitToRun.java:start(81)) - Thread[ae8e2c12-abd7-4753-9c27-64723a930f37@group-F5B3F84D9FB5-cacheEviction-AwaitToRun,5,main] started
2024-01-08 22:36:05,295 [ae8e2c12-abd7-4753-9c27-64723a930f37-groupManagement] INFO  segmented.SegmentedRaftLogWorker (SegmentedRaftLogWorker.java:<init>(184)) - new ae8e2c12-abd7-4753-9c27-64723a930f37@group-F5B3F84D9FB5-SegmentedRaftLogWorker for RaftStorageImpl:Storage Directory /home/runner/work/ozone/ozone/hadoop-ozone/integration-test/target/test-dir/MiniOzoneClusterImpl-25d1905f-b767-404d-84bf-be0dd4c89112/datanode-6/data/ratis/cfc8dcdd-eafb-4ee1-9c95-f5b3f84d9fb5
2024-01-08 22:36:05,295 [ae8e2c12-abd7-4753-9c27-64723a930f37-groupManagement] INFO  server.RaftServerConfigKeys (ConfUtils.java:logGet(46)) - raft.server.log.queue.byte-limit = 4294967296 (custom)
2024-01-08 22:36:05,295 [ae8e2c12-abd7-4753-9c27-64723a930f37-groupManagement] INFO  server.RaftServerConfigKeys (ConfUtils.java:logGet(46)) - raft.server.log.queue.element-limit = 1024 (custom)
2024-01-08 22:36:05,295 [ae8e2c12-abd7-4753-9c27-64723a930f37-groupManagement] INFO  server.RaftServerConfigKeys (ConfUtils.java:logGet(46)) - raft.server.log.segment.size.max = 67108864 (custom)
2024-01-08 22:36:05,295 [ae8e2c12-abd7-4753-9c27-64723a930f37-groupManagement] INFO  server.RaftServerConfigKeys (ConfUtils.java:logGet(46)) - raft.server.log.preallocated.size = 4194304 (custom)
2024-01-08 22:36:05,296 [ae8e2c12-abd7-4753-9c27-64723a930f37-groupManagement] INFO  server.RaftServerConfigKeys (ConfUtils.java:logGet(46)) - raft.server.log.force.sync.num = 128 (default)
2024-01-08 22:36:05,296 [ae8e2c12-abd7-4753-9c27-64723a930f37-groupManagement] INFO  server.RaftServerConfigKeys (ConfUtils.java:logGet(46)) - raft.server.log.statemachine.data.sync = true (default)
2024-01-08 22:36:05,296 [ae8e2c12-abd7-4753-9c27-64723a930f37-groupManagement] INFO  server.RaftServerConfigKeys (ConfUtils.java:logGet(46)) - raft.server.log.statemachine.data.sync.timeout = 10s (default)
2024-01-08 22:36:05,296 [ae8e2c12-abd7-4753-9c27-64723a930f37-groupManagement] INFO  server.RaftServerConfigKeys (ConfUtils.java:logGet(46)) - raft.server.log.statemachine.data.sync.timeout.retry = 0 (custom)
2024-01-08 22:36:05,296 [ae8e2c12-abd7-4753-9c27-64723a930f37-groupManagement] INFO  server.RaftServerConfigKeys (ConfUtils.java:logGet(46)) - raft.server.log.write.buffer.size = 8388616 (custom)
2024-01-08 22:36:05,297 [ae8e2c12-abd7-4753-9c27-64723a930f37-groupManagement] INFO  server.RaftServerConfigKeys (ConfUtils.java:logGet(46)) - raft.server.log.appender.buffer.byte-limit = 8388608 (custom)
2024-01-08 22:36:05,298 [ae8e2c12-abd7-4753-9c27-64723a930f37-groupManagement] INFO  server.RaftServerConfigKeys (ConfUtils.java:logGet(46)) - raft.server.log.unsafe-flush.enabled = false (default)
2024-01-08 22:36:05,298 [ae8e2c12-abd7-4753-9c27-64723a930f37-groupManagement] INFO  server.RaftServerConfigKeys (ConfUtils.java:logGet(46)) - raft.server.log.async-flush.enabled = false (default)
2024-01-08 22:36:05,298 [ae8e2c12-abd7-4753-9c27-64723a930f37-groupManagement] INFO  server.RaftServerConfigKeys (ConfUtils.java:logGet(46)) - raft.server.log.statemachine.data.caching.enabled = true (custom)
2024-01-08 22:36:05,298 [ae8e2c12-abd7-4753-9c27-64723a930f37-groupManagement] INFO  segmented.SegmentedRaftLogWorker (SegmentedRaftLogWorker.java:lambda$new$0(135)) - ae8e2c12-abd7-4753-9c27-64723a930f37@group-F5B3F84D9FB5-SegmentedRaftLogWorker: flushIndex: setUnconditionally 0 -> -1
2024-01-08 22:36:05,298 [ae8e2c12-abd7-4753-9c27-64723a930f37-groupManagement] INFO  segmented.SegmentedRaftLogWorker (SegmentedRaftLogWorker.java:lambda$new$0(135)) - ae8e2c12-abd7-4753-9c27-64723a930f37@group-F5B3F84D9FB5-SegmentedRaftLogWorker: safeCacheEvictIndex: setUnconditionally 0 -> -1
2024-01-08 22:36:05,298 [ae8e2c12-abd7-4753-9c27-64723a930f37-groupManagement] INFO  server.RaftServer$Division (RaftServerImpl.java:start(392)) - ae8e2c12-abd7-4753-9c27-64723a930f37@group-F5B3F84D9FB5: start as a follower, conf=-1: peers:[ae8e2c12-abd7-4753-9c27-64723a930f37|10.1.0.16:15157]|listeners:[], old=null
2024-01-08 22:36:05,298 [ae8e2c12-abd7-4753-9c27-64723a930f37-groupManagement] INFO  server.RaftServer$Division (RaftServerImpl.java:setRole(379)) - ae8e2c12-abd7-4753-9c27-64723a930f37@group-F5B3F84D9FB5: changes role from      null to FOLLOWER at term 0 for startAsFollower
2024-01-08 22:36:05,298 [ae8e2c12-abd7-4753-9c27-64723a930f37-groupManagement] INFO  impl.RoleInfo (RoleInfo.java:updateAndGet(139)) - ae8e2c12-abd7-4753-9c27-64723a930f37: start ae8e2c12-abd7-4753-9c27-64723a930f37@group-F5B3F84D9FB5-FollowerState
2024-01-08 22:36:05,299 [ae8e2c12-abd7-4753-9c27-64723a930f37@group-F5B3F84D9FB5-FollowerState] INFO  server.RaftServerConfigKeys (ConfUtils.java:logFallback(53)) - raft.server.rpc.first-election.timeout.min = 5s (fallback to raft.server.rpc.timeout.min)
2024-01-08 22:36:05,299 [ae8e2c12-abd7-4753-9c27-64723a930f37-groupManagement] INFO  util.JmxRegister (JmxRegister.java:tryRegister(44)) - Successfully registered JMX Bean with object name Ratis:service=RaftServer,group=group-F5B3F84D9FB5,id=ae8e2c12-abd7-4753-9c27-64723a930f37
2024-01-08 22:36:05,299 [ae8e2c12-abd7-4753-9c27-64723a930f37@group-F5B3F84D9FB5-FollowerState] INFO  server.RaftServerConfigKeys (ConfUtils.java:logFallback(53)) - raft.server.rpc.first-election.timeout.max = 5200ms (fallback to raft.server.rpc.timeout.max)
2024-01-08 22:36:05,299 [ae8e2c12-abd7-4753-9c27-64723a930f37-groupManagement] INFO  server.RaftServerConfigKeys (ConfUtils.java:logGet(46)) - raft.server.snapshot.trigger-when-stop.enabled = true (default)
2024-01-08 22:36:05,299 [ae8e2c12-abd7-4753-9c27-64723a930f37-groupManagement] INFO  server.RaftServerConfigKeys (ConfUtils.java:logGet(46)) - raft.server.snapshot.auto.trigger.enabled = true (custom)
2024-01-08 22:36:05,299 [ae8e2c12-abd7-4753-9c27-64723a930f37-groupManagement] INFO  server.RaftServerConfigKeys (ConfUtils.java:logGet(46)) - raft.server.snapshot.auto.trigger.threshold = 10000 (custom)
2024-01-08 22:36:05,299 [ae8e2c12-abd7-4753-9c27-64723a930f37-groupManagement] INFO  server.RaftServerConfigKeys (ConfUtils.java:logGet(46)) - raft.server.snapshot.retention.file.num = 5 (custom)
2024-01-08 22:36:05,299 [ae8e2c12-abd7-4753-9c27-64723a930f37-groupManagement] INFO  server.RaftServerConfigKeys (ConfUtils.java:logGet(46)) - raft.server.log.purge.upto.snapshot.index = false (default)
2024-01-08 22:36:05,299 [ae8e2c12-abd7-4753-9c27-64723a930f37-PipelineCommandHandlerThread-0] INFO  ratis.XceiverServerRatis (XceiverServerRatis.java:addGroup(842)) - Created group PipelineID=cfc8dcdd-eafb-4ee1-9c95-f5b3f84d9fb5
2024-01-08 22:36:05,300 [ae8e2c12-abd7-4753-9c27-64723a930f37-PipelineCommandHandlerThread-0] INFO  commandhandler.CreatePipelineCommandHandler (CreatePipelineCommandHandler.java:lambda$handle$2(124)) - Created Pipeline RATIS ONE PipelineID=cfc8dcdd-eafb-4ee1-9c95-f5b3f84d9fb5.
2024-01-08 22:36:05,300 [ae8e2c12-abd7-4753-9c27-64723a930f37-PipelineCommandHandlerThread-0] INFO  server.RaftServer (RaftServerProxy.java:addNew(100)) - ae8e2c12-abd7-4753-9c27-64723a930f37: addNew group-A7B46883A997:[ae8e2c12-abd7-4753-9c27-64723a930f37|10.1.0.16:15157, c24408fe-1592-40af-8b37-8bb032baf3c2|10.1.0.16:15175, 34273466-0570-47f7-a015-e29b814fc208|10.1.0.16:15166] returns group-A7B46883A997:java.util.concurrent.CompletableFuture@315495e7[Not completed]
2024-01-08 22:36:05,300 [ae8e2c12-abd7-4753-9c27-64723a930f37-groupManagement] INFO  server.RaftServer$Division (RaftServerImpl.java:<init>(256)) - ae8e2c12-abd7-4753-9c27-64723a930f37: new RaftServerImpl for group-A7B46883A997:[ae8e2c12-abd7-4753-9c27-64723a930f37|10.1.0.16:15157, c24408fe-1592-40af-8b37-8bb032baf3c2|10.1.0.16:15175, 34273466-0570-47f7-a015-e29b814fc208|10.1.0.16:15166] with ContainerStateMachine:uninitialized
2024-01-08 22:36:05,300 [ae8e2c12-abd7-4753-9c27-64723a930f37-groupManagement] INFO  server.RaftServerConfigKeys (ConfUtils.java:logGet(46)) - raft.server.rpc.timeout.min = 5s (custom)
2024-01-08 22:36:05,300 [ae8e2c12-abd7-4753-9c27-64723a930f37-groupManagement] INFO  server.RaftServerConfigKeys (ConfUtils.java:logGet(46)) - raft.server.rpc.timeout.max = 5200ms (custom)
2024-01-08 22:36:05,300 [ae8e2c12-abd7-4753-9c27-64723a930f37-groupManagement] INFO  server.RaftServerConfigKeys (ConfUtils.java:logGet(46)) - raft.server.rpc.sleep.time = 25ms (default)
2024-01-08 22:36:05,300 [ae8e2c12-abd7-4753-9c27-64723a930f37-groupManagement] INFO  server.RaftServerConfigKeys (ConfUtils.java:logGet(46)) - raft.server.rpc.slowness.timeout = 300000ms (custom)
2024-01-08 22:36:05,301 [ae8e2c12-abd7-4753-9c27-64723a930f37-groupManagement] INFO  server.RaftServerConfigKeys (ConfUtils.java:logGet(46)) - raft.server.leaderelection.leader.step-down.wait-time = 10s (default)
2024-01-08 22:36:05,301 [ae8e2c12-abd7-4753-9c27-64723a930f37-groupManagement] INFO  server.RaftServerConfigKeys (ConfUtils.java:logGet(46)) - raft.server.leaderelection.member.majority-add = false (default)
2024-01-08 22:36:05,301 [ae8e2c12-abd7-4753-9c27-64723a930f37-groupManagement] INFO  server.RaftServerConfigKeys (ConfUtils.java:logGet(46)) - raft.server.sleep.deviation.threshold = 300ms (default)
2024-01-08 22:36:05,301 [ae8e2c12-abd7-4753-9c27-64723a930f37-groupManagement] INFO  server.RaftServer$Division (ServerState.java:<init>(113)) - ae8e2c12-abd7-4753-9c27-64723a930f37@group-A7B46883A997: ConfigurationManager, init=-1: peers:[ae8e2c12-abd7-4753-9c27-64723a930f37|10.1.0.16:15157, c24408fe-1592-40af-8b37-8bb032baf3c2|10.1.0.16:15175, 34273466-0570-47f7-a015-e29b814fc208|10.1.0.16:15166]|listeners:[], old=null, confs=<EMPTY_MAP>
2024-01-08 22:36:05,301 [ae8e2c12-abd7-4753-9c27-64723a930f37-groupManagement] INFO  server.RaftServerConfigKeys (ConfUtils.java:logGet(46)) - raft.server.notification.no-leader.timeout = 300000ms (custom)
2024-01-08 22:36:05,301 [ae8e2c12-abd7-4753-9c27-64723a930f37-groupManagement] INFO  server.RaftServerConfigKeys (ConfUtils.java:logGet(46)) - raft.server.read.timeout = 10s (default)
2024-01-08 22:36:05,301 [ae8e2c12-abd7-4753-9c27-64723a930f37-groupManagement] INFO  server.RaftServerConfigKeys (ConfUtils.java:logGet(46)) - raft.server.retrycache.expirytime = 600000ms (custom)
2024-01-08 22:36:05,301 [ae8e2c12-abd7-4753-9c27-64723a930f37-groupManagement] INFO  server.RaftServerConfigKeys (ConfUtils.java:logGet(46)) - raft.server.retrycache.statistics.expirytime = 100ms (default)
2024-01-08 22:36:05,301 [ae8e2c12-abd7-4753-9c27-64723a930f37-groupManagement] INFO  server.RaftServerConfigKeys (ConfUtils.java:logGet(46)) - raft.server.read.option = DEFAULT (default)
2024-01-08 22:36:05,301 [ae8e2c12-abd7-4753-9c27-64723a930f37-groupManagement] INFO  server.RaftServerConfigKeys (ConfUtils.java:logGet(46)) - raft.server.read.read-after-write-consistent.write-index-cache.expiry-time = 60s (default)
2024-01-08 22:36:05,302 [ae8e2c12-abd7-4753-9c27-64723a930f37-groupManagement] INFO  server.RaftServerConfigKeys (ConfUtils.java:logGet(46)) - raft.server.rpc.request.timeout = 3000ms (default)
2024-01-08 22:36:05,302 [ae8e2c12-abd7-4753-9c27-64723a930f37-groupManagement] INFO  server.RaftServerConfigKeys (ConfUtils.java:logGet(46)) - raft.server.log.appender.install.snapshot.enabled = false (custom)
2024-01-08 22:36:05,303 [ae8e2c12-abd7-4753-9c27-64723a930f37-groupManagement] INFO  server.RaftServerConfigKeys (ConfUtils.java:logGet(46)) - raft.server.threadpool.server.cached = true (default)
2024-01-08 22:36:05,303 [ae8e2c12-abd7-4753-9c27-64723a930f37-groupManagement] INFO  server.RaftServerConfigKeys (ConfUtils.java:logGet(46)) - raft.server.threadpool.server.size = 0 (default)
2024-01-08 22:36:05,303 [ae8e2c12-abd7-4753-9c27-64723a930f37-groupManagement] INFO  server.RaftServerConfigKeys (ConfUtils.java:logGet(46)) - raft.server.threadpool.client.cached = true (default)
2024-01-08 22:36:05,303 [ae8e2c12-abd7-4753-9c27-64723a930f37-groupManagement] INFO  server.RaftServerConfigKeys (ConfUtils.java:logGet(46)) - raft.server.threadpool.client.size = 0 (default)
2024-01-08 22:36:05,303 [ae8e2c12-abd7-4753-9c27-64723a930f37-groupManagement] INFO  server.RaftServerConfigKeys (ConfUtils.java:logGet(46)) - raft.server.storage.free-space.min = 0MB (=0) (default)
2024-01-08 22:36:05,303 [ae8e2c12-abd7-4753-9c27-64723a930f37-groupManagement] INFO  server.RaftServerConfigKeys (ConfUtils.java:logGet(46)) - raft.server.log.corruption.policy = EXCEPTION (default)
2024-01-08 22:36:05,303 [ae8e2c12-abd7-4753-9c27-64723a930f37-groupManagement] INFO  server.RaftServerConfigKeys (ConfUtils.java:logGet(46)) - raft.server.storage.dir = [/home/runner/work/ozone/ozone/hadoop-ozone/integration-test/target/test-dir/MiniOzoneClusterImpl-25d1905f-b767-404d-84bf-be0dd4c89112/datanode-6/data/ratis] (custom)
2024-01-08 22:36:05,303 [ae8e2c12-abd7-4753-9c27-64723a930f37-groupManagement] INFO  storage.RaftStorageDirectory (RaftStorageDirectoryImpl.java:analyzeStorage(138)) - The storage directory /home/runner/work/ozone/ozone/hadoop-ozone/integration-test/target/test-dir/MiniOzoneClusterImpl-25d1905f-b767-404d-84bf-be0dd4c89112/datanode-6/data/ratis/d4edd10d-5659-417d-995a-a7b46883a997 does not exist. Creating ...
2024-01-08 22:36:05,304 [ae8e2c12-abd7-4753-9c27-64723a930f37-groupManagement] INFO  storage.RaftStorageDirectory (RaftStorageDirectoryImpl.java:tryLock(232)) - Lock on /home/runner/work/ozone/ozone/hadoop-ozone/integration-test/target/test-dir/MiniOzoneClusterImpl-25d1905f-b767-404d-84bf-be0dd4c89112/datanode-6/data/ratis/d4edd10d-5659-417d-995a-a7b46883a997/in_use.lock acquired by nodename 83643@fv-az1425-465
2024-01-08 22:36:05,305 [ae8e2c12-abd7-4753-9c27-64723a930f37-groupManagement] INFO  storage.RaftStorage (RaftStorageImpl.java:format(97)) - Storage directory /home/runner/work/ozone/ozone/hadoop-ozone/integration-test/target/test-dir/MiniOzoneClusterImpl-25d1905f-b767-404d-84bf-be0dd4c89112/datanode-6/data/ratis/d4edd10d-5659-417d-995a-a7b46883a997 has been successfully formatted.
2024-01-08 22:36:05,305 [ae8e2c12-abd7-4753-9c27-64723a930f37-groupManagement] INFO  ratis.ContainerStateMachine (ContainerStateMachine.java:loadSnapshot(287)) - group-A7B46883A997: The snapshot info is null. Setting the last applied index to:(t:0, i:~)
2024-01-08 22:36:05,305 [ae8e2c12-abd7-4753-9c27-64723a930f37-groupManagement] INFO  server.RaftServerConfigKeys (ConfUtils.java:logGet(46)) - raft.server.log.use.memory = false (default)
2024-01-08 22:36:05,306 [ae8e2c12-abd7-4753-9c27-64723a930f37-groupManagement] INFO  server.RaftServerConfigKeys (ConfUtils.java:logGet(46)) - raft.server.log.purge.gap = 1000000 (custom)
2024-01-08 22:36:05,306 [ae8e2c12-abd7-4753-9c27-64723a930f37-groupManagement] INFO  server.RaftServerConfigKeys (ConfUtils.java:logGet(46)) - raft.server.log.appender.buffer.byte-limit = 8388608 (custom)
2024-01-08 22:36:05,306 [ae8e2c12-abd7-4753-9c27-64723a930f37-groupManagement] INFO  server.RaftServerConfigKeys (ConfUtils.java:logGet(46)) - raft.server.log.statemachine.data.read.timeout = 1000ms (default)
2024-01-08 22:36:05,306 [ae8e2c12-abd7-4753-9c27-64723a930f37-groupManagement] INFO  server.RaftServerConfigKeys (ConfUtils.java:logGet(46)) - raft.server.log.purge.preservation.log.num = 0 (default)
2024-01-08 22:36:05,307 [EventQueue-OpenPipelineForHealthyPipelineSafeModeRule] INFO  safemode.SCMSafeModeManager (HealthyPipelineSafeModeRule.java:process(140)) - SCM in safe mode. Healthy pipelines reported count is 0, required healthy pipeline reported count is 1
2024-01-08 22:36:05,307 [ae8e2c12-abd7-4753-9c27-64723a930f37-groupManagement] INFO  server.RaftServerConfigKeys (ConfUtils.java:logGet(46)) - raft.server.log.segment.size.max = 67108864 (custom)
2024-01-08 22:36:05,307 [ae8e2c12-abd7-4753-9c27-64723a930f37-groupManagement] INFO  server.RaftServerConfigKeys (ConfUtils.java:logGet(46)) - raft.server.log.segment.cache.num.max = 2 (custom)
2024-01-08 22:36:05,308 [ae8e2c12-abd7-4753-9c27-64723a930f37-groupManagement] INFO  server.RaftServerConfigKeys (ConfUtils.java:logGet(46)) - raft.server.log.segment.cache.size.max = 200MB (=209715200) (default)
2024-01-08 22:36:05,308 [ae8e2c12-abd7-4753-9c27-64723a930f37-groupManagement] INFO  server.RaftServerConfigKeys (ConfUtils.java:logGet(46)) - raft.server.log.appender.buffer.byte-limit = 8388608 (custom)
2024-01-08 22:36:05,319 [ae8e2c12-abd7-4753-9c27-64723a930f37-groupManagement] INFO  util.AwaitToRun (AwaitToRun.java:start(81)) - Thread[ae8e2c12-abd7-4753-9c27-64723a930f37@group-A7B46883A997-cacheEviction-AwaitToRun,5,main] started
2024-01-08 22:36:05,319 [ae8e2c12-abd7-4753-9c27-64723a930f37-groupManagement] INFO  segmented.SegmentedRaftLogWorker (SegmentedRaftLogWorker.java:<init>(184)) - new ae8e2c12-abd7-4753-9c27-64723a930f37@group-A7B46883A997-SegmentedRaftLogWorker for RaftStorageImpl:Storage Directory /home/runner/work/ozone/ozone/hadoop-ozone/integration-test/target/test-dir/MiniOzoneClusterImpl-25d1905f-b767-404d-84bf-be0dd4c89112/datanode-6/data/ratis/d4edd10d-5659-417d-995a-a7b46883a997
2024-01-08 22:36:05,319 [ae8e2c12-abd7-4753-9c27-64723a930f37-groupManagement] INFO  server.RaftServerConfigKeys (ConfUtils.java:logGet(46)) - raft.server.log.queue.byte-limit = 4294967296 (custom)
2024-01-08 22:36:05,320 [ae8e2c12-abd7-4753-9c27-64723a930f37-groupManagement] INFO  server.RaftServerConfigKeys (ConfUtils.java:logGet(46)) - raft.server.log.queue.element-limit = 1024 (custom)
2024-01-08 22:36:05,320 [ae8e2c12-abd7-4753-9c27-64723a930f37-groupManagement] INFO  server.RaftServerConfigKeys (ConfUtils.java:logGet(46)) - raft.server.log.segment.size.max = 67108864 (custom)
2024-01-08 22:36:05,320 [ae8e2c12-abd7-4753-9c27-64723a930f37-groupManagement] INFO  server.RaftServerConfigKeys (ConfUtils.java:logGet(46)) - raft.server.log.preallocated.size = 4194304 (custom)
2024-01-08 22:36:05,320 [ae8e2c12-abd7-4753-9c27-64723a930f37-groupManagement] INFO  server.RaftServerConfigKeys (ConfUtils.java:logGet(46)) - raft.server.log.force.sync.num = 128 (default)
2024-01-08 22:36:05,320 [ae8e2c12-abd7-4753-9c27-64723a930f37-groupManagement] INFO  server.RaftServerConfigKeys (ConfUtils.java:logGet(46)) - raft.server.log.statemachine.data.sync = true (default)
2024-01-08 22:36:05,320 [ae8e2c12-abd7-4753-9c27-64723a930f37-groupManagement] INFO  server.RaftServerConfigKeys (ConfUtils.java:logGet(46)) - raft.server.log.statemachine.data.sync.timeout = 10s (default)
2024-01-08 22:36:05,320 [ae8e2c12-abd7-4753-9c27-64723a930f37-groupManagement] INFO  server.RaftServerConfigKeys (ConfUtils.java:logGet(46)) - raft.server.log.statemachine.data.sync.timeout.retry = 0 (custom)
2024-01-08 22:36:05,320 [ae8e2c12-abd7-4753-9c27-64723a930f37-groupManagement] INFO  server.RaftServerConfigKeys (ConfUtils.java:logGet(46)) - raft.server.log.write.buffer.size = 8388616 (custom)
2024-01-08 22:36:05,322 [ae8e2c12-abd7-4753-9c27-64723a930f37-groupManagement] INFO  server.RaftServerConfigKeys (ConfUtils.java:logGet(46)) - raft.server.log.appender.buffer.byte-limit = 8388608 (custom)
2024-01-08 22:36:05,323 [ae8e2c12-abd7-4753-9c27-64723a930f37-groupManagement] INFO  server.RaftServerConfigKeys (ConfUtils.java:logGet(46)) - raft.server.log.unsafe-flush.enabled = false (default)
2024-01-08 22:36:05,323 [ae8e2c12-abd7-4753-9c27-64723a930f37-groupManagement] INFO  server.RaftServerConfigKeys (ConfUtils.java:logGet(46)) - raft.server.log.async-flush.enabled = false (default)
2024-01-08 22:36:05,323 [ae8e2c12-abd7-4753-9c27-64723a930f37-groupManagement] INFO  server.RaftServerConfigKeys (ConfUtils.java:logGet(46)) - raft.server.log.statemachine.data.caching.enabled = true (custom)
2024-01-08 22:36:05,323 [ae8e2c12-abd7-4753-9c27-64723a930f37-groupManagement] INFO  segmented.SegmentedRaftLogWorker (SegmentedRaftLogWorker.java:lambda$new$0(135)) - ae8e2c12-abd7-4753-9c27-64723a930f37@group-A7B46883A997-SegmentedRaftLogWorker: flushIndex: setUnconditionally 0 -> -1
2024-01-08 22:36:05,323 [ae8e2c12-abd7-4753-9c27-64723a930f37-groupManagement] INFO  segmented.SegmentedRaftLogWorker (SegmentedRaftLogWorker.java:lambda$new$0(135)) - ae8e2c12-abd7-4753-9c27-64723a930f37@group-A7B46883A997-SegmentedRaftLogWorker: safeCacheEvictIndex: setUnconditionally 0 -> -1
2024-01-08 22:36:05,327 [ae8e2c12-abd7-4753-9c27-64723a930f37-groupManagement] INFO  server.RaftServer$Division (RaftServerImpl.java:start(392)) - ae8e2c12-abd7-4753-9c27-64723a930f37@group-A7B46883A997: start as a follower, conf=-1: peers:[ae8e2c12-abd7-4753-9c27-64723a930f37|10.1.0.16:15157, c24408fe-1592-40af-8b37-8bb032baf3c2|10.1.0.16:15175, 34273466-0570-47f7-a015-e29b814fc208|10.1.0.16:15166]|listeners:[], old=null
2024-01-08 22:36:05,327 [ae8e2c12-abd7-4753-9c27-64723a930f37-groupManagement] INFO  server.RaftServer$Division (RaftServerImpl.java:setRole(379)) - ae8e2c12-abd7-4753-9c27-64723a930f37@group-A7B46883A997: changes role from      null to FOLLOWER at term 0 for startAsFollower
2024-01-08 22:36:05,327 [ae8e2c12-abd7-4753-9c27-64723a930f37-groupManagement] INFO  impl.RoleInfo (RoleInfo.java:updateAndGet(139)) - ae8e2c12-abd7-4753-9c27-64723a930f37: start ae8e2c12-abd7-4753-9c27-64723a930f37@group-A7B46883A997-FollowerState
2024-01-08 22:36:05,331 [ae8e2c12-abd7-4753-9c27-64723a930f37-groupManagement] INFO  util.JmxRegister (JmxRegister.java:tryRegister(44)) - Successfully registered JMX Bean with object name Ratis:service=RaftServer,group=group-A7B46883A997,id=ae8e2c12-abd7-4753-9c27-64723a930f37
2024-01-08 22:36:05,331 [ae8e2c12-abd7-4753-9c27-64723a930f37-groupManagement] INFO  server.RaftServerConfigKeys (ConfUtils.java:logGet(46)) - raft.server.snapshot.trigger-when-stop.enabled = true (default)
2024-01-08 22:36:05,332 [ae8e2c12-abd7-4753-9c27-64723a930f37-groupManagement] INFO  server.RaftServerConfigKeys (ConfUtils.java:logGet(46)) - raft.server.snapshot.auto.trigger.enabled = true (custom)
2024-01-08 22:36:05,332 [ae8e2c12-abd7-4753-9c27-64723a930f37-groupManagement] INFO  server.RaftServerConfigKeys (ConfUtils.java:logGet(46)) - raft.server.snapshot.auto.trigger.threshold = 10000 (custom)
2024-01-08 22:36:05,332 [ae8e2c12-abd7-4753-9c27-64723a930f37-groupManagement] INFO  server.RaftServerConfigKeys (ConfUtils.java:logGet(46)) - raft.server.snapshot.retention.file.num = 5 (custom)
2024-01-08 22:36:05,332 [ae8e2c12-abd7-4753-9c27-64723a930f37-groupManagement] INFO  server.RaftServerConfigKeys (ConfUtils.java:logGet(46)) - raft.server.log.purge.upto.snapshot.index = false (default)
2024-01-08 22:36:05,332 [ae8e2c12-abd7-4753-9c27-64723a930f37-PipelineCommandHandlerThread-0] INFO  ratis.XceiverServerRatis (XceiverServerRatis.java:addGroup(842)) - Created group PipelineID=d4edd10d-5659-417d-995a-a7b46883a997
2024-01-08 22:36:05,331 [ae8e2c12-abd7-4753-9c27-64723a930f37@group-A7B46883A997-FollowerState] INFO  server.RaftServerConfigKeys (ConfUtils.java:logFallback(53)) - raft.server.rpc.first-election.timeout.min = 5s (fallback to raft.server.rpc.timeout.min)
2024-01-08 22:36:05,333 [ae8e2c12-abd7-4753-9c27-64723a930f37@group-A7B46883A997-FollowerState] INFO  server.RaftServerConfigKeys (ConfUtils.java:logFallback(53)) - raft.server.rpc.first-election.timeout.max = 5200ms (fallback to raft.server.rpc.timeout.max)
2024-01-08 22:36:05,342 [grpc-default-executor-0] INFO  server.RaftServer (RaftServerProxy.java:addNew(100)) - c24408fe-1592-40af-8b37-8bb032baf3c2: addNew group-A7B46883A997:[ae8e2c12-abd7-4753-9c27-64723a930f37|10.1.0.16:15157, c24408fe-1592-40af-8b37-8bb032baf3c2|10.1.0.16:15175, 34273466-0570-47f7-a015-e29b814fc208|10.1.0.16:15166] returns group-A7B46883A997:java.util.concurrent.CompletableFuture@214b6ae6[Not completed]
2024-01-08 22:36:05,343 [c24408fe-1592-40af-8b37-8bb032baf3c2-groupManagement] INFO  server.RaftServer$Division (RaftServerImpl.java:<init>(256)) - c24408fe-1592-40af-8b37-8bb032baf3c2: new RaftServerImpl for group-A7B46883A997:[ae8e2c12-abd7-4753-9c27-64723a930f37|10.1.0.16:15157, c24408fe-1592-40af-8b37-8bb032baf3c2|10.1.0.16:15175, 34273466-0570-47f7-a015-e29b814fc208|10.1.0.16:15166] with ContainerStateMachine:uninitialized
2024-01-08 22:36:05,343 [c24408fe-1592-40af-8b37-8bb032baf3c2-groupManagement] INFO  server.RaftServerConfigKeys (ConfUtils.java:logGet(46)) - raft.server.rpc.timeout.min = 5s (custom)
2024-01-08 22:36:05,343 [c24408fe-1592-40af-8b37-8bb032baf3c2-groupManagement] INFO  server.RaftServerConfigKeys (ConfUtils.java:logGet(46)) - raft.server.rpc.timeout.max = 5200ms (custom)
2024-01-08 22:36:05,343 [c24408fe-1592-40af-8b37-8bb032baf3c2-groupManagement] INFO  server.RaftServerConfigKeys (ConfUtils.java:logGet(46)) - raft.server.rpc.sleep.time = 25ms (default)
2024-01-08 22:36:05,343 [c24408fe-1592-40af-8b37-8bb032baf3c2-groupManagement] INFO  server.RaftServerConfigKeys (ConfUtils.java:logGet(46)) - raft.server.rpc.slowness.timeout = 300000ms (custom)
2024-01-08 22:36:05,343 [c24408fe-1592-40af-8b37-8bb032baf3c2-groupManagement] INFO  server.RaftServerConfigKeys (ConfUtils.java:logGet(46)) - raft.server.leaderelection.leader.step-down.wait-time = 10s (default)
2024-01-08 22:36:05,343 [c24408fe-1592-40af-8b37-8bb032baf3c2-groupManagement] INFO  server.RaftServerConfigKeys (ConfUtils.java:logGet(46)) - raft.server.leaderelection.member.majority-add = false (default)
2024-01-08 22:36:05,343 [c24408fe-1592-40af-8b37-8bb032baf3c2-groupManagement] INFO  server.RaftServerConfigKeys (ConfUtils.java:logGet(46)) - raft.server.sleep.deviation.threshold = 300ms (default)
2024-01-08 22:36:05,343 [c24408fe-1592-40af-8b37-8bb032baf3c2-groupManagement] INFO  server.RaftServer$Division (ServerState.java:<init>(113)) - c24408fe-1592-40af-8b37-8bb032baf3c2@group-A7B46883A997: ConfigurationManager, init=-1: peers:[ae8e2c12-abd7-4753-9c27-64723a930f37|10.1.0.16:15157, c24408fe-1592-40af-8b37-8bb032baf3c2|10.1.0.16:15175, 34273466-0570-47f7-a015-e29b814fc208|10.1.0.16:15166]|listeners:[], old=null, confs=<EMPTY_MAP>
2024-01-08 22:36:05,343 [c24408fe-1592-40af-8b37-8bb032baf3c2-groupManagement] INFO  server.RaftServerConfigKeys (ConfUtils.java:logGet(46)) - raft.server.notification.no-leader.timeout = 300000ms (custom)
2024-01-08 22:36:05,343 [c24408fe-1592-40af-8b37-8bb032baf3c2-groupManagement] INFO  server.RaftServerConfigKeys (ConfUtils.java:logGet(46)) - raft.server.read.timeout = 10s (default)
2024-01-08 22:36:05,344 [c24408fe-1592-40af-8b37-8bb032baf3c2-groupManagement] INFO  server.RaftServerConfigKeys (ConfUtils.java:logGet(46)) - raft.server.retrycache.expirytime = 600000ms (custom)
2024-01-08 22:36:05,344 [c24408fe-1592-40af-8b37-8bb032baf3c2-groupManagement] INFO  server.RaftServerConfigKeys (ConfUtils.java:logGet(46)) - raft.server.retrycache.statistics.expirytime = 100ms (default)
2024-01-08 22:36:05,344 [c24408fe-1592-40af-8b37-8bb032baf3c2-groupManagement] INFO  server.RaftServerConfigKeys (ConfUtils.java:logGet(46)) - raft.server.read.option = DEFAULT (default)
2024-01-08 22:36:05,344 [c24408fe-1592-40af-8b37-8bb032baf3c2-groupManagement] INFO  server.RaftServerConfigKeys (ConfUtils.java:logGet(46)) - raft.server.read.read-after-write-consistent.write-index-cache.expiry-time = 60s (default)
2024-01-08 22:36:05,345 [c24408fe-1592-40af-8b37-8bb032baf3c2-groupManagement] INFO  server.RaftServerConfigKeys (ConfUtils.java:logGet(46)) - raft.server.rpc.request.timeout = 3000ms (default)
2024-01-08 22:36:05,346 [c24408fe-1592-40af-8b37-8bb032baf3c2-groupManagement] INFO  server.RaftServerConfigKeys (ConfUtils.java:logGet(46)) - raft.server.log.appender.install.snapshot.enabled = false (custom)
2024-01-08 22:36:05,346 [c24408fe-1592-40af-8b37-8bb032baf3c2-groupManagement] INFO  server.RaftServerConfigKeys (ConfUtils.java:logGet(46)) - raft.server.threadpool.server.cached = true (default)
2024-01-08 22:36:05,346 [c24408fe-1592-40af-8b37-8bb032baf3c2-groupManagement] INFO  server.RaftServerConfigKeys (ConfUtils.java:logGet(46)) - raft.server.threadpool.server.size = 0 (default)
2024-01-08 22:36:05,346 [c24408fe-1592-40af-8b37-8bb032baf3c2-groupManagement] INFO  server.RaftServerConfigKeys (ConfUtils.java:logGet(46)) - raft.server.threadpool.client.cached = true (default)
2024-01-08 22:36:05,346 [c24408fe-1592-40af-8b37-8bb032baf3c2-groupManagement] INFO  server.RaftServerConfigKeys (ConfUtils.java:logGet(46)) - raft.server.threadpool.client.size = 0 (default)
2024-01-08 22:36:05,346 [c24408fe-1592-40af-8b37-8bb032baf3c2-groupManagement] INFO  server.RaftServerConfigKeys (ConfUtils.java:logGet(46)) - raft.server.storage.free-space.min = 0MB (=0) (default)
2024-01-08 22:36:05,346 [c24408fe-1592-40af-8b37-8bb032baf3c2-groupManagement] INFO  server.RaftServerConfigKeys (ConfUtils.java:logGet(46)) - raft.server.log.corruption.policy = EXCEPTION (default)
2024-01-08 22:36:05,346 [c24408fe-1592-40af-8b37-8bb032baf3c2-groupManagement] INFO  server.RaftServerConfigKeys (ConfUtils.java:logGet(46)) - raft.server.storage.dir = [/home/runner/work/ozone/ozone/hadoop-ozone/integration-test/target/test-dir/MiniOzoneClusterImpl-25d1905f-b767-404d-84bf-be0dd4c89112/datanode-8/data/ratis] (custom)
2024-01-08 22:36:05,346 [c24408fe-1592-40af-8b37-8bb032baf3c2-groupManagement] INFO  storage.RaftStorageDirectory (RaftStorageDirectoryImpl.java:analyzeStorage(138)) - The storage directory /home/runner/work/ozone/ozone/hadoop-ozone/integration-test/target/test-dir/MiniOzoneClusterImpl-25d1905f-b767-404d-84bf-be0dd4c89112/datanode-8/data/ratis/d4edd10d-5659-417d-995a-a7b46883a997 does not exist. Creating ...
2024-01-08 22:36:05,347 [c24408fe-1592-40af-8b37-8bb032baf3c2-groupManagement] INFO  storage.RaftStorageDirectory (RaftStorageDirectoryImpl.java:tryLock(232)) - Lock on /home/runner/work/ozone/ozone/hadoop-ozone/integration-test/target/test-dir/MiniOzoneClusterImpl-25d1905f-b767-404d-84bf-be0dd4c89112/datanode-8/data/ratis/d4edd10d-5659-417d-995a-a7b46883a997/in_use.lock acquired by nodename 83643@fv-az1425-465
2024-01-08 22:36:05,348 [c24408fe-1592-40af-8b37-8bb032baf3c2-groupManagement] INFO  storage.RaftStorage (RaftStorageImpl.java:format(97)) - Storage directory /home/runner/work/ozone/ozone/hadoop-ozone/integration-test/target/test-dir/MiniOzoneClusterImpl-25d1905f-b767-404d-84bf-be0dd4c89112/datanode-8/data/ratis/d4edd10d-5659-417d-995a-a7b46883a997 has been successfully formatted.
2024-01-08 22:36:05,349 [c24408fe-1592-40af-8b37-8bb032baf3c2-groupManagement] INFO  ratis.ContainerStateMachine (ContainerStateMachine.java:loadSnapshot(287)) - group-A7B46883A997: The snapshot info is null. Setting the last applied index to:(t:0, i:~)
2024-01-08 22:36:05,349 [c24408fe-1592-40af-8b37-8bb032baf3c2-groupManagement] INFO  server.RaftServerConfigKeys (ConfUtils.java:logGet(46)) - raft.server.log.use.memory = false (default)
2024-01-08 22:36:05,349 [c24408fe-1592-40af-8b37-8bb032baf3c2-groupManagement] INFO  server.RaftServerConfigKeys (ConfUtils.java:logGet(46)) - raft.server.log.purge.gap = 1000000 (custom)
2024-01-08 22:36:05,349 [c24408fe-1592-40af-8b37-8bb032baf3c2-groupManagement] INFO  server.RaftServerConfigKeys (ConfUtils.java:logGet(46)) - raft.server.log.appender.buffer.byte-limit = 8388608 (custom)
2024-01-08 22:36:05,349 [c24408fe-1592-40af-8b37-8bb032baf3c2-groupManagement] INFO  server.RaftServerConfigKeys (ConfUtils.java:logGet(46)) - raft.server.log.statemachine.data.read.timeout = 1000ms (default)
2024-01-08 22:36:05,349 [c24408fe-1592-40af-8b37-8bb032baf3c2-groupManagement] INFO  server.RaftServerConfigKeys (ConfUtils.java:logGet(46)) - raft.server.log.purge.preservation.log.num = 0 (default)
2024-01-08 22:36:05,350 [c24408fe-1592-40af-8b37-8bb032baf3c2-groupManagement] INFO  server.RaftServerConfigKeys (ConfUtils.java:logGet(46)) - raft.server.log.segment.size.max = 67108864 (custom)
2024-01-08 22:36:05,351 [c24408fe-1592-40af-8b37-8bb032baf3c2-groupManagement] INFO  server.RaftServerConfigKeys (ConfUtils.java:logGet(46)) - raft.server.log.segment.cache.num.max = 2 (custom)
2024-01-08 22:36:05,351 [c24408fe-1592-40af-8b37-8bb032baf3c2-groupManagement] INFO  server.RaftServerConfigKeys (ConfUtils.java:logGet(46)) - raft.server.log.segment.cache.size.max = 200MB (=209715200) (default)
2024-01-08 22:36:05,351 [c24408fe-1592-40af-8b37-8bb032baf3c2-groupManagement] INFO  server.RaftServerConfigKeys (ConfUtils.java:logGet(46)) - raft.server.log.appender.buffer.byte-limit = 8388608 (custom)
2024-01-08 22:36:05,351 [c24408fe-1592-40af-8b37-8bb032baf3c2-groupManagement] INFO  util.AwaitToRun (AwaitToRun.java:start(81)) - Thread[c24408fe-1592-40af-8b37-8bb032baf3c2@group-A7B46883A997-cacheEviction-AwaitToRun,5,main] started
2024-01-08 22:36:05,351 [c24408fe-1592-40af-8b37-8bb032baf3c2-groupManagement] INFO  segmented.SegmentedRaftLogWorker (SegmentedRaftLogWorker.java:<init>(184)) - new c24408fe-1592-40af-8b37-8bb032baf3c2@group-A7B46883A997-SegmentedRaftLogWorker for RaftStorageImpl:Storage Directory /home/runner/work/ozone/ozone/hadoop-ozone/integration-test/target/test-dir/MiniOzoneClusterImpl-25d1905f-b767-404d-84bf-be0dd4c89112/datanode-8/data/ratis/d4edd10d-5659-417d-995a-a7b46883a997
2024-01-08 22:36:05,351 [c24408fe-1592-40af-8b37-8bb032baf3c2-groupManagement] INFO  server.RaftServerConfigKeys (ConfUtils.java:logGet(46)) - raft.server.log.queue.byte-limit = 4294967296 (custom)
2024-01-08 22:36:05,351 [c24408fe-1592-40af-8b37-8bb032baf3c2-groupManagement] INFO  server.RaftServerConfigKeys (ConfUtils.java:logGet(46)) - raft.server.log.queue.element-limit = 1024 (custom)
2024-01-08 22:36:05,352 [c24408fe-1592-40af-8b37-8bb032baf3c2-groupManagement] INFO  server.RaftServerConfigKeys (ConfUtils.java:logGet(46)) - raft.server.log.segment.size.max = 67108864 (custom)
2024-01-08 22:36:05,352 [c24408fe-1592-40af-8b37-8bb032baf3c2-groupManagement] INFO  server.RaftServerConfigKeys (ConfUtils.java:logGet(46)) - raft.server.log.preallocated.size = 4194304 (custom)
2024-01-08 22:36:05,352 [c24408fe-1592-40af-8b37-8bb032baf3c2-groupManagement] INFO  server.RaftServerConfigKeys (ConfUtils.java:logGet(46)) - raft.server.log.force.sync.num = 128 (default)
2024-01-08 22:36:05,352 [c24408fe-1592-40af-8b37-8bb032baf3c2-groupManagement] INFO  server.RaftServerConfigKeys (ConfUtils.java:logGet(46)) - raft.server.log.statemachine.data.sync = true (default)
2024-01-08 22:36:05,352 [c24408fe-1592-40af-8b37-8bb032baf3c2-groupManagement] INFO  server.RaftServerConfigKeys (ConfUtils.java:logGet(46)) - raft.server.log.statemachine.data.sync.timeout = 10s (default)
2024-01-08 22:36:05,352 [c24408fe-1592-40af-8b37-8bb032baf3c2-groupManagement] INFO  server.RaftServerConfigKeys (ConfUtils.java:logGet(46)) - raft.server.log.statemachine.data.sync.timeout.retry = 0 (custom)
2024-01-08 22:36:05,352 [c24408fe-1592-40af-8b37-8bb032baf3c2-groupManagement] INFO  server.RaftServerConfigKeys (ConfUtils.java:logGet(46)) - raft.server.log.write.buffer.size = 8388616 (custom)
2024-01-08 22:36:05,354 [c24408fe-1592-40af-8b37-8bb032baf3c2-groupManagement] INFO  server.RaftServerConfigKeys (ConfUtils.java:logGet(46)) - raft.server.log.appender.buffer.byte-limit = 8388608 (custom)
2024-01-08 22:36:05,354 [c24408fe-1592-40af-8b37-8bb032baf3c2-groupManagement] INFO  server.RaftServerConfigKeys (ConfUtils.java:logGet(46)) - raft.server.log.unsafe-flush.enabled = false (default)
2024-01-08 22:36:05,354 [c24408fe-1592-40af-8b37-8bb032baf3c2-groupManagement] INFO  server.RaftServerConfigKeys (ConfUtils.java:logGet(46)) - raft.server.log.async-flush.enabled = false (default)
2024-01-08 22:36:05,355 [c24408fe-1592-40af-8b37-8bb032baf3c2-groupManagement] INFO  server.RaftServerConfigKeys (ConfUtils.java:logGet(46)) - raft.server.log.statemachine.data.caching.enabled = true (custom)
2024-01-08 22:36:05,355 [c24408fe-1592-40af-8b37-8bb032baf3c2-groupManagement] INFO  segmented.SegmentedRaftLogWorker (SegmentedRaftLogWorker.java:lambda$new$0(135)) - c24408fe-1592-40af-8b37-8bb032baf3c2@group-A7B46883A997-SegmentedRaftLogWorker: flushIndex: setUnconditionally 0 -> -1
2024-01-08 22:36:05,355 [c24408fe-1592-40af-8b37-8bb032baf3c2-groupManagement] INFO  segmented.SegmentedRaftLogWorker (SegmentedRaftLogWorker.java:lambda$new$0(135)) - c24408fe-1592-40af-8b37-8bb032baf3c2@group-A7B46883A997-SegmentedRaftLogWorker: safeCacheEvictIndex: setUnconditionally 0 -> -1
2024-01-08 22:36:05,355 [c24408fe-1592-40af-8b37-8bb032baf3c2-groupManagement] INFO  server.RaftServer$Division (RaftServerImpl.java:start(392)) - c24408fe-1592-40af-8b37-8bb032baf3c2@group-A7B46883A997: start as a follower, conf=-1: peers:[ae8e2c12-abd7-4753-9c27-64723a930f37|10.1.0.16:15157, c24408fe-1592-40af-8b37-8bb032baf3c2|10.1.0.16:15175, 34273466-0570-47f7-a015-e29b814fc208|10.1.0.16:15166]|listeners:[], old=null
2024-01-08 22:36:05,355 [c24408fe-1592-40af-8b37-8bb032baf3c2-groupManagement] INFO  server.RaftServer$Division (RaftServerImpl.java:setRole(379)) - c24408fe-1592-40af-8b37-8bb032baf3c2@group-A7B46883A997: changes role from      null to FOLLOWER at term 0 for startAsFollower
2024-01-08 22:36:05,355 [c24408fe-1592-40af-8b37-8bb032baf3c2-groupManagement] INFO  impl.RoleInfo (RoleInfo.java:updateAndGet(139)) - c24408fe-1592-40af-8b37-8bb032baf3c2: start c24408fe-1592-40af-8b37-8bb032baf3c2@group-A7B46883A997-FollowerState
2024-01-08 22:36:05,359 [c24408fe-1592-40af-8b37-8bb032baf3c2@group-A7B46883A997-FollowerState] INFO  server.RaftServerConfigKeys (ConfUtils.java:logFallback(53)) - raft.server.rpc.first-election.timeout.min = 5s (fallback to raft.server.rpc.timeout.min)
2024-01-08 22:36:05,359 [c24408fe-1592-40af-8b37-8bb032baf3c2-groupManagement] INFO  util.JmxRegister (JmxRegister.java:tryRegister(44)) - Successfully registered JMX Bean with object name Ratis:service=RaftServer,group=group-A7B46883A997,id=c24408fe-1592-40af-8b37-8bb032baf3c2
2024-01-08 22:36:05,360 [c24408fe-1592-40af-8b37-8bb032baf3c2-groupManagement] INFO  server.RaftServerConfigKeys (ConfUtils.java:logGet(46)) - raft.server.snapshot.trigger-when-stop.enabled = true (default)
2024-01-08 22:36:05,360 [c24408fe-1592-40af-8b37-8bb032baf3c2-groupManagement] INFO  server.RaftServerConfigKeys (ConfUtils.java:logGet(46)) - raft.server.snapshot.auto.trigger.enabled = true (custom)
2024-01-08 22:36:05,360 [c24408fe-1592-40af-8b37-8bb032baf3c2-groupManagement] INFO  server.RaftServerConfigKeys (ConfUtils.java:logGet(46)) - raft.server.snapshot.auto.trigger.threshold = 10000 (custom)
2024-01-08 22:36:05,360 [c24408fe-1592-40af-8b37-8bb032baf3c2-groupManagement] INFO  server.RaftServerConfigKeys (ConfUtils.java:logGet(46)) - raft.server.snapshot.retention.file.num = 5 (custom)
2024-01-08 22:36:05,360 [c24408fe-1592-40af-8b37-8bb032baf3c2-groupManagement] INFO  server.RaftServerConfigKeys (ConfUtils.java:logGet(46)) - raft.server.log.purge.upto.snapshot.index = false (default)
2024-01-08 22:36:05,360 [c24408fe-1592-40af-8b37-8bb032baf3c2@group-A7B46883A997-FollowerState] INFO  server.RaftServerConfigKeys (ConfUtils.java:logFallback(53)) - raft.server.rpc.first-election.timeout.max = 5200ms (fallback to raft.server.rpc.timeout.max)
2024-01-08 22:36:05,375 [grpc-default-executor-0] INFO  server.RaftServer (RaftServerProxy.java:addNew(100)) - 34273466-0570-47f7-a015-e29b814fc208: addNew group-A7B46883A997:[ae8e2c12-abd7-4753-9c27-64723a930f37|10.1.0.16:15157, c24408fe-1592-40af-8b37-8bb032baf3c2|10.1.0.16:15175, 34273466-0570-47f7-a015-e29b814fc208|10.1.0.16:15166] returns group-A7B46883A997:java.util.concurrent.CompletableFuture@3894bb88[Not completed]
2024-01-08 22:36:05,376 [34273466-0570-47f7-a015-e29b814fc208-groupManagement] INFO  server.RaftServer$Division (RaftServerImpl.java:<init>(256)) - 34273466-0570-47f7-a015-e29b814fc208: new RaftServerImpl for group-A7B46883A997:[ae8e2c12-abd7-4753-9c27-64723a930f37|10.1.0.16:15157, c24408fe-1592-40af-8b37-8bb032baf3c2|10.1.0.16:15175, 34273466-0570-47f7-a015-e29b814fc208|10.1.0.16:15166] with ContainerStateMachine:uninitialized
2024-01-08 22:36:05,377 [34273466-0570-47f7-a015-e29b814fc208-groupManagement] INFO  server.RaftServerConfigKeys (ConfUtils.java:logGet(46)) - raft.server.rpc.timeout.min = 5s (custom)
2024-01-08 22:36:05,377 [34273466-0570-47f7-a015-e29b814fc208-groupManagement] INFO  server.RaftServerConfigKeys (ConfUtils.java:logGet(46)) - raft.server.rpc.timeout.max = 5200ms (custom)
2024-01-08 22:36:05,377 [34273466-0570-47f7-a015-e29b814fc208-groupManagement] INFO  server.RaftServerConfigKeys (ConfUtils.java:logGet(46)) - raft.server.rpc.sleep.time = 25ms (default)
2024-01-08 22:36:05,377 [34273466-0570-47f7-a015-e29b814fc208-groupManagement] INFO  server.RaftServerConfigKeys (ConfUtils.java:logGet(46)) - raft.server.rpc.slowness.timeout = 300000ms (custom)
2024-01-08 22:36:05,377 [34273466-0570-47f7-a015-e29b814fc208-groupManagement] INFO  server.RaftServerConfigKeys (ConfUtils.java:logGet(46)) - raft.server.leaderelection.leader.step-down.wait-time = 10s (default)
2024-01-08 22:36:05,377 [34273466-0570-47f7-a015-e29b814fc208-groupManagement] INFO  server.RaftServerConfigKeys (ConfUtils.java:logGet(46)) - raft.server.leaderelection.member.majority-add = false (default)
2024-01-08 22:36:05,377 [34273466-0570-47f7-a015-e29b814fc208-groupManagement] INFO  server.RaftServerConfigKeys (ConfUtils.java:logGet(46)) - raft.server.sleep.deviation.threshold = 300ms (default)
2024-01-08 22:36:05,377 [34273466-0570-47f7-a015-e29b814fc208-groupManagement] INFO  server.RaftServer$Division (ServerState.java:<init>(113)) - 34273466-0570-47f7-a015-e29b814fc208@group-A7B46883A997: ConfigurationManager, init=-1: peers:[ae8e2c12-abd7-4753-9c27-64723a930f37|10.1.0.16:15157, c24408fe-1592-40af-8b37-8bb032baf3c2|10.1.0.16:15175, 34273466-0570-47f7-a015-e29b814fc208|10.1.0.16:15166]|listeners:[], old=null, confs=<EMPTY_MAP>
2024-01-08 22:36:05,378 [34273466-0570-47f7-a015-e29b814fc208-groupManagement] INFO  server.RaftServerConfigKeys (ConfUtils.java:logGet(46)) - raft.server.notification.no-leader.timeout = 300000ms (custom)
2024-01-08 22:36:05,378 [34273466-0570-47f7-a015-e29b814fc208-groupManagement] INFO  server.RaftServerConfigKeys (ConfUtils.java:logGet(46)) - raft.server.read.timeout = 10s (default)
2024-01-08 22:36:05,378 [34273466-0570-47f7-a015-e29b814fc208-groupManagement] INFO  server.RaftServerConfigKeys (ConfUtils.java:logGet(46)) - raft.server.retrycache.expirytime = 600000ms (custom)
2024-01-08 22:36:05,378 [34273466-0570-47f7-a015-e29b814fc208-groupManagement] INFO  server.RaftServerConfigKeys (ConfUtils.java:logGet(46)) - raft.server.retrycache.statistics.expirytime = 100ms (default)
2024-01-08 22:36:05,378 [34273466-0570-47f7-a015-e29b814fc208-groupManagement] INFO  server.RaftServerConfigKeys (ConfUtils.java:logGet(46)) - raft.server.read.option = DEFAULT (default)
2024-01-08 22:36:05,379 [34273466-0570-47f7-a015-e29b814fc208-groupManagement] INFO  server.RaftServerConfigKeys (ConfUtils.java:logGet(46)) - raft.server.read.read-after-write-consistent.write-index-cache.expiry-time = 60s (default)
2024-01-08 22:36:05,381 [34273466-0570-47f7-a015-e29b814fc208-groupManagement] INFO  server.RaftServerConfigKeys (ConfUtils.java:logGet(46)) - raft.server.rpc.request.timeout = 3000ms (default)
2024-01-08 22:36:05,381 [34273466-0570-47f7-a015-e29b814fc208-groupManagement] INFO  server.RaftServerConfigKeys (ConfUtils.java:logGet(46)) - raft.server.log.appender.install.snapshot.enabled = false (custom)
2024-01-08 22:36:05,381 [34273466-0570-47f7-a015-e29b814fc208-groupManagement] INFO  server.RaftServerConfigKeys (ConfUtils.java:logGet(46)) - raft.server.threadpool.server.cached = true (default)
2024-01-08 22:36:05,381 [34273466-0570-47f7-a015-e29b814fc208-groupManagement] INFO  server.RaftServerConfigKeys (ConfUtils.java:logGet(46)) - raft.server.threadpool.server.size = 0 (default)
2024-01-08 22:36:05,382 [34273466-0570-47f7-a015-e29b814fc208-groupManagement] INFO  server.RaftServerConfigKeys (ConfUtils.java:logGet(46)) - raft.server.threadpool.client.cached = true (default)
2024-01-08 22:36:05,382 [34273466-0570-47f7-a015-e29b814fc208-groupManagement] INFO  server.RaftServerConfigKeys (ConfUtils.java:logGet(46)) - raft.server.threadpool.client.size = 0 (default)
2024-01-08 22:36:05,382 [34273466-0570-47f7-a015-e29b814fc208-groupManagement] INFO  server.RaftServerConfigKeys (ConfUtils.java:logGet(46)) - raft.server.storage.free-space.min = 0MB (=0) (default)
2024-01-08 22:36:05,382 [34273466-0570-47f7-a015-e29b814fc208-groupManagement] INFO  server.RaftServerConfigKeys (ConfUtils.java:logGet(46)) - raft.server.log.corruption.policy = EXCEPTION (default)
2024-01-08 22:36:05,382 [34273466-0570-47f7-a015-e29b814fc208-groupManagement] INFO  server.RaftServerConfigKeys (ConfUtils.java:logGet(46)) - raft.server.storage.dir = [/home/runner/work/ozone/ozone/hadoop-ozone/integration-test/target/test-dir/MiniOzoneClusterImpl-25d1905f-b767-404d-84bf-be0dd4c89112/datanode-7/data/ratis] (custom)
2024-01-08 22:36:05,382 [34273466-0570-47f7-a015-e29b814fc208-groupManagement] INFO  storage.RaftStorageDirectory (RaftStorageDirectoryImpl.java:analyzeStorage(138)) - The storage directory /home/runner/work/ozone/ozone/hadoop-ozone/integration-test/target/test-dir/MiniOzoneClusterImpl-25d1905f-b767-404d-84bf-be0dd4c89112/datanode-7/data/ratis/d4edd10d-5659-417d-995a-a7b46883a997 does not exist. Creating ...
2024-01-08 22:36:05,383 [34273466-0570-47f7-a015-e29b814fc208-groupManagement] INFO  storage.RaftStorageDirectory (RaftStorageDirectoryImpl.java:tryLock(232)) - Lock on /home/runner/work/ozone/ozone/hadoop-ozone/integration-test/target/test-dir/MiniOzoneClusterImpl-25d1905f-b767-404d-84bf-be0dd4c89112/datanode-7/data/ratis/d4edd10d-5659-417d-995a-a7b46883a997/in_use.lock acquired by nodename 83643@fv-az1425-465
2024-01-08 22:36:05,384 [34273466-0570-47f7-a015-e29b814fc208-groupManagement] INFO  storage.RaftStorage (RaftStorageImpl.java:format(97)) - Storage directory /home/runner/work/ozone/ozone/hadoop-ozone/integration-test/target/test-dir/MiniOzoneClusterImpl-25d1905f-b767-404d-84bf-be0dd4c89112/datanode-7/data/ratis/d4edd10d-5659-417d-995a-a7b46883a997 has been successfully formatted.
2024-01-08 22:36:05,385 [34273466-0570-47f7-a015-e29b814fc208-groupManagement] INFO  ratis.ContainerStateMachine (ContainerStateMachine.java:loadSnapshot(287)) - group-A7B46883A997: The snapshot info is null. Setting the last applied index to:(t:0, i:~)
2024-01-08 22:36:05,386 [34273466-0570-47f7-a015-e29b814fc208-groupManagement] INFO  server.RaftServerConfigKeys (ConfUtils.java:logGet(46)) - raft.server.log.use.memory = false (default)
2024-01-08 22:36:05,386 [34273466-0570-47f7-a015-e29b814fc208-groupManagement] INFO  server.RaftServerConfigKeys (ConfUtils.java:logGet(46)) - raft.server.log.purge.gap = 1000000 (custom)
2024-01-08 22:36:05,386 [34273466-0570-47f7-a015-e29b814fc208-groupManagement] INFO  server.RaftServerConfigKeys (ConfUtils.java:logGet(46)) - raft.server.log.appender.buffer.byte-limit = 8388608 (custom)
2024-01-08 22:36:05,386 [34273466-0570-47f7-a015-e29b814fc208-groupManagement] INFO  server.RaftServerConfigKeys (ConfUtils.java:logGet(46)) - raft.server.log.statemachine.data.read.timeout = 1000ms (default)
2024-01-08 22:36:05,386 [34273466-0570-47f7-a015-e29b814fc208-groupManagement] INFO  server.RaftServerConfigKeys (ConfUtils.java:logGet(46)) - raft.server.log.purge.preservation.log.num = 0 (default)
2024-01-08 22:36:05,387 [34273466-0570-47f7-a015-e29b814fc208-groupManagement] INFO  server.RaftServerConfigKeys (ConfUtils.java:logGet(46)) - raft.server.log.segment.size.max = 67108864 (custom)
2024-01-08 22:36:05,388 [34273466-0570-47f7-a015-e29b814fc208-groupManagement] INFO  server.RaftServerConfigKeys (ConfUtils.java:logGet(46)) - raft.server.log.segment.cache.num.max = 2 (custom)
2024-01-08 22:36:05,388 [34273466-0570-47f7-a015-e29b814fc208-groupManagement] INFO  server.RaftServerConfigKeys (ConfUtils.java:logGet(46)) - raft.server.log.segment.cache.size.max = 200MB (=209715200) (default)
2024-01-08 22:36:05,388 [34273466-0570-47f7-a015-e29b814fc208-groupManagement] INFO  server.RaftServerConfigKeys (ConfUtils.java:logGet(46)) - raft.server.log.appender.buffer.byte-limit = 8388608 (custom)
2024-01-08 22:36:05,388 [34273466-0570-47f7-a015-e29b814fc208-groupManagement] INFO  util.AwaitToRun (AwaitToRun.java:start(81)) - Thread[34273466-0570-47f7-a015-e29b814fc208@group-A7B46883A997-cacheEviction-AwaitToRun,5,main] started
2024-01-08 22:36:05,388 [34273466-0570-47f7-a015-e29b814fc208-groupManagement] INFO  segmented.SegmentedRaftLogWorker (SegmentedRaftLogWorker.java:<init>(184)) - new 34273466-0570-47f7-a015-e29b814fc208@group-A7B46883A997-SegmentedRaftLogWorker for RaftStorageImpl:Storage Directory /home/runner/work/ozone/ozone/hadoop-ozone/integration-test/target/test-dir/MiniOzoneClusterImpl-25d1905f-b767-404d-84bf-be0dd4c89112/datanode-7/data/ratis/d4edd10d-5659-417d-995a-a7b46883a997
2024-01-08 22:36:05,388 [34273466-0570-47f7-a015-e29b814fc208-groupManagement] INFO  server.RaftServerConfigKeys (ConfUtils.java:logGet(46)) - raft.server.log.queue.byte-limit = 4294967296 (custom)
2024-01-08 22:36:05,388 [34273466-0570-47f7-a015-e29b814fc208-groupManagement] INFO  server.RaftServerConfigKeys (ConfUtils.java:logGet(46)) - raft.server.log.queue.element-limit = 1024 (custom)
2024-01-08 22:36:05,388 [34273466-0570-47f7-a015-e29b814fc208-groupManagement] INFO  server.RaftServerConfigKeys (ConfUtils.java:logGet(46)) - raft.server.log.segment.size.max = 67108864 (custom)
2024-01-08 22:36:05,388 [34273466-0570-47f7-a015-e29b814fc208-groupManagement] INFO  server.RaftServerConfigKeys (ConfUtils.java:logGet(46)) - raft.server.log.preallocated.size = 4194304 (custom)
2024-01-08 22:36:05,388 [34273466-0570-47f7-a015-e29b814fc208-groupManagement] INFO  server.RaftServerConfigKeys (ConfUtils.java:logGet(46)) - raft.server.log.force.sync.num = 128 (default)
2024-01-08 22:36:05,388 [34273466-0570-47f7-a015-e29b814fc208-groupManagement] INFO  server.RaftServerConfigKeys (ConfUtils.java:logGet(46)) - raft.server.log.statemachine.data.sync = true (default)
2024-01-08 22:36:05,388 [34273466-0570-47f7-a015-e29b814fc208-groupManagement] INFO  server.RaftServerConfigKeys (ConfUtils.java:logGet(46)) - raft.server.log.statemachine.data.sync.timeout = 10s (default)
2024-01-08 22:36:05,389 [34273466-0570-47f7-a015-e29b814fc208-groupManagement] INFO  server.RaftServerConfigKeys (ConfUtils.java:logGet(46)) - raft.server.log.statemachine.data.sync.timeout.retry = 0 (custom)
2024-01-08 22:36:05,389 [34273466-0570-47f7-a015-e29b814fc208-groupManagement] INFO  server.RaftServerConfigKeys (ConfUtils.java:logGet(46)) - raft.server.log.write.buffer.size = 8388616 (custom)
2024-01-08 22:36:05,391 [34273466-0570-47f7-a015-e29b814fc208-groupManagement] INFO  server.RaftServerConfigKeys (ConfUtils.java:logGet(46)) - raft.server.log.appender.buffer.byte-limit = 8388608 (custom)
2024-01-08 22:36:05,391 [34273466-0570-47f7-a015-e29b814fc208-groupManagement] INFO  server.RaftServerConfigKeys (ConfUtils.java:logGet(46)) - raft.server.log.unsafe-flush.enabled = false (default)
2024-01-08 22:36:05,391 [34273466-0570-47f7-a015-e29b814fc208-groupManagement] INFO  server.RaftServerConfigKeys (ConfUtils.java:logGet(46)) - raft.server.log.async-flush.enabled = false (default)
2024-01-08 22:36:05,392 [34273466-0570-47f7-a015-e29b814fc208-groupManagement] INFO  server.RaftServerConfigKeys (ConfUtils.java:logGet(46)) - raft.server.log.statemachine.data.caching.enabled = true (custom)
2024-01-08 22:36:05,392 [34273466-0570-47f7-a015-e29b814fc208-groupManagement] INFO  segmented.SegmentedRaftLogWorker (SegmentedRaftLogWorker.java:lambda$new$0(135)) - 34273466-0570-47f7-a015-e29b814fc208@group-A7B46883A997-SegmentedRaftLogWorker: flushIndex: setUnconditionally 0 -> -1
2024-01-08 22:36:05,392 [34273466-0570-47f7-a015-e29b814fc208-groupManagement] INFO  segmented.SegmentedRaftLogWorker (SegmentedRaftLogWorker.java:lambda$new$0(135)) - 34273466-0570-47f7-a015-e29b814fc208@group-A7B46883A997-SegmentedRaftLogWorker: safeCacheEvictIndex: setUnconditionally 0 -> -1
2024-01-08 22:36:05,395 [34273466-0570-47f7-a015-e29b814fc208-groupManagement] INFO  server.RaftServer$Division (RaftServerImpl.java:start(392)) - 34273466-0570-47f7-a015-e29b814fc208@group-A7B46883A997: start as a follower, conf=-1: peers:[ae8e2c12-abd7-4753-9c27-64723a930f37|10.1.0.16:15157, c24408fe-1592-40af-8b37-8bb032baf3c2|10.1.0.16:15175, 34273466-0570-47f7-a015-e29b814fc208|10.1.0.16:15166]|listeners:[], old=null
2024-01-08 22:36:05,395 [34273466-0570-47f7-a015-e29b814fc208-groupManagement] INFO  server.RaftServer$Division (RaftServerImpl.java:setRole(379)) - 34273466-0570-47f7-a015-e29b814fc208@group-A7B46883A997: changes role from      null to FOLLOWER at term 0 for startAsFollower
2024-01-08 22:36:05,395 [34273466-0570-47f7-a015-e29b814fc208-groupManagement] INFO  impl.RoleInfo (RoleInfo.java:updateAndGet(139)) - 34273466-0570-47f7-a015-e29b814fc208: start 34273466-0570-47f7-a015-e29b814fc208@group-A7B46883A997-FollowerState
2024-01-08 22:36:05,396 [34273466-0570-47f7-a015-e29b814fc208-PipelineCommandHandlerThread-0] INFO  server.RaftServer (RaftServerProxy.java:addNew(100)) - 34273466-0570-47f7-a015-e29b814fc208: addNew group-F5999DE2E330:[34273466-0570-47f7-a015-e29b814fc208|10.1.0.16:15166] returns group-F5999DE2E330:java.util.concurrent.CompletableFuture@48ae5f73[Not completed]
2024-01-08 22:36:05,397 [34273466-0570-47f7-a015-e29b814fc208-groupManagement] INFO  util.JmxRegister (JmxRegister.java:tryRegister(44)) - Successfully registered JMX Bean with object name Ratis:service=RaftServer,group=group-A7B46883A997,id=34273466-0570-47f7-a015-e29b814fc208
2024-01-08 22:36:05,397 [34273466-0570-47f7-a015-e29b814fc208-groupManagement] INFO  server.RaftServerConfigKeys (ConfUtils.java:logGet(46)) - raft.server.snapshot.trigger-when-stop.enabled = true (default)
2024-01-08 22:36:05,397 [34273466-0570-47f7-a015-e29b814fc208-groupManagement] INFO  server.RaftServerConfigKeys (ConfUtils.java:logGet(46)) - raft.server.snapshot.auto.trigger.enabled = true (custom)
2024-01-08 22:36:05,397 [34273466-0570-47f7-a015-e29b814fc208-groupManagement] INFO  server.RaftServerConfigKeys (ConfUtils.java:logGet(46)) - raft.server.snapshot.auto.trigger.threshold = 10000 (custom)
2024-01-08 22:36:05,397 [34273466-0570-47f7-a015-e29b814fc208-groupManagement] INFO  server.RaftServerConfigKeys (ConfUtils.java:logGet(46)) - raft.server.snapshot.retention.file.num = 5 (custom)
2024-01-08 22:36:05,397 [34273466-0570-47f7-a015-e29b814fc208-groupManagement] INFO  server.RaftServerConfigKeys (ConfUtils.java:logGet(46)) - raft.server.log.purge.upto.snapshot.index = false (default)
2024-01-08 22:36:05,397 [34273466-0570-47f7-a015-e29b814fc208@group-A7B46883A997-FollowerState] INFO  server.RaftServerConfigKeys (ConfUtils.java:logFallback(53)) - raft.server.rpc.first-election.timeout.min = 5s (fallback to raft.server.rpc.timeout.min)
2024-01-08 22:36:05,398 [34273466-0570-47f7-a015-e29b814fc208@group-A7B46883A997-FollowerState] INFO  server.RaftServerConfigKeys (ConfUtils.java:logFallback(53)) - raft.server.rpc.first-election.timeout.max = 5200ms (fallback to raft.server.rpc.timeout.max)
2024-01-08 22:36:05,398 [34273466-0570-47f7-a015-e29b814fc208-groupManagement] INFO  server.RaftServer$Division (RaftServerImpl.java:<init>(256)) - 34273466-0570-47f7-a015-e29b814fc208: new RaftServerImpl for group-F5999DE2E330:[34273466-0570-47f7-a015-e29b814fc208|10.1.0.16:15166] with ContainerStateMachine:uninitialized
2024-01-08 22:36:05,399 [34273466-0570-47f7-a015-e29b814fc208-groupManagement] INFO  server.RaftServerConfigKeys (ConfUtils.java:logGet(46)) - raft.server.rpc.timeout.min = 5s (custom)
2024-01-08 22:36:05,399 [34273466-0570-47f7-a015-e29b814fc208-groupManagement] INFO  server.RaftServerConfigKeys (ConfUtils.java:logGet(46)) - raft.server.rpc.timeout.max = 5200ms (custom)
2024-01-08 22:36:05,399 [34273466-0570-47f7-a015-e29b814fc208-groupManagement] INFO  server.RaftServerConfigKeys (ConfUtils.java:logGet(46)) - raft.server.rpc.sleep.time = 25ms (default)
2024-01-08 22:36:05,399 [34273466-0570-47f7-a015-e29b814fc208-groupManagement] INFO  server.RaftServerConfigKeys (ConfUtils.java:logGet(46)) - raft.server.rpc.slowness.timeout = 300000ms (custom)
2024-01-08 22:36:05,399 [34273466-0570-47f7-a015-e29b814fc208-groupManagement] INFO  server.RaftServerConfigKeys (ConfUtils.java:logGet(46)) - raft.server.leaderelection.leader.step-down.wait-time = 10s (default)
2024-01-08 22:36:05,399 [34273466-0570-47f7-a015-e29b814fc208-groupManagement] INFO  server.RaftServerConfigKeys (ConfUtils.java:logGet(46)) - raft.server.leaderelection.member.majority-add = false (default)
2024-01-08 22:36:05,399 [34273466-0570-47f7-a015-e29b814fc208-groupManagement] INFO  server.RaftServerConfigKeys (ConfUtils.java:logGet(46)) - raft.server.sleep.deviation.threshold = 300ms (default)
2024-01-08 22:36:05,399 [34273466-0570-47f7-a015-e29b814fc208-groupManagement] INFO  server.RaftServer$Division (ServerState.java:<init>(113)) - 34273466-0570-47f7-a015-e29b814fc208@group-F5999DE2E330: ConfigurationManager, init=-1: peers:[34273466-0570-47f7-a015-e29b814fc208|10.1.0.16:15166]|listeners:[], old=null, confs=<EMPTY_MAP>
2024-01-08 22:36:05,399 [34273466-0570-47f7-a015-e29b814fc208-groupManagement] INFO  server.RaftServerConfigKeys (ConfUtils.java:logGet(46)) - raft.server.notification.no-leader.timeout = 300000ms (custom)
2024-01-08 22:36:05,399 [34273466-0570-47f7-a015-e29b814fc208-groupManagement] INFO  server.RaftServerConfigKeys (ConfUtils.java:logGet(46)) - raft.server.read.timeout = 10s (default)
2024-01-08 22:36:05,399 [34273466-0570-47f7-a015-e29b814fc208-groupManagement] INFO  server.RaftServerConfigKeys (ConfUtils.java:logGet(46)) - raft.server.retrycache.expirytime = 600000ms (custom)
2024-01-08 22:36:05,399 [34273466-0570-47f7-a015-e29b814fc208-groupManagement] INFO  server.RaftServerConfigKeys (ConfUtils.java:logGet(46)) - raft.server.retrycache.statistics.expirytime = 100ms (default)
2024-01-08 22:36:05,399 [34273466-0570-47f7-a015-e29b814fc208-groupManagement] INFO  server.RaftServerConfigKeys (ConfUtils.java:logGet(46)) - raft.server.read.option = DEFAULT (default)
2024-01-08 22:36:05,399 [34273466-0570-47f7-a015-e29b814fc208-groupManagement] INFO  server.RaftServerConfigKeys (ConfUtils.java:logGet(46)) - raft.server.read.read-after-write-consistent.write-index-cache.expiry-time = 60s (default)
2024-01-08 22:36:05,403 [ae8e2c12-abd7-4753-9c27-64723a930f37-PipelineCommandHandlerThread-0] INFO  commandhandler.CreatePipelineCommandHandler (CreatePipelineCommandHandler.java:lambda$handle$2(124)) - Created Pipeline RATIS THREE PipelineID=d4edd10d-5659-417d-995a-a7b46883a997.
2024-01-08 22:36:05,403 [34273466-0570-47f7-a015-e29b814fc208-groupManagement] INFO  server.RaftServerConfigKeys (ConfUtils.java:logGet(46)) - raft.server.rpc.request.timeout = 3000ms (default)
2024-01-08 22:36:05,404 [34273466-0570-47f7-a015-e29b814fc208-groupManagement] INFO  server.RaftServerConfigKeys (ConfUtils.java:logGet(46)) - raft.server.log.appender.install.snapshot.enabled = false (custom)
2024-01-08 22:36:05,404 [34273466-0570-47f7-a015-e29b814fc208-groupManagement] INFO  server.RaftServerConfigKeys (ConfUtils.java:logGet(46)) - raft.server.threadpool.server.cached = true (default)
2024-01-08 22:36:05,404 [34273466-0570-47f7-a015-e29b814fc208-groupManagement] INFO  server.RaftServerConfigKeys (ConfUtils.java:logGet(46)) - raft.server.threadpool.server.size = 0 (default)
2024-01-08 22:36:05,404 [34273466-0570-47f7-a015-e29b814fc208-groupManagement] INFO  server.RaftServerConfigKeys (ConfUtils.java:logGet(46)) - raft.server.threadpool.client.cached = true (default)
2024-01-08 22:36:05,404 [34273466-0570-47f7-a015-e29b814fc208-groupManagement] INFO  server.RaftServerConfigKeys (ConfUtils.java:logGet(46)) - raft.server.threadpool.client.size = 0 (default)
2024-01-08 22:36:05,404 [34273466-0570-47f7-a015-e29b814fc208-groupManagement] INFO  server.RaftServerConfigKeys (ConfUtils.java:logGet(46)) - raft.server.storage.free-space.min = 0MB (=0) (default)
2024-01-08 22:36:05,404 [34273466-0570-47f7-a015-e29b814fc208-groupManagement] INFO  server.RaftServerConfigKeys (ConfUtils.java:logGet(46)) - raft.server.log.corruption.policy = EXCEPTION (default)
2024-01-08 22:36:05,404 [34273466-0570-47f7-a015-e29b814fc208-groupManagement] INFO  server.RaftServerConfigKeys (ConfUtils.java:logGet(46)) - raft.server.storage.dir = [/home/runner/work/ozone/ozone/hadoop-ozone/integration-test/target/test-dir/MiniOzoneClusterImpl-25d1905f-b767-404d-84bf-be0dd4c89112/datanode-7/data/ratis] (custom)
2024-01-08 22:36:05,405 [34273466-0570-47f7-a015-e29b814fc208-groupManagement] INFO  storage.RaftStorageDirectory (RaftStorageDirectoryImpl.java:analyzeStorage(138)) - The storage directory /home/runner/work/ozone/ozone/hadoop-ozone/integration-test/target/test-dir/MiniOzoneClusterImpl-25d1905f-b767-404d-84bf-be0dd4c89112/datanode-7/data/ratis/73a4929e-9623-493a-bef3-f5999de2e330 does not exist. Creating ...
2024-01-08 22:36:05,405 [34273466-0570-47f7-a015-e29b814fc208-groupManagement] INFO  storage.RaftStorageDirectory (RaftStorageDirectoryImpl.java:tryLock(232)) - Lock on /home/runner/work/ozone/ozone/hadoop-ozone/integration-test/target/test-dir/MiniOzoneClusterImpl-25d1905f-b767-404d-84bf-be0dd4c89112/datanode-7/data/ratis/73a4929e-9623-493a-bef3-f5999de2e330/in_use.lock acquired by nodename 83643@fv-az1425-465
2024-01-08 22:36:05,406 [34273466-0570-47f7-a015-e29b814fc208-groupManagement] INFO  storage.RaftStorage (RaftStorageImpl.java:format(97)) - Storage directory /home/runner/work/ozone/ozone/hadoop-ozone/integration-test/target/test-dir/MiniOzoneClusterImpl-25d1905f-b767-404d-84bf-be0dd4c89112/datanode-7/data/ratis/73a4929e-9623-493a-bef3-f5999de2e330 has been successfully formatted.
2024-01-08 22:36:05,407 [34273466-0570-47f7-a015-e29b814fc208-groupManagement] INFO  ratis.ContainerStateMachine (ContainerStateMachine.java:loadSnapshot(287)) - group-F5999DE2E330: The snapshot info is null. Setting the last applied index to:(t:0, i:~)
2024-01-08 22:36:05,407 [34273466-0570-47f7-a015-e29b814fc208-groupManagement] INFO  server.RaftServerConfigKeys (ConfUtils.java:logGet(46)) - raft.server.log.use.memory = false (default)
2024-01-08 22:36:05,407 [34273466-0570-47f7-a015-e29b814fc208-groupManagement] INFO  server.RaftServerConfigKeys (ConfUtils.java:logGet(46)) - raft.server.log.purge.gap = 1000000 (custom)
2024-01-08 22:36:05,407 [34273466-0570-47f7-a015-e29b814fc208-groupManagement] INFO  server.RaftServerConfigKeys (ConfUtils.java:logGet(46)) - raft.server.log.appender.buffer.byte-limit = 8388608 (custom)
2024-01-08 22:36:05,407 [34273466-0570-47f7-a015-e29b814fc208-groupManagement] INFO  server.RaftServerConfigKeys (ConfUtils.java:logGet(46)) - raft.server.log.statemachine.data.read.timeout = 1000ms (default)
2024-01-08 22:36:05,407 [34273466-0570-47f7-a015-e29b814fc208-groupManagement] INFO  server.RaftServerConfigKeys (ConfUtils.java:logGet(46)) - raft.server.log.purge.preservation.log.num = 0 (default)
2024-01-08 22:36:05,408 [EventQueue-PipelineReportForPipelineReportHandler] INFO  pipeline.PipelineReportHandler (PipelineReportHandler.java:processPipelineReport(136)) - Opened pipeline PipelineID=73a4929e-9623-493a-bef3-f5999de2e330
2024-01-08 22:36:05,408 [EventQueue-OpenPipelineForHealthyPipelineSafeModeRule] INFO  safemode.SCMSafeModeManager (HealthyPipelineSafeModeRule.java:process(140)) - SCM in safe mode. Healthy pipelines reported count is 0, required healthy pipeline reported count is 1
2024-01-08 22:36:05,408 [34273466-0570-47f7-a015-e29b814fc208-groupManagement] INFO  server.RaftServerConfigKeys (ConfUtils.java:logGet(46)) - raft.server.log.segment.size.max = 67108864 (custom)
2024-01-08 22:36:05,409 [34273466-0570-47f7-a015-e29b814fc208-groupManagement] INFO  server.RaftServerConfigKeys (ConfUtils.java:logGet(46)) - raft.server.log.segment.cache.num.max = 2 (custom)
2024-01-08 22:36:05,409 [34273466-0570-47f7-a015-e29b814fc208-groupManagement] INFO  server.RaftServerConfigKeys (ConfUtils.java:logGet(46)) - raft.server.log.segment.cache.size.max = 200MB (=209715200) (default)
2024-01-08 22:36:05,409 [34273466-0570-47f7-a015-e29b814fc208-groupManagement] INFO  server.RaftServerConfigKeys (ConfUtils.java:logGet(46)) - raft.server.log.appender.buffer.byte-limit = 8388608 (custom)
2024-01-08 22:36:05,411 [34273466-0570-47f7-a015-e29b814fc208-groupManagement] INFO  util.AwaitToRun (AwaitToRun.java:start(81)) - Thread[34273466-0570-47f7-a015-e29b814fc208@group-F5999DE2E330-cacheEviction-AwaitToRun,5,main] started
2024-01-08 22:36:05,411 [34273466-0570-47f7-a015-e29b814fc208-groupManagement] INFO  segmented.SegmentedRaftLogWorker (SegmentedRaftLogWorker.java:<init>(184)) - new 34273466-0570-47f7-a015-e29b814fc208@group-F5999DE2E330-SegmentedRaftLogWorker for RaftStorageImpl:Storage Directory /home/runner/work/ozone/ozone/hadoop-ozone/integration-test/target/test-dir/MiniOzoneClusterImpl-25d1905f-b767-404d-84bf-be0dd4c89112/datanode-7/data/ratis/73a4929e-9623-493a-bef3-f5999de2e330
2024-01-08 22:36:05,411 [34273466-0570-47f7-a015-e29b814fc208-groupManagement] INFO  server.RaftServerConfigKeys (ConfUtils.java:logGet(46)) - raft.server.log.queue.byte-limit = 4294967296 (custom)
2024-01-08 22:36:05,412 [34273466-0570-47f7-a015-e29b814fc208-groupManagement] INFO  server.RaftServerConfigKeys (ConfUtils.java:logGet(46)) - raft.server.log.queue.element-limit = 1024 (custom)
2024-01-08 22:36:05,412 [34273466-0570-47f7-a015-e29b814fc208-groupManagement] INFO  server.RaftServerConfigKeys (ConfUtils.java:logGet(46)) - raft.server.log.segment.size.max = 67108864 (custom)
2024-01-08 22:36:05,412 [34273466-0570-47f7-a015-e29b814fc208-groupManagement] INFO  server.RaftServerConfigKeys (ConfUtils.java:logGet(46)) - raft.server.log.preallocated.size = 4194304 (custom)
2024-01-08 22:36:05,412 [34273466-0570-47f7-a015-e29b814fc208-groupManagement] INFO  server.RaftServerConfigKeys (ConfUtils.java:logGet(46)) - raft.server.log.force.sync.num = 128 (default)
2024-01-08 22:36:05,413 [34273466-0570-47f7-a015-e29b814fc208-groupManagement] INFO  server.RaftServerConfigKeys (ConfUtils.java:logGet(46)) - raft.server.log.statemachine.data.sync = true (default)
2024-01-08 22:36:05,413 [34273466-0570-47f7-a015-e29b814fc208-groupManagement] INFO  server.RaftServerConfigKeys (ConfUtils.java:logGet(46)) - raft.server.log.statemachine.data.sync.timeout = 10s (default)
2024-01-08 22:36:05,413 [34273466-0570-47f7-a015-e29b814fc208-groupManagement] INFO  server.RaftServerConfigKeys (ConfUtils.java:logGet(46)) - raft.server.log.statemachine.data.sync.timeout.retry = 0 (custom)
2024-01-08 22:36:05,414 [34273466-0570-47f7-a015-e29b814fc208-groupManagement] INFO  server.RaftServerConfigKeys (ConfUtils.java:logGet(46)) - raft.server.log.write.buffer.size = 8388616 (custom)
2024-01-08 22:36:05,416 [34273466-0570-47f7-a015-e29b814fc208-groupManagement] INFO  server.RaftServerConfigKeys (ConfUtils.java:logGet(46)) - raft.server.log.appender.buffer.byte-limit = 8388608 (custom)
2024-01-08 22:36:05,417 [34273466-0570-47f7-a015-e29b814fc208-groupManagement] INFO  server.RaftServerConfigKeys (ConfUtils.java:logGet(46)) - raft.server.log.unsafe-flush.enabled = false (default)
2024-01-08 22:36:05,417 [34273466-0570-47f7-a015-e29b814fc208-groupManagement] INFO  server.RaftServerConfigKeys (ConfUtils.java:logGet(46)) - raft.server.log.async-flush.enabled = false (default)
2024-01-08 22:36:05,417 [34273466-0570-47f7-a015-e29b814fc208-groupManagement] INFO  server.RaftServerConfigKeys (ConfUtils.java:logGet(46)) - raft.server.log.statemachine.data.caching.enabled = true (custom)
2024-01-08 22:36:05,417 [34273466-0570-47f7-a015-e29b814fc208-groupManagement] INFO  segmented.SegmentedRaftLogWorker (SegmentedRaftLogWorker.java:lambda$new$0(135)) - 34273466-0570-47f7-a015-e29b814fc208@group-F5999DE2E330-SegmentedRaftLogWorker: flushIndex: setUnconditionally 0 -> -1
2024-01-08 22:36:05,418 [34273466-0570-47f7-a015-e29b814fc208-groupManagement] INFO  segmented.SegmentedRaftLogWorker (SegmentedRaftLogWorker.java:lambda$new$0(135)) - 34273466-0570-47f7-a015-e29b814fc208@group-F5999DE2E330-SegmentedRaftLogWorker: safeCacheEvictIndex: setUnconditionally 0 -> -1
2024-01-08 22:36:05,418 [34273466-0570-47f7-a015-e29b814fc208-groupManagement] INFO  server.RaftServer$Division (RaftServerImpl.java:start(392)) - 34273466-0570-47f7-a015-e29b814fc208@group-F5999DE2E330: start as a follower, conf=-1: peers:[34273466-0570-47f7-a015-e29b814fc208|10.1.0.16:15166]|listeners:[], old=null
2024-01-08 22:36:05,418 [34273466-0570-47f7-a015-e29b814fc208-groupManagement] INFO  server.RaftServer$Division (RaftServerImpl.java:setRole(379)) - 34273466-0570-47f7-a015-e29b814fc208@group-F5999DE2E330: changes role from      null to FOLLOWER at term 0 for startAsFollower
2024-01-08 22:36:05,418 [34273466-0570-47f7-a015-e29b814fc208-groupManagement] INFO  impl.RoleInfo (RoleInfo.java:updateAndGet(139)) - 34273466-0570-47f7-a015-e29b814fc208: start 34273466-0570-47f7-a015-e29b814fc208@group-F5999DE2E330-FollowerState
2024-01-08 22:36:05,419 [34273466-0570-47f7-a015-e29b814fc208-groupManagement] INFO  util.JmxRegister (JmxRegister.java:tryRegister(44)) - Successfully registered JMX Bean with object name Ratis:service=RaftServer,group=group-F5999DE2E330,id=34273466-0570-47f7-a015-e29b814fc208
2024-01-08 22:36:05,419 [34273466-0570-47f7-a015-e29b814fc208@group-F5999DE2E330-FollowerState] INFO  server.RaftServerConfigKeys (ConfUtils.java:logFallback(53)) - raft.server.rpc.first-election.timeout.min = 5s (fallback to raft.server.rpc.timeout.min)
2024-01-08 22:36:05,419 [34273466-0570-47f7-a015-e29b814fc208-groupManagement] INFO  server.RaftServerConfigKeys (ConfUtils.java:logGet(46)) - raft.server.snapshot.trigger-when-stop.enabled = true (default)
2024-01-08 22:36:05,419 [34273466-0570-47f7-a015-e29b814fc208@group-F5999DE2E330-FollowerState] INFO  server.RaftServerConfigKeys (ConfUtils.java:logFallback(53)) - raft.server.rpc.first-election.timeout.max = 5200ms (fallback to raft.server.rpc.timeout.max)
2024-01-08 22:36:05,419 [34273466-0570-47f7-a015-e29b814fc208-groupManagement] INFO  server.RaftServerConfigKeys (ConfUtils.java:logGet(46)) - raft.server.snapshot.auto.trigger.enabled = true (custom)
2024-01-08 22:36:05,419 [34273466-0570-47f7-a015-e29b814fc208-groupManagement] INFO  server.RaftServerConfigKeys (ConfUtils.java:logGet(46)) - raft.server.snapshot.auto.trigger.threshold = 10000 (custom)
2024-01-08 22:36:05,419 [34273466-0570-47f7-a015-e29b814fc208-groupManagement] INFO  server.RaftServerConfigKeys (ConfUtils.java:logGet(46)) - raft.server.snapshot.retention.file.num = 5 (custom)
2024-01-08 22:36:05,419 [34273466-0570-47f7-a015-e29b814fc208-groupManagement] INFO  server.RaftServerConfigKeys (ConfUtils.java:logGet(46)) - raft.server.log.purge.upto.snapshot.index = false (default)
2024-01-08 22:36:05,420 [34273466-0570-47f7-a015-e29b814fc208-PipelineCommandHandlerThread-0] INFO  ratis.XceiverServerRatis (XceiverServerRatis.java:addGroup(842)) - Created group PipelineID=73a4929e-9623-493a-bef3-f5999de2e330
2024-01-08 22:36:05,420 [34273466-0570-47f7-a015-e29b814fc208-PipelineCommandHandlerThread-0] INFO  commandhandler.CreatePipelineCommandHandler (CreatePipelineCommandHandler.java:lambda$handle$2(124)) - Created Pipeline RATIS ONE PipelineID=73a4929e-9623-493a-bef3-f5999de2e330.
2024-01-08 22:36:05,483 [c24408fe-1592-40af-8b37-8bb032baf3c2-PipelineCommandHandlerThread-0] INFO  server.RaftServer (RaftServerProxy.java:addNew(100)) - c24408fe-1592-40af-8b37-8bb032baf3c2: addNew group-62C27A937668:[c24408fe-1592-40af-8b37-8bb032baf3c2|10.1.0.16:15175] returns group-62C27A937668:java.util.concurrent.CompletableFuture@723e572f[Not completed]
2024-01-08 22:36:05,483 [c24408fe-1592-40af-8b37-8bb032baf3c2-groupManagement] INFO  server.RaftServer$Division (RaftServerImpl.java:<init>(256)) - c24408fe-1592-40af-8b37-8bb032baf3c2: new RaftServerImpl for group-62C27A937668:[c24408fe-1592-40af-8b37-8bb032baf3c2|10.1.0.16:15175] with ContainerStateMachine:uninitialized
2024-01-08 22:36:05,484 [c24408fe-1592-40af-8b37-8bb032baf3c2-groupManagement] INFO  server.RaftServerConfigKeys (ConfUtils.java:logGet(46)) - raft.server.rpc.timeout.min = 5s (custom)
2024-01-08 22:36:05,484 [c24408fe-1592-40af-8b37-8bb032baf3c2-groupManagement] INFO  server.RaftServerConfigKeys (ConfUtils.java:logGet(46)) - raft.server.rpc.timeout.max = 5200ms (custom)
2024-01-08 22:36:05,484 [c24408fe-1592-40af-8b37-8bb032baf3c2-groupManagement] INFO  server.RaftServerConfigKeys (ConfUtils.java:logGet(46)) - raft.server.rpc.sleep.time = 25ms (default)
2024-01-08 22:36:05,484 [c24408fe-1592-40af-8b37-8bb032baf3c2-groupManagement] INFO  server.RaftServerConfigKeys (ConfUtils.java:logGet(46)) - raft.server.rpc.slowness.timeout = 300000ms (custom)
2024-01-08 22:36:05,484 [c24408fe-1592-40af-8b37-8bb032baf3c2-groupManagement] INFO  server.RaftServerConfigKeys (ConfUtils.java:logGet(46)) - raft.server.leaderelection.leader.step-down.wait-time = 10s (default)
2024-01-08 22:36:05,484 [c24408fe-1592-40af-8b37-8bb032baf3c2-groupManagement] INFO  server.RaftServerConfigKeys (ConfUtils.java:logGet(46)) - raft.server.leaderelection.member.majority-add = false (default)
2024-01-08 22:36:05,484 [c24408fe-1592-40af-8b37-8bb032baf3c2-groupManagement] INFO  server.RaftServerConfigKeys (ConfUtils.java:logGet(46)) - raft.server.sleep.deviation.threshold = 300ms (default)
2024-01-08 22:36:05,484 [c24408fe-1592-40af-8b37-8bb032baf3c2-groupManagement] INFO  server.RaftServer$Division (ServerState.java:<init>(113)) - c24408fe-1592-40af-8b37-8bb032baf3c2@group-62C27A937668: ConfigurationManager, init=-1: peers:[c24408fe-1592-40af-8b37-8bb032baf3c2|10.1.0.16:15175]|listeners:[], old=null, confs=<EMPTY_MAP>
2024-01-08 22:36:05,484 [c24408fe-1592-40af-8b37-8bb032baf3c2-groupManagement] INFO  server.RaftServerConfigKeys (ConfUtils.java:logGet(46)) - raft.server.notification.no-leader.timeout = 300000ms (custom)
2024-01-08 22:36:05,484 [c24408fe-1592-40af-8b37-8bb032baf3c2-groupManagement] INFO  server.RaftServerConfigKeys (ConfUtils.java:logGet(46)) - raft.server.read.timeout = 10s (default)
2024-01-08 22:36:05,484 [c24408fe-1592-40af-8b37-8bb032baf3c2-groupManagement] INFO  server.RaftServerConfigKeys (ConfUtils.java:logGet(46)) - raft.server.retrycache.expirytime = 600000ms (custom)
2024-01-08 22:36:05,484 [c24408fe-1592-40af-8b37-8bb032baf3c2-groupManagement] INFO  server.RaftServerConfigKeys (ConfUtils.java:logGet(46)) - raft.server.retrycache.statistics.expirytime = 100ms (default)
2024-01-08 22:36:05,484 [c24408fe-1592-40af-8b37-8bb032baf3c2-groupManagement] INFO  server.RaftServerConfigKeys (ConfUtils.java:logGet(46)) - raft.server.read.option = DEFAULT (default)
2024-01-08 22:36:05,484 [c24408fe-1592-40af-8b37-8bb032baf3c2-groupManagement] INFO  server.RaftServerConfigKeys (ConfUtils.java:logGet(46)) - raft.server.read.read-after-write-consistent.write-index-cache.expiry-time = 60s (default)
2024-01-08 22:36:05,486 [main] INFO  ozone.MiniOzoneClusterImpl (MiniOzoneClusterImpl.java:lambda$waitForClusterToBeReady$0(230)) - Nodes are ready. Got 9 of 9 DN Heartbeats.
2024-01-08 22:36:05,486 [main] INFO  ozone.MiniOzoneClusterImpl (MiniOzoneClusterImpl.java:lambda$waitForClusterToBeReady$0(233)) - Waiting for cluster to exit safe mode
2024-01-08 22:36:05,486 [main] INFO  ozone.MiniOzoneClusterImpl (MiniOzoneClusterImpl.java:lambda$waitForClusterToBeReady$0(235)) - SCM became leader
2024-01-08 22:36:05,487 [c24408fe-1592-40af-8b37-8bb032baf3c2-groupManagement] INFO  server.RaftServerConfigKeys (ConfUtils.java:logGet(46)) - raft.server.rpc.request.timeout = 3000ms (default)
2024-01-08 22:36:05,487 [c24408fe-1592-40af-8b37-8bb032baf3c2-groupManagement] INFO  server.RaftServerConfigKeys (ConfUtils.java:logGet(46)) - raft.server.log.appender.install.snapshot.enabled = false (custom)
2024-01-08 22:36:05,487 [c24408fe-1592-40af-8b37-8bb032baf3c2-groupManagement] INFO  server.RaftServerConfigKeys (ConfUtils.java:logGet(46)) - raft.server.threadpool.server.cached = true (default)
2024-01-08 22:36:05,487 [c24408fe-1592-40af-8b37-8bb032baf3c2-groupManagement] INFO  server.RaftServerConfigKeys (ConfUtils.java:logGet(46)) - raft.server.threadpool.server.size = 0 (default)
2024-01-08 22:36:05,487 [c24408fe-1592-40af-8b37-8bb032baf3c2-groupManagement] INFO  server.RaftServerConfigKeys (ConfUtils.java:logGet(46)) - raft.server.threadpool.client.cached = true (default)
2024-01-08 22:36:05,487 [c24408fe-1592-40af-8b37-8bb032baf3c2-groupManagement] INFO  server.RaftServerConfigKeys (ConfUtils.java:logGet(46)) - raft.server.threadpool.client.size = 0 (default)
2024-01-08 22:36:05,487 [c24408fe-1592-40af-8b37-8bb032baf3c2-groupManagement] INFO  server.RaftServerConfigKeys (ConfUtils.java:logGet(46)) - raft.server.storage.free-space.min = 0MB (=0) (default)
2024-01-08 22:36:05,487 [c24408fe-1592-40af-8b37-8bb032baf3c2-groupManagement] INFO  server.RaftServerConfigKeys (ConfUtils.java:logGet(46)) - raft.server.log.corruption.policy = EXCEPTION (default)
2024-01-08 22:36:05,487 [c24408fe-1592-40af-8b37-8bb032baf3c2-groupManagement] INFO  server.RaftServerConfigKeys (ConfUtils.java:logGet(46)) - raft.server.storage.dir = [/home/runner/work/ozone/ozone/hadoop-ozone/integration-test/target/test-dir/MiniOzoneClusterImpl-25d1905f-b767-404d-84bf-be0dd4c89112/datanode-8/data/ratis] (custom)
2024-01-08 22:36:05,487 [c24408fe-1592-40af-8b37-8bb032baf3c2-groupManagement] INFO  storage.RaftStorageDirectory (RaftStorageDirectoryImpl.java:analyzeStorage(138)) - The storage directory /home/runner/work/ozone/ozone/hadoop-ozone/integration-test/target/test-dir/MiniOzoneClusterImpl-25d1905f-b767-404d-84bf-be0dd4c89112/datanode-8/data/ratis/aa2604d6-ccf9-4c5a-8295-62c27a937668 does not exist. Creating ...
2024-01-08 22:36:05,488 [c24408fe-1592-40af-8b37-8bb032baf3c2-groupManagement] INFO  storage.RaftStorageDirectory (RaftStorageDirectoryImpl.java:tryLock(232)) - Lock on /home/runner/work/ozone/ozone/hadoop-ozone/integration-test/target/test-dir/MiniOzoneClusterImpl-25d1905f-b767-404d-84bf-be0dd4c89112/datanode-8/data/ratis/aa2604d6-ccf9-4c5a-8295-62c27a937668/in_use.lock acquired by nodename 83643@fv-az1425-465
2024-01-08 22:36:05,489 [c24408fe-1592-40af-8b37-8bb032baf3c2-groupManagement] INFO  storage.RaftStorage (RaftStorageImpl.java:format(97)) - Storage directory /home/runner/work/ozone/ozone/hadoop-ozone/integration-test/target/test-dir/MiniOzoneClusterImpl-25d1905f-b767-404d-84bf-be0dd4c89112/datanode-8/data/ratis/aa2604d6-ccf9-4c5a-8295-62c27a937668 has been successfully formatted.
2024-01-08 22:36:05,489 [c24408fe-1592-40af-8b37-8bb032baf3c2-groupManagement] INFO  ratis.ContainerStateMachine (ContainerStateMachine.java:loadSnapshot(287)) - group-62C27A937668: The snapshot info is null. Setting the last applied index to:(t:0, i:~)
2024-01-08 22:36:05,489 [c24408fe-1592-40af-8b37-8bb032baf3c2-groupManagement] INFO  server.RaftServerConfigKeys (ConfUtils.java:logGet(46)) - raft.server.log.use.memory = false (default)
2024-01-08 22:36:05,489 [c24408fe-1592-40af-8b37-8bb032baf3c2-groupManagement] INFO  server.RaftServerConfigKeys (ConfUtils.java:logGet(46)) - raft.server.log.purge.gap = 1000000 (custom)
2024-01-08 22:36:05,489 [c24408fe-1592-40af-8b37-8bb032baf3c2-groupManagement] INFO  server.RaftServerConfigKeys (ConfUtils.java:logGet(46)) - raft.server.log.appender.buffer.byte-limit = 8388608 (custom)
2024-01-08 22:36:05,489 [c24408fe-1592-40af-8b37-8bb032baf3c2-groupManagement] INFO  server.RaftServerConfigKeys (ConfUtils.java:logGet(46)) - raft.server.log.statemachine.data.read.timeout = 1000ms (default)
2024-01-08 22:36:05,489 [c24408fe-1592-40af-8b37-8bb032baf3c2-groupManagement] INFO  server.RaftServerConfigKeys (ConfUtils.java:logGet(46)) - raft.server.log.purge.preservation.log.num = 0 (default)
2024-01-08 22:36:05,491 [c24408fe-1592-40af-8b37-8bb032baf3c2-groupManagement] INFO  server.RaftServerConfigKeys (ConfUtils.java:logGet(46)) - raft.server.log.segment.size.max = 67108864 (custom)
2024-01-08 22:36:05,491 [EventQueue-PipelineReportForPipelineReportHandler] INFO  pipeline.PipelineReportHandler (PipelineReportHandler.java:processPipelineReport(136)) - Opened pipeline PipelineID=aa2604d6-ccf9-4c5a-8295-62c27a937668
2024-01-08 22:36:05,491 [c24408fe-1592-40af-8b37-8bb032baf3c2-groupManagement] INFO  server.RaftServerConfigKeys (ConfUtils.java:logGet(46)) - raft.server.log.segment.cache.num.max = 2 (custom)
2024-01-08 22:36:05,491 [c24408fe-1592-40af-8b37-8bb032baf3c2-groupManagement] INFO  server.RaftServerConfigKeys (ConfUtils.java:logGet(46)) - raft.server.log.segment.cache.size.max = 200MB (=209715200) (default)
2024-01-08 22:36:05,492 [c24408fe-1592-40af-8b37-8bb032baf3c2-groupManagement] INFO  server.RaftServerConfigKeys (ConfUtils.java:logGet(46)) - raft.server.log.appender.buffer.byte-limit = 8388608 (custom)
2024-01-08 22:36:05,492 [c24408fe-1592-40af-8b37-8bb032baf3c2-groupManagement] INFO  util.AwaitToRun (AwaitToRun.java:start(81)) - Thread[c24408fe-1592-40af-8b37-8bb032baf3c2@group-62C27A937668-cacheEviction-AwaitToRun,5,main] started
2024-01-08 22:36:05,492 [c24408fe-1592-40af-8b37-8bb032baf3c2-groupManagement] INFO  segmented.SegmentedRaftLogWorker (SegmentedRaftLogWorker.java:<init>(184)) - new c24408fe-1592-40af-8b37-8bb032baf3c2@group-62C27A937668-SegmentedRaftLogWorker for RaftStorageImpl:Storage Directory /home/runner/work/ozone/ozone/hadoop-ozone/integration-test/target/test-dir/MiniOzoneClusterImpl-25d1905f-b767-404d-84bf-be0dd4c89112/datanode-8/data/ratis/aa2604d6-ccf9-4c5a-8295-62c27a937668
2024-01-08 22:36:05,492 [c24408fe-1592-40af-8b37-8bb032baf3c2-groupManagement] INFO  server.RaftServerConfigKeys (ConfUtils.java:logGet(46)) - raft.server.log.queue.byte-limit = 4294967296 (custom)
2024-01-08 22:36:05,492 [c24408fe-1592-40af-8b37-8bb032baf3c2-groupManagement] INFO  server.RaftServerConfigKeys (ConfUtils.java:logGet(46)) - raft.server.log.queue.element-limit = 1024 (custom)
2024-01-08 22:36:05,492 [EventQueue-OpenPipelineForHealthyPipelineSafeModeRule] INFO  safemode.SCMSafeModeManager (HealthyPipelineSafeModeRule.java:process(140)) - SCM in safe mode. Healthy pipelines reported count is 0, required healthy pipeline reported count is 1
2024-01-08 22:36:05,492 [c24408fe-1592-40af-8b37-8bb032baf3c2-groupManagement] INFO  server.RaftServerConfigKeys (ConfUtils.java:logGet(46)) - raft.server.log.segment.size.max = 67108864 (custom)
2024-01-08 22:36:05,492 [c24408fe-1592-40af-8b37-8bb032baf3c2-groupManagement] INFO  server.RaftServerConfigKeys (ConfUtils.java:logGet(46)) - raft.server.log.preallocated.size = 4194304 (custom)
2024-01-08 22:36:05,492 [c24408fe-1592-40af-8b37-8bb032baf3c2-groupManagement] INFO  server.RaftServerConfigKeys (ConfUtils.java:logGet(46)) - raft.server.log.force.sync.num = 128 (default)
2024-01-08 22:36:05,492 [c24408fe-1592-40af-8b37-8bb032baf3c2-groupManagement] INFO  server.RaftServerConfigKeys (ConfUtils.java:logGet(46)) - raft.server.log.statemachine.data.sync = true (default)
2024-01-08 22:36:05,492 [c24408fe-1592-40af-8b37-8bb032baf3c2-groupManagement] INFO  server.RaftServerConfigKeys (ConfUtils.java:logGet(46)) - raft.server.log.statemachine.data.sync.timeout = 10s (default)
2024-01-08 22:36:05,492 [c24408fe-1592-40af-8b37-8bb032baf3c2-groupManagement] INFO  server.RaftServerConfigKeys (ConfUtils.java:logGet(46)) - raft.server.log.statemachine.data.sync.timeout.retry = 0 (custom)
2024-01-08 22:36:05,493 [c24408fe-1592-40af-8b37-8bb032baf3c2-groupManagement] INFO  server.RaftServerConfigKeys (ConfUtils.java:logGet(46)) - raft.server.log.write.buffer.size = 8388616 (custom)
2024-01-08 22:36:05,494 [c24408fe-1592-40af-8b37-8bb032baf3c2-groupManagement] INFO  server.RaftServerConfigKeys (ConfUtils.java:logGet(46)) - raft.server.log.appender.buffer.byte-limit = 8388608 (custom)
2024-01-08 22:36:05,494 [c24408fe-1592-40af-8b37-8bb032baf3c2-groupManagement] INFO  server.RaftServerConfigKeys (ConfUtils.java:logGet(46)) - raft.server.log.unsafe-flush.enabled = false (default)
2024-01-08 22:36:05,495 [c24408fe-1592-40af-8b37-8bb032baf3c2-groupManagement] INFO  server.RaftServerConfigKeys (ConfUtils.java:logGet(46)) - raft.server.log.async-flush.enabled = false (default)
2024-01-08 22:36:05,495 [c24408fe-1592-40af-8b37-8bb032baf3c2-groupManagement] INFO  server.RaftServerConfigKeys (ConfUtils.java:logGet(46)) - raft.server.log.statemachine.data.caching.enabled = true (custom)
2024-01-08 22:36:05,495 [c24408fe-1592-40af-8b37-8bb032baf3c2-groupManagement] INFO  segmented.SegmentedRaftLogWorker (SegmentedRaftLogWorker.java:lambda$new$0(135)) - c24408fe-1592-40af-8b37-8bb032baf3c2@group-62C27A937668-SegmentedRaftLogWorker: flushIndex: setUnconditionally 0 -> -1
2024-01-08 22:36:05,495 [c24408fe-1592-40af-8b37-8bb032baf3c2-groupManagement] INFO  segmented.SegmentedRaftLogWorker (SegmentedRaftLogWorker.java:lambda$new$0(135)) - c24408fe-1592-40af-8b37-8bb032baf3c2@group-62C27A937668-SegmentedRaftLogWorker: safeCacheEvictIndex: setUnconditionally 0 -> -1
2024-01-08 22:36:05,495 [c24408fe-1592-40af-8b37-8bb032baf3c2-groupManagement] INFO  server.RaftServer$Division (RaftServerImpl.java:start(392)) - c24408fe-1592-40af-8b37-8bb032baf3c2@group-62C27A937668: start as a follower, conf=-1: peers:[c24408fe-1592-40af-8b37-8bb032baf3c2|10.1.0.16:15175]|listeners:[], old=null
2024-01-08 22:36:05,495 [c24408fe-1592-40af-8b37-8bb032baf3c2-groupManagement] INFO  server.RaftServer$Division (RaftServerImpl.java:setRole(379)) - c24408fe-1592-40af-8b37-8bb032baf3c2@group-62C27A937668: changes role from      null to FOLLOWER at term 0 for startAsFollower
2024-01-08 22:36:05,495 [c24408fe-1592-40af-8b37-8bb032baf3c2-groupManagement] INFO  impl.RoleInfo (RoleInfo.java:updateAndGet(139)) - c24408fe-1592-40af-8b37-8bb032baf3c2: start c24408fe-1592-40af-8b37-8bb032baf3c2@group-62C27A937668-FollowerState
2024-01-08 22:36:05,495 [c24408fe-1592-40af-8b37-8bb032baf3c2@group-62C27A937668-FollowerState] INFO  server.RaftServerConfigKeys (ConfUtils.java:logFallback(53)) - raft.server.rpc.first-election.timeout.min = 5s (fallback to raft.server.rpc.timeout.min)
2024-01-08 22:36:05,495 [c24408fe-1592-40af-8b37-8bb032baf3c2-groupManagement] INFO  util.JmxRegister (JmxRegister.java:tryRegister(44)) - Successfully registered JMX Bean with object name Ratis:service=RaftServer,group=group-62C27A937668,id=c24408fe-1592-40af-8b37-8bb032baf3c2
2024-01-08 22:36:05,496 [c24408fe-1592-40af-8b37-8bb032baf3c2-groupManagement] INFO  server.RaftServerConfigKeys (ConfUtils.java:logGet(46)) - raft.server.snapshot.trigger-when-stop.enabled = true (default)
2024-01-08 22:36:05,496 [c24408fe-1592-40af-8b37-8bb032baf3c2-groupManagement] INFO  server.RaftServerConfigKeys (ConfUtils.java:logGet(46)) - raft.server.snapshot.auto.trigger.enabled = true (custom)
2024-01-08 22:36:05,496 [c24408fe-1592-40af-8b37-8bb032baf3c2-groupManagement] INFO  server.RaftServerConfigKeys (ConfUtils.java:logGet(46)) - raft.server.snapshot.auto.trigger.threshold = 10000 (custom)
2024-01-08 22:36:05,496 [c24408fe-1592-40af-8b37-8bb032baf3c2-groupManagement] INFO  server.RaftServerConfigKeys (ConfUtils.java:logGet(46)) - raft.server.snapshot.retention.file.num = 5 (custom)
2024-01-08 22:36:05,496 [c24408fe-1592-40af-8b37-8bb032baf3c2-groupManagement] INFO  server.RaftServerConfigKeys (ConfUtils.java:logGet(46)) - raft.server.log.purge.upto.snapshot.index = false (default)
2024-01-08 22:36:05,496 [c24408fe-1592-40af-8b37-8bb032baf3c2@group-62C27A937668-FollowerState] INFO  server.RaftServerConfigKeys (ConfUtils.java:logFallback(53)) - raft.server.rpc.first-election.timeout.max = 5200ms (fallback to raft.server.rpc.timeout.max)
2024-01-08 22:36:05,497 [c24408fe-1592-40af-8b37-8bb032baf3c2-PipelineCommandHandlerThread-0] INFO  ratis.XceiverServerRatis (XceiverServerRatis.java:addGroup(842)) - Created group PipelineID=aa2604d6-ccf9-4c5a-8295-62c27a937668
2024-01-08 22:36:05,497 [c24408fe-1592-40af-8b37-8bb032baf3c2-PipelineCommandHandlerThread-0] INFO  commandhandler.CreatePipelineCommandHandler (CreatePipelineCommandHandler.java:lambda$handle$2(124)) - Created Pipeline RATIS ONE PipelineID=aa2604d6-ccf9-4c5a-8295-62c27a937668.
2024-01-08 22:36:06,486 [main] INFO  ozone.MiniOzoneClusterImpl (MiniOzoneClusterImpl.java:lambda$waitForClusterToBeReady$0(230)) - Nodes are ready. Got 9 of 9 DN Heartbeats.
2024-01-08 22:36:06,487 [main] INFO  ozone.MiniOzoneClusterImpl (MiniOzoneClusterImpl.java:lambda$waitForClusterToBeReady$0(233)) - Waiting for cluster to exit safe mode
2024-01-08 22:36:06,488 [main] INFO  ozone.MiniOzoneClusterImpl (MiniOzoneClusterImpl.java:lambda$waitForClusterToBeReady$0(235)) - SCM became leader
2024-01-08 22:36:07,488 [main] INFO  ozone.MiniOzoneClusterImpl (MiniOzoneClusterImpl.java:lambda$waitForClusterToBeReady$0(230)) - Nodes are ready. Got 9 of 9 DN Heartbeats.
2024-01-08 22:36:07,488 [main] INFO  ozone.MiniOzoneClusterImpl (MiniOzoneClusterImpl.java:lambda$waitForClusterToBeReady$0(233)) - Waiting for cluster to exit safe mode
2024-01-08 22:36:07,488 [main] INFO  ozone.MiniOzoneClusterImpl (MiniOzoneClusterImpl.java:lambda$waitForClusterToBeReady$0(235)) - SCM became leader
2024-01-08 22:36:08,488 [main] INFO  ozone.MiniOzoneClusterImpl (MiniOzoneClusterImpl.java:lambda$waitForClusterToBeReady$0(230)) - Nodes are ready. Got 9 of 9 DN Heartbeats.
2024-01-08 22:36:08,489 [main] INFO  ozone.MiniOzoneClusterImpl (MiniOzoneClusterImpl.java:lambda$waitForClusterToBeReady$0(233)) - Waiting for cluster to exit safe mode
2024-01-08 22:36:08,489 [main] INFO  ozone.MiniOzoneClusterImpl (MiniOzoneClusterImpl.java:lambda$waitForClusterToBeReady$0(235)) - SCM became leader
2024-01-08 22:36:09,489 [main] INFO  ozone.MiniOzoneClusterImpl (MiniOzoneClusterImpl.java:lambda$waitForClusterToBeReady$0(230)) - Nodes are ready. Got 9 of 9 DN Heartbeats.
2024-01-08 22:36:09,489 [main] INFO  ozone.MiniOzoneClusterImpl (MiniOzoneClusterImpl.java:lambda$waitForClusterToBeReady$0(233)) - Waiting for cluster to exit safe mode
2024-01-08 22:36:09,489 [main] INFO  ozone.MiniOzoneClusterImpl (MiniOzoneClusterImpl.java:lambda$waitForClusterToBeReady$0(235)) - SCM became leader
2024-01-08 22:36:09,677 [67cb853c-2ca0-42d6-9769-2750435db4d1@group-08A221428B3A-FollowerState] INFO  impl.FollowerState (FollowerState.java:run(143)) - 67cb853c-2ca0-42d6-9769-2750435db4d1@group-08A221428B3A-FollowerState: change to CANDIDATE, lastRpcElapsedTime:5007549393ns, electionTimeout:5007ms
2024-01-08 22:36:09,677 [67cb853c-2ca0-42d6-9769-2750435db4d1@group-08A221428B3A-FollowerState] INFO  impl.RoleInfo (RoleInfo.java:shutdownFollowerState(110)) - 67cb853c-2ca0-42d6-9769-2750435db4d1: shutdown 67cb853c-2ca0-42d6-9769-2750435db4d1@group-08A221428B3A-FollowerState
2024-01-08 22:36:09,677 [67cb853c-2ca0-42d6-9769-2750435db4d1@group-08A221428B3A-FollowerState] INFO  server.RaftServer$Division (RaftServerImpl.java:setRole(379)) - 67cb853c-2ca0-42d6-9769-2750435db4d1@group-08A221428B3A: changes role from  FOLLOWER to CANDIDATE at term 0 for changeToCandidate
2024-01-08 22:36:09,677 [67cb853c-2ca0-42d6-9769-2750435db4d1@group-08A221428B3A-FollowerState] INFO  server.RaftServerConfigKeys (ConfUtils.java:logGet(46)) - raft.server.leaderelection.pre-vote = true (default)
2024-01-08 22:36:09,677 [67cb853c-2ca0-42d6-9769-2750435db4d1@group-08A221428B3A-FollowerState] INFO  impl.RoleInfo (RoleInfo.java:updateAndGet(139)) - 67cb853c-2ca0-42d6-9769-2750435db4d1: start 67cb853c-2ca0-42d6-9769-2750435db4d1@group-08A221428B3A-LeaderElection16
2024-01-08 22:36:09,678 [67cb853c-2ca0-42d6-9769-2750435db4d1@group-08A221428B3A-LeaderElection16] INFO  impl.LeaderElection (LeaderElection.java:askForVotes(323)) - 67cb853c-2ca0-42d6-9769-2750435db4d1@group-08A221428B3A-LeaderElection16 PRE_VOTE round 0: submit vote requests at term 0 for -1: peers:[67cb853c-2ca0-42d6-9769-2750435db4d1|10.1.0.16:15103]|listeners:[], old=null
2024-01-08 22:36:09,679 [67cb853c-2ca0-42d6-9769-2750435db4d1@group-08A221428B3A-LeaderElection16] INFO  impl.LeaderElection (LeaderElection.java:askForVotes(325)) - 67cb853c-2ca0-42d6-9769-2750435db4d1@group-08A221428B3A-LeaderElection16 PRE_VOTE round 0: result PASSED (term=0)
2024-01-08 22:36:09,680 [67cb853c-2ca0-42d6-9769-2750435db4d1@group-08A221428B3A-LeaderElection16] INFO  impl.LeaderElection (LeaderElection.java:askForVotes(323)) - 67cb853c-2ca0-42d6-9769-2750435db4d1@group-08A221428B3A-LeaderElection16 ELECTION round 0: submit vote requests at term 1 for -1: peers:[67cb853c-2ca0-42d6-9769-2750435db4d1|10.1.0.16:15103]|listeners:[], old=null
2024-01-08 22:36:09,680 [67cb853c-2ca0-42d6-9769-2750435db4d1@group-08A221428B3A-LeaderElection16] INFO  impl.LeaderElection (LeaderElection.java:askForVotes(325)) - 67cb853c-2ca0-42d6-9769-2750435db4d1@group-08A221428B3A-LeaderElection16 ELECTION round 0: result PASSED (term=1)
2024-01-08 22:36:09,680 [67cb853c-2ca0-42d6-9769-2750435db4d1@group-08A221428B3A-LeaderElection16] INFO  impl.RoleInfo (RoleInfo.java:shutdownLeaderElection(130)) - 67cb853c-2ca0-42d6-9769-2750435db4d1: shutdown 67cb853c-2ca0-42d6-9769-2750435db4d1@group-08A221428B3A-LeaderElection16
2024-01-08 22:36:09,680 [67cb853c-2ca0-42d6-9769-2750435db4d1@group-08A221428B3A-LeaderElection16] INFO  server.RaftServer$Division (RaftServerImpl.java:setRole(379)) - 67cb853c-2ca0-42d6-9769-2750435db4d1@group-08A221428B3A: changes role from CANDIDATE to LEADER at term 1 for changeToLeader
2024-01-08 22:36:09,680 [67cb853c-2ca0-42d6-9769-2750435db4d1@group-08A221428B3A-LeaderElection16] INFO  server.RaftServerConfigKeys (ConfUtils.java:logGet(46)) - raft.server.staging.catchup.gap = 1000 (default)
2024-01-08 22:36:09,681 [67cb853c-2ca0-42d6-9769-2750435db4d1@group-08A221428B3A-LeaderElection16] INFO  server.RaftServerConfigKeys (ConfUtils.java:logGet(46)) - raft.server.write.element-limit = 1024 (custom)
2024-01-08 22:36:09,681 [67cb853c-2ca0-42d6-9769-2750435db4d1@group-08A221428B3A-LeaderElection16] INFO  server.RaftServerConfigKeys (ConfUtils.java:logGet(46)) - raft.server.write.byte-limit = 1024 M (=1073741824) (custom)
2024-01-08 22:36:09,681 [67cb853c-2ca0-42d6-9769-2750435db4d1@group-08A221428B3A-LeaderElection16] INFO  server.RaftServerConfigKeys (ConfUtils.java:logGet(46)) - raft.server.watch.timeout = 3000ms (custom)
2024-01-08 22:36:09,681 [67cb853c-2ca0-42d6-9769-2750435db4d1@group-08A221428B3A-LeaderElection16] INFO  server.RaftServerConfigKeys (ConfUtils.java:logGet(46)) - raft.server.watch.timeout.denomination = 1s (default)
2024-01-08 22:36:09,681 [67cb853c-2ca0-42d6-9769-2750435db4d1@group-08A221428B3A-LeaderElection16] INFO  server.RaftServerConfigKeys (ConfUtils.java:logGet(46)) - raft.server.watch.element-limit = 65536 (default)
2024-01-08 22:36:09,681 [67cb853c-2ca0-42d6-9769-2750435db4d1@group-08A221428B3A-LeaderElection16] INFO  server.RaftServerConfigKeys (ConfUtils.java:logGet(46)) - raft.server.read.leader.lease.enabled = false (default)
2024-01-08 22:36:09,681 [67cb853c-2ca0-42d6-9769-2750435db4d1@group-08A221428B3A-LeaderElection16] INFO  server.RaftServerConfigKeys (ConfUtils.java:logGet(46)) - raft.server.read.leader.lease.timeout.ratio = 0.9 (default)
2024-01-08 22:36:09,681 [67cb853c-2ca0-42d6-9769-2750435db4d1@group-08A221428B3A-LeaderElection16] INFO  server.RaftServerConfigKeys (ConfUtils.java:logGet(46)) - raft.server.rpc.timeout.min = 5s (custom)
2024-01-08 22:36:09,681 [67cb853c-2ca0-42d6-9769-2750435db4d1@group-08A221428B3A-LeaderElection16] INFO  server.RaftServerConfigKeys (ConfUtils.java:logGet(46)) - raft.server.write.element-limit = 1024 (custom)
2024-01-08 22:36:09,681 [67cb853c-2ca0-42d6-9769-2750435db4d1@group-08A221428B3A-LeaderElection16] INFO  server.RaftServerConfigKeys (ConfUtils.java:logGet(46)) - raft.server.write.follower.gap.ratio.max = -1.0 (default)
2024-01-08 22:36:09,681 [67cb853c-2ca0-42d6-9769-2750435db4d1@group-08A221428B3A-LeaderElection16] INFO  impl.RoleInfo (RoleInfo.java:updateAndGet(139)) - 67cb853c-2ca0-42d6-9769-2750435db4d1: start 67cb853c-2ca0-42d6-9769-2750435db4d1@group-08A221428B3A-LeaderStateImpl
2024-01-08 22:36:09,682 [67cb853c-2ca0-42d6-9769-2750435db4d1@group-08A221428B3A-LeaderElection16] INFO  server.RaftServer$Division (RaftServerImpl.java:setFirstElection(564)) - 67cb853c-2ca0-42d6-9769-2750435db4d1@group-08A221428B3A: set firstElectionSinceStartup to false for becomeLeader
2024-01-08 22:36:09,682 [67cb853c-2ca0-42d6-9769-2750435db4d1@group-08A221428B3A-LeaderElection16] INFO  ratis.XceiverServerRatis (XceiverServerRatis.java:handleLeaderChangedNotification(945)) - Leader change notification received for group: group-08A221428B3A with new leaderId: 67cb853c-2ca0-42d6-9769-2750435db4d1
2024-01-08 22:36:09,682 [67cb853c-2ca0-42d6-9769-2750435db4d1@group-08A221428B3A-LeaderElection16] INFO  server.RaftServer$Division (ServerState.java:setLeader(265)) - 67cb853c-2ca0-42d6-9769-2750435db4d1@group-08A221428B3A: change Leader from null to 67cb853c-2ca0-42d6-9769-2750435db4d1 at term 1 for becomeLeader, leader elected after 5026ms
2024-01-08 22:36:09,682 [67cb853c-2ca0-42d6-9769-2750435db4d1@group-08A221428B3A-LeaderElection16] INFO  segmented.SegmentedRaftLogWorker (SegmentedRaftLogWorker.java:startLogSegment(428)) - 67cb853c-2ca0-42d6-9769-2750435db4d1@group-08A221428B3A-SegmentedRaftLogWorker: Starting segment from index:0
2024-01-08 22:36:09,688 [67cb853c-2ca0-42d6-9769-2750435db4d1@group-08A221428B3A-LeaderElection16] INFO  server.RaftServer$Division (ServerState.java:setRaftConf(382)) - 67cb853c-2ca0-42d6-9769-2750435db4d1@group-08A221428B3A: set configuration 0: peers:[67cb853c-2ca0-42d6-9769-2750435db4d1|10.1.0.16:15103]|listeners:[], old=null
2024-01-08 22:36:09,689 [EventQueue-OpenPipelineForHealthyPipelineSafeModeRule] INFO  safemode.SCMSafeModeManager (HealthyPipelineSafeModeRule.java:process(140)) - SCM in safe mode. Healthy pipelines reported count is 0, required healthy pipeline reported count is 1
2024-01-08 22:36:09,689 [67cb853c-2ca0-42d6-9769-2750435db4d1@group-08A221428B3A-SegmentedRaftLogWorker] INFO  segmented.SegmentedRaftLogWorker (SegmentedRaftLogWorker.java:execute(632)) - 67cb853c-2ca0-42d6-9769-2750435db4d1@group-08A221428B3A-SegmentedRaftLogWorker: created new log segment /home/runner/work/ozone/ozone/hadoop-ozone/integration-test/target/test-dir/MiniOzoneClusterImpl-25d1905f-b767-404d-84bf-be0dd4c89112/datanode-0/data/ratis/2d4814b6-faa6-40de-9a9c-08a221428b3a/current/log_inprogress_0
2024-01-08 22:36:09,690 [67cb853c-2ca0-42d6-9769-2750435db4d1@group-08A221428B3A-StateMachineUpdater] INFO  server.RaftServer$Division (LeaderStateImpl.java:isApplied(316)) - leader is ready since appliedIndex == 0 >= startIndex == 0
2024-01-08 22:36:09,746 [211b11ed-ffba-4cc3-86ed-a5910ca02ca2@group-3B110F06A4F5-FollowerState] INFO  impl.FollowerState (FollowerState.java:run(143)) - 211b11ed-ffba-4cc3-86ed-a5910ca02ca2@group-3B110F06A4F5-FollowerState: change to CANDIDATE, lastRpcElapsedTime:5033606904ns, electionTimeout:5028ms
2024-01-08 22:36:09,747 [211b11ed-ffba-4cc3-86ed-a5910ca02ca2@group-3B110F06A4F5-FollowerState] INFO  impl.RoleInfo (RoleInfo.java:shutdownFollowerState(110)) - 211b11ed-ffba-4cc3-86ed-a5910ca02ca2: shutdown 211b11ed-ffba-4cc3-86ed-a5910ca02ca2@group-3B110F06A4F5-FollowerState
2024-01-08 22:36:09,747 [211b11ed-ffba-4cc3-86ed-a5910ca02ca2@group-3B110F06A4F5-FollowerState] INFO  server.RaftServer$Division (RaftServerImpl.java:setRole(379)) - 211b11ed-ffba-4cc3-86ed-a5910ca02ca2@group-3B110F06A4F5: changes role from  FOLLOWER to CANDIDATE at term 0 for changeToCandidate
2024-01-08 22:36:09,747 [211b11ed-ffba-4cc3-86ed-a5910ca02ca2@group-3B110F06A4F5-FollowerState] INFO  server.RaftServerConfigKeys (ConfUtils.java:logGet(46)) - raft.server.leaderelection.pre-vote = true (default)
2024-01-08 22:36:09,747 [211b11ed-ffba-4cc3-86ed-a5910ca02ca2@group-3B110F06A4F5-FollowerState] INFO  impl.RoleInfo (RoleInfo.java:updateAndGet(139)) - 211b11ed-ffba-4cc3-86ed-a5910ca02ca2: start 211b11ed-ffba-4cc3-86ed-a5910ca02ca2@group-3B110F06A4F5-LeaderElection17
2024-01-08 22:36:09,748 [211b11ed-ffba-4cc3-86ed-a5910ca02ca2@group-3B110F06A4F5-LeaderElection17] INFO  impl.LeaderElection (LeaderElection.java:askForVotes(323)) - 211b11ed-ffba-4cc3-86ed-a5910ca02ca2@group-3B110F06A4F5-LeaderElection17 PRE_VOTE round 0: submit vote requests at term 0 for -1: peers:[5cfc645b-31c2-46a6-b96a-3988b9b23202|10.1.0.16:15112, 67cb853c-2ca0-42d6-9769-2750435db4d1|10.1.0.16:15103, 211b11ed-ffba-4cc3-86ed-a5910ca02ca2|10.1.0.16:15121]|listeners:[], old=null
2024-01-08 22:36:09,748 [211b11ed-ffba-4cc3-86ed-a5910ca02ca2@group-3B110F06A4F5-LeaderElection17-1] INFO  server.GrpcServerProtocolClient (GrpcServerProtocolClient.java:<init>(65)) - Build channel for 5cfc645b-31c2-46a6-b96a-3988b9b23202
2024-01-08 22:36:09,748 [211b11ed-ffba-4cc3-86ed-a5910ca02ca2@group-3B110F06A4F5-LeaderElection17-2] INFO  server.GrpcServerProtocolClient (GrpcServerProtocolClient.java:<init>(65)) - Build channel for 67cb853c-2ca0-42d6-9769-2750435db4d1
2024-01-08 22:36:09,748 [211b11ed-ffba-4cc3-86ed-a5910ca02ca2@group-3B110F06A4F5-LeaderElection17] INFO  server.RaftServerConfigKeys (ConfUtils.java:logFallback(53)) - raft.server.rpc.first-election.timeout.min = 5s (fallback to raft.server.rpc.timeout.min)
2024-01-08 22:36:09,749 [211b11ed-ffba-4cc3-86ed-a5910ca02ca2@group-3B110F06A4F5-LeaderElection17] INFO  server.RaftServerConfigKeys (ConfUtils.java:logFallback(53)) - raft.server.rpc.first-election.timeout.max = 5200ms (fallback to raft.server.rpc.timeout.max)
2024-01-08 22:36:09,753 [grpc-default-executor-0] INFO  server.RaftServer$Division (RaftServerImpl.java:requestVote(1377)) - 5cfc645b-31c2-46a6-b96a-3988b9b23202@group-3B110F06A4F5: receive requestVote(PRE_VOTE, 211b11ed-ffba-4cc3-86ed-a5910ca02ca2, group-3B110F06A4F5, 0, (t:0, i:0))
2024-01-08 22:36:09,753 [grpc-default-executor-0] INFO  impl.VoteContext (VoteContext.java:log(49)) - 5cfc645b-31c2-46a6-b96a-3988b9b23202@group-3B110F06A4F5-FOLLOWER: accept PRE_VOTE from 211b11ed-ffba-4cc3-86ed-a5910ca02ca2: our priority 0 <= candidate's priority 1
2024-01-08 22:36:09,753 [grpc-default-executor-1] INFO  server.RaftServer$Division (RaftServerImpl.java:requestVote(1377)) - 67cb853c-2ca0-42d6-9769-2750435db4d1@group-3B110F06A4F5: receive requestVote(PRE_VOTE, 211b11ed-ffba-4cc3-86ed-a5910ca02ca2, group-3B110F06A4F5, 0, (t:0, i:0))
2024-01-08 22:36:09,753 [grpc-default-executor-0] INFO  server.RaftServer$Division (RaftServerImpl.java:requestVote(1410)) - 5cfc645b-31c2-46a6-b96a-3988b9b23202@group-3B110F06A4F5 replies to PRE_VOTE vote request: 211b11ed-ffba-4cc3-86ed-a5910ca02ca2<-5cfc645b-31c2-46a6-b96a-3988b9b23202#0:OK-t0. Peer's state: 5cfc645b-31c2-46a6-b96a-3988b9b23202@group-3B110F06A4F5:t0, leader=null, voted=, raftlog=Memoized:5cfc645b-31c2-46a6-b96a-3988b9b23202@group-3B110F06A4F5-SegmentedRaftLog:OPENED:c-1, conf=-1: peers:[5cfc645b-31c2-46a6-b96a-3988b9b23202|10.1.0.16:15112, 67cb853c-2ca0-42d6-9769-2750435db4d1|10.1.0.16:15103, 211b11ed-ffba-4cc3-86ed-a5910ca02ca2|10.1.0.16:15121]|listeners:[], old=null
2024-01-08 22:36:09,753 [grpc-default-executor-1] INFO  impl.VoteContext (VoteContext.java:log(49)) - 67cb853c-2ca0-42d6-9769-2750435db4d1@group-3B110F06A4F5-FOLLOWER: accept PRE_VOTE from 211b11ed-ffba-4cc3-86ed-a5910ca02ca2: our priority 0 <= candidate's priority 1
2024-01-08 22:36:09,754 [grpc-default-executor-1] INFO  server.RaftServer$Division (RaftServerImpl.java:requestVote(1410)) - 67cb853c-2ca0-42d6-9769-2750435db4d1@group-3B110F06A4F5 replies to PRE_VOTE vote request: 211b11ed-ffba-4cc3-86ed-a5910ca02ca2<-67cb853c-2ca0-42d6-9769-2750435db4d1#0:OK-t0. Peer's state: 67cb853c-2ca0-42d6-9769-2750435db4d1@group-3B110F06A4F5:t0, leader=null, voted=, raftlog=Memoized:67cb853c-2ca0-42d6-9769-2750435db4d1@group-3B110F06A4F5-SegmentedRaftLog:OPENED:c-1, conf=-1: peers:[5cfc645b-31c2-46a6-b96a-3988b9b23202|10.1.0.16:15112, 67cb853c-2ca0-42d6-9769-2750435db4d1|10.1.0.16:15103, 211b11ed-ffba-4cc3-86ed-a5910ca02ca2|10.1.0.16:15121]|listeners:[], old=null
2024-01-08 22:36:09,755 [211b11ed-ffba-4cc3-86ed-a5910ca02ca2@group-3B110F06A4F5-LeaderElection17] INFO  impl.LeaderElection (LeaderElection.java:logAndReturn(89)) - 211b11ed-ffba-4cc3-86ed-a5910ca02ca2@group-3B110F06A4F5-LeaderElection17: PRE_VOTE PASSED received 1 response(s) and 0 exception(s):
2024-01-08 22:36:09,755 [211b11ed-ffba-4cc3-86ed-a5910ca02ca2@group-3B110F06A4F5-LeaderElection17] INFO  impl.LeaderElection (LeaderElection.java:logAndReturn(93)) -   Response 0: 211b11ed-ffba-4cc3-86ed-a5910ca02ca2<-5cfc645b-31c2-46a6-b96a-3988b9b23202#0:OK-t0
2024-01-08 22:36:09,755 [211b11ed-ffba-4cc3-86ed-a5910ca02ca2@group-3B110F06A4F5-LeaderElection17] INFO  impl.LeaderElection (LeaderElection.java:askForVotes(325)) - 211b11ed-ffba-4cc3-86ed-a5910ca02ca2@group-3B110F06A4F5-LeaderElection17 PRE_VOTE round 0: result PASSED
2024-01-08 22:36:09,757 [211b11ed-ffba-4cc3-86ed-a5910ca02ca2@group-3B110F06A4F5-LeaderElection17] INFO  impl.LeaderElection (LeaderElection.java:askForVotes(323)) - 211b11ed-ffba-4cc3-86ed-a5910ca02ca2@group-3B110F06A4F5-LeaderElection17 ELECTION round 0: submit vote requests at term 1 for -1: peers:[5cfc645b-31c2-46a6-b96a-3988b9b23202|10.1.0.16:15112, 67cb853c-2ca0-42d6-9769-2750435db4d1|10.1.0.16:15103, 211b11ed-ffba-4cc3-86ed-a5910ca02ca2|10.1.0.16:15121]|listeners:[], old=null
2024-01-08 22:36:09,757 [211b11ed-ffba-4cc3-86ed-a5910ca02ca2@group-3B110F06A4F5-LeaderElection17] INFO  server.RaftServerConfigKeys (ConfUtils.java:logFallback(53)) - raft.server.rpc.first-election.timeout.min = 5s (fallback to raft.server.rpc.timeout.min)
2024-01-08 22:36:09,757 [211b11ed-ffba-4cc3-86ed-a5910ca02ca2@group-3B110F06A4F5-LeaderElection17] INFO  server.RaftServerConfigKeys (ConfUtils.java:logFallback(53)) - raft.server.rpc.first-election.timeout.max = 5200ms (fallback to raft.server.rpc.timeout.max)
2024-01-08 22:36:09,759 [grpc-default-executor-1] INFO  server.RaftServer$Division (RaftServerImpl.java:requestVote(1377)) - 5cfc645b-31c2-46a6-b96a-3988b9b23202@group-3B110F06A4F5: receive requestVote(ELECTION, 211b11ed-ffba-4cc3-86ed-a5910ca02ca2, group-3B110F06A4F5, 1, (t:0, i:0))
2024-01-08 22:36:09,760 [grpc-default-executor-1] INFO  impl.VoteContext (VoteContext.java:log(49)) - 5cfc645b-31c2-46a6-b96a-3988b9b23202@group-3B110F06A4F5-FOLLOWER: accept ELECTION from 211b11ed-ffba-4cc3-86ed-a5910ca02ca2: our priority 0 <= candidate's priority 1
2024-01-08 22:36:09,760 [grpc-default-executor-1] INFO  server.RaftServer$Division (RaftServerImpl.java:setRole(379)) - 5cfc645b-31c2-46a6-b96a-3988b9b23202@group-3B110F06A4F5: changes role from  FOLLOWER to FOLLOWER at term 1 for candidate:211b11ed-ffba-4cc3-86ed-a5910ca02ca2
2024-01-08 22:36:09,760 [grpc-default-executor-1] INFO  impl.RoleInfo (RoleInfo.java:shutdownFollowerState(110)) - 5cfc645b-31c2-46a6-b96a-3988b9b23202: shutdown 5cfc645b-31c2-46a6-b96a-3988b9b23202@group-3B110F06A4F5-FollowerState
2024-01-08 22:36:09,760 [grpc-default-executor-1] INFO  impl.RoleInfo (RoleInfo.java:updateAndGet(139)) - 5cfc645b-31c2-46a6-b96a-3988b9b23202: start 5cfc645b-31c2-46a6-b96a-3988b9b23202@group-3B110F06A4F5-FollowerState
2024-01-08 22:36:09,760 [5cfc645b-31c2-46a6-b96a-3988b9b23202@group-3B110F06A4F5-FollowerState] INFO  impl.FollowerState (FollowerState.java:run(152)) - 5cfc645b-31c2-46a6-b96a-3988b9b23202@group-3B110F06A4F5-FollowerState was interrupted
2024-01-08 22:36:09,760 [grpc-default-executor-1] INFO  server.RaftServer$Division (RaftServerImpl.java:setFirstElection(564)) - 5cfc645b-31c2-46a6-b96a-3988b9b23202@group-3B110F06A4F5: set firstElectionSinceStartup to false for candidate:211b11ed-ffba-4cc3-86ed-a5910ca02ca2
2024-01-08 22:36:09,765 [grpc-default-executor-0] INFO  server.RaftServer$Division (RaftServerImpl.java:requestVote(1377)) - 67cb853c-2ca0-42d6-9769-2750435db4d1@group-3B110F06A4F5: receive requestVote(ELECTION, 211b11ed-ffba-4cc3-86ed-a5910ca02ca2, group-3B110F06A4F5, 1, (t:0, i:0))
2024-01-08 22:36:09,766 [grpc-default-executor-1] INFO  server.RaftServer$Division (RaftServerImpl.java:requestVote(1410)) - 5cfc645b-31c2-46a6-b96a-3988b9b23202@group-3B110F06A4F5 replies to ELECTION vote request: 211b11ed-ffba-4cc3-86ed-a5910ca02ca2<-5cfc645b-31c2-46a6-b96a-3988b9b23202#0:OK-t1. Peer's state: 5cfc645b-31c2-46a6-b96a-3988b9b23202@group-3B110F06A4F5:t1, leader=null, voted=211b11ed-ffba-4cc3-86ed-a5910ca02ca2, raftlog=Memoized:5cfc645b-31c2-46a6-b96a-3988b9b23202@group-3B110F06A4F5-SegmentedRaftLog:OPENED:c-1, conf=-1: peers:[5cfc645b-31c2-46a6-b96a-3988b9b23202|10.1.0.16:15112, 67cb853c-2ca0-42d6-9769-2750435db4d1|10.1.0.16:15103, 211b11ed-ffba-4cc3-86ed-a5910ca02ca2|10.1.0.16:15121]|listeners:[], old=null
2024-01-08 22:36:09,767 [211b11ed-ffba-4cc3-86ed-a5910ca02ca2@group-3B110F06A4F5-LeaderElection17] INFO  impl.LeaderElection (LeaderElection.java:logAndReturn(89)) - 211b11ed-ffba-4cc3-86ed-a5910ca02ca2@group-3B110F06A4F5-LeaderElection17: ELECTION PASSED received 1 response(s) and 0 exception(s):
2024-01-08 22:36:09,767 [211b11ed-ffba-4cc3-86ed-a5910ca02ca2@group-3B110F06A4F5-LeaderElection17] INFO  impl.LeaderElection (LeaderElection.java:logAndReturn(93)) -   Response 0: 211b11ed-ffba-4cc3-86ed-a5910ca02ca2<-5cfc645b-31c2-46a6-b96a-3988b9b23202#0:OK-t1
2024-01-08 22:36:09,767 [211b11ed-ffba-4cc3-86ed-a5910ca02ca2@group-3B110F06A4F5-LeaderElection17] INFO  impl.LeaderElection (LeaderElection.java:askForVotes(325)) - 211b11ed-ffba-4cc3-86ed-a5910ca02ca2@group-3B110F06A4F5-LeaderElection17 ELECTION round 0: result PASSED
2024-01-08 22:36:09,767 [211b11ed-ffba-4cc3-86ed-a5910ca02ca2@group-3B110F06A4F5-LeaderElection17] INFO  impl.RoleInfo (RoleInfo.java:shutdownLeaderElection(130)) - 211b11ed-ffba-4cc3-86ed-a5910ca02ca2: shutdown 211b11ed-ffba-4cc3-86ed-a5910ca02ca2@group-3B110F06A4F5-LeaderElection17
2024-01-08 22:36:09,767 [211b11ed-ffba-4cc3-86ed-a5910ca02ca2@group-3B110F06A4F5-LeaderElection17] INFO  server.RaftServer$Division (RaftServerImpl.java:setRole(379)) - 211b11ed-ffba-4cc3-86ed-a5910ca02ca2@group-3B110F06A4F5: changes role from CANDIDATE to LEADER at term 1 for changeToLeader
2024-01-08 22:36:09,767 [211b11ed-ffba-4cc3-86ed-a5910ca02ca2@group-3B110F06A4F5-LeaderElection17] INFO  server.RaftServerConfigKeys (ConfUtils.java:logGet(46)) - raft.server.staging.catchup.gap = 1000 (default)
2024-01-08 22:36:09,767 [211b11ed-ffba-4cc3-86ed-a5910ca02ca2@group-3B110F06A4F5-LeaderElection17] INFO  server.RaftServerConfigKeys (ConfUtils.java:logGet(46)) - raft.server.write.element-limit = 1024 (custom)
2024-01-08 22:36:09,767 [211b11ed-ffba-4cc3-86ed-a5910ca02ca2@group-3B110F06A4F5-LeaderElection17] INFO  server.RaftServerConfigKeys (ConfUtils.java:logGet(46)) - raft.server.write.byte-limit = 1024 M (=1073741824) (custom)
2024-01-08 22:36:09,767 [211b11ed-ffba-4cc3-86ed-a5910ca02ca2@group-3B110F06A4F5-LeaderElection17] INFO  server.RaftServerConfigKeys (ConfUtils.java:logGet(46)) - raft.server.watch.timeout = 3000ms (custom)
2024-01-08 22:36:09,767 [211b11ed-ffba-4cc3-86ed-a5910ca02ca2@group-3B110F06A4F5-LeaderElection17] INFO  server.RaftServerConfigKeys (ConfUtils.java:logGet(46)) - raft.server.watch.timeout.denomination = 1s (default)
2024-01-08 22:36:09,768 [211b11ed-ffba-4cc3-86ed-a5910ca02ca2@group-3B110F06A4F5-LeaderElection17] INFO  server.RaftServerConfigKeys (ConfUtils.java:logGet(46)) - raft.server.watch.element-limit = 65536 (default)
2024-01-08 22:36:09,768 [211b11ed-ffba-4cc3-86ed-a5910ca02ca2@group-3B110F06A4F5-LeaderElection17] INFO  server.RaftServerConfigKeys (ConfUtils.java:logGet(46)) - raft.server.read.leader.lease.enabled = false (default)
2024-01-08 22:36:09,768 [211b11ed-ffba-4cc3-86ed-a5910ca02ca2@group-3B110F06A4F5-LeaderElection17] INFO  server.RaftServerConfigKeys (ConfUtils.java:logGet(46)) - raft.server.read.leader.lease.timeout.ratio = 0.9 (default)
2024-01-08 22:36:09,768 [211b11ed-ffba-4cc3-86ed-a5910ca02ca2@group-3B110F06A4F5-LeaderElection17] INFO  server.RaftServerConfigKeys (ConfUtils.java:logGet(46)) - raft.server.rpc.timeout.min = 5s (custom)
2024-01-08 22:36:09,768 [211b11ed-ffba-4cc3-86ed-a5910ca02ca2@group-3B110F06A4F5-LeaderElection17] INFO  server.RaftServerConfigKeys (ConfUtils.java:logGet(46)) - raft.server.write.element-limit = 1024 (custom)
2024-01-08 22:36:09,768 [211b11ed-ffba-4cc3-86ed-a5910ca02ca2@group-3B110F06A4F5-LeaderElection17] INFO  server.RaftServerConfigKeys (ConfUtils.java:logGet(46)) - raft.server.write.follower.gap.ratio.max = -1.0 (default)
2024-01-08 22:36:09,768 [211b11ed-ffba-4cc3-86ed-a5910ca02ca2@group-3B110F06A4F5-LeaderElection17] INFO  server.RaftServerConfigKeys (ConfUtils.java:logGet(46)) - raft.server.log.appender.snapshot.chunk.size.max = 16MB (=16777216) (default)
2024-01-08 22:36:09,768 [211b11ed-ffba-4cc3-86ed-a5910ca02ca2@group-3B110F06A4F5-LeaderElection17] INFO  server.RaftServerConfigKeys (ConfUtils.java:logGet(46)) - raft.server.log.appender.buffer.byte-limit = 8388608 (custom)
2024-01-08 22:36:09,769 [211b11ed-ffba-4cc3-86ed-a5910ca02ca2@group-3B110F06A4F5-LeaderElection17] INFO  server.RaftServerConfigKeys (ConfUtils.java:logGet(46)) - raft.server.log.appender.buffer.element-limit = 1 (custom)
2024-01-08 22:36:09,769 [211b11ed-ffba-4cc3-86ed-a5910ca02ca2@group-3B110F06A4F5-LeaderElection17] INFO  server.RaftServerConfigKeys (ConfUtils.java:logGet(46)) - raft.server.log.appender.wait-time.min = 0ms (custom)
2024-01-08 22:36:09,769 [211b11ed-ffba-4cc3-86ed-a5910ca02ca2@group-3B110F06A4F5-LeaderElection17] INFO  grpc.GrpcConfigKeys (ConfUtils.java:logGet(46)) - raft.grpc.server.leader.outstanding.appends.max = 8 (default)
2024-01-08 22:36:09,769 [211b11ed-ffba-4cc3-86ed-a5910ca02ca2@group-3B110F06A4F5-LeaderElection17] INFO  server.RaftServerConfigKeys (ConfUtils.java:logGet(46)) - raft.server.rpc.request.timeout = 3000ms (default)
2024-01-08 22:36:09,769 [211b11ed-ffba-4cc3-86ed-a5910ca02ca2@group-3B110F06A4F5-LeaderElection17] INFO  grpc.GrpcConfigKeys (ConfUtils.java:logGet(46)) - raft.grpc.server.install_snapshot.request.element-limit = 8 (default)
2024-01-08 22:36:09,769 [211b11ed-ffba-4cc3-86ed-a5910ca02ca2@group-3B110F06A4F5-LeaderElection17] INFO  grpc.GrpcConfigKeys (ConfUtils.java:logGet(46)) - raft.grpc.server.install_snapshot.request.timeout = 3000ms (default)
2024-01-08 22:36:09,769 [211b11ed-ffba-4cc3-86ed-a5910ca02ca2@group-3B110F06A4F5-LeaderElection17] INFO  server.RaftServerConfigKeys (ConfUtils.java:logGet(46)) - raft.server.log.appender.install.snapshot.enabled = false (custom)
2024-01-08 22:36:09,769 [211b11ed-ffba-4cc3-86ed-a5910ca02ca2@group-3B110F06A4F5-LeaderElection17] INFO  grpc.GrpcConfigKeys (ConfUtils.java:logGet(46)) - raft.grpc.server.heartbeat.channel = true (default)
2024-01-08 22:36:09,770 [211b11ed-ffba-4cc3-86ed-a5910ca02ca2@group-3B110F06A4F5-LeaderElection17] INFO  server.RaftServerConfigKeys (ConfUtils.java:logGet(46)) - raft.server.log.appender.snapshot.chunk.size.max = 16MB (=16777216) (default)
2024-01-08 22:36:09,770 [211b11ed-ffba-4cc3-86ed-a5910ca02ca2@group-3B110F06A4F5-LeaderElection17] INFO  server.RaftServerConfigKeys (ConfUtils.java:logGet(46)) - raft.server.log.appender.buffer.byte-limit = 8388608 (custom)
2024-01-08 22:36:09,770 [211b11ed-ffba-4cc3-86ed-a5910ca02ca2@group-3B110F06A4F5-LeaderElection17] INFO  server.RaftServerConfigKeys (ConfUtils.java:logGet(46)) - raft.server.log.appender.buffer.element-limit = 1 (custom)
2024-01-08 22:36:09,770 [211b11ed-ffba-4cc3-86ed-a5910ca02ca2@group-3B110F06A4F5-LeaderElection17] INFO  server.RaftServerConfigKeys (ConfUtils.java:logGet(46)) - raft.server.log.appender.wait-time.min = 0ms (custom)
2024-01-08 22:36:09,770 [211b11ed-ffba-4cc3-86ed-a5910ca02ca2@group-3B110F06A4F5-LeaderElection17] INFO  grpc.GrpcConfigKeys (ConfUtils.java:logGet(46)) - raft.grpc.server.leader.outstanding.appends.max = 8 (default)
2024-01-08 22:36:09,771 [211b11ed-ffba-4cc3-86ed-a5910ca02ca2@group-3B110F06A4F5-LeaderElection17] INFO  server.RaftServerConfigKeys (ConfUtils.java:logGet(46)) - raft.server.rpc.request.timeout = 3000ms (default)
2024-01-08 22:36:09,771 [grpc-default-executor-0] INFO  impl.VoteContext (VoteContext.java:log(49)) - 67cb853c-2ca0-42d6-9769-2750435db4d1@group-3B110F06A4F5-FOLLOWER: accept ELECTION from 211b11ed-ffba-4cc3-86ed-a5910ca02ca2: our priority 0 <= candidate's priority 1
2024-01-08 22:36:09,772 [grpc-default-executor-0] INFO  server.RaftServer$Division (RaftServerImpl.java:setRole(379)) - 67cb853c-2ca0-42d6-9769-2750435db4d1@group-3B110F06A4F5: changes role from  FOLLOWER to FOLLOWER at term 1 for candidate:211b11ed-ffba-4cc3-86ed-a5910ca02ca2
2024-01-08 22:36:09,772 [grpc-default-executor-0] INFO  impl.RoleInfo (RoleInfo.java:shutdownFollowerState(110)) - 67cb853c-2ca0-42d6-9769-2750435db4d1: shutdown 67cb853c-2ca0-42d6-9769-2750435db4d1@group-3B110F06A4F5-FollowerState
2024-01-08 22:36:09,772 [grpc-default-executor-0] INFO  impl.RoleInfo (RoleInfo.java:updateAndGet(139)) - 67cb853c-2ca0-42d6-9769-2750435db4d1: start 67cb853c-2ca0-42d6-9769-2750435db4d1@group-3B110F06A4F5-FollowerState
2024-01-08 22:36:09,771 [211b11ed-ffba-4cc3-86ed-a5910ca02ca2@group-3B110F06A4F5-LeaderElection17] INFO  grpc.GrpcConfigKeys (ConfUtils.java:logGet(46)) - raft.grpc.server.install_snapshot.request.element-limit = 8 (default)
2024-01-08 22:36:09,772 [67cb853c-2ca0-42d6-9769-2750435db4d1@group-3B110F06A4F5-FollowerState] INFO  impl.FollowerState (FollowerState.java:run(152)) - 67cb853c-2ca0-42d6-9769-2750435db4d1@group-3B110F06A4F5-FollowerState was interrupted
2024-01-08 22:36:09,772 [grpc-default-executor-0] INFO  server.RaftServer$Division (RaftServerImpl.java:setFirstElection(564)) - 67cb853c-2ca0-42d6-9769-2750435db4d1@group-3B110F06A4F5: set firstElectionSinceStartup to false for candidate:211b11ed-ffba-4cc3-86ed-a5910ca02ca2
2024-01-08 22:36:09,772 [211b11ed-ffba-4cc3-86ed-a5910ca02ca2@group-3B110F06A4F5-LeaderElection17] INFO  grpc.GrpcConfigKeys (ConfUtils.java:logGet(46)) - raft.grpc.server.install_snapshot.request.timeout = 3000ms (default)
2024-01-08 22:36:09,772 [211b11ed-ffba-4cc3-86ed-a5910ca02ca2@group-3B110F06A4F5-LeaderElection17] INFO  server.RaftServerConfigKeys (ConfUtils.java:logGet(46)) - raft.server.log.appender.install.snapshot.enabled = false (custom)
2024-01-08 22:36:09,772 [211b11ed-ffba-4cc3-86ed-a5910ca02ca2@group-3B110F06A4F5-LeaderElection17] INFO  grpc.GrpcConfigKeys (ConfUtils.java:logGet(46)) - raft.grpc.server.heartbeat.channel = true (default)
2024-01-08 22:36:09,772 [211b11ed-ffba-4cc3-86ed-a5910ca02ca2@group-3B110F06A4F5-LeaderElection17] INFO  impl.RoleInfo (RoleInfo.java:updateAndGet(139)) - 211b11ed-ffba-4cc3-86ed-a5910ca02ca2: start 211b11ed-ffba-4cc3-86ed-a5910ca02ca2@group-3B110F06A4F5-LeaderStateImpl
2024-01-08 22:36:09,773 [211b11ed-ffba-4cc3-86ed-a5910ca02ca2@group-3B110F06A4F5-LeaderElection17] INFO  server.RaftServer$Division (RaftServerImpl.java:setFirstElection(564)) - 211b11ed-ffba-4cc3-86ed-a5910ca02ca2@group-3B110F06A4F5: set firstElectionSinceStartup to false for becomeLeader
2024-01-08 22:36:09,773 [211b11ed-ffba-4cc3-86ed-a5910ca02ca2@group-3B110F06A4F5-LeaderElection17] INFO  ratis.XceiverServerRatis (XceiverServerRatis.java:handleLeaderChangedNotification(945)) - Leader change notification received for group: group-3B110F06A4F5 with new leaderId: 211b11ed-ffba-4cc3-86ed-a5910ca02ca2
2024-01-08 22:36:09,773 [grpc-default-executor-0] INFO  server.RaftServer$Division (RaftServerImpl.java:requestVote(1410)) - 67cb853c-2ca0-42d6-9769-2750435db4d1@group-3B110F06A4F5 replies to ELECTION vote request: 211b11ed-ffba-4cc3-86ed-a5910ca02ca2<-67cb853c-2ca0-42d6-9769-2750435db4d1#0:OK-t1. Peer's state: 67cb853c-2ca0-42d6-9769-2750435db4d1@group-3B110F06A4F5:t1, leader=null, voted=211b11ed-ffba-4cc3-86ed-a5910ca02ca2, raftlog=Memoized:67cb853c-2ca0-42d6-9769-2750435db4d1@group-3B110F06A4F5-SegmentedRaftLog:OPENED:c-1, conf=-1: peers:[5cfc645b-31c2-46a6-b96a-3988b9b23202|10.1.0.16:15112, 67cb853c-2ca0-42d6-9769-2750435db4d1|10.1.0.16:15103, 211b11ed-ffba-4cc3-86ed-a5910ca02ca2|10.1.0.16:15121]|listeners:[], old=null
2024-01-08 22:36:09,774 [211b11ed-ffba-4cc3-86ed-a5910ca02ca2@group-3B110F06A4F5-LeaderElection17] INFO  server.RaftServer$Division (ServerState.java:setLeader(265)) - 211b11ed-ffba-4cc3-86ed-a5910ca02ca2@group-3B110F06A4F5: change Leader from null to 211b11ed-ffba-4cc3-86ed-a5910ca02ca2 at term 1 for becomeLeader, leader elected after 5074ms
2024-01-08 22:36:09,774 [211b11ed-ffba-4cc3-86ed-a5910ca02ca2@group-3B110F06A4F5-LeaderElection17] INFO  segmented.SegmentedRaftLogWorker (SegmentedRaftLogWorker.java:startLogSegment(428)) - 211b11ed-ffba-4cc3-86ed-a5910ca02ca2@group-3B110F06A4F5-SegmentedRaftLogWorker: Starting segment from index:0
2024-01-08 22:36:09,775 [EventQueue-PipelineReportForPipelineReportHandler] INFO  pipeline.PipelineReportHandler (PipelineReportHandler.java:processPipelineReport(136)) - Opened pipeline PipelineID=b1907f3a-9032-43d0-afaf-3b110f06a4f5
2024-01-08 22:36:09,775 [EventQueue-OpenPipelineForHealthyPipelineSafeModeRule] INFO  safemode.SCMSafeModeManager (HealthyPipelineSafeModeRule.java:process(140)) - SCM in safe mode. Healthy pipelines reported count is 0, required healthy pipeline reported count is 1
2024-01-08 22:36:09,775 [EventQueue-OpenPipelineForHealthyPipelineSafeModeRule] INFO  safemode.SCMSafeModeManager (HealthyPipelineSafeModeRule.java:process(140)) - SCM in safe mode. Healthy pipelines reported count is 1, required healthy pipeline reported count is 1
2024-01-08 22:36:09,775 [EventQueue-OpenPipelineForHealthyPipelineSafeModeRule] INFO  safemode.SCMSafeModeManager (SCMSafeModeManager.java:validateSafeModeExitRules(200)) - HealthyPipelineSafeModeRule rule is successfully validated
2024-01-08 22:36:09,775 [EventQueue-OpenPipelineForHealthyPipelineSafeModeRule] INFO  safemode.SCMSafeModeManager (SCMSafeModeManager.java:validateSafeModeExitRules(215)) - ScmSafeModeManager, all rules are successfully validated
2024-01-08 22:36:09,779 [EventQueue-OpenPipelineForHealthyPipelineSafeModeRule] INFO  safemode.SCMSafeModeManager (SCMSafeModeManager.java:exitSafeMode(244)) - SCM exiting safe mode.
2024-01-08 22:36:09,779 [EventQueue-OpenPipelineForHealthyPipelineSafeModeRule] INFO  ha.SCMContext (SCMContext.java:updateSafeModeStatus(230)) - Update SafeModeStatus from SafeModeStatus{safeModeStatus=true, preCheckPassed=true} to SafeModeStatus{safeModeStatus=false, preCheckPassed=true}.
2024-01-08 22:36:09,779 [EventQueue-OpenPipelineForHealthyPipelineSafeModeRule] INFO  pipeline.BackgroundPipelineCreator (BackgroundPipelineCreator.java:notifyStatusChanged(258)) - Service BackgroundPipelineCreator transitions to RUNNING.
2024-01-08 22:36:09,779 [EventQueue-OpenPipelineForHealthyPipelineSafeModeRule] INFO  BackgroundPipelineScrubber (BackgroundSCMService.java:notifyStatusChanged(82)) - Service BackgroundPipelineScrubber transitions to RUNNING.
2024-01-08 22:36:09,779 [EventQueue-OpenPipelineForHealthyPipelineSafeModeRule] INFO  ExpiredContainerReplicaOpScrubber (BackgroundSCMService.java:notifyStatusChanged(82)) - Service ExpiredContainerReplicaOpScrubber transitions to RUNNING.
2024-01-08 22:36:09,780 [EventQueue-OpenPipelineForHealthyPipelineSafeModeRule] INFO  block.SCMBlockDeletingService (SCMBlockDeletingService.java:notifyStatusChanged(247)) - notifyStatusChanged:RUNNING
2024-01-08 22:36:09,780 [EventQueue-OpenPipelineForHealthyPipelineSafeModeRule] INFO  replication.ReplicationManager (ReplicationManager.java:notifyStatusChanged(1401)) - Service ReplicationManager transitions to RUNNING.
2024-01-08 22:36:09,781 [EventQueue-OpenPipelineForHealthyPipelineSafeModeRule] WARN  balancer.ContainerBalancer (ContainerBalancer.java:shouldRun(134)) - Could not find persisted configuration for ContainerBalancer when checking if ContainerBalancer should run. ContainerBalancer should not run now.
2024-01-08 22:36:09,780 [211b11ed-ffba-4cc3-86ed-a5910ca02ca2@group-3B110F06A4F5-LeaderElection17] INFO  server.RaftServer$Division (ServerState.java:setRaftConf(382)) - 211b11ed-ffba-4cc3-86ed-a5910ca02ca2@group-3B110F06A4F5: set configuration 0: peers:[5cfc645b-31c2-46a6-b96a-3988b9b23202|10.1.0.16:15112, 67cb853c-2ca0-42d6-9769-2750435db4d1|10.1.0.16:15103, 211b11ed-ffba-4cc3-86ed-a5910ca02ca2|10.1.0.16:15121]|listeners:[], old=null
2024-01-08 22:36:09,783 [211b11ed-ffba-4cc3-86ed-a5910ca02ca2@group-3B110F06A4F5-SegmentedRaftLogWorker] INFO  segmented.SegmentedRaftLogWorker (SegmentedRaftLogWorker.java:execute(632)) - 211b11ed-ffba-4cc3-86ed-a5910ca02ca2@group-3B110F06A4F5-SegmentedRaftLogWorker: created new log segment /home/runner/work/ozone/ozone/hadoop-ozone/integration-test/target/test-dir/MiniOzoneClusterImpl-25d1905f-b767-404d-84bf-be0dd4c89112/datanode-2/data/ratis/b1907f3a-9032-43d0-afaf-3b110f06a4f5/current/log_inprogress_0
2024-01-08 22:36:09,796 [67cb853c-2ca0-42d6-9769-2750435db4d1-server-thread1] INFO  ratis.XceiverServerRatis (XceiverServerRatis.java:handleLeaderChangedNotification(945)) - Leader change notification received for group: group-3B110F06A4F5 with new leaderId: 211b11ed-ffba-4cc3-86ed-a5910ca02ca2
2024-01-08 22:36:09,796 [67cb853c-2ca0-42d6-9769-2750435db4d1-server-thread1] INFO  server.RaftServer$Division (ServerState.java:setLeader(265)) - 67cb853c-2ca0-42d6-9769-2750435db4d1@group-3B110F06A4F5: change Leader from null to 211b11ed-ffba-4cc3-86ed-a5910ca02ca2 at term 1 for appendEntries, leader elected after 5123ms
2024-01-08 22:36:09,798 [5cfc645b-31c2-46a6-b96a-3988b9b23202-server-thread1] INFO  ratis.XceiverServerRatis (XceiverServerRatis.java:handleLeaderChangedNotification(945)) - Leader change notification received for group: group-3B110F06A4F5 with new leaderId: 211b11ed-ffba-4cc3-86ed-a5910ca02ca2
2024-01-08 22:36:09,798 [5cfc645b-31c2-46a6-b96a-3988b9b23202-server-thread1] INFO  server.RaftServer$Division (ServerState.java:setLeader(265)) - 5cfc645b-31c2-46a6-b96a-3988b9b23202@group-3B110F06A4F5: change Leader from null to 211b11ed-ffba-4cc3-86ed-a5910ca02ca2 at term 1 for appendEntries, leader elected after 5065ms
2024-01-08 22:36:09,804 [67cb853c-2ca0-42d6-9769-2750435db4d1-server-thread2] INFO  server.RaftServer$Division (ServerState.java:setRaftConf(382)) - 67cb853c-2ca0-42d6-9769-2750435db4d1@group-3B110F06A4F5: set configuration 0: peers:[5cfc645b-31c2-46a6-b96a-3988b9b23202|10.1.0.16:15112, 67cb853c-2ca0-42d6-9769-2750435db4d1|10.1.0.16:15103, 211b11ed-ffba-4cc3-86ed-a5910ca02ca2|10.1.0.16:15121]|listeners:[], old=null
2024-01-08 22:36:09,804 [67cb853c-2ca0-42d6-9769-2750435db4d1-server-thread2] INFO  segmented.SegmentedRaftLogWorker (SegmentedRaftLogWorker.java:startLogSegment(428)) - 67cb853c-2ca0-42d6-9769-2750435db4d1@group-3B110F06A4F5-SegmentedRaftLogWorker: Starting segment from index:0
2024-01-08 22:36:09,804 [5cfc645b-31c2-46a6-b96a-3988b9b23202-server-thread2] INFO  server.RaftServer$Division (ServerState.java:setRaftConf(382)) - 5cfc645b-31c2-46a6-b96a-3988b9b23202@group-3B110F06A4F5: set configuration 0: peers:[5cfc645b-31c2-46a6-b96a-3988b9b23202|10.1.0.16:15112, 67cb853c-2ca0-42d6-9769-2750435db4d1|10.1.0.16:15103, 211b11ed-ffba-4cc3-86ed-a5910ca02ca2|10.1.0.16:15121]|listeners:[], old=null
2024-01-08 22:36:09,805 [5cfc645b-31c2-46a6-b96a-3988b9b23202-server-thread2] INFO  segmented.SegmentedRaftLogWorker (SegmentedRaftLogWorker.java:startLogSegment(428)) - 5cfc645b-31c2-46a6-b96a-3988b9b23202@group-3B110F06A4F5-SegmentedRaftLogWorker: Starting segment from index:0
2024-01-08 22:36:09,815 [67cb853c-2ca0-42d6-9769-2750435db4d1@group-3B110F06A4F5-SegmentedRaftLogWorker] INFO  segmented.SegmentedRaftLogWorker (SegmentedRaftLogWorker.java:execute(632)) - 67cb853c-2ca0-42d6-9769-2750435db4d1@group-3B110F06A4F5-SegmentedRaftLogWorker: created new log segment /home/runner/work/ozone/ozone/hadoop-ozone/integration-test/target/test-dir/MiniOzoneClusterImpl-25d1905f-b767-404d-84bf-be0dd4c89112/datanode-0/data/ratis/b1907f3a-9032-43d0-afaf-3b110f06a4f5/current/log_inprogress_0
2024-01-08 22:36:09,815 [5cfc645b-31c2-46a6-b96a-3988b9b23202@group-3B110F06A4F5-SegmentedRaftLogWorker] INFO  segmented.SegmentedRaftLogWorker (SegmentedRaftLogWorker.java:execute(632)) - 5cfc645b-31c2-46a6-b96a-3988b9b23202@group-3B110F06A4F5-SegmentedRaftLogWorker: created new log segment /home/runner/work/ozone/ozone/hadoop-ozone/integration-test/target/test-dir/MiniOzoneClusterImpl-25d1905f-b767-404d-84bf-be0dd4c89112/datanode-1/data/ratis/b1907f3a-9032-43d0-afaf-3b110f06a4f5/current/log_inprogress_0
2024-01-08 22:36:09,816 [211b11ed-ffba-4cc3-86ed-a5910ca02ca2@group-3B110F06A4F5-StateMachineUpdater] INFO  server.RaftServer$Division (LeaderStateImpl.java:isApplied(316)) - leader is ready since appliedIndex == 0 >= startIndex == 0
2024-01-08 22:36:09,859 [5cfc645b-31c2-46a6-b96a-3988b9b23202@group-0B3BE78F0F58-FollowerState] INFO  impl.FollowerState (FollowerState.java:run(143)) - 5cfc645b-31c2-46a6-b96a-3988b9b23202@group-0B3BE78F0F58-FollowerState: change to CANDIDATE, lastRpcElapsedTime:5092291729ns, electionTimeout:5091ms
2024-01-08 22:36:09,859 [5cfc645b-31c2-46a6-b96a-3988b9b23202@group-0B3BE78F0F58-FollowerState] INFO  impl.RoleInfo (RoleInfo.java:shutdownFollowerState(110)) - 5cfc645b-31c2-46a6-b96a-3988b9b23202: shutdown 5cfc645b-31c2-46a6-b96a-3988b9b23202@group-0B3BE78F0F58-FollowerState
2024-01-08 22:36:09,859 [5cfc645b-31c2-46a6-b96a-3988b9b23202@group-0B3BE78F0F58-FollowerState] INFO  server.RaftServer$Division (RaftServerImpl.java:setRole(379)) - 5cfc645b-31c2-46a6-b96a-3988b9b23202@group-0B3BE78F0F58: changes role from  FOLLOWER to CANDIDATE at term 0 for changeToCandidate
2024-01-08 22:36:09,859 [5cfc645b-31c2-46a6-b96a-3988b9b23202@group-0B3BE78F0F58-FollowerState] INFO  server.RaftServerConfigKeys (ConfUtils.java:logGet(46)) - raft.server.leaderelection.pre-vote = true (default)
2024-01-08 22:36:09,859 [5cfc645b-31c2-46a6-b96a-3988b9b23202@group-0B3BE78F0F58-FollowerState] INFO  impl.RoleInfo (RoleInfo.java:updateAndGet(139)) - 5cfc645b-31c2-46a6-b96a-3988b9b23202: start 5cfc645b-31c2-46a6-b96a-3988b9b23202@group-0B3BE78F0F58-LeaderElection18
2024-01-08 22:36:09,861 [5cfc645b-31c2-46a6-b96a-3988b9b23202@group-0B3BE78F0F58-LeaderElection18] INFO  impl.LeaderElection (LeaderElection.java:askForVotes(323)) - 5cfc645b-31c2-46a6-b96a-3988b9b23202@group-0B3BE78F0F58-LeaderElection18 PRE_VOTE round 0: submit vote requests at term 0 for -1: peers:[5cfc645b-31c2-46a6-b96a-3988b9b23202|10.1.0.16:15112]|listeners:[], old=null
2024-01-08 22:36:09,861 [5cfc645b-31c2-46a6-b96a-3988b9b23202@group-0B3BE78F0F58-LeaderElection18] INFO  impl.LeaderElection (LeaderElection.java:askForVotes(325)) - 5cfc645b-31c2-46a6-b96a-3988b9b23202@group-0B3BE78F0F58-LeaderElection18 PRE_VOTE round 0: result PASSED (term=0)
2024-01-08 22:36:09,861 [5cfc645b-31c2-46a6-b96a-3988b9b23202@group-0B3BE78F0F58-LeaderElection18] INFO  impl.LeaderElection (LeaderElection.java:askForVotes(323)) - 5cfc645b-31c2-46a6-b96a-3988b9b23202@group-0B3BE78F0F58-LeaderElection18 ELECTION round 0: submit vote requests at term 1 for -1: peers:[5cfc645b-31c2-46a6-b96a-3988b9b23202|10.1.0.16:15112]|listeners:[], old=null
2024-01-08 22:36:09,861 [5cfc645b-31c2-46a6-b96a-3988b9b23202@group-0B3BE78F0F58-LeaderElection18] INFO  impl.LeaderElection (LeaderElection.java:askForVotes(325)) - 5cfc645b-31c2-46a6-b96a-3988b9b23202@group-0B3BE78F0F58-LeaderElection18 ELECTION round 0: result PASSED (term=1)
2024-01-08 22:36:09,862 [5cfc645b-31c2-46a6-b96a-3988b9b23202@group-0B3BE78F0F58-LeaderElection18] INFO  impl.RoleInfo (RoleInfo.java:shutdownLeaderElection(130)) - 5cfc645b-31c2-46a6-b96a-3988b9b23202: shutdown 5cfc645b-31c2-46a6-b96a-3988b9b23202@group-0B3BE78F0F58-LeaderElection18
2024-01-08 22:36:09,862 [5cfc645b-31c2-46a6-b96a-3988b9b23202@group-0B3BE78F0F58-LeaderElection18] INFO  server.RaftServer$Division (RaftServerImpl.java:setRole(379)) - 5cfc645b-31c2-46a6-b96a-3988b9b23202@group-0B3BE78F0F58: changes role from CANDIDATE to LEADER at term 1 for changeToLeader
2024-01-08 22:36:09,862 [5cfc645b-31c2-46a6-b96a-3988b9b23202@group-0B3BE78F0F58-LeaderElection18] INFO  server.RaftServerConfigKeys (ConfUtils.java:logGet(46)) - raft.server.staging.catchup.gap = 1000 (default)
2024-01-08 22:36:09,862 [5cfc645b-31c2-46a6-b96a-3988b9b23202@group-0B3BE78F0F58-LeaderElection18] INFO  server.RaftServerConfigKeys (ConfUtils.java:logGet(46)) - raft.server.write.element-limit = 1024 (custom)
2024-01-08 22:36:09,862 [5cfc645b-31c2-46a6-b96a-3988b9b23202@group-0B3BE78F0F58-LeaderElection18] INFO  server.RaftServerConfigKeys (ConfUtils.java:logGet(46)) - raft.server.write.byte-limit = 1024 M (=1073741824) (custom)
2024-01-08 22:36:09,862 [5cfc645b-31c2-46a6-b96a-3988b9b23202@group-0B3BE78F0F58-LeaderElection18] INFO  server.RaftServerConfigKeys (ConfUtils.java:logGet(46)) - raft.server.watch.timeout = 3000ms (custom)
2024-01-08 22:36:09,862 [5cfc645b-31c2-46a6-b96a-3988b9b23202@group-0B3BE78F0F58-LeaderElection18] INFO  server.RaftServerConfigKeys (ConfUtils.java:logGet(46)) - raft.server.watch.timeout.denomination = 1s (default)
2024-01-08 22:36:09,862 [5cfc645b-31c2-46a6-b96a-3988b9b23202@group-0B3BE78F0F58-LeaderElection18] INFO  server.RaftServerConfigKeys (ConfUtils.java:logGet(46)) - raft.server.watch.element-limit = 65536 (default)
2024-01-08 22:36:09,862 [5cfc645b-31c2-46a6-b96a-3988b9b23202@group-0B3BE78F0F58-LeaderElection18] INFO  server.RaftServerConfigKeys (ConfUtils.java:logGet(46)) - raft.server.read.leader.lease.enabled = false (default)
2024-01-08 22:36:09,862 [5cfc645b-31c2-46a6-b96a-3988b9b23202@group-0B3BE78F0F58-LeaderElection18] INFO  server.RaftServerConfigKeys (ConfUtils.java:logGet(46)) - raft.server.read.leader.lease.timeout.ratio = 0.9 (default)
2024-01-08 22:36:09,862 [5cfc645b-31c2-46a6-b96a-3988b9b23202@group-0B3BE78F0F58-LeaderElection18] INFO  server.RaftServerConfigKeys (ConfUtils.java:logGet(46)) - raft.server.rpc.timeout.min = 5s (custom)
2024-01-08 22:36:09,862 [5cfc645b-31c2-46a6-b96a-3988b9b23202@group-0B3BE78F0F58-LeaderElection18] INFO  server.RaftServerConfigKeys (ConfUtils.java:logGet(46)) - raft.server.write.element-limit = 1024 (custom)
2024-01-08 22:36:09,862 [5cfc645b-31c2-46a6-b96a-3988b9b23202@group-0B3BE78F0F58-LeaderElection18] INFO  server.RaftServerConfigKeys (ConfUtils.java:logGet(46)) - raft.server.write.follower.gap.ratio.max = -1.0 (default)
2024-01-08 22:36:09,862 [5cfc645b-31c2-46a6-b96a-3988b9b23202@group-0B3BE78F0F58-LeaderElection18] INFO  impl.RoleInfo (RoleInfo.java:updateAndGet(139)) - 5cfc645b-31c2-46a6-b96a-3988b9b23202: start 5cfc645b-31c2-46a6-b96a-3988b9b23202@group-0B3BE78F0F58-LeaderStateImpl
2024-01-08 22:36:09,862 [5cfc645b-31c2-46a6-b96a-3988b9b23202@group-0B3BE78F0F58-LeaderElection18] INFO  server.RaftServer$Division (RaftServerImpl.java:setFirstElection(564)) - 5cfc645b-31c2-46a6-b96a-3988b9b23202@group-0B3BE78F0F58: set firstElectionSinceStartup to false for becomeLeader
2024-01-08 22:36:09,862 [5cfc645b-31c2-46a6-b96a-3988b9b23202@group-0B3BE78F0F58-LeaderElection18] INFO  ratis.XceiverServerRatis (XceiverServerRatis.java:handleLeaderChangedNotification(945)) - Leader change notification received for group: group-0B3BE78F0F58 with new leaderId: 5cfc645b-31c2-46a6-b96a-3988b9b23202
2024-01-08 22:36:09,863 [5cfc645b-31c2-46a6-b96a-3988b9b23202@group-0B3BE78F0F58-LeaderElection18] INFO  server.RaftServer$Division (ServerState.java:setLeader(265)) - 5cfc645b-31c2-46a6-b96a-3988b9b23202@group-0B3BE78F0F58: change Leader from null to 5cfc645b-31c2-46a6-b96a-3988b9b23202 at term 1 for becomeLeader, leader elected after 5108ms
2024-01-08 22:36:09,863 [5cfc645b-31c2-46a6-b96a-3988b9b23202@group-0B3BE78F0F58-LeaderElection18] INFO  segmented.SegmentedRaftLogWorker (SegmentedRaftLogWorker.java:startLogSegment(428)) - 5cfc645b-31c2-46a6-b96a-3988b9b23202@group-0B3BE78F0F58-SegmentedRaftLogWorker: Starting segment from index:0
2024-01-08 22:36:09,866 [5cfc645b-31c2-46a6-b96a-3988b9b23202@group-0B3BE78F0F58-LeaderElection18] INFO  server.RaftServer$Division (ServerState.java:setRaftConf(382)) - 5cfc645b-31c2-46a6-b96a-3988b9b23202@group-0B3BE78F0F58: set configuration 0: peers:[5cfc645b-31c2-46a6-b96a-3988b9b23202|10.1.0.16:15112]|listeners:[], old=null
2024-01-08 22:36:09,870 [5cfc645b-31c2-46a6-b96a-3988b9b23202@group-0B3BE78F0F58-SegmentedRaftLogWorker] INFO  segmented.SegmentedRaftLogWorker (SegmentedRaftLogWorker.java:execute(632)) - 5cfc645b-31c2-46a6-b96a-3988b9b23202@group-0B3BE78F0F58-SegmentedRaftLogWorker: created new log segment /home/runner/work/ozone/ozone/hadoop-ozone/integration-test/target/test-dir/MiniOzoneClusterImpl-25d1905f-b767-404d-84bf-be0dd4c89112/datanode-1/data/ratis/e1eb2bef-f5ce-4d05-a8a9-0b3be78f0f58/current/log_inprogress_0
2024-01-08 22:36:09,870 [5cfc645b-31c2-46a6-b96a-3988b9b23202@group-0B3BE78F0F58-StateMachineUpdater] INFO  server.RaftServer$Division (LeaderStateImpl.java:isApplied(316)) - leader is ready since appliedIndex == 0 >= startIndex == 0
2024-01-08 22:36:10,040 [211b11ed-ffba-4cc3-86ed-a5910ca02ca2@group-B06642465BB2-FollowerState] INFO  impl.FollowerState (FollowerState.java:run(143)) - 211b11ed-ffba-4cc3-86ed-a5910ca02ca2@group-B06642465BB2-FollowerState: change to CANDIDATE, lastRpcElapsedTime:5161522707ns, electionTimeout:5161ms
2024-01-08 22:36:10,040 [211b11ed-ffba-4cc3-86ed-a5910ca02ca2@group-B06642465BB2-FollowerState] INFO  impl.RoleInfo (RoleInfo.java:shutdownFollowerState(110)) - 211b11ed-ffba-4cc3-86ed-a5910ca02ca2: shutdown 211b11ed-ffba-4cc3-86ed-a5910ca02ca2@group-B06642465BB2-FollowerState
2024-01-08 22:36:10,040 [211b11ed-ffba-4cc3-86ed-a5910ca02ca2@group-B06642465BB2-FollowerState] INFO  server.RaftServer$Division (RaftServerImpl.java:setRole(379)) - 211b11ed-ffba-4cc3-86ed-a5910ca02ca2@group-B06642465BB2: changes role from  FOLLOWER to CANDIDATE at term 0 for changeToCandidate
2024-01-08 22:36:10,040 [211b11ed-ffba-4cc3-86ed-a5910ca02ca2@group-B06642465BB2-FollowerState] INFO  server.RaftServerConfigKeys (ConfUtils.java:logGet(46)) - raft.server.leaderelection.pre-vote = true (default)
2024-01-08 22:36:10,040 [211b11ed-ffba-4cc3-86ed-a5910ca02ca2@group-B06642465BB2-FollowerState] INFO  impl.RoleInfo (RoleInfo.java:updateAndGet(139)) - 211b11ed-ffba-4cc3-86ed-a5910ca02ca2: start 211b11ed-ffba-4cc3-86ed-a5910ca02ca2@group-B06642465BB2-LeaderElection19
2024-01-08 22:36:10,041 [211b11ed-ffba-4cc3-86ed-a5910ca02ca2@group-B06642465BB2-LeaderElection19] INFO  impl.LeaderElection (LeaderElection.java:askForVotes(323)) - 211b11ed-ffba-4cc3-86ed-a5910ca02ca2@group-B06642465BB2-LeaderElection19 PRE_VOTE round 0: submit vote requests at term 0 for -1: peers:[211b11ed-ffba-4cc3-86ed-a5910ca02ca2|10.1.0.16:15121]|listeners:[], old=null
2024-01-08 22:36:10,042 [211b11ed-ffba-4cc3-86ed-a5910ca02ca2@group-B06642465BB2-LeaderElection19] INFO  impl.LeaderElection (LeaderElection.java:askForVotes(325)) - 211b11ed-ffba-4cc3-86ed-a5910ca02ca2@group-B06642465BB2-LeaderElection19 PRE_VOTE round 0: result PASSED (term=0)
2024-01-08 22:36:10,042 [211b11ed-ffba-4cc3-86ed-a5910ca02ca2@group-B06642465BB2-LeaderElection19] INFO  impl.LeaderElection (LeaderElection.java:askForVotes(323)) - 211b11ed-ffba-4cc3-86ed-a5910ca02ca2@group-B06642465BB2-LeaderElection19 ELECTION round 0: submit vote requests at term 1 for -1: peers:[211b11ed-ffba-4cc3-86ed-a5910ca02ca2|10.1.0.16:15121]|listeners:[], old=null
2024-01-08 22:36:10,043 [211b11ed-ffba-4cc3-86ed-a5910ca02ca2@group-B06642465BB2-LeaderElection19] INFO  impl.LeaderElection (LeaderElection.java:askForVotes(325)) - 211b11ed-ffba-4cc3-86ed-a5910ca02ca2@group-B06642465BB2-LeaderElection19 ELECTION round 0: result PASSED (term=1)
2024-01-08 22:36:10,043 [211b11ed-ffba-4cc3-86ed-a5910ca02ca2@group-B06642465BB2-LeaderElection19] INFO  impl.RoleInfo (RoleInfo.java:shutdownLeaderElection(130)) - 211b11ed-ffba-4cc3-86ed-a5910ca02ca2: shutdown 211b11ed-ffba-4cc3-86ed-a5910ca02ca2@group-B06642465BB2-LeaderElection19
2024-01-08 22:36:10,043 [211b11ed-ffba-4cc3-86ed-a5910ca02ca2@group-B06642465BB2-LeaderElection19] INFO  server.RaftServer$Division (RaftServerImpl.java:setRole(379)) - 211b11ed-ffba-4cc3-86ed-a5910ca02ca2@group-B06642465BB2: changes role from CANDIDATE to LEADER at term 1 for changeToLeader
2024-01-08 22:36:10,043 [211b11ed-ffba-4cc3-86ed-a5910ca02ca2@group-B06642465BB2-LeaderElection19] INFO  server.RaftServerConfigKeys (ConfUtils.java:logGet(46)) - raft.server.staging.catchup.gap = 1000 (default)
2024-01-08 22:36:10,043 [211b11ed-ffba-4cc3-86ed-a5910ca02ca2@group-B06642465BB2-LeaderElection19] INFO  server.RaftServerConfigKeys (ConfUtils.java:logGet(46)) - raft.server.write.element-limit = 1024 (custom)
2024-01-08 22:36:10,043 [211b11ed-ffba-4cc3-86ed-a5910ca02ca2@group-B06642465BB2-LeaderElection19] INFO  server.RaftServerConfigKeys (ConfUtils.java:logGet(46)) - raft.server.write.byte-limit = 1024 M (=1073741824) (custom)
2024-01-08 22:36:10,043 [211b11ed-ffba-4cc3-86ed-a5910ca02ca2@group-B06642465BB2-LeaderElection19] INFO  server.RaftServerConfigKeys (ConfUtils.java:logGet(46)) - raft.server.watch.timeout = 3000ms (custom)
2024-01-08 22:36:10,043 [211b11ed-ffba-4cc3-86ed-a5910ca02ca2@group-B06642465BB2-LeaderElection19] INFO  server.RaftServerConfigKeys (ConfUtils.java:logGet(46)) - raft.server.watch.timeout.denomination = 1s (default)
2024-01-08 22:36:10,043 [211b11ed-ffba-4cc3-86ed-a5910ca02ca2@group-B06642465BB2-LeaderElection19] INFO  server.RaftServerConfigKeys (ConfUtils.java:logGet(46)) - raft.server.watch.element-limit = 65536 (default)
2024-01-08 22:36:10,043 [211b11ed-ffba-4cc3-86ed-a5910ca02ca2@group-B06642465BB2-LeaderElection19] INFO  server.RaftServerConfigKeys (ConfUtils.java:logGet(46)) - raft.server.read.leader.lease.enabled = false (default)
2024-01-08 22:36:10,043 [211b11ed-ffba-4cc3-86ed-a5910ca02ca2@group-B06642465BB2-LeaderElection19] INFO  server.RaftServerConfigKeys (ConfUtils.java:logGet(46)) - raft.server.read.leader.lease.timeout.ratio = 0.9 (default)
2024-01-08 22:36:10,043 [211b11ed-ffba-4cc3-86ed-a5910ca02ca2@group-B06642465BB2-LeaderElection19] INFO  server.RaftServerConfigKeys (ConfUtils.java:logGet(46)) - raft.server.rpc.timeout.min = 5s (custom)
2024-01-08 22:36:10,043 [211b11ed-ffba-4cc3-86ed-a5910ca02ca2@group-B06642465BB2-LeaderElection19] INFO  server.RaftServerConfigKeys (ConfUtils.java:logGet(46)) - raft.server.write.element-limit = 1024 (custom)
2024-01-08 22:36:10,043 [211b11ed-ffba-4cc3-86ed-a5910ca02ca2@group-B06642465BB2-LeaderElection19] INFO  server.RaftServerConfigKeys (ConfUtils.java:logGet(46)) - raft.server.write.follower.gap.ratio.max = -1.0 (default)
2024-01-08 22:36:10,044 [211b11ed-ffba-4cc3-86ed-a5910ca02ca2@group-B06642465BB2-LeaderElection19] INFO  impl.RoleInfo (RoleInfo.java:updateAndGet(139)) - 211b11ed-ffba-4cc3-86ed-a5910ca02ca2: start 211b11ed-ffba-4cc3-86ed-a5910ca02ca2@group-B06642465BB2-LeaderStateImpl
2024-01-08 22:36:10,044 [211b11ed-ffba-4cc3-86ed-a5910ca02ca2@group-B06642465BB2-LeaderElection19] INFO  server.RaftServer$Division (RaftServerImpl.java:setFirstElection(564)) - 211b11ed-ffba-4cc3-86ed-a5910ca02ca2@group-B06642465BB2: set firstElectionSinceStartup to false for becomeLeader
2024-01-08 22:36:10,044 [211b11ed-ffba-4cc3-86ed-a5910ca02ca2@group-B06642465BB2-LeaderElection19] INFO  ratis.XceiverServerRatis (XceiverServerRatis.java:handleLeaderChangedNotification(945)) - Leader change notification received for group: group-B06642465BB2 with new leaderId: 211b11ed-ffba-4cc3-86ed-a5910ca02ca2
2024-01-08 22:36:10,044 [211b11ed-ffba-4cc3-86ed-a5910ca02ca2@group-B06642465BB2-LeaderElection19] INFO  server.RaftServer$Division (ServerState.java:setLeader(265)) - 211b11ed-ffba-4cc3-86ed-a5910ca02ca2@group-B06642465BB2: change Leader from null to 211b11ed-ffba-4cc3-86ed-a5910ca02ca2 at term 1 for becomeLeader, leader elected after 5177ms
2024-01-08 22:36:10,044 [211b11ed-ffba-4cc3-86ed-a5910ca02ca2@group-B06642465BB2-LeaderElection19] INFO  segmented.SegmentedRaftLogWorker (SegmentedRaftLogWorker.java:startLogSegment(428)) - 211b11ed-ffba-4cc3-86ed-a5910ca02ca2@group-B06642465BB2-SegmentedRaftLogWorker: Starting segment from index:0
2024-01-08 22:36:10,046 [211b11ed-ffba-4cc3-86ed-a5910ca02ca2@group-B06642465BB2-LeaderElection19] INFO  server.RaftServer$Division (ServerState.java:setRaftConf(382)) - 211b11ed-ffba-4cc3-86ed-a5910ca02ca2@group-B06642465BB2: set configuration 0: peers:[211b11ed-ffba-4cc3-86ed-a5910ca02ca2|10.1.0.16:15121]|listeners:[], old=null
2024-01-08 22:36:10,052 [211b11ed-ffba-4cc3-86ed-a5910ca02ca2@group-B06642465BB2-SegmentedRaftLogWorker] INFO  segmented.SegmentedRaftLogWorker (SegmentedRaftLogWorker.java:execute(632)) - 211b11ed-ffba-4cc3-86ed-a5910ca02ca2@group-B06642465BB2-SegmentedRaftLogWorker: created new log segment /home/runner/work/ozone/ozone/hadoop-ozone/integration-test/target/test-dir/MiniOzoneClusterImpl-25d1905f-b767-404d-84bf-be0dd4c89112/datanode-2/data/ratis/9a986f1c-9e7a-4874-aa48-b06642465bb2/current/log_inprogress_0
2024-01-08 22:36:10,053 [211b11ed-ffba-4cc3-86ed-a5910ca02ca2@group-B06642465BB2-StateMachineUpdater] INFO  server.RaftServer$Division (LeaderStateImpl.java:isApplied(316)) - leader is ready since appliedIndex == 0 >= startIndex == 0
2024-01-08 22:36:10,197 [35d8dfab-9865-4f4a-9db1-8dbffdda00db@group-AD53B6DAE95C-FollowerState] INFO  impl.FollowerState (FollowerState.java:run(143)) - 35d8dfab-9865-4f4a-9db1-8dbffdda00db@group-AD53B6DAE95C-FollowerState: change to CANDIDATE, lastRpcElapsedTime:5186959427ns, electionTimeout:5186ms
2024-01-08 22:36:10,197 [35d8dfab-9865-4f4a-9db1-8dbffdda00db@group-AD53B6DAE95C-FollowerState] INFO  impl.RoleInfo (RoleInfo.java:shutdownFollowerState(110)) - 35d8dfab-9865-4f4a-9db1-8dbffdda00db: shutdown 35d8dfab-9865-4f4a-9db1-8dbffdda00db@group-AD53B6DAE95C-FollowerState
2024-01-08 22:36:10,198 [35d8dfab-9865-4f4a-9db1-8dbffdda00db@group-AD53B6DAE95C-FollowerState] INFO  server.RaftServer$Division (RaftServerImpl.java:setRole(379)) - 35d8dfab-9865-4f4a-9db1-8dbffdda00db@group-AD53B6DAE95C: changes role from  FOLLOWER to CANDIDATE at term 0 for changeToCandidate
2024-01-08 22:36:10,198 [35d8dfab-9865-4f4a-9db1-8dbffdda00db@group-AD53B6DAE95C-FollowerState] INFO  server.RaftServerConfigKeys (ConfUtils.java:logGet(46)) - raft.server.leaderelection.pre-vote = true (default)
2024-01-08 22:36:10,198 [35d8dfab-9865-4f4a-9db1-8dbffdda00db@group-AD53B6DAE95C-FollowerState] INFO  impl.RoleInfo (RoleInfo.java:updateAndGet(139)) - 35d8dfab-9865-4f4a-9db1-8dbffdda00db: start 35d8dfab-9865-4f4a-9db1-8dbffdda00db@group-AD53B6DAE95C-LeaderElection20
2024-01-08 22:36:10,199 [35d8dfab-9865-4f4a-9db1-8dbffdda00db@group-AD53B6DAE95C-LeaderElection20] INFO  impl.LeaderElection (LeaderElection.java:askForVotes(323)) - 35d8dfab-9865-4f4a-9db1-8dbffdda00db@group-AD53B6DAE95C-LeaderElection20 PRE_VOTE round 0: submit vote requests at term 0 for -1: peers:[35d8dfab-9865-4f4a-9db1-8dbffdda00db|10.1.0.16:15130]|listeners:[], old=null
2024-01-08 22:36:10,199 [35d8dfab-9865-4f4a-9db1-8dbffdda00db@group-AD53B6DAE95C-LeaderElection20] INFO  impl.LeaderElection (LeaderElection.java:askForVotes(325)) - 35d8dfab-9865-4f4a-9db1-8dbffdda00db@group-AD53B6DAE95C-LeaderElection20 PRE_VOTE round 0: result PASSED (term=0)
2024-01-08 22:36:10,200 [35d8dfab-9865-4f4a-9db1-8dbffdda00db@group-AD53B6DAE95C-LeaderElection20] INFO  impl.LeaderElection (LeaderElection.java:askForVotes(323)) - 35d8dfab-9865-4f4a-9db1-8dbffdda00db@group-AD53B6DAE95C-LeaderElection20 ELECTION round 0: submit vote requests at term 1 for -1: peers:[35d8dfab-9865-4f4a-9db1-8dbffdda00db|10.1.0.16:15130]|listeners:[], old=null
2024-01-08 22:36:10,200 [35d8dfab-9865-4f4a-9db1-8dbffdda00db@group-AD53B6DAE95C-LeaderElection20] INFO  impl.LeaderElection (LeaderElection.java:askForVotes(325)) - 35d8dfab-9865-4f4a-9db1-8dbffdda00db@group-AD53B6DAE95C-LeaderElection20 ELECTION round 0: result PASSED (term=1)
2024-01-08 22:36:10,200 [35d8dfab-9865-4f4a-9db1-8dbffdda00db@group-AD53B6DAE95C-LeaderElection20] INFO  impl.RoleInfo (RoleInfo.java:shutdownLeaderElection(130)) - 35d8dfab-9865-4f4a-9db1-8dbffdda00db: shutdown 35d8dfab-9865-4f4a-9db1-8dbffdda00db@group-AD53B6DAE95C-LeaderElection20
2024-01-08 22:36:10,200 [35d8dfab-9865-4f4a-9db1-8dbffdda00db@group-AD53B6DAE95C-LeaderElection20] INFO  server.RaftServer$Division (RaftServerImpl.java:setRole(379)) - 35d8dfab-9865-4f4a-9db1-8dbffdda00db@group-AD53B6DAE95C: changes role from CANDIDATE to LEADER at term 1 for changeToLeader
2024-01-08 22:36:10,200 [35d8dfab-9865-4f4a-9db1-8dbffdda00db@group-AD53B6DAE95C-LeaderElection20] INFO  server.RaftServerConfigKeys (ConfUtils.java:logGet(46)) - raft.server.staging.catchup.gap = 1000 (default)
2024-01-08 22:36:10,201 [35d8dfab-9865-4f4a-9db1-8dbffdda00db@group-AD53B6DAE95C-LeaderElection20] INFO  server.RaftServerConfigKeys (ConfUtils.java:logGet(46)) - raft.server.write.element-limit = 1024 (custom)
2024-01-08 22:36:10,201 [35d8dfab-9865-4f4a-9db1-8dbffdda00db@group-AD53B6DAE95C-LeaderElection20] INFO  server.RaftServerConfigKeys (ConfUtils.java:logGet(46)) - raft.server.write.byte-limit = 1024 M (=1073741824) (custom)
2024-01-08 22:36:10,201 [35d8dfab-9865-4f4a-9db1-8dbffdda00db@group-AD53B6DAE95C-LeaderElection20] INFO  server.RaftServerConfigKeys (ConfUtils.java:logGet(46)) - raft.server.watch.timeout = 3000ms (custom)
2024-01-08 22:36:10,201 [35d8dfab-9865-4f4a-9db1-8dbffdda00db@group-AD53B6DAE95C-LeaderElection20] INFO  server.RaftServerConfigKeys (ConfUtils.java:logGet(46)) - raft.server.watch.timeout.denomination = 1s (default)
2024-01-08 22:36:10,201 [35d8dfab-9865-4f4a-9db1-8dbffdda00db@group-AD53B6DAE95C-LeaderElection20] INFO  server.RaftServerConfigKeys (ConfUtils.java:logGet(46)) - raft.server.watch.element-limit = 65536 (default)
2024-01-08 22:36:10,201 [35d8dfab-9865-4f4a-9db1-8dbffdda00db@group-AD53B6DAE95C-LeaderElection20] INFO  server.RaftServerConfigKeys (ConfUtils.java:logGet(46)) - raft.server.read.leader.lease.enabled = false (default)
2024-01-08 22:36:10,201 [35d8dfab-9865-4f4a-9db1-8dbffdda00db@group-AD53B6DAE95C-LeaderElection20] INFO  server.RaftServerConfigKeys (ConfUtils.java:logGet(46)) - raft.server.read.leader.lease.timeout.ratio = 0.9 (default)
2024-01-08 22:36:10,201 [35d8dfab-9865-4f4a-9db1-8dbffdda00db@group-AD53B6DAE95C-LeaderElection20] INFO  server.RaftServerConfigKeys (ConfUtils.java:logGet(46)) - raft.server.rpc.timeout.min = 5s (custom)
2024-01-08 22:36:10,201 [35d8dfab-9865-4f4a-9db1-8dbffdda00db@group-AD53B6DAE95C-LeaderElection20] INFO  server.RaftServerConfigKeys (ConfUtils.java:logGet(46)) - raft.server.write.element-limit = 1024 (custom)
2024-01-08 22:36:10,201 [35d8dfab-9865-4f4a-9db1-8dbffdda00db@group-AD53B6DAE95C-LeaderElection20] INFO  server.RaftServerConfigKeys (ConfUtils.java:logGet(46)) - raft.server.write.follower.gap.ratio.max = -1.0 (default)
2024-01-08 22:36:10,201 [35d8dfab-9865-4f4a-9db1-8dbffdda00db@group-AD53B6DAE95C-LeaderElection20] INFO  impl.RoleInfo (RoleInfo.java:updateAndGet(139)) - 35d8dfab-9865-4f4a-9db1-8dbffdda00db: start 35d8dfab-9865-4f4a-9db1-8dbffdda00db@group-AD53B6DAE95C-LeaderStateImpl
2024-01-08 22:36:10,201 [35d8dfab-9865-4f4a-9db1-8dbffdda00db@group-AD53B6DAE95C-LeaderElection20] INFO  server.RaftServer$Division (RaftServerImpl.java:setFirstElection(564)) - 35d8dfab-9865-4f4a-9db1-8dbffdda00db@group-AD53B6DAE95C: set firstElectionSinceStartup to false for becomeLeader
2024-01-08 22:36:10,202 [35d8dfab-9865-4f4a-9db1-8dbffdda00db@group-AD53B6DAE95C-LeaderElection20] INFO  ratis.XceiverServerRatis (XceiverServerRatis.java:handleLeaderChangedNotification(945)) - Leader change notification received for group: group-AD53B6DAE95C with new leaderId: 35d8dfab-9865-4f4a-9db1-8dbffdda00db
2024-01-08 22:36:10,202 [35d8dfab-9865-4f4a-9db1-8dbffdda00db@group-AD53B6DAE95C-LeaderElection20] INFO  server.RaftServer$Division (ServerState.java:setLeader(265)) - 35d8dfab-9865-4f4a-9db1-8dbffdda00db@group-AD53B6DAE95C: change Leader from null to 35d8dfab-9865-4f4a-9db1-8dbffdda00db at term 1 for becomeLeader, leader elected after 5203ms
2024-01-08 22:36:10,202 [35d8dfab-9865-4f4a-9db1-8dbffdda00db@group-AD53B6DAE95C-LeaderElection20] INFO  segmented.SegmentedRaftLogWorker (SegmentedRaftLogWorker.java:startLogSegment(428)) - 35d8dfab-9865-4f4a-9db1-8dbffdda00db@group-AD53B6DAE95C-SegmentedRaftLogWorker: Starting segment from index:0
2024-01-08 22:36:10,203 [35d8dfab-9865-4f4a-9db1-8dbffdda00db@group-AD53B6DAE95C-LeaderElection20] INFO  server.RaftServer$Division (ServerState.java:setRaftConf(382)) - 35d8dfab-9865-4f4a-9db1-8dbffdda00db@group-AD53B6DAE95C: set configuration 0: peers:[35d8dfab-9865-4f4a-9db1-8dbffdda00db|10.1.0.16:15130]|listeners:[], old=null
2024-01-08 22:36:10,206 [5d8f7830-f6d4-4ac5-95d9-573f6638b6da@group-9C533CFC459D-FollowerState] INFO  impl.FollowerState (FollowerState.java:run(143)) - 5d8f7830-f6d4-4ac5-95d9-573f6638b6da@group-9C533CFC459D-FollowerState: change to CANDIDATE, lastRpcElapsedTime:5146401351ns, electionTimeout:5146ms
2024-01-08 22:36:10,206 [5d8f7830-f6d4-4ac5-95d9-573f6638b6da@group-9C533CFC459D-FollowerState] INFO  impl.RoleInfo (RoleInfo.java:shutdownFollowerState(110)) - 5d8f7830-f6d4-4ac5-95d9-573f6638b6da: shutdown 5d8f7830-f6d4-4ac5-95d9-573f6638b6da@group-9C533CFC459D-FollowerState
2024-01-08 22:36:10,206 [5d8f7830-f6d4-4ac5-95d9-573f6638b6da@group-9C533CFC459D-FollowerState] INFO  server.RaftServer$Division (RaftServerImpl.java:setRole(379)) - 5d8f7830-f6d4-4ac5-95d9-573f6638b6da@group-9C533CFC459D: changes role from  FOLLOWER to CANDIDATE at term 0 for changeToCandidate
2024-01-08 22:36:10,206 [5d8f7830-f6d4-4ac5-95d9-573f6638b6da@group-9C533CFC459D-FollowerState] INFO  server.RaftServerConfigKeys (ConfUtils.java:logGet(46)) - raft.server.leaderelection.pre-vote = true (default)
2024-01-08 22:36:10,207 [5d8f7830-f6d4-4ac5-95d9-573f6638b6da@group-9C533CFC459D-FollowerState] INFO  impl.RoleInfo (RoleInfo.java:updateAndGet(139)) - 5d8f7830-f6d4-4ac5-95d9-573f6638b6da: start 5d8f7830-f6d4-4ac5-95d9-573f6638b6da@group-9C533CFC459D-LeaderElection21
2024-01-08 22:36:10,208 [5d8f7830-f6d4-4ac5-95d9-573f6638b6da@group-9C533CFC459D-LeaderElection21] INFO  impl.LeaderElection (LeaderElection.java:askForVotes(323)) - 5d8f7830-f6d4-4ac5-95d9-573f6638b6da@group-9C533CFC459D-LeaderElection21 PRE_VOTE round 0: submit vote requests at term 0 for -1: peers:[cd56667c-d7fb-411e-a881-3bd7f4030648|10.1.0.16:15139, 35d8dfab-9865-4f4a-9db1-8dbffdda00db|10.1.0.16:15130, 5d8f7830-f6d4-4ac5-95d9-573f6638b6da|10.1.0.16:15148]|listeners:[], old=null
2024-01-08 22:36:10,208 [5d8f7830-f6d4-4ac5-95d9-573f6638b6da@group-9C533CFC459D-LeaderElection21-1] INFO  server.GrpcServerProtocolClient (GrpcServerProtocolClient.java:<init>(65)) - Build channel for cd56667c-d7fb-411e-a881-3bd7f4030648
2024-01-08 22:36:10,209 [35d8dfab-9865-4f4a-9db1-8dbffdda00db@group-AD53B6DAE95C-SegmentedRaftLogWorker] INFO  segmented.SegmentedRaftLogWorker (SegmentedRaftLogWorker.java:execute(632)) - 35d8dfab-9865-4f4a-9db1-8dbffdda00db@group-AD53B6DAE95C-SegmentedRaftLogWorker: created new log segment /home/runner/work/ozone/ozone/hadoop-ozone/integration-test/target/test-dir/MiniOzoneClusterImpl-25d1905f-b767-404d-84bf-be0dd4c89112/datanode-3/data/ratis/8bdbc08c-2786-41ee-b58c-ad53b6dae95c/current/log_inprogress_0
2024-01-08 22:36:10,210 [5d8f7830-f6d4-4ac5-95d9-573f6638b6da@group-9C533CFC459D-LeaderElection21] INFO  server.RaftServerConfigKeys (ConfUtils.java:logFallback(53)) - raft.server.rpc.first-election.timeout.min = 5s (fallback to raft.server.rpc.timeout.min)
2024-01-08 22:36:10,211 [5d8f7830-f6d4-4ac5-95d9-573f6638b6da@group-9C533CFC459D-LeaderElection21] INFO  server.RaftServerConfigKeys (ConfUtils.java:logFallback(53)) - raft.server.rpc.first-election.timeout.max = 5200ms (fallback to raft.server.rpc.timeout.max)
2024-01-08 22:36:10,211 [5d8f7830-f6d4-4ac5-95d9-573f6638b6da@group-9C533CFC459D-LeaderElection21-2] INFO  server.GrpcServerProtocolClient (GrpcServerProtocolClient.java:<init>(65)) - Build channel for 35d8dfab-9865-4f4a-9db1-8dbffdda00db
2024-01-08 22:36:10,213 [cd56667c-d7fb-411e-a881-3bd7f4030648@group-173761989789-FollowerState] INFO  impl.FollowerState (FollowerState.java:run(143)) - cd56667c-d7fb-411e-a881-3bd7f4030648@group-173761989789-FollowerState: change to CANDIDATE, lastRpcElapsedTime:5113231377ns, electionTimeout:5112ms
2024-01-08 22:36:10,213 [cd56667c-d7fb-411e-a881-3bd7f4030648@group-173761989789-FollowerState] INFO  impl.RoleInfo (RoleInfo.java:shutdownFollowerState(110)) - cd56667c-d7fb-411e-a881-3bd7f4030648: shutdown cd56667c-d7fb-411e-a881-3bd7f4030648@group-173761989789-FollowerState
2024-01-08 22:36:10,213 [cd56667c-d7fb-411e-a881-3bd7f4030648@group-173761989789-FollowerState] INFO  server.RaftServer$Division (RaftServerImpl.java:setRole(379)) - cd56667c-d7fb-411e-a881-3bd7f4030648@group-173761989789: changes role from  FOLLOWER to CANDIDATE at term 0 for changeToCandidate
2024-01-08 22:36:10,213 [cd56667c-d7fb-411e-a881-3bd7f4030648@group-173761989789-FollowerState] INFO  server.RaftServerConfigKeys (ConfUtils.java:logGet(46)) - raft.server.leaderelection.pre-vote = true (default)
2024-01-08 22:36:10,213 [cd56667c-d7fb-411e-a881-3bd7f4030648@group-173761989789-FollowerState] INFO  impl.RoleInfo (RoleInfo.java:updateAndGet(139)) - cd56667c-d7fb-411e-a881-3bd7f4030648: start cd56667c-d7fb-411e-a881-3bd7f4030648@group-173761989789-LeaderElection22
2024-01-08 22:36:10,214 [35d8dfab-9865-4f4a-9db1-8dbffdda00db@group-AD53B6DAE95C-StateMachineUpdater] INFO  server.RaftServer$Division (LeaderStateImpl.java:isApplied(316)) - leader is ready since appliedIndex == 0 >= startIndex == 0
2024-01-08 22:36:10,217 [grpc-default-executor-3] INFO  server.RaftServer$Division (RaftServerImpl.java:requestVote(1377)) - cd56667c-d7fb-411e-a881-3bd7f4030648@group-9C533CFC459D: receive requestVote(PRE_VOTE, 5d8f7830-f6d4-4ac5-95d9-573f6638b6da, group-9C533CFC459D, 0, (t:0, i:0))
2024-01-08 22:36:10,217 [grpc-default-executor-3] INFO  impl.VoteContext (VoteContext.java:log(49)) - cd56667c-d7fb-411e-a881-3bd7f4030648@group-9C533CFC459D-FOLLOWER: reject PRE_VOTE from 5d8f7830-f6d4-4ac5-95d9-573f6638b6da: our priority 1 > candidate's priority 0
2024-01-08 22:36:10,217 [grpc-default-executor-3] INFO  server.RaftServer$Division (RaftServerImpl.java:requestVote(1410)) - cd56667c-d7fb-411e-a881-3bd7f4030648@group-9C533CFC459D replies to PRE_VOTE vote request: 5d8f7830-f6d4-4ac5-95d9-573f6638b6da<-cd56667c-d7fb-411e-a881-3bd7f4030648#0:FAIL-t0. Peer's state: cd56667c-d7fb-411e-a881-3bd7f4030648@group-9C533CFC459D:t0, leader=null, voted=, raftlog=Memoized:cd56667c-d7fb-411e-a881-3bd7f4030648@group-9C533CFC459D-SegmentedRaftLog:OPENED:c-1, conf=-1: peers:[cd56667c-d7fb-411e-a881-3bd7f4030648|10.1.0.16:15139, 35d8dfab-9865-4f4a-9db1-8dbffdda00db|10.1.0.16:15130, 5d8f7830-f6d4-4ac5-95d9-573f6638b6da|10.1.0.16:15148]|listeners:[], old=null
2024-01-08 22:36:10,218 [grpc-default-executor-4] INFO  server.RaftServer$Division (RaftServerImpl.java:requestVote(1377)) - 35d8dfab-9865-4f4a-9db1-8dbffdda00db@group-9C533CFC459D: receive requestVote(PRE_VOTE, 5d8f7830-f6d4-4ac5-95d9-573f6638b6da, group-9C533CFC459D, 0, (t:0, i:0))
2024-01-08 22:36:10,218 [grpc-default-executor-4] INFO  impl.VoteContext (VoteContext.java:log(49)) - 35d8dfab-9865-4f4a-9db1-8dbffdda00db@group-9C533CFC459D-FOLLOWER: accept PRE_VOTE from 5d8f7830-f6d4-4ac5-95d9-573f6638b6da: our priority 0 <= candidate's priority 0
2024-01-08 22:36:10,218 [grpc-default-executor-4] INFO  server.RaftServer$Division (RaftServerImpl.java:requestVote(1410)) - 35d8dfab-9865-4f4a-9db1-8dbffdda00db@group-9C533CFC459D replies to PRE_VOTE vote request: 5d8f7830-f6d4-4ac5-95d9-573f6638b6da<-35d8dfab-9865-4f4a-9db1-8dbffdda00db#0:OK-t0. Peer's state: 35d8dfab-9865-4f4a-9db1-8dbffdda00db@group-9C533CFC459D:t0, leader=null, voted=, raftlog=Memoized:35d8dfab-9865-4f4a-9db1-8dbffdda00db@group-9C533CFC459D-SegmentedRaftLog:OPENED:c-1, conf=-1: peers:[cd56667c-d7fb-411e-a881-3bd7f4030648|10.1.0.16:15139, 35d8dfab-9865-4f4a-9db1-8dbffdda00db|10.1.0.16:15130, 5d8f7830-f6d4-4ac5-95d9-573f6638b6da|10.1.0.16:15148]|listeners:[], old=null
2024-01-08 22:36:10,220 [5d8f7830-f6d4-4ac5-95d9-573f6638b6da@group-9C533CFC459D-LeaderElection21] INFO  impl.LeaderElection (LeaderElection.java:logAndReturn(89)) - 5d8f7830-f6d4-4ac5-95d9-573f6638b6da@group-9C533CFC459D-LeaderElection21: PRE_VOTE REJECTED received 1 response(s) and 0 exception(s):
2024-01-08 22:36:10,220 [cd56667c-d7fb-411e-a881-3bd7f4030648@group-173761989789-LeaderElection22] INFO  impl.LeaderElection (LeaderElection.java:askForVotes(323)) - cd56667c-d7fb-411e-a881-3bd7f4030648@group-173761989789-LeaderElection22 PRE_VOTE round 0: submit vote requests at term 0 for -1: peers:[cd56667c-d7fb-411e-a881-3bd7f4030648|10.1.0.16:15139]|listeners:[], old=null
2024-01-08 22:36:10,220 [5d8f7830-f6d4-4ac5-95d9-573f6638b6da@group-9C533CFC459D-LeaderElection21] INFO  impl.LeaderElection (LeaderElection.java:logAndReturn(93)) -   Response 0: 5d8f7830-f6d4-4ac5-95d9-573f6638b6da<-cd56667c-d7fb-411e-a881-3bd7f4030648#0:FAIL-t0
2024-01-08 22:36:10,220 [5d8f7830-f6d4-4ac5-95d9-573f6638b6da@group-9C533CFC459D-LeaderElection21] INFO  impl.LeaderElection (LeaderElection.java:askForVotes(325)) - 5d8f7830-f6d4-4ac5-95d9-573f6638b6da@group-9C533CFC459D-LeaderElection21 PRE_VOTE round 0: result REJECTED
2024-01-08 22:36:10,220 [5d8f7830-f6d4-4ac5-95d9-573f6638b6da@group-9C533CFC459D-LeaderElection21] INFO  server.RaftServer$Division (RaftServerImpl.java:setRole(379)) - 5d8f7830-f6d4-4ac5-95d9-573f6638b6da@group-9C533CFC459D: changes role from CANDIDATE to FOLLOWER at term 0 for REJECTED
2024-01-08 22:36:10,220 [5d8f7830-f6d4-4ac5-95d9-573f6638b6da@group-9C533CFC459D-LeaderElection21] INFO  impl.RoleInfo (RoleInfo.java:shutdownLeaderElection(130)) - 5d8f7830-f6d4-4ac5-95d9-573f6638b6da: shutdown 5d8f7830-f6d4-4ac5-95d9-573f6638b6da@group-9C533CFC459D-LeaderElection21
2024-01-08 22:36:10,220 [5d8f7830-f6d4-4ac5-95d9-573f6638b6da@group-9C533CFC459D-LeaderElection21] INFO  impl.RoleInfo (RoleInfo.java:updateAndGet(139)) - 5d8f7830-f6d4-4ac5-95d9-573f6638b6da: start 5d8f7830-f6d4-4ac5-95d9-573f6638b6da@group-9C533CFC459D-FollowerState
2024-01-08 22:36:10,220 [cd56667c-d7fb-411e-a881-3bd7f4030648@group-173761989789-LeaderElection22] INFO  impl.LeaderElection (LeaderElection.java:askForVotes(325)) - cd56667c-d7fb-411e-a881-3bd7f4030648@group-173761989789-LeaderElection22 PRE_VOTE round 0: result PASSED (term=0)
2024-01-08 22:36:10,221 [5d8f7830-f6d4-4ac5-95d9-573f6638b6da@group-9C533CFC459D-LeaderElection21] INFO  server.RaftServer$Division (RaftServerImpl.java:setFirstElection(564)) - 5d8f7830-f6d4-4ac5-95d9-573f6638b6da@group-9C533CFC459D: set firstElectionSinceStartup to false for REJECTED
2024-01-08 22:36:10,221 [cd56667c-d7fb-411e-a881-3bd7f4030648@group-173761989789-LeaderElection22] INFO  impl.LeaderElection (LeaderElection.java:askForVotes(323)) - cd56667c-d7fb-411e-a881-3bd7f4030648@group-173761989789-LeaderElection22 ELECTION round 0: submit vote requests at term 1 for -1: peers:[cd56667c-d7fb-411e-a881-3bd7f4030648|10.1.0.16:15139]|listeners:[], old=null
2024-01-08 22:36:10,221 [cd56667c-d7fb-411e-a881-3bd7f4030648@group-173761989789-LeaderElection22] INFO  impl.LeaderElection (LeaderElection.java:askForVotes(325)) - cd56667c-d7fb-411e-a881-3bd7f4030648@group-173761989789-LeaderElection22 ELECTION round 0: result PASSED (term=1)
2024-01-08 22:36:10,221 [cd56667c-d7fb-411e-a881-3bd7f4030648@group-173761989789-LeaderElection22] INFO  impl.RoleInfo (RoleInfo.java:shutdownLeaderElection(130)) - cd56667c-d7fb-411e-a881-3bd7f4030648: shutdown cd56667c-d7fb-411e-a881-3bd7f4030648@group-173761989789-LeaderElection22
2024-01-08 22:36:10,221 [cd56667c-d7fb-411e-a881-3bd7f4030648@group-173761989789-LeaderElection22] INFO  server.RaftServer$Division (RaftServerImpl.java:setRole(379)) - cd56667c-d7fb-411e-a881-3bd7f4030648@group-173761989789: changes role from CANDIDATE to LEADER at term 1 for changeToLeader
2024-01-08 22:36:10,222 [cd56667c-d7fb-411e-a881-3bd7f4030648@group-173761989789-LeaderElection22] INFO  server.RaftServerConfigKeys (ConfUtils.java:logGet(46)) - raft.server.staging.catchup.gap = 1000 (default)
2024-01-08 22:36:10,222 [cd56667c-d7fb-411e-a881-3bd7f4030648@group-173761989789-LeaderElection22] INFO  server.RaftServerConfigKeys (ConfUtils.java:logGet(46)) - raft.server.write.element-limit = 1024 (custom)
2024-01-08 22:36:10,222 [cd56667c-d7fb-411e-a881-3bd7f4030648@group-173761989789-LeaderElection22] INFO  server.RaftServerConfigKeys (ConfUtils.java:logGet(46)) - raft.server.write.byte-limit = 1024 M (=1073741824) (custom)
2024-01-08 22:36:10,222 [cd56667c-d7fb-411e-a881-3bd7f4030648@group-173761989789-LeaderElection22] INFO  server.RaftServerConfigKeys (ConfUtils.java:logGet(46)) - raft.server.watch.timeout = 3000ms (custom)
2024-01-08 22:36:10,222 [cd56667c-d7fb-411e-a881-3bd7f4030648@group-173761989789-LeaderElection22] INFO  server.RaftServerConfigKeys (ConfUtils.java:logGet(46)) - raft.server.watch.timeout.denomination = 1s (default)
2024-01-08 22:36:10,222 [cd56667c-d7fb-411e-a881-3bd7f4030648@group-173761989789-LeaderElection22] INFO  server.RaftServerConfigKeys (ConfUtils.java:logGet(46)) - raft.server.watch.element-limit = 65536 (default)
2024-01-08 22:36:10,222 [cd56667c-d7fb-411e-a881-3bd7f4030648@group-173761989789-LeaderElection22] INFO  server.RaftServerConfigKeys (ConfUtils.java:logGet(46)) - raft.server.read.leader.lease.enabled = false (default)
2024-01-08 22:36:10,222 [cd56667c-d7fb-411e-a881-3bd7f4030648@group-173761989789-LeaderElection22] INFO  server.RaftServerConfigKeys (ConfUtils.java:logGet(46)) - raft.server.read.leader.lease.timeout.ratio = 0.9 (default)
2024-01-08 22:36:10,222 [cd56667c-d7fb-411e-a881-3bd7f4030648@group-173761989789-LeaderElection22] INFO  server.RaftServerConfigKeys (ConfUtils.java:logGet(46)) - raft.server.rpc.timeout.min = 5s (custom)
2024-01-08 22:36:10,222 [cd56667c-d7fb-411e-a881-3bd7f4030648@group-173761989789-LeaderElection22] INFO  server.RaftServerConfigKeys (ConfUtils.java:logGet(46)) - raft.server.write.element-limit = 1024 (custom)
2024-01-08 22:36:10,222 [cd56667c-d7fb-411e-a881-3bd7f4030648@group-173761989789-LeaderElection22] INFO  server.RaftServerConfigKeys (ConfUtils.java:logGet(46)) - raft.server.write.follower.gap.ratio.max = -1.0 (default)
2024-01-08 22:36:10,223 [cd56667c-d7fb-411e-a881-3bd7f4030648@group-173761989789-LeaderElection22] INFO  impl.RoleInfo (RoleInfo.java:updateAndGet(139)) - cd56667c-d7fb-411e-a881-3bd7f4030648: start cd56667c-d7fb-411e-a881-3bd7f4030648@group-173761989789-LeaderStateImpl
2024-01-08 22:36:10,223 [cd56667c-d7fb-411e-a881-3bd7f4030648@group-173761989789-LeaderElection22] INFO  server.RaftServer$Division (RaftServerImpl.java:setFirstElection(564)) - cd56667c-d7fb-411e-a881-3bd7f4030648@group-173761989789: set firstElectionSinceStartup to false for becomeLeader
2024-01-08 22:36:10,223 [cd56667c-d7fb-411e-a881-3bd7f4030648@group-173761989789-LeaderElection22] INFO  ratis.XceiverServerRatis (XceiverServerRatis.java:handleLeaderChangedNotification(945)) - Leader change notification received for group: group-173761989789 with new leaderId: cd56667c-d7fb-411e-a881-3bd7f4030648
2024-01-08 22:36:10,223 [cd56667c-d7fb-411e-a881-3bd7f4030648@group-173761989789-LeaderElection22] INFO  server.RaftServer$Division (ServerState.java:setLeader(265)) - cd56667c-d7fb-411e-a881-3bd7f4030648@group-173761989789: change Leader from null to cd56667c-d7fb-411e-a881-3bd7f4030648 at term 1 for becomeLeader, leader elected after 5133ms
2024-01-08 22:36:10,223 [cd56667c-d7fb-411e-a881-3bd7f4030648@group-173761989789-LeaderElection22] INFO  segmented.SegmentedRaftLogWorker (SegmentedRaftLogWorker.java:startLogSegment(428)) - cd56667c-d7fb-411e-a881-3bd7f4030648@group-173761989789-SegmentedRaftLogWorker: Starting segment from index:0
2024-01-08 22:36:10,224 [cd56667c-d7fb-411e-a881-3bd7f4030648@group-173761989789-LeaderElection22] INFO  server.RaftServer$Division (ServerState.java:setRaftConf(382)) - cd56667c-d7fb-411e-a881-3bd7f4030648@group-173761989789: set configuration 0: peers:[cd56667c-d7fb-411e-a881-3bd7f4030648|10.1.0.16:15139]|listeners:[], old=null
2024-01-08 22:36:10,230 [35d8dfab-9865-4f4a-9db1-8dbffdda00db@group-9C533CFC459D-FollowerState] INFO  server.RaftServerConfigKeys (ConfUtils.java:logFallback(53)) - raft.server.rpc.first-election.timeout.min = 5s (fallback to raft.server.rpc.timeout.min)
2024-01-08 22:36:10,230 [35d8dfab-9865-4f4a-9db1-8dbffdda00db@group-9C533CFC459D-FollowerState] INFO  server.RaftServerConfigKeys (ConfUtils.java:logFallback(53)) - raft.server.rpc.first-election.timeout.max = 5200ms (fallback to raft.server.rpc.timeout.max)
2024-01-08 22:36:10,235 [cd56667c-d7fb-411e-a881-3bd7f4030648@group-173761989789-SegmentedRaftLogWorker] INFO  segmented.SegmentedRaftLogWorker (SegmentedRaftLogWorker.java:execute(632)) - cd56667c-d7fb-411e-a881-3bd7f4030648@group-173761989789-SegmentedRaftLogWorker: created new log segment /home/runner/work/ozone/ozone/hadoop-ozone/integration-test/target/test-dir/MiniOzoneClusterImpl-25d1905f-b767-404d-84bf-be0dd4c89112/datanode-4/data/ratis/acf35ee3-b790-40fa-9ee8-173761989789/current/log_inprogress_0
2024-01-08 22:36:10,236 [cd56667c-d7fb-411e-a881-3bd7f4030648@group-173761989789-StateMachineUpdater] INFO  server.RaftServer$Division (LeaderStateImpl.java:isApplied(316)) - leader is ready since appliedIndex == 0 >= startIndex == 0
2024-01-08 22:36:10,240 [cd56667c-d7fb-411e-a881-3bd7f4030648@group-9C533CFC459D-FollowerState] INFO  impl.FollowerState (FollowerState.java:run(143)) - cd56667c-d7fb-411e-a881-3bd7f4030648@group-9C533CFC459D-FollowerState: change to CANDIDATE, lastRpcElapsedTime:5155897756ns, electionTimeout:5155ms
2024-01-08 22:36:10,240 [cd56667c-d7fb-411e-a881-3bd7f4030648@group-9C533CFC459D-FollowerState] INFO  impl.RoleInfo (RoleInfo.java:shutdownFollowerState(110)) - cd56667c-d7fb-411e-a881-3bd7f4030648: shutdown cd56667c-d7fb-411e-a881-3bd7f4030648@group-9C533CFC459D-FollowerState
2024-01-08 22:36:10,240 [cd56667c-d7fb-411e-a881-3bd7f4030648@group-9C533CFC459D-FollowerState] INFO  server.RaftServer$Division (RaftServerImpl.java:setRole(379)) - cd56667c-d7fb-411e-a881-3bd7f4030648@group-9C533CFC459D: changes role from  FOLLOWER to CANDIDATE at term 0 for changeToCandidate
2024-01-08 22:36:10,240 [cd56667c-d7fb-411e-a881-3bd7f4030648@group-9C533CFC459D-FollowerState] INFO  server.RaftServerConfigKeys (ConfUtils.java:logGet(46)) - raft.server.leaderelection.pre-vote = true (default)
2024-01-08 22:36:10,240 [cd56667c-d7fb-411e-a881-3bd7f4030648@group-9C533CFC459D-FollowerState] INFO  impl.RoleInfo (RoleInfo.java:updateAndGet(139)) - cd56667c-d7fb-411e-a881-3bd7f4030648: start cd56667c-d7fb-411e-a881-3bd7f4030648@group-9C533CFC459D-LeaderElection23
2024-01-08 22:36:10,241 [cd56667c-d7fb-411e-a881-3bd7f4030648@group-9C533CFC459D-LeaderElection23] INFO  impl.LeaderElection (LeaderElection.java:askForVotes(323)) - cd56667c-d7fb-411e-a881-3bd7f4030648@group-9C533CFC459D-LeaderElection23 PRE_VOTE round 0: submit vote requests at term 0 for -1: peers:[cd56667c-d7fb-411e-a881-3bd7f4030648|10.1.0.16:15139, 35d8dfab-9865-4f4a-9db1-8dbffdda00db|10.1.0.16:15130, 5d8f7830-f6d4-4ac5-95d9-573f6638b6da|10.1.0.16:15148]|listeners:[], old=null
2024-01-08 22:36:10,241 [cd56667c-d7fb-411e-a881-3bd7f4030648@group-9C533CFC459D-LeaderElection23-1] INFO  server.GrpcServerProtocolClient (GrpcServerProtocolClient.java:<init>(65)) - Build channel for 35d8dfab-9865-4f4a-9db1-8dbffdda00db
2024-01-08 22:36:10,241 [cd56667c-d7fb-411e-a881-3bd7f4030648@group-9C533CFC459D-LeaderElection23] INFO  server.RaftServerConfigKeys (ConfUtils.java:logFallback(53)) - raft.server.rpc.first-election.timeout.min = 5s (fallback to raft.server.rpc.timeout.min)
2024-01-08 22:36:10,241 [cd56667c-d7fb-411e-a881-3bd7f4030648@group-9C533CFC459D-LeaderElection23] INFO  server.RaftServerConfigKeys (ConfUtils.java:logFallback(53)) - raft.server.rpc.first-election.timeout.max = 5200ms (fallback to raft.server.rpc.timeout.max)
2024-01-08 22:36:10,241 [cd56667c-d7fb-411e-a881-3bd7f4030648@group-9C533CFC459D-LeaderElection23-2] INFO  server.GrpcServerProtocolClient (GrpcServerProtocolClient.java:<init>(65)) - Build channel for 5d8f7830-f6d4-4ac5-95d9-573f6638b6da
2024-01-08 22:36:10,248 [grpc-default-executor-4] INFO  server.RaftServer$Division (RaftServerImpl.java:requestVote(1377)) - 5d8f7830-f6d4-4ac5-95d9-573f6638b6da@group-9C533CFC459D: receive requestVote(PRE_VOTE, cd56667c-d7fb-411e-a881-3bd7f4030648, group-9C533CFC459D, 0, (t:0, i:0))
2024-01-08 22:36:10,248 [grpc-default-executor-4] INFO  impl.VoteContext (VoteContext.java:log(49)) - 5d8f7830-f6d4-4ac5-95d9-573f6638b6da@group-9C533CFC459D-FOLLOWER: accept PRE_VOTE from cd56667c-d7fb-411e-a881-3bd7f4030648: our priority 0 <= candidate's priority 1
2024-01-08 22:36:10,248 [grpc-default-executor-4] INFO  server.RaftServer$Division (RaftServerImpl.java:requestVote(1410)) - 5d8f7830-f6d4-4ac5-95d9-573f6638b6da@group-9C533CFC459D replies to PRE_VOTE vote request: cd56667c-d7fb-411e-a881-3bd7f4030648<-5d8f7830-f6d4-4ac5-95d9-573f6638b6da#0:OK-t0. Peer's state: 5d8f7830-f6d4-4ac5-95d9-573f6638b6da@group-9C533CFC459D:t0, leader=null, voted=, raftlog=Memoized:5d8f7830-f6d4-4ac5-95d9-573f6638b6da@group-9C533CFC459D-SegmentedRaftLog:OPENED:c-1, conf=-1: peers:[cd56667c-d7fb-411e-a881-3bd7f4030648|10.1.0.16:15139, 35d8dfab-9865-4f4a-9db1-8dbffdda00db|10.1.0.16:15130, 5d8f7830-f6d4-4ac5-95d9-573f6638b6da|10.1.0.16:15148]|listeners:[], old=null
2024-01-08 22:36:10,249 [grpc-default-executor-4] INFO  server.RaftServer$Division (RaftServerImpl.java:requestVote(1377)) - 35d8dfab-9865-4f4a-9db1-8dbffdda00db@group-9C533CFC459D: receive requestVote(PRE_VOTE, cd56667c-d7fb-411e-a881-3bd7f4030648, group-9C533CFC459D, 0, (t:0, i:0))
2024-01-08 22:36:10,250 [grpc-default-executor-4] INFO  impl.VoteContext (VoteContext.java:log(49)) - 35d8dfab-9865-4f4a-9db1-8dbffdda00db@group-9C533CFC459D-FOLLOWER: accept PRE_VOTE from cd56667c-d7fb-411e-a881-3bd7f4030648: our priority 0 <= candidate's priority 1
2024-01-08 22:36:10,250 [grpc-default-executor-4] INFO  server.RaftServer$Division (RaftServerImpl.java:requestVote(1410)) - 35d8dfab-9865-4f4a-9db1-8dbffdda00db@group-9C533CFC459D replies to PRE_VOTE vote request: cd56667c-d7fb-411e-a881-3bd7f4030648<-35d8dfab-9865-4f4a-9db1-8dbffdda00db#0:OK-t0. Peer's state: 35d8dfab-9865-4f4a-9db1-8dbffdda00db@group-9C533CFC459D:t0, leader=null, voted=, raftlog=Memoized:35d8dfab-9865-4f4a-9db1-8dbffdda00db@group-9C533CFC459D-SegmentedRaftLog:OPENED:c-1, conf=-1: peers:[cd56667c-d7fb-411e-a881-3bd7f4030648|10.1.0.16:15139, 35d8dfab-9865-4f4a-9db1-8dbffdda00db|10.1.0.16:15130, 5d8f7830-f6d4-4ac5-95d9-573f6638b6da|10.1.0.16:15148]|listeners:[], old=null
2024-01-08 22:36:10,250 [cd56667c-d7fb-411e-a881-3bd7f4030648@group-9C533CFC459D-LeaderElection23] INFO  impl.LeaderElection (LeaderElection.java:logAndReturn(89)) - cd56667c-d7fb-411e-a881-3bd7f4030648@group-9C533CFC459D-LeaderElection23: PRE_VOTE PASSED received 1 response(s) and 0 exception(s):
2024-01-08 22:36:10,250 [cd56667c-d7fb-411e-a881-3bd7f4030648@group-9C533CFC459D-LeaderElection23] INFO  impl.LeaderElection (LeaderElection.java:logAndReturn(93)) -   Response 0: cd56667c-d7fb-411e-a881-3bd7f4030648<-5d8f7830-f6d4-4ac5-95d9-573f6638b6da#0:OK-t0
2024-01-08 22:36:10,250 [cd56667c-d7fb-411e-a881-3bd7f4030648@group-9C533CFC459D-LeaderElection23] INFO  impl.LeaderElection (LeaderElection.java:askForVotes(325)) - cd56667c-d7fb-411e-a881-3bd7f4030648@group-9C533CFC459D-LeaderElection23 PRE_VOTE round 0: result PASSED
2024-01-08 22:36:10,252 [cd56667c-d7fb-411e-a881-3bd7f4030648@group-9C533CFC459D-LeaderElection23] INFO  impl.LeaderElection (LeaderElection.java:askForVotes(323)) - cd56667c-d7fb-411e-a881-3bd7f4030648@group-9C533CFC459D-LeaderElection23 ELECTION round 0: submit vote requests at term 1 for -1: peers:[cd56667c-d7fb-411e-a881-3bd7f4030648|10.1.0.16:15139, 35d8dfab-9865-4f4a-9db1-8dbffdda00db|10.1.0.16:15130, 5d8f7830-f6d4-4ac5-95d9-573f6638b6da|10.1.0.16:15148]|listeners:[], old=null
2024-01-08 22:36:10,252 [cd56667c-d7fb-411e-a881-3bd7f4030648@group-9C533CFC459D-LeaderElection23] INFO  server.RaftServerConfigKeys (ConfUtils.java:logFallback(53)) - raft.server.rpc.first-election.timeout.min = 5s (fallback to raft.server.rpc.timeout.min)
2024-01-08 22:36:10,252 [cd56667c-d7fb-411e-a881-3bd7f4030648@group-9C533CFC459D-LeaderElection23] INFO  server.RaftServerConfigKeys (ConfUtils.java:logFallback(53)) - raft.server.rpc.first-election.timeout.max = 5200ms (fallback to raft.server.rpc.timeout.max)
2024-01-08 22:36:10,253 [grpc-default-executor-4] INFO  server.RaftServer$Division (RaftServerImpl.java:requestVote(1377)) - 5d8f7830-f6d4-4ac5-95d9-573f6638b6da@group-9C533CFC459D: receive requestVote(ELECTION, cd56667c-d7fb-411e-a881-3bd7f4030648, group-9C533CFC459D, 1, (t:0, i:0))
2024-01-08 22:36:10,253 [grpc-default-executor-3] INFO  server.RaftServer$Division (RaftServerImpl.java:requestVote(1377)) - 35d8dfab-9865-4f4a-9db1-8dbffdda00db@group-9C533CFC459D: receive requestVote(ELECTION, cd56667c-d7fb-411e-a881-3bd7f4030648, group-9C533CFC459D, 1, (t:0, i:0))
2024-01-08 22:36:10,253 [grpc-default-executor-3] INFO  impl.VoteContext (VoteContext.java:log(49)) - 35d8dfab-9865-4f4a-9db1-8dbffdda00db@group-9C533CFC459D-FOLLOWER: accept ELECTION from cd56667c-d7fb-411e-a881-3bd7f4030648: our priority 0 <= candidate's priority 1
2024-01-08 22:36:10,253 [grpc-default-executor-3] INFO  server.RaftServer$Division (RaftServerImpl.java:setRole(379)) - 35d8dfab-9865-4f4a-9db1-8dbffdda00db@group-9C533CFC459D: changes role from  FOLLOWER to FOLLOWER at term 1 for candidate:cd56667c-d7fb-411e-a881-3bd7f4030648
2024-01-08 22:36:10,253 [grpc-default-executor-3] INFO  impl.RoleInfo (RoleInfo.java:shutdownFollowerState(110)) - 35d8dfab-9865-4f4a-9db1-8dbffdda00db: shutdown 35d8dfab-9865-4f4a-9db1-8dbffdda00db@group-9C533CFC459D-FollowerState
2024-01-08 22:36:10,253 [grpc-default-executor-3] INFO  impl.RoleInfo (RoleInfo.java:updateAndGet(139)) - 35d8dfab-9865-4f4a-9db1-8dbffdda00db: start 35d8dfab-9865-4f4a-9db1-8dbffdda00db@group-9C533CFC459D-FollowerState
2024-01-08 22:36:10,253 [35d8dfab-9865-4f4a-9db1-8dbffdda00db@group-9C533CFC459D-FollowerState] INFO  impl.FollowerState (FollowerState.java:run(152)) - 35d8dfab-9865-4f4a-9db1-8dbffdda00db@group-9C533CFC459D-FollowerState was interrupted
2024-01-08 22:36:10,254 [grpc-default-executor-3] INFO  server.RaftServer$Division (RaftServerImpl.java:setFirstElection(564)) - 35d8dfab-9865-4f4a-9db1-8dbffdda00db@group-9C533CFC459D: set firstElectionSinceStartup to false for candidate:cd56667c-d7fb-411e-a881-3bd7f4030648
2024-01-08 22:36:10,255 [grpc-default-executor-3] INFO  server.RaftServer$Division (RaftServerImpl.java:requestVote(1410)) - 35d8dfab-9865-4f4a-9db1-8dbffdda00db@group-9C533CFC459D replies to ELECTION vote request: cd56667c-d7fb-411e-a881-3bd7f4030648<-35d8dfab-9865-4f4a-9db1-8dbffdda00db#0:OK-t1. Peer's state: 35d8dfab-9865-4f4a-9db1-8dbffdda00db@group-9C533CFC459D:t1, leader=null, voted=cd56667c-d7fb-411e-a881-3bd7f4030648, raftlog=Memoized:35d8dfab-9865-4f4a-9db1-8dbffdda00db@group-9C533CFC459D-SegmentedRaftLog:OPENED:c-1, conf=-1: peers:[cd56667c-d7fb-411e-a881-3bd7f4030648|10.1.0.16:15139, 35d8dfab-9865-4f4a-9db1-8dbffdda00db|10.1.0.16:15130, 5d8f7830-f6d4-4ac5-95d9-573f6638b6da|10.1.0.16:15148]|listeners:[], old=null
2024-01-08 22:36:10,255 [grpc-default-executor-4] INFO  impl.VoteContext (VoteContext.java:log(49)) - 5d8f7830-f6d4-4ac5-95d9-573f6638b6da@group-9C533CFC459D-FOLLOWER: accept ELECTION from cd56667c-d7fb-411e-a881-3bd7f4030648: our priority 0 <= candidate's priority 1
2024-01-08 22:36:10,255 [grpc-default-executor-4] INFO  server.RaftServer$Division (RaftServerImpl.java:setRole(379)) - 5d8f7830-f6d4-4ac5-95d9-573f6638b6da@group-9C533CFC459D: changes role from  FOLLOWER to FOLLOWER at term 1 for candidate:cd56667c-d7fb-411e-a881-3bd7f4030648
2024-01-08 22:36:10,255 [grpc-default-executor-4] INFO  impl.RoleInfo (RoleInfo.java:shutdownFollowerState(110)) - 5d8f7830-f6d4-4ac5-95d9-573f6638b6da: shutdown 5d8f7830-f6d4-4ac5-95d9-573f6638b6da@group-9C533CFC459D-FollowerState
2024-01-08 22:36:10,256 [grpc-default-executor-4] INFO  impl.RoleInfo (RoleInfo.java:updateAndGet(139)) - 5d8f7830-f6d4-4ac5-95d9-573f6638b6da: start 5d8f7830-f6d4-4ac5-95d9-573f6638b6da@group-9C533CFC459D-FollowerState
2024-01-08 22:36:10,256 [cd56667c-d7fb-411e-a881-3bd7f4030648@group-9C533CFC459D-LeaderElection23] INFO  impl.LeaderElection (LeaderElection.java:logAndReturn(89)) - cd56667c-d7fb-411e-a881-3bd7f4030648@group-9C533CFC459D-LeaderElection23: ELECTION PASSED received 1 response(s) and 0 exception(s):
2024-01-08 22:36:10,256 [cd56667c-d7fb-411e-a881-3bd7f4030648@group-9C533CFC459D-LeaderElection23] INFO  impl.LeaderElection (LeaderElection.java:logAndReturn(93)) -   Response 0: cd56667c-d7fb-411e-a881-3bd7f4030648<-35d8dfab-9865-4f4a-9db1-8dbffdda00db#0:OK-t1
2024-01-08 22:36:10,257 [cd56667c-d7fb-411e-a881-3bd7f4030648@group-9C533CFC459D-LeaderElection23] INFO  impl.LeaderElection (LeaderElection.java:askForVotes(325)) - cd56667c-d7fb-411e-a881-3bd7f4030648@group-9C533CFC459D-LeaderElection23 ELECTION round 0: result PASSED
2024-01-08 22:36:10,257 [cd56667c-d7fb-411e-a881-3bd7f4030648@group-9C533CFC459D-LeaderElection23] INFO  impl.RoleInfo (RoleInfo.java:shutdownLeaderElection(130)) - cd56667c-d7fb-411e-a881-3bd7f4030648: shutdown cd56667c-d7fb-411e-a881-3bd7f4030648@group-9C533CFC459D-LeaderElection23
2024-01-08 22:36:10,257 [cd56667c-d7fb-411e-a881-3bd7f4030648@group-9C533CFC459D-LeaderElection23] INFO  server.RaftServer$Division (RaftServerImpl.java:setRole(379)) - cd56667c-d7fb-411e-a881-3bd7f4030648@group-9C533CFC459D: changes role from CANDIDATE to LEADER at term 1 for changeToLeader
2024-01-08 22:36:10,257 [cd56667c-d7fb-411e-a881-3bd7f4030648@group-9C533CFC459D-LeaderElection23] INFO  server.RaftServerConfigKeys (ConfUtils.java:logGet(46)) - raft.server.staging.catchup.gap = 1000 (default)
2024-01-08 22:36:10,256 [5d8f7830-f6d4-4ac5-95d9-573f6638b6da@group-9C533CFC459D-FollowerState] INFO  impl.FollowerState (FollowerState.java:run(152)) - 5d8f7830-f6d4-4ac5-95d9-573f6638b6da@group-9C533CFC459D-FollowerState was interrupted
2024-01-08 22:36:10,257 [grpc-default-executor-4] INFO  server.RaftServer$Division (RaftServerImpl.java:requestVote(1410)) - 5d8f7830-f6d4-4ac5-95d9-573f6638b6da@group-9C533CFC459D replies to ELECTION vote request: cd56667c-d7fb-411e-a881-3bd7f4030648<-5d8f7830-f6d4-4ac5-95d9-573f6638b6da#0:OK-t1. Peer's state: 5d8f7830-f6d4-4ac5-95d9-573f6638b6da@group-9C533CFC459D:t1, leader=null, voted=cd56667c-d7fb-411e-a881-3bd7f4030648, raftlog=Memoized:5d8f7830-f6d4-4ac5-95d9-573f6638b6da@group-9C533CFC459D-SegmentedRaftLog:OPENED:c-1, conf=-1: peers:[cd56667c-d7fb-411e-a881-3bd7f4030648|10.1.0.16:15139, 35d8dfab-9865-4f4a-9db1-8dbffdda00db|10.1.0.16:15130, 5d8f7830-f6d4-4ac5-95d9-573f6638b6da|10.1.0.16:15148]|listeners:[], old=null
2024-01-08 22:36:10,257 [cd56667c-d7fb-411e-a881-3bd7f4030648@group-9C533CFC459D-LeaderElection23] INFO  server.RaftServerConfigKeys (ConfUtils.java:logGet(46)) - raft.server.write.element-limit = 1024 (custom)
2024-01-08 22:36:10,258 [cd56667c-d7fb-411e-a881-3bd7f4030648@group-9C533CFC459D-LeaderElection23] INFO  server.RaftServerConfigKeys (ConfUtils.java:logGet(46)) - raft.server.write.byte-limit = 1024 M (=1073741824) (custom)
2024-01-08 22:36:10,258 [cd56667c-d7fb-411e-a881-3bd7f4030648@group-9C533CFC459D-LeaderElection23] INFO  server.RaftServerConfigKeys (ConfUtils.java:logGet(46)) - raft.server.watch.timeout = 3000ms (custom)
2024-01-08 22:36:10,259 [cd56667c-d7fb-411e-a881-3bd7f4030648@group-9C533CFC459D-LeaderElection23] INFO  server.RaftServerConfigKeys (ConfUtils.java:logGet(46)) - raft.server.watch.timeout.denomination = 1s (default)
2024-01-08 22:36:10,259 [cd56667c-d7fb-411e-a881-3bd7f4030648@group-9C533CFC459D-LeaderElection23] INFO  server.RaftServerConfigKeys (ConfUtils.java:logGet(46)) - raft.server.watch.element-limit = 65536 (default)
2024-01-08 22:36:10,259 [cd56667c-d7fb-411e-a881-3bd7f4030648@group-9C533CFC459D-LeaderElection23] INFO  server.RaftServerConfigKeys (ConfUtils.java:logGet(46)) - raft.server.read.leader.lease.enabled = false (default)
2024-01-08 22:36:10,259 [cd56667c-d7fb-411e-a881-3bd7f4030648@group-9C533CFC459D-LeaderElection23] INFO  server.RaftServerConfigKeys (ConfUtils.java:logGet(46)) - raft.server.read.leader.lease.timeout.ratio = 0.9 (default)
2024-01-08 22:36:10,259 [cd56667c-d7fb-411e-a881-3bd7f4030648@group-9C533CFC459D-LeaderElection23] INFO  server.RaftServerConfigKeys (ConfUtils.java:logGet(46)) - raft.server.rpc.timeout.min = 5s (custom)
2024-01-08 22:36:10,259 [cd56667c-d7fb-411e-a881-3bd7f4030648@group-9C533CFC459D-LeaderElection23] INFO  server.RaftServerConfigKeys (ConfUtils.java:logGet(46)) - raft.server.write.element-limit = 1024 (custom)
2024-01-08 22:36:10,259 [cd56667c-d7fb-411e-a881-3bd7f4030648@group-9C533CFC459D-LeaderElection23] INFO  server.RaftServerConfigKeys (ConfUtils.java:logGet(46)) - raft.server.write.follower.gap.ratio.max = -1.0 (default)
2024-01-08 22:36:10,260 [cd56667c-d7fb-411e-a881-3bd7f4030648@group-9C533CFC459D-LeaderElection23] INFO  server.RaftServerConfigKeys (ConfUtils.java:logGet(46)) - raft.server.log.appender.snapshot.chunk.size.max = 16MB (=16777216) (default)
2024-01-08 22:36:10,260 [cd56667c-d7fb-411e-a881-3bd7f4030648@group-9C533CFC459D-LeaderElection23] INFO  server.RaftServerConfigKeys (ConfUtils.java:logGet(46)) - raft.server.log.appender.buffer.byte-limit = 8388608 (custom)
2024-01-08 22:36:10,260 [cd56667c-d7fb-411e-a881-3bd7f4030648@group-9C533CFC459D-LeaderElection23] INFO  server.RaftServerConfigKeys (ConfUtils.java:logGet(46)) - raft.server.log.appender.buffer.element-limit = 1 (custom)
2024-01-08 22:36:10,260 [cd56667c-d7fb-411e-a881-3bd7f4030648@group-9C533CFC459D-LeaderElection23] INFO  server.RaftServerConfigKeys (ConfUtils.java:logGet(46)) - raft.server.log.appender.wait-time.min = 0ms (custom)
2024-01-08 22:36:10,260 [cd56667c-d7fb-411e-a881-3bd7f4030648@group-9C533CFC459D-LeaderElection23] INFO  grpc.GrpcConfigKeys (ConfUtils.java:logGet(46)) - raft.grpc.server.leader.outstanding.appends.max = 8 (default)
2024-01-08 22:36:10,260 [cd56667c-d7fb-411e-a881-3bd7f4030648@group-9C533CFC459D-LeaderElection23] INFO  server.RaftServerConfigKeys (ConfUtils.java:logGet(46)) - raft.server.rpc.request.timeout = 3000ms (default)
2024-01-08 22:36:10,260 [cd56667c-d7fb-411e-a881-3bd7f4030648@group-9C533CFC459D-LeaderElection23] INFO  grpc.GrpcConfigKeys (ConfUtils.java:logGet(46)) - raft.grpc.server.install_snapshot.request.element-limit = 8 (default)
2024-01-08 22:36:10,260 [cd56667c-d7fb-411e-a881-3bd7f4030648@group-9C533CFC459D-LeaderElection23] INFO  grpc.GrpcConfigKeys (ConfUtils.java:logGet(46)) - raft.grpc.server.install_snapshot.request.timeout = 3000ms (default)
2024-01-08 22:36:10,260 [cd56667c-d7fb-411e-a881-3bd7f4030648@group-9C533CFC459D-LeaderElection23] INFO  server.RaftServerConfigKeys (ConfUtils.java:logGet(46)) - raft.server.log.appender.install.snapshot.enabled = false (custom)
2024-01-08 22:36:10,260 [cd56667c-d7fb-411e-a881-3bd7f4030648@group-9C533CFC459D-LeaderElection23] INFO  grpc.GrpcConfigKeys (ConfUtils.java:logGet(46)) - raft.grpc.server.heartbeat.channel = true (default)
2024-01-08 22:36:10,261 [cd56667c-d7fb-411e-a881-3bd7f4030648@group-9C533CFC459D-LeaderElection23] INFO  server.RaftServerConfigKeys (ConfUtils.java:logGet(46)) - raft.server.log.appender.snapshot.chunk.size.max = 16MB (=16777216) (default)
2024-01-08 22:36:10,262 [cd56667c-d7fb-411e-a881-3bd7f4030648@group-9C533CFC459D-LeaderElection23] INFO  server.RaftServerConfigKeys (ConfUtils.java:logGet(46)) - raft.server.log.appender.buffer.byte-limit = 8388608 (custom)
2024-01-08 22:36:10,262 [cd56667c-d7fb-411e-a881-3bd7f4030648@group-9C533CFC459D-LeaderElection23] INFO  server.RaftServerConfigKeys (ConfUtils.java:logGet(46)) - raft.server.log.appender.buffer.element-limit = 1 (custom)
2024-01-08 22:36:10,262 [cd56667c-d7fb-411e-a881-3bd7f4030648@group-9C533CFC459D-LeaderElection23] INFO  server.RaftServerConfigKeys (ConfUtils.java:logGet(46)) - raft.server.log.appender.wait-time.min = 0ms (custom)
2024-01-08 22:36:10,262 [cd56667c-d7fb-411e-a881-3bd7f4030648@group-9C533CFC459D-LeaderElection23] INFO  grpc.GrpcConfigKeys (ConfUtils.java:logGet(46)) - raft.grpc.server.leader.outstanding.appends.max = 8 (default)
2024-01-08 22:36:10,262 [cd56667c-d7fb-411e-a881-3bd7f4030648@group-9C533CFC459D-LeaderElection23] INFO  server.RaftServerConfigKeys (ConfUtils.java:logGet(46)) - raft.server.rpc.request.timeout = 3000ms (default)
2024-01-08 22:36:10,262 [cd56667c-d7fb-411e-a881-3bd7f4030648@group-9C533CFC459D-LeaderElection23] INFO  grpc.GrpcConfigKeys (ConfUtils.java:logGet(46)) - raft.grpc.server.install_snapshot.request.element-limit = 8 (default)
2024-01-08 22:36:10,262 [cd56667c-d7fb-411e-a881-3bd7f4030648@group-9C533CFC459D-LeaderElection23] INFO  grpc.GrpcConfigKeys (ConfUtils.java:logGet(46)) - raft.grpc.server.install_snapshot.request.timeout = 3000ms (default)
2024-01-08 22:36:10,262 [cd56667c-d7fb-411e-a881-3bd7f4030648@group-9C533CFC459D-LeaderElection23] INFO  server.RaftServerConfigKeys (ConfUtils.java:logGet(46)) - raft.server.log.appender.install.snapshot.enabled = false (custom)
2024-01-08 22:36:10,262 [cd56667c-d7fb-411e-a881-3bd7f4030648@group-9C533CFC459D-LeaderElection23] INFO  grpc.GrpcConfigKeys (ConfUtils.java:logGet(46)) - raft.grpc.server.heartbeat.channel = true (default)
2024-01-08 22:36:10,262 [cd56667c-d7fb-411e-a881-3bd7f4030648@group-9C533CFC459D-LeaderElection23] INFO  impl.RoleInfo (RoleInfo.java:updateAndGet(139)) - cd56667c-d7fb-411e-a881-3bd7f4030648: start cd56667c-d7fb-411e-a881-3bd7f4030648@group-9C533CFC459D-LeaderStateImpl
2024-01-08 22:36:10,262 [cd56667c-d7fb-411e-a881-3bd7f4030648@group-9C533CFC459D-LeaderElection23] INFO  server.RaftServer$Division (RaftServerImpl.java:setFirstElection(564)) - cd56667c-d7fb-411e-a881-3bd7f4030648@group-9C533CFC459D: set firstElectionSinceStartup to false for becomeLeader
2024-01-08 22:36:10,262 [cd56667c-d7fb-411e-a881-3bd7f4030648@group-9C533CFC459D-LeaderElection23] INFO  ratis.XceiverServerRatis (XceiverServerRatis.java:handleLeaderChangedNotification(945)) - Leader change notification received for group: group-9C533CFC459D with new leaderId: cd56667c-d7fb-411e-a881-3bd7f4030648
2024-01-08 22:36:10,263 [cd56667c-d7fb-411e-a881-3bd7f4030648@group-9C533CFC459D-LeaderElection23] INFO  server.RaftServer$Division (ServerState.java:setLeader(265)) - cd56667c-d7fb-411e-a881-3bd7f4030648@group-9C533CFC459D: change Leader from null to cd56667c-d7fb-411e-a881-3bd7f4030648 at term 1 for becomeLeader, leader elected after 5189ms
2024-01-08 22:36:10,263 [cd56667c-d7fb-411e-a881-3bd7f4030648@group-9C533CFC459D-LeaderElection23] INFO  segmented.SegmentedRaftLogWorker (SegmentedRaftLogWorker.java:startLogSegment(428)) - cd56667c-d7fb-411e-a881-3bd7f4030648@group-9C533CFC459D-SegmentedRaftLogWorker: Starting segment from index:0
2024-01-08 22:36:10,264 [EventQueue-PipelineReportForPipelineReportHandler] INFO  pipeline.PipelineReportHandler (PipelineReportHandler.java:processPipelineReport(136)) - Opened pipeline PipelineID=7ad15f7c-0983-47c9-b79c-9c533cfc459d
2024-01-08 22:36:10,267 [cd56667c-d7fb-411e-a881-3bd7f4030648@group-9C533CFC459D-LeaderElection23] INFO  server.RaftServer$Division (ServerState.java:setRaftConf(382)) - cd56667c-d7fb-411e-a881-3bd7f4030648@group-9C533CFC459D: set configuration 0: peers:[cd56667c-d7fb-411e-a881-3bd7f4030648|10.1.0.16:15139, 35d8dfab-9865-4f4a-9db1-8dbffdda00db|10.1.0.16:15130, 5d8f7830-f6d4-4ac5-95d9-573f6638b6da|10.1.0.16:15148]|listeners:[], old=null
2024-01-08 22:36:10,272 [cd56667c-d7fb-411e-a881-3bd7f4030648@group-9C533CFC459D-SegmentedRaftLogWorker] INFO  segmented.SegmentedRaftLogWorker (SegmentedRaftLogWorker.java:execute(632)) - cd56667c-d7fb-411e-a881-3bd7f4030648@group-9C533CFC459D-SegmentedRaftLogWorker: created new log segment /home/runner/work/ozone/ozone/hadoop-ozone/integration-test/target/test-dir/MiniOzoneClusterImpl-25d1905f-b767-404d-84bf-be0dd4c89112/datanode-4/data/ratis/7ad15f7c-0983-47c9-b79c-9c533cfc459d/current/log_inprogress_0
2024-01-08 22:36:10,274 [35d8dfab-9865-4f4a-9db1-8dbffdda00db-server-thread1] INFO  ratis.XceiverServerRatis (XceiverServerRatis.java:handleLeaderChangedNotification(945)) - Leader change notification received for group: group-9C533CFC459D with new leaderId: cd56667c-d7fb-411e-a881-3bd7f4030648
2024-01-08 22:36:10,274 [35d8dfab-9865-4f4a-9db1-8dbffdda00db-server-thread1] INFO  server.RaftServer$Division (ServerState.java:setLeader(265)) - 35d8dfab-9865-4f4a-9db1-8dbffdda00db@group-9C533CFC459D: change Leader from null to cd56667c-d7fb-411e-a881-3bd7f4030648 at term 1 for appendEntries, leader elected after 5259ms
2024-01-08 22:36:10,277 [5d8f7830-f6d4-4ac5-95d9-573f6638b6da-server-thread1] INFO  ratis.XceiverServerRatis (XceiverServerRatis.java:handleLeaderChangedNotification(945)) - Leader change notification received for group: group-9C533CFC459D with new leaderId: cd56667c-d7fb-411e-a881-3bd7f4030648
2024-01-08 22:36:10,277 [5d8f7830-f6d4-4ac5-95d9-573f6638b6da-server-thread1] INFO  server.RaftServer$Division (ServerState.java:setLeader(265)) - 5d8f7830-f6d4-4ac5-95d9-573f6638b6da@group-9C533CFC459D: change Leader from null to cd56667c-d7fb-411e-a881-3bd7f4030648 at term 1 for appendEntries, leader elected after 5236ms
2024-01-08 22:36:10,279 [35d8dfab-9865-4f4a-9db1-8dbffdda00db-server-thread2] INFO  server.RaftServer$Division (ServerState.java:setRaftConf(382)) - 35d8dfab-9865-4f4a-9db1-8dbffdda00db@group-9C533CFC459D: set configuration 0: peers:[cd56667c-d7fb-411e-a881-3bd7f4030648|10.1.0.16:15139, 35d8dfab-9865-4f4a-9db1-8dbffdda00db|10.1.0.16:15130, 5d8f7830-f6d4-4ac5-95d9-573f6638b6da|10.1.0.16:15148]|listeners:[], old=null
2024-01-08 22:36:10,279 [35d8dfab-9865-4f4a-9db1-8dbffdda00db-server-thread2] INFO  segmented.SegmentedRaftLogWorker (SegmentedRaftLogWorker.java:startLogSegment(428)) - 35d8dfab-9865-4f4a-9db1-8dbffdda00db@group-9C533CFC459D-SegmentedRaftLogWorker: Starting segment from index:0
2024-01-08 22:36:10,283 [5d8f7830-f6d4-4ac5-95d9-573f6638b6da-server-thread2] INFO  server.RaftServer$Division (ServerState.java:setRaftConf(382)) - 5d8f7830-f6d4-4ac5-95d9-573f6638b6da@group-9C533CFC459D: set configuration 0: peers:[cd56667c-d7fb-411e-a881-3bd7f4030648|10.1.0.16:15139, 35d8dfab-9865-4f4a-9db1-8dbffdda00db|10.1.0.16:15130, 5d8f7830-f6d4-4ac5-95d9-573f6638b6da|10.1.0.16:15148]|listeners:[], old=null
2024-01-08 22:36:10,283 [5d8f7830-f6d4-4ac5-95d9-573f6638b6da-server-thread2] INFO  segmented.SegmentedRaftLogWorker (SegmentedRaftLogWorker.java:startLogSegment(428)) - 5d8f7830-f6d4-4ac5-95d9-573f6638b6da@group-9C533CFC459D-SegmentedRaftLogWorker: Starting segment from index:0
2024-01-08 22:36:10,286 [35d8dfab-9865-4f4a-9db1-8dbffdda00db@group-9C533CFC459D-SegmentedRaftLogWorker] INFO  segmented.SegmentedRaftLogWorker (SegmentedRaftLogWorker.java:execute(632)) - 35d8dfab-9865-4f4a-9db1-8dbffdda00db@group-9C533CFC459D-SegmentedRaftLogWorker: created new log segment /home/runner/work/ozone/ozone/hadoop-ozone/integration-test/target/test-dir/MiniOzoneClusterImpl-25d1905f-b767-404d-84bf-be0dd4c89112/datanode-3/data/ratis/7ad15f7c-0983-47c9-b79c-9c533cfc459d/current/log_inprogress_0
2024-01-08 22:36:10,287 [cd56667c-d7fb-411e-a881-3bd7f4030648@group-9C533CFC459D-StateMachineUpdater] INFO  server.RaftServer$Division (LeaderStateImpl.java:isApplied(316)) - leader is ready since appliedIndex == 0 >= startIndex == 0
2024-01-08 22:36:10,292 [5d8f7830-f6d4-4ac5-95d9-573f6638b6da@group-9C533CFC459D-SegmentedRaftLogWorker] INFO  segmented.SegmentedRaftLogWorker (SegmentedRaftLogWorker.java:execute(632)) - 5d8f7830-f6d4-4ac5-95d9-573f6638b6da@group-9C533CFC459D-SegmentedRaftLogWorker: created new log segment /home/runner/work/ozone/ozone/hadoop-ozone/integration-test/target/test-dir/MiniOzoneClusterImpl-25d1905f-b767-404d-84bf-be0dd4c89112/datanode-5/data/ratis/7ad15f7c-0983-47c9-b79c-9c533cfc459d/current/log_inprogress_0
2024-01-08 22:36:10,355 [ae8e2c12-abd7-4753-9c27-64723a930f37@group-F5B3F84D9FB5-FollowerState] INFO  impl.FollowerState (FollowerState.java:run(143)) - ae8e2c12-abd7-4753-9c27-64723a930f37@group-F5B3F84D9FB5-FollowerState: change to CANDIDATE, lastRpcElapsedTime:5056994147ns, electionTimeout:5056ms
2024-01-08 22:36:10,355 [ae8e2c12-abd7-4753-9c27-64723a930f37@group-F5B3F84D9FB5-FollowerState] INFO  impl.RoleInfo (RoleInfo.java:shutdownFollowerState(110)) - ae8e2c12-abd7-4753-9c27-64723a930f37: shutdown ae8e2c12-abd7-4753-9c27-64723a930f37@group-F5B3F84D9FB5-FollowerState
2024-01-08 22:36:10,355 [ae8e2c12-abd7-4753-9c27-64723a930f37@group-F5B3F84D9FB5-FollowerState] INFO  server.RaftServer$Division (RaftServerImpl.java:setRole(379)) - ae8e2c12-abd7-4753-9c27-64723a930f37@group-F5B3F84D9FB5: changes role from  FOLLOWER to CANDIDATE at term 0 for changeToCandidate
2024-01-08 22:36:10,356 [ae8e2c12-abd7-4753-9c27-64723a930f37@group-F5B3F84D9FB5-FollowerState] INFO  server.RaftServerConfigKeys (ConfUtils.java:logGet(46)) - raft.server.leaderelection.pre-vote = true (default)
2024-01-08 22:36:10,356 [ae8e2c12-abd7-4753-9c27-64723a930f37@group-F5B3F84D9FB5-FollowerState] INFO  impl.RoleInfo (RoleInfo.java:updateAndGet(139)) - ae8e2c12-abd7-4753-9c27-64723a930f37: start ae8e2c12-abd7-4753-9c27-64723a930f37@group-F5B3F84D9FB5-LeaderElection24
2024-01-08 22:36:10,357 [ae8e2c12-abd7-4753-9c27-64723a930f37@group-F5B3F84D9FB5-LeaderElection24] INFO  impl.LeaderElection (LeaderElection.java:askForVotes(323)) - ae8e2c12-abd7-4753-9c27-64723a930f37@group-F5B3F84D9FB5-LeaderElection24 PRE_VOTE round 0: submit vote requests at term 0 for -1: peers:[ae8e2c12-abd7-4753-9c27-64723a930f37|10.1.0.16:15157]|listeners:[], old=null
2024-01-08 22:36:10,357 [ae8e2c12-abd7-4753-9c27-64723a930f37@group-F5B3F84D9FB5-LeaderElection24] INFO  impl.LeaderElection (LeaderElection.java:askForVotes(325)) - ae8e2c12-abd7-4753-9c27-64723a930f37@group-F5B3F84D9FB5-LeaderElection24 PRE_VOTE round 0: result PASSED (term=0)
2024-01-08 22:36:10,358 [ae8e2c12-abd7-4753-9c27-64723a930f37@group-F5B3F84D9FB5-LeaderElection24] INFO  impl.LeaderElection (LeaderElection.java:askForVotes(323)) - ae8e2c12-abd7-4753-9c27-64723a930f37@group-F5B3F84D9FB5-LeaderElection24 ELECTION round 0: submit vote requests at term 1 for -1: peers:[ae8e2c12-abd7-4753-9c27-64723a930f37|10.1.0.16:15157]|listeners:[], old=null
2024-01-08 22:36:10,358 [ae8e2c12-abd7-4753-9c27-64723a930f37@group-F5B3F84D9FB5-LeaderElection24] INFO  impl.LeaderElection (LeaderElection.java:askForVotes(325)) - ae8e2c12-abd7-4753-9c27-64723a930f37@group-F5B3F84D9FB5-LeaderElection24 ELECTION round 0: result PASSED (term=1)
2024-01-08 22:36:10,358 [ae8e2c12-abd7-4753-9c27-64723a930f37@group-F5B3F84D9FB5-LeaderElection24] INFO  impl.RoleInfo (RoleInfo.java:shutdownLeaderElection(130)) - ae8e2c12-abd7-4753-9c27-64723a930f37: shutdown ae8e2c12-abd7-4753-9c27-64723a930f37@group-F5B3F84D9FB5-LeaderElection24
2024-01-08 22:36:10,358 [ae8e2c12-abd7-4753-9c27-64723a930f37@group-F5B3F84D9FB5-LeaderElection24] INFO  server.RaftServer$Division (RaftServerImpl.java:setRole(379)) - ae8e2c12-abd7-4753-9c27-64723a930f37@group-F5B3F84D9FB5: changes role from CANDIDATE to LEADER at term 1 for changeToLeader
2024-01-08 22:36:10,358 [ae8e2c12-abd7-4753-9c27-64723a930f37@group-F5B3F84D9FB5-LeaderElection24] INFO  server.RaftServerConfigKeys (ConfUtils.java:logGet(46)) - raft.server.staging.catchup.gap = 1000 (default)
2024-01-08 22:36:10,359 [ae8e2c12-abd7-4753-9c27-64723a930f37@group-F5B3F84D9FB5-LeaderElection24] INFO  server.RaftServerConfigKeys (ConfUtils.java:logGet(46)) - raft.server.write.element-limit = 1024 (custom)
2024-01-08 22:36:10,359 [ae8e2c12-abd7-4753-9c27-64723a930f37@group-F5B3F84D9FB5-LeaderElection24] INFO  server.RaftServerConfigKeys (ConfUtils.java:logGet(46)) - raft.server.write.byte-limit = 1024 M (=1073741824) (custom)
2024-01-08 22:36:10,359 [ae8e2c12-abd7-4753-9c27-64723a930f37@group-F5B3F84D9FB5-LeaderElection24] INFO  server.RaftServerConfigKeys (ConfUtils.java:logGet(46)) - raft.server.watch.timeout = 3000ms (custom)
2024-01-08 22:36:10,359 [ae8e2c12-abd7-4753-9c27-64723a930f37@group-F5B3F84D9FB5-LeaderElection24] INFO  server.RaftServerConfigKeys (ConfUtils.java:logGet(46)) - raft.server.watch.timeout.denomination = 1s (default)
2024-01-08 22:36:10,359 [ae8e2c12-abd7-4753-9c27-64723a930f37@group-F5B3F84D9FB5-LeaderElection24] INFO  server.RaftServerConfigKeys (ConfUtils.java:logGet(46)) - raft.server.watch.element-limit = 65536 (default)
2024-01-08 22:36:10,359 [ae8e2c12-abd7-4753-9c27-64723a930f37@group-F5B3F84D9FB5-LeaderElection24] INFO  server.RaftServerConfigKeys (ConfUtils.java:logGet(46)) - raft.server.read.leader.lease.enabled = false (default)
2024-01-08 22:36:10,359 [ae8e2c12-abd7-4753-9c27-64723a930f37@group-F5B3F84D9FB5-LeaderElection24] INFO  server.RaftServerConfigKeys (ConfUtils.java:logGet(46)) - raft.server.read.leader.lease.timeout.ratio = 0.9 (default)
2024-01-08 22:36:10,359 [ae8e2c12-abd7-4753-9c27-64723a930f37@group-F5B3F84D9FB5-LeaderElection24] INFO  server.RaftServerConfigKeys (ConfUtils.java:logGet(46)) - raft.server.rpc.timeout.min = 5s (custom)
2024-01-08 22:36:10,359 [ae8e2c12-abd7-4753-9c27-64723a930f37@group-F5B3F84D9FB5-LeaderElection24] INFO  server.RaftServerConfigKeys (ConfUtils.java:logGet(46)) - raft.server.write.element-limit = 1024 (custom)
2024-01-08 22:36:10,359 [ae8e2c12-abd7-4753-9c27-64723a930f37@group-F5B3F84D9FB5-LeaderElection24] INFO  server.RaftServerConfigKeys (ConfUtils.java:logGet(46)) - raft.server.write.follower.gap.ratio.max = -1.0 (default)
2024-01-08 22:36:10,359 [ae8e2c12-abd7-4753-9c27-64723a930f37@group-F5B3F84D9FB5-LeaderElection24] INFO  impl.RoleInfo (RoleInfo.java:updateAndGet(139)) - ae8e2c12-abd7-4753-9c27-64723a930f37: start ae8e2c12-abd7-4753-9c27-64723a930f37@group-F5B3F84D9FB5-LeaderStateImpl
2024-01-08 22:36:10,359 [ae8e2c12-abd7-4753-9c27-64723a930f37@group-F5B3F84D9FB5-LeaderElection24] INFO  server.RaftServer$Division (RaftServerImpl.java:setFirstElection(564)) - ae8e2c12-abd7-4753-9c27-64723a930f37@group-F5B3F84D9FB5: set firstElectionSinceStartup to false for becomeLeader
2024-01-08 22:36:10,359 [ae8e2c12-abd7-4753-9c27-64723a930f37@group-F5B3F84D9FB5-LeaderElection24] INFO  ratis.XceiverServerRatis (XceiverServerRatis.java:handleLeaderChangedNotification(945)) - Leader change notification received for group: group-F5B3F84D9FB5 with new leaderId: ae8e2c12-abd7-4753-9c27-64723a930f37
2024-01-08 22:36:10,360 [ae8e2c12-abd7-4753-9c27-64723a930f37@group-F5B3F84D9FB5-LeaderElection24] INFO  server.RaftServer$Division (ServerState.java:setLeader(265)) - ae8e2c12-abd7-4753-9c27-64723a930f37@group-F5B3F84D9FB5: change Leader from null to ae8e2c12-abd7-4753-9c27-64723a930f37 at term 1 for becomeLeader, leader elected after 5072ms
2024-01-08 22:36:10,360 [ae8e2c12-abd7-4753-9c27-64723a930f37@group-F5B3F84D9FB5-LeaderElection24] INFO  segmented.SegmentedRaftLogWorker (SegmentedRaftLogWorker.java:startLogSegment(428)) - ae8e2c12-abd7-4753-9c27-64723a930f37@group-F5B3F84D9FB5-SegmentedRaftLogWorker: Starting segment from index:0
2024-01-08 22:36:10,363 [ae8e2c12-abd7-4753-9c27-64723a930f37@group-F5B3F84D9FB5-LeaderElection24] INFO  server.RaftServer$Division (ServerState.java:setRaftConf(382)) - ae8e2c12-abd7-4753-9c27-64723a930f37@group-F5B3F84D9FB5: set configuration 0: peers:[ae8e2c12-abd7-4753-9c27-64723a930f37|10.1.0.16:15157]|listeners:[], old=null
2024-01-08 22:36:10,366 [5d8f7830-f6d4-4ac5-95d9-573f6638b6da@group-D91180384D0C-FollowerState] INFO  impl.FollowerState (FollowerState.java:run(143)) - 5d8f7830-f6d4-4ac5-95d9-573f6638b6da@group-D91180384D0C-FollowerState: change to CANDIDATE, lastRpcElapsedTime:5160440829ns, electionTimeout:5160ms
2024-01-08 22:36:10,366 [5d8f7830-f6d4-4ac5-95d9-573f6638b6da@group-D91180384D0C-FollowerState] INFO  impl.RoleInfo (RoleInfo.java:shutdownFollowerState(110)) - 5d8f7830-f6d4-4ac5-95d9-573f6638b6da: shutdown 5d8f7830-f6d4-4ac5-95d9-573f6638b6da@group-D91180384D0C-FollowerState
2024-01-08 22:36:10,366 [5d8f7830-f6d4-4ac5-95d9-573f6638b6da@group-D91180384D0C-FollowerState] INFO  server.RaftServer$Division (RaftServerImpl.java:setRole(379)) - 5d8f7830-f6d4-4ac5-95d9-573f6638b6da@group-D91180384D0C: changes role from  FOLLOWER to CANDIDATE at term 0 for changeToCandidate
2024-01-08 22:36:10,366 [5d8f7830-f6d4-4ac5-95d9-573f6638b6da@group-D91180384D0C-FollowerState] INFO  server.RaftServerConfigKeys (ConfUtils.java:logGet(46)) - raft.server.leaderelection.pre-vote = true (default)
2024-01-08 22:36:10,366 [5d8f7830-f6d4-4ac5-95d9-573f6638b6da@group-D91180384D0C-FollowerState] INFO  impl.RoleInfo (RoleInfo.java:updateAndGet(139)) - 5d8f7830-f6d4-4ac5-95d9-573f6638b6da: start 5d8f7830-f6d4-4ac5-95d9-573f6638b6da@group-D91180384D0C-LeaderElection25
2024-01-08 22:36:10,368 [5d8f7830-f6d4-4ac5-95d9-573f6638b6da@group-D91180384D0C-LeaderElection25] INFO  impl.LeaderElection (LeaderElection.java:askForVotes(323)) - 5d8f7830-f6d4-4ac5-95d9-573f6638b6da@group-D91180384D0C-LeaderElection25 PRE_VOTE round 0: submit vote requests at term 0 for -1: peers:[5d8f7830-f6d4-4ac5-95d9-573f6638b6da|10.1.0.16:15148]|listeners:[], old=null
2024-01-08 22:36:10,368 [5d8f7830-f6d4-4ac5-95d9-573f6638b6da@group-D91180384D0C-LeaderElection25] INFO  impl.LeaderElection (LeaderElection.java:askForVotes(325)) - 5d8f7830-f6d4-4ac5-95d9-573f6638b6da@group-D91180384D0C-LeaderElection25 PRE_VOTE round 0: result PASSED (term=0)
2024-01-08 22:36:10,368 [ae8e2c12-abd7-4753-9c27-64723a930f37@group-F5B3F84D9FB5-SegmentedRaftLogWorker] INFO  segmented.SegmentedRaftLogWorker (SegmentedRaftLogWorker.java:execute(632)) - ae8e2c12-abd7-4753-9c27-64723a930f37@group-F5B3F84D9FB5-SegmentedRaftLogWorker: created new log segment /home/runner/work/ozone/ozone/hadoop-ozone/integration-test/target/test-dir/MiniOzoneClusterImpl-25d1905f-b767-404d-84bf-be0dd4c89112/datanode-6/data/ratis/cfc8dcdd-eafb-4ee1-9c95-f5b3f84d9fb5/current/log_inprogress_0
2024-01-08 22:36:10,369 [ae8e2c12-abd7-4753-9c27-64723a930f37@group-F5B3F84D9FB5-StateMachineUpdater] INFO  server.RaftServer$Division (LeaderStateImpl.java:isApplied(316)) - leader is ready since appliedIndex == 0 >= startIndex == 0
2024-01-08 22:36:10,369 [5d8f7830-f6d4-4ac5-95d9-573f6638b6da@group-D91180384D0C-LeaderElection25] INFO  impl.LeaderElection (LeaderElection.java:askForVotes(323)) - 5d8f7830-f6d4-4ac5-95d9-573f6638b6da@group-D91180384D0C-LeaderElection25 ELECTION round 0: submit vote requests at term 1 for -1: peers:[5d8f7830-f6d4-4ac5-95d9-573f6638b6da|10.1.0.16:15148]|listeners:[], old=null
2024-01-08 22:36:10,369 [5d8f7830-f6d4-4ac5-95d9-573f6638b6da@group-D91180384D0C-LeaderElection25] INFO  impl.LeaderElection (LeaderElection.java:askForVotes(325)) - 5d8f7830-f6d4-4ac5-95d9-573f6638b6da@group-D91180384D0C-LeaderElection25 ELECTION round 0: result PASSED (term=1)
2024-01-08 22:36:10,369 [5d8f7830-f6d4-4ac5-95d9-573f6638b6da@group-D91180384D0C-LeaderElection25] INFO  impl.RoleInfo (RoleInfo.java:shutdownLeaderElection(130)) - 5d8f7830-f6d4-4ac5-95d9-573f6638b6da: shutdown 5d8f7830-f6d4-4ac5-95d9-573f6638b6da@group-D91180384D0C-LeaderElection25
2024-01-08 22:36:10,369 [5d8f7830-f6d4-4ac5-95d9-573f6638b6da@group-D91180384D0C-LeaderElection25] INFO  server.RaftServer$Division (RaftServerImpl.java:setRole(379)) - 5d8f7830-f6d4-4ac5-95d9-573f6638b6da@group-D91180384D0C: changes role from CANDIDATE to LEADER at term 1 for changeToLeader
2024-01-08 22:36:10,370 [5d8f7830-f6d4-4ac5-95d9-573f6638b6da@group-D91180384D0C-LeaderElection25] INFO  server.RaftServerConfigKeys (ConfUtils.java:logGet(46)) - raft.server.staging.catchup.gap = 1000 (default)
2024-01-08 22:36:10,370 [5d8f7830-f6d4-4ac5-95d9-573f6638b6da@group-D91180384D0C-LeaderElection25] INFO  server.RaftServerConfigKeys (ConfUtils.java:logGet(46)) - raft.server.write.element-limit = 1024 (custom)
2024-01-08 22:36:10,370 [5d8f7830-f6d4-4ac5-95d9-573f6638b6da@group-D91180384D0C-LeaderElection25] INFO  server.RaftServerConfigKeys (ConfUtils.java:logGet(46)) - raft.server.write.byte-limit = 1024 M (=1073741824) (custom)
2024-01-08 22:36:10,370 [5d8f7830-f6d4-4ac5-95d9-573f6638b6da@group-D91180384D0C-LeaderElection25] INFO  server.RaftServerConfigKeys (ConfUtils.java:logGet(46)) - raft.server.watch.timeout = 3000ms (custom)
2024-01-08 22:36:10,370 [5d8f7830-f6d4-4ac5-95d9-573f6638b6da@group-D91180384D0C-LeaderElection25] INFO  server.RaftServerConfigKeys (ConfUtils.java:logGet(46)) - raft.server.watch.timeout.denomination = 1s (default)
2024-01-08 22:36:10,370 [5d8f7830-f6d4-4ac5-95d9-573f6638b6da@group-D91180384D0C-LeaderElection25] INFO  server.RaftServerConfigKeys (ConfUtils.java:logGet(46)) - raft.server.watch.element-limit = 65536 (default)
2024-01-08 22:36:10,370 [5d8f7830-f6d4-4ac5-95d9-573f6638b6da@group-D91180384D0C-LeaderElection25] INFO  server.RaftServerConfigKeys (ConfUtils.java:logGet(46)) - raft.server.read.leader.lease.enabled = false (default)
2024-01-08 22:36:10,370 [5d8f7830-f6d4-4ac5-95d9-573f6638b6da@group-D91180384D0C-LeaderElection25] INFO  server.RaftServerConfigKeys (ConfUtils.java:logGet(46)) - raft.server.read.leader.lease.timeout.ratio = 0.9 (default)
2024-01-08 22:36:10,370 [5d8f7830-f6d4-4ac5-95d9-573f6638b6da@group-D91180384D0C-LeaderElection25] INFO  server.RaftServerConfigKeys (ConfUtils.java:logGet(46)) - raft.server.rpc.timeout.min = 5s (custom)
2024-01-08 22:36:10,371 [5d8f7830-f6d4-4ac5-95d9-573f6638b6da@group-D91180384D0C-LeaderElection25] INFO  server.RaftServerConfigKeys (ConfUtils.java:logGet(46)) - raft.server.write.element-limit = 1024 (custom)
2024-01-08 22:36:10,371 [5d8f7830-f6d4-4ac5-95d9-573f6638b6da@group-D91180384D0C-LeaderElection25] INFO  server.RaftServerConfigKeys (ConfUtils.java:logGet(46)) - raft.server.write.follower.gap.ratio.max = -1.0 (default)
2024-01-08 22:36:10,371 [5d8f7830-f6d4-4ac5-95d9-573f6638b6da@group-D91180384D0C-LeaderElection25] INFO  impl.RoleInfo (RoleInfo.java:updateAndGet(139)) - 5d8f7830-f6d4-4ac5-95d9-573f6638b6da: start 5d8f7830-f6d4-4ac5-95d9-573f6638b6da@group-D91180384D0C-LeaderStateImpl
2024-01-08 22:36:10,371 [5d8f7830-f6d4-4ac5-95d9-573f6638b6da@group-D91180384D0C-LeaderElection25] INFO  server.RaftServer$Division (RaftServerImpl.java:setFirstElection(564)) - 5d8f7830-f6d4-4ac5-95d9-573f6638b6da@group-D91180384D0C: set firstElectionSinceStartup to false for becomeLeader
2024-01-08 22:36:10,371 [5d8f7830-f6d4-4ac5-95d9-573f6638b6da@group-D91180384D0C-LeaderElection25] INFO  ratis.XceiverServerRatis (XceiverServerRatis.java:handleLeaderChangedNotification(945)) - Leader change notification received for group: group-D91180384D0C with new leaderId: 5d8f7830-f6d4-4ac5-95d9-573f6638b6da
2024-01-08 22:36:10,371 [5d8f7830-f6d4-4ac5-95d9-573f6638b6da@group-D91180384D0C-LeaderElection25] INFO  server.RaftServer$Division (ServerState.java:setLeader(265)) - 5d8f7830-f6d4-4ac5-95d9-573f6638b6da@group-D91180384D0C: change Leader from null to 5d8f7830-f6d4-4ac5-95d9-573f6638b6da at term 1 for becomeLeader, leader elected after 5176ms
2024-01-08 22:36:10,371 [5d8f7830-f6d4-4ac5-95d9-573f6638b6da@group-D91180384D0C-LeaderElection25] INFO  segmented.SegmentedRaftLogWorker (SegmentedRaftLogWorker.java:startLogSegment(428)) - 5d8f7830-f6d4-4ac5-95d9-573f6638b6da@group-D91180384D0C-SegmentedRaftLogWorker: Starting segment from index:0
2024-01-08 22:36:10,374 [5d8f7830-f6d4-4ac5-95d9-573f6638b6da@group-D91180384D0C-LeaderElection25] INFO  server.RaftServer$Division (ServerState.java:setRaftConf(382)) - 5d8f7830-f6d4-4ac5-95d9-573f6638b6da@group-D91180384D0C: set configuration 0: peers:[5d8f7830-f6d4-4ac5-95d9-573f6638b6da|10.1.0.16:15148]|listeners:[], old=null
2024-01-08 22:36:10,377 [5d8f7830-f6d4-4ac5-95d9-573f6638b6da@group-D91180384D0C-SegmentedRaftLogWorker] INFO  segmented.SegmentedRaftLogWorker (SegmentedRaftLogWorker.java:execute(632)) - 5d8f7830-f6d4-4ac5-95d9-573f6638b6da@group-D91180384D0C-SegmentedRaftLogWorker: created new log segment /home/runner/work/ozone/ozone/hadoop-ozone/integration-test/target/test-dir/MiniOzoneClusterImpl-25d1905f-b767-404d-84bf-be0dd4c89112/datanode-5/data/ratis/e4545de1-0345-4c63-8204-d91180384d0c/current/log_inprogress_0
2024-01-08 22:36:10,378 [5d8f7830-f6d4-4ac5-95d9-573f6638b6da@group-D91180384D0C-StateMachineUpdater] INFO  server.RaftServer$Division (LeaderStateImpl.java:isApplied(316)) - leader is ready since appliedIndex == 0 >= startIndex == 0
2024-01-08 22:36:10,378 [ae8e2c12-abd7-4753-9c27-64723a930f37@group-A7B46883A997-FollowerState] INFO  impl.FollowerState (FollowerState.java:run(143)) - ae8e2c12-abd7-4753-9c27-64723a930f37@group-A7B46883A997-FollowerState: change to CANDIDATE, lastRpcElapsedTime:5050698148ns, electionTimeout:5045ms
2024-01-08 22:36:10,379 [ae8e2c12-abd7-4753-9c27-64723a930f37@group-A7B46883A997-FollowerState] INFO  impl.RoleInfo (RoleInfo.java:shutdownFollowerState(110)) - ae8e2c12-abd7-4753-9c27-64723a930f37: shutdown ae8e2c12-abd7-4753-9c27-64723a930f37@group-A7B46883A997-FollowerState
2024-01-08 22:36:10,379 [ae8e2c12-abd7-4753-9c27-64723a930f37@group-A7B46883A997-FollowerState] INFO  server.RaftServer$Division (RaftServerImpl.java:setRole(379)) - ae8e2c12-abd7-4753-9c27-64723a930f37@group-A7B46883A997: changes role from  FOLLOWER to CANDIDATE at term 0 for changeToCandidate
2024-01-08 22:36:10,379 [ae8e2c12-abd7-4753-9c27-64723a930f37@group-A7B46883A997-FollowerState] INFO  server.RaftServerConfigKeys (ConfUtils.java:logGet(46)) - raft.server.leaderelection.pre-vote = true (default)
2024-01-08 22:36:10,379 [ae8e2c12-abd7-4753-9c27-64723a930f37@group-A7B46883A997-FollowerState] INFO  impl.RoleInfo (RoleInfo.java:updateAndGet(139)) - ae8e2c12-abd7-4753-9c27-64723a930f37: start ae8e2c12-abd7-4753-9c27-64723a930f37@group-A7B46883A997-LeaderElection26
2024-01-08 22:36:10,380 [ae8e2c12-abd7-4753-9c27-64723a930f37@group-A7B46883A997-LeaderElection26] INFO  impl.LeaderElection (LeaderElection.java:askForVotes(323)) - ae8e2c12-abd7-4753-9c27-64723a930f37@group-A7B46883A997-LeaderElection26 PRE_VOTE round 0: submit vote requests at term 0 for -1: peers:[ae8e2c12-abd7-4753-9c27-64723a930f37|10.1.0.16:15157, c24408fe-1592-40af-8b37-8bb032baf3c2|10.1.0.16:15175, 34273466-0570-47f7-a015-e29b814fc208|10.1.0.16:15166]|listeners:[], old=null
2024-01-08 22:36:10,380 [ae8e2c12-abd7-4753-9c27-64723a930f37@group-A7B46883A997-LeaderElection26-1] INFO  server.GrpcServerProtocolClient (GrpcServerProtocolClient.java:<init>(65)) - Build channel for c24408fe-1592-40af-8b37-8bb032baf3c2
2024-01-08 22:36:10,381 [ae8e2c12-abd7-4753-9c27-64723a930f37@group-A7B46883A997-LeaderElection26-2] INFO  server.GrpcServerProtocolClient (GrpcServerProtocolClient.java:<init>(65)) - Build channel for 34273466-0570-47f7-a015-e29b814fc208
2024-01-08 22:36:10,381 [ae8e2c12-abd7-4753-9c27-64723a930f37@group-A7B46883A997-LeaderElection26] INFO  server.RaftServerConfigKeys (ConfUtils.java:logFallback(53)) - raft.server.rpc.first-election.timeout.min = 5s (fallback to raft.server.rpc.timeout.min)
2024-01-08 22:36:10,381 [ae8e2c12-abd7-4753-9c27-64723a930f37@group-A7B46883A997-LeaderElection26] INFO  server.RaftServerConfigKeys (ConfUtils.java:logFallback(53)) - raft.server.rpc.first-election.timeout.max = 5200ms (fallback to raft.server.rpc.timeout.max)
2024-01-08 22:36:10,386 [grpc-default-executor-4] INFO  server.RaftServer$Division (RaftServerImpl.java:requestVote(1377)) - c24408fe-1592-40af-8b37-8bb032baf3c2@group-A7B46883A997: receive requestVote(PRE_VOTE, ae8e2c12-abd7-4753-9c27-64723a930f37, group-A7B46883A997, 0, (t:0, i:0))
2024-01-08 22:36:10,386 [grpc-default-executor-2] INFO  server.RaftServer$Division (RaftServerImpl.java:requestVote(1377)) - 34273466-0570-47f7-a015-e29b814fc208@group-A7B46883A997: receive requestVote(PRE_VOTE, ae8e2c12-abd7-4753-9c27-64723a930f37, group-A7B46883A997, 0, (t:0, i:0))
2024-01-08 22:36:10,386 [grpc-default-executor-4] INFO  impl.VoteContext (VoteContext.java:log(49)) - c24408fe-1592-40af-8b37-8bb032baf3c2@group-A7B46883A997-FOLLOWER: reject PRE_VOTE from ae8e2c12-abd7-4753-9c27-64723a930f37: our priority 1 > candidate's priority 0
2024-01-08 22:36:10,386 [grpc-default-executor-2] INFO  impl.VoteContext (VoteContext.java:log(49)) - 34273466-0570-47f7-a015-e29b814fc208@group-A7B46883A997-FOLLOWER: accept PRE_VOTE from ae8e2c12-abd7-4753-9c27-64723a930f37: our priority 0 <= candidate's priority 0
2024-01-08 22:36:10,386 [grpc-default-executor-4] INFO  server.RaftServer$Division (RaftServerImpl.java:requestVote(1410)) - c24408fe-1592-40af-8b37-8bb032baf3c2@group-A7B46883A997 replies to PRE_VOTE vote request: ae8e2c12-abd7-4753-9c27-64723a930f37<-c24408fe-1592-40af-8b37-8bb032baf3c2#0:FAIL-t0. Peer's state: c24408fe-1592-40af-8b37-8bb032baf3c2@group-A7B46883A997:t0, leader=null, voted=, raftlog=Memoized:c24408fe-1592-40af-8b37-8bb032baf3c2@group-A7B46883A997-SegmentedRaftLog:OPENED:c-1, conf=-1: peers:[ae8e2c12-abd7-4753-9c27-64723a930f37|10.1.0.16:15157, c24408fe-1592-40af-8b37-8bb032baf3c2|10.1.0.16:15175, 34273466-0570-47f7-a015-e29b814fc208|10.1.0.16:15166]|listeners:[], old=null
2024-01-08 22:36:10,386 [grpc-default-executor-2] INFO  server.RaftServer$Division (RaftServerImpl.java:requestVote(1410)) - 34273466-0570-47f7-a015-e29b814fc208@group-A7B46883A997 replies to PRE_VOTE vote request: ae8e2c12-abd7-4753-9c27-64723a930f37<-34273466-0570-47f7-a015-e29b814fc208#0:OK-t0. Peer's state: 34273466-0570-47f7-a015-e29b814fc208@group-A7B46883A997:t0, leader=null, voted=, raftlog=Memoized:34273466-0570-47f7-a015-e29b814fc208@group-A7B46883A997-SegmentedRaftLog:OPENED:c-1, conf=-1: peers:[ae8e2c12-abd7-4753-9c27-64723a930f37|10.1.0.16:15157, c24408fe-1592-40af-8b37-8bb032baf3c2|10.1.0.16:15175, 34273466-0570-47f7-a015-e29b814fc208|10.1.0.16:15166]|listeners:[], old=null
2024-01-08 22:36:10,388 [c24408fe-1592-40af-8b37-8bb032baf3c2@group-A7B46883A997-FollowerState] INFO  impl.FollowerState (FollowerState.java:run(143)) - c24408fe-1592-40af-8b37-8bb032baf3c2@group-A7B46883A997-FollowerState: change to CANDIDATE, lastRpcElapsedTime:5032826511ns, electionTimeout:5027ms
2024-01-08 22:36:10,388 [c24408fe-1592-40af-8b37-8bb032baf3c2@group-A7B46883A997-FollowerState] INFO  impl.RoleInfo (RoleInfo.java:shutdownFollowerState(110)) - c24408fe-1592-40af-8b37-8bb032baf3c2: shutdown c24408fe-1592-40af-8b37-8bb032baf3c2@group-A7B46883A997-FollowerState
2024-01-08 22:36:10,388 [c24408fe-1592-40af-8b37-8bb032baf3c2@group-A7B46883A997-FollowerState] INFO  server.RaftServer$Division (RaftServerImpl.java:setRole(379)) - c24408fe-1592-40af-8b37-8bb032baf3c2@group-A7B46883A997: changes role from  FOLLOWER to CANDIDATE at term 0 for changeToCandidate
2024-01-08 22:36:10,388 [c24408fe-1592-40af-8b37-8bb032baf3c2@group-A7B46883A997-FollowerState] INFO  server.RaftServerConfigKeys (ConfUtils.java:logGet(46)) - raft.server.leaderelection.pre-vote = true (default)
2024-01-08 22:36:10,388 [c24408fe-1592-40af-8b37-8bb032baf3c2@group-A7B46883A997-FollowerState] INFO  impl.RoleInfo (RoleInfo.java:updateAndGet(139)) - c24408fe-1592-40af-8b37-8bb032baf3c2: start c24408fe-1592-40af-8b37-8bb032baf3c2@group-A7B46883A997-LeaderElection27
2024-01-08 22:36:10,389 [c24408fe-1592-40af-8b37-8bb032baf3c2@group-A7B46883A997-LeaderElection27] INFO  impl.LeaderElection (LeaderElection.java:askForVotes(323)) - c24408fe-1592-40af-8b37-8bb032baf3c2@group-A7B46883A997-LeaderElection27 PRE_VOTE round 0: submit vote requests at term 0 for -1: peers:[ae8e2c12-abd7-4753-9c27-64723a930f37|10.1.0.16:15157, c24408fe-1592-40af-8b37-8bb032baf3c2|10.1.0.16:15175, 34273466-0570-47f7-a015-e29b814fc208|10.1.0.16:15166]|listeners:[], old=null
2024-01-08 22:36:10,391 [ae8e2c12-abd7-4753-9c27-64723a930f37@group-A7B46883A997-LeaderElection26] INFO  impl.LeaderElection (LeaderElection.java:logAndReturn(89)) - ae8e2c12-abd7-4753-9c27-64723a930f37@group-A7B46883A997-LeaderElection26: PRE_VOTE REJECTED received 2 response(s) and 0 exception(s):
2024-01-08 22:36:10,391 [ae8e2c12-abd7-4753-9c27-64723a930f37@group-A7B46883A997-LeaderElection26] INFO  impl.LeaderElection (LeaderElection.java:logAndReturn(93)) -   Response 0: ae8e2c12-abd7-4753-9c27-64723a930f37<-c24408fe-1592-40af-8b37-8bb032baf3c2#0:FAIL-t0
2024-01-08 22:36:10,391 [ae8e2c12-abd7-4753-9c27-64723a930f37@group-A7B46883A997-LeaderElection26] INFO  impl.LeaderElection (LeaderElection.java:logAndReturn(93)) -   Response 1: ae8e2c12-abd7-4753-9c27-64723a930f37<-34273466-0570-47f7-a015-e29b814fc208#0:OK-t0
2024-01-08 22:36:10,392 [ae8e2c12-abd7-4753-9c27-64723a930f37@group-A7B46883A997-LeaderElection26] INFO  impl.LeaderElection (LeaderElection.java:askForVotes(325)) - ae8e2c12-abd7-4753-9c27-64723a930f37@group-A7B46883A997-LeaderElection26 PRE_VOTE round 0: result REJECTED
2024-01-08 22:36:10,392 [ae8e2c12-abd7-4753-9c27-64723a930f37@group-A7B46883A997-LeaderElection26] INFO  server.RaftServer$Division (RaftServerImpl.java:setRole(379)) - ae8e2c12-abd7-4753-9c27-64723a930f37@group-A7B46883A997: changes role from CANDIDATE to FOLLOWER at term 0 for REJECTED
2024-01-08 22:36:10,392 [ae8e2c12-abd7-4753-9c27-64723a930f37@group-A7B46883A997-LeaderElection26] INFO  impl.RoleInfo (RoleInfo.java:shutdownLeaderElection(130)) - ae8e2c12-abd7-4753-9c27-64723a930f37: shutdown ae8e2c12-abd7-4753-9c27-64723a930f37@group-A7B46883A997-LeaderElection26
2024-01-08 22:36:10,392 [ae8e2c12-abd7-4753-9c27-64723a930f37@group-A7B46883A997-LeaderElection26] INFO  impl.RoleInfo (RoleInfo.java:updateAndGet(139)) - ae8e2c12-abd7-4753-9c27-64723a930f37: start ae8e2c12-abd7-4753-9c27-64723a930f37@group-A7B46883A997-FollowerState
2024-01-08 22:36:10,392 [ae8e2c12-abd7-4753-9c27-64723a930f37@group-A7B46883A997-LeaderElection26] INFO  server.RaftServer$Division (RaftServerImpl.java:setFirstElection(564)) - ae8e2c12-abd7-4753-9c27-64723a930f37@group-A7B46883A997: set firstElectionSinceStartup to false for REJECTED
2024-01-08 22:36:10,392 [c24408fe-1592-40af-8b37-8bb032baf3c2@group-A7B46883A997-LeaderElection27-1] INFO  server.GrpcServerProtocolClient (GrpcServerProtocolClient.java:<init>(65)) - Build channel for ae8e2c12-abd7-4753-9c27-64723a930f37
2024-01-08 22:36:10,392 [c24408fe-1592-40af-8b37-8bb032baf3c2@group-A7B46883A997-LeaderElection27-2] INFO  server.GrpcServerProtocolClient (GrpcServerProtocolClient.java:<init>(65)) - Build channel for 34273466-0570-47f7-a015-e29b814fc208
2024-01-08 22:36:10,392 [c24408fe-1592-40af-8b37-8bb032baf3c2@group-A7B46883A997-LeaderElection27] INFO  server.RaftServerConfigKeys (ConfUtils.java:logFallback(53)) - raft.server.rpc.first-election.timeout.min = 5s (fallback to raft.server.rpc.timeout.min)
2024-01-08 22:36:10,392 [c24408fe-1592-40af-8b37-8bb032baf3c2@group-A7B46883A997-LeaderElection27] INFO  server.RaftServerConfigKeys (ConfUtils.java:logFallback(53)) - raft.server.rpc.first-election.timeout.max = 5200ms (fallback to raft.server.rpc.timeout.max)
2024-01-08 22:36:10,396 [grpc-default-executor-4] INFO  server.RaftServer$Division (RaftServerImpl.java:requestVote(1377)) - ae8e2c12-abd7-4753-9c27-64723a930f37@group-A7B46883A997: receive requestVote(PRE_VOTE, c24408fe-1592-40af-8b37-8bb032baf3c2, group-A7B46883A997, 0, (t:0, i:0))
2024-01-08 22:36:10,396 [grpc-default-executor-4] INFO  impl.VoteContext (VoteContext.java:log(49)) - ae8e2c12-abd7-4753-9c27-64723a930f37@group-A7B46883A997-FOLLOWER: accept PRE_VOTE from c24408fe-1592-40af-8b37-8bb032baf3c2: our priority 0 <= candidate's priority 1
2024-01-08 22:36:10,396 [grpc-default-executor-4] INFO  server.RaftServer$Division (RaftServerImpl.java:requestVote(1410)) - ae8e2c12-abd7-4753-9c27-64723a930f37@group-A7B46883A997 replies to PRE_VOTE vote request: c24408fe-1592-40af-8b37-8bb032baf3c2<-ae8e2c12-abd7-4753-9c27-64723a930f37#0:OK-t0. Peer's state: ae8e2c12-abd7-4753-9c27-64723a930f37@group-A7B46883A997:t0, leader=null, voted=, raftlog=Memoized:ae8e2c12-abd7-4753-9c27-64723a930f37@group-A7B46883A997-SegmentedRaftLog:OPENED:c-1, conf=-1: peers:[ae8e2c12-abd7-4753-9c27-64723a930f37|10.1.0.16:15157, c24408fe-1592-40af-8b37-8bb032baf3c2|10.1.0.16:15175, 34273466-0570-47f7-a015-e29b814fc208|10.1.0.16:15166]|listeners:[], old=null
2024-01-08 22:36:10,400 [c24408fe-1592-40af-8b37-8bb032baf3c2@group-A7B46883A997-LeaderElection27] INFO  impl.LeaderElection (LeaderElection.java:logAndReturn(89)) - c24408fe-1592-40af-8b37-8bb032baf3c2@group-A7B46883A997-LeaderElection27: PRE_VOTE PASSED received 1 response(s) and 0 exception(s):
2024-01-08 22:36:10,400 [c24408fe-1592-40af-8b37-8bb032baf3c2@group-A7B46883A997-LeaderElection27] INFO  impl.LeaderElection (LeaderElection.java:logAndReturn(93)) -   Response 0: c24408fe-1592-40af-8b37-8bb032baf3c2<-ae8e2c12-abd7-4753-9c27-64723a930f37#0:OK-t0
2024-01-08 22:36:10,400 [c24408fe-1592-40af-8b37-8bb032baf3c2@group-A7B46883A997-LeaderElection27] INFO  impl.LeaderElection (LeaderElection.java:askForVotes(325)) - c24408fe-1592-40af-8b37-8bb032baf3c2@group-A7B46883A997-LeaderElection27 PRE_VOTE round 0: result PASSED
2024-01-08 22:36:10,401 [grpc-default-executor-4] INFO  server.RaftServer$Division (RaftServerImpl.java:requestVote(1377)) - 34273466-0570-47f7-a015-e29b814fc208@group-A7B46883A997: receive requestVote(PRE_VOTE, c24408fe-1592-40af-8b37-8bb032baf3c2, group-A7B46883A997, 0, (t:0, i:0))
2024-01-08 22:36:10,401 [grpc-default-executor-4] INFO  impl.VoteContext (VoteContext.java:log(49)) - 34273466-0570-47f7-a015-e29b814fc208@group-A7B46883A997-FOLLOWER: accept PRE_VOTE from c24408fe-1592-40af-8b37-8bb032baf3c2: our priority 0 <= candidate's priority 1
2024-01-08 22:36:10,401 [c24408fe-1592-40af-8b37-8bb032baf3c2@group-A7B46883A997-LeaderElection27] INFO  impl.LeaderElection (LeaderElection.java:askForVotes(323)) - c24408fe-1592-40af-8b37-8bb032baf3c2@group-A7B46883A997-LeaderElection27 ELECTION round 0: submit vote requests at term 1 for -1: peers:[ae8e2c12-abd7-4753-9c27-64723a930f37|10.1.0.16:15157, c24408fe-1592-40af-8b37-8bb032baf3c2|10.1.0.16:15175, 34273466-0570-47f7-a015-e29b814fc208|10.1.0.16:15166]|listeners:[], old=null
2024-01-08 22:36:10,401 [grpc-default-executor-4] INFO  server.RaftServer$Division (RaftServerImpl.java:requestVote(1410)) - 34273466-0570-47f7-a015-e29b814fc208@group-A7B46883A997 replies to PRE_VOTE vote request: c24408fe-1592-40af-8b37-8bb032baf3c2<-34273466-0570-47f7-a015-e29b814fc208#0:OK-t0. Peer's state: 34273466-0570-47f7-a015-e29b814fc208@group-A7B46883A997:t0, leader=null, voted=, raftlog=Memoized:34273466-0570-47f7-a015-e29b814fc208@group-A7B46883A997-SegmentedRaftLog:OPENED:c-1, conf=-1: peers:[ae8e2c12-abd7-4753-9c27-64723a930f37|10.1.0.16:15157, c24408fe-1592-40af-8b37-8bb032baf3c2|10.1.0.16:15175, 34273466-0570-47f7-a015-e29b814fc208|10.1.0.16:15166]|listeners:[], old=null
2024-01-08 22:36:10,402 [grpc-default-executor-4] INFO  server.RaftServer$Division (RaftServerImpl.java:requestVote(1377)) - ae8e2c12-abd7-4753-9c27-64723a930f37@group-A7B46883A997: receive requestVote(ELECTION, c24408fe-1592-40af-8b37-8bb032baf3c2, group-A7B46883A997, 1, (t:0, i:0))
2024-01-08 22:36:10,403 [grpc-default-executor-4] INFO  impl.VoteContext (VoteContext.java:log(49)) - ae8e2c12-abd7-4753-9c27-64723a930f37@group-A7B46883A997-FOLLOWER: accept ELECTION from c24408fe-1592-40af-8b37-8bb032baf3c2: our priority 0 <= candidate's priority 1
2024-01-08 22:36:10,403 [grpc-default-executor-4] INFO  server.RaftServer$Division (RaftServerImpl.java:setRole(379)) - ae8e2c12-abd7-4753-9c27-64723a930f37@group-A7B46883A997: changes role from  FOLLOWER to FOLLOWER at term 1 for candidate:c24408fe-1592-40af-8b37-8bb032baf3c2
2024-01-08 22:36:10,403 [grpc-default-executor-4] INFO  impl.RoleInfo (RoleInfo.java:shutdownFollowerState(110)) - ae8e2c12-abd7-4753-9c27-64723a930f37: shutdown ae8e2c12-abd7-4753-9c27-64723a930f37@group-A7B46883A997-FollowerState
2024-01-08 22:36:10,403 [c24408fe-1592-40af-8b37-8bb032baf3c2@group-A7B46883A997-LeaderElection27] INFO  server.RaftServerConfigKeys (ConfUtils.java:logFallback(53)) - raft.server.rpc.first-election.timeout.min = 5s (fallback to raft.server.rpc.timeout.min)
2024-01-08 22:36:10,403 [c24408fe-1592-40af-8b37-8bb032baf3c2@group-A7B46883A997-LeaderElection27] INFO  server.RaftServerConfigKeys (ConfUtils.java:logFallback(53)) - raft.server.rpc.first-election.timeout.max = 5200ms (fallback to raft.server.rpc.timeout.max)
2024-01-08 22:36:10,404 [grpc-default-executor-2] INFO  server.RaftServer$Division (RaftServerImpl.java:requestVote(1377)) - 34273466-0570-47f7-a015-e29b814fc208@group-A7B46883A997: receive requestVote(ELECTION, c24408fe-1592-40af-8b37-8bb032baf3c2, group-A7B46883A997, 1, (t:0, i:0))
2024-01-08 22:36:10,404 [grpc-default-executor-2] INFO  impl.VoteContext (VoteContext.java:log(49)) - 34273466-0570-47f7-a015-e29b814fc208@group-A7B46883A997-FOLLOWER: accept ELECTION from c24408fe-1592-40af-8b37-8bb032baf3c2: our priority 0 <= candidate's priority 1
2024-01-08 22:36:10,404 [grpc-default-executor-2] INFO  server.RaftServer$Division (RaftServerImpl.java:setRole(379)) - 34273466-0570-47f7-a015-e29b814fc208@group-A7B46883A997: changes role from  FOLLOWER to FOLLOWER at term 1 for candidate:c24408fe-1592-40af-8b37-8bb032baf3c2
2024-01-08 22:36:10,404 [grpc-default-executor-2] INFO  impl.RoleInfo (RoleInfo.java:shutdownFollowerState(110)) - 34273466-0570-47f7-a015-e29b814fc208: shutdown 34273466-0570-47f7-a015-e29b814fc208@group-A7B46883A997-FollowerState
2024-01-08 22:36:10,404 [grpc-default-executor-2] INFO  impl.RoleInfo (RoleInfo.java:updateAndGet(139)) - 34273466-0570-47f7-a015-e29b814fc208: start 34273466-0570-47f7-a015-e29b814fc208@group-A7B46883A997-FollowerState
2024-01-08 22:36:10,404 [34273466-0570-47f7-a015-e29b814fc208@group-A7B46883A997-FollowerState] INFO  impl.FollowerState (FollowerState.java:run(152)) - 34273466-0570-47f7-a015-e29b814fc208@group-A7B46883A997-FollowerState was interrupted
2024-01-08 22:36:10,405 [grpc-default-executor-2] INFO  server.RaftServer$Division (RaftServerImpl.java:setFirstElection(564)) - 34273466-0570-47f7-a015-e29b814fc208@group-A7B46883A997: set firstElectionSinceStartup to false for candidate:c24408fe-1592-40af-8b37-8bb032baf3c2
2024-01-08 22:36:10,405 [ae8e2c12-abd7-4753-9c27-64723a930f37@group-A7B46883A997-FollowerState] INFO  impl.FollowerState (FollowerState.java:run(152)) - ae8e2c12-abd7-4753-9c27-64723a930f37@group-A7B46883A997-FollowerState was interrupted
2024-01-08 22:36:10,406 [grpc-default-executor-2] INFO  server.RaftServer$Division (RaftServerImpl.java:requestVote(1410)) - 34273466-0570-47f7-a015-e29b814fc208@group-A7B46883A997 replies to ELECTION vote request: c24408fe-1592-40af-8b37-8bb032baf3c2<-34273466-0570-47f7-a015-e29b814fc208#0:OK-t1. Peer's state: 34273466-0570-47f7-a015-e29b814fc208@group-A7B46883A997:t1, leader=null, voted=c24408fe-1592-40af-8b37-8bb032baf3c2, raftlog=Memoized:34273466-0570-47f7-a015-e29b814fc208@group-A7B46883A997-SegmentedRaftLog:OPENED:c-1, conf=-1: peers:[ae8e2c12-abd7-4753-9c27-64723a930f37|10.1.0.16:15157, c24408fe-1592-40af-8b37-8bb032baf3c2|10.1.0.16:15175, 34273466-0570-47f7-a015-e29b814fc208|10.1.0.16:15166]|listeners:[], old=null
2024-01-08 22:36:10,407 [grpc-default-executor-4] INFO  impl.RoleInfo (RoleInfo.java:updateAndGet(139)) - ae8e2c12-abd7-4753-9c27-64723a930f37: start ae8e2c12-abd7-4753-9c27-64723a930f37@group-A7B46883A997-FollowerState
2024-01-08 22:36:10,408 [c24408fe-1592-40af-8b37-8bb032baf3c2@group-A7B46883A997-LeaderElection27] INFO  impl.LeaderElection (LeaderElection.java:logAndReturn(89)) - c24408fe-1592-40af-8b37-8bb032baf3c2@group-A7B46883A997-LeaderElection27: ELECTION PASSED received 1 response(s) and 0 exception(s):
2024-01-08 22:36:10,408 [c24408fe-1592-40af-8b37-8bb032baf3c2@group-A7B46883A997-LeaderElection27] INFO  impl.LeaderElection (LeaderElection.java:logAndReturn(93)) -   Response 0: c24408fe-1592-40af-8b37-8bb032baf3c2<-34273466-0570-47f7-a015-e29b814fc208#0:OK-t1
2024-01-08 22:36:10,408 [c24408fe-1592-40af-8b37-8bb032baf3c2@group-A7B46883A997-LeaderElection27] INFO  impl.LeaderElection (LeaderElection.java:askForVotes(325)) - c24408fe-1592-40af-8b37-8bb032baf3c2@group-A7B46883A997-LeaderElection27 ELECTION round 0: result PASSED
2024-01-08 22:36:10,408 [c24408fe-1592-40af-8b37-8bb032baf3c2@group-A7B46883A997-LeaderElection27] INFO  impl.RoleInfo (RoleInfo.java:shutdownLeaderElection(130)) - c24408fe-1592-40af-8b37-8bb032baf3c2: shutdown c24408fe-1592-40af-8b37-8bb032baf3c2@group-A7B46883A997-LeaderElection27
2024-01-08 22:36:10,408 [c24408fe-1592-40af-8b37-8bb032baf3c2@group-A7B46883A997-LeaderElection27] INFO  server.RaftServer$Division (RaftServerImpl.java:setRole(379)) - c24408fe-1592-40af-8b37-8bb032baf3c2@group-A7B46883A997: changes role from CANDIDATE to LEADER at term 1 for changeToLeader
2024-01-08 22:36:10,408 [c24408fe-1592-40af-8b37-8bb032baf3c2@group-A7B46883A997-LeaderElection27] INFO  server.RaftServerConfigKeys (ConfUtils.java:logGet(46)) - raft.server.staging.catchup.gap = 1000 (default)
2024-01-08 22:36:10,408 [c24408fe-1592-40af-8b37-8bb032baf3c2@group-A7B46883A997-LeaderElection27] INFO  server.RaftServerConfigKeys (ConfUtils.java:logGet(46)) - raft.server.write.element-limit = 1024 (custom)
2024-01-08 22:36:10,408 [c24408fe-1592-40af-8b37-8bb032baf3c2@group-A7B46883A997-LeaderElection27] INFO  server.RaftServerConfigKeys (ConfUtils.java:logGet(46)) - raft.server.write.byte-limit = 1024 M (=1073741824) (custom)
2024-01-08 22:36:10,408 [c24408fe-1592-40af-8b37-8bb032baf3c2@group-A7B46883A997-LeaderElection27] INFO  server.RaftServerConfigKeys (ConfUtils.java:logGet(46)) - raft.server.watch.timeout = 3000ms (custom)
2024-01-08 22:36:10,408 [c24408fe-1592-40af-8b37-8bb032baf3c2@group-A7B46883A997-LeaderElection27] INFO  server.RaftServerConfigKeys (ConfUtils.java:logGet(46)) - raft.server.watch.timeout.denomination = 1s (default)
2024-01-08 22:36:10,409 [c24408fe-1592-40af-8b37-8bb032baf3c2@group-A7B46883A997-LeaderElection27] INFO  server.RaftServerConfigKeys (ConfUtils.java:logGet(46)) - raft.server.watch.element-limit = 65536 (default)
2024-01-08 22:36:10,409 [c24408fe-1592-40af-8b37-8bb032baf3c2@group-A7B46883A997-LeaderElection27] INFO  server.RaftServerConfigKeys (ConfUtils.java:logGet(46)) - raft.server.read.leader.lease.enabled = false (default)
2024-01-08 22:36:10,409 [c24408fe-1592-40af-8b37-8bb032baf3c2@group-A7B46883A997-LeaderElection27] INFO  server.RaftServerConfigKeys (ConfUtils.java:logGet(46)) - raft.server.read.leader.lease.timeout.ratio = 0.9 (default)
2024-01-08 22:36:10,409 [c24408fe-1592-40af-8b37-8bb032baf3c2@group-A7B46883A997-LeaderElection27] INFO  server.RaftServerConfigKeys (ConfUtils.java:logGet(46)) - raft.server.rpc.timeout.min = 5s (custom)
2024-01-08 22:36:10,409 [c24408fe-1592-40af-8b37-8bb032baf3c2@group-A7B46883A997-LeaderElection27] INFO  server.RaftServerConfigKeys (ConfUtils.java:logGet(46)) - raft.server.write.element-limit = 1024 (custom)
2024-01-08 22:36:10,409 [c24408fe-1592-40af-8b37-8bb032baf3c2@group-A7B46883A997-LeaderElection27] INFO  server.RaftServerConfigKeys (ConfUtils.java:logGet(46)) - raft.server.write.follower.gap.ratio.max = -1.0 (default)
2024-01-08 22:36:10,409 [c24408fe-1592-40af-8b37-8bb032baf3c2@group-A7B46883A997-LeaderElection27] INFO  server.RaftServerConfigKeys (ConfUtils.java:logGet(46)) - raft.server.log.appender.snapshot.chunk.size.max = 16MB (=16777216) (default)
2024-01-08 22:36:10,410 [c24408fe-1592-40af-8b37-8bb032baf3c2@group-A7B46883A997-LeaderElection27] INFO  server.RaftServerConfigKeys (ConfUtils.java:logGet(46)) - raft.server.log.appender.buffer.byte-limit = 8388608 (custom)
2024-01-08 22:36:10,410 [c24408fe-1592-40af-8b37-8bb032baf3c2@group-A7B46883A997-LeaderElection27] INFO  server.RaftServerConfigKeys (ConfUtils.java:logGet(46)) - raft.server.log.appender.buffer.element-limit = 1 (custom)
2024-01-08 22:36:10,410 [c24408fe-1592-40af-8b37-8bb032baf3c2@group-A7B46883A997-LeaderElection27] INFO  server.RaftServerConfigKeys (ConfUtils.java:logGet(46)) - raft.server.log.appender.wait-time.min = 0ms (custom)
2024-01-08 22:36:10,410 [c24408fe-1592-40af-8b37-8bb032baf3c2@group-A7B46883A997-LeaderElection27] INFO  grpc.GrpcConfigKeys (ConfUtils.java:logGet(46)) - raft.grpc.server.leader.outstanding.appends.max = 8 (default)
2024-01-08 22:36:10,410 [c24408fe-1592-40af-8b37-8bb032baf3c2@group-A7B46883A997-LeaderElection27] INFO  server.RaftServerConfigKeys (ConfUtils.java:logGet(46)) - raft.server.rpc.request.timeout = 3000ms (default)
2024-01-08 22:36:10,410 [c24408fe-1592-40af-8b37-8bb032baf3c2@group-A7B46883A997-LeaderElection27] INFO  grpc.GrpcConfigKeys (ConfUtils.java:logGet(46)) - raft.grpc.server.install_snapshot.request.element-limit = 8 (default)
2024-01-08 22:36:10,410 [c24408fe-1592-40af-8b37-8bb032baf3c2@group-A7B46883A997-LeaderElection27] INFO  grpc.GrpcConfigKeys (ConfUtils.java:logGet(46)) - raft.grpc.server.install_snapshot.request.timeout = 3000ms (default)
2024-01-08 22:36:10,410 [c24408fe-1592-40af-8b37-8bb032baf3c2@group-A7B46883A997-LeaderElection27] INFO  server.RaftServerConfigKeys (ConfUtils.java:logGet(46)) - raft.server.log.appender.install.snapshot.enabled = false (custom)
2024-01-08 22:36:10,410 [c24408fe-1592-40af-8b37-8bb032baf3c2@group-A7B46883A997-LeaderElection27] INFO  grpc.GrpcConfigKeys (ConfUtils.java:logGet(46)) - raft.grpc.server.heartbeat.channel = true (default)
2024-01-08 22:36:10,411 [grpc-default-executor-4] INFO  server.RaftServer$Division (RaftServerImpl.java:requestVote(1410)) - ae8e2c12-abd7-4753-9c27-64723a930f37@group-A7B46883A997 replies to ELECTION vote request: c24408fe-1592-40af-8b37-8bb032baf3c2<-ae8e2c12-abd7-4753-9c27-64723a930f37#0:OK-t1. Peer's state: ae8e2c12-abd7-4753-9c27-64723a930f37@group-A7B46883A997:t1, leader=null, voted=c24408fe-1592-40af-8b37-8bb032baf3c2, raftlog=Memoized:ae8e2c12-abd7-4753-9c27-64723a930f37@group-A7B46883A997-SegmentedRaftLog:OPENED:c-1, conf=-1: peers:[ae8e2c12-abd7-4753-9c27-64723a930f37|10.1.0.16:15157, c24408fe-1592-40af-8b37-8bb032baf3c2|10.1.0.16:15175, 34273466-0570-47f7-a015-e29b814fc208|10.1.0.16:15166]|listeners:[], old=null
2024-01-08 22:36:10,411 [c24408fe-1592-40af-8b37-8bb032baf3c2@group-A7B46883A997-LeaderElection27] INFO  server.RaftServerConfigKeys (ConfUtils.java:logGet(46)) - raft.server.log.appender.snapshot.chunk.size.max = 16MB (=16777216) (default)
2024-01-08 22:36:10,411 [c24408fe-1592-40af-8b37-8bb032baf3c2@group-A7B46883A997-LeaderElection27] INFO  server.RaftServerConfigKeys (ConfUtils.java:logGet(46)) - raft.server.log.appender.buffer.byte-limit = 8388608 (custom)
2024-01-08 22:36:10,411 [c24408fe-1592-40af-8b37-8bb032baf3c2@group-A7B46883A997-LeaderElection27] INFO  server.RaftServerConfigKeys (ConfUtils.java:logGet(46)) - raft.server.log.appender.buffer.element-limit = 1 (custom)
2024-01-08 22:36:10,412 [c24408fe-1592-40af-8b37-8bb032baf3c2@group-A7B46883A997-LeaderElection27] INFO  server.RaftServerConfigKeys (ConfUtils.java:logGet(46)) - raft.server.log.appender.wait-time.min = 0ms (custom)
2024-01-08 22:36:10,412 [c24408fe-1592-40af-8b37-8bb032baf3c2@group-A7B46883A997-LeaderElection27] INFO  grpc.GrpcConfigKeys (ConfUtils.java:logGet(46)) - raft.grpc.server.leader.outstanding.appends.max = 8 (default)
2024-01-08 22:36:10,412 [c24408fe-1592-40af-8b37-8bb032baf3c2@group-A7B46883A997-LeaderElection27] INFO  server.RaftServerConfigKeys (ConfUtils.java:logGet(46)) - raft.server.rpc.request.timeout = 3000ms (default)
2024-01-08 22:36:10,412 [c24408fe-1592-40af-8b37-8bb032baf3c2@group-A7B46883A997-LeaderElection27] INFO  grpc.GrpcConfigKeys (ConfUtils.java:logGet(46)) - raft.grpc.server.install_snapshot.request.element-limit = 8 (default)
2024-01-08 22:36:10,412 [c24408fe-1592-40af-8b37-8bb032baf3c2@group-A7B46883A997-LeaderElection27] INFO  grpc.GrpcConfigKeys (ConfUtils.java:logGet(46)) - raft.grpc.server.install_snapshot.request.timeout = 3000ms (default)
2024-01-08 22:36:10,412 [c24408fe-1592-40af-8b37-8bb032baf3c2@group-A7B46883A997-LeaderElection27] INFO  server.RaftServerConfigKeys (ConfUtils.java:logGet(46)) - raft.server.log.appender.install.snapshot.enabled = false (custom)
2024-01-08 22:36:10,412 [c24408fe-1592-40af-8b37-8bb032baf3c2@group-A7B46883A997-LeaderElection27] INFO  grpc.GrpcConfigKeys (ConfUtils.java:logGet(46)) - raft.grpc.server.heartbeat.channel = true (default)
2024-01-08 22:36:10,412 [c24408fe-1592-40af-8b37-8bb032baf3c2@group-A7B46883A997-LeaderElection27] INFO  impl.RoleInfo (RoleInfo.java:updateAndGet(139)) - c24408fe-1592-40af-8b37-8bb032baf3c2: start c24408fe-1592-40af-8b37-8bb032baf3c2@group-A7B46883A997-LeaderStateImpl
2024-01-08 22:36:10,412 [c24408fe-1592-40af-8b37-8bb032baf3c2@group-A7B46883A997-LeaderElection27] INFO  server.RaftServer$Division (RaftServerImpl.java:setFirstElection(564)) - c24408fe-1592-40af-8b37-8bb032baf3c2@group-A7B46883A997: set firstElectionSinceStartup to false for becomeLeader
2024-01-08 22:36:10,412 [c24408fe-1592-40af-8b37-8bb032baf3c2@group-A7B46883A997-LeaderElection27] INFO  ratis.XceiverServerRatis (XceiverServerRatis.java:handleLeaderChangedNotification(945)) - Leader change notification received for group: group-A7B46883A997 with new leaderId: c24408fe-1592-40af-8b37-8bb032baf3c2
2024-01-08 22:36:10,412 [c24408fe-1592-40af-8b37-8bb032baf3c2@group-A7B46883A997-LeaderElection27] INFO  server.RaftServer$Division (ServerState.java:setLeader(265)) - c24408fe-1592-40af-8b37-8bb032baf3c2@group-A7B46883A997: change Leader from null to c24408fe-1592-40af-8b37-8bb032baf3c2 at term 1 for becomeLeader, leader elected after 5068ms
2024-01-08 22:36:10,413 [c24408fe-1592-40af-8b37-8bb032baf3c2@group-A7B46883A997-LeaderElection27] INFO  segmented.SegmentedRaftLogWorker (SegmentedRaftLogWorker.java:startLogSegment(428)) - c24408fe-1592-40af-8b37-8bb032baf3c2@group-A7B46883A997-SegmentedRaftLogWorker: Starting segment from index:0
2024-01-08 22:36:10,414 [EventQueue-PipelineReportForPipelineReportHandler] INFO  pipeline.PipelineReportHandler (PipelineReportHandler.java:processPipelineReport(136)) - Opened pipeline PipelineID=d4edd10d-5659-417d-995a-a7b46883a997
2024-01-08 22:36:10,416 [c24408fe-1592-40af-8b37-8bb032baf3c2@group-A7B46883A997-LeaderElection27] INFO  server.RaftServer$Division (ServerState.java:setRaftConf(382)) - c24408fe-1592-40af-8b37-8bb032baf3c2@group-A7B46883A997: set configuration 0: peers:[ae8e2c12-abd7-4753-9c27-64723a930f37|10.1.0.16:15157, c24408fe-1592-40af-8b37-8bb032baf3c2|10.1.0.16:15175, 34273466-0570-47f7-a015-e29b814fc208|10.1.0.16:15166]|listeners:[], old=null
2024-01-08 22:36:10,422 [c24408fe-1592-40af-8b37-8bb032baf3c2@group-A7B46883A997-SegmentedRaftLogWorker] INFO  segmented.SegmentedRaftLogWorker (SegmentedRaftLogWorker.java:execute(632)) - c24408fe-1592-40af-8b37-8bb032baf3c2@group-A7B46883A997-SegmentedRaftLogWorker: created new log segment /home/runner/work/ozone/ozone/hadoop-ozone/integration-test/target/test-dir/MiniOzoneClusterImpl-25d1905f-b767-404d-84bf-be0dd4c89112/datanode-8/data/ratis/d4edd10d-5659-417d-995a-a7b46883a997/current/log_inprogress_0
2024-01-08 22:36:10,422 [34273466-0570-47f7-a015-e29b814fc208-server-thread1] INFO  ratis.XceiverServerRatis (XceiverServerRatis.java:handleLeaderChangedNotification(945)) - Leader change notification received for group: group-A7B46883A997 with new leaderId: c24408fe-1592-40af-8b37-8bb032baf3c2
2024-01-08 22:36:10,422 [ae8e2c12-abd7-4753-9c27-64723a930f37-server-thread2] INFO  ratis.XceiverServerRatis (XceiverServerRatis.java:handleLeaderChangedNotification(945)) - Leader change notification received for group: group-A7B46883A997 with new leaderId: c24408fe-1592-40af-8b37-8bb032baf3c2
2024-01-08 22:36:10,422 [34273466-0570-47f7-a015-e29b814fc208-server-thread1] INFO  server.RaftServer$Division (ServerState.java:setLeader(265)) - 34273466-0570-47f7-a015-e29b814fc208@group-A7B46883A997: change Leader from null to c24408fe-1592-40af-8b37-8bb032baf3c2 at term 1 for appendEntries, leader elected after 5044ms
2024-01-08 22:36:10,422 [ae8e2c12-abd7-4753-9c27-64723a930f37-server-thread2] INFO  server.RaftServer$Division (ServerState.java:setLeader(265)) - ae8e2c12-abd7-4753-9c27-64723a930f37@group-A7B46883A997: change Leader from null to c24408fe-1592-40af-8b37-8bb032baf3c2 at term 1 for appendEntries, leader elected after 5121ms
2024-01-08 22:36:10,424 [34273466-0570-47f7-a015-e29b814fc208-server-thread1] INFO  server.RaftServer$Division (ServerState.java:setRaftConf(382)) - 34273466-0570-47f7-a015-e29b814fc208@group-A7B46883A997: set configuration 0: peers:[ae8e2c12-abd7-4753-9c27-64723a930f37|10.1.0.16:15157, c24408fe-1592-40af-8b37-8bb032baf3c2|10.1.0.16:15175, 34273466-0570-47f7-a015-e29b814fc208|10.1.0.16:15166]|listeners:[], old=null
2024-01-08 22:36:10,424 [ae8e2c12-abd7-4753-9c27-64723a930f37-server-thread2] INFO  server.RaftServer$Division (ServerState.java:setRaftConf(382)) - ae8e2c12-abd7-4753-9c27-64723a930f37@group-A7B46883A997: set configuration 0: peers:[ae8e2c12-abd7-4753-9c27-64723a930f37|10.1.0.16:15157, c24408fe-1592-40af-8b37-8bb032baf3c2|10.1.0.16:15175, 34273466-0570-47f7-a015-e29b814fc208|10.1.0.16:15166]|listeners:[], old=null
2024-01-08 22:36:10,424 [34273466-0570-47f7-a015-e29b814fc208-server-thread1] INFO  segmented.SegmentedRaftLogWorker (SegmentedRaftLogWorker.java:startLogSegment(428)) - 34273466-0570-47f7-a015-e29b814fc208@group-A7B46883A997-SegmentedRaftLogWorker: Starting segment from index:0
2024-01-08 22:36:10,424 [ae8e2c12-abd7-4753-9c27-64723a930f37-server-thread2] INFO  segmented.SegmentedRaftLogWorker (SegmentedRaftLogWorker.java:startLogSegment(428)) - ae8e2c12-abd7-4753-9c27-64723a930f37@group-A7B46883A997-SegmentedRaftLogWorker: Starting segment from index:0
2024-01-08 22:36:10,431 [ae8e2c12-abd7-4753-9c27-64723a930f37@group-A7B46883A997-SegmentedRaftLogWorker] INFO  segmented.SegmentedRaftLogWorker (SegmentedRaftLogWorker.java:execute(632)) - ae8e2c12-abd7-4753-9c27-64723a930f37@group-A7B46883A997-SegmentedRaftLogWorker: created new log segment /home/runner/work/ozone/ozone/hadoop-ozone/integration-test/target/test-dir/MiniOzoneClusterImpl-25d1905f-b767-404d-84bf-be0dd4c89112/datanode-6/data/ratis/d4edd10d-5659-417d-995a-a7b46883a997/current/log_inprogress_0
2024-01-08 22:36:10,433 [c24408fe-1592-40af-8b37-8bb032baf3c2@group-A7B46883A997-StateMachineUpdater] INFO  server.RaftServer$Division (LeaderStateImpl.java:isApplied(316)) - leader is ready since appliedIndex == 0 >= startIndex == 0
2024-01-08 22:36:10,434 [34273466-0570-47f7-a015-e29b814fc208@group-F5999DE2E330-FollowerState] INFO  impl.FollowerState (FollowerState.java:run(143)) - 34273466-0570-47f7-a015-e29b814fc208@group-F5999DE2E330-FollowerState: change to CANDIDATE, lastRpcElapsedTime:5015797825ns, electionTimeout:5015ms
2024-01-08 22:36:10,434 [34273466-0570-47f7-a015-e29b814fc208@group-F5999DE2E330-FollowerState] INFO  impl.RoleInfo (RoleInfo.java:shutdownFollowerState(110)) - 34273466-0570-47f7-a015-e29b814fc208: shutdown 34273466-0570-47f7-a015-e29b814fc208@group-F5999DE2E330-FollowerState
2024-01-08 22:36:10,434 [34273466-0570-47f7-a015-e29b814fc208@group-F5999DE2E330-FollowerState] INFO  server.RaftServer$Division (RaftServerImpl.java:setRole(379)) - 34273466-0570-47f7-a015-e29b814fc208@group-F5999DE2E330: changes role from  FOLLOWER to CANDIDATE at term 0 for changeToCandidate
2024-01-08 22:36:10,434 [34273466-0570-47f7-a015-e29b814fc208@group-F5999DE2E330-FollowerState] INFO  server.RaftServerConfigKeys (ConfUtils.java:logGet(46)) - raft.server.leaderelection.pre-vote = true (default)
2024-01-08 22:36:10,434 [34273466-0570-47f7-a015-e29b814fc208@group-F5999DE2E330-FollowerState] INFO  impl.RoleInfo (RoleInfo.java:updateAndGet(139)) - 34273466-0570-47f7-a015-e29b814fc208: start 34273466-0570-47f7-a015-e29b814fc208@group-F5999DE2E330-LeaderElection28
2024-01-08 22:36:10,437 [34273466-0570-47f7-a015-e29b814fc208@group-A7B46883A997-SegmentedRaftLogWorker] INFO  segmented.SegmentedRaftLogWorker (SegmentedRaftLogWorker.java:execute(632)) - 34273466-0570-47f7-a015-e29b814fc208@group-A7B46883A997-SegmentedRaftLogWorker: created new log segment /home/runner/work/ozone/ozone/hadoop-ozone/integration-test/target/test-dir/MiniOzoneClusterImpl-25d1905f-b767-404d-84bf-be0dd4c89112/datanode-7/data/ratis/d4edd10d-5659-417d-995a-a7b46883a997/current/log_inprogress_0
2024-01-08 22:36:10,438 [34273466-0570-47f7-a015-e29b814fc208@group-F5999DE2E330-LeaderElection28] INFO  impl.LeaderElection (LeaderElection.java:askForVotes(323)) - 34273466-0570-47f7-a015-e29b814fc208@group-F5999DE2E330-LeaderElection28 PRE_VOTE round 0: submit vote requests at term 0 for -1: peers:[34273466-0570-47f7-a015-e29b814fc208|10.1.0.16:15166]|listeners:[], old=null
2024-01-08 22:36:10,438 [34273466-0570-47f7-a015-e29b814fc208@group-F5999DE2E330-LeaderElection28] INFO  impl.LeaderElection (LeaderElection.java:askForVotes(325)) - 34273466-0570-47f7-a015-e29b814fc208@group-F5999DE2E330-LeaderElection28 PRE_VOTE round 0: result PASSED (term=0)
2024-01-08 22:36:10,439 [34273466-0570-47f7-a015-e29b814fc208@group-F5999DE2E330-LeaderElection28] INFO  impl.LeaderElection (LeaderElection.java:askForVotes(323)) - 34273466-0570-47f7-a015-e29b814fc208@group-F5999DE2E330-LeaderElection28 ELECTION round 0: submit vote requests at term 1 for -1: peers:[34273466-0570-47f7-a015-e29b814fc208|10.1.0.16:15166]|listeners:[], old=null
2024-01-08 22:36:10,439 [34273466-0570-47f7-a015-e29b814fc208@group-F5999DE2E330-LeaderElection28] INFO  impl.LeaderElection (LeaderElection.java:askForVotes(325)) - 34273466-0570-47f7-a015-e29b814fc208@group-F5999DE2E330-LeaderElection28 ELECTION round 0: result PASSED (term=1)
2024-01-08 22:36:10,439 [34273466-0570-47f7-a015-e29b814fc208@group-F5999DE2E330-LeaderElection28] INFO  impl.RoleInfo (RoleInfo.java:shutdownLeaderElection(130)) - 34273466-0570-47f7-a015-e29b814fc208: shutdown 34273466-0570-47f7-a015-e29b814fc208@group-F5999DE2E330-LeaderElection28
2024-01-08 22:36:10,439 [34273466-0570-47f7-a015-e29b814fc208@group-F5999DE2E330-LeaderElection28] INFO  server.RaftServer$Division (RaftServerImpl.java:setRole(379)) - 34273466-0570-47f7-a015-e29b814fc208@group-F5999DE2E330: changes role from CANDIDATE to LEADER at term 1 for changeToLeader
2024-01-08 22:36:10,439 [34273466-0570-47f7-a015-e29b814fc208@group-F5999DE2E330-LeaderElection28] INFO  server.RaftServerConfigKeys (ConfUtils.java:logGet(46)) - raft.server.staging.catchup.gap = 1000 (default)
2024-01-08 22:36:10,440 [34273466-0570-47f7-a015-e29b814fc208@group-F5999DE2E330-LeaderElection28] INFO  server.RaftServerConfigKeys (ConfUtils.java:logGet(46)) - raft.server.write.element-limit = 1024 (custom)
2024-01-08 22:36:10,440 [34273466-0570-47f7-a015-e29b814fc208@group-F5999DE2E330-LeaderElection28] INFO  server.RaftServerConfigKeys (ConfUtils.java:logGet(46)) - raft.server.write.byte-limit = 1024 M (=1073741824) (custom)
2024-01-08 22:36:10,440 [34273466-0570-47f7-a015-e29b814fc208@group-F5999DE2E330-LeaderElection28] INFO  server.RaftServerConfigKeys (ConfUtils.java:logGet(46)) - raft.server.watch.timeout = 3000ms (custom)
2024-01-08 22:36:10,440 [34273466-0570-47f7-a015-e29b814fc208@group-F5999DE2E330-LeaderElection28] INFO  server.RaftServerConfigKeys (ConfUtils.java:logGet(46)) - raft.server.watch.timeout.denomination = 1s (default)
2024-01-08 22:36:10,440 [34273466-0570-47f7-a015-e29b814fc208@group-F5999DE2E330-LeaderElection28] INFO  server.RaftServerConfigKeys (ConfUtils.java:logGet(46)) - raft.server.watch.element-limit = 65536 (default)
2024-01-08 22:36:10,440 [34273466-0570-47f7-a015-e29b814fc208@group-F5999DE2E330-LeaderElection28] INFO  server.RaftServerConfigKeys (ConfUtils.java:logGet(46)) - raft.server.read.leader.lease.enabled = false (default)
2024-01-08 22:36:10,441 [34273466-0570-47f7-a015-e29b814fc208@group-F5999DE2E330-LeaderElection28] INFO  server.RaftServerConfigKeys (ConfUtils.java:logGet(46)) - raft.server.read.leader.lease.timeout.ratio = 0.9 (default)
2024-01-08 22:36:10,441 [34273466-0570-47f7-a015-e29b814fc208@group-F5999DE2E330-LeaderElection28] INFO  server.RaftServerConfigKeys (ConfUtils.java:logGet(46)) - raft.server.rpc.timeout.min = 5s (custom)
2024-01-08 22:36:10,441 [34273466-0570-47f7-a015-e29b814fc208@group-F5999DE2E330-LeaderElection28] INFO  server.RaftServerConfigKeys (ConfUtils.java:logGet(46)) - raft.server.write.element-limit = 1024 (custom)
2024-01-08 22:36:10,441 [34273466-0570-47f7-a015-e29b814fc208@group-F5999DE2E330-LeaderElection28] INFO  server.RaftServerConfigKeys (ConfUtils.java:logGet(46)) - raft.server.write.follower.gap.ratio.max = -1.0 (default)
2024-01-08 22:36:10,441 [34273466-0570-47f7-a015-e29b814fc208@group-F5999DE2E330-LeaderElection28] INFO  impl.RoleInfo (RoleInfo.java:updateAndGet(139)) - 34273466-0570-47f7-a015-e29b814fc208: start 34273466-0570-47f7-a015-e29b814fc208@group-F5999DE2E330-LeaderStateImpl
2024-01-08 22:36:10,441 [34273466-0570-47f7-a015-e29b814fc208@group-F5999DE2E330-LeaderElection28] INFO  server.RaftServer$Division (RaftServerImpl.java:setFirstElection(564)) - 34273466-0570-47f7-a015-e29b814fc208@group-F5999DE2E330: set firstElectionSinceStartup to false for becomeLeader
2024-01-08 22:36:10,441 [34273466-0570-47f7-a015-e29b814fc208@group-F5999DE2E330-LeaderElection28] INFO  ratis.XceiverServerRatis (XceiverServerRatis.java:handleLeaderChangedNotification(945)) - Leader change notification received for group: group-F5999DE2E330 with new leaderId: 34273466-0570-47f7-a015-e29b814fc208
2024-01-08 22:36:10,441 [34273466-0570-47f7-a015-e29b814fc208@group-F5999DE2E330-LeaderElection28] INFO  server.RaftServer$Division (ServerState.java:setLeader(265)) - 34273466-0570-47f7-a015-e29b814fc208@group-F5999DE2E330: change Leader from null to 34273466-0570-47f7-a015-e29b814fc208 at term 1 for becomeLeader, leader elected after 5042ms
2024-01-08 22:36:10,442 [34273466-0570-47f7-a015-e29b814fc208@group-F5999DE2E330-LeaderElection28] INFO  segmented.SegmentedRaftLogWorker (SegmentedRaftLogWorker.java:startLogSegment(428)) - 34273466-0570-47f7-a015-e29b814fc208@group-F5999DE2E330-SegmentedRaftLogWorker: Starting segment from index:0
2024-01-08 22:36:10,446 [34273466-0570-47f7-a015-e29b814fc208@group-F5999DE2E330-LeaderElection28] INFO  server.RaftServer$Division (ServerState.java:setRaftConf(382)) - 34273466-0570-47f7-a015-e29b814fc208@group-F5999DE2E330: set configuration 0: peers:[34273466-0570-47f7-a015-e29b814fc208|10.1.0.16:15166]|listeners:[], old=null
2024-01-08 22:36:10,450 [34273466-0570-47f7-a015-e29b814fc208@group-F5999DE2E330-SegmentedRaftLogWorker] INFO  segmented.SegmentedRaftLogWorker (SegmentedRaftLogWorker.java:execute(632)) - 34273466-0570-47f7-a015-e29b814fc208@group-F5999DE2E330-SegmentedRaftLogWorker: created new log segment /home/runner/work/ozone/ozone/hadoop-ozone/integration-test/target/test-dir/MiniOzoneClusterImpl-25d1905f-b767-404d-84bf-be0dd4c89112/datanode-7/data/ratis/73a4929e-9623-493a-bef3-f5999de2e330/current/log_inprogress_0
2024-01-08 22:36:10,451 [34273466-0570-47f7-a015-e29b814fc208@group-F5999DE2E330-StateMachineUpdater] INFO  server.RaftServer$Division (LeaderStateImpl.java:isApplied(316)) - leader is ready since appliedIndex == 0 >= startIndex == 0
2024-01-08 22:36:10,490 [main] INFO  ozone.MiniOzoneClusterImpl (MiniOzoneClusterImpl.java:lambda$waitForClusterToBeReady$0(230)) - Nodes are ready. Got 9 of 9 DN Heartbeats.
2024-01-08 22:36:10,490 [main] INFO  ozone.MiniOzoneClusterImpl (MiniOzoneClusterImpl.java:lambda$waitForClusterToBeReady$0(233)) - Cluster exits safe mode
2024-01-08 22:36:10,490 [main] INFO  ozone.MiniOzoneClusterImpl (MiniOzoneClusterImpl.java:lambda$waitForClusterToBeReady$0(235)) - SCM became leader
2024-01-08 22:36:10,491 [main] INFO  protocolPB.OmTransportFactory (OmTransportFactory.java:createFactory(62)) - Loading OM transport implementation org.apache.hadoop.ozone.om.protocolPB.Hadoop3OmTransportFactory as specified by configuration.
2024-01-08 22:36:10,495 [main] INFO  rpc.RpcClient (RpcClient.java:createVolume(456)) - Creating Volume: watchforcommithandlingtest, with runner as owner and space quota set to -1 bytes, counts quota set to -1
2024-01-08 22:36:10,499 [om1-OMStateMachineApplyTransactionThread - 0] INFO  volume.OMVolumeCreateRequest (OMVolumeCreateRequest.java:validateAndUpdateCache(198)) - created volume:watchforcommithandlingtest for user:runner
2024-01-08 22:36:10,503 [main] INFO  rpc.RpcClient (RpcClient.java:createBucket(683)) - Creating Bucket: watchforcommithandlingtest/watchforcommithandlingtest, with server-side default bucket layout, runner as owner, Versioning false, Storage Type set to DISK and Encryption set to false, Replication Type set to server-side default replication type, Namespace Quota set to -1, Space Quota set to -1 
2024-01-08 22:36:10,506 [om1-OMStateMachineApplyTransactionThread - 0] INFO  bucket.OMBucketCreateRequest (OMBucketCreateRequest.java:validateAndUpdateCache(296)) - created bucket: watchforcommithandlingtest of layout FILE_SYSTEM_OPTIMIZED in volume: watchforcommithandlingtest
2024-01-08 22:36:10,515 [IPC Server handler 1 on default port 15089] INFO  ha.SequenceIdGenerator (SequenceIdGenerator.java:getNextId(145)) - Allocate a batch for containerId, change lastId from 0 to 1000.
2024-01-08 22:36:10,547 [main] INFO  ozoneimpl.OzoneContainer (OzoneContainer.java:stop(463)) - Attempting to stop container services.
2024-01-08 22:36:10,548 [main] INFO  server.RaftServer (RaftServerProxy.java:lambda$close$9(416)) - 5d8f7830-f6d4-4ac5-95d9-573f6638b6da: close
2024-01-08 22:36:10,548 [5d8f7830-f6d4-4ac5-95d9-573f6638b6da-impl-thread1] INFO  server.RaftServer$Division (RaftServerImpl.java:lambda$close$3(516)) - 5d8f7830-f6d4-4ac5-95d9-573f6638b6da@group-D91180384D0C: shutdown
2024-01-08 22:36:10,548 [5d8f7830-f6d4-4ac5-95d9-573f6638b6da-impl-thread1] INFO  util.JmxRegister (JmxRegister.java:unregister(73)) - Successfully un-registered JMX Bean with object name Ratis:service=RaftServer,group=group-D91180384D0C,id=5d8f7830-f6d4-4ac5-95d9-573f6638b6da
2024-01-08 22:36:10,548 [5d8f7830-f6d4-4ac5-95d9-573f6638b6da-impl-thread1] INFO  impl.RoleInfo (RoleInfo.java:shutdownLeaderState(94)) - 5d8f7830-f6d4-4ac5-95d9-573f6638b6da: shutdown 5d8f7830-f6d4-4ac5-95d9-573f6638b6da@group-D91180384D0C-LeaderStateImpl
2024-01-08 22:36:10,548 [main] INFO  server.GrpcService (GrpcService.java:closeImpl(311)) - 5d8f7830-f6d4-4ac5-95d9-573f6638b6da: shutdown server org.apache.ratis.grpc.server.GrpcClientProtocolService now
2024-01-08 22:36:10,548 [5d8f7830-f6d4-4ac5-95d9-573f6638b6da-impl-thread1] INFO  impl.PendingRequests (PendingRequests.java:sendNotLeaderResponses(289)) - 5d8f7830-f6d4-4ac5-95d9-573f6638b6da@group-D91180384D0C-PendingRequests: sendNotLeaderResponses
2024-01-08 22:36:10,548 [5d8f7830-f6d4-4ac5-95d9-573f6638b6da-impl-thread2] INFO  server.RaftServer$Division (RaftServerImpl.java:lambda$close$3(516)) - 5d8f7830-f6d4-4ac5-95d9-573f6638b6da@group-9C533CFC459D: shutdown
2024-01-08 22:36:10,548 [5d8f7830-f6d4-4ac5-95d9-573f6638b6da-impl-thread2] INFO  util.JmxRegister (JmxRegister.java:unregister(73)) - Successfully un-registered JMX Bean with object name Ratis:service=RaftServer,group=group-9C533CFC459D,id=5d8f7830-f6d4-4ac5-95d9-573f6638b6da
2024-01-08 22:36:10,549 [5d8f7830-f6d4-4ac5-95d9-573f6638b6da-impl-thread2] INFO  impl.RoleInfo (RoleInfo.java:shutdownFollowerState(110)) - 5d8f7830-f6d4-4ac5-95d9-573f6638b6da: shutdown 5d8f7830-f6d4-4ac5-95d9-573f6638b6da@group-9C533CFC459D-FollowerState
2024-01-08 22:36:10,549 [Thread-1553] INFO  server.GrpcServerProtocolClient (GrpcServerProtocolClient.java:close(103)) - cd56667c-d7fb-411e-a881-3bd7f4030648 Close channels
2024-01-08 22:36:10,549 [5d8f7830-f6d4-4ac5-95d9-573f6638b6da@group-9C533CFC459D-StateMachineUpdater] INFO  ratis.ContainerStateMachine (ContainerStateMachine.java:takeSnapshot(355)) - group-9C533CFC459D: Taking a snapshot at:(t:1, i:1) file /home/runner/work/ozone/ozone/hadoop-ozone/integration-test/target/test-dir/MiniOzoneClusterImpl-25d1905f-b767-404d-84bf-be0dd4c89112/datanode-5/data/ratis/7ad15f7c-0983-47c9-b79c-9c533cfc459d/sm/snapshot.1_1
2024-01-08 22:36:10,549 [5d8f7830-f6d4-4ac5-95d9-573f6638b6da@group-9C533CFC459D-FollowerState] INFO  impl.FollowerState (FollowerState.java:run(152)) - 5d8f7830-f6d4-4ac5-95d9-573f6638b6da@group-9C533CFC459D-FollowerState was interrupted
2024-01-08 22:36:10,549 [5d8f7830-f6d4-4ac5-95d9-573f6638b6da@group-D91180384D0C-StateMachineUpdater] INFO  ratis.ContainerStateMachine (ContainerStateMachine.java:takeSnapshot(355)) - group-D91180384D0C: Taking a snapshot at:(t:1, i:0) file /home/runner/work/ozone/ozone/hadoop-ozone/integration-test/target/test-dir/MiniOzoneClusterImpl-25d1905f-b767-404d-84bf-be0dd4c89112/datanode-5/data/ratis/e4545de1-0345-4c63-8204-d91180384d0c/sm/snapshot.1_0
2024-01-08 22:36:10,549 [5d8f7830-f6d4-4ac5-95d9-573f6638b6da-impl-thread2] INFO  impl.StateMachineUpdater (StateMachineUpdater.java:stopAndJoin(157)) - 5d8f7830-f6d4-4ac5-95d9-573f6638b6da@group-9C533CFC459D-StateMachineUpdater: set stopIndex = 1
2024-01-08 22:36:10,549 [5d8f7830-f6d4-4ac5-95d9-573f6638b6da-impl-thread1] INFO  impl.StateMachineUpdater (StateMachineUpdater.java:stopAndJoin(157)) - 5d8f7830-f6d4-4ac5-95d9-573f6638b6da@group-D91180384D0C-StateMachineUpdater: set stopIndex = 0
2024-01-08 22:36:10,549 [Thread-1554] INFO  server.GrpcServerProtocolClient (GrpcServerProtocolClient.java:close(103)) - 35d8dfab-9865-4f4a-9db1-8dbffdda00db Close channels
2024-01-08 22:36:10,552 [5d8f7830-f6d4-4ac5-95d9-573f6638b6da@group-D91180384D0C-StateMachineUpdater] INFO  ratis.ContainerStateMachine (ContainerStateMachine.java:takeSnapshot(366)) - group-D91180384D0C: Finished taking a snapshot at:(t:1, i:0) file:/home/runner/work/ozone/ozone/hadoop-ozone/integration-test/target/test-dir/MiniOzoneClusterImpl-25d1905f-b767-404d-84bf-be0dd4c89112/datanode-5/data/ratis/e4545de1-0345-4c63-8204-d91180384d0c/sm/snapshot.1_0 took: 3 ms
2024-01-08 22:36:10,555 [5d8f7830-f6d4-4ac5-95d9-573f6638b6da@group-D91180384D0C-StateMachineUpdater] INFO  impl.StateMachineUpdater (StateMachineUpdater.java:takeSnapshot(295)) - 5d8f7830-f6d4-4ac5-95d9-573f6638b6da@group-D91180384D0C-StateMachineUpdater: Took a snapshot at index 0
2024-01-08 22:36:10,555 [5d8f7830-f6d4-4ac5-95d9-573f6638b6da@group-D91180384D0C-StateMachineUpdater] INFO  impl.StateMachineUpdater (StateMachineUpdater.java:lambda$new$0(98)) - 5d8f7830-f6d4-4ac5-95d9-573f6638b6da@group-D91180384D0C-StateMachineUpdater: snapshotIndex: updateIncreasingly -1 -> 0
2024-01-08 22:36:10,550 [5d8f7830-f6d4-4ac5-95d9-573f6638b6da@group-9C533CFC459D-StateMachineUpdater] INFO  ratis.ContainerStateMachine (ContainerStateMachine.java:takeSnapshot(366)) - group-9C533CFC459D: Finished taking a snapshot at:(t:1, i:1) file:/home/runner/work/ozone/ozone/hadoop-ozone/integration-test/target/test-dir/MiniOzoneClusterImpl-25d1905f-b767-404d-84bf-be0dd4c89112/datanode-5/data/ratis/7ad15f7c-0983-47c9-b79c-9c533cfc459d/sm/snapshot.1_1 took: 1 ms
2024-01-08 22:36:10,557 [5d8f7830-f6d4-4ac5-95d9-573f6638b6da@group-9C533CFC459D-StateMachineUpdater] INFO  impl.StateMachineUpdater (StateMachineUpdater.java:takeSnapshot(295)) - 5d8f7830-f6d4-4ac5-95d9-573f6638b6da@group-9C533CFC459D-StateMachineUpdater: Took a snapshot at index 1
2024-01-08 22:36:10,557 [5d8f7830-f6d4-4ac5-95d9-573f6638b6da@group-9C533CFC459D-StateMachineUpdater] INFO  impl.StateMachineUpdater (StateMachineUpdater.java:lambda$new$0(98)) - 5d8f7830-f6d4-4ac5-95d9-573f6638b6da@group-9C533CFC459D-StateMachineUpdater: snapshotIndex: updateIncreasingly -1 -> 1
2024-01-08 22:36:10,557 [5d8f7830-f6d4-4ac5-95d9-573f6638b6da-impl-thread2] INFO  server.RaftServer$Division (ServerState.java:close(423)) - 5d8f7830-f6d4-4ac5-95d9-573f6638b6da@group-9C533CFC459D: applyIndex: 1
2024-01-08 22:36:10,557 [5d8f7830-f6d4-4ac5-95d9-573f6638b6da@group-9C533CFC459D-cacheEviction-AwaitToRun] INFO  util.AwaitToRun (AwaitToRun.java:run(49)) - 5d8f7830-f6d4-4ac5-95d9-573f6638b6da@group-9C533CFC459D-cacheEviction-AwaitToRun-AwaitForSignal is interrupted
2024-01-08 22:36:10,556 [5d8f7830-f6d4-4ac5-95d9-573f6638b6da-impl-thread1] INFO  server.RaftServer$Division (ServerState.java:close(423)) - 5d8f7830-f6d4-4ac5-95d9-573f6638b6da@group-D91180384D0C: applyIndex: 0
2024-01-08 22:36:10,557 [5d8f7830-f6d4-4ac5-95d9-573f6638b6da@group-D91180384D0C-cacheEviction-AwaitToRun] INFO  util.AwaitToRun (AwaitToRun.java:run(49)) - 5d8f7830-f6d4-4ac5-95d9-573f6638b6da@group-D91180384D0C-cacheEviction-AwaitToRun-AwaitForSignal is interrupted
2024-01-08 22:36:10,559 [main] INFO  server.GrpcService (GrpcService.java:closeImpl(320)) - 5d8f7830-f6d4-4ac5-95d9-573f6638b6da: shutdown server org.apache.ratis.grpc.server.GrpcClientProtocolService successfully
2024-01-08 22:36:10,559 [main] INFO  server.GrpcService (GrpcService.java:closeImpl(311)) - 5d8f7830-f6d4-4ac5-95d9-573f6638b6da: shutdown server GrpcServerProtocolService now
2024-01-08 22:36:10,560 [grpc-default-executor-0] WARN  server.GrpcServerProtocolService (LogUtils.java:warn(121)) - 5d8f7830-f6d4-4ac5-95d9-573f6638b6da: APPEND_ENTRIES onError, lastRequest: null: org.apache.ratis.thirdparty.io.grpc.StatusRuntimeException: CANCELLED: client cancelled
2024-01-08 22:36:10,560 [grpc-default-executor-4] WARN  server.GrpcServerProtocolService (LogUtils.java:warn(121)) - 5d8f7830-f6d4-4ac5-95d9-573f6638b6da: APPEND_ENTRIES onError, lastRequest: cd56667c-d7fb-411e-a881-3bd7f4030648->5d8f7830-f6d4-4ac5-95d9-573f6638b6da#7-t1,previous=(t:1, i:1),leaderCommit=1,initializing? true,entries: size=1, first=(t:1, i:2), METADATAENTRY(c:1): org.apache.ratis.thirdparty.io.grpc.StatusRuntimeException: CANCELLED: client cancelled
2024-01-08 22:36:10,560 [grpc-default-executor-5] WARN  server.GrpcLogAppender (LogUtils.java:warn(121)) - cd56667c-d7fb-411e-a881-3bd7f4030648@group-9C533CFC459D->5d8f7830-f6d4-4ac5-95d9-573f6638b6da-AppendLogResponseHandler: Failed appendEntries: org.apache.ratis.thirdparty.io.grpc.StatusRuntimeException: CANCELLED: RST_STREAM closed stream. HTTP/2 error code: CANCEL
2024-01-08 22:36:10,560 [grpc-default-executor-5] WARN  server.GrpcLogAppender (GrpcLogAppender.java:resetClient(140)) - cd56667c-d7fb-411e-a881-3bd7f4030648@group-9C533CFC459D->5d8f7830-f6d4-4ac5-95d9-573f6638b6da-GrpcLogAppender: Follower failed and request == null,  keep nextIndex (3) unchanged and retry.
2024-01-08 22:36:10,561 [grpc-default-executor-3] WARN  server.GrpcLogAppender (LogUtils.java:warn(121)) - cd56667c-d7fb-411e-a881-3bd7f4030648@group-9C533CFC459D->5d8f7830-f6d4-4ac5-95d9-573f6638b6da-AppendLogResponseHandler: Failed appendEntries: org.apache.ratis.thirdparty.io.grpc.StatusRuntimeException: CANCELLED: RST_STREAM closed stream. HTTP/2 error code: CANCEL
2024-01-08 22:36:10,561 [grpc-default-executor-3] WARN  server.GrpcLogAppender (GrpcLogAppender.java:resetClient(140)) - cd56667c-d7fb-411e-a881-3bd7f4030648@group-9C533CFC459D->5d8f7830-f6d4-4ac5-95d9-573f6638b6da-GrpcLogAppender: Follower failed and request == null,  keep nextIndex (3) unchanged and retry.
2024-01-08 22:36:10,561 [main] INFO  server.GrpcService (GrpcService.java:closeImpl(320)) - 5d8f7830-f6d4-4ac5-95d9-573f6638b6da: shutdown server GrpcServerProtocolService successfully
2024-01-08 22:36:10,562 [main] INFO  server.GrpcService (GrpcService.java:closeImpl(311)) - 5d8f7830-f6d4-4ac5-95d9-573f6638b6da: shutdown server org.apache.ratis.grpc.server.GrpcAdminProtocolService now
2024-01-08 22:36:10,562 [main] INFO  server.GrpcService (GrpcService.java:closeImpl(320)) - 5d8f7830-f6d4-4ac5-95d9-573f6638b6da: shutdown server org.apache.ratis.grpc.server.GrpcAdminProtocolService successfully
2024-01-08 22:36:10,562 [5d8f7830-f6d4-4ac5-95d9-573f6638b6da-NettyServerStreamRpc-bossGroup--thread1] INFO  logging.LoggingHandler (AbstractInternalLogger.java:log(148)) - [id: 0x5fdf4662, L:/0.0.0.0:15149] CLOSE
2024-01-08 22:36:10,563 [5d8f7830-f6d4-4ac5-95d9-573f6638b6da-NettyServerStreamRpc-bossGroup--thread1] INFO  logging.LoggingHandler (AbstractInternalLogger.java:log(148)) - [id: 0x5fdf4662, L:/0.0.0.0:15149] INACTIVE
2024-01-08 22:36:10,563 [5d8f7830-f6d4-4ac5-95d9-573f6638b6da-NettyServerStreamRpc-bossGroup--thread1] INFO  logging.LoggingHandler (AbstractInternalLogger.java:log(148)) - [id: 0x5fdf4662, L:/0.0.0.0:15149] UNREGISTERED
2024-01-08 22:36:10,564 [c24408fe-1592-40af-8b37-8bb032baf3c2@group-62C27A937668-FollowerState] INFO  impl.FollowerState (FollowerState.java:run(143)) - c24408fe-1592-40af-8b37-8bb032baf3c2@group-62C27A937668-FollowerState: change to CANDIDATE, lastRpcElapsedTime:5068298829ns, electionTimeout:5067ms
2024-01-08 22:36:10,564 [c24408fe-1592-40af-8b37-8bb032baf3c2@group-62C27A937668-FollowerState] INFO  impl.RoleInfo (RoleInfo.java:shutdownFollowerState(110)) - c24408fe-1592-40af-8b37-8bb032baf3c2: shutdown c24408fe-1592-40af-8b37-8bb032baf3c2@group-62C27A937668-FollowerState
2024-01-08 22:36:10,564 [c24408fe-1592-40af-8b37-8bb032baf3c2@group-62C27A937668-FollowerState] INFO  server.RaftServer$Division (RaftServerImpl.java:setRole(379)) - c24408fe-1592-40af-8b37-8bb032baf3c2@group-62C27A937668: changes role from  FOLLOWER to CANDIDATE at term 0 for changeToCandidate
2024-01-08 22:36:10,564 [c24408fe-1592-40af-8b37-8bb032baf3c2@group-62C27A937668-FollowerState] INFO  server.RaftServerConfigKeys (ConfUtils.java:logGet(46)) - raft.server.leaderelection.pre-vote = true (default)
2024-01-08 22:36:10,564 [c24408fe-1592-40af-8b37-8bb032baf3c2@group-62C27A937668-FollowerState] INFO  impl.RoleInfo (RoleInfo.java:updateAndGet(139)) - c24408fe-1592-40af-8b37-8bb032baf3c2: start c24408fe-1592-40af-8b37-8bb032baf3c2@group-62C27A937668-LeaderElection29
2024-01-08 22:36:10,568 [c24408fe-1592-40af-8b37-8bb032baf3c2@group-62C27A937668-LeaderElection29] INFO  impl.LeaderElection (LeaderElection.java:askForVotes(323)) - c24408fe-1592-40af-8b37-8bb032baf3c2@group-62C27A937668-LeaderElection29 PRE_VOTE round 0: submit vote requests at term 0 for -1: peers:[c24408fe-1592-40af-8b37-8bb032baf3c2|10.1.0.16:15175]|listeners:[], old=null
2024-01-08 22:36:10,568 [c24408fe-1592-40af-8b37-8bb032baf3c2@group-62C27A937668-LeaderElection29] INFO  impl.LeaderElection (LeaderElection.java:askForVotes(325)) - c24408fe-1592-40af-8b37-8bb032baf3c2@group-62C27A937668-LeaderElection29 PRE_VOTE round 0: result PASSED (term=0)
2024-01-08 22:36:10,569 [c24408fe-1592-40af-8b37-8bb032baf3c2@group-62C27A937668-LeaderElection29] INFO  impl.LeaderElection (LeaderElection.java:askForVotes(323)) - c24408fe-1592-40af-8b37-8bb032baf3c2@group-62C27A937668-LeaderElection29 ELECTION round 0: submit vote requests at term 1 for -1: peers:[c24408fe-1592-40af-8b37-8bb032baf3c2|10.1.0.16:15175]|listeners:[], old=null
2024-01-08 22:36:10,569 [c24408fe-1592-40af-8b37-8bb032baf3c2@group-62C27A937668-LeaderElection29] INFO  impl.LeaderElection (LeaderElection.java:askForVotes(325)) - c24408fe-1592-40af-8b37-8bb032baf3c2@group-62C27A937668-LeaderElection29 ELECTION round 0: result PASSED (term=1)
2024-01-08 22:36:10,569 [c24408fe-1592-40af-8b37-8bb032baf3c2@group-62C27A937668-LeaderElection29] INFO  impl.RoleInfo (RoleInfo.java:shutdownLeaderElection(130)) - c24408fe-1592-40af-8b37-8bb032baf3c2: shutdown c24408fe-1592-40af-8b37-8bb032baf3c2@group-62C27A937668-LeaderElection29
2024-01-08 22:36:10,569 [c24408fe-1592-40af-8b37-8bb032baf3c2@group-62C27A937668-LeaderElection29] INFO  server.RaftServer$Division (RaftServerImpl.java:setRole(379)) - c24408fe-1592-40af-8b37-8bb032baf3c2@group-62C27A937668: changes role from CANDIDATE to LEADER at term 1 for changeToLeader
2024-01-08 22:36:10,569 [c24408fe-1592-40af-8b37-8bb032baf3c2@group-62C27A937668-LeaderElection29] INFO  server.RaftServerConfigKeys (ConfUtils.java:logGet(46)) - raft.server.staging.catchup.gap = 1000 (default)
2024-01-08 22:36:10,570 [c24408fe-1592-40af-8b37-8bb032baf3c2@group-62C27A937668-LeaderElection29] INFO  server.RaftServerConfigKeys (ConfUtils.java:logGet(46)) - raft.server.write.element-limit = 1024 (custom)
2024-01-08 22:36:10,570 [c24408fe-1592-40af-8b37-8bb032baf3c2@group-62C27A937668-LeaderElection29] INFO  server.RaftServerConfigKeys (ConfUtils.java:logGet(46)) - raft.server.write.byte-limit = 1024 M (=1073741824) (custom)
2024-01-08 22:36:10,570 [c24408fe-1592-40af-8b37-8bb032baf3c2@group-62C27A937668-LeaderElection29] INFO  server.RaftServerConfigKeys (ConfUtils.java:logGet(46)) - raft.server.watch.timeout = 3000ms (custom)
2024-01-08 22:36:10,570 [c24408fe-1592-40af-8b37-8bb032baf3c2@group-62C27A937668-LeaderElection29] INFO  server.RaftServerConfigKeys (ConfUtils.java:logGet(46)) - raft.server.watch.timeout.denomination = 1s (default)
2024-01-08 22:36:10,570 [c24408fe-1592-40af-8b37-8bb032baf3c2@group-62C27A937668-LeaderElection29] INFO  server.RaftServerConfigKeys (ConfUtils.java:logGet(46)) - raft.server.watch.element-limit = 65536 (default)
2024-01-08 22:36:10,570 [c24408fe-1592-40af-8b37-8bb032baf3c2@group-62C27A937668-LeaderElection29] INFO  server.RaftServerConfigKeys (ConfUtils.java:logGet(46)) - raft.server.read.leader.lease.enabled = false (default)
2024-01-08 22:36:10,570 [c24408fe-1592-40af-8b37-8bb032baf3c2@group-62C27A937668-LeaderElection29] INFO  server.RaftServerConfigKeys (ConfUtils.java:logGet(46)) - raft.server.read.leader.lease.timeout.ratio = 0.9 (default)
2024-01-08 22:36:10,570 [c24408fe-1592-40af-8b37-8bb032baf3c2@group-62C27A937668-LeaderElection29] INFO  server.RaftServerConfigKeys (ConfUtils.java:logGet(46)) - raft.server.rpc.timeout.min = 5s (custom)
2024-01-08 22:36:10,570 [c24408fe-1592-40af-8b37-8bb032baf3c2@group-62C27A937668-LeaderElection29] INFO  server.RaftServerConfigKeys (ConfUtils.java:logGet(46)) - raft.server.write.element-limit = 1024 (custom)
2024-01-08 22:36:10,570 [c24408fe-1592-40af-8b37-8bb032baf3c2@group-62C27A937668-LeaderElection29] INFO  server.RaftServerConfigKeys (ConfUtils.java:logGet(46)) - raft.server.write.follower.gap.ratio.max = -1.0 (default)
2024-01-08 22:36:10,570 [c24408fe-1592-40af-8b37-8bb032baf3c2@group-62C27A937668-LeaderElection29] INFO  impl.RoleInfo (RoleInfo.java:updateAndGet(139)) - c24408fe-1592-40af-8b37-8bb032baf3c2: start c24408fe-1592-40af-8b37-8bb032baf3c2@group-62C27A937668-LeaderStateImpl
2024-01-08 22:36:10,570 [c24408fe-1592-40af-8b37-8bb032baf3c2@group-62C27A937668-LeaderElection29] INFO  server.RaftServer$Division (RaftServerImpl.java:setFirstElection(564)) - c24408fe-1592-40af-8b37-8bb032baf3c2@group-62C27A937668: set firstElectionSinceStartup to false for becomeLeader
2024-01-08 22:36:10,570 [c24408fe-1592-40af-8b37-8bb032baf3c2@group-62C27A937668-LeaderElection29] INFO  ratis.XceiverServerRatis (XceiverServerRatis.java:handleLeaderChangedNotification(945)) - Leader change notification received for group: group-62C27A937668 with new leaderId: c24408fe-1592-40af-8b37-8bb032baf3c2
2024-01-08 22:36:10,571 [c24408fe-1592-40af-8b37-8bb032baf3c2@group-62C27A937668-LeaderElection29] INFO  server.RaftServer$Division (ServerState.java:setLeader(265)) - c24408fe-1592-40af-8b37-8bb032baf3c2@group-62C27A937668: change Leader from null to c24408fe-1592-40af-8b37-8bb032baf3c2 at term 1 for becomeLeader, leader elected after 5086ms
2024-01-08 22:36:10,571 [c24408fe-1592-40af-8b37-8bb032baf3c2@group-62C27A937668-LeaderElection29] INFO  segmented.SegmentedRaftLogWorker (SegmentedRaftLogWorker.java:startLogSegment(428)) - c24408fe-1592-40af-8b37-8bb032baf3c2@group-62C27A937668-SegmentedRaftLogWorker: Starting segment from index:0
2024-01-08 22:36:10,572 [c24408fe-1592-40af-8b37-8bb032baf3c2@group-62C27A937668-LeaderElection29] INFO  server.RaftServer$Division (ServerState.java:setRaftConf(382)) - c24408fe-1592-40af-8b37-8bb032baf3c2@group-62C27A937668: set configuration 0: peers:[c24408fe-1592-40af-8b37-8bb032baf3c2|10.1.0.16:15175]|listeners:[], old=null
2024-01-08 22:36:10,579 [c24408fe-1592-40af-8b37-8bb032baf3c2@group-62C27A937668-SegmentedRaftLogWorker] INFO  segmented.SegmentedRaftLogWorker (SegmentedRaftLogWorker.java:execute(632)) - c24408fe-1592-40af-8b37-8bb032baf3c2@group-62C27A937668-SegmentedRaftLogWorker: created new log segment /home/runner/work/ozone/ozone/hadoop-ozone/integration-test/target/test-dir/MiniOzoneClusterImpl-25d1905f-b767-404d-84bf-be0dd4c89112/datanode-8/data/ratis/aa2604d6-ccf9-4c5a-8295-62c27a937668/current/log_inprogress_0
2024-01-08 22:36:10,579 [c24408fe-1592-40af-8b37-8bb032baf3c2@group-62C27A937668-StateMachineUpdater] INFO  server.RaftServer$Division (LeaderStateImpl.java:isApplied(316)) - leader is ready since appliedIndex == 0 >= startIndex == 0
2024-01-08 22:36:11,380 [5d8f7830-f6d4-4ac5-95d9-573f6638b6da-impl-thread1] INFO  segmented.SegmentedRaftLogWorker (SegmentedRaftLogWorker.java:close(243)) - 5d8f7830-f6d4-4ac5-95d9-573f6638b6da@group-D91180384D0C-SegmentedRaftLogWorker close()
2024-01-08 22:36:11,536 [5d8f7830-f6d4-4ac5-95d9-573f6638b6da-impl-thread2] INFO  segmented.SegmentedRaftLogWorker (SegmentedRaftLogWorker.java:close(243)) - 5d8f7830-f6d4-4ac5-95d9-573f6638b6da@group-9C533CFC459D-SegmentedRaftLogWorker close()
2024-01-08 22:36:11,540 [JvmPauseMonitor18] INFO  util.JvmPauseMonitor (JvmPauseMonitor.java:run(152)) - JvmPauseMonitor-5d8f7830-f6d4-4ac5-95d9-573f6638b6da: Stopped
2024-01-08 22:36:13,040 [grpc-default-executor-5] WARN  server.GrpcLogAppender (LogUtils.java:warn(121)) - cd56667c-d7fb-411e-a881-3bd7f4030648@group-9C533CFC459D->5d8f7830-f6d4-4ac5-95d9-573f6638b6da-AppendLogResponseHandler: Failed appendEntries: org.apache.ratis.thirdparty.io.grpc.StatusRuntimeException: UNAVAILABLE: io exception
2024-01-08 22:36:13,040 [grpc-default-executor-4] WARN  server.GrpcLogAppender (LogUtils.java:warn(121)) - cd56667c-d7fb-411e-a881-3bd7f4030648@group-9C533CFC459D->5d8f7830-f6d4-4ac5-95d9-573f6638b6da-AppendLogResponseHandler: Failed appendEntries: org.apache.ratis.thirdparty.io.grpc.StatusRuntimeException: UNAVAILABLE: io exception
2024-01-08 22:36:13,041 [grpc-default-executor-5] WARN  server.GrpcLogAppender (GrpcLogAppender.java:resetClient(140)) - cd56667c-d7fb-411e-a881-3bd7f4030648@group-9C533CFC459D->5d8f7830-f6d4-4ac5-95d9-573f6638b6da-GrpcLogAppender: Follower failed and request == null,  keep nextIndex (3) unchanged and retry.
2024-01-08 22:36:13,041 [grpc-default-executor-4] WARN  server.GrpcLogAppender (GrpcLogAppender.java:resetClient(140)) - cd56667c-d7fb-411e-a881-3bd7f4030648@group-9C533CFC459D->5d8f7830-f6d4-4ac5-95d9-573f6638b6da-GrpcLogAppender: Follower failed and request == null,  keep nextIndex (3) unchanged and retry.
2024-01-08 22:36:13,543 [main] INFO  utils.DatanodeStoreCache (DatanodeStoreCache.java:shutdownCache(110)) - Skip clearing cache in mini cluster mode. Entries left: [/home/runner/work/ozone/ozone/hadoop-ozone/integration-test/target/test-dir/MiniOzoneClusterImpl-25d1905f-b767-404d-84bf-be0dd4c89112/datanode-0/data-0/containers/hdds/25d1905f-b767-404d-84bf-be0dd4c89112/DS-5f8e3d1e-4cb6-4c6d-987e-33065c83b90d/container.db, /home/runner/work/ozone/ozone/hadoop-ozone/integration-test/target/test-dir/MiniOzoneClusterImpl-25d1905f-b767-404d-84bf-be0dd4c89112/datanode-1/data-0/containers/hdds/25d1905f-b767-404d-84bf-be0dd4c89112/DS-9c4bd623-51d2-4764-b475-f63d57b29492/container.db, /home/runner/work/ozone/ozone/hadoop-ozone/integration-test/target/test-dir/MiniOzoneClusterImpl-25d1905f-b767-404d-84bf-be0dd4c89112/datanode-2/data-0/containers/hdds/25d1905f-b767-404d-84bf-be0dd4c89112/DS-dca5e0c4-8df2-4d1c-a16b-5f1847ddc93f/container.db, /home/runner/work/ozone/ozone/hadoop-ozone/integration-test/target/test-dir/MiniOzoneClusterImpl-25d1905f-b767-404d-84bf-be0dd4c89112/datanode-3/data-0/containers/hdds/25d1905f-b767-404d-84bf-be0dd4c89112/DS-4e3534e0-f774-49b8-bc25-6a91bb2abd14/container.db, /home/runner/work/ozone/ozone/hadoop-ozone/integration-test/target/test-dir/MiniOzoneClusterImpl-25d1905f-b767-404d-84bf-be0dd4c89112/datanode-4/data-0/containers/hdds/25d1905f-b767-404d-84bf-be0dd4c89112/DS-031a9201-2d2b-40d0-aa8a-8fd86cbc4b1f/container.db, /home/runner/work/ozone/ozone/hadoop-ozone/integration-test/target/test-dir/MiniOzoneClusterImpl-25d1905f-b767-404d-84bf-be0dd4c89112/datanode-5/data-0/containers/hdds/25d1905f-b767-404d-84bf-be0dd4c89112/DS-95e9b778-5290-4187-80ed-afd0325f5c73/container.db, /home/runner/work/ozone/ozone/hadoop-ozone/integration-test/target/test-dir/MiniOzoneClusterImpl-25d1905f-b767-404d-84bf-be0dd4c89112/datanode-6/data-0/containers/hdds/25d1905f-b767-404d-84bf-be0dd4c89112/DS-11ef7d0f-b1d5-42b6-8f1d-2b8b0423f19c/container.db, /home/runner/work/ozone/ozone/hadoop-ozone/integration-test/target/test-dir/MiniOzoneClusterImpl-25d1905f-b767-404d-84bf-be0dd4c89112/datanode-7/data-0/containers/hdds/25d1905f-b767-404d-84bf-be0dd4c89112/DS-1d9434b6-5df7-4b28-99ec-4b78f7fa35f1/container.db, /home/runner/work/ozone/ozone/hadoop-ozone/integration-test/target/test-dir/MiniOzoneClusterImpl-25d1905f-b767-404d-84bf-be0dd4c89112/datanode-8/data-0/containers/hdds/25d1905f-b767-404d-84bf-be0dd4c89112/DS-df21338e-717a-4d21-a874-9ee245aef3ca/container.db]
2024-01-08 22:36:13,545 [main] INFO  utils.DatanodeStoreCache (DatanodeStoreCache.java:removeDB(104)) - Removed db /home/runner/work/ozone/ozone/hadoop-ozone/integration-test/target/test-dir/MiniOzoneClusterImpl-25d1905f-b767-404d-84bf-be0dd4c89112/datanode-5/data-0/containers/hdds/25d1905f-b767-404d-84bf-be0dd4c89112/DS-95e9b778-5290-4187-80ed-afd0325f5c73/container.db from cache
2024-01-08 22:36:13,545 [main] INFO  volume.HddsVolume (HddsVolume.java:closeDbStore(451)) - SchemaV3 db is stopped at /home/runner/work/ozone/ozone/hadoop-ozone/integration-test/target/test-dir/MiniOzoneClusterImpl-25d1905f-b767-404d-84bf-be0dd4c89112/datanode-5/data-0/containers/hdds/25d1905f-b767-404d-84bf-be0dd4c89112/DS-95e9b778-5290-4187-80ed-afd0325f5c73/container.db for volume DS-95e9b778-5290-4187-80ed-afd0325f5c73
2024-01-08 22:36:13,545 [main] INFO  utils.BackgroundService (BackgroundService.java:shutdown(160)) - Shutting down service BlockDeletingService
2024-01-08 22:36:13,545 [main] INFO  utils.BackgroundService (BackgroundService.java:shutdown(160)) - Shutting down service StaleRecoveringContainerScrubbingService
2024-01-08 22:36:13,546 [main] INFO  statemachine.DatanodeStateMachine (DatanodeStateMachine.java:stopDaemon(638)) - Ozone container server stopped.
2024-01-08 22:36:13,546 [main] INFO  handler.ContextHandler (ContextHandler.java:doStop(1159)) - Stopped o.e.j.w.WebAppContext@b896365{hddsDatanode,/,null,STOPPED}{jar:file:/home/runner/.m2/repository/org/apache/ozone/hdds-container-service/1.5.0-SNAPSHOT/hdds-container-service-1.5.0-SNAPSHOT.jar!/webapps/hddsDatanode}
2024-01-08 22:36:13,547 [main] INFO  server.AbstractConnector (AbstractConnector.java:doStop(383)) - Stopped ServerConnector@563fea86{HTTP/1.1, (http/1.1)}{0.0.0.0:15143}
2024-01-08 22:36:13,547 [main] INFO  server.session (HouseKeeper.java:stopScavenging(149)) - node0 Stopped scavenging
2024-01-08 22:36:13,547 [main] INFO  handler.ContextHandler (ContextHandler.java:doStop(1159)) - Stopped o.e.j.s.ServletContextHandler@3afafb03{static,/static,jar:file:/home/runner/.m2/repository/org/apache/ozone/hdds-container-service/1.5.0-SNAPSHOT/hdds-container-service-1.5.0-SNAPSHOT.jar!/webapps/static,STOPPED}
2024-01-08 22:36:13,547 [main] INFO  handler.ContextHandler (ContextHandler.java:doStop(1159)) - Stopped o.e.j.s.ServletContextHandler@5f21efe0{logs,/logs,file:///home/runner/work/ozone/ozone/hadoop-ozone/integration-test/target/log,STOPPED}
2024-01-08 22:36:13,548 [main] INFO  ozone.HddsDatanodeClientProtocolServer (HddsDatanodeClientProtocolServer.java:stop(78)) - Stopping the RPC server for Client Protocol
2024-01-08 22:36:13,548 [main] INFO  ipc.Server (Server.java:stop(3523)) - Stopping server on 15144
2024-01-08 22:36:13,549 [IPC Server listener on 15144] INFO  ipc.Server (Server.java:run(1434)) - Stopping IPC Server listener on 15144
2024-01-08 22:36:13,550 [IPC Server Responder] INFO  ipc.Server (Server.java:run(1567)) - Stopping IPC Server Responder
2024-01-08 22:36:13,552 [main] INFO  ozoneimpl.OzoneContainer (OzoneContainer.java:stop(463)) - Attempting to stop container services.
2024-01-08 22:36:13,553 [main] INFO  server.RaftServer (RaftServerProxy.java:lambda$close$9(416)) - 35d8dfab-9865-4f4a-9db1-8dbffdda00db: close
2024-01-08 22:36:13,553 [35d8dfab-9865-4f4a-9db1-8dbffdda00db-impl-thread1] INFO  server.RaftServer$Division (RaftServerImpl.java:lambda$close$3(516)) - 35d8dfab-9865-4f4a-9db1-8dbffdda00db@group-AD53B6DAE95C: shutdown
2024-01-08 22:36:13,553 [main] INFO  server.GrpcService (GrpcService.java:closeImpl(311)) - 35d8dfab-9865-4f4a-9db1-8dbffdda00db: shutdown server org.apache.ratis.grpc.server.GrpcClientProtocolService now
2024-01-08 22:36:13,553 [35d8dfab-9865-4f4a-9db1-8dbffdda00db-impl-thread1] INFO  util.JmxRegister (JmxRegister.java:unregister(73)) - Successfully un-registered JMX Bean with object name Ratis:service=RaftServer,group=group-AD53B6DAE95C,id=35d8dfab-9865-4f4a-9db1-8dbffdda00db
2024-01-08 22:36:13,553 [35d8dfab-9865-4f4a-9db1-8dbffdda00db-impl-thread1] INFO  impl.RoleInfo (RoleInfo.java:shutdownLeaderState(94)) - 35d8dfab-9865-4f4a-9db1-8dbffdda00db: shutdown 35d8dfab-9865-4f4a-9db1-8dbffdda00db@group-AD53B6DAE95C-LeaderStateImpl
2024-01-08 22:36:13,553 [35d8dfab-9865-4f4a-9db1-8dbffdda00db-impl-thread2] INFO  server.RaftServer$Division (RaftServerImpl.java:lambda$close$3(516)) - 35d8dfab-9865-4f4a-9db1-8dbffdda00db@group-9C533CFC459D: shutdown
2024-01-08 22:36:13,554 [35d8dfab-9865-4f4a-9db1-8dbffdda00db-impl-thread1] INFO  impl.PendingRequests (PendingRequests.java:sendNotLeaderResponses(289)) - 35d8dfab-9865-4f4a-9db1-8dbffdda00db@group-AD53B6DAE95C-PendingRequests: sendNotLeaderResponses
2024-01-08 22:36:13,554 [35d8dfab-9865-4f4a-9db1-8dbffdda00db-impl-thread2] INFO  util.JmxRegister (JmxRegister.java:unregister(73)) - Successfully un-registered JMX Bean with object name Ratis:service=RaftServer,group=group-9C533CFC459D,id=35d8dfab-9865-4f4a-9db1-8dbffdda00db
2024-01-08 22:36:13,554 [35d8dfab-9865-4f4a-9db1-8dbffdda00db-impl-thread2] INFO  impl.RoleInfo (RoleInfo.java:shutdownFollowerState(110)) - 35d8dfab-9865-4f4a-9db1-8dbffdda00db: shutdown 35d8dfab-9865-4f4a-9db1-8dbffdda00db@group-9C533CFC459D-FollowerState
2024-01-08 22:36:13,554 [35d8dfab-9865-4f4a-9db1-8dbffdda00db-impl-thread1] INFO  impl.StateMachineUpdater (StateMachineUpdater.java:stopAndJoin(157)) - 35d8dfab-9865-4f4a-9db1-8dbffdda00db@group-AD53B6DAE95C-StateMachineUpdater: set stopIndex = 0
2024-01-08 22:36:13,554 [35d8dfab-9865-4f4a-9db1-8dbffdda00db@group-AD53B6DAE95C-StateMachineUpdater] INFO  ratis.ContainerStateMachine (ContainerStateMachine.java:takeSnapshot(355)) - group-AD53B6DAE95C: Taking a snapshot at:(t:1, i:0) file /home/runner/work/ozone/ozone/hadoop-ozone/integration-test/target/test-dir/MiniOzoneClusterImpl-25d1905f-b767-404d-84bf-be0dd4c89112/datanode-3/data/ratis/8bdbc08c-2786-41ee-b58c-ad53b6dae95c/sm/snapshot.1_0
2024-01-08 22:36:13,555 [35d8dfab-9865-4f4a-9db1-8dbffdda00db@group-AD53B6DAE95C-StateMachineUpdater] INFO  ratis.ContainerStateMachine (ContainerStateMachine.java:takeSnapshot(366)) - group-AD53B6DAE95C: Finished taking a snapshot at:(t:1, i:0) file:/home/runner/work/ozone/ozone/hadoop-ozone/integration-test/target/test-dir/MiniOzoneClusterImpl-25d1905f-b767-404d-84bf-be0dd4c89112/datanode-3/data/ratis/8bdbc08c-2786-41ee-b58c-ad53b6dae95c/sm/snapshot.1_0 took: 1 ms
2024-01-08 22:36:13,555 [35d8dfab-9865-4f4a-9db1-8dbffdda00db@group-AD53B6DAE95C-StateMachineUpdater] INFO  impl.StateMachineUpdater (StateMachineUpdater.java:takeSnapshot(295)) - 35d8dfab-9865-4f4a-9db1-8dbffdda00db@group-AD53B6DAE95C-StateMachineUpdater: Took a snapshot at index 0
2024-01-08 22:36:13,555 [main] INFO  server.GrpcService (GrpcService.java:closeImpl(320)) - 35d8dfab-9865-4f4a-9db1-8dbffdda00db: shutdown server org.apache.ratis.grpc.server.GrpcClientProtocolService successfully
2024-01-08 22:36:13,556 [main] INFO  server.GrpcService (GrpcService.java:closeImpl(311)) - 35d8dfab-9865-4f4a-9db1-8dbffdda00db: shutdown server GrpcServerProtocolService now
2024-01-08 22:36:13,555 [35d8dfab-9865-4f4a-9db1-8dbffdda00db@group-AD53B6DAE95C-StateMachineUpdater] INFO  impl.StateMachineUpdater (StateMachineUpdater.java:lambda$new$0(98)) - 35d8dfab-9865-4f4a-9db1-8dbffdda00db@group-AD53B6DAE95C-StateMachineUpdater: snapshotIndex: updateIncreasingly -1 -> 0
2024-01-08 22:36:13,557 [35d8dfab-9865-4f4a-9db1-8dbffdda00db-impl-thread1] INFO  server.RaftServer$Division (ServerState.java:close(423)) - 35d8dfab-9865-4f4a-9db1-8dbffdda00db@group-AD53B6DAE95C: applyIndex: 0
2024-01-08 22:36:13,557 [35d8dfab-9865-4f4a-9db1-8dbffdda00db@group-9C533CFC459D-FollowerState] INFO  impl.FollowerState (FollowerState.java:run(152)) - 35d8dfab-9865-4f4a-9db1-8dbffdda00db@group-9C533CFC459D-FollowerState was interrupted
2024-01-08 22:36:13,557 [grpc-default-executor-3] WARN  server.GrpcLogAppender (LogUtils.java:warn(121)) - cd56667c-d7fb-411e-a881-3bd7f4030648@group-9C533CFC459D->35d8dfab-9865-4f4a-9db1-8dbffdda00db-AppendLogResponseHandler: Failed appendEntries: org.apache.ratis.thirdparty.io.grpc.StatusRuntimeException: CANCELLED: RST_STREAM closed stream. HTTP/2 error code: CANCEL
2024-01-08 22:36:13,557 [grpc-default-executor-5] WARN  server.GrpcServerProtocolService (LogUtils.java:warn(121)) - 35d8dfab-9865-4f4a-9db1-8dbffdda00db: APPEND_ENTRIES onError, lastRequest: cd56667c-d7fb-411e-a881-3bd7f4030648->35d8dfab-9865-4f4a-9db1-8dbffdda00db#5-t1,previous=(t:1, i:1),leaderCommit=1,initializing? true,entries: size=1, first=(t:1, i:2), METADATAENTRY(c:1): org.apache.ratis.thirdparty.io.grpc.StatusRuntimeException: CANCELLED: client cancelled
2024-01-08 22:36:13,557 [35d8dfab-9865-4f4a-9db1-8dbffdda00db-impl-thread2] INFO  impl.StateMachineUpdater (StateMachineUpdater.java:stopAndJoin(157)) - 35d8dfab-9865-4f4a-9db1-8dbffdda00db@group-9C533CFC459D-StateMachineUpdater: set stopIndex = 2
2024-01-08 22:36:13,557 [grpc-default-executor-3] WARN  server.GrpcLogAppender (GrpcLogAppender.java:resetClient(140)) - cd56667c-d7fb-411e-a881-3bd7f4030648@group-9C533CFC459D->35d8dfab-9865-4f4a-9db1-8dbffdda00db-GrpcLogAppender: Follower failed and request == null,  keep nextIndex (3) unchanged and retry.
2024-01-08 22:36:13,557 [35d8dfab-9865-4f4a-9db1-8dbffdda00db@group-9C533CFC459D-StateMachineUpdater] INFO  ratis.ContainerStateMachine (ContainerStateMachine.java:takeSnapshot(355)) - group-9C533CFC459D: Taking a snapshot at:(t:1, i:2) file /home/runner/work/ozone/ozone/hadoop-ozone/integration-test/target/test-dir/MiniOzoneClusterImpl-25d1905f-b767-404d-84bf-be0dd4c89112/datanode-3/data/ratis/7ad15f7c-0983-47c9-b79c-9c533cfc459d/sm/snapshot.1_2
2024-01-08 22:36:13,557 [35d8dfab-9865-4f4a-9db1-8dbffdda00db@group-AD53B6DAE95C-cacheEviction-AwaitToRun] INFO  util.AwaitToRun (AwaitToRun.java:run(49)) - 35d8dfab-9865-4f4a-9db1-8dbffdda00db@group-AD53B6DAE95C-cacheEviction-AwaitToRun-AwaitForSignal is interrupted
2024-01-08 22:36:13,558 [35d8dfab-9865-4f4a-9db1-8dbffdda00db@group-9C533CFC459D-StateMachineUpdater] INFO  ratis.ContainerStateMachine (ContainerStateMachine.java:takeSnapshot(366)) - group-9C533CFC459D: Finished taking a snapshot at:(t:1, i:2) file:/home/runner/work/ozone/ozone/hadoop-ozone/integration-test/target/test-dir/MiniOzoneClusterImpl-25d1905f-b767-404d-84bf-be0dd4c89112/datanode-3/data/ratis/7ad15f7c-0983-47c9-b79c-9c533cfc459d/sm/snapshot.1_2 took: 1 ms
2024-01-08 22:36:13,558 [35d8dfab-9865-4f4a-9db1-8dbffdda00db@group-9C533CFC459D-StateMachineUpdater] INFO  impl.StateMachineUpdater (StateMachineUpdater.java:takeSnapshot(295)) - 35d8dfab-9865-4f4a-9db1-8dbffdda00db@group-9C533CFC459D-StateMachineUpdater: Took a snapshot at index 2
2024-01-08 22:36:13,558 [35d8dfab-9865-4f4a-9db1-8dbffdda00db@group-9C533CFC459D-StateMachineUpdater] INFO  impl.StateMachineUpdater (StateMachineUpdater.java:lambda$new$0(98)) - 35d8dfab-9865-4f4a-9db1-8dbffdda00db@group-9C533CFC459D-StateMachineUpdater: snapshotIndex: updateIncreasingly -1 -> 2
2024-01-08 22:36:13,558 [35d8dfab-9865-4f4a-9db1-8dbffdda00db-impl-thread2] INFO  server.RaftServer$Division (ServerState.java:close(423)) - 35d8dfab-9865-4f4a-9db1-8dbffdda00db@group-9C533CFC459D: applyIndex: 2
2024-01-08 22:36:13,558 [35d8dfab-9865-4f4a-9db1-8dbffdda00db@group-9C533CFC459D-cacheEviction-AwaitToRun] INFO  util.AwaitToRun (AwaitToRun.java:run(49)) - 35d8dfab-9865-4f4a-9db1-8dbffdda00db@group-9C533CFC459D-cacheEviction-AwaitToRun-AwaitForSignal is interrupted
2024-01-08 22:36:13,559 [grpc-default-executor-5] WARN  server.GrpcServerProtocolService (LogUtils.java:warn(121)) - 35d8dfab-9865-4f4a-9db1-8dbffdda00db: APPEND_ENTRIES onError, lastRequest: null: org.apache.ratis.thirdparty.io.grpc.StatusRuntimeException: CANCELLED: client cancelled
2024-01-08 22:36:13,559 [grpc-default-executor-5] WARN  server.GrpcLogAppender (LogUtils.java:warn(121)) - cd56667c-d7fb-411e-a881-3bd7f4030648@group-9C533CFC459D->35d8dfab-9865-4f4a-9db1-8dbffdda00db-AppendLogResponseHandler: Failed appendEntries: org.apache.ratis.thirdparty.io.grpc.StatusRuntimeException: CANCELLED: RST_STREAM closed stream. HTTP/2 error code: CANCEL
2024-01-08 22:36:13,559 [grpc-default-executor-5] WARN  server.GrpcLogAppender (GrpcLogAppender.java:resetClient(140)) - cd56667c-d7fb-411e-a881-3bd7f4030648@group-9C533CFC459D->35d8dfab-9865-4f4a-9db1-8dbffdda00db-GrpcLogAppender: Follower failed and request == null,  keep nextIndex (3) unchanged and retry.
2024-01-08 22:36:13,559 [main] INFO  server.GrpcService (GrpcService.java:closeImpl(320)) - 35d8dfab-9865-4f4a-9db1-8dbffdda00db: shutdown server GrpcServerProtocolService successfully
2024-01-08 22:36:13,559 [main] INFO  server.GrpcService (GrpcService.java:closeImpl(311)) - 35d8dfab-9865-4f4a-9db1-8dbffdda00db: shutdown server org.apache.ratis.grpc.server.GrpcAdminProtocolService now
2024-01-08 22:36:13,560 [main] INFO  server.GrpcService (GrpcService.java:closeImpl(320)) - 35d8dfab-9865-4f4a-9db1-8dbffdda00db: shutdown server org.apache.ratis.grpc.server.GrpcAdminProtocolService successfully
2024-01-08 22:36:13,560 [35d8dfab-9865-4f4a-9db1-8dbffdda00db-NettyServerStreamRpc-bossGroup--thread1] INFO  logging.LoggingHandler (AbstractInternalLogger.java:log(148)) - [id: 0x4c24ee04, L:/0.0.0.0:15131] CLOSE
2024-01-08 22:36:13,560 [35d8dfab-9865-4f4a-9db1-8dbffdda00db-NettyServerStreamRpc-bossGroup--thread1] INFO  logging.LoggingHandler (AbstractInternalLogger.java:log(148)) - [id: 0x4c24ee04, L:/0.0.0.0:15131] INACTIVE
2024-01-08 22:36:13,560 [35d8dfab-9865-4f4a-9db1-8dbffdda00db-NettyServerStreamRpc-bossGroup--thread1] INFO  logging.LoggingHandler (AbstractInternalLogger.java:log(148)) - [id: 0x4c24ee04, L:/0.0.0.0:15131] UNREGISTERED
2024-01-08 22:36:14,212 [35d8dfab-9865-4f4a-9db1-8dbffdda00db-impl-thread1] INFO  segmented.SegmentedRaftLogWorker (SegmentedRaftLogWorker.java:close(243)) - 35d8dfab-9865-4f4a-9db1-8dbffdda00db@group-AD53B6DAE95C-SegmentedRaftLogWorker close()
2024-01-08 22:36:14,292 [grpc-default-executor-5] WARN  server.GrpcLogAppender (LogUtils.java:warn(121)) - cd56667c-d7fb-411e-a881-3bd7f4030648@group-9C533CFC459D->5d8f7830-f6d4-4ac5-95d9-573f6638b6da-AppendLogResponseHandler: Failed appendEntries: org.apache.ratis.thirdparty.io.grpc.StatusRuntimeException: UNAVAILABLE: io exception
2024-01-08 22:36:14,292 [grpc-default-executor-3] WARN  server.GrpcLogAppender (LogUtils.java:warn(121)) - cd56667c-d7fb-411e-a881-3bd7f4030648@group-9C533CFC459D->5d8f7830-f6d4-4ac5-95d9-573f6638b6da-AppendLogResponseHandler: Failed appendEntries: org.apache.ratis.thirdparty.io.grpc.StatusRuntimeException: UNAVAILABLE: io exception
2024-01-08 22:36:14,292 [grpc-default-executor-5] WARN  server.GrpcLogAppender (GrpcLogAppender.java:resetClient(140)) - cd56667c-d7fb-411e-a881-3bd7f4030648@group-9C533CFC459D->5d8f7830-f6d4-4ac5-95d9-573f6638b6da-GrpcLogAppender: Follower failed and request == null,  keep nextIndex (3) unchanged and retry.
2024-01-08 22:36:14,293 [grpc-default-executor-3] WARN  server.GrpcLogAppender (GrpcLogAppender.java:resetClient(140)) - cd56667c-d7fb-411e-a881-3bd7f4030648@group-9C533CFC459D->5d8f7830-f6d4-4ac5-95d9-573f6638b6da-GrpcLogAppender: Follower failed and request == null,  keep nextIndex (3) unchanged and retry.
2024-01-08 22:36:14,537 [35d8dfab-9865-4f4a-9db1-8dbffdda00db-impl-thread2] INFO  segmented.SegmentedRaftLogWorker (SegmentedRaftLogWorker.java:close(243)) - 35d8dfab-9865-4f4a-9db1-8dbffdda00db@group-9C533CFC459D-SegmentedRaftLogWorker close()
2024-01-08 22:36:14,539 [JvmPauseMonitor16] INFO  util.JvmPauseMonitor (JvmPauseMonitor.java:run(152)) - JvmPauseMonitor-35d8dfab-9865-4f4a-9db1-8dbffdda00db: Stopped
2024-01-08 22:36:15,541 [grpc-default-executor-1] WARN  server.GrpcLogAppender (LogUtils.java:warn(121)) - cd56667c-d7fb-411e-a881-3bd7f4030648@group-9C533CFC459D->35d8dfab-9865-4f4a-9db1-8dbffdda00db-AppendLogResponseHandler: Failed appendEntries: org.apache.ratis.thirdparty.io.grpc.StatusRuntimeException: UNAVAILABLE: io exception
2024-01-08 22:36:15,541 [grpc-default-executor-4] WARN  server.GrpcLogAppender (LogUtils.java:warn(121)) - cd56667c-d7fb-411e-a881-3bd7f4030648@group-9C533CFC459D->35d8dfab-9865-4f4a-9db1-8dbffdda00db-AppendLogResponseHandler: Failed appendEntries: org.apache.ratis.thirdparty.io.grpc.StatusRuntimeException: UNAVAILABLE: io exception
2024-01-08 22:36:15,541 [grpc-default-executor-1] WARN  server.GrpcLogAppender (GrpcLogAppender.java:resetClient(140)) - cd56667c-d7fb-411e-a881-3bd7f4030648@group-9C533CFC459D->35d8dfab-9865-4f4a-9db1-8dbffdda00db-GrpcLogAppender: Follower failed and request == null,  keep nextIndex (3) unchanged and retry.
2024-01-08 22:36:15,542 [grpc-default-executor-4] WARN  server.GrpcLogAppender (GrpcLogAppender.java:resetClient(140)) - cd56667c-d7fb-411e-a881-3bd7f4030648@group-9C533CFC459D->35d8dfab-9865-4f4a-9db1-8dbffdda00db-GrpcLogAppender: Follower failed and request == null,  keep nextIndex (3) unchanged and retry.
2024-01-08 22:36:15,544 [grpc-default-executor-4] WARN  server.GrpcLogAppender (LogUtils.java:warn(121)) - cd56667c-d7fb-411e-a881-3bd7f4030648@group-9C533CFC459D->5d8f7830-f6d4-4ac5-95d9-573f6638b6da-AppendLogResponseHandler: Failed appendEntries: org.apache.ratis.thirdparty.io.grpc.StatusRuntimeException: UNAVAILABLE: io exception
2024-01-08 22:36:15,544 [grpc-default-executor-1] WARN  server.GrpcLogAppender (LogUtils.java:warn(121)) - cd56667c-d7fb-411e-a881-3bd7f4030648@group-9C533CFC459D->5d8f7830-f6d4-4ac5-95d9-573f6638b6da-AppendLogResponseHandler: Failed appendEntries: org.apache.ratis.thirdparty.io.grpc.StatusRuntimeException: UNAVAILABLE: io exception
2024-01-08 22:36:15,544 [grpc-default-executor-4] WARN  server.GrpcLogAppender (GrpcLogAppender.java:resetClient(140)) - cd56667c-d7fb-411e-a881-3bd7f4030648@group-9C533CFC459D->5d8f7830-f6d4-4ac5-95d9-573f6638b6da-GrpcLogAppender: Follower failed and request == null,  keep nextIndex (3) unchanged and retry.
2024-01-08 22:36:15,544 [grpc-default-executor-1] WARN  server.GrpcLogAppender (GrpcLogAppender.java:resetClient(140)) - cd56667c-d7fb-411e-a881-3bd7f4030648@group-9C533CFC459D->5d8f7830-f6d4-4ac5-95d9-573f6638b6da-GrpcLogAppender: Follower failed and request == null,  keep nextIndex (3) unchanged and retry.
2024-01-08 22:36:16,544 [main] INFO  utils.DatanodeStoreCache (DatanodeStoreCache.java:shutdownCache(110)) - Skip clearing cache in mini cluster mode. Entries left: [/home/runner/work/ozone/ozone/hadoop-ozone/integration-test/target/test-dir/MiniOzoneClusterImpl-25d1905f-b767-404d-84bf-be0dd4c89112/datanode-0/data-0/containers/hdds/25d1905f-b767-404d-84bf-be0dd4c89112/DS-5f8e3d1e-4cb6-4c6d-987e-33065c83b90d/container.db, /home/runner/work/ozone/ozone/hadoop-ozone/integration-test/target/test-dir/MiniOzoneClusterImpl-25d1905f-b767-404d-84bf-be0dd4c89112/datanode-1/data-0/containers/hdds/25d1905f-b767-404d-84bf-be0dd4c89112/DS-9c4bd623-51d2-4764-b475-f63d57b29492/container.db, /home/runner/work/ozone/ozone/hadoop-ozone/integration-test/target/test-dir/MiniOzoneClusterImpl-25d1905f-b767-404d-84bf-be0dd4c89112/datanode-2/data-0/containers/hdds/25d1905f-b767-404d-84bf-be0dd4c89112/DS-dca5e0c4-8df2-4d1c-a16b-5f1847ddc93f/container.db, /home/runner/work/ozone/ozone/hadoop-ozone/integration-test/target/test-dir/MiniOzoneClusterImpl-25d1905f-b767-404d-84bf-be0dd4c89112/datanode-3/data-0/containers/hdds/25d1905f-b767-404d-84bf-be0dd4c89112/DS-4e3534e0-f774-49b8-bc25-6a91bb2abd14/container.db, /home/runner/work/ozone/ozone/hadoop-ozone/integration-test/target/test-dir/MiniOzoneClusterImpl-25d1905f-b767-404d-84bf-be0dd4c89112/datanode-4/data-0/containers/hdds/25d1905f-b767-404d-84bf-be0dd4c89112/DS-031a9201-2d2b-40d0-aa8a-8fd86cbc4b1f/container.db, /home/runner/work/ozone/ozone/hadoop-ozone/integration-test/target/test-dir/MiniOzoneClusterImpl-25d1905f-b767-404d-84bf-be0dd4c89112/datanode-6/data-0/containers/hdds/25d1905f-b767-404d-84bf-be0dd4c89112/DS-11ef7d0f-b1d5-42b6-8f1d-2b8b0423f19c/container.db, /home/runner/work/ozone/ozone/hadoop-ozone/integration-test/target/test-dir/MiniOzoneClusterImpl-25d1905f-b767-404d-84bf-be0dd4c89112/datanode-7/data-0/containers/hdds/25d1905f-b767-404d-84bf-be0dd4c89112/DS-1d9434b6-5df7-4b28-99ec-4b78f7fa35f1/container.db, /home/runner/work/ozone/ozone/hadoop-ozone/integration-test/target/test-dir/MiniOzoneClusterImpl-25d1905f-b767-404d-84bf-be0dd4c89112/datanode-8/data-0/containers/hdds/25d1905f-b767-404d-84bf-be0dd4c89112/DS-df21338e-717a-4d21-a874-9ee245aef3ca/container.db]
2024-01-08 22:36:16,546 [main] INFO  utils.DatanodeStoreCache (DatanodeStoreCache.java:removeDB(104)) - Removed db /home/runner/work/ozone/ozone/hadoop-ozone/integration-test/target/test-dir/MiniOzoneClusterImpl-25d1905f-b767-404d-84bf-be0dd4c89112/datanode-3/data-0/containers/hdds/25d1905f-b767-404d-84bf-be0dd4c89112/DS-4e3534e0-f774-49b8-bc25-6a91bb2abd14/container.db from cache
2024-01-08 22:36:16,546 [main] INFO  volume.HddsVolume (HddsVolume.java:closeDbStore(451)) - SchemaV3 db is stopped at /home/runner/work/ozone/ozone/hadoop-ozone/integration-test/target/test-dir/MiniOzoneClusterImpl-25d1905f-b767-404d-84bf-be0dd4c89112/datanode-3/data-0/containers/hdds/25d1905f-b767-404d-84bf-be0dd4c89112/DS-4e3534e0-f774-49b8-bc25-6a91bb2abd14/container.db for volume DS-4e3534e0-f774-49b8-bc25-6a91bb2abd14
2024-01-08 22:36:16,546 [main] INFO  utils.BackgroundService (BackgroundService.java:shutdown(160)) - Shutting down service BlockDeletingService
2024-01-08 22:36:16,546 [main] INFO  utils.BackgroundService (BackgroundService.java:shutdown(160)) - Shutting down service StaleRecoveringContainerScrubbingService
2024-01-08 22:36:16,546 [main] INFO  statemachine.DatanodeStateMachine (DatanodeStateMachine.java:stopDaemon(638)) - Ozone container server stopped.
2024-01-08 22:36:16,547 [main] INFO  handler.ContextHandler (ContextHandler.java:doStop(1159)) - Stopped o.e.j.w.WebAppContext@242bba82{hddsDatanode,/,null,STOPPED}{jar:file:/home/runner/.m2/repository/org/apache/ozone/hdds-container-service/1.5.0-SNAPSHOT/hdds-container-service-1.5.0-SNAPSHOT.jar!/webapps/hddsDatanode}
2024-01-08 22:36:16,547 [main] INFO  server.AbstractConnector (AbstractConnector.java:doStop(383)) - Stopped ServerConnector@6f2d389e{HTTP/1.1, (http/1.1)}{0.0.0.0:15125}
2024-01-08 22:36:16,548 [main] INFO  server.session (HouseKeeper.java:stopScavenging(149)) - node0 Stopped scavenging
2024-01-08 22:36:16,548 [main] INFO  handler.ContextHandler (ContextHandler.java:doStop(1159)) - Stopped o.e.j.s.ServletContextHandler@5ced27e7{static,/static,jar:file:/home/runner/.m2/repository/org/apache/ozone/hdds-container-service/1.5.0-SNAPSHOT/hdds-container-service-1.5.0-SNAPSHOT.jar!/webapps/static,STOPPED}
2024-01-08 22:36:16,548 [main] INFO  handler.ContextHandler (ContextHandler.java:doStop(1159)) - Stopped o.e.j.s.ServletContextHandler@7ea0b5ac{logs,/logs,file:///home/runner/work/ozone/ozone/hadoop-ozone/integration-test/target/log,STOPPED}
2024-01-08 22:36:16,549 [main] INFO  ozone.HddsDatanodeClientProtocolServer (HddsDatanodeClientProtocolServer.java:stop(78)) - Stopping the RPC server for Client Protocol
2024-01-08 22:36:16,549 [main] INFO  ipc.Server (Server.java:stop(3523)) - Stopping server on 15126
2024-01-08 22:36:16,549 [IPC Server listener on 15126] INFO  ipc.Server (Server.java:run(1434)) - Stopping IPC Server listener on 15126
2024-01-08 22:36:16,549 [IPC Server Responder] INFO  ipc.Server (Server.java:run(1567)) - Stopping IPC Server Responder
2024-01-08 22:36:16,554 [main] INFO  pipeline.PipelineManagerImpl (PipelineManagerImpl.java:closeContainersForPipeline(484)) - Container #1 closed for pipeline=PipelineID=7ad15f7c-0983-47c9-b79c-9c533cfc459d
2024-01-08 22:36:16,554 [EventQueue-CloseContainerForCloseContainerEventHandler] INFO  container.CloseContainerEventHandler (CloseContainerEventHandler.java:onMessage(88)) - Close container Event triggered for container : #1, current state: CLOSING
2024-01-08 22:36:16,554 [main] INFO  pipeline.PipelineManagerImpl (PipelineManagerImpl.java:closePipeline(518)) - Pipeline PipelineID=7ad15f7c-0983-47c9-b79c-9c533cfc459d moved to CLOSED state
2024-01-08 22:36:16,793 [grpc-default-executor-1] WARN  server.GrpcLogAppender (LogUtils.java:warn(121)) - cd56667c-d7fb-411e-a881-3bd7f4030648@group-9C533CFC459D->35d8dfab-9865-4f4a-9db1-8dbffdda00db-AppendLogResponseHandler: Failed appendEntries: org.apache.ratis.thirdparty.io.grpc.StatusRuntimeException: UNAVAILABLE: io exception
2024-01-08 22:36:16,793 [grpc-default-executor-4] WARN  server.GrpcLogAppender (LogUtils.java:warn(121)) - cd56667c-d7fb-411e-a881-3bd7f4030648@group-9C533CFC459D->35d8dfab-9865-4f4a-9db1-8dbffdda00db-AppendLogResponseHandler: Failed appendEntries: org.apache.ratis.thirdparty.io.grpc.StatusRuntimeException: UNAVAILABLE: io exception
2024-01-08 22:36:16,793 [grpc-default-executor-1] WARN  server.GrpcLogAppender (GrpcLogAppender.java:resetClient(140)) - cd56667c-d7fb-411e-a881-3bd7f4030648@group-9C533CFC459D->35d8dfab-9865-4f4a-9db1-8dbffdda00db-GrpcLogAppender: Follower failed and request == null,  keep nextIndex (3) unchanged and retry.
2024-01-08 22:36:16,794 [grpc-default-executor-4] WARN  server.GrpcLogAppender (GrpcLogAppender.java:resetClient(140)) - cd56667c-d7fb-411e-a881-3bd7f4030648@group-9C533CFC459D->35d8dfab-9865-4f4a-9db1-8dbffdda00db-GrpcLogAppender: Follower failed and request == null,  keep nextIndex (3) unchanged and retry.
2024-01-08 22:36:16,795 [grpc-default-executor-4] WARN  server.GrpcLogAppender (LogUtils.java:warn(121)) - cd56667c-d7fb-411e-a881-3bd7f4030648@group-9C533CFC459D->5d8f7830-f6d4-4ac5-95d9-573f6638b6da-AppendLogResponseHandler: Failed appendEntries: org.apache.ratis.thirdparty.io.grpc.StatusRuntimeException: UNAVAILABLE: io exception
2024-01-08 22:36:16,795 [grpc-default-executor-1] WARN  server.GrpcLogAppender (LogUtils.java:warn(121)) - cd56667c-d7fb-411e-a881-3bd7f4030648@group-9C533CFC459D->5d8f7830-f6d4-4ac5-95d9-573f6638b6da-AppendLogResponseHandler: Failed appendEntries: org.apache.ratis.thirdparty.io.grpc.StatusRuntimeException: UNAVAILABLE: io exception
2024-01-08 22:36:16,795 [grpc-default-executor-4] WARN  server.GrpcLogAppender (GrpcLogAppender.java:resetClient(140)) - cd56667c-d7fb-411e-a881-3bd7f4030648@group-9C533CFC459D->5d8f7830-f6d4-4ac5-95d9-573f6638b6da-GrpcLogAppender: Follower failed and request == null,  keep nextIndex (3) unchanged and retry.
2024-01-08 22:36:16,796 [grpc-default-executor-1] WARN  server.GrpcLogAppender (GrpcLogAppender.java:resetClient(140)) - cd56667c-d7fb-411e-a881-3bd7f4030648@group-9C533CFC459D->5d8f7830-f6d4-4ac5-95d9-573f6638b6da-GrpcLogAppender: Follower failed and request == null,  keep nextIndex (3) unchanged and retry.
2024-01-08 22:36:18,044 [grpc-default-executor-1] WARN  server.GrpcLogAppender (LogUtils.java:warn(121)) - cd56667c-d7fb-411e-a881-3bd7f4030648@group-9C533CFC459D->35d8dfab-9865-4f4a-9db1-8dbffdda00db-AppendLogResponseHandler: Failed appendEntries: org.apache.ratis.thirdparty.io.grpc.StatusRuntimeException: UNAVAILABLE: io exception
2024-01-08 22:36:18,045 [grpc-default-executor-4] WARN  server.GrpcLogAppender (LogUtils.java:warn(121)) - cd56667c-d7fb-411e-a881-3bd7f4030648@group-9C533CFC459D->35d8dfab-9865-4f4a-9db1-8dbffdda00db-AppendLogResponseHandler: Failed appendEntries: org.apache.ratis.thirdparty.io.grpc.StatusRuntimeException: UNAVAILABLE: io exception
2024-01-08 22:36:18,045 [grpc-default-executor-1] WARN  server.GrpcLogAppender (GrpcLogAppender.java:resetClient(140)) - cd56667c-d7fb-411e-a881-3bd7f4030648@group-9C533CFC459D->35d8dfab-9865-4f4a-9db1-8dbffdda00db-GrpcLogAppender: Follower failed and request == null,  keep nextIndex (3) unchanged and retry.
2024-01-08 22:36:18,045 [grpc-default-executor-4] WARN  server.GrpcLogAppender (GrpcLogAppender.java:resetClient(140)) - cd56667c-d7fb-411e-a881-3bd7f4030648@group-9C533CFC459D->35d8dfab-9865-4f4a-9db1-8dbffdda00db-GrpcLogAppender: Follower failed and request == null,  keep nextIndex (3) unchanged and retry.
2024-01-08 22:36:18,047 [grpc-default-executor-4] WARN  server.GrpcLogAppender (LogUtils.java:warn(121)) - cd56667c-d7fb-411e-a881-3bd7f4030648@group-9C533CFC459D->5d8f7830-f6d4-4ac5-95d9-573f6638b6da-AppendLogResponseHandler: Failed appendEntries: org.apache.ratis.thirdparty.io.grpc.StatusRuntimeException: UNAVAILABLE: io exception
2024-01-08 22:36:18,047 [grpc-default-executor-1] WARN  server.GrpcLogAppender (LogUtils.java:warn(121)) - cd56667c-d7fb-411e-a881-3bd7f4030648@group-9C533CFC459D->5d8f7830-f6d4-4ac5-95d9-573f6638b6da-AppendLogResponseHandler: Failed appendEntries: org.apache.ratis.thirdparty.io.grpc.StatusRuntimeException: UNAVAILABLE: io exception
2024-01-08 22:36:18,047 [grpc-default-executor-4] WARN  server.GrpcLogAppender (GrpcLogAppender.java:resetClient(140)) - cd56667c-d7fb-411e-a881-3bd7f4030648@group-9C533CFC459D->5d8f7830-f6d4-4ac5-95d9-573f6638b6da-GrpcLogAppender: Follower failed and request == null,  keep nextIndex (3) unchanged and retry.
2024-01-08 22:36:18,048 [grpc-default-executor-1] WARN  server.GrpcLogAppender (GrpcLogAppender.java:resetClient(140)) - cd56667c-d7fb-411e-a881-3bd7f4030648@group-9C533CFC459D->5d8f7830-f6d4-4ac5-95d9-573f6638b6da-GrpcLogAppender: Follower failed and request == null,  keep nextIndex (3) unchanged and retry.
2024-01-08 22:36:19,297 [grpc-default-executor-1] WARN  server.GrpcLogAppender (LogUtils.java:warn(121)) - cd56667c-d7fb-411e-a881-3bd7f4030648@group-9C533CFC459D->35d8dfab-9865-4f4a-9db1-8dbffdda00db-AppendLogResponseHandler: Failed appendEntries: org.apache.ratis.thirdparty.io.grpc.StatusRuntimeException: UNAVAILABLE: io exception
2024-01-08 22:36:19,297 [grpc-default-executor-4] WARN  server.GrpcLogAppender (LogUtils.java:warn(121)) - cd56667c-d7fb-411e-a881-3bd7f4030648@group-9C533CFC459D->35d8dfab-9865-4f4a-9db1-8dbffdda00db-AppendLogResponseHandler: Failed appendEntries: org.apache.ratis.thirdparty.io.grpc.StatusRuntimeException: UNAVAILABLE: io exception
2024-01-08 22:36:19,297 [grpc-default-executor-1] WARN  server.GrpcLogAppender (GrpcLogAppender.java:resetClient(140)) - cd56667c-d7fb-411e-a881-3bd7f4030648@group-9C533CFC459D->35d8dfab-9865-4f4a-9db1-8dbffdda00db-GrpcLogAppender: Follower failed and request == null,  keep nextIndex (3) unchanged and retry.
2024-01-08 22:36:19,298 [grpc-default-executor-4] WARN  server.GrpcLogAppender (GrpcLogAppender.java:resetClient(140)) - cd56667c-d7fb-411e-a881-3bd7f4030648@group-9C533CFC459D->35d8dfab-9865-4f4a-9db1-8dbffdda00db-GrpcLogAppender: Follower failed and request == null,  keep nextIndex (3) unchanged and retry.
2024-01-08 22:36:19,487 [grpc-default-executor-4] WARN  server.GrpcLogAppender (LogUtils.java:warn(121)) - cd56667c-d7fb-411e-a881-3bd7f4030648@group-9C533CFC459D->5d8f7830-f6d4-4ac5-95d9-573f6638b6da-AppendLogResponseHandler: Failed appendEntries: org.apache.ratis.thirdparty.io.grpc.StatusRuntimeException: UNAVAILABLE: io exception
2024-01-08 22:36:19,487 [grpc-default-executor-1] WARN  server.GrpcLogAppender (LogUtils.java:warn(121)) - cd56667c-d7fb-411e-a881-3bd7f4030648@group-9C533CFC459D->5d8f7830-f6d4-4ac5-95d9-573f6638b6da-AppendLogResponseHandler: Failed appendEntries: org.apache.ratis.thirdparty.io.grpc.StatusRuntimeException: UNAVAILABLE: io exception
2024-01-08 22:36:19,487 [grpc-default-executor-4] WARN  server.GrpcLogAppender (GrpcLogAppender.java:resetClient(140)) - cd56667c-d7fb-411e-a881-3bd7f4030648@group-9C533CFC459D->5d8f7830-f6d4-4ac5-95d9-573f6638b6da-GrpcLogAppender: Follower failed and request == null,  keep nextIndex (3) unchanged and retry.
2024-01-08 22:36:19,487 [grpc-default-executor-1] WARN  server.GrpcLogAppender (GrpcLogAppender.java:resetClient(140)) - cd56667c-d7fb-411e-a881-3bd7f4030648@group-9C533CFC459D->5d8f7830-f6d4-4ac5-95d9-573f6638b6da-GrpcLogAppender: Follower failed and request == null,  keep nextIndex (3) unchanged and retry.
2024-01-08 22:36:20,438 [null-request--thread1] INFO  server.GrpcClientProtocolService (GrpcClientProtocolService.java:lambda$processClientRequest$0(284)) - Failed RaftClientRequest:client-74B227C2E573->cd56667c-d7fb-411e-a881-3bd7f4030648@group-9C533CFC459D, cid=47, seq=null, Watch-ALL_COMMITTED(19), Message:<EMPTY>, reply=RaftClientReply:client-74B227C2E573->cd56667c-d7fb-411e-a881-3bd7f4030648@group-9C533CFC459D, cid=47, FAILED org.apache.ratis.protocol.exceptions.NotReplicatedException: Request with call Id 47 and log index 19 is not yet replicated to ALL_COMMITTED, logIndex=19, commits[cd56667c-d7fb-411e-a881-3bd7f4030648:c2, 35d8dfab-9865-4f4a-9db1-8dbffdda00db:c2, 5d8f7830-f6d4-4ac5-95d9-573f6638b6da:c1]
2024-01-08 22:36:20,442 [main] WARN  scm.XceiverClientRatis (XceiverClientRatis.java:watchForCommit(284)) - 3 way commit failed on pipeline Pipeline[ Id: 7ad15f7c-0983-47c9-b79c-9c533cfc459d, Nodes: 5d8f7830-f6d4-4ac5-95d9-573f6638b6da(fv-az1425-465/10.1.0.16)35d8dfab-9865-4f4a-9db1-8dbffdda00db(fv-az1425-465/10.1.0.16)cd56667c-d7fb-411e-a881-3bd7f4030648(fv-az1425-465/10.1.0.16), ReplicationConfig: RATIS/THREE, State:OPEN, leaderId:cd56667c-d7fb-411e-a881-3bd7f4030648, CreationTimestamp2024-01-08T22:36:02.196Z[Etc/UTC]]
java.util.concurrent.ExecutionException: org.apache.ratis.protocol.exceptions.NotReplicatedException: Request with call Id 47 and log index 19 is not yet replicated to ALL_COMMITTED
	at java.util.concurrent.CompletableFuture.reportGet(CompletableFuture.java:357)
	at java.util.concurrent.CompletableFuture.get(CompletableFuture.java:1908)
	at org.apache.hadoop.hdds.scm.XceiverClientRatis.watchForCommit(XceiverClientRatis.java:279)
	at org.apache.hadoop.ozone.client.rpc.TestWatchForCommit.testWatchForCommitForRetryfailure(TestWatchForCommit.java:281)
	at sun.reflect.NativeMethodAccessorImpl.invoke0(Native Method)
	at sun.reflect.NativeMethodAccessorImpl.invoke(NativeMethodAccessorImpl.java:62)
	at sun.reflect.DelegatingMethodAccessorImpl.invoke(DelegatingMethodAccessorImpl.java:43)
	at java.lang.reflect.Method.invoke(Method.java:498)
	at org.junit.platform.commons.util.ReflectionUtils.invokeMethod(ReflectionUtils.java:728)
	at org.junit.jupiter.engine.execution.MethodInvocation.proceed(MethodInvocation.java:60)
	at org.junit.jupiter.engine.execution.InvocationInterceptorChain$ValidatingInvocation.proceed(InvocationInterceptorChain.java:131)
	at org.junit.jupiter.engine.extension.TimeoutExtension.intercept(TimeoutExtension.java:156)
	at org.junit.jupiter.engine.extension.TimeoutExtension.interceptTestableMethod(TimeoutExtension.java:147)
	at org.junit.jupiter.engine.extension.TimeoutExtension.interceptTestMethod(TimeoutExtension.java:86)
	at org.junit.jupiter.engine.execution.InterceptingExecutableInvoker$ReflectiveInterceptorCall.lambda$ofVoidMethod$0(InterceptingExecutableInvoker.java:103)
	at org.junit.jupiter.engine.execution.InterceptingExecutableInvoker.lambda$invoke$0(InterceptingExecutableInvoker.java:93)
	at org.junit.jupiter.engine.execution.InvocationInterceptorChain$InterceptedInvocation.proceed(InvocationInterceptorChain.java:106)
	at org.junit.jupiter.engine.execution.InvocationInterceptorChain.proceed(InvocationInterceptorChain.java:64)
	at org.junit.jupiter.engine.execution.InvocationInterceptorChain.chainAndInvoke(InvocationInterceptorChain.java:45)
	at org.junit.jupiter.engine.execution.InvocationInterceptorChain.invoke(InvocationInterceptorChain.java:37)
	at org.junit.jupiter.engine.execution.InterceptingExecutableInvoker.invoke(InterceptingExecutableInvoker.java:92)
	at org.junit.jupiter.engine.execution.InterceptingExecutableInvoker.invoke(InterceptingExecutableInvoker.java:86)
	at org.junit.jupiter.engine.descriptor.TestMethodTestDescriptor.lambda$invokeTestMethod$7(TestMethodTestDescriptor.java:218)
	at org.junit.platform.engine.support.hierarchical.ThrowableCollector.execute(ThrowableCollector.java:73)
	at org.junit.jupiter.engine.descriptor.TestMethodTestDescriptor.invokeTestMethod(TestMethodTestDescriptor.java:214)
	at org.junit.jupiter.engine.descriptor.TestMethodTestDescriptor.execute(TestMethodTestDescriptor.java:139)
	at org.junit.jupiter.engine.descriptor.TestMethodTestDescriptor.execute(TestMethodTestDescriptor.java:69)
	at org.junit.platform.engine.support.hierarchical.NodeTestTask.lambda$executeRecursively$6(NodeTestTask.java:151)
	at org.junit.platform.engine.support.hierarchical.ThrowableCollector.execute(ThrowableCollector.java:73)
	at org.junit.platform.engine.support.hierarchical.NodeTestTask.lambda$executeRecursively$8(NodeTestTask.java:141)
	at org.junit.platform.engine.support.hierarchical.Node.around(Node.java:137)
	at org.junit.platform.engine.support.hierarchical.NodeTestTask.lambda$executeRecursively$9(NodeTestTask.java:139)
	at org.junit.platform.engine.support.hierarchical.ThrowableCollector.execute(ThrowableCollector.java:73)
	at org.junit.platform.engine.support.hierarchical.NodeTestTask.executeRecursively(NodeTestTask.java:138)
	at org.junit.platform.engine.support.hierarchical.NodeTestTask.execute(NodeTestTask.java:95)
	at java.util.ArrayList.forEach(ArrayList.java:1259)
	at org.junit.platform.engine.support.hierarchical.SameThreadHierarchicalTestExecutorService.invokeAll(SameThreadHierarchicalTestExecutorService.java:41)
	at org.junit.platform.engine.support.hierarchical.NodeTestTask.lambda$executeRecursively$6(NodeTestTask.java:155)
	at org.junit.platform.engine.support.hierarchical.ThrowableCollector.execute(ThrowableCollector.java:73)
	at org.junit.platform.engine.support.hierarchical.NodeTestTask.lambda$executeRecursively$8(NodeTestTask.java:141)
	at org.junit.platform.engine.support.hierarchical.Node.around(Node.java:137)
	at org.junit.platform.engine.support.hierarchical.NodeTestTask.lambda$executeRecursively$9(NodeTestTask.java:139)
	at org.junit.platform.engine.support.hierarchical.ThrowableCollector.execute(ThrowableCollector.java:73)
	at org.junit.platform.engine.support.hierarchical.NodeTestTask.executeRecursively(NodeTestTask.java:138)
	at org.junit.platform.engine.support.hierarchical.NodeTestTask.execute(NodeTestTask.java:95)
	at java.util.ArrayList.forEach(ArrayList.java:1259)
	at org.junit.platform.engine.support.hierarchical.SameThreadHierarchicalTestExecutorService.invokeAll(SameThreadHierarchicalTestExecutorService.java:41)
	at org.junit.platform.engine.support.hierarchical.NodeTestTask.lambda$executeRecursively$6(NodeTestTask.java:155)
	at org.junit.platform.engine.support.hierarchical.ThrowableCollector.execute(ThrowableCollector.java:73)
	at org.junit.platform.engine.support.hierarchical.NodeTestTask.lambda$executeRecursively$8(NodeTestTask.java:141)
	at org.junit.platform.engine.support.hierarchical.Node.around(Node.java:137)
	at org.junit.platform.engine.support.hierarchical.NodeTestTask.lambda$executeRecursively$9(NodeTestTask.java:139)
	at org.junit.platform.engine.support.hierarchical.ThrowableCollector.execute(ThrowableCollector.java:73)
	at org.junit.platform.engine.support.hierarchical.NodeTestTask.executeRecursively(NodeTestTask.java:138)
	at org.junit.platform.engine.support.hierarchical.NodeTestTask.execute(NodeTestTask.java:95)
	at org.junit.platform.engine.support.hierarchical.SameThreadHierarchicalTestExecutorService.submit(SameThreadHierarchicalTestExecutorService.java:35)
	at org.junit.platform.engine.support.hierarchical.HierarchicalTestExecutor.execute(HierarchicalTestExecutor.java:57)
	at org.junit.platform.engine.support.hierarchical.HierarchicalTestEngine.execute(HierarchicalTestEngine.java:54)
	at org.junit.platform.launcher.core.EngineExecutionOrchestrator.execute(EngineExecutionOrchestrator.java:198)
	at org.junit.platform.launcher.core.EngineExecutionOrchestrator.execute(EngineExecutionOrchestrator.java:169)
	at org.junit.platform.launcher.core.EngineExecutionOrchestrator.execute(EngineExecutionOrchestrator.java:93)
	at org.junit.platform.launcher.core.EngineExecutionOrchestrator.lambda$execute$0(EngineExecutionOrchestrator.java:58)
	at org.junit.platform.launcher.core.EngineExecutionOrchestrator.withInterceptedStreams(EngineExecutionOrchestrator.java:141)
	at org.junit.platform.launcher.core.EngineExecutionOrchestrator.execute(EngineExecutionOrchestrator.java:57)
	at org.junit.platform.launcher.core.DefaultLauncher.execute(DefaultLauncher.java:103)
	at org.junit.platform.launcher.core.DefaultLauncher.execute(DefaultLauncher.java:85)
	at org.junit.platform.launcher.core.DelegatingLauncher.execute(DelegatingLauncher.java:47)
	at org.apache.maven.surefire.junitplatform.LazyLauncher.execute(LazyLauncher.java:56)
	at org.apache.maven.surefire.junitplatform.JUnitPlatformProvider.execute(JUnitPlatformProvider.java:184)
	at org.apache.maven.surefire.junitplatform.JUnitPlatformProvider.invokeAllTests(JUnitPlatformProvider.java:148)
	at org.apache.maven.surefire.junitplatform.JUnitPlatformProvider.invoke(JUnitPlatformProvider.java:120)
	at org.apache.maven.surefire.booter.ForkedBooter.runSuitesInProcess(ForkedBooter.java:385)
	at org.apache.maven.surefire.booter.ForkedBooter.execute(ForkedBooter.java:162)
	at org.apache.maven.surefire.booter.ForkedBooter.run(ForkedBooter.java:507)
	at org.apache.maven.surefire.booter.ForkedBooter.main(ForkedBooter.java:495)
Caused by: org.apache.ratis.protocol.exceptions.NotReplicatedException: Request with call Id 47 and log index 19 is not yet replicated to ALL_COMMITTED
	at org.apache.ratis.client.impl.ClientProtoUtils.toRaftClientReply(ClientProtoUtils.java:400)
	at org.apache.ratis.grpc.client.GrpcClientProtocolClient$AsyncStreamObservers$1.onNext(GrpcClientProtocolClient.java:310)
	at org.apache.ratis.grpc.client.GrpcClientProtocolClient$AsyncStreamObservers$1.onNext(GrpcClientProtocolClient.java:305)
	at org.apache.ratis.thirdparty.io.grpc.stub.ClientCalls$StreamObserverToCallListenerAdapter.onMessage(ClientCalls.java:468)
	at org.apache.ratis.thirdparty.io.grpc.ForwardingClientCallListener.onMessage(ForwardingClientCallListener.java:33)
	at org.apache.ratis.thirdparty.io.grpc.internal.ClientCallImpl$ClientStreamListenerImpl$1MessagesAvailable.runInternal(ClientCallImpl.java:660)
	at org.apache.ratis.thirdparty.io.grpc.internal.ClientCallImpl$ClientStreamListenerImpl$1MessagesAvailable.runInContext(ClientCallImpl.java:647)
	at org.apache.ratis.thirdparty.io.grpc.internal.ContextRunnable.run(ContextRunnable.java:37)
	at org.apache.ratis.thirdparty.io.grpc.internal.SerializingExecutor.run(SerializingExecutor.java:133)
	at java.util.concurrent.ThreadPoolExecutor.runWorker(ThreadPoolExecutor.java:1149)
	at java.util.concurrent.ThreadPoolExecutor$Worker.run(ThreadPoolExecutor.java:624)
	at java.lang.Thread.run(Thread.java:750)
2024-01-08 22:36:20,548 [grpc-default-executor-4] WARN  server.GrpcLogAppender (LogUtils.java:warn(121)) - cd56667c-d7fb-411e-a881-3bd7f4030648@group-9C533CFC459D->35d8dfab-9865-4f4a-9db1-8dbffdda00db-AppendLogResponseHandler: Failed appendEntries: org.apache.ratis.thirdparty.io.grpc.StatusRuntimeException: UNAVAILABLE: io exception
2024-01-08 22:36:20,548 [grpc-default-executor-5] WARN  server.GrpcLogAppender (LogUtils.java:warn(121)) - cd56667c-d7fb-411e-a881-3bd7f4030648@group-9C533CFC459D->35d8dfab-9865-4f4a-9db1-8dbffdda00db-AppendLogResponseHandler: Failed appendEntries: org.apache.ratis.thirdparty.io.grpc.StatusRuntimeException: UNAVAILABLE: io exception
2024-01-08 22:36:20,548 [grpc-default-executor-4] WARN  server.GrpcLogAppender (GrpcLogAppender.java:resetClient(140)) - cd56667c-d7fb-411e-a881-3bd7f4030648@group-9C533CFC459D->35d8dfab-9865-4f4a-9db1-8dbffdda00db-GrpcLogAppender: Follower failed and request == null,  keep nextIndex (3) unchanged and retry.
2024-01-08 22:36:20,549 [grpc-default-executor-5] WARN  server.GrpcLogAppender (GrpcLogAppender.java:resetClient(140)) - cd56667c-d7fb-411e-a881-3bd7f4030648@group-9C533CFC459D->35d8dfab-9865-4f4a-9db1-8dbffdda00db-GrpcLogAppender: Follower failed and request == null,  keep nextIndex (3) unchanged and retry.
2024-01-08 22:36:20,875 [grpc-default-executor-5] WARN  server.GrpcLogAppender (LogUtils.java:warn(121)) - cd56667c-d7fb-411e-a881-3bd7f4030648@group-9C533CFC459D->5d8f7830-f6d4-4ac5-95d9-573f6638b6da-AppendLogResponseHandler: Failed appendEntries: org.apache.ratis.thirdparty.io.grpc.StatusRuntimeException: UNAVAILABLE: io exception
2024-01-08 22:36:20,875 [grpc-default-executor-4] WARN  server.GrpcLogAppender (LogUtils.java:warn(121)) - cd56667c-d7fb-411e-a881-3bd7f4030648@group-9C533CFC459D->5d8f7830-f6d4-4ac5-95d9-573f6638b6da-AppendLogResponseHandler: Failed appendEntries: org.apache.ratis.thirdparty.io.grpc.StatusRuntimeException: UNAVAILABLE: io exception
2024-01-08 22:36:20,876 [grpc-default-executor-5] WARN  server.GrpcLogAppender (GrpcLogAppender.java:resetClient(140)) - cd56667c-d7fb-411e-a881-3bd7f4030648@group-9C533CFC459D->5d8f7830-f6d4-4ac5-95d9-573f6638b6da-GrpcLogAppender: Follower failed and request == null,  keep nextIndex (3) unchanged and retry.
2024-01-08 22:36:20,876 [grpc-default-executor-4] WARN  server.GrpcLogAppender (GrpcLogAppender.java:resetClient(140)) - cd56667c-d7fb-411e-a881-3bd7f4030648@group-9C533CFC459D->5d8f7830-f6d4-4ac5-95d9-573f6638b6da-GrpcLogAppender: Follower failed and request == null,  keep nextIndex (3) unchanged and retry.
2024-01-08 22:36:20,937 [cd56667c-d7fb-411e-a881-3bd7f4030648@group-9C533CFC459D-LeaderStateImpl] WARN  server.RaftServer$Division (LeaderStateImpl.java:checkLeadership(1087)) - cd56667c-d7fb-411e-a881-3bd7f4030648@group-9C533CFC459D-LeaderStateImpl: Lost leadership on term: 1. Election timeout: 5200ms. In charge for: 10679ms. Conf: 0: peers:[cd56667c-d7fb-411e-a881-3bd7f4030648|10.1.0.16:15139, 35d8dfab-9865-4f4a-9db1-8dbffdda00db|10.1.0.16:15130, 5d8f7830-f6d4-4ac5-95d9-573f6638b6da|10.1.0.16:15148]|listeners:[], old=null
2024-01-08 22:36:20,937 [cd56667c-d7fb-411e-a881-3bd7f4030648@group-9C533CFC459D-LeaderStateImpl] WARN  server.RaftServer$Division (LeaderStateImpl.java:lambda$checkLeadership$21(1091)) - Follower cd56667c-d7fb-411e-a881-3bd7f4030648@group-9C533CFC459D->35d8dfab-9865-4f4a-9db1-8dbffdda00db(c2,m2,n3, caughtUp=true, lastRpcSendTime=387, lastRpcResponseTime=7898)
2024-01-08 22:36:20,937 [cd56667c-d7fb-411e-a881-3bd7f4030648@group-9C533CFC459D-LeaderStateImpl] WARN  server.RaftServer$Division (LeaderStateImpl.java:lambda$checkLeadership$21(1091)) - Follower cd56667c-d7fb-411e-a881-3bd7f4030648@group-9C533CFC459D->5d8f7830-f6d4-4ac5-95d9-573f6638b6da(c1,m2,n3, caughtUp=true, lastRpcSendTime=60, lastRpcResponseTime=10401)
2024-01-08 22:36:20,937 [cd56667c-d7fb-411e-a881-3bd7f4030648@group-9C533CFC459D-LeaderStateImpl] INFO  server.RaftServer$Division (RaftServerImpl.java:setRole(379)) - cd56667c-d7fb-411e-a881-3bd7f4030648@group-9C533CFC459D: changes role from    LEADER to FOLLOWER at term 1 for StepDownReason:LOST_MAJORITY_HEARTBEATS
2024-01-08 22:36:20,937 [cd56667c-d7fb-411e-a881-3bd7f4030648@group-9C533CFC459D-LeaderStateImpl] INFO  impl.RoleInfo (RoleInfo.java:shutdownLeaderState(94)) - cd56667c-d7fb-411e-a881-3bd7f4030648: shutdown cd56667c-d7fb-411e-a881-3bd7f4030648@group-9C533CFC459D-LeaderStateImpl
2024-01-08 22:36:20,937 [cd56667c-d7fb-411e-a881-3bd7f4030648@group-9C533CFC459D-LeaderStateImpl] INFO  impl.PendingRequests (PendingRequests.java:sendNotLeaderResponses(289)) - cd56667c-d7fb-411e-a881-3bd7f4030648@group-9C533CFC459D-PendingRequests: sendNotLeaderResponses
2024-01-08 22:36:20,937 [cd56667c-d7fb-411e-a881-3bd7f4030648@group-9C533CFC459D->35d8dfab-9865-4f4a-9db1-8dbffdda00db-GrpcLogAppender-LogAppenderDaemon] WARN  server.GrpcLogAppender (GrpcLogAppender.java:mayWait(212)) - cd56667c-d7fb-411e-a881-3bd7f4030648@group-9C533CFC459D->35d8dfab-9865-4f4a-9db1-8dbffdda00db-GrpcLogAppender: Wait interrupted by java.lang.InterruptedException
2024-01-08 22:36:20,937 [cd56667c-d7fb-411e-a881-3bd7f4030648@group-9C533CFC459D->5d8f7830-f6d4-4ac5-95d9-573f6638b6da-GrpcLogAppender-LogAppenderDaemon] WARN  server.GrpcLogAppender (GrpcLogAppender.java:mayWait(212)) - cd56667c-d7fb-411e-a881-3bd7f4030648@group-9C533CFC459D->5d8f7830-f6d4-4ac5-95d9-573f6638b6da-GrpcLogAppender: Wait interrupted by java.lang.InterruptedException
2024-01-08 22:36:20,940 [null-request--thread1] INFO  server.GrpcClientProtocolService (GrpcClientProtocolService.java:lambda$processClientRequest$0(284)) - Failed RaftClientRequest:client-74B227C2E573->cd56667c-d7fb-411e-a881-3bd7f4030648@group-9C533CFC459D, cid=48, seq=null, Watch-MAJORITY_COMMITTED(19), Message:<EMPTY>, reply=RaftClientReply:client-74B227C2E573->cd56667c-d7fb-411e-a881-3bd7f4030648@group-9C533CFC459D, cid=48, FAILED org.apache.ratis.protocol.exceptions.NotLeaderException: Server cd56667c-d7fb-411e-a881-3bd7f4030648@group-9C533CFC459D is not the leader, logIndex=0, commits[cd56667c-d7fb-411e-a881-3bd7f4030648:c2, 35d8dfab-9865-4f4a-9db1-8dbffdda00db:c2, 5d8f7830-f6d4-4ac5-95d9-573f6638b6da:c1]
2024-01-08 22:36:20,940 [cd56667c-d7fb-411e-a881-3bd7f4030648@group-9C533CFC459D-LeaderStateImpl] INFO  server.RaftServer$Division (ServerState.java:setLeader(265)) - cd56667c-d7fb-411e-a881-3bd7f4030648@group-9C533CFC459D: change Leader from cd56667c-d7fb-411e-a881-3bd7f4030648 to null at term 1 for StepDownReason:LOST_MAJORITY_HEARTBEATS
2024-01-08 22:36:20,940 [cd56667c-d7fb-411e-a881-3bd7f4030648@group-9C533CFC459D-LeaderStateImpl] INFO  impl.RoleInfo (RoleInfo.java:updateAndGet(139)) - cd56667c-d7fb-411e-a881-3bd7f4030648: start cd56667c-d7fb-411e-a881-3bd7f4030648@group-9C533CFC459D-FollowerState
2024-01-08 22:36:21,546 [cd56667c-d7fb-411e-a881-3bd7f4030648-CloseContainerThread-0] INFO  commandhandler.CloseContainerCommandHandler (CloseContainerCommandHandler.java:lambda$handle$0(153)) - Follower cannot close container #1.
2024-01-08 22:36:22,987 [BackgroundPipelineScrubber] INFO  pipeline.PipelineManagerImpl (PipelineManagerImpl.java:scrubPipelines(610)) - Scrubbing pipeline: id: PipelineID=7ad15f7c-0983-47c9-b79c-9c533cfc459d since it stays at CLOSED stage.
2024-01-08 22:36:22,987 [BackgroundPipelineScrubber] INFO  pipeline.RatisPipelineProvider (RatisPipelineProvider.java:lambda$close$4(272)) - Send pipeline:PipelineID=7ad15f7c-0983-47c9-b79c-9c533cfc459d close command to datanode 5d8f7830-f6d4-4ac5-95d9-573f6638b6da
2024-01-08 22:36:22,987 [BackgroundPipelineScrubber] INFO  pipeline.RatisPipelineProvider (RatisPipelineProvider.java:lambda$close$4(272)) - Send pipeline:PipelineID=7ad15f7c-0983-47c9-b79c-9c533cfc459d close command to datanode 35d8dfab-9865-4f4a-9db1-8dbffdda00db
2024-01-08 22:36:22,988 [BackgroundPipelineScrubber] INFO  pipeline.RatisPipelineProvider (RatisPipelineProvider.java:lambda$close$4(272)) - Send pipeline:PipelineID=7ad15f7c-0983-47c9-b79c-9c533cfc459d close command to datanode cd56667c-d7fb-411e-a881-3bd7f4030648
2024-01-08 22:36:22,989 [BackgroundPipelineScrubber] INFO  pipeline.PipelineManagerImpl (PipelineManagerImpl.java:removePipeline(459)) - Pipeline Pipeline[ Id: 7ad15f7c-0983-47c9-b79c-9c533cfc459d, Nodes: 5d8f7830-f6d4-4ac5-95d9-573f6638b6da(fv-az1425-465/10.1.0.16)35d8dfab-9865-4f4a-9db1-8dbffdda00db(fv-az1425-465/10.1.0.16)cd56667c-d7fb-411e-a881-3bd7f4030648(fv-az1425-465/10.1.0.16), ReplicationConfig: RATIS/THREE, State:CLOSED, leaderId:cd56667c-d7fb-411e-a881-3bd7f4030648, CreationTimestamp2024-01-08T22:36:02.196Z[Etc/UTC]] removed.
2024-01-08 22:36:24,545 [cd56667c-d7fb-411e-a881-3bd7f4030648-PipelineCommandHandlerThread-0] INFO  server.RaftServer (RaftServerProxy.java:remove(111)) - cd56667c-d7fb-411e-a881-3bd7f4030648: remove  FOLLOWER cd56667c-d7fb-411e-a881-3bd7f4030648@group-9C533CFC459D:t1, leader=null, voted=cd56667c-d7fb-411e-a881-3bd7f4030648, raftlog=Memoized:cd56667c-d7fb-411e-a881-3bd7f4030648@group-9C533CFC459D-SegmentedRaftLog:OPENED:c2, conf=0: peers:[cd56667c-d7fb-411e-a881-3bd7f4030648|10.1.0.16:15139, 35d8dfab-9865-4f4a-9db1-8dbffdda00db|10.1.0.16:15130, 5d8f7830-f6d4-4ac5-95d9-573f6638b6da|10.1.0.16:15148]|listeners:[], old=null RUNNING
2024-01-08 22:36:24,546 [cd56667c-d7fb-411e-a881-3bd7f4030648-PipelineCommandHandlerThread-0] INFO  server.RaftServer$Division (RaftServerImpl.java:lambda$close$3(516)) - cd56667c-d7fb-411e-a881-3bd7f4030648@group-9C533CFC459D: shutdown
2024-01-08 22:36:24,546 [cd56667c-d7fb-411e-a881-3bd7f4030648-PipelineCommandHandlerThread-0] INFO  util.JmxRegister (JmxRegister.java:unregister(73)) - Successfully un-registered JMX Bean with object name Ratis:service=RaftServer,group=group-9C533CFC459D,id=cd56667c-d7fb-411e-a881-3bd7f4030648
2024-01-08 22:36:24,546 [cd56667c-d7fb-411e-a881-3bd7f4030648-PipelineCommandHandlerThread-0] INFO  impl.RoleInfo (RoleInfo.java:shutdownFollowerState(110)) - cd56667c-d7fb-411e-a881-3bd7f4030648: shutdown cd56667c-d7fb-411e-a881-3bd7f4030648@group-9C533CFC459D-FollowerState
2024-01-08 22:36:24,546 [cd56667c-d7fb-411e-a881-3bd7f4030648-PipelineCommandHandlerThread-0] INFO  impl.StateMachineUpdater (StateMachineUpdater.java:stopAndJoin(157)) - cd56667c-d7fb-411e-a881-3bd7f4030648@group-9C533CFC459D-StateMachineUpdater: set stopIndex = 2
2024-01-08 22:36:24,547 [cd56667c-d7fb-411e-a881-3bd7f4030648@group-9C533CFC459D-FollowerState] INFO  impl.FollowerState (FollowerState.java:run(152)) - cd56667c-d7fb-411e-a881-3bd7f4030648@group-9C533CFC459D-FollowerState was interrupted
2024-01-08 22:36:24,547 [cd56667c-d7fb-411e-a881-3bd7f4030648@group-9C533CFC459D-StateMachineUpdater] INFO  ratis.ContainerStateMachine (ContainerStateMachine.java:takeSnapshot(355)) - group-9C533CFC459D: Taking a snapshot at:(t:1, i:2) file /home/runner/work/ozone/ozone/hadoop-ozone/integration-test/target/test-dir/MiniOzoneClusterImpl-25d1905f-b767-404d-84bf-be0dd4c89112/datanode-4/data/ratis/7ad15f7c-0983-47c9-b79c-9c533cfc459d/sm/snapshot.1_2
2024-01-08 22:36:24,548 [cd56667c-d7fb-411e-a881-3bd7f4030648@group-9C533CFC459D-StateMachineUpdater] INFO  ratis.ContainerStateMachine (ContainerStateMachine.java:takeSnapshot(366)) - group-9C533CFC459D: Finished taking a snapshot at:(t:1, i:2) file:/home/runner/work/ozone/ozone/hadoop-ozone/integration-test/target/test-dir/MiniOzoneClusterImpl-25d1905f-b767-404d-84bf-be0dd4c89112/datanode-4/data/ratis/7ad15f7c-0983-47c9-b79c-9c533cfc459d/sm/snapshot.1_2 took: 1 ms
2024-01-08 22:36:24,548 [cd56667c-d7fb-411e-a881-3bd7f4030648@group-9C533CFC459D-StateMachineUpdater] INFO  impl.StateMachineUpdater (StateMachineUpdater.java:takeSnapshot(295)) - cd56667c-d7fb-411e-a881-3bd7f4030648@group-9C533CFC459D-StateMachineUpdater: Took a snapshot at index 2
2024-01-08 22:36:24,548 [cd56667c-d7fb-411e-a881-3bd7f4030648@group-9C533CFC459D-StateMachineUpdater] INFO  impl.StateMachineUpdater (StateMachineUpdater.java:lambda$new$0(98)) - cd56667c-d7fb-411e-a881-3bd7f4030648@group-9C533CFC459D-StateMachineUpdater: snapshotIndex: updateIncreasingly -1 -> 2
2024-01-08 22:36:24,548 [cd56667c-d7fb-411e-a881-3bd7f4030648-PipelineCommandHandlerThread-0] INFO  server.RaftServer$Division (ServerState.java:close(423)) - cd56667c-d7fb-411e-a881-3bd7f4030648@group-9C533CFC459D: applyIndex: 2
2024-01-08 22:36:24,549 [cd56667c-d7fb-411e-a881-3bd7f4030648@group-9C533CFC459D-cacheEviction-AwaitToRun] INFO  util.AwaitToRun (AwaitToRun.java:run(49)) - cd56667c-d7fb-411e-a881-3bd7f4030648@group-9C533CFC459D-cacheEviction-AwaitToRun-AwaitForSignal is interrupted
2024-01-08 22:36:25,536 [cd56667c-d7fb-411e-a881-3bd7f4030648-PipelineCommandHandlerThread-0] INFO  segmented.SegmentedRaftLogWorker (SegmentedRaftLogWorker.java:close(243)) - cd56667c-d7fb-411e-a881-3bd7f4030648@group-9C533CFC459D-SegmentedRaftLogWorker close()
2024-01-08 22:36:25,538 [cd56667c-d7fb-411e-a881-3bd7f4030648-PipelineCommandHandlerThread-0] INFO  keyvalue.KeyValueContainer (KeyValueContainer.java:flushAndSyncDB(522)) - Container 1 is synced with bcsId 0.
2024-01-08 22:36:25,538 [cd56667c-d7fb-411e-a881-3bd7f4030648-PipelineCommandHandlerThread-0] INFO  keyvalue.KeyValueContainer (KeyValueContainer.java:flushAndSyncDB(522)) - Container 1 is synced with bcsId 0.
2024-01-08 22:36:25,541 [FixedThreadPoolWithAffinityExecutor-9-0] INFO  container.IncrementalContainerReportHandler (AbstractContainerReportHandler.java:updateContainerState(287)) - Moving container #1 to QUASI_CLOSED state, datanode cd56667c-d7fb-411e-a881-3bd7f4030648(fv-az1425-465/10.1.0.16) reported QUASI_CLOSED replica.
2024-01-08 22:36:25,541 [cd56667c-d7fb-411e-a881-3bd7f4030648-PipelineCommandHandlerThread-0] INFO  server.RaftServer$Division (RaftServerImpl.java:groupRemove(486)) - cd56667c-d7fb-411e-a881-3bd7f4030648@group-9C533CFC459D: Succeed to remove RaftStorageDirectory Storage Directory /home/runner/work/ozone/ozone/hadoop-ozone/integration-test/target/test-dir/MiniOzoneClusterImpl-25d1905f-b767-404d-84bf-be0dd4c89112/datanode-4/data/ratis/7ad15f7c-0983-47c9-b79c-9c533cfc459d
2024-01-08 22:36:25,542 [cd56667c-d7fb-411e-a881-3bd7f4030648-PipelineCommandHandlerThread-0] ERROR commandhandler.ClosePipelineCommandHandler (ClosePipelineCommandHandler.java:lambda$handle$2(137)) - Can't close pipeline PipelineID=7ad15f7c-0983-47c9-b79c-9c533cfc459d
org.apache.ratis.protocol.exceptions.GroupMismatchException: cd56667c-d7fb-411e-a881-3bd7f4030648: group-9C533CFC459D not found.
	at org.apache.ratis.server.impl.RaftServerProxy$ImplMap.get(RaftServerProxy.java:154)
	at org.apache.ratis.server.impl.RaftServerProxy.getImplFuture(RaftServerProxy.java:364)
	at org.apache.ratis.server.impl.RaftServerProxy.getImpl(RaftServerProxy.java:373)
	at org.apache.ratis.server.impl.RaftServerProxy.getDivision(RaftServerProxy.java:386)
	at org.apache.hadoop.ozone.container.common.transport.server.ratis.XceiverServerRatis.getRaftPeersInPipeline(XceiverServerRatis.java:929)
	at org.apache.hadoop.ozone.container.common.statemachine.commandhandler.ClosePipelineCommandHandler.lambda$handle$2(ClosePipelineCommandHandler.java:114)
	at java.util.concurrent.CompletableFuture$AsyncRun.run(CompletableFuture.java:1640)
	at java.util.concurrent.ThreadPoolExecutor.runWorker(ThreadPoolExecutor.java:1149)
	at java.util.concurrent.ThreadPoolExecutor$Worker.run(ThreadPoolExecutor.java:624)
	at java.lang.Thread.run(Thread.java:750)
2024-01-08 22:36:31,076 [main] INFO  ozone.MiniOzoneClusterImpl (MiniOzoneClusterImpl.java:shutdown(450)) - Shutting down the Mini Ozone Cluster
2024-01-08 22:36:31,077 [main] INFO  db.CodecTestUtil (CodecTestUtil.java:gc(50)) - gc 0
2024-01-08 22:36:31,370 [main] INFO  ozone.MiniOzoneClusterImpl (MiniOzoneClusterImpl.java:stop(466)) - Stopping the Mini Ozone Cluster
2024-01-08 22:36:31,370 [main] INFO  om.OzoneManager (OzoneManager.java:stop(2204)) - om1[localhost:15093]: Stopping Ozone Manager
2024-01-08 22:36:31,371 [main] INFO  ipc.Server (Server.java:stop(3523)) - Stopping server on 15093
2024-01-08 22:36:31,372 [IPC Server listener on 15093] INFO  ipc.Server (Server.java:run(1434)) - Stopping IPC Server listener on 15093
2024-01-08 22:36:31,372 [IPC Server Responder] INFO  ipc.Server (Server.java:run(1567)) - Stopping IPC Server Responder
2024-01-08 22:36:31,373 [main] INFO  server.RaftServer (RaftServerProxy.java:lambda$close$9(416)) - om1: close
2024-01-08 22:36:31,376 [main] INFO  server.GrpcService (GrpcService.java:closeImpl(311)) - om1: shutdown server GrpcServerProtocolService now
2024-01-08 22:36:31,376 [om1-impl-thread1] INFO  server.RaftServer$Division (RaftServerImpl.java:lambda$close$3(516)) - om1@group-C5BA1605619E: shutdown
2024-01-08 22:36:31,376 [om1-impl-thread1] INFO  util.JmxRegister (JmxRegister.java:unregister(73)) - Successfully un-registered JMX Bean with object name Ratis:service=RaftServer,group=group-C5BA1605619E,id=om1
2024-01-08 22:36:31,376 [om1-impl-thread1] INFO  impl.RoleInfo (RoleInfo.java:shutdownLeaderState(94)) - om1: shutdown om1@group-C5BA1605619E-LeaderStateImpl
2024-01-08 22:36:31,376 [om1-impl-thread1] INFO  impl.PendingRequests (PendingRequests.java:sendNotLeaderResponses(289)) - om1@group-C5BA1605619E-PendingRequests: sendNotLeaderResponses
2024-01-08 22:36:31,379 [main] INFO  server.GrpcService (GrpcService.java:closeImpl(320)) - om1: shutdown server GrpcServerProtocolService successfully
2024-01-08 22:36:31,379 [om1-impl-thread1] INFO  impl.StateMachineUpdater (StateMachineUpdater.java:stopAndJoin(157)) - om1@group-C5BA1605619E-StateMachineUpdater: set stopIndex = 4
2024-01-08 22:36:31,379 [om1@group-C5BA1605619E-StateMachineUpdater] INFO  ratis.OzoneManagerStateMachine (OzoneManagerStateMachine.java:takeSnapshot(496)) - Current Snapshot Index (t:1, i:4)
2024-01-08 22:36:31,388 [om1@group-C5BA1605619E-StateMachineUpdater] INFO  impl.StateMachineUpdater (StateMachineUpdater.java:takeSnapshot(295)) - om1@group-C5BA1605619E-StateMachineUpdater: Took a snapshot at index 4
2024-01-08 22:36:31,388 [om1@group-C5BA1605619E-StateMachineUpdater] INFO  impl.StateMachineUpdater (StateMachineUpdater.java:lambda$new$0(98)) - om1@group-C5BA1605619E-StateMachineUpdater: snapshotIndex: updateIncreasingly -1 -> 4
2024-01-08 22:36:31,388 [om1@group-C5BA1605619E-StateMachineUpdater] INFO  ratis.OzoneManagerStateMachine (OzoneManagerStateMachine.java:close(546)) - StateMachine has shutdown. Shutdown OzoneManager if not already shutdown.
2024-01-08 22:36:31,388 [om1@group-C5BA1605619E-StateMachineUpdater] INFO  ratis.OzoneManagerDoubleBuffer (OzoneManagerDoubleBuffer.java:stopDaemon(536)) - Stopping OMDoubleBuffer flush thread
2024-01-08 22:36:31,388 [om1-OMDoubleBufferFlushThread] INFO  ratis.OzoneManagerDoubleBuffer (OzoneManagerDoubleBuffer.java:canFlush(616)) - OMDoubleBuffer flush thread om1-OMDoubleBufferFlushThread is interrupted and will exit.
2024-01-08 22:36:31,389 [om1@group-C5BA1605619E-StateMachineUpdater] INFO  ratis.OzoneManagerStateMachine (OzoneManagerStateMachine.java:stop(755)) - applyTransactionMap size 0 
2024-01-08 22:36:31,389 [om1@group-C5BA1605619E-StateMachineUpdater] INFO  ratis.OzoneManagerStateMachine (OzoneManagerStateMachine.java:stop(761)) - ratisTransactionMap size 0
2024-01-08 22:36:31,389 [om1-impl-thread1] INFO  server.RaftServer$Division (ServerState.java:close(423)) - om1@group-C5BA1605619E: applyIndex: 4
2024-01-08 22:36:31,389 [om1@group-C5BA1605619E-cacheEviction-AwaitToRun] INFO  util.AwaitToRun (AwaitToRun.java:run(49)) - om1@group-C5BA1605619E-cacheEviction-AwaitToRun-AwaitForSignal is interrupted
2024-01-08 22:36:31,508 [om1-impl-thread1] INFO  segmented.SegmentedRaftLogWorker (SegmentedRaftLogWorker.java:close(243)) - om1@group-C5BA1605619E-SegmentedRaftLogWorker close()
2024-01-08 22:36:31,508 [JvmPauseMonitor12] INFO  util.JvmPauseMonitor (JvmPauseMonitor.java:run(152)) - JvmPauseMonitor-om1: Stopped
2024-01-08 22:36:31,508 [main] INFO  ratis.OzoneManagerStateMachine (OzoneManagerStateMachine.java:close(546)) - StateMachine has shutdown. Shutdown OzoneManager if not already shutdown.
2024-01-08 22:36:31,508 [main] INFO  ratis.OzoneManagerDoubleBuffer (OzoneManagerDoubleBuffer.java:stopDaemon(545)) - OMDoubleBuffer flush thread is not running.
2024-01-08 22:36:31,508 [main] INFO  ratis.OzoneManagerStateMachine (OzoneManagerStateMachine.java:stop(755)) - applyTransactionMap size 0 
2024-01-08 22:36:31,508 [main] INFO  ratis.OzoneManagerStateMachine (OzoneManagerStateMachine.java:stop(761)) - ratisTransactionMap size 0
2024-01-08 22:36:31,509 [main] INFO  utils.BackgroundService (BackgroundService.java:shutdown(160)) - Shutting down service KeyDeletingService
2024-01-08 22:36:31,509 [main] INFO  utils.BackgroundService (BackgroundService.java:shutdown(160)) - Shutting down service DirectoryDeletingService
2024-01-08 22:36:31,509 [main] INFO  utils.BackgroundService (BackgroundService.java:shutdown(160)) - Shutting down service OpenKeyCleanupService
2024-01-08 22:36:31,509 [main] INFO  utils.BackgroundService (BackgroundService.java:shutdown(160)) - Shutting down service SstFilteringService
2024-01-08 22:36:31,510 [main] INFO  utils.BackgroundService (BackgroundService.java:shutdown(160)) - Shutting down service SnapshotDeletingService
2024-01-08 22:36:31,510 [main] INFO  utils.BackgroundService (BackgroundService.java:shutdown(160)) - Shutting down service MultipartUploadCleanupService
2024-01-08 22:36:31,510 [main] INFO  utils.BackgroundService (BackgroundService.java:shutdown(160)) - Shutting down service SnapshotDirectoryCleaningService
2024-01-08 22:36:31,511 [main] INFO  handler.ContextHandler (ContextHandler.java:doStop(1159)) - Stopped o.e.j.w.WebAppContext@5fa8a9eb{ozoneManager,/,null,STOPPED}{file:/home/runner/work/ozone/ozone/hadoop-ozone/integration-test/target/test-classes/webapps/ozoneManager}
2024-01-08 22:36:31,511 [main] INFO  server.AbstractConnector (AbstractConnector.java:doStop(383)) - Stopped ServerConnector@7431b254{HTTP/1.1, (http/1.1)}{0.0.0.0:15094}
2024-01-08 22:36:31,511 [main] INFO  server.session (HouseKeeper.java:stopScavenging(149)) - node0 Stopped scavenging
2024-01-08 22:36:31,511 [main] INFO  handler.ContextHandler (ContextHandler.java:doStop(1159)) - Stopped o.e.j.s.ServletContextHandler@577c13ee{static,/static,file:///home/runner/work/ozone/ozone/hadoop-ozone/integration-test/target/test-classes/webapps/static,STOPPED}
2024-01-08 22:36:31,512 [main] INFO  handler.ContextHandler (ContextHandler.java:doStop(1159)) - Stopped o.e.j.s.ServletContextHandler@1ea9017d{logs,/logs,file:///home/runner/work/ozone/ozone/hadoop-ozone/integration-test/target/log,STOPPED}
2024-01-08 22:36:31,512 [main] INFO  rocksdiff.RocksDBCheckpointDiffer (RocksDBCheckpointDiffer.java:close(310)) - Shutting down CompactionDagPruningService.
2024-01-08 22:36:31,513 [main] INFO  snapshot.SnapshotDiffManager (SnapshotDiffManager.java:closeExecutorService(1688)) - Shutting down executorService: 'SnapDiffExecutor'
2024-01-08 22:36:31,514 [main] INFO  snapshot.SnapshotDiffManager (SnapshotDiffManager.java:closeExecutorService(1688)) - Shutting down executorService: 'SstDumpToolExecutor'
2024-01-08 22:36:31,514 [main] INFO  utils.BackgroundService (BackgroundService.java:shutdown(160)) - Shutting down service SnapshotDiffCleanupService
2024-01-08 22:36:31,514 [main] INFO  ozone.MiniOzoneClusterImpl (MiniOzoneClusterImpl.java:stopDatanodes(536)) - Stopping the HddsDatanodes
2024-01-08 22:36:31,516 [main] INFO  ozoneimpl.OzoneContainer (OzoneContainer.java:stop(463)) - Attempting to stop container services.
2024-01-08 22:36:31,517 [ForkJoinPool.commonPool-worker-5] INFO  ozoneimpl.OzoneContainer (OzoneContainer.java:stop(463)) - Attempting to stop container services.
2024-01-08 22:36:31,518 [main] INFO  server.RaftServer (RaftServerProxy.java:lambda$close$9(416)) - cd56667c-d7fb-411e-a881-3bd7f4030648: close
2024-01-08 22:36:31,518 [main] INFO  server.GrpcService (GrpcService.java:closeImpl(311)) - cd56667c-d7fb-411e-a881-3bd7f4030648: shutdown server org.apache.ratis.grpc.server.GrpcClientProtocolService now
2024-01-08 22:36:31,518 [cd56667c-d7fb-411e-a881-3bd7f4030648-impl-thread1] INFO  server.RaftServer$Division (RaftServerImpl.java:lambda$close$3(516)) - cd56667c-d7fb-411e-a881-3bd7f4030648@group-173761989789: shutdown
2024-01-08 22:36:31,519 [cd56667c-d7fb-411e-a881-3bd7f4030648-impl-thread1] INFO  util.JmxRegister (JmxRegister.java:unregister(73)) - Successfully un-registered JMX Bean with object name Ratis:service=RaftServer,group=group-173761989789,id=cd56667c-d7fb-411e-a881-3bd7f4030648
2024-01-08 22:36:31,519 [cd56667c-d7fb-411e-a881-3bd7f4030648-impl-thread1] INFO  impl.RoleInfo (RoleInfo.java:shutdownLeaderState(94)) - cd56667c-d7fb-411e-a881-3bd7f4030648: shutdown cd56667c-d7fb-411e-a881-3bd7f4030648@group-173761989789-LeaderStateImpl
2024-01-08 22:36:31,519 [cd56667c-d7fb-411e-a881-3bd7f4030648-impl-thread1] INFO  impl.PendingRequests (PendingRequests.java:sendNotLeaderResponses(289)) - cd56667c-d7fb-411e-a881-3bd7f4030648@group-173761989789-PendingRequests: sendNotLeaderResponses
2024-01-08 22:36:31,520 [ForkJoinPool.commonPool-worker-6] INFO  ozoneimpl.OzoneContainer (OzoneContainer.java:stop(463)) - Attempting to stop container services.
2024-01-08 22:36:31,520 [cd56667c-d7fb-411e-a881-3bd7f4030648-impl-thread1] INFO  impl.StateMachineUpdater (StateMachineUpdater.java:stopAndJoin(157)) - cd56667c-d7fb-411e-a881-3bd7f4030648@group-173761989789-StateMachineUpdater: set stopIndex = 0
2024-01-08 22:36:31,520 [cd56667c-d7fb-411e-a881-3bd7f4030648@group-173761989789-StateMachineUpdater] INFO  ratis.ContainerStateMachine (ContainerStateMachine.java:takeSnapshot(355)) - group-173761989789: Taking a snapshot at:(t:1, i:0) file /home/runner/work/ozone/ozone/hadoop-ozone/integration-test/target/test-dir/MiniOzoneClusterImpl-25d1905f-b767-404d-84bf-be0dd4c89112/datanode-4/data/ratis/acf35ee3-b790-40fa-9ee8-173761989789/sm/snapshot.1_0
2024-01-08 22:36:31,520 [ForkJoinPool.commonPool-worker-5] INFO  server.RaftServer (RaftServerProxy.java:lambda$close$9(416)) - 211b11ed-ffba-4cc3-86ed-a5910ca02ca2: close
2024-01-08 22:36:31,520 [ForkJoinPool.commonPool-worker-6] INFO  server.RaftServer (RaftServerProxy.java:lambda$close$9(416)) - 34273466-0570-47f7-a015-e29b814fc208: close
2024-01-08 22:36:31,521 [211b11ed-ffba-4cc3-86ed-a5910ca02ca2-impl-thread2] INFO  server.RaftServer$Division (RaftServerImpl.java:lambda$close$3(516)) - 211b11ed-ffba-4cc3-86ed-a5910ca02ca2@group-3B110F06A4F5: shutdown
2024-01-08 22:36:31,521 [211b11ed-ffba-4cc3-86ed-a5910ca02ca2-impl-thread2] INFO  util.JmxRegister (JmxRegister.java:unregister(73)) - Successfully un-registered JMX Bean with object name Ratis:service=RaftServer,group=group-3B110F06A4F5,id=211b11ed-ffba-4cc3-86ed-a5910ca02ca2
2024-01-08 22:36:31,521 [211b11ed-ffba-4cc3-86ed-a5910ca02ca2-impl-thread2] INFO  impl.RoleInfo (RoleInfo.java:shutdownLeaderState(94)) - 211b11ed-ffba-4cc3-86ed-a5910ca02ca2: shutdown 211b11ed-ffba-4cc3-86ed-a5910ca02ca2@group-3B110F06A4F5-LeaderStateImpl
2024-01-08 22:36:31,521 [ForkJoinPool.commonPool-worker-6] INFO  server.GrpcService (GrpcService.java:closeImpl(311)) - 34273466-0570-47f7-a015-e29b814fc208: shutdown server org.apache.ratis.grpc.server.GrpcClientProtocolService now
2024-01-08 22:36:31,521 [ForkJoinPool.commonPool-worker-5] INFO  server.GrpcService (GrpcService.java:closeImpl(311)) - 211b11ed-ffba-4cc3-86ed-a5910ca02ca2: shutdown server org.apache.ratis.grpc.server.GrpcClientProtocolService now
2024-01-08 22:36:31,520 [Thread-1696] INFO  server.GrpcServerProtocolClient (GrpcServerProtocolClient.java:close(103)) - 35d8dfab-9865-4f4a-9db1-8dbffdda00db Close channels
2024-01-08 22:36:31,521 [Thread-1697] INFO  server.GrpcServerProtocolClient (GrpcServerProtocolClient.java:close(103)) - 5d8f7830-f6d4-4ac5-95d9-573f6638b6da Close channels
2024-01-08 22:36:31,521 [211b11ed-ffba-4cc3-86ed-a5910ca02ca2-impl-thread1] INFO  server.RaftServer$Division (RaftServerImpl.java:lambda$close$3(516)) - 211b11ed-ffba-4cc3-86ed-a5910ca02ca2@group-B06642465BB2: shutdown
2024-01-08 22:36:31,520 [cd56667c-d7fb-411e-a881-3bd7f4030648@group-173761989789-StateMachineUpdater] INFO  ratis.ContainerStateMachine (ContainerStateMachine.java:takeSnapshot(366)) - group-173761989789: Finished taking a snapshot at:(t:1, i:0) file:/home/runner/work/ozone/ozone/hadoop-ozone/integration-test/target/test-dir/MiniOzoneClusterImpl-25d1905f-b767-404d-84bf-be0dd4c89112/datanode-4/data/ratis/acf35ee3-b790-40fa-9ee8-173761989789/sm/snapshot.1_0 took: 1 ms
2024-01-08 22:36:31,522 [211b11ed-ffba-4cc3-86ed-a5910ca02ca2-impl-thread1] INFO  util.JmxRegister (JmxRegister.java:unregister(73)) - Successfully un-registered JMX Bean with object name Ratis:service=RaftServer,group=group-B06642465BB2,id=211b11ed-ffba-4cc3-86ed-a5910ca02ca2
2024-01-08 22:36:31,522 [34273466-0570-47f7-a015-e29b814fc208-impl-thread1] INFO  server.RaftServer$Division (RaftServerImpl.java:lambda$close$3(516)) - 34273466-0570-47f7-a015-e29b814fc208@group-F5999DE2E330: shutdown
2024-01-08 22:36:31,522 [211b11ed-ffba-4cc3-86ed-a5910ca02ca2-impl-thread1] INFO  impl.RoleInfo (RoleInfo.java:shutdownLeaderState(94)) - 211b11ed-ffba-4cc3-86ed-a5910ca02ca2: shutdown 211b11ed-ffba-4cc3-86ed-a5910ca02ca2@group-B06642465BB2-LeaderStateImpl
2024-01-08 22:36:31,522 [34273466-0570-47f7-a015-e29b814fc208-impl-thread2] INFO  server.RaftServer$Division (RaftServerImpl.java:lambda$close$3(516)) - 34273466-0570-47f7-a015-e29b814fc208@group-A7B46883A997: shutdown
2024-01-08 22:36:31,521 [211b11ed-ffba-4cc3-86ed-a5910ca02ca2-impl-thread2] INFO  impl.PendingRequests (PendingRequests.java:sendNotLeaderResponses(289)) - 211b11ed-ffba-4cc3-86ed-a5910ca02ca2@group-3B110F06A4F5-PendingRequests: sendNotLeaderResponses
2024-01-08 22:36:31,521 [211b11ed-ffba-4cc3-86ed-a5910ca02ca2@group-3B110F06A4F5->67cb853c-2ca0-42d6-9769-2750435db4d1-GrpcLogAppender-LogAppenderDaemon] WARN  server.GrpcLogAppender (GrpcLogAppender.java:mayWait(212)) - 211b11ed-ffba-4cc3-86ed-a5910ca02ca2@group-3B110F06A4F5->67cb853c-2ca0-42d6-9769-2750435db4d1-GrpcLogAppender: Wait interrupted by java.lang.InterruptedException
2024-01-08 22:36:31,522 [34273466-0570-47f7-a015-e29b814fc208-impl-thread2] INFO  util.JmxRegister (JmxRegister.java:unregister(73)) - Successfully un-registered JMX Bean with object name Ratis:service=RaftServer,group=group-A7B46883A997,id=34273466-0570-47f7-a015-e29b814fc208
2024-01-08 22:36:31,523 [34273466-0570-47f7-a015-e29b814fc208-impl-thread2] INFO  impl.RoleInfo (RoleInfo.java:shutdownFollowerState(110)) - 34273466-0570-47f7-a015-e29b814fc208: shutdown 34273466-0570-47f7-a015-e29b814fc208@group-A7B46883A997-FollowerState
2024-01-08 22:36:31,524 [grpc-default-executor-1] INFO  server.GrpcServerProtocolService (GrpcServerProtocolService.java:onCompleted(157)) - 67cb853c-2ca0-42d6-9769-2750435db4d1: Completed APPEND_ENTRIES, lastRequest: 211b11ed-ffba-4cc3-86ed-a5910ca02ca2->67cb853c-2ca0-42d6-9769-2750435db4d1#1-t1,previous=(t:0, i:0),leaderCommit=-1,initializing? true,entries: size=1, first=(t:1, i:0), CONFIGURATIONENTRY(current:id: "5cfc645b-31c2-46a6-b96a-3988b9b23202"
address: "10.1.0.16:15112"
dataStreamAddress: "10.1.0.16:15113"
clientAddress: "10.1.0.16:15110"
adminAddress: "10.1.0.16:15111"
startupRole: FOLLOWER
,id: "67cb853c-2ca0-42d6-9769-2750435db4d1"
address: "10.1.0.16:15103"
dataStreamAddress: "10.1.0.16:15104"
clientAddress: "10.1.0.16:15101"
adminAddress: "10.1.0.16:15102"
startupRole: FOLLOWER
,id: "211b11ed-ffba-4cc3-86ed-a5910ca02ca2"
address: "10.1.0.16:15121"
priority: 1
dataStreamAddress: "10.1.0.16:15122"
clientAddress: "10.1.0.16:15119"
adminAddress: "10.1.0.16:15120"
startupRole: FOLLOWER
, old:)
2024-01-08 22:36:31,524 [grpc-default-executor-1] INFO  server.GrpcServerProtocolService (GrpcServerProtocolService.java:lambda$onCompleted$5(159)) - 67cb853c-2ca0-42d6-9769-2750435db4d1: Completed APPEND_ENTRIES, lastReply: null
2024-01-08 22:36:31,522 [211b11ed-ffba-4cc3-86ed-a5910ca02ca2-impl-thread1] INFO  impl.PendingRequests (PendingRequests.java:sendNotLeaderResponses(289)) - 211b11ed-ffba-4cc3-86ed-a5910ca02ca2@group-B06642465BB2-PendingRequests: sendNotLeaderResponses
2024-01-08 22:36:31,522 [34273466-0570-47f7-a015-e29b814fc208-impl-thread1] INFO  util.JmxRegister (JmxRegister.java:unregister(73)) - Successfully un-registered JMX Bean with object name Ratis:service=RaftServer,group=group-F5999DE2E330,id=34273466-0570-47f7-a015-e29b814fc208
2024-01-08 22:36:31,525 [211b11ed-ffba-4cc3-86ed-a5910ca02ca2-impl-thread1] INFO  impl.StateMachineUpdater (StateMachineUpdater.java:stopAndJoin(157)) - 211b11ed-ffba-4cc3-86ed-a5910ca02ca2@group-B06642465BB2-StateMachineUpdater: set stopIndex = 0
2024-01-08 22:36:31,522 [cd56667c-d7fb-411e-a881-3bd7f4030648@group-173761989789-StateMachineUpdater] INFO  impl.StateMachineUpdater (StateMachineUpdater.java:takeSnapshot(295)) - cd56667c-d7fb-411e-a881-3bd7f4030648@group-173761989789-StateMachineUpdater: Took a snapshot at index 0
2024-01-08 22:36:31,525 [grpc-default-executor-4] INFO  server.GrpcServerProtocolService (GrpcServerProtocolService.java:onCompleted(157)) - 67cb853c-2ca0-42d6-9769-2750435db4d1: Completed APPEND_ENTRIES, lastRequest: null
2024-01-08 22:36:31,525 [cd56667c-d7fb-411e-a881-3bd7f4030648@group-173761989789-StateMachineUpdater] INFO  impl.StateMachineUpdater (StateMachineUpdater.java:lambda$new$0(98)) - cd56667c-d7fb-411e-a881-3bd7f4030648@group-173761989789-StateMachineUpdater: snapshotIndex: updateIncreasingly -1 -> 0
2024-01-08 22:36:31,525 [34273466-0570-47f7-a015-e29b814fc208-impl-thread1] INFO  impl.RoleInfo (RoleInfo.java:shutdownLeaderState(94)) - 34273466-0570-47f7-a015-e29b814fc208: shutdown 34273466-0570-47f7-a015-e29b814fc208@group-F5999DE2E330-LeaderStateImpl
2024-01-08 22:36:31,523 [211b11ed-ffba-4cc3-86ed-a5910ca02ca2@group-3B110F06A4F5->5cfc645b-31c2-46a6-b96a-3988b9b23202-GrpcLogAppender-LogAppenderDaemon] WARN  server.GrpcLogAppender (GrpcLogAppender.java:mayWait(212)) - 211b11ed-ffba-4cc3-86ed-a5910ca02ca2@group-3B110F06A4F5->5cfc645b-31c2-46a6-b96a-3988b9b23202-GrpcLogAppender: Wait interrupted by java.lang.InterruptedException
2024-01-08 22:36:31,525 [cd56667c-d7fb-411e-a881-3bd7f4030648-impl-thread1] INFO  server.RaftServer$Division (ServerState.java:close(423)) - cd56667c-d7fb-411e-a881-3bd7f4030648@group-173761989789: applyIndex: 0
2024-01-08 22:36:31,525 [34273466-0570-47f7-a015-e29b814fc208-impl-thread1] INFO  impl.PendingRequests (PendingRequests.java:sendNotLeaderResponses(289)) - 34273466-0570-47f7-a015-e29b814fc208@group-F5999DE2E330-PendingRequests: sendNotLeaderResponses
2024-01-08 22:36:31,526 [grpc-default-executor-3] INFO  server.GrpcServerProtocolService (GrpcServerProtocolService.java:onCompleted(157)) - 5cfc645b-31c2-46a6-b96a-3988b9b23202: Completed APPEND_ENTRIES, lastRequest: null
2024-01-08 22:36:31,526 [34273466-0570-47f7-a015-e29b814fc208-impl-thread1] INFO  impl.StateMachineUpdater (StateMachineUpdater.java:stopAndJoin(157)) - 34273466-0570-47f7-a015-e29b814fc208@group-F5999DE2E330-StateMachineUpdater: set stopIndex = 0
2024-01-08 22:36:31,526 [34273466-0570-47f7-a015-e29b814fc208@group-F5999DE2E330-StateMachineUpdater] INFO  ratis.ContainerStateMachine (ContainerStateMachine.java:takeSnapshot(355)) - group-F5999DE2E330: Taking a snapshot at:(t:1, i:0) file /home/runner/work/ozone/ozone/hadoop-ozone/integration-test/target/test-dir/MiniOzoneClusterImpl-25d1905f-b767-404d-84bf-be0dd4c89112/datanode-7/data/ratis/73a4929e-9623-493a-bef3-f5999de2e330/sm/snapshot.1_0
2024-01-08 22:36:31,526 [grpc-default-executor-4] INFO  server.GrpcServerProtocolService (GrpcServerProtocolService.java:lambda$onCompleted$5(159)) - 67cb853c-2ca0-42d6-9769-2750435db4d1: Completed APPEND_ENTRIES, lastReply: serverReply {
  requestorId: "211b11ed-ffba-4cc3-86ed-a5910ca02ca2"
  replyId: "67cb853c-2ca0-42d6-9769-2750435db4d1"
  raftGroupId {
    id: "\261\220\177:\2202C\320\257\257;\021\017\006\244\365"
  }
  callId: 12
  success: true
}
term: 1
nextIndex: 1
matchIndex: 18446744073709551615
isHearbeat: true

2024-01-08 22:36:31,527 [34273466-0570-47f7-a015-e29b814fc208@group-F5999DE2E330-StateMachineUpdater] INFO  ratis.ContainerStateMachine (ContainerStateMachine.java:takeSnapshot(366)) - group-F5999DE2E330: Finished taking a snapshot at:(t:1, i:0) file:/home/runner/work/ozone/ozone/hadoop-ozone/integration-test/target/test-dir/MiniOzoneClusterImpl-25d1905f-b767-404d-84bf-be0dd4c89112/datanode-7/data/ratis/73a4929e-9623-493a-bef3-f5999de2e330/sm/snapshot.1_0 took: 1 ms
2024-01-08 22:36:31,527 [211b11ed-ffba-4cc3-86ed-a5910ca02ca2@group-B06642465BB2-StateMachineUpdater] INFO  ratis.ContainerStateMachine (ContainerStateMachine.java:takeSnapshot(355)) - group-B06642465BB2: Taking a snapshot at:(t:1, i:0) file /home/runner/work/ozone/ozone/hadoop-ozone/integration-test/target/test-dir/MiniOzoneClusterImpl-25d1905f-b767-404d-84bf-be0dd4c89112/datanode-2/data/ratis/9a986f1c-9e7a-4874-aa48-b06642465bb2/sm/snapshot.1_0
2024-01-08 22:36:31,527 [34273466-0570-47f7-a015-e29b814fc208@group-F5999DE2E330-StateMachineUpdater] INFO  impl.StateMachineUpdater (StateMachineUpdater.java:takeSnapshot(295)) - 34273466-0570-47f7-a015-e29b814fc208@group-F5999DE2E330-StateMachineUpdater: Took a snapshot at index 0
2024-01-08 22:36:31,527 [grpc-default-executor-5] INFO  server.GrpcLogAppender (GrpcLogAppender.java:onCompleted(469)) - 211b11ed-ffba-4cc3-86ed-a5910ca02ca2@group-3B110F06A4F5->67cb853c-2ca0-42d6-9769-2750435db4d1-AppendLogResponseHandler: follower responses appendEntries COMPLETED
2024-01-08 22:36:31,527 [34273466-0570-47f7-a015-e29b814fc208@group-F5999DE2E330-StateMachineUpdater] INFO  impl.StateMachineUpdater (StateMachineUpdater.java:lambda$new$0(98)) - 34273466-0570-47f7-a015-e29b814fc208@group-F5999DE2E330-StateMachineUpdater: snapshotIndex: updateIncreasingly -1 -> 0
2024-01-08 22:36:31,527 [34273466-0570-47f7-a015-e29b814fc208-impl-thread1] INFO  server.RaftServer$Division (ServerState.java:close(423)) - 34273466-0570-47f7-a015-e29b814fc208@group-F5999DE2E330: applyIndex: 0
2024-01-08 22:36:31,528 [211b11ed-ffba-4cc3-86ed-a5910ca02ca2@group-B06642465BB2-StateMachineUpdater] INFO  ratis.ContainerStateMachine (ContainerStateMachine.java:takeSnapshot(366)) - group-B06642465BB2: Finished taking a snapshot at:(t:1, i:0) file:/home/runner/work/ozone/ozone/hadoop-ozone/integration-test/target/test-dir/MiniOzoneClusterImpl-25d1905f-b767-404d-84bf-be0dd4c89112/datanode-2/data/ratis/9a986f1c-9e7a-4874-aa48-b06642465bb2/sm/snapshot.1_0 took: 1 ms
2024-01-08 22:36:31,528 [211b11ed-ffba-4cc3-86ed-a5910ca02ca2@group-B06642465BB2-StateMachineUpdater] INFO  impl.StateMachineUpdater (StateMachineUpdater.java:takeSnapshot(295)) - 211b11ed-ffba-4cc3-86ed-a5910ca02ca2@group-B06642465BB2-StateMachineUpdater: Took a snapshot at index 0
2024-01-08 22:36:31,528 [211b11ed-ffba-4cc3-86ed-a5910ca02ca2@group-B06642465BB2-StateMachineUpdater] INFO  impl.StateMachineUpdater (StateMachineUpdater.java:lambda$new$0(98)) - 211b11ed-ffba-4cc3-86ed-a5910ca02ca2@group-B06642465BB2-StateMachineUpdater: snapshotIndex: updateIncreasingly -1 -> 0
2024-01-08 22:36:31,528 [211b11ed-ffba-4cc3-86ed-a5910ca02ca2-impl-thread1] INFO  server.RaftServer$Division (ServerState.java:close(423)) - 211b11ed-ffba-4cc3-86ed-a5910ca02ca2@group-B06642465BB2: applyIndex: 0
2024-01-08 22:36:31,529 [grpc-default-executor-5] INFO  server.GrpcServerProtocolService (GrpcServerProtocolService.java:onCompleted(157)) - 5cfc645b-31c2-46a6-b96a-3988b9b23202: Completed APPEND_ENTRIES, lastRequest: 211b11ed-ffba-4cc3-86ed-a5910ca02ca2->5cfc645b-31c2-46a6-b96a-3988b9b23202#1-t1,previous=(t:0, i:0),leaderCommit=-1,initializing? true,entries: size=1, first=(t:1, i:0), CONFIGURATIONENTRY(current:id: "5cfc645b-31c2-46a6-b96a-3988b9b23202"
address: "10.1.0.16:15112"
dataStreamAddress: "10.1.0.16:15113"
clientAddress: "10.1.0.16:15110"
adminAddress: "10.1.0.16:15111"
startupRole: FOLLOWER
,id: "67cb853c-2ca0-42d6-9769-2750435db4d1"
address: "10.1.0.16:15103"
dataStreamAddress: "10.1.0.16:15104"
clientAddress: "10.1.0.16:15101"
adminAddress: "10.1.0.16:15102"
startupRole: FOLLOWER
,id: "211b11ed-ffba-4cc3-86ed-a5910ca02ca2"
address: "10.1.0.16:15121"
priority: 1
dataStreamAddress: "10.1.0.16:15122"
clientAddress: "10.1.0.16:15119"
adminAddress: "10.1.0.16:15120"
startupRole: FOLLOWER
, old:)
2024-01-08 22:36:31,529 [grpc-default-executor-5] INFO  server.GrpcServerProtocolService (GrpcServerProtocolService.java:lambda$onCompleted$5(159)) - 5cfc645b-31c2-46a6-b96a-3988b9b23202: Completed APPEND_ENTRIES, lastReply: null
2024-01-08 22:36:31,529 [grpc-default-executor-2] INFO  server.GrpcLogAppender (GrpcLogAppender.java:onCompleted(469)) - 211b11ed-ffba-4cc3-86ed-a5910ca02ca2@group-3B110F06A4F5->5cfc645b-31c2-46a6-b96a-3988b9b23202-AppendLogResponseHandler: follower responses appendEntries COMPLETED
2024-01-08 22:36:31,530 [ForkJoinPool.commonPool-worker-6] INFO  server.GrpcService (GrpcService.java:closeImpl(320)) - 34273466-0570-47f7-a015-e29b814fc208: shutdown server org.apache.ratis.grpc.server.GrpcClientProtocolService successfully
2024-01-08 22:36:31,530 [ForkJoinPool.commonPool-worker-6] INFO  server.GrpcService (GrpcService.java:closeImpl(311)) - 34273466-0570-47f7-a015-e29b814fc208: shutdown server GrpcServerProtocolService now
2024-01-08 22:36:31,530 [211b11ed-ffba-4cc3-86ed-a5910ca02ca2@group-B06642465BB2-cacheEviction-AwaitToRun] INFO  util.AwaitToRun (AwaitToRun.java:run(49)) - 211b11ed-ffba-4cc3-86ed-a5910ca02ca2@group-B06642465BB2-cacheEviction-AwaitToRun-AwaitForSignal is interrupted
2024-01-08 22:36:31,530 [Thread-1701] INFO  server.GrpcServerProtocolClient (GrpcServerProtocolClient.java:close(103)) - 5cfc645b-31c2-46a6-b96a-3988b9b23202 Close channels
2024-01-08 22:36:31,531 [grpc-default-executor-5] WARN  server.GrpcServerProtocolService (LogUtils.java:warn(121)) - 34273466-0570-47f7-a015-e29b814fc208: APPEND_ENTRIES onError, lastRequest: null: org.apache.ratis.thirdparty.io.grpc.StatusRuntimeException: CANCELLED: client cancelled
2024-01-08 22:36:31,532 [grpc-default-executor-2] WARN  server.GrpcServerProtocolService (LogUtils.java:warn(121)) - 34273466-0570-47f7-a015-e29b814fc208: APPEND_ENTRIES onError, lastRequest: c24408fe-1592-40af-8b37-8bb032baf3c2->34273466-0570-47f7-a015-e29b814fc208#1-t1,previous=(t:0, i:0),leaderCommit=-1,initializing? true,entries: size=1, first=(t:1, i:0), CONFIGURATIONENTRY(current:id: "ae8e2c12-abd7-4753-9c27-64723a930f37"
address: "10.1.0.16:15157"
dataStreamAddress: "10.1.0.16:15158"
clientAddress: "10.1.0.16:15155"
adminAddress: "10.1.0.16:15156"
startupRole: FOLLOWER
,id: "c24408fe-1592-40af-8b37-8bb032baf3c2"
address: "10.1.0.16:15175"
priority: 1
dataStreamAddress: "10.1.0.16:15176"
clientAddress: "10.1.0.16:15173"
adminAddress: "10.1.0.16:15174"
startupRole: FOLLOWER
,id: "34273466-0570-47f7-a015-e29b814fc208"
address: "10.1.0.16:15166"
dataStreamAddress: "10.1.0.16:15167"
clientAddress: "10.1.0.16:15164"
adminAddress: "10.1.0.16:15165"
startupRole: FOLLOWER
, old:): org.apache.ratis.thirdparty.io.grpc.StatusRuntimeException: CANCELLED: client cancelled
2024-01-08 22:36:31,532 [grpc-default-executor-4] WARN  server.GrpcLogAppender (LogUtils.java:warn(121)) - c24408fe-1592-40af-8b37-8bb032baf3c2@group-A7B46883A997->34273466-0570-47f7-a015-e29b814fc208-AppendLogResponseHandler: Failed appendEntries: org.apache.ratis.thirdparty.io.grpc.StatusRuntimeException: CANCELLED: RST_STREAM closed stream. HTTP/2 error code: CANCEL
2024-01-08 22:36:31,532 [grpc-default-executor-4] WARN  server.GrpcLogAppender (GrpcLogAppender.java:resetClient(140)) - c24408fe-1592-40af-8b37-8bb032baf3c2@group-A7B46883A997->34273466-0570-47f7-a015-e29b814fc208-GrpcLogAppender: Follower failed and request == null,  keep nextIndex (1) unchanged and retry.
2024-01-08 22:36:31,533 [34273466-0570-47f7-a015-e29b814fc208@group-F5999DE2E330-cacheEviction-AwaitToRun] INFO  util.AwaitToRun (AwaitToRun.java:run(49)) - 34273466-0570-47f7-a015-e29b814fc208@group-F5999DE2E330-cacheEviction-AwaitToRun-AwaitForSignal is interrupted
2024-01-08 22:36:31,533 [cd56667c-d7fb-411e-a881-3bd7f4030648@group-173761989789-cacheEviction-AwaitToRun] INFO  util.AwaitToRun (AwaitToRun.java:run(49)) - cd56667c-d7fb-411e-a881-3bd7f4030648@group-173761989789-cacheEviction-AwaitToRun-AwaitForSignal is interrupted
2024-01-08 22:36:31,533 [Thread-1704] INFO  server.GrpcServerProtocolClient (GrpcServerProtocolClient.java:close(103)) - 67cb853c-2ca0-42d6-9769-2750435db4d1 Close channels
2024-01-08 22:36:31,534 [34273466-0570-47f7-a015-e29b814fc208-impl-thread2] INFO  impl.StateMachineUpdater (StateMachineUpdater.java:stopAndJoin(157)) - 34273466-0570-47f7-a015-e29b814fc208@group-A7B46883A997-StateMachineUpdater: set stopIndex = 0
2024-01-08 22:36:31,534 [34273466-0570-47f7-a015-e29b814fc208@group-A7B46883A997-FollowerState] INFO  impl.FollowerState (FollowerState.java:run(152)) - 34273466-0570-47f7-a015-e29b814fc208@group-A7B46883A997-FollowerState was interrupted
2024-01-08 22:36:31,535 [34273466-0570-47f7-a015-e29b814fc208@group-A7B46883A997-StateMachineUpdater] INFO  ratis.ContainerStateMachine (ContainerStateMachine.java:takeSnapshot(355)) - group-A7B46883A997: Taking a snapshot at:(t:1, i:0) file /home/runner/work/ozone/ozone/hadoop-ozone/integration-test/target/test-dir/MiniOzoneClusterImpl-25d1905f-b767-404d-84bf-be0dd4c89112/datanode-7/data/ratis/d4edd10d-5659-417d-995a-a7b46883a997/sm/snapshot.1_0
2024-01-08 22:36:31,535 [grpc-default-executor-3] INFO  server.GrpcServerProtocolService (GrpcServerProtocolService.java:lambda$onCompleted$5(159)) - 5cfc645b-31c2-46a6-b96a-3988b9b23202: Completed APPEND_ENTRIES, lastReply: serverReply {
  requestorId: "211b11ed-ffba-4cc3-86ed-a5910ca02ca2"
  replyId: "5cfc645b-31c2-46a6-b96a-3988b9b23202"
  raftGroupId {
    id: "\261\220\177:\2202C\320\257\257;\021\017\006\244\365"
  }
  callId: 10
  success: true
}
term: 1
nextIndex: 1
matchIndex: 18446744073709551615
isHearbeat: true

2024-01-08 22:36:31,535 [grpc-default-executor-0] INFO  server.GrpcLogAppender (GrpcLogAppender.java:onCompleted(469)) - 211b11ed-ffba-4cc3-86ed-a5910ca02ca2@group-3B110F06A4F5->67cb853c-2ca0-42d6-9769-2750435db4d1-AppendLogResponseHandler: follower responses appendEntries COMPLETED
2024-01-08 22:36:31,535 [211b11ed-ffba-4cc3-86ed-a5910ca02ca2-impl-thread2] INFO  impl.StateMachineUpdater (StateMachineUpdater.java:stopAndJoin(157)) - 211b11ed-ffba-4cc3-86ed-a5910ca02ca2@group-3B110F06A4F5-StateMachineUpdater: set stopIndex = 0
2024-01-08 22:36:31,535 [grpc-default-executor-0] WARN  server.GrpcLogAppender (GrpcLogAppender.java:resetClient(149)) - 211b11ed-ffba-4cc3-86ed-a5910ca02ca2@group-3B110F06A4F5->67cb853c-2ca0-42d6-9769-2750435db4d1-GrpcLogAppender: Failed to getClient for 67cb853c-2ca0-42d6-9769-2750435db4d1
org.apache.ratis.protocol.exceptions.AlreadyClosedException: 211b11ed-ffba-4cc3-86ed-a5910ca02ca2 is already CLOSED
	at org.apache.ratis.util.PeerProxyMap$PeerAndProxy.getProxy(PeerProxyMap.java:61)
	at org.apache.ratis.util.PeerProxyMap.getProxy(PeerProxyMap.java:110)
	at org.apache.ratis.grpc.server.GrpcLogAppender.getClient(GrpcLogAppender.java:121)
	at org.apache.ratis.grpc.server.GrpcLogAppender.resetClient(GrpcLogAppender.java:126)
	at org.apache.ratis.grpc.server.GrpcLogAppender.access$800(GrpcLogAppender.java:61)
	at org.apache.ratis.grpc.server.GrpcLogAppender$AppendLogResponseHandler.onCompleted(GrpcLogAppender.java:471)
	at org.apache.ratis.thirdparty.io.grpc.stub.ClientCalls$StreamObserverToCallListenerAdapter.onClose(ClientCalls.java:479)
	at org.apache.ratis.thirdparty.io.grpc.internal.DelayedClientCall$DelayedListener$3.run(DelayedClientCall.java:489)
	at org.apache.ratis.thirdparty.io.grpc.internal.DelayedClientCall$DelayedListener.delayOrExecute(DelayedClientCall.java:453)
	at org.apache.ratis.thirdparty.io.grpc.internal.DelayedClientCall$DelayedListener.onClose(DelayedClientCall.java:486)
	at org.apache.ratis.thirdparty.io.grpc.internal.ClientCallImpl.closeObserver(ClientCallImpl.java:567)
	at org.apache.ratis.thirdparty.io.grpc.internal.ClientCallImpl.access$300(ClientCallImpl.java:71)
	at org.apache.ratis.thirdparty.io.grpc.internal.ClientCallImpl$ClientStreamListenerImpl$1StreamClosed.runInternal(ClientCallImpl.java:735)
	at org.apache.ratis.thirdparty.io.grpc.internal.ClientCallImpl$ClientStreamListenerImpl$1StreamClosed.runInContext(ClientCallImpl.java:716)
	at org.apache.ratis.thirdparty.io.grpc.internal.ContextRunnable.run(ContextRunnable.java:37)
	at org.apache.ratis.thirdparty.io.grpc.internal.SerializingExecutor.run(SerializingExecutor.java:133)
	at java.util.concurrent.ThreadPoolExecutor.runWorker(ThreadPoolExecutor.java:1149)
	at java.util.concurrent.ThreadPoolExecutor$Worker.run(ThreadPoolExecutor.java:624)
	at java.lang.Thread.run(Thread.java:750)
2024-01-08 22:36:31,535 [grpc-default-executor-1] WARN  server.GrpcLogAppender (LogUtils.java:warn(121)) - c24408fe-1592-40af-8b37-8bb032baf3c2@group-A7B46883A997->34273466-0570-47f7-a015-e29b814fc208-AppendLogResponseHandler: Failed appendEntries: org.apache.ratis.thirdparty.io.grpc.StatusRuntimeException: CANCELLED: RST_STREAM closed stream. HTTP/2 error code: CANCEL
2024-01-08 22:36:31,536 [grpc-default-executor-1] WARN  server.GrpcLogAppender (GrpcLogAppender.java:resetClient(140)) - c24408fe-1592-40af-8b37-8bb032baf3c2@group-A7B46883A997->34273466-0570-47f7-a015-e29b814fc208-GrpcLogAppender: Follower failed and request == null,  keep nextIndex (1) unchanged and retry.
2024-01-08 22:36:31,535 [34273466-0570-47f7-a015-e29b814fc208@group-A7B46883A997-StateMachineUpdater] INFO  ratis.ContainerStateMachine (ContainerStateMachine.java:takeSnapshot(366)) - group-A7B46883A997: Finished taking a snapshot at:(t:1, i:0) file:/home/runner/work/ozone/ozone/hadoop-ozone/integration-test/target/test-dir/MiniOzoneClusterImpl-25d1905f-b767-404d-84bf-be0dd4c89112/datanode-7/data/ratis/d4edd10d-5659-417d-995a-a7b46883a997/sm/snapshot.1_0 took: 1 ms
2024-01-08 22:36:31,535 [211b11ed-ffba-4cc3-86ed-a5910ca02ca2@group-3B110F06A4F5-StateMachineUpdater] INFO  ratis.ContainerStateMachine (ContainerStateMachine.java:takeSnapshot(355)) - group-3B110F06A4F5: Taking a snapshot at:(t:1, i:0) file /home/runner/work/ozone/ozone/hadoop-ozone/integration-test/target/test-dir/MiniOzoneClusterImpl-25d1905f-b767-404d-84bf-be0dd4c89112/datanode-2/data/ratis/b1907f3a-9032-43d0-afaf-3b110f06a4f5/sm/snapshot.1_0
2024-01-08 22:36:31,536 [34273466-0570-47f7-a015-e29b814fc208@group-A7B46883A997-StateMachineUpdater] INFO  impl.StateMachineUpdater (StateMachineUpdater.java:takeSnapshot(295)) - 34273466-0570-47f7-a015-e29b814fc208@group-A7B46883A997-StateMachineUpdater: Took a snapshot at index 0
2024-01-08 22:36:31,535 [grpc-default-executor-3] INFO  server.GrpcLogAppender (GrpcLogAppender.java:onCompleted(469)) - 211b11ed-ffba-4cc3-86ed-a5910ca02ca2@group-3B110F06A4F5->5cfc645b-31c2-46a6-b96a-3988b9b23202-AppendLogResponseHandler: follower responses appendEntries COMPLETED
2024-01-08 22:36:31,536 [34273466-0570-47f7-a015-e29b814fc208@group-A7B46883A997-StateMachineUpdater] INFO  impl.StateMachineUpdater (StateMachineUpdater.java:lambda$new$0(98)) - 34273466-0570-47f7-a015-e29b814fc208@group-A7B46883A997-StateMachineUpdater: snapshotIndex: updateIncreasingly -1 -> 0
2024-01-08 22:36:31,536 [grpc-default-executor-3] WARN  server.GrpcLogAppender (GrpcLogAppender.java:resetClient(149)) - 211b11ed-ffba-4cc3-86ed-a5910ca02ca2@group-3B110F06A4F5->5cfc645b-31c2-46a6-b96a-3988b9b23202-GrpcLogAppender: Failed to getClient for 5cfc645b-31c2-46a6-b96a-3988b9b23202
org.apache.ratis.protocol.exceptions.AlreadyClosedException: 211b11ed-ffba-4cc3-86ed-a5910ca02ca2 is already CLOSED
	at org.apache.ratis.util.PeerProxyMap$PeerAndProxy.getProxy(PeerProxyMap.java:61)
	at org.apache.ratis.util.PeerProxyMap.getProxy(PeerProxyMap.java:110)
	at org.apache.ratis.grpc.server.GrpcLogAppender.getClient(GrpcLogAppender.java:121)
	at org.apache.ratis.grpc.server.GrpcLogAppender.resetClient(GrpcLogAppender.java:126)
	at org.apache.ratis.grpc.server.GrpcLogAppender.access$800(GrpcLogAppender.java:61)
	at org.apache.ratis.grpc.server.GrpcLogAppender$AppendLogResponseHandler.onCompleted(GrpcLogAppender.java:471)
	at org.apache.ratis.thirdparty.io.grpc.stub.ClientCalls$StreamObserverToCallListenerAdapter.onClose(ClientCalls.java:479)
	at org.apache.ratis.thirdparty.io.grpc.internal.DelayedClientCall$DelayedListener$3.run(DelayedClientCall.java:489)
	at org.apache.ratis.thirdparty.io.grpc.internal.DelayedClientCall$DelayedListener.delayOrExecute(DelayedClientCall.java:453)
	at org.apache.ratis.thirdparty.io.grpc.internal.DelayedClientCall$DelayedListener.onClose(DelayedClientCall.java:486)
	at org.apache.ratis.thirdparty.io.grpc.internal.ClientCallImpl.closeObserver(ClientCallImpl.java:567)
	at org.apache.ratis.thirdparty.io.grpc.internal.ClientCallImpl.access$300(ClientCallImpl.java:71)
	at org.apache.ratis.thirdparty.io.grpc.internal.ClientCallImpl$ClientStreamListenerImpl$1StreamClosed.runInternal(ClientCallImpl.java:735)
	at org.apache.ratis.thirdparty.io.grpc.internal.ClientCallImpl$ClientStreamListenerImpl$1StreamClosed.runInContext(ClientCallImpl.java:716)
	at org.apache.ratis.thirdparty.io.grpc.internal.ContextRunnable.run(ContextRunnable.java:37)
	at org.apache.ratis.thirdparty.io.grpc.internal.SerializingExecutor.run(SerializingExecutor.java:133)
	at java.util.concurrent.ThreadPoolExecutor.runWorker(ThreadPoolExecutor.java:1149)
	at java.util.concurrent.ThreadPoolExecutor$Worker.run(ThreadPoolExecutor.java:624)
	at java.lang.Thread.run(Thread.java:750)
2024-01-08 22:36:31,536 [34273466-0570-47f7-a015-e29b814fc208-impl-thread2] INFO  server.RaftServer$Division (ServerState.java:close(423)) - 34273466-0570-47f7-a015-e29b814fc208@group-A7B46883A997: applyIndex: 0
2024-01-08 22:36:31,536 [211b11ed-ffba-4cc3-86ed-a5910ca02ca2@group-3B110F06A4F5-StateMachineUpdater] INFO  ratis.ContainerStateMachine (ContainerStateMachine.java:takeSnapshot(366)) - group-3B110F06A4F5: Finished taking a snapshot at:(t:1, i:0) file:/home/runner/work/ozone/ozone/hadoop-ozone/integration-test/target/test-dir/MiniOzoneClusterImpl-25d1905f-b767-404d-84bf-be0dd4c89112/datanode-2/data/ratis/b1907f3a-9032-43d0-afaf-3b110f06a4f5/sm/snapshot.1_0 took: 2 ms
2024-01-08 22:36:31,536 [211b11ed-ffba-4cc3-86ed-a5910ca02ca2@group-3B110F06A4F5-StateMachineUpdater] INFO  impl.StateMachineUpdater (StateMachineUpdater.java:takeSnapshot(295)) - 211b11ed-ffba-4cc3-86ed-a5910ca02ca2@group-3B110F06A4F5-StateMachineUpdater: Took a snapshot at index 0
2024-01-08 22:36:31,536 [211b11ed-ffba-4cc3-86ed-a5910ca02ca2@group-3B110F06A4F5-StateMachineUpdater] INFO  impl.StateMachineUpdater (StateMachineUpdater.java:lambda$new$0(98)) - 211b11ed-ffba-4cc3-86ed-a5910ca02ca2@group-3B110F06A4F5-StateMachineUpdater: snapshotIndex: updateIncreasingly -1 -> 0
2024-01-08 22:36:31,536 [211b11ed-ffba-4cc3-86ed-a5910ca02ca2-impl-thread2] INFO  server.RaftServer$Division (ServerState.java:close(423)) - 211b11ed-ffba-4cc3-86ed-a5910ca02ca2@group-3B110F06A4F5: applyIndex: 0
2024-01-08 22:36:31,537 [ForkJoinPool.commonPool-worker-6] INFO  server.GrpcService (GrpcService.java:closeImpl(320)) - 34273466-0570-47f7-a015-e29b814fc208: shutdown server GrpcServerProtocolService successfully
2024-01-08 22:36:31,537 [ForkJoinPool.commonPool-worker-6] INFO  server.GrpcService (GrpcService.java:closeImpl(311)) - 34273466-0570-47f7-a015-e29b814fc208: shutdown server org.apache.ratis.grpc.server.GrpcAdminProtocolService now
2024-01-08 22:36:31,537 [ForkJoinPool.commonPool-worker-6] INFO  server.GrpcService (GrpcService.java:closeImpl(320)) - 34273466-0570-47f7-a015-e29b814fc208: shutdown server org.apache.ratis.grpc.server.GrpcAdminProtocolService successfully
2024-01-08 22:36:31,537 [34273466-0570-47f7-a015-e29b814fc208-NettyServerStreamRpc-bossGroup--thread1] INFO  logging.LoggingHandler (AbstractInternalLogger.java:log(148)) - [id: 0x768bc3b5, L:/0.0.0.0:15167] CLOSE
2024-01-08 22:36:31,538 [34273466-0570-47f7-a015-e29b814fc208@group-A7B46883A997-cacheEviction-AwaitToRun] INFO  util.AwaitToRun (AwaitToRun.java:run(49)) - 34273466-0570-47f7-a015-e29b814fc208@group-A7B46883A997-cacheEviction-AwaitToRun-AwaitForSignal is interrupted
2024-01-08 22:36:31,538 [34273466-0570-47f7-a015-e29b814fc208-NettyServerStreamRpc-bossGroup--thread1] INFO  logging.LoggingHandler (AbstractInternalLogger.java:log(148)) - [id: 0x768bc3b5, L:/0.0.0.0:15167] INACTIVE
2024-01-08 22:36:31,538 [34273466-0570-47f7-a015-e29b814fc208-NettyServerStreamRpc-bossGroup--thread1] INFO  logging.LoggingHandler (AbstractInternalLogger.java:log(148)) - [id: 0x768bc3b5, L:/0.0.0.0:15167] UNREGISTERED
2024-01-08 22:36:31,539 [211b11ed-ffba-4cc3-86ed-a5910ca02ca2@group-3B110F06A4F5-cacheEviction-AwaitToRun] INFO  util.AwaitToRun (AwaitToRun.java:run(49)) - 211b11ed-ffba-4cc3-86ed-a5910ca02ca2@group-3B110F06A4F5-cacheEviction-AwaitToRun-AwaitForSignal is interrupted
2024-01-08 22:36:31,538 [main] INFO  server.GrpcService (GrpcService.java:closeImpl(320)) - cd56667c-d7fb-411e-a881-3bd7f4030648: shutdown server org.apache.ratis.grpc.server.GrpcClientProtocolService successfully
2024-01-08 22:36:31,540 [main] INFO  server.GrpcService (GrpcService.java:closeImpl(311)) - cd56667c-d7fb-411e-a881-3bd7f4030648: shutdown server GrpcServerProtocolService now
2024-01-08 22:36:31,541 [ForkJoinPool.commonPool-worker-7] INFO  ozoneimpl.OzoneContainer (OzoneContainer.java:stop(463)) - Attempting to stop container services.
2024-01-08 22:36:31,541 [ForkJoinPool.commonPool-worker-7] INFO  server.RaftServer (RaftServerProxy.java:lambda$close$9(416)) - 5cfc645b-31c2-46a6-b96a-3988b9b23202: close
2024-01-08 22:36:31,541 [5cfc645b-31c2-46a6-b96a-3988b9b23202-impl-thread1] INFO  server.RaftServer$Division (RaftServerImpl.java:lambda$close$3(516)) - 5cfc645b-31c2-46a6-b96a-3988b9b23202@group-3B110F06A4F5: shutdown
2024-01-08 22:36:31,541 [5cfc645b-31c2-46a6-b96a-3988b9b23202-impl-thread1] INFO  util.JmxRegister (JmxRegister.java:unregister(73)) - Successfully un-registered JMX Bean with object name Ratis:service=RaftServer,group=group-3B110F06A4F5,id=5cfc645b-31c2-46a6-b96a-3988b9b23202
2024-01-08 22:36:31,542 [5cfc645b-31c2-46a6-b96a-3988b9b23202-impl-thread1] INFO  impl.RoleInfo (RoleInfo.java:shutdownFollowerState(110)) - 5cfc645b-31c2-46a6-b96a-3988b9b23202: shutdown 5cfc645b-31c2-46a6-b96a-3988b9b23202@group-3B110F06A4F5-FollowerState
2024-01-08 22:36:31,542 [ForkJoinPool.commonPool-worker-7] INFO  server.GrpcService (GrpcService.java:closeImpl(311)) - 5cfc645b-31c2-46a6-b96a-3988b9b23202: shutdown server org.apache.ratis.grpc.server.GrpcClientProtocolService now
2024-01-08 22:36:31,542 [main] INFO  server.GrpcService (GrpcService.java:closeImpl(320)) - cd56667c-d7fb-411e-a881-3bd7f4030648: shutdown server GrpcServerProtocolService successfully
2024-01-08 22:36:31,542 [5cfc645b-31c2-46a6-b96a-3988b9b23202-impl-thread2] INFO  server.RaftServer$Division (RaftServerImpl.java:lambda$close$3(516)) - 5cfc645b-31c2-46a6-b96a-3988b9b23202@group-0B3BE78F0F58: shutdown
2024-01-08 22:36:31,542 [main] INFO  server.GrpcService (GrpcService.java:closeImpl(311)) - cd56667c-d7fb-411e-a881-3bd7f4030648: shutdown server org.apache.ratis.grpc.server.GrpcAdminProtocolService now
2024-01-08 22:36:31,542 [5cfc645b-31c2-46a6-b96a-3988b9b23202-impl-thread2] INFO  util.JmxRegister (JmxRegister.java:unregister(73)) - Successfully un-registered JMX Bean with object name Ratis:service=RaftServer,group=group-0B3BE78F0F58,id=5cfc645b-31c2-46a6-b96a-3988b9b23202
2024-01-08 22:36:31,543 [5cfc645b-31c2-46a6-b96a-3988b9b23202-impl-thread2] INFO  impl.RoleInfo (RoleInfo.java:shutdownLeaderState(94)) - 5cfc645b-31c2-46a6-b96a-3988b9b23202: shutdown 5cfc645b-31c2-46a6-b96a-3988b9b23202@group-0B3BE78F0F58-LeaderStateImpl
2024-01-08 22:36:31,543 [5cfc645b-31c2-46a6-b96a-3988b9b23202-impl-thread2] INFO  impl.PendingRequests (PendingRequests.java:sendNotLeaderResponses(289)) - 5cfc645b-31c2-46a6-b96a-3988b9b23202@group-0B3BE78F0F58-PendingRequests: sendNotLeaderResponses
2024-01-08 22:36:31,543 [5cfc645b-31c2-46a6-b96a-3988b9b23202-impl-thread2] INFO  impl.StateMachineUpdater (StateMachineUpdater.java:stopAndJoin(157)) - 5cfc645b-31c2-46a6-b96a-3988b9b23202@group-0B3BE78F0F58-StateMachineUpdater: set stopIndex = 0
2024-01-08 22:36:31,543 [5cfc645b-31c2-46a6-b96a-3988b9b23202@group-0B3BE78F0F58-StateMachineUpdater] INFO  ratis.ContainerStateMachine (ContainerStateMachine.java:takeSnapshot(355)) - group-0B3BE78F0F58: Taking a snapshot at:(t:1, i:0) file /home/runner/work/ozone/ozone/hadoop-ozone/integration-test/target/test-dir/MiniOzoneClusterImpl-25d1905f-b767-404d-84bf-be0dd4c89112/datanode-1/data/ratis/e1eb2bef-f5ce-4d05-a8a9-0b3be78f0f58/sm/snapshot.1_0
2024-01-08 22:36:31,544 [5cfc645b-31c2-46a6-b96a-3988b9b23202@group-0B3BE78F0F58-StateMachineUpdater] INFO  ratis.ContainerStateMachine (ContainerStateMachine.java:takeSnapshot(366)) - group-0B3BE78F0F58: Finished taking a snapshot at:(t:1, i:0) file:/home/runner/work/ozone/ozone/hadoop-ozone/integration-test/target/test-dir/MiniOzoneClusterImpl-25d1905f-b767-404d-84bf-be0dd4c89112/datanode-1/data/ratis/e1eb2bef-f5ce-4d05-a8a9-0b3be78f0f58/sm/snapshot.1_0 took: 1 ms
2024-01-08 22:36:31,544 [5cfc645b-31c2-46a6-b96a-3988b9b23202@group-0B3BE78F0F58-StateMachineUpdater] INFO  impl.StateMachineUpdater (StateMachineUpdater.java:takeSnapshot(295)) - 5cfc645b-31c2-46a6-b96a-3988b9b23202@group-0B3BE78F0F58-StateMachineUpdater: Took a snapshot at index 0
2024-01-08 22:36:31,544 [5cfc645b-31c2-46a6-b96a-3988b9b23202@group-0B3BE78F0F58-StateMachineUpdater] INFO  impl.StateMachineUpdater (StateMachineUpdater.java:lambda$new$0(98)) - 5cfc645b-31c2-46a6-b96a-3988b9b23202@group-0B3BE78F0F58-StateMachineUpdater: snapshotIndex: updateIncreasingly -1 -> 0
2024-01-08 22:36:31,545 [ForkJoinPool.commonPool-worker-5] INFO  server.GrpcService (GrpcService.java:closeImpl(320)) - 211b11ed-ffba-4cc3-86ed-a5910ca02ca2: shutdown server org.apache.ratis.grpc.server.GrpcClientProtocolService successfully
2024-01-08 22:36:31,545 [main] INFO  server.GrpcService (GrpcService.java:closeImpl(320)) - cd56667c-d7fb-411e-a881-3bd7f4030648: shutdown server org.apache.ratis.grpc.server.GrpcAdminProtocolService successfully
2024-01-08 22:36:31,545 [ForkJoinPool.commonPool-worker-5] INFO  server.GrpcService (GrpcService.java:closeImpl(311)) - 211b11ed-ffba-4cc3-86ed-a5910ca02ca2: shutdown server GrpcServerProtocolService now
2024-01-08 22:36:31,546 [5cfc645b-31c2-46a6-b96a-3988b9b23202-impl-thread2] INFO  server.RaftServer$Division (ServerState.java:close(423)) - 5cfc645b-31c2-46a6-b96a-3988b9b23202@group-0B3BE78F0F58: applyIndex: 0
2024-01-08 22:36:31,546 [5cfc645b-31c2-46a6-b96a-3988b9b23202@group-3B110F06A4F5-StateMachineUpdater] INFO  ratis.ContainerStateMachine (ContainerStateMachine.java:takeSnapshot(355)) - group-3B110F06A4F5: Taking a snapshot at:(t:1, i:0) file /home/runner/work/ozone/ozone/hadoop-ozone/integration-test/target/test-dir/MiniOzoneClusterImpl-25d1905f-b767-404d-84bf-be0dd4c89112/datanode-1/data/ratis/b1907f3a-9032-43d0-afaf-3b110f06a4f5/sm/snapshot.1_0
2024-01-08 22:36:31,546 [ForkJoinPool.commonPool-worker-1] INFO  ozoneimpl.OzoneContainer (OzoneContainer.java:stop(463)) - Attempting to stop container services.
2024-01-08 22:36:31,546 [5cfc645b-31c2-46a6-b96a-3988b9b23202@group-3B110F06A4F5-FollowerState] INFO  impl.FollowerState (FollowerState.java:run(152)) - 5cfc645b-31c2-46a6-b96a-3988b9b23202@group-3B110F06A4F5-FollowerState was interrupted
2024-01-08 22:36:31,545 [5cfc645b-31c2-46a6-b96a-3988b9b23202-impl-thread1] INFO  impl.StateMachineUpdater (StateMachineUpdater.java:stopAndJoin(157)) - 5cfc645b-31c2-46a6-b96a-3988b9b23202@group-3B110F06A4F5-StateMachineUpdater: set stopIndex = 0
2024-01-08 22:36:31,547 [5cfc645b-31c2-46a6-b96a-3988b9b23202@group-3B110F06A4F5-StateMachineUpdater] INFO  ratis.ContainerStateMachine (ContainerStateMachine.java:takeSnapshot(366)) - group-3B110F06A4F5: Finished taking a snapshot at:(t:1, i:0) file:/home/runner/work/ozone/ozone/hadoop-ozone/integration-test/target/test-dir/MiniOzoneClusterImpl-25d1905f-b767-404d-84bf-be0dd4c89112/datanode-1/data/ratis/b1907f3a-9032-43d0-afaf-3b110f06a4f5/sm/snapshot.1_0 took: 1 ms
2024-01-08 22:36:31,546 [cd56667c-d7fb-411e-a881-3bd7f4030648-NettyServerStreamRpc-bossGroup--thread1] INFO  logging.LoggingHandler (AbstractInternalLogger.java:log(148)) - [id: 0x0c529d75, L:/0.0.0.0:15140] CLOSE
2024-01-08 22:36:31,547 [5cfc645b-31c2-46a6-b96a-3988b9b23202@group-3B110F06A4F5-StateMachineUpdater] INFO  impl.StateMachineUpdater (StateMachineUpdater.java:takeSnapshot(295)) - 5cfc645b-31c2-46a6-b96a-3988b9b23202@group-3B110F06A4F5-StateMachineUpdater: Took a snapshot at index 0
2024-01-08 22:36:31,547 [cd56667c-d7fb-411e-a881-3bd7f4030648-NettyServerStreamRpc-bossGroup--thread1] INFO  logging.LoggingHandler (AbstractInternalLogger.java:log(148)) - [id: 0x0c529d75, L:/0.0.0.0:15140] INACTIVE
2024-01-08 22:36:31,547 [ForkJoinPool.commonPool-worker-1] INFO  server.RaftServer (RaftServerProxy.java:lambda$close$9(416)) - c24408fe-1592-40af-8b37-8bb032baf3c2: close
2024-01-08 22:36:31,547 [cd56667c-d7fb-411e-a881-3bd7f4030648-NettyServerStreamRpc-bossGroup--thread1] INFO  logging.LoggingHandler (AbstractInternalLogger.java:log(148)) - [id: 0x0c529d75, L:/0.0.0.0:15140] UNREGISTERED
2024-01-08 22:36:31,547 [5cfc645b-31c2-46a6-b96a-3988b9b23202@group-3B110F06A4F5-StateMachineUpdater] INFO  impl.StateMachineUpdater (StateMachineUpdater.java:lambda$new$0(98)) - 5cfc645b-31c2-46a6-b96a-3988b9b23202@group-3B110F06A4F5-StateMachineUpdater: snapshotIndex: updateIncreasingly -1 -> 0
2024-01-08 22:36:31,547 [5cfc645b-31c2-46a6-b96a-3988b9b23202-impl-thread1] INFO  server.RaftServer$Division (ServerState.java:close(423)) - 5cfc645b-31c2-46a6-b96a-3988b9b23202@group-3B110F06A4F5: applyIndex: 0
2024-01-08 22:36:31,549 [ForkJoinPool.commonPool-worker-0] INFO  ozoneimpl.OzoneContainer (OzoneContainer.java:stop(463)) - Attempting to stop container services.
2024-01-08 22:36:31,549 [5cfc645b-31c2-46a6-b96a-3988b9b23202@group-3B110F06A4F5-cacheEviction-AwaitToRun] INFO  util.AwaitToRun (AwaitToRun.java:run(49)) - 5cfc645b-31c2-46a6-b96a-3988b9b23202@group-3B110F06A4F5-cacheEviction-AwaitToRun-AwaitForSignal is interrupted
2024-01-08 22:36:31,549 [5cfc645b-31c2-46a6-b96a-3988b9b23202@group-0B3BE78F0F58-cacheEviction-AwaitToRun] INFO  util.AwaitToRun (AwaitToRun.java:run(49)) - 5cfc645b-31c2-46a6-b96a-3988b9b23202@group-0B3BE78F0F58-cacheEviction-AwaitToRun-AwaitForSignal is interrupted
2024-01-08 22:36:31,549 [ForkJoinPool.commonPool-worker-1] INFO  server.GrpcService (GrpcService.java:closeImpl(311)) - c24408fe-1592-40af-8b37-8bb032baf3c2: shutdown server org.apache.ratis.grpc.server.GrpcClientProtocolService now
2024-01-08 22:36:31,549 [c24408fe-1592-40af-8b37-8bb032baf3c2-impl-thread1] INFO  server.RaftServer$Division (RaftServerImpl.java:lambda$close$3(516)) - c24408fe-1592-40af-8b37-8bb032baf3c2@group-A7B46883A997: shutdown
2024-01-08 22:36:31,549 [ForkJoinPool.commonPool-worker-0] INFO  server.RaftServer (RaftServerProxy.java:lambda$close$9(416)) - ae8e2c12-abd7-4753-9c27-64723a930f37: close
2024-01-08 22:36:31,550 [c24408fe-1592-40af-8b37-8bb032baf3c2-impl-thread1] INFO  util.JmxRegister (JmxRegister.java:unregister(73)) - Successfully un-registered JMX Bean with object name Ratis:service=RaftServer,group=group-A7B46883A997,id=c24408fe-1592-40af-8b37-8bb032baf3c2
2024-01-08 22:36:31,550 [c24408fe-1592-40af-8b37-8bb032baf3c2-impl-thread1] INFO  impl.RoleInfo (RoleInfo.java:shutdownLeaderState(94)) - c24408fe-1592-40af-8b37-8bb032baf3c2: shutdown c24408fe-1592-40af-8b37-8bb032baf3c2@group-A7B46883A997-LeaderStateImpl
2024-01-08 22:36:31,550 [ae8e2c12-abd7-4753-9c27-64723a930f37-impl-thread1] INFO  server.RaftServer$Division (RaftServerImpl.java:lambda$close$3(516)) - ae8e2c12-abd7-4753-9c27-64723a930f37@group-F5B3F84D9FB5: shutdown
2024-01-08 22:36:31,550 [ae8e2c12-abd7-4753-9c27-64723a930f37-impl-thread1] INFO  util.JmxRegister (JmxRegister.java:unregister(73)) - Successfully un-registered JMX Bean with object name Ratis:service=RaftServer,group=group-F5B3F84D9FB5,id=ae8e2c12-abd7-4753-9c27-64723a930f37
2024-01-08 22:36:31,550 [ae8e2c12-abd7-4753-9c27-64723a930f37-impl-thread1] INFO  impl.RoleInfo (RoleInfo.java:shutdownLeaderState(94)) - ae8e2c12-abd7-4753-9c27-64723a930f37: shutdown ae8e2c12-abd7-4753-9c27-64723a930f37@group-F5B3F84D9FB5-LeaderStateImpl
2024-01-08 22:36:31,550 [ae8e2c12-abd7-4753-9c27-64723a930f37-impl-thread1] INFO  impl.PendingRequests (PendingRequests.java:sendNotLeaderResponses(289)) - ae8e2c12-abd7-4753-9c27-64723a930f37@group-F5B3F84D9FB5-PendingRequests: sendNotLeaderResponses
2024-01-08 22:36:31,550 [ae8e2c12-abd7-4753-9c27-64723a930f37-impl-thread1] INFO  impl.StateMachineUpdater (StateMachineUpdater.java:stopAndJoin(157)) - ae8e2c12-abd7-4753-9c27-64723a930f37@group-F5B3F84D9FB5-StateMachineUpdater: set stopIndex = 0
2024-01-08 22:36:31,551 [c24408fe-1592-40af-8b37-8bb032baf3c2-impl-thread2] INFO  server.RaftServer$Division (RaftServerImpl.java:lambda$close$3(516)) - c24408fe-1592-40af-8b37-8bb032baf3c2@group-62C27A937668: shutdown
2024-01-08 22:36:31,551 [c24408fe-1592-40af-8b37-8bb032baf3c2-impl-thread2] INFO  util.JmxRegister (JmxRegister.java:unregister(73)) - Successfully un-registered JMX Bean with object name Ratis:service=RaftServer,group=group-62C27A937668,id=c24408fe-1592-40af-8b37-8bb032baf3c2
2024-01-08 22:36:31,551 [ae8e2c12-abd7-4753-9c27-64723a930f37-impl-thread2] INFO  server.RaftServer$Division (RaftServerImpl.java:lambda$close$3(516)) - ae8e2c12-abd7-4753-9c27-64723a930f37@group-A7B46883A997: shutdown
2024-01-08 22:36:31,551 [ae8e2c12-abd7-4753-9c27-64723a930f37-impl-thread2] INFO  util.JmxRegister (JmxRegister.java:unregister(73)) - Successfully un-registered JMX Bean with object name Ratis:service=RaftServer,group=group-A7B46883A997,id=ae8e2c12-abd7-4753-9c27-64723a930f37
2024-01-08 22:36:31,551 [ae8e2c12-abd7-4753-9c27-64723a930f37-impl-thread2] INFO  impl.RoleInfo (RoleInfo.java:shutdownFollowerState(110)) - ae8e2c12-abd7-4753-9c27-64723a930f37: shutdown ae8e2c12-abd7-4753-9c27-64723a930f37@group-A7B46883A997-FollowerState
2024-01-08 22:36:31,551 [ForkJoinPool.commonPool-worker-0] INFO  server.GrpcService (GrpcService.java:closeImpl(311)) - ae8e2c12-abd7-4753-9c27-64723a930f37: shutdown server org.apache.ratis.grpc.server.GrpcClientProtocolService now
2024-01-08 22:36:31,551 [ae8e2c12-abd7-4753-9c27-64723a930f37@group-F5B3F84D9FB5-StateMachineUpdater] INFO  ratis.ContainerStateMachine (ContainerStateMachine.java:takeSnapshot(355)) - group-F5B3F84D9FB5: Taking a snapshot at:(t:1, i:0) file /home/runner/work/ozone/ozone/hadoop-ozone/integration-test/target/test-dir/MiniOzoneClusterImpl-25d1905f-b767-404d-84bf-be0dd4c89112/datanode-6/data/ratis/cfc8dcdd-eafb-4ee1-9c95-f5b3f84d9fb5/sm/snapshot.1_0
2024-01-08 22:36:31,551 [ae8e2c12-abd7-4753-9c27-64723a930f37@group-A7B46883A997-FollowerState] INFO  impl.FollowerState (FollowerState.java:run(152)) - ae8e2c12-abd7-4753-9c27-64723a930f37@group-A7B46883A997-FollowerState was interrupted
2024-01-08 22:36:31,552 [Thread-1760] INFO  server.GrpcServerProtocolClient (GrpcServerProtocolClient.java:close(103)) - 34273466-0570-47f7-a015-e29b814fc208 Close channels
2024-01-08 22:36:31,551 [ae8e2c12-abd7-4753-9c27-64723a930f37-impl-thread2] INFO  impl.StateMachineUpdater (StateMachineUpdater.java:stopAndJoin(157)) - ae8e2c12-abd7-4753-9c27-64723a930f37@group-A7B46883A997-StateMachineUpdater: set stopIndex = 0
2024-01-08 22:36:31,552 [c24408fe-1592-40af-8b37-8bb032baf3c2@group-A7B46883A997->ae8e2c12-abd7-4753-9c27-64723a930f37-GrpcLogAppender-LogAppenderDaemon] WARN  server.GrpcLogAppender (GrpcLogAppender.java:mayWait(212)) - c24408fe-1592-40af-8b37-8bb032baf3c2@group-A7B46883A997->ae8e2c12-abd7-4753-9c27-64723a930f37-GrpcLogAppender: Wait interrupted by java.lang.InterruptedException
2024-01-08 22:36:31,551 [c24408fe-1592-40af-8b37-8bb032baf3c2-impl-thread2] INFO  impl.RoleInfo (RoleInfo.java:shutdownLeaderState(94)) - c24408fe-1592-40af-8b37-8bb032baf3c2: shutdown c24408fe-1592-40af-8b37-8bb032baf3c2@group-62C27A937668-LeaderStateImpl
2024-01-08 22:36:31,552 [c24408fe-1592-40af-8b37-8bb032baf3c2-impl-thread2] INFO  impl.PendingRequests (PendingRequests.java:sendNotLeaderResponses(289)) - c24408fe-1592-40af-8b37-8bb032baf3c2@group-62C27A937668-PendingRequests: sendNotLeaderResponses
2024-01-08 22:36:31,552 [c24408fe-1592-40af-8b37-8bb032baf3c2-impl-thread2] INFO  impl.StateMachineUpdater (StateMachineUpdater.java:stopAndJoin(157)) - c24408fe-1592-40af-8b37-8bb032baf3c2@group-62C27A937668-StateMachineUpdater: set stopIndex = 0
2024-01-08 22:36:31,552 [Thread-1757] INFO  server.GrpcServerProtocolClient (GrpcServerProtocolClient.java:close(103)) - ae8e2c12-abd7-4753-9c27-64723a930f37 Close channels
2024-01-08 22:36:31,552 [ForkJoinPool.commonPool-worker-5] INFO  server.GrpcService (GrpcService.java:closeImpl(320)) - 211b11ed-ffba-4cc3-86ed-a5910ca02ca2: shutdown server GrpcServerProtocolService successfully
2024-01-08 22:36:31,553 [ForkJoinPool.commonPool-worker-5] INFO  server.GrpcService (GrpcService.java:closeImpl(311)) - 211b11ed-ffba-4cc3-86ed-a5910ca02ca2: shutdown server org.apache.ratis.grpc.server.GrpcAdminProtocolService now
2024-01-08 22:36:31,553 [Thread-1765] INFO  server.GrpcServerProtocolClient (GrpcServerProtocolClient.java:close(103)) - c24408fe-1592-40af-8b37-8bb032baf3c2 Close channels
2024-01-08 22:36:31,551 [ae8e2c12-abd7-4753-9c27-64723a930f37@group-A7B46883A997-StateMachineUpdater] INFO  ratis.ContainerStateMachine (ContainerStateMachine.java:takeSnapshot(355)) - group-A7B46883A997: Taking a snapshot at:(t:1, i:0) file /home/runner/work/ozone/ozone/hadoop-ozone/integration-test/target/test-dir/MiniOzoneClusterImpl-25d1905f-b767-404d-84bf-be0dd4c89112/datanode-6/data/ratis/d4edd10d-5659-417d-995a-a7b46883a997/sm/snapshot.1_0
2024-01-08 22:36:31,553 [grpc-default-executor-1] INFO  server.GrpcServerProtocolService (GrpcServerProtocolService.java:onCompleted(157)) - ae8e2c12-abd7-4753-9c27-64723a930f37: Completed APPEND_ENTRIES, lastRequest: null
2024-01-08 22:36:31,553 [grpc-default-executor-3] INFO  server.GrpcServerProtocolService (GrpcServerProtocolService.java:onCompleted(157)) - ae8e2c12-abd7-4753-9c27-64723a930f37: Completed APPEND_ENTRIES, lastRequest: c24408fe-1592-40af-8b37-8bb032baf3c2->ae8e2c12-abd7-4753-9c27-64723a930f37#1-t1,previous=(t:0, i:0),leaderCommit=-1,initializing? true,entries: size=1, first=(t:1, i:0), CONFIGURATIONENTRY(current:id: "ae8e2c12-abd7-4753-9c27-64723a930f37"
address: "10.1.0.16:15157"
dataStreamAddress: "10.1.0.16:15158"
clientAddress: "10.1.0.16:15155"
adminAddress: "10.1.0.16:15156"
startupRole: FOLLOWER
,id: "c24408fe-1592-40af-8b37-8bb032baf3c2"
address: "10.1.0.16:15175"
priority: 1
dataStreamAddress: "10.1.0.16:15176"
clientAddress: "10.1.0.16:15173"
adminAddress: "10.1.0.16:15174"
startupRole: FOLLOWER
,id: "34273466-0570-47f7-a015-e29b814fc208"
address: "10.1.0.16:15166"
dataStreamAddress: "10.1.0.16:15167"
clientAddress: "10.1.0.16:15164"
adminAddress: "10.1.0.16:15165"
startupRole: FOLLOWER
, old:)
2024-01-08 22:36:31,553 [grpc-default-executor-3] INFO  server.GrpcServerProtocolService (GrpcServerProtocolService.java:lambda$onCompleted$5(159)) - ae8e2c12-abd7-4753-9c27-64723a930f37: Completed APPEND_ENTRIES, lastReply: null
2024-01-08 22:36:31,553 [grpc-default-executor-1] INFO  server.GrpcServerProtocolService (GrpcServerProtocolService.java:lambda$onCompleted$5(159)) - ae8e2c12-abd7-4753-9c27-64723a930f37: Completed APPEND_ENTRIES, lastReply: serverReply {
  requestorId: "c24408fe-1592-40af-8b37-8bb032baf3c2"
  replyId: "ae8e2c12-abd7-4753-9c27-64723a930f37"
  raftGroupId {
    id: "\324\355\321\rVYA}\231Z\247\264h\203\251\227"
  }
  callId: 11
  success: true
}
term: 1
nextIndex: 1
matchIndex: 18446744073709551615
isHearbeat: true

2024-01-08 22:36:31,553 [c24408fe-1592-40af-8b37-8bb032baf3c2@group-62C27A937668-StateMachineUpdater] INFO  ratis.ContainerStateMachine (ContainerStateMachine.java:takeSnapshot(355)) - group-62C27A937668: Taking a snapshot at:(t:1, i:0) file /home/runner/work/ozone/ozone/hadoop-ozone/integration-test/target/test-dir/MiniOzoneClusterImpl-25d1905f-b767-404d-84bf-be0dd4c89112/datanode-8/data/ratis/aa2604d6-ccf9-4c5a-8295-62c27a937668/sm/snapshot.1_0
2024-01-08 22:36:31,554 [grpc-default-executor-1] INFO  server.GrpcLogAppender (GrpcLogAppender.java:onCompleted(469)) - c24408fe-1592-40af-8b37-8bb032baf3c2@group-A7B46883A997->ae8e2c12-abd7-4753-9c27-64723a930f37-AppendLogResponseHandler: follower responses appendEntries COMPLETED
2024-01-08 22:36:31,554 [grpc-default-executor-1] WARN  server.GrpcLogAppender (GrpcLogAppender.java:resetClient(149)) - c24408fe-1592-40af-8b37-8bb032baf3c2@group-A7B46883A997->ae8e2c12-abd7-4753-9c27-64723a930f37-GrpcLogAppender: Failed to getClient for ae8e2c12-abd7-4753-9c27-64723a930f37
org.apache.ratis.protocol.exceptions.AlreadyClosedException: c24408fe-1592-40af-8b37-8bb032baf3c2 is already CLOSED
	at org.apache.ratis.util.PeerProxyMap$PeerAndProxy.getProxy(PeerProxyMap.java:61)
	at org.apache.ratis.util.PeerProxyMap.getProxy(PeerProxyMap.java:110)
	at org.apache.ratis.grpc.server.GrpcLogAppender.getClient(GrpcLogAppender.java:121)
	at org.apache.ratis.grpc.server.GrpcLogAppender.resetClient(GrpcLogAppender.java:126)
	at org.apache.ratis.grpc.server.GrpcLogAppender.access$800(GrpcLogAppender.java:61)
	at org.apache.ratis.grpc.server.GrpcLogAppender$AppendLogResponseHandler.onCompleted(GrpcLogAppender.java:471)
	at org.apache.ratis.thirdparty.io.grpc.stub.ClientCalls$StreamObserverToCallListenerAdapter.onClose(ClientCalls.java:479)
	at org.apache.ratis.thirdparty.io.grpc.internal.ClientCallImpl.closeObserver(ClientCallImpl.java:567)
	at org.apache.ratis.thirdparty.io.grpc.internal.ClientCallImpl.access$300(ClientCallImpl.java:71)
	at org.apache.ratis.thirdparty.io.grpc.internal.ClientCallImpl$ClientStreamListenerImpl$1StreamClosed.runInternal(ClientCallImpl.java:735)
	at org.apache.ratis.thirdparty.io.grpc.internal.ClientCallImpl$ClientStreamListenerImpl$1StreamClosed.runInContext(ClientCallImpl.java:716)
	at org.apache.ratis.thirdparty.io.grpc.internal.ContextRunnable.run(ContextRunnable.java:37)
	at org.apache.ratis.thirdparty.io.grpc.internal.SerializingExecutor.run(SerializingExecutor.java:133)
	at java.util.concurrent.ThreadPoolExecutor.runWorker(ThreadPoolExecutor.java:1149)
	at java.util.concurrent.ThreadPoolExecutor$Worker.run(ThreadPoolExecutor.java:624)
	at java.lang.Thread.run(Thread.java:750)
2024-01-08 22:36:31,554 [grpc-default-executor-3] INFO  server.GrpcLogAppender (GrpcLogAppender.java:onCompleted(469)) - c24408fe-1592-40af-8b37-8bb032baf3c2@group-A7B46883A997->ae8e2c12-abd7-4753-9c27-64723a930f37-AppendLogResponseHandler: follower responses appendEntries COMPLETED
2024-01-08 22:36:31,554 [grpc-default-executor-3] WARN  server.GrpcLogAppender (GrpcLogAppender.java:resetClient(149)) - c24408fe-1592-40af-8b37-8bb032baf3c2@group-A7B46883A997->ae8e2c12-abd7-4753-9c27-64723a930f37-GrpcLogAppender: Failed to getClient for ae8e2c12-abd7-4753-9c27-64723a930f37
org.apache.ratis.protocol.exceptions.AlreadyClosedException: c24408fe-1592-40af-8b37-8bb032baf3c2 is already CLOSED
	at org.apache.ratis.util.PeerProxyMap$PeerAndProxy.getProxy(PeerProxyMap.java:61)
	at org.apache.ratis.util.PeerProxyMap.getProxy(PeerProxyMap.java:110)
	at org.apache.ratis.grpc.server.GrpcLogAppender.getClient(GrpcLogAppender.java:121)
	at org.apache.ratis.grpc.server.GrpcLogAppender.resetClient(GrpcLogAppender.java:126)
	at org.apache.ratis.grpc.server.GrpcLogAppender.access$800(GrpcLogAppender.java:61)
	at org.apache.ratis.grpc.server.GrpcLogAppender$AppendLogResponseHandler.onCompleted(GrpcLogAppender.java:471)
	at org.apache.ratis.thirdparty.io.grpc.stub.ClientCalls$StreamObserverToCallListenerAdapter.onClose(ClientCalls.java:479)
	at org.apache.ratis.thirdparty.io.grpc.internal.ClientCallImpl.closeObserver(ClientCallImpl.java:567)
	at org.apache.ratis.thirdparty.io.grpc.internal.ClientCallImpl.access$300(ClientCallImpl.java:71)
	at org.apache.ratis.thirdparty.io.grpc.internal.ClientCallImpl$ClientStreamListenerImpl$1StreamClosed.runInternal(ClientCallImpl.java:735)
	at org.apache.ratis.thirdparty.io.grpc.internal.ClientCallImpl$ClientStreamListenerImpl$1StreamClosed.runInContext(ClientCallImpl.java:716)
	at org.apache.ratis.thirdparty.io.grpc.internal.ContextRunnable.run(ContextRunnable.java:37)
	at org.apache.ratis.thirdparty.io.grpc.internal.SerializingExecutor.run(SerializingExecutor.java:133)
	at java.util.concurrent.ThreadPoolExecutor.runWorker(ThreadPoolExecutor.java:1149)
	at java.util.concurrent.ThreadPoolExecutor$Worker.run(ThreadPoolExecutor.java:624)
	at java.lang.Thread.run(Thread.java:750)
2024-01-08 22:36:31,554 [c24408fe-1592-40af-8b37-8bb032baf3c2@group-A7B46883A997->34273466-0570-47f7-a015-e29b814fc208-GrpcLogAppender-LogAppenderDaemon] WARN  server.GrpcLogAppender (GrpcLogAppender.java:mayWait(212)) - c24408fe-1592-40af-8b37-8bb032baf3c2@group-A7B46883A997->34273466-0570-47f7-a015-e29b814fc208-GrpcLogAppender: Wait interrupted by java.lang.InterruptedException
2024-01-08 22:36:31,554 [c24408fe-1592-40af-8b37-8bb032baf3c2-impl-thread1] INFO  impl.PendingRequests (PendingRequests.java:sendNotLeaderResponses(289)) - c24408fe-1592-40af-8b37-8bb032baf3c2@group-A7B46883A997-PendingRequests: sendNotLeaderResponses
2024-01-08 22:36:31,557 [c24408fe-1592-40af-8b37-8bb032baf3c2-impl-thread1] INFO  impl.StateMachineUpdater (StateMachineUpdater.java:stopAndJoin(157)) - c24408fe-1592-40af-8b37-8bb032baf3c2@group-A7B46883A997-StateMachineUpdater: set stopIndex = 0
2024-01-08 22:36:31,557 [c24408fe-1592-40af-8b37-8bb032baf3c2@group-A7B46883A997-StateMachineUpdater] INFO  ratis.ContainerStateMachine (ContainerStateMachine.java:takeSnapshot(355)) - group-A7B46883A997: Taking a snapshot at:(t:1, i:0) file /home/runner/work/ozone/ozone/hadoop-ozone/integration-test/target/test-dir/MiniOzoneClusterImpl-25d1905f-b767-404d-84bf-be0dd4c89112/datanode-8/data/ratis/d4edd10d-5659-417d-995a-a7b46883a997/sm/snapshot.1_0
2024-01-08 22:36:31,558 [ae8e2c12-abd7-4753-9c27-64723a930f37@group-A7B46883A997-StateMachineUpdater] INFO  ratis.ContainerStateMachine (ContainerStateMachine.java:takeSnapshot(366)) - group-A7B46883A997: Finished taking a snapshot at:(t:1, i:0) file:/home/runner/work/ozone/ozone/hadoop-ozone/integration-test/target/test-dir/MiniOzoneClusterImpl-25d1905f-b767-404d-84bf-be0dd4c89112/datanode-6/data/ratis/d4edd10d-5659-417d-995a-a7b46883a997/sm/snapshot.1_0 took: 6 ms
2024-01-08 22:36:31,558 [c24408fe-1592-40af-8b37-8bb032baf3c2@group-62C27A937668-StateMachineUpdater] INFO  ratis.ContainerStateMachine (ContainerStateMachine.java:takeSnapshot(366)) - group-62C27A937668: Finished taking a snapshot at:(t:1, i:0) file:/home/runner/work/ozone/ozone/hadoop-ozone/integration-test/target/test-dir/MiniOzoneClusterImpl-25d1905f-b767-404d-84bf-be0dd4c89112/datanode-8/data/ratis/aa2604d6-ccf9-4c5a-8295-62c27a937668/sm/snapshot.1_0 took: 5 ms
2024-01-08 22:36:31,558 [ae8e2c12-abd7-4753-9c27-64723a930f37@group-A7B46883A997-StateMachineUpdater] INFO  impl.StateMachineUpdater (StateMachineUpdater.java:takeSnapshot(295)) - ae8e2c12-abd7-4753-9c27-64723a930f37@group-A7B46883A997-StateMachineUpdater: Took a snapshot at index 0
2024-01-08 22:36:31,558 [ae8e2c12-abd7-4753-9c27-64723a930f37@group-A7B46883A997-StateMachineUpdater] INFO  impl.StateMachineUpdater (StateMachineUpdater.java:lambda$new$0(98)) - ae8e2c12-abd7-4753-9c27-64723a930f37@group-A7B46883A997-StateMachineUpdater: snapshotIndex: updateIncreasingly -1 -> 0
2024-01-08 22:36:31,558 [c24408fe-1592-40af-8b37-8bb032baf3c2@group-62C27A937668-StateMachineUpdater] INFO  impl.StateMachineUpdater (StateMachineUpdater.java:takeSnapshot(295)) - c24408fe-1592-40af-8b37-8bb032baf3c2@group-62C27A937668-StateMachineUpdater: Took a snapshot at index 0
2024-01-08 22:36:31,558 [c24408fe-1592-40af-8b37-8bb032baf3c2@group-62C27A937668-StateMachineUpdater] INFO  impl.StateMachineUpdater (StateMachineUpdater.java:lambda$new$0(98)) - c24408fe-1592-40af-8b37-8bb032baf3c2@group-62C27A937668-StateMachineUpdater: snapshotIndex: updateIncreasingly -1 -> 0
2024-01-08 22:36:31,558 [ae8e2c12-abd7-4753-9c27-64723a930f37-impl-thread2] INFO  server.RaftServer$Division (ServerState.java:close(423)) - ae8e2c12-abd7-4753-9c27-64723a930f37@group-A7B46883A997: applyIndex: 0
2024-01-08 22:36:31,558 [ForkJoinPool.commonPool-worker-1] INFO  server.GrpcService (GrpcService.java:closeImpl(320)) - c24408fe-1592-40af-8b37-8bb032baf3c2: shutdown server org.apache.ratis.grpc.server.GrpcClientProtocolService successfully
2024-01-08 22:36:31,558 [ForkJoinPool.commonPool-worker-1] INFO  server.GrpcService (GrpcService.java:closeImpl(311)) - c24408fe-1592-40af-8b37-8bb032baf3c2: shutdown server GrpcServerProtocolService now
2024-01-08 22:36:31,558 [c24408fe-1592-40af-8b37-8bb032baf3c2-impl-thread2] INFO  server.RaftServer$Division (ServerState.java:close(423)) - c24408fe-1592-40af-8b37-8bb032baf3c2@group-62C27A937668: applyIndex: 0
2024-01-08 22:36:31,558 [ae8e2c12-abd7-4753-9c27-64723a930f37@group-A7B46883A997-cacheEviction-AwaitToRun] INFO  util.AwaitToRun (AwaitToRun.java:run(49)) - ae8e2c12-abd7-4753-9c27-64723a930f37@group-A7B46883A997-cacheEviction-AwaitToRun-AwaitForSignal is interrupted
2024-01-08 22:36:31,558 [ForkJoinPool.commonPool-worker-7] INFO  server.GrpcService (GrpcService.java:closeImpl(320)) - 5cfc645b-31c2-46a6-b96a-3988b9b23202: shutdown server org.apache.ratis.grpc.server.GrpcClientProtocolService successfully
2024-01-08 22:36:31,558 [ForkJoinPool.commonPool-worker-7] INFO  server.GrpcService (GrpcService.java:closeImpl(311)) - 5cfc645b-31c2-46a6-b96a-3988b9b23202: shutdown server GrpcServerProtocolService now
2024-01-08 22:36:31,559 [ae8e2c12-abd7-4753-9c27-64723a930f37@group-F5B3F84D9FB5-StateMachineUpdater] INFO  ratis.ContainerStateMachine (ContainerStateMachine.java:takeSnapshot(366)) - group-F5B3F84D9FB5: Finished taking a snapshot at:(t:1, i:0) file:/home/runner/work/ozone/ozone/hadoop-ozone/integration-test/target/test-dir/MiniOzoneClusterImpl-25d1905f-b767-404d-84bf-be0dd4c89112/datanode-6/data/ratis/cfc8dcdd-eafb-4ee1-9c95-f5b3f84d9fb5/sm/snapshot.1_0 took: 8 ms
2024-01-08 22:36:31,559 [c24408fe-1592-40af-8b37-8bb032baf3c2@group-62C27A937668-cacheEviction-AwaitToRun] INFO  util.AwaitToRun (AwaitToRun.java:run(49)) - c24408fe-1592-40af-8b37-8bb032baf3c2@group-62C27A937668-cacheEviction-AwaitToRun-AwaitForSignal is interrupted
2024-01-08 22:36:31,559 [ae8e2c12-abd7-4753-9c27-64723a930f37@group-F5B3F84D9FB5-StateMachineUpdater] INFO  impl.StateMachineUpdater (StateMachineUpdater.java:takeSnapshot(295)) - ae8e2c12-abd7-4753-9c27-64723a930f37@group-F5B3F84D9FB5-StateMachineUpdater: Took a snapshot at index 0
2024-01-08 22:36:31,559 [ae8e2c12-abd7-4753-9c27-64723a930f37@group-F5B3F84D9FB5-StateMachineUpdater] INFO  impl.StateMachineUpdater (StateMachineUpdater.java:lambda$new$0(98)) - ae8e2c12-abd7-4753-9c27-64723a930f37@group-F5B3F84D9FB5-StateMachineUpdater: snapshotIndex: updateIncreasingly -1 -> 0
2024-01-08 22:36:31,559 [ae8e2c12-abd7-4753-9c27-64723a930f37-impl-thread1] INFO  server.RaftServer$Division (ServerState.java:close(423)) - ae8e2c12-abd7-4753-9c27-64723a930f37@group-F5B3F84D9FB5: applyIndex: 0
2024-01-08 22:36:31,560 [ae8e2c12-abd7-4753-9c27-64723a930f37@group-F5B3F84D9FB5-cacheEviction-AwaitToRun] INFO  util.AwaitToRun (AwaitToRun.java:run(49)) - ae8e2c12-abd7-4753-9c27-64723a930f37@group-F5B3F84D9FB5-cacheEviction-AwaitToRun-AwaitForSignal is interrupted
2024-01-08 22:36:31,564 [c24408fe-1592-40af-8b37-8bb032baf3c2@group-A7B46883A997-StateMachineUpdater] INFO  ratis.ContainerStateMachine (ContainerStateMachine.java:takeSnapshot(366)) - group-A7B46883A997: Finished taking a snapshot at:(t:1, i:0) file:/home/runner/work/ozone/ozone/hadoop-ozone/integration-test/target/test-dir/MiniOzoneClusterImpl-25d1905f-b767-404d-84bf-be0dd4c89112/datanode-8/data/ratis/d4edd10d-5659-417d-995a-a7b46883a997/sm/snapshot.1_0 took: 7 ms
2024-01-08 22:36:31,564 [c24408fe-1592-40af-8b37-8bb032baf3c2@group-A7B46883A997-StateMachineUpdater] INFO  impl.StateMachineUpdater (StateMachineUpdater.java:takeSnapshot(295)) - c24408fe-1592-40af-8b37-8bb032baf3c2@group-A7B46883A997-StateMachineUpdater: Took a snapshot at index 0
2024-01-08 22:36:31,564 [c24408fe-1592-40af-8b37-8bb032baf3c2@group-A7B46883A997-StateMachineUpdater] INFO  impl.StateMachineUpdater (StateMachineUpdater.java:lambda$new$0(98)) - c24408fe-1592-40af-8b37-8bb032baf3c2@group-A7B46883A997-StateMachineUpdater: snapshotIndex: updateIncreasingly -1 -> 0
2024-01-08 22:36:31,564 [ForkJoinPool.commonPool-worker-5] INFO  server.GrpcService (GrpcService.java:closeImpl(320)) - 211b11ed-ffba-4cc3-86ed-a5910ca02ca2: shutdown server org.apache.ratis.grpc.server.GrpcAdminProtocolService successfully
2024-01-08 22:36:31,566 [211b11ed-ffba-4cc3-86ed-a5910ca02ca2-NettyServerStreamRpc-bossGroup--thread1] INFO  logging.LoggingHandler (AbstractInternalLogger.java:log(148)) - [id: 0x70c3c8fa, L:/0.0.0.0:15122] CLOSE
2024-01-08 22:36:31,566 [211b11ed-ffba-4cc3-86ed-a5910ca02ca2-NettyServerStreamRpc-bossGroup--thread1] INFO  logging.LoggingHandler (AbstractInternalLogger.java:log(148)) - [id: 0x70c3c8fa, L:/0.0.0.0:15122] INACTIVE
2024-01-08 22:36:31,566 [211b11ed-ffba-4cc3-86ed-a5910ca02ca2-NettyServerStreamRpc-bossGroup--thread1] INFO  logging.LoggingHandler (AbstractInternalLogger.java:log(148)) - [id: 0x70c3c8fa, L:/0.0.0.0:15122] UNREGISTERED
2024-01-08 22:36:31,566 [c24408fe-1592-40af-8b37-8bb032baf3c2-impl-thread1] INFO  server.RaftServer$Division (ServerState.java:close(423)) - c24408fe-1592-40af-8b37-8bb032baf3c2@group-A7B46883A997: applyIndex: 0
2024-01-08 22:36:31,567 [c24408fe-1592-40af-8b37-8bb032baf3c2@group-A7B46883A997-cacheEviction-AwaitToRun] INFO  util.AwaitToRun (AwaitToRun.java:run(49)) - c24408fe-1592-40af-8b37-8bb032baf3c2@group-A7B46883A997-cacheEviction-AwaitToRun-AwaitForSignal is interrupted
2024-01-08 22:36:31,572 [Thread-1766] INFO  server.GrpcServerProtocolClient (GrpcServerProtocolClient.java:close(103)) - 34273466-0570-47f7-a015-e29b814fc208 Close channels
2024-01-08 22:36:31,572 [ForkJoinPool.commonPool-worker-1] INFO  server.GrpcService (GrpcService.java:closeImpl(320)) - c24408fe-1592-40af-8b37-8bb032baf3c2: shutdown server GrpcServerProtocolService successfully
2024-01-08 22:36:31,573 [ForkJoinPool.commonPool-worker-1] INFO  server.GrpcService (GrpcService.java:closeImpl(311)) - c24408fe-1592-40af-8b37-8bb032baf3c2: shutdown server org.apache.ratis.grpc.server.GrpcAdminProtocolService now
2024-01-08 22:36:31,573 [ForkJoinPool.commonPool-worker-0] INFO  server.GrpcService (GrpcService.java:closeImpl(320)) - ae8e2c12-abd7-4753-9c27-64723a930f37: shutdown server org.apache.ratis.grpc.server.GrpcClientProtocolService successfully
2024-01-08 22:36:31,573 [ForkJoinPool.commonPool-worker-0] INFO  server.GrpcService (GrpcService.java:closeImpl(311)) - ae8e2c12-abd7-4753-9c27-64723a930f37: shutdown server GrpcServerProtocolService now
2024-01-08 22:36:31,575 [ForkJoinPool.commonPool-worker-7] INFO  server.GrpcService (GrpcService.java:closeImpl(320)) - 5cfc645b-31c2-46a6-b96a-3988b9b23202: shutdown server GrpcServerProtocolService successfully
2024-01-08 22:36:31,575 [ForkJoinPool.commonPool-worker-7] INFO  server.GrpcService (GrpcService.java:closeImpl(311)) - 5cfc645b-31c2-46a6-b96a-3988b9b23202: shutdown server org.apache.ratis.grpc.server.GrpcAdminProtocolService now
2024-01-08 22:36:31,575 [ForkJoinPool.commonPool-worker-1] INFO  server.GrpcService (GrpcService.java:closeImpl(320)) - c24408fe-1592-40af-8b37-8bb032baf3c2: shutdown server org.apache.ratis.grpc.server.GrpcAdminProtocolService successfully
2024-01-08 22:36:31,575 [c24408fe-1592-40af-8b37-8bb032baf3c2-NettyServerStreamRpc-bossGroup--thread1] INFO  logging.LoggingHandler (AbstractInternalLogger.java:log(148)) - [id: 0x7350f3cb, L:/0.0.0.0:15176] CLOSE
2024-01-08 22:36:31,576 [c24408fe-1592-40af-8b37-8bb032baf3c2-NettyServerStreamRpc-bossGroup--thread1] INFO  logging.LoggingHandler (AbstractInternalLogger.java:log(148)) - [id: 0x7350f3cb, L:/0.0.0.0:15176] INACTIVE
2024-01-08 22:36:31,576 [c24408fe-1592-40af-8b37-8bb032baf3c2-NettyServerStreamRpc-bossGroup--thread1] INFO  logging.LoggingHandler (AbstractInternalLogger.java:log(148)) - [id: 0x7350f3cb, L:/0.0.0.0:15176] UNREGISTERED
2024-01-08 22:36:31,576 [ForkJoinPool.commonPool-worker-0] INFO  server.GrpcService (GrpcService.java:closeImpl(320)) - ae8e2c12-abd7-4753-9c27-64723a930f37: shutdown server GrpcServerProtocolService successfully
2024-01-08 22:36:31,576 [ForkJoinPool.commonPool-worker-0] INFO  server.GrpcService (GrpcService.java:closeImpl(311)) - ae8e2c12-abd7-4753-9c27-64723a930f37: shutdown server org.apache.ratis.grpc.server.GrpcAdminProtocolService now
2024-01-08 22:36:31,580 [ForkJoinPool.commonPool-worker-0] INFO  server.GrpcService (GrpcService.java:closeImpl(320)) - ae8e2c12-abd7-4753-9c27-64723a930f37: shutdown server org.apache.ratis.grpc.server.GrpcAdminProtocolService successfully
2024-01-08 22:36:31,581 [ae8e2c12-abd7-4753-9c27-64723a930f37-NettyServerStreamRpc-bossGroup--thread1] INFO  logging.LoggingHandler (AbstractInternalLogger.java:log(148)) - [id: 0xd3e2c7a9, L:/0.0.0.0:15158] CLOSE
2024-01-08 22:36:31,581 [ae8e2c12-abd7-4753-9c27-64723a930f37-NettyServerStreamRpc-bossGroup--thread1] INFO  logging.LoggingHandler (AbstractInternalLogger.java:log(148)) - [id: 0xd3e2c7a9, L:/0.0.0.0:15158] INACTIVE
2024-01-08 22:36:31,581 [ae8e2c12-abd7-4753-9c27-64723a930f37-NettyServerStreamRpc-bossGroup--thread1] INFO  logging.LoggingHandler (AbstractInternalLogger.java:log(148)) - [id: 0xd3e2c7a9, L:/0.0.0.0:15158] UNREGISTERED
2024-01-08 22:36:31,594 [ForkJoinPool.commonPool-worker-7] INFO  server.GrpcService (GrpcService.java:closeImpl(320)) - 5cfc645b-31c2-46a6-b96a-3988b9b23202: shutdown server org.apache.ratis.grpc.server.GrpcAdminProtocolService successfully
2024-01-08 22:36:31,594 [5cfc645b-31c2-46a6-b96a-3988b9b23202-NettyServerStreamRpc-bossGroup--thread1] INFO  logging.LoggingHandler (AbstractInternalLogger.java:log(148)) - [id: 0xe2bb055d, L:/0.0.0.0:15113] CLOSE
2024-01-08 22:36:31,594 [5cfc645b-31c2-46a6-b96a-3988b9b23202-NettyServerStreamRpc-bossGroup--thread1] INFO  logging.LoggingHandler (AbstractInternalLogger.java:log(148)) - [id: 0xe2bb055d, L:/0.0.0.0:15113] INACTIVE
2024-01-08 22:36:31,594 [5cfc645b-31c2-46a6-b96a-3988b9b23202-NettyServerStreamRpc-bossGroup--thread1] INFO  logging.LoggingHandler (AbstractInternalLogger.java:log(148)) - [id: 0xe2bb055d, L:/0.0.0.0:15113] UNREGISTERED
2024-01-08 22:36:31,598 [ForkJoinPool.commonPool-worker-2] INFO  ozoneimpl.OzoneContainer (OzoneContainer.java:stop(463)) - Attempting to stop container services.
2024-01-08 22:36:31,598 [ForkJoinPool.commonPool-worker-2] INFO  server.RaftServer (RaftServerProxy.java:lambda$close$9(416)) - 67cb853c-2ca0-42d6-9769-2750435db4d1: close
2024-01-08 22:36:31,600 [c24408fe-1592-40af-8b37-8bb032baf3c2-impl-thread2] INFO  segmented.SegmentedRaftLogWorker (SegmentedRaftLogWorker.java:close(243)) - c24408fe-1592-40af-8b37-8bb032baf3c2@group-62C27A937668-SegmentedRaftLogWorker close()
2024-01-08 22:36:31,604 [67cb853c-2ca0-42d6-9769-2750435db4d1-impl-thread1] INFO  server.RaftServer$Division (RaftServerImpl.java:lambda$close$3(516)) - 67cb853c-2ca0-42d6-9769-2750435db4d1@group-08A221428B3A: shutdown
2024-01-08 22:36:31,604 [ForkJoinPool.commonPool-worker-2] INFO  server.GrpcService (GrpcService.java:closeImpl(311)) - 67cb853c-2ca0-42d6-9769-2750435db4d1: shutdown server org.apache.ratis.grpc.server.GrpcClientProtocolService now
2024-01-08 22:36:31,604 [67cb853c-2ca0-42d6-9769-2750435db4d1-impl-thread1] INFO  util.JmxRegister (JmxRegister.java:unregister(73)) - Successfully un-registered JMX Bean with object name Ratis:service=RaftServer,group=group-08A221428B3A,id=67cb853c-2ca0-42d6-9769-2750435db4d1
2024-01-08 22:36:31,604 [67cb853c-2ca0-42d6-9769-2750435db4d1-impl-thread1] INFO  impl.RoleInfo (RoleInfo.java:shutdownLeaderState(94)) - 67cb853c-2ca0-42d6-9769-2750435db4d1: shutdown 67cb853c-2ca0-42d6-9769-2750435db4d1@group-08A221428B3A-LeaderStateImpl
2024-01-08 22:36:31,604 [67cb853c-2ca0-42d6-9769-2750435db4d1-impl-thread1] INFO  impl.PendingRequests (PendingRequests.java:sendNotLeaderResponses(289)) - 67cb853c-2ca0-42d6-9769-2750435db4d1@group-08A221428B3A-PendingRequests: sendNotLeaderResponses
2024-01-08 22:36:31,604 [67cb853c-2ca0-42d6-9769-2750435db4d1-impl-thread1] INFO  impl.StateMachineUpdater (StateMachineUpdater.java:stopAndJoin(157)) - 67cb853c-2ca0-42d6-9769-2750435db4d1@group-08A221428B3A-StateMachineUpdater: set stopIndex = 0
2024-01-08 22:36:31,604 [67cb853c-2ca0-42d6-9769-2750435db4d1@group-08A221428B3A-StateMachineUpdater] INFO  ratis.ContainerStateMachine (ContainerStateMachine.java:takeSnapshot(355)) - group-08A221428B3A: Taking a snapshot at:(t:1, i:0) file /home/runner/work/ozone/ozone/hadoop-ozone/integration-test/target/test-dir/MiniOzoneClusterImpl-25d1905f-b767-404d-84bf-be0dd4c89112/datanode-0/data/ratis/2d4814b6-faa6-40de-9a9c-08a221428b3a/sm/snapshot.1_0
2024-01-08 22:36:31,605 [67cb853c-2ca0-42d6-9769-2750435db4d1-impl-thread2] INFO  server.RaftServer$Division (RaftServerImpl.java:lambda$close$3(516)) - 67cb853c-2ca0-42d6-9769-2750435db4d1@group-3B110F06A4F5: shutdown
2024-01-08 22:36:31,605 [67cb853c-2ca0-42d6-9769-2750435db4d1-impl-thread2] INFO  util.JmxRegister (JmxRegister.java:unregister(73)) - Successfully un-registered JMX Bean with object name Ratis:service=RaftServer,group=group-3B110F06A4F5,id=67cb853c-2ca0-42d6-9769-2750435db4d1
2024-01-08 22:36:31,605 [67cb853c-2ca0-42d6-9769-2750435db4d1-impl-thread2] INFO  impl.RoleInfo (RoleInfo.java:shutdownFollowerState(110)) - 67cb853c-2ca0-42d6-9769-2750435db4d1: shutdown 67cb853c-2ca0-42d6-9769-2750435db4d1@group-3B110F06A4F5-FollowerState
2024-01-08 22:36:31,605 [67cb853c-2ca0-42d6-9769-2750435db4d1@group-08A221428B3A-StateMachineUpdater] INFO  ratis.ContainerStateMachine (ContainerStateMachine.java:takeSnapshot(366)) - group-08A221428B3A: Finished taking a snapshot at:(t:1, i:0) file:/home/runner/work/ozone/ozone/hadoop-ozone/integration-test/target/test-dir/MiniOzoneClusterImpl-25d1905f-b767-404d-84bf-be0dd4c89112/datanode-0/data/ratis/2d4814b6-faa6-40de-9a9c-08a221428b3a/sm/snapshot.1_0 took: 0 ms
2024-01-08 22:36:31,605 [67cb853c-2ca0-42d6-9769-2750435db4d1@group-08A221428B3A-StateMachineUpdater] INFO  impl.StateMachineUpdater (StateMachineUpdater.java:takeSnapshot(295)) - 67cb853c-2ca0-42d6-9769-2750435db4d1@group-08A221428B3A-StateMachineUpdater: Took a snapshot at index 0
2024-01-08 22:36:31,605 [67cb853c-2ca0-42d6-9769-2750435db4d1@group-08A221428B3A-StateMachineUpdater] INFO  impl.StateMachineUpdater (StateMachineUpdater.java:lambda$new$0(98)) - 67cb853c-2ca0-42d6-9769-2750435db4d1@group-08A221428B3A-StateMachineUpdater: snapshotIndex: updateIncreasingly -1 -> 0
2024-01-08 22:36:31,605 [67cb853c-2ca0-42d6-9769-2750435db4d1-impl-thread2] INFO  impl.StateMachineUpdater (StateMachineUpdater.java:stopAndJoin(157)) - 67cb853c-2ca0-42d6-9769-2750435db4d1@group-3B110F06A4F5-StateMachineUpdater: set stopIndex = 0
2024-01-08 22:36:31,605 [67cb853c-2ca0-42d6-9769-2750435db4d1-impl-thread1] INFO  server.RaftServer$Division (ServerState.java:close(423)) - 67cb853c-2ca0-42d6-9769-2750435db4d1@group-08A221428B3A: applyIndex: 0
2024-01-08 22:36:31,605 [67cb853c-2ca0-42d6-9769-2750435db4d1@group-3B110F06A4F5-StateMachineUpdater] INFO  ratis.ContainerStateMachine (ContainerStateMachine.java:takeSnapshot(355)) - group-3B110F06A4F5: Taking a snapshot at:(t:1, i:0) file /home/runner/work/ozone/ozone/hadoop-ozone/integration-test/target/test-dir/MiniOzoneClusterImpl-25d1905f-b767-404d-84bf-be0dd4c89112/datanode-0/data/ratis/b1907f3a-9032-43d0-afaf-3b110f06a4f5/sm/snapshot.1_0
2024-01-08 22:36:31,605 [67cb853c-2ca0-42d6-9769-2750435db4d1@group-3B110F06A4F5-FollowerState] INFO  impl.FollowerState (FollowerState.java:run(152)) - 67cb853c-2ca0-42d6-9769-2750435db4d1@group-3B110F06A4F5-FollowerState was interrupted
2024-01-08 22:36:31,608 [67cb853c-2ca0-42d6-9769-2750435db4d1@group-08A221428B3A-cacheEviction-AwaitToRun] INFO  util.AwaitToRun (AwaitToRun.java:run(49)) - 67cb853c-2ca0-42d6-9769-2750435db4d1@group-08A221428B3A-cacheEviction-AwaitToRun-AwaitForSignal is interrupted
2024-01-08 22:36:31,608 [67cb853c-2ca0-42d6-9769-2750435db4d1@group-3B110F06A4F5-StateMachineUpdater] INFO  ratis.ContainerStateMachine (ContainerStateMachine.java:takeSnapshot(366)) - group-3B110F06A4F5: Finished taking a snapshot at:(t:1, i:0) file:/home/runner/work/ozone/ozone/hadoop-ozone/integration-test/target/test-dir/MiniOzoneClusterImpl-25d1905f-b767-404d-84bf-be0dd4c89112/datanode-0/data/ratis/b1907f3a-9032-43d0-afaf-3b110f06a4f5/sm/snapshot.1_0 took: 3 ms
2024-01-08 22:36:31,609 [67cb853c-2ca0-42d6-9769-2750435db4d1@group-3B110F06A4F5-StateMachineUpdater] INFO  impl.StateMachineUpdater (StateMachineUpdater.java:takeSnapshot(295)) - 67cb853c-2ca0-42d6-9769-2750435db4d1@group-3B110F06A4F5-StateMachineUpdater: Took a snapshot at index 0
2024-01-08 22:36:31,609 [67cb853c-2ca0-42d6-9769-2750435db4d1@group-3B110F06A4F5-StateMachineUpdater] INFO  impl.StateMachineUpdater (StateMachineUpdater.java:lambda$new$0(98)) - 67cb853c-2ca0-42d6-9769-2750435db4d1@group-3B110F06A4F5-StateMachineUpdater: snapshotIndex: updateIncreasingly -1 -> 0
2024-01-08 22:36:31,609 [67cb853c-2ca0-42d6-9769-2750435db4d1-impl-thread2] INFO  server.RaftServer$Division (ServerState.java:close(423)) - 67cb853c-2ca0-42d6-9769-2750435db4d1@group-3B110F06A4F5: applyIndex: 0
2024-01-08 22:36:31,616 [ForkJoinPool.commonPool-worker-2] INFO  server.GrpcService (GrpcService.java:closeImpl(320)) - 67cb853c-2ca0-42d6-9769-2750435db4d1: shutdown server org.apache.ratis.grpc.server.GrpcClientProtocolService successfully
2024-01-08 22:36:31,616 [ForkJoinPool.commonPool-worker-2] INFO  server.GrpcService (GrpcService.java:closeImpl(311)) - 67cb853c-2ca0-42d6-9769-2750435db4d1: shutdown server GrpcServerProtocolService now
2024-01-08 22:36:31,620 [67cb853c-2ca0-42d6-9769-2750435db4d1@group-3B110F06A4F5-cacheEviction-AwaitToRun] INFO  util.AwaitToRun (AwaitToRun.java:run(49)) - 67cb853c-2ca0-42d6-9769-2750435db4d1@group-3B110F06A4F5-cacheEviction-AwaitToRun-AwaitForSignal is interrupted
2024-01-08 22:36:31,621 [ForkJoinPool.commonPool-worker-2] INFO  server.GrpcService (GrpcService.java:closeImpl(320)) - 67cb853c-2ca0-42d6-9769-2750435db4d1: shutdown server GrpcServerProtocolService successfully
2024-01-08 22:36:31,621 [ForkJoinPool.commonPool-worker-2] INFO  server.GrpcService (GrpcService.java:closeImpl(311)) - 67cb853c-2ca0-42d6-9769-2750435db4d1: shutdown server org.apache.ratis.grpc.server.GrpcAdminProtocolService now
2024-01-08 22:36:31,622 [ForkJoinPool.commonPool-worker-2] INFO  server.GrpcService (GrpcService.java:closeImpl(320)) - 67cb853c-2ca0-42d6-9769-2750435db4d1: shutdown server org.apache.ratis.grpc.server.GrpcAdminProtocolService successfully
2024-01-08 22:36:31,623 [67cb853c-2ca0-42d6-9769-2750435db4d1-NettyServerStreamRpc-bossGroup--thread1] INFO  logging.LoggingHandler (AbstractInternalLogger.java:log(148)) - [id: 0x5a8c7b76, L:/0.0.0.0:15104] CLOSE
2024-01-08 22:36:31,623 [67cb853c-2ca0-42d6-9769-2750435db4d1-NettyServerStreamRpc-bossGroup--thread1] INFO  logging.LoggingHandler (AbstractInternalLogger.java:log(148)) - [id: 0x5a8c7b76, L:/0.0.0.0:15104] INACTIVE
2024-01-08 22:36:31,623 [67cb853c-2ca0-42d6-9769-2750435db4d1-NettyServerStreamRpc-bossGroup--thread1] INFO  logging.LoggingHandler (AbstractInternalLogger.java:log(148)) - [id: 0x5a8c7b76, L:/0.0.0.0:15104] UNREGISTERED
2024-01-08 22:36:31,692 [67cb853c-2ca0-42d6-9769-2750435db4d1-impl-thread1] INFO  segmented.SegmentedRaftLogWorker (SegmentedRaftLogWorker.java:close(243)) - 67cb853c-2ca0-42d6-9769-2750435db4d1@group-08A221428B3A-SegmentedRaftLogWorker close()
2024-01-08 22:36:31,787 [211b11ed-ffba-4cc3-86ed-a5910ca02ca2-impl-thread2] INFO  segmented.SegmentedRaftLogWorker (SegmentedRaftLogWorker.java:close(243)) - 211b11ed-ffba-4cc3-86ed-a5910ca02ca2@group-3B110F06A4F5-SegmentedRaftLogWorker close()
2024-01-08 22:36:31,818 [67cb853c-2ca0-42d6-9769-2750435db4d1-impl-thread2] INFO  segmented.SegmentedRaftLogWorker (SegmentedRaftLogWorker.java:close(243)) - 67cb853c-2ca0-42d6-9769-2750435db4d1@group-3B110F06A4F5-SegmentedRaftLogWorker close()
2024-01-08 22:36:31,818 [5cfc645b-31c2-46a6-b96a-3988b9b23202-impl-thread1] INFO  segmented.SegmentedRaftLogWorker (SegmentedRaftLogWorker.java:close(243)) - 5cfc645b-31c2-46a6-b96a-3988b9b23202@group-3B110F06A4F5-SegmentedRaftLogWorker close()
2024-01-08 22:36:31,819 [JvmPauseMonitor13] INFO  util.JvmPauseMonitor (JvmPauseMonitor.java:run(152)) - JvmPauseMonitor-67cb853c-2ca0-42d6-9769-2750435db4d1: Stopped
2024-01-08 22:36:31,873 [5cfc645b-31c2-46a6-b96a-3988b9b23202-impl-thread2] INFO  segmented.SegmentedRaftLogWorker (SegmentedRaftLogWorker.java:close(243)) - 5cfc645b-31c2-46a6-b96a-3988b9b23202@group-0B3BE78F0F58-SegmentedRaftLogWorker close()
2024-01-08 22:36:31,873 [JvmPauseMonitor14] INFO  util.JvmPauseMonitor (JvmPauseMonitor.java:run(152)) - JvmPauseMonitor-5cfc645b-31c2-46a6-b96a-3988b9b23202: Stopped
2024-01-08 22:36:32,055 [211b11ed-ffba-4cc3-86ed-a5910ca02ca2-impl-thread1] INFO  segmented.SegmentedRaftLogWorker (SegmentedRaftLogWorker.java:close(243)) - 211b11ed-ffba-4cc3-86ed-a5910ca02ca2@group-B06642465BB2-SegmentedRaftLogWorker close()
2024-01-08 22:36:32,056 [JvmPauseMonitor15] INFO  util.JvmPauseMonitor (JvmPauseMonitor.java:run(152)) - JvmPauseMonitor-211b11ed-ffba-4cc3-86ed-a5910ca02ca2: Stopped
2024-01-08 22:36:32,271 [cd56667c-d7fb-411e-a881-3bd7f4030648-impl-thread1] INFO  segmented.SegmentedRaftLogWorker (SegmentedRaftLogWorker.java:close(243)) - cd56667c-d7fb-411e-a881-3bd7f4030648@group-173761989789-SegmentedRaftLogWorker close()
2024-01-08 22:36:32,272 [JvmPauseMonitor17] INFO  util.JvmPauseMonitor (JvmPauseMonitor.java:run(152)) - JvmPauseMonitor-cd56667c-d7fb-411e-a881-3bd7f4030648: Stopped
2024-01-08 22:36:32,372 [ae8e2c12-abd7-4753-9c27-64723a930f37-impl-thread1] INFO  segmented.SegmentedRaftLogWorker (SegmentedRaftLogWorker.java:close(243)) - ae8e2c12-abd7-4753-9c27-64723a930f37@group-F5B3F84D9FB5-SegmentedRaftLogWorker close()
2024-01-08 22:36:32,424 [c24408fe-1592-40af-8b37-8bb032baf3c2-impl-thread1] INFO  segmented.SegmentedRaftLogWorker (SegmentedRaftLogWorker.java:close(243)) - c24408fe-1592-40af-8b37-8bb032baf3c2@group-A7B46883A997-SegmentedRaftLogWorker close()
2024-01-08 22:36:32,425 [JvmPauseMonitor21] INFO  util.JvmPauseMonitor (JvmPauseMonitor.java:run(152)) - JvmPauseMonitor-c24408fe-1592-40af-8b37-8bb032baf3c2: Stopped
2024-01-08 22:36:32,434 [ae8e2c12-abd7-4753-9c27-64723a930f37-impl-thread2] INFO  segmented.SegmentedRaftLogWorker (SegmentedRaftLogWorker.java:close(243)) - ae8e2c12-abd7-4753-9c27-64723a930f37@group-A7B46883A997-SegmentedRaftLogWorker close()
2024-01-08 22:36:32,434 [JvmPauseMonitor19] INFO  util.JvmPauseMonitor (JvmPauseMonitor.java:run(152)) - JvmPauseMonitor-ae8e2c12-abd7-4753-9c27-64723a930f37: Stopped
2024-01-08 22:36:32,439 [34273466-0570-47f7-a015-e29b814fc208-impl-thread2] INFO  segmented.SegmentedRaftLogWorker (SegmentedRaftLogWorker.java:close(243)) - 34273466-0570-47f7-a015-e29b814fc208@group-A7B46883A997-SegmentedRaftLogWorker close()
2024-01-08 22:36:32,452 [34273466-0570-47f7-a015-e29b814fc208-impl-thread1] INFO  segmented.SegmentedRaftLogWorker (SegmentedRaftLogWorker.java:close(243)) - 34273466-0570-47f7-a015-e29b814fc208@group-F5999DE2E330-SegmentedRaftLogWorker close()
2024-01-08 22:36:32,452 [JvmPauseMonitor20] INFO  util.JvmPauseMonitor (JvmPauseMonitor.java:run(152)) - JvmPauseMonitor-34273466-0570-47f7-a015-e29b814fc208: Stopped
2024-01-08 22:36:33,821 [ForkJoinPool.commonPool-worker-2] INFO  utils.DatanodeStoreCache (DatanodeStoreCache.java:shutdownCache(110)) - Skip clearing cache in mini cluster mode. Entries left: [/home/runner/work/ozone/ozone/hadoop-ozone/integration-test/target/test-dir/MiniOzoneClusterImpl-25d1905f-b767-404d-84bf-be0dd4c89112/datanode-0/data-0/containers/hdds/25d1905f-b767-404d-84bf-be0dd4c89112/DS-5f8e3d1e-4cb6-4c6d-987e-33065c83b90d/container.db, /home/runner/work/ozone/ozone/hadoop-ozone/integration-test/target/test-dir/MiniOzoneClusterImpl-25d1905f-b767-404d-84bf-be0dd4c89112/datanode-1/data-0/containers/hdds/25d1905f-b767-404d-84bf-be0dd4c89112/DS-9c4bd623-51d2-4764-b475-f63d57b29492/container.db, /home/runner/work/ozone/ozone/hadoop-ozone/integration-test/target/test-dir/MiniOzoneClusterImpl-25d1905f-b767-404d-84bf-be0dd4c89112/datanode-2/data-0/containers/hdds/25d1905f-b767-404d-84bf-be0dd4c89112/DS-dca5e0c4-8df2-4d1c-a16b-5f1847ddc93f/container.db, /home/runner/work/ozone/ozone/hadoop-ozone/integration-test/target/test-dir/MiniOzoneClusterImpl-25d1905f-b767-404d-84bf-be0dd4c89112/datanode-4/data-0/containers/hdds/25d1905f-b767-404d-84bf-be0dd4c89112/DS-031a9201-2d2b-40d0-aa8a-8fd86cbc4b1f/container.db, /home/runner/work/ozone/ozone/hadoop-ozone/integration-test/target/test-dir/MiniOzoneClusterImpl-25d1905f-b767-404d-84bf-be0dd4c89112/datanode-6/data-0/containers/hdds/25d1905f-b767-404d-84bf-be0dd4c89112/DS-11ef7d0f-b1d5-42b6-8f1d-2b8b0423f19c/container.db, /home/runner/work/ozone/ozone/hadoop-ozone/integration-test/target/test-dir/MiniOzoneClusterImpl-25d1905f-b767-404d-84bf-be0dd4c89112/datanode-7/data-0/containers/hdds/25d1905f-b767-404d-84bf-be0dd4c89112/DS-1d9434b6-5df7-4b28-99ec-4b78f7fa35f1/container.db, /home/runner/work/ozone/ozone/hadoop-ozone/integration-test/target/test-dir/MiniOzoneClusterImpl-25d1905f-b767-404d-84bf-be0dd4c89112/datanode-8/data-0/containers/hdds/25d1905f-b767-404d-84bf-be0dd4c89112/DS-df21338e-717a-4d21-a874-9ee245aef3ca/container.db]
2024-01-08 22:36:33,823 [ForkJoinPool.commonPool-worker-2] INFO  utils.DatanodeStoreCache (DatanodeStoreCache.java:removeDB(104)) - Removed db /home/runner/work/ozone/ozone/hadoop-ozone/integration-test/target/test-dir/MiniOzoneClusterImpl-25d1905f-b767-404d-84bf-be0dd4c89112/datanode-0/data-0/containers/hdds/25d1905f-b767-404d-84bf-be0dd4c89112/DS-5f8e3d1e-4cb6-4c6d-987e-33065c83b90d/container.db from cache
2024-01-08 22:36:33,824 [ForkJoinPool.commonPool-worker-2] INFO  volume.HddsVolume (HddsVolume.java:closeDbStore(451)) - SchemaV3 db is stopped at /home/runner/work/ozone/ozone/hadoop-ozone/integration-test/target/test-dir/MiniOzoneClusterImpl-25d1905f-b767-404d-84bf-be0dd4c89112/datanode-0/data-0/containers/hdds/25d1905f-b767-404d-84bf-be0dd4c89112/DS-5f8e3d1e-4cb6-4c6d-987e-33065c83b90d/container.db for volume DS-5f8e3d1e-4cb6-4c6d-987e-33065c83b90d
2024-01-08 22:36:33,824 [ForkJoinPool.commonPool-worker-2] INFO  utils.BackgroundService (BackgroundService.java:shutdown(160)) - Shutting down service BlockDeletingService
2024-01-08 22:36:33,824 [ForkJoinPool.commonPool-worker-2] INFO  utils.BackgroundService (BackgroundService.java:shutdown(160)) - Shutting down service StaleRecoveringContainerScrubbingService
2024-01-08 22:36:33,826 [ForkJoinPool.commonPool-worker-2] INFO  statemachine.DatanodeStateMachine (DatanodeStateMachine.java:stopDaemon(638)) - Ozone container server stopped.
2024-01-08 22:36:33,827 [ForkJoinPool.commonPool-worker-2] INFO  handler.ContextHandler (ContextHandler.java:doStop(1159)) - Stopped o.e.j.w.WebAppContext@b732fcc{hddsDatanode,/,null,STOPPED}{jar:file:/home/runner/.m2/repository/org/apache/ozone/hdds-container-service/1.5.0-SNAPSHOT/hdds-container-service-1.5.0-SNAPSHOT.jar!/webapps/hddsDatanode}
2024-01-08 22:36:33,828 [ForkJoinPool.commonPool-worker-2] INFO  server.AbstractConnector (AbstractConnector.java:doStop(383)) - Stopped ServerConnector@4dc5675{HTTP/1.1, (http/1.1)}{0.0.0.0:15098}
2024-01-08 22:36:33,828 [ForkJoinPool.commonPool-worker-2] INFO  server.session (HouseKeeper.java:stopScavenging(149)) - node0 Stopped scavenging
2024-01-08 22:36:33,829 [ForkJoinPool.commonPool-worker-2] INFO  handler.ContextHandler (ContextHandler.java:doStop(1159)) - Stopped o.e.j.s.ServletContextHandler@65bff8ce{static,/static,jar:file:/home/runner/.m2/repository/org/apache/ozone/hdds-container-service/1.5.0-SNAPSHOT/hdds-container-service-1.5.0-SNAPSHOT.jar!/webapps/static,STOPPED}
2024-01-08 22:36:33,829 [ForkJoinPool.commonPool-worker-2] INFO  handler.ContextHandler (ContextHandler.java:doStop(1159)) - Stopped o.e.j.s.ServletContextHandler@794790c4{logs,/logs,file:///home/runner/work/ozone/ozone/hadoop-ozone/integration-test/target/log,STOPPED}
2024-01-08 22:36:33,830 [ForkJoinPool.commonPool-worker-2] INFO  ozone.HddsDatanodeClientProtocolServer (HddsDatanodeClientProtocolServer.java:stop(78)) - Stopping the RPC server for Client Protocol
2024-01-08 22:36:33,830 [ForkJoinPool.commonPool-worker-2] INFO  ipc.Server (Server.java:stop(3523)) - Stopping server on 15099
2024-01-08 22:36:33,831 [IPC Server listener on 15099] INFO  ipc.Server (Server.java:run(1434)) - Stopping IPC Server listener on 15099
2024-01-08 22:36:33,831 [IPC Server Responder] INFO  ipc.Server (Server.java:run(1567)) - Stopping IPC Server Responder
2024-01-08 22:36:33,875 [ForkJoinPool.commonPool-worker-7] INFO  utils.DatanodeStoreCache (DatanodeStoreCache.java:shutdownCache(110)) - Skip clearing cache in mini cluster mode. Entries left: [/home/runner/work/ozone/ozone/hadoop-ozone/integration-test/target/test-dir/MiniOzoneClusterImpl-25d1905f-b767-404d-84bf-be0dd4c89112/datanode-1/data-0/containers/hdds/25d1905f-b767-404d-84bf-be0dd4c89112/DS-9c4bd623-51d2-4764-b475-f63d57b29492/container.db, /home/runner/work/ozone/ozone/hadoop-ozone/integration-test/target/test-dir/MiniOzoneClusterImpl-25d1905f-b767-404d-84bf-be0dd4c89112/datanode-2/data-0/containers/hdds/25d1905f-b767-404d-84bf-be0dd4c89112/DS-dca5e0c4-8df2-4d1c-a16b-5f1847ddc93f/container.db, /home/runner/work/ozone/ozone/hadoop-ozone/integration-test/target/test-dir/MiniOzoneClusterImpl-25d1905f-b767-404d-84bf-be0dd4c89112/datanode-4/data-0/containers/hdds/25d1905f-b767-404d-84bf-be0dd4c89112/DS-031a9201-2d2b-40d0-aa8a-8fd86cbc4b1f/container.db, /home/runner/work/ozone/ozone/hadoop-ozone/integration-test/target/test-dir/MiniOzoneClusterImpl-25d1905f-b767-404d-84bf-be0dd4c89112/datanode-6/data-0/containers/hdds/25d1905f-b767-404d-84bf-be0dd4c89112/DS-11ef7d0f-b1d5-42b6-8f1d-2b8b0423f19c/container.db, /home/runner/work/ozone/ozone/hadoop-ozone/integration-test/target/test-dir/MiniOzoneClusterImpl-25d1905f-b767-404d-84bf-be0dd4c89112/datanode-7/data-0/containers/hdds/25d1905f-b767-404d-84bf-be0dd4c89112/DS-1d9434b6-5df7-4b28-99ec-4b78f7fa35f1/container.db, /home/runner/work/ozone/ozone/hadoop-ozone/integration-test/target/test-dir/MiniOzoneClusterImpl-25d1905f-b767-404d-84bf-be0dd4c89112/datanode-8/data-0/containers/hdds/25d1905f-b767-404d-84bf-be0dd4c89112/DS-df21338e-717a-4d21-a874-9ee245aef3ca/container.db]
2024-01-08 22:36:33,877 [ForkJoinPool.commonPool-worker-7] INFO  utils.DatanodeStoreCache (DatanodeStoreCache.java:removeDB(104)) - Removed db /home/runner/work/ozone/ozone/hadoop-ozone/integration-test/target/test-dir/MiniOzoneClusterImpl-25d1905f-b767-404d-84bf-be0dd4c89112/datanode-1/data-0/containers/hdds/25d1905f-b767-404d-84bf-be0dd4c89112/DS-9c4bd623-51d2-4764-b475-f63d57b29492/container.db from cache
2024-01-08 22:36:33,877 [ForkJoinPool.commonPool-worker-7] INFO  volume.HddsVolume (HddsVolume.java:closeDbStore(451)) - SchemaV3 db is stopped at /home/runner/work/ozone/ozone/hadoop-ozone/integration-test/target/test-dir/MiniOzoneClusterImpl-25d1905f-b767-404d-84bf-be0dd4c89112/datanode-1/data-0/containers/hdds/25d1905f-b767-404d-84bf-be0dd4c89112/DS-9c4bd623-51d2-4764-b475-f63d57b29492/container.db for volume DS-9c4bd623-51d2-4764-b475-f63d57b29492
2024-01-08 22:36:33,878 [ForkJoinPool.commonPool-worker-7] INFO  utils.BackgroundService (BackgroundService.java:shutdown(160)) - Shutting down service BlockDeletingService
2024-01-08 22:36:33,878 [ForkJoinPool.commonPool-worker-7] INFO  utils.BackgroundService (BackgroundService.java:shutdown(160)) - Shutting down service StaleRecoveringContainerScrubbingService
2024-01-08 22:36:33,879 [ForkJoinPool.commonPool-worker-7] INFO  statemachine.DatanodeStateMachine (DatanodeStateMachine.java:stopDaemon(638)) - Ozone container server stopped.
2024-01-08 22:36:33,880 [ForkJoinPool.commonPool-worker-7] INFO  handler.ContextHandler (ContextHandler.java:doStop(1159)) - Stopped o.e.j.w.WebAppContext@34feaae{hddsDatanode,/,null,STOPPED}{jar:file:/home/runner/.m2/repository/org/apache/ozone/hdds-container-service/1.5.0-SNAPSHOT/hdds-container-service-1.5.0-SNAPSHOT.jar!/webapps/hddsDatanode}
2024-01-08 22:36:33,881 [ForkJoinPool.commonPool-worker-7] INFO  server.AbstractConnector (AbstractConnector.java:doStop(383)) - Stopped ServerConnector@2948777a{HTTP/1.1, (http/1.1)}{0.0.0.0:15107}
2024-01-08 22:36:33,881 [ForkJoinPool.commonPool-worker-7] INFO  server.session (HouseKeeper.java:stopScavenging(149)) - node0 Stopped scavenging
2024-01-08 22:36:33,881 [ForkJoinPool.commonPool-worker-7] INFO  handler.ContextHandler (ContextHandler.java:doStop(1159)) - Stopped o.e.j.s.ServletContextHandler@5dcdaa58{static,/static,jar:file:/home/runner/.m2/repository/org/apache/ozone/hdds-container-service/1.5.0-SNAPSHOT/hdds-container-service-1.5.0-SNAPSHOT.jar!/webapps/static,STOPPED}
2024-01-08 22:36:33,881 [ForkJoinPool.commonPool-worker-7] INFO  handler.ContextHandler (ContextHandler.java:doStop(1159)) - Stopped o.e.j.s.ServletContextHandler@7d389fa7{logs,/logs,file:///home/runner/work/ozone/ozone/hadoop-ozone/integration-test/target/log,STOPPED}
2024-01-08 22:36:33,881 [ForkJoinPool.commonPool-worker-7] INFO  ozone.HddsDatanodeClientProtocolServer (HddsDatanodeClientProtocolServer.java:stop(78)) - Stopping the RPC server for Client Protocol
2024-01-08 22:36:33,882 [ForkJoinPool.commonPool-worker-7] INFO  ipc.Server (Server.java:stop(3523)) - Stopping server on 15108
2024-01-08 22:36:33,882 [IPC Server listener on 15108] INFO  ipc.Server (Server.java:run(1434)) - Stopping IPC Server listener on 15108
2024-01-08 22:36:33,882 [IPC Server Responder] INFO  ipc.Server (Server.java:run(1567)) - Stopping IPC Server Responder
2024-01-08 22:36:34,058 [ForkJoinPool.commonPool-worker-5] INFO  utils.DatanodeStoreCache (DatanodeStoreCache.java:shutdownCache(110)) - Skip clearing cache in mini cluster mode. Entries left: [/home/runner/work/ozone/ozone/hadoop-ozone/integration-test/target/test-dir/MiniOzoneClusterImpl-25d1905f-b767-404d-84bf-be0dd4c89112/datanode-2/data-0/containers/hdds/25d1905f-b767-404d-84bf-be0dd4c89112/DS-dca5e0c4-8df2-4d1c-a16b-5f1847ddc93f/container.db, /home/runner/work/ozone/ozone/hadoop-ozone/integration-test/target/test-dir/MiniOzoneClusterImpl-25d1905f-b767-404d-84bf-be0dd4c89112/datanode-4/data-0/containers/hdds/25d1905f-b767-404d-84bf-be0dd4c89112/DS-031a9201-2d2b-40d0-aa8a-8fd86cbc4b1f/container.db, /home/runner/work/ozone/ozone/hadoop-ozone/integration-test/target/test-dir/MiniOzoneClusterImpl-25d1905f-b767-404d-84bf-be0dd4c89112/datanode-6/data-0/containers/hdds/25d1905f-b767-404d-84bf-be0dd4c89112/DS-11ef7d0f-b1d5-42b6-8f1d-2b8b0423f19c/container.db, /home/runner/work/ozone/ozone/hadoop-ozone/integration-test/target/test-dir/MiniOzoneClusterImpl-25d1905f-b767-404d-84bf-be0dd4c89112/datanode-7/data-0/containers/hdds/25d1905f-b767-404d-84bf-be0dd4c89112/DS-1d9434b6-5df7-4b28-99ec-4b78f7fa35f1/container.db, /home/runner/work/ozone/ozone/hadoop-ozone/integration-test/target/test-dir/MiniOzoneClusterImpl-25d1905f-b767-404d-84bf-be0dd4c89112/datanode-8/data-0/containers/hdds/25d1905f-b767-404d-84bf-be0dd4c89112/DS-df21338e-717a-4d21-a874-9ee245aef3ca/container.db]
2024-01-08 22:36:34,061 [ForkJoinPool.commonPool-worker-5] INFO  utils.DatanodeStoreCache (DatanodeStoreCache.java:removeDB(104)) - Removed db /home/runner/work/ozone/ozone/hadoop-ozone/integration-test/target/test-dir/MiniOzoneClusterImpl-25d1905f-b767-404d-84bf-be0dd4c89112/datanode-2/data-0/containers/hdds/25d1905f-b767-404d-84bf-be0dd4c89112/DS-dca5e0c4-8df2-4d1c-a16b-5f1847ddc93f/container.db from cache
2024-01-08 22:36:34,061 [ForkJoinPool.commonPool-worker-5] INFO  volume.HddsVolume (HddsVolume.java:closeDbStore(451)) - SchemaV3 db is stopped at /home/runner/work/ozone/ozone/hadoop-ozone/integration-test/target/test-dir/MiniOzoneClusterImpl-25d1905f-b767-404d-84bf-be0dd4c89112/datanode-2/data-0/containers/hdds/25d1905f-b767-404d-84bf-be0dd4c89112/DS-dca5e0c4-8df2-4d1c-a16b-5f1847ddc93f/container.db for volume DS-dca5e0c4-8df2-4d1c-a16b-5f1847ddc93f
2024-01-08 22:36:34,061 [ForkJoinPool.commonPool-worker-5] INFO  utils.BackgroundService (BackgroundService.java:shutdown(160)) - Shutting down service BlockDeletingService
2024-01-08 22:36:34,061 [ForkJoinPool.commonPool-worker-5] INFO  utils.BackgroundService (BackgroundService.java:shutdown(160)) - Shutting down service StaleRecoveringContainerScrubbingService
2024-01-08 22:36:34,062 [ForkJoinPool.commonPool-worker-5] INFO  statemachine.DatanodeStateMachine (DatanodeStateMachine.java:stopDaemon(638)) - Ozone container server stopped.
2024-01-08 22:36:34,063 [ForkJoinPool.commonPool-worker-5] INFO  handler.ContextHandler (ContextHandler.java:doStop(1159)) - Stopped o.e.j.w.WebAppContext@657225a3{hddsDatanode,/,null,STOPPED}{jar:file:/home/runner/.m2/repository/org/apache/ozone/hdds-container-service/1.5.0-SNAPSHOT/hdds-container-service-1.5.0-SNAPSHOT.jar!/webapps/hddsDatanode}
2024-01-08 22:36:34,063 [ForkJoinPool.commonPool-worker-5] INFO  server.AbstractConnector (AbstractConnector.java:doStop(383)) - Stopped ServerConnector@3e10dc18{HTTP/1.1, (http/1.1)}{0.0.0.0:15116}
2024-01-08 22:36:34,063 [ForkJoinPool.commonPool-worker-5] INFO  server.session (HouseKeeper.java:stopScavenging(149)) - node0 Stopped scavenging
2024-01-08 22:36:34,063 [ForkJoinPool.commonPool-worker-5] INFO  handler.ContextHandler (ContextHandler.java:doStop(1159)) - Stopped o.e.j.s.ServletContextHandler@3941c444{static,/static,jar:file:/home/runner/.m2/repository/org/apache/ozone/hdds-container-service/1.5.0-SNAPSHOT/hdds-container-service-1.5.0-SNAPSHOT.jar!/webapps/static,STOPPED}
2024-01-08 22:36:34,063 [ForkJoinPool.commonPool-worker-5] INFO  handler.ContextHandler (ContextHandler.java:doStop(1159)) - Stopped o.e.j.s.ServletContextHandler@118d9d0b{logs,/logs,file:///home/runner/work/ozone/ozone/hadoop-ozone/integration-test/target/log,STOPPED}
2024-01-08 22:36:34,064 [ForkJoinPool.commonPool-worker-5] INFO  ozone.HddsDatanodeClientProtocolServer (HddsDatanodeClientProtocolServer.java:stop(78)) - Stopping the RPC server for Client Protocol
2024-01-08 22:36:34,064 [ForkJoinPool.commonPool-worker-5] INFO  ipc.Server (Server.java:stop(3523)) - Stopping server on 15117
2024-01-08 22:36:34,065 [IPC Server listener on 15117] INFO  ipc.Server (Server.java:run(1434)) - Stopping IPC Server listener on 15117
2024-01-08 22:36:34,065 [IPC Server Responder] INFO  ipc.Server (Server.java:run(1567)) - Stopping IPC Server Responder
2024-01-08 22:36:34,274 [main] INFO  utils.DatanodeStoreCache (DatanodeStoreCache.java:shutdownCache(110)) - Skip clearing cache in mini cluster mode. Entries left: [/home/runner/work/ozone/ozone/hadoop-ozone/integration-test/target/test-dir/MiniOzoneClusterImpl-25d1905f-b767-404d-84bf-be0dd4c89112/datanode-4/data-0/containers/hdds/25d1905f-b767-404d-84bf-be0dd4c89112/DS-031a9201-2d2b-40d0-aa8a-8fd86cbc4b1f/container.db, /home/runner/work/ozone/ozone/hadoop-ozone/integration-test/target/test-dir/MiniOzoneClusterImpl-25d1905f-b767-404d-84bf-be0dd4c89112/datanode-6/data-0/containers/hdds/25d1905f-b767-404d-84bf-be0dd4c89112/DS-11ef7d0f-b1d5-42b6-8f1d-2b8b0423f19c/container.db, /home/runner/work/ozone/ozone/hadoop-ozone/integration-test/target/test-dir/MiniOzoneClusterImpl-25d1905f-b767-404d-84bf-be0dd4c89112/datanode-7/data-0/containers/hdds/25d1905f-b767-404d-84bf-be0dd4c89112/DS-1d9434b6-5df7-4b28-99ec-4b78f7fa35f1/container.db, /home/runner/work/ozone/ozone/hadoop-ozone/integration-test/target/test-dir/MiniOzoneClusterImpl-25d1905f-b767-404d-84bf-be0dd4c89112/datanode-8/data-0/containers/hdds/25d1905f-b767-404d-84bf-be0dd4c89112/DS-df21338e-717a-4d21-a874-9ee245aef3ca/container.db]
2024-01-08 22:36:34,275 [main] INFO  utils.DatanodeStoreCache (DatanodeStoreCache.java:removeDB(104)) - Removed db /home/runner/work/ozone/ozone/hadoop-ozone/integration-test/target/test-dir/MiniOzoneClusterImpl-25d1905f-b767-404d-84bf-be0dd4c89112/datanode-4/data-0/containers/hdds/25d1905f-b767-404d-84bf-be0dd4c89112/DS-031a9201-2d2b-40d0-aa8a-8fd86cbc4b1f/container.db from cache
2024-01-08 22:36:34,275 [main] INFO  volume.HddsVolume (HddsVolume.java:closeDbStore(451)) - SchemaV3 db is stopped at /home/runner/work/ozone/ozone/hadoop-ozone/integration-test/target/test-dir/MiniOzoneClusterImpl-25d1905f-b767-404d-84bf-be0dd4c89112/datanode-4/data-0/containers/hdds/25d1905f-b767-404d-84bf-be0dd4c89112/DS-031a9201-2d2b-40d0-aa8a-8fd86cbc4b1f/container.db for volume DS-031a9201-2d2b-40d0-aa8a-8fd86cbc4b1f
2024-01-08 22:36:34,275 [main] INFO  utils.BackgroundService (BackgroundService.java:shutdown(160)) - Shutting down service BlockDeletingService
2024-01-08 22:36:34,275 [main] INFO  utils.BackgroundService (BackgroundService.java:shutdown(160)) - Shutting down service StaleRecoveringContainerScrubbingService
2024-01-08 22:36:34,276 [main] INFO  statemachine.DatanodeStateMachine (DatanodeStateMachine.java:stopDaemon(638)) - Ozone container server stopped.
2024-01-08 22:36:34,277 [main] INFO  handler.ContextHandler (ContextHandler.java:doStop(1159)) - Stopped o.e.j.w.WebAppContext@1015db31{hddsDatanode,/,null,STOPPED}{jar:file:/home/runner/.m2/repository/org/apache/ozone/hdds-container-service/1.5.0-SNAPSHOT/hdds-container-service-1.5.0-SNAPSHOT.jar!/webapps/hddsDatanode}
2024-01-08 22:36:34,280 [main] INFO  server.AbstractConnector (AbstractConnector.java:doStop(383)) - Stopped ServerConnector@585bb11e{HTTP/1.1, (http/1.1)}{0.0.0.0:15134}
2024-01-08 22:36:34,280 [main] INFO  server.session (HouseKeeper.java:stopScavenging(149)) - node0 Stopped scavenging
2024-01-08 22:36:34,280 [main] INFO  handler.ContextHandler (ContextHandler.java:doStop(1159)) - Stopped o.e.j.s.ServletContextHandler@3cb60d5e{static,/static,jar:file:/home/runner/.m2/repository/org/apache/ozone/hdds-container-service/1.5.0-SNAPSHOT/hdds-container-service-1.5.0-SNAPSHOT.jar!/webapps/static,STOPPED}
2024-01-08 22:36:34,280 [main] INFO  handler.ContextHandler (ContextHandler.java:doStop(1159)) - Stopped o.e.j.s.ServletContextHandler@6cbfa329{logs,/logs,file:///home/runner/work/ozone/ozone/hadoop-ozone/integration-test/target/log,STOPPED}
2024-01-08 22:36:34,281 [main] INFO  ozone.HddsDatanodeClientProtocolServer (HddsDatanodeClientProtocolServer.java:stop(78)) - Stopping the RPC server for Client Protocol
2024-01-08 22:36:34,281 [main] INFO  ipc.Server (Server.java:stop(3523)) - Stopping server on 15135
2024-01-08 22:36:34,282 [IPC Server Responder] INFO  ipc.Server (Server.java:run(1567)) - Stopping IPC Server Responder
2024-01-08 22:36:34,283 [IPC Server listener on 15135] INFO  ipc.Server (Server.java:run(1434)) - Stopping IPC Server listener on 15135
2024-01-08 22:36:34,427 [ForkJoinPool.commonPool-worker-1] INFO  utils.DatanodeStoreCache (DatanodeStoreCache.java:shutdownCache(110)) - Skip clearing cache in mini cluster mode. Entries left: [/home/runner/work/ozone/ozone/hadoop-ozone/integration-test/target/test-dir/MiniOzoneClusterImpl-25d1905f-b767-404d-84bf-be0dd4c89112/datanode-6/data-0/containers/hdds/25d1905f-b767-404d-84bf-be0dd4c89112/DS-11ef7d0f-b1d5-42b6-8f1d-2b8b0423f19c/container.db, /home/runner/work/ozone/ozone/hadoop-ozone/integration-test/target/test-dir/MiniOzoneClusterImpl-25d1905f-b767-404d-84bf-be0dd4c89112/datanode-7/data-0/containers/hdds/25d1905f-b767-404d-84bf-be0dd4c89112/DS-1d9434b6-5df7-4b28-99ec-4b78f7fa35f1/container.db, /home/runner/work/ozone/ozone/hadoop-ozone/integration-test/target/test-dir/MiniOzoneClusterImpl-25d1905f-b767-404d-84bf-be0dd4c89112/datanode-8/data-0/containers/hdds/25d1905f-b767-404d-84bf-be0dd4c89112/DS-df21338e-717a-4d21-a874-9ee245aef3ca/container.db]
2024-01-08 22:36:34,428 [ForkJoinPool.commonPool-worker-1] INFO  utils.DatanodeStoreCache (DatanodeStoreCache.java:removeDB(104)) - Removed db /home/runner/work/ozone/ozone/hadoop-ozone/integration-test/target/test-dir/MiniOzoneClusterImpl-25d1905f-b767-404d-84bf-be0dd4c89112/datanode-8/data-0/containers/hdds/25d1905f-b767-404d-84bf-be0dd4c89112/DS-df21338e-717a-4d21-a874-9ee245aef3ca/container.db from cache
2024-01-08 22:36:34,429 [ForkJoinPool.commonPool-worker-1] INFO  volume.HddsVolume (HddsVolume.java:closeDbStore(451)) - SchemaV3 db is stopped at /home/runner/work/ozone/ozone/hadoop-ozone/integration-test/target/test-dir/MiniOzoneClusterImpl-25d1905f-b767-404d-84bf-be0dd4c89112/datanode-8/data-0/containers/hdds/25d1905f-b767-404d-84bf-be0dd4c89112/DS-df21338e-717a-4d21-a874-9ee245aef3ca/container.db for volume DS-df21338e-717a-4d21-a874-9ee245aef3ca
2024-01-08 22:36:34,430 [ForkJoinPool.commonPool-worker-1] INFO  utils.BackgroundService (BackgroundService.java:shutdown(160)) - Shutting down service BlockDeletingService
2024-01-08 22:36:34,430 [ForkJoinPool.commonPool-worker-1] INFO  utils.BackgroundService (BackgroundService.java:shutdown(160)) - Shutting down service StaleRecoveringContainerScrubbingService
2024-01-08 22:36:34,430 [ForkJoinPool.commonPool-worker-1] INFO  statemachine.DatanodeStateMachine (DatanodeStateMachine.java:stopDaemon(638)) - Ozone container server stopped.
2024-01-08 22:36:34,431 [ForkJoinPool.commonPool-worker-1] INFO  handler.ContextHandler (ContextHandler.java:doStop(1159)) - Stopped o.e.j.w.WebAppContext@113bde5b{hddsDatanode,/,null,STOPPED}{jar:file:/home/runner/.m2/repository/org/apache/ozone/hdds-container-service/1.5.0-SNAPSHOT/hdds-container-service-1.5.0-SNAPSHOT.jar!/webapps/hddsDatanode}
2024-01-08 22:36:34,431 [ForkJoinPool.commonPool-worker-1] INFO  server.AbstractConnector (AbstractConnector.java:doStop(383)) - Stopped ServerConnector@4bdeef45{HTTP/1.1, (http/1.1)}{0.0.0.0:15170}
2024-01-08 22:36:34,432 [ForkJoinPool.commonPool-worker-1] INFO  server.session (HouseKeeper.java:stopScavenging(149)) - node0 Stopped scavenging
2024-01-08 22:36:34,432 [ForkJoinPool.commonPool-worker-1] INFO  handler.ContextHandler (ContextHandler.java:doStop(1159)) - Stopped o.e.j.s.ServletContextHandler@54b76e47{static,/static,jar:file:/home/runner/.m2/repository/org/apache/ozone/hdds-container-service/1.5.0-SNAPSHOT/hdds-container-service-1.5.0-SNAPSHOT.jar!/webapps/static,STOPPED}
2024-01-08 22:36:34,432 [ForkJoinPool.commonPool-worker-1] INFO  handler.ContextHandler (ContextHandler.java:doStop(1159)) - Stopped o.e.j.s.ServletContextHandler@47375282{logs,/logs,file:///home/runner/work/ozone/ozone/hadoop-ozone/integration-test/target/log,STOPPED}
2024-01-08 22:36:34,432 [ForkJoinPool.commonPool-worker-1] INFO  ozone.HddsDatanodeClientProtocolServer (HddsDatanodeClientProtocolServer.java:stop(78)) - Stopping the RPC server for Client Protocol
2024-01-08 22:36:34,433 [ForkJoinPool.commonPool-worker-1] INFO  ipc.Server (Server.java:stop(3523)) - Stopping server on 15171
2024-01-08 22:36:34,434 [IPC Server listener on 15171] INFO  ipc.Server (Server.java:run(1434)) - Stopping IPC Server listener on 15171
2024-01-08 22:36:34,435 [IPC Server Responder] INFO  ipc.Server (Server.java:run(1567)) - Stopping IPC Server Responder
2024-01-08 22:36:34,436 [ForkJoinPool.commonPool-worker-0] INFO  utils.DatanodeStoreCache (DatanodeStoreCache.java:shutdownCache(110)) - Skip clearing cache in mini cluster mode. Entries left: [/home/runner/work/ozone/ozone/hadoop-ozone/integration-test/target/test-dir/MiniOzoneClusterImpl-25d1905f-b767-404d-84bf-be0dd4c89112/datanode-6/data-0/containers/hdds/25d1905f-b767-404d-84bf-be0dd4c89112/DS-11ef7d0f-b1d5-42b6-8f1d-2b8b0423f19c/container.db, /home/runner/work/ozone/ozone/hadoop-ozone/integration-test/target/test-dir/MiniOzoneClusterImpl-25d1905f-b767-404d-84bf-be0dd4c89112/datanode-7/data-0/containers/hdds/25d1905f-b767-404d-84bf-be0dd4c89112/DS-1d9434b6-5df7-4b28-99ec-4b78f7fa35f1/container.db]
2024-01-08 22:36:34,436 [ForkJoinPool.commonPool-worker-0] INFO  utils.DatanodeStoreCache (DatanodeStoreCache.java:removeDB(104)) - Removed db /home/runner/work/ozone/ozone/hadoop-ozone/integration-test/target/test-dir/MiniOzoneClusterImpl-25d1905f-b767-404d-84bf-be0dd4c89112/datanode-6/data-0/containers/hdds/25d1905f-b767-404d-84bf-be0dd4c89112/DS-11ef7d0f-b1d5-42b6-8f1d-2b8b0423f19c/container.db from cache
2024-01-08 22:36:34,436 [ForkJoinPool.commonPool-worker-0] INFO  volume.HddsVolume (HddsVolume.java:closeDbStore(451)) - SchemaV3 db is stopped at /home/runner/work/ozone/ozone/hadoop-ozone/integration-test/target/test-dir/MiniOzoneClusterImpl-25d1905f-b767-404d-84bf-be0dd4c89112/datanode-6/data-0/containers/hdds/25d1905f-b767-404d-84bf-be0dd4c89112/DS-11ef7d0f-b1d5-42b6-8f1d-2b8b0423f19c/container.db for volume DS-11ef7d0f-b1d5-42b6-8f1d-2b8b0423f19c
2024-01-08 22:36:34,437 [ForkJoinPool.commonPool-worker-0] INFO  utils.BackgroundService (BackgroundService.java:shutdown(160)) - Shutting down service BlockDeletingService
2024-01-08 22:36:34,437 [ForkJoinPool.commonPool-worker-0] INFO  utils.BackgroundService (BackgroundService.java:shutdown(160)) - Shutting down service StaleRecoveringContainerScrubbingService
2024-01-08 22:36:34,437 [ForkJoinPool.commonPool-worker-0] INFO  statemachine.DatanodeStateMachine (DatanodeStateMachine.java:stopDaemon(638)) - Ozone container server stopped.
2024-01-08 22:36:34,438 [ForkJoinPool.commonPool-worker-0] INFO  handler.ContextHandler (ContextHandler.java:doStop(1159)) - Stopped o.e.j.w.WebAppContext@4c0bfacf{hddsDatanode,/,null,STOPPED}{jar:file:/home/runner/.m2/repository/org/apache/ozone/hdds-container-service/1.5.0-SNAPSHOT/hdds-container-service-1.5.0-SNAPSHOT.jar!/webapps/hddsDatanode}
2024-01-08 22:36:34,438 [ForkJoinPool.commonPool-worker-0] INFO  server.AbstractConnector (AbstractConnector.java:doStop(383)) - Stopped ServerConnector@609fceb0{HTTP/1.1, (http/1.1)}{0.0.0.0:15152}
2024-01-08 22:36:34,438 [ForkJoinPool.commonPool-worker-0] INFO  server.session (HouseKeeper.java:stopScavenging(149)) - node0 Stopped scavenging
2024-01-08 22:36:34,439 [ForkJoinPool.commonPool-worker-0] INFO  handler.ContextHandler (ContextHandler.java:doStop(1159)) - Stopped o.e.j.s.ServletContextHandler@4e7c5d8e{static,/static,jar:file:/home/runner/.m2/repository/org/apache/ozone/hdds-container-service/1.5.0-SNAPSHOT/hdds-container-service-1.5.0-SNAPSHOT.jar!/webapps/static,STOPPED}
2024-01-08 22:36:34,439 [ForkJoinPool.commonPool-worker-0] INFO  handler.ContextHandler (ContextHandler.java:doStop(1159)) - Stopped o.e.j.s.ServletContextHandler@53bb8c2a{logs,/logs,file:///home/runner/work/ozone/ozone/hadoop-ozone/integration-test/target/log,STOPPED}
2024-01-08 22:36:34,439 [ForkJoinPool.commonPool-worker-0] INFO  ozone.HddsDatanodeClientProtocolServer (HddsDatanodeClientProtocolServer.java:stop(78)) - Stopping the RPC server for Client Protocol
2024-01-08 22:36:34,440 [ForkJoinPool.commonPool-worker-0] INFO  ipc.Server (Server.java:stop(3523)) - Stopping server on 15153
2024-01-08 22:36:34,440 [IPC Server Responder] INFO  ipc.Server (Server.java:run(1567)) - Stopping IPC Server Responder
2024-01-08 22:36:34,440 [IPC Server listener on 15153] INFO  ipc.Server (Server.java:run(1434)) - Stopping IPC Server listener on 15153
2024-01-08 22:36:34,454 [ForkJoinPool.commonPool-worker-6] INFO  utils.DatanodeStoreCache (DatanodeStoreCache.java:shutdownCache(110)) - Skip clearing cache in mini cluster mode. Entries left: [/home/runner/work/ozone/ozone/hadoop-ozone/integration-test/target/test-dir/MiniOzoneClusterImpl-25d1905f-b767-404d-84bf-be0dd4c89112/datanode-7/data-0/containers/hdds/25d1905f-b767-404d-84bf-be0dd4c89112/DS-1d9434b6-5df7-4b28-99ec-4b78f7fa35f1/container.db]
2024-01-08 22:36:34,455 [ForkJoinPool.commonPool-worker-6] INFO  utils.DatanodeStoreCache (DatanodeStoreCache.java:removeDB(104)) - Removed db /home/runner/work/ozone/ozone/hadoop-ozone/integration-test/target/test-dir/MiniOzoneClusterImpl-25d1905f-b767-404d-84bf-be0dd4c89112/datanode-7/data-0/containers/hdds/25d1905f-b767-404d-84bf-be0dd4c89112/DS-1d9434b6-5df7-4b28-99ec-4b78f7fa35f1/container.db from cache
2024-01-08 22:36:34,455 [ForkJoinPool.commonPool-worker-6] INFO  volume.HddsVolume (HddsVolume.java:closeDbStore(451)) - SchemaV3 db is stopped at /home/runner/work/ozone/ozone/hadoop-ozone/integration-test/target/test-dir/MiniOzoneClusterImpl-25d1905f-b767-404d-84bf-be0dd4c89112/datanode-7/data-0/containers/hdds/25d1905f-b767-404d-84bf-be0dd4c89112/DS-1d9434b6-5df7-4b28-99ec-4b78f7fa35f1/container.db for volume DS-1d9434b6-5df7-4b28-99ec-4b78f7fa35f1
2024-01-08 22:36:34,455 [ForkJoinPool.commonPool-worker-6] INFO  utils.BackgroundService (BackgroundService.java:shutdown(160)) - Shutting down service BlockDeletingService
2024-01-08 22:36:34,455 [ForkJoinPool.commonPool-worker-6] INFO  utils.BackgroundService (BackgroundService.java:shutdown(160)) - Shutting down service StaleRecoveringContainerScrubbingService
2024-01-08 22:36:34,456 [ForkJoinPool.commonPool-worker-6] INFO  statemachine.DatanodeStateMachine (DatanodeStateMachine.java:stopDaemon(638)) - Ozone container server stopped.
2024-01-08 22:36:34,457 [ForkJoinPool.commonPool-worker-6] INFO  handler.ContextHandler (ContextHandler.java:doStop(1159)) - Stopped o.e.j.w.WebAppContext@143fccdb{hddsDatanode,/,null,STOPPED}{jar:file:/home/runner/.m2/repository/org/apache/ozone/hdds-container-service/1.5.0-SNAPSHOT/hdds-container-service-1.5.0-SNAPSHOT.jar!/webapps/hddsDatanode}
2024-01-08 22:36:34,457 [ForkJoinPool.commonPool-worker-6] INFO  server.AbstractConnector (AbstractConnector.java:doStop(383)) - Stopped ServerConnector@56835157{HTTP/1.1, (http/1.1)}{0.0.0.0:15161}
2024-01-08 22:36:34,457 [ForkJoinPool.commonPool-worker-6] INFO  server.session (HouseKeeper.java:stopScavenging(149)) - node0 Stopped scavenging
2024-01-08 22:36:34,457 [ForkJoinPool.commonPool-worker-6] INFO  handler.ContextHandler (ContextHandler.java:doStop(1159)) - Stopped o.e.j.s.ServletContextHandler@4508ee81{static,/static,jar:file:/home/runner/.m2/repository/org/apache/ozone/hdds-container-service/1.5.0-SNAPSHOT/hdds-container-service-1.5.0-SNAPSHOT.jar!/webapps/static,STOPPED}
2024-01-08 22:36:34,458 [ForkJoinPool.commonPool-worker-6] INFO  handler.ContextHandler (ContextHandler.java:doStop(1159)) - Stopped o.e.j.s.ServletContextHandler@31099c0b{logs,/logs,file:///home/runner/work/ozone/ozone/hadoop-ozone/integration-test/target/log,STOPPED}
2024-01-08 22:36:34,458 [ForkJoinPool.commonPool-worker-6] INFO  ozone.HddsDatanodeClientProtocolServer (HddsDatanodeClientProtocolServer.java:stop(78)) - Stopping the RPC server for Client Protocol
2024-01-08 22:36:34,459 [ForkJoinPool.commonPool-worker-6] INFO  ipc.Server (Server.java:stop(3523)) - Stopping server on 15162
2024-01-08 22:36:34,460 [IPC Server listener on 15162] INFO  ipc.Server (Server.java:run(1434)) - Stopping IPC Server listener on 15162
2024-01-08 22:36:34,460 [IPC Server Responder] INFO  ipc.Server (Server.java:run(1567)) - Stopping IPC Server Responder
2024-01-08 22:36:34,461 [main] INFO  ozone.MiniOzoneClusterImpl (MiniOzoneClusterImpl.java:stopSCM(551)) - Stopping the StorageContainerManager
2024-01-08 22:36:34,462 [main] INFO  server.StorageContainerManager (StorageContainerManager.java:stop(1654)) - Container Balancer is not running.
2024-01-08 22:36:34,462 [main] INFO  server.StorageContainerManager (StorageContainerManager.java:stopReplicationManager(1787)) - Stopping Replication Manager Service.
2024-01-08 22:36:34,462 [main] INFO  replication.ReplicationManager (ReplicationManager.java:stop(326)) - Stopping Replication Monitor Thread.
2024-01-08 22:36:34,462 [main] INFO  server.StorageContainerManager (StorageContainerManager.java:stop(1663)) - Stopping the Datanode Admin Monitor.
2024-01-08 22:36:34,462 [UnderReplicatedProcessor] WARN  replication.UnhealthyReplicationProcessor (UnhealthyReplicationProcessor.java:run(180)) - UnderReplicatedProcessor interrupted. Exiting...
2024-01-08 22:36:34,462 [OverReplicatedProcessor] WARN  replication.UnhealthyReplicationProcessor (UnhealthyReplicationProcessor.java:run(180)) - OverReplicatedProcessor interrupted. Exiting...
2024-01-08 22:36:34,462 [ReplicationMonitor] INFO  replication.ReplicationManager (ReplicationManager.java:run(933)) - Replication Monitor Thread is stopped
2024-01-08 22:36:34,462 [main] INFO  server.StorageContainerManager (StorageContainerManager.java:stop(1670)) - Stopping datanode service RPC server
2024-01-08 22:36:34,463 [main] INFO  server.SCMDatanodeProtocolServer (SCMDatanodeProtocolServer.java:stop(424)) - Stopping the RPC server for DataNodes
2024-01-08 22:36:34,463 [main] INFO  ipc.Server (Server.java:stop(3523)) - Stopping server on 15091
2024-01-08 22:36:34,464 [IPC Server listener on 15091] INFO  ipc.Server (Server.java:run(1434)) - Stopping IPC Server listener on 15091
2024-01-08 22:36:34,465 [IPC Server Responder] INFO  ipc.Server (Server.java:run(1567)) - Stopping IPC Server Responder
2024-01-08 22:36:34,482 [SCMHeartbeatProcessor-0] WARN  node.NodeStateManager (NodeStateManager.java:scheduleNextHealthCheck(878)) - Current Thread is interrupted, shutting down HB processing thread for Node Manager.
2024-01-08 22:36:34,482 [main] INFO  server.StorageContainerManager (StorageContainerManager.java:stop(1678)) - Stopping block service RPC server
2024-01-08 22:36:34,483 [main] INFO  server.SCMBlockProtocolServer (SCMBlockProtocolServer.java:stop(168)) - Stopping the RPC server for Block Protocol
2024-01-08 22:36:34,483 [main] INFO  ipc.Server (Server.java:stop(3523)) - Stopping server on 15090
2024-01-08 22:36:34,484 [IPC Server listener on 15090] INFO  ipc.Server (Server.java:run(1434)) - Stopping IPC Server listener on 15090
2024-01-08 22:36:34,484 [IPC Server Responder] INFO  ipc.Server (Server.java:run(1567)) - Stopping IPC Server Responder
2024-01-08 22:36:34,485 [main] INFO  server.StorageContainerManager (StorageContainerManager.java:stop(1685)) - Stopping the StorageContainerLocationProtocol RPC server
2024-01-08 22:36:34,485 [main] INFO  server.SCMClientProtocolServer (SCMClientProtocolServer.java:stop(210)) - Stopping the RPC server for Client Protocol
2024-01-08 22:36:34,485 [main] INFO  ipc.Server (Server.java:stop(3523)) - Stopping server on 15089
2024-01-08 22:36:34,486 [IPC Server listener on 15089] INFO  ipc.Server (Server.java:run(1434)) - Stopping IPC Server listener on 15089
2024-01-08 22:36:34,486 [IPC Server Responder] INFO  ipc.Server (Server.java:run(1567)) - Stopping IPC Server Responder
2024-01-08 22:36:34,486 [main] INFO  server.StorageContainerManager (StorageContainerManager.java:stop(1692)) - Stopping Storage Container Manager HTTP server.
2024-01-08 22:36:34,487 [main] INFO  handler.ContextHandler (ContextHandler.java:doStop(1159)) - Stopped o.e.j.w.WebAppContext@2604c21c{scm,/,null,STOPPED}{file:/home/runner/work/ozone/ozone/hadoop-ozone/integration-test/target/test-classes/webapps/scm}
2024-01-08 22:36:34,487 [main] INFO  server.AbstractConnector (AbstractConnector.java:doStop(383)) - Stopped ServerConnector@2a81c550{HTTP/1.1, (http/1.1)}{0.0.0.0:15092}
2024-01-08 22:36:34,488 [main] INFO  server.session (HouseKeeper.java:stopScavenging(149)) - node0 Stopped scavenging
2024-01-08 22:36:34,488 [main] INFO  handler.ContextHandler (ContextHandler.java:doStop(1159)) - Stopped o.e.j.s.ServletContextHandler@29f38f73{static,/static,file:///home/runner/work/ozone/ozone/hadoop-ozone/integration-test/target/test-classes/webapps/static,STOPPED}
2024-01-08 22:36:34,488 [main] INFO  handler.ContextHandler (ContextHandler.java:doStop(1159)) - Stopped o.e.j.s.ServletContextHandler@dddbaf1{logs,/logs,file:///home/runner/work/ozone/ozone/hadoop-ozone/integration-test/target/log,STOPPED}
2024-01-08 22:36:34,489 [main] INFO  server.StorageContainerManager (StorageContainerManager.java:stop(1700)) - Stopping SCM LayoutVersionManager Service.
2024-01-08 22:36:34,489 [main] INFO  server.StorageContainerManager (StorageContainerManager.java:stop(1712)) - Stopping Block Manager Service.
2024-01-08 22:36:34,489 [main] INFO  utils.BackgroundService (BackgroundService.java:shutdown(160)) - Shutting down service SCMBlockDeletingService
2024-01-08 22:36:34,489 [main] INFO  utils.BackgroundService (BackgroundService.java:shutdown(160)) - Shutting down service SCMBlockDeletingService
2024-01-08 22:36:34,489 [main] INFO  server.StorageContainerManager (StorageContainerManager.java:stop(1732)) - Stopping SCM Event Queue.
2024-01-08 22:36:34,490 [JvmPauseMonitor11] INFO  util.JvmPauseMonitor (JvmPauseMonitor.java:run(152)) - JvmPauseMonitor-ae621309-04c6-448c-b642-48a1b9703b7b: Stopped
2024-01-08 22:36:34,490 [main] INFO  server.StorageContainerManager (StorageContainerManager.java:stop(1743)) - Stopping SCM HA services.
2024-01-08 22:36:34,490 [main] INFO  pipeline.BackgroundPipelineCreator (BackgroundPipelineCreator.java:stop(152)) - Stopping RatisPipelineUtilsThread.
2024-01-08 22:36:34,490 [RatisPipelineUtilsThread-0] WARN  pipeline.BackgroundPipelineCreator (BackgroundPipelineCreator.java:run(183)) - RatisPipelineUtilsThread is interrupted.
2024-01-08 22:36:34,490 [main] INFO  BackgroundPipelineScrubber (BackgroundSCMService.java:stop(131)) - Stopping BackgroundPipelineScrubber Service.
2024-01-08 22:36:34,490 [BackgroundPipelineScrubber] WARN  BackgroundPipelineScrubber (BackgroundSCMService.java:run(115)) - BackgroundPipelineScrubber is interrupted, exit
2024-01-08 22:36:34,491 [main] INFO  impl.MetricsSystemImpl (MetricsSystemImpl.java:stop(210)) - Stopping HddsDatanode metrics system...
2024-01-08 22:36:34,492 [prometheus] INFO  impl.MetricsSinkAdapter (MetricsSinkAdapter.java:publishMetricsFromQueue(141)) - prometheus thread interrupted.
2024-01-08 22:36:34,492 [main] INFO  impl.MetricsSystemImpl (MetricsSystemImpl.java:stop(216)) - HddsDatanode metrics system stopped.
2024-01-08 22:36:34,492 [main] WARN  pipeline.BackgroundPipelineCreator (BackgroundPipelineCreator.java:stop(148)) - RatisPipelineUtilsThread is not running, just ignore.
2024-01-08 22:36:34,493 [main] INFO  BackgroundPipelineScrubber (BackgroundSCMService.java:stop(126)) - BackgroundPipelineScrubber Service is not running, skip stop.
2024-01-08 22:36:34,493 [ExpiredContainerReplicaOpScrubber] WARN  ExpiredContainerReplicaOpScrubber (BackgroundSCMService.java:run(115)) - ExpiredContainerReplicaOpScrubber is interrupted, exit
2024-01-08 22:36:34,493 [main] INFO  ExpiredContainerReplicaOpScrubber (BackgroundSCMService.java:stop(131)) - Stopping ExpiredContainerReplicaOpScrubber Service.
2024-01-08 22:36:34,493 [main] INFO  utils.BackgroundService (BackgroundService.java:shutdown(160)) - Shutting down service SCMBlockDeletingService
2024-01-08 22:36:34,493 [main] INFO  replication.ReplicationManager (ReplicationManager.java:stop(336)) - Replication Monitor Thread is not running.
2024-01-08 22:36:34,493 [main] WARN  balancer.ContainerBalancer (ContainerBalancer.java:stop(327)) - Cannot stop Container Balancer because it's not running or stopping
2024-01-08 22:36:34,494 [LeaseManager#LeaseMonitor] WARN  lease.LeaseManager (LeaseManager.java:run(287)) - Lease manager is interrupted. Shutting down...
java.lang.InterruptedException
	at java.util.concurrent.locks.AbstractQueuedSynchronizer.doAcquireSharedNanos(AbstractQueuedSynchronizer.java:1039)
	at java.util.concurrent.locks.AbstractQueuedSynchronizer.tryAcquireSharedNanos(AbstractQueuedSynchronizer.java:1328)
	at java.util.concurrent.Semaphore.tryAcquire(Semaphore.java:409)
	at org.apache.hadoop.ozone.lease.LeaseManager$LeaseMonitor.run(LeaseManager.java:285)
	at java.lang.Thread.run(Thread.java:750)
2024-01-08 22:36:34,494 [main] INFO  server.StorageContainerManager (StorageContainerManager.java:stop(1778)) - Stopping SCM MetadataStore.
]]></system-out>
    </flakyFailure>
    <flakyFailure message="expected: &lt;false&gt; but was: &lt;true&gt;" type="org.opentest4j.AssertionFailedError">
      <stackTrace><![CDATA[org.opentest4j.AssertionFailedError: expected: <false> but was: <true>
	at org.junit.jupiter.api.AssertionFailureBuilder.build(AssertionFailureBuilder.java:151)
	at org.junit.jupiter.api.AssertionFailureBuilder.buildAndThrow(AssertionFailureBuilder.java:132)
	at org.junit.jupiter.api.AssertFalse.failNotFalse(AssertFalse.java:63)
	at org.junit.jupiter.api.AssertFalse.assertFalse(AssertFalse.java:36)
	at org.junit.jupiter.api.AssertFalse.assertFalse(AssertFalse.java:31)
	at org.junit.jupiter.api.Assertions.assertFalse(Assertions.java:231)
	at org.apache.hadoop.ozone.client.rpc.TestWatchForCommit.testWatchForCommitForRetryfailure(TestWatchForCommit.java:293)
	at java.lang.reflect.Method.invoke(Method.java:498)
	at java.util.ArrayList.forEach(ArrayList.java:1259)
	at java.util.ArrayList.forEach(ArrayList.java:1259)
]]></stackTrace>
      <system-out><![CDATA[2024-01-08 22:37:26,946 [main] WARN  server.ServerUtils (ServerUtils.java:getScmDbDir(155)) - ozone.scm.db.dirs is not configured. We recommend adding this setting. Falling back to ozone.metadata.dirs instead.
2024-01-08 22:37:26,948 [main] WARN  server.ServerUtils (ServerUtils.java:getScmDbDir(155)) - ozone.scm.db.dirs is not configured. We recommend adding this setting. Falling back to ozone.metadata.dirs instead.
2024-01-08 22:37:26,948 [main] INFO  ha.SCMHANodeDetails (SCMHANodeDetails.java:loadSCMHAConfig(207)) - ServiceID for StorageContainerManager is null
2024-01-08 22:37:26,948 [main] INFO  ha.SCMHANodeDetails (SCMHANodeDetails.java:loadSCMHAConfig(212)) - ozone.scm.default.service.id is not defined, falling back to ozone.scm.service.ids to find serviceID for StorageContainerManager if it is HA enabled cluster
2024-01-08 22:37:26,949 [main] WARN  utils.HAUtils (HAUtils.java:getMetaDir(339)) - ozone.scm.db.dirs is not configured. We recommend adding this setting. Falling back to ozone.metadata.dirs instead.
2024-01-08 22:37:26,949 [main] WARN  db.DBStoreBuilder (DBStoreBuilder.java:applyDBDefinition(167)) - ozone.scm.db.dirs is not configured. We recommend adding this setting. Falling back to ozone.metadata.dirs instead.
2024-01-08 22:37:27,024 [main] INFO  net.NodeSchemaLoader (NodeSchemaLoader.java:loadSchemaFromFile(129)) - Loading schema from [jar:file:/home/runner/.m2/repository/org/apache/ozone/hdds-common/1.5.0-SNAPSHOT/hdds-common-1.5.0-SNAPSHOT.jar!/network-topology-default.xml]
2024-01-08 22:37:27,024 [main] INFO  net.NodeSchemaLoader (NodeSchemaLoader.java:loadSchema(176)) - Loading network topology layer schema file
2024-01-08 22:37:27,027 [main] INFO  upgrade.AbstractLayoutVersionManager (AbstractLayoutVersionManager.java:init(83)) - Initializing Layout version manager with metadata layout = HADOOP_PRC_PORTS_IN_DATANODEDETAILS (version = 7), software layout = HADOOP_PRC_PORTS_IN_DATANODEDETAILS (version = 7)
2024-01-08 22:37:27,028 [main] INFO  ha.SequenceIdGenerator (SequenceIdGenerator.java:upgradeToSequenceId(370)) - upgrade localId to 113750153625600000
2024-01-08 22:37:27,029 [main] INFO  ha.SequenceIdGenerator (SequenceIdGenerator.java:upgradeToSequenceId(380)) - upgrade delTxnId to 0
2024-01-08 22:37:27,030 [main] INFO  ha.SequenceIdGenerator (SequenceIdGenerator.java:upgradeToSequenceId(397)) - upgrade containerId to 0
2024-01-08 22:37:27,031 [main] INFO  ha.SequenceIdGenerator (SequenceIdGenerator.java:upgradeToCertificateSequenceId(444)) - upgrade CertificateId to 2
2024-01-08 22:37:27,031 [main] INFO  ha.SequenceIdGenerator (SequenceIdGenerator.java:<init>(241)) - Init the HA SequenceIdGenerator.
2024-01-08 22:37:27,031 [main] INFO  node.SCMNodeManager (SCMNodeManager.java:<init>(173)) - Entering startup safe mode.
2024-01-08 22:37:27,032 [main] INFO  algorithms.ContainerPlacementPolicyFactory (ContainerPlacementPolicyFactory.java:getPolicyInternal(86)) - Create container placement policy of type org.apache.hadoop.hdds.scm.container.placement.algorithms.SCMContainerPlacementRackAware
2024-01-08 22:37:27,032 [main] INFO  algorithms.ContainerPlacementPolicyFactory (ContainerPlacementPolicyFactory.java:getPolicyInternal(86)) - Create container placement policy of type org.apache.hadoop.hdds.scm.container.placement.algorithms.SCMContainerPlacementRackScatter
2024-01-08 22:37:27,032 [main] INFO  pipeline.PipelineStateManagerImpl (PipelineStateManagerImpl.java:initialize(78)) - No pipeline exists in current db
2024-01-08 22:37:27,032 [main] INFO  algorithms.LeaderChoosePolicyFactory (LeaderChoosePolicyFactory.java:getPolicy(57)) - Create leader choose policy of type org.apache.hadoop.hdds.scm.pipeline.leader.choose.algorithms.MinLeaderCountChoosePolicy
2024-01-08 22:37:27,033 [main] INFO  algorithms.ContainerPlacementPolicyFactory (ContainerPlacementPolicyFactory.java:getPolicyInternal(86)) - Create container placement policy of type org.apache.hadoop.hdds.scm.container.placement.algorithms.SCMContainerPlacementRackScatter
2024-01-08 22:37:27,033 [main] INFO  ha.SCMServiceManager (SCMServiceManager.java:register(42)) - Registering service BackgroundPipelineCreator.
2024-01-08 22:37:27,033 [main] INFO  pipeline.BackgroundPipelineCreator (BackgroundPipelineCreator.java:start(127)) - Starting RatisPipelineUtilsThread.
2024-01-08 22:37:27,033 [main] INFO  BackgroundPipelineScrubber (BackgroundSCMService.java:start(68)) - Starting BackgroundPipelineScrubber Service.
2024-01-08 22:37:27,033 [main] INFO  ha.SCMServiceManager (SCMServiceManager.java:register(42)) - Registering service BackgroundPipelineScrubber.
2024-01-08 22:37:27,034 [main] INFO  ExpiredContainerReplicaOpScrubber (BackgroundSCMService.java:start(68)) - Starting ExpiredContainerReplicaOpScrubber Service.
2024-01-08 22:37:27,034 [main] INFO  ha.SCMServiceManager (SCMServiceManager.java:register(42)) - Registering service ExpiredContainerReplicaOpScrubber.
2024-01-08 22:37:27,035 [main] INFO  algorithms.PipelineChoosePolicyFactory (PipelineChoosePolicyFactory.java:createPipelineChoosePolicyFromClass(78)) - Create pipeline choose policy of type org.apache.hadoop.hdds.scm.pipeline.choose.algorithms.RandomPipelineChoosePolicy
2024-01-08 22:37:27,035 [main] INFO  algorithms.PipelineChoosePolicyFactory (PipelineChoosePolicyFactory.java:createPipelineChoosePolicyFromClass(78)) - Create pipeline choose policy of type org.apache.hadoop.hdds.scm.pipeline.choose.algorithms.RandomPipelineChoosePolicy
2024-01-08 22:37:27,035 [main] INFO  ha.SCMServiceManager (SCMServiceManager.java:register(42)) - Registering service SCMBlockDeletingService.
2024-01-08 22:37:27,036 [main] INFO  replication.ReplicationManager (ReplicationManager.java:start(294)) - Starting Replication Monitor Thread.
2024-01-08 22:37:27,037 [main] INFO  ha.SCMServiceManager (SCMServiceManager.java:register(42)) - Registering service ReplicationManager.
2024-01-08 22:37:27,037 [ReplicationMonitor] INFO  replication.ReplicationManager (ReplicationManager.java:processAll(369)) - Replication Manager is not ready to run until 3000ms after safemode exit
2024-01-08 22:37:27,037 [main] INFO  safemode.ContainerSafeModeRule (ContainerSafeModeRule.java:<init>(91)) - containers with one replica threshold count 0
2024-01-08 22:37:27,037 [main] INFO  safemode.HealthyPipelineSafeModeRule (HealthyPipelineSafeModeRule.java:initializeRule(176)) - Total pipeline count is 0, healthy pipeline threshold count is 1
2024-01-08 22:37:27,038 [main] INFO  safemode.OneReplicaPipelineSafeModeRule (OneReplicaPipelineSafeModeRule.java:initializeRule(193)) - Total pipeline count is 0, pipeline's with at least one datanode reported threshold count is 0
2024-01-08 22:37:27,038 [main] INFO  server.StorageContainerManager (StorageContainerManager.java:<init>(440)) - SCM start with adminUsers: [runner]
2024-01-08 22:37:27,038 [main] INFO  ipc.CallQueueManager (CallQueueManager.java:<init>(90)) - Using callQueue: class java.util.concurrent.LinkedBlockingQueue, queueCapacity: 2000, scheduler: class org.apache.hadoop.ipc.DefaultRpcScheduler, ipcBackoff: false.
2024-01-08 22:37:27,038 [main] INFO  ipc.Server (Server.java:<init>(1287)) - Listener at 0.0.0.0:15358
2024-01-08 22:37:27,039 [Socket Reader #1 for port 15358] INFO  ipc.Server (Server.java:run(1323)) - Starting Socket Reader #1 for port 15358
2024-01-08 22:37:27,039 [main] INFO  ipc.CallQueueManager (CallQueueManager.java:<init>(90)) - Using callQueue: class java.util.concurrent.LinkedBlockingQueue, queueCapacity: 2000, scheduler: class org.apache.hadoop.ipc.DefaultRpcScheduler, ipcBackoff: false.
2024-01-08 22:37:27,040 [main] INFO  ipc.Server (Server.java:<init>(1287)) - Listener at 0.0.0.0:15357
2024-01-08 22:37:27,040 [Socket Reader #1 for port 15357] INFO  ipc.Server (Server.java:run(1323)) - Starting Socket Reader #1 for port 15357
2024-01-08 22:37:27,041 [main] INFO  ipc.CallQueueManager (CallQueueManager.java:<init>(90)) - Using callQueue: class java.util.concurrent.LinkedBlockingQueue, queueCapacity: 2000, scheduler: class org.apache.hadoop.ipc.DefaultRpcScheduler, ipcBackoff: false.
2024-01-08 22:37:27,041 [main] INFO  ipc.Server (Server.java:<init>(1287)) - Listener at 0.0.0.0:15356
2024-01-08 22:37:27,041 [Socket Reader #1 for port 15356] INFO  ipc.Server (Server.java:run(1323)) - Starting Socket Reader #1 for port 15356
2024-01-08 22:37:27,044 [main] INFO  ha.SCMServiceManager (SCMServiceManager.java:register(42)) - Registering service ContainerBalancer.
2024-01-08 22:37:27,044 [main] INFO  server.StorageContainerManager (StorageContainerManager.java:<init>(453)) - 
Container Balancer status:
Key                            Value
Running                        false
Container Balancer Configuration values:
Key                                                Value
Threshold                                          10
Max Datanodes to Involve per Iteration(percent)    20
Max Size to Move per Iteration                     500GB
Max Size Entering Target per Iteration             26GB
Max Size Leaving Source per Iteration              26GB
Number of Iterations                               10
Time Limit for Single Container's Movement         65min
Time Limit for Single Container's Replication      50min
Interval between each Iteration                    70min
Whether to Enable Network Topology                 false
Whether to Trigger Refresh Datanode Usage Info     false
Container IDs to Exclude from Balancing            None
Datanodes Specified to be Balanced                 None
Datanodes Excluded from Balancing                  None

2024-01-08 22:37:27,044 [main] INFO  ha.SCMContext (SCMContext.java:updateSafeModeStatus(230)) - Update SafeModeStatus from SafeModeStatus{safeModeStatus=true, preCheckPassed=false} to SafeModeStatus{safeModeStatus=true, preCheckPassed=false}.
2024-01-08 22:37:27,044 [main] INFO  server.StorageContainerManager (StorageContainerManager.java:start(1546)) - StorageContainerLocationProtocol RPC server is listening at /0.0.0.0:15356
2024-01-08 22:37:27,046 [main] WARN  impl.MetricsConfig (MetricsConfig.java:loadFirst(136)) - Cannot locate configuration: tried hadoop-metrics2-storagecontainermanager.properties,hadoop-metrics2.properties
2024-01-08 22:37:27,046 [main] INFO  impl.MetricsSystemImpl (MetricsSystemImpl.java:startTimer(378)) - Scheduled Metric snapshot period at 10 second(s).
2024-01-08 22:37:27,046 [main] INFO  impl.MetricsSystemImpl (MetricsSystemImpl.java:start(191)) - StorageContainerManager metrics system started
2024-01-08 22:37:27,059 [main] INFO  impl.MetricsSinkAdapter (MetricsSinkAdapter.java:start(204)) - Sink prometheus started
2024-01-08 22:37:27,059 [main] INFO  impl.MetricsSystemImpl (MetricsSystemImpl.java:registerSink(305)) - Registered sink prometheus
2024-01-08 22:37:27,072 [main] INFO  server.SCMClientProtocolServer (SCMClientProtocolServer.java:start(201)) - RPC server for Client  is listening at /0.0.0.0:15356
2024-01-08 22:37:27,073 [IPC Server Responder] INFO  ipc.Server (Server.java:run(1562)) - IPC Server Responder: starting
2024-01-08 22:37:27,075 [IPC Server listener on 15356] INFO  ipc.Server (Server.java:run(1402)) - IPC Server listener on 15356: starting
2024-01-08 22:37:27,081 [main] INFO  server.StorageContainerManager (StorageContainerManager.java:start(1559)) - ScmBlockLocationProtocol RPC server is listening at /0.0.0.0:15357
2024-01-08 22:37:27,081 [main] INFO  server.SCMBlockProtocolServer (SCMBlockProtocolServer.java:start(159)) - RPC server for Block Protocol is listening at /0.0.0.0:15357
2024-01-08 22:37:27,082 [IPC Server listener on 15357] INFO  ipc.Server (Server.java:run(1402)) - IPC Server listener on 15357: starting
2024-01-08 22:37:27,082 [IPC Server Responder] INFO  ipc.Server (Server.java:run(1562)) - IPC Server Responder: starting
2024-01-08 22:37:27,085 [main] INFO  server.SCMDatanodeProtocolServer (SCMDatanodeProtocolServer.java:start(193)) - ScmDatanodeProtocol RPC server for DataNodes is listening at /0.0.0.0:15358
2024-01-08 22:37:27,085 [IPC Server Responder] INFO  ipc.Server (Server.java:run(1562)) - IPC Server Responder: starting
2024-01-08 22:37:27,087 [IPC Server listener on 15358] INFO  ipc.Server (Server.java:run(1402)) - IPC Server listener on 15358: starting
2024-01-08 22:37:27,090 [JvmPauseMonitor44] INFO  util.JvmPauseMonitor (JvmPauseMonitor.java:run(146)) - JvmPauseMonitor-78adffb3-c4cc-464d-8c8b-73a490c069f8: Started
2024-01-08 22:37:27,091 [main] INFO  http.BaseHttpServer (BaseHttpServer.java:newHttpServer2BuilderForOzone(223)) - Starting Web-server for scm at: http://0.0.0.0:15359
2024-01-08 22:37:27,091 [main] INFO  http.BaseHttpServer (BaseHttpServer.java:<init>(110)) - Hadoop Security Enabled: false Ozone Security Enabled: false Ozone HTTP Security Enabled: false 
2024-01-08 22:37:27,092 [main] WARN  server.AuthenticationFilter (AuthenticationFilter.java:constructSecretProvider(240)) - Unable to initialize FileSignerSecretProvider, falling back to use random secrets. Reason: Could not read signature secret file: /home/runner/hadoop-http-auth-signature-secret
2024-01-08 22:37:27,093 [main] INFO  http.HttpRequestLog (HttpRequestLog.java:getRequestLog(86)) - Http request log for http.requests.scm is not defined
2024-01-08 22:37:27,094 [main] INFO  http.HttpServer2 (HttpServer2.java:addGlobalFilter(1036)) - Added global filter 'safety' (class=org.apache.hadoop.hdds.server.http.HttpServer2$QuotingInputFilter)
2024-01-08 22:37:27,094 [main] INFO  http.HttpServer2 (HttpServer2.java:addFilter(1012)) - Added filter static_user_filter (class=org.apache.hadoop.http.lib.StaticUserWebFilter$StaticUserFilter) to context scm
2024-01-08 22:37:27,094 [main] INFO  http.HttpServer2 (HttpServer2.java:addFilter(1020)) - Added filter static_user_filter (class=org.apache.hadoop.http.lib.StaticUserWebFilter$StaticUserFilter) to context static
2024-01-08 22:37:27,094 [main] INFO  http.HttpServer2 (HttpServer2.java:addFilter(1020)) - Added filter static_user_filter (class=org.apache.hadoop.http.lib.StaticUserWebFilter$StaticUserFilter) to context logs
2024-01-08 22:37:27,095 [main] INFO  http.BaseHttpServer (BaseHttpServer.java:<init>(189)) - HTTP server of scm uses base directory /home/runner/work/ozone/ozone/hadoop-ozone/integration-test/target/test-dir/MiniOzoneClusterImpl-c2c64c26-053e-4d1e-83e3-051e2bfa4916/ozone-meta/webserver
2024-01-08 22:37:27,095 [main] INFO  http.HttpServer2 (HttpServer2.java:bindListener(1236)) - Jetty bound to port 15359
2024-01-08 22:37:27,096 [main] INFO  server.Server (Server.java:doStart(375)) - jetty-9.4.53.v20231009; built: 2023-10-09T12:29:09.265Z; git: 27bde00a0b95a1d5bbee0eae7984f891d2d0f8c9; jvm 1.8.0_392-b08
2024-01-08 22:37:27,096 [main] INFO  server.session (DefaultSessionIdManager.java:doStart(334)) - DefaultSessionIdManager workerName=node0
2024-01-08 22:37:27,097 [main] INFO  server.session (DefaultSessionIdManager.java:doStart(339)) - No SessionScavenger set, using defaults
2024-01-08 22:37:27,097 [main] INFO  server.session (HouseKeeper.java:startScavenging(132)) - node0 Scavenging every 600000ms
2024-01-08 22:37:27,097 [main] INFO  handler.ContextHandler (ContextHandler.java:doStart(921)) - Started o.e.j.s.ServletContextHandler@1cb2ddb8{logs,/logs,file:///home/runner/work/ozone/ozone/hadoop-ozone/integration-test/target/log,AVAILABLE}
2024-01-08 22:37:27,098 [main] INFO  handler.ContextHandler (ContextHandler.java:doStart(921)) - Started o.e.j.s.ServletContextHandler@2fc9420e{static,/static,file:///home/runner/work/ozone/ozone/hadoop-ozone/integration-test/target/test-classes/webapps/static,AVAILABLE}
2024-01-08 22:37:27,100 [main] INFO  handler.ContextHandler (ContextHandler.java:doStart(921)) - Started o.e.j.w.WebAppContext@42c81443{scm,/,file:///home/runner/work/ozone/ozone/hadoop-ozone/integration-test/target/test-classes/webapps/scm/,AVAILABLE}{file:/home/runner/work/ozone/ozone/hadoop-ozone/integration-test/target/test-classes/webapps/scm}
2024-01-08 22:37:27,101 [main] INFO  server.AbstractConnector (AbstractConnector.java:doStart(333)) - Started ServerConnector@4a449338{HTTP/1.1, (http/1.1)}{0.0.0.0:15359}
2024-01-08 22:37:27,101 [main] INFO  server.Server (Server.java:doStart(415)) - Started @134397ms
2024-01-08 22:37:27,101 [main] WARN  impl.MetricsSystemImpl (MetricsSystemImpl.java:register(279)) - Sink prometheus already exists!
2024-01-08 22:37:27,102 [main] INFO  http.BaseHttpServer (BaseHttpServer.java:updateConnectorAddress(354)) - HTTP server of scm listening at http://0.0.0.0:15359
2024-01-08 22:37:27,102 [main] WARN  server.ServerUtils (ServerUtils.java:getDBPath(311)) - ozone.om.db.dirs is not configured. We recommend adding this setting. Falling back to ozone.metadata.dirs instead.
2024-01-08 22:37:27,104 [main] INFO  ha.OMHANodeDetails (OMHANodeDetails.java:loadOMHAConfig(115)) - ozone.om.internal.service.id is not defined, falling back to ozone.om.service.ids to find serviceID for OzoneManager if it is HA enabled cluster
2024-01-08 22:37:27,104 [main] INFO  ha.OMHANodeDetails (OMHANodeDetails.java:loadOMHAConfig(226)) - Configuration does not have ozone.om.address set. Falling back to the default OM address /127.0.0.1:15360
2024-01-08 22:37:27,104 [main] INFO  ha.OMHANodeDetails (OMHANodeDetails.java:getOMNodeDetailsForNonHA(254)) - OM Service ID is not set. Setting it to the default ID: omServiceIdDefault
2024-01-08 22:37:27,104 [main] INFO  ha.OMHANodeDetails (OMHANodeDetails.java:getOMNodeDetailsForNonHA(261)) - OM Node ID is not set. Setting it to the default ID: om1
2024-01-08 22:37:27,105 [main] WARN  server.ServerUtils (ServerUtils.java:getDBPath(311)) - ozone.om.db.dirs is not configured. We recommend adding this setting. Falling back to ozone.metadata.dirs instead.
2024-01-08 22:37:27,106 [main] INFO  upgrade.AbstractLayoutVersionManager (AbstractLayoutVersionManager.java:init(83)) - Initializing Layout version manager with metadata layout = QUOTA (version = 6), software layout = QUOTA (version = 6)
2024-01-08 22:37:27,147 [main] INFO  upgrade.OMLayoutVersionManager (OMLayoutVersionManager.java:lambda$0(113)) - Skipping Upgrade Action QuotaRepairUpgradeAction since it has been finalized.
2024-01-08 22:37:27,147 [main] INFO  upgrade.OMLayoutVersionManager (OMLayoutVersionManager.java:lambda$0(113)) - Skipping Upgrade Action MockOmUpgradeAction since it has been finalized.
2024-01-08 22:37:27,147 [main] WARN  server.ServerUtils (ServerUtils.java:getDBPath(311)) - ozone.om.db.dirs is not configured. We recommend adding this setting. Falling back to ozone.metadata.dirs instead.
2024-01-08 22:37:27,148 [main] INFO  proxy.SCMBlockLocationFailoverProxyProvider (SCMBlockLocationFailoverProxyProvider.java:<init>(115)) - Created block location fail-over proxy with 1 nodes: [nodeId=scmNodeId,nodeAddress=/0.0.0.0:15357]
2024-01-08 22:37:27,149 [main] INFO  proxy.SCMBlockLocationFailoverProxyProvider (SCMBlockLocationFailoverProxyProvider.java:<init>(115)) - Created block location fail-over proxy with 1 nodes: [nodeId=scmNodeId,nodeAddress=/0.0.0.0:15357]
2024-01-08 22:37:27,154 [main] INFO  om.OzoneManager (OzoneManager.java:<init>(673)) - OM start with adminUsers: [runner]
2024-01-08 22:37:27,154 [main] WARN  server.ServerUtils (ServerUtils.java:getDBPath(311)) - ozone.om.db.dirs is not configured. We recommend adding this setting. Falling back to ozone.metadata.dirs instead.
2024-01-08 22:37:27,155 [main] INFO  helpers.OmKeyInfo (OmKeyInfo.java:getCodec(71)) - OmKeyInfo.getCodec ignorePipeline = true
2024-01-08 22:37:27,291 [main] INFO  om.OzoneManager (OzoneManager.java:instantiateServices(805)) - S3 Multi-Tenancy is disabled
2024-01-08 22:37:27,292 [main] INFO  om.OmSnapshotManager (OmSnapshotManager.java:<init>(176)) - Ozone filesystem snapshot feature is enabled.
2024-01-08 22:37:27,292 [main] WARN  server.ServerUtils (ServerUtils.java:getDBPath(311)) - ozone.om.snapshot.diff.db.dir is not configured. We recommend adding this setting. Falling back to ozone.metadata.dirs instead.
2024-01-08 22:37:27,307 [main] INFO  utils.NativeLibraryLoader (NativeLibraryLoader.java:loadLibrary(108)) - Loading Library: ozone_rocksdb_tools
2024-01-08 22:37:27,307 [main] INFO  snapshot.SnapshotDiffManager (SnapshotDiffManager.java:closeExecutorService(1688)) - Shutting down executorService: 'SstDumpToolExecutor'
2024-01-08 22:37:27,309 [main] INFO  om.OzoneManager (OzoneManager.java:addS3GVolumeToDB(4429)) - Created Volume s3v With Owner runner required for S3Gateway operations.
2024-01-08 22:37:27,309 [main] WARN  server.ServerUtils (ServerUtils.java:getDefaultRatisDirectory(323)) - Storage directory for Ratis is not configured. It is a good idea to map this to an SSD disk. Falling back to ozone.metadata.dirs
2024-01-08 22:37:27,310 [main] WARN  utils.OzoneManagerRatisUtils (OzoneManagerRatisUtils.java:getOMRatisSnapshotDirectory(473)) - ozone.om.ratis.snapshot.dir is not configured. Falling back to ozone.metadata.dirs config
2024-01-08 22:37:27,310 [main] WARN  server.ServerUtils (ServerUtils.java:getDefaultRatisDirectory(323)) - Storage directory for Ratis is not configured. It is a good idea to map this to an SSD disk. Falling back to ozone.metadata.dirs
2024-01-08 22:37:27,311 [main] INFO  ratis.OzoneManagerRatisServer (OzoneManagerRatisServer.java:<init>(167)) - Instantiating OM Ratis server with groupID: omServiceIdDefault and peers: localhost:15363
2024-01-08 22:37:27,311 [main] INFO  ratis.OzoneManagerStateMachine (OzoneManagerStateMachine.java:loadSnapshotInfoFromDB(711)) - TransactionInfo not found in OM DB.
2024-01-08 22:37:27,311 [main] INFO  server.RaftServer (ConfUtils.java:logGet(46)) - raft.rpc.type = GRPC (default)
2024-01-08 22:37:27,312 [main] INFO  grpc.GrpcConfigKeys (ConfUtils.java:logFallback(53)) - raft.grpc.admin.host = null (fallback to raft.grpc.server.host)
2024-01-08 22:37:27,312 [main] INFO  grpc.GrpcConfigKeys (ConfUtils.java:logFallback(53)) - raft.grpc.admin.port = 15363 (fallback to raft.grpc.server.port)
2024-01-08 22:37:27,312 [main] INFO  grpc.GrpcConfigKeys (ConfUtils.java:logFallback(53)) - raft.grpc.client.host = null (fallback to raft.grpc.server.host)
2024-01-08 22:37:27,312 [main] INFO  grpc.GrpcConfigKeys (ConfUtils.java:logFallback(53)) - raft.grpc.client.port = 15363 (fallback to raft.grpc.server.port)
2024-01-08 22:37:27,312 [main] INFO  grpc.GrpcConfigKeys (ConfUtils.java:logGet(46)) - raft.grpc.server.host = null (default)
2024-01-08 22:37:27,312 [main] INFO  grpc.GrpcConfigKeys (ConfUtils.java:logGet(46)) - raft.grpc.server.port = 15363 (custom)
2024-01-08 22:37:27,312 [main] INFO  server.GrpcService (ConfUtils.java:logGet(46)) - raft.grpc.message.size.max = 4194304 (custom)
2024-01-08 22:37:27,312 [main] INFO  server.RaftServerConfigKeys (ConfUtils.java:logGet(46)) - raft.server.log.appender.buffer.byte-limit = 4194304 (custom)
2024-01-08 22:37:27,312 [main] INFO  server.GrpcService (ConfUtils.java:logGet(46)) - raft.grpc.flow.control.window = 1MB (=1048576) (default)
2024-01-08 22:37:27,312 [main] INFO  server.RaftServerConfigKeys (ConfUtils.java:logGet(46)) - raft.server.rpc.request.timeout = 3000ms (default)
2024-01-08 22:37:27,313 [main] INFO  grpc.GrpcConfigKeys (ConfUtils.java:logGet(46)) - raft.grpc.server.heartbeat.channel = true (default)
2024-01-08 22:37:27,313 [main] INFO  grpc.GrpcConfigKeys (ConfUtils.java:logGet(46)) - raft.grpc.server.async.request.thread.pool.cached = true (default)
2024-01-08 22:37:27,313 [main] INFO  grpc.GrpcConfigKeys (ConfUtils.java:logGet(46)) - raft.grpc.server.async.request.thread.pool.size = 32 (default)
2024-01-08 22:37:27,314 [main] INFO  impl.DataStreamServerImpl (ConfUtils.java:logGet(46)) - raft.datastream.type = DISABLED (default)
2024-01-08 22:37:27,314 [main] INFO  server.RaftServerConfigKeys (ConfUtils.java:logGet(46)) - raft.server.sleep.deviation.threshold = 300ms (default)
2024-01-08 22:37:27,314 [main] INFO  server.RaftServerConfigKeys (ConfUtils.java:logGet(46)) - raft.server.close.threshold = 60s (default)
2024-01-08 22:37:27,314 [main] INFO  server.RaftServerConfigKeys (ConfUtils.java:logGet(46)) - raft.server.leaderelection.leader.step-down.wait-time = 10s (default)
2024-01-08 22:37:27,314 [main] INFO  server.RaftServerConfigKeys (ConfUtils.java:logGet(46)) - raft.server.storage.dir = [/home/runner/work/ozone/ozone/hadoop-ozone/integration-test/target/test-dir/MiniOzoneClusterImpl-c2c64c26-053e-4d1e-83e3-051e2bfa4916/ozone-meta/ratis] (custom)
2024-01-08 22:37:27,314 [main] INFO  server.RaftServerConfigKeys (ConfUtils.java:logGet(46)) - raft.server.threadpool.proxy.cached = true (default)
2024-01-08 22:37:27,314 [main] INFO  server.RaftServerConfigKeys (ConfUtils.java:logGet(46)) - raft.server.threadpool.proxy.size = 0 (default)
2024-01-08 22:37:27,315 [main] INFO  server.RaftServer (RaftServerProxy.java:addNew(100)) - om1: addNew group-C5BA1605619E:[om1|localhost:15363] returns group-C5BA1605619E:java.util.concurrent.CompletableFuture@13a51131[Not completed]
2024-01-08 22:37:27,315 [om1-groupManagement] INFO  server.RaftServer$Division (RaftServerImpl.java:<init>(256)) - om1: new RaftServerImpl for group-C5BA1605619E:[om1|localhost:15363] with OzoneManagerStateMachine:uninitialized
2024-01-08 22:37:27,315 [main] INFO  om.OzoneManager (OzoneManager.java:initializeRatisServer(2141)) - OzoneManager Ratis server initialized at port 15363
2024-01-08 22:37:27,315 [om1-groupManagement] INFO  server.RaftServerConfigKeys (ConfUtils.java:logGet(46)) - raft.server.rpc.timeout.min = 1s (custom)
2024-01-08 22:37:27,315 [main] INFO  om.OzoneManager (OzoneManager.java:getRpcServer(1207)) - Creating RPC Server
2024-01-08 22:37:27,315 [om1-groupManagement] INFO  server.RaftServerConfigKeys (ConfUtils.java:logGet(46)) - raft.server.rpc.timeout.max = 1200ms (custom)
2024-01-08 22:37:27,315 [om1-groupManagement] INFO  server.RaftServerConfigKeys (ConfUtils.java:logGet(46)) - raft.server.rpc.sleep.time = 25ms (default)
2024-01-08 22:37:27,315 [om1-groupManagement] INFO  server.RaftServerConfigKeys (ConfUtils.java:logGet(46)) - raft.server.rpc.slowness.timeout = 120s (custom)
2024-01-08 22:37:27,315 [om1-groupManagement] INFO  server.RaftServerConfigKeys (ConfUtils.java:logGet(46)) - raft.server.leaderelection.leader.step-down.wait-time = 10s (default)
2024-01-08 22:37:27,315 [om1-groupManagement] INFO  server.RaftServerConfigKeys (ConfUtils.java:logGet(46)) - raft.server.leaderelection.member.majority-add = false (default)
2024-01-08 22:37:27,316 [om1-groupManagement] INFO  server.RaftServerConfigKeys (ConfUtils.java:logGet(46)) - raft.server.sleep.deviation.threshold = 300ms (default)
2024-01-08 22:37:27,316 [om1-groupManagement] INFO  server.RaftServer$Division (ServerState.java:<init>(113)) - om1@group-C5BA1605619E: ConfigurationManager, init=-1: peers:[om1|localhost:15363]|listeners:[], old=null, confs=<EMPTY_MAP>
2024-01-08 22:37:27,316 [om1-groupManagement] INFO  server.RaftServerConfigKeys (ConfUtils.java:logGet(46)) - raft.server.notification.no-leader.timeout = 120s (custom)
2024-01-08 22:37:27,316 [om1-groupManagement] INFO  server.RaftServerConfigKeys (ConfUtils.java:logGet(46)) - raft.server.read.timeout = 10s (default)
2024-01-08 22:37:27,316 [om1-groupManagement] INFO  server.RaftServerConfigKeys (ConfUtils.java:logGet(46)) - raft.server.retrycache.expirytime = 300s (custom)
2024-01-08 22:37:27,316 [om1-groupManagement] INFO  server.RaftServerConfigKeys (ConfUtils.java:logGet(46)) - raft.server.retrycache.statistics.expirytime = 100ms (default)
2024-01-08 22:37:27,316 [om1-groupManagement] INFO  server.RaftServerConfigKeys (ConfUtils.java:logGet(46)) - raft.server.read.option = DEFAULT (default)
2024-01-08 22:37:27,316 [om1-groupManagement] INFO  server.RaftServerConfigKeys (ConfUtils.java:logGet(46)) - raft.server.read.read-after-write-consistent.write-index-cache.expiry-time = 60s (default)
2024-01-08 22:37:27,317 [om1-groupManagement] INFO  server.RaftServerConfigKeys (ConfUtils.java:logGet(46)) - raft.server.rpc.request.timeout = 3000ms (default)
2024-01-08 22:37:27,317 [om1-groupManagement] INFO  server.RaftServerConfigKeys (ConfUtils.java:logGet(46)) - raft.server.log.appender.install.snapshot.enabled = false (custom)
2024-01-08 22:37:27,317 [om1-groupManagement] INFO  server.RaftServerConfigKeys (ConfUtils.java:logGet(46)) - raft.server.threadpool.server.cached = true (default)
2024-01-08 22:37:27,317 [om1-groupManagement] INFO  server.RaftServerConfigKeys (ConfUtils.java:logGet(46)) - raft.server.threadpool.server.size = 0 (default)
2024-01-08 22:37:27,317 [om1-groupManagement] INFO  server.RaftServerConfigKeys (ConfUtils.java:logGet(46)) - raft.server.threadpool.client.cached = true (default)
2024-01-08 22:37:27,317 [om1-groupManagement] INFO  server.RaftServerConfigKeys (ConfUtils.java:logGet(46)) - raft.server.threadpool.client.size = 0 (default)
2024-01-08 22:37:27,492 [main] INFO  ipc.CallQueueManager (CallQueueManager.java:<init>(90)) - Using callQueue: class java.util.concurrent.LinkedBlockingQueue, queueCapacity: 2000, scheduler: class org.apache.hadoop.ipc.DefaultRpcScheduler, ipcBackoff: false.
2024-01-08 22:37:27,493 [main] INFO  ipc.Server (Server.java:<init>(1287)) - Listener at 127.0.0.1:15360
2024-01-08 22:37:27,493 [Socket Reader #1 for port 15360] INFO  ipc.Server (Server.java:run(1323)) - Starting Socket Reader #1 for port 15360
2024-01-08 22:37:27,509 [main] INFO  impl.MetricsSystemImpl (MetricsSystemImpl.java:init(158)) - OzoneManager metrics system started (again)
2024-01-08 22:37:27,516 [main] INFO  om.OzoneManager (OzoneManager.java:start(1629)) - OzoneManager RPC server is listening at localhost/127.0.0.1:15360
2024-01-08 22:37:27,517 [main] INFO  ratis.OzoneManagerRatisServer (OzoneManagerRatisServer.java:start(588)) - Starting OzoneManagerRatisServer om1 at port 15363
2024-01-08 22:37:27,517 [om1-impl-thread1] INFO  server.RaftServerConfigKeys (ConfUtils.java:logGet(46)) - raft.server.storage.free-space.min = 0MB (=0) (default)
2024-01-08 22:37:27,517 [om1-impl-thread1] INFO  server.RaftServerConfigKeys (ConfUtils.java:logGet(46)) - raft.server.log.corruption.policy = EXCEPTION (default)
2024-01-08 22:37:27,517 [om1-impl-thread1] INFO  server.RaftServerConfigKeys (ConfUtils.java:logGet(46)) - raft.server.storage.dir = [/home/runner/work/ozone/ozone/hadoop-ozone/integration-test/target/test-dir/MiniOzoneClusterImpl-c2c64c26-053e-4d1e-83e3-051e2bfa4916/ozone-meta/ratis] (custom)
2024-01-08 22:37:27,517 [om1-impl-thread1] INFO  storage.RaftStorageDirectory (RaftStorageDirectoryImpl.java:analyzeStorage(138)) - The storage directory /home/runner/work/ozone/ozone/hadoop-ozone/integration-test/target/test-dir/MiniOzoneClusterImpl-c2c64c26-053e-4d1e-83e3-051e2bfa4916/ozone-meta/ratis/bf265839-605b-3f16-9796-c5ba1605619e does not exist. Creating ...
2024-01-08 22:37:27,518 [om1-impl-thread1] INFO  storage.RaftStorageDirectory (RaftStorageDirectoryImpl.java:tryLock(232)) - Lock on /home/runner/work/ozone/ozone/hadoop-ozone/integration-test/target/test-dir/MiniOzoneClusterImpl-c2c64c26-053e-4d1e-83e3-051e2bfa4916/ozone-meta/ratis/bf265839-605b-3f16-9796-c5ba1605619e/in_use.lock acquired by nodename 83643@fv-az1425-465
2024-01-08 22:37:27,519 [om1-impl-thread1] INFO  storage.RaftStorage (RaftStorageImpl.java:format(97)) - Storage directory /home/runner/work/ozone/ozone/hadoop-ozone/integration-test/target/test-dir/MiniOzoneClusterImpl-c2c64c26-053e-4d1e-83e3-051e2bfa4916/ozone-meta/ratis/bf265839-605b-3f16-9796-c5ba1605619e has been successfully formatted.
2024-01-08 22:37:27,520 [om1-impl-thread1] INFO  server.RaftServerConfigKeys (ConfUtils.java:logGet(46)) - raft.server.log.use.memory = false (default)
2024-01-08 22:37:27,520 [om1-impl-thread1] INFO  server.RaftServerConfigKeys (ConfUtils.java:logGet(46)) - raft.server.log.purge.gap = 1000000 (custom)
2024-01-08 22:37:27,520 [om1-impl-thread1] INFO  server.RaftServerConfigKeys (ConfUtils.java:logGet(46)) - raft.server.log.appender.buffer.byte-limit = 4194304 (custom)
2024-01-08 22:37:27,520 [om1-impl-thread1] INFO  server.RaftServerConfigKeys (ConfUtils.java:logGet(46)) - raft.server.log.statemachine.data.read.timeout = 1000ms (default)
2024-01-08 22:37:27,520 [om1-impl-thread1] INFO  server.RaftServerConfigKeys (ConfUtils.java:logGet(46)) - raft.server.log.purge.preservation.log.num = 0 (default)
2024-01-08 22:37:27,520 [om1-impl-thread1] INFO  server.RaftServerConfigKeys (ConfUtils.java:logGet(46)) - raft.server.log.segment.size.max = 4194304 (custom)
2024-01-08 22:37:27,520 [om1-impl-thread1] INFO  server.RaftServerConfigKeys (ConfUtils.java:logGet(46)) - raft.server.log.segment.cache.num.max = 2 (custom)
2024-01-08 22:37:27,521 [om1-impl-thread1] INFO  server.RaftServerConfigKeys (ConfUtils.java:logGet(46)) - raft.server.log.segment.cache.size.max = 200MB (=209715200) (default)
2024-01-08 22:37:27,521 [om1-impl-thread1] INFO  server.RaftServerConfigKeys (ConfUtils.java:logGet(46)) - raft.server.log.appender.buffer.byte-limit = 4194304 (custom)
2024-01-08 22:37:27,521 [om1-impl-thread1] INFO  util.AwaitToRun (AwaitToRun.java:start(81)) - Thread[om1@group-C5BA1605619E-cacheEviction-AwaitToRun,5,main] started
2024-01-08 22:37:27,521 [om1-impl-thread1] INFO  segmented.SegmentedRaftLogWorker (SegmentedRaftLogWorker.java:<init>(184)) - new om1@group-C5BA1605619E-SegmentedRaftLogWorker for RaftStorageImpl:Storage Directory /home/runner/work/ozone/ozone/hadoop-ozone/integration-test/target/test-dir/MiniOzoneClusterImpl-c2c64c26-053e-4d1e-83e3-051e2bfa4916/ozone-meta/ratis/bf265839-605b-3f16-9796-c5ba1605619e
2024-01-08 22:37:27,521 [om1-impl-thread1] INFO  server.RaftServerConfigKeys (ConfUtils.java:logGet(46)) - raft.server.log.queue.byte-limit = 64MB (=67108864) (default)
2024-01-08 22:37:27,521 [om1-impl-thread1] INFO  server.RaftServerConfigKeys (ConfUtils.java:logGet(46)) - raft.server.log.queue.element-limit = 4096 (default)
2024-01-08 22:37:27,521 [om1-impl-thread1] INFO  server.RaftServerConfigKeys (ConfUtils.java:logGet(46)) - raft.server.log.segment.size.max = 4194304 (custom)
2024-01-08 22:37:27,521 [om1-impl-thread1] INFO  server.RaftServerConfigKeys (ConfUtils.java:logGet(46)) - raft.server.log.preallocated.size = 4194304 (custom)
2024-01-08 22:37:27,521 [om1-impl-thread1] INFO  server.RaftServerConfigKeys (ConfUtils.java:logGet(46)) - raft.server.log.force.sync.num = 128 (default)
2024-01-08 22:37:27,521 [om1-impl-thread1] INFO  server.RaftServerConfigKeys (ConfUtils.java:logGet(46)) - raft.server.log.statemachine.data.sync = true (default)
2024-01-08 22:37:27,521 [om1-impl-thread1] INFO  server.RaftServerConfigKeys (ConfUtils.java:logGet(46)) - raft.server.log.statemachine.data.sync.timeout = 10s (default)
2024-01-08 22:37:27,521 [om1-impl-thread1] INFO  server.RaftServerConfigKeys (ConfUtils.java:logGet(46)) - raft.server.log.statemachine.data.sync.timeout.retry = -1 (default)
2024-01-08 22:37:27,521 [om1-impl-thread1] INFO  server.RaftServerConfigKeys (ConfUtils.java:logGet(46)) - raft.server.log.write.buffer.size = 4194312 (custom)
2024-01-08 22:37:27,523 [om1-impl-thread1] INFO  server.RaftServerConfigKeys (ConfUtils.java:logGet(46)) - raft.server.log.appender.buffer.byte-limit = 4194304 (custom)
2024-01-08 22:37:27,523 [om1-impl-thread1] INFO  server.RaftServerConfigKeys (ConfUtils.java:logGet(46)) - raft.server.log.unsafe-flush.enabled = false (default)
2024-01-08 22:37:27,523 [om1-impl-thread1] INFO  server.RaftServerConfigKeys (ConfUtils.java:logGet(46)) - raft.server.log.async-flush.enabled = false (default)
2024-01-08 22:37:27,523 [om1-impl-thread1] INFO  server.RaftServerConfigKeys (ConfUtils.java:logGet(46)) - raft.server.log.statemachine.data.caching.enabled = false (default)
2024-01-08 22:37:27,523 [om1-impl-thread1] INFO  segmented.SegmentedRaftLogWorker (SegmentedRaftLogWorker.java:lambda$new$0(135)) - om1@group-C5BA1605619E-SegmentedRaftLogWorker: flushIndex: setUnconditionally 0 -> -1
2024-01-08 22:37:27,523 [om1-impl-thread1] INFO  segmented.SegmentedRaftLogWorker (SegmentedRaftLogWorker.java:lambda$new$0(135)) - om1@group-C5BA1605619E-SegmentedRaftLogWorker: safeCacheEvictIndex: setUnconditionally 0 -> -1
2024-01-08 22:37:27,524 [om1-impl-thread1] INFO  server.RaftServer$Division (RaftServerImpl.java:start(392)) - om1@group-C5BA1605619E: start as a follower, conf=-1: peers:[om1|localhost:15363]|listeners:[], old=null
2024-01-08 22:37:27,524 [om1-impl-thread1] INFO  server.RaftServer$Division (RaftServerImpl.java:setRole(379)) - om1@group-C5BA1605619E: changes role from      null to FOLLOWER at term 0 for startAsFollower
2024-01-08 22:37:27,524 [om1-impl-thread1] INFO  impl.RoleInfo (RoleInfo.java:updateAndGet(139)) - om1: start om1@group-C5BA1605619E-FollowerState
2024-01-08 22:37:27,524 [om1-impl-thread1] INFO  util.JmxRegister (JmxRegister.java:tryRegister(44)) - Successfully registered JMX Bean with object name Ratis:service=RaftServer,group=group-C5BA1605619E,id=om1
2024-01-08 22:37:27,524 [om1-impl-thread1] INFO  server.RaftServerConfigKeys (ConfUtils.java:logGet(46)) - raft.server.snapshot.trigger-when-stop.enabled = true (default)
2024-01-08 22:37:27,524 [om1-impl-thread1] INFO  server.RaftServerConfigKeys (ConfUtils.java:logGet(46)) - raft.server.snapshot.auto.trigger.enabled = true (custom)
2024-01-08 22:37:27,524 [om1-impl-thread1] INFO  server.RaftServerConfigKeys (ConfUtils.java:logGet(46)) - raft.server.snapshot.auto.trigger.threshold = 400000 (default)
2024-01-08 22:37:27,524 [om1-impl-thread1] INFO  server.RaftServerConfigKeys (ConfUtils.java:logGet(46)) - raft.server.snapshot.retention.file.num = -1 (default)
2024-01-08 22:37:27,524 [om1-impl-thread1] INFO  server.RaftServerConfigKeys (ConfUtils.java:logGet(46)) - raft.server.log.purge.upto.snapshot.index = true (custom)
2024-01-08 22:37:27,524 [om1@group-C5BA1605619E-FollowerState] INFO  server.RaftServerConfigKeys (ConfUtils.java:logFallback(53)) - raft.server.rpc.first-election.timeout.min = 1s (fallback to raft.server.rpc.timeout.min)
2024-01-08 22:37:27,524 [main] INFO  server.RaftServer (RaftServerProxy.java:startImpl(406)) - om1: start RPC server
2024-01-08 22:37:27,524 [om1@group-C5BA1605619E-FollowerState] INFO  server.RaftServerConfigKeys (ConfUtils.java:logFallback(53)) - raft.server.rpc.first-election.timeout.max = 1200ms (fallback to raft.server.rpc.timeout.max)
2024-01-08 22:37:27,525 [main] INFO  server.GrpcService (GrpcService.java:startImpl(302)) - om1: GrpcService started, listening on 15363
2024-01-08 22:37:27,525 [JvmPauseMonitor45] INFO  util.JvmPauseMonitor (JvmPauseMonitor.java:run(146)) - JvmPauseMonitor-om1: Started
2024-01-08 22:37:27,526 [main] INFO  om.OzoneManager (OzoneManager.java:start(1645)) - Version File has different layout version (6) than OM DB (null). That is expected if this OM has never been finalized to a newer layout version.
2024-01-08 22:37:27,531 [main] INFO  http.BaseHttpServer (BaseHttpServer.java:newHttpServer2BuilderForOzone(223)) - Starting Web-server for ozoneManager at: http://0.0.0.0:15361
2024-01-08 22:37:27,531 [main] INFO  http.BaseHttpServer (BaseHttpServer.java:<init>(110)) - Hadoop Security Enabled: false Ozone Security Enabled: false Ozone HTTP Security Enabled: false 
2024-01-08 22:37:27,532 [main] WARN  server.AuthenticationFilter (AuthenticationFilter.java:constructSecretProvider(240)) - Unable to initialize FileSignerSecretProvider, falling back to use random secrets. Reason: Could not read signature secret file: /home/runner/hadoop-http-auth-signature-secret
2024-01-08 22:37:27,532 [main] INFO  http.HttpRequestLog (HttpRequestLog.java:getRequestLog(86)) - Http request log for http.requests.ozoneManager is not defined
2024-01-08 22:37:27,533 [main] INFO  http.HttpServer2 (HttpServer2.java:addGlobalFilter(1036)) - Added global filter 'safety' (class=org.apache.hadoop.hdds.server.http.HttpServer2$QuotingInputFilter)
2024-01-08 22:37:27,533 [main] INFO  http.HttpServer2 (HttpServer2.java:addFilter(1012)) - Added filter static_user_filter (class=org.apache.hadoop.http.lib.StaticUserWebFilter$StaticUserFilter) to context ozoneManager
2024-01-08 22:37:27,533 [main] INFO  http.HttpServer2 (HttpServer2.java:addFilter(1020)) - Added filter static_user_filter (class=org.apache.hadoop.http.lib.StaticUserWebFilter$StaticUserFilter) to context static
2024-01-08 22:37:27,533 [main] INFO  http.HttpServer2 (HttpServer2.java:addFilter(1020)) - Added filter static_user_filter (class=org.apache.hadoop.http.lib.StaticUserWebFilter$StaticUserFilter) to context logs
2024-01-08 22:37:27,534 [main] INFO  http.BaseHttpServer (BaseHttpServer.java:<init>(189)) - HTTP server of ozoneManager uses base directory /home/runner/work/ozone/ozone/hadoop-ozone/integration-test/target/test-dir/MiniOzoneClusterImpl-c2c64c26-053e-4d1e-83e3-051e2bfa4916/ozone-meta/webserver
2024-01-08 22:37:27,534 [main] INFO  http.HttpServer2 (HttpServer2.java:bindListener(1236)) - Jetty bound to port 15361
2024-01-08 22:37:27,534 [main] INFO  server.Server (Server.java:doStart(375)) - jetty-9.4.53.v20231009; built: 2023-10-09T12:29:09.265Z; git: 27bde00a0b95a1d5bbee0eae7984f891d2d0f8c9; jvm 1.8.0_392-b08
2024-01-08 22:37:27,535 [main] INFO  server.session (DefaultSessionIdManager.java:doStart(334)) - DefaultSessionIdManager workerName=node0
2024-01-08 22:37:27,535 [main] INFO  server.session (DefaultSessionIdManager.java:doStart(339)) - No SessionScavenger set, using defaults
2024-01-08 22:37:27,535 [main] INFO  server.session (HouseKeeper.java:startScavenging(132)) - node0 Scavenging every 600000ms
2024-01-08 22:37:27,536 [main] INFO  handler.ContextHandler (ContextHandler.java:doStart(921)) - Started o.e.j.s.ServletContextHandler@406384ac{logs,/logs,file:///home/runner/work/ozone/ozone/hadoop-ozone/integration-test/target/log,AVAILABLE}
2024-01-08 22:37:27,536 [main] INFO  handler.ContextHandler (ContextHandler.java:doStart(921)) - Started o.e.j.s.ServletContextHandler@711cb872{static,/static,file:///home/runner/work/ozone/ozone/hadoop-ozone/integration-test/target/test-classes/webapps/static,AVAILABLE}
2024-01-08 22:37:27,538 [main] INFO  handler.ContextHandler (ContextHandler.java:doStart(921)) - Started o.e.j.w.WebAppContext@6f7b7f16{ozoneManager,/,file:///home/runner/work/ozone/ozone/hadoop-ozone/integration-test/target/test-classes/webapps/ozoneManager/,AVAILABLE}{file:/home/runner/work/ozone/ozone/hadoop-ozone/integration-test/target/test-classes/webapps/ozoneManager}
2024-01-08 22:37:27,539 [main] INFO  server.AbstractConnector (AbstractConnector.java:doStart(333)) - Started ServerConnector@4ab0e{HTTP/1.1, (http/1.1)}{0.0.0.0:15361}
2024-01-08 22:37:27,539 [main] INFO  server.Server (Server.java:doStart(415)) - Started @134835ms
2024-01-08 22:37:27,539 [main] WARN  impl.MetricsSystemImpl (MetricsSystemImpl.java:register(279)) - Sink prometheus already exists!
2024-01-08 22:37:27,539 [main] INFO  http.BaseHttpServer (BaseHttpServer.java:updateConnectorAddress(354)) - HTTP server of ozoneManager listening at http://0.0.0.0:15361
2024-01-08 22:37:27,540 [IPC Server Responder] INFO  ipc.Server (Server.java:run(1562)) - IPC Server Responder: starting
2024-01-08 22:37:27,540 [IPC Server listener on 15360] INFO  ipc.Server (Server.java:run(1402)) - IPC Server listener on 15360: starting
2024-01-08 22:37:27,545 [main] INFO  om.OzoneManager (OzoneManager.java:startTrashEmptier(2094)) - Trash Interval set to 0. Files deleted won't move to trash
2024-01-08 22:37:27,558 [main] WARN  dropwizard3.Dm3MetricRegistriesImpl (Dm3MetricRegistriesImpl.java:addReporterRegistration(113)) - New reporters are added after registries were created. Some metrics will be missing from the reporter. Please add reporter before adding any new registry.
2024-01-08 22:37:27,558 [main] WARN  dropwizard3.Dm3MetricRegistriesImpl (Dm3MetricRegistriesImpl.java:addReporterRegistration(113)) - New reporters are added after registries were created. Some metrics will be missing from the reporter. Please add reporter before adding any new registry.
2024-01-08 22:37:27,559 [main] INFO  impl.MetricsSystemImpl (MetricsSystemImpl.java:init(158)) - HddsDatanode metrics system started (again)
2024-01-08 22:37:27,566 [main] INFO  ozone.HddsDatanodeService (HddsDatanodeService.java:start(239)) - HddsDatanodeService host:fv-az1425-465 ip:10.1.0.16
2024-01-08 22:37:27,582 [main] INFO  upgrade.AbstractLayoutVersionManager (AbstractLayoutVersionManager.java:init(83)) - Initializing Layout version manager with metadata layout = HADOOP_PRC_PORTS_IN_DATANODEDETAILS (version = 7), software layout = HADOOP_PRC_PORTS_IN_DATANODEDETAILS (version = 7)
2024-01-08 22:37:27,582 [main] INFO  statemachine.DatanodeStateMachine (DatanodeStateMachine.java:getEndPointTaskThreadPoolSize(299)) - Datanode State Machine Task Thread Pool size 2
2024-01-08 22:37:27,583 [main] INFO  volume.HddsVolume (HddsVolume.java:<init>(125)) - Creating HddsVolume: /home/runner/work/ozone/ozone/hadoop-ozone/integration-test/target/test-dir/MiniOzoneClusterImpl-c2c64c26-053e-4d1e-83e3-051e2bfa4916/datanode-0/data-0/containers/hdds of storage type : DISK capacity : 9223372036854775807
2024-01-08 22:37:27,583 [main] INFO  volume.MutableVolumeSet (MutableVolumeSet.java:initializeVolumeSet(173)) - Added Volume : /home/runner/work/ozone/ozone/hadoop-ozone/integration-test/target/test-dir/MiniOzoneClusterImpl-c2c64c26-053e-4d1e-83e3-051e2bfa4916/datanode-0/data-0/containers/hdds to VolumeSet
2024-01-08 22:37:27,583 [main] INFO  volume.MutableVolumeSet (MutableVolumeSet.java:initializeVolumeSet(173)) - Added Volume : /home/runner/work/ozone/ozone/hadoop-ozone/integration-test/target/test-dir/MiniOzoneClusterImpl-c2c64c26-053e-4d1e-83e3-051e2bfa4916/datanode-0/data/ratis to VolumeSet
2024-01-08 22:37:27,584 [main] INFO  ozoneimpl.OzoneContainer (HddsVolumeUtil.java:loadAllHddsVolumeDbStore(103)) - Load 1 volumes DbStore cost: 0ms
2024-01-08 22:37:27,584 [4688c780-dea6-4744-ac30-6cd603ef2a1b-ContainerReader-0] INFO  ozoneimpl.ContainerReader (ContainerReader.java:readVolume(178)) - Finish verifying containers on volume /home/runner/work/ozone/ozone/hadoop-ozone/integration-test/target/test-dir/MiniOzoneClusterImpl-c2c64c26-053e-4d1e-83e3-051e2bfa4916/datanode-0/data-0/containers/hdds
2024-01-08 22:37:27,584 [main] INFO  ozoneimpl.OzoneContainer (OzoneContainer.java:buildContainerSet(326)) - Build ContainerSet costs 0s
2024-01-08 22:37:27,585 [main] INFO  server.RaftServer (ConfUtils.java:logGet(46)) - raft.rpc.type = GRPC (default)
2024-01-08 22:37:27,585 [main] INFO  grpc.GrpcConfigKeys (ConfUtils.java:logFallback(53)) - raft.grpc.admin.host = null (fallback to raft.grpc.server.host)
2024-01-08 22:37:27,586 [main] INFO  grpc.GrpcConfigKeys (ConfUtils.java:logGet(46)) - raft.grpc.admin.port = 15369 (custom)
2024-01-08 22:37:27,586 [main] INFO  grpc.GrpcConfigKeys (ConfUtils.java:logFallback(53)) - raft.grpc.client.host = null (fallback to raft.grpc.server.host)
2024-01-08 22:37:27,586 [main] INFO  grpc.GrpcConfigKeys (ConfUtils.java:logGet(46)) - raft.grpc.client.port = 15368 (custom)
2024-01-08 22:37:27,586 [main] INFO  grpc.GrpcConfigKeys (ConfUtils.java:logGet(46)) - raft.grpc.server.host = null (default)
2024-01-08 22:37:27,586 [main] INFO  grpc.GrpcConfigKeys (ConfUtils.java:logGet(46)) - raft.grpc.server.port = 15370 (custom)
2024-01-08 22:37:27,587 [main] INFO  server.GrpcService (ConfUtils.java:logGet(46)) - raft.grpc.message.size.max = 32MB (=33554432) (custom)
2024-01-08 22:37:27,587 [main] INFO  server.RaftServerConfigKeys (ConfUtils.java:logGet(46)) - raft.server.log.appender.buffer.byte-limit = 8388608 (custom)
2024-01-08 22:37:27,587 [main] INFO  server.GrpcService (ConfUtils.java:logGet(46)) - raft.grpc.flow.control.window = 5MB (=5242880) (custom)
2024-01-08 22:37:27,587 [main] INFO  server.RaftServerConfigKeys (ConfUtils.java:logGet(46)) - raft.server.rpc.request.timeout = 3000ms (default)
2024-01-08 22:37:27,587 [main] INFO  grpc.GrpcConfigKeys (ConfUtils.java:logGet(46)) - raft.grpc.server.heartbeat.channel = true (default)
2024-01-08 22:37:27,587 [main] INFO  grpc.GrpcConfigKeys (ConfUtils.java:logGet(46)) - raft.grpc.server.async.request.thread.pool.cached = true (default)
2024-01-08 22:37:27,588 [main] INFO  grpc.GrpcConfigKeys (ConfUtils.java:logGet(46)) - raft.grpc.server.async.request.thread.pool.size = 32 (default)
2024-01-08 22:37:27,589 [main] INFO  impl.DataStreamServerImpl (ConfUtils.java:logGet(46)) - raft.datastream.type = NETTY (custom)
2024-01-08 22:37:27,589 [main] INFO  server.RaftServerConfigKeys (ConfUtils.java:logGet(46)) - raft.server.data-stream.async.request.thread.pool.cached = false (default)
2024-01-08 22:37:27,590 [main] INFO  server.RaftServerConfigKeys (ConfUtils.java:logGet(46)) - raft.server.data-stream.async.request.thread.pool.size = 20 (custom)
2024-01-08 22:37:27,590 [main] INFO  server.RaftServerConfigKeys (ConfUtils.java:logGet(46)) - raft.server.data-stream.async.write.thread.pool.size = 16 (default)
2024-01-08 22:37:27,590 [main] INFO  netty.NettyConfigKeys$DataStream (ConfUtils.java:logGet(46)) - raft.netty.dataStream.server.channel.inactive.grace-period = 10min (default)
2024-01-08 22:37:27,590 [main] INFO  server.RaftServerConfigKeys (ConfUtils.java:logGet(46)) - raft.server.data-stream.client.pool.size = 10 (default)
2024-01-08 22:37:27,590 [main] INFO  netty.NettyConfigKeys$DataStream (ConfUtils.java:logGet(46)) - raft.netty.dataStream.server.use-epoll = true (default)
2024-01-08 22:37:27,591 [main] INFO  netty.NettyConfigKeys$DataStream (ConfUtils.java:logGet(46)) - raft.netty.dataStream.server.boss-group.size = 0 (default)
2024-01-08 22:37:27,591 [main] INFO  netty.NettyUtils (NettyUtils.java:newEventLoopGroup(69)) - Create EpollEventLoopGroup for 4688c780-dea6-4744-ac30-6cd603ef2a1b-NettyServerStreamRpc-bossGroup; Thread size is 0.
2024-01-08 22:37:27,591 [main] INFO  netty.NettyConfigKeys$DataStream (ConfUtils.java:logGet(46)) - raft.netty.dataStream.server.worker-group.size = 0 (default)
2024-01-08 22:37:27,591 [main] INFO  netty.NettyUtils (NettyUtils.java:newEventLoopGroup(69)) - Create EpollEventLoopGroup for 4688c780-dea6-4744-ac30-6cd603ef2a1b-NettyServerStreamRpc-workerGroup; Thread size is 0.
2024-01-08 22:37:27,592 [main] INFO  netty.NettyConfigKeys$DataStream (ConfUtils.java:logGet(46)) - raft.netty.dataStream.server.tls.conf = null (default)
2024-01-08 22:37:27,592 [main] INFO  netty.NettyConfigKeys$DataStream (ConfUtils.java:logGet(46)) - raft.netty.dataStream.host = null (default)
2024-01-08 22:37:27,592 [main] INFO  netty.NettyConfigKeys$DataStream (ConfUtils.java:logGet(46)) - raft.netty.dataStream.port = 15371 (custom)
2024-01-08 22:37:27,592 [main] INFO  server.RaftServerConfigKeys (ConfUtils.java:logGet(46)) - raft.server.sleep.deviation.threshold = 300ms (default)
2024-01-08 22:37:27,592 [4688c780-dea6-4744-ac30-6cd603ef2a1b-NettyServerStreamRpc-bossGroup--thread1] INFO  logging.LoggingHandler (AbstractInternalLogger.java:log(148)) - [id: 0xa75fd1b8] REGISTERED
2024-01-08 22:37:27,592 [main] INFO  server.RaftServerConfigKeys (ConfUtils.java:logGet(46)) - raft.server.close.threshold = 60s (default)
2024-01-08 22:37:27,593 [main] INFO  server.RaftServerConfigKeys (ConfUtils.java:logGet(46)) - raft.server.leaderelection.leader.step-down.wait-time = 10s (default)
2024-01-08 22:37:27,593 [4688c780-dea6-4744-ac30-6cd603ef2a1b-NettyServerStreamRpc-bossGroup--thread1] INFO  logging.LoggingHandler (AbstractInternalLogger.java:log(148)) - [id: 0xa75fd1b8] BIND: 0.0.0.0/0.0.0.0:15371
2024-01-08 22:37:27,593 [main] INFO  server.RaftServerConfigKeys (ConfUtils.java:logGet(46)) - raft.server.storage.dir = [/home/runner/work/ozone/ozone/hadoop-ozone/integration-test/target/test-dir/MiniOzoneClusterImpl-c2c64c26-053e-4d1e-83e3-051e2bfa4916/datanode-0/data/ratis] (custom)
2024-01-08 22:37:27,593 [main] INFO  server.RaftServerConfigKeys (ConfUtils.java:logGet(46)) - raft.server.threadpool.proxy.cached = true (default)
2024-01-08 22:37:27,593 [main] INFO  server.RaftServerConfigKeys (ConfUtils.java:logGet(46)) - raft.server.threadpool.proxy.size = 0 (default)
2024-01-08 22:37:27,593 [4688c780-dea6-4744-ac30-6cd603ef2a1b-NettyServerStreamRpc-bossGroup--thread1] INFO  logging.LoggingHandler (AbstractInternalLogger.java:log(148)) - [id: 0xa75fd1b8, L:/0.0.0.0:15371] ACTIVE
2024-01-08 22:37:27,594 [4688c780-dea6-4744-ac30-6cd603ef2a1b-impl-thread1] INFO  server.RaftServer (RaftServerProxy.java:initGroupDir(264)) - 4688c780-dea6-4744-ac30-6cd603ef2a1b: found a subdirectory /home/runner/work/ozone/ozone/hadoop-ozone/integration-test/target/test-dir/MiniOzoneClusterImpl-c2c64c26-053e-4d1e-83e3-051e2bfa4916/datanode-0/data/ratis/tmp
2024-01-08 22:37:27,594 [4688c780-dea6-4744-ac30-6cd603ef2a1b-impl-thread1] INFO  server.RaftServer (RaftServerProxy.java:initGroupDir(269)) - 4688c780-dea6-4744-ac30-6cd603ef2a1b: The directory /home/runner/work/ozone/ozone/hadoop-ozone/integration-test/target/test-dir/MiniOzoneClusterImpl-c2c64c26-053e-4d1e-83e3-051e2bfa4916/datanode-0/data/ratis/tmp is not a group directory; ignoring it. 
2024-01-08 22:37:27,594 [main] INFO  replication.ReplicationServer (ReplicationServer.java:<init>(85)) - Initializing replication server with thread count = 10 queue length = 4096
2024-01-08 22:37:27,594 [main] INFO  server.XceiverServerGrpc (XceiverServerGrpc.java:<init>(141)) - GrpcServer channel type EpollServerSocketChannel
2024-01-08 22:37:27,595 [main] INFO  replication.ReplicationSupervisor (ReplicationSupervisor.java:build(163)) - Initializing replication supervisor with thread count = 10
2024-01-08 22:37:27,596 [main] INFO  replication.ReplicationSupervisor (ReplicationSupervisor.java:nodeStateUpdated(317)) - Node state updated to IN_SERVICE, scaling executor pool size to 10
2024-01-08 22:37:27,597 [main] INFO  http.BaseHttpServer (BaseHttpServer.java:newHttpServer2BuilderForOzone(223)) - Starting Web-server for hddsDatanode at: http://0.0.0.0:15365
2024-01-08 22:37:27,597 [main] INFO  http.BaseHttpServer (BaseHttpServer.java:<init>(110)) - Hadoop Security Enabled: false Ozone Security Enabled: false Ozone HTTP Security Enabled: false 
2024-01-08 22:37:27,598 [main] WARN  server.AuthenticationFilter (AuthenticationFilter.java:constructSecretProvider(240)) - Unable to initialize FileSignerSecretProvider, falling back to use random secrets. Reason: Could not read signature secret file: /home/runner/hadoop-http-auth-signature-secret
2024-01-08 22:37:27,598 [main] INFO  http.HttpRequestLog (HttpRequestLog.java:getRequestLog(86)) - Http request log for http.requests.hddsDatanode is not defined
2024-01-08 22:37:27,599 [main] INFO  http.HttpServer2 (HttpServer2.java:addGlobalFilter(1036)) - Added global filter 'safety' (class=org.apache.hadoop.hdds.server.http.HttpServer2$QuotingInputFilter)
2024-01-08 22:37:27,599 [main] INFO  http.HttpServer2 (HttpServer2.java:addFilter(1012)) - Added filter static_user_filter (class=org.apache.hadoop.http.lib.StaticUserWebFilter$StaticUserFilter) to context hddsDatanode
2024-01-08 22:37:27,599 [main] INFO  http.HttpServer2 (HttpServer2.java:addFilter(1020)) - Added filter static_user_filter (class=org.apache.hadoop.http.lib.StaticUserWebFilter$StaticUserFilter) to context logs
2024-01-08 22:37:27,600 [main] INFO  http.HttpServer2 (HttpServer2.java:addFilter(1020)) - Added filter static_user_filter (class=org.apache.hadoop.http.lib.StaticUserWebFilter$StaticUserFilter) to context static
2024-01-08 22:37:27,600 [main] INFO  http.BaseHttpServer (BaseHttpServer.java:<init>(189)) - HTTP server of hddsDatanode uses base directory /home/runner/work/ozone/ozone/hadoop-ozone/integration-test/target/test-dir/MiniOzoneClusterImpl-c2c64c26-053e-4d1e-83e3-051e2bfa4916/datanode-0/meta/webserver
2024-01-08 22:37:27,600 [main] INFO  http.HttpServer2 (HttpServer2.java:bindListener(1236)) - Jetty bound to port 15365
2024-01-08 22:37:27,600 [main] INFO  server.Server (Server.java:doStart(375)) - jetty-9.4.53.v20231009; built: 2023-10-09T12:29:09.265Z; git: 27bde00a0b95a1d5bbee0eae7984f891d2d0f8c9; jvm 1.8.0_392-b08
2024-01-08 22:37:27,606 [main] INFO  server.session (DefaultSessionIdManager.java:doStart(334)) - DefaultSessionIdManager workerName=node0
2024-01-08 22:37:27,606 [main] INFO  server.session (DefaultSessionIdManager.java:doStart(339)) - No SessionScavenger set, using defaults
2024-01-08 22:37:27,606 [main] INFO  server.session (HouseKeeper.java:startScavenging(132)) - node0 Scavenging every 660000ms
2024-01-08 22:37:27,606 [main] INFO  handler.ContextHandler (ContextHandler.java:doStart(921)) - Started o.e.j.s.ServletContextHandler@159990bd{logs,/logs,file:///home/runner/work/ozone/ozone/hadoop-ozone/integration-test/target/log,AVAILABLE}
2024-01-08 22:37:27,607 [main] INFO  handler.ContextHandler (ContextHandler.java:doStart(921)) - Started o.e.j.s.ServletContextHandler@43b05859{static,/static,jar:file:/home/runner/.m2/repository/org/apache/ozone/hdds-container-service/1.5.0-SNAPSHOT/hdds-container-service-1.5.0-SNAPSHOT.jar!/webapps/static,AVAILABLE}
2024-01-08 22:37:27,638 [main] INFO  handler.ContextHandler (ContextHandler.java:doStart(921)) - Started o.e.j.w.WebAppContext@163d9ea1{hddsDatanode,/,file:///home/runner/work/ozone/ozone/hadoop-ozone/integration-test/target/test-dir/MiniOzoneClusterImpl-c2c64c26-053e-4d1e-83e3-051e2bfa4916/datanode-0/meta/webserver/jetty-0_0_0_0-15365-hdds-container-service-1_5_0-SNAPSHOT_jar-_-any-2385036924970157264/webapp/,AVAILABLE}{jar:file:/home/runner/.m2/repository/org/apache/ozone/hdds-container-service/1.5.0-SNAPSHOT/hdds-container-service-1.5.0-SNAPSHOT.jar!/webapps/hddsDatanode}
2024-01-08 22:37:27,639 [main] INFO  server.AbstractConnector (AbstractConnector.java:doStart(333)) - Started ServerConnector@1b8c10c0{HTTP/1.1, (http/1.1)}{0.0.0.0:15365}
2024-01-08 22:37:27,639 [main] INFO  server.Server (Server.java:doStart(415)) - Started @134935ms
2024-01-08 22:37:27,639 [main] WARN  impl.MetricsSystemImpl (MetricsSystemImpl.java:register(279)) - Sink prometheus already exists!
2024-01-08 22:37:27,640 [main] INFO  http.BaseHttpServer (BaseHttpServer.java:updateConnectorAddress(354)) - HTTP server of hddsDatanode listening at http://0.0.0.0:15365
2024-01-08 22:37:27,640 [main] INFO  ipc.CallQueueManager (CallQueueManager.java:<init>(90)) - Using callQueue: class java.util.concurrent.LinkedBlockingQueue, queueCapacity: 100, scheduler: class org.apache.hadoop.ipc.DefaultRpcScheduler, ipcBackoff: false.
2024-01-08 22:37:27,640 [main] INFO  ipc.Server (Server.java:<init>(1287)) - Listener at 0.0.0.0:15366
2024-01-08 22:37:27,641 [Socket Reader #1 for port 15366] INFO  ipc.Server (Server.java:run(1323)) - Starting Socket Reader #1 for port 15366
2024-01-08 22:37:27,644 [main] INFO  ozone.HddsDatanodeService (HddsDatanodeService.java:start(324)) - Datanode start with admins: [runner]
2024-01-08 22:37:27,645 [main] INFO  ozone.HddsDatanodeClientProtocolServer (HddsDatanodeClientProtocolServer.java:start(72)) - RPC server for Client /0.0.0.0:15366
2024-01-08 22:37:27,645 [IPC Server Responder] INFO  ipc.Server (Server.java:run(1562)) - IPC Server Responder: starting
2024-01-08 22:37:27,645 [IPC Server listener on 15366] INFO  ipc.Server (Server.java:run(1402)) - IPC Server listener on 15366: starting
2024-01-08 22:37:27,650 [4688c780-dea6-4744-ac30-6cd603ef2a1b-DatanodeStateMachineDaemonThread] INFO  statemachine.DatanodeStateMachine (DatanodeStateMachine.java:lambda$startDaemon$1(555)) - Ozone container server started.
2024-01-08 22:37:27,650 [main] WARN  dropwizard3.Dm3MetricRegistriesImpl (Dm3MetricRegistriesImpl.java:addReporterRegistration(113)) - New reporters are added after registries were created. Some metrics will be missing from the reporter. Please add reporter before adding any new registry.
2024-01-08 22:37:27,651 [main] WARN  dropwizard3.Dm3MetricRegistriesImpl (Dm3MetricRegistriesImpl.java:addReporterRegistration(113)) - New reporters are added after registries were created. Some metrics will be missing from the reporter. Please add reporter before adding any new registry.
2024-01-08 22:37:27,651 [main] INFO  impl.MetricsSystemImpl (MetricsSystemImpl.java:init(158)) - HddsDatanode metrics system started (again)
2024-01-08 22:37:27,653 [4688c780-dea6-4744-ac30-6cd603ef2a1b-DatanodeStateMachineTaskThread-0] INFO  datanode.InitDatanodeState (InitDatanodeState.java:persistContainerDatanodeDetails(139)) - DatanodeDetails is persisted to /home/runner/work/ozone/ozone/hadoop-ozone/integration-test/target/test-dir/MiniOzoneClusterImpl-c2c64c26-053e-4d1e-83e3-051e2bfa4916/datanode-0/meta/datanode.id
2024-01-08 22:37:27,659 [main] INFO  ozone.HddsDatanodeService (HddsDatanodeService.java:start(239)) - HddsDatanodeService host:fv-az1425-465 ip:10.1.0.16
2024-01-08 22:37:27,674 [main] INFO  upgrade.AbstractLayoutVersionManager (AbstractLayoutVersionManager.java:init(83)) - Initializing Layout version manager with metadata layout = HADOOP_PRC_PORTS_IN_DATANODEDETAILS (version = 7), software layout = HADOOP_PRC_PORTS_IN_DATANODEDETAILS (version = 7)
2024-01-08 22:37:27,674 [main] INFO  statemachine.DatanodeStateMachine (DatanodeStateMachine.java:getEndPointTaskThreadPoolSize(299)) - Datanode State Machine Task Thread Pool size 2
2024-01-08 22:37:27,675 [main] INFO  volume.HddsVolume (HddsVolume.java:<init>(125)) - Creating HddsVolume: /home/runner/work/ozone/ozone/hadoop-ozone/integration-test/target/test-dir/MiniOzoneClusterImpl-c2c64c26-053e-4d1e-83e3-051e2bfa4916/datanode-1/data-0/containers/hdds of storage type : DISK capacity : 9223372036854775807
2024-01-08 22:37:27,675 [main] INFO  volume.MutableVolumeSet (MutableVolumeSet.java:initializeVolumeSet(173)) - Added Volume : /home/runner/work/ozone/ozone/hadoop-ozone/integration-test/target/test-dir/MiniOzoneClusterImpl-c2c64c26-053e-4d1e-83e3-051e2bfa4916/datanode-1/data-0/containers/hdds to VolumeSet
2024-01-08 22:37:27,676 [main] INFO  volume.MutableVolumeSet (MutableVolumeSet.java:initializeVolumeSet(173)) - Added Volume : /home/runner/work/ozone/ozone/hadoop-ozone/integration-test/target/test-dir/MiniOzoneClusterImpl-c2c64c26-053e-4d1e-83e3-051e2bfa4916/datanode-1/data/ratis to VolumeSet
2024-01-08 22:37:27,676 [main] INFO  ozoneimpl.OzoneContainer (HddsVolumeUtil.java:loadAllHddsVolumeDbStore(103)) - Load 1 volumes DbStore cost: 0ms
2024-01-08 22:37:27,676 [5e84c15f-e363-46f0-a4a8-c0510a3e4dd9-ContainerReader-0] INFO  ozoneimpl.ContainerReader (ContainerReader.java:readVolume(178)) - Finish verifying containers on volume /home/runner/work/ozone/ozone/hadoop-ozone/integration-test/target/test-dir/MiniOzoneClusterImpl-c2c64c26-053e-4d1e-83e3-051e2bfa4916/datanode-1/data-0/containers/hdds
2024-01-08 22:37:27,676 [main] INFO  ozoneimpl.OzoneContainer (OzoneContainer.java:buildContainerSet(326)) - Build ContainerSet costs 0s
2024-01-08 22:37:27,678 [main] INFO  server.RaftServer (ConfUtils.java:logGet(46)) - raft.rpc.type = GRPC (default)
2024-01-08 22:37:27,678 [main] INFO  grpc.GrpcConfigKeys (ConfUtils.java:logFallback(53)) - raft.grpc.admin.host = null (fallback to raft.grpc.server.host)
2024-01-08 22:37:27,678 [main] INFO  grpc.GrpcConfigKeys (ConfUtils.java:logGet(46)) - raft.grpc.admin.port = 15378 (custom)
2024-01-08 22:37:27,678 [main] INFO  grpc.GrpcConfigKeys (ConfUtils.java:logFallback(53)) - raft.grpc.client.host = null (fallback to raft.grpc.server.host)
2024-01-08 22:37:27,678 [main] INFO  grpc.GrpcConfigKeys (ConfUtils.java:logGet(46)) - raft.grpc.client.port = 15377 (custom)
2024-01-08 22:37:27,678 [main] INFO  grpc.GrpcConfigKeys (ConfUtils.java:logGet(46)) - raft.grpc.server.host = null (default)
2024-01-08 22:37:27,678 [main] INFO  grpc.GrpcConfigKeys (ConfUtils.java:logGet(46)) - raft.grpc.server.port = 15379 (custom)
2024-01-08 22:37:27,679 [main] INFO  server.GrpcService (ConfUtils.java:logGet(46)) - raft.grpc.message.size.max = 32MB (=33554432) (custom)
2024-01-08 22:37:27,679 [main] INFO  server.RaftServerConfigKeys (ConfUtils.java:logGet(46)) - raft.server.log.appender.buffer.byte-limit = 8388608 (custom)
2024-01-08 22:37:27,679 [main] INFO  server.GrpcService (ConfUtils.java:logGet(46)) - raft.grpc.flow.control.window = 5MB (=5242880) (custom)
2024-01-08 22:37:27,679 [main] INFO  server.RaftServerConfigKeys (ConfUtils.java:logGet(46)) - raft.server.rpc.request.timeout = 3000ms (default)
2024-01-08 22:37:27,679 [main] INFO  grpc.GrpcConfigKeys (ConfUtils.java:logGet(46)) - raft.grpc.server.heartbeat.channel = true (default)
2024-01-08 22:37:27,679 [main] INFO  grpc.GrpcConfigKeys (ConfUtils.java:logGet(46)) - raft.grpc.server.async.request.thread.pool.cached = true (default)
2024-01-08 22:37:27,679 [main] INFO  grpc.GrpcConfigKeys (ConfUtils.java:logGet(46)) - raft.grpc.server.async.request.thread.pool.size = 32 (default)
2024-01-08 22:37:27,681 [main] INFO  impl.DataStreamServerImpl (ConfUtils.java:logGet(46)) - raft.datastream.type = NETTY (custom)
2024-01-08 22:37:27,681 [main] INFO  server.RaftServerConfigKeys (ConfUtils.java:logGet(46)) - raft.server.data-stream.async.request.thread.pool.cached = false (default)
2024-01-08 22:37:27,681 [main] INFO  server.RaftServerConfigKeys (ConfUtils.java:logGet(46)) - raft.server.data-stream.async.request.thread.pool.size = 20 (custom)
2024-01-08 22:37:27,681 [main] INFO  server.RaftServerConfigKeys (ConfUtils.java:logGet(46)) - raft.server.data-stream.async.write.thread.pool.size = 16 (default)
2024-01-08 22:37:27,682 [main] INFO  netty.NettyConfigKeys$DataStream (ConfUtils.java:logGet(46)) - raft.netty.dataStream.server.channel.inactive.grace-period = 10min (default)
2024-01-08 22:37:27,682 [main] INFO  server.RaftServerConfigKeys (ConfUtils.java:logGet(46)) - raft.server.data-stream.client.pool.size = 10 (default)
2024-01-08 22:37:27,682 [main] INFO  netty.NettyConfigKeys$DataStream (ConfUtils.java:logGet(46)) - raft.netty.dataStream.server.use-epoll = true (default)
2024-01-08 22:37:27,682 [main] INFO  netty.NettyConfigKeys$DataStream (ConfUtils.java:logGet(46)) - raft.netty.dataStream.server.boss-group.size = 0 (default)
2024-01-08 22:37:27,682 [main] INFO  netty.NettyUtils (NettyUtils.java:newEventLoopGroup(69)) - Create EpollEventLoopGroup for 5e84c15f-e363-46f0-a4a8-c0510a3e4dd9-NettyServerStreamRpc-bossGroup; Thread size is 0.
2024-01-08 22:37:27,682 [main] INFO  netty.NettyConfigKeys$DataStream (ConfUtils.java:logGet(46)) - raft.netty.dataStream.server.worker-group.size = 0 (default)
2024-01-08 22:37:27,682 [main] INFO  netty.NettyUtils (NettyUtils.java:newEventLoopGroup(69)) - Create EpollEventLoopGroup for 5e84c15f-e363-46f0-a4a8-c0510a3e4dd9-NettyServerStreamRpc-workerGroup; Thread size is 0.
2024-01-08 22:37:27,683 [main] INFO  netty.NettyConfigKeys$DataStream (ConfUtils.java:logGet(46)) - raft.netty.dataStream.server.tls.conf = null (default)
2024-01-08 22:37:27,683 [main] INFO  netty.NettyConfigKeys$DataStream (ConfUtils.java:logGet(46)) - raft.netty.dataStream.host = null (default)
2024-01-08 22:37:27,683 [main] INFO  netty.NettyConfigKeys$DataStream (ConfUtils.java:logGet(46)) - raft.netty.dataStream.port = 15380 (custom)
2024-01-08 22:37:27,683 [main] INFO  server.RaftServerConfigKeys (ConfUtils.java:logGet(46)) - raft.server.sleep.deviation.threshold = 300ms (default)
2024-01-08 22:37:27,683 [5e84c15f-e363-46f0-a4a8-c0510a3e4dd9-NettyServerStreamRpc-bossGroup--thread1] INFO  logging.LoggingHandler (AbstractInternalLogger.java:log(148)) - [id: 0xeb84f329] REGISTERED
2024-01-08 22:37:27,683 [main] INFO  server.RaftServerConfigKeys (ConfUtils.java:logGet(46)) - raft.server.close.threshold = 60s (default)
2024-01-08 22:37:27,684 [5e84c15f-e363-46f0-a4a8-c0510a3e4dd9-NettyServerStreamRpc-bossGroup--thread1] INFO  logging.LoggingHandler (AbstractInternalLogger.java:log(148)) - [id: 0xeb84f329] BIND: 0.0.0.0/0.0.0.0:15380
2024-01-08 22:37:27,684 [main] INFO  server.RaftServerConfigKeys (ConfUtils.java:logGet(46)) - raft.server.leaderelection.leader.step-down.wait-time = 10s (default)
2024-01-08 22:37:27,684 [5e84c15f-e363-46f0-a4a8-c0510a3e4dd9-NettyServerStreamRpc-bossGroup--thread1] INFO  logging.LoggingHandler (AbstractInternalLogger.java:log(148)) - [id: 0xeb84f329, L:/0.0.0.0:15380] ACTIVE
2024-01-08 22:37:27,684 [main] INFO  server.RaftServerConfigKeys (ConfUtils.java:logGet(46)) - raft.server.storage.dir = [/home/runner/work/ozone/ozone/hadoop-ozone/integration-test/target/test-dir/MiniOzoneClusterImpl-c2c64c26-053e-4d1e-83e3-051e2bfa4916/datanode-1/data/ratis] (custom)
2024-01-08 22:37:27,684 [main] INFO  server.RaftServerConfigKeys (ConfUtils.java:logGet(46)) - raft.server.threadpool.proxy.cached = true (default)
2024-01-08 22:37:27,684 [main] INFO  server.RaftServerConfigKeys (ConfUtils.java:logGet(46)) - raft.server.threadpool.proxy.size = 0 (default)
2024-01-08 22:37:27,685 [5e84c15f-e363-46f0-a4a8-c0510a3e4dd9-impl-thread1] INFO  server.RaftServer (RaftServerProxy.java:initGroupDir(264)) - 5e84c15f-e363-46f0-a4a8-c0510a3e4dd9: found a subdirectory /home/runner/work/ozone/ozone/hadoop-ozone/integration-test/target/test-dir/MiniOzoneClusterImpl-c2c64c26-053e-4d1e-83e3-051e2bfa4916/datanode-1/data/ratis/tmp
2024-01-08 22:37:27,685 [5e84c15f-e363-46f0-a4a8-c0510a3e4dd9-impl-thread1] INFO  server.RaftServer (RaftServerProxy.java:initGroupDir(269)) - 5e84c15f-e363-46f0-a4a8-c0510a3e4dd9: The directory /home/runner/work/ozone/ozone/hadoop-ozone/integration-test/target/test-dir/MiniOzoneClusterImpl-c2c64c26-053e-4d1e-83e3-051e2bfa4916/datanode-1/data/ratis/tmp is not a group directory; ignoring it. 
2024-01-08 22:37:27,685 [main] INFO  replication.ReplicationServer (ReplicationServer.java:<init>(85)) - Initializing replication server with thread count = 10 queue length = 4096
2024-01-08 22:37:27,685 [main] INFO  server.XceiverServerGrpc (XceiverServerGrpc.java:<init>(141)) - GrpcServer channel type EpollServerSocketChannel
2024-01-08 22:37:27,686 [main] INFO  replication.ReplicationSupervisor (ReplicationSupervisor.java:build(163)) - Initializing replication supervisor with thread count = 10
2024-01-08 22:37:27,686 [main] INFO  replication.ReplicationSupervisor (ReplicationSupervisor.java:nodeStateUpdated(317)) - Node state updated to IN_SERVICE, scaling executor pool size to 10
2024-01-08 22:37:27,688 [main] INFO  http.BaseHttpServer (BaseHttpServer.java:newHttpServer2BuilderForOzone(223)) - Starting Web-server for hddsDatanode at: http://0.0.0.0:15374
2024-01-08 22:37:27,688 [main] INFO  http.BaseHttpServer (BaseHttpServer.java:<init>(110)) - Hadoop Security Enabled: false Ozone Security Enabled: false Ozone HTTP Security Enabled: false 
2024-01-08 22:37:27,688 [main] WARN  server.AuthenticationFilter (AuthenticationFilter.java:constructSecretProvider(240)) - Unable to initialize FileSignerSecretProvider, falling back to use random secrets. Reason: Could not read signature secret file: /home/runner/hadoop-http-auth-signature-secret
2024-01-08 22:37:27,689 [main] INFO  http.HttpRequestLog (HttpRequestLog.java:getRequestLog(86)) - Http request log for http.requests.hddsDatanode is not defined
2024-01-08 22:37:27,689 [main] INFO  http.HttpServer2 (HttpServer2.java:addGlobalFilter(1036)) - Added global filter 'safety' (class=org.apache.hadoop.hdds.server.http.HttpServer2$QuotingInputFilter)
2024-01-08 22:37:27,689 [main] INFO  http.HttpServer2 (HttpServer2.java:addFilter(1012)) - Added filter static_user_filter (class=org.apache.hadoop.http.lib.StaticUserWebFilter$StaticUserFilter) to context hddsDatanode
2024-01-08 22:37:27,689 [main] INFO  http.HttpServer2 (HttpServer2.java:addFilter(1020)) - Added filter static_user_filter (class=org.apache.hadoop.http.lib.StaticUserWebFilter$StaticUserFilter) to context logs
2024-01-08 22:37:27,690 [main] INFO  http.HttpServer2 (HttpServer2.java:addFilter(1020)) - Added filter static_user_filter (class=org.apache.hadoop.http.lib.StaticUserWebFilter$StaticUserFilter) to context static
2024-01-08 22:37:27,690 [main] INFO  http.BaseHttpServer (BaseHttpServer.java:<init>(189)) - HTTP server of hddsDatanode uses base directory /home/runner/work/ozone/ozone/hadoop-ozone/integration-test/target/test-dir/MiniOzoneClusterImpl-c2c64c26-053e-4d1e-83e3-051e2bfa4916/datanode-1/meta/webserver
2024-01-08 22:37:27,690 [main] INFO  http.HttpServer2 (HttpServer2.java:bindListener(1236)) - Jetty bound to port 15374
2024-01-08 22:37:27,690 [main] INFO  server.Server (Server.java:doStart(375)) - jetty-9.4.53.v20231009; built: 2023-10-09T12:29:09.265Z; git: 27bde00a0b95a1d5bbee0eae7984f891d2d0f8c9; jvm 1.8.0_392-b08
2024-01-08 22:37:27,691 [main] INFO  server.session (DefaultSessionIdManager.java:doStart(334)) - DefaultSessionIdManager workerName=node0
2024-01-08 22:37:27,691 [main] INFO  server.session (DefaultSessionIdManager.java:doStart(339)) - No SessionScavenger set, using defaults
2024-01-08 22:37:27,691 [main] INFO  server.session (HouseKeeper.java:startScavenging(132)) - node0 Scavenging every 600000ms
2024-01-08 22:37:27,692 [main] INFO  handler.ContextHandler (ContextHandler.java:doStart(921)) - Started o.e.j.s.ServletContextHandler@1dc4b120{logs,/logs,file:///home/runner/work/ozone/ozone/hadoop-ozone/integration-test/target/log,AVAILABLE}
2024-01-08 22:37:27,692 [main] INFO  handler.ContextHandler (ContextHandler.java:doStart(921)) - Started o.e.j.s.ServletContextHandler@67578ff3{static,/static,jar:file:/home/runner/.m2/repository/org/apache/ozone/hdds-container-service/1.5.0-SNAPSHOT/hdds-container-service-1.5.0-SNAPSHOT.jar!/webapps/static,AVAILABLE}
2024-01-08 22:37:27,725 [main] INFO  handler.ContextHandler (ContextHandler.java:doStart(921)) - Started o.e.j.w.WebAppContext@6907f778{hddsDatanode,/,file:///home/runner/work/ozone/ozone/hadoop-ozone/integration-test/target/test-dir/MiniOzoneClusterImpl-c2c64c26-053e-4d1e-83e3-051e2bfa4916/datanode-1/meta/webserver/jetty-0_0_0_0-15374-hdds-container-service-1_5_0-SNAPSHOT_jar-_-any-3566119691859529106/webapp/,AVAILABLE}{jar:file:/home/runner/.m2/repository/org/apache/ozone/hdds-container-service/1.5.0-SNAPSHOT/hdds-container-service-1.5.0-SNAPSHOT.jar!/webapps/hddsDatanode}
2024-01-08 22:37:27,726 [main] INFO  server.AbstractConnector (AbstractConnector.java:doStart(333)) - Started ServerConnector@4f4cba01{HTTP/1.1, (http/1.1)}{0.0.0.0:15374}
2024-01-08 22:37:27,726 [main] INFO  server.Server (Server.java:doStart(415)) - Started @135022ms
2024-01-08 22:37:27,726 [main] WARN  impl.MetricsSystemImpl (MetricsSystemImpl.java:register(279)) - Sink prometheus already exists!
2024-01-08 22:37:27,727 [main] INFO  http.BaseHttpServer (BaseHttpServer.java:updateConnectorAddress(354)) - HTTP server of hddsDatanode listening at http://0.0.0.0:15374
2024-01-08 22:37:27,727 [main] INFO  ipc.CallQueueManager (CallQueueManager.java:<init>(90)) - Using callQueue: class java.util.concurrent.LinkedBlockingQueue, queueCapacity: 100, scheduler: class org.apache.hadoop.ipc.DefaultRpcScheduler, ipcBackoff: false.
2024-01-08 22:37:27,727 [main] INFO  ipc.Server (Server.java:<init>(1287)) - Listener at 0.0.0.0:15375
2024-01-08 22:37:27,728 [Socket Reader #1 for port 15375] INFO  ipc.Server (Server.java:run(1323)) - Starting Socket Reader #1 for port 15375
2024-01-08 22:37:27,732 [main] INFO  ozone.HddsDatanodeService (HddsDatanodeService.java:start(324)) - Datanode start with admins: [runner]
2024-01-08 22:37:27,733 [main] INFO  ozone.HddsDatanodeClientProtocolServer (HddsDatanodeClientProtocolServer.java:start(72)) - RPC server for Client /0.0.0.0:15375
2024-01-08 22:37:27,736 [IPC Server Responder] INFO  ipc.Server (Server.java:run(1562)) - IPC Server Responder: starting
2024-01-08 22:37:27,744 [5e84c15f-e363-46f0-a4a8-c0510a3e4dd9-DatanodeStateMachineDaemonThread] INFO  statemachine.DatanodeStateMachine (DatanodeStateMachine.java:lambda$startDaemon$1(555)) - Ozone container server started.
2024-01-08 22:37:27,744 [IPC Server listener on 15375] INFO  ipc.Server (Server.java:run(1402)) - IPC Server listener on 15375: starting
2024-01-08 22:37:27,744 [main] WARN  dropwizard3.Dm3MetricRegistriesImpl (Dm3MetricRegistriesImpl.java:addReporterRegistration(113)) - New reporters are added after registries were created. Some metrics will be missing from the reporter. Please add reporter before adding any new registry.
2024-01-08 22:37:27,749 [main] WARN  dropwizard3.Dm3MetricRegistriesImpl (Dm3MetricRegistriesImpl.java:addReporterRegistration(113)) - New reporters are added after registries were created. Some metrics will be missing from the reporter. Please add reporter before adding any new registry.
2024-01-08 22:37:27,749 [main] INFO  impl.MetricsSystemImpl (MetricsSystemImpl.java:init(158)) - HddsDatanode metrics system started (again)
2024-01-08 22:37:27,750 [5e84c15f-e363-46f0-a4a8-c0510a3e4dd9-DatanodeStateMachineTaskThread-0] INFO  datanode.InitDatanodeState (InitDatanodeState.java:persistContainerDatanodeDetails(139)) - DatanodeDetails is persisted to /home/runner/work/ozone/ozone/hadoop-ozone/integration-test/target/test-dir/MiniOzoneClusterImpl-c2c64c26-053e-4d1e-83e3-051e2bfa4916/datanode-1/meta/datanode.id
2024-01-08 22:37:27,757 [main] INFO  ozone.HddsDatanodeService (HddsDatanodeService.java:start(239)) - HddsDatanodeService host:fv-az1425-465 ip:10.1.0.16
2024-01-08 22:37:27,773 [main] INFO  upgrade.AbstractLayoutVersionManager (AbstractLayoutVersionManager.java:init(83)) - Initializing Layout version manager with metadata layout = HADOOP_PRC_PORTS_IN_DATANODEDETAILS (version = 7), software layout = HADOOP_PRC_PORTS_IN_DATANODEDETAILS (version = 7)
2024-01-08 22:37:27,774 [main] INFO  statemachine.DatanodeStateMachine (DatanodeStateMachine.java:getEndPointTaskThreadPoolSize(299)) - Datanode State Machine Task Thread Pool size 2
2024-01-08 22:37:27,775 [main] INFO  volume.HddsVolume (HddsVolume.java:<init>(125)) - Creating HddsVolume: /home/runner/work/ozone/ozone/hadoop-ozone/integration-test/target/test-dir/MiniOzoneClusterImpl-c2c64c26-053e-4d1e-83e3-051e2bfa4916/datanode-2/data-0/containers/hdds of storage type : DISK capacity : 9223372036854775807
2024-01-08 22:37:27,775 [main] INFO  volume.MutableVolumeSet (MutableVolumeSet.java:initializeVolumeSet(173)) - Added Volume : /home/runner/work/ozone/ozone/hadoop-ozone/integration-test/target/test-dir/MiniOzoneClusterImpl-c2c64c26-053e-4d1e-83e3-051e2bfa4916/datanode-2/data-0/containers/hdds to VolumeSet
2024-01-08 22:37:27,776 [main] INFO  volume.MutableVolumeSet (MutableVolumeSet.java:initializeVolumeSet(173)) - Added Volume : /home/runner/work/ozone/ozone/hadoop-ozone/integration-test/target/test-dir/MiniOzoneClusterImpl-c2c64c26-053e-4d1e-83e3-051e2bfa4916/datanode-2/data/ratis to VolumeSet
2024-01-08 22:37:27,776 [main] INFO  ozoneimpl.OzoneContainer (HddsVolumeUtil.java:loadAllHddsVolumeDbStore(103)) - Load 1 volumes DbStore cost: 0ms
2024-01-08 22:37:27,776 [45b27c77-8146-46e2-b49e-9e386de8493b-ContainerReader-0] INFO  ozoneimpl.ContainerReader (ContainerReader.java:readVolume(178)) - Finish verifying containers on volume /home/runner/work/ozone/ozone/hadoop-ozone/integration-test/target/test-dir/MiniOzoneClusterImpl-c2c64c26-053e-4d1e-83e3-051e2bfa4916/datanode-2/data-0/containers/hdds
2024-01-08 22:37:27,776 [main] INFO  ozoneimpl.OzoneContainer (OzoneContainer.java:buildContainerSet(326)) - Build ContainerSet costs 0s
2024-01-08 22:37:27,778 [main] INFO  server.RaftServer (ConfUtils.java:logGet(46)) - raft.rpc.type = GRPC (default)
2024-01-08 22:37:27,778 [main] INFO  grpc.GrpcConfigKeys (ConfUtils.java:logFallback(53)) - raft.grpc.admin.host = null (fallback to raft.grpc.server.host)
2024-01-08 22:37:27,778 [main] INFO  grpc.GrpcConfigKeys (ConfUtils.java:logGet(46)) - raft.grpc.admin.port = 15387 (custom)
2024-01-08 22:37:27,778 [main] INFO  grpc.GrpcConfigKeys (ConfUtils.java:logFallback(53)) - raft.grpc.client.host = null (fallback to raft.grpc.server.host)
2024-01-08 22:37:27,779 [main] INFO  grpc.GrpcConfigKeys (ConfUtils.java:logGet(46)) - raft.grpc.client.port = 15386 (custom)
2024-01-08 22:37:27,779 [main] INFO  grpc.GrpcConfigKeys (ConfUtils.java:logGet(46)) - raft.grpc.server.host = null (default)
2024-01-08 22:37:27,779 [main] INFO  grpc.GrpcConfigKeys (ConfUtils.java:logGet(46)) - raft.grpc.server.port = 15388 (custom)
2024-01-08 22:37:27,779 [main] INFO  server.GrpcService (ConfUtils.java:logGet(46)) - raft.grpc.message.size.max = 32MB (=33554432) (custom)
2024-01-08 22:37:27,779 [main] INFO  server.RaftServerConfigKeys (ConfUtils.java:logGet(46)) - raft.server.log.appender.buffer.byte-limit = 8388608 (custom)
2024-01-08 22:37:27,780 [main] INFO  server.GrpcService (ConfUtils.java:logGet(46)) - raft.grpc.flow.control.window = 5MB (=5242880) (custom)
2024-01-08 22:37:27,780 [main] INFO  server.RaftServerConfigKeys (ConfUtils.java:logGet(46)) - raft.server.rpc.request.timeout = 3000ms (default)
2024-01-08 22:37:27,780 [main] INFO  grpc.GrpcConfigKeys (ConfUtils.java:logGet(46)) - raft.grpc.server.heartbeat.channel = true (default)
2024-01-08 22:37:27,780 [main] INFO  grpc.GrpcConfigKeys (ConfUtils.java:logGet(46)) - raft.grpc.server.async.request.thread.pool.cached = true (default)
2024-01-08 22:37:27,780 [main] INFO  grpc.GrpcConfigKeys (ConfUtils.java:logGet(46)) - raft.grpc.server.async.request.thread.pool.size = 32 (default)
2024-01-08 22:37:27,782 [main] INFO  impl.DataStreamServerImpl (ConfUtils.java:logGet(46)) - raft.datastream.type = NETTY (custom)
2024-01-08 22:37:27,783 [main] INFO  server.RaftServerConfigKeys (ConfUtils.java:logGet(46)) - raft.server.data-stream.async.request.thread.pool.cached = false (default)
2024-01-08 22:37:27,783 [main] INFO  server.RaftServerConfigKeys (ConfUtils.java:logGet(46)) - raft.server.data-stream.async.request.thread.pool.size = 20 (custom)
2024-01-08 22:37:27,783 [main] INFO  server.RaftServerConfigKeys (ConfUtils.java:logGet(46)) - raft.server.data-stream.async.write.thread.pool.size = 16 (default)
2024-01-08 22:37:27,783 [main] INFO  netty.NettyConfigKeys$DataStream (ConfUtils.java:logGet(46)) - raft.netty.dataStream.server.channel.inactive.grace-period = 10min (default)
2024-01-08 22:37:27,783 [main] INFO  server.RaftServerConfigKeys (ConfUtils.java:logGet(46)) - raft.server.data-stream.client.pool.size = 10 (default)
2024-01-08 22:37:27,783 [main] INFO  netty.NettyConfigKeys$DataStream (ConfUtils.java:logGet(46)) - raft.netty.dataStream.server.use-epoll = true (default)
2024-01-08 22:37:27,784 [main] INFO  netty.NettyConfigKeys$DataStream (ConfUtils.java:logGet(46)) - raft.netty.dataStream.server.boss-group.size = 0 (default)
2024-01-08 22:37:27,784 [main] INFO  netty.NettyUtils (NettyUtils.java:newEventLoopGroup(69)) - Create EpollEventLoopGroup for 45b27c77-8146-46e2-b49e-9e386de8493b-NettyServerStreamRpc-bossGroup; Thread size is 0.
2024-01-08 22:37:27,784 [main] INFO  netty.NettyConfigKeys$DataStream (ConfUtils.java:logGet(46)) - raft.netty.dataStream.server.worker-group.size = 0 (default)
2024-01-08 22:37:27,784 [main] INFO  netty.NettyUtils (NettyUtils.java:newEventLoopGroup(69)) - Create EpollEventLoopGroup for 45b27c77-8146-46e2-b49e-9e386de8493b-NettyServerStreamRpc-workerGroup; Thread size is 0.
2024-01-08 22:37:27,785 [main] INFO  netty.NettyConfigKeys$DataStream (ConfUtils.java:logGet(46)) - raft.netty.dataStream.server.tls.conf = null (default)
2024-01-08 22:37:27,785 [main] INFO  netty.NettyConfigKeys$DataStream (ConfUtils.java:logGet(46)) - raft.netty.dataStream.host = null (default)
2024-01-08 22:37:27,785 [main] INFO  netty.NettyConfigKeys$DataStream (ConfUtils.java:logGet(46)) - raft.netty.dataStream.port = 15389 (custom)
2024-01-08 22:37:27,785 [main] INFO  server.RaftServerConfigKeys (ConfUtils.java:logGet(46)) - raft.server.sleep.deviation.threshold = 300ms (default)
2024-01-08 22:37:27,785 [main] INFO  server.RaftServerConfigKeys (ConfUtils.java:logGet(46)) - raft.server.close.threshold = 60s (default)
2024-01-08 22:37:27,786 [main] INFO  server.RaftServerConfigKeys (ConfUtils.java:logGet(46)) - raft.server.leaderelection.leader.step-down.wait-time = 10s (default)
2024-01-08 22:37:27,785 [45b27c77-8146-46e2-b49e-9e386de8493b-NettyServerStreamRpc-bossGroup--thread1] INFO  logging.LoggingHandler (AbstractInternalLogger.java:log(148)) - [id: 0x32effdc1] REGISTERED
2024-01-08 22:37:27,786 [main] INFO  server.RaftServerConfigKeys (ConfUtils.java:logGet(46)) - raft.server.storage.dir = [/home/runner/work/ozone/ozone/hadoop-ozone/integration-test/target/test-dir/MiniOzoneClusterImpl-c2c64c26-053e-4d1e-83e3-051e2bfa4916/datanode-2/data/ratis] (custom)
2024-01-08 22:37:27,786 [45b27c77-8146-46e2-b49e-9e386de8493b-NettyServerStreamRpc-bossGroup--thread1] INFO  logging.LoggingHandler (AbstractInternalLogger.java:log(148)) - [id: 0x32effdc1] BIND: 0.0.0.0/0.0.0.0:15389
2024-01-08 22:37:27,786 [main] INFO  server.RaftServerConfigKeys (ConfUtils.java:logGet(46)) - raft.server.threadpool.proxy.cached = true (default)
2024-01-08 22:37:27,786 [45b27c77-8146-46e2-b49e-9e386de8493b-NettyServerStreamRpc-bossGroup--thread1] INFO  logging.LoggingHandler (AbstractInternalLogger.java:log(148)) - [id: 0x32effdc1, L:/0.0.0.0:15389] ACTIVE
2024-01-08 22:37:27,786 [main] INFO  server.RaftServerConfigKeys (ConfUtils.java:logGet(46)) - raft.server.threadpool.proxy.size = 0 (default)
2024-01-08 22:37:27,787 [45b27c77-8146-46e2-b49e-9e386de8493b-impl-thread1] INFO  server.RaftServer (RaftServerProxy.java:initGroupDir(264)) - 45b27c77-8146-46e2-b49e-9e386de8493b: found a subdirectory /home/runner/work/ozone/ozone/hadoop-ozone/integration-test/target/test-dir/MiniOzoneClusterImpl-c2c64c26-053e-4d1e-83e3-051e2bfa4916/datanode-2/data/ratis/tmp
2024-01-08 22:37:27,787 [45b27c77-8146-46e2-b49e-9e386de8493b-impl-thread1] INFO  server.RaftServer (RaftServerProxy.java:initGroupDir(269)) - 45b27c77-8146-46e2-b49e-9e386de8493b: The directory /home/runner/work/ozone/ozone/hadoop-ozone/integration-test/target/test-dir/MiniOzoneClusterImpl-c2c64c26-053e-4d1e-83e3-051e2bfa4916/datanode-2/data/ratis/tmp is not a group directory; ignoring it. 
2024-01-08 22:37:27,787 [main] INFO  replication.ReplicationServer (ReplicationServer.java:<init>(85)) - Initializing replication server with thread count = 10 queue length = 4096
2024-01-08 22:37:27,788 [main] INFO  server.XceiverServerGrpc (XceiverServerGrpc.java:<init>(141)) - GrpcServer channel type EpollServerSocketChannel
2024-01-08 22:37:27,789 [main] INFO  replication.ReplicationSupervisor (ReplicationSupervisor.java:build(163)) - Initializing replication supervisor with thread count = 10
2024-01-08 22:37:27,789 [main] INFO  replication.ReplicationSupervisor (ReplicationSupervisor.java:nodeStateUpdated(317)) - Node state updated to IN_SERVICE, scaling executor pool size to 10
2024-01-08 22:37:27,790 [main] INFO  http.BaseHttpServer (BaseHttpServer.java:newHttpServer2BuilderForOzone(223)) - Starting Web-server for hddsDatanode at: http://0.0.0.0:15383
2024-01-08 22:37:27,790 [main] INFO  http.BaseHttpServer (BaseHttpServer.java:<init>(110)) - Hadoop Security Enabled: false Ozone Security Enabled: false Ozone HTTP Security Enabled: false 
2024-01-08 22:37:27,791 [main] WARN  server.AuthenticationFilter (AuthenticationFilter.java:constructSecretProvider(240)) - Unable to initialize FileSignerSecretProvider, falling back to use random secrets. Reason: Could not read signature secret file: /home/runner/hadoop-http-auth-signature-secret
2024-01-08 22:37:27,791 [main] INFO  http.HttpRequestLog (HttpRequestLog.java:getRequestLog(86)) - Http request log for http.requests.hddsDatanode is not defined
2024-01-08 22:37:27,792 [main] INFO  http.HttpServer2 (HttpServer2.java:addGlobalFilter(1036)) - Added global filter 'safety' (class=org.apache.hadoop.hdds.server.http.HttpServer2$QuotingInputFilter)
2024-01-08 22:37:27,792 [main] INFO  http.HttpServer2 (HttpServer2.java:addFilter(1012)) - Added filter static_user_filter (class=org.apache.hadoop.http.lib.StaticUserWebFilter$StaticUserFilter) to context hddsDatanode
2024-01-08 22:37:27,792 [main] INFO  http.HttpServer2 (HttpServer2.java:addFilter(1020)) - Added filter static_user_filter (class=org.apache.hadoop.http.lib.StaticUserWebFilter$StaticUserFilter) to context static
2024-01-08 22:37:27,792 [main] INFO  http.HttpServer2 (HttpServer2.java:addFilter(1020)) - Added filter static_user_filter (class=org.apache.hadoop.http.lib.StaticUserWebFilter$StaticUserFilter) to context logs
2024-01-08 22:37:27,792 [main] INFO  http.BaseHttpServer (BaseHttpServer.java:<init>(189)) - HTTP server of hddsDatanode uses base directory /home/runner/work/ozone/ozone/hadoop-ozone/integration-test/target/test-dir/MiniOzoneClusterImpl-c2c64c26-053e-4d1e-83e3-051e2bfa4916/datanode-2/meta/webserver
2024-01-08 22:37:27,793 [main] INFO  http.HttpServer2 (HttpServer2.java:bindListener(1236)) - Jetty bound to port 15383
2024-01-08 22:37:27,793 [main] INFO  server.Server (Server.java:doStart(375)) - jetty-9.4.53.v20231009; built: 2023-10-09T12:29:09.265Z; git: 27bde00a0b95a1d5bbee0eae7984f891d2d0f8c9; jvm 1.8.0_392-b08
2024-01-08 22:37:27,793 [main] INFO  server.session (DefaultSessionIdManager.java:doStart(334)) - DefaultSessionIdManager workerName=node0
2024-01-08 22:37:27,794 [main] INFO  server.session (DefaultSessionIdManager.java:doStart(339)) - No SessionScavenger set, using defaults
2024-01-08 22:37:27,794 [main] INFO  server.session (HouseKeeper.java:startScavenging(132)) - node0 Scavenging every 660000ms
2024-01-08 22:37:27,794 [main] INFO  handler.ContextHandler (ContextHandler.java:doStart(921)) - Started o.e.j.s.ServletContextHandler@49fe9da{logs,/logs,file:///home/runner/work/ozone/ozone/hadoop-ozone/integration-test/target/log,AVAILABLE}
2024-01-08 22:37:27,794 [main] INFO  handler.ContextHandler (ContextHandler.java:doStart(921)) - Started o.e.j.s.ServletContextHandler@709c797f{static,/static,jar:file:/home/runner/.m2/repository/org/apache/ozone/hdds-container-service/1.5.0-SNAPSHOT/hdds-container-service-1.5.0-SNAPSHOT.jar!/webapps/static,AVAILABLE}
2024-01-08 22:37:27,825 [main] INFO  handler.ContextHandler (ContextHandler.java:doStart(921)) - Started o.e.j.w.WebAppContext@239b8f59{hddsDatanode,/,file:///home/runner/work/ozone/ozone/hadoop-ozone/integration-test/target/test-dir/MiniOzoneClusterImpl-c2c64c26-053e-4d1e-83e3-051e2bfa4916/datanode-2/meta/webserver/jetty-0_0_0_0-15383-hdds-container-service-1_5_0-SNAPSHOT_jar-_-any-8215679513864936648/webapp/,AVAILABLE}{jar:file:/home/runner/.m2/repository/org/apache/ozone/hdds-container-service/1.5.0-SNAPSHOT/hdds-container-service-1.5.0-SNAPSHOT.jar!/webapps/hddsDatanode}
2024-01-08 22:37:27,826 [main] INFO  server.AbstractConnector (AbstractConnector.java:doStart(333)) - Started ServerConnector@7e39b00c{HTTP/1.1, (http/1.1)}{0.0.0.0:15383}
2024-01-08 22:37:27,826 [main] INFO  server.Server (Server.java:doStart(415)) - Started @135122ms
2024-01-08 22:37:27,826 [main] WARN  impl.MetricsSystemImpl (MetricsSystemImpl.java:register(279)) - Sink prometheus already exists!
2024-01-08 22:37:27,827 [main] INFO  http.BaseHttpServer (BaseHttpServer.java:updateConnectorAddress(354)) - HTTP server of hddsDatanode listening at http://0.0.0.0:15383
2024-01-08 22:37:27,827 [main] INFO  ipc.CallQueueManager (CallQueueManager.java:<init>(90)) - Using callQueue: class java.util.concurrent.LinkedBlockingQueue, queueCapacity: 100, scheduler: class org.apache.hadoop.ipc.DefaultRpcScheduler, ipcBackoff: false.
2024-01-08 22:37:27,827 [main] INFO  ipc.Server (Server.java:<init>(1287)) - Listener at 0.0.0.0:15384
2024-01-08 22:37:27,828 [Socket Reader #1 for port 15384] INFO  ipc.Server (Server.java:run(1323)) - Starting Socket Reader #1 for port 15384
2024-01-08 22:37:27,829 [main] INFO  ozone.HddsDatanodeService (HddsDatanodeService.java:start(324)) - Datanode start with admins: [runner]
2024-01-08 22:37:27,829 [main] INFO  ozone.HddsDatanodeClientProtocolServer (HddsDatanodeClientProtocolServer.java:start(72)) - RPC server for Client /0.0.0.0:15384
2024-01-08 22:37:27,829 [IPC Server Responder] INFO  ipc.Server (Server.java:run(1562)) - IPC Server Responder: starting
2024-01-08 22:37:27,829 [IPC Server listener on 15384] INFO  ipc.Server (Server.java:run(1402)) - IPC Server listener on 15384: starting
2024-01-08 22:37:27,832 [main] WARN  dropwizard3.Dm3MetricRegistriesImpl (Dm3MetricRegistriesImpl.java:addReporterRegistration(113)) - New reporters are added after registries were created. Some metrics will be missing from the reporter. Please add reporter before adding any new registry.
2024-01-08 22:37:27,832 [main] WARN  dropwizard3.Dm3MetricRegistriesImpl (Dm3MetricRegistriesImpl.java:addReporterRegistration(113)) - New reporters are added after registries were created. Some metrics will be missing from the reporter. Please add reporter before adding any new registry.
2024-01-08 22:37:27,833 [main] INFO  impl.MetricsSystemImpl (MetricsSystemImpl.java:init(158)) - HddsDatanode metrics system started (again)
2024-01-08 22:37:27,832 [45b27c77-8146-46e2-b49e-9e386de8493b-DatanodeStateMachineDaemonThread] INFO  statemachine.DatanodeStateMachine (DatanodeStateMachine.java:lambda$startDaemon$1(555)) - Ozone container server started.
2024-01-08 22:37:27,835 [45b27c77-8146-46e2-b49e-9e386de8493b-DatanodeStateMachineTaskThread-0] INFO  datanode.InitDatanodeState (InitDatanodeState.java:persistContainerDatanodeDetails(139)) - DatanodeDetails is persisted to /home/runner/work/ozone/ozone/hadoop-ozone/integration-test/target/test-dir/MiniOzoneClusterImpl-c2c64c26-053e-4d1e-83e3-051e2bfa4916/datanode-2/meta/datanode.id
2024-01-08 22:37:27,842 [main] INFO  ozone.HddsDatanodeService (HddsDatanodeService.java:start(239)) - HddsDatanodeService host:fv-az1425-465 ip:10.1.0.16
2024-01-08 22:37:27,857 [main] INFO  upgrade.AbstractLayoutVersionManager (AbstractLayoutVersionManager.java:init(83)) - Initializing Layout version manager with metadata layout = HADOOP_PRC_PORTS_IN_DATANODEDETAILS (version = 7), software layout = HADOOP_PRC_PORTS_IN_DATANODEDETAILS (version = 7)
2024-01-08 22:37:27,857 [main] INFO  statemachine.DatanodeStateMachine (DatanodeStateMachine.java:getEndPointTaskThreadPoolSize(299)) - Datanode State Machine Task Thread Pool size 2
2024-01-08 22:37:27,858 [main] INFO  volume.HddsVolume (HddsVolume.java:<init>(125)) - Creating HddsVolume: /home/runner/work/ozone/ozone/hadoop-ozone/integration-test/target/test-dir/MiniOzoneClusterImpl-c2c64c26-053e-4d1e-83e3-051e2bfa4916/datanode-3/data-0/containers/hdds of storage type : DISK capacity : 9223372036854775807
2024-01-08 22:37:27,858 [main] INFO  volume.MutableVolumeSet (MutableVolumeSet.java:initializeVolumeSet(173)) - Added Volume : /home/runner/work/ozone/ozone/hadoop-ozone/integration-test/target/test-dir/MiniOzoneClusterImpl-c2c64c26-053e-4d1e-83e3-051e2bfa4916/datanode-3/data-0/containers/hdds to VolumeSet
2024-01-08 22:37:27,859 [main] INFO  volume.MutableVolumeSet (MutableVolumeSet.java:initializeVolumeSet(173)) - Added Volume : /home/runner/work/ozone/ozone/hadoop-ozone/integration-test/target/test-dir/MiniOzoneClusterImpl-c2c64c26-053e-4d1e-83e3-051e2bfa4916/datanode-3/data/ratis to VolumeSet
2024-01-08 22:37:27,859 [main] INFO  ozoneimpl.OzoneContainer (HddsVolumeUtil.java:loadAllHddsVolumeDbStore(103)) - Load 1 volumes DbStore cost: 0ms
2024-01-08 22:37:27,859 [d358508b-f61b-4bbe-a39d-36a2c95b295d-ContainerReader-0] INFO  ozoneimpl.ContainerReader (ContainerReader.java:readVolume(178)) - Finish verifying containers on volume /home/runner/work/ozone/ozone/hadoop-ozone/integration-test/target/test-dir/MiniOzoneClusterImpl-c2c64c26-053e-4d1e-83e3-051e2bfa4916/datanode-3/data-0/containers/hdds
2024-01-08 22:37:27,859 [main] INFO  ozoneimpl.OzoneContainer (OzoneContainer.java:buildContainerSet(326)) - Build ContainerSet costs 0s
2024-01-08 22:37:27,861 [main] INFO  server.RaftServer (ConfUtils.java:logGet(46)) - raft.rpc.type = GRPC (default)
2024-01-08 22:37:27,861 [main] INFO  grpc.GrpcConfigKeys (ConfUtils.java:logFallback(53)) - raft.grpc.admin.host = null (fallback to raft.grpc.server.host)
2024-01-08 22:37:27,861 [main] INFO  grpc.GrpcConfigKeys (ConfUtils.java:logGet(46)) - raft.grpc.admin.port = 15396 (custom)
2024-01-08 22:37:27,861 [main] INFO  grpc.GrpcConfigKeys (ConfUtils.java:logFallback(53)) - raft.grpc.client.host = null (fallback to raft.grpc.server.host)
2024-01-08 22:37:27,861 [main] INFO  grpc.GrpcConfigKeys (ConfUtils.java:logGet(46)) - raft.grpc.client.port = 15395 (custom)
2024-01-08 22:37:27,862 [main] INFO  grpc.GrpcConfigKeys (ConfUtils.java:logGet(46)) - raft.grpc.server.host = null (default)
2024-01-08 22:37:27,862 [main] INFO  grpc.GrpcConfigKeys (ConfUtils.java:logGet(46)) - raft.grpc.server.port = 15397 (custom)
2024-01-08 22:37:27,862 [main] INFO  server.GrpcService (ConfUtils.java:logGet(46)) - raft.grpc.message.size.max = 32MB (=33554432) (custom)
2024-01-08 22:37:27,862 [main] INFO  server.RaftServerConfigKeys (ConfUtils.java:logGet(46)) - raft.server.log.appender.buffer.byte-limit = 8388608 (custom)
2024-01-08 22:37:27,862 [main] INFO  server.GrpcService (ConfUtils.java:logGet(46)) - raft.grpc.flow.control.window = 5MB (=5242880) (custom)
2024-01-08 22:37:27,863 [main] INFO  server.RaftServerConfigKeys (ConfUtils.java:logGet(46)) - raft.server.rpc.request.timeout = 3000ms (default)
2024-01-08 22:37:27,863 [main] INFO  grpc.GrpcConfigKeys (ConfUtils.java:logGet(46)) - raft.grpc.server.heartbeat.channel = true (default)
2024-01-08 22:37:27,863 [main] INFO  grpc.GrpcConfigKeys (ConfUtils.java:logGet(46)) - raft.grpc.server.async.request.thread.pool.cached = true (default)
2024-01-08 22:37:27,863 [main] INFO  grpc.GrpcConfigKeys (ConfUtils.java:logGet(46)) - raft.grpc.server.async.request.thread.pool.size = 32 (default)
2024-01-08 22:37:27,865 [main] INFO  impl.DataStreamServerImpl (ConfUtils.java:logGet(46)) - raft.datastream.type = NETTY (custom)
2024-01-08 22:37:27,865 [main] INFO  server.RaftServerConfigKeys (ConfUtils.java:logGet(46)) - raft.server.data-stream.async.request.thread.pool.cached = false (default)
2024-01-08 22:37:27,865 [main] INFO  server.RaftServerConfigKeys (ConfUtils.java:logGet(46)) - raft.server.data-stream.async.request.thread.pool.size = 20 (custom)
2024-01-08 22:37:27,865 [main] INFO  server.RaftServerConfigKeys (ConfUtils.java:logGet(46)) - raft.server.data-stream.async.write.thread.pool.size = 16 (default)
2024-01-08 22:37:27,866 [main] INFO  netty.NettyConfigKeys$DataStream (ConfUtils.java:logGet(46)) - raft.netty.dataStream.server.channel.inactive.grace-period = 10min (default)
2024-01-08 22:37:27,866 [main] INFO  server.RaftServerConfigKeys (ConfUtils.java:logGet(46)) - raft.server.data-stream.client.pool.size = 10 (default)
2024-01-08 22:37:27,866 [main] INFO  netty.NettyConfigKeys$DataStream (ConfUtils.java:logGet(46)) - raft.netty.dataStream.server.use-epoll = true (default)
2024-01-08 22:37:27,866 [main] INFO  netty.NettyConfigKeys$DataStream (ConfUtils.java:logGet(46)) - raft.netty.dataStream.server.boss-group.size = 0 (default)
2024-01-08 22:37:27,866 [main] INFO  netty.NettyUtils (NettyUtils.java:newEventLoopGroup(69)) - Create EpollEventLoopGroup for d358508b-f61b-4bbe-a39d-36a2c95b295d-NettyServerStreamRpc-bossGroup; Thread size is 0.
2024-01-08 22:37:27,867 [main] INFO  netty.NettyConfigKeys$DataStream (ConfUtils.java:logGet(46)) - raft.netty.dataStream.server.worker-group.size = 0 (default)
2024-01-08 22:37:27,867 [main] INFO  netty.NettyUtils (NettyUtils.java:newEventLoopGroup(69)) - Create EpollEventLoopGroup for d358508b-f61b-4bbe-a39d-36a2c95b295d-NettyServerStreamRpc-workerGroup; Thread size is 0.
2024-01-08 22:37:27,867 [main] INFO  netty.NettyConfigKeys$DataStream (ConfUtils.java:logGet(46)) - raft.netty.dataStream.server.tls.conf = null (default)
2024-01-08 22:37:27,867 [main] INFO  netty.NettyConfigKeys$DataStream (ConfUtils.java:logGet(46)) - raft.netty.dataStream.host = null (default)
2024-01-08 22:37:27,867 [main] INFO  netty.NettyConfigKeys$DataStream (ConfUtils.java:logGet(46)) - raft.netty.dataStream.port = 15398 (custom)
2024-01-08 22:37:27,868 [main] INFO  server.RaftServerConfigKeys (ConfUtils.java:logGet(46)) - raft.server.sleep.deviation.threshold = 300ms (default)
2024-01-08 22:37:27,868 [main] INFO  server.RaftServerConfigKeys (ConfUtils.java:logGet(46)) - raft.server.close.threshold = 60s (default)
2024-01-08 22:37:27,868 [d358508b-f61b-4bbe-a39d-36a2c95b295d-NettyServerStreamRpc-bossGroup--thread1] INFO  logging.LoggingHandler (AbstractInternalLogger.java:log(148)) - [id: 0x950c71c2] REGISTERED
2024-01-08 22:37:27,868 [main] INFO  server.RaftServerConfigKeys (ConfUtils.java:logGet(46)) - raft.server.leaderelection.leader.step-down.wait-time = 10s (default)
2024-01-08 22:37:27,868 [d358508b-f61b-4bbe-a39d-36a2c95b295d-NettyServerStreamRpc-bossGroup--thread1] INFO  logging.LoggingHandler (AbstractInternalLogger.java:log(148)) - [id: 0x950c71c2] BIND: 0.0.0.0/0.0.0.0:15398
2024-01-08 22:37:27,868 [main] INFO  server.RaftServerConfigKeys (ConfUtils.java:logGet(46)) - raft.server.storage.dir = [/home/runner/work/ozone/ozone/hadoop-ozone/integration-test/target/test-dir/MiniOzoneClusterImpl-c2c64c26-053e-4d1e-83e3-051e2bfa4916/datanode-3/data/ratis] (custom)
2024-01-08 22:37:27,869 [d358508b-f61b-4bbe-a39d-36a2c95b295d-NettyServerStreamRpc-bossGroup--thread1] INFO  logging.LoggingHandler (AbstractInternalLogger.java:log(148)) - [id: 0x950c71c2, L:/0.0.0.0:15398] ACTIVE
2024-01-08 22:37:27,869 [main] INFO  server.RaftServerConfigKeys (ConfUtils.java:logGet(46)) - raft.server.threadpool.proxy.cached = true (default)
2024-01-08 22:37:27,869 [main] INFO  server.RaftServerConfigKeys (ConfUtils.java:logGet(46)) - raft.server.threadpool.proxy.size = 0 (default)
2024-01-08 22:37:27,869 [d358508b-f61b-4bbe-a39d-36a2c95b295d-impl-thread1] INFO  server.RaftServer (RaftServerProxy.java:initGroupDir(264)) - d358508b-f61b-4bbe-a39d-36a2c95b295d: found a subdirectory /home/runner/work/ozone/ozone/hadoop-ozone/integration-test/target/test-dir/MiniOzoneClusterImpl-c2c64c26-053e-4d1e-83e3-051e2bfa4916/datanode-3/data/ratis/tmp
2024-01-08 22:37:27,869 [d358508b-f61b-4bbe-a39d-36a2c95b295d-impl-thread1] INFO  server.RaftServer (RaftServerProxy.java:initGroupDir(269)) - d358508b-f61b-4bbe-a39d-36a2c95b295d: The directory /home/runner/work/ozone/ozone/hadoop-ozone/integration-test/target/test-dir/MiniOzoneClusterImpl-c2c64c26-053e-4d1e-83e3-051e2bfa4916/datanode-3/data/ratis/tmp is not a group directory; ignoring it. 
2024-01-08 22:37:27,870 [main] INFO  replication.ReplicationServer (ReplicationServer.java:<init>(85)) - Initializing replication server with thread count = 10 queue length = 4096
2024-01-08 22:37:27,870 [main] INFO  server.XceiverServerGrpc (XceiverServerGrpc.java:<init>(141)) - GrpcServer channel type EpollServerSocketChannel
2024-01-08 22:37:27,871 [main] INFO  replication.ReplicationSupervisor (ReplicationSupervisor.java:build(163)) - Initializing replication supervisor with thread count = 10
2024-01-08 22:37:27,871 [main] INFO  replication.ReplicationSupervisor (ReplicationSupervisor.java:nodeStateUpdated(317)) - Node state updated to IN_SERVICE, scaling executor pool size to 10
2024-01-08 22:37:27,873 [main] INFO  http.BaseHttpServer (BaseHttpServer.java:newHttpServer2BuilderForOzone(223)) - Starting Web-server for hddsDatanode at: http://0.0.0.0:15392
2024-01-08 22:37:27,873 [main] INFO  http.BaseHttpServer (BaseHttpServer.java:<init>(110)) - Hadoop Security Enabled: false Ozone Security Enabled: false Ozone HTTP Security Enabled: false 
2024-01-08 22:37:27,874 [main] WARN  server.AuthenticationFilter (AuthenticationFilter.java:constructSecretProvider(240)) - Unable to initialize FileSignerSecretProvider, falling back to use random secrets. Reason: Could not read signature secret file: /home/runner/hadoop-http-auth-signature-secret
2024-01-08 22:37:27,874 [main] INFO  http.HttpRequestLog (HttpRequestLog.java:getRequestLog(86)) - Http request log for http.requests.hddsDatanode is not defined
2024-01-08 22:37:27,874 [main] INFO  http.HttpServer2 (HttpServer2.java:addGlobalFilter(1036)) - Added global filter 'safety' (class=org.apache.hadoop.hdds.server.http.HttpServer2$QuotingInputFilter)
2024-01-08 22:37:27,875 [main] INFO  http.HttpServer2 (HttpServer2.java:addFilter(1012)) - Added filter static_user_filter (class=org.apache.hadoop.http.lib.StaticUserWebFilter$StaticUserFilter) to context hddsDatanode
2024-01-08 22:37:27,875 [main] INFO  http.HttpServer2 (HttpServer2.java:addFilter(1020)) - Added filter static_user_filter (class=org.apache.hadoop.http.lib.StaticUserWebFilter$StaticUserFilter) to context logs
2024-01-08 22:37:27,875 [main] INFO  http.HttpServer2 (HttpServer2.java:addFilter(1020)) - Added filter static_user_filter (class=org.apache.hadoop.http.lib.StaticUserWebFilter$StaticUserFilter) to context static
2024-01-08 22:37:27,876 [main] INFO  http.BaseHttpServer (BaseHttpServer.java:<init>(189)) - HTTP server of hddsDatanode uses base directory /home/runner/work/ozone/ozone/hadoop-ozone/integration-test/target/test-dir/MiniOzoneClusterImpl-c2c64c26-053e-4d1e-83e3-051e2bfa4916/datanode-3/meta/webserver
2024-01-08 22:37:27,876 [main] INFO  http.HttpServer2 (HttpServer2.java:bindListener(1236)) - Jetty bound to port 15392
2024-01-08 22:37:27,876 [main] INFO  server.Server (Server.java:doStart(375)) - jetty-9.4.53.v20231009; built: 2023-10-09T12:29:09.265Z; git: 27bde00a0b95a1d5bbee0eae7984f891d2d0f8c9; jvm 1.8.0_392-b08
2024-01-08 22:37:27,877 [main] INFO  server.session (DefaultSessionIdManager.java:doStart(334)) - DefaultSessionIdManager workerName=node0
2024-01-08 22:37:27,877 [main] INFO  server.session (DefaultSessionIdManager.java:doStart(339)) - No SessionScavenger set, using defaults
2024-01-08 22:37:27,877 [main] INFO  server.session (HouseKeeper.java:startScavenging(132)) - node0 Scavenging every 600000ms
2024-01-08 22:37:27,878 [main] INFO  handler.ContextHandler (ContextHandler.java:doStart(921)) - Started o.e.j.s.ServletContextHandler@2e6a5369{logs,/logs,file:///home/runner/work/ozone/ozone/hadoop-ozone/integration-test/target/log,AVAILABLE}
2024-01-08 22:37:27,878 [main] INFO  handler.ContextHandler (ContextHandler.java:doStart(921)) - Started o.e.j.s.ServletContextHandler@867b872{static,/static,jar:file:/home/runner/.m2/repository/org/apache/ozone/hdds-container-service/1.5.0-SNAPSHOT/hdds-container-service-1.5.0-SNAPSHOT.jar!/webapps/static,AVAILABLE}
2024-01-08 22:37:27,909 [main] INFO  handler.ContextHandler (ContextHandler.java:doStart(921)) - Started o.e.j.w.WebAppContext@3ab2eed2{hddsDatanode,/,file:///home/runner/work/ozone/ozone/hadoop-ozone/integration-test/target/test-dir/MiniOzoneClusterImpl-c2c64c26-053e-4d1e-83e3-051e2bfa4916/datanode-3/meta/webserver/jetty-0_0_0_0-15392-hdds-container-service-1_5_0-SNAPSHOT_jar-_-any-2300857244367614158/webapp/,AVAILABLE}{jar:file:/home/runner/.m2/repository/org/apache/ozone/hdds-container-service/1.5.0-SNAPSHOT/hdds-container-service-1.5.0-SNAPSHOT.jar!/webapps/hddsDatanode}
2024-01-08 22:37:27,910 [main] INFO  server.AbstractConnector (AbstractConnector.java:doStart(333)) - Started ServerConnector@d73450c{HTTP/1.1, (http/1.1)}{0.0.0.0:15392}
2024-01-08 22:37:27,910 [main] INFO  server.Server (Server.java:doStart(415)) - Started @135206ms
2024-01-08 22:37:27,911 [main] WARN  impl.MetricsSystemImpl (MetricsSystemImpl.java:register(279)) - Sink prometheus already exists!
2024-01-08 22:37:27,911 [main] INFO  http.BaseHttpServer (BaseHttpServer.java:updateConnectorAddress(354)) - HTTP server of hddsDatanode listening at http://0.0.0.0:15392
2024-01-08 22:37:27,911 [main] INFO  ipc.CallQueueManager (CallQueueManager.java:<init>(90)) - Using callQueue: class java.util.concurrent.LinkedBlockingQueue, queueCapacity: 100, scheduler: class org.apache.hadoop.ipc.DefaultRpcScheduler, ipcBackoff: false.
2024-01-08 22:37:27,912 [main] INFO  ipc.Server (Server.java:<init>(1287)) - Listener at 0.0.0.0:15393
2024-01-08 22:37:27,912 [Socket Reader #1 for port 15393] INFO  ipc.Server (Server.java:run(1323)) - Starting Socket Reader #1 for port 15393
2024-01-08 22:37:27,916 [main] INFO  ozone.HddsDatanodeService (HddsDatanodeService.java:start(324)) - Datanode start with admins: [runner]
2024-01-08 22:37:27,916 [main] INFO  ozone.HddsDatanodeClientProtocolServer (HddsDatanodeClientProtocolServer.java:start(72)) - RPC server for Client /0.0.0.0:15393
2024-01-08 22:37:27,917 [IPC Server Responder] INFO  ipc.Server (Server.java:run(1562)) - IPC Server Responder: starting
2024-01-08 22:37:27,917 [IPC Server listener on 15393] INFO  ipc.Server (Server.java:run(1402)) - IPC Server listener on 15393: starting
2024-01-08 22:37:27,923 [d358508b-f61b-4bbe-a39d-36a2c95b295d-DatanodeStateMachineDaemonThread] INFO  statemachine.DatanodeStateMachine (DatanodeStateMachine.java:lambda$startDaemon$1(555)) - Ozone container server started.
2024-01-08 22:37:27,923 [main] WARN  dropwizard3.Dm3MetricRegistriesImpl (Dm3MetricRegistriesImpl.java:addReporterRegistration(113)) - New reporters are added after registries were created. Some metrics will be missing from the reporter. Please add reporter before adding any new registry.
2024-01-08 22:37:27,925 [main] WARN  dropwizard3.Dm3MetricRegistriesImpl (Dm3MetricRegistriesImpl.java:addReporterRegistration(113)) - New reporters are added after registries were created. Some metrics will be missing from the reporter. Please add reporter before adding any new registry.
2024-01-08 22:37:27,925 [main] INFO  impl.MetricsSystemImpl (MetricsSystemImpl.java:init(158)) - HddsDatanode metrics system started (again)
2024-01-08 22:37:27,927 [d358508b-f61b-4bbe-a39d-36a2c95b295d-DatanodeStateMachineTaskThread-0] INFO  datanode.InitDatanodeState (InitDatanodeState.java:persistContainerDatanodeDetails(139)) - DatanodeDetails is persisted to /home/runner/work/ozone/ozone/hadoop-ozone/integration-test/target/test-dir/MiniOzoneClusterImpl-c2c64c26-053e-4d1e-83e3-051e2bfa4916/datanode-3/meta/datanode.id
2024-01-08 22:37:27,933 [main] INFO  ozone.HddsDatanodeService (HddsDatanodeService.java:start(239)) - HddsDatanodeService host:fv-az1425-465 ip:10.1.0.16
2024-01-08 22:37:27,947 [main] INFO  upgrade.AbstractLayoutVersionManager (AbstractLayoutVersionManager.java:init(83)) - Initializing Layout version manager with metadata layout = HADOOP_PRC_PORTS_IN_DATANODEDETAILS (version = 7), software layout = HADOOP_PRC_PORTS_IN_DATANODEDETAILS (version = 7)
2024-01-08 22:37:27,949 [main] INFO  statemachine.DatanodeStateMachine (DatanodeStateMachine.java:getEndPointTaskThreadPoolSize(299)) - Datanode State Machine Task Thread Pool size 2
2024-01-08 22:37:27,950 [main] INFO  volume.HddsVolume (HddsVolume.java:<init>(125)) - Creating HddsVolume: /home/runner/work/ozone/ozone/hadoop-ozone/integration-test/target/test-dir/MiniOzoneClusterImpl-c2c64c26-053e-4d1e-83e3-051e2bfa4916/datanode-4/data-0/containers/hdds of storage type : DISK capacity : 9223372036854775807
2024-01-08 22:37:27,950 [main] INFO  volume.MutableVolumeSet (MutableVolumeSet.java:initializeVolumeSet(173)) - Added Volume : /home/runner/work/ozone/ozone/hadoop-ozone/integration-test/target/test-dir/MiniOzoneClusterImpl-c2c64c26-053e-4d1e-83e3-051e2bfa4916/datanode-4/data-0/containers/hdds to VolumeSet
2024-01-08 22:37:27,951 [main] INFO  volume.MutableVolumeSet (MutableVolumeSet.java:initializeVolumeSet(173)) - Added Volume : /home/runner/work/ozone/ozone/hadoop-ozone/integration-test/target/test-dir/MiniOzoneClusterImpl-c2c64c26-053e-4d1e-83e3-051e2bfa4916/datanode-4/data/ratis to VolumeSet
2024-01-08 22:37:27,951 [main] INFO  ozoneimpl.OzoneContainer (HddsVolumeUtil.java:loadAllHddsVolumeDbStore(103)) - Load 1 volumes DbStore cost: 0ms
2024-01-08 22:37:27,953 [3be0eefd-0f91-4043-b67b-b27b4ab908b0-ContainerReader-0] INFO  ozoneimpl.ContainerReader (ContainerReader.java:readVolume(178)) - Finish verifying containers on volume /home/runner/work/ozone/ozone/hadoop-ozone/integration-test/target/test-dir/MiniOzoneClusterImpl-c2c64c26-053e-4d1e-83e3-051e2bfa4916/datanode-4/data-0/containers/hdds
2024-01-08 22:37:27,953 [main] INFO  ozoneimpl.OzoneContainer (OzoneContainer.java:buildContainerSet(326)) - Build ContainerSet costs 0s
2024-01-08 22:37:27,955 [main] INFO  server.RaftServer (ConfUtils.java:logGet(46)) - raft.rpc.type = GRPC (default)
2024-01-08 22:37:27,955 [main] INFO  grpc.GrpcConfigKeys (ConfUtils.java:logFallback(53)) - raft.grpc.admin.host = null (fallback to raft.grpc.server.host)
2024-01-08 22:37:27,955 [main] INFO  grpc.GrpcConfigKeys (ConfUtils.java:logGet(46)) - raft.grpc.admin.port = 15405 (custom)
2024-01-08 22:37:27,955 [main] INFO  grpc.GrpcConfigKeys (ConfUtils.java:logFallback(53)) - raft.grpc.client.host = null (fallback to raft.grpc.server.host)
2024-01-08 22:37:27,955 [main] INFO  grpc.GrpcConfigKeys (ConfUtils.java:logGet(46)) - raft.grpc.client.port = 15404 (custom)
2024-01-08 22:37:27,956 [main] INFO  grpc.GrpcConfigKeys (ConfUtils.java:logGet(46)) - raft.grpc.server.host = null (default)
2024-01-08 22:37:27,956 [main] INFO  grpc.GrpcConfigKeys (ConfUtils.java:logGet(46)) - raft.grpc.server.port = 15406 (custom)
2024-01-08 22:37:27,956 [main] INFO  server.GrpcService (ConfUtils.java:logGet(46)) - raft.grpc.message.size.max = 32MB (=33554432) (custom)
2024-01-08 22:37:27,956 [main] INFO  server.RaftServerConfigKeys (ConfUtils.java:logGet(46)) - raft.server.log.appender.buffer.byte-limit = 8388608 (custom)
2024-01-08 22:37:27,956 [main] INFO  server.GrpcService (ConfUtils.java:logGet(46)) - raft.grpc.flow.control.window = 5MB (=5242880) (custom)
2024-01-08 22:37:27,956 [main] INFO  server.RaftServerConfigKeys (ConfUtils.java:logGet(46)) - raft.server.rpc.request.timeout = 3000ms (default)
2024-01-08 22:37:27,956 [main] INFO  grpc.GrpcConfigKeys (ConfUtils.java:logGet(46)) - raft.grpc.server.heartbeat.channel = true (default)
2024-01-08 22:37:27,956 [main] INFO  grpc.GrpcConfigKeys (ConfUtils.java:logGet(46)) - raft.grpc.server.async.request.thread.pool.cached = true (default)
2024-01-08 22:37:27,956 [main] INFO  grpc.GrpcConfigKeys (ConfUtils.java:logGet(46)) - raft.grpc.server.async.request.thread.pool.size = 32 (default)
2024-01-08 22:37:27,958 [main] INFO  impl.DataStreamServerImpl (ConfUtils.java:logGet(46)) - raft.datastream.type = NETTY (custom)
2024-01-08 22:37:27,958 [main] INFO  server.RaftServerConfigKeys (ConfUtils.java:logGet(46)) - raft.server.data-stream.async.request.thread.pool.cached = false (default)
2024-01-08 22:37:27,958 [main] INFO  server.RaftServerConfigKeys (ConfUtils.java:logGet(46)) - raft.server.data-stream.async.request.thread.pool.size = 20 (custom)
2024-01-08 22:37:27,958 [main] INFO  server.RaftServerConfigKeys (ConfUtils.java:logGet(46)) - raft.server.data-stream.async.write.thread.pool.size = 16 (default)
2024-01-08 22:37:27,959 [main] INFO  netty.NettyConfigKeys$DataStream (ConfUtils.java:logGet(46)) - raft.netty.dataStream.server.channel.inactive.grace-period = 10min (default)
2024-01-08 22:37:27,959 [main] INFO  server.RaftServerConfigKeys (ConfUtils.java:logGet(46)) - raft.server.data-stream.client.pool.size = 10 (default)
2024-01-08 22:37:27,959 [main] INFO  netty.NettyConfigKeys$DataStream (ConfUtils.java:logGet(46)) - raft.netty.dataStream.server.use-epoll = true (default)
2024-01-08 22:37:27,959 [main] INFO  netty.NettyConfigKeys$DataStream (ConfUtils.java:logGet(46)) - raft.netty.dataStream.server.boss-group.size = 0 (default)
2024-01-08 22:37:27,959 [main] INFO  netty.NettyUtils (NettyUtils.java:newEventLoopGroup(69)) - Create EpollEventLoopGroup for 3be0eefd-0f91-4043-b67b-b27b4ab908b0-NettyServerStreamRpc-bossGroup; Thread size is 0.
2024-01-08 22:37:27,959 [main] INFO  netty.NettyConfigKeys$DataStream (ConfUtils.java:logGet(46)) - raft.netty.dataStream.server.worker-group.size = 0 (default)
2024-01-08 22:37:27,959 [main] INFO  netty.NettyUtils (NettyUtils.java:newEventLoopGroup(69)) - Create EpollEventLoopGroup for 3be0eefd-0f91-4043-b67b-b27b4ab908b0-NettyServerStreamRpc-workerGroup; Thread size is 0.
2024-01-08 22:37:27,960 [main] INFO  netty.NettyConfigKeys$DataStream (ConfUtils.java:logGet(46)) - raft.netty.dataStream.server.tls.conf = null (default)
2024-01-08 22:37:27,960 [main] INFO  netty.NettyConfigKeys$DataStream (ConfUtils.java:logGet(46)) - raft.netty.dataStream.host = null (default)
2024-01-08 22:37:27,960 [main] INFO  netty.NettyConfigKeys$DataStream (ConfUtils.java:logGet(46)) - raft.netty.dataStream.port = 15407 (custom)
2024-01-08 22:37:27,960 [main] INFO  server.RaftServerConfigKeys (ConfUtils.java:logGet(46)) - raft.server.sleep.deviation.threshold = 300ms (default)
2024-01-08 22:37:27,960 [3be0eefd-0f91-4043-b67b-b27b4ab908b0-NettyServerStreamRpc-bossGroup--thread1] INFO  logging.LoggingHandler (AbstractInternalLogger.java:log(148)) - [id: 0x83f46487] REGISTERED
2024-01-08 22:37:27,961 [main] INFO  server.RaftServerConfigKeys (ConfUtils.java:logGet(46)) - raft.server.close.threshold = 60s (default)
2024-01-08 22:37:27,961 [3be0eefd-0f91-4043-b67b-b27b4ab908b0-NettyServerStreamRpc-bossGroup--thread1] INFO  logging.LoggingHandler (AbstractInternalLogger.java:log(148)) - [id: 0x83f46487] BIND: 0.0.0.0/0.0.0.0:15407
2024-01-08 22:37:27,961 [main] INFO  server.RaftServerConfigKeys (ConfUtils.java:logGet(46)) - raft.server.leaderelection.leader.step-down.wait-time = 10s (default)
2024-01-08 22:37:27,961 [3be0eefd-0f91-4043-b67b-b27b4ab908b0-NettyServerStreamRpc-bossGroup--thread1] INFO  logging.LoggingHandler (AbstractInternalLogger.java:log(148)) - [id: 0x83f46487, L:/0.0.0.0:15407] ACTIVE
2024-01-08 22:37:27,961 [main] INFO  server.RaftServerConfigKeys (ConfUtils.java:logGet(46)) - raft.server.storage.dir = [/home/runner/work/ozone/ozone/hadoop-ozone/integration-test/target/test-dir/MiniOzoneClusterImpl-c2c64c26-053e-4d1e-83e3-051e2bfa4916/datanode-4/data/ratis] (custom)
2024-01-08 22:37:27,961 [main] INFO  server.RaftServerConfigKeys (ConfUtils.java:logGet(46)) - raft.server.threadpool.proxy.cached = true (default)
2024-01-08 22:37:27,961 [main] INFO  server.RaftServerConfigKeys (ConfUtils.java:logGet(46)) - raft.server.threadpool.proxy.size = 0 (default)
2024-01-08 22:37:27,962 [3be0eefd-0f91-4043-b67b-b27b4ab908b0-impl-thread1] INFO  server.RaftServer (RaftServerProxy.java:initGroupDir(264)) - 3be0eefd-0f91-4043-b67b-b27b4ab908b0: found a subdirectory /home/runner/work/ozone/ozone/hadoop-ozone/integration-test/target/test-dir/MiniOzoneClusterImpl-c2c64c26-053e-4d1e-83e3-051e2bfa4916/datanode-4/data/ratis/tmp
2024-01-08 22:37:27,962 [3be0eefd-0f91-4043-b67b-b27b4ab908b0-impl-thread1] INFO  server.RaftServer (RaftServerProxy.java:initGroupDir(269)) - 3be0eefd-0f91-4043-b67b-b27b4ab908b0: The directory /home/runner/work/ozone/ozone/hadoop-ozone/integration-test/target/test-dir/MiniOzoneClusterImpl-c2c64c26-053e-4d1e-83e3-051e2bfa4916/datanode-4/data/ratis/tmp is not a group directory; ignoring it. 
2024-01-08 22:37:27,962 [main] INFO  replication.ReplicationServer (ReplicationServer.java:<init>(85)) - Initializing replication server with thread count = 10 queue length = 4096
2024-01-08 22:37:27,963 [main] INFO  server.XceiverServerGrpc (XceiverServerGrpc.java:<init>(141)) - GrpcServer channel type EpollServerSocketChannel
2024-01-08 22:37:27,963 [main] INFO  replication.ReplicationSupervisor (ReplicationSupervisor.java:build(163)) - Initializing replication supervisor with thread count = 10
2024-01-08 22:37:27,964 [main] INFO  replication.ReplicationSupervisor (ReplicationSupervisor.java:nodeStateUpdated(317)) - Node state updated to IN_SERVICE, scaling executor pool size to 10
2024-01-08 22:37:27,965 [main] INFO  http.BaseHttpServer (BaseHttpServer.java:newHttpServer2BuilderForOzone(223)) - Starting Web-server for hddsDatanode at: http://0.0.0.0:15401
2024-01-08 22:37:27,965 [main] INFO  http.BaseHttpServer (BaseHttpServer.java:<init>(110)) - Hadoop Security Enabled: false Ozone Security Enabled: false Ozone HTTP Security Enabled: false 
2024-01-08 22:37:27,965 [main] WARN  server.AuthenticationFilter (AuthenticationFilter.java:constructSecretProvider(240)) - Unable to initialize FileSignerSecretProvider, falling back to use random secrets. Reason: Could not read signature secret file: /home/runner/hadoop-http-auth-signature-secret
2024-01-08 22:37:27,966 [main] INFO  http.HttpRequestLog (HttpRequestLog.java:getRequestLog(86)) - Http request log for http.requests.hddsDatanode is not defined
2024-01-08 22:37:27,967 [main] INFO  http.HttpServer2 (HttpServer2.java:addGlobalFilter(1036)) - Added global filter 'safety' (class=org.apache.hadoop.hdds.server.http.HttpServer2$QuotingInputFilter)
2024-01-08 22:37:27,967 [main] INFO  http.HttpServer2 (HttpServer2.java:addFilter(1012)) - Added filter static_user_filter (class=org.apache.hadoop.http.lib.StaticUserWebFilter$StaticUserFilter) to context hddsDatanode
2024-01-08 22:37:27,967 [main] INFO  http.HttpServer2 (HttpServer2.java:addFilter(1020)) - Added filter static_user_filter (class=org.apache.hadoop.http.lib.StaticUserWebFilter$StaticUserFilter) to context logs
2024-01-08 22:37:27,967 [main] INFO  http.HttpServer2 (HttpServer2.java:addFilter(1020)) - Added filter static_user_filter (class=org.apache.hadoop.http.lib.StaticUserWebFilter$StaticUserFilter) to context static
2024-01-08 22:37:27,968 [main] INFO  http.BaseHttpServer (BaseHttpServer.java:<init>(189)) - HTTP server of hddsDatanode uses base directory /home/runner/work/ozone/ozone/hadoop-ozone/integration-test/target/test-dir/MiniOzoneClusterImpl-c2c64c26-053e-4d1e-83e3-051e2bfa4916/datanode-4/meta/webserver
2024-01-08 22:37:27,968 [main] INFO  http.HttpServer2 (HttpServer2.java:bindListener(1236)) - Jetty bound to port 15401
2024-01-08 22:37:27,968 [main] INFO  server.Server (Server.java:doStart(375)) - jetty-9.4.53.v20231009; built: 2023-10-09T12:29:09.265Z; git: 27bde00a0b95a1d5bbee0eae7984f891d2d0f8c9; jvm 1.8.0_392-b08
2024-01-08 22:37:27,972 [main] INFO  server.session (DefaultSessionIdManager.java:doStart(334)) - DefaultSessionIdManager workerName=node0
2024-01-08 22:37:27,972 [main] INFO  server.session (DefaultSessionIdManager.java:doStart(339)) - No SessionScavenger set, using defaults
2024-01-08 22:37:27,972 [main] INFO  server.session (HouseKeeper.java:startScavenging(132)) - node0 Scavenging every 660000ms
2024-01-08 22:37:27,972 [main] INFO  handler.ContextHandler (ContextHandler.java:doStart(921)) - Started o.e.j.s.ServletContextHandler@16ee9a3b{logs,/logs,file:///home/runner/work/ozone/ozone/hadoop-ozone/integration-test/target/log,AVAILABLE}
2024-01-08 22:37:27,973 [main] INFO  handler.ContextHandler (ContextHandler.java:doStart(921)) - Started o.e.j.s.ServletContextHandler@735a2243{static,/static,jar:file:/home/runner/.m2/repository/org/apache/ozone/hdds-container-service/1.5.0-SNAPSHOT/hdds-container-service-1.5.0-SNAPSHOT.jar!/webapps/static,AVAILABLE}
2024-01-08 22:37:28,004 [main] INFO  handler.ContextHandler (ContextHandler.java:doStart(921)) - Started o.e.j.w.WebAppContext@642eff4a{hddsDatanode,/,file:///home/runner/work/ozone/ozone/hadoop-ozone/integration-test/target/test-dir/MiniOzoneClusterImpl-c2c64c26-053e-4d1e-83e3-051e2bfa4916/datanode-4/meta/webserver/jetty-0_0_0_0-15401-hdds-container-service-1_5_0-SNAPSHOT_jar-_-any-8536326697861794845/webapp/,AVAILABLE}{jar:file:/home/runner/.m2/repository/org/apache/ozone/hdds-container-service/1.5.0-SNAPSHOT/hdds-container-service-1.5.0-SNAPSHOT.jar!/webapps/hddsDatanode}
2024-01-08 22:37:28,006 [main] INFO  server.AbstractConnector (AbstractConnector.java:doStart(333)) - Started ServerConnector@7d5647b3{HTTP/1.1, (http/1.1)}{0.0.0.0:15401}
2024-01-08 22:37:28,006 [main] INFO  server.Server (Server.java:doStart(415)) - Started @135302ms
2024-01-08 22:37:28,006 [main] WARN  impl.MetricsSystemImpl (MetricsSystemImpl.java:register(279)) - Sink prometheus already exists!
2024-01-08 22:37:28,007 [main] INFO  http.BaseHttpServer (BaseHttpServer.java:updateConnectorAddress(354)) - HTTP server of hddsDatanode listening at http://0.0.0.0:15401
2024-01-08 22:37:28,007 [main] INFO  ipc.CallQueueManager (CallQueueManager.java:<init>(90)) - Using callQueue: class java.util.concurrent.LinkedBlockingQueue, queueCapacity: 100, scheduler: class org.apache.hadoop.ipc.DefaultRpcScheduler, ipcBackoff: false.
2024-01-08 22:37:28,007 [main] INFO  ipc.Server (Server.java:<init>(1287)) - Listener at 0.0.0.0:15402
2024-01-08 22:37:28,008 [Socket Reader #1 for port 15402] INFO  ipc.Server (Server.java:run(1323)) - Starting Socket Reader #1 for port 15402
2024-01-08 22:37:28,010 [main] INFO  ozone.HddsDatanodeService (HddsDatanodeService.java:start(324)) - Datanode start with admins: [runner]
2024-01-08 22:37:28,010 [main] INFO  ozone.HddsDatanodeClientProtocolServer (HddsDatanodeClientProtocolServer.java:start(72)) - RPC server for Client /0.0.0.0:15402
2024-01-08 22:37:28,011 [IPC Server Responder] INFO  ipc.Server (Server.java:run(1562)) - IPC Server Responder: starting
2024-01-08 22:37:28,011 [IPC Server listener on 15402] INFO  ipc.Server (Server.java:run(1402)) - IPC Server listener on 15402: starting
2024-01-08 22:37:28,011 [3be0eefd-0f91-4043-b67b-b27b4ab908b0-DatanodeStateMachineDaemonThread] INFO  statemachine.DatanodeStateMachine (DatanodeStateMachine.java:lambda$startDaemon$1(555)) - Ozone container server started.
2024-01-08 22:37:28,012 [main] WARN  dropwizard3.Dm3MetricRegistriesImpl (Dm3MetricRegistriesImpl.java:addReporterRegistration(113)) - New reporters are added after registries were created. Some metrics will be missing from the reporter. Please add reporter before adding any new registry.
2024-01-08 22:37:28,012 [main] WARN  dropwizard3.Dm3MetricRegistriesImpl (Dm3MetricRegistriesImpl.java:addReporterRegistration(113)) - New reporters are added after registries were created. Some metrics will be missing from the reporter. Please add reporter before adding any new registry.
2024-01-08 22:37:28,012 [main] INFO  impl.MetricsSystemImpl (MetricsSystemImpl.java:init(158)) - HddsDatanode metrics system started (again)
2024-01-08 22:37:28,017 [3be0eefd-0f91-4043-b67b-b27b4ab908b0-DatanodeStateMachineTaskThread-0] INFO  datanode.InitDatanodeState (InitDatanodeState.java:persistContainerDatanodeDetails(139)) - DatanodeDetails is persisted to /home/runner/work/ozone/ozone/hadoop-ozone/integration-test/target/test-dir/MiniOzoneClusterImpl-c2c64c26-053e-4d1e-83e3-051e2bfa4916/datanode-4/meta/datanode.id
2024-01-08 22:37:28,021 [main] INFO  ozone.HddsDatanodeService (HddsDatanodeService.java:start(239)) - HddsDatanodeService host:fv-az1425-465 ip:10.1.0.16
2024-01-08 22:37:28,035 [main] INFO  upgrade.AbstractLayoutVersionManager (AbstractLayoutVersionManager.java:init(83)) - Initializing Layout version manager with metadata layout = HADOOP_PRC_PORTS_IN_DATANODEDETAILS (version = 7), software layout = HADOOP_PRC_PORTS_IN_DATANODEDETAILS (version = 7)
2024-01-08 22:37:28,036 [main] INFO  statemachine.DatanodeStateMachine (DatanodeStateMachine.java:getEndPointTaskThreadPoolSize(299)) - Datanode State Machine Task Thread Pool size 2
2024-01-08 22:37:28,036 [main] INFO  volume.HddsVolume (HddsVolume.java:<init>(125)) - Creating HddsVolume: /home/runner/work/ozone/ozone/hadoop-ozone/integration-test/target/test-dir/MiniOzoneClusterImpl-c2c64c26-053e-4d1e-83e3-051e2bfa4916/datanode-5/data-0/containers/hdds of storage type : DISK capacity : 9223372036854775807
2024-01-08 22:37:28,037 [main] INFO  volume.MutableVolumeSet (MutableVolumeSet.java:initializeVolumeSet(173)) - Added Volume : /home/runner/work/ozone/ozone/hadoop-ozone/integration-test/target/test-dir/MiniOzoneClusterImpl-c2c64c26-053e-4d1e-83e3-051e2bfa4916/datanode-5/data-0/containers/hdds to VolumeSet
2024-01-08 22:37:28,037 [main] INFO  volume.MutableVolumeSet (MutableVolumeSet.java:initializeVolumeSet(173)) - Added Volume : /home/runner/work/ozone/ozone/hadoop-ozone/integration-test/target/test-dir/MiniOzoneClusterImpl-c2c64c26-053e-4d1e-83e3-051e2bfa4916/datanode-5/data/ratis to VolumeSet
2024-01-08 22:37:28,037 [main] INFO  ozoneimpl.OzoneContainer (HddsVolumeUtil.java:loadAllHddsVolumeDbStore(103)) - Load 1 volumes DbStore cost: 0ms
2024-01-08 22:37:28,038 [c15a1dbd-1c17-41f9-9118-60766ac127ad-ContainerReader-0] INFO  ozoneimpl.ContainerReader (ContainerReader.java:readVolume(178)) - Finish verifying containers on volume /home/runner/work/ozone/ozone/hadoop-ozone/integration-test/target/test-dir/MiniOzoneClusterImpl-c2c64c26-053e-4d1e-83e3-051e2bfa4916/datanode-5/data-0/containers/hdds
2024-01-08 22:37:28,038 [main] INFO  ozoneimpl.OzoneContainer (OzoneContainer.java:buildContainerSet(326)) - Build ContainerSet costs 0s
2024-01-08 22:37:28,039 [main] INFO  server.RaftServer (ConfUtils.java:logGet(46)) - raft.rpc.type = GRPC (default)
2024-01-08 22:37:28,039 [main] INFO  grpc.GrpcConfigKeys (ConfUtils.java:logFallback(53)) - raft.grpc.admin.host = null (fallback to raft.grpc.server.host)
2024-01-08 22:37:28,040 [main] INFO  grpc.GrpcConfigKeys (ConfUtils.java:logGet(46)) - raft.grpc.admin.port = 15414 (custom)
2024-01-08 22:37:28,040 [main] INFO  grpc.GrpcConfigKeys (ConfUtils.java:logFallback(53)) - raft.grpc.client.host = null (fallback to raft.grpc.server.host)
2024-01-08 22:37:28,040 [main] INFO  grpc.GrpcConfigKeys (ConfUtils.java:logGet(46)) - raft.grpc.client.port = 15413 (custom)
2024-01-08 22:37:28,040 [main] INFO  grpc.GrpcConfigKeys (ConfUtils.java:logGet(46)) - raft.grpc.server.host = null (default)
2024-01-08 22:37:28,040 [main] INFO  grpc.GrpcConfigKeys (ConfUtils.java:logGet(46)) - raft.grpc.server.port = 15415 (custom)
2024-01-08 22:37:28,040 [main] INFO  server.GrpcService (ConfUtils.java:logGet(46)) - raft.grpc.message.size.max = 32MB (=33554432) (custom)
2024-01-08 22:37:28,041 [main] INFO  server.RaftServerConfigKeys (ConfUtils.java:logGet(46)) - raft.server.log.appender.buffer.byte-limit = 8388608 (custom)
2024-01-08 22:37:28,041 [main] INFO  server.GrpcService (ConfUtils.java:logGet(46)) - raft.grpc.flow.control.window = 5MB (=5242880) (custom)
2024-01-08 22:37:28,041 [main] INFO  server.RaftServerConfigKeys (ConfUtils.java:logGet(46)) - raft.server.rpc.request.timeout = 3000ms (default)
2024-01-08 22:37:28,041 [main] INFO  grpc.GrpcConfigKeys (ConfUtils.java:logGet(46)) - raft.grpc.server.heartbeat.channel = true (default)
2024-01-08 22:37:28,041 [main] INFO  grpc.GrpcConfigKeys (ConfUtils.java:logGet(46)) - raft.grpc.server.async.request.thread.pool.cached = true (default)
2024-01-08 22:37:28,041 [main] INFO  grpc.GrpcConfigKeys (ConfUtils.java:logGet(46)) - raft.grpc.server.async.request.thread.pool.size = 32 (default)
2024-01-08 22:37:28,043 [main] INFO  impl.DataStreamServerImpl (ConfUtils.java:logGet(46)) - raft.datastream.type = NETTY (custom)
2024-01-08 22:37:28,043 [main] INFO  server.RaftServerConfigKeys (ConfUtils.java:logGet(46)) - raft.server.data-stream.async.request.thread.pool.cached = false (default)
2024-01-08 22:37:28,043 [main] INFO  server.RaftServerConfigKeys (ConfUtils.java:logGet(46)) - raft.server.data-stream.async.request.thread.pool.size = 20 (custom)
2024-01-08 22:37:28,043 [main] INFO  server.RaftServerConfigKeys (ConfUtils.java:logGet(46)) - raft.server.data-stream.async.write.thread.pool.size = 16 (default)
2024-01-08 22:37:28,043 [main] INFO  netty.NettyConfigKeys$DataStream (ConfUtils.java:logGet(46)) - raft.netty.dataStream.server.channel.inactive.grace-period = 10min (default)
2024-01-08 22:37:28,043 [main] INFO  server.RaftServerConfigKeys (ConfUtils.java:logGet(46)) - raft.server.data-stream.client.pool.size = 10 (default)
2024-01-08 22:37:28,044 [main] INFO  netty.NettyConfigKeys$DataStream (ConfUtils.java:logGet(46)) - raft.netty.dataStream.server.use-epoll = true (default)
2024-01-08 22:37:28,044 [main] INFO  netty.NettyConfigKeys$DataStream (ConfUtils.java:logGet(46)) - raft.netty.dataStream.server.boss-group.size = 0 (default)
2024-01-08 22:37:28,044 [main] INFO  netty.NettyUtils (NettyUtils.java:newEventLoopGroup(69)) - Create EpollEventLoopGroup for c15a1dbd-1c17-41f9-9118-60766ac127ad-NettyServerStreamRpc-bossGroup; Thread size is 0.
2024-01-08 22:37:28,044 [main] INFO  netty.NettyConfigKeys$DataStream (ConfUtils.java:logGet(46)) - raft.netty.dataStream.server.worker-group.size = 0 (default)
2024-01-08 22:37:28,044 [main] INFO  netty.NettyUtils (NettyUtils.java:newEventLoopGroup(69)) - Create EpollEventLoopGroup for c15a1dbd-1c17-41f9-9118-60766ac127ad-NettyServerStreamRpc-workerGroup; Thread size is 0.
2024-01-08 22:37:28,044 [main] INFO  netty.NettyConfigKeys$DataStream (ConfUtils.java:logGet(46)) - raft.netty.dataStream.server.tls.conf = null (default)
2024-01-08 22:37:28,045 [main] INFO  netty.NettyConfigKeys$DataStream (ConfUtils.java:logGet(46)) - raft.netty.dataStream.host = null (default)
2024-01-08 22:37:28,045 [main] INFO  netty.NettyConfigKeys$DataStream (ConfUtils.java:logGet(46)) - raft.netty.dataStream.port = 15416 (custom)
2024-01-08 22:37:28,045 [main] INFO  server.RaftServerConfigKeys (ConfUtils.java:logGet(46)) - raft.server.sleep.deviation.threshold = 300ms (default)
2024-01-08 22:37:28,045 [c15a1dbd-1c17-41f9-9118-60766ac127ad-NettyServerStreamRpc-bossGroup--thread1] INFO  logging.LoggingHandler (AbstractInternalLogger.java:log(148)) - [id: 0x4c63beb6] REGISTERED
2024-01-08 22:37:28,045 [main] INFO  server.RaftServerConfigKeys (ConfUtils.java:logGet(46)) - raft.server.close.threshold = 60s (default)
2024-01-08 22:37:28,045 [main] INFO  server.RaftServerConfigKeys (ConfUtils.java:logGet(46)) - raft.server.leaderelection.leader.step-down.wait-time = 10s (default)
2024-01-08 22:37:28,046 [main] INFO  server.RaftServerConfigKeys (ConfUtils.java:logGet(46)) - raft.server.storage.dir = [/home/runner/work/ozone/ozone/hadoop-ozone/integration-test/target/test-dir/MiniOzoneClusterImpl-c2c64c26-053e-4d1e-83e3-051e2bfa4916/datanode-5/data/ratis] (custom)
2024-01-08 22:37:28,045 [c15a1dbd-1c17-41f9-9118-60766ac127ad-NettyServerStreamRpc-bossGroup--thread1] INFO  logging.LoggingHandler (AbstractInternalLogger.java:log(148)) - [id: 0x4c63beb6] BIND: 0.0.0.0/0.0.0.0:15416
2024-01-08 22:37:28,046 [main] INFO  server.RaftServerConfigKeys (ConfUtils.java:logGet(46)) - raft.server.threadpool.proxy.cached = true (default)
2024-01-08 22:37:28,046 [c15a1dbd-1c17-41f9-9118-60766ac127ad-NettyServerStreamRpc-bossGroup--thread1] INFO  logging.LoggingHandler (AbstractInternalLogger.java:log(148)) - [id: 0x4c63beb6, L:/0.0.0.0:15416] ACTIVE
2024-01-08 22:37:28,046 [main] INFO  server.RaftServerConfigKeys (ConfUtils.java:logGet(46)) - raft.server.threadpool.proxy.size = 0 (default)
2024-01-08 22:37:28,046 [c15a1dbd-1c17-41f9-9118-60766ac127ad-impl-thread1] INFO  server.RaftServer (RaftServerProxy.java:initGroupDir(264)) - c15a1dbd-1c17-41f9-9118-60766ac127ad: found a subdirectory /home/runner/work/ozone/ozone/hadoop-ozone/integration-test/target/test-dir/MiniOzoneClusterImpl-c2c64c26-053e-4d1e-83e3-051e2bfa4916/datanode-5/data/ratis/tmp
2024-01-08 22:37:28,046 [c15a1dbd-1c17-41f9-9118-60766ac127ad-impl-thread1] INFO  server.RaftServer (RaftServerProxy.java:initGroupDir(269)) - c15a1dbd-1c17-41f9-9118-60766ac127ad: The directory /home/runner/work/ozone/ozone/hadoop-ozone/integration-test/target/test-dir/MiniOzoneClusterImpl-c2c64c26-053e-4d1e-83e3-051e2bfa4916/datanode-5/data/ratis/tmp is not a group directory; ignoring it. 
2024-01-08 22:37:28,047 [main] INFO  replication.ReplicationServer (ReplicationServer.java:<init>(85)) - Initializing replication server with thread count = 10 queue length = 4096
2024-01-08 22:37:28,047 [main] INFO  server.XceiverServerGrpc (XceiverServerGrpc.java:<init>(141)) - GrpcServer channel type EpollServerSocketChannel
2024-01-08 22:37:28,048 [main] INFO  replication.ReplicationSupervisor (ReplicationSupervisor.java:build(163)) - Initializing replication supervisor with thread count = 10
2024-01-08 22:37:28,048 [main] INFO  replication.ReplicationSupervisor (ReplicationSupervisor.java:nodeStateUpdated(317)) - Node state updated to IN_SERVICE, scaling executor pool size to 10
2024-01-08 22:37:28,049 [main] INFO  http.BaseHttpServer (BaseHttpServer.java:newHttpServer2BuilderForOzone(223)) - Starting Web-server for hddsDatanode at: http://0.0.0.0:15410
2024-01-08 22:37:28,049 [main] INFO  http.BaseHttpServer (BaseHttpServer.java:<init>(110)) - Hadoop Security Enabled: false Ozone Security Enabled: false Ozone HTTP Security Enabled: false 
2024-01-08 22:37:28,050 [main] WARN  server.AuthenticationFilter (AuthenticationFilter.java:constructSecretProvider(240)) - Unable to initialize FileSignerSecretProvider, falling back to use random secrets. Reason: Could not read signature secret file: /home/runner/hadoop-http-auth-signature-secret
2024-01-08 22:37:28,050 [main] INFO  http.HttpRequestLog (HttpRequestLog.java:getRequestLog(86)) - Http request log for http.requests.hddsDatanode is not defined
2024-01-08 22:37:28,051 [main] INFO  http.HttpServer2 (HttpServer2.java:addGlobalFilter(1036)) - Added global filter 'safety' (class=org.apache.hadoop.hdds.server.http.HttpServer2$QuotingInputFilter)
2024-01-08 22:37:28,051 [main] INFO  http.HttpServer2 (HttpServer2.java:addFilter(1012)) - Added filter static_user_filter (class=org.apache.hadoop.http.lib.StaticUserWebFilter$StaticUserFilter) to context hddsDatanode
2024-01-08 22:37:28,051 [main] INFO  http.HttpServer2 (HttpServer2.java:addFilter(1020)) - Added filter static_user_filter (class=org.apache.hadoop.http.lib.StaticUserWebFilter$StaticUserFilter) to context logs
2024-01-08 22:37:28,052 [main] INFO  http.HttpServer2 (HttpServer2.java:addFilter(1020)) - Added filter static_user_filter (class=org.apache.hadoop.http.lib.StaticUserWebFilter$StaticUserFilter) to context static
2024-01-08 22:37:28,052 [main] INFO  http.BaseHttpServer (BaseHttpServer.java:<init>(189)) - HTTP server of hddsDatanode uses base directory /home/runner/work/ozone/ozone/hadoop-ozone/integration-test/target/test-dir/MiniOzoneClusterImpl-c2c64c26-053e-4d1e-83e3-051e2bfa4916/datanode-5/meta/webserver
2024-01-08 22:37:28,052 [main] INFO  http.HttpServer2 (HttpServer2.java:bindListener(1236)) - Jetty bound to port 15410
2024-01-08 22:37:28,052 [main] INFO  server.Server (Server.java:doStart(375)) - jetty-9.4.53.v20231009; built: 2023-10-09T12:29:09.265Z; git: 27bde00a0b95a1d5bbee0eae7984f891d2d0f8c9; jvm 1.8.0_392-b08
2024-01-08 22:37:28,053 [main] INFO  server.session (DefaultSessionIdManager.java:doStart(334)) - DefaultSessionIdManager workerName=node0
2024-01-08 22:37:28,053 [main] INFO  server.session (DefaultSessionIdManager.java:doStart(339)) - No SessionScavenger set, using defaults
2024-01-08 22:37:28,053 [main] INFO  server.session (HouseKeeper.java:startScavenging(132)) - node0 Scavenging every 600000ms
2024-01-08 22:37:28,054 [main] INFO  handler.ContextHandler (ContextHandler.java:doStart(921)) - Started o.e.j.s.ServletContextHandler@6a0a8f55{logs,/logs,file:///home/runner/work/ozone/ozone/hadoop-ozone/integration-test/target/log,AVAILABLE}
2024-01-08 22:37:28,054 [main] INFO  handler.ContextHandler (ContextHandler.java:doStart(921)) - Started o.e.j.s.ServletContextHandler@44a759c8{static,/static,jar:file:/home/runner/.m2/repository/org/apache/ozone/hdds-container-service/1.5.0-SNAPSHOT/hdds-container-service-1.5.0-SNAPSHOT.jar!/webapps/static,AVAILABLE}
2024-01-08 22:37:28,086 [main] INFO  handler.ContextHandler (ContextHandler.java:doStart(921)) - Started o.e.j.w.WebAppContext@517c7b30{hddsDatanode,/,file:///home/runner/work/ozone/ozone/hadoop-ozone/integration-test/target/test-dir/MiniOzoneClusterImpl-c2c64c26-053e-4d1e-83e3-051e2bfa4916/datanode-5/meta/webserver/jetty-0_0_0_0-15410-hdds-container-service-1_5_0-SNAPSHOT_jar-_-any-6545644788209139725/webapp/,AVAILABLE}{jar:file:/home/runner/.m2/repository/org/apache/ozone/hdds-container-service/1.5.0-SNAPSHOT/hdds-container-service-1.5.0-SNAPSHOT.jar!/webapps/hddsDatanode}
2024-01-08 22:37:28,088 [main] INFO  server.AbstractConnector (AbstractConnector.java:doStart(333)) - Started ServerConnector@456b60a0{HTTP/1.1, (http/1.1)}{0.0.0.0:15410}
2024-01-08 22:37:28,088 [main] INFO  server.Server (Server.java:doStart(415)) - Started @135384ms
2024-01-08 22:37:28,089 [main] WARN  impl.MetricsSystemImpl (MetricsSystemImpl.java:register(279)) - Sink prometheus already exists!
2024-01-08 22:37:28,089 [main] INFO  http.BaseHttpServer (BaseHttpServer.java:updateConnectorAddress(354)) - HTTP server of hddsDatanode listening at http://0.0.0.0:15410
2024-01-08 22:37:28,090 [main] INFO  ipc.CallQueueManager (CallQueueManager.java:<init>(90)) - Using callQueue: class java.util.concurrent.LinkedBlockingQueue, queueCapacity: 100, scheduler: class org.apache.hadoop.ipc.DefaultRpcScheduler, ipcBackoff: false.
2024-01-08 22:37:28,090 [main] INFO  ipc.Server (Server.java:<init>(1287)) - Listener at 0.0.0.0:15411
2024-01-08 22:37:28,090 [Socket Reader #1 for port 15411] INFO  ipc.Server (Server.java:run(1323)) - Starting Socket Reader #1 for port 15411
2024-01-08 22:37:28,093 [main] INFO  ozone.HddsDatanodeService (HddsDatanodeService.java:start(324)) - Datanode start with admins: [runner]
2024-01-08 22:37:28,093 [main] INFO  ozone.HddsDatanodeClientProtocolServer (HddsDatanodeClientProtocolServer.java:start(72)) - RPC server for Client /0.0.0.0:15411
2024-01-08 22:37:28,093 [IPC Server Responder] INFO  ipc.Server (Server.java:run(1562)) - IPC Server Responder: starting
2024-01-08 22:37:28,093 [IPC Server listener on 15411] INFO  ipc.Server (Server.java:run(1402)) - IPC Server listener on 15411: starting
2024-01-08 22:37:28,094 [c15a1dbd-1c17-41f9-9118-60766ac127ad-DatanodeStateMachineDaemonThread] INFO  statemachine.DatanodeStateMachine (DatanodeStateMachine.java:lambda$startDaemon$1(555)) - Ozone container server started.
2024-01-08 22:37:28,094 [main] WARN  dropwizard3.Dm3MetricRegistriesImpl (Dm3MetricRegistriesImpl.java:addReporterRegistration(113)) - New reporters are added after registries were created. Some metrics will be missing from the reporter. Please add reporter before adding any new registry.
2024-01-08 22:37:28,095 [main] WARN  dropwizard3.Dm3MetricRegistriesImpl (Dm3MetricRegistriesImpl.java:addReporterRegistration(113)) - New reporters are added after registries were created. Some metrics will be missing from the reporter. Please add reporter before adding any new registry.
2024-01-08 22:37:28,095 [main] INFO  impl.MetricsSystemImpl (MetricsSystemImpl.java:init(158)) - HddsDatanode metrics system started (again)
2024-01-08 22:37:28,097 [c15a1dbd-1c17-41f9-9118-60766ac127ad-DatanodeStateMachineTaskThread-0] INFO  datanode.InitDatanodeState (InitDatanodeState.java:persistContainerDatanodeDetails(139)) - DatanodeDetails is persisted to /home/runner/work/ozone/ozone/hadoop-ozone/integration-test/target/test-dir/MiniOzoneClusterImpl-c2c64c26-053e-4d1e-83e3-051e2bfa4916/datanode-5/meta/datanode.id
2024-01-08 22:37:28,103 [main] INFO  ozone.HddsDatanodeService (HddsDatanodeService.java:start(239)) - HddsDatanodeService host:fv-az1425-465 ip:10.1.0.16
2024-01-08 22:37:28,117 [main] INFO  upgrade.AbstractLayoutVersionManager (AbstractLayoutVersionManager.java:init(83)) - Initializing Layout version manager with metadata layout = HADOOP_PRC_PORTS_IN_DATANODEDETAILS (version = 7), software layout = HADOOP_PRC_PORTS_IN_DATANODEDETAILS (version = 7)
2024-01-08 22:37:28,117 [main] INFO  statemachine.DatanodeStateMachine (DatanodeStateMachine.java:getEndPointTaskThreadPoolSize(299)) - Datanode State Machine Task Thread Pool size 2
2024-01-08 22:37:28,118 [main] INFO  volume.HddsVolume (HddsVolume.java:<init>(125)) - Creating HddsVolume: /home/runner/work/ozone/ozone/hadoop-ozone/integration-test/target/test-dir/MiniOzoneClusterImpl-c2c64c26-053e-4d1e-83e3-051e2bfa4916/datanode-6/data-0/containers/hdds of storage type : DISK capacity : 9223372036854775807
2024-01-08 22:37:28,118 [main] INFO  volume.MutableVolumeSet (MutableVolumeSet.java:initializeVolumeSet(173)) - Added Volume : /home/runner/work/ozone/ozone/hadoop-ozone/integration-test/target/test-dir/MiniOzoneClusterImpl-c2c64c26-053e-4d1e-83e3-051e2bfa4916/datanode-6/data-0/containers/hdds to VolumeSet
2024-01-08 22:37:28,119 [main] INFO  volume.MutableVolumeSet (MutableVolumeSet.java:initializeVolumeSet(173)) - Added Volume : /home/runner/work/ozone/ozone/hadoop-ozone/integration-test/target/test-dir/MiniOzoneClusterImpl-c2c64c26-053e-4d1e-83e3-051e2bfa4916/datanode-6/data/ratis to VolumeSet
2024-01-08 22:37:28,119 [main] INFO  ozoneimpl.OzoneContainer (HddsVolumeUtil.java:loadAllHddsVolumeDbStore(103)) - Load 1 volumes DbStore cost: 0ms
2024-01-08 22:37:28,119 [0d9d6b7b-744f-4f5a-b215-8082335ad77a-ContainerReader-0] INFO  ozoneimpl.ContainerReader (ContainerReader.java:readVolume(178)) - Finish verifying containers on volume /home/runner/work/ozone/ozone/hadoop-ozone/integration-test/target/test-dir/MiniOzoneClusterImpl-c2c64c26-053e-4d1e-83e3-051e2bfa4916/datanode-6/data-0/containers/hdds
2024-01-08 22:37:28,119 [main] INFO  ozoneimpl.OzoneContainer (OzoneContainer.java:buildContainerSet(326)) - Build ContainerSet costs 0s
2024-01-08 22:37:28,120 [main] INFO  server.RaftServer (ConfUtils.java:logGet(46)) - raft.rpc.type = GRPC (default)
2024-01-08 22:37:28,121 [main] INFO  grpc.GrpcConfigKeys (ConfUtils.java:logFallback(53)) - raft.grpc.admin.host = null (fallback to raft.grpc.server.host)
2024-01-08 22:37:28,121 [main] INFO  grpc.GrpcConfigKeys (ConfUtils.java:logGet(46)) - raft.grpc.admin.port = 15423 (custom)
2024-01-08 22:37:28,121 [main] INFO  grpc.GrpcConfigKeys (ConfUtils.java:logFallback(53)) - raft.grpc.client.host = null (fallback to raft.grpc.server.host)
2024-01-08 22:37:28,121 [main] INFO  grpc.GrpcConfigKeys (ConfUtils.java:logGet(46)) - raft.grpc.client.port = 15422 (custom)
2024-01-08 22:37:28,121 [main] INFO  grpc.GrpcConfigKeys (ConfUtils.java:logGet(46)) - raft.grpc.server.host = null (default)
2024-01-08 22:37:28,121 [main] INFO  grpc.GrpcConfigKeys (ConfUtils.java:logGet(46)) - raft.grpc.server.port = 15424 (custom)
2024-01-08 22:37:28,121 [main] INFO  server.GrpcService (ConfUtils.java:logGet(46)) - raft.grpc.message.size.max = 32MB (=33554432) (custom)
2024-01-08 22:37:28,121 [main] INFO  server.RaftServerConfigKeys (ConfUtils.java:logGet(46)) - raft.server.log.appender.buffer.byte-limit = 8388608 (custom)
2024-01-08 22:37:28,121 [main] INFO  server.GrpcService (ConfUtils.java:logGet(46)) - raft.grpc.flow.control.window = 5MB (=5242880) (custom)
2024-01-08 22:37:28,122 [main] INFO  server.RaftServerConfigKeys (ConfUtils.java:logGet(46)) - raft.server.rpc.request.timeout = 3000ms (default)
2024-01-08 22:37:28,122 [main] INFO  grpc.GrpcConfigKeys (ConfUtils.java:logGet(46)) - raft.grpc.server.heartbeat.channel = true (default)
2024-01-08 22:37:28,122 [main] INFO  grpc.GrpcConfigKeys (ConfUtils.java:logGet(46)) - raft.grpc.server.async.request.thread.pool.cached = true (default)
2024-01-08 22:37:28,122 [main] INFO  grpc.GrpcConfigKeys (ConfUtils.java:logGet(46)) - raft.grpc.server.async.request.thread.pool.size = 32 (default)
2024-01-08 22:37:28,123 [main] INFO  impl.DataStreamServerImpl (ConfUtils.java:logGet(46)) - raft.datastream.type = NETTY (custom)
2024-01-08 22:37:28,124 [main] INFO  server.RaftServerConfigKeys (ConfUtils.java:logGet(46)) - raft.server.data-stream.async.request.thread.pool.cached = false (default)
2024-01-08 22:37:28,124 [main] INFO  server.RaftServerConfigKeys (ConfUtils.java:logGet(46)) - raft.server.data-stream.async.request.thread.pool.size = 20 (custom)
2024-01-08 22:37:28,124 [main] INFO  server.RaftServerConfigKeys (ConfUtils.java:logGet(46)) - raft.server.data-stream.async.write.thread.pool.size = 16 (default)
2024-01-08 22:37:28,124 [main] INFO  netty.NettyConfigKeys$DataStream (ConfUtils.java:logGet(46)) - raft.netty.dataStream.server.channel.inactive.grace-period = 10min (default)
2024-01-08 22:37:28,124 [main] INFO  server.RaftServerConfigKeys (ConfUtils.java:logGet(46)) - raft.server.data-stream.client.pool.size = 10 (default)
2024-01-08 22:37:28,124 [main] INFO  netty.NettyConfigKeys$DataStream (ConfUtils.java:logGet(46)) - raft.netty.dataStream.server.use-epoll = true (default)
2024-01-08 22:37:28,124 [main] INFO  netty.NettyConfigKeys$DataStream (ConfUtils.java:logGet(46)) - raft.netty.dataStream.server.boss-group.size = 0 (default)
2024-01-08 22:37:28,124 [main] INFO  netty.NettyUtils (NettyUtils.java:newEventLoopGroup(69)) - Create EpollEventLoopGroup for 0d9d6b7b-744f-4f5a-b215-8082335ad77a-NettyServerStreamRpc-bossGroup; Thread size is 0.
2024-01-08 22:37:28,125 [main] INFO  netty.NettyConfigKeys$DataStream (ConfUtils.java:logGet(46)) - raft.netty.dataStream.server.worker-group.size = 0 (default)
2024-01-08 22:37:28,125 [main] INFO  netty.NettyUtils (NettyUtils.java:newEventLoopGroup(69)) - Create EpollEventLoopGroup for 0d9d6b7b-744f-4f5a-b215-8082335ad77a-NettyServerStreamRpc-workerGroup; Thread size is 0.
2024-01-08 22:37:28,125 [main] INFO  netty.NettyConfigKeys$DataStream (ConfUtils.java:logGet(46)) - raft.netty.dataStream.server.tls.conf = null (default)
2024-01-08 22:37:28,125 [main] INFO  netty.NettyConfigKeys$DataStream (ConfUtils.java:logGet(46)) - raft.netty.dataStream.host = null (default)
2024-01-08 22:37:28,125 [main] INFO  netty.NettyConfigKeys$DataStream (ConfUtils.java:logGet(46)) - raft.netty.dataStream.port = 15425 (custom)
2024-01-08 22:37:28,125 [main] INFO  server.RaftServerConfigKeys (ConfUtils.java:logGet(46)) - raft.server.sleep.deviation.threshold = 300ms (default)
2024-01-08 22:37:28,125 [0d9d6b7b-744f-4f5a-b215-8082335ad77a-NettyServerStreamRpc-bossGroup--thread1] INFO  logging.LoggingHandler (AbstractInternalLogger.java:log(148)) - [id: 0x276526df] REGISTERED
2024-01-08 22:37:28,125 [main] INFO  server.RaftServerConfigKeys (ConfUtils.java:logGet(46)) - raft.server.close.threshold = 60s (default)
2024-01-08 22:37:28,126 [0d9d6b7b-744f-4f5a-b215-8082335ad77a-NettyServerStreamRpc-bossGroup--thread1] INFO  logging.LoggingHandler (AbstractInternalLogger.java:log(148)) - [id: 0x276526df] BIND: 0.0.0.0/0.0.0.0:15425
2024-01-08 22:37:28,126 [main] INFO  server.RaftServerConfigKeys (ConfUtils.java:logGet(46)) - raft.server.leaderelection.leader.step-down.wait-time = 10s (default)
2024-01-08 22:37:28,126 [0d9d6b7b-744f-4f5a-b215-8082335ad77a-NettyServerStreamRpc-bossGroup--thread1] INFO  logging.LoggingHandler (AbstractInternalLogger.java:log(148)) - [id: 0x276526df, L:/0.0.0.0:15425] ACTIVE
2024-01-08 22:37:28,126 [main] INFO  server.RaftServerConfigKeys (ConfUtils.java:logGet(46)) - raft.server.storage.dir = [/home/runner/work/ozone/ozone/hadoop-ozone/integration-test/target/test-dir/MiniOzoneClusterImpl-c2c64c26-053e-4d1e-83e3-051e2bfa4916/datanode-6/data/ratis] (custom)
2024-01-08 22:37:28,126 [main] INFO  server.RaftServerConfigKeys (ConfUtils.java:logGet(46)) - raft.server.threadpool.proxy.cached = true (default)
2024-01-08 22:37:28,126 [main] INFO  server.RaftServerConfigKeys (ConfUtils.java:logGet(46)) - raft.server.threadpool.proxy.size = 0 (default)
2024-01-08 22:37:28,127 [0d9d6b7b-744f-4f5a-b215-8082335ad77a-impl-thread1] INFO  server.RaftServer (RaftServerProxy.java:initGroupDir(264)) - 0d9d6b7b-744f-4f5a-b215-8082335ad77a: found a subdirectory /home/runner/work/ozone/ozone/hadoop-ozone/integration-test/target/test-dir/MiniOzoneClusterImpl-c2c64c26-053e-4d1e-83e3-051e2bfa4916/datanode-6/data/ratis/tmp
2024-01-08 22:37:28,127 [0d9d6b7b-744f-4f5a-b215-8082335ad77a-impl-thread1] INFO  server.RaftServer (RaftServerProxy.java:initGroupDir(269)) - 0d9d6b7b-744f-4f5a-b215-8082335ad77a: The directory /home/runner/work/ozone/ozone/hadoop-ozone/integration-test/target/test-dir/MiniOzoneClusterImpl-c2c64c26-053e-4d1e-83e3-051e2bfa4916/datanode-6/data/ratis/tmp is not a group directory; ignoring it. 
2024-01-08 22:37:28,127 [main] INFO  replication.ReplicationServer (ReplicationServer.java:<init>(85)) - Initializing replication server with thread count = 10 queue length = 4096
2024-01-08 22:37:28,128 [main] INFO  server.XceiverServerGrpc (XceiverServerGrpc.java:<init>(141)) - GrpcServer channel type EpollServerSocketChannel
2024-01-08 22:37:28,129 [main] INFO  replication.ReplicationSupervisor (ReplicationSupervisor.java:build(163)) - Initializing replication supervisor with thread count = 10
2024-01-08 22:37:28,129 [main] INFO  replication.ReplicationSupervisor (ReplicationSupervisor.java:nodeStateUpdated(317)) - Node state updated to IN_SERVICE, scaling executor pool size to 10
2024-01-08 22:37:28,130 [main] INFO  http.BaseHttpServer (BaseHttpServer.java:newHttpServer2BuilderForOzone(223)) - Starting Web-server for hddsDatanode at: http://0.0.0.0:15419
2024-01-08 22:37:28,130 [main] INFO  http.BaseHttpServer (BaseHttpServer.java:<init>(110)) - Hadoop Security Enabled: false Ozone Security Enabled: false Ozone HTTP Security Enabled: false 
2024-01-08 22:37:28,131 [main] WARN  server.AuthenticationFilter (AuthenticationFilter.java:constructSecretProvider(240)) - Unable to initialize FileSignerSecretProvider, falling back to use random secrets. Reason: Could not read signature secret file: /home/runner/hadoop-http-auth-signature-secret
2024-01-08 22:37:28,131 [main] INFO  http.HttpRequestLog (HttpRequestLog.java:getRequestLog(86)) - Http request log for http.requests.hddsDatanode is not defined
2024-01-08 22:37:28,132 [main] INFO  http.HttpServer2 (HttpServer2.java:addGlobalFilter(1036)) - Added global filter 'safety' (class=org.apache.hadoop.hdds.server.http.HttpServer2$QuotingInputFilter)
2024-01-08 22:37:28,132 [main] INFO  http.HttpServer2 (HttpServer2.java:addFilter(1012)) - Added filter static_user_filter (class=org.apache.hadoop.http.lib.StaticUserWebFilter$StaticUserFilter) to context hddsDatanode
2024-01-08 22:37:28,132 [main] INFO  http.HttpServer2 (HttpServer2.java:addFilter(1020)) - Added filter static_user_filter (class=org.apache.hadoop.http.lib.StaticUserWebFilter$StaticUserFilter) to context logs
2024-01-08 22:37:28,132 [main] INFO  http.HttpServer2 (HttpServer2.java:addFilter(1020)) - Added filter static_user_filter (class=org.apache.hadoop.http.lib.StaticUserWebFilter$StaticUserFilter) to context static
2024-01-08 22:37:28,133 [main] INFO  http.BaseHttpServer (BaseHttpServer.java:<init>(189)) - HTTP server of hddsDatanode uses base directory /home/runner/work/ozone/ozone/hadoop-ozone/integration-test/target/test-dir/MiniOzoneClusterImpl-c2c64c26-053e-4d1e-83e3-051e2bfa4916/datanode-6/meta/webserver
2024-01-08 22:37:28,133 [main] INFO  http.HttpServer2 (HttpServer2.java:bindListener(1236)) - Jetty bound to port 15419
2024-01-08 22:37:28,133 [main] INFO  server.Server (Server.java:doStart(375)) - jetty-9.4.53.v20231009; built: 2023-10-09T12:29:09.265Z; git: 27bde00a0b95a1d5bbee0eae7984f891d2d0f8c9; jvm 1.8.0_392-b08
2024-01-08 22:37:28,134 [main] INFO  server.session (DefaultSessionIdManager.java:doStart(334)) - DefaultSessionIdManager workerName=node0
2024-01-08 22:37:28,134 [main] INFO  server.session (DefaultSessionIdManager.java:doStart(339)) - No SessionScavenger set, using defaults
2024-01-08 22:37:28,134 [main] INFO  server.session (HouseKeeper.java:startScavenging(132)) - node0 Scavenging every 660000ms
2024-01-08 22:37:28,135 [main] INFO  handler.ContextHandler (ContextHandler.java:doStart(921)) - Started o.e.j.s.ServletContextHandler@6b04770d{logs,/logs,file:///home/runner/work/ozone/ozone/hadoop-ozone/integration-test/target/log,AVAILABLE}
2024-01-08 22:37:28,135 [main] INFO  handler.ContextHandler (ContextHandler.java:doStart(921)) - Started o.e.j.s.ServletContextHandler@34380041{static,/static,jar:file:/home/runner/.m2/repository/org/apache/ozone/hdds-container-service/1.5.0-SNAPSHOT/hdds-container-service-1.5.0-SNAPSHOT.jar!/webapps/static,AVAILABLE}
2024-01-08 22:37:28,168 [main] INFO  handler.ContextHandler (ContextHandler.java:doStart(921)) - Started o.e.j.w.WebAppContext@592f0838{hddsDatanode,/,file:///home/runner/work/ozone/ozone/hadoop-ozone/integration-test/target/test-dir/MiniOzoneClusterImpl-c2c64c26-053e-4d1e-83e3-051e2bfa4916/datanode-6/meta/webserver/jetty-0_0_0_0-15419-hdds-container-service-1_5_0-SNAPSHOT_jar-_-any-4761383860197625367/webapp/,AVAILABLE}{jar:file:/home/runner/.m2/repository/org/apache/ozone/hdds-container-service/1.5.0-SNAPSHOT/hdds-container-service-1.5.0-SNAPSHOT.jar!/webapps/hddsDatanode}
2024-01-08 22:37:28,168 [main] INFO  server.AbstractConnector (AbstractConnector.java:doStart(333)) - Started ServerConnector@60adb5e8{HTTP/1.1, (http/1.1)}{0.0.0.0:15419}
2024-01-08 22:37:28,168 [main] INFO  server.Server (Server.java:doStart(415)) - Started @135464ms
2024-01-08 22:37:28,168 [main] WARN  impl.MetricsSystemImpl (MetricsSystemImpl.java:register(279)) - Sink prometheus already exists!
2024-01-08 22:37:28,169 [main] INFO  http.BaseHttpServer (BaseHttpServer.java:updateConnectorAddress(354)) - HTTP server of hddsDatanode listening at http://0.0.0.0:15419
2024-01-08 22:37:28,169 [main] INFO  ipc.CallQueueManager (CallQueueManager.java:<init>(90)) - Using callQueue: class java.util.concurrent.LinkedBlockingQueue, queueCapacity: 100, scheduler: class org.apache.hadoop.ipc.DefaultRpcScheduler, ipcBackoff: false.
2024-01-08 22:37:28,169 [main] INFO  ipc.Server (Server.java:<init>(1287)) - Listener at 0.0.0.0:15420
2024-01-08 22:37:28,170 [Socket Reader #1 for port 15420] INFO  ipc.Server (Server.java:run(1323)) - Starting Socket Reader #1 for port 15420
2024-01-08 22:37:28,171 [main] INFO  ozone.HddsDatanodeService (HddsDatanodeService.java:start(324)) - Datanode start with admins: [runner]
2024-01-08 22:37:28,171 [main] INFO  ozone.HddsDatanodeClientProtocolServer (HddsDatanodeClientProtocolServer.java:start(72)) - RPC server for Client /0.0.0.0:15420
2024-01-08 22:37:28,174 [IPC Server Responder] INFO  ipc.Server (Server.java:run(1562)) - IPC Server Responder: starting
2024-01-08 22:37:28,174 [IPC Server listener on 15420] INFO  ipc.Server (Server.java:run(1402)) - IPC Server listener on 15420: starting
2024-01-08 22:37:28,175 [0d9d6b7b-744f-4f5a-b215-8082335ad77a-DatanodeStateMachineDaemonThread] INFO  statemachine.DatanodeStateMachine (DatanodeStateMachine.java:lambda$startDaemon$1(555)) - Ozone container server started.
2024-01-08 22:37:28,176 [main] WARN  dropwizard3.Dm3MetricRegistriesImpl (Dm3MetricRegistriesImpl.java:addReporterRegistration(113)) - New reporters are added after registries were created. Some metrics will be missing from the reporter. Please add reporter before adding any new registry.
2024-01-08 22:37:28,176 [main] WARN  dropwizard3.Dm3MetricRegistriesImpl (Dm3MetricRegistriesImpl.java:addReporterRegistration(113)) - New reporters are added after registries were created. Some metrics will be missing from the reporter. Please add reporter before adding any new registry.
2024-01-08 22:37:28,176 [main] INFO  impl.MetricsSystemImpl (MetricsSystemImpl.java:init(158)) - HddsDatanode metrics system started (again)
2024-01-08 22:37:28,178 [0d9d6b7b-744f-4f5a-b215-8082335ad77a-DatanodeStateMachineTaskThread-0] INFO  datanode.InitDatanodeState (InitDatanodeState.java:persistContainerDatanodeDetails(139)) - DatanodeDetails is persisted to /home/runner/work/ozone/ozone/hadoop-ozone/integration-test/target/test-dir/MiniOzoneClusterImpl-c2c64c26-053e-4d1e-83e3-051e2bfa4916/datanode-6/meta/datanode.id
2024-01-08 22:37:28,185 [main] INFO  ozone.HddsDatanodeService (HddsDatanodeService.java:start(239)) - HddsDatanodeService host:fv-az1425-465 ip:10.1.0.16
2024-01-08 22:37:28,200 [main] INFO  upgrade.AbstractLayoutVersionManager (AbstractLayoutVersionManager.java:init(83)) - Initializing Layout version manager with metadata layout = HADOOP_PRC_PORTS_IN_DATANODEDETAILS (version = 7), software layout = HADOOP_PRC_PORTS_IN_DATANODEDETAILS (version = 7)
2024-01-08 22:37:28,200 [main] INFO  statemachine.DatanodeStateMachine (DatanodeStateMachine.java:getEndPointTaskThreadPoolSize(299)) - Datanode State Machine Task Thread Pool size 2
2024-01-08 22:37:28,201 [main] INFO  volume.HddsVolume (HddsVolume.java:<init>(125)) - Creating HddsVolume: /home/runner/work/ozone/ozone/hadoop-ozone/integration-test/target/test-dir/MiniOzoneClusterImpl-c2c64c26-053e-4d1e-83e3-051e2bfa4916/datanode-7/data-0/containers/hdds of storage type : DISK capacity : 9223372036854775807
2024-01-08 22:37:28,201 [main] INFO  volume.MutableVolumeSet (MutableVolumeSet.java:initializeVolumeSet(173)) - Added Volume : /home/runner/work/ozone/ozone/hadoop-ozone/integration-test/target/test-dir/MiniOzoneClusterImpl-c2c64c26-053e-4d1e-83e3-051e2bfa4916/datanode-7/data-0/containers/hdds to VolumeSet
2024-01-08 22:37:28,201 [main] INFO  volume.MutableVolumeSet (MutableVolumeSet.java:initializeVolumeSet(173)) - Added Volume : /home/runner/work/ozone/ozone/hadoop-ozone/integration-test/target/test-dir/MiniOzoneClusterImpl-c2c64c26-053e-4d1e-83e3-051e2bfa4916/datanode-7/data/ratis to VolumeSet
2024-01-08 22:37:28,202 [main] INFO  ozoneimpl.OzoneContainer (HddsVolumeUtil.java:loadAllHddsVolumeDbStore(103)) - Load 1 volumes DbStore cost: 0ms
2024-01-08 22:37:28,202 [92bfa79f-b082-4a9b-a2b8-9a2f5047304a-ContainerReader-0] INFO  ozoneimpl.ContainerReader (ContainerReader.java:readVolume(178)) - Finish verifying containers on volume /home/runner/work/ozone/ozone/hadoop-ozone/integration-test/target/test-dir/MiniOzoneClusterImpl-c2c64c26-053e-4d1e-83e3-051e2bfa4916/datanode-7/data-0/containers/hdds
2024-01-08 22:37:28,202 [main] INFO  ozoneimpl.OzoneContainer (OzoneContainer.java:buildContainerSet(326)) - Build ContainerSet costs 0s
2024-01-08 22:37:28,203 [main] INFO  server.RaftServer (ConfUtils.java:logGet(46)) - raft.rpc.type = GRPC (default)
2024-01-08 22:37:28,203 [main] INFO  grpc.GrpcConfigKeys (ConfUtils.java:logFallback(53)) - raft.grpc.admin.host = null (fallback to raft.grpc.server.host)
2024-01-08 22:37:28,203 [main] INFO  grpc.GrpcConfigKeys (ConfUtils.java:logGet(46)) - raft.grpc.admin.port = 15432 (custom)
2024-01-08 22:37:28,204 [main] INFO  grpc.GrpcConfigKeys (ConfUtils.java:logFallback(53)) - raft.grpc.client.host = null (fallback to raft.grpc.server.host)
2024-01-08 22:37:28,204 [main] INFO  grpc.GrpcConfigKeys (ConfUtils.java:logGet(46)) - raft.grpc.client.port = 15431 (custom)
2024-01-08 22:37:28,204 [main] INFO  grpc.GrpcConfigKeys (ConfUtils.java:logGet(46)) - raft.grpc.server.host = null (default)
2024-01-08 22:37:28,204 [main] INFO  grpc.GrpcConfigKeys (ConfUtils.java:logGet(46)) - raft.grpc.server.port = 15433 (custom)
2024-01-08 22:37:28,204 [main] INFO  server.GrpcService (ConfUtils.java:logGet(46)) - raft.grpc.message.size.max = 32MB (=33554432) (custom)
2024-01-08 22:37:28,204 [main] INFO  server.RaftServerConfigKeys (ConfUtils.java:logGet(46)) - raft.server.log.appender.buffer.byte-limit = 8388608 (custom)
2024-01-08 22:37:28,204 [main] INFO  server.GrpcService (ConfUtils.java:logGet(46)) - raft.grpc.flow.control.window = 5MB (=5242880) (custom)
2024-01-08 22:37:28,204 [main] INFO  server.RaftServerConfigKeys (ConfUtils.java:logGet(46)) - raft.server.rpc.request.timeout = 3000ms (default)
2024-01-08 22:37:28,204 [main] INFO  grpc.GrpcConfigKeys (ConfUtils.java:logGet(46)) - raft.grpc.server.heartbeat.channel = true (default)
2024-01-08 22:37:28,205 [main] INFO  grpc.GrpcConfigKeys (ConfUtils.java:logGet(46)) - raft.grpc.server.async.request.thread.pool.cached = true (default)
2024-01-08 22:37:28,205 [main] INFO  grpc.GrpcConfigKeys (ConfUtils.java:logGet(46)) - raft.grpc.server.async.request.thread.pool.size = 32 (default)
2024-01-08 22:37:28,206 [main] INFO  impl.DataStreamServerImpl (ConfUtils.java:logGet(46)) - raft.datastream.type = NETTY (custom)
2024-01-08 22:37:28,206 [main] INFO  server.RaftServerConfigKeys (ConfUtils.java:logGet(46)) - raft.server.data-stream.async.request.thread.pool.cached = false (default)
2024-01-08 22:37:28,207 [main] INFO  server.RaftServerConfigKeys (ConfUtils.java:logGet(46)) - raft.server.data-stream.async.request.thread.pool.size = 20 (custom)
2024-01-08 22:37:28,207 [main] INFO  server.RaftServerConfigKeys (ConfUtils.java:logGet(46)) - raft.server.data-stream.async.write.thread.pool.size = 16 (default)
2024-01-08 22:37:28,207 [main] INFO  netty.NettyConfigKeys$DataStream (ConfUtils.java:logGet(46)) - raft.netty.dataStream.server.channel.inactive.grace-period = 10min (default)
2024-01-08 22:37:28,207 [main] INFO  server.RaftServerConfigKeys (ConfUtils.java:logGet(46)) - raft.server.data-stream.client.pool.size = 10 (default)
2024-01-08 22:37:28,207 [main] INFO  netty.NettyConfigKeys$DataStream (ConfUtils.java:logGet(46)) - raft.netty.dataStream.server.use-epoll = true (default)
2024-01-08 22:37:28,207 [main] INFO  netty.NettyConfigKeys$DataStream (ConfUtils.java:logGet(46)) - raft.netty.dataStream.server.boss-group.size = 0 (default)
2024-01-08 22:37:28,207 [main] INFO  netty.NettyUtils (NettyUtils.java:newEventLoopGroup(69)) - Create EpollEventLoopGroup for 92bfa79f-b082-4a9b-a2b8-9a2f5047304a-NettyServerStreamRpc-bossGroup; Thread size is 0.
2024-01-08 22:37:28,207 [main] INFO  netty.NettyConfigKeys$DataStream (ConfUtils.java:logGet(46)) - raft.netty.dataStream.server.worker-group.size = 0 (default)
2024-01-08 22:37:28,208 [main] INFO  netty.NettyUtils (NettyUtils.java:newEventLoopGroup(69)) - Create EpollEventLoopGroup for 92bfa79f-b082-4a9b-a2b8-9a2f5047304a-NettyServerStreamRpc-workerGroup; Thread size is 0.
2024-01-08 22:37:28,208 [main] INFO  netty.NettyConfigKeys$DataStream (ConfUtils.java:logGet(46)) - raft.netty.dataStream.server.tls.conf = null (default)
2024-01-08 22:37:28,208 [main] INFO  netty.NettyConfigKeys$DataStream (ConfUtils.java:logGet(46)) - raft.netty.dataStream.host = null (default)
2024-01-08 22:37:28,208 [main] INFO  netty.NettyConfigKeys$DataStream (ConfUtils.java:logGet(46)) - raft.netty.dataStream.port = 15434 (custom)
2024-01-08 22:37:28,208 [main] INFO  server.RaftServerConfigKeys (ConfUtils.java:logGet(46)) - raft.server.sleep.deviation.threshold = 300ms (default)
2024-01-08 22:37:28,208 [92bfa79f-b082-4a9b-a2b8-9a2f5047304a-NettyServerStreamRpc-bossGroup--thread1] INFO  logging.LoggingHandler (AbstractInternalLogger.java:log(148)) - [id: 0x2a95a071] REGISTERED
2024-01-08 22:37:28,208 [main] INFO  server.RaftServerConfigKeys (ConfUtils.java:logGet(46)) - raft.server.close.threshold = 60s (default)
2024-01-08 22:37:28,209 [main] INFO  server.RaftServerConfigKeys (ConfUtils.java:logGet(46)) - raft.server.leaderelection.leader.step-down.wait-time = 10s (default)
2024-01-08 22:37:28,209 [92bfa79f-b082-4a9b-a2b8-9a2f5047304a-NettyServerStreamRpc-bossGroup--thread1] INFO  logging.LoggingHandler (AbstractInternalLogger.java:log(148)) - [id: 0x2a95a071] BIND: 0.0.0.0/0.0.0.0:15434
2024-01-08 22:37:28,209 [main] INFO  server.RaftServerConfigKeys (ConfUtils.java:logGet(46)) - raft.server.storage.dir = [/home/runner/work/ozone/ozone/hadoop-ozone/integration-test/target/test-dir/MiniOzoneClusterImpl-c2c64c26-053e-4d1e-83e3-051e2bfa4916/datanode-7/data/ratis] (custom)
2024-01-08 22:37:28,209 [92bfa79f-b082-4a9b-a2b8-9a2f5047304a-NettyServerStreamRpc-bossGroup--thread1] INFO  logging.LoggingHandler (AbstractInternalLogger.java:log(148)) - [id: 0x2a95a071, L:/0.0.0.0:15434] ACTIVE
2024-01-08 22:37:28,209 [main] INFO  server.RaftServerConfigKeys (ConfUtils.java:logGet(46)) - raft.server.threadpool.proxy.cached = true (default)
2024-01-08 22:37:28,209 [main] INFO  server.RaftServerConfigKeys (ConfUtils.java:logGet(46)) - raft.server.threadpool.proxy.size = 0 (default)
2024-01-08 22:37:28,209 [92bfa79f-b082-4a9b-a2b8-9a2f5047304a-impl-thread1] INFO  server.RaftServer (RaftServerProxy.java:initGroupDir(264)) - 92bfa79f-b082-4a9b-a2b8-9a2f5047304a: found a subdirectory /home/runner/work/ozone/ozone/hadoop-ozone/integration-test/target/test-dir/MiniOzoneClusterImpl-c2c64c26-053e-4d1e-83e3-051e2bfa4916/datanode-7/data/ratis/tmp
2024-01-08 22:37:28,209 [92bfa79f-b082-4a9b-a2b8-9a2f5047304a-impl-thread1] INFO  server.RaftServer (RaftServerProxy.java:initGroupDir(269)) - 92bfa79f-b082-4a9b-a2b8-9a2f5047304a: The directory /home/runner/work/ozone/ozone/hadoop-ozone/integration-test/target/test-dir/MiniOzoneClusterImpl-c2c64c26-053e-4d1e-83e3-051e2bfa4916/datanode-7/data/ratis/tmp is not a group directory; ignoring it. 
2024-01-08 22:37:28,210 [main] INFO  replication.ReplicationServer (ReplicationServer.java:<init>(85)) - Initializing replication server with thread count = 10 queue length = 4096
2024-01-08 22:37:28,210 [main] INFO  server.XceiverServerGrpc (XceiverServerGrpc.java:<init>(141)) - GrpcServer channel type EpollServerSocketChannel
2024-01-08 22:37:28,211 [main] INFO  replication.ReplicationSupervisor (ReplicationSupervisor.java:build(163)) - Initializing replication supervisor with thread count = 10
2024-01-08 22:37:28,211 [main] INFO  replication.ReplicationSupervisor (ReplicationSupervisor.java:nodeStateUpdated(317)) - Node state updated to IN_SERVICE, scaling executor pool size to 10
2024-01-08 22:37:28,212 [main] INFO  http.BaseHttpServer (BaseHttpServer.java:newHttpServer2BuilderForOzone(223)) - Starting Web-server for hddsDatanode at: http://0.0.0.0:15428
2024-01-08 22:37:28,213 [main] INFO  http.BaseHttpServer (BaseHttpServer.java:<init>(110)) - Hadoop Security Enabled: false Ozone Security Enabled: false Ozone HTTP Security Enabled: false 
2024-01-08 22:37:28,213 [main] WARN  server.AuthenticationFilter (AuthenticationFilter.java:constructSecretProvider(240)) - Unable to initialize FileSignerSecretProvider, falling back to use random secrets. Reason: Could not read signature secret file: /home/runner/hadoop-http-auth-signature-secret
2024-01-08 22:37:28,214 [main] INFO  http.HttpRequestLog (HttpRequestLog.java:getRequestLog(86)) - Http request log for http.requests.hddsDatanode is not defined
2024-01-08 22:37:28,214 [main] INFO  http.HttpServer2 (HttpServer2.java:addGlobalFilter(1036)) - Added global filter 'safety' (class=org.apache.hadoop.hdds.server.http.HttpServer2$QuotingInputFilter)
2024-01-08 22:37:28,214 [main] INFO  http.HttpServer2 (HttpServer2.java:addFilter(1012)) - Added filter static_user_filter (class=org.apache.hadoop.http.lib.StaticUserWebFilter$StaticUserFilter) to context hddsDatanode
2024-01-08 22:37:28,215 [main] INFO  http.HttpServer2 (HttpServer2.java:addFilter(1020)) - Added filter static_user_filter (class=org.apache.hadoop.http.lib.StaticUserWebFilter$StaticUserFilter) to context logs
2024-01-08 22:37:28,215 [main] INFO  http.HttpServer2 (HttpServer2.java:addFilter(1020)) - Added filter static_user_filter (class=org.apache.hadoop.http.lib.StaticUserWebFilter$StaticUserFilter) to context static
2024-01-08 22:37:28,215 [main] INFO  http.BaseHttpServer (BaseHttpServer.java:<init>(189)) - HTTP server of hddsDatanode uses base directory /home/runner/work/ozone/ozone/hadoop-ozone/integration-test/target/test-dir/MiniOzoneClusterImpl-c2c64c26-053e-4d1e-83e3-051e2bfa4916/datanode-7/meta/webserver
2024-01-08 22:37:28,215 [main] INFO  http.HttpServer2 (HttpServer2.java:bindListener(1236)) - Jetty bound to port 15428
2024-01-08 22:37:28,215 [main] INFO  server.Server (Server.java:doStart(375)) - jetty-9.4.53.v20231009; built: 2023-10-09T12:29:09.265Z; git: 27bde00a0b95a1d5bbee0eae7984f891d2d0f8c9; jvm 1.8.0_392-b08
2024-01-08 22:37:28,221 [main] INFO  server.session (DefaultSessionIdManager.java:doStart(334)) - DefaultSessionIdManager workerName=node0
2024-01-08 22:37:28,222 [main] INFO  server.session (DefaultSessionIdManager.java:doStart(339)) - No SessionScavenger set, using defaults
2024-01-08 22:37:28,222 [main] INFO  server.session (HouseKeeper.java:startScavenging(132)) - node0 Scavenging every 660000ms
2024-01-08 22:37:28,222 [main] INFO  handler.ContextHandler (ContextHandler.java:doStart(921)) - Started o.e.j.s.ServletContextHandler@7233aad9{logs,/logs,file:///home/runner/work/ozone/ozone/hadoop-ozone/integration-test/target/log,AVAILABLE}
2024-01-08 22:37:28,222 [main] INFO  handler.ContextHandler (ContextHandler.java:doStart(921)) - Started o.e.j.s.ServletContextHandler@7ea2a6cc{static,/static,jar:file:/home/runner/.m2/repository/org/apache/ozone/hdds-container-service/1.5.0-SNAPSHOT/hdds-container-service-1.5.0-SNAPSHOT.jar!/webapps/static,AVAILABLE}
2024-01-08 22:37:28,256 [main] INFO  handler.ContextHandler (ContextHandler.java:doStart(921)) - Started o.e.j.w.WebAppContext@6df09fb3{hddsDatanode,/,file:///home/runner/work/ozone/ozone/hadoop-ozone/integration-test/target/test-dir/MiniOzoneClusterImpl-c2c64c26-053e-4d1e-83e3-051e2bfa4916/datanode-7/meta/webserver/jetty-0_0_0_0-15428-hdds-container-service-1_5_0-SNAPSHOT_jar-_-any-4186071506197627708/webapp/,AVAILABLE}{jar:file:/home/runner/.m2/repository/org/apache/ozone/hdds-container-service/1.5.0-SNAPSHOT/hdds-container-service-1.5.0-SNAPSHOT.jar!/webapps/hddsDatanode}
2024-01-08 22:37:28,257 [main] INFO  server.AbstractConnector (AbstractConnector.java:doStart(333)) - Started ServerConnector@1c0528eb{HTTP/1.1, (http/1.1)}{0.0.0.0:15428}
2024-01-08 22:37:28,257 [main] INFO  server.Server (Server.java:doStart(415)) - Started @135553ms
2024-01-08 22:37:28,257 [main] WARN  impl.MetricsSystemImpl (MetricsSystemImpl.java:register(279)) - Sink prometheus already exists!
2024-01-08 22:37:28,258 [main] INFO  http.BaseHttpServer (BaseHttpServer.java:updateConnectorAddress(354)) - HTTP server of hddsDatanode listening at http://0.0.0.0:15428
2024-01-08 22:37:28,258 [main] INFO  ipc.CallQueueManager (CallQueueManager.java:<init>(90)) - Using callQueue: class java.util.concurrent.LinkedBlockingQueue, queueCapacity: 100, scheduler: class org.apache.hadoop.ipc.DefaultRpcScheduler, ipcBackoff: false.
2024-01-08 22:37:28,258 [main] INFO  ipc.Server (Server.java:<init>(1287)) - Listener at 0.0.0.0:15429
2024-01-08 22:37:28,259 [Socket Reader #1 for port 15429] INFO  ipc.Server (Server.java:run(1323)) - Starting Socket Reader #1 for port 15429
2024-01-08 22:37:28,261 [main] INFO  ozone.HddsDatanodeService (HddsDatanodeService.java:start(324)) - Datanode start with admins: [runner]
2024-01-08 22:37:28,261 [main] INFO  ozone.HddsDatanodeClientProtocolServer (HddsDatanodeClientProtocolServer.java:start(72)) - RPC server for Client /0.0.0.0:15429
2024-01-08 22:37:28,261 [IPC Server Responder] INFO  ipc.Server (Server.java:run(1562)) - IPC Server Responder: starting
2024-01-08 22:37:28,268 [IPC Server listener on 15429] INFO  ipc.Server (Server.java:run(1402)) - IPC Server listener on 15429: starting
2024-01-08 22:37:28,272 [92bfa79f-b082-4a9b-a2b8-9a2f5047304a-DatanodeStateMachineDaemonThread] INFO  statemachine.DatanodeStateMachine (DatanodeStateMachine.java:lambda$startDaemon$1(555)) - Ozone container server started.
2024-01-08 22:37:28,272 [main] WARN  dropwizard3.Dm3MetricRegistriesImpl (Dm3MetricRegistriesImpl.java:addReporterRegistration(113)) - New reporters are added after registries were created. Some metrics will be missing from the reporter. Please add reporter before adding any new registry.
2024-01-08 22:37:28,273 [main] WARN  dropwizard3.Dm3MetricRegistriesImpl (Dm3MetricRegistriesImpl.java:addReporterRegistration(113)) - New reporters are added after registries were created. Some metrics will be missing from the reporter. Please add reporter before adding any new registry.
2024-01-08 22:37:28,273 [main] INFO  impl.MetricsSystemImpl (MetricsSystemImpl.java:init(158)) - HddsDatanode metrics system started (again)
2024-01-08 22:37:28,282 [main] INFO  ozone.HddsDatanodeService (HddsDatanodeService.java:start(239)) - HddsDatanodeService host:fv-az1425-465 ip:10.1.0.16
2024-01-08 22:37:28,283 [92bfa79f-b082-4a9b-a2b8-9a2f5047304a-DatanodeStateMachineTaskThread-0] INFO  datanode.InitDatanodeState (InitDatanodeState.java:persistContainerDatanodeDetails(139)) - DatanodeDetails is persisted to /home/runner/work/ozone/ozone/hadoop-ozone/integration-test/target/test-dir/MiniOzoneClusterImpl-c2c64c26-053e-4d1e-83e3-051e2bfa4916/datanode-7/meta/datanode.id
2024-01-08 22:37:28,297 [main] INFO  upgrade.AbstractLayoutVersionManager (AbstractLayoutVersionManager.java:init(83)) - Initializing Layout version manager with metadata layout = HADOOP_PRC_PORTS_IN_DATANODEDETAILS (version = 7), software layout = HADOOP_PRC_PORTS_IN_DATANODEDETAILS (version = 7)
2024-01-08 22:37:28,298 [main] INFO  statemachine.DatanodeStateMachine (DatanodeStateMachine.java:getEndPointTaskThreadPoolSize(299)) - Datanode State Machine Task Thread Pool size 2
2024-01-08 22:37:28,299 [main] INFO  volume.HddsVolume (HddsVolume.java:<init>(125)) - Creating HddsVolume: /home/runner/work/ozone/ozone/hadoop-ozone/integration-test/target/test-dir/MiniOzoneClusterImpl-c2c64c26-053e-4d1e-83e3-051e2bfa4916/datanode-8/data-0/containers/hdds of storage type : DISK capacity : 9223372036854775807
2024-01-08 22:37:28,299 [main] INFO  volume.MutableVolumeSet (MutableVolumeSet.java:initializeVolumeSet(173)) - Added Volume : /home/runner/work/ozone/ozone/hadoop-ozone/integration-test/target/test-dir/MiniOzoneClusterImpl-c2c64c26-053e-4d1e-83e3-051e2bfa4916/datanode-8/data-0/containers/hdds to VolumeSet
2024-01-08 22:37:28,300 [main] INFO  volume.MutableVolumeSet (MutableVolumeSet.java:initializeVolumeSet(173)) - Added Volume : /home/runner/work/ozone/ozone/hadoop-ozone/integration-test/target/test-dir/MiniOzoneClusterImpl-c2c64c26-053e-4d1e-83e3-051e2bfa4916/datanode-8/data/ratis to VolumeSet
2024-01-08 22:37:28,300 [main] INFO  ozoneimpl.OzoneContainer (HddsVolumeUtil.java:loadAllHddsVolumeDbStore(103)) - Load 1 volumes DbStore cost: 0ms
2024-01-08 22:37:28,300 [71d6d3a4-9c29-4ff8-bafc-b8f4ae2641d6-ContainerReader-0] INFO  ozoneimpl.ContainerReader (ContainerReader.java:readVolume(178)) - Finish verifying containers on volume /home/runner/work/ozone/ozone/hadoop-ozone/integration-test/target/test-dir/MiniOzoneClusterImpl-c2c64c26-053e-4d1e-83e3-051e2bfa4916/datanode-8/data-0/containers/hdds
2024-01-08 22:37:28,301 [main] INFO  ozoneimpl.OzoneContainer (OzoneContainer.java:buildContainerSet(326)) - Build ContainerSet costs 0s
2024-01-08 22:37:28,302 [main] INFO  server.RaftServer (ConfUtils.java:logGet(46)) - raft.rpc.type = GRPC (default)
2024-01-08 22:37:28,303 [main] INFO  grpc.GrpcConfigKeys (ConfUtils.java:logFallback(53)) - raft.grpc.admin.host = null (fallback to raft.grpc.server.host)
2024-01-08 22:37:28,303 [main] INFO  grpc.GrpcConfigKeys (ConfUtils.java:logGet(46)) - raft.grpc.admin.port = 15441 (custom)
2024-01-08 22:37:28,303 [main] INFO  grpc.GrpcConfigKeys (ConfUtils.java:logFallback(53)) - raft.grpc.client.host = null (fallback to raft.grpc.server.host)
2024-01-08 22:37:28,303 [main] INFO  grpc.GrpcConfigKeys (ConfUtils.java:logGet(46)) - raft.grpc.client.port = 15440 (custom)
2024-01-08 22:37:28,304 [main] INFO  grpc.GrpcConfigKeys (ConfUtils.java:logGet(46)) - raft.grpc.server.host = null (default)
2024-01-08 22:37:28,304 [main] INFO  grpc.GrpcConfigKeys (ConfUtils.java:logGet(46)) - raft.grpc.server.port = 15442 (custom)
2024-01-08 22:37:28,304 [main] INFO  server.GrpcService (ConfUtils.java:logGet(46)) - raft.grpc.message.size.max = 32MB (=33554432) (custom)
2024-01-08 22:37:28,304 [main] INFO  server.RaftServerConfigKeys (ConfUtils.java:logGet(46)) - raft.server.log.appender.buffer.byte-limit = 8388608 (custom)
2024-01-08 22:37:28,304 [main] INFO  server.GrpcService (ConfUtils.java:logGet(46)) - raft.grpc.flow.control.window = 5MB (=5242880) (custom)
2024-01-08 22:37:28,305 [main] INFO  server.RaftServerConfigKeys (ConfUtils.java:logGet(46)) - raft.server.rpc.request.timeout = 3000ms (default)
2024-01-08 22:37:28,305 [main] INFO  grpc.GrpcConfigKeys (ConfUtils.java:logGet(46)) - raft.grpc.server.heartbeat.channel = true (default)
2024-01-08 22:37:28,305 [main] INFO  grpc.GrpcConfigKeys (ConfUtils.java:logGet(46)) - raft.grpc.server.async.request.thread.pool.cached = true (default)
2024-01-08 22:37:28,305 [main] INFO  grpc.GrpcConfigKeys (ConfUtils.java:logGet(46)) - raft.grpc.server.async.request.thread.pool.size = 32 (default)
2024-01-08 22:37:28,308 [main] INFO  impl.DataStreamServerImpl (ConfUtils.java:logGet(46)) - raft.datastream.type = NETTY (custom)
2024-01-08 22:37:28,308 [main] INFO  server.RaftServerConfigKeys (ConfUtils.java:logGet(46)) - raft.server.data-stream.async.request.thread.pool.cached = false (default)
2024-01-08 22:37:28,308 [main] INFO  server.RaftServerConfigKeys (ConfUtils.java:logGet(46)) - raft.server.data-stream.async.request.thread.pool.size = 20 (custom)
2024-01-08 22:37:28,308 [main] INFO  server.RaftServerConfigKeys (ConfUtils.java:logGet(46)) - raft.server.data-stream.async.write.thread.pool.size = 16 (default)
2024-01-08 22:37:28,308 [main] INFO  netty.NettyConfigKeys$DataStream (ConfUtils.java:logGet(46)) - raft.netty.dataStream.server.channel.inactive.grace-period = 10min (default)
2024-01-08 22:37:28,308 [main] INFO  server.RaftServerConfigKeys (ConfUtils.java:logGet(46)) - raft.server.data-stream.client.pool.size = 10 (default)
2024-01-08 22:37:28,308 [main] INFO  netty.NettyConfigKeys$DataStream (ConfUtils.java:logGet(46)) - raft.netty.dataStream.server.use-epoll = true (default)
2024-01-08 22:37:28,309 [main] INFO  netty.NettyConfigKeys$DataStream (ConfUtils.java:logGet(46)) - raft.netty.dataStream.server.boss-group.size = 0 (default)
2024-01-08 22:37:28,309 [main] INFO  netty.NettyUtils (NettyUtils.java:newEventLoopGroup(69)) - Create EpollEventLoopGroup for 71d6d3a4-9c29-4ff8-bafc-b8f4ae2641d6-NettyServerStreamRpc-bossGroup; Thread size is 0.
2024-01-08 22:37:28,309 [main] INFO  netty.NettyConfigKeys$DataStream (ConfUtils.java:logGet(46)) - raft.netty.dataStream.server.worker-group.size = 0 (default)
2024-01-08 22:37:28,309 [main] INFO  netty.NettyUtils (NettyUtils.java:newEventLoopGroup(69)) - Create EpollEventLoopGroup for 71d6d3a4-9c29-4ff8-bafc-b8f4ae2641d6-NettyServerStreamRpc-workerGroup; Thread size is 0.
2024-01-08 22:37:28,309 [main] INFO  netty.NettyConfigKeys$DataStream (ConfUtils.java:logGet(46)) - raft.netty.dataStream.server.tls.conf = null (default)
2024-01-08 22:37:28,309 [main] INFO  netty.NettyConfigKeys$DataStream (ConfUtils.java:logGet(46)) - raft.netty.dataStream.host = null (default)
2024-01-08 22:37:28,310 [main] INFO  netty.NettyConfigKeys$DataStream (ConfUtils.java:logGet(46)) - raft.netty.dataStream.port = 15443 (custom)
2024-01-08 22:37:28,310 [main] INFO  server.RaftServerConfigKeys (ConfUtils.java:logGet(46)) - raft.server.sleep.deviation.threshold = 300ms (default)
2024-01-08 22:37:28,310 [71d6d3a4-9c29-4ff8-bafc-b8f4ae2641d6-NettyServerStreamRpc-bossGroup--thread1] INFO  logging.LoggingHandler (AbstractInternalLogger.java:log(148)) - [id: 0xfb960dbc] REGISTERED
2024-01-08 22:37:28,310 [main] INFO  server.RaftServerConfigKeys (ConfUtils.java:logGet(46)) - raft.server.close.threshold = 60s (default)
2024-01-08 22:37:28,310 [71d6d3a4-9c29-4ff8-bafc-b8f4ae2641d6-NettyServerStreamRpc-bossGroup--thread1] INFO  logging.LoggingHandler (AbstractInternalLogger.java:log(148)) - [id: 0xfb960dbc] BIND: 0.0.0.0/0.0.0.0:15443
2024-01-08 22:37:28,310 [main] INFO  server.RaftServerConfigKeys (ConfUtils.java:logGet(46)) - raft.server.leaderelection.leader.step-down.wait-time = 10s (default)
2024-01-08 22:37:28,310 [71d6d3a4-9c29-4ff8-bafc-b8f4ae2641d6-NettyServerStreamRpc-bossGroup--thread1] INFO  logging.LoggingHandler (AbstractInternalLogger.java:log(148)) - [id: 0xfb960dbc, L:/0.0.0.0:15443] ACTIVE
2024-01-08 22:37:28,311 [main] INFO  server.RaftServerConfigKeys (ConfUtils.java:logGet(46)) - raft.server.storage.dir = [/home/runner/work/ozone/ozone/hadoop-ozone/integration-test/target/test-dir/MiniOzoneClusterImpl-c2c64c26-053e-4d1e-83e3-051e2bfa4916/datanode-8/data/ratis] (custom)
2024-01-08 22:37:28,311 [main] INFO  server.RaftServerConfigKeys (ConfUtils.java:logGet(46)) - raft.server.threadpool.proxy.cached = true (default)
2024-01-08 22:37:28,311 [main] INFO  server.RaftServerConfigKeys (ConfUtils.java:logGet(46)) - raft.server.threadpool.proxy.size = 0 (default)
2024-01-08 22:37:28,311 [71d6d3a4-9c29-4ff8-bafc-b8f4ae2641d6-impl-thread1] INFO  server.RaftServer (RaftServerProxy.java:initGroupDir(264)) - 71d6d3a4-9c29-4ff8-bafc-b8f4ae2641d6: found a subdirectory /home/runner/work/ozone/ozone/hadoop-ozone/integration-test/target/test-dir/MiniOzoneClusterImpl-c2c64c26-053e-4d1e-83e3-051e2bfa4916/datanode-8/data/ratis/tmp
2024-01-08 22:37:28,311 [71d6d3a4-9c29-4ff8-bafc-b8f4ae2641d6-impl-thread1] INFO  server.RaftServer (RaftServerProxy.java:initGroupDir(269)) - 71d6d3a4-9c29-4ff8-bafc-b8f4ae2641d6: The directory /home/runner/work/ozone/ozone/hadoop-ozone/integration-test/target/test-dir/MiniOzoneClusterImpl-c2c64c26-053e-4d1e-83e3-051e2bfa4916/datanode-8/data/ratis/tmp is not a group directory; ignoring it. 
2024-01-08 22:37:28,312 [main] INFO  replication.ReplicationServer (ReplicationServer.java:<init>(85)) - Initializing replication server with thread count = 10 queue length = 4096
2024-01-08 22:37:28,312 [main] INFO  server.XceiverServerGrpc (XceiverServerGrpc.java:<init>(141)) - GrpcServer channel type EpollServerSocketChannel
2024-01-08 22:37:28,313 [main] INFO  replication.ReplicationSupervisor (ReplicationSupervisor.java:build(163)) - Initializing replication supervisor with thread count = 10
2024-01-08 22:37:28,313 [main] INFO  replication.ReplicationSupervisor (ReplicationSupervisor.java:nodeStateUpdated(317)) - Node state updated to IN_SERVICE, scaling executor pool size to 10
2024-01-08 22:37:28,314 [main] INFO  http.BaseHttpServer (BaseHttpServer.java:newHttpServer2BuilderForOzone(223)) - Starting Web-server for hddsDatanode at: http://0.0.0.0:15437
2024-01-08 22:37:28,315 [main] INFO  http.BaseHttpServer (BaseHttpServer.java:<init>(110)) - Hadoop Security Enabled: false Ozone Security Enabled: false Ozone HTTP Security Enabled: false 
2024-01-08 22:37:28,315 [main] WARN  server.AuthenticationFilter (AuthenticationFilter.java:constructSecretProvider(240)) - Unable to initialize FileSignerSecretProvider, falling back to use random secrets. Reason: Could not read signature secret file: /home/runner/hadoop-http-auth-signature-secret
2024-01-08 22:37:28,316 [main] INFO  http.HttpRequestLog (HttpRequestLog.java:getRequestLog(86)) - Http request log for http.requests.hddsDatanode is not defined
2024-01-08 22:37:28,316 [main] INFO  http.HttpServer2 (HttpServer2.java:addGlobalFilter(1036)) - Added global filter 'safety' (class=org.apache.hadoop.hdds.server.http.HttpServer2$QuotingInputFilter)
2024-01-08 22:37:28,317 [main] INFO  http.HttpServer2 (HttpServer2.java:addFilter(1012)) - Added filter static_user_filter (class=org.apache.hadoop.http.lib.StaticUserWebFilter$StaticUserFilter) to context hddsDatanode
2024-01-08 22:37:28,317 [main] INFO  http.HttpServer2 (HttpServer2.java:addFilter(1020)) - Added filter static_user_filter (class=org.apache.hadoop.http.lib.StaticUserWebFilter$StaticUserFilter) to context static
2024-01-08 22:37:28,317 [main] INFO  http.HttpServer2 (HttpServer2.java:addFilter(1020)) - Added filter static_user_filter (class=org.apache.hadoop.http.lib.StaticUserWebFilter$StaticUserFilter) to context logs
2024-01-08 22:37:28,318 [main] INFO  http.BaseHttpServer (BaseHttpServer.java:<init>(189)) - HTTP server of hddsDatanode uses base directory /home/runner/work/ozone/ozone/hadoop-ozone/integration-test/target/test-dir/MiniOzoneClusterImpl-c2c64c26-053e-4d1e-83e3-051e2bfa4916/datanode-8/meta/webserver
2024-01-08 22:37:28,318 [main] INFO  http.HttpServer2 (HttpServer2.java:bindListener(1236)) - Jetty bound to port 15437
2024-01-08 22:37:28,318 [main] INFO  server.Server (Server.java:doStart(375)) - jetty-9.4.53.v20231009; built: 2023-10-09T12:29:09.265Z; git: 27bde00a0b95a1d5bbee0eae7984f891d2d0f8c9; jvm 1.8.0_392-b08
2024-01-08 22:37:28,325 [main] INFO  server.session (DefaultSessionIdManager.java:doStart(334)) - DefaultSessionIdManager workerName=node0
2024-01-08 22:37:28,326 [main] INFO  server.session (DefaultSessionIdManager.java:doStart(339)) - No SessionScavenger set, using defaults
2024-01-08 22:37:28,326 [main] INFO  server.session (HouseKeeper.java:startScavenging(132)) - node0 Scavenging every 660000ms
2024-01-08 22:37:28,326 [main] INFO  handler.ContextHandler (ContextHandler.java:doStart(921)) - Started o.e.j.s.ServletContextHandler@18f4f7aa{logs,/logs,file:///home/runner/work/ozone/ozone/hadoop-ozone/integration-test/target/log,AVAILABLE}
2024-01-08 22:37:28,326 [main] INFO  handler.ContextHandler (ContextHandler.java:doStart(921)) - Started o.e.j.s.ServletContextHandler@fee710a{static,/static,jar:file:/home/runner/.m2/repository/org/apache/ozone/hdds-container-service/1.5.0-SNAPSHOT/hdds-container-service-1.5.0-SNAPSHOT.jar!/webapps/static,AVAILABLE}
2024-01-08 22:37:28,357 [main] INFO  handler.ContextHandler (ContextHandler.java:doStart(921)) - Started o.e.j.w.WebAppContext@5ad60105{hddsDatanode,/,file:///home/runner/work/ozone/ozone/hadoop-ozone/integration-test/target/test-dir/MiniOzoneClusterImpl-c2c64c26-053e-4d1e-83e3-051e2bfa4916/datanode-8/meta/webserver/jetty-0_0_0_0-15437-hdds-container-service-1_5_0-SNAPSHOT_jar-_-any-6197654108507783800/webapp/,AVAILABLE}{jar:file:/home/runner/.m2/repository/org/apache/ozone/hdds-container-service/1.5.0-SNAPSHOT/hdds-container-service-1.5.0-SNAPSHOT.jar!/webapps/hddsDatanode}
2024-01-08 22:37:28,358 [main] INFO  server.AbstractConnector (AbstractConnector.java:doStart(333)) - Started ServerConnector@2d1968d9{HTTP/1.1, (http/1.1)}{0.0.0.0:15437}
2024-01-08 22:37:28,358 [main] INFO  server.Server (Server.java:doStart(415)) - Started @135654ms
2024-01-08 22:37:28,358 [main] WARN  impl.MetricsSystemImpl (MetricsSystemImpl.java:register(279)) - Sink prometheus already exists!
2024-01-08 22:37:28,359 [main] INFO  http.BaseHttpServer (BaseHttpServer.java:updateConnectorAddress(354)) - HTTP server of hddsDatanode listening at http://0.0.0.0:15437
2024-01-08 22:37:28,359 [main] INFO  ipc.CallQueueManager (CallQueueManager.java:<init>(90)) - Using callQueue: class java.util.concurrent.LinkedBlockingQueue, queueCapacity: 100, scheduler: class org.apache.hadoop.ipc.DefaultRpcScheduler, ipcBackoff: false.
2024-01-08 22:37:28,359 [main] INFO  ipc.Server (Server.java:<init>(1287)) - Listener at 0.0.0.0:15438
2024-01-08 22:37:28,359 [Socket Reader #1 for port 15438] INFO  ipc.Server (Server.java:run(1323)) - Starting Socket Reader #1 for port 15438
2024-01-08 22:37:28,361 [main] INFO  ozone.HddsDatanodeService (HddsDatanodeService.java:start(324)) - Datanode start with admins: [runner]
2024-01-08 22:37:28,361 [main] INFO  ozone.HddsDatanodeClientProtocolServer (HddsDatanodeClientProtocolServer.java:start(72)) - RPC server for Client /0.0.0.0:15438
2024-01-08 22:37:28,361 [IPC Server Responder] INFO  ipc.Server (Server.java:run(1562)) - IPC Server Responder: starting
2024-01-08 22:37:28,362 [IPC Server listener on 15438] INFO  ipc.Server (Server.java:run(1402)) - IPC Server listener on 15438: starting
2024-01-08 22:37:28,364 [71d6d3a4-9c29-4ff8-bafc-b8f4ae2641d6-DatanodeStateMachineDaemonThread] INFO  statemachine.DatanodeStateMachine (DatanodeStateMachine.java:lambda$startDaemon$1(555)) - Ozone container server started.
2024-01-08 22:37:28,364 [main] INFO  ozone.MiniOzoneClusterImpl (MiniOzoneClusterImpl.java:lambda$waitForClusterToBeReady$0(230)) - Waiting for nodes to be ready. Got 0 of 9 DN Heartbeats.
2024-01-08 22:37:28,365 [main] INFO  ozone.MiniOzoneClusterImpl (MiniOzoneClusterImpl.java:lambda$waitForClusterToBeReady$0(233)) - Waiting for cluster to exit safe mode
2024-01-08 22:37:28,365 [main] INFO  ozone.MiniOzoneClusterImpl (MiniOzoneClusterImpl.java:lambda$waitForClusterToBeReady$0(235)) - SCM became leader
2024-01-08 22:37:28,366 [71d6d3a4-9c29-4ff8-bafc-b8f4ae2641d6-DatanodeStateMachineTaskThread-0] INFO  datanode.InitDatanodeState (InitDatanodeState.java:persistContainerDatanodeDetails(139)) - DatanodeDetails is persisted to /home/runner/work/ozone/ozone/hadoop-ozone/integration-test/target/test-dir/MiniOzoneClusterImpl-c2c64c26-053e-4d1e-83e3-051e2bfa4916/datanode-8/meta/datanode.id
2024-01-08 22:37:28,673 [om1@group-C5BA1605619E-FollowerState] INFO  impl.FollowerState (FollowerState.java:run(143)) - om1@group-C5BA1605619E-FollowerState: change to CANDIDATE, lastRpcElapsedTime:1148944447ns, electionTimeout:1148ms
2024-01-08 22:37:28,673 [om1@group-C5BA1605619E-FollowerState] INFO  impl.RoleInfo (RoleInfo.java:shutdownFollowerState(110)) - om1: shutdown om1@group-C5BA1605619E-FollowerState
2024-01-08 22:37:28,673 [om1@group-C5BA1605619E-FollowerState] INFO  server.RaftServer$Division (RaftServerImpl.java:setRole(379)) - om1@group-C5BA1605619E: changes role from  FOLLOWER to CANDIDATE at term 0 for changeToCandidate
2024-01-08 22:37:28,673 [om1@group-C5BA1605619E-FollowerState] INFO  server.RaftServerConfigKeys (ConfUtils.java:logGet(46)) - raft.server.leaderelection.pre-vote = true (default)
2024-01-08 22:37:28,673 [om1@group-C5BA1605619E-FollowerState] INFO  impl.RoleInfo (RoleInfo.java:updateAndGet(139)) - om1: start om1@group-C5BA1605619E-LeaderElection59
2024-01-08 22:37:28,675 [om1@group-C5BA1605619E-LeaderElection59] INFO  impl.LeaderElection (LeaderElection.java:askForVotes(323)) - om1@group-C5BA1605619E-LeaderElection59 PRE_VOTE round 0: submit vote requests at term 0 for -1: peers:[om1|localhost:15363]|listeners:[], old=null
2024-01-08 22:37:28,675 [om1@group-C5BA1605619E-LeaderElection59] INFO  impl.LeaderElection (LeaderElection.java:askForVotes(325)) - om1@group-C5BA1605619E-LeaderElection59 PRE_VOTE round 0: result PASSED (term=0)
2024-01-08 22:37:28,676 [om1@group-C5BA1605619E-LeaderElection59] INFO  impl.LeaderElection (LeaderElection.java:askForVotes(323)) - om1@group-C5BA1605619E-LeaderElection59 ELECTION round 0: submit vote requests at term 1 for -1: peers:[om1|localhost:15363]|listeners:[], old=null
2024-01-08 22:37:28,676 [om1@group-C5BA1605619E-LeaderElection59] INFO  impl.LeaderElection (LeaderElection.java:askForVotes(325)) - om1@group-C5BA1605619E-LeaderElection59 ELECTION round 0: result PASSED (term=1)
2024-01-08 22:37:28,676 [om1@group-C5BA1605619E-LeaderElection59] INFO  impl.RoleInfo (RoleInfo.java:shutdownLeaderElection(130)) - om1: shutdown om1@group-C5BA1605619E-LeaderElection59
2024-01-08 22:37:28,676 [om1@group-C5BA1605619E-LeaderElection59] INFO  server.RaftServer$Division (RaftServerImpl.java:setRole(379)) - om1@group-C5BA1605619E: changes role from CANDIDATE to LEADER at term 1 for changeToLeader
2024-01-08 22:37:28,676 [om1@group-C5BA1605619E-LeaderElection59] INFO  server.RaftServerConfigKeys (ConfUtils.java:logGet(46)) - raft.server.staging.catchup.gap = 1000 (default)
2024-01-08 22:37:28,677 [om1@group-C5BA1605619E-LeaderElection59] INFO  server.RaftServerConfigKeys (ConfUtils.java:logGet(46)) - raft.server.write.element-limit = 4096 (default)
2024-01-08 22:37:28,677 [om1@group-C5BA1605619E-LeaderElection59] INFO  server.RaftServerConfigKeys (ConfUtils.java:logGet(46)) - raft.server.write.byte-limit = 64MB (=67108864) (default)
2024-01-08 22:37:28,677 [om1@group-C5BA1605619E-LeaderElection59] INFO  server.RaftServerConfigKeys (ConfUtils.java:logGet(46)) - raft.server.watch.timeout = 10s (default)
2024-01-08 22:37:28,677 [om1@group-C5BA1605619E-LeaderElection59] INFO  server.RaftServerConfigKeys (ConfUtils.java:logGet(46)) - raft.server.watch.timeout.denomination = 1s (default)
2024-01-08 22:37:28,677 [om1@group-C5BA1605619E-LeaderElection59] INFO  server.RaftServerConfigKeys (ConfUtils.java:logGet(46)) - raft.server.watch.element-limit = 65536 (default)
2024-01-08 22:37:28,677 [om1@group-C5BA1605619E-LeaderElection59] INFO  server.RaftServerConfigKeys (ConfUtils.java:logGet(46)) - raft.server.read.leader.lease.enabled = false (default)
2024-01-08 22:37:28,677 [om1@group-C5BA1605619E-LeaderElection59] INFO  server.RaftServerConfigKeys (ConfUtils.java:logGet(46)) - raft.server.read.leader.lease.timeout.ratio = 0.9 (default)
2024-01-08 22:37:28,677 [om1@group-C5BA1605619E-LeaderElection59] INFO  server.RaftServerConfigKeys (ConfUtils.java:logGet(46)) - raft.server.rpc.timeout.min = 1s (custom)
2024-01-08 22:37:28,677 [om1@group-C5BA1605619E-LeaderElection59] INFO  server.RaftServerConfigKeys (ConfUtils.java:logGet(46)) - raft.server.write.element-limit = 4096 (default)
2024-01-08 22:37:28,677 [om1@group-C5BA1605619E-LeaderElection59] INFO  server.RaftServerConfigKeys (ConfUtils.java:logGet(46)) - raft.server.write.follower.gap.ratio.max = -1.0 (default)
2024-01-08 22:37:28,677 [om1@group-C5BA1605619E-LeaderElection59] INFO  impl.RoleInfo (RoleInfo.java:updateAndGet(139)) - om1: start om1@group-C5BA1605619E-LeaderStateImpl
2024-01-08 22:37:28,677 [om1@group-C5BA1605619E-LeaderElection59] INFO  server.RaftServer$Division (RaftServerImpl.java:setFirstElection(564)) - om1@group-C5BA1605619E: set firstElectionSinceStartup to false for becomeLeader
2024-01-08 22:37:28,677 [om1@group-C5BA1605619E-LeaderElection59] INFO  server.RaftServer$Division (ServerState.java:setLeader(265)) - om1@group-C5BA1605619E: change Leader from null to om1 at term 1 for becomeLeader, leader elected after 1361ms
2024-01-08 22:37:28,678 [om1@group-C5BA1605619E-LeaderElection59] INFO  segmented.SegmentedRaftLogWorker (SegmentedRaftLogWorker.java:startLogSegment(428)) - om1@group-C5BA1605619E-SegmentedRaftLogWorker: Starting segment from index:0
2024-01-08 22:37:28,678 [om1@group-C5BA1605619E-LeaderElection59] INFO  server.RaftServer$Division (ServerState.java:setRaftConf(382)) - om1@group-C5BA1605619E: set configuration 0: peers:[om1|localhost:15363]|listeners:[], old=null
2024-01-08 22:37:28,684 [om1@group-C5BA1605619E-SegmentedRaftLogWorker] INFO  segmented.SegmentedRaftLogWorker (SegmentedRaftLogWorker.java:execute(632)) - om1@group-C5BA1605619E-SegmentedRaftLogWorker: created new log segment /home/runner/work/ozone/ozone/hadoop-ozone/integration-test/target/test-dir/MiniOzoneClusterImpl-c2c64c26-053e-4d1e-83e3-051e2bfa4916/ozone-meta/ratis/bf265839-605b-3f16-9796-c5ba1605619e/current/log_inprogress_0
2024-01-08 22:37:28,685 [om1@group-C5BA1605619E-StateMachineUpdater] INFO  ratis.OzoneManagerStateMachine (OzoneManagerStateMachine.java:notifyConfigurationChanged(213)) - Received Configuration change notification from Ratis. New Peer list:
[id: "om1"
address: "localhost:15363"
startupRole: FOLLOWER
]
2024-01-08 22:37:28,685 [om1@group-C5BA1605619E-StateMachineUpdater] INFO  server.RaftServer$Division (LeaderStateImpl.java:isApplied(316)) - leader is ready since appliedIndex == 0 >= startIndex == 0
2024-01-08 22:37:29,365 [main] INFO  ozone.MiniOzoneClusterImpl (MiniOzoneClusterImpl.java:lambda$waitForClusterToBeReady$0(230)) - Waiting for nodes to be ready. Got 0 of 9 DN Heartbeats.
2024-01-08 22:37:29,365 [main] INFO  ozone.MiniOzoneClusterImpl (MiniOzoneClusterImpl.java:lambda$waitForClusterToBeReady$0(233)) - Waiting for cluster to exit safe mode
2024-01-08 22:37:29,365 [main] INFO  ozone.MiniOzoneClusterImpl (MiniOzoneClusterImpl.java:lambda$waitForClusterToBeReady$0(235)) - SCM became leader
2024-01-08 22:37:29,680 [4688c780-dea6-4744-ac30-6cd603ef2a1b-EndpointStateMachineTaskThread-/0.0.0.0:15358-0 ] INFO  utils.DatanodeStoreCache (DatanodeStoreCache.java:addDB(66)) - Added db /home/runner/work/ozone/ozone/hadoop-ozone/integration-test/target/test-dir/MiniOzoneClusterImpl-c2c64c26-053e-4d1e-83e3-051e2bfa4916/datanode-0/data-0/containers/hdds/c2c64c26-053e-4d1e-83e3-051e2bfa4916/DS-de3d1c6f-5594-42f0-b931-bf2de06e70d7/container.db to cache
2024-01-08 22:37:29,680 [4688c780-dea6-4744-ac30-6cd603ef2a1b-EndpointStateMachineTaskThread-/0.0.0.0:15358-0 ] INFO  volume.HddsVolume (HddsVolume.java:createDbStore(420)) - SchemaV3 db is created and loaded at /home/runner/work/ozone/ozone/hadoop-ozone/integration-test/target/test-dir/MiniOzoneClusterImpl-c2c64c26-053e-4d1e-83e3-051e2bfa4916/datanode-0/data-0/containers/hdds/c2c64c26-053e-4d1e-83e3-051e2bfa4916/DS-de3d1c6f-5594-42f0-b931-bf2de06e70d7/container.db for volume DS-de3d1c6f-5594-42f0-b931-bf2de06e70d7
2024-01-08 22:37:29,681 [4688c780-dea6-4744-ac30-6cd603ef2a1b-EndpointStateMachineTaskThread-/0.0.0.0:15358-0 ] INFO  volume.ThrottledAsyncChecker (ThrottledAsyncChecker.java:schedule(141)) - Scheduling a check for /home/runner/work/ozone/ozone/hadoop-ozone/integration-test/target/test-dir/MiniOzoneClusterImpl-c2c64c26-053e-4d1e-83e3-051e2bfa4916/datanode-0/data-0/containers/hdds
2024-01-08 22:37:29,682 [4688c780-dea6-4744-ac30-6cd603ef2a1b-EndpointStateMachineTaskThread-/0.0.0.0:15358-0 ] INFO  volume.StorageVolumeChecker (StorageVolumeChecker.java:checkAllVolumes(218)) - Scheduled health check for volume /home/runner/work/ozone/ozone/hadoop-ozone/integration-test/target/test-dir/MiniOzoneClusterImpl-c2c64c26-053e-4d1e-83e3-051e2bfa4916/datanode-0/data-0/containers/hdds
2024-01-08 22:37:29,683 [4688c780-dea6-4744-ac30-6cd603ef2a1b-EndpointStateMachineTaskThread-/0.0.0.0:15358-0 ] INFO  volume.ThrottledAsyncChecker (ThrottledAsyncChecker.java:schedule(141)) - Scheduling a check for /home/runner/work/ozone/ozone/hadoop-ozone/integration-test/target/test-dir/MiniOzoneClusterImpl-c2c64c26-053e-4d1e-83e3-051e2bfa4916/datanode-0/data/ratis
2024-01-08 22:37:29,683 [4688c780-dea6-4744-ac30-6cd603ef2a1b-EndpointStateMachineTaskThread-/0.0.0.0:15358-0 ] INFO  volume.StorageVolumeChecker (StorageVolumeChecker.java:checkAllVolumes(218)) - Scheduled health check for volume /home/runner/work/ozone/ozone/hadoop-ozone/integration-test/target/test-dir/MiniOzoneClusterImpl-c2c64c26-053e-4d1e-83e3-051e2bfa4916/datanode-0/data/ratis
2024-01-08 22:37:29,684 [4688c780-dea6-4744-ac30-6cd603ef2a1b-EndpointStateMachineTaskThread-/0.0.0.0:15358-0 ] INFO  ozoneimpl.OzoneContainer (OzoneContainer.java:start(441)) - Attempting to start container services.
2024-01-08 22:37:29,684 [4688c780-dea6-4744-ac30-6cd603ef2a1b-EndpointStateMachineTaskThread-/0.0.0.0:15358-0 ] INFO  ozoneimpl.OzoneContainer (OzoneContainer.java:startContainerScrub(337)) - Scheduled background container scanners and the on-demand container scanner have been disabled.
2024-01-08 22:37:29,684 [4688c780-dea6-4744-ac30-6cd603ef2a1b-EndpointStateMachineTaskThread-/0.0.0.0:15358-0 ] INFO  replication.ReplicationServer (ReplicationServer.java:start(139)) - ReplicationServer is started using port 15372
2024-01-08 22:37:29,684 [4688c780-dea6-4744-ac30-6cd603ef2a1b-EndpointStateMachineTaskThread-/0.0.0.0:15358-0 ] INFO  ratis.XceiverServerRatis (XceiverServerRatis.java:start(549)) - Starting XceiverServerRatis 4688c780-dea6-4744-ac30-6cd603ef2a1b
2024-01-08 22:37:29,684 [4688c780-dea6-4744-ac30-6cd603ef2a1b-EndpointStateMachineTaskThread-/0.0.0.0:15358-0 ] INFO  server.RaftServer (RaftServerProxy.java:startImpl(406)) - 4688c780-dea6-4744-ac30-6cd603ef2a1b: start RPC server
2024-01-08 22:37:29,685 [4688c780-dea6-4744-ac30-6cd603ef2a1b-EndpointStateMachineTaskThread-/0.0.0.0:15358-0 ] INFO  server.GrpcService (GrpcService.java:startImpl(302)) - 4688c780-dea6-4744-ac30-6cd603ef2a1b: GrpcService started, listening on 15368
2024-01-08 22:37:29,685 [4688c780-dea6-4744-ac30-6cd603ef2a1b-EndpointStateMachineTaskThread-/0.0.0.0:15358-0 ] INFO  server.GrpcService (GrpcService.java:startImpl(302)) - 4688c780-dea6-4744-ac30-6cd603ef2a1b: GrpcService started, listening on 15370
2024-01-08 22:37:29,685 [4688c780-dea6-4744-ac30-6cd603ef2a1b-EndpointStateMachineTaskThread-/0.0.0.0:15358-0 ] INFO  server.GrpcService (GrpcService.java:startImpl(302)) - 4688c780-dea6-4744-ac30-6cd603ef2a1b: GrpcService started, listening on 15369
2024-01-08 22:37:29,685 [4688c780-dea6-4744-ac30-6cd603ef2a1b-EndpointStateMachineTaskThread-/0.0.0.0:15358-0 ] INFO  ratis.XceiverServerRatis (XceiverServerRatis.java:getRealPort(575)) - XceiverServerRatis 4688c780-dea6-4744-ac30-6cd603ef2a1b is started using port 15368 for RATIS
2024-01-08 22:37:29,685 [4688c780-dea6-4744-ac30-6cd603ef2a1b-EndpointStateMachineTaskThread-/0.0.0.0:15358-0 ] INFO  ratis.XceiverServerRatis (XceiverServerRatis.java:getRealPort(575)) - XceiverServerRatis 4688c780-dea6-4744-ac30-6cd603ef2a1b is started using port 15369 for RATIS_ADMIN
2024-01-08 22:37:29,685 [4688c780-dea6-4744-ac30-6cd603ef2a1b-EndpointStateMachineTaskThread-/0.0.0.0:15358-0 ] INFO  ratis.XceiverServerRatis (XceiverServerRatis.java:getRealPort(575)) - XceiverServerRatis 4688c780-dea6-4744-ac30-6cd603ef2a1b is started using port 15370 for RATIS_SERVER
2024-01-08 22:37:29,685 [4688c780-dea6-4744-ac30-6cd603ef2a1b-EndpointStateMachineTaskThread-/0.0.0.0:15358-0 ] INFO  ratis.XceiverServerRatis (XceiverServerRatis.java:getRealPort(575)) - XceiverServerRatis 4688c780-dea6-4744-ac30-6cd603ef2a1b is started using port 15371 for RATIS_DATASTREAM
2024-01-08 22:37:29,685 [JvmPauseMonitor46] INFO  util.JvmPauseMonitor (JvmPauseMonitor.java:run(146)) - JvmPauseMonitor-4688c780-dea6-4744-ac30-6cd603ef2a1b: Started
2024-01-08 22:37:29,686 [4688c780-dea6-4744-ac30-6cd603ef2a1b-BlockDeletingService#0] INFO  interfaces.ContainerDeletionChoosingPolicyTemplate (ContainerDeletionChoosingPolicyTemplate.java:chooseContainerForBlockDeletion(85)) - Chosen 0/5000 blocks from 0 candidate containers.
2024-01-08 22:37:29,791 [5e84c15f-e363-46f0-a4a8-c0510a3e4dd9-EndpointStateMachineTaskThread-/0.0.0.0:15358-0 ] INFO  utils.DatanodeStoreCache (DatanodeStoreCache.java:addDB(66)) - Added db /home/runner/work/ozone/ozone/hadoop-ozone/integration-test/target/test-dir/MiniOzoneClusterImpl-c2c64c26-053e-4d1e-83e3-051e2bfa4916/datanode-1/data-0/containers/hdds/c2c64c26-053e-4d1e-83e3-051e2bfa4916/DS-b9784e3a-3c86-4ec0-ba81-2381c1f00ba0/container.db to cache
2024-01-08 22:37:29,791 [5e84c15f-e363-46f0-a4a8-c0510a3e4dd9-EndpointStateMachineTaskThread-/0.0.0.0:15358-0 ] INFO  volume.HddsVolume (HddsVolume.java:createDbStore(420)) - SchemaV3 db is created and loaded at /home/runner/work/ozone/ozone/hadoop-ozone/integration-test/target/test-dir/MiniOzoneClusterImpl-c2c64c26-053e-4d1e-83e3-051e2bfa4916/datanode-1/data-0/containers/hdds/c2c64c26-053e-4d1e-83e3-051e2bfa4916/DS-b9784e3a-3c86-4ec0-ba81-2381c1f00ba0/container.db for volume DS-b9784e3a-3c86-4ec0-ba81-2381c1f00ba0
2024-01-08 22:37:29,792 [5e84c15f-e363-46f0-a4a8-c0510a3e4dd9-EndpointStateMachineTaskThread-/0.0.0.0:15358-0 ] INFO  volume.ThrottledAsyncChecker (ThrottledAsyncChecker.java:schedule(141)) - Scheduling a check for /home/runner/work/ozone/ozone/hadoop-ozone/integration-test/target/test-dir/MiniOzoneClusterImpl-c2c64c26-053e-4d1e-83e3-051e2bfa4916/datanode-1/data-0/containers/hdds
2024-01-08 22:37:29,792 [5e84c15f-e363-46f0-a4a8-c0510a3e4dd9-EndpointStateMachineTaskThread-/0.0.0.0:15358-0 ] INFO  volume.StorageVolumeChecker (StorageVolumeChecker.java:checkAllVolumes(218)) - Scheduled health check for volume /home/runner/work/ozone/ozone/hadoop-ozone/integration-test/target/test-dir/MiniOzoneClusterImpl-c2c64c26-053e-4d1e-83e3-051e2bfa4916/datanode-1/data-0/containers/hdds
2024-01-08 22:37:29,794 [5e84c15f-e363-46f0-a4a8-c0510a3e4dd9-EndpointStateMachineTaskThread-/0.0.0.0:15358-0 ] INFO  volume.ThrottledAsyncChecker (ThrottledAsyncChecker.java:schedule(141)) - Scheduling a check for /home/runner/work/ozone/ozone/hadoop-ozone/integration-test/target/test-dir/MiniOzoneClusterImpl-c2c64c26-053e-4d1e-83e3-051e2bfa4916/datanode-1/data/ratis
2024-01-08 22:37:29,794 [5e84c15f-e363-46f0-a4a8-c0510a3e4dd9-EndpointStateMachineTaskThread-/0.0.0.0:15358-0 ] INFO  volume.StorageVolumeChecker (StorageVolumeChecker.java:checkAllVolumes(218)) - Scheduled health check for volume /home/runner/work/ozone/ozone/hadoop-ozone/integration-test/target/test-dir/MiniOzoneClusterImpl-c2c64c26-053e-4d1e-83e3-051e2bfa4916/datanode-1/data/ratis
2024-01-08 22:37:29,794 [5e84c15f-e363-46f0-a4a8-c0510a3e4dd9-EndpointStateMachineTaskThread-/0.0.0.0:15358-0 ] INFO  ozoneimpl.OzoneContainer (OzoneContainer.java:start(441)) - Attempting to start container services.
2024-01-08 22:37:29,794 [5e84c15f-e363-46f0-a4a8-c0510a3e4dd9-EndpointStateMachineTaskThread-/0.0.0.0:15358-0 ] INFO  ozoneimpl.OzoneContainer (OzoneContainer.java:startContainerScrub(337)) - Scheduled background container scanners and the on-demand container scanner have been disabled.
2024-01-08 22:37:29,795 [5e84c15f-e363-46f0-a4a8-c0510a3e4dd9-EndpointStateMachineTaskThread-/0.0.0.0:15358-0 ] INFO  replication.ReplicationServer (ReplicationServer.java:start(139)) - ReplicationServer is started using port 15381
2024-01-08 22:37:29,795 [5e84c15f-e363-46f0-a4a8-c0510a3e4dd9-EndpointStateMachineTaskThread-/0.0.0.0:15358-0 ] INFO  ratis.XceiverServerRatis (XceiverServerRatis.java:start(549)) - Starting XceiverServerRatis 5e84c15f-e363-46f0-a4a8-c0510a3e4dd9
2024-01-08 22:37:29,795 [5e84c15f-e363-46f0-a4a8-c0510a3e4dd9-EndpointStateMachineTaskThread-/0.0.0.0:15358-0 ] INFO  server.RaftServer (RaftServerProxy.java:startImpl(406)) - 5e84c15f-e363-46f0-a4a8-c0510a3e4dd9: start RPC server
2024-01-08 22:37:29,795 [5e84c15f-e363-46f0-a4a8-c0510a3e4dd9-EndpointStateMachineTaskThread-/0.0.0.0:15358-0 ] INFO  server.GrpcService (GrpcService.java:startImpl(302)) - 5e84c15f-e363-46f0-a4a8-c0510a3e4dd9: GrpcService started, listening on 15377
2024-01-08 22:37:29,795 [5e84c15f-e363-46f0-a4a8-c0510a3e4dd9-EndpointStateMachineTaskThread-/0.0.0.0:15358-0 ] INFO  server.GrpcService (GrpcService.java:startImpl(302)) - 5e84c15f-e363-46f0-a4a8-c0510a3e4dd9: GrpcService started, listening on 15379
2024-01-08 22:37:29,796 [5e84c15f-e363-46f0-a4a8-c0510a3e4dd9-EndpointStateMachineTaskThread-/0.0.0.0:15358-0 ] INFO  server.GrpcService (GrpcService.java:startImpl(302)) - 5e84c15f-e363-46f0-a4a8-c0510a3e4dd9: GrpcService started, listening on 15378
2024-01-08 22:37:29,796 [5e84c15f-e363-46f0-a4a8-c0510a3e4dd9-EndpointStateMachineTaskThread-/0.0.0.0:15358-0 ] INFO  ratis.XceiverServerRatis (XceiverServerRatis.java:getRealPort(575)) - XceiverServerRatis 5e84c15f-e363-46f0-a4a8-c0510a3e4dd9 is started using port 15377 for RATIS
2024-01-08 22:37:29,796 [JvmPauseMonitor47] INFO  util.JvmPauseMonitor (JvmPauseMonitor.java:run(146)) - JvmPauseMonitor-5e84c15f-e363-46f0-a4a8-c0510a3e4dd9: Started
2024-01-08 22:37:29,796 [5e84c15f-e363-46f0-a4a8-c0510a3e4dd9-EndpointStateMachineTaskThread-/0.0.0.0:15358-0 ] INFO  ratis.XceiverServerRatis (XceiverServerRatis.java:getRealPort(575)) - XceiverServerRatis 5e84c15f-e363-46f0-a4a8-c0510a3e4dd9 is started using port 15378 for RATIS_ADMIN
2024-01-08 22:37:29,796 [5e84c15f-e363-46f0-a4a8-c0510a3e4dd9-EndpointStateMachineTaskThread-/0.0.0.0:15358-0 ] INFO  ratis.XceiverServerRatis (XceiverServerRatis.java:getRealPort(575)) - XceiverServerRatis 5e84c15f-e363-46f0-a4a8-c0510a3e4dd9 is started using port 15379 for RATIS_SERVER
2024-01-08 22:37:29,796 [5e84c15f-e363-46f0-a4a8-c0510a3e4dd9-EndpointStateMachineTaskThread-/0.0.0.0:15358-0 ] INFO  ratis.XceiverServerRatis (XceiverServerRatis.java:getRealPort(575)) - XceiverServerRatis 5e84c15f-e363-46f0-a4a8-c0510a3e4dd9 is started using port 15380 for RATIS_DATASTREAM
2024-01-08 22:37:29,797 [5e84c15f-e363-46f0-a4a8-c0510a3e4dd9-BlockDeletingService#0] INFO  interfaces.ContainerDeletionChoosingPolicyTemplate (ContainerDeletionChoosingPolicyTemplate.java:chooseContainerForBlockDeletion(85)) - Chosen 0/5000 blocks from 0 candidate containers.
2024-01-08 22:37:29,853 [45b27c77-8146-46e2-b49e-9e386de8493b-EndpointStateMachineTaskThread-/0.0.0.0:15358-0 ] INFO  utils.DatanodeStoreCache (DatanodeStoreCache.java:addDB(66)) - Added db /home/runner/work/ozone/ozone/hadoop-ozone/integration-test/target/test-dir/MiniOzoneClusterImpl-c2c64c26-053e-4d1e-83e3-051e2bfa4916/datanode-2/data-0/containers/hdds/c2c64c26-053e-4d1e-83e3-051e2bfa4916/DS-4495f8c2-222b-42f6-8fec-78ad68da0719/container.db to cache
2024-01-08 22:37:29,853 [45b27c77-8146-46e2-b49e-9e386de8493b-EndpointStateMachineTaskThread-/0.0.0.0:15358-0 ] INFO  volume.HddsVolume (HddsVolume.java:createDbStore(420)) - SchemaV3 db is created and loaded at /home/runner/work/ozone/ozone/hadoop-ozone/integration-test/target/test-dir/MiniOzoneClusterImpl-c2c64c26-053e-4d1e-83e3-051e2bfa4916/datanode-2/data-0/containers/hdds/c2c64c26-053e-4d1e-83e3-051e2bfa4916/DS-4495f8c2-222b-42f6-8fec-78ad68da0719/container.db for volume DS-4495f8c2-222b-42f6-8fec-78ad68da0719
2024-01-08 22:37:29,854 [45b27c77-8146-46e2-b49e-9e386de8493b-EndpointStateMachineTaskThread-/0.0.0.0:15358-0 ] INFO  volume.ThrottledAsyncChecker (ThrottledAsyncChecker.java:schedule(141)) - Scheduling a check for /home/runner/work/ozone/ozone/hadoop-ozone/integration-test/target/test-dir/MiniOzoneClusterImpl-c2c64c26-053e-4d1e-83e3-051e2bfa4916/datanode-2/data-0/containers/hdds
2024-01-08 22:37:29,854 [45b27c77-8146-46e2-b49e-9e386de8493b-EndpointStateMachineTaskThread-/0.0.0.0:15358-0 ] INFO  volume.StorageVolumeChecker (StorageVolumeChecker.java:checkAllVolumes(218)) - Scheduled health check for volume /home/runner/work/ozone/ozone/hadoop-ozone/integration-test/target/test-dir/MiniOzoneClusterImpl-c2c64c26-053e-4d1e-83e3-051e2bfa4916/datanode-2/data-0/containers/hdds
2024-01-08 22:37:29,855 [45b27c77-8146-46e2-b49e-9e386de8493b-EndpointStateMachineTaskThread-/0.0.0.0:15358-0 ] INFO  volume.ThrottledAsyncChecker (ThrottledAsyncChecker.java:schedule(141)) - Scheduling a check for /home/runner/work/ozone/ozone/hadoop-ozone/integration-test/target/test-dir/MiniOzoneClusterImpl-c2c64c26-053e-4d1e-83e3-051e2bfa4916/datanode-2/data/ratis
2024-01-08 22:37:29,855 [45b27c77-8146-46e2-b49e-9e386de8493b-EndpointStateMachineTaskThread-/0.0.0.0:15358-0 ] INFO  volume.StorageVolumeChecker (StorageVolumeChecker.java:checkAllVolumes(218)) - Scheduled health check for volume /home/runner/work/ozone/ozone/hadoop-ozone/integration-test/target/test-dir/MiniOzoneClusterImpl-c2c64c26-053e-4d1e-83e3-051e2bfa4916/datanode-2/data/ratis
2024-01-08 22:37:29,856 [45b27c77-8146-46e2-b49e-9e386de8493b-EndpointStateMachineTaskThread-/0.0.0.0:15358-0 ] INFO  ozoneimpl.OzoneContainer (OzoneContainer.java:start(441)) - Attempting to start container services.
2024-01-08 22:37:29,856 [45b27c77-8146-46e2-b49e-9e386de8493b-EndpointStateMachineTaskThread-/0.0.0.0:15358-0 ] INFO  ozoneimpl.OzoneContainer (OzoneContainer.java:startContainerScrub(337)) - Scheduled background container scanners and the on-demand container scanner have been disabled.
2024-01-08 22:37:29,856 [45b27c77-8146-46e2-b49e-9e386de8493b-EndpointStateMachineTaskThread-/0.0.0.0:15358-0 ] INFO  replication.ReplicationServer (ReplicationServer.java:start(139)) - ReplicationServer is started using port 15390
2024-01-08 22:37:29,856 [45b27c77-8146-46e2-b49e-9e386de8493b-EndpointStateMachineTaskThread-/0.0.0.0:15358-0 ] INFO  ratis.XceiverServerRatis (XceiverServerRatis.java:start(549)) - Starting XceiverServerRatis 45b27c77-8146-46e2-b49e-9e386de8493b
2024-01-08 22:37:29,857 [45b27c77-8146-46e2-b49e-9e386de8493b-EndpointStateMachineTaskThread-/0.0.0.0:15358-0 ] INFO  server.RaftServer (RaftServerProxy.java:startImpl(406)) - 45b27c77-8146-46e2-b49e-9e386de8493b: start RPC server
2024-01-08 22:37:29,857 [45b27c77-8146-46e2-b49e-9e386de8493b-EndpointStateMachineTaskThread-/0.0.0.0:15358-0 ] INFO  server.GrpcService (GrpcService.java:startImpl(302)) - 45b27c77-8146-46e2-b49e-9e386de8493b: GrpcService started, listening on 15386
2024-01-08 22:37:29,857 [45b27c77-8146-46e2-b49e-9e386de8493b-EndpointStateMachineTaskThread-/0.0.0.0:15358-0 ] INFO  server.GrpcService (GrpcService.java:startImpl(302)) - 45b27c77-8146-46e2-b49e-9e386de8493b: GrpcService started, listening on 15388
2024-01-08 22:37:29,857 [45b27c77-8146-46e2-b49e-9e386de8493b-EndpointStateMachineTaskThread-/0.0.0.0:15358-0 ] INFO  server.GrpcService (GrpcService.java:startImpl(302)) - 45b27c77-8146-46e2-b49e-9e386de8493b: GrpcService started, listening on 15387
2024-01-08 22:37:29,858 [45b27c77-8146-46e2-b49e-9e386de8493b-EndpointStateMachineTaskThread-/0.0.0.0:15358-0 ] INFO  ratis.XceiverServerRatis (XceiverServerRatis.java:getRealPort(575)) - XceiverServerRatis 45b27c77-8146-46e2-b49e-9e386de8493b is started using port 15386 for RATIS
2024-01-08 22:37:29,858 [JvmPauseMonitor48] INFO  util.JvmPauseMonitor (JvmPauseMonitor.java:run(146)) - JvmPauseMonitor-45b27c77-8146-46e2-b49e-9e386de8493b: Started
2024-01-08 22:37:29,858 [45b27c77-8146-46e2-b49e-9e386de8493b-EndpointStateMachineTaskThread-/0.0.0.0:15358-0 ] INFO  ratis.XceiverServerRatis (XceiverServerRatis.java:getRealPort(575)) - XceiverServerRatis 45b27c77-8146-46e2-b49e-9e386de8493b is started using port 15387 for RATIS_ADMIN
2024-01-08 22:37:29,858 [45b27c77-8146-46e2-b49e-9e386de8493b-EndpointStateMachineTaskThread-/0.0.0.0:15358-0 ] INFO  ratis.XceiverServerRatis (XceiverServerRatis.java:getRealPort(575)) - XceiverServerRatis 45b27c77-8146-46e2-b49e-9e386de8493b is started using port 15388 for RATIS_SERVER
2024-01-08 22:37:29,858 [45b27c77-8146-46e2-b49e-9e386de8493b-EndpointStateMachineTaskThread-/0.0.0.0:15358-0 ] INFO  ratis.XceiverServerRatis (XceiverServerRatis.java:getRealPort(575)) - XceiverServerRatis 45b27c77-8146-46e2-b49e-9e386de8493b is started using port 15389 for RATIS_DATASTREAM
2024-01-08 22:37:29,858 [45b27c77-8146-46e2-b49e-9e386de8493b-BlockDeletingService#0] INFO  interfaces.ContainerDeletionChoosingPolicyTemplate (ContainerDeletionChoosingPolicyTemplate.java:chooseContainerForBlockDeletion(85)) - Chosen 0/5000 blocks from 0 candidate containers.
2024-01-08 22:37:29,946 [d358508b-f61b-4bbe-a39d-36a2c95b295d-EndpointStateMachineTaskThread-/0.0.0.0:15358-0 ] INFO  utils.DatanodeStoreCache (DatanodeStoreCache.java:addDB(66)) - Added db /home/runner/work/ozone/ozone/hadoop-ozone/integration-test/target/test-dir/MiniOzoneClusterImpl-c2c64c26-053e-4d1e-83e3-051e2bfa4916/datanode-3/data-0/containers/hdds/c2c64c26-053e-4d1e-83e3-051e2bfa4916/DS-6f60db56-4d06-4c52-8cf9-b37d8ef3e922/container.db to cache
2024-01-08 22:37:29,946 [d358508b-f61b-4bbe-a39d-36a2c95b295d-EndpointStateMachineTaskThread-/0.0.0.0:15358-0 ] INFO  volume.HddsVolume (HddsVolume.java:createDbStore(420)) - SchemaV3 db is created and loaded at /home/runner/work/ozone/ozone/hadoop-ozone/integration-test/target/test-dir/MiniOzoneClusterImpl-c2c64c26-053e-4d1e-83e3-051e2bfa4916/datanode-3/data-0/containers/hdds/c2c64c26-053e-4d1e-83e3-051e2bfa4916/DS-6f60db56-4d06-4c52-8cf9-b37d8ef3e922/container.db for volume DS-6f60db56-4d06-4c52-8cf9-b37d8ef3e922
2024-01-08 22:37:29,948 [d358508b-f61b-4bbe-a39d-36a2c95b295d-EndpointStateMachineTaskThread-/0.0.0.0:15358-0 ] INFO  volume.ThrottledAsyncChecker (ThrottledAsyncChecker.java:schedule(141)) - Scheduling a check for /home/runner/work/ozone/ozone/hadoop-ozone/integration-test/target/test-dir/MiniOzoneClusterImpl-c2c64c26-053e-4d1e-83e3-051e2bfa4916/datanode-3/data-0/containers/hdds
2024-01-08 22:37:29,948 [d358508b-f61b-4bbe-a39d-36a2c95b295d-EndpointStateMachineTaskThread-/0.0.0.0:15358-0 ] INFO  volume.StorageVolumeChecker (StorageVolumeChecker.java:checkAllVolumes(218)) - Scheduled health check for volume /home/runner/work/ozone/ozone/hadoop-ozone/integration-test/target/test-dir/MiniOzoneClusterImpl-c2c64c26-053e-4d1e-83e3-051e2bfa4916/datanode-3/data-0/containers/hdds
2024-01-08 22:37:29,950 [d358508b-f61b-4bbe-a39d-36a2c95b295d-EndpointStateMachineTaskThread-/0.0.0.0:15358-0 ] INFO  volume.ThrottledAsyncChecker (ThrottledAsyncChecker.java:schedule(141)) - Scheduling a check for /home/runner/work/ozone/ozone/hadoop-ozone/integration-test/target/test-dir/MiniOzoneClusterImpl-c2c64c26-053e-4d1e-83e3-051e2bfa4916/datanode-3/data/ratis
2024-01-08 22:37:29,950 [d358508b-f61b-4bbe-a39d-36a2c95b295d-EndpointStateMachineTaskThread-/0.0.0.0:15358-0 ] INFO  volume.StorageVolumeChecker (StorageVolumeChecker.java:checkAllVolumes(218)) - Scheduled health check for volume /home/runner/work/ozone/ozone/hadoop-ozone/integration-test/target/test-dir/MiniOzoneClusterImpl-c2c64c26-053e-4d1e-83e3-051e2bfa4916/datanode-3/data/ratis
2024-01-08 22:37:29,950 [d358508b-f61b-4bbe-a39d-36a2c95b295d-EndpointStateMachineTaskThread-/0.0.0.0:15358-0 ] INFO  ozoneimpl.OzoneContainer (OzoneContainer.java:start(441)) - Attempting to start container services.
2024-01-08 22:37:29,950 [d358508b-f61b-4bbe-a39d-36a2c95b295d-EndpointStateMachineTaskThread-/0.0.0.0:15358-0 ] INFO  ozoneimpl.OzoneContainer (OzoneContainer.java:startContainerScrub(337)) - Scheduled background container scanners and the on-demand container scanner have been disabled.
2024-01-08 22:37:29,951 [d358508b-f61b-4bbe-a39d-36a2c95b295d-EndpointStateMachineTaskThread-/0.0.0.0:15358-0 ] INFO  replication.ReplicationServer (ReplicationServer.java:start(139)) - ReplicationServer is started using port 15399
2024-01-08 22:37:29,951 [d358508b-f61b-4bbe-a39d-36a2c95b295d-EndpointStateMachineTaskThread-/0.0.0.0:15358-0 ] INFO  ratis.XceiverServerRatis (XceiverServerRatis.java:start(549)) - Starting XceiverServerRatis d358508b-f61b-4bbe-a39d-36a2c95b295d
2024-01-08 22:37:29,951 [d358508b-f61b-4bbe-a39d-36a2c95b295d-EndpointStateMachineTaskThread-/0.0.0.0:15358-0 ] INFO  server.RaftServer (RaftServerProxy.java:startImpl(406)) - d358508b-f61b-4bbe-a39d-36a2c95b295d: start RPC server
2024-01-08 22:37:29,951 [d358508b-f61b-4bbe-a39d-36a2c95b295d-EndpointStateMachineTaskThread-/0.0.0.0:15358-0 ] INFO  server.GrpcService (GrpcService.java:startImpl(302)) - d358508b-f61b-4bbe-a39d-36a2c95b295d: GrpcService started, listening on 15395
2024-01-08 22:37:29,951 [d358508b-f61b-4bbe-a39d-36a2c95b295d-EndpointStateMachineTaskThread-/0.0.0.0:15358-0 ] INFO  server.GrpcService (GrpcService.java:startImpl(302)) - d358508b-f61b-4bbe-a39d-36a2c95b295d: GrpcService started, listening on 15397
2024-01-08 22:37:29,952 [d358508b-f61b-4bbe-a39d-36a2c95b295d-EndpointStateMachineTaskThread-/0.0.0.0:15358-0 ] INFO  server.GrpcService (GrpcService.java:startImpl(302)) - d358508b-f61b-4bbe-a39d-36a2c95b295d: GrpcService started, listening on 15396
2024-01-08 22:37:29,952 [d358508b-f61b-4bbe-a39d-36a2c95b295d-EndpointStateMachineTaskThread-/0.0.0.0:15358-0 ] INFO  ratis.XceiverServerRatis (XceiverServerRatis.java:getRealPort(575)) - XceiverServerRatis d358508b-f61b-4bbe-a39d-36a2c95b295d is started using port 15395 for RATIS
2024-01-08 22:37:29,952 [JvmPauseMonitor49] INFO  util.JvmPauseMonitor (JvmPauseMonitor.java:run(146)) - JvmPauseMonitor-d358508b-f61b-4bbe-a39d-36a2c95b295d: Started
2024-01-08 22:37:29,952 [d358508b-f61b-4bbe-a39d-36a2c95b295d-EndpointStateMachineTaskThread-/0.0.0.0:15358-0 ] INFO  ratis.XceiverServerRatis (XceiverServerRatis.java:getRealPort(575)) - XceiverServerRatis d358508b-f61b-4bbe-a39d-36a2c95b295d is started using port 15396 for RATIS_ADMIN
2024-01-08 22:37:29,952 [d358508b-f61b-4bbe-a39d-36a2c95b295d-EndpointStateMachineTaskThread-/0.0.0.0:15358-0 ] INFO  ratis.XceiverServerRatis (XceiverServerRatis.java:getRealPort(575)) - XceiverServerRatis d358508b-f61b-4bbe-a39d-36a2c95b295d is started using port 15397 for RATIS_SERVER
2024-01-08 22:37:29,952 [d358508b-f61b-4bbe-a39d-36a2c95b295d-EndpointStateMachineTaskThread-/0.0.0.0:15358-0 ] INFO  ratis.XceiverServerRatis (XceiverServerRatis.java:getRealPort(575)) - XceiverServerRatis d358508b-f61b-4bbe-a39d-36a2c95b295d is started using port 15398 for RATIS_DATASTREAM
2024-01-08 22:37:29,953 [d358508b-f61b-4bbe-a39d-36a2c95b295d-BlockDeletingService#0] INFO  interfaces.ContainerDeletionChoosingPolicyTemplate (ContainerDeletionChoosingPolicyTemplate.java:chooseContainerForBlockDeletion(85)) - Chosen 0/5000 blocks from 0 candidate containers.
2024-01-08 22:37:30,035 [3be0eefd-0f91-4043-b67b-b27b4ab908b0-EndpointStateMachineTaskThread-/0.0.0.0:15358-0 ] INFO  utils.DatanodeStoreCache (DatanodeStoreCache.java:addDB(66)) - Added db /home/runner/work/ozone/ozone/hadoop-ozone/integration-test/target/test-dir/MiniOzoneClusterImpl-c2c64c26-053e-4d1e-83e3-051e2bfa4916/datanode-4/data-0/containers/hdds/c2c64c26-053e-4d1e-83e3-051e2bfa4916/DS-3a6f02c8-0578-4c6e-815c-e6a4b695ea27/container.db to cache
2024-01-08 22:37:30,035 [3be0eefd-0f91-4043-b67b-b27b4ab908b0-EndpointStateMachineTaskThread-/0.0.0.0:15358-0 ] INFO  volume.HddsVolume (HddsVolume.java:createDbStore(420)) - SchemaV3 db is created and loaded at /home/runner/work/ozone/ozone/hadoop-ozone/integration-test/target/test-dir/MiniOzoneClusterImpl-c2c64c26-053e-4d1e-83e3-051e2bfa4916/datanode-4/data-0/containers/hdds/c2c64c26-053e-4d1e-83e3-051e2bfa4916/DS-3a6f02c8-0578-4c6e-815c-e6a4b695ea27/container.db for volume DS-3a6f02c8-0578-4c6e-815c-e6a4b695ea27
2024-01-08 22:37:30,036 [3be0eefd-0f91-4043-b67b-b27b4ab908b0-EndpointStateMachineTaskThread-/0.0.0.0:15358-0 ] INFO  volume.ThrottledAsyncChecker (ThrottledAsyncChecker.java:schedule(141)) - Scheduling a check for /home/runner/work/ozone/ozone/hadoop-ozone/integration-test/target/test-dir/MiniOzoneClusterImpl-c2c64c26-053e-4d1e-83e3-051e2bfa4916/datanode-4/data-0/containers/hdds
2024-01-08 22:37:30,036 [3be0eefd-0f91-4043-b67b-b27b4ab908b0-EndpointStateMachineTaskThread-/0.0.0.0:15358-0 ] INFO  volume.StorageVolumeChecker (StorageVolumeChecker.java:checkAllVolumes(218)) - Scheduled health check for volume /home/runner/work/ozone/ozone/hadoop-ozone/integration-test/target/test-dir/MiniOzoneClusterImpl-c2c64c26-053e-4d1e-83e3-051e2bfa4916/datanode-4/data-0/containers/hdds
2024-01-08 22:37:30,037 [3be0eefd-0f91-4043-b67b-b27b4ab908b0-EndpointStateMachineTaskThread-/0.0.0.0:15358-0 ] INFO  volume.ThrottledAsyncChecker (ThrottledAsyncChecker.java:schedule(141)) - Scheduling a check for /home/runner/work/ozone/ozone/hadoop-ozone/integration-test/target/test-dir/MiniOzoneClusterImpl-c2c64c26-053e-4d1e-83e3-051e2bfa4916/datanode-4/data/ratis
2024-01-08 22:37:30,037 [3be0eefd-0f91-4043-b67b-b27b4ab908b0-EndpointStateMachineTaskThread-/0.0.0.0:15358-0 ] INFO  volume.StorageVolumeChecker (StorageVolumeChecker.java:checkAllVolumes(218)) - Scheduled health check for volume /home/runner/work/ozone/ozone/hadoop-ozone/integration-test/target/test-dir/MiniOzoneClusterImpl-c2c64c26-053e-4d1e-83e3-051e2bfa4916/datanode-4/data/ratis
2024-01-08 22:37:30,038 [3be0eefd-0f91-4043-b67b-b27b4ab908b0-EndpointStateMachineTaskThread-/0.0.0.0:15358-0 ] INFO  ozoneimpl.OzoneContainer (OzoneContainer.java:start(441)) - Attempting to start container services.
2024-01-08 22:37:30,038 [3be0eefd-0f91-4043-b67b-b27b4ab908b0-EndpointStateMachineTaskThread-/0.0.0.0:15358-0 ] INFO  ozoneimpl.OzoneContainer (OzoneContainer.java:startContainerScrub(337)) - Scheduled background container scanners and the on-demand container scanner have been disabled.
2024-01-08 22:37:30,038 [3be0eefd-0f91-4043-b67b-b27b4ab908b0-EndpointStateMachineTaskThread-/0.0.0.0:15358-0 ] INFO  replication.ReplicationServer (ReplicationServer.java:start(139)) - ReplicationServer is started using port 15408
2024-01-08 22:37:30,038 [3be0eefd-0f91-4043-b67b-b27b4ab908b0-EndpointStateMachineTaskThread-/0.0.0.0:15358-0 ] INFO  ratis.XceiverServerRatis (XceiverServerRatis.java:start(549)) - Starting XceiverServerRatis 3be0eefd-0f91-4043-b67b-b27b4ab908b0
2024-01-08 22:37:30,039 [3be0eefd-0f91-4043-b67b-b27b4ab908b0-EndpointStateMachineTaskThread-/0.0.0.0:15358-0 ] INFO  server.RaftServer (RaftServerProxy.java:startImpl(406)) - 3be0eefd-0f91-4043-b67b-b27b4ab908b0: start RPC server
2024-01-08 22:37:30,039 [3be0eefd-0f91-4043-b67b-b27b4ab908b0-EndpointStateMachineTaskThread-/0.0.0.0:15358-0 ] INFO  server.GrpcService (GrpcService.java:startImpl(302)) - 3be0eefd-0f91-4043-b67b-b27b4ab908b0: GrpcService started, listening on 15404
2024-01-08 22:37:30,039 [3be0eefd-0f91-4043-b67b-b27b4ab908b0-EndpointStateMachineTaskThread-/0.0.0.0:15358-0 ] INFO  server.GrpcService (GrpcService.java:startImpl(302)) - 3be0eefd-0f91-4043-b67b-b27b4ab908b0: GrpcService started, listening on 15406
2024-01-08 22:37:30,039 [3be0eefd-0f91-4043-b67b-b27b4ab908b0-EndpointStateMachineTaskThread-/0.0.0.0:15358-0 ] INFO  server.GrpcService (GrpcService.java:startImpl(302)) - 3be0eefd-0f91-4043-b67b-b27b4ab908b0: GrpcService started, listening on 15405
2024-01-08 22:37:30,040 [3be0eefd-0f91-4043-b67b-b27b4ab908b0-EndpointStateMachineTaskThread-/0.0.0.0:15358-0 ] INFO  ratis.XceiverServerRatis (XceiverServerRatis.java:getRealPort(575)) - XceiverServerRatis 3be0eefd-0f91-4043-b67b-b27b4ab908b0 is started using port 15404 for RATIS
2024-01-08 22:37:30,040 [3be0eefd-0f91-4043-b67b-b27b4ab908b0-EndpointStateMachineTaskThread-/0.0.0.0:15358-0 ] INFO  ratis.XceiverServerRatis (XceiverServerRatis.java:getRealPort(575)) - XceiverServerRatis 3be0eefd-0f91-4043-b67b-b27b4ab908b0 is started using port 15405 for RATIS_ADMIN
2024-01-08 22:37:30,040 [3be0eefd-0f91-4043-b67b-b27b4ab908b0-EndpointStateMachineTaskThread-/0.0.0.0:15358-0 ] INFO  ratis.XceiverServerRatis (XceiverServerRatis.java:getRealPort(575)) - XceiverServerRatis 3be0eefd-0f91-4043-b67b-b27b4ab908b0 is started using port 15406 for RATIS_SERVER
2024-01-08 22:37:30,040 [3be0eefd-0f91-4043-b67b-b27b4ab908b0-EndpointStateMachineTaskThread-/0.0.0.0:15358-0 ] INFO  ratis.XceiverServerRatis (XceiverServerRatis.java:getRealPort(575)) - XceiverServerRatis 3be0eefd-0f91-4043-b67b-b27b4ab908b0 is started using port 15407 for RATIS_DATASTREAM
2024-01-08 22:37:30,040 [JvmPauseMonitor50] INFO  util.JvmPauseMonitor (JvmPauseMonitor.java:run(146)) - JvmPauseMonitor-3be0eefd-0f91-4043-b67b-b27b4ab908b0: Started
2024-01-08 22:37:30,041 [3be0eefd-0f91-4043-b67b-b27b4ab908b0-BlockDeletingService#0] INFO  interfaces.ContainerDeletionChoosingPolicyTemplate (ContainerDeletionChoosingPolicyTemplate.java:chooseContainerForBlockDeletion(85)) - Chosen 0/5000 blocks from 0 candidate containers.
2024-01-08 22:37:30,116 [c15a1dbd-1c17-41f9-9118-60766ac127ad-EndpointStateMachineTaskThread-/0.0.0.0:15358-0 ] INFO  utils.DatanodeStoreCache (DatanodeStoreCache.java:addDB(66)) - Added db /home/runner/work/ozone/ozone/hadoop-ozone/integration-test/target/test-dir/MiniOzoneClusterImpl-c2c64c26-053e-4d1e-83e3-051e2bfa4916/datanode-5/data-0/containers/hdds/c2c64c26-053e-4d1e-83e3-051e2bfa4916/DS-b25037c2-b6e0-48ed-9174-3cf5cf941194/container.db to cache
2024-01-08 22:37:30,116 [c15a1dbd-1c17-41f9-9118-60766ac127ad-EndpointStateMachineTaskThread-/0.0.0.0:15358-0 ] INFO  volume.HddsVolume (HddsVolume.java:createDbStore(420)) - SchemaV3 db is created and loaded at /home/runner/work/ozone/ozone/hadoop-ozone/integration-test/target/test-dir/MiniOzoneClusterImpl-c2c64c26-053e-4d1e-83e3-051e2bfa4916/datanode-5/data-0/containers/hdds/c2c64c26-053e-4d1e-83e3-051e2bfa4916/DS-b25037c2-b6e0-48ed-9174-3cf5cf941194/container.db for volume DS-b25037c2-b6e0-48ed-9174-3cf5cf941194
2024-01-08 22:37:30,117 [c15a1dbd-1c17-41f9-9118-60766ac127ad-EndpointStateMachineTaskThread-/0.0.0.0:15358-0 ] INFO  volume.ThrottledAsyncChecker (ThrottledAsyncChecker.java:schedule(141)) - Scheduling a check for /home/runner/work/ozone/ozone/hadoop-ozone/integration-test/target/test-dir/MiniOzoneClusterImpl-c2c64c26-053e-4d1e-83e3-051e2bfa4916/datanode-5/data-0/containers/hdds
2024-01-08 22:37:30,117 [c15a1dbd-1c17-41f9-9118-60766ac127ad-EndpointStateMachineTaskThread-/0.0.0.0:15358-0 ] INFO  volume.StorageVolumeChecker (StorageVolumeChecker.java:checkAllVolumes(218)) - Scheduled health check for volume /home/runner/work/ozone/ozone/hadoop-ozone/integration-test/target/test-dir/MiniOzoneClusterImpl-c2c64c26-053e-4d1e-83e3-051e2bfa4916/datanode-5/data-0/containers/hdds
2024-01-08 22:37:30,119 [c15a1dbd-1c17-41f9-9118-60766ac127ad-EndpointStateMachineTaskThread-/0.0.0.0:15358-0 ] INFO  volume.ThrottledAsyncChecker (ThrottledAsyncChecker.java:schedule(141)) - Scheduling a check for /home/runner/work/ozone/ozone/hadoop-ozone/integration-test/target/test-dir/MiniOzoneClusterImpl-c2c64c26-053e-4d1e-83e3-051e2bfa4916/datanode-5/data/ratis
2024-01-08 22:37:30,119 [c15a1dbd-1c17-41f9-9118-60766ac127ad-EndpointStateMachineTaskThread-/0.0.0.0:15358-0 ] INFO  volume.StorageVolumeChecker (StorageVolumeChecker.java:checkAllVolumes(218)) - Scheduled health check for volume /home/runner/work/ozone/ozone/hadoop-ozone/integration-test/target/test-dir/MiniOzoneClusterImpl-c2c64c26-053e-4d1e-83e3-051e2bfa4916/datanode-5/data/ratis
2024-01-08 22:37:30,120 [c15a1dbd-1c17-41f9-9118-60766ac127ad-EndpointStateMachineTaskThread-/0.0.0.0:15358-0 ] INFO  ozoneimpl.OzoneContainer (OzoneContainer.java:start(441)) - Attempting to start container services.
2024-01-08 22:37:30,120 [c15a1dbd-1c17-41f9-9118-60766ac127ad-EndpointStateMachineTaskThread-/0.0.0.0:15358-0 ] INFO  ozoneimpl.OzoneContainer (OzoneContainer.java:startContainerScrub(337)) - Scheduled background container scanners and the on-demand container scanner have been disabled.
2024-01-08 22:37:30,120 [c15a1dbd-1c17-41f9-9118-60766ac127ad-EndpointStateMachineTaskThread-/0.0.0.0:15358-0 ] INFO  replication.ReplicationServer (ReplicationServer.java:start(139)) - ReplicationServer is started using port 15417
2024-01-08 22:37:30,120 [c15a1dbd-1c17-41f9-9118-60766ac127ad-EndpointStateMachineTaskThread-/0.0.0.0:15358-0 ] INFO  ratis.XceiverServerRatis (XceiverServerRatis.java:start(549)) - Starting XceiverServerRatis c15a1dbd-1c17-41f9-9118-60766ac127ad
2024-01-08 22:37:30,121 [c15a1dbd-1c17-41f9-9118-60766ac127ad-EndpointStateMachineTaskThread-/0.0.0.0:15358-0 ] INFO  server.RaftServer (RaftServerProxy.java:startImpl(406)) - c15a1dbd-1c17-41f9-9118-60766ac127ad: start RPC server
2024-01-08 22:37:30,121 [c15a1dbd-1c17-41f9-9118-60766ac127ad-EndpointStateMachineTaskThread-/0.0.0.0:15358-0 ] INFO  server.GrpcService (GrpcService.java:startImpl(302)) - c15a1dbd-1c17-41f9-9118-60766ac127ad: GrpcService started, listening on 15413
2024-01-08 22:37:30,121 [c15a1dbd-1c17-41f9-9118-60766ac127ad-EndpointStateMachineTaskThread-/0.0.0.0:15358-0 ] INFO  server.GrpcService (GrpcService.java:startImpl(302)) - c15a1dbd-1c17-41f9-9118-60766ac127ad: GrpcService started, listening on 15415
2024-01-08 22:37:30,121 [c15a1dbd-1c17-41f9-9118-60766ac127ad-EndpointStateMachineTaskThread-/0.0.0.0:15358-0 ] INFO  server.GrpcService (GrpcService.java:startImpl(302)) - c15a1dbd-1c17-41f9-9118-60766ac127ad: GrpcService started, listening on 15414
2024-01-08 22:37:30,121 [c15a1dbd-1c17-41f9-9118-60766ac127ad-EndpointStateMachineTaskThread-/0.0.0.0:15358-0 ] INFO  ratis.XceiverServerRatis (XceiverServerRatis.java:getRealPort(575)) - XceiverServerRatis c15a1dbd-1c17-41f9-9118-60766ac127ad is started using port 15413 for RATIS
2024-01-08 22:37:30,121 [JvmPauseMonitor51] INFO  util.JvmPauseMonitor (JvmPauseMonitor.java:run(146)) - JvmPauseMonitor-c15a1dbd-1c17-41f9-9118-60766ac127ad: Started
2024-01-08 22:37:30,121 [c15a1dbd-1c17-41f9-9118-60766ac127ad-EndpointStateMachineTaskThread-/0.0.0.0:15358-0 ] INFO  ratis.XceiverServerRatis (XceiverServerRatis.java:getRealPort(575)) - XceiverServerRatis c15a1dbd-1c17-41f9-9118-60766ac127ad is started using port 15414 for RATIS_ADMIN
2024-01-08 22:37:30,121 [c15a1dbd-1c17-41f9-9118-60766ac127ad-EndpointStateMachineTaskThread-/0.0.0.0:15358-0 ] INFO  ratis.XceiverServerRatis (XceiverServerRatis.java:getRealPort(575)) - XceiverServerRatis c15a1dbd-1c17-41f9-9118-60766ac127ad is started using port 15415 for RATIS_SERVER
2024-01-08 22:37:30,121 [c15a1dbd-1c17-41f9-9118-60766ac127ad-EndpointStateMachineTaskThread-/0.0.0.0:15358-0 ] INFO  ratis.XceiverServerRatis (XceiverServerRatis.java:getRealPort(575)) - XceiverServerRatis c15a1dbd-1c17-41f9-9118-60766ac127ad is started using port 15416 for RATIS_DATASTREAM
2024-01-08 22:37:30,122 [c15a1dbd-1c17-41f9-9118-60766ac127ad-BlockDeletingService#0] INFO  interfaces.ContainerDeletionChoosingPolicyTemplate (ContainerDeletionChoosingPolicyTemplate.java:chooseContainerForBlockDeletion(85)) - Chosen 0/5000 blocks from 0 candidate containers.
2024-01-08 22:37:30,198 [0d9d6b7b-744f-4f5a-b215-8082335ad77a-EndpointStateMachineTaskThread-/0.0.0.0:15358-0 ] INFO  utils.DatanodeStoreCache (DatanodeStoreCache.java:addDB(66)) - Added db /home/runner/work/ozone/ozone/hadoop-ozone/integration-test/target/test-dir/MiniOzoneClusterImpl-c2c64c26-053e-4d1e-83e3-051e2bfa4916/datanode-6/data-0/containers/hdds/c2c64c26-053e-4d1e-83e3-051e2bfa4916/DS-06a043b3-c07b-4bc0-9f73-22036aae6a96/container.db to cache
2024-01-08 22:37:30,198 [0d9d6b7b-744f-4f5a-b215-8082335ad77a-EndpointStateMachineTaskThread-/0.0.0.0:15358-0 ] INFO  volume.HddsVolume (HddsVolume.java:createDbStore(420)) - SchemaV3 db is created and loaded at /home/runner/work/ozone/ozone/hadoop-ozone/integration-test/target/test-dir/MiniOzoneClusterImpl-c2c64c26-053e-4d1e-83e3-051e2bfa4916/datanode-6/data-0/containers/hdds/c2c64c26-053e-4d1e-83e3-051e2bfa4916/DS-06a043b3-c07b-4bc0-9f73-22036aae6a96/container.db for volume DS-06a043b3-c07b-4bc0-9f73-22036aae6a96
2024-01-08 22:37:30,199 [0d9d6b7b-744f-4f5a-b215-8082335ad77a-EndpointStateMachineTaskThread-/0.0.0.0:15358-0 ] INFO  volume.ThrottledAsyncChecker (ThrottledAsyncChecker.java:schedule(141)) - Scheduling a check for /home/runner/work/ozone/ozone/hadoop-ozone/integration-test/target/test-dir/MiniOzoneClusterImpl-c2c64c26-053e-4d1e-83e3-051e2bfa4916/datanode-6/data-0/containers/hdds
2024-01-08 22:37:30,200 [0d9d6b7b-744f-4f5a-b215-8082335ad77a-EndpointStateMachineTaskThread-/0.0.0.0:15358-0 ] INFO  volume.StorageVolumeChecker (StorageVolumeChecker.java:checkAllVolumes(218)) - Scheduled health check for volume /home/runner/work/ozone/ozone/hadoop-ozone/integration-test/target/test-dir/MiniOzoneClusterImpl-c2c64c26-053e-4d1e-83e3-051e2bfa4916/datanode-6/data-0/containers/hdds
2024-01-08 22:37:30,201 [0d9d6b7b-744f-4f5a-b215-8082335ad77a-EndpointStateMachineTaskThread-/0.0.0.0:15358-0 ] INFO  volume.ThrottledAsyncChecker (ThrottledAsyncChecker.java:schedule(141)) - Scheduling a check for /home/runner/work/ozone/ozone/hadoop-ozone/integration-test/target/test-dir/MiniOzoneClusterImpl-c2c64c26-053e-4d1e-83e3-051e2bfa4916/datanode-6/data/ratis
2024-01-08 22:37:30,201 [0d9d6b7b-744f-4f5a-b215-8082335ad77a-EndpointStateMachineTaskThread-/0.0.0.0:15358-0 ] INFO  volume.StorageVolumeChecker (StorageVolumeChecker.java:checkAllVolumes(218)) - Scheduled health check for volume /home/runner/work/ozone/ozone/hadoop-ozone/integration-test/target/test-dir/MiniOzoneClusterImpl-c2c64c26-053e-4d1e-83e3-051e2bfa4916/datanode-6/data/ratis
2024-01-08 22:37:30,202 [0d9d6b7b-744f-4f5a-b215-8082335ad77a-EndpointStateMachineTaskThread-/0.0.0.0:15358-0 ] INFO  ozoneimpl.OzoneContainer (OzoneContainer.java:start(441)) - Attempting to start container services.
2024-01-08 22:37:30,202 [0d9d6b7b-744f-4f5a-b215-8082335ad77a-EndpointStateMachineTaskThread-/0.0.0.0:15358-0 ] INFO  ozoneimpl.OzoneContainer (OzoneContainer.java:startContainerScrub(337)) - Scheduled background container scanners and the on-demand container scanner have been disabled.
2024-01-08 22:37:30,202 [0d9d6b7b-744f-4f5a-b215-8082335ad77a-EndpointStateMachineTaskThread-/0.0.0.0:15358-0 ] INFO  replication.ReplicationServer (ReplicationServer.java:start(139)) - ReplicationServer is started using port 15426
2024-01-08 22:37:30,202 [0d9d6b7b-744f-4f5a-b215-8082335ad77a-EndpointStateMachineTaskThread-/0.0.0.0:15358-0 ] INFO  ratis.XceiverServerRatis (XceiverServerRatis.java:start(549)) - Starting XceiverServerRatis 0d9d6b7b-744f-4f5a-b215-8082335ad77a
2024-01-08 22:37:30,202 [0d9d6b7b-744f-4f5a-b215-8082335ad77a-EndpointStateMachineTaskThread-/0.0.0.0:15358-0 ] INFO  server.RaftServer (RaftServerProxy.java:startImpl(406)) - 0d9d6b7b-744f-4f5a-b215-8082335ad77a: start RPC server
2024-01-08 22:37:30,203 [0d9d6b7b-744f-4f5a-b215-8082335ad77a-EndpointStateMachineTaskThread-/0.0.0.0:15358-0 ] INFO  server.GrpcService (GrpcService.java:startImpl(302)) - 0d9d6b7b-744f-4f5a-b215-8082335ad77a: GrpcService started, listening on 15422
2024-01-08 22:37:30,203 [0d9d6b7b-744f-4f5a-b215-8082335ad77a-EndpointStateMachineTaskThread-/0.0.0.0:15358-0 ] INFO  server.GrpcService (GrpcService.java:startImpl(302)) - 0d9d6b7b-744f-4f5a-b215-8082335ad77a: GrpcService started, listening on 15424
2024-01-08 22:37:30,203 [0d9d6b7b-744f-4f5a-b215-8082335ad77a-EndpointStateMachineTaskThread-/0.0.0.0:15358-0 ] INFO  server.GrpcService (GrpcService.java:startImpl(302)) - 0d9d6b7b-744f-4f5a-b215-8082335ad77a: GrpcService started, listening on 15423
2024-01-08 22:37:30,203 [0d9d6b7b-744f-4f5a-b215-8082335ad77a-EndpointStateMachineTaskThread-/0.0.0.0:15358-0 ] INFO  ratis.XceiverServerRatis (XceiverServerRatis.java:getRealPort(575)) - XceiverServerRatis 0d9d6b7b-744f-4f5a-b215-8082335ad77a is started using port 15422 for RATIS
2024-01-08 22:37:30,203 [0d9d6b7b-744f-4f5a-b215-8082335ad77a-EndpointStateMachineTaskThread-/0.0.0.0:15358-0 ] INFO  ratis.XceiverServerRatis (XceiverServerRatis.java:getRealPort(575)) - XceiverServerRatis 0d9d6b7b-744f-4f5a-b215-8082335ad77a is started using port 15423 for RATIS_ADMIN
2024-01-08 22:37:30,203 [0d9d6b7b-744f-4f5a-b215-8082335ad77a-EndpointStateMachineTaskThread-/0.0.0.0:15358-0 ] INFO  ratis.XceiverServerRatis (XceiverServerRatis.java:getRealPort(575)) - XceiverServerRatis 0d9d6b7b-744f-4f5a-b215-8082335ad77a is started using port 15424 for RATIS_SERVER
2024-01-08 22:37:30,203 [0d9d6b7b-744f-4f5a-b215-8082335ad77a-EndpointStateMachineTaskThread-/0.0.0.0:15358-0 ] INFO  ratis.XceiverServerRatis (XceiverServerRatis.java:getRealPort(575)) - XceiverServerRatis 0d9d6b7b-744f-4f5a-b215-8082335ad77a is started using port 15425 for RATIS_DATASTREAM
2024-01-08 22:37:30,203 [JvmPauseMonitor52] INFO  util.JvmPauseMonitor (JvmPauseMonitor.java:run(146)) - JvmPauseMonitor-0d9d6b7b-744f-4f5a-b215-8082335ad77a: Started
2024-01-08 22:37:30,204 [0d9d6b7b-744f-4f5a-b215-8082335ad77a-BlockDeletingService#0] INFO  interfaces.ContainerDeletionChoosingPolicyTemplate (ContainerDeletionChoosingPolicyTemplate.java:chooseContainerForBlockDeletion(85)) - Chosen 0/5000 blocks from 0 candidate containers.
2024-01-08 22:37:30,294 [92bfa79f-b082-4a9b-a2b8-9a2f5047304a-EndpointStateMachineTaskThread-/0.0.0.0:15358-0 ] INFO  utils.DatanodeStoreCache (DatanodeStoreCache.java:addDB(66)) - Added db /home/runner/work/ozone/ozone/hadoop-ozone/integration-test/target/test-dir/MiniOzoneClusterImpl-c2c64c26-053e-4d1e-83e3-051e2bfa4916/datanode-7/data-0/containers/hdds/c2c64c26-053e-4d1e-83e3-051e2bfa4916/DS-f0e1030a-5d67-4da6-b748-acbf95577870/container.db to cache
2024-01-08 22:37:30,294 [92bfa79f-b082-4a9b-a2b8-9a2f5047304a-EndpointStateMachineTaskThread-/0.0.0.0:15358-0 ] INFO  volume.HddsVolume (HddsVolume.java:createDbStore(420)) - SchemaV3 db is created and loaded at /home/runner/work/ozone/ozone/hadoop-ozone/integration-test/target/test-dir/MiniOzoneClusterImpl-c2c64c26-053e-4d1e-83e3-051e2bfa4916/datanode-7/data-0/containers/hdds/c2c64c26-053e-4d1e-83e3-051e2bfa4916/DS-f0e1030a-5d67-4da6-b748-acbf95577870/container.db for volume DS-f0e1030a-5d67-4da6-b748-acbf95577870
2024-01-08 22:37:30,295 [92bfa79f-b082-4a9b-a2b8-9a2f5047304a-EndpointStateMachineTaskThread-/0.0.0.0:15358-0 ] INFO  volume.ThrottledAsyncChecker (ThrottledAsyncChecker.java:schedule(141)) - Scheduling a check for /home/runner/work/ozone/ozone/hadoop-ozone/integration-test/target/test-dir/MiniOzoneClusterImpl-c2c64c26-053e-4d1e-83e3-051e2bfa4916/datanode-7/data-0/containers/hdds
2024-01-08 22:37:30,295 [92bfa79f-b082-4a9b-a2b8-9a2f5047304a-EndpointStateMachineTaskThread-/0.0.0.0:15358-0 ] INFO  volume.StorageVolumeChecker (StorageVolumeChecker.java:checkAllVolumes(218)) - Scheduled health check for volume /home/runner/work/ozone/ozone/hadoop-ozone/integration-test/target/test-dir/MiniOzoneClusterImpl-c2c64c26-053e-4d1e-83e3-051e2bfa4916/datanode-7/data-0/containers/hdds
2024-01-08 22:37:30,296 [92bfa79f-b082-4a9b-a2b8-9a2f5047304a-EndpointStateMachineTaskThread-/0.0.0.0:15358-0 ] INFO  volume.ThrottledAsyncChecker (ThrottledAsyncChecker.java:schedule(141)) - Scheduling a check for /home/runner/work/ozone/ozone/hadoop-ozone/integration-test/target/test-dir/MiniOzoneClusterImpl-c2c64c26-053e-4d1e-83e3-051e2bfa4916/datanode-7/data/ratis
2024-01-08 22:37:30,297 [92bfa79f-b082-4a9b-a2b8-9a2f5047304a-EndpointStateMachineTaskThread-/0.0.0.0:15358-0 ] INFO  volume.StorageVolumeChecker (StorageVolumeChecker.java:checkAllVolumes(218)) - Scheduled health check for volume /home/runner/work/ozone/ozone/hadoop-ozone/integration-test/target/test-dir/MiniOzoneClusterImpl-c2c64c26-053e-4d1e-83e3-051e2bfa4916/datanode-7/data/ratis
2024-01-08 22:37:30,297 [92bfa79f-b082-4a9b-a2b8-9a2f5047304a-EndpointStateMachineTaskThread-/0.0.0.0:15358-0 ] INFO  ozoneimpl.OzoneContainer (OzoneContainer.java:start(441)) - Attempting to start container services.
2024-01-08 22:37:30,297 [92bfa79f-b082-4a9b-a2b8-9a2f5047304a-EndpointStateMachineTaskThread-/0.0.0.0:15358-0 ] INFO  ozoneimpl.OzoneContainer (OzoneContainer.java:startContainerScrub(337)) - Scheduled background container scanners and the on-demand container scanner have been disabled.
2024-01-08 22:37:30,298 [92bfa79f-b082-4a9b-a2b8-9a2f5047304a-EndpointStateMachineTaskThread-/0.0.0.0:15358-0 ] INFO  replication.ReplicationServer (ReplicationServer.java:start(139)) - ReplicationServer is started using port 15435
2024-01-08 22:37:30,298 [92bfa79f-b082-4a9b-a2b8-9a2f5047304a-EndpointStateMachineTaskThread-/0.0.0.0:15358-0 ] INFO  ratis.XceiverServerRatis (XceiverServerRatis.java:start(549)) - Starting XceiverServerRatis 92bfa79f-b082-4a9b-a2b8-9a2f5047304a
2024-01-08 22:37:30,298 [92bfa79f-b082-4a9b-a2b8-9a2f5047304a-EndpointStateMachineTaskThread-/0.0.0.0:15358-0 ] INFO  server.RaftServer (RaftServerProxy.java:startImpl(406)) - 92bfa79f-b082-4a9b-a2b8-9a2f5047304a: start RPC server
2024-01-08 22:37:30,298 [92bfa79f-b082-4a9b-a2b8-9a2f5047304a-EndpointStateMachineTaskThread-/0.0.0.0:15358-0 ] INFO  server.GrpcService (GrpcService.java:startImpl(302)) - 92bfa79f-b082-4a9b-a2b8-9a2f5047304a: GrpcService started, listening on 15431
2024-01-08 22:37:30,298 [92bfa79f-b082-4a9b-a2b8-9a2f5047304a-EndpointStateMachineTaskThread-/0.0.0.0:15358-0 ] INFO  server.GrpcService (GrpcService.java:startImpl(302)) - 92bfa79f-b082-4a9b-a2b8-9a2f5047304a: GrpcService started, listening on 15433
2024-01-08 22:37:30,299 [92bfa79f-b082-4a9b-a2b8-9a2f5047304a-EndpointStateMachineTaskThread-/0.0.0.0:15358-0 ] INFO  server.GrpcService (GrpcService.java:startImpl(302)) - 92bfa79f-b082-4a9b-a2b8-9a2f5047304a: GrpcService started, listening on 15432
2024-01-08 22:37:30,299 [92bfa79f-b082-4a9b-a2b8-9a2f5047304a-EndpointStateMachineTaskThread-/0.0.0.0:15358-0 ] INFO  ratis.XceiverServerRatis (XceiverServerRatis.java:getRealPort(575)) - XceiverServerRatis 92bfa79f-b082-4a9b-a2b8-9a2f5047304a is started using port 15431 for RATIS
2024-01-08 22:37:30,299 [92bfa79f-b082-4a9b-a2b8-9a2f5047304a-EndpointStateMachineTaskThread-/0.0.0.0:15358-0 ] INFO  ratis.XceiverServerRatis (XceiverServerRatis.java:getRealPort(575)) - XceiverServerRatis 92bfa79f-b082-4a9b-a2b8-9a2f5047304a is started using port 15432 for RATIS_ADMIN
2024-01-08 22:37:30,299 [92bfa79f-b082-4a9b-a2b8-9a2f5047304a-EndpointStateMachineTaskThread-/0.0.0.0:15358-0 ] INFO  ratis.XceiverServerRatis (XceiverServerRatis.java:getRealPort(575)) - XceiverServerRatis 92bfa79f-b082-4a9b-a2b8-9a2f5047304a is started using port 15433 for RATIS_SERVER
2024-01-08 22:37:30,299 [92bfa79f-b082-4a9b-a2b8-9a2f5047304a-EndpointStateMachineTaskThread-/0.0.0.0:15358-0 ] INFO  ratis.XceiverServerRatis (XceiverServerRatis.java:getRealPort(575)) - XceiverServerRatis 92bfa79f-b082-4a9b-a2b8-9a2f5047304a is started using port 15434 for RATIS_DATASTREAM
2024-01-08 22:37:30,299 [JvmPauseMonitor53] INFO  util.JvmPauseMonitor (JvmPauseMonitor.java:run(146)) - JvmPauseMonitor-92bfa79f-b082-4a9b-a2b8-9a2f5047304a: Started
2024-01-08 22:37:30,304 [92bfa79f-b082-4a9b-a2b8-9a2f5047304a-BlockDeletingService#0] INFO  interfaces.ContainerDeletionChoosingPolicyTemplate (ContainerDeletionChoosingPolicyTemplate.java:chooseContainerForBlockDeletion(85)) - Chosen 0/5000 blocks from 0 candidate containers.
2024-01-08 22:37:30,366 [main] INFO  ozone.MiniOzoneClusterImpl (MiniOzoneClusterImpl.java:lambda$waitForClusterToBeReady$0(230)) - Waiting for nodes to be ready. Got 0 of 9 DN Heartbeats.
2024-01-08 22:37:30,366 [main] INFO  ozone.MiniOzoneClusterImpl (MiniOzoneClusterImpl.java:lambda$waitForClusterToBeReady$0(233)) - Waiting for cluster to exit safe mode
2024-01-08 22:37:30,366 [main] INFO  ozone.MiniOzoneClusterImpl (MiniOzoneClusterImpl.java:lambda$waitForClusterToBeReady$0(235)) - SCM became leader
2024-01-08 22:37:30,386 [71d6d3a4-9c29-4ff8-bafc-b8f4ae2641d6-EndpointStateMachineTaskThread-/0.0.0.0:15358-0 ] INFO  utils.DatanodeStoreCache (DatanodeStoreCache.java:addDB(66)) - Added db /home/runner/work/ozone/ozone/hadoop-ozone/integration-test/target/test-dir/MiniOzoneClusterImpl-c2c64c26-053e-4d1e-83e3-051e2bfa4916/datanode-8/data-0/containers/hdds/c2c64c26-053e-4d1e-83e3-051e2bfa4916/DS-00d07f8a-aa7d-4307-80dd-b24ef11968a4/container.db to cache
2024-01-08 22:37:30,386 [71d6d3a4-9c29-4ff8-bafc-b8f4ae2641d6-EndpointStateMachineTaskThread-/0.0.0.0:15358-0 ] INFO  volume.HddsVolume (HddsVolume.java:createDbStore(420)) - SchemaV3 db is created and loaded at /home/runner/work/ozone/ozone/hadoop-ozone/integration-test/target/test-dir/MiniOzoneClusterImpl-c2c64c26-053e-4d1e-83e3-051e2bfa4916/datanode-8/data-0/containers/hdds/c2c64c26-053e-4d1e-83e3-051e2bfa4916/DS-00d07f8a-aa7d-4307-80dd-b24ef11968a4/container.db for volume DS-00d07f8a-aa7d-4307-80dd-b24ef11968a4
2024-01-08 22:37:30,387 [71d6d3a4-9c29-4ff8-bafc-b8f4ae2641d6-EndpointStateMachineTaskThread-/0.0.0.0:15358-0 ] INFO  volume.ThrottledAsyncChecker (ThrottledAsyncChecker.java:schedule(141)) - Scheduling a check for /home/runner/work/ozone/ozone/hadoop-ozone/integration-test/target/test-dir/MiniOzoneClusterImpl-c2c64c26-053e-4d1e-83e3-051e2bfa4916/datanode-8/data-0/containers/hdds
2024-01-08 22:37:30,387 [71d6d3a4-9c29-4ff8-bafc-b8f4ae2641d6-EndpointStateMachineTaskThread-/0.0.0.0:15358-0 ] INFO  volume.StorageVolumeChecker (StorageVolumeChecker.java:checkAllVolumes(218)) - Scheduled health check for volume /home/runner/work/ozone/ozone/hadoop-ozone/integration-test/target/test-dir/MiniOzoneClusterImpl-c2c64c26-053e-4d1e-83e3-051e2bfa4916/datanode-8/data-0/containers/hdds
2024-01-08 22:37:30,388 [71d6d3a4-9c29-4ff8-bafc-b8f4ae2641d6-EndpointStateMachineTaskThread-/0.0.0.0:15358-0 ] INFO  volume.ThrottledAsyncChecker (ThrottledAsyncChecker.java:schedule(141)) - Scheduling a check for /home/runner/work/ozone/ozone/hadoop-ozone/integration-test/target/test-dir/MiniOzoneClusterImpl-c2c64c26-053e-4d1e-83e3-051e2bfa4916/datanode-8/data/ratis
2024-01-08 22:37:30,388 [71d6d3a4-9c29-4ff8-bafc-b8f4ae2641d6-EndpointStateMachineTaskThread-/0.0.0.0:15358-0 ] INFO  volume.StorageVolumeChecker (StorageVolumeChecker.java:checkAllVolumes(218)) - Scheduled health check for volume /home/runner/work/ozone/ozone/hadoop-ozone/integration-test/target/test-dir/MiniOzoneClusterImpl-c2c64c26-053e-4d1e-83e3-051e2bfa4916/datanode-8/data/ratis
2024-01-08 22:37:30,389 [71d6d3a4-9c29-4ff8-bafc-b8f4ae2641d6-EndpointStateMachineTaskThread-/0.0.0.0:15358-0 ] INFO  ozoneimpl.OzoneContainer (OzoneContainer.java:start(441)) - Attempting to start container services.
2024-01-08 22:37:30,389 [71d6d3a4-9c29-4ff8-bafc-b8f4ae2641d6-EndpointStateMachineTaskThread-/0.0.0.0:15358-0 ] INFO  ozoneimpl.OzoneContainer (OzoneContainer.java:startContainerScrub(337)) - Scheduled background container scanners and the on-demand container scanner have been disabled.
2024-01-08 22:37:30,389 [71d6d3a4-9c29-4ff8-bafc-b8f4ae2641d6-EndpointStateMachineTaskThread-/0.0.0.0:15358-0 ] INFO  replication.ReplicationServer (ReplicationServer.java:start(139)) - ReplicationServer is started using port 15444
2024-01-08 22:37:30,389 [71d6d3a4-9c29-4ff8-bafc-b8f4ae2641d6-EndpointStateMachineTaskThread-/0.0.0.0:15358-0 ] INFO  ratis.XceiverServerRatis (XceiverServerRatis.java:start(549)) - Starting XceiverServerRatis 71d6d3a4-9c29-4ff8-bafc-b8f4ae2641d6
2024-01-08 22:37:30,390 [71d6d3a4-9c29-4ff8-bafc-b8f4ae2641d6-EndpointStateMachineTaskThread-/0.0.0.0:15358-0 ] INFO  server.RaftServer (RaftServerProxy.java:startImpl(406)) - 71d6d3a4-9c29-4ff8-bafc-b8f4ae2641d6: start RPC server
2024-01-08 22:37:30,391 [71d6d3a4-9c29-4ff8-bafc-b8f4ae2641d6-EndpointStateMachineTaskThread-/0.0.0.0:15358-0 ] INFO  server.GrpcService (GrpcService.java:startImpl(302)) - 71d6d3a4-9c29-4ff8-bafc-b8f4ae2641d6: GrpcService started, listening on 15440
2024-01-08 22:37:30,391 [71d6d3a4-9c29-4ff8-bafc-b8f4ae2641d6-EndpointStateMachineTaskThread-/0.0.0.0:15358-0 ] INFO  server.GrpcService (GrpcService.java:startImpl(302)) - 71d6d3a4-9c29-4ff8-bafc-b8f4ae2641d6: GrpcService started, listening on 15442
2024-01-08 22:37:30,391 [71d6d3a4-9c29-4ff8-bafc-b8f4ae2641d6-EndpointStateMachineTaskThread-/0.0.0.0:15358-0 ] INFO  server.GrpcService (GrpcService.java:startImpl(302)) - 71d6d3a4-9c29-4ff8-bafc-b8f4ae2641d6: GrpcService started, listening on 15441
2024-01-08 22:37:30,391 [71d6d3a4-9c29-4ff8-bafc-b8f4ae2641d6-EndpointStateMachineTaskThread-/0.0.0.0:15358-0 ] INFO  ratis.XceiverServerRatis (XceiverServerRatis.java:getRealPort(575)) - XceiverServerRatis 71d6d3a4-9c29-4ff8-bafc-b8f4ae2641d6 is started using port 15440 for RATIS
2024-01-08 22:37:30,391 [JvmPauseMonitor54] INFO  util.JvmPauseMonitor (JvmPauseMonitor.java:run(146)) - JvmPauseMonitor-71d6d3a4-9c29-4ff8-bafc-b8f4ae2641d6: Started
2024-01-08 22:37:30,391 [71d6d3a4-9c29-4ff8-bafc-b8f4ae2641d6-EndpointStateMachineTaskThread-/0.0.0.0:15358-0 ] INFO  ratis.XceiverServerRatis (XceiverServerRatis.java:getRealPort(575)) - XceiverServerRatis 71d6d3a4-9c29-4ff8-bafc-b8f4ae2641d6 is started using port 15441 for RATIS_ADMIN
2024-01-08 22:37:30,391 [71d6d3a4-9c29-4ff8-bafc-b8f4ae2641d6-EndpointStateMachineTaskThread-/0.0.0.0:15358-0 ] INFO  ratis.XceiverServerRatis (XceiverServerRatis.java:getRealPort(575)) - XceiverServerRatis 71d6d3a4-9c29-4ff8-bafc-b8f4ae2641d6 is started using port 15442 for RATIS_SERVER
2024-01-08 22:37:30,391 [71d6d3a4-9c29-4ff8-bafc-b8f4ae2641d6-EndpointStateMachineTaskThread-/0.0.0.0:15358-0 ] INFO  ratis.XceiverServerRatis (XceiverServerRatis.java:getRealPort(575)) - XceiverServerRatis 71d6d3a4-9c29-4ff8-bafc-b8f4ae2641d6 is started using port 15443 for RATIS_DATASTREAM
2024-01-08 22:37:30,392 [71d6d3a4-9c29-4ff8-bafc-b8f4ae2641d6-BlockDeletingService#0] INFO  interfaces.ContainerDeletionChoosingPolicyTemplate (ContainerDeletionChoosingPolicyTemplate.java:chooseContainerForBlockDeletion(85)) - Chosen 0/5000 blocks from 0 candidate containers.
2024-01-08 22:37:31,366 [main] INFO  ozone.MiniOzoneClusterImpl (MiniOzoneClusterImpl.java:lambda$waitForClusterToBeReady$0(230)) - Waiting for nodes to be ready. Got 0 of 9 DN Heartbeats.
2024-01-08 22:37:31,366 [main] INFO  ozone.MiniOzoneClusterImpl (MiniOzoneClusterImpl.java:lambda$waitForClusterToBeReady$0(233)) - Waiting for cluster to exit safe mode
2024-01-08 22:37:31,366 [main] INFO  ozone.MiniOzoneClusterImpl (MiniOzoneClusterImpl.java:lambda$waitForClusterToBeReady$0(235)) - SCM became leader
2024-01-08 22:37:31,653 [IPC Server handler 4 on default port 15358] INFO  net.NetworkTopologyImpl (NetworkTopologyImpl.java:add(124)) - Added a new node: /default-rack/4688c780-dea6-4744-ac30-6cd603ef2a1b
2024-01-08 22:37:31,653 [IPC Server handler 4 on default port 15358] INFO  node.SCMNodeManager (SCMNodeManager.java:register(417)) - Registered datanode: 4688c780-dea6-4744-ac30-6cd603ef2a1b{ip: 10.1.0.16, host: fv-az1425-465, ports: [HTTP=15365, CLIENT_RPC=15366, REPLICATION=15372, RATIS=15368, RATIS_ADMIN=15369, RATIS_SERVER=15370, RATIS_DATASTREAM=15371, STANDALONE=15367], networkLocation: /default-rack, certSerialId: null, persistedOpState: null, persistedOpStateExpiryEpochSec: 0}
2024-01-08 22:37:31,655 [EventQueue-NewNodeForNewNodeHandler] INFO  pipeline.BackgroundPipelineCreator (BackgroundPipelineCreator.java:notifyEventTriggered(280)) - trigger a one-shot run on RatisPipelineUtilsThread.
2024-01-08 22:37:31,655 [EventQueue-NodeRegistrationContainerReportForDataNodeSafeModeRule] INFO  safemode.SCMSafeModeManager (DataNodeSafeModeRule.java:process(71)) - SCM in safe mode. 1 DataNodes registered, 3 required.
2024-01-08 22:37:31,655 [RatisPipelineUtilsThread-0] INFO  pipeline.RatisPipelineProvider (RatisPipelineProvider.java:lambda$create$0(206)) - Sending CreatePipelineCommand for pipeline:PipelineID=cf2622fe-f3a9-4b8e-87e9-8dfaaeb7bf25 to datanode:4688c780-dea6-4744-ac30-6cd603ef2a1b
2024-01-08 22:37:31,655 [EventQueue-NodeRegistrationContainerReportForContainerSafeModeRule] INFO  safemode.SCMSafeModeManager (SCMSafeModeManager.java:validateSafeModeExitRules(200)) - ContainerSafeModeRule rule is successfully validated
2024-01-08 22:37:31,656 [EventQueue-PipelineReportForOneReplicaPipelineSafeModeRule] INFO  safemode.SCMSafeModeManager (SCMSafeModeManager.java:validateSafeModeExitRules(200)) - AtleastOneDatanodeReportedRule rule is successfully validated
2024-01-08 22:37:31,657 [RatisPipelineUtilsThread-0] INFO  pipeline.BackgroundPipelineCreator (BackgroundPipelineCreator.java:createPipelines(236)) - Created new pipeline Pipeline[ Id: cf2622fe-f3a9-4b8e-87e9-8dfaaeb7bf25, Nodes: 4688c780-dea6-4744-ac30-6cd603ef2a1b(fv-az1425-465/10.1.0.16), ReplicationConfig: RATIS/ONE, State:ALLOCATED, leaderId:, CreationTimestamp2024-01-08T22:37:31.655Z[Etc/UTC]]
2024-01-08 22:37:31,750 [IPC Server handler 5 on default port 15358] INFO  net.NetworkTopologyImpl (NetworkTopologyImpl.java:add(124)) - Added a new node: /default-rack/5e84c15f-e363-46f0-a4a8-c0510a3e4dd9
2024-01-08 22:37:31,751 [IPC Server handler 5 on default port 15358] INFO  node.SCMNodeManager (SCMNodeManager.java:register(417)) - Registered datanode: 5e84c15f-e363-46f0-a4a8-c0510a3e4dd9{ip: 10.1.0.16, host: fv-az1425-465, ports: [HTTP=15374, CLIENT_RPC=15375, REPLICATION=15381, RATIS=15377, RATIS_ADMIN=15378, RATIS_SERVER=15379, RATIS_DATASTREAM=15380, STANDALONE=15376], networkLocation: /default-rack, certSerialId: null, persistedOpState: null, persistedOpStateExpiryEpochSec: 0}
2024-01-08 22:37:31,751 [EventQueue-NewNodeForNewNodeHandler] INFO  pipeline.BackgroundPipelineCreator (BackgroundPipelineCreator.java:notifyEventTriggered(280)) - trigger a one-shot run on RatisPipelineUtilsThread.
2024-01-08 22:37:31,751 [EventQueue-NodeRegistrationContainerReportForDataNodeSafeModeRule] INFO  safemode.SCMSafeModeManager (DataNodeSafeModeRule.java:process(71)) - SCM in safe mode. 2 DataNodes registered, 3 required.
2024-01-08 22:37:31,752 [RatisPipelineUtilsThread-0] INFO  pipeline.RatisPipelineProvider (RatisPipelineProvider.java:lambda$create$0(206)) - Sending CreatePipelineCommand for pipeline:PipelineID=b70a71a8-944d-4a83-ba37-111c7fa9f822 to datanode:5e84c15f-e363-46f0-a4a8-c0510a3e4dd9
2024-01-08 22:37:31,752 [RatisPipelineUtilsThread-0] INFO  pipeline.BackgroundPipelineCreator (BackgroundPipelineCreator.java:createPipelines(236)) - Created new pipeline Pipeline[ Id: b70a71a8-944d-4a83-ba37-111c7fa9f822, Nodes: 5e84c15f-e363-46f0-a4a8-c0510a3e4dd9(fv-az1425-465/10.1.0.16), ReplicationConfig: RATIS/ONE, State:ALLOCATED, leaderId:, CreationTimestamp2024-01-08T22:37:31.752Z[Etc/UTC]]
2024-01-08 22:37:31,834 [IPC Server handler 6 on default port 15358] INFO  net.NetworkTopologyImpl (NetworkTopologyImpl.java:add(124)) - Added a new node: /default-rack/45b27c77-8146-46e2-b49e-9e386de8493b
2024-01-08 22:37:31,834 [IPC Server handler 6 on default port 15358] INFO  node.SCMNodeManager (SCMNodeManager.java:register(417)) - Registered datanode: 45b27c77-8146-46e2-b49e-9e386de8493b{ip: 10.1.0.16, host: fv-az1425-465, ports: [HTTP=15383, CLIENT_RPC=15384, REPLICATION=15390, RATIS=15386, RATIS_ADMIN=15387, RATIS_SERVER=15388, RATIS_DATASTREAM=15389, STANDALONE=15385], networkLocation: /default-rack, certSerialId: null, persistedOpState: null, persistedOpStateExpiryEpochSec: 0}
2024-01-08 22:37:31,835 [EventQueue-NodeRegistrationContainerReportForDataNodeSafeModeRule] INFO  safemode.SCMSafeModeManager (DataNodeSafeModeRule.java:process(71)) - SCM in safe mode. 3 DataNodes registered, 3 required.
2024-01-08 22:37:31,835 [EventQueue-NodeRegistrationContainerReportForDataNodeSafeModeRule] INFO  safemode.SCMSafeModeManager (SCMSafeModeManager.java:validateSafeModeExitRules(200)) - DataNodeSafeModeRule rule is successfully validated
2024-01-08 22:37:31,835 [EventQueue-NodeRegistrationContainerReportForDataNodeSafeModeRule] INFO  safemode.SCMSafeModeManager (SCMSafeModeManager.java:completePreCheck(229)) - All SCM safe mode pre check rules have passed
2024-01-08 22:37:31,835 [EventQueue-NodeRegistrationContainerReportForDataNodeSafeModeRule] INFO  ha.SCMContext (SCMContext.java:updateSafeModeStatus(230)) - Update SafeModeStatus from SafeModeStatus{safeModeStatus=true, preCheckPassed=false} to SafeModeStatus{safeModeStatus=true, preCheckPassed=true}.
2024-01-08 22:37:31,835 [EventQueue-NewNodeForNewNodeHandler] INFO  pipeline.BackgroundPipelineCreator (BackgroundPipelineCreator.java:notifyEventTriggered(280)) - trigger a one-shot run on RatisPipelineUtilsThread.
2024-01-08 22:37:31,835 [EventQueue-NodeRegistrationContainerReportForDataNodeSafeModeRule] INFO  pipeline.BackgroundPipelineCreator (BackgroundPipelineCreator.java:notifyEventTriggered(280)) - trigger a one-shot run on RatisPipelineUtilsThread.
2024-01-08 22:37:31,835 [RatisPipelineUtilsThread-0] INFO  pipeline.RatisPipelineProvider (RatisPipelineProvider.java:lambda$create$0(206)) - Sending CreatePipelineCommand for pipeline:PipelineID=06058d69-ce9e-4526-b831-90f282fe66d6 to datanode:45b27c77-8146-46e2-b49e-9e386de8493b
2024-01-08 22:37:31,836 [RatisPipelineUtilsThread-0] INFO  pipeline.BackgroundPipelineCreator (BackgroundPipelineCreator.java:createPipelines(236)) - Created new pipeline Pipeline[ Id: 06058d69-ce9e-4526-b831-90f282fe66d6, Nodes: 45b27c77-8146-46e2-b49e-9e386de8493b(fv-az1425-465/10.1.0.16), ReplicationConfig: RATIS/ONE, State:ALLOCATED, leaderId:, CreationTimestamp2024-01-08T22:37:31.835Z[Etc/UTC]]
2024-01-08 22:37:31,836 [RatisPipelineUtilsThread-0] INFO  pipeline.RatisPipelineProvider (RatisPipelineProvider.java:lambda$create$0(206)) - Sending CreatePipelineCommand for pipeline:PipelineID=491b6cbb-1171-451f-b08e-553e271a2630 to datanode:5e84c15f-e363-46f0-a4a8-c0510a3e4dd9
2024-01-08 22:37:31,836 [RatisPipelineUtilsThread-0] INFO  pipeline.RatisPipelineProvider (RatisPipelineProvider.java:lambda$create$0(206)) - Sending CreatePipelineCommand for pipeline:PipelineID=491b6cbb-1171-451f-b08e-553e271a2630 to datanode:4688c780-dea6-4744-ac30-6cd603ef2a1b
2024-01-08 22:37:31,836 [RatisPipelineUtilsThread-0] INFO  pipeline.RatisPipelineProvider (RatisPipelineProvider.java:lambda$create$0(206)) - Sending CreatePipelineCommand for pipeline:PipelineID=491b6cbb-1171-451f-b08e-553e271a2630 to datanode:45b27c77-8146-46e2-b49e-9e386de8493b
2024-01-08 22:37:31,837 [RatisPipelineUtilsThread-0] INFO  pipeline.BackgroundPipelineCreator (BackgroundPipelineCreator.java:createPipelines(236)) - Created new pipeline Pipeline[ Id: 491b6cbb-1171-451f-b08e-553e271a2630, Nodes: 5e84c15f-e363-46f0-a4a8-c0510a3e4dd9(fv-az1425-465/10.1.0.16)4688c780-dea6-4744-ac30-6cd603ef2a1b(fv-az1425-465/10.1.0.16)45b27c77-8146-46e2-b49e-9e386de8493b(fv-az1425-465/10.1.0.16), ReplicationConfig: RATIS/THREE, State:ALLOCATED, leaderId:, CreationTimestamp2024-01-08T22:37:31.836Z[Etc/UTC]]
2024-01-08 22:37:31,927 [IPC Server handler 7 on default port 15358] INFO  net.NetworkTopologyImpl (NetworkTopologyImpl.java:add(124)) - Added a new node: /default-rack/d358508b-f61b-4bbe-a39d-36a2c95b295d
2024-01-08 22:37:31,927 [IPC Server handler 7 on default port 15358] INFO  node.SCMNodeManager (SCMNodeManager.java:register(417)) - Registered datanode: d358508b-f61b-4bbe-a39d-36a2c95b295d{ip: 10.1.0.16, host: fv-az1425-465, ports: [HTTP=15392, CLIENT_RPC=15393, REPLICATION=15399, RATIS=15395, RATIS_ADMIN=15396, RATIS_SERVER=15397, RATIS_DATASTREAM=15398, STANDALONE=15394], networkLocation: /default-rack, certSerialId: null, persistedOpState: null, persistedOpStateExpiryEpochSec: 0}
2024-01-08 22:37:31,928 [EventQueue-NewNodeForNewNodeHandler] INFO  pipeline.BackgroundPipelineCreator (BackgroundPipelineCreator.java:notifyEventTriggered(280)) - trigger a one-shot run on RatisPipelineUtilsThread.
2024-01-08 22:37:31,928 [RatisPipelineUtilsThread-0] INFO  pipeline.RatisPipelineProvider (RatisPipelineProvider.java:lambda$create$0(206)) - Sending CreatePipelineCommand for pipeline:PipelineID=148942d0-cd53-4c0e-a309-4f9eebafe465 to datanode:d358508b-f61b-4bbe-a39d-36a2c95b295d
2024-01-08 22:37:31,929 [RatisPipelineUtilsThread-0] INFO  pipeline.BackgroundPipelineCreator (BackgroundPipelineCreator.java:createPipelines(236)) - Created new pipeline Pipeline[ Id: 148942d0-cd53-4c0e-a309-4f9eebafe465, Nodes: d358508b-f61b-4bbe-a39d-36a2c95b295d(fv-az1425-465/10.1.0.16), ReplicationConfig: RATIS/ONE, State:ALLOCATED, leaderId:, CreationTimestamp2024-01-08T22:37:31.928Z[Etc/UTC]]
2024-01-08 22:37:32,016 [IPC Server handler 8 on default port 15358] INFO  net.NetworkTopologyImpl (NetworkTopologyImpl.java:add(124)) - Added a new node: /default-rack/3be0eefd-0f91-4043-b67b-b27b4ab908b0
2024-01-08 22:37:32,016 [IPC Server handler 8 on default port 15358] INFO  node.SCMNodeManager (SCMNodeManager.java:register(417)) - Registered datanode: 3be0eefd-0f91-4043-b67b-b27b4ab908b0{ip: 10.1.0.16, host: fv-az1425-465, ports: [HTTP=15401, CLIENT_RPC=15402, REPLICATION=15408, RATIS=15404, RATIS_ADMIN=15405, RATIS_SERVER=15406, RATIS_DATASTREAM=15407, STANDALONE=15403], networkLocation: /default-rack, certSerialId: null, persistedOpState: null, persistedOpStateExpiryEpochSec: 0}
2024-01-08 22:37:32,016 [EventQueue-NewNodeForNewNodeHandler] INFO  pipeline.BackgroundPipelineCreator (BackgroundPipelineCreator.java:notifyEventTriggered(280)) - trigger a one-shot run on RatisPipelineUtilsThread.
2024-01-08 22:37:32,016 [RatisPipelineUtilsThread-0] INFO  pipeline.RatisPipelineProvider (RatisPipelineProvider.java:lambda$create$0(206)) - Sending CreatePipelineCommand for pipeline:PipelineID=a8e3b2a6-9d68-41f3-bb16-5857499dade9 to datanode:3be0eefd-0f91-4043-b67b-b27b4ab908b0
2024-01-08 22:37:32,017 [RatisPipelineUtilsThread-0] INFO  pipeline.BackgroundPipelineCreator (BackgroundPipelineCreator.java:createPipelines(236)) - Created new pipeline Pipeline[ Id: a8e3b2a6-9d68-41f3-bb16-5857499dade9, Nodes: 3be0eefd-0f91-4043-b67b-b27b4ab908b0(fv-az1425-465/10.1.0.16), ReplicationConfig: RATIS/ONE, State:ALLOCATED, leaderId:, CreationTimestamp2024-01-08T22:37:32.016Z[Etc/UTC]]
2024-01-08 22:37:32,097 [IPC Server handler 1 on default port 15358] INFO  net.NetworkTopologyImpl (NetworkTopologyImpl.java:add(124)) - Added a new node: /default-rack/c15a1dbd-1c17-41f9-9118-60766ac127ad
2024-01-08 22:37:32,097 [IPC Server handler 1 on default port 15358] INFO  node.SCMNodeManager (SCMNodeManager.java:register(417)) - Registered datanode: c15a1dbd-1c17-41f9-9118-60766ac127ad{ip: 10.1.0.16, host: fv-az1425-465, ports: [HTTP=15410, CLIENT_RPC=15411, REPLICATION=15417, RATIS=15413, RATIS_ADMIN=15414, RATIS_SERVER=15415, RATIS_DATASTREAM=15416, STANDALONE=15412], networkLocation: /default-rack, certSerialId: null, persistedOpState: null, persistedOpStateExpiryEpochSec: 0}
2024-01-08 22:37:32,097 [EventQueue-NewNodeForNewNodeHandler] INFO  pipeline.BackgroundPipelineCreator (BackgroundPipelineCreator.java:notifyEventTriggered(280)) - trigger a one-shot run on RatisPipelineUtilsThread.
2024-01-08 22:37:32,097 [RatisPipelineUtilsThread-0] INFO  pipeline.RatisPipelineProvider (RatisPipelineProvider.java:lambda$create$0(206)) - Sending CreatePipelineCommand for pipeline:PipelineID=44b32ef7-8b78-4259-9b4a-8a30b06fa7af to datanode:c15a1dbd-1c17-41f9-9118-60766ac127ad
2024-01-08 22:37:32,098 [RatisPipelineUtilsThread-0] INFO  pipeline.BackgroundPipelineCreator (BackgroundPipelineCreator.java:createPipelines(236)) - Created new pipeline Pipeline[ Id: 44b32ef7-8b78-4259-9b4a-8a30b06fa7af, Nodes: c15a1dbd-1c17-41f9-9118-60766ac127ad(fv-az1425-465/10.1.0.16), ReplicationConfig: RATIS/ONE, State:ALLOCATED, leaderId:, CreationTimestamp2024-01-08T22:37:32.097Z[Etc/UTC]]
2024-01-08 22:37:32,098 [RatisPipelineUtilsThread-0] INFO  pipeline.RatisPipelineProvider (RatisPipelineProvider.java:lambda$create$0(206)) - Sending CreatePipelineCommand for pipeline:PipelineID=c748593b-2d19-406a-b3af-2bae2e41964b to datanode:c15a1dbd-1c17-41f9-9118-60766ac127ad
2024-01-08 22:37:32,098 [RatisPipelineUtilsThread-0] INFO  pipeline.RatisPipelineProvider (RatisPipelineProvider.java:lambda$create$0(206)) - Sending CreatePipelineCommand for pipeline:PipelineID=c748593b-2d19-406a-b3af-2bae2e41964b to datanode:3be0eefd-0f91-4043-b67b-b27b4ab908b0
2024-01-08 22:37:32,098 [RatisPipelineUtilsThread-0] INFO  pipeline.RatisPipelineProvider (RatisPipelineProvider.java:lambda$create$0(206)) - Sending CreatePipelineCommand for pipeline:PipelineID=c748593b-2d19-406a-b3af-2bae2e41964b to datanode:d358508b-f61b-4bbe-a39d-36a2c95b295d
2024-01-08 22:37:32,099 [RatisPipelineUtilsThread-0] INFO  pipeline.BackgroundPipelineCreator (BackgroundPipelineCreator.java:createPipelines(236)) - Created new pipeline Pipeline[ Id: c748593b-2d19-406a-b3af-2bae2e41964b, Nodes: c15a1dbd-1c17-41f9-9118-60766ac127ad(fv-az1425-465/10.1.0.16)3be0eefd-0f91-4043-b67b-b27b4ab908b0(fv-az1425-465/10.1.0.16)d358508b-f61b-4bbe-a39d-36a2c95b295d(fv-az1425-465/10.1.0.16), ReplicationConfig: RATIS/THREE, State:ALLOCATED, leaderId:, CreationTimestamp2024-01-08T22:37:32.098Z[Etc/UTC]]
2024-01-08 22:37:32,177 [IPC Server handler 2 on default port 15358] INFO  net.NetworkTopologyImpl (NetworkTopologyImpl.java:add(124)) - Added a new node: /default-rack/0d9d6b7b-744f-4f5a-b215-8082335ad77a
2024-01-08 22:37:32,177 [IPC Server handler 2 on default port 15358] INFO  node.SCMNodeManager (SCMNodeManager.java:register(417)) - Registered datanode: 0d9d6b7b-744f-4f5a-b215-8082335ad77a{ip: 10.1.0.16, host: fv-az1425-465, ports: [HTTP=15419, CLIENT_RPC=15420, REPLICATION=15426, RATIS=15422, RATIS_ADMIN=15423, RATIS_SERVER=15424, RATIS_DATASTREAM=15425, STANDALONE=15421], networkLocation: /default-rack, certSerialId: null, persistedOpState: null, persistedOpStateExpiryEpochSec: 0}
2024-01-08 22:37:32,177 [EventQueue-NewNodeForNewNodeHandler] INFO  pipeline.BackgroundPipelineCreator (BackgroundPipelineCreator.java:notifyEventTriggered(280)) - trigger a one-shot run on RatisPipelineUtilsThread.
2024-01-08 22:37:32,177 [RatisPipelineUtilsThread-0] INFO  pipeline.RatisPipelineProvider (RatisPipelineProvider.java:lambda$create$0(206)) - Sending CreatePipelineCommand for pipeline:PipelineID=d44fdb9f-f608-4ce6-9b08-b1deb076b92c to datanode:0d9d6b7b-744f-4f5a-b215-8082335ad77a
2024-01-08 22:37:32,178 [RatisPipelineUtilsThread-0] INFO  pipeline.BackgroundPipelineCreator (BackgroundPipelineCreator.java:createPipelines(236)) - Created new pipeline Pipeline[ Id: d44fdb9f-f608-4ce6-9b08-b1deb076b92c, Nodes: 0d9d6b7b-744f-4f5a-b215-8082335ad77a(fv-az1425-465/10.1.0.16), ReplicationConfig: RATIS/ONE, State:ALLOCATED, leaderId:, CreationTimestamp2024-01-08T22:37:32.177Z[Etc/UTC]]
2024-01-08 22:37:32,274 [IPC Server handler 3 on default port 15358] INFO  net.NetworkTopologyImpl (NetworkTopologyImpl.java:add(124)) - Added a new node: /default-rack/92bfa79f-b082-4a9b-a2b8-9a2f5047304a
2024-01-08 22:37:32,274 [IPC Server handler 3 on default port 15358] INFO  node.SCMNodeManager (SCMNodeManager.java:register(417)) - Registered datanode: 92bfa79f-b082-4a9b-a2b8-9a2f5047304a{ip: 10.1.0.16, host: fv-az1425-465, ports: [HTTP=15428, CLIENT_RPC=15429, REPLICATION=15435, RATIS=15431, RATIS_ADMIN=15432, RATIS_SERVER=15433, RATIS_DATASTREAM=15434, STANDALONE=15430], networkLocation: /default-rack, certSerialId: null, persistedOpState: null, persistedOpStateExpiryEpochSec: 0}
2024-01-08 22:37:32,274 [EventQueue-NewNodeForNewNodeHandler] INFO  pipeline.BackgroundPipelineCreator (BackgroundPipelineCreator.java:notifyEventTriggered(280)) - trigger a one-shot run on RatisPipelineUtilsThread.
2024-01-08 22:37:32,275 [RatisPipelineUtilsThread-0] INFO  pipeline.RatisPipelineProvider (RatisPipelineProvider.java:lambda$create$0(206)) - Sending CreatePipelineCommand for pipeline:PipelineID=48da0ecb-e53a-4be1-90e1-0062432ab966 to datanode:92bfa79f-b082-4a9b-a2b8-9a2f5047304a
2024-01-08 22:37:32,275 [RatisPipelineUtilsThread-0] INFO  pipeline.BackgroundPipelineCreator (BackgroundPipelineCreator.java:createPipelines(236)) - Created new pipeline Pipeline[ Id: 48da0ecb-e53a-4be1-90e1-0062432ab966, Nodes: 92bfa79f-b082-4a9b-a2b8-9a2f5047304a(fv-az1425-465/10.1.0.16), ReplicationConfig: RATIS/ONE, State:ALLOCATED, leaderId:, CreationTimestamp2024-01-08T22:37:32.275Z[Etc/UTC]]
2024-01-08 22:37:32,366 [IPC Server handler 4 on default port 15358] INFO  net.NetworkTopologyImpl (NetworkTopologyImpl.java:add(124)) - Added a new node: /default-rack/71d6d3a4-9c29-4ff8-bafc-b8f4ae2641d6
2024-01-08 22:37:32,366 [IPC Server handler 4 on default port 15358] INFO  node.SCMNodeManager (SCMNodeManager.java:register(417)) - Registered datanode: 71d6d3a4-9c29-4ff8-bafc-b8f4ae2641d6{ip: 10.1.0.16, host: fv-az1425-465, ports: [HTTP=15437, CLIENT_RPC=15438, REPLICATION=15444, RATIS=15440, RATIS_ADMIN=15441, RATIS_SERVER=15442, RATIS_DATASTREAM=15443, STANDALONE=15439], networkLocation: /default-rack, certSerialId: null, persistedOpState: null, persistedOpStateExpiryEpochSec: 0}
2024-01-08 22:37:32,366 [EventQueue-NewNodeForNewNodeHandler] INFO  pipeline.BackgroundPipelineCreator (BackgroundPipelineCreator.java:notifyEventTriggered(280)) - trigger a one-shot run on RatisPipelineUtilsThread.
2024-01-08 22:37:32,366 [RatisPipelineUtilsThread-0] INFO  pipeline.RatisPipelineProvider (RatisPipelineProvider.java:lambda$create$0(206)) - Sending CreatePipelineCommand for pipeline:PipelineID=a2033b91-26fd-482d-b5d6-cf8f61e5ceb9 to datanode:71d6d3a4-9c29-4ff8-bafc-b8f4ae2641d6
2024-01-08 22:37:32,367 [RatisPipelineUtilsThread-0] INFO  pipeline.BackgroundPipelineCreator (BackgroundPipelineCreator.java:createPipelines(236)) - Created new pipeline Pipeline[ Id: a2033b91-26fd-482d-b5d6-cf8f61e5ceb9, Nodes: 71d6d3a4-9c29-4ff8-bafc-b8f4ae2641d6(fv-az1425-465/10.1.0.16), ReplicationConfig: RATIS/ONE, State:ALLOCATED, leaderId:, CreationTimestamp2024-01-08T22:37:32.366Z[Etc/UTC]]
2024-01-08 22:37:32,367 [main] INFO  ozone.MiniOzoneClusterImpl (MiniOzoneClusterImpl.java:lambda$waitForClusterToBeReady$0(230)) - Nodes are ready. Got 9 of 9 DN Heartbeats.
2024-01-08 22:37:32,367 [RatisPipelineUtilsThread-0] INFO  pipeline.RatisPipelineProvider (RatisPipelineProvider.java:lambda$create$0(206)) - Sending CreatePipelineCommand for pipeline:PipelineID=d9ec8a3d-19b9-494b-964b-0fc28122e465 to datanode:71d6d3a4-9c29-4ff8-bafc-b8f4ae2641d6
2024-01-08 22:37:32,367 [main] INFO  ozone.MiniOzoneClusterImpl (MiniOzoneClusterImpl.java:lambda$waitForClusterToBeReady$0(233)) - Waiting for cluster to exit safe mode
2024-01-08 22:37:32,367 [main] INFO  ozone.MiniOzoneClusterImpl (MiniOzoneClusterImpl.java:lambda$waitForClusterToBeReady$0(235)) - SCM became leader
2024-01-08 22:37:32,367 [RatisPipelineUtilsThread-0] INFO  pipeline.RatisPipelineProvider (RatisPipelineProvider.java:lambda$create$0(206)) - Sending CreatePipelineCommand for pipeline:PipelineID=d9ec8a3d-19b9-494b-964b-0fc28122e465 to datanode:0d9d6b7b-744f-4f5a-b215-8082335ad77a
2024-01-08 22:37:32,368 [RatisPipelineUtilsThread-0] INFO  pipeline.RatisPipelineProvider (RatisPipelineProvider.java:lambda$create$0(206)) - Sending CreatePipelineCommand for pipeline:PipelineID=d9ec8a3d-19b9-494b-964b-0fc28122e465 to datanode:92bfa79f-b082-4a9b-a2b8-9a2f5047304a
2024-01-08 22:37:32,368 [RatisPipelineUtilsThread-0] INFO  pipeline.BackgroundPipelineCreator (BackgroundPipelineCreator.java:createPipelines(236)) - Created new pipeline Pipeline[ Id: d9ec8a3d-19b9-494b-964b-0fc28122e465, Nodes: 71d6d3a4-9c29-4ff8-bafc-b8f4ae2641d6(fv-az1425-465/10.1.0.16)0d9d6b7b-744f-4f5a-b215-8082335ad77a(fv-az1425-465/10.1.0.16)92bfa79f-b082-4a9b-a2b8-9a2f5047304a(fv-az1425-465/10.1.0.16), ReplicationConfig: RATIS/THREE, State:ALLOCATED, leaderId:, CreationTimestamp2024-01-08T22:37:32.367Z[Etc/UTC]]
2024-01-08 22:37:33,367 [main] INFO  ozone.MiniOzoneClusterImpl (MiniOzoneClusterImpl.java:lambda$waitForClusterToBeReady$0(230)) - Nodes are ready. Got 9 of 9 DN Heartbeats.
2024-01-08 22:37:33,368 [main] INFO  ozone.MiniOzoneClusterImpl (MiniOzoneClusterImpl.java:lambda$waitForClusterToBeReady$0(233)) - Waiting for cluster to exit safe mode
2024-01-08 22:37:33,368 [main] INFO  ozone.MiniOzoneClusterImpl (MiniOzoneClusterImpl.java:lambda$waitForClusterToBeReady$0(235)) - SCM became leader
2024-01-08 22:37:34,368 [main] INFO  ozone.MiniOzoneClusterImpl (MiniOzoneClusterImpl.java:lambda$waitForClusterToBeReady$0(230)) - Nodes are ready. Got 9 of 9 DN Heartbeats.
2024-01-08 22:37:34,368 [main] INFO  ozone.MiniOzoneClusterImpl (MiniOzoneClusterImpl.java:lambda$waitForClusterToBeReady$0(233)) - Waiting for cluster to exit safe mode
2024-01-08 22:37:34,368 [main] INFO  ozone.MiniOzoneClusterImpl (MiniOzoneClusterImpl.java:lambda$waitForClusterToBeReady$0(235)) - SCM became leader
2024-01-08 22:37:34,653 [4688c780-dea6-4744-ac30-6cd603ef2a1b-PipelineCommandHandlerThread-0] INFO  server.RaftServer (RaftServerProxy.java:addNew(100)) - 4688c780-dea6-4744-ac30-6cd603ef2a1b: addNew group-8DFAAEB7BF25:[4688c780-dea6-4744-ac30-6cd603ef2a1b|10.1.0.16:15370] returns group-8DFAAEB7BF25:java.util.concurrent.CompletableFuture@61c932d0[Not completed]
2024-01-08 22:37:34,654 [4688c780-dea6-4744-ac30-6cd603ef2a1b-groupManagement] INFO  server.RaftServer$Division (RaftServerImpl.java:<init>(256)) - 4688c780-dea6-4744-ac30-6cd603ef2a1b: new RaftServerImpl for group-8DFAAEB7BF25:[4688c780-dea6-4744-ac30-6cd603ef2a1b|10.1.0.16:15370] with ContainerStateMachine:uninitialized
2024-01-08 22:37:34,654 [4688c780-dea6-4744-ac30-6cd603ef2a1b-groupManagement] INFO  server.RaftServerConfigKeys (ConfUtils.java:logGet(46)) - raft.server.rpc.timeout.min = 5s (custom)
2024-01-08 22:37:34,654 [4688c780-dea6-4744-ac30-6cd603ef2a1b-groupManagement] INFO  server.RaftServerConfigKeys (ConfUtils.java:logGet(46)) - raft.server.rpc.timeout.max = 5200ms (custom)
2024-01-08 22:37:34,654 [4688c780-dea6-4744-ac30-6cd603ef2a1b-groupManagement] INFO  server.RaftServerConfigKeys (ConfUtils.java:logGet(46)) - raft.server.rpc.sleep.time = 25ms (default)
2024-01-08 22:37:34,654 [4688c780-dea6-4744-ac30-6cd603ef2a1b-groupManagement] INFO  server.RaftServerConfigKeys (ConfUtils.java:logGet(46)) - raft.server.rpc.slowness.timeout = 300000ms (custom)
2024-01-08 22:37:34,654 [4688c780-dea6-4744-ac30-6cd603ef2a1b-groupManagement] INFO  server.RaftServerConfigKeys (ConfUtils.java:logGet(46)) - raft.server.leaderelection.leader.step-down.wait-time = 10s (default)
2024-01-08 22:37:34,654 [4688c780-dea6-4744-ac30-6cd603ef2a1b-groupManagement] INFO  server.RaftServerConfigKeys (ConfUtils.java:logGet(46)) - raft.server.leaderelection.member.majority-add = false (default)
2024-01-08 22:37:34,654 [4688c780-dea6-4744-ac30-6cd603ef2a1b-groupManagement] INFO  server.RaftServerConfigKeys (ConfUtils.java:logGet(46)) - raft.server.sleep.deviation.threshold = 300ms (default)
2024-01-08 22:37:34,654 [4688c780-dea6-4744-ac30-6cd603ef2a1b-groupManagement] INFO  server.RaftServer$Division (ServerState.java:<init>(113)) - 4688c780-dea6-4744-ac30-6cd603ef2a1b@group-8DFAAEB7BF25: ConfigurationManager, init=-1: peers:[4688c780-dea6-4744-ac30-6cd603ef2a1b|10.1.0.16:15370]|listeners:[], old=null, confs=<EMPTY_MAP>
2024-01-08 22:37:34,654 [4688c780-dea6-4744-ac30-6cd603ef2a1b-groupManagement] INFO  server.RaftServerConfigKeys (ConfUtils.java:logGet(46)) - raft.server.notification.no-leader.timeout = 300000ms (custom)
2024-01-08 22:37:34,654 [4688c780-dea6-4744-ac30-6cd603ef2a1b-groupManagement] INFO  server.RaftServerConfigKeys (ConfUtils.java:logGet(46)) - raft.server.read.timeout = 10s (default)
2024-01-08 22:37:34,654 [4688c780-dea6-4744-ac30-6cd603ef2a1b-groupManagement] INFO  server.RaftServerConfigKeys (ConfUtils.java:logGet(46)) - raft.server.retrycache.expirytime = 600000ms (custom)
2024-01-08 22:37:34,654 [4688c780-dea6-4744-ac30-6cd603ef2a1b-groupManagement] INFO  server.RaftServerConfigKeys (ConfUtils.java:logGet(46)) - raft.server.retrycache.statistics.expirytime = 100ms (default)
2024-01-08 22:37:34,655 [4688c780-dea6-4744-ac30-6cd603ef2a1b-groupManagement] INFO  server.RaftServerConfigKeys (ConfUtils.java:logGet(46)) - raft.server.read.option = DEFAULT (default)
2024-01-08 22:37:34,655 [4688c780-dea6-4744-ac30-6cd603ef2a1b-groupManagement] INFO  server.RaftServerConfigKeys (ConfUtils.java:logGet(46)) - raft.server.read.read-after-write-consistent.write-index-cache.expiry-time = 60s (default)
2024-01-08 22:37:34,657 [4688c780-dea6-4744-ac30-6cd603ef2a1b-groupManagement] INFO  server.RaftServerConfigKeys (ConfUtils.java:logGet(46)) - raft.server.rpc.request.timeout = 3000ms (default)
2024-01-08 22:37:34,657 [4688c780-dea6-4744-ac30-6cd603ef2a1b-groupManagement] INFO  server.RaftServerConfigKeys (ConfUtils.java:logGet(46)) - raft.server.log.appender.install.snapshot.enabled = false (custom)
2024-01-08 22:37:34,657 [4688c780-dea6-4744-ac30-6cd603ef2a1b-groupManagement] INFO  server.RaftServerConfigKeys (ConfUtils.java:logGet(46)) - raft.server.threadpool.server.cached = true (default)
2024-01-08 22:37:34,657 [4688c780-dea6-4744-ac30-6cd603ef2a1b-groupManagement] INFO  server.RaftServerConfigKeys (ConfUtils.java:logGet(46)) - raft.server.threadpool.server.size = 0 (default)
2024-01-08 22:37:34,657 [4688c780-dea6-4744-ac30-6cd603ef2a1b-groupManagement] INFO  server.RaftServerConfigKeys (ConfUtils.java:logGet(46)) - raft.server.threadpool.client.cached = true (default)
2024-01-08 22:37:34,657 [4688c780-dea6-4744-ac30-6cd603ef2a1b-groupManagement] INFO  server.RaftServerConfigKeys (ConfUtils.java:logGet(46)) - raft.server.threadpool.client.size = 0 (default)
2024-01-08 22:37:34,657 [4688c780-dea6-4744-ac30-6cd603ef2a1b-groupManagement] INFO  server.RaftServerConfigKeys (ConfUtils.java:logGet(46)) - raft.server.storage.free-space.min = 0MB (=0) (default)
2024-01-08 22:37:34,657 [4688c780-dea6-4744-ac30-6cd603ef2a1b-groupManagement] INFO  server.RaftServerConfigKeys (ConfUtils.java:logGet(46)) - raft.server.log.corruption.policy = EXCEPTION (default)
2024-01-08 22:37:34,657 [4688c780-dea6-4744-ac30-6cd603ef2a1b-groupManagement] INFO  server.RaftServerConfigKeys (ConfUtils.java:logGet(46)) - raft.server.storage.dir = [/home/runner/work/ozone/ozone/hadoop-ozone/integration-test/target/test-dir/MiniOzoneClusterImpl-c2c64c26-053e-4d1e-83e3-051e2bfa4916/datanode-0/data/ratis] (custom)
2024-01-08 22:37:34,657 [4688c780-dea6-4744-ac30-6cd603ef2a1b-groupManagement] INFO  storage.RaftStorageDirectory (RaftStorageDirectoryImpl.java:analyzeStorage(138)) - The storage directory /home/runner/work/ozone/ozone/hadoop-ozone/integration-test/target/test-dir/MiniOzoneClusterImpl-c2c64c26-053e-4d1e-83e3-051e2bfa4916/datanode-0/data/ratis/cf2622fe-f3a9-4b8e-87e9-8dfaaeb7bf25 does not exist. Creating ...
2024-01-08 22:37:34,658 [4688c780-dea6-4744-ac30-6cd603ef2a1b-groupManagement] INFO  storage.RaftStorageDirectory (RaftStorageDirectoryImpl.java:tryLock(232)) - Lock on /home/runner/work/ozone/ozone/hadoop-ozone/integration-test/target/test-dir/MiniOzoneClusterImpl-c2c64c26-053e-4d1e-83e3-051e2bfa4916/datanode-0/data/ratis/cf2622fe-f3a9-4b8e-87e9-8dfaaeb7bf25/in_use.lock acquired by nodename 83643@fv-az1425-465
2024-01-08 22:37:34,659 [4688c780-dea6-4744-ac30-6cd603ef2a1b-groupManagement] INFO  storage.RaftStorage (RaftStorageImpl.java:format(97)) - Storage directory /home/runner/work/ozone/ozone/hadoop-ozone/integration-test/target/test-dir/MiniOzoneClusterImpl-c2c64c26-053e-4d1e-83e3-051e2bfa4916/datanode-0/data/ratis/cf2622fe-f3a9-4b8e-87e9-8dfaaeb7bf25 has been successfully formatted.
2024-01-08 22:37:34,660 [4688c780-dea6-4744-ac30-6cd603ef2a1b-groupManagement] INFO  ratis.ContainerStateMachine (ContainerStateMachine.java:loadSnapshot(287)) - group-8DFAAEB7BF25: The snapshot info is null. Setting the last applied index to:(t:0, i:~)
2024-01-08 22:37:34,660 [4688c780-dea6-4744-ac30-6cd603ef2a1b-groupManagement] INFO  server.RaftServerConfigKeys (ConfUtils.java:logGet(46)) - raft.server.log.use.memory = false (default)
2024-01-08 22:37:34,660 [4688c780-dea6-4744-ac30-6cd603ef2a1b-groupManagement] INFO  server.RaftServerConfigKeys (ConfUtils.java:logGet(46)) - raft.server.log.purge.gap = 1000000 (custom)
2024-01-08 22:37:34,660 [4688c780-dea6-4744-ac30-6cd603ef2a1b-groupManagement] INFO  server.RaftServerConfigKeys (ConfUtils.java:logGet(46)) - raft.server.log.appender.buffer.byte-limit = 8388608 (custom)
2024-01-08 22:37:34,660 [4688c780-dea6-4744-ac30-6cd603ef2a1b-groupManagement] INFO  server.RaftServerConfigKeys (ConfUtils.java:logGet(46)) - raft.server.log.statemachine.data.read.timeout = 1000ms (default)
2024-01-08 22:37:34,661 [4688c780-dea6-4744-ac30-6cd603ef2a1b-groupManagement] INFO  server.RaftServerConfigKeys (ConfUtils.java:logGet(46)) - raft.server.log.purge.preservation.log.num = 0 (default)
2024-01-08 22:37:34,661 [EventQueue-PipelineReportForPipelineReportHandler] INFO  pipeline.PipelineReportHandler (PipelineReportHandler.java:processPipelineReport(136)) - Opened pipeline PipelineID=cf2622fe-f3a9-4b8e-87e9-8dfaaeb7bf25
2024-01-08 22:37:34,663 [EventQueue-OpenPipelineForHealthyPipelineSafeModeRule] INFO  safemode.SCMSafeModeManager (HealthyPipelineSafeModeRule.java:process(140)) - SCM in safe mode. Healthy pipelines reported count is 0, required healthy pipeline reported count is 1
2024-01-08 22:37:34,663 [4688c780-dea6-4744-ac30-6cd603ef2a1b-groupManagement] INFO  server.RaftServerConfigKeys (ConfUtils.java:logGet(46)) - raft.server.log.segment.size.max = 67108864 (custom)
2024-01-08 22:37:34,663 [4688c780-dea6-4744-ac30-6cd603ef2a1b-groupManagement] INFO  server.RaftServerConfigKeys (ConfUtils.java:logGet(46)) - raft.server.log.segment.cache.num.max = 2 (custom)
2024-01-08 22:37:34,663 [4688c780-dea6-4744-ac30-6cd603ef2a1b-groupManagement] INFO  server.RaftServerConfigKeys (ConfUtils.java:logGet(46)) - raft.server.log.segment.cache.size.max = 200MB (=209715200) (default)
2024-01-08 22:37:34,663 [4688c780-dea6-4744-ac30-6cd603ef2a1b-groupManagement] INFO  server.RaftServerConfigKeys (ConfUtils.java:logGet(46)) - raft.server.log.appender.buffer.byte-limit = 8388608 (custom)
2024-01-08 22:37:34,663 [4688c780-dea6-4744-ac30-6cd603ef2a1b-groupManagement] INFO  util.AwaitToRun (AwaitToRun.java:start(81)) - Thread[4688c780-dea6-4744-ac30-6cd603ef2a1b@group-8DFAAEB7BF25-cacheEviction-AwaitToRun,5,main] started
2024-01-08 22:37:34,664 [4688c780-dea6-4744-ac30-6cd603ef2a1b-groupManagement] INFO  segmented.SegmentedRaftLogWorker (SegmentedRaftLogWorker.java:<init>(184)) - new 4688c780-dea6-4744-ac30-6cd603ef2a1b@group-8DFAAEB7BF25-SegmentedRaftLogWorker for RaftStorageImpl:Storage Directory /home/runner/work/ozone/ozone/hadoop-ozone/integration-test/target/test-dir/MiniOzoneClusterImpl-c2c64c26-053e-4d1e-83e3-051e2bfa4916/datanode-0/data/ratis/cf2622fe-f3a9-4b8e-87e9-8dfaaeb7bf25
2024-01-08 22:37:34,664 [4688c780-dea6-4744-ac30-6cd603ef2a1b-groupManagement] INFO  server.RaftServerConfigKeys (ConfUtils.java:logGet(46)) - raft.server.log.queue.byte-limit = 4294967296 (custom)
2024-01-08 22:37:34,664 [4688c780-dea6-4744-ac30-6cd603ef2a1b-groupManagement] INFO  server.RaftServerConfigKeys (ConfUtils.java:logGet(46)) - raft.server.log.queue.element-limit = 1024 (custom)
2024-01-08 22:37:34,664 [4688c780-dea6-4744-ac30-6cd603ef2a1b-groupManagement] INFO  server.RaftServerConfigKeys (ConfUtils.java:logGet(46)) - raft.server.log.segment.size.max = 67108864 (custom)
2024-01-08 22:37:34,664 [4688c780-dea6-4744-ac30-6cd603ef2a1b-groupManagement] INFO  server.RaftServerConfigKeys (ConfUtils.java:logGet(46)) - raft.server.log.preallocated.size = 4194304 (custom)
2024-01-08 22:37:34,664 [4688c780-dea6-4744-ac30-6cd603ef2a1b-groupManagement] INFO  server.RaftServerConfigKeys (ConfUtils.java:logGet(46)) - raft.server.log.force.sync.num = 128 (default)
2024-01-08 22:37:34,664 [4688c780-dea6-4744-ac30-6cd603ef2a1b-groupManagement] INFO  server.RaftServerConfigKeys (ConfUtils.java:logGet(46)) - raft.server.log.statemachine.data.sync = true (default)
2024-01-08 22:37:34,664 [4688c780-dea6-4744-ac30-6cd603ef2a1b-groupManagement] INFO  server.RaftServerConfigKeys (ConfUtils.java:logGet(46)) - raft.server.log.statemachine.data.sync.timeout = 10s (default)
2024-01-08 22:37:34,664 [4688c780-dea6-4744-ac30-6cd603ef2a1b-groupManagement] INFO  server.RaftServerConfigKeys (ConfUtils.java:logGet(46)) - raft.server.log.statemachine.data.sync.timeout.retry = 0 (custom)
2024-01-08 22:37:34,665 [4688c780-dea6-4744-ac30-6cd603ef2a1b-groupManagement] INFO  server.RaftServerConfigKeys (ConfUtils.java:logGet(46)) - raft.server.log.write.buffer.size = 8388616 (custom)
2024-01-08 22:37:34,667 [4688c780-dea6-4744-ac30-6cd603ef2a1b-groupManagement] INFO  server.RaftServerConfigKeys (ConfUtils.java:logGet(46)) - raft.server.log.appender.buffer.byte-limit = 8388608 (custom)
2024-01-08 22:37:34,667 [4688c780-dea6-4744-ac30-6cd603ef2a1b-groupManagement] INFO  server.RaftServerConfigKeys (ConfUtils.java:logGet(46)) - raft.server.log.unsafe-flush.enabled = false (default)
2024-01-08 22:37:34,667 [4688c780-dea6-4744-ac30-6cd603ef2a1b-groupManagement] INFO  server.RaftServerConfigKeys (ConfUtils.java:logGet(46)) - raft.server.log.async-flush.enabled = false (default)
2024-01-08 22:37:34,667 [4688c780-dea6-4744-ac30-6cd603ef2a1b-groupManagement] INFO  server.RaftServerConfigKeys (ConfUtils.java:logGet(46)) - raft.server.log.statemachine.data.caching.enabled = true (custom)
2024-01-08 22:37:34,667 [4688c780-dea6-4744-ac30-6cd603ef2a1b-groupManagement] INFO  segmented.SegmentedRaftLogWorker (SegmentedRaftLogWorker.java:lambda$new$0(135)) - 4688c780-dea6-4744-ac30-6cd603ef2a1b@group-8DFAAEB7BF25-SegmentedRaftLogWorker: flushIndex: setUnconditionally 0 -> -1
2024-01-08 22:37:34,667 [4688c780-dea6-4744-ac30-6cd603ef2a1b-groupManagement] INFO  segmented.SegmentedRaftLogWorker (SegmentedRaftLogWorker.java:lambda$new$0(135)) - 4688c780-dea6-4744-ac30-6cd603ef2a1b@group-8DFAAEB7BF25-SegmentedRaftLogWorker: safeCacheEvictIndex: setUnconditionally 0 -> -1
2024-01-08 22:37:34,668 [4688c780-dea6-4744-ac30-6cd603ef2a1b-groupManagement] INFO  server.RaftServer$Division (RaftServerImpl.java:start(392)) - 4688c780-dea6-4744-ac30-6cd603ef2a1b@group-8DFAAEB7BF25: start as a follower, conf=-1: peers:[4688c780-dea6-4744-ac30-6cd603ef2a1b|10.1.0.16:15370]|listeners:[], old=null
2024-01-08 22:37:34,668 [4688c780-dea6-4744-ac30-6cd603ef2a1b-groupManagement] INFO  server.RaftServer$Division (RaftServerImpl.java:setRole(379)) - 4688c780-dea6-4744-ac30-6cd603ef2a1b@group-8DFAAEB7BF25: changes role from      null to FOLLOWER at term 0 for startAsFollower
2024-01-08 22:37:34,668 [4688c780-dea6-4744-ac30-6cd603ef2a1b-groupManagement] INFO  impl.RoleInfo (RoleInfo.java:updateAndGet(139)) - 4688c780-dea6-4744-ac30-6cd603ef2a1b: start 4688c780-dea6-4744-ac30-6cd603ef2a1b@group-8DFAAEB7BF25-FollowerState
2024-01-08 22:37:34,668 [4688c780-dea6-4744-ac30-6cd603ef2a1b@group-8DFAAEB7BF25-FollowerState] INFO  server.RaftServerConfigKeys (ConfUtils.java:logFallback(53)) - raft.server.rpc.first-election.timeout.min = 5s (fallback to raft.server.rpc.timeout.min)
2024-01-08 22:37:34,668 [4688c780-dea6-4744-ac30-6cd603ef2a1b-groupManagement] INFO  util.JmxRegister (JmxRegister.java:tryRegister(44)) - Successfully registered JMX Bean with object name Ratis:service=RaftServer,group=group-8DFAAEB7BF25,id=4688c780-dea6-4744-ac30-6cd603ef2a1b
2024-01-08 22:37:34,668 [4688c780-dea6-4744-ac30-6cd603ef2a1b@group-8DFAAEB7BF25-FollowerState] INFO  server.RaftServerConfigKeys (ConfUtils.java:logFallback(53)) - raft.server.rpc.first-election.timeout.max = 5200ms (fallback to raft.server.rpc.timeout.max)
2024-01-08 22:37:34,668 [4688c780-dea6-4744-ac30-6cd603ef2a1b-groupManagement] INFO  server.RaftServerConfigKeys (ConfUtils.java:logGet(46)) - raft.server.snapshot.trigger-when-stop.enabled = true (default)
2024-01-08 22:37:34,668 [4688c780-dea6-4744-ac30-6cd603ef2a1b-groupManagement] INFO  server.RaftServerConfigKeys (ConfUtils.java:logGet(46)) - raft.server.snapshot.auto.trigger.enabled = true (custom)
2024-01-08 22:37:34,668 [4688c780-dea6-4744-ac30-6cd603ef2a1b-groupManagement] INFO  server.RaftServerConfigKeys (ConfUtils.java:logGet(46)) - raft.server.snapshot.auto.trigger.threshold = 10000 (custom)
2024-01-08 22:37:34,668 [4688c780-dea6-4744-ac30-6cd603ef2a1b-groupManagement] INFO  server.RaftServerConfigKeys (ConfUtils.java:logGet(46)) - raft.server.snapshot.retention.file.num = 5 (custom)
2024-01-08 22:37:34,668 [4688c780-dea6-4744-ac30-6cd603ef2a1b-groupManagement] INFO  server.RaftServerConfigKeys (ConfUtils.java:logGet(46)) - raft.server.log.purge.upto.snapshot.index = false (default)
2024-01-08 22:37:34,670 [4688c780-dea6-4744-ac30-6cd603ef2a1b-PipelineCommandHandlerThread-0] INFO  ratis.XceiverServerRatis (XceiverServerRatis.java:addGroup(842)) - Created group PipelineID=cf2622fe-f3a9-4b8e-87e9-8dfaaeb7bf25
2024-01-08 22:37:34,670 [4688c780-dea6-4744-ac30-6cd603ef2a1b-PipelineCommandHandlerThread-0] INFO  commandhandler.CreatePipelineCommandHandler (CreatePipelineCommandHandler.java:lambda$handle$2(124)) - Created Pipeline RATIS ONE PipelineID=cf2622fe-f3a9-4b8e-87e9-8dfaaeb7bf25.
2024-01-08 22:37:34,671 [4688c780-dea6-4744-ac30-6cd603ef2a1b-PipelineCommandHandlerThread-0] INFO  server.RaftServer (RaftServerProxy.java:addNew(100)) - 4688c780-dea6-4744-ac30-6cd603ef2a1b: addNew group-553E271A2630:[4688c780-dea6-4744-ac30-6cd603ef2a1b|10.1.0.16:15370, 45b27c77-8146-46e2-b49e-9e386de8493b|10.1.0.16:15388, 5e84c15f-e363-46f0-a4a8-c0510a3e4dd9|10.1.0.16:15379] returns group-553E271A2630:java.util.concurrent.CompletableFuture@65f6ba31[Not completed]
2024-01-08 22:37:34,671 [4688c780-dea6-4744-ac30-6cd603ef2a1b-groupManagement] INFO  server.RaftServer$Division (RaftServerImpl.java:<init>(256)) - 4688c780-dea6-4744-ac30-6cd603ef2a1b: new RaftServerImpl for group-553E271A2630:[4688c780-dea6-4744-ac30-6cd603ef2a1b|10.1.0.16:15370, 45b27c77-8146-46e2-b49e-9e386de8493b|10.1.0.16:15388, 5e84c15f-e363-46f0-a4a8-c0510a3e4dd9|10.1.0.16:15379] with ContainerStateMachine:uninitialized
2024-01-08 22:37:34,671 [4688c780-dea6-4744-ac30-6cd603ef2a1b-groupManagement] INFO  server.RaftServerConfigKeys (ConfUtils.java:logGet(46)) - raft.server.rpc.timeout.min = 5s (custom)
2024-01-08 22:37:34,671 [4688c780-dea6-4744-ac30-6cd603ef2a1b-groupManagement] INFO  server.RaftServerConfigKeys (ConfUtils.java:logGet(46)) - raft.server.rpc.timeout.max = 5200ms (custom)
2024-01-08 22:37:34,671 [4688c780-dea6-4744-ac30-6cd603ef2a1b-groupManagement] INFO  server.RaftServerConfigKeys (ConfUtils.java:logGet(46)) - raft.server.rpc.sleep.time = 25ms (default)
2024-01-08 22:37:34,672 [4688c780-dea6-4744-ac30-6cd603ef2a1b-groupManagement] INFO  server.RaftServerConfigKeys (ConfUtils.java:logGet(46)) - raft.server.rpc.slowness.timeout = 300000ms (custom)
2024-01-08 22:37:34,672 [4688c780-dea6-4744-ac30-6cd603ef2a1b-groupManagement] INFO  server.RaftServerConfigKeys (ConfUtils.java:logGet(46)) - raft.server.leaderelection.leader.step-down.wait-time = 10s (default)
2024-01-08 22:37:34,672 [4688c780-dea6-4744-ac30-6cd603ef2a1b-groupManagement] INFO  server.RaftServerConfigKeys (ConfUtils.java:logGet(46)) - raft.server.leaderelection.member.majority-add = false (default)
2024-01-08 22:37:34,672 [4688c780-dea6-4744-ac30-6cd603ef2a1b-groupManagement] INFO  server.RaftServerConfigKeys (ConfUtils.java:logGet(46)) - raft.server.sleep.deviation.threshold = 300ms (default)
2024-01-08 22:37:34,672 [4688c780-dea6-4744-ac30-6cd603ef2a1b-groupManagement] INFO  server.RaftServer$Division (ServerState.java:<init>(113)) - 4688c780-dea6-4744-ac30-6cd603ef2a1b@group-553E271A2630: ConfigurationManager, init=-1: peers:[4688c780-dea6-4744-ac30-6cd603ef2a1b|10.1.0.16:15370, 45b27c77-8146-46e2-b49e-9e386de8493b|10.1.0.16:15388, 5e84c15f-e363-46f0-a4a8-c0510a3e4dd9|10.1.0.16:15379]|listeners:[], old=null, confs=<EMPTY_MAP>
2024-01-08 22:37:34,672 [4688c780-dea6-4744-ac30-6cd603ef2a1b-groupManagement] INFO  server.RaftServerConfigKeys (ConfUtils.java:logGet(46)) - raft.server.notification.no-leader.timeout = 300000ms (custom)
2024-01-08 22:37:34,672 [4688c780-dea6-4744-ac30-6cd603ef2a1b-groupManagement] INFO  server.RaftServerConfigKeys (ConfUtils.java:logGet(46)) - raft.server.read.timeout = 10s (default)
2024-01-08 22:37:34,672 [4688c780-dea6-4744-ac30-6cd603ef2a1b-groupManagement] INFO  server.RaftServerConfigKeys (ConfUtils.java:logGet(46)) - raft.server.retrycache.expirytime = 600000ms (custom)
2024-01-08 22:37:34,672 [4688c780-dea6-4744-ac30-6cd603ef2a1b-groupManagement] INFO  server.RaftServerConfigKeys (ConfUtils.java:logGet(46)) - raft.server.retrycache.statistics.expirytime = 100ms (default)
2024-01-08 22:37:34,672 [4688c780-dea6-4744-ac30-6cd603ef2a1b-groupManagement] INFO  server.RaftServerConfigKeys (ConfUtils.java:logGet(46)) - raft.server.read.option = DEFAULT (default)
2024-01-08 22:37:34,672 [4688c780-dea6-4744-ac30-6cd603ef2a1b-groupManagement] INFO  server.RaftServerConfigKeys (ConfUtils.java:logGet(46)) - raft.server.read.read-after-write-consistent.write-index-cache.expiry-time = 60s (default)
2024-01-08 22:37:34,674 [4688c780-dea6-4744-ac30-6cd603ef2a1b-groupManagement] INFO  server.RaftServerConfigKeys (ConfUtils.java:logGet(46)) - raft.server.rpc.request.timeout = 3000ms (default)
2024-01-08 22:37:34,674 [4688c780-dea6-4744-ac30-6cd603ef2a1b-groupManagement] INFO  server.RaftServerConfigKeys (ConfUtils.java:logGet(46)) - raft.server.log.appender.install.snapshot.enabled = false (custom)
2024-01-08 22:37:34,674 [4688c780-dea6-4744-ac30-6cd603ef2a1b-groupManagement] INFO  server.RaftServerConfigKeys (ConfUtils.java:logGet(46)) - raft.server.threadpool.server.cached = true (default)
2024-01-08 22:37:34,674 [4688c780-dea6-4744-ac30-6cd603ef2a1b-groupManagement] INFO  server.RaftServerConfigKeys (ConfUtils.java:logGet(46)) - raft.server.threadpool.server.size = 0 (default)
2024-01-08 22:37:34,674 [4688c780-dea6-4744-ac30-6cd603ef2a1b-groupManagement] INFO  server.RaftServerConfigKeys (ConfUtils.java:logGet(46)) - raft.server.threadpool.client.cached = true (default)
2024-01-08 22:37:34,675 [4688c780-dea6-4744-ac30-6cd603ef2a1b-groupManagement] INFO  server.RaftServerConfigKeys (ConfUtils.java:logGet(46)) - raft.server.threadpool.client.size = 0 (default)
2024-01-08 22:37:34,675 [4688c780-dea6-4744-ac30-6cd603ef2a1b-groupManagement] INFO  server.RaftServerConfigKeys (ConfUtils.java:logGet(46)) - raft.server.storage.free-space.min = 0MB (=0) (default)
2024-01-08 22:37:34,675 [4688c780-dea6-4744-ac30-6cd603ef2a1b-groupManagement] INFO  server.RaftServerConfigKeys (ConfUtils.java:logGet(46)) - raft.server.log.corruption.policy = EXCEPTION (default)
2024-01-08 22:37:34,675 [4688c780-dea6-4744-ac30-6cd603ef2a1b-groupManagement] INFO  server.RaftServerConfigKeys (ConfUtils.java:logGet(46)) - raft.server.storage.dir = [/home/runner/work/ozone/ozone/hadoop-ozone/integration-test/target/test-dir/MiniOzoneClusterImpl-c2c64c26-053e-4d1e-83e3-051e2bfa4916/datanode-0/data/ratis] (custom)
2024-01-08 22:37:34,675 [4688c780-dea6-4744-ac30-6cd603ef2a1b-groupManagement] INFO  storage.RaftStorageDirectory (RaftStorageDirectoryImpl.java:analyzeStorage(138)) - The storage directory /home/runner/work/ozone/ozone/hadoop-ozone/integration-test/target/test-dir/MiniOzoneClusterImpl-c2c64c26-053e-4d1e-83e3-051e2bfa4916/datanode-0/data/ratis/491b6cbb-1171-451f-b08e-553e271a2630 does not exist. Creating ...
2024-01-08 22:37:34,676 [4688c780-dea6-4744-ac30-6cd603ef2a1b-groupManagement] INFO  storage.RaftStorageDirectory (RaftStorageDirectoryImpl.java:tryLock(232)) - Lock on /home/runner/work/ozone/ozone/hadoop-ozone/integration-test/target/test-dir/MiniOzoneClusterImpl-c2c64c26-053e-4d1e-83e3-051e2bfa4916/datanode-0/data/ratis/491b6cbb-1171-451f-b08e-553e271a2630/in_use.lock acquired by nodename 83643@fv-az1425-465
2024-01-08 22:37:34,676 [4688c780-dea6-4744-ac30-6cd603ef2a1b-groupManagement] INFO  storage.RaftStorage (RaftStorageImpl.java:format(97)) - Storage directory /home/runner/work/ozone/ozone/hadoop-ozone/integration-test/target/test-dir/MiniOzoneClusterImpl-c2c64c26-053e-4d1e-83e3-051e2bfa4916/datanode-0/data/ratis/491b6cbb-1171-451f-b08e-553e271a2630 has been successfully formatted.
2024-01-08 22:37:34,677 [4688c780-dea6-4744-ac30-6cd603ef2a1b-groupManagement] INFO  ratis.ContainerStateMachine (ContainerStateMachine.java:loadSnapshot(287)) - group-553E271A2630: The snapshot info is null. Setting the last applied index to:(t:0, i:~)
2024-01-08 22:37:34,677 [4688c780-dea6-4744-ac30-6cd603ef2a1b-groupManagement] INFO  server.RaftServerConfigKeys (ConfUtils.java:logGet(46)) - raft.server.log.use.memory = false (default)
2024-01-08 22:37:34,677 [4688c780-dea6-4744-ac30-6cd603ef2a1b-groupManagement] INFO  server.RaftServerConfigKeys (ConfUtils.java:logGet(46)) - raft.server.log.purge.gap = 1000000 (custom)
2024-01-08 22:37:34,677 [4688c780-dea6-4744-ac30-6cd603ef2a1b-groupManagement] INFO  server.RaftServerConfigKeys (ConfUtils.java:logGet(46)) - raft.server.log.appender.buffer.byte-limit = 8388608 (custom)
2024-01-08 22:37:34,677 [4688c780-dea6-4744-ac30-6cd603ef2a1b-groupManagement] INFO  server.RaftServerConfigKeys (ConfUtils.java:logGet(46)) - raft.server.log.statemachine.data.read.timeout = 1000ms (default)
2024-01-08 22:37:34,677 [4688c780-dea6-4744-ac30-6cd603ef2a1b-groupManagement] INFO  server.RaftServerConfigKeys (ConfUtils.java:logGet(46)) - raft.server.log.purge.preservation.log.num = 0 (default)
2024-01-08 22:37:34,678 [EventQueue-OpenPipelineForHealthyPipelineSafeModeRule] INFO  safemode.SCMSafeModeManager (HealthyPipelineSafeModeRule.java:process(140)) - SCM in safe mode. Healthy pipelines reported count is 0, required healthy pipeline reported count is 1
2024-01-08 22:37:34,678 [4688c780-dea6-4744-ac30-6cd603ef2a1b-groupManagement] INFO  server.RaftServerConfigKeys (ConfUtils.java:logGet(46)) - raft.server.log.segment.size.max = 67108864 (custom)
2024-01-08 22:37:34,678 [4688c780-dea6-4744-ac30-6cd603ef2a1b-groupManagement] INFO  server.RaftServerConfigKeys (ConfUtils.java:logGet(46)) - raft.server.log.segment.cache.num.max = 2 (custom)
2024-01-08 22:37:34,679 [4688c780-dea6-4744-ac30-6cd603ef2a1b-groupManagement] INFO  server.RaftServerConfigKeys (ConfUtils.java:logGet(46)) - raft.server.log.segment.cache.size.max = 200MB (=209715200) (default)
2024-01-08 22:37:34,679 [4688c780-dea6-4744-ac30-6cd603ef2a1b-groupManagement] INFO  server.RaftServerConfigKeys (ConfUtils.java:logGet(46)) - raft.server.log.appender.buffer.byte-limit = 8388608 (custom)
2024-01-08 22:37:34,679 [4688c780-dea6-4744-ac30-6cd603ef2a1b-groupManagement] INFO  util.AwaitToRun (AwaitToRun.java:start(81)) - Thread[4688c780-dea6-4744-ac30-6cd603ef2a1b@group-553E271A2630-cacheEviction-AwaitToRun,5,main] started
2024-01-08 22:37:34,679 [4688c780-dea6-4744-ac30-6cd603ef2a1b-groupManagement] INFO  segmented.SegmentedRaftLogWorker (SegmentedRaftLogWorker.java:<init>(184)) - new 4688c780-dea6-4744-ac30-6cd603ef2a1b@group-553E271A2630-SegmentedRaftLogWorker for RaftStorageImpl:Storage Directory /home/runner/work/ozone/ozone/hadoop-ozone/integration-test/target/test-dir/MiniOzoneClusterImpl-c2c64c26-053e-4d1e-83e3-051e2bfa4916/datanode-0/data/ratis/491b6cbb-1171-451f-b08e-553e271a2630
2024-01-08 22:37:34,679 [4688c780-dea6-4744-ac30-6cd603ef2a1b-groupManagement] INFO  server.RaftServerConfigKeys (ConfUtils.java:logGet(46)) - raft.server.log.queue.byte-limit = 4294967296 (custom)
2024-01-08 22:37:34,679 [4688c780-dea6-4744-ac30-6cd603ef2a1b-groupManagement] INFO  server.RaftServerConfigKeys (ConfUtils.java:logGet(46)) - raft.server.log.queue.element-limit = 1024 (custom)
2024-01-08 22:37:34,679 [4688c780-dea6-4744-ac30-6cd603ef2a1b-groupManagement] INFO  server.RaftServerConfigKeys (ConfUtils.java:logGet(46)) - raft.server.log.segment.size.max = 67108864 (custom)
2024-01-08 22:37:34,679 [4688c780-dea6-4744-ac30-6cd603ef2a1b-groupManagement] INFO  server.RaftServerConfigKeys (ConfUtils.java:logGet(46)) - raft.server.log.preallocated.size = 4194304 (custom)
2024-01-08 22:37:34,679 [4688c780-dea6-4744-ac30-6cd603ef2a1b-groupManagement] INFO  server.RaftServerConfigKeys (ConfUtils.java:logGet(46)) - raft.server.log.force.sync.num = 128 (default)
2024-01-08 22:37:34,679 [4688c780-dea6-4744-ac30-6cd603ef2a1b-groupManagement] INFO  server.RaftServerConfigKeys (ConfUtils.java:logGet(46)) - raft.server.log.statemachine.data.sync = true (default)
2024-01-08 22:37:34,679 [4688c780-dea6-4744-ac30-6cd603ef2a1b-groupManagement] INFO  server.RaftServerConfigKeys (ConfUtils.java:logGet(46)) - raft.server.log.statemachine.data.sync.timeout = 10s (default)
2024-01-08 22:37:34,679 [4688c780-dea6-4744-ac30-6cd603ef2a1b-groupManagement] INFO  server.RaftServerConfigKeys (ConfUtils.java:logGet(46)) - raft.server.log.statemachine.data.sync.timeout.retry = 0 (custom)
2024-01-08 22:37:34,680 [4688c780-dea6-4744-ac30-6cd603ef2a1b-groupManagement] INFO  server.RaftServerConfigKeys (ConfUtils.java:logGet(46)) - raft.server.log.write.buffer.size = 8388616 (custom)
2024-01-08 22:37:34,681 [4688c780-dea6-4744-ac30-6cd603ef2a1b-groupManagement] INFO  server.RaftServerConfigKeys (ConfUtils.java:logGet(46)) - raft.server.log.appender.buffer.byte-limit = 8388608 (custom)
2024-01-08 22:37:34,681 [4688c780-dea6-4744-ac30-6cd603ef2a1b-groupManagement] INFO  server.RaftServerConfigKeys (ConfUtils.java:logGet(46)) - raft.server.log.unsafe-flush.enabled = false (default)
2024-01-08 22:37:34,681 [4688c780-dea6-4744-ac30-6cd603ef2a1b-groupManagement] INFO  server.RaftServerConfigKeys (ConfUtils.java:logGet(46)) - raft.server.log.async-flush.enabled = false (default)
2024-01-08 22:37:34,681 [4688c780-dea6-4744-ac30-6cd603ef2a1b-groupManagement] INFO  server.RaftServerConfigKeys (ConfUtils.java:logGet(46)) - raft.server.log.statemachine.data.caching.enabled = true (custom)
2024-01-08 22:37:34,681 [4688c780-dea6-4744-ac30-6cd603ef2a1b-groupManagement] INFO  segmented.SegmentedRaftLogWorker (SegmentedRaftLogWorker.java:lambda$new$0(135)) - 4688c780-dea6-4744-ac30-6cd603ef2a1b@group-553E271A2630-SegmentedRaftLogWorker: flushIndex: setUnconditionally 0 -> -1
2024-01-08 22:37:34,682 [4688c780-dea6-4744-ac30-6cd603ef2a1b-groupManagement] INFO  segmented.SegmentedRaftLogWorker (SegmentedRaftLogWorker.java:lambda$new$0(135)) - 4688c780-dea6-4744-ac30-6cd603ef2a1b@group-553E271A2630-SegmentedRaftLogWorker: safeCacheEvictIndex: setUnconditionally 0 -> -1
2024-01-08 22:37:34,682 [4688c780-dea6-4744-ac30-6cd603ef2a1b-groupManagement] INFO  server.RaftServer$Division (RaftServerImpl.java:start(392)) - 4688c780-dea6-4744-ac30-6cd603ef2a1b@group-553E271A2630: start as a follower, conf=-1: peers:[4688c780-dea6-4744-ac30-6cd603ef2a1b|10.1.0.16:15370, 45b27c77-8146-46e2-b49e-9e386de8493b|10.1.0.16:15388, 5e84c15f-e363-46f0-a4a8-c0510a3e4dd9|10.1.0.16:15379]|listeners:[], old=null
2024-01-08 22:37:34,682 [4688c780-dea6-4744-ac30-6cd603ef2a1b-groupManagement] INFO  server.RaftServer$Division (RaftServerImpl.java:setRole(379)) - 4688c780-dea6-4744-ac30-6cd603ef2a1b@group-553E271A2630: changes role from      null to FOLLOWER at term 0 for startAsFollower
2024-01-08 22:37:34,682 [4688c780-dea6-4744-ac30-6cd603ef2a1b-groupManagement] INFO  impl.RoleInfo (RoleInfo.java:updateAndGet(139)) - 4688c780-dea6-4744-ac30-6cd603ef2a1b: start 4688c780-dea6-4744-ac30-6cd603ef2a1b@group-553E271A2630-FollowerState
2024-01-08 22:37:34,682 [4688c780-dea6-4744-ac30-6cd603ef2a1b-groupManagement] INFO  util.JmxRegister (JmxRegister.java:tryRegister(44)) - Successfully registered JMX Bean with object name Ratis:service=RaftServer,group=group-553E271A2630,id=4688c780-dea6-4744-ac30-6cd603ef2a1b
2024-01-08 22:37:34,682 [4688c780-dea6-4744-ac30-6cd603ef2a1b@group-553E271A2630-FollowerState] INFO  server.RaftServerConfigKeys (ConfUtils.java:logFallback(53)) - raft.server.rpc.first-election.timeout.min = 5s (fallback to raft.server.rpc.timeout.min)
2024-01-08 22:37:34,682 [4688c780-dea6-4744-ac30-6cd603ef2a1b-groupManagement] INFO  server.RaftServerConfigKeys (ConfUtils.java:logGet(46)) - raft.server.snapshot.trigger-when-stop.enabled = true (default)
2024-01-08 22:37:34,682 [4688c780-dea6-4744-ac30-6cd603ef2a1b@group-553E271A2630-FollowerState] INFO  server.RaftServerConfigKeys (ConfUtils.java:logFallback(53)) - raft.server.rpc.first-election.timeout.max = 5200ms (fallback to raft.server.rpc.timeout.max)
2024-01-08 22:37:34,682 [4688c780-dea6-4744-ac30-6cd603ef2a1b-groupManagement] INFO  server.RaftServerConfigKeys (ConfUtils.java:logGet(46)) - raft.server.snapshot.auto.trigger.enabled = true (custom)
2024-01-08 22:37:34,682 [4688c780-dea6-4744-ac30-6cd603ef2a1b-groupManagement] INFO  server.RaftServerConfigKeys (ConfUtils.java:logGet(46)) - raft.server.snapshot.auto.trigger.threshold = 10000 (custom)
2024-01-08 22:37:34,683 [4688c780-dea6-4744-ac30-6cd603ef2a1b-groupManagement] INFO  server.RaftServerConfigKeys (ConfUtils.java:logGet(46)) - raft.server.snapshot.retention.file.num = 5 (custom)
2024-01-08 22:37:34,683 [4688c780-dea6-4744-ac30-6cd603ef2a1b-groupManagement] INFO  server.RaftServerConfigKeys (ConfUtils.java:logGet(46)) - raft.server.log.purge.upto.snapshot.index = false (default)
2024-01-08 22:37:34,683 [4688c780-dea6-4744-ac30-6cd603ef2a1b-PipelineCommandHandlerThread-0] INFO  ratis.XceiverServerRatis (XceiverServerRatis.java:addGroup(842)) - Created group PipelineID=491b6cbb-1171-451f-b08e-553e271a2630
2024-01-08 22:37:34,690 [grpc-default-executor-2] INFO  server.RaftServer (RaftServerProxy.java:addNew(100)) - 5e84c15f-e363-46f0-a4a8-c0510a3e4dd9: addNew group-553E271A2630:[4688c780-dea6-4744-ac30-6cd603ef2a1b|10.1.0.16:15370, 45b27c77-8146-46e2-b49e-9e386de8493b|10.1.0.16:15388, 5e84c15f-e363-46f0-a4a8-c0510a3e4dd9|10.1.0.16:15379] returns group-553E271A2630:java.util.concurrent.CompletableFuture@4c054c51[Not completed]
2024-01-08 22:37:34,691 [5e84c15f-e363-46f0-a4a8-c0510a3e4dd9-groupManagement] INFO  server.RaftServer$Division (RaftServerImpl.java:<init>(256)) - 5e84c15f-e363-46f0-a4a8-c0510a3e4dd9: new RaftServerImpl for group-553E271A2630:[4688c780-dea6-4744-ac30-6cd603ef2a1b|10.1.0.16:15370, 45b27c77-8146-46e2-b49e-9e386de8493b|10.1.0.16:15388, 5e84c15f-e363-46f0-a4a8-c0510a3e4dd9|10.1.0.16:15379] with ContainerStateMachine:uninitialized
2024-01-08 22:37:34,691 [5e84c15f-e363-46f0-a4a8-c0510a3e4dd9-groupManagement] INFO  server.RaftServerConfigKeys (ConfUtils.java:logGet(46)) - raft.server.rpc.timeout.min = 5s (custom)
2024-01-08 22:37:34,691 [5e84c15f-e363-46f0-a4a8-c0510a3e4dd9-groupManagement] INFO  server.RaftServerConfigKeys (ConfUtils.java:logGet(46)) - raft.server.rpc.timeout.max = 5200ms (custom)
2024-01-08 22:37:34,691 [5e84c15f-e363-46f0-a4a8-c0510a3e4dd9-groupManagement] INFO  server.RaftServerConfigKeys (ConfUtils.java:logGet(46)) - raft.server.rpc.sleep.time = 25ms (default)
2024-01-08 22:37:34,691 [5e84c15f-e363-46f0-a4a8-c0510a3e4dd9-groupManagement] INFO  server.RaftServerConfigKeys (ConfUtils.java:logGet(46)) - raft.server.rpc.slowness.timeout = 300000ms (custom)
2024-01-08 22:37:34,691 [5e84c15f-e363-46f0-a4a8-c0510a3e4dd9-groupManagement] INFO  server.RaftServerConfigKeys (ConfUtils.java:logGet(46)) - raft.server.leaderelection.leader.step-down.wait-time = 10s (default)
2024-01-08 22:37:34,691 [5e84c15f-e363-46f0-a4a8-c0510a3e4dd9-groupManagement] INFO  server.RaftServerConfigKeys (ConfUtils.java:logGet(46)) - raft.server.leaderelection.member.majority-add = false (default)
2024-01-08 22:37:34,691 [5e84c15f-e363-46f0-a4a8-c0510a3e4dd9-groupManagement] INFO  server.RaftServerConfigKeys (ConfUtils.java:logGet(46)) - raft.server.sleep.deviation.threshold = 300ms (default)
2024-01-08 22:37:34,691 [5e84c15f-e363-46f0-a4a8-c0510a3e4dd9-groupManagement] INFO  server.RaftServer$Division (ServerState.java:<init>(113)) - 5e84c15f-e363-46f0-a4a8-c0510a3e4dd9@group-553E271A2630: ConfigurationManager, init=-1: peers:[4688c780-dea6-4744-ac30-6cd603ef2a1b|10.1.0.16:15370, 45b27c77-8146-46e2-b49e-9e386de8493b|10.1.0.16:15388, 5e84c15f-e363-46f0-a4a8-c0510a3e4dd9|10.1.0.16:15379]|listeners:[], old=null, confs=<EMPTY_MAP>
2024-01-08 22:37:34,691 [5e84c15f-e363-46f0-a4a8-c0510a3e4dd9-groupManagement] INFO  server.RaftServerConfigKeys (ConfUtils.java:logGet(46)) - raft.server.notification.no-leader.timeout = 300000ms (custom)
2024-01-08 22:37:34,691 [5e84c15f-e363-46f0-a4a8-c0510a3e4dd9-groupManagement] INFO  server.RaftServerConfigKeys (ConfUtils.java:logGet(46)) - raft.server.read.timeout = 10s (default)
2024-01-08 22:37:34,691 [5e84c15f-e363-46f0-a4a8-c0510a3e4dd9-groupManagement] INFO  server.RaftServerConfigKeys (ConfUtils.java:logGet(46)) - raft.server.retrycache.expirytime = 600000ms (custom)
2024-01-08 22:37:34,691 [5e84c15f-e363-46f0-a4a8-c0510a3e4dd9-groupManagement] INFO  server.RaftServerConfigKeys (ConfUtils.java:logGet(46)) - raft.server.retrycache.statistics.expirytime = 100ms (default)
2024-01-08 22:37:34,691 [5e84c15f-e363-46f0-a4a8-c0510a3e4dd9-groupManagement] INFO  server.RaftServerConfigKeys (ConfUtils.java:logGet(46)) - raft.server.read.option = DEFAULT (default)
2024-01-08 22:37:34,691 [5e84c15f-e363-46f0-a4a8-c0510a3e4dd9-groupManagement] INFO  server.RaftServerConfigKeys (ConfUtils.java:logGet(46)) - raft.server.read.read-after-write-consistent.write-index-cache.expiry-time = 60s (default)
2024-01-08 22:37:34,693 [5e84c15f-e363-46f0-a4a8-c0510a3e4dd9-groupManagement] INFO  server.RaftServerConfigKeys (ConfUtils.java:logGet(46)) - raft.server.rpc.request.timeout = 3000ms (default)
2024-01-08 22:37:34,693 [5e84c15f-e363-46f0-a4a8-c0510a3e4dd9-groupManagement] INFO  server.RaftServerConfigKeys (ConfUtils.java:logGet(46)) - raft.server.log.appender.install.snapshot.enabled = false (custom)
2024-01-08 22:37:34,693 [5e84c15f-e363-46f0-a4a8-c0510a3e4dd9-groupManagement] INFO  server.RaftServerConfigKeys (ConfUtils.java:logGet(46)) - raft.server.threadpool.server.cached = true (default)
2024-01-08 22:37:34,693 [5e84c15f-e363-46f0-a4a8-c0510a3e4dd9-groupManagement] INFO  server.RaftServerConfigKeys (ConfUtils.java:logGet(46)) - raft.server.threadpool.server.size = 0 (default)
2024-01-08 22:37:34,693 [5e84c15f-e363-46f0-a4a8-c0510a3e4dd9-groupManagement] INFO  server.RaftServerConfigKeys (ConfUtils.java:logGet(46)) - raft.server.threadpool.client.cached = true (default)
2024-01-08 22:37:34,693 [5e84c15f-e363-46f0-a4a8-c0510a3e4dd9-groupManagement] INFO  server.RaftServerConfigKeys (ConfUtils.java:logGet(46)) - raft.server.threadpool.client.size = 0 (default)
2024-01-08 22:37:34,693 [5e84c15f-e363-46f0-a4a8-c0510a3e4dd9-groupManagement] INFO  server.RaftServerConfigKeys (ConfUtils.java:logGet(46)) - raft.server.storage.free-space.min = 0MB (=0) (default)
2024-01-08 22:37:34,693 [5e84c15f-e363-46f0-a4a8-c0510a3e4dd9-groupManagement] INFO  server.RaftServerConfigKeys (ConfUtils.java:logGet(46)) - raft.server.log.corruption.policy = EXCEPTION (default)
2024-01-08 22:37:34,693 [5e84c15f-e363-46f0-a4a8-c0510a3e4dd9-groupManagement] INFO  server.RaftServerConfigKeys (ConfUtils.java:logGet(46)) - raft.server.storage.dir = [/home/runner/work/ozone/ozone/hadoop-ozone/integration-test/target/test-dir/MiniOzoneClusterImpl-c2c64c26-053e-4d1e-83e3-051e2bfa4916/datanode-1/data/ratis] (custom)
2024-01-08 22:37:34,693 [5e84c15f-e363-46f0-a4a8-c0510a3e4dd9-groupManagement] INFO  storage.RaftStorageDirectory (RaftStorageDirectoryImpl.java:analyzeStorage(138)) - The storage directory /home/runner/work/ozone/ozone/hadoop-ozone/integration-test/target/test-dir/MiniOzoneClusterImpl-c2c64c26-053e-4d1e-83e3-051e2bfa4916/datanode-1/data/ratis/491b6cbb-1171-451f-b08e-553e271a2630 does not exist. Creating ...
2024-01-08 22:37:34,694 [5e84c15f-e363-46f0-a4a8-c0510a3e4dd9-groupManagement] INFO  storage.RaftStorageDirectory (RaftStorageDirectoryImpl.java:tryLock(232)) - Lock on /home/runner/work/ozone/ozone/hadoop-ozone/integration-test/target/test-dir/MiniOzoneClusterImpl-c2c64c26-053e-4d1e-83e3-051e2bfa4916/datanode-1/data/ratis/491b6cbb-1171-451f-b08e-553e271a2630/in_use.lock acquired by nodename 83643@fv-az1425-465
2024-01-08 22:37:34,695 [5e84c15f-e363-46f0-a4a8-c0510a3e4dd9-groupManagement] INFO  storage.RaftStorage (RaftStorageImpl.java:format(97)) - Storage directory /home/runner/work/ozone/ozone/hadoop-ozone/integration-test/target/test-dir/MiniOzoneClusterImpl-c2c64c26-053e-4d1e-83e3-051e2bfa4916/datanode-1/data/ratis/491b6cbb-1171-451f-b08e-553e271a2630 has been successfully formatted.
2024-01-08 22:37:34,701 [5e84c15f-e363-46f0-a4a8-c0510a3e4dd9-groupManagement] INFO  ratis.ContainerStateMachine (ContainerStateMachine.java:loadSnapshot(287)) - group-553E271A2630: The snapshot info is null. Setting the last applied index to:(t:0, i:~)
2024-01-08 22:37:34,701 [5e84c15f-e363-46f0-a4a8-c0510a3e4dd9-groupManagement] INFO  server.RaftServerConfigKeys (ConfUtils.java:logGet(46)) - raft.server.log.use.memory = false (default)
2024-01-08 22:37:34,701 [5e84c15f-e363-46f0-a4a8-c0510a3e4dd9-groupManagement] INFO  server.RaftServerConfigKeys (ConfUtils.java:logGet(46)) - raft.server.log.purge.gap = 1000000 (custom)
2024-01-08 22:37:34,701 [5e84c15f-e363-46f0-a4a8-c0510a3e4dd9-groupManagement] INFO  server.RaftServerConfigKeys (ConfUtils.java:logGet(46)) - raft.server.log.appender.buffer.byte-limit = 8388608 (custom)
2024-01-08 22:37:34,701 [5e84c15f-e363-46f0-a4a8-c0510a3e4dd9-groupManagement] INFO  server.RaftServerConfigKeys (ConfUtils.java:logGet(46)) - raft.server.log.statemachine.data.read.timeout = 1000ms (default)
2024-01-08 22:37:34,701 [5e84c15f-e363-46f0-a4a8-c0510a3e4dd9-groupManagement] INFO  server.RaftServerConfigKeys (ConfUtils.java:logGet(46)) - raft.server.log.purge.preservation.log.num = 0 (default)
2024-01-08 22:37:34,702 [5e84c15f-e363-46f0-a4a8-c0510a3e4dd9-groupManagement] INFO  server.RaftServerConfigKeys (ConfUtils.java:logGet(46)) - raft.server.log.segment.size.max = 67108864 (custom)
2024-01-08 22:37:34,702 [5e84c15f-e363-46f0-a4a8-c0510a3e4dd9-groupManagement] INFO  server.RaftServerConfigKeys (ConfUtils.java:logGet(46)) - raft.server.log.segment.cache.num.max = 2 (custom)
2024-01-08 22:37:34,702 [5e84c15f-e363-46f0-a4a8-c0510a3e4dd9-groupManagement] INFO  server.RaftServerConfigKeys (ConfUtils.java:logGet(46)) - raft.server.log.segment.cache.size.max = 200MB (=209715200) (default)
2024-01-08 22:37:34,702 [5e84c15f-e363-46f0-a4a8-c0510a3e4dd9-groupManagement] INFO  server.RaftServerConfigKeys (ConfUtils.java:logGet(46)) - raft.server.log.appender.buffer.byte-limit = 8388608 (custom)
2024-01-08 22:37:34,702 [5e84c15f-e363-46f0-a4a8-c0510a3e4dd9-groupManagement] INFO  util.AwaitToRun (AwaitToRun.java:start(81)) - Thread[5e84c15f-e363-46f0-a4a8-c0510a3e4dd9@group-553E271A2630-cacheEviction-AwaitToRun,5,main] started
2024-01-08 22:37:34,703 [5e84c15f-e363-46f0-a4a8-c0510a3e4dd9-groupManagement] INFO  segmented.SegmentedRaftLogWorker (SegmentedRaftLogWorker.java:<init>(184)) - new 5e84c15f-e363-46f0-a4a8-c0510a3e4dd9@group-553E271A2630-SegmentedRaftLogWorker for RaftStorageImpl:Storage Directory /home/runner/work/ozone/ozone/hadoop-ozone/integration-test/target/test-dir/MiniOzoneClusterImpl-c2c64c26-053e-4d1e-83e3-051e2bfa4916/datanode-1/data/ratis/491b6cbb-1171-451f-b08e-553e271a2630
2024-01-08 22:37:34,703 [5e84c15f-e363-46f0-a4a8-c0510a3e4dd9-groupManagement] INFO  server.RaftServerConfigKeys (ConfUtils.java:logGet(46)) - raft.server.log.queue.byte-limit = 4294967296 (custom)
2024-01-08 22:37:34,703 [5e84c15f-e363-46f0-a4a8-c0510a3e4dd9-groupManagement] INFO  server.RaftServerConfigKeys (ConfUtils.java:logGet(46)) - raft.server.log.queue.element-limit = 1024 (custom)
2024-01-08 22:37:34,703 [5e84c15f-e363-46f0-a4a8-c0510a3e4dd9-groupManagement] INFO  server.RaftServerConfigKeys (ConfUtils.java:logGet(46)) - raft.server.log.segment.size.max = 67108864 (custom)
2024-01-08 22:37:34,703 [5e84c15f-e363-46f0-a4a8-c0510a3e4dd9-groupManagement] INFO  server.RaftServerConfigKeys (ConfUtils.java:logGet(46)) - raft.server.log.preallocated.size = 4194304 (custom)
2024-01-08 22:37:34,703 [5e84c15f-e363-46f0-a4a8-c0510a3e4dd9-groupManagement] INFO  server.RaftServerConfigKeys (ConfUtils.java:logGet(46)) - raft.server.log.force.sync.num = 128 (default)
2024-01-08 22:37:34,703 [5e84c15f-e363-46f0-a4a8-c0510a3e4dd9-groupManagement] INFO  server.RaftServerConfigKeys (ConfUtils.java:logGet(46)) - raft.server.log.statemachine.data.sync = true (default)
2024-01-08 22:37:34,703 [5e84c15f-e363-46f0-a4a8-c0510a3e4dd9-groupManagement] INFO  server.RaftServerConfigKeys (ConfUtils.java:logGet(46)) - raft.server.log.statemachine.data.sync.timeout = 10s (default)
2024-01-08 22:37:34,703 [5e84c15f-e363-46f0-a4a8-c0510a3e4dd9-groupManagement] INFO  server.RaftServerConfigKeys (ConfUtils.java:logGet(46)) - raft.server.log.statemachine.data.sync.timeout.retry = 0 (custom)
2024-01-08 22:37:34,703 [5e84c15f-e363-46f0-a4a8-c0510a3e4dd9-groupManagement] INFO  server.RaftServerConfigKeys (ConfUtils.java:logGet(46)) - raft.server.log.write.buffer.size = 8388616 (custom)
2024-01-08 22:37:34,705 [5e84c15f-e363-46f0-a4a8-c0510a3e4dd9-groupManagement] INFO  server.RaftServerConfigKeys (ConfUtils.java:logGet(46)) - raft.server.log.appender.buffer.byte-limit = 8388608 (custom)
2024-01-08 22:37:34,705 [5e84c15f-e363-46f0-a4a8-c0510a3e4dd9-groupManagement] INFO  server.RaftServerConfigKeys (ConfUtils.java:logGet(46)) - raft.server.log.unsafe-flush.enabled = false (default)
2024-01-08 22:37:34,705 [5e84c15f-e363-46f0-a4a8-c0510a3e4dd9-groupManagement] INFO  server.RaftServerConfigKeys (ConfUtils.java:logGet(46)) - raft.server.log.async-flush.enabled = false (default)
2024-01-08 22:37:34,705 [5e84c15f-e363-46f0-a4a8-c0510a3e4dd9-groupManagement] INFO  server.RaftServerConfigKeys (ConfUtils.java:logGet(46)) - raft.server.log.statemachine.data.caching.enabled = true (custom)
2024-01-08 22:37:34,706 [5e84c15f-e363-46f0-a4a8-c0510a3e4dd9-groupManagement] INFO  segmented.SegmentedRaftLogWorker (SegmentedRaftLogWorker.java:lambda$new$0(135)) - 5e84c15f-e363-46f0-a4a8-c0510a3e4dd9@group-553E271A2630-SegmentedRaftLogWorker: flushIndex: setUnconditionally 0 -> -1
2024-01-08 22:37:34,706 [5e84c15f-e363-46f0-a4a8-c0510a3e4dd9-groupManagement] INFO  segmented.SegmentedRaftLogWorker (SegmentedRaftLogWorker.java:lambda$new$0(135)) - 5e84c15f-e363-46f0-a4a8-c0510a3e4dd9@group-553E271A2630-SegmentedRaftLogWorker: safeCacheEvictIndex: setUnconditionally 0 -> -1
2024-01-08 22:37:34,706 [5e84c15f-e363-46f0-a4a8-c0510a3e4dd9-groupManagement] INFO  server.RaftServer$Division (RaftServerImpl.java:start(392)) - 5e84c15f-e363-46f0-a4a8-c0510a3e4dd9@group-553E271A2630: start as a follower, conf=-1: peers:[4688c780-dea6-4744-ac30-6cd603ef2a1b|10.1.0.16:15370, 45b27c77-8146-46e2-b49e-9e386de8493b|10.1.0.16:15388, 5e84c15f-e363-46f0-a4a8-c0510a3e4dd9|10.1.0.16:15379]|listeners:[], old=null
2024-01-08 22:37:34,706 [5e84c15f-e363-46f0-a4a8-c0510a3e4dd9-groupManagement] INFO  server.RaftServer$Division (RaftServerImpl.java:setRole(379)) - 5e84c15f-e363-46f0-a4a8-c0510a3e4dd9@group-553E271A2630: changes role from      null to FOLLOWER at term 0 for startAsFollower
2024-01-08 22:37:34,706 [5e84c15f-e363-46f0-a4a8-c0510a3e4dd9-groupManagement] INFO  impl.RoleInfo (RoleInfo.java:updateAndGet(139)) - 5e84c15f-e363-46f0-a4a8-c0510a3e4dd9: start 5e84c15f-e363-46f0-a4a8-c0510a3e4dd9@group-553E271A2630-FollowerState
2024-01-08 22:37:34,706 [5e84c15f-e363-46f0-a4a8-c0510a3e4dd9@group-553E271A2630-FollowerState] INFO  server.RaftServerConfigKeys (ConfUtils.java:logFallback(53)) - raft.server.rpc.first-election.timeout.min = 5s (fallback to raft.server.rpc.timeout.min)
2024-01-08 22:37:34,706 [5e84c15f-e363-46f0-a4a8-c0510a3e4dd9-groupManagement] INFO  util.JmxRegister (JmxRegister.java:tryRegister(44)) - Successfully registered JMX Bean with object name Ratis:service=RaftServer,group=group-553E271A2630,id=5e84c15f-e363-46f0-a4a8-c0510a3e4dd9
2024-01-08 22:37:34,706 [5e84c15f-e363-46f0-a4a8-c0510a3e4dd9@group-553E271A2630-FollowerState] INFO  server.RaftServerConfigKeys (ConfUtils.java:logFallback(53)) - raft.server.rpc.first-election.timeout.max = 5200ms (fallback to raft.server.rpc.timeout.max)
2024-01-08 22:37:34,706 [5e84c15f-e363-46f0-a4a8-c0510a3e4dd9-groupManagement] INFO  server.RaftServerConfigKeys (ConfUtils.java:logGet(46)) - raft.server.snapshot.trigger-when-stop.enabled = true (default)
2024-01-08 22:37:34,706 [5e84c15f-e363-46f0-a4a8-c0510a3e4dd9-groupManagement] INFO  server.RaftServerConfigKeys (ConfUtils.java:logGet(46)) - raft.server.snapshot.auto.trigger.enabled = true (custom)
2024-01-08 22:37:34,706 [5e84c15f-e363-46f0-a4a8-c0510a3e4dd9-groupManagement] INFO  server.RaftServerConfigKeys (ConfUtils.java:logGet(46)) - raft.server.snapshot.auto.trigger.threshold = 10000 (custom)
2024-01-08 22:37:34,706 [5e84c15f-e363-46f0-a4a8-c0510a3e4dd9-groupManagement] INFO  server.RaftServerConfigKeys (ConfUtils.java:logGet(46)) - raft.server.snapshot.retention.file.num = 5 (custom)
2024-01-08 22:37:34,706 [5e84c15f-e363-46f0-a4a8-c0510a3e4dd9-groupManagement] INFO  server.RaftServerConfigKeys (ConfUtils.java:logGet(46)) - raft.server.log.purge.upto.snapshot.index = false (default)
2024-01-08 22:37:34,716 [grpc-default-executor-2] INFO  server.RaftServer (RaftServerProxy.java:addNew(100)) - 45b27c77-8146-46e2-b49e-9e386de8493b: addNew group-553E271A2630:[4688c780-dea6-4744-ac30-6cd603ef2a1b|10.1.0.16:15370, 45b27c77-8146-46e2-b49e-9e386de8493b|10.1.0.16:15388, 5e84c15f-e363-46f0-a4a8-c0510a3e4dd9|10.1.0.16:15379] returns group-553E271A2630:java.util.concurrent.CompletableFuture@203eb829[Not completed]
2024-01-08 22:37:34,717 [45b27c77-8146-46e2-b49e-9e386de8493b-groupManagement] INFO  server.RaftServer$Division (RaftServerImpl.java:<init>(256)) - 45b27c77-8146-46e2-b49e-9e386de8493b: new RaftServerImpl for group-553E271A2630:[4688c780-dea6-4744-ac30-6cd603ef2a1b|10.1.0.16:15370, 45b27c77-8146-46e2-b49e-9e386de8493b|10.1.0.16:15388, 5e84c15f-e363-46f0-a4a8-c0510a3e4dd9|10.1.0.16:15379] with ContainerStateMachine:uninitialized
2024-01-08 22:37:34,717 [45b27c77-8146-46e2-b49e-9e386de8493b-groupManagement] INFO  server.RaftServerConfigKeys (ConfUtils.java:logGet(46)) - raft.server.rpc.timeout.min = 5s (custom)
2024-01-08 22:37:34,717 [45b27c77-8146-46e2-b49e-9e386de8493b-groupManagement] INFO  server.RaftServerConfigKeys (ConfUtils.java:logGet(46)) - raft.server.rpc.timeout.max = 5200ms (custom)
2024-01-08 22:37:34,717 [45b27c77-8146-46e2-b49e-9e386de8493b-groupManagement] INFO  server.RaftServerConfigKeys (ConfUtils.java:logGet(46)) - raft.server.rpc.sleep.time = 25ms (default)
2024-01-08 22:37:34,717 [45b27c77-8146-46e2-b49e-9e386de8493b-groupManagement] INFO  server.RaftServerConfigKeys (ConfUtils.java:logGet(46)) - raft.server.rpc.slowness.timeout = 300000ms (custom)
2024-01-08 22:37:34,717 [45b27c77-8146-46e2-b49e-9e386de8493b-groupManagement] INFO  server.RaftServerConfigKeys (ConfUtils.java:logGet(46)) - raft.server.leaderelection.leader.step-down.wait-time = 10s (default)
2024-01-08 22:37:34,717 [45b27c77-8146-46e2-b49e-9e386de8493b-groupManagement] INFO  server.RaftServerConfigKeys (ConfUtils.java:logGet(46)) - raft.server.leaderelection.member.majority-add = false (default)
2024-01-08 22:37:34,717 [45b27c77-8146-46e2-b49e-9e386de8493b-groupManagement] INFO  server.RaftServerConfigKeys (ConfUtils.java:logGet(46)) - raft.server.sleep.deviation.threshold = 300ms (default)
2024-01-08 22:37:34,717 [45b27c77-8146-46e2-b49e-9e386de8493b-groupManagement] INFO  server.RaftServer$Division (ServerState.java:<init>(113)) - 45b27c77-8146-46e2-b49e-9e386de8493b@group-553E271A2630: ConfigurationManager, init=-1: peers:[4688c780-dea6-4744-ac30-6cd603ef2a1b|10.1.0.16:15370, 45b27c77-8146-46e2-b49e-9e386de8493b|10.1.0.16:15388, 5e84c15f-e363-46f0-a4a8-c0510a3e4dd9|10.1.0.16:15379]|listeners:[], old=null, confs=<EMPTY_MAP>
2024-01-08 22:37:34,717 [45b27c77-8146-46e2-b49e-9e386de8493b-groupManagement] INFO  server.RaftServerConfigKeys (ConfUtils.java:logGet(46)) - raft.server.notification.no-leader.timeout = 300000ms (custom)
2024-01-08 22:37:34,717 [45b27c77-8146-46e2-b49e-9e386de8493b-groupManagement] INFO  server.RaftServerConfigKeys (ConfUtils.java:logGet(46)) - raft.server.read.timeout = 10s (default)
2024-01-08 22:37:34,717 [45b27c77-8146-46e2-b49e-9e386de8493b-groupManagement] INFO  server.RaftServerConfigKeys (ConfUtils.java:logGet(46)) - raft.server.retrycache.expirytime = 600000ms (custom)
2024-01-08 22:37:34,717 [45b27c77-8146-46e2-b49e-9e386de8493b-groupManagement] INFO  server.RaftServerConfigKeys (ConfUtils.java:logGet(46)) - raft.server.retrycache.statistics.expirytime = 100ms (default)
2024-01-08 22:37:34,717 [45b27c77-8146-46e2-b49e-9e386de8493b-groupManagement] INFO  server.RaftServerConfigKeys (ConfUtils.java:logGet(46)) - raft.server.read.option = DEFAULT (default)
2024-01-08 22:37:34,717 [45b27c77-8146-46e2-b49e-9e386de8493b-groupManagement] INFO  server.RaftServerConfigKeys (ConfUtils.java:logGet(46)) - raft.server.read.read-after-write-consistent.write-index-cache.expiry-time = 60s (default)
2024-01-08 22:37:34,719 [45b27c77-8146-46e2-b49e-9e386de8493b-groupManagement] INFO  server.RaftServerConfigKeys (ConfUtils.java:logGet(46)) - raft.server.rpc.request.timeout = 3000ms (default)
2024-01-08 22:37:34,719 [45b27c77-8146-46e2-b49e-9e386de8493b-groupManagement] INFO  server.RaftServerConfigKeys (ConfUtils.java:logGet(46)) - raft.server.log.appender.install.snapshot.enabled = false (custom)
2024-01-08 22:37:34,719 [45b27c77-8146-46e2-b49e-9e386de8493b-groupManagement] INFO  server.RaftServerConfigKeys (ConfUtils.java:logGet(46)) - raft.server.threadpool.server.cached = true (default)
2024-01-08 22:37:34,719 [45b27c77-8146-46e2-b49e-9e386de8493b-groupManagement] INFO  server.RaftServerConfigKeys (ConfUtils.java:logGet(46)) - raft.server.threadpool.server.size = 0 (default)
2024-01-08 22:37:34,719 [45b27c77-8146-46e2-b49e-9e386de8493b-groupManagement] INFO  server.RaftServerConfigKeys (ConfUtils.java:logGet(46)) - raft.server.threadpool.client.cached = true (default)
2024-01-08 22:37:34,719 [45b27c77-8146-46e2-b49e-9e386de8493b-groupManagement] INFO  server.RaftServerConfigKeys (ConfUtils.java:logGet(46)) - raft.server.threadpool.client.size = 0 (default)
2024-01-08 22:37:34,719 [45b27c77-8146-46e2-b49e-9e386de8493b-groupManagement] INFO  server.RaftServerConfigKeys (ConfUtils.java:logGet(46)) - raft.server.storage.free-space.min = 0MB (=0) (default)
2024-01-08 22:37:34,719 [45b27c77-8146-46e2-b49e-9e386de8493b-groupManagement] INFO  server.RaftServerConfigKeys (ConfUtils.java:logGet(46)) - raft.server.log.corruption.policy = EXCEPTION (default)
2024-01-08 22:37:34,719 [45b27c77-8146-46e2-b49e-9e386de8493b-groupManagement] INFO  server.RaftServerConfigKeys (ConfUtils.java:logGet(46)) - raft.server.storage.dir = [/home/runner/work/ozone/ozone/hadoop-ozone/integration-test/target/test-dir/MiniOzoneClusterImpl-c2c64c26-053e-4d1e-83e3-051e2bfa4916/datanode-2/data/ratis] (custom)
2024-01-08 22:37:34,719 [45b27c77-8146-46e2-b49e-9e386de8493b-groupManagement] INFO  storage.RaftStorageDirectory (RaftStorageDirectoryImpl.java:analyzeStorage(138)) - The storage directory /home/runner/work/ozone/ozone/hadoop-ozone/integration-test/target/test-dir/MiniOzoneClusterImpl-c2c64c26-053e-4d1e-83e3-051e2bfa4916/datanode-2/data/ratis/491b6cbb-1171-451f-b08e-553e271a2630 does not exist. Creating ...
2024-01-08 22:37:34,720 [45b27c77-8146-46e2-b49e-9e386de8493b-groupManagement] INFO  storage.RaftStorageDirectory (RaftStorageDirectoryImpl.java:tryLock(232)) - Lock on /home/runner/work/ozone/ozone/hadoop-ozone/integration-test/target/test-dir/MiniOzoneClusterImpl-c2c64c26-053e-4d1e-83e3-051e2bfa4916/datanode-2/data/ratis/491b6cbb-1171-451f-b08e-553e271a2630/in_use.lock acquired by nodename 83643@fv-az1425-465
2024-01-08 22:37:34,721 [45b27c77-8146-46e2-b49e-9e386de8493b-groupManagement] INFO  storage.RaftStorage (RaftStorageImpl.java:format(97)) - Storage directory /home/runner/work/ozone/ozone/hadoop-ozone/integration-test/target/test-dir/MiniOzoneClusterImpl-c2c64c26-053e-4d1e-83e3-051e2bfa4916/datanode-2/data/ratis/491b6cbb-1171-451f-b08e-553e271a2630 has been successfully formatted.
2024-01-08 22:37:34,722 [45b27c77-8146-46e2-b49e-9e386de8493b-groupManagement] INFO  ratis.ContainerStateMachine (ContainerStateMachine.java:loadSnapshot(287)) - group-553E271A2630: The snapshot info is null. Setting the last applied index to:(t:0, i:~)
2024-01-08 22:37:34,722 [45b27c77-8146-46e2-b49e-9e386de8493b-groupManagement] INFO  server.RaftServerConfigKeys (ConfUtils.java:logGet(46)) - raft.server.log.use.memory = false (default)
2024-01-08 22:37:34,722 [45b27c77-8146-46e2-b49e-9e386de8493b-groupManagement] INFO  server.RaftServerConfigKeys (ConfUtils.java:logGet(46)) - raft.server.log.purge.gap = 1000000 (custom)
2024-01-08 22:37:34,722 [45b27c77-8146-46e2-b49e-9e386de8493b-groupManagement] INFO  server.RaftServerConfigKeys (ConfUtils.java:logGet(46)) - raft.server.log.appender.buffer.byte-limit = 8388608 (custom)
2024-01-08 22:37:34,722 [45b27c77-8146-46e2-b49e-9e386de8493b-groupManagement] INFO  server.RaftServerConfigKeys (ConfUtils.java:logGet(46)) - raft.server.log.statemachine.data.read.timeout = 1000ms (default)
2024-01-08 22:37:34,722 [45b27c77-8146-46e2-b49e-9e386de8493b-groupManagement] INFO  server.RaftServerConfigKeys (ConfUtils.java:logGet(46)) - raft.server.log.purge.preservation.log.num = 0 (default)
2024-01-08 22:37:34,723 [45b27c77-8146-46e2-b49e-9e386de8493b-groupManagement] INFO  server.RaftServerConfigKeys (ConfUtils.java:logGet(46)) - raft.server.log.segment.size.max = 67108864 (custom)
2024-01-08 22:37:34,723 [45b27c77-8146-46e2-b49e-9e386de8493b-groupManagement] INFO  server.RaftServerConfigKeys (ConfUtils.java:logGet(46)) - raft.server.log.segment.cache.num.max = 2 (custom)
2024-01-08 22:37:34,723 [45b27c77-8146-46e2-b49e-9e386de8493b-groupManagement] INFO  server.RaftServerConfigKeys (ConfUtils.java:logGet(46)) - raft.server.log.segment.cache.size.max = 200MB (=209715200) (default)
2024-01-08 22:37:34,723 [45b27c77-8146-46e2-b49e-9e386de8493b-groupManagement] INFO  server.RaftServerConfigKeys (ConfUtils.java:logGet(46)) - raft.server.log.appender.buffer.byte-limit = 8388608 (custom)
2024-01-08 22:37:34,723 [45b27c77-8146-46e2-b49e-9e386de8493b-groupManagement] INFO  util.AwaitToRun (AwaitToRun.java:start(81)) - Thread[45b27c77-8146-46e2-b49e-9e386de8493b@group-553E271A2630-cacheEviction-AwaitToRun,5,main] started
2024-01-08 22:37:34,724 [45b27c77-8146-46e2-b49e-9e386de8493b-groupManagement] INFO  segmented.SegmentedRaftLogWorker (SegmentedRaftLogWorker.java:<init>(184)) - new 45b27c77-8146-46e2-b49e-9e386de8493b@group-553E271A2630-SegmentedRaftLogWorker for RaftStorageImpl:Storage Directory /home/runner/work/ozone/ozone/hadoop-ozone/integration-test/target/test-dir/MiniOzoneClusterImpl-c2c64c26-053e-4d1e-83e3-051e2bfa4916/datanode-2/data/ratis/491b6cbb-1171-451f-b08e-553e271a2630
2024-01-08 22:37:34,724 [45b27c77-8146-46e2-b49e-9e386de8493b-groupManagement] INFO  server.RaftServerConfigKeys (ConfUtils.java:logGet(46)) - raft.server.log.queue.byte-limit = 4294967296 (custom)
2024-01-08 22:37:34,724 [45b27c77-8146-46e2-b49e-9e386de8493b-groupManagement] INFO  server.RaftServerConfigKeys (ConfUtils.java:logGet(46)) - raft.server.log.queue.element-limit = 1024 (custom)
2024-01-08 22:37:34,724 [45b27c77-8146-46e2-b49e-9e386de8493b-groupManagement] INFO  server.RaftServerConfigKeys (ConfUtils.java:logGet(46)) - raft.server.log.segment.size.max = 67108864 (custom)
2024-01-08 22:37:34,724 [45b27c77-8146-46e2-b49e-9e386de8493b-groupManagement] INFO  server.RaftServerConfigKeys (ConfUtils.java:logGet(46)) - raft.server.log.preallocated.size = 4194304 (custom)
2024-01-08 22:37:34,724 [45b27c77-8146-46e2-b49e-9e386de8493b-groupManagement] INFO  server.RaftServerConfigKeys (ConfUtils.java:logGet(46)) - raft.server.log.force.sync.num = 128 (default)
2024-01-08 22:37:34,724 [45b27c77-8146-46e2-b49e-9e386de8493b-groupManagement] INFO  server.RaftServerConfigKeys (ConfUtils.java:logGet(46)) - raft.server.log.statemachine.data.sync = true (default)
2024-01-08 22:37:34,724 [45b27c77-8146-46e2-b49e-9e386de8493b-groupManagement] INFO  server.RaftServerConfigKeys (ConfUtils.java:logGet(46)) - raft.server.log.statemachine.data.sync.timeout = 10s (default)
2024-01-08 22:37:34,724 [45b27c77-8146-46e2-b49e-9e386de8493b-groupManagement] INFO  server.RaftServerConfigKeys (ConfUtils.java:logGet(46)) - raft.server.log.statemachine.data.sync.timeout.retry = 0 (custom)
2024-01-08 22:37:34,724 [45b27c77-8146-46e2-b49e-9e386de8493b-groupManagement] INFO  server.RaftServerConfigKeys (ConfUtils.java:logGet(46)) - raft.server.log.write.buffer.size = 8388616 (custom)
2024-01-08 22:37:34,725 [45b27c77-8146-46e2-b49e-9e386de8493b-groupManagement] INFO  server.RaftServerConfigKeys (ConfUtils.java:logGet(46)) - raft.server.log.appender.buffer.byte-limit = 8388608 (custom)
2024-01-08 22:37:34,726 [45b27c77-8146-46e2-b49e-9e386de8493b-groupManagement] INFO  server.RaftServerConfigKeys (ConfUtils.java:logGet(46)) - raft.server.log.unsafe-flush.enabled = false (default)
2024-01-08 22:37:34,726 [45b27c77-8146-46e2-b49e-9e386de8493b-groupManagement] INFO  server.RaftServerConfigKeys (ConfUtils.java:logGet(46)) - raft.server.log.async-flush.enabled = false (default)
2024-01-08 22:37:34,726 [45b27c77-8146-46e2-b49e-9e386de8493b-groupManagement] INFO  server.RaftServerConfigKeys (ConfUtils.java:logGet(46)) - raft.server.log.statemachine.data.caching.enabled = true (custom)
2024-01-08 22:37:34,726 [45b27c77-8146-46e2-b49e-9e386de8493b-groupManagement] INFO  segmented.SegmentedRaftLogWorker (SegmentedRaftLogWorker.java:lambda$new$0(135)) - 45b27c77-8146-46e2-b49e-9e386de8493b@group-553E271A2630-SegmentedRaftLogWorker: flushIndex: setUnconditionally 0 -> -1
2024-01-08 22:37:34,726 [45b27c77-8146-46e2-b49e-9e386de8493b-groupManagement] INFO  segmented.SegmentedRaftLogWorker (SegmentedRaftLogWorker.java:lambda$new$0(135)) - 45b27c77-8146-46e2-b49e-9e386de8493b@group-553E271A2630-SegmentedRaftLogWorker: safeCacheEvictIndex: setUnconditionally 0 -> -1
2024-01-08 22:37:34,726 [45b27c77-8146-46e2-b49e-9e386de8493b-groupManagement] INFO  server.RaftServer$Division (RaftServerImpl.java:start(392)) - 45b27c77-8146-46e2-b49e-9e386de8493b@group-553E271A2630: start as a follower, conf=-1: peers:[4688c780-dea6-4744-ac30-6cd603ef2a1b|10.1.0.16:15370, 45b27c77-8146-46e2-b49e-9e386de8493b|10.1.0.16:15388, 5e84c15f-e363-46f0-a4a8-c0510a3e4dd9|10.1.0.16:15379]|listeners:[], old=null
2024-01-08 22:37:34,726 [45b27c77-8146-46e2-b49e-9e386de8493b-groupManagement] INFO  server.RaftServer$Division (RaftServerImpl.java:setRole(379)) - 45b27c77-8146-46e2-b49e-9e386de8493b@group-553E271A2630: changes role from      null to FOLLOWER at term 0 for startAsFollower
2024-01-08 22:37:34,726 [45b27c77-8146-46e2-b49e-9e386de8493b-groupManagement] INFO  impl.RoleInfo (RoleInfo.java:updateAndGet(139)) - 45b27c77-8146-46e2-b49e-9e386de8493b: start 45b27c77-8146-46e2-b49e-9e386de8493b@group-553E271A2630-FollowerState
2024-01-08 22:37:34,726 [45b27c77-8146-46e2-b49e-9e386de8493b@group-553E271A2630-FollowerState] INFO  server.RaftServerConfigKeys (ConfUtils.java:logFallback(53)) - raft.server.rpc.first-election.timeout.min = 5s (fallback to raft.server.rpc.timeout.min)
2024-01-08 22:37:34,726 [45b27c77-8146-46e2-b49e-9e386de8493b-groupManagement] INFO  util.JmxRegister (JmxRegister.java:tryRegister(44)) - Successfully registered JMX Bean with object name Ratis:service=RaftServer,group=group-553E271A2630,id=45b27c77-8146-46e2-b49e-9e386de8493b
2024-01-08 22:37:34,726 [45b27c77-8146-46e2-b49e-9e386de8493b@group-553E271A2630-FollowerState] INFO  server.RaftServerConfigKeys (ConfUtils.java:logFallback(53)) - raft.server.rpc.first-election.timeout.max = 5200ms (fallback to raft.server.rpc.timeout.max)
2024-01-08 22:37:34,726 [45b27c77-8146-46e2-b49e-9e386de8493b-groupManagement] INFO  server.RaftServerConfigKeys (ConfUtils.java:logGet(46)) - raft.server.snapshot.trigger-when-stop.enabled = true (default)
2024-01-08 22:37:34,727 [45b27c77-8146-46e2-b49e-9e386de8493b-groupManagement] INFO  server.RaftServerConfigKeys (ConfUtils.java:logGet(46)) - raft.server.snapshot.auto.trigger.enabled = true (custom)
2024-01-08 22:37:34,727 [45b27c77-8146-46e2-b49e-9e386de8493b-groupManagement] INFO  server.RaftServerConfigKeys (ConfUtils.java:logGet(46)) - raft.server.snapshot.auto.trigger.threshold = 10000 (custom)
2024-01-08 22:37:34,727 [45b27c77-8146-46e2-b49e-9e386de8493b-groupManagement] INFO  server.RaftServerConfigKeys (ConfUtils.java:logGet(46)) - raft.server.snapshot.retention.file.num = 5 (custom)
2024-01-08 22:37:34,727 [45b27c77-8146-46e2-b49e-9e386de8493b-groupManagement] INFO  server.RaftServerConfigKeys (ConfUtils.java:logGet(46)) - raft.server.log.purge.upto.snapshot.index = false (default)
2024-01-08 22:37:34,737 [4688c780-dea6-4744-ac30-6cd603ef2a1b-PipelineCommandHandlerThread-0] INFO  commandhandler.CreatePipelineCommandHandler (CreatePipelineCommandHandler.java:lambda$handle$2(124)) - Created Pipeline RATIS THREE PipelineID=491b6cbb-1171-451f-b08e-553e271a2630.
2024-01-08 22:37:34,750 [5e84c15f-e363-46f0-a4a8-c0510a3e4dd9-PipelineCommandHandlerThread-0] INFO  server.RaftServer (RaftServerProxy.java:addNew(100)) - 5e84c15f-e363-46f0-a4a8-c0510a3e4dd9: addNew group-111C7FA9F822:[5e84c15f-e363-46f0-a4a8-c0510a3e4dd9|10.1.0.16:15379] returns group-111C7FA9F822:java.util.concurrent.CompletableFuture@1c3efcd8[Not completed]
2024-01-08 22:37:34,750 [5e84c15f-e363-46f0-a4a8-c0510a3e4dd9-groupManagement] INFO  server.RaftServer$Division (RaftServerImpl.java:<init>(256)) - 5e84c15f-e363-46f0-a4a8-c0510a3e4dd9: new RaftServerImpl for group-111C7FA9F822:[5e84c15f-e363-46f0-a4a8-c0510a3e4dd9|10.1.0.16:15379] with ContainerStateMachine:uninitialized
2024-01-08 22:37:34,750 [5e84c15f-e363-46f0-a4a8-c0510a3e4dd9-groupManagement] INFO  server.RaftServerConfigKeys (ConfUtils.java:logGet(46)) - raft.server.rpc.timeout.min = 5s (custom)
2024-01-08 22:37:34,751 [5e84c15f-e363-46f0-a4a8-c0510a3e4dd9-groupManagement] INFO  server.RaftServerConfigKeys (ConfUtils.java:logGet(46)) - raft.server.rpc.timeout.max = 5200ms (custom)
2024-01-08 22:37:34,751 [5e84c15f-e363-46f0-a4a8-c0510a3e4dd9-groupManagement] INFO  server.RaftServerConfigKeys (ConfUtils.java:logGet(46)) - raft.server.rpc.sleep.time = 25ms (default)
2024-01-08 22:37:34,751 [5e84c15f-e363-46f0-a4a8-c0510a3e4dd9-groupManagement] INFO  server.RaftServerConfigKeys (ConfUtils.java:logGet(46)) - raft.server.rpc.slowness.timeout = 300000ms (custom)
2024-01-08 22:37:34,751 [5e84c15f-e363-46f0-a4a8-c0510a3e4dd9-groupManagement] INFO  server.RaftServerConfigKeys (ConfUtils.java:logGet(46)) - raft.server.leaderelection.leader.step-down.wait-time = 10s (default)
2024-01-08 22:37:34,751 [5e84c15f-e363-46f0-a4a8-c0510a3e4dd9-groupManagement] INFO  server.RaftServerConfigKeys (ConfUtils.java:logGet(46)) - raft.server.leaderelection.member.majority-add = false (default)
2024-01-08 22:37:34,751 [5e84c15f-e363-46f0-a4a8-c0510a3e4dd9-groupManagement] INFO  server.RaftServerConfigKeys (ConfUtils.java:logGet(46)) - raft.server.sleep.deviation.threshold = 300ms (default)
2024-01-08 22:37:34,751 [5e84c15f-e363-46f0-a4a8-c0510a3e4dd9-groupManagement] INFO  server.RaftServer$Division (ServerState.java:<init>(113)) - 5e84c15f-e363-46f0-a4a8-c0510a3e4dd9@group-111C7FA9F822: ConfigurationManager, init=-1: peers:[5e84c15f-e363-46f0-a4a8-c0510a3e4dd9|10.1.0.16:15379]|listeners:[], old=null, confs=<EMPTY_MAP>
2024-01-08 22:37:34,751 [5e84c15f-e363-46f0-a4a8-c0510a3e4dd9-groupManagement] INFO  server.RaftServerConfigKeys (ConfUtils.java:logGet(46)) - raft.server.notification.no-leader.timeout = 300000ms (custom)
2024-01-08 22:37:34,751 [5e84c15f-e363-46f0-a4a8-c0510a3e4dd9-groupManagement] INFO  server.RaftServerConfigKeys (ConfUtils.java:logGet(46)) - raft.server.read.timeout = 10s (default)
2024-01-08 22:37:34,751 [5e84c15f-e363-46f0-a4a8-c0510a3e4dd9-groupManagement] INFO  server.RaftServerConfigKeys (ConfUtils.java:logGet(46)) - raft.server.retrycache.expirytime = 600000ms (custom)
2024-01-08 22:37:34,751 [5e84c15f-e363-46f0-a4a8-c0510a3e4dd9-groupManagement] INFO  server.RaftServerConfigKeys (ConfUtils.java:logGet(46)) - raft.server.retrycache.statistics.expirytime = 100ms (default)
2024-01-08 22:37:34,751 [5e84c15f-e363-46f0-a4a8-c0510a3e4dd9-groupManagement] INFO  server.RaftServerConfigKeys (ConfUtils.java:logGet(46)) - raft.server.read.option = DEFAULT (default)
2024-01-08 22:37:34,751 [5e84c15f-e363-46f0-a4a8-c0510a3e4dd9-groupManagement] INFO  server.RaftServerConfigKeys (ConfUtils.java:logGet(46)) - raft.server.read.read-after-write-consistent.write-index-cache.expiry-time = 60s (default)
2024-01-08 22:37:34,753 [5e84c15f-e363-46f0-a4a8-c0510a3e4dd9-groupManagement] INFO  server.RaftServerConfigKeys (ConfUtils.java:logGet(46)) - raft.server.rpc.request.timeout = 3000ms (default)
2024-01-08 22:37:34,753 [5e84c15f-e363-46f0-a4a8-c0510a3e4dd9-groupManagement] INFO  server.RaftServerConfigKeys (ConfUtils.java:logGet(46)) - raft.server.log.appender.install.snapshot.enabled = false (custom)
2024-01-08 22:37:34,753 [5e84c15f-e363-46f0-a4a8-c0510a3e4dd9-groupManagement] INFO  server.RaftServerConfigKeys (ConfUtils.java:logGet(46)) - raft.server.threadpool.server.cached = true (default)
2024-01-08 22:37:34,753 [5e84c15f-e363-46f0-a4a8-c0510a3e4dd9-groupManagement] INFO  server.RaftServerConfigKeys (ConfUtils.java:logGet(46)) - raft.server.threadpool.server.size = 0 (default)
2024-01-08 22:37:34,753 [5e84c15f-e363-46f0-a4a8-c0510a3e4dd9-groupManagement] INFO  server.RaftServerConfigKeys (ConfUtils.java:logGet(46)) - raft.server.threadpool.client.cached = true (default)
2024-01-08 22:37:34,753 [5e84c15f-e363-46f0-a4a8-c0510a3e4dd9-groupManagement] INFO  server.RaftServerConfigKeys (ConfUtils.java:logGet(46)) - raft.server.threadpool.client.size = 0 (default)
2024-01-08 22:37:34,753 [5e84c15f-e363-46f0-a4a8-c0510a3e4dd9-groupManagement] INFO  server.RaftServerConfigKeys (ConfUtils.java:logGet(46)) - raft.server.storage.free-space.min = 0MB (=0) (default)
2024-01-08 22:37:34,753 [5e84c15f-e363-46f0-a4a8-c0510a3e4dd9-groupManagement] INFO  server.RaftServerConfigKeys (ConfUtils.java:logGet(46)) - raft.server.log.corruption.policy = EXCEPTION (default)
2024-01-08 22:37:34,753 [5e84c15f-e363-46f0-a4a8-c0510a3e4dd9-groupManagement] INFO  server.RaftServerConfigKeys (ConfUtils.java:logGet(46)) - raft.server.storage.dir = [/home/runner/work/ozone/ozone/hadoop-ozone/integration-test/target/test-dir/MiniOzoneClusterImpl-c2c64c26-053e-4d1e-83e3-051e2bfa4916/datanode-1/data/ratis] (custom)
2024-01-08 22:37:34,753 [5e84c15f-e363-46f0-a4a8-c0510a3e4dd9-groupManagement] INFO  storage.RaftStorageDirectory (RaftStorageDirectoryImpl.java:analyzeStorage(138)) - The storage directory /home/runner/work/ozone/ozone/hadoop-ozone/integration-test/target/test-dir/MiniOzoneClusterImpl-c2c64c26-053e-4d1e-83e3-051e2bfa4916/datanode-1/data/ratis/b70a71a8-944d-4a83-ba37-111c7fa9f822 does not exist. Creating ...
2024-01-08 22:37:34,754 [5e84c15f-e363-46f0-a4a8-c0510a3e4dd9-groupManagement] INFO  storage.RaftStorageDirectory (RaftStorageDirectoryImpl.java:tryLock(232)) - Lock on /home/runner/work/ozone/ozone/hadoop-ozone/integration-test/target/test-dir/MiniOzoneClusterImpl-c2c64c26-053e-4d1e-83e3-051e2bfa4916/datanode-1/data/ratis/b70a71a8-944d-4a83-ba37-111c7fa9f822/in_use.lock acquired by nodename 83643@fv-az1425-465
2024-01-08 22:37:34,754 [5e84c15f-e363-46f0-a4a8-c0510a3e4dd9-groupManagement] INFO  storage.RaftStorage (RaftStorageImpl.java:format(97)) - Storage directory /home/runner/work/ozone/ozone/hadoop-ozone/integration-test/target/test-dir/MiniOzoneClusterImpl-c2c64c26-053e-4d1e-83e3-051e2bfa4916/datanode-1/data/ratis/b70a71a8-944d-4a83-ba37-111c7fa9f822 has been successfully formatted.
2024-01-08 22:37:34,755 [5e84c15f-e363-46f0-a4a8-c0510a3e4dd9-groupManagement] INFO  ratis.ContainerStateMachine (ContainerStateMachine.java:loadSnapshot(287)) - group-111C7FA9F822: The snapshot info is null. Setting the last applied index to:(t:0, i:~)
2024-01-08 22:37:34,755 [5e84c15f-e363-46f0-a4a8-c0510a3e4dd9-groupManagement] INFO  server.RaftServerConfigKeys (ConfUtils.java:logGet(46)) - raft.server.log.use.memory = false (default)
2024-01-08 22:37:34,755 [5e84c15f-e363-46f0-a4a8-c0510a3e4dd9-groupManagement] INFO  server.RaftServerConfigKeys (ConfUtils.java:logGet(46)) - raft.server.log.purge.gap = 1000000 (custom)
2024-01-08 22:37:34,755 [5e84c15f-e363-46f0-a4a8-c0510a3e4dd9-groupManagement] INFO  server.RaftServerConfigKeys (ConfUtils.java:logGet(46)) - raft.server.log.appender.buffer.byte-limit = 8388608 (custom)
2024-01-08 22:37:34,755 [5e84c15f-e363-46f0-a4a8-c0510a3e4dd9-groupManagement] INFO  server.RaftServerConfigKeys (ConfUtils.java:logGet(46)) - raft.server.log.statemachine.data.read.timeout = 1000ms (default)
2024-01-08 22:37:34,755 [5e84c15f-e363-46f0-a4a8-c0510a3e4dd9-groupManagement] INFO  server.RaftServerConfigKeys (ConfUtils.java:logGet(46)) - raft.server.log.purge.preservation.log.num = 0 (default)
2024-01-08 22:37:34,756 [EventQueue-PipelineReportForPipelineReportHandler] INFO  pipeline.PipelineReportHandler (PipelineReportHandler.java:processPipelineReport(136)) - Opened pipeline PipelineID=b70a71a8-944d-4a83-ba37-111c7fa9f822
2024-01-08 22:37:34,756 [EventQueue-OpenPipelineForHealthyPipelineSafeModeRule] INFO  safemode.SCMSafeModeManager (HealthyPipelineSafeModeRule.java:process(140)) - SCM in safe mode. Healthy pipelines reported count is 0, required healthy pipeline reported count is 1
2024-01-08 22:37:34,756 [5e84c15f-e363-46f0-a4a8-c0510a3e4dd9-groupManagement] INFO  server.RaftServerConfigKeys (ConfUtils.java:logGet(46)) - raft.server.log.segment.size.max = 67108864 (custom)
2024-01-08 22:37:34,756 [5e84c15f-e363-46f0-a4a8-c0510a3e4dd9-groupManagement] INFO  server.RaftServerConfigKeys (ConfUtils.java:logGet(46)) - raft.server.log.segment.cache.num.max = 2 (custom)
2024-01-08 22:37:34,757 [5e84c15f-e363-46f0-a4a8-c0510a3e4dd9-groupManagement] INFO  server.RaftServerConfigKeys (ConfUtils.java:logGet(46)) - raft.server.log.segment.cache.size.max = 200MB (=209715200) (default)
2024-01-08 22:37:34,757 [5e84c15f-e363-46f0-a4a8-c0510a3e4dd9-groupManagement] INFO  server.RaftServerConfigKeys (ConfUtils.java:logGet(46)) - raft.server.log.appender.buffer.byte-limit = 8388608 (custom)
2024-01-08 22:37:34,757 [5e84c15f-e363-46f0-a4a8-c0510a3e4dd9-groupManagement] INFO  util.AwaitToRun (AwaitToRun.java:start(81)) - Thread[5e84c15f-e363-46f0-a4a8-c0510a3e4dd9@group-111C7FA9F822-cacheEviction-AwaitToRun,5,main] started
2024-01-08 22:37:34,757 [5e84c15f-e363-46f0-a4a8-c0510a3e4dd9-groupManagement] INFO  segmented.SegmentedRaftLogWorker (SegmentedRaftLogWorker.java:<init>(184)) - new 5e84c15f-e363-46f0-a4a8-c0510a3e4dd9@group-111C7FA9F822-SegmentedRaftLogWorker for RaftStorageImpl:Storage Directory /home/runner/work/ozone/ozone/hadoop-ozone/integration-test/target/test-dir/MiniOzoneClusterImpl-c2c64c26-053e-4d1e-83e3-051e2bfa4916/datanode-1/data/ratis/b70a71a8-944d-4a83-ba37-111c7fa9f822
2024-01-08 22:37:34,757 [5e84c15f-e363-46f0-a4a8-c0510a3e4dd9-groupManagement] INFO  server.RaftServerConfigKeys (ConfUtils.java:logGet(46)) - raft.server.log.queue.byte-limit = 4294967296 (custom)
2024-01-08 22:37:34,757 [5e84c15f-e363-46f0-a4a8-c0510a3e4dd9-groupManagement] INFO  server.RaftServerConfigKeys (ConfUtils.java:logGet(46)) - raft.server.log.queue.element-limit = 1024 (custom)
2024-01-08 22:37:34,757 [5e84c15f-e363-46f0-a4a8-c0510a3e4dd9-groupManagement] INFO  server.RaftServerConfigKeys (ConfUtils.java:logGet(46)) - raft.server.log.segment.size.max = 67108864 (custom)
2024-01-08 22:37:34,757 [5e84c15f-e363-46f0-a4a8-c0510a3e4dd9-groupManagement] INFO  server.RaftServerConfigKeys (ConfUtils.java:logGet(46)) - raft.server.log.preallocated.size = 4194304 (custom)
2024-01-08 22:37:34,757 [5e84c15f-e363-46f0-a4a8-c0510a3e4dd9-groupManagement] INFO  server.RaftServerConfigKeys (ConfUtils.java:logGet(46)) - raft.server.log.force.sync.num = 128 (default)
2024-01-08 22:37:34,757 [5e84c15f-e363-46f0-a4a8-c0510a3e4dd9-groupManagement] INFO  server.RaftServerConfigKeys (ConfUtils.java:logGet(46)) - raft.server.log.statemachine.data.sync = true (default)
2024-01-08 22:37:34,757 [5e84c15f-e363-46f0-a4a8-c0510a3e4dd9-groupManagement] INFO  server.RaftServerConfigKeys (ConfUtils.java:logGet(46)) - raft.server.log.statemachine.data.sync.timeout = 10s (default)
2024-01-08 22:37:34,757 [5e84c15f-e363-46f0-a4a8-c0510a3e4dd9-groupManagement] INFO  server.RaftServerConfigKeys (ConfUtils.java:logGet(46)) - raft.server.log.statemachine.data.sync.timeout.retry = 0 (custom)
2024-01-08 22:37:34,757 [5e84c15f-e363-46f0-a4a8-c0510a3e4dd9-groupManagement] INFO  server.RaftServerConfigKeys (ConfUtils.java:logGet(46)) - raft.server.log.write.buffer.size = 8388616 (custom)
2024-01-08 22:37:34,758 [5e84c15f-e363-46f0-a4a8-c0510a3e4dd9-groupManagement] INFO  server.RaftServerConfigKeys (ConfUtils.java:logGet(46)) - raft.server.log.appender.buffer.byte-limit = 8388608 (custom)
2024-01-08 22:37:34,759 [5e84c15f-e363-46f0-a4a8-c0510a3e4dd9-groupManagement] INFO  server.RaftServerConfigKeys (ConfUtils.java:logGet(46)) - raft.server.log.unsafe-flush.enabled = false (default)
2024-01-08 22:37:34,759 [5e84c15f-e363-46f0-a4a8-c0510a3e4dd9-groupManagement] INFO  server.RaftServerConfigKeys (ConfUtils.java:logGet(46)) - raft.server.log.async-flush.enabled = false (default)
2024-01-08 22:37:34,759 [5e84c15f-e363-46f0-a4a8-c0510a3e4dd9-groupManagement] INFO  server.RaftServerConfigKeys (ConfUtils.java:logGet(46)) - raft.server.log.statemachine.data.caching.enabled = true (custom)
2024-01-08 22:37:34,759 [5e84c15f-e363-46f0-a4a8-c0510a3e4dd9-groupManagement] INFO  segmented.SegmentedRaftLogWorker (SegmentedRaftLogWorker.java:lambda$new$0(135)) - 5e84c15f-e363-46f0-a4a8-c0510a3e4dd9@group-111C7FA9F822-SegmentedRaftLogWorker: flushIndex: setUnconditionally 0 -> -1
2024-01-08 22:37:34,759 [5e84c15f-e363-46f0-a4a8-c0510a3e4dd9-groupManagement] INFO  segmented.SegmentedRaftLogWorker (SegmentedRaftLogWorker.java:lambda$new$0(135)) - 5e84c15f-e363-46f0-a4a8-c0510a3e4dd9@group-111C7FA9F822-SegmentedRaftLogWorker: safeCacheEvictIndex: setUnconditionally 0 -> -1
2024-01-08 22:37:34,759 [5e84c15f-e363-46f0-a4a8-c0510a3e4dd9-groupManagement] INFO  server.RaftServer$Division (RaftServerImpl.java:start(392)) - 5e84c15f-e363-46f0-a4a8-c0510a3e4dd9@group-111C7FA9F822: start as a follower, conf=-1: peers:[5e84c15f-e363-46f0-a4a8-c0510a3e4dd9|10.1.0.16:15379]|listeners:[], old=null
2024-01-08 22:37:34,759 [5e84c15f-e363-46f0-a4a8-c0510a3e4dd9-groupManagement] INFO  server.RaftServer$Division (RaftServerImpl.java:setRole(379)) - 5e84c15f-e363-46f0-a4a8-c0510a3e4dd9@group-111C7FA9F822: changes role from      null to FOLLOWER at term 0 for startAsFollower
2024-01-08 22:37:34,759 [5e84c15f-e363-46f0-a4a8-c0510a3e4dd9-groupManagement] INFO  impl.RoleInfo (RoleInfo.java:updateAndGet(139)) - 5e84c15f-e363-46f0-a4a8-c0510a3e4dd9: start 5e84c15f-e363-46f0-a4a8-c0510a3e4dd9@group-111C7FA9F822-FollowerState
2024-01-08 22:37:34,759 [5e84c15f-e363-46f0-a4a8-c0510a3e4dd9@group-111C7FA9F822-FollowerState] INFO  server.RaftServerConfigKeys (ConfUtils.java:logFallback(53)) - raft.server.rpc.first-election.timeout.min = 5s (fallback to raft.server.rpc.timeout.min)
2024-01-08 22:37:34,759 [5e84c15f-e363-46f0-a4a8-c0510a3e4dd9-groupManagement] INFO  util.JmxRegister (JmxRegister.java:tryRegister(44)) - Successfully registered JMX Bean with object name Ratis:service=RaftServer,group=group-111C7FA9F822,id=5e84c15f-e363-46f0-a4a8-c0510a3e4dd9
2024-01-08 22:37:34,759 [5e84c15f-e363-46f0-a4a8-c0510a3e4dd9@group-111C7FA9F822-FollowerState] INFO  server.RaftServerConfigKeys (ConfUtils.java:logFallback(53)) - raft.server.rpc.first-election.timeout.max = 5200ms (fallback to raft.server.rpc.timeout.max)
2024-01-08 22:37:34,759 [5e84c15f-e363-46f0-a4a8-c0510a3e4dd9-groupManagement] INFO  server.RaftServerConfigKeys (ConfUtils.java:logGet(46)) - raft.server.snapshot.trigger-when-stop.enabled = true (default)
2024-01-08 22:37:34,760 [5e84c15f-e363-46f0-a4a8-c0510a3e4dd9-groupManagement] INFO  server.RaftServerConfigKeys (ConfUtils.java:logGet(46)) - raft.server.snapshot.auto.trigger.enabled = true (custom)
2024-01-08 22:37:34,760 [5e84c15f-e363-46f0-a4a8-c0510a3e4dd9-groupManagement] INFO  server.RaftServerConfigKeys (ConfUtils.java:logGet(46)) - raft.server.snapshot.auto.trigger.threshold = 10000 (custom)
2024-01-08 22:37:34,760 [5e84c15f-e363-46f0-a4a8-c0510a3e4dd9-groupManagement] INFO  server.RaftServerConfigKeys (ConfUtils.java:logGet(46)) - raft.server.snapshot.retention.file.num = 5 (custom)
2024-01-08 22:37:34,760 [5e84c15f-e363-46f0-a4a8-c0510a3e4dd9-groupManagement] INFO  server.RaftServerConfigKeys (ConfUtils.java:logGet(46)) - raft.server.log.purge.upto.snapshot.index = false (default)
2024-01-08 22:37:34,760 [5e84c15f-e363-46f0-a4a8-c0510a3e4dd9-PipelineCommandHandlerThread-0] INFO  ratis.XceiverServerRatis (XceiverServerRatis.java:addGroup(842)) - Created group PipelineID=b70a71a8-944d-4a83-ba37-111c7fa9f822
2024-01-08 22:37:34,760 [5e84c15f-e363-46f0-a4a8-c0510a3e4dd9-PipelineCommandHandlerThread-0] INFO  commandhandler.CreatePipelineCommandHandler (CreatePipelineCommandHandler.java:lambda$handle$2(124)) - Created Pipeline RATIS ONE PipelineID=b70a71a8-944d-4a83-ba37-111c7fa9f822.
2024-01-08 22:37:34,834 [45b27c77-8146-46e2-b49e-9e386de8493b-PipelineCommandHandlerThread-0] INFO  server.RaftServer (RaftServerProxy.java:addNew(100)) - 45b27c77-8146-46e2-b49e-9e386de8493b: addNew group-90F282FE66D6:[45b27c77-8146-46e2-b49e-9e386de8493b|10.1.0.16:15388] returns group-90F282FE66D6:java.util.concurrent.CompletableFuture@304a2b79[Not completed]
2024-01-08 22:37:34,835 [45b27c77-8146-46e2-b49e-9e386de8493b-groupManagement] INFO  server.RaftServer$Division (RaftServerImpl.java:<init>(256)) - 45b27c77-8146-46e2-b49e-9e386de8493b: new RaftServerImpl for group-90F282FE66D6:[45b27c77-8146-46e2-b49e-9e386de8493b|10.1.0.16:15388] with ContainerStateMachine:uninitialized
2024-01-08 22:37:34,835 [45b27c77-8146-46e2-b49e-9e386de8493b-groupManagement] INFO  server.RaftServerConfigKeys (ConfUtils.java:logGet(46)) - raft.server.rpc.timeout.min = 5s (custom)
2024-01-08 22:37:34,835 [45b27c77-8146-46e2-b49e-9e386de8493b-groupManagement] INFO  server.RaftServerConfigKeys (ConfUtils.java:logGet(46)) - raft.server.rpc.timeout.max = 5200ms (custom)
2024-01-08 22:37:34,835 [45b27c77-8146-46e2-b49e-9e386de8493b-groupManagement] INFO  server.RaftServerConfigKeys (ConfUtils.java:logGet(46)) - raft.server.rpc.sleep.time = 25ms (default)
2024-01-08 22:37:34,835 [45b27c77-8146-46e2-b49e-9e386de8493b-groupManagement] INFO  server.RaftServerConfigKeys (ConfUtils.java:logGet(46)) - raft.server.rpc.slowness.timeout = 300000ms (custom)
2024-01-08 22:37:34,835 [45b27c77-8146-46e2-b49e-9e386de8493b-groupManagement] INFO  server.RaftServerConfigKeys (ConfUtils.java:logGet(46)) - raft.server.leaderelection.leader.step-down.wait-time = 10s (default)
2024-01-08 22:37:34,835 [45b27c77-8146-46e2-b49e-9e386de8493b-groupManagement] INFO  server.RaftServerConfigKeys (ConfUtils.java:logGet(46)) - raft.server.leaderelection.member.majority-add = false (default)
2024-01-08 22:37:34,835 [45b27c77-8146-46e2-b49e-9e386de8493b-groupManagement] INFO  server.RaftServerConfigKeys (ConfUtils.java:logGet(46)) - raft.server.sleep.deviation.threshold = 300ms (default)
2024-01-08 22:37:34,835 [45b27c77-8146-46e2-b49e-9e386de8493b-groupManagement] INFO  server.RaftServer$Division (ServerState.java:<init>(113)) - 45b27c77-8146-46e2-b49e-9e386de8493b@group-90F282FE66D6: ConfigurationManager, init=-1: peers:[45b27c77-8146-46e2-b49e-9e386de8493b|10.1.0.16:15388]|listeners:[], old=null, confs=<EMPTY_MAP>
2024-01-08 22:37:34,835 [45b27c77-8146-46e2-b49e-9e386de8493b-groupManagement] INFO  server.RaftServerConfigKeys (ConfUtils.java:logGet(46)) - raft.server.notification.no-leader.timeout = 300000ms (custom)
2024-01-08 22:37:34,835 [45b27c77-8146-46e2-b49e-9e386de8493b-groupManagement] INFO  server.RaftServerConfigKeys (ConfUtils.java:logGet(46)) - raft.server.read.timeout = 10s (default)
2024-01-08 22:37:34,835 [45b27c77-8146-46e2-b49e-9e386de8493b-groupManagement] INFO  server.RaftServerConfigKeys (ConfUtils.java:logGet(46)) - raft.server.retrycache.expirytime = 600000ms (custom)
2024-01-08 22:37:34,835 [45b27c77-8146-46e2-b49e-9e386de8493b-groupManagement] INFO  server.RaftServerConfigKeys (ConfUtils.java:logGet(46)) - raft.server.retrycache.statistics.expirytime = 100ms (default)
2024-01-08 22:37:34,835 [45b27c77-8146-46e2-b49e-9e386de8493b-groupManagement] INFO  server.RaftServerConfigKeys (ConfUtils.java:logGet(46)) - raft.server.read.option = DEFAULT (default)
2024-01-08 22:37:34,835 [45b27c77-8146-46e2-b49e-9e386de8493b-groupManagement] INFO  server.RaftServerConfigKeys (ConfUtils.java:logGet(46)) - raft.server.read.read-after-write-consistent.write-index-cache.expiry-time = 60s (default)
2024-01-08 22:37:34,837 [45b27c77-8146-46e2-b49e-9e386de8493b-groupManagement] INFO  server.RaftServerConfigKeys (ConfUtils.java:logGet(46)) - raft.server.rpc.request.timeout = 3000ms (default)
2024-01-08 22:37:34,837 [45b27c77-8146-46e2-b49e-9e386de8493b-groupManagement] INFO  server.RaftServerConfigKeys (ConfUtils.java:logGet(46)) - raft.server.log.appender.install.snapshot.enabled = false (custom)
2024-01-08 22:37:34,837 [45b27c77-8146-46e2-b49e-9e386de8493b-groupManagement] INFO  server.RaftServerConfigKeys (ConfUtils.java:logGet(46)) - raft.server.threadpool.server.cached = true (default)
2024-01-08 22:37:34,837 [45b27c77-8146-46e2-b49e-9e386de8493b-groupManagement] INFO  server.RaftServerConfigKeys (ConfUtils.java:logGet(46)) - raft.server.threadpool.server.size = 0 (default)
2024-01-08 22:37:34,837 [45b27c77-8146-46e2-b49e-9e386de8493b-groupManagement] INFO  server.RaftServerConfigKeys (ConfUtils.java:logGet(46)) - raft.server.threadpool.client.cached = true (default)
2024-01-08 22:37:34,837 [45b27c77-8146-46e2-b49e-9e386de8493b-groupManagement] INFO  server.RaftServerConfigKeys (ConfUtils.java:logGet(46)) - raft.server.threadpool.client.size = 0 (default)
2024-01-08 22:37:34,837 [45b27c77-8146-46e2-b49e-9e386de8493b-groupManagement] INFO  server.RaftServerConfigKeys (ConfUtils.java:logGet(46)) - raft.server.storage.free-space.min = 0MB (=0) (default)
2024-01-08 22:37:34,837 [45b27c77-8146-46e2-b49e-9e386de8493b-groupManagement] INFO  server.RaftServerConfigKeys (ConfUtils.java:logGet(46)) - raft.server.log.corruption.policy = EXCEPTION (default)
2024-01-08 22:37:34,837 [45b27c77-8146-46e2-b49e-9e386de8493b-groupManagement] INFO  server.RaftServerConfigKeys (ConfUtils.java:logGet(46)) - raft.server.storage.dir = [/home/runner/work/ozone/ozone/hadoop-ozone/integration-test/target/test-dir/MiniOzoneClusterImpl-c2c64c26-053e-4d1e-83e3-051e2bfa4916/datanode-2/data/ratis] (custom)
2024-01-08 22:37:34,837 [45b27c77-8146-46e2-b49e-9e386de8493b-groupManagement] INFO  storage.RaftStorageDirectory (RaftStorageDirectoryImpl.java:analyzeStorage(138)) - The storage directory /home/runner/work/ozone/ozone/hadoop-ozone/integration-test/target/test-dir/MiniOzoneClusterImpl-c2c64c26-053e-4d1e-83e3-051e2bfa4916/datanode-2/data/ratis/06058d69-ce9e-4526-b831-90f282fe66d6 does not exist. Creating ...
2024-01-08 22:37:34,838 [45b27c77-8146-46e2-b49e-9e386de8493b-groupManagement] INFO  storage.RaftStorageDirectory (RaftStorageDirectoryImpl.java:tryLock(232)) - Lock on /home/runner/work/ozone/ozone/hadoop-ozone/integration-test/target/test-dir/MiniOzoneClusterImpl-c2c64c26-053e-4d1e-83e3-051e2bfa4916/datanode-2/data/ratis/06058d69-ce9e-4526-b831-90f282fe66d6/in_use.lock acquired by nodename 83643@fv-az1425-465
2024-01-08 22:37:34,839 [45b27c77-8146-46e2-b49e-9e386de8493b-groupManagement] INFO  storage.RaftStorage (RaftStorageImpl.java:format(97)) - Storage directory /home/runner/work/ozone/ozone/hadoop-ozone/integration-test/target/test-dir/MiniOzoneClusterImpl-c2c64c26-053e-4d1e-83e3-051e2bfa4916/datanode-2/data/ratis/06058d69-ce9e-4526-b831-90f282fe66d6 has been successfully formatted.
2024-01-08 22:37:34,839 [45b27c77-8146-46e2-b49e-9e386de8493b-groupManagement] INFO  ratis.ContainerStateMachine (ContainerStateMachine.java:loadSnapshot(287)) - group-90F282FE66D6: The snapshot info is null. Setting the last applied index to:(t:0, i:~)
2024-01-08 22:37:34,839 [45b27c77-8146-46e2-b49e-9e386de8493b-groupManagement] INFO  server.RaftServerConfigKeys (ConfUtils.java:logGet(46)) - raft.server.log.use.memory = false (default)
2024-01-08 22:37:34,839 [45b27c77-8146-46e2-b49e-9e386de8493b-groupManagement] INFO  server.RaftServerConfigKeys (ConfUtils.java:logGet(46)) - raft.server.log.purge.gap = 1000000 (custom)
2024-01-08 22:37:34,839 [45b27c77-8146-46e2-b49e-9e386de8493b-groupManagement] INFO  server.RaftServerConfigKeys (ConfUtils.java:logGet(46)) - raft.server.log.appender.buffer.byte-limit = 8388608 (custom)
2024-01-08 22:37:34,839 [45b27c77-8146-46e2-b49e-9e386de8493b-groupManagement] INFO  server.RaftServerConfigKeys (ConfUtils.java:logGet(46)) - raft.server.log.statemachine.data.read.timeout = 1000ms (default)
2024-01-08 22:37:34,839 [45b27c77-8146-46e2-b49e-9e386de8493b-groupManagement] INFO  server.RaftServerConfigKeys (ConfUtils.java:logGet(46)) - raft.server.log.purge.preservation.log.num = 0 (default)
2024-01-08 22:37:34,840 [EventQueue-PipelineReportForPipelineReportHandler] INFO  pipeline.PipelineReportHandler (PipelineReportHandler.java:processPipelineReport(136)) - Opened pipeline PipelineID=06058d69-ce9e-4526-b831-90f282fe66d6
2024-01-08 22:37:34,840 [EventQueue-OpenPipelineForHealthyPipelineSafeModeRule] INFO  safemode.SCMSafeModeManager (HealthyPipelineSafeModeRule.java:process(140)) - SCM in safe mode. Healthy pipelines reported count is 0, required healthy pipeline reported count is 1
2024-01-08 22:37:34,840 [45b27c77-8146-46e2-b49e-9e386de8493b-groupManagement] INFO  server.RaftServerConfigKeys (ConfUtils.java:logGet(46)) - raft.server.log.segment.size.max = 67108864 (custom)
2024-01-08 22:37:34,840 [45b27c77-8146-46e2-b49e-9e386de8493b-groupManagement] INFO  server.RaftServerConfigKeys (ConfUtils.java:logGet(46)) - raft.server.log.segment.cache.num.max = 2 (custom)
2024-01-08 22:37:34,840 [45b27c77-8146-46e2-b49e-9e386de8493b-groupManagement] INFO  server.RaftServerConfigKeys (ConfUtils.java:logGet(46)) - raft.server.log.segment.cache.size.max = 200MB (=209715200) (default)
2024-01-08 22:37:34,841 [45b27c77-8146-46e2-b49e-9e386de8493b-groupManagement] INFO  server.RaftServerConfigKeys (ConfUtils.java:logGet(46)) - raft.server.log.appender.buffer.byte-limit = 8388608 (custom)
2024-01-08 22:37:34,841 [45b27c77-8146-46e2-b49e-9e386de8493b-groupManagement] INFO  util.AwaitToRun (AwaitToRun.java:start(81)) - Thread[45b27c77-8146-46e2-b49e-9e386de8493b@group-90F282FE66D6-cacheEviction-AwaitToRun,5,main] started
2024-01-08 22:37:34,841 [45b27c77-8146-46e2-b49e-9e386de8493b-groupManagement] INFO  segmented.SegmentedRaftLogWorker (SegmentedRaftLogWorker.java:<init>(184)) - new 45b27c77-8146-46e2-b49e-9e386de8493b@group-90F282FE66D6-SegmentedRaftLogWorker for RaftStorageImpl:Storage Directory /home/runner/work/ozone/ozone/hadoop-ozone/integration-test/target/test-dir/MiniOzoneClusterImpl-c2c64c26-053e-4d1e-83e3-051e2bfa4916/datanode-2/data/ratis/06058d69-ce9e-4526-b831-90f282fe66d6
2024-01-08 22:37:34,841 [45b27c77-8146-46e2-b49e-9e386de8493b-groupManagement] INFO  server.RaftServerConfigKeys (ConfUtils.java:logGet(46)) - raft.server.log.queue.byte-limit = 4294967296 (custom)
2024-01-08 22:37:34,841 [45b27c77-8146-46e2-b49e-9e386de8493b-groupManagement] INFO  server.RaftServerConfigKeys (ConfUtils.java:logGet(46)) - raft.server.log.queue.element-limit = 1024 (custom)
2024-01-08 22:37:34,841 [45b27c77-8146-46e2-b49e-9e386de8493b-groupManagement] INFO  server.RaftServerConfigKeys (ConfUtils.java:logGet(46)) - raft.server.log.segment.size.max = 67108864 (custom)
2024-01-08 22:37:34,841 [45b27c77-8146-46e2-b49e-9e386de8493b-groupManagement] INFO  server.RaftServerConfigKeys (ConfUtils.java:logGet(46)) - raft.server.log.preallocated.size = 4194304 (custom)
2024-01-08 22:37:34,841 [45b27c77-8146-46e2-b49e-9e386de8493b-groupManagement] INFO  server.RaftServerConfigKeys (ConfUtils.java:logGet(46)) - raft.server.log.force.sync.num = 128 (default)
2024-01-08 22:37:34,841 [45b27c77-8146-46e2-b49e-9e386de8493b-groupManagement] INFO  server.RaftServerConfigKeys (ConfUtils.java:logGet(46)) - raft.server.log.statemachine.data.sync = true (default)
2024-01-08 22:37:34,841 [45b27c77-8146-46e2-b49e-9e386de8493b-groupManagement] INFO  server.RaftServerConfigKeys (ConfUtils.java:logGet(46)) - raft.server.log.statemachine.data.sync.timeout = 10s (default)
2024-01-08 22:37:34,841 [45b27c77-8146-46e2-b49e-9e386de8493b-groupManagement] INFO  server.RaftServerConfigKeys (ConfUtils.java:logGet(46)) - raft.server.log.statemachine.data.sync.timeout.retry = 0 (custom)
2024-01-08 22:37:34,841 [45b27c77-8146-46e2-b49e-9e386de8493b-groupManagement] INFO  server.RaftServerConfigKeys (ConfUtils.java:logGet(46)) - raft.server.log.write.buffer.size = 8388616 (custom)
2024-01-08 22:37:34,842 [45b27c77-8146-46e2-b49e-9e386de8493b-groupManagement] INFO  server.RaftServerConfigKeys (ConfUtils.java:logGet(46)) - raft.server.log.appender.buffer.byte-limit = 8388608 (custom)
2024-01-08 22:37:34,873 [45b27c77-8146-46e2-b49e-9e386de8493b-groupManagement] INFO  server.RaftServerConfigKeys (ConfUtils.java:logGet(46)) - raft.server.log.unsafe-flush.enabled = false (default)
2024-01-08 22:37:34,873 [45b27c77-8146-46e2-b49e-9e386de8493b-groupManagement] INFO  server.RaftServerConfigKeys (ConfUtils.java:logGet(46)) - raft.server.log.async-flush.enabled = false (default)
2024-01-08 22:37:34,873 [45b27c77-8146-46e2-b49e-9e386de8493b-groupManagement] INFO  server.RaftServerConfigKeys (ConfUtils.java:logGet(46)) - raft.server.log.statemachine.data.caching.enabled = true (custom)
2024-01-08 22:37:34,874 [45b27c77-8146-46e2-b49e-9e386de8493b-groupManagement] INFO  segmented.SegmentedRaftLogWorker (SegmentedRaftLogWorker.java:lambda$new$0(135)) - 45b27c77-8146-46e2-b49e-9e386de8493b@group-90F282FE66D6-SegmentedRaftLogWorker: flushIndex: setUnconditionally 0 -> -1
2024-01-08 22:37:34,874 [45b27c77-8146-46e2-b49e-9e386de8493b-groupManagement] INFO  segmented.SegmentedRaftLogWorker (SegmentedRaftLogWorker.java:lambda$new$0(135)) - 45b27c77-8146-46e2-b49e-9e386de8493b@group-90F282FE66D6-SegmentedRaftLogWorker: safeCacheEvictIndex: setUnconditionally 0 -> -1
2024-01-08 22:37:34,874 [45b27c77-8146-46e2-b49e-9e386de8493b-groupManagement] INFO  server.RaftServer$Division (RaftServerImpl.java:start(392)) - 45b27c77-8146-46e2-b49e-9e386de8493b@group-90F282FE66D6: start as a follower, conf=-1: peers:[45b27c77-8146-46e2-b49e-9e386de8493b|10.1.0.16:15388]|listeners:[], old=null
2024-01-08 22:37:34,874 [45b27c77-8146-46e2-b49e-9e386de8493b-groupManagement] INFO  server.RaftServer$Division (RaftServerImpl.java:setRole(379)) - 45b27c77-8146-46e2-b49e-9e386de8493b@group-90F282FE66D6: changes role from      null to FOLLOWER at term 0 for startAsFollower
2024-01-08 22:37:34,874 [45b27c77-8146-46e2-b49e-9e386de8493b-groupManagement] INFO  impl.RoleInfo (RoleInfo.java:updateAndGet(139)) - 45b27c77-8146-46e2-b49e-9e386de8493b: start 45b27c77-8146-46e2-b49e-9e386de8493b@group-90F282FE66D6-FollowerState
2024-01-08 22:37:34,874 [45b27c77-8146-46e2-b49e-9e386de8493b@group-90F282FE66D6-FollowerState] INFO  server.RaftServerConfigKeys (ConfUtils.java:logFallback(53)) - raft.server.rpc.first-election.timeout.min = 5s (fallback to raft.server.rpc.timeout.min)
2024-01-08 22:37:34,874 [45b27c77-8146-46e2-b49e-9e386de8493b-groupManagement] INFO  util.JmxRegister (JmxRegister.java:tryRegister(44)) - Successfully registered JMX Bean with object name Ratis:service=RaftServer,group=group-90F282FE66D6,id=45b27c77-8146-46e2-b49e-9e386de8493b
2024-01-08 22:37:34,874 [45b27c77-8146-46e2-b49e-9e386de8493b@group-90F282FE66D6-FollowerState] INFO  server.RaftServerConfigKeys (ConfUtils.java:logFallback(53)) - raft.server.rpc.first-election.timeout.max = 5200ms (fallback to raft.server.rpc.timeout.max)
2024-01-08 22:37:34,874 [45b27c77-8146-46e2-b49e-9e386de8493b-groupManagement] INFO  server.RaftServerConfigKeys (ConfUtils.java:logGet(46)) - raft.server.snapshot.trigger-when-stop.enabled = true (default)
2024-01-08 22:37:34,875 [45b27c77-8146-46e2-b49e-9e386de8493b-groupManagement] INFO  server.RaftServerConfigKeys (ConfUtils.java:logGet(46)) - raft.server.snapshot.auto.trigger.enabled = true (custom)
2024-01-08 22:37:34,878 [45b27c77-8146-46e2-b49e-9e386de8493b-groupManagement] INFO  server.RaftServerConfigKeys (ConfUtils.java:logGet(46)) - raft.server.snapshot.auto.trigger.threshold = 10000 (custom)
2024-01-08 22:37:34,879 [45b27c77-8146-46e2-b49e-9e386de8493b-groupManagement] INFO  server.RaftServerConfigKeys (ConfUtils.java:logGet(46)) - raft.server.snapshot.retention.file.num = 5 (custom)
2024-01-08 22:37:34,879 [45b27c77-8146-46e2-b49e-9e386de8493b-groupManagement] INFO  server.RaftServerConfigKeys (ConfUtils.java:logGet(46)) - raft.server.log.purge.upto.snapshot.index = false (default)
2024-01-08 22:37:34,879 [45b27c77-8146-46e2-b49e-9e386de8493b-PipelineCommandHandlerThread-0] INFO  ratis.XceiverServerRatis (XceiverServerRatis.java:addGroup(842)) - Created group PipelineID=06058d69-ce9e-4526-b831-90f282fe66d6
2024-01-08 22:37:34,879 [45b27c77-8146-46e2-b49e-9e386de8493b-PipelineCommandHandlerThread-0] INFO  commandhandler.CreatePipelineCommandHandler (CreatePipelineCommandHandler.java:lambda$handle$2(124)) - Created Pipeline RATIS ONE PipelineID=06058d69-ce9e-4526-b831-90f282fe66d6.
2024-01-08 22:37:34,928 [d358508b-f61b-4bbe-a39d-36a2c95b295d-PipelineCommandHandlerThread-0] INFO  server.RaftServer (RaftServerProxy.java:addNew(100)) - d358508b-f61b-4bbe-a39d-36a2c95b295d: addNew group-4F9EEBAFE465:[d358508b-f61b-4bbe-a39d-36a2c95b295d|10.1.0.16:15397] returns group-4F9EEBAFE465:java.util.concurrent.CompletableFuture@553c4a7a[Not completed]
2024-01-08 22:37:34,929 [d358508b-f61b-4bbe-a39d-36a2c95b295d-groupManagement] INFO  server.RaftServer$Division (RaftServerImpl.java:<init>(256)) - d358508b-f61b-4bbe-a39d-36a2c95b295d: new RaftServerImpl for group-4F9EEBAFE465:[d358508b-f61b-4bbe-a39d-36a2c95b295d|10.1.0.16:15397] with ContainerStateMachine:uninitialized
2024-01-08 22:37:34,929 [d358508b-f61b-4bbe-a39d-36a2c95b295d-groupManagement] INFO  server.RaftServerConfigKeys (ConfUtils.java:logGet(46)) - raft.server.rpc.timeout.min = 5s (custom)
2024-01-08 22:37:34,929 [d358508b-f61b-4bbe-a39d-36a2c95b295d-groupManagement] INFO  server.RaftServerConfigKeys (ConfUtils.java:logGet(46)) - raft.server.rpc.timeout.max = 5200ms (custom)
2024-01-08 22:37:34,929 [d358508b-f61b-4bbe-a39d-36a2c95b295d-groupManagement] INFO  server.RaftServerConfigKeys (ConfUtils.java:logGet(46)) - raft.server.rpc.sleep.time = 25ms (default)
2024-01-08 22:37:34,929 [d358508b-f61b-4bbe-a39d-36a2c95b295d-groupManagement] INFO  server.RaftServerConfigKeys (ConfUtils.java:logGet(46)) - raft.server.rpc.slowness.timeout = 300000ms (custom)
2024-01-08 22:37:34,929 [d358508b-f61b-4bbe-a39d-36a2c95b295d-groupManagement] INFO  server.RaftServerConfigKeys (ConfUtils.java:logGet(46)) - raft.server.leaderelection.leader.step-down.wait-time = 10s (default)
2024-01-08 22:37:34,929 [d358508b-f61b-4bbe-a39d-36a2c95b295d-groupManagement] INFO  server.RaftServerConfigKeys (ConfUtils.java:logGet(46)) - raft.server.leaderelection.member.majority-add = false (default)
2024-01-08 22:37:34,929 [d358508b-f61b-4bbe-a39d-36a2c95b295d-groupManagement] INFO  server.RaftServerConfigKeys (ConfUtils.java:logGet(46)) - raft.server.sleep.deviation.threshold = 300ms (default)
2024-01-08 22:37:34,929 [d358508b-f61b-4bbe-a39d-36a2c95b295d-groupManagement] INFO  server.RaftServer$Division (ServerState.java:<init>(113)) - d358508b-f61b-4bbe-a39d-36a2c95b295d@group-4F9EEBAFE465: ConfigurationManager, init=-1: peers:[d358508b-f61b-4bbe-a39d-36a2c95b295d|10.1.0.16:15397]|listeners:[], old=null, confs=<EMPTY_MAP>
2024-01-08 22:37:34,929 [d358508b-f61b-4bbe-a39d-36a2c95b295d-groupManagement] INFO  server.RaftServerConfigKeys (ConfUtils.java:logGet(46)) - raft.server.notification.no-leader.timeout = 300000ms (custom)
2024-01-08 22:37:34,929 [d358508b-f61b-4bbe-a39d-36a2c95b295d-groupManagement] INFO  server.RaftServerConfigKeys (ConfUtils.java:logGet(46)) - raft.server.read.timeout = 10s (default)
2024-01-08 22:37:34,929 [d358508b-f61b-4bbe-a39d-36a2c95b295d-groupManagement] INFO  server.RaftServerConfigKeys (ConfUtils.java:logGet(46)) - raft.server.retrycache.expirytime = 600000ms (custom)
2024-01-08 22:37:34,929 [d358508b-f61b-4bbe-a39d-36a2c95b295d-groupManagement] INFO  server.RaftServerConfigKeys (ConfUtils.java:logGet(46)) - raft.server.retrycache.statistics.expirytime = 100ms (default)
2024-01-08 22:37:34,929 [d358508b-f61b-4bbe-a39d-36a2c95b295d-groupManagement] INFO  server.RaftServerConfigKeys (ConfUtils.java:logGet(46)) - raft.server.read.option = DEFAULT (default)
2024-01-08 22:37:34,930 [d358508b-f61b-4bbe-a39d-36a2c95b295d-groupManagement] INFO  server.RaftServerConfigKeys (ConfUtils.java:logGet(46)) - raft.server.read.read-after-write-consistent.write-index-cache.expiry-time = 60s (default)
2024-01-08 22:37:34,931 [d358508b-f61b-4bbe-a39d-36a2c95b295d-groupManagement] INFO  server.RaftServerConfigKeys (ConfUtils.java:logGet(46)) - raft.server.rpc.request.timeout = 3000ms (default)
2024-01-08 22:37:34,932 [d358508b-f61b-4bbe-a39d-36a2c95b295d-groupManagement] INFO  server.RaftServerConfigKeys (ConfUtils.java:logGet(46)) - raft.server.log.appender.install.snapshot.enabled = false (custom)
2024-01-08 22:37:34,932 [d358508b-f61b-4bbe-a39d-36a2c95b295d-groupManagement] INFO  server.RaftServerConfigKeys (ConfUtils.java:logGet(46)) - raft.server.threadpool.server.cached = true (default)
2024-01-08 22:37:34,932 [d358508b-f61b-4bbe-a39d-36a2c95b295d-groupManagement] INFO  server.RaftServerConfigKeys (ConfUtils.java:logGet(46)) - raft.server.threadpool.server.size = 0 (default)
2024-01-08 22:37:34,932 [d358508b-f61b-4bbe-a39d-36a2c95b295d-groupManagement] INFO  server.RaftServerConfigKeys (ConfUtils.java:logGet(46)) - raft.server.threadpool.client.cached = true (default)
2024-01-08 22:37:34,932 [d358508b-f61b-4bbe-a39d-36a2c95b295d-groupManagement] INFO  server.RaftServerConfigKeys (ConfUtils.java:logGet(46)) - raft.server.threadpool.client.size = 0 (default)
2024-01-08 22:37:34,932 [d358508b-f61b-4bbe-a39d-36a2c95b295d-groupManagement] INFO  server.RaftServerConfigKeys (ConfUtils.java:logGet(46)) - raft.server.storage.free-space.min = 0MB (=0) (default)
2024-01-08 22:37:34,932 [d358508b-f61b-4bbe-a39d-36a2c95b295d-groupManagement] INFO  server.RaftServerConfigKeys (ConfUtils.java:logGet(46)) - raft.server.log.corruption.policy = EXCEPTION (default)
2024-01-08 22:37:34,932 [d358508b-f61b-4bbe-a39d-36a2c95b295d-groupManagement] INFO  server.RaftServerConfigKeys (ConfUtils.java:logGet(46)) - raft.server.storage.dir = [/home/runner/work/ozone/ozone/hadoop-ozone/integration-test/target/test-dir/MiniOzoneClusterImpl-c2c64c26-053e-4d1e-83e3-051e2bfa4916/datanode-3/data/ratis] (custom)
2024-01-08 22:37:34,932 [d358508b-f61b-4bbe-a39d-36a2c95b295d-groupManagement] INFO  storage.RaftStorageDirectory (RaftStorageDirectoryImpl.java:analyzeStorage(138)) - The storage directory /home/runner/work/ozone/ozone/hadoop-ozone/integration-test/target/test-dir/MiniOzoneClusterImpl-c2c64c26-053e-4d1e-83e3-051e2bfa4916/datanode-3/data/ratis/148942d0-cd53-4c0e-a309-4f9eebafe465 does not exist. Creating ...
2024-01-08 22:37:34,933 [d358508b-f61b-4bbe-a39d-36a2c95b295d-groupManagement] INFO  storage.RaftStorageDirectory (RaftStorageDirectoryImpl.java:tryLock(232)) - Lock on /home/runner/work/ozone/ozone/hadoop-ozone/integration-test/target/test-dir/MiniOzoneClusterImpl-c2c64c26-053e-4d1e-83e3-051e2bfa4916/datanode-3/data/ratis/148942d0-cd53-4c0e-a309-4f9eebafe465/in_use.lock acquired by nodename 83643@fv-az1425-465
2024-01-08 22:37:34,934 [d358508b-f61b-4bbe-a39d-36a2c95b295d-groupManagement] INFO  storage.RaftStorage (RaftStorageImpl.java:format(97)) - Storage directory /home/runner/work/ozone/ozone/hadoop-ozone/integration-test/target/test-dir/MiniOzoneClusterImpl-c2c64c26-053e-4d1e-83e3-051e2bfa4916/datanode-3/data/ratis/148942d0-cd53-4c0e-a309-4f9eebafe465 has been successfully formatted.
2024-01-08 22:37:34,934 [d358508b-f61b-4bbe-a39d-36a2c95b295d-groupManagement] INFO  ratis.ContainerStateMachine (ContainerStateMachine.java:loadSnapshot(287)) - group-4F9EEBAFE465: The snapshot info is null. Setting the last applied index to:(t:0, i:~)
2024-01-08 22:37:34,934 [d358508b-f61b-4bbe-a39d-36a2c95b295d-groupManagement] INFO  server.RaftServerConfigKeys (ConfUtils.java:logGet(46)) - raft.server.log.use.memory = false (default)
2024-01-08 22:37:34,935 [d358508b-f61b-4bbe-a39d-36a2c95b295d-groupManagement] INFO  server.RaftServerConfigKeys (ConfUtils.java:logGet(46)) - raft.server.log.purge.gap = 1000000 (custom)
2024-01-08 22:37:34,935 [d358508b-f61b-4bbe-a39d-36a2c95b295d-groupManagement] INFO  server.RaftServerConfigKeys (ConfUtils.java:logGet(46)) - raft.server.log.appender.buffer.byte-limit = 8388608 (custom)
2024-01-08 22:37:34,935 [d358508b-f61b-4bbe-a39d-36a2c95b295d-groupManagement] INFO  server.RaftServerConfigKeys (ConfUtils.java:logGet(46)) - raft.server.log.statemachine.data.read.timeout = 1000ms (default)
2024-01-08 22:37:34,935 [d358508b-f61b-4bbe-a39d-36a2c95b295d-groupManagement] INFO  server.RaftServerConfigKeys (ConfUtils.java:logGet(46)) - raft.server.log.purge.preservation.log.num = 0 (default)
2024-01-08 22:37:34,935 [EventQueue-PipelineReportForPipelineReportHandler] INFO  pipeline.PipelineReportHandler (PipelineReportHandler.java:processPipelineReport(136)) - Opened pipeline PipelineID=148942d0-cd53-4c0e-a309-4f9eebafe465
2024-01-08 22:37:34,936 [EventQueue-OpenPipelineForHealthyPipelineSafeModeRule] INFO  safemode.SCMSafeModeManager (HealthyPipelineSafeModeRule.java:process(140)) - SCM in safe mode. Healthy pipelines reported count is 0, required healthy pipeline reported count is 1
2024-01-08 22:37:34,936 [d358508b-f61b-4bbe-a39d-36a2c95b295d-groupManagement] INFO  server.RaftServerConfigKeys (ConfUtils.java:logGet(46)) - raft.server.log.segment.size.max = 67108864 (custom)
2024-01-08 22:37:34,936 [d358508b-f61b-4bbe-a39d-36a2c95b295d-groupManagement] INFO  server.RaftServerConfigKeys (ConfUtils.java:logGet(46)) - raft.server.log.segment.cache.num.max = 2 (custom)
2024-01-08 22:37:34,936 [d358508b-f61b-4bbe-a39d-36a2c95b295d-groupManagement] INFO  server.RaftServerConfigKeys (ConfUtils.java:logGet(46)) - raft.server.log.segment.cache.size.max = 200MB (=209715200) (default)
2024-01-08 22:37:34,936 [d358508b-f61b-4bbe-a39d-36a2c95b295d-groupManagement] INFO  server.RaftServerConfigKeys (ConfUtils.java:logGet(46)) - raft.server.log.appender.buffer.byte-limit = 8388608 (custom)
2024-01-08 22:37:34,936 [d358508b-f61b-4bbe-a39d-36a2c95b295d-groupManagement] INFO  util.AwaitToRun (AwaitToRun.java:start(81)) - Thread[d358508b-f61b-4bbe-a39d-36a2c95b295d@group-4F9EEBAFE465-cacheEviction-AwaitToRun,5,main] started
2024-01-08 22:37:34,936 [d358508b-f61b-4bbe-a39d-36a2c95b295d-groupManagement] INFO  segmented.SegmentedRaftLogWorker (SegmentedRaftLogWorker.java:<init>(184)) - new d358508b-f61b-4bbe-a39d-36a2c95b295d@group-4F9EEBAFE465-SegmentedRaftLogWorker for RaftStorageImpl:Storage Directory /home/runner/work/ozone/ozone/hadoop-ozone/integration-test/target/test-dir/MiniOzoneClusterImpl-c2c64c26-053e-4d1e-83e3-051e2bfa4916/datanode-3/data/ratis/148942d0-cd53-4c0e-a309-4f9eebafe465
2024-01-08 22:37:34,937 [d358508b-f61b-4bbe-a39d-36a2c95b295d-groupManagement] INFO  server.RaftServerConfigKeys (ConfUtils.java:logGet(46)) - raft.server.log.queue.byte-limit = 4294967296 (custom)
2024-01-08 22:37:34,937 [d358508b-f61b-4bbe-a39d-36a2c95b295d-groupManagement] INFO  server.RaftServerConfigKeys (ConfUtils.java:logGet(46)) - raft.server.log.queue.element-limit = 1024 (custom)
2024-01-08 22:37:34,937 [d358508b-f61b-4bbe-a39d-36a2c95b295d-groupManagement] INFO  server.RaftServerConfigKeys (ConfUtils.java:logGet(46)) - raft.server.log.segment.size.max = 67108864 (custom)
2024-01-08 22:37:34,937 [d358508b-f61b-4bbe-a39d-36a2c95b295d-groupManagement] INFO  server.RaftServerConfigKeys (ConfUtils.java:logGet(46)) - raft.server.log.preallocated.size = 4194304 (custom)
2024-01-08 22:37:34,937 [d358508b-f61b-4bbe-a39d-36a2c95b295d-groupManagement] INFO  server.RaftServerConfigKeys (ConfUtils.java:logGet(46)) - raft.server.log.force.sync.num = 128 (default)
2024-01-08 22:37:34,937 [d358508b-f61b-4bbe-a39d-36a2c95b295d-groupManagement] INFO  server.RaftServerConfigKeys (ConfUtils.java:logGet(46)) - raft.server.log.statemachine.data.sync = true (default)
2024-01-08 22:37:34,937 [d358508b-f61b-4bbe-a39d-36a2c95b295d-groupManagement] INFO  server.RaftServerConfigKeys (ConfUtils.java:logGet(46)) - raft.server.log.statemachine.data.sync.timeout = 10s (default)
2024-01-08 22:37:34,937 [d358508b-f61b-4bbe-a39d-36a2c95b295d-groupManagement] INFO  server.RaftServerConfigKeys (ConfUtils.java:logGet(46)) - raft.server.log.statemachine.data.sync.timeout.retry = 0 (custom)
2024-01-08 22:37:34,937 [d358508b-f61b-4bbe-a39d-36a2c95b295d-groupManagement] INFO  server.RaftServerConfigKeys (ConfUtils.java:logGet(46)) - raft.server.log.write.buffer.size = 8388616 (custom)
2024-01-08 22:37:34,939 [d358508b-f61b-4bbe-a39d-36a2c95b295d-groupManagement] INFO  server.RaftServerConfigKeys (ConfUtils.java:logGet(46)) - raft.server.log.appender.buffer.byte-limit = 8388608 (custom)
2024-01-08 22:37:34,939 [d358508b-f61b-4bbe-a39d-36a2c95b295d-groupManagement] INFO  server.RaftServerConfigKeys (ConfUtils.java:logGet(46)) - raft.server.log.unsafe-flush.enabled = false (default)
2024-01-08 22:37:34,939 [d358508b-f61b-4bbe-a39d-36a2c95b295d-groupManagement] INFO  server.RaftServerConfigKeys (ConfUtils.java:logGet(46)) - raft.server.log.async-flush.enabled = false (default)
2024-01-08 22:37:34,939 [d358508b-f61b-4bbe-a39d-36a2c95b295d-groupManagement] INFO  server.RaftServerConfigKeys (ConfUtils.java:logGet(46)) - raft.server.log.statemachine.data.caching.enabled = true (custom)
2024-01-08 22:37:34,940 [d358508b-f61b-4bbe-a39d-36a2c95b295d-groupManagement] INFO  segmented.SegmentedRaftLogWorker (SegmentedRaftLogWorker.java:lambda$new$0(135)) - d358508b-f61b-4bbe-a39d-36a2c95b295d@group-4F9EEBAFE465-SegmentedRaftLogWorker: flushIndex: setUnconditionally 0 -> -1
2024-01-08 22:37:34,940 [d358508b-f61b-4bbe-a39d-36a2c95b295d-groupManagement] INFO  segmented.SegmentedRaftLogWorker (SegmentedRaftLogWorker.java:lambda$new$0(135)) - d358508b-f61b-4bbe-a39d-36a2c95b295d@group-4F9EEBAFE465-SegmentedRaftLogWorker: safeCacheEvictIndex: setUnconditionally 0 -> -1
2024-01-08 22:37:34,940 [d358508b-f61b-4bbe-a39d-36a2c95b295d-groupManagement] INFO  server.RaftServer$Division (RaftServerImpl.java:start(392)) - d358508b-f61b-4bbe-a39d-36a2c95b295d@group-4F9EEBAFE465: start as a follower, conf=-1: peers:[d358508b-f61b-4bbe-a39d-36a2c95b295d|10.1.0.16:15397]|listeners:[], old=null
2024-01-08 22:37:34,940 [d358508b-f61b-4bbe-a39d-36a2c95b295d-groupManagement] INFO  server.RaftServer$Division (RaftServerImpl.java:setRole(379)) - d358508b-f61b-4bbe-a39d-36a2c95b295d@group-4F9EEBAFE465: changes role from      null to FOLLOWER at term 0 for startAsFollower
2024-01-08 22:37:34,940 [d358508b-f61b-4bbe-a39d-36a2c95b295d-groupManagement] INFO  impl.RoleInfo (RoleInfo.java:updateAndGet(139)) - d358508b-f61b-4bbe-a39d-36a2c95b295d: start d358508b-f61b-4bbe-a39d-36a2c95b295d@group-4F9EEBAFE465-FollowerState
2024-01-08 22:37:34,940 [d358508b-f61b-4bbe-a39d-36a2c95b295d@group-4F9EEBAFE465-FollowerState] INFO  server.RaftServerConfigKeys (ConfUtils.java:logFallback(53)) - raft.server.rpc.first-election.timeout.min = 5s (fallback to raft.server.rpc.timeout.min)
2024-01-08 22:37:34,940 [d358508b-f61b-4bbe-a39d-36a2c95b295d-groupManagement] INFO  util.JmxRegister (JmxRegister.java:tryRegister(44)) - Successfully registered JMX Bean with object name Ratis:service=RaftServer,group=group-4F9EEBAFE465,id=d358508b-f61b-4bbe-a39d-36a2c95b295d
2024-01-08 22:37:34,940 [d358508b-f61b-4bbe-a39d-36a2c95b295d@group-4F9EEBAFE465-FollowerState] INFO  server.RaftServerConfigKeys (ConfUtils.java:logFallback(53)) - raft.server.rpc.first-election.timeout.max = 5200ms (fallback to raft.server.rpc.timeout.max)
2024-01-08 22:37:34,940 [d358508b-f61b-4bbe-a39d-36a2c95b295d-groupManagement] INFO  server.RaftServerConfigKeys (ConfUtils.java:logGet(46)) - raft.server.snapshot.trigger-when-stop.enabled = true (default)
2024-01-08 22:37:34,940 [d358508b-f61b-4bbe-a39d-36a2c95b295d-groupManagement] INFO  server.RaftServerConfigKeys (ConfUtils.java:logGet(46)) - raft.server.snapshot.auto.trigger.enabled = true (custom)
2024-01-08 22:37:34,941 [d358508b-f61b-4bbe-a39d-36a2c95b295d-groupManagement] INFO  server.RaftServerConfigKeys (ConfUtils.java:logGet(46)) - raft.server.snapshot.auto.trigger.threshold = 10000 (custom)
2024-01-08 22:37:34,941 [d358508b-f61b-4bbe-a39d-36a2c95b295d-groupManagement] INFO  server.RaftServerConfigKeys (ConfUtils.java:logGet(46)) - raft.server.snapshot.retention.file.num = 5 (custom)
2024-01-08 22:37:34,941 [d358508b-f61b-4bbe-a39d-36a2c95b295d-groupManagement] INFO  server.RaftServerConfigKeys (ConfUtils.java:logGet(46)) - raft.server.log.purge.upto.snapshot.index = false (default)
2024-01-08 22:37:34,941 [d358508b-f61b-4bbe-a39d-36a2c95b295d-PipelineCommandHandlerThread-0] INFO  ratis.XceiverServerRatis (XceiverServerRatis.java:addGroup(842)) - Created group PipelineID=148942d0-cd53-4c0e-a309-4f9eebafe465
2024-01-08 22:37:34,941 [d358508b-f61b-4bbe-a39d-36a2c95b295d-PipelineCommandHandlerThread-0] INFO  commandhandler.CreatePipelineCommandHandler (CreatePipelineCommandHandler.java:lambda$handle$2(124)) - Created Pipeline RATIS ONE PipelineID=148942d0-cd53-4c0e-a309-4f9eebafe465.
2024-01-08 22:37:34,941 [d358508b-f61b-4bbe-a39d-36a2c95b295d-PipelineCommandHandlerThread-0] INFO  server.RaftServer (RaftServerProxy.java:addNew(100)) - d358508b-f61b-4bbe-a39d-36a2c95b295d: addNew group-2BAE2E41964B:[d358508b-f61b-4bbe-a39d-36a2c95b295d|10.1.0.16:15397, 3be0eefd-0f91-4043-b67b-b27b4ab908b0|10.1.0.16:15406, c15a1dbd-1c17-41f9-9118-60766ac127ad|10.1.0.16:15415] returns group-2BAE2E41964B:java.util.concurrent.CompletableFuture@5103d405[Not completed]
2024-01-08 22:37:34,942 [d358508b-f61b-4bbe-a39d-36a2c95b295d-groupManagement] INFO  server.RaftServer$Division (RaftServerImpl.java:<init>(256)) - d358508b-f61b-4bbe-a39d-36a2c95b295d: new RaftServerImpl for group-2BAE2E41964B:[d358508b-f61b-4bbe-a39d-36a2c95b295d|10.1.0.16:15397, 3be0eefd-0f91-4043-b67b-b27b4ab908b0|10.1.0.16:15406, c15a1dbd-1c17-41f9-9118-60766ac127ad|10.1.0.16:15415] with ContainerStateMachine:uninitialized
2024-01-08 22:37:34,942 [d358508b-f61b-4bbe-a39d-36a2c95b295d-groupManagement] INFO  server.RaftServerConfigKeys (ConfUtils.java:logGet(46)) - raft.server.rpc.timeout.min = 5s (custom)
2024-01-08 22:37:34,942 [d358508b-f61b-4bbe-a39d-36a2c95b295d-groupManagement] INFO  server.RaftServerConfigKeys (ConfUtils.java:logGet(46)) - raft.server.rpc.timeout.max = 5200ms (custom)
2024-01-08 22:37:34,942 [d358508b-f61b-4bbe-a39d-36a2c95b295d-groupManagement] INFO  server.RaftServerConfigKeys (ConfUtils.java:logGet(46)) - raft.server.rpc.sleep.time = 25ms (default)
2024-01-08 22:37:34,942 [d358508b-f61b-4bbe-a39d-36a2c95b295d-groupManagement] INFO  server.RaftServerConfigKeys (ConfUtils.java:logGet(46)) - raft.server.rpc.slowness.timeout = 300000ms (custom)
2024-01-08 22:37:34,942 [d358508b-f61b-4bbe-a39d-36a2c95b295d-groupManagement] INFO  server.RaftServerConfigKeys (ConfUtils.java:logGet(46)) - raft.server.leaderelection.leader.step-down.wait-time = 10s (default)
2024-01-08 22:37:34,942 [d358508b-f61b-4bbe-a39d-36a2c95b295d-groupManagement] INFO  server.RaftServerConfigKeys (ConfUtils.java:logGet(46)) - raft.server.leaderelection.member.majority-add = false (default)
2024-01-08 22:37:34,942 [d358508b-f61b-4bbe-a39d-36a2c95b295d-groupManagement] INFO  server.RaftServerConfigKeys (ConfUtils.java:logGet(46)) - raft.server.sleep.deviation.threshold = 300ms (default)
2024-01-08 22:37:34,942 [d358508b-f61b-4bbe-a39d-36a2c95b295d-groupManagement] INFO  server.RaftServer$Division (ServerState.java:<init>(113)) - d358508b-f61b-4bbe-a39d-36a2c95b295d@group-2BAE2E41964B: ConfigurationManager, init=-1: peers:[d358508b-f61b-4bbe-a39d-36a2c95b295d|10.1.0.16:15397, 3be0eefd-0f91-4043-b67b-b27b4ab908b0|10.1.0.16:15406, c15a1dbd-1c17-41f9-9118-60766ac127ad|10.1.0.16:15415]|listeners:[], old=null, confs=<EMPTY_MAP>
2024-01-08 22:37:34,942 [d358508b-f61b-4bbe-a39d-36a2c95b295d-groupManagement] INFO  server.RaftServerConfigKeys (ConfUtils.java:logGet(46)) - raft.server.notification.no-leader.timeout = 300000ms (custom)
2024-01-08 22:37:34,942 [d358508b-f61b-4bbe-a39d-36a2c95b295d-groupManagement] INFO  server.RaftServerConfigKeys (ConfUtils.java:logGet(46)) - raft.server.read.timeout = 10s (default)
2024-01-08 22:37:34,942 [d358508b-f61b-4bbe-a39d-36a2c95b295d-groupManagement] INFO  server.RaftServerConfigKeys (ConfUtils.java:logGet(46)) - raft.server.retrycache.expirytime = 600000ms (custom)
2024-01-08 22:37:34,942 [d358508b-f61b-4bbe-a39d-36a2c95b295d-groupManagement] INFO  server.RaftServerConfigKeys (ConfUtils.java:logGet(46)) - raft.server.retrycache.statistics.expirytime = 100ms (default)
2024-01-08 22:37:34,943 [d358508b-f61b-4bbe-a39d-36a2c95b295d-groupManagement] INFO  server.RaftServerConfigKeys (ConfUtils.java:logGet(46)) - raft.server.read.option = DEFAULT (default)
2024-01-08 22:37:34,943 [d358508b-f61b-4bbe-a39d-36a2c95b295d-groupManagement] INFO  server.RaftServerConfigKeys (ConfUtils.java:logGet(46)) - raft.server.read.read-after-write-consistent.write-index-cache.expiry-time = 60s (default)
2024-01-08 22:37:34,944 [d358508b-f61b-4bbe-a39d-36a2c95b295d-groupManagement] INFO  server.RaftServerConfigKeys (ConfUtils.java:logGet(46)) - raft.server.rpc.request.timeout = 3000ms (default)
2024-01-08 22:37:34,944 [d358508b-f61b-4bbe-a39d-36a2c95b295d-groupManagement] INFO  server.RaftServerConfigKeys (ConfUtils.java:logGet(46)) - raft.server.log.appender.install.snapshot.enabled = false (custom)
2024-01-08 22:37:34,944 [d358508b-f61b-4bbe-a39d-36a2c95b295d-groupManagement] INFO  server.RaftServerConfigKeys (ConfUtils.java:logGet(46)) - raft.server.threadpool.server.cached = true (default)
2024-01-08 22:37:34,944 [d358508b-f61b-4bbe-a39d-36a2c95b295d-groupManagement] INFO  server.RaftServerConfigKeys (ConfUtils.java:logGet(46)) - raft.server.threadpool.server.size = 0 (default)
2024-01-08 22:37:34,944 [d358508b-f61b-4bbe-a39d-36a2c95b295d-groupManagement] INFO  server.RaftServerConfigKeys (ConfUtils.java:logGet(46)) - raft.server.threadpool.client.cached = true (default)
2024-01-08 22:37:34,944 [d358508b-f61b-4bbe-a39d-36a2c95b295d-groupManagement] INFO  server.RaftServerConfigKeys (ConfUtils.java:logGet(46)) - raft.server.threadpool.client.size = 0 (default)
2024-01-08 22:37:34,944 [d358508b-f61b-4bbe-a39d-36a2c95b295d-groupManagement] INFO  server.RaftServerConfigKeys (ConfUtils.java:logGet(46)) - raft.server.storage.free-space.min = 0MB (=0) (default)
2024-01-08 22:37:34,945 [d358508b-f61b-4bbe-a39d-36a2c95b295d-groupManagement] INFO  server.RaftServerConfigKeys (ConfUtils.java:logGet(46)) - raft.server.log.corruption.policy = EXCEPTION (default)
2024-01-08 22:37:34,945 [d358508b-f61b-4bbe-a39d-36a2c95b295d-groupManagement] INFO  server.RaftServerConfigKeys (ConfUtils.java:logGet(46)) - raft.server.storage.dir = [/home/runner/work/ozone/ozone/hadoop-ozone/integration-test/target/test-dir/MiniOzoneClusterImpl-c2c64c26-053e-4d1e-83e3-051e2bfa4916/datanode-3/data/ratis] (custom)
2024-01-08 22:37:34,945 [d358508b-f61b-4bbe-a39d-36a2c95b295d-groupManagement] INFO  storage.RaftStorageDirectory (RaftStorageDirectoryImpl.java:analyzeStorage(138)) - The storage directory /home/runner/work/ozone/ozone/hadoop-ozone/integration-test/target/test-dir/MiniOzoneClusterImpl-c2c64c26-053e-4d1e-83e3-051e2bfa4916/datanode-3/data/ratis/c748593b-2d19-406a-b3af-2bae2e41964b does not exist. Creating ...
2024-01-08 22:37:34,946 [d358508b-f61b-4bbe-a39d-36a2c95b295d-groupManagement] INFO  storage.RaftStorageDirectory (RaftStorageDirectoryImpl.java:tryLock(232)) - Lock on /home/runner/work/ozone/ozone/hadoop-ozone/integration-test/target/test-dir/MiniOzoneClusterImpl-c2c64c26-053e-4d1e-83e3-051e2bfa4916/datanode-3/data/ratis/c748593b-2d19-406a-b3af-2bae2e41964b/in_use.lock acquired by nodename 83643@fv-az1425-465
2024-01-08 22:37:34,946 [d358508b-f61b-4bbe-a39d-36a2c95b295d-groupManagement] INFO  storage.RaftStorage (RaftStorageImpl.java:format(97)) - Storage directory /home/runner/work/ozone/ozone/hadoop-ozone/integration-test/target/test-dir/MiniOzoneClusterImpl-c2c64c26-053e-4d1e-83e3-051e2bfa4916/datanode-3/data/ratis/c748593b-2d19-406a-b3af-2bae2e41964b has been successfully formatted.
2024-01-08 22:37:34,947 [d358508b-f61b-4bbe-a39d-36a2c95b295d-groupManagement] INFO  ratis.ContainerStateMachine (ContainerStateMachine.java:loadSnapshot(287)) - group-2BAE2E41964B: The snapshot info is null. Setting the last applied index to:(t:0, i:~)
2024-01-08 22:37:34,947 [d358508b-f61b-4bbe-a39d-36a2c95b295d-groupManagement] INFO  server.RaftServerConfigKeys (ConfUtils.java:logGet(46)) - raft.server.log.use.memory = false (default)
2024-01-08 22:37:34,947 [d358508b-f61b-4bbe-a39d-36a2c95b295d-groupManagement] INFO  server.RaftServerConfigKeys (ConfUtils.java:logGet(46)) - raft.server.log.purge.gap = 1000000 (custom)
2024-01-08 22:37:34,947 [d358508b-f61b-4bbe-a39d-36a2c95b295d-groupManagement] INFO  server.RaftServerConfigKeys (ConfUtils.java:logGet(46)) - raft.server.log.appender.buffer.byte-limit = 8388608 (custom)
2024-01-08 22:37:34,947 [d358508b-f61b-4bbe-a39d-36a2c95b295d-groupManagement] INFO  server.RaftServerConfigKeys (ConfUtils.java:logGet(46)) - raft.server.log.statemachine.data.read.timeout = 1000ms (default)
2024-01-08 22:37:34,947 [d358508b-f61b-4bbe-a39d-36a2c95b295d-groupManagement] INFO  server.RaftServerConfigKeys (ConfUtils.java:logGet(46)) - raft.server.log.purge.preservation.log.num = 0 (default)
2024-01-08 22:37:34,947 [EventQueue-OpenPipelineForHealthyPipelineSafeModeRule] INFO  safemode.SCMSafeModeManager (HealthyPipelineSafeModeRule.java:process(140)) - SCM in safe mode. Healthy pipelines reported count is 0, required healthy pipeline reported count is 1
2024-01-08 22:37:34,948 [d358508b-f61b-4bbe-a39d-36a2c95b295d-groupManagement] INFO  server.RaftServerConfigKeys (ConfUtils.java:logGet(46)) - raft.server.log.segment.size.max = 67108864 (custom)
2024-01-08 22:37:34,949 [d358508b-f61b-4bbe-a39d-36a2c95b295d-groupManagement] INFO  server.RaftServerConfigKeys (ConfUtils.java:logGet(46)) - raft.server.log.segment.cache.num.max = 2 (custom)
2024-01-08 22:37:34,949 [d358508b-f61b-4bbe-a39d-36a2c95b295d-groupManagement] INFO  server.RaftServerConfigKeys (ConfUtils.java:logGet(46)) - raft.server.log.segment.cache.size.max = 200MB (=209715200) (default)
2024-01-08 22:37:34,949 [d358508b-f61b-4bbe-a39d-36a2c95b295d-groupManagement] INFO  server.RaftServerConfigKeys (ConfUtils.java:logGet(46)) - raft.server.log.appender.buffer.byte-limit = 8388608 (custom)
2024-01-08 22:37:34,949 [d358508b-f61b-4bbe-a39d-36a2c95b295d-groupManagement] INFO  util.AwaitToRun (AwaitToRun.java:start(81)) - Thread[d358508b-f61b-4bbe-a39d-36a2c95b295d@group-2BAE2E41964B-cacheEviction-AwaitToRun,5,main] started
2024-01-08 22:37:34,949 [d358508b-f61b-4bbe-a39d-36a2c95b295d-groupManagement] INFO  segmented.SegmentedRaftLogWorker (SegmentedRaftLogWorker.java:<init>(184)) - new d358508b-f61b-4bbe-a39d-36a2c95b295d@group-2BAE2E41964B-SegmentedRaftLogWorker for RaftStorageImpl:Storage Directory /home/runner/work/ozone/ozone/hadoop-ozone/integration-test/target/test-dir/MiniOzoneClusterImpl-c2c64c26-053e-4d1e-83e3-051e2bfa4916/datanode-3/data/ratis/c748593b-2d19-406a-b3af-2bae2e41964b
2024-01-08 22:37:34,949 [d358508b-f61b-4bbe-a39d-36a2c95b295d-groupManagement] INFO  server.RaftServerConfigKeys (ConfUtils.java:logGet(46)) - raft.server.log.queue.byte-limit = 4294967296 (custom)
2024-01-08 22:37:34,949 [d358508b-f61b-4bbe-a39d-36a2c95b295d-groupManagement] INFO  server.RaftServerConfigKeys (ConfUtils.java:logGet(46)) - raft.server.log.queue.element-limit = 1024 (custom)
2024-01-08 22:37:34,949 [d358508b-f61b-4bbe-a39d-36a2c95b295d-groupManagement] INFO  server.RaftServerConfigKeys (ConfUtils.java:logGet(46)) - raft.server.log.segment.size.max = 67108864 (custom)
2024-01-08 22:37:34,949 [d358508b-f61b-4bbe-a39d-36a2c95b295d-groupManagement] INFO  server.RaftServerConfigKeys (ConfUtils.java:logGet(46)) - raft.server.log.preallocated.size = 4194304 (custom)
2024-01-08 22:37:34,949 [d358508b-f61b-4bbe-a39d-36a2c95b295d-groupManagement] INFO  server.RaftServerConfigKeys (ConfUtils.java:logGet(46)) - raft.server.log.force.sync.num = 128 (default)
2024-01-08 22:37:34,949 [d358508b-f61b-4bbe-a39d-36a2c95b295d-groupManagement] INFO  server.RaftServerConfigKeys (ConfUtils.java:logGet(46)) - raft.server.log.statemachine.data.sync = true (default)
2024-01-08 22:37:34,949 [d358508b-f61b-4bbe-a39d-36a2c95b295d-groupManagement] INFO  server.RaftServerConfigKeys (ConfUtils.java:logGet(46)) - raft.server.log.statemachine.data.sync.timeout = 10s (default)
2024-01-08 22:37:34,949 [d358508b-f61b-4bbe-a39d-36a2c95b295d-groupManagement] INFO  server.RaftServerConfigKeys (ConfUtils.java:logGet(46)) - raft.server.log.statemachine.data.sync.timeout.retry = 0 (custom)
2024-01-08 22:37:34,950 [d358508b-f61b-4bbe-a39d-36a2c95b295d-groupManagement] INFO  server.RaftServerConfigKeys (ConfUtils.java:logGet(46)) - raft.server.log.write.buffer.size = 8388616 (custom)
2024-01-08 22:37:34,951 [d358508b-f61b-4bbe-a39d-36a2c95b295d-groupManagement] INFO  server.RaftServerConfigKeys (ConfUtils.java:logGet(46)) - raft.server.log.appender.buffer.byte-limit = 8388608 (custom)
2024-01-08 22:37:34,951 [d358508b-f61b-4bbe-a39d-36a2c95b295d-groupManagement] INFO  server.RaftServerConfigKeys (ConfUtils.java:logGet(46)) - raft.server.log.unsafe-flush.enabled = false (default)
2024-01-08 22:37:34,951 [d358508b-f61b-4bbe-a39d-36a2c95b295d-groupManagement] INFO  server.RaftServerConfigKeys (ConfUtils.java:logGet(46)) - raft.server.log.async-flush.enabled = false (default)
2024-01-08 22:37:34,951 [d358508b-f61b-4bbe-a39d-36a2c95b295d-groupManagement] INFO  server.RaftServerConfigKeys (ConfUtils.java:logGet(46)) - raft.server.log.statemachine.data.caching.enabled = true (custom)
2024-01-08 22:37:34,952 [d358508b-f61b-4bbe-a39d-36a2c95b295d-groupManagement] INFO  segmented.SegmentedRaftLogWorker (SegmentedRaftLogWorker.java:lambda$new$0(135)) - d358508b-f61b-4bbe-a39d-36a2c95b295d@group-2BAE2E41964B-SegmentedRaftLogWorker: flushIndex: setUnconditionally 0 -> -1
2024-01-08 22:37:34,952 [d358508b-f61b-4bbe-a39d-36a2c95b295d-groupManagement] INFO  segmented.SegmentedRaftLogWorker (SegmentedRaftLogWorker.java:lambda$new$0(135)) - d358508b-f61b-4bbe-a39d-36a2c95b295d@group-2BAE2E41964B-SegmentedRaftLogWorker: safeCacheEvictIndex: setUnconditionally 0 -> -1
2024-01-08 22:37:34,952 [d358508b-f61b-4bbe-a39d-36a2c95b295d-groupManagement] INFO  server.RaftServer$Division (RaftServerImpl.java:start(392)) - d358508b-f61b-4bbe-a39d-36a2c95b295d@group-2BAE2E41964B: start as a follower, conf=-1: peers:[d358508b-f61b-4bbe-a39d-36a2c95b295d|10.1.0.16:15397, 3be0eefd-0f91-4043-b67b-b27b4ab908b0|10.1.0.16:15406, c15a1dbd-1c17-41f9-9118-60766ac127ad|10.1.0.16:15415]|listeners:[], old=null
2024-01-08 22:37:34,952 [d358508b-f61b-4bbe-a39d-36a2c95b295d-groupManagement] INFO  server.RaftServer$Division (RaftServerImpl.java:setRole(379)) - d358508b-f61b-4bbe-a39d-36a2c95b295d@group-2BAE2E41964B: changes role from      null to FOLLOWER at term 0 for startAsFollower
2024-01-08 22:37:34,952 [d358508b-f61b-4bbe-a39d-36a2c95b295d-groupManagement] INFO  impl.RoleInfo (RoleInfo.java:updateAndGet(139)) - d358508b-f61b-4bbe-a39d-36a2c95b295d: start d358508b-f61b-4bbe-a39d-36a2c95b295d@group-2BAE2E41964B-FollowerState
2024-01-08 22:37:34,952 [d358508b-f61b-4bbe-a39d-36a2c95b295d-groupManagement] INFO  util.JmxRegister (JmxRegister.java:tryRegister(44)) - Successfully registered JMX Bean with object name Ratis:service=RaftServer,group=group-2BAE2E41964B,id=d358508b-f61b-4bbe-a39d-36a2c95b295d
2024-01-08 22:37:34,952 [d358508b-f61b-4bbe-a39d-36a2c95b295d-groupManagement] INFO  server.RaftServerConfigKeys (ConfUtils.java:logGet(46)) - raft.server.snapshot.trigger-when-stop.enabled = true (default)
2024-01-08 22:37:34,952 [d358508b-f61b-4bbe-a39d-36a2c95b295d-groupManagement] INFO  server.RaftServerConfigKeys (ConfUtils.java:logGet(46)) - raft.server.snapshot.auto.trigger.enabled = true (custom)
2024-01-08 22:37:34,952 [d358508b-f61b-4bbe-a39d-36a2c95b295d-groupManagement] INFO  server.RaftServerConfigKeys (ConfUtils.java:logGet(46)) - raft.server.snapshot.auto.trigger.threshold = 10000 (custom)
2024-01-08 22:37:34,952 [d358508b-f61b-4bbe-a39d-36a2c95b295d-groupManagement] INFO  server.RaftServerConfigKeys (ConfUtils.java:logGet(46)) - raft.server.snapshot.retention.file.num = 5 (custom)
2024-01-08 22:37:34,952 [d358508b-f61b-4bbe-a39d-36a2c95b295d-groupManagement] INFO  server.RaftServerConfigKeys (ConfUtils.java:logGet(46)) - raft.server.log.purge.upto.snapshot.index = false (default)
2024-01-08 22:37:34,953 [d358508b-f61b-4bbe-a39d-36a2c95b295d-PipelineCommandHandlerThread-0] INFO  ratis.XceiverServerRatis (XceiverServerRatis.java:addGroup(842)) - Created group PipelineID=c748593b-2d19-406a-b3af-2bae2e41964b
2024-01-08 22:37:34,954 [d358508b-f61b-4bbe-a39d-36a2c95b295d@group-2BAE2E41964B-FollowerState] INFO  server.RaftServerConfigKeys (ConfUtils.java:logFallback(53)) - raft.server.rpc.first-election.timeout.min = 5s (fallback to raft.server.rpc.timeout.min)
2024-01-08 22:37:34,954 [d358508b-f61b-4bbe-a39d-36a2c95b295d@group-2BAE2E41964B-FollowerState] INFO  server.RaftServerConfigKeys (ConfUtils.java:logFallback(53)) - raft.server.rpc.first-election.timeout.max = 5200ms (fallback to raft.server.rpc.timeout.max)
2024-01-08 22:37:34,958 [grpc-default-executor-2] INFO  server.RaftServer (RaftServerProxy.java:addNew(100)) - c15a1dbd-1c17-41f9-9118-60766ac127ad: addNew group-2BAE2E41964B:[d358508b-f61b-4bbe-a39d-36a2c95b295d|10.1.0.16:15397, 3be0eefd-0f91-4043-b67b-b27b4ab908b0|10.1.0.16:15406, c15a1dbd-1c17-41f9-9118-60766ac127ad|10.1.0.16:15415] returns group-2BAE2E41964B:java.util.concurrent.CompletableFuture@6bd3856b[Not completed]
2024-01-08 22:37:34,959 [c15a1dbd-1c17-41f9-9118-60766ac127ad-groupManagement] INFO  server.RaftServer$Division (RaftServerImpl.java:<init>(256)) - c15a1dbd-1c17-41f9-9118-60766ac127ad: new RaftServerImpl for group-2BAE2E41964B:[d358508b-f61b-4bbe-a39d-36a2c95b295d|10.1.0.16:15397, 3be0eefd-0f91-4043-b67b-b27b4ab908b0|10.1.0.16:15406, c15a1dbd-1c17-41f9-9118-60766ac127ad|10.1.0.16:15415] with ContainerStateMachine:uninitialized
2024-01-08 22:37:34,959 [c15a1dbd-1c17-41f9-9118-60766ac127ad-groupManagement] INFO  server.RaftServerConfigKeys (ConfUtils.java:logGet(46)) - raft.server.rpc.timeout.min = 5s (custom)
2024-01-08 22:37:34,959 [c15a1dbd-1c17-41f9-9118-60766ac127ad-groupManagement] INFO  server.RaftServerConfigKeys (ConfUtils.java:logGet(46)) - raft.server.rpc.timeout.max = 5200ms (custom)
2024-01-08 22:37:34,959 [c15a1dbd-1c17-41f9-9118-60766ac127ad-groupManagement] INFO  server.RaftServerConfigKeys (ConfUtils.java:logGet(46)) - raft.server.rpc.sleep.time = 25ms (default)
2024-01-08 22:37:34,959 [c15a1dbd-1c17-41f9-9118-60766ac127ad-groupManagement] INFO  server.RaftServerConfigKeys (ConfUtils.java:logGet(46)) - raft.server.rpc.slowness.timeout = 300000ms (custom)
2024-01-08 22:37:34,959 [c15a1dbd-1c17-41f9-9118-60766ac127ad-groupManagement] INFO  server.RaftServerConfigKeys (ConfUtils.java:logGet(46)) - raft.server.leaderelection.leader.step-down.wait-time = 10s (default)
2024-01-08 22:37:34,959 [c15a1dbd-1c17-41f9-9118-60766ac127ad-groupManagement] INFO  server.RaftServerConfigKeys (ConfUtils.java:logGet(46)) - raft.server.leaderelection.member.majority-add = false (default)
2024-01-08 22:37:34,959 [c15a1dbd-1c17-41f9-9118-60766ac127ad-groupManagement] INFO  server.RaftServerConfigKeys (ConfUtils.java:logGet(46)) - raft.server.sleep.deviation.threshold = 300ms (default)
2024-01-08 22:37:34,959 [c15a1dbd-1c17-41f9-9118-60766ac127ad-groupManagement] INFO  server.RaftServer$Division (ServerState.java:<init>(113)) - c15a1dbd-1c17-41f9-9118-60766ac127ad@group-2BAE2E41964B: ConfigurationManager, init=-1: peers:[d358508b-f61b-4bbe-a39d-36a2c95b295d|10.1.0.16:15397, 3be0eefd-0f91-4043-b67b-b27b4ab908b0|10.1.0.16:15406, c15a1dbd-1c17-41f9-9118-60766ac127ad|10.1.0.16:15415]|listeners:[], old=null, confs=<EMPTY_MAP>
2024-01-08 22:37:34,959 [c15a1dbd-1c17-41f9-9118-60766ac127ad-groupManagement] INFO  server.RaftServerConfigKeys (ConfUtils.java:logGet(46)) - raft.server.notification.no-leader.timeout = 300000ms (custom)
2024-01-08 22:37:34,959 [c15a1dbd-1c17-41f9-9118-60766ac127ad-groupManagement] INFO  server.RaftServerConfigKeys (ConfUtils.java:logGet(46)) - raft.server.read.timeout = 10s (default)
2024-01-08 22:37:34,959 [c15a1dbd-1c17-41f9-9118-60766ac127ad-groupManagement] INFO  server.RaftServerConfigKeys (ConfUtils.java:logGet(46)) - raft.server.retrycache.expirytime = 600000ms (custom)
2024-01-08 22:37:34,959 [c15a1dbd-1c17-41f9-9118-60766ac127ad-groupManagement] INFO  server.RaftServerConfigKeys (ConfUtils.java:logGet(46)) - raft.server.retrycache.statistics.expirytime = 100ms (default)
2024-01-08 22:37:34,959 [c15a1dbd-1c17-41f9-9118-60766ac127ad-groupManagement] INFO  server.RaftServerConfigKeys (ConfUtils.java:logGet(46)) - raft.server.read.option = DEFAULT (default)
2024-01-08 22:37:34,959 [c15a1dbd-1c17-41f9-9118-60766ac127ad-groupManagement] INFO  server.RaftServerConfigKeys (ConfUtils.java:logGet(46)) - raft.server.read.read-after-write-consistent.write-index-cache.expiry-time = 60s (default)
2024-01-08 22:37:34,961 [c15a1dbd-1c17-41f9-9118-60766ac127ad-groupManagement] INFO  server.RaftServerConfigKeys (ConfUtils.java:logGet(46)) - raft.server.rpc.request.timeout = 3000ms (default)
2024-01-08 22:37:34,961 [c15a1dbd-1c17-41f9-9118-60766ac127ad-groupManagement] INFO  server.RaftServerConfigKeys (ConfUtils.java:logGet(46)) - raft.server.log.appender.install.snapshot.enabled = false (custom)
2024-01-08 22:37:34,961 [c15a1dbd-1c17-41f9-9118-60766ac127ad-groupManagement] INFO  server.RaftServerConfigKeys (ConfUtils.java:logGet(46)) - raft.server.threadpool.server.cached = true (default)
2024-01-08 22:37:34,961 [c15a1dbd-1c17-41f9-9118-60766ac127ad-groupManagement] INFO  server.RaftServerConfigKeys (ConfUtils.java:logGet(46)) - raft.server.threadpool.server.size = 0 (default)
2024-01-08 22:37:34,961 [c15a1dbd-1c17-41f9-9118-60766ac127ad-groupManagement] INFO  server.RaftServerConfigKeys (ConfUtils.java:logGet(46)) - raft.server.threadpool.client.cached = true (default)
2024-01-08 22:37:34,961 [c15a1dbd-1c17-41f9-9118-60766ac127ad-groupManagement] INFO  server.RaftServerConfigKeys (ConfUtils.java:logGet(46)) - raft.server.threadpool.client.size = 0 (default)
2024-01-08 22:37:34,961 [c15a1dbd-1c17-41f9-9118-60766ac127ad-groupManagement] INFO  server.RaftServerConfigKeys (ConfUtils.java:logGet(46)) - raft.server.storage.free-space.min = 0MB (=0) (default)
2024-01-08 22:37:34,961 [c15a1dbd-1c17-41f9-9118-60766ac127ad-groupManagement] INFO  server.RaftServerConfigKeys (ConfUtils.java:logGet(46)) - raft.server.log.corruption.policy = EXCEPTION (default)
2024-01-08 22:37:34,961 [c15a1dbd-1c17-41f9-9118-60766ac127ad-groupManagement] INFO  server.RaftServerConfigKeys (ConfUtils.java:logGet(46)) - raft.server.storage.dir = [/home/runner/work/ozone/ozone/hadoop-ozone/integration-test/target/test-dir/MiniOzoneClusterImpl-c2c64c26-053e-4d1e-83e3-051e2bfa4916/datanode-5/data/ratis] (custom)
2024-01-08 22:37:34,961 [c15a1dbd-1c17-41f9-9118-60766ac127ad-groupManagement] INFO  storage.RaftStorageDirectory (RaftStorageDirectoryImpl.java:analyzeStorage(138)) - The storage directory /home/runner/work/ozone/ozone/hadoop-ozone/integration-test/target/test-dir/MiniOzoneClusterImpl-c2c64c26-053e-4d1e-83e3-051e2bfa4916/datanode-5/data/ratis/c748593b-2d19-406a-b3af-2bae2e41964b does not exist. Creating ...
2024-01-08 22:37:34,962 [c15a1dbd-1c17-41f9-9118-60766ac127ad-groupManagement] INFO  storage.RaftStorageDirectory (RaftStorageDirectoryImpl.java:tryLock(232)) - Lock on /home/runner/work/ozone/ozone/hadoop-ozone/integration-test/target/test-dir/MiniOzoneClusterImpl-c2c64c26-053e-4d1e-83e3-051e2bfa4916/datanode-5/data/ratis/c748593b-2d19-406a-b3af-2bae2e41964b/in_use.lock acquired by nodename 83643@fv-az1425-465
2024-01-08 22:37:34,963 [c15a1dbd-1c17-41f9-9118-60766ac127ad-groupManagement] INFO  storage.RaftStorage (RaftStorageImpl.java:format(97)) - Storage directory /home/runner/work/ozone/ozone/hadoop-ozone/integration-test/target/test-dir/MiniOzoneClusterImpl-c2c64c26-053e-4d1e-83e3-051e2bfa4916/datanode-5/data/ratis/c748593b-2d19-406a-b3af-2bae2e41964b has been successfully formatted.
2024-01-08 22:37:34,964 [c15a1dbd-1c17-41f9-9118-60766ac127ad-groupManagement] INFO  ratis.ContainerStateMachine (ContainerStateMachine.java:loadSnapshot(287)) - group-2BAE2E41964B: The snapshot info is null. Setting the last applied index to:(t:0, i:~)
2024-01-08 22:37:34,964 [c15a1dbd-1c17-41f9-9118-60766ac127ad-groupManagement] INFO  server.RaftServerConfigKeys (ConfUtils.java:logGet(46)) - raft.server.log.use.memory = false (default)
2024-01-08 22:37:34,964 [c15a1dbd-1c17-41f9-9118-60766ac127ad-groupManagement] INFO  server.RaftServerConfigKeys (ConfUtils.java:logGet(46)) - raft.server.log.purge.gap = 1000000 (custom)
2024-01-08 22:37:34,964 [c15a1dbd-1c17-41f9-9118-60766ac127ad-groupManagement] INFO  server.RaftServerConfigKeys (ConfUtils.java:logGet(46)) - raft.server.log.appender.buffer.byte-limit = 8388608 (custom)
2024-01-08 22:37:34,964 [c15a1dbd-1c17-41f9-9118-60766ac127ad-groupManagement] INFO  server.RaftServerConfigKeys (ConfUtils.java:logGet(46)) - raft.server.log.statemachine.data.read.timeout = 1000ms (default)
2024-01-08 22:37:34,964 [c15a1dbd-1c17-41f9-9118-60766ac127ad-groupManagement] INFO  server.RaftServerConfigKeys (ConfUtils.java:logGet(46)) - raft.server.log.purge.preservation.log.num = 0 (default)
2024-01-08 22:37:34,965 [c15a1dbd-1c17-41f9-9118-60766ac127ad-groupManagement] INFO  server.RaftServerConfigKeys (ConfUtils.java:logGet(46)) - raft.server.log.segment.size.max = 67108864 (custom)
2024-01-08 22:37:34,965 [c15a1dbd-1c17-41f9-9118-60766ac127ad-groupManagement] INFO  server.RaftServerConfigKeys (ConfUtils.java:logGet(46)) - raft.server.log.segment.cache.num.max = 2 (custom)
2024-01-08 22:37:34,965 [c15a1dbd-1c17-41f9-9118-60766ac127ad-groupManagement] INFO  server.RaftServerConfigKeys (ConfUtils.java:logGet(46)) - raft.server.log.segment.cache.size.max = 200MB (=209715200) (default)
2024-01-08 22:37:34,965 [c15a1dbd-1c17-41f9-9118-60766ac127ad-groupManagement] INFO  server.RaftServerConfigKeys (ConfUtils.java:logGet(46)) - raft.server.log.appender.buffer.byte-limit = 8388608 (custom)
2024-01-08 22:37:34,965 [c15a1dbd-1c17-41f9-9118-60766ac127ad-groupManagement] INFO  util.AwaitToRun (AwaitToRun.java:start(81)) - Thread[c15a1dbd-1c17-41f9-9118-60766ac127ad@group-2BAE2E41964B-cacheEviction-AwaitToRun,5,main] started
2024-01-08 22:37:34,965 [c15a1dbd-1c17-41f9-9118-60766ac127ad-groupManagement] INFO  segmented.SegmentedRaftLogWorker (SegmentedRaftLogWorker.java:<init>(184)) - new c15a1dbd-1c17-41f9-9118-60766ac127ad@group-2BAE2E41964B-SegmentedRaftLogWorker for RaftStorageImpl:Storage Directory /home/runner/work/ozone/ozone/hadoop-ozone/integration-test/target/test-dir/MiniOzoneClusterImpl-c2c64c26-053e-4d1e-83e3-051e2bfa4916/datanode-5/data/ratis/c748593b-2d19-406a-b3af-2bae2e41964b
2024-01-08 22:37:34,966 [c15a1dbd-1c17-41f9-9118-60766ac127ad-groupManagement] INFO  server.RaftServerConfigKeys (ConfUtils.java:logGet(46)) - raft.server.log.queue.byte-limit = 4294967296 (custom)
2024-01-08 22:37:34,966 [c15a1dbd-1c17-41f9-9118-60766ac127ad-groupManagement] INFO  server.RaftServerConfigKeys (ConfUtils.java:logGet(46)) - raft.server.log.queue.element-limit = 1024 (custom)
2024-01-08 22:37:34,966 [c15a1dbd-1c17-41f9-9118-60766ac127ad-groupManagement] INFO  server.RaftServerConfigKeys (ConfUtils.java:logGet(46)) - raft.server.log.segment.size.max = 67108864 (custom)
2024-01-08 22:37:34,966 [c15a1dbd-1c17-41f9-9118-60766ac127ad-groupManagement] INFO  server.RaftServerConfigKeys (ConfUtils.java:logGet(46)) - raft.server.log.preallocated.size = 4194304 (custom)
2024-01-08 22:37:34,966 [c15a1dbd-1c17-41f9-9118-60766ac127ad-groupManagement] INFO  server.RaftServerConfigKeys (ConfUtils.java:logGet(46)) - raft.server.log.force.sync.num = 128 (default)
2024-01-08 22:37:34,966 [c15a1dbd-1c17-41f9-9118-60766ac127ad-groupManagement] INFO  server.RaftServerConfigKeys (ConfUtils.java:logGet(46)) - raft.server.log.statemachine.data.sync = true (default)
2024-01-08 22:37:34,966 [c15a1dbd-1c17-41f9-9118-60766ac127ad-groupManagement] INFO  server.RaftServerConfigKeys (ConfUtils.java:logGet(46)) - raft.server.log.statemachine.data.sync.timeout = 10s (default)
2024-01-08 22:37:34,966 [c15a1dbd-1c17-41f9-9118-60766ac127ad-groupManagement] INFO  server.RaftServerConfigKeys (ConfUtils.java:logGet(46)) - raft.server.log.statemachine.data.sync.timeout.retry = 0 (custom)
2024-01-08 22:37:34,966 [c15a1dbd-1c17-41f9-9118-60766ac127ad-groupManagement] INFO  server.RaftServerConfigKeys (ConfUtils.java:logGet(46)) - raft.server.log.write.buffer.size = 8388616 (custom)
2024-01-08 22:37:34,967 [c15a1dbd-1c17-41f9-9118-60766ac127ad-groupManagement] INFO  server.RaftServerConfigKeys (ConfUtils.java:logGet(46)) - raft.server.log.appender.buffer.byte-limit = 8388608 (custom)
2024-01-08 22:37:34,968 [c15a1dbd-1c17-41f9-9118-60766ac127ad-groupManagement] INFO  server.RaftServerConfigKeys (ConfUtils.java:logGet(46)) - raft.server.log.unsafe-flush.enabled = false (default)
2024-01-08 22:37:34,968 [c15a1dbd-1c17-41f9-9118-60766ac127ad-groupManagement] INFO  server.RaftServerConfigKeys (ConfUtils.java:logGet(46)) - raft.server.log.async-flush.enabled = false (default)
2024-01-08 22:37:34,968 [c15a1dbd-1c17-41f9-9118-60766ac127ad-groupManagement] INFO  server.RaftServerConfigKeys (ConfUtils.java:logGet(46)) - raft.server.log.statemachine.data.caching.enabled = true (custom)
2024-01-08 22:37:34,968 [c15a1dbd-1c17-41f9-9118-60766ac127ad-groupManagement] INFO  segmented.SegmentedRaftLogWorker (SegmentedRaftLogWorker.java:lambda$new$0(135)) - c15a1dbd-1c17-41f9-9118-60766ac127ad@group-2BAE2E41964B-SegmentedRaftLogWorker: flushIndex: setUnconditionally 0 -> -1
2024-01-08 22:37:34,968 [c15a1dbd-1c17-41f9-9118-60766ac127ad-groupManagement] INFO  segmented.SegmentedRaftLogWorker (SegmentedRaftLogWorker.java:lambda$new$0(135)) - c15a1dbd-1c17-41f9-9118-60766ac127ad@group-2BAE2E41964B-SegmentedRaftLogWorker: safeCacheEvictIndex: setUnconditionally 0 -> -1
2024-01-08 22:37:34,968 [c15a1dbd-1c17-41f9-9118-60766ac127ad-groupManagement] INFO  server.RaftServer$Division (RaftServerImpl.java:start(392)) - c15a1dbd-1c17-41f9-9118-60766ac127ad@group-2BAE2E41964B: start as a follower, conf=-1: peers:[d358508b-f61b-4bbe-a39d-36a2c95b295d|10.1.0.16:15397, 3be0eefd-0f91-4043-b67b-b27b4ab908b0|10.1.0.16:15406, c15a1dbd-1c17-41f9-9118-60766ac127ad|10.1.0.16:15415]|listeners:[], old=null
2024-01-08 22:37:34,968 [c15a1dbd-1c17-41f9-9118-60766ac127ad-groupManagement] INFO  server.RaftServer$Division (RaftServerImpl.java:setRole(379)) - c15a1dbd-1c17-41f9-9118-60766ac127ad@group-2BAE2E41964B: changes role from      null to FOLLOWER at term 0 for startAsFollower
2024-01-08 22:37:34,968 [c15a1dbd-1c17-41f9-9118-60766ac127ad-groupManagement] INFO  impl.RoleInfo (RoleInfo.java:updateAndGet(139)) - c15a1dbd-1c17-41f9-9118-60766ac127ad: start c15a1dbd-1c17-41f9-9118-60766ac127ad@group-2BAE2E41964B-FollowerState
2024-01-08 22:37:34,968 [c15a1dbd-1c17-41f9-9118-60766ac127ad@group-2BAE2E41964B-FollowerState] INFO  server.RaftServerConfigKeys (ConfUtils.java:logFallback(53)) - raft.server.rpc.first-election.timeout.min = 5s (fallback to raft.server.rpc.timeout.min)
2024-01-08 22:37:34,968 [c15a1dbd-1c17-41f9-9118-60766ac127ad-groupManagement] INFO  util.JmxRegister (JmxRegister.java:tryRegister(44)) - Successfully registered JMX Bean with object name Ratis:service=RaftServer,group=group-2BAE2E41964B,id=c15a1dbd-1c17-41f9-9118-60766ac127ad
2024-01-08 22:37:34,968 [c15a1dbd-1c17-41f9-9118-60766ac127ad@group-2BAE2E41964B-FollowerState] INFO  server.RaftServerConfigKeys (ConfUtils.java:logFallback(53)) - raft.server.rpc.first-election.timeout.max = 5200ms (fallback to raft.server.rpc.timeout.max)
2024-01-08 22:37:34,968 [c15a1dbd-1c17-41f9-9118-60766ac127ad-groupManagement] INFO  server.RaftServerConfigKeys (ConfUtils.java:logGet(46)) - raft.server.snapshot.trigger-when-stop.enabled = true (default)
2024-01-08 22:37:34,968 [c15a1dbd-1c17-41f9-9118-60766ac127ad-groupManagement] INFO  server.RaftServerConfigKeys (ConfUtils.java:logGet(46)) - raft.server.snapshot.auto.trigger.enabled = true (custom)
2024-01-08 22:37:34,968 [c15a1dbd-1c17-41f9-9118-60766ac127ad-groupManagement] INFO  server.RaftServerConfigKeys (ConfUtils.java:logGet(46)) - raft.server.snapshot.auto.trigger.threshold = 10000 (custom)
2024-01-08 22:37:34,968 [c15a1dbd-1c17-41f9-9118-60766ac127ad-groupManagement] INFO  server.RaftServerConfigKeys (ConfUtils.java:logGet(46)) - raft.server.snapshot.retention.file.num = 5 (custom)
2024-01-08 22:37:34,968 [c15a1dbd-1c17-41f9-9118-60766ac127ad-groupManagement] INFO  server.RaftServerConfigKeys (ConfUtils.java:logGet(46)) - raft.server.log.purge.upto.snapshot.index = false (default)
2024-01-08 22:37:34,983 [grpc-default-executor-2] INFO  server.RaftServer (RaftServerProxy.java:addNew(100)) - 3be0eefd-0f91-4043-b67b-b27b4ab908b0: addNew group-2BAE2E41964B:[d358508b-f61b-4bbe-a39d-36a2c95b295d|10.1.0.16:15397, 3be0eefd-0f91-4043-b67b-b27b4ab908b0|10.1.0.16:15406, c15a1dbd-1c17-41f9-9118-60766ac127ad|10.1.0.16:15415] returns group-2BAE2E41964B:java.util.concurrent.CompletableFuture@e0481db[Not completed]
2024-01-08 22:37:34,984 [3be0eefd-0f91-4043-b67b-b27b4ab908b0-groupManagement] INFO  server.RaftServer$Division (RaftServerImpl.java:<init>(256)) - 3be0eefd-0f91-4043-b67b-b27b4ab908b0: new RaftServerImpl for group-2BAE2E41964B:[d358508b-f61b-4bbe-a39d-36a2c95b295d|10.1.0.16:15397, 3be0eefd-0f91-4043-b67b-b27b4ab908b0|10.1.0.16:15406, c15a1dbd-1c17-41f9-9118-60766ac127ad|10.1.0.16:15415] with ContainerStateMachine:uninitialized
2024-01-08 22:37:34,984 [3be0eefd-0f91-4043-b67b-b27b4ab908b0-groupManagement] INFO  server.RaftServerConfigKeys (ConfUtils.java:logGet(46)) - raft.server.rpc.timeout.min = 5s (custom)
2024-01-08 22:37:34,984 [3be0eefd-0f91-4043-b67b-b27b4ab908b0-groupManagement] INFO  server.RaftServerConfigKeys (ConfUtils.java:logGet(46)) - raft.server.rpc.timeout.max = 5200ms (custom)
2024-01-08 22:37:34,984 [3be0eefd-0f91-4043-b67b-b27b4ab908b0-groupManagement] INFO  server.RaftServerConfigKeys (ConfUtils.java:logGet(46)) - raft.server.rpc.sleep.time = 25ms (default)
2024-01-08 22:37:34,984 [3be0eefd-0f91-4043-b67b-b27b4ab908b0-groupManagement] INFO  server.RaftServerConfigKeys (ConfUtils.java:logGet(46)) - raft.server.rpc.slowness.timeout = 300000ms (custom)
2024-01-08 22:37:34,984 [3be0eefd-0f91-4043-b67b-b27b4ab908b0-groupManagement] INFO  server.RaftServerConfigKeys (ConfUtils.java:logGet(46)) - raft.server.leaderelection.leader.step-down.wait-time = 10s (default)
2024-01-08 22:37:34,984 [3be0eefd-0f91-4043-b67b-b27b4ab908b0-groupManagement] INFO  server.RaftServerConfigKeys (ConfUtils.java:logGet(46)) - raft.server.leaderelection.member.majority-add = false (default)
2024-01-08 22:37:34,984 [3be0eefd-0f91-4043-b67b-b27b4ab908b0-groupManagement] INFO  server.RaftServerConfigKeys (ConfUtils.java:logGet(46)) - raft.server.sleep.deviation.threshold = 300ms (default)
2024-01-08 22:37:34,984 [3be0eefd-0f91-4043-b67b-b27b4ab908b0-groupManagement] INFO  server.RaftServer$Division (ServerState.java:<init>(113)) - 3be0eefd-0f91-4043-b67b-b27b4ab908b0@group-2BAE2E41964B: ConfigurationManager, init=-1: peers:[d358508b-f61b-4bbe-a39d-36a2c95b295d|10.1.0.16:15397, 3be0eefd-0f91-4043-b67b-b27b4ab908b0|10.1.0.16:15406, c15a1dbd-1c17-41f9-9118-60766ac127ad|10.1.0.16:15415]|listeners:[], old=null, confs=<EMPTY_MAP>
2024-01-08 22:37:34,984 [3be0eefd-0f91-4043-b67b-b27b4ab908b0-groupManagement] INFO  server.RaftServerConfigKeys (ConfUtils.java:logGet(46)) - raft.server.notification.no-leader.timeout = 300000ms (custom)
2024-01-08 22:37:34,984 [3be0eefd-0f91-4043-b67b-b27b4ab908b0-groupManagement] INFO  server.RaftServerConfigKeys (ConfUtils.java:logGet(46)) - raft.server.read.timeout = 10s (default)
2024-01-08 22:37:34,984 [3be0eefd-0f91-4043-b67b-b27b4ab908b0-groupManagement] INFO  server.RaftServerConfigKeys (ConfUtils.java:logGet(46)) - raft.server.retrycache.expirytime = 600000ms (custom)
2024-01-08 22:37:34,984 [3be0eefd-0f91-4043-b67b-b27b4ab908b0-groupManagement] INFO  server.RaftServerConfigKeys (ConfUtils.java:logGet(46)) - raft.server.retrycache.statistics.expirytime = 100ms (default)
2024-01-08 22:37:34,984 [3be0eefd-0f91-4043-b67b-b27b4ab908b0-groupManagement] INFO  server.RaftServerConfigKeys (ConfUtils.java:logGet(46)) - raft.server.read.option = DEFAULT (default)
2024-01-08 22:37:34,984 [3be0eefd-0f91-4043-b67b-b27b4ab908b0-groupManagement] INFO  server.RaftServerConfigKeys (ConfUtils.java:logGet(46)) - raft.server.read.read-after-write-consistent.write-index-cache.expiry-time = 60s (default)
2024-01-08 22:37:34,986 [3be0eefd-0f91-4043-b67b-b27b4ab908b0-groupManagement] INFO  server.RaftServerConfigKeys (ConfUtils.java:logGet(46)) - raft.server.rpc.request.timeout = 3000ms (default)
2024-01-08 22:37:34,986 [3be0eefd-0f91-4043-b67b-b27b4ab908b0-groupManagement] INFO  server.RaftServerConfigKeys (ConfUtils.java:logGet(46)) - raft.server.log.appender.install.snapshot.enabled = false (custom)
2024-01-08 22:37:34,986 [3be0eefd-0f91-4043-b67b-b27b4ab908b0-groupManagement] INFO  server.RaftServerConfigKeys (ConfUtils.java:logGet(46)) - raft.server.threadpool.server.cached = true (default)
2024-01-08 22:37:34,986 [3be0eefd-0f91-4043-b67b-b27b4ab908b0-groupManagement] INFO  server.RaftServerConfigKeys (ConfUtils.java:logGet(46)) - raft.server.threadpool.server.size = 0 (default)
2024-01-08 22:37:34,986 [3be0eefd-0f91-4043-b67b-b27b4ab908b0-groupManagement] INFO  server.RaftServerConfigKeys (ConfUtils.java:logGet(46)) - raft.server.threadpool.client.cached = true (default)
2024-01-08 22:37:34,986 [3be0eefd-0f91-4043-b67b-b27b4ab908b0-groupManagement] INFO  server.RaftServerConfigKeys (ConfUtils.java:logGet(46)) - raft.server.threadpool.client.size = 0 (default)
2024-01-08 22:37:34,986 [3be0eefd-0f91-4043-b67b-b27b4ab908b0-groupManagement] INFO  server.RaftServerConfigKeys (ConfUtils.java:logGet(46)) - raft.server.storage.free-space.min = 0MB (=0) (default)
2024-01-08 22:37:34,986 [3be0eefd-0f91-4043-b67b-b27b4ab908b0-groupManagement] INFO  server.RaftServerConfigKeys (ConfUtils.java:logGet(46)) - raft.server.log.corruption.policy = EXCEPTION (default)
2024-01-08 22:37:34,986 [3be0eefd-0f91-4043-b67b-b27b4ab908b0-groupManagement] INFO  server.RaftServerConfigKeys (ConfUtils.java:logGet(46)) - raft.server.storage.dir = [/home/runner/work/ozone/ozone/hadoop-ozone/integration-test/target/test-dir/MiniOzoneClusterImpl-c2c64c26-053e-4d1e-83e3-051e2bfa4916/datanode-4/data/ratis] (custom)
2024-01-08 22:37:34,986 [3be0eefd-0f91-4043-b67b-b27b4ab908b0-groupManagement] INFO  storage.RaftStorageDirectory (RaftStorageDirectoryImpl.java:analyzeStorage(138)) - The storage directory /home/runner/work/ozone/ozone/hadoop-ozone/integration-test/target/test-dir/MiniOzoneClusterImpl-c2c64c26-053e-4d1e-83e3-051e2bfa4916/datanode-4/data/ratis/c748593b-2d19-406a-b3af-2bae2e41964b does not exist. Creating ...
2024-01-08 22:37:34,987 [3be0eefd-0f91-4043-b67b-b27b4ab908b0-groupManagement] INFO  storage.RaftStorageDirectory (RaftStorageDirectoryImpl.java:tryLock(232)) - Lock on /home/runner/work/ozone/ozone/hadoop-ozone/integration-test/target/test-dir/MiniOzoneClusterImpl-c2c64c26-053e-4d1e-83e3-051e2bfa4916/datanode-4/data/ratis/c748593b-2d19-406a-b3af-2bae2e41964b/in_use.lock acquired by nodename 83643@fv-az1425-465
2024-01-08 22:37:34,988 [3be0eefd-0f91-4043-b67b-b27b4ab908b0-groupManagement] INFO  storage.RaftStorage (RaftStorageImpl.java:format(97)) - Storage directory /home/runner/work/ozone/ozone/hadoop-ozone/integration-test/target/test-dir/MiniOzoneClusterImpl-c2c64c26-053e-4d1e-83e3-051e2bfa4916/datanode-4/data/ratis/c748593b-2d19-406a-b3af-2bae2e41964b has been successfully formatted.
2024-01-08 22:37:34,989 [3be0eefd-0f91-4043-b67b-b27b4ab908b0-groupManagement] INFO  ratis.ContainerStateMachine (ContainerStateMachine.java:loadSnapshot(287)) - group-2BAE2E41964B: The snapshot info is null. Setting the last applied index to:(t:0, i:~)
2024-01-08 22:37:34,989 [3be0eefd-0f91-4043-b67b-b27b4ab908b0-groupManagement] INFO  server.RaftServerConfigKeys (ConfUtils.java:logGet(46)) - raft.server.log.use.memory = false (default)
2024-01-08 22:37:34,989 [3be0eefd-0f91-4043-b67b-b27b4ab908b0-groupManagement] INFO  server.RaftServerConfigKeys (ConfUtils.java:logGet(46)) - raft.server.log.purge.gap = 1000000 (custom)
2024-01-08 22:37:34,989 [3be0eefd-0f91-4043-b67b-b27b4ab908b0-groupManagement] INFO  server.RaftServerConfigKeys (ConfUtils.java:logGet(46)) - raft.server.log.appender.buffer.byte-limit = 8388608 (custom)
2024-01-08 22:37:34,989 [3be0eefd-0f91-4043-b67b-b27b4ab908b0-groupManagement] INFO  server.RaftServerConfigKeys (ConfUtils.java:logGet(46)) - raft.server.log.statemachine.data.read.timeout = 1000ms (default)
2024-01-08 22:37:34,989 [3be0eefd-0f91-4043-b67b-b27b4ab908b0-groupManagement] INFO  server.RaftServerConfigKeys (ConfUtils.java:logGet(46)) - raft.server.log.purge.preservation.log.num = 0 (default)
2024-01-08 22:37:34,990 [3be0eefd-0f91-4043-b67b-b27b4ab908b0-groupManagement] INFO  server.RaftServerConfigKeys (ConfUtils.java:logGet(46)) - raft.server.log.segment.size.max = 67108864 (custom)
2024-01-08 22:37:34,990 [3be0eefd-0f91-4043-b67b-b27b4ab908b0-groupManagement] INFO  server.RaftServerConfigKeys (ConfUtils.java:logGet(46)) - raft.server.log.segment.cache.num.max = 2 (custom)
2024-01-08 22:37:34,990 [3be0eefd-0f91-4043-b67b-b27b4ab908b0-groupManagement] INFO  server.RaftServerConfigKeys (ConfUtils.java:logGet(46)) - raft.server.log.segment.cache.size.max = 200MB (=209715200) (default)
2024-01-08 22:37:34,990 [3be0eefd-0f91-4043-b67b-b27b4ab908b0-groupManagement] INFO  server.RaftServerConfigKeys (ConfUtils.java:logGet(46)) - raft.server.log.appender.buffer.byte-limit = 8388608 (custom)
2024-01-08 22:37:34,991 [3be0eefd-0f91-4043-b67b-b27b4ab908b0-groupManagement] INFO  util.AwaitToRun (AwaitToRun.java:start(81)) - Thread[3be0eefd-0f91-4043-b67b-b27b4ab908b0@group-2BAE2E41964B-cacheEviction-AwaitToRun,5,main] started
2024-01-08 22:37:34,991 [3be0eefd-0f91-4043-b67b-b27b4ab908b0-groupManagement] INFO  segmented.SegmentedRaftLogWorker (SegmentedRaftLogWorker.java:<init>(184)) - new 3be0eefd-0f91-4043-b67b-b27b4ab908b0@group-2BAE2E41964B-SegmentedRaftLogWorker for RaftStorageImpl:Storage Directory /home/runner/work/ozone/ozone/hadoop-ozone/integration-test/target/test-dir/MiniOzoneClusterImpl-c2c64c26-053e-4d1e-83e3-051e2bfa4916/datanode-4/data/ratis/c748593b-2d19-406a-b3af-2bae2e41964b
2024-01-08 22:37:34,991 [3be0eefd-0f91-4043-b67b-b27b4ab908b0-groupManagement] INFO  server.RaftServerConfigKeys (ConfUtils.java:logGet(46)) - raft.server.log.queue.byte-limit = 4294967296 (custom)
2024-01-08 22:37:34,991 [3be0eefd-0f91-4043-b67b-b27b4ab908b0-groupManagement] INFO  server.RaftServerConfigKeys (ConfUtils.java:logGet(46)) - raft.server.log.queue.element-limit = 1024 (custom)
2024-01-08 22:37:34,991 [3be0eefd-0f91-4043-b67b-b27b4ab908b0-groupManagement] INFO  server.RaftServerConfigKeys (ConfUtils.java:logGet(46)) - raft.server.log.segment.size.max = 67108864 (custom)
2024-01-08 22:37:34,991 [3be0eefd-0f91-4043-b67b-b27b4ab908b0-groupManagement] INFO  server.RaftServerConfigKeys (ConfUtils.java:logGet(46)) - raft.server.log.preallocated.size = 4194304 (custom)
2024-01-08 22:37:34,991 [3be0eefd-0f91-4043-b67b-b27b4ab908b0-groupManagement] INFO  server.RaftServerConfigKeys (ConfUtils.java:logGet(46)) - raft.server.log.force.sync.num = 128 (default)
2024-01-08 22:37:34,991 [3be0eefd-0f91-4043-b67b-b27b4ab908b0-groupManagement] INFO  server.RaftServerConfigKeys (ConfUtils.java:logGet(46)) - raft.server.log.statemachine.data.sync = true (default)
2024-01-08 22:37:34,991 [3be0eefd-0f91-4043-b67b-b27b4ab908b0-groupManagement] INFO  server.RaftServerConfigKeys (ConfUtils.java:logGet(46)) - raft.server.log.statemachine.data.sync.timeout = 10s (default)
2024-01-08 22:37:34,991 [3be0eefd-0f91-4043-b67b-b27b4ab908b0-groupManagement] INFO  server.RaftServerConfigKeys (ConfUtils.java:logGet(46)) - raft.server.log.statemachine.data.sync.timeout.retry = 0 (custom)
2024-01-08 22:37:34,991 [3be0eefd-0f91-4043-b67b-b27b4ab908b0-groupManagement] INFO  server.RaftServerConfigKeys (ConfUtils.java:logGet(46)) - raft.server.log.write.buffer.size = 8388616 (custom)
2024-01-08 22:37:34,992 [3be0eefd-0f91-4043-b67b-b27b4ab908b0-groupManagement] INFO  server.RaftServerConfigKeys (ConfUtils.java:logGet(46)) - raft.server.log.appender.buffer.byte-limit = 8388608 (custom)
2024-01-08 22:37:34,993 [3be0eefd-0f91-4043-b67b-b27b4ab908b0-groupManagement] INFO  server.RaftServerConfigKeys (ConfUtils.java:logGet(46)) - raft.server.log.unsafe-flush.enabled = false (default)
2024-01-08 22:37:34,993 [3be0eefd-0f91-4043-b67b-b27b4ab908b0-groupManagement] INFO  server.RaftServerConfigKeys (ConfUtils.java:logGet(46)) - raft.server.log.async-flush.enabled = false (default)
2024-01-08 22:37:34,993 [3be0eefd-0f91-4043-b67b-b27b4ab908b0-groupManagement] INFO  server.RaftServerConfigKeys (ConfUtils.java:logGet(46)) - raft.server.log.statemachine.data.caching.enabled = true (custom)
2024-01-08 22:37:34,993 [3be0eefd-0f91-4043-b67b-b27b4ab908b0-groupManagement] INFO  segmented.SegmentedRaftLogWorker (SegmentedRaftLogWorker.java:lambda$new$0(135)) - 3be0eefd-0f91-4043-b67b-b27b4ab908b0@group-2BAE2E41964B-SegmentedRaftLogWorker: flushIndex: setUnconditionally 0 -> -1
2024-01-08 22:37:34,993 [3be0eefd-0f91-4043-b67b-b27b4ab908b0-groupManagement] INFO  segmented.SegmentedRaftLogWorker (SegmentedRaftLogWorker.java:lambda$new$0(135)) - 3be0eefd-0f91-4043-b67b-b27b4ab908b0@group-2BAE2E41964B-SegmentedRaftLogWorker: safeCacheEvictIndex: setUnconditionally 0 -> -1
2024-01-08 22:37:34,993 [3be0eefd-0f91-4043-b67b-b27b4ab908b0-groupManagement] INFO  server.RaftServer$Division (RaftServerImpl.java:start(392)) - 3be0eefd-0f91-4043-b67b-b27b4ab908b0@group-2BAE2E41964B: start as a follower, conf=-1: peers:[d358508b-f61b-4bbe-a39d-36a2c95b295d|10.1.0.16:15397, 3be0eefd-0f91-4043-b67b-b27b4ab908b0|10.1.0.16:15406, c15a1dbd-1c17-41f9-9118-60766ac127ad|10.1.0.16:15415]|listeners:[], old=null
2024-01-08 22:37:34,993 [3be0eefd-0f91-4043-b67b-b27b4ab908b0-groupManagement] INFO  server.RaftServer$Division (RaftServerImpl.java:setRole(379)) - 3be0eefd-0f91-4043-b67b-b27b4ab908b0@group-2BAE2E41964B: changes role from      null to FOLLOWER at term 0 for startAsFollower
2024-01-08 22:37:34,993 [3be0eefd-0f91-4043-b67b-b27b4ab908b0-groupManagement] INFO  impl.RoleInfo (RoleInfo.java:updateAndGet(139)) - 3be0eefd-0f91-4043-b67b-b27b4ab908b0: start 3be0eefd-0f91-4043-b67b-b27b4ab908b0@group-2BAE2E41964B-FollowerState
2024-01-08 22:37:34,993 [3be0eefd-0f91-4043-b67b-b27b4ab908b0@group-2BAE2E41964B-FollowerState] INFO  server.RaftServerConfigKeys (ConfUtils.java:logFallback(53)) - raft.server.rpc.first-election.timeout.min = 5s (fallback to raft.server.rpc.timeout.min)
2024-01-08 22:37:34,993 [3be0eefd-0f91-4043-b67b-b27b4ab908b0-groupManagement] INFO  util.JmxRegister (JmxRegister.java:tryRegister(44)) - Successfully registered JMX Bean with object name Ratis:service=RaftServer,group=group-2BAE2E41964B,id=3be0eefd-0f91-4043-b67b-b27b4ab908b0
2024-01-08 22:37:34,993 [3be0eefd-0f91-4043-b67b-b27b4ab908b0@group-2BAE2E41964B-FollowerState] INFO  server.RaftServerConfigKeys (ConfUtils.java:logFallback(53)) - raft.server.rpc.first-election.timeout.max = 5200ms (fallback to raft.server.rpc.timeout.max)
2024-01-08 22:37:34,994 [3be0eefd-0f91-4043-b67b-b27b4ab908b0-groupManagement] INFO  server.RaftServerConfigKeys (ConfUtils.java:logGet(46)) - raft.server.snapshot.trigger-when-stop.enabled = true (default)
2024-01-08 22:37:34,994 [3be0eefd-0f91-4043-b67b-b27b4ab908b0-groupManagement] INFO  server.RaftServerConfigKeys (ConfUtils.java:logGet(46)) - raft.server.snapshot.auto.trigger.enabled = true (custom)
2024-01-08 22:37:34,994 [3be0eefd-0f91-4043-b67b-b27b4ab908b0-groupManagement] INFO  server.RaftServerConfigKeys (ConfUtils.java:logGet(46)) - raft.server.snapshot.auto.trigger.threshold = 10000 (custom)
2024-01-08 22:37:34,994 [3be0eefd-0f91-4043-b67b-b27b4ab908b0-groupManagement] INFO  server.RaftServerConfigKeys (ConfUtils.java:logGet(46)) - raft.server.snapshot.retention.file.num = 5 (custom)
2024-01-08 22:37:34,994 [3be0eefd-0f91-4043-b67b-b27b4ab908b0-groupManagement] INFO  server.RaftServerConfigKeys (ConfUtils.java:logGet(46)) - raft.server.log.purge.upto.snapshot.index = false (default)
2024-01-08 22:37:34,999 [d358508b-f61b-4bbe-a39d-36a2c95b295d-PipelineCommandHandlerThread-0] INFO  commandhandler.CreatePipelineCommandHandler (CreatePipelineCommandHandler.java:lambda$handle$2(124)) - Created Pipeline RATIS THREE PipelineID=c748593b-2d19-406a-b3af-2bae2e41964b.
2024-01-08 22:37:35,016 [3be0eefd-0f91-4043-b67b-b27b4ab908b0-PipelineCommandHandlerThread-0] INFO  server.RaftServer (RaftServerProxy.java:addNew(100)) - 3be0eefd-0f91-4043-b67b-b27b4ab908b0: addNew group-5857499DADE9:[3be0eefd-0f91-4043-b67b-b27b4ab908b0|10.1.0.16:15406] returns group-5857499DADE9:java.util.concurrent.CompletableFuture@53c40f4f[Not completed]
2024-01-08 22:37:35,017 [3be0eefd-0f91-4043-b67b-b27b4ab908b0-groupManagement] INFO  server.RaftServer$Division (RaftServerImpl.java:<init>(256)) - 3be0eefd-0f91-4043-b67b-b27b4ab908b0: new RaftServerImpl for group-5857499DADE9:[3be0eefd-0f91-4043-b67b-b27b4ab908b0|10.1.0.16:15406] with ContainerStateMachine:uninitialized
2024-01-08 22:37:35,017 [3be0eefd-0f91-4043-b67b-b27b4ab908b0-groupManagement] INFO  server.RaftServerConfigKeys (ConfUtils.java:logGet(46)) - raft.server.rpc.timeout.min = 5s (custom)
2024-01-08 22:37:35,017 [3be0eefd-0f91-4043-b67b-b27b4ab908b0-groupManagement] INFO  server.RaftServerConfigKeys (ConfUtils.java:logGet(46)) - raft.server.rpc.timeout.max = 5200ms (custom)
2024-01-08 22:37:35,017 [3be0eefd-0f91-4043-b67b-b27b4ab908b0-groupManagement] INFO  server.RaftServerConfigKeys (ConfUtils.java:logGet(46)) - raft.server.rpc.sleep.time = 25ms (default)
2024-01-08 22:37:35,017 [3be0eefd-0f91-4043-b67b-b27b4ab908b0-groupManagement] INFO  server.RaftServerConfigKeys (ConfUtils.java:logGet(46)) - raft.server.rpc.slowness.timeout = 300000ms (custom)
2024-01-08 22:37:35,017 [3be0eefd-0f91-4043-b67b-b27b4ab908b0-groupManagement] INFO  server.RaftServerConfigKeys (ConfUtils.java:logGet(46)) - raft.server.leaderelection.leader.step-down.wait-time = 10s (default)
2024-01-08 22:37:35,017 [3be0eefd-0f91-4043-b67b-b27b4ab908b0-groupManagement] INFO  server.RaftServerConfigKeys (ConfUtils.java:logGet(46)) - raft.server.leaderelection.member.majority-add = false (default)
2024-01-08 22:37:35,017 [3be0eefd-0f91-4043-b67b-b27b4ab908b0-groupManagement] INFO  server.RaftServerConfigKeys (ConfUtils.java:logGet(46)) - raft.server.sleep.deviation.threshold = 300ms (default)
2024-01-08 22:37:35,017 [3be0eefd-0f91-4043-b67b-b27b4ab908b0-groupManagement] INFO  server.RaftServer$Division (ServerState.java:<init>(113)) - 3be0eefd-0f91-4043-b67b-b27b4ab908b0@group-5857499DADE9: ConfigurationManager, init=-1: peers:[3be0eefd-0f91-4043-b67b-b27b4ab908b0|10.1.0.16:15406]|listeners:[], old=null, confs=<EMPTY_MAP>
2024-01-08 22:37:35,017 [3be0eefd-0f91-4043-b67b-b27b4ab908b0-groupManagement] INFO  server.RaftServerConfigKeys (ConfUtils.java:logGet(46)) - raft.server.notification.no-leader.timeout = 300000ms (custom)
2024-01-08 22:37:35,017 [3be0eefd-0f91-4043-b67b-b27b4ab908b0-groupManagement] INFO  server.RaftServerConfigKeys (ConfUtils.java:logGet(46)) - raft.server.read.timeout = 10s (default)
2024-01-08 22:37:35,017 [3be0eefd-0f91-4043-b67b-b27b4ab908b0-groupManagement] INFO  server.RaftServerConfigKeys (ConfUtils.java:logGet(46)) - raft.server.retrycache.expirytime = 600000ms (custom)
2024-01-08 22:37:35,017 [3be0eefd-0f91-4043-b67b-b27b4ab908b0-groupManagement] INFO  server.RaftServerConfigKeys (ConfUtils.java:logGet(46)) - raft.server.retrycache.statistics.expirytime = 100ms (default)
2024-01-08 22:37:35,017 [3be0eefd-0f91-4043-b67b-b27b4ab908b0-groupManagement] INFO  server.RaftServerConfigKeys (ConfUtils.java:logGet(46)) - raft.server.read.option = DEFAULT (default)
2024-01-08 22:37:35,017 [3be0eefd-0f91-4043-b67b-b27b4ab908b0-groupManagement] INFO  server.RaftServerConfigKeys (ConfUtils.java:logGet(46)) - raft.server.read.read-after-write-consistent.write-index-cache.expiry-time = 60s (default)
2024-01-08 22:37:35,018 [3be0eefd-0f91-4043-b67b-b27b4ab908b0-groupManagement] INFO  server.RaftServerConfigKeys (ConfUtils.java:logGet(46)) - raft.server.rpc.request.timeout = 3000ms (default)
2024-01-08 22:37:35,018 [3be0eefd-0f91-4043-b67b-b27b4ab908b0-groupManagement] INFO  server.RaftServerConfigKeys (ConfUtils.java:logGet(46)) - raft.server.log.appender.install.snapshot.enabled = false (custom)
2024-01-08 22:37:35,019 [3be0eefd-0f91-4043-b67b-b27b4ab908b0-groupManagement] INFO  server.RaftServerConfigKeys (ConfUtils.java:logGet(46)) - raft.server.threadpool.server.cached = true (default)
2024-01-08 22:37:35,019 [3be0eefd-0f91-4043-b67b-b27b4ab908b0-groupManagement] INFO  server.RaftServerConfigKeys (ConfUtils.java:logGet(46)) - raft.server.threadpool.server.size = 0 (default)
2024-01-08 22:37:35,019 [3be0eefd-0f91-4043-b67b-b27b4ab908b0-groupManagement] INFO  server.RaftServerConfigKeys (ConfUtils.java:logGet(46)) - raft.server.threadpool.client.cached = true (default)
2024-01-08 22:37:35,019 [3be0eefd-0f91-4043-b67b-b27b4ab908b0-groupManagement] INFO  server.RaftServerConfigKeys (ConfUtils.java:logGet(46)) - raft.server.threadpool.client.size = 0 (default)
2024-01-08 22:37:35,019 [3be0eefd-0f91-4043-b67b-b27b4ab908b0-groupManagement] INFO  server.RaftServerConfigKeys (ConfUtils.java:logGet(46)) - raft.server.storage.free-space.min = 0MB (=0) (default)
2024-01-08 22:37:35,019 [3be0eefd-0f91-4043-b67b-b27b4ab908b0-groupManagement] INFO  server.RaftServerConfigKeys (ConfUtils.java:logGet(46)) - raft.server.log.corruption.policy = EXCEPTION (default)
2024-01-08 22:37:35,019 [3be0eefd-0f91-4043-b67b-b27b4ab908b0-groupManagement] INFO  server.RaftServerConfigKeys (ConfUtils.java:logGet(46)) - raft.server.storage.dir = [/home/runner/work/ozone/ozone/hadoop-ozone/integration-test/target/test-dir/MiniOzoneClusterImpl-c2c64c26-053e-4d1e-83e3-051e2bfa4916/datanode-4/data/ratis] (custom)
2024-01-08 22:37:35,019 [3be0eefd-0f91-4043-b67b-b27b4ab908b0-groupManagement] INFO  storage.RaftStorageDirectory (RaftStorageDirectoryImpl.java:analyzeStorage(138)) - The storage directory /home/runner/work/ozone/ozone/hadoop-ozone/integration-test/target/test-dir/MiniOzoneClusterImpl-c2c64c26-053e-4d1e-83e3-051e2bfa4916/datanode-4/data/ratis/a8e3b2a6-9d68-41f3-bb16-5857499dade9 does not exist. Creating ...
2024-01-08 22:37:35,020 [3be0eefd-0f91-4043-b67b-b27b4ab908b0-groupManagement] INFO  storage.RaftStorageDirectory (RaftStorageDirectoryImpl.java:tryLock(232)) - Lock on /home/runner/work/ozone/ozone/hadoop-ozone/integration-test/target/test-dir/MiniOzoneClusterImpl-c2c64c26-053e-4d1e-83e3-051e2bfa4916/datanode-4/data/ratis/a8e3b2a6-9d68-41f3-bb16-5857499dade9/in_use.lock acquired by nodename 83643@fv-az1425-465
2024-01-08 22:37:35,021 [3be0eefd-0f91-4043-b67b-b27b4ab908b0-groupManagement] INFO  storage.RaftStorage (RaftStorageImpl.java:format(97)) - Storage directory /home/runner/work/ozone/ozone/hadoop-ozone/integration-test/target/test-dir/MiniOzoneClusterImpl-c2c64c26-053e-4d1e-83e3-051e2bfa4916/datanode-4/data/ratis/a8e3b2a6-9d68-41f3-bb16-5857499dade9 has been successfully formatted.
2024-01-08 22:37:35,021 [3be0eefd-0f91-4043-b67b-b27b4ab908b0-groupManagement] INFO  ratis.ContainerStateMachine (ContainerStateMachine.java:loadSnapshot(287)) - group-5857499DADE9: The snapshot info is null. Setting the last applied index to:(t:0, i:~)
2024-01-08 22:37:35,021 [3be0eefd-0f91-4043-b67b-b27b4ab908b0-groupManagement] INFO  server.RaftServerConfigKeys (ConfUtils.java:logGet(46)) - raft.server.log.use.memory = false (default)
2024-01-08 22:37:35,021 [3be0eefd-0f91-4043-b67b-b27b4ab908b0-groupManagement] INFO  server.RaftServerConfigKeys (ConfUtils.java:logGet(46)) - raft.server.log.purge.gap = 1000000 (custom)
2024-01-08 22:37:35,021 [3be0eefd-0f91-4043-b67b-b27b4ab908b0-groupManagement] INFO  server.RaftServerConfigKeys (ConfUtils.java:logGet(46)) - raft.server.log.appender.buffer.byte-limit = 8388608 (custom)
2024-01-08 22:37:35,021 [3be0eefd-0f91-4043-b67b-b27b4ab908b0-groupManagement] INFO  server.RaftServerConfigKeys (ConfUtils.java:logGet(46)) - raft.server.log.statemachine.data.read.timeout = 1000ms (default)
2024-01-08 22:37:35,021 [3be0eefd-0f91-4043-b67b-b27b4ab908b0-groupManagement] INFO  server.RaftServerConfigKeys (ConfUtils.java:logGet(46)) - raft.server.log.purge.preservation.log.num = 0 (default)
2024-01-08 22:37:35,022 [EventQueue-PipelineReportForPipelineReportHandler] INFO  pipeline.PipelineReportHandler (PipelineReportHandler.java:processPipelineReport(136)) - Opened pipeline PipelineID=a8e3b2a6-9d68-41f3-bb16-5857499dade9
2024-01-08 22:37:35,022 [EventQueue-OpenPipelineForHealthyPipelineSafeModeRule] INFO  safemode.SCMSafeModeManager (HealthyPipelineSafeModeRule.java:process(140)) - SCM in safe mode. Healthy pipelines reported count is 0, required healthy pipeline reported count is 1
2024-01-08 22:37:35,022 [3be0eefd-0f91-4043-b67b-b27b4ab908b0-groupManagement] INFO  server.RaftServerConfigKeys (ConfUtils.java:logGet(46)) - raft.server.log.segment.size.max = 67108864 (custom)
2024-01-08 22:37:35,022 [3be0eefd-0f91-4043-b67b-b27b4ab908b0-groupManagement] INFO  server.RaftServerConfigKeys (ConfUtils.java:logGet(46)) - raft.server.log.segment.cache.num.max = 2 (custom)
2024-01-08 22:37:35,022 [3be0eefd-0f91-4043-b67b-b27b4ab908b0-groupManagement] INFO  server.RaftServerConfigKeys (ConfUtils.java:logGet(46)) - raft.server.log.segment.cache.size.max = 200MB (=209715200) (default)
2024-01-08 22:37:35,022 [3be0eefd-0f91-4043-b67b-b27b4ab908b0-groupManagement] INFO  server.RaftServerConfigKeys (ConfUtils.java:logGet(46)) - raft.server.log.appender.buffer.byte-limit = 8388608 (custom)
2024-01-08 22:37:35,022 [3be0eefd-0f91-4043-b67b-b27b4ab908b0-groupManagement] INFO  util.AwaitToRun (AwaitToRun.java:start(81)) - Thread[3be0eefd-0f91-4043-b67b-b27b4ab908b0@group-5857499DADE9-cacheEviction-AwaitToRun,5,main] started
2024-01-08 22:37:35,023 [3be0eefd-0f91-4043-b67b-b27b4ab908b0-groupManagement] INFO  segmented.SegmentedRaftLogWorker (SegmentedRaftLogWorker.java:<init>(184)) - new 3be0eefd-0f91-4043-b67b-b27b4ab908b0@group-5857499DADE9-SegmentedRaftLogWorker for RaftStorageImpl:Storage Directory /home/runner/work/ozone/ozone/hadoop-ozone/integration-test/target/test-dir/MiniOzoneClusterImpl-c2c64c26-053e-4d1e-83e3-051e2bfa4916/datanode-4/data/ratis/a8e3b2a6-9d68-41f3-bb16-5857499dade9
2024-01-08 22:37:35,023 [3be0eefd-0f91-4043-b67b-b27b4ab908b0-groupManagement] INFO  server.RaftServerConfigKeys (ConfUtils.java:logGet(46)) - raft.server.log.queue.byte-limit = 4294967296 (custom)
2024-01-08 22:37:35,023 [3be0eefd-0f91-4043-b67b-b27b4ab908b0-groupManagement] INFO  server.RaftServerConfigKeys (ConfUtils.java:logGet(46)) - raft.server.log.queue.element-limit = 1024 (custom)
2024-01-08 22:37:35,023 [3be0eefd-0f91-4043-b67b-b27b4ab908b0-groupManagement] INFO  server.RaftServerConfigKeys (ConfUtils.java:logGet(46)) - raft.server.log.segment.size.max = 67108864 (custom)
2024-01-08 22:37:35,023 [3be0eefd-0f91-4043-b67b-b27b4ab908b0-groupManagement] INFO  server.RaftServerConfigKeys (ConfUtils.java:logGet(46)) - raft.server.log.preallocated.size = 4194304 (custom)
2024-01-08 22:37:35,023 [3be0eefd-0f91-4043-b67b-b27b4ab908b0-groupManagement] INFO  server.RaftServerConfigKeys (ConfUtils.java:logGet(46)) - raft.server.log.force.sync.num = 128 (default)
2024-01-08 22:37:35,023 [3be0eefd-0f91-4043-b67b-b27b4ab908b0-groupManagement] INFO  server.RaftServerConfigKeys (ConfUtils.java:logGet(46)) - raft.server.log.statemachine.data.sync = true (default)
2024-01-08 22:37:35,023 [3be0eefd-0f91-4043-b67b-b27b4ab908b0-groupManagement] INFO  server.RaftServerConfigKeys (ConfUtils.java:logGet(46)) - raft.server.log.statemachine.data.sync.timeout = 10s (default)
2024-01-08 22:37:35,023 [3be0eefd-0f91-4043-b67b-b27b4ab908b0-groupManagement] INFO  server.RaftServerConfigKeys (ConfUtils.java:logGet(46)) - raft.server.log.statemachine.data.sync.timeout.retry = 0 (custom)
2024-01-08 22:37:35,023 [3be0eefd-0f91-4043-b67b-b27b4ab908b0-groupManagement] INFO  server.RaftServerConfigKeys (ConfUtils.java:logGet(46)) - raft.server.log.write.buffer.size = 8388616 (custom)
2024-01-08 22:37:35,025 [3be0eefd-0f91-4043-b67b-b27b4ab908b0-groupManagement] INFO  server.RaftServerConfigKeys (ConfUtils.java:logGet(46)) - raft.server.log.appender.buffer.byte-limit = 8388608 (custom)
2024-01-08 22:37:35,026 [3be0eefd-0f91-4043-b67b-b27b4ab908b0-groupManagement] INFO  server.RaftServerConfigKeys (ConfUtils.java:logGet(46)) - raft.server.log.unsafe-flush.enabled = false (default)
2024-01-08 22:37:35,026 [3be0eefd-0f91-4043-b67b-b27b4ab908b0-groupManagement] INFO  server.RaftServerConfigKeys (ConfUtils.java:logGet(46)) - raft.server.log.async-flush.enabled = false (default)
2024-01-08 22:37:35,026 [3be0eefd-0f91-4043-b67b-b27b4ab908b0-groupManagement] INFO  server.RaftServerConfigKeys (ConfUtils.java:logGet(46)) - raft.server.log.statemachine.data.caching.enabled = true (custom)
2024-01-08 22:37:35,026 [3be0eefd-0f91-4043-b67b-b27b4ab908b0-groupManagement] INFO  segmented.SegmentedRaftLogWorker (SegmentedRaftLogWorker.java:lambda$new$0(135)) - 3be0eefd-0f91-4043-b67b-b27b4ab908b0@group-5857499DADE9-SegmentedRaftLogWorker: flushIndex: setUnconditionally 0 -> -1
2024-01-08 22:37:35,026 [3be0eefd-0f91-4043-b67b-b27b4ab908b0-groupManagement] INFO  segmented.SegmentedRaftLogWorker (SegmentedRaftLogWorker.java:lambda$new$0(135)) - 3be0eefd-0f91-4043-b67b-b27b4ab908b0@group-5857499DADE9-SegmentedRaftLogWorker: safeCacheEvictIndex: setUnconditionally 0 -> -1
2024-01-08 22:37:35,026 [3be0eefd-0f91-4043-b67b-b27b4ab908b0-groupManagement] INFO  server.RaftServer$Division (RaftServerImpl.java:start(392)) - 3be0eefd-0f91-4043-b67b-b27b4ab908b0@group-5857499DADE9: start as a follower, conf=-1: peers:[3be0eefd-0f91-4043-b67b-b27b4ab908b0|10.1.0.16:15406]|listeners:[], old=null
2024-01-08 22:37:35,026 [3be0eefd-0f91-4043-b67b-b27b4ab908b0-groupManagement] INFO  server.RaftServer$Division (RaftServerImpl.java:setRole(379)) - 3be0eefd-0f91-4043-b67b-b27b4ab908b0@group-5857499DADE9: changes role from      null to FOLLOWER at term 0 for startAsFollower
2024-01-08 22:37:35,026 [3be0eefd-0f91-4043-b67b-b27b4ab908b0-groupManagement] INFO  impl.RoleInfo (RoleInfo.java:updateAndGet(139)) - 3be0eefd-0f91-4043-b67b-b27b4ab908b0: start 3be0eefd-0f91-4043-b67b-b27b4ab908b0@group-5857499DADE9-FollowerState
2024-01-08 22:37:35,026 [3be0eefd-0f91-4043-b67b-b27b4ab908b0@group-5857499DADE9-FollowerState] INFO  server.RaftServerConfigKeys (ConfUtils.java:logFallback(53)) - raft.server.rpc.first-election.timeout.min = 5s (fallback to raft.server.rpc.timeout.min)
2024-01-08 22:37:35,027 [3be0eefd-0f91-4043-b67b-b27b4ab908b0-groupManagement] INFO  util.JmxRegister (JmxRegister.java:tryRegister(44)) - Successfully registered JMX Bean with object name Ratis:service=RaftServer,group=group-5857499DADE9,id=3be0eefd-0f91-4043-b67b-b27b4ab908b0
2024-01-08 22:37:35,027 [3be0eefd-0f91-4043-b67b-b27b4ab908b0@group-5857499DADE9-FollowerState] INFO  server.RaftServerConfigKeys (ConfUtils.java:logFallback(53)) - raft.server.rpc.first-election.timeout.max = 5200ms (fallback to raft.server.rpc.timeout.max)
2024-01-08 22:37:35,027 [3be0eefd-0f91-4043-b67b-b27b4ab908b0-groupManagement] INFO  server.RaftServerConfigKeys (ConfUtils.java:logGet(46)) - raft.server.snapshot.trigger-when-stop.enabled = true (default)
2024-01-08 22:37:35,027 [3be0eefd-0f91-4043-b67b-b27b4ab908b0-groupManagement] INFO  server.RaftServerConfigKeys (ConfUtils.java:logGet(46)) - raft.server.snapshot.auto.trigger.enabled = true (custom)
2024-01-08 22:37:35,027 [3be0eefd-0f91-4043-b67b-b27b4ab908b0-groupManagement] INFO  server.RaftServerConfigKeys (ConfUtils.java:logGet(46)) - raft.server.snapshot.auto.trigger.threshold = 10000 (custom)
2024-01-08 22:37:35,027 [3be0eefd-0f91-4043-b67b-b27b4ab908b0-groupManagement] INFO  server.RaftServerConfigKeys (ConfUtils.java:logGet(46)) - raft.server.snapshot.retention.file.num = 5 (custom)
2024-01-08 22:37:35,027 [3be0eefd-0f91-4043-b67b-b27b4ab908b0-groupManagement] INFO  server.RaftServerConfigKeys (ConfUtils.java:logGet(46)) - raft.server.log.purge.upto.snapshot.index = false (default)
2024-01-08 22:37:35,027 [3be0eefd-0f91-4043-b67b-b27b4ab908b0-PipelineCommandHandlerThread-0] INFO  ratis.XceiverServerRatis (XceiverServerRatis.java:addGroup(842)) - Created group PipelineID=a8e3b2a6-9d68-41f3-bb16-5857499dade9
2024-01-08 22:37:35,027 [3be0eefd-0f91-4043-b67b-b27b4ab908b0-PipelineCommandHandlerThread-0] INFO  commandhandler.CreatePipelineCommandHandler (CreatePipelineCommandHandler.java:lambda$handle$2(124)) - Created Pipeline RATIS ONE PipelineID=a8e3b2a6-9d68-41f3-bb16-5857499dade9.
2024-01-08 22:37:35,097 [c15a1dbd-1c17-41f9-9118-60766ac127ad-PipelineCommandHandlerThread-0] INFO  server.RaftServer (RaftServerProxy.java:addNew(100)) - c15a1dbd-1c17-41f9-9118-60766ac127ad: addNew group-8A30B06FA7AF:[c15a1dbd-1c17-41f9-9118-60766ac127ad|10.1.0.16:15415] returns group-8A30B06FA7AF:java.util.concurrent.CompletableFuture@78e2dc54[Not completed]
2024-01-08 22:37:35,097 [c15a1dbd-1c17-41f9-9118-60766ac127ad-groupManagement] INFO  server.RaftServer$Division (RaftServerImpl.java:<init>(256)) - c15a1dbd-1c17-41f9-9118-60766ac127ad: new RaftServerImpl for group-8A30B06FA7AF:[c15a1dbd-1c17-41f9-9118-60766ac127ad|10.1.0.16:15415] with ContainerStateMachine:uninitialized
2024-01-08 22:37:35,097 [c15a1dbd-1c17-41f9-9118-60766ac127ad-groupManagement] INFO  server.RaftServerConfigKeys (ConfUtils.java:logGet(46)) - raft.server.rpc.timeout.min = 5s (custom)
2024-01-08 22:37:35,097 [c15a1dbd-1c17-41f9-9118-60766ac127ad-groupManagement] INFO  server.RaftServerConfigKeys (ConfUtils.java:logGet(46)) - raft.server.rpc.timeout.max = 5200ms (custom)
2024-01-08 22:37:35,097 [c15a1dbd-1c17-41f9-9118-60766ac127ad-groupManagement] INFO  server.RaftServerConfigKeys (ConfUtils.java:logGet(46)) - raft.server.rpc.sleep.time = 25ms (default)
2024-01-08 22:37:35,097 [c15a1dbd-1c17-41f9-9118-60766ac127ad-groupManagement] INFO  server.RaftServerConfigKeys (ConfUtils.java:logGet(46)) - raft.server.rpc.slowness.timeout = 300000ms (custom)
2024-01-08 22:37:35,097 [c15a1dbd-1c17-41f9-9118-60766ac127ad-groupManagement] INFO  server.RaftServerConfigKeys (ConfUtils.java:logGet(46)) - raft.server.leaderelection.leader.step-down.wait-time = 10s (default)
2024-01-08 22:37:35,097 [c15a1dbd-1c17-41f9-9118-60766ac127ad-groupManagement] INFO  server.RaftServerConfigKeys (ConfUtils.java:logGet(46)) - raft.server.leaderelection.member.majority-add = false (default)
2024-01-08 22:37:35,097 [c15a1dbd-1c17-41f9-9118-60766ac127ad-groupManagement] INFO  server.RaftServerConfigKeys (ConfUtils.java:logGet(46)) - raft.server.sleep.deviation.threshold = 300ms (default)
2024-01-08 22:37:35,097 [c15a1dbd-1c17-41f9-9118-60766ac127ad-groupManagement] INFO  server.RaftServer$Division (ServerState.java:<init>(113)) - c15a1dbd-1c17-41f9-9118-60766ac127ad@group-8A30B06FA7AF: ConfigurationManager, init=-1: peers:[c15a1dbd-1c17-41f9-9118-60766ac127ad|10.1.0.16:15415]|listeners:[], old=null, confs=<EMPTY_MAP>
2024-01-08 22:37:35,097 [c15a1dbd-1c17-41f9-9118-60766ac127ad-groupManagement] INFO  server.RaftServerConfigKeys (ConfUtils.java:logGet(46)) - raft.server.notification.no-leader.timeout = 300000ms (custom)
2024-01-08 22:37:35,097 [c15a1dbd-1c17-41f9-9118-60766ac127ad-groupManagement] INFO  server.RaftServerConfigKeys (ConfUtils.java:logGet(46)) - raft.server.read.timeout = 10s (default)
2024-01-08 22:37:35,098 [c15a1dbd-1c17-41f9-9118-60766ac127ad-groupManagement] INFO  server.RaftServerConfigKeys (ConfUtils.java:logGet(46)) - raft.server.retrycache.expirytime = 600000ms (custom)
2024-01-08 22:37:35,098 [c15a1dbd-1c17-41f9-9118-60766ac127ad-groupManagement] INFO  server.RaftServerConfigKeys (ConfUtils.java:logGet(46)) - raft.server.retrycache.statistics.expirytime = 100ms (default)
2024-01-08 22:37:35,098 [c15a1dbd-1c17-41f9-9118-60766ac127ad-groupManagement] INFO  server.RaftServerConfigKeys (ConfUtils.java:logGet(46)) - raft.server.read.option = DEFAULT (default)
2024-01-08 22:37:35,098 [c15a1dbd-1c17-41f9-9118-60766ac127ad-groupManagement] INFO  server.RaftServerConfigKeys (ConfUtils.java:logGet(46)) - raft.server.read.read-after-write-consistent.write-index-cache.expiry-time = 60s (default)
2024-01-08 22:37:35,099 [c15a1dbd-1c17-41f9-9118-60766ac127ad-groupManagement] INFO  server.RaftServerConfigKeys (ConfUtils.java:logGet(46)) - raft.server.rpc.request.timeout = 3000ms (default)
2024-01-08 22:37:35,099 [c15a1dbd-1c17-41f9-9118-60766ac127ad-groupManagement] INFO  server.RaftServerConfigKeys (ConfUtils.java:logGet(46)) - raft.server.log.appender.install.snapshot.enabled = false (custom)
2024-01-08 22:37:35,099 [c15a1dbd-1c17-41f9-9118-60766ac127ad-groupManagement] INFO  server.RaftServerConfigKeys (ConfUtils.java:logGet(46)) - raft.server.threadpool.server.cached = true (default)
2024-01-08 22:37:35,099 [c15a1dbd-1c17-41f9-9118-60766ac127ad-groupManagement] INFO  server.RaftServerConfigKeys (ConfUtils.java:logGet(46)) - raft.server.threadpool.server.size = 0 (default)
2024-01-08 22:37:35,099 [c15a1dbd-1c17-41f9-9118-60766ac127ad-groupManagement] INFO  server.RaftServerConfigKeys (ConfUtils.java:logGet(46)) - raft.server.threadpool.client.cached = true (default)
2024-01-08 22:37:35,099 [c15a1dbd-1c17-41f9-9118-60766ac127ad-groupManagement] INFO  server.RaftServerConfigKeys (ConfUtils.java:logGet(46)) - raft.server.threadpool.client.size = 0 (default)
2024-01-08 22:37:35,099 [c15a1dbd-1c17-41f9-9118-60766ac127ad-groupManagement] INFO  server.RaftServerConfigKeys (ConfUtils.java:logGet(46)) - raft.server.storage.free-space.min = 0MB (=0) (default)
2024-01-08 22:37:35,099 [c15a1dbd-1c17-41f9-9118-60766ac127ad-groupManagement] INFO  server.RaftServerConfigKeys (ConfUtils.java:logGet(46)) - raft.server.log.corruption.policy = EXCEPTION (default)
2024-01-08 22:37:35,099 [c15a1dbd-1c17-41f9-9118-60766ac127ad-groupManagement] INFO  server.RaftServerConfigKeys (ConfUtils.java:logGet(46)) - raft.server.storage.dir = [/home/runner/work/ozone/ozone/hadoop-ozone/integration-test/target/test-dir/MiniOzoneClusterImpl-c2c64c26-053e-4d1e-83e3-051e2bfa4916/datanode-5/data/ratis] (custom)
2024-01-08 22:37:35,099 [c15a1dbd-1c17-41f9-9118-60766ac127ad-groupManagement] INFO  storage.RaftStorageDirectory (RaftStorageDirectoryImpl.java:analyzeStorage(138)) - The storage directory /home/runner/work/ozone/ozone/hadoop-ozone/integration-test/target/test-dir/MiniOzoneClusterImpl-c2c64c26-053e-4d1e-83e3-051e2bfa4916/datanode-5/data/ratis/44b32ef7-8b78-4259-9b4a-8a30b06fa7af does not exist. Creating ...
2024-01-08 22:37:35,100 [c15a1dbd-1c17-41f9-9118-60766ac127ad-groupManagement] INFO  storage.RaftStorageDirectory (RaftStorageDirectoryImpl.java:tryLock(232)) - Lock on /home/runner/work/ozone/ozone/hadoop-ozone/integration-test/target/test-dir/MiniOzoneClusterImpl-c2c64c26-053e-4d1e-83e3-051e2bfa4916/datanode-5/data/ratis/44b32ef7-8b78-4259-9b4a-8a30b06fa7af/in_use.lock acquired by nodename 83643@fv-az1425-465
2024-01-08 22:37:35,101 [c15a1dbd-1c17-41f9-9118-60766ac127ad-groupManagement] INFO  storage.RaftStorage (RaftStorageImpl.java:format(97)) - Storage directory /home/runner/work/ozone/ozone/hadoop-ozone/integration-test/target/test-dir/MiniOzoneClusterImpl-c2c64c26-053e-4d1e-83e3-051e2bfa4916/datanode-5/data/ratis/44b32ef7-8b78-4259-9b4a-8a30b06fa7af has been successfully formatted.
2024-01-08 22:37:35,101 [c15a1dbd-1c17-41f9-9118-60766ac127ad-groupManagement] INFO  ratis.ContainerStateMachine (ContainerStateMachine.java:loadSnapshot(287)) - group-8A30B06FA7AF: The snapshot info is null. Setting the last applied index to:(t:0, i:~)
2024-01-08 22:37:35,101 [c15a1dbd-1c17-41f9-9118-60766ac127ad-groupManagement] INFO  server.RaftServerConfigKeys (ConfUtils.java:logGet(46)) - raft.server.log.use.memory = false (default)
2024-01-08 22:37:35,101 [c15a1dbd-1c17-41f9-9118-60766ac127ad-groupManagement] INFO  server.RaftServerConfigKeys (ConfUtils.java:logGet(46)) - raft.server.log.purge.gap = 1000000 (custom)
2024-01-08 22:37:35,102 [c15a1dbd-1c17-41f9-9118-60766ac127ad-groupManagement] INFO  server.RaftServerConfigKeys (ConfUtils.java:logGet(46)) - raft.server.log.appender.buffer.byte-limit = 8388608 (custom)
2024-01-08 22:37:35,102 [c15a1dbd-1c17-41f9-9118-60766ac127ad-groupManagement] INFO  server.RaftServerConfigKeys (ConfUtils.java:logGet(46)) - raft.server.log.statemachine.data.read.timeout = 1000ms (default)
2024-01-08 22:37:35,102 [c15a1dbd-1c17-41f9-9118-60766ac127ad-groupManagement] INFO  server.RaftServerConfigKeys (ConfUtils.java:logGet(46)) - raft.server.log.purge.preservation.log.num = 0 (default)
2024-01-08 22:37:35,102 [EventQueue-PipelineReportForPipelineReportHandler] INFO  pipeline.PipelineReportHandler (PipelineReportHandler.java:processPipelineReport(136)) - Opened pipeline PipelineID=44b32ef7-8b78-4259-9b4a-8a30b06fa7af
2024-01-08 22:37:35,102 [EventQueue-OpenPipelineForHealthyPipelineSafeModeRule] INFO  safemode.SCMSafeModeManager (HealthyPipelineSafeModeRule.java:process(140)) - SCM in safe mode. Healthy pipelines reported count is 0, required healthy pipeline reported count is 1
2024-01-08 22:37:35,103 [c15a1dbd-1c17-41f9-9118-60766ac127ad-groupManagement] INFO  server.RaftServerConfigKeys (ConfUtils.java:logGet(46)) - raft.server.log.segment.size.max = 67108864 (custom)
2024-01-08 22:37:35,103 [c15a1dbd-1c17-41f9-9118-60766ac127ad-groupManagement] INFO  server.RaftServerConfigKeys (ConfUtils.java:logGet(46)) - raft.server.log.segment.cache.num.max = 2 (custom)
2024-01-08 22:37:35,103 [c15a1dbd-1c17-41f9-9118-60766ac127ad-groupManagement] INFO  server.RaftServerConfigKeys (ConfUtils.java:logGet(46)) - raft.server.log.segment.cache.size.max = 200MB (=209715200) (default)
2024-01-08 22:37:35,103 [c15a1dbd-1c17-41f9-9118-60766ac127ad-groupManagement] INFO  server.RaftServerConfigKeys (ConfUtils.java:logGet(46)) - raft.server.log.appender.buffer.byte-limit = 8388608 (custom)
2024-01-08 22:37:35,103 [c15a1dbd-1c17-41f9-9118-60766ac127ad-groupManagement] INFO  util.AwaitToRun (AwaitToRun.java:start(81)) - Thread[c15a1dbd-1c17-41f9-9118-60766ac127ad@group-8A30B06FA7AF-cacheEviction-AwaitToRun,5,main] started
2024-01-08 22:37:35,103 [c15a1dbd-1c17-41f9-9118-60766ac127ad-groupManagement] INFO  segmented.SegmentedRaftLogWorker (SegmentedRaftLogWorker.java:<init>(184)) - new c15a1dbd-1c17-41f9-9118-60766ac127ad@group-8A30B06FA7AF-SegmentedRaftLogWorker for RaftStorageImpl:Storage Directory /home/runner/work/ozone/ozone/hadoop-ozone/integration-test/target/test-dir/MiniOzoneClusterImpl-c2c64c26-053e-4d1e-83e3-051e2bfa4916/datanode-5/data/ratis/44b32ef7-8b78-4259-9b4a-8a30b06fa7af
2024-01-08 22:37:35,103 [c15a1dbd-1c17-41f9-9118-60766ac127ad-groupManagement] INFO  server.RaftServerConfigKeys (ConfUtils.java:logGet(46)) - raft.server.log.queue.byte-limit = 4294967296 (custom)
2024-01-08 22:37:35,103 [c15a1dbd-1c17-41f9-9118-60766ac127ad-groupManagement] INFO  server.RaftServerConfigKeys (ConfUtils.java:logGet(46)) - raft.server.log.queue.element-limit = 1024 (custom)
2024-01-08 22:37:35,103 [c15a1dbd-1c17-41f9-9118-60766ac127ad-groupManagement] INFO  server.RaftServerConfigKeys (ConfUtils.java:logGet(46)) - raft.server.log.segment.size.max = 67108864 (custom)
2024-01-08 22:37:35,103 [c15a1dbd-1c17-41f9-9118-60766ac127ad-groupManagement] INFO  server.RaftServerConfigKeys (ConfUtils.java:logGet(46)) - raft.server.log.preallocated.size = 4194304 (custom)
2024-01-08 22:37:35,103 [c15a1dbd-1c17-41f9-9118-60766ac127ad-groupManagement] INFO  server.RaftServerConfigKeys (ConfUtils.java:logGet(46)) - raft.server.log.force.sync.num = 128 (default)
2024-01-08 22:37:35,103 [c15a1dbd-1c17-41f9-9118-60766ac127ad-groupManagement] INFO  server.RaftServerConfigKeys (ConfUtils.java:logGet(46)) - raft.server.log.statemachine.data.sync = true (default)
2024-01-08 22:37:35,103 [c15a1dbd-1c17-41f9-9118-60766ac127ad-groupManagement] INFO  server.RaftServerConfigKeys (ConfUtils.java:logGet(46)) - raft.server.log.statemachine.data.sync.timeout = 10s (default)
2024-01-08 22:37:35,103 [c15a1dbd-1c17-41f9-9118-60766ac127ad-groupManagement] INFO  server.RaftServerConfigKeys (ConfUtils.java:logGet(46)) - raft.server.log.statemachine.data.sync.timeout.retry = 0 (custom)
2024-01-08 22:37:35,104 [c15a1dbd-1c17-41f9-9118-60766ac127ad-groupManagement] INFO  server.RaftServerConfigKeys (ConfUtils.java:logGet(46)) - raft.server.log.write.buffer.size = 8388616 (custom)
2024-01-08 22:37:35,105 [c15a1dbd-1c17-41f9-9118-60766ac127ad-groupManagement] INFO  server.RaftServerConfigKeys (ConfUtils.java:logGet(46)) - raft.server.log.appender.buffer.byte-limit = 8388608 (custom)
2024-01-08 22:37:35,105 [c15a1dbd-1c17-41f9-9118-60766ac127ad-groupManagement] INFO  server.RaftServerConfigKeys (ConfUtils.java:logGet(46)) - raft.server.log.unsafe-flush.enabled = false (default)
2024-01-08 22:37:35,105 [c15a1dbd-1c17-41f9-9118-60766ac127ad-groupManagement] INFO  server.RaftServerConfigKeys (ConfUtils.java:logGet(46)) - raft.server.log.async-flush.enabled = false (default)
2024-01-08 22:37:35,105 [c15a1dbd-1c17-41f9-9118-60766ac127ad-groupManagement] INFO  server.RaftServerConfigKeys (ConfUtils.java:logGet(46)) - raft.server.log.statemachine.data.caching.enabled = true (custom)
2024-01-08 22:37:35,106 [c15a1dbd-1c17-41f9-9118-60766ac127ad-groupManagement] INFO  segmented.SegmentedRaftLogWorker (SegmentedRaftLogWorker.java:lambda$new$0(135)) - c15a1dbd-1c17-41f9-9118-60766ac127ad@group-8A30B06FA7AF-SegmentedRaftLogWorker: flushIndex: setUnconditionally 0 -> -1
2024-01-08 22:37:35,106 [c15a1dbd-1c17-41f9-9118-60766ac127ad-groupManagement] INFO  segmented.SegmentedRaftLogWorker (SegmentedRaftLogWorker.java:lambda$new$0(135)) - c15a1dbd-1c17-41f9-9118-60766ac127ad@group-8A30B06FA7AF-SegmentedRaftLogWorker: safeCacheEvictIndex: setUnconditionally 0 -> -1
2024-01-08 22:37:35,106 [c15a1dbd-1c17-41f9-9118-60766ac127ad-groupManagement] INFO  server.RaftServer$Division (RaftServerImpl.java:start(392)) - c15a1dbd-1c17-41f9-9118-60766ac127ad@group-8A30B06FA7AF: start as a follower, conf=-1: peers:[c15a1dbd-1c17-41f9-9118-60766ac127ad|10.1.0.16:15415]|listeners:[], old=null
2024-01-08 22:37:35,106 [c15a1dbd-1c17-41f9-9118-60766ac127ad-groupManagement] INFO  server.RaftServer$Division (RaftServerImpl.java:setRole(379)) - c15a1dbd-1c17-41f9-9118-60766ac127ad@group-8A30B06FA7AF: changes role from      null to FOLLOWER at term 0 for startAsFollower
2024-01-08 22:37:35,106 [c15a1dbd-1c17-41f9-9118-60766ac127ad-groupManagement] INFO  impl.RoleInfo (RoleInfo.java:updateAndGet(139)) - c15a1dbd-1c17-41f9-9118-60766ac127ad: start c15a1dbd-1c17-41f9-9118-60766ac127ad@group-8A30B06FA7AF-FollowerState
2024-01-08 22:37:35,106 [c15a1dbd-1c17-41f9-9118-60766ac127ad@group-8A30B06FA7AF-FollowerState] INFO  server.RaftServerConfigKeys (ConfUtils.java:logFallback(53)) - raft.server.rpc.first-election.timeout.min = 5s (fallback to raft.server.rpc.timeout.min)
2024-01-08 22:37:35,106 [c15a1dbd-1c17-41f9-9118-60766ac127ad-groupManagement] INFO  util.JmxRegister (JmxRegister.java:tryRegister(44)) - Successfully registered JMX Bean with object name Ratis:service=RaftServer,group=group-8A30B06FA7AF,id=c15a1dbd-1c17-41f9-9118-60766ac127ad
2024-01-08 22:37:35,106 [c15a1dbd-1c17-41f9-9118-60766ac127ad@group-8A30B06FA7AF-FollowerState] INFO  server.RaftServerConfigKeys (ConfUtils.java:logFallback(53)) - raft.server.rpc.first-election.timeout.max = 5200ms (fallback to raft.server.rpc.timeout.max)
2024-01-08 22:37:35,106 [c15a1dbd-1c17-41f9-9118-60766ac127ad-groupManagement] INFO  server.RaftServerConfigKeys (ConfUtils.java:logGet(46)) - raft.server.snapshot.trigger-when-stop.enabled = true (default)
2024-01-08 22:37:35,106 [c15a1dbd-1c17-41f9-9118-60766ac127ad-groupManagement] INFO  server.RaftServerConfigKeys (ConfUtils.java:logGet(46)) - raft.server.snapshot.auto.trigger.enabled = true (custom)
2024-01-08 22:37:35,106 [c15a1dbd-1c17-41f9-9118-60766ac127ad-groupManagement] INFO  server.RaftServerConfigKeys (ConfUtils.java:logGet(46)) - raft.server.snapshot.auto.trigger.threshold = 10000 (custom)
2024-01-08 22:37:35,106 [c15a1dbd-1c17-41f9-9118-60766ac127ad-groupManagement] INFO  server.RaftServerConfigKeys (ConfUtils.java:logGet(46)) - raft.server.snapshot.retention.file.num = 5 (custom)
2024-01-08 22:37:35,106 [c15a1dbd-1c17-41f9-9118-60766ac127ad-groupManagement] INFO  server.RaftServerConfigKeys (ConfUtils.java:logGet(46)) - raft.server.log.purge.upto.snapshot.index = false (default)
2024-01-08 22:37:35,107 [c15a1dbd-1c17-41f9-9118-60766ac127ad-PipelineCommandHandlerThread-0] INFO  ratis.XceiverServerRatis (XceiverServerRatis.java:addGroup(842)) - Created group PipelineID=44b32ef7-8b78-4259-9b4a-8a30b06fa7af
2024-01-08 22:37:35,107 [c15a1dbd-1c17-41f9-9118-60766ac127ad-PipelineCommandHandlerThread-0] INFO  commandhandler.CreatePipelineCommandHandler (CreatePipelineCommandHandler.java:lambda$handle$2(124)) - Created Pipeline RATIS ONE PipelineID=44b32ef7-8b78-4259-9b4a-8a30b06fa7af.
2024-01-08 22:37:35,178 [0d9d6b7b-744f-4f5a-b215-8082335ad77a-PipelineCommandHandlerThread-0] INFO  server.RaftServer (RaftServerProxy.java:addNew(100)) - 0d9d6b7b-744f-4f5a-b215-8082335ad77a: addNew group-B1DEB076B92C:[0d9d6b7b-744f-4f5a-b215-8082335ad77a|10.1.0.16:15424] returns group-B1DEB076B92C:java.util.concurrent.CompletableFuture@12b493a5[Not completed]
2024-01-08 22:37:35,179 [0d9d6b7b-744f-4f5a-b215-8082335ad77a-groupManagement] INFO  server.RaftServer$Division (RaftServerImpl.java:<init>(256)) - 0d9d6b7b-744f-4f5a-b215-8082335ad77a: new RaftServerImpl for group-B1DEB076B92C:[0d9d6b7b-744f-4f5a-b215-8082335ad77a|10.1.0.16:15424] with ContainerStateMachine:uninitialized
2024-01-08 22:37:35,179 [0d9d6b7b-744f-4f5a-b215-8082335ad77a-groupManagement] INFO  server.RaftServerConfigKeys (ConfUtils.java:logGet(46)) - raft.server.rpc.timeout.min = 5s (custom)
2024-01-08 22:37:35,179 [0d9d6b7b-744f-4f5a-b215-8082335ad77a-groupManagement] INFO  server.RaftServerConfigKeys (ConfUtils.java:logGet(46)) - raft.server.rpc.timeout.max = 5200ms (custom)
2024-01-08 22:37:35,179 [0d9d6b7b-744f-4f5a-b215-8082335ad77a-groupManagement] INFO  server.RaftServerConfigKeys (ConfUtils.java:logGet(46)) - raft.server.rpc.sleep.time = 25ms (default)
2024-01-08 22:37:35,179 [0d9d6b7b-744f-4f5a-b215-8082335ad77a-groupManagement] INFO  server.RaftServerConfigKeys (ConfUtils.java:logGet(46)) - raft.server.rpc.slowness.timeout = 300000ms (custom)
2024-01-08 22:37:35,179 [0d9d6b7b-744f-4f5a-b215-8082335ad77a-groupManagement] INFO  server.RaftServerConfigKeys (ConfUtils.java:logGet(46)) - raft.server.leaderelection.leader.step-down.wait-time = 10s (default)
2024-01-08 22:37:35,179 [0d9d6b7b-744f-4f5a-b215-8082335ad77a-groupManagement] INFO  server.RaftServerConfigKeys (ConfUtils.java:logGet(46)) - raft.server.leaderelection.member.majority-add = false (default)
2024-01-08 22:37:35,179 [0d9d6b7b-744f-4f5a-b215-8082335ad77a-groupManagement] INFO  server.RaftServerConfigKeys (ConfUtils.java:logGet(46)) - raft.server.sleep.deviation.threshold = 300ms (default)
2024-01-08 22:37:35,179 [0d9d6b7b-744f-4f5a-b215-8082335ad77a-groupManagement] INFO  server.RaftServer$Division (ServerState.java:<init>(113)) - 0d9d6b7b-744f-4f5a-b215-8082335ad77a@group-B1DEB076B92C: ConfigurationManager, init=-1: peers:[0d9d6b7b-744f-4f5a-b215-8082335ad77a|10.1.0.16:15424]|listeners:[], old=null, confs=<EMPTY_MAP>
2024-01-08 22:37:35,179 [0d9d6b7b-744f-4f5a-b215-8082335ad77a-groupManagement] INFO  server.RaftServerConfigKeys (ConfUtils.java:logGet(46)) - raft.server.notification.no-leader.timeout = 300000ms (custom)
2024-01-08 22:37:35,179 [0d9d6b7b-744f-4f5a-b215-8082335ad77a-groupManagement] INFO  server.RaftServerConfigKeys (ConfUtils.java:logGet(46)) - raft.server.read.timeout = 10s (default)
2024-01-08 22:37:35,180 [0d9d6b7b-744f-4f5a-b215-8082335ad77a-groupManagement] INFO  server.RaftServerConfigKeys (ConfUtils.java:logGet(46)) - raft.server.retrycache.expirytime = 600000ms (custom)
2024-01-08 22:37:35,180 [0d9d6b7b-744f-4f5a-b215-8082335ad77a-groupManagement] INFO  server.RaftServerConfigKeys (ConfUtils.java:logGet(46)) - raft.server.retrycache.statistics.expirytime = 100ms (default)
2024-01-08 22:37:35,180 [0d9d6b7b-744f-4f5a-b215-8082335ad77a-groupManagement] INFO  server.RaftServerConfigKeys (ConfUtils.java:logGet(46)) - raft.server.read.option = DEFAULT (default)
2024-01-08 22:37:35,180 [0d9d6b7b-744f-4f5a-b215-8082335ad77a-groupManagement] INFO  server.RaftServerConfigKeys (ConfUtils.java:logGet(46)) - raft.server.read.read-after-write-consistent.write-index-cache.expiry-time = 60s (default)
2024-01-08 22:37:35,181 [0d9d6b7b-744f-4f5a-b215-8082335ad77a-groupManagement] INFO  server.RaftServerConfigKeys (ConfUtils.java:logGet(46)) - raft.server.rpc.request.timeout = 3000ms (default)
2024-01-08 22:37:35,181 [0d9d6b7b-744f-4f5a-b215-8082335ad77a-groupManagement] INFO  server.RaftServerConfigKeys (ConfUtils.java:logGet(46)) - raft.server.log.appender.install.snapshot.enabled = false (custom)
2024-01-08 22:37:35,181 [0d9d6b7b-744f-4f5a-b215-8082335ad77a-groupManagement] INFO  server.RaftServerConfigKeys (ConfUtils.java:logGet(46)) - raft.server.threadpool.server.cached = true (default)
2024-01-08 22:37:35,181 [0d9d6b7b-744f-4f5a-b215-8082335ad77a-groupManagement] INFO  server.RaftServerConfigKeys (ConfUtils.java:logGet(46)) - raft.server.threadpool.server.size = 0 (default)
2024-01-08 22:37:35,181 [0d9d6b7b-744f-4f5a-b215-8082335ad77a-groupManagement] INFO  server.RaftServerConfigKeys (ConfUtils.java:logGet(46)) - raft.server.threadpool.client.cached = true (default)
2024-01-08 22:37:35,181 [0d9d6b7b-744f-4f5a-b215-8082335ad77a-groupManagement] INFO  server.RaftServerConfigKeys (ConfUtils.java:logGet(46)) - raft.server.threadpool.client.size = 0 (default)
2024-01-08 22:37:35,181 [0d9d6b7b-744f-4f5a-b215-8082335ad77a-groupManagement] INFO  server.RaftServerConfigKeys (ConfUtils.java:logGet(46)) - raft.server.storage.free-space.min = 0MB (=0) (default)
2024-01-08 22:37:35,181 [0d9d6b7b-744f-4f5a-b215-8082335ad77a-groupManagement] INFO  server.RaftServerConfigKeys (ConfUtils.java:logGet(46)) - raft.server.log.corruption.policy = EXCEPTION (default)
2024-01-08 22:37:35,181 [0d9d6b7b-744f-4f5a-b215-8082335ad77a-groupManagement] INFO  server.RaftServerConfigKeys (ConfUtils.java:logGet(46)) - raft.server.storage.dir = [/home/runner/work/ozone/ozone/hadoop-ozone/integration-test/target/test-dir/MiniOzoneClusterImpl-c2c64c26-053e-4d1e-83e3-051e2bfa4916/datanode-6/data/ratis] (custom)
2024-01-08 22:37:35,181 [0d9d6b7b-744f-4f5a-b215-8082335ad77a-groupManagement] INFO  storage.RaftStorageDirectory (RaftStorageDirectoryImpl.java:analyzeStorage(138)) - The storage directory /home/runner/work/ozone/ozone/hadoop-ozone/integration-test/target/test-dir/MiniOzoneClusterImpl-c2c64c26-053e-4d1e-83e3-051e2bfa4916/datanode-6/data/ratis/d44fdb9f-f608-4ce6-9b08-b1deb076b92c does not exist. Creating ...
2024-01-08 22:37:35,182 [0d9d6b7b-744f-4f5a-b215-8082335ad77a-groupManagement] INFO  storage.RaftStorageDirectory (RaftStorageDirectoryImpl.java:tryLock(232)) - Lock on /home/runner/work/ozone/ozone/hadoop-ozone/integration-test/target/test-dir/MiniOzoneClusterImpl-c2c64c26-053e-4d1e-83e3-051e2bfa4916/datanode-6/data/ratis/d44fdb9f-f608-4ce6-9b08-b1deb076b92c/in_use.lock acquired by nodename 83643@fv-az1425-465
2024-01-08 22:37:35,183 [0d9d6b7b-744f-4f5a-b215-8082335ad77a-groupManagement] INFO  storage.RaftStorage (RaftStorageImpl.java:format(97)) - Storage directory /home/runner/work/ozone/ozone/hadoop-ozone/integration-test/target/test-dir/MiniOzoneClusterImpl-c2c64c26-053e-4d1e-83e3-051e2bfa4916/datanode-6/data/ratis/d44fdb9f-f608-4ce6-9b08-b1deb076b92c has been successfully formatted.
2024-01-08 22:37:35,184 [0d9d6b7b-744f-4f5a-b215-8082335ad77a-groupManagement] INFO  ratis.ContainerStateMachine (ContainerStateMachine.java:loadSnapshot(287)) - group-B1DEB076B92C: The snapshot info is null. Setting the last applied index to:(t:0, i:~)
2024-01-08 22:37:35,184 [0d9d6b7b-744f-4f5a-b215-8082335ad77a-groupManagement] INFO  server.RaftServerConfigKeys (ConfUtils.java:logGet(46)) - raft.server.log.use.memory = false (default)
2024-01-08 22:37:35,184 [0d9d6b7b-744f-4f5a-b215-8082335ad77a-groupManagement] INFO  server.RaftServerConfigKeys (ConfUtils.java:logGet(46)) - raft.server.log.purge.gap = 1000000 (custom)
2024-01-08 22:37:35,184 [0d9d6b7b-744f-4f5a-b215-8082335ad77a-groupManagement] INFO  server.RaftServerConfigKeys (ConfUtils.java:logGet(46)) - raft.server.log.appender.buffer.byte-limit = 8388608 (custom)
2024-01-08 22:37:35,184 [0d9d6b7b-744f-4f5a-b215-8082335ad77a-groupManagement] INFO  server.RaftServerConfigKeys (ConfUtils.java:logGet(46)) - raft.server.log.statemachine.data.read.timeout = 1000ms (default)
2024-01-08 22:37:35,184 [0d9d6b7b-744f-4f5a-b215-8082335ad77a-groupManagement] INFO  server.RaftServerConfigKeys (ConfUtils.java:logGet(46)) - raft.server.log.purge.preservation.log.num = 0 (default)
2024-01-08 22:37:35,185 [EventQueue-PipelineReportForPipelineReportHandler] INFO  pipeline.PipelineReportHandler (PipelineReportHandler.java:processPipelineReport(136)) - Opened pipeline PipelineID=d44fdb9f-f608-4ce6-9b08-b1deb076b92c
2024-01-08 22:37:35,185 [EventQueue-OpenPipelineForHealthyPipelineSafeModeRule] INFO  safemode.SCMSafeModeManager (HealthyPipelineSafeModeRule.java:process(140)) - SCM in safe mode. Healthy pipelines reported count is 0, required healthy pipeline reported count is 1
2024-01-08 22:37:35,185 [0d9d6b7b-744f-4f5a-b215-8082335ad77a-groupManagement] INFO  server.RaftServerConfigKeys (ConfUtils.java:logGet(46)) - raft.server.log.segment.size.max = 67108864 (custom)
2024-01-08 22:37:35,186 [0d9d6b7b-744f-4f5a-b215-8082335ad77a-groupManagement] INFO  server.RaftServerConfigKeys (ConfUtils.java:logGet(46)) - raft.server.log.segment.cache.num.max = 2 (custom)
2024-01-08 22:37:35,186 [0d9d6b7b-744f-4f5a-b215-8082335ad77a-groupManagement] INFO  server.RaftServerConfigKeys (ConfUtils.java:logGet(46)) - raft.server.log.segment.cache.size.max = 200MB (=209715200) (default)
2024-01-08 22:37:35,186 [0d9d6b7b-744f-4f5a-b215-8082335ad77a-groupManagement] INFO  server.RaftServerConfigKeys (ConfUtils.java:logGet(46)) - raft.server.log.appender.buffer.byte-limit = 8388608 (custom)
2024-01-08 22:37:35,186 [0d9d6b7b-744f-4f5a-b215-8082335ad77a-groupManagement] INFO  util.AwaitToRun (AwaitToRun.java:start(81)) - Thread[0d9d6b7b-744f-4f5a-b215-8082335ad77a@group-B1DEB076B92C-cacheEviction-AwaitToRun,5,main] started
2024-01-08 22:37:35,186 [0d9d6b7b-744f-4f5a-b215-8082335ad77a-groupManagement] INFO  segmented.SegmentedRaftLogWorker (SegmentedRaftLogWorker.java:<init>(184)) - new 0d9d6b7b-744f-4f5a-b215-8082335ad77a@group-B1DEB076B92C-SegmentedRaftLogWorker for RaftStorageImpl:Storage Directory /home/runner/work/ozone/ozone/hadoop-ozone/integration-test/target/test-dir/MiniOzoneClusterImpl-c2c64c26-053e-4d1e-83e3-051e2bfa4916/datanode-6/data/ratis/d44fdb9f-f608-4ce6-9b08-b1deb076b92c
2024-01-08 22:37:35,186 [0d9d6b7b-744f-4f5a-b215-8082335ad77a-groupManagement] INFO  server.RaftServerConfigKeys (ConfUtils.java:logGet(46)) - raft.server.log.queue.byte-limit = 4294967296 (custom)
2024-01-08 22:37:35,186 [0d9d6b7b-744f-4f5a-b215-8082335ad77a-groupManagement] INFO  server.RaftServerConfigKeys (ConfUtils.java:logGet(46)) - raft.server.log.queue.element-limit = 1024 (custom)
2024-01-08 22:37:35,186 [0d9d6b7b-744f-4f5a-b215-8082335ad77a-groupManagement] INFO  server.RaftServerConfigKeys (ConfUtils.java:logGet(46)) - raft.server.log.segment.size.max = 67108864 (custom)
2024-01-08 22:37:35,186 [0d9d6b7b-744f-4f5a-b215-8082335ad77a-groupManagement] INFO  server.RaftServerConfigKeys (ConfUtils.java:logGet(46)) - raft.server.log.preallocated.size = 4194304 (custom)
2024-01-08 22:37:35,186 [0d9d6b7b-744f-4f5a-b215-8082335ad77a-groupManagement] INFO  server.RaftServerConfigKeys (ConfUtils.java:logGet(46)) - raft.server.log.force.sync.num = 128 (default)
2024-01-08 22:37:35,186 [0d9d6b7b-744f-4f5a-b215-8082335ad77a-groupManagement] INFO  server.RaftServerConfigKeys (ConfUtils.java:logGet(46)) - raft.server.log.statemachine.data.sync = true (default)
2024-01-08 22:37:35,186 [0d9d6b7b-744f-4f5a-b215-8082335ad77a-groupManagement] INFO  server.RaftServerConfigKeys (ConfUtils.java:logGet(46)) - raft.server.log.statemachine.data.sync.timeout = 10s (default)
2024-01-08 22:37:35,186 [0d9d6b7b-744f-4f5a-b215-8082335ad77a-groupManagement] INFO  server.RaftServerConfigKeys (ConfUtils.java:logGet(46)) - raft.server.log.statemachine.data.sync.timeout.retry = 0 (custom)
2024-01-08 22:37:35,186 [0d9d6b7b-744f-4f5a-b215-8082335ad77a-groupManagement] INFO  server.RaftServerConfigKeys (ConfUtils.java:logGet(46)) - raft.server.log.write.buffer.size = 8388616 (custom)
2024-01-08 22:37:35,188 [0d9d6b7b-744f-4f5a-b215-8082335ad77a-groupManagement] INFO  server.RaftServerConfigKeys (ConfUtils.java:logGet(46)) - raft.server.log.appender.buffer.byte-limit = 8388608 (custom)
2024-01-08 22:37:35,188 [0d9d6b7b-744f-4f5a-b215-8082335ad77a-groupManagement] INFO  server.RaftServerConfigKeys (ConfUtils.java:logGet(46)) - raft.server.log.unsafe-flush.enabled = false (default)
2024-01-08 22:37:35,188 [0d9d6b7b-744f-4f5a-b215-8082335ad77a-groupManagement] INFO  server.RaftServerConfigKeys (ConfUtils.java:logGet(46)) - raft.server.log.async-flush.enabled = false (default)
2024-01-08 22:37:35,188 [0d9d6b7b-744f-4f5a-b215-8082335ad77a-groupManagement] INFO  server.RaftServerConfigKeys (ConfUtils.java:logGet(46)) - raft.server.log.statemachine.data.caching.enabled = true (custom)
2024-01-08 22:37:35,188 [0d9d6b7b-744f-4f5a-b215-8082335ad77a-groupManagement] INFO  segmented.SegmentedRaftLogWorker (SegmentedRaftLogWorker.java:lambda$new$0(135)) - 0d9d6b7b-744f-4f5a-b215-8082335ad77a@group-B1DEB076B92C-SegmentedRaftLogWorker: flushIndex: setUnconditionally 0 -> -1
2024-01-08 22:37:35,188 [0d9d6b7b-744f-4f5a-b215-8082335ad77a-groupManagement] INFO  segmented.SegmentedRaftLogWorker (SegmentedRaftLogWorker.java:lambda$new$0(135)) - 0d9d6b7b-744f-4f5a-b215-8082335ad77a@group-B1DEB076B92C-SegmentedRaftLogWorker: safeCacheEvictIndex: setUnconditionally 0 -> -1
2024-01-08 22:37:35,189 [0d9d6b7b-744f-4f5a-b215-8082335ad77a-groupManagement] INFO  server.RaftServer$Division (RaftServerImpl.java:start(392)) - 0d9d6b7b-744f-4f5a-b215-8082335ad77a@group-B1DEB076B92C: start as a follower, conf=-1: peers:[0d9d6b7b-744f-4f5a-b215-8082335ad77a|10.1.0.16:15424]|listeners:[], old=null
2024-01-08 22:37:35,189 [0d9d6b7b-744f-4f5a-b215-8082335ad77a-groupManagement] INFO  server.RaftServer$Division (RaftServerImpl.java:setRole(379)) - 0d9d6b7b-744f-4f5a-b215-8082335ad77a@group-B1DEB076B92C: changes role from      null to FOLLOWER at term 0 for startAsFollower
2024-01-08 22:37:35,189 [0d9d6b7b-744f-4f5a-b215-8082335ad77a-groupManagement] INFO  impl.RoleInfo (RoleInfo.java:updateAndGet(139)) - 0d9d6b7b-744f-4f5a-b215-8082335ad77a: start 0d9d6b7b-744f-4f5a-b215-8082335ad77a@group-B1DEB076B92C-FollowerState
2024-01-08 22:37:35,189 [0d9d6b7b-744f-4f5a-b215-8082335ad77a-groupManagement] INFO  util.JmxRegister (JmxRegister.java:tryRegister(44)) - Successfully registered JMX Bean with object name Ratis:service=RaftServer,group=group-B1DEB076B92C,id=0d9d6b7b-744f-4f5a-b215-8082335ad77a
2024-01-08 22:37:35,189 [0d9d6b7b-744f-4f5a-b215-8082335ad77a@group-B1DEB076B92C-FollowerState] INFO  server.RaftServerConfigKeys (ConfUtils.java:logFallback(53)) - raft.server.rpc.first-election.timeout.min = 5s (fallback to raft.server.rpc.timeout.min)
2024-01-08 22:37:35,189 [0d9d6b7b-744f-4f5a-b215-8082335ad77a-groupManagement] INFO  server.RaftServerConfigKeys (ConfUtils.java:logGet(46)) - raft.server.snapshot.trigger-when-stop.enabled = true (default)
2024-01-08 22:37:35,189 [0d9d6b7b-744f-4f5a-b215-8082335ad77a@group-B1DEB076B92C-FollowerState] INFO  server.RaftServerConfigKeys (ConfUtils.java:logFallback(53)) - raft.server.rpc.first-election.timeout.max = 5200ms (fallback to raft.server.rpc.timeout.max)
2024-01-08 22:37:35,189 [0d9d6b7b-744f-4f5a-b215-8082335ad77a-groupManagement] INFO  server.RaftServerConfigKeys (ConfUtils.java:logGet(46)) - raft.server.snapshot.auto.trigger.enabled = true (custom)
2024-01-08 22:37:35,189 [0d9d6b7b-744f-4f5a-b215-8082335ad77a-groupManagement] INFO  server.RaftServerConfigKeys (ConfUtils.java:logGet(46)) - raft.server.snapshot.auto.trigger.threshold = 10000 (custom)
2024-01-08 22:37:35,189 [0d9d6b7b-744f-4f5a-b215-8082335ad77a-groupManagement] INFO  server.RaftServerConfigKeys (ConfUtils.java:logGet(46)) - raft.server.snapshot.retention.file.num = 5 (custom)
2024-01-08 22:37:35,189 [0d9d6b7b-744f-4f5a-b215-8082335ad77a-groupManagement] INFO  server.RaftServerConfigKeys (ConfUtils.java:logGet(46)) - raft.server.log.purge.upto.snapshot.index = false (default)
2024-01-08 22:37:35,190 [0d9d6b7b-744f-4f5a-b215-8082335ad77a-PipelineCommandHandlerThread-0] INFO  ratis.XceiverServerRatis (XceiverServerRatis.java:addGroup(842)) - Created group PipelineID=d44fdb9f-f608-4ce6-9b08-b1deb076b92c
2024-01-08 22:37:35,190 [0d9d6b7b-744f-4f5a-b215-8082335ad77a-PipelineCommandHandlerThread-0] INFO  commandhandler.CreatePipelineCommandHandler (CreatePipelineCommandHandler.java:lambda$handle$2(124)) - Created Pipeline RATIS ONE PipelineID=d44fdb9f-f608-4ce6-9b08-b1deb076b92c.
2024-01-08 22:37:35,190 [0d9d6b7b-744f-4f5a-b215-8082335ad77a-PipelineCommandHandlerThread-0] INFO  server.RaftServer (RaftServerProxy.java:addNew(100)) - 0d9d6b7b-744f-4f5a-b215-8082335ad77a: addNew group-0FC28122E465:[0d9d6b7b-744f-4f5a-b215-8082335ad77a|10.1.0.16:15424, 71d6d3a4-9c29-4ff8-bafc-b8f4ae2641d6|10.1.0.16:15442, 92bfa79f-b082-4a9b-a2b8-9a2f5047304a|10.1.0.16:15433] returns group-0FC28122E465:java.util.concurrent.CompletableFuture@168b152b[Not completed]
2024-01-08 22:37:35,191 [0d9d6b7b-744f-4f5a-b215-8082335ad77a-groupManagement] INFO  server.RaftServer$Division (RaftServerImpl.java:<init>(256)) - 0d9d6b7b-744f-4f5a-b215-8082335ad77a: new RaftServerImpl for group-0FC28122E465:[0d9d6b7b-744f-4f5a-b215-8082335ad77a|10.1.0.16:15424, 71d6d3a4-9c29-4ff8-bafc-b8f4ae2641d6|10.1.0.16:15442, 92bfa79f-b082-4a9b-a2b8-9a2f5047304a|10.1.0.16:15433] with ContainerStateMachine:uninitialized
2024-01-08 22:37:35,191 [0d9d6b7b-744f-4f5a-b215-8082335ad77a-groupManagement] INFO  server.RaftServerConfigKeys (ConfUtils.java:logGet(46)) - raft.server.rpc.timeout.min = 5s (custom)
2024-01-08 22:37:35,191 [0d9d6b7b-744f-4f5a-b215-8082335ad77a-groupManagement] INFO  server.RaftServerConfigKeys (ConfUtils.java:logGet(46)) - raft.server.rpc.timeout.max = 5200ms (custom)
2024-01-08 22:37:35,191 [0d9d6b7b-744f-4f5a-b215-8082335ad77a-groupManagement] INFO  server.RaftServerConfigKeys (ConfUtils.java:logGet(46)) - raft.server.rpc.sleep.time = 25ms (default)
2024-01-08 22:37:35,191 [0d9d6b7b-744f-4f5a-b215-8082335ad77a-groupManagement] INFO  server.RaftServerConfigKeys (ConfUtils.java:logGet(46)) - raft.server.rpc.slowness.timeout = 300000ms (custom)
2024-01-08 22:37:35,191 [0d9d6b7b-744f-4f5a-b215-8082335ad77a-groupManagement] INFO  server.RaftServerConfigKeys (ConfUtils.java:logGet(46)) - raft.server.leaderelection.leader.step-down.wait-time = 10s (default)
2024-01-08 22:37:35,191 [0d9d6b7b-744f-4f5a-b215-8082335ad77a-groupManagement] INFO  server.RaftServerConfigKeys (ConfUtils.java:logGet(46)) - raft.server.leaderelection.member.majority-add = false (default)
2024-01-08 22:37:35,191 [0d9d6b7b-744f-4f5a-b215-8082335ad77a-groupManagement] INFO  server.RaftServerConfigKeys (ConfUtils.java:logGet(46)) - raft.server.sleep.deviation.threshold = 300ms (default)
2024-01-08 22:37:35,191 [0d9d6b7b-744f-4f5a-b215-8082335ad77a-groupManagement] INFO  server.RaftServer$Division (ServerState.java:<init>(113)) - 0d9d6b7b-744f-4f5a-b215-8082335ad77a@group-0FC28122E465: ConfigurationManager, init=-1: peers:[0d9d6b7b-744f-4f5a-b215-8082335ad77a|10.1.0.16:15424, 71d6d3a4-9c29-4ff8-bafc-b8f4ae2641d6|10.1.0.16:15442, 92bfa79f-b082-4a9b-a2b8-9a2f5047304a|10.1.0.16:15433]|listeners:[], old=null, confs=<EMPTY_MAP>
2024-01-08 22:37:35,191 [0d9d6b7b-744f-4f5a-b215-8082335ad77a-groupManagement] INFO  server.RaftServerConfigKeys (ConfUtils.java:logGet(46)) - raft.server.notification.no-leader.timeout = 300000ms (custom)
2024-01-08 22:37:35,191 [0d9d6b7b-744f-4f5a-b215-8082335ad77a-groupManagement] INFO  server.RaftServerConfigKeys (ConfUtils.java:logGet(46)) - raft.server.read.timeout = 10s (default)
2024-01-08 22:37:35,191 [0d9d6b7b-744f-4f5a-b215-8082335ad77a-groupManagement] INFO  server.RaftServerConfigKeys (ConfUtils.java:logGet(46)) - raft.server.retrycache.expirytime = 600000ms (custom)
2024-01-08 22:37:35,191 [0d9d6b7b-744f-4f5a-b215-8082335ad77a-groupManagement] INFO  server.RaftServerConfigKeys (ConfUtils.java:logGet(46)) - raft.server.retrycache.statistics.expirytime = 100ms (default)
2024-01-08 22:37:35,191 [0d9d6b7b-744f-4f5a-b215-8082335ad77a-groupManagement] INFO  server.RaftServerConfigKeys (ConfUtils.java:logGet(46)) - raft.server.read.option = DEFAULT (default)
2024-01-08 22:37:35,191 [0d9d6b7b-744f-4f5a-b215-8082335ad77a-groupManagement] INFO  server.RaftServerConfigKeys (ConfUtils.java:logGet(46)) - raft.server.read.read-after-write-consistent.write-index-cache.expiry-time = 60s (default)
2024-01-08 22:37:35,192 [0d9d6b7b-744f-4f5a-b215-8082335ad77a-groupManagement] INFO  server.RaftServerConfigKeys (ConfUtils.java:logGet(46)) - raft.server.rpc.request.timeout = 3000ms (default)
2024-01-08 22:37:35,192 [0d9d6b7b-744f-4f5a-b215-8082335ad77a-groupManagement] INFO  server.RaftServerConfigKeys (ConfUtils.java:logGet(46)) - raft.server.log.appender.install.snapshot.enabled = false (custom)
2024-01-08 22:37:35,192 [0d9d6b7b-744f-4f5a-b215-8082335ad77a-groupManagement] INFO  server.RaftServerConfigKeys (ConfUtils.java:logGet(46)) - raft.server.threadpool.server.cached = true (default)
2024-01-08 22:37:35,193 [0d9d6b7b-744f-4f5a-b215-8082335ad77a-groupManagement] INFO  server.RaftServerConfigKeys (ConfUtils.java:logGet(46)) - raft.server.threadpool.server.size = 0 (default)
2024-01-08 22:37:35,193 [0d9d6b7b-744f-4f5a-b215-8082335ad77a-groupManagement] INFO  server.RaftServerConfigKeys (ConfUtils.java:logGet(46)) - raft.server.threadpool.client.cached = true (default)
2024-01-08 22:37:35,193 [0d9d6b7b-744f-4f5a-b215-8082335ad77a-groupManagement] INFO  server.RaftServerConfigKeys (ConfUtils.java:logGet(46)) - raft.server.threadpool.client.size = 0 (default)
2024-01-08 22:37:35,193 [0d9d6b7b-744f-4f5a-b215-8082335ad77a-groupManagement] INFO  server.RaftServerConfigKeys (ConfUtils.java:logGet(46)) - raft.server.storage.free-space.min = 0MB (=0) (default)
2024-01-08 22:37:35,193 [0d9d6b7b-744f-4f5a-b215-8082335ad77a-groupManagement] INFO  server.RaftServerConfigKeys (ConfUtils.java:logGet(46)) - raft.server.log.corruption.policy = EXCEPTION (default)
2024-01-08 22:37:35,193 [0d9d6b7b-744f-4f5a-b215-8082335ad77a-groupManagement] INFO  server.RaftServerConfigKeys (ConfUtils.java:logGet(46)) - raft.server.storage.dir = [/home/runner/work/ozone/ozone/hadoop-ozone/integration-test/target/test-dir/MiniOzoneClusterImpl-c2c64c26-053e-4d1e-83e3-051e2bfa4916/datanode-6/data/ratis] (custom)
2024-01-08 22:37:35,193 [0d9d6b7b-744f-4f5a-b215-8082335ad77a-groupManagement] INFO  storage.RaftStorageDirectory (RaftStorageDirectoryImpl.java:analyzeStorage(138)) - The storage directory /home/runner/work/ozone/ozone/hadoop-ozone/integration-test/target/test-dir/MiniOzoneClusterImpl-c2c64c26-053e-4d1e-83e3-051e2bfa4916/datanode-6/data/ratis/d9ec8a3d-19b9-494b-964b-0fc28122e465 does not exist. Creating ...
2024-01-08 22:37:35,194 [0d9d6b7b-744f-4f5a-b215-8082335ad77a-groupManagement] INFO  storage.RaftStorageDirectory (RaftStorageDirectoryImpl.java:tryLock(232)) - Lock on /home/runner/work/ozone/ozone/hadoop-ozone/integration-test/target/test-dir/MiniOzoneClusterImpl-c2c64c26-053e-4d1e-83e3-051e2bfa4916/datanode-6/data/ratis/d9ec8a3d-19b9-494b-964b-0fc28122e465/in_use.lock acquired by nodename 83643@fv-az1425-465
2024-01-08 22:37:35,195 [0d9d6b7b-744f-4f5a-b215-8082335ad77a-groupManagement] INFO  storage.RaftStorage (RaftStorageImpl.java:format(97)) - Storage directory /home/runner/work/ozone/ozone/hadoop-ozone/integration-test/target/test-dir/MiniOzoneClusterImpl-c2c64c26-053e-4d1e-83e3-051e2bfa4916/datanode-6/data/ratis/d9ec8a3d-19b9-494b-964b-0fc28122e465 has been successfully formatted.
2024-01-08 22:37:35,196 [0d9d6b7b-744f-4f5a-b215-8082335ad77a-groupManagement] INFO  ratis.ContainerStateMachine (ContainerStateMachine.java:loadSnapshot(287)) - group-0FC28122E465: The snapshot info is null. Setting the last applied index to:(t:0, i:~)
2024-01-08 22:37:35,196 [0d9d6b7b-744f-4f5a-b215-8082335ad77a-groupManagement] INFO  server.RaftServerConfigKeys (ConfUtils.java:logGet(46)) - raft.server.log.use.memory = false (default)
2024-01-08 22:37:35,196 [0d9d6b7b-744f-4f5a-b215-8082335ad77a-groupManagement] INFO  server.RaftServerConfigKeys (ConfUtils.java:logGet(46)) - raft.server.log.purge.gap = 1000000 (custom)
2024-01-08 22:37:35,196 [0d9d6b7b-744f-4f5a-b215-8082335ad77a-groupManagement] INFO  server.RaftServerConfigKeys (ConfUtils.java:logGet(46)) - raft.server.log.appender.buffer.byte-limit = 8388608 (custom)
2024-01-08 22:37:35,196 [0d9d6b7b-744f-4f5a-b215-8082335ad77a-groupManagement] INFO  server.RaftServerConfigKeys (ConfUtils.java:logGet(46)) - raft.server.log.statemachine.data.read.timeout = 1000ms (default)
2024-01-08 22:37:35,196 [0d9d6b7b-744f-4f5a-b215-8082335ad77a-groupManagement] INFO  server.RaftServerConfigKeys (ConfUtils.java:logGet(46)) - raft.server.log.purge.preservation.log.num = 0 (default)
2024-01-08 22:37:35,196 [EventQueue-OpenPipelineForHealthyPipelineSafeModeRule] INFO  safemode.SCMSafeModeManager (HealthyPipelineSafeModeRule.java:process(140)) - SCM in safe mode. Healthy pipelines reported count is 0, required healthy pipeline reported count is 1
2024-01-08 22:37:35,197 [0d9d6b7b-744f-4f5a-b215-8082335ad77a-groupManagement] INFO  server.RaftServerConfigKeys (ConfUtils.java:logGet(46)) - raft.server.log.segment.size.max = 67108864 (custom)
2024-01-08 22:37:35,197 [0d9d6b7b-744f-4f5a-b215-8082335ad77a-groupManagement] INFO  server.RaftServerConfigKeys (ConfUtils.java:logGet(46)) - raft.server.log.segment.cache.num.max = 2 (custom)
2024-01-08 22:37:35,197 [0d9d6b7b-744f-4f5a-b215-8082335ad77a-groupManagement] INFO  server.RaftServerConfigKeys (ConfUtils.java:logGet(46)) - raft.server.log.segment.cache.size.max = 200MB (=209715200) (default)
2024-01-08 22:37:35,197 [0d9d6b7b-744f-4f5a-b215-8082335ad77a-groupManagement] INFO  server.RaftServerConfigKeys (ConfUtils.java:logGet(46)) - raft.server.log.appender.buffer.byte-limit = 8388608 (custom)
2024-01-08 22:37:35,197 [0d9d6b7b-744f-4f5a-b215-8082335ad77a-groupManagement] INFO  util.AwaitToRun (AwaitToRun.java:start(81)) - Thread[0d9d6b7b-744f-4f5a-b215-8082335ad77a@group-0FC28122E465-cacheEviction-AwaitToRun,5,main] started
2024-01-08 22:37:35,197 [0d9d6b7b-744f-4f5a-b215-8082335ad77a-groupManagement] INFO  segmented.SegmentedRaftLogWorker (SegmentedRaftLogWorker.java:<init>(184)) - new 0d9d6b7b-744f-4f5a-b215-8082335ad77a@group-0FC28122E465-SegmentedRaftLogWorker for RaftStorageImpl:Storage Directory /home/runner/work/ozone/ozone/hadoop-ozone/integration-test/target/test-dir/MiniOzoneClusterImpl-c2c64c26-053e-4d1e-83e3-051e2bfa4916/datanode-6/data/ratis/d9ec8a3d-19b9-494b-964b-0fc28122e465
2024-01-08 22:37:35,197 [0d9d6b7b-744f-4f5a-b215-8082335ad77a-groupManagement] INFO  server.RaftServerConfigKeys (ConfUtils.java:logGet(46)) - raft.server.log.queue.byte-limit = 4294967296 (custom)
2024-01-08 22:37:35,197 [0d9d6b7b-744f-4f5a-b215-8082335ad77a-groupManagement] INFO  server.RaftServerConfigKeys (ConfUtils.java:logGet(46)) - raft.server.log.queue.element-limit = 1024 (custom)
2024-01-08 22:37:35,198 [0d9d6b7b-744f-4f5a-b215-8082335ad77a-groupManagement] INFO  server.RaftServerConfigKeys (ConfUtils.java:logGet(46)) - raft.server.log.segment.size.max = 67108864 (custom)
2024-01-08 22:37:35,198 [0d9d6b7b-744f-4f5a-b215-8082335ad77a-groupManagement] INFO  server.RaftServerConfigKeys (ConfUtils.java:logGet(46)) - raft.server.log.preallocated.size = 4194304 (custom)
2024-01-08 22:37:35,198 [0d9d6b7b-744f-4f5a-b215-8082335ad77a-groupManagement] INFO  server.RaftServerConfigKeys (ConfUtils.java:logGet(46)) - raft.server.log.force.sync.num = 128 (default)
2024-01-08 22:37:35,198 [0d9d6b7b-744f-4f5a-b215-8082335ad77a-groupManagement] INFO  server.RaftServerConfigKeys (ConfUtils.java:logGet(46)) - raft.server.log.statemachine.data.sync = true (default)
2024-01-08 22:37:35,198 [0d9d6b7b-744f-4f5a-b215-8082335ad77a-groupManagement] INFO  server.RaftServerConfigKeys (ConfUtils.java:logGet(46)) - raft.server.log.statemachine.data.sync.timeout = 10s (default)
2024-01-08 22:37:35,198 [0d9d6b7b-744f-4f5a-b215-8082335ad77a-groupManagement] INFO  server.RaftServerConfigKeys (ConfUtils.java:logGet(46)) - raft.server.log.statemachine.data.sync.timeout.retry = 0 (custom)
2024-01-08 22:37:35,198 [0d9d6b7b-744f-4f5a-b215-8082335ad77a-groupManagement] INFO  server.RaftServerConfigKeys (ConfUtils.java:logGet(46)) - raft.server.log.write.buffer.size = 8388616 (custom)
2024-01-08 22:37:35,199 [0d9d6b7b-744f-4f5a-b215-8082335ad77a-groupManagement] INFO  server.RaftServerConfigKeys (ConfUtils.java:logGet(46)) - raft.server.log.appender.buffer.byte-limit = 8388608 (custom)
2024-01-08 22:37:35,200 [0d9d6b7b-744f-4f5a-b215-8082335ad77a-groupManagement] INFO  server.RaftServerConfigKeys (ConfUtils.java:logGet(46)) - raft.server.log.unsafe-flush.enabled = false (default)
2024-01-08 22:37:35,200 [0d9d6b7b-744f-4f5a-b215-8082335ad77a-groupManagement] INFO  server.RaftServerConfigKeys (ConfUtils.java:logGet(46)) - raft.server.log.async-flush.enabled = false (default)
2024-01-08 22:37:35,200 [0d9d6b7b-744f-4f5a-b215-8082335ad77a-groupManagement] INFO  server.RaftServerConfigKeys (ConfUtils.java:logGet(46)) - raft.server.log.statemachine.data.caching.enabled = true (custom)
2024-01-08 22:37:35,200 [0d9d6b7b-744f-4f5a-b215-8082335ad77a-groupManagement] INFO  segmented.SegmentedRaftLogWorker (SegmentedRaftLogWorker.java:lambda$new$0(135)) - 0d9d6b7b-744f-4f5a-b215-8082335ad77a@group-0FC28122E465-SegmentedRaftLogWorker: flushIndex: setUnconditionally 0 -> -1
2024-01-08 22:37:35,200 [0d9d6b7b-744f-4f5a-b215-8082335ad77a-groupManagement] INFO  segmented.SegmentedRaftLogWorker (SegmentedRaftLogWorker.java:lambda$new$0(135)) - 0d9d6b7b-744f-4f5a-b215-8082335ad77a@group-0FC28122E465-SegmentedRaftLogWorker: safeCacheEvictIndex: setUnconditionally 0 -> -1
2024-01-08 22:37:35,200 [0d9d6b7b-744f-4f5a-b215-8082335ad77a-groupManagement] INFO  server.RaftServer$Division (RaftServerImpl.java:start(392)) - 0d9d6b7b-744f-4f5a-b215-8082335ad77a@group-0FC28122E465: start as a follower, conf=-1: peers:[0d9d6b7b-744f-4f5a-b215-8082335ad77a|10.1.0.16:15424, 71d6d3a4-9c29-4ff8-bafc-b8f4ae2641d6|10.1.0.16:15442, 92bfa79f-b082-4a9b-a2b8-9a2f5047304a|10.1.0.16:15433]|listeners:[], old=null
2024-01-08 22:37:35,200 [0d9d6b7b-744f-4f5a-b215-8082335ad77a-groupManagement] INFO  server.RaftServer$Division (RaftServerImpl.java:setRole(379)) - 0d9d6b7b-744f-4f5a-b215-8082335ad77a@group-0FC28122E465: changes role from      null to FOLLOWER at term 0 for startAsFollower
2024-01-08 22:37:35,200 [0d9d6b7b-744f-4f5a-b215-8082335ad77a-groupManagement] INFO  impl.RoleInfo (RoleInfo.java:updateAndGet(139)) - 0d9d6b7b-744f-4f5a-b215-8082335ad77a: start 0d9d6b7b-744f-4f5a-b215-8082335ad77a@group-0FC28122E465-FollowerState
2024-01-08 22:37:35,201 [0d9d6b7b-744f-4f5a-b215-8082335ad77a-groupManagement] INFO  util.JmxRegister (JmxRegister.java:tryRegister(44)) - Successfully registered JMX Bean with object name Ratis:service=RaftServer,group=group-0FC28122E465,id=0d9d6b7b-744f-4f5a-b215-8082335ad77a
2024-01-08 22:37:35,201 [0d9d6b7b-744f-4f5a-b215-8082335ad77a@group-0FC28122E465-FollowerState] INFO  server.RaftServerConfigKeys (ConfUtils.java:logFallback(53)) - raft.server.rpc.first-election.timeout.min = 5s (fallback to raft.server.rpc.timeout.min)
2024-01-08 22:37:35,201 [0d9d6b7b-744f-4f5a-b215-8082335ad77a-groupManagement] INFO  server.RaftServerConfigKeys (ConfUtils.java:logGet(46)) - raft.server.snapshot.trigger-when-stop.enabled = true (default)
2024-01-08 22:37:35,201 [0d9d6b7b-744f-4f5a-b215-8082335ad77a-groupManagement] INFO  server.RaftServerConfigKeys (ConfUtils.java:logGet(46)) - raft.server.snapshot.auto.trigger.enabled = true (custom)
2024-01-08 22:37:35,201 [0d9d6b7b-744f-4f5a-b215-8082335ad77a@group-0FC28122E465-FollowerState] INFO  server.RaftServerConfigKeys (ConfUtils.java:logFallback(53)) - raft.server.rpc.first-election.timeout.max = 5200ms (fallback to raft.server.rpc.timeout.max)
2024-01-08 22:37:35,201 [0d9d6b7b-744f-4f5a-b215-8082335ad77a-groupManagement] INFO  server.RaftServerConfigKeys (ConfUtils.java:logGet(46)) - raft.server.snapshot.auto.trigger.threshold = 10000 (custom)
2024-01-08 22:37:35,201 [0d9d6b7b-744f-4f5a-b215-8082335ad77a-groupManagement] INFO  server.RaftServerConfigKeys (ConfUtils.java:logGet(46)) - raft.server.snapshot.retention.file.num = 5 (custom)
2024-01-08 22:37:35,201 [0d9d6b7b-744f-4f5a-b215-8082335ad77a-groupManagement] INFO  server.RaftServerConfigKeys (ConfUtils.java:logGet(46)) - raft.server.log.purge.upto.snapshot.index = false (default)
2024-01-08 22:37:35,201 [0d9d6b7b-744f-4f5a-b215-8082335ad77a-PipelineCommandHandlerThread-0] INFO  ratis.XceiverServerRatis (XceiverServerRatis.java:addGroup(842)) - Created group PipelineID=d9ec8a3d-19b9-494b-964b-0fc28122e465
2024-01-08 22:37:35,207 [grpc-default-executor-2] INFO  server.RaftServer (RaftServerProxy.java:addNew(100)) - 71d6d3a4-9c29-4ff8-bafc-b8f4ae2641d6: addNew group-0FC28122E465:[0d9d6b7b-744f-4f5a-b215-8082335ad77a|10.1.0.16:15424, 71d6d3a4-9c29-4ff8-bafc-b8f4ae2641d6|10.1.0.16:15442, 92bfa79f-b082-4a9b-a2b8-9a2f5047304a|10.1.0.16:15433] returns group-0FC28122E465:java.util.concurrent.CompletableFuture@5ea57419[Not completed]
2024-01-08 22:37:35,207 [71d6d3a4-9c29-4ff8-bafc-b8f4ae2641d6-groupManagement] INFO  server.RaftServer$Division (RaftServerImpl.java:<init>(256)) - 71d6d3a4-9c29-4ff8-bafc-b8f4ae2641d6: new RaftServerImpl for group-0FC28122E465:[0d9d6b7b-744f-4f5a-b215-8082335ad77a|10.1.0.16:15424, 71d6d3a4-9c29-4ff8-bafc-b8f4ae2641d6|10.1.0.16:15442, 92bfa79f-b082-4a9b-a2b8-9a2f5047304a|10.1.0.16:15433] with ContainerStateMachine:uninitialized
2024-01-08 22:37:35,207 [71d6d3a4-9c29-4ff8-bafc-b8f4ae2641d6-groupManagement] INFO  server.RaftServerConfigKeys (ConfUtils.java:logGet(46)) - raft.server.rpc.timeout.min = 5s (custom)
2024-01-08 22:37:35,207 [71d6d3a4-9c29-4ff8-bafc-b8f4ae2641d6-groupManagement] INFO  server.RaftServerConfigKeys (ConfUtils.java:logGet(46)) - raft.server.rpc.timeout.max = 5200ms (custom)
2024-01-08 22:37:35,208 [71d6d3a4-9c29-4ff8-bafc-b8f4ae2641d6-groupManagement] INFO  server.RaftServerConfigKeys (ConfUtils.java:logGet(46)) - raft.server.rpc.sleep.time = 25ms (default)
2024-01-08 22:37:35,208 [71d6d3a4-9c29-4ff8-bafc-b8f4ae2641d6-groupManagement] INFO  server.RaftServerConfigKeys (ConfUtils.java:logGet(46)) - raft.server.rpc.slowness.timeout = 300000ms (custom)
2024-01-08 22:37:35,208 [71d6d3a4-9c29-4ff8-bafc-b8f4ae2641d6-groupManagement] INFO  server.RaftServerConfigKeys (ConfUtils.java:logGet(46)) - raft.server.leaderelection.leader.step-down.wait-time = 10s (default)
2024-01-08 22:37:35,208 [71d6d3a4-9c29-4ff8-bafc-b8f4ae2641d6-groupManagement] INFO  server.RaftServerConfigKeys (ConfUtils.java:logGet(46)) - raft.server.leaderelection.member.majority-add = false (default)
2024-01-08 22:37:35,208 [71d6d3a4-9c29-4ff8-bafc-b8f4ae2641d6-groupManagement] INFO  server.RaftServerConfigKeys (ConfUtils.java:logGet(46)) - raft.server.sleep.deviation.threshold = 300ms (default)
2024-01-08 22:37:35,208 [71d6d3a4-9c29-4ff8-bafc-b8f4ae2641d6-groupManagement] INFO  server.RaftServer$Division (ServerState.java:<init>(113)) - 71d6d3a4-9c29-4ff8-bafc-b8f4ae2641d6@group-0FC28122E465: ConfigurationManager, init=-1: peers:[0d9d6b7b-744f-4f5a-b215-8082335ad77a|10.1.0.16:15424, 71d6d3a4-9c29-4ff8-bafc-b8f4ae2641d6|10.1.0.16:15442, 92bfa79f-b082-4a9b-a2b8-9a2f5047304a|10.1.0.16:15433]|listeners:[], old=null, confs=<EMPTY_MAP>
2024-01-08 22:37:35,208 [71d6d3a4-9c29-4ff8-bafc-b8f4ae2641d6-groupManagement] INFO  server.RaftServerConfigKeys (ConfUtils.java:logGet(46)) - raft.server.notification.no-leader.timeout = 300000ms (custom)
2024-01-08 22:37:35,208 [71d6d3a4-9c29-4ff8-bafc-b8f4ae2641d6-groupManagement] INFO  server.RaftServerConfigKeys (ConfUtils.java:logGet(46)) - raft.server.read.timeout = 10s (default)
2024-01-08 22:37:35,208 [71d6d3a4-9c29-4ff8-bafc-b8f4ae2641d6-groupManagement] INFO  server.RaftServerConfigKeys (ConfUtils.java:logGet(46)) - raft.server.retrycache.expirytime = 600000ms (custom)
2024-01-08 22:37:35,208 [71d6d3a4-9c29-4ff8-bafc-b8f4ae2641d6-groupManagement] INFO  server.RaftServerConfigKeys (ConfUtils.java:logGet(46)) - raft.server.retrycache.statistics.expirytime = 100ms (default)
2024-01-08 22:37:35,208 [71d6d3a4-9c29-4ff8-bafc-b8f4ae2641d6-groupManagement] INFO  server.RaftServerConfigKeys (ConfUtils.java:logGet(46)) - raft.server.read.option = DEFAULT (default)
2024-01-08 22:37:35,208 [71d6d3a4-9c29-4ff8-bafc-b8f4ae2641d6-groupManagement] INFO  server.RaftServerConfigKeys (ConfUtils.java:logGet(46)) - raft.server.read.read-after-write-consistent.write-index-cache.expiry-time = 60s (default)
2024-01-08 22:37:35,211 [71d6d3a4-9c29-4ff8-bafc-b8f4ae2641d6-groupManagement] INFO  server.RaftServerConfigKeys (ConfUtils.java:logGet(46)) - raft.server.rpc.request.timeout = 3000ms (default)
2024-01-08 22:37:35,211 [71d6d3a4-9c29-4ff8-bafc-b8f4ae2641d6-groupManagement] INFO  server.RaftServerConfigKeys (ConfUtils.java:logGet(46)) - raft.server.log.appender.install.snapshot.enabled = false (custom)
2024-01-08 22:37:35,211 [71d6d3a4-9c29-4ff8-bafc-b8f4ae2641d6-groupManagement] INFO  server.RaftServerConfigKeys (ConfUtils.java:logGet(46)) - raft.server.threadpool.server.cached = true (default)
2024-01-08 22:37:35,211 [71d6d3a4-9c29-4ff8-bafc-b8f4ae2641d6-groupManagement] INFO  server.RaftServerConfigKeys (ConfUtils.java:logGet(46)) - raft.server.threadpool.server.size = 0 (default)
2024-01-08 22:37:35,211 [71d6d3a4-9c29-4ff8-bafc-b8f4ae2641d6-groupManagement] INFO  server.RaftServerConfigKeys (ConfUtils.java:logGet(46)) - raft.server.threadpool.client.cached = true (default)
2024-01-08 22:37:35,211 [71d6d3a4-9c29-4ff8-bafc-b8f4ae2641d6-groupManagement] INFO  server.RaftServerConfigKeys (ConfUtils.java:logGet(46)) - raft.server.threadpool.client.size = 0 (default)
2024-01-08 22:37:35,211 [71d6d3a4-9c29-4ff8-bafc-b8f4ae2641d6-groupManagement] INFO  server.RaftServerConfigKeys (ConfUtils.java:logGet(46)) - raft.server.storage.free-space.min = 0MB (=0) (default)
2024-01-08 22:37:35,211 [71d6d3a4-9c29-4ff8-bafc-b8f4ae2641d6-groupManagement] INFO  server.RaftServerConfigKeys (ConfUtils.java:logGet(46)) - raft.server.log.corruption.policy = EXCEPTION (default)
2024-01-08 22:37:35,211 [71d6d3a4-9c29-4ff8-bafc-b8f4ae2641d6-groupManagement] INFO  server.RaftServerConfigKeys (ConfUtils.java:logGet(46)) - raft.server.storage.dir = [/home/runner/work/ozone/ozone/hadoop-ozone/integration-test/target/test-dir/MiniOzoneClusterImpl-c2c64c26-053e-4d1e-83e3-051e2bfa4916/datanode-8/data/ratis] (custom)
2024-01-08 22:37:35,211 [71d6d3a4-9c29-4ff8-bafc-b8f4ae2641d6-groupManagement] INFO  storage.RaftStorageDirectory (RaftStorageDirectoryImpl.java:analyzeStorage(138)) - The storage directory /home/runner/work/ozone/ozone/hadoop-ozone/integration-test/target/test-dir/MiniOzoneClusterImpl-c2c64c26-053e-4d1e-83e3-051e2bfa4916/datanode-8/data/ratis/d9ec8a3d-19b9-494b-964b-0fc28122e465 does not exist. Creating ...
2024-01-08 22:37:35,212 [71d6d3a4-9c29-4ff8-bafc-b8f4ae2641d6-groupManagement] INFO  storage.RaftStorageDirectory (RaftStorageDirectoryImpl.java:tryLock(232)) - Lock on /home/runner/work/ozone/ozone/hadoop-ozone/integration-test/target/test-dir/MiniOzoneClusterImpl-c2c64c26-053e-4d1e-83e3-051e2bfa4916/datanode-8/data/ratis/d9ec8a3d-19b9-494b-964b-0fc28122e465/in_use.lock acquired by nodename 83643@fv-az1425-465
2024-01-08 22:37:35,213 [71d6d3a4-9c29-4ff8-bafc-b8f4ae2641d6-groupManagement] INFO  storage.RaftStorage (RaftStorageImpl.java:format(97)) - Storage directory /home/runner/work/ozone/ozone/hadoop-ozone/integration-test/target/test-dir/MiniOzoneClusterImpl-c2c64c26-053e-4d1e-83e3-051e2bfa4916/datanode-8/data/ratis/d9ec8a3d-19b9-494b-964b-0fc28122e465 has been successfully formatted.
2024-01-08 22:37:35,214 [71d6d3a4-9c29-4ff8-bafc-b8f4ae2641d6-groupManagement] INFO  ratis.ContainerStateMachine (ContainerStateMachine.java:loadSnapshot(287)) - group-0FC28122E465: The snapshot info is null. Setting the last applied index to:(t:0, i:~)
2024-01-08 22:37:35,214 [71d6d3a4-9c29-4ff8-bafc-b8f4ae2641d6-groupManagement] INFO  server.RaftServerConfigKeys (ConfUtils.java:logGet(46)) - raft.server.log.use.memory = false (default)
2024-01-08 22:37:35,214 [71d6d3a4-9c29-4ff8-bafc-b8f4ae2641d6-groupManagement] INFO  server.RaftServerConfigKeys (ConfUtils.java:logGet(46)) - raft.server.log.purge.gap = 1000000 (custom)
2024-01-08 22:37:35,214 [71d6d3a4-9c29-4ff8-bafc-b8f4ae2641d6-groupManagement] INFO  server.RaftServerConfigKeys (ConfUtils.java:logGet(46)) - raft.server.log.appender.buffer.byte-limit = 8388608 (custom)
2024-01-08 22:37:35,214 [71d6d3a4-9c29-4ff8-bafc-b8f4ae2641d6-groupManagement] INFO  server.RaftServerConfigKeys (ConfUtils.java:logGet(46)) - raft.server.log.statemachine.data.read.timeout = 1000ms (default)
2024-01-08 22:37:35,214 [71d6d3a4-9c29-4ff8-bafc-b8f4ae2641d6-groupManagement] INFO  server.RaftServerConfigKeys (ConfUtils.java:logGet(46)) - raft.server.log.purge.preservation.log.num = 0 (default)
2024-01-08 22:37:35,216 [71d6d3a4-9c29-4ff8-bafc-b8f4ae2641d6-groupManagement] INFO  server.RaftServerConfigKeys (ConfUtils.java:logGet(46)) - raft.server.log.segment.size.max = 67108864 (custom)
2024-01-08 22:37:35,216 [71d6d3a4-9c29-4ff8-bafc-b8f4ae2641d6-groupManagement] INFO  server.RaftServerConfigKeys (ConfUtils.java:logGet(46)) - raft.server.log.segment.cache.num.max = 2 (custom)
2024-01-08 22:37:35,216 [71d6d3a4-9c29-4ff8-bafc-b8f4ae2641d6-groupManagement] INFO  server.RaftServerConfigKeys (ConfUtils.java:logGet(46)) - raft.server.log.segment.cache.size.max = 200MB (=209715200) (default)
2024-01-08 22:37:35,216 [71d6d3a4-9c29-4ff8-bafc-b8f4ae2641d6-groupManagement] INFO  server.RaftServerConfigKeys (ConfUtils.java:logGet(46)) - raft.server.log.appender.buffer.byte-limit = 8388608 (custom)
2024-01-08 22:37:35,216 [71d6d3a4-9c29-4ff8-bafc-b8f4ae2641d6-groupManagement] INFO  util.AwaitToRun (AwaitToRun.java:start(81)) - Thread[71d6d3a4-9c29-4ff8-bafc-b8f4ae2641d6@group-0FC28122E465-cacheEviction-AwaitToRun,5,main] started
2024-01-08 22:37:35,216 [71d6d3a4-9c29-4ff8-bafc-b8f4ae2641d6-groupManagement] INFO  segmented.SegmentedRaftLogWorker (SegmentedRaftLogWorker.java:<init>(184)) - new 71d6d3a4-9c29-4ff8-bafc-b8f4ae2641d6@group-0FC28122E465-SegmentedRaftLogWorker for RaftStorageImpl:Storage Directory /home/runner/work/ozone/ozone/hadoop-ozone/integration-test/target/test-dir/MiniOzoneClusterImpl-c2c64c26-053e-4d1e-83e3-051e2bfa4916/datanode-8/data/ratis/d9ec8a3d-19b9-494b-964b-0fc28122e465
2024-01-08 22:37:35,217 [71d6d3a4-9c29-4ff8-bafc-b8f4ae2641d6-groupManagement] INFO  server.RaftServerConfigKeys (ConfUtils.java:logGet(46)) - raft.server.log.queue.byte-limit = 4294967296 (custom)
2024-01-08 22:37:35,217 [71d6d3a4-9c29-4ff8-bafc-b8f4ae2641d6-groupManagement] INFO  server.RaftServerConfigKeys (ConfUtils.java:logGet(46)) - raft.server.log.queue.element-limit = 1024 (custom)
2024-01-08 22:37:35,217 [71d6d3a4-9c29-4ff8-bafc-b8f4ae2641d6-groupManagement] INFO  server.RaftServerConfigKeys (ConfUtils.java:logGet(46)) - raft.server.log.segment.size.max = 67108864 (custom)
2024-01-08 22:37:35,217 [71d6d3a4-9c29-4ff8-bafc-b8f4ae2641d6-groupManagement] INFO  server.RaftServerConfigKeys (ConfUtils.java:logGet(46)) - raft.server.log.preallocated.size = 4194304 (custom)
2024-01-08 22:37:35,217 [71d6d3a4-9c29-4ff8-bafc-b8f4ae2641d6-groupManagement] INFO  server.RaftServerConfigKeys (ConfUtils.java:logGet(46)) - raft.server.log.force.sync.num = 128 (default)
2024-01-08 22:37:35,217 [71d6d3a4-9c29-4ff8-bafc-b8f4ae2641d6-groupManagement] INFO  server.RaftServerConfigKeys (ConfUtils.java:logGet(46)) - raft.server.log.statemachine.data.sync = true (default)
2024-01-08 22:37:35,217 [71d6d3a4-9c29-4ff8-bafc-b8f4ae2641d6-groupManagement] INFO  server.RaftServerConfigKeys (ConfUtils.java:logGet(46)) - raft.server.log.statemachine.data.sync.timeout = 10s (default)
2024-01-08 22:37:35,217 [71d6d3a4-9c29-4ff8-bafc-b8f4ae2641d6-groupManagement] INFO  server.RaftServerConfigKeys (ConfUtils.java:logGet(46)) - raft.server.log.statemachine.data.sync.timeout.retry = 0 (custom)
2024-01-08 22:37:35,217 [71d6d3a4-9c29-4ff8-bafc-b8f4ae2641d6-groupManagement] INFO  server.RaftServerConfigKeys (ConfUtils.java:logGet(46)) - raft.server.log.write.buffer.size = 8388616 (custom)
2024-01-08 22:37:35,219 [71d6d3a4-9c29-4ff8-bafc-b8f4ae2641d6-groupManagement] INFO  server.RaftServerConfigKeys (ConfUtils.java:logGet(46)) - raft.server.log.appender.buffer.byte-limit = 8388608 (custom)
2024-01-08 22:37:35,220 [71d6d3a4-9c29-4ff8-bafc-b8f4ae2641d6-groupManagement] INFO  server.RaftServerConfigKeys (ConfUtils.java:logGet(46)) - raft.server.log.unsafe-flush.enabled = false (default)
2024-01-08 22:37:35,220 [71d6d3a4-9c29-4ff8-bafc-b8f4ae2641d6-groupManagement] INFO  server.RaftServerConfigKeys (ConfUtils.java:logGet(46)) - raft.server.log.async-flush.enabled = false (default)
2024-01-08 22:37:35,220 [71d6d3a4-9c29-4ff8-bafc-b8f4ae2641d6-groupManagement] INFO  server.RaftServerConfigKeys (ConfUtils.java:logGet(46)) - raft.server.log.statemachine.data.caching.enabled = true (custom)
2024-01-08 22:37:35,220 [71d6d3a4-9c29-4ff8-bafc-b8f4ae2641d6-groupManagement] INFO  segmented.SegmentedRaftLogWorker (SegmentedRaftLogWorker.java:lambda$new$0(135)) - 71d6d3a4-9c29-4ff8-bafc-b8f4ae2641d6@group-0FC28122E465-SegmentedRaftLogWorker: flushIndex: setUnconditionally 0 -> -1
2024-01-08 22:37:35,220 [71d6d3a4-9c29-4ff8-bafc-b8f4ae2641d6-groupManagement] INFO  segmented.SegmentedRaftLogWorker (SegmentedRaftLogWorker.java:lambda$new$0(135)) - 71d6d3a4-9c29-4ff8-bafc-b8f4ae2641d6@group-0FC28122E465-SegmentedRaftLogWorker: safeCacheEvictIndex: setUnconditionally 0 -> -1
2024-01-08 22:37:35,220 [71d6d3a4-9c29-4ff8-bafc-b8f4ae2641d6-groupManagement] INFO  server.RaftServer$Division (RaftServerImpl.java:start(392)) - 71d6d3a4-9c29-4ff8-bafc-b8f4ae2641d6@group-0FC28122E465: start as a follower, conf=-1: peers:[0d9d6b7b-744f-4f5a-b215-8082335ad77a|10.1.0.16:15424, 71d6d3a4-9c29-4ff8-bafc-b8f4ae2641d6|10.1.0.16:15442, 92bfa79f-b082-4a9b-a2b8-9a2f5047304a|10.1.0.16:15433]|listeners:[], old=null
2024-01-08 22:37:35,220 [71d6d3a4-9c29-4ff8-bafc-b8f4ae2641d6-groupManagement] INFO  server.RaftServer$Division (RaftServerImpl.java:setRole(379)) - 71d6d3a4-9c29-4ff8-bafc-b8f4ae2641d6@group-0FC28122E465: changes role from      null to FOLLOWER at term 0 for startAsFollower
2024-01-08 22:37:35,220 [71d6d3a4-9c29-4ff8-bafc-b8f4ae2641d6-groupManagement] INFO  impl.RoleInfo (RoleInfo.java:updateAndGet(139)) - 71d6d3a4-9c29-4ff8-bafc-b8f4ae2641d6: start 71d6d3a4-9c29-4ff8-bafc-b8f4ae2641d6@group-0FC28122E465-FollowerState
2024-01-08 22:37:35,221 [71d6d3a4-9c29-4ff8-bafc-b8f4ae2641d6@group-0FC28122E465-FollowerState] INFO  server.RaftServerConfigKeys (ConfUtils.java:logFallback(53)) - raft.server.rpc.first-election.timeout.min = 5s (fallback to raft.server.rpc.timeout.min)
2024-01-08 22:37:35,221 [71d6d3a4-9c29-4ff8-bafc-b8f4ae2641d6-groupManagement] INFO  util.JmxRegister (JmxRegister.java:tryRegister(44)) - Successfully registered JMX Bean with object name Ratis:service=RaftServer,group=group-0FC28122E465,id=71d6d3a4-9c29-4ff8-bafc-b8f4ae2641d6
2024-01-08 22:37:35,221 [71d6d3a4-9c29-4ff8-bafc-b8f4ae2641d6@group-0FC28122E465-FollowerState] INFO  server.RaftServerConfigKeys (ConfUtils.java:logFallback(53)) - raft.server.rpc.first-election.timeout.max = 5200ms (fallback to raft.server.rpc.timeout.max)
2024-01-08 22:37:35,221 [71d6d3a4-9c29-4ff8-bafc-b8f4ae2641d6-groupManagement] INFO  server.RaftServerConfigKeys (ConfUtils.java:logGet(46)) - raft.server.snapshot.trigger-when-stop.enabled = true (default)
2024-01-08 22:37:35,221 [71d6d3a4-9c29-4ff8-bafc-b8f4ae2641d6-groupManagement] INFO  server.RaftServerConfigKeys (ConfUtils.java:logGet(46)) - raft.server.snapshot.auto.trigger.enabled = true (custom)
2024-01-08 22:37:35,221 [71d6d3a4-9c29-4ff8-bafc-b8f4ae2641d6-groupManagement] INFO  server.RaftServerConfigKeys (ConfUtils.java:logGet(46)) - raft.server.snapshot.auto.trigger.threshold = 10000 (custom)
2024-01-08 22:37:35,221 [71d6d3a4-9c29-4ff8-bafc-b8f4ae2641d6-groupManagement] INFO  server.RaftServerConfigKeys (ConfUtils.java:logGet(46)) - raft.server.snapshot.retention.file.num = 5 (custom)
2024-01-08 22:37:35,221 [71d6d3a4-9c29-4ff8-bafc-b8f4ae2641d6-groupManagement] INFO  server.RaftServerConfigKeys (ConfUtils.java:logGet(46)) - raft.server.log.purge.upto.snapshot.index = false (default)
2024-01-08 22:37:35,230 [grpc-default-executor-2] INFO  server.RaftServer (RaftServerProxy.java:addNew(100)) - 92bfa79f-b082-4a9b-a2b8-9a2f5047304a: addNew group-0FC28122E465:[0d9d6b7b-744f-4f5a-b215-8082335ad77a|10.1.0.16:15424, 71d6d3a4-9c29-4ff8-bafc-b8f4ae2641d6|10.1.0.16:15442, 92bfa79f-b082-4a9b-a2b8-9a2f5047304a|10.1.0.16:15433] returns group-0FC28122E465:java.util.concurrent.CompletableFuture@4c912180[Not completed]
2024-01-08 22:37:35,230 [92bfa79f-b082-4a9b-a2b8-9a2f5047304a-groupManagement] INFO  server.RaftServer$Division (RaftServerImpl.java:<init>(256)) - 92bfa79f-b082-4a9b-a2b8-9a2f5047304a: new RaftServerImpl for group-0FC28122E465:[0d9d6b7b-744f-4f5a-b215-8082335ad77a|10.1.0.16:15424, 71d6d3a4-9c29-4ff8-bafc-b8f4ae2641d6|10.1.0.16:15442, 92bfa79f-b082-4a9b-a2b8-9a2f5047304a|10.1.0.16:15433] with ContainerStateMachine:uninitialized
2024-01-08 22:37:35,230 [92bfa79f-b082-4a9b-a2b8-9a2f5047304a-groupManagement] INFO  server.RaftServerConfigKeys (ConfUtils.java:logGet(46)) - raft.server.rpc.timeout.min = 5s (custom)
2024-01-08 22:37:35,230 [92bfa79f-b082-4a9b-a2b8-9a2f5047304a-groupManagement] INFO  server.RaftServerConfigKeys (ConfUtils.java:logGet(46)) - raft.server.rpc.timeout.max = 5200ms (custom)
2024-01-08 22:37:35,230 [92bfa79f-b082-4a9b-a2b8-9a2f5047304a-groupManagement] INFO  server.RaftServerConfigKeys (ConfUtils.java:logGet(46)) - raft.server.rpc.sleep.time = 25ms (default)
2024-01-08 22:37:35,230 [92bfa79f-b082-4a9b-a2b8-9a2f5047304a-groupManagement] INFO  server.RaftServerConfigKeys (ConfUtils.java:logGet(46)) - raft.server.rpc.slowness.timeout = 300000ms (custom)
2024-01-08 22:37:35,231 [92bfa79f-b082-4a9b-a2b8-9a2f5047304a-groupManagement] INFO  server.RaftServerConfigKeys (ConfUtils.java:logGet(46)) - raft.server.leaderelection.leader.step-down.wait-time = 10s (default)
2024-01-08 22:37:35,231 [92bfa79f-b082-4a9b-a2b8-9a2f5047304a-groupManagement] INFO  server.RaftServerConfigKeys (ConfUtils.java:logGet(46)) - raft.server.leaderelection.member.majority-add = false (default)
2024-01-08 22:37:35,231 [92bfa79f-b082-4a9b-a2b8-9a2f5047304a-groupManagement] INFO  server.RaftServerConfigKeys (ConfUtils.java:logGet(46)) - raft.server.sleep.deviation.threshold = 300ms (default)
2024-01-08 22:37:35,231 [92bfa79f-b082-4a9b-a2b8-9a2f5047304a-groupManagement] INFO  server.RaftServer$Division (ServerState.java:<init>(113)) - 92bfa79f-b082-4a9b-a2b8-9a2f5047304a@group-0FC28122E465: ConfigurationManager, init=-1: peers:[0d9d6b7b-744f-4f5a-b215-8082335ad77a|10.1.0.16:15424, 71d6d3a4-9c29-4ff8-bafc-b8f4ae2641d6|10.1.0.16:15442, 92bfa79f-b082-4a9b-a2b8-9a2f5047304a|10.1.0.16:15433]|listeners:[], old=null, confs=<EMPTY_MAP>
2024-01-08 22:37:35,231 [92bfa79f-b082-4a9b-a2b8-9a2f5047304a-groupManagement] INFO  server.RaftServerConfigKeys (ConfUtils.java:logGet(46)) - raft.server.notification.no-leader.timeout = 300000ms (custom)
2024-01-08 22:37:35,231 [92bfa79f-b082-4a9b-a2b8-9a2f5047304a-groupManagement] INFO  server.RaftServerConfigKeys (ConfUtils.java:logGet(46)) - raft.server.read.timeout = 10s (default)
2024-01-08 22:37:35,231 [92bfa79f-b082-4a9b-a2b8-9a2f5047304a-groupManagement] INFO  server.RaftServerConfigKeys (ConfUtils.java:logGet(46)) - raft.server.retrycache.expirytime = 600000ms (custom)
2024-01-08 22:37:35,231 [92bfa79f-b082-4a9b-a2b8-9a2f5047304a-groupManagement] INFO  server.RaftServerConfigKeys (ConfUtils.java:logGet(46)) - raft.server.retrycache.statistics.expirytime = 100ms (default)
2024-01-08 22:37:35,231 [92bfa79f-b082-4a9b-a2b8-9a2f5047304a-groupManagement] INFO  server.RaftServerConfigKeys (ConfUtils.java:logGet(46)) - raft.server.read.option = DEFAULT (default)
2024-01-08 22:37:35,231 [92bfa79f-b082-4a9b-a2b8-9a2f5047304a-groupManagement] INFO  server.RaftServerConfigKeys (ConfUtils.java:logGet(46)) - raft.server.read.read-after-write-consistent.write-index-cache.expiry-time = 60s (default)
2024-01-08 22:37:35,233 [92bfa79f-b082-4a9b-a2b8-9a2f5047304a-groupManagement] INFO  server.RaftServerConfigKeys (ConfUtils.java:logGet(46)) - raft.server.rpc.request.timeout = 3000ms (default)
2024-01-08 22:37:35,233 [92bfa79f-b082-4a9b-a2b8-9a2f5047304a-groupManagement] INFO  server.RaftServerConfigKeys (ConfUtils.java:logGet(46)) - raft.server.log.appender.install.snapshot.enabled = false (custom)
2024-01-08 22:37:35,233 [92bfa79f-b082-4a9b-a2b8-9a2f5047304a-groupManagement] INFO  server.RaftServerConfigKeys (ConfUtils.java:logGet(46)) - raft.server.threadpool.server.cached = true (default)
2024-01-08 22:37:35,233 [92bfa79f-b082-4a9b-a2b8-9a2f5047304a-groupManagement] INFO  server.RaftServerConfigKeys (ConfUtils.java:logGet(46)) - raft.server.threadpool.server.size = 0 (default)
2024-01-08 22:37:35,234 [92bfa79f-b082-4a9b-a2b8-9a2f5047304a-groupManagement] INFO  server.RaftServerConfigKeys (ConfUtils.java:logGet(46)) - raft.server.threadpool.client.cached = true (default)
2024-01-08 22:37:35,234 [92bfa79f-b082-4a9b-a2b8-9a2f5047304a-groupManagement] INFO  server.RaftServerConfigKeys (ConfUtils.java:logGet(46)) - raft.server.threadpool.client.size = 0 (default)
2024-01-08 22:37:35,234 [92bfa79f-b082-4a9b-a2b8-9a2f5047304a-groupManagement] INFO  server.RaftServerConfigKeys (ConfUtils.java:logGet(46)) - raft.server.storage.free-space.min = 0MB (=0) (default)
2024-01-08 22:37:35,234 [92bfa79f-b082-4a9b-a2b8-9a2f5047304a-groupManagement] INFO  server.RaftServerConfigKeys (ConfUtils.java:logGet(46)) - raft.server.log.corruption.policy = EXCEPTION (default)
2024-01-08 22:37:35,234 [92bfa79f-b082-4a9b-a2b8-9a2f5047304a-groupManagement] INFO  server.RaftServerConfigKeys (ConfUtils.java:logGet(46)) - raft.server.storage.dir = [/home/runner/work/ozone/ozone/hadoop-ozone/integration-test/target/test-dir/MiniOzoneClusterImpl-c2c64c26-053e-4d1e-83e3-051e2bfa4916/datanode-7/data/ratis] (custom)
2024-01-08 22:37:35,234 [92bfa79f-b082-4a9b-a2b8-9a2f5047304a-groupManagement] INFO  storage.RaftStorageDirectory (RaftStorageDirectoryImpl.java:analyzeStorage(138)) - The storage directory /home/runner/work/ozone/ozone/hadoop-ozone/integration-test/target/test-dir/MiniOzoneClusterImpl-c2c64c26-053e-4d1e-83e3-051e2bfa4916/datanode-7/data/ratis/d9ec8a3d-19b9-494b-964b-0fc28122e465 does not exist. Creating ...
2024-01-08 22:37:35,235 [92bfa79f-b082-4a9b-a2b8-9a2f5047304a-groupManagement] INFO  storage.RaftStorageDirectory (RaftStorageDirectoryImpl.java:tryLock(232)) - Lock on /home/runner/work/ozone/ozone/hadoop-ozone/integration-test/target/test-dir/MiniOzoneClusterImpl-c2c64c26-053e-4d1e-83e3-051e2bfa4916/datanode-7/data/ratis/d9ec8a3d-19b9-494b-964b-0fc28122e465/in_use.lock acquired by nodename 83643@fv-az1425-465
2024-01-08 22:37:35,235 [92bfa79f-b082-4a9b-a2b8-9a2f5047304a-groupManagement] INFO  storage.RaftStorage (RaftStorageImpl.java:format(97)) - Storage directory /home/runner/work/ozone/ozone/hadoop-ozone/integration-test/target/test-dir/MiniOzoneClusterImpl-c2c64c26-053e-4d1e-83e3-051e2bfa4916/datanode-7/data/ratis/d9ec8a3d-19b9-494b-964b-0fc28122e465 has been successfully formatted.
2024-01-08 22:37:35,236 [92bfa79f-b082-4a9b-a2b8-9a2f5047304a-groupManagement] INFO  ratis.ContainerStateMachine (ContainerStateMachine.java:loadSnapshot(287)) - group-0FC28122E465: The snapshot info is null. Setting the last applied index to:(t:0, i:~)
2024-01-08 22:37:35,236 [92bfa79f-b082-4a9b-a2b8-9a2f5047304a-groupManagement] INFO  server.RaftServerConfigKeys (ConfUtils.java:logGet(46)) - raft.server.log.use.memory = false (default)
2024-01-08 22:37:35,236 [92bfa79f-b082-4a9b-a2b8-9a2f5047304a-groupManagement] INFO  server.RaftServerConfigKeys (ConfUtils.java:logGet(46)) - raft.server.log.purge.gap = 1000000 (custom)
2024-01-08 22:37:35,236 [92bfa79f-b082-4a9b-a2b8-9a2f5047304a-groupManagement] INFO  server.RaftServerConfigKeys (ConfUtils.java:logGet(46)) - raft.server.log.appender.buffer.byte-limit = 8388608 (custom)
2024-01-08 22:37:35,236 [92bfa79f-b082-4a9b-a2b8-9a2f5047304a-groupManagement] INFO  server.RaftServerConfigKeys (ConfUtils.java:logGet(46)) - raft.server.log.statemachine.data.read.timeout = 1000ms (default)
2024-01-08 22:37:35,236 [92bfa79f-b082-4a9b-a2b8-9a2f5047304a-groupManagement] INFO  server.RaftServerConfigKeys (ConfUtils.java:logGet(46)) - raft.server.log.purge.preservation.log.num = 0 (default)
2024-01-08 22:37:35,237 [92bfa79f-b082-4a9b-a2b8-9a2f5047304a-groupManagement] INFO  server.RaftServerConfigKeys (ConfUtils.java:logGet(46)) - raft.server.log.segment.size.max = 67108864 (custom)
2024-01-08 22:37:35,237 [92bfa79f-b082-4a9b-a2b8-9a2f5047304a-groupManagement] INFO  server.RaftServerConfigKeys (ConfUtils.java:logGet(46)) - raft.server.log.segment.cache.num.max = 2 (custom)
2024-01-08 22:37:35,238 [92bfa79f-b082-4a9b-a2b8-9a2f5047304a-groupManagement] INFO  server.RaftServerConfigKeys (ConfUtils.java:logGet(46)) - raft.server.log.segment.cache.size.max = 200MB (=209715200) (default)
2024-01-08 22:37:35,238 [92bfa79f-b082-4a9b-a2b8-9a2f5047304a-groupManagement] INFO  server.RaftServerConfigKeys (ConfUtils.java:logGet(46)) - raft.server.log.appender.buffer.byte-limit = 8388608 (custom)
2024-01-08 22:37:35,238 [92bfa79f-b082-4a9b-a2b8-9a2f5047304a-groupManagement] INFO  util.AwaitToRun (AwaitToRun.java:start(81)) - Thread[92bfa79f-b082-4a9b-a2b8-9a2f5047304a@group-0FC28122E465-cacheEviction-AwaitToRun,5,main] started
2024-01-08 22:37:35,238 [92bfa79f-b082-4a9b-a2b8-9a2f5047304a-groupManagement] INFO  segmented.SegmentedRaftLogWorker (SegmentedRaftLogWorker.java:<init>(184)) - new 92bfa79f-b082-4a9b-a2b8-9a2f5047304a@group-0FC28122E465-SegmentedRaftLogWorker for RaftStorageImpl:Storage Directory /home/runner/work/ozone/ozone/hadoop-ozone/integration-test/target/test-dir/MiniOzoneClusterImpl-c2c64c26-053e-4d1e-83e3-051e2bfa4916/datanode-7/data/ratis/d9ec8a3d-19b9-494b-964b-0fc28122e465
2024-01-08 22:37:35,238 [92bfa79f-b082-4a9b-a2b8-9a2f5047304a-groupManagement] INFO  server.RaftServerConfigKeys (ConfUtils.java:logGet(46)) - raft.server.log.queue.byte-limit = 4294967296 (custom)
2024-01-08 22:37:35,238 [92bfa79f-b082-4a9b-a2b8-9a2f5047304a-groupManagement] INFO  server.RaftServerConfigKeys (ConfUtils.java:logGet(46)) - raft.server.log.queue.element-limit = 1024 (custom)
2024-01-08 22:37:35,238 [92bfa79f-b082-4a9b-a2b8-9a2f5047304a-groupManagement] INFO  server.RaftServerConfigKeys (ConfUtils.java:logGet(46)) - raft.server.log.segment.size.max = 67108864 (custom)
2024-01-08 22:37:35,238 [92bfa79f-b082-4a9b-a2b8-9a2f5047304a-groupManagement] INFO  server.RaftServerConfigKeys (ConfUtils.java:logGet(46)) - raft.server.log.preallocated.size = 4194304 (custom)
2024-01-08 22:37:35,238 [92bfa79f-b082-4a9b-a2b8-9a2f5047304a-groupManagement] INFO  server.RaftServerConfigKeys (ConfUtils.java:logGet(46)) - raft.server.log.force.sync.num = 128 (default)
2024-01-08 22:37:35,238 [92bfa79f-b082-4a9b-a2b8-9a2f5047304a-groupManagement] INFO  server.RaftServerConfigKeys (ConfUtils.java:logGet(46)) - raft.server.log.statemachine.data.sync = true (default)
2024-01-08 22:37:35,238 [92bfa79f-b082-4a9b-a2b8-9a2f5047304a-groupManagement] INFO  server.RaftServerConfigKeys (ConfUtils.java:logGet(46)) - raft.server.log.statemachine.data.sync.timeout = 10s (default)
2024-01-08 22:37:35,238 [92bfa79f-b082-4a9b-a2b8-9a2f5047304a-groupManagement] INFO  server.RaftServerConfigKeys (ConfUtils.java:logGet(46)) - raft.server.log.statemachine.data.sync.timeout.retry = 0 (custom)
2024-01-08 22:37:35,238 [92bfa79f-b082-4a9b-a2b8-9a2f5047304a-groupManagement] INFO  server.RaftServerConfigKeys (ConfUtils.java:logGet(46)) - raft.server.log.write.buffer.size = 8388616 (custom)
2024-01-08 22:37:35,239 [92bfa79f-b082-4a9b-a2b8-9a2f5047304a-groupManagement] INFO  server.RaftServerConfigKeys (ConfUtils.java:logGet(46)) - raft.server.log.appender.buffer.byte-limit = 8388608 (custom)
2024-01-08 22:37:35,240 [92bfa79f-b082-4a9b-a2b8-9a2f5047304a-groupManagement] INFO  server.RaftServerConfigKeys (ConfUtils.java:logGet(46)) - raft.server.log.unsafe-flush.enabled = false (default)
2024-01-08 22:37:35,240 [92bfa79f-b082-4a9b-a2b8-9a2f5047304a-groupManagement] INFO  server.RaftServerConfigKeys (ConfUtils.java:logGet(46)) - raft.server.log.async-flush.enabled = false (default)
2024-01-08 22:37:35,240 [92bfa79f-b082-4a9b-a2b8-9a2f5047304a-groupManagement] INFO  server.RaftServerConfigKeys (ConfUtils.java:logGet(46)) - raft.server.log.statemachine.data.caching.enabled = true (custom)
2024-01-08 22:37:35,240 [92bfa79f-b082-4a9b-a2b8-9a2f5047304a-groupManagement] INFO  segmented.SegmentedRaftLogWorker (SegmentedRaftLogWorker.java:lambda$new$0(135)) - 92bfa79f-b082-4a9b-a2b8-9a2f5047304a@group-0FC28122E465-SegmentedRaftLogWorker: flushIndex: setUnconditionally 0 -> -1
2024-01-08 22:37:35,240 [92bfa79f-b082-4a9b-a2b8-9a2f5047304a-groupManagement] INFO  segmented.SegmentedRaftLogWorker (SegmentedRaftLogWorker.java:lambda$new$0(135)) - 92bfa79f-b082-4a9b-a2b8-9a2f5047304a@group-0FC28122E465-SegmentedRaftLogWorker: safeCacheEvictIndex: setUnconditionally 0 -> -1
2024-01-08 22:37:35,240 [92bfa79f-b082-4a9b-a2b8-9a2f5047304a-groupManagement] INFO  server.RaftServer$Division (RaftServerImpl.java:start(392)) - 92bfa79f-b082-4a9b-a2b8-9a2f5047304a@group-0FC28122E465: start as a follower, conf=-1: peers:[0d9d6b7b-744f-4f5a-b215-8082335ad77a|10.1.0.16:15424, 71d6d3a4-9c29-4ff8-bafc-b8f4ae2641d6|10.1.0.16:15442, 92bfa79f-b082-4a9b-a2b8-9a2f5047304a|10.1.0.16:15433]|listeners:[], old=null
2024-01-08 22:37:35,240 [92bfa79f-b082-4a9b-a2b8-9a2f5047304a-groupManagement] INFO  server.RaftServer$Division (RaftServerImpl.java:setRole(379)) - 92bfa79f-b082-4a9b-a2b8-9a2f5047304a@group-0FC28122E465: changes role from      null to FOLLOWER at term 0 for startAsFollower
2024-01-08 22:37:35,240 [92bfa79f-b082-4a9b-a2b8-9a2f5047304a-groupManagement] INFO  impl.RoleInfo (RoleInfo.java:updateAndGet(139)) - 92bfa79f-b082-4a9b-a2b8-9a2f5047304a: start 92bfa79f-b082-4a9b-a2b8-9a2f5047304a@group-0FC28122E465-FollowerState
2024-01-08 22:37:35,241 [92bfa79f-b082-4a9b-a2b8-9a2f5047304a@group-0FC28122E465-FollowerState] INFO  server.RaftServerConfigKeys (ConfUtils.java:logFallback(53)) - raft.server.rpc.first-election.timeout.min = 5s (fallback to raft.server.rpc.timeout.min)
2024-01-08 22:37:35,241 [92bfa79f-b082-4a9b-a2b8-9a2f5047304a-groupManagement] INFO  util.JmxRegister (JmxRegister.java:tryRegister(44)) - Successfully registered JMX Bean with object name Ratis:service=RaftServer,group=group-0FC28122E465,id=92bfa79f-b082-4a9b-a2b8-9a2f5047304a
2024-01-08 22:37:35,241 [92bfa79f-b082-4a9b-a2b8-9a2f5047304a@group-0FC28122E465-FollowerState] INFO  server.RaftServerConfigKeys (ConfUtils.java:logFallback(53)) - raft.server.rpc.first-election.timeout.max = 5200ms (fallback to raft.server.rpc.timeout.max)
2024-01-08 22:37:35,241 [92bfa79f-b082-4a9b-a2b8-9a2f5047304a-groupManagement] INFO  server.RaftServerConfigKeys (ConfUtils.java:logGet(46)) - raft.server.snapshot.trigger-when-stop.enabled = true (default)
2024-01-08 22:37:35,241 [92bfa79f-b082-4a9b-a2b8-9a2f5047304a-groupManagement] INFO  server.RaftServerConfigKeys (ConfUtils.java:logGet(46)) - raft.server.snapshot.auto.trigger.enabled = true (custom)
2024-01-08 22:37:35,241 [92bfa79f-b082-4a9b-a2b8-9a2f5047304a-groupManagement] INFO  server.RaftServerConfigKeys (ConfUtils.java:logGet(46)) - raft.server.snapshot.auto.trigger.threshold = 10000 (custom)
2024-01-08 22:37:35,241 [92bfa79f-b082-4a9b-a2b8-9a2f5047304a-groupManagement] INFO  server.RaftServerConfigKeys (ConfUtils.java:logGet(46)) - raft.server.snapshot.retention.file.num = 5 (custom)
2024-01-08 22:37:35,241 [92bfa79f-b082-4a9b-a2b8-9a2f5047304a-groupManagement] INFO  server.RaftServerConfigKeys (ConfUtils.java:logGet(46)) - raft.server.log.purge.upto.snapshot.index = false (default)
2024-01-08 22:37:35,248 [0d9d6b7b-744f-4f5a-b215-8082335ad77a-PipelineCommandHandlerThread-0] INFO  commandhandler.CreatePipelineCommandHandler (CreatePipelineCommandHandler.java:lambda$handle$2(124)) - Created Pipeline RATIS THREE PipelineID=d9ec8a3d-19b9-494b-964b-0fc28122e465.
2024-01-08 22:37:35,274 [92bfa79f-b082-4a9b-a2b8-9a2f5047304a-PipelineCommandHandlerThread-0] INFO  server.RaftServer (RaftServerProxy.java:addNew(100)) - 92bfa79f-b082-4a9b-a2b8-9a2f5047304a: addNew group-0062432AB966:[92bfa79f-b082-4a9b-a2b8-9a2f5047304a|10.1.0.16:15433] returns group-0062432AB966:java.util.concurrent.CompletableFuture@69683a52[Not completed]
2024-01-08 22:37:35,275 [92bfa79f-b082-4a9b-a2b8-9a2f5047304a-groupManagement] INFO  server.RaftServer$Division (RaftServerImpl.java:<init>(256)) - 92bfa79f-b082-4a9b-a2b8-9a2f5047304a: new RaftServerImpl for group-0062432AB966:[92bfa79f-b082-4a9b-a2b8-9a2f5047304a|10.1.0.16:15433] with ContainerStateMachine:uninitialized
2024-01-08 22:37:35,275 [92bfa79f-b082-4a9b-a2b8-9a2f5047304a-groupManagement] INFO  server.RaftServerConfigKeys (ConfUtils.java:logGet(46)) - raft.server.rpc.timeout.min = 5s (custom)
2024-01-08 22:37:35,275 [92bfa79f-b082-4a9b-a2b8-9a2f5047304a-groupManagement] INFO  server.RaftServerConfigKeys (ConfUtils.java:logGet(46)) - raft.server.rpc.timeout.max = 5200ms (custom)
2024-01-08 22:37:35,275 [92bfa79f-b082-4a9b-a2b8-9a2f5047304a-groupManagement] INFO  server.RaftServerConfigKeys (ConfUtils.java:logGet(46)) - raft.server.rpc.sleep.time = 25ms (default)
2024-01-08 22:37:35,275 [92bfa79f-b082-4a9b-a2b8-9a2f5047304a-groupManagement] INFO  server.RaftServerConfigKeys (ConfUtils.java:logGet(46)) - raft.server.rpc.slowness.timeout = 300000ms (custom)
2024-01-08 22:37:35,275 [92bfa79f-b082-4a9b-a2b8-9a2f5047304a-groupManagement] INFO  server.RaftServerConfigKeys (ConfUtils.java:logGet(46)) - raft.server.leaderelection.leader.step-down.wait-time = 10s (default)
2024-01-08 22:37:35,275 [92bfa79f-b082-4a9b-a2b8-9a2f5047304a-groupManagement] INFO  server.RaftServerConfigKeys (ConfUtils.java:logGet(46)) - raft.server.leaderelection.member.majority-add = false (default)
2024-01-08 22:37:35,275 [92bfa79f-b082-4a9b-a2b8-9a2f5047304a-groupManagement] INFO  server.RaftServerConfigKeys (ConfUtils.java:logGet(46)) - raft.server.sleep.deviation.threshold = 300ms (default)
2024-01-08 22:37:35,275 [92bfa79f-b082-4a9b-a2b8-9a2f5047304a-groupManagement] INFO  server.RaftServer$Division (ServerState.java:<init>(113)) - 92bfa79f-b082-4a9b-a2b8-9a2f5047304a@group-0062432AB966: ConfigurationManager, init=-1: peers:[92bfa79f-b082-4a9b-a2b8-9a2f5047304a|10.1.0.16:15433]|listeners:[], old=null, confs=<EMPTY_MAP>
2024-01-08 22:37:35,275 [92bfa79f-b082-4a9b-a2b8-9a2f5047304a-groupManagement] INFO  server.RaftServerConfigKeys (ConfUtils.java:logGet(46)) - raft.server.notification.no-leader.timeout = 300000ms (custom)
2024-01-08 22:37:35,275 [92bfa79f-b082-4a9b-a2b8-9a2f5047304a-groupManagement] INFO  server.RaftServerConfigKeys (ConfUtils.java:logGet(46)) - raft.server.read.timeout = 10s (default)
2024-01-08 22:37:35,275 [92bfa79f-b082-4a9b-a2b8-9a2f5047304a-groupManagement] INFO  server.RaftServerConfigKeys (ConfUtils.java:logGet(46)) - raft.server.retrycache.expirytime = 600000ms (custom)
2024-01-08 22:37:35,275 [92bfa79f-b082-4a9b-a2b8-9a2f5047304a-groupManagement] INFO  server.RaftServerConfigKeys (ConfUtils.java:logGet(46)) - raft.server.retrycache.statistics.expirytime = 100ms (default)
2024-01-08 22:37:35,275 [92bfa79f-b082-4a9b-a2b8-9a2f5047304a-groupManagement] INFO  server.RaftServerConfigKeys (ConfUtils.java:logGet(46)) - raft.server.read.option = DEFAULT (default)
2024-01-08 22:37:35,275 [92bfa79f-b082-4a9b-a2b8-9a2f5047304a-groupManagement] INFO  server.RaftServerConfigKeys (ConfUtils.java:logGet(46)) - raft.server.read.read-after-write-consistent.write-index-cache.expiry-time = 60s (default)
2024-01-08 22:37:35,277 [92bfa79f-b082-4a9b-a2b8-9a2f5047304a-groupManagement] INFO  server.RaftServerConfigKeys (ConfUtils.java:logGet(46)) - raft.server.rpc.request.timeout = 3000ms (default)
2024-01-08 22:37:35,277 [92bfa79f-b082-4a9b-a2b8-9a2f5047304a-groupManagement] INFO  server.RaftServerConfigKeys (ConfUtils.java:logGet(46)) - raft.server.log.appender.install.snapshot.enabled = false (custom)
2024-01-08 22:37:35,277 [92bfa79f-b082-4a9b-a2b8-9a2f5047304a-groupManagement] INFO  server.RaftServerConfigKeys (ConfUtils.java:logGet(46)) - raft.server.threadpool.server.cached = true (default)
2024-01-08 22:37:35,277 [92bfa79f-b082-4a9b-a2b8-9a2f5047304a-groupManagement] INFO  server.RaftServerConfigKeys (ConfUtils.java:logGet(46)) - raft.server.threadpool.server.size = 0 (default)
2024-01-08 22:37:35,277 [92bfa79f-b082-4a9b-a2b8-9a2f5047304a-groupManagement] INFO  server.RaftServerConfigKeys (ConfUtils.java:logGet(46)) - raft.server.threadpool.client.cached = true (default)
2024-01-08 22:37:35,277 [92bfa79f-b082-4a9b-a2b8-9a2f5047304a-groupManagement] INFO  server.RaftServerConfigKeys (ConfUtils.java:logGet(46)) - raft.server.threadpool.client.size = 0 (default)
2024-01-08 22:37:35,277 [92bfa79f-b082-4a9b-a2b8-9a2f5047304a-groupManagement] INFO  server.RaftServerConfigKeys (ConfUtils.java:logGet(46)) - raft.server.storage.free-space.min = 0MB (=0) (default)
2024-01-08 22:37:35,277 [92bfa79f-b082-4a9b-a2b8-9a2f5047304a-groupManagement] INFO  server.RaftServerConfigKeys (ConfUtils.java:logGet(46)) - raft.server.log.corruption.policy = EXCEPTION (default)
2024-01-08 22:37:35,277 [92bfa79f-b082-4a9b-a2b8-9a2f5047304a-groupManagement] INFO  server.RaftServerConfigKeys (ConfUtils.java:logGet(46)) - raft.server.storage.dir = [/home/runner/work/ozone/ozone/hadoop-ozone/integration-test/target/test-dir/MiniOzoneClusterImpl-c2c64c26-053e-4d1e-83e3-051e2bfa4916/datanode-7/data/ratis] (custom)
2024-01-08 22:37:35,277 [92bfa79f-b082-4a9b-a2b8-9a2f5047304a-groupManagement] INFO  storage.RaftStorageDirectory (RaftStorageDirectoryImpl.java:analyzeStorage(138)) - The storage directory /home/runner/work/ozone/ozone/hadoop-ozone/integration-test/target/test-dir/MiniOzoneClusterImpl-c2c64c26-053e-4d1e-83e3-051e2bfa4916/datanode-7/data/ratis/48da0ecb-e53a-4be1-90e1-0062432ab966 does not exist. Creating ...
2024-01-08 22:37:35,278 [92bfa79f-b082-4a9b-a2b8-9a2f5047304a-groupManagement] INFO  storage.RaftStorageDirectory (RaftStorageDirectoryImpl.java:tryLock(232)) - Lock on /home/runner/work/ozone/ozone/hadoop-ozone/integration-test/target/test-dir/MiniOzoneClusterImpl-c2c64c26-053e-4d1e-83e3-051e2bfa4916/datanode-7/data/ratis/48da0ecb-e53a-4be1-90e1-0062432ab966/in_use.lock acquired by nodename 83643@fv-az1425-465
2024-01-08 22:37:35,279 [92bfa79f-b082-4a9b-a2b8-9a2f5047304a-groupManagement] INFO  storage.RaftStorage (RaftStorageImpl.java:format(97)) - Storage directory /home/runner/work/ozone/ozone/hadoop-ozone/integration-test/target/test-dir/MiniOzoneClusterImpl-c2c64c26-053e-4d1e-83e3-051e2bfa4916/datanode-7/data/ratis/48da0ecb-e53a-4be1-90e1-0062432ab966 has been successfully formatted.
2024-01-08 22:37:35,279 [92bfa79f-b082-4a9b-a2b8-9a2f5047304a-groupManagement] INFO  ratis.ContainerStateMachine (ContainerStateMachine.java:loadSnapshot(287)) - group-0062432AB966: The snapshot info is null. Setting the last applied index to:(t:0, i:~)
2024-01-08 22:37:35,279 [92bfa79f-b082-4a9b-a2b8-9a2f5047304a-groupManagement] INFO  server.RaftServerConfigKeys (ConfUtils.java:logGet(46)) - raft.server.log.use.memory = false (default)
2024-01-08 22:37:35,280 [92bfa79f-b082-4a9b-a2b8-9a2f5047304a-groupManagement] INFO  server.RaftServerConfigKeys (ConfUtils.java:logGet(46)) - raft.server.log.purge.gap = 1000000 (custom)
2024-01-08 22:37:35,280 [92bfa79f-b082-4a9b-a2b8-9a2f5047304a-groupManagement] INFO  server.RaftServerConfigKeys (ConfUtils.java:logGet(46)) - raft.server.log.appender.buffer.byte-limit = 8388608 (custom)
2024-01-08 22:37:35,280 [92bfa79f-b082-4a9b-a2b8-9a2f5047304a-groupManagement] INFO  server.RaftServerConfigKeys (ConfUtils.java:logGet(46)) - raft.server.log.statemachine.data.read.timeout = 1000ms (default)
2024-01-08 22:37:35,280 [92bfa79f-b082-4a9b-a2b8-9a2f5047304a-groupManagement] INFO  server.RaftServerConfigKeys (ConfUtils.java:logGet(46)) - raft.server.log.purge.preservation.log.num = 0 (default)
2024-01-08 22:37:35,280 [EventQueue-PipelineReportForPipelineReportHandler] INFO  pipeline.PipelineReportHandler (PipelineReportHandler.java:processPipelineReport(136)) - Opened pipeline PipelineID=48da0ecb-e53a-4be1-90e1-0062432ab966
2024-01-08 22:37:35,281 [EventQueue-OpenPipelineForHealthyPipelineSafeModeRule] INFO  safemode.SCMSafeModeManager (HealthyPipelineSafeModeRule.java:process(140)) - SCM in safe mode. Healthy pipelines reported count is 0, required healthy pipeline reported count is 1
2024-01-08 22:37:35,281 [92bfa79f-b082-4a9b-a2b8-9a2f5047304a-groupManagement] INFO  server.RaftServerConfigKeys (ConfUtils.java:logGet(46)) - raft.server.log.segment.size.max = 67108864 (custom)
2024-01-08 22:37:35,282 [92bfa79f-b082-4a9b-a2b8-9a2f5047304a-groupManagement] INFO  server.RaftServerConfigKeys (ConfUtils.java:logGet(46)) - raft.server.log.segment.cache.num.max = 2 (custom)
2024-01-08 22:37:35,282 [92bfa79f-b082-4a9b-a2b8-9a2f5047304a-groupManagement] INFO  server.RaftServerConfigKeys (ConfUtils.java:logGet(46)) - raft.server.log.segment.cache.size.max = 200MB (=209715200) (default)
2024-01-08 22:37:35,282 [92bfa79f-b082-4a9b-a2b8-9a2f5047304a-groupManagement] INFO  server.RaftServerConfigKeys (ConfUtils.java:logGet(46)) - raft.server.log.appender.buffer.byte-limit = 8388608 (custom)
2024-01-08 22:37:35,282 [92bfa79f-b082-4a9b-a2b8-9a2f5047304a-groupManagement] INFO  util.AwaitToRun (AwaitToRun.java:start(81)) - Thread[92bfa79f-b082-4a9b-a2b8-9a2f5047304a@group-0062432AB966-cacheEviction-AwaitToRun,5,main] started
2024-01-08 22:37:35,282 [92bfa79f-b082-4a9b-a2b8-9a2f5047304a-groupManagement] INFO  segmented.SegmentedRaftLogWorker (SegmentedRaftLogWorker.java:<init>(184)) - new 92bfa79f-b082-4a9b-a2b8-9a2f5047304a@group-0062432AB966-SegmentedRaftLogWorker for RaftStorageImpl:Storage Directory /home/runner/work/ozone/ozone/hadoop-ozone/integration-test/target/test-dir/MiniOzoneClusterImpl-c2c64c26-053e-4d1e-83e3-051e2bfa4916/datanode-7/data/ratis/48da0ecb-e53a-4be1-90e1-0062432ab966
2024-01-08 22:37:35,282 [92bfa79f-b082-4a9b-a2b8-9a2f5047304a-groupManagement] INFO  server.RaftServerConfigKeys (ConfUtils.java:logGet(46)) - raft.server.log.queue.byte-limit = 4294967296 (custom)
2024-01-08 22:37:35,282 [92bfa79f-b082-4a9b-a2b8-9a2f5047304a-groupManagement] INFO  server.RaftServerConfigKeys (ConfUtils.java:logGet(46)) - raft.server.log.queue.element-limit = 1024 (custom)
2024-01-08 22:37:35,282 [92bfa79f-b082-4a9b-a2b8-9a2f5047304a-groupManagement] INFO  server.RaftServerConfigKeys (ConfUtils.java:logGet(46)) - raft.server.log.segment.size.max = 67108864 (custom)
2024-01-08 22:37:35,282 [92bfa79f-b082-4a9b-a2b8-9a2f5047304a-groupManagement] INFO  server.RaftServerConfigKeys (ConfUtils.java:logGet(46)) - raft.server.log.preallocated.size = 4194304 (custom)
2024-01-08 22:37:35,282 [92bfa79f-b082-4a9b-a2b8-9a2f5047304a-groupManagement] INFO  server.RaftServerConfigKeys (ConfUtils.java:logGet(46)) - raft.server.log.force.sync.num = 128 (default)
2024-01-08 22:37:35,282 [92bfa79f-b082-4a9b-a2b8-9a2f5047304a-groupManagement] INFO  server.RaftServerConfigKeys (ConfUtils.java:logGet(46)) - raft.server.log.statemachine.data.sync = true (default)
2024-01-08 22:37:35,282 [92bfa79f-b082-4a9b-a2b8-9a2f5047304a-groupManagement] INFO  server.RaftServerConfigKeys (ConfUtils.java:logGet(46)) - raft.server.log.statemachine.data.sync.timeout = 10s (default)
2024-01-08 22:37:35,282 [92bfa79f-b082-4a9b-a2b8-9a2f5047304a-groupManagement] INFO  server.RaftServerConfigKeys (ConfUtils.java:logGet(46)) - raft.server.log.statemachine.data.sync.timeout.retry = 0 (custom)
2024-01-08 22:37:35,283 [92bfa79f-b082-4a9b-a2b8-9a2f5047304a-groupManagement] INFO  server.RaftServerConfigKeys (ConfUtils.java:logGet(46)) - raft.server.log.write.buffer.size = 8388616 (custom)
2024-01-08 22:37:35,285 [92bfa79f-b082-4a9b-a2b8-9a2f5047304a-groupManagement] INFO  server.RaftServerConfigKeys (ConfUtils.java:logGet(46)) - raft.server.log.appender.buffer.byte-limit = 8388608 (custom)
2024-01-08 22:37:35,285 [92bfa79f-b082-4a9b-a2b8-9a2f5047304a-groupManagement] INFO  server.RaftServerConfigKeys (ConfUtils.java:logGet(46)) - raft.server.log.unsafe-flush.enabled = false (default)
2024-01-08 22:37:35,285 [92bfa79f-b082-4a9b-a2b8-9a2f5047304a-groupManagement] INFO  server.RaftServerConfigKeys (ConfUtils.java:logGet(46)) - raft.server.log.async-flush.enabled = false (default)
2024-01-08 22:37:35,285 [92bfa79f-b082-4a9b-a2b8-9a2f5047304a-groupManagement] INFO  server.RaftServerConfigKeys (ConfUtils.java:logGet(46)) - raft.server.log.statemachine.data.caching.enabled = true (custom)
2024-01-08 22:37:35,285 [92bfa79f-b082-4a9b-a2b8-9a2f5047304a-groupManagement] INFO  segmented.SegmentedRaftLogWorker (SegmentedRaftLogWorker.java:lambda$new$0(135)) - 92bfa79f-b082-4a9b-a2b8-9a2f5047304a@group-0062432AB966-SegmentedRaftLogWorker: flushIndex: setUnconditionally 0 -> -1
2024-01-08 22:37:35,285 [92bfa79f-b082-4a9b-a2b8-9a2f5047304a-groupManagement] INFO  segmented.SegmentedRaftLogWorker (SegmentedRaftLogWorker.java:lambda$new$0(135)) - 92bfa79f-b082-4a9b-a2b8-9a2f5047304a@group-0062432AB966-SegmentedRaftLogWorker: safeCacheEvictIndex: setUnconditionally 0 -> -1
2024-01-08 22:37:35,286 [92bfa79f-b082-4a9b-a2b8-9a2f5047304a-groupManagement] INFO  server.RaftServer$Division (RaftServerImpl.java:start(392)) - 92bfa79f-b082-4a9b-a2b8-9a2f5047304a@group-0062432AB966: start as a follower, conf=-1: peers:[92bfa79f-b082-4a9b-a2b8-9a2f5047304a|10.1.0.16:15433]|listeners:[], old=null
2024-01-08 22:37:35,286 [92bfa79f-b082-4a9b-a2b8-9a2f5047304a-groupManagement] INFO  server.RaftServer$Division (RaftServerImpl.java:setRole(379)) - 92bfa79f-b082-4a9b-a2b8-9a2f5047304a@group-0062432AB966: changes role from      null to FOLLOWER at term 0 for startAsFollower
2024-01-08 22:37:35,286 [92bfa79f-b082-4a9b-a2b8-9a2f5047304a-groupManagement] INFO  impl.RoleInfo (RoleInfo.java:updateAndGet(139)) - 92bfa79f-b082-4a9b-a2b8-9a2f5047304a: start 92bfa79f-b082-4a9b-a2b8-9a2f5047304a@group-0062432AB966-FollowerState
2024-01-08 22:37:35,286 [92bfa79f-b082-4a9b-a2b8-9a2f5047304a@group-0062432AB966-FollowerState] INFO  server.RaftServerConfigKeys (ConfUtils.java:logFallback(53)) - raft.server.rpc.first-election.timeout.min = 5s (fallback to raft.server.rpc.timeout.min)
2024-01-08 22:37:35,286 [92bfa79f-b082-4a9b-a2b8-9a2f5047304a-groupManagement] INFO  util.JmxRegister (JmxRegister.java:tryRegister(44)) - Successfully registered JMX Bean with object name Ratis:service=RaftServer,group=group-0062432AB966,id=92bfa79f-b082-4a9b-a2b8-9a2f5047304a
2024-01-08 22:37:35,286 [92bfa79f-b082-4a9b-a2b8-9a2f5047304a@group-0062432AB966-FollowerState] INFO  server.RaftServerConfigKeys (ConfUtils.java:logFallback(53)) - raft.server.rpc.first-election.timeout.max = 5200ms (fallback to raft.server.rpc.timeout.max)
2024-01-08 22:37:35,286 [92bfa79f-b082-4a9b-a2b8-9a2f5047304a-groupManagement] INFO  server.RaftServerConfigKeys (ConfUtils.java:logGet(46)) - raft.server.snapshot.trigger-when-stop.enabled = true (default)
2024-01-08 22:37:35,286 [92bfa79f-b082-4a9b-a2b8-9a2f5047304a-groupManagement] INFO  server.RaftServerConfigKeys (ConfUtils.java:logGet(46)) - raft.server.snapshot.auto.trigger.enabled = true (custom)
2024-01-08 22:37:35,286 [92bfa79f-b082-4a9b-a2b8-9a2f5047304a-groupManagement] INFO  server.RaftServerConfigKeys (ConfUtils.java:logGet(46)) - raft.server.snapshot.auto.trigger.threshold = 10000 (custom)
2024-01-08 22:37:35,286 [92bfa79f-b082-4a9b-a2b8-9a2f5047304a-groupManagement] INFO  server.RaftServerConfigKeys (ConfUtils.java:logGet(46)) - raft.server.snapshot.retention.file.num = 5 (custom)
2024-01-08 22:37:35,286 [92bfa79f-b082-4a9b-a2b8-9a2f5047304a-groupManagement] INFO  server.RaftServerConfigKeys (ConfUtils.java:logGet(46)) - raft.server.log.purge.upto.snapshot.index = false (default)
2024-01-08 22:37:35,287 [92bfa79f-b082-4a9b-a2b8-9a2f5047304a-PipelineCommandHandlerThread-0] INFO  ratis.XceiverServerRatis (XceiverServerRatis.java:addGroup(842)) - Created group PipelineID=48da0ecb-e53a-4be1-90e1-0062432ab966
2024-01-08 22:37:35,287 [92bfa79f-b082-4a9b-a2b8-9a2f5047304a-PipelineCommandHandlerThread-0] INFO  commandhandler.CreatePipelineCommandHandler (CreatePipelineCommandHandler.java:lambda$handle$2(124)) - Created Pipeline RATIS ONE PipelineID=48da0ecb-e53a-4be1-90e1-0062432ab966.
2024-01-08 22:37:35,365 [71d6d3a4-9c29-4ff8-bafc-b8f4ae2641d6-PipelineCommandHandlerThread-0] INFO  server.RaftServer (RaftServerProxy.java:addNew(100)) - 71d6d3a4-9c29-4ff8-bafc-b8f4ae2641d6: addNew group-CF8F61E5CEB9:[71d6d3a4-9c29-4ff8-bafc-b8f4ae2641d6|10.1.0.16:15442] returns group-CF8F61E5CEB9:java.util.concurrent.CompletableFuture@6f1c8181[Not completed]
2024-01-08 22:37:35,365 [71d6d3a4-9c29-4ff8-bafc-b8f4ae2641d6-groupManagement] INFO  server.RaftServer$Division (RaftServerImpl.java:<init>(256)) - 71d6d3a4-9c29-4ff8-bafc-b8f4ae2641d6: new RaftServerImpl for group-CF8F61E5CEB9:[71d6d3a4-9c29-4ff8-bafc-b8f4ae2641d6|10.1.0.16:15442] with ContainerStateMachine:uninitialized
2024-01-08 22:37:35,365 [71d6d3a4-9c29-4ff8-bafc-b8f4ae2641d6-groupManagement] INFO  server.RaftServerConfigKeys (ConfUtils.java:logGet(46)) - raft.server.rpc.timeout.min = 5s (custom)
2024-01-08 22:37:35,365 [71d6d3a4-9c29-4ff8-bafc-b8f4ae2641d6-groupManagement] INFO  server.RaftServerConfigKeys (ConfUtils.java:logGet(46)) - raft.server.rpc.timeout.max = 5200ms (custom)
2024-01-08 22:37:35,365 [71d6d3a4-9c29-4ff8-bafc-b8f4ae2641d6-groupManagement] INFO  server.RaftServerConfigKeys (ConfUtils.java:logGet(46)) - raft.server.rpc.sleep.time = 25ms (default)
2024-01-08 22:37:35,365 [71d6d3a4-9c29-4ff8-bafc-b8f4ae2641d6-groupManagement] INFO  server.RaftServerConfigKeys (ConfUtils.java:logGet(46)) - raft.server.rpc.slowness.timeout = 300000ms (custom)
2024-01-08 22:37:35,365 [71d6d3a4-9c29-4ff8-bafc-b8f4ae2641d6-groupManagement] INFO  server.RaftServerConfigKeys (ConfUtils.java:logGet(46)) - raft.server.leaderelection.leader.step-down.wait-time = 10s (default)
2024-01-08 22:37:35,365 [71d6d3a4-9c29-4ff8-bafc-b8f4ae2641d6-groupManagement] INFO  server.RaftServerConfigKeys (ConfUtils.java:logGet(46)) - raft.server.leaderelection.member.majority-add = false (default)
2024-01-08 22:37:35,365 [71d6d3a4-9c29-4ff8-bafc-b8f4ae2641d6-groupManagement] INFO  server.RaftServerConfigKeys (ConfUtils.java:logGet(46)) - raft.server.sleep.deviation.threshold = 300ms (default)
2024-01-08 22:37:35,365 [71d6d3a4-9c29-4ff8-bafc-b8f4ae2641d6-groupManagement] INFO  server.RaftServer$Division (ServerState.java:<init>(113)) - 71d6d3a4-9c29-4ff8-bafc-b8f4ae2641d6@group-CF8F61E5CEB9: ConfigurationManager, init=-1: peers:[71d6d3a4-9c29-4ff8-bafc-b8f4ae2641d6|10.1.0.16:15442]|listeners:[], old=null, confs=<EMPTY_MAP>
2024-01-08 22:37:35,365 [71d6d3a4-9c29-4ff8-bafc-b8f4ae2641d6-groupManagement] INFO  server.RaftServerConfigKeys (ConfUtils.java:logGet(46)) - raft.server.notification.no-leader.timeout = 300000ms (custom)
2024-01-08 22:37:35,366 [71d6d3a4-9c29-4ff8-bafc-b8f4ae2641d6-groupManagement] INFO  server.RaftServerConfigKeys (ConfUtils.java:logGet(46)) - raft.server.read.timeout = 10s (default)
2024-01-08 22:37:35,366 [71d6d3a4-9c29-4ff8-bafc-b8f4ae2641d6-groupManagement] INFO  server.RaftServerConfigKeys (ConfUtils.java:logGet(46)) - raft.server.retrycache.expirytime = 600000ms (custom)
2024-01-08 22:37:35,366 [71d6d3a4-9c29-4ff8-bafc-b8f4ae2641d6-groupManagement] INFO  server.RaftServerConfigKeys (ConfUtils.java:logGet(46)) - raft.server.retrycache.statistics.expirytime = 100ms (default)
2024-01-08 22:37:35,366 [71d6d3a4-9c29-4ff8-bafc-b8f4ae2641d6-groupManagement] INFO  server.RaftServerConfigKeys (ConfUtils.java:logGet(46)) - raft.server.read.option = DEFAULT (default)
2024-01-08 22:37:35,366 [71d6d3a4-9c29-4ff8-bafc-b8f4ae2641d6-groupManagement] INFO  server.RaftServerConfigKeys (ConfUtils.java:logGet(46)) - raft.server.read.read-after-write-consistent.write-index-cache.expiry-time = 60s (default)
2024-01-08 22:37:35,367 [71d6d3a4-9c29-4ff8-bafc-b8f4ae2641d6-groupManagement] INFO  server.RaftServerConfigKeys (ConfUtils.java:logGet(46)) - raft.server.rpc.request.timeout = 3000ms (default)
2024-01-08 22:37:35,367 [71d6d3a4-9c29-4ff8-bafc-b8f4ae2641d6-groupManagement] INFO  server.RaftServerConfigKeys (ConfUtils.java:logGet(46)) - raft.server.log.appender.install.snapshot.enabled = false (custom)
2024-01-08 22:37:35,367 [71d6d3a4-9c29-4ff8-bafc-b8f4ae2641d6-groupManagement] INFO  server.RaftServerConfigKeys (ConfUtils.java:logGet(46)) - raft.server.threadpool.server.cached = true (default)
2024-01-08 22:37:35,367 [71d6d3a4-9c29-4ff8-bafc-b8f4ae2641d6-groupManagement] INFO  server.RaftServerConfigKeys (ConfUtils.java:logGet(46)) - raft.server.threadpool.server.size = 0 (default)
2024-01-08 22:37:35,367 [71d6d3a4-9c29-4ff8-bafc-b8f4ae2641d6-groupManagement] INFO  server.RaftServerConfigKeys (ConfUtils.java:logGet(46)) - raft.server.threadpool.client.cached = true (default)
2024-01-08 22:37:35,367 [71d6d3a4-9c29-4ff8-bafc-b8f4ae2641d6-groupManagement] INFO  server.RaftServerConfigKeys (ConfUtils.java:logGet(46)) - raft.server.threadpool.client.size = 0 (default)
2024-01-08 22:37:35,367 [71d6d3a4-9c29-4ff8-bafc-b8f4ae2641d6-groupManagement] INFO  server.RaftServerConfigKeys (ConfUtils.java:logGet(46)) - raft.server.storage.free-space.min = 0MB (=0) (default)
2024-01-08 22:37:35,367 [71d6d3a4-9c29-4ff8-bafc-b8f4ae2641d6-groupManagement] INFO  server.RaftServerConfigKeys (ConfUtils.java:logGet(46)) - raft.server.log.corruption.policy = EXCEPTION (default)
2024-01-08 22:37:35,367 [71d6d3a4-9c29-4ff8-bafc-b8f4ae2641d6-groupManagement] INFO  server.RaftServerConfigKeys (ConfUtils.java:logGet(46)) - raft.server.storage.dir = [/home/runner/work/ozone/ozone/hadoop-ozone/integration-test/target/test-dir/MiniOzoneClusterImpl-c2c64c26-053e-4d1e-83e3-051e2bfa4916/datanode-8/data/ratis] (custom)
2024-01-08 22:37:35,368 [71d6d3a4-9c29-4ff8-bafc-b8f4ae2641d6-groupManagement] INFO  storage.RaftStorageDirectory (RaftStorageDirectoryImpl.java:analyzeStorage(138)) - The storage directory /home/runner/work/ozone/ozone/hadoop-ozone/integration-test/target/test-dir/MiniOzoneClusterImpl-c2c64c26-053e-4d1e-83e3-051e2bfa4916/datanode-8/data/ratis/a2033b91-26fd-482d-b5d6-cf8f61e5ceb9 does not exist. Creating ...
2024-01-08 22:37:35,368 [71d6d3a4-9c29-4ff8-bafc-b8f4ae2641d6-groupManagement] INFO  storage.RaftStorageDirectory (RaftStorageDirectoryImpl.java:tryLock(232)) - Lock on /home/runner/work/ozone/ozone/hadoop-ozone/integration-test/target/test-dir/MiniOzoneClusterImpl-c2c64c26-053e-4d1e-83e3-051e2bfa4916/datanode-8/data/ratis/a2033b91-26fd-482d-b5d6-cf8f61e5ceb9/in_use.lock acquired by nodename 83643@fv-az1425-465
2024-01-08 22:37:35,369 [main] INFO  ozone.MiniOzoneClusterImpl (MiniOzoneClusterImpl.java:lambda$waitForClusterToBeReady$0(230)) - Nodes are ready. Got 9 of 9 DN Heartbeats.
2024-01-08 22:37:35,369 [main] INFO  ozone.MiniOzoneClusterImpl (MiniOzoneClusterImpl.java:lambda$waitForClusterToBeReady$0(233)) - Waiting for cluster to exit safe mode
2024-01-08 22:37:35,369 [main] INFO  ozone.MiniOzoneClusterImpl (MiniOzoneClusterImpl.java:lambda$waitForClusterToBeReady$0(235)) - SCM became leader
2024-01-08 22:37:35,369 [71d6d3a4-9c29-4ff8-bafc-b8f4ae2641d6-groupManagement] INFO  storage.RaftStorage (RaftStorageImpl.java:format(97)) - Storage directory /home/runner/work/ozone/ozone/hadoop-ozone/integration-test/target/test-dir/MiniOzoneClusterImpl-c2c64c26-053e-4d1e-83e3-051e2bfa4916/datanode-8/data/ratis/a2033b91-26fd-482d-b5d6-cf8f61e5ceb9 has been successfully formatted.
2024-01-08 22:37:35,369 [71d6d3a4-9c29-4ff8-bafc-b8f4ae2641d6-groupManagement] INFO  ratis.ContainerStateMachine (ContainerStateMachine.java:loadSnapshot(287)) - group-CF8F61E5CEB9: The snapshot info is null. Setting the last applied index to:(t:0, i:~)
2024-01-08 22:37:35,369 [71d6d3a4-9c29-4ff8-bafc-b8f4ae2641d6-groupManagement] INFO  server.RaftServerConfigKeys (ConfUtils.java:logGet(46)) - raft.server.log.use.memory = false (default)
2024-01-08 22:37:35,370 [71d6d3a4-9c29-4ff8-bafc-b8f4ae2641d6-groupManagement] INFO  server.RaftServerConfigKeys (ConfUtils.java:logGet(46)) - raft.server.log.purge.gap = 1000000 (custom)
2024-01-08 22:37:35,370 [71d6d3a4-9c29-4ff8-bafc-b8f4ae2641d6-groupManagement] INFO  server.RaftServerConfigKeys (ConfUtils.java:logGet(46)) - raft.server.log.appender.buffer.byte-limit = 8388608 (custom)
2024-01-08 22:37:35,370 [71d6d3a4-9c29-4ff8-bafc-b8f4ae2641d6-groupManagement] INFO  server.RaftServerConfigKeys (ConfUtils.java:logGet(46)) - raft.server.log.statemachine.data.read.timeout = 1000ms (default)
2024-01-08 22:37:35,370 [71d6d3a4-9c29-4ff8-bafc-b8f4ae2641d6-groupManagement] INFO  server.RaftServerConfigKeys (ConfUtils.java:logGet(46)) - raft.server.log.purge.preservation.log.num = 0 (default)
2024-01-08 22:37:35,370 [EventQueue-PipelineReportForPipelineReportHandler] INFO  pipeline.PipelineReportHandler (PipelineReportHandler.java:processPipelineReport(136)) - Opened pipeline PipelineID=a2033b91-26fd-482d-b5d6-cf8f61e5ceb9
2024-01-08 22:37:35,370 [EventQueue-OpenPipelineForHealthyPipelineSafeModeRule] INFO  safemode.SCMSafeModeManager (HealthyPipelineSafeModeRule.java:process(140)) - SCM in safe mode. Healthy pipelines reported count is 0, required healthy pipeline reported count is 1
2024-01-08 22:37:35,371 [71d6d3a4-9c29-4ff8-bafc-b8f4ae2641d6-groupManagement] INFO  server.RaftServerConfigKeys (ConfUtils.java:logGet(46)) - raft.server.log.segment.size.max = 67108864 (custom)
2024-01-08 22:37:35,371 [71d6d3a4-9c29-4ff8-bafc-b8f4ae2641d6-groupManagement] INFO  server.RaftServerConfigKeys (ConfUtils.java:logGet(46)) - raft.server.log.segment.cache.num.max = 2 (custom)
2024-01-08 22:37:35,371 [71d6d3a4-9c29-4ff8-bafc-b8f4ae2641d6-groupManagement] INFO  server.RaftServerConfigKeys (ConfUtils.java:logGet(46)) - raft.server.log.segment.cache.size.max = 200MB (=209715200) (default)
2024-01-08 22:37:35,371 [71d6d3a4-9c29-4ff8-bafc-b8f4ae2641d6-groupManagement] INFO  server.RaftServerConfigKeys (ConfUtils.java:logGet(46)) - raft.server.log.appender.buffer.byte-limit = 8388608 (custom)
2024-01-08 22:37:35,371 [71d6d3a4-9c29-4ff8-bafc-b8f4ae2641d6-groupManagement] INFO  util.AwaitToRun (AwaitToRun.java:start(81)) - Thread[71d6d3a4-9c29-4ff8-bafc-b8f4ae2641d6@group-CF8F61E5CEB9-cacheEviction-AwaitToRun,5,main] started
2024-01-08 22:37:35,371 [71d6d3a4-9c29-4ff8-bafc-b8f4ae2641d6-groupManagement] INFO  segmented.SegmentedRaftLogWorker (SegmentedRaftLogWorker.java:<init>(184)) - new 71d6d3a4-9c29-4ff8-bafc-b8f4ae2641d6@group-CF8F61E5CEB9-SegmentedRaftLogWorker for RaftStorageImpl:Storage Directory /home/runner/work/ozone/ozone/hadoop-ozone/integration-test/target/test-dir/MiniOzoneClusterImpl-c2c64c26-053e-4d1e-83e3-051e2bfa4916/datanode-8/data/ratis/a2033b91-26fd-482d-b5d6-cf8f61e5ceb9
2024-01-08 22:37:35,371 [71d6d3a4-9c29-4ff8-bafc-b8f4ae2641d6-groupManagement] INFO  server.RaftServerConfigKeys (ConfUtils.java:logGet(46)) - raft.server.log.queue.byte-limit = 4294967296 (custom)
2024-01-08 22:37:35,371 [71d6d3a4-9c29-4ff8-bafc-b8f4ae2641d6-groupManagement] INFO  server.RaftServerConfigKeys (ConfUtils.java:logGet(46)) - raft.server.log.queue.element-limit = 1024 (custom)
2024-01-08 22:37:35,371 [71d6d3a4-9c29-4ff8-bafc-b8f4ae2641d6-groupManagement] INFO  server.RaftServerConfigKeys (ConfUtils.java:logGet(46)) - raft.server.log.segment.size.max = 67108864 (custom)
2024-01-08 22:37:35,371 [71d6d3a4-9c29-4ff8-bafc-b8f4ae2641d6-groupManagement] INFO  server.RaftServerConfigKeys (ConfUtils.java:logGet(46)) - raft.server.log.preallocated.size = 4194304 (custom)
2024-01-08 22:37:35,371 [71d6d3a4-9c29-4ff8-bafc-b8f4ae2641d6-groupManagement] INFO  server.RaftServerConfigKeys (ConfUtils.java:logGet(46)) - raft.server.log.force.sync.num = 128 (default)
2024-01-08 22:37:35,371 [71d6d3a4-9c29-4ff8-bafc-b8f4ae2641d6-groupManagement] INFO  server.RaftServerConfigKeys (ConfUtils.java:logGet(46)) - raft.server.log.statemachine.data.sync = true (default)
2024-01-08 22:37:35,371 [71d6d3a4-9c29-4ff8-bafc-b8f4ae2641d6-groupManagement] INFO  server.RaftServerConfigKeys (ConfUtils.java:logGet(46)) - raft.server.log.statemachine.data.sync.timeout = 10s (default)
2024-01-08 22:37:35,371 [71d6d3a4-9c29-4ff8-bafc-b8f4ae2641d6-groupManagement] INFO  server.RaftServerConfigKeys (ConfUtils.java:logGet(46)) - raft.server.log.statemachine.data.sync.timeout.retry = 0 (custom)
2024-01-08 22:37:35,372 [71d6d3a4-9c29-4ff8-bafc-b8f4ae2641d6-groupManagement] INFO  server.RaftServerConfigKeys (ConfUtils.java:logGet(46)) - raft.server.log.write.buffer.size = 8388616 (custom)
2024-01-08 22:37:35,373 [71d6d3a4-9c29-4ff8-bafc-b8f4ae2641d6-groupManagement] INFO  server.RaftServerConfigKeys (ConfUtils.java:logGet(46)) - raft.server.log.appender.buffer.byte-limit = 8388608 (custom)
2024-01-08 22:37:35,373 [71d6d3a4-9c29-4ff8-bafc-b8f4ae2641d6-groupManagement] INFO  server.RaftServerConfigKeys (ConfUtils.java:logGet(46)) - raft.server.log.unsafe-flush.enabled = false (default)
2024-01-08 22:37:35,373 [71d6d3a4-9c29-4ff8-bafc-b8f4ae2641d6-groupManagement] INFO  server.RaftServerConfigKeys (ConfUtils.java:logGet(46)) - raft.server.log.async-flush.enabled = false (default)
2024-01-08 22:37:35,373 [71d6d3a4-9c29-4ff8-bafc-b8f4ae2641d6-groupManagement] INFO  server.RaftServerConfigKeys (ConfUtils.java:logGet(46)) - raft.server.log.statemachine.data.caching.enabled = true (custom)
2024-01-08 22:37:35,373 [71d6d3a4-9c29-4ff8-bafc-b8f4ae2641d6-groupManagement] INFO  segmented.SegmentedRaftLogWorker (SegmentedRaftLogWorker.java:lambda$new$0(135)) - 71d6d3a4-9c29-4ff8-bafc-b8f4ae2641d6@group-CF8F61E5CEB9-SegmentedRaftLogWorker: flushIndex: setUnconditionally 0 -> -1
2024-01-08 22:37:35,373 [71d6d3a4-9c29-4ff8-bafc-b8f4ae2641d6-groupManagement] INFO  segmented.SegmentedRaftLogWorker (SegmentedRaftLogWorker.java:lambda$new$0(135)) - 71d6d3a4-9c29-4ff8-bafc-b8f4ae2641d6@group-CF8F61E5CEB9-SegmentedRaftLogWorker: safeCacheEvictIndex: setUnconditionally 0 -> -1
2024-01-08 22:37:35,374 [71d6d3a4-9c29-4ff8-bafc-b8f4ae2641d6-groupManagement] INFO  server.RaftServer$Division (RaftServerImpl.java:start(392)) - 71d6d3a4-9c29-4ff8-bafc-b8f4ae2641d6@group-CF8F61E5CEB9: start as a follower, conf=-1: peers:[71d6d3a4-9c29-4ff8-bafc-b8f4ae2641d6|10.1.0.16:15442]|listeners:[], old=null
2024-01-08 22:37:35,374 [71d6d3a4-9c29-4ff8-bafc-b8f4ae2641d6-groupManagement] INFO  server.RaftServer$Division (RaftServerImpl.java:setRole(379)) - 71d6d3a4-9c29-4ff8-bafc-b8f4ae2641d6@group-CF8F61E5CEB9: changes role from      null to FOLLOWER at term 0 for startAsFollower
2024-01-08 22:37:35,374 [71d6d3a4-9c29-4ff8-bafc-b8f4ae2641d6-groupManagement] INFO  impl.RoleInfo (RoleInfo.java:updateAndGet(139)) - 71d6d3a4-9c29-4ff8-bafc-b8f4ae2641d6: start 71d6d3a4-9c29-4ff8-bafc-b8f4ae2641d6@group-CF8F61E5CEB9-FollowerState
2024-01-08 22:37:35,374 [71d6d3a4-9c29-4ff8-bafc-b8f4ae2641d6-groupManagement] INFO  util.JmxRegister (JmxRegister.java:tryRegister(44)) - Successfully registered JMX Bean with object name Ratis:service=RaftServer,group=group-CF8F61E5CEB9,id=71d6d3a4-9c29-4ff8-bafc-b8f4ae2641d6
2024-01-08 22:37:35,374 [71d6d3a4-9c29-4ff8-bafc-b8f4ae2641d6@group-CF8F61E5CEB9-FollowerState] INFO  server.RaftServerConfigKeys (ConfUtils.java:logFallback(53)) - raft.server.rpc.first-election.timeout.min = 5s (fallback to raft.server.rpc.timeout.min)
2024-01-08 22:37:35,374 [71d6d3a4-9c29-4ff8-bafc-b8f4ae2641d6-groupManagement] INFO  server.RaftServerConfigKeys (ConfUtils.java:logGet(46)) - raft.server.snapshot.trigger-when-stop.enabled = true (default)
2024-01-08 22:37:35,374 [71d6d3a4-9c29-4ff8-bafc-b8f4ae2641d6@group-CF8F61E5CEB9-FollowerState] INFO  server.RaftServerConfigKeys (ConfUtils.java:logFallback(53)) - raft.server.rpc.first-election.timeout.max = 5200ms (fallback to raft.server.rpc.timeout.max)
2024-01-08 22:37:35,374 [71d6d3a4-9c29-4ff8-bafc-b8f4ae2641d6-groupManagement] INFO  server.RaftServerConfigKeys (ConfUtils.java:logGet(46)) - raft.server.snapshot.auto.trigger.enabled = true (custom)
2024-01-08 22:37:35,374 [71d6d3a4-9c29-4ff8-bafc-b8f4ae2641d6-groupManagement] INFO  server.RaftServerConfigKeys (ConfUtils.java:logGet(46)) - raft.server.snapshot.auto.trigger.threshold = 10000 (custom)
2024-01-08 22:37:35,374 [71d6d3a4-9c29-4ff8-bafc-b8f4ae2641d6-groupManagement] INFO  server.RaftServerConfigKeys (ConfUtils.java:logGet(46)) - raft.server.snapshot.retention.file.num = 5 (custom)
2024-01-08 22:37:35,374 [71d6d3a4-9c29-4ff8-bafc-b8f4ae2641d6-groupManagement] INFO  server.RaftServerConfigKeys (ConfUtils.java:logGet(46)) - raft.server.log.purge.upto.snapshot.index = false (default)
2024-01-08 22:37:35,375 [71d6d3a4-9c29-4ff8-bafc-b8f4ae2641d6-PipelineCommandHandlerThread-0] INFO  ratis.XceiverServerRatis (XceiverServerRatis.java:addGroup(842)) - Created group PipelineID=a2033b91-26fd-482d-b5d6-cf8f61e5ceb9
2024-01-08 22:37:35,375 [71d6d3a4-9c29-4ff8-bafc-b8f4ae2641d6-PipelineCommandHandlerThread-0] INFO  commandhandler.CreatePipelineCommandHandler (CreatePipelineCommandHandler.java:lambda$handle$2(124)) - Created Pipeline RATIS ONE PipelineID=a2033b91-26fd-482d-b5d6-cf8f61e5ceb9.
2024-01-08 22:37:36,369 [main] INFO  ozone.MiniOzoneClusterImpl (MiniOzoneClusterImpl.java:lambda$waitForClusterToBeReady$0(230)) - Nodes are ready. Got 9 of 9 DN Heartbeats.
2024-01-08 22:37:36,369 [main] INFO  ozone.MiniOzoneClusterImpl (MiniOzoneClusterImpl.java:lambda$waitForClusterToBeReady$0(233)) - Waiting for cluster to exit safe mode
2024-01-08 22:37:36,370 [main] INFO  ozone.MiniOzoneClusterImpl (MiniOzoneClusterImpl.java:lambda$waitForClusterToBeReady$0(235)) - SCM became leader
2024-01-08 22:37:37,370 [main] INFO  ozone.MiniOzoneClusterImpl (MiniOzoneClusterImpl.java:lambda$waitForClusterToBeReady$0(230)) - Nodes are ready. Got 9 of 9 DN Heartbeats.
2024-01-08 22:37:37,370 [main] INFO  ozone.MiniOzoneClusterImpl (MiniOzoneClusterImpl.java:lambda$waitForClusterToBeReady$0(233)) - Waiting for cluster to exit safe mode
2024-01-08 22:37:37,370 [main] INFO  ozone.MiniOzoneClusterImpl (MiniOzoneClusterImpl.java:lambda$waitForClusterToBeReady$0(235)) - SCM became leader
2024-01-08 22:37:38,370 [main] INFO  ozone.MiniOzoneClusterImpl (MiniOzoneClusterImpl.java:lambda$waitForClusterToBeReady$0(230)) - Nodes are ready. Got 9 of 9 DN Heartbeats.
2024-01-08 22:37:38,371 [main] INFO  ozone.MiniOzoneClusterImpl (MiniOzoneClusterImpl.java:lambda$waitForClusterToBeReady$0(233)) - Waiting for cluster to exit safe mode
2024-01-08 22:37:38,371 [main] INFO  ozone.MiniOzoneClusterImpl (MiniOzoneClusterImpl.java:lambda$waitForClusterToBeReady$0(235)) - SCM became leader
2024-01-08 22:37:39,371 [main] INFO  ozone.MiniOzoneClusterImpl (MiniOzoneClusterImpl.java:lambda$waitForClusterToBeReady$0(230)) - Nodes are ready. Got 9 of 9 DN Heartbeats.
2024-01-08 22:37:39,371 [main] INFO  ozone.MiniOzoneClusterImpl (MiniOzoneClusterImpl.java:lambda$waitForClusterToBeReady$0(233)) - Waiting for cluster to exit safe mode
2024-01-08 22:37:39,371 [main] INFO  ozone.MiniOzoneClusterImpl (MiniOzoneClusterImpl.java:lambda$waitForClusterToBeReady$0(235)) - SCM became leader
2024-01-08 22:37:39,765 [4688c780-dea6-4744-ac30-6cd603ef2a1b@group-8DFAAEB7BF25-FollowerState] INFO  impl.FollowerState (FollowerState.java:run(143)) - 4688c780-dea6-4744-ac30-6cd603ef2a1b@group-8DFAAEB7BF25-FollowerState: change to CANDIDATE, lastRpcElapsedTime:5097154606ns, electionTimeout:5096ms
2024-01-08 22:37:39,765 [4688c780-dea6-4744-ac30-6cd603ef2a1b@group-8DFAAEB7BF25-FollowerState] INFO  impl.RoleInfo (RoleInfo.java:shutdownFollowerState(110)) - 4688c780-dea6-4744-ac30-6cd603ef2a1b: shutdown 4688c780-dea6-4744-ac30-6cd603ef2a1b@group-8DFAAEB7BF25-FollowerState
2024-01-08 22:37:39,765 [4688c780-dea6-4744-ac30-6cd603ef2a1b@group-8DFAAEB7BF25-FollowerState] INFO  server.RaftServer$Division (RaftServerImpl.java:setRole(379)) - 4688c780-dea6-4744-ac30-6cd603ef2a1b@group-8DFAAEB7BF25: changes role from  FOLLOWER to CANDIDATE at term 0 for changeToCandidate
2024-01-08 22:37:39,765 [4688c780-dea6-4744-ac30-6cd603ef2a1b@group-8DFAAEB7BF25-FollowerState] INFO  server.RaftServerConfigKeys (ConfUtils.java:logGet(46)) - raft.server.leaderelection.pre-vote = true (default)
2024-01-08 22:37:39,765 [4688c780-dea6-4744-ac30-6cd603ef2a1b@group-8DFAAEB7BF25-FollowerState] INFO  impl.RoleInfo (RoleInfo.java:updateAndGet(139)) - 4688c780-dea6-4744-ac30-6cd603ef2a1b: start 4688c780-dea6-4744-ac30-6cd603ef2a1b@group-8DFAAEB7BF25-LeaderElection60
2024-01-08 22:37:39,767 [4688c780-dea6-4744-ac30-6cd603ef2a1b@group-8DFAAEB7BF25-LeaderElection60] INFO  impl.LeaderElection (LeaderElection.java:askForVotes(323)) - 4688c780-dea6-4744-ac30-6cd603ef2a1b@group-8DFAAEB7BF25-LeaderElection60 PRE_VOTE round 0: submit vote requests at term 0 for -1: peers:[4688c780-dea6-4744-ac30-6cd603ef2a1b|10.1.0.16:15370]|listeners:[], old=null
2024-01-08 22:37:39,767 [4688c780-dea6-4744-ac30-6cd603ef2a1b@group-8DFAAEB7BF25-LeaderElection60] INFO  impl.LeaderElection (LeaderElection.java:askForVotes(325)) - 4688c780-dea6-4744-ac30-6cd603ef2a1b@group-8DFAAEB7BF25-LeaderElection60 PRE_VOTE round 0: result PASSED (term=0)
2024-01-08 22:37:39,768 [4688c780-dea6-4744-ac30-6cd603ef2a1b@group-8DFAAEB7BF25-LeaderElection60] INFO  impl.LeaderElection (LeaderElection.java:askForVotes(323)) - 4688c780-dea6-4744-ac30-6cd603ef2a1b@group-8DFAAEB7BF25-LeaderElection60 ELECTION round 0: submit vote requests at term 1 for -1: peers:[4688c780-dea6-4744-ac30-6cd603ef2a1b|10.1.0.16:15370]|listeners:[], old=null
2024-01-08 22:37:39,768 [4688c780-dea6-4744-ac30-6cd603ef2a1b@group-8DFAAEB7BF25-LeaderElection60] INFO  impl.LeaderElection (LeaderElection.java:askForVotes(325)) - 4688c780-dea6-4744-ac30-6cd603ef2a1b@group-8DFAAEB7BF25-LeaderElection60 ELECTION round 0: result PASSED (term=1)
2024-01-08 22:37:39,768 [4688c780-dea6-4744-ac30-6cd603ef2a1b@group-8DFAAEB7BF25-LeaderElection60] INFO  impl.RoleInfo (RoleInfo.java:shutdownLeaderElection(130)) - 4688c780-dea6-4744-ac30-6cd603ef2a1b: shutdown 4688c780-dea6-4744-ac30-6cd603ef2a1b@group-8DFAAEB7BF25-LeaderElection60
2024-01-08 22:37:39,768 [4688c780-dea6-4744-ac30-6cd603ef2a1b@group-8DFAAEB7BF25-LeaderElection60] INFO  server.RaftServer$Division (RaftServerImpl.java:setRole(379)) - 4688c780-dea6-4744-ac30-6cd603ef2a1b@group-8DFAAEB7BF25: changes role from CANDIDATE to LEADER at term 1 for changeToLeader
2024-01-08 22:37:39,768 [4688c780-dea6-4744-ac30-6cd603ef2a1b@group-8DFAAEB7BF25-LeaderElection60] INFO  server.RaftServerConfigKeys (ConfUtils.java:logGet(46)) - raft.server.staging.catchup.gap = 1000 (default)
2024-01-08 22:37:39,768 [4688c780-dea6-4744-ac30-6cd603ef2a1b@group-8DFAAEB7BF25-LeaderElection60] INFO  server.RaftServerConfigKeys (ConfUtils.java:logGet(46)) - raft.server.write.element-limit = 1024 (custom)
2024-01-08 22:37:39,768 [4688c780-dea6-4744-ac30-6cd603ef2a1b@group-8DFAAEB7BF25-LeaderElection60] INFO  server.RaftServerConfigKeys (ConfUtils.java:logGet(46)) - raft.server.write.byte-limit = 1024 M (=1073741824) (custom)
2024-01-08 22:37:39,768 [4688c780-dea6-4744-ac30-6cd603ef2a1b@group-8DFAAEB7BF25-LeaderElection60] INFO  server.RaftServerConfigKeys (ConfUtils.java:logGet(46)) - raft.server.watch.timeout = 3000ms (custom)
2024-01-08 22:37:39,768 [4688c780-dea6-4744-ac30-6cd603ef2a1b@group-8DFAAEB7BF25-LeaderElection60] INFO  server.RaftServerConfigKeys (ConfUtils.java:logGet(46)) - raft.server.watch.timeout.denomination = 1s (default)
2024-01-08 22:37:39,768 [4688c780-dea6-4744-ac30-6cd603ef2a1b@group-8DFAAEB7BF25-LeaderElection60] INFO  server.RaftServerConfigKeys (ConfUtils.java:logGet(46)) - raft.server.watch.element-limit = 65536 (default)
2024-01-08 22:37:39,768 [4688c780-dea6-4744-ac30-6cd603ef2a1b@group-8DFAAEB7BF25-LeaderElection60] INFO  server.RaftServerConfigKeys (ConfUtils.java:logGet(46)) - raft.server.read.leader.lease.enabled = false (default)
2024-01-08 22:37:39,769 [4688c780-dea6-4744-ac30-6cd603ef2a1b@group-8DFAAEB7BF25-LeaderElection60] INFO  server.RaftServerConfigKeys (ConfUtils.java:logGet(46)) - raft.server.read.leader.lease.timeout.ratio = 0.9 (default)
2024-01-08 22:37:39,769 [4688c780-dea6-4744-ac30-6cd603ef2a1b@group-8DFAAEB7BF25-LeaderElection60] INFO  server.RaftServerConfigKeys (ConfUtils.java:logGet(46)) - raft.server.rpc.timeout.min = 5s (custom)
2024-01-08 22:37:39,769 [4688c780-dea6-4744-ac30-6cd603ef2a1b@group-8DFAAEB7BF25-LeaderElection60] INFO  server.RaftServerConfigKeys (ConfUtils.java:logGet(46)) - raft.server.write.element-limit = 1024 (custom)
2024-01-08 22:37:39,769 [4688c780-dea6-4744-ac30-6cd603ef2a1b@group-8DFAAEB7BF25-LeaderElection60] INFO  server.RaftServerConfigKeys (ConfUtils.java:logGet(46)) - raft.server.write.follower.gap.ratio.max = -1.0 (default)
2024-01-08 22:37:39,769 [4688c780-dea6-4744-ac30-6cd603ef2a1b@group-8DFAAEB7BF25-LeaderElection60] INFO  impl.RoleInfo (RoleInfo.java:updateAndGet(139)) - 4688c780-dea6-4744-ac30-6cd603ef2a1b: start 4688c780-dea6-4744-ac30-6cd603ef2a1b@group-8DFAAEB7BF25-LeaderStateImpl
2024-01-08 22:37:39,769 [4688c780-dea6-4744-ac30-6cd603ef2a1b@group-8DFAAEB7BF25-LeaderElection60] INFO  server.RaftServer$Division (RaftServerImpl.java:setFirstElection(564)) - 4688c780-dea6-4744-ac30-6cd603ef2a1b@group-8DFAAEB7BF25: set firstElectionSinceStartup to false for becomeLeader
2024-01-08 22:37:39,769 [4688c780-dea6-4744-ac30-6cd603ef2a1b@group-8DFAAEB7BF25-LeaderElection60] INFO  ratis.XceiverServerRatis (XceiverServerRatis.java:handleLeaderChangedNotification(945)) - Leader change notification received for group: group-8DFAAEB7BF25 with new leaderId: 4688c780-dea6-4744-ac30-6cd603ef2a1b
2024-01-08 22:37:39,769 [4688c780-dea6-4744-ac30-6cd603ef2a1b@group-8DFAAEB7BF25-LeaderElection60] INFO  server.RaftServer$Division (ServerState.java:setLeader(265)) - 4688c780-dea6-4744-ac30-6cd603ef2a1b@group-8DFAAEB7BF25: change Leader from null to 4688c780-dea6-4744-ac30-6cd603ef2a1b at term 1 for becomeLeader, leader elected after 5114ms
2024-01-08 22:37:39,769 [4688c780-dea6-4744-ac30-6cd603ef2a1b@group-8DFAAEB7BF25-LeaderElection60] INFO  segmented.SegmentedRaftLogWorker (SegmentedRaftLogWorker.java:startLogSegment(428)) - 4688c780-dea6-4744-ac30-6cd603ef2a1b@group-8DFAAEB7BF25-SegmentedRaftLogWorker: Starting segment from index:0
2024-01-08 22:37:39,772 [4688c780-dea6-4744-ac30-6cd603ef2a1b@group-8DFAAEB7BF25-LeaderElection60] INFO  server.RaftServer$Division (ServerState.java:setRaftConf(382)) - 4688c780-dea6-4744-ac30-6cd603ef2a1b@group-8DFAAEB7BF25: set configuration 0: peers:[4688c780-dea6-4744-ac30-6cd603ef2a1b|10.1.0.16:15370]|listeners:[], old=null
2024-01-08 22:37:39,772 [EventQueue-OpenPipelineForHealthyPipelineSafeModeRule] INFO  safemode.SCMSafeModeManager (HealthyPipelineSafeModeRule.java:process(140)) - SCM in safe mode. Healthy pipelines reported count is 0, required healthy pipeline reported count is 1
2024-01-08 22:37:39,776 [4688c780-dea6-4744-ac30-6cd603ef2a1b@group-8DFAAEB7BF25-SegmentedRaftLogWorker] INFO  segmented.SegmentedRaftLogWorker (SegmentedRaftLogWorker.java:execute(632)) - 4688c780-dea6-4744-ac30-6cd603ef2a1b@group-8DFAAEB7BF25-SegmentedRaftLogWorker: created new log segment /home/runner/work/ozone/ozone/hadoop-ozone/integration-test/target/test-dir/MiniOzoneClusterImpl-c2c64c26-053e-4d1e-83e3-051e2bfa4916/datanode-0/data/ratis/cf2622fe-f3a9-4b8e-87e9-8dfaaeb7bf25/current/log_inprogress_0
2024-01-08 22:37:39,777 [4688c780-dea6-4744-ac30-6cd603ef2a1b@group-8DFAAEB7BF25-StateMachineUpdater] INFO  server.RaftServer$Division (LeaderStateImpl.java:isApplied(316)) - leader is ready since appliedIndex == 0 >= startIndex == 0
2024-01-08 22:37:39,821 [45b27c77-8146-46e2-b49e-9e386de8493b@group-553E271A2630-FollowerState] INFO  impl.FollowerState (FollowerState.java:run(143)) - 45b27c77-8146-46e2-b49e-9e386de8493b@group-553E271A2630-FollowerState: change to CANDIDATE, lastRpcElapsedTime:5094406055ns, electionTimeout:5094ms
2024-01-08 22:37:39,821 [45b27c77-8146-46e2-b49e-9e386de8493b@group-553E271A2630-FollowerState] INFO  impl.RoleInfo (RoleInfo.java:shutdownFollowerState(110)) - 45b27c77-8146-46e2-b49e-9e386de8493b: shutdown 45b27c77-8146-46e2-b49e-9e386de8493b@group-553E271A2630-FollowerState
2024-01-08 22:37:39,821 [45b27c77-8146-46e2-b49e-9e386de8493b@group-553E271A2630-FollowerState] INFO  server.RaftServer$Division (RaftServerImpl.java:setRole(379)) - 45b27c77-8146-46e2-b49e-9e386de8493b@group-553E271A2630: changes role from  FOLLOWER to CANDIDATE at term 0 for changeToCandidate
2024-01-08 22:37:39,821 [45b27c77-8146-46e2-b49e-9e386de8493b@group-553E271A2630-FollowerState] INFO  server.RaftServerConfigKeys (ConfUtils.java:logGet(46)) - raft.server.leaderelection.pre-vote = true (default)
2024-01-08 22:37:39,821 [45b27c77-8146-46e2-b49e-9e386de8493b@group-553E271A2630-FollowerState] INFO  impl.RoleInfo (RoleInfo.java:updateAndGet(139)) - 45b27c77-8146-46e2-b49e-9e386de8493b: start 45b27c77-8146-46e2-b49e-9e386de8493b@group-553E271A2630-LeaderElection61
2024-01-08 22:37:39,822 [45b27c77-8146-46e2-b49e-9e386de8493b@group-553E271A2630-LeaderElection61] INFO  impl.LeaderElection (LeaderElection.java:askForVotes(323)) - 45b27c77-8146-46e2-b49e-9e386de8493b@group-553E271A2630-LeaderElection61 PRE_VOTE round 0: submit vote requests at term 0 for -1: peers:[4688c780-dea6-4744-ac30-6cd603ef2a1b|10.1.0.16:15370, 45b27c77-8146-46e2-b49e-9e386de8493b|10.1.0.16:15388, 5e84c15f-e363-46f0-a4a8-c0510a3e4dd9|10.1.0.16:15379]|listeners:[], old=null
2024-01-08 22:37:39,822 [45b27c77-8146-46e2-b49e-9e386de8493b@group-553E271A2630-LeaderElection61-1] INFO  server.GrpcServerProtocolClient (GrpcServerProtocolClient.java:<init>(65)) - Build channel for 4688c780-dea6-4744-ac30-6cd603ef2a1b
2024-01-08 22:37:39,822 [45b27c77-8146-46e2-b49e-9e386de8493b@group-553E271A2630-LeaderElection61] INFO  server.RaftServerConfigKeys (ConfUtils.java:logFallback(53)) - raft.server.rpc.first-election.timeout.min = 5s (fallback to raft.server.rpc.timeout.min)
2024-01-08 22:37:39,822 [45b27c77-8146-46e2-b49e-9e386de8493b@group-553E271A2630-LeaderElection61-2] INFO  server.GrpcServerProtocolClient (GrpcServerProtocolClient.java:<init>(65)) - Build channel for 5e84c15f-e363-46f0-a4a8-c0510a3e4dd9
2024-01-08 22:37:39,823 [45b27c77-8146-46e2-b49e-9e386de8493b@group-553E271A2630-LeaderElection61] INFO  server.RaftServerConfigKeys (ConfUtils.java:logFallback(53)) - raft.server.rpc.first-election.timeout.max = 5200ms (fallback to raft.server.rpc.timeout.max)
2024-01-08 22:37:39,826 [grpc-default-executor-1] INFO  server.RaftServer$Division (RaftServerImpl.java:requestVote(1377)) - 5e84c15f-e363-46f0-a4a8-c0510a3e4dd9@group-553E271A2630: receive requestVote(PRE_VOTE, 45b27c77-8146-46e2-b49e-9e386de8493b, group-553E271A2630, 0, (t:0, i:0))
2024-01-08 22:37:39,826 [grpc-default-executor-1] INFO  impl.VoteContext (VoteContext.java:log(49)) - 5e84c15f-e363-46f0-a4a8-c0510a3e4dd9@group-553E271A2630-FOLLOWER: accept PRE_VOTE from 45b27c77-8146-46e2-b49e-9e386de8493b: our priority 0 <= candidate's priority 1
2024-01-08 22:37:39,826 [grpc-default-executor-1] INFO  server.RaftServer$Division (RaftServerImpl.java:requestVote(1410)) - 5e84c15f-e363-46f0-a4a8-c0510a3e4dd9@group-553E271A2630 replies to PRE_VOTE vote request: 45b27c77-8146-46e2-b49e-9e386de8493b<-5e84c15f-e363-46f0-a4a8-c0510a3e4dd9#0:OK-t0. Peer's state: 5e84c15f-e363-46f0-a4a8-c0510a3e4dd9@group-553E271A2630:t0, leader=null, voted=, raftlog=Memoized:5e84c15f-e363-46f0-a4a8-c0510a3e4dd9@group-553E271A2630-SegmentedRaftLog:OPENED:c-1, conf=-1: peers:[4688c780-dea6-4744-ac30-6cd603ef2a1b|10.1.0.16:15370, 45b27c77-8146-46e2-b49e-9e386de8493b|10.1.0.16:15388, 5e84c15f-e363-46f0-a4a8-c0510a3e4dd9|10.1.0.16:15379]|listeners:[], old=null
2024-01-08 22:37:39,827 [grpc-default-executor-2] INFO  server.RaftServer$Division (RaftServerImpl.java:requestVote(1377)) - 4688c780-dea6-4744-ac30-6cd603ef2a1b@group-553E271A2630: receive requestVote(PRE_VOTE, 45b27c77-8146-46e2-b49e-9e386de8493b, group-553E271A2630, 0, (t:0, i:0))
2024-01-08 22:37:39,827 [grpc-default-executor-2] INFO  impl.VoteContext (VoteContext.java:log(49)) - 4688c780-dea6-4744-ac30-6cd603ef2a1b@group-553E271A2630-FOLLOWER: accept PRE_VOTE from 45b27c77-8146-46e2-b49e-9e386de8493b: our priority 0 <= candidate's priority 1
2024-01-08 22:37:39,827 [grpc-default-executor-2] INFO  server.RaftServer$Division (RaftServerImpl.java:requestVote(1410)) - 4688c780-dea6-4744-ac30-6cd603ef2a1b@group-553E271A2630 replies to PRE_VOTE vote request: 45b27c77-8146-46e2-b49e-9e386de8493b<-4688c780-dea6-4744-ac30-6cd603ef2a1b#0:OK-t0. Peer's state: 4688c780-dea6-4744-ac30-6cd603ef2a1b@group-553E271A2630:t0, leader=null, voted=, raftlog=Memoized:4688c780-dea6-4744-ac30-6cd603ef2a1b@group-553E271A2630-SegmentedRaftLog:OPENED:c-1, conf=-1: peers:[4688c780-dea6-4744-ac30-6cd603ef2a1b|10.1.0.16:15370, 45b27c77-8146-46e2-b49e-9e386de8493b|10.1.0.16:15388, 5e84c15f-e363-46f0-a4a8-c0510a3e4dd9|10.1.0.16:15379]|listeners:[], old=null
2024-01-08 22:37:39,830 [45b27c77-8146-46e2-b49e-9e386de8493b@group-553E271A2630-LeaderElection61] INFO  impl.LeaderElection (LeaderElection.java:logAndReturn(89)) - 45b27c77-8146-46e2-b49e-9e386de8493b@group-553E271A2630-LeaderElection61: PRE_VOTE PASSED received 1 response(s) and 0 exception(s):
2024-01-08 22:37:39,830 [45b27c77-8146-46e2-b49e-9e386de8493b@group-553E271A2630-LeaderElection61] INFO  impl.LeaderElection (LeaderElection.java:logAndReturn(93)) -   Response 0: 45b27c77-8146-46e2-b49e-9e386de8493b<-5e84c15f-e363-46f0-a4a8-c0510a3e4dd9#0:OK-t0
2024-01-08 22:37:39,830 [45b27c77-8146-46e2-b49e-9e386de8493b@group-553E271A2630-LeaderElection61] INFO  impl.LeaderElection (LeaderElection.java:askForVotes(325)) - 45b27c77-8146-46e2-b49e-9e386de8493b@group-553E271A2630-LeaderElection61 PRE_VOTE round 0: result PASSED
2024-01-08 22:37:39,831 [45b27c77-8146-46e2-b49e-9e386de8493b@group-553E271A2630-LeaderElection61] INFO  impl.LeaderElection (LeaderElection.java:askForVotes(323)) - 45b27c77-8146-46e2-b49e-9e386de8493b@group-553E271A2630-LeaderElection61 ELECTION round 0: submit vote requests at term 1 for -1: peers:[4688c780-dea6-4744-ac30-6cd603ef2a1b|10.1.0.16:15370, 45b27c77-8146-46e2-b49e-9e386de8493b|10.1.0.16:15388, 5e84c15f-e363-46f0-a4a8-c0510a3e4dd9|10.1.0.16:15379]|listeners:[], old=null
2024-01-08 22:37:39,831 [45b27c77-8146-46e2-b49e-9e386de8493b@group-553E271A2630-LeaderElection61] INFO  server.RaftServerConfigKeys (ConfUtils.java:logFallback(53)) - raft.server.rpc.first-election.timeout.min = 5s (fallback to raft.server.rpc.timeout.min)
2024-01-08 22:37:39,831 [45b27c77-8146-46e2-b49e-9e386de8493b@group-553E271A2630-LeaderElection61] INFO  server.RaftServerConfigKeys (ConfUtils.java:logFallback(53)) - raft.server.rpc.first-election.timeout.max = 5200ms (fallback to raft.server.rpc.timeout.max)
2024-01-08 22:37:39,832 [grpc-default-executor-2] INFO  server.RaftServer$Division (RaftServerImpl.java:requestVote(1377)) - 4688c780-dea6-4744-ac30-6cd603ef2a1b@group-553E271A2630: receive requestVote(ELECTION, 45b27c77-8146-46e2-b49e-9e386de8493b, group-553E271A2630, 1, (t:0, i:0))
2024-01-08 22:37:39,832 [grpc-default-executor-2] INFO  impl.VoteContext (VoteContext.java:log(49)) - 4688c780-dea6-4744-ac30-6cd603ef2a1b@group-553E271A2630-FOLLOWER: accept ELECTION from 45b27c77-8146-46e2-b49e-9e386de8493b: our priority 0 <= candidate's priority 1
2024-01-08 22:37:39,832 [grpc-default-executor-2] INFO  server.RaftServer$Division (RaftServerImpl.java:setRole(379)) - 4688c780-dea6-4744-ac30-6cd603ef2a1b@group-553E271A2630: changes role from  FOLLOWER to FOLLOWER at term 1 for candidate:45b27c77-8146-46e2-b49e-9e386de8493b
2024-01-08 22:37:39,832 [grpc-default-executor-2] INFO  impl.RoleInfo (RoleInfo.java:shutdownFollowerState(110)) - 4688c780-dea6-4744-ac30-6cd603ef2a1b: shutdown 4688c780-dea6-4744-ac30-6cd603ef2a1b@group-553E271A2630-FollowerState
2024-01-08 22:37:39,832 [grpc-default-executor-2] INFO  impl.RoleInfo (RoleInfo.java:updateAndGet(139)) - 4688c780-dea6-4744-ac30-6cd603ef2a1b: start 4688c780-dea6-4744-ac30-6cd603ef2a1b@group-553E271A2630-FollowerState
2024-01-08 22:37:39,832 [4688c780-dea6-4744-ac30-6cd603ef2a1b@group-553E271A2630-FollowerState] INFO  impl.FollowerState (FollowerState.java:run(152)) - 4688c780-dea6-4744-ac30-6cd603ef2a1b@group-553E271A2630-FollowerState was interrupted
2024-01-08 22:37:39,833 [grpc-default-executor-1] INFO  server.RaftServer$Division (RaftServerImpl.java:requestVote(1377)) - 5e84c15f-e363-46f0-a4a8-c0510a3e4dd9@group-553E271A2630: receive requestVote(ELECTION, 45b27c77-8146-46e2-b49e-9e386de8493b, group-553E271A2630, 1, (t:0, i:0))
2024-01-08 22:37:39,833 [grpc-default-executor-1] INFO  impl.VoteContext (VoteContext.java:log(49)) - 5e84c15f-e363-46f0-a4a8-c0510a3e4dd9@group-553E271A2630-FOLLOWER: accept ELECTION from 45b27c77-8146-46e2-b49e-9e386de8493b: our priority 0 <= candidate's priority 1
2024-01-08 22:37:39,833 [grpc-default-executor-1] INFO  server.RaftServer$Division (RaftServerImpl.java:setRole(379)) - 5e84c15f-e363-46f0-a4a8-c0510a3e4dd9@group-553E271A2630: changes role from  FOLLOWER to FOLLOWER at term 1 for candidate:45b27c77-8146-46e2-b49e-9e386de8493b
2024-01-08 22:37:39,833 [grpc-default-executor-1] INFO  impl.RoleInfo (RoleInfo.java:shutdownFollowerState(110)) - 5e84c15f-e363-46f0-a4a8-c0510a3e4dd9: shutdown 5e84c15f-e363-46f0-a4a8-c0510a3e4dd9@group-553E271A2630-FollowerState
2024-01-08 22:37:39,835 [5e84c15f-e363-46f0-a4a8-c0510a3e4dd9@group-111C7FA9F822-FollowerState] INFO  impl.FollowerState (FollowerState.java:run(143)) - 5e84c15f-e363-46f0-a4a8-c0510a3e4dd9@group-111C7FA9F822-FollowerState: change to CANDIDATE, lastRpcElapsedTime:5075379403ns, electionTimeout:5075ms
2024-01-08 22:37:39,835 [5e84c15f-e363-46f0-a4a8-c0510a3e4dd9@group-111C7FA9F822-FollowerState] INFO  impl.RoleInfo (RoleInfo.java:shutdownFollowerState(110)) - 5e84c15f-e363-46f0-a4a8-c0510a3e4dd9: shutdown 5e84c15f-e363-46f0-a4a8-c0510a3e4dd9@group-111C7FA9F822-FollowerState
2024-01-08 22:37:39,835 [5e84c15f-e363-46f0-a4a8-c0510a3e4dd9@group-111C7FA9F822-FollowerState] INFO  server.RaftServer$Division (RaftServerImpl.java:setRole(379)) - 5e84c15f-e363-46f0-a4a8-c0510a3e4dd9@group-111C7FA9F822: changes role from  FOLLOWER to CANDIDATE at term 0 for changeToCandidate
2024-01-08 22:37:39,838 [grpc-default-executor-2] INFO  server.RaftServer$Division (RaftServerImpl.java:setFirstElection(564)) - 4688c780-dea6-4744-ac30-6cd603ef2a1b@group-553E271A2630: set firstElectionSinceStartup to false for candidate:45b27c77-8146-46e2-b49e-9e386de8493b
2024-01-08 22:37:39,839 [5e84c15f-e363-46f0-a4a8-c0510a3e4dd9@group-111C7FA9F822-FollowerState] INFO  server.RaftServerConfigKeys (ConfUtils.java:logGet(46)) - raft.server.leaderelection.pre-vote = true (default)
2024-01-08 22:37:39,839 [5e84c15f-e363-46f0-a4a8-c0510a3e4dd9@group-553E271A2630-FollowerState] INFO  impl.FollowerState (FollowerState.java:run(152)) - 5e84c15f-e363-46f0-a4a8-c0510a3e4dd9@group-553E271A2630-FollowerState was interrupted
2024-01-08 22:37:39,839 [grpc-default-executor-1] INFO  impl.RoleInfo (RoleInfo.java:updateAndGet(139)) - 5e84c15f-e363-46f0-a4a8-c0510a3e4dd9: start 5e84c15f-e363-46f0-a4a8-c0510a3e4dd9@group-553E271A2630-FollowerState
2024-01-08 22:37:39,841 [grpc-default-executor-2] INFO  server.RaftServer$Division (RaftServerImpl.java:requestVote(1410)) - 4688c780-dea6-4744-ac30-6cd603ef2a1b@group-553E271A2630 replies to ELECTION vote request: 45b27c77-8146-46e2-b49e-9e386de8493b<-4688c780-dea6-4744-ac30-6cd603ef2a1b#0:OK-t1. Peer's state: 4688c780-dea6-4744-ac30-6cd603ef2a1b@group-553E271A2630:t1, leader=null, voted=45b27c77-8146-46e2-b49e-9e386de8493b, raftlog=Memoized:4688c780-dea6-4744-ac30-6cd603ef2a1b@group-553E271A2630-SegmentedRaftLog:OPENED:c-1, conf=-1: peers:[4688c780-dea6-4744-ac30-6cd603ef2a1b|10.1.0.16:15370, 45b27c77-8146-46e2-b49e-9e386de8493b|10.1.0.16:15388, 5e84c15f-e363-46f0-a4a8-c0510a3e4dd9|10.1.0.16:15379]|listeners:[], old=null
2024-01-08 22:37:39,840 [5e84c15f-e363-46f0-a4a8-c0510a3e4dd9@group-111C7FA9F822-FollowerState] INFO  impl.RoleInfo (RoleInfo.java:updateAndGet(139)) - 5e84c15f-e363-46f0-a4a8-c0510a3e4dd9: start 5e84c15f-e363-46f0-a4a8-c0510a3e4dd9@group-111C7FA9F822-LeaderElection62
2024-01-08 22:37:39,841 [45b27c77-8146-46e2-b49e-9e386de8493b@group-553E271A2630-LeaderElection61] INFO  impl.LeaderElection (LeaderElection.java:logAndReturn(89)) - 45b27c77-8146-46e2-b49e-9e386de8493b@group-553E271A2630-LeaderElection61: ELECTION PASSED received 1 response(s) and 0 exception(s):
2024-01-08 22:37:39,841 [45b27c77-8146-46e2-b49e-9e386de8493b@group-553E271A2630-LeaderElection61] INFO  impl.LeaderElection (LeaderElection.java:logAndReturn(93)) -   Response 0: 45b27c77-8146-46e2-b49e-9e386de8493b<-4688c780-dea6-4744-ac30-6cd603ef2a1b#0:OK-t1
2024-01-08 22:37:39,841 [grpc-default-executor-1] INFO  server.RaftServer$Division (RaftServerImpl.java:setFirstElection(564)) - 5e84c15f-e363-46f0-a4a8-c0510a3e4dd9@group-553E271A2630: set firstElectionSinceStartup to false for candidate:45b27c77-8146-46e2-b49e-9e386de8493b
2024-01-08 22:37:39,843 [45b27c77-8146-46e2-b49e-9e386de8493b@group-553E271A2630-LeaderElection61] INFO  impl.LeaderElection (LeaderElection.java:askForVotes(325)) - 45b27c77-8146-46e2-b49e-9e386de8493b@group-553E271A2630-LeaderElection61 ELECTION round 0: result PASSED
2024-01-08 22:37:39,843 [45b27c77-8146-46e2-b49e-9e386de8493b@group-553E271A2630-LeaderElection61] INFO  impl.RoleInfo (RoleInfo.java:shutdownLeaderElection(130)) - 45b27c77-8146-46e2-b49e-9e386de8493b: shutdown 45b27c77-8146-46e2-b49e-9e386de8493b@group-553E271A2630-LeaderElection61
2024-01-08 22:37:39,843 [45b27c77-8146-46e2-b49e-9e386de8493b@group-553E271A2630-LeaderElection61] INFO  server.RaftServer$Division (RaftServerImpl.java:setRole(379)) - 45b27c77-8146-46e2-b49e-9e386de8493b@group-553E271A2630: changes role from CANDIDATE to LEADER at term 1 for changeToLeader
2024-01-08 22:37:39,843 [45b27c77-8146-46e2-b49e-9e386de8493b@group-553E271A2630-LeaderElection61] INFO  server.RaftServerConfigKeys (ConfUtils.java:logGet(46)) - raft.server.staging.catchup.gap = 1000 (default)
2024-01-08 22:37:39,843 [45b27c77-8146-46e2-b49e-9e386de8493b@group-553E271A2630-LeaderElection61] INFO  server.RaftServerConfigKeys (ConfUtils.java:logGet(46)) - raft.server.write.element-limit = 1024 (custom)
2024-01-08 22:37:39,843 [45b27c77-8146-46e2-b49e-9e386de8493b@group-553E271A2630-LeaderElection61] INFO  server.RaftServerConfigKeys (ConfUtils.java:logGet(46)) - raft.server.write.byte-limit = 1024 M (=1073741824) (custom)
2024-01-08 22:37:39,843 [45b27c77-8146-46e2-b49e-9e386de8493b@group-553E271A2630-LeaderElection61] INFO  server.RaftServerConfigKeys (ConfUtils.java:logGet(46)) - raft.server.watch.timeout = 3000ms (custom)
2024-01-08 22:37:39,843 [45b27c77-8146-46e2-b49e-9e386de8493b@group-553E271A2630-LeaderElection61] INFO  server.RaftServerConfigKeys (ConfUtils.java:logGet(46)) - raft.server.watch.timeout.denomination = 1s (default)
2024-01-08 22:37:39,843 [45b27c77-8146-46e2-b49e-9e386de8493b@group-553E271A2630-LeaderElection61] INFO  server.RaftServerConfigKeys (ConfUtils.java:logGet(46)) - raft.server.watch.element-limit = 65536 (default)
2024-01-08 22:37:39,843 [45b27c77-8146-46e2-b49e-9e386de8493b@group-553E271A2630-LeaderElection61] INFO  server.RaftServerConfigKeys (ConfUtils.java:logGet(46)) - raft.server.read.leader.lease.enabled = false (default)
2024-01-08 22:37:39,843 [45b27c77-8146-46e2-b49e-9e386de8493b@group-553E271A2630-LeaderElection61] INFO  server.RaftServerConfigKeys (ConfUtils.java:logGet(46)) - raft.server.read.leader.lease.timeout.ratio = 0.9 (default)
2024-01-08 22:37:39,843 [45b27c77-8146-46e2-b49e-9e386de8493b@group-553E271A2630-LeaderElection61] INFO  server.RaftServerConfigKeys (ConfUtils.java:logGet(46)) - raft.server.rpc.timeout.min = 5s (custom)
2024-01-08 22:37:39,843 [grpc-default-executor-1] INFO  server.RaftServer$Division (RaftServerImpl.java:requestVote(1410)) - 5e84c15f-e363-46f0-a4a8-c0510a3e4dd9@group-553E271A2630 replies to ELECTION vote request: 45b27c77-8146-46e2-b49e-9e386de8493b<-5e84c15f-e363-46f0-a4a8-c0510a3e4dd9#0:OK-t1. Peer's state: 5e84c15f-e363-46f0-a4a8-c0510a3e4dd9@group-553E271A2630:t1, leader=null, voted=45b27c77-8146-46e2-b49e-9e386de8493b, raftlog=Memoized:5e84c15f-e363-46f0-a4a8-c0510a3e4dd9@group-553E271A2630-SegmentedRaftLog:OPENED:c-1, conf=-1: peers:[4688c780-dea6-4744-ac30-6cd603ef2a1b|10.1.0.16:15370, 45b27c77-8146-46e2-b49e-9e386de8493b|10.1.0.16:15388, 5e84c15f-e363-46f0-a4a8-c0510a3e4dd9|10.1.0.16:15379]|listeners:[], old=null
2024-01-08 22:37:39,842 [5e84c15f-e363-46f0-a4a8-c0510a3e4dd9@group-111C7FA9F822-LeaderElection62] INFO  impl.LeaderElection (LeaderElection.java:askForVotes(323)) - 5e84c15f-e363-46f0-a4a8-c0510a3e4dd9@group-111C7FA9F822-LeaderElection62 PRE_VOTE round 0: submit vote requests at term 0 for -1: peers:[5e84c15f-e363-46f0-a4a8-c0510a3e4dd9|10.1.0.16:15379]|listeners:[], old=null
2024-01-08 22:37:39,843 [45b27c77-8146-46e2-b49e-9e386de8493b@group-553E271A2630-LeaderElection61] INFO  server.RaftServerConfigKeys (ConfUtils.java:logGet(46)) - raft.server.write.element-limit = 1024 (custom)
2024-01-08 22:37:39,847 [5e84c15f-e363-46f0-a4a8-c0510a3e4dd9@group-111C7FA9F822-LeaderElection62] INFO  impl.LeaderElection (LeaderElection.java:askForVotes(325)) - 5e84c15f-e363-46f0-a4a8-c0510a3e4dd9@group-111C7FA9F822-LeaderElection62 PRE_VOTE round 0: result PASSED (term=0)
2024-01-08 22:37:39,847 [45b27c77-8146-46e2-b49e-9e386de8493b@group-553E271A2630-LeaderElection61] INFO  server.RaftServerConfigKeys (ConfUtils.java:logGet(46)) - raft.server.write.follower.gap.ratio.max = -1.0 (default)
2024-01-08 22:37:39,848 [45b27c77-8146-46e2-b49e-9e386de8493b@group-553E271A2630-LeaderElection61] INFO  server.RaftServerConfigKeys (ConfUtils.java:logGet(46)) - raft.server.log.appender.snapshot.chunk.size.max = 16MB (=16777216) (default)
2024-01-08 22:37:39,848 [45b27c77-8146-46e2-b49e-9e386de8493b@group-553E271A2630-LeaderElection61] INFO  server.RaftServerConfigKeys (ConfUtils.java:logGet(46)) - raft.server.log.appender.buffer.byte-limit = 8388608 (custom)
2024-01-08 22:37:39,848 [45b27c77-8146-46e2-b49e-9e386de8493b@group-553E271A2630-LeaderElection61] INFO  server.RaftServerConfigKeys (ConfUtils.java:logGet(46)) - raft.server.log.appender.buffer.element-limit = 1 (custom)
2024-01-08 22:37:39,848 [45b27c77-8146-46e2-b49e-9e386de8493b@group-553E271A2630-LeaderElection61] INFO  server.RaftServerConfigKeys (ConfUtils.java:logGet(46)) - raft.server.log.appender.wait-time.min = 0ms (custom)
2024-01-08 22:37:39,848 [45b27c77-8146-46e2-b49e-9e386de8493b@group-553E271A2630-LeaderElection61] INFO  grpc.GrpcConfigKeys (ConfUtils.java:logGet(46)) - raft.grpc.server.leader.outstanding.appends.max = 8 (default)
2024-01-08 22:37:39,848 [45b27c77-8146-46e2-b49e-9e386de8493b@group-553E271A2630-LeaderElection61] INFO  server.RaftServerConfigKeys (ConfUtils.java:logGet(46)) - raft.server.rpc.request.timeout = 3000ms (default)
2024-01-08 22:37:39,848 [45b27c77-8146-46e2-b49e-9e386de8493b@group-553E271A2630-LeaderElection61] INFO  grpc.GrpcConfigKeys (ConfUtils.java:logGet(46)) - raft.grpc.server.install_snapshot.request.element-limit = 8 (default)
2024-01-08 22:37:39,848 [45b27c77-8146-46e2-b49e-9e386de8493b@group-553E271A2630-LeaderElection61] INFO  grpc.GrpcConfigKeys (ConfUtils.java:logGet(46)) - raft.grpc.server.install_snapshot.request.timeout = 3000ms (default)
2024-01-08 22:37:39,848 [45b27c77-8146-46e2-b49e-9e386de8493b@group-553E271A2630-LeaderElection61] INFO  server.RaftServerConfigKeys (ConfUtils.java:logGet(46)) - raft.server.log.appender.install.snapshot.enabled = false (custom)
2024-01-08 22:37:39,848 [45b27c77-8146-46e2-b49e-9e386de8493b@group-553E271A2630-LeaderElection61] INFO  grpc.GrpcConfigKeys (ConfUtils.java:logGet(46)) - raft.grpc.server.heartbeat.channel = true (default)
2024-01-08 22:37:39,848 [5e84c15f-e363-46f0-a4a8-c0510a3e4dd9@group-111C7FA9F822-LeaderElection62] INFO  impl.LeaderElection (LeaderElection.java:askForVotes(323)) - 5e84c15f-e363-46f0-a4a8-c0510a3e4dd9@group-111C7FA9F822-LeaderElection62 ELECTION round 0: submit vote requests at term 1 for -1: peers:[5e84c15f-e363-46f0-a4a8-c0510a3e4dd9|10.1.0.16:15379]|listeners:[], old=null
2024-01-08 22:37:39,848 [5e84c15f-e363-46f0-a4a8-c0510a3e4dd9@group-111C7FA9F822-LeaderElection62] INFO  impl.LeaderElection (LeaderElection.java:askForVotes(325)) - 5e84c15f-e363-46f0-a4a8-c0510a3e4dd9@group-111C7FA9F822-LeaderElection62 ELECTION round 0: result PASSED (term=1)
2024-01-08 22:37:39,848 [5e84c15f-e363-46f0-a4a8-c0510a3e4dd9@group-111C7FA9F822-LeaderElection62] INFO  impl.RoleInfo (RoleInfo.java:shutdownLeaderElection(130)) - 5e84c15f-e363-46f0-a4a8-c0510a3e4dd9: shutdown 5e84c15f-e363-46f0-a4a8-c0510a3e4dd9@group-111C7FA9F822-LeaderElection62
2024-01-08 22:37:39,848 [5e84c15f-e363-46f0-a4a8-c0510a3e4dd9@group-111C7FA9F822-LeaderElection62] INFO  server.RaftServer$Division (RaftServerImpl.java:setRole(379)) - 5e84c15f-e363-46f0-a4a8-c0510a3e4dd9@group-111C7FA9F822: changes role from CANDIDATE to LEADER at term 1 for changeToLeader
2024-01-08 22:37:39,849 [5e84c15f-e363-46f0-a4a8-c0510a3e4dd9@group-111C7FA9F822-LeaderElection62] INFO  server.RaftServerConfigKeys (ConfUtils.java:logGet(46)) - raft.server.staging.catchup.gap = 1000 (default)
2024-01-08 22:37:39,849 [5e84c15f-e363-46f0-a4a8-c0510a3e4dd9@group-111C7FA9F822-LeaderElection62] INFO  server.RaftServerConfigKeys (ConfUtils.java:logGet(46)) - raft.server.write.element-limit = 1024 (custom)
2024-01-08 22:37:39,849 [5e84c15f-e363-46f0-a4a8-c0510a3e4dd9@group-111C7FA9F822-LeaderElection62] INFO  server.RaftServerConfigKeys (ConfUtils.java:logGet(46)) - raft.server.write.byte-limit = 1024 M (=1073741824) (custom)
2024-01-08 22:37:39,849 [5e84c15f-e363-46f0-a4a8-c0510a3e4dd9@group-111C7FA9F822-LeaderElection62] INFO  server.RaftServerConfigKeys (ConfUtils.java:logGet(46)) - raft.server.watch.timeout = 3000ms (custom)
2024-01-08 22:37:39,849 [5e84c15f-e363-46f0-a4a8-c0510a3e4dd9@group-111C7FA9F822-LeaderElection62] INFO  server.RaftServerConfigKeys (ConfUtils.java:logGet(46)) - raft.server.watch.timeout.denomination = 1s (default)
2024-01-08 22:37:39,849 [5e84c15f-e363-46f0-a4a8-c0510a3e4dd9@group-111C7FA9F822-LeaderElection62] INFO  server.RaftServerConfigKeys (ConfUtils.java:logGet(46)) - raft.server.watch.element-limit = 65536 (default)
2024-01-08 22:37:39,849 [5e84c15f-e363-46f0-a4a8-c0510a3e4dd9@group-111C7FA9F822-LeaderElection62] INFO  server.RaftServerConfigKeys (ConfUtils.java:logGet(46)) - raft.server.read.leader.lease.enabled = false (default)
2024-01-08 22:37:39,849 [5e84c15f-e363-46f0-a4a8-c0510a3e4dd9@group-111C7FA9F822-LeaderElection62] INFO  server.RaftServerConfigKeys (ConfUtils.java:logGet(46)) - raft.server.read.leader.lease.timeout.ratio = 0.9 (default)
2024-01-08 22:37:39,849 [5e84c15f-e363-46f0-a4a8-c0510a3e4dd9@group-111C7FA9F822-LeaderElection62] INFO  server.RaftServerConfigKeys (ConfUtils.java:logGet(46)) - raft.server.rpc.timeout.min = 5s (custom)
2024-01-08 22:37:39,849 [5e84c15f-e363-46f0-a4a8-c0510a3e4dd9@group-111C7FA9F822-LeaderElection62] INFO  server.RaftServerConfigKeys (ConfUtils.java:logGet(46)) - raft.server.write.element-limit = 1024 (custom)
2024-01-08 22:37:39,849 [5e84c15f-e363-46f0-a4a8-c0510a3e4dd9@group-111C7FA9F822-LeaderElection62] INFO  server.RaftServerConfigKeys (ConfUtils.java:logGet(46)) - raft.server.write.follower.gap.ratio.max = -1.0 (default)
2024-01-08 22:37:39,849 [45b27c77-8146-46e2-b49e-9e386de8493b@group-553E271A2630-LeaderElection61] INFO  server.RaftServerConfigKeys (ConfUtils.java:logGet(46)) - raft.server.log.appender.snapshot.chunk.size.max = 16MB (=16777216) (default)
2024-01-08 22:37:39,849 [5e84c15f-e363-46f0-a4a8-c0510a3e4dd9@group-111C7FA9F822-LeaderElection62] INFO  impl.RoleInfo (RoleInfo.java:updateAndGet(139)) - 5e84c15f-e363-46f0-a4a8-c0510a3e4dd9: start 5e84c15f-e363-46f0-a4a8-c0510a3e4dd9@group-111C7FA9F822-LeaderStateImpl
2024-01-08 22:37:39,850 [45b27c77-8146-46e2-b49e-9e386de8493b@group-553E271A2630-LeaderElection61] INFO  server.RaftServerConfigKeys (ConfUtils.java:logGet(46)) - raft.server.log.appender.buffer.byte-limit = 8388608 (custom)
2024-01-08 22:37:39,850 [5e84c15f-e363-46f0-a4a8-c0510a3e4dd9@group-111C7FA9F822-LeaderElection62] INFO  server.RaftServer$Division (RaftServerImpl.java:setFirstElection(564)) - 5e84c15f-e363-46f0-a4a8-c0510a3e4dd9@group-111C7FA9F822: set firstElectionSinceStartup to false for becomeLeader
2024-01-08 22:37:39,850 [45b27c77-8146-46e2-b49e-9e386de8493b@group-553E271A2630-LeaderElection61] INFO  server.RaftServerConfigKeys (ConfUtils.java:logGet(46)) - raft.server.log.appender.buffer.element-limit = 1 (custom)
2024-01-08 22:37:39,850 [5e84c15f-e363-46f0-a4a8-c0510a3e4dd9@group-111C7FA9F822-LeaderElection62] INFO  ratis.XceiverServerRatis (XceiverServerRatis.java:handleLeaderChangedNotification(945)) - Leader change notification received for group: group-111C7FA9F822 with new leaderId: 5e84c15f-e363-46f0-a4a8-c0510a3e4dd9
2024-01-08 22:37:39,850 [45b27c77-8146-46e2-b49e-9e386de8493b@group-553E271A2630-LeaderElection61] INFO  server.RaftServerConfigKeys (ConfUtils.java:logGet(46)) - raft.server.log.appender.wait-time.min = 0ms (custom)
2024-01-08 22:37:39,850 [45b27c77-8146-46e2-b49e-9e386de8493b@group-553E271A2630-LeaderElection61] INFO  grpc.GrpcConfigKeys (ConfUtils.java:logGet(46)) - raft.grpc.server.leader.outstanding.appends.max = 8 (default)
2024-01-08 22:37:39,850 [45b27c77-8146-46e2-b49e-9e386de8493b@group-553E271A2630-LeaderElection61] INFO  server.RaftServerConfigKeys (ConfUtils.java:logGet(46)) - raft.server.rpc.request.timeout = 3000ms (default)
2024-01-08 22:37:39,850 [45b27c77-8146-46e2-b49e-9e386de8493b@group-553E271A2630-LeaderElection61] INFO  grpc.GrpcConfigKeys (ConfUtils.java:logGet(46)) - raft.grpc.server.install_snapshot.request.element-limit = 8 (default)
2024-01-08 22:37:39,850 [45b27c77-8146-46e2-b49e-9e386de8493b@group-553E271A2630-LeaderElection61] INFO  grpc.GrpcConfigKeys (ConfUtils.java:logGet(46)) - raft.grpc.server.install_snapshot.request.timeout = 3000ms (default)
2024-01-08 22:37:39,850 [45b27c77-8146-46e2-b49e-9e386de8493b@group-553E271A2630-LeaderElection61] INFO  server.RaftServerConfigKeys (ConfUtils.java:logGet(46)) - raft.server.log.appender.install.snapshot.enabled = false (custom)
2024-01-08 22:37:39,850 [45b27c77-8146-46e2-b49e-9e386de8493b@group-553E271A2630-LeaderElection61] INFO  grpc.GrpcConfigKeys (ConfUtils.java:logGet(46)) - raft.grpc.server.heartbeat.channel = true (default)
2024-01-08 22:37:39,850 [5e84c15f-e363-46f0-a4a8-c0510a3e4dd9@group-111C7FA9F822-LeaderElection62] INFO  server.RaftServer$Division (ServerState.java:setLeader(265)) - 5e84c15f-e363-46f0-a4a8-c0510a3e4dd9@group-111C7FA9F822: change Leader from null to 5e84c15f-e363-46f0-a4a8-c0510a3e4dd9 at term 1 for becomeLeader, leader elected after 5098ms
2024-01-08 22:37:39,850 [EventQueue-OpenPipelineForHealthyPipelineSafeModeRule] INFO  safemode.SCMSafeModeManager (HealthyPipelineSafeModeRule.java:process(140)) - SCM in safe mode. Healthy pipelines reported count is 0, required healthy pipeline reported count is 1
2024-01-08 22:37:39,851 [45b27c77-8146-46e2-b49e-9e386de8493b@group-553E271A2630-LeaderElection61] INFO  impl.RoleInfo (RoleInfo.java:updateAndGet(139)) - 45b27c77-8146-46e2-b49e-9e386de8493b: start 45b27c77-8146-46e2-b49e-9e386de8493b@group-553E271A2630-LeaderStateImpl
2024-01-08 22:37:39,851 [45b27c77-8146-46e2-b49e-9e386de8493b@group-553E271A2630-LeaderElection61] INFO  server.RaftServer$Division (RaftServerImpl.java:setFirstElection(564)) - 45b27c77-8146-46e2-b49e-9e386de8493b@group-553E271A2630: set firstElectionSinceStartup to false for becomeLeader
2024-01-08 22:37:39,851 [45b27c77-8146-46e2-b49e-9e386de8493b@group-553E271A2630-LeaderElection61] INFO  ratis.XceiverServerRatis (XceiverServerRatis.java:handleLeaderChangedNotification(945)) - Leader change notification received for group: group-553E271A2630 with new leaderId: 45b27c77-8146-46e2-b49e-9e386de8493b
2024-01-08 22:37:39,851 [45b27c77-8146-46e2-b49e-9e386de8493b@group-553E271A2630-LeaderElection61] INFO  server.RaftServer$Division (ServerState.java:setLeader(265)) - 45b27c77-8146-46e2-b49e-9e386de8493b@group-553E271A2630: change Leader from null to 45b27c77-8146-46e2-b49e-9e386de8493b at term 1 for becomeLeader, leader elected after 5133ms
2024-01-08 22:37:39,851 [45b27c77-8146-46e2-b49e-9e386de8493b@group-553E271A2630-LeaderElection61] INFO  segmented.SegmentedRaftLogWorker (SegmentedRaftLogWorker.java:startLogSegment(428)) - 45b27c77-8146-46e2-b49e-9e386de8493b@group-553E271A2630-SegmentedRaftLogWorker: Starting segment from index:0
2024-01-08 22:37:39,852 [5e84c15f-e363-46f0-a4a8-c0510a3e4dd9@group-111C7FA9F822-LeaderElection62] INFO  segmented.SegmentedRaftLogWorker (SegmentedRaftLogWorker.java:startLogSegment(428)) - 5e84c15f-e363-46f0-a4a8-c0510a3e4dd9@group-111C7FA9F822-SegmentedRaftLogWorker: Starting segment from index:0
2024-01-08 22:37:39,855 [EventQueue-PipelineReportForPipelineReportHandler] INFO  pipeline.PipelineReportHandler (PipelineReportHandler.java:processPipelineReport(136)) - Opened pipeline PipelineID=491b6cbb-1171-451f-b08e-553e271a2630
2024-01-08 22:37:39,852 [45b27c77-8146-46e2-b49e-9e386de8493b@group-553E271A2630-LeaderElection61] INFO  server.RaftServer$Division (ServerState.java:setRaftConf(382)) - 45b27c77-8146-46e2-b49e-9e386de8493b@group-553E271A2630: set configuration 0: peers:[4688c780-dea6-4744-ac30-6cd603ef2a1b|10.1.0.16:15370, 45b27c77-8146-46e2-b49e-9e386de8493b|10.1.0.16:15388, 5e84c15f-e363-46f0-a4a8-c0510a3e4dd9|10.1.0.16:15379]|listeners:[], old=null
2024-01-08 22:37:39,858 [EventQueue-OpenPipelineForHealthyPipelineSafeModeRule] INFO  safemode.SCMSafeModeManager (HealthyPipelineSafeModeRule.java:process(140)) - SCM in safe mode. Healthy pipelines reported count is 1, required healthy pipeline reported count is 1
2024-01-08 22:37:39,858 [EventQueue-OpenPipelineForHealthyPipelineSafeModeRule] INFO  safemode.SCMSafeModeManager (SCMSafeModeManager.java:validateSafeModeExitRules(200)) - HealthyPipelineSafeModeRule rule is successfully validated
2024-01-08 22:37:39,858 [EventQueue-OpenPipelineForHealthyPipelineSafeModeRule] INFO  safemode.SCMSafeModeManager (SCMSafeModeManager.java:validateSafeModeExitRules(215)) - ScmSafeModeManager, all rules are successfully validated
2024-01-08 22:37:39,858 [EventQueue-OpenPipelineForHealthyPipelineSafeModeRule] INFO  safemode.SCMSafeModeManager (SCMSafeModeManager.java:exitSafeMode(244)) - SCM exiting safe mode.
2024-01-08 22:37:39,858 [EventQueue-OpenPipelineForHealthyPipelineSafeModeRule] INFO  ha.SCMContext (SCMContext.java:updateSafeModeStatus(230)) - Update SafeModeStatus from SafeModeStatus{safeModeStatus=true, preCheckPassed=true} to SafeModeStatus{safeModeStatus=false, preCheckPassed=true}.
2024-01-08 22:37:39,858 [EventQueue-OpenPipelineForHealthyPipelineSafeModeRule] INFO  pipeline.BackgroundPipelineCreator (BackgroundPipelineCreator.java:notifyStatusChanged(258)) - Service BackgroundPipelineCreator transitions to RUNNING.
2024-01-08 22:37:39,858 [EventQueue-OpenPipelineForHealthyPipelineSafeModeRule] INFO  BackgroundPipelineScrubber (BackgroundSCMService.java:notifyStatusChanged(82)) - Service BackgroundPipelineScrubber transitions to RUNNING.
2024-01-08 22:37:39,858 [EventQueue-OpenPipelineForHealthyPipelineSafeModeRule] INFO  ExpiredContainerReplicaOpScrubber (BackgroundSCMService.java:notifyStatusChanged(82)) - Service ExpiredContainerReplicaOpScrubber transitions to RUNNING.
2024-01-08 22:37:39,858 [EventQueue-OpenPipelineForHealthyPipelineSafeModeRule] INFO  block.SCMBlockDeletingService (SCMBlockDeletingService.java:notifyStatusChanged(247)) - notifyStatusChanged:RUNNING
2024-01-08 22:37:39,858 [EventQueue-OpenPipelineForHealthyPipelineSafeModeRule] INFO  replication.ReplicationManager (ReplicationManager.java:notifyStatusChanged(1401)) - Service ReplicationManager transitions to RUNNING.
2024-01-08 22:37:39,859 [EventQueue-OpenPipelineForHealthyPipelineSafeModeRule] WARN  balancer.ContainerBalancer (ContainerBalancer.java:shouldRun(134)) - Could not find persisted configuration for ContainerBalancer when checking if ContainerBalancer should run. ContainerBalancer should not run now.
2024-01-08 22:37:39,868 [5e84c15f-e363-46f0-a4a8-c0510a3e4dd9@group-111C7FA9F822-LeaderElection62] INFO  server.RaftServer$Division (ServerState.java:setRaftConf(382)) - 5e84c15f-e363-46f0-a4a8-c0510a3e4dd9@group-111C7FA9F822: set configuration 0: peers:[5e84c15f-e363-46f0-a4a8-c0510a3e4dd9|10.1.0.16:15379]|listeners:[], old=null
2024-01-08 22:37:39,868 [5e84c15f-e363-46f0-a4a8-c0510a3e4dd9@group-111C7FA9F822-SegmentedRaftLogWorker] INFO  segmented.SegmentedRaftLogWorker (SegmentedRaftLogWorker.java:execute(632)) - 5e84c15f-e363-46f0-a4a8-c0510a3e4dd9@group-111C7FA9F822-SegmentedRaftLogWorker: created new log segment /home/runner/work/ozone/ozone/hadoop-ozone/integration-test/target/test-dir/MiniOzoneClusterImpl-c2c64c26-053e-4d1e-83e3-051e2bfa4916/datanode-1/data/ratis/b70a71a8-944d-4a83-ba37-111c7fa9f822/current/log_inprogress_0
2024-01-08 22:37:39,868 [45b27c77-8146-46e2-b49e-9e386de8493b@group-553E271A2630-SegmentedRaftLogWorker] INFO  segmented.SegmentedRaftLogWorker (SegmentedRaftLogWorker.java:execute(632)) - 45b27c77-8146-46e2-b49e-9e386de8493b@group-553E271A2630-SegmentedRaftLogWorker: created new log segment /home/runner/work/ozone/ozone/hadoop-ozone/integration-test/target/test-dir/MiniOzoneClusterImpl-c2c64c26-053e-4d1e-83e3-051e2bfa4916/datanode-2/data/ratis/491b6cbb-1171-451f-b08e-553e271a2630/current/log_inprogress_0
2024-01-08 22:37:39,874 [5e84c15f-e363-46f0-a4a8-c0510a3e4dd9@group-111C7FA9F822-StateMachineUpdater] INFO  server.RaftServer$Division (LeaderStateImpl.java:isApplied(316)) - leader is ready since appliedIndex == 0 >= startIndex == 0
2024-01-08 22:37:39,878 [4688c780-dea6-4744-ac30-6cd603ef2a1b-server-thread1] INFO  ratis.XceiverServerRatis (XceiverServerRatis.java:handleLeaderChangedNotification(945)) - Leader change notification received for group: group-553E271A2630 with new leaderId: 45b27c77-8146-46e2-b49e-9e386de8493b
2024-01-08 22:37:39,878 [4688c780-dea6-4744-ac30-6cd603ef2a1b-server-thread1] INFO  server.RaftServer$Division (ServerState.java:setLeader(265)) - 4688c780-dea6-4744-ac30-6cd603ef2a1b@group-553E271A2630: change Leader from null to 45b27c77-8146-46e2-b49e-9e386de8493b at term 1 for appendEntries, leader elected after 5206ms
2024-01-08 22:37:39,879 [4688c780-dea6-4744-ac30-6cd603ef2a1b-server-thread2] INFO  server.RaftServer$Division (ServerState.java:setRaftConf(382)) - 4688c780-dea6-4744-ac30-6cd603ef2a1b@group-553E271A2630: set configuration 0: peers:[4688c780-dea6-4744-ac30-6cd603ef2a1b|10.1.0.16:15370, 45b27c77-8146-46e2-b49e-9e386de8493b|10.1.0.16:15388, 5e84c15f-e363-46f0-a4a8-c0510a3e4dd9|10.1.0.16:15379]|listeners:[], old=null
2024-01-08 22:37:39,879 [4688c780-dea6-4744-ac30-6cd603ef2a1b-server-thread2] INFO  segmented.SegmentedRaftLogWorker (SegmentedRaftLogWorker.java:startLogSegment(428)) - 4688c780-dea6-4744-ac30-6cd603ef2a1b@group-553E271A2630-SegmentedRaftLogWorker: Starting segment from index:0
2024-01-08 22:37:39,884 [5e84c15f-e363-46f0-a4a8-c0510a3e4dd9-server-thread1] INFO  ratis.XceiverServerRatis (XceiverServerRatis.java:handleLeaderChangedNotification(945)) - Leader change notification received for group: group-553E271A2630 with new leaderId: 45b27c77-8146-46e2-b49e-9e386de8493b
2024-01-08 22:37:39,884 [5e84c15f-e363-46f0-a4a8-c0510a3e4dd9-server-thread1] INFO  server.RaftServer$Division (ServerState.java:setLeader(265)) - 5e84c15f-e363-46f0-a4a8-c0510a3e4dd9@group-553E271A2630: change Leader from null to 45b27c77-8146-46e2-b49e-9e386de8493b at term 1 for appendEntries, leader elected after 5192ms
2024-01-08 22:37:39,889 [4688c780-dea6-4744-ac30-6cd603ef2a1b@group-553E271A2630-SegmentedRaftLogWorker] INFO  segmented.SegmentedRaftLogWorker (SegmentedRaftLogWorker.java:execute(632)) - 4688c780-dea6-4744-ac30-6cd603ef2a1b@group-553E271A2630-SegmentedRaftLogWorker: created new log segment /home/runner/work/ozone/ozone/hadoop-ozone/integration-test/target/test-dir/MiniOzoneClusterImpl-c2c64c26-053e-4d1e-83e3-051e2bfa4916/datanode-0/data/ratis/491b6cbb-1171-451f-b08e-553e271a2630/current/log_inprogress_0
2024-01-08 22:37:39,893 [5e84c15f-e363-46f0-a4a8-c0510a3e4dd9-server-thread2] INFO  server.RaftServer$Division (ServerState.java:setRaftConf(382)) - 5e84c15f-e363-46f0-a4a8-c0510a3e4dd9@group-553E271A2630: set configuration 0: peers:[4688c780-dea6-4744-ac30-6cd603ef2a1b|10.1.0.16:15370, 45b27c77-8146-46e2-b49e-9e386de8493b|10.1.0.16:15388, 5e84c15f-e363-46f0-a4a8-c0510a3e4dd9|10.1.0.16:15379]|listeners:[], old=null
2024-01-08 22:37:39,893 [45b27c77-8146-46e2-b49e-9e386de8493b@group-553E271A2630-StateMachineUpdater] INFO  server.RaftServer$Division (LeaderStateImpl.java:isApplied(316)) - leader is ready since appliedIndex == 0 >= startIndex == 0
2024-01-08 22:37:39,893 [5e84c15f-e363-46f0-a4a8-c0510a3e4dd9-server-thread2] INFO  segmented.SegmentedRaftLogWorker (SegmentedRaftLogWorker.java:startLogSegment(428)) - 5e84c15f-e363-46f0-a4a8-c0510a3e4dd9@group-553E271A2630-SegmentedRaftLogWorker: Starting segment from index:0
2024-01-08 22:37:39,902 [5e84c15f-e363-46f0-a4a8-c0510a3e4dd9@group-553E271A2630-SegmentedRaftLogWorker] INFO  segmented.SegmentedRaftLogWorker (SegmentedRaftLogWorker.java:execute(632)) - 5e84c15f-e363-46f0-a4a8-c0510a3e4dd9@group-553E271A2630-SegmentedRaftLogWorker: created new log segment /home/runner/work/ozone/ozone/hadoop-ozone/integration-test/target/test-dir/MiniOzoneClusterImpl-c2c64c26-053e-4d1e-83e3-051e2bfa4916/datanode-1/data/ratis/491b6cbb-1171-451f-b08e-553e271a2630/current/log_inprogress_0
2024-01-08 22:37:39,958 [45b27c77-8146-46e2-b49e-9e386de8493b@group-90F282FE66D6-FollowerState] INFO  impl.FollowerState (FollowerState.java:run(143)) - 45b27c77-8146-46e2-b49e-9e386de8493b@group-90F282FE66D6-FollowerState: change to CANDIDATE, lastRpcElapsedTime:5084147673ns, electionTimeout:5083ms
2024-01-08 22:37:39,958 [45b27c77-8146-46e2-b49e-9e386de8493b@group-90F282FE66D6-FollowerState] INFO  impl.RoleInfo (RoleInfo.java:shutdownFollowerState(110)) - 45b27c77-8146-46e2-b49e-9e386de8493b: shutdown 45b27c77-8146-46e2-b49e-9e386de8493b@group-90F282FE66D6-FollowerState
2024-01-08 22:37:39,958 [45b27c77-8146-46e2-b49e-9e386de8493b@group-90F282FE66D6-FollowerState] INFO  server.RaftServer$Division (RaftServerImpl.java:setRole(379)) - 45b27c77-8146-46e2-b49e-9e386de8493b@group-90F282FE66D6: changes role from  FOLLOWER to CANDIDATE at term 0 for changeToCandidate
2024-01-08 22:37:39,958 [45b27c77-8146-46e2-b49e-9e386de8493b@group-90F282FE66D6-FollowerState] INFO  server.RaftServerConfigKeys (ConfUtils.java:logGet(46)) - raft.server.leaderelection.pre-vote = true (default)
2024-01-08 22:37:39,958 [45b27c77-8146-46e2-b49e-9e386de8493b@group-90F282FE66D6-FollowerState] INFO  impl.RoleInfo (RoleInfo.java:updateAndGet(139)) - 45b27c77-8146-46e2-b49e-9e386de8493b: start 45b27c77-8146-46e2-b49e-9e386de8493b@group-90F282FE66D6-LeaderElection63
2024-01-08 22:37:39,960 [45b27c77-8146-46e2-b49e-9e386de8493b@group-90F282FE66D6-LeaderElection63] INFO  impl.LeaderElection (LeaderElection.java:askForVotes(323)) - 45b27c77-8146-46e2-b49e-9e386de8493b@group-90F282FE66D6-LeaderElection63 PRE_VOTE round 0: submit vote requests at term 0 for -1: peers:[45b27c77-8146-46e2-b49e-9e386de8493b|10.1.0.16:15388]|listeners:[], old=null
2024-01-08 22:37:39,960 [45b27c77-8146-46e2-b49e-9e386de8493b@group-90F282FE66D6-LeaderElection63] INFO  impl.LeaderElection (LeaderElection.java:askForVotes(325)) - 45b27c77-8146-46e2-b49e-9e386de8493b@group-90F282FE66D6-LeaderElection63 PRE_VOTE round 0: result PASSED (term=0)
2024-01-08 22:37:39,961 [45b27c77-8146-46e2-b49e-9e386de8493b@group-90F282FE66D6-LeaderElection63] INFO  impl.LeaderElection (LeaderElection.java:askForVotes(323)) - 45b27c77-8146-46e2-b49e-9e386de8493b@group-90F282FE66D6-LeaderElection63 ELECTION round 0: submit vote requests at term 1 for -1: peers:[45b27c77-8146-46e2-b49e-9e386de8493b|10.1.0.16:15388]|listeners:[], old=null
2024-01-08 22:37:39,961 [45b27c77-8146-46e2-b49e-9e386de8493b@group-90F282FE66D6-LeaderElection63] INFO  impl.LeaderElection (LeaderElection.java:askForVotes(325)) - 45b27c77-8146-46e2-b49e-9e386de8493b@group-90F282FE66D6-LeaderElection63 ELECTION round 0: result PASSED (term=1)
2024-01-08 22:37:39,961 [45b27c77-8146-46e2-b49e-9e386de8493b@group-90F282FE66D6-LeaderElection63] INFO  impl.RoleInfo (RoleInfo.java:shutdownLeaderElection(130)) - 45b27c77-8146-46e2-b49e-9e386de8493b: shutdown 45b27c77-8146-46e2-b49e-9e386de8493b@group-90F282FE66D6-LeaderElection63
2024-01-08 22:37:39,961 [45b27c77-8146-46e2-b49e-9e386de8493b@group-90F282FE66D6-LeaderElection63] INFO  server.RaftServer$Division (RaftServerImpl.java:setRole(379)) - 45b27c77-8146-46e2-b49e-9e386de8493b@group-90F282FE66D6: changes role from CANDIDATE to LEADER at term 1 for changeToLeader
2024-01-08 22:37:39,961 [45b27c77-8146-46e2-b49e-9e386de8493b@group-90F282FE66D6-LeaderElection63] INFO  server.RaftServerConfigKeys (ConfUtils.java:logGet(46)) - raft.server.staging.catchup.gap = 1000 (default)
2024-01-08 22:37:39,961 [45b27c77-8146-46e2-b49e-9e386de8493b@group-90F282FE66D6-LeaderElection63] INFO  server.RaftServerConfigKeys (ConfUtils.java:logGet(46)) - raft.server.write.element-limit = 1024 (custom)
2024-01-08 22:37:39,961 [45b27c77-8146-46e2-b49e-9e386de8493b@group-90F282FE66D6-LeaderElection63] INFO  server.RaftServerConfigKeys (ConfUtils.java:logGet(46)) - raft.server.write.byte-limit = 1024 M (=1073741824) (custom)
2024-01-08 22:37:39,961 [45b27c77-8146-46e2-b49e-9e386de8493b@group-90F282FE66D6-LeaderElection63] INFO  server.RaftServerConfigKeys (ConfUtils.java:logGet(46)) - raft.server.watch.timeout = 3000ms (custom)
2024-01-08 22:37:39,961 [45b27c77-8146-46e2-b49e-9e386de8493b@group-90F282FE66D6-LeaderElection63] INFO  server.RaftServerConfigKeys (ConfUtils.java:logGet(46)) - raft.server.watch.timeout.denomination = 1s (default)
2024-01-08 22:37:39,961 [45b27c77-8146-46e2-b49e-9e386de8493b@group-90F282FE66D6-LeaderElection63] INFO  server.RaftServerConfigKeys (ConfUtils.java:logGet(46)) - raft.server.watch.element-limit = 65536 (default)
2024-01-08 22:37:39,961 [45b27c77-8146-46e2-b49e-9e386de8493b@group-90F282FE66D6-LeaderElection63] INFO  server.RaftServerConfigKeys (ConfUtils.java:logGet(46)) - raft.server.read.leader.lease.enabled = false (default)
2024-01-08 22:37:39,961 [45b27c77-8146-46e2-b49e-9e386de8493b@group-90F282FE66D6-LeaderElection63] INFO  server.RaftServerConfigKeys (ConfUtils.java:logGet(46)) - raft.server.read.leader.lease.timeout.ratio = 0.9 (default)
2024-01-08 22:37:39,961 [45b27c77-8146-46e2-b49e-9e386de8493b@group-90F282FE66D6-LeaderElection63] INFO  server.RaftServerConfigKeys (ConfUtils.java:logGet(46)) - raft.server.rpc.timeout.min = 5s (custom)
2024-01-08 22:37:39,961 [45b27c77-8146-46e2-b49e-9e386de8493b@group-90F282FE66D6-LeaderElection63] INFO  server.RaftServerConfigKeys (ConfUtils.java:logGet(46)) - raft.server.write.element-limit = 1024 (custom)
2024-01-08 22:37:39,961 [45b27c77-8146-46e2-b49e-9e386de8493b@group-90F282FE66D6-LeaderElection63] INFO  server.RaftServerConfigKeys (ConfUtils.java:logGet(46)) - raft.server.write.follower.gap.ratio.max = -1.0 (default)
2024-01-08 22:37:39,961 [45b27c77-8146-46e2-b49e-9e386de8493b@group-90F282FE66D6-LeaderElection63] INFO  impl.RoleInfo (RoleInfo.java:updateAndGet(139)) - 45b27c77-8146-46e2-b49e-9e386de8493b: start 45b27c77-8146-46e2-b49e-9e386de8493b@group-90F282FE66D6-LeaderStateImpl
2024-01-08 22:37:39,961 [45b27c77-8146-46e2-b49e-9e386de8493b@group-90F282FE66D6-LeaderElection63] INFO  server.RaftServer$Division (RaftServerImpl.java:setFirstElection(564)) - 45b27c77-8146-46e2-b49e-9e386de8493b@group-90F282FE66D6: set firstElectionSinceStartup to false for becomeLeader
2024-01-08 22:37:39,961 [45b27c77-8146-46e2-b49e-9e386de8493b@group-90F282FE66D6-LeaderElection63] INFO  ratis.XceiverServerRatis (XceiverServerRatis.java:handleLeaderChangedNotification(945)) - Leader change notification received for group: group-90F282FE66D6 with new leaderId: 45b27c77-8146-46e2-b49e-9e386de8493b
2024-01-08 22:37:39,961 [45b27c77-8146-46e2-b49e-9e386de8493b@group-90F282FE66D6-LeaderElection63] INFO  server.RaftServer$Division (ServerState.java:setLeader(265)) - 45b27c77-8146-46e2-b49e-9e386de8493b@group-90F282FE66D6: change Leader from null to 45b27c77-8146-46e2-b49e-9e386de8493b at term 1 for becomeLeader, leader elected after 5126ms
2024-01-08 22:37:39,962 [45b27c77-8146-46e2-b49e-9e386de8493b@group-90F282FE66D6-LeaderElection63] INFO  segmented.SegmentedRaftLogWorker (SegmentedRaftLogWorker.java:startLogSegment(428)) - 45b27c77-8146-46e2-b49e-9e386de8493b@group-90F282FE66D6-SegmentedRaftLogWorker: Starting segment from index:0
2024-01-08 22:37:39,962 [45b27c77-8146-46e2-b49e-9e386de8493b@group-90F282FE66D6-LeaderElection63] INFO  server.RaftServer$Division (ServerState.java:setRaftConf(382)) - 45b27c77-8146-46e2-b49e-9e386de8493b@group-90F282FE66D6: set configuration 0: peers:[45b27c77-8146-46e2-b49e-9e386de8493b|10.1.0.16:15388]|listeners:[], old=null
2024-01-08 22:37:39,969 [45b27c77-8146-46e2-b49e-9e386de8493b@group-90F282FE66D6-SegmentedRaftLogWorker] INFO  segmented.SegmentedRaftLogWorker (SegmentedRaftLogWorker.java:execute(632)) - 45b27c77-8146-46e2-b49e-9e386de8493b@group-90F282FE66D6-SegmentedRaftLogWorker: created new log segment /home/runner/work/ozone/ozone/hadoop-ozone/integration-test/target/test-dir/MiniOzoneClusterImpl-c2c64c26-053e-4d1e-83e3-051e2bfa4916/datanode-2/data/ratis/06058d69-ce9e-4526-b831-90f282fe66d6/current/log_inprogress_0
2024-01-08 22:37:39,969 [45b27c77-8146-46e2-b49e-9e386de8493b@group-90F282FE66D6-StateMachineUpdater] INFO  server.RaftServer$Division (LeaderStateImpl.java:isApplied(316)) - leader is ready since appliedIndex == 0 >= startIndex == 0
2024-01-08 22:37:39,977 [c15a1dbd-1c17-41f9-9118-60766ac127ad@group-2BAE2E41964B-FollowerState] INFO  impl.FollowerState (FollowerState.java:run(143)) - c15a1dbd-1c17-41f9-9118-60766ac127ad@group-2BAE2E41964B-FollowerState: change to CANDIDATE, lastRpcElapsedTime:5009345268ns, electionTimeout:5009ms
2024-01-08 22:37:39,977 [c15a1dbd-1c17-41f9-9118-60766ac127ad@group-2BAE2E41964B-FollowerState] INFO  impl.RoleInfo (RoleInfo.java:shutdownFollowerState(110)) - c15a1dbd-1c17-41f9-9118-60766ac127ad: shutdown c15a1dbd-1c17-41f9-9118-60766ac127ad@group-2BAE2E41964B-FollowerState
2024-01-08 22:37:39,978 [c15a1dbd-1c17-41f9-9118-60766ac127ad@group-2BAE2E41964B-FollowerState] INFO  server.RaftServer$Division (RaftServerImpl.java:setRole(379)) - c15a1dbd-1c17-41f9-9118-60766ac127ad@group-2BAE2E41964B: changes role from  FOLLOWER to CANDIDATE at term 0 for changeToCandidate
2024-01-08 22:37:39,978 [c15a1dbd-1c17-41f9-9118-60766ac127ad@group-2BAE2E41964B-FollowerState] INFO  server.RaftServerConfigKeys (ConfUtils.java:logGet(46)) - raft.server.leaderelection.pre-vote = true (default)
2024-01-08 22:37:39,978 [c15a1dbd-1c17-41f9-9118-60766ac127ad@group-2BAE2E41964B-FollowerState] INFO  impl.RoleInfo (RoleInfo.java:updateAndGet(139)) - c15a1dbd-1c17-41f9-9118-60766ac127ad: start c15a1dbd-1c17-41f9-9118-60766ac127ad@group-2BAE2E41964B-LeaderElection64
2024-01-08 22:37:39,979 [c15a1dbd-1c17-41f9-9118-60766ac127ad@group-2BAE2E41964B-LeaderElection64] INFO  impl.LeaderElection (LeaderElection.java:askForVotes(323)) - c15a1dbd-1c17-41f9-9118-60766ac127ad@group-2BAE2E41964B-LeaderElection64 PRE_VOTE round 0: submit vote requests at term 0 for -1: peers:[d358508b-f61b-4bbe-a39d-36a2c95b295d|10.1.0.16:15397, 3be0eefd-0f91-4043-b67b-b27b4ab908b0|10.1.0.16:15406, c15a1dbd-1c17-41f9-9118-60766ac127ad|10.1.0.16:15415]|listeners:[], old=null
2024-01-08 22:37:39,979 [c15a1dbd-1c17-41f9-9118-60766ac127ad@group-2BAE2E41964B-LeaderElection64-1] INFO  server.GrpcServerProtocolClient (GrpcServerProtocolClient.java:<init>(65)) - Build channel for d358508b-f61b-4bbe-a39d-36a2c95b295d
2024-01-08 22:37:39,979 [c15a1dbd-1c17-41f9-9118-60766ac127ad@group-2BAE2E41964B-LeaderElection64] INFO  server.RaftServerConfigKeys (ConfUtils.java:logFallback(53)) - raft.server.rpc.first-election.timeout.min = 5s (fallback to raft.server.rpc.timeout.min)
2024-01-08 22:37:39,979 [c15a1dbd-1c17-41f9-9118-60766ac127ad@group-2BAE2E41964B-LeaderElection64] INFO  server.RaftServerConfigKeys (ConfUtils.java:logFallback(53)) - raft.server.rpc.first-election.timeout.max = 5200ms (fallback to raft.server.rpc.timeout.max)
2024-01-08 22:37:39,979 [c15a1dbd-1c17-41f9-9118-60766ac127ad@group-2BAE2E41964B-LeaderElection64-2] INFO  server.GrpcServerProtocolClient (GrpcServerProtocolClient.java:<init>(65)) - Build channel for 3be0eefd-0f91-4043-b67b-b27b4ab908b0
2024-01-08 22:37:39,983 [grpc-default-executor-1] INFO  server.RaftServer$Division (RaftServerImpl.java:requestVote(1377)) - 3be0eefd-0f91-4043-b67b-b27b4ab908b0@group-2BAE2E41964B: receive requestVote(PRE_VOTE, c15a1dbd-1c17-41f9-9118-60766ac127ad, group-2BAE2E41964B, 0, (t:0, i:0))
2024-01-08 22:37:39,983 [grpc-default-executor-5] INFO  server.RaftServer$Division (RaftServerImpl.java:requestVote(1377)) - d358508b-f61b-4bbe-a39d-36a2c95b295d@group-2BAE2E41964B: receive requestVote(PRE_VOTE, c15a1dbd-1c17-41f9-9118-60766ac127ad, group-2BAE2E41964B, 0, (t:0, i:0))
2024-01-08 22:37:39,983 [grpc-default-executor-1] INFO  impl.VoteContext (VoteContext.java:log(49)) - 3be0eefd-0f91-4043-b67b-b27b4ab908b0@group-2BAE2E41964B-FOLLOWER: reject PRE_VOTE from c15a1dbd-1c17-41f9-9118-60766ac127ad: our priority 1 > candidate's priority 0
2024-01-08 22:37:39,983 [grpc-default-executor-5] INFO  impl.VoteContext (VoteContext.java:log(49)) - d358508b-f61b-4bbe-a39d-36a2c95b295d@group-2BAE2E41964B-FOLLOWER: accept PRE_VOTE from c15a1dbd-1c17-41f9-9118-60766ac127ad: our priority 0 <= candidate's priority 0
2024-01-08 22:37:39,983 [grpc-default-executor-1] INFO  server.RaftServer$Division (RaftServerImpl.java:requestVote(1410)) - 3be0eefd-0f91-4043-b67b-b27b4ab908b0@group-2BAE2E41964B replies to PRE_VOTE vote request: c15a1dbd-1c17-41f9-9118-60766ac127ad<-3be0eefd-0f91-4043-b67b-b27b4ab908b0#0:FAIL-t0. Peer's state: 3be0eefd-0f91-4043-b67b-b27b4ab908b0@group-2BAE2E41964B:t0, leader=null, voted=, raftlog=Memoized:3be0eefd-0f91-4043-b67b-b27b4ab908b0@group-2BAE2E41964B-SegmentedRaftLog:OPENED:c-1, conf=-1: peers:[d358508b-f61b-4bbe-a39d-36a2c95b295d|10.1.0.16:15397, 3be0eefd-0f91-4043-b67b-b27b4ab908b0|10.1.0.16:15406, c15a1dbd-1c17-41f9-9118-60766ac127ad|10.1.0.16:15415]|listeners:[], old=null
2024-01-08 22:37:39,983 [grpc-default-executor-5] INFO  server.RaftServer$Division (RaftServerImpl.java:requestVote(1410)) - d358508b-f61b-4bbe-a39d-36a2c95b295d@group-2BAE2E41964B replies to PRE_VOTE vote request: c15a1dbd-1c17-41f9-9118-60766ac127ad<-d358508b-f61b-4bbe-a39d-36a2c95b295d#0:OK-t0. Peer's state: d358508b-f61b-4bbe-a39d-36a2c95b295d@group-2BAE2E41964B:t0, leader=null, voted=, raftlog=Memoized:d358508b-f61b-4bbe-a39d-36a2c95b295d@group-2BAE2E41964B-SegmentedRaftLog:OPENED:c-1, conf=-1: peers:[d358508b-f61b-4bbe-a39d-36a2c95b295d|10.1.0.16:15397, 3be0eefd-0f91-4043-b67b-b27b4ab908b0|10.1.0.16:15406, c15a1dbd-1c17-41f9-9118-60766ac127ad|10.1.0.16:15415]|listeners:[], old=null
2024-01-08 22:37:39,988 [c15a1dbd-1c17-41f9-9118-60766ac127ad@group-2BAE2E41964B-LeaderElection64] INFO  impl.LeaderElection (LeaderElection.java:logAndReturn(89)) - c15a1dbd-1c17-41f9-9118-60766ac127ad@group-2BAE2E41964B-LeaderElection64: PRE_VOTE REJECTED received 1 response(s) and 0 exception(s):
2024-01-08 22:37:39,988 [c15a1dbd-1c17-41f9-9118-60766ac127ad@group-2BAE2E41964B-LeaderElection64] INFO  impl.LeaderElection (LeaderElection.java:logAndReturn(93)) -   Response 0: c15a1dbd-1c17-41f9-9118-60766ac127ad<-3be0eefd-0f91-4043-b67b-b27b4ab908b0#0:FAIL-t0
2024-01-08 22:37:39,988 [c15a1dbd-1c17-41f9-9118-60766ac127ad@group-2BAE2E41964B-LeaderElection64] INFO  impl.LeaderElection (LeaderElection.java:askForVotes(325)) - c15a1dbd-1c17-41f9-9118-60766ac127ad@group-2BAE2E41964B-LeaderElection64 PRE_VOTE round 0: result REJECTED
2024-01-08 22:37:39,988 [c15a1dbd-1c17-41f9-9118-60766ac127ad@group-2BAE2E41964B-LeaderElection64] INFO  server.RaftServer$Division (RaftServerImpl.java:setRole(379)) - c15a1dbd-1c17-41f9-9118-60766ac127ad@group-2BAE2E41964B: changes role from CANDIDATE to FOLLOWER at term 0 for REJECTED
2024-01-08 22:37:39,988 [c15a1dbd-1c17-41f9-9118-60766ac127ad@group-2BAE2E41964B-LeaderElection64] INFO  impl.RoleInfo (RoleInfo.java:shutdownLeaderElection(130)) - c15a1dbd-1c17-41f9-9118-60766ac127ad: shutdown c15a1dbd-1c17-41f9-9118-60766ac127ad@group-2BAE2E41964B-LeaderElection64
2024-01-08 22:37:39,988 [c15a1dbd-1c17-41f9-9118-60766ac127ad@group-2BAE2E41964B-LeaderElection64] INFO  impl.RoleInfo (RoleInfo.java:updateAndGet(139)) - c15a1dbd-1c17-41f9-9118-60766ac127ad: start c15a1dbd-1c17-41f9-9118-60766ac127ad@group-2BAE2E41964B-FollowerState
2024-01-08 22:37:39,988 [c15a1dbd-1c17-41f9-9118-60766ac127ad@group-2BAE2E41964B-LeaderElection64] INFO  server.RaftServer$Division (RaftServerImpl.java:setFirstElection(564)) - c15a1dbd-1c17-41f9-9118-60766ac127ad@group-2BAE2E41964B: set firstElectionSinceStartup to false for REJECTED
2024-01-08 22:37:40,037 [d358508b-f61b-4bbe-a39d-36a2c95b295d@group-4F9EEBAFE465-FollowerState] INFO  impl.FollowerState (FollowerState.java:run(143)) - d358508b-f61b-4bbe-a39d-36a2c95b295d@group-4F9EEBAFE465-FollowerState: change to CANDIDATE, lastRpcElapsedTime:5097426951ns, electionTimeout:5097ms
2024-01-08 22:37:40,038 [d358508b-f61b-4bbe-a39d-36a2c95b295d@group-4F9EEBAFE465-FollowerState] INFO  impl.RoleInfo (RoleInfo.java:shutdownFollowerState(110)) - d358508b-f61b-4bbe-a39d-36a2c95b295d: shutdown d358508b-f61b-4bbe-a39d-36a2c95b295d@group-4F9EEBAFE465-FollowerState
2024-01-08 22:37:40,038 [d358508b-f61b-4bbe-a39d-36a2c95b295d@group-4F9EEBAFE465-FollowerState] INFO  server.RaftServer$Division (RaftServerImpl.java:setRole(379)) - d358508b-f61b-4bbe-a39d-36a2c95b295d@group-4F9EEBAFE465: changes role from  FOLLOWER to CANDIDATE at term 0 for changeToCandidate
2024-01-08 22:37:40,038 [d358508b-f61b-4bbe-a39d-36a2c95b295d@group-4F9EEBAFE465-FollowerState] INFO  server.RaftServerConfigKeys (ConfUtils.java:logGet(46)) - raft.server.leaderelection.pre-vote = true (default)
2024-01-08 22:37:40,038 [d358508b-f61b-4bbe-a39d-36a2c95b295d@group-4F9EEBAFE465-FollowerState] INFO  impl.RoleInfo (RoleInfo.java:updateAndGet(139)) - d358508b-f61b-4bbe-a39d-36a2c95b295d: start d358508b-f61b-4bbe-a39d-36a2c95b295d@group-4F9EEBAFE465-LeaderElection65
2024-01-08 22:37:40,039 [d358508b-f61b-4bbe-a39d-36a2c95b295d@group-4F9EEBAFE465-LeaderElection65] INFO  impl.LeaderElection (LeaderElection.java:askForVotes(323)) - d358508b-f61b-4bbe-a39d-36a2c95b295d@group-4F9EEBAFE465-LeaderElection65 PRE_VOTE round 0: submit vote requests at term 0 for -1: peers:[d358508b-f61b-4bbe-a39d-36a2c95b295d|10.1.0.16:15397]|listeners:[], old=null
2024-01-08 22:37:40,039 [d358508b-f61b-4bbe-a39d-36a2c95b295d@group-4F9EEBAFE465-LeaderElection65] INFO  impl.LeaderElection (LeaderElection.java:askForVotes(325)) - d358508b-f61b-4bbe-a39d-36a2c95b295d@group-4F9EEBAFE465-LeaderElection65 PRE_VOTE round 0: result PASSED (term=0)
2024-01-08 22:37:40,040 [d358508b-f61b-4bbe-a39d-36a2c95b295d@group-4F9EEBAFE465-LeaderElection65] INFO  impl.LeaderElection (LeaderElection.java:askForVotes(323)) - d358508b-f61b-4bbe-a39d-36a2c95b295d@group-4F9EEBAFE465-LeaderElection65 ELECTION round 0: submit vote requests at term 1 for -1: peers:[d358508b-f61b-4bbe-a39d-36a2c95b295d|10.1.0.16:15397]|listeners:[], old=null
2024-01-08 22:37:40,040 [d358508b-f61b-4bbe-a39d-36a2c95b295d@group-4F9EEBAFE465-LeaderElection65] INFO  impl.LeaderElection (LeaderElection.java:askForVotes(325)) - d358508b-f61b-4bbe-a39d-36a2c95b295d@group-4F9EEBAFE465-LeaderElection65 ELECTION round 0: result PASSED (term=1)
2024-01-08 22:37:40,040 [d358508b-f61b-4bbe-a39d-36a2c95b295d@group-4F9EEBAFE465-LeaderElection65] INFO  impl.RoleInfo (RoleInfo.java:shutdownLeaderElection(130)) - d358508b-f61b-4bbe-a39d-36a2c95b295d: shutdown d358508b-f61b-4bbe-a39d-36a2c95b295d@group-4F9EEBAFE465-LeaderElection65
2024-01-08 22:37:40,040 [d358508b-f61b-4bbe-a39d-36a2c95b295d@group-4F9EEBAFE465-LeaderElection65] INFO  server.RaftServer$Division (RaftServerImpl.java:setRole(379)) - d358508b-f61b-4bbe-a39d-36a2c95b295d@group-4F9EEBAFE465: changes role from CANDIDATE to LEADER at term 1 for changeToLeader
2024-01-08 22:37:40,040 [d358508b-f61b-4bbe-a39d-36a2c95b295d@group-4F9EEBAFE465-LeaderElection65] INFO  server.RaftServerConfigKeys (ConfUtils.java:logGet(46)) - raft.server.staging.catchup.gap = 1000 (default)
2024-01-08 22:37:40,040 [d358508b-f61b-4bbe-a39d-36a2c95b295d@group-4F9EEBAFE465-LeaderElection65] INFO  server.RaftServerConfigKeys (ConfUtils.java:logGet(46)) - raft.server.write.element-limit = 1024 (custom)
2024-01-08 22:37:40,040 [d358508b-f61b-4bbe-a39d-36a2c95b295d@group-4F9EEBAFE465-LeaderElection65] INFO  server.RaftServerConfigKeys (ConfUtils.java:logGet(46)) - raft.server.write.byte-limit = 1024 M (=1073741824) (custom)
2024-01-08 22:37:40,041 [d358508b-f61b-4bbe-a39d-36a2c95b295d@group-4F9EEBAFE465-LeaderElection65] INFO  server.RaftServerConfigKeys (ConfUtils.java:logGet(46)) - raft.server.watch.timeout = 3000ms (custom)
2024-01-08 22:37:40,041 [d358508b-f61b-4bbe-a39d-36a2c95b295d@group-4F9EEBAFE465-LeaderElection65] INFO  server.RaftServerConfigKeys (ConfUtils.java:logGet(46)) - raft.server.watch.timeout.denomination = 1s (default)
2024-01-08 22:37:40,041 [d358508b-f61b-4bbe-a39d-36a2c95b295d@group-4F9EEBAFE465-LeaderElection65] INFO  server.RaftServerConfigKeys (ConfUtils.java:logGet(46)) - raft.server.watch.element-limit = 65536 (default)
2024-01-08 22:37:40,041 [d358508b-f61b-4bbe-a39d-36a2c95b295d@group-4F9EEBAFE465-LeaderElection65] INFO  server.RaftServerConfigKeys (ConfUtils.java:logGet(46)) - raft.server.read.leader.lease.enabled = false (default)
2024-01-08 22:37:40,041 [d358508b-f61b-4bbe-a39d-36a2c95b295d@group-4F9EEBAFE465-LeaderElection65] INFO  server.RaftServerConfigKeys (ConfUtils.java:logGet(46)) - raft.server.read.leader.lease.timeout.ratio = 0.9 (default)
2024-01-08 22:37:40,041 [d358508b-f61b-4bbe-a39d-36a2c95b295d@group-4F9EEBAFE465-LeaderElection65] INFO  server.RaftServerConfigKeys (ConfUtils.java:logGet(46)) - raft.server.rpc.timeout.min = 5s (custom)
2024-01-08 22:37:40,041 [d358508b-f61b-4bbe-a39d-36a2c95b295d@group-4F9EEBAFE465-LeaderElection65] INFO  server.RaftServerConfigKeys (ConfUtils.java:logGet(46)) - raft.server.write.element-limit = 1024 (custom)
2024-01-08 22:37:40,041 [d358508b-f61b-4bbe-a39d-36a2c95b295d@group-4F9EEBAFE465-LeaderElection65] INFO  server.RaftServerConfigKeys (ConfUtils.java:logGet(46)) - raft.server.write.follower.gap.ratio.max = -1.0 (default)
2024-01-08 22:37:40,041 [d358508b-f61b-4bbe-a39d-36a2c95b295d@group-4F9EEBAFE465-LeaderElection65] INFO  impl.RoleInfo (RoleInfo.java:updateAndGet(139)) - d358508b-f61b-4bbe-a39d-36a2c95b295d: start d358508b-f61b-4bbe-a39d-36a2c95b295d@group-4F9EEBAFE465-LeaderStateImpl
2024-01-08 22:37:40,041 [d358508b-f61b-4bbe-a39d-36a2c95b295d@group-4F9EEBAFE465-LeaderElection65] INFO  server.RaftServer$Division (RaftServerImpl.java:setFirstElection(564)) - d358508b-f61b-4bbe-a39d-36a2c95b295d@group-4F9EEBAFE465: set firstElectionSinceStartup to false for becomeLeader
2024-01-08 22:37:40,041 [d358508b-f61b-4bbe-a39d-36a2c95b295d@group-4F9EEBAFE465-LeaderElection65] INFO  ratis.XceiverServerRatis (XceiverServerRatis.java:handleLeaderChangedNotification(945)) - Leader change notification received for group: group-4F9EEBAFE465 with new leaderId: d358508b-f61b-4bbe-a39d-36a2c95b295d
2024-01-08 22:37:40,041 [d358508b-f61b-4bbe-a39d-36a2c95b295d@group-4F9EEBAFE465-LeaderElection65] INFO  server.RaftServer$Division (ServerState.java:setLeader(265)) - d358508b-f61b-4bbe-a39d-36a2c95b295d@group-4F9EEBAFE465: change Leader from null to d358508b-f61b-4bbe-a39d-36a2c95b295d at term 1 for becomeLeader, leader elected after 5111ms
2024-01-08 22:37:40,041 [d358508b-f61b-4bbe-a39d-36a2c95b295d@group-4F9EEBAFE465-LeaderElection65] INFO  segmented.SegmentedRaftLogWorker (SegmentedRaftLogWorker.java:startLogSegment(428)) - d358508b-f61b-4bbe-a39d-36a2c95b295d@group-4F9EEBAFE465-SegmentedRaftLogWorker: Starting segment from index:0
2024-01-08 22:37:40,044 [d358508b-f61b-4bbe-a39d-36a2c95b295d@group-4F9EEBAFE465-LeaderElection65] INFO  server.RaftServer$Division (ServerState.java:setRaftConf(382)) - d358508b-f61b-4bbe-a39d-36a2c95b295d@group-4F9EEBAFE465: set configuration 0: peers:[d358508b-f61b-4bbe-a39d-36a2c95b295d|10.1.0.16:15397]|listeners:[], old=null
2024-01-08 22:37:40,048 [d358508b-f61b-4bbe-a39d-36a2c95b295d@group-4F9EEBAFE465-SegmentedRaftLogWorker] INFO  segmented.SegmentedRaftLogWorker (SegmentedRaftLogWorker.java:execute(632)) - d358508b-f61b-4bbe-a39d-36a2c95b295d@group-4F9EEBAFE465-SegmentedRaftLogWorker: created new log segment /home/runner/work/ozone/ozone/hadoop-ozone/integration-test/target/test-dir/MiniOzoneClusterImpl-c2c64c26-053e-4d1e-83e3-051e2bfa4916/datanode-3/data/ratis/148942d0-cd53-4c0e-a309-4f9eebafe465/current/log_inprogress_0
2024-01-08 22:37:40,049 [d358508b-f61b-4bbe-a39d-36a2c95b295d@group-4F9EEBAFE465-StateMachineUpdater] INFO  server.RaftServer$Division (LeaderStateImpl.java:isApplied(316)) - leader is ready since appliedIndex == 0 >= startIndex == 0
2024-01-08 22:37:40,060 [3be0eefd-0f91-4043-b67b-b27b4ab908b0@group-2BAE2E41964B-FollowerState] INFO  impl.FollowerState (FollowerState.java:run(143)) - 3be0eefd-0f91-4043-b67b-b27b4ab908b0@group-2BAE2E41964B-FollowerState: change to CANDIDATE, lastRpcElapsedTime:5066802613ns, electionTimeout:5066ms
2024-01-08 22:37:40,060 [3be0eefd-0f91-4043-b67b-b27b4ab908b0@group-2BAE2E41964B-FollowerState] INFO  impl.RoleInfo (RoleInfo.java:shutdownFollowerState(110)) - 3be0eefd-0f91-4043-b67b-b27b4ab908b0: shutdown 3be0eefd-0f91-4043-b67b-b27b4ab908b0@group-2BAE2E41964B-FollowerState
2024-01-08 22:37:40,060 [3be0eefd-0f91-4043-b67b-b27b4ab908b0@group-2BAE2E41964B-FollowerState] INFO  server.RaftServer$Division (RaftServerImpl.java:setRole(379)) - 3be0eefd-0f91-4043-b67b-b27b4ab908b0@group-2BAE2E41964B: changes role from  FOLLOWER to CANDIDATE at term 0 for changeToCandidate
2024-01-08 22:37:40,060 [3be0eefd-0f91-4043-b67b-b27b4ab908b0@group-2BAE2E41964B-FollowerState] INFO  server.RaftServerConfigKeys (ConfUtils.java:logGet(46)) - raft.server.leaderelection.pre-vote = true (default)
2024-01-08 22:37:40,060 [3be0eefd-0f91-4043-b67b-b27b4ab908b0@group-2BAE2E41964B-FollowerState] INFO  impl.RoleInfo (RoleInfo.java:updateAndGet(139)) - 3be0eefd-0f91-4043-b67b-b27b4ab908b0: start 3be0eefd-0f91-4043-b67b-b27b4ab908b0@group-2BAE2E41964B-LeaderElection66
2024-01-08 22:37:40,061 [3be0eefd-0f91-4043-b67b-b27b4ab908b0@group-2BAE2E41964B-LeaderElection66] INFO  impl.LeaderElection (LeaderElection.java:askForVotes(323)) - 3be0eefd-0f91-4043-b67b-b27b4ab908b0@group-2BAE2E41964B-LeaderElection66 PRE_VOTE round 0: submit vote requests at term 0 for -1: peers:[d358508b-f61b-4bbe-a39d-36a2c95b295d|10.1.0.16:15397, 3be0eefd-0f91-4043-b67b-b27b4ab908b0|10.1.0.16:15406, c15a1dbd-1c17-41f9-9118-60766ac127ad|10.1.0.16:15415]|listeners:[], old=null
2024-01-08 22:37:40,061 [3be0eefd-0f91-4043-b67b-b27b4ab908b0@group-2BAE2E41964B-LeaderElection66-1] INFO  server.GrpcServerProtocolClient (GrpcServerProtocolClient.java:<init>(65)) - Build channel for d358508b-f61b-4bbe-a39d-36a2c95b295d
2024-01-08 22:37:40,061 [3be0eefd-0f91-4043-b67b-b27b4ab908b0@group-2BAE2E41964B-LeaderElection66] INFO  server.RaftServerConfigKeys (ConfUtils.java:logFallback(53)) - raft.server.rpc.first-election.timeout.min = 5s (fallback to raft.server.rpc.timeout.min)
2024-01-08 22:37:40,061 [3be0eefd-0f91-4043-b67b-b27b4ab908b0@group-2BAE2E41964B-LeaderElection66-2] INFO  server.GrpcServerProtocolClient (GrpcServerProtocolClient.java:<init>(65)) - Build channel for c15a1dbd-1c17-41f9-9118-60766ac127ad
2024-01-08 22:37:40,061 [3be0eefd-0f91-4043-b67b-b27b4ab908b0@group-2BAE2E41964B-LeaderElection66] INFO  server.RaftServerConfigKeys (ConfUtils.java:logFallback(53)) - raft.server.rpc.first-election.timeout.max = 5200ms (fallback to raft.server.rpc.timeout.max)
2024-01-08 22:37:40,065 [grpc-default-executor-5] INFO  server.RaftServer$Division (RaftServerImpl.java:requestVote(1377)) - d358508b-f61b-4bbe-a39d-36a2c95b295d@group-2BAE2E41964B: receive requestVote(PRE_VOTE, 3be0eefd-0f91-4043-b67b-b27b4ab908b0, group-2BAE2E41964B, 0, (t:0, i:0))
2024-01-08 22:37:40,065 [grpc-default-executor-5] INFO  impl.VoteContext (VoteContext.java:log(49)) - d358508b-f61b-4bbe-a39d-36a2c95b295d@group-2BAE2E41964B-FOLLOWER: accept PRE_VOTE from 3be0eefd-0f91-4043-b67b-b27b4ab908b0: our priority 0 <= candidate's priority 1
2024-01-08 22:37:40,065 [grpc-default-executor-5] INFO  server.RaftServer$Division (RaftServerImpl.java:requestVote(1410)) - d358508b-f61b-4bbe-a39d-36a2c95b295d@group-2BAE2E41964B replies to PRE_VOTE vote request: 3be0eefd-0f91-4043-b67b-b27b4ab908b0<-d358508b-f61b-4bbe-a39d-36a2c95b295d#0:OK-t0. Peer's state: d358508b-f61b-4bbe-a39d-36a2c95b295d@group-2BAE2E41964B:t0, leader=null, voted=, raftlog=Memoized:d358508b-f61b-4bbe-a39d-36a2c95b295d@group-2BAE2E41964B-SegmentedRaftLog:OPENED:c-1, conf=-1: peers:[d358508b-f61b-4bbe-a39d-36a2c95b295d|10.1.0.16:15397, 3be0eefd-0f91-4043-b67b-b27b4ab908b0|10.1.0.16:15406, c15a1dbd-1c17-41f9-9118-60766ac127ad|10.1.0.16:15415]|listeners:[], old=null
2024-01-08 22:37:40,065 [grpc-default-executor-1] INFO  server.RaftServer$Division (RaftServerImpl.java:requestVote(1377)) - c15a1dbd-1c17-41f9-9118-60766ac127ad@group-2BAE2E41964B: receive requestVote(PRE_VOTE, 3be0eefd-0f91-4043-b67b-b27b4ab908b0, group-2BAE2E41964B, 0, (t:0, i:0))
2024-01-08 22:37:40,065 [grpc-default-executor-1] INFO  impl.VoteContext (VoteContext.java:log(49)) - c15a1dbd-1c17-41f9-9118-60766ac127ad@group-2BAE2E41964B-FOLLOWER: accept PRE_VOTE from 3be0eefd-0f91-4043-b67b-b27b4ab908b0: our priority 0 <= candidate's priority 1
2024-01-08 22:37:40,065 [grpc-default-executor-1] INFO  server.RaftServer$Division (RaftServerImpl.java:requestVote(1410)) - c15a1dbd-1c17-41f9-9118-60766ac127ad@group-2BAE2E41964B replies to PRE_VOTE vote request: 3be0eefd-0f91-4043-b67b-b27b4ab908b0<-c15a1dbd-1c17-41f9-9118-60766ac127ad#0:OK-t0. Peer's state: c15a1dbd-1c17-41f9-9118-60766ac127ad@group-2BAE2E41964B:t0, leader=null, voted=, raftlog=Memoized:c15a1dbd-1c17-41f9-9118-60766ac127ad@group-2BAE2E41964B-SegmentedRaftLog:OPENED:c-1, conf=-1: peers:[d358508b-f61b-4bbe-a39d-36a2c95b295d|10.1.0.16:15397, 3be0eefd-0f91-4043-b67b-b27b4ab908b0|10.1.0.16:15406, c15a1dbd-1c17-41f9-9118-60766ac127ad|10.1.0.16:15415]|listeners:[], old=null
2024-01-08 22:37:40,066 [3be0eefd-0f91-4043-b67b-b27b4ab908b0@group-2BAE2E41964B-LeaderElection66] INFO  impl.LeaderElection (LeaderElection.java:logAndReturn(89)) - 3be0eefd-0f91-4043-b67b-b27b4ab908b0@group-2BAE2E41964B-LeaderElection66: PRE_VOTE PASSED received 1 response(s) and 0 exception(s):
2024-01-08 22:37:40,066 [3be0eefd-0f91-4043-b67b-b27b4ab908b0@group-2BAE2E41964B-LeaderElection66] INFO  impl.LeaderElection (LeaderElection.java:logAndReturn(93)) -   Response 0: 3be0eefd-0f91-4043-b67b-b27b4ab908b0<-d358508b-f61b-4bbe-a39d-36a2c95b295d#0:OK-t0
2024-01-08 22:37:40,067 [3be0eefd-0f91-4043-b67b-b27b4ab908b0@group-2BAE2E41964B-LeaderElection66] INFO  impl.LeaderElection (LeaderElection.java:askForVotes(325)) - 3be0eefd-0f91-4043-b67b-b27b4ab908b0@group-2BAE2E41964B-LeaderElection66 PRE_VOTE round 0: result PASSED
2024-01-08 22:37:40,068 [3be0eefd-0f91-4043-b67b-b27b4ab908b0@group-2BAE2E41964B-LeaderElection66] INFO  impl.LeaderElection (LeaderElection.java:askForVotes(323)) - 3be0eefd-0f91-4043-b67b-b27b4ab908b0@group-2BAE2E41964B-LeaderElection66 ELECTION round 0: submit vote requests at term 1 for -1: peers:[d358508b-f61b-4bbe-a39d-36a2c95b295d|10.1.0.16:15397, 3be0eefd-0f91-4043-b67b-b27b4ab908b0|10.1.0.16:15406, c15a1dbd-1c17-41f9-9118-60766ac127ad|10.1.0.16:15415]|listeners:[], old=null
2024-01-08 22:37:40,068 [3be0eefd-0f91-4043-b67b-b27b4ab908b0@group-2BAE2E41964B-LeaderElection66] INFO  server.RaftServerConfigKeys (ConfUtils.java:logFallback(53)) - raft.server.rpc.first-election.timeout.min = 5s (fallback to raft.server.rpc.timeout.min)
2024-01-08 22:37:40,068 [3be0eefd-0f91-4043-b67b-b27b4ab908b0@group-2BAE2E41964B-LeaderElection66] INFO  server.RaftServerConfigKeys (ConfUtils.java:logFallback(53)) - raft.server.rpc.first-election.timeout.max = 5200ms (fallback to raft.server.rpc.timeout.max)
2024-01-08 22:37:40,068 [grpc-default-executor-1] INFO  server.RaftServer$Division (RaftServerImpl.java:requestVote(1377)) - d358508b-f61b-4bbe-a39d-36a2c95b295d@group-2BAE2E41964B: receive requestVote(ELECTION, 3be0eefd-0f91-4043-b67b-b27b4ab908b0, group-2BAE2E41964B, 1, (t:0, i:0))
2024-01-08 22:37:40,069 [grpc-default-executor-5] INFO  server.RaftServer$Division (RaftServerImpl.java:requestVote(1377)) - c15a1dbd-1c17-41f9-9118-60766ac127ad@group-2BAE2E41964B: receive requestVote(ELECTION, 3be0eefd-0f91-4043-b67b-b27b4ab908b0, group-2BAE2E41964B, 1, (t:0, i:0))
2024-01-08 22:37:40,069 [grpc-default-executor-1] INFO  impl.VoteContext (VoteContext.java:log(49)) - d358508b-f61b-4bbe-a39d-36a2c95b295d@group-2BAE2E41964B-FOLLOWER: accept ELECTION from 3be0eefd-0f91-4043-b67b-b27b4ab908b0: our priority 0 <= candidate's priority 1
2024-01-08 22:37:40,069 [grpc-default-executor-5] INFO  impl.VoteContext (VoteContext.java:log(49)) - c15a1dbd-1c17-41f9-9118-60766ac127ad@group-2BAE2E41964B-FOLLOWER: accept ELECTION from 3be0eefd-0f91-4043-b67b-b27b4ab908b0: our priority 0 <= candidate's priority 1
2024-01-08 22:37:40,069 [grpc-default-executor-1] INFO  server.RaftServer$Division (RaftServerImpl.java:setRole(379)) - d358508b-f61b-4bbe-a39d-36a2c95b295d@group-2BAE2E41964B: changes role from  FOLLOWER to FOLLOWER at term 1 for candidate:3be0eefd-0f91-4043-b67b-b27b4ab908b0
2024-01-08 22:37:40,069 [grpc-default-executor-1] INFO  impl.RoleInfo (RoleInfo.java:shutdownFollowerState(110)) - d358508b-f61b-4bbe-a39d-36a2c95b295d: shutdown d358508b-f61b-4bbe-a39d-36a2c95b295d@group-2BAE2E41964B-FollowerState
2024-01-08 22:37:40,069 [grpc-default-executor-5] INFO  server.RaftServer$Division (RaftServerImpl.java:setRole(379)) - c15a1dbd-1c17-41f9-9118-60766ac127ad@group-2BAE2E41964B: changes role from  FOLLOWER to FOLLOWER at term 1 for candidate:3be0eefd-0f91-4043-b67b-b27b4ab908b0
2024-01-08 22:37:40,069 [d358508b-f61b-4bbe-a39d-36a2c95b295d@group-2BAE2E41964B-FollowerState] INFO  impl.FollowerState (FollowerState.java:run(152)) - d358508b-f61b-4bbe-a39d-36a2c95b295d@group-2BAE2E41964B-FollowerState was interrupted
2024-01-08 22:37:40,069 [grpc-default-executor-5] INFO  impl.RoleInfo (RoleInfo.java:shutdownFollowerState(110)) - c15a1dbd-1c17-41f9-9118-60766ac127ad: shutdown c15a1dbd-1c17-41f9-9118-60766ac127ad@group-2BAE2E41964B-FollowerState
2024-01-08 22:37:40,070 [grpc-default-executor-5] INFO  impl.RoleInfo (RoleInfo.java:updateAndGet(139)) - c15a1dbd-1c17-41f9-9118-60766ac127ad: start c15a1dbd-1c17-41f9-9118-60766ac127ad@group-2BAE2E41964B-FollowerState
2024-01-08 22:37:40,069 [grpc-default-executor-1] INFO  impl.RoleInfo (RoleInfo.java:updateAndGet(139)) - d358508b-f61b-4bbe-a39d-36a2c95b295d: start d358508b-f61b-4bbe-a39d-36a2c95b295d@group-2BAE2E41964B-FollowerState
2024-01-08 22:37:40,070 [c15a1dbd-1c17-41f9-9118-60766ac127ad@group-2BAE2E41964B-FollowerState] INFO  impl.FollowerState (FollowerState.java:run(152)) - c15a1dbd-1c17-41f9-9118-60766ac127ad@group-2BAE2E41964B-FollowerState was interrupted
2024-01-08 22:37:40,070 [grpc-default-executor-1] INFO  server.RaftServer$Division (RaftServerImpl.java:setFirstElection(564)) - d358508b-f61b-4bbe-a39d-36a2c95b295d@group-2BAE2E41964B: set firstElectionSinceStartup to false for candidate:3be0eefd-0f91-4043-b67b-b27b4ab908b0
2024-01-08 22:37:40,076 [grpc-default-executor-5] INFO  server.RaftServer$Division (RaftServerImpl.java:requestVote(1410)) - c15a1dbd-1c17-41f9-9118-60766ac127ad@group-2BAE2E41964B replies to ELECTION vote request: 3be0eefd-0f91-4043-b67b-b27b4ab908b0<-c15a1dbd-1c17-41f9-9118-60766ac127ad#0:OK-t1. Peer's state: c15a1dbd-1c17-41f9-9118-60766ac127ad@group-2BAE2E41964B:t1, leader=null, voted=3be0eefd-0f91-4043-b67b-b27b4ab908b0, raftlog=Memoized:c15a1dbd-1c17-41f9-9118-60766ac127ad@group-2BAE2E41964B-SegmentedRaftLog:OPENED:c-1, conf=-1: peers:[d358508b-f61b-4bbe-a39d-36a2c95b295d|10.1.0.16:15397, 3be0eefd-0f91-4043-b67b-b27b4ab908b0|10.1.0.16:15406, c15a1dbd-1c17-41f9-9118-60766ac127ad|10.1.0.16:15415]|listeners:[], old=null
2024-01-08 22:37:40,076 [grpc-default-executor-1] INFO  server.RaftServer$Division (RaftServerImpl.java:requestVote(1410)) - d358508b-f61b-4bbe-a39d-36a2c95b295d@group-2BAE2E41964B replies to ELECTION vote request: 3be0eefd-0f91-4043-b67b-b27b4ab908b0<-d358508b-f61b-4bbe-a39d-36a2c95b295d#0:OK-t1. Peer's state: d358508b-f61b-4bbe-a39d-36a2c95b295d@group-2BAE2E41964B:t1, leader=null, voted=3be0eefd-0f91-4043-b67b-b27b4ab908b0, raftlog=Memoized:d358508b-f61b-4bbe-a39d-36a2c95b295d@group-2BAE2E41964B-SegmentedRaftLog:OPENED:c-1, conf=-1: peers:[d358508b-f61b-4bbe-a39d-36a2c95b295d|10.1.0.16:15397, 3be0eefd-0f91-4043-b67b-b27b4ab908b0|10.1.0.16:15406, c15a1dbd-1c17-41f9-9118-60766ac127ad|10.1.0.16:15415]|listeners:[], old=null
2024-01-08 22:37:40,076 [3be0eefd-0f91-4043-b67b-b27b4ab908b0@group-2BAE2E41964B-LeaderElection66] INFO  impl.LeaderElection (LeaderElection.java:logAndReturn(89)) - 3be0eefd-0f91-4043-b67b-b27b4ab908b0@group-2BAE2E41964B-LeaderElection66: ELECTION PASSED received 1 response(s) and 0 exception(s):
2024-01-08 22:37:40,076 [3be0eefd-0f91-4043-b67b-b27b4ab908b0@group-2BAE2E41964B-LeaderElection66] INFO  impl.LeaderElection (LeaderElection.java:logAndReturn(93)) -   Response 0: 3be0eefd-0f91-4043-b67b-b27b4ab908b0<-c15a1dbd-1c17-41f9-9118-60766ac127ad#0:OK-t1
2024-01-08 22:37:40,076 [3be0eefd-0f91-4043-b67b-b27b4ab908b0@group-2BAE2E41964B-LeaderElection66] INFO  impl.LeaderElection (LeaderElection.java:askForVotes(325)) - 3be0eefd-0f91-4043-b67b-b27b4ab908b0@group-2BAE2E41964B-LeaderElection66 ELECTION round 0: result PASSED
2024-01-08 22:37:40,076 [3be0eefd-0f91-4043-b67b-b27b4ab908b0@group-2BAE2E41964B-LeaderElection66] INFO  impl.RoleInfo (RoleInfo.java:shutdownLeaderElection(130)) - 3be0eefd-0f91-4043-b67b-b27b4ab908b0: shutdown 3be0eefd-0f91-4043-b67b-b27b4ab908b0@group-2BAE2E41964B-LeaderElection66
2024-01-08 22:37:40,077 [3be0eefd-0f91-4043-b67b-b27b4ab908b0@group-2BAE2E41964B-LeaderElection66] INFO  server.RaftServer$Division (RaftServerImpl.java:setRole(379)) - 3be0eefd-0f91-4043-b67b-b27b4ab908b0@group-2BAE2E41964B: changes role from CANDIDATE to LEADER at term 1 for changeToLeader
2024-01-08 22:37:40,077 [3be0eefd-0f91-4043-b67b-b27b4ab908b0@group-2BAE2E41964B-LeaderElection66] INFO  server.RaftServerConfigKeys (ConfUtils.java:logGet(46)) - raft.server.staging.catchup.gap = 1000 (default)
2024-01-08 22:37:40,077 [3be0eefd-0f91-4043-b67b-b27b4ab908b0@group-2BAE2E41964B-LeaderElection66] INFO  server.RaftServerConfigKeys (ConfUtils.java:logGet(46)) - raft.server.write.element-limit = 1024 (custom)
2024-01-08 22:37:40,077 [3be0eefd-0f91-4043-b67b-b27b4ab908b0@group-2BAE2E41964B-LeaderElection66] INFO  server.RaftServerConfigKeys (ConfUtils.java:logGet(46)) - raft.server.write.byte-limit = 1024 M (=1073741824) (custom)
2024-01-08 22:37:40,077 [3be0eefd-0f91-4043-b67b-b27b4ab908b0@group-2BAE2E41964B-LeaderElection66] INFO  server.RaftServerConfigKeys (ConfUtils.java:logGet(46)) - raft.server.watch.timeout = 3000ms (custom)
2024-01-08 22:37:40,077 [3be0eefd-0f91-4043-b67b-b27b4ab908b0@group-2BAE2E41964B-LeaderElection66] INFO  server.RaftServerConfigKeys (ConfUtils.java:logGet(46)) - raft.server.watch.timeout.denomination = 1s (default)
2024-01-08 22:37:40,077 [3be0eefd-0f91-4043-b67b-b27b4ab908b0@group-2BAE2E41964B-LeaderElection66] INFO  server.RaftServerConfigKeys (ConfUtils.java:logGet(46)) - raft.server.watch.element-limit = 65536 (default)
2024-01-08 22:37:40,077 [3be0eefd-0f91-4043-b67b-b27b4ab908b0@group-2BAE2E41964B-LeaderElection66] INFO  server.RaftServerConfigKeys (ConfUtils.java:logGet(46)) - raft.server.read.leader.lease.enabled = false (default)
2024-01-08 22:37:40,077 [3be0eefd-0f91-4043-b67b-b27b4ab908b0@group-2BAE2E41964B-LeaderElection66] INFO  server.RaftServerConfigKeys (ConfUtils.java:logGet(46)) - raft.server.read.leader.lease.timeout.ratio = 0.9 (default)
2024-01-08 22:37:40,077 [3be0eefd-0f91-4043-b67b-b27b4ab908b0@group-2BAE2E41964B-LeaderElection66] INFO  server.RaftServerConfigKeys (ConfUtils.java:logGet(46)) - raft.server.rpc.timeout.min = 5s (custom)
2024-01-08 22:37:40,077 [3be0eefd-0f91-4043-b67b-b27b4ab908b0@group-2BAE2E41964B-LeaderElection66] INFO  server.RaftServerConfigKeys (ConfUtils.java:logGet(46)) - raft.server.write.element-limit = 1024 (custom)
2024-01-08 22:37:40,077 [3be0eefd-0f91-4043-b67b-b27b4ab908b0@group-2BAE2E41964B-LeaderElection66] INFO  server.RaftServerConfigKeys (ConfUtils.java:logGet(46)) - raft.server.write.follower.gap.ratio.max = -1.0 (default)
2024-01-08 22:37:40,078 [3be0eefd-0f91-4043-b67b-b27b4ab908b0@group-2BAE2E41964B-LeaderElection66] INFO  server.RaftServerConfigKeys (ConfUtils.java:logGet(46)) - raft.server.log.appender.snapshot.chunk.size.max = 16MB (=16777216) (default)
2024-01-08 22:37:40,078 [3be0eefd-0f91-4043-b67b-b27b4ab908b0@group-2BAE2E41964B-LeaderElection66] INFO  server.RaftServerConfigKeys (ConfUtils.java:logGet(46)) - raft.server.log.appender.buffer.byte-limit = 8388608 (custom)
2024-01-08 22:37:40,078 [3be0eefd-0f91-4043-b67b-b27b4ab908b0@group-2BAE2E41964B-LeaderElection66] INFO  server.RaftServerConfigKeys (ConfUtils.java:logGet(46)) - raft.server.log.appender.buffer.element-limit = 1 (custom)
2024-01-08 22:37:40,078 [3be0eefd-0f91-4043-b67b-b27b4ab908b0@group-2BAE2E41964B-LeaderElection66] INFO  server.RaftServerConfigKeys (ConfUtils.java:logGet(46)) - raft.server.log.appender.wait-time.min = 0ms (custom)
2024-01-08 22:37:40,078 [3be0eefd-0f91-4043-b67b-b27b4ab908b0@group-2BAE2E41964B-LeaderElection66] INFO  grpc.GrpcConfigKeys (ConfUtils.java:logGet(46)) - raft.grpc.server.leader.outstanding.appends.max = 8 (default)
2024-01-08 22:37:40,078 [3be0eefd-0f91-4043-b67b-b27b4ab908b0@group-2BAE2E41964B-LeaderElection66] INFO  server.RaftServerConfigKeys (ConfUtils.java:logGet(46)) - raft.server.rpc.request.timeout = 3000ms (default)
2024-01-08 22:37:40,078 [3be0eefd-0f91-4043-b67b-b27b4ab908b0@group-2BAE2E41964B-LeaderElection66] INFO  grpc.GrpcConfigKeys (ConfUtils.java:logGet(46)) - raft.grpc.server.install_snapshot.request.element-limit = 8 (default)
2024-01-08 22:37:40,078 [3be0eefd-0f91-4043-b67b-b27b4ab908b0@group-2BAE2E41964B-LeaderElection66] INFO  grpc.GrpcConfigKeys (ConfUtils.java:logGet(46)) - raft.grpc.server.install_snapshot.request.timeout = 3000ms (default)
2024-01-08 22:37:40,078 [3be0eefd-0f91-4043-b67b-b27b4ab908b0@group-2BAE2E41964B-LeaderElection66] INFO  server.RaftServerConfigKeys (ConfUtils.java:logGet(46)) - raft.server.log.appender.install.snapshot.enabled = false (custom)
2024-01-08 22:37:40,078 [3be0eefd-0f91-4043-b67b-b27b4ab908b0@group-2BAE2E41964B-LeaderElection66] INFO  grpc.GrpcConfigKeys (ConfUtils.java:logGet(46)) - raft.grpc.server.heartbeat.channel = true (default)
2024-01-08 22:37:40,079 [3be0eefd-0f91-4043-b67b-b27b4ab908b0@group-2BAE2E41964B-LeaderElection66] INFO  server.RaftServerConfigKeys (ConfUtils.java:logGet(46)) - raft.server.log.appender.snapshot.chunk.size.max = 16MB (=16777216) (default)
2024-01-08 22:37:40,079 [3be0eefd-0f91-4043-b67b-b27b4ab908b0@group-2BAE2E41964B-LeaderElection66] INFO  server.RaftServerConfigKeys (ConfUtils.java:logGet(46)) - raft.server.log.appender.buffer.byte-limit = 8388608 (custom)
2024-01-08 22:37:40,079 [3be0eefd-0f91-4043-b67b-b27b4ab908b0@group-2BAE2E41964B-LeaderElection66] INFO  server.RaftServerConfigKeys (ConfUtils.java:logGet(46)) - raft.server.log.appender.buffer.element-limit = 1 (custom)
2024-01-08 22:37:40,079 [3be0eefd-0f91-4043-b67b-b27b4ab908b0@group-2BAE2E41964B-LeaderElection66] INFO  server.RaftServerConfigKeys (ConfUtils.java:logGet(46)) - raft.server.log.appender.wait-time.min = 0ms (custom)
2024-01-08 22:37:40,079 [3be0eefd-0f91-4043-b67b-b27b4ab908b0@group-2BAE2E41964B-LeaderElection66] INFO  grpc.GrpcConfigKeys (ConfUtils.java:logGet(46)) - raft.grpc.server.leader.outstanding.appends.max = 8 (default)
2024-01-08 22:37:40,079 [3be0eefd-0f91-4043-b67b-b27b4ab908b0@group-2BAE2E41964B-LeaderElection66] INFO  server.RaftServerConfigKeys (ConfUtils.java:logGet(46)) - raft.server.rpc.request.timeout = 3000ms (default)
2024-01-08 22:37:40,079 [3be0eefd-0f91-4043-b67b-b27b4ab908b0@group-2BAE2E41964B-LeaderElection66] INFO  grpc.GrpcConfigKeys (ConfUtils.java:logGet(46)) - raft.grpc.server.install_snapshot.request.element-limit = 8 (default)
2024-01-08 22:37:40,079 [3be0eefd-0f91-4043-b67b-b27b4ab908b0@group-2BAE2E41964B-LeaderElection66] INFO  grpc.GrpcConfigKeys (ConfUtils.java:logGet(46)) - raft.grpc.server.install_snapshot.request.timeout = 3000ms (default)
2024-01-08 22:37:40,080 [3be0eefd-0f91-4043-b67b-b27b4ab908b0@group-2BAE2E41964B-LeaderElection66] INFO  server.RaftServerConfigKeys (ConfUtils.java:logGet(46)) - raft.server.log.appender.install.snapshot.enabled = false (custom)
2024-01-08 22:37:40,080 [3be0eefd-0f91-4043-b67b-b27b4ab908b0@group-2BAE2E41964B-LeaderElection66] INFO  grpc.GrpcConfigKeys (ConfUtils.java:logGet(46)) - raft.grpc.server.heartbeat.channel = true (default)
2024-01-08 22:37:40,080 [3be0eefd-0f91-4043-b67b-b27b4ab908b0@group-2BAE2E41964B-LeaderElection66] INFO  impl.RoleInfo (RoleInfo.java:updateAndGet(139)) - 3be0eefd-0f91-4043-b67b-b27b4ab908b0: start 3be0eefd-0f91-4043-b67b-b27b4ab908b0@group-2BAE2E41964B-LeaderStateImpl
2024-01-08 22:37:40,080 [3be0eefd-0f91-4043-b67b-b27b4ab908b0@group-2BAE2E41964B-LeaderElection66] INFO  server.RaftServer$Division (RaftServerImpl.java:setFirstElection(564)) - 3be0eefd-0f91-4043-b67b-b27b4ab908b0@group-2BAE2E41964B: set firstElectionSinceStartup to false for becomeLeader
2024-01-08 22:37:40,080 [3be0eefd-0f91-4043-b67b-b27b4ab908b0@group-2BAE2E41964B-LeaderElection66] INFO  ratis.XceiverServerRatis (XceiverServerRatis.java:handleLeaderChangedNotification(945)) - Leader change notification received for group: group-2BAE2E41964B with new leaderId: 3be0eefd-0f91-4043-b67b-b27b4ab908b0
2024-01-08 22:37:40,080 [3be0eefd-0f91-4043-b67b-b27b4ab908b0@group-2BAE2E41964B-LeaderElection66] INFO  server.RaftServer$Division (ServerState.java:setLeader(265)) - 3be0eefd-0f91-4043-b67b-b27b4ab908b0@group-2BAE2E41964B: change Leader from null to 3be0eefd-0f91-4043-b67b-b27b4ab908b0 at term 1 for becomeLeader, leader elected after 5095ms
2024-01-08 22:37:40,080 [3be0eefd-0f91-4043-b67b-b27b4ab908b0@group-2BAE2E41964B-LeaderElection66] INFO  segmented.SegmentedRaftLogWorker (SegmentedRaftLogWorker.java:startLogSegment(428)) - 3be0eefd-0f91-4043-b67b-b27b4ab908b0@group-2BAE2E41964B-SegmentedRaftLogWorker: Starting segment from index:0
2024-01-08 22:37:40,081 [3be0eefd-0f91-4043-b67b-b27b4ab908b0@group-2BAE2E41964B-LeaderElection66] INFO  server.RaftServer$Division (ServerState.java:setRaftConf(382)) - 3be0eefd-0f91-4043-b67b-b27b4ab908b0@group-2BAE2E41964B: set configuration 0: peers:[d358508b-f61b-4bbe-a39d-36a2c95b295d|10.1.0.16:15397, 3be0eefd-0f91-4043-b67b-b27b4ab908b0|10.1.0.16:15406, c15a1dbd-1c17-41f9-9118-60766ac127ad|10.1.0.16:15415]|listeners:[], old=null
2024-01-08 22:37:40,082 [EventQueue-PipelineReportForPipelineReportHandler] INFO  pipeline.PipelineReportHandler (PipelineReportHandler.java:processPipelineReport(136)) - Opened pipeline PipelineID=c748593b-2d19-406a-b3af-2bae2e41964b
2024-01-08 22:37:40,087 [d358508b-f61b-4bbe-a39d-36a2c95b295d-server-thread1] INFO  ratis.XceiverServerRatis (XceiverServerRatis.java:handleLeaderChangedNotification(945)) - Leader change notification received for group: group-2BAE2E41964B with new leaderId: 3be0eefd-0f91-4043-b67b-b27b4ab908b0
2024-01-08 22:37:40,087 [c15a1dbd-1c17-41f9-9118-60766ac127ad-server-thread1] INFO  ratis.XceiverServerRatis (XceiverServerRatis.java:handleLeaderChangedNotification(945)) - Leader change notification received for group: group-2BAE2E41964B with new leaderId: 3be0eefd-0f91-4043-b67b-b27b4ab908b0
2024-01-08 22:37:40,087 [c15a1dbd-1c17-41f9-9118-60766ac127ad-server-thread1] INFO  server.RaftServer$Division (ServerState.java:setLeader(265)) - c15a1dbd-1c17-41f9-9118-60766ac127ad@group-2BAE2E41964B: change Leader from null to 3be0eefd-0f91-4043-b67b-b27b4ab908b0 at term 1 for appendEntries, leader elected after 5127ms
2024-01-08 22:37:40,087 [d358508b-f61b-4bbe-a39d-36a2c95b295d-server-thread1] INFO  server.RaftServer$Division (ServerState.java:setLeader(265)) - d358508b-f61b-4bbe-a39d-36a2c95b295d@group-2BAE2E41964B: change Leader from null to 3be0eefd-0f91-4043-b67b-b27b4ab908b0 at term 1 for appendEntries, leader elected after 5144ms
2024-01-08 22:37:40,089 [3be0eefd-0f91-4043-b67b-b27b4ab908b0@group-2BAE2E41964B-SegmentedRaftLogWorker] INFO  segmented.SegmentedRaftLogWorker (SegmentedRaftLogWorker.java:execute(632)) - 3be0eefd-0f91-4043-b67b-b27b4ab908b0@group-2BAE2E41964B-SegmentedRaftLogWorker: created new log segment /home/runner/work/ozone/ozone/hadoop-ozone/integration-test/target/test-dir/MiniOzoneClusterImpl-c2c64c26-053e-4d1e-83e3-051e2bfa4916/datanode-4/data/ratis/c748593b-2d19-406a-b3af-2bae2e41964b/current/log_inprogress_0
2024-01-08 22:37:40,093 [c15a1dbd-1c17-41f9-9118-60766ac127ad-server-thread2] INFO  server.RaftServer$Division (ServerState.java:setRaftConf(382)) - c15a1dbd-1c17-41f9-9118-60766ac127ad@group-2BAE2E41964B: set configuration 0: peers:[d358508b-f61b-4bbe-a39d-36a2c95b295d|10.1.0.16:15397, 3be0eefd-0f91-4043-b67b-b27b4ab908b0|10.1.0.16:15406, c15a1dbd-1c17-41f9-9118-60766ac127ad|10.1.0.16:15415]|listeners:[], old=null
2024-01-08 22:37:40,093 [d358508b-f61b-4bbe-a39d-36a2c95b295d-server-thread2] INFO  server.RaftServer$Division (ServerState.java:setRaftConf(382)) - d358508b-f61b-4bbe-a39d-36a2c95b295d@group-2BAE2E41964B: set configuration 0: peers:[d358508b-f61b-4bbe-a39d-36a2c95b295d|10.1.0.16:15397, 3be0eefd-0f91-4043-b67b-b27b4ab908b0|10.1.0.16:15406, c15a1dbd-1c17-41f9-9118-60766ac127ad|10.1.0.16:15415]|listeners:[], old=null
2024-01-08 22:37:40,093 [c15a1dbd-1c17-41f9-9118-60766ac127ad-server-thread2] INFO  segmented.SegmentedRaftLogWorker (SegmentedRaftLogWorker.java:startLogSegment(428)) - c15a1dbd-1c17-41f9-9118-60766ac127ad@group-2BAE2E41964B-SegmentedRaftLogWorker: Starting segment from index:0
2024-01-08 22:37:40,093 [d358508b-f61b-4bbe-a39d-36a2c95b295d-server-thread2] INFO  segmented.SegmentedRaftLogWorker (SegmentedRaftLogWorker.java:startLogSegment(428)) - d358508b-f61b-4bbe-a39d-36a2c95b295d@group-2BAE2E41964B-SegmentedRaftLogWorker: Starting segment from index:0
2024-01-08 22:37:40,104 [d358508b-f61b-4bbe-a39d-36a2c95b295d@group-2BAE2E41964B-SegmentedRaftLogWorker] INFO  segmented.SegmentedRaftLogWorker (SegmentedRaftLogWorker.java:execute(632)) - d358508b-f61b-4bbe-a39d-36a2c95b295d@group-2BAE2E41964B-SegmentedRaftLogWorker: created new log segment /home/runner/work/ozone/ozone/hadoop-ozone/integration-test/target/test-dir/MiniOzoneClusterImpl-c2c64c26-053e-4d1e-83e3-051e2bfa4916/datanode-3/data/ratis/c748593b-2d19-406a-b3af-2bae2e41964b/current/log_inprogress_0
2024-01-08 22:37:40,104 [c15a1dbd-1c17-41f9-9118-60766ac127ad@group-2BAE2E41964B-SegmentedRaftLogWorker] INFO  segmented.SegmentedRaftLogWorker (SegmentedRaftLogWorker.java:execute(632)) - c15a1dbd-1c17-41f9-9118-60766ac127ad@group-2BAE2E41964B-SegmentedRaftLogWorker: created new log segment /home/runner/work/ozone/ozone/hadoop-ozone/integration-test/target/test-dir/MiniOzoneClusterImpl-c2c64c26-053e-4d1e-83e3-051e2bfa4916/datanode-5/data/ratis/c748593b-2d19-406a-b3af-2bae2e41964b/current/log_inprogress_0
2024-01-08 22:37:40,106 [3be0eefd-0f91-4043-b67b-b27b4ab908b0@group-2BAE2E41964B-StateMachineUpdater] INFO  server.RaftServer$Division (LeaderStateImpl.java:isApplied(316)) - leader is ready since appliedIndex == 0 >= startIndex == 0
2024-01-08 22:37:40,124 [3be0eefd-0f91-4043-b67b-b27b4ab908b0@group-5857499DADE9-FollowerState] INFO  impl.FollowerState (FollowerState.java:run(143)) - 3be0eefd-0f91-4043-b67b-b27b4ab908b0@group-5857499DADE9-FollowerState: change to CANDIDATE, lastRpcElapsedTime:5097386402ns, electionTimeout:5097ms
2024-01-08 22:37:40,124 [3be0eefd-0f91-4043-b67b-b27b4ab908b0@group-5857499DADE9-FollowerState] INFO  impl.RoleInfo (RoleInfo.java:shutdownFollowerState(110)) - 3be0eefd-0f91-4043-b67b-b27b4ab908b0: shutdown 3be0eefd-0f91-4043-b67b-b27b4ab908b0@group-5857499DADE9-FollowerState
2024-01-08 22:37:40,124 [3be0eefd-0f91-4043-b67b-b27b4ab908b0@group-5857499DADE9-FollowerState] INFO  server.RaftServer$Division (RaftServerImpl.java:setRole(379)) - 3be0eefd-0f91-4043-b67b-b27b4ab908b0@group-5857499DADE9: changes role from  FOLLOWER to CANDIDATE at term 0 for changeToCandidate
2024-01-08 22:37:40,124 [3be0eefd-0f91-4043-b67b-b27b4ab908b0@group-5857499DADE9-FollowerState] INFO  server.RaftServerConfigKeys (ConfUtils.java:logGet(46)) - raft.server.leaderelection.pre-vote = true (default)
2024-01-08 22:37:40,124 [3be0eefd-0f91-4043-b67b-b27b4ab908b0@group-5857499DADE9-FollowerState] INFO  impl.RoleInfo (RoleInfo.java:updateAndGet(139)) - 3be0eefd-0f91-4043-b67b-b27b4ab908b0: start 3be0eefd-0f91-4043-b67b-b27b4ab908b0@group-5857499DADE9-LeaderElection67
2024-01-08 22:37:40,125 [3be0eefd-0f91-4043-b67b-b27b4ab908b0@group-5857499DADE9-LeaderElection67] INFO  impl.LeaderElection (LeaderElection.java:askForVotes(323)) - 3be0eefd-0f91-4043-b67b-b27b4ab908b0@group-5857499DADE9-LeaderElection67 PRE_VOTE round 0: submit vote requests at term 0 for -1: peers:[3be0eefd-0f91-4043-b67b-b27b4ab908b0|10.1.0.16:15406]|listeners:[], old=null
2024-01-08 22:37:40,125 [3be0eefd-0f91-4043-b67b-b27b4ab908b0@group-5857499DADE9-LeaderElection67] INFO  impl.LeaderElection (LeaderElection.java:askForVotes(325)) - 3be0eefd-0f91-4043-b67b-b27b4ab908b0@group-5857499DADE9-LeaderElection67 PRE_VOTE round 0: result PASSED (term=0)
2024-01-08 22:37:40,126 [3be0eefd-0f91-4043-b67b-b27b4ab908b0@group-5857499DADE9-LeaderElection67] INFO  impl.LeaderElection (LeaderElection.java:askForVotes(323)) - 3be0eefd-0f91-4043-b67b-b27b4ab908b0@group-5857499DADE9-LeaderElection67 ELECTION round 0: submit vote requests at term 1 for -1: peers:[3be0eefd-0f91-4043-b67b-b27b4ab908b0|10.1.0.16:15406]|listeners:[], old=null
2024-01-08 22:37:40,126 [3be0eefd-0f91-4043-b67b-b27b4ab908b0@group-5857499DADE9-LeaderElection67] INFO  impl.LeaderElection (LeaderElection.java:askForVotes(325)) - 3be0eefd-0f91-4043-b67b-b27b4ab908b0@group-5857499DADE9-LeaderElection67 ELECTION round 0: result PASSED (term=1)
2024-01-08 22:37:40,126 [3be0eefd-0f91-4043-b67b-b27b4ab908b0@group-5857499DADE9-LeaderElection67] INFO  impl.RoleInfo (RoleInfo.java:shutdownLeaderElection(130)) - 3be0eefd-0f91-4043-b67b-b27b4ab908b0: shutdown 3be0eefd-0f91-4043-b67b-b27b4ab908b0@group-5857499DADE9-LeaderElection67
2024-01-08 22:37:40,126 [3be0eefd-0f91-4043-b67b-b27b4ab908b0@group-5857499DADE9-LeaderElection67] INFO  server.RaftServer$Division (RaftServerImpl.java:setRole(379)) - 3be0eefd-0f91-4043-b67b-b27b4ab908b0@group-5857499DADE9: changes role from CANDIDATE to LEADER at term 1 for changeToLeader
2024-01-08 22:37:40,126 [3be0eefd-0f91-4043-b67b-b27b4ab908b0@group-5857499DADE9-LeaderElection67] INFO  server.RaftServerConfigKeys (ConfUtils.java:logGet(46)) - raft.server.staging.catchup.gap = 1000 (default)
2024-01-08 22:37:40,126 [3be0eefd-0f91-4043-b67b-b27b4ab908b0@group-5857499DADE9-LeaderElection67] INFO  server.RaftServerConfigKeys (ConfUtils.java:logGet(46)) - raft.server.write.element-limit = 1024 (custom)
2024-01-08 22:37:40,126 [3be0eefd-0f91-4043-b67b-b27b4ab908b0@group-5857499DADE9-LeaderElection67] INFO  server.RaftServerConfigKeys (ConfUtils.java:logGet(46)) - raft.server.write.byte-limit = 1024 M (=1073741824) (custom)
2024-01-08 22:37:40,126 [3be0eefd-0f91-4043-b67b-b27b4ab908b0@group-5857499DADE9-LeaderElection67] INFO  server.RaftServerConfigKeys (ConfUtils.java:logGet(46)) - raft.server.watch.timeout = 3000ms (custom)
2024-01-08 22:37:40,126 [3be0eefd-0f91-4043-b67b-b27b4ab908b0@group-5857499DADE9-LeaderElection67] INFO  server.RaftServerConfigKeys (ConfUtils.java:logGet(46)) - raft.server.watch.timeout.denomination = 1s (default)
2024-01-08 22:37:40,126 [3be0eefd-0f91-4043-b67b-b27b4ab908b0@group-5857499DADE9-LeaderElection67] INFO  server.RaftServerConfigKeys (ConfUtils.java:logGet(46)) - raft.server.watch.element-limit = 65536 (default)
2024-01-08 22:37:40,127 [3be0eefd-0f91-4043-b67b-b27b4ab908b0@group-5857499DADE9-LeaderElection67] INFO  server.RaftServerConfigKeys (ConfUtils.java:logGet(46)) - raft.server.read.leader.lease.enabled = false (default)
2024-01-08 22:37:40,127 [3be0eefd-0f91-4043-b67b-b27b4ab908b0@group-5857499DADE9-LeaderElection67] INFO  server.RaftServerConfigKeys (ConfUtils.java:logGet(46)) - raft.server.read.leader.lease.timeout.ratio = 0.9 (default)
2024-01-08 22:37:40,127 [3be0eefd-0f91-4043-b67b-b27b4ab908b0@group-5857499DADE9-LeaderElection67] INFO  server.RaftServerConfigKeys (ConfUtils.java:logGet(46)) - raft.server.rpc.timeout.min = 5s (custom)
2024-01-08 22:37:40,127 [3be0eefd-0f91-4043-b67b-b27b4ab908b0@group-5857499DADE9-LeaderElection67] INFO  server.RaftServerConfigKeys (ConfUtils.java:logGet(46)) - raft.server.write.element-limit = 1024 (custom)
2024-01-08 22:37:40,127 [3be0eefd-0f91-4043-b67b-b27b4ab908b0@group-5857499DADE9-LeaderElection67] INFO  server.RaftServerConfigKeys (ConfUtils.java:logGet(46)) - raft.server.write.follower.gap.ratio.max = -1.0 (default)
2024-01-08 22:37:40,127 [3be0eefd-0f91-4043-b67b-b27b4ab908b0@group-5857499DADE9-LeaderElection67] INFO  impl.RoleInfo (RoleInfo.java:updateAndGet(139)) - 3be0eefd-0f91-4043-b67b-b27b4ab908b0: start 3be0eefd-0f91-4043-b67b-b27b4ab908b0@group-5857499DADE9-LeaderStateImpl
2024-01-08 22:37:40,127 [3be0eefd-0f91-4043-b67b-b27b4ab908b0@group-5857499DADE9-LeaderElection67] INFO  server.RaftServer$Division (RaftServerImpl.java:setFirstElection(564)) - 3be0eefd-0f91-4043-b67b-b27b4ab908b0@group-5857499DADE9: set firstElectionSinceStartup to false for becomeLeader
2024-01-08 22:37:40,127 [3be0eefd-0f91-4043-b67b-b27b4ab908b0@group-5857499DADE9-LeaderElection67] INFO  ratis.XceiverServerRatis (XceiverServerRatis.java:handleLeaderChangedNotification(945)) - Leader change notification received for group: group-5857499DADE9 with new leaderId: 3be0eefd-0f91-4043-b67b-b27b4ab908b0
2024-01-08 22:37:40,127 [3be0eefd-0f91-4043-b67b-b27b4ab908b0@group-5857499DADE9-LeaderElection67] INFO  server.RaftServer$Division (ServerState.java:setLeader(265)) - 3be0eefd-0f91-4043-b67b-b27b4ab908b0@group-5857499DADE9: change Leader from null to 3be0eefd-0f91-4043-b67b-b27b4ab908b0 at term 1 for becomeLeader, leader elected after 5109ms
2024-01-08 22:37:40,127 [3be0eefd-0f91-4043-b67b-b27b4ab908b0@group-5857499DADE9-LeaderElection67] INFO  segmented.SegmentedRaftLogWorker (SegmentedRaftLogWorker.java:startLogSegment(428)) - 3be0eefd-0f91-4043-b67b-b27b4ab908b0@group-5857499DADE9-SegmentedRaftLogWorker: Starting segment from index:0
2024-01-08 22:37:40,128 [3be0eefd-0f91-4043-b67b-b27b4ab908b0@group-5857499DADE9-LeaderElection67] INFO  server.RaftServer$Division (ServerState.java:setRaftConf(382)) - 3be0eefd-0f91-4043-b67b-b27b4ab908b0@group-5857499DADE9: set configuration 0: peers:[3be0eefd-0f91-4043-b67b-b27b4ab908b0|10.1.0.16:15406]|listeners:[], old=null
2024-01-08 22:37:40,134 [3be0eefd-0f91-4043-b67b-b27b4ab908b0@group-5857499DADE9-SegmentedRaftLogWorker] INFO  segmented.SegmentedRaftLogWorker (SegmentedRaftLogWorker.java:execute(632)) - 3be0eefd-0f91-4043-b67b-b27b4ab908b0@group-5857499DADE9-SegmentedRaftLogWorker: created new log segment /home/runner/work/ozone/ozone/hadoop-ozone/integration-test/target/test-dir/MiniOzoneClusterImpl-c2c64c26-053e-4d1e-83e3-051e2bfa4916/datanode-4/data/ratis/a8e3b2a6-9d68-41f3-bb16-5857499dade9/current/log_inprogress_0
2024-01-08 22:37:40,134 [3be0eefd-0f91-4043-b67b-b27b4ab908b0@group-5857499DADE9-StateMachineUpdater] INFO  server.RaftServer$Division (LeaderStateImpl.java:isApplied(316)) - leader is ready since appliedIndex == 0 >= startIndex == 0
2024-01-08 22:37:40,170 [c15a1dbd-1c17-41f9-9118-60766ac127ad@group-8A30B06FA7AF-FollowerState] INFO  impl.FollowerState (FollowerState.java:run(143)) - c15a1dbd-1c17-41f9-9118-60766ac127ad@group-8A30B06FA7AF-FollowerState: change to CANDIDATE, lastRpcElapsedTime:5064356945ns, electionTimeout:5064ms
2024-01-08 22:37:40,170 [c15a1dbd-1c17-41f9-9118-60766ac127ad@group-8A30B06FA7AF-FollowerState] INFO  impl.RoleInfo (RoleInfo.java:shutdownFollowerState(110)) - c15a1dbd-1c17-41f9-9118-60766ac127ad: shutdown c15a1dbd-1c17-41f9-9118-60766ac127ad@group-8A30B06FA7AF-FollowerState
2024-01-08 22:37:40,170 [c15a1dbd-1c17-41f9-9118-60766ac127ad@group-8A30B06FA7AF-FollowerState] INFO  server.RaftServer$Division (RaftServerImpl.java:setRole(379)) - c15a1dbd-1c17-41f9-9118-60766ac127ad@group-8A30B06FA7AF: changes role from  FOLLOWER to CANDIDATE at term 0 for changeToCandidate
2024-01-08 22:37:40,170 [c15a1dbd-1c17-41f9-9118-60766ac127ad@group-8A30B06FA7AF-FollowerState] INFO  server.RaftServerConfigKeys (ConfUtils.java:logGet(46)) - raft.server.leaderelection.pre-vote = true (default)
2024-01-08 22:37:40,170 [c15a1dbd-1c17-41f9-9118-60766ac127ad@group-8A30B06FA7AF-FollowerState] INFO  impl.RoleInfo (RoleInfo.java:updateAndGet(139)) - c15a1dbd-1c17-41f9-9118-60766ac127ad: start c15a1dbd-1c17-41f9-9118-60766ac127ad@group-8A30B06FA7AF-LeaderElection68
2024-01-08 22:37:40,172 [c15a1dbd-1c17-41f9-9118-60766ac127ad@group-8A30B06FA7AF-LeaderElection68] INFO  impl.LeaderElection (LeaderElection.java:askForVotes(323)) - c15a1dbd-1c17-41f9-9118-60766ac127ad@group-8A30B06FA7AF-LeaderElection68 PRE_VOTE round 0: submit vote requests at term 0 for -1: peers:[c15a1dbd-1c17-41f9-9118-60766ac127ad|10.1.0.16:15415]|listeners:[], old=null
2024-01-08 22:37:40,172 [c15a1dbd-1c17-41f9-9118-60766ac127ad@group-8A30B06FA7AF-LeaderElection68] INFO  impl.LeaderElection (LeaderElection.java:askForVotes(325)) - c15a1dbd-1c17-41f9-9118-60766ac127ad@group-8A30B06FA7AF-LeaderElection68 PRE_VOTE round 0: result PASSED (term=0)
2024-01-08 22:37:40,172 [c15a1dbd-1c17-41f9-9118-60766ac127ad@group-8A30B06FA7AF-LeaderElection68] INFO  impl.LeaderElection (LeaderElection.java:askForVotes(323)) - c15a1dbd-1c17-41f9-9118-60766ac127ad@group-8A30B06FA7AF-LeaderElection68 ELECTION round 0: submit vote requests at term 1 for -1: peers:[c15a1dbd-1c17-41f9-9118-60766ac127ad|10.1.0.16:15415]|listeners:[], old=null
2024-01-08 22:37:40,173 [c15a1dbd-1c17-41f9-9118-60766ac127ad@group-8A30B06FA7AF-LeaderElection68] INFO  impl.LeaderElection (LeaderElection.java:askForVotes(325)) - c15a1dbd-1c17-41f9-9118-60766ac127ad@group-8A30B06FA7AF-LeaderElection68 ELECTION round 0: result PASSED (term=1)
2024-01-08 22:37:40,173 [c15a1dbd-1c17-41f9-9118-60766ac127ad@group-8A30B06FA7AF-LeaderElection68] INFO  impl.RoleInfo (RoleInfo.java:shutdownLeaderElection(130)) - c15a1dbd-1c17-41f9-9118-60766ac127ad: shutdown c15a1dbd-1c17-41f9-9118-60766ac127ad@group-8A30B06FA7AF-LeaderElection68
2024-01-08 22:37:40,173 [c15a1dbd-1c17-41f9-9118-60766ac127ad@group-8A30B06FA7AF-LeaderElection68] INFO  server.RaftServer$Division (RaftServerImpl.java:setRole(379)) - c15a1dbd-1c17-41f9-9118-60766ac127ad@group-8A30B06FA7AF: changes role from CANDIDATE to LEADER at term 1 for changeToLeader
2024-01-08 22:37:40,173 [c15a1dbd-1c17-41f9-9118-60766ac127ad@group-8A30B06FA7AF-LeaderElection68] INFO  server.RaftServerConfigKeys (ConfUtils.java:logGet(46)) - raft.server.staging.catchup.gap = 1000 (default)
2024-01-08 22:37:40,173 [c15a1dbd-1c17-41f9-9118-60766ac127ad@group-8A30B06FA7AF-LeaderElection68] INFO  server.RaftServerConfigKeys (ConfUtils.java:logGet(46)) - raft.server.write.element-limit = 1024 (custom)
2024-01-08 22:37:40,173 [c15a1dbd-1c17-41f9-9118-60766ac127ad@group-8A30B06FA7AF-LeaderElection68] INFO  server.RaftServerConfigKeys (ConfUtils.java:logGet(46)) - raft.server.write.byte-limit = 1024 M (=1073741824) (custom)
2024-01-08 22:37:40,173 [c15a1dbd-1c17-41f9-9118-60766ac127ad@group-8A30B06FA7AF-LeaderElection68] INFO  server.RaftServerConfigKeys (ConfUtils.java:logGet(46)) - raft.server.watch.timeout = 3000ms (custom)
2024-01-08 22:37:40,173 [c15a1dbd-1c17-41f9-9118-60766ac127ad@group-8A30B06FA7AF-LeaderElection68] INFO  server.RaftServerConfigKeys (ConfUtils.java:logGet(46)) - raft.server.watch.timeout.denomination = 1s (default)
2024-01-08 22:37:40,173 [c15a1dbd-1c17-41f9-9118-60766ac127ad@group-8A30B06FA7AF-LeaderElection68] INFO  server.RaftServerConfigKeys (ConfUtils.java:logGet(46)) - raft.server.watch.element-limit = 65536 (default)
2024-01-08 22:37:40,173 [c15a1dbd-1c17-41f9-9118-60766ac127ad@group-8A30B06FA7AF-LeaderElection68] INFO  server.RaftServerConfigKeys (ConfUtils.java:logGet(46)) - raft.server.read.leader.lease.enabled = false (default)
2024-01-08 22:37:40,173 [c15a1dbd-1c17-41f9-9118-60766ac127ad@group-8A30B06FA7AF-LeaderElection68] INFO  server.RaftServerConfigKeys (ConfUtils.java:logGet(46)) - raft.server.read.leader.lease.timeout.ratio = 0.9 (default)
2024-01-08 22:37:40,173 [c15a1dbd-1c17-41f9-9118-60766ac127ad@group-8A30B06FA7AF-LeaderElection68] INFO  server.RaftServerConfigKeys (ConfUtils.java:logGet(46)) - raft.server.rpc.timeout.min = 5s (custom)
2024-01-08 22:37:40,173 [c15a1dbd-1c17-41f9-9118-60766ac127ad@group-8A30B06FA7AF-LeaderElection68] INFO  server.RaftServerConfigKeys (ConfUtils.java:logGet(46)) - raft.server.write.element-limit = 1024 (custom)
2024-01-08 22:37:40,173 [c15a1dbd-1c17-41f9-9118-60766ac127ad@group-8A30B06FA7AF-LeaderElection68] INFO  server.RaftServerConfigKeys (ConfUtils.java:logGet(46)) - raft.server.write.follower.gap.ratio.max = -1.0 (default)
2024-01-08 22:37:40,173 [c15a1dbd-1c17-41f9-9118-60766ac127ad@group-8A30B06FA7AF-LeaderElection68] INFO  impl.RoleInfo (RoleInfo.java:updateAndGet(139)) - c15a1dbd-1c17-41f9-9118-60766ac127ad: start c15a1dbd-1c17-41f9-9118-60766ac127ad@group-8A30B06FA7AF-LeaderStateImpl
2024-01-08 22:37:40,173 [c15a1dbd-1c17-41f9-9118-60766ac127ad@group-8A30B06FA7AF-LeaderElection68] INFO  server.RaftServer$Division (RaftServerImpl.java:setFirstElection(564)) - c15a1dbd-1c17-41f9-9118-60766ac127ad@group-8A30B06FA7AF: set firstElectionSinceStartup to false for becomeLeader
2024-01-08 22:37:40,173 [c15a1dbd-1c17-41f9-9118-60766ac127ad@group-8A30B06FA7AF-LeaderElection68] INFO  ratis.XceiverServerRatis (XceiverServerRatis.java:handleLeaderChangedNotification(945)) - Leader change notification received for group: group-8A30B06FA7AF with new leaderId: c15a1dbd-1c17-41f9-9118-60766ac127ad
2024-01-08 22:37:40,173 [c15a1dbd-1c17-41f9-9118-60766ac127ad@group-8A30B06FA7AF-LeaderElection68] INFO  server.RaftServer$Division (ServerState.java:setLeader(265)) - c15a1dbd-1c17-41f9-9118-60766ac127ad@group-8A30B06FA7AF: change Leader from null to c15a1dbd-1c17-41f9-9118-60766ac127ad at term 1 for becomeLeader, leader elected after 5075ms
2024-01-08 22:37:40,173 [c15a1dbd-1c17-41f9-9118-60766ac127ad@group-8A30B06FA7AF-LeaderElection68] INFO  segmented.SegmentedRaftLogWorker (SegmentedRaftLogWorker.java:startLogSegment(428)) - c15a1dbd-1c17-41f9-9118-60766ac127ad@group-8A30B06FA7AF-SegmentedRaftLogWorker: Starting segment from index:0
2024-01-08 22:37:40,177 [c15a1dbd-1c17-41f9-9118-60766ac127ad@group-8A30B06FA7AF-LeaderElection68] INFO  server.RaftServer$Division (ServerState.java:setRaftConf(382)) - c15a1dbd-1c17-41f9-9118-60766ac127ad@group-8A30B06FA7AF: set configuration 0: peers:[c15a1dbd-1c17-41f9-9118-60766ac127ad|10.1.0.16:15415]|listeners:[], old=null
2024-01-08 22:37:40,180 [c15a1dbd-1c17-41f9-9118-60766ac127ad@group-8A30B06FA7AF-SegmentedRaftLogWorker] INFO  segmented.SegmentedRaftLogWorker (SegmentedRaftLogWorker.java:execute(632)) - c15a1dbd-1c17-41f9-9118-60766ac127ad@group-8A30B06FA7AF-SegmentedRaftLogWorker: created new log segment /home/runner/work/ozone/ozone/hadoop-ozone/integration-test/target/test-dir/MiniOzoneClusterImpl-c2c64c26-053e-4d1e-83e3-051e2bfa4916/datanode-5/data/ratis/44b32ef7-8b78-4259-9b4a-8a30b06fa7af/current/log_inprogress_0
2024-01-08 22:37:40,180 [c15a1dbd-1c17-41f9-9118-60766ac127ad@group-8A30B06FA7AF-StateMachineUpdater] INFO  server.RaftServer$Division (LeaderStateImpl.java:isApplied(316)) - leader is ready since appliedIndex == 0 >= startIndex == 0
2024-01-08 22:37:40,251 [71d6d3a4-9c29-4ff8-bafc-b8f4ae2641d6@group-0FC28122E465-FollowerState] INFO  impl.FollowerState (FollowerState.java:run(143)) - 71d6d3a4-9c29-4ff8-bafc-b8f4ae2641d6@group-0FC28122E465-FollowerState: change to CANDIDATE, lastRpcElapsedTime:5030395656ns, electionTimeout:5030ms
2024-01-08 22:37:40,251 [71d6d3a4-9c29-4ff8-bafc-b8f4ae2641d6@group-0FC28122E465-FollowerState] INFO  impl.RoleInfo (RoleInfo.java:shutdownFollowerState(110)) - 71d6d3a4-9c29-4ff8-bafc-b8f4ae2641d6: shutdown 71d6d3a4-9c29-4ff8-bafc-b8f4ae2641d6@group-0FC28122E465-FollowerState
2024-01-08 22:37:40,251 [71d6d3a4-9c29-4ff8-bafc-b8f4ae2641d6@group-0FC28122E465-FollowerState] INFO  server.RaftServer$Division (RaftServerImpl.java:setRole(379)) - 71d6d3a4-9c29-4ff8-bafc-b8f4ae2641d6@group-0FC28122E465: changes role from  FOLLOWER to CANDIDATE at term 0 for changeToCandidate
2024-01-08 22:37:40,251 [71d6d3a4-9c29-4ff8-bafc-b8f4ae2641d6@group-0FC28122E465-FollowerState] INFO  server.RaftServerConfigKeys (ConfUtils.java:logGet(46)) - raft.server.leaderelection.pre-vote = true (default)
2024-01-08 22:37:40,251 [71d6d3a4-9c29-4ff8-bafc-b8f4ae2641d6@group-0FC28122E465-FollowerState] INFO  impl.RoleInfo (RoleInfo.java:updateAndGet(139)) - 71d6d3a4-9c29-4ff8-bafc-b8f4ae2641d6: start 71d6d3a4-9c29-4ff8-bafc-b8f4ae2641d6@group-0FC28122E465-LeaderElection69
2024-01-08 22:37:40,253 [71d6d3a4-9c29-4ff8-bafc-b8f4ae2641d6@group-0FC28122E465-LeaderElection69] INFO  impl.LeaderElection (LeaderElection.java:askForVotes(323)) - 71d6d3a4-9c29-4ff8-bafc-b8f4ae2641d6@group-0FC28122E465-LeaderElection69 PRE_VOTE round 0: submit vote requests at term 0 for -1: peers:[0d9d6b7b-744f-4f5a-b215-8082335ad77a|10.1.0.16:15424, 71d6d3a4-9c29-4ff8-bafc-b8f4ae2641d6|10.1.0.16:15442, 92bfa79f-b082-4a9b-a2b8-9a2f5047304a|10.1.0.16:15433]|listeners:[], old=null
2024-01-08 22:37:40,253 [71d6d3a4-9c29-4ff8-bafc-b8f4ae2641d6@group-0FC28122E465-LeaderElection69-1] INFO  server.GrpcServerProtocolClient (GrpcServerProtocolClient.java:<init>(65)) - Build channel for 0d9d6b7b-744f-4f5a-b215-8082335ad77a
2024-01-08 22:37:40,253 [71d6d3a4-9c29-4ff8-bafc-b8f4ae2641d6@group-0FC28122E465-LeaderElection69] INFO  server.RaftServerConfigKeys (ConfUtils.java:logFallback(53)) - raft.server.rpc.first-election.timeout.min = 5s (fallback to raft.server.rpc.timeout.min)
2024-01-08 22:37:40,253 [71d6d3a4-9c29-4ff8-bafc-b8f4ae2641d6@group-0FC28122E465-LeaderElection69-2] INFO  server.GrpcServerProtocolClient (GrpcServerProtocolClient.java:<init>(65)) - Build channel for 92bfa79f-b082-4a9b-a2b8-9a2f5047304a
2024-01-08 22:37:40,253 [71d6d3a4-9c29-4ff8-bafc-b8f4ae2641d6@group-0FC28122E465-LeaderElection69] INFO  server.RaftServerConfigKeys (ConfUtils.java:logFallback(53)) - raft.server.rpc.first-election.timeout.max = 5200ms (fallback to raft.server.rpc.timeout.max)
2024-01-08 22:37:40,256 [grpc-default-executor-5] INFO  server.RaftServer$Division (RaftServerImpl.java:requestVote(1377)) - 92bfa79f-b082-4a9b-a2b8-9a2f5047304a@group-0FC28122E465: receive requestVote(PRE_VOTE, 71d6d3a4-9c29-4ff8-bafc-b8f4ae2641d6, group-0FC28122E465, 0, (t:0, i:0))
2024-01-08 22:37:40,256 [grpc-default-executor-5] INFO  impl.VoteContext (VoteContext.java:log(49)) - 92bfa79f-b082-4a9b-a2b8-9a2f5047304a@group-0FC28122E465-FOLLOWER: reject PRE_VOTE from 71d6d3a4-9c29-4ff8-bafc-b8f4ae2641d6: our priority 1 > candidate's priority 0
2024-01-08 22:37:40,257 [grpc-default-executor-5] INFO  server.RaftServer$Division (RaftServerImpl.java:requestVote(1410)) - 92bfa79f-b082-4a9b-a2b8-9a2f5047304a@group-0FC28122E465 replies to PRE_VOTE vote request: 71d6d3a4-9c29-4ff8-bafc-b8f4ae2641d6<-92bfa79f-b082-4a9b-a2b8-9a2f5047304a#0:FAIL-t0. Peer's state: 92bfa79f-b082-4a9b-a2b8-9a2f5047304a@group-0FC28122E465:t0, leader=null, voted=, raftlog=Memoized:92bfa79f-b082-4a9b-a2b8-9a2f5047304a@group-0FC28122E465-SegmentedRaftLog:OPENED:c-1, conf=-1: peers:[0d9d6b7b-744f-4f5a-b215-8082335ad77a|10.1.0.16:15424, 71d6d3a4-9c29-4ff8-bafc-b8f4ae2641d6|10.1.0.16:15442, 92bfa79f-b082-4a9b-a2b8-9a2f5047304a|10.1.0.16:15433]|listeners:[], old=null
2024-01-08 22:37:40,258 [grpc-default-executor-0] INFO  server.RaftServer$Division (RaftServerImpl.java:requestVote(1377)) - 0d9d6b7b-744f-4f5a-b215-8082335ad77a@group-0FC28122E465: receive requestVote(PRE_VOTE, 71d6d3a4-9c29-4ff8-bafc-b8f4ae2641d6, group-0FC28122E465, 0, (t:0, i:0))
2024-01-08 22:37:40,258 [71d6d3a4-9c29-4ff8-bafc-b8f4ae2641d6@group-0FC28122E465-LeaderElection69] INFO  impl.LeaderElection (LeaderElection.java:logAndReturn(89)) - 71d6d3a4-9c29-4ff8-bafc-b8f4ae2641d6@group-0FC28122E465-LeaderElection69: PRE_VOTE REJECTED received 1 response(s) and 0 exception(s):
2024-01-08 22:37:40,258 [grpc-default-executor-0] INFO  impl.VoteContext (VoteContext.java:log(49)) - 0d9d6b7b-744f-4f5a-b215-8082335ad77a@group-0FC28122E465-FOLLOWER: accept PRE_VOTE from 71d6d3a4-9c29-4ff8-bafc-b8f4ae2641d6: our priority 0 <= candidate's priority 0
2024-01-08 22:37:40,258 [71d6d3a4-9c29-4ff8-bafc-b8f4ae2641d6@group-0FC28122E465-LeaderElection69] INFO  impl.LeaderElection (LeaderElection.java:logAndReturn(93)) -   Response 0: 71d6d3a4-9c29-4ff8-bafc-b8f4ae2641d6<-92bfa79f-b082-4a9b-a2b8-9a2f5047304a#0:FAIL-t0
2024-01-08 22:37:40,258 [grpc-default-executor-0] INFO  server.RaftServer$Division (RaftServerImpl.java:requestVote(1410)) - 0d9d6b7b-744f-4f5a-b215-8082335ad77a@group-0FC28122E465 replies to PRE_VOTE vote request: 71d6d3a4-9c29-4ff8-bafc-b8f4ae2641d6<-0d9d6b7b-744f-4f5a-b215-8082335ad77a#0:OK-t0. Peer's state: 0d9d6b7b-744f-4f5a-b215-8082335ad77a@group-0FC28122E465:t0, leader=null, voted=, raftlog=Memoized:0d9d6b7b-744f-4f5a-b215-8082335ad77a@group-0FC28122E465-SegmentedRaftLog:OPENED:c-1, conf=-1: peers:[0d9d6b7b-744f-4f5a-b215-8082335ad77a|10.1.0.16:15424, 71d6d3a4-9c29-4ff8-bafc-b8f4ae2641d6|10.1.0.16:15442, 92bfa79f-b082-4a9b-a2b8-9a2f5047304a|10.1.0.16:15433]|listeners:[], old=null
2024-01-08 22:37:40,258 [71d6d3a4-9c29-4ff8-bafc-b8f4ae2641d6@group-0FC28122E465-LeaderElection69] INFO  impl.LeaderElection (LeaderElection.java:askForVotes(325)) - 71d6d3a4-9c29-4ff8-bafc-b8f4ae2641d6@group-0FC28122E465-LeaderElection69 PRE_VOTE round 0: result REJECTED
2024-01-08 22:37:40,258 [71d6d3a4-9c29-4ff8-bafc-b8f4ae2641d6@group-0FC28122E465-LeaderElection69] INFO  server.RaftServer$Division (RaftServerImpl.java:setRole(379)) - 71d6d3a4-9c29-4ff8-bafc-b8f4ae2641d6@group-0FC28122E465: changes role from CANDIDATE to FOLLOWER at term 0 for REJECTED
2024-01-08 22:37:40,258 [71d6d3a4-9c29-4ff8-bafc-b8f4ae2641d6@group-0FC28122E465-LeaderElection69] INFO  impl.RoleInfo (RoleInfo.java:shutdownLeaderElection(130)) - 71d6d3a4-9c29-4ff8-bafc-b8f4ae2641d6: shutdown 71d6d3a4-9c29-4ff8-bafc-b8f4ae2641d6@group-0FC28122E465-LeaderElection69
2024-01-08 22:37:40,258 [71d6d3a4-9c29-4ff8-bafc-b8f4ae2641d6@group-0FC28122E465-LeaderElection69] INFO  impl.RoleInfo (RoleInfo.java:updateAndGet(139)) - 71d6d3a4-9c29-4ff8-bafc-b8f4ae2641d6: start 71d6d3a4-9c29-4ff8-bafc-b8f4ae2641d6@group-0FC28122E465-FollowerState
2024-01-08 22:37:40,258 [71d6d3a4-9c29-4ff8-bafc-b8f4ae2641d6@group-0FC28122E465-LeaderElection69] INFO  server.RaftServer$Division (RaftServerImpl.java:setFirstElection(564)) - 71d6d3a4-9c29-4ff8-bafc-b8f4ae2641d6@group-0FC28122E465: set firstElectionSinceStartup to false for REJECTED
2024-01-08 22:37:40,267 [0d9d6b7b-744f-4f5a-b215-8082335ad77a@group-B1DEB076B92C-FollowerState] INFO  impl.FollowerState (FollowerState.java:run(143)) - 0d9d6b7b-744f-4f5a-b215-8082335ad77a@group-B1DEB076B92C-FollowerState: change to CANDIDATE, lastRpcElapsedTime:5078547258ns, electionTimeout:5078ms
2024-01-08 22:37:40,267 [0d9d6b7b-744f-4f5a-b215-8082335ad77a@group-B1DEB076B92C-FollowerState] INFO  impl.RoleInfo (RoleInfo.java:shutdownFollowerState(110)) - 0d9d6b7b-744f-4f5a-b215-8082335ad77a: shutdown 0d9d6b7b-744f-4f5a-b215-8082335ad77a@group-B1DEB076B92C-FollowerState
2024-01-08 22:37:40,267 [0d9d6b7b-744f-4f5a-b215-8082335ad77a@group-B1DEB076B92C-FollowerState] INFO  server.RaftServer$Division (RaftServerImpl.java:setRole(379)) - 0d9d6b7b-744f-4f5a-b215-8082335ad77a@group-B1DEB076B92C: changes role from  FOLLOWER to CANDIDATE at term 0 for changeToCandidate
2024-01-08 22:37:40,267 [0d9d6b7b-744f-4f5a-b215-8082335ad77a@group-B1DEB076B92C-FollowerState] INFO  server.RaftServerConfigKeys (ConfUtils.java:logGet(46)) - raft.server.leaderelection.pre-vote = true (default)
2024-01-08 22:37:40,267 [0d9d6b7b-744f-4f5a-b215-8082335ad77a@group-B1DEB076B92C-FollowerState] INFO  impl.RoleInfo (RoleInfo.java:updateAndGet(139)) - 0d9d6b7b-744f-4f5a-b215-8082335ad77a: start 0d9d6b7b-744f-4f5a-b215-8082335ad77a@group-B1DEB076B92C-LeaderElection70
2024-01-08 22:37:40,269 [0d9d6b7b-744f-4f5a-b215-8082335ad77a@group-B1DEB076B92C-LeaderElection70] INFO  impl.LeaderElection (LeaderElection.java:askForVotes(323)) - 0d9d6b7b-744f-4f5a-b215-8082335ad77a@group-B1DEB076B92C-LeaderElection70 PRE_VOTE round 0: submit vote requests at term 0 for -1: peers:[0d9d6b7b-744f-4f5a-b215-8082335ad77a|10.1.0.16:15424]|listeners:[], old=null
2024-01-08 22:37:40,269 [0d9d6b7b-744f-4f5a-b215-8082335ad77a@group-B1DEB076B92C-LeaderElection70] INFO  impl.LeaderElection (LeaderElection.java:askForVotes(325)) - 0d9d6b7b-744f-4f5a-b215-8082335ad77a@group-B1DEB076B92C-LeaderElection70 PRE_VOTE round 0: result PASSED (term=0)
2024-01-08 22:37:40,270 [0d9d6b7b-744f-4f5a-b215-8082335ad77a@group-B1DEB076B92C-LeaderElection70] INFO  impl.LeaderElection (LeaderElection.java:askForVotes(323)) - 0d9d6b7b-744f-4f5a-b215-8082335ad77a@group-B1DEB076B92C-LeaderElection70 ELECTION round 0: submit vote requests at term 1 for -1: peers:[0d9d6b7b-744f-4f5a-b215-8082335ad77a|10.1.0.16:15424]|listeners:[], old=null
2024-01-08 22:37:40,270 [0d9d6b7b-744f-4f5a-b215-8082335ad77a@group-B1DEB076B92C-LeaderElection70] INFO  impl.LeaderElection (LeaderElection.java:askForVotes(325)) - 0d9d6b7b-744f-4f5a-b215-8082335ad77a@group-B1DEB076B92C-LeaderElection70 ELECTION round 0: result PASSED (term=1)
2024-01-08 22:37:40,270 [0d9d6b7b-744f-4f5a-b215-8082335ad77a@group-B1DEB076B92C-LeaderElection70] INFO  impl.RoleInfo (RoleInfo.java:shutdownLeaderElection(130)) - 0d9d6b7b-744f-4f5a-b215-8082335ad77a: shutdown 0d9d6b7b-744f-4f5a-b215-8082335ad77a@group-B1DEB076B92C-LeaderElection70
2024-01-08 22:37:40,270 [0d9d6b7b-744f-4f5a-b215-8082335ad77a@group-B1DEB076B92C-LeaderElection70] INFO  server.RaftServer$Division (RaftServerImpl.java:setRole(379)) - 0d9d6b7b-744f-4f5a-b215-8082335ad77a@group-B1DEB076B92C: changes role from CANDIDATE to LEADER at term 1 for changeToLeader
2024-01-08 22:37:40,270 [0d9d6b7b-744f-4f5a-b215-8082335ad77a@group-B1DEB076B92C-LeaderElection70] INFO  server.RaftServerConfigKeys (ConfUtils.java:logGet(46)) - raft.server.staging.catchup.gap = 1000 (default)
2024-01-08 22:37:40,270 [0d9d6b7b-744f-4f5a-b215-8082335ad77a@group-B1DEB076B92C-LeaderElection70] INFO  server.RaftServerConfigKeys (ConfUtils.java:logGet(46)) - raft.server.write.element-limit = 1024 (custom)
2024-01-08 22:37:40,270 [0d9d6b7b-744f-4f5a-b215-8082335ad77a@group-B1DEB076B92C-LeaderElection70] INFO  server.RaftServerConfigKeys (ConfUtils.java:logGet(46)) - raft.server.write.byte-limit = 1024 M (=1073741824) (custom)
2024-01-08 22:37:40,270 [0d9d6b7b-744f-4f5a-b215-8082335ad77a@group-B1DEB076B92C-LeaderElection70] INFO  server.RaftServerConfigKeys (ConfUtils.java:logGet(46)) - raft.server.watch.timeout = 3000ms (custom)
2024-01-08 22:37:40,270 [0d9d6b7b-744f-4f5a-b215-8082335ad77a@group-B1DEB076B92C-LeaderElection70] INFO  server.RaftServerConfigKeys (ConfUtils.java:logGet(46)) - raft.server.watch.timeout.denomination = 1s (default)
2024-01-08 22:37:40,270 [0d9d6b7b-744f-4f5a-b215-8082335ad77a@group-B1DEB076B92C-LeaderElection70] INFO  server.RaftServerConfigKeys (ConfUtils.java:logGet(46)) - raft.server.watch.element-limit = 65536 (default)
2024-01-08 22:37:40,270 [0d9d6b7b-744f-4f5a-b215-8082335ad77a@group-B1DEB076B92C-LeaderElection70] INFO  server.RaftServerConfigKeys (ConfUtils.java:logGet(46)) - raft.server.read.leader.lease.enabled = false (default)
2024-01-08 22:37:40,270 [0d9d6b7b-744f-4f5a-b215-8082335ad77a@group-B1DEB076B92C-LeaderElection70] INFO  server.RaftServerConfigKeys (ConfUtils.java:logGet(46)) - raft.server.read.leader.lease.timeout.ratio = 0.9 (default)
2024-01-08 22:37:40,270 [0d9d6b7b-744f-4f5a-b215-8082335ad77a@group-B1DEB076B92C-LeaderElection70] INFO  server.RaftServerConfigKeys (ConfUtils.java:logGet(46)) - raft.server.rpc.timeout.min = 5s (custom)
2024-01-08 22:37:40,270 [0d9d6b7b-744f-4f5a-b215-8082335ad77a@group-B1DEB076B92C-LeaderElection70] INFO  server.RaftServerConfigKeys (ConfUtils.java:logGet(46)) - raft.server.write.element-limit = 1024 (custom)
2024-01-08 22:37:40,270 [0d9d6b7b-744f-4f5a-b215-8082335ad77a@group-B1DEB076B92C-LeaderElection70] INFO  server.RaftServerConfigKeys (ConfUtils.java:logGet(46)) - raft.server.write.follower.gap.ratio.max = -1.0 (default)
2024-01-08 22:37:40,270 [0d9d6b7b-744f-4f5a-b215-8082335ad77a@group-B1DEB076B92C-LeaderElection70] INFO  impl.RoleInfo (RoleInfo.java:updateAndGet(139)) - 0d9d6b7b-744f-4f5a-b215-8082335ad77a: start 0d9d6b7b-744f-4f5a-b215-8082335ad77a@group-B1DEB076B92C-LeaderStateImpl
2024-01-08 22:37:40,270 [0d9d6b7b-744f-4f5a-b215-8082335ad77a@group-B1DEB076B92C-LeaderElection70] INFO  server.RaftServer$Division (RaftServerImpl.java:setFirstElection(564)) - 0d9d6b7b-744f-4f5a-b215-8082335ad77a@group-B1DEB076B92C: set firstElectionSinceStartup to false for becomeLeader
2024-01-08 22:37:40,270 [0d9d6b7b-744f-4f5a-b215-8082335ad77a@group-B1DEB076B92C-LeaderElection70] INFO  ratis.XceiverServerRatis (XceiverServerRatis.java:handleLeaderChangedNotification(945)) - Leader change notification received for group: group-B1DEB076B92C with new leaderId: 0d9d6b7b-744f-4f5a-b215-8082335ad77a
2024-01-08 22:37:40,271 [0d9d6b7b-744f-4f5a-b215-8082335ad77a@group-B1DEB076B92C-LeaderElection70] INFO  server.RaftServer$Division (ServerState.java:setLeader(265)) - 0d9d6b7b-744f-4f5a-b215-8082335ad77a@group-B1DEB076B92C: change Leader from null to 0d9d6b7b-744f-4f5a-b215-8082335ad77a at term 1 for becomeLeader, leader elected after 5091ms
2024-01-08 22:37:40,271 [0d9d6b7b-744f-4f5a-b215-8082335ad77a@group-B1DEB076B92C-LeaderElection70] INFO  segmented.SegmentedRaftLogWorker (SegmentedRaftLogWorker.java:startLogSegment(428)) - 0d9d6b7b-744f-4f5a-b215-8082335ad77a@group-B1DEB076B92C-SegmentedRaftLogWorker: Starting segment from index:0
2024-01-08 22:37:40,273 [0d9d6b7b-744f-4f5a-b215-8082335ad77a@group-B1DEB076B92C-LeaderElection70] INFO  server.RaftServer$Division (ServerState.java:setRaftConf(382)) - 0d9d6b7b-744f-4f5a-b215-8082335ad77a@group-B1DEB076B92C: set configuration 0: peers:[0d9d6b7b-744f-4f5a-b215-8082335ad77a|10.1.0.16:15424]|listeners:[], old=null
2024-01-08 22:37:40,276 [92bfa79f-b082-4a9b-a2b8-9a2f5047304a@group-0FC28122E465-FollowerState] INFO  impl.FollowerState (FollowerState.java:run(143)) - 92bfa79f-b082-4a9b-a2b8-9a2f5047304a@group-0FC28122E465-FollowerState: change to CANDIDATE, lastRpcElapsedTime:5035954579ns, electionTimeout:5035ms
2024-01-08 22:37:40,276 [92bfa79f-b082-4a9b-a2b8-9a2f5047304a@group-0FC28122E465-FollowerState] INFO  impl.RoleInfo (RoleInfo.java:shutdownFollowerState(110)) - 92bfa79f-b082-4a9b-a2b8-9a2f5047304a: shutdown 92bfa79f-b082-4a9b-a2b8-9a2f5047304a@group-0FC28122E465-FollowerState
2024-01-08 22:37:40,276 [92bfa79f-b082-4a9b-a2b8-9a2f5047304a@group-0FC28122E465-FollowerState] INFO  server.RaftServer$Division (RaftServerImpl.java:setRole(379)) - 92bfa79f-b082-4a9b-a2b8-9a2f5047304a@group-0FC28122E465: changes role from  FOLLOWER to CANDIDATE at term 0 for changeToCandidate
2024-01-08 22:37:40,277 [92bfa79f-b082-4a9b-a2b8-9a2f5047304a@group-0FC28122E465-FollowerState] INFO  server.RaftServerConfigKeys (ConfUtils.java:logGet(46)) - raft.server.leaderelection.pre-vote = true (default)
2024-01-08 22:37:40,277 [92bfa79f-b082-4a9b-a2b8-9a2f5047304a@group-0FC28122E465-FollowerState] INFO  impl.RoleInfo (RoleInfo.java:updateAndGet(139)) - 92bfa79f-b082-4a9b-a2b8-9a2f5047304a: start 92bfa79f-b082-4a9b-a2b8-9a2f5047304a@group-0FC28122E465-LeaderElection71
2024-01-08 22:37:40,277 [92bfa79f-b082-4a9b-a2b8-9a2f5047304a@group-0FC28122E465-LeaderElection71] INFO  impl.LeaderElection (LeaderElection.java:askForVotes(323)) - 92bfa79f-b082-4a9b-a2b8-9a2f5047304a@group-0FC28122E465-LeaderElection71 PRE_VOTE round 0: submit vote requests at term 0 for -1: peers:[0d9d6b7b-744f-4f5a-b215-8082335ad77a|10.1.0.16:15424, 71d6d3a4-9c29-4ff8-bafc-b8f4ae2641d6|10.1.0.16:15442, 92bfa79f-b082-4a9b-a2b8-9a2f5047304a|10.1.0.16:15433]|listeners:[], old=null
2024-01-08 22:37:40,277 [92bfa79f-b082-4a9b-a2b8-9a2f5047304a@group-0FC28122E465-LeaderElection71-1] INFO  server.GrpcServerProtocolClient (GrpcServerProtocolClient.java:<init>(65)) - Build channel for 0d9d6b7b-744f-4f5a-b215-8082335ad77a
2024-01-08 22:37:40,277 [92bfa79f-b082-4a9b-a2b8-9a2f5047304a@group-0FC28122E465-LeaderElection71] INFO  server.RaftServerConfigKeys (ConfUtils.java:logFallback(53)) - raft.server.rpc.first-election.timeout.min = 5s (fallback to raft.server.rpc.timeout.min)
2024-01-08 22:37:40,278 [92bfa79f-b082-4a9b-a2b8-9a2f5047304a@group-0FC28122E465-LeaderElection71-2] INFO  server.GrpcServerProtocolClient (GrpcServerProtocolClient.java:<init>(65)) - Build channel for 71d6d3a4-9c29-4ff8-bafc-b8f4ae2641d6
2024-01-08 22:37:40,278 [92bfa79f-b082-4a9b-a2b8-9a2f5047304a@group-0FC28122E465-LeaderElection71] INFO  server.RaftServerConfigKeys (ConfUtils.java:logFallback(53)) - raft.server.rpc.first-election.timeout.max = 5200ms (fallback to raft.server.rpc.timeout.max)
2024-01-08 22:37:40,278 [0d9d6b7b-744f-4f5a-b215-8082335ad77a@group-B1DEB076B92C-SegmentedRaftLogWorker] INFO  segmented.SegmentedRaftLogWorker (SegmentedRaftLogWorker.java:execute(632)) - 0d9d6b7b-744f-4f5a-b215-8082335ad77a@group-B1DEB076B92C-SegmentedRaftLogWorker: created new log segment /home/runner/work/ozone/ozone/hadoop-ozone/integration-test/target/test-dir/MiniOzoneClusterImpl-c2c64c26-053e-4d1e-83e3-051e2bfa4916/datanode-6/data/ratis/d44fdb9f-f608-4ce6-9b08-b1deb076b92c/current/log_inprogress_0
2024-01-08 22:37:40,279 [0d9d6b7b-744f-4f5a-b215-8082335ad77a@group-B1DEB076B92C-StateMachineUpdater] INFO  server.RaftServer$Division (LeaderStateImpl.java:isApplied(316)) - leader is ready since appliedIndex == 0 >= startIndex == 0
2024-01-08 22:37:40,281 [grpc-default-executor-0] INFO  server.RaftServer$Division (RaftServerImpl.java:requestVote(1377)) - 71d6d3a4-9c29-4ff8-bafc-b8f4ae2641d6@group-0FC28122E465: receive requestVote(PRE_VOTE, 92bfa79f-b082-4a9b-a2b8-9a2f5047304a, group-0FC28122E465, 0, (t:0, i:0))
2024-01-08 22:37:40,281 [grpc-default-executor-0] INFO  impl.VoteContext (VoteContext.java:log(49)) - 71d6d3a4-9c29-4ff8-bafc-b8f4ae2641d6@group-0FC28122E465-FOLLOWER: accept PRE_VOTE from 92bfa79f-b082-4a9b-a2b8-9a2f5047304a: our priority 0 <= candidate's priority 1
2024-01-08 22:37:40,281 [grpc-default-executor-0] INFO  server.RaftServer$Division (RaftServerImpl.java:requestVote(1410)) - 71d6d3a4-9c29-4ff8-bafc-b8f4ae2641d6@group-0FC28122E465 replies to PRE_VOTE vote request: 92bfa79f-b082-4a9b-a2b8-9a2f5047304a<-71d6d3a4-9c29-4ff8-bafc-b8f4ae2641d6#0:OK-t0. Peer's state: 71d6d3a4-9c29-4ff8-bafc-b8f4ae2641d6@group-0FC28122E465:t0, leader=null, voted=, raftlog=Memoized:71d6d3a4-9c29-4ff8-bafc-b8f4ae2641d6@group-0FC28122E465-SegmentedRaftLog:OPENED:c-1, conf=-1: peers:[0d9d6b7b-744f-4f5a-b215-8082335ad77a|10.1.0.16:15424, 71d6d3a4-9c29-4ff8-bafc-b8f4ae2641d6|10.1.0.16:15442, 92bfa79f-b082-4a9b-a2b8-9a2f5047304a|10.1.0.16:15433]|listeners:[], old=null
2024-01-08 22:37:40,284 [0d9d6b7b-744f-4f5a-b215-8082335ad77a@group-0FC28122E465-FollowerState] INFO  server.RaftServerConfigKeys (ConfUtils.java:logFallback(53)) - raft.server.rpc.first-election.timeout.min = 5s (fallback to raft.server.rpc.timeout.min)
2024-01-08 22:37:40,284 [0d9d6b7b-744f-4f5a-b215-8082335ad77a@group-0FC28122E465-FollowerState] INFO  server.RaftServerConfigKeys (ConfUtils.java:logFallback(53)) - raft.server.rpc.first-election.timeout.max = 5200ms (fallback to raft.server.rpc.timeout.max)
2024-01-08 22:37:40,285 [92bfa79f-b082-4a9b-a2b8-9a2f5047304a@group-0FC28122E465-LeaderElection71] INFO  impl.LeaderElection (LeaderElection.java:logAndReturn(89)) - 92bfa79f-b082-4a9b-a2b8-9a2f5047304a@group-0FC28122E465-LeaderElection71: PRE_VOTE PASSED received 1 response(s) and 0 exception(s):
2024-01-08 22:37:40,285 [92bfa79f-b082-4a9b-a2b8-9a2f5047304a@group-0FC28122E465-LeaderElection71] INFO  impl.LeaderElection (LeaderElection.java:logAndReturn(93)) -   Response 0: 92bfa79f-b082-4a9b-a2b8-9a2f5047304a<-71d6d3a4-9c29-4ff8-bafc-b8f4ae2641d6#0:OK-t0
2024-01-08 22:37:40,285 [92bfa79f-b082-4a9b-a2b8-9a2f5047304a@group-0FC28122E465-LeaderElection71] INFO  impl.LeaderElection (LeaderElection.java:askForVotes(325)) - 92bfa79f-b082-4a9b-a2b8-9a2f5047304a@group-0FC28122E465-LeaderElection71 PRE_VOTE round 0: result PASSED
2024-01-08 22:37:40,286 [grpc-default-executor-0] INFO  server.RaftServer$Division (RaftServerImpl.java:requestVote(1377)) - 0d9d6b7b-744f-4f5a-b215-8082335ad77a@group-0FC28122E465: receive requestVote(PRE_VOTE, 92bfa79f-b082-4a9b-a2b8-9a2f5047304a, group-0FC28122E465, 0, (t:0, i:0))
2024-01-08 22:37:40,286 [grpc-default-executor-0] INFO  impl.VoteContext (VoteContext.java:log(49)) - 0d9d6b7b-744f-4f5a-b215-8082335ad77a@group-0FC28122E465-FOLLOWER: accept PRE_VOTE from 92bfa79f-b082-4a9b-a2b8-9a2f5047304a: our priority 0 <= candidate's priority 1
2024-01-08 22:37:40,286 [grpc-default-executor-0] INFO  server.RaftServer$Division (RaftServerImpl.java:requestVote(1410)) - 0d9d6b7b-744f-4f5a-b215-8082335ad77a@group-0FC28122E465 replies to PRE_VOTE vote request: 92bfa79f-b082-4a9b-a2b8-9a2f5047304a<-0d9d6b7b-744f-4f5a-b215-8082335ad77a#0:OK-t0. Peer's state: 0d9d6b7b-744f-4f5a-b215-8082335ad77a@group-0FC28122E465:t0, leader=null, voted=, raftlog=Memoized:0d9d6b7b-744f-4f5a-b215-8082335ad77a@group-0FC28122E465-SegmentedRaftLog:OPENED:c-1, conf=-1: peers:[0d9d6b7b-744f-4f5a-b215-8082335ad77a|10.1.0.16:15424, 71d6d3a4-9c29-4ff8-bafc-b8f4ae2641d6|10.1.0.16:15442, 92bfa79f-b082-4a9b-a2b8-9a2f5047304a|10.1.0.16:15433]|listeners:[], old=null
2024-01-08 22:37:40,287 [92bfa79f-b082-4a9b-a2b8-9a2f5047304a@group-0FC28122E465-LeaderElection71] INFO  impl.LeaderElection (LeaderElection.java:askForVotes(323)) - 92bfa79f-b082-4a9b-a2b8-9a2f5047304a@group-0FC28122E465-LeaderElection71 ELECTION round 0: submit vote requests at term 1 for -1: peers:[0d9d6b7b-744f-4f5a-b215-8082335ad77a|10.1.0.16:15424, 71d6d3a4-9c29-4ff8-bafc-b8f4ae2641d6|10.1.0.16:15442, 92bfa79f-b082-4a9b-a2b8-9a2f5047304a|10.1.0.16:15433]|listeners:[], old=null
2024-01-08 22:37:40,287 [92bfa79f-b082-4a9b-a2b8-9a2f5047304a@group-0FC28122E465-LeaderElection71] INFO  server.RaftServerConfigKeys (ConfUtils.java:logFallback(53)) - raft.server.rpc.first-election.timeout.min = 5s (fallback to raft.server.rpc.timeout.min)
2024-01-08 22:37:40,287 [92bfa79f-b082-4a9b-a2b8-9a2f5047304a@group-0FC28122E465-LeaderElection71] INFO  server.RaftServerConfigKeys (ConfUtils.java:logFallback(53)) - raft.server.rpc.first-election.timeout.max = 5200ms (fallback to raft.server.rpc.timeout.max)
2024-01-08 22:37:40,288 [grpc-default-executor-5] INFO  server.RaftServer$Division (RaftServerImpl.java:requestVote(1377)) - 0d9d6b7b-744f-4f5a-b215-8082335ad77a@group-0FC28122E465: receive requestVote(ELECTION, 92bfa79f-b082-4a9b-a2b8-9a2f5047304a, group-0FC28122E465, 1, (t:0, i:0))
2024-01-08 22:37:40,288 [grpc-default-executor-0] INFO  server.RaftServer$Division (RaftServerImpl.java:requestVote(1377)) - 71d6d3a4-9c29-4ff8-bafc-b8f4ae2641d6@group-0FC28122E465: receive requestVote(ELECTION, 92bfa79f-b082-4a9b-a2b8-9a2f5047304a, group-0FC28122E465, 1, (t:0, i:0))
2024-01-08 22:37:40,288 [grpc-default-executor-5] INFO  impl.VoteContext (VoteContext.java:log(49)) - 0d9d6b7b-744f-4f5a-b215-8082335ad77a@group-0FC28122E465-FOLLOWER: accept ELECTION from 92bfa79f-b082-4a9b-a2b8-9a2f5047304a: our priority 0 <= candidate's priority 1
2024-01-08 22:37:40,288 [grpc-default-executor-0] INFO  impl.VoteContext (VoteContext.java:log(49)) - 71d6d3a4-9c29-4ff8-bafc-b8f4ae2641d6@group-0FC28122E465-FOLLOWER: accept ELECTION from 92bfa79f-b082-4a9b-a2b8-9a2f5047304a: our priority 0 <= candidate's priority 1
2024-01-08 22:37:40,288 [grpc-default-executor-0] INFO  server.RaftServer$Division (RaftServerImpl.java:setRole(379)) - 71d6d3a4-9c29-4ff8-bafc-b8f4ae2641d6@group-0FC28122E465: changes role from  FOLLOWER to FOLLOWER at term 1 for candidate:92bfa79f-b082-4a9b-a2b8-9a2f5047304a
2024-01-08 22:37:40,288 [grpc-default-executor-0] INFO  impl.RoleInfo (RoleInfo.java:shutdownFollowerState(110)) - 71d6d3a4-9c29-4ff8-bafc-b8f4ae2641d6: shutdown 71d6d3a4-9c29-4ff8-bafc-b8f4ae2641d6@group-0FC28122E465-FollowerState
2024-01-08 22:37:40,288 [grpc-default-executor-5] INFO  server.RaftServer$Division (RaftServerImpl.java:setRole(379)) - 0d9d6b7b-744f-4f5a-b215-8082335ad77a@group-0FC28122E465: changes role from  FOLLOWER to FOLLOWER at term 1 for candidate:92bfa79f-b082-4a9b-a2b8-9a2f5047304a
2024-01-08 22:37:40,288 [grpc-default-executor-5] INFO  impl.RoleInfo (RoleInfo.java:shutdownFollowerState(110)) - 0d9d6b7b-744f-4f5a-b215-8082335ad77a: shutdown 0d9d6b7b-744f-4f5a-b215-8082335ad77a@group-0FC28122E465-FollowerState
2024-01-08 22:37:40,288 [grpc-default-executor-0] INFO  impl.RoleInfo (RoleInfo.java:updateAndGet(139)) - 71d6d3a4-9c29-4ff8-bafc-b8f4ae2641d6: start 71d6d3a4-9c29-4ff8-bafc-b8f4ae2641d6@group-0FC28122E465-FollowerState
2024-01-08 22:37:40,288 [0d9d6b7b-744f-4f5a-b215-8082335ad77a@group-0FC28122E465-FollowerState] INFO  impl.FollowerState (FollowerState.java:run(152)) - 0d9d6b7b-744f-4f5a-b215-8082335ad77a@group-0FC28122E465-FollowerState was interrupted
2024-01-08 22:37:40,288 [71d6d3a4-9c29-4ff8-bafc-b8f4ae2641d6@group-0FC28122E465-FollowerState] INFO  impl.FollowerState (FollowerState.java:run(152)) - 71d6d3a4-9c29-4ff8-bafc-b8f4ae2641d6@group-0FC28122E465-FollowerState was interrupted
2024-01-08 22:37:40,288 [grpc-default-executor-5] INFO  impl.RoleInfo (RoleInfo.java:updateAndGet(139)) - 0d9d6b7b-744f-4f5a-b215-8082335ad77a: start 0d9d6b7b-744f-4f5a-b215-8082335ad77a@group-0FC28122E465-FollowerState
2024-01-08 22:37:40,290 [grpc-default-executor-5] INFO  server.RaftServer$Division (RaftServerImpl.java:setFirstElection(564)) - 0d9d6b7b-744f-4f5a-b215-8082335ad77a@group-0FC28122E465: set firstElectionSinceStartup to false for candidate:92bfa79f-b082-4a9b-a2b8-9a2f5047304a
2024-01-08 22:37:40,290 [grpc-default-executor-0] INFO  server.RaftServer$Division (RaftServerImpl.java:requestVote(1410)) - 71d6d3a4-9c29-4ff8-bafc-b8f4ae2641d6@group-0FC28122E465 replies to ELECTION vote request: 92bfa79f-b082-4a9b-a2b8-9a2f5047304a<-71d6d3a4-9c29-4ff8-bafc-b8f4ae2641d6#0:OK-t1. Peer's state: 71d6d3a4-9c29-4ff8-bafc-b8f4ae2641d6@group-0FC28122E465:t1, leader=null, voted=92bfa79f-b082-4a9b-a2b8-9a2f5047304a, raftlog=Memoized:71d6d3a4-9c29-4ff8-bafc-b8f4ae2641d6@group-0FC28122E465-SegmentedRaftLog:OPENED:c-1, conf=-1: peers:[0d9d6b7b-744f-4f5a-b215-8082335ad77a|10.1.0.16:15424, 71d6d3a4-9c29-4ff8-bafc-b8f4ae2641d6|10.1.0.16:15442, 92bfa79f-b082-4a9b-a2b8-9a2f5047304a|10.1.0.16:15433]|listeners:[], old=null
2024-01-08 22:37:40,291 [grpc-default-executor-5] INFO  server.RaftServer$Division (RaftServerImpl.java:requestVote(1410)) - 0d9d6b7b-744f-4f5a-b215-8082335ad77a@group-0FC28122E465 replies to ELECTION vote request: 92bfa79f-b082-4a9b-a2b8-9a2f5047304a<-0d9d6b7b-744f-4f5a-b215-8082335ad77a#0:OK-t1. Peer's state: 0d9d6b7b-744f-4f5a-b215-8082335ad77a@group-0FC28122E465:t1, leader=null, voted=92bfa79f-b082-4a9b-a2b8-9a2f5047304a, raftlog=Memoized:0d9d6b7b-744f-4f5a-b215-8082335ad77a@group-0FC28122E465-SegmentedRaftLog:OPENED:c-1, conf=-1: peers:[0d9d6b7b-744f-4f5a-b215-8082335ad77a|10.1.0.16:15424, 71d6d3a4-9c29-4ff8-bafc-b8f4ae2641d6|10.1.0.16:15442, 92bfa79f-b082-4a9b-a2b8-9a2f5047304a|10.1.0.16:15433]|listeners:[], old=null
2024-01-08 22:37:40,291 [92bfa79f-b082-4a9b-a2b8-9a2f5047304a@group-0FC28122E465-LeaderElection71] INFO  impl.LeaderElection (LeaderElection.java:logAndReturn(89)) - 92bfa79f-b082-4a9b-a2b8-9a2f5047304a@group-0FC28122E465-LeaderElection71: ELECTION PASSED received 1 response(s) and 0 exception(s):
2024-01-08 22:37:40,291 [92bfa79f-b082-4a9b-a2b8-9a2f5047304a@group-0FC28122E465-LeaderElection71] INFO  impl.LeaderElection (LeaderElection.java:logAndReturn(93)) -   Response 0: 92bfa79f-b082-4a9b-a2b8-9a2f5047304a<-0d9d6b7b-744f-4f5a-b215-8082335ad77a#0:OK-t1
2024-01-08 22:37:40,291 [92bfa79f-b082-4a9b-a2b8-9a2f5047304a@group-0FC28122E465-LeaderElection71] INFO  impl.LeaderElection (LeaderElection.java:askForVotes(325)) - 92bfa79f-b082-4a9b-a2b8-9a2f5047304a@group-0FC28122E465-LeaderElection71 ELECTION round 0: result PASSED
2024-01-08 22:37:40,291 [92bfa79f-b082-4a9b-a2b8-9a2f5047304a@group-0FC28122E465-LeaderElection71] INFO  impl.RoleInfo (RoleInfo.java:shutdownLeaderElection(130)) - 92bfa79f-b082-4a9b-a2b8-9a2f5047304a: shutdown 92bfa79f-b082-4a9b-a2b8-9a2f5047304a@group-0FC28122E465-LeaderElection71
2024-01-08 22:37:40,291 [92bfa79f-b082-4a9b-a2b8-9a2f5047304a@group-0FC28122E465-LeaderElection71] INFO  server.RaftServer$Division (RaftServerImpl.java:setRole(379)) - 92bfa79f-b082-4a9b-a2b8-9a2f5047304a@group-0FC28122E465: changes role from CANDIDATE to LEADER at term 1 for changeToLeader
2024-01-08 22:37:40,291 [92bfa79f-b082-4a9b-a2b8-9a2f5047304a@group-0FC28122E465-LeaderElection71] INFO  server.RaftServerConfigKeys (ConfUtils.java:logGet(46)) - raft.server.staging.catchup.gap = 1000 (default)
2024-01-08 22:37:40,291 [92bfa79f-b082-4a9b-a2b8-9a2f5047304a@group-0FC28122E465-LeaderElection71] INFO  server.RaftServerConfigKeys (ConfUtils.java:logGet(46)) - raft.server.write.element-limit = 1024 (custom)
2024-01-08 22:37:40,291 [92bfa79f-b082-4a9b-a2b8-9a2f5047304a@group-0FC28122E465-LeaderElection71] INFO  server.RaftServerConfigKeys (ConfUtils.java:logGet(46)) - raft.server.write.byte-limit = 1024 M (=1073741824) (custom)
2024-01-08 22:37:40,292 [92bfa79f-b082-4a9b-a2b8-9a2f5047304a@group-0FC28122E465-LeaderElection71] INFO  server.RaftServerConfigKeys (ConfUtils.java:logGet(46)) - raft.server.watch.timeout = 3000ms (custom)
2024-01-08 22:37:40,292 [92bfa79f-b082-4a9b-a2b8-9a2f5047304a@group-0FC28122E465-LeaderElection71] INFO  server.RaftServerConfigKeys (ConfUtils.java:logGet(46)) - raft.server.watch.timeout.denomination = 1s (default)
2024-01-08 22:37:40,292 [92bfa79f-b082-4a9b-a2b8-9a2f5047304a@group-0FC28122E465-LeaderElection71] INFO  server.RaftServerConfigKeys (ConfUtils.java:logGet(46)) - raft.server.watch.element-limit = 65536 (default)
2024-01-08 22:37:40,292 [92bfa79f-b082-4a9b-a2b8-9a2f5047304a@group-0FC28122E465-LeaderElection71] INFO  server.RaftServerConfigKeys (ConfUtils.java:logGet(46)) - raft.server.read.leader.lease.enabled = false (default)
2024-01-08 22:37:40,292 [92bfa79f-b082-4a9b-a2b8-9a2f5047304a@group-0FC28122E465-LeaderElection71] INFO  server.RaftServerConfigKeys (ConfUtils.java:logGet(46)) - raft.server.read.leader.lease.timeout.ratio = 0.9 (default)
2024-01-08 22:37:40,292 [92bfa79f-b082-4a9b-a2b8-9a2f5047304a@group-0FC28122E465-LeaderElection71] INFO  server.RaftServerConfigKeys (ConfUtils.java:logGet(46)) - raft.server.rpc.timeout.min = 5s (custom)
2024-01-08 22:37:40,292 [92bfa79f-b082-4a9b-a2b8-9a2f5047304a@group-0FC28122E465-LeaderElection71] INFO  server.RaftServerConfigKeys (ConfUtils.java:logGet(46)) - raft.server.write.element-limit = 1024 (custom)
2024-01-08 22:37:40,292 [92bfa79f-b082-4a9b-a2b8-9a2f5047304a@group-0FC28122E465-LeaderElection71] INFO  server.RaftServerConfigKeys (ConfUtils.java:logGet(46)) - raft.server.write.follower.gap.ratio.max = -1.0 (default)
2024-01-08 22:37:40,292 [92bfa79f-b082-4a9b-a2b8-9a2f5047304a@group-0FC28122E465-LeaderElection71] INFO  server.RaftServerConfigKeys (ConfUtils.java:logGet(46)) - raft.server.log.appender.snapshot.chunk.size.max = 16MB (=16777216) (default)
2024-01-08 22:37:40,292 [92bfa79f-b082-4a9b-a2b8-9a2f5047304a@group-0FC28122E465-LeaderElection71] INFO  server.RaftServerConfigKeys (ConfUtils.java:logGet(46)) - raft.server.log.appender.buffer.byte-limit = 8388608 (custom)
2024-01-08 22:37:40,292 [92bfa79f-b082-4a9b-a2b8-9a2f5047304a@group-0FC28122E465-LeaderElection71] INFO  server.RaftServerConfigKeys (ConfUtils.java:logGet(46)) - raft.server.log.appender.buffer.element-limit = 1 (custom)
2024-01-08 22:37:40,293 [92bfa79f-b082-4a9b-a2b8-9a2f5047304a@group-0FC28122E465-LeaderElection71] INFO  server.RaftServerConfigKeys (ConfUtils.java:logGet(46)) - raft.server.log.appender.wait-time.min = 0ms (custom)
2024-01-08 22:37:40,293 [92bfa79f-b082-4a9b-a2b8-9a2f5047304a@group-0FC28122E465-LeaderElection71] INFO  grpc.GrpcConfigKeys (ConfUtils.java:logGet(46)) - raft.grpc.server.leader.outstanding.appends.max = 8 (default)
2024-01-08 22:37:40,293 [92bfa79f-b082-4a9b-a2b8-9a2f5047304a@group-0FC28122E465-LeaderElection71] INFO  server.RaftServerConfigKeys (ConfUtils.java:logGet(46)) - raft.server.rpc.request.timeout = 3000ms (default)
2024-01-08 22:37:40,293 [92bfa79f-b082-4a9b-a2b8-9a2f5047304a@group-0FC28122E465-LeaderElection71] INFO  grpc.GrpcConfigKeys (ConfUtils.java:logGet(46)) - raft.grpc.server.install_snapshot.request.element-limit = 8 (default)
2024-01-08 22:37:40,293 [92bfa79f-b082-4a9b-a2b8-9a2f5047304a@group-0FC28122E465-LeaderElection71] INFO  grpc.GrpcConfigKeys (ConfUtils.java:logGet(46)) - raft.grpc.server.install_snapshot.request.timeout = 3000ms (default)
2024-01-08 22:37:40,293 [92bfa79f-b082-4a9b-a2b8-9a2f5047304a@group-0FC28122E465-LeaderElection71] INFO  server.RaftServerConfigKeys (ConfUtils.java:logGet(46)) - raft.server.log.appender.install.snapshot.enabled = false (custom)
2024-01-08 22:37:40,293 [92bfa79f-b082-4a9b-a2b8-9a2f5047304a@group-0FC28122E465-LeaderElection71] INFO  grpc.GrpcConfigKeys (ConfUtils.java:logGet(46)) - raft.grpc.server.heartbeat.channel = true (default)
2024-01-08 22:37:40,294 [92bfa79f-b082-4a9b-a2b8-9a2f5047304a@group-0FC28122E465-LeaderElection71] INFO  server.RaftServerConfigKeys (ConfUtils.java:logGet(46)) - raft.server.log.appender.snapshot.chunk.size.max = 16MB (=16777216) (default)
2024-01-08 22:37:40,294 [92bfa79f-b082-4a9b-a2b8-9a2f5047304a@group-0FC28122E465-LeaderElection71] INFO  server.RaftServerConfigKeys (ConfUtils.java:logGet(46)) - raft.server.log.appender.buffer.byte-limit = 8388608 (custom)
2024-01-08 22:37:40,294 [92bfa79f-b082-4a9b-a2b8-9a2f5047304a@group-0FC28122E465-LeaderElection71] INFO  server.RaftServerConfigKeys (ConfUtils.java:logGet(46)) - raft.server.log.appender.buffer.element-limit = 1 (custom)
2024-01-08 22:37:40,294 [92bfa79f-b082-4a9b-a2b8-9a2f5047304a@group-0FC28122E465-LeaderElection71] INFO  server.RaftServerConfigKeys (ConfUtils.java:logGet(46)) - raft.server.log.appender.wait-time.min = 0ms (custom)
2024-01-08 22:37:40,294 [92bfa79f-b082-4a9b-a2b8-9a2f5047304a@group-0FC28122E465-LeaderElection71] INFO  grpc.GrpcConfigKeys (ConfUtils.java:logGet(46)) - raft.grpc.server.leader.outstanding.appends.max = 8 (default)
2024-01-08 22:37:40,294 [92bfa79f-b082-4a9b-a2b8-9a2f5047304a@group-0FC28122E465-LeaderElection71] INFO  server.RaftServerConfigKeys (ConfUtils.java:logGet(46)) - raft.server.rpc.request.timeout = 3000ms (default)
2024-01-08 22:37:40,294 [92bfa79f-b082-4a9b-a2b8-9a2f5047304a@group-0FC28122E465-LeaderElection71] INFO  grpc.GrpcConfigKeys (ConfUtils.java:logGet(46)) - raft.grpc.server.install_snapshot.request.element-limit = 8 (default)
2024-01-08 22:37:40,294 [92bfa79f-b082-4a9b-a2b8-9a2f5047304a@group-0FC28122E465-LeaderElection71] INFO  grpc.GrpcConfigKeys (ConfUtils.java:logGet(46)) - raft.grpc.server.install_snapshot.request.timeout = 3000ms (default)
2024-01-08 22:37:40,294 [92bfa79f-b082-4a9b-a2b8-9a2f5047304a@group-0FC28122E465-LeaderElection71] INFO  server.RaftServerConfigKeys (ConfUtils.java:logGet(46)) - raft.server.log.appender.install.snapshot.enabled = false (custom)
2024-01-08 22:37:40,294 [92bfa79f-b082-4a9b-a2b8-9a2f5047304a@group-0FC28122E465-LeaderElection71] INFO  grpc.GrpcConfigKeys (ConfUtils.java:logGet(46)) - raft.grpc.server.heartbeat.channel = true (default)
2024-01-08 22:37:40,294 [92bfa79f-b082-4a9b-a2b8-9a2f5047304a@group-0FC28122E465-LeaderElection71] INFO  impl.RoleInfo (RoleInfo.java:updateAndGet(139)) - 92bfa79f-b082-4a9b-a2b8-9a2f5047304a: start 92bfa79f-b082-4a9b-a2b8-9a2f5047304a@group-0FC28122E465-LeaderStateImpl
2024-01-08 22:37:40,294 [92bfa79f-b082-4a9b-a2b8-9a2f5047304a@group-0FC28122E465-LeaderElection71] INFO  server.RaftServer$Division (RaftServerImpl.java:setFirstElection(564)) - 92bfa79f-b082-4a9b-a2b8-9a2f5047304a@group-0FC28122E465: set firstElectionSinceStartup to false for becomeLeader
2024-01-08 22:37:40,294 [92bfa79f-b082-4a9b-a2b8-9a2f5047304a@group-0FC28122E465-LeaderElection71] INFO  ratis.XceiverServerRatis (XceiverServerRatis.java:handleLeaderChangedNotification(945)) - Leader change notification received for group: group-0FC28122E465 with new leaderId: 92bfa79f-b082-4a9b-a2b8-9a2f5047304a
2024-01-08 22:37:40,295 [92bfa79f-b082-4a9b-a2b8-9a2f5047304a@group-0FC28122E465-LeaderElection71] INFO  server.RaftServer$Division (ServerState.java:setLeader(265)) - 92bfa79f-b082-4a9b-a2b8-9a2f5047304a@group-0FC28122E465: change Leader from null to 92bfa79f-b082-4a9b-a2b8-9a2f5047304a at term 1 for becomeLeader, leader elected after 5063ms
2024-01-08 22:37:40,295 [92bfa79f-b082-4a9b-a2b8-9a2f5047304a@group-0FC28122E465-LeaderElection71] INFO  segmented.SegmentedRaftLogWorker (SegmentedRaftLogWorker.java:startLogSegment(428)) - 92bfa79f-b082-4a9b-a2b8-9a2f5047304a@group-0FC28122E465-SegmentedRaftLogWorker: Starting segment from index:0
2024-01-08 22:37:40,295 [92bfa79f-b082-4a9b-a2b8-9a2f5047304a@group-0FC28122E465-LeaderElection71] INFO  server.RaftServer$Division (ServerState.java:setRaftConf(382)) - 92bfa79f-b082-4a9b-a2b8-9a2f5047304a@group-0FC28122E465: set configuration 0: peers:[0d9d6b7b-744f-4f5a-b215-8082335ad77a|10.1.0.16:15424, 71d6d3a4-9c29-4ff8-bafc-b8f4ae2641d6|10.1.0.16:15442, 92bfa79f-b082-4a9b-a2b8-9a2f5047304a|10.1.0.16:15433]|listeners:[], old=null
2024-01-08 22:37:40,299 [EventQueue-PipelineReportForPipelineReportHandler] INFO  pipeline.PipelineReportHandler (PipelineReportHandler.java:processPipelineReport(136)) - Opened pipeline PipelineID=d9ec8a3d-19b9-494b-964b-0fc28122e465
2024-01-08 22:37:40,301 [92bfa79f-b082-4a9b-a2b8-9a2f5047304a@group-0FC28122E465-SegmentedRaftLogWorker] INFO  segmented.SegmentedRaftLogWorker (SegmentedRaftLogWorker.java:execute(632)) - 92bfa79f-b082-4a9b-a2b8-9a2f5047304a@group-0FC28122E465-SegmentedRaftLogWorker: created new log segment /home/runner/work/ozone/ozone/hadoop-ozone/integration-test/target/test-dir/MiniOzoneClusterImpl-c2c64c26-053e-4d1e-83e3-051e2bfa4916/datanode-7/data/ratis/d9ec8a3d-19b9-494b-964b-0fc28122e465/current/log_inprogress_0
2024-01-08 22:37:40,302 [71d6d3a4-9c29-4ff8-bafc-b8f4ae2641d6-server-thread1] INFO  ratis.XceiverServerRatis (XceiverServerRatis.java:handleLeaderChangedNotification(945)) - Leader change notification received for group: group-0FC28122E465 with new leaderId: 92bfa79f-b082-4a9b-a2b8-9a2f5047304a
2024-01-08 22:37:40,302 [71d6d3a4-9c29-4ff8-bafc-b8f4ae2641d6-server-thread1] INFO  server.RaftServer$Division (ServerState.java:setLeader(265)) - 71d6d3a4-9c29-4ff8-bafc-b8f4ae2641d6@group-0FC28122E465: change Leader from null to 92bfa79f-b082-4a9b-a2b8-9a2f5047304a at term 1 for appendEntries, leader elected after 5094ms
2024-01-08 22:37:40,308 [71d6d3a4-9c29-4ff8-bafc-b8f4ae2641d6-server-thread2] INFO  server.RaftServer$Division (ServerState.java:setRaftConf(382)) - 71d6d3a4-9c29-4ff8-bafc-b8f4ae2641d6@group-0FC28122E465: set configuration 0: peers:[0d9d6b7b-744f-4f5a-b215-8082335ad77a|10.1.0.16:15424, 71d6d3a4-9c29-4ff8-bafc-b8f4ae2641d6|10.1.0.16:15442, 92bfa79f-b082-4a9b-a2b8-9a2f5047304a|10.1.0.16:15433]|listeners:[], old=null
2024-01-08 22:37:40,308 [0d9d6b7b-744f-4f5a-b215-8082335ad77a-server-thread1] INFO  ratis.XceiverServerRatis (XceiverServerRatis.java:handleLeaderChangedNotification(945)) - Leader change notification received for group: group-0FC28122E465 with new leaderId: 92bfa79f-b082-4a9b-a2b8-9a2f5047304a
2024-01-08 22:37:40,308 [71d6d3a4-9c29-4ff8-bafc-b8f4ae2641d6-server-thread2] INFO  segmented.SegmentedRaftLogWorker (SegmentedRaftLogWorker.java:startLogSegment(428)) - 71d6d3a4-9c29-4ff8-bafc-b8f4ae2641d6@group-0FC28122E465-SegmentedRaftLogWorker: Starting segment from index:0
2024-01-08 22:37:40,308 [0d9d6b7b-744f-4f5a-b215-8082335ad77a-server-thread1] INFO  server.RaftServer$Division (ServerState.java:setLeader(265)) - 0d9d6b7b-744f-4f5a-b215-8082335ad77a@group-0FC28122E465: change Leader from null to 92bfa79f-b082-4a9b-a2b8-9a2f5047304a at term 1 for appendEntries, leader elected after 5117ms
2024-01-08 22:37:40,312 [0d9d6b7b-744f-4f5a-b215-8082335ad77a-server-thread2] INFO  server.RaftServer$Division (ServerState.java:setRaftConf(382)) - 0d9d6b7b-744f-4f5a-b215-8082335ad77a@group-0FC28122E465: set configuration 0: peers:[0d9d6b7b-744f-4f5a-b215-8082335ad77a|10.1.0.16:15424, 71d6d3a4-9c29-4ff8-bafc-b8f4ae2641d6|10.1.0.16:15442, 92bfa79f-b082-4a9b-a2b8-9a2f5047304a|10.1.0.16:15433]|listeners:[], old=null
2024-01-08 22:37:40,312 [0d9d6b7b-744f-4f5a-b215-8082335ad77a-server-thread2] INFO  segmented.SegmentedRaftLogWorker (SegmentedRaftLogWorker.java:startLogSegment(428)) - 0d9d6b7b-744f-4f5a-b215-8082335ad77a@group-0FC28122E465-SegmentedRaftLogWorker: Starting segment from index:0
2024-01-08 22:37:40,315 [71d6d3a4-9c29-4ff8-bafc-b8f4ae2641d6@group-0FC28122E465-SegmentedRaftLogWorker] INFO  segmented.SegmentedRaftLogWorker (SegmentedRaftLogWorker.java:execute(632)) - 71d6d3a4-9c29-4ff8-bafc-b8f4ae2641d6@group-0FC28122E465-SegmentedRaftLogWorker: created new log segment /home/runner/work/ozone/ozone/hadoop-ozone/integration-test/target/test-dir/MiniOzoneClusterImpl-c2c64c26-053e-4d1e-83e3-051e2bfa4916/datanode-8/data/ratis/d9ec8a3d-19b9-494b-964b-0fc28122e465/current/log_inprogress_0
2024-01-08 22:37:40,316 [92bfa79f-b082-4a9b-a2b8-9a2f5047304a@group-0FC28122E465-StateMachineUpdater] INFO  server.RaftServer$Division (LeaderStateImpl.java:isApplied(316)) - leader is ready since appliedIndex == 0 >= startIndex == 0
2024-01-08 22:37:40,320 [0d9d6b7b-744f-4f5a-b215-8082335ad77a@group-0FC28122E465-SegmentedRaftLogWorker] INFO  segmented.SegmentedRaftLogWorker (SegmentedRaftLogWorker.java:execute(632)) - 0d9d6b7b-744f-4f5a-b215-8082335ad77a@group-0FC28122E465-SegmentedRaftLogWorker: created new log segment /home/runner/work/ozone/ozone/hadoop-ozone/integration-test/target/test-dir/MiniOzoneClusterImpl-c2c64c26-053e-4d1e-83e3-051e2bfa4916/datanode-6/data/ratis/d9ec8a3d-19b9-494b-964b-0fc28122e465/current/log_inprogress_0
2024-01-08 22:37:40,371 [main] INFO  ozone.MiniOzoneClusterImpl (MiniOzoneClusterImpl.java:lambda$waitForClusterToBeReady$0(230)) - Nodes are ready. Got 9 of 9 DN Heartbeats.
2024-01-08 22:37:40,372 [main] INFO  ozone.MiniOzoneClusterImpl (MiniOzoneClusterImpl.java:lambda$waitForClusterToBeReady$0(233)) - Cluster exits safe mode
2024-01-08 22:37:40,372 [main] INFO  ozone.MiniOzoneClusterImpl (MiniOzoneClusterImpl.java:lambda$waitForClusterToBeReady$0(235)) - SCM became leader
2024-01-08 22:37:40,373 [main] INFO  protocolPB.OmTransportFactory (OmTransportFactory.java:createFactory(62)) - Loading OM transport implementation org.apache.hadoop.ozone.om.protocolPB.Hadoop3OmTransportFactory as specified by configuration.
2024-01-08 22:37:40,377 [main] INFO  rpc.RpcClient (RpcClient.java:createVolume(456)) - Creating Volume: watchforcommithandlingtest, with runner as owner and space quota set to -1 bytes, counts quota set to -1
2024-01-08 22:37:40,379 [92bfa79f-b082-4a9b-a2b8-9a2f5047304a@group-0062432AB966-FollowerState] INFO  impl.FollowerState (FollowerState.java:run(143)) - 92bfa79f-b082-4a9b-a2b8-9a2f5047304a@group-0062432AB966-FollowerState: change to CANDIDATE, lastRpcElapsedTime:5093725174ns, electionTimeout:5093ms
2024-01-08 22:37:40,380 [92bfa79f-b082-4a9b-a2b8-9a2f5047304a@group-0062432AB966-FollowerState] INFO  impl.RoleInfo (RoleInfo.java:shutdownFollowerState(110)) - 92bfa79f-b082-4a9b-a2b8-9a2f5047304a: shutdown 92bfa79f-b082-4a9b-a2b8-9a2f5047304a@group-0062432AB966-FollowerState
2024-01-08 22:37:40,380 [92bfa79f-b082-4a9b-a2b8-9a2f5047304a@group-0062432AB966-FollowerState] INFO  server.RaftServer$Division (RaftServerImpl.java:setRole(379)) - 92bfa79f-b082-4a9b-a2b8-9a2f5047304a@group-0062432AB966: changes role from  FOLLOWER to CANDIDATE at term 0 for changeToCandidate
2024-01-08 22:37:40,380 [92bfa79f-b082-4a9b-a2b8-9a2f5047304a@group-0062432AB966-FollowerState] INFO  server.RaftServerConfigKeys (ConfUtils.java:logGet(46)) - raft.server.leaderelection.pre-vote = true (default)
2024-01-08 22:37:40,380 [92bfa79f-b082-4a9b-a2b8-9a2f5047304a@group-0062432AB966-FollowerState] INFO  impl.RoleInfo (RoleInfo.java:updateAndGet(139)) - 92bfa79f-b082-4a9b-a2b8-9a2f5047304a: start 92bfa79f-b082-4a9b-a2b8-9a2f5047304a@group-0062432AB966-LeaderElection72
2024-01-08 22:37:40,383 [92bfa79f-b082-4a9b-a2b8-9a2f5047304a@group-0062432AB966-LeaderElection72] INFO  impl.LeaderElection (LeaderElection.java:askForVotes(323)) - 92bfa79f-b082-4a9b-a2b8-9a2f5047304a@group-0062432AB966-LeaderElection72 PRE_VOTE round 0: submit vote requests at term 0 for -1: peers:[92bfa79f-b082-4a9b-a2b8-9a2f5047304a|10.1.0.16:15433]|listeners:[], old=null
2024-01-08 22:37:40,383 [92bfa79f-b082-4a9b-a2b8-9a2f5047304a@group-0062432AB966-LeaderElection72] INFO  impl.LeaderElection (LeaderElection.java:askForVotes(325)) - 92bfa79f-b082-4a9b-a2b8-9a2f5047304a@group-0062432AB966-LeaderElection72 PRE_VOTE round 0: result PASSED (term=0)
2024-01-08 22:37:40,383 [om1-OMStateMachineApplyTransactionThread - 0] INFO  volume.OMVolumeCreateRequest (OMVolumeCreateRequest.java:validateAndUpdateCache(198)) - created volume:watchforcommithandlingtest for user:runner
2024-01-08 22:37:40,384 [92bfa79f-b082-4a9b-a2b8-9a2f5047304a@group-0062432AB966-LeaderElection72] INFO  impl.LeaderElection (LeaderElection.java:askForVotes(323)) - 92bfa79f-b082-4a9b-a2b8-9a2f5047304a@group-0062432AB966-LeaderElection72 ELECTION round 0: submit vote requests at term 1 for -1: peers:[92bfa79f-b082-4a9b-a2b8-9a2f5047304a|10.1.0.16:15433]|listeners:[], old=null
2024-01-08 22:37:40,384 [92bfa79f-b082-4a9b-a2b8-9a2f5047304a@group-0062432AB966-LeaderElection72] INFO  impl.LeaderElection (LeaderElection.java:askForVotes(325)) - 92bfa79f-b082-4a9b-a2b8-9a2f5047304a@group-0062432AB966-LeaderElection72 ELECTION round 0: result PASSED (term=1)
2024-01-08 22:37:40,384 [92bfa79f-b082-4a9b-a2b8-9a2f5047304a@group-0062432AB966-LeaderElection72] INFO  impl.RoleInfo (RoleInfo.java:shutdownLeaderElection(130)) - 92bfa79f-b082-4a9b-a2b8-9a2f5047304a: shutdown 92bfa79f-b082-4a9b-a2b8-9a2f5047304a@group-0062432AB966-LeaderElection72
2024-01-08 22:37:40,384 [92bfa79f-b082-4a9b-a2b8-9a2f5047304a@group-0062432AB966-LeaderElection72] INFO  server.RaftServer$Division (RaftServerImpl.java:setRole(379)) - 92bfa79f-b082-4a9b-a2b8-9a2f5047304a@group-0062432AB966: changes role from CANDIDATE to LEADER at term 1 for changeToLeader
2024-01-08 22:37:40,384 [92bfa79f-b082-4a9b-a2b8-9a2f5047304a@group-0062432AB966-LeaderElection72] INFO  server.RaftServerConfigKeys (ConfUtils.java:logGet(46)) - raft.server.staging.catchup.gap = 1000 (default)
2024-01-08 22:37:40,384 [92bfa79f-b082-4a9b-a2b8-9a2f5047304a@group-0062432AB966-LeaderElection72] INFO  server.RaftServerConfigKeys (ConfUtils.java:logGet(46)) - raft.server.write.element-limit = 1024 (custom)
2024-01-08 22:37:40,384 [92bfa79f-b082-4a9b-a2b8-9a2f5047304a@group-0062432AB966-LeaderElection72] INFO  server.RaftServerConfigKeys (ConfUtils.java:logGet(46)) - raft.server.write.byte-limit = 1024 M (=1073741824) (custom)
2024-01-08 22:37:40,384 [92bfa79f-b082-4a9b-a2b8-9a2f5047304a@group-0062432AB966-LeaderElection72] INFO  server.RaftServerConfigKeys (ConfUtils.java:logGet(46)) - raft.server.watch.timeout = 3000ms (custom)
2024-01-08 22:37:40,384 [92bfa79f-b082-4a9b-a2b8-9a2f5047304a@group-0062432AB966-LeaderElection72] INFO  server.RaftServerConfigKeys (ConfUtils.java:logGet(46)) - raft.server.watch.timeout.denomination = 1s (default)
2024-01-08 22:37:40,384 [92bfa79f-b082-4a9b-a2b8-9a2f5047304a@group-0062432AB966-LeaderElection72] INFO  server.RaftServerConfigKeys (ConfUtils.java:logGet(46)) - raft.server.watch.element-limit = 65536 (default)
2024-01-08 22:37:40,384 [92bfa79f-b082-4a9b-a2b8-9a2f5047304a@group-0062432AB966-LeaderElection72] INFO  server.RaftServerConfigKeys (ConfUtils.java:logGet(46)) - raft.server.read.leader.lease.enabled = false (default)
2024-01-08 22:37:40,384 [92bfa79f-b082-4a9b-a2b8-9a2f5047304a@group-0062432AB966-LeaderElection72] INFO  server.RaftServerConfigKeys (ConfUtils.java:logGet(46)) - raft.server.read.leader.lease.timeout.ratio = 0.9 (default)
2024-01-08 22:37:40,384 [92bfa79f-b082-4a9b-a2b8-9a2f5047304a@group-0062432AB966-LeaderElection72] INFO  server.RaftServerConfigKeys (ConfUtils.java:logGet(46)) - raft.server.rpc.timeout.min = 5s (custom)
2024-01-08 22:37:40,385 [92bfa79f-b082-4a9b-a2b8-9a2f5047304a@group-0062432AB966-LeaderElection72] INFO  server.RaftServerConfigKeys (ConfUtils.java:logGet(46)) - raft.server.write.element-limit = 1024 (custom)
2024-01-08 22:37:40,385 [92bfa79f-b082-4a9b-a2b8-9a2f5047304a@group-0062432AB966-LeaderElection72] INFO  server.RaftServerConfigKeys (ConfUtils.java:logGet(46)) - raft.server.write.follower.gap.ratio.max = -1.0 (default)
2024-01-08 22:37:40,385 [92bfa79f-b082-4a9b-a2b8-9a2f5047304a@group-0062432AB966-LeaderElection72] INFO  impl.RoleInfo (RoleInfo.java:updateAndGet(139)) - 92bfa79f-b082-4a9b-a2b8-9a2f5047304a: start 92bfa79f-b082-4a9b-a2b8-9a2f5047304a@group-0062432AB966-LeaderStateImpl
2024-01-08 22:37:40,385 [92bfa79f-b082-4a9b-a2b8-9a2f5047304a@group-0062432AB966-LeaderElection72] INFO  server.RaftServer$Division (RaftServerImpl.java:setFirstElection(564)) - 92bfa79f-b082-4a9b-a2b8-9a2f5047304a@group-0062432AB966: set firstElectionSinceStartup to false for becomeLeader
2024-01-08 22:37:40,385 [92bfa79f-b082-4a9b-a2b8-9a2f5047304a@group-0062432AB966-LeaderElection72] INFO  ratis.XceiverServerRatis (XceiverServerRatis.java:handleLeaderChangedNotification(945)) - Leader change notification received for group: group-0062432AB966 with new leaderId: 92bfa79f-b082-4a9b-a2b8-9a2f5047304a
2024-01-08 22:37:40,385 [92bfa79f-b082-4a9b-a2b8-9a2f5047304a@group-0062432AB966-LeaderElection72] INFO  server.RaftServer$Division (ServerState.java:setLeader(265)) - 92bfa79f-b082-4a9b-a2b8-9a2f5047304a@group-0062432AB966: change Leader from null to 92bfa79f-b082-4a9b-a2b8-9a2f5047304a at term 1 for becomeLeader, leader elected after 5109ms
2024-01-08 22:37:40,385 [92bfa79f-b082-4a9b-a2b8-9a2f5047304a@group-0062432AB966-LeaderElection72] INFO  segmented.SegmentedRaftLogWorker (SegmentedRaftLogWorker.java:startLogSegment(428)) - 92bfa79f-b082-4a9b-a2b8-9a2f5047304a@group-0062432AB966-SegmentedRaftLogWorker: Starting segment from index:0
2024-01-08 22:37:40,386 [92bfa79f-b082-4a9b-a2b8-9a2f5047304a@group-0062432AB966-LeaderElection72] INFO  server.RaftServer$Division (ServerState.java:setRaftConf(382)) - 92bfa79f-b082-4a9b-a2b8-9a2f5047304a@group-0062432AB966: set configuration 0: peers:[92bfa79f-b082-4a9b-a2b8-9a2f5047304a|10.1.0.16:15433]|listeners:[], old=null
2024-01-08 22:37:40,389 [main] INFO  rpc.RpcClient (RpcClient.java:createBucket(683)) - Creating Bucket: watchforcommithandlingtest/watchforcommithandlingtest, with server-side default bucket layout, runner as owner, Versioning false, Storage Type set to DISK and Encryption set to false, Replication Type set to server-side default replication type, Namespace Quota set to -1, Space Quota set to -1 
2024-01-08 22:37:40,393 [om1-OMStateMachineApplyTransactionThread - 0] INFO  bucket.OMBucketCreateRequest (OMBucketCreateRequest.java:validateAndUpdateCache(296)) - created bucket: watchforcommithandlingtest of layout FILE_SYSTEM_OPTIMIZED in volume: watchforcommithandlingtest
2024-01-08 22:37:40,393 [92bfa79f-b082-4a9b-a2b8-9a2f5047304a@group-0062432AB966-SegmentedRaftLogWorker] INFO  segmented.SegmentedRaftLogWorker (SegmentedRaftLogWorker.java:execute(632)) - 92bfa79f-b082-4a9b-a2b8-9a2f5047304a@group-0062432AB966-SegmentedRaftLogWorker: created new log segment /home/runner/work/ozone/ozone/hadoop-ozone/integration-test/target/test-dir/MiniOzoneClusterImpl-c2c64c26-053e-4d1e-83e3-051e2bfa4916/datanode-7/data/ratis/48da0ecb-e53a-4be1-90e1-0062432ab966/current/log_inprogress_0
2024-01-08 22:37:40,394 [92bfa79f-b082-4a9b-a2b8-9a2f5047304a@group-0062432AB966-StateMachineUpdater] INFO  server.RaftServer$Division (LeaderStateImpl.java:isApplied(316)) - leader is ready since appliedIndex == 0 >= startIndex == 0
2024-01-08 22:37:40,398 [IPC Server handler 3 on default port 15356] INFO  ha.SequenceIdGenerator (SequenceIdGenerator.java:getNextId(145)) - Allocate a batch for containerId, change lastId from 0 to 1000.
2024-01-08 22:37:40,424 [main] INFO  ozoneimpl.OzoneContainer (OzoneContainer.java:stop(463)) - Attempting to stop container services.
2024-01-08 22:37:40,425 [main] INFO  server.RaftServer (RaftServerProxy.java:lambda$close$9(416)) - 71d6d3a4-9c29-4ff8-bafc-b8f4ae2641d6: close
2024-01-08 22:37:40,426 [71d6d3a4-9c29-4ff8-bafc-b8f4ae2641d6-impl-thread1] INFO  server.RaftServer$Division (RaftServerImpl.java:lambda$close$3(516)) - 71d6d3a4-9c29-4ff8-bafc-b8f4ae2641d6@group-CF8F61E5CEB9: shutdown
2024-01-08 22:37:40,426 [71d6d3a4-9c29-4ff8-bafc-b8f4ae2641d6-impl-thread1] INFO  util.JmxRegister (JmxRegister.java:unregister(73)) - Successfully un-registered JMX Bean with object name Ratis:service=RaftServer,group=group-CF8F61E5CEB9,id=71d6d3a4-9c29-4ff8-bafc-b8f4ae2641d6
2024-01-08 22:37:40,426 [71d6d3a4-9c29-4ff8-bafc-b8f4ae2641d6-impl-thread1] INFO  impl.RoleInfo (RoleInfo.java:shutdownFollowerState(110)) - 71d6d3a4-9c29-4ff8-bafc-b8f4ae2641d6: shutdown 71d6d3a4-9c29-4ff8-bafc-b8f4ae2641d6@group-CF8F61E5CEB9-FollowerState
2024-01-08 22:37:40,426 [main] INFO  server.GrpcService (GrpcService.java:closeImpl(311)) - 71d6d3a4-9c29-4ff8-bafc-b8f4ae2641d6: shutdown server org.apache.ratis.grpc.server.GrpcClientProtocolService now
2024-01-08 22:37:40,426 [71d6d3a4-9c29-4ff8-bafc-b8f4ae2641d6@group-CF8F61E5CEB9-FollowerState] INFO  impl.FollowerState (FollowerState.java:run(152)) - 71d6d3a4-9c29-4ff8-bafc-b8f4ae2641d6@group-CF8F61E5CEB9-FollowerState was interrupted
2024-01-08 22:37:40,426 [71d6d3a4-9c29-4ff8-bafc-b8f4ae2641d6-impl-thread1] INFO  impl.StateMachineUpdater (StateMachineUpdater.java:stopAndJoin(157)) - 71d6d3a4-9c29-4ff8-bafc-b8f4ae2641d6@group-CF8F61E5CEB9-StateMachineUpdater: set stopIndex = -1
2024-01-08 22:37:40,427 [71d6d3a4-9c29-4ff8-bafc-b8f4ae2641d6-impl-thread1] INFO  server.RaftServer$Division (ServerState.java:close(423)) - 71d6d3a4-9c29-4ff8-bafc-b8f4ae2641d6@group-CF8F61E5CEB9: applyIndex: -1
2024-01-08 22:37:40,426 [71d6d3a4-9c29-4ff8-bafc-b8f4ae2641d6-impl-thread2] INFO  server.RaftServer$Division (RaftServerImpl.java:lambda$close$3(516)) - 71d6d3a4-9c29-4ff8-bafc-b8f4ae2641d6@group-0FC28122E465: shutdown
2024-01-08 22:37:40,430 [71d6d3a4-9c29-4ff8-bafc-b8f4ae2641d6-impl-thread2] INFO  util.JmxRegister (JmxRegister.java:unregister(73)) - Successfully un-registered JMX Bean with object name Ratis:service=RaftServer,group=group-0FC28122E465,id=71d6d3a4-9c29-4ff8-bafc-b8f4ae2641d6
2024-01-08 22:37:40,430 [71d6d3a4-9c29-4ff8-bafc-b8f4ae2641d6-impl-thread2] INFO  impl.RoleInfo (RoleInfo.java:shutdownFollowerState(110)) - 71d6d3a4-9c29-4ff8-bafc-b8f4ae2641d6: shutdown 71d6d3a4-9c29-4ff8-bafc-b8f4ae2641d6@group-0FC28122E465-FollowerState
2024-01-08 22:37:40,431 [71d6d3a4-9c29-4ff8-bafc-b8f4ae2641d6-impl-thread2] INFO  impl.StateMachineUpdater (StateMachineUpdater.java:stopAndJoin(157)) - 71d6d3a4-9c29-4ff8-bafc-b8f4ae2641d6@group-0FC28122E465-StateMachineUpdater: set stopIndex = 1
2024-01-08 22:37:40,431 [Thread-4452] INFO  server.GrpcServerProtocolClient (GrpcServerProtocolClient.java:close(103)) - 0d9d6b7b-744f-4f5a-b215-8082335ad77a Close channels
2024-01-08 22:37:40,431 [71d6d3a4-9c29-4ff8-bafc-b8f4ae2641d6@group-0FC28122E465-FollowerState] INFO  impl.FollowerState (FollowerState.java:run(152)) - 71d6d3a4-9c29-4ff8-bafc-b8f4ae2641d6@group-0FC28122E465-FollowerState was interrupted
2024-01-08 22:37:40,431 [71d6d3a4-9c29-4ff8-bafc-b8f4ae2641d6@group-0FC28122E465-StateMachineUpdater] INFO  ratis.ContainerStateMachine (ContainerStateMachine.java:takeSnapshot(355)) - group-0FC28122E465: Taking a snapshot at:(t:1, i:1) file /home/runner/work/ozone/ozone/hadoop-ozone/integration-test/target/test-dir/MiniOzoneClusterImpl-c2c64c26-053e-4d1e-83e3-051e2bfa4916/datanode-8/data/ratis/d9ec8a3d-19b9-494b-964b-0fc28122e465/sm/snapshot.1_1
2024-01-08 22:37:40,432 [71d6d3a4-9c29-4ff8-bafc-b8f4ae2641d6@group-CF8F61E5CEB9-cacheEviction-AwaitToRun] INFO  util.AwaitToRun (AwaitToRun.java:run(49)) - 71d6d3a4-9c29-4ff8-bafc-b8f4ae2641d6@group-CF8F61E5CEB9-cacheEviction-AwaitToRun-AwaitForSignal is interrupted
2024-01-08 22:37:40,432 [71d6d3a4-9c29-4ff8-bafc-b8f4ae2641d6@group-0FC28122E465-StateMachineUpdater] INFO  ratis.ContainerStateMachine (ContainerStateMachine.java:takeSnapshot(366)) - group-0FC28122E465: Finished taking a snapshot at:(t:1, i:1) file:/home/runner/work/ozone/ozone/hadoop-ozone/integration-test/target/test-dir/MiniOzoneClusterImpl-c2c64c26-053e-4d1e-83e3-051e2bfa4916/datanode-8/data/ratis/d9ec8a3d-19b9-494b-964b-0fc28122e465/sm/snapshot.1_1 took: 1 ms
2024-01-08 22:37:40,432 [71d6d3a4-9c29-4ff8-bafc-b8f4ae2641d6@group-0FC28122E465-StateMachineUpdater] INFO  impl.StateMachineUpdater (StateMachineUpdater.java:takeSnapshot(295)) - 71d6d3a4-9c29-4ff8-bafc-b8f4ae2641d6@group-0FC28122E465-StateMachineUpdater: Took a snapshot at index 1
2024-01-08 22:37:40,432 [Thread-4454] INFO  server.GrpcServerProtocolClient (GrpcServerProtocolClient.java:close(103)) - 92bfa79f-b082-4a9b-a2b8-9a2f5047304a Close channels
2024-01-08 22:37:40,432 [71d6d3a4-9c29-4ff8-bafc-b8f4ae2641d6@group-0FC28122E465-StateMachineUpdater] INFO  impl.StateMachineUpdater (StateMachineUpdater.java:lambda$new$0(98)) - 71d6d3a4-9c29-4ff8-bafc-b8f4ae2641d6@group-0FC28122E465-StateMachineUpdater: snapshotIndex: updateIncreasingly -1 -> 1
2024-01-08 22:37:40,432 [71d6d3a4-9c29-4ff8-bafc-b8f4ae2641d6-impl-thread2] INFO  server.RaftServer$Division (ServerState.java:close(423)) - 71d6d3a4-9c29-4ff8-bafc-b8f4ae2641d6@group-0FC28122E465: applyIndex: 1
2024-01-08 22:37:40,432 [71d6d3a4-9c29-4ff8-bafc-b8f4ae2641d6@group-0FC28122E465-cacheEviction-AwaitToRun] INFO  util.AwaitToRun (AwaitToRun.java:run(49)) - 71d6d3a4-9c29-4ff8-bafc-b8f4ae2641d6@group-0FC28122E465-cacheEviction-AwaitToRun-AwaitForSignal is interrupted
2024-01-08 22:37:40,433 [main] INFO  server.GrpcService (GrpcService.java:closeImpl(320)) - 71d6d3a4-9c29-4ff8-bafc-b8f4ae2641d6: shutdown server org.apache.ratis.grpc.server.GrpcClientProtocolService successfully
2024-01-08 22:37:40,433 [main] INFO  server.GrpcService (GrpcService.java:closeImpl(311)) - 71d6d3a4-9c29-4ff8-bafc-b8f4ae2641d6: shutdown server GrpcServerProtocolService now
2024-01-08 22:37:40,434 [main] INFO  server.GrpcService (GrpcService.java:closeImpl(320)) - 71d6d3a4-9c29-4ff8-bafc-b8f4ae2641d6: shutdown server GrpcServerProtocolService successfully
2024-01-08 22:37:40,435 [main] INFO  server.GrpcService (GrpcService.java:closeImpl(311)) - 71d6d3a4-9c29-4ff8-bafc-b8f4ae2641d6: shutdown server org.apache.ratis.grpc.server.GrpcAdminProtocolService now
2024-01-08 22:37:40,435 [grpc-default-executor-5] WARN  server.GrpcServerProtocolService (LogUtils.java:warn(121)) - 71d6d3a4-9c29-4ff8-bafc-b8f4ae2641d6: APPEND_ENTRIES onError, lastRequest: null: org.apache.ratis.thirdparty.io.grpc.StatusRuntimeException: CANCELLED: client cancelled
2024-01-08 22:37:40,435 [grpc-default-executor-0] WARN  server.GrpcServerProtocolService (LogUtils.java:warn(121)) - 71d6d3a4-9c29-4ff8-bafc-b8f4ae2641d6: APPEND_ENTRIES onError, lastRequest: 92bfa79f-b082-4a9b-a2b8-9a2f5047304a->71d6d3a4-9c29-4ff8-bafc-b8f4ae2641d6#5-t1,previous=(t:1, i:1),leaderCommit=1,initializing? true,entries: size=1, first=(t:1, i:2), METADATAENTRY(c:1): org.apache.ratis.thirdparty.io.grpc.StatusRuntimeException: CANCELLED: client cancelled
2024-01-08 22:37:40,435 [grpc-default-executor-0] WARN  server.GrpcLogAppender (LogUtils.java:warn(121)) - 92bfa79f-b082-4a9b-a2b8-9a2f5047304a@group-0FC28122E465->71d6d3a4-9c29-4ff8-bafc-b8f4ae2641d6-AppendLogResponseHandler: Failed appendEntries: org.apache.ratis.thirdparty.io.grpc.StatusRuntimeException: CANCELLED: RST_STREAM closed stream. HTTP/2 error code: CANCEL
2024-01-08 22:37:40,435 [grpc-default-executor-0] WARN  server.GrpcLogAppender (GrpcLogAppender.java:resetClient(140)) - 92bfa79f-b082-4a9b-a2b8-9a2f5047304a@group-0FC28122E465->71d6d3a4-9c29-4ff8-bafc-b8f4ae2641d6-GrpcLogAppender: Follower failed and request == null,  keep nextIndex (3) unchanged and retry.
2024-01-08 22:37:40,438 [grpc-default-executor-3] WARN  server.GrpcLogAppender (LogUtils.java:warn(121)) - 92bfa79f-b082-4a9b-a2b8-9a2f5047304a@group-0FC28122E465->71d6d3a4-9c29-4ff8-bafc-b8f4ae2641d6-AppendLogResponseHandler: Failed appendEntries: org.apache.ratis.thirdparty.io.grpc.StatusRuntimeException: CANCELLED: RST_STREAM closed stream. HTTP/2 error code: CANCEL
2024-01-08 22:37:40,438 [grpc-default-executor-3] WARN  server.GrpcLogAppender (GrpcLogAppender.java:resetClient(140)) - 92bfa79f-b082-4a9b-a2b8-9a2f5047304a@group-0FC28122E465->71d6d3a4-9c29-4ff8-bafc-b8f4ae2641d6-GrpcLogAppender: Follower failed and request == null,  keep nextIndex (3) unchanged and retry.
2024-01-08 22:37:40,438 [main] INFO  server.GrpcService (GrpcService.java:closeImpl(320)) - 71d6d3a4-9c29-4ff8-bafc-b8f4ae2641d6: shutdown server org.apache.ratis.grpc.server.GrpcAdminProtocolService successfully
2024-01-08 22:37:40,438 [71d6d3a4-9c29-4ff8-bafc-b8f4ae2641d6-NettyServerStreamRpc-bossGroup--thread1] INFO  logging.LoggingHandler (AbstractInternalLogger.java:log(148)) - [id: 0xfb960dbc, L:/0.0.0.0:15443] CLOSE
2024-01-08 22:37:40,438 [71d6d3a4-9c29-4ff8-bafc-b8f4ae2641d6-NettyServerStreamRpc-bossGroup--thread1] INFO  logging.LoggingHandler (AbstractInternalLogger.java:log(148)) - [id: 0xfb960dbc, L:/0.0.0.0:15443] INACTIVE
2024-01-08 22:37:40,438 [71d6d3a4-9c29-4ff8-bafc-b8f4ae2641d6-NettyServerStreamRpc-bossGroup--thread1] INFO  logging.LoggingHandler (AbstractInternalLogger.java:log(148)) - [id: 0xfb960dbc, L:/0.0.0.0:15443] UNREGISTERED
2024-01-08 22:37:41,374 [71d6d3a4-9c29-4ff8-bafc-b8f4ae2641d6-impl-thread1] INFO  segmented.SegmentedRaftLogWorker (SegmentedRaftLogWorker.java:close(243)) - 71d6d3a4-9c29-4ff8-bafc-b8f4ae2641d6@group-CF8F61E5CEB9-SegmentedRaftLogWorker close()
2024-01-08 22:37:41,413 [71d6d3a4-9c29-4ff8-bafc-b8f4ae2641d6-impl-thread2] INFO  segmented.SegmentedRaftLogWorker (SegmentedRaftLogWorker.java:close(243)) - 71d6d3a4-9c29-4ff8-bafc-b8f4ae2641d6@group-0FC28122E465-SegmentedRaftLogWorker close()
2024-01-08 22:37:41,414 [JvmPauseMonitor54] INFO  util.JvmPauseMonitor (JvmPauseMonitor.java:run(152)) - JvmPauseMonitor-71d6d3a4-9c29-4ff8-bafc-b8f4ae2641d6: Stopped
2024-01-08 22:37:42,916 [grpc-default-executor-2] WARN  server.GrpcLogAppender (LogUtils.java:warn(121)) - 92bfa79f-b082-4a9b-a2b8-9a2f5047304a@group-0FC28122E465->71d6d3a4-9c29-4ff8-bafc-b8f4ae2641d6-AppendLogResponseHandler: Failed appendEntries: org.apache.ratis.thirdparty.io.grpc.StatusRuntimeException: UNAVAILABLE: io exception
2024-01-08 22:37:42,917 [grpc-default-executor-3] WARN  server.GrpcLogAppender (LogUtils.java:warn(121)) - 92bfa79f-b082-4a9b-a2b8-9a2f5047304a@group-0FC28122E465->71d6d3a4-9c29-4ff8-bafc-b8f4ae2641d6-AppendLogResponseHandler: Failed appendEntries: org.apache.ratis.thirdparty.io.grpc.StatusRuntimeException: UNAVAILABLE: io exception
2024-01-08 22:37:42,918 [grpc-default-executor-2] WARN  server.GrpcLogAppender (GrpcLogAppender.java:resetClient(140)) - 92bfa79f-b082-4a9b-a2b8-9a2f5047304a@group-0FC28122E465->71d6d3a4-9c29-4ff8-bafc-b8f4ae2641d6-GrpcLogAppender: Follower failed and request == null,  keep nextIndex (3) unchanged and retry.
2024-01-08 22:37:42,918 [grpc-default-executor-3] WARN  server.GrpcLogAppender (GrpcLogAppender.java:resetClient(140)) - 92bfa79f-b082-4a9b-a2b8-9a2f5047304a@group-0FC28122E465->71d6d3a4-9c29-4ff8-bafc-b8f4ae2641d6-GrpcLogAppender: Follower failed and request == null,  keep nextIndex (3) unchanged and retry.
2024-01-08 22:37:43,418 [main] INFO  utils.DatanodeStoreCache (DatanodeStoreCache.java:shutdownCache(110)) - Skip clearing cache in mini cluster mode. Entries left: [/home/runner/work/ozone/ozone/hadoop-ozone/integration-test/target/test-dir/MiniOzoneClusterImpl-c2c64c26-053e-4d1e-83e3-051e2bfa4916/datanode-0/data-0/containers/hdds/c2c64c26-053e-4d1e-83e3-051e2bfa4916/DS-de3d1c6f-5594-42f0-b931-bf2de06e70d7/container.db, /home/runner/work/ozone/ozone/hadoop-ozone/integration-test/target/test-dir/MiniOzoneClusterImpl-c2c64c26-053e-4d1e-83e3-051e2bfa4916/datanode-1/data-0/containers/hdds/c2c64c26-053e-4d1e-83e3-051e2bfa4916/DS-b9784e3a-3c86-4ec0-ba81-2381c1f00ba0/container.db, /home/runner/work/ozone/ozone/hadoop-ozone/integration-test/target/test-dir/MiniOzoneClusterImpl-c2c64c26-053e-4d1e-83e3-051e2bfa4916/datanode-2/data-0/containers/hdds/c2c64c26-053e-4d1e-83e3-051e2bfa4916/DS-4495f8c2-222b-42f6-8fec-78ad68da0719/container.db, /home/runner/work/ozone/ozone/hadoop-ozone/integration-test/target/test-dir/MiniOzoneClusterImpl-c2c64c26-053e-4d1e-83e3-051e2bfa4916/datanode-3/data-0/containers/hdds/c2c64c26-053e-4d1e-83e3-051e2bfa4916/DS-6f60db56-4d06-4c52-8cf9-b37d8ef3e922/container.db, /home/runner/work/ozone/ozone/hadoop-ozone/integration-test/target/test-dir/MiniOzoneClusterImpl-c2c64c26-053e-4d1e-83e3-051e2bfa4916/datanode-4/data-0/containers/hdds/c2c64c26-053e-4d1e-83e3-051e2bfa4916/DS-3a6f02c8-0578-4c6e-815c-e6a4b695ea27/container.db, /home/runner/work/ozone/ozone/hadoop-ozone/integration-test/target/test-dir/MiniOzoneClusterImpl-c2c64c26-053e-4d1e-83e3-051e2bfa4916/datanode-5/data-0/containers/hdds/c2c64c26-053e-4d1e-83e3-051e2bfa4916/DS-b25037c2-b6e0-48ed-9174-3cf5cf941194/container.db, /home/runner/work/ozone/ozone/hadoop-ozone/integration-test/target/test-dir/MiniOzoneClusterImpl-c2c64c26-053e-4d1e-83e3-051e2bfa4916/datanode-6/data-0/containers/hdds/c2c64c26-053e-4d1e-83e3-051e2bfa4916/DS-06a043b3-c07b-4bc0-9f73-22036aae6a96/container.db, /home/runner/work/ozone/ozone/hadoop-ozone/integration-test/target/test-dir/MiniOzoneClusterImpl-c2c64c26-053e-4d1e-83e3-051e2bfa4916/datanode-7/data-0/containers/hdds/c2c64c26-053e-4d1e-83e3-051e2bfa4916/DS-f0e1030a-5d67-4da6-b748-acbf95577870/container.db, /home/runner/work/ozone/ozone/hadoop-ozone/integration-test/target/test-dir/MiniOzoneClusterImpl-c2c64c26-053e-4d1e-83e3-051e2bfa4916/datanode-8/data-0/containers/hdds/c2c64c26-053e-4d1e-83e3-051e2bfa4916/DS-00d07f8a-aa7d-4307-80dd-b24ef11968a4/container.db]
2024-01-08 22:37:43,419 [main] INFO  utils.DatanodeStoreCache (DatanodeStoreCache.java:removeDB(104)) - Removed db /home/runner/work/ozone/ozone/hadoop-ozone/integration-test/target/test-dir/MiniOzoneClusterImpl-c2c64c26-053e-4d1e-83e3-051e2bfa4916/datanode-8/data-0/containers/hdds/c2c64c26-053e-4d1e-83e3-051e2bfa4916/DS-00d07f8a-aa7d-4307-80dd-b24ef11968a4/container.db from cache
2024-01-08 22:37:43,419 [main] INFO  volume.HddsVolume (HddsVolume.java:closeDbStore(451)) - SchemaV3 db is stopped at /home/runner/work/ozone/ozone/hadoop-ozone/integration-test/target/test-dir/MiniOzoneClusterImpl-c2c64c26-053e-4d1e-83e3-051e2bfa4916/datanode-8/data-0/containers/hdds/c2c64c26-053e-4d1e-83e3-051e2bfa4916/DS-00d07f8a-aa7d-4307-80dd-b24ef11968a4/container.db for volume DS-00d07f8a-aa7d-4307-80dd-b24ef11968a4
2024-01-08 22:37:43,419 [main] INFO  utils.BackgroundService (BackgroundService.java:shutdown(160)) - Shutting down service BlockDeletingService
2024-01-08 22:37:43,423 [main] INFO  utils.BackgroundService (BackgroundService.java:shutdown(160)) - Shutting down service StaleRecoveringContainerScrubbingService
2024-01-08 22:37:43,424 [main] INFO  statemachine.DatanodeStateMachine (DatanodeStateMachine.java:stopDaemon(638)) - Ozone container server stopped.
2024-01-08 22:37:43,424 [main] INFO  handler.ContextHandler (ContextHandler.java:doStop(1159)) - Stopped o.e.j.w.WebAppContext@5ad60105{hddsDatanode,/,null,STOPPED}{jar:file:/home/runner/.m2/repository/org/apache/ozone/hdds-container-service/1.5.0-SNAPSHOT/hdds-container-service-1.5.0-SNAPSHOT.jar!/webapps/hddsDatanode}
2024-01-08 22:37:43,425 [main] INFO  server.AbstractConnector (AbstractConnector.java:doStop(383)) - Stopped ServerConnector@2d1968d9{HTTP/1.1, (http/1.1)}{0.0.0.0:15437}
2024-01-08 22:37:43,425 [main] INFO  server.session (HouseKeeper.java:stopScavenging(149)) - node0 Stopped scavenging
2024-01-08 22:37:43,425 [main] INFO  handler.ContextHandler (ContextHandler.java:doStop(1159)) - Stopped o.e.j.s.ServletContextHandler@fee710a{static,/static,jar:file:/home/runner/.m2/repository/org/apache/ozone/hdds-container-service/1.5.0-SNAPSHOT/hdds-container-service-1.5.0-SNAPSHOT.jar!/webapps/static,STOPPED}
2024-01-08 22:37:43,425 [main] INFO  handler.ContextHandler (ContextHandler.java:doStop(1159)) - Stopped o.e.j.s.ServletContextHandler@18f4f7aa{logs,/logs,file:///home/runner/work/ozone/ozone/hadoop-ozone/integration-test/target/log,STOPPED}
2024-01-08 22:37:43,426 [main] INFO  ozone.HddsDatanodeClientProtocolServer (HddsDatanodeClientProtocolServer.java:stop(78)) - Stopping the RPC server for Client Protocol
2024-01-08 22:37:43,426 [main] INFO  ipc.Server (Server.java:stop(3523)) - Stopping server on 15438
2024-01-08 22:37:43,426 [IPC Server listener on 15438] INFO  ipc.Server (Server.java:run(1434)) - Stopping IPC Server listener on 15438
2024-01-08 22:37:43,430 [IPC Server Responder] INFO  ipc.Server (Server.java:run(1567)) - Stopping IPC Server Responder
2024-01-08 22:37:43,432 [main] INFO  ozoneimpl.OzoneContainer (OzoneContainer.java:stop(463)) - Attempting to stop container services.
2024-01-08 22:37:43,432 [main] INFO  server.RaftServer (RaftServerProxy.java:lambda$close$9(416)) - 0d9d6b7b-744f-4f5a-b215-8082335ad77a: close
2024-01-08 22:37:43,432 [0d9d6b7b-744f-4f5a-b215-8082335ad77a-impl-thread1] INFO  server.RaftServer$Division (RaftServerImpl.java:lambda$close$3(516)) - 0d9d6b7b-744f-4f5a-b215-8082335ad77a@group-B1DEB076B92C: shutdown
2024-01-08 22:37:43,432 [main] INFO  server.GrpcService (GrpcService.java:closeImpl(311)) - 0d9d6b7b-744f-4f5a-b215-8082335ad77a: shutdown server org.apache.ratis.grpc.server.GrpcClientProtocolService now
2024-01-08 22:37:43,432 [0d9d6b7b-744f-4f5a-b215-8082335ad77a-impl-thread1] INFO  util.JmxRegister (JmxRegister.java:unregister(73)) - Successfully un-registered JMX Bean with object name Ratis:service=RaftServer,group=group-B1DEB076B92C,id=0d9d6b7b-744f-4f5a-b215-8082335ad77a
2024-01-08 22:37:43,433 [0d9d6b7b-744f-4f5a-b215-8082335ad77a-impl-thread1] INFO  impl.RoleInfo (RoleInfo.java:shutdownLeaderState(94)) - 0d9d6b7b-744f-4f5a-b215-8082335ad77a: shutdown 0d9d6b7b-744f-4f5a-b215-8082335ad77a@group-B1DEB076B92C-LeaderStateImpl
2024-01-08 22:37:43,433 [0d9d6b7b-744f-4f5a-b215-8082335ad77a-impl-thread2] INFO  server.RaftServer$Division (RaftServerImpl.java:lambda$close$3(516)) - 0d9d6b7b-744f-4f5a-b215-8082335ad77a@group-0FC28122E465: shutdown
2024-01-08 22:37:43,433 [0d9d6b7b-744f-4f5a-b215-8082335ad77a-impl-thread1] INFO  impl.PendingRequests (PendingRequests.java:sendNotLeaderResponses(289)) - 0d9d6b7b-744f-4f5a-b215-8082335ad77a@group-B1DEB076B92C-PendingRequests: sendNotLeaderResponses
2024-01-08 22:37:43,433 [0d9d6b7b-744f-4f5a-b215-8082335ad77a-impl-thread2] INFO  util.JmxRegister (JmxRegister.java:unregister(73)) - Successfully un-registered JMX Bean with object name Ratis:service=RaftServer,group=group-0FC28122E465,id=0d9d6b7b-744f-4f5a-b215-8082335ad77a
2024-01-08 22:37:43,433 [0d9d6b7b-744f-4f5a-b215-8082335ad77a-impl-thread2] INFO  impl.RoleInfo (RoleInfo.java:shutdownFollowerState(110)) - 0d9d6b7b-744f-4f5a-b215-8082335ad77a: shutdown 0d9d6b7b-744f-4f5a-b215-8082335ad77a@group-0FC28122E465-FollowerState
2024-01-08 22:37:43,433 [0d9d6b7b-744f-4f5a-b215-8082335ad77a-impl-thread2] INFO  impl.StateMachineUpdater (StateMachineUpdater.java:stopAndJoin(157)) - 0d9d6b7b-744f-4f5a-b215-8082335ad77a@group-0FC28122E465-StateMachineUpdater: set stopIndex = 2
2024-01-08 22:37:43,433 [0d9d6b7b-744f-4f5a-b215-8082335ad77a@group-0FC28122E465-FollowerState] INFO  impl.FollowerState (FollowerState.java:run(152)) - 0d9d6b7b-744f-4f5a-b215-8082335ad77a@group-0FC28122E465-FollowerState was interrupted
2024-01-08 22:37:43,433 [0d9d6b7b-744f-4f5a-b215-8082335ad77a-impl-thread1] INFO  impl.StateMachineUpdater (StateMachineUpdater.java:stopAndJoin(157)) - 0d9d6b7b-744f-4f5a-b215-8082335ad77a@group-B1DEB076B92C-StateMachineUpdater: set stopIndex = 0
2024-01-08 22:37:43,433 [0d9d6b7b-744f-4f5a-b215-8082335ad77a@group-0FC28122E465-StateMachineUpdater] INFO  ratis.ContainerStateMachine (ContainerStateMachine.java:takeSnapshot(355)) - group-0FC28122E465: Taking a snapshot at:(t:1, i:2) file /home/runner/work/ozone/ozone/hadoop-ozone/integration-test/target/test-dir/MiniOzoneClusterImpl-c2c64c26-053e-4d1e-83e3-051e2bfa4916/datanode-6/data/ratis/d9ec8a3d-19b9-494b-964b-0fc28122e465/sm/snapshot.1_2
2024-01-08 22:37:43,434 [0d9d6b7b-744f-4f5a-b215-8082335ad77a@group-B1DEB076B92C-StateMachineUpdater] INFO  ratis.ContainerStateMachine (ContainerStateMachine.java:takeSnapshot(355)) - group-B1DEB076B92C: Taking a snapshot at:(t:1, i:0) file /home/runner/work/ozone/ozone/hadoop-ozone/integration-test/target/test-dir/MiniOzoneClusterImpl-c2c64c26-053e-4d1e-83e3-051e2bfa4916/datanode-6/data/ratis/d44fdb9f-f608-4ce6-9b08-b1deb076b92c/sm/snapshot.1_0
2024-01-08 22:37:43,433 [main] INFO  server.GrpcService (GrpcService.java:closeImpl(320)) - 0d9d6b7b-744f-4f5a-b215-8082335ad77a: shutdown server org.apache.ratis.grpc.server.GrpcClientProtocolService successfully
2024-01-08 22:37:43,434 [main] INFO  server.GrpcService (GrpcService.java:closeImpl(311)) - 0d9d6b7b-744f-4f5a-b215-8082335ad77a: shutdown server GrpcServerProtocolService now
2024-01-08 22:37:43,434 [0d9d6b7b-744f-4f5a-b215-8082335ad77a@group-0FC28122E465-StateMachineUpdater] INFO  ratis.ContainerStateMachine (ContainerStateMachine.java:takeSnapshot(366)) - group-0FC28122E465: Finished taking a snapshot at:(t:1, i:2) file:/home/runner/work/ozone/ozone/hadoop-ozone/integration-test/target/test-dir/MiniOzoneClusterImpl-c2c64c26-053e-4d1e-83e3-051e2bfa4916/datanode-6/data/ratis/d9ec8a3d-19b9-494b-964b-0fc28122e465/sm/snapshot.1_2 took: 1 ms
2024-01-08 22:37:43,434 [0d9d6b7b-744f-4f5a-b215-8082335ad77a@group-0FC28122E465-StateMachineUpdater] INFO  impl.StateMachineUpdater (StateMachineUpdater.java:takeSnapshot(295)) - 0d9d6b7b-744f-4f5a-b215-8082335ad77a@group-0FC28122E465-StateMachineUpdater: Took a snapshot at index 2
2024-01-08 22:37:43,435 [0d9d6b7b-744f-4f5a-b215-8082335ad77a@group-0FC28122E465-StateMachineUpdater] INFO  impl.StateMachineUpdater (StateMachineUpdater.java:lambda$new$0(98)) - 0d9d6b7b-744f-4f5a-b215-8082335ad77a@group-0FC28122E465-StateMachineUpdater: snapshotIndex: updateIncreasingly -1 -> 2
2024-01-08 22:37:43,434 [0d9d6b7b-744f-4f5a-b215-8082335ad77a@group-B1DEB076B92C-StateMachineUpdater] INFO  ratis.ContainerStateMachine (ContainerStateMachine.java:takeSnapshot(366)) - group-B1DEB076B92C: Finished taking a snapshot at:(t:1, i:0) file:/home/runner/work/ozone/ozone/hadoop-ozone/integration-test/target/test-dir/MiniOzoneClusterImpl-c2c64c26-053e-4d1e-83e3-051e2bfa4916/datanode-6/data/ratis/d44fdb9f-f608-4ce6-9b08-b1deb076b92c/sm/snapshot.1_0 took: 0 ms
2024-01-08 22:37:43,435 [0d9d6b7b-744f-4f5a-b215-8082335ad77a@group-B1DEB076B92C-StateMachineUpdater] INFO  impl.StateMachineUpdater (StateMachineUpdater.java:takeSnapshot(295)) - 0d9d6b7b-744f-4f5a-b215-8082335ad77a@group-B1DEB076B92C-StateMachineUpdater: Took a snapshot at index 0
2024-01-08 22:37:43,435 [0d9d6b7b-744f-4f5a-b215-8082335ad77a@group-B1DEB076B92C-StateMachineUpdater] INFO  impl.StateMachineUpdater (StateMachineUpdater.java:lambda$new$0(98)) - 0d9d6b7b-744f-4f5a-b215-8082335ad77a@group-B1DEB076B92C-StateMachineUpdater: snapshotIndex: updateIncreasingly -1 -> 0
2024-01-08 22:37:43,435 [grpc-default-executor-2] WARN  server.GrpcServerProtocolService (LogUtils.java:warn(121)) - 0d9d6b7b-744f-4f5a-b215-8082335ad77a: APPEND_ENTRIES onError, lastRequest: null: org.apache.ratis.thirdparty.io.grpc.StatusRuntimeException: CANCELLED: client cancelled
2024-01-08 22:37:43,435 [0d9d6b7b-744f-4f5a-b215-8082335ad77a-impl-thread2] INFO  server.RaftServer$Division (ServerState.java:close(423)) - 0d9d6b7b-744f-4f5a-b215-8082335ad77a@group-0FC28122E465: applyIndex: 2
2024-01-08 22:37:43,435 [grpc-default-executor-0] WARN  server.GrpcServerProtocolService (LogUtils.java:warn(121)) - 0d9d6b7b-744f-4f5a-b215-8082335ad77a: APPEND_ENTRIES onError, lastRequest: 92bfa79f-b082-4a9b-a2b8-9a2f5047304a->0d9d6b7b-744f-4f5a-b215-8082335ad77a#5-t1,previous=(t:1, i:1),leaderCommit=1,initializing? true,entries: size=1, first=(t:1, i:2), METADATAENTRY(c:1): org.apache.ratis.thirdparty.io.grpc.StatusRuntimeException: CANCELLED: client cancelled
2024-01-08 22:37:43,435 [grpc-default-executor-2] WARN  server.GrpcLogAppender (LogUtils.java:warn(121)) - 92bfa79f-b082-4a9b-a2b8-9a2f5047304a@group-0FC28122E465->0d9d6b7b-744f-4f5a-b215-8082335ad77a-AppendLogResponseHandler: Failed appendEntries: org.apache.ratis.thirdparty.io.grpc.StatusRuntimeException: CANCELLED: RST_STREAM closed stream. HTTP/2 error code: CANCEL
2024-01-08 22:37:43,435 [0d9d6b7b-744f-4f5a-b215-8082335ad77a-impl-thread1] INFO  server.RaftServer$Division (ServerState.java:close(423)) - 0d9d6b7b-744f-4f5a-b215-8082335ad77a@group-B1DEB076B92C: applyIndex: 0
2024-01-08 22:37:43,436 [grpc-default-executor-2] WARN  server.GrpcLogAppender (GrpcLogAppender.java:resetClient(140)) - 92bfa79f-b082-4a9b-a2b8-9a2f5047304a@group-0FC28122E465->0d9d6b7b-744f-4f5a-b215-8082335ad77a-GrpcLogAppender: Follower failed and request == null,  keep nextIndex (3) unchanged and retry.
2024-01-08 22:37:43,436 [grpc-default-executor-0] WARN  server.GrpcLogAppender (LogUtils.java:warn(121)) - 92bfa79f-b082-4a9b-a2b8-9a2f5047304a@group-0FC28122E465->0d9d6b7b-744f-4f5a-b215-8082335ad77a-AppendLogResponseHandler: Failed appendEntries: org.apache.ratis.thirdparty.io.grpc.StatusRuntimeException: CANCELLED: RST_STREAM closed stream. HTTP/2 error code: CANCEL
2024-01-08 22:37:43,436 [grpc-default-executor-0] WARN  server.GrpcLogAppender (GrpcLogAppender.java:resetClient(140)) - 92bfa79f-b082-4a9b-a2b8-9a2f5047304a@group-0FC28122E465->0d9d6b7b-744f-4f5a-b215-8082335ad77a-GrpcLogAppender: Follower failed and request == null,  keep nextIndex (3) unchanged and retry.
2024-01-08 22:37:43,438 [0d9d6b7b-744f-4f5a-b215-8082335ad77a@group-B1DEB076B92C-cacheEviction-AwaitToRun] INFO  util.AwaitToRun (AwaitToRun.java:run(49)) - 0d9d6b7b-744f-4f5a-b215-8082335ad77a@group-B1DEB076B92C-cacheEviction-AwaitToRun-AwaitForSignal is interrupted
2024-01-08 22:37:43,438 [0d9d6b7b-744f-4f5a-b215-8082335ad77a@group-0FC28122E465-cacheEviction-AwaitToRun] INFO  util.AwaitToRun (AwaitToRun.java:run(49)) - 0d9d6b7b-744f-4f5a-b215-8082335ad77a@group-0FC28122E465-cacheEviction-AwaitToRun-AwaitForSignal is interrupted
2024-01-08 22:37:43,439 [main] INFO  server.GrpcService (GrpcService.java:closeImpl(320)) - 0d9d6b7b-744f-4f5a-b215-8082335ad77a: shutdown server GrpcServerProtocolService successfully
2024-01-08 22:37:43,439 [main] INFO  server.GrpcService (GrpcService.java:closeImpl(311)) - 0d9d6b7b-744f-4f5a-b215-8082335ad77a: shutdown server org.apache.ratis.grpc.server.GrpcAdminProtocolService now
2024-01-08 22:37:43,439 [main] INFO  server.GrpcService (GrpcService.java:closeImpl(320)) - 0d9d6b7b-744f-4f5a-b215-8082335ad77a: shutdown server org.apache.ratis.grpc.server.GrpcAdminProtocolService successfully
2024-01-08 22:37:43,439 [0d9d6b7b-744f-4f5a-b215-8082335ad77a-NettyServerStreamRpc-bossGroup--thread1] INFO  logging.LoggingHandler (AbstractInternalLogger.java:log(148)) - [id: 0x276526df, L:/0.0.0.0:15425] CLOSE
2024-01-08 22:37:43,439 [0d9d6b7b-744f-4f5a-b215-8082335ad77a-NettyServerStreamRpc-bossGroup--thread1] INFO  logging.LoggingHandler (AbstractInternalLogger.java:log(148)) - [id: 0x276526df, L:/0.0.0.0:15425] INACTIVE
2024-01-08 22:37:43,440 [0d9d6b7b-744f-4f5a-b215-8082335ad77a-NettyServerStreamRpc-bossGroup--thread1] INFO  logging.LoggingHandler (AbstractInternalLogger.java:log(148)) - [id: 0x276526df, L:/0.0.0.0:15425] UNREGISTERED
2024-01-08 22:37:44,169 [grpc-default-executor-0] WARN  server.GrpcLogAppender (LogUtils.java:warn(121)) - 92bfa79f-b082-4a9b-a2b8-9a2f5047304a@group-0FC28122E465->71d6d3a4-9c29-4ff8-bafc-b8f4ae2641d6-AppendLogResponseHandler: Failed appendEntries: org.apache.ratis.thirdparty.io.grpc.StatusRuntimeException: UNAVAILABLE: io exception
2024-01-08 22:37:44,169 [grpc-default-executor-2] WARN  server.GrpcLogAppender (LogUtils.java:warn(121)) - 92bfa79f-b082-4a9b-a2b8-9a2f5047304a@group-0FC28122E465->71d6d3a4-9c29-4ff8-bafc-b8f4ae2641d6-AppendLogResponseHandler: Failed appendEntries: org.apache.ratis.thirdparty.io.grpc.StatusRuntimeException: UNAVAILABLE: io exception
2024-01-08 22:37:44,169 [grpc-default-executor-0] WARN  server.GrpcLogAppender (GrpcLogAppender.java:resetClient(140)) - 92bfa79f-b082-4a9b-a2b8-9a2f5047304a@group-0FC28122E465->71d6d3a4-9c29-4ff8-bafc-b8f4ae2641d6-GrpcLogAppender: Follower failed and request == null,  keep nextIndex (3) unchanged and retry.
2024-01-08 22:37:44,169 [grpc-default-executor-2] WARN  server.GrpcLogAppender (GrpcLogAppender.java:resetClient(140)) - 92bfa79f-b082-4a9b-a2b8-9a2f5047304a@group-0FC28122E465->71d6d3a4-9c29-4ff8-bafc-b8f4ae2641d6-GrpcLogAppender: Follower failed and request == null,  keep nextIndex (3) unchanged and retry.
2024-01-08 22:37:44,279 [0d9d6b7b-744f-4f5a-b215-8082335ad77a-impl-thread1] INFO  segmented.SegmentedRaftLogWorker (SegmentedRaftLogWorker.java:close(243)) - 0d9d6b7b-744f-4f5a-b215-8082335ad77a@group-B1DEB076B92C-SegmentedRaftLogWorker close()
2024-01-08 22:37:44,413 [0d9d6b7b-744f-4f5a-b215-8082335ad77a-impl-thread2] INFO  segmented.SegmentedRaftLogWorker (SegmentedRaftLogWorker.java:close(243)) - 0d9d6b7b-744f-4f5a-b215-8082335ad77a@group-0FC28122E465-SegmentedRaftLogWorker close()
2024-01-08 22:37:44,415 [JvmPauseMonitor52] INFO  util.JvmPauseMonitor (JvmPauseMonitor.java:run(152)) - JvmPauseMonitor-0d9d6b7b-744f-4f5a-b215-8082335ad77a: Stopped
2024-01-08 22:37:45,419 [grpc-default-executor-0] WARN  server.GrpcLogAppender (LogUtils.java:warn(121)) - 92bfa79f-b082-4a9b-a2b8-9a2f5047304a@group-0FC28122E465->0d9d6b7b-744f-4f5a-b215-8082335ad77a-AppendLogResponseHandler: Failed appendEntries: org.apache.ratis.thirdparty.io.grpc.StatusRuntimeException: UNAVAILABLE: io exception
2024-01-08 22:37:45,420 [grpc-default-executor-0] WARN  server.GrpcLogAppender (GrpcLogAppender.java:resetClient(140)) - 92bfa79f-b082-4a9b-a2b8-9a2f5047304a@group-0FC28122E465->0d9d6b7b-744f-4f5a-b215-8082335ad77a-GrpcLogAppender: Follower failed and request == null,  keep nextIndex (3) unchanged and retry.
2024-01-08 22:37:45,419 [grpc-default-executor-5] WARN  server.GrpcLogAppender (LogUtils.java:warn(121)) - 92bfa79f-b082-4a9b-a2b8-9a2f5047304a@group-0FC28122E465->0d9d6b7b-744f-4f5a-b215-8082335ad77a-AppendLogResponseHandler: Failed appendEntries: org.apache.ratis.thirdparty.io.grpc.StatusRuntimeException: UNAVAILABLE: io exception
2024-01-08 22:37:45,420 [grpc-default-executor-5] WARN  server.GrpcLogAppender (GrpcLogAppender.java:resetClient(140)) - 92bfa79f-b082-4a9b-a2b8-9a2f5047304a@group-0FC28122E465->0d9d6b7b-744f-4f5a-b215-8082335ad77a-GrpcLogAppender: Follower failed and request == null,  keep nextIndex (3) unchanged and retry.
2024-01-08 22:37:45,421 [grpc-default-executor-5] WARN  server.GrpcLogAppender (LogUtils.java:warn(121)) - 92bfa79f-b082-4a9b-a2b8-9a2f5047304a@group-0FC28122E465->71d6d3a4-9c29-4ff8-bafc-b8f4ae2641d6-AppendLogResponseHandler: Failed appendEntries: org.apache.ratis.thirdparty.io.grpc.StatusRuntimeException: UNAVAILABLE: io exception
2024-01-08 22:37:45,421 [grpc-default-executor-0] WARN  server.GrpcLogAppender (LogUtils.java:warn(121)) - 92bfa79f-b082-4a9b-a2b8-9a2f5047304a@group-0FC28122E465->71d6d3a4-9c29-4ff8-bafc-b8f4ae2641d6-AppendLogResponseHandler: Failed appendEntries: org.apache.ratis.thirdparty.io.grpc.StatusRuntimeException: UNAVAILABLE: io exception
2024-01-08 22:37:45,421 [grpc-default-executor-5] WARN  server.GrpcLogAppender (GrpcLogAppender.java:resetClient(140)) - 92bfa79f-b082-4a9b-a2b8-9a2f5047304a@group-0FC28122E465->71d6d3a4-9c29-4ff8-bafc-b8f4ae2641d6-GrpcLogAppender: Follower failed and request == null,  keep nextIndex (3) unchanged and retry.
2024-01-08 22:37:45,422 [grpc-default-executor-0] WARN  server.GrpcLogAppender (GrpcLogAppender.java:resetClient(140)) - 92bfa79f-b082-4a9b-a2b8-9a2f5047304a@group-0FC28122E465->71d6d3a4-9c29-4ff8-bafc-b8f4ae2641d6-GrpcLogAppender: Follower failed and request == null,  keep nextIndex (3) unchanged and retry.
2024-01-08 22:37:46,417 [main] INFO  utils.DatanodeStoreCache (DatanodeStoreCache.java:shutdownCache(110)) - Skip clearing cache in mini cluster mode. Entries left: [/home/runner/work/ozone/ozone/hadoop-ozone/integration-test/target/test-dir/MiniOzoneClusterImpl-c2c64c26-053e-4d1e-83e3-051e2bfa4916/datanode-0/data-0/containers/hdds/c2c64c26-053e-4d1e-83e3-051e2bfa4916/DS-de3d1c6f-5594-42f0-b931-bf2de06e70d7/container.db, /home/runner/work/ozone/ozone/hadoop-ozone/integration-test/target/test-dir/MiniOzoneClusterImpl-c2c64c26-053e-4d1e-83e3-051e2bfa4916/datanode-1/data-0/containers/hdds/c2c64c26-053e-4d1e-83e3-051e2bfa4916/DS-b9784e3a-3c86-4ec0-ba81-2381c1f00ba0/container.db, /home/runner/work/ozone/ozone/hadoop-ozone/integration-test/target/test-dir/MiniOzoneClusterImpl-c2c64c26-053e-4d1e-83e3-051e2bfa4916/datanode-2/data-0/containers/hdds/c2c64c26-053e-4d1e-83e3-051e2bfa4916/DS-4495f8c2-222b-42f6-8fec-78ad68da0719/container.db, /home/runner/work/ozone/ozone/hadoop-ozone/integration-test/target/test-dir/MiniOzoneClusterImpl-c2c64c26-053e-4d1e-83e3-051e2bfa4916/datanode-3/data-0/containers/hdds/c2c64c26-053e-4d1e-83e3-051e2bfa4916/DS-6f60db56-4d06-4c52-8cf9-b37d8ef3e922/container.db, /home/runner/work/ozone/ozone/hadoop-ozone/integration-test/target/test-dir/MiniOzoneClusterImpl-c2c64c26-053e-4d1e-83e3-051e2bfa4916/datanode-4/data-0/containers/hdds/c2c64c26-053e-4d1e-83e3-051e2bfa4916/DS-3a6f02c8-0578-4c6e-815c-e6a4b695ea27/container.db, /home/runner/work/ozone/ozone/hadoop-ozone/integration-test/target/test-dir/MiniOzoneClusterImpl-c2c64c26-053e-4d1e-83e3-051e2bfa4916/datanode-5/data-0/containers/hdds/c2c64c26-053e-4d1e-83e3-051e2bfa4916/DS-b25037c2-b6e0-48ed-9174-3cf5cf941194/container.db, /home/runner/work/ozone/ozone/hadoop-ozone/integration-test/target/test-dir/MiniOzoneClusterImpl-c2c64c26-053e-4d1e-83e3-051e2bfa4916/datanode-6/data-0/containers/hdds/c2c64c26-053e-4d1e-83e3-051e2bfa4916/DS-06a043b3-c07b-4bc0-9f73-22036aae6a96/container.db, /home/runner/work/ozone/ozone/hadoop-ozone/integration-test/target/test-dir/MiniOzoneClusterImpl-c2c64c26-053e-4d1e-83e3-051e2bfa4916/datanode-7/data-0/containers/hdds/c2c64c26-053e-4d1e-83e3-051e2bfa4916/DS-f0e1030a-5d67-4da6-b748-acbf95577870/container.db]
2024-01-08 22:37:46,418 [main] INFO  utils.DatanodeStoreCache (DatanodeStoreCache.java:removeDB(104)) - Removed db /home/runner/work/ozone/ozone/hadoop-ozone/integration-test/target/test-dir/MiniOzoneClusterImpl-c2c64c26-053e-4d1e-83e3-051e2bfa4916/datanode-6/data-0/containers/hdds/c2c64c26-053e-4d1e-83e3-051e2bfa4916/DS-06a043b3-c07b-4bc0-9f73-22036aae6a96/container.db from cache
2024-01-08 22:37:46,418 [main] INFO  volume.HddsVolume (HddsVolume.java:closeDbStore(451)) - SchemaV3 db is stopped at /home/runner/work/ozone/ozone/hadoop-ozone/integration-test/target/test-dir/MiniOzoneClusterImpl-c2c64c26-053e-4d1e-83e3-051e2bfa4916/datanode-6/data-0/containers/hdds/c2c64c26-053e-4d1e-83e3-051e2bfa4916/DS-06a043b3-c07b-4bc0-9f73-22036aae6a96/container.db for volume DS-06a043b3-c07b-4bc0-9f73-22036aae6a96
2024-01-08 22:37:46,419 [main] INFO  utils.BackgroundService (BackgroundService.java:shutdown(160)) - Shutting down service BlockDeletingService
2024-01-08 22:37:46,419 [main] INFO  utils.BackgroundService (BackgroundService.java:shutdown(160)) - Shutting down service StaleRecoveringContainerScrubbingService
2024-01-08 22:37:46,419 [main] INFO  statemachine.DatanodeStateMachine (DatanodeStateMachine.java:stopDaemon(638)) - Ozone container server stopped.
2024-01-08 22:37:46,420 [main] INFO  handler.ContextHandler (ContextHandler.java:doStop(1159)) - Stopped o.e.j.w.WebAppContext@592f0838{hddsDatanode,/,null,STOPPED}{jar:file:/home/runner/.m2/repository/org/apache/ozone/hdds-container-service/1.5.0-SNAPSHOT/hdds-container-service-1.5.0-SNAPSHOT.jar!/webapps/hddsDatanode}
2024-01-08 22:37:46,420 [main] INFO  server.AbstractConnector (AbstractConnector.java:doStop(383)) - Stopped ServerConnector@60adb5e8{HTTP/1.1, (http/1.1)}{0.0.0.0:15419}
2024-01-08 22:37:46,420 [main] INFO  server.session (HouseKeeper.java:stopScavenging(149)) - node0 Stopped scavenging
2024-01-08 22:37:46,421 [main] INFO  handler.ContextHandler (ContextHandler.java:doStop(1159)) - Stopped o.e.j.s.ServletContextHandler@34380041{static,/static,jar:file:/home/runner/.m2/repository/org/apache/ozone/hdds-container-service/1.5.0-SNAPSHOT/hdds-container-service-1.5.0-SNAPSHOT.jar!/webapps/static,STOPPED}
2024-01-08 22:37:46,421 [main] INFO  handler.ContextHandler (ContextHandler.java:doStop(1159)) - Stopped o.e.j.s.ServletContextHandler@6b04770d{logs,/logs,file:///home/runner/work/ozone/ozone/hadoop-ozone/integration-test/target/log,STOPPED}
2024-01-08 22:37:46,421 [main] INFO  ozone.HddsDatanodeClientProtocolServer (HddsDatanodeClientProtocolServer.java:stop(78)) - Stopping the RPC server for Client Protocol
2024-01-08 22:37:46,422 [main] INFO  ipc.Server (Server.java:stop(3523)) - Stopping server on 15420
2024-01-08 22:37:46,422 [IPC Server listener on 15420] INFO  ipc.Server (Server.java:run(1434)) - Stopping IPC Server listener on 15420
2024-01-08 22:37:46,422 [IPC Server Responder] INFO  ipc.Server (Server.java:run(1567)) - Stopping IPC Server Responder
2024-01-08 22:37:46,424 [main] INFO  pipeline.PipelineManagerImpl (PipelineManagerImpl.java:closeContainersForPipeline(484)) - Container #1 closed for pipeline=PipelineID=d9ec8a3d-19b9-494b-964b-0fc28122e465
2024-01-08 22:37:46,424 [EventQueue-CloseContainerForCloseContainerEventHandler] INFO  container.CloseContainerEventHandler (CloseContainerEventHandler.java:onMessage(88)) - Close container Event triggered for container : #1, current state: CLOSING
2024-01-08 22:37:46,424 [main] INFO  pipeline.PipelineManagerImpl (PipelineManagerImpl.java:closePipeline(518)) - Pipeline PipelineID=d9ec8a3d-19b9-494b-964b-0fc28122e465 moved to CLOSED state
2024-01-08 22:37:46,671 [grpc-default-executor-0] WARN  server.GrpcLogAppender (LogUtils.java:warn(121)) - 92bfa79f-b082-4a9b-a2b8-9a2f5047304a@group-0FC28122E465->0d9d6b7b-744f-4f5a-b215-8082335ad77a-AppendLogResponseHandler: Failed appendEntries: org.apache.ratis.thirdparty.io.grpc.StatusRuntimeException: UNAVAILABLE: io exception
2024-01-08 22:37:46,671 [grpc-default-executor-5] WARN  server.GrpcLogAppender (LogUtils.java:warn(121)) - 92bfa79f-b082-4a9b-a2b8-9a2f5047304a@group-0FC28122E465->0d9d6b7b-744f-4f5a-b215-8082335ad77a-AppendLogResponseHandler: Failed appendEntries: org.apache.ratis.thirdparty.io.grpc.StatusRuntimeException: UNAVAILABLE: io exception
2024-01-08 22:37:46,671 [grpc-default-executor-0] WARN  server.GrpcLogAppender (GrpcLogAppender.java:resetClient(140)) - 92bfa79f-b082-4a9b-a2b8-9a2f5047304a@group-0FC28122E465->0d9d6b7b-744f-4f5a-b215-8082335ad77a-GrpcLogAppender: Follower failed and request == null,  keep nextIndex (3) unchanged and retry.
2024-01-08 22:37:46,672 [grpc-default-executor-5] WARN  server.GrpcLogAppender (GrpcLogAppender.java:resetClient(140)) - 92bfa79f-b082-4a9b-a2b8-9a2f5047304a@group-0FC28122E465->0d9d6b7b-744f-4f5a-b215-8082335ad77a-GrpcLogAppender: Follower failed and request == null,  keep nextIndex (3) unchanged and retry.
2024-01-08 22:37:46,673 [grpc-default-executor-5] WARN  server.GrpcLogAppender (LogUtils.java:warn(121)) - 92bfa79f-b082-4a9b-a2b8-9a2f5047304a@group-0FC28122E465->71d6d3a4-9c29-4ff8-bafc-b8f4ae2641d6-AppendLogResponseHandler: Failed appendEntries: org.apache.ratis.thirdparty.io.grpc.StatusRuntimeException: UNAVAILABLE: io exception
2024-01-08 22:37:46,673 [grpc-default-executor-0] WARN  server.GrpcLogAppender (LogUtils.java:warn(121)) - 92bfa79f-b082-4a9b-a2b8-9a2f5047304a@group-0FC28122E465->71d6d3a4-9c29-4ff8-bafc-b8f4ae2641d6-AppendLogResponseHandler: Failed appendEntries: org.apache.ratis.thirdparty.io.grpc.StatusRuntimeException: UNAVAILABLE: io exception
2024-01-08 22:37:46,673 [grpc-default-executor-5] WARN  server.GrpcLogAppender (GrpcLogAppender.java:resetClient(140)) - 92bfa79f-b082-4a9b-a2b8-9a2f5047304a@group-0FC28122E465->71d6d3a4-9c29-4ff8-bafc-b8f4ae2641d6-GrpcLogAppender: Follower failed and request == null,  keep nextIndex (3) unchanged and retry.
2024-01-08 22:37:46,674 [grpc-default-executor-0] WARN  server.GrpcLogAppender (GrpcLogAppender.java:resetClient(140)) - 92bfa79f-b082-4a9b-a2b8-9a2f5047304a@group-0FC28122E465->71d6d3a4-9c29-4ff8-bafc-b8f4ae2641d6-GrpcLogAppender: Follower failed and request == null,  keep nextIndex (3) unchanged and retry.
2024-01-08 22:37:47,923 [grpc-default-executor-0] WARN  server.GrpcLogAppender (LogUtils.java:warn(121)) - 92bfa79f-b082-4a9b-a2b8-9a2f5047304a@group-0FC28122E465->0d9d6b7b-744f-4f5a-b215-8082335ad77a-AppendLogResponseHandler: Failed appendEntries: org.apache.ratis.thirdparty.io.grpc.StatusRuntimeException: UNAVAILABLE: io exception
2024-01-08 22:37:47,923 [grpc-default-executor-5] WARN  server.GrpcLogAppender (LogUtils.java:warn(121)) - 92bfa79f-b082-4a9b-a2b8-9a2f5047304a@group-0FC28122E465->0d9d6b7b-744f-4f5a-b215-8082335ad77a-AppendLogResponseHandler: Failed appendEntries: org.apache.ratis.thirdparty.io.grpc.StatusRuntimeException: UNAVAILABLE: io exception
2024-01-08 22:37:47,923 [grpc-default-executor-0] WARN  server.GrpcLogAppender (GrpcLogAppender.java:resetClient(140)) - 92bfa79f-b082-4a9b-a2b8-9a2f5047304a@group-0FC28122E465->0d9d6b7b-744f-4f5a-b215-8082335ad77a-GrpcLogAppender: Follower failed and request == null,  keep nextIndex (3) unchanged and retry.
2024-01-08 22:37:47,924 [grpc-default-executor-5] WARN  server.GrpcLogAppender (GrpcLogAppender.java:resetClient(140)) - 92bfa79f-b082-4a9b-a2b8-9a2f5047304a@group-0FC28122E465->0d9d6b7b-744f-4f5a-b215-8082335ad77a-GrpcLogAppender: Follower failed and request == null,  keep nextIndex (3) unchanged and retry.
2024-01-08 22:37:47,924 [grpc-default-executor-5] WARN  server.GrpcLogAppender (LogUtils.java:warn(121)) - 92bfa79f-b082-4a9b-a2b8-9a2f5047304a@group-0FC28122E465->71d6d3a4-9c29-4ff8-bafc-b8f4ae2641d6-AppendLogResponseHandler: Failed appendEntries: org.apache.ratis.thirdparty.io.grpc.StatusRuntimeException: UNAVAILABLE: io exception
2024-01-08 22:37:47,925 [grpc-default-executor-0] WARN  server.GrpcLogAppender (LogUtils.java:warn(121)) - 92bfa79f-b082-4a9b-a2b8-9a2f5047304a@group-0FC28122E465->71d6d3a4-9c29-4ff8-bafc-b8f4ae2641d6-AppendLogResponseHandler: Failed appendEntries: org.apache.ratis.thirdparty.io.grpc.StatusRuntimeException: UNAVAILABLE: io exception
2024-01-08 22:37:47,925 [grpc-default-executor-5] WARN  server.GrpcLogAppender (GrpcLogAppender.java:resetClient(140)) - 92bfa79f-b082-4a9b-a2b8-9a2f5047304a@group-0FC28122E465->71d6d3a4-9c29-4ff8-bafc-b8f4ae2641d6-GrpcLogAppender: Follower failed and request == null,  keep nextIndex (3) unchanged and retry.
2024-01-08 22:37:47,925 [grpc-default-executor-0] WARN  server.GrpcLogAppender (GrpcLogAppender.java:resetClient(140)) - 92bfa79f-b082-4a9b-a2b8-9a2f5047304a@group-0FC28122E465->71d6d3a4-9c29-4ff8-bafc-b8f4ae2641d6-GrpcLogAppender: Follower failed and request == null,  keep nextIndex (3) unchanged and retry.
2024-01-08 22:37:49,174 [grpc-default-executor-0] WARN  server.GrpcLogAppender (LogUtils.java:warn(121)) - 92bfa79f-b082-4a9b-a2b8-9a2f5047304a@group-0FC28122E465->0d9d6b7b-744f-4f5a-b215-8082335ad77a-AppendLogResponseHandler: Failed appendEntries: org.apache.ratis.thirdparty.io.grpc.StatusRuntimeException: UNAVAILABLE: io exception
2024-01-08 22:37:49,174 [grpc-default-executor-5] WARN  server.GrpcLogAppender (LogUtils.java:warn(121)) - 92bfa79f-b082-4a9b-a2b8-9a2f5047304a@group-0FC28122E465->0d9d6b7b-744f-4f5a-b215-8082335ad77a-AppendLogResponseHandler: Failed appendEntries: org.apache.ratis.thirdparty.io.grpc.StatusRuntimeException: UNAVAILABLE: io exception
2024-01-08 22:37:49,175 [grpc-default-executor-0] WARN  server.GrpcLogAppender (GrpcLogAppender.java:resetClient(140)) - 92bfa79f-b082-4a9b-a2b8-9a2f5047304a@group-0FC28122E465->0d9d6b7b-744f-4f5a-b215-8082335ad77a-GrpcLogAppender: Follower failed and request == null,  keep nextIndex (3) unchanged and retry.
2024-01-08 22:37:49,176 [grpc-default-executor-5] WARN  server.GrpcLogAppender (GrpcLogAppender.java:resetClient(140)) - 92bfa79f-b082-4a9b-a2b8-9a2f5047304a@group-0FC28122E465->0d9d6b7b-744f-4f5a-b215-8082335ad77a-GrpcLogAppender: Follower failed and request == null,  keep nextIndex (3) unchanged and retry.
2024-01-08 22:37:49,435 [null-request--thread1] INFO  server.GrpcClientProtocolService (GrpcClientProtocolService.java:lambda$processClientRequest$0(284)) - Failed RaftClientRequest:client-EDFD1F440FB9->92bfa79f-b082-4a9b-a2b8-9a2f5047304a@group-0FC28122E465, cid=77, seq=null, Watch-ALL_COMMITTED(101), Message:<EMPTY>, reply=RaftClientReply:client-EDFD1F440FB9->92bfa79f-b082-4a9b-a2b8-9a2f5047304a@group-0FC28122E465, cid=77, FAILED org.apache.ratis.protocol.exceptions.NotReplicatedException: Request with call Id 77 and log index 101 is not yet replicated to ALL_COMMITTED, logIndex=101, commits[92bfa79f-b082-4a9b-a2b8-9a2f5047304a:c2, 0d9d6b7b-744f-4f5a-b215-8082335ad77a:c2, 71d6d3a4-9c29-4ff8-bafc-b8f4ae2641d6:c1]
2024-01-08 22:37:49,437 [main] WARN  scm.XceiverClientRatis (XceiverClientRatis.java:watchForCommit(284)) - 3 way commit failed on pipeline Pipeline[ Id: d9ec8a3d-19b9-494b-964b-0fc28122e465, Nodes: 71d6d3a4-9c29-4ff8-bafc-b8f4ae2641d6(fv-az1425-465/10.1.0.16)0d9d6b7b-744f-4f5a-b215-8082335ad77a(fv-az1425-465/10.1.0.16)92bfa79f-b082-4a9b-a2b8-9a2f5047304a(fv-az1425-465/10.1.0.16), ReplicationConfig: RATIS/THREE, State:OPEN, leaderId:92bfa79f-b082-4a9b-a2b8-9a2f5047304a, CreationTimestamp2024-01-08T22:37:32.367Z[Etc/UTC]]
java.util.concurrent.ExecutionException: org.apache.ratis.protocol.exceptions.NotReplicatedException: Request with call Id 77 and log index 101 is not yet replicated to ALL_COMMITTED
	at java.util.concurrent.CompletableFuture.reportGet(CompletableFuture.java:357)
	at java.util.concurrent.CompletableFuture.get(CompletableFuture.java:1908)
	at org.apache.hadoop.hdds.scm.XceiverClientRatis.watchForCommit(XceiverClientRatis.java:279)
	at org.apache.hadoop.ozone.client.rpc.TestWatchForCommit.testWatchForCommitForRetryfailure(TestWatchForCommit.java:281)
	at sun.reflect.NativeMethodAccessorImpl.invoke0(Native Method)
	at sun.reflect.NativeMethodAccessorImpl.invoke(NativeMethodAccessorImpl.java:62)
	at sun.reflect.DelegatingMethodAccessorImpl.invoke(DelegatingMethodAccessorImpl.java:43)
	at java.lang.reflect.Method.invoke(Method.java:498)
	at org.junit.platform.commons.util.ReflectionUtils.invokeMethod(ReflectionUtils.java:728)
	at org.junit.jupiter.engine.execution.MethodInvocation.proceed(MethodInvocation.java:60)
	at org.junit.jupiter.engine.execution.InvocationInterceptorChain$ValidatingInvocation.proceed(InvocationInterceptorChain.java:131)
	at org.junit.jupiter.engine.extension.TimeoutExtension.intercept(TimeoutExtension.java:156)
	at org.junit.jupiter.engine.extension.TimeoutExtension.interceptTestableMethod(TimeoutExtension.java:147)
	at org.junit.jupiter.engine.extension.TimeoutExtension.interceptTestMethod(TimeoutExtension.java:86)
	at org.junit.jupiter.engine.execution.InterceptingExecutableInvoker$ReflectiveInterceptorCall.lambda$ofVoidMethod$0(InterceptingExecutableInvoker.java:103)
	at org.junit.jupiter.engine.execution.InterceptingExecutableInvoker.lambda$invoke$0(InterceptingExecutableInvoker.java:93)
	at org.junit.jupiter.engine.execution.InvocationInterceptorChain$InterceptedInvocation.proceed(InvocationInterceptorChain.java:106)
	at org.junit.jupiter.engine.execution.InvocationInterceptorChain.proceed(InvocationInterceptorChain.java:64)
	at org.junit.jupiter.engine.execution.InvocationInterceptorChain.chainAndInvoke(InvocationInterceptorChain.java:45)
	at org.junit.jupiter.engine.execution.InvocationInterceptorChain.invoke(InvocationInterceptorChain.java:37)
	at org.junit.jupiter.engine.execution.InterceptingExecutableInvoker.invoke(InterceptingExecutableInvoker.java:92)
	at org.junit.jupiter.engine.execution.InterceptingExecutableInvoker.invoke(InterceptingExecutableInvoker.java:86)
	at org.junit.jupiter.engine.descriptor.TestMethodTestDescriptor.lambda$invokeTestMethod$7(TestMethodTestDescriptor.java:218)
	at org.junit.platform.engine.support.hierarchical.ThrowableCollector.execute(ThrowableCollector.java:73)
	at org.junit.jupiter.engine.descriptor.TestMethodTestDescriptor.invokeTestMethod(TestMethodTestDescriptor.java:214)
	at org.junit.jupiter.engine.descriptor.TestMethodTestDescriptor.execute(TestMethodTestDescriptor.java:139)
	at org.junit.jupiter.engine.descriptor.TestMethodTestDescriptor.execute(TestMethodTestDescriptor.java:69)
	at org.junit.platform.engine.support.hierarchical.NodeTestTask.lambda$executeRecursively$6(NodeTestTask.java:151)
	at org.junit.platform.engine.support.hierarchical.ThrowableCollector.execute(ThrowableCollector.java:73)
	at org.junit.platform.engine.support.hierarchical.NodeTestTask.lambda$executeRecursively$8(NodeTestTask.java:141)
	at org.junit.platform.engine.support.hierarchical.Node.around(Node.java:137)
	at org.junit.platform.engine.support.hierarchical.NodeTestTask.lambda$executeRecursively$9(NodeTestTask.java:139)
	at org.junit.platform.engine.support.hierarchical.ThrowableCollector.execute(ThrowableCollector.java:73)
	at org.junit.platform.engine.support.hierarchical.NodeTestTask.executeRecursively(NodeTestTask.java:138)
	at org.junit.platform.engine.support.hierarchical.NodeTestTask.execute(NodeTestTask.java:95)
	at java.util.ArrayList.forEach(ArrayList.java:1259)
	at org.junit.platform.engine.support.hierarchical.SameThreadHierarchicalTestExecutorService.invokeAll(SameThreadHierarchicalTestExecutorService.java:41)
	at org.junit.platform.engine.support.hierarchical.NodeTestTask.lambda$executeRecursively$6(NodeTestTask.java:155)
	at org.junit.platform.engine.support.hierarchical.ThrowableCollector.execute(ThrowableCollector.java:73)
	at org.junit.platform.engine.support.hierarchical.NodeTestTask.lambda$executeRecursively$8(NodeTestTask.java:141)
	at org.junit.platform.engine.support.hierarchical.Node.around(Node.java:137)
	at org.junit.platform.engine.support.hierarchical.NodeTestTask.lambda$executeRecursively$9(NodeTestTask.java:139)
	at org.junit.platform.engine.support.hierarchical.ThrowableCollector.execute(ThrowableCollector.java:73)
	at org.junit.platform.engine.support.hierarchical.NodeTestTask.executeRecursively(NodeTestTask.java:138)
	at org.junit.platform.engine.support.hierarchical.NodeTestTask.execute(NodeTestTask.java:95)
	at java.util.ArrayList.forEach(ArrayList.java:1259)
	at org.junit.platform.engine.support.hierarchical.SameThreadHierarchicalTestExecutorService.invokeAll(SameThreadHierarchicalTestExecutorService.java:41)
	at org.junit.platform.engine.support.hierarchical.NodeTestTask.lambda$executeRecursively$6(NodeTestTask.java:155)
	at org.junit.platform.engine.support.hierarchical.ThrowableCollector.execute(ThrowableCollector.java:73)
	at org.junit.platform.engine.support.hierarchical.NodeTestTask.lambda$executeRecursively$8(NodeTestTask.java:141)
	at org.junit.platform.engine.support.hierarchical.Node.around(Node.java:137)
	at org.junit.platform.engine.support.hierarchical.NodeTestTask.lambda$executeRecursively$9(NodeTestTask.java:139)
	at org.junit.platform.engine.support.hierarchical.ThrowableCollector.execute(ThrowableCollector.java:73)
	at org.junit.platform.engine.support.hierarchical.NodeTestTask.executeRecursively(NodeTestTask.java:138)
	at org.junit.platform.engine.support.hierarchical.NodeTestTask.execute(NodeTestTask.java:95)
	at org.junit.platform.engine.support.hierarchical.SameThreadHierarchicalTestExecutorService.submit(SameThreadHierarchicalTestExecutorService.java:35)
	at org.junit.platform.engine.support.hierarchical.HierarchicalTestExecutor.execute(HierarchicalTestExecutor.java:57)
	at org.junit.platform.engine.support.hierarchical.HierarchicalTestEngine.execute(HierarchicalTestEngine.java:54)
	at org.junit.platform.launcher.core.EngineExecutionOrchestrator.execute(EngineExecutionOrchestrator.java:198)
	at org.junit.platform.launcher.core.EngineExecutionOrchestrator.execute(EngineExecutionOrchestrator.java:169)
	at org.junit.platform.launcher.core.EngineExecutionOrchestrator.execute(EngineExecutionOrchestrator.java:93)
	at org.junit.platform.launcher.core.EngineExecutionOrchestrator.lambda$execute$0(EngineExecutionOrchestrator.java:58)
	at org.junit.platform.launcher.core.EngineExecutionOrchestrator.withInterceptedStreams(EngineExecutionOrchestrator.java:141)
	at org.junit.platform.launcher.core.EngineExecutionOrchestrator.execute(EngineExecutionOrchestrator.java:57)
	at org.junit.platform.launcher.core.DefaultLauncher.execute(DefaultLauncher.java:103)
	at org.junit.platform.launcher.core.DefaultLauncher.execute(DefaultLauncher.java:85)
	at org.junit.platform.launcher.core.DelegatingLauncher.execute(DelegatingLauncher.java:47)
	at org.apache.maven.surefire.junitplatform.LazyLauncher.execute(LazyLauncher.java:56)
	at org.apache.maven.surefire.junitplatform.JUnitPlatformProvider.invokeAllTests(JUnitPlatformProvider.java:162)
	at org.apache.maven.surefire.junitplatform.JUnitPlatformProvider.invoke(JUnitPlatformProvider.java:120)
	at org.apache.maven.surefire.booter.ForkedBooter.runSuitesInProcess(ForkedBooter.java:385)
	at org.apache.maven.surefire.booter.ForkedBooter.execute(ForkedBooter.java:162)
	at org.apache.maven.surefire.booter.ForkedBooter.run(ForkedBooter.java:507)
	at org.apache.maven.surefire.booter.ForkedBooter.main(ForkedBooter.java:495)
Caused by: org.apache.ratis.protocol.exceptions.NotReplicatedException: Request with call Id 77 and log index 101 is not yet replicated to ALL_COMMITTED
	at org.apache.ratis.client.impl.ClientProtoUtils.toRaftClientReply(ClientProtoUtils.java:400)
	at org.apache.ratis.grpc.client.GrpcClientProtocolClient$AsyncStreamObservers$1.onNext(GrpcClientProtocolClient.java:310)
	at org.apache.ratis.grpc.client.GrpcClientProtocolClient$AsyncStreamObservers$1.onNext(GrpcClientProtocolClient.java:305)
	at org.apache.ratis.thirdparty.io.grpc.stub.ClientCalls$StreamObserverToCallListenerAdapter.onMessage(ClientCalls.java:468)
	at org.apache.ratis.thirdparty.io.grpc.ForwardingClientCallListener.onMessage(ForwardingClientCallListener.java:33)
	at org.apache.ratis.thirdparty.io.grpc.internal.ClientCallImpl$ClientStreamListenerImpl$1MessagesAvailable.runInternal(ClientCallImpl.java:660)
	at org.apache.ratis.thirdparty.io.grpc.internal.ClientCallImpl$ClientStreamListenerImpl$1MessagesAvailable.runInContext(ClientCallImpl.java:647)
	at org.apache.ratis.thirdparty.io.grpc.internal.ContextRunnable.run(ContextRunnable.java:37)
	at org.apache.ratis.thirdparty.io.grpc.internal.SerializingExecutor.run(SerializingExecutor.java:133)
	at java.util.concurrent.ThreadPoolExecutor.runWorker(ThreadPoolExecutor.java:1149)
	at java.util.concurrent.ThreadPoolExecutor$Worker.run(ThreadPoolExecutor.java:624)
	at java.lang.Thread.run(Thread.java:750)
2024-01-08 22:37:50,097 [grpc-default-executor-0] WARN  server.GrpcLogAppender (LogUtils.java:warn(121)) - 92bfa79f-b082-4a9b-a2b8-9a2f5047304a@group-0FC28122E465->71d6d3a4-9c29-4ff8-bafc-b8f4ae2641d6-AppendLogResponseHandler: Failed appendEntries: org.apache.ratis.thirdparty.io.grpc.StatusRuntimeException: UNAVAILABLE: io exception
2024-01-08 22:37:50,097 [grpc-default-executor-5] WARN  server.GrpcLogAppender (LogUtils.java:warn(121)) - 92bfa79f-b082-4a9b-a2b8-9a2f5047304a@group-0FC28122E465->71d6d3a4-9c29-4ff8-bafc-b8f4ae2641d6-AppendLogResponseHandler: Failed appendEntries: org.apache.ratis.thirdparty.io.grpc.StatusRuntimeException: UNAVAILABLE: io exception
2024-01-08 22:37:50,097 [grpc-default-executor-0] WARN  server.GrpcLogAppender (GrpcLogAppender.java:resetClient(140)) - 92bfa79f-b082-4a9b-a2b8-9a2f5047304a@group-0FC28122E465->71d6d3a4-9c29-4ff8-bafc-b8f4ae2641d6-GrpcLogAppender: Follower failed and request == null,  keep nextIndex (3) unchanged and retry.
2024-01-08 22:37:50,097 [grpc-default-executor-5] WARN  server.GrpcLogAppender (GrpcLogAppender.java:resetClient(140)) - 92bfa79f-b082-4a9b-a2b8-9a2f5047304a@group-0FC28122E465->71d6d3a4-9c29-4ff8-bafc-b8f4ae2641d6-GrpcLogAppender: Follower failed and request == null,  keep nextIndex (3) unchanged and retry.
2024-01-08 22:37:50,427 [grpc-default-executor-5] WARN  server.GrpcLogAppender (LogUtils.java:warn(121)) - 92bfa79f-b082-4a9b-a2b8-9a2f5047304a@group-0FC28122E465->0d9d6b7b-744f-4f5a-b215-8082335ad77a-AppendLogResponseHandler: Failed appendEntries: org.apache.ratis.thirdparty.io.grpc.StatusRuntimeException: UNAVAILABLE: io exception
2024-01-08 22:37:50,427 [grpc-default-executor-0] WARN  server.GrpcLogAppender (LogUtils.java:warn(121)) - 92bfa79f-b082-4a9b-a2b8-9a2f5047304a@group-0FC28122E465->0d9d6b7b-744f-4f5a-b215-8082335ad77a-AppendLogResponseHandler: Failed appendEntries: org.apache.ratis.thirdparty.io.grpc.StatusRuntimeException: UNAVAILABLE: io exception
2024-01-08 22:37:50,427 [grpc-default-executor-5] WARN  server.GrpcLogAppender (GrpcLogAppender.java:resetClient(140)) - 92bfa79f-b082-4a9b-a2b8-9a2f5047304a@group-0FC28122E465->0d9d6b7b-744f-4f5a-b215-8082335ad77a-GrpcLogAppender: Follower failed and request == null,  keep nextIndex (3) unchanged and retry.
2024-01-08 22:37:50,427 [grpc-default-executor-0] WARN  server.GrpcLogAppender (GrpcLogAppender.java:resetClient(140)) - 92bfa79f-b082-4a9b-a2b8-9a2f5047304a@group-0FC28122E465->0d9d6b7b-744f-4f5a-b215-8082335ad77a-GrpcLogAppender: Follower failed and request == null,  keep nextIndex (3) unchanged and retry.
2024-01-08 22:37:50,814 [92bfa79f-b082-4a9b-a2b8-9a2f5047304a@group-0FC28122E465-LeaderStateImpl] WARN  server.RaftServer$Division (LeaderStateImpl.java:checkLeadership(1087)) - 92bfa79f-b082-4a9b-a2b8-9a2f5047304a@group-0FC28122E465-LeaderStateImpl: Lost leadership on term: 1. Election timeout: 5200ms. In charge for: 10522ms. Conf: 0: peers:[0d9d6b7b-744f-4f5a-b215-8082335ad77a|10.1.0.16:15424, 71d6d3a4-9c29-4ff8-bafc-b8f4ae2641d6|10.1.0.16:15442, 92bfa79f-b082-4a9b-a2b8-9a2f5047304a|10.1.0.16:15433]|listeners:[], old=null
2024-01-08 22:37:50,814 [92bfa79f-b082-4a9b-a2b8-9a2f5047304a@group-0FC28122E465-LeaderStateImpl] WARN  server.RaftServer$Division (LeaderStateImpl.java:lambda$checkLeadership$21(1091)) - Follower 92bfa79f-b082-4a9b-a2b8-9a2f5047304a@group-0FC28122E465->0d9d6b7b-744f-4f5a-b215-8082335ad77a(c2,m2,n3, caughtUp=true, lastRpcSendTime=385, lastRpcResponseTime=7897)
2024-01-08 22:37:50,814 [92bfa79f-b082-4a9b-a2b8-9a2f5047304a@group-0FC28122E465-LeaderStateImpl] WARN  server.RaftServer$Division (LeaderStateImpl.java:lambda$checkLeadership$21(1091)) - Follower 92bfa79f-b082-4a9b-a2b8-9a2f5047304a@group-0FC28122E465->71d6d3a4-9c29-4ff8-bafc-b8f4ae2641d6(c1,m2,n3, caughtUp=true, lastRpcSendTime=715, lastRpcResponseTime=10400)
2024-01-08 22:37:50,814 [92bfa79f-b082-4a9b-a2b8-9a2f5047304a@group-0FC28122E465-LeaderStateImpl] INFO  server.RaftServer$Division (RaftServerImpl.java:setRole(379)) - 92bfa79f-b082-4a9b-a2b8-9a2f5047304a@group-0FC28122E465: changes role from    LEADER to FOLLOWER at term 1 for StepDownReason:LOST_MAJORITY_HEARTBEATS
2024-01-08 22:37:50,814 [92bfa79f-b082-4a9b-a2b8-9a2f5047304a@group-0FC28122E465-LeaderStateImpl] INFO  impl.RoleInfo (RoleInfo.java:shutdownLeaderState(94)) - 92bfa79f-b082-4a9b-a2b8-9a2f5047304a: shutdown 92bfa79f-b082-4a9b-a2b8-9a2f5047304a@group-0FC28122E465-LeaderStateImpl
2024-01-08 22:37:50,814 [92bfa79f-b082-4a9b-a2b8-9a2f5047304a@group-0FC28122E465->0d9d6b7b-744f-4f5a-b215-8082335ad77a-GrpcLogAppender-LogAppenderDaemon] WARN  server.GrpcLogAppender (GrpcLogAppender.java:mayWait(212)) - 92bfa79f-b082-4a9b-a2b8-9a2f5047304a@group-0FC28122E465->0d9d6b7b-744f-4f5a-b215-8082335ad77a-GrpcLogAppender: Wait interrupted by java.lang.InterruptedException
2024-01-08 22:37:50,814 [92bfa79f-b082-4a9b-a2b8-9a2f5047304a@group-0FC28122E465->71d6d3a4-9c29-4ff8-bafc-b8f4ae2641d6-GrpcLogAppender-LogAppenderDaemon] WARN  server.GrpcLogAppender (GrpcLogAppender.java:mayWait(212)) - 92bfa79f-b082-4a9b-a2b8-9a2f5047304a@group-0FC28122E465->71d6d3a4-9c29-4ff8-bafc-b8f4ae2641d6-GrpcLogAppender: Wait interrupted by java.lang.InterruptedException
2024-01-08 22:37:50,814 [92bfa79f-b082-4a9b-a2b8-9a2f5047304a@group-0FC28122E465-LeaderStateImpl] INFO  impl.PendingRequests (PendingRequests.java:sendNotLeaderResponses(289)) - 92bfa79f-b082-4a9b-a2b8-9a2f5047304a@group-0FC28122E465-PendingRequests: sendNotLeaderResponses
2024-01-08 22:37:50,816 [null-request--thread1] INFO  server.GrpcClientProtocolService (GrpcClientProtocolService.java:lambda$processClientRequest$0(284)) - Failed RaftClientRequest:client-EDFD1F440FB9->92bfa79f-b082-4a9b-a2b8-9a2f5047304a@group-0FC28122E465, cid=78, seq=null, Watch-MAJORITY_COMMITTED(101), Message:<EMPTY>, reply=RaftClientReply:client-EDFD1F440FB9->92bfa79f-b082-4a9b-a2b8-9a2f5047304a@group-0FC28122E465, cid=78, FAILED org.apache.ratis.protocol.exceptions.NotLeaderException: Server 92bfa79f-b082-4a9b-a2b8-9a2f5047304a@group-0FC28122E465 is not the leader, logIndex=0, commits[92bfa79f-b082-4a9b-a2b8-9a2f5047304a:c2, 0d9d6b7b-744f-4f5a-b215-8082335ad77a:c2, 71d6d3a4-9c29-4ff8-bafc-b8f4ae2641d6:c1]
2024-01-08 22:37:50,816 [92bfa79f-b082-4a9b-a2b8-9a2f5047304a@group-0FC28122E465-LeaderStateImpl] INFO  server.RaftServer$Division (ServerState.java:setLeader(265)) - 92bfa79f-b082-4a9b-a2b8-9a2f5047304a@group-0FC28122E465: change Leader from 92bfa79f-b082-4a9b-a2b8-9a2f5047304a to null at term 1 for StepDownReason:LOST_MAJORITY_HEARTBEATS
2024-01-08 22:37:50,816 [92bfa79f-b082-4a9b-a2b8-9a2f5047304a@group-0FC28122E465-LeaderStateImpl] INFO  impl.RoleInfo (RoleInfo.java:updateAndGet(139)) - 92bfa79f-b082-4a9b-a2b8-9a2f5047304a: start 92bfa79f-b082-4a9b-a2b8-9a2f5047304a@group-0FC28122E465-FollowerState
2024-01-08 22:37:51,418 [92bfa79f-b082-4a9b-a2b8-9a2f5047304a-CloseContainerThread-0] INFO  commandhandler.CloseContainerCommandHandler (CloseContainerCommandHandler.java:lambda$handle$0(153)) - Follower cannot close container #1.
2024-01-08 22:37:53,035 [BackgroundPipelineScrubber] INFO  pipeline.PipelineManagerImpl (PipelineManagerImpl.java:scrubPipelines(610)) - Scrubbing pipeline: id: PipelineID=d9ec8a3d-19b9-494b-964b-0fc28122e465 since it stays at CLOSED stage.
2024-01-08 22:37:53,035 [BackgroundPipelineScrubber] INFO  pipeline.RatisPipelineProvider (RatisPipelineProvider.java:lambda$close$4(272)) - Send pipeline:PipelineID=d9ec8a3d-19b9-494b-964b-0fc28122e465 close command to datanode 71d6d3a4-9c29-4ff8-bafc-b8f4ae2641d6
2024-01-08 22:37:53,035 [BackgroundPipelineScrubber] INFO  pipeline.RatisPipelineProvider (RatisPipelineProvider.java:lambda$close$4(272)) - Send pipeline:PipelineID=d9ec8a3d-19b9-494b-964b-0fc28122e465 close command to datanode 0d9d6b7b-744f-4f5a-b215-8082335ad77a
2024-01-08 22:37:53,035 [BackgroundPipelineScrubber] INFO  pipeline.RatisPipelineProvider (RatisPipelineProvider.java:lambda$close$4(272)) - Send pipeline:PipelineID=d9ec8a3d-19b9-494b-964b-0fc28122e465 close command to datanode 92bfa79f-b082-4a9b-a2b8-9a2f5047304a
2024-01-08 22:37:53,037 [BackgroundPipelineScrubber] INFO  pipeline.PipelineManagerImpl (PipelineManagerImpl.java:removePipeline(459)) - Pipeline Pipeline[ Id: d9ec8a3d-19b9-494b-964b-0fc28122e465, Nodes: 71d6d3a4-9c29-4ff8-bafc-b8f4ae2641d6(fv-az1425-465/10.1.0.16)0d9d6b7b-744f-4f5a-b215-8082335ad77a(fv-az1425-465/10.1.0.16)92bfa79f-b082-4a9b-a2b8-9a2f5047304a(fv-az1425-465/10.1.0.16), ReplicationConfig: RATIS/THREE, State:CLOSED, leaderId:92bfa79f-b082-4a9b-a2b8-9a2f5047304a, CreationTimestamp2024-01-08T22:37:32.367Z[Etc/UTC]] removed.
2024-01-08 22:37:54,418 [92bfa79f-b082-4a9b-a2b8-9a2f5047304a-PipelineCommandHandlerThread-0] INFO  server.RaftServer (RaftServerProxy.java:remove(111)) - 92bfa79f-b082-4a9b-a2b8-9a2f5047304a: remove  FOLLOWER 92bfa79f-b082-4a9b-a2b8-9a2f5047304a@group-0FC28122E465:t1, leader=null, voted=92bfa79f-b082-4a9b-a2b8-9a2f5047304a, raftlog=Memoized:92bfa79f-b082-4a9b-a2b8-9a2f5047304a@group-0FC28122E465-SegmentedRaftLog:OPENED:c2, conf=0: peers:[0d9d6b7b-744f-4f5a-b215-8082335ad77a|10.1.0.16:15424, 71d6d3a4-9c29-4ff8-bafc-b8f4ae2641d6|10.1.0.16:15442, 92bfa79f-b082-4a9b-a2b8-9a2f5047304a|10.1.0.16:15433]|listeners:[], old=null RUNNING
2024-01-08 22:37:54,418 [92bfa79f-b082-4a9b-a2b8-9a2f5047304a-PipelineCommandHandlerThread-0] INFO  server.RaftServer$Division (RaftServerImpl.java:lambda$close$3(516)) - 92bfa79f-b082-4a9b-a2b8-9a2f5047304a@group-0FC28122E465: shutdown
2024-01-08 22:37:54,418 [92bfa79f-b082-4a9b-a2b8-9a2f5047304a-PipelineCommandHandlerThread-0] INFO  util.JmxRegister (JmxRegister.java:unregister(73)) - Successfully un-registered JMX Bean with object name Ratis:service=RaftServer,group=group-0FC28122E465,id=92bfa79f-b082-4a9b-a2b8-9a2f5047304a
2024-01-08 22:37:54,418 [92bfa79f-b082-4a9b-a2b8-9a2f5047304a-PipelineCommandHandlerThread-0] INFO  impl.RoleInfo (RoleInfo.java:shutdownFollowerState(110)) - 92bfa79f-b082-4a9b-a2b8-9a2f5047304a: shutdown 92bfa79f-b082-4a9b-a2b8-9a2f5047304a@group-0FC28122E465-FollowerState
2024-01-08 22:37:54,418 [92bfa79f-b082-4a9b-a2b8-9a2f5047304a-PipelineCommandHandlerThread-0] INFO  impl.StateMachineUpdater (StateMachineUpdater.java:stopAndJoin(157)) - 92bfa79f-b082-4a9b-a2b8-9a2f5047304a@group-0FC28122E465-StateMachineUpdater: set stopIndex = 2
2024-01-08 22:37:54,418 [92bfa79f-b082-4a9b-a2b8-9a2f5047304a@group-0FC28122E465-StateMachineUpdater] INFO  ratis.ContainerStateMachine (ContainerStateMachine.java:takeSnapshot(355)) - group-0FC28122E465: Taking a snapshot at:(t:1, i:2) file /home/runner/work/ozone/ozone/hadoop-ozone/integration-test/target/test-dir/MiniOzoneClusterImpl-c2c64c26-053e-4d1e-83e3-051e2bfa4916/datanode-7/data/ratis/d9ec8a3d-19b9-494b-964b-0fc28122e465/sm/snapshot.1_2
2024-01-08 22:37:54,419 [92bfa79f-b082-4a9b-a2b8-9a2f5047304a@group-0FC28122E465-FollowerState] INFO  impl.FollowerState (FollowerState.java:run(152)) - 92bfa79f-b082-4a9b-a2b8-9a2f5047304a@group-0FC28122E465-FollowerState was interrupted
2024-01-08 22:37:54,419 [92bfa79f-b082-4a9b-a2b8-9a2f5047304a@group-0FC28122E465-StateMachineUpdater] INFO  ratis.ContainerStateMachine (ContainerStateMachine.java:takeSnapshot(366)) - group-0FC28122E465: Finished taking a snapshot at:(t:1, i:2) file:/home/runner/work/ozone/ozone/hadoop-ozone/integration-test/target/test-dir/MiniOzoneClusterImpl-c2c64c26-053e-4d1e-83e3-051e2bfa4916/datanode-7/data/ratis/d9ec8a3d-19b9-494b-964b-0fc28122e465/sm/snapshot.1_2 took: 1 ms
2024-01-08 22:37:54,419 [92bfa79f-b082-4a9b-a2b8-9a2f5047304a@group-0FC28122E465-StateMachineUpdater] INFO  impl.StateMachineUpdater (StateMachineUpdater.java:takeSnapshot(295)) - 92bfa79f-b082-4a9b-a2b8-9a2f5047304a@group-0FC28122E465-StateMachineUpdater: Took a snapshot at index 2
2024-01-08 22:37:54,419 [92bfa79f-b082-4a9b-a2b8-9a2f5047304a@group-0FC28122E465-StateMachineUpdater] INFO  impl.StateMachineUpdater (StateMachineUpdater.java:lambda$new$0(98)) - 92bfa79f-b082-4a9b-a2b8-9a2f5047304a@group-0FC28122E465-StateMachineUpdater: snapshotIndex: updateIncreasingly -1 -> 2
2024-01-08 22:37:54,419 [92bfa79f-b082-4a9b-a2b8-9a2f5047304a-PipelineCommandHandlerThread-0] INFO  server.RaftServer$Division (ServerState.java:close(423)) - 92bfa79f-b082-4a9b-a2b8-9a2f5047304a@group-0FC28122E465: applyIndex: 2
2024-01-08 22:37:54,420 [92bfa79f-b082-4a9b-a2b8-9a2f5047304a@group-0FC28122E465-cacheEviction-AwaitToRun] INFO  util.AwaitToRun (AwaitToRun.java:run(49)) - 92bfa79f-b082-4a9b-a2b8-9a2f5047304a@group-0FC28122E465-cacheEviction-AwaitToRun-AwaitForSignal is interrupted
2024-01-08 22:37:55,414 [92bfa79f-b082-4a9b-a2b8-9a2f5047304a-PipelineCommandHandlerThread-0] INFO  segmented.SegmentedRaftLogWorker (SegmentedRaftLogWorker.java:close(243)) - 92bfa79f-b082-4a9b-a2b8-9a2f5047304a@group-0FC28122E465-SegmentedRaftLogWorker close()
2024-01-08 22:37:55,415 [92bfa79f-b082-4a9b-a2b8-9a2f5047304a-PipelineCommandHandlerThread-0] INFO  keyvalue.KeyValueContainer (KeyValueContainer.java:flushAndSyncDB(522)) - Container 1 is synced with bcsId 0.
2024-01-08 22:37:55,415 [92bfa79f-b082-4a9b-a2b8-9a2f5047304a-PipelineCommandHandlerThread-0] INFO  keyvalue.KeyValueContainer (KeyValueContainer.java:flushAndSyncDB(522)) - Container 1 is synced with bcsId 0.
2024-01-08 22:37:55,417 [92bfa79f-b082-4a9b-a2b8-9a2f5047304a-PipelineCommandHandlerThread-0] INFO  server.RaftServer$Division (RaftServerImpl.java:groupRemove(486)) - 92bfa79f-b082-4a9b-a2b8-9a2f5047304a@group-0FC28122E465: Succeed to remove RaftStorageDirectory Storage Directory /home/runner/work/ozone/ozone/hadoop-ozone/integration-test/target/test-dir/MiniOzoneClusterImpl-c2c64c26-053e-4d1e-83e3-051e2bfa4916/datanode-7/data/ratis/d9ec8a3d-19b9-494b-964b-0fc28122e465
2024-01-08 22:37:55,417 [92bfa79f-b082-4a9b-a2b8-9a2f5047304a-PipelineCommandHandlerThread-0] ERROR commandhandler.ClosePipelineCommandHandler (ClosePipelineCommandHandler.java:lambda$handle$2(137)) - Can't close pipeline PipelineID=d9ec8a3d-19b9-494b-964b-0fc28122e465
org.apache.ratis.protocol.exceptions.GroupMismatchException: 92bfa79f-b082-4a9b-a2b8-9a2f5047304a: group-0FC28122E465 not found.
	at org.apache.ratis.server.impl.RaftServerProxy$ImplMap.get(RaftServerProxy.java:154)
	at org.apache.ratis.server.impl.RaftServerProxy.getImplFuture(RaftServerProxy.java:364)
	at org.apache.ratis.server.impl.RaftServerProxy.getImpl(RaftServerProxy.java:373)
	at org.apache.ratis.server.impl.RaftServerProxy.getDivision(RaftServerProxy.java:386)
	at org.apache.hadoop.ozone.container.common.transport.server.ratis.XceiverServerRatis.getRaftPeersInPipeline(XceiverServerRatis.java:929)
	at org.apache.hadoop.ozone.container.common.statemachine.commandhandler.ClosePipelineCommandHandler.lambda$handle$2(ClosePipelineCommandHandler.java:114)
	at java.util.concurrent.CompletableFuture$AsyncRun.run(CompletableFuture.java:1640)
	at java.util.concurrent.ThreadPoolExecutor.runWorker(ThreadPoolExecutor.java:1149)
	at java.util.concurrent.ThreadPoolExecutor$Worker.run(ThreadPoolExecutor.java:624)
	at java.lang.Thread.run(Thread.java:750)
2024-01-08 22:37:55,419 [FixedThreadPoolWithAffinityExecutor-1-0] INFO  container.IncrementalContainerReportHandler (AbstractContainerReportHandler.java:updateContainerState(287)) - Moving container #1 to QUASI_CLOSED state, datanode 92bfa79f-b082-4a9b-a2b8-9a2f5047304a(fv-az1425-465/10.1.0.16) reported QUASI_CLOSED replica.
2024-01-08 22:38:04,789 [main] INFO  ozone.MiniOzoneClusterImpl (MiniOzoneClusterImpl.java:shutdown(450)) - Shutting down the Mini Ozone Cluster
2024-01-08 22:38:04,789 [main] INFO  db.CodecTestUtil (CodecTestUtil.java:gc(50)) - gc 0
2024-01-08 22:38:05,144 [main] INFO  ozone.MiniOzoneClusterImpl (MiniOzoneClusterImpl.java:stop(466)) - Stopping the Mini Ozone Cluster
2024-01-08 22:38:05,145 [main] INFO  om.OzoneManager (OzoneManager.java:stop(2204)) - om1[localhost:15360]: Stopping Ozone Manager
2024-01-08 22:38:05,145 [main] INFO  ipc.Server (Server.java:stop(3523)) - Stopping server on 15360
2024-01-08 22:38:05,149 [IPC Server listener on 15360] INFO  ipc.Server (Server.java:run(1434)) - Stopping IPC Server listener on 15360
2024-01-08 22:38:05,151 [main] INFO  server.RaftServer (RaftServerProxy.java:lambda$close$9(416)) - om1: close
2024-01-08 22:38:05,152 [main] INFO  server.GrpcService (GrpcService.java:closeImpl(311)) - om1: shutdown server GrpcServerProtocolService now
2024-01-08 22:38:05,152 [IPC Server Responder] INFO  ipc.Server (Server.java:run(1567)) - Stopping IPC Server Responder
2024-01-08 22:38:05,152 [om1-impl-thread1] INFO  server.RaftServer$Division (RaftServerImpl.java:lambda$close$3(516)) - om1@group-C5BA1605619E: shutdown
2024-01-08 22:38:05,152 [om1-impl-thread1] INFO  util.JmxRegister (JmxRegister.java:unregister(73)) - Successfully un-registered JMX Bean with object name Ratis:service=RaftServer,group=group-C5BA1605619E,id=om1
2024-01-08 22:38:05,152 [om1-impl-thread1] INFO  impl.RoleInfo (RoleInfo.java:shutdownLeaderState(94)) - om1: shutdown om1@group-C5BA1605619E-LeaderStateImpl
2024-01-08 22:38:05,152 [om1-impl-thread1] INFO  impl.PendingRequests (PendingRequests.java:sendNotLeaderResponses(289)) - om1@group-C5BA1605619E-PendingRequests: sendNotLeaderResponses
2024-01-08 22:38:05,152 [main] INFO  server.GrpcService (GrpcService.java:closeImpl(320)) - om1: shutdown server GrpcServerProtocolService successfully
2024-01-08 22:38:05,155 [om1-impl-thread1] INFO  impl.StateMachineUpdater (StateMachineUpdater.java:stopAndJoin(157)) - om1@group-C5BA1605619E-StateMachineUpdater: set stopIndex = 4
2024-01-08 22:38:05,155 [om1@group-C5BA1605619E-StateMachineUpdater] INFO  ratis.OzoneManagerStateMachine (OzoneManagerStateMachine.java:takeSnapshot(496)) - Current Snapshot Index (t:1, i:4)
2024-01-08 22:38:05,165 [om1@group-C5BA1605619E-StateMachineUpdater] INFO  impl.StateMachineUpdater (StateMachineUpdater.java:takeSnapshot(295)) - om1@group-C5BA1605619E-StateMachineUpdater: Took a snapshot at index 4
2024-01-08 22:38:05,165 [om1@group-C5BA1605619E-StateMachineUpdater] INFO  impl.StateMachineUpdater (StateMachineUpdater.java:lambda$new$0(98)) - om1@group-C5BA1605619E-StateMachineUpdater: snapshotIndex: updateIncreasingly -1 -> 4
2024-01-08 22:38:05,165 [om1@group-C5BA1605619E-StateMachineUpdater] INFO  ratis.OzoneManagerStateMachine (OzoneManagerStateMachine.java:close(546)) - StateMachine has shutdown. Shutdown OzoneManager if not already shutdown.
2024-01-08 22:38:05,165 [om1@group-C5BA1605619E-StateMachineUpdater] INFO  ratis.OzoneManagerDoubleBuffer (OzoneManagerDoubleBuffer.java:stopDaemon(536)) - Stopping OMDoubleBuffer flush thread
2024-01-08 22:38:05,166 [om1-OMDoubleBufferFlushThread] INFO  ratis.OzoneManagerDoubleBuffer (OzoneManagerDoubleBuffer.java:canFlush(616)) - OMDoubleBuffer flush thread om1-OMDoubleBufferFlushThread is interrupted and will exit.
2024-01-08 22:38:05,166 [om1@group-C5BA1605619E-StateMachineUpdater] INFO  ratis.OzoneManagerStateMachine (OzoneManagerStateMachine.java:stop(755)) - applyTransactionMap size 0 
2024-01-08 22:38:05,166 [om1@group-C5BA1605619E-StateMachineUpdater] INFO  ratis.OzoneManagerStateMachine (OzoneManagerStateMachine.java:stop(761)) - ratisTransactionMap size 0
2024-01-08 22:38:05,166 [om1-impl-thread1] INFO  server.RaftServer$Division (ServerState.java:close(423)) - om1@group-C5BA1605619E: applyIndex: 4
2024-01-08 22:38:05,166 [om1@group-C5BA1605619E-cacheEviction-AwaitToRun] INFO  util.AwaitToRun (AwaitToRun.java:run(49)) - om1@group-C5BA1605619E-cacheEviction-AwaitToRun-AwaitForSignal is interrupted
2024-01-08 22:38:05,395 [om1-impl-thread1] INFO  segmented.SegmentedRaftLogWorker (SegmentedRaftLogWorker.java:close(243)) - om1@group-C5BA1605619E-SegmentedRaftLogWorker close()
2024-01-08 22:38:05,395 [JvmPauseMonitor45] INFO  util.JvmPauseMonitor (JvmPauseMonitor.java:run(152)) - JvmPauseMonitor-om1: Stopped
2024-01-08 22:38:05,395 [main] INFO  ratis.OzoneManagerStateMachine (OzoneManagerStateMachine.java:close(546)) - StateMachine has shutdown. Shutdown OzoneManager if not already shutdown.
2024-01-08 22:38:05,395 [main] INFO  ratis.OzoneManagerDoubleBuffer (OzoneManagerDoubleBuffer.java:stopDaemon(545)) - OMDoubleBuffer flush thread is not running.
2024-01-08 22:38:05,395 [main] INFO  ratis.OzoneManagerStateMachine (OzoneManagerStateMachine.java:stop(755)) - applyTransactionMap size 0 
2024-01-08 22:38:05,395 [main] INFO  ratis.OzoneManagerStateMachine (OzoneManagerStateMachine.java:stop(761)) - ratisTransactionMap size 0
2024-01-08 22:38:05,396 [main] INFO  utils.BackgroundService (BackgroundService.java:shutdown(160)) - Shutting down service KeyDeletingService
2024-01-08 22:38:05,396 [main] INFO  utils.BackgroundService (BackgroundService.java:shutdown(160)) - Shutting down service DirectoryDeletingService
2024-01-08 22:38:05,396 [main] INFO  utils.BackgroundService (BackgroundService.java:shutdown(160)) - Shutting down service OpenKeyCleanupService
2024-01-08 22:38:05,396 [main] INFO  utils.BackgroundService (BackgroundService.java:shutdown(160)) - Shutting down service SstFilteringService
2024-01-08 22:38:05,396 [main] INFO  utils.BackgroundService (BackgroundService.java:shutdown(160)) - Shutting down service SnapshotDeletingService
2024-01-08 22:38:05,396 [main] INFO  utils.BackgroundService (BackgroundService.java:shutdown(160)) - Shutting down service MultipartUploadCleanupService
2024-01-08 22:38:05,397 [main] INFO  utils.BackgroundService (BackgroundService.java:shutdown(160)) - Shutting down service SnapshotDirectoryCleaningService
2024-01-08 22:38:05,397 [main] INFO  handler.ContextHandler (ContextHandler.java:doStop(1159)) - Stopped o.e.j.w.WebAppContext@6f7b7f16{ozoneManager,/,null,STOPPED}{file:/home/runner/work/ozone/ozone/hadoop-ozone/integration-test/target/test-classes/webapps/ozoneManager}
2024-01-08 22:38:05,398 [main] INFO  server.AbstractConnector (AbstractConnector.java:doStop(383)) - Stopped ServerConnector@4ab0e{HTTP/1.1, (http/1.1)}{0.0.0.0:15361}
2024-01-08 22:38:05,398 [main] INFO  server.session (HouseKeeper.java:stopScavenging(149)) - node0 Stopped scavenging
2024-01-08 22:38:05,398 [main] INFO  handler.ContextHandler (ContextHandler.java:doStop(1159)) - Stopped o.e.j.s.ServletContextHandler@711cb872{static,/static,file:///home/runner/work/ozone/ozone/hadoop-ozone/integration-test/target/test-classes/webapps/static,STOPPED}
2024-01-08 22:38:05,398 [main] INFO  handler.ContextHandler (ContextHandler.java:doStop(1159)) - Stopped o.e.j.s.ServletContextHandler@406384ac{logs,/logs,file:///home/runner/work/ozone/ozone/hadoop-ozone/integration-test/target/log,STOPPED}
2024-01-08 22:38:05,399 [main] INFO  rocksdiff.RocksDBCheckpointDiffer (RocksDBCheckpointDiffer.java:close(310)) - Shutting down CompactionDagPruningService.
2024-01-08 22:38:05,400 [main] INFO  snapshot.SnapshotDiffManager (SnapshotDiffManager.java:closeExecutorService(1688)) - Shutting down executorService: 'SnapDiffExecutor'
2024-01-08 22:38:05,400 [main] INFO  snapshot.SnapshotDiffManager (SnapshotDiffManager.java:closeExecutorService(1688)) - Shutting down executorService: 'SstDumpToolExecutor'
2024-01-08 22:38:05,400 [main] INFO  utils.BackgroundService (BackgroundService.java:shutdown(160)) - Shutting down service SnapshotDiffCleanupService
2024-01-08 22:38:05,401 [main] INFO  ozone.MiniOzoneClusterImpl (MiniOzoneClusterImpl.java:stopDatanodes(536)) - Stopping the HddsDatanodes
2024-01-08 22:38:05,402 [ForkJoinPool.commonPool-worker-5] INFO  ozoneimpl.OzoneContainer (OzoneContainer.java:stop(463)) - Attempting to stop container services.
2024-01-08 22:38:05,403 [ForkJoinPool.commonPool-worker-5] INFO  server.RaftServer (RaftServerProxy.java:lambda$close$9(416)) - 92bfa79f-b082-4a9b-a2b8-9a2f5047304a: close
2024-01-08 22:38:05,403 [ForkJoinPool.commonPool-worker-5] INFO  server.GrpcService (GrpcService.java:closeImpl(311)) - 92bfa79f-b082-4a9b-a2b8-9a2f5047304a: shutdown server org.apache.ratis.grpc.server.GrpcClientProtocolService now
2024-01-08 22:38:05,403 [92bfa79f-b082-4a9b-a2b8-9a2f5047304a-impl-thread1] INFO  server.RaftServer$Division (RaftServerImpl.java:lambda$close$3(516)) - 92bfa79f-b082-4a9b-a2b8-9a2f5047304a@group-0062432AB966: shutdown
2024-01-08 22:38:05,403 [92bfa79f-b082-4a9b-a2b8-9a2f5047304a-impl-thread1] INFO  util.JmxRegister (JmxRegister.java:unregister(73)) - Successfully un-registered JMX Bean with object name Ratis:service=RaftServer,group=group-0062432AB966,id=92bfa79f-b082-4a9b-a2b8-9a2f5047304a
2024-01-08 22:38:05,403 [92bfa79f-b082-4a9b-a2b8-9a2f5047304a-impl-thread1] INFO  impl.RoleInfo (RoleInfo.java:shutdownLeaderState(94)) - 92bfa79f-b082-4a9b-a2b8-9a2f5047304a: shutdown 92bfa79f-b082-4a9b-a2b8-9a2f5047304a@group-0062432AB966-LeaderStateImpl
2024-01-08 22:38:05,403 [92bfa79f-b082-4a9b-a2b8-9a2f5047304a-impl-thread1] INFO  impl.PendingRequests (PendingRequests.java:sendNotLeaderResponses(289)) - 92bfa79f-b082-4a9b-a2b8-9a2f5047304a@group-0062432AB966-PendingRequests: sendNotLeaderResponses
2024-01-08 22:38:05,403 [92bfa79f-b082-4a9b-a2b8-9a2f5047304a-impl-thread1] INFO  impl.StateMachineUpdater (StateMachineUpdater.java:stopAndJoin(157)) - 92bfa79f-b082-4a9b-a2b8-9a2f5047304a@group-0062432AB966-StateMachineUpdater: set stopIndex = 0
2024-01-08 22:38:05,403 [92bfa79f-b082-4a9b-a2b8-9a2f5047304a@group-0062432AB966-StateMachineUpdater] INFO  ratis.ContainerStateMachine (ContainerStateMachine.java:takeSnapshot(355)) - group-0062432AB966: Taking a snapshot at:(t:1, i:0) file /home/runner/work/ozone/ozone/hadoop-ozone/integration-test/target/test-dir/MiniOzoneClusterImpl-c2c64c26-053e-4d1e-83e3-051e2bfa4916/datanode-7/data/ratis/48da0ecb-e53a-4be1-90e1-0062432ab966/sm/snapshot.1_0
2024-01-08 22:38:05,404 [Thread-4592] INFO  server.GrpcServerProtocolClient (GrpcServerProtocolClient.java:close(103)) - 0d9d6b7b-744f-4f5a-b215-8082335ad77a Close channels
2024-01-08 22:38:05,404 [Thread-4593] INFO  server.GrpcServerProtocolClient (GrpcServerProtocolClient.java:close(103)) - 71d6d3a4-9c29-4ff8-bafc-b8f4ae2641d6 Close channels
2024-01-08 22:38:05,404 [92bfa79f-b082-4a9b-a2b8-9a2f5047304a@group-0062432AB966-StateMachineUpdater] INFO  ratis.ContainerStateMachine (ContainerStateMachine.java:takeSnapshot(366)) - group-0062432AB966: Finished taking a snapshot at:(t:1, i:0) file:/home/runner/work/ozone/ozone/hadoop-ozone/integration-test/target/test-dir/MiniOzoneClusterImpl-c2c64c26-053e-4d1e-83e3-051e2bfa4916/datanode-7/data/ratis/48da0ecb-e53a-4be1-90e1-0062432ab966/sm/snapshot.1_0 took: 1 ms
2024-01-08 22:38:05,404 [92bfa79f-b082-4a9b-a2b8-9a2f5047304a@group-0062432AB966-StateMachineUpdater] INFO  impl.StateMachineUpdater (StateMachineUpdater.java:takeSnapshot(295)) - 92bfa79f-b082-4a9b-a2b8-9a2f5047304a@group-0062432AB966-StateMachineUpdater: Took a snapshot at index 0
2024-01-08 22:38:05,404 [92bfa79f-b082-4a9b-a2b8-9a2f5047304a@group-0062432AB966-StateMachineUpdater] INFO  impl.StateMachineUpdater (StateMachineUpdater.java:lambda$new$0(98)) - 92bfa79f-b082-4a9b-a2b8-9a2f5047304a@group-0062432AB966-StateMachineUpdater: snapshotIndex: updateIncreasingly -1 -> 0
2024-01-08 22:38:05,405 [92bfa79f-b082-4a9b-a2b8-9a2f5047304a-impl-thread1] INFO  server.RaftServer$Division (ServerState.java:close(423)) - 92bfa79f-b082-4a9b-a2b8-9a2f5047304a@group-0062432AB966: applyIndex: 0
2024-01-08 22:38:05,412 [ForkJoinPool.commonPool-worker-4] INFO  ozoneimpl.OzoneContainer (OzoneContainer.java:stop(463)) - Attempting to stop container services.
2024-01-08 22:38:05,413 [main] INFO  ozoneimpl.OzoneContainer (OzoneContainer.java:stop(463)) - Attempting to stop container services.
2024-01-08 22:38:05,415 [ForkJoinPool.commonPool-worker-5] INFO  server.GrpcService (GrpcService.java:closeImpl(320)) - 92bfa79f-b082-4a9b-a2b8-9a2f5047304a: shutdown server org.apache.ratis.grpc.server.GrpcClientProtocolService successfully
2024-01-08 22:38:05,415 [ForkJoinPool.commonPool-worker-5] INFO  server.GrpcService (GrpcService.java:closeImpl(311)) - 92bfa79f-b082-4a9b-a2b8-9a2f5047304a: shutdown server GrpcServerProtocolService now
2024-01-08 22:38:05,412 [92bfa79f-b082-4a9b-a2b8-9a2f5047304a@group-0062432AB966-cacheEviction-AwaitToRun] INFO  util.AwaitToRun (AwaitToRun.java:run(49)) - 92bfa79f-b082-4a9b-a2b8-9a2f5047304a@group-0062432AB966-cacheEviction-AwaitToRun-AwaitForSignal is interrupted
2024-01-08 22:38:05,415 [main] INFO  server.RaftServer (RaftServerProxy.java:lambda$close$9(416)) - c15a1dbd-1c17-41f9-9118-60766ac127ad: close
2024-01-08 22:38:05,415 [ForkJoinPool.commonPool-worker-6] INFO  ozoneimpl.OzoneContainer (OzoneContainer.java:stop(463)) - Attempting to stop container services.
2024-01-08 22:38:05,414 [ForkJoinPool.commonPool-worker-4] INFO  server.RaftServer (RaftServerProxy.java:lambda$close$9(416)) - 45b27c77-8146-46e2-b49e-9e386de8493b: close
2024-01-08 22:38:05,416 [c15a1dbd-1c17-41f9-9118-60766ac127ad-impl-thread1] INFO  server.RaftServer$Division (RaftServerImpl.java:lambda$close$3(516)) - c15a1dbd-1c17-41f9-9118-60766ac127ad@group-2BAE2E41964B: shutdown
2024-01-08 22:38:05,416 [ForkJoinPool.commonPool-worker-5] INFO  server.GrpcService (GrpcService.java:closeImpl(320)) - 92bfa79f-b082-4a9b-a2b8-9a2f5047304a: shutdown server GrpcServerProtocolService successfully
2024-01-08 22:38:05,416 [ForkJoinPool.commonPool-worker-6] INFO  server.RaftServer (RaftServerProxy.java:lambda$close$9(416)) - 3be0eefd-0f91-4043-b67b-b27b4ab908b0: close
2024-01-08 22:38:05,416 [c15a1dbd-1c17-41f9-9118-60766ac127ad-impl-thread1] INFO  util.JmxRegister (JmxRegister.java:unregister(73)) - Successfully un-registered JMX Bean with object name Ratis:service=RaftServer,group=group-2BAE2E41964B,id=c15a1dbd-1c17-41f9-9118-60766ac127ad
2024-01-08 22:38:05,416 [main] INFO  server.GrpcService (GrpcService.java:closeImpl(311)) - c15a1dbd-1c17-41f9-9118-60766ac127ad: shutdown server org.apache.ratis.grpc.server.GrpcClientProtocolService now
2024-01-08 22:38:05,416 [45b27c77-8146-46e2-b49e-9e386de8493b-impl-thread1] INFO  server.RaftServer$Division (RaftServerImpl.java:lambda$close$3(516)) - 45b27c77-8146-46e2-b49e-9e386de8493b@group-553E271A2630: shutdown
2024-01-08 22:38:05,416 [c15a1dbd-1c17-41f9-9118-60766ac127ad-impl-thread1] INFO  impl.RoleInfo (RoleInfo.java:shutdownFollowerState(110)) - c15a1dbd-1c17-41f9-9118-60766ac127ad: shutdown c15a1dbd-1c17-41f9-9118-60766ac127ad@group-2BAE2E41964B-FollowerState
2024-01-08 22:38:05,417 [3be0eefd-0f91-4043-b67b-b27b4ab908b0-impl-thread1] INFO  server.RaftServer$Division (RaftServerImpl.java:lambda$close$3(516)) - 3be0eefd-0f91-4043-b67b-b27b4ab908b0@group-2BAE2E41964B: shutdown
2024-01-08 22:38:05,417 [3be0eefd-0f91-4043-b67b-b27b4ab908b0-impl-thread1] INFO  util.JmxRegister (JmxRegister.java:unregister(73)) - Successfully un-registered JMX Bean with object name Ratis:service=RaftServer,group=group-2BAE2E41964B,id=3be0eefd-0f91-4043-b67b-b27b4ab908b0
2024-01-08 22:38:05,417 [ForkJoinPool.commonPool-worker-6] INFO  server.GrpcService (GrpcService.java:closeImpl(311)) - 3be0eefd-0f91-4043-b67b-b27b4ab908b0: shutdown server org.apache.ratis.grpc.server.GrpcClientProtocolService now
2024-01-08 22:38:05,416 [ForkJoinPool.commonPool-worker-5] INFO  server.GrpcService (GrpcService.java:closeImpl(311)) - 92bfa79f-b082-4a9b-a2b8-9a2f5047304a: shutdown server org.apache.ratis.grpc.server.GrpcAdminProtocolService now
2024-01-08 22:38:05,417 [3be0eefd-0f91-4043-b67b-b27b4ab908b0-impl-thread2] INFO  server.RaftServer$Division (RaftServerImpl.java:lambda$close$3(516)) - 3be0eefd-0f91-4043-b67b-b27b4ab908b0@group-5857499DADE9: shutdown
2024-01-08 22:38:05,417 [Thread-4601] INFO  server.GrpcServerProtocolClient (GrpcServerProtocolClient.java:close(103)) - d358508b-f61b-4bbe-a39d-36a2c95b295d Close channels
2024-01-08 22:38:05,417 [3be0eefd-0f91-4043-b67b-b27b4ab908b0-impl-thread1] INFO  impl.RoleInfo (RoleInfo.java:shutdownLeaderState(94)) - 3be0eefd-0f91-4043-b67b-b27b4ab908b0: shutdown 3be0eefd-0f91-4043-b67b-b27b4ab908b0@group-2BAE2E41964B-LeaderStateImpl
2024-01-08 22:38:05,417 [3be0eefd-0f91-4043-b67b-b27b4ab908b0-impl-thread1] INFO  impl.PendingRequests (PendingRequests.java:sendNotLeaderResponses(289)) - 3be0eefd-0f91-4043-b67b-b27b4ab908b0@group-2BAE2E41964B-PendingRequests: sendNotLeaderResponses
2024-01-08 22:38:05,418 [3be0eefd-0f91-4043-b67b-b27b4ab908b0@group-2BAE2E41964B->d358508b-f61b-4bbe-a39d-36a2c95b295d-GrpcLogAppender-LogAppenderDaemon] WARN  server.GrpcLogAppender (GrpcLogAppender.java:mayWait(212)) - 3be0eefd-0f91-4043-b67b-b27b4ab908b0@group-2BAE2E41964B->d358508b-f61b-4bbe-a39d-36a2c95b295d-GrpcLogAppender: Wait interrupted by java.lang.InterruptedException
2024-01-08 22:38:05,417 [c15a1dbd-1c17-41f9-9118-60766ac127ad-impl-thread2] INFO  server.RaftServer$Division (RaftServerImpl.java:lambda$close$3(516)) - c15a1dbd-1c17-41f9-9118-60766ac127ad@group-8A30B06FA7AF: shutdown
2024-01-08 22:38:05,417 [ForkJoinPool.commonPool-worker-7] INFO  ozoneimpl.OzoneContainer (OzoneContainer.java:stop(463)) - Attempting to stop container services.
2024-01-08 22:38:05,417 [45b27c77-8146-46e2-b49e-9e386de8493b-impl-thread1] INFO  util.JmxRegister (JmxRegister.java:unregister(73)) - Successfully un-registered JMX Bean with object name Ratis:service=RaftServer,group=group-553E271A2630,id=45b27c77-8146-46e2-b49e-9e386de8493b
2024-01-08 22:38:05,418 [45b27c77-8146-46e2-b49e-9e386de8493b-impl-thread1] INFO  impl.RoleInfo (RoleInfo.java:shutdownLeaderState(94)) - 45b27c77-8146-46e2-b49e-9e386de8493b: shutdown 45b27c77-8146-46e2-b49e-9e386de8493b@group-553E271A2630-LeaderStateImpl
2024-01-08 22:38:05,418 [45b27c77-8146-46e2-b49e-9e386de8493b-impl-thread1] INFO  impl.PendingRequests (PendingRequests.java:sendNotLeaderResponses(289)) - 45b27c77-8146-46e2-b49e-9e386de8493b@group-553E271A2630-PendingRequests: sendNotLeaderResponses
2024-01-08 22:38:05,418 [grpc-default-executor-0] INFO  server.GrpcServerProtocolService (GrpcServerProtocolService.java:onCompleted(157)) - d358508b-f61b-4bbe-a39d-36a2c95b295d: Completed APPEND_ENTRIES, lastRequest: 3be0eefd-0f91-4043-b67b-b27b4ab908b0->d358508b-f61b-4bbe-a39d-36a2c95b295d#1-t1,previous=(t:0, i:0),leaderCommit=-1,initializing? true,entries: size=1, first=(t:1, i:0), CONFIGURATIONENTRY(current:id: "d358508b-f61b-4bbe-a39d-36a2c95b295d"
address: "10.1.0.16:15397"
dataStreamAddress: "10.1.0.16:15398"
clientAddress: "10.1.0.16:15395"
adminAddress: "10.1.0.16:15396"
startupRole: FOLLOWER
,id: "3be0eefd-0f91-4043-b67b-b27b4ab908b0"
address: "10.1.0.16:15406"
priority: 1
dataStreamAddress: "10.1.0.16:15407"
clientAddress: "10.1.0.16:15404"
adminAddress: "10.1.0.16:15405"
startupRole: FOLLOWER
,id: "c15a1dbd-1c17-41f9-9118-60766ac127ad"
address: "10.1.0.16:15415"
dataStreamAddress: "10.1.0.16:15416"
clientAddress: "10.1.0.16:15413"
adminAddress: "10.1.0.16:15414"
startupRole: FOLLOWER
, old:)
2024-01-08 22:38:05,418 [grpc-default-executor-0] INFO  server.GrpcServerProtocolService (GrpcServerProtocolService.java:lambda$onCompleted$5(159)) - d358508b-f61b-4bbe-a39d-36a2c95b295d: Completed APPEND_ENTRIES, lastReply: null
2024-01-08 22:38:05,417 [Thread-4602] INFO  server.GrpcServerProtocolClient (GrpcServerProtocolClient.java:close(103)) - 3be0eefd-0f91-4043-b67b-b27b4ab908b0 Close channels
2024-01-08 22:38:05,418 [45b27c77-8146-46e2-b49e-9e386de8493b@group-553E271A2630->5e84c15f-e363-46f0-a4a8-c0510a3e4dd9-GrpcLogAppender-LogAppenderDaemon] WARN  server.GrpcLogAppender (GrpcLogAppender.java:mayWait(212)) - 45b27c77-8146-46e2-b49e-9e386de8493b@group-553E271A2630->5e84c15f-e363-46f0-a4a8-c0510a3e4dd9-GrpcLogAppender: Wait interrupted by java.lang.InterruptedException
2024-01-08 22:38:05,417 [3be0eefd-0f91-4043-b67b-b27b4ab908b0-impl-thread2] INFO  util.JmxRegister (JmxRegister.java:unregister(73)) - Successfully un-registered JMX Bean with object name Ratis:service=RaftServer,group=group-5857499DADE9,id=3be0eefd-0f91-4043-b67b-b27b4ab908b0
2024-01-08 22:38:05,419 [3be0eefd-0f91-4043-b67b-b27b4ab908b0-impl-thread2] INFO  impl.RoleInfo (RoleInfo.java:shutdownLeaderState(94)) - 3be0eefd-0f91-4043-b67b-b27b4ab908b0: shutdown 3be0eefd-0f91-4043-b67b-b27b4ab908b0@group-5857499DADE9-LeaderStateImpl
2024-01-08 22:38:05,418 [c15a1dbd-1c17-41f9-9118-60766ac127ad-impl-thread2] INFO  util.JmxRegister (JmxRegister.java:unregister(73)) - Successfully un-registered JMX Bean with object name Ratis:service=RaftServer,group=group-8A30B06FA7AF,id=c15a1dbd-1c17-41f9-9118-60766ac127ad
2024-01-08 22:38:05,419 [c15a1dbd-1c17-41f9-9118-60766ac127ad-impl-thread2] INFO  impl.RoleInfo (RoleInfo.java:shutdownLeaderState(94)) - c15a1dbd-1c17-41f9-9118-60766ac127ad: shutdown c15a1dbd-1c17-41f9-9118-60766ac127ad@group-8A30B06FA7AF-LeaderStateImpl
2024-01-08 22:38:05,419 [c15a1dbd-1c17-41f9-9118-60766ac127ad-impl-thread2] INFO  impl.PendingRequests (PendingRequests.java:sendNotLeaderResponses(289)) - c15a1dbd-1c17-41f9-9118-60766ac127ad@group-8A30B06FA7AF-PendingRequests: sendNotLeaderResponses
2024-01-08 22:38:05,419 [c15a1dbd-1c17-41f9-9118-60766ac127ad-impl-thread2] INFO  impl.StateMachineUpdater (StateMachineUpdater.java:stopAndJoin(157)) - c15a1dbd-1c17-41f9-9118-60766ac127ad@group-8A30B06FA7AF-StateMachineUpdater: set stopIndex = 0
2024-01-08 22:38:05,418 [grpc-default-executor-5] INFO  server.GrpcServerProtocolService (GrpcServerProtocolService.java:onCompleted(157)) - d358508b-f61b-4bbe-a39d-36a2c95b295d: Completed APPEND_ENTRIES, lastRequest: null
2024-01-08 22:38:05,419 [3be0eefd-0f91-4043-b67b-b27b4ab908b0@group-2BAE2E41964B->c15a1dbd-1c17-41f9-9118-60766ac127ad-GrpcLogAppender-LogAppenderDaemon] WARN  server.GrpcLogAppender (GrpcLogAppender.java:mayWait(212)) - 3be0eefd-0f91-4043-b67b-b27b4ab908b0@group-2BAE2E41964B->c15a1dbd-1c17-41f9-9118-60766ac127ad-GrpcLogAppender: Wait interrupted by java.lang.InterruptedException
2024-01-08 22:38:05,419 [45b27c77-8146-46e2-b49e-9e386de8493b@group-553E271A2630->4688c780-dea6-4744-ac30-6cd603ef2a1b-GrpcLogAppender-LogAppenderDaemon] WARN  server.GrpcLogAppender (GrpcLogAppender.java:mayWait(212)) - 45b27c77-8146-46e2-b49e-9e386de8493b@group-553E271A2630->4688c780-dea6-4744-ac30-6cd603ef2a1b-GrpcLogAppender: Wait interrupted by java.lang.InterruptedException
2024-01-08 22:38:05,419 [grpc-default-executor-5] INFO  server.GrpcServerProtocolService (GrpcServerProtocolService.java:lambda$onCompleted$5(159)) - d358508b-f61b-4bbe-a39d-36a2c95b295d: Completed APPEND_ENTRIES, lastReply: serverReply {
  requestorId: "3be0eefd-0f91-4043-b67b-b27b4ab908b0"
  replyId: "d358508b-f61b-4bbe-a39d-36a2c95b295d"
  raftGroupId {
    id: "\307HY;-\031@j\263\257+\256.A\226K"
  }
  callId: 13
  success: true
}
term: 1
nextIndex: 1
matchIndex: 18446744073709551615
isHearbeat: true

2024-01-08 22:38:05,420 [45b27c77-8146-46e2-b49e-9e386de8493b@group-553E271A2630-StateMachineUpdater] INFO  ratis.ContainerStateMachine (ContainerStateMachine.java:takeSnapshot(355)) - group-553E271A2630: Taking a snapshot at:(t:1, i:0) file /home/runner/work/ozone/ozone/hadoop-ozone/integration-test/target/test-dir/MiniOzoneClusterImpl-c2c64c26-053e-4d1e-83e3-051e2bfa4916/datanode-2/data/ratis/491b6cbb-1171-451f-b08e-553e271a2630/sm/snapshot.1_0
2024-01-08 22:38:05,419 [c15a1dbd-1c17-41f9-9118-60766ac127ad@group-8A30B06FA7AF-StateMachineUpdater] INFO  ratis.ContainerStateMachine (ContainerStateMachine.java:takeSnapshot(355)) - group-8A30B06FA7AF: Taking a snapshot at:(t:1, i:0) file /home/runner/work/ozone/ozone/hadoop-ozone/integration-test/target/test-dir/MiniOzoneClusterImpl-c2c64c26-053e-4d1e-83e3-051e2bfa4916/datanode-5/data/ratis/44b32ef7-8b78-4259-9b4a-8a30b06fa7af/sm/snapshot.1_0
2024-01-08 22:38:05,420 [45b27c77-8146-46e2-b49e-9e386de8493b-impl-thread2] INFO  server.RaftServer$Division (RaftServerImpl.java:lambda$close$3(516)) - 45b27c77-8146-46e2-b49e-9e386de8493b@group-90F282FE66D6: shutdown
2024-01-08 22:38:05,420 [45b27c77-8146-46e2-b49e-9e386de8493b-impl-thread2] INFO  util.JmxRegister (JmxRegister.java:unregister(73)) - Successfully un-registered JMX Bean with object name Ratis:service=RaftServer,group=group-90F282FE66D6,id=45b27c77-8146-46e2-b49e-9e386de8493b
2024-01-08 22:38:05,419 [3be0eefd-0f91-4043-b67b-b27b4ab908b0-impl-thread2] INFO  impl.PendingRequests (PendingRequests.java:sendNotLeaderResponses(289)) - 3be0eefd-0f91-4043-b67b-b27b4ab908b0@group-5857499DADE9-PendingRequests: sendNotLeaderResponses
2024-01-08 22:38:05,420 [45b27c77-8146-46e2-b49e-9e386de8493b-impl-thread2] INFO  impl.RoleInfo (RoleInfo.java:shutdownLeaderState(94)) - 45b27c77-8146-46e2-b49e-9e386de8493b: shutdown 45b27c77-8146-46e2-b49e-9e386de8493b@group-90F282FE66D6-LeaderStateImpl
2024-01-08 22:38:05,420 [3be0eefd-0f91-4043-b67b-b27b4ab908b0@group-2BAE2E41964B-StateMachineUpdater] INFO  ratis.ContainerStateMachine (ContainerStateMachine.java:takeSnapshot(355)) - group-2BAE2E41964B: Taking a snapshot at:(t:1, i:0) file /home/runner/work/ozone/ozone/hadoop-ozone/integration-test/target/test-dir/MiniOzoneClusterImpl-c2c64c26-053e-4d1e-83e3-051e2bfa4916/datanode-4/data/ratis/c748593b-2d19-406a-b3af-2bae2e41964b/sm/snapshot.1_0
2024-01-08 22:38:05,420 [3be0eefd-0f91-4043-b67b-b27b4ab908b0-impl-thread1] INFO  impl.StateMachineUpdater (StateMachineUpdater.java:stopAndJoin(157)) - 3be0eefd-0f91-4043-b67b-b27b4ab908b0@group-2BAE2E41964B-StateMachineUpdater: set stopIndex = 0
2024-01-08 22:38:05,420 [ForkJoinPool.commonPool-worker-4] INFO  server.GrpcService (GrpcService.java:closeImpl(311)) - 45b27c77-8146-46e2-b49e-9e386de8493b: shutdown server org.apache.ratis.grpc.server.GrpcClientProtocolService now
2024-01-08 22:38:05,420 [45b27c77-8146-46e2-b49e-9e386de8493b@group-553E271A2630-StateMachineUpdater] INFO  ratis.ContainerStateMachine (ContainerStateMachine.java:takeSnapshot(366)) - group-553E271A2630: Finished taking a snapshot at:(t:1, i:0) file:/home/runner/work/ozone/ozone/hadoop-ozone/integration-test/target/test-dir/MiniOzoneClusterImpl-c2c64c26-053e-4d1e-83e3-051e2bfa4916/datanode-2/data/ratis/491b6cbb-1171-451f-b08e-553e271a2630/sm/snapshot.1_0 took: 0 ms
2024-01-08 22:38:05,420 [c15a1dbd-1c17-41f9-9118-60766ac127ad@group-8A30B06FA7AF-StateMachineUpdater] INFO  ratis.ContainerStateMachine (ContainerStateMachine.java:takeSnapshot(366)) - group-8A30B06FA7AF: Finished taking a snapshot at:(t:1, i:0) file:/home/runner/work/ozone/ozone/hadoop-ozone/integration-test/target/test-dir/MiniOzoneClusterImpl-c2c64c26-053e-4d1e-83e3-051e2bfa4916/datanode-5/data/ratis/44b32ef7-8b78-4259-9b4a-8a30b06fa7af/sm/snapshot.1_0 took: 1 ms
2024-01-08 22:38:05,420 [45b27c77-8146-46e2-b49e-9e386de8493b-impl-thread1] INFO  impl.StateMachineUpdater (StateMachineUpdater.java:stopAndJoin(157)) - 45b27c77-8146-46e2-b49e-9e386de8493b@group-553E271A2630-StateMachineUpdater: set stopIndex = 0
2024-01-08 22:38:05,420 [c15a1dbd-1c17-41f9-9118-60766ac127ad@group-8A30B06FA7AF-StateMachineUpdater] INFO  impl.StateMachineUpdater (StateMachineUpdater.java:takeSnapshot(295)) - c15a1dbd-1c17-41f9-9118-60766ac127ad@group-8A30B06FA7AF-StateMachineUpdater: Took a snapshot at index 0
2024-01-08 22:38:05,420 [3be0eefd-0f91-4043-b67b-b27b4ab908b0@group-2BAE2E41964B-StateMachineUpdater] INFO  ratis.ContainerStateMachine (ContainerStateMachine.java:takeSnapshot(366)) - group-2BAE2E41964B: Finished taking a snapshot at:(t:1, i:0) file:/home/runner/work/ozone/ozone/hadoop-ozone/integration-test/target/test-dir/MiniOzoneClusterImpl-c2c64c26-053e-4d1e-83e3-051e2bfa4916/datanode-4/data/ratis/c748593b-2d19-406a-b3af-2bae2e41964b/sm/snapshot.1_0 took: 1 ms
2024-01-08 22:38:05,420 [grpc-default-executor-2] INFO  server.GrpcLogAppender (GrpcLogAppender.java:onCompleted(469)) - 3be0eefd-0f91-4043-b67b-b27b4ab908b0@group-2BAE2E41964B->d358508b-f61b-4bbe-a39d-36a2c95b295d-AppendLogResponseHandler: follower responses appendEntries COMPLETED
2024-01-08 22:38:05,420 [3be0eefd-0f91-4043-b67b-b27b4ab908b0@group-2BAE2E41964B-StateMachineUpdater] INFO  impl.StateMachineUpdater (StateMachineUpdater.java:takeSnapshot(295)) - 3be0eefd-0f91-4043-b67b-b27b4ab908b0@group-2BAE2E41964B-StateMachineUpdater: Took a snapshot at index 0
2024-01-08 22:38:05,420 [3be0eefd-0f91-4043-b67b-b27b4ab908b0@group-2BAE2E41964B-StateMachineUpdater] INFO  impl.StateMachineUpdater (StateMachineUpdater.java:lambda$new$0(98)) - 3be0eefd-0f91-4043-b67b-b27b4ab908b0@group-2BAE2E41964B-StateMachineUpdater: snapshotIndex: updateIncreasingly -1 -> 0
2024-01-08 22:38:05,420 [grpc-default-executor-0] INFO  server.GrpcLogAppender (GrpcLogAppender.java:onCompleted(469)) - 3be0eefd-0f91-4043-b67b-b27b4ab908b0@group-2BAE2E41964B->d358508b-f61b-4bbe-a39d-36a2c95b295d-AppendLogResponseHandler: follower responses appendEntries COMPLETED
2024-01-08 22:38:05,421 [3be0eefd-0f91-4043-b67b-b27b4ab908b0-impl-thread1] INFO  server.RaftServer$Division (ServerState.java:close(423)) - 3be0eefd-0f91-4043-b67b-b27b4ab908b0@group-2BAE2E41964B: applyIndex: 0
2024-01-08 22:38:05,421 [3be0eefd-0f91-4043-b67b-b27b4ab908b0@group-5857499DADE9-StateMachineUpdater] INFO  ratis.ContainerStateMachine (ContainerStateMachine.java:takeSnapshot(355)) - group-5857499DADE9: Taking a snapshot at:(t:1, i:0) file /home/runner/work/ozone/ozone/hadoop-ozone/integration-test/target/test-dir/MiniOzoneClusterImpl-c2c64c26-053e-4d1e-83e3-051e2bfa4916/datanode-4/data/ratis/a8e3b2a6-9d68-41f3-bb16-5857499dade9/sm/snapshot.1_0
2024-01-08 22:38:05,421 [3be0eefd-0f91-4043-b67b-b27b4ab908b0-impl-thread2] INFO  impl.StateMachineUpdater (StateMachineUpdater.java:stopAndJoin(157)) - 3be0eefd-0f91-4043-b67b-b27b4ab908b0@group-5857499DADE9-StateMachineUpdater: set stopIndex = 0
2024-01-08 22:38:05,420 [c15a1dbd-1c17-41f9-9118-60766ac127ad@group-8A30B06FA7AF-StateMachineUpdater] INFO  impl.StateMachineUpdater (StateMachineUpdater.java:lambda$new$0(98)) - c15a1dbd-1c17-41f9-9118-60766ac127ad@group-8A30B06FA7AF-StateMachineUpdater: snapshotIndex: updateIncreasingly -1 -> 0
2024-01-08 22:38:05,420 [45b27c77-8146-46e2-b49e-9e386de8493b@group-553E271A2630-StateMachineUpdater] INFO  impl.StateMachineUpdater (StateMachineUpdater.java:takeSnapshot(295)) - 45b27c77-8146-46e2-b49e-9e386de8493b@group-553E271A2630-StateMachineUpdater: Took a snapshot at index 0
2024-01-08 22:38:05,421 [45b27c77-8146-46e2-b49e-9e386de8493b@group-553E271A2630-StateMachineUpdater] INFO  impl.StateMachineUpdater (StateMachineUpdater.java:lambda$new$0(98)) - 45b27c77-8146-46e2-b49e-9e386de8493b@group-553E271A2630-StateMachineUpdater: snapshotIndex: updateIncreasingly -1 -> 0
2024-01-08 22:38:05,421 [c15a1dbd-1c17-41f9-9118-60766ac127ad-impl-thread2] INFO  server.RaftServer$Division (ServerState.java:close(423)) - c15a1dbd-1c17-41f9-9118-60766ac127ad@group-8A30B06FA7AF: applyIndex: 0
2024-01-08 22:38:05,421 [45b27c77-8146-46e2-b49e-9e386de8493b-impl-thread1] INFO  server.RaftServer$Division (ServerState.java:close(423)) - 45b27c77-8146-46e2-b49e-9e386de8493b@group-553E271A2630: applyIndex: 0
2024-01-08 22:38:05,420 [45b27c77-8146-46e2-b49e-9e386de8493b-impl-thread2] INFO  impl.PendingRequests (PendingRequests.java:sendNotLeaderResponses(289)) - 45b27c77-8146-46e2-b49e-9e386de8493b@group-90F282FE66D6-PendingRequests: sendNotLeaderResponses
2024-01-08 22:38:05,421 [3be0eefd-0f91-4043-b67b-b27b4ab908b0@group-5857499DADE9-StateMachineUpdater] INFO  ratis.ContainerStateMachine (ContainerStateMachine.java:takeSnapshot(366)) - group-5857499DADE9: Finished taking a snapshot at:(t:1, i:0) file:/home/runner/work/ozone/ozone/hadoop-ozone/integration-test/target/test-dir/MiniOzoneClusterImpl-c2c64c26-053e-4d1e-83e3-051e2bfa4916/datanode-4/data/ratis/a8e3b2a6-9d68-41f3-bb16-5857499dade9/sm/snapshot.1_0 took: 0 ms
2024-01-08 22:38:05,421 [3be0eefd-0f91-4043-b67b-b27b4ab908b0@group-5857499DADE9-StateMachineUpdater] INFO  impl.StateMachineUpdater (StateMachineUpdater.java:takeSnapshot(295)) - 3be0eefd-0f91-4043-b67b-b27b4ab908b0@group-5857499DADE9-StateMachineUpdater: Took a snapshot at index 0
2024-01-08 22:38:05,421 [3be0eefd-0f91-4043-b67b-b27b4ab908b0@group-5857499DADE9-StateMachineUpdater] INFO  impl.StateMachineUpdater (StateMachineUpdater.java:lambda$new$0(98)) - 3be0eefd-0f91-4043-b67b-b27b4ab908b0@group-5857499DADE9-StateMachineUpdater: snapshotIndex: updateIncreasingly -1 -> 0
2024-01-08 22:38:05,421 [45b27c77-8146-46e2-b49e-9e386de8493b-impl-thread2] INFO  impl.StateMachineUpdater (StateMachineUpdater.java:stopAndJoin(157)) - 45b27c77-8146-46e2-b49e-9e386de8493b@group-90F282FE66D6-StateMachineUpdater: set stopIndex = 0
2024-01-08 22:38:05,421 [45b27c77-8146-46e2-b49e-9e386de8493b@group-90F282FE66D6-StateMachineUpdater] INFO  ratis.ContainerStateMachine (ContainerStateMachine.java:takeSnapshot(355)) - group-90F282FE66D6: Taking a snapshot at:(t:1, i:0) file /home/runner/work/ozone/ozone/hadoop-ozone/integration-test/target/test-dir/MiniOzoneClusterImpl-c2c64c26-053e-4d1e-83e3-051e2bfa4916/datanode-2/data/ratis/06058d69-ce9e-4526-b831-90f282fe66d6/sm/snapshot.1_0
2024-01-08 22:38:05,421 [3be0eefd-0f91-4043-b67b-b27b4ab908b0-impl-thread2] INFO  server.RaftServer$Division (ServerState.java:close(423)) - 3be0eefd-0f91-4043-b67b-b27b4ab908b0@group-5857499DADE9: applyIndex: 0
2024-01-08 22:38:05,422 [45b27c77-8146-46e2-b49e-9e386de8493b@group-90F282FE66D6-StateMachineUpdater] INFO  ratis.ContainerStateMachine (ContainerStateMachine.java:takeSnapshot(366)) - group-90F282FE66D6: Finished taking a snapshot at:(t:1, i:0) file:/home/runner/work/ozone/ozone/hadoop-ozone/integration-test/target/test-dir/MiniOzoneClusterImpl-c2c64c26-053e-4d1e-83e3-051e2bfa4916/datanode-2/data/ratis/06058d69-ce9e-4526-b831-90f282fe66d6/sm/snapshot.1_0 took: 0 ms
2024-01-08 22:38:05,422 [45b27c77-8146-46e2-b49e-9e386de8493b@group-90F282FE66D6-StateMachineUpdater] INFO  impl.StateMachineUpdater (StateMachineUpdater.java:takeSnapshot(295)) - 45b27c77-8146-46e2-b49e-9e386de8493b@group-90F282FE66D6-StateMachineUpdater: Took a snapshot at index 0
2024-01-08 22:38:05,422 [45b27c77-8146-46e2-b49e-9e386de8493b@group-90F282FE66D6-StateMachineUpdater] INFO  impl.StateMachineUpdater (StateMachineUpdater.java:lambda$new$0(98)) - 45b27c77-8146-46e2-b49e-9e386de8493b@group-90F282FE66D6-StateMachineUpdater: snapshotIndex: updateIncreasingly -1 -> 0
2024-01-08 22:38:05,422 [45b27c77-8146-46e2-b49e-9e386de8493b-impl-thread2] INFO  server.RaftServer$Division (ServerState.java:close(423)) - 45b27c77-8146-46e2-b49e-9e386de8493b@group-90F282FE66D6: applyIndex: 0
2024-01-08 22:38:05,428 [ForkJoinPool.commonPool-worker-7] INFO  server.RaftServer (RaftServerProxy.java:lambda$close$9(416)) - 5e84c15f-e363-46f0-a4a8-c0510a3e4dd9: close
2024-01-08 22:38:05,428 [c15a1dbd-1c17-41f9-9118-60766ac127ad@group-2BAE2E41964B-StateMachineUpdater] INFO  ratis.ContainerStateMachine (ContainerStateMachine.java:takeSnapshot(355)) - group-2BAE2E41964B: Taking a snapshot at:(t:1, i:0) file /home/runner/work/ozone/ozone/hadoop-ozone/integration-test/target/test-dir/MiniOzoneClusterImpl-c2c64c26-053e-4d1e-83e3-051e2bfa4916/datanode-5/data/ratis/c748593b-2d19-406a-b3af-2bae2e41964b/sm/snapshot.1_0
2024-01-08 22:38:05,428 [c15a1dbd-1c17-41f9-9118-60766ac127ad@group-2BAE2E41964B-FollowerState] INFO  impl.FollowerState (FollowerState.java:run(152)) - c15a1dbd-1c17-41f9-9118-60766ac127ad@group-2BAE2E41964B-FollowerState was interrupted
2024-01-08 22:38:05,428 [c15a1dbd-1c17-41f9-9118-60766ac127ad-impl-thread1] INFO  impl.StateMachineUpdater (StateMachineUpdater.java:stopAndJoin(157)) - c15a1dbd-1c17-41f9-9118-60766ac127ad@group-2BAE2E41964B-StateMachineUpdater: set stopIndex = 0
2024-01-08 22:38:05,428 [Thread-4603] INFO  server.GrpcServerProtocolClient (GrpcServerProtocolClient.java:close(103)) - d358508b-f61b-4bbe-a39d-36a2c95b295d Close channels
2024-01-08 22:38:05,429 [grpc-default-executor-0] INFO  server.GrpcServerProtocolService (GrpcServerProtocolService.java:onCompleted(157)) - 5e84c15f-e363-46f0-a4a8-c0510a3e4dd9: Completed APPEND_ENTRIES, lastRequest: null
2024-01-08 22:38:05,429 [grpc-default-executor-0] INFO  server.GrpcServerProtocolService (GrpcServerProtocolService.java:lambda$onCompleted$5(159)) - 5e84c15f-e363-46f0-a4a8-c0510a3e4dd9: Completed APPEND_ENTRIES, lastReply: serverReply {
  requestorId: "45b27c77-8146-46e2-b49e-9e386de8493b"
  replyId: "5e84c15f-e363-46f0-a4a8-c0510a3e4dd9"
  raftGroupId {
    id: "I\033l\273\021qE\037\260\216U>\'\032&0"
  }
  callId: 16
  success: true
}
term: 1
nextIndex: 1
matchIndex: 18446744073709551615
isHearbeat: true

2024-01-08 22:38:05,430 [c15a1dbd-1c17-41f9-9118-60766ac127ad@group-2BAE2E41964B-StateMachineUpdater] INFO  ratis.ContainerStateMachine (ContainerStateMachine.java:takeSnapshot(366)) - group-2BAE2E41964B: Finished taking a snapshot at:(t:1, i:0) file:/home/runner/work/ozone/ozone/hadoop-ozone/integration-test/target/test-dir/MiniOzoneClusterImpl-c2c64c26-053e-4d1e-83e3-051e2bfa4916/datanode-5/data/ratis/c748593b-2d19-406a-b3af-2bae2e41964b/sm/snapshot.1_0 took: 2 ms
2024-01-08 22:38:05,430 [c15a1dbd-1c17-41f9-9118-60766ac127ad@group-2BAE2E41964B-StateMachineUpdater] INFO  impl.StateMachineUpdater (StateMachineUpdater.java:takeSnapshot(295)) - c15a1dbd-1c17-41f9-9118-60766ac127ad@group-2BAE2E41964B-StateMachineUpdater: Took a snapshot at index 0
2024-01-08 22:38:05,430 [c15a1dbd-1c17-41f9-9118-60766ac127ad@group-2BAE2E41964B-StateMachineUpdater] INFO  impl.StateMachineUpdater (StateMachineUpdater.java:lambda$new$0(98)) - c15a1dbd-1c17-41f9-9118-60766ac127ad@group-2BAE2E41964B-StateMachineUpdater: snapshotIndex: updateIncreasingly -1 -> 0
2024-01-08 22:38:05,430 [c15a1dbd-1c17-41f9-9118-60766ac127ad-impl-thread1] INFO  server.RaftServer$Division (ServerState.java:close(423)) - c15a1dbd-1c17-41f9-9118-60766ac127ad@group-2BAE2E41964B: applyIndex: 0
2024-01-08 22:38:05,430 [Thread-4610] INFO  server.GrpcServerProtocolClient (GrpcServerProtocolClient.java:close(103)) - c15a1dbd-1c17-41f9-9118-60766ac127ad Close channels
2024-01-08 22:38:05,430 [grpc-default-executor-0] INFO  server.GrpcServerProtocolService (GrpcServerProtocolService.java:onCompleted(157)) - 4688c780-dea6-4744-ac30-6cd603ef2a1b: Completed APPEND_ENTRIES, lastRequest: 45b27c77-8146-46e2-b49e-9e386de8493b->4688c780-dea6-4744-ac30-6cd603ef2a1b#1-t1,previous=(t:0, i:0),leaderCommit=-1,initializing? true,entries: size=1, first=(t:1, i:0), CONFIGURATIONENTRY(current:id: "4688c780-dea6-4744-ac30-6cd603ef2a1b"
address: "10.1.0.16:15370"
dataStreamAddress: "10.1.0.16:15371"
clientAddress: "10.1.0.16:15368"
adminAddress: "10.1.0.16:15369"
startupRole: FOLLOWER
,id: "45b27c77-8146-46e2-b49e-9e386de8493b"
address: "10.1.0.16:15388"
priority: 1
dataStreamAddress: "10.1.0.16:15389"
clientAddress: "10.1.0.16:15386"
adminAddress: "10.1.0.16:15387"
startupRole: FOLLOWER
,id: "5e84c15f-e363-46f0-a4a8-c0510a3e4dd9"
address: "10.1.0.16:15379"
dataStreamAddress: "10.1.0.16:15380"
clientAddress: "10.1.0.16:15377"
adminAddress: "10.1.0.16:15378"
startupRole: FOLLOWER
, old:)
2024-01-08 22:38:05,431 [grpc-default-executor-0] INFO  server.GrpcServerProtocolService (GrpcServerProtocolService.java:lambda$onCompleted$5(159)) - 4688c780-dea6-4744-ac30-6cd603ef2a1b: Completed APPEND_ENTRIES, lastReply: null
2024-01-08 22:38:05,431 [ForkJoinPool.commonPool-worker-5] INFO  server.GrpcService (GrpcService.java:closeImpl(320)) - 92bfa79f-b082-4a9b-a2b8-9a2f5047304a: shutdown server org.apache.ratis.grpc.server.GrpcAdminProtocolService successfully
2024-01-08 22:38:05,431 [92bfa79f-b082-4a9b-a2b8-9a2f5047304a-NettyServerStreamRpc-bossGroup--thread1] INFO  logging.LoggingHandler (AbstractInternalLogger.java:log(148)) - [id: 0x2a95a071, L:/0.0.0.0:15434] CLOSE
2024-01-08 22:38:05,431 [45b27c77-8146-46e2-b49e-9e386de8493b@group-90F282FE66D6-cacheEviction-AwaitToRun] INFO  util.AwaitToRun (AwaitToRun.java:run(49)) - 45b27c77-8146-46e2-b49e-9e386de8493b@group-90F282FE66D6-cacheEviction-AwaitToRun-AwaitForSignal is interrupted
2024-01-08 22:38:05,431 [92bfa79f-b082-4a9b-a2b8-9a2f5047304a-NettyServerStreamRpc-bossGroup--thread1] INFO  logging.LoggingHandler (AbstractInternalLogger.java:log(148)) - [id: 0x2a95a071, L:/0.0.0.0:15434] INACTIVE
2024-01-08 22:38:05,431 [92bfa79f-b082-4a9b-a2b8-9a2f5047304a-NettyServerStreamRpc-bossGroup--thread1] INFO  logging.LoggingHandler (AbstractInternalLogger.java:log(148)) - [id: 0x2a95a071, L:/0.0.0.0:15434] UNREGISTERED
2024-01-08 22:38:05,431 [3be0eefd-0f91-4043-b67b-b27b4ab908b0@group-5857499DADE9-cacheEviction-AwaitToRun] INFO  util.AwaitToRun (AwaitToRun.java:run(49)) - 3be0eefd-0f91-4043-b67b-b27b4ab908b0@group-5857499DADE9-cacheEviction-AwaitToRun-AwaitForSignal is interrupted
2024-01-08 22:38:05,431 [c15a1dbd-1c17-41f9-9118-60766ac127ad@group-8A30B06FA7AF-cacheEviction-AwaitToRun] INFO  util.AwaitToRun (AwaitToRun.java:run(49)) - c15a1dbd-1c17-41f9-9118-60766ac127ad@group-8A30B06FA7AF-cacheEviction-AwaitToRun-AwaitForSignal is interrupted
2024-01-08 22:38:05,432 [3be0eefd-0f91-4043-b67b-b27b4ab908b0@group-2BAE2E41964B-cacheEviction-AwaitToRun] INFO  util.AwaitToRun (AwaitToRun.java:run(49)) - 3be0eefd-0f91-4043-b67b-b27b4ab908b0@group-2BAE2E41964B-cacheEviction-AwaitToRun-AwaitForSignal is interrupted
2024-01-08 22:38:05,431 [45b27c77-8146-46e2-b49e-9e386de8493b@group-553E271A2630-cacheEviction-AwaitToRun] INFO  util.AwaitToRun (AwaitToRun.java:run(49)) - 45b27c77-8146-46e2-b49e-9e386de8493b@group-553E271A2630-cacheEviction-AwaitToRun-AwaitForSignal is interrupted
2024-01-08 22:38:05,432 [ForkJoinPool.commonPool-worker-0] INFO  ozoneimpl.OzoneContainer (OzoneContainer.java:stop(463)) - Attempting to stop container services.
2024-01-08 22:38:05,432 [ForkJoinPool.commonPool-worker-0] INFO  server.RaftServer (RaftServerProxy.java:lambda$close$9(416)) - d358508b-f61b-4bbe-a39d-36a2c95b295d: close
2024-01-08 22:38:05,433 [c15a1dbd-1c17-41f9-9118-60766ac127ad@group-2BAE2E41964B-cacheEviction-AwaitToRun] INFO  util.AwaitToRun (AwaitToRun.java:run(49)) - c15a1dbd-1c17-41f9-9118-60766ac127ad@group-2BAE2E41964B-cacheEviction-AwaitToRun-AwaitForSignal is interrupted
2024-01-08 22:38:05,433 [main] INFO  server.GrpcService (GrpcService.java:closeImpl(320)) - c15a1dbd-1c17-41f9-9118-60766ac127ad: shutdown server org.apache.ratis.grpc.server.GrpcClientProtocolService successfully
2024-01-08 22:38:05,434 [grpc-default-executor-3] INFO  server.GrpcLogAppender (GrpcLogAppender.java:onCompleted(469)) - 45b27c77-8146-46e2-b49e-9e386de8493b@group-553E271A2630->5e84c15f-e363-46f0-a4a8-c0510a3e4dd9-AppendLogResponseHandler: follower responses appendEntries COMPLETED
2024-01-08 22:38:05,434 [main] INFO  server.GrpcService (GrpcService.java:closeImpl(311)) - c15a1dbd-1c17-41f9-9118-60766ac127ad: shutdown server GrpcServerProtocolService now
2024-01-08 22:38:05,434 [grpc-default-executor-0] INFO  server.GrpcServerProtocolService (GrpcServerProtocolService.java:onCompleted(157)) - 4688c780-dea6-4744-ac30-6cd603ef2a1b: Completed APPEND_ENTRIES, lastRequest: null
2024-01-08 22:38:05,434 [grpc-default-executor-1] INFO  server.GrpcServerProtocolService (GrpcServerProtocolService.java:onCompleted(157)) - c15a1dbd-1c17-41f9-9118-60766ac127ad: Completed APPEND_ENTRIES, lastRequest: 3be0eefd-0f91-4043-b67b-b27b4ab908b0->c15a1dbd-1c17-41f9-9118-60766ac127ad#1-t1,previous=(t:0, i:0),leaderCommit=-1,initializing? true,entries: size=1, first=(t:1, i:0), CONFIGURATIONENTRY(current:id: "d358508b-f61b-4bbe-a39d-36a2c95b295d"
address: "10.1.0.16:15397"
dataStreamAddress: "10.1.0.16:15398"
clientAddress: "10.1.0.16:15395"
adminAddress: "10.1.0.16:15396"
startupRole: FOLLOWER
,id: "3be0eefd-0f91-4043-b67b-b27b4ab908b0"
address: "10.1.0.16:15406"
priority: 1
dataStreamAddress: "10.1.0.16:15407"
clientAddress: "10.1.0.16:15404"
adminAddress: "10.1.0.16:15405"
startupRole: FOLLOWER
,id: "c15a1dbd-1c17-41f9-9118-60766ac127ad"
address: "10.1.0.16:15415"
dataStreamAddress: "10.1.0.16:15416"
clientAddress: "10.1.0.16:15413"
adminAddress: "10.1.0.16:15414"
startupRole: FOLLOWER
, old:)
2024-01-08 22:38:05,434 [grpc-default-executor-1] INFO  server.GrpcServerProtocolService (GrpcServerProtocolService.java:lambda$onCompleted$5(159)) - c15a1dbd-1c17-41f9-9118-60766ac127ad: Completed APPEND_ENTRIES, lastReply: null
2024-01-08 22:38:05,434 [grpc-default-executor-0] INFO  server.GrpcServerProtocolService (GrpcServerProtocolService.java:lambda$onCompleted$5(159)) - 4688c780-dea6-4744-ac30-6cd603ef2a1b: Completed APPEND_ENTRIES, lastReply: serverReply {
  requestorId: "45b27c77-8146-46e2-b49e-9e386de8493b"
  replyId: "4688c780-dea6-4744-ac30-6cd603ef2a1b"
  raftGroupId {
    id: "I\033l\273\021qE\037\260\216U>\'\032&0"
  }
  callId: 13
  success: true
}
term: 1
nextIndex: 1
matchIndex: 18446744073709551615
isHearbeat: true

2024-01-08 22:38:05,434 [grpc-default-executor-5] INFO  server.GrpcLogAppender (GrpcLogAppender.java:onCompleted(469)) - 45b27c77-8146-46e2-b49e-9e386de8493b@group-553E271A2630->4688c780-dea6-4744-ac30-6cd603ef2a1b-AppendLogResponseHandler: follower responses appendEntries COMPLETED
2024-01-08 22:38:05,434 [Thread-4609] INFO  server.GrpcServerProtocolClient (GrpcServerProtocolClient.java:close(103)) - 4688c780-dea6-4744-ac30-6cd603ef2a1b Close channels
2024-01-08 22:38:05,434 [grpc-default-executor-2] INFO  server.GrpcServerProtocolService (GrpcServerProtocolService.java:onCompleted(157)) - 5e84c15f-e363-46f0-a4a8-c0510a3e4dd9: Completed APPEND_ENTRIES, lastRequest: 45b27c77-8146-46e2-b49e-9e386de8493b->5e84c15f-e363-46f0-a4a8-c0510a3e4dd9#1-t1,previous=(t:0, i:0),leaderCommit=-1,initializing? true,entries: size=1, first=(t:1, i:0), CONFIGURATIONENTRY(current:id: "4688c780-dea6-4744-ac30-6cd603ef2a1b"
address: "10.1.0.16:15370"
dataStreamAddress: "10.1.0.16:15371"
clientAddress: "10.1.0.16:15368"
adminAddress: "10.1.0.16:15369"
startupRole: FOLLOWER
,id: "45b27c77-8146-46e2-b49e-9e386de8493b"
address: "10.1.0.16:15388"
priority: 1
dataStreamAddress: "10.1.0.16:15389"
clientAddress: "10.1.0.16:15386"
adminAddress: "10.1.0.16:15387"
startupRole: FOLLOWER
,id: "5e84c15f-e363-46f0-a4a8-c0510a3e4dd9"
address: "10.1.0.16:15379"
dataStreamAddress: "10.1.0.16:15380"
clientAddress: "10.1.0.16:15377"
adminAddress: "10.1.0.16:15378"
startupRole: FOLLOWER
, old:)
2024-01-08 22:38:05,434 [grpc-default-executor-2] INFO  server.GrpcServerProtocolService (GrpcServerProtocolService.java:lambda$onCompleted$5(159)) - 5e84c15f-e363-46f0-a4a8-c0510a3e4dd9: Completed APPEND_ENTRIES, lastReply: null
2024-01-08 22:38:05,434 [grpc-default-executor-4] INFO  server.GrpcServerProtocolService (GrpcServerProtocolService.java:onCompleted(157)) - c15a1dbd-1c17-41f9-9118-60766ac127ad: Completed APPEND_ENTRIES, lastRequest: null
2024-01-08 22:38:05,434 [grpc-default-executor-5] WARN  server.GrpcLogAppender (GrpcLogAppender.java:resetClient(149)) - 45b27c77-8146-46e2-b49e-9e386de8493b@group-553E271A2630->4688c780-dea6-4744-ac30-6cd603ef2a1b-GrpcLogAppender: Failed to getClient for 4688c780-dea6-4744-ac30-6cd603ef2a1b
org.apache.ratis.protocol.exceptions.AlreadyClosedException: 45b27c77-8146-46e2-b49e-9e386de8493b is already CLOSED
	at org.apache.ratis.util.PeerProxyMap$PeerAndProxy.getProxy(PeerProxyMap.java:61)
	at org.apache.ratis.util.PeerProxyMap.getProxy(PeerProxyMap.java:110)
	at org.apache.ratis.grpc.server.GrpcLogAppender.getClient(GrpcLogAppender.java:121)
	at org.apache.ratis.grpc.server.GrpcLogAppender.resetClient(GrpcLogAppender.java:126)
	at org.apache.ratis.grpc.server.GrpcLogAppender.access$800(GrpcLogAppender.java:61)
	at org.apache.ratis.grpc.server.GrpcLogAppender$AppendLogResponseHandler.onCompleted(GrpcLogAppender.java:471)
	at org.apache.ratis.thirdparty.io.grpc.stub.ClientCalls$StreamObserverToCallListenerAdapter.onClose(ClientCalls.java:479)
	at org.apache.ratis.thirdparty.io.grpc.internal.ClientCallImpl.closeObserver(ClientCallImpl.java:567)
	at org.apache.ratis.thirdparty.io.grpc.internal.ClientCallImpl.access$300(ClientCallImpl.java:71)
	at org.apache.ratis.thirdparty.io.grpc.internal.ClientCallImpl$ClientStreamListenerImpl$1StreamClosed.runInternal(ClientCallImpl.java:735)
	at org.apache.ratis.thirdparty.io.grpc.internal.ClientCallImpl$ClientStreamListenerImpl$1StreamClosed.runInContext(ClientCallImpl.java:716)
	at org.apache.ratis.thirdparty.io.grpc.internal.ContextRunnable.run(ContextRunnable.java:37)
	at org.apache.ratis.thirdparty.io.grpc.internal.SerializingExecutor.run(SerializingExecutor.java:133)
	at java.util.concurrent.ThreadPoolExecutor.runWorker(ThreadPoolExecutor.java:1149)
	at java.util.concurrent.ThreadPoolExecutor$Worker.run(ThreadPoolExecutor.java:624)
	at java.lang.Thread.run(Thread.java:750)
2024-01-08 22:38:05,435 [grpc-default-executor-4] INFO  server.GrpcServerProtocolService (GrpcServerProtocolService.java:lambda$onCompleted$5(159)) - c15a1dbd-1c17-41f9-9118-60766ac127ad: Completed APPEND_ENTRIES, lastReply: serverReply {
  requestorId: "3be0eefd-0f91-4043-b67b-b27b4ab908b0"
  replyId: "c15a1dbd-1c17-41f9-9118-60766ac127ad"
  raftGroupId {
    id: "\307HY;-\031@j\263\257+\256.A\226K"
  }
  callId: 12
  success: true
}
term: 1
nextIndex: 1
matchIndex: 18446744073709551615
isHearbeat: true

2024-01-08 22:38:05,435 [5e84c15f-e363-46f0-a4a8-c0510a3e4dd9-impl-thread1] INFO  server.RaftServer$Division (RaftServerImpl.java:lambda$close$3(516)) - 5e84c15f-e363-46f0-a4a8-c0510a3e4dd9@group-553E271A2630: shutdown
2024-01-08 22:38:05,435 [ForkJoinPool.commonPool-worker-7] INFO  server.GrpcService (GrpcService.java:closeImpl(311)) - 5e84c15f-e363-46f0-a4a8-c0510a3e4dd9: shutdown server org.apache.ratis.grpc.server.GrpcClientProtocolService now
2024-01-08 22:38:05,435 [5e84c15f-e363-46f0-a4a8-c0510a3e4dd9-impl-thread2] INFO  server.RaftServer$Division (RaftServerImpl.java:lambda$close$3(516)) - 5e84c15f-e363-46f0-a4a8-c0510a3e4dd9@group-111C7FA9F822: shutdown
2024-01-08 22:38:05,440 [5e84c15f-e363-46f0-a4a8-c0510a3e4dd9-impl-thread2] INFO  util.JmxRegister (JmxRegister.java:unregister(73)) - Successfully un-registered JMX Bean with object name Ratis:service=RaftServer,group=group-111C7FA9F822,id=5e84c15f-e363-46f0-a4a8-c0510a3e4dd9
2024-01-08 22:38:05,440 [5e84c15f-e363-46f0-a4a8-c0510a3e4dd9-impl-thread2] INFO  impl.RoleInfo (RoleInfo.java:shutdownLeaderState(94)) - 5e84c15f-e363-46f0-a4a8-c0510a3e4dd9: shutdown 5e84c15f-e363-46f0-a4a8-c0510a3e4dd9@group-111C7FA9F822-LeaderStateImpl
2024-01-08 22:38:05,440 [5e84c15f-e363-46f0-a4a8-c0510a3e4dd9-impl-thread2] INFO  impl.PendingRequests (PendingRequests.java:sendNotLeaderResponses(289)) - 5e84c15f-e363-46f0-a4a8-c0510a3e4dd9@group-111C7FA9F822-PendingRequests: sendNotLeaderResponses
2024-01-08 22:38:05,440 [grpc-default-executor-6] INFO  server.GrpcLogAppender (GrpcLogAppender.java:onCompleted(469)) - 45b27c77-8146-46e2-b49e-9e386de8493b@group-553E271A2630->4688c780-dea6-4744-ac30-6cd603ef2a1b-AppendLogResponseHandler: follower responses appendEntries COMPLETED
2024-01-08 22:38:05,440 [grpc-default-executor-6] WARN  server.GrpcLogAppender (GrpcLogAppender.java:resetClient(149)) - 45b27c77-8146-46e2-b49e-9e386de8493b@group-553E271A2630->4688c780-dea6-4744-ac30-6cd603ef2a1b-GrpcLogAppender: Failed to getClient for 4688c780-dea6-4744-ac30-6cd603ef2a1b
org.apache.ratis.protocol.exceptions.AlreadyClosedException: 45b27c77-8146-46e2-b49e-9e386de8493b is already CLOSED
	at org.apache.ratis.util.PeerProxyMap$PeerAndProxy.getProxy(PeerProxyMap.java:61)
	at org.apache.ratis.util.PeerProxyMap.getProxy(PeerProxyMap.java:110)
	at org.apache.ratis.grpc.server.GrpcLogAppender.getClient(GrpcLogAppender.java:121)
	at org.apache.ratis.grpc.server.GrpcLogAppender.resetClient(GrpcLogAppender.java:126)
	at org.apache.ratis.grpc.server.GrpcLogAppender.access$800(GrpcLogAppender.java:61)
	at org.apache.ratis.grpc.server.GrpcLogAppender$AppendLogResponseHandler.onCompleted(GrpcLogAppender.java:471)
	at org.apache.ratis.thirdparty.io.grpc.stub.ClientCalls$StreamObserverToCallListenerAdapter.onClose(ClientCalls.java:479)
	at org.apache.ratis.thirdparty.io.grpc.internal.DelayedClientCall$DelayedListener$3.run(DelayedClientCall.java:489)
	at org.apache.ratis.thirdparty.io.grpc.internal.DelayedClientCall$DelayedListener.delayOrExecute(DelayedClientCall.java:453)
	at org.apache.ratis.thirdparty.io.grpc.internal.DelayedClientCall$DelayedListener.onClose(DelayedClientCall.java:486)
	at org.apache.ratis.thirdparty.io.grpc.internal.ClientCallImpl.closeObserver(ClientCallImpl.java:567)
	at org.apache.ratis.thirdparty.io.grpc.internal.ClientCallImpl.access$300(ClientCallImpl.java:71)
	at org.apache.ratis.thirdparty.io.grpc.internal.ClientCallImpl$ClientStreamListenerImpl$1StreamClosed.runInternal(ClientCallImpl.java:735)
	at org.apache.ratis.thirdparty.io.grpc.internal.ClientCallImpl$ClientStreamListenerImpl$1StreamClosed.runInContext(ClientCallImpl.java:716)
	at org.apache.ratis.thirdparty.io.grpc.internal.ContextRunnable.run(ContextRunnable.java:37)
	at org.apache.ratis.thirdparty.io.grpc.internal.SerializingExecutor.run(SerializingExecutor.java:133)
	at java.util.concurrent.ThreadPoolExecutor.runWorker(ThreadPoolExecutor.java:1149)
	at java.util.concurrent.ThreadPoolExecutor$Worker.run(ThreadPoolExecutor.java:624)
	at java.lang.Thread.run(Thread.java:750)
2024-01-08 22:38:05,441 [5e84c15f-e363-46f0-a4a8-c0510a3e4dd9@group-111C7FA9F822-StateMachineUpdater] INFO  ratis.ContainerStateMachine (ContainerStateMachine.java:takeSnapshot(355)) - group-111C7FA9F822: Taking a snapshot at:(t:1, i:0) file /home/runner/work/ozone/ozone/hadoop-ozone/integration-test/target/test-dir/MiniOzoneClusterImpl-c2c64c26-053e-4d1e-83e3-051e2bfa4916/datanode-1/data/ratis/b70a71a8-944d-4a83-ba37-111c7fa9f822/sm/snapshot.1_0
2024-01-08 22:38:05,441 [Thread-4620] INFO  server.GrpcServerProtocolClient (GrpcServerProtocolClient.java:close(103)) - 5e84c15f-e363-46f0-a4a8-c0510a3e4dd9 Close channels
2024-01-08 22:38:05,441 [main] INFO  server.GrpcService (GrpcService.java:closeImpl(320)) - c15a1dbd-1c17-41f9-9118-60766ac127ad: shutdown server GrpcServerProtocolService successfully
2024-01-08 22:38:05,441 [main] INFO  server.GrpcService (GrpcService.java:closeImpl(311)) - c15a1dbd-1c17-41f9-9118-60766ac127ad: shutdown server org.apache.ratis.grpc.server.GrpcAdminProtocolService now
2024-01-08 22:38:05,441 [5e84c15f-e363-46f0-a4a8-c0510a3e4dd9@group-111C7FA9F822-StateMachineUpdater] INFO  ratis.ContainerStateMachine (ContainerStateMachine.java:takeSnapshot(366)) - group-111C7FA9F822: Finished taking a snapshot at:(t:1, i:0) file:/home/runner/work/ozone/ozone/hadoop-ozone/integration-test/target/test-dir/MiniOzoneClusterImpl-c2c64c26-053e-4d1e-83e3-051e2bfa4916/datanode-1/data/ratis/b70a71a8-944d-4a83-ba37-111c7fa9f822/sm/snapshot.1_0 took: 1 ms
2024-01-08 22:38:05,442 [5e84c15f-e363-46f0-a4a8-c0510a3e4dd9@group-111C7FA9F822-StateMachineUpdater] INFO  impl.StateMachineUpdater (StateMachineUpdater.java:takeSnapshot(295)) - 5e84c15f-e363-46f0-a4a8-c0510a3e4dd9@group-111C7FA9F822-StateMachineUpdater: Took a snapshot at index 0
2024-01-08 22:38:05,442 [5e84c15f-e363-46f0-a4a8-c0510a3e4dd9@group-111C7FA9F822-StateMachineUpdater] INFO  impl.StateMachineUpdater (StateMachineUpdater.java:lambda$new$0(98)) - 5e84c15f-e363-46f0-a4a8-c0510a3e4dd9@group-111C7FA9F822-StateMachineUpdater: snapshotIndex: updateIncreasingly -1 -> 0
2024-01-08 22:38:05,438 [d358508b-f61b-4bbe-a39d-36a2c95b295d-impl-thread1] INFO  server.RaftServer$Division (RaftServerImpl.java:lambda$close$3(516)) - d358508b-f61b-4bbe-a39d-36a2c95b295d@group-4F9EEBAFE465: shutdown
2024-01-08 22:38:05,442 [d358508b-f61b-4bbe-a39d-36a2c95b295d-impl-thread1] INFO  util.JmxRegister (JmxRegister.java:unregister(73)) - Successfully un-registered JMX Bean with object name Ratis:service=RaftServer,group=group-4F9EEBAFE465,id=d358508b-f61b-4bbe-a39d-36a2c95b295d
2024-01-08 22:38:05,442 [d358508b-f61b-4bbe-a39d-36a2c95b295d-impl-thread1] INFO  impl.RoleInfo (RoleInfo.java:shutdownLeaderState(94)) - d358508b-f61b-4bbe-a39d-36a2c95b295d: shutdown d358508b-f61b-4bbe-a39d-36a2c95b295d@group-4F9EEBAFE465-LeaderStateImpl
2024-01-08 22:38:05,442 [d358508b-f61b-4bbe-a39d-36a2c95b295d-impl-thread1] INFO  impl.PendingRequests (PendingRequests.java:sendNotLeaderResponses(289)) - d358508b-f61b-4bbe-a39d-36a2c95b295d@group-4F9EEBAFE465-PendingRequests: sendNotLeaderResponses
2024-01-08 22:38:05,442 [d358508b-f61b-4bbe-a39d-36a2c95b295d-impl-thread1] INFO  impl.StateMachineUpdater (StateMachineUpdater.java:stopAndJoin(157)) - d358508b-f61b-4bbe-a39d-36a2c95b295d@group-4F9EEBAFE465-StateMachineUpdater: set stopIndex = 0
2024-01-08 22:38:05,437 [5e84c15f-e363-46f0-a4a8-c0510a3e4dd9-impl-thread1] INFO  util.JmxRegister (JmxRegister.java:unregister(73)) - Successfully un-registered JMX Bean with object name Ratis:service=RaftServer,group=group-553E271A2630,id=5e84c15f-e363-46f0-a4a8-c0510a3e4dd9
2024-01-08 22:38:05,442 [d358508b-f61b-4bbe-a39d-36a2c95b295d@group-4F9EEBAFE465-StateMachineUpdater] INFO  ratis.ContainerStateMachine (ContainerStateMachine.java:takeSnapshot(355)) - group-4F9EEBAFE465: Taking a snapshot at:(t:1, i:0) file /home/runner/work/ozone/ozone/hadoop-ozone/integration-test/target/test-dir/MiniOzoneClusterImpl-c2c64c26-053e-4d1e-83e3-051e2bfa4916/datanode-3/data/ratis/148942d0-cd53-4c0e-a309-4f9eebafe465/sm/snapshot.1_0
2024-01-08 22:38:05,437 [ForkJoinPool.commonPool-worker-7] INFO  server.GrpcService (GrpcService.java:closeImpl(320)) - 5e84c15f-e363-46f0-a4a8-c0510a3e4dd9: shutdown server org.apache.ratis.grpc.server.GrpcClientProtocolService successfully
2024-01-08 22:38:05,442 [ForkJoinPool.commonPool-worker-1] INFO  ozoneimpl.OzoneContainer (OzoneContainer.java:stop(463)) - Attempting to stop container services.
2024-01-08 22:38:05,437 [grpc-default-executor-0] INFO  server.GrpcLogAppender (GrpcLogAppender.java:onCompleted(469)) - 45b27c77-8146-46e2-b49e-9e386de8493b@group-553E271A2630->5e84c15f-e363-46f0-a4a8-c0510a3e4dd9-AppendLogResponseHandler: follower responses appendEntries COMPLETED
2024-01-08 22:38:05,443 [grpc-default-executor-0] WARN  server.GrpcLogAppender (GrpcLogAppender.java:resetClient(149)) - 45b27c77-8146-46e2-b49e-9e386de8493b@group-553E271A2630->5e84c15f-e363-46f0-a4a8-c0510a3e4dd9-GrpcLogAppender: Failed to getClient for 5e84c15f-e363-46f0-a4a8-c0510a3e4dd9
org.apache.ratis.protocol.exceptions.AlreadyClosedException: 45b27c77-8146-46e2-b49e-9e386de8493b is already CLOSED
	at org.apache.ratis.util.PeerProxyMap$PeerAndProxy.getProxy(PeerProxyMap.java:61)
	at org.apache.ratis.util.PeerProxyMap.getProxy(PeerProxyMap.java:110)
	at org.apache.ratis.grpc.server.GrpcLogAppender.getClient(GrpcLogAppender.java:121)
	at org.apache.ratis.grpc.server.GrpcLogAppender.resetClient(GrpcLogAppender.java:126)
	at org.apache.ratis.grpc.server.GrpcLogAppender.access$800(GrpcLogAppender.java:61)
	at org.apache.ratis.grpc.server.GrpcLogAppender$AppendLogResponseHandler.onCompleted(GrpcLogAppender.java:471)
	at org.apache.ratis.thirdparty.io.grpc.stub.ClientCalls$StreamObserverToCallListenerAdapter.onClose(ClientCalls.java:479)
	at org.apache.ratis.thirdparty.io.grpc.internal.ClientCallImpl.closeObserver(ClientCallImpl.java:567)
	at org.apache.ratis.thirdparty.io.grpc.internal.ClientCallImpl.access$300(ClientCallImpl.java:71)
	at org.apache.ratis.thirdparty.io.grpc.internal.ClientCallImpl$ClientStreamListenerImpl$1StreamClosed.runInternal(ClientCallImpl.java:735)
	at org.apache.ratis.thirdparty.io.grpc.internal.ClientCallImpl$ClientStreamListenerImpl$1StreamClosed.runInContext(ClientCallImpl.java:716)
	at org.apache.ratis.thirdparty.io.grpc.internal.ContextRunnable.run(ContextRunnable.java:37)
	at org.apache.ratis.thirdparty.io.grpc.internal.SerializingExecutor.run(SerializingExecutor.java:133)
	at java.util.concurrent.ThreadPoolExecutor.runWorker(ThreadPoolExecutor.java:1149)
	at java.util.concurrent.ThreadPoolExecutor$Worker.run(ThreadPoolExecutor.java:624)
	at java.lang.Thread.run(Thread.java:750)
2024-01-08 22:38:05,443 [d358508b-f61b-4bbe-a39d-36a2c95b295d@group-4F9EEBAFE465-StateMachineUpdater] INFO  ratis.ContainerStateMachine (ContainerStateMachine.java:takeSnapshot(366)) - group-4F9EEBAFE465: Finished taking a snapshot at:(t:1, i:0) file:/home/runner/work/ozone/ozone/hadoop-ozone/integration-test/target/test-dir/MiniOzoneClusterImpl-c2c64c26-053e-4d1e-83e3-051e2bfa4916/datanode-3/data/ratis/148942d0-cd53-4c0e-a309-4f9eebafe465/sm/snapshot.1_0 took: 1 ms
2024-01-08 22:38:05,443 [d358508b-f61b-4bbe-a39d-36a2c95b295d@group-4F9EEBAFE465-StateMachineUpdater] INFO  impl.StateMachineUpdater (StateMachineUpdater.java:takeSnapshot(295)) - d358508b-f61b-4bbe-a39d-36a2c95b295d@group-4F9EEBAFE465-StateMachineUpdater: Took a snapshot at index 0
2024-01-08 22:38:05,443 [d358508b-f61b-4bbe-a39d-36a2c95b295d@group-4F9EEBAFE465-StateMachineUpdater] INFO  impl.StateMachineUpdater (StateMachineUpdater.java:lambda$new$0(98)) - d358508b-f61b-4bbe-a39d-36a2c95b295d@group-4F9EEBAFE465-StateMachineUpdater: snapshotIndex: updateIncreasingly -1 -> 0
2024-01-08 22:38:05,443 [d358508b-f61b-4bbe-a39d-36a2c95b295d-impl-thread1] INFO  server.RaftServer$Division (ServerState.java:close(423)) - d358508b-f61b-4bbe-a39d-36a2c95b295d@group-4F9EEBAFE465: applyIndex: 0
2024-01-08 22:38:05,443 [ForkJoinPool.commonPool-worker-4] INFO  server.GrpcService (GrpcService.java:closeImpl(320)) - 45b27c77-8146-46e2-b49e-9e386de8493b: shutdown server org.apache.ratis.grpc.server.GrpcClientProtocolService successfully
2024-01-08 22:38:05,443 [ForkJoinPool.commonPool-worker-4] INFO  server.GrpcService (GrpcService.java:closeImpl(311)) - 45b27c77-8146-46e2-b49e-9e386de8493b: shutdown server GrpcServerProtocolService now
2024-01-08 22:38:05,444 [grpc-default-executor-6] INFO  server.GrpcLogAppender (GrpcLogAppender.java:onError(457)) - 3be0eefd-0f91-4043-b67b-b27b4ab908b0@group-2BAE2E41964B->c15a1dbd-1c17-41f9-9118-60766ac127ad-GrpcLogAppender is already stopped
2024-01-08 22:38:05,437 [grpc-default-executor-3] INFO  server.GrpcLogAppender (GrpcLogAppender.java:onError(457)) - 3be0eefd-0f91-4043-b67b-b27b4ab908b0@group-2BAE2E41964B->c15a1dbd-1c17-41f9-9118-60766ac127ad-GrpcLogAppender is already stopped
2024-01-08 22:38:05,449 [ForkJoinPool.commonPool-worker-0] INFO  server.GrpcService (GrpcService.java:closeImpl(311)) - d358508b-f61b-4bbe-a39d-36a2c95b295d: shutdown server org.apache.ratis.grpc.server.GrpcClientProtocolService now
2024-01-08 22:38:05,450 [ForkJoinPool.commonPool-worker-1] INFO  server.RaftServer (RaftServerProxy.java:lambda$close$9(416)) - 4688c780-dea6-4744-ac30-6cd603ef2a1b: close
2024-01-08 22:38:05,450 [main] INFO  server.GrpcService (GrpcService.java:closeImpl(320)) - c15a1dbd-1c17-41f9-9118-60766ac127ad: shutdown server org.apache.ratis.grpc.server.GrpcAdminProtocolService successfully
2024-01-08 22:38:05,450 [c15a1dbd-1c17-41f9-9118-60766ac127ad-NettyServerStreamRpc-bossGroup--thread1] INFO  logging.LoggingHandler (AbstractInternalLogger.java:log(148)) - [id: 0x4c63beb6, L:/0.0.0.0:15416] CLOSE
2024-01-08 22:38:05,451 [c15a1dbd-1c17-41f9-9118-60766ac127ad-NettyServerStreamRpc-bossGroup--thread1] INFO  logging.LoggingHandler (AbstractInternalLogger.java:log(148)) - [id: 0x4c63beb6, L:/0.0.0.0:15416] INACTIVE
2024-01-08 22:38:05,451 [c15a1dbd-1c17-41f9-9118-60766ac127ad-NettyServerStreamRpc-bossGroup--thread1] INFO  logging.LoggingHandler (AbstractInternalLogger.java:log(148)) - [id: 0x4c63beb6, L:/0.0.0.0:15416] UNREGISTERED
2024-01-08 22:38:05,447 [d358508b-f61b-4bbe-a39d-36a2c95b295d@group-4F9EEBAFE465-cacheEviction-AwaitToRun] INFO  util.AwaitToRun (AwaitToRun.java:run(49)) - d358508b-f61b-4bbe-a39d-36a2c95b295d@group-4F9EEBAFE465-cacheEviction-AwaitToRun-AwaitForSignal is interrupted
2024-01-08 22:38:05,442 [ForkJoinPool.commonPool-worker-7] INFO  server.GrpcService (GrpcService.java:closeImpl(311)) - 5e84c15f-e363-46f0-a4a8-c0510a3e4dd9: shutdown server GrpcServerProtocolService now
2024-01-08 22:38:05,442 [5e84c15f-e363-46f0-a4a8-c0510a3e4dd9-impl-thread1] INFO  impl.RoleInfo (RoleInfo.java:shutdownFollowerState(110)) - 5e84c15f-e363-46f0-a4a8-c0510a3e4dd9: shutdown 5e84c15f-e363-46f0-a4a8-c0510a3e4dd9@group-553E271A2630-FollowerState
2024-01-08 22:38:05,441 [ForkJoinPool.commonPool-worker-6] INFO  server.GrpcService (GrpcService.java:closeImpl(320)) - 3be0eefd-0f91-4043-b67b-b27b4ab908b0: shutdown server org.apache.ratis.grpc.server.GrpcClientProtocolService successfully
2024-01-08 22:38:05,452 [ForkJoinPool.commonPool-worker-6] INFO  server.GrpcService (GrpcService.java:closeImpl(311)) - 3be0eefd-0f91-4043-b67b-b27b4ab908b0: shutdown server GrpcServerProtocolService now
2024-01-08 22:38:05,440 [5e84c15f-e363-46f0-a4a8-c0510a3e4dd9-impl-thread2] INFO  impl.StateMachineUpdater (StateMachineUpdater.java:stopAndJoin(157)) - 5e84c15f-e363-46f0-a4a8-c0510a3e4dd9@group-111C7FA9F822-StateMachineUpdater: set stopIndex = 0
2024-01-08 22:38:05,452 [5e84c15f-e363-46f0-a4a8-c0510a3e4dd9-impl-thread2] INFO  server.RaftServer$Division (ServerState.java:close(423)) - 5e84c15f-e363-46f0-a4a8-c0510a3e4dd9@group-111C7FA9F822: applyIndex: 0
2024-01-08 22:38:05,451 [ForkJoinPool.commonPool-worker-0] INFO  server.GrpcService (GrpcService.java:closeImpl(320)) - d358508b-f61b-4bbe-a39d-36a2c95b295d: shutdown server org.apache.ratis.grpc.server.GrpcClientProtocolService successfully
2024-01-08 22:38:05,452 [ForkJoinPool.commonPool-worker-0] INFO  server.GrpcService (GrpcService.java:closeImpl(311)) - d358508b-f61b-4bbe-a39d-36a2c95b295d: shutdown server GrpcServerProtocolService now
2024-01-08 22:38:05,449 [d358508b-f61b-4bbe-a39d-36a2c95b295d-impl-thread2] INFO  server.RaftServer$Division (RaftServerImpl.java:lambda$close$3(516)) - d358508b-f61b-4bbe-a39d-36a2c95b295d@group-2BAE2E41964B: shutdown
2024-01-08 22:38:05,452 [d358508b-f61b-4bbe-a39d-36a2c95b295d-impl-thread2] INFO  util.JmxRegister (JmxRegister.java:unregister(73)) - Successfully un-registered JMX Bean with object name Ratis:service=RaftServer,group=group-2BAE2E41964B,id=d358508b-f61b-4bbe-a39d-36a2c95b295d
2024-01-08 22:38:05,452 [d358508b-f61b-4bbe-a39d-36a2c95b295d-impl-thread2] INFO  impl.RoleInfo (RoleInfo.java:shutdownFollowerState(110)) - d358508b-f61b-4bbe-a39d-36a2c95b295d: shutdown d358508b-f61b-4bbe-a39d-36a2c95b295d@group-2BAE2E41964B-FollowerState
2024-01-08 22:38:05,453 [4688c780-dea6-4744-ac30-6cd603ef2a1b-impl-thread1] INFO  server.RaftServer$Division (RaftServerImpl.java:lambda$close$3(516)) - 4688c780-dea6-4744-ac30-6cd603ef2a1b@group-553E271A2630: shutdown
2024-01-08 22:38:05,453 [4688c780-dea6-4744-ac30-6cd603ef2a1b-impl-thread1] INFO  util.JmxRegister (JmxRegister.java:unregister(73)) - Successfully un-registered JMX Bean with object name Ratis:service=RaftServer,group=group-553E271A2630,id=4688c780-dea6-4744-ac30-6cd603ef2a1b
2024-01-08 22:38:05,453 [4688c780-dea6-4744-ac30-6cd603ef2a1b-impl-thread1] INFO  impl.RoleInfo (RoleInfo.java:shutdownFollowerState(110)) - 4688c780-dea6-4744-ac30-6cd603ef2a1b: shutdown 4688c780-dea6-4744-ac30-6cd603ef2a1b@group-553E271A2630-FollowerState
2024-01-08 22:38:05,453 [ForkJoinPool.commonPool-worker-4] INFO  server.GrpcService (GrpcService.java:closeImpl(320)) - 45b27c77-8146-46e2-b49e-9e386de8493b: shutdown server GrpcServerProtocolService successfully
2024-01-08 22:38:05,453 [ForkJoinPool.commonPool-worker-4] INFO  server.GrpcService (GrpcService.java:closeImpl(311)) - 45b27c77-8146-46e2-b49e-9e386de8493b: shutdown server org.apache.ratis.grpc.server.GrpcAdminProtocolService now
2024-01-08 22:38:05,455 [d358508b-f61b-4bbe-a39d-36a2c95b295d@group-2BAE2E41964B-FollowerState] INFO  impl.FollowerState (FollowerState.java:shouldRun(117)) - d358508b-f61b-4bbe-a39d-36a2c95b295d@group-2BAE2E41964B-FollowerState: Stopping now (isRunning? false, role = FOLLOWER)
2024-01-08 22:38:05,456 [5e84c15f-e363-46f0-a4a8-c0510a3e4dd9-impl-thread1] INFO  impl.StateMachineUpdater (StateMachineUpdater.java:stopAndJoin(157)) - 5e84c15f-e363-46f0-a4a8-c0510a3e4dd9@group-553E271A2630-StateMachineUpdater: set stopIndex = 0
2024-01-08 22:38:05,456 [5e84c15f-e363-46f0-a4a8-c0510a3e4dd9@group-553E271A2630-StateMachineUpdater] INFO  ratis.ContainerStateMachine (ContainerStateMachine.java:takeSnapshot(355)) - group-553E271A2630: Taking a snapshot at:(t:1, i:0) file /home/runner/work/ozone/ozone/hadoop-ozone/integration-test/target/test-dir/MiniOzoneClusterImpl-c2c64c26-053e-4d1e-83e3-051e2bfa4916/datanode-1/data/ratis/491b6cbb-1171-451f-b08e-553e271a2630/sm/snapshot.1_0
2024-01-08 22:38:05,456 [ForkJoinPool.commonPool-worker-7] INFO  server.GrpcService (GrpcService.java:closeImpl(320)) - 5e84c15f-e363-46f0-a4a8-c0510a3e4dd9: shutdown server GrpcServerProtocolService successfully
2024-01-08 22:38:05,456 [ForkJoinPool.commonPool-worker-7] INFO  server.GrpcService (GrpcService.java:closeImpl(311)) - 5e84c15f-e363-46f0-a4a8-c0510a3e4dd9: shutdown server org.apache.ratis.grpc.server.GrpcAdminProtocolService now
2024-01-08 22:38:05,456 [5e84c15f-e363-46f0-a4a8-c0510a3e4dd9@group-553E271A2630-FollowerState] INFO  impl.FollowerState (FollowerState.java:run(152)) - 5e84c15f-e363-46f0-a4a8-c0510a3e4dd9@group-553E271A2630-FollowerState was interrupted
2024-01-08 22:38:05,464 [5e84c15f-e363-46f0-a4a8-c0510a3e4dd9@group-553E271A2630-StateMachineUpdater] INFO  ratis.ContainerStateMachine (ContainerStateMachine.java:takeSnapshot(366)) - group-553E271A2630: Finished taking a snapshot at:(t:1, i:0) file:/home/runner/work/ozone/ozone/hadoop-ozone/integration-test/target/test-dir/MiniOzoneClusterImpl-c2c64c26-053e-4d1e-83e3-051e2bfa4916/datanode-1/data/ratis/491b6cbb-1171-451f-b08e-553e271a2630/sm/snapshot.1_0 took: 8 ms
2024-01-08 22:38:05,464 [5e84c15f-e363-46f0-a4a8-c0510a3e4dd9@group-553E271A2630-StateMachineUpdater] INFO  impl.StateMachineUpdater (StateMachineUpdater.java:takeSnapshot(295)) - 5e84c15f-e363-46f0-a4a8-c0510a3e4dd9@group-553E271A2630-StateMachineUpdater: Took a snapshot at index 0
2024-01-08 22:38:05,463 [4688c780-dea6-4744-ac30-6cd603ef2a1b-impl-thread2] INFO  server.RaftServer$Division (RaftServerImpl.java:lambda$close$3(516)) - 4688c780-dea6-4744-ac30-6cd603ef2a1b@group-8DFAAEB7BF25: shutdown
2024-01-08 22:38:05,468 [4688c780-dea6-4744-ac30-6cd603ef2a1b-impl-thread2] INFO  util.JmxRegister (JmxRegister.java:unregister(73)) - Successfully un-registered JMX Bean with object name Ratis:service=RaftServer,group=group-8DFAAEB7BF25,id=4688c780-dea6-4744-ac30-6cd603ef2a1b
2024-01-08 22:38:05,468 [4688c780-dea6-4744-ac30-6cd603ef2a1b-impl-thread2] INFO  impl.RoleInfo (RoleInfo.java:shutdownLeaderState(94)) - 4688c780-dea6-4744-ac30-6cd603ef2a1b: shutdown 4688c780-dea6-4744-ac30-6cd603ef2a1b@group-8DFAAEB7BF25-LeaderStateImpl
2024-01-08 22:38:05,468 [4688c780-dea6-4744-ac30-6cd603ef2a1b-impl-thread2] INFO  impl.PendingRequests (PendingRequests.java:sendNotLeaderResponses(289)) - 4688c780-dea6-4744-ac30-6cd603ef2a1b@group-8DFAAEB7BF25-PendingRequests: sendNotLeaderResponses
2024-01-08 22:38:05,468 [4688c780-dea6-4744-ac30-6cd603ef2a1b-impl-thread2] INFO  impl.StateMachineUpdater (StateMachineUpdater.java:stopAndJoin(157)) - 4688c780-dea6-4744-ac30-6cd603ef2a1b@group-8DFAAEB7BF25-StateMachineUpdater: set stopIndex = 0
2024-01-08 22:38:05,463 [ForkJoinPool.commonPool-worker-1] INFO  server.GrpcService (GrpcService.java:closeImpl(311)) - 4688c780-dea6-4744-ac30-6cd603ef2a1b: shutdown server org.apache.ratis.grpc.server.GrpcClientProtocolService now
2024-01-08 22:38:05,463 [4688c780-dea6-4744-ac30-6cd603ef2a1b@group-553E271A2630-FollowerState] INFO  impl.FollowerState (FollowerState.java:run(152)) - 4688c780-dea6-4744-ac30-6cd603ef2a1b@group-553E271A2630-FollowerState was interrupted
2024-01-08 22:38:05,463 [4688c780-dea6-4744-ac30-6cd603ef2a1b@group-553E271A2630-StateMachineUpdater] INFO  ratis.ContainerStateMachine (ContainerStateMachine.java:takeSnapshot(355)) - group-553E271A2630: Taking a snapshot at:(t:1, i:0) file /home/runner/work/ozone/ozone/hadoop-ozone/integration-test/target/test-dir/MiniOzoneClusterImpl-c2c64c26-053e-4d1e-83e3-051e2bfa4916/datanode-0/data/ratis/491b6cbb-1171-451f-b08e-553e271a2630/sm/snapshot.1_0
2024-01-08 22:38:05,463 [4688c780-dea6-4744-ac30-6cd603ef2a1b-impl-thread1] INFO  impl.StateMachineUpdater (StateMachineUpdater.java:stopAndJoin(157)) - 4688c780-dea6-4744-ac30-6cd603ef2a1b@group-553E271A2630-StateMachineUpdater: set stopIndex = 0
2024-01-08 22:38:05,469 [ForkJoinPool.commonPool-worker-7] INFO  server.GrpcService (GrpcService.java:closeImpl(320)) - 5e84c15f-e363-46f0-a4a8-c0510a3e4dd9: shutdown server org.apache.ratis.grpc.server.GrpcAdminProtocolService successfully
2024-01-08 22:38:05,469 [5e84c15f-e363-46f0-a4a8-c0510a3e4dd9-NettyServerStreamRpc-bossGroup--thread1] INFO  logging.LoggingHandler (AbstractInternalLogger.java:log(148)) - [id: 0xeb84f329, L:/0.0.0.0:15380] CLOSE
2024-01-08 22:38:05,469 [4688c780-dea6-4744-ac30-6cd603ef2a1b@group-553E271A2630-StateMachineUpdater] INFO  ratis.ContainerStateMachine (ContainerStateMachine.java:takeSnapshot(366)) - group-553E271A2630: Finished taking a snapshot at:(t:1, i:0) file:/home/runner/work/ozone/ozone/hadoop-ozone/integration-test/target/test-dir/MiniOzoneClusterImpl-c2c64c26-053e-4d1e-83e3-051e2bfa4916/datanode-0/data/ratis/491b6cbb-1171-451f-b08e-553e271a2630/sm/snapshot.1_0 took: 6 ms
2024-01-08 22:38:05,469 [4688c780-dea6-4744-ac30-6cd603ef2a1b@group-553E271A2630-StateMachineUpdater] INFO  impl.StateMachineUpdater (StateMachineUpdater.java:takeSnapshot(295)) - 4688c780-dea6-4744-ac30-6cd603ef2a1b@group-553E271A2630-StateMachineUpdater: Took a snapshot at index 0
2024-01-08 22:38:05,469 [4688c780-dea6-4744-ac30-6cd603ef2a1b@group-553E271A2630-StateMachineUpdater] INFO  impl.StateMachineUpdater (StateMachineUpdater.java:lambda$new$0(98)) - 4688c780-dea6-4744-ac30-6cd603ef2a1b@group-553E271A2630-StateMachineUpdater: snapshotIndex: updateIncreasingly -1 -> 0
2024-01-08 22:38:05,469 [4688c780-dea6-4744-ac30-6cd603ef2a1b-impl-thread1] INFO  server.RaftServer$Division (ServerState.java:close(423)) - 4688c780-dea6-4744-ac30-6cd603ef2a1b@group-553E271A2630: applyIndex: 0
2024-01-08 22:38:05,459 [ForkJoinPool.commonPool-worker-6] INFO  server.GrpcService (GrpcService.java:closeImpl(320)) - 3be0eefd-0f91-4043-b67b-b27b4ab908b0: shutdown server GrpcServerProtocolService successfully
2024-01-08 22:38:05,471 [ForkJoinPool.commonPool-worker-6] INFO  server.GrpcService (GrpcService.java:closeImpl(311)) - 3be0eefd-0f91-4043-b67b-b27b4ab908b0: shutdown server org.apache.ratis.grpc.server.GrpcAdminProtocolService now
2024-01-08 22:38:05,457 [d358508b-f61b-4bbe-a39d-36a2c95b295d-impl-thread2] INFO  impl.StateMachineUpdater (StateMachineUpdater.java:stopAndJoin(157)) - d358508b-f61b-4bbe-a39d-36a2c95b295d@group-2BAE2E41964B-StateMachineUpdater: set stopIndex = 0
2024-01-08 22:38:05,457 [5e84c15f-e363-46f0-a4a8-c0510a3e4dd9@group-111C7FA9F822-cacheEviction-AwaitToRun] INFO  util.AwaitToRun (AwaitToRun.java:run(49)) - 5e84c15f-e363-46f0-a4a8-c0510a3e4dd9@group-111C7FA9F822-cacheEviction-AwaitToRun-AwaitForSignal is interrupted
2024-01-08 22:38:05,457 [d358508b-f61b-4bbe-a39d-36a2c95b295d@group-2BAE2E41964B-StateMachineUpdater] INFO  ratis.ContainerStateMachine (ContainerStateMachine.java:takeSnapshot(355)) - group-2BAE2E41964B: Taking a snapshot at:(t:1, i:0) file /home/runner/work/ozone/ozone/hadoop-ozone/integration-test/target/test-dir/MiniOzoneClusterImpl-c2c64c26-053e-4d1e-83e3-051e2bfa4916/datanode-3/data/ratis/c748593b-2d19-406a-b3af-2bae2e41964b/sm/snapshot.1_0
2024-01-08 22:38:05,473 [d358508b-f61b-4bbe-a39d-36a2c95b295d@group-2BAE2E41964B-StateMachineUpdater] INFO  ratis.ContainerStateMachine (ContainerStateMachine.java:takeSnapshot(366)) - group-2BAE2E41964B: Finished taking a snapshot at:(t:1, i:0) file:/home/runner/work/ozone/ozone/hadoop-ozone/integration-test/target/test-dir/MiniOzoneClusterImpl-c2c64c26-053e-4d1e-83e3-051e2bfa4916/datanode-3/data/ratis/c748593b-2d19-406a-b3af-2bae2e41964b/sm/snapshot.1_0 took: 17 ms
2024-01-08 22:38:05,473 [d358508b-f61b-4bbe-a39d-36a2c95b295d@group-2BAE2E41964B-StateMachineUpdater] INFO  impl.StateMachineUpdater (StateMachineUpdater.java:takeSnapshot(295)) - d358508b-f61b-4bbe-a39d-36a2c95b295d@group-2BAE2E41964B-StateMachineUpdater: Took a snapshot at index 0
2024-01-08 22:38:05,473 [d358508b-f61b-4bbe-a39d-36a2c95b295d@group-2BAE2E41964B-StateMachineUpdater] INFO  impl.StateMachineUpdater (StateMachineUpdater.java:lambda$new$0(98)) - d358508b-f61b-4bbe-a39d-36a2c95b295d@group-2BAE2E41964B-StateMachineUpdater: snapshotIndex: updateIncreasingly -1 -> 0
2024-01-08 22:38:05,473 [d358508b-f61b-4bbe-a39d-36a2c95b295d-impl-thread2] INFO  server.RaftServer$Division (ServerState.java:close(423)) - d358508b-f61b-4bbe-a39d-36a2c95b295d@group-2BAE2E41964B: applyIndex: 0
2024-01-08 22:38:05,469 [5e84c15f-e363-46f0-a4a8-c0510a3e4dd9-NettyServerStreamRpc-bossGroup--thread1] INFO  logging.LoggingHandler (AbstractInternalLogger.java:log(148)) - [id: 0xeb84f329, L:/0.0.0.0:15380] INACTIVE
2024-01-08 22:38:05,475 [5e84c15f-e363-46f0-a4a8-c0510a3e4dd9-NettyServerStreamRpc-bossGroup--thread1] INFO  logging.LoggingHandler (AbstractInternalLogger.java:log(148)) - [id: 0xeb84f329, L:/0.0.0.0:15380] UNREGISTERED
2024-01-08 22:38:05,475 [ForkJoinPool.commonPool-worker-0] INFO  server.GrpcService (GrpcService.java:closeImpl(320)) - d358508b-f61b-4bbe-a39d-36a2c95b295d: shutdown server GrpcServerProtocolService successfully
2024-01-08 22:38:05,476 [ForkJoinPool.commonPool-worker-0] INFO  server.GrpcService (GrpcService.java:closeImpl(311)) - d358508b-f61b-4bbe-a39d-36a2c95b295d: shutdown server org.apache.ratis.grpc.server.GrpcAdminProtocolService now
2024-01-08 22:38:05,468 [4688c780-dea6-4744-ac30-6cd603ef2a1b@group-8DFAAEB7BF25-StateMachineUpdater] INFO  ratis.ContainerStateMachine (ContainerStateMachine.java:takeSnapshot(355)) - group-8DFAAEB7BF25: Taking a snapshot at:(t:1, i:0) file /home/runner/work/ozone/ozone/hadoop-ozone/integration-test/target/test-dir/MiniOzoneClusterImpl-c2c64c26-053e-4d1e-83e3-051e2bfa4916/datanode-0/data/ratis/cf2622fe-f3a9-4b8e-87e9-8dfaaeb7bf25/sm/snapshot.1_0
2024-01-08 22:38:05,468 [ForkJoinPool.commonPool-worker-4] INFO  server.GrpcService (GrpcService.java:closeImpl(320)) - 45b27c77-8146-46e2-b49e-9e386de8493b: shutdown server org.apache.ratis.grpc.server.GrpcAdminProtocolService successfully
2024-01-08 22:38:05,464 [5e84c15f-e363-46f0-a4a8-c0510a3e4dd9@group-553E271A2630-StateMachineUpdater] INFO  impl.StateMachineUpdater (StateMachineUpdater.java:lambda$new$0(98)) - 5e84c15f-e363-46f0-a4a8-c0510a3e4dd9@group-553E271A2630-StateMachineUpdater: snapshotIndex: updateIncreasingly -1 -> 0
2024-01-08 22:38:05,476 [45b27c77-8146-46e2-b49e-9e386de8493b-NettyServerStreamRpc-bossGroup--thread1] INFO  logging.LoggingHandler (AbstractInternalLogger.java:log(148)) - [id: 0x32effdc1, L:/0.0.0.0:15389] CLOSE
2024-01-08 22:38:05,476 [5e84c15f-e363-46f0-a4a8-c0510a3e4dd9-impl-thread1] INFO  server.RaftServer$Division (ServerState.java:close(423)) - 5e84c15f-e363-46f0-a4a8-c0510a3e4dd9@group-553E271A2630: applyIndex: 0
2024-01-08 22:38:05,476 [4688c780-dea6-4744-ac30-6cd603ef2a1b@group-8DFAAEB7BF25-StateMachineUpdater] INFO  ratis.ContainerStateMachine (ContainerStateMachine.java:takeSnapshot(366)) - group-8DFAAEB7BF25: Finished taking a snapshot at:(t:1, i:0) file:/home/runner/work/ozone/ozone/hadoop-ozone/integration-test/target/test-dir/MiniOzoneClusterImpl-c2c64c26-053e-4d1e-83e3-051e2bfa4916/datanode-0/data/ratis/cf2622fe-f3a9-4b8e-87e9-8dfaaeb7bf25/sm/snapshot.1_0 took: 7 ms
2024-01-08 22:38:05,476 [4688c780-dea6-4744-ac30-6cd603ef2a1b@group-8DFAAEB7BF25-StateMachineUpdater] INFO  impl.StateMachineUpdater (StateMachineUpdater.java:takeSnapshot(295)) - 4688c780-dea6-4744-ac30-6cd603ef2a1b@group-8DFAAEB7BF25-StateMachineUpdater: Took a snapshot at index 0
2024-01-08 22:38:05,476 [4688c780-dea6-4744-ac30-6cd603ef2a1b@group-8DFAAEB7BF25-StateMachineUpdater] INFO  impl.StateMachineUpdater (StateMachineUpdater.java:lambda$new$0(98)) - 4688c780-dea6-4744-ac30-6cd603ef2a1b@group-8DFAAEB7BF25-StateMachineUpdater: snapshotIndex: updateIncreasingly -1 -> 0
2024-01-08 22:38:05,476 [4688c780-dea6-4744-ac30-6cd603ef2a1b-impl-thread2] INFO  server.RaftServer$Division (ServerState.java:close(423)) - 4688c780-dea6-4744-ac30-6cd603ef2a1b@group-8DFAAEB7BF25: applyIndex: 0
2024-01-08 22:38:05,476 [45b27c77-8146-46e2-b49e-9e386de8493b-NettyServerStreamRpc-bossGroup--thread1] INFO  logging.LoggingHandler (AbstractInternalLogger.java:log(148)) - [id: 0x32effdc1, L:/0.0.0.0:15389] INACTIVE
2024-01-08 22:38:05,476 [45b27c77-8146-46e2-b49e-9e386de8493b-NettyServerStreamRpc-bossGroup--thread1] INFO  logging.LoggingHandler (AbstractInternalLogger.java:log(148)) - [id: 0x32effdc1, L:/0.0.0.0:15389] UNREGISTERED
2024-01-08 22:38:05,478 [4688c780-dea6-4744-ac30-6cd603ef2a1b@group-8DFAAEB7BF25-cacheEviction-AwaitToRun] INFO  util.AwaitToRun (AwaitToRun.java:run(49)) - 4688c780-dea6-4744-ac30-6cd603ef2a1b@group-8DFAAEB7BF25-cacheEviction-AwaitToRun-AwaitForSignal is interrupted
2024-01-08 22:38:05,479 [5e84c15f-e363-46f0-a4a8-c0510a3e4dd9@group-553E271A2630-cacheEviction-AwaitToRun] INFO  util.AwaitToRun (AwaitToRun.java:run(49)) - 5e84c15f-e363-46f0-a4a8-c0510a3e4dd9@group-553E271A2630-cacheEviction-AwaitToRun-AwaitForSignal is interrupted
2024-01-08 22:38:05,479 [d358508b-f61b-4bbe-a39d-36a2c95b295d@group-2BAE2E41964B-cacheEviction-AwaitToRun] INFO  util.AwaitToRun (AwaitToRun.java:run(49)) - d358508b-f61b-4bbe-a39d-36a2c95b295d@group-2BAE2E41964B-cacheEviction-AwaitToRun-AwaitForSignal is interrupted
2024-01-08 22:38:05,480 [4688c780-dea6-4744-ac30-6cd603ef2a1b@group-553E271A2630-cacheEviction-AwaitToRun] INFO  util.AwaitToRun (AwaitToRun.java:run(49)) - 4688c780-dea6-4744-ac30-6cd603ef2a1b@group-553E271A2630-cacheEviction-AwaitToRun-AwaitForSignal is interrupted
2024-01-08 22:38:05,480 [ForkJoinPool.commonPool-worker-0] INFO  server.GrpcService (GrpcService.java:closeImpl(320)) - d358508b-f61b-4bbe-a39d-36a2c95b295d: shutdown server org.apache.ratis.grpc.server.GrpcAdminProtocolService successfully
2024-01-08 22:38:05,480 [d358508b-f61b-4bbe-a39d-36a2c95b295d-NettyServerStreamRpc-bossGroup--thread1] INFO  logging.LoggingHandler (AbstractInternalLogger.java:log(148)) - [id: 0x950c71c2, L:/0.0.0.0:15398] CLOSE
2024-01-08 22:38:05,480 [d358508b-f61b-4bbe-a39d-36a2c95b295d-NettyServerStreamRpc-bossGroup--thread1] INFO  logging.LoggingHandler (AbstractInternalLogger.java:log(148)) - [id: 0x950c71c2, L:/0.0.0.0:15398] INACTIVE
2024-01-08 22:38:05,480 [d358508b-f61b-4bbe-a39d-36a2c95b295d-NettyServerStreamRpc-bossGroup--thread1] INFO  logging.LoggingHandler (AbstractInternalLogger.java:log(148)) - [id: 0x950c71c2, L:/0.0.0.0:15398] UNREGISTERED
2024-01-08 22:38:05,483 [ForkJoinPool.commonPool-worker-6] INFO  server.GrpcService (GrpcService.java:closeImpl(320)) - 3be0eefd-0f91-4043-b67b-b27b4ab908b0: shutdown server org.apache.ratis.grpc.server.GrpcAdminProtocolService successfully
2024-01-08 22:38:05,483 [3be0eefd-0f91-4043-b67b-b27b4ab908b0-NettyServerStreamRpc-bossGroup--thread1] INFO  logging.LoggingHandler (AbstractInternalLogger.java:log(148)) - [id: 0x83f46487, L:/0.0.0.0:15407] CLOSE
2024-01-08 22:38:05,483 [3be0eefd-0f91-4043-b67b-b27b4ab908b0-NettyServerStreamRpc-bossGroup--thread1] INFO  logging.LoggingHandler (AbstractInternalLogger.java:log(148)) - [id: 0x83f46487, L:/0.0.0.0:15407] INACTIVE
2024-01-08 22:38:05,483 [3be0eefd-0f91-4043-b67b-b27b4ab908b0-NettyServerStreamRpc-bossGroup--thread1] INFO  logging.LoggingHandler (AbstractInternalLogger.java:log(148)) - [id: 0x83f46487, L:/0.0.0.0:15407] UNREGISTERED
2024-01-08 22:38:05,486 [ForkJoinPool.commonPool-worker-1] INFO  server.GrpcService (GrpcService.java:closeImpl(320)) - 4688c780-dea6-4744-ac30-6cd603ef2a1b: shutdown server org.apache.ratis.grpc.server.GrpcClientProtocolService successfully
2024-01-08 22:38:05,486 [ForkJoinPool.commonPool-worker-1] INFO  server.GrpcService (GrpcService.java:closeImpl(311)) - 4688c780-dea6-4744-ac30-6cd603ef2a1b: shutdown server GrpcServerProtocolService now
2024-01-08 22:38:05,486 [ForkJoinPool.commonPool-worker-1] INFO  server.GrpcService (GrpcService.java:closeImpl(320)) - 4688c780-dea6-4744-ac30-6cd603ef2a1b: shutdown server GrpcServerProtocolService successfully
2024-01-08 22:38:05,486 [ForkJoinPool.commonPool-worker-1] INFO  server.GrpcService (GrpcService.java:closeImpl(311)) - 4688c780-dea6-4744-ac30-6cd603ef2a1b: shutdown server org.apache.ratis.grpc.server.GrpcAdminProtocolService now
2024-01-08 22:38:05,487 [ForkJoinPool.commonPool-worker-1] INFO  server.GrpcService (GrpcService.java:closeImpl(320)) - 4688c780-dea6-4744-ac30-6cd603ef2a1b: shutdown server org.apache.ratis.grpc.server.GrpcAdminProtocolService successfully
2024-01-08 22:38:05,487 [4688c780-dea6-4744-ac30-6cd603ef2a1b-NettyServerStreamRpc-bossGroup--thread1] INFO  logging.LoggingHandler (AbstractInternalLogger.java:log(148)) - [id: 0xa75fd1b8, L:/0.0.0.0:15371] CLOSE
2024-01-08 22:38:05,487 [4688c780-dea6-4744-ac30-6cd603ef2a1b-NettyServerStreamRpc-bossGroup--thread1] INFO  logging.LoggingHandler (AbstractInternalLogger.java:log(148)) - [id: 0xa75fd1b8, L:/0.0.0.0:15371] INACTIVE
2024-01-08 22:38:05,487 [4688c780-dea6-4744-ac30-6cd603ef2a1b-NettyServerStreamRpc-bossGroup--thread1] INFO  logging.LoggingHandler (AbstractInternalLogger.java:log(148)) - [id: 0xa75fd1b8, L:/0.0.0.0:15371] UNREGISTERED
2024-01-08 22:38:05,779 [4688c780-dea6-4744-ac30-6cd603ef2a1b-impl-thread2] INFO  segmented.SegmentedRaftLogWorker (SegmentedRaftLogWorker.java:close(243)) - 4688c780-dea6-4744-ac30-6cd603ef2a1b@group-8DFAAEB7BF25-SegmentedRaftLogWorker close()
2024-01-08 22:38:06,045 [45b27c77-8146-46e2-b49e-9e386de8493b-impl-thread2] INFO  segmented.SegmentedRaftLogWorker (SegmentedRaftLogWorker.java:close(243)) - 45b27c77-8146-46e2-b49e-9e386de8493b@group-90F282FE66D6-SegmentedRaftLogWorker close()
2024-01-08 22:38:06,046 [5e84c15f-e363-46f0-a4a8-c0510a3e4dd9-impl-thread2] INFO  segmented.SegmentedRaftLogWorker (SegmentedRaftLogWorker.java:close(243)) - 5e84c15f-e363-46f0-a4a8-c0510a3e4dd9@group-111C7FA9F822-SegmentedRaftLogWorker close()
2024-01-08 22:38:06,047 [4688c780-dea6-4744-ac30-6cd603ef2a1b-impl-thread1] INFO  segmented.SegmentedRaftLogWorker (SegmentedRaftLogWorker.java:close(243)) - 4688c780-dea6-4744-ac30-6cd603ef2a1b@group-553E271A2630-SegmentedRaftLogWorker close()
2024-01-08 22:38:06,047 [45b27c77-8146-46e2-b49e-9e386de8493b-impl-thread1] INFO  segmented.SegmentedRaftLogWorker (SegmentedRaftLogWorker.java:close(243)) - 45b27c77-8146-46e2-b49e-9e386de8493b@group-553E271A2630-SegmentedRaftLogWorker close()
2024-01-08 22:38:06,047 [5e84c15f-e363-46f0-a4a8-c0510a3e4dd9-impl-thread1] INFO  segmented.SegmentedRaftLogWorker (SegmentedRaftLogWorker.java:close(243)) - 5e84c15f-e363-46f0-a4a8-c0510a3e4dd9@group-553E271A2630-SegmentedRaftLogWorker close()
2024-01-08 22:38:06,048 [JvmPauseMonitor48] INFO  util.JvmPauseMonitor (JvmPauseMonitor.java:run(152)) - JvmPauseMonitor-45b27c77-8146-46e2-b49e-9e386de8493b: Stopped
2024-01-08 22:38:06,049 [JvmPauseMonitor47] INFO  util.JvmPauseMonitor (JvmPauseMonitor.java:run(152)) - JvmPauseMonitor-5e84c15f-e363-46f0-a4a8-c0510a3e4dd9: Stopped
2024-01-08 22:38:06,047 [JvmPauseMonitor46] INFO  util.JvmPauseMonitor (JvmPauseMonitor.java:run(152)) - JvmPauseMonitor-4688c780-dea6-4744-ac30-6cd603ef2a1b: Stopped
2024-01-08 22:38:06,051 [d358508b-f61b-4bbe-a39d-36a2c95b295d-impl-thread1] INFO  segmented.SegmentedRaftLogWorker (SegmentedRaftLogWorker.java:close(243)) - d358508b-f61b-4bbe-a39d-36a2c95b295d@group-4F9EEBAFE465-SegmentedRaftLogWorker close()
2024-01-08 22:38:06,091 [3be0eefd-0f91-4043-b67b-b27b4ab908b0-impl-thread1] INFO  segmented.SegmentedRaftLogWorker (SegmentedRaftLogWorker.java:close(243)) - 3be0eefd-0f91-4043-b67b-b27b4ab908b0@group-2BAE2E41964B-SegmentedRaftLogWorker close()
2024-01-08 22:38:06,107 [d358508b-f61b-4bbe-a39d-36a2c95b295d-impl-thread2] INFO  segmented.SegmentedRaftLogWorker (SegmentedRaftLogWorker.java:close(243)) - d358508b-f61b-4bbe-a39d-36a2c95b295d@group-2BAE2E41964B-SegmentedRaftLogWorker close()
2024-01-08 22:38:06,107 [c15a1dbd-1c17-41f9-9118-60766ac127ad-impl-thread1] INFO  segmented.SegmentedRaftLogWorker (SegmentedRaftLogWorker.java:close(243)) - c15a1dbd-1c17-41f9-9118-60766ac127ad@group-2BAE2E41964B-SegmentedRaftLogWorker close()
2024-01-08 22:38:06,108 [JvmPauseMonitor49] INFO  util.JvmPauseMonitor (JvmPauseMonitor.java:run(152)) - JvmPauseMonitor-d358508b-f61b-4bbe-a39d-36a2c95b295d: Stopped
2024-01-08 22:38:06,136 [3be0eefd-0f91-4043-b67b-b27b4ab908b0-impl-thread2] INFO  segmented.SegmentedRaftLogWorker (SegmentedRaftLogWorker.java:close(243)) - 3be0eefd-0f91-4043-b67b-b27b4ab908b0@group-5857499DADE9-SegmentedRaftLogWorker close()
2024-01-08 22:38:06,137 [JvmPauseMonitor50] INFO  util.JvmPauseMonitor (JvmPauseMonitor.java:run(152)) - JvmPauseMonitor-3be0eefd-0f91-4043-b67b-b27b4ab908b0: Stopped
2024-01-08 22:38:06,182 [c15a1dbd-1c17-41f9-9118-60766ac127ad-impl-thread2] INFO  segmented.SegmentedRaftLogWorker (SegmentedRaftLogWorker.java:close(243)) - c15a1dbd-1c17-41f9-9118-60766ac127ad@group-8A30B06FA7AF-SegmentedRaftLogWorker close()
2024-01-08 22:38:06,182 [JvmPauseMonitor51] INFO  util.JvmPauseMonitor (JvmPauseMonitor.java:run(152)) - JvmPauseMonitor-c15a1dbd-1c17-41f9-9118-60766ac127ad: Stopped
2024-01-08 22:38:06,397 [92bfa79f-b082-4a9b-a2b8-9a2f5047304a-impl-thread1] INFO  segmented.SegmentedRaftLogWorker (SegmentedRaftLogWorker.java:close(243)) - 92bfa79f-b082-4a9b-a2b8-9a2f5047304a@group-0062432AB966-SegmentedRaftLogWorker close()
2024-01-08 22:38:06,397 [JvmPauseMonitor53] INFO  util.JvmPauseMonitor (JvmPauseMonitor.java:run(152)) - JvmPauseMonitor-92bfa79f-b082-4a9b-a2b8-9a2f5047304a: Stopped
2024-01-08 22:38:08,051 [ForkJoinPool.commonPool-worker-4] INFO  utils.DatanodeStoreCache (DatanodeStoreCache.java:shutdownCache(110)) - Skip clearing cache in mini cluster mode. Entries left: [/home/runner/work/ozone/ozone/hadoop-ozone/integration-test/target/test-dir/MiniOzoneClusterImpl-c2c64c26-053e-4d1e-83e3-051e2bfa4916/datanode-0/data-0/containers/hdds/c2c64c26-053e-4d1e-83e3-051e2bfa4916/DS-de3d1c6f-5594-42f0-b931-bf2de06e70d7/container.db, /home/runner/work/ozone/ozone/hadoop-ozone/integration-test/target/test-dir/MiniOzoneClusterImpl-c2c64c26-053e-4d1e-83e3-051e2bfa4916/datanode-1/data-0/containers/hdds/c2c64c26-053e-4d1e-83e3-051e2bfa4916/DS-b9784e3a-3c86-4ec0-ba81-2381c1f00ba0/container.db, /home/runner/work/ozone/ozone/hadoop-ozone/integration-test/target/test-dir/MiniOzoneClusterImpl-c2c64c26-053e-4d1e-83e3-051e2bfa4916/datanode-2/data-0/containers/hdds/c2c64c26-053e-4d1e-83e3-051e2bfa4916/DS-4495f8c2-222b-42f6-8fec-78ad68da0719/container.db, /home/runner/work/ozone/ozone/hadoop-ozone/integration-test/target/test-dir/MiniOzoneClusterImpl-c2c64c26-053e-4d1e-83e3-051e2bfa4916/datanode-3/data-0/containers/hdds/c2c64c26-053e-4d1e-83e3-051e2bfa4916/DS-6f60db56-4d06-4c52-8cf9-b37d8ef3e922/container.db, /home/runner/work/ozone/ozone/hadoop-ozone/integration-test/target/test-dir/MiniOzoneClusterImpl-c2c64c26-053e-4d1e-83e3-051e2bfa4916/datanode-4/data-0/containers/hdds/c2c64c26-053e-4d1e-83e3-051e2bfa4916/DS-3a6f02c8-0578-4c6e-815c-e6a4b695ea27/container.db, /home/runner/work/ozone/ozone/hadoop-ozone/integration-test/target/test-dir/MiniOzoneClusterImpl-c2c64c26-053e-4d1e-83e3-051e2bfa4916/datanode-5/data-0/containers/hdds/c2c64c26-053e-4d1e-83e3-051e2bfa4916/DS-b25037c2-b6e0-48ed-9174-3cf5cf941194/container.db, /home/runner/work/ozone/ozone/hadoop-ozone/integration-test/target/test-dir/MiniOzoneClusterImpl-c2c64c26-053e-4d1e-83e3-051e2bfa4916/datanode-7/data-0/containers/hdds/c2c64c26-053e-4d1e-83e3-051e2bfa4916/DS-f0e1030a-5d67-4da6-b748-acbf95577870/container.db]
2024-01-08 22:38:08,051 [ForkJoinPool.commonPool-worker-7] INFO  utils.DatanodeStoreCache (DatanodeStoreCache.java:shutdownCache(110)) - Skip clearing cache in mini cluster mode. Entries left: [/home/runner/work/ozone/ozone/hadoop-ozone/integration-test/target/test-dir/MiniOzoneClusterImpl-c2c64c26-053e-4d1e-83e3-051e2bfa4916/datanode-0/data-0/containers/hdds/c2c64c26-053e-4d1e-83e3-051e2bfa4916/DS-de3d1c6f-5594-42f0-b931-bf2de06e70d7/container.db, /home/runner/work/ozone/ozone/hadoop-ozone/integration-test/target/test-dir/MiniOzoneClusterImpl-c2c64c26-053e-4d1e-83e3-051e2bfa4916/datanode-1/data-0/containers/hdds/c2c64c26-053e-4d1e-83e3-051e2bfa4916/DS-b9784e3a-3c86-4ec0-ba81-2381c1f00ba0/container.db, /home/runner/work/ozone/ozone/hadoop-ozone/integration-test/target/test-dir/MiniOzoneClusterImpl-c2c64c26-053e-4d1e-83e3-051e2bfa4916/datanode-2/data-0/containers/hdds/c2c64c26-053e-4d1e-83e3-051e2bfa4916/DS-4495f8c2-222b-42f6-8fec-78ad68da0719/container.db, /home/runner/work/ozone/ozone/hadoop-ozone/integration-test/target/test-dir/MiniOzoneClusterImpl-c2c64c26-053e-4d1e-83e3-051e2bfa4916/datanode-3/data-0/containers/hdds/c2c64c26-053e-4d1e-83e3-051e2bfa4916/DS-6f60db56-4d06-4c52-8cf9-b37d8ef3e922/container.db, /home/runner/work/ozone/ozone/hadoop-ozone/integration-test/target/test-dir/MiniOzoneClusterImpl-c2c64c26-053e-4d1e-83e3-051e2bfa4916/datanode-4/data-0/containers/hdds/c2c64c26-053e-4d1e-83e3-051e2bfa4916/DS-3a6f02c8-0578-4c6e-815c-e6a4b695ea27/container.db, /home/runner/work/ozone/ozone/hadoop-ozone/integration-test/target/test-dir/MiniOzoneClusterImpl-c2c64c26-053e-4d1e-83e3-051e2bfa4916/datanode-5/data-0/containers/hdds/c2c64c26-053e-4d1e-83e3-051e2bfa4916/DS-b25037c2-b6e0-48ed-9174-3cf5cf941194/container.db, /home/runner/work/ozone/ozone/hadoop-ozone/integration-test/target/test-dir/MiniOzoneClusterImpl-c2c64c26-053e-4d1e-83e3-051e2bfa4916/datanode-7/data-0/containers/hdds/c2c64c26-053e-4d1e-83e3-051e2bfa4916/DS-f0e1030a-5d67-4da6-b748-acbf95577870/container.db]
2024-01-08 22:38:08,051 [ForkJoinPool.commonPool-worker-1] INFO  utils.DatanodeStoreCache (DatanodeStoreCache.java:shutdownCache(110)) - Skip clearing cache in mini cluster mode. Entries left: [/home/runner/work/ozone/ozone/hadoop-ozone/integration-test/target/test-dir/MiniOzoneClusterImpl-c2c64c26-053e-4d1e-83e3-051e2bfa4916/datanode-0/data-0/containers/hdds/c2c64c26-053e-4d1e-83e3-051e2bfa4916/DS-de3d1c6f-5594-42f0-b931-bf2de06e70d7/container.db, /home/runner/work/ozone/ozone/hadoop-ozone/integration-test/target/test-dir/MiniOzoneClusterImpl-c2c64c26-053e-4d1e-83e3-051e2bfa4916/datanode-1/data-0/containers/hdds/c2c64c26-053e-4d1e-83e3-051e2bfa4916/DS-b9784e3a-3c86-4ec0-ba81-2381c1f00ba0/container.db, /home/runner/work/ozone/ozone/hadoop-ozone/integration-test/target/test-dir/MiniOzoneClusterImpl-c2c64c26-053e-4d1e-83e3-051e2bfa4916/datanode-2/data-0/containers/hdds/c2c64c26-053e-4d1e-83e3-051e2bfa4916/DS-4495f8c2-222b-42f6-8fec-78ad68da0719/container.db, /home/runner/work/ozone/ozone/hadoop-ozone/integration-test/target/test-dir/MiniOzoneClusterImpl-c2c64c26-053e-4d1e-83e3-051e2bfa4916/datanode-3/data-0/containers/hdds/c2c64c26-053e-4d1e-83e3-051e2bfa4916/DS-6f60db56-4d06-4c52-8cf9-b37d8ef3e922/container.db, /home/runner/work/ozone/ozone/hadoop-ozone/integration-test/target/test-dir/MiniOzoneClusterImpl-c2c64c26-053e-4d1e-83e3-051e2bfa4916/datanode-4/data-0/containers/hdds/c2c64c26-053e-4d1e-83e3-051e2bfa4916/DS-3a6f02c8-0578-4c6e-815c-e6a4b695ea27/container.db, /home/runner/work/ozone/ozone/hadoop-ozone/integration-test/target/test-dir/MiniOzoneClusterImpl-c2c64c26-053e-4d1e-83e3-051e2bfa4916/datanode-5/data-0/containers/hdds/c2c64c26-053e-4d1e-83e3-051e2bfa4916/DS-b25037c2-b6e0-48ed-9174-3cf5cf941194/container.db, /home/runner/work/ozone/ozone/hadoop-ozone/integration-test/target/test-dir/MiniOzoneClusterImpl-c2c64c26-053e-4d1e-83e3-051e2bfa4916/datanode-7/data-0/containers/hdds/c2c64c26-053e-4d1e-83e3-051e2bfa4916/DS-f0e1030a-5d67-4da6-b748-acbf95577870/container.db]
2024-01-08 22:38:08,053 [ForkJoinPool.commonPool-worker-1] INFO  utils.DatanodeStoreCache (DatanodeStoreCache.java:removeDB(104)) - Removed db /home/runner/work/ozone/ozone/hadoop-ozone/integration-test/target/test-dir/MiniOzoneClusterImpl-c2c64c26-053e-4d1e-83e3-051e2bfa4916/datanode-0/data-0/containers/hdds/c2c64c26-053e-4d1e-83e3-051e2bfa4916/DS-de3d1c6f-5594-42f0-b931-bf2de06e70d7/container.db from cache
2024-01-08 22:38:08,053 [ForkJoinPool.commonPool-worker-1] INFO  volume.HddsVolume (HddsVolume.java:closeDbStore(451)) - SchemaV3 db is stopped at /home/runner/work/ozone/ozone/hadoop-ozone/integration-test/target/test-dir/MiniOzoneClusterImpl-c2c64c26-053e-4d1e-83e3-051e2bfa4916/datanode-0/data-0/containers/hdds/c2c64c26-053e-4d1e-83e3-051e2bfa4916/DS-de3d1c6f-5594-42f0-b931-bf2de06e70d7/container.db for volume DS-de3d1c6f-5594-42f0-b931-bf2de06e70d7
2024-01-08 22:38:08,053 [ForkJoinPool.commonPool-worker-4] INFO  utils.DatanodeStoreCache (DatanodeStoreCache.java:removeDB(104)) - Removed db /home/runner/work/ozone/ozone/hadoop-ozone/integration-test/target/test-dir/MiniOzoneClusterImpl-c2c64c26-053e-4d1e-83e3-051e2bfa4916/datanode-2/data-0/containers/hdds/c2c64c26-053e-4d1e-83e3-051e2bfa4916/DS-4495f8c2-222b-42f6-8fec-78ad68da0719/container.db from cache
2024-01-08 22:38:08,054 [ForkJoinPool.commonPool-worker-1] INFO  utils.BackgroundService (BackgroundService.java:shutdown(160)) - Shutting down service BlockDeletingService
2024-01-08 22:38:08,054 [ForkJoinPool.commonPool-worker-4] INFO  volume.HddsVolume (HddsVolume.java:closeDbStore(451)) - SchemaV3 db is stopped at /home/runner/work/ozone/ozone/hadoop-ozone/integration-test/target/test-dir/MiniOzoneClusterImpl-c2c64c26-053e-4d1e-83e3-051e2bfa4916/datanode-2/data-0/containers/hdds/c2c64c26-053e-4d1e-83e3-051e2bfa4916/DS-4495f8c2-222b-42f6-8fec-78ad68da0719/container.db for volume DS-4495f8c2-222b-42f6-8fec-78ad68da0719
2024-01-08 22:38:08,054 [ForkJoinPool.commonPool-worker-7] INFO  utils.DatanodeStoreCache (DatanodeStoreCache.java:removeDB(104)) - Removed db /home/runner/work/ozone/ozone/hadoop-ozone/integration-test/target/test-dir/MiniOzoneClusterImpl-c2c64c26-053e-4d1e-83e3-051e2bfa4916/datanode-1/data-0/containers/hdds/c2c64c26-053e-4d1e-83e3-051e2bfa4916/DS-b9784e3a-3c86-4ec0-ba81-2381c1f00ba0/container.db from cache
2024-01-08 22:38:08,054 [ForkJoinPool.commonPool-worker-7] INFO  volume.HddsVolume (HddsVolume.java:closeDbStore(451)) - SchemaV3 db is stopped at /home/runner/work/ozone/ozone/hadoop-ozone/integration-test/target/test-dir/MiniOzoneClusterImpl-c2c64c26-053e-4d1e-83e3-051e2bfa4916/datanode-1/data-0/containers/hdds/c2c64c26-053e-4d1e-83e3-051e2bfa4916/DS-b9784e3a-3c86-4ec0-ba81-2381c1f00ba0/container.db for volume DS-b9784e3a-3c86-4ec0-ba81-2381c1f00ba0
2024-01-08 22:38:08,054 [ForkJoinPool.commonPool-worker-4] INFO  utils.BackgroundService (BackgroundService.java:shutdown(160)) - Shutting down service BlockDeletingService
2024-01-08 22:38:08,055 [ForkJoinPool.commonPool-worker-7] INFO  utils.BackgroundService (BackgroundService.java:shutdown(160)) - Shutting down service BlockDeletingService
2024-01-08 22:38:08,055 [ForkJoinPool.commonPool-worker-1] INFO  utils.BackgroundService (BackgroundService.java:shutdown(160)) - Shutting down service StaleRecoveringContainerScrubbingService
2024-01-08 22:38:08,055 [ForkJoinPool.commonPool-worker-4] INFO  utils.BackgroundService (BackgroundService.java:shutdown(160)) - Shutting down service StaleRecoveringContainerScrubbingService
2024-01-08 22:38:08,055 [ForkJoinPool.commonPool-worker-7] INFO  utils.BackgroundService (BackgroundService.java:shutdown(160)) - Shutting down service StaleRecoveringContainerScrubbingService
2024-01-08 22:38:08,056 [ForkJoinPool.commonPool-worker-1] INFO  statemachine.DatanodeStateMachine (DatanodeStateMachine.java:stopDaemon(638)) - Ozone container server stopped.
2024-01-08 22:38:08,056 [ForkJoinPool.commonPool-worker-4] INFO  statemachine.DatanodeStateMachine (DatanodeStateMachine.java:stopDaemon(638)) - Ozone container server stopped.
2024-01-08 22:38:08,058 [ForkJoinPool.commonPool-worker-7] INFO  statemachine.DatanodeStateMachine (DatanodeStateMachine.java:stopDaemon(638)) - Ozone container server stopped.
2024-01-08 22:38:08,058 [ForkJoinPool.commonPool-worker-4] INFO  handler.ContextHandler (ContextHandler.java:doStop(1159)) - Stopped o.e.j.w.WebAppContext@239b8f59{hddsDatanode,/,null,STOPPED}{jar:file:/home/runner/.m2/repository/org/apache/ozone/hdds-container-service/1.5.0-SNAPSHOT/hdds-container-service-1.5.0-SNAPSHOT.jar!/webapps/hddsDatanode}
2024-01-08 22:38:08,059 [ForkJoinPool.commonPool-worker-7] INFO  handler.ContextHandler (ContextHandler.java:doStop(1159)) - Stopped o.e.j.w.WebAppContext@6907f778{hddsDatanode,/,null,STOPPED}{jar:file:/home/runner/.m2/repository/org/apache/ozone/hdds-container-service/1.5.0-SNAPSHOT/hdds-container-service-1.5.0-SNAPSHOT.jar!/webapps/hddsDatanode}
2024-01-08 22:38:08,059 [ForkJoinPool.commonPool-worker-7] INFO  server.AbstractConnector (AbstractConnector.java:doStop(383)) - Stopped ServerConnector@4f4cba01{HTTP/1.1, (http/1.1)}{0.0.0.0:15374}
2024-01-08 22:38:08,059 [ForkJoinPool.commonPool-worker-7] INFO  server.session (HouseKeeper.java:stopScavenging(149)) - node0 Stopped scavenging
2024-01-08 22:38:08,060 [ForkJoinPool.commonPool-worker-7] INFO  handler.ContextHandler (ContextHandler.java:doStop(1159)) - Stopped o.e.j.s.ServletContextHandler@67578ff3{static,/static,jar:file:/home/runner/.m2/repository/org/apache/ozone/hdds-container-service/1.5.0-SNAPSHOT/hdds-container-service-1.5.0-SNAPSHOT.jar!/webapps/static,STOPPED}
2024-01-08 22:38:08,060 [ForkJoinPool.commonPool-worker-7] INFO  handler.ContextHandler (ContextHandler.java:doStop(1159)) - Stopped o.e.j.s.ServletContextHandler@1dc4b120{logs,/logs,file:///home/runner/work/ozone/ozone/hadoop-ozone/integration-test/target/log,STOPPED}
2024-01-08 22:38:08,063 [ForkJoinPool.commonPool-worker-4] INFO  server.AbstractConnector (AbstractConnector.java:doStop(383)) - Stopped ServerConnector@7e39b00c{HTTP/1.1, (http/1.1)}{0.0.0.0:15383}
2024-01-08 22:38:08,063 [ForkJoinPool.commonPool-worker-7] INFO  ozone.HddsDatanodeClientProtocolServer (HddsDatanodeClientProtocolServer.java:stop(78)) - Stopping the RPC server for Client Protocol
2024-01-08 22:38:08,063 [ForkJoinPool.commonPool-worker-4] INFO  server.session (HouseKeeper.java:stopScavenging(149)) - node0 Stopped scavenging
2024-01-08 22:38:08,065 [ForkJoinPool.commonPool-worker-4] INFO  handler.ContextHandler (ContextHandler.java:doStop(1159)) - Stopped o.e.j.s.ServletContextHandler@709c797f{static,/static,jar:file:/home/runner/.m2/repository/org/apache/ozone/hdds-container-service/1.5.0-SNAPSHOT/hdds-container-service-1.5.0-SNAPSHOT.jar!/webapps/static,STOPPED}
2024-01-08 22:38:08,065 [ForkJoinPool.commonPool-worker-4] INFO  handler.ContextHandler (ContextHandler.java:doStop(1159)) - Stopped o.e.j.s.ServletContextHandler@49fe9da{logs,/logs,file:///home/runner/work/ozone/ozone/hadoop-ozone/integration-test/target/log,STOPPED}
2024-01-08 22:38:08,066 [ForkJoinPool.commonPool-worker-7] INFO  ipc.Server (Server.java:stop(3523)) - Stopping server on 15375
2024-01-08 22:38:08,066 [ForkJoinPool.commonPool-worker-1] INFO  handler.ContextHandler (ContextHandler.java:doStop(1159)) - Stopped o.e.j.w.WebAppContext@163d9ea1{hddsDatanode,/,null,STOPPED}{jar:file:/home/runner/.m2/repository/org/apache/ozone/hdds-container-service/1.5.0-SNAPSHOT/hdds-container-service-1.5.0-SNAPSHOT.jar!/webapps/hddsDatanode}
2024-01-08 22:38:08,068 [IPC Server Responder] INFO  ipc.Server (Server.java:run(1567)) - Stopping IPC Server Responder
2024-01-08 22:38:08,068 [IPC Server listener on 15375] INFO  ipc.Server (Server.java:run(1434)) - Stopping IPC Server listener on 15375
2024-01-08 22:38:08,069 [ForkJoinPool.commonPool-worker-4] INFO  ozone.HddsDatanodeClientProtocolServer (HddsDatanodeClientProtocolServer.java:stop(78)) - Stopping the RPC server for Client Protocol
2024-01-08 22:38:08,071 [ForkJoinPool.commonPool-worker-4] INFO  ipc.Server (Server.java:stop(3523)) - Stopping server on 15384
2024-01-08 22:38:08,071 [IPC Server Responder] INFO  ipc.Server (Server.java:run(1567)) - Stopping IPC Server Responder
2024-01-08 22:38:08,071 [IPC Server listener on 15384] INFO  ipc.Server (Server.java:run(1434)) - Stopping IPC Server listener on 15384
2024-01-08 22:38:08,072 [ForkJoinPool.commonPool-worker-1] INFO  server.AbstractConnector (AbstractConnector.java:doStop(383)) - Stopped ServerConnector@1b8c10c0{HTTP/1.1, (http/1.1)}{0.0.0.0:15365}
2024-01-08 22:38:08,072 [ForkJoinPool.commonPool-worker-1] INFO  server.session (HouseKeeper.java:stopScavenging(149)) - node0 Stopped scavenging
2024-01-08 22:38:08,072 [ForkJoinPool.commonPool-worker-1] INFO  handler.ContextHandler (ContextHandler.java:doStop(1159)) - Stopped o.e.j.s.ServletContextHandler@43b05859{static,/static,jar:file:/home/runner/.m2/repository/org/apache/ozone/hdds-container-service/1.5.0-SNAPSHOT/hdds-container-service-1.5.0-SNAPSHOT.jar!/webapps/static,STOPPED}
2024-01-08 22:38:08,073 [ForkJoinPool.commonPool-worker-1] INFO  handler.ContextHandler (ContextHandler.java:doStop(1159)) - Stopped o.e.j.s.ServletContextHandler@159990bd{logs,/logs,file:///home/runner/work/ozone/ozone/hadoop-ozone/integration-test/target/log,STOPPED}
2024-01-08 22:38:08,073 [ForkJoinPool.commonPool-worker-1] INFO  ozone.HddsDatanodeClientProtocolServer (HddsDatanodeClientProtocolServer.java:stop(78)) - Stopping the RPC server for Client Protocol
2024-01-08 22:38:08,073 [ForkJoinPool.commonPool-worker-1] INFO  ipc.Server (Server.java:stop(3523)) - Stopping server on 15366
2024-01-08 22:38:08,074 [IPC Server listener on 15366] INFO  ipc.Server (Server.java:run(1434)) - Stopping IPC Server listener on 15366
2024-01-08 22:38:08,074 [IPC Server Responder] INFO  ipc.Server (Server.java:run(1567)) - Stopping IPC Server Responder
2024-01-08 22:38:08,110 [ForkJoinPool.commonPool-worker-0] INFO  utils.DatanodeStoreCache (DatanodeStoreCache.java:shutdownCache(110)) - Skip clearing cache in mini cluster mode. Entries left: [/home/runner/work/ozone/ozone/hadoop-ozone/integration-test/target/test-dir/MiniOzoneClusterImpl-c2c64c26-053e-4d1e-83e3-051e2bfa4916/datanode-3/data-0/containers/hdds/c2c64c26-053e-4d1e-83e3-051e2bfa4916/DS-6f60db56-4d06-4c52-8cf9-b37d8ef3e922/container.db, /home/runner/work/ozone/ozone/hadoop-ozone/integration-test/target/test-dir/MiniOzoneClusterImpl-c2c64c26-053e-4d1e-83e3-051e2bfa4916/datanode-4/data-0/containers/hdds/c2c64c26-053e-4d1e-83e3-051e2bfa4916/DS-3a6f02c8-0578-4c6e-815c-e6a4b695ea27/container.db, /home/runner/work/ozone/ozone/hadoop-ozone/integration-test/target/test-dir/MiniOzoneClusterImpl-c2c64c26-053e-4d1e-83e3-051e2bfa4916/datanode-5/data-0/containers/hdds/c2c64c26-053e-4d1e-83e3-051e2bfa4916/DS-b25037c2-b6e0-48ed-9174-3cf5cf941194/container.db, /home/runner/work/ozone/ozone/hadoop-ozone/integration-test/target/test-dir/MiniOzoneClusterImpl-c2c64c26-053e-4d1e-83e3-051e2bfa4916/datanode-7/data-0/containers/hdds/c2c64c26-053e-4d1e-83e3-051e2bfa4916/DS-f0e1030a-5d67-4da6-b748-acbf95577870/container.db]
2024-01-08 22:38:08,110 [ForkJoinPool.commonPool-worker-0] INFO  utils.DatanodeStoreCache (DatanodeStoreCache.java:removeDB(104)) - Removed db /home/runner/work/ozone/ozone/hadoop-ozone/integration-test/target/test-dir/MiniOzoneClusterImpl-c2c64c26-053e-4d1e-83e3-051e2bfa4916/datanode-3/data-0/containers/hdds/c2c64c26-053e-4d1e-83e3-051e2bfa4916/DS-6f60db56-4d06-4c52-8cf9-b37d8ef3e922/container.db from cache
2024-01-08 22:38:08,110 [ForkJoinPool.commonPool-worker-0] INFO  volume.HddsVolume (HddsVolume.java:closeDbStore(451)) - SchemaV3 db is stopped at /home/runner/work/ozone/ozone/hadoop-ozone/integration-test/target/test-dir/MiniOzoneClusterImpl-c2c64c26-053e-4d1e-83e3-051e2bfa4916/datanode-3/data-0/containers/hdds/c2c64c26-053e-4d1e-83e3-051e2bfa4916/DS-6f60db56-4d06-4c52-8cf9-b37d8ef3e922/container.db for volume DS-6f60db56-4d06-4c52-8cf9-b37d8ef3e922
2024-01-08 22:38:08,111 [ForkJoinPool.commonPool-worker-0] INFO  utils.BackgroundService (BackgroundService.java:shutdown(160)) - Shutting down service BlockDeletingService
2024-01-08 22:38:08,111 [ForkJoinPool.commonPool-worker-0] INFO  utils.BackgroundService (BackgroundService.java:shutdown(160)) - Shutting down service StaleRecoveringContainerScrubbingService
2024-01-08 22:38:08,112 [ForkJoinPool.commonPool-worker-0] INFO  statemachine.DatanodeStateMachine (DatanodeStateMachine.java:stopDaemon(638)) - Ozone container server stopped.
2024-01-08 22:38:08,112 [ForkJoinPool.commonPool-worker-0] INFO  handler.ContextHandler (ContextHandler.java:doStop(1159)) - Stopped o.e.j.w.WebAppContext@3ab2eed2{hddsDatanode,/,null,STOPPED}{jar:file:/home/runner/.m2/repository/org/apache/ozone/hdds-container-service/1.5.0-SNAPSHOT/hdds-container-service-1.5.0-SNAPSHOT.jar!/webapps/hddsDatanode}
2024-01-08 22:38:08,113 [ForkJoinPool.commonPool-worker-0] INFO  server.AbstractConnector (AbstractConnector.java:doStop(383)) - Stopped ServerConnector@d73450c{HTTP/1.1, (http/1.1)}{0.0.0.0:15392}
2024-01-08 22:38:08,113 [ForkJoinPool.commonPool-worker-0] INFO  server.session (HouseKeeper.java:stopScavenging(149)) - node0 Stopped scavenging
2024-01-08 22:38:08,113 [ForkJoinPool.commonPool-worker-0] INFO  handler.ContextHandler (ContextHandler.java:doStop(1159)) - Stopped o.e.j.s.ServletContextHandler@867b872{static,/static,jar:file:/home/runner/.m2/repository/org/apache/ozone/hdds-container-service/1.5.0-SNAPSHOT/hdds-container-service-1.5.0-SNAPSHOT.jar!/webapps/static,STOPPED}
2024-01-08 22:38:08,113 [ForkJoinPool.commonPool-worker-0] INFO  handler.ContextHandler (ContextHandler.java:doStop(1159)) - Stopped o.e.j.s.ServletContextHandler@2e6a5369{logs,/logs,file:///home/runner/work/ozone/ozone/hadoop-ozone/integration-test/target/log,STOPPED}
2024-01-08 22:38:08,114 [ForkJoinPool.commonPool-worker-0] INFO  ozone.HddsDatanodeClientProtocolServer (HddsDatanodeClientProtocolServer.java:stop(78)) - Stopping the RPC server for Client Protocol
2024-01-08 22:38:08,114 [ForkJoinPool.commonPool-worker-0] INFO  ipc.Server (Server.java:stop(3523)) - Stopping server on 15393
2024-01-08 22:38:08,115 [IPC Server listener on 15393] INFO  ipc.Server (Server.java:run(1434)) - Stopping IPC Server listener on 15393
2024-01-08 22:38:08,115 [IPC Server Responder] INFO  ipc.Server (Server.java:run(1567)) - Stopping IPC Server Responder
2024-01-08 22:38:08,138 [ForkJoinPool.commonPool-worker-6] INFO  utils.DatanodeStoreCache (DatanodeStoreCache.java:shutdownCache(110)) - Skip clearing cache in mini cluster mode. Entries left: [/home/runner/work/ozone/ozone/hadoop-ozone/integration-test/target/test-dir/MiniOzoneClusterImpl-c2c64c26-053e-4d1e-83e3-051e2bfa4916/datanode-4/data-0/containers/hdds/c2c64c26-053e-4d1e-83e3-051e2bfa4916/DS-3a6f02c8-0578-4c6e-815c-e6a4b695ea27/container.db, /home/runner/work/ozone/ozone/hadoop-ozone/integration-test/target/test-dir/MiniOzoneClusterImpl-c2c64c26-053e-4d1e-83e3-051e2bfa4916/datanode-5/data-0/containers/hdds/c2c64c26-053e-4d1e-83e3-051e2bfa4916/DS-b25037c2-b6e0-48ed-9174-3cf5cf941194/container.db, /home/runner/work/ozone/ozone/hadoop-ozone/integration-test/target/test-dir/MiniOzoneClusterImpl-c2c64c26-053e-4d1e-83e3-051e2bfa4916/datanode-7/data-0/containers/hdds/c2c64c26-053e-4d1e-83e3-051e2bfa4916/DS-f0e1030a-5d67-4da6-b748-acbf95577870/container.db]
2024-01-08 22:38:08,139 [ForkJoinPool.commonPool-worker-6] INFO  utils.DatanodeStoreCache (DatanodeStoreCache.java:removeDB(104)) - Removed db /home/runner/work/ozone/ozone/hadoop-ozone/integration-test/target/test-dir/MiniOzoneClusterImpl-c2c64c26-053e-4d1e-83e3-051e2bfa4916/datanode-4/data-0/containers/hdds/c2c64c26-053e-4d1e-83e3-051e2bfa4916/DS-3a6f02c8-0578-4c6e-815c-e6a4b695ea27/container.db from cache
2024-01-08 22:38:08,139 [ForkJoinPool.commonPool-worker-6] INFO  volume.HddsVolume (HddsVolume.java:closeDbStore(451)) - SchemaV3 db is stopped at /home/runner/work/ozone/ozone/hadoop-ozone/integration-test/target/test-dir/MiniOzoneClusterImpl-c2c64c26-053e-4d1e-83e3-051e2bfa4916/datanode-4/data-0/containers/hdds/c2c64c26-053e-4d1e-83e3-051e2bfa4916/DS-3a6f02c8-0578-4c6e-815c-e6a4b695ea27/container.db for volume DS-3a6f02c8-0578-4c6e-815c-e6a4b695ea27
2024-01-08 22:38:08,139 [ForkJoinPool.commonPool-worker-6] INFO  utils.BackgroundService (BackgroundService.java:shutdown(160)) - Shutting down service BlockDeletingService
2024-01-08 22:38:08,139 [ForkJoinPool.commonPool-worker-6] INFO  utils.BackgroundService (BackgroundService.java:shutdown(160)) - Shutting down service StaleRecoveringContainerScrubbingService
2024-01-08 22:38:08,140 [ForkJoinPool.commonPool-worker-6] INFO  statemachine.DatanodeStateMachine (DatanodeStateMachine.java:stopDaemon(638)) - Ozone container server stopped.
2024-01-08 22:38:08,141 [ForkJoinPool.commonPool-worker-6] INFO  handler.ContextHandler (ContextHandler.java:doStop(1159)) - Stopped o.e.j.w.WebAppContext@642eff4a{hddsDatanode,/,null,STOPPED}{jar:file:/home/runner/.m2/repository/org/apache/ozone/hdds-container-service/1.5.0-SNAPSHOT/hdds-container-service-1.5.0-SNAPSHOT.jar!/webapps/hddsDatanode}
2024-01-08 22:38:08,141 [ForkJoinPool.commonPool-worker-6] INFO  server.AbstractConnector (AbstractConnector.java:doStop(383)) - Stopped ServerConnector@7d5647b3{HTTP/1.1, (http/1.1)}{0.0.0.0:15401}
2024-01-08 22:38:08,141 [ForkJoinPool.commonPool-worker-6] INFO  server.session (HouseKeeper.java:stopScavenging(149)) - node0 Stopped scavenging
2024-01-08 22:38:08,141 [ForkJoinPool.commonPool-worker-6] INFO  handler.ContextHandler (ContextHandler.java:doStop(1159)) - Stopped o.e.j.s.ServletContextHandler@735a2243{static,/static,jar:file:/home/runner/.m2/repository/org/apache/ozone/hdds-container-service/1.5.0-SNAPSHOT/hdds-container-service-1.5.0-SNAPSHOT.jar!/webapps/static,STOPPED}
2024-01-08 22:38:08,141 [ForkJoinPool.commonPool-worker-6] INFO  handler.ContextHandler (ContextHandler.java:doStop(1159)) - Stopped o.e.j.s.ServletContextHandler@16ee9a3b{logs,/logs,file:///home/runner/work/ozone/ozone/hadoop-ozone/integration-test/target/log,STOPPED}
2024-01-08 22:38:08,142 [ForkJoinPool.commonPool-worker-6] INFO  ozone.HddsDatanodeClientProtocolServer (HddsDatanodeClientProtocolServer.java:stop(78)) - Stopping the RPC server for Client Protocol
2024-01-08 22:38:08,142 [ForkJoinPool.commonPool-worker-6] INFO  ipc.Server (Server.java:stop(3523)) - Stopping server on 15402
2024-01-08 22:38:08,143 [IPC Server listener on 15402] INFO  ipc.Server (Server.java:run(1434)) - Stopping IPC Server listener on 15402
2024-01-08 22:38:08,143 [IPC Server Responder] INFO  ipc.Server (Server.java:run(1567)) - Stopping IPC Server Responder
2024-01-08 22:38:08,184 [main] INFO  utils.DatanodeStoreCache (DatanodeStoreCache.java:shutdownCache(110)) - Skip clearing cache in mini cluster mode. Entries left: [/home/runner/work/ozone/ozone/hadoop-ozone/integration-test/target/test-dir/MiniOzoneClusterImpl-c2c64c26-053e-4d1e-83e3-051e2bfa4916/datanode-5/data-0/containers/hdds/c2c64c26-053e-4d1e-83e3-051e2bfa4916/DS-b25037c2-b6e0-48ed-9174-3cf5cf941194/container.db, /home/runner/work/ozone/ozone/hadoop-ozone/integration-test/target/test-dir/MiniOzoneClusterImpl-c2c64c26-053e-4d1e-83e3-051e2bfa4916/datanode-7/data-0/containers/hdds/c2c64c26-053e-4d1e-83e3-051e2bfa4916/DS-f0e1030a-5d67-4da6-b748-acbf95577870/container.db]
2024-01-08 22:38:08,185 [main] INFO  utils.DatanodeStoreCache (DatanodeStoreCache.java:removeDB(104)) - Removed db /home/runner/work/ozone/ozone/hadoop-ozone/integration-test/target/test-dir/MiniOzoneClusterImpl-c2c64c26-053e-4d1e-83e3-051e2bfa4916/datanode-5/data-0/containers/hdds/c2c64c26-053e-4d1e-83e3-051e2bfa4916/DS-b25037c2-b6e0-48ed-9174-3cf5cf941194/container.db from cache
2024-01-08 22:38:08,185 [main] INFO  volume.HddsVolume (HddsVolume.java:closeDbStore(451)) - SchemaV3 db is stopped at /home/runner/work/ozone/ozone/hadoop-ozone/integration-test/target/test-dir/MiniOzoneClusterImpl-c2c64c26-053e-4d1e-83e3-051e2bfa4916/datanode-5/data-0/containers/hdds/c2c64c26-053e-4d1e-83e3-051e2bfa4916/DS-b25037c2-b6e0-48ed-9174-3cf5cf941194/container.db for volume DS-b25037c2-b6e0-48ed-9174-3cf5cf941194
2024-01-08 22:38:08,185 [main] INFO  utils.BackgroundService (BackgroundService.java:shutdown(160)) - Shutting down service BlockDeletingService
2024-01-08 22:38:08,185 [main] INFO  utils.BackgroundService (BackgroundService.java:shutdown(160)) - Shutting down service StaleRecoveringContainerScrubbingService
2024-01-08 22:38:08,186 [main] INFO  statemachine.DatanodeStateMachine (DatanodeStateMachine.java:stopDaemon(638)) - Ozone container server stopped.
2024-01-08 22:38:08,186 [main] INFO  handler.ContextHandler (ContextHandler.java:doStop(1159)) - Stopped o.e.j.w.WebAppContext@517c7b30{hddsDatanode,/,null,STOPPED}{jar:file:/home/runner/.m2/repository/org/apache/ozone/hdds-container-service/1.5.0-SNAPSHOT/hdds-container-service-1.5.0-SNAPSHOT.jar!/webapps/hddsDatanode}
2024-01-08 22:38:08,187 [main] INFO  server.AbstractConnector (AbstractConnector.java:doStop(383)) - Stopped ServerConnector@456b60a0{HTTP/1.1, (http/1.1)}{0.0.0.0:15410}
2024-01-08 22:38:08,187 [main] INFO  server.session (HouseKeeper.java:stopScavenging(149)) - node0 Stopped scavenging
2024-01-08 22:38:08,187 [main] INFO  handler.ContextHandler (ContextHandler.java:doStop(1159)) - Stopped o.e.j.s.ServletContextHandler@44a759c8{static,/static,jar:file:/home/runner/.m2/repository/org/apache/ozone/hdds-container-service/1.5.0-SNAPSHOT/hdds-container-service-1.5.0-SNAPSHOT.jar!/webapps/static,STOPPED}
2024-01-08 22:38:08,187 [main] INFO  handler.ContextHandler (ContextHandler.java:doStop(1159)) - Stopped o.e.j.s.ServletContextHandler@6a0a8f55{logs,/logs,file:///home/runner/work/ozone/ozone/hadoop-ozone/integration-test/target/log,STOPPED}
2024-01-08 22:38:08,187 [main] INFO  ozone.HddsDatanodeClientProtocolServer (HddsDatanodeClientProtocolServer.java:stop(78)) - Stopping the RPC server for Client Protocol
2024-01-08 22:38:08,188 [main] INFO  ipc.Server (Server.java:stop(3523)) - Stopping server on 15411
2024-01-08 22:38:08,188 [IPC Server listener on 15411] INFO  ipc.Server (Server.java:run(1434)) - Stopping IPC Server listener on 15411
2024-01-08 22:38:08,188 [IPC Server Responder] INFO  ipc.Server (Server.java:run(1567)) - Stopping IPC Server Responder
2024-01-08 22:38:08,399 [ForkJoinPool.commonPool-worker-5] INFO  utils.DatanodeStoreCache (DatanodeStoreCache.java:shutdownCache(110)) - Skip clearing cache in mini cluster mode. Entries left: [/home/runner/work/ozone/ozone/hadoop-ozone/integration-test/target/test-dir/MiniOzoneClusterImpl-c2c64c26-053e-4d1e-83e3-051e2bfa4916/datanode-7/data-0/containers/hdds/c2c64c26-053e-4d1e-83e3-051e2bfa4916/DS-f0e1030a-5d67-4da6-b748-acbf95577870/container.db]
2024-01-08 22:38:08,400 [ForkJoinPool.commonPool-worker-5] INFO  utils.DatanodeStoreCache (DatanodeStoreCache.java:removeDB(104)) - Removed db /home/runner/work/ozone/ozone/hadoop-ozone/integration-test/target/test-dir/MiniOzoneClusterImpl-c2c64c26-053e-4d1e-83e3-051e2bfa4916/datanode-7/data-0/containers/hdds/c2c64c26-053e-4d1e-83e3-051e2bfa4916/DS-f0e1030a-5d67-4da6-b748-acbf95577870/container.db from cache
2024-01-08 22:38:08,400 [ForkJoinPool.commonPool-worker-5] INFO  volume.HddsVolume (HddsVolume.java:closeDbStore(451)) - SchemaV3 db is stopped at /home/runner/work/ozone/ozone/hadoop-ozone/integration-test/target/test-dir/MiniOzoneClusterImpl-c2c64c26-053e-4d1e-83e3-051e2bfa4916/datanode-7/data-0/containers/hdds/c2c64c26-053e-4d1e-83e3-051e2bfa4916/DS-f0e1030a-5d67-4da6-b748-acbf95577870/container.db for volume DS-f0e1030a-5d67-4da6-b748-acbf95577870
2024-01-08 22:38:08,401 [ForkJoinPool.commonPool-worker-5] INFO  utils.BackgroundService (BackgroundService.java:shutdown(160)) - Shutting down service BlockDeletingService
2024-01-08 22:38:08,401 [ForkJoinPool.commonPool-worker-5] INFO  utils.BackgroundService (BackgroundService.java:shutdown(160)) - Shutting down service StaleRecoveringContainerScrubbingService
2024-01-08 22:38:08,401 [ForkJoinPool.commonPool-worker-5] INFO  statemachine.DatanodeStateMachine (DatanodeStateMachine.java:stopDaemon(638)) - Ozone container server stopped.
2024-01-08 22:38:08,402 [ForkJoinPool.commonPool-worker-5] INFO  handler.ContextHandler (ContextHandler.java:doStop(1159)) - Stopped o.e.j.w.WebAppContext@6df09fb3{hddsDatanode,/,null,STOPPED}{jar:file:/home/runner/.m2/repository/org/apache/ozone/hdds-container-service/1.5.0-SNAPSHOT/hdds-container-service-1.5.0-SNAPSHOT.jar!/webapps/hddsDatanode}
2024-01-08 22:38:08,403 [ForkJoinPool.commonPool-worker-5] INFO  server.AbstractConnector (AbstractConnector.java:doStop(383)) - Stopped ServerConnector@1c0528eb{HTTP/1.1, (http/1.1)}{0.0.0.0:15428}
2024-01-08 22:38:08,403 [ForkJoinPool.commonPool-worker-5] INFO  server.session (HouseKeeper.java:stopScavenging(149)) - node0 Stopped scavenging
2024-01-08 22:38:08,403 [ForkJoinPool.commonPool-worker-5] INFO  handler.ContextHandler (ContextHandler.java:doStop(1159)) - Stopped o.e.j.s.ServletContextHandler@7ea2a6cc{static,/static,jar:file:/home/runner/.m2/repository/org/apache/ozone/hdds-container-service/1.5.0-SNAPSHOT/hdds-container-service-1.5.0-SNAPSHOT.jar!/webapps/static,STOPPED}
2024-01-08 22:38:08,403 [ForkJoinPool.commonPool-worker-5] INFO  handler.ContextHandler (ContextHandler.java:doStop(1159)) - Stopped o.e.j.s.ServletContextHandler@7233aad9{logs,/logs,file:///home/runner/work/ozone/ozone/hadoop-ozone/integration-test/target/log,STOPPED}
2024-01-08 22:38:08,403 [ForkJoinPool.commonPool-worker-5] INFO  ozone.HddsDatanodeClientProtocolServer (HddsDatanodeClientProtocolServer.java:stop(78)) - Stopping the RPC server for Client Protocol
2024-01-08 22:38:08,404 [ForkJoinPool.commonPool-worker-5] INFO  ipc.Server (Server.java:stop(3523)) - Stopping server on 15429
2024-01-08 22:38:08,404 [IPC Server listener on 15429] INFO  ipc.Server (Server.java:run(1434)) - Stopping IPC Server listener on 15429
2024-01-08 22:38:08,404 [IPC Server Responder] INFO  ipc.Server (Server.java:run(1567)) - Stopping IPC Server Responder
2024-01-08 22:38:08,405 [main] INFO  ozone.MiniOzoneClusterImpl (MiniOzoneClusterImpl.java:stopSCM(551)) - Stopping the StorageContainerManager
2024-01-08 22:38:08,405 [main] INFO  server.StorageContainerManager (StorageContainerManager.java:stop(1654)) - Container Balancer is not running.
2024-01-08 22:38:08,406 [main] INFO  server.StorageContainerManager (StorageContainerManager.java:stopReplicationManager(1787)) - Stopping Replication Manager Service.
2024-01-08 22:38:08,406 [main] INFO  replication.ReplicationManager (ReplicationManager.java:stop(326)) - Stopping Replication Monitor Thread.
2024-01-08 22:38:08,406 [main] INFO  server.StorageContainerManager (StorageContainerManager.java:stop(1663)) - Stopping the Datanode Admin Monitor.
2024-01-08 22:38:08,406 [ReplicationMonitor] INFO  replication.ReplicationManager (ReplicationManager.java:run(933)) - Replication Monitor Thread is stopped
2024-01-08 22:38:08,406 [main] INFO  server.StorageContainerManager (StorageContainerManager.java:stop(1670)) - Stopping datanode service RPC server
2024-01-08 22:38:08,406 [main] INFO  server.SCMDatanodeProtocolServer (SCMDatanodeProtocolServer.java:stop(424)) - Stopping the RPC server for DataNodes
2024-01-08 22:38:08,406 [main] INFO  ipc.Server (Server.java:stop(3523)) - Stopping server on 15358
2024-01-08 22:38:08,406 [OverReplicatedProcessor] WARN  replication.UnhealthyReplicationProcessor (UnhealthyReplicationProcessor.java:run(180)) - OverReplicatedProcessor interrupted. Exiting...
2024-01-08 22:38:08,406 [UnderReplicatedProcessor] WARN  replication.UnhealthyReplicationProcessor (UnhealthyReplicationProcessor.java:run(180)) - UnderReplicatedProcessor interrupted. Exiting...
2024-01-08 22:38:08,407 [IPC Server Responder] INFO  ipc.Server (Server.java:run(1567)) - Stopping IPC Server Responder
2024-01-08 22:38:08,411 [IPC Server listener on 15358] INFO  ipc.Server (Server.java:run(1434)) - Stopping IPC Server listener on 15358
2024-01-08 22:38:08,448 [SCMHeartbeatProcessor-0] WARN  node.NodeStateManager (NodeStateManager.java:scheduleNextHealthCheck(878)) - Current Thread is interrupted, shutting down HB processing thread for Node Manager.
2024-01-08 22:38:08,448 [main] INFO  server.StorageContainerManager (StorageContainerManager.java:stop(1678)) - Stopping block service RPC server
2024-01-08 22:38:08,448 [main] INFO  server.SCMBlockProtocolServer (SCMBlockProtocolServer.java:stop(168)) - Stopping the RPC server for Block Protocol
2024-01-08 22:38:08,448 [main] INFO  ipc.Server (Server.java:stop(3523)) - Stopping server on 15357
2024-01-08 22:38:08,449 [IPC Server Responder] INFO  ipc.Server (Server.java:run(1567)) - Stopping IPC Server Responder
2024-01-08 22:38:08,449 [IPC Server listener on 15357] INFO  ipc.Server (Server.java:run(1434)) - Stopping IPC Server listener on 15357
2024-01-08 22:38:08,449 [main] INFO  server.StorageContainerManager (StorageContainerManager.java:stop(1685)) - Stopping the StorageContainerLocationProtocol RPC server
2024-01-08 22:38:08,450 [main] INFO  server.SCMClientProtocolServer (SCMClientProtocolServer.java:stop(210)) - Stopping the RPC server for Client Protocol
2024-01-08 22:38:08,450 [main] INFO  ipc.Server (Server.java:stop(3523)) - Stopping server on 15356
2024-01-08 22:38:08,451 [IPC Server listener on 15356] INFO  ipc.Server (Server.java:run(1434)) - Stopping IPC Server listener on 15356
2024-01-08 22:38:08,451 [IPC Server Responder] INFO  ipc.Server (Server.java:run(1567)) - Stopping IPC Server Responder
2024-01-08 22:38:08,451 [main] INFO  server.StorageContainerManager (StorageContainerManager.java:stop(1692)) - Stopping Storage Container Manager HTTP server.
2024-01-08 22:38:08,452 [main] INFO  handler.ContextHandler (ContextHandler.java:doStop(1159)) - Stopped o.e.j.w.WebAppContext@42c81443{scm,/,null,STOPPED}{file:/home/runner/work/ozone/ozone/hadoop-ozone/integration-test/target/test-classes/webapps/scm}
2024-01-08 22:38:08,452 [main] INFO  server.AbstractConnector (AbstractConnector.java:doStop(383)) - Stopped ServerConnector@4a449338{HTTP/1.1, (http/1.1)}{0.0.0.0:15359}
2024-01-08 22:38:08,452 [main] INFO  server.session (HouseKeeper.java:stopScavenging(149)) - node0 Stopped scavenging
2024-01-08 22:38:08,453 [main] INFO  handler.ContextHandler (ContextHandler.java:doStop(1159)) - Stopped o.e.j.s.ServletContextHandler@2fc9420e{static,/static,file:///home/runner/work/ozone/ozone/hadoop-ozone/integration-test/target/test-classes/webapps/static,STOPPED}
2024-01-08 22:38:08,453 [main] INFO  handler.ContextHandler (ContextHandler.java:doStop(1159)) - Stopped o.e.j.s.ServletContextHandler@1cb2ddb8{logs,/logs,file:///home/runner/work/ozone/ozone/hadoop-ozone/integration-test/target/log,STOPPED}
2024-01-08 22:38:08,453 [main] INFO  server.StorageContainerManager (StorageContainerManager.java:stop(1700)) - Stopping SCM LayoutVersionManager Service.
2024-01-08 22:38:08,453 [main] INFO  server.StorageContainerManager (StorageContainerManager.java:stop(1712)) - Stopping Block Manager Service.
2024-01-08 22:38:08,454 [main] INFO  utils.BackgroundService (BackgroundService.java:shutdown(160)) - Shutting down service SCMBlockDeletingService
2024-01-08 22:38:08,454 [main] INFO  utils.BackgroundService (BackgroundService.java:shutdown(160)) - Shutting down service SCMBlockDeletingService
2024-01-08 22:38:08,454 [main] INFO  server.StorageContainerManager (StorageContainerManager.java:stop(1732)) - Stopping SCM Event Queue.
2024-01-08 22:38:08,454 [JvmPauseMonitor44] INFO  util.JvmPauseMonitor (JvmPauseMonitor.java:run(152)) - JvmPauseMonitor-78adffb3-c4cc-464d-8c8b-73a490c069f8: Stopped
2024-01-08 22:38:08,455 [main] INFO  server.StorageContainerManager (StorageContainerManager.java:stop(1743)) - Stopping SCM HA services.
2024-01-08 22:38:08,455 [main] INFO  pipeline.BackgroundPipelineCreator (BackgroundPipelineCreator.java:stop(152)) - Stopping RatisPipelineUtilsThread.
2024-01-08 22:38:08,455 [RatisPipelineUtilsThread-0] WARN  pipeline.BackgroundPipelineCreator (BackgroundPipelineCreator.java:run(183)) - RatisPipelineUtilsThread is interrupted.
2024-01-08 22:38:08,455 [main] INFO  BackgroundPipelineScrubber (BackgroundSCMService.java:stop(131)) - Stopping BackgroundPipelineScrubber Service.
2024-01-08 22:38:08,455 [BackgroundPipelineScrubber] WARN  BackgroundPipelineScrubber (BackgroundSCMService.java:run(115)) - BackgroundPipelineScrubber is interrupted, exit
2024-01-08 22:38:08,455 [main] INFO  impl.MetricsSystemImpl (MetricsSystemImpl.java:stop(210)) - Stopping HddsDatanode metrics system...
2024-01-08 22:38:08,457 [prometheus] INFO  impl.MetricsSinkAdapter (MetricsSinkAdapter.java:publishMetricsFromQueue(141)) - prometheus thread interrupted.
2024-01-08 22:38:08,457 [main] INFO  impl.MetricsSystemImpl (MetricsSystemImpl.java:stop(216)) - HddsDatanode metrics system stopped.
2024-01-08 22:38:08,458 [main] WARN  pipeline.BackgroundPipelineCreator (BackgroundPipelineCreator.java:stop(148)) - RatisPipelineUtilsThread is not running, just ignore.
2024-01-08 22:38:08,458 [main] INFO  BackgroundPipelineScrubber (BackgroundSCMService.java:stop(126)) - BackgroundPipelineScrubber Service is not running, skip stop.
2024-01-08 22:38:08,458 [main] INFO  ExpiredContainerReplicaOpScrubber (BackgroundSCMService.java:stop(131)) - Stopping ExpiredContainerReplicaOpScrubber Service.
2024-01-08 22:38:08,458 [main] INFO  utils.BackgroundService (BackgroundService.java:shutdown(160)) - Shutting down service SCMBlockDeletingService
2024-01-08 22:38:08,458 [ExpiredContainerReplicaOpScrubber] WARN  ExpiredContainerReplicaOpScrubber (BackgroundSCMService.java:run(115)) - ExpiredContainerReplicaOpScrubber is interrupted, exit
2024-01-08 22:38:08,458 [main] INFO  replication.ReplicationManager (ReplicationManager.java:stop(336)) - Replication Monitor Thread is not running.
2024-01-08 22:38:08,458 [main] WARN  balancer.ContainerBalancer (ContainerBalancer.java:stop(327)) - Cannot stop Container Balancer because it's not running or stopping
2024-01-08 22:38:08,459 [LeaseManager#LeaseMonitor] WARN  lease.LeaseManager (LeaseManager.java:run(287)) - Lease manager is interrupted. Shutting down...
java.lang.InterruptedException
	at java.util.concurrent.locks.AbstractQueuedSynchronizer.doAcquireSharedNanos(AbstractQueuedSynchronizer.java:1039)
	at java.util.concurrent.locks.AbstractQueuedSynchronizer.tryAcquireSharedNanos(AbstractQueuedSynchronizer.java:1328)
	at java.util.concurrent.Semaphore.tryAcquire(Semaphore.java:409)
	at org.apache.hadoop.ozone.lease.LeaseManager$LeaseMonitor.run(LeaseManager.java:285)
	at java.lang.Thread.run(Thread.java:750)
2024-01-08 22:38:08,459 [main] INFO  server.StorageContainerManager (StorageContainerManager.java:stop(1778)) - Stopping SCM MetadataStore.
]]></system-out>
    </flakyFailure>
  </testcase>
  <testcase name="testWatchForCommitForGroupMismatchException" classname="org.apache.hadoop.ozone.client.rpc.TestWatchForCommit" time="27.667"/>
  <testcase name="test2WayCommitForTimeoutException" classname="org.apache.hadoop.ozone.client.rpc.TestWatchForCommit" time="24.71"/>
</testsuite>