<?xml version="1.0" encoding="UTF-8"?>
<testsuite xmlns:xsi="http://www.w3.org/2001/XMLSchema-instance" xsi:noNamespaceSchemaLocation="https://maven.apache.org/surefire/maven-surefire-plugin/xsd/surefire-test-report-3.0.xsd" version="3.0" name="org.apache.hadoop.ozone.recon.TestReconScmSnapshot" time="94.153" tests="2" errors="1" skipped="0" failures="0">
  <properties>
    <property name="org.jooq.no-logo" value="true"/>
    <property name="java.specification.version" value="17"/>
    <property name="sun.jnu.encoding" value="UTF-8"/>
    <property name="java.class.path" value="/home/runner/work/ozone/ozone/hadoop-ozone/integration-test/target/test-classes:/home/runner/work/ozone/ozone/hadoop-ozone/integration-test/target/classes:/home/runner/work/ozone/ozone/hadoop-ozone/common/target/ozone-common-1.5.0-SNAPSHOT.jar:/home/runner/.m2/repository/io/grpc/grpc-netty/1.58.0/grpc-netty-1.58.0.jar:/home/runner/.m2/repository/io/grpc/grpc-core/1.58.0/grpc-core-1.58.0.jar:/home/runner/.m2/repository/com/google/android/annotations/4.1.1.4/annotations-4.1.1.4.jar:/home/runner/.m2/repository/org/codehaus/mojo/animal-sniffer-annotations/1.23/animal-sniffer-annotations-1.23.jar:/home/runner/.m2/repository/io/grpc/grpc-context/1.58.0/grpc-context-1.58.0.jar:/home/runner/.m2/repository/io/grpc/grpc-util/1.58.0/grpc-util-1.58.0.jar:/home/runner/.m2/repository/com/google/errorprone/error_prone_annotations/2.29.2/error_prone_annotations-2.29.2.jar:/home/runner/.m2/repository/io/perfmark/perfmark-api/0.26.0/perfmark-api-0.26.0.jar:/home/runner/.m2/repository/io/netty/netty-codec-http2/4.1.109.Final/netty-codec-http2-4.1.109.Final.jar:/home/runner/.m2/repository/io/netty/netty-codec-http/4.1.109.Final/netty-codec-http-4.1.109.Final.jar:/home/runner/.m2/repository/io/netty/netty-handler-proxy/4.1.109.Final/netty-handler-proxy-4.1.109.Final.jar:/home/runner/.m2/repository/io/netty/netty-codec-socks/4.1.109.Final/netty-codec-socks-4.1.109.Final.jar:/home/runner/.m2/repository/io/netty/netty-tcnative-boringssl-static/2.0.65.Final/netty-tcnative-boringssl-static-2.0.65.Final.jar:/home/runner/.m2/repository/io/netty/netty-tcnative-classes/2.0.65.Final/netty-tcnative-classes-2.0.65.Final.jar:/home/runner/.m2/repository/io/netty/netty-tcnative-boringssl-static/2.0.65.Final/netty-tcnative-boringssl-static-2.0.65.Final-linux-x86_64.jar:/home/runner/.m2/repository/io/netty/netty-tcnative-boringssl-static/2.0.65.Final/netty-tcnative-boringssl-static-2.0.65.Final-linux-aarch_64.jar:/home/runner/.m2/repository/io/netty/netty-tcnative-boringssl-static/2.0.65.Final/netty-tcnative-boringssl-static-2.0.65.Final-osx-x86_64.jar:/home/runner/.m2/repository/io/netty/netty-tcnative-boringssl-static/2.0.65.Final/netty-tcnative-boringssl-static-2.0.65.Final-osx-aarch_64.jar:/home/runner/.m2/repository/io/netty/netty-tcnative-boringssl-static/2.0.65.Final/netty-tcnative-boringssl-static-2.0.65.Final-windows-x86_64.jar:/home/runner/.m2/repository/org/apache/commons/commons-compress/1.27.1/commons-compress-1.27.1.jar:/home/runner/work/ozone/ozone/hadoop-hdds/common/target/hdds-common-1.5.0-SNAPSHOT.jar:/home/runner/work/ozone/ozone/hadoop-hdds/client/target/hdds-client-1.5.0-SNAPSHOT.jar:/home/runner/work/ozone/ozone/hadoop-hdds/config/target/hdds-config-1.5.0-SNAPSHOT.jar:/home/runner/work/ozone/ozone/hadoop-hdds/interface-client/target/hdds-interface-client-1.5.0-SNAPSHOT.jar:/home/runner/.m2/repository/org/apache/hadoop/thirdparty/hadoop-shaded-protobuf_3_7/1.1.1/hadoop-shaded-protobuf_3_7-1.1.1.jar:/home/runner/work/ozone/ozone/hadoop-ozone/interface-client/target/ozone-interface-client-1.5.0-SNAPSHOT.jar:/home/runner/.m2/repository/org/apache/hadoop/hadoop-hdfs-client/3.3.6/hadoop-hdfs-client-3.3.6.jar:/home/runner/.m2/repository/com/squareup/okhttp3/okhttp/4.12.0/okhttp-4.12.0.jar:/home/runner/.m2/repository/com/squareup/okio/okio/3.6.0/okio-3.6.0.jar:/home/runner/.m2/repository/com/squareup/okio/okio-jvm/3.6.0/okio-jvm-3.6.0.jar:/home/runner/.m2/repository/org/jetbrains/kotlin/kotlin-stdlib-jdk8/1.9.25/kotlin-stdlib-jdk8-1.9.25.jar:/home/runner/.m2/repository/org/jetbrains/kotlin/kotlin-stdlib-jdk7/1.9.25/kotlin-stdlib-jdk7-1.9.25.jar:/home/runner/.m2/repository/org/jetbrains/kotlin/kotlin-stdlib-common/1.9.25/kotlin-stdlib-common-1.9.25.jar:/home/runner/.m2/repository/org/apache/httpcomponents/httpclient/4.5.14/httpclient-4.5.14.jar:/home/runner/.m2/repository/org/apache/httpcomponents/httpcore/4.4.16/httpcore-4.4.16.jar:/home/runner/.m2/repository/org/apache/ratis/ratis-common/3.1.1/ratis-common-3.1.1.jar:/home/runner/.m2/repository/org/apache/ratis/ratis-proto/3.1.1/ratis-proto-3.1.1.jar:/home/runner/.m2/repository/org/apache/ratis/ratis-thirdparty-misc/1.0.6/ratis-thirdparty-misc-1.0.6.jar:/home/runner/.m2/repository/org/slf4j/slf4j-api/2.0.16/slf4j-api-2.0.16.jar:/home/runner/.m2/repository/com/fasterxml/jackson/core/jackson-annotations/2.16.2/jackson-annotations-2.16.2.jar:/home/runner/.m2/repository/com/fasterxml/jackson/core/jackson-databind/2.16.2/jackson-databind-2.16.2.jar:/home/runner/.m2/repository/com/github/stephenc/jcip/jcip-annotations/1.0-1/jcip-annotations-1.0-1.jar:/home/runner/.m2/repository/com/google/guava/guava/32.1.3-jre/guava-32.1.3-jre.jar:/home/runner/.m2/repository/com/google/guava/failureaccess/1.0.1/failureaccess-1.0.1.jar:/home/runner/.m2/repository/com/google/guava/listenablefuture/9999.0-empty-to-avoid-conflict-with-guava/listenablefuture-9999.0-empty-to-avoid-conflict-with-guava.jar:/home/runner/.m2/repository/org/checkerframework/checker-qual/3.37.0/checker-qual-3.37.0.jar:/home/runner/.m2/repository/com/google/j2objc/j2objc-annotations/2.8/j2objc-annotations-2.8.jar:/home/runner/.m2/repository/com/google/protobuf/protobuf-java/2.5.0/protobuf-java-2.5.0.jar:/home/runner/.m2/repository/io/grpc/grpc-api/1.58.0/grpc-api-1.58.0.jar:/home/runner/.m2/repository/io/grpc/grpc-stub/1.58.0/grpc-stub-1.58.0.jar:/home/runner/.m2/repository/io/netty/netty-common/4.1.109.Final/netty-common-4.1.109.Final.jar:/home/runner/.m2/repository/io/netty/netty-handler/4.1.109.Final/netty-handler-4.1.109.Final.jar:/home/runner/.m2/repository/io/netty/netty-resolver/4.1.109.Final/netty-resolver-4.1.109.Final.jar:/home/runner/.m2/repository/jakarta/annotation/jakarta.annotation-api/2.1.1/jakarta.annotation-api-2.1.1.jar:/home/runner/work/ozone/ozone/hadoop-hdds/test-utils/target/hdds-test-utils-1.5.0-SNAPSHOT.jar:/home/runner/.m2/repository/org/assertj/assertj-core/3.26.3/assertj-core-3.26.3.jar:/home/runner/.m2/repository/net/bytebuddy/byte-buddy/1.14.18/byte-buddy-1.14.18.jar:/home/runner/.m2/repository/commons-io/commons-io/2.16.1/commons-io-2.16.1.jar:/home/runner/.m2/repository/commons-logging/commons-logging/1.2/commons-logging-1.2.jar:/home/runner/.m2/repository/org/junit/jupiter/junit-jupiter-api/5.10.3/junit-jupiter-api-5.10.3.jar:/home/runner/.m2/repository/org/opentest4j/opentest4j/1.3.0/opentest4j-1.3.0.jar:/home/runner/.m2/repository/org/junit/platform/junit-platform-commons/1.10.3/junit-platform-commons-1.10.3.jar:/home/runner/.m2/repository/ch/qos/reload4j/reload4j/1.2.25/reload4j-1.2.25.jar:/home/runner/.m2/repository/org/apache/logging/log4j/log4j-api/2.24.0/log4j-api-2.24.0.jar:/home/runner/work/ozone/ozone/hadoop-hdds/server-scm/target/hdds-server-scm-1.5.0-SNAPSHOT.jar:/home/runner/work/ozone/ozone/hadoop-hdds/container-service/target/hdds-container-service-1.5.0-SNAPSHOT.jar:/home/runner/work/ozone/ozone/hadoop-hdds/hadoop-dependency-server/target/hdds-hadoop-dependency-server-1.5.0-SNAPSHOT.jar:/home/runner/.m2/repository/com/nimbusds/nimbus-jose-jwt/9.40/nimbus-jose-jwt-9.40.jar:/home/runner/.m2/repository/org/apache/hadoop/hadoop-hdfs/3.3.6/hadoop-hdfs-3.3.6.jar:/home/runner/.m2/repository/commons-daemon/commons-daemon/1.4.0/commons-daemon-1.4.0.jar:/home/runner/.m2/repository/org/apache/kerby/kerb-core/1.0.1/kerb-core-1.0.1.jar:/home/runner/.m2/repository/org/apache/kerby/kerby-pkix/1.0.1/kerby-pkix-1.0.1.jar:/home/runner/.m2/repository/org/apache/kerby/kerby-asn1/1.0.1/kerby-asn1-1.0.1.jar:/home/runner/.m2/repository/org/apache/kerby/kerb-util/1.0.1/kerb-util-1.0.1.jar:/home/runner/.m2/repository/org/apache/kerby/kerby-config/1.0.1/kerby-config-1.0.1.jar:/home/runner/.m2/repository/org/apache/kerby/kerb-crypto/1.0.1/kerb-crypto-1.0.1.jar:/home/runner/.m2/repository/org/xerial/snappy/snappy-java/1.1.10.6/snappy-java-1.1.10.6.jar:/home/runner/work/ozone/ozone/hadoop-hdds/interface-admin/target/hdds-interface-admin-1.5.0-SNAPSHOT.jar:/home/runner/work/ozone/ozone/hadoop-hdds/interface-server/target/hdds-interface-server-1.5.0-SNAPSHOT.jar:/home/runner/work/ozone/ozone/hadoop-hdds/framework/target/hdds-server-framework-1.5.0-SNAPSHOT.jar:/home/runner/.m2/repository/org/apache/ratis/ratis-client/3.1.1/ratis-client-3.1.1.jar:/home/runner/.m2/repository/org/apache/ratis/ratis-grpc/3.1.1/ratis-grpc-3.1.1.jar:/home/runner/.m2/repository/org/apache/ratis/ratis-netty/3.1.1/ratis-netty-3.1.1.jar:/home/runner/.m2/repository/org/apache/ratis/ratis-server-api/3.1.1/ratis-server-api-3.1.1.jar:/home/runner/.m2/repository/org/bouncycastle/bcpkix-jdk18on/1.78.1/bcpkix-jdk18on-1.78.1.jar:/home/runner/.m2/repository/org/bouncycastle/bcprov-jdk18on/1.78.1/bcprov-jdk18on-1.78.1.jar:/home/runner/.m2/repository/io/dropwizard/metrics/metrics-core/3.2.6/metrics-core-3.2.6.jar:/home/runner/.m2/repository/org/apache/commons/commons-text/1.12.0/commons-text-1.12.0.jar:/home/runner/.m2/repository/org/eclipse/jetty/jetty-webapp/9.4.56.v20240826/jetty-webapp-9.4.56.v20240826.jar:/home/runner/.m2/repository/org/eclipse/jetty/jetty-xml/9.4.56.v20240826/jetty-xml-9.4.56.v20240826.jar:/home/runner/.m2/repository/com/fasterxml/jackson/core/jackson-core/2.16.2/jackson-core-2.16.2.jar:/home/runner/.m2/repository/info/picocli/picocli/4.7.5/picocli-4.7.5.jar:/home/runner/.m2/repository/javax/servlet/javax.servlet-api/3.1.0/javax.servlet-api-3.1.0.jar:/home/runner/.m2/repository/commons-collections/commons-collections/3.2.2/commons-collections-3.2.2.jar:/home/runner/work/ozone/ozone/hadoop-hdds/framework/target/hdds-server-framework-1.5.0-SNAPSHOT-tests.jar:/home/runner/work/ozone/ozone/hadoop-hdds/managed-rocksdb/target/hdds-managed-rocksdb-1.5.0-SNAPSHOT.jar:/home/runner/.m2/repository/org/slf4j/slf4j-reload4j/2.0.16/slf4j-reload4j-2.0.16.jar:/home/runner/.m2/repository/org/apache/commons/commons-configuration2/2.11.0/commons-configuration2-2.11.0.jar:/home/runner/.m2/repository/commons-codec/commons-codec/1.17.0/commons-codec-1.17.0.jar:/home/runner/.m2/repository/commons-fileupload/commons-fileupload/1.5/commons-fileupload-1.5.jar:/home/runner/.m2/repository/commons-validator/commons-validator/1.6/commons-validator-1.6.jar:/home/runner/.m2/repository/commons-beanutils/commons-beanutils/1.9.4/commons-beanutils-1.9.4.jar:/home/runner/.m2/repository/commons-digester/commons-digester/1.8.1/commons-digester-1.8.1.jar:/home/runner/.m2/repository/org/apache/logging/log4j/log4j-core/2.24.0/log4j-core-2.24.0.jar:/home/runner/.m2/repository/com/lmax/disruptor/3.4.4/disruptor-3.4.4.jar:/home/runner/.m2/repository/org/eclipse/jetty/jetty-http/9.4.56.v20240826/jetty-http-9.4.56.v20240826.jar:/home/runner/.m2/repository/org/eclipse/jetty/jetty-io/9.4.56.v20240826/jetty-io-9.4.56.v20240826.jar:/home/runner/.m2/repository/org/eclipse/jetty/jetty-util/9.4.56.v20240826/jetty-util-9.4.56.v20240826.jar:/home/runner/.m2/repository/org/eclipse/jetty/jetty-server/9.4.56.v20240826/jetty-server-9.4.56.v20240826.jar:/home/runner/.m2/repository/org/eclipse/jetty/jetty-servlet/9.4.56.v20240826/jetty-servlet-9.4.56.v20240826.jar:/home/runner/.m2/repository/org/eclipse/jetty/jetty-security/9.4.56.v20240826/jetty-security-9.4.56.v20240826.jar:/home/runner/.m2/repository/org/eclipse/jetty/jetty-util-ajax/9.4.56.v20240826/jetty-util-ajax-9.4.56.v20240826.jar:/home/runner/.m2/repository/org/glassfish/jersey/core/jersey-server/2.45/jersey-server-2.45.jar:/home/runner/.m2/repository/org/glassfish/jersey/core/jersey-client/2.45/jersey-client-2.45.jar:/home/runner/.m2/repository/org/glassfish/jersey/containers/jersey-container-servlet-core/2.45/jersey-container-servlet-core-2.45.jar:/home/runner/.m2/repository/org/rocksdb/rocksdbjni/7.7.3/rocksdbjni-7.7.3.jar:/home/runner/.m2/repository/org/apache/ratis/ratis-metrics-api/3.1.1/ratis-metrics-api-3.1.1.jar:/home/runner/.m2/repository/org/apache/ratis/ratis-metrics-dropwizard3/3.1.1/ratis-metrics-dropwizard3-3.1.1.jar:/home/runner/.m2/repository/io/opentracing/opentracing-api/0.33.0/opentracing-api-0.33.0.jar:/home/runner/.m2/repository/io/prometheus/simpleclient/0.16.0/simpleclient-0.16.0.jar:/home/runner/.m2/repository/io/prometheus/simpleclient_dropwizard/0.16.0/simpleclient_dropwizard-0.16.0.jar:/home/runner/.m2/repository/io/prometheus/simpleclient_common/0.16.0/simpleclient_common-0.16.0.jar:/home/runner/.m2/repository/com/fasterxml/jackson/datatype/jackson-datatype-jsr310/2.16.2/jackson-datatype-jsr310-2.16.2.jar:/home/runner/.m2/repository/com/github/jnr/jnr-constants/0.10.4/jnr-constants-0.10.4.jar:/home/runner/.m2/repository/com/github/jnr/jnr-posix/3.1.19/jnr-posix-3.1.19.jar:/home/runner/.m2/repository/com/github/jnr/jnr-ffi/2.2.16/jnr-ffi-2.2.16.jar:/home/runner/.m2/repository/com/github/jnr/jffi/1.3.13/jffi-1.3.13.jar:/home/runner/.m2/repository/com/github/jnr/jffi/1.3.13/jffi-1.3.13-native.jar:/home/runner/.m2/repository/org/ow2/asm/asm/9.2/asm-9.2.jar:/home/runner/.m2/repository/org/ow2/asm/asm-commons/9.2/asm-commons-9.2.jar:/home/runner/.m2/repository/org/ow2/asm/asm-analysis/9.2/asm-analysis-9.2.jar:/home/runner/.m2/repository/org/ow2/asm/asm-tree/9.2/asm-tree-9.2.jar:/home/runner/.m2/repository/org/ow2/asm/asm-util/9.2/asm-util-9.2.jar:/home/runner/.m2/repository/com/github/jnr/jnr-a64asm/1.0.0/jnr-a64asm-1.0.0.jar:/home/runner/.m2/repository/com/github/jnr/jnr-x86asm/1.0.2/jnr-x86asm-1.0.2.jar:/home/runner/.m2/repository/com/google/code/gson/gson/2.10.1/gson-2.10.1.jar:/home/runner/work/ozone/ozone/hadoop-hdds/rocksdb-checkpoint-differ/target/rocksdb-checkpoint-differ-1.5.0-SNAPSHOT.jar:/home/runner/.m2/repository/org/jgrapht/jgrapht-core/1.4.0/jgrapht-core-1.4.0.jar:/home/runner/.m2/repository/org/jheaps/jheaps/0.11/jheaps-0.11.jar:/home/runner/.m2/repository/org/jgrapht/jgrapht-ext/1.4.0/jgrapht-ext-1.4.0.jar:/home/runner/.m2/repository/com/github/vlsi/mxgraph/jgraphx/3.9.12/jgraphx-3.9.12.jar:/home/runner/.m2/repository/jakarta/ws/rs/jakarta.ws.rs-api/2.1.6/jakarta.ws.rs-api-2.1.6.jar:/home/runner/work/ozone/ozone/hadoop-ozone/ozone-manager/target/ozone-manager-1.5.0-SNAPSHOT.jar:/home/runner/.m2/repository/org/aspectj/aspectjrt/1.9.7/aspectjrt-1.9.7.jar:/home/runner/.m2/repository/org/aspectj/aspectjweaver/1.9.7/aspectjweaver-1.9.7.jar:/home/runner/work/ozone/ozone/hadoop-ozone/interface-storage/target/ozone-interface-storage-1.5.0-SNAPSHOT.jar:/home/runner/.m2/repository/org/apache/kerby/kerby-util/1.0.1/kerby-util-1.0.1.jar:/home/runner/.m2/repository/io/netty/netty-transport/4.1.109.Final/netty-transport-4.1.109.Final.jar:/home/runner/.m2/repository/org/reflections/reflections/0.10.2/reflections-0.10.2.jar:/home/runner/.m2/repository/com/sun/jersey/jersey-client/1.19.4/jersey-client-1.19.4.jar:/home/runner/.m2/repository/jakarta/xml/bind/jakarta.xml.bind-api/2.3.3/jakarta.xml.bind-api-2.3.3.jar:/home/runner/.m2/repository/org/codehaus/jackson/jackson-core-asl/1.9.13/jackson-core-asl-1.9.13.jar:/home/runner/.m2/repository/org/codehaus/jackson/jackson-mapper-asl/1.9.13/jackson-mapper-asl-1.9.13.jar:/home/runner/.m2/repository/org/codehaus/jackson/jackson-jaxrs/1.9.13/jackson-jaxrs-1.9.13.jar:/home/runner/.m2/repository/org/apache/ranger/ranger-plugins-common/2.3.0/ranger-plugins-common-2.3.0.jar:/home/runner/.m2/repository/commons-lang/commons-lang/2.6/commons-lang-2.6.jar:/home/runner/.m2/repository/org/apache/ranger/ranger-plugins-cred/2.3.0/ranger-plugins-cred-2.3.0.jar:/home/runner/.m2/repository/org/apache/ranger/ranger-plugins-audit/2.3.0/ranger-plugins-audit-2.3.0.jar:/home/runner/.m2/repository/org/eclipse/jetty/jetty-client/9.4.56.v20240826/jetty-client-9.4.56.v20240826.jar:/home/runner/.m2/repository/org/apache/httpcomponents/httpmime/4.5.6/httpmime-4.5.6.jar:/home/runner/.m2/repository/org/apache/httpcomponents/httpcore-nio/4.4.16/httpcore-nio-4.4.16.jar:/home/runner/.m2/repository/org/apache/httpcomponents/httpasyncclient/4.1.3/httpasyncclient-4.1.3.jar:/home/runner/.m2/repository/com/carrotsearch/hppc/0.8.0/hppc-0.8.0.jar:/home/runner/.m2/repository/org/apache/orc/orc-core/1.5.8/orc-core-1.5.8.jar:/home/runner/.m2/repository/net/java/dev/jna/jna/5.2.0/jna-5.2.0.jar:/home/runner/.m2/repository/net/java/dev/jna/jna-platform/5.2.0/jna-platform-5.2.0.jar:/home/runner/.m2/repository/com/kstruct/gethostname4j/0.0.2/gethostname4j-0.0.2.jar:/home/runner/.m2/repository/org/apache/ranger/ranger-plugin-classloader/2.3.0/ranger-plugin-classloader-2.3.0.jar:/home/runner/.m2/repository/org/apache/ranger/ranger-intg/2.3.0/ranger-intg-2.3.0.jar:/home/runner/work/ozone/ozone/hadoop-hdds/rocks-native/target/hdds-rocks-native-1.5.0-SNAPSHOT.jar:/home/runner/.m2/repository/org/apache/hadoop/hadoop-minikdc/3.3.6/hadoop-minikdc-3.3.6.jar:/home/runner/.m2/repository/org/apache/kerby/kerb-simplekdc/1.0.1/kerb-simplekdc-1.0.1.jar:/home/runner/.m2/repository/org/apache/kerby/kerb-client/1.0.1/kerb-client-1.0.1.jar:/home/runner/.m2/repository/org/apache/kerby/kerb-common/1.0.1/kerb-common-1.0.1.jar:/home/runner/.m2/repository/org/apache/kerby/token-provider/1.0.1/token-provider-1.0.1.jar:/home/runner/.m2/repository/org/apache/kerby/kerb-admin/1.0.1/kerb-admin-1.0.1.jar:/home/runner/.m2/repository/org/apache/kerby/kerb-server/1.0.1/kerb-server-1.0.1.jar:/home/runner/.m2/repository/org/apache/kerby/kerb-identity/1.0.1/kerb-identity-1.0.1.jar:/home/runner/.m2/repository/org/apache/kerby/kerby-xdr/1.0.1/kerby-xdr-1.0.1.jar:/home/runner/.m2/repository/junit/junit/4.13.2/junit-4.13.2.jar:/home/runner/.m2/repository/org/hamcrest/hamcrest-core/1.3/hamcrest-core-1.3.jar:/home/runner/work/ozone/ozone/hadoop-ozone/s3gateway/target/ozone-s3gateway-1.5.0-SNAPSHOT.jar:/home/runner/.m2/repository/org/javassist/javassist/3.30.2-GA/javassist-3.30.2-GA.jar:/home/runner/.m2/repository/org/jboss/weld/servlet/weld-servlet-shaded/3.1.9.Final/weld-servlet-shaded-3.1.9.Final.jar:/home/runner/.m2/repository/org/glassfish/jersey/core/jersey-common/2.45/jersey-common-2.45.jar:/home/runner/.m2/repository/org/glassfish/hk2/osgi-resource-locator/1.0.3/osgi-resource-locator-1.0.3.jar:/home/runner/.m2/repository/org/glassfish/jersey/ext/cdi/jersey-cdi1x/2.45/jersey-cdi1x-2.45.jar:/home/runner/.m2/repository/org/glassfish/jersey/inject/jersey-hk2/2.45/jersey-hk2-2.45.jar:/home/runner/.m2/repository/org/glassfish/hk2/hk2-locator/2.6.1/hk2-locator-2.6.1.jar:/home/runner/.m2/repository/org/glassfish/jersey/media/jersey-media-jaxb/2.45/jersey-media-jaxb-2.45.jar:/home/runner/.m2/repository/org/glassfish/hk2/hk2-api/2.6.1/hk2-api-2.6.1.jar:/home/runner/.m2/repository/org/glassfish/hk2/hk2-utils/2.6.1/hk2-utils-2.6.1.jar:/home/runner/.m2/repository/org/glassfish/hk2/external/aopalliance-repackaged/2.6.1/aopalliance-repackaged-2.6.1.jar:/home/runner/.m2/repository/com/fasterxml/jackson/dataformat/jackson-dataformat-xml/2.16.2/jackson-dataformat-xml-2.16.2.jar:/home/runner/.m2/repository/org/codehaus/woodstox/stax2-api/4.2.2/stax2-api-4.2.2.jar:/home/runner/.m2/repository/com/fasterxml/woodstox/woodstox-core/5.4.0/woodstox-core-5.4.0.jar:/home/runner/.m2/repository/com/fasterxml/jackson/module/jackson-module-jaxb-annotations/2.16.2/jackson-module-jaxb-annotations-2.16.2.jar:/home/runner/.m2/repository/javax/annotation/javax.annotation-api/1.3.2/javax.annotation-api-1.3.2.jar:/home/runner/.m2/repository/javax/enterprise/cdi-api/2.0/cdi-api-2.0.jar:/home/runner/.m2/repository/javax/el/javax.el-api/3.0.0/javax.el-api-3.0.0.jar:/home/runner/.m2/repository/javax/interceptor/javax.interceptor-api/1.2/javax.interceptor-api-1.2.jar:/home/runner/.m2/repository/org/glassfish/jaxb/jaxb-runtime/2.3.9/jaxb-runtime-2.3.9.jar:/home/runner/.m2/repository/org/glassfish/jaxb/txw2/2.3.9/txw2-2.3.9.jar:/home/runner/.m2/repository/com/sun/istack/istack-commons-runtime/3.0.12/istack-commons-runtime-3.0.12.jar:/home/runner/.m2/repository/com/sun/activation/jakarta.activation/1.2.2/jakarta.activation-1.2.2.jar:/home/runner/.m2/repository/jakarta/activation/jakarta.activation-api/1.2.2/jakarta.activation-api-1.2.2.jar:/home/runner/.m2/repository/io/grpc/grpc-protobuf/1.58.0/grpc-protobuf-1.58.0.jar:/home/runner/.m2/repository/com/google/api/grpc/proto-google-common-protos/2.22.0/proto-google-common-protos-2.22.0.jar:/home/runner/.m2/repository/io/grpc/grpc-protobuf-lite/1.58.0/grpc-protobuf-lite-1.58.0.jar:/home/runner/.m2/repository/io/opentracing/opentracing-noop/0.33.0/opentracing-noop-0.33.0.jar:/home/runner/.m2/repository/io/opentracing/opentracing-util/0.33.0/opentracing-util-0.33.0.jar:/home/runner/work/ozone/ozone/hadoop-ozone/csi/target/ozone-csi-1.5.0-SNAPSHOT.jar:/home/runner/.m2/repository/com/google/protobuf/protobuf-java-util/3.19.6/protobuf-java-util-3.19.6.jar:/home/runner/.m2/repository/io/netty/netty-transport-classes-epoll/4.1.109.Final/netty-transport-classes-epoll-4.1.109.Final.jar:/home/runner/.m2/repository/io/netty/netty-transport-native-epoll/4.1.109.Final/netty-transport-native-epoll-4.1.109.Final-linux-x86_64.jar:/home/runner/.m2/repository/io/netty/netty-transport-native-unix-common/4.1.109.Final/netty-transport-native-unix-common-4.1.109.Final.jar:/home/runner/work/ozone/ozone/hadoop-ozone/recon/target/ozone-recon-1.5.0-SNAPSHOT.jar:/home/runner/work/ozone/ozone/hadoop-ozone/recon-codegen/target/ozone-reconcodegen-1.5.0-SNAPSHOT.jar:/home/runner/.m2/repository/aopalliance/aopalliance/1.0/aopalliance-1.0.jar:/home/runner/.m2/repository/com/google/inject/guice/6.0.0/guice-6.0.0.jar:/home/runner/.m2/repository/jakarta/inject/jakarta.inject-api/2.0.1/jakarta.inject-api-2.0.1.jar:/home/runner/.m2/repository/com/google/inject/extensions/guice-assistedinject/6.0.0/guice-assistedinject-6.0.0.jar:/home/runner/.m2/repository/com/google/inject/extensions/guice-servlet/6.0.0/guice-servlet-6.0.0.jar:/home/runner/.m2/repository/org/glassfish/jersey/containers/jersey-container-servlet/2.45/jersey-container-servlet-2.45.jar:/home/runner/.m2/repository/org/glassfish/hk2/guice-bridge/2.6.1/guice-bridge-2.6.1.jar:/home/runner/.m2/repository/org/glassfish/hk2/external/jakarta.inject/2.6.1/jakarta.inject-2.6.1.jar:/home/runner/.m2/repository/org/glassfish/jersey/media/jersey-media-json-jackson/2.45/jersey-media-json-jackson-2.45.jar:/home/runner/.m2/repository/org/glassfish/jersey/ext/jersey-entity-filtering/2.45/jersey-entity-filtering-2.45.jar:/home/runner/.m2/repository/org/jooq/jooq/3.11.10/jooq-3.11.10.jar:/home/runner/.m2/repository/org/jooq/jooq-meta/3.11.10/jooq-meta-3.11.10.jar:/home/runner/.m2/repository/org/jooq/jooq-codegen/3.11.10/jooq-codegen-3.11.10.jar:/home/runner/.m2/repository/com/jolbox/bonecp/0.8.0.RELEASE/bonecp-0.8.0.RELEASE.jar:/home/runner/.m2/repository/org/apache/derby/derby/10.14.2.0/derby-10.14.2.0.jar:/home/runner/.m2/repository/org/xerial/sqlite-jdbc/3.46.1.3/sqlite-jdbc-3.46.1.3.jar:/home/runner/.m2/repository/org/springframework/spring-core/5.3.39/spring-core-5.3.39.jar:/home/runner/.m2/repository/org/springframework/spring-jdbc/5.3.39/spring-jdbc-5.3.39.jar:/home/runner/.m2/repository/org/springframework/spring-beans/5.3.39/spring-beans-5.3.39.jar:/home/runner/.m2/repository/org/springframework/spring-tx/5.3.39/spring-tx-5.3.39.jar:/home/runner/.m2/repository/jakarta/validation/jakarta.validation-api/2.0.2/jakarta.validation-api-2.0.2.jar:/home/runner/.m2/repository/javax/inject/javax.inject/1/javax.inject-1.jar:/home/runner/work/ozone/ozone/hadoop-ozone/client/target/ozone-client-1.5.0-SNAPSHOT.jar:/home/runner/work/ozone/ozone/hadoop-hdds/erasurecode/target/hdds-erasurecode-1.5.0-SNAPSHOT.jar:/home/runner/work/ozone/ozone/hadoop-ozone/ozonefs/target/ozone-filesystem-1.5.0-SNAPSHOT.jar:/home/runner/work/ozone/ozone/hadoop-ozone/ozonefs-common/target/ozone-filesystem-common-1.5.0-SNAPSHOT.jar:/home/runner/work/ozone/ozone/hadoop-ozone/tools/target/ozone-tools-1.5.0-SNAPSHOT.jar:/home/runner/.m2/repository/org/apache/ratis/ratis-tools/3.1.1/ratis-tools-3.1.1.jar:/home/runner/.m2/repository/org/apache/ratis/ratis-shell/3.1.1/ratis-shell-3.1.1.jar:/home/runner/.m2/repository/com/amazonaws/aws-java-sdk-core/1.12.661/aws-java-sdk-core-1.12.661.jar:/home/runner/.m2/repository/com/fasterxml/jackson/dataformat/jackson-dataformat-cbor/2.16.2/jackson-dataformat-cbor-2.16.2.jar:/home/runner/.m2/repository/joda-time/joda-time/2.12.7/joda-time-2.12.7.jar:/home/runner/.m2/repository/com/amazonaws/aws-java-sdk-s3/1.12.661/aws-java-sdk-s3-1.12.661.jar:/home/runner/.m2/repository/com/amazonaws/aws-java-sdk-kms/1.12.661/aws-java-sdk-kms-1.12.661.jar:/home/runner/.m2/repository/com/amazonaws/jmespath-java/1.12.661/jmespath-java-1.12.661.jar:/home/runner/.m2/repository/org/kohsuke/metainf-services/metainf-services/1.11/metainf-services-1.11.jar:/home/runner/work/ozone/ozone/hadoop-hdds/tools/target/hdds-tools-1.5.0-SNAPSHOT.jar:/home/runner/.m2/repository/commons-cli/commons-cli/1.8.0/commons-cli-1.8.0.jar:/home/runner/.m2/repository/org/apache/commons/commons-lang3/3.14.0/commons-lang3-3.14.0.jar:/home/runner/work/ozone/ozone/hadoop-ozone/ozone-manager/target/ozone-manager-1.5.0-SNAPSHOT-tests.jar:/home/runner/work/ozone/ozone/hadoop-hdds/common/target/hdds-common-1.5.0-SNAPSHOT-tests.jar:/home/runner/work/ozone/ozone/hadoop-hdds/hadoop-dependency-client/target/hdds-hadoop-dependency-client-1.5.0-SNAPSHOT.jar:/home/runner/work/ozone/ozone/hadoop-hdds/annotations/target/hdds-annotation-processing-1.5.0-SNAPSHOT.jar:/home/runner/.m2/repository/org/bouncycastle/bcutil-jdk18on/1.78.1/bcutil-jdk18on-1.78.1.jar:/home/runner/.m2/repository/io/jaegertracing/jaeger-client/1.8.1/jaeger-client-1.8.1.jar:/home/runner/.m2/repository/io/jaegertracing/jaeger-thrift/1.8.1/jaeger-thrift-1.8.1.jar:/home/runner/.m2/repository/org/apache/thrift/libthrift/0.15.0/libthrift-0.15.0.jar:/home/runner/.m2/repository/io/jaegertracing/jaeger-tracerresolver/1.8.1/jaeger-tracerresolver-1.8.1.jar:/home/runner/.m2/repository/io/opentracing/contrib/opentracing-tracerresolver/0.1.8/opentracing-tracerresolver-0.1.8.jar:/home/runner/.m2/repository/io/jaegertracing/jaeger-core/1.8.1/jaeger-core-1.8.1.jar:/home/runner/.m2/repository/org/jetbrains/kotlin/kotlin-stdlib/1.9.25/kotlin-stdlib-1.9.25.jar:/home/runner/.m2/repository/org/jetbrains/annotations/13.0/annotations-13.0.jar:/home/runner/.m2/repository/org/yaml/snakeyaml/2.0/snakeyaml-2.0.jar:/home/runner/.m2/repository/org/junit/platform/junit-platform-launcher/1.10.3/junit-platform-launcher-1.10.3.jar:/home/runner/.m2/repository/org/junit/platform/junit-platform-engine/1.10.3/junit-platform-engine-1.10.3.jar:/home/runner/.m2/repository/org/apiguardian/apiguardian-api/1.1.2/apiguardian-api-1.1.2.jar:/home/runner/.m2/repository/org/apache/hadoop/hadoop-kms/3.3.6/hadoop-kms-3.3.6.jar:/home/runner/.m2/repository/org/apache/hadoop/hadoop-auth/3.3.6/hadoop-auth-3.3.6.jar:/home/runner/.m2/repository/org/apache/zookeeper/zookeeper/3.8.4/zookeeper-3.8.4.jar:/home/runner/.m2/repository/org/apache/zookeeper/zookeeper-jute/3.8.4/zookeeper-jute-3.8.4.jar:/home/runner/.m2/repository/org/apache/yetus/audience-annotations/0.12.0/audience-annotations-0.12.0.jar:/home/runner/.m2/repository/org/apache/curator/curator-framework/4.2.0/curator-framework-4.2.0.jar:/home/runner/.m2/repository/org/apache/hadoop/thirdparty/hadoop-shaded-guava/1.2.0/hadoop-shaded-guava-1.2.0.jar:/home/runner/.m2/repository/com/sun/jersey/jersey-core/1.19.4/jersey-core-1.19.4.jar:/home/runner/.m2/repository/javax/ws/rs/jsr311-api/1.1.1/jsr311-api-1.1.1.jar:/home/runner/.m2/repository/com/sun/jersey/jersey-server/1.19.4/jersey-server-1.19.4.jar:/home/runner/.m2/repository/org/apache/hadoop/hadoop-common/3.3.6/hadoop-common-3.3.6.jar:/home/runner/.m2/repository/org/apache/commons/commons-math3/3.6.1/commons-math3-3.6.1.jar:/home/runner/.m2/repository/commons-net/commons-net/3.11.1/commons-net-3.11.1.jar:/home/runner/.m2/repository/com/sun/jersey/jersey-servlet/1.19.4/jersey-servlet-1.19.4.jar:/home/runner/.m2/repository/com/github/pjfanning/jersey-json/1.20/jersey-json-1.20.jar:/home/runner/.m2/repository/org/codehaus/jettison/jettison/1.1/jettison-1.1.jar:/home/runner/.m2/repository/com/sun/xml/bind/jaxb-impl/2.2.3-1/jaxb-impl-2.2.3-1.jar:/home/runner/.m2/repository/com/google/re2j/re2j/1.7/re2j-1.7.jar:/home/runner/.m2/repository/com/jcraft/jsch/0.1.55/jsch-0.1.55.jar:/home/runner/.m2/repository/org/apache/curator/curator-client/4.2.0/curator-client-4.2.0.jar:/home/runner/.m2/repository/org/apache/curator/curator-recipes/5.2.0/curator-recipes-5.2.0.jar:/home/runner/.m2/repository/com/google/code/findbugs/jsr305/3.0.2/jsr305-3.0.2.jar:/home/runner/.m2/repository/dnsjava/dnsjava/2.1.9/dnsjava-2.1.9.jar:/home/runner/.m2/repository/org/apache/hadoop/hadoop-kms/3.3.6/hadoop-kms-3.3.6-tests.jar:/home/runner/work/ozone/ozone/hadoop-hdds/server-scm/target/hdds-server-scm-1.5.0-SNAPSHOT-tests.jar:/home/runner/work/ozone/ozone/hadoop-hdds/container-service/target/hdds-container-service-1.5.0-SNAPSHOT-tests.jar:/home/runner/.m2/repository/com/github/luben/zstd-jni/1.5.6-4/zstd-jni-1.5.6-4.jar:/home/runner/.m2/repository/io/netty/netty-buffer/4.1.109.Final/netty-buffer-4.1.109.Final.jar:/home/runner/.m2/repository/io/netty/netty-codec/4.1.109.Final/netty-codec-4.1.109.Final.jar:/home/runner/work/ozone/ozone/hadoop-hdds/hadoop-dependency-test/target/hdds-hadoop-dependency-test-1.5.0-SNAPSHOT.jar:/home/runner/.m2/repository/org/apache/hadoop/hadoop-common/3.3.6/hadoop-common-3.3.6-tests.jar:/home/runner/.m2/repository/org/apache/hadoop/hadoop-hdfs/3.3.6/hadoop-hdfs-3.3.6-tests.jar:/home/runner/.m2/repository/org/junit/jupiter/junit-jupiter-engine/5.10.3/junit-jupiter-engine-5.10.3.jar:/home/runner/.m2/repository/org/junit/jupiter/junit-jupiter-params/5.10.3/junit-jupiter-params-5.10.3.jar:/home/runner/.m2/repository/org/mockito/mockito-core/4.11.0/mockito-core-4.11.0.jar:/home/runner/.m2/repository/net/bytebuddy/byte-buddy-agent/1.12.19/byte-buddy-agent-1.12.19.jar:/home/runner/.m2/repository/org/objenesis/objenesis/3.3/objenesis-3.3.jar:/home/runner/.m2/repository/org/mockito/mockito-inline/4.11.0/mockito-inline-4.11.0.jar:/home/runner/.m2/repository/org/mockito/mockito-junit-jupiter/4.11.0/mockito-junit-jupiter-4.11.0.jar:/home/runner/.m2/repository/org/apache/hadoop/hadoop-distcp/3.3.6/hadoop-distcp-3.3.6.jar:/home/runner/.m2/repository/org/apache/hadoop/hadoop-mapreduce-client-jobclient/3.3.6/hadoop-mapreduce-client-jobclient-3.3.6.jar:/home/runner/.m2/repository/org/apache/hadoop/hadoop-mapreduce-client-common/3.3.6/hadoop-mapreduce-client-common-3.3.6.jar:/home/runner/.m2/repository/org/apache/hadoop/hadoop-yarn-common/3.3.6/hadoop-yarn-common-3.3.6.jar:/home/runner/.m2/repository/org/apache/hadoop/hadoop-yarn-api/3.3.6/hadoop-yarn-api-3.3.6.jar:/home/runner/.m2/repository/javax/xml/bind/jaxb-api/2.2.11/jaxb-api-2.2.11.jar:/home/runner/.m2/repository/com/sun/jersey/contribs/jersey-guice/1.19.4/jersey-guice-1.19.4.jar:/home/runner/.m2/repository/com/fasterxml/jackson/jaxrs/jackson-jaxrs-json-provider/2.16.2/jackson-jaxrs-json-provider-2.16.2.jar:/home/runner/.m2/repository/com/fasterxml/jackson/jaxrs/jackson-jaxrs-base/2.16.2/jackson-jaxrs-base-2.16.2.jar:/home/runner/.m2/repository/org/apache/hadoop/hadoop-yarn-client/3.3.6/hadoop-yarn-client-3.3.6.jar:/home/runner/.m2/repository/org/eclipse/jetty/websocket/websocket-client/9.4.51.v20230217/websocket-client-9.4.51.v20230217.jar:/home/runner/.m2/repository/org/eclipse/jetty/websocket/websocket-common/9.4.51.v20230217/websocket-common-9.4.51.v20230217.jar:/home/runner/.m2/repository/org/eclipse/jetty/websocket/websocket-api/9.4.51.v20230217/websocket-api-9.4.51.v20230217.jar:/home/runner/.m2/repository/org/jline/jline/3.9.0/jline-3.9.0.jar:/home/runner/.m2/repository/org/apache/hadoop/hadoop-mapreduce-client-core/3.3.6/hadoop-mapreduce-client-core-3.3.6.jar:/home/runner/.m2/repository/org/apache/avro/avro/1.7.7/avro-1.7.7.jar:/home/runner/.m2/repository/com/thoughtworks/paranamer/paranamer/2.3/paranamer-2.3.jar:/home/runner/.m2/repository/org/apache/hadoop/hadoop-annotations/3.3.6/hadoop-annotations-3.3.6.jar:/home/runner/.m2/repository/io/netty/netty/3.10.6.Final/netty-3.10.6.Final.jar:/home/runner/.m2/repository/org/apache/hadoop/hadoop-distcp/3.3.6/hadoop-distcp-3.3.6-tests.jar:/home/runner/.m2/repository/org/apache/ratis/ratis-server/3.1.1/ratis-server-3.1.1.jar:/home/runner/.m2/repository/org/hamcrest/hamcrest/2.2/hamcrest-2.2.jar:/home/runner/.m2/repository/org/slf4j/jul-to-slf4j/2.0.16/jul-to-slf4j-2.0.16.jar:/home/runner/work/ozone/ozone/hadoop-ozone/integration-test/target/gradle-enterprise/test-listeners.jar:"/>
    <property name="java.vm.vendor" value="Eclipse Adoptium"/>
    <property name="sun.arch.data.model" value="64"/>
    <property name="test.build.dir" value="/home/runner/work/ozone/ozone/hadoop-ozone/integration-test/target/test-dir"/>
    <property name="test.cache.data" value=""/>
    <property name="java.vendor.url" value="https://adoptium.net/"/>
    <property name="user.timezone" value="Etc/UTC"/>
    <property name="maven-surefire-plugin.argLineAccessArgs" value=" --add-opens java.management/com.sun.jmx.mbeanserver=ALL-UNNAMED --add-exports java.management/com.sun.jmx.mbeanserver=ALL-UNNAMED --add-opens java.base/java.nio=ALL-UNNAMED --add-opens java.base/java.lang=ALL-UNNAMED --add-opens java.base/java.lang.reflect=ALL-UNNAMED"/>
    <property name="java.vm.specification.version" value="17"/>
    <property name="os.name" value="Linux"/>
    <property name="test.build.data" value="/home/runner/work/ozone/ozone/hadoop-ozone/integration-test/target/test-dir"/>
    <property name="sun.java.launcher" value="SUN_STANDARD"/>
    <property name="sun.boot.library.path" value="/usr/lib/jvm/temurin-17-jdk-amd64/lib"/>
    <property name="derby.stream.error.method" value="org.hadoop.ozone.recon.codegen.SqlDbUtils.disableDerbyLogFile"/>
    <property name="sun.java.command" value="/home/runner/work/ozone/ozone/hadoop-ozone/integration-test/target/surefire/surefirebooter12942635054388897390.jar /home/runner/work/ozone/ozone/hadoop-ozone/integration-test/target/surefire 2024-10-01T10-54-13_853-jvmRun1 surefire9032886936526005596tmp surefire_5015042173078540899926tmp"/>
    <property name="jdk.debug" value="release"/>
    <property name="native.lib.tmp.dir" value="/tmp"/>
    <property name="surefire.test.class.path" value="/home/runner/work/ozone/ozone/hadoop-ozone/integration-test/target/test-classes:/home/runner/work/ozone/ozone/hadoop-ozone/integration-test/target/classes:/home/runner/work/ozone/ozone/hadoop-ozone/common/target/ozone-common-1.5.0-SNAPSHOT.jar:/home/runner/.m2/repository/io/grpc/grpc-netty/1.58.0/grpc-netty-1.58.0.jar:/home/runner/.m2/repository/io/grpc/grpc-core/1.58.0/grpc-core-1.58.0.jar:/home/runner/.m2/repository/com/google/android/annotations/4.1.1.4/annotations-4.1.1.4.jar:/home/runner/.m2/repository/org/codehaus/mojo/animal-sniffer-annotations/1.23/animal-sniffer-annotations-1.23.jar:/home/runner/.m2/repository/io/grpc/grpc-context/1.58.0/grpc-context-1.58.0.jar:/home/runner/.m2/repository/io/grpc/grpc-util/1.58.0/grpc-util-1.58.0.jar:/home/runner/.m2/repository/com/google/errorprone/error_prone_annotations/2.29.2/error_prone_annotations-2.29.2.jar:/home/runner/.m2/repository/io/perfmark/perfmark-api/0.26.0/perfmark-api-0.26.0.jar:/home/runner/.m2/repository/io/netty/netty-codec-http2/4.1.109.Final/netty-codec-http2-4.1.109.Final.jar:/home/runner/.m2/repository/io/netty/netty-codec-http/4.1.109.Final/netty-codec-http-4.1.109.Final.jar:/home/runner/.m2/repository/io/netty/netty-handler-proxy/4.1.109.Final/netty-handler-proxy-4.1.109.Final.jar:/home/runner/.m2/repository/io/netty/netty-codec-socks/4.1.109.Final/netty-codec-socks-4.1.109.Final.jar:/home/runner/.m2/repository/io/netty/netty-tcnative-boringssl-static/2.0.65.Final/netty-tcnative-boringssl-static-2.0.65.Final.jar:/home/runner/.m2/repository/io/netty/netty-tcnative-classes/2.0.65.Final/netty-tcnative-classes-2.0.65.Final.jar:/home/runner/.m2/repository/io/netty/netty-tcnative-boringssl-static/2.0.65.Final/netty-tcnative-boringssl-static-2.0.65.Final-linux-x86_64.jar:/home/runner/.m2/repository/io/netty/netty-tcnative-boringssl-static/2.0.65.Final/netty-tcnative-boringssl-static-2.0.65.Final-linux-aarch_64.jar:/home/runner/.m2/repository/io/netty/netty-tcnative-boringssl-static/2.0.65.Final/netty-tcnative-boringssl-static-2.0.65.Final-osx-x86_64.jar:/home/runner/.m2/repository/io/netty/netty-tcnative-boringssl-static/2.0.65.Final/netty-tcnative-boringssl-static-2.0.65.Final-osx-aarch_64.jar:/home/runner/.m2/repository/io/netty/netty-tcnative-boringssl-static/2.0.65.Final/netty-tcnative-boringssl-static-2.0.65.Final-windows-x86_64.jar:/home/runner/.m2/repository/org/apache/commons/commons-compress/1.27.1/commons-compress-1.27.1.jar:/home/runner/work/ozone/ozone/hadoop-hdds/common/target/hdds-common-1.5.0-SNAPSHOT.jar:/home/runner/work/ozone/ozone/hadoop-hdds/client/target/hdds-client-1.5.0-SNAPSHOT.jar:/home/runner/work/ozone/ozone/hadoop-hdds/config/target/hdds-config-1.5.0-SNAPSHOT.jar:/home/runner/work/ozone/ozone/hadoop-hdds/interface-client/target/hdds-interface-client-1.5.0-SNAPSHOT.jar:/home/runner/.m2/repository/org/apache/hadoop/thirdparty/hadoop-shaded-protobuf_3_7/1.1.1/hadoop-shaded-protobuf_3_7-1.1.1.jar:/home/runner/work/ozone/ozone/hadoop-ozone/interface-client/target/ozone-interface-client-1.5.0-SNAPSHOT.jar:/home/runner/.m2/repository/org/apache/hadoop/hadoop-hdfs-client/3.3.6/hadoop-hdfs-client-3.3.6.jar:/home/runner/.m2/repository/com/squareup/okhttp3/okhttp/4.12.0/okhttp-4.12.0.jar:/home/runner/.m2/repository/com/squareup/okio/okio/3.6.0/okio-3.6.0.jar:/home/runner/.m2/repository/com/squareup/okio/okio-jvm/3.6.0/okio-jvm-3.6.0.jar:/home/runner/.m2/repository/org/jetbrains/kotlin/kotlin-stdlib-jdk8/1.9.25/kotlin-stdlib-jdk8-1.9.25.jar:/home/runner/.m2/repository/org/jetbrains/kotlin/kotlin-stdlib-jdk7/1.9.25/kotlin-stdlib-jdk7-1.9.25.jar:/home/runner/.m2/repository/org/jetbrains/kotlin/kotlin-stdlib-common/1.9.25/kotlin-stdlib-common-1.9.25.jar:/home/runner/.m2/repository/org/apache/httpcomponents/httpclient/4.5.14/httpclient-4.5.14.jar:/home/runner/.m2/repository/org/apache/httpcomponents/httpcore/4.4.16/httpcore-4.4.16.jar:/home/runner/.m2/repository/org/apache/ratis/ratis-common/3.1.1/ratis-common-3.1.1.jar:/home/runner/.m2/repository/org/apache/ratis/ratis-proto/3.1.1/ratis-proto-3.1.1.jar:/home/runner/.m2/repository/org/apache/ratis/ratis-thirdparty-misc/1.0.6/ratis-thirdparty-misc-1.0.6.jar:/home/runner/.m2/repository/org/slf4j/slf4j-api/2.0.16/slf4j-api-2.0.16.jar:/home/runner/.m2/repository/com/fasterxml/jackson/core/jackson-annotations/2.16.2/jackson-annotations-2.16.2.jar:/home/runner/.m2/repository/com/fasterxml/jackson/core/jackson-databind/2.16.2/jackson-databind-2.16.2.jar:/home/runner/.m2/repository/com/github/stephenc/jcip/jcip-annotations/1.0-1/jcip-annotations-1.0-1.jar:/home/runner/.m2/repository/com/google/guava/guava/32.1.3-jre/guava-32.1.3-jre.jar:/home/runner/.m2/repository/com/google/guava/failureaccess/1.0.1/failureaccess-1.0.1.jar:/home/runner/.m2/repository/com/google/guava/listenablefuture/9999.0-empty-to-avoid-conflict-with-guava/listenablefuture-9999.0-empty-to-avoid-conflict-with-guava.jar:/home/runner/.m2/repository/org/checkerframework/checker-qual/3.37.0/checker-qual-3.37.0.jar:/home/runner/.m2/repository/com/google/j2objc/j2objc-annotations/2.8/j2objc-annotations-2.8.jar:/home/runner/.m2/repository/com/google/protobuf/protobuf-java/2.5.0/protobuf-java-2.5.0.jar:/home/runner/.m2/repository/io/grpc/grpc-api/1.58.0/grpc-api-1.58.0.jar:/home/runner/.m2/repository/io/grpc/grpc-stub/1.58.0/grpc-stub-1.58.0.jar:/home/runner/.m2/repository/io/netty/netty-common/4.1.109.Final/netty-common-4.1.109.Final.jar:/home/runner/.m2/repository/io/netty/netty-handler/4.1.109.Final/netty-handler-4.1.109.Final.jar:/home/runner/.m2/repository/io/netty/netty-resolver/4.1.109.Final/netty-resolver-4.1.109.Final.jar:/home/runner/.m2/repository/jakarta/annotation/jakarta.annotation-api/2.1.1/jakarta.annotation-api-2.1.1.jar:/home/runner/work/ozone/ozone/hadoop-hdds/test-utils/target/hdds-test-utils-1.5.0-SNAPSHOT.jar:/home/runner/.m2/repository/org/assertj/assertj-core/3.26.3/assertj-core-3.26.3.jar:/home/runner/.m2/repository/net/bytebuddy/byte-buddy/1.14.18/byte-buddy-1.14.18.jar:/home/runner/.m2/repository/commons-io/commons-io/2.16.1/commons-io-2.16.1.jar:/home/runner/.m2/repository/commons-logging/commons-logging/1.2/commons-logging-1.2.jar:/home/runner/.m2/repository/org/junit/jupiter/junit-jupiter-api/5.10.3/junit-jupiter-api-5.10.3.jar:/home/runner/.m2/repository/org/opentest4j/opentest4j/1.3.0/opentest4j-1.3.0.jar:/home/runner/.m2/repository/org/junit/platform/junit-platform-commons/1.10.3/junit-platform-commons-1.10.3.jar:/home/runner/.m2/repository/ch/qos/reload4j/reload4j/1.2.25/reload4j-1.2.25.jar:/home/runner/.m2/repository/org/apache/logging/log4j/log4j-api/2.24.0/log4j-api-2.24.0.jar:/home/runner/work/ozone/ozone/hadoop-hdds/server-scm/target/hdds-server-scm-1.5.0-SNAPSHOT.jar:/home/runner/work/ozone/ozone/hadoop-hdds/container-service/target/hdds-container-service-1.5.0-SNAPSHOT.jar:/home/runner/work/ozone/ozone/hadoop-hdds/hadoop-dependency-server/target/hdds-hadoop-dependency-server-1.5.0-SNAPSHOT.jar:/home/runner/.m2/repository/com/nimbusds/nimbus-jose-jwt/9.40/nimbus-jose-jwt-9.40.jar:/home/runner/.m2/repository/org/apache/hadoop/hadoop-hdfs/3.3.6/hadoop-hdfs-3.3.6.jar:/home/runner/.m2/repository/commons-daemon/commons-daemon/1.4.0/commons-daemon-1.4.0.jar:/home/runner/.m2/repository/org/apache/kerby/kerb-core/1.0.1/kerb-core-1.0.1.jar:/home/runner/.m2/repository/org/apache/kerby/kerby-pkix/1.0.1/kerby-pkix-1.0.1.jar:/home/runner/.m2/repository/org/apache/kerby/kerby-asn1/1.0.1/kerby-asn1-1.0.1.jar:/home/runner/.m2/repository/org/apache/kerby/kerb-util/1.0.1/kerb-util-1.0.1.jar:/home/runner/.m2/repository/org/apache/kerby/kerby-config/1.0.1/kerby-config-1.0.1.jar:/home/runner/.m2/repository/org/apache/kerby/kerb-crypto/1.0.1/kerb-crypto-1.0.1.jar:/home/runner/.m2/repository/org/xerial/snappy/snappy-java/1.1.10.6/snappy-java-1.1.10.6.jar:/home/runner/work/ozone/ozone/hadoop-hdds/interface-admin/target/hdds-interface-admin-1.5.0-SNAPSHOT.jar:/home/runner/work/ozone/ozone/hadoop-hdds/interface-server/target/hdds-interface-server-1.5.0-SNAPSHOT.jar:/home/runner/work/ozone/ozone/hadoop-hdds/framework/target/hdds-server-framework-1.5.0-SNAPSHOT.jar:/home/runner/.m2/repository/org/apache/ratis/ratis-client/3.1.1/ratis-client-3.1.1.jar:/home/runner/.m2/repository/org/apache/ratis/ratis-grpc/3.1.1/ratis-grpc-3.1.1.jar:/home/runner/.m2/repository/org/apache/ratis/ratis-netty/3.1.1/ratis-netty-3.1.1.jar:/home/runner/.m2/repository/org/apache/ratis/ratis-server-api/3.1.1/ratis-server-api-3.1.1.jar:/home/runner/.m2/repository/org/bouncycastle/bcpkix-jdk18on/1.78.1/bcpkix-jdk18on-1.78.1.jar:/home/runner/.m2/repository/org/bouncycastle/bcprov-jdk18on/1.78.1/bcprov-jdk18on-1.78.1.jar:/home/runner/.m2/repository/io/dropwizard/metrics/metrics-core/3.2.6/metrics-core-3.2.6.jar:/home/runner/.m2/repository/org/apache/commons/commons-text/1.12.0/commons-text-1.12.0.jar:/home/runner/.m2/repository/org/eclipse/jetty/jetty-webapp/9.4.56.v20240826/jetty-webapp-9.4.56.v20240826.jar:/home/runner/.m2/repository/org/eclipse/jetty/jetty-xml/9.4.56.v20240826/jetty-xml-9.4.56.v20240826.jar:/home/runner/.m2/repository/com/fasterxml/jackson/core/jackson-core/2.16.2/jackson-core-2.16.2.jar:/home/runner/.m2/repository/info/picocli/picocli/4.7.5/picocli-4.7.5.jar:/home/runner/.m2/repository/javax/servlet/javax.servlet-api/3.1.0/javax.servlet-api-3.1.0.jar:/home/runner/.m2/repository/commons-collections/commons-collections/3.2.2/commons-collections-3.2.2.jar:/home/runner/work/ozone/ozone/hadoop-hdds/framework/target/hdds-server-framework-1.5.0-SNAPSHOT-tests.jar:/home/runner/work/ozone/ozone/hadoop-hdds/managed-rocksdb/target/hdds-managed-rocksdb-1.5.0-SNAPSHOT.jar:/home/runner/.m2/repository/org/slf4j/slf4j-reload4j/2.0.16/slf4j-reload4j-2.0.16.jar:/home/runner/.m2/repository/org/apache/commons/commons-configuration2/2.11.0/commons-configuration2-2.11.0.jar:/home/runner/.m2/repository/commons-codec/commons-codec/1.17.0/commons-codec-1.17.0.jar:/home/runner/.m2/repository/commons-fileupload/commons-fileupload/1.5/commons-fileupload-1.5.jar:/home/runner/.m2/repository/commons-validator/commons-validator/1.6/commons-validator-1.6.jar:/home/runner/.m2/repository/commons-beanutils/commons-beanutils/1.9.4/commons-beanutils-1.9.4.jar:/home/runner/.m2/repository/commons-digester/commons-digester/1.8.1/commons-digester-1.8.1.jar:/home/runner/.m2/repository/org/apache/logging/log4j/log4j-core/2.24.0/log4j-core-2.24.0.jar:/home/runner/.m2/repository/com/lmax/disruptor/3.4.4/disruptor-3.4.4.jar:/home/runner/.m2/repository/org/eclipse/jetty/jetty-http/9.4.56.v20240826/jetty-http-9.4.56.v20240826.jar:/home/runner/.m2/repository/org/eclipse/jetty/jetty-io/9.4.56.v20240826/jetty-io-9.4.56.v20240826.jar:/home/runner/.m2/repository/org/eclipse/jetty/jetty-util/9.4.56.v20240826/jetty-util-9.4.56.v20240826.jar:/home/runner/.m2/repository/org/eclipse/jetty/jetty-server/9.4.56.v20240826/jetty-server-9.4.56.v20240826.jar:/home/runner/.m2/repository/org/eclipse/jetty/jetty-servlet/9.4.56.v20240826/jetty-servlet-9.4.56.v20240826.jar:/home/runner/.m2/repository/org/eclipse/jetty/jetty-security/9.4.56.v20240826/jetty-security-9.4.56.v20240826.jar:/home/runner/.m2/repository/org/eclipse/jetty/jetty-util-ajax/9.4.56.v20240826/jetty-util-ajax-9.4.56.v20240826.jar:/home/runner/.m2/repository/org/glassfish/jersey/core/jersey-server/2.45/jersey-server-2.45.jar:/home/runner/.m2/repository/org/glassfish/jersey/core/jersey-client/2.45/jersey-client-2.45.jar:/home/runner/.m2/repository/org/glassfish/jersey/containers/jersey-container-servlet-core/2.45/jersey-container-servlet-core-2.45.jar:/home/runner/.m2/repository/org/rocksdb/rocksdbjni/7.7.3/rocksdbjni-7.7.3.jar:/home/runner/.m2/repository/org/apache/ratis/ratis-metrics-api/3.1.1/ratis-metrics-api-3.1.1.jar:/home/runner/.m2/repository/org/apache/ratis/ratis-metrics-dropwizard3/3.1.1/ratis-metrics-dropwizard3-3.1.1.jar:/home/runner/.m2/repository/io/opentracing/opentracing-api/0.33.0/opentracing-api-0.33.0.jar:/home/runner/.m2/repository/io/prometheus/simpleclient/0.16.0/simpleclient-0.16.0.jar:/home/runner/.m2/repository/io/prometheus/simpleclient_dropwizard/0.16.0/simpleclient_dropwizard-0.16.0.jar:/home/runner/.m2/repository/io/prometheus/simpleclient_common/0.16.0/simpleclient_common-0.16.0.jar:/home/runner/.m2/repository/com/fasterxml/jackson/datatype/jackson-datatype-jsr310/2.16.2/jackson-datatype-jsr310-2.16.2.jar:/home/runner/.m2/repository/com/github/jnr/jnr-constants/0.10.4/jnr-constants-0.10.4.jar:/home/runner/.m2/repository/com/github/jnr/jnr-posix/3.1.19/jnr-posix-3.1.19.jar:/home/runner/.m2/repository/com/github/jnr/jnr-ffi/2.2.16/jnr-ffi-2.2.16.jar:/home/runner/.m2/repository/com/github/jnr/jffi/1.3.13/jffi-1.3.13.jar:/home/runner/.m2/repository/com/github/jnr/jffi/1.3.13/jffi-1.3.13-native.jar:/home/runner/.m2/repository/org/ow2/asm/asm/9.2/asm-9.2.jar:/home/runner/.m2/repository/org/ow2/asm/asm-commons/9.2/asm-commons-9.2.jar:/home/runner/.m2/repository/org/ow2/asm/asm-analysis/9.2/asm-analysis-9.2.jar:/home/runner/.m2/repository/org/ow2/asm/asm-tree/9.2/asm-tree-9.2.jar:/home/runner/.m2/repository/org/ow2/asm/asm-util/9.2/asm-util-9.2.jar:/home/runner/.m2/repository/com/github/jnr/jnr-a64asm/1.0.0/jnr-a64asm-1.0.0.jar:/home/runner/.m2/repository/com/github/jnr/jnr-x86asm/1.0.2/jnr-x86asm-1.0.2.jar:/home/runner/.m2/repository/com/google/code/gson/gson/2.10.1/gson-2.10.1.jar:/home/runner/work/ozone/ozone/hadoop-hdds/rocksdb-checkpoint-differ/target/rocksdb-checkpoint-differ-1.5.0-SNAPSHOT.jar:/home/runner/.m2/repository/org/jgrapht/jgrapht-core/1.4.0/jgrapht-core-1.4.0.jar:/home/runner/.m2/repository/org/jheaps/jheaps/0.11/jheaps-0.11.jar:/home/runner/.m2/repository/org/jgrapht/jgrapht-ext/1.4.0/jgrapht-ext-1.4.0.jar:/home/runner/.m2/repository/com/github/vlsi/mxgraph/jgraphx/3.9.12/jgraphx-3.9.12.jar:/home/runner/.m2/repository/jakarta/ws/rs/jakarta.ws.rs-api/2.1.6/jakarta.ws.rs-api-2.1.6.jar:/home/runner/work/ozone/ozone/hadoop-ozone/ozone-manager/target/ozone-manager-1.5.0-SNAPSHOT.jar:/home/runner/.m2/repository/org/aspectj/aspectjrt/1.9.7/aspectjrt-1.9.7.jar:/home/runner/.m2/repository/org/aspectj/aspectjweaver/1.9.7/aspectjweaver-1.9.7.jar:/home/runner/work/ozone/ozone/hadoop-ozone/interface-storage/target/ozone-interface-storage-1.5.0-SNAPSHOT.jar:/home/runner/.m2/repository/org/apache/kerby/kerby-util/1.0.1/kerby-util-1.0.1.jar:/home/runner/.m2/repository/io/netty/netty-transport/4.1.109.Final/netty-transport-4.1.109.Final.jar:/home/runner/.m2/repository/org/reflections/reflections/0.10.2/reflections-0.10.2.jar:/home/runner/.m2/repository/com/sun/jersey/jersey-client/1.19.4/jersey-client-1.19.4.jar:/home/runner/.m2/repository/jakarta/xml/bind/jakarta.xml.bind-api/2.3.3/jakarta.xml.bind-api-2.3.3.jar:/home/runner/.m2/repository/org/codehaus/jackson/jackson-core-asl/1.9.13/jackson-core-asl-1.9.13.jar:/home/runner/.m2/repository/org/codehaus/jackson/jackson-mapper-asl/1.9.13/jackson-mapper-asl-1.9.13.jar:/home/runner/.m2/repository/org/codehaus/jackson/jackson-jaxrs/1.9.13/jackson-jaxrs-1.9.13.jar:/home/runner/.m2/repository/org/apache/ranger/ranger-plugins-common/2.3.0/ranger-plugins-common-2.3.0.jar:/home/runner/.m2/repository/commons-lang/commons-lang/2.6/commons-lang-2.6.jar:/home/runner/.m2/repository/org/apache/ranger/ranger-plugins-cred/2.3.0/ranger-plugins-cred-2.3.0.jar:/home/runner/.m2/repository/org/apache/ranger/ranger-plugins-audit/2.3.0/ranger-plugins-audit-2.3.0.jar:/home/runner/.m2/repository/org/eclipse/jetty/jetty-client/9.4.56.v20240826/jetty-client-9.4.56.v20240826.jar:/home/runner/.m2/repository/org/apache/httpcomponents/httpmime/4.5.6/httpmime-4.5.6.jar:/home/runner/.m2/repository/org/apache/httpcomponents/httpcore-nio/4.4.16/httpcore-nio-4.4.16.jar:/home/runner/.m2/repository/org/apache/httpcomponents/httpasyncclient/4.1.3/httpasyncclient-4.1.3.jar:/home/runner/.m2/repository/com/carrotsearch/hppc/0.8.0/hppc-0.8.0.jar:/home/runner/.m2/repository/org/apache/orc/orc-core/1.5.8/orc-core-1.5.8.jar:/home/runner/.m2/repository/net/java/dev/jna/jna/5.2.0/jna-5.2.0.jar:/home/runner/.m2/repository/net/java/dev/jna/jna-platform/5.2.0/jna-platform-5.2.0.jar:/home/runner/.m2/repository/com/kstruct/gethostname4j/0.0.2/gethostname4j-0.0.2.jar:/home/runner/.m2/repository/org/apache/ranger/ranger-plugin-classloader/2.3.0/ranger-plugin-classloader-2.3.0.jar:/home/runner/.m2/repository/org/apache/ranger/ranger-intg/2.3.0/ranger-intg-2.3.0.jar:/home/runner/work/ozone/ozone/hadoop-hdds/rocks-native/target/hdds-rocks-native-1.5.0-SNAPSHOT.jar:/home/runner/.m2/repository/org/apache/hadoop/hadoop-minikdc/3.3.6/hadoop-minikdc-3.3.6.jar:/home/runner/.m2/repository/org/apache/kerby/kerb-simplekdc/1.0.1/kerb-simplekdc-1.0.1.jar:/home/runner/.m2/repository/org/apache/kerby/kerb-client/1.0.1/kerb-client-1.0.1.jar:/home/runner/.m2/repository/org/apache/kerby/kerb-common/1.0.1/kerb-common-1.0.1.jar:/home/runner/.m2/repository/org/apache/kerby/token-provider/1.0.1/token-provider-1.0.1.jar:/home/runner/.m2/repository/org/apache/kerby/kerb-admin/1.0.1/kerb-admin-1.0.1.jar:/home/runner/.m2/repository/org/apache/kerby/kerb-server/1.0.1/kerb-server-1.0.1.jar:/home/runner/.m2/repository/org/apache/kerby/kerb-identity/1.0.1/kerb-identity-1.0.1.jar:/home/runner/.m2/repository/org/apache/kerby/kerby-xdr/1.0.1/kerby-xdr-1.0.1.jar:/home/runner/.m2/repository/junit/junit/4.13.2/junit-4.13.2.jar:/home/runner/.m2/repository/org/hamcrest/hamcrest-core/1.3/hamcrest-core-1.3.jar:/home/runner/work/ozone/ozone/hadoop-ozone/s3gateway/target/ozone-s3gateway-1.5.0-SNAPSHOT.jar:/home/runner/.m2/repository/org/javassist/javassist/3.30.2-GA/javassist-3.30.2-GA.jar:/home/runner/.m2/repository/org/jboss/weld/servlet/weld-servlet-shaded/3.1.9.Final/weld-servlet-shaded-3.1.9.Final.jar:/home/runner/.m2/repository/org/glassfish/jersey/core/jersey-common/2.45/jersey-common-2.45.jar:/home/runner/.m2/repository/org/glassfish/hk2/osgi-resource-locator/1.0.3/osgi-resource-locator-1.0.3.jar:/home/runner/.m2/repository/org/glassfish/jersey/ext/cdi/jersey-cdi1x/2.45/jersey-cdi1x-2.45.jar:/home/runner/.m2/repository/org/glassfish/jersey/inject/jersey-hk2/2.45/jersey-hk2-2.45.jar:/home/runner/.m2/repository/org/glassfish/hk2/hk2-locator/2.6.1/hk2-locator-2.6.1.jar:/home/runner/.m2/repository/org/glassfish/jersey/media/jersey-media-jaxb/2.45/jersey-media-jaxb-2.45.jar:/home/runner/.m2/repository/org/glassfish/hk2/hk2-api/2.6.1/hk2-api-2.6.1.jar:/home/runner/.m2/repository/org/glassfish/hk2/hk2-utils/2.6.1/hk2-utils-2.6.1.jar:/home/runner/.m2/repository/org/glassfish/hk2/external/aopalliance-repackaged/2.6.1/aopalliance-repackaged-2.6.1.jar:/home/runner/.m2/repository/com/fasterxml/jackson/dataformat/jackson-dataformat-xml/2.16.2/jackson-dataformat-xml-2.16.2.jar:/home/runner/.m2/repository/org/codehaus/woodstox/stax2-api/4.2.2/stax2-api-4.2.2.jar:/home/runner/.m2/repository/com/fasterxml/woodstox/woodstox-core/5.4.0/woodstox-core-5.4.0.jar:/home/runner/.m2/repository/com/fasterxml/jackson/module/jackson-module-jaxb-annotations/2.16.2/jackson-module-jaxb-annotations-2.16.2.jar:/home/runner/.m2/repository/javax/annotation/javax.annotation-api/1.3.2/javax.annotation-api-1.3.2.jar:/home/runner/.m2/repository/javax/enterprise/cdi-api/2.0/cdi-api-2.0.jar:/home/runner/.m2/repository/javax/el/javax.el-api/3.0.0/javax.el-api-3.0.0.jar:/home/runner/.m2/repository/javax/interceptor/javax.interceptor-api/1.2/javax.interceptor-api-1.2.jar:/home/runner/.m2/repository/org/glassfish/jaxb/jaxb-runtime/2.3.9/jaxb-runtime-2.3.9.jar:/home/runner/.m2/repository/org/glassfish/jaxb/txw2/2.3.9/txw2-2.3.9.jar:/home/runner/.m2/repository/com/sun/istack/istack-commons-runtime/3.0.12/istack-commons-runtime-3.0.12.jar:/home/runner/.m2/repository/com/sun/activation/jakarta.activation/1.2.2/jakarta.activation-1.2.2.jar:/home/runner/.m2/repository/jakarta/activation/jakarta.activation-api/1.2.2/jakarta.activation-api-1.2.2.jar:/home/runner/.m2/repository/io/grpc/grpc-protobuf/1.58.0/grpc-protobuf-1.58.0.jar:/home/runner/.m2/repository/com/google/api/grpc/proto-google-common-protos/2.22.0/proto-google-common-protos-2.22.0.jar:/home/runner/.m2/repository/io/grpc/grpc-protobuf-lite/1.58.0/grpc-protobuf-lite-1.58.0.jar:/home/runner/.m2/repository/io/opentracing/opentracing-noop/0.33.0/opentracing-noop-0.33.0.jar:/home/runner/.m2/repository/io/opentracing/opentracing-util/0.33.0/opentracing-util-0.33.0.jar:/home/runner/work/ozone/ozone/hadoop-ozone/csi/target/ozone-csi-1.5.0-SNAPSHOT.jar:/home/runner/.m2/repository/com/google/protobuf/protobuf-java-util/3.19.6/protobuf-java-util-3.19.6.jar:/home/runner/.m2/repository/io/netty/netty-transport-classes-epoll/4.1.109.Final/netty-transport-classes-epoll-4.1.109.Final.jar:/home/runner/.m2/repository/io/netty/netty-transport-native-epoll/4.1.109.Final/netty-transport-native-epoll-4.1.109.Final-linux-x86_64.jar:/home/runner/.m2/repository/io/netty/netty-transport-native-unix-common/4.1.109.Final/netty-transport-native-unix-common-4.1.109.Final.jar:/home/runner/work/ozone/ozone/hadoop-ozone/recon/target/ozone-recon-1.5.0-SNAPSHOT.jar:/home/runner/work/ozone/ozone/hadoop-ozone/recon-codegen/target/ozone-reconcodegen-1.5.0-SNAPSHOT.jar:/home/runner/.m2/repository/aopalliance/aopalliance/1.0/aopalliance-1.0.jar:/home/runner/.m2/repository/com/google/inject/guice/6.0.0/guice-6.0.0.jar:/home/runner/.m2/repository/jakarta/inject/jakarta.inject-api/2.0.1/jakarta.inject-api-2.0.1.jar:/home/runner/.m2/repository/com/google/inject/extensions/guice-assistedinject/6.0.0/guice-assistedinject-6.0.0.jar:/home/runner/.m2/repository/com/google/inject/extensions/guice-servlet/6.0.0/guice-servlet-6.0.0.jar:/home/runner/.m2/repository/org/glassfish/jersey/containers/jersey-container-servlet/2.45/jersey-container-servlet-2.45.jar:/home/runner/.m2/repository/org/glassfish/hk2/guice-bridge/2.6.1/guice-bridge-2.6.1.jar:/home/runner/.m2/repository/org/glassfish/hk2/external/jakarta.inject/2.6.1/jakarta.inject-2.6.1.jar:/home/runner/.m2/repository/org/glassfish/jersey/media/jersey-media-json-jackson/2.45/jersey-media-json-jackson-2.45.jar:/home/runner/.m2/repository/org/glassfish/jersey/ext/jersey-entity-filtering/2.45/jersey-entity-filtering-2.45.jar:/home/runner/.m2/repository/org/jooq/jooq/3.11.10/jooq-3.11.10.jar:/home/runner/.m2/repository/org/jooq/jooq-meta/3.11.10/jooq-meta-3.11.10.jar:/home/runner/.m2/repository/org/jooq/jooq-codegen/3.11.10/jooq-codegen-3.11.10.jar:/home/runner/.m2/repository/com/jolbox/bonecp/0.8.0.RELEASE/bonecp-0.8.0.RELEASE.jar:/home/runner/.m2/repository/org/apache/derby/derby/10.14.2.0/derby-10.14.2.0.jar:/home/runner/.m2/repository/org/xerial/sqlite-jdbc/3.46.1.3/sqlite-jdbc-3.46.1.3.jar:/home/runner/.m2/repository/org/springframework/spring-core/5.3.39/spring-core-5.3.39.jar:/home/runner/.m2/repository/org/springframework/spring-jdbc/5.3.39/spring-jdbc-5.3.39.jar:/home/runner/.m2/repository/org/springframework/spring-beans/5.3.39/spring-beans-5.3.39.jar:/home/runner/.m2/repository/org/springframework/spring-tx/5.3.39/spring-tx-5.3.39.jar:/home/runner/.m2/repository/jakarta/validation/jakarta.validation-api/2.0.2/jakarta.validation-api-2.0.2.jar:/home/runner/.m2/repository/javax/inject/javax.inject/1/javax.inject-1.jar:/home/runner/work/ozone/ozone/hadoop-ozone/client/target/ozone-client-1.5.0-SNAPSHOT.jar:/home/runner/work/ozone/ozone/hadoop-hdds/erasurecode/target/hdds-erasurecode-1.5.0-SNAPSHOT.jar:/home/runner/work/ozone/ozone/hadoop-ozone/ozonefs/target/ozone-filesystem-1.5.0-SNAPSHOT.jar:/home/runner/work/ozone/ozone/hadoop-ozone/ozonefs-common/target/ozone-filesystem-common-1.5.0-SNAPSHOT.jar:/home/runner/work/ozone/ozone/hadoop-ozone/tools/target/ozone-tools-1.5.0-SNAPSHOT.jar:/home/runner/.m2/repository/org/apache/ratis/ratis-tools/3.1.1/ratis-tools-3.1.1.jar:/home/runner/.m2/repository/org/apache/ratis/ratis-shell/3.1.1/ratis-shell-3.1.1.jar:/home/runner/.m2/repository/com/amazonaws/aws-java-sdk-core/1.12.661/aws-java-sdk-core-1.12.661.jar:/home/runner/.m2/repository/com/fasterxml/jackson/dataformat/jackson-dataformat-cbor/2.16.2/jackson-dataformat-cbor-2.16.2.jar:/home/runner/.m2/repository/joda-time/joda-time/2.12.7/joda-time-2.12.7.jar:/home/runner/.m2/repository/com/amazonaws/aws-java-sdk-s3/1.12.661/aws-java-sdk-s3-1.12.661.jar:/home/runner/.m2/repository/com/amazonaws/aws-java-sdk-kms/1.12.661/aws-java-sdk-kms-1.12.661.jar:/home/runner/.m2/repository/com/amazonaws/jmespath-java/1.12.661/jmespath-java-1.12.661.jar:/home/runner/.m2/repository/org/kohsuke/metainf-services/metainf-services/1.11/metainf-services-1.11.jar:/home/runner/work/ozone/ozone/hadoop-hdds/tools/target/hdds-tools-1.5.0-SNAPSHOT.jar:/home/runner/.m2/repository/commons-cli/commons-cli/1.8.0/commons-cli-1.8.0.jar:/home/runner/.m2/repository/org/apache/commons/commons-lang3/3.14.0/commons-lang3-3.14.0.jar:/home/runner/work/ozone/ozone/hadoop-ozone/ozone-manager/target/ozone-manager-1.5.0-SNAPSHOT-tests.jar:/home/runner/work/ozone/ozone/hadoop-hdds/common/target/hdds-common-1.5.0-SNAPSHOT-tests.jar:/home/runner/work/ozone/ozone/hadoop-hdds/hadoop-dependency-client/target/hdds-hadoop-dependency-client-1.5.0-SNAPSHOT.jar:/home/runner/work/ozone/ozone/hadoop-hdds/annotations/target/hdds-annotation-processing-1.5.0-SNAPSHOT.jar:/home/runner/.m2/repository/org/bouncycastle/bcutil-jdk18on/1.78.1/bcutil-jdk18on-1.78.1.jar:/home/runner/.m2/repository/io/jaegertracing/jaeger-client/1.8.1/jaeger-client-1.8.1.jar:/home/runner/.m2/repository/io/jaegertracing/jaeger-thrift/1.8.1/jaeger-thrift-1.8.1.jar:/home/runner/.m2/repository/org/apache/thrift/libthrift/0.15.0/libthrift-0.15.0.jar:/home/runner/.m2/repository/io/jaegertracing/jaeger-tracerresolver/1.8.1/jaeger-tracerresolver-1.8.1.jar:/home/runner/.m2/repository/io/opentracing/contrib/opentracing-tracerresolver/0.1.8/opentracing-tracerresolver-0.1.8.jar:/home/runner/.m2/repository/io/jaegertracing/jaeger-core/1.8.1/jaeger-core-1.8.1.jar:/home/runner/.m2/repository/org/jetbrains/kotlin/kotlin-stdlib/1.9.25/kotlin-stdlib-1.9.25.jar:/home/runner/.m2/repository/org/jetbrains/annotations/13.0/annotations-13.0.jar:/home/runner/.m2/repository/org/yaml/snakeyaml/2.0/snakeyaml-2.0.jar:/home/runner/.m2/repository/org/junit/platform/junit-platform-launcher/1.10.3/junit-platform-launcher-1.10.3.jar:/home/runner/.m2/repository/org/junit/platform/junit-platform-engine/1.10.3/junit-platform-engine-1.10.3.jar:/home/runner/.m2/repository/org/apiguardian/apiguardian-api/1.1.2/apiguardian-api-1.1.2.jar:/home/runner/.m2/repository/org/apache/hadoop/hadoop-kms/3.3.6/hadoop-kms-3.3.6.jar:/home/runner/.m2/repository/org/apache/hadoop/hadoop-auth/3.3.6/hadoop-auth-3.3.6.jar:/home/runner/.m2/repository/org/apache/zookeeper/zookeeper/3.8.4/zookeeper-3.8.4.jar:/home/runner/.m2/repository/org/apache/zookeeper/zookeeper-jute/3.8.4/zookeeper-jute-3.8.4.jar:/home/runner/.m2/repository/org/apache/yetus/audience-annotations/0.12.0/audience-annotations-0.12.0.jar:/home/runner/.m2/repository/org/apache/curator/curator-framework/4.2.0/curator-framework-4.2.0.jar:/home/runner/.m2/repository/org/apache/hadoop/thirdparty/hadoop-shaded-guava/1.2.0/hadoop-shaded-guava-1.2.0.jar:/home/runner/.m2/repository/com/sun/jersey/jersey-core/1.19.4/jersey-core-1.19.4.jar:/home/runner/.m2/repository/javax/ws/rs/jsr311-api/1.1.1/jsr311-api-1.1.1.jar:/home/runner/.m2/repository/com/sun/jersey/jersey-server/1.19.4/jersey-server-1.19.4.jar:/home/runner/.m2/repository/org/apache/hadoop/hadoop-common/3.3.6/hadoop-common-3.3.6.jar:/home/runner/.m2/repository/org/apache/commons/commons-math3/3.6.1/commons-math3-3.6.1.jar:/home/runner/.m2/repository/commons-net/commons-net/3.11.1/commons-net-3.11.1.jar:/home/runner/.m2/repository/com/sun/jersey/jersey-servlet/1.19.4/jersey-servlet-1.19.4.jar:/home/runner/.m2/repository/com/github/pjfanning/jersey-json/1.20/jersey-json-1.20.jar:/home/runner/.m2/repository/org/codehaus/jettison/jettison/1.1/jettison-1.1.jar:/home/runner/.m2/repository/com/sun/xml/bind/jaxb-impl/2.2.3-1/jaxb-impl-2.2.3-1.jar:/home/runner/.m2/repository/com/google/re2j/re2j/1.7/re2j-1.7.jar:/home/runner/.m2/repository/com/jcraft/jsch/0.1.55/jsch-0.1.55.jar:/home/runner/.m2/repository/org/apache/curator/curator-client/4.2.0/curator-client-4.2.0.jar:/home/runner/.m2/repository/org/apache/curator/curator-recipes/5.2.0/curator-recipes-5.2.0.jar:/home/runner/.m2/repository/com/google/code/findbugs/jsr305/3.0.2/jsr305-3.0.2.jar:/home/runner/.m2/repository/dnsjava/dnsjava/2.1.9/dnsjava-2.1.9.jar:/home/runner/.m2/repository/org/apache/hadoop/hadoop-kms/3.3.6/hadoop-kms-3.3.6-tests.jar:/home/runner/work/ozone/ozone/hadoop-hdds/server-scm/target/hdds-server-scm-1.5.0-SNAPSHOT-tests.jar:/home/runner/work/ozone/ozone/hadoop-hdds/container-service/target/hdds-container-service-1.5.0-SNAPSHOT-tests.jar:/home/runner/.m2/repository/com/github/luben/zstd-jni/1.5.6-4/zstd-jni-1.5.6-4.jar:/home/runner/.m2/repository/io/netty/netty-buffer/4.1.109.Final/netty-buffer-4.1.109.Final.jar:/home/runner/.m2/repository/io/netty/netty-codec/4.1.109.Final/netty-codec-4.1.109.Final.jar:/home/runner/work/ozone/ozone/hadoop-hdds/hadoop-dependency-test/target/hdds-hadoop-dependency-test-1.5.0-SNAPSHOT.jar:/home/runner/.m2/repository/org/apache/hadoop/hadoop-common/3.3.6/hadoop-common-3.3.6-tests.jar:/home/runner/.m2/repository/org/apache/hadoop/hadoop-hdfs/3.3.6/hadoop-hdfs-3.3.6-tests.jar:/home/runner/.m2/repository/org/junit/jupiter/junit-jupiter-engine/5.10.3/junit-jupiter-engine-5.10.3.jar:/home/runner/.m2/repository/org/junit/jupiter/junit-jupiter-params/5.10.3/junit-jupiter-params-5.10.3.jar:/home/runner/.m2/repository/org/mockito/mockito-core/4.11.0/mockito-core-4.11.0.jar:/home/runner/.m2/repository/net/bytebuddy/byte-buddy-agent/1.12.19/byte-buddy-agent-1.12.19.jar:/home/runner/.m2/repository/org/objenesis/objenesis/3.3/objenesis-3.3.jar:/home/runner/.m2/repository/org/mockito/mockito-inline/4.11.0/mockito-inline-4.11.0.jar:/home/runner/.m2/repository/org/mockito/mockito-junit-jupiter/4.11.0/mockito-junit-jupiter-4.11.0.jar:/home/runner/.m2/repository/org/apache/hadoop/hadoop-distcp/3.3.6/hadoop-distcp-3.3.6.jar:/home/runner/.m2/repository/org/apache/hadoop/hadoop-mapreduce-client-jobclient/3.3.6/hadoop-mapreduce-client-jobclient-3.3.6.jar:/home/runner/.m2/repository/org/apache/hadoop/hadoop-mapreduce-client-common/3.3.6/hadoop-mapreduce-client-common-3.3.6.jar:/home/runner/.m2/repository/org/apache/hadoop/hadoop-yarn-common/3.3.6/hadoop-yarn-common-3.3.6.jar:/home/runner/.m2/repository/org/apache/hadoop/hadoop-yarn-api/3.3.6/hadoop-yarn-api-3.3.6.jar:/home/runner/.m2/repository/javax/xml/bind/jaxb-api/2.2.11/jaxb-api-2.2.11.jar:/home/runner/.m2/repository/com/sun/jersey/contribs/jersey-guice/1.19.4/jersey-guice-1.19.4.jar:/home/runner/.m2/repository/com/fasterxml/jackson/jaxrs/jackson-jaxrs-json-provider/2.16.2/jackson-jaxrs-json-provider-2.16.2.jar:/home/runner/.m2/repository/com/fasterxml/jackson/jaxrs/jackson-jaxrs-base/2.16.2/jackson-jaxrs-base-2.16.2.jar:/home/runner/.m2/repository/org/apache/hadoop/hadoop-yarn-client/3.3.6/hadoop-yarn-client-3.3.6.jar:/home/runner/.m2/repository/org/eclipse/jetty/websocket/websocket-client/9.4.51.v20230217/websocket-client-9.4.51.v20230217.jar:/home/runner/.m2/repository/org/eclipse/jetty/websocket/websocket-common/9.4.51.v20230217/websocket-common-9.4.51.v20230217.jar:/home/runner/.m2/repository/org/eclipse/jetty/websocket/websocket-api/9.4.51.v20230217/websocket-api-9.4.51.v20230217.jar:/home/runner/.m2/repository/org/jline/jline/3.9.0/jline-3.9.0.jar:/home/runner/.m2/repository/org/apache/hadoop/hadoop-mapreduce-client-core/3.3.6/hadoop-mapreduce-client-core-3.3.6.jar:/home/runner/.m2/repository/org/apache/avro/avro/1.7.7/avro-1.7.7.jar:/home/runner/.m2/repository/com/thoughtworks/paranamer/paranamer/2.3/paranamer-2.3.jar:/home/runner/.m2/repository/org/apache/hadoop/hadoop-annotations/3.3.6/hadoop-annotations-3.3.6.jar:/home/runner/.m2/repository/io/netty/netty/3.10.6.Final/netty-3.10.6.Final.jar:/home/runner/.m2/repository/org/apache/hadoop/hadoop-distcp/3.3.6/hadoop-distcp-3.3.6-tests.jar:/home/runner/.m2/repository/org/apache/ratis/ratis-server/3.1.1/ratis-server-3.1.1.jar:/home/runner/.m2/repository/org/hamcrest/hamcrest/2.2/hamcrest-2.2.jar:/home/runner/.m2/repository/org/slf4j/jul-to-slf4j/2.0.16/jul-to-slf4j-2.0.16.jar:/home/runner/work/ozone/ozone/hadoop-ozone/integration-test/target/gradle-enterprise/test-listeners.jar:"/>
    <property name="sun.cpu.endian" value="little"/>
    <property name="user.home" value="/home/runner"/>
    <property name="user.language" value="en"/>
    <property name="java.specification.vendor" value="Oracle Corporation"/>
    <property name="java.version.date" value="2024-07-16"/>
    <property name="java.home" value="/usr/lib/jvm/temurin-17-jdk-amd64"/>
    <property name="java.security.krb5.conf" value="/home/runner/work/ozone/ozone/hadoop-ozone/integration-test/target/test-classes/krb5.conf"/>
    <property name="file.separator" value="/"/>
    <property name="basedir" value="/home/runner/work/ozone/ozone/hadoop-ozone/integration-test"/>
    <property name="java.vm.compressedOopsMode" value="Zero based"/>
    <property name="line.separator" value="&#10;"/>
    <property name="java.vm.specification.vendor" value="Oracle Corporation"/>
    <property name="java.specification.name" value="Java Platform API Specification"/>
    <property name="skip.installnpx" value="true"/>
    <property name="surefire.real.class.path" value="/home/runner/work/ozone/ozone/hadoop-ozone/integration-test/target/surefire/surefirebooter12942635054388897390.jar"/>
    <property name="hadoop.log.dir" value="/home/runner/work/ozone/ozone/hadoop-ozone/integration-test/target/log"/>
    <property name="sun.management.compiler" value="HotSpot 64-Bit Tiered Compilers"/>
    <property name="java.runtime.version" value="17.0.12+7"/>
    <property name="skip.npx" value="true"/>
    <property name="user.name" value="runner"/>
    <property name="java.net.preferIPv4Stack" value="true"/>
    <property name="path.separator" value=":"/>
    <property name="java.security.egd" value="file:///dev/urandom"/>
    <property name="os.version" value="5.15.0-1073-azure"/>
    <property name="java.runtime.name" value="OpenJDK Runtime Environment"/>
    <property name="com.gradle.maven.scan.extension.test.listener.junitplatform.NestedExecutionSafeDelegatingTestExecutionListener" value="53aac487"/>
    <property name="file.encoding" value="UTF-8"/>
    <property name="java.vm.name" value="OpenJDK 64-Bit Server VM"/>
    <property name="java.vendor.version" value="Temurin-17.0.12+7"/>
    <property name="test.build.webapps" value=""/>
    <property name="develocity.listener.surefire.forkId" value="1"/>
    <property name="localRepository" value="/home/runner/.m2/repository"/>
    <property name="java.vendor.url.bug" value="https://github.com/adoptium/adoptium-support/issues"/>
    <property name="jetty.git.hash" value="ec6782ff5ead824dabdcf47fa98f90a4aedff401"/>
    <property name="java.io.tmpdir" value="/tmp"/>
    <property name="require.test.libhadoop" value=""/>
    <property name="java.version" value="17.0.12"/>
    <property name="user.dir" value="/home/runner/work/ozone/ozone/hadoop-ozone/integration-test"/>
    <property name="os.arch" value="amd64"/>
    <property name="java.vm.specification.name" value="Java Virtual Machine Specification"/>
    <property name="test.build.classes" value="/home/runner/work/ozone/ozone/hadoop-ozone/integration-test/target/test-classes"/>
    <property name="org.apache.ratis.thirdparty.io.netty.allocator.useCacheForAllThreads" value="false"/>
    <property name="native.encoding" value="UTF-8"/>
    <property name="hadoop.tmp.dir" value="/home/runner/work/ozone/ozone/hadoop-ozone/integration-test/target/tmp"/>
    <property name="java.library.path" value="/usr/java/packages/lib:/usr/lib64:/lib64:/lib:/usr/lib"/>
    <property name="java.vm.info" value="mixed mode, sharing"/>
    <property name="java.vendor" value="Eclipse Adoptium"/>
    <property name="java.vm.version" value="17.0.12+7"/>
    <property name="sun.io.unicode.encoding" value="UnicodeLittle"/>
    <property name="develocity.listener.port" value="39161"/>
    <property name="java.class.version" value="61.0"/>
  </properties>
  <testcase name="testExplicitRemovalOfNode" classname="org.apache.hadoop.ozone.recon.TestReconScmSnapshot" time="52.425">
    <error type="java.util.concurrent.TimeoutException"><![CDATA[java.util.concurrent.TimeoutException: 
Timed out waiting for condition. Thread diagnostics:
Timestamp: 2024-10-01 11:07:06,895

"IPC Server handler 14 on default port 15001" daemon prio=5 tid=200 timed_waiting
java.lang.Thread.State: TIMED_WAITING
        at java.base@17.0.12/jdk.internal.misc.Unsafe.park(Native Method)
        at java.base@17.0.12/java.util.concurrent.locks.LockSupport.parkNanos(LockSupport.java:252)
        at java.base@17.0.12/java.util.concurrent.locks.AbstractQueuedSynchronizer$ConditionObject.awaitNanos(AbstractQueuedSynchronizer.java:1674)
        at java.base@17.0.12/java.util.concurrent.LinkedBlockingQueue.poll(LinkedBlockingQueue.java:460)
        at app//org.apache.hadoop.ipc.CallQueueManager.take(CallQueueManager.java:317)
        at app//org.apache.hadoop.ipc.Server$Handler.run(Server.java:3014)
"3ccd597d-6672-4b12-926e-746f973e87fb-server-thread1" daemon prio=5 tid=1010 timed_waiting
java.lang.Thread.State: TIMED_WAITING
        at java.base@17.0.12/jdk.internal.misc.Unsafe.park(Native Method)
        at java.base@17.0.12/java.util.concurrent.locks.LockSupport.parkNanos(LockSupport.java:252)
        at java.base@17.0.12/java.util.concurrent.SynchronousQueue$TransferStack.transfer(SynchronousQueue.java:401)
        at java.base@17.0.12/java.util.concurrent.SynchronousQueue.poll(SynchronousQueue.java:903)
        at java.base@17.0.12/java.util.concurrent.ThreadPoolExecutor.getTask(ThreadPoolExecutor.java:1061)
        at java.base@17.0.12/java.util.concurrent.ThreadPoolExecutor.runWorker(ThreadPoolExecutor.java:1122)
        at java.base@17.0.12/java.util.concurrent.ThreadPoolExecutor$Worker.run(ThreadPoolExecutor.java:635)
        at java.base@17.0.12/java.lang.Thread.run(Thread.java:840)
"derby.rawStoreDaemon" daemon prio=5 tid=477 timed_waiting
java.lang.Thread.State: TIMED_WAITING
        at java.base@17.0.12/java.lang.Object.wait(Native Method)
        at app//org.apache.derby.impl.services.daemon.BasicDaemon.rest(Unknown Source)
        at app//org.apache.derby.impl.services.daemon.BasicDaemon.run(Unknown Source)
        at java.base@17.0.12/java.lang.Thread.run(Thread.java:840)
"3ccd597d-6672-4b12-926e-746f973e87fb@group-17EC0FEA1F1B-LeaderStateImpl" daemon prio=5 tid=1001 timed_waiting
java.lang.Thread.State: TIMED_WAITING
        at java.base@17.0.12/jdk.internal.misc.Unsafe.park(Native Method)
        at java.base@17.0.12/java.util.concurrent.locks.LockSupport.parkNanos(LockSupport.java:252)
        at java.base@17.0.12/java.util.concurrent.locks.AbstractQueuedSynchronizer$ConditionObject.awaitNanos(AbstractQueuedSynchronizer.java:1674)
        at java.base@17.0.12/java.util.concurrent.ArrayBlockingQueue.poll(ArrayBlockingQueue.java:435)
        at app//org.apache.ratis.server.impl.LeaderStateImpl$EventQueue.poll(LeaderStateImpl.java:164)
        at app//org.apache.ratis.server.impl.LeaderStateImpl$EventProcessor.run(LeaderStateImpl.java:766)
"ContainerDataScanner(/home/runner/work/ozone/ozone/hadoop-ozone/integration-test/target/test-dir/MiniOzoneClusterImpl-6f218983-f2ca-45a9-b903-464e6faef46a/ozone-meta/datanode-3/data-0/hdds)" daemon prio=5 tid=860 timed_waiting
java.lang.Thread.State: TIMED_WAITING
        at java.base@17.0.12/java.lang.Thread.sleep(Native Method)
        at app//org.apache.hadoop.ozone.container.ozoneimpl.AbstractBackgroundContainerScanner.handleRemainingSleep(AbstractBackgroundContainerScanner.java:131)
        at app//org.apache.hadoop.ozone.container.ozoneimpl.AbstractBackgroundContainerScanner.runIteration(AbstractBackgroundContainerScanner.java:98)
        at app//org.apache.hadoop.ozone.container.ozoneimpl.AbstractBackgroundContainerScanner.run(AbstractBackgroundContainerScanner.java:57)
"f24c48c6-4a91-44a4-ae9a-fb063e2dd958@group-17EC0FEA1F1B-FollowerState" daemon prio=5 tid=995 timed_waiting
java.lang.Thread.State: TIMED_WAITING
        at java.base@17.0.12/java.lang.Thread.sleep(Native Method)
        at java.base@17.0.12/java.lang.Thread.sleep(Thread.java:344)
        at java.base@17.0.12/java.util.concurrent.TimeUnit.sleep(TimeUnit.java:446)
        at app//org.apache.ratis.util.TimeDuration.sleep(TimeDuration.java:353)
        at app//org.apache.ratis.util.TimeDuration.sleep(TimeDuration.java:338)
        at app//org.apache.ratis.server.impl.FollowerState.run(FollowerState.java:129)
"IPC Server handler 56 on default port 15000" daemon prio=5 tid=142 timed_waiting
java.lang.Thread.State: TIMED_WAITING
        at java.base@17.0.12/jdk.internal.misc.Unsafe.park(Native Method)
        at java.base@17.0.12/java.util.concurrent.locks.LockSupport.parkNanos(LockSupport.java:252)
        at java.base@17.0.12/java.util.concurrent.locks.AbstractQueuedSynchronizer$ConditionObject.awaitNanos(AbstractQueuedSynchronizer.java:1674)
        at java.base@17.0.12/java.util.concurrent.LinkedBlockingQueue.poll(LinkedBlockingQueue.java:460)
        at app//org.apache.hadoop.ipc.CallQueueManager.take(CallQueueManager.java:317)
        at app//org.apache.hadoop.ipc.Server$Handler.run(Server.java:3014)
"IPC Server handler 34 on default port 15009" daemon prio=5 tid=553 timed_waiting
java.lang.Thread.State: TIMED_WAITING
        at java.base@17.0.12/jdk.internal.misc.Unsafe.park(Native Method)
        at java.base@17.0.12/java.util.concurrent.locks.LockSupport.parkNanos(LockSupport.java:252)
        at java.base@17.0.12/java.util.concurrent.locks.AbstractQueuedSynchronizer$ConditionObject.awaitNanos(AbstractQueuedSynchronizer.java:1674)
        at java.base@17.0.12/java.util.concurrent.LinkedBlockingQueue.poll(LinkedBlockingQueue.java:460)
        at app//org.apache.hadoop.ipc.CallQueueManager.take(CallQueueManager.java:317)
        at app//org.apache.hadoop.ipc.Server$Handler.run(Server.java:3014)
"IPC Server idle connection scanner for port 15002" daemon prio=5 tid=44 timed_waiting
java.lang.Thread.State: TIMED_WAITING
        at java.base@17.0.12/java.lang.Object.wait(Native Method)
        at java.base@17.0.12/java.util.TimerThread.mainLoop(Timer.java:563)
        at java.base@17.0.12/java.util.TimerThread.run(Timer.java:516)
"f24c48c6-4a91-44a4-ae9a-fb063e2dd958@group-3A08AF1FB2FD-SegmentedRaftLogWorker"  prio=5 tid=907 timed_waiting
java.lang.Thread.State: TIMED_WAITING
        at java.base@17.0.12/jdk.internal.misc.Unsafe.park(Native Method)
        at java.base@17.0.12/java.util.concurrent.locks.LockSupport.parkNanos(LockSupport.java:252)
        at java.base@17.0.12/java.util.concurrent.locks.AbstractQueuedSynchronizer$ConditionObject.awaitNanos(AbstractQueuedSynchronizer.java:1674)
        at app//org.apache.ratis.util.DataBlockingQueue.poll(DataBlockingQueue.java:148)
        at app//org.apache.ratis.server.raftlog.segmented.SegmentedRaftLogWorker.run(SegmentedRaftLogWorker.java:306)
        at app//org.apache.ratis.server.raftlog.segmented.SegmentedRaftLogWorker$$Lambda$1171/0x00007f703072aff0.run(Unknown Source)
        at java.base@17.0.12/java.util.concurrent.Executors$RunnableAdapter.call(Executors.java:539)
        at java.base@17.0.12/java.util.concurrent.FutureTask.run(FutureTask.java:264)
        at java.base@17.0.12/java.util.concurrent.ThreadPoolExecutor.runWorker(ThreadPoolExecutor.java:1136)
        at java.base@17.0.12/java.util.concurrent.ThreadPoolExecutor$Worker.run(ThreadPoolExecutor.java:635)
        at java.base@17.0.12/java.lang.Thread.run(Thread.java:840)
"IPC Server handler 8 on default port 15004" daemon prio=5 tid=460 timed_waiting
java.lang.Thread.State: TIMED_WAITING
        at java.base@17.0.12/jdk.internal.misc.Unsafe.park(Native Method)
        at java.base@17.0.12/java.util.concurrent.locks.LockSupport.parkNanos(LockSupport.java:252)
        at java.base@17.0.12/java.util.concurrent.locks.AbstractQueuedSynchronizer$ConditionObject.awaitNanos(AbstractQueuedSynchronizer.java:1674)
        at java.base@17.0.12/java.util.concurrent.LinkedBlockingQueue.poll(LinkedBlockingQueue.java:460)
        at app//org.apache.hadoop.ipc.CallQueueManager.take(CallQueueManager.java:317)
        at app//org.apache.hadoop.ipc.Server$Handler.run(Server.java:3014)
"IPC Server handler 66 on default port 15009" daemon prio=5 tid=585 timed_waiting
java.lang.Thread.State: TIMED_WAITING
        at java.base@17.0.12/jdk.internal.misc.Unsafe.park(Native Method)
        at java.base@17.0.12/java.util.concurrent.locks.LockSupport.parkNanos(LockSupport.java:252)
        at java.base@17.0.12/java.util.concurrent.locks.AbstractQueuedSynchronizer$ConditionObject.awaitNanos(AbstractQueuedSynchronizer.java:1674)
        at java.base@17.0.12/java.util.concurrent.LinkedBlockingQueue.poll(LinkedBlockingQueue.java:460)
        at app//org.apache.hadoop.ipc.CallQueueManager.take(CallQueueManager.java:317)
        at app//org.apache.hadoop.ipc.Server$Handler.run(Server.java:3014)
"IPC Server handler 78 on default port 15000" daemon prio=5 tid=164 timed_waiting
java.lang.Thread.State: TIMED_WAITING
        at java.base@17.0.12/jdk.internal.misc.Unsafe.park(Native Method)
        at java.base@17.0.12/java.util.concurrent.locks.LockSupport.parkNanos(LockSupport.java:252)
        at java.base@17.0.12/java.util.concurrent.locks.AbstractQueuedSynchronizer$ConditionObject.awaitNanos(AbstractQueuedSynchronizer.java:1674)
        at java.base@17.0.12/java.util.concurrent.LinkedBlockingQueue.poll(LinkedBlockingQueue.java:460)
        at app//org.apache.hadoop.ipc.CallQueueManager.take(CallQueueManager.java:317)
        at app//org.apache.hadoop.ipc.Server$Handler.run(Server.java:3014)
"FixedThreadPoolWithAffinityExecutor-3-0" daemon prio=5 tid=78 timed_waiting
java.lang.Thread.State: TIMED_WAITING
        at java.base@17.0.12/jdk.internal.misc.Unsafe.park(Native Method)
        at java.base@17.0.12/java.util.concurrent.locks.LockSupport.parkNanos(LockSupport.java:252)
        at java.base@17.0.12/java.util.concurrent.locks.AbstractQueuedSynchronizer$ConditionObject.awaitNanos(AbstractQueuedSynchronizer.java:1674)
        at java.base@17.0.12/java.util.concurrent.LinkedBlockingQueue.poll(LinkedBlockingQueue.java:460)
        at app//org.apache.hadoop.hdds.scm.server.ContainerReportQueue.poll(ContainerReportQueue.java:269)
        at app//org.apache.hadoop.hdds.scm.server.ContainerReportQueue.poll(ContainerReportQueue.java:42)
        at app//org.apache.hadoop.hdds.server.events.FixedThreadPoolWithAffinityExecutor$ContainerReportProcessTask.run(FixedThreadPoolWithAffinityExecutor.java:253)
        at java.base@17.0.12/java.util.concurrent.Executors$RunnableAdapter.call(Executors.java:539)
        at java.base@17.0.12/java.util.concurrent.FutureTask.run(FutureTask.java:264)
        at java.base@17.0.12/java.util.concurrent.ThreadPoolExecutor.runWorker(ThreadPoolExecutor.java:1136)
        at java.base@17.0.12/java.util.concurrent.ThreadPoolExecutor$Worker.run(ThreadPoolExecutor.java:635)
        at java.base@17.0.12/java.lang.Thread.run(Thread.java:840)
"89da30bd-cbf9-4a7b-a1ff-1f6963324f22-DatanodeStateMachineTaskThread-1"  prio=5 tid=833 in Object.wait()
java.lang.Thread.State: WAITING (on object monitor)
        at java.base@17.0.12/jdk.internal.misc.Unsafe.park(Native Method)
        at java.base@17.0.12/java.util.concurrent.locks.LockSupport.park(LockSupport.java:341)
        at java.base@17.0.12/java.util.concurrent.locks.AbstractQueuedSynchronizer$ConditionNode.block(AbstractQueuedSynchronizer.java:506)
        at java.base@17.0.12/java.util.concurrent.ForkJoinPool.unmanagedBlock(ForkJoinPool.java:3465)
        at java.base@17.0.12/java.util.concurrent.ForkJoinPool.managedBlock(ForkJoinPool.java:3436)
        at java.base@17.0.12/java.util.concurrent.locks.AbstractQueuedSynchronizer$ConditionObject.await(AbstractQueuedSynchronizer.java:1625)
        at java.base@17.0.12/java.util.concurrent.LinkedBlockingQueue.take(LinkedBlockingQueue.java:435)
        at java.base@17.0.12/java.util.concurrent.ThreadPoolExecutor.getTask(ThreadPoolExecutor.java:1062)
        at java.base@17.0.12/java.util.concurrent.ThreadPoolExecutor.runWorker(ThreadPoolExecutor.java:1122)
        at java.base@17.0.12/java.util.concurrent.ThreadPoolExecutor$Worker.run(ThreadPoolExecutor.java:635)
        at java.base@17.0.12/java.lang.Thread.run(Thread.java:840)
"IPC Server handler 14 on default port 15004" daemon prio=5 tid=466 timed_waiting
java.lang.Thread.State: TIMED_WAITING
        at java.base@17.0.12/jdk.internal.misc.Unsafe.park(Native Method)
        at java.base@17.0.12/java.util.concurrent.locks.LockSupport.parkNanos(LockSupport.java:252)
        at java.base@17.0.12/java.util.concurrent.locks.AbstractQueuedSynchronizer$ConditionObject.awaitNanos(AbstractQueuedSynchronizer.java:1674)
        at java.base@17.0.12/java.util.concurrent.LinkedBlockingQueue.poll(LinkedBlockingQueue.java:460)
        at app//org.apache.hadoop.ipc.CallQueueManager.take(CallQueueManager.java:317)
        at app//org.apache.hadoop.ipc.Server$Handler.run(Server.java:3014)
"qtp1486340678-513" daemon prio=5 tid=513 timed_waiting
java.lang.Thread.State: TIMED_WAITING
        at java.base@17.0.12/jdk.internal.misc.Unsafe.park(Native Method)
        at java.base@17.0.12/java.util.concurrent.locks.LockSupport.parkNanos(LockSupport.java:252)
        at java.base@17.0.12/java.util.concurrent.locks.AbstractQueuedSynchronizer$ConditionObject.awaitNanos(AbstractQueuedSynchronizer.java:1674)
        at app//org.eclipse.jetty.util.BlockingArrayQueue.poll(BlockingArrayQueue.java:382)
        at app//org.eclipse.jetty.util.thread.QueuedThreadPool$Runner.idleJobPoll(QueuedThreadPool.java:974)
        at app//org.eclipse.jetty.util.thread.QueuedThreadPool$Runner.run(QueuedThreadPool.java:1018)
        at java.base@17.0.12/java.lang.Thread.run(Thread.java:840)
"89da30bd-cbf9-4a7b-a1ff-1f6963324f22-BlockDeletingService#0" daemon prio=5 tid=848 timed_waiting
java.lang.Thread.State: TIMED_WAITING
        at java.base@17.0.12/jdk.internal.misc.Unsafe.park(Native Method)
        at java.base@17.0.12/java.util.concurrent.locks.LockSupport.parkNanos(LockSupport.java:252)
        at java.base@17.0.12/java.util.concurrent.locks.AbstractQueuedSynchronizer$ConditionObject.awaitNanos(AbstractQueuedSynchronizer.java:1674)
        at java.base@17.0.12/java.util.concurrent.ScheduledThreadPoolExecutor$DelayedWorkQueue.take(ScheduledThreadPoolExecutor.java:1182)
        at java.base@17.0.12/java.util.concurrent.ScheduledThreadPoolExecutor$DelayedWorkQueue.take(ScheduledThreadPoolExecutor.java:899)
        at java.base@17.0.12/java.util.concurrent.ThreadPoolExecutor.getTask(ThreadPoolExecutor.java:1062)
        at java.base@17.0.12/java.util.concurrent.ThreadPoolExecutor.runWorker(ThreadPoolExecutor.java:1122)
        at java.base@17.0.12/java.util.concurrent.ThreadPoolExecutor$Worker.run(ThreadPoolExecutor.java:635)
        at java.base@17.0.12/java.lang.Thread.run(Thread.java:840)
"om1-groupManagement"  prio=5 tid=410 in Object.wait()
java.lang.Thread.State: WAITING (on object monitor)
        at java.base@17.0.12/jdk.internal.misc.Unsafe.park(Native Method)
        at java.base@17.0.12/java.util.concurrent.locks.LockSupport.park(LockSupport.java:341)
        at java.base@17.0.12/java.util.concurrent.locks.AbstractQueuedSynchronizer$ConditionNode.block(AbstractQueuedSynchronizer.java:506)
        at java.base@17.0.12/java.util.concurrent.ForkJoinPool.unmanagedBlock(ForkJoinPool.java:3465)
        at java.base@17.0.12/java.util.concurrent.ForkJoinPool.managedBlock(ForkJoinPool.java:3436)
        at java.base@17.0.12/java.util.concurrent.locks.AbstractQueuedSynchronizer$ConditionObject.await(AbstractQueuedSynchronizer.java:1625)
        at java.base@17.0.12/java.util.concurrent.LinkedBlockingQueue.take(LinkedBlockingQueue.java:435)
        at java.base@17.0.12/java.util.concurrent.ThreadPoolExecutor.getTask(ThreadPoolExecutor.java:1062)
        at java.base@17.0.12/java.util.concurrent.ThreadPoolExecutor.runWorker(ThreadPoolExecutor.java:1122)
        at java.base@17.0.12/java.util.concurrent.ThreadPoolExecutor$Worker.run(ThreadPoolExecutor.java:635)
        at java.base@17.0.12/java.lang.Thread.run(Thread.java:840)
"Hadoop-Metrics-Updater-0" daemon prio=5 tid=46 timed_waiting
java.lang.Thread.State: TIMED_WAITING
        at java.base@17.0.12/jdk.internal.misc.Unsafe.park(Native Method)
        at java.base@17.0.12/java.util.concurrent.locks.LockSupport.parkNanos(LockSupport.java:252)
        at java.base@17.0.12/java.util.concurrent.locks.AbstractQueuedSynchronizer$ConditionObject.awaitNanos(AbstractQueuedSynchronizer.java:1674)
        at java.base@17.0.12/java.util.concurrent.ScheduledThreadPoolExecutor$DelayedWorkQueue.take(ScheduledThreadPoolExecutor.java:1182)
        at java.base@17.0.12/java.util.concurrent.ScheduledThreadPoolExecutor$DelayedWorkQueue.take(ScheduledThreadPoolExecutor.java:899)
        at java.base@17.0.12/java.util.concurrent.ThreadPoolExecutor.getTask(ThreadPoolExecutor.java:1062)
        at java.base@17.0.12/java.util.concurrent.ThreadPoolExecutor.runWorker(ThreadPoolExecutor.java:1122)
        at java.base@17.0.12/java.util.concurrent.ThreadPoolExecutor$Worker.run(ThreadPoolExecutor.java:635)
        at java.base@17.0.12/java.lang.Thread.run(Thread.java:840)
"IPC Server handler 60 on default port 15009" daemon prio=5 tid=579 timed_waiting
java.lang.Thread.State: TIMED_WAITING
        at java.base@17.0.12/jdk.internal.misc.Unsafe.park(Native Method)
        at java.base@17.0.12/java.util.concurrent.locks.LockSupport.parkNanos(LockSupport.java:252)
        at java.base@17.0.12/java.util.concurrent.locks.AbstractQueuedSynchronizer$ConditionObject.awaitNanos(AbstractQueuedSynchronizer.java:1674)
        at java.base@17.0.12/java.util.concurrent.LinkedBlockingQueue.poll(LinkedBlockingQueue.java:460)
        at app//org.apache.hadoop.ipc.CallQueueManager.take(CallQueueManager.java:317)
        at app//org.apache.hadoop.ipc.Server$Handler.run(Server.java:3014)
"IPC Server handler 94 on default port 15002" daemon prio=5 tid=380 timed_waiting
java.lang.Thread.State: TIMED_WAITING
        at java.base@17.0.12/jdk.internal.misc.Unsafe.park(Native Method)
        at java.base@17.0.12/java.util.concurrent.locks.LockSupport.parkNanos(LockSupport.java:252)
        at java.base@17.0.12/java.util.concurrent.locks.AbstractQueuedSynchronizer$ConditionObject.awaitNanos(AbstractQueuedSynchronizer.java:1674)
        at java.base@17.0.12/java.util.concurrent.LinkedBlockingQueue.poll(LinkedBlockingQueue.java:460)
        at app//org.apache.hadoop.ipc.CallQueueManager.take(CallQueueManager.java:317)
        at app//org.apache.hadoop.ipc.Server$Handler.run(Server.java:3014)
"qtp568168963-395" daemon prio=5 tid=395 timed_waiting
java.lang.Thread.State: TIMED_WAITING
        at java.base@17.0.12/jdk.internal.misc.Unsafe.park(Native Method)
        at java.base@17.0.12/java.util.concurrent.locks.LockSupport.parkNanos(LockSupport.java:252)
        at java.base@17.0.12/java.util.concurrent.locks.AbstractQueuedSynchronizer$ConditionObject.awaitNanos(AbstractQueuedSynchronizer.java:1674)
        at app//org.eclipse.jetty.util.BlockingArrayQueue.poll(BlockingArrayQueue.java:382)
        at app//org.eclipse.jetty.util.thread.QueuedThreadPool$Runner.idleJobPoll(QueuedThreadPool.java:974)
        at app//org.eclipse.jetty.util.thread.QueuedThreadPool$Runner.run(QueuedThreadPool.java:1018)
        at java.base@17.0.12/java.lang.Thread.run(Thread.java:840)
"IPC Server handler 56 on default port 15009" daemon prio=5 tid=575 timed_waiting
java.lang.Thread.State: TIMED_WAITING
        at java.base@17.0.12/jdk.internal.misc.Unsafe.park(Native Method)
        at java.base@17.0.12/java.util.concurrent.locks.LockSupport.parkNanos(LockSupport.java:252)
        at java.base@17.0.12/java.util.concurrent.locks.AbstractQueuedSynchronizer$ConditionObject.awaitNanos(AbstractQueuedSynchronizer.java:1674)
        at java.base@17.0.12/java.util.concurrent.LinkedBlockingQueue.poll(LinkedBlockingQueue.java:460)
        at app//org.apache.hadoop.ipc.CallQueueManager.take(CallQueueManager.java:317)
        at app//org.apache.hadoop.ipc.Server$Handler.run(Server.java:3014)
"IPC Server handler 15 on default port 15000" daemon prio=5 tid=101 timed_waiting
java.lang.Thread.State: TIMED_WAITING
        at java.base@17.0.12/jdk.internal.misc.Unsafe.park(Native Method)
        at java.base@17.0.12/java.util.concurrent.locks.LockSupport.parkNanos(LockSupport.java:252)
        at java.base@17.0.12/java.util.concurrent.locks.AbstractQueuedSynchronizer$ConditionObject.awaitNanos(AbstractQueuedSynchronizer.java:1674)
        at java.base@17.0.12/java.util.concurrent.LinkedBlockingQueue.poll(LinkedBlockingQueue.java:460)
        at app//org.apache.hadoop.ipc.CallQueueManager.take(CallQueueManager.java:317)
        at app//org.apache.hadoop.ipc.Server$Handler.run(Server.java:3014)
"Socket Reader #1 for port 15012"  prio=5 tid=642 runnable
java.lang.Thread.State: RUNNABLE
        at java.base@17.0.12/sun.nio.ch.EPoll.wait(Native Method)
        at java.base@17.0.12/sun.nio.ch.EPollSelectorImpl.doSelect(EPollSelectorImpl.java:118)
        at java.base@17.0.12/sun.nio.ch.SelectorImpl.lockAndDoSelect(SelectorImpl.java:129)
        at java.base@17.0.12/sun.nio.ch.SelectorImpl.select(SelectorImpl.java:146)
        at app//org.apache.hadoop.ipc.Server$Listener$Reader.doRunLoop(Server.java:1346)
        at app//org.apache.hadoop.ipc.Server$Listener$Reader.run(Server.java:1325)
"Recon-EventQueue-NewNodeForReconNewNodeHandler" daemon prio=5 tid=890 in Object.wait()
java.lang.Thread.State: WAITING (on object monitor)
        at java.base@17.0.12/jdk.internal.misc.Unsafe.park(Native Method)
        at java.base@17.0.12/java.util.concurrent.locks.LockSupport.park(LockSupport.java:341)
        at java.base@17.0.12/java.util.concurrent.locks.AbstractQueuedSynchronizer$ConditionNode.block(AbstractQueuedSynchronizer.java:506)
        at java.base@17.0.12/java.util.concurrent.ForkJoinPool.unmanagedBlock(ForkJoinPool.java:3465)
        at java.base@17.0.12/java.util.concurrent.ForkJoinPool.managedBlock(ForkJoinPool.java:3436)
        at java.base@17.0.12/java.util.concurrent.locks.AbstractQueuedSynchronizer$ConditionObject.await(AbstractQueuedSynchronizer.java:1625)
        at java.base@17.0.12/java.util.concurrent.LinkedBlockingQueue.take(LinkedBlockingQueue.java:435)
        at java.base@17.0.12/java.util.concurrent.ThreadPoolExecutor.getTask(ThreadPoolExecutor.java:1062)
        at java.base@17.0.12/java.util.concurrent.ThreadPoolExecutor.runWorker(ThreadPoolExecutor.java:1122)
        at java.base@17.0.12/java.util.concurrent.ThreadPoolExecutor$Worker.run(ThreadPoolExecutor.java:635)
        at java.base@17.0.12/java.lang.Thread.run(Thread.java:840)
"qtp1058878861-636" daemon prio=5 tid=636 timed_waiting
java.lang.Thread.State: TIMED_WAITING
        at java.base@17.0.12/jdk.internal.misc.Unsafe.park(Native Method)
        at java.base@17.0.12/java.util.concurrent.locks.LockSupport.parkNanos(LockSupport.java:252)
        at java.base@17.0.12/java.util.concurrent.locks.AbstractQueuedSynchronizer$ConditionObject.awaitNanos(AbstractQueuedSynchronizer.java:1674)
        at app//org.eclipse.jetty.util.BlockingArrayQueue.poll(BlockingArrayQueue.java:382)
        at app//org.eclipse.jetty.util.thread.QueuedThreadPool$Runner.idleJobPoll(QueuedThreadPool.java:974)
        at app//org.eclipse.jetty.util.thread.QueuedThreadPool$Runner.run(QueuedThreadPool.java:1018)
        at java.base@17.0.12/java.lang.Thread.run(Thread.java:840)
"IPC Server handler 15 on default port 15009" daemon prio=5 tid=534 timed_waiting
java.lang.Thread.State: TIMED_WAITING
        at java.base@17.0.12/jdk.internal.misc.Unsafe.park(Native Method)
        at java.base@17.0.12/java.util.concurrent.locks.LockSupport.parkNanos(LockSupport.java:252)
        at java.base@17.0.12/java.util.concurrent.locks.AbstractQueuedSynchronizer$ConditionObject.awaitNanos(AbstractQueuedSynchronizer.java:1674)
        at java.base@17.0.12/java.util.concurrent.LinkedBlockingQueue.poll(LinkedBlockingQueue.java:460)
        at app//org.apache.hadoop.ipc.CallQueueManager.take(CallQueueManager.java:317)
        at app//org.apache.hadoop.ipc.Server$Handler.run(Server.java:3014)
"3ccd597d-6672-4b12-926e-746f973e87fb-ChunkWriter-0-0" daemon prio=5 tid=861 in Object.wait()
java.lang.Thread.State: WAITING (on object monitor)
        at java.base@17.0.12/jdk.internal.misc.Unsafe.park(Native Method)
        at java.base@17.0.12/java.util.concurrent.locks.LockSupport.park(LockSupport.java:341)
        at java.base@17.0.12/java.util.concurrent.locks.AbstractQueuedSynchronizer$ConditionNode.block(AbstractQueuedSynchronizer.java:506)
        at java.base@17.0.12/java.util.concurrent.ForkJoinPool.unmanagedBlock(ForkJoinPool.java:3465)
        at java.base@17.0.12/java.util.concurrent.ForkJoinPool.managedBlock(ForkJoinPool.java:3436)
        at java.base@17.0.12/java.util.concurrent.locks.AbstractQueuedSynchronizer$ConditionObject.await(AbstractQueuedSynchronizer.java:1625)
        at java.base@17.0.12/java.util.concurrent.LinkedBlockingDeque.takeFirst(LinkedBlockingDeque.java:485)
        at java.base@17.0.12/java.util.concurrent.LinkedBlockingDeque.take(LinkedBlockingDeque.java:673)
        at java.base@17.0.12/java.util.concurrent.ThreadPoolExecutor.getTask(ThreadPoolExecutor.java:1062)
        at java.base@17.0.12/java.util.concurrent.ThreadPoolExecutor.runWorker(ThreadPoolExecutor.java:1122)
        at java.base@17.0.12/java.util.concurrent.ThreadPoolExecutor$Worker.run(ThreadPoolExecutor.java:635)
        at java.base@17.0.12/java.lang.Thread.run(Thread.java:840)
"IPC Server handler 89 on default port 15000" daemon prio=5 tid=175 timed_waiting
java.lang.Thread.State: TIMED_WAITING
        at java.base@17.0.12/jdk.internal.misc.Unsafe.park(Native Method)
        at java.base@17.0.12/java.util.concurrent.locks.LockSupport.parkNanos(LockSupport.java:252)
        at java.base@17.0.12/java.util.concurrent.locks.AbstractQueuedSynchronizer$ConditionObject.awaitNanos(AbstractQueuedSynchronizer.java:1674)
        at java.base@17.0.12/java.util.concurrent.LinkedBlockingQueue.poll(LinkedBlockingQueue.java:460)
        at app//org.apache.hadoop.ipc.CallQueueManager.take(CallQueueManager.java:317)
        at app//org.apache.hadoop.ipc.Server$Handler.run(Server.java:3014)
"IPC Server handler 4 on default port 15030" daemon prio=5 tid=751 timed_waiting
java.lang.Thread.State: TIMED_WAITING
        at java.base@17.0.12/jdk.internal.misc.Unsafe.park(Native Method)
        at java.base@17.0.12/java.util.concurrent.locks.LockSupport.parkNanos(LockSupport.java:252)
        at java.base@17.0.12/java.util.concurrent.locks.AbstractQueuedSynchronizer$ConditionObject.awaitNanos(AbstractQueuedSynchronizer.java:1674)
        at java.base@17.0.12/java.util.concurrent.LinkedBlockingQueue.poll(LinkedBlockingQueue.java:460)
        at app//org.apache.hadoop.ipc.CallQueueManager.take(CallQueueManager.java:317)
        at app//org.apache.hadoop.ipc.Server$Handler.run(Server.java:3014)
"IPC Server handler 36 on default port 15009" daemon prio=5 tid=555 timed_waiting
java.lang.Thread.State: TIMED_WAITING
        at java.base@17.0.12/jdk.internal.misc.Unsafe.park(Native Method)
        at java.base@17.0.12/java.util.concurrent.locks.LockSupport.parkNanos(LockSupport.java:252)
        at java.base@17.0.12/java.util.concurrent.locks.AbstractQueuedSynchronizer$ConditionObject.awaitNanos(AbstractQueuedSynchronizer.java:1674)
        at java.base@17.0.12/java.util.concurrent.LinkedBlockingQueue.poll(LinkedBlockingQueue.java:460)
        at app//org.apache.hadoop.ipc.CallQueueManager.take(CallQueueManager.java:317)
        at app//org.apache.hadoop.ipc.Server$Handler.run(Server.java:3014)
"IPC Server handler 3 on default port 15012" daemon prio=5 tid=658 timed_waiting
java.lang.Thread.State: TIMED_WAITING
        at java.base@17.0.12/jdk.internal.misc.Unsafe.park(Native Method)
        at java.base@17.0.12/java.util.concurrent.locks.LockSupport.parkNanos(LockSupport.java:252)
        at java.base@17.0.12/java.util.concurrent.locks.AbstractQueuedSynchronizer$ConditionObject.awaitNanos(AbstractQueuedSynchronizer.java:1674)
        at java.base@17.0.12/java.util.concurrent.LinkedBlockingQueue.poll(LinkedBlockingQueue.java:460)
        at app//org.apache.hadoop.ipc.CallQueueManager.take(CallQueueManager.java:317)
        at app//org.apache.hadoop.ipc.Server$Handler.run(Server.java:3014)
"IPC Server handler 13 on default port 15000" daemon prio=5 tid=99 timed_waiting
java.lang.Thread.State: TIMED_WAITING
        at java.base@17.0.12/jdk.internal.misc.Unsafe.park(Native Method)
        at java.base@17.0.12/java.util.concurrent.locks.LockSupport.parkNanos(LockSupport.java:252)
        at java.base@17.0.12/java.util.concurrent.locks.AbstractQueuedSynchronizer$ConditionObject.awaitNanos(AbstractQueuedSynchronizer.java:1674)
        at java.base@17.0.12/java.util.concurrent.LinkedBlockingQueue.poll(LinkedBlockingQueue.java:460)
        at app//org.apache.hadoop.ipc.CallQueueManager.take(CallQueueManager.java:317)
        at app//org.apache.hadoop.ipc.Server$Handler.run(Server.java:3014)
"gradle-enterprise-test-client-gradle-enterprise-test-listener"  prio=5 tid=18 in Object.wait()
java.lang.Thread.State: WAITING (on object monitor)
        at java.base@17.0.12/jdk.internal.misc.Unsafe.park(Native Method)
        at java.base@17.0.12/java.util.concurrent.locks.LockSupport.park(LockSupport.java:341)
        at java.base@17.0.12/java.util.concurrent.locks.AbstractQueuedSynchronizer$ConditionNode.block(AbstractQueuedSynchronizer.java:506)
        at java.base@17.0.12/java.util.concurrent.ForkJoinPool.unmanagedBlock(ForkJoinPool.java:3465)
        at java.base@17.0.12/java.util.concurrent.ForkJoinPool.managedBlock(ForkJoinPool.java:3436)
        at java.base@17.0.12/java.util.concurrent.locks.AbstractQueuedSynchronizer$ConditionObject.await(AbstractQueuedSynchronizer.java:1625)
        at java.base@17.0.12/java.util.concurrent.ArrayBlockingQueue.take(ArrayBlockingQueue.java:420)
        at app//com.gradle.maven.scan.extension.test.listener.obfuscated.k.a.a(SourceFile:130)
        at app//com.gradle.maven.scan.extension.test.listener.obfuscated.k.a.b(SourceFile:93)
        at app//com.gradle.maven.scan.extension.test.listener.obfuscated.k.a$$Lambda$307/0x00007f70300bd000.run(Unknown Source)
        at java.base@17.0.12/java.util.concurrent.Executors$RunnableAdapter.call(Executors.java:539)
        at java.base@17.0.12/java.util.concurrent.FutureTask.run(FutureTask.java:264)
        at java.base@17.0.12/java.util.concurrent.ThreadPoolExecutor.runWorker(ThreadPoolExecutor.java:1136)
        at java.base@17.0.12/java.util.concurrent.ThreadPoolExecutor$Worker.run(ThreadPoolExecutor.java:635)
        at java.base@17.0.12/java.lang.Thread.run(Thread.java:840)
"IPC Server handler 20 on default port 15001" daemon prio=5 tid=206 timed_waiting
java.lang.Thread.State: TIMED_WAITING
        at java.base@17.0.12/jdk.internal.misc.Unsafe.park(Native Method)
        at java.base@17.0.12/java.util.concurrent.locks.LockSupport.parkNanos(LockSupport.java:252)
        at java.base@17.0.12/java.util.concurrent.locks.AbstractQueuedSynchronizer$ConditionObject.awaitNanos(AbstractQueuedSynchronizer.java:1674)
        at java.base@17.0.12/java.util.concurrent.LinkedBlockingQueue.poll(LinkedBlockingQueue.java:460)
        at app//org.apache.hadoop.ipc.CallQueueManager.take(CallQueueManager.java:317)
        at app//org.apache.hadoop.ipc.Server$Handler.run(Server.java:3014)
"StaleRecoveringContainerScrubbingService#0" daemon prio=5 tid=868 timed_waiting
java.lang.Thread.State: TIMED_WAITING
        at java.base@17.0.12/jdk.internal.misc.Unsafe.park(Native Method)
        at java.base@17.0.12/java.util.concurrent.locks.LockSupport.parkNanos(LockSupport.java:252)
        at java.base@17.0.12/java.util.concurrent.locks.AbstractQueuedSynchronizer$ConditionObject.awaitNanos(AbstractQueuedSynchronizer.java:1674)
        at java.base@17.0.12/java.util.concurrent.ScheduledThreadPoolExecutor$DelayedWorkQueue.take(ScheduledThreadPoolExecutor.java:1182)
        at java.base@17.0.12/java.util.concurrent.ScheduledThreadPoolExecutor$DelayedWorkQueue.take(ScheduledThreadPoolExecutor.java:899)
        at java.base@17.0.12/java.util.concurrent.ThreadPoolExecutor.getTask(ThreadPoolExecutor.java:1062)
        at java.base@17.0.12/java.util.concurrent.ThreadPoolExecutor.runWorker(ThreadPoolExecutor.java:1122)
        at java.base@17.0.12/java.util.concurrent.ThreadPoolExecutor$Worker.run(ThreadPoolExecutor.java:635)
        at java.base@17.0.12/java.lang.Thread.run(Thread.java:840)
"Socket Reader #7 for port 15021"  prio=5 tid=694 runnable
java.lang.Thread.State: RUNNABLE
        at java.base@17.0.12/sun.nio.ch.EPoll.wait(Native Method)
        at java.base@17.0.12/sun.nio.ch.EPollSelectorImpl.doSelect(EPollSelectorImpl.java:118)
        at java.base@17.0.12/sun.nio.ch.SelectorImpl.lockAndDoSelect(SelectorImpl.java:129)
        at java.base@17.0.12/sun.nio.ch.SelectorImpl.select(SelectorImpl.java:146)
        at app//org.apache.hadoop.ipc.Server$Listener$Reader.doRunLoop(Server.java:1346)
        at app//org.apache.hadoop.ipc.Server$Listener$Reader.run(Server.java:1325)
"Socket Reader #6 for port 15009"  prio=5 tid=488 runnable
java.lang.Thread.State: RUNNABLE
        at java.base@17.0.12/sun.nio.ch.EPoll.wait(Native Method)
        at java.base@17.0.12/sun.nio.ch.EPollSelectorImpl.doSelect(EPollSelectorImpl.java:118)
        at java.base@17.0.12/sun.nio.ch.SelectorImpl.lockAndDoSelect(SelectorImpl.java:129)
        at java.base@17.0.12/sun.nio.ch.SelectorImpl.select(SelectorImpl.java:146)
        at app//org.apache.hadoop.ipc.Server$Listener$Reader.doRunLoop(Server.java:1346)
        at app//org.apache.hadoop.ipc.Server$Listener$Reader.run(Server.java:1325)
"IPC Server handler 22 on default port 15000" daemon prio=5 tid=108 timed_waiting
java.lang.Thread.State: TIMED_WAITING
        at java.base@17.0.12/jdk.internal.misc.Unsafe.park(Native Method)
        at java.base@17.0.12/java.util.concurrent.locks.LockSupport.parkNanos(LockSupport.java:252)
        at java.base@17.0.12/java.util.concurrent.locks.AbstractQueuedSynchronizer$ConditionObject.awaitNanos(AbstractQueuedSynchronizer.java:1674)
        at java.base@17.0.12/java.util.concurrent.LinkedBlockingQueue.poll(LinkedBlockingQueue.java:460)
        at app//org.apache.hadoop.ipc.CallQueueManager.take(CallQueueManager.java:317)
        at app//org.apache.hadoop.ipc.Server$Handler.run(Server.java:3014)
"IPC Server handler 58 on default port 15002" daemon prio=5 tid=344 timed_waiting
java.lang.Thread.State: TIMED_WAITING
        at java.base@17.0.12/jdk.internal.misc.Unsafe.park(Native Method)
        at java.base@17.0.12/java.util.concurrent.locks.LockSupport.parkNanos(LockSupport.java:252)
        at java.base@17.0.12/java.util.concurrent.locks.AbstractQueuedSynchronizer$ConditionObject.awaitNanos(AbstractQueuedSynchronizer.java:1674)
        at java.base@17.0.12/java.util.concurrent.LinkedBlockingQueue.poll(LinkedBlockingQueue.java:460)
        at app//org.apache.hadoop.ipc.CallQueueManager.take(CallQueueManager.java:317)
        at app//org.apache.hadoop.ipc.Server$Handler.run(Server.java:3014)
"qtp910917825-678" daemon prio=5 tid=678 runnable
java.lang.Thread.State: RUNNABLE
        at java.base@17.0.12/sun.nio.ch.EPoll.wait(Native Method)
        at java.base@17.0.12/sun.nio.ch.EPollSelectorImpl.doSelect(EPollSelectorImpl.java:118)
        at java.base@17.0.12/sun.nio.ch.SelectorImpl.lockAndDoSelect(SelectorImpl.java:129)
        at java.base@17.0.12/sun.nio.ch.SelectorImpl.select(SelectorImpl.java:146)
        at app//org.eclipse.jetty.io.ManagedSelector.nioSelect(ManagedSelector.java:183)
        at app//org.eclipse.jetty.io.ManagedSelector.select(ManagedSelector.java:190)
        at app//org.eclipse.jetty.io.ManagedSelector$SelectorProducer.select(ManagedSelector.java:606)
        at app//org.eclipse.jetty.io.ManagedSelector$SelectorProducer.produce(ManagedSelector.java:543)
        at app//org.eclipse.jetty.util.thread.strategy.EatWhatYouKill.produceTask(EatWhatYouKill.java:362)
        at app//org.eclipse.jetty.util.thread.strategy.EatWhatYouKill.doProduce(EatWhatYouKill.java:186)
        at app//org.eclipse.jetty.util.thread.strategy.EatWhatYouKill.tryProduce(EatWhatYouKill.java:173)
        at app//org.eclipse.jetty.util.thread.strategy.EatWhatYouKill.produce(EatWhatYouKill.java:137)
        at app//org.eclipse.jetty.io.ManagedSelector$$Lambda$821/0x00007f7030550440.run(Unknown Source)
        at app//org.eclipse.jetty.util.thread.QueuedThreadPool.runJob(QueuedThreadPool.java:883)
        at app//org.eclipse.jetty.util.thread.QueuedThreadPool$Runner.run(QueuedThreadPool.java:1034)
        at java.base@17.0.12/java.lang.Thread.run(Thread.java:840)
"JvmPauseMonitor0" daemon prio=5 tid=388 timed_waiting
java.lang.Thread.State: TIMED_WAITING
        at java.base@17.0.12/java.lang.Thread.sleep(Native Method)
        at java.base@17.0.12/java.lang.Thread.sleep(Thread.java:344)
        at java.base@17.0.12/java.util.concurrent.TimeUnit.sleep(TimeUnit.java:446)
        at app//org.apache.ratis.util.TimeDuration.sleep(TimeDuration.java:353)
        at app//org.apache.ratis.util.TimeDuration.sleep(TimeDuration.java:338)
        at app//org.apache.ratis.util.JvmPauseMonitor.detectPause(JvmPauseMonitor.java:160)
        at app//org.apache.ratis.util.JvmPauseMonitor.run(JvmPauseMonitor.java:149)
        at app//org.apache.ratis.util.JvmPauseMonitor$$Lambda$781/0x00007f70304f5d20.run(Unknown Source)
        at java.base@17.0.12/java.lang.Thread.run(Thread.java:840)
"IPC Client (570038756) connection to 0.0.0.0/0.0.0.0:15000 from runner" daemon prio=5 tid=1046 timed_waiting
java.lang.Thread.State: TIMED_WAITING
        at java.base@17.0.12/java.lang.Object.wait(Native Method)
        at app//org.apache.hadoop.ipc.Client$Connection.waitForWork(Client.java:1026)
        at app//org.apache.hadoop.ipc.Client$Connection.run(Client.java:1077)
"IPC Server handler 51 on default port 15001" daemon prio=5 tid=237 timed_waiting
java.lang.Thread.State: TIMED_WAITING
        at java.base@17.0.12/jdk.internal.misc.Unsafe.park(Native Method)
        at java.base@17.0.12/java.util.concurrent.locks.LockSupport.parkNanos(LockSupport.java:252)
        at java.base@17.0.12/java.util.concurrent.locks.AbstractQueuedSynchronizer$ConditionObject.awaitNanos(AbstractQueuedSynchronizer.java:1674)
        at java.base@17.0.12/java.util.concurrent.LinkedBlockingQueue.poll(LinkedBlockingQueue.java:460)
        at app//org.apache.hadoop.ipc.CallQueueManager.take(CallQueueManager.java:317)
        at app//org.apache.hadoop.ipc.Server$Handler.run(Server.java:3014)
"IPC Server handler 22 on default port 15002" daemon prio=5 tid=308 timed_waiting
java.lang.Thread.State: TIMED_WAITING
        at java.base@17.0.12/jdk.internal.misc.Unsafe.park(Native Method)
        at java.base@17.0.12/java.util.concurrent.locks.LockSupport.parkNanos(LockSupport.java:252)
        at java.base@17.0.12/java.util.concurrent.locks.AbstractQueuedSynchronizer$ConditionObject.awaitNanos(AbstractQueuedSynchronizer.java:1674)
        at java.base@17.0.12/java.util.concurrent.LinkedBlockingQueue.poll(LinkedBlockingQueue.java:460)
        at app//org.apache.hadoop.ipc.CallQueueManager.take(CallQueueManager.java:317)
        at app//org.apache.hadoop.ipc.Server$Handler.run(Server.java:3014)
"IPC Server handler 96 on default port 15009" daemon prio=5 tid=615 timed_waiting
java.lang.Thread.State: TIMED_WAITING
        at java.base@17.0.12/jdk.internal.misc.Unsafe.park(Native Method)
        at java.base@17.0.12/java.util.concurrent.locks.LockSupport.parkNanos(LockSupport.java:252)
        at java.base@17.0.12/java.util.concurrent.locks.AbstractQueuedSynchronizer$ConditionObject.awaitNanos(AbstractQueuedSynchronizer.java:1674)
        at java.base@17.0.12/java.util.concurrent.LinkedBlockingQueue.poll(LinkedBlockingQueue.java:460)
        at app//org.apache.hadoop.ipc.CallQueueManager.take(CallQueueManager.java:317)
        at app//org.apache.hadoop.ipc.Server$Handler.run(Server.java:3014)
"IPC Server listener on 15012" daemon prio=5 tid=641 runnable
java.lang.Thread.State: RUNNABLE
        at java.base@17.0.12/sun.nio.ch.EPoll.wait(Native Method)
        at java.base@17.0.12/sun.nio.ch.EPollSelectorImpl.doSelect(EPollSelectorImpl.java:118)
        at java.base@17.0.12/sun.nio.ch.SelectorImpl.lockAndDoSelect(SelectorImpl.java:129)
        at java.base@17.0.12/sun.nio.ch.SelectorImpl.select(SelectorImpl.java:146)
        at app//org.apache.hadoop.ipc.Server$Listener.run(Server.java:1408)
"3ccd597d-6672-4b12-926e-746f973e87fb@group-17EC0FEA1F1B->f24c48c6-4a91-44a4-ae9a-fb063e2dd958-GrpcLogAppender-LogAppenderDaemon" daemon prio=5 tid=1004 timed_waiting
java.lang.Thread.State: TIMED_WAITING
        at java.base@17.0.12/jdk.internal.misc.Unsafe.park(Native Method)
        at java.base@17.0.12/java.util.concurrent.locks.LockSupport.parkNanos(LockSupport.java:252)
        at java.base@17.0.12/java.util.concurrent.locks.AbstractQueuedSynchronizer$ConditionObject.await(AbstractQueuedSynchronizer.java:1759)
        at app//org.apache.ratis.util.AwaitForSignal.await(AwaitForSignal.java:65)
        at app//org.apache.ratis.grpc.server.GrpcLogAppender.mayWait(GrpcLogAppender.java:290)
        at app//org.apache.ratis.grpc.server.GrpcLogAppender.run(GrpcLogAppender.java:258)
        at app//org.apache.ratis.server.leader.LogAppenderDaemon.run(LogAppenderDaemon.java:80)
        at app//org.apache.ratis.server.leader.LogAppenderDaemon$$Lambda$1929/0x00007f7030ea1618.run(Unknown Source)
        at java.base@17.0.12/java.lang.Thread.run(Thread.java:840)
"IPC Server handler 88 on default port 15001" daemon prio=5 tid=274 timed_waiting
java.lang.Thread.State: TIMED_WAITING
        at java.base@17.0.12/jdk.internal.misc.Unsafe.park(Native Method)
        at java.base@17.0.12/java.util.concurrent.locks.LockSupport.parkNanos(LockSupport.java:252)
        at java.base@17.0.12/java.util.concurrent.locks.AbstractQueuedSynchronizer$ConditionObject.awaitNanos(AbstractQueuedSynchronizer.java:1674)
        at java.base@17.0.12/java.util.concurrent.LinkedBlockingQueue.poll(LinkedBlockingQueue.java:460)
        at app//org.apache.hadoop.ipc.CallQueueManager.take(CallQueueManager.java:317)
        at app//org.apache.hadoop.ipc.Server$Handler.run(Server.java:3014)
"IPC Server handler 28 on default port 15009" daemon prio=5 tid=547 timed_waiting
java.lang.Thread.State: TIMED_WAITING
        at java.base@17.0.12/jdk.internal.misc.Unsafe.park(Native Method)
        at java.base@17.0.12/java.util.concurrent.locks.LockSupport.parkNanos(LockSupport.java:252)
        at java.base@17.0.12/java.util.concurrent.locks.AbstractQueuedSynchronizer$ConditionObject.awaitNanos(AbstractQueuedSynchronizer.java:1674)
        at java.base@17.0.12/java.util.concurrent.LinkedBlockingQueue.poll(LinkedBlockingQueue.java:460)
        at app//org.apache.hadoop.ipc.CallQueueManager.take(CallQueueManager.java:317)
        at app//org.apache.hadoop.ipc.Server$Handler.run(Server.java:3014)
"surefire-forkedjvm-ping-30s" daemon prio=5 tid=15 timed_waiting
java.lang.Thread.State: TIMED_WAITING
        at java.base@17.0.12/jdk.internal.misc.Unsafe.park(Native Method)
        at java.base@17.0.12/java.util.concurrent.locks.LockSupport.parkNanos(LockSupport.java:252)
        at java.base@17.0.12/java.util.concurrent.locks.AbstractQueuedSynchronizer$ConditionObject.awaitNanos(AbstractQueuedSynchronizer.java:1674)
        at java.base@17.0.12/java.util.concurrent.ScheduledThreadPoolExecutor$DelayedWorkQueue.take(ScheduledThreadPoolExecutor.java:1182)
        at java.base@17.0.12/java.util.concurrent.ScheduledThreadPoolExecutor$DelayedWorkQueue.take(ScheduledThreadPoolExecutor.java:899)
        at java.base@17.0.12/java.util.concurrent.ThreadPoolExecutor.getTask(ThreadPoolExecutor.java:1062)
        at java.base@17.0.12/java.util.concurrent.ThreadPoolExecutor.runWorker(ThreadPoolExecutor.java:1122)
        at java.base@17.0.12/java.util.concurrent.ThreadPoolExecutor$Worker.run(ThreadPoolExecutor.java:635)
        at java.base@17.0.12/java.lang.Thread.run(Thread.java:840)
"Socket Reader #3 for port 15021"  prio=5 tid=690 runnable
java.lang.Thread.State: RUNNABLE
        at java.base@17.0.12/sun.nio.ch.EPoll.wait(Native Method)
        at java.base@17.0.12/sun.nio.ch.EPollSelectorImpl.doSelect(EPollSelectorImpl.java:118)
        at java.base@17.0.12/sun.nio.ch.SelectorImpl.lockAndDoSelect(SelectorImpl.java:129)
        at java.base@17.0.12/sun.nio.ch.SelectorImpl.select(SelectorImpl.java:146)
        at app//org.apache.hadoop.ipc.Server$Listener$Reader.doRunLoop(Server.java:1346)
        at app//org.apache.hadoop.ipc.Server$Listener$Reader.run(Server.java:1325)
"IPC Server handler 10 on default port 15009" daemon prio=5 tid=529 timed_waiting
java.lang.Thread.State: TIMED_WAITING
        at java.base@17.0.12/jdk.internal.misc.Unsafe.park(Native Method)
        at java.base@17.0.12/java.util.concurrent.locks.LockSupport.parkNanos(LockSupport.java:252)
        at java.base@17.0.12/java.util.concurrent.locks.AbstractQueuedSynchronizer$ConditionObject.awaitNanos(AbstractQueuedSynchronizer.java:1674)
        at java.base@17.0.12/java.util.concurrent.LinkedBlockingQueue.poll(LinkedBlockingQueue.java:460)
        at app//org.apache.hadoop.ipc.CallQueueManager.take(CallQueueManager.java:317)
        at app//org.apache.hadoop.ipc.Server$Handler.run(Server.java:3014)
"IPC Server handler 58 on default port 15009" daemon prio=5 tid=577 timed_waiting
java.lang.Thread.State: TIMED_WAITING
        at java.base@17.0.12/jdk.internal.misc.Unsafe.park(Native Method)
        at java.base@17.0.12/java.util.concurrent.locks.LockSupport.parkNanos(LockSupport.java:252)
        at java.base@17.0.12/java.util.concurrent.locks.AbstractQueuedSynchronizer$ConditionObject.awaitNanos(AbstractQueuedSynchronizer.java:1674)
        at java.base@17.0.12/java.util.concurrent.LinkedBlockingQueue.poll(LinkedBlockingQueue.java:460)
        at app//org.apache.hadoop.ipc.CallQueueManager.take(CallQueueManager.java:317)
        at app//org.apache.hadoop.ipc.Server$Handler.run(Server.java:3014)
"f24c48c6-4a91-44a4-ae9a-fb063e2dd958-BlockDeletingService#0" daemon prio=5 tid=829 timed_waiting
java.lang.Thread.State: TIMED_WAITING
        at java.base@17.0.12/jdk.internal.misc.Unsafe.park(Native Method)
        at java.base@17.0.12/java.util.concurrent.locks.LockSupport.parkNanos(LockSupport.java:252)
        at java.base@17.0.12/java.util.concurrent.locks.AbstractQueuedSynchronizer$ConditionObject.awaitNanos(AbstractQueuedSynchronizer.java:1674)
        at java.base@17.0.12/java.util.concurrent.ScheduledThreadPoolExecutor$DelayedWorkQueue.take(ScheduledThreadPoolExecutor.java:1182)
        at java.base@17.0.12/java.util.concurrent.ScheduledThreadPoolExecutor$DelayedWorkQueue.take(ScheduledThreadPoolExecutor.java:899)
        at java.base@17.0.12/java.util.concurrent.ThreadPoolExecutor.getTask(ThreadPoolExecutor.java:1062)
        at java.base@17.0.12/java.util.concurrent.ThreadPoolExecutor.runWorker(ThreadPoolExecutor.java:1122)
        at java.base@17.0.12/java.util.concurrent.ThreadPoolExecutor$Worker.run(ThreadPoolExecutor.java:635)
        at java.base@17.0.12/java.lang.Thread.run(Thread.java:840)
"IPC Server Responder" daemon prio=5 tid=494 runnable
java.lang.Thread.State: RUNNABLE
        at java.base@17.0.12/sun.nio.ch.EPoll.wait(Native Method)
        at java.base@17.0.12/sun.nio.ch.EPollSelectorImpl.doSelect(EPollSelectorImpl.java:118)
        at java.base@17.0.12/sun.nio.ch.SelectorImpl.lockAndDoSelect(SelectorImpl.java:129)
        at java.base@17.0.12/sun.nio.ch.SelectorImpl.select(SelectorImpl.java:141)
        at app//org.apache.hadoop.ipc.Server$Responder.doRunLoop(Server.java:1582)
        at app//org.apache.hadoop.ipc.Server$Responder.run(Server.java:1565)
"IPC Client (570038756) connection to 0.0.0.0/0.0.0.0:15009 from runner" daemon prio=5 tid=815 timed_waiting
java.lang.Thread.State: TIMED_WAITING
        at java.base@17.0.12/java.lang.Object.wait(Native Method)
        at app//org.apache.hadoop.ipc.Client$Connection.waitForWork(Client.java:1026)
        at app//org.apache.hadoop.ipc.Client$Connection.run(Client.java:1077)
"IPC Server handler 56 on default port 15002" daemon prio=5 tid=342 timed_waiting
java.lang.Thread.State: TIMED_WAITING
        at java.base@17.0.12/jdk.internal.misc.Unsafe.park(Native Method)
        at java.base@17.0.12/java.util.concurrent.locks.LockSupport.parkNanos(LockSupport.java:252)
        at java.base@17.0.12/java.util.concurrent.locks.AbstractQueuedSynchronizer$ConditionObject.awaitNanos(AbstractQueuedSynchronizer.java:1674)
        at java.base@17.0.12/java.util.concurrent.LinkedBlockingQueue.poll(LinkedBlockingQueue.java:460)
        at app//org.apache.hadoop.ipc.CallQueueManager.take(CallQueueManager.java:317)
        at app//org.apache.hadoop.ipc.Server$Handler.run(Server.java:3014)
"IPC Server handler 89 on default port 15009" daemon prio=5 tid=608 timed_waiting
java.lang.Thread.State: TIMED_WAITING
        at java.base@17.0.12/jdk.internal.misc.Unsafe.park(Native Method)
        at java.base@17.0.12/java.util.concurrent.locks.LockSupport.parkNanos(LockSupport.java:252)
        at java.base@17.0.12/java.util.concurrent.locks.AbstractQueuedSynchronizer$ConditionObject.awaitNanos(AbstractQueuedSynchronizer.java:1674)
        at java.base@17.0.12/java.util.concurrent.LinkedBlockingQueue.poll(LinkedBlockingQueue.java:460)
        at app//org.apache.hadoop.ipc.CallQueueManager.take(CallQueueManager.java:317)
        at app//org.apache.hadoop.ipc.Server$Handler.run(Server.java:3014)
"Recon-FixedThreadPoolWithAffinityExecutor-1-0" daemon prio=5 tid=497 timed_waiting
java.lang.Thread.State: TIMED_WAITING
        at java.base@17.0.12/jdk.internal.misc.Unsafe.park(Native Method)
        at java.base@17.0.12/java.util.concurrent.locks.LockSupport.parkNanos(LockSupport.java:252)
        at java.base@17.0.12/java.util.concurrent.locks.AbstractQueuedSynchronizer$ConditionObject.awaitNanos(AbstractQueuedSynchronizer.java:1674)
        at java.base@17.0.12/java.util.concurrent.LinkedBlockingQueue.poll(LinkedBlockingQueue.java:460)
        at app//org.apache.hadoop.hdds.scm.server.ContainerReportQueue.poll(ContainerReportQueue.java:269)
        at app//org.apache.hadoop.hdds.scm.server.ContainerReportQueue.poll(ContainerReportQueue.java:42)
        at app//org.apache.hadoop.hdds.server.events.FixedThreadPoolWithAffinityExecutor$ContainerReportProcessTask.run(FixedThreadPoolWithAffinityExecutor.java:253)
        at java.base@17.0.12/java.util.concurrent.Executors$RunnableAdapter.call(Executors.java:539)
        at java.base@17.0.12/java.util.concurrent.FutureTask.run(FutureTask.java:264)
        at java.base@17.0.12/java.util.concurrent.ThreadPoolExecutor.runWorker(ThreadPoolExecutor.java:1136)
        at java.base@17.0.12/java.util.concurrent.ThreadPoolExecutor$Worker.run(ThreadPoolExecutor.java:635)
        at java.base@17.0.12/java.lang.Thread.run(Thread.java:840)
"Socket Reader #9 for port 15000"  prio=5 tid=70 runnable
java.lang.Thread.State: RUNNABLE
        at java.base@17.0.12/sun.nio.ch.EPoll.wait(Native Method)
        at java.base@17.0.12/sun.nio.ch.EPollSelectorImpl.doSelect(EPollSelectorImpl.java:118)
        at java.base@17.0.12/sun.nio.ch.SelectorImpl.lockAndDoSelect(SelectorImpl.java:129)
        at java.base@17.0.12/sun.nio.ch.SelectorImpl.select(SelectorImpl.java:146)
        at app//org.apache.hadoop.ipc.Server$Listener$Reader.doRunLoop(Server.java:1346)
        at app//org.apache.hadoop.ipc.Server$Listener$Reader.run(Server.java:1325)
"Recon-FixedThreadPoolWithAffinityExecutor-7-0" daemon prio=5 tid=503 timed_waiting
java.lang.Thread.State: TIMED_WAITING
        at java.base@17.0.12/jdk.internal.misc.Unsafe.park(Native Method)
        at java.base@17.0.12/java.util.concurrent.locks.LockSupport.parkNanos(LockSupport.java:252)
        at java.base@17.0.12/java.util.concurrent.locks.AbstractQueuedSynchronizer$ConditionObject.awaitNanos(AbstractQueuedSynchronizer.java:1674)
        at java.base@17.0.12/java.util.concurrent.LinkedBlockingQueue.poll(LinkedBlockingQueue.java:460)
        at app//org.apache.hadoop.hdds.scm.server.ContainerReportQueue.poll(ContainerReportQueue.java:269)
        at app//org.apache.hadoop.hdds.scm.server.ContainerReportQueue.poll(ContainerReportQueue.java:42)
        at app//org.apache.hadoop.hdds.server.events.FixedThreadPoolWithAffinityExecutor$ContainerReportProcessTask.run(FixedThreadPoolWithAffinityExecutor.java:253)
        at java.base@17.0.12/java.util.concurrent.Executors$RunnableAdapter.call(Executors.java:539)
        at java.base@17.0.12/java.util.concurrent.FutureTask.run(FutureTask.java:264)
        at java.base@17.0.12/java.util.concurrent.ThreadPoolExecutor.runWorker(ThreadPoolExecutor.java:1136)
        at java.base@17.0.12/java.util.concurrent.ThreadPoolExecutor$Worker.run(ThreadPoolExecutor.java:635)
        at java.base@17.0.12/java.lang.Thread.run(Thread.java:840)
"3ccd597d-6672-4b12-926e-746f973e87fb-EndpointStateMachineTaskThread-/0.0.0.0:15002-0 "  prio=5 tid=853 in Object.wait()
java.lang.Thread.State: WAITING (on object monitor)
        at java.base@17.0.12/jdk.internal.misc.Unsafe.park(Native Method)
        at java.base@17.0.12/java.util.concurrent.locks.LockSupport.park(LockSupport.java:341)
        at java.base@17.0.12/java.util.concurrent.locks.AbstractQueuedSynchronizer$ConditionNode.block(AbstractQueuedSynchronizer.java:506)
        at java.base@17.0.12/java.util.concurrent.ForkJoinPool.unmanagedBlock(ForkJoinPool.java:3465)
        at java.base@17.0.12/java.util.concurrent.ForkJoinPool.managedBlock(ForkJoinPool.java:3436)
        at java.base@17.0.12/java.util.concurrent.locks.AbstractQueuedSynchronizer$ConditionObject.await(AbstractQueuedSynchronizer.java:1625)
        at java.base@17.0.12/java.util.concurrent.LinkedBlockingQueue.take(LinkedBlockingQueue.java:435)
        at java.base@17.0.12/java.util.concurrent.ThreadPoolExecutor.getTask(ThreadPoolExecutor.java:1062)
        at java.base@17.0.12/java.util.concurrent.ThreadPoolExecutor.runWorker(ThreadPoolExecutor.java:1122)
        at java.base@17.0.12/java.util.concurrent.ThreadPoolExecutor$Worker.run(ThreadPoolExecutor.java:635)
        at java.base@17.0.12/java.lang.Thread.run(Thread.java:840)
"IPC Server handler 9 on default port 15021" daemon prio=5 tid=710 timed_waiting
java.lang.Thread.State: TIMED_WAITING
        at java.base@17.0.12/jdk.internal.misc.Unsafe.park(Native Method)
        at java.base@17.0.12/java.util.concurrent.locks.LockSupport.parkNanos(LockSupport.java:252)
        at java.base@17.0.12/java.util.concurrent.locks.AbstractQueuedSynchronizer$ConditionObject.awaitNanos(AbstractQueuedSynchronizer.java:1674)
        at java.base@17.0.12/java.util.concurrent.LinkedBlockingQueue.poll(LinkedBlockingQueue.java:460)
        at app//org.apache.hadoop.ipc.CallQueueManager.take(CallQueueManager.java:317)
        at app//org.apache.hadoop.ipc.Server$Handler.run(Server.java:3014)
"IPC Server handler 35 on default port 15000" daemon prio=5 tid=121 timed_waiting
java.lang.Thread.State: TIMED_WAITING
        at java.base@17.0.12/jdk.internal.misc.Unsafe.park(Native Method)
        at java.base@17.0.12/java.util.concurrent.locks.LockSupport.parkNanos(LockSupport.java:252)
        at java.base@17.0.12/java.util.concurrent.locks.AbstractQueuedSynchronizer$ConditionObject.awaitNanos(AbstractQueuedSynchronizer.java:1674)
        at java.base@17.0.12/java.util.concurrent.LinkedBlockingQueue.poll(LinkedBlockingQueue.java:460)
        at app//org.apache.hadoop.ipc.CallQueueManager.take(CallQueueManager.java:317)
        at app//org.apache.hadoop.ipc.Server$Handler.run(Server.java:3014)
"IPC Server handler 8 on default port 15030" daemon prio=5 tid=755 timed_waiting
java.lang.Thread.State: TIMED_WAITING
        at java.base@17.0.12/jdk.internal.misc.Unsafe.park(Native Method)
        at java.base@17.0.12/java.util.concurrent.locks.LockSupport.parkNanos(LockSupport.java:252)
        at java.base@17.0.12/java.util.concurrent.locks.AbstractQueuedSynchronizer$ConditionObject.awaitNanos(AbstractQueuedSynchronizer.java:1674)
        at java.base@17.0.12/java.util.concurrent.LinkedBlockingQueue.poll(LinkedBlockingQueue.java:460)
        at app//org.apache.hadoop.ipc.CallQueueManager.take(CallQueueManager.java:317)
        at app//org.apache.hadoop.ipc.Server$Handler.run(Server.java:3014)
"IPC Server handler 80 on default port 15002" daemon prio=5 tid=366 timed_waiting
java.lang.Thread.State: TIMED_WAITING
        at java.base@17.0.12/jdk.internal.misc.Unsafe.park(Native Method)
        at java.base@17.0.12/java.util.concurrent.locks.LockSupport.parkNanos(LockSupport.java:252)
        at java.base@17.0.12/java.util.concurrent.locks.AbstractQueuedSynchronizer$ConditionObject.awaitNanos(AbstractQueuedSynchronizer.java:1674)
        at java.base@17.0.12/java.util.concurrent.LinkedBlockingQueue.poll(LinkedBlockingQueue.java:460)
        at app//org.apache.hadoop.ipc.CallQueueManager.take(CallQueueManager.java:317)
        at app//org.apache.hadoop.ipc.Server$Handler.run(Server.java:3014)
"Recon-SyncSCMContainerInfo-0"  prio=5 tid=518 timed_waiting
java.lang.Thread.State: TIMED_WAITING
        at java.base@17.0.12/jdk.internal.misc.Unsafe.park(Native Method)
        at java.base@17.0.12/java.util.concurrent.locks.LockSupport.parkNanos(LockSupport.java:252)
        at java.base@17.0.12/java.util.concurrent.locks.AbstractQueuedSynchronizer$ConditionObject.awaitNanos(AbstractQueuedSynchronizer.java:1674)
        at java.base@17.0.12/java.util.concurrent.ScheduledThreadPoolExecutor$DelayedWorkQueue.take(ScheduledThreadPoolExecutor.java:1182)
        at java.base@17.0.12/java.util.concurrent.ScheduledThreadPoolExecutor$DelayedWorkQueue.take(ScheduledThreadPoolExecutor.java:899)
        at java.base@17.0.12/java.util.concurrent.ThreadPoolExecutor.getTask(ThreadPoolExecutor.java:1062)
        at java.base@17.0.12/java.util.concurrent.ThreadPoolExecutor.runWorker(ThreadPoolExecutor.java:1122)
        at java.base@17.0.12/java.util.concurrent.ThreadPoolExecutor$Worker.run(ThreadPoolExecutor.java:635)
        at java.base@17.0.12/java.lang.Thread.run(Thread.java:840)
"IPC Server handler 13 on default port 15004" daemon prio=5 tid=465 timed_waiting
java.lang.Thread.State: TIMED_WAITING
        at java.base@17.0.12/jdk.internal.misc.Unsafe.park(Native Method)
        at java.base@17.0.12/java.util.concurrent.locks.LockSupport.parkNanos(LockSupport.java:252)
        at java.base@17.0.12/java.util.concurrent.locks.AbstractQueuedSynchronizer$ConditionObject.awaitNanos(AbstractQueuedSynchronizer.java:1674)
        at java.base@17.0.12/java.util.concurrent.LinkedBlockingQueue.poll(LinkedBlockingQueue.java:460)
        at app//org.apache.hadoop.ipc.CallQueueManager.take(CallQueueManager.java:317)
        at app//org.apache.hadoop.ipc.Server$Handler.run(Server.java:3014)
"IPC Server handler 0 on default port 15021" daemon prio=5 tid=701 timed_waiting
java.lang.Thread.State: TIMED_WAITING
        at java.base@17.0.12/jdk.internal.misc.Unsafe.park(Native Method)
        at java.base@17.0.12/java.util.concurrent.locks.LockSupport.parkNanos(LockSupport.java:252)
        at java.base@17.0.12/java.util.concurrent.locks.AbstractQueuedSynchronizer$ConditionObject.awaitNanos(AbstractQueuedSynchronizer.java:1674)
        at java.base@17.0.12/java.util.concurrent.LinkedBlockingQueue.poll(LinkedBlockingQueue.java:460)
        at app//org.apache.hadoop.ipc.CallQueueManager.take(CallQueueManager.java:317)
        at app//org.apache.hadoop.ipc.Server$Handler.run(Server.java:3014)
"IPC Server handler 1 on default port 15021" daemon prio=5 tid=702 timed_waiting
java.lang.Thread.State: TIMED_WAITING
        at java.base@17.0.12/jdk.internal.misc.Unsafe.park(Native Method)
        at java.base@17.0.12/java.util.concurrent.locks.LockSupport.parkNanos(LockSupport.java:252)
        at java.base@17.0.12/java.util.concurrent.locks.AbstractQueuedSynchronizer$ConditionObject.awaitNanos(AbstractQueuedSynchronizer.java:1674)
        at java.base@17.0.12/java.util.concurrent.LinkedBlockingQueue.poll(LinkedBlockingQueue.java:460)
        at app//org.apache.hadoop.ipc.CallQueueManager.take(CallQueueManager.java:317)
        at app//org.apache.hadoop.ipc.Server$Handler.run(Server.java:3014)
"IPC Server handler 28 on default port 15001" daemon prio=5 tid=214 timed_waiting
java.lang.Thread.State: TIMED_WAITING
        at java.base@17.0.12/jdk.internal.misc.Unsafe.park(Native Method)
        at java.base@17.0.12/java.util.concurrent.locks.LockSupport.parkNanos(LockSupport.java:252)
        at java.base@17.0.12/java.util.concurrent.locks.AbstractQueuedSynchronizer$ConditionObject.awaitNanos(AbstractQueuedSynchronizer.java:1674)
        at java.base@17.0.12/java.util.concurrent.LinkedBlockingQueue.poll(LinkedBlockingQueue.java:460)
        at app//org.apache.hadoop.ipc.CallQueueManager.take(CallQueueManager.java:317)
        at app//org.apache.hadoop.ipc.Server$Handler.run(Server.java:3014)
"IPC Server handler 85 on default port 15000" daemon prio=5 tid=171 timed_waiting
java.lang.Thread.State: TIMED_WAITING
        at java.base@17.0.12/jdk.internal.misc.Unsafe.park(Native Method)
        at java.base@17.0.12/java.util.concurrent.locks.LockSupport.parkNanos(LockSupport.java:252)
        at java.base@17.0.12/java.util.concurrent.locks.AbstractQueuedSynchronizer$ConditionObject.awaitNanos(AbstractQueuedSynchronizer.java:1674)
        at java.base@17.0.12/java.util.concurrent.LinkedBlockingQueue.poll(LinkedBlockingQueue.java:460)
        at app//org.apache.hadoop.ipc.CallQueueManager.take(CallQueueManager.java:317)
        at app//org.apache.hadoop.ipc.Server$Handler.run(Server.java:3014)
"StaleRecoveringContainerScrubbingService#1" daemon prio=5 tid=870 in Object.wait()
java.lang.Thread.State: WAITING (on object monitor)
        at java.base@17.0.12/jdk.internal.misc.Unsafe.park(Native Method)
        at java.base@17.0.12/java.util.concurrent.locks.LockSupport.park(LockSupport.java:341)
        at java.base@17.0.12/java.util.concurrent.locks.AbstractQueuedSynchronizer$ConditionNode.block(AbstractQueuedSynchronizer.java:506)
        at java.base@17.0.12/java.util.concurrent.ForkJoinPool.unmanagedBlock(ForkJoinPool.java:3465)
        at java.base@17.0.12/java.util.concurrent.ForkJoinPool.managedBlock(ForkJoinPool.java:3436)
        at java.base@17.0.12/java.util.concurrent.locks.AbstractQueuedSynchronizer$ConditionObject.await(AbstractQueuedSynchronizer.java:1625)
        at java.base@17.0.12/java.util.concurrent.ScheduledThreadPoolExecutor$DelayedWorkQueue.take(ScheduledThreadPoolExecutor.java:1177)
        at java.base@17.0.12/java.util.concurrent.ScheduledThreadPoolExecutor$DelayedWorkQueue.take(ScheduledThreadPoolExecutor.java:899)
        at java.base@17.0.12/java.util.concurrent.ThreadPoolExecutor.getTask(ThreadPoolExecutor.java:1062)
        at java.base@17.0.12/java.util.concurrent.ThreadPoolExecutor.runWorker(ThreadPoolExecutor.java:1122)
        at java.base@17.0.12/java.util.concurrent.ThreadPoolExecutor$Worker.run(ThreadPoolExecutor.java:635)
        at java.base@17.0.12/java.lang.Thread.run(Thread.java:840)
"Socket Reader #5 for port 15009"  prio=5 tid=487 runnable
java.lang.Thread.State: RUNNABLE
        at java.base@17.0.12/sun.nio.ch.EPoll.wait(Native Method)
        at java.base@17.0.12/sun.nio.ch.EPollSelectorImpl.doSelect(EPollSelectorImpl.java:118)
        at java.base@17.0.12/sun.nio.ch.SelectorImpl.lockAndDoSelect(SelectorImpl.java:129)
        at java.base@17.0.12/sun.nio.ch.SelectorImpl.select(SelectorImpl.java:146)
        at app//org.apache.hadoop.ipc.Server$Listener$Reader.doRunLoop(Server.java:1346)
        at app//org.apache.hadoop.ipc.Server$Listener$Reader.run(Server.java:1325)
"om1-OMDoubleBufferFlushThread" daemon prio=5 tid=408 timed_waiting
java.lang.Thread.State: TIMED_WAITING
        at java.base@17.0.12/java.lang.Object.wait(Native Method)
        at app//org.apache.hadoop.ozone.om.ratis.OzoneManagerDoubleBuffer.canFlush(OzoneManagerDoubleBuffer.java:582)
        at app//org.apache.hadoop.ozone.om.ratis.OzoneManagerDoubleBuffer.flushTransactions(OzoneManagerDoubleBuffer.java:295)
        at app//org.apache.hadoop.ozone.om.ratis.OzoneManagerDoubleBuffer$$Lambda$945/0x00007f70306464a8.run(Unknown Source)
        at java.base@17.0.12/java.lang.Thread.run(Thread.java:840)
"3ccd597d-6672-4b12-926e-746f973e87fb-server-thread3" daemon prio=5 tid=1013 timed_waiting
java.lang.Thread.State: TIMED_WAITING
        at java.base@17.0.12/jdk.internal.misc.Unsafe.park(Native Method)
        at java.base@17.0.12/java.util.concurrent.locks.LockSupport.parkNanos(LockSupport.java:252)
        at java.base@17.0.12/java.util.concurrent.SynchronousQueue$TransferStack.transfer(SynchronousQueue.java:401)
        at java.base@17.0.12/java.util.concurrent.SynchronousQueue.poll(SynchronousQueue.java:903)
        at java.base@17.0.12/java.util.concurrent.ThreadPoolExecutor.getTask(ThreadPoolExecutor.java:1061)
        at java.base@17.0.12/java.util.concurrent.ThreadPoolExecutor.runWorker(ThreadPoolExecutor.java:1122)
        at java.base@17.0.12/java.util.concurrent.ThreadPoolExecutor$Worker.run(ThreadPoolExecutor.java:635)
        at java.base@17.0.12/java.lang.Thread.run(Thread.java:840)
"UnderReplicatedProcessor" daemon prio=5 tid=30 timed_waiting
java.lang.Thread.State: TIMED_WAITING
        at java.base@17.0.12/java.lang.Object.wait(Native Method)
        at app//org.apache.hadoop.hdds.scm.container.replication.UnhealthyReplicationProcessor.run(UnhealthyReplicationProcessor.java:174)
        at java.base@17.0.12/java.lang.Thread.run(Thread.java:840)
"IPC Server handler 43 on default port 15001" daemon prio=5 tid=229 timed_waiting
java.lang.Thread.State: TIMED_WAITING
        at java.base@17.0.12/jdk.internal.misc.Unsafe.park(Native Method)
        at java.base@17.0.12/java.util.concurrent.locks.LockSupport.parkNanos(LockSupport.java:252)
        at java.base@17.0.12/java.util.concurrent.locks.AbstractQueuedSynchronizer$ConditionObject.awaitNanos(AbstractQueuedSynchronizer.java:1674)
        at java.base@17.0.12/java.util.concurrent.LinkedBlockingQueue.poll(LinkedBlockingQueue.java:460)
        at app//org.apache.hadoop.ipc.CallQueueManager.take(CallQueueManager.java:317)
        at app//org.apache.hadoop.ipc.Server$Handler.run(Server.java:3014)
"IPC Server handler 72 on default port 15009" daemon prio=5 tid=591 timed_waiting
java.lang.Thread.State: TIMED_WAITING
        at java.base@17.0.12/jdk.internal.misc.Unsafe.park(Native Method)
        at java.base@17.0.12/java.util.concurrent.locks.LockSupport.parkNanos(LockSupport.java:252)
        at java.base@17.0.12/java.util.concurrent.locks.AbstractQueuedSynchronizer$ConditionObject.awaitNanos(AbstractQueuedSynchronizer.java:1674)
        at java.base@17.0.12/java.util.concurrent.LinkedBlockingQueue.poll(LinkedBlockingQueue.java:460)
        at app//org.apache.hadoop.ipc.CallQueueManager.take(CallQueueManager.java:317)
        at app//org.apache.hadoop.ipc.Server$Handler.run(Server.java:3014)
"IPC Server handler 34 on default port 15001" daemon prio=5 tid=220 timed_waiting
java.lang.Thread.State: TIMED_WAITING
        at java.base@17.0.12/jdk.internal.misc.Unsafe.park(Native Method)
        at java.base@17.0.12/java.util.concurrent.locks.LockSupport.parkNanos(LockSupport.java:252)
        at java.base@17.0.12/java.util.concurrent.locks.AbstractQueuedSynchronizer$ConditionObject.awaitNanos(AbstractQueuedSynchronizer.java:1674)
        at java.base@17.0.12/java.util.concurrent.LinkedBlockingQueue.poll(LinkedBlockingQueue.java:460)
        at app//org.apache.hadoop.ipc.CallQueueManager.take(CallQueueManager.java:317)
        at app//org.apache.hadoop.ipc.Server$Handler.run(Server.java:3014)
"89da30bd-cbf9-4a7b-a1ff-1f6963324f22-BlockDeletingService#1" daemon prio=5 tid=850 in Object.wait()
java.lang.Thread.State: WAITING (on object monitor)
        at java.base@17.0.12/jdk.internal.misc.Unsafe.park(Native Method)
        at java.base@17.0.12/java.util.concurrent.locks.LockSupport.park(LockSupport.java:341)
        at java.base@17.0.12/java.util.concurrent.locks.AbstractQueuedSynchronizer$ConditionNode.block(AbstractQueuedSynchronizer.java:506)
        at java.base@17.0.12/java.util.concurrent.ForkJoinPool.unmanagedBlock(ForkJoinPool.java:3465)
        at java.base@17.0.12/java.util.concurrent.ForkJoinPool.managedBlock(ForkJoinPool.java:3436)
        at java.base@17.0.12/java.util.concurrent.locks.AbstractQueuedSynchronizer$ConditionObject.await(AbstractQueuedSynchronizer.java:1625)
        at java.base@17.0.12/java.util.concurrent.ScheduledThreadPoolExecutor$DelayedWorkQueue.take(ScheduledThreadPoolExecutor.java:1177)
        at java.base@17.0.12/java.util.concurrent.ScheduledThreadPoolExecutor$DelayedWorkQueue.take(ScheduledThreadPoolExecutor.java:899)
        at java.base@17.0.12/java.util.concurrent.ThreadPoolExecutor.getTask(ThreadPoolExecutor.java:1062)
        at java.base@17.0.12/java.util.concurrent.ThreadPoolExecutor.runWorker(ThreadPoolExecutor.java:1122)
        at java.base@17.0.12/java.util.concurrent.ThreadPoolExecutor$Worker.run(ThreadPoolExecutor.java:635)
        at java.base@17.0.12/java.lang.Thread.run(Thread.java:840)
"f24c48c6-4a91-44a4-ae9a-fb063e2dd958-server-thread1" daemon prio=5 tid=1015 timed_waiting
java.lang.Thread.State: TIMED_WAITING
        at java.base@17.0.12/jdk.internal.misc.Unsafe.park(Native Method)
        at java.base@17.0.12/java.util.concurrent.locks.LockSupport.parkNanos(LockSupport.java:252)
        at java.base@17.0.12/java.util.concurrent.SynchronousQueue$TransferStack.transfer(SynchronousQueue.java:401)
        at java.base@17.0.12/java.util.concurrent.SynchronousQueue.poll(SynchronousQueue.java:903)
        at java.base@17.0.12/java.util.concurrent.ThreadPoolExecutor.getTask(ThreadPoolExecutor.java:1061)
        at java.base@17.0.12/java.util.concurrent.ThreadPoolExecutor.runWorker(ThreadPoolExecutor.java:1122)
        at java.base@17.0.12/java.util.concurrent.ThreadPoolExecutor$Worker.run(ThreadPoolExecutor.java:635)
        at java.base@17.0.12/java.lang.Thread.run(Thread.java:840)
"FixedThreadPoolWithAffinityExecutor-4-0" daemon prio=5 tid=79 timed_waiting
java.lang.Thread.State: TIMED_WAITING
        at java.base@17.0.12/jdk.internal.misc.Unsafe.park(Native Method)
        at java.base@17.0.12/java.util.concurrent.locks.LockSupport.parkNanos(LockSupport.java:252)
        at java.base@17.0.12/java.util.concurrent.locks.AbstractQueuedSynchronizer$ConditionObject.awaitNanos(AbstractQueuedSynchronizer.java:1674)
        at java.base@17.0.12/java.util.concurrent.LinkedBlockingQueue.poll(LinkedBlockingQueue.java:460)
        at app//org.apache.hadoop.hdds.scm.server.ContainerReportQueue.poll(ContainerReportQueue.java:269)
        at app//org.apache.hadoop.hdds.scm.server.ContainerReportQueue.poll(ContainerReportQueue.java:42)
        at app//org.apache.hadoop.hdds.server.events.FixedThreadPoolWithAffinityExecutor$ContainerReportProcessTask.run(FixedThreadPoolWithAffinityExecutor.java:253)
        at java.base@17.0.12/java.util.concurrent.Executors$RunnableAdapter.call(Executors.java:539)
        at java.base@17.0.12/java.util.concurrent.FutureTask.run(FutureTask.java:264)
        at java.base@17.0.12/java.util.concurrent.ThreadPoolExecutor.runWorker(ThreadPoolExecutor.java:1136)
        at java.base@17.0.12/java.util.concurrent.ThreadPoolExecutor$Worker.run(ThreadPoolExecutor.java:635)
        at java.base@17.0.12/java.lang.Thread.run(Thread.java:840)
"om1@group-C5BA1605619E-cacheEviction-AwaitToRun" daemon prio=5 tid=426 in Object.wait()
java.lang.Thread.State: WAITING (on object monitor)
        at java.base@17.0.12/jdk.internal.misc.Unsafe.park(Native Method)
        at java.base@17.0.12/java.util.concurrent.locks.LockSupport.park(LockSupport.java:341)
        at java.base@17.0.12/java.util.concurrent.locks.AbstractQueuedSynchronizer$ConditionNode.block(AbstractQueuedSynchronizer.java:506)
        at java.base@17.0.12/java.util.concurrent.ForkJoinPool.unmanagedBlock(ForkJoinPool.java:3465)
        at java.base@17.0.12/java.util.concurrent.ForkJoinPool.managedBlock(ForkJoinPool.java:3436)
        at java.base@17.0.12/java.util.concurrent.locks.AbstractQueuedSynchronizer$ConditionObject.await(AbstractQueuedSynchronizer.java:1625)
        at app//org.apache.ratis.util.AwaitForSignal.await(AwaitForSignal.java:48)
        at app//org.apache.ratis.util.AwaitToRun$RunnableImpl.run(AwaitToRun.java:47)
        at java.base@17.0.12/java.lang.Thread.run(Thread.java:840)
"IPC Server handler 50 on default port 15009" daemon prio=5 tid=569 timed_waiting
java.lang.Thread.State: TIMED_WAITING
        at java.base@17.0.12/jdk.internal.misc.Unsafe.park(Native Method)
        at java.base@17.0.12/java.util.concurrent.locks.LockSupport.parkNanos(LockSupport.java:252)
        at java.base@17.0.12/java.util.concurrent.locks.AbstractQueuedSynchronizer$ConditionObject.awaitNanos(AbstractQueuedSynchronizer.java:1674)
        at java.base@17.0.12/java.util.concurrent.LinkedBlockingQueue.poll(LinkedBlockingQueue.java:460)
        at app//org.apache.hadoop.ipc.CallQueueManager.take(CallQueueManager.java:317)
        at app//org.apache.hadoop.ipc.Server$Handler.run(Server.java:3014)
"IPC Server handler 44 on default port 15001" daemon prio=5 tid=230 timed_waiting
java.lang.Thread.State: TIMED_WAITING
        at java.base@17.0.12/jdk.internal.misc.Unsafe.park(Native Method)
        at java.base@17.0.12/java.util.concurrent.locks.LockSupport.parkNanos(LockSupport.java:252)
        at java.base@17.0.12/java.util.concurrent.locks.AbstractQueuedSynchronizer$ConditionObject.awaitNanos(AbstractQueuedSynchronizer.java:1674)
        at java.base@17.0.12/java.util.concurrent.LinkedBlockingQueue.poll(LinkedBlockingQueue.java:460)
        at app//org.apache.hadoop.ipc.CallQueueManager.take(CallQueueManager.java:317)
        at app//org.apache.hadoop.ipc.Server$Handler.run(Server.java:3014)
"surefire-forkedjvm-command-thread" daemon prio=5 tid=14 runnable
java.lang.Thread.State: RUNNABLE
        at java.base@17.0.12/java.io.FileInputStream.readBytes(Native Method)
        at java.base@17.0.12/java.io.FileInputStream.read(FileInputStream.java:276)
        at java.base@17.0.12/java.io.BufferedInputStream.fill(BufferedInputStream.java:244)
        at java.base@17.0.12/java.io.BufferedInputStream.read(BufferedInputStream.java:263)
        at java.base@17.0.12/java.io.DataInputStream.readInt(DataInputStream.java:381)
        at app//org.apache.maven.surefire.booter.MasterProcessCommand.decode(MasterProcessCommand.java:113)
        at app//org.apache.maven.surefire.booter.CommandReader$CommandRunnable.run(CommandReader.java:383)
        at java.base@17.0.12/java.lang.Thread.run(Thread.java:840)
"IPC Server handler 70 on default port 15009" daemon prio=5 tid=589 timed_waiting
java.lang.Thread.State: TIMED_WAITING
        at java.base@17.0.12/jdk.internal.misc.Unsafe.park(Native Method)
        at java.base@17.0.12/java.util.concurrent.locks.LockSupport.parkNanos(LockSupport.java:252)
        at java.base@17.0.12/java.util.concurrent.locks.AbstractQueuedSynchronizer$ConditionObject.awaitNanos(AbstractQueuedSynchronizer.java:1674)
        at java.base@17.0.12/java.util.concurrent.LinkedBlockingQueue.poll(LinkedBlockingQueue.java:460)
        at app//org.apache.hadoop.ipc.CallQueueManager.take(CallQueueManager.java:317)
        at app//org.apache.hadoop.ipc.Server$Handler.run(Server.java:3014)
"IPC Server handler 89 on default port 15002" daemon prio=5 tid=375 timed_waiting
java.lang.Thread.State: TIMED_WAITING
        at java.base@17.0.12/jdk.internal.misc.Unsafe.park(Native Method)
        at java.base@17.0.12/java.util.concurrent.locks.LockSupport.parkNanos(LockSupport.java:252)
        at java.base@17.0.12/java.util.concurrent.locks.AbstractQueuedSynchronizer$ConditionObject.awaitNanos(AbstractQueuedSynchronizer.java:1674)
        at java.base@17.0.12/java.util.concurrent.LinkedBlockingQueue.poll(LinkedBlockingQueue.java:460)
        at app//org.apache.hadoop.ipc.CallQueueManager.take(CallQueueManager.java:317)
        at app//org.apache.hadoop.ipc.Server$Handler.run(Server.java:3014)
"Socket Reader #8 for port 15009"  prio=5 tid=490 runnable
java.lang.Thread.State: RUNNABLE
        at java.base@17.0.12/sun.nio.ch.EPoll.wait(Native Method)
        at java.base@17.0.12/sun.nio.ch.EPollSelectorImpl.doSelect(EPollSelectorImpl.java:118)
        at java.base@17.0.12/sun.nio.ch.SelectorImpl.lockAndDoSelect(SelectorImpl.java:129)
        at java.base@17.0.12/sun.nio.ch.SelectorImpl.select(SelectorImpl.java:146)
        at app//org.apache.hadoop.ipc.Server$Listener$Reader.doRunLoop(Server.java:1346)
        at app//org.apache.hadoop.ipc.Server$Listener$Reader.run(Server.java:1325)
"IPC Server handler 9 on default port 15001" daemon prio=5 tid=195 timed_waiting
java.lang.Thread.State: TIMED_WAITING
        at java.base@17.0.12/jdk.internal.misc.Unsafe.park(Native Method)
        at java.base@17.0.12/java.util.concurrent.locks.LockSupport.parkNanos(LockSupport.java:252)
        at java.base@17.0.12/java.util.concurrent.locks.AbstractQueuedSynchronizer$ConditionObject.awaitNanos(AbstractQueuedSynchronizer.java:1674)
        at java.base@17.0.12/java.util.concurrent.LinkedBlockingQueue.poll(LinkedBlockingQueue.java:460)
        at app//org.apache.hadoop.ipc.CallQueueManager.take(CallQueueManager.java:317)
        at app//org.apache.hadoop.ipc.Server$Handler.run(Server.java:3014)
"IPC Server handler 6 on default port 15021" daemon prio=5 tid=707 timed_waiting
java.lang.Thread.State: TIMED_WAITING
        at java.base@17.0.12/jdk.internal.misc.Unsafe.park(Native Method)
        at java.base@17.0.12/java.util.concurrent.locks.LockSupport.parkNanos(LockSupport.java:252)
        at java.base@17.0.12/java.util.concurrent.locks.AbstractQueuedSynchronizer$ConditionObject.awaitNanos(AbstractQueuedSynchronizer.java:1674)
        at java.base@17.0.12/java.util.concurrent.LinkedBlockingQueue.poll(LinkedBlockingQueue.java:460)
        at app//org.apache.hadoop.ipc.CallQueueManager.take(CallQueueManager.java:317)
        at app//org.apache.hadoop.ipc.Server$Handler.run(Server.java:3014)
"IPC Server handler 39 on default port 15002" daemon prio=5 tid=325 timed_waiting
java.lang.Thread.State: TIMED_WAITING
        at java.base@17.0.12/jdk.internal.misc.Unsafe.park(Native Method)
        at java.base@17.0.12/java.util.concurrent.locks.LockSupport.parkNanos(LockSupport.java:252)
        at java.base@17.0.12/java.util.concurrent.locks.AbstractQueuedSynchronizer$ConditionObject.awaitNanos(AbstractQueuedSynchronizer.java:1674)
        at java.base@17.0.12/java.util.concurrent.LinkedBlockingQueue.poll(LinkedBlockingQueue.java:460)
        at app//org.apache.hadoop.ipc.CallQueueManager.take(CallQueueManager.java:317)
        at app//org.apache.hadoop.ipc.Server$Handler.run(Server.java:3014)
"CompactionDagPruningService" daemon prio=5 tid=402 timed_waiting
java.lang.Thread.State: TIMED_WAITING
        at java.base@17.0.12/jdk.internal.misc.Unsafe.park(Native Method)
        at java.base@17.0.12/java.util.concurrent.locks.LockSupport.parkNanos(LockSupport.java:252)
        at java.base@17.0.12/java.util.concurrent.locks.AbstractQueuedSynchronizer$ConditionObject.awaitNanos(AbstractQueuedSynchronizer.java:1674)
        at java.base@17.0.12/java.util.concurrent.ScheduledThreadPoolExecutor$DelayedWorkQueue.take(ScheduledThreadPoolExecutor.java:1182)
        at java.base@17.0.12/java.util.concurrent.ScheduledThreadPoolExecutor$DelayedWorkQueue.take(ScheduledThreadPoolExecutor.java:899)
        at java.base@17.0.12/java.util.concurrent.ThreadPoolExecutor.getTask(ThreadPoolExecutor.java:1062)
        at java.base@17.0.12/java.util.concurrent.ThreadPoolExecutor.runWorker(ThreadPoolExecutor.java:1122)
        at java.base@17.0.12/java.util.concurrent.ThreadPoolExecutor$Worker.run(ThreadPoolExecutor.java:635)
        at java.base@17.0.12/java.lang.Thread.run(Thread.java:840)
"IPC Server idle connection scanner for port 15001" daemon prio=5 tid=58 timed_waiting
java.lang.Thread.State: TIMED_WAITING
        at java.base@17.0.12/java.lang.Object.wait(Native Method)
        at java.base@17.0.12/java.util.TimerThread.mainLoop(Timer.java:563)
        at java.base@17.0.12/java.util.TimerThread.run(Timer.java:516)
"pool-160-thread-1"  prio=5 tid=723 timed_waiting
java.lang.Thread.State: TIMED_WAITING
        at java.base@17.0.12/jdk.internal.misc.Unsafe.park(Native Method)
        at java.base@17.0.12/java.util.concurrent.locks.LockSupport.parkNanos(LockSupport.java:252)
        at java.base@17.0.12/java.util.concurrent.locks.AbstractQueuedSynchronizer$ConditionObject.awaitNanos(AbstractQueuedSynchronizer.java:1674)
        at java.base@17.0.12/java.util.concurrent.ScheduledThreadPoolExecutor$DelayedWorkQueue.take(ScheduledThreadPoolExecutor.java:1182)
        at java.base@17.0.12/java.util.concurrent.ScheduledThreadPoolExecutor$DelayedWorkQueue.take(ScheduledThreadPoolExecutor.java:899)
        at java.base@17.0.12/java.util.concurrent.ThreadPoolExecutor.getTask(ThreadPoolExecutor.java:1062)
        at java.base@17.0.12/java.util.concurrent.ThreadPoolExecutor.runWorker(ThreadPoolExecutor.java:1122)
        at java.base@17.0.12/java.util.concurrent.ThreadPoolExecutor$Worker.run(ThreadPoolExecutor.java:635)
        at java.base@17.0.12/java.lang.Thread.run(Thread.java:840)
"IPC Server handler 68 on default port 15002" daemon prio=5 tid=354 timed_waiting
java.lang.Thread.State: TIMED_WAITING
        at java.base@17.0.12/jdk.internal.misc.Unsafe.park(Native Method)
        at java.base@17.0.12/java.util.concurrent.locks.LockSupport.parkNanos(LockSupport.java:252)
        at java.base@17.0.12/java.util.concurrent.locks.AbstractQueuedSynchronizer$ConditionObject.awaitNanos(AbstractQueuedSynchronizer.java:1674)
        at java.base@17.0.12/java.util.concurrent.LinkedBlockingQueue.poll(LinkedBlockingQueue.java:460)
        at app//org.apache.hadoop.ipc.CallQueueManager.take(CallQueueManager.java:317)
        at app//org.apache.hadoop.ipc.Server$Handler.run(Server.java:3014)
"Socket Reader #3 for port 15030"  prio=5 tid=736 runnable
java.lang.Thread.State: RUNNABLE
        at java.base@17.0.12/sun.nio.ch.EPoll.wait(Native Method)
        at java.base@17.0.12/sun.nio.ch.EPollSelectorImpl.doSelect(EPollSelectorImpl.java:118)
        at java.base@17.0.12/sun.nio.ch.SelectorImpl.lockAndDoSelect(SelectorImpl.java:129)
        at java.base@17.0.12/sun.nio.ch.SelectorImpl.select(SelectorImpl.java:146)
        at app//org.apache.hadoop.ipc.Server$Listener$Reader.doRunLoop(Server.java:1346)
        at app//org.apache.hadoop.ipc.Server$Listener$Reader.run(Server.java:1325)
"IPC Server listener on 15001" daemon prio=5 tid=47 runnable
java.lang.Thread.State: RUNNABLE
        at java.base@17.0.12/sun.nio.ch.EPoll.wait(Native Method)
        at java.base@17.0.12/sun.nio.ch.EPollSelectorImpl.doSelect(EPollSelectorImpl.java:118)
        at java.base@17.0.12/sun.nio.ch.SelectorImpl.lockAndDoSelect(SelectorImpl.java:129)
        at java.base@17.0.12/sun.nio.ch.SelectorImpl.select(SelectorImpl.java:146)
        at app//org.apache.hadoop.ipc.Server$Listener.run(Server.java:1408)
"ContainerSizeCountTask" daemon prio=5 tid=623 timed_waiting
java.lang.Thread.State: TIMED_WAITING
        at java.base@17.0.12/java.lang.Object.wait(Native Method)
        at app//org.apache.hadoop.ozone.recon.tasks.ContainerSizeCountTask.run(ContainerSizeCountTask.java:94)
        at app//org.apache.hadoop.ozone.recon.scm.ReconScmTask$$Lambda$1600/0x00007f7030d1bbf8.run(Unknown Source)
        at java.base@17.0.12/java.lang.Thread.run(Thread.java:840)
"IPC Server handler 47 on default port 15001" daemon prio=5 tid=233 timed_waiting
java.lang.Thread.State: TIMED_WAITING
        at java.base@17.0.12/jdk.internal.misc.Unsafe.park(Native Method)
        at java.base@17.0.12/java.util.concurrent.locks.LockSupport.parkNanos(LockSupport.java:252)
        at java.base@17.0.12/java.util.concurrent.locks.AbstractQueuedSynchronizer$ConditionObject.awaitNanos(AbstractQueuedSynchronizer.java:1674)
        at java.base@17.0.12/java.util.concurrent.LinkedBlockingQueue.poll(LinkedBlockingQueue.java:460)
        at app//org.apache.hadoop.ipc.CallQueueManager.take(CallQueueManager.java:317)
        at app//org.apache.hadoop.ipc.Server$Handler.run(Server.java:3014)
"IPC Server handler 76 on default port 15002" daemon prio=5 tid=362 timed_waiting
java.lang.Thread.State: TIMED_WAITING
        at java.base@17.0.12/jdk.internal.misc.Unsafe.park(Native Method)
        at java.base@17.0.12/java.util.concurrent.locks.LockSupport.parkNanos(LockSupport.java:252)
        at java.base@17.0.12/java.util.concurrent.locks.AbstractQueuedSynchronizer$ConditionObject.awaitNanos(AbstractQueuedSynchronizer.java:1674)
        at java.base@17.0.12/java.util.concurrent.LinkedBlockingQueue.poll(LinkedBlockingQueue.java:460)
        at app//org.apache.hadoop.ipc.CallQueueManager.take(CallQueueManager.java:317)
        at app//org.apache.hadoop.ipc.Server$Handler.run(Server.java:3014)
"IPC Server handler 65 on default port 15000" daemon prio=5 tid=151 timed_waiting
java.lang.Thread.State: TIMED_WAITING
        at java.base@17.0.12/jdk.internal.misc.Unsafe.park(Native Method)
        at java.base@17.0.12/java.util.concurrent.locks.LockSupport.parkNanos(LockSupport.java:252)
        at java.base@17.0.12/java.util.concurrent.locks.AbstractQueuedSynchronizer$ConditionObject.awaitNanos(AbstractQueuedSynchronizer.java:1674)
        at java.base@17.0.12/java.util.concurrent.LinkedBlockingQueue.poll(LinkedBlockingQueue.java:460)
        at app//org.apache.hadoop.ipc.CallQueueManager.take(CallQueueManager.java:317)
        at app//org.apache.hadoop.ipc.Server$Handler.run(Server.java:3014)
"IPC Server handler 4 on default port 15000" daemon prio=5 tid=90 timed_waiting
java.lang.Thread.State: TIMED_WAITING
        at java.base@17.0.12/jdk.internal.misc.Unsafe.park(Native Method)
        at java.base@17.0.12/java.util.concurrent.locks.LockSupport.parkNanos(LockSupport.java:252)
        at java.base@17.0.12/java.util.concurrent.locks.AbstractQueuedSynchronizer$ConditionObject.awaitNanos(AbstractQueuedSynchronizer.java:1674)
        at java.base@17.0.12/java.util.concurrent.LinkedBlockingQueue.poll(LinkedBlockingQueue.java:460)
        at app//org.apache.hadoop.ipc.CallQueueManager.take(CallQueueManager.java:317)
        at app//org.apache.hadoop.ipc.Server$Handler.run(Server.java:3014)
"qtp665841374-445" daemon prio=5 tid=445 runnable
java.lang.Thread.State: RUNNABLE
        at java.base@17.0.12/sun.nio.ch.EPoll.wait(Native Method)
        at java.base@17.0.12/sun.nio.ch.EPollSelectorImpl.doSelect(EPollSelectorImpl.java:118)
        at java.base@17.0.12/sun.nio.ch.SelectorImpl.lockAndDoSelect(SelectorImpl.java:129)
        at java.base@17.0.12/sun.nio.ch.SelectorImpl.select(SelectorImpl.java:146)
        at app//org.eclipse.jetty.io.ManagedSelector.nioSelect(ManagedSelector.java:183)
        at app//org.eclipse.jetty.io.ManagedSelector.select(ManagedSelector.java:190)
        at app//org.eclipse.jetty.io.ManagedSelector$SelectorProducer.select(ManagedSelector.java:606)
        at app//org.eclipse.jetty.io.ManagedSelector$SelectorProducer.produce(ManagedSelector.java:543)
        at app//org.eclipse.jetty.util.thread.strategy.EatWhatYouKill.produceTask(EatWhatYouKill.java:362)
        at app//org.eclipse.jetty.util.thread.strategy.EatWhatYouKill.doProduce(EatWhatYouKill.java:186)
        at app//org.eclipse.jetty.util.thread.strategy.EatWhatYouKill.tryProduce(EatWhatYouKill.java:173)
        at app//org.eclipse.jetty.util.thread.strategy.EatWhatYouKill.produce(EatWhatYouKill.java:137)
        at app//org.eclipse.jetty.io.ManagedSelector$$Lambda$821/0x00007f7030550440.run(Unknown Source)
        at app//org.eclipse.jetty.util.thread.QueuedThreadPool.runJob(QueuedThreadPool.java:883)
        at app//org.eclipse.jetty.util.thread.QueuedThreadPool$Runner.run(QueuedThreadPool.java:1034)
        at java.base@17.0.12/java.lang.Thread.run(Thread.java:840)
"3ccd597d-6672-4b12-926e-746f973e87fb-ChunkWriter-1-0" daemon prio=5 tid=862 in Object.wait()
java.lang.Thread.State: WAITING (on object monitor)
        at java.base@17.0.12/jdk.internal.misc.Unsafe.park(Native Method)
        at java.base@17.0.12/java.util.concurrent.locks.LockSupport.park(LockSupport.java:341)
        at java.base@17.0.12/java.util.concurrent.locks.AbstractQueuedSynchronizer$ConditionNode.block(AbstractQueuedSynchronizer.java:506)
        at java.base@17.0.12/java.util.concurrent.ForkJoinPool.unmanagedBlock(ForkJoinPool.java:3465)
        at java.base@17.0.12/java.util.concurrent.ForkJoinPool.managedBlock(ForkJoinPool.java:3436)
        at java.base@17.0.12/java.util.concurrent.locks.AbstractQueuedSynchronizer$ConditionObject.await(AbstractQueuedSynchronizer.java:1625)
        at java.base@17.0.12/java.util.concurrent.LinkedBlockingDeque.takeFirst(LinkedBlockingDeque.java:485)
        at java.base@17.0.12/java.util.concurrent.LinkedBlockingDeque.take(LinkedBlockingDeque.java:673)
        at java.base@17.0.12/java.util.concurrent.ThreadPoolExecutor.getTask(ThreadPoolExecutor.java:1062)
        at java.base@17.0.12/java.util.concurrent.ThreadPoolExecutor.runWorker(ThreadPoolExecutor.java:1122)
        at java.base@17.0.12/java.util.concurrent.ThreadPoolExecutor$Worker.run(ThreadPoolExecutor.java:635)
        at java.base@17.0.12/java.lang.Thread.run(Thread.java:840)
"f24c48c6-4a91-44a4-ae9a-fb063e2dd958-CommandProcessorThread" daemon prio=5 tid=670 timed_waiting
java.lang.Thread.State: TIMED_WAITING
        at java.base@17.0.12/java.lang.Thread.sleep(Native Method)
        at app//org.apache.hadoop.ozone.container.common.statemachine.DatanodeStateMachine.lambda$initCommandHandlerThread$4(DatanodeStateMachine.java:670)
        at app//org.apache.hadoop.ozone.container.common.statemachine.DatanodeStateMachine$$Lambda$1694/0x00007f7030d74e90.run(Unknown Source)
        at java.base@17.0.12/java.lang.Thread.run(Thread.java:840)
"IPC Server handler 38 on default port 15001" daemon prio=5 tid=224 timed_waiting
java.lang.Thread.State: TIMED_WAITING
        at java.base@17.0.12/jdk.internal.misc.Unsafe.park(Native Method)
        at java.base@17.0.12/java.util.concurrent.locks.LockSupport.parkNanos(LockSupport.java:252)
        at java.base@17.0.12/java.util.concurrent.locks.AbstractQueuedSynchronizer$ConditionObject.awaitNanos(AbstractQueuedSynchronizer.java:1674)
        at java.base@17.0.12/java.util.concurrent.LinkedBlockingQueue.poll(LinkedBlockingQueue.java:460)
        at app//org.apache.hadoop.ipc.CallQueueManager.take(CallQueueManager.java:317)
        at app//org.apache.hadoop.ipc.Server$Handler.run(Server.java:3014)
"IPC Server handler 43 on default port 15002" daemon prio=5 tid=329 timed_waiting
java.lang.Thread.State: TIMED_WAITING
        at java.base@17.0.12/jdk.internal.misc.Unsafe.park(Native Method)
        at java.base@17.0.12/java.util.concurrent.locks.LockSupport.parkNanos(LockSupport.java:252)
        at java.base@17.0.12/java.util.concurrent.locks.AbstractQueuedSynchronizer$ConditionObject.awaitNanos(AbstractQueuedSynchronizer.java:1674)
        at java.base@17.0.12/java.util.concurrent.LinkedBlockingQueue.poll(LinkedBlockingQueue.java:460)
        at app//org.apache.hadoop.ipc.CallQueueManager.take(CallQueueManager.java:317)
        at app//org.apache.hadoop.ipc.Server$Handler.run(Server.java:3014)
"om1-SstFilteringService#0" daemon prio=5 tid=439 timed_waiting
java.lang.Thread.State: TIMED_WAITING
        at java.base@17.0.12/jdk.internal.misc.Unsafe.park(Native Method)
        at java.base@17.0.12/java.util.concurrent.locks.LockSupport.parkNanos(LockSupport.java:252)
        at java.base@17.0.12/java.util.concurrent.locks.AbstractQueuedSynchronizer$ConditionObject.awaitNanos(AbstractQueuedSynchronizer.java:1674)
        at java.base@17.0.12/java.util.concurrent.ScheduledThreadPoolExecutor$DelayedWorkQueue.take(ScheduledThreadPoolExecutor.java:1182)
        at java.base@17.0.12/java.util.concurrent.ScheduledThreadPoolExecutor$DelayedWorkQueue.take(ScheduledThreadPoolExecutor.java:899)
        at java.base@17.0.12/java.util.concurrent.ThreadPoolExecutor.getTask(ThreadPoolExecutor.java:1062)
        at java.base@17.0.12/java.util.concurrent.ThreadPoolExecutor.runWorker(ThreadPoolExecutor.java:1122)
        at java.base@17.0.12/java.util.concurrent.ThreadPoolExecutor$Worker.run(ThreadPoolExecutor.java:635)
        at java.base@17.0.12/java.lang.Thread.run(Thread.java:840)
"qtp665841374-449" daemon prio=5 tid=449 timed_waiting
java.lang.Thread.State: TIMED_WAITING
        at java.base@17.0.12/jdk.internal.misc.Unsafe.park(Native Method)
        at java.base@17.0.12/java.util.concurrent.locks.LockSupport.parkNanos(LockSupport.java:252)
        at java.base@17.0.12/java.util.concurrent.locks.AbstractQueuedSynchronizer$ConditionObject.awaitNanos(AbstractQueuedSynchronizer.java:1674)
        at app//org.eclipse.jetty.util.BlockingArrayQueue.poll(BlockingArrayQueue.java:382)
        at app//org.eclipse.jetty.util.thread.QueuedThreadPool$Runner.idleJobPoll(QueuedThreadPool.java:974)
        at app//org.eclipse.jetty.util.thread.QueuedThreadPool$Runner.run(QueuedThreadPool.java:1018)
        at java.base@17.0.12/java.lang.Thread.run(Thread.java:840)
"qtp910917825-685" daemon prio=5 tid=685 timed_waiting
java.lang.Thread.State: TIMED_WAITING
        at java.base@17.0.12/jdk.internal.misc.Unsafe.park(Native Method)
        at java.base@17.0.12/java.util.concurrent.locks.LockSupport.parkNanos(LockSupport.java:252)
        at java.base@17.0.12/java.util.concurrent.locks.AbstractQueuedSynchronizer$ConditionObject.awaitNanos(AbstractQueuedSynchronizer.java:1674)
        at app//org.eclipse.jetty.util.BlockingArrayQueue.poll(BlockingArrayQueue.java:382)
        at app//org.eclipse.jetty.util.thread.QueuedThreadPool$Runner.idleJobPoll(QueuedThreadPool.java:974)
        at app//org.eclipse.jetty.util.thread.QueuedThreadPool$Runner.run(QueuedThreadPool.java:1018)
        at java.base@17.0.12/java.lang.Thread.run(Thread.java:840)
"IPC Server handler 11 on default port 15001" daemon prio=5 tid=197 timed_waiting
java.lang.Thread.State: TIMED_WAITING
        at java.base@17.0.12/jdk.internal.misc.Unsafe.park(Native Method)
        at java.base@17.0.12/java.util.concurrent.locks.LockSupport.parkNanos(LockSupport.java:252)
        at java.base@17.0.12/java.util.concurrent.locks.AbstractQueuedSynchronizer$ConditionObject.awaitNanos(AbstractQueuedSynchronizer.java:1674)
        at java.base@17.0.12/java.util.concurrent.LinkedBlockingQueue.poll(LinkedBlockingQueue.java:460)
        at app//org.apache.hadoop.ipc.CallQueueManager.take(CallQueueManager.java:317)
        at app//org.apache.hadoop.ipc.Server$Handler.run(Server.java:3014)
"IPC Server handler 18 on default port 15000" daemon prio=5 tid=104 timed_waiting
java.lang.Thread.State: TIMED_WAITING
        at java.base@17.0.12/jdk.internal.misc.Unsafe.park(Native Method)
        at java.base@17.0.12/java.util.concurrent.locks.LockSupport.parkNanos(LockSupport.java:252)
        at java.base@17.0.12/java.util.concurrent.locks.AbstractQueuedSynchronizer$ConditionObject.awaitNanos(AbstractQueuedSynchronizer.java:1674)
        at java.base@17.0.12/java.util.concurrent.LinkedBlockingQueue.poll(LinkedBlockingQueue.java:460)
        at app//org.apache.hadoop.ipc.CallQueueManager.take(CallQueueManager.java:317)
        at app//org.apache.hadoop.ipc.Server$Handler.run(Server.java:3014)
"Socket Reader #9 for port 15012"  prio=5 tid=650 runnable
java.lang.Thread.State: RUNNABLE
        at java.base@17.0.12/sun.nio.ch.EPoll.wait(Native Method)
        at java.base@17.0.12/sun.nio.ch.EPollSelectorImpl.doSelect(EPollSelectorImpl.java:118)
        at java.base@17.0.12/sun.nio.ch.SelectorImpl.lockAndDoSelect(SelectorImpl.java:129)
        at java.base@17.0.12/sun.nio.ch.SelectorImpl.select(SelectorImpl.java:146)
        at app//org.apache.hadoop.ipc.Server$Listener$Reader.doRunLoop(Server.java:1346)
        at app//org.apache.hadoop.ipc.Server$Listener$Reader.run(Server.java:1325)
"IPC Server handler 50 on default port 15001" daemon prio=5 tid=236 timed_waiting
java.lang.Thread.State: TIMED_WAITING
        at java.base@17.0.12/jdk.internal.misc.Unsafe.park(Native Method)
        at java.base@17.0.12/java.util.concurrent.locks.LockSupport.parkNanos(LockSupport.java:252)
        at java.base@17.0.12/java.util.concurrent.locks.AbstractQueuedSynchronizer$ConditionObject.awaitNanos(AbstractQueuedSynchronizer.java:1674)
        at java.base@17.0.12/java.util.concurrent.LinkedBlockingQueue.poll(LinkedBlockingQueue.java:460)
        at app//org.apache.hadoop.ipc.CallQueueManager.take(CallQueueManager.java:317)
        at app//org.apache.hadoop.ipc.Server$Handler.run(Server.java:3014)
"IPC Server handler 55 on default port 15001" daemon prio=5 tid=241 timed_waiting
java.lang.Thread.State: TIMED_WAITING
        at java.base@17.0.12/jdk.internal.misc.Unsafe.park(Native Method)
        at java.base@17.0.12/java.util.concurrent.locks.LockSupport.parkNanos(LockSupport.java:252)
        at java.base@17.0.12/java.util.concurrent.locks.AbstractQueuedSynchronizer$ConditionObject.awaitNanos(AbstractQueuedSynchronizer.java:1674)
        at java.base@17.0.12/java.util.concurrent.LinkedBlockingQueue.poll(LinkedBlockingQueue.java:460)
        at app//org.apache.hadoop.ipc.CallQueueManager.take(CallQueueManager.java:317)
        at app//org.apache.hadoop.ipc.Server$Handler.run(Server.java:3014)
"IPC Server handler 51 on default port 15002" daemon prio=5 tid=337 timed_waiting
java.lang.Thread.State: TIMED_WAITING
        at java.base@17.0.12/jdk.internal.misc.Unsafe.park(Native Method)
        at java.base@17.0.12/java.util.concurrent.locks.LockSupport.parkNanos(LockSupport.java:252)
        at java.base@17.0.12/java.util.concurrent.locks.AbstractQueuedSynchronizer$ConditionObject.awaitNanos(AbstractQueuedSynchronizer.java:1674)
        at java.base@17.0.12/java.util.concurrent.LinkedBlockingQueue.poll(LinkedBlockingQueue.java:460)
        at app//org.apache.hadoop.ipc.CallQueueManager.take(CallQueueManager.java:317)
        at app//org.apache.hadoop.ipc.Server$Handler.run(Server.java:3014)
"FixedThreadPoolWithAffinityExecutor-2-0" daemon prio=5 tid=77 timed_waiting
java.lang.Thread.State: TIMED_WAITING
        at java.base@17.0.12/jdk.internal.misc.Unsafe.park(Native Method)
        at java.base@17.0.12/java.util.concurrent.locks.LockSupport.parkNanos(LockSupport.java:252)
        at java.base@17.0.12/java.util.concurrent.locks.AbstractQueuedSynchronizer$ConditionObject.awaitNanos(AbstractQueuedSynchronizer.java:1674)
        at java.base@17.0.12/java.util.concurrent.LinkedBlockingQueue.poll(LinkedBlockingQueue.java:460)
        at app//org.apache.hadoop.hdds.scm.server.ContainerReportQueue.poll(ContainerReportQueue.java:269)
        at app//org.apache.hadoop.hdds.scm.server.ContainerReportQueue.poll(ContainerReportQueue.java:42)
        at app//org.apache.hadoop.hdds.server.events.FixedThreadPoolWithAffinityExecutor$ContainerReportProcessTask.run(FixedThreadPoolWithAffinityExecutor.java:253)
        at java.base@17.0.12/java.util.concurrent.Executors$RunnableAdapter.call(Executors.java:539)
        at java.base@17.0.12/java.util.concurrent.FutureTask.run(FutureTask.java:264)
        at java.base@17.0.12/java.util.concurrent.ThreadPoolExecutor.runWorker(ThreadPoolExecutor.java:1136)
        at java.base@17.0.12/java.util.concurrent.ThreadPoolExecutor$Worker.run(ThreadPoolExecutor.java:635)
        at java.base@17.0.12/java.lang.Thread.run(Thread.java:840)
"f24c48c6-4a91-44a4-ae9a-fb063e2dd958-PipelineCommandHandlerThread-0"  prio=5 tid=899 in Object.wait()
java.lang.Thread.State: WAITING (on object monitor)
        at java.base@17.0.12/jdk.internal.misc.Unsafe.park(Native Method)
        at java.base@17.0.12/java.util.concurrent.locks.LockSupport.park(LockSupport.java:341)
        at java.base@17.0.12/java.util.concurrent.locks.AbstractQueuedSynchronizer$ConditionNode.block(AbstractQueuedSynchronizer.java:506)
        at java.base@17.0.12/java.util.concurrent.ForkJoinPool.unmanagedBlock(ForkJoinPool.java:3465)
        at java.base@17.0.12/java.util.concurrent.ForkJoinPool.managedBlock(ForkJoinPool.java:3436)
        at java.base@17.0.12/java.util.concurrent.locks.AbstractQueuedSynchronizer$ConditionObject.await(AbstractQueuedSynchronizer.java:1625)
        at java.base@17.0.12/java.util.concurrent.LinkedBlockingQueue.take(LinkedBlockingQueue.java:435)
        at java.base@17.0.12/java.util.concurrent.ThreadPoolExecutor.getTask(ThreadPoolExecutor.java:1062)
        at java.base@17.0.12/java.util.concurrent.ThreadPoolExecutor.runWorker(ThreadPoolExecutor.java:1122)
        at java.base@17.0.12/java.util.concurrent.ThreadPoolExecutor$Worker.run(ThreadPoolExecutor.java:635)
        at java.base@17.0.12/java.lang.Thread.run(Thread.java:840)
"3ccd597d-6672-4b12-926e-746f973e87fb@group-17EC0FEA1F1B-cacheEviction-AwaitToRun" daemon prio=5 tid=944 in Object.wait()
java.lang.Thread.State: WAITING (on object monitor)
        at java.base@17.0.12/jdk.internal.misc.Unsafe.park(Native Method)
        at java.base@17.0.12/java.util.concurrent.locks.LockSupport.park(LockSupport.java:341)
        at java.base@17.0.12/java.util.concurrent.locks.AbstractQueuedSynchronizer$ConditionNode.block(AbstractQueuedSynchronizer.java:506)
        at java.base@17.0.12/java.util.concurrent.ForkJoinPool.unmanagedBlock(ForkJoinPool.java:3465)
        at java.base@17.0.12/java.util.concurrent.ForkJoinPool.managedBlock(ForkJoinPool.java:3436)
        at java.base@17.0.12/java.util.concurrent.locks.AbstractQueuedSynchronizer$ConditionObject.await(AbstractQueuedSynchronizer.java:1625)
        at app//org.apache.ratis.util.AwaitForSignal.await(AwaitForSignal.java:48)
        at app//org.apache.ratis.util.AwaitToRun$RunnableImpl.run(AwaitToRun.java:47)
        at java.base@17.0.12/java.lang.Thread.run(Thread.java:840)
"IPC Server handler 13 on default port 15002" daemon prio=5 tid=299 timed_waiting
java.lang.Thread.State: TIMED_WAITING
        at java.base@17.0.12/jdk.internal.misc.Unsafe.park(Native Method)
        at java.base@17.0.12/java.util.concurrent.locks.LockSupport.parkNanos(LockSupport.java:252)
        at java.base@17.0.12/java.util.concurrent.locks.AbstractQueuedSynchronizer$ConditionObject.awaitNanos(AbstractQueuedSynchronizer.java:1674)
        at java.base@17.0.12/java.util.concurrent.LinkedBlockingQueue.poll(LinkedBlockingQueue.java:460)
        at app//org.apache.hadoop.ipc.CallQueueManager.take(CallQueueManager.java:317)
        at app//org.apache.hadoop.ipc.Server$Handler.run(Server.java:3014)
"StaleRecoveringContainerScrubbingService#0" daemon prio=5 tid=849 timed_waiting
java.lang.Thread.State: TIMED_WAITING
        at java.base@17.0.12/jdk.internal.misc.Unsafe.park(Native Method)
        at java.base@17.0.12/java.util.concurrent.locks.LockSupport.parkNanos(LockSupport.java:252)
        at java.base@17.0.12/java.util.concurrent.locks.AbstractQueuedSynchronizer$ConditionObject.awaitNanos(AbstractQueuedSynchronizer.java:1674)
        at java.base@17.0.12/java.util.concurrent.ScheduledThreadPoolExecutor$DelayedWorkQueue.take(ScheduledThreadPoolExecutor.java:1182)
        at java.base@17.0.12/java.util.concurrent.ScheduledThreadPoolExecutor$DelayedWorkQueue.take(ScheduledThreadPoolExecutor.java:899)
        at java.base@17.0.12/java.util.concurrent.ThreadPoolExecutor.getTask(ThreadPoolExecutor.java:1062)
        at java.base@17.0.12/java.util.concurrent.ThreadPoolExecutor.runWorker(ThreadPoolExecutor.java:1122)
        at java.base@17.0.12/java.util.concurrent.ThreadPoolExecutor$Worker.run(ThreadPoolExecutor.java:635)
        at java.base@17.0.12/java.lang.Thread.run(Thread.java:840)
"IPC Server handler 21 on default port 15001" daemon prio=5 tid=207 timed_waiting
java.lang.Thread.State: TIMED_WAITING
        at java.base@17.0.12/jdk.internal.misc.Unsafe.park(Native Method)
        at java.base@17.0.12/java.util.concurrent.locks.LockSupport.parkNanos(LockSupport.java:252)
        at java.base@17.0.12/java.util.concurrent.locks.AbstractQueuedSynchronizer$ConditionObject.awaitNanos(AbstractQueuedSynchronizer.java:1674)
        at java.base@17.0.12/java.util.concurrent.LinkedBlockingQueue.poll(LinkedBlockingQueue.java:460)
        at app//org.apache.hadoop.ipc.CallQueueManager.take(CallQueueManager.java:317)
        at app//org.apache.hadoop.ipc.Server$Handler.run(Server.java:3014)
"IPC Server handler 26 on default port 15002" daemon prio=5 tid=312 timed_waiting
java.lang.Thread.State: TIMED_WAITING
        at java.base@17.0.12/jdk.internal.misc.Unsafe.park(Native Method)
        at java.base@17.0.12/java.util.concurrent.locks.LockSupport.parkNanos(LockSupport.java:252)
        at java.base@17.0.12/java.util.concurrent.locks.AbstractQueuedSynchronizer$ConditionObject.awaitNanos(AbstractQueuedSynchronizer.java:1674)
        at java.base@17.0.12/java.util.concurrent.LinkedBlockingQueue.poll(LinkedBlockingQueue.java:460)
        at app//org.apache.hadoop.ipc.CallQueueManager.take(CallQueueManager.java:317)
        at app//org.apache.hadoop.ipc.Server$Handler.run(Server.java:3014)
"IPC Server handler 0 on default port 15009" daemon prio=5 tid=519 timed_waiting
java.lang.Thread.State: TIMED_WAITING
        at java.base@17.0.12/jdk.internal.misc.Unsafe.park(Native Method)
        at java.base@17.0.12/java.util.concurrent.locks.LockSupport.parkNanos(LockSupport.java:252)
        at java.base@17.0.12/java.util.concurrent.locks.AbstractQueuedSynchronizer$ConditionObject.awaitNanos(AbstractQueuedSynchronizer.java:1674)
        at java.base@17.0.12/java.util.concurrent.LinkedBlockingQueue.poll(LinkedBlockingQueue.java:460)
        at app//org.apache.hadoop.ipc.CallQueueManager.take(CallQueueManager.java:317)
        at app//org.apache.hadoop.ipc.Server$Handler.run(Server.java:3014)
"grpc-default-executor-1" daemon prio=5 tid=976 timed_waiting
java.lang.Thread.State: TIMED_WAITING
        at java.base@17.0.12/jdk.internal.misc.Unsafe.park(Native Method)
        at java.base@17.0.12/java.util.concurrent.locks.LockSupport.parkNanos(LockSupport.java:252)
        at java.base@17.0.12/java.util.concurrent.SynchronousQueue$TransferStack.transfer(SynchronousQueue.java:401)
        at java.base@17.0.12/java.util.concurrent.SynchronousQueue.poll(SynchronousQueue.java:903)
        at java.base@17.0.12/java.util.concurrent.ThreadPoolExecutor.getTask(ThreadPoolExecutor.java:1061)
        at java.base@17.0.12/java.util.concurrent.ThreadPoolExecutor.runWorker(ThreadPoolExecutor.java:1122)
        at java.base@17.0.12/java.util.concurrent.ThreadPoolExecutor$Worker.run(ThreadPoolExecutor.java:635)
        at java.base@17.0.12/java.lang.Thread.run(Thread.java:840)
"JvmPauseMonitor1" daemon prio=5 tid=431 timed_waiting
java.lang.Thread.State: TIMED_WAITING
        at java.base@17.0.12/java.lang.Thread.sleep(Native Method)
        at java.base@17.0.12/java.lang.Thread.sleep(Thread.java:344)
        at java.base@17.0.12/java.util.concurrent.TimeUnit.sleep(TimeUnit.java:446)
        at app//org.apache.ratis.util.TimeDuration.sleep(TimeDuration.java:353)
        at app//org.apache.ratis.util.TimeDuration.sleep(TimeDuration.java:338)
        at app//org.apache.ratis.util.JvmPauseMonitor.detectPause(JvmPauseMonitor.java:160)
        at app//org.apache.ratis.util.JvmPauseMonitor.run(JvmPauseMonitor.java:149)
        at app//org.apache.ratis.util.JvmPauseMonitor$$Lambda$781/0x00007f70304f5d20.run(Unknown Source)
        at java.base@17.0.12/java.lang.Thread.run(Thread.java:840)
"Recon-FixedThreadPoolWithAffinityExecutor-2-0" daemon prio=5 tid=498 timed_waiting
java.lang.Thread.State: TIMED_WAITING
        at java.base@17.0.12/jdk.internal.misc.Unsafe.park(Native Method)
        at java.base@17.0.12/java.util.concurrent.locks.LockSupport.parkNanos(LockSupport.java:252)
        at java.base@17.0.12/java.util.concurrent.locks.AbstractQueuedSynchronizer$ConditionObject.awaitNanos(AbstractQueuedSynchronizer.java:1674)
        at java.base@17.0.12/java.util.concurrent.LinkedBlockingQueue.poll(LinkedBlockingQueue.java:460)
        at app//org.apache.hadoop.hdds.scm.server.ContainerReportQueue.poll(ContainerReportQueue.java:269)
        at app//org.apache.hadoop.hdds.scm.server.ContainerReportQueue.poll(ContainerReportQueue.java:42)
        at app//org.apache.hadoop.hdds.server.events.FixedThreadPoolWithAffinityExecutor$ContainerReportProcessTask.run(FixedThreadPoolWithAffinityExecutor.java:253)
        at java.base@17.0.12/java.util.concurrent.Executors$RunnableAdapter.call(Executors.java:539)
        at java.base@17.0.12/java.util.concurrent.FutureTask.run(FutureTask.java:264)
        at java.base@17.0.12/java.util.concurrent.ThreadPoolExecutor.runWorker(ThreadPoolExecutor.java:1136)
        at java.base@17.0.12/java.util.concurrent.ThreadPoolExecutor$Worker.run(ThreadPoolExecutor.java:635)
        at java.base@17.0.12/java.lang.Thread.run(Thread.java:840)
"89da30bd-cbf9-4a7b-a1ff-1f6963324f22-ChunkWriter-2-0" daemon prio=5 tid=844 in Object.wait()
java.lang.Thread.State: WAITING (on object monitor)
        at java.base@17.0.12/jdk.internal.misc.Unsafe.park(Native Method)
        at java.base@17.0.12/java.util.concurrent.locks.LockSupport.park(LockSupport.java:341)
        at java.base@17.0.12/java.util.concurrent.locks.AbstractQueuedSynchronizer$ConditionNode.block(AbstractQueuedSynchronizer.java:506)
        at java.base@17.0.12/java.util.concurrent.ForkJoinPool.unmanagedBlock(ForkJoinPool.java:3465)
        at java.base@17.0.12/java.util.concurrent.ForkJoinPool.managedBlock(ForkJoinPool.java:3436)
        at java.base@17.0.12/java.util.concurrent.locks.AbstractQueuedSynchronizer$ConditionObject.await(AbstractQueuedSynchronizer.java:1625)
        at java.base@17.0.12/java.util.concurrent.LinkedBlockingDeque.takeFirst(LinkedBlockingDeque.java:485)
        at java.base@17.0.12/java.util.concurrent.LinkedBlockingDeque.take(LinkedBlockingDeque.java:673)
        at java.base@17.0.12/java.util.concurrent.ThreadPoolExecutor.getTask(ThreadPoolExecutor.java:1062)
        at java.base@17.0.12/java.util.concurrent.ThreadPoolExecutor.runWorker(ThreadPoolExecutor.java:1122)
        at java.base@17.0.12/java.util.concurrent.ThreadPoolExecutor$Worker.run(ThreadPoolExecutor.java:635)
        at java.base@17.0.12/java.lang.Thread.run(Thread.java:840)
"IPC Server handler 15 on default port 15002" daemon prio=5 tid=301 timed_waiting
java.lang.Thread.State: TIMED_WAITING
        at java.base@17.0.12/jdk.internal.misc.Unsafe.park(Native Method)
        at java.base@17.0.12/java.util.concurrent.locks.LockSupport.parkNanos(LockSupport.java:252)
        at java.base@17.0.12/java.util.concurrent.locks.AbstractQueuedSynchronizer$ConditionObject.awaitNanos(AbstractQueuedSynchronizer.java:1674)
        at java.base@17.0.12/java.util.concurrent.LinkedBlockingQueue.poll(LinkedBlockingQueue.java:460)
        at app//org.apache.hadoop.ipc.CallQueueManager.take(CallQueueManager.java:317)
        at app//org.apache.hadoop.ipc.Server$Handler.run(Server.java:3014)
"3ccd597d-6672-4b12-926e-746f973e87fb@group-17EC0FEA1F1B-StateMachineUpdater" daemon prio=5 tid=947 timed_waiting
java.lang.Thread.State: TIMED_WAITING
        at java.base@17.0.12/jdk.internal.misc.Unsafe.park(Native Method)
        at java.base@17.0.12/java.util.concurrent.locks.LockSupport.parkNanos(LockSupport.java:252)
        at java.base@17.0.12/java.util.concurrent.locks.AbstractQueuedSynchronizer$ConditionObject.await(AbstractQueuedSynchronizer.java:1759)
        at app//org.apache.ratis.util.AwaitForSignal.await(AwaitForSignal.java:65)
        at app//org.apache.ratis.server.impl.StateMachineUpdater.waitForCommit(StateMachineUpdater.java:219)
        at app//org.apache.ratis.server.impl.StateMachineUpdater.run(StateMachineUpdater.java:187)
        at java.base@17.0.12/java.lang.Thread.run(Thread.java:840)
"3ccd597d-6672-4b12-926e-746f973e87fb-DatanodeStateMachineTaskThread-0"  prio=5 tid=763 in Object.wait()
java.lang.Thread.State: WAITING (on object monitor)
        at java.base@17.0.12/jdk.internal.misc.Unsafe.park(Native Method)
        at java.base@17.0.12/java.util.concurrent.locks.LockSupport.park(LockSupport.java:341)
        at java.base@17.0.12/java.util.concurrent.locks.AbstractQueuedSynchronizer$ConditionNode.block(AbstractQueuedSynchronizer.java:506)
        at java.base@17.0.12/java.util.concurrent.ForkJoinPool.unmanagedBlock(ForkJoinPool.java:3465)
        at java.base@17.0.12/java.util.concurrent.ForkJoinPool.managedBlock(ForkJoinPool.java:3436)
        at java.base@17.0.12/java.util.concurrent.locks.AbstractQueuedSynchronizer$ConditionObject.await(AbstractQueuedSynchronizer.java:1625)
        at java.base@17.0.12/java.util.concurrent.LinkedBlockingQueue.take(LinkedBlockingQueue.java:435)
        at java.base@17.0.12/java.util.concurrent.ThreadPoolExecutor.getTask(ThreadPoolExecutor.java:1062)
        at java.base@17.0.12/java.util.concurrent.ThreadPoolExecutor.runWorker(ThreadPoolExecutor.java:1122)
        at java.base@17.0.12/java.util.concurrent.ThreadPoolExecutor$Worker.run(ThreadPoolExecutor.java:635)
        at java.base@17.0.12/java.lang.Thread.run(Thread.java:840)
"IPC Server handler 17 on default port 15004" daemon prio=5 tid=469 timed_waiting
java.lang.Thread.State: TIMED_WAITING
        at java.base@17.0.12/jdk.internal.misc.Unsafe.park(Native Method)
        at java.base@17.0.12/java.util.concurrent.locks.LockSupport.parkNanos(LockSupport.java:252)
        at java.base@17.0.12/java.util.concurrent.locks.AbstractQueuedSynchronizer$ConditionObject.awaitNanos(AbstractQueuedSynchronizer.java:1674)
        at java.base@17.0.12/java.util.concurrent.LinkedBlockingQueue.poll(LinkedBlockingQueue.java:460)
        at app//org.apache.hadoop.ipc.CallQueueManager.take(CallQueueManager.java:317)
        at app//org.apache.hadoop.ipc.Server$Handler.run(Server.java:3014)
"IPC Server handler 20 on default port 15009" daemon prio=5 tid=539 timed_waiting
java.lang.Thread.State: TIMED_WAITING
        at java.base@17.0.12/jdk.internal.misc.Unsafe.park(Native Method)
        at java.base@17.0.12/java.util.concurrent.locks.LockSupport.parkNanos(LockSupport.java:252)
        at java.base@17.0.12/java.util.concurrent.locks.AbstractQueuedSynchronizer$ConditionObject.awaitNanos(AbstractQueuedSynchronizer.java:1674)
        at java.base@17.0.12/java.util.concurrent.LinkedBlockingQueue.poll(LinkedBlockingQueue.java:460)
        at app//org.apache.hadoop.ipc.CallQueueManager.take(CallQueueManager.java:317)
        at app//org.apache.hadoop.ipc.Server$Handler.run(Server.java:3014)
"IPC Server handler 6 on default port 15012" daemon prio=5 tid=661 timed_waiting
java.lang.Thread.State: TIMED_WAITING
        at java.base@17.0.12/jdk.internal.misc.Unsafe.park(Native Method)
        at java.base@17.0.12/java.util.concurrent.locks.LockSupport.parkNanos(LockSupport.java:252)
        at java.base@17.0.12/java.util.concurrent.locks.AbstractQueuedSynchronizer$ConditionObject.awaitNanos(AbstractQueuedSynchronizer.java:1674)
        at java.base@17.0.12/java.util.concurrent.LinkedBlockingQueue.poll(LinkedBlockingQueue.java:460)
        at app//org.apache.hadoop.ipc.CallQueueManager.take(CallQueueManager.java:317)
        at app//org.apache.hadoop.ipc.Server$Handler.run(Server.java:3014)
"IPC Server handler 7 on default port 15009" daemon prio=5 tid=526 timed_waiting
java.lang.Thread.State: TIMED_WAITING
        at java.base@17.0.12/jdk.internal.misc.Unsafe.park(Native Method)
        at java.base@17.0.12/java.util.concurrent.locks.LockSupport.parkNanos(LockSupport.java:252)
        at java.base@17.0.12/java.util.concurrent.locks.AbstractQueuedSynchronizer$ConditionObject.awaitNanos(AbstractQueuedSynchronizer.java:1674)
        at java.base@17.0.12/java.util.concurrent.LinkedBlockingQueue.poll(LinkedBlockingQueue.java:460)
        at app//org.apache.hadoop.ipc.CallQueueManager.take(CallQueueManager.java:317)
        at app//org.apache.hadoop.ipc.Server$Handler.run(Server.java:3014)
"qtp1907999535-729" daemon prio=5 tid=729 timed_waiting
java.lang.Thread.State: TIMED_WAITING
        at java.base@17.0.12/jdk.internal.misc.Unsafe.park(Native Method)
        at java.base@17.0.12/java.util.concurrent.locks.LockSupport.parkNanos(LockSupport.java:252)
        at java.base@17.0.12/java.util.concurrent.locks.AbstractQueuedSynchronizer$ConditionObject.awaitNanos(AbstractQueuedSynchronizer.java:1674)
        at app//org.eclipse.jetty.util.BlockingArrayQueue.poll(BlockingArrayQueue.java:382)
        at app//org.eclipse.jetty.util.thread.QueuedThreadPool$Runner.idleJobPoll(QueuedThreadPool.java:974)
        at app//org.eclipse.jetty.util.thread.QueuedThreadPool$Runner.run(QueuedThreadPool.java:1018)
        at java.base@17.0.12/java.lang.Thread.run(Thread.java:840)
"IPC Server handler 93 on default port 15000" daemon prio=5 tid=179 timed_waiting
java.lang.Thread.State: TIMED_WAITING
        at java.base@17.0.12/jdk.internal.misc.Unsafe.park(Native Method)
        at java.base@17.0.12/java.util.concurrent.locks.LockSupport.parkNanos(LockSupport.java:252)
        at java.base@17.0.12/java.util.concurrent.locks.AbstractQueuedSynchronizer$ConditionObject.awaitNanos(AbstractQueuedSynchronizer.java:1674)
        at java.base@17.0.12/java.util.concurrent.LinkedBlockingQueue.poll(LinkedBlockingQueue.java:460)
        at app//org.apache.hadoop.ipc.CallQueueManager.take(CallQueueManager.java:317)
        at app//org.apache.hadoop.ipc.Server$Handler.run(Server.java:3014)
"IPC Server handler 23 on default port 15002" daemon prio=5 tid=309 timed_waiting
java.lang.Thread.State: TIMED_WAITING
        at java.base@17.0.12/jdk.internal.misc.Unsafe.park(Native Method)
        at java.base@17.0.12/java.util.concurrent.locks.LockSupport.parkNanos(LockSupport.java:252)
        at java.base@17.0.12/java.util.concurrent.locks.AbstractQueuedSynchronizer$ConditionObject.awaitNanos(AbstractQueuedSynchronizer.java:1674)
        at java.base@17.0.12/java.util.concurrent.LinkedBlockingQueue.poll(LinkedBlockingQueue.java:460)
        at app//org.apache.hadoop.ipc.CallQueueManager.take(CallQueueManager.java:317)
        at app//org.apache.hadoop.ipc.Server$Handler.run(Server.java:3014)
"MutableQuantiles-0" daemon prio=5 tid=629 timed_waiting
java.lang.Thread.State: TIMED_WAITING
        at java.base@17.0.12/jdk.internal.misc.Unsafe.park(Native Method)
        at java.base@17.0.12/java.util.concurrent.locks.LockSupport.parkNanos(LockSupport.java:252)
        at java.base@17.0.12/java.util.concurrent.locks.AbstractQueuedSynchronizer$ConditionObject.awaitNanos(AbstractQueuedSynchronizer.java:1674)
        at java.base@17.0.12/java.util.concurrent.ScheduledThreadPoolExecutor$DelayedWorkQueue.take(ScheduledThreadPoolExecutor.java:1182)
        at java.base@17.0.12/java.util.concurrent.ScheduledThreadPoolExecutor$DelayedWorkQueue.take(ScheduledThreadPoolExecutor.java:899)
        at java.base@17.0.12/java.util.concurrent.ThreadPoolExecutor.getTask(ThreadPoolExecutor.java:1062)
        at java.base@17.0.12/java.util.concurrent.ThreadPoolExecutor.runWorker(ThreadPoolExecutor.java:1122)
        at java.base@17.0.12/java.util.concurrent.ThreadPoolExecutor$Worker.run(ThreadPoolExecutor.java:635)
        at java.base@17.0.12/java.lang.Thread.run(Thread.java:840)
"IPC Server handler 59 on default port 15002" daemon prio=5 tid=345 timed_waiting
java.lang.Thread.State: TIMED_WAITING
        at java.base@17.0.12/jdk.internal.misc.Unsafe.park(Native Method)
        at java.base@17.0.12/java.util.concurrent.locks.LockSupport.parkNanos(LockSupport.java:252)
        at java.base@17.0.12/java.util.concurrent.locks.AbstractQueuedSynchronizer$ConditionObject.awaitNanos(AbstractQueuedSynchronizer.java:1674)
        at java.base@17.0.12/java.util.concurrent.LinkedBlockingQueue.poll(LinkedBlockingQueue.java:460)
        at app//org.apache.hadoop.ipc.CallQueueManager.take(CallQueueManager.java:317)
        at app//org.apache.hadoop.ipc.Server$Handler.run(Server.java:3014)
"Socket Reader #1 for port 15030"  prio=5 tid=734 runnable
java.lang.Thread.State: RUNNABLE
        at java.base@17.0.12/sun.nio.ch.EPoll.wait(Native Method)
        at java.base@17.0.12/sun.nio.ch.EPollSelectorImpl.doSelect(EPollSelectorImpl.java:118)
        at java.base@17.0.12/sun.nio.ch.SelectorImpl.lockAndDoSelect(SelectorImpl.java:129)
        at java.base@17.0.12/sun.nio.ch.SelectorImpl.select(SelectorImpl.java:146)
        at app//org.apache.hadoop.ipc.Server$Listener$Reader.doRunLoop(Server.java:1346)
        at app//org.apache.hadoop.ipc.Server$Listener$Reader.run(Server.java:1325)
"IPC Server handler 72 on default port 15002" daemon prio=5 tid=358 timed_waiting
java.lang.Thread.State: TIMED_WAITING
        at java.base@17.0.12/jdk.internal.misc.Unsafe.park(Native Method)
        at java.base@17.0.12/java.util.concurrent.locks.LockSupport.parkNanos(LockSupport.java:252)
        at java.base@17.0.12/java.util.concurrent.locks.AbstractQueuedSynchronizer$ConditionObject.awaitNanos(AbstractQueuedSynchronizer.java:1674)
        at java.base@17.0.12/java.util.concurrent.LinkedBlockingQueue.poll(LinkedBlockingQueue.java:460)
        at app//org.apache.hadoop.ipc.CallQueueManager.take(CallQueueManager.java:317)
        at app//org.apache.hadoop.ipc.Server$Handler.run(Server.java:3014)
"pool-30-thread-1"  prio=5 tid=389 timed_waiting
java.lang.Thread.State: TIMED_WAITING
        at java.base@17.0.12/jdk.internal.misc.Unsafe.park(Native Method)
        at java.base@17.0.12/java.util.concurrent.locks.LockSupport.parkNanos(LockSupport.java:252)
        at java.base@17.0.12/java.util.concurrent.locks.AbstractQueuedSynchronizer$ConditionObject.awaitNanos(AbstractQueuedSynchronizer.java:1674)
        at java.base@17.0.12/java.util.concurrent.ScheduledThreadPoolExecutor$DelayedWorkQueue.take(ScheduledThreadPoolExecutor.java:1182)
        at java.base@17.0.12/java.util.concurrent.ScheduledThreadPoolExecutor$DelayedWorkQueue.take(ScheduledThreadPoolExecutor.java:899)
        at java.base@17.0.12/java.util.concurrent.ThreadPoolExecutor.getTask(ThreadPoolExecutor.java:1062)
        at java.base@17.0.12/java.util.concurrent.ThreadPoolExecutor.runWorker(ThreadPoolExecutor.java:1122)
        at java.base@17.0.12/java.util.concurrent.ThreadPoolExecutor$Worker.run(ThreadPoolExecutor.java:635)
        at java.base@17.0.12/java.lang.Thread.run(Thread.java:840)
"grpc-default-executor-3" daemon prio=5 tid=997 timed_waiting
java.lang.Thread.State: TIMED_WAITING
        at java.base@17.0.12/jdk.internal.misc.Unsafe.park(Native Method)
        at java.base@17.0.12/java.util.concurrent.locks.LockSupport.parkNanos(LockSupport.java:252)
        at java.base@17.0.12/java.util.concurrent.SynchronousQueue$TransferStack.transfer(SynchronousQueue.java:401)
        at java.base@17.0.12/java.util.concurrent.SynchronousQueue.poll(SynchronousQueue.java:903)
        at java.base@17.0.12/java.util.concurrent.ThreadPoolExecutor.getTask(ThreadPoolExecutor.java:1061)
        at java.base@17.0.12/java.util.concurrent.ThreadPoolExecutor.runWorker(ThreadPoolExecutor.java:1122)
        at java.base@17.0.12/java.util.concurrent.ThreadPoolExecutor$Worker.run(ThreadPoolExecutor.java:635)
        at java.base@17.0.12/java.lang.Thread.run(Thread.java:840)
"IPC Server handler 99 on default port 15000" daemon prio=5 tid=185 timed_waiting
java.lang.Thread.State: TIMED_WAITING
        at java.base@17.0.12/jdk.internal.misc.Unsafe.park(Native Method)
        at java.base@17.0.12/java.util.concurrent.locks.LockSupport.parkNanos(LockSupport.java:252)
        at java.base@17.0.12/java.util.concurrent.locks.AbstractQueuedSynchronizer$ConditionObject.awaitNanos(AbstractQueuedSynchronizer.java:1674)
        at java.base@17.0.12/java.util.concurrent.LinkedBlockingQueue.poll(LinkedBlockingQueue.java:460)
        at app//org.apache.hadoop.ipc.CallQueueManager.take(CallQueueManager.java:317)
        at app//org.apache.hadoop.ipc.Server$Handler.run(Server.java:3014)
"IPC Server handler 57 on default port 15001" daemon prio=5 tid=243 timed_waiting
java.lang.Thread.State: TIMED_WAITING
        at java.base@17.0.12/jdk.internal.misc.Unsafe.park(Native Method)
        at java.base@17.0.12/java.util.concurrent.locks.LockSupport.parkNanos(LockSupport.java:252)
        at java.base@17.0.12/java.util.concurrent.locks.AbstractQueuedSynchronizer$ConditionObject.awaitNanos(AbstractQueuedSynchronizer.java:1674)
        at java.base@17.0.12/java.util.concurrent.LinkedBlockingQueue.poll(LinkedBlockingQueue.java:460)
        at app//org.apache.hadoop.ipc.CallQueueManager.take(CallQueueManager.java:317)
        at app//org.apache.hadoop.ipc.Server$Handler.run(Server.java:3014)
"qtp1486340678-511" daemon prio=5 tid=511 timed_waiting
java.lang.Thread.State: TIMED_WAITING
        at java.base@17.0.12/jdk.internal.misc.Unsafe.park(Native Method)
        at java.base@17.0.12/java.util.concurrent.locks.LockSupport.parkNanos(LockSupport.java:252)
        at java.base@17.0.12/java.util.concurrent.locks.AbstractQueuedSynchronizer$ConditionObject.awaitNanos(AbstractQueuedSynchronizer.java:1674)
        at app//org.eclipse.jetty.util.BlockingArrayQueue.poll(BlockingArrayQueue.java:382)
        at app//org.eclipse.jetty.util.thread.QueuedThreadPool$Runner.idleJobPoll(QueuedThreadPool.java:974)
        at app//org.eclipse.jetty.util.thread.QueuedThreadPool$Runner.run(QueuedThreadPool.java:1018)
        at java.base@17.0.12/java.lang.Thread.run(Thread.java:840)
"EventQueue-NodeRegistrationContainerReportForDataNodeSafeModeRule" daemon prio=5 tid=893 in Object.wait()
java.lang.Thread.State: WAITING (on object monitor)
        at java.base@17.0.12/jdk.internal.misc.Unsafe.park(Native Method)
        at java.base@17.0.12/java.util.concurrent.locks.LockSupport.park(LockSupport.java:341)
        at java.base@17.0.12/java.util.concurrent.locks.AbstractQueuedSynchronizer$ConditionNode.block(AbstractQueuedSynchronizer.java:506)
        at java.base@17.0.12/java.util.concurrent.ForkJoinPool.unmanagedBlock(ForkJoinPool.java:3465)
        at java.base@17.0.12/java.util.concurrent.ForkJoinPool.managedBlock(ForkJoinPool.java:3436)
        at java.base@17.0.12/java.util.concurrent.locks.AbstractQueuedSynchronizer$ConditionObject.await(AbstractQueuedSynchronizer.java:1625)
        at java.base@17.0.12/java.util.concurrent.LinkedBlockingQueue.take(LinkedBlockingQueue.java:435)
        at java.base@17.0.12/java.util.concurrent.ThreadPoolExecutor.getTask(ThreadPoolExecutor.java:1062)
        at java.base@17.0.12/java.util.concurrent.ThreadPoolExecutor.runWorker(ThreadPoolExecutor.java:1122)
        at java.base@17.0.12/java.util.concurrent.ThreadPoolExecutor$Worker.run(ThreadPoolExecutor.java:635)
        at java.base@17.0.12/java.lang.Thread.run(Thread.java:840)
"timer5" daemon prio=5 tid=1014 timed_waiting
java.lang.Thread.State: TIMED_WAITING
        at java.base@17.0.12/java.lang.Object.wait(Native Method)
        at java.base@17.0.12/java.util.TimerThread.mainLoop(Timer.java:563)
        at java.base@17.0.12/java.util.TimerThread.run(Timer.java:516)
"IPC Server handler 48 on default port 15002" daemon prio=5 tid=334 timed_waiting
java.lang.Thread.State: TIMED_WAITING
        at java.base@17.0.12/jdk.internal.misc.Unsafe.park(Native Method)
        at java.base@17.0.12/java.util.concurrent.locks.LockSupport.parkNanos(LockSupport.java:252)
        at java.base@17.0.12/java.util.concurrent.locks.AbstractQueuedSynchronizer$ConditionObject.awaitNanos(AbstractQueuedSynchronizer.java:1674)
        at java.base@17.0.12/java.util.concurrent.LinkedBlockingQueue.poll(LinkedBlockingQueue.java:460)
        at app//org.apache.hadoop.ipc.CallQueueManager.take(CallQueueManager.java:317)
        at app//org.apache.hadoop.ipc.Server$Handler.run(Server.java:3014)
"Socket Reader #9 for port 15001"  prio=5 tid=56 runnable
java.lang.Thread.State: RUNNABLE
        at java.base@17.0.12/sun.nio.ch.EPoll.wait(Native Method)
        at java.base@17.0.12/sun.nio.ch.EPollSelectorImpl.doSelect(EPollSelectorImpl.java:118)
        at java.base@17.0.12/sun.nio.ch.SelectorImpl.lockAndDoSelect(SelectorImpl.java:129)
        at java.base@17.0.12/sun.nio.ch.SelectorImpl.select(SelectorImpl.java:146)
        at app//org.apache.hadoop.ipc.Server$Listener$Reader.doRunLoop(Server.java:1346)
        at app//org.apache.hadoop.ipc.Server$Listener$Reader.run(Server.java:1325)
"Socket Reader #9 for port 15002"  prio=5 tid=42 runnable
java.lang.Thread.State: RUNNABLE
        at java.base@17.0.12/sun.nio.ch.EPoll.wait(Native Method)
        at java.base@17.0.12/sun.nio.ch.EPollSelectorImpl.doSelect(EPollSelectorImpl.java:118)
        at java.base@17.0.12/sun.nio.ch.SelectorImpl.lockAndDoSelect(SelectorImpl.java:129)
        at java.base@17.0.12/sun.nio.ch.SelectorImpl.select(SelectorImpl.java:146)
        at app//org.apache.hadoop.ipc.Server$Listener$Reader.doRunLoop(Server.java:1346)
        at app//org.apache.hadoop.ipc.Server$Listener$Reader.run(Server.java:1325)
"IPC Server handler 59 on default port 15009" daemon prio=5 tid=578 timed_waiting
java.lang.Thread.State: TIMED_WAITING
        at java.base@17.0.12/jdk.internal.misc.Unsafe.park(Native Method)
        at java.base@17.0.12/java.util.concurrent.locks.LockSupport.parkNanos(LockSupport.java:252)
        at java.base@17.0.12/java.util.concurrent.locks.AbstractQueuedSynchronizer$ConditionObject.awaitNanos(AbstractQueuedSynchronizer.java:1674)
        at java.base@17.0.12/java.util.concurrent.LinkedBlockingQueue.poll(LinkedBlockingQueue.java:460)
        at app//org.apache.hadoop.ipc.CallQueueManager.take(CallQueueManager.java:317)
        at app//org.apache.hadoop.ipc.Server$Handler.run(Server.java:3014)
"IPC Server handler 5 on default port 15012" daemon prio=5 tid=660 timed_waiting
java.lang.Thread.State: TIMED_WAITING
        at java.base@17.0.12/jdk.internal.misc.Unsafe.park(Native Method)
        at java.base@17.0.12/java.util.concurrent.locks.LockSupport.parkNanos(LockSupport.java:252)
        at java.base@17.0.12/java.util.concurrent.locks.AbstractQueuedSynchronizer$ConditionObject.awaitNanos(AbstractQueuedSynchronizer.java:1674)
        at java.base@17.0.12/java.util.concurrent.LinkedBlockingQueue.poll(LinkedBlockingQueue.java:460)
        at app//org.apache.hadoop.ipc.CallQueueManager.take(CallQueueManager.java:317)
        at app//org.apache.hadoop.ipc.Server$Handler.run(Server.java:3014)
"3ccd597d-6672-4b12-926e-746f973e87fb@group-3A08AF1FB2FD-cacheEviction-AwaitToRun" daemon prio=5 tid=916 in Object.wait()
java.lang.Thread.State: WAITING (on object monitor)
        at java.base@17.0.12/jdk.internal.misc.Unsafe.park(Native Method)
        at java.base@17.0.12/java.util.concurrent.locks.LockSupport.park(LockSupport.java:341)
        at java.base@17.0.12/java.util.concurrent.locks.AbstractQueuedSynchronizer$ConditionNode.block(AbstractQueuedSynchronizer.java:506)
        at java.base@17.0.12/java.util.concurrent.ForkJoinPool.unmanagedBlock(ForkJoinPool.java:3465)
        at java.base@17.0.12/java.util.concurrent.ForkJoinPool.managedBlock(ForkJoinPool.java:3436)
        at java.base@17.0.12/java.util.concurrent.locks.AbstractQueuedSynchronizer$ConditionObject.await(AbstractQueuedSynchronizer.java:1625)
        at app//org.apache.ratis.util.AwaitForSignal.await(AwaitForSignal.java:48)
        at app//org.apache.ratis.util.AwaitToRun$RunnableImpl.run(AwaitToRun.java:47)
        at java.base@17.0.12/java.lang.Thread.run(Thread.java:840)
"IPC Server handler 4 on default port 15001" daemon prio=5 tid=190 timed_waiting
java.lang.Thread.State: TIMED_WAITING
        at java.base@17.0.12/jdk.internal.misc.Unsafe.park(Native Method)
        at java.base@17.0.12/java.util.concurrent.locks.LockSupport.parkNanos(LockSupport.java:252)
        at java.base@17.0.12/java.util.concurrent.locks.AbstractQueuedSynchronizer$ConditionObject.awaitNanos(AbstractQueuedSynchronizer.java:1674)
        at java.base@17.0.12/java.util.concurrent.LinkedBlockingQueue.poll(LinkedBlockingQueue.java:460)
        at app//org.apache.hadoop.ipc.CallQueueManager.take(CallQueueManager.java:317)
        at app//org.apache.hadoop.ipc.Server$Handler.run(Server.java:3014)
"IPC Server handler 93 on default port 15002" daemon prio=5 tid=379 timed_waiting
java.lang.Thread.State: TIMED_WAITING
        at java.base@17.0.12/jdk.internal.misc.Unsafe.park(Native Method)
        at java.base@17.0.12/java.util.concurrent.locks.LockSupport.parkNanos(LockSupport.java:252)
        at java.base@17.0.12/java.util.concurrent.locks.AbstractQueuedSynchronizer$ConditionObject.awaitNanos(AbstractQueuedSynchronizer.java:1674)
        at java.base@17.0.12/java.util.concurrent.LinkedBlockingQueue.poll(LinkedBlockingQueue.java:460)
        at app//org.apache.hadoop.ipc.CallQueueManager.take(CallQueueManager.java:317)
        at app//org.apache.hadoop.ipc.Server$Handler.run(Server.java:3014)
"IPC Server handler 13 on default port 15009" daemon prio=5 tid=532 timed_waiting
java.lang.Thread.State: TIMED_WAITING
        at java.base@17.0.12/jdk.internal.misc.Unsafe.park(Native Method)
        at java.base@17.0.12/java.util.concurrent.locks.LockSupport.parkNanos(LockSupport.java:252)
        at java.base@17.0.12/java.util.concurrent.locks.AbstractQueuedSynchronizer$ConditionObject.awaitNanos(AbstractQueuedSynchronizer.java:1674)
        at java.base@17.0.12/java.util.concurrent.LinkedBlockingQueue.poll(LinkedBlockingQueue.java:460)
        at app//org.apache.hadoop.ipc.CallQueueManager.take(CallQueueManager.java:317)
        at app//org.apache.hadoop.ipc.Server$Handler.run(Server.java:3014)
"IPC Server idle connection scanner for port 15012" daemon prio=5 tid=652 timed_waiting
java.lang.Thread.State: TIMED_WAITING
        at java.base@17.0.12/java.lang.Object.wait(Native Method)
        at java.base@17.0.12/java.util.TimerThread.mainLoop(Timer.java:563)
        at java.base@17.0.12/java.util.TimerThread.run(Timer.java:516)
"om1-impl-thread1"  prio=5 tid=409 timed_waiting
java.lang.Thread.State: TIMED_WAITING
        at java.base@17.0.12/jdk.internal.misc.Unsafe.park(Native Method)
        at java.base@17.0.12/java.util.concurrent.locks.LockSupport.parkNanos(LockSupport.java:252)
        at java.base@17.0.12/java.util.concurrent.SynchronousQueue$TransferStack.transfer(SynchronousQueue.java:401)
        at java.base@17.0.12/java.util.concurrent.SynchronousQueue.poll(SynchronousQueue.java:903)
        at java.base@17.0.12/java.util.concurrent.ThreadPoolExecutor.getTask(ThreadPoolExecutor.java:1061)
        at java.base@17.0.12/java.util.concurrent.ThreadPoolExecutor.runWorker(ThreadPoolExecutor.java:1122)
        at java.base@17.0.12/java.util.concurrent.ThreadPoolExecutor$Worker.run(ThreadPoolExecutor.java:635)
        at java.base@17.0.12/java.lang.Thread.run(Thread.java:840)
"f24c48c6-4a91-44a4-ae9a-fb063e2dd958-groupManagement"  prio=5 tid=900 in Object.wait()
java.lang.Thread.State: WAITING (on object monitor)
        at java.base@17.0.12/jdk.internal.misc.Unsafe.park(Native Method)
        at java.base@17.0.12/java.util.concurrent.locks.LockSupport.park(LockSupport.java:341)
        at java.base@17.0.12/java.util.concurrent.locks.AbstractQueuedSynchronizer$ConditionNode.block(AbstractQueuedSynchronizer.java:506)
        at java.base@17.0.12/java.util.concurrent.ForkJoinPool.unmanagedBlock(ForkJoinPool.java:3465)
        at java.base@17.0.12/java.util.concurrent.ForkJoinPool.managedBlock(ForkJoinPool.java:3436)
        at java.base@17.0.12/java.util.concurrent.locks.AbstractQueuedSynchronizer$ConditionObject.await(AbstractQueuedSynchronizer.java:1625)
        at java.base@17.0.12/java.util.concurrent.LinkedBlockingQueue.take(LinkedBlockingQueue.java:435)
        at java.base@17.0.12/java.util.concurrent.ThreadPoolExecutor.getTask(ThreadPoolExecutor.java:1062)
        at java.base@17.0.12/java.util.concurrent.ThreadPoolExecutor.runWorker(ThreadPoolExecutor.java:1122)
        at java.base@17.0.12/java.util.concurrent.ThreadPoolExecutor$Worker.run(ThreadPoolExecutor.java:635)
        at java.base@17.0.12/java.lang.Thread.run(Thread.java:840)
"IPC Server handler 81 on default port 15000" daemon prio=5 tid=167 timed_waiting
java.lang.Thread.State: TIMED_WAITING
        at java.base@17.0.12/jdk.internal.misc.Unsafe.park(Native Method)
        at java.base@17.0.12/java.util.concurrent.locks.LockSupport.parkNanos(LockSupport.java:252)
        at java.base@17.0.12/java.util.concurrent.locks.AbstractQueuedSynchronizer$ConditionObject.awaitNanos(AbstractQueuedSynchronizer.java:1674)
        at java.base@17.0.12/java.util.concurrent.LinkedBlockingQueue.poll(LinkedBlockingQueue.java:460)
        at app//org.apache.hadoop.ipc.CallQueueManager.take(CallQueueManager.java:317)
        at app//org.apache.hadoop.ipc.Server$Handler.run(Server.java:3014)
"Hadoop-Metrics-Updater-0" daemon prio=5 tid=60 timed_waiting
java.lang.Thread.State: TIMED_WAITING
        at java.base@17.0.12/jdk.internal.misc.Unsafe.park(Native Method)
        at java.base@17.0.12/java.util.concurrent.locks.LockSupport.parkNanos(LockSupport.java:252)
        at java.base@17.0.12/java.util.concurrent.locks.AbstractQueuedSynchronizer$ConditionObject.awaitNanos(AbstractQueuedSynchronizer.java:1674)
        at java.base@17.0.12/java.util.concurrent.ScheduledThreadPoolExecutor$DelayedWorkQueue.take(ScheduledThreadPoolExecutor.java:1182)
        at java.base@17.0.12/java.util.concurrent.ScheduledThreadPoolExecutor$DelayedWorkQueue.take(ScheduledThreadPoolExecutor.java:899)
        at java.base@17.0.12/java.util.concurrent.ThreadPoolExecutor.getTask(ThreadPoolExecutor.java:1062)
        at java.base@17.0.12/java.util.concurrent.ThreadPoolExecutor.runWorker(ThreadPoolExecutor.java:1122)
        at java.base@17.0.12/java.util.concurrent.ThreadPoolExecutor$Worker.run(ThreadPoolExecutor.java:635)
        at java.base@17.0.12/java.lang.Thread.run(Thread.java:840)
"IPC Server handler 55 on default port 15002" daemon prio=5 tid=341 timed_waiting
java.lang.Thread.State: TIMED_WAITING
        at java.base@17.0.12/jdk.internal.misc.Unsafe.park(Native Method)
        at java.base@17.0.12/java.util.concurrent.locks.LockSupport.parkNanos(LockSupport.java:252)
        at java.base@17.0.12/java.util.concurrent.locks.AbstractQueuedSynchronizer$ConditionObject.awaitNanos(AbstractQueuedSynchronizer.java:1674)
        at java.base@17.0.12/java.util.concurrent.LinkedBlockingQueue.poll(LinkedBlockingQueue.java:460)
        at app//org.apache.hadoop.ipc.CallQueueManager.take(CallQueueManager.java:317)
        at app//org.apache.hadoop.ipc.Server$Handler.run(Server.java:3014)
"SCMHeartbeatProcessor-0" daemon prio=5 tid=481 timed_waiting
java.lang.Thread.State: TIMED_WAITING
        at java.base@17.0.12/jdk.internal.misc.Unsafe.park(Native Method)
        at java.base@17.0.12/java.util.concurrent.locks.LockSupport.parkNanos(LockSupport.java:252)
        at java.base@17.0.12/java.util.concurrent.locks.AbstractQueuedSynchronizer$ConditionObject.awaitNanos(AbstractQueuedSynchronizer.java:1674)
        at java.base@17.0.12/java.util.concurrent.ScheduledThreadPoolExecutor$DelayedWorkQueue.take(ScheduledThreadPoolExecutor.java:1182)
        at java.base@17.0.12/java.util.concurrent.ScheduledThreadPoolExecutor$DelayedWorkQueue.take(ScheduledThreadPoolExecutor.java:899)
        at java.base@17.0.12/java.util.concurrent.ThreadPoolExecutor.getTask(ThreadPoolExecutor.java:1062)
        at java.base@17.0.12/java.util.concurrent.ThreadPoolExecutor.runWorker(ThreadPoolExecutor.java:1122)
        at java.base@17.0.12/java.util.concurrent.ThreadPoolExecutor$Worker.run(ThreadPoolExecutor.java:635)
        at java.base@17.0.12/java.lang.Thread.run(Thread.java:840)
"IPC Server handler 37 on default port 15001" daemon prio=5 tid=223 timed_waiting
java.lang.Thread.State: TIMED_WAITING
        at java.base@17.0.12/jdk.internal.misc.Unsafe.park(Native Method)
        at java.base@17.0.12/java.util.concurrent.locks.LockSupport.parkNanos(LockSupport.java:252)
        at java.base@17.0.12/java.util.concurrent.locks.AbstractQueuedSynchronizer$ConditionObject.awaitNanos(AbstractQueuedSynchronizer.java:1674)
        at java.base@17.0.12/java.util.concurrent.LinkedBlockingQueue.poll(LinkedBlockingQueue.java:460)
        at app//org.apache.hadoop.ipc.CallQueueManager.take(CallQueueManager.java:317)
        at app//org.apache.hadoop.ipc.Server$Handler.run(Server.java:3014)
"qtp1486340678-509" daemon prio=5 tid=509 timed_waiting
java.lang.Thread.State: TIMED_WAITING
        at java.base@17.0.12/jdk.internal.misc.Unsafe.park(Native Method)
        at java.base@17.0.12/java.util.concurrent.locks.LockSupport.parkNanos(LockSupport.java:252)
        at java.base@17.0.12/java.util.concurrent.locks.AbstractQueuedSynchronizer$ConditionObject.awaitNanos(AbstractQueuedSynchronizer.java:1674)
        at app//org.eclipse.jetty.util.BlockingArrayQueue.poll(BlockingArrayQueue.java:382)
        at app//org.eclipse.jetty.util.thread.QueuedThreadPool$Runner.idleJobPoll(QueuedThreadPool.java:974)
        at app//org.eclipse.jetty.util.thread.QueuedThreadPool$Runner.run(QueuedThreadPool.java:1018)
        at java.base@17.0.12/java.lang.Thread.run(Thread.java:840)
"Socket Reader #2 for port 15009"  prio=5 tid=484 runnable
java.lang.Thread.State: RUNNABLE
        at java.base@17.0.12/sun.nio.ch.EPoll.wait(Native Method)
        at java.base@17.0.12/sun.nio.ch.EPollSelectorImpl.doSelect(EPollSelectorImpl.java:118)
        at java.base@17.0.12/sun.nio.ch.SelectorImpl.lockAndDoSelect(SelectorImpl.java:129)
        at java.base@17.0.12/sun.nio.ch.SelectorImpl.select(SelectorImpl.java:146)
        at app//org.apache.hadoop.ipc.Server$Listener$Reader.doRunLoop(Server.java:1346)
        at app//org.apache.hadoop.ipc.Server$Listener$Reader.run(Server.java:1325)
"IPC Server handler 27 on default port 15000" daemon prio=5 tid=113 timed_waiting
java.lang.Thread.State: TIMED_WAITING
        at java.base@17.0.12/jdk.internal.misc.Unsafe.park(Native Method)
        at java.base@17.0.12/java.util.concurrent.locks.LockSupport.parkNanos(LockSupport.java:252)
        at java.base@17.0.12/java.util.concurrent.locks.AbstractQueuedSynchronizer$ConditionObject.awaitNanos(AbstractQueuedSynchronizer.java:1674)
        at java.base@17.0.12/java.util.concurrent.LinkedBlockingQueue.poll(LinkedBlockingQueue.java:460)
        at app//org.apache.hadoop.ipc.CallQueueManager.take(CallQueueManager.java:317)
        at app//org.apache.hadoop.ipc.Server$Handler.run(Server.java:3014)
"IPC Server handler 10 on default port 15004" daemon prio=5 tid=462 timed_waiting
java.lang.Thread.State: TIMED_WAITING
        at java.base@17.0.12/jdk.internal.misc.Unsafe.park(Native Method)
        at java.base@17.0.12/java.util.concurrent.locks.LockSupport.parkNanos(LockSupport.java:252)
        at java.base@17.0.12/java.util.concurrent.locks.AbstractQueuedSynchronizer$ConditionObject.awaitNanos(AbstractQueuedSynchronizer.java:1674)
        at java.base@17.0.12/java.util.concurrent.LinkedBlockingQueue.poll(LinkedBlockingQueue.java:460)
        at app//org.apache.hadoop.ipc.CallQueueManager.take(CallQueueManager.java:317)
        at app//org.apache.hadoop.ipc.Server$Handler.run(Server.java:3014)
"IPC Client (570038756) connection to 0.0.0.0/0.0.0.0:15002 from runner" daemon prio=5 tid=813 timed_waiting
java.lang.Thread.State: TIMED_WAITING
        at java.base@17.0.12/java.lang.Object.wait(Native Method)
        at app//org.apache.hadoop.ipc.Client$Connection.waitForWork(Client.java:1026)
        at app//org.apache.hadoop.ipc.Client$Connection.run(Client.java:1077)
"IPC Server handler 21 on default port 15000" daemon prio=5 tid=107 timed_waiting
java.lang.Thread.State: TIMED_WAITING
        at java.base@17.0.12/jdk.internal.misc.Unsafe.park(Native Method)
        at java.base@17.0.12/java.util.concurrent.locks.LockSupport.parkNanos(LockSupport.java:252)
        at java.base@17.0.12/java.util.concurrent.locks.AbstractQueuedSynchronizer$ConditionObject.awaitNanos(AbstractQueuedSynchronizer.java:1674)
        at java.base@17.0.12/java.util.concurrent.LinkedBlockingQueue.poll(LinkedBlockingQueue.java:460)
        at app//org.apache.hadoop.ipc.CallQueueManager.take(CallQueueManager.java:317)
        at app//org.apache.hadoop.ipc.Server$Handler.run(Server.java:3014)
"IPC Server handler 14 on default port 15009" daemon prio=5 tid=533 timed_waiting
java.lang.Thread.State: TIMED_WAITING
        at java.base@17.0.12/jdk.internal.misc.Unsafe.park(Native Method)
        at java.base@17.0.12/java.util.concurrent.locks.LockSupport.parkNanos(LockSupport.java:252)
        at java.base@17.0.12/java.util.concurrent.locks.AbstractQueuedSynchronizer$ConditionObject.awaitNanos(AbstractQueuedSynchronizer.java:1674)
        at java.base@17.0.12/java.util.concurrent.LinkedBlockingQueue.poll(LinkedBlockingQueue.java:460)
        at app//org.apache.hadoop.ipc.CallQueueManager.take(CallQueueManager.java:317)
        at app//org.apache.hadoop.ipc.Server$Handler.run(Server.java:3014)
"f24c48c6-4a91-44a4-ae9a-fb063e2dd958@group-17EC0FEA1F1B-StateMachineUpdater" daemon prio=5 tid=942 timed_waiting
java.lang.Thread.State: TIMED_WAITING
        at java.base@17.0.12/jdk.internal.misc.Unsafe.park(Native Method)
        at java.base@17.0.12/java.util.concurrent.locks.LockSupport.parkNanos(LockSupport.java:252)
        at java.base@17.0.12/java.util.concurrent.locks.AbstractQueuedSynchronizer$ConditionObject.await(AbstractQueuedSynchronizer.java:1759)
        at app//org.apache.ratis.util.AwaitForSignal.await(AwaitForSignal.java:65)
        at app//org.apache.ratis.server.impl.StateMachineUpdater.waitForCommit(StateMachineUpdater.java:219)
        at app//org.apache.ratis.server.impl.StateMachineUpdater.run(StateMachineUpdater.java:187)
        at java.base@17.0.12/java.lang.Thread.run(Thread.java:840)
"IPC Server handler 10 on default port 15000" daemon prio=5 tid=96 timed_waiting
java.lang.Thread.State: TIMED_WAITING
        at java.base@17.0.12/jdk.internal.misc.Unsafe.park(Native Method)
        at java.base@17.0.12/java.util.concurrent.locks.LockSupport.parkNanos(LockSupport.java:252)
        at java.base@17.0.12/java.util.concurrent.locks.AbstractQueuedSynchronizer$ConditionObject.awaitNanos(AbstractQueuedSynchronizer.java:1674)
        at java.base@17.0.12/java.util.concurrent.LinkedBlockingQueue.poll(LinkedBlockingQueue.java:460)
        at app//org.apache.hadoop.ipc.CallQueueManager.take(CallQueueManager.java:317)
        at app//org.apache.hadoop.ipc.Server$Handler.run(Server.java:3014)
"grpc-default-executor-5" daemon prio=5 tid=999 timed_waiting
java.lang.Thread.State: TIMED_WAITING
        at java.base@17.0.12/jdk.internal.misc.Unsafe.park(Native Method)
        at java.base@17.0.12/java.util.concurrent.locks.LockSupport.parkNanos(LockSupport.java:252)
        at java.base@17.0.12/java.util.concurrent.SynchronousQueue$TransferStack.transfer(SynchronousQueue.java:401)
        at java.base@17.0.12/java.util.concurrent.SynchronousQueue.poll(SynchronousQueue.java:903)
        at java.base@17.0.12/java.util.concurrent.ThreadPoolExecutor.getTask(ThreadPoolExecutor.java:1061)
        at java.base@17.0.12/java.util.concurrent.ThreadPoolExecutor.runWorker(ThreadPoolExecutor.java:1122)
        at java.base@17.0.12/java.util.concurrent.ThreadPoolExecutor$Worker.run(ThreadPoolExecutor.java:635)
        at java.base@17.0.12/java.lang.Thread.run(Thread.java:840)
"Socket Reader #1 for port 15001"  prio=5 tid=48 runnable
java.lang.Thread.State: RUNNABLE
        at java.base@17.0.12/sun.nio.ch.EPoll.wait(Native Method)
        at java.base@17.0.12/sun.nio.ch.EPollSelectorImpl.doSelect(EPollSelectorImpl.java:118)
        at java.base@17.0.12/sun.nio.ch.SelectorImpl.lockAndDoSelect(SelectorImpl.java:129)
        at java.base@17.0.12/sun.nio.ch.SelectorImpl.select(SelectorImpl.java:146)
        at app//org.apache.hadoop.ipc.Server$Listener$Reader.doRunLoop(Server.java:1346)
        at app//org.apache.hadoop.ipc.Server$Listener$Reader.run(Server.java:1325)
"IPC Server handler 2 on default port 15001" daemon prio=5 tid=188 timed_waiting
java.lang.Thread.State: TIMED_WAITING
        at java.base@17.0.12/jdk.internal.misc.Unsafe.park(Native Method)
        at java.base@17.0.12/java.util.concurrent.locks.LockSupport.parkNanos(LockSupport.java:252)
        at java.base@17.0.12/java.util.concurrent.locks.AbstractQueuedSynchronizer$ConditionObject.awaitNanos(AbstractQueuedSynchronizer.java:1674)
        at java.base@17.0.12/java.util.concurrent.LinkedBlockingQueue.poll(LinkedBlockingQueue.java:460)
        at app//org.apache.hadoop.ipc.CallQueueManager.take(CallQueueManager.java:317)
        at app//org.apache.hadoop.ipc.Server$Handler.run(Server.java:3014)
"Socket Reader #3 for port 15001"  prio=5 tid=50 runnable
java.lang.Thread.State: RUNNABLE
        at java.base@17.0.12/sun.nio.ch.EPoll.wait(Native Method)
        at java.base@17.0.12/sun.nio.ch.EPollSelectorImpl.doSelect(EPollSelectorImpl.java:118)
        at java.base@17.0.12/sun.nio.ch.SelectorImpl.lockAndDoSelect(SelectorImpl.java:129)
        at java.base@17.0.12/sun.nio.ch.SelectorImpl.select(SelectorImpl.java:146)
        at app//org.apache.hadoop.ipc.Server$Listener$Reader.doRunLoop(Server.java:1346)
        at app//org.apache.hadoop.ipc.Server$Listener$Reader.run(Server.java:1325)
"ContainerHealthTask" daemon prio=5 tid=620 timed_waiting
java.lang.Thread.State: TIMED_WAITING
        at java.base@17.0.12/java.lang.Thread.sleep(Native Method)
        at app//org.apache.hadoop.ozone.recon.fsck.ContainerHealthTask.run(ContainerHealthTask.java:114)
        at app//org.apache.hadoop.ozone.recon.scm.ReconScmTask$$Lambda$1600/0x00007f7030d1bbf8.run(Unknown Source)
        at java.base@17.0.12/java.lang.Thread.run(Thread.java:840)
"IPC Server listener on 15009" daemon prio=5 tid=482 runnable
java.lang.Thread.State: RUNNABLE
        at java.base@17.0.12/sun.nio.ch.EPoll.wait(Native Method)
        at java.base@17.0.12/sun.nio.ch.EPollSelectorImpl.doSelect(EPollSelectorImpl.java:118)
        at java.base@17.0.12/sun.nio.ch.SelectorImpl.lockAndDoSelect(SelectorImpl.java:129)
        at java.base@17.0.12/sun.nio.ch.SelectorImpl.select(SelectorImpl.java:146)
        at app//org.apache.hadoop.ipc.Server$Listener.run(Server.java:1408)
"IPC Server handler 46 on default port 15009" daemon prio=5 tid=565 timed_waiting
java.lang.Thread.State: TIMED_WAITING
        at java.base@17.0.12/jdk.internal.misc.Unsafe.park(Native Method)
        at java.base@17.0.12/java.util.concurrent.locks.LockSupport.parkNanos(LockSupport.java:252)
        at java.base@17.0.12/java.util.concurrent.locks.AbstractQueuedSynchronizer$ConditionObject.awaitNanos(AbstractQueuedSynchronizer.java:1674)
        at java.base@17.0.12/java.util.concurrent.LinkedBlockingQueue.poll(LinkedBlockingQueue.java:460)
        at app//org.apache.hadoop.ipc.CallQueueManager.take(CallQueueManager.java:317)
        at app//org.apache.hadoop.ipc.Server$Handler.run(Server.java:3014)
"grpc-default-executor-6" daemon prio=5 tid=1000 timed_waiting
java.lang.Thread.State: TIMED_WAITING
        at java.base@17.0.12/jdk.internal.misc.Unsafe.park(Native Method)
        at java.base@17.0.12/java.util.concurrent.locks.LockSupport.parkNanos(LockSupport.java:252)
        at java.base@17.0.12/java.util.concurrent.SynchronousQueue$TransferStack.transfer(SynchronousQueue.java:401)
        at java.base@17.0.12/java.util.concurrent.SynchronousQueue.poll(SynchronousQueue.java:903)
        at java.base@17.0.12/java.util.concurrent.ThreadPoolExecutor.getTask(ThreadPoolExecutor.java:1061)
        at java.base@17.0.12/java.util.concurrent.ThreadPoolExecutor.runWorker(ThreadPoolExecutor.java:1122)
        at java.base@17.0.12/java.util.concurrent.ThreadPoolExecutor$Worker.run(ThreadPoolExecutor.java:635)
        at java.base@17.0.12/java.lang.Thread.run(Thread.java:840)
"f24c48c6-4a91-44a4-ae9a-fb063e2dd958@group-3A08AF1FB2FD-cacheEviction-AwaitToRun" daemon prio=5 tid=906 in Object.wait()
java.lang.Thread.State: WAITING (on object monitor)
        at java.base@17.0.12/jdk.internal.misc.Unsafe.park(Native Method)
        at java.base@17.0.12/java.util.concurrent.locks.LockSupport.park(LockSupport.java:341)
        at java.base@17.0.12/java.util.concurrent.locks.AbstractQueuedSynchronizer$ConditionNode.block(AbstractQueuedSynchronizer.java:506)
        at java.base@17.0.12/java.util.concurrent.ForkJoinPool.unmanagedBlock(ForkJoinPool.java:3465)
        at java.base@17.0.12/java.util.concurrent.ForkJoinPool.managedBlock(ForkJoinPool.java:3436)
        at java.base@17.0.12/java.util.concurrent.locks.AbstractQueuedSynchronizer$ConditionObject.await(AbstractQueuedSynchronizer.java:1625)
        at app//org.apache.ratis.util.AwaitForSignal.await(AwaitForSignal.java:48)
        at app//org.apache.ratis.util.AwaitToRun$RunnableImpl.run(AwaitToRun.java:47)
        at java.base@17.0.12/java.lang.Thread.run(Thread.java:840)
"qtp1058878861-633" daemon prio=5 tid=633 runnable
java.lang.Thread.State: RUNNABLE
        at java.base@17.0.12/sun.nio.ch.EPoll.wait(Native Method)
        at java.base@17.0.12/sun.nio.ch.EPollSelectorImpl.doSelect(EPollSelectorImpl.java:118)
        at java.base@17.0.12/sun.nio.ch.SelectorImpl.lockAndDoSelect(SelectorImpl.java:129)
        at java.base@17.0.12/sun.nio.ch.SelectorImpl.select(SelectorImpl.java:146)
        at app//org.eclipse.jetty.io.ManagedSelector.nioSelect(ManagedSelector.java:183)
        at app//org.eclipse.jetty.io.ManagedSelector.select(ManagedSelector.java:190)
        at app//org.eclipse.jetty.io.ManagedSelector$SelectorProducer.select(ManagedSelector.java:606)
        at app//org.eclipse.jetty.io.ManagedSelector$SelectorProducer.produce(ManagedSelector.java:543)
        at app//org.eclipse.jetty.util.thread.strategy.EatWhatYouKill.produceTask(EatWhatYouKill.java:362)
        at app//org.eclipse.jetty.util.thread.strategy.EatWhatYouKill.doProduce(EatWhatYouKill.java:186)
        at app//org.eclipse.jetty.util.thread.strategy.EatWhatYouKill.tryProduce(EatWhatYouKill.java:173)
        at app//org.eclipse.jetty.util.thread.strategy.EatWhatYouKill.produce(EatWhatYouKill.java:137)
        at app//org.eclipse.jetty.io.ManagedSelector$$Lambda$821/0x00007f7030550440.run(Unknown Source)
        at app//org.eclipse.jetty.util.thread.QueuedThreadPool.runJob(QueuedThreadPool.java:883)
        at app//org.eclipse.jetty.util.thread.QueuedThreadPool$Runner.run(QueuedThreadPool.java:1034)
        at java.base@17.0.12/java.lang.Thread.run(Thread.java:840)
"f24c48c6-4a91-44a4-ae9a-fb063e2dd958-BlockDeletingService#1" daemon prio=5 tid=832 in Object.wait()
java.lang.Thread.State: WAITING (on object monitor)
        at java.base@17.0.12/jdk.internal.misc.Unsafe.park(Native Method)
        at java.base@17.0.12/java.util.concurrent.locks.LockSupport.park(LockSupport.java:341)
        at java.base@17.0.12/java.util.concurrent.locks.AbstractQueuedSynchronizer$ConditionNode.block(AbstractQueuedSynchronizer.java:506)
        at java.base@17.0.12/java.util.concurrent.ForkJoinPool.unmanagedBlock(ForkJoinPool.java:3465)
        at java.base@17.0.12/java.util.concurrent.ForkJoinPool.managedBlock(ForkJoinPool.java:3436)
        at java.base@17.0.12/java.util.concurrent.locks.AbstractQueuedSynchronizer$ConditionObject.await(AbstractQueuedSynchronizer.java:1625)
        at java.base@17.0.12/java.util.concurrent.ScheduledThreadPoolExecutor$DelayedWorkQueue.take(ScheduledThreadPoolExecutor.java:1177)
        at java.base@17.0.12/java.util.concurrent.ScheduledThreadPoolExecutor$DelayedWorkQueue.take(ScheduledThreadPoolExecutor.java:899)
        at java.base@17.0.12/java.util.concurrent.ThreadPoolExecutor.getTask(ThreadPoolExecutor.java:1062)
        at java.base@17.0.12/java.util.concurrent.ThreadPoolExecutor.runWorker(ThreadPoolExecutor.java:1122)
        at java.base@17.0.12/java.util.concurrent.ThreadPoolExecutor$Worker.run(ThreadPoolExecutor.java:635)
        at java.base@17.0.12/java.lang.Thread.run(Thread.java:840)
"IPC Server handler 64 on default port 15000" daemon prio=5 tid=150 timed_waiting
java.lang.Thread.State: TIMED_WAITING
        at java.base@17.0.12/jdk.internal.misc.Unsafe.park(Native Method)
        at java.base@17.0.12/java.util.concurrent.locks.LockSupport.parkNanos(LockSupport.java:252)
        at java.base@17.0.12/java.util.concurrent.locks.AbstractQueuedSynchronizer$ConditionObject.awaitNanos(AbstractQueuedSynchronizer.java:1674)
        at java.base@17.0.12/java.util.concurrent.LinkedBlockingQueue.poll(LinkedBlockingQueue.java:460)
        at app//org.apache.hadoop.ipc.CallQueueManager.take(CallQueueManager.java:317)
        at app//org.apache.hadoop.ipc.Server$Handler.run(Server.java:3014)
"IPC Server handler 73 on default port 15000" daemon prio=5 tid=159 timed_waiting
java.lang.Thread.State: TIMED_WAITING
        at java.base@17.0.12/jdk.internal.misc.Unsafe.park(Native Method)
        at java.base@17.0.12/java.util.concurrent.locks.LockSupport.parkNanos(LockSupport.java:252)
        at java.base@17.0.12/java.util.concurrent.locks.AbstractQueuedSynchronizer$ConditionObject.awaitNanos(AbstractQueuedSynchronizer.java:1674)
        at java.base@17.0.12/java.util.concurrent.LinkedBlockingQueue.poll(LinkedBlockingQueue.java:460)
        at app//org.apache.hadoop.ipc.CallQueueManager.take(CallQueueManager.java:317)
        at app//org.apache.hadoop.ipc.Server$Handler.run(Server.java:3014)
"IPC Server handler 44 on default port 15002" daemon prio=5 tid=330 timed_waiting
java.lang.Thread.State: TIMED_WAITING
        at java.base@17.0.12/jdk.internal.misc.Unsafe.park(Native Method)
        at java.base@17.0.12/java.util.concurrent.locks.LockSupport.parkNanos(LockSupport.java:252)
        at java.base@17.0.12/java.util.concurrent.locks.AbstractQueuedSynchronizer$ConditionObject.awaitNanos(AbstractQueuedSynchronizer.java:1674)
        at java.base@17.0.12/java.util.concurrent.LinkedBlockingQueue.poll(LinkedBlockingQueue.java:460)
        at app//org.apache.hadoop.ipc.CallQueueManager.take(CallQueueManager.java:317)
        at app//org.apache.hadoop.ipc.Server$Handler.run(Server.java:3014)
"IPC Server handler 46 on default port 15000" daemon prio=5 tid=132 timed_waiting
java.lang.Thread.State: TIMED_WAITING
        at java.base@17.0.12/jdk.internal.misc.Unsafe.park(Native Method)
        at java.base@17.0.12/java.util.concurrent.locks.LockSupport.parkNanos(LockSupport.java:252)
        at java.base@17.0.12/java.util.concurrent.locks.AbstractQueuedSynchronizer$ConditionObject.awaitNanos(AbstractQueuedSynchronizer.java:1674)
        at java.base@17.0.12/java.util.concurrent.LinkedBlockingQueue.poll(LinkedBlockingQueue.java:460)
        at app//org.apache.hadoop.ipc.CallQueueManager.take(CallQueueManager.java:317)
        at app//org.apache.hadoop.ipc.Server$Handler.run(Server.java:3014)
"IPC Server handler 92 on default port 15000" daemon prio=5 tid=178 timed_waiting
java.lang.Thread.State: TIMED_WAITING
        at java.base@17.0.12/jdk.internal.misc.Unsafe.park(Native Method)
        at java.base@17.0.12/java.util.concurrent.locks.LockSupport.parkNanos(LockSupport.java:252)
        at java.base@17.0.12/java.util.concurrent.locks.AbstractQueuedSynchronizer$ConditionObject.awaitNanos(AbstractQueuedSynchronizer.java:1674)
        at java.base@17.0.12/java.util.concurrent.LinkedBlockingQueue.poll(LinkedBlockingQueue.java:460)
        at app//org.apache.hadoop.ipc.CallQueueManager.take(CallQueueManager.java:317)
        at app//org.apache.hadoop.ipc.Server$Handler.run(Server.java:3014)
"IPC Server handler 59 on default port 15001" daemon prio=5 tid=245 timed_waiting
java.lang.Thread.State: TIMED_WAITING
        at java.base@17.0.12/jdk.internal.misc.Unsafe.park(Native Method)
        at java.base@17.0.12/java.util.concurrent.locks.LockSupport.parkNanos(LockSupport.java:252)
        at java.base@17.0.12/java.util.concurrent.locks.AbstractQueuedSynchronizer$ConditionObject.awaitNanos(AbstractQueuedSynchronizer.java:1674)
        at java.base@17.0.12/java.util.concurrent.LinkedBlockingQueue.poll(LinkedBlockingQueue.java:460)
        at app//org.apache.hadoop.ipc.CallQueueManager.take(CallQueueManager.java:317)
        at app//org.apache.hadoop.ipc.Server$Handler.run(Server.java:3014)
"IPC Server handler 40 on default port 15002" daemon prio=5 tid=326 timed_waiting
java.lang.Thread.State: TIMED_WAITING
        at java.base@17.0.12/jdk.internal.misc.Unsafe.park(Native Method)
        at java.base@17.0.12/java.util.concurrent.locks.LockSupport.parkNanos(LockSupport.java:252)
        at java.base@17.0.12/java.util.concurrent.locks.AbstractQueuedSynchronizer$ConditionObject.awaitNanos(AbstractQueuedSynchronizer.java:1674)
        at java.base@17.0.12/java.util.concurrent.LinkedBlockingQueue.poll(LinkedBlockingQueue.java:460)
        at app//org.apache.hadoop.ipc.CallQueueManager.take(CallQueueManager.java:317)
        at app//org.apache.hadoop.ipc.Server$Handler.run(Server.java:3014)
"IPC Server idle connection scanner for port 15030" daemon prio=5 tid=744 timed_waiting
java.lang.Thread.State: TIMED_WAITING
        at java.base@17.0.12/java.lang.Object.wait(Native Method)
        at java.base@17.0.12/java.util.TimerThread.mainLoop(Timer.java:563)
        at java.base@17.0.12/java.util.TimerThread.run(Timer.java:516)
"Reference Handler" daemon prio=10 tid=2 runnable
java.lang.Thread.State: RUNNABLE
        at java.base@17.0.12/java.lang.ref.Reference.waitForReferencePendingList(Native Method)
        at java.base@17.0.12/java.lang.ref.Reference.processPendingReferences(Reference.java:253)
        at java.base@17.0.12/java.lang.ref.Reference$ReferenceHandler.run(Reference.java:215)
"IPC Server handler 53 on default port 15000" daemon prio=5 tid=139 timed_waiting
java.lang.Thread.State: TIMED_WAITING
        at java.base@17.0.12/jdk.internal.misc.Unsafe.park(Native Method)
        at java.base@17.0.12/java.util.concurrent.locks.LockSupport.parkNanos(LockSupport.java:252)
        at java.base@17.0.12/java.util.concurrent.locks.AbstractQueuedSynchronizer$ConditionObject.awaitNanos(AbstractQueuedSynchronizer.java:1674)
        at java.base@17.0.12/java.util.concurrent.LinkedBlockingQueue.poll(LinkedBlockingQueue.java:460)
        at app//org.apache.hadoop.ipc.CallQueueManager.take(CallQueueManager.java:317)
        at app//org.apache.hadoop.ipc.Server$Handler.run(Server.java:3014)
"Session-HouseKeeper-171b75ad-1"  prio=5 tid=732 timed_waiting
java.lang.Thread.State: TIMED_WAITING
        at java.base@17.0.12/jdk.internal.misc.Unsafe.park(Native Method)
        at java.base@17.0.12/java.util.concurrent.locks.LockSupport.parkNanos(LockSupport.java:252)
        at java.base@17.0.12/java.util.concurrent.locks.AbstractQueuedSynchronizer$ConditionObject.awaitNanos(AbstractQueuedSynchronizer.java:1674)
        at java.base@17.0.12/java.util.concurrent.ScheduledThreadPoolExecutor$DelayedWorkQueue.take(ScheduledThreadPoolExecutor.java:1182)
        at java.base@17.0.12/java.util.concurrent.ScheduledThreadPoolExecutor$DelayedWorkQueue.take(ScheduledThreadPoolExecutor.java:899)
        at java.base@17.0.12/java.util.concurrent.ThreadPoolExecutor.getTask(ThreadPoolExecutor.java:1062)
        at java.base@17.0.12/java.util.concurrent.ThreadPoolExecutor.runWorker(ThreadPoolExecutor.java:1122)
        at java.base@17.0.12/java.util.concurrent.ThreadPoolExecutor$Worker.run(ThreadPoolExecutor.java:635)
        at java.base@17.0.12/java.lang.Thread.run(Thread.java:840)
"SSL Certificates Store Monitor" daemon prio=5 tid=480 in Object.wait()
java.lang.Thread.State: WAITING (on object monitor)
        at java.base@17.0.12/java.lang.Object.wait(Native Method)
        at java.base@17.0.12/java.lang.Object.wait(Object.java:338)
        at java.base@17.0.12/java.util.TimerThread.mainLoop(Timer.java:537)
        at java.base@17.0.12/java.util.TimerThread.run(Timer.java:516)
"IPC Server handler 97 on default port 15001" daemon prio=5 tid=283 timed_waiting
java.lang.Thread.State: TIMED_WAITING
        at java.base@17.0.12/jdk.internal.misc.Unsafe.park(Native Method)
        at java.base@17.0.12/java.util.concurrent.locks.LockSupport.parkNanos(LockSupport.java:252)
        at java.base@17.0.12/java.util.concurrent.locks.AbstractQueuedSynchronizer$ConditionObject.awaitNanos(AbstractQueuedSynchronizer.java:1674)
        at java.base@17.0.12/java.util.concurrent.LinkedBlockingQueue.poll(LinkedBlockingQueue.java:460)
        at app//org.apache.hadoop.ipc.CallQueueManager.take(CallQueueManager.java:317)
        at app//org.apache.hadoop.ipc.Server$Handler.run(Server.java:3014)
"pool-110-thread-1"  prio=5 tid=631 timed_waiting
java.lang.Thread.State: TIMED_WAITING
        at java.base@17.0.12/jdk.internal.misc.Unsafe.park(Native Method)
        at java.base@17.0.12/java.util.concurrent.locks.LockSupport.parkNanos(LockSupport.java:252)
        at java.base@17.0.12/java.util.concurrent.locks.AbstractQueuedSynchronizer$ConditionObject.awaitNanos(AbstractQueuedSynchronizer.java:1674)
        at java.base@17.0.12/java.util.concurrent.ScheduledThreadPoolExecutor$DelayedWorkQueue.take(ScheduledThreadPoolExecutor.java:1182)
        at java.base@17.0.12/java.util.concurrent.ScheduledThreadPoolExecutor$DelayedWorkQueue.take(ScheduledThreadPoolExecutor.java:899)
        at java.base@17.0.12/java.util.concurrent.ThreadPoolExecutor.getTask(ThreadPoolExecutor.java:1062)
        at java.base@17.0.12/java.util.concurrent.ThreadPoolExecutor.runWorker(ThreadPoolExecutor.java:1122)
        at java.base@17.0.12/java.util.concurrent.ThreadPoolExecutor$Worker.run(ThreadPoolExecutor.java:635)
        at java.base@17.0.12/java.lang.Thread.run(Thread.java:840)
"IPC Server handler 76 on default port 15009" daemon prio=5 tid=595 timed_waiting
java.lang.Thread.State: TIMED_WAITING
        at java.base@17.0.12/jdk.internal.misc.Unsafe.park(Native Method)
        at java.base@17.0.12/java.util.concurrent.locks.LockSupport.parkNanos(LockSupport.java:252)
        at java.base@17.0.12/java.util.concurrent.locks.AbstractQueuedSynchronizer$ConditionObject.awaitNanos(AbstractQueuedSynchronizer.java:1674)
        at java.base@17.0.12/java.util.concurrent.LinkedBlockingQueue.poll(LinkedBlockingQueue.java:460)
        at app//org.apache.hadoop.ipc.CallQueueManager.take(CallQueueManager.java:317)
        at app//org.apache.hadoop.ipc.Server$Handler.run(Server.java:3014)
"pool-67-thread-1"  prio=5 tid=478 timed_waiting
java.lang.Thread.State: TIMED_WAITING
        at java.base@17.0.12/jdk.internal.misc.Unsafe.park(Native Method)
        at java.base@17.0.12/java.util.concurrent.locks.LockSupport.parkNanos(LockSupport.java:252)
        at java.base@17.0.12/java.util.concurrent.locks.AbstractQueuedSynchronizer$ConditionObject.awaitNanos(AbstractQueuedSynchronizer.java:1674)
        at java.base@17.0.12/java.util.concurrent.ScheduledThreadPoolExecutor$DelayedWorkQueue.take(ScheduledThreadPoolExecutor.java:1182)
        at java.base@17.0.12/java.util.concurrent.ScheduledThreadPoolExecutor$DelayedWorkQueue.take(ScheduledThreadPoolExecutor.java:899)
        at java.base@17.0.12/java.util.concurrent.ThreadPoolExecutor.getTask(ThreadPoolExecutor.java:1062)
        at java.base@17.0.12/java.util.concurrent.ThreadPoolExecutor.runWorker(ThreadPoolExecutor.java:1122)
        at java.base@17.0.12/java.util.concurrent.ThreadPoolExecutor$Worker.run(ThreadPoolExecutor.java:635)
        at java.base@17.0.12/java.lang.Thread.run(Thread.java:840)
"IPC Server handler 62 on default port 15000" daemon prio=5 tid=148 timed_waiting
java.lang.Thread.State: TIMED_WAITING
        at java.base@17.0.12/jdk.internal.misc.Unsafe.park(Native Method)
        at java.base@17.0.12/java.util.concurrent.locks.LockSupport.parkNanos(LockSupport.java:252)
        at java.base@17.0.12/java.util.concurrent.locks.AbstractQueuedSynchronizer$ConditionObject.awaitNanos(AbstractQueuedSynchronizer.java:1674)
        at java.base@17.0.12/java.util.concurrent.LinkedBlockingQueue.poll(LinkedBlockingQueue.java:460)
        at app//org.apache.hadoop.ipc.CallQueueManager.take(CallQueueManager.java:317)
        at app//org.apache.hadoop.ipc.Server$Handler.run(Server.java:3014)
"IPC Server handler 94 on default port 15000" daemon prio=5 tid=180 timed_waiting
java.lang.Thread.State: TIMED_WAITING
        at java.base@17.0.12/jdk.internal.misc.Unsafe.park(Native Method)
        at java.base@17.0.12/java.util.concurrent.locks.LockSupport.parkNanos(LockSupport.java:252)
        at java.base@17.0.12/java.util.concurrent.locks.AbstractQueuedSynchronizer$ConditionObject.awaitNanos(AbstractQueuedSynchronizer.java:1674)
        at java.base@17.0.12/java.util.concurrent.LinkedBlockingQueue.poll(LinkedBlockingQueue.java:460)
        at app//org.apache.hadoop.ipc.CallQueueManager.take(CallQueueManager.java:317)
        at app//org.apache.hadoop.ipc.Server$Handler.run(Server.java:3014)
"IPC Server handler 17 on default port 15001" daemon prio=5 tid=203 timed_waiting
java.lang.Thread.State: TIMED_WAITING
        at java.base@17.0.12/jdk.internal.misc.Unsafe.park(Native Method)
        at java.base@17.0.12/java.util.concurrent.locks.LockSupport.parkNanos(LockSupport.java:252)
        at java.base@17.0.12/java.util.concurrent.locks.AbstractQueuedSynchronizer$ConditionObject.awaitNanos(AbstractQueuedSynchronizer.java:1674)
        at java.base@17.0.12/java.util.concurrent.LinkedBlockingQueue.poll(LinkedBlockingQueue.java:460)
        at app//org.apache.hadoop.ipc.CallQueueManager.take(CallQueueManager.java:317)
        at app//org.apache.hadoop.ipc.Server$Handler.run(Server.java:3014)
"IPC Server handler 46 on default port 15001" daemon prio=5 tid=232 timed_waiting
java.lang.Thread.State: TIMED_WAITING
        at java.base@17.0.12/jdk.internal.misc.Unsafe.park(Native Method)
        at java.base@17.0.12/java.util.concurrent.locks.LockSupport.parkNanos(LockSupport.java:252)
        at java.base@17.0.12/java.util.concurrent.locks.AbstractQueuedSynchronizer$ConditionObject.awaitNanos(AbstractQueuedSynchronizer.java:1674)
        at java.base@17.0.12/java.util.concurrent.LinkedBlockingQueue.poll(LinkedBlockingQueue.java:460)
        at app//org.apache.hadoop.ipc.CallQueueManager.take(CallQueueManager.java:317)
        at app//org.apache.hadoop.ipc.Server$Handler.run(Server.java:3014)
"qtp568168963-390" daemon prio=5 tid=390 runnable
java.lang.Thread.State: RUNNABLE
        at java.base@17.0.12/sun.nio.ch.EPoll.wait(Native Method)
        at java.base@17.0.12/sun.nio.ch.EPollSelectorImpl.doSelect(EPollSelectorImpl.java:118)
        at java.base@17.0.12/sun.nio.ch.SelectorImpl.lockAndDoSelect(SelectorImpl.java:129)
        at java.base@17.0.12/sun.nio.ch.SelectorImpl.select(SelectorImpl.java:146)
        at app//org.eclipse.jetty.io.ManagedSelector.nioSelect(ManagedSelector.java:183)
        at app//org.eclipse.jetty.io.ManagedSelector.select(ManagedSelector.java:190)
        at app//org.eclipse.jetty.io.ManagedSelector$SelectorProducer.select(ManagedSelector.java:606)
        at app//org.eclipse.jetty.io.ManagedSelector$SelectorProducer.produce(ManagedSelector.java:543)
        at app//org.eclipse.jetty.util.thread.strategy.EatWhatYouKill.produceTask(EatWhatYouKill.java:362)
        at app//org.eclipse.jetty.util.thread.strategy.EatWhatYouKill.doProduce(EatWhatYouKill.java:186)
        at app//org.eclipse.jetty.util.thread.strategy.EatWhatYouKill.tryProduce(EatWhatYouKill.java:173)
        at app//org.eclipse.jetty.util.thread.strategy.EatWhatYouKill.produce(EatWhatYouKill.java:137)
        at app//org.eclipse.jetty.io.ManagedSelector$$Lambda$821/0x00007f7030550440.run(Unknown Source)
        at app//org.eclipse.jetty.util.thread.QueuedThreadPool.runJob(QueuedThreadPool.java:883)
        at app//org.eclipse.jetty.util.thread.QueuedThreadPool$Runner.run(QueuedThreadPool.java:1034)
        at java.base@17.0.12/java.lang.Thread.run(Thread.java:840)
"IPC Server handler 32 on default port 15000" daemon prio=5 tid=118 timed_waiting
java.lang.Thread.State: TIMED_WAITING
        at java.base@17.0.12/jdk.internal.misc.Unsafe.park(Native Method)
        at java.base@17.0.12/java.util.concurrent.locks.LockSupport.parkNanos(LockSupport.java:252)
        at java.base@17.0.12/java.util.concurrent.locks.AbstractQueuedSynchronizer$ConditionObject.awaitNanos(AbstractQueuedSynchronizer.java:1674)
        at java.base@17.0.12/java.util.concurrent.LinkedBlockingQueue.poll(LinkedBlockingQueue.java:460)
        at app//org.apache.hadoop.ipc.CallQueueManager.take(CallQueueManager.java:317)
        at app//org.apache.hadoop.ipc.Server$Handler.run(Server.java:3014)
"om1-OpenKeyCleanupService#0" daemon prio=5 tid=438 timed_waiting
java.lang.Thread.State: TIMED_WAITING
        at java.base@17.0.12/jdk.internal.misc.Unsafe.park(Native Method)
        at java.base@17.0.12/java.util.concurrent.locks.LockSupport.parkNanos(LockSupport.java:252)
        at java.base@17.0.12/java.util.concurrent.locks.AbstractQueuedSynchronizer$ConditionObject.awaitNanos(AbstractQueuedSynchronizer.java:1674)
        at java.base@17.0.12/java.util.concurrent.ScheduledThreadPoolExecutor$DelayedWorkQueue.take(ScheduledThreadPoolExecutor.java:1182)
        at java.base@17.0.12/java.util.concurrent.ScheduledThreadPoolExecutor$DelayedWorkQueue.take(ScheduledThreadPoolExecutor.java:899)
        at java.base@17.0.12/java.util.concurrent.ThreadPoolExecutor.getTask(ThreadPoolExecutor.java:1062)
        at java.base@17.0.12/java.util.concurrent.ThreadPoolExecutor.runWorker(ThreadPoolExecutor.java:1122)
        at java.base@17.0.12/java.util.concurrent.ThreadPoolExecutor$Worker.run(ThreadPoolExecutor.java:635)
        at java.base@17.0.12/java.lang.Thread.run(Thread.java:840)
"3ccd597d-6672-4b12-926e-746f973e87fb-DatanodeStateMachineTaskThread-1"  prio=5 tid=852 in Object.wait()
java.lang.Thread.State: WAITING (on object monitor)
        at java.base@17.0.12/jdk.internal.misc.Unsafe.park(Native Method)
        at java.base@17.0.12/java.util.concurrent.locks.LockSupport.park(LockSupport.java:341)
        at java.base@17.0.12/java.util.concurrent.locks.AbstractQueuedSynchronizer$ConditionNode.block(AbstractQueuedSynchronizer.java:506)
        at java.base@17.0.12/java.util.concurrent.ForkJoinPool.unmanagedBlock(ForkJoinPool.java:3465)
        at java.base@17.0.12/java.util.concurrent.ForkJoinPool.managedBlock(ForkJoinPool.java:3436)
        at java.base@17.0.12/java.util.concurrent.locks.AbstractQueuedSynchronizer$ConditionObject.await(AbstractQueuedSynchronizer.java:1625)
        at java.base@17.0.12/java.util.concurrent.LinkedBlockingQueue.take(LinkedBlockingQueue.java:435)
        at java.base@17.0.12/java.util.concurrent.ThreadPoolExecutor.getTask(ThreadPoolExecutor.java:1062)
        at java.base@17.0.12/java.util.concurrent.ThreadPoolExecutor.runWorker(ThreadPoolExecutor.java:1122)
        at java.base@17.0.12/java.util.concurrent.ThreadPoolExecutor$Worker.run(ThreadPoolExecutor.java:635)
        at java.base@17.0.12/java.lang.Thread.run(Thread.java:840)
"ContainerDataScanner(/home/runner/work/ozone/ozone/hadoop-ozone/integration-test/target/test-dir/MiniOzoneClusterImpl-6f218983-f2ca-45a9-b903-464e6faef46a/ozone-meta/datanode-2/data-0/hdds)" daemon prio=5 tid=841 timed_waiting
java.lang.Thread.State: TIMED_WAITING
        at java.base@17.0.12/java.lang.Thread.sleep(Native Method)
        at app//org.apache.hadoop.ozone.container.ozoneimpl.AbstractBackgroundContainerScanner.handleRemainingSleep(AbstractBackgroundContainerScanner.java:131)
        at app//org.apache.hadoop.ozone.container.ozoneimpl.AbstractBackgroundContainerScanner.runIteration(AbstractBackgroundContainerScanner.java:98)
        at app//org.apache.hadoop.ozone.container.ozoneimpl.AbstractBackgroundContainerScanner.run(AbstractBackgroundContainerScanner.java:57)
"main"  prio=5 tid=1 runnable
java.lang.Thread.State: RUNNABLE
        at java.base@17.0.12/java.lang.Thread.dumpThreads(Native Method)
        at java.base@17.0.12/java.lang.Thread.getAllStackTraces(Thread.java:1671)
        at app//org.apache.ozone.test.TimedOutTestsListener.buildThreadDump(TimedOutTestsListener.java:83)
        at app//org.apache.ozone.test.TimedOutTestsListener.buildThreadDiagnosticString(TimedOutTestsListener.java:69)
        at app//org.apache.ozone.test.GenericTestUtils.waitFor(GenericTestUtils.java:204)
        at app//org.apache.hadoop.ozone.recon.TestReconScmSnapshot.testExplicitRemovalOfNode(TestReconScmSnapshot.java:139)
        at java.base@17.0.12/jdk.internal.reflect.NativeMethodAccessorImpl.invoke0(Native Method)
        at java.base@17.0.12/jdk.internal.reflect.NativeMethodAccessorImpl.invoke(NativeMethodAccessorImpl.java:77)
        at java.base@17.0.12/jdk.internal.reflect.DelegatingMethodAccessorImpl.invoke(DelegatingMethodAccessorImpl.java:43)
        at java.base@17.0.12/java.lang.reflect.Method.invoke(Method.java:569)
        at app//org.junit.platform.commons.util.ReflectionUtils.invokeMethod(ReflectionUtils.java:728)
        at app//org.junit.jupiter.engine.execution.MethodInvocation.proceed(MethodInvocation.java:60)
        at app//org.junit.jupiter.engine.execution.InvocationInterceptorChain$ValidatingInvocation.proceed(InvocationInterceptorChain.java:131)
        at app//org.junit.jupiter.engine.extension.SameThreadTimeoutInvocation.proceed(SameThreadTimeoutInvocation.java:45)
        at app//org.junit.jupiter.engine.extension.TimeoutExtension.intercept(TimeoutExtension.java:156)
        at app//org.junit.jupiter.engine.extension.TimeoutExtension.interceptTestableMethod(TimeoutExtension.java:147)
        at app//org.junit.jupiter.engine.extension.TimeoutExtension.interceptTestMethod(TimeoutExtension.java:86)
        at app//org.junit.jupiter.engine.descriptor.TestMethodTestDescriptor$$Lambda$229/0x00007f70300a77c8.apply(Unknown Source)
        at app//org.junit.jupiter.engine.execution.InterceptingExecutableInvoker$ReflectiveInterceptorCall.lambda$ofVoidMethod$0(InterceptingExecutableInvoker.java:103)
        at app//org.junit.jupiter.engine.execution.InterceptingExecutableInvoker$ReflectiveInterceptorCall$$Lambda$230/0x00007f70300a7be8.apply(Unknown Source)
        at app//org.junit.jupiter.engine.execution.InterceptingExecutableInvoker.lambda$invoke$0(InterceptingExecutableInvoker.java:93)
        at app//org.junit.jupiter.engine.execution.InterceptingExecutableInvoker$$Lambda$447/0x00007f703012a200.apply(Unknown Source)
        at app//org.junit.jupiter.engine.execution.InvocationInterceptorChain$InterceptedInvocation.proceed(InvocationInterceptorChain.java:106)
        at app//org.junit.jupiter.engine.execution.InvocationInterceptorChain.proceed(InvocationInterceptorChain.java:64)
        at app//org.junit.jupiter.engine.execution.InvocationInterceptorChain.chainAndInvoke(InvocationInterceptorChain.java:45)
        at app//org.junit.jupiter.engine.execution.InvocationInterceptorChain.invoke(InvocationInterceptorChain.java:37)
        at app//org.junit.jupiter.engine.execution.InterceptingExecutableInvoker.invoke(InterceptingExecutableInvoker.java:92)
        at app//org.junit.jupiter.engine.execution.InterceptingExecutableInvoker.invoke(InterceptingExecutableInvoker.java:86)
        at app//org.junit.jupiter.engine.descriptor.TestMethodTestDescriptor.lambda$invokeTestMethod$7(TestMethodTestDescriptor.java:218)
        at app//org.junit.jupiter.engine.descriptor.TestMethodTestDescriptor$$Lambda$1992/0x00007f7030eb1c80.execute(Unknown Source)
        at app//org.junit.platform.engine.support.hierarchical.ThrowableCollector.execute(ThrowableCollector.java:73)
        at app//org.junit.jupiter.engine.descriptor.TestMethodTestDescriptor.invokeTestMethod(TestMethodTestDescriptor.java:214)
        at app//org.junit.jupiter.engine.descriptor.TestMethodTestDescriptor.execute(TestMethodTestDescriptor.java:139)
        at app//org.junit.jupiter.engine.descriptor.TestMethodTestDescriptor.execute(TestMethodTestDescriptor.java:69)
        at app//org.junit.platform.engine.support.hierarchical.NodeTestTask.lambda$executeRecursively$6(NodeTestTask.java:151)
        at app//org.junit.platform.engine.support.hierarchical.NodeTestTask$$Lambda$373/0x00007f703011d5a0.execute(Unknown Source)
        at app//org.junit.platform.engine.support.hierarchical.ThrowableCollector.execute(ThrowableCollector.java:73)
        at app//org.junit.platform.engine.support.hierarchical.NodeTestTask.lambda$executeRecursively$8(NodeTestTask.java:141)
        at app//org.junit.platform.engine.support.hierarchical.NodeTestTask$$Lambda$372/0x00007f703011d130.invoke(Unknown Source)
        at app//org.junit.platform.engine.support.hierarchical.Node.around(Node.java:137)
        at app//org.junit.platform.engine.support.hierarchical.NodeTestTask.lambda$executeRecursively$9(NodeTestTask.java:139)
        at app//org.junit.platform.engine.support.hierarchical.NodeTestTask$$Lambda$371/0x00007f703011cd08.execute(Unknown Source)
        at app//org.junit.platform.engine.support.hierarchical.ThrowableCollector.execute(ThrowableCollector.java:73)
        at app//org.junit.platform.engine.support.hierarchical.NodeTestTask.executeRecursively(NodeTestTask.java:138)
        at app//org.junit.platform.engine.support.hierarchical.NodeTestTask.execute(NodeTestTask.java:95)
        at app//org.junit.platform.engine.support.hierarchical.SameThreadHierarchicalTestExecutorService$$Lambda$377/0x00007f703011e300.accept(Unknown Source)
        at java.base@17.0.12/java.util.ArrayList.forEach(ArrayList.java:1511)
        at app//org.junit.platform.engine.support.hierarchical.SameThreadHierarchicalTestExecutorService.invokeAll(SameThreadHierarchicalTestExecutorService.java:41)
        at app//org.junit.platform.engine.support.hierarchical.NodeTestTask.lambda$executeRecursively$6(NodeTestTask.java:155)
        at app//org.junit.platform.engine.support.hierarchical.NodeTestTask$$Lambda$373/0x00007f703011d5a0.execute(Unknown Source)
        at app//org.junit.platform.engine.support.hierarchical.ThrowableCollector.execute(ThrowableCollector.java:73)
        at app//org.junit.platform.engine.support.hierarchical.NodeTestTask.lambda$executeRecursively$8(NodeTestTask.java:141)
        at app//org.junit.platform.engine.support.hierarchical.NodeTestTask$$Lambda$372/0x00007f703011d130.invoke(Unknown Source)
        at app//org.junit.platform.engine.support.hierarchical.Node.around(Node.java:137)
        at app//org.junit.platform.engine.support.hierarchical.NodeTestTask.lambda$executeRecursively$9(NodeTestTask.java:139)
        at app//org.junit.platform.engine.support.hierarchical.NodeTestTask$$Lambda$371/0x00007f703011cd08.execute(Unknown Source)
        at app//org.junit.platform.engine.support.hierarchical.ThrowableCollector.execute(ThrowableCollector.java:73)
        at app//org.junit.platform.engine.support.hierarchical.NodeTestTask.executeRecursively(NodeTestTask.java:138)
        at app//org.junit.platform.engine.support.hierarchical.NodeTestTask.execute(NodeTestTask.java:95)
        at app//org.junit.platform.engine.support.hierarchical.SameThreadHierarchicalTestExecutorService$$Lambda$377/0x00007f703011e300.accept(Unknown Source)
        at java.base@17.0.12/java.util.ArrayList.forEach(ArrayList.java:1511)
        at app//org.junit.platform.engine.support.hierarchical.SameThreadHierarchicalTestExecutorService.invokeAll(SameThreadHierarchicalTestExecutorService.java:41)
        at app//org.junit.platform.engine.support.hierarchical.NodeTestTask.lambda$executeRecursively$6(NodeTestTask.java:155)
        at app//org.junit.platform.engine.support.hierarchical.NodeTestTask$$Lambda$373/0x00007f703011d5a0.execute(Unknown Source)
        at app//org.junit.platform.engine.support.hierarchical.ThrowableCollector.execute(ThrowableCollector.java:73)
        at app//org.junit.platform.engine.support.hierarchical.NodeTestTask.lambda$executeRecursively$8(NodeTestTask.java:141)
        at app//org.junit.platform.engine.support.hierarchical.NodeTestTask$$Lambda$372/0x00007f703011d130.invoke(Unknown Source)
        at app//org.junit.platform.engine.support.hierarchical.Node.around(Node.java:137)
        at app//org.junit.platform.engine.support.hierarchical.NodeTestTask.lambda$executeRecursively$9(NodeTestTask.java:139)
        at app//org.junit.platform.engine.support.hierarchical.NodeTestTask$$Lambda$371/0x00007f703011cd08.execute(Unknown Source)
        at app//org.junit.platform.engine.support.hierarchical.ThrowableCollector.execute(ThrowableCollector.java:73)
        at app//org.junit.platform.engine.support.hierarchical.NodeTestTask.executeRecursively(NodeTestTask.java:138)
        at app//org.junit.platform.engine.support.hierarchical.NodeTestTask.execute(NodeTestTask.java:95)
        at app//org.junit.platform.engine.support.hierarchical.SameThreadHierarchicalTestExecutorService.submit(SameThreadHierarchicalTestExecutorService.java:35)
        at app//org.junit.platform.engine.support.hierarchical.HierarchicalTestExecutor.execute(HierarchicalTestExecutor.java:57)
        at app//org.junit.platform.engine.support.hierarchical.HierarchicalTestEngine.execute(HierarchicalTestEngine.java:54)
        at app//org.junit.platform.launcher.core.EngineExecutionOrchestrator.execute(EngineExecutionOrchestrator.java:198)
        at app//org.junit.platform.launcher.core.EngineExecutionOrchestrator.execute(EngineExecutionOrchestrator.java:169)
        at app//org.junit.platform.launcher.core.EngineExecutionOrchestrator.execute(EngineExecutionOrchestrator.java:93)
        at app//org.junit.platform.launcher.core.EngineExecutionOrchestrator.lambda$execute$0(EngineExecutionOrchestrator.java:58)
        at app//org.junit.platform.launcher.core.EngineExecutionOrchestrator$$Lambda$285/0x00007f70300b13d0.accept(Unknown Source)
        at app//org.junit.platform.launcher.core.EngineExecutionOrchestrator.withInterceptedStreams(EngineExecutionOrchestrator.java:141)
        at app//org.junit.platform.launcher.core.EngineExecutionOrchestrator.execute(EngineExecutionOrchestrator.java:57)
        at app//org.junit.platform.launcher.core.DefaultLauncher.execute(DefaultLauncher.java:103)
        at app//org.junit.platform.launcher.core.DefaultLauncher.execute(DefaultLauncher.java:85)
        at app//org.junit.platform.launcher.core.DelegatingLauncher.execute(DelegatingLauncher.java:47)
        at app//org.junit.platform.launcher.core.SessionPerRequestLauncher.execute(SessionPerRequestLauncher.java:63)
        at app//org.apache.maven.surefire.junitplatform.JUnitPlatformProvider.invokeAllTests(JUnitPlatformProvider.java:154)
        at app//org.apache.maven.surefire.junitplatform.JUnitPlatformProvider.invoke(JUnitPlatformProvider.java:123)
        at app//org.apache.maven.surefire.booter.ForkedBooter.runSuitesInProcess(ForkedBooter.java:377)
        at app//org.apache.maven.surefire.booter.ForkedBooter.execute(ForkedBooter.java:138)
        at app//org.apache.maven.surefire.booter.ForkedBooter.run(ForkedBooter.java:465)
        at app//org.apache.maven.surefire.booter.ForkedBooter.main(ForkedBooter.java:451)
"Socket Reader #2 for port 15001"  prio=5 tid=49 runnable
java.lang.Thread.State: RUNNABLE
        at java.base@17.0.12/sun.nio.ch.EPoll.wait(Native Method)
        at java.base@17.0.12/sun.nio.ch.EPollSelectorImpl.doSelect(EPollSelectorImpl.java:118)
        at java.base@17.0.12/sun.nio.ch.SelectorImpl.lockAndDoSelect(SelectorImpl.java:129)
        at java.base@17.0.12/sun.nio.ch.SelectorImpl.select(SelectorImpl.java:146)
        at app//org.apache.hadoop.ipc.Server$Listener$Reader.doRunLoop(Server.java:1346)
        at app//org.apache.hadoop.ipc.Server$Listener$Reader.run(Server.java:1325)
"Socket Reader #1 for port 15004"  prio=5 tid=412 runnable
java.lang.Thread.State: RUNNABLE
        at java.base@17.0.12/sun.nio.ch.EPoll.wait(Native Method)
        at java.base@17.0.12/sun.nio.ch.EPollSelectorImpl.doSelect(EPollSelectorImpl.java:118)
        at java.base@17.0.12/sun.nio.ch.SelectorImpl.lockAndDoSelect(SelectorImpl.java:129)
        at java.base@17.0.12/sun.nio.ch.SelectorImpl.select(SelectorImpl.java:146)
        at app//org.apache.hadoop.ipc.Server$Listener$Reader.doRunLoop(Server.java:1346)
        at app//org.apache.hadoop.ipc.Server$Listener$Reader.run(Server.java:1325)
"IPC Server handler 85 on default port 15002" daemon prio=5 tid=371 timed_waiting
java.lang.Thread.State: TIMED_WAITING
        at java.base@17.0.12/jdk.internal.misc.Unsafe.park(Native Method)
        at java.base@17.0.12/java.util.concurrent.locks.LockSupport.parkNanos(LockSupport.java:252)
        at java.base@17.0.12/java.util.concurrent.locks.AbstractQueuedSynchronizer$ConditionObject.awaitNanos(AbstractQueuedSynchronizer.java:1674)
        at java.base@17.0.12/java.util.concurrent.LinkedBlockingQueue.poll(LinkedBlockingQueue.java:460)
        at app//org.apache.hadoop.ipc.CallQueueManager.take(CallQueueManager.java:317)
        at app//org.apache.hadoop.ipc.Server$Handler.run(Server.java:3014)
"Socket Reader #8 for port 15001"  prio=5 tid=55 runnable
java.lang.Thread.State: RUNNABLE
        at java.base@17.0.12/sun.nio.ch.EPoll.wait(Native Method)
        at java.base@17.0.12/sun.nio.ch.EPollSelectorImpl.doSelect(EPollSelectorImpl.java:118)
        at java.base@17.0.12/sun.nio.ch.SelectorImpl.lockAndDoSelect(SelectorImpl.java:129)
        at java.base@17.0.12/sun.nio.ch.SelectorImpl.select(SelectorImpl.java:146)
        at app//org.apache.hadoop.ipc.Server$Listener$Reader.doRunLoop(Server.java:1346)
        at app//org.apache.hadoop.ipc.Server$Listener$Reader.run(Server.java:1325)
"IPC Server idle connection scanner for port 15004" daemon prio=5 tid=422 timed_waiting
java.lang.Thread.State: TIMED_WAITING
        at java.base@17.0.12/java.lang.Object.wait(Native Method)
        at java.base@17.0.12/java.util.TimerThread.mainLoop(Timer.java:563)
        at java.base@17.0.12/java.util.TimerThread.run(Timer.java:516)
"IPC Server handler 84 on default port 15002" daemon prio=5 tid=370 timed_waiting
java.lang.Thread.State: TIMED_WAITING
        at java.base@17.0.12/jdk.internal.misc.Unsafe.park(Native Method)
        at java.base@17.0.12/java.util.concurrent.locks.LockSupport.parkNanos(LockSupport.java:252)
        at java.base@17.0.12/java.util.concurrent.locks.AbstractQueuedSynchronizer$ConditionObject.awaitNanos(AbstractQueuedSynchronizer.java:1674)
        at java.base@17.0.12/java.util.concurrent.LinkedBlockingQueue.poll(LinkedBlockingQueue.java:460)
        at app//org.apache.hadoop.ipc.CallQueueManager.take(CallQueueManager.java:317)
        at app//org.apache.hadoop.ipc.Server$Handler.run(Server.java:3014)
"qtp1486340678-506" daemon prio=5 tid=506 runnable
java.lang.Thread.State: RUNNABLE
        at java.base@17.0.12/sun.nio.ch.EPoll.wait(Native Method)
        at java.base@17.0.12/sun.nio.ch.EPollSelectorImpl.doSelect(EPollSelectorImpl.java:118)
        at java.base@17.0.12/sun.nio.ch.SelectorImpl.lockAndDoSelect(SelectorImpl.java:129)
        at java.base@17.0.12/sun.nio.ch.SelectorImpl.select(SelectorImpl.java:146)
        at app//org.eclipse.jetty.io.ManagedSelector.nioSelect(ManagedSelector.java:183)
        at app//org.eclipse.jetty.io.ManagedSelector.select(ManagedSelector.java:190)
        at app//org.eclipse.jetty.io.ManagedSelector$SelectorProducer.select(ManagedSelector.java:606)
        at app//org.eclipse.jetty.io.ManagedSelector$SelectorProducer.produce(ManagedSelector.java:543)
        at app//org.eclipse.jetty.util.thread.strategy.EatWhatYouKill.produceTask(EatWhatYouKill.java:362)
        at app//org.eclipse.jetty.util.thread.strategy.EatWhatYouKill.doProduce(EatWhatYouKill.java:186)
        at app//org.eclipse.jetty.util.thread.strategy.EatWhatYouKill.tryProduce(EatWhatYouKill.java:173)
        at app//org.eclipse.jetty.util.thread.strategy.EatWhatYouKill.produce(EatWhatYouKill.java:137)
        at app//org.eclipse.jetty.io.ManagedSelector$$Lambda$821/0x00007f7030550440.run(Unknown Source)
        at app//org.eclipse.jetty.util.thread.QueuedThreadPool.runJob(QueuedThreadPool.java:883)
        at app//org.eclipse.jetty.util.thread.QueuedThreadPool$Runner.run(QueuedThreadPool.java:1034)
        at java.base@17.0.12/java.lang.Thread.run(Thread.java:840)
"IPC Server handler 36 on default port 15000" daemon prio=5 tid=122 timed_waiting
java.lang.Thread.State: TIMED_WAITING
        at java.base@17.0.12/jdk.internal.misc.Unsafe.park(Native Method)
        at java.base@17.0.12/java.util.concurrent.locks.LockSupport.parkNanos(LockSupport.java:252)
        at java.base@17.0.12/java.util.concurrent.locks.AbstractQueuedSynchronizer$ConditionObject.awaitNanos(AbstractQueuedSynchronizer.java:1674)
        at java.base@17.0.12/java.util.concurrent.LinkedBlockingQueue.poll(LinkedBlockingQueue.java:460)
        at app//org.apache.hadoop.ipc.CallQueueManager.take(CallQueueManager.java:317)
        at app//org.apache.hadoop.ipc.Server$Handler.run(Server.java:3014)
"IPC Server handler 83 on default port 15000" daemon prio=5 tid=169 timed_waiting
java.lang.Thread.State: TIMED_WAITING
        at java.base@17.0.12/jdk.internal.misc.Unsafe.park(Native Method)
        at java.base@17.0.12/java.util.concurrent.locks.LockSupport.parkNanos(LockSupport.java:252)
        at java.base@17.0.12/java.util.concurrent.locks.AbstractQueuedSynchronizer$ConditionObject.awaitNanos(AbstractQueuedSynchronizer.java:1674)
        at java.base@17.0.12/java.util.concurrent.LinkedBlockingQueue.poll(LinkedBlockingQueue.java:460)
        at app//org.apache.hadoop.ipc.CallQueueManager.take(CallQueueManager.java:317)
        at app//org.apache.hadoop.ipc.Server$Handler.run(Server.java:3014)
"IPC Server handler 29 on default port 15000" daemon prio=5 tid=115 timed_waiting
java.lang.Thread.State: TIMED_WAITING
        at java.base@17.0.12/jdk.internal.misc.Unsafe.park(Native Method)
        at java.base@17.0.12/java.util.concurrent.locks.LockSupport.parkNanos(LockSupport.java:252)
        at java.base@17.0.12/java.util.concurrent.locks.AbstractQueuedSynchronizer$ConditionObject.awaitNanos(AbstractQueuedSynchronizer.java:1674)
        at java.base@17.0.12/java.util.concurrent.LinkedBlockingQueue.poll(LinkedBlockingQueue.java:460)
        at app//org.apache.hadoop.ipc.CallQueueManager.take(CallQueueManager.java:317)
        at app//org.apache.hadoop.ipc.Server$Handler.run(Server.java:3014)
"pool-142-thread-1" daemon prio=5 tid=858 timed_waiting
java.lang.Thread.State: TIMED_WAITING
        at java.base@17.0.12/jdk.internal.misc.Unsafe.park(Native Method)
        at java.base@17.0.12/java.util.concurrent.locks.LockSupport.parkNanos(LockSupport.java:252)
        at java.base@17.0.12/java.util.concurrent.locks.AbstractQueuedSynchronizer$ConditionObject.awaitNanos(AbstractQueuedSynchronizer.java:1674)
        at java.base@17.0.12/java.util.concurrent.ScheduledThreadPoolExecutor$DelayedWorkQueue.take(ScheduledThreadPoolExecutor.java:1182)
        at java.base@17.0.12/java.util.concurrent.ScheduledThreadPoolExecutor$DelayedWorkQueue.take(ScheduledThreadPoolExecutor.java:899)
        at java.base@17.0.12/java.util.concurrent.ThreadPoolExecutor.getTask(ThreadPoolExecutor.java:1062)
        at java.base@17.0.12/java.util.concurrent.ThreadPoolExecutor.runWorker(ThreadPoolExecutor.java:1122)
        at java.base@17.0.12/java.util.concurrent.ThreadPoolExecutor$Worker.run(ThreadPoolExecutor.java:635)
        at java.base@17.0.12/java.lang.Thread.run(Thread.java:840)
"IPC Server handler 63 on default port 15009" daemon prio=5 tid=582 timed_waiting
java.lang.Thread.State: TIMED_WAITING
        at java.base@17.0.12/jdk.internal.misc.Unsafe.park(Native Method)
        at java.base@17.0.12/java.util.concurrent.locks.LockSupport.parkNanos(LockSupport.java:252)
        at java.base@17.0.12/java.util.concurrent.locks.AbstractQueuedSynchronizer$ConditionObject.awaitNanos(AbstractQueuedSynchronizer.java:1674)
        at java.base@17.0.12/java.util.concurrent.LinkedBlockingQueue.poll(LinkedBlockingQueue.java:460)
        at app//org.apache.hadoop.ipc.CallQueueManager.take(CallQueueManager.java:317)
        at app//org.apache.hadoop.ipc.Server$Handler.run(Server.java:3014)
"IPC Server handler 68 on default port 15001" daemon prio=5 tid=254 timed_waiting
java.lang.Thread.State: TIMED_WAITING
        at java.base@17.0.12/jdk.internal.misc.Unsafe.park(Native Method)
        at java.base@17.0.12/java.util.concurrent.locks.LockSupport.parkNanos(LockSupport.java:252)
        at java.base@17.0.12/java.util.concurrent.locks.AbstractQueuedSynchronizer$ConditionObject.awaitNanos(AbstractQueuedSynchronizer.java:1674)
        at java.base@17.0.12/java.util.concurrent.LinkedBlockingQueue.poll(LinkedBlockingQueue.java:460)
        at app//org.apache.hadoop.ipc.CallQueueManager.take(CallQueueManager.java:317)
        at app//org.apache.hadoop.ipc.Server$Handler.run(Server.java:3014)
"IPC Server handler 3 on default port 15030" daemon prio=5 tid=750 timed_waiting
java.lang.Thread.State: TIMED_WAITING
        at java.base@17.0.12/jdk.internal.misc.Unsafe.park(Native Method)
        at java.base@17.0.12/java.util.concurrent.locks.LockSupport.parkNanos(LockSupport.java:252)
        at java.base@17.0.12/java.util.concurrent.locks.AbstractQueuedSynchronizer$ConditionObject.awaitNanos(AbstractQueuedSynchronizer.java:1674)
        at java.base@17.0.12/java.util.concurrent.LinkedBlockingQueue.poll(LinkedBlockingQueue.java:460)
        at app//org.apache.hadoop.ipc.CallQueueManager.take(CallQueueManager.java:317)
        at app//org.apache.hadoop.ipc.Server$Handler.run(Server.java:3014)
"IPC Server handler 42 on default port 15000" daemon prio=5 tid=128 timed_waiting
java.lang.Thread.State: TIMED_WAITING
        at java.base@17.0.12/jdk.internal.misc.Unsafe.park(Native Method)
        at java.base@17.0.12/java.util.concurrent.locks.LockSupport.parkNanos(LockSupport.java:252)
        at java.base@17.0.12/java.util.concurrent.locks.AbstractQueuedSynchronizer$ConditionObject.awaitNanos(AbstractQueuedSynchronizer.java:1674)
        at java.base@17.0.12/java.util.concurrent.LinkedBlockingQueue.poll(LinkedBlockingQueue.java:460)
        at app//org.apache.hadoop.ipc.CallQueueManager.take(CallQueueManager.java:317)
        at app//org.apache.hadoop.ipc.Server$Handler.run(Server.java:3014)
"IPC Server handler 7 on default port 15021" daemon prio=5 tid=708 timed_waiting
java.lang.Thread.State: TIMED_WAITING
        at java.base@17.0.12/jdk.internal.misc.Unsafe.park(Native Method)
        at java.base@17.0.12/java.util.concurrent.locks.LockSupport.parkNanos(LockSupport.java:252)
        at java.base@17.0.12/java.util.concurrent.locks.AbstractQueuedSynchronizer$ConditionObject.awaitNanos(AbstractQueuedSynchronizer.java:1674)
        at java.base@17.0.12/java.util.concurrent.LinkedBlockingQueue.poll(LinkedBlockingQueue.java:460)
        at app//org.apache.hadoop.ipc.CallQueueManager.take(CallQueueManager.java:317)
        at app//org.apache.hadoop.ipc.Server$Handler.run(Server.java:3014)
"Socket Reader #2 for port 15030"  prio=5 tid=735 runnable
java.lang.Thread.State: RUNNABLE
        at java.base@17.0.12/sun.nio.ch.EPoll.wait(Native Method)
        at java.base@17.0.12/sun.nio.ch.EPollSelectorImpl.doSelect(EPollSelectorImpl.java:118)
        at java.base@17.0.12/sun.nio.ch.SelectorImpl.lockAndDoSelect(SelectorImpl.java:129)
        at java.base@17.0.12/sun.nio.ch.SelectorImpl.select(SelectorImpl.java:146)
        at app//org.apache.hadoop.ipc.Server$Listener$Reader.doRunLoop(Server.java:1346)
        at app//org.apache.hadoop.ipc.Server$Listener$Reader.run(Server.java:1325)
"89da30bd-cbf9-4a7b-a1ff-1f6963324f22-RocksDBCompactionThread-0"  prio=5 tid=673 timed_waiting
java.lang.Thread.State: TIMED_WAITING
        at java.base@17.0.12/jdk.internal.misc.Unsafe.park(Native Method)
        at java.base@17.0.12/java.util.concurrent.locks.LockSupport.parkNanos(LockSupport.java:252)
        at java.base@17.0.12/java.util.concurrent.locks.AbstractQueuedSynchronizer$ConditionObject.awaitNanos(AbstractQueuedSynchronizer.java:1674)
        at java.base@17.0.12/java.util.concurrent.ScheduledThreadPoolExecutor$DelayedWorkQueue.take(ScheduledThreadPoolExecutor.java:1182)
        at java.base@17.0.12/java.util.concurrent.ScheduledThreadPoolExecutor$DelayedWorkQueue.take(ScheduledThreadPoolExecutor.java:899)
        at java.base@17.0.12/java.util.concurrent.ThreadPoolExecutor.getTask(ThreadPoolExecutor.java:1062)
        at java.base@17.0.12/java.util.concurrent.ThreadPoolExecutor.runWorker(ThreadPoolExecutor.java:1122)
        at java.base@17.0.12/java.util.concurrent.ThreadPoolExecutor$Worker.run(ThreadPoolExecutor.java:635)
        at java.base@17.0.12/java.lang.Thread.run(Thread.java:840)
"qtp1486340678-508-acceptor-0@35f58514-ServerConnector@240af9dc{HTTP/1.1, (http/1.1)}{0.0.0.0:15008}" daemon prio=3 tid=508 runnable
java.lang.Thread.State: RUNNABLE
        at java.base@17.0.12/sun.nio.ch.Net.accept(Native Method)
        at java.base@17.0.12/sun.nio.ch.ServerSocketChannelImpl.implAccept(ServerSocketChannelImpl.java:425)
        at java.base@17.0.12/sun.nio.ch.ServerSocketChannelImpl.accept(ServerSocketChannelImpl.java:391)
        at app//org.eclipse.jetty.server.ServerConnector.accept(ServerConnector.java:388)
        at app//org.eclipse.jetty.server.AbstractConnector$Acceptor.run(AbstractConnector.java:704)
        at app//org.eclipse.jetty.util.thread.QueuedThreadPool.runJob(QueuedThreadPool.java:883)
        at app//org.eclipse.jetty.util.thread.QueuedThreadPool$Runner.run(QueuedThreadPool.java:1034)
        at java.base@17.0.12/java.lang.Thread.run(Thread.java:840)
"Session-HouseKeeper-4c91e8b0-1"  prio=5 tid=686 timed_waiting
java.lang.Thread.State: TIMED_WAITING
        at java.base@17.0.12/jdk.internal.misc.Unsafe.park(Native Method)
        at java.base@17.0.12/java.util.concurrent.locks.LockSupport.parkNanos(LockSupport.java:252)
        at java.base@17.0.12/java.util.concurrent.locks.AbstractQueuedSynchronizer$ConditionObject.awaitNanos(AbstractQueuedSynchronizer.java:1674)
        at java.base@17.0.12/java.util.concurrent.ScheduledThreadPoolExecutor$DelayedWorkQueue.take(ScheduledThreadPoolExecutor.java:1182)
        at java.base@17.0.12/java.util.concurrent.ScheduledThreadPoolExecutor$DelayedWorkQueue.take(ScheduledThreadPoolExecutor.java:899)
        at java.base@17.0.12/java.util.concurrent.ThreadPoolExecutor.getTask(ThreadPoolExecutor.java:1062)
        at java.base@17.0.12/java.util.concurrent.ThreadPoolExecutor.runWorker(ThreadPoolExecutor.java:1122)
        at java.base@17.0.12/java.util.concurrent.ThreadPoolExecutor$Worker.run(ThreadPoolExecutor.java:635)
        at java.base@17.0.12/java.lang.Thread.run(Thread.java:840)
"IPC Server handler 96 on default port 15000" daemon prio=5 tid=182 timed_waiting
java.lang.Thread.State: TIMED_WAITING
        at java.base@17.0.12/jdk.internal.misc.Unsafe.park(Native Method)
        at java.base@17.0.12/java.util.concurrent.locks.LockSupport.parkNanos(LockSupport.java:252)
        at java.base@17.0.12/java.util.concurrent.locks.AbstractQueuedSynchronizer$ConditionObject.awaitNanos(AbstractQueuedSynchronizer.java:1674)
        at java.base@17.0.12/java.util.concurrent.LinkedBlockingQueue.poll(LinkedBlockingQueue.java:460)
        at app//org.apache.hadoop.ipc.CallQueueManager.take(CallQueueManager.java:317)
        at app//org.apache.hadoop.ipc.Server$Handler.run(Server.java:3014)
"IPC Server handler 58 on default port 15000" daemon prio=5 tid=144 timed_waiting
java.lang.Thread.State: TIMED_WAITING
        at java.base@17.0.12/jdk.internal.misc.Unsafe.park(Native Method)
        at java.base@17.0.12/java.util.concurrent.locks.LockSupport.parkNanos(LockSupport.java:252)
        at java.base@17.0.12/java.util.concurrent.locks.AbstractQueuedSynchronizer$ConditionObject.awaitNanos(AbstractQueuedSynchronizer.java:1674)
        at java.base@17.0.12/java.util.concurrent.LinkedBlockingQueue.poll(LinkedBlockingQueue.java:460)
        at app//org.apache.hadoop.ipc.CallQueueManager.take(CallQueueManager.java:317)
        at app//org.apache.hadoop.ipc.Server$Handler.run(Server.java:3014)
"IPC Server handler 86 on default port 15002" daemon prio=5 tid=372 timed_waiting
java.lang.Thread.State: TIMED_WAITING
        at java.base@17.0.12/jdk.internal.misc.Unsafe.park(Native Method)
        at java.base@17.0.12/java.util.concurrent.locks.LockSupport.parkNanos(LockSupport.java:252)
        at java.base@17.0.12/java.util.concurrent.locks.AbstractQueuedSynchronizer$ConditionObject.awaitNanos(AbstractQueuedSynchronizer.java:1674)
        at java.base@17.0.12/java.util.concurrent.LinkedBlockingQueue.poll(LinkedBlockingQueue.java:460)
        at app//org.apache.hadoop.ipc.CallQueueManager.take(CallQueueManager.java:317)
        at app//org.apache.hadoop.ipc.Server$Handler.run(Server.java:3014)
"IPC Server handler 48 on default port 15000" daemon prio=5 tid=134 timed_waiting
java.lang.Thread.State: TIMED_WAITING
        at java.base@17.0.12/jdk.internal.misc.Unsafe.park(Native Method)
        at java.base@17.0.12/java.util.concurrent.locks.LockSupport.parkNanos(LockSupport.java:252)
        at java.base@17.0.12/java.util.concurrent.locks.AbstractQueuedSynchronizer$ConditionObject.awaitNanos(AbstractQueuedSynchronizer.java:1674)
        at java.base@17.0.12/java.util.concurrent.LinkedBlockingQueue.poll(LinkedBlockingQueue.java:460)
        at app//org.apache.hadoop.ipc.CallQueueManager.take(CallQueueManager.java:317)
        at app//org.apache.hadoop.ipc.Server$Handler.run(Server.java:3014)
"89da30bd-cbf9-4a7b-a1ff-1f6963324f22-DatanodeStateMachineDaemonThread" daemon prio=5 tid=711 timed_waiting
java.lang.Thread.State: TIMED_WAITING
        at java.base@17.0.12/java.lang.Thread.sleep(Native Method)
        at app//org.apache.hadoop.ozone.container.common.statemachine.DatanodeStateMachine.startStateMachineThread(DatanodeStateMachine.java:358)
        at app//org.apache.hadoop.ozone.container.common.statemachine.DatanodeStateMachine.lambda$startDaemon$1(DatanodeStateMachine.java:544)
        at app//org.apache.hadoop.ozone.container.common.statemachine.DatanodeStateMachine$$Lambda$1692/0x00007f7030d74840.run(Unknown Source)
        at java.base@17.0.12/java.lang.Thread.run(Thread.java:840)
"89da30bd-cbf9-4a7b-a1ff-1f6963324f22-server-thread1" daemon prio=5 tid=1017 timed_waiting
java.lang.Thread.State: TIMED_WAITING
        at java.base@17.0.12/jdk.internal.misc.Unsafe.park(Native Method)
        at java.base@17.0.12/java.util.concurrent.locks.LockSupport.parkNanos(LockSupport.java:252)
        at java.base@17.0.12/java.util.concurrent.SynchronousQueue$TransferStack.transfer(SynchronousQueue.java:401)
        at java.base@17.0.12/java.util.concurrent.SynchronousQueue.poll(SynchronousQueue.java:903)
        at java.base@17.0.12/java.util.concurrent.ThreadPoolExecutor.getTask(ThreadPoolExecutor.java:1061)
        at java.base@17.0.12/java.util.concurrent.ThreadPoolExecutor.runWorker(ThreadPoolExecutor.java:1122)
        at java.base@17.0.12/java.util.concurrent.ThreadPoolExecutor$Worker.run(ThreadPoolExecutor.java:635)
        at java.base@17.0.12/java.lang.Thread.run(Thread.java:840)
"IPC Server handler 9 on default port 15000" daemon prio=5 tid=95 timed_waiting
java.lang.Thread.State: TIMED_WAITING
        at java.base@17.0.12/jdk.internal.misc.Unsafe.park(Native Method)
        at java.base@17.0.12/java.util.concurrent.locks.LockSupport.parkNanos(LockSupport.java:252)
        at java.base@17.0.12/java.util.concurrent.locks.AbstractQueuedSynchronizer$ConditionObject.awaitNanos(AbstractQueuedSynchronizer.java:1674)
        at java.base@17.0.12/java.util.concurrent.LinkedBlockingQueue.poll(LinkedBlockingQueue.java:460)
        at app//org.apache.hadoop.ipc.CallQueueManager.take(CallQueueManager.java:317)
        at app//org.apache.hadoop.ipc.Server$Handler.run(Server.java:3014)
"IPC Server handler 11 on default port 15004" daemon prio=5 tid=463 timed_waiting
java.lang.Thread.State: TIMED_WAITING
        at java.base@17.0.12/jdk.internal.misc.Unsafe.park(Native Method)
        at java.base@17.0.12/java.util.concurrent.locks.LockSupport.parkNanos(LockSupport.java:252)
        at java.base@17.0.12/java.util.concurrent.locks.AbstractQueuedSynchronizer$ConditionObject.awaitNanos(AbstractQueuedSynchronizer.java:1674)
        at java.base@17.0.12/java.util.concurrent.LinkedBlockingQueue.poll(LinkedBlockingQueue.java:460)
        at app//org.apache.hadoop.ipc.CallQueueManager.take(CallQueueManager.java:317)
        at app//org.apache.hadoop.ipc.Server$Handler.run(Server.java:3014)
"Socket Reader #1 for port 15021"  prio=5 tid=688 runnable
java.lang.Thread.State: RUNNABLE
        at java.base@17.0.12/sun.nio.ch.EPoll.wait(Native Method)
        at java.base@17.0.12/sun.nio.ch.EPollSelectorImpl.doSelect(EPollSelectorImpl.java:118)
        at java.base@17.0.12/sun.nio.ch.SelectorImpl.lockAndDoSelect(SelectorImpl.java:129)
        at java.base@17.0.12/sun.nio.ch.SelectorImpl.select(SelectorImpl.java:146)
        at app//org.apache.hadoop.ipc.Server$Listener$Reader.doRunLoop(Server.java:1346)
        at app//org.apache.hadoop.ipc.Server$Listener$Reader.run(Server.java:1325)
"IPC Server handler 82 on default port 15002" daemon prio=5 tid=368 timed_waiting
java.lang.Thread.State: TIMED_WAITING
        at java.base@17.0.12/jdk.internal.misc.Unsafe.park(Native Method)
        at java.base@17.0.12/java.util.concurrent.locks.LockSupport.parkNanos(LockSupport.java:252)
        at java.base@17.0.12/java.util.concurrent.locks.AbstractQueuedSynchronizer$ConditionObject.awaitNanos(AbstractQueuedSynchronizer.java:1674)
        at java.base@17.0.12/java.util.concurrent.LinkedBlockingQueue.poll(LinkedBlockingQueue.java:460)
        at app//org.apache.hadoop.ipc.CallQueueManager.take(CallQueueManager.java:317)
        at app//org.apache.hadoop.ipc.Server$Handler.run(Server.java:3014)
"Timer for 'StorageContainerManager' metrics system" daemon prio=5 tid=85 timed_waiting
java.lang.Thread.State: TIMED_WAITING
        at java.base@17.0.12/java.lang.Object.wait(Native Method)
        at java.base@17.0.12/java.util.TimerThread.mainLoop(Timer.java:563)
        at java.base@17.0.12/java.util.TimerThread.run(Timer.java:516)
"IPC Server handler 34 on default port 15002" daemon prio=5 tid=320 timed_waiting
java.lang.Thread.State: TIMED_WAITING
        at java.base@17.0.12/jdk.internal.misc.Unsafe.park(Native Method)
        at java.base@17.0.12/java.util.concurrent.locks.LockSupport.parkNanos(LockSupport.java:252)
        at java.base@17.0.12/java.util.concurrent.locks.AbstractQueuedSynchronizer$ConditionObject.awaitNanos(AbstractQueuedSynchronizer.java:1674)
        at java.base@17.0.12/java.util.concurrent.LinkedBlockingQueue.poll(LinkedBlockingQueue.java:460)
        at app//org.apache.hadoop.ipc.CallQueueManager.take(CallQueueManager.java:317)
        at app//org.apache.hadoop.ipc.Server$Handler.run(Server.java:3014)
"IPC Server handler 76 on default port 15000" daemon prio=5 tid=162 timed_waiting
java.lang.Thread.State: TIMED_WAITING
        at java.base@17.0.12/jdk.internal.misc.Unsafe.park(Native Method)
        at java.base@17.0.12/java.util.concurrent.locks.LockSupport.parkNanos(LockSupport.java:252)
        at java.base@17.0.12/java.util.concurrent.locks.AbstractQueuedSynchronizer$ConditionObject.awaitNanos(AbstractQueuedSynchronizer.java:1674)
        at java.base@17.0.12/java.util.concurrent.LinkedBlockingQueue.poll(LinkedBlockingQueue.java:460)
        at app//org.apache.hadoop.ipc.CallQueueManager.take(CallQueueManager.java:317)
        at app//org.apache.hadoop.ipc.Server$Handler.run(Server.java:3014)
"89da30bd-cbf9-4a7b-a1ff-1f6963324f22-server-thread2" daemon prio=5 tid=1021 timed_waiting
java.lang.Thread.State: TIMED_WAITING
        at java.base@17.0.12/jdk.internal.misc.Unsafe.park(Native Method)
        at java.base@17.0.12/java.util.concurrent.locks.LockSupport.parkNanos(LockSupport.java:252)
        at java.base@17.0.12/java.util.concurrent.SynchronousQueue$TransferStack.transfer(SynchronousQueue.java:401)
        at java.base@17.0.12/java.util.concurrent.SynchronousQueue.poll(SynchronousQueue.java:903)
        at java.base@17.0.12/java.util.concurrent.ThreadPoolExecutor.getTask(ThreadPoolExecutor.java:1061)
        at java.base@17.0.12/java.util.concurrent.ThreadPoolExecutor.runWorker(ThreadPoolExecutor.java:1122)
        at java.base@17.0.12/java.util.concurrent.ThreadPoolExecutor$Worker.run(ThreadPoolExecutor.java:635)
        at java.base@17.0.12/java.lang.Thread.run(Thread.java:840)
"Socket Reader #10 for port 15002"  prio=5 tid=43 runnable
java.lang.Thread.State: RUNNABLE
        at java.base@17.0.12/sun.nio.ch.EPoll.wait(Native Method)
        at java.base@17.0.12/sun.nio.ch.EPollSelectorImpl.doSelect(EPollSelectorImpl.java:118)
        at java.base@17.0.12/sun.nio.ch.SelectorImpl.lockAndDoSelect(SelectorImpl.java:129)
        at java.base@17.0.12/sun.nio.ch.SelectorImpl.select(SelectorImpl.java:146)
        at app//org.apache.hadoop.ipc.Server$Listener$Reader.doRunLoop(Server.java:1346)
        at app//org.apache.hadoop.ipc.Server$Listener$Reader.run(Server.java:1325)
"IPC Server handler 85 on default port 15001" daemon prio=5 tid=271 timed_waiting
java.lang.Thread.State: TIMED_WAITING
        at java.base@17.0.12/jdk.internal.misc.Unsafe.park(Native Method)
        at java.base@17.0.12/java.util.concurrent.locks.LockSupport.parkNanos(LockSupport.java:252)
        at java.base@17.0.12/java.util.concurrent.locks.AbstractQueuedSynchronizer$ConditionObject.awaitNanos(AbstractQueuedSynchronizer.java:1674)
        at java.base@17.0.12/java.util.concurrent.LinkedBlockingQueue.poll(LinkedBlockingQueue.java:460)
        at app//org.apache.hadoop.ipc.CallQueueManager.take(CallQueueManager.java:317)
        at app//org.apache.hadoop.ipc.Server$Handler.run(Server.java:3014)
"Recon-EventQueue-PipelineReportForReconPipelineReportHandler" daemon prio=5 tid=892 in Object.wait()
java.lang.Thread.State: WAITING (on object monitor)
        at java.base@17.0.12/jdk.internal.misc.Unsafe.park(Native Method)
        at java.base@17.0.12/java.util.concurrent.locks.LockSupport.park(LockSupport.java:341)
        at java.base@17.0.12/java.util.concurrent.locks.AbstractQueuedSynchronizer$ConditionNode.block(AbstractQueuedSynchronizer.java:506)
        at java.base@17.0.12/java.util.concurrent.ForkJoinPool.unmanagedBlock(ForkJoinPool.java:3465)
        at java.base@17.0.12/java.util.concurrent.ForkJoinPool.managedBlock(ForkJoinPool.java:3436)
        at java.base@17.0.12/java.util.concurrent.locks.AbstractQueuedSynchronizer$ConditionObject.await(AbstractQueuedSynchronizer.java:1625)
        at java.base@17.0.12/java.util.concurrent.LinkedBlockingQueue.take(LinkedBlockingQueue.java:435)
        at java.base@17.0.12/java.util.concurrent.ThreadPoolExecutor.getTask(ThreadPoolExecutor.java:1062)
        at java.base@17.0.12/java.util.concurrent.ThreadPoolExecutor.runWorker(ThreadPoolExecutor.java:1122)
        at java.base@17.0.12/java.util.concurrent.ThreadPoolExecutor$Worker.run(ThreadPoolExecutor.java:635)
        at java.base@17.0.12/java.lang.Thread.run(Thread.java:840)
"f24c48c6-4a91-44a4-ae9a-fb063e2dd958-server-thread3" daemon prio=5 tid=1008 timed_waiting
java.lang.Thread.State: TIMED_WAITING
        at java.base@17.0.12/jdk.internal.misc.Unsafe.park(Native Method)
        at java.base@17.0.12/java.util.concurrent.locks.LockSupport.parkNanos(LockSupport.java:252)
        at java.base@17.0.12/java.util.concurrent.SynchronousQueue$TransferStack.transfer(SynchronousQueue.java:401)
        at java.base@17.0.12/java.util.concurrent.SynchronousQueue.poll(SynchronousQueue.java:903)
        at java.base@17.0.12/java.util.concurrent.ThreadPoolExecutor.getTask(ThreadPoolExecutor.java:1061)
        at java.base@17.0.12/java.util.concurrent.ThreadPoolExecutor.runWorker(ThreadPoolExecutor.java:1122)
        at java.base@17.0.12/java.util.concurrent.ThreadPoolExecutor$Worker.run(ThreadPoolExecutor.java:635)
        at java.base@17.0.12/java.lang.Thread.run(Thread.java:840)
"IPC Server handler 87 on default port 15002" daemon prio=5 tid=373 timed_waiting
java.lang.Thread.State: TIMED_WAITING
        at java.base@17.0.12/jdk.internal.misc.Unsafe.park(Native Method)
        at java.base@17.0.12/java.util.concurrent.locks.LockSupport.parkNanos(LockSupport.java:252)
        at java.base@17.0.12/java.util.concurrent.locks.AbstractQueuedSynchronizer$ConditionObject.awaitNanos(AbstractQueuedSynchronizer.java:1674)
        at java.base@17.0.12/java.util.concurrent.LinkedBlockingQueue.poll(LinkedBlockingQueue.java:460)
        at app//org.apache.hadoop.ipc.CallQueueManager.take(CallQueueManager.java:317)
        at app//org.apache.hadoop.ipc.Server$Handler.run(Server.java:3014)
"IPC Server handler 73 on default port 15002" daemon prio=5 tid=359 timed_waiting
java.lang.Thread.State: TIMED_WAITING
        at java.base@17.0.12/jdk.internal.misc.Unsafe.park(Native Method)
        at java.base@17.0.12/java.util.concurrent.locks.LockSupport.parkNanos(LockSupport.java:252)
        at java.base@17.0.12/java.util.concurrent.locks.AbstractQueuedSynchronizer$ConditionObject.awaitNanos(AbstractQueuedSynchronizer.java:1674)
        at java.base@17.0.12/java.util.concurrent.LinkedBlockingQueue.poll(LinkedBlockingQueue.java:460)
        at app//org.apache.hadoop.ipc.CallQueueManager.take(CallQueueManager.java:317)
        at app//org.apache.hadoop.ipc.Server$Handler.run(Server.java:3014)
"qtp665841374-447" daemon prio=5 tid=447 timed_waiting
java.lang.Thread.State: TIMED_WAITING
        at java.base@17.0.12/jdk.internal.misc.Unsafe.park(Native Method)
        at java.base@17.0.12/java.util.concurrent.locks.LockSupport.parkNanos(LockSupport.java:252)
        at java.base@17.0.12/java.util.concurrent.locks.AbstractQueuedSynchronizer$ConditionObject.awaitNanos(AbstractQueuedSynchronizer.java:1674)
        at app//org.eclipse.jetty.util.BlockingArrayQueue.poll(BlockingArrayQueue.java:382)
        at app//org.eclipse.jetty.util.thread.QueuedThreadPool$Runner.idleJobPoll(QueuedThreadPool.java:974)
        at app//org.eclipse.jetty.util.thread.QueuedThreadPool$Runner.run(QueuedThreadPool.java:1018)
        at java.base@17.0.12/java.lang.Thread.run(Thread.java:840)
"IPC Server handler 49 on default port 15000" daemon prio=5 tid=135 timed_waiting
java.lang.Thread.State: TIMED_WAITING
        at java.base@17.0.12/jdk.internal.misc.Unsafe.park(Native Method)
        at java.base@17.0.12/java.util.concurrent.locks.LockSupport.parkNanos(LockSupport.java:252)
        at java.base@17.0.12/java.util.concurrent.locks.AbstractQueuedSynchronizer$ConditionObject.awaitNanos(AbstractQueuedSynchronizer.java:1674)
        at java.base@17.0.12/java.util.concurrent.LinkedBlockingQueue.poll(LinkedBlockingQueue.java:460)
        at app//org.apache.hadoop.ipc.CallQueueManager.take(CallQueueManager.java:317)
        at app//org.apache.hadoop.ipc.Server$Handler.run(Server.java:3014)
"NetworkTopologyPoller" daemon prio=5 tid=435 timed_waiting
java.lang.Thread.State: TIMED_WAITING
        at java.base@17.0.12/jdk.internal.misc.Unsafe.park(Native Method)
        at java.base@17.0.12/java.util.concurrent.locks.LockSupport.parkNanos(LockSupport.java:252)
        at java.base@17.0.12/java.util.concurrent.locks.AbstractQueuedSynchronizer$ConditionObject.awaitNanos(AbstractQueuedSynchronizer.java:1674)
        at java.base@17.0.12/java.util.concurrent.ScheduledThreadPoolExecutor$DelayedWorkQueue.take(ScheduledThreadPoolExecutor.java:1182)
        at java.base@17.0.12/java.util.concurrent.ScheduledThreadPoolExecutor$DelayedWorkQueue.take(ScheduledThreadPoolExecutor.java:899)
        at java.base@17.0.12/java.util.concurrent.ThreadPoolExecutor.getTask(ThreadPoolExecutor.java:1062)
        at java.base@17.0.12/java.util.concurrent.ThreadPoolExecutor.runWorker(ThreadPoolExecutor.java:1122)
        at java.base@17.0.12/java.util.concurrent.ThreadPoolExecutor$Worker.run(ThreadPoolExecutor.java:635)
        at java.base@17.0.12/java.lang.Thread.run(Thread.java:840)
"Socket Reader #3 for port 15000"  prio=5 tid=64 runnable
java.lang.Thread.State: RUNNABLE
        at java.base@17.0.12/sun.nio.ch.EPoll.wait(Native Method)
        at java.base@17.0.12/sun.nio.ch.EPollSelectorImpl.doSelect(EPollSelectorImpl.java:118)
        at java.base@17.0.12/sun.nio.ch.SelectorImpl.lockAndDoSelect(SelectorImpl.java:129)
        at java.base@17.0.12/sun.nio.ch.SelectorImpl.select(SelectorImpl.java:146)
        at app//org.apache.hadoop.ipc.Server$Listener$Reader.doRunLoop(Server.java:1346)
        at app//org.apache.hadoop.ipc.Server$Listener$Reader.run(Server.java:1325)
"IPC Server handler 14 on default port 15000" daemon prio=5 tid=100 timed_waiting
java.lang.Thread.State: TIMED_WAITING
        at java.base@17.0.12/jdk.internal.misc.Unsafe.park(Native Method)
        at java.base@17.0.12/java.util.concurrent.locks.LockSupport.parkNanos(LockSupport.java:252)
        at java.base@17.0.12/java.util.concurrent.locks.AbstractQueuedSynchronizer$ConditionObject.awaitNanos(AbstractQueuedSynchronizer.java:1674)
        at java.base@17.0.12/java.util.concurrent.LinkedBlockingQueue.poll(LinkedBlockingQueue.java:460)
        at app//org.apache.hadoop.ipc.CallQueueManager.take(CallQueueManager.java:317)
        at app//org.apache.hadoop.ipc.Server$Handler.run(Server.java:3014)
"IPC Server handler 23 on default port 15009" daemon prio=5 tid=542 timed_waiting
java.lang.Thread.State: TIMED_WAITING
        at java.base@17.0.12/jdk.internal.misc.Unsafe.park(Native Method)
        at java.base@17.0.12/java.util.concurrent.locks.LockSupport.parkNanos(LockSupport.java:252)
        at java.base@17.0.12/java.util.concurrent.locks.AbstractQueuedSynchronizer$ConditionObject.awaitNanos(AbstractQueuedSynchronizer.java:1674)
        at java.base@17.0.12/java.util.concurrent.LinkedBlockingQueue.poll(LinkedBlockingQueue.java:460)
        at app//org.apache.hadoop.ipc.CallQueueManager.take(CallQueueManager.java:317)
        at app//org.apache.hadoop.ipc.Server$Handler.run(Server.java:3014)
"IPC Server handler 17 on default port 15009" daemon prio=5 tid=536 timed_waiting
java.lang.Thread.State: TIMED_WAITING
        at java.base@17.0.12/jdk.internal.misc.Unsafe.park(Native Method)
        at java.base@17.0.12/java.util.concurrent.locks.LockSupport.parkNanos(LockSupport.java:252)
        at java.base@17.0.12/java.util.concurrent.locks.AbstractQueuedSynchronizer$ConditionObject.awaitNanos(AbstractQueuedSynchronizer.java:1674)
        at java.base@17.0.12/java.util.concurrent.LinkedBlockingQueue.poll(LinkedBlockingQueue.java:460)
        at app//org.apache.hadoop.ipc.CallQueueManager.take(CallQueueManager.java:317)
        at app//org.apache.hadoop.ipc.Server$Handler.run(Server.java:3014)
"qtp1907999535-724" daemon prio=5 tid=724 runnable
java.lang.Thread.State: RUNNABLE
        at java.base@17.0.12/sun.nio.ch.EPoll.wait(Native Method)
        at java.base@17.0.12/sun.nio.ch.EPollSelectorImpl.doSelect(EPollSelectorImpl.java:118)
        at java.base@17.0.12/sun.nio.ch.SelectorImpl.lockAndDoSelect(SelectorImpl.java:129)
        at java.base@17.0.12/sun.nio.ch.SelectorImpl.select(SelectorImpl.java:146)
        at app//org.eclipse.jetty.io.ManagedSelector.nioSelect(ManagedSelector.java:183)
        at app//org.eclipse.jetty.io.ManagedSelector.select(ManagedSelector.java:190)
        at app//org.eclipse.jetty.io.ManagedSelector$SelectorProducer.select(ManagedSelector.java:606)
        at app//org.eclipse.jetty.io.ManagedSelector$SelectorProducer.produce(ManagedSelector.java:543)
        at app//org.eclipse.jetty.util.thread.strategy.EatWhatYouKill.produceTask(EatWhatYouKill.java:362)
        at app//org.eclipse.jetty.util.thread.strategy.EatWhatYouKill.doProduce(EatWhatYouKill.java:186)
        at app//org.eclipse.jetty.util.thread.strategy.EatWhatYouKill.tryProduce(EatWhatYouKill.java:173)
        at app//org.eclipse.jetty.util.thread.strategy.EatWhatYouKill.produce(EatWhatYouKill.java:137)
        at app//org.eclipse.jetty.io.ManagedSelector$$Lambda$821/0x00007f7030550440.run(Unknown Source)
        at app//org.eclipse.jetty.util.thread.QueuedThreadPool.runJob(QueuedThreadPool.java:883)
        at app//org.eclipse.jetty.util.thread.QueuedThreadPool$Runner.run(QueuedThreadPool.java:1034)
        at java.base@17.0.12/java.lang.Thread.run(Thread.java:840)
"om1@group-C5BA1605619E-LeaderStateImpl" daemon prio=5 tid=474 timed_waiting
java.lang.Thread.State: TIMED_WAITING
        at java.base@17.0.12/jdk.internal.misc.Unsafe.park(Native Method)
        at java.base@17.0.12/java.util.concurrent.locks.LockSupport.parkNanos(LockSupport.java:252)
        at java.base@17.0.12/java.util.concurrent.locks.AbstractQueuedSynchronizer$ConditionObject.awaitNanos(AbstractQueuedSynchronizer.java:1674)
        at java.base@17.0.12/java.util.concurrent.ArrayBlockingQueue.poll(ArrayBlockingQueue.java:435)
        at app//org.apache.ratis.server.impl.LeaderStateImpl$EventQueue.poll(LeaderStateImpl.java:164)
        at app//org.apache.ratis.server.impl.LeaderStateImpl$EventProcessor.run(LeaderStateImpl.java:766)
"IPC Server handler 83 on default port 15001" daemon prio=5 tid=269 timed_waiting
java.lang.Thread.State: TIMED_WAITING
        at java.base@17.0.12/jdk.internal.misc.Unsafe.park(Native Method)
        at java.base@17.0.12/java.util.concurrent.locks.LockSupport.parkNanos(LockSupport.java:252)
        at java.base@17.0.12/java.util.concurrent.locks.AbstractQueuedSynchronizer$ConditionObject.awaitNanos(AbstractQueuedSynchronizer.java:1674)
        at java.base@17.0.12/java.util.concurrent.LinkedBlockingQueue.poll(LinkedBlockingQueue.java:460)
        at app//org.apache.hadoop.ipc.CallQueueManager.take(CallQueueManager.java:317)
        at app//org.apache.hadoop.ipc.Server$Handler.run(Server.java:3014)
"IPC Server handler 17 on default port 15002" daemon prio=5 tid=303 timed_waiting
java.lang.Thread.State: TIMED_WAITING
        at java.base@17.0.12/jdk.internal.misc.Unsafe.park(Native Method)
        at java.base@17.0.12/java.util.concurrent.locks.LockSupport.parkNanos(LockSupport.java:252)
        at java.base@17.0.12/java.util.concurrent.locks.AbstractQueuedSynchronizer$ConditionObject.awaitNanos(AbstractQueuedSynchronizer.java:1674)
        at java.base@17.0.12/java.util.concurrent.LinkedBlockingQueue.poll(LinkedBlockingQueue.java:460)
        at app//org.apache.hadoop.ipc.CallQueueManager.take(CallQueueManager.java:317)
        at app//org.apache.hadoop.ipc.Server$Handler.run(Server.java:3014)
"f24c48c6-4a91-44a4-ae9a-fb063e2dd958-DatanodeStateMachineDaemonThread" daemon prio=5 tid=665 timed_waiting
java.lang.Thread.State: TIMED_WAITING
        at java.base@17.0.12/java.lang.Thread.sleep(Native Method)
        at app//org.apache.hadoop.ozone.container.common.statemachine.DatanodeStateMachine.startStateMachineThread(DatanodeStateMachine.java:358)
        at app//org.apache.hadoop.ozone.container.common.statemachine.DatanodeStateMachine.lambda$startDaemon$1(DatanodeStateMachine.java:544)
        at app//org.apache.hadoop.ozone.container.common.statemachine.DatanodeStateMachine$$Lambda$1692/0x00007f7030d74840.run(Unknown Source)
        at java.base@17.0.12/java.lang.Thread.run(Thread.java:840)
"IPC Server handler 92 on default port 15009" daemon prio=5 tid=611 timed_waiting
java.lang.Thread.State: TIMED_WAITING
        at java.base@17.0.12/jdk.internal.misc.Unsafe.park(Native Method)
        at java.base@17.0.12/java.util.concurrent.locks.LockSupport.parkNanos(LockSupport.java:252)
        at java.base@17.0.12/java.util.concurrent.locks.AbstractQueuedSynchronizer$ConditionObject.awaitNanos(AbstractQueuedSynchronizer.java:1674)
        at java.base@17.0.12/java.util.concurrent.LinkedBlockingQueue.poll(LinkedBlockingQueue.java:460)
        at app//org.apache.hadoop.ipc.CallQueueManager.take(CallQueueManager.java:317)
        at app//org.apache.hadoop.ipc.Server$Handler.run(Server.java:3014)
"qtp568168963-392-acceptor-0@7118f033-ServerConnector@2f2d8770{HTTP/1.1, (http/1.1)}{0.0.0.0:15003}" daemon prio=3 tid=392 runnable
java.lang.Thread.State: RUNNABLE
        at java.base@17.0.12/sun.nio.ch.Net.accept(Native Method)
        at java.base@17.0.12/sun.nio.ch.ServerSocketChannelImpl.implAccept(ServerSocketChannelImpl.java:425)
        at java.base@17.0.12/sun.nio.ch.ServerSocketChannelImpl.accept(ServerSocketChannelImpl.java:391)
        at app//org.eclipse.jetty.server.ServerConnector.accept(ServerConnector.java:388)
        at app//org.eclipse.jetty.server.AbstractConnector$Acceptor.run(AbstractConnector.java:704)
        at app//org.eclipse.jetty.util.thread.QueuedThreadPool.runJob(QueuedThreadPool.java:883)
        at app//org.eclipse.jetty.util.thread.QueuedThreadPool$Runner.run(QueuedThreadPool.java:1034)
        at java.base@17.0.12/java.lang.Thread.run(Thread.java:840)
"Notification Thread" daemon prio=9 tid=13 runnable
java.lang.Thread.State: RUNNABLE
"IPC Server handler 97 on default port 15009" daemon prio=5 tid=616 timed_waiting
java.lang.Thread.State: TIMED_WAITING
        at java.base@17.0.12/jdk.internal.misc.Unsafe.park(Native Method)
        at java.base@17.0.12/java.util.concurrent.locks.LockSupport.parkNanos(LockSupport.java:252)
        at java.base@17.0.12/java.util.concurrent.locks.AbstractQueuedSynchronizer$ConditionObject.awaitNanos(AbstractQueuedSynchronizer.java:1674)
        at java.base@17.0.12/java.util.concurrent.LinkedBlockingQueue.poll(LinkedBlockingQueue.java:460)
        at app//org.apache.hadoop.ipc.CallQueueManager.take(CallQueueManager.java:317)
        at app//org.apache.hadoop.ipc.Server$Handler.run(Server.java:3014)
"IPC Server handler 67 on default port 15009" daemon prio=5 tid=586 timed_waiting
java.lang.Thread.State: TIMED_WAITING
        at java.base@17.0.12/jdk.internal.misc.Unsafe.park(Native Method)
        at java.base@17.0.12/java.util.concurrent.locks.LockSupport.parkNanos(LockSupport.java:252)
        at java.base@17.0.12/java.util.concurrent.locks.AbstractQueuedSynchronizer$ConditionObject.awaitNanos(AbstractQueuedSynchronizer.java:1674)
        at java.base@17.0.12/java.util.concurrent.LinkedBlockingQueue.poll(LinkedBlockingQueue.java:460)
        at app//org.apache.hadoop.ipc.CallQueueManager.take(CallQueueManager.java:317)
        at app//org.apache.hadoop.ipc.Server$Handler.run(Server.java:3014)
"89da30bd-cbf9-4a7b-a1ff-1f6963324f22-DatanodeReportManager-3" daemon prio=5 tid=715 in Object.wait()
java.lang.Thread.State: WAITING (on object monitor)
        at java.base@17.0.12/jdk.internal.misc.Unsafe.park(Native Method)
        at java.base@17.0.12/java.util.concurrent.locks.LockSupport.park(LockSupport.java:341)
        at java.base@17.0.12/java.util.concurrent.locks.AbstractQueuedSynchronizer$ConditionNode.block(AbstractQueuedSynchronizer.java:506)
        at java.base@17.0.12/java.util.concurrent.ForkJoinPool.unmanagedBlock(ForkJoinPool.java:3465)
        at java.base@17.0.12/java.util.concurrent.ForkJoinPool.managedBlock(ForkJoinPool.java:3436)
        at java.base@17.0.12/java.util.concurrent.locks.AbstractQueuedSynchronizer$ConditionObject.await(AbstractQueuedSynchronizer.java:1625)
        at java.base@17.0.12/java.util.concurrent.ScheduledThreadPoolExecutor$DelayedWorkQueue.take(ScheduledThreadPoolExecutor.java:1177)
        at java.base@17.0.12/java.util.concurrent.ScheduledThreadPoolExecutor$DelayedWorkQueue.take(ScheduledThreadPoolExecutor.java:899)
        at java.base@17.0.12/java.util.concurrent.ThreadPoolExecutor.getTask(ThreadPoolExecutor.java:1062)
        at java.base@17.0.12/java.util.concurrent.ThreadPoolExecutor.runWorker(ThreadPoolExecutor.java:1122)
        at java.base@17.0.12/java.util.concurrent.ThreadPoolExecutor$Worker.run(ThreadPoolExecutor.java:635)
        at java.base@17.0.12/java.lang.Thread.run(Thread.java:840)
"IPC Server handler 65 on default port 15009" daemon prio=5 tid=584 timed_waiting
java.lang.Thread.State: TIMED_WAITING
        at java.base@17.0.12/jdk.internal.misc.Unsafe.park(Native Method)
        at java.base@17.0.12/java.util.concurrent.locks.LockSupport.parkNanos(LockSupport.java:252)
        at java.base@17.0.12/java.util.concurrent.locks.AbstractQueuedSynchronizer$ConditionObject.awaitNanos(AbstractQueuedSynchronizer.java:1674)
        at java.base@17.0.12/java.util.concurrent.LinkedBlockingQueue.poll(LinkedBlockingQueue.java:460)
        at app//org.apache.hadoop.ipc.CallQueueManager.take(CallQueueManager.java:317)
        at app//org.apache.hadoop.ipc.Server$Handler.run(Server.java:3014)
"qtp1907999535-726-acceptor-0@bedc174-ServerConnector@1039af82{HTTP/1.1, (http/1.1)}{0.0.0.0:15029}" daemon prio=3 tid=726 runnable
java.lang.Thread.State: RUNNABLE
        at java.base@17.0.12/sun.nio.ch.Net.accept(Native Method)
        at java.base@17.0.12/sun.nio.ch.ServerSocketChannelImpl.implAccept(ServerSocketChannelImpl.java:425)
        at java.base@17.0.12/sun.nio.ch.ServerSocketChannelImpl.accept(ServerSocketChannelImpl.java:391)
        at app//org.eclipse.jetty.server.ServerConnector.accept(ServerConnector.java:388)
        at app//org.eclipse.jetty.server.AbstractConnector$Acceptor.run(AbstractConnector.java:704)
        at app//org.eclipse.jetty.util.thread.QueuedThreadPool.runJob(QueuedThreadPool.java:883)
        at app//org.eclipse.jetty.util.thread.QueuedThreadPool$Runner.run(QueuedThreadPool.java:1034)
        at java.base@17.0.12/java.lang.Thread.run(Thread.java:840)
"89da30bd-cbf9-4a7b-a1ff-1f6963324f22-ChunkWriter-0-0" daemon prio=5 tid=842 in Object.wait()
java.lang.Thread.State: WAITING (on object monitor)
        at java.base@17.0.12/jdk.internal.misc.Unsafe.park(Native Method)
        at java.base@17.0.12/java.util.concurrent.locks.LockSupport.park(LockSupport.java:341)
        at java.base@17.0.12/java.util.concurrent.locks.AbstractQueuedSynchronizer$ConditionNode.block(AbstractQueuedSynchronizer.java:506)
        at java.base@17.0.12/java.util.concurrent.ForkJoinPool.unmanagedBlock(ForkJoinPool.java:3465)
        at java.base@17.0.12/java.util.concurrent.ForkJoinPool.managedBlock(ForkJoinPool.java:3436)
        at java.base@17.0.12/java.util.concurrent.locks.AbstractQueuedSynchronizer$ConditionObject.await(AbstractQueuedSynchronizer.java:1625)
        at java.base@17.0.12/java.util.concurrent.LinkedBlockingDeque.takeFirst(LinkedBlockingDeque.java:485)
        at java.base@17.0.12/java.util.concurrent.LinkedBlockingDeque.take(LinkedBlockingDeque.java:673)
        at java.base@17.0.12/java.util.concurrent.ThreadPoolExecutor.getTask(ThreadPoolExecutor.java:1062)
        at java.base@17.0.12/java.util.concurrent.ThreadPoolExecutor.runWorker(ThreadPoolExecutor.java:1122)
        at java.base@17.0.12/java.util.concurrent.ThreadPoolExecutor$Worker.run(ThreadPoolExecutor.java:635)
        at java.base@17.0.12/java.lang.Thread.run(Thread.java:840)
"IPC Server handler 55 on default port 15000" daemon prio=5 tid=141 timed_waiting
java.lang.Thread.State: TIMED_WAITING
        at java.base@17.0.12/jdk.internal.misc.Unsafe.park(Native Method)
        at java.base@17.0.12/java.util.concurrent.locks.LockSupport.parkNanos(LockSupport.java:252)
        at java.base@17.0.12/java.util.concurrent.locks.AbstractQueuedSynchronizer$ConditionObject.awaitNanos(AbstractQueuedSynchronizer.java:1674)
        at java.base@17.0.12/java.util.concurrent.LinkedBlockingQueue.poll(LinkedBlockingQueue.java:460)
        at app//org.apache.hadoop.ipc.CallQueueManager.take(CallQueueManager.java:317)
        at app//org.apache.hadoop.ipc.Server$Handler.run(Server.java:3014)
"qtp1486340678-510" daemon prio=5 tid=510 timed_waiting
java.lang.Thread.State: TIMED_WAITING
        at java.base@17.0.12/jdk.internal.misc.Unsafe.park(Native Method)
        at java.base@17.0.12/java.util.concurrent.locks.LockSupport.parkNanos(LockSupport.java:252)
        at java.base@17.0.12/java.util.concurrent.locks.AbstractQueuedSynchronizer$ConditionObject.awaitNanos(AbstractQueuedSynchronizer.java:1674)
        at app//org.eclipse.jetty.util.BlockingArrayQueue.poll(BlockingArrayQueue.java:382)
        at app//org.eclipse.jetty.util.thread.QueuedThreadPool$Runner.idleJobPoll(QueuedThreadPool.java:974)
        at app//org.eclipse.jetty.util.thread.QueuedThreadPool$Runner.run(QueuedThreadPool.java:1018)
        at java.base@17.0.12/java.lang.Thread.run(Thread.java:840)
"org.apache.hadoop.ozone.container.common.statemachine.commandhandler.DeleteBlocksCommandHandler$DeleteCmdWorker@7b946b4f" daemon prio=5 tid=722 timed_waiting
java.lang.Thread.State: TIMED_WAITING
        at java.base@17.0.12/java.lang.Thread.sleep(Native Method)
        at app//org.apache.hadoop.ozone.container.common.statemachine.commandhandler.DeleteBlocksCommandHandler$DeleteCmdWorker.run(DeleteBlocksCommandHandler.java:259)
        at java.base@17.0.12/java.lang.Thread.run(Thread.java:840)
"IPC Server handler 0 on default port 15030" daemon prio=5 tid=747 timed_waiting
java.lang.Thread.State: TIMED_WAITING
        at java.base@17.0.12/jdk.internal.misc.Unsafe.park(Native Method)
        at java.base@17.0.12/java.util.concurrent.locks.LockSupport.parkNanos(LockSupport.java:252)
        at java.base@17.0.12/java.util.concurrent.locks.AbstractQueuedSynchronizer$ConditionObject.awaitNanos(AbstractQueuedSynchronizer.java:1674)
        at java.base@17.0.12/java.util.concurrent.LinkedBlockingQueue.poll(LinkedBlockingQueue.java:460)
        at app//org.apache.hadoop.ipc.CallQueueManager.take(CallQueueManager.java:317)
        at app//org.apache.hadoop.ipc.Server$Handler.run(Server.java:3014)
"IPC Server handler 87 on default port 15009" daemon prio=5 tid=606 timed_waiting
java.lang.Thread.State: TIMED_WAITING
        at java.base@17.0.12/jdk.internal.misc.Unsafe.park(Native Method)
        at java.base@17.0.12/java.util.concurrent.locks.LockSupport.parkNanos(LockSupport.java:252)
        at java.base@17.0.12/java.util.concurrent.locks.AbstractQueuedSynchronizer$ConditionObject.awaitNanos(AbstractQueuedSynchronizer.java:1674)
        at java.base@17.0.12/java.util.concurrent.LinkedBlockingQueue.poll(LinkedBlockingQueue.java:460)
        at app//org.apache.hadoop.ipc.CallQueueManager.take(CallQueueManager.java:317)
        at app//org.apache.hadoop.ipc.Server$Handler.run(Server.java:3014)
"OverReplicatedProcessor" daemon prio=5 tid=31 timed_waiting
java.lang.Thread.State: TIMED_WAITING
        at java.base@17.0.12/java.lang.Object.wait(Native Method)
        at app//org.apache.hadoop.hdds.scm.container.replication.UnhealthyReplicationProcessor.run(UnhealthyReplicationProcessor.java:174)
        at java.base@17.0.12/java.lang.Thread.run(Thread.java:840)
"IPC Server handler 33 on default port 15001" daemon prio=5 tid=219 timed_waiting
java.lang.Thread.State: TIMED_WAITING
        at java.base@17.0.12/jdk.internal.misc.Unsafe.park(Native Method)
        at java.base@17.0.12/java.util.concurrent.locks.LockSupport.parkNanos(LockSupport.java:252)
        at java.base@17.0.12/java.util.concurrent.locks.AbstractQueuedSynchronizer$ConditionObject.awaitNanos(AbstractQueuedSynchronizer.java:1674)
        at java.base@17.0.12/java.util.concurrent.LinkedBlockingQueue.poll(LinkedBlockingQueue.java:460)
        at app//org.apache.hadoop.ipc.CallQueueManager.take(CallQueueManager.java:317)
        at app//org.apache.hadoop.ipc.Server$Handler.run(Server.java:3014)
"IPC Server handler 44 on default port 15009" daemon prio=5 tid=563 timed_waiting
java.lang.Thread.State: TIMED_WAITING
        at java.base@17.0.12/jdk.internal.misc.Unsafe.park(Native Method)
        at java.base@17.0.12/java.util.concurrent.locks.LockSupport.parkNanos(LockSupport.java:252)
        at java.base@17.0.12/java.util.concurrent.locks.AbstractQueuedSynchronizer$ConditionObject.awaitNanos(AbstractQueuedSynchronizer.java:1674)
        at java.base@17.0.12/java.util.concurrent.LinkedBlockingQueue.poll(LinkedBlockingQueue.java:460)
        at app//org.apache.hadoop.ipc.CallQueueManager.take(CallQueueManager.java:317)
        at app//org.apache.hadoop.ipc.Server$Handler.run(Server.java:3014)
"IPC Server handler 8 on default port 15021" daemon prio=5 tid=709 timed_waiting
java.lang.Thread.State: TIMED_WAITING
        at java.base@17.0.12/jdk.internal.misc.Unsafe.park(Native Method)
        at java.base@17.0.12/java.util.concurrent.locks.LockSupport.parkNanos(LockSupport.java:252)
        at java.base@17.0.12/java.util.concurrent.locks.AbstractQueuedSynchronizer$ConditionObject.awaitNanos(AbstractQueuedSynchronizer.java:1674)
        at java.base@17.0.12/java.util.concurrent.LinkedBlockingQueue.poll(LinkedBlockingQueue.java:460)
        at app//org.apache.hadoop.ipc.CallQueueManager.take(CallQueueManager.java:317)
        at app//org.apache.hadoop.ipc.Server$Handler.run(Server.java:3014)
"3ccd597d-6672-4b12-926e-746f973e87fb-BlockDeletingService#0" daemon prio=5 tid=867 timed_waiting
java.lang.Thread.State: TIMED_WAITING
        at java.base@17.0.12/jdk.internal.misc.Unsafe.park(Native Method)
        at java.base@17.0.12/java.util.concurrent.locks.LockSupport.parkNanos(LockSupport.java:252)
        at java.base@17.0.12/java.util.concurrent.locks.AbstractQueuedSynchronizer$ConditionObject.awaitNanos(AbstractQueuedSynchronizer.java:1674)
        at java.base@17.0.12/java.util.concurrent.ScheduledThreadPoolExecutor$DelayedWorkQueue.take(ScheduledThreadPoolExecutor.java:1182)
        at java.base@17.0.12/java.util.concurrent.ScheduledThreadPoolExecutor$DelayedWorkQueue.take(ScheduledThreadPoolExecutor.java:899)
        at java.base@17.0.12/java.util.concurrent.ThreadPoolExecutor.getTask(ThreadPoolExecutor.java:1062)
        at java.base@17.0.12/java.util.concurrent.ThreadPoolExecutor.runWorker(ThreadPoolExecutor.java:1122)
        at java.base@17.0.12/java.util.concurrent.ThreadPoolExecutor$Worker.run(ThreadPoolExecutor.java:635)
        at java.base@17.0.12/java.lang.Thread.run(Thread.java:840)
"IPC Server handler 41 on default port 15000" daemon prio=5 tid=127 timed_waiting
java.lang.Thread.State: TIMED_WAITING
        at java.base@17.0.12/jdk.internal.misc.Unsafe.park(Native Method)
        at java.base@17.0.12/java.util.concurrent.locks.LockSupport.parkNanos(LockSupport.java:252)
        at java.base@17.0.12/java.util.concurrent.locks.AbstractQueuedSynchronizer$ConditionObject.awaitNanos(AbstractQueuedSynchronizer.java:1674)
        at java.base@17.0.12/java.util.concurrent.LinkedBlockingQueue.poll(LinkedBlockingQueue.java:460)
        at app//org.apache.hadoop.ipc.CallQueueManager.take(CallQueueManager.java:317)
        at app//org.apache.hadoop.ipc.Server$Handler.run(Server.java:3014)
"f24c48c6-4a91-44a4-ae9a-fb063e2dd958-server-thread2" daemon prio=5 tid=1018 timed_waiting
java.lang.Thread.State: TIMED_WAITING
        at java.base@17.0.12/jdk.internal.misc.Unsafe.park(Native Method)
        at java.base@17.0.12/java.util.concurrent.locks.LockSupport.parkNanos(LockSupport.java:252)
        at java.base@17.0.12/java.util.concurrent.SynchronousQueue$TransferStack.transfer(SynchronousQueue.java:401)
        at java.base@17.0.12/java.util.concurrent.SynchronousQueue.poll(SynchronousQueue.java:903)
        at java.base@17.0.12/java.util.concurrent.ThreadPoolExecutor.getTask(ThreadPoolExecutor.java:1061)
        at java.base@17.0.12/java.util.concurrent.ThreadPoolExecutor.runWorker(ThreadPoolExecutor.java:1122)
        at java.base@17.0.12/java.util.concurrent.ThreadPoolExecutor$Worker.run(ThreadPoolExecutor.java:635)
        at java.base@17.0.12/java.lang.Thread.run(Thread.java:840)
"IPC Server handler 2 on default port 15009" daemon prio=5 tid=521 timed_waiting
java.lang.Thread.State: TIMED_WAITING
        at java.base@17.0.12/jdk.internal.misc.Unsafe.park(Native Method)
        at java.base@17.0.12/java.util.concurrent.locks.LockSupport.parkNanos(LockSupport.java:252)
        at java.base@17.0.12/java.util.concurrent.locks.AbstractQueuedSynchronizer$ConditionObject.awaitNanos(AbstractQueuedSynchronizer.java:1674)
        at java.base@17.0.12/java.util.concurrent.LinkedBlockingQueue.poll(LinkedBlockingQueue.java:460)
        at app//org.apache.hadoop.ipc.CallQueueManager.take(CallQueueManager.java:317)
        at app//org.apache.hadoop.ipc.Server$Handler.run(Server.java:3014)
"IPC Server handler 33 on default port 15002" daemon prio=5 tid=319 timed_waiting
java.lang.Thread.State: TIMED_WAITING
        at java.base@17.0.12/jdk.internal.misc.Unsafe.park(Native Method)
        at java.base@17.0.12/java.util.concurrent.locks.LockSupport.parkNanos(LockSupport.java:252)
        at java.base@17.0.12/java.util.concurrent.locks.AbstractQueuedSynchronizer$ConditionObject.awaitNanos(AbstractQueuedSynchronizer.java:1674)
        at java.base@17.0.12/java.util.concurrent.LinkedBlockingQueue.poll(LinkedBlockingQueue.java:460)
        at app//org.apache.hadoop.ipc.CallQueueManager.take(CallQueueManager.java:317)
        at app//org.apache.hadoop.ipc.Server$Handler.run(Server.java:3014)
"qtp1058878861-638" daemon prio=5 tid=638 timed_waiting
java.lang.Thread.State: TIMED_WAITING
        at java.base@17.0.12/jdk.internal.misc.Unsafe.park(Native Method)
        at java.base@17.0.12/java.util.concurrent.locks.LockSupport.parkNanos(LockSupport.java:252)
        at java.base@17.0.12/java.util.concurrent.locks.AbstractQueuedSynchronizer$ConditionObject.awaitNanos(AbstractQueuedSynchronizer.java:1674)
        at app//org.eclipse.jetty.util.BlockingArrayQueue.poll(BlockingArrayQueue.java:382)
        at app//org.eclipse.jetty.util.thread.QueuedThreadPool$Runner.idleJobPoll(QueuedThreadPool.java:974)
        at app//org.eclipse.jetty.util.thread.QueuedThreadPool$Runner.run(QueuedThreadPool.java:1018)
        at java.base@17.0.12/java.lang.Thread.run(Thread.java:840)
"IPC Server Responder" daemon prio=5 tid=59 runnable
java.lang.Thread.State: RUNNABLE
        at java.base@17.0.12/sun.nio.ch.EPoll.wait(Native Method)
        at java.base@17.0.12/sun.nio.ch.EPollSelectorImpl.doSelect(EPollSelectorImpl.java:118)
        at java.base@17.0.12/sun.nio.ch.SelectorImpl.lockAndDoSelect(SelectorImpl.java:129)
        at java.base@17.0.12/sun.nio.ch.SelectorImpl.select(SelectorImpl.java:141)
        at app//org.apache.hadoop.ipc.Server$Responder.doRunLoop(Server.java:1582)
        at app//org.apache.hadoop.ipc.Server$Responder.run(Server.java:1565)
"Recon-FixedThreadPoolWithAffinityExecutor-4-0" daemon prio=5 tid=500 timed_waiting
java.lang.Thread.State: TIMED_WAITING
        at java.base@17.0.12/jdk.internal.misc.Unsafe.park(Native Method)
        at java.base@17.0.12/java.util.concurrent.locks.LockSupport.parkNanos(LockSupport.java:252)
        at java.base@17.0.12/java.util.concurrent.locks.AbstractQueuedSynchronizer$ConditionObject.awaitNanos(AbstractQueuedSynchronizer.java:1674)
        at java.base@17.0.12/java.util.concurrent.LinkedBlockingQueue.poll(LinkedBlockingQueue.java:460)
        at app//org.apache.hadoop.hdds.scm.server.ContainerReportQueue.poll(ContainerReportQueue.java:269)
        at app//org.apache.hadoop.hdds.scm.server.ContainerReportQueue.poll(ContainerReportQueue.java:42)
        at app//org.apache.hadoop.hdds.server.events.FixedThreadPoolWithAffinityExecutor$ContainerReportProcessTask.run(FixedThreadPoolWithAffinityExecutor.java:253)
        at java.base@17.0.12/java.util.concurrent.Executors$RunnableAdapter.call(Executors.java:539)
        at java.base@17.0.12/java.util.concurrent.FutureTask.run(FutureTask.java:264)
        at java.base@17.0.12/java.util.concurrent.ThreadPoolExecutor.runWorker(ThreadPoolExecutor.java:1136)
        at java.base@17.0.12/java.util.concurrent.ThreadPoolExecutor$Worker.run(ThreadPoolExecutor.java:635)
        at java.base@17.0.12/java.lang.Thread.run(Thread.java:840)
"Signal Dispatcher" daemon prio=9 tid=4 runnable
java.lang.Thread.State: RUNNABLE
"qtp665841374-448" daemon prio=5 tid=448 timed_waiting
java.lang.Thread.State: TIMED_WAITING
        at java.base@17.0.12/jdk.internal.misc.Unsafe.park(Native Method)
        at java.base@17.0.12/java.util.concurrent.locks.LockSupport.parkNanos(LockSupport.java:252)
        at java.base@17.0.12/java.util.concurrent.locks.AbstractQueuedSynchronizer$ConditionObject.awaitNanos(AbstractQueuedSynchronizer.java:1674)
        at app//org.eclipse.jetty.util.BlockingArrayQueue.poll(BlockingArrayQueue.java:382)
        at app//org.eclipse.jetty.util.thread.QueuedThreadPool$Runner.idleJobPoll(QueuedThreadPool.java:974)
        at app//org.eclipse.jetty.util.thread.QueuedThreadPool$Runner.run(QueuedThreadPool.java:1018)
        at java.base@17.0.12/java.lang.Thread.run(Thread.java:840)
"timer4" daemon prio=5 tid=1012 timed_waiting
java.lang.Thread.State: TIMED_WAITING
        at java.base@17.0.12/java.lang.Object.wait(Native Method)
        at java.base@17.0.12/java.util.TimerThread.mainLoop(Timer.java:563)
        at java.base@17.0.12/java.util.TimerThread.run(Timer.java:516)
"Socket Reader #7 for port 15012"  prio=5 tid=648 runnable
java.lang.Thread.State: RUNNABLE
        at java.base@17.0.12/sun.nio.ch.EPoll.wait(Native Method)
        at java.base@17.0.12/sun.nio.ch.EPollSelectorImpl.doSelect(EPollSelectorImpl.java:118)
        at java.base@17.0.12/sun.nio.ch.SelectorImpl.lockAndDoSelect(SelectorImpl.java:129)
        at java.base@17.0.12/sun.nio.ch.SelectorImpl.select(SelectorImpl.java:146)
        at app//org.apache.hadoop.ipc.Server$Listener$Reader.doRunLoop(Server.java:1346)
        at app//org.apache.hadoop.ipc.Server$Listener$Reader.run(Server.java:1325)
"Socket Reader #3 for port 15002"  prio=5 tid=36 runnable
java.lang.Thread.State: RUNNABLE
        at java.base@17.0.12/sun.nio.ch.EPoll.wait(Native Method)
        at java.base@17.0.12/sun.nio.ch.EPollSelectorImpl.doSelect(EPollSelectorImpl.java:118)
        at java.base@17.0.12/sun.nio.ch.SelectorImpl.lockAndDoSelect(SelectorImpl.java:129)
        at java.base@17.0.12/sun.nio.ch.SelectorImpl.select(SelectorImpl.java:146)
        at app//org.apache.hadoop.ipc.Server$Listener$Reader.doRunLoop(Server.java:1346)
        at app//org.apache.hadoop.ipc.Server$Listener$Reader.run(Server.java:1325)
"f24c48c6-4a91-44a4-ae9a-fb063e2dd958-DatanodeReportManager-3" daemon prio=5 tid=669 in Object.wait()
java.lang.Thread.State: WAITING (on object monitor)
        at java.base@17.0.12/jdk.internal.misc.Unsafe.park(Native Method)
        at java.base@17.0.12/java.util.concurrent.locks.LockSupport.park(LockSupport.java:341)
        at java.base@17.0.12/java.util.concurrent.locks.AbstractQueuedSynchronizer$ConditionNode.block(AbstractQueuedSynchronizer.java:506)
        at java.base@17.0.12/java.util.concurrent.ForkJoinPool.unmanagedBlock(ForkJoinPool.java:3465)
        at java.base@17.0.12/java.util.concurrent.ForkJoinPool.managedBlock(ForkJoinPool.java:3436)
        at java.base@17.0.12/java.util.concurrent.locks.AbstractQueuedSynchronizer$ConditionObject.await(AbstractQueuedSynchronizer.java:1625)
        at java.base@17.0.12/java.util.concurrent.ScheduledThreadPoolExecutor$DelayedWorkQueue.take(ScheduledThreadPoolExecutor.java:1177)
        at java.base@17.0.12/java.util.concurrent.ScheduledThreadPoolExecutor$DelayedWorkQueue.take(ScheduledThreadPoolExecutor.java:899)
        at java.base@17.0.12/java.util.concurrent.ThreadPoolExecutor.getTask(ThreadPoolExecutor.java:1062)
        at java.base@17.0.12/java.util.concurrent.ThreadPoolExecutor.runWorker(ThreadPoolExecutor.java:1122)
        at java.base@17.0.12/java.util.concurrent.ThreadPoolExecutor$Worker.run(ThreadPoolExecutor.java:635)
        at java.base@17.0.12/java.lang.Thread.run(Thread.java:840)
"Recon-SyncOM-0"  prio=5 tid=515 timed_waiting
java.lang.Thread.State: TIMED_WAITING
        at java.base@17.0.12/jdk.internal.misc.Unsafe.park(Native Method)
        at java.base@17.0.12/java.util.concurrent.locks.LockSupport.parkNanos(LockSupport.java:252)
        at java.base@17.0.12/java.util.concurrent.locks.AbstractQueuedSynchronizer$ConditionObject.awaitNanos(AbstractQueuedSynchronizer.java:1674)
        at java.base@17.0.12/java.util.concurrent.ScheduledThreadPoolExecutor$DelayedWorkQueue.take(ScheduledThreadPoolExecutor.java:1182)
        at java.base@17.0.12/java.util.concurrent.ScheduledThreadPoolExecutor$DelayedWorkQueue.take(ScheduledThreadPoolExecutor.java:899)
        at java.base@17.0.12/java.util.concurrent.ThreadPoolExecutor.getTask(ThreadPoolExecutor.java:1062)
        at java.base@17.0.12/java.util.concurrent.ThreadPoolExecutor.runWorker(ThreadPoolExecutor.java:1122)
        at java.base@17.0.12/java.util.concurrent.ThreadPoolExecutor$Worker.run(ThreadPoolExecutor.java:635)
        at java.base@17.0.12/java.lang.Thread.run(Thread.java:840)
"Socket Reader #8 for port 15004"  prio=5 tid=419 runnable
java.lang.Thread.State: RUNNABLE
        at java.base@17.0.12/sun.nio.ch.EPoll.wait(Native Method)
        at java.base@17.0.12/sun.nio.ch.EPollSelectorImpl.doSelect(EPollSelectorImpl.java:118)
        at java.base@17.0.12/sun.nio.ch.SelectorImpl.lockAndDoSelect(SelectorImpl.java:129)
        at java.base@17.0.12/sun.nio.ch.SelectorImpl.select(SelectorImpl.java:146)
        at app//org.apache.hadoop.ipc.Server$Listener$Reader.doRunLoop(Server.java:1346)
        at app//org.apache.hadoop.ipc.Server$Listener$Reader.run(Server.java:1325)
"IPC Server handler 75 on default port 15001" daemon prio=5 tid=261 timed_waiting
java.lang.Thread.State: TIMED_WAITING
        at java.base@17.0.12/jdk.internal.misc.Unsafe.park(Native Method)
        at java.base@17.0.12/java.util.concurrent.locks.LockSupport.parkNanos(LockSupport.java:252)
        at java.base@17.0.12/java.util.concurrent.locks.AbstractQueuedSynchronizer$ConditionObject.awaitNanos(AbstractQueuedSynchronizer.java:1674)
        at java.base@17.0.12/java.util.concurrent.LinkedBlockingQueue.poll(LinkedBlockingQueue.java:460)
        at app//org.apache.hadoop.ipc.CallQueueManager.take(CallQueueManager.java:317)
        at app//org.apache.hadoop.ipc.Server$Handler.run(Server.java:3014)
"IPC Server handler 99 on default port 15001" daemon prio=5 tid=285 timed_waiting
java.lang.Thread.State: TIMED_WAITING
        at java.base@17.0.12/jdk.internal.misc.Unsafe.park(Native Method)
        at java.base@17.0.12/java.util.concurrent.locks.LockSupport.parkNanos(LockSupport.java:252)
        at java.base@17.0.12/java.util.concurrent.locks.AbstractQueuedSynchronizer$ConditionObject.awaitNanos(AbstractQueuedSynchronizer.java:1674)
        at java.base@17.0.12/java.util.concurrent.LinkedBlockingQueue.poll(LinkedBlockingQueue.java:460)
        at app//org.apache.hadoop.ipc.CallQueueManager.take(CallQueueManager.java:317)
        at app//org.apache.hadoop.ipc.Server$Handler.run(Server.java:3014)
"IPC Server handler 54 on default port 15000" daemon prio=5 tid=140 timed_waiting
java.lang.Thread.State: TIMED_WAITING
        at java.base@17.0.12/jdk.internal.misc.Unsafe.park(Native Method)
        at java.base@17.0.12/java.util.concurrent.locks.LockSupport.parkNanos(LockSupport.java:252)
        at java.base@17.0.12/java.util.concurrent.locks.AbstractQueuedSynchronizer$ConditionObject.awaitNanos(AbstractQueuedSynchronizer.java:1674)
        at java.base@17.0.12/java.util.concurrent.LinkedBlockingQueue.poll(LinkedBlockingQueue.java:460)
        at app//org.apache.hadoop.ipc.CallQueueManager.take(CallQueueManager.java:317)
        at app//org.apache.hadoop.ipc.Server$Handler.run(Server.java:3014)
"IPC Server handler 74 on default port 15002" daemon prio=5 tid=360 timed_waiting
java.lang.Thread.State: TIMED_WAITING
        at java.base@17.0.12/jdk.internal.misc.Unsafe.park(Native Method)
        at java.base@17.0.12/java.util.concurrent.locks.LockSupport.parkNanos(LockSupport.java:252)
        at java.base@17.0.12/java.util.concurrent.locks.AbstractQueuedSynchronizer$ConditionObject.awaitNanos(AbstractQueuedSynchronizer.java:1674)
        at java.base@17.0.12/java.util.concurrent.LinkedBlockingQueue.poll(LinkedBlockingQueue.java:460)
        at app//org.apache.hadoop.ipc.CallQueueManager.take(CallQueueManager.java:317)
        at app//org.apache.hadoop.ipc.Server$Handler.run(Server.java:3014)
"grpc-default-worker-ELG-3-4" daemon prio=5 tid=914 runnable
java.lang.Thread.State: RUNNABLE
        at app//org.apache.ratis.thirdparty.io.netty.channel.epoll.Native.epollWait0(Native Method)
        at app//org.apache.ratis.thirdparty.io.netty.channel.epoll.Native.epollWait(Native.java:193)
        at app//org.apache.ratis.thirdparty.io.netty.channel.epoll.EpollEventLoop.epollWait(EpollEventLoop.java:304)
        at app//org.apache.ratis.thirdparty.io.netty.channel.epoll.EpollEventLoop.run(EpollEventLoop.java:368)
        at app//org.apache.ratis.thirdparty.io.netty.util.concurrent.SingleThreadEventExecutor$4.run(SingleThreadEventExecutor.java:997)
        at app//org.apache.ratis.thirdparty.io.netty.util.internal.ThreadExecutorMap$2.run(ThreadExecutorMap.java:74)
        at app//org.apache.ratis.thirdparty.io.netty.util.concurrent.FastThreadLocalRunnable.run(FastThreadLocalRunnable.java:30)
        at java.base@17.0.12/java.lang.Thread.run(Thread.java:840)
"3ccd597d-6672-4b12-926e-746f973e87fb-PipelineCommandHandlerThread-0"  prio=5 tid=960 in Object.wait()
java.lang.Thread.State: WAITING (on object monitor)
        at java.base@17.0.12/jdk.internal.misc.Unsafe.park(Native Method)
        at java.base@17.0.12/java.util.concurrent.locks.LockSupport.park(LockSupport.java:341)
        at java.base@17.0.12/java.util.concurrent.locks.AbstractQueuedSynchronizer$ConditionNode.block(AbstractQueuedSynchronizer.java:506)
        at java.base@17.0.12/java.util.concurrent.ForkJoinPool.unmanagedBlock(ForkJoinPool.java:3465)
        at java.base@17.0.12/java.util.concurrent.ForkJoinPool.managedBlock(ForkJoinPool.java:3436)
        at java.base@17.0.12/java.util.concurrent.locks.AbstractQueuedSynchronizer$ConditionObject.await(AbstractQueuedSynchronizer.java:1625)
        at java.base@17.0.12/java.util.concurrent.LinkedBlockingQueue.take(LinkedBlockingQueue.java:435)
        at java.base@17.0.12/java.util.concurrent.ThreadPoolExecutor.getTask(ThreadPoolExecutor.java:1062)
        at java.base@17.0.12/java.util.concurrent.ThreadPoolExecutor.runWorker(ThreadPoolExecutor.java:1122)
        at java.base@17.0.12/java.util.concurrent.ThreadPoolExecutor$Worker.run(ThreadPoolExecutor.java:635)
        at java.base@17.0.12/java.lang.Thread.run(Thread.java:840)
"IPC Server handler 70 on default port 15001" daemon prio=5 tid=256 timed_waiting
java.lang.Thread.State: TIMED_WAITING
        at java.base@17.0.12/jdk.internal.misc.Unsafe.park(Native Method)
        at java.base@17.0.12/java.util.concurrent.locks.LockSupport.parkNanos(LockSupport.java:252)
        at java.base@17.0.12/java.util.concurrent.locks.AbstractQueuedSynchronizer$ConditionObject.awaitNanos(AbstractQueuedSynchronizer.java:1674)
        at java.base@17.0.12/java.util.concurrent.LinkedBlockingQueue.poll(LinkedBlockingQueue.java:460)
        at app//org.apache.hadoop.ipc.CallQueueManager.take(CallQueueManager.java:317)
        at app//org.apache.hadoop.ipc.Server$Handler.run(Server.java:3014)
"3ccd597d-6672-4b12-926e-746f973e87fb@group-68695E8EB38B-LeaderStateImpl" daemon prio=5 tid=1024 timed_waiting
java.lang.Thread.State: TIMED_WAITING
        at java.base@17.0.12/jdk.internal.misc.Unsafe.park(Native Method)
        at java.base@17.0.12/java.util.concurrent.locks.LockSupport.parkNanos(LockSupport.java:252)
        at java.base@17.0.12/java.util.concurrent.locks.AbstractQueuedSynchronizer$ConditionObject.awaitNanos(AbstractQueuedSynchronizer.java:1674)
        at java.base@17.0.12/java.util.concurrent.ArrayBlockingQueue.poll(ArrayBlockingQueue.java:435)
        at app//org.apache.ratis.server.impl.LeaderStateImpl$EventQueue.poll(LeaderStateImpl.java:164)
        at app//org.apache.ratis.server.impl.LeaderStateImpl$EventProcessor.run(LeaderStateImpl.java:766)
"IPC Server handler 57 on default port 15002" daemon prio=5 tid=343 timed_waiting
java.lang.Thread.State: TIMED_WAITING
        at java.base@17.0.12/jdk.internal.misc.Unsafe.park(Native Method)
        at java.base@17.0.12/java.util.concurrent.locks.LockSupport.parkNanos(LockSupport.java:252)
        at java.base@17.0.12/java.util.concurrent.locks.AbstractQueuedSynchronizer$ConditionObject.awaitNanos(AbstractQueuedSynchronizer.java:1674)
        at java.base@17.0.12/java.util.concurrent.LinkedBlockingQueue.poll(LinkedBlockingQueue.java:460)
        at app//org.apache.hadoop.ipc.CallQueueManager.take(CallQueueManager.java:317)
        at app//org.apache.hadoop.ipc.Server$Handler.run(Server.java:3014)
"IPC Server handler 19 on default port 15001" daemon prio=5 tid=205 timed_waiting
java.lang.Thread.State: TIMED_WAITING
        at java.base@17.0.12/jdk.internal.misc.Unsafe.park(Native Method)
        at java.base@17.0.12/java.util.concurrent.locks.LockSupport.parkNanos(LockSupport.java:252)
        at java.base@17.0.12/java.util.concurrent.locks.AbstractQueuedSynchronizer$ConditionObject.awaitNanos(AbstractQueuedSynchronizer.java:1674)
        at java.base@17.0.12/java.util.concurrent.LinkedBlockingQueue.poll(LinkedBlockingQueue.java:460)
        at app//org.apache.hadoop.ipc.CallQueueManager.take(CallQueueManager.java:317)
        at app//org.apache.hadoop.ipc.Server$Handler.run(Server.java:3014)
"qtp1907999535-731" daemon prio=5 tid=731 timed_waiting
java.lang.Thread.State: TIMED_WAITING
        at java.base@17.0.12/jdk.internal.misc.Unsafe.park(Native Method)
        at java.base@17.0.12/java.util.concurrent.locks.LockSupport.parkNanos(LockSupport.java:252)
        at java.base@17.0.12/java.util.concurrent.locks.AbstractQueuedSynchronizer$ConditionObject.awaitNanos(AbstractQueuedSynchronizer.java:1674)
        at app//org.eclipse.jetty.util.BlockingArrayQueue.poll(BlockingArrayQueue.java:382)
        at app//org.eclipse.jetty.util.thread.QueuedThreadPool$Runner.idleJobPoll(QueuedThreadPool.java:974)
        at app//org.eclipse.jetty.util.thread.QueuedThreadPool$Runner.run(QueuedThreadPool.java:1018)
        at java.base@17.0.12/java.lang.Thread.run(Thread.java:840)
"IPC Server handler 22 on default port 15009" daemon prio=5 tid=541 timed_waiting
java.lang.Thread.State: TIMED_WAITING
        at java.base@17.0.12/jdk.internal.misc.Unsafe.park(Native Method)
        at java.base@17.0.12/java.util.concurrent.locks.LockSupport.parkNanos(LockSupport.java:252)
        at java.base@17.0.12/java.util.concurrent.locks.AbstractQueuedSynchronizer$ConditionObject.awaitNanos(AbstractQueuedSynchronizer.java:1674)
        at java.base@17.0.12/java.util.concurrent.LinkedBlockingQueue.poll(LinkedBlockingQueue.java:460)
        at app//org.apache.hadoop.ipc.CallQueueManager.take(CallQueueManager.java:317)
        at app//org.apache.hadoop.ipc.Server$Handler.run(Server.java:3014)
"EventQueue-DatanodeCommandForSCMNodeManager"  prio=5 tid=895 in Object.wait()
java.lang.Thread.State: WAITING (on object monitor)
        at java.base@17.0.12/jdk.internal.misc.Unsafe.park(Native Method)
        at java.base@17.0.12/java.util.concurrent.locks.LockSupport.park(LockSupport.java:341)
        at java.base@17.0.12/java.util.concurrent.locks.AbstractQueuedSynchronizer$ConditionNode.block(AbstractQueuedSynchronizer.java:506)
        at java.base@17.0.12/java.util.concurrent.ForkJoinPool.unmanagedBlock(ForkJoinPool.java:3465)
        at java.base@17.0.12/java.util.concurrent.ForkJoinPool.managedBlock(ForkJoinPool.java:3436)
        at java.base@17.0.12/java.util.concurrent.locks.AbstractQueuedSynchronizer$ConditionObject.await(AbstractQueuedSynchronizer.java:1625)
        at java.base@17.0.12/java.util.concurrent.LinkedBlockingQueue.take(LinkedBlockingQueue.java:435)
        at java.base@17.0.12/java.util.concurrent.ThreadPoolExecutor.getTask(ThreadPoolExecutor.java:1062)
        at java.base@17.0.12/java.util.concurrent.ThreadPoolExecutor.runWorker(ThreadPoolExecutor.java:1122)
        at java.base@17.0.12/java.util.concurrent.ThreadPoolExecutor$Worker.run(ThreadPoolExecutor.java:635)
        at java.base@17.0.12/java.lang.Thread.run(Thread.java:840)
"IPC Server handler 37 on default port 15002" daemon prio=5 tid=323 timed_waiting
java.lang.Thread.State: TIMED_WAITING
        at java.base@17.0.12/jdk.internal.misc.Unsafe.park(Native Method)
        at java.base@17.0.12/java.util.concurrent.locks.LockSupport.parkNanos(LockSupport.java:252)
        at java.base@17.0.12/java.util.concurrent.locks.AbstractQueuedSynchronizer$ConditionObject.awaitNanos(AbstractQueuedSynchronizer.java:1674)
        at java.base@17.0.12/java.util.concurrent.LinkedBlockingQueue.poll(LinkedBlockingQueue.java:460)
        at app//org.apache.hadoop.ipc.CallQueueManager.take(CallQueueManager.java:317)
        at app//org.apache.hadoop.ipc.Server$Handler.run(Server.java:3014)
"FixedThreadPoolWithAffinityExecutor-5-0" daemon prio=5 tid=80 timed_waiting
java.lang.Thread.State: TIMED_WAITING
        at java.base@17.0.12/jdk.internal.misc.Unsafe.park(Native Method)
        at java.base@17.0.12/java.util.concurrent.locks.LockSupport.parkNanos(LockSupport.java:252)
        at java.base@17.0.12/java.util.concurrent.locks.AbstractQueuedSynchronizer$ConditionObject.awaitNanos(AbstractQueuedSynchronizer.java:1674)
        at java.base@17.0.12/java.util.concurrent.LinkedBlockingQueue.poll(LinkedBlockingQueue.java:460)
        at app//org.apache.hadoop.hdds.scm.server.ContainerReportQueue.poll(ContainerReportQueue.java:269)
        at app//org.apache.hadoop.hdds.scm.server.ContainerReportQueue.poll(ContainerReportQueue.java:42)
        at app//org.apache.hadoop.hdds.server.events.FixedThreadPoolWithAffinityExecutor$ContainerReportProcessTask.run(FixedThreadPoolWithAffinityExecutor.java:253)
        at java.base@17.0.12/java.util.concurrent.Executors$RunnableAdapter.call(Executors.java:539)
        at java.base@17.0.12/java.util.concurrent.FutureTask.run(FutureTask.java:264)
        at java.base@17.0.12/java.util.concurrent.ThreadPoolExecutor.runWorker(ThreadPoolExecutor.java:1136)
        at java.base@17.0.12/java.util.concurrent.ThreadPoolExecutor$Worker.run(ThreadPoolExecutor.java:635)
        at java.base@17.0.12/java.lang.Thread.run(Thread.java:840)
"89da30bd-cbf9-4a7b-a1ff-1f6963324f22-ChunkWriter-3-0" daemon prio=5 tid=845 in Object.wait()
java.lang.Thread.State: WAITING (on object monitor)
        at java.base@17.0.12/jdk.internal.misc.Unsafe.park(Native Method)
        at java.base@17.0.12/java.util.concurrent.locks.LockSupport.park(LockSupport.java:341)
        at java.base@17.0.12/java.util.concurrent.locks.AbstractQueuedSynchronizer$ConditionNode.block(AbstractQueuedSynchronizer.java:506)
        at java.base@17.0.12/java.util.concurrent.ForkJoinPool.unmanagedBlock(ForkJoinPool.java:3465)
        at java.base@17.0.12/java.util.concurrent.ForkJoinPool.managedBlock(ForkJoinPool.java:3436)
        at java.base@17.0.12/java.util.concurrent.locks.AbstractQueuedSynchronizer$ConditionObject.await(AbstractQueuedSynchronizer.java:1625)
        at java.base@17.0.12/java.util.concurrent.LinkedBlockingDeque.takeFirst(LinkedBlockingDeque.java:485)
        at java.base@17.0.12/java.util.concurrent.LinkedBlockingDeque.take(LinkedBlockingDeque.java:673)
        at java.base@17.0.12/java.util.concurrent.ThreadPoolExecutor.getTask(ThreadPoolExecutor.java:1062)
        at java.base@17.0.12/java.util.concurrent.ThreadPoolExecutor.runWorker(ThreadPoolExecutor.java:1122)
        at java.base@17.0.12/java.util.concurrent.ThreadPoolExecutor$Worker.run(ThreadPoolExecutor.java:635)
        at java.base@17.0.12/java.lang.Thread.run(Thread.java:840)
"IPC Server handler 61 on default port 15001" daemon prio=5 tid=247 timed_waiting
java.lang.Thread.State: TIMED_WAITING
        at java.base@17.0.12/jdk.internal.misc.Unsafe.park(Native Method)
        at java.base@17.0.12/java.util.concurrent.locks.LockSupport.parkNanos(LockSupport.java:252)
        at java.base@17.0.12/java.util.concurrent.locks.AbstractQueuedSynchronizer$ConditionObject.awaitNanos(AbstractQueuedSynchronizer.java:1674)
        at java.base@17.0.12/java.util.concurrent.LinkedBlockingQueue.poll(LinkedBlockingQueue.java:460)
        at app//org.apache.hadoop.ipc.CallQueueManager.take(CallQueueManager.java:317)
        at app//org.apache.hadoop.ipc.Server$Handler.run(Server.java:3014)
"IPC Server handler 5 on default port 15030" daemon prio=5 tid=752 timed_waiting
java.lang.Thread.State: TIMED_WAITING
        at java.base@17.0.12/jdk.internal.misc.Unsafe.park(Native Method)
        at java.base@17.0.12/java.util.concurrent.locks.LockSupport.parkNanos(LockSupport.java:252)
        at java.base@17.0.12/java.util.concurrent.locks.AbstractQueuedSynchronizer$ConditionObject.awaitNanos(AbstractQueuedSynchronizer.java:1674)
        at java.base@17.0.12/java.util.concurrent.LinkedBlockingQueue.poll(LinkedBlockingQueue.java:460)
        at app//org.apache.hadoop.ipc.CallQueueManager.take(CallQueueManager.java:317)
        at app//org.apache.hadoop.ipc.Server$Handler.run(Server.java:3014)
"IPC Server handler 35 on default port 15001" daemon prio=5 tid=221 timed_waiting
java.lang.Thread.State: TIMED_WAITING
        at java.base@17.0.12/jdk.internal.misc.Unsafe.park(Native Method)
        at java.base@17.0.12/java.util.concurrent.locks.LockSupport.parkNanos(LockSupport.java:252)
        at java.base@17.0.12/java.util.concurrent.locks.AbstractQueuedSynchronizer$ConditionObject.awaitNanos(AbstractQueuedSynchronizer.java:1674)
        at java.base@17.0.12/java.util.concurrent.LinkedBlockingQueue.poll(LinkedBlockingQueue.java:460)
        at app//org.apache.hadoop.ipc.CallQueueManager.take(CallQueueManager.java:317)
        at app//org.apache.hadoop.ipc.Server$Handler.run(Server.java:3014)
"qtp665841374-443" daemon prio=5 tid=443 runnable
java.lang.Thread.State: RUNNABLE
        at java.base@17.0.12/sun.nio.ch.EPoll.wait(Native Method)
        at java.base@17.0.12/sun.nio.ch.EPollSelectorImpl.doSelect(EPollSelectorImpl.java:118)
        at java.base@17.0.12/sun.nio.ch.SelectorImpl.lockAndDoSelect(SelectorImpl.java:129)
        at java.base@17.0.12/sun.nio.ch.SelectorImpl.select(SelectorImpl.java:146)
        at app//org.eclipse.jetty.io.ManagedSelector.nioSelect(ManagedSelector.java:183)
        at app//org.eclipse.jetty.io.ManagedSelector.select(ManagedSelector.java:190)
        at app//org.eclipse.jetty.io.ManagedSelector$SelectorProducer.select(ManagedSelector.java:606)
        at app//org.eclipse.jetty.io.ManagedSelector$SelectorProducer.produce(ManagedSelector.java:543)
        at app//org.eclipse.jetty.util.thread.strategy.EatWhatYouKill.produceTask(EatWhatYouKill.java:362)
        at app//org.eclipse.jetty.util.thread.strategy.EatWhatYouKill.doProduce(EatWhatYouKill.java:186)
        at app//org.eclipse.jetty.util.thread.strategy.EatWhatYouKill.tryProduce(EatWhatYouKill.java:173)
        at app//org.eclipse.jetty.util.thread.strategy.EatWhatYouKill.produce(EatWhatYouKill.java:137)
        at app//org.eclipse.jetty.io.ManagedSelector$$Lambda$821/0x00007f7030550440.run(Unknown Source)
        at app//org.eclipse.jetty.util.thread.QueuedThreadPool.runJob(QueuedThreadPool.java:883)
        at app//org.eclipse.jetty.util.thread.QueuedThreadPool$Runner.run(QueuedThreadPool.java:1034)
        at java.base@17.0.12/java.lang.Thread.run(Thread.java:840)
"IPC Server handler 41 on default port 15002" daemon prio=5 tid=327 timed_waiting
java.lang.Thread.State: TIMED_WAITING
        at java.base@17.0.12/jdk.internal.misc.Unsafe.park(Native Method)
        at java.base@17.0.12/java.util.concurrent.locks.LockSupport.parkNanos(LockSupport.java:252)
        at java.base@17.0.12/java.util.concurrent.locks.AbstractQueuedSynchronizer$ConditionObject.awaitNanos(AbstractQueuedSynchronizer.java:1674)
        at java.base@17.0.12/java.util.concurrent.LinkedBlockingQueue.poll(LinkedBlockingQueue.java:460)
        at app//org.apache.hadoop.ipc.CallQueueManager.take(CallQueueManager.java:317)
        at app//org.apache.hadoop.ipc.Server$Handler.run(Server.java:3014)
"f24c48c6-4a91-44a4-ae9a-fb063e2dd958-RocksDBCompactionThread-0"  prio=5 tid=626 timed_waiting
java.lang.Thread.State: TIMED_WAITING
        at java.base@17.0.12/jdk.internal.misc.Unsafe.park(Native Method)
        at java.base@17.0.12/java.util.concurrent.locks.LockSupport.parkNanos(LockSupport.java:252)
        at java.base@17.0.12/java.util.concurrent.locks.AbstractQueuedSynchronizer$ConditionObject.awaitNanos(AbstractQueuedSynchronizer.java:1674)
        at java.base@17.0.12/java.util.concurrent.ScheduledThreadPoolExecutor$DelayedWorkQueue.take(ScheduledThreadPoolExecutor.java:1182)
        at java.base@17.0.12/java.util.concurrent.ScheduledThreadPoolExecutor$DelayedWorkQueue.take(ScheduledThreadPoolExecutor.java:899)
        at java.base@17.0.12/java.util.concurrent.ThreadPoolExecutor.getTask(ThreadPoolExecutor.java:1062)
        at java.base@17.0.12/java.util.concurrent.ThreadPoolExecutor.runWorker(ThreadPoolExecutor.java:1122)
        at java.base@17.0.12/java.util.concurrent.ThreadPoolExecutor$Worker.run(ThreadPoolExecutor.java:635)
        at java.base@17.0.12/java.lang.Thread.run(Thread.java:840)
"IPC Server handler 38 on default port 15009" daemon prio=5 tid=557 timed_waiting
java.lang.Thread.State: TIMED_WAITING
        at java.base@17.0.12/jdk.internal.misc.Unsafe.park(Native Method)
        at java.base@17.0.12/java.util.concurrent.locks.LockSupport.parkNanos(LockSupport.java:252)
        at java.base@17.0.12/java.util.concurrent.locks.AbstractQueuedSynchronizer$ConditionObject.awaitNanos(AbstractQueuedSynchronizer.java:1674)
        at java.base@17.0.12/java.util.concurrent.LinkedBlockingQueue.poll(LinkedBlockingQueue.java:460)
        at app//org.apache.hadoop.ipc.CallQueueManager.take(CallQueueManager.java:317)
        at app//org.apache.hadoop.ipc.Server$Handler.run(Server.java:3014)
"IPC Parameter Sending Thread for 0.0.0.0/0.0.0.0:15000" daemon prio=5 tid=1047 timed_waiting
java.lang.Thread.State: TIMED_WAITING
        at java.base@17.0.12/jdk.internal.misc.Unsafe.park(Native Method)
        at java.base@17.0.12/java.util.concurrent.locks.LockSupport.parkNanos(LockSupport.java:252)
        at java.base@17.0.12/java.util.concurrent.SynchronousQueue$TransferQueue.transfer(SynchronousQueue.java:704)
        at java.base@17.0.12/java.util.concurrent.SynchronousQueue.poll(SynchronousQueue.java:903)
        at app//org.apache.hadoop.ipc.Client$Connection$RpcRequestSender.run(Client.java:1105)
        at java.base@17.0.12/java.lang.Thread.run(Thread.java:840)
"IPC Server handler 4 on default port 15002" daemon prio=5 tid=290 timed_waiting
java.lang.Thread.State: TIMED_WAITING
        at java.base@17.0.12/jdk.internal.misc.Unsafe.park(Native Method)
        at java.base@17.0.12/java.util.concurrent.locks.LockSupport.parkNanos(LockSupport.java:252)
        at java.base@17.0.12/java.util.concurrent.locks.AbstractQueuedSynchronizer$ConditionObject.awaitNanos(AbstractQueuedSynchronizer.java:1674)
        at java.base@17.0.12/java.util.concurrent.LinkedBlockingQueue.poll(LinkedBlockingQueue.java:460)
        at app//org.apache.hadoop.ipc.CallQueueManager.take(CallQueueManager.java:317)
        at app//org.apache.hadoop.ipc.Server$Handler.run(Server.java:3014)
"f24c48c6-4a91-44a4-ae9a-fb063e2dd958-PeriodicHDDSVolumeChecker" daemon prio=5 tid=818 timed_waiting
java.lang.Thread.State: TIMED_WAITING
        at java.base@17.0.12/jdk.internal.misc.Unsafe.park(Native Method)
        at java.base@17.0.12/java.util.concurrent.locks.LockSupport.parkNanos(LockSupport.java:252)
        at java.base@17.0.12/java.util.concurrent.locks.AbstractQueuedSynchronizer$ConditionObject.awaitNanos(AbstractQueuedSynchronizer.java:1674)
        at java.base@17.0.12/java.util.concurrent.ScheduledThreadPoolExecutor$DelayedWorkQueue.take(ScheduledThreadPoolExecutor.java:1182)
        at java.base@17.0.12/java.util.concurrent.ScheduledThreadPoolExecutor$DelayedWorkQueue.take(ScheduledThreadPoolExecutor.java:899)
        at java.base@17.0.12/java.util.concurrent.ThreadPoolExecutor.getTask(ThreadPoolExecutor.java:1062)
        at java.base@17.0.12/java.util.concurrent.ThreadPoolExecutor.runWorker(ThreadPoolExecutor.java:1122)
        at java.base@17.0.12/java.util.concurrent.ThreadPoolExecutor$Worker.run(ThreadPoolExecutor.java:635)
        at java.base@17.0.12/java.lang.Thread.run(Thread.java:840)
"89da30bd-cbf9-4a7b-a1ff-1f6963324f22@group-EBDDE0D620EE-StateMachineUpdater" daemon prio=5 tid=928 timed_waiting
java.lang.Thread.State: TIMED_WAITING
        at java.base@17.0.12/jdk.internal.misc.Unsafe.park(Native Method)
        at java.base@17.0.12/java.util.concurrent.locks.LockSupport.parkNanos(LockSupport.java:252)
        at java.base@17.0.12/java.util.concurrent.locks.AbstractQueuedSynchronizer$ConditionObject.await(AbstractQueuedSynchronizer.java:1759)
        at app//org.apache.ratis.util.AwaitForSignal.await(AwaitForSignal.java:65)
        at app//org.apache.ratis.server.impl.StateMachineUpdater.waitForCommit(StateMachineUpdater.java:219)
        at app//org.apache.ratis.server.impl.StateMachineUpdater.run(StateMachineUpdater.java:187)
        at java.base@17.0.12/java.lang.Thread.run(Thread.java:840)
"89da30bd-cbf9-4a7b-a1ff-1f6963324f22-DataNodeDiskCheckerThread-0" daemon prio=5 tid=838 timed_waiting
java.lang.Thread.State: TIMED_WAITING
        at java.base@17.0.12/jdk.internal.misc.Unsafe.park(Native Method)
        at java.base@17.0.12/java.util.concurrent.locks.LockSupport.parkNanos(LockSupport.java:252)
        at java.base@17.0.12/java.util.concurrent.SynchronousQueue$TransferStack.transfer(SynchronousQueue.java:401)
        at java.base@17.0.12/java.util.concurrent.SynchronousQueue.poll(SynchronousQueue.java:903)
        at java.base@17.0.12/java.util.concurrent.ThreadPoolExecutor.getTask(ThreadPoolExecutor.java:1061)
        at java.base@17.0.12/java.util.concurrent.ThreadPoolExecutor.runWorker(ThreadPoolExecutor.java:1122)
        at java.base@17.0.12/java.util.concurrent.ThreadPoolExecutor$Worker.run(ThreadPoolExecutor.java:635)
        at java.base@17.0.12/java.lang.Thread.run(Thread.java:840)
"Socket Reader #5 for port 15004"  prio=5 tid=416 runnable
java.lang.Thread.State: RUNNABLE
        at java.base@17.0.12/sun.nio.ch.EPoll.wait(Native Method)
        at java.base@17.0.12/sun.nio.ch.EPollSelectorImpl.doSelect(EPollSelectorImpl.java:118)
        at java.base@17.0.12/sun.nio.ch.SelectorImpl.lockAndDoSelect(SelectorImpl.java:129)
        at java.base@17.0.12/sun.nio.ch.SelectorImpl.select(SelectorImpl.java:146)
        at app//org.apache.hadoop.ipc.Server$Listener$Reader.doRunLoop(Server.java:1346)
        at app//org.apache.hadoop.ipc.Server$Listener$Reader.run(Server.java:1325)
"3ccd597d-6672-4b12-926e-746f973e87fb-NettyServerStreamRpc-bossGroup--thread1"  prio=5 tid=720 runnable
java.lang.Thread.State: RUNNABLE
        at app//org.apache.ratis.thirdparty.io.netty.channel.epoll.Native.epollWait(Native Method)
        at app//org.apache.ratis.thirdparty.io.netty.channel.epoll.Native.epollWait(Native.java:220)
        at app//org.apache.ratis.thirdparty.io.netty.channel.epoll.Native.epollWait(Native.java:213)
        at app//org.apache.ratis.thirdparty.io.netty.channel.epoll.EpollEventLoop.epollWaitNoTimerChange(EpollEventLoop.java:308)
        at app//org.apache.ratis.thirdparty.io.netty.channel.epoll.EpollEventLoop.run(EpollEventLoop.java:365)
        at app//org.apache.ratis.thirdparty.io.netty.util.concurrent.SingleThreadEventExecutor$4.run(SingleThreadEventExecutor.java:997)
        at app//org.apache.ratis.thirdparty.io.netty.util.internal.ThreadExecutorMap$2.run(ThreadExecutorMap.java:74)
        at java.base@17.0.12/java.lang.Thread.run(Thread.java:840)
"IPC Server handler 9 on default port 15002" daemon prio=5 tid=295 timed_waiting
java.lang.Thread.State: TIMED_WAITING
        at java.base@17.0.12/jdk.internal.misc.Unsafe.park(Native Method)
        at java.base@17.0.12/java.util.concurrent.locks.LockSupport.parkNanos(LockSupport.java:252)
        at java.base@17.0.12/java.util.concurrent.locks.AbstractQueuedSynchronizer$ConditionObject.awaitNanos(AbstractQueuedSynchronizer.java:1674)
        at java.base@17.0.12/java.util.concurrent.LinkedBlockingQueue.poll(LinkedBlockingQueue.java:460)
        at app//org.apache.hadoop.ipc.CallQueueManager.take(CallQueueManager.java:317)
        at app//org.apache.hadoop.ipc.Server$Handler.run(Server.java:3014)
"IPC Server handler 12 on default port 15000" daemon prio=5 tid=98 timed_waiting
java.lang.Thread.State: TIMED_WAITING
        at java.base@17.0.12/jdk.internal.misc.Unsafe.park(Native Method)
        at java.base@17.0.12/java.util.concurrent.locks.LockSupport.parkNanos(LockSupport.java:252)
        at java.base@17.0.12/java.util.concurrent.locks.AbstractQueuedSynchronizer$ConditionObject.awaitNanos(AbstractQueuedSynchronizer.java:1674)
        at java.base@17.0.12/java.util.concurrent.LinkedBlockingQueue.poll(LinkedBlockingQueue.java:460)
        at app//org.apache.hadoop.ipc.CallQueueManager.take(CallQueueManager.java:317)
        at app//org.apache.hadoop.ipc.Server$Handler.run(Server.java:3014)
"IPC Server handler 3 on default port 15021" daemon prio=5 tid=704 timed_waiting
java.lang.Thread.State: TIMED_WAITING
        at java.base@17.0.12/jdk.internal.misc.Unsafe.park(Native Method)
        at java.base@17.0.12/java.util.concurrent.locks.LockSupport.parkNanos(LockSupport.java:252)
        at java.base@17.0.12/java.util.concurrent.locks.AbstractQueuedSynchronizer$ConditionObject.awaitNanos(AbstractQueuedSynchronizer.java:1674)
        at java.base@17.0.12/java.util.concurrent.LinkedBlockingQueue.poll(LinkedBlockingQueue.java:460)
        at app//org.apache.hadoop.ipc.CallQueueManager.take(CallQueueManager.java:317)
        at app//org.apache.hadoop.ipc.Server$Handler.run(Server.java:3014)
"f24c48c6-4a91-44a4-ae9a-fb063e2dd958@group-F07362706381-LeaderStateImpl" daemon prio=5 tid=972 timed_waiting
java.lang.Thread.State: TIMED_WAITING
        at java.base@17.0.12/jdk.internal.misc.Unsafe.park(Native Method)
        at java.base@17.0.12/java.util.concurrent.locks.LockSupport.parkNanos(LockSupport.java:252)
        at java.base@17.0.12/java.util.concurrent.locks.AbstractQueuedSynchronizer$ConditionObject.awaitNanos(AbstractQueuedSynchronizer.java:1674)
        at java.base@17.0.12/java.util.concurrent.ArrayBlockingQueue.poll(ArrayBlockingQueue.java:435)
        at app//org.apache.ratis.server.impl.LeaderStateImpl$EventQueue.poll(LeaderStateImpl.java:164)
        at app//org.apache.ratis.server.impl.LeaderStateImpl$EventProcessor.run(LeaderStateImpl.java:766)
"IPC Server handler 11 on default port 15002" daemon prio=5 tid=297 timed_waiting
java.lang.Thread.State: TIMED_WAITING
        at java.base@17.0.12/jdk.internal.misc.Unsafe.park(Native Method)
        at java.base@17.0.12/java.util.concurrent.locks.LockSupport.parkNanos(LockSupport.java:252)
        at java.base@17.0.12/java.util.concurrent.locks.AbstractQueuedSynchronizer$ConditionObject.awaitNanos(AbstractQueuedSynchronizer.java:1674)
        at java.base@17.0.12/java.util.concurrent.LinkedBlockingQueue.poll(LinkedBlockingQueue.java:460)
        at app//org.apache.hadoop.ipc.CallQueueManager.take(CallQueueManager.java:317)
        at app//org.apache.hadoop.ipc.Server$Handler.run(Server.java:3014)
"3ccd597d-6672-4b12-926e-746f973e87fb@group-3A08AF1FB2FD-SegmentedRaftLogWorker" daemon prio=5 tid=917 timed_waiting
java.lang.Thread.State: TIMED_WAITING
        at java.base@17.0.12/jdk.internal.misc.Unsafe.park(Native Method)
        at java.base@17.0.12/java.util.concurrent.locks.LockSupport.parkNanos(LockSupport.java:252)
        at java.base@17.0.12/java.util.concurrent.locks.AbstractQueuedSynchronizer$ConditionObject.awaitNanos(AbstractQueuedSynchronizer.java:1674)
        at app//org.apache.ratis.util.DataBlockingQueue.poll(DataBlockingQueue.java:148)
        at app//org.apache.ratis.server.raftlog.segmented.SegmentedRaftLogWorker.run(SegmentedRaftLogWorker.java:306)
        at app//org.apache.ratis.server.raftlog.segmented.SegmentedRaftLogWorker$$Lambda$1171/0x00007f703072aff0.run(Unknown Source)
        at java.base@17.0.12/java.util.concurrent.Executors$RunnableAdapter.call(Executors.java:539)
        at java.base@17.0.12/java.util.concurrent.FutureTask.run(FutureTask.java:264)
        at java.base@17.0.12/java.util.concurrent.ThreadPoolExecutor.runWorker(ThreadPoolExecutor.java:1136)
        at java.base@17.0.12/java.util.concurrent.ThreadPoolExecutor$Worker.run(ThreadPoolExecutor.java:635)
        at java.base@17.0.12/java.lang.Thread.run(Thread.java:840)
"Socket Reader #6 for port 15000"  prio=5 tid=67 runnable
java.lang.Thread.State: RUNNABLE
        at java.base@17.0.12/sun.nio.ch.EPoll.wait(Native Method)
        at java.base@17.0.12/sun.nio.ch.EPollSelectorImpl.doSelect(EPollSelectorImpl.java:118)
        at java.base@17.0.12/sun.nio.ch.SelectorImpl.lockAndDoSelect(SelectorImpl.java:129)
        at java.base@17.0.12/sun.nio.ch.SelectorImpl.select(SelectorImpl.java:146)
        at app//org.apache.hadoop.ipc.Server$Listener$Reader.doRunLoop(Server.java:1346)
        at app//org.apache.hadoop.ipc.Server$Listener$Reader.run(Server.java:1325)
"3ccd597d-6672-4b12-926e-746f973e87fb-DataNodeDiskCheckerThread-0" daemon prio=5 tid=857 timed_waiting
java.lang.Thread.State: TIMED_WAITING
        at java.base@17.0.12/jdk.internal.misc.Unsafe.park(Native Method)
        at java.base@17.0.12/java.util.concurrent.locks.LockSupport.parkNanos(LockSupport.java:252)
        at java.base@17.0.12/java.util.concurrent.SynchronousQueue$TransferStack.transfer(SynchronousQueue.java:401)
        at java.base@17.0.12/java.util.concurrent.SynchronousQueue.poll(SynchronousQueue.java:903)
        at java.base@17.0.12/java.util.concurrent.ThreadPoolExecutor.getTask(ThreadPoolExecutor.java:1061)
        at java.base@17.0.12/java.util.concurrent.ThreadPoolExecutor.runWorker(ThreadPoolExecutor.java:1122)
        at java.base@17.0.12/java.util.concurrent.ThreadPoolExecutor$Worker.run(ThreadPoolExecutor.java:635)
        at java.base@17.0.12/java.lang.Thread.run(Thread.java:840)
"IPC Server handler 31 on default port 15000" daemon prio=5 tid=117 timed_waiting
java.lang.Thread.State: TIMED_WAITING
        at java.base@17.0.12/jdk.internal.misc.Unsafe.park(Native Method)
        at java.base@17.0.12/java.util.concurrent.locks.LockSupport.parkNanos(LockSupport.java:252)
        at java.base@17.0.12/java.util.concurrent.locks.AbstractQueuedSynchronizer$ConditionObject.awaitNanos(AbstractQueuedSynchronizer.java:1674)
        at java.base@17.0.12/java.util.concurrent.LinkedBlockingQueue.poll(LinkedBlockingQueue.java:460)
        at app//org.apache.hadoop.ipc.CallQueueManager.take(CallQueueManager.java:317)
        at app//org.apache.hadoop.ipc.Server$Handler.run(Server.java:3014)
"IPC Server handler 30 on default port 15009" daemon prio=5 tid=549 timed_waiting
java.lang.Thread.State: TIMED_WAITING
        at java.base@17.0.12/jdk.internal.misc.Unsafe.park(Native Method)
        at java.base@17.0.12/java.util.concurrent.locks.LockSupport.parkNanos(LockSupport.java:252)
        at java.base@17.0.12/java.util.concurrent.locks.AbstractQueuedSynchronizer$ConditionObject.awaitNanos(AbstractQueuedSynchronizer.java:1674)
        at java.base@17.0.12/java.util.concurrent.LinkedBlockingQueue.poll(LinkedBlockingQueue.java:460)
        at app//org.apache.hadoop.ipc.CallQueueManager.take(CallQueueManager.java:317)
        at app//org.apache.hadoop.ipc.Server$Handler.run(Server.java:3014)
"IPC Server handler 39 on default port 15009" daemon prio=5 tid=558 timed_waiting
java.lang.Thread.State: TIMED_WAITING
        at java.base@17.0.12/jdk.internal.misc.Unsafe.park(Native Method)
        at java.base@17.0.12/java.util.concurrent.locks.LockSupport.parkNanos(LockSupport.java:252)
        at java.base@17.0.12/java.util.concurrent.locks.AbstractQueuedSynchronizer$ConditionObject.awaitNanos(AbstractQueuedSynchronizer.java:1674)
        at java.base@17.0.12/java.util.concurrent.LinkedBlockingQueue.poll(LinkedBlockingQueue.java:460)
        at app//org.apache.hadoop.ipc.CallQueueManager.take(CallQueueManager.java:317)
        at app//org.apache.hadoop.ipc.Server$Handler.run(Server.java:3014)
"3ccd597d-6672-4b12-926e-746f973e87fb-DatanodeReportManager-0" daemon prio=5 tid=758 timed_waiting
java.lang.Thread.State: TIMED_WAITING
        at java.base@17.0.12/jdk.internal.misc.Unsafe.park(Native Method)
        at java.base@17.0.12/java.util.concurrent.locks.LockSupport.parkNanos(LockSupport.java:252)
        at java.base@17.0.12/java.util.concurrent.locks.AbstractQueuedSynchronizer$ConditionObject.awaitNanos(AbstractQueuedSynchronizer.java:1674)
        at java.base@17.0.12/java.util.concurrent.ScheduledThreadPoolExecutor$DelayedWorkQueue.take(ScheduledThreadPoolExecutor.java:1182)
        at java.base@17.0.12/java.util.concurrent.ScheduledThreadPoolExecutor$DelayedWorkQueue.take(ScheduledThreadPoolExecutor.java:899)
        at java.base@17.0.12/java.util.concurrent.ThreadPoolExecutor.getTask(ThreadPoolExecutor.java:1062)
        at java.base@17.0.12/java.util.concurrent.ThreadPoolExecutor.runWorker(ThreadPoolExecutor.java:1122)
        at java.base@17.0.12/java.util.concurrent.ThreadPoolExecutor$Worker.run(ThreadPoolExecutor.java:635)
        at java.base@17.0.12/java.lang.Thread.run(Thread.java:840)
"IPC Server handler 98 on default port 15001" daemon prio=5 tid=284 timed_waiting
java.lang.Thread.State: TIMED_WAITING
        at java.base@17.0.12/jdk.internal.misc.Unsafe.park(Native Method)
        at java.base@17.0.12/java.util.concurrent.locks.LockSupport.parkNanos(LockSupport.java:252)
        at java.base@17.0.12/java.util.concurrent.locks.AbstractQueuedSynchronizer$ConditionObject.awaitNanos(AbstractQueuedSynchronizer.java:1674)
        at java.base@17.0.12/java.util.concurrent.LinkedBlockingQueue.poll(LinkedBlockingQueue.java:460)
        at app//org.apache.hadoop.ipc.CallQueueManager.take(CallQueueManager.java:317)
        at app//org.apache.hadoop.ipc.Server$Handler.run(Server.java:3014)
"IPC Server handler 38 on default port 15000" daemon prio=5 tid=124 timed_waiting
java.lang.Thread.State: TIMED_WAITING
        at java.base@17.0.12/jdk.internal.misc.Unsafe.park(Native Method)
        at java.base@17.0.12/java.util.concurrent.locks.LockSupport.parkNanos(LockSupport.java:252)
        at java.base@17.0.12/java.util.concurrent.locks.AbstractQueuedSynchronizer$ConditionObject.awaitNanos(AbstractQueuedSynchronizer.java:1674)
        at java.base@17.0.12/java.util.concurrent.LinkedBlockingQueue.poll(LinkedBlockingQueue.java:460)
        at app//org.apache.hadoop.ipc.CallQueueManager.take(CallQueueManager.java:317)
        at app//org.apache.hadoop.ipc.Server$Handler.run(Server.java:3014)
"IPC Server handler 7 on default port 15001" daemon prio=5 tid=193 timed_waiting
java.lang.Thread.State: TIMED_WAITING
        at java.base@17.0.12/jdk.internal.misc.Unsafe.park(Native Method)
        at java.base@17.0.12/java.util.concurrent.locks.LockSupport.parkNanos(LockSupport.java:252)
        at java.base@17.0.12/java.util.concurrent.locks.AbstractQueuedSynchronizer$ConditionObject.awaitNanos(AbstractQueuedSynchronizer.java:1674)
        at java.base@17.0.12/java.util.concurrent.LinkedBlockingQueue.poll(LinkedBlockingQueue.java:460)
        at app//org.apache.hadoop.ipc.CallQueueManager.take(CallQueueManager.java:317)
        at app//org.apache.hadoop.ipc.Server$Handler.run(Server.java:3014)
"om1-DirectoryDeletingService#0" daemon prio=5 tid=437 timed_waiting
java.lang.Thread.State: TIMED_WAITING
        at java.base@17.0.12/jdk.internal.misc.Unsafe.park(Native Method)
        at java.base@17.0.12/java.util.concurrent.locks.LockSupport.parkNanos(LockSupport.java:252)
        at java.base@17.0.12/java.util.concurrent.locks.AbstractQueuedSynchronizer$ConditionObject.awaitNanos(AbstractQueuedSynchronizer.java:1674)
        at java.base@17.0.12/java.util.concurrent.ScheduledThreadPoolExecutor$DelayedWorkQueue.take(ScheduledThreadPoolExecutor.java:1182)
        at java.base@17.0.12/java.util.concurrent.ScheduledThreadPoolExecutor$DelayedWorkQueue.take(ScheduledThreadPoolExecutor.java:899)
        at java.base@17.0.12/java.util.concurrent.ThreadPoolExecutor.getTask(ThreadPoolExecutor.java:1062)
        at java.base@17.0.12/java.util.concurrent.ThreadPoolExecutor.runWorker(ThreadPoolExecutor.java:1122)
        at java.base@17.0.12/java.util.concurrent.ThreadPoolExecutor$Worker.run(ThreadPoolExecutor.java:635)
        at java.base@17.0.12/java.lang.Thread.run(Thread.java:840)
"IPC Server handler 40 on default port 15009" daemon prio=5 tid=559 timed_waiting
java.lang.Thread.State: TIMED_WAITING
        at java.base@17.0.12/jdk.internal.misc.Unsafe.park(Native Method)
        at java.base@17.0.12/java.util.concurrent.locks.LockSupport.parkNanos(LockSupport.java:252)
        at java.base@17.0.12/java.util.concurrent.locks.AbstractQueuedSynchronizer$ConditionObject.awaitNanos(AbstractQueuedSynchronizer.java:1674)
        at java.base@17.0.12/java.util.concurrent.LinkedBlockingQueue.poll(LinkedBlockingQueue.java:460)
        at app//org.apache.hadoop.ipc.CallQueueManager.take(CallQueueManager.java:317)
        at app//org.apache.hadoop.ipc.Server$Handler.run(Server.java:3014)
"f24c48c6-4a91-44a4-ae9a-fb063e2dd958@group-3A08AF1FB2FD-FollowerState" daemon prio=5 tid=985 timed_waiting
java.lang.Thread.State: TIMED_WAITING
        at java.base@17.0.12/java.lang.Thread.sleep(Native Method)
        at java.base@17.0.12/java.lang.Thread.sleep(Thread.java:344)
        at java.base@17.0.12/java.util.concurrent.TimeUnit.sleep(TimeUnit.java:446)
        at app//org.apache.ratis.util.TimeDuration.sleep(TimeDuration.java:353)
        at app//org.apache.ratis.util.TimeDuration.sleep(TimeDuration.java:338)
        at app//org.apache.ratis.server.impl.FollowerState.run(FollowerState.java:129)
"89da30bd-cbf9-4a7b-a1ff-1f6963324f22@group-3A08AF1FB2FD-cacheEviction-AwaitToRun" daemon prio=5 tid=929 in Object.wait()
java.lang.Thread.State: WAITING (on object monitor)
        at java.base@17.0.12/jdk.internal.misc.Unsafe.park(Native Method)
        at java.base@17.0.12/java.util.concurrent.locks.LockSupport.park(LockSupport.java:341)
        at java.base@17.0.12/java.util.concurrent.locks.AbstractQueuedSynchronizer$ConditionNode.block(AbstractQueuedSynchronizer.java:506)
        at java.base@17.0.12/java.util.concurrent.ForkJoinPool.unmanagedBlock(ForkJoinPool.java:3465)
        at java.base@17.0.12/java.util.concurrent.ForkJoinPool.managedBlock(ForkJoinPool.java:3436)
        at java.base@17.0.12/java.util.concurrent.locks.AbstractQueuedSynchronizer$ConditionObject.await(AbstractQueuedSynchronizer.java:1625)
        at app//org.apache.ratis.util.AwaitForSignal.await(AwaitForSignal.java:48)
        at app//org.apache.ratis.util.AwaitToRun$RunnableImpl.run(AwaitToRun.java:47)
        at java.base@17.0.12/java.lang.Thread.run(Thread.java:840)
"IPC Server handler 77 on default port 15002" daemon prio=5 tid=363 timed_waiting
java.lang.Thread.State: TIMED_WAITING
        at java.base@17.0.12/jdk.internal.misc.Unsafe.park(Native Method)
        at java.base@17.0.12/java.util.concurrent.locks.LockSupport.parkNanos(LockSupport.java:252)
        at java.base@17.0.12/java.util.concurrent.locks.AbstractQueuedSynchronizer$ConditionObject.awaitNanos(AbstractQueuedSynchronizer.java:1674)
        at java.base@17.0.12/java.util.concurrent.LinkedBlockingQueue.poll(LinkedBlockingQueue.java:460)
        at app//org.apache.hadoop.ipc.CallQueueManager.take(CallQueueManager.java:317)
        at app//org.apache.hadoop.ipc.Server$Handler.run(Server.java:3014)
"Attach Listener" daemon prio=9 tid=472 runnable
java.lang.Thread.State: RUNNABLE
"org.apache.hadoop.ozone.container.common.statemachine.commandhandler.DeleteBlocksCommandHandler$DeleteCmdWorker@60f6a081" daemon prio=5 tid=676 timed_waiting
java.lang.Thread.State: TIMED_WAITING
        at java.base@17.0.12/java.lang.Thread.sleep(Native Method)
        at app//org.apache.hadoop.ozone.container.common.statemachine.commandhandler.DeleteBlocksCommandHandler$DeleteCmdWorker.run(DeleteBlocksCommandHandler.java:259)
        at java.base@17.0.12/java.lang.Thread.run(Thread.java:840)
"IPC Server handler 8 on default port 15012" daemon prio=5 tid=663 timed_waiting
java.lang.Thread.State: TIMED_WAITING
        at java.base@17.0.12/jdk.internal.misc.Unsafe.park(Native Method)
        at java.base@17.0.12/java.util.concurrent.locks.LockSupport.parkNanos(LockSupport.java:252)
        at java.base@17.0.12/java.util.concurrent.locks.AbstractQueuedSynchronizer$ConditionObject.awaitNanos(AbstractQueuedSynchronizer.java:1674)
        at java.base@17.0.12/java.util.concurrent.LinkedBlockingQueue.poll(LinkedBlockingQueue.java:460)
        at app//org.apache.hadoop.ipc.CallQueueManager.take(CallQueueManager.java:317)
        at app//org.apache.hadoop.ipc.Server$Handler.run(Server.java:3014)
"IPC Server handler 63 on default port 15000" daemon prio=5 tid=149 timed_waiting
java.lang.Thread.State: TIMED_WAITING
        at java.base@17.0.12/jdk.internal.misc.Unsafe.park(Native Method)
        at java.base@17.0.12/java.util.concurrent.locks.LockSupport.parkNanos(LockSupport.java:252)
        at java.base@17.0.12/java.util.concurrent.locks.AbstractQueuedSynchronizer$ConditionObject.awaitNanos(AbstractQueuedSynchronizer.java:1674)
        at java.base@17.0.12/java.util.concurrent.LinkedBlockingQueue.poll(LinkedBlockingQueue.java:460)
        at app//org.apache.hadoop.ipc.CallQueueManager.take(CallQueueManager.java:317)
        at app//org.apache.hadoop.ipc.Server$Handler.run(Server.java:3014)
"IPC Server handler 82 on default port 15009" daemon prio=5 tid=601 timed_waiting
java.lang.Thread.State: TIMED_WAITING
        at java.base@17.0.12/jdk.internal.misc.Unsafe.park(Native Method)
        at java.base@17.0.12/java.util.concurrent.locks.LockSupport.parkNanos(LockSupport.java:252)
        at java.base@17.0.12/java.util.concurrent.locks.AbstractQueuedSynchronizer$ConditionObject.awaitNanos(AbstractQueuedSynchronizer.java:1674)
        at java.base@17.0.12/java.util.concurrent.LinkedBlockingQueue.poll(LinkedBlockingQueue.java:460)
        at app//org.apache.hadoop.ipc.CallQueueManager.take(CallQueueManager.java:317)
        at app//org.apache.hadoop.ipc.Server$Handler.run(Server.java:3014)
"IPC Server handler 23 on default port 15001" daemon prio=5 tid=209 timed_waiting
java.lang.Thread.State: TIMED_WAITING
        at java.base@17.0.12/jdk.internal.misc.Unsafe.park(Native Method)
        at java.base@17.0.12/java.util.concurrent.locks.LockSupport.parkNanos(LockSupport.java:252)
        at java.base@17.0.12/java.util.concurrent.locks.AbstractQueuedSynchronizer$ConditionObject.awaitNanos(AbstractQueuedSynchronizer.java:1674)
        at java.base@17.0.12/java.util.concurrent.LinkedBlockingQueue.poll(LinkedBlockingQueue.java:460)
        at app//org.apache.hadoop.ipc.CallQueueManager.take(CallQueueManager.java:317)
        at app//org.apache.hadoop.ipc.Server$Handler.run(Server.java:3014)
"IPC Server handler 94 on default port 15001" daemon prio=5 tid=280 timed_waiting
java.lang.Thread.State: TIMED_WAITING
        at java.base@17.0.12/jdk.internal.misc.Unsafe.park(Native Method)
        at java.base@17.0.12/java.util.concurrent.locks.LockSupport.parkNanos(LockSupport.java:252)
        at java.base@17.0.12/java.util.concurrent.locks.AbstractQueuedSynchronizer$ConditionObject.awaitNanos(AbstractQueuedSynchronizer.java:1674)
        at java.base@17.0.12/java.util.concurrent.LinkedBlockingQueue.poll(LinkedBlockingQueue.java:460)
        at app//org.apache.hadoop.ipc.CallQueueManager.take(CallQueueManager.java:317)
        at app//org.apache.hadoop.ipc.Server$Handler.run(Server.java:3014)
"IPC Server handler 1 on default port 15000" daemon prio=5 tid=87 timed_waiting
java.lang.Thread.State: TIMED_WAITING
        at java.base@17.0.12/jdk.internal.misc.Unsafe.park(Native Method)
        at java.base@17.0.12/java.util.concurrent.locks.LockSupport.parkNanos(LockSupport.java:252)
        at java.base@17.0.12/java.util.concurrent.locks.AbstractQueuedSynchronizer$ConditionObject.awaitNanos(AbstractQueuedSynchronizer.java:1674)
        at java.base@17.0.12/java.util.concurrent.LinkedBlockingQueue.poll(LinkedBlockingQueue.java:460)
        at app//org.apache.hadoop.ipc.CallQueueManager.take(CallQueueManager.java:317)
        at app//org.apache.hadoop.ipc.Server$Handler.run(Server.java:3014)
"IPC Server handler 72 on default port 15001" daemon prio=5 tid=258 timed_waiting
java.lang.Thread.State: TIMED_WAITING
        at java.base@17.0.12/jdk.internal.misc.Unsafe.park(Native Method)
        at java.base@17.0.12/java.util.concurrent.locks.LockSupport.parkNanos(LockSupport.java:252)
        at java.base@17.0.12/java.util.concurrent.locks.AbstractQueuedSynchronizer$ConditionObject.awaitNanos(AbstractQueuedSynchronizer.java:1674)
        at java.base@17.0.12/java.util.concurrent.LinkedBlockingQueue.poll(LinkedBlockingQueue.java:460)
        at app//org.apache.hadoop.ipc.CallQueueManager.take(CallQueueManager.java:317)
        at app//org.apache.hadoop.ipc.Server$Handler.run(Server.java:3014)
"qtp1907999535-727" daemon prio=5 tid=727 timed_waiting
java.lang.Thread.State: TIMED_WAITING
        at java.base@17.0.12/jdk.internal.misc.Unsafe.park(Native Method)
        at java.base@17.0.12/java.util.concurrent.locks.LockSupport.parkNanos(LockSupport.java:252)
        at java.base@17.0.12/java.util.concurrent.locks.AbstractQueuedSynchronizer$ConditionObject.awaitNanos(AbstractQueuedSynchronizer.java:1674)
        at app//org.eclipse.jetty.util.BlockingArrayQueue.poll(BlockingArrayQueue.java:382)
        at app//org.eclipse.jetty.util.thread.QueuedThreadPool$Runner.idleJobPoll(QueuedThreadPool.java:974)
        at app//org.eclipse.jetty.util.thread.QueuedThreadPool$Runner.run(QueuedThreadPool.java:1018)
        at java.base@17.0.12/java.lang.Thread.run(Thread.java:840)
"EventQueue-PipelineReportForOneReplicaPipelineSafeModeRule" daemon prio=5 tid=897 in Object.wait()
java.lang.Thread.State: WAITING (on object monitor)
        at java.base@17.0.12/jdk.internal.misc.Unsafe.park(Native Method)
        at java.base@17.0.12/java.util.concurrent.locks.LockSupport.park(LockSupport.java:341)
        at java.base@17.0.12/java.util.concurrent.locks.AbstractQueuedSynchronizer$ConditionNode.block(AbstractQueuedSynchronizer.java:506)
        at java.base@17.0.12/java.util.concurrent.ForkJoinPool.unmanagedBlock(ForkJoinPool.java:3465)
        at java.base@17.0.12/java.util.concurrent.ForkJoinPool.managedBlock(ForkJoinPool.java:3436)
        at java.base@17.0.12/java.util.concurrent.locks.AbstractQueuedSynchronizer$ConditionObject.await(AbstractQueuedSynchronizer.java:1625)
        at java.base@17.0.12/java.util.concurrent.LinkedBlockingQueue.take(LinkedBlockingQueue.java:435)
        at java.base@17.0.12/java.util.concurrent.ThreadPoolExecutor.getTask(ThreadPoolExecutor.java:1062)
        at java.base@17.0.12/java.util.concurrent.ThreadPoolExecutor.runWorker(ThreadPoolExecutor.java:1122)
        at java.base@17.0.12/java.util.concurrent.ThreadPoolExecutor$Worker.run(ThreadPoolExecutor.java:635)
        at java.base@17.0.12/java.lang.Thread.run(Thread.java:840)
"IPC Server handler 42 on default port 15009" daemon prio=5 tid=561 timed_waiting
java.lang.Thread.State: TIMED_WAITING
        at java.base@17.0.12/jdk.internal.misc.Unsafe.park(Native Method)
        at java.base@17.0.12/java.util.concurrent.locks.LockSupport.parkNanos(LockSupport.java:252)
        at java.base@17.0.12/java.util.concurrent.locks.AbstractQueuedSynchronizer$ConditionObject.awaitNanos(AbstractQueuedSynchronizer.java:1674)
        at java.base@17.0.12/java.util.concurrent.LinkedBlockingQueue.poll(LinkedBlockingQueue.java:460)
        at app//org.apache.hadoop.ipc.CallQueueManager.take(CallQueueManager.java:317)
        at app//org.apache.hadoop.ipc.Server$Handler.run(Server.java:3014)
"IPC Server handler 87 on default port 15001" daemon prio=5 tid=273 timed_waiting
java.lang.Thread.State: TIMED_WAITING
        at java.base@17.0.12/jdk.internal.misc.Unsafe.park(Native Method)
        at java.base@17.0.12/java.util.concurrent.locks.LockSupport.parkNanos(LockSupport.java:252)
        at java.base@17.0.12/java.util.concurrent.locks.AbstractQueuedSynchronizer$ConditionObject.awaitNanos(AbstractQueuedSynchronizer.java:1674)
        at java.base@17.0.12/java.util.concurrent.LinkedBlockingQueue.poll(LinkedBlockingQueue.java:460)
        at app//org.apache.hadoop.ipc.CallQueueManager.take(CallQueueManager.java:317)
        at app//org.apache.hadoop.ipc.Server$Handler.run(Server.java:3014)
"IPC Server handler 64 on default port 15002" daemon prio=5 tid=350 timed_waiting
java.lang.Thread.State: TIMED_WAITING
        at java.base@17.0.12/jdk.internal.misc.Unsafe.park(Native Method)
        at java.base@17.0.12/java.util.concurrent.locks.LockSupport.parkNanos(LockSupport.java:252)
        at java.base@17.0.12/java.util.concurrent.locks.AbstractQueuedSynchronizer$ConditionObject.awaitNanos(AbstractQueuedSynchronizer.java:1674)
        at java.base@17.0.12/java.util.concurrent.LinkedBlockingQueue.poll(LinkedBlockingQueue.java:460)
        at app//org.apache.hadoop.ipc.CallQueueManager.take(CallQueueManager.java:317)
        at app//org.apache.hadoop.ipc.Server$Handler.run(Server.java:3014)
"f24c48c6-4a91-44a4-ae9a-fb063e2dd958-ChunkWriter-1-0" daemon prio=5 tid=824 in Object.wait()
java.lang.Thread.State: WAITING (on object monitor)
        at java.base@17.0.12/jdk.internal.misc.Unsafe.park(Native Method)
        at java.base@17.0.12/java.util.concurrent.locks.LockSupport.park(LockSupport.java:341)
        at java.base@17.0.12/java.util.concurrent.locks.AbstractQueuedSynchronizer$ConditionNode.block(AbstractQueuedSynchronizer.java:506)
        at java.base@17.0.12/java.util.concurrent.ForkJoinPool.unmanagedBlock(ForkJoinPool.java:3465)
        at java.base@17.0.12/java.util.concurrent.ForkJoinPool.managedBlock(ForkJoinPool.java:3436)
        at java.base@17.0.12/java.util.concurrent.locks.AbstractQueuedSynchronizer$ConditionObject.await(AbstractQueuedSynchronizer.java:1625)
        at java.base@17.0.12/java.util.concurrent.LinkedBlockingDeque.takeFirst(LinkedBlockingDeque.java:485)
        at java.base@17.0.12/java.util.concurrent.LinkedBlockingDeque.take(LinkedBlockingDeque.java:673)
        at java.base@17.0.12/java.util.concurrent.ThreadPoolExecutor.getTask(ThreadPoolExecutor.java:1062)
        at java.base@17.0.12/java.util.concurrent.ThreadPoolExecutor.runWorker(ThreadPoolExecutor.java:1122)
        at java.base@17.0.12/java.util.concurrent.ThreadPoolExecutor$Worker.run(ThreadPoolExecutor.java:635)
        at java.base@17.0.12/java.lang.Thread.run(Thread.java:840)
"Socket Reader #2 for port 15000"  prio=5 tid=63 runnable
java.lang.Thread.State: RUNNABLE
        at java.base@17.0.12/sun.nio.ch.EPoll.wait(Native Method)
        at java.base@17.0.12/sun.nio.ch.EPollSelectorImpl.doSelect(EPollSelectorImpl.java:118)
        at java.base@17.0.12/sun.nio.ch.SelectorImpl.lockAndDoSelect(SelectorImpl.java:129)
        at java.base@17.0.12/sun.nio.ch.SelectorImpl.select(SelectorImpl.java:146)
        at app//org.apache.hadoop.ipc.Server$Listener$Reader.doRunLoop(Server.java:1346)
        at app//org.apache.hadoop.ipc.Server$Listener$Reader.run(Server.java:1325)
"ExpiredContainerReplicaOpScrubber" daemon prio=5 tid=28 timed_waiting
java.lang.Thread.State: TIMED_WAITING
        at java.base@17.0.12/java.lang.Object.wait(Native Method)
        at app//org.apache.hadoop.hdds.scm.ha.BackgroundSCMService.run(BackgroundSCMService.java:107)
        at app//org.apache.hadoop.hdds.scm.ha.BackgroundSCMService$$Lambda$675/0x00007f7030369410.run(Unknown Source)
        at java.base@17.0.12/java.lang.Thread.run(Thread.java:840)
"Socket Reader #6 for port 15001"  prio=5 tid=53 runnable
java.lang.Thread.State: RUNNABLE
        at java.base@17.0.12/sun.nio.ch.EPoll.wait(Native Method)
        at java.base@17.0.12/sun.nio.ch.EPollSelectorImpl.doSelect(EPollSelectorImpl.java:118)
        at java.base@17.0.12/sun.nio.ch.SelectorImpl.lockAndDoSelect(SelectorImpl.java:129)
        at java.base@17.0.12/sun.nio.ch.SelectorImpl.select(SelectorImpl.java:146)
        at app//org.apache.hadoop.ipc.Server$Listener$Reader.doRunLoop(Server.java:1346)
        at app//org.apache.hadoop.ipc.Server$Listener$Reader.run(Server.java:1325)
"IPC Server handler 63 on default port 15002" daemon prio=5 tid=349 timed_waiting
java.lang.Thread.State: TIMED_WAITING
        at java.base@17.0.12/jdk.internal.misc.Unsafe.park(Native Method)
        at java.base@17.0.12/java.util.concurrent.locks.LockSupport.parkNanos(LockSupport.java:252)
        at java.base@17.0.12/java.util.concurrent.locks.AbstractQueuedSynchronizer$ConditionObject.awaitNanos(AbstractQueuedSynchronizer.java:1674)
        at java.base@17.0.12/java.util.concurrent.LinkedBlockingQueue.poll(LinkedBlockingQueue.java:460)
        at app//org.apache.hadoop.ipc.CallQueueManager.take(CallQueueManager.java:317)
        at app//org.apache.hadoop.ipc.Server$Handler.run(Server.java:3014)
"qtp1058878861-639" daemon prio=5 tid=639 timed_waiting
java.lang.Thread.State: TIMED_WAITING
        at java.base@17.0.12/jdk.internal.misc.Unsafe.park(Native Method)
        at java.base@17.0.12/java.util.concurrent.locks.LockSupport.parkNanos(LockSupport.java:252)
        at java.base@17.0.12/java.util.concurrent.locks.AbstractQueuedSynchronizer$ConditionObject.awaitNanos(AbstractQueuedSynchronizer.java:1674)
        at app//org.eclipse.jetty.util.BlockingArrayQueue.poll(BlockingArrayQueue.java:382)
        at app//org.eclipse.jetty.util.thread.QueuedThreadPool$Runner.idleJobPoll(QueuedThreadPool.java:974)
        at app//org.eclipse.jetty.util.thread.QueuedThreadPool$Runner.run(QueuedThreadPool.java:1018)
        at java.base@17.0.12/java.lang.Thread.run(Thread.java:840)
"IPC Server handler 64 on default port 15001" daemon prio=5 tid=250 timed_waiting
java.lang.Thread.State: TIMED_WAITING
        at java.base@17.0.12/jdk.internal.misc.Unsafe.park(Native Method)
        at java.base@17.0.12/java.util.concurrent.locks.LockSupport.parkNanos(LockSupport.java:252)
        at java.base@17.0.12/java.util.concurrent.locks.AbstractQueuedSynchronizer$ConditionObject.awaitNanos(AbstractQueuedSynchronizer.java:1674)
        at java.base@17.0.12/java.util.concurrent.LinkedBlockingQueue.poll(LinkedBlockingQueue.java:460)
        at app//org.apache.hadoop.ipc.CallQueueManager.take(CallQueueManager.java:317)
        at app//org.apache.hadoop.ipc.Server$Handler.run(Server.java:3014)
"Socket Reader #9 for port 15004"  prio=5 tid=420 runnable
java.lang.Thread.State: RUNNABLE
        at java.base@17.0.12/sun.nio.ch.EPoll.wait(Native Method)
        at java.base@17.0.12/sun.nio.ch.EPollSelectorImpl.doSelect(EPollSelectorImpl.java:118)
        at java.base@17.0.12/sun.nio.ch.SelectorImpl.lockAndDoSelect(SelectorImpl.java:129)
        at java.base@17.0.12/sun.nio.ch.SelectorImpl.select(SelectorImpl.java:146)
        at app//org.apache.hadoop.ipc.Server$Listener$Reader.doRunLoop(Server.java:1346)
        at app//org.apache.hadoop.ipc.Server$Listener$Reader.run(Server.java:1325)
"prometheus" daemon prio=5 tid=399 in Object.wait()
java.lang.Thread.State: WAITING (on object monitor)
        at java.base@17.0.12/java.lang.Object.wait(Native Method)
        at java.base@17.0.12/java.lang.Object.wait(Object.java:338)
        at app//org.apache.hadoop.metrics2.impl.SinkQueue.waitForData(SinkQueue.java:114)
        at app//org.apache.hadoop.metrics2.impl.SinkQueue.consumeAll(SinkQueue.java:83)
        at app//org.apache.hadoop.metrics2.impl.MetricsSinkAdapter.publishMetricsFromQueue(MetricsSinkAdapter.java:135)
        at app//org.apache.hadoop.metrics2.impl.MetricsSinkAdapter$1.run(MetricsSinkAdapter.java:89)
"IPC Server handler 98 on default port 15009" daemon prio=5 tid=617 timed_waiting
java.lang.Thread.State: TIMED_WAITING
        at java.base@17.0.12/jdk.internal.misc.Unsafe.park(Native Method)
        at java.base@17.0.12/java.util.concurrent.locks.LockSupport.parkNanos(LockSupport.java:252)
        at java.base@17.0.12/java.util.concurrent.locks.AbstractQueuedSynchronizer$ConditionObject.awaitNanos(AbstractQueuedSynchronizer.java:1674)
        at java.base@17.0.12/java.util.concurrent.LinkedBlockingQueue.poll(LinkedBlockingQueue.java:460)
        at app//org.apache.hadoop.ipc.CallQueueManager.take(CallQueueManager.java:317)
        at app//org.apache.hadoop.ipc.Server$Handler.run(Server.java:3014)
"f24c48c6-4a91-44a4-ae9a-fb063e2dd958@group-3A08AF1FB2FD-StateMachineUpdater" daemon prio=5 tid=909 timed_waiting
java.lang.Thread.State: TIMED_WAITING
        at java.base@17.0.12/jdk.internal.misc.Unsafe.park(Native Method)
        at java.base@17.0.12/java.util.concurrent.locks.LockSupport.parkNanos(LockSupport.java:252)
        at java.base@17.0.12/java.util.concurrent.locks.AbstractQueuedSynchronizer$ConditionObject.await(AbstractQueuedSynchronizer.java:1759)
        at app//org.apache.ratis.util.AwaitForSignal.await(AwaitForSignal.java:65)
        at app//org.apache.ratis.server.impl.StateMachineUpdater.waitForCommit(StateMachineUpdater.java:219)
        at app//org.apache.ratis.server.impl.StateMachineUpdater.run(StateMachineUpdater.java:187)
        at java.base@17.0.12/java.lang.Thread.run(Thread.java:840)
"IPC Server handler 67 on default port 15002" daemon prio=5 tid=353 timed_waiting
java.lang.Thread.State: TIMED_WAITING
        at java.base@17.0.12/jdk.internal.misc.Unsafe.park(Native Method)
        at java.base@17.0.12/java.util.concurrent.locks.LockSupport.parkNanos(LockSupport.java:252)
        at java.base@17.0.12/java.util.concurrent.locks.AbstractQueuedSynchronizer$ConditionObject.awaitNanos(AbstractQueuedSynchronizer.java:1674)
        at java.base@17.0.12/java.util.concurrent.LinkedBlockingQueue.poll(LinkedBlockingQueue.java:460)
        at app//org.apache.hadoop.ipc.CallQueueManager.take(CallQueueManager.java:317)
        at app//org.apache.hadoop.ipc.Server$Handler.run(Server.java:3014)
"IPC Server handler 12 on default port 15001" daemon prio=5 tid=198 timed_waiting
java.lang.Thread.State: TIMED_WAITING
        at java.base@17.0.12/jdk.internal.misc.Unsafe.park(Native Method)
        at java.base@17.0.12/java.util.concurrent.locks.LockSupport.parkNanos(LockSupport.java:252)
        at java.base@17.0.12/java.util.concurrent.locks.AbstractQueuedSynchronizer$ConditionObject.awaitNanos(AbstractQueuedSynchronizer.java:1674)
        at java.base@17.0.12/java.util.concurrent.LinkedBlockingQueue.poll(LinkedBlockingQueue.java:460)
        at app//org.apache.hadoop.ipc.CallQueueManager.take(CallQueueManager.java:317)
        at app//org.apache.hadoop.ipc.Server$Handler.run(Server.java:3014)
"om1-KeyDeletingService#0" daemon prio=5 tid=436 timed_waiting
java.lang.Thread.State: TIMED_WAITING
        at java.base@17.0.12/jdk.internal.misc.Unsafe.park(Native Method)
        at java.base@17.0.12/java.util.concurrent.locks.LockSupport.parkNanos(LockSupport.java:252)
        at java.base@17.0.12/java.util.concurrent.locks.AbstractQueuedSynchronizer$ConditionObject.awaitNanos(AbstractQueuedSynchronizer.java:1674)
        at java.base@17.0.12/java.util.concurrent.ScheduledThreadPoolExecutor$DelayedWorkQueue.take(ScheduledThreadPoolExecutor.java:1182)
        at java.base@17.0.12/java.util.concurrent.ScheduledThreadPoolExecutor$DelayedWorkQueue.take(ScheduledThreadPoolExecutor.java:899)
        at java.base@17.0.12/java.util.concurrent.ThreadPoolExecutor.getTask(ThreadPoolExecutor.java:1062)
        at java.base@17.0.12/java.util.concurrent.ThreadPoolExecutor.runWorker(ThreadPoolExecutor.java:1122)
        at java.base@17.0.12/java.util.concurrent.ThreadPoolExecutor$Worker.run(ThreadPoolExecutor.java:635)
        at java.base@17.0.12/java.lang.Thread.run(Thread.java:840)
"JvmPauseMonitor2" daemon prio=5 tid=624 timed_waiting
java.lang.Thread.State: TIMED_WAITING
        at java.base@17.0.12/java.lang.Thread.sleep(Native Method)
        at java.base@17.0.12/java.lang.Thread.sleep(Thread.java:344)
        at java.base@17.0.12/java.util.concurrent.TimeUnit.sleep(TimeUnit.java:446)
        at app//org.apache.ratis.util.TimeDuration.sleep(TimeDuration.java:353)
        at app//org.apache.ratis.util.TimeDuration.sleep(TimeDuration.java:338)
        at app//org.apache.ratis.util.JvmPauseMonitor.detectPause(JvmPauseMonitor.java:160)
        at app//org.apache.ratis.util.JvmPauseMonitor.run(JvmPauseMonitor.java:149)
        at app//org.apache.ratis.util.JvmPauseMonitor$$Lambda$781/0x00007f70304f5d20.run(Unknown Source)
        at java.base@17.0.12/java.lang.Thread.run(Thread.java:840)
"om1-MultipartUploadCleanupService#0" daemon prio=5 tid=441 timed_waiting
java.lang.Thread.State: TIMED_WAITING
        at java.base@17.0.12/jdk.internal.misc.Unsafe.park(Native Method)
        at java.base@17.0.12/java.util.concurrent.locks.LockSupport.parkNanos(LockSupport.java:252)
        at java.base@17.0.12/java.util.concurrent.locks.AbstractQueuedSynchronizer$ConditionObject.awaitNanos(AbstractQueuedSynchronizer.java:1674)
        at java.base@17.0.12/java.util.concurrent.ScheduledThreadPoolExecutor$DelayedWorkQueue.take(ScheduledThreadPoolExecutor.java:1182)
        at java.base@17.0.12/java.util.concurrent.ScheduledThreadPoolExecutor$DelayedWorkQueue.take(ScheduledThreadPoolExecutor.java:899)
        at java.base@17.0.12/java.util.concurrent.ThreadPoolExecutor.getTask(ThreadPoolExecutor.java:1062)
        at java.base@17.0.12/java.util.concurrent.ThreadPoolExecutor.runWorker(ThreadPoolExecutor.java:1122)
        at java.base@17.0.12/java.util.concurrent.ThreadPoolExecutor$Worker.run(ThreadPoolExecutor.java:635)
        at java.base@17.0.12/java.lang.Thread.run(Thread.java:840)
"FullTableCache-Cleanup-0" daemon prio=5 tid=404 timed_waiting
java.lang.Thread.State: TIMED_WAITING
        at java.base@17.0.12/jdk.internal.misc.Unsafe.park(Native Method)
        at java.base@17.0.12/java.util.concurrent.locks.LockSupport.parkNanos(LockSupport.java:252)
        at java.base@17.0.12/java.util.concurrent.locks.AbstractQueuedSynchronizer$ConditionObject.awaitNanos(AbstractQueuedSynchronizer.java:1674)
        at java.base@17.0.12/java.util.concurrent.ScheduledThreadPoolExecutor$DelayedWorkQueue.take(ScheduledThreadPoolExecutor.java:1182)
        at java.base@17.0.12/java.util.concurrent.ScheduledThreadPoolExecutor$DelayedWorkQueue.take(ScheduledThreadPoolExecutor.java:899)
        at java.base@17.0.12/java.util.concurrent.ThreadPoolExecutor.getTask(ThreadPoolExecutor.java:1062)
        at java.base@17.0.12/java.util.concurrent.ThreadPoolExecutor.runWorker(ThreadPoolExecutor.java:1122)
        at java.base@17.0.12/java.util.concurrent.ThreadPoolExecutor$Worker.run(ThreadPoolExecutor.java:635)
        at java.base@17.0.12/java.lang.Thread.run(Thread.java:840)
"89da30bd-cbf9-4a7b-a1ff-1f6963324f22-PipelineCommandHandlerThread-0"  prio=5 tid=918 in Object.wait()
java.lang.Thread.State: WAITING (on object monitor)
        at java.base@17.0.12/jdk.internal.misc.Unsafe.park(Native Method)
        at java.base@17.0.12/java.util.concurrent.locks.LockSupport.park(LockSupport.java:341)
        at java.base@17.0.12/java.util.concurrent.locks.AbstractQueuedSynchronizer$ConditionNode.block(AbstractQueuedSynchronizer.java:506)
        at java.base@17.0.12/java.util.concurrent.ForkJoinPool.unmanagedBlock(ForkJoinPool.java:3465)
        at java.base@17.0.12/java.util.concurrent.ForkJoinPool.managedBlock(ForkJoinPool.java:3436)
        at java.base@17.0.12/java.util.concurrent.locks.AbstractQueuedSynchronizer$ConditionObject.await(AbstractQueuedSynchronizer.java:1625)
        at java.base@17.0.12/java.util.concurrent.LinkedBlockingQueue.take(LinkedBlockingQueue.java:435)
        at java.base@17.0.12/java.util.concurrent.ThreadPoolExecutor.getTask(ThreadPoolExecutor.java:1062)
        at java.base@17.0.12/java.util.concurrent.ThreadPoolExecutor.runWorker(ThreadPoolExecutor.java:1122)
        at java.base@17.0.12/java.util.concurrent.ThreadPoolExecutor$Worker.run(ThreadPoolExecutor.java:635)
        at java.base@17.0.12/java.lang.Thread.run(Thread.java:840)
"IPC Server handler 71 on default port 15000" daemon prio=5 tid=157 timed_waiting
java.lang.Thread.State: TIMED_WAITING
        at java.base@17.0.12/jdk.internal.misc.Unsafe.park(Native Method)
        at java.base@17.0.12/java.util.concurrent.locks.LockSupport.parkNanos(LockSupport.java:252)
        at java.base@17.0.12/java.util.concurrent.locks.AbstractQueuedSynchronizer$ConditionObject.awaitNanos(AbstractQueuedSynchronizer.java:1674)
        at java.base@17.0.12/java.util.concurrent.LinkedBlockingQueue.poll(LinkedBlockingQueue.java:460)
        at app//org.apache.hadoop.ipc.CallQueueManager.take(CallQueueManager.java:317)
        at app//org.apache.hadoop.ipc.Server$Handler.run(Server.java:3014)
"Socket Reader #10 for port 15012"  prio=5 tid=651 runnable
java.lang.Thread.State: RUNNABLE
        at java.base@17.0.12/sun.nio.ch.EPoll.wait(Native Method)
        at java.base@17.0.12/sun.nio.ch.EPollSelectorImpl.doSelect(EPollSelectorImpl.java:118)
        at java.base@17.0.12/sun.nio.ch.SelectorImpl.lockAndDoSelect(SelectorImpl.java:129)
        at java.base@17.0.12/sun.nio.ch.SelectorImpl.select(SelectorImpl.java:146)
        at app//org.apache.hadoop.ipc.Server$Listener$Reader.doRunLoop(Server.java:1346)
        at app//org.apache.hadoop.ipc.Server$Listener$Reader.run(Server.java:1325)
"89da30bd-cbf9-4a7b-a1ff-1f6963324f22-NettyServerStreamRpc-bossGroup--thread1"  prio=5 tid=674 runnable
java.lang.Thread.State: RUNNABLE
        at app//org.apache.ratis.thirdparty.io.netty.channel.epoll.Native.epollWait(Native Method)
        at app//org.apache.ratis.thirdparty.io.netty.channel.epoll.Native.epollWait(Native.java:220)
        at app//org.apache.ratis.thirdparty.io.netty.channel.epoll.Native.epollWait(Native.java:213)
        at app//org.apache.ratis.thirdparty.io.netty.channel.epoll.EpollEventLoop.epollWaitNoTimerChange(EpollEventLoop.java:308)
        at app//org.apache.ratis.thirdparty.io.netty.channel.epoll.EpollEventLoop.run(EpollEventLoop.java:365)
        at app//org.apache.ratis.thirdparty.io.netty.util.concurrent.SingleThreadEventExecutor$4.run(SingleThreadEventExecutor.java:997)
        at app//org.apache.ratis.thirdparty.io.netty.util.internal.ThreadExecutorMap$2.run(ThreadExecutorMap.java:74)
        at java.base@17.0.12/java.lang.Thread.run(Thread.java:840)
"qtp568168963-394" daemon prio=5 tid=394 timed_waiting
java.lang.Thread.State: TIMED_WAITING
        at java.base@17.0.12/jdk.internal.misc.Unsafe.park(Native Method)
        at java.base@17.0.12/java.util.concurrent.locks.LockSupport.parkNanos(LockSupport.java:252)
        at java.base@17.0.12/java.util.concurrent.locks.AbstractQueuedSynchronizer$ConditionObject.awaitNanos(AbstractQueuedSynchronizer.java:1674)
        at app//org.eclipse.jetty.util.BlockingArrayQueue.poll(BlockingArrayQueue.java:382)
        at app//org.eclipse.jetty.util.thread.QueuedThreadPool$Runner.idleJobPoll(QueuedThreadPool.java:974)
        at app//org.eclipse.jetty.util.thread.QueuedThreadPool$Runner.run(QueuedThreadPool.java:1018)
        at java.base@17.0.12/java.lang.Thread.run(Thread.java:840)
"IPC Server listener on 15002" daemon prio=5 tid=33 runnable
java.lang.Thread.State: RUNNABLE
        at java.base@17.0.12/sun.nio.ch.EPoll.wait(Native Method)
        at java.base@17.0.12/sun.nio.ch.EPollSelectorImpl.doSelect(EPollSelectorImpl.java:118)
        at java.base@17.0.12/sun.nio.ch.SelectorImpl.lockAndDoSelect(SelectorImpl.java:129)
        at java.base@17.0.12/sun.nio.ch.SelectorImpl.select(SelectorImpl.java:146)
        at app//org.apache.hadoop.ipc.Server$Listener.run(Server.java:1408)
"IPC Server handler 29 on default port 15002" daemon prio=5 tid=315 timed_waiting
java.lang.Thread.State: TIMED_WAITING
        at java.base@17.0.12/jdk.internal.misc.Unsafe.park(Native Method)
        at java.base@17.0.12/java.util.concurrent.locks.LockSupport.parkNanos(LockSupport.java:252)
        at java.base@17.0.12/java.util.concurrent.locks.AbstractQueuedSynchronizer$ConditionObject.awaitNanos(AbstractQueuedSynchronizer.java:1674)
        at java.base@17.0.12/java.util.concurrent.LinkedBlockingQueue.poll(LinkedBlockingQueue.java:460)
        at app//org.apache.hadoop.ipc.CallQueueManager.take(CallQueueManager.java:317)
        at app//org.apache.hadoop.ipc.Server$Handler.run(Server.java:3014)
"IPC Server handler 26 on default port 15001" daemon prio=5 tid=212 timed_waiting
java.lang.Thread.State: TIMED_WAITING
        at java.base@17.0.12/jdk.internal.misc.Unsafe.park(Native Method)
        at java.base@17.0.12/java.util.concurrent.locks.LockSupport.parkNanos(LockSupport.java:252)
        at java.base@17.0.12/java.util.concurrent.locks.AbstractQueuedSynchronizer$ConditionObject.awaitNanos(AbstractQueuedSynchronizer.java:1674)
        at java.base@17.0.12/java.util.concurrent.LinkedBlockingQueue.poll(LinkedBlockingQueue.java:460)
        at app//org.apache.hadoop.ipc.CallQueueManager.take(CallQueueManager.java:317)
        at app//org.apache.hadoop.ipc.Server$Handler.run(Server.java:3014)
"IPC Server handler 20 on default port 15002" daemon prio=5 tid=306 timed_waiting
java.lang.Thread.State: TIMED_WAITING
        at java.base@17.0.12/jdk.internal.misc.Unsafe.park(Native Method)
        at java.base@17.0.12/java.util.concurrent.locks.LockSupport.parkNanos(LockSupport.java:252)
        at java.base@17.0.12/java.util.concurrent.locks.AbstractQueuedSynchronizer$ConditionObject.awaitNanos(AbstractQueuedSynchronizer.java:1674)
        at java.base@17.0.12/java.util.concurrent.LinkedBlockingQueue.poll(LinkedBlockingQueue.java:460)
        at app//org.apache.hadoop.ipc.CallQueueManager.take(CallQueueManager.java:317)
        at app//org.apache.hadoop.ipc.Server$Handler.run(Server.java:3014)
"IPC Server handler 7 on default port 15030" daemon prio=5 tid=754 timed_waiting
java.lang.Thread.State: TIMED_WAITING
        at java.base@17.0.12/jdk.internal.misc.Unsafe.park(Native Method)
        at java.base@17.0.12/java.util.concurrent.locks.LockSupport.parkNanos(LockSupport.java:252)
        at java.base@17.0.12/java.util.concurrent.locks.AbstractQueuedSynchronizer$ConditionObject.awaitNanos(AbstractQueuedSynchronizer.java:1674)
        at java.base@17.0.12/java.util.concurrent.LinkedBlockingQueue.poll(LinkedBlockingQueue.java:460)
        at app//org.apache.hadoop.ipc.CallQueueManager.take(CallQueueManager.java:317)
        at app//org.apache.hadoop.ipc.Server$Handler.run(Server.java:3014)
"IPC Server handler 11 on default port 15009" daemon prio=5 tid=530 timed_waiting
java.lang.Thread.State: TIMED_WAITING
        at java.base@17.0.12/jdk.internal.misc.Unsafe.park(Native Method)
        at java.base@17.0.12/java.util.concurrent.locks.LockSupport.parkNanos(LockSupport.java:252)
        at java.base@17.0.12/java.util.concurrent.locks.AbstractQueuedSynchronizer$ConditionObject.awaitNanos(AbstractQueuedSynchronizer.java:1674)
        at java.base@17.0.12/java.util.concurrent.LinkedBlockingQueue.poll(LinkedBlockingQueue.java:460)
        at app//org.apache.hadoop.ipc.CallQueueManager.take(CallQueueManager.java:317)
        at app//org.apache.hadoop.ipc.Server$Handler.run(Server.java:3014)
"Socket Reader #2 for port 15012"  prio=5 tid=643 runnable
java.lang.Thread.State: RUNNABLE
        at java.base@17.0.12/sun.nio.ch.EPoll.wait(Native Method)
        at java.base@17.0.12/sun.nio.ch.EPollSelectorImpl.doSelect(EPollSelectorImpl.java:118)
        at java.base@17.0.12/sun.nio.ch.SelectorImpl.lockAndDoSelect(SelectorImpl.java:129)
        at java.base@17.0.12/sun.nio.ch.SelectorImpl.select(SelectorImpl.java:146)
        at app//org.apache.hadoop.ipc.Server$Listener$Reader.doRunLoop(Server.java:1346)
        at app//org.apache.hadoop.ipc.Server$Listener$Reader.run(Server.java:1325)
"89da30bd-cbf9-4a7b-a1ff-1f6963324f22-DatanodeReportManager-0" daemon prio=5 tid=712 timed_waiting
java.lang.Thread.State: TIMED_WAITING
        at java.base@17.0.12/jdk.internal.misc.Unsafe.park(Native Method)
        at java.base@17.0.12/java.util.concurrent.locks.LockSupport.parkNanos(LockSupport.java:252)
        at java.base@17.0.12/java.util.concurrent.locks.AbstractQueuedSynchronizer$ConditionObject.awaitNanos(AbstractQueuedSynchronizer.java:1674)
        at java.base@17.0.12/java.util.concurrent.ScheduledThreadPoolExecutor$DelayedWorkQueue.take(ScheduledThreadPoolExecutor.java:1182)
        at java.base@17.0.12/java.util.concurrent.ScheduledThreadPoolExecutor$DelayedWorkQueue.take(ScheduledThreadPoolExecutor.java:899)
        at java.base@17.0.12/java.util.concurrent.ThreadPoolExecutor.getTask(ThreadPoolExecutor.java:1062)
        at java.base@17.0.12/java.util.concurrent.ThreadPoolExecutor.runWorker(ThreadPoolExecutor.java:1122)
        at java.base@17.0.12/java.util.concurrent.ThreadPoolExecutor$Worker.run(ThreadPoolExecutor.java:635)
        at java.base@17.0.12/java.lang.Thread.run(Thread.java:840)
"89da30bd-cbf9-4a7b-a1ff-1f6963324f22-EndpointStateMachineTaskThread-/0.0.0.0:15002-0 "  prio=5 tid=834 in Object.wait()
java.lang.Thread.State: WAITING (on object monitor)
        at java.base@17.0.12/jdk.internal.misc.Unsafe.park(Native Method)
        at java.base@17.0.12/java.util.concurrent.locks.LockSupport.park(LockSupport.java:341)
        at java.base@17.0.12/java.util.concurrent.locks.AbstractQueuedSynchronizer$ConditionNode.block(AbstractQueuedSynchronizer.java:506)
        at java.base@17.0.12/java.util.concurrent.ForkJoinPool.unmanagedBlock(ForkJoinPool.java:3465)
        at java.base@17.0.12/java.util.concurrent.ForkJoinPool.managedBlock(ForkJoinPool.java:3436)
        at java.base@17.0.12/java.util.concurrent.locks.AbstractQueuedSynchronizer$ConditionObject.await(AbstractQueuedSynchronizer.java:1625)
        at java.base@17.0.12/java.util.concurrent.LinkedBlockingQueue.take(LinkedBlockingQueue.java:435)
        at java.base@17.0.12/java.util.concurrent.ThreadPoolExecutor.getTask(ThreadPoolExecutor.java:1062)
        at java.base@17.0.12/java.util.concurrent.ThreadPoolExecutor.runWorker(ThreadPoolExecutor.java:1122)
        at java.base@17.0.12/java.util.concurrent.ThreadPoolExecutor$Worker.run(ThreadPoolExecutor.java:635)
        at java.base@17.0.12/java.lang.Thread.run(Thread.java:840)
"om1-SnapshotDeletingService#0" daemon prio=5 tid=440 timed_waiting
java.lang.Thread.State: TIMED_WAITING
        at java.base@17.0.12/jdk.internal.misc.Unsafe.park(Native Method)
        at java.base@17.0.12/java.util.concurrent.locks.LockSupport.parkNanos(LockSupport.java:252)
        at java.base@17.0.12/java.util.concurrent.locks.AbstractQueuedSynchronizer$ConditionObject.awaitNanos(AbstractQueuedSynchronizer.java:1674)
        at java.base@17.0.12/java.util.concurrent.ScheduledThreadPoolExecutor$DelayedWorkQueue.take(ScheduledThreadPoolExecutor.java:1182)
        at java.base@17.0.12/java.util.concurrent.ScheduledThreadPoolExecutor$DelayedWorkQueue.take(ScheduledThreadPoolExecutor.java:899)
        at java.base@17.0.12/java.util.concurrent.ThreadPoolExecutor.getTask(ThreadPoolExecutor.java:1062)
        at java.base@17.0.12/java.util.concurrent.ThreadPoolExecutor.runWorker(ThreadPoolExecutor.java:1122)
        at java.base@17.0.12/java.util.concurrent.ThreadPoolExecutor$Worker.run(ThreadPoolExecutor.java:635)
        at java.base@17.0.12/java.lang.Thread.run(Thread.java:840)
"IPC Server handler 72 on default port 15000" daemon prio=5 tid=158 timed_waiting
java.lang.Thread.State: TIMED_WAITING
        at java.base@17.0.12/jdk.internal.misc.Unsafe.park(Native Method)
        at java.base@17.0.12/java.util.concurrent.locks.LockSupport.parkNanos(LockSupport.java:252)
        at java.base@17.0.12/java.util.concurrent.locks.AbstractQueuedSynchronizer$ConditionObject.awaitNanos(AbstractQueuedSynchronizer.java:1674)
        at java.base@17.0.12/java.util.concurrent.LinkedBlockingQueue.poll(LinkedBlockingQueue.java:460)
        at app//org.apache.hadoop.ipc.CallQueueManager.take(CallQueueManager.java:317)
        at app//org.apache.hadoop.ipc.Server$Handler.run(Server.java:3014)
"Socket Reader #5 for port 15002"  prio=5 tid=38 runnable
java.lang.Thread.State: RUNNABLE
        at java.base@17.0.12/sun.nio.ch.EPoll.wait(Native Method)
        at java.base@17.0.12/sun.nio.ch.EPollSelectorImpl.doSelect(EPollSelectorImpl.java:118)
        at java.base@17.0.12/sun.nio.ch.SelectorImpl.lockAndDoSelect(SelectorImpl.java:129)
        at java.base@17.0.12/sun.nio.ch.SelectorImpl.select(SelectorImpl.java:146)
        at app//org.apache.hadoop.ipc.Server$Listener$Reader.doRunLoop(Server.java:1346)
        at app//org.apache.hadoop.ipc.Server$Listener$Reader.run(Server.java:1325)
"Socket Reader #2 for port 15002"  prio=5 tid=35 runnable
java.lang.Thread.State: RUNNABLE
        at java.base@17.0.12/sun.nio.ch.EPoll.wait(Native Method)
        at java.base@17.0.12/sun.nio.ch.EPollSelectorImpl.doSelect(EPollSelectorImpl.java:118)
        at java.base@17.0.12/sun.nio.ch.SelectorImpl.lockAndDoSelect(SelectorImpl.java:129)
        at java.base@17.0.12/sun.nio.ch.SelectorImpl.select(SelectorImpl.java:146)
        at app//org.apache.hadoop.ipc.Server$Listener$Reader.doRunLoop(Server.java:1346)
        at app//org.apache.hadoop.ipc.Server$Listener$Reader.run(Server.java:1325)
"FixedThreadPoolWithAffinityExecutor-7-0" daemon prio=5 tid=82 timed_waiting
java.lang.Thread.State: TIMED_WAITING
        at java.base@17.0.12/jdk.internal.misc.Unsafe.park(Native Method)
        at java.base@17.0.12/java.util.concurrent.locks.LockSupport.parkNanos(LockSupport.java:252)
        at java.base@17.0.12/java.util.concurrent.locks.AbstractQueuedSynchronizer$ConditionObject.awaitNanos(AbstractQueuedSynchronizer.java:1674)
        at java.base@17.0.12/java.util.concurrent.LinkedBlockingQueue.poll(LinkedBlockingQueue.java:460)
        at app//org.apache.hadoop.hdds.scm.server.ContainerReportQueue.poll(ContainerReportQueue.java:269)
        at app//org.apache.hadoop.hdds.scm.server.ContainerReportQueue.poll(ContainerReportQueue.java:42)
        at app//org.apache.hadoop.hdds.server.events.FixedThreadPoolWithAffinityExecutor$ContainerReportProcessTask.run(FixedThreadPoolWithAffinityExecutor.java:253)
        at java.base@17.0.12/java.util.concurrent.Executors$RunnableAdapter.call(Executors.java:539)
        at java.base@17.0.12/java.util.concurrent.FutureTask.run(FutureTask.java:264)
        at java.base@17.0.12/java.util.concurrent.ThreadPoolExecutor.runWorker(ThreadPoolExecutor.java:1136)
        at java.base@17.0.12/java.util.concurrent.ThreadPoolExecutor$Worker.run(ThreadPoolExecutor.java:635)
        at java.base@17.0.12/java.lang.Thread.run(Thread.java:840)
"SSL Certificates Store Monitor" daemon prio=5 tid=479 in Object.wait()
java.lang.Thread.State: WAITING (on object monitor)
        at java.base@17.0.12/java.lang.Object.wait(Native Method)
        at java.base@17.0.12/java.lang.Object.wait(Object.java:338)
        at java.base@17.0.12/java.util.TimerThread.mainLoop(Timer.java:537)
        at java.base@17.0.12/java.util.TimerThread.run(Timer.java:516)
"pool-91-thread-1" daemon prio=5 tid=820 timed_waiting
java.lang.Thread.State: TIMED_WAITING
        at java.base@17.0.12/jdk.internal.misc.Unsafe.park(Native Method)
        at java.base@17.0.12/java.util.concurrent.locks.LockSupport.parkNanos(LockSupport.java:252)
        at java.base@17.0.12/java.util.concurrent.locks.AbstractQueuedSynchronizer$ConditionObject.awaitNanos(AbstractQueuedSynchronizer.java:1674)
        at java.base@17.0.12/java.util.concurrent.ScheduledThreadPoolExecutor$DelayedWorkQueue.take(ScheduledThreadPoolExecutor.java:1182)
        at java.base@17.0.12/java.util.concurrent.ScheduledThreadPoolExecutor$DelayedWorkQueue.take(ScheduledThreadPoolExecutor.java:899)
        at java.base@17.0.12/java.util.concurrent.ThreadPoolExecutor.getTask(ThreadPoolExecutor.java:1062)
        at java.base@17.0.12/java.util.concurrent.ThreadPoolExecutor.runWorker(ThreadPoolExecutor.java:1122)
        at java.base@17.0.12/java.util.concurrent.ThreadPoolExecutor$Worker.run(ThreadPoolExecutor.java:635)
        at java.base@17.0.12/java.lang.Thread.run(Thread.java:840)
"JvmPauseMonitor5" daemon prio=5 tid=865 timed_waiting
java.lang.Thread.State: TIMED_WAITING
        at java.base@17.0.12/java.lang.Thread.sleep(Native Method)
        at java.base@17.0.12/java.lang.Thread.sleep(Thread.java:344)
        at java.base@17.0.12/java.util.concurrent.TimeUnit.sleep(TimeUnit.java:446)
        at app//org.apache.ratis.util.TimeDuration.sleep(TimeDuration.java:353)
        at app//org.apache.ratis.util.TimeDuration.sleep(TimeDuration.java:338)
        at app//org.apache.ratis.util.JvmPauseMonitor.detectPause(JvmPauseMonitor.java:160)
        at app//org.apache.ratis.util.JvmPauseMonitor.run(JvmPauseMonitor.java:149)
        at app//org.apache.ratis.util.JvmPauseMonitor$$Lambda$781/0x00007f70304f5d20.run(Unknown Source)
        at java.base@17.0.12/java.lang.Thread.run(Thread.java:840)
"IPC Server handler 0 on default port 15000" daemon prio=5 tid=86 timed_waiting
java.lang.Thread.State: TIMED_WAITING
        at java.base@17.0.12/jdk.internal.misc.Unsafe.park(Native Method)
        at java.base@17.0.12/java.util.concurrent.locks.LockSupport.parkNanos(LockSupport.java:252)
        at java.base@17.0.12/java.util.concurrent.locks.AbstractQueuedSynchronizer$ConditionObject.awaitNanos(AbstractQueuedSynchronizer.java:1674)
        at java.base@17.0.12/java.util.concurrent.LinkedBlockingQueue.poll(LinkedBlockingQueue.java:460)
        at app//org.apache.hadoop.ipc.CallQueueManager.take(CallQueueManager.java:317)
        at app//org.apache.hadoop.ipc.Server$Handler.run(Server.java:3014)
"IPC Server handler 74 on default port 15009" daemon prio=5 tid=593 timed_waiting
java.lang.Thread.State: TIMED_WAITING
        at java.base@17.0.12/jdk.internal.misc.Unsafe.park(Native Method)
        at java.base@17.0.12/java.util.concurrent.locks.LockSupport.parkNanos(LockSupport.java:252)
        at java.base@17.0.12/java.util.concurrent.locks.AbstractQueuedSynchronizer$ConditionObject.awaitNanos(AbstractQueuedSynchronizer.java:1674)
        at java.base@17.0.12/java.util.concurrent.LinkedBlockingQueue.poll(LinkedBlockingQueue.java:460)
        at app//org.apache.hadoop.ipc.CallQueueManager.take(CallQueueManager.java:317)
        at app//org.apache.hadoop.ipc.Server$Handler.run(Server.java:3014)
"IPC Server handler 68 on default port 15000" daemon prio=5 tid=154 timed_waiting
java.lang.Thread.State: TIMED_WAITING
        at java.base@17.0.12/jdk.internal.misc.Unsafe.park(Native Method)
        at java.base@17.0.12/java.util.concurrent.locks.LockSupport.parkNanos(LockSupport.java:252)
        at java.base@17.0.12/java.util.concurrent.locks.AbstractQueuedSynchronizer$ConditionObject.awaitNanos(AbstractQueuedSynchronizer.java:1674)
        at java.base@17.0.12/java.util.concurrent.LinkedBlockingQueue.poll(LinkedBlockingQueue.java:460)
        at app//org.apache.hadoop.ipc.CallQueueManager.take(CallQueueManager.java:317)
        at app//org.apache.hadoop.ipc.Server$Handler.run(Server.java:3014)
"IPC Server handler 84 on default port 15001" daemon prio=5 tid=270 timed_waiting
java.lang.Thread.State: TIMED_WAITING
        at java.base@17.0.12/jdk.internal.misc.Unsafe.park(Native Method)
        at java.base@17.0.12/java.util.concurrent.locks.LockSupport.parkNanos(LockSupport.java:252)
        at java.base@17.0.12/java.util.concurrent.locks.AbstractQueuedSynchronizer$ConditionObject.awaitNanos(AbstractQueuedSynchronizer.java:1674)
        at java.base@17.0.12/java.util.concurrent.LinkedBlockingQueue.poll(LinkedBlockingQueue.java:460)
        at app//org.apache.hadoop.ipc.CallQueueManager.take(CallQueueManager.java:317)
        at app//org.apache.hadoop.ipc.Server$Handler.run(Server.java:3014)
"om1@group-C5BA1605619E-StateMachineUpdater" daemon prio=5 tid=429 timed_waiting
java.lang.Thread.State: TIMED_WAITING
        at java.base@17.0.12/jdk.internal.misc.Unsafe.park(Native Method)
        at java.base@17.0.12/java.util.concurrent.locks.LockSupport.parkNanos(LockSupport.java:252)
        at java.base@17.0.12/java.util.concurrent.locks.AbstractQueuedSynchronizer$ConditionObject.await(AbstractQueuedSynchronizer.java:1759)
        at app//org.apache.ratis.util.AwaitForSignal.await(AwaitForSignal.java:65)
        at app//org.apache.ratis.server.impl.StateMachineUpdater.waitForCommit(StateMachineUpdater.java:219)
        at app//org.apache.ratis.server.impl.StateMachineUpdater.run(StateMachineUpdater.java:187)
        at java.base@17.0.12/java.lang.Thread.run(Thread.java:840)
"IPC Server handler 32 on default port 15001" daemon prio=5 tid=218 timed_waiting
java.lang.Thread.State: TIMED_WAITING
        at java.base@17.0.12/jdk.internal.misc.Unsafe.park(Native Method)
        at java.base@17.0.12/java.util.concurrent.locks.LockSupport.parkNanos(LockSupport.java:252)
        at java.base@17.0.12/java.util.concurrent.locks.AbstractQueuedSynchronizer$ConditionObject.awaitNanos(AbstractQueuedSynchronizer.java:1674)
        at java.base@17.0.12/java.util.concurrent.LinkedBlockingQueue.poll(LinkedBlockingQueue.java:460)
        at app//org.apache.hadoop.ipc.CallQueueManager.take(CallQueueManager.java:317)
        at app//org.apache.hadoop.ipc.Server$Handler.run(Server.java:3014)
"IPC Server handler 88 on default port 15000" daemon prio=5 tid=174 timed_waiting
java.lang.Thread.State: TIMED_WAITING
        at java.base@17.0.12/jdk.internal.misc.Unsafe.park(Native Method)
        at java.base@17.0.12/java.util.concurrent.locks.LockSupport.parkNanos(LockSupport.java:252)
        at java.base@17.0.12/java.util.concurrent.locks.AbstractQueuedSynchronizer$ConditionObject.awaitNanos(AbstractQueuedSynchronizer.java:1674)
        at java.base@17.0.12/java.util.concurrent.LinkedBlockingQueue.poll(LinkedBlockingQueue.java:460)
        at app//org.apache.hadoop.ipc.CallQueueManager.take(CallQueueManager.java:317)
        at app//org.apache.hadoop.ipc.Server$Handler.run(Server.java:3014)
"IPC Server handler 26 on default port 15009" daemon prio=5 tid=545 timed_waiting
java.lang.Thread.State: TIMED_WAITING
        at java.base@17.0.12/jdk.internal.misc.Unsafe.park(Native Method)
        at java.base@17.0.12/java.util.concurrent.locks.LockSupport.parkNanos(LockSupport.java:252)
        at java.base@17.0.12/java.util.concurrent.locks.AbstractQueuedSynchronizer$ConditionObject.awaitNanos(AbstractQueuedSynchronizer.java:1674)
        at java.base@17.0.12/java.util.concurrent.LinkedBlockingQueue.poll(LinkedBlockingQueue.java:460)
        at app//org.apache.hadoop.ipc.CallQueueManager.take(CallQueueManager.java:317)
        at app//org.apache.hadoop.ipc.Server$Handler.run(Server.java:3014)
"qtp1058878861-634-acceptor-0@32da9b7b-ServerConnector@2edcc5f0{HTTP/1.1, (http/1.1)}{0.0.0.0:15011}" daemon prio=3 tid=634 runnable
java.lang.Thread.State: RUNNABLE
        at java.base@17.0.12/sun.nio.ch.Net.accept(Native Method)
        at java.base@17.0.12/sun.nio.ch.ServerSocketChannelImpl.implAccept(ServerSocketChannelImpl.java:425)
        at java.base@17.0.12/sun.nio.ch.ServerSocketChannelImpl.accept(ServerSocketChannelImpl.java:391)
        at app//org.eclipse.jetty.server.ServerConnector.accept(ServerConnector.java:388)
        at app//org.eclipse.jetty.server.AbstractConnector$Acceptor.run(AbstractConnector.java:704)
        at app//org.eclipse.jetty.util.thread.QueuedThreadPool.runJob(QueuedThreadPool.java:883)
        at app//org.eclipse.jetty.util.thread.QueuedThreadPool$Runner.run(QueuedThreadPool.java:1034)
        at java.base@17.0.12/java.lang.Thread.run(Thread.java:840)
"IPC Server handler 49 on default port 15009" daemon prio=5 tid=568 timed_waiting
java.lang.Thread.State: TIMED_WAITING
        at java.base@17.0.12/jdk.internal.misc.Unsafe.park(Native Method)
        at java.base@17.0.12/java.util.concurrent.locks.LockSupport.parkNanos(LockSupport.java:252)
        at java.base@17.0.12/java.util.concurrent.locks.AbstractQueuedSynchronizer$ConditionObject.awaitNanos(AbstractQueuedSynchronizer.java:1674)
        at java.base@17.0.12/java.util.concurrent.LinkedBlockingQueue.poll(LinkedBlockingQueue.java:460)
        at app//org.apache.hadoop.ipc.CallQueueManager.take(CallQueueManager.java:317)
        at app//org.apache.hadoop.ipc.Server$Handler.run(Server.java:3014)
"IPC Server handler 95 on default port 15001" daemon prio=5 tid=281 timed_waiting
java.lang.Thread.State: TIMED_WAITING
        at java.base@17.0.12/jdk.internal.misc.Unsafe.park(Native Method)
        at java.base@17.0.12/java.util.concurrent.locks.LockSupport.parkNanos(LockSupport.java:252)
        at java.base@17.0.12/java.util.concurrent.locks.AbstractQueuedSynchronizer$ConditionObject.awaitNanos(AbstractQueuedSynchronizer.java:1674)
        at java.base@17.0.12/java.util.concurrent.LinkedBlockingQueue.poll(LinkedBlockingQueue.java:460)
        at app//org.apache.hadoop.ipc.CallQueueManager.take(CallQueueManager.java:317)
        at app//org.apache.hadoop.ipc.Server$Handler.run(Server.java:3014)
"IPC Server handler 16 on default port 15002" daemon prio=5 tid=302 timed_waiting
java.lang.Thread.State: TIMED_WAITING
        at java.base@17.0.12/jdk.internal.misc.Unsafe.park(Native Method)
        at java.base@17.0.12/java.util.concurrent.locks.LockSupport.parkNanos(LockSupport.java:252)
        at java.base@17.0.12/java.util.concurrent.locks.AbstractQueuedSynchronizer$ConditionObject.awaitNanos(AbstractQueuedSynchronizer.java:1674)
        at java.base@17.0.12/java.util.concurrent.LinkedBlockingQueue.poll(LinkedBlockingQueue.java:460)
        at app//org.apache.hadoop.ipc.CallQueueManager.take(CallQueueManager.java:317)
        at app//org.apache.hadoop.ipc.Server$Handler.run(Server.java:3014)
"Hadoop-Metrics-Updater-0" daemon prio=5 tid=495 timed_waiting
java.lang.Thread.State: TIMED_WAITING
        at java.base@17.0.12/jdk.internal.misc.Unsafe.park(Native Method)
        at java.base@17.0.12/java.util.concurrent.locks.LockSupport.parkNanos(LockSupport.java:252)
        at java.base@17.0.12/java.util.concurrent.locks.AbstractQueuedSynchronizer$ConditionObject.awaitNanos(AbstractQueuedSynchronizer.java:1674)
        at java.base@17.0.12/java.util.concurrent.ScheduledThreadPoolExecutor$DelayedWorkQueue.take(ScheduledThreadPoolExecutor.java:1182)
        at java.base@17.0.12/java.util.concurrent.ScheduledThreadPoolExecutor$DelayedWorkQueue.take(ScheduledThreadPoolExecutor.java:899)
        at java.base@17.0.12/java.util.concurrent.ThreadPoolExecutor.getTask(ThreadPoolExecutor.java:1062)
        at java.base@17.0.12/java.util.concurrent.ThreadPoolExecutor.runWorker(ThreadPoolExecutor.java:1122)
        at java.base@17.0.12/java.util.concurrent.ThreadPoolExecutor$Worker.run(ThreadPoolExecutor.java:635)
        at java.base@17.0.12/java.lang.Thread.run(Thread.java:840)
"IPC Server Responder" daemon prio=5 tid=653 runnable
java.lang.Thread.State: RUNNABLE
        at java.base@17.0.12/sun.nio.ch.EPoll.wait(Native Method)
        at java.base@17.0.12/sun.nio.ch.EPollSelectorImpl.doSelect(EPollSelectorImpl.java:118)
        at java.base@17.0.12/sun.nio.ch.SelectorImpl.lockAndDoSelect(SelectorImpl.java:129)
        at java.base@17.0.12/sun.nio.ch.SelectorImpl.select(SelectorImpl.java:141)
        at app//org.apache.hadoop.ipc.Server$Responder.doRunLoop(Server.java:1582)
        at app//org.apache.hadoop.ipc.Server$Responder.run(Server.java:1565)
"3ccd597d-6672-4b12-926e-746f973e87fb@group-17EC0FEA1F1B-SegmentedRaftLogWorker" daemon prio=5 tid=945 timed_waiting
java.lang.Thread.State: TIMED_WAITING
        at java.base@17.0.12/jdk.internal.misc.Unsafe.park(Native Method)
        at java.base@17.0.12/java.util.concurrent.locks.LockSupport.parkNanos(LockSupport.java:252)
        at java.base@17.0.12/java.util.concurrent.locks.AbstractQueuedSynchronizer$ConditionObject.awaitNanos(AbstractQueuedSynchronizer.java:1674)
        at app//org.apache.ratis.util.DataBlockingQueue.poll(DataBlockingQueue.java:148)
        at app//org.apache.ratis.server.raftlog.segmented.SegmentedRaftLogWorker.run(SegmentedRaftLogWorker.java:306)
        at app//org.apache.ratis.server.raftlog.segmented.SegmentedRaftLogWorker$$Lambda$1171/0x00007f703072aff0.run(Unknown Source)
        at java.base@17.0.12/java.util.concurrent.Executors$RunnableAdapter.call(Executors.java:539)
        at java.base@17.0.12/java.util.concurrent.FutureTask.run(FutureTask.java:264)
        at java.base@17.0.12/java.util.concurrent.ThreadPoolExecutor.runWorker(ThreadPoolExecutor.java:1136)
        at java.base@17.0.12/java.util.concurrent.ThreadPoolExecutor$Worker.run(ThreadPoolExecutor.java:635)
        at java.base@17.0.12/java.lang.Thread.run(Thread.java:840)
"grpc-default-worker-ELG-3-1" daemon prio=5 tid=910 runnable
java.lang.Thread.State: RUNNABLE
        at app//org.apache.ratis.thirdparty.io.netty.channel.epoll.Native.epollWait0(Native Method)
        at app//org.apache.ratis.thirdparty.io.netty.channel.epoll.Native.epollWait(Native.java:193)
        at app//org.apache.ratis.thirdparty.io.netty.channel.epoll.EpollEventLoop.epollWait(EpollEventLoop.java:304)
        at app//org.apache.ratis.thirdparty.io.netty.channel.epoll.EpollEventLoop.run(EpollEventLoop.java:368)
        at app//org.apache.ratis.thirdparty.io.netty.util.concurrent.SingleThreadEventExecutor$4.run(SingleThreadEventExecutor.java:997)
        at app//org.apache.ratis.thirdparty.io.netty.util.internal.ThreadExecutorMap$2.run(ThreadExecutorMap.java:74)
        at app//org.apache.ratis.thirdparty.io.netty.util.concurrent.FastThreadLocalRunnable.run(FastThreadLocalRunnable.java:30)
        at java.base@17.0.12/java.lang.Thread.run(Thread.java:840)
"89da30bd-cbf9-4a7b-a1ff-1f6963324f22-server-thread3" daemon prio=5 tid=1022 timed_waiting
java.lang.Thread.State: TIMED_WAITING
        at java.base@17.0.12/jdk.internal.misc.Unsafe.park(Native Method)
        at java.base@17.0.12/java.util.concurrent.locks.LockSupport.parkNanos(LockSupport.java:252)
        at java.base@17.0.12/java.util.concurrent.SynchronousQueue$TransferStack.transfer(SynchronousQueue.java:401)
        at java.base@17.0.12/java.util.concurrent.SynchronousQueue.poll(SynchronousQueue.java:903)
        at java.base@17.0.12/java.util.concurrent.ThreadPoolExecutor.getTask(ThreadPoolExecutor.java:1061)
        at java.base@17.0.12/java.util.concurrent.ThreadPoolExecutor.runWorker(ThreadPoolExecutor.java:1122)
        at java.base@17.0.12/java.util.concurrent.ThreadPoolExecutor$Worker.run(ThreadPoolExecutor.java:635)
        at java.base@17.0.12/java.lang.Thread.run(Thread.java:840)
"IPC Server handler 95 on default port 15002" daemon prio=5 tid=381 timed_waiting
java.lang.Thread.State: TIMED_WAITING
        at java.base@17.0.12/jdk.internal.misc.Unsafe.park(Native Method)
        at java.base@17.0.12/java.util.concurrent.locks.LockSupport.parkNanos(LockSupport.java:252)
        at java.base@17.0.12/java.util.concurrent.locks.AbstractQueuedSynchronizer$ConditionObject.awaitNanos(AbstractQueuedSynchronizer.java:1674)
        at java.base@17.0.12/java.util.concurrent.LinkedBlockingQueue.poll(LinkedBlockingQueue.java:460)
        at app//org.apache.hadoop.ipc.CallQueueManager.take(CallQueueManager.java:317)
        at app//org.apache.hadoop.ipc.Server$Handler.run(Server.java:3014)
"IPC Server handler 34 on default port 15000" daemon prio=5 tid=120 timed_waiting
java.lang.Thread.State: TIMED_WAITING
        at java.base@17.0.12/jdk.internal.misc.Unsafe.park(Native Method)
        at java.base@17.0.12/java.util.concurrent.locks.LockSupport.parkNanos(LockSupport.java:252)
        at java.base@17.0.12/java.util.concurrent.locks.AbstractQueuedSynchronizer$ConditionObject.awaitNanos(AbstractQueuedSynchronizer.java:1674)
        at java.base@17.0.12/java.util.concurrent.LinkedBlockingQueue.poll(LinkedBlockingQueue.java:460)
        at app//org.apache.hadoop.ipc.CallQueueManager.take(CallQueueManager.java:317)
        at app//org.apache.hadoop.ipc.Server$Handler.run(Server.java:3014)
"qtp910917825-679-acceptor-0@4f4b4302-ServerConnector@ee92d4e{HTTP/1.1, (http/1.1)}{0.0.0.0:15020}" daemon prio=3 tid=679 runnable
java.lang.Thread.State: RUNNABLE
        at java.base@17.0.12/sun.nio.ch.Net.accept(Native Method)
        at java.base@17.0.12/sun.nio.ch.ServerSocketChannelImpl.implAccept(ServerSocketChannelImpl.java:425)
        at java.base@17.0.12/sun.nio.ch.ServerSocketChannelImpl.accept(ServerSocketChannelImpl.java:391)
        at app//org.eclipse.jetty.server.ServerConnector.accept(ServerConnector.java:388)
        at app//org.eclipse.jetty.server.AbstractConnector$Acceptor.run(AbstractConnector.java:704)
        at app//org.eclipse.jetty.util.thread.QueuedThreadPool.runJob(QueuedThreadPool.java:883)
        at app//org.eclipse.jetty.util.thread.QueuedThreadPool$Runner.run(QueuedThreadPool.java:1034)
        at java.base@17.0.12/java.lang.Thread.run(Thread.java:840)
"Socket Reader #1 for port 15000"  prio=5 tid=62 runnable
java.lang.Thread.State: RUNNABLE
        at java.base@17.0.12/sun.nio.ch.EPoll.wait(Native Method)
        at java.base@17.0.12/sun.nio.ch.EPollSelectorImpl.doSelect(EPollSelectorImpl.java:118)
        at java.base@17.0.12/sun.nio.ch.SelectorImpl.lockAndDoSelect(SelectorImpl.java:129)
        at java.base@17.0.12/sun.nio.ch.SelectorImpl.select(SelectorImpl.java:146)
        at app//org.apache.hadoop.ipc.Server$Listener$Reader.doRunLoop(Server.java:1346)
        at app//org.apache.hadoop.ipc.Server$Listener$Reader.run(Server.java:1325)
"IPC Server handler 4 on default port 15009" daemon prio=5 tid=523 timed_waiting
java.lang.Thread.State: TIMED_WAITING
        at java.base@17.0.12/jdk.internal.misc.Unsafe.park(Native Method)
        at java.base@17.0.12/java.util.concurrent.locks.LockSupport.parkNanos(LockSupport.java:252)
        at java.base@17.0.12/java.util.concurrent.locks.AbstractQueuedSynchronizer$ConditionObject.awaitNanos(AbstractQueuedSynchronizer.java:1674)
        at java.base@17.0.12/java.util.concurrent.LinkedBlockingQueue.poll(LinkedBlockingQueue.java:460)
        at app//org.apache.hadoop.ipc.CallQueueManager.take(CallQueueManager.java:317)
        at app//org.apache.hadoop.ipc.Server$Handler.run(Server.java:3014)
"Session-HouseKeeper-4dde8afb-1"  prio=5 tid=640 timed_waiting
java.lang.Thread.State: TIMED_WAITING
        at java.base@17.0.12/jdk.internal.misc.Unsafe.park(Native Method)
        at java.base@17.0.12/java.util.concurrent.locks.LockSupport.parkNanos(LockSupport.java:252)
        at java.base@17.0.12/java.util.concurrent.locks.AbstractQueuedSynchronizer$ConditionObject.awaitNanos(AbstractQueuedSynchronizer.java:1674)
        at java.base@17.0.12/java.util.concurrent.ScheduledThreadPoolExecutor$DelayedWorkQueue.take(ScheduledThreadPoolExecutor.java:1182)
        at java.base@17.0.12/java.util.concurrent.ScheduledThreadPoolExecutor$DelayedWorkQueue.take(ScheduledThreadPoolExecutor.java:899)
        at java.base@17.0.12/java.util.concurrent.ThreadPoolExecutor.getTask(ThreadPoolExecutor.java:1062)
        at java.base@17.0.12/java.util.concurrent.ThreadPoolExecutor.runWorker(ThreadPoolExecutor.java:1122)
        at java.base@17.0.12/java.util.concurrent.ThreadPoolExecutor$Worker.run(ThreadPoolExecutor.java:635)
        at java.base@17.0.12/java.lang.Thread.run(Thread.java:840)
"IPC Server handler 53 on default port 15009" daemon prio=5 tid=572 timed_waiting
java.lang.Thread.State: TIMED_WAITING
        at java.base@17.0.12/jdk.internal.misc.Unsafe.park(Native Method)
        at java.base@17.0.12/java.util.concurrent.locks.LockSupport.parkNanos(LockSupport.java:252)
        at java.base@17.0.12/java.util.concurrent.locks.AbstractQueuedSynchronizer$ConditionObject.awaitNanos(AbstractQueuedSynchronizer.java:1674)
        at java.base@17.0.12/java.util.concurrent.LinkedBlockingQueue.poll(LinkedBlockingQueue.java:460)
        at app//org.apache.hadoop.ipc.CallQueueManager.take(CallQueueManager.java:317)
        at app//org.apache.hadoop.ipc.Server$Handler.run(Server.java:3014)
"grpc-default-executor-2" daemon prio=5 tid=996 timed_waiting
java.lang.Thread.State: TIMED_WAITING
        at java.base@17.0.12/jdk.internal.misc.Unsafe.park(Native Method)
        at java.base@17.0.12/java.util.concurrent.locks.LockSupport.parkNanos(LockSupport.java:252)
        at java.base@17.0.12/java.util.concurrent.SynchronousQueue$TransferStack.transfer(SynchronousQueue.java:401)
        at java.base@17.0.12/java.util.concurrent.SynchronousQueue.poll(SynchronousQueue.java:903)
        at java.base@17.0.12/java.util.concurrent.ThreadPoolExecutor.getTask(ThreadPoolExecutor.java:1061)
        at java.base@17.0.12/java.util.concurrent.ThreadPoolExecutor.runWorker(ThreadPoolExecutor.java:1122)
        at java.base@17.0.12/java.util.concurrent.ThreadPoolExecutor$Worker.run(ThreadPoolExecutor.java:635)
        at java.base@17.0.12/java.lang.Thread.run(Thread.java:840)
"IPC Server handler 4 on default port 15012" daemon prio=5 tid=659 timed_waiting
java.lang.Thread.State: TIMED_WAITING
        at java.base@17.0.12/jdk.internal.misc.Unsafe.park(Native Method)
        at java.base@17.0.12/java.util.concurrent.locks.LockSupport.parkNanos(LockSupport.java:252)
        at java.base@17.0.12/java.util.concurrent.locks.AbstractQueuedSynchronizer$ConditionObject.awaitNanos(AbstractQueuedSynchronizer.java:1674)
        at java.base@17.0.12/java.util.concurrent.LinkedBlockingQueue.poll(LinkedBlockingQueue.java:460)
        at app//org.apache.hadoop.ipc.CallQueueManager.take(CallQueueManager.java:317)
        at app//org.apache.hadoop.ipc.Server$Handler.run(Server.java:3014)
"IPC Server handler 30 on default port 15001" daemon prio=5 tid=216 timed_waiting
java.lang.Thread.State: TIMED_WAITING
        at java.base@17.0.12/jdk.internal.misc.Unsafe.park(Native Method)
        at java.base@17.0.12/java.util.concurrent.locks.LockSupport.parkNanos(LockSupport.java:252)
        at java.base@17.0.12/java.util.concurrent.locks.AbstractQueuedSynchronizer$ConditionObject.awaitNanos(AbstractQueuedSynchronizer.java:1674)
        at java.base@17.0.12/java.util.concurrent.LinkedBlockingQueue.poll(LinkedBlockingQueue.java:460)
        at app//org.apache.hadoop.ipc.CallQueueManager.take(CallQueueManager.java:317)
        at app//org.apache.hadoop.ipc.Server$Handler.run(Server.java:3014)
"3ccd597d-6672-4b12-926e-746f973e87fb-ChunkWriter-3-0" daemon prio=5 tid=864 in Object.wait()
java.lang.Thread.State: WAITING (on object monitor)
        at java.base@17.0.12/jdk.internal.misc.Unsafe.park(Native Method)
        at java.base@17.0.12/java.util.concurrent.locks.LockSupport.park(LockSupport.java:341)
        at java.base@17.0.12/java.util.concurrent.locks.AbstractQueuedSynchronizer$ConditionNode.block(AbstractQueuedSynchronizer.java:506)
        at java.base@17.0.12/java.util.concurrent.ForkJoinPool.unmanagedBlock(ForkJoinPool.java:3465)
        at java.base@17.0.12/java.util.concurrent.ForkJoinPool.managedBlock(ForkJoinPool.java:3436)
        at java.base@17.0.12/java.util.concurrent.locks.AbstractQueuedSynchronizer$ConditionObject.await(AbstractQueuedSynchronizer.java:1625)
        at java.base@17.0.12/java.util.concurrent.LinkedBlockingDeque.takeFirst(LinkedBlockingDeque.java:485)
        at java.base@17.0.12/java.util.concurrent.LinkedBlockingDeque.take(LinkedBlockingDeque.java:673)
        at java.base@17.0.12/java.util.concurrent.ThreadPoolExecutor.getTask(ThreadPoolExecutor.java:1062)
        at java.base@17.0.12/java.util.concurrent.ThreadPoolExecutor.runWorker(ThreadPoolExecutor.java:1122)
        at java.base@17.0.12/java.util.concurrent.ThreadPoolExecutor$Worker.run(ThreadPoolExecutor.java:635)
        at java.base@17.0.12/java.lang.Thread.run(Thread.java:840)
"junit-jupiter-timeout-watcher"  prio=10 tid=1025 timed_waiting
java.lang.Thread.State: TIMED_WAITING
        at java.base@17.0.12/jdk.internal.misc.Unsafe.park(Native Method)
        at java.base@17.0.12/java.util.concurrent.locks.LockSupport.parkNanos(LockSupport.java:252)
        at java.base@17.0.12/java.util.concurrent.locks.AbstractQueuedSynchronizer$ConditionObject.awaitNanos(AbstractQueuedSynchronizer.java:1674)
        at java.base@17.0.12/java.util.concurrent.ScheduledThreadPoolExecutor$DelayedWorkQueue.take(ScheduledThreadPoolExecutor.java:1182)
        at java.base@17.0.12/java.util.concurrent.ScheduledThreadPoolExecutor$DelayedWorkQueue.take(ScheduledThreadPoolExecutor.java:899)
        at java.base@17.0.12/java.util.concurrent.ThreadPoolExecutor.getTask(ThreadPoolExecutor.java:1062)
        at java.base@17.0.12/java.util.concurrent.ThreadPoolExecutor.runWorker(ThreadPoolExecutor.java:1122)
        at java.base@17.0.12/java.util.concurrent.ThreadPoolExecutor$Worker.run(ThreadPoolExecutor.java:635)
        at java.base@17.0.12/java.lang.Thread.run(Thread.java:840)
"LeaseManager#LeaseMonitor" daemon prio=5 tid=387 timed_waiting
java.lang.Thread.State: TIMED_WAITING
        at java.base@17.0.12/jdk.internal.misc.Unsafe.park(Native Method)
        at java.base@17.0.12/java.util.concurrent.locks.LockSupport.parkNanos(LockSupport.java:252)
        at java.base@17.0.12/java.util.concurrent.locks.AbstractQueuedSynchronizer.acquire(AbstractQueuedSynchronizer.java:717)
        at java.base@17.0.12/java.util.concurrent.locks.AbstractQueuedSynchronizer.tryAcquireSharedNanos(AbstractQueuedSynchronizer.java:1074)
        at java.base@17.0.12/java.util.concurrent.Semaphore.tryAcquire(Semaphore.java:415)
        at app//org.apache.hadoop.ozone.lease.LeaseManager$LeaseMonitor.run(LeaseManager.java:284)
        at java.base@17.0.12/java.lang.Thread.run(Thread.java:840)
"89da30bd-cbf9-4a7b-a1ff-1f6963324f22-DatanodeReportManager-2" daemon prio=5 tid=714 in Object.wait()
java.lang.Thread.State: WAITING (on object monitor)
        at java.base@17.0.12/jdk.internal.misc.Unsafe.park(Native Method)
        at java.base@17.0.12/java.util.concurrent.locks.LockSupport.park(LockSupport.java:341)
        at java.base@17.0.12/java.util.concurrent.locks.AbstractQueuedSynchronizer$ConditionNode.block(AbstractQueuedSynchronizer.java:506)
        at java.base@17.0.12/java.util.concurrent.ForkJoinPool.unmanagedBlock(ForkJoinPool.java:3465)
        at java.base@17.0.12/java.util.concurrent.ForkJoinPool.managedBlock(ForkJoinPool.java:3436)
        at java.base@17.0.12/java.util.concurrent.locks.AbstractQueuedSynchronizer$ConditionObject.await(AbstractQueuedSynchronizer.java:1625)
        at java.base@17.0.12/java.util.concurrent.ScheduledThreadPoolExecutor$DelayedWorkQueue.take(ScheduledThreadPoolExecutor.java:1177)
        at java.base@17.0.12/java.util.concurrent.ScheduledThreadPoolExecutor$DelayedWorkQueue.take(ScheduledThreadPoolExecutor.java:899)
        at java.base@17.0.12/java.util.concurrent.ThreadPoolExecutor.getTask(ThreadPoolExecutor.java:1062)
        at java.base@17.0.12/java.util.concurrent.ThreadPoolExecutor.runWorker(ThreadPoolExecutor.java:1122)
        at java.base@17.0.12/java.util.concurrent.ThreadPoolExecutor$Worker.run(ThreadPoolExecutor.java:635)
        at java.base@17.0.12/java.lang.Thread.run(Thread.java:840)
"EventQueue-OpenPipelineForHealthyPipelineSafeModeRule" daemon prio=5 tid=902 in Object.wait()
java.lang.Thread.State: WAITING (on object monitor)
        at java.base@17.0.12/jdk.internal.misc.Unsafe.park(Native Method)
        at java.base@17.0.12/java.util.concurrent.locks.LockSupport.park(LockSupport.java:341)
        at java.base@17.0.12/java.util.concurrent.locks.AbstractQueuedSynchronizer$ConditionNode.block(AbstractQueuedSynchronizer.java:506)
        at java.base@17.0.12/java.util.concurrent.ForkJoinPool.unmanagedBlock(ForkJoinPool.java:3465)
        at java.base@17.0.12/java.util.concurrent.ForkJoinPool.managedBlock(ForkJoinPool.java:3436)
        at java.base@17.0.12/java.util.concurrent.locks.AbstractQueuedSynchronizer$ConditionObject.await(AbstractQueuedSynchronizer.java:1625)
        at java.base@17.0.12/java.util.concurrent.LinkedBlockingQueue.take(LinkedBlockingQueue.java:435)
        at java.base@17.0.12/java.util.concurrent.ThreadPoolExecutor.getTask(ThreadPoolExecutor.java:1062)
        at java.base@17.0.12/java.util.concurrent.ThreadPoolExecutor.runWorker(ThreadPoolExecutor.java:1122)
        at java.base@17.0.12/java.util.concurrent.ThreadPoolExecutor$Worker.run(ThreadPoolExecutor.java:635)
        at java.base@17.0.12/java.lang.Thread.run(Thread.java:840)
"FixedThreadPoolWithAffinityExecutor-1-0" daemon prio=5 tid=76 timed_waiting
java.lang.Thread.State: TIMED_WAITING
        at java.base@17.0.12/jdk.internal.misc.Unsafe.park(Native Method)
        at java.base@17.0.12/java.util.concurrent.locks.LockSupport.parkNanos(LockSupport.java:252)
        at java.base@17.0.12/java.util.concurrent.locks.AbstractQueuedSynchronizer$ConditionObject.awaitNanos(AbstractQueuedSynchronizer.java:1674)
        at java.base@17.0.12/java.util.concurrent.LinkedBlockingQueue.poll(LinkedBlockingQueue.java:460)
        at app//org.apache.hadoop.hdds.scm.server.ContainerReportQueue.poll(ContainerReportQueue.java:269)
        at app//org.apache.hadoop.hdds.scm.server.ContainerReportQueue.poll(ContainerReportQueue.java:42)
        at app//org.apache.hadoop.hdds.server.events.FixedThreadPoolWithAffinityExecutor$ContainerReportProcessTask.run(FixedThreadPoolWithAffinityExecutor.java:253)
        at java.base@17.0.12/java.util.concurrent.Executors$RunnableAdapter.call(Executors.java:539)
        at java.base@17.0.12/java.util.concurrent.FutureTask.run(FutureTask.java:264)
        at java.base@17.0.12/java.util.concurrent.ThreadPoolExecutor.runWorker(ThreadPoolExecutor.java:1136)
        at java.base@17.0.12/java.util.concurrent.ThreadPoolExecutor$Worker.run(ThreadPoolExecutor.java:635)
        at java.base@17.0.12/java.lang.Thread.run(Thread.java:840)
"89da30bd-cbf9-4a7b-a1ff-1f6963324f22@group-EBDDE0D620EE-SegmentedRaftLogWorker"  prio=5 tid=926 timed_waiting
java.lang.Thread.State: TIMED_WAITING
        at java.base@17.0.12/jdk.internal.misc.Unsafe.park(Native Method)
        at java.base@17.0.12/java.util.concurrent.locks.LockSupport.parkNanos(LockSupport.java:252)
        at java.base@17.0.12/java.util.concurrent.locks.AbstractQueuedSynchronizer$ConditionObject.awaitNanos(AbstractQueuedSynchronizer.java:1674)
        at app//org.apache.ratis.util.DataBlockingQueue.poll(DataBlockingQueue.java:148)
        at app//org.apache.ratis.server.raftlog.segmented.SegmentedRaftLogWorker.run(SegmentedRaftLogWorker.java:306)
        at app//org.apache.ratis.server.raftlog.segmented.SegmentedRaftLogWorker$$Lambda$1171/0x00007f703072aff0.run(Unknown Source)
        at java.base@17.0.12/java.util.concurrent.Executors$RunnableAdapter.call(Executors.java:539)
        at java.base@17.0.12/java.util.concurrent.FutureTask.run(FutureTask.java:264)
        at java.base@17.0.12/java.util.concurrent.ThreadPoolExecutor.runWorker(ThreadPoolExecutor.java:1136)
        at java.base@17.0.12/java.util.concurrent.ThreadPoolExecutor$Worker.run(ThreadPoolExecutor.java:635)
        at java.base@17.0.12/java.lang.Thread.run(Thread.java:840)
"IPC Server handler 54 on default port 15002" daemon prio=5 tid=340 timed_waiting
java.lang.Thread.State: TIMED_WAITING
        at java.base@17.0.12/jdk.internal.misc.Unsafe.park(Native Method)
        at java.base@17.0.12/java.util.concurrent.locks.LockSupport.parkNanos(LockSupport.java:252)
        at java.base@17.0.12/java.util.concurrent.locks.AbstractQueuedSynchronizer$ConditionObject.awaitNanos(AbstractQueuedSynchronizer.java:1674)
        at java.base@17.0.12/java.util.concurrent.LinkedBlockingQueue.poll(LinkedBlockingQueue.java:460)
        at app//org.apache.hadoop.ipc.CallQueueManager.take(CallQueueManager.java:317)
        at app//org.apache.hadoop.ipc.Server$Handler.run(Server.java:3014)
"IPC Server handler 10 on default port 15001" daemon prio=5 tid=196 timed_waiting
java.lang.Thread.State: TIMED_WAITING
        at java.base@17.0.12/jdk.internal.misc.Unsafe.park(Native Method)
        at java.base@17.0.12/java.util.concurrent.locks.LockSupport.parkNanos(LockSupport.java:252)
        at java.base@17.0.12/java.util.concurrent.locks.AbstractQueuedSynchronizer$ConditionObject.awaitNanos(AbstractQueuedSynchronizer.java:1674)
        at java.base@17.0.12/java.util.concurrent.LinkedBlockingQueue.poll(LinkedBlockingQueue.java:460)
        at app//org.apache.hadoop.ipc.CallQueueManager.take(CallQueueManager.java:317)
        at app//org.apache.hadoop.ipc.Server$Handler.run(Server.java:3014)
"IPC Server handler 3 on default port 15000" daemon prio=5 tid=89 timed_waiting
java.lang.Thread.State: TIMED_WAITING
        at java.base@17.0.12/jdk.internal.misc.Unsafe.park(Native Method)
        at java.base@17.0.12/java.util.concurrent.locks.LockSupport.parkNanos(LockSupport.java:252)
        at java.base@17.0.12/java.util.concurrent.locks.AbstractQueuedSynchronizer$ConditionObject.awaitNanos(AbstractQueuedSynchronizer.java:1674)
        at java.base@17.0.12/java.util.concurrent.LinkedBlockingQueue.poll(LinkedBlockingQueue.java:460)
        at app//org.apache.hadoop.ipc.CallQueueManager.take(CallQueueManager.java:317)
        at app//org.apache.hadoop.ipc.Server$Handler.run(Server.java:3014)
"IPC Server handler 71 on default port 15002" daemon prio=5 tid=357 timed_waiting
java.lang.Thread.State: TIMED_WAITING
        at java.base@17.0.12/jdk.internal.misc.Unsafe.park(Native Method)
        at java.base@17.0.12/java.util.concurrent.locks.LockSupport.parkNanos(LockSupport.java:252)
        at java.base@17.0.12/java.util.concurrent.locks.AbstractQueuedSynchronizer$ConditionObject.awaitNanos(AbstractQueuedSynchronizer.java:1674)
        at java.base@17.0.12/java.util.concurrent.LinkedBlockingQueue.poll(LinkedBlockingQueue.java:460)
        at app//org.apache.hadoop.ipc.CallQueueManager.take(CallQueueManager.java:317)
        at app//org.apache.hadoop.ipc.Server$Handler.run(Server.java:3014)
"3ccd597d-6672-4b12-926e-746f973e87fb@group-68695E8EB38B-StateMachineUpdater" daemon prio=5 tid=964 timed_waiting
java.lang.Thread.State: TIMED_WAITING
        at java.base@17.0.12/jdk.internal.misc.Unsafe.park(Native Method)
        at java.base@17.0.12/java.util.concurrent.locks.LockSupport.parkNanos(LockSupport.java:252)
        at java.base@17.0.12/java.util.concurrent.locks.AbstractQueuedSynchronizer$ConditionObject.await(AbstractQueuedSynchronizer.java:1759)
        at app//org.apache.ratis.util.AwaitForSignal.await(AwaitForSignal.java:65)
        at app//org.apache.ratis.server.impl.StateMachineUpdater.waitForCommit(StateMachineUpdater.java:219)
        at app//org.apache.ratis.server.impl.StateMachineUpdater.run(StateMachineUpdater.java:187)
        at java.base@17.0.12/java.lang.Thread.run(Thread.java:840)
"f24c48c6-4a91-44a4-ae9a-fb063e2dd958-EndpointStateMachineTaskThread-/0.0.0.0:15002-0 "  prio=5 tid=811 in Object.wait()
java.lang.Thread.State: WAITING (on object monitor)
        at java.base@17.0.12/jdk.internal.misc.Unsafe.park(Native Method)
        at java.base@17.0.12/java.util.concurrent.locks.LockSupport.park(LockSupport.java:341)
        at java.base@17.0.12/java.util.concurrent.locks.AbstractQueuedSynchronizer$ConditionNode.block(AbstractQueuedSynchronizer.java:506)
        at java.base@17.0.12/java.util.concurrent.ForkJoinPool.unmanagedBlock(ForkJoinPool.java:3465)
        at java.base@17.0.12/java.util.concurrent.ForkJoinPool.managedBlock(ForkJoinPool.java:3436)
        at java.base@17.0.12/java.util.concurrent.locks.AbstractQueuedSynchronizer$ConditionObject.await(AbstractQueuedSynchronizer.java:1625)
        at java.base@17.0.12/java.util.concurrent.LinkedBlockingQueue.take(LinkedBlockingQueue.java:435)
        at java.base@17.0.12/java.util.concurrent.ThreadPoolExecutor.getTask(ThreadPoolExecutor.java:1062)
        at java.base@17.0.12/java.util.concurrent.ThreadPoolExecutor.runWorker(ThreadPoolExecutor.java:1122)
        at java.base@17.0.12/java.util.concurrent.ThreadPoolExecutor$Worker.run(ThreadPoolExecutor.java:635)
        at java.base@17.0.12/java.lang.Thread.run(Thread.java:840)
"3ccd597d-6672-4b12-926e-746f973e87fb-server-thread2" daemon prio=5 tid=1011 timed_waiting
java.lang.Thread.State: TIMED_WAITING
        at java.base@17.0.12/jdk.internal.misc.Unsafe.park(Native Method)
        at java.base@17.0.12/java.util.concurrent.locks.LockSupport.parkNanos(LockSupport.java:252)
        at java.base@17.0.12/java.util.concurrent.SynchronousQueue$TransferStack.transfer(SynchronousQueue.java:401)
        at java.base@17.0.12/java.util.concurrent.SynchronousQueue.poll(SynchronousQueue.java:903)
        at java.base@17.0.12/java.util.concurrent.ThreadPoolExecutor.getTask(ThreadPoolExecutor.java:1061)
        at java.base@17.0.12/java.util.concurrent.ThreadPoolExecutor.runWorker(ThreadPoolExecutor.java:1122)
        at java.base@17.0.12/java.util.concurrent.ThreadPoolExecutor$Worker.run(ThreadPoolExecutor.java:635)
        at java.base@17.0.12/java.lang.Thread.run(Thread.java:840)
"IPC Server handler 84 on default port 15009" daemon prio=5 tid=603 timed_waiting
java.lang.Thread.State: TIMED_WAITING
        at java.base@17.0.12/jdk.internal.misc.Unsafe.park(Native Method)
        at java.base@17.0.12/java.util.concurrent.locks.LockSupport.parkNanos(LockSupport.java:252)
        at java.base@17.0.12/java.util.concurrent.locks.AbstractQueuedSynchronizer$ConditionObject.awaitNanos(AbstractQueuedSynchronizer.java:1674)
        at java.base@17.0.12/java.util.concurrent.LinkedBlockingQueue.poll(LinkedBlockingQueue.java:460)
        at app//org.apache.hadoop.ipc.CallQueueManager.take(CallQueueManager.java:317)
        at app//org.apache.hadoop.ipc.Server$Handler.run(Server.java:3014)
"IPC Server handler 2 on default port 15012" daemon prio=5 tid=657 timed_waiting
java.lang.Thread.State: TIMED_WAITING
        at java.base@17.0.12/jdk.internal.misc.Unsafe.park(Native Method)
        at java.base@17.0.12/java.util.concurrent.locks.LockSupport.parkNanos(LockSupport.java:252)
        at java.base@17.0.12/java.util.concurrent.locks.AbstractQueuedSynchronizer$ConditionObject.awaitNanos(AbstractQueuedSynchronizer.java:1674)
        at java.base@17.0.12/java.util.concurrent.LinkedBlockingQueue.poll(LinkedBlockingQueue.java:460)
        at app//org.apache.hadoop.ipc.CallQueueManager.take(CallQueueManager.java:317)
        at app//org.apache.hadoop.ipc.Server$Handler.run(Server.java:3014)
"89da30bd-cbf9-4a7b-a1ff-1f6963324f22-DatanodeReportManager-1" daemon prio=5 tid=713 in Object.wait()
java.lang.Thread.State: WAITING (on object monitor)
        at java.base@17.0.12/jdk.internal.misc.Unsafe.park(Native Method)
        at java.base@17.0.12/java.util.concurrent.locks.LockSupport.park(LockSupport.java:341)
        at java.base@17.0.12/java.util.concurrent.locks.AbstractQueuedSynchronizer$ConditionNode.block(AbstractQueuedSynchronizer.java:506)
        at java.base@17.0.12/java.util.concurrent.ForkJoinPool.unmanagedBlock(ForkJoinPool.java:3465)
        at java.base@17.0.12/java.util.concurrent.ForkJoinPool.managedBlock(ForkJoinPool.java:3436)
        at java.base@17.0.12/java.util.concurrent.locks.AbstractQueuedSynchronizer$ConditionObject.await(AbstractQueuedSynchronizer.java:1625)
        at java.base@17.0.12/java.util.concurrent.ScheduledThreadPoolExecutor$DelayedWorkQueue.take(ScheduledThreadPoolExecutor.java:1177)
        at java.base@17.0.12/java.util.concurrent.ScheduledThreadPoolExecutor$DelayedWorkQueue.take(ScheduledThreadPoolExecutor.java:899)
        at java.base@17.0.12/java.util.concurrent.ThreadPoolExecutor.getTask(ThreadPoolExecutor.java:1062)
        at java.base@17.0.12/java.util.concurrent.ThreadPoolExecutor.runWorker(ThreadPoolExecutor.java:1122)
        at java.base@17.0.12/java.util.concurrent.ThreadPoolExecutor$Worker.run(ThreadPoolExecutor.java:635)
        at java.base@17.0.12/java.lang.Thread.run(Thread.java:840)
"IPC Server handler 9 on default port 15004" daemon prio=5 tid=461 timed_waiting
java.lang.Thread.State: TIMED_WAITING
        at java.base@17.0.12/jdk.internal.misc.Unsafe.park(Native Method)
        at java.base@17.0.12/java.util.concurrent.locks.LockSupport.parkNanos(LockSupport.java:252)
        at java.base@17.0.12/java.util.concurrent.locks.AbstractQueuedSynchronizer$ConditionObject.awaitNanos(AbstractQueuedSynchronizer.java:1674)
        at java.base@17.0.12/java.util.concurrent.LinkedBlockingQueue.poll(LinkedBlockingQueue.java:460)
        at app//org.apache.hadoop.ipc.CallQueueManager.take(CallQueueManager.java:317)
        at app//org.apache.hadoop.ipc.Server$Handler.run(Server.java:3014)
"Socket Reader #2 for port 15004"  prio=5 tid=413 runnable
java.lang.Thread.State: RUNNABLE
        at java.base@17.0.12/sun.nio.ch.EPoll.wait(Native Method)
        at java.base@17.0.12/sun.nio.ch.EPollSelectorImpl.doSelect(EPollSelectorImpl.java:118)
        at java.base@17.0.12/sun.nio.ch.SelectorImpl.lockAndDoSelect(SelectorImpl.java:129)
        at java.base@17.0.12/sun.nio.ch.SelectorImpl.select(SelectorImpl.java:146)
        at app//org.apache.hadoop.ipc.Server$Listener$Reader.doRunLoop(Server.java:1346)
        at app//org.apache.hadoop.ipc.Server$Listener$Reader.run(Server.java:1325)
"IPC Server handler 84 on default port 15000" daemon prio=5 tid=170 timed_waiting
java.lang.Thread.State: TIMED_WAITING
        at java.base@17.0.12/jdk.internal.misc.Unsafe.park(Native Method)
        at java.base@17.0.12/java.util.concurrent.locks.LockSupport.parkNanos(LockSupport.java:252)
        at java.base@17.0.12/java.util.concurrent.locks.AbstractQueuedSynchronizer$ConditionObject.awaitNanos(AbstractQueuedSynchronizer.java:1674)
        at java.base@17.0.12/java.util.concurrent.LinkedBlockingQueue.poll(LinkedBlockingQueue.java:460)
        at app//org.apache.hadoop.ipc.CallQueueManager.take(CallQueueManager.java:317)
        at app//org.apache.hadoop.ipc.Server$Handler.run(Server.java:3014)
"Socket Reader #4 for port 15012"  prio=5 tid=645 runnable
java.lang.Thread.State: RUNNABLE
        at java.base@17.0.12/sun.nio.ch.EPoll.wait(Native Method)
        at java.base@17.0.12/sun.nio.ch.EPollSelectorImpl.doSelect(EPollSelectorImpl.java:118)
        at java.base@17.0.12/sun.nio.ch.SelectorImpl.lockAndDoSelect(SelectorImpl.java:129)
        at java.base@17.0.12/sun.nio.ch.SelectorImpl.select(SelectorImpl.java:146)
        at app//org.apache.hadoop.ipc.Server$Listener$Reader.doRunLoop(Server.java:1346)
        at app//org.apache.hadoop.ipc.Server$Listener$Reader.run(Server.java:1325)
"IPC Server handler 0 on default port 15012" daemon prio=5 tid=655 timed_waiting
java.lang.Thread.State: TIMED_WAITING
        at java.base@17.0.12/jdk.internal.misc.Unsafe.park(Native Method)
        at java.base@17.0.12/java.util.concurrent.locks.LockSupport.parkNanos(LockSupport.java:252)
        at java.base@17.0.12/java.util.concurrent.locks.AbstractQueuedSynchronizer$ConditionObject.awaitNanos(AbstractQueuedSynchronizer.java:1674)
        at java.base@17.0.12/java.util.concurrent.LinkedBlockingQueue.poll(LinkedBlockingQueue.java:460)
        at app//org.apache.hadoop.ipc.CallQueueManager.take(CallQueueManager.java:317)
        at app//org.apache.hadoop.ipc.Server$Handler.run(Server.java:3014)
"Socket Reader #10 for port 15021"  prio=5 tid=697 runnable
java.lang.Thread.State: RUNNABLE
        at java.base@17.0.12/sun.nio.ch.EPoll.wait(Native Method)
        at java.base@17.0.12/sun.nio.ch.EPollSelectorImpl.doSelect(EPollSelectorImpl.java:118)
        at java.base@17.0.12/sun.nio.ch.SelectorImpl.lockAndDoSelect(SelectorImpl.java:129)
        at java.base@17.0.12/sun.nio.ch.SelectorImpl.select(SelectorImpl.java:146)
        at app//org.apache.hadoop.ipc.Server$Listener$Reader.doRunLoop(Server.java:1346)
        at app//org.apache.hadoop.ipc.Server$Listener$Reader.run(Server.java:1325)
"IPC Server handler 91 on default port 15002" daemon prio=5 tid=377 timed_waiting
java.lang.Thread.State: TIMED_WAITING
        at java.base@17.0.12/jdk.internal.misc.Unsafe.park(Native Method)
        at java.base@17.0.12/java.util.concurrent.locks.LockSupport.parkNanos(LockSupport.java:252)
        at java.base@17.0.12/java.util.concurrent.locks.AbstractQueuedSynchronizer$ConditionObject.awaitNanos(AbstractQueuedSynchronizer.java:1674)
        at java.base@17.0.12/java.util.concurrent.LinkedBlockingQueue.poll(LinkedBlockingQueue.java:460)
        at app//org.apache.hadoop.ipc.CallQueueManager.take(CallQueueManager.java:317)
        at app//org.apache.hadoop.ipc.Server$Handler.run(Server.java:3014)
"IPC Server handler 90 on default port 15000" daemon prio=5 tid=176 timed_waiting
java.lang.Thread.State: TIMED_WAITING
        at java.base@17.0.12/jdk.internal.misc.Unsafe.park(Native Method)
        at java.base@17.0.12/java.util.concurrent.locks.LockSupport.parkNanos(LockSupport.java:252)
        at java.base@17.0.12/java.util.concurrent.locks.AbstractQueuedSynchronizer$ConditionObject.awaitNanos(AbstractQueuedSynchronizer.java:1674)
        at java.base@17.0.12/java.util.concurrent.LinkedBlockingQueue.poll(LinkedBlockingQueue.java:460)
        at app//org.apache.hadoop.ipc.CallQueueManager.take(CallQueueManager.java:317)
        at app//org.apache.hadoop.ipc.Server$Handler.run(Server.java:3014)
"f24c48c6-4a91-44a4-ae9a-fb063e2dd958@group-F07362706381-SegmentedRaftLogWorker"  prio=5 tid=903 timed_waiting
java.lang.Thread.State: TIMED_WAITING
        at java.base@17.0.12/jdk.internal.misc.Unsafe.park(Native Method)
        at java.base@17.0.12/java.util.concurrent.locks.LockSupport.parkNanos(LockSupport.java:252)
        at java.base@17.0.12/java.util.concurrent.locks.AbstractQueuedSynchronizer$ConditionObject.awaitNanos(AbstractQueuedSynchronizer.java:1674)
        at app//org.apache.ratis.util.DataBlockingQueue.poll(DataBlockingQueue.java:148)
        at app//org.apache.ratis.server.raftlog.segmented.SegmentedRaftLogWorker.run(SegmentedRaftLogWorker.java:306)
        at app//org.apache.ratis.server.raftlog.segmented.SegmentedRaftLogWorker$$Lambda$1171/0x00007f703072aff0.run(Unknown Source)
        at java.base@17.0.12/java.util.concurrent.Executors$RunnableAdapter.call(Executors.java:539)
        at java.base@17.0.12/java.util.concurrent.FutureTask.run(FutureTask.java:264)
        at java.base@17.0.12/java.util.concurrent.ThreadPoolExecutor.runWorker(ThreadPoolExecutor.java:1136)
        at java.base@17.0.12/java.util.concurrent.ThreadPoolExecutor$Worker.run(ThreadPoolExecutor.java:635)
        at java.base@17.0.12/java.lang.Thread.run(Thread.java:840)
"IPC Server handler 54 on default port 15009" daemon prio=5 tid=573 timed_waiting
java.lang.Thread.State: TIMED_WAITING
        at java.base@17.0.12/jdk.internal.misc.Unsafe.park(Native Method)
        at java.base@17.0.12/java.util.concurrent.locks.LockSupport.parkNanos(LockSupport.java:252)
        at java.base@17.0.12/java.util.concurrent.locks.AbstractQueuedSynchronizer$ConditionObject.awaitNanos(AbstractQueuedSynchronizer.java:1674)
        at java.base@17.0.12/java.util.concurrent.LinkedBlockingQueue.poll(LinkedBlockingQueue.java:460)
        at app//org.apache.hadoop.ipc.CallQueueManager.take(CallQueueManager.java:317)
        at app//org.apache.hadoop.ipc.Server$Handler.run(Server.java:3014)
"IPC Server handler 60 on default port 15002" daemon prio=5 tid=346 timed_waiting
java.lang.Thread.State: TIMED_WAITING
        at java.base@17.0.12/jdk.internal.misc.Unsafe.park(Native Method)
        at java.base@17.0.12/java.util.concurrent.locks.LockSupport.parkNanos(LockSupport.java:252)
        at java.base@17.0.12/java.util.concurrent.locks.AbstractQueuedSynchronizer$ConditionObject.awaitNanos(AbstractQueuedSynchronizer.java:1674)
        at java.base@17.0.12/java.util.concurrent.LinkedBlockingQueue.poll(LinkedBlockingQueue.java:460)
        at app//org.apache.hadoop.ipc.CallQueueManager.take(CallQueueManager.java:317)
        at app//org.apache.hadoop.ipc.Server$Handler.run(Server.java:3014)
"Recon-FixedThreadPoolWithAffinityExecutor-9-0" daemon prio=5 tid=505 timed_waiting
java.lang.Thread.State: TIMED_WAITING
        at java.base@17.0.12/jdk.internal.misc.Unsafe.park(Native Method)
        at java.base@17.0.12/java.util.concurrent.locks.LockSupport.parkNanos(LockSupport.java:252)
        at java.base@17.0.12/java.util.concurrent.locks.AbstractQueuedSynchronizer$ConditionObject.awaitNanos(AbstractQueuedSynchronizer.java:1674)
        at java.base@17.0.12/java.util.concurrent.LinkedBlockingQueue.poll(LinkedBlockingQueue.java:460)
        at app//org.apache.hadoop.hdds.scm.server.ContainerReportQueue.poll(ContainerReportQueue.java:269)
        at app//org.apache.hadoop.hdds.scm.server.ContainerReportQueue.poll(ContainerReportQueue.java:42)
        at app//org.apache.hadoop.hdds.server.events.FixedThreadPoolWithAffinityExecutor$ContainerReportProcessTask.run(FixedThreadPoolWithAffinityExecutor.java:253)
        at java.base@17.0.12/java.util.concurrent.Executors$RunnableAdapter.call(Executors.java:539)
        at java.base@17.0.12/java.util.concurrent.FutureTask.run(FutureTask.java:264)
        at java.base@17.0.12/java.util.concurrent.ThreadPoolExecutor.runWorker(ThreadPoolExecutor.java:1136)
        at java.base@17.0.12/java.util.concurrent.ThreadPoolExecutor$Worker.run(ThreadPoolExecutor.java:635)
        at java.base@17.0.12/java.lang.Thread.run(Thread.java:840)
"pool-117-thread-1" daemon prio=5 tid=839 timed_waiting
java.lang.Thread.State: TIMED_WAITING
        at java.base@17.0.12/jdk.internal.misc.Unsafe.park(Native Method)
        at java.base@17.0.12/java.util.concurrent.locks.LockSupport.parkNanos(LockSupport.java:252)
        at java.base@17.0.12/java.util.concurrent.locks.AbstractQueuedSynchronizer$ConditionObject.awaitNanos(AbstractQueuedSynchronizer.java:1674)
        at java.base@17.0.12/java.util.concurrent.ScheduledThreadPoolExecutor$DelayedWorkQueue.take(ScheduledThreadPoolExecutor.java:1182)
        at java.base@17.0.12/java.util.concurrent.ScheduledThreadPoolExecutor$DelayedWorkQueue.take(ScheduledThreadPoolExecutor.java:899)
        at java.base@17.0.12/java.util.concurrent.ThreadPoolExecutor.getTask(ThreadPoolExecutor.java:1062)
        at java.base@17.0.12/java.util.concurrent.ThreadPoolExecutor.runWorker(ThreadPoolExecutor.java:1122)
        at java.base@17.0.12/java.util.concurrent.ThreadPoolExecutor$Worker.run(ThreadPoolExecutor.java:635)
        at java.base@17.0.12/java.lang.Thread.run(Thread.java:840)
"Session-HouseKeeper-483fe83a-1"  prio=5 tid=398 timed_waiting
java.lang.Thread.State: TIMED_WAITING
        at java.base@17.0.12/jdk.internal.misc.Unsafe.park(Native Method)
        at java.base@17.0.12/java.util.concurrent.locks.LockSupport.parkNanos(LockSupport.java:252)
        at java.base@17.0.12/java.util.concurrent.locks.AbstractQueuedSynchronizer$ConditionObject.awaitNanos(AbstractQueuedSynchronizer.java:1674)
        at java.base@17.0.12/java.util.concurrent.ScheduledThreadPoolExecutor$DelayedWorkQueue.take(ScheduledThreadPoolExecutor.java:1182)
        at java.base@17.0.12/java.util.concurrent.ScheduledThreadPoolExecutor$DelayedWorkQueue.take(ScheduledThreadPoolExecutor.java:899)
        at java.base@17.0.12/java.util.concurrent.ThreadPoolExecutor.getTask(ThreadPoolExecutor.java:1062)
        at java.base@17.0.12/java.util.concurrent.ThreadPoolExecutor.runWorker(ThreadPoolExecutor.java:1122)
        at java.base@17.0.12/java.util.concurrent.ThreadPoolExecutor$Worker.run(ThreadPoolExecutor.java:635)
        at java.base@17.0.12/java.lang.Thread.run(Thread.java:840)
"IPC Server handler 71 on default port 15001" daemon prio=5 tid=257 timed_waiting
java.lang.Thread.State: TIMED_WAITING
        at java.base@17.0.12/jdk.internal.misc.Unsafe.park(Native Method)
        at java.base@17.0.12/java.util.concurrent.locks.LockSupport.parkNanos(LockSupport.java:252)
        at java.base@17.0.12/java.util.concurrent.locks.AbstractQueuedSynchronizer$ConditionObject.awaitNanos(AbstractQueuedSynchronizer.java:1674)
        at java.base@17.0.12/java.util.concurrent.LinkedBlockingQueue.poll(LinkedBlockingQueue.java:460)
        at app//org.apache.hadoop.ipc.CallQueueManager.take(CallQueueManager.java:317)
        at app//org.apache.hadoop.ipc.Server$Handler.run(Server.java:3014)
"IPC Server handler 81 on default port 15001" daemon prio=5 tid=267 timed_waiting
java.lang.Thread.State: TIMED_WAITING
        at java.base@17.0.12/jdk.internal.misc.Unsafe.park(Native Method)
        at java.base@17.0.12/java.util.concurrent.locks.LockSupport.parkNanos(LockSupport.java:252)
        at java.base@17.0.12/java.util.concurrent.locks.AbstractQueuedSynchronizer$ConditionObject.awaitNanos(AbstractQueuedSynchronizer.java:1674)
        at java.base@17.0.12/java.util.concurrent.LinkedBlockingQueue.poll(LinkedBlockingQueue.java:460)
        at app//org.apache.hadoop.ipc.CallQueueManager.take(CallQueueManager.java:317)
        at app//org.apache.hadoop.ipc.Server$Handler.run(Server.java:3014)
"IPC Server handler 75 on default port 15009" daemon prio=5 tid=594 timed_waiting
java.lang.Thread.State: TIMED_WAITING
        at java.base@17.0.12/jdk.internal.misc.Unsafe.park(Native Method)
        at java.base@17.0.12/java.util.concurrent.locks.LockSupport.parkNanos(LockSupport.java:252)
        at java.base@17.0.12/java.util.concurrent.locks.AbstractQueuedSynchronizer$ConditionObject.awaitNanos(AbstractQueuedSynchronizer.java:1674)
        at java.base@17.0.12/java.util.concurrent.LinkedBlockingQueue.poll(LinkedBlockingQueue.java:460)
        at app//org.apache.hadoop.ipc.CallQueueManager.take(CallQueueManager.java:317)
        at app//org.apache.hadoop.ipc.Server$Handler.run(Server.java:3014)
"Socket Reader #5 for port 15030"  prio=5 tid=738 runnable
java.lang.Thread.State: RUNNABLE
        at java.base@17.0.12/sun.nio.ch.EPoll.wait(Native Method)
        at java.base@17.0.12/sun.nio.ch.EPollSelectorImpl.doSelect(EPollSelectorImpl.java:118)
        at java.base@17.0.12/sun.nio.ch.SelectorImpl.lockAndDoSelect(SelectorImpl.java:129)
        at java.base@17.0.12/sun.nio.ch.SelectorImpl.select(SelectorImpl.java:146)
        at app//org.apache.hadoop.ipc.Server$Listener$Reader.doRunLoop(Server.java:1346)
        at app//org.apache.hadoop.ipc.Server$Listener$Reader.run(Server.java:1325)
"IPC Server handler 42 on default port 15002" daemon prio=5 tid=328 timed_waiting
java.lang.Thread.State: TIMED_WAITING
        at java.base@17.0.12/jdk.internal.misc.Unsafe.park(Native Method)
        at java.base@17.0.12/java.util.concurrent.locks.LockSupport.parkNanos(LockSupport.java:252)
        at java.base@17.0.12/java.util.concurrent.locks.AbstractQueuedSynchronizer$ConditionObject.awaitNanos(AbstractQueuedSynchronizer.java:1674)
        at java.base@17.0.12/java.util.concurrent.LinkedBlockingQueue.poll(LinkedBlockingQueue.java:460)
        at app//org.apache.hadoop.ipc.CallQueueManager.take(CallQueueManager.java:317)
        at app//org.apache.hadoop.ipc.Server$Handler.run(Server.java:3014)
"IPC Server handler 82 on default port 15001" daemon prio=5 tid=268 timed_waiting
java.lang.Thread.State: TIMED_WAITING
        at java.base@17.0.12/jdk.internal.misc.Unsafe.park(Native Method)
        at java.base@17.0.12/java.util.concurrent.locks.LockSupport.parkNanos(LockSupport.java:252)
        at java.base@17.0.12/java.util.concurrent.locks.AbstractQueuedSynchronizer$ConditionObject.awaitNanos(AbstractQueuedSynchronizer.java:1674)
        at java.base@17.0.12/java.util.concurrent.LinkedBlockingQueue.poll(LinkedBlockingQueue.java:460)
        at app//org.apache.hadoop.ipc.CallQueueManager.take(CallQueueManager.java:317)
        at app//org.apache.hadoop.ipc.Server$Handler.run(Server.java:3014)
"IPC Server handler 81 on default port 15002" daemon prio=5 tid=367 timed_waiting
java.lang.Thread.State: TIMED_WAITING
        at java.base@17.0.12/jdk.internal.misc.Unsafe.park(Native Method)
        at java.base@17.0.12/java.util.concurrent.locks.LockSupport.parkNanos(LockSupport.java:252)
        at java.base@17.0.12/java.util.concurrent.locks.AbstractQueuedSynchronizer$ConditionObject.awaitNanos(AbstractQueuedSynchronizer.java:1674)
        at java.base@17.0.12/java.util.concurrent.LinkedBlockingQueue.poll(LinkedBlockingQueue.java:460)
        at app//org.apache.hadoop.ipc.CallQueueManager.take(CallQueueManager.java:317)
        at app//org.apache.hadoop.ipc.Server$Handler.run(Server.java:3014)
"EventQueue-PipelineReportForPipelineReportHandler" daemon prio=5 tid=896 in Object.wait()
java.lang.Thread.State: WAITING (on object monitor)
        at java.base@17.0.12/jdk.internal.misc.Unsafe.park(Native Method)
        at java.base@17.0.12/java.util.concurrent.locks.LockSupport.park(LockSupport.java:341)
        at java.base@17.0.12/java.util.concurrent.locks.AbstractQueuedSynchronizer$ConditionNode.block(AbstractQueuedSynchronizer.java:506)
        at java.base@17.0.12/java.util.concurrent.ForkJoinPool.unmanagedBlock(ForkJoinPool.java:3465)
        at java.base@17.0.12/java.util.concurrent.ForkJoinPool.managedBlock(ForkJoinPool.java:3436)
        at java.base@17.0.12/java.util.concurrent.locks.AbstractQueuedSynchronizer$ConditionObject.await(AbstractQueuedSynchronizer.java:1625)
        at java.base@17.0.12/java.util.concurrent.LinkedBlockingQueue.take(LinkedBlockingQueue.java:435)
        at java.base@17.0.12/java.util.concurrent.ThreadPoolExecutor.getTask(ThreadPoolExecutor.java:1062)
        at java.base@17.0.12/java.util.concurrent.ThreadPoolExecutor.runWorker(ThreadPoolExecutor.java:1122)
        at java.base@17.0.12/java.util.concurrent.ThreadPoolExecutor$Worker.run(ThreadPoolExecutor.java:635)
        at java.base@17.0.12/java.lang.Thread.run(Thread.java:840)
"qtp665841374-450" daemon prio=5 tid=450 timed_waiting
java.lang.Thread.State: TIMED_WAITING
        at java.base@17.0.12/jdk.internal.misc.Unsafe.park(Native Method)
        at java.base@17.0.12/java.util.concurrent.locks.LockSupport.parkNanos(LockSupport.java:252)
        at java.base@17.0.12/java.util.concurrent.locks.AbstractQueuedSynchronizer$ConditionObject.awaitNanos(AbstractQueuedSynchronizer.java:1674)
        at app//org.eclipse.jetty.util.BlockingArrayQueue.poll(BlockingArrayQueue.java:382)
        at app//org.eclipse.jetty.util.thread.QueuedThreadPool$Runner.idleJobPoll(QueuedThreadPool.java:974)
        at app//org.eclipse.jetty.util.thread.QueuedThreadPool$Runner.run(QueuedThreadPool.java:1018)
        at java.base@17.0.12/java.lang.Thread.run(Thread.java:840)
"IPC Server handler 53 on default port 15002" daemon prio=5 tid=339 timed_waiting
java.lang.Thread.State: TIMED_WAITING
        at java.base@17.0.12/jdk.internal.misc.Unsafe.park(Native Method)
        at java.base@17.0.12/java.util.concurrent.locks.LockSupport.parkNanos(LockSupport.java:252)
        at java.base@17.0.12/java.util.concurrent.locks.AbstractQueuedSynchronizer$ConditionObject.awaitNanos(AbstractQueuedSynchronizer.java:1674)
        at java.base@17.0.12/java.util.concurrent.LinkedBlockingQueue.poll(LinkedBlockingQueue.java:460)
        at app//org.apache.hadoop.ipc.CallQueueManager.take(CallQueueManager.java:317)
        at app//org.apache.hadoop.ipc.Server$Handler.run(Server.java:3014)
"Finalizer" daemon prio=8 tid=3 in Object.wait()
java.lang.Thread.State: WAITING (on object monitor)
        at java.base@17.0.12/java.lang.Object.wait(Native Method)
        at java.base@17.0.12/java.lang.ref.ReferenceQueue.remove(ReferenceQueue.java:155)
        at java.base@17.0.12/java.lang.ref.ReferenceQueue.remove(ReferenceQueue.java:176)
        at java.base@17.0.12/java.lang.ref.Finalizer$FinalizerThread.run(Finalizer.java:172)
"RatisPipelineUtilsThread-0"  prio=5 tid=26 timed_waiting
java.lang.Thread.State: TIMED_WAITING
        at java.base@17.0.12/java.lang.Object.wait(Native Method)
        at app//org.apache.hadoop.hdds.scm.pipeline.BackgroundPipelineCreator.run(BackgroundPipelineCreator.java:179)
        at app//org.apache.hadoop.hdds.scm.pipeline.BackgroundPipelineCreator$$Lambda$673/0x00007f7030368b18.run(Unknown Source)
        at java.base@17.0.12/java.lang.Thread.run(Thread.java:840)
"ReplicationMonitor" daemon prio=5 tid=29 timed_waiting
java.lang.Thread.State: TIMED_WAITING
        at java.base@17.0.12/java.lang.Object.wait(Native Method)
        at app//org.apache.hadoop.hdds.scm.container.replication.ReplicationManager.run(ReplicationManager.java:934)
        at app//org.apache.hadoop.hdds.scm.container.replication.ReplicationManager$$Lambda$690/0x00007f70303894d8.run(Unknown Source)
        at java.base@17.0.12/java.lang.Thread.run(Thread.java:840)
"Socket Reader #6 for port 15021"  prio=5 tid=693 runnable
java.lang.Thread.State: RUNNABLE
        at java.base@17.0.12/sun.nio.ch.EPoll.wait(Native Method)
        at java.base@17.0.12/sun.nio.ch.EPollSelectorImpl.doSelect(EPollSelectorImpl.java:118)
        at java.base@17.0.12/sun.nio.ch.SelectorImpl.lockAndDoSelect(SelectorImpl.java:129)
        at java.base@17.0.12/sun.nio.ch.SelectorImpl.select(SelectorImpl.java:146)
        at app//org.apache.hadoop.ipc.Server$Listener$Reader.doRunLoop(Server.java:1346)
        at app//org.apache.hadoop.ipc.Server$Listener$Reader.run(Server.java:1325)
"IPC Server handler 19 on default port 15009" daemon prio=5 tid=538 timed_waiting
java.lang.Thread.State: TIMED_WAITING
        at java.base@17.0.12/jdk.internal.misc.Unsafe.park(Native Method)
        at java.base@17.0.12/java.util.concurrent.locks.LockSupport.parkNanos(LockSupport.java:252)
        at java.base@17.0.12/java.util.concurrent.locks.AbstractQueuedSynchronizer$ConditionObject.awaitNanos(AbstractQueuedSynchronizer.java:1674)
        at java.base@17.0.12/java.util.concurrent.LinkedBlockingQueue.poll(LinkedBlockingQueue.java:460)
        at app//org.apache.hadoop.ipc.CallQueueManager.take(CallQueueManager.java:317)
        at app//org.apache.hadoop.ipc.Server$Handler.run(Server.java:3014)
"89da30bd-cbf9-4a7b-a1ff-1f6963324f22-EndpointStateMachineTaskThread-/0.0.0.0:15009-0 "  prio=5 tid=835 in Object.wait()
java.lang.Thread.State: WAITING (on object monitor)
        at java.base@17.0.12/jdk.internal.misc.Unsafe.park(Native Method)
        at java.base@17.0.12/java.util.concurrent.locks.LockSupport.park(LockSupport.java:341)
        at java.base@17.0.12/java.util.concurrent.locks.AbstractQueuedSynchronizer$ConditionNode.block(AbstractQueuedSynchronizer.java:506)
        at java.base@17.0.12/java.util.concurrent.ForkJoinPool.unmanagedBlock(ForkJoinPool.java:3465)
        at java.base@17.0.12/java.util.concurrent.ForkJoinPool.managedBlock(ForkJoinPool.java:3436)
        at java.base@17.0.12/java.util.concurrent.locks.AbstractQueuedSynchronizer$ConditionObject.await(AbstractQueuedSynchronizer.java:1625)
        at java.base@17.0.12/java.util.concurrent.LinkedBlockingQueue.take(LinkedBlockingQueue.java:435)
        at java.base@17.0.12/java.util.concurrent.ThreadPoolExecutor.getTask(ThreadPoolExecutor.java:1062)
        at java.base@17.0.12/java.util.concurrent.ThreadPoolExecutor.runWorker(ThreadPoolExecutor.java:1122)
        at java.base@17.0.12/java.util.concurrent.ThreadPoolExecutor$Worker.run(ThreadPoolExecutor.java:635)
        at java.base@17.0.12/java.lang.Thread.run(Thread.java:840)
"IPC Server handler 69 on default port 15009" daemon prio=5 tid=588 timed_waiting
java.lang.Thread.State: TIMED_WAITING
        at java.base@17.0.12/jdk.internal.misc.Unsafe.park(Native Method)
        at java.base@17.0.12/java.util.concurrent.locks.LockSupport.parkNanos(LockSupport.java:252)
        at java.base@17.0.12/java.util.concurrent.locks.AbstractQueuedSynchronizer$ConditionObject.awaitNanos(AbstractQueuedSynchronizer.java:1674)
        at java.base@17.0.12/java.util.concurrent.LinkedBlockingQueue.poll(LinkedBlockingQueue.java:460)
        at app//org.apache.hadoop.ipc.CallQueueManager.take(CallQueueManager.java:317)
        at app//org.apache.hadoop.ipc.Server$Handler.run(Server.java:3014)
"IPC Server handler 8 on default port 15009" daemon prio=5 tid=527 timed_waiting
java.lang.Thread.State: TIMED_WAITING
        at java.base@17.0.12/jdk.internal.misc.Unsafe.park(Native Method)
        at java.base@17.0.12/java.util.concurrent.locks.LockSupport.parkNanos(LockSupport.java:252)
        at java.base@17.0.12/java.util.concurrent.locks.AbstractQueuedSynchronizer$ConditionObject.awaitNanos(AbstractQueuedSynchronizer.java:1674)
        at java.base@17.0.12/java.util.concurrent.LinkedBlockingQueue.poll(LinkedBlockingQueue.java:460)
        at app//org.apache.hadoop.ipc.CallQueueManager.take(CallQueueManager.java:317)
        at app//org.apache.hadoop.ipc.Server$Handler.run(Server.java:3014)
"IPC Server handler 22 on default port 15001" daemon prio=5 tid=208 timed_waiting
java.lang.Thread.State: TIMED_WAITING
        at java.base@17.0.12/jdk.internal.misc.Unsafe.park(Native Method)
        at java.base@17.0.12/java.util.concurrent.locks.LockSupport.parkNanos(LockSupport.java:252)
        at java.base@17.0.12/java.util.concurrent.locks.AbstractQueuedSynchronizer$ConditionObject.awaitNanos(AbstractQueuedSynchronizer.java:1674)
        at java.base@17.0.12/java.util.concurrent.LinkedBlockingQueue.poll(LinkedBlockingQueue.java:460)
        at app//org.apache.hadoop.ipc.CallQueueManager.take(CallQueueManager.java:317)
        at app//org.apache.hadoop.ipc.Server$Handler.run(Server.java:3014)
"IPC Server handler 6 on default port 15009" daemon prio=5 tid=525 timed_waiting
java.lang.Thread.State: TIMED_WAITING
        at java.base@17.0.12/jdk.internal.misc.Unsafe.park(Native Method)
        at java.base@17.0.12/java.util.concurrent.locks.LockSupport.parkNanos(LockSupport.java:252)
        at java.base@17.0.12/java.util.concurrent.locks.AbstractQueuedSynchronizer$ConditionObject.awaitNanos(AbstractQueuedSynchronizer.java:1674)
        at java.base@17.0.12/java.util.concurrent.LinkedBlockingQueue.poll(LinkedBlockingQueue.java:460)
        at app//org.apache.hadoop.ipc.CallQueueManager.take(CallQueueManager.java:317)
        at app//org.apache.hadoop.ipc.Server$Handler.run(Server.java:3014)
"IPC Server handler 21 on default port 15002" daemon prio=5 tid=307 timed_waiting
java.lang.Thread.State: TIMED_WAITING
        at java.base@17.0.12/jdk.internal.misc.Unsafe.park(Native Method)
        at java.base@17.0.12/java.util.concurrent.locks.LockSupport.parkNanos(LockSupport.java:252)
        at java.base@17.0.12/java.util.concurrent.locks.AbstractQueuedSynchronizer$ConditionObject.awaitNanos(AbstractQueuedSynchronizer.java:1674)
        at java.base@17.0.12/java.util.concurrent.LinkedBlockingQueue.poll(LinkedBlockingQueue.java:460)
        at app//org.apache.hadoop.ipc.CallQueueManager.take(CallQueueManager.java:317)
        at app//org.apache.hadoop.ipc.Server$Handler.run(Server.java:3014)
"89da30bd-cbf9-4a7b-a1ff-1f6963324f22-DatanodeStateMachineTaskThread-0"  prio=5 tid=717 in Object.wait()
java.lang.Thread.State: WAITING (on object monitor)
        at java.base@17.0.12/jdk.internal.misc.Unsafe.park(Native Method)
        at java.base@17.0.12/java.util.concurrent.locks.LockSupport.park(LockSupport.java:341)
        at java.base@17.0.12/java.util.concurrent.locks.AbstractQueuedSynchronizer$ConditionNode.block(AbstractQueuedSynchronizer.java:506)
        at java.base@17.0.12/java.util.concurrent.ForkJoinPool.unmanagedBlock(ForkJoinPool.java:3465)
        at java.base@17.0.12/java.util.concurrent.ForkJoinPool.managedBlock(ForkJoinPool.java:3436)
        at java.base@17.0.12/java.util.concurrent.locks.AbstractQueuedSynchronizer$ConditionObject.await(AbstractQueuedSynchronizer.java:1625)
        at java.base@17.0.12/java.util.concurrent.LinkedBlockingQueue.take(LinkedBlockingQueue.java:435)
        at java.base@17.0.12/java.util.concurrent.ThreadPoolExecutor.getTask(ThreadPoolExecutor.java:1062)
        at java.base@17.0.12/java.util.concurrent.ThreadPoolExecutor.runWorker(ThreadPoolExecutor.java:1122)
        at java.base@17.0.12/java.util.concurrent.ThreadPoolExecutor$Worker.run(ThreadPoolExecutor.java:635)
        at java.base@17.0.12/java.lang.Thread.run(Thread.java:840)
"SCMHeartbeatProcessor-0" daemon prio=5 tid=25 timed_waiting
java.lang.Thread.State: TIMED_WAITING
        at java.base@17.0.12/jdk.internal.misc.Unsafe.park(Native Method)
        at java.base@17.0.12/java.util.concurrent.locks.LockSupport.parkNanos(LockSupport.java:252)
        at java.base@17.0.12/java.util.concurrent.locks.AbstractQueuedSynchronizer$ConditionObject.awaitNanos(AbstractQueuedSynchronizer.java:1674)
        at java.base@17.0.12/java.util.concurrent.ScheduledThreadPoolExecutor$DelayedWorkQueue.take(ScheduledThreadPoolExecutor.java:1182)
        at java.base@17.0.12/java.util.concurrent.ScheduledThreadPoolExecutor$DelayedWorkQueue.take(ScheduledThreadPoolExecutor.java:899)
        at java.base@17.0.12/java.util.concurrent.ThreadPoolExecutor.getTask(ThreadPoolExecutor.java:1062)
        at java.base@17.0.12/java.util.concurrent.ThreadPoolExecutor.runWorker(ThreadPoolExecutor.java:1122)
        at java.base@17.0.12/java.util.concurrent.ThreadPoolExecutor$Worker.run(ThreadPoolExecutor.java:635)
        at java.base@17.0.12/java.lang.Thread.run(Thread.java:840)
"IPC Server handler 17 on default port 15000" daemon prio=5 tid=103 timed_waiting
java.lang.Thread.State: TIMED_WAITING
        at java.base@17.0.12/jdk.internal.misc.Unsafe.park(Native Method)
        at java.base@17.0.12/java.util.concurrent.locks.LockSupport.parkNanos(LockSupport.java:252)
        at java.base@17.0.12/java.util.concurrent.locks.AbstractQueuedSynchronizer$ConditionObject.awaitNanos(AbstractQueuedSynchronizer.java:1674)
        at java.base@17.0.12/java.util.concurrent.LinkedBlockingQueue.poll(LinkedBlockingQueue.java:460)
        at app//org.apache.hadoop.ipc.CallQueueManager.take(CallQueueManager.java:317)
        at app//org.apache.hadoop.ipc.Server$Handler.run(Server.java:3014)
"IPC Server handler 96 on default port 15001" daemon prio=5 tid=282 timed_waiting
java.lang.Thread.State: TIMED_WAITING
        at java.base@17.0.12/jdk.internal.misc.Unsafe.park(Native Method)
        at java.base@17.0.12/java.util.concurrent.locks.LockSupport.parkNanos(LockSupport.java:252)
        at java.base@17.0.12/java.util.concurrent.locks.AbstractQueuedSynchronizer$ConditionObject.awaitNanos(AbstractQueuedSynchronizer.java:1674)
        at java.base@17.0.12/java.util.concurrent.LinkedBlockingQueue.poll(LinkedBlockingQueue.java:460)
        at app//org.apache.hadoop.ipc.CallQueueManager.take(CallQueueManager.java:317)
        at app//org.apache.hadoop.ipc.Server$Handler.run(Server.java:3014)
"IPC Server handler 43 on default port 15000" daemon prio=5 tid=129 timed_waiting
java.lang.Thread.State: TIMED_WAITING
        at java.base@17.0.12/jdk.internal.misc.Unsafe.park(Native Method)
        at java.base@17.0.12/java.util.concurrent.locks.LockSupport.parkNanos(LockSupport.java:252)
        at java.base@17.0.12/java.util.concurrent.locks.AbstractQueuedSynchronizer$ConditionObject.awaitNanos(AbstractQueuedSynchronizer.java:1674)
        at java.base@17.0.12/java.util.concurrent.LinkedBlockingQueue.poll(LinkedBlockingQueue.java:460)
        at app//org.apache.hadoop.ipc.CallQueueManager.take(CallQueueManager.java:317)
        at app//org.apache.hadoop.ipc.Server$Handler.run(Server.java:3014)
"Socket Reader #4 for port 15002"  prio=5 tid=37 runnable
java.lang.Thread.State: RUNNABLE
        at java.base@17.0.12/sun.nio.ch.EPoll.wait(Native Method)
        at java.base@17.0.12/sun.nio.ch.EPollSelectorImpl.doSelect(EPollSelectorImpl.java:118)
        at java.base@17.0.12/sun.nio.ch.SelectorImpl.lockAndDoSelect(SelectorImpl.java:129)
        at java.base@17.0.12/sun.nio.ch.SelectorImpl.select(SelectorImpl.java:146)
        at app//org.apache.hadoop.ipc.Server$Listener$Reader.doRunLoop(Server.java:1346)
        at app//org.apache.hadoop.ipc.Server$Listener$Reader.run(Server.java:1325)
"FixedThreadPoolWithAffinityExecutor-0-0" daemon prio=5 tid=75 timed_waiting
java.lang.Thread.State: TIMED_WAITING
        at java.base@17.0.12/jdk.internal.misc.Unsafe.park(Native Method)
        at java.base@17.0.12/java.util.concurrent.locks.LockSupport.parkNanos(LockSupport.java:252)
        at java.base@17.0.12/java.util.concurrent.locks.AbstractQueuedSynchronizer$ConditionObject.awaitNanos(AbstractQueuedSynchronizer.java:1674)
        at java.base@17.0.12/java.util.concurrent.LinkedBlockingQueue.poll(LinkedBlockingQueue.java:460)
        at app//org.apache.hadoop.hdds.scm.server.ContainerReportQueue.poll(ContainerReportQueue.java:269)
        at app//org.apache.hadoop.hdds.scm.server.ContainerReportQueue.poll(ContainerReportQueue.java:42)
        at app//org.apache.hadoop.hdds.server.events.FixedThreadPoolWithAffinityExecutor$ContainerReportProcessTask.run(FixedThreadPoolWithAffinityExecutor.java:253)
        at java.base@17.0.12/java.util.concurrent.Executors$RunnableAdapter.call(Executors.java:539)
        at java.base@17.0.12/java.util.concurrent.FutureTask.run(FutureTask.java:264)
        at java.base@17.0.12/java.util.concurrent.ThreadPoolExecutor.runWorker(ThreadPoolExecutor.java:1136)
        at java.base@17.0.12/java.util.concurrent.ThreadPoolExecutor$Worker.run(ThreadPoolExecutor.java:635)
        at java.base@17.0.12/java.lang.Thread.run(Thread.java:840)
"Socket Reader #10 for port 15004"  prio=5 tid=421 runnable
java.lang.Thread.State: RUNNABLE
        at java.base@17.0.12/sun.nio.ch.EPoll.wait(Native Method)
        at java.base@17.0.12/sun.nio.ch.EPollSelectorImpl.doSelect(EPollSelectorImpl.java:118)
        at java.base@17.0.12/sun.nio.ch.SelectorImpl.lockAndDoSelect(SelectorImpl.java:129)
        at java.base@17.0.12/sun.nio.ch.SelectorImpl.select(SelectorImpl.java:146)
        at app//org.apache.hadoop.ipc.Server$Listener$Reader.doRunLoop(Server.java:1346)
        at app//org.apache.hadoop.ipc.Server$Listener$Reader.run(Server.java:1325)
"StaleRecoveringContainerScrubbingService#0" daemon prio=5 tid=830 timed_waiting
java.lang.Thread.State: TIMED_WAITING
        at java.base@17.0.12/jdk.internal.misc.Unsafe.park(Native Method)
        at java.base@17.0.12/java.util.concurrent.locks.LockSupport.parkNanos(LockSupport.java:252)
        at java.base@17.0.12/java.util.concurrent.locks.AbstractQueuedSynchronizer$ConditionObject.awaitNanos(AbstractQueuedSynchronizer.java:1674)
        at java.base@17.0.12/java.util.concurrent.ScheduledThreadPoolExecutor$DelayedWorkQueue.take(ScheduledThreadPoolExecutor.java:1182)
        at java.base@17.0.12/java.util.concurrent.ScheduledThreadPoolExecutor$DelayedWorkQueue.take(ScheduledThreadPoolExecutor.java:899)
        at java.base@17.0.12/java.util.concurrent.ThreadPoolExecutor.getTask(ThreadPoolExecutor.java:1062)
        at java.base@17.0.12/java.util.concurrent.ThreadPoolExecutor.runWorker(ThreadPoolExecutor.java:1122)
        at java.base@17.0.12/java.util.concurrent.ThreadPoolExecutor$Worker.run(ThreadPoolExecutor.java:635)
        at java.base@17.0.12/java.lang.Thread.run(Thread.java:840)
"Hadoop-Metrics-Updater-0" daemon prio=5 tid=74 timed_waiting
java.lang.Thread.State: TIMED_WAITING
        at java.base@17.0.12/jdk.internal.misc.Unsafe.park(Native Method)
        at java.base@17.0.12/java.util.concurrent.locks.LockSupport.parkNanos(LockSupport.java:252)
        at java.base@17.0.12/java.util.concurrent.locks.AbstractQueuedSynchronizer$ConditionObject.awaitNanos(AbstractQueuedSynchronizer.java:1674)
        at java.base@17.0.12/java.util.concurrent.ScheduledThreadPoolExecutor$DelayedWorkQueue.take(ScheduledThreadPoolExecutor.java:1182)
        at java.base@17.0.12/java.util.concurrent.ScheduledThreadPoolExecutor$DelayedWorkQueue.take(ScheduledThreadPoolExecutor.java:899)
        at java.base@17.0.12/java.util.concurrent.ThreadPoolExecutor.getTask(ThreadPoolExecutor.java:1062)
        at java.base@17.0.12/java.util.concurrent.ThreadPoolExecutor.runWorker(ThreadPoolExecutor.java:1122)
        at java.base@17.0.12/java.util.concurrent.ThreadPoolExecutor$Worker.run(ThreadPoolExecutor.java:635)
        at java.base@17.0.12/java.lang.Thread.run(Thread.java:840)
"IPC Server handler 79 on default port 15000" daemon prio=5 tid=165 timed_waiting
java.lang.Thread.State: TIMED_WAITING
        at java.base@17.0.12/jdk.internal.misc.Unsafe.park(Native Method)
        at java.base@17.0.12/java.util.concurrent.locks.LockSupport.parkNanos(LockSupport.java:252)
        at java.base@17.0.12/java.util.concurrent.locks.AbstractQueuedSynchronizer$ConditionObject.awaitNanos(AbstractQueuedSynchronizer.java:1674)
        at java.base@17.0.12/java.util.concurrent.LinkedBlockingQueue.poll(LinkedBlockingQueue.java:460)
        at app//org.apache.hadoop.ipc.CallQueueManager.take(CallQueueManager.java:317)
        at app//org.apache.hadoop.ipc.Server$Handler.run(Server.java:3014)
"IPC Server handler 25 on default port 15001" daemon prio=5 tid=211 timed_waiting
java.lang.Thread.State: TIMED_WAITING
        at java.base@17.0.12/jdk.internal.misc.Unsafe.park(Native Method)
        at java.base@17.0.12/java.util.concurrent.locks.LockSupport.parkNanos(LockSupport.java:252)
        at java.base@17.0.12/java.util.concurrent.locks.AbstractQueuedSynchronizer$ConditionObject.awaitNanos(AbstractQueuedSynchronizer.java:1674)
        at java.base@17.0.12/java.util.concurrent.LinkedBlockingQueue.poll(LinkedBlockingQueue.java:460)
        at app//org.apache.hadoop.ipc.CallQueueManager.take(CallQueueManager.java:317)
        at app//org.apache.hadoop.ipc.Server$Handler.run(Server.java:3014)
"Recon-FixedThreadPoolWithAffinityExecutor-5-0" daemon prio=5 tid=501 timed_waiting
java.lang.Thread.State: TIMED_WAITING
        at java.base@17.0.12/jdk.internal.misc.Unsafe.park(Native Method)
        at java.base@17.0.12/java.util.concurrent.locks.LockSupport.parkNanos(LockSupport.java:252)
        at java.base@17.0.12/java.util.concurrent.locks.AbstractQueuedSynchronizer$ConditionObject.awaitNanos(AbstractQueuedSynchronizer.java:1674)
        at java.base@17.0.12/java.util.concurrent.LinkedBlockingQueue.poll(LinkedBlockingQueue.java:460)
        at app//org.apache.hadoop.hdds.scm.server.ContainerReportQueue.poll(ContainerReportQueue.java:269)
        at app//org.apache.hadoop.hdds.scm.server.ContainerReportQueue.poll(ContainerReportQueue.java:42)
        at app//org.apache.hadoop.hdds.server.events.FixedThreadPoolWithAffinityExecutor$ContainerReportProcessTask.run(FixedThreadPoolWithAffinityExecutor.java:253)
        at java.base@17.0.12/java.util.concurrent.Executors$RunnableAdapter.call(Executors.java:539)
        at java.base@17.0.12/java.util.concurrent.FutureTask.run(FutureTask.java:264)
        at java.base@17.0.12/java.util.concurrent.ThreadPoolExecutor.runWorker(ThreadPoolExecutor.java:1136)
        at java.base@17.0.12/java.util.concurrent.ThreadPoolExecutor$Worker.run(ThreadPoolExecutor.java:635)
        at java.base@17.0.12/java.lang.Thread.run(Thread.java:840)
"IPC Server handler 95 on default port 15000" daemon prio=5 tid=181 timed_waiting
java.lang.Thread.State: TIMED_WAITING
        at java.base@17.0.12/jdk.internal.misc.Unsafe.park(Native Method)
        at java.base@17.0.12/java.util.concurrent.locks.LockSupport.parkNanos(LockSupport.java:252)
        at java.base@17.0.12/java.util.concurrent.locks.AbstractQueuedSynchronizer$ConditionObject.awaitNanos(AbstractQueuedSynchronizer.java:1674)
        at java.base@17.0.12/java.util.concurrent.LinkedBlockingQueue.poll(LinkedBlockingQueue.java:460)
        at app//org.apache.hadoop.ipc.CallQueueManager.take(CallQueueManager.java:317)
        at app//org.apache.hadoop.ipc.Server$Handler.run(Server.java:3014)
"IPC Server handler 1 on default port 15009" daemon prio=5 tid=520 timed_waiting
java.lang.Thread.State: TIMED_WAITING
        at java.base@17.0.12/jdk.internal.misc.Unsafe.park(Native Method)
        at java.base@17.0.12/java.util.concurrent.locks.LockSupport.parkNanos(LockSupport.java:252)
        at java.base@17.0.12/java.util.concurrent.locks.AbstractQueuedSynchronizer$ConditionObject.awaitNanos(AbstractQueuedSynchronizer.java:1674)
        at java.base@17.0.12/java.util.concurrent.LinkedBlockingQueue.poll(LinkedBlockingQueue.java:460)
        at app//org.apache.hadoop.ipc.CallQueueManager.take(CallQueueManager.java:317)
        at app//org.apache.hadoop.ipc.Server$Handler.run(Server.java:3014)
"IPC Server handler 50 on default port 15000" daemon prio=5 tid=136 timed_waiting
java.lang.Thread.State: TIMED_WAITING
        at java.base@17.0.12/jdk.internal.misc.Unsafe.park(Native Method)
        at java.base@17.0.12/java.util.concurrent.locks.LockSupport.parkNanos(LockSupport.java:252)
        at java.base@17.0.12/java.util.concurrent.locks.AbstractQueuedSynchronizer$ConditionObject.awaitNanos(AbstractQueuedSynchronizer.java:1674)
        at java.base@17.0.12/java.util.concurrent.LinkedBlockingQueue.poll(LinkedBlockingQueue.java:460)
        at app//org.apache.hadoop.ipc.CallQueueManager.take(CallQueueManager.java:317)
        at app//org.apache.hadoop.ipc.Server$Handler.run(Server.java:3014)
"IPC Server handler 86 on default port 15009" daemon prio=5 tid=605 timed_waiting
java.lang.Thread.State: TIMED_WAITING
        at java.base@17.0.12/jdk.internal.misc.Unsafe.park(Native Method)
        at java.base@17.0.12/java.util.concurrent.locks.LockSupport.parkNanos(LockSupport.java:252)
        at java.base@17.0.12/java.util.concurrent.locks.AbstractQueuedSynchronizer$ConditionObject.awaitNanos(AbstractQueuedSynchronizer.java:1674)
        at java.base@17.0.12/java.util.concurrent.LinkedBlockingQueue.poll(LinkedBlockingQueue.java:460)
        at app//org.apache.hadoop.ipc.CallQueueManager.take(CallQueueManager.java:317)
        at app//org.apache.hadoop.ipc.Server$Handler.run(Server.java:3014)
"IPC Server handler 91 on default port 15000" daemon prio=5 tid=177 timed_waiting
java.lang.Thread.State: TIMED_WAITING
        at java.base@17.0.12/jdk.internal.misc.Unsafe.park(Native Method)
        at java.base@17.0.12/java.util.concurrent.locks.LockSupport.parkNanos(LockSupport.java:252)
        at java.base@17.0.12/java.util.concurrent.locks.AbstractQueuedSynchronizer$ConditionObject.awaitNanos(AbstractQueuedSynchronizer.java:1674)
        at java.base@17.0.12/java.util.concurrent.LinkedBlockingQueue.poll(LinkedBlockingQueue.java:460)
        at app//org.apache.hadoop.ipc.CallQueueManager.take(CallQueueManager.java:317)
        at app//org.apache.hadoop.ipc.Server$Handler.run(Server.java:3014)
"IPC Server handler 6 on default port 15030" daemon prio=5 tid=753 timed_waiting
java.lang.Thread.State: TIMED_WAITING
        at java.base@17.0.12/jdk.internal.misc.Unsafe.park(Native Method)
        at java.base@17.0.12/java.util.concurrent.locks.LockSupport.parkNanos(LockSupport.java:252)
        at java.base@17.0.12/java.util.concurrent.locks.AbstractQueuedSynchronizer$ConditionObject.awaitNanos(AbstractQueuedSynchronizer.java:1674)
        at java.base@17.0.12/java.util.concurrent.LinkedBlockingQueue.poll(LinkedBlockingQueue.java:460)
        at app//org.apache.hadoop.ipc.CallQueueManager.take(CallQueueManager.java:317)
        at app//org.apache.hadoop.ipc.Server$Handler.run(Server.java:3014)
"qtp1486340678-512" daemon prio=5 tid=512 timed_waiting
java.lang.Thread.State: TIMED_WAITING
        at java.base@17.0.12/jdk.internal.misc.Unsafe.park(Native Method)
        at java.base@17.0.12/java.util.concurrent.locks.LockSupport.parkNanos(LockSupport.java:252)
        at java.base@17.0.12/java.util.concurrent.locks.AbstractQueuedSynchronizer$ConditionObject.awaitNanos(AbstractQueuedSynchronizer.java:1674)
        at app//org.eclipse.jetty.util.BlockingArrayQueue.poll(BlockingArrayQueue.java:382)
        at app//org.eclipse.jetty.util.thread.QueuedThreadPool$Runner.idleJobPoll(QueuedThreadPool.java:974)
        at app//org.eclipse.jetty.util.thread.QueuedThreadPool$Runner.run(QueuedThreadPool.java:1018)
        at java.base@17.0.12/java.lang.Thread.run(Thread.java:840)
"IPC Server handler 55 on default port 15009" daemon prio=5 tid=574 timed_waiting
java.lang.Thread.State: TIMED_WAITING
        at java.base@17.0.12/jdk.internal.misc.Unsafe.park(Native Method)
        at java.base@17.0.12/java.util.concurrent.locks.LockSupport.parkNanos(LockSupport.java:252)
        at java.base@17.0.12/java.util.concurrent.locks.AbstractQueuedSynchronizer$ConditionObject.awaitNanos(AbstractQueuedSynchronizer.java:1674)
        at java.base@17.0.12/java.util.concurrent.LinkedBlockingQueue.poll(LinkedBlockingQueue.java:460)
        at app//org.apache.hadoop.ipc.CallQueueManager.take(CallQueueManager.java:317)
        at app//org.apache.hadoop.ipc.Server$Handler.run(Server.java:3014)
"IPC Server handler 33 on default port 15009" daemon prio=5 tid=552 timed_waiting
java.lang.Thread.State: TIMED_WAITING
        at java.base@17.0.12/jdk.internal.misc.Unsafe.park(Native Method)
        at java.base@17.0.12/java.util.concurrent.locks.LockSupport.parkNanos(LockSupport.java:252)
        at java.base@17.0.12/java.util.concurrent.locks.AbstractQueuedSynchronizer$ConditionObject.awaitNanos(AbstractQueuedSynchronizer.java:1674)
        at java.base@17.0.12/java.util.concurrent.LinkedBlockingQueue.poll(LinkedBlockingQueue.java:460)
        at app//org.apache.hadoop.ipc.CallQueueManager.take(CallQueueManager.java:317)
        at app//org.apache.hadoop.ipc.Server$Handler.run(Server.java:3014)
"IPC Server handler 28 on default port 15000" daemon prio=5 tid=114 timed_waiting
java.lang.Thread.State: TIMED_WAITING
        at java.base@17.0.12/jdk.internal.misc.Unsafe.park(Native Method)
        at java.base@17.0.12/java.util.concurrent.locks.LockSupport.parkNanos(LockSupport.java:252)
        at java.base@17.0.12/java.util.concurrent.locks.AbstractQueuedSynchronizer$ConditionObject.awaitNanos(AbstractQueuedSynchronizer.java:1674)
        at java.base@17.0.12/java.util.concurrent.LinkedBlockingQueue.poll(LinkedBlockingQueue.java:460)
        at app//org.apache.hadoop.ipc.CallQueueManager.take(CallQueueManager.java:317)
        at app//org.apache.hadoop.ipc.Server$Handler.run(Server.java:3014)
"IPC Server handler 98 on default port 15002" daemon prio=5 tid=384 timed_waiting
java.lang.Thread.State: TIMED_WAITING
        at java.base@17.0.12/jdk.internal.misc.Unsafe.park(Native Method)
        at java.base@17.0.12/java.util.concurrent.locks.LockSupport.parkNanos(LockSupport.java:252)
        at java.base@17.0.12/java.util.concurrent.locks.AbstractQueuedSynchronizer$ConditionObject.awaitNanos(AbstractQueuedSynchronizer.java:1674)
        at java.base@17.0.12/java.util.concurrent.LinkedBlockingQueue.poll(LinkedBlockingQueue.java:460)
        at app//org.apache.hadoop.ipc.CallQueueManager.take(CallQueueManager.java:317)
        at app//org.apache.hadoop.ipc.Server$Handler.run(Server.java:3014)
"Socket Reader #6 for port 15012"  prio=5 tid=647 runnable
java.lang.Thread.State: RUNNABLE
        at java.base@17.0.12/sun.nio.ch.EPoll.wait(Native Method)
        at java.base@17.0.12/sun.nio.ch.EPollSelectorImpl.doSelect(EPollSelectorImpl.java:118)
        at java.base@17.0.12/sun.nio.ch.SelectorImpl.lockAndDoSelect(SelectorImpl.java:129)
        at java.base@17.0.12/sun.nio.ch.SelectorImpl.select(SelectorImpl.java:146)
        at app//org.apache.hadoop.ipc.Server$Listener$Reader.doRunLoop(Server.java:1346)
        at app//org.apache.hadoop.ipc.Server$Listener$Reader.run(Server.java:1325)
"IPC Server handler 6 on default port 15000" daemon prio=5 tid=92 timed_waiting
java.lang.Thread.State: TIMED_WAITING
        at java.base@17.0.12/jdk.internal.misc.Unsafe.park(Native Method)
        at java.base@17.0.12/java.util.concurrent.locks.LockSupport.parkNanos(LockSupport.java:252)
        at java.base@17.0.12/java.util.concurrent.locks.AbstractQueuedSynchronizer$ConditionObject.awaitNanos(AbstractQueuedSynchronizer.java:1674)
        at java.base@17.0.12/java.util.concurrent.LinkedBlockingQueue.poll(LinkedBlockingQueue.java:460)
        at app//org.apache.hadoop.ipc.CallQueueManager.take(CallQueueManager.java:317)
        at app//org.apache.hadoop.ipc.Server$Handler.run(Server.java:3014)
"3ccd597d-6672-4b12-926e-746f973e87fb@group-3A08AF1FB2FD-FollowerState" daemon prio=5 tid=986 timed_waiting
java.lang.Thread.State: TIMED_WAITING
        at java.base@17.0.12/java.lang.Thread.sleep(Native Method)
        at java.base@17.0.12/java.lang.Thread.sleep(Thread.java:344)
        at java.base@17.0.12/java.util.concurrent.TimeUnit.sleep(TimeUnit.java:446)
        at app//org.apache.ratis.util.TimeDuration.sleep(TimeDuration.java:353)
        at app//org.apache.ratis.util.TimeDuration.sleep(TimeDuration.java:338)
        at app//org.apache.ratis.server.impl.FollowerState.run(FollowerState.java:129)
"IPC Server handler 74 on default port 15001" daemon prio=5 tid=260 timed_waiting
java.lang.Thread.State: TIMED_WAITING
        at java.base@17.0.12/jdk.internal.misc.Unsafe.park(Native Method)
        at java.base@17.0.12/java.util.concurrent.locks.LockSupport.parkNanos(LockSupport.java:252)
        at java.base@17.0.12/java.util.concurrent.locks.AbstractQueuedSynchronizer$ConditionObject.awaitNanos(AbstractQueuedSynchronizer.java:1674)
        at java.base@17.0.12/java.util.concurrent.LinkedBlockingQueue.poll(LinkedBlockingQueue.java:460)
        at app//org.apache.hadoop.ipc.CallQueueManager.take(CallQueueManager.java:317)
        at app//org.apache.hadoop.ipc.Server$Handler.run(Server.java:3014)
"IPC Server handler 62 on default port 15009" daemon prio=5 tid=581 timed_waiting
java.lang.Thread.State: TIMED_WAITING
        at java.base@17.0.12/jdk.internal.misc.Unsafe.park(Native Method)
        at java.base@17.0.12/java.util.concurrent.locks.LockSupport.parkNanos(LockSupport.java:252)
        at java.base@17.0.12/java.util.concurrent.locks.AbstractQueuedSynchronizer$ConditionObject.awaitNanos(AbstractQueuedSynchronizer.java:1674)
        at java.base@17.0.12/java.util.concurrent.LinkedBlockingQueue.poll(LinkedBlockingQueue.java:460)
        at app//org.apache.hadoop.ipc.CallQueueManager.take(CallQueueManager.java:317)
        at app//org.apache.hadoop.ipc.Server$Handler.run(Server.java:3014)
"IPC Server handler 24 on default port 15002" daemon prio=5 tid=310 timed_waiting
java.lang.Thread.State: TIMED_WAITING
        at java.base@17.0.12/jdk.internal.misc.Unsafe.park(Native Method)
        at java.base@17.0.12/java.util.concurrent.locks.LockSupport.parkNanos(LockSupport.java:252)
        at java.base@17.0.12/java.util.concurrent.locks.AbstractQueuedSynchronizer$ConditionObject.awaitNanos(AbstractQueuedSynchronizer.java:1674)
        at java.base@17.0.12/java.util.concurrent.LinkedBlockingQueue.poll(LinkedBlockingQueue.java:460)
        at app//org.apache.hadoop.ipc.CallQueueManager.take(CallQueueManager.java:317)
        at app//org.apache.hadoop.ipc.Server$Handler.run(Server.java:3014)
"StaleRecoveringContainerScrubbingService#1" daemon prio=5 tid=851 in Object.wait()
java.lang.Thread.State: WAITING (on object monitor)
        at java.base@17.0.12/jdk.internal.misc.Unsafe.park(Native Method)
        at java.base@17.0.12/java.util.concurrent.locks.LockSupport.park(LockSupport.java:341)
        at java.base@17.0.12/java.util.concurrent.locks.AbstractQueuedSynchronizer$ConditionNode.block(AbstractQueuedSynchronizer.java:506)
        at java.base@17.0.12/java.util.concurrent.ForkJoinPool.unmanagedBlock(ForkJoinPool.java:3465)
        at java.base@17.0.12/java.util.concurrent.ForkJoinPool.managedBlock(ForkJoinPool.java:3436)
        at java.base@17.0.12/java.util.concurrent.locks.AbstractQueuedSynchronizer$ConditionObject.await(AbstractQueuedSynchronizer.java:1625)
        at java.base@17.0.12/java.util.concurrent.ScheduledThreadPoolExecutor$DelayedWorkQueue.take(ScheduledThreadPoolExecutor.java:1177)
        at java.base@17.0.12/java.util.concurrent.ScheduledThreadPoolExecutor$DelayedWorkQueue.take(ScheduledThreadPoolExecutor.java:899)
        at java.base@17.0.12/java.util.concurrent.ThreadPoolExecutor.getTask(ThreadPoolExecutor.java:1062)
        at java.base@17.0.12/java.util.concurrent.ThreadPoolExecutor.runWorker(ThreadPoolExecutor.java:1122)
        at java.base@17.0.12/java.util.concurrent.ThreadPoolExecutor$Worker.run(ThreadPoolExecutor.java:635)
        at java.base@17.0.12/java.lang.Thread.run(Thread.java:840)
"IPC Server handler 7 on default port 15004" daemon prio=5 tid=459 timed_waiting
java.lang.Thread.State: TIMED_WAITING
        at java.base@17.0.12/jdk.internal.misc.Unsafe.park(Native Method)
        at java.base@17.0.12/java.util.concurrent.locks.LockSupport.parkNanos(LockSupport.java:252)
        at java.base@17.0.12/java.util.concurrent.locks.AbstractQueuedSynchronizer$ConditionObject.awaitNanos(AbstractQueuedSynchronizer.java:1674)
        at java.base@17.0.12/java.util.concurrent.LinkedBlockingQueue.poll(LinkedBlockingQueue.java:460)
        at app//org.apache.hadoop.ipc.CallQueueManager.take(CallQueueManager.java:317)
        at app//org.apache.hadoop.ipc.Server$Handler.run(Server.java:3014)
"ContainerMetadataScanner" daemon prio=5 tid=859 timed_waiting
java.lang.Thread.State: TIMED_WAITING
        at java.base@17.0.12/java.lang.Thread.sleep(Native Method)
        at app//org.apache.hadoop.ozone.container.ozoneimpl.AbstractBackgroundContainerScanner.handleRemainingSleep(AbstractBackgroundContainerScanner.java:131)
        at app//org.apache.hadoop.ozone.container.ozoneimpl.AbstractBackgroundContainerScanner.runIteration(AbstractBackgroundContainerScanner.java:98)
        at app//org.apache.hadoop.ozone.container.ozoneimpl.AbstractBackgroundContainerScanner.run(AbstractBackgroundContainerScanner.java:57)
"IPC Server handler 32 on default port 15009" daemon prio=5 tid=551 timed_waiting
java.lang.Thread.State: TIMED_WAITING
        at java.base@17.0.12/jdk.internal.misc.Unsafe.park(Native Method)
        at java.base@17.0.12/java.util.concurrent.locks.LockSupport.parkNanos(LockSupport.java:252)
        at java.base@17.0.12/java.util.concurrent.locks.AbstractQueuedSynchronizer$ConditionObject.awaitNanos(AbstractQueuedSynchronizer.java:1674)
        at java.base@17.0.12/java.util.concurrent.LinkedBlockingQueue.poll(LinkedBlockingQueue.java:460)
        at app//org.apache.hadoop.ipc.CallQueueManager.take(CallQueueManager.java:317)
        at app//org.apache.hadoop.ipc.Server$Handler.run(Server.java:3014)
"3ccd597d-6672-4b12-926e-746f973e87fb-RocksDBCompactionThread-0"  prio=5 tid=719 timed_waiting
java.lang.Thread.State: TIMED_WAITING
        at java.base@17.0.12/jdk.internal.misc.Unsafe.park(Native Method)
        at java.base@17.0.12/java.util.concurrent.locks.LockSupport.parkNanos(LockSupport.java:252)
        at java.base@17.0.12/java.util.concurrent.locks.AbstractQueuedSynchronizer$ConditionObject.awaitNanos(AbstractQueuedSynchronizer.java:1674)
        at java.base@17.0.12/java.util.concurrent.ScheduledThreadPoolExecutor$DelayedWorkQueue.take(ScheduledThreadPoolExecutor.java:1182)
        at java.base@17.0.12/java.util.concurrent.ScheduledThreadPoolExecutor$DelayedWorkQueue.take(ScheduledThreadPoolExecutor.java:899)
        at java.base@17.0.12/java.util.concurrent.ThreadPoolExecutor.getTask(ThreadPoolExecutor.java:1062)
        at java.base@17.0.12/java.util.concurrent.ThreadPoolExecutor.runWorker(ThreadPoolExecutor.java:1122)
        at java.base@17.0.12/java.util.concurrent.ThreadPoolExecutor$Worker.run(ThreadPoolExecutor.java:635)
        at java.base@17.0.12/java.lang.Thread.run(Thread.java:840)
"IPC Server handler 76 on default port 15001" daemon prio=5 tid=262 timed_waiting
java.lang.Thread.State: TIMED_WAITING
        at java.base@17.0.12/jdk.internal.misc.Unsafe.park(Native Method)
        at java.base@17.0.12/java.util.concurrent.locks.LockSupport.parkNanos(LockSupport.java:252)
        at java.base@17.0.12/java.util.concurrent.locks.AbstractQueuedSynchronizer$ConditionObject.awaitNanos(AbstractQueuedSynchronizer.java:1674)
        at java.base@17.0.12/java.util.concurrent.LinkedBlockingQueue.poll(LinkedBlockingQueue.java:460)
        at app//org.apache.hadoop.ipc.CallQueueManager.take(CallQueueManager.java:317)
        at app//org.apache.hadoop.ipc.Server$Handler.run(Server.java:3014)
"IPC Server handler 27 on default port 15009" daemon prio=5 tid=546 timed_waiting
java.lang.Thread.State: TIMED_WAITING
        at java.base@17.0.12/jdk.internal.misc.Unsafe.park(Native Method)
        at java.base@17.0.12/java.util.concurrent.locks.LockSupport.parkNanos(LockSupport.java:252)
        at java.base@17.0.12/java.util.concurrent.locks.AbstractQueuedSynchronizer$ConditionObject.awaitNanos(AbstractQueuedSynchronizer.java:1674)
        at java.base@17.0.12/java.util.concurrent.LinkedBlockingQueue.poll(LinkedBlockingQueue.java:460)
        at app//org.apache.hadoop.ipc.CallQueueManager.take(CallQueueManager.java:317)
        at app//org.apache.hadoop.ipc.Server$Handler.run(Server.java:3014)
"IPC Server handler 26 on default port 15000" daemon prio=5 tid=112 timed_waiting
java.lang.Thread.State: TIMED_WAITING
        at java.base@17.0.12/jdk.internal.misc.Unsafe.park(Native Method)
        at java.base@17.0.12/java.util.concurrent.locks.LockSupport.parkNanos(LockSupport.java:252)
        at java.base@17.0.12/java.util.concurrent.locks.AbstractQueuedSynchronizer$ConditionObject.awaitNanos(AbstractQueuedSynchronizer.java:1674)
        at java.base@17.0.12/java.util.concurrent.LinkedBlockingQueue.poll(LinkedBlockingQueue.java:460)
        at app//org.apache.hadoop.ipc.CallQueueManager.take(CallQueueManager.java:317)
        at app//org.apache.hadoop.ipc.Server$Handler.run(Server.java:3014)
"Socket Reader #4 for port 15030"  prio=5 tid=737 runnable
java.lang.Thread.State: RUNNABLE
        at java.base@17.0.12/sun.nio.ch.EPoll.wait(Native Method)
        at java.base@17.0.12/sun.nio.ch.EPollSelectorImpl.doSelect(EPollSelectorImpl.java:118)
        at java.base@17.0.12/sun.nio.ch.SelectorImpl.lockAndDoSelect(SelectorImpl.java:129)
        at java.base@17.0.12/sun.nio.ch.SelectorImpl.select(SelectorImpl.java:146)
        at app//org.apache.hadoop.ipc.Server$Listener$Reader.doRunLoop(Server.java:1346)
        at app//org.apache.hadoop.ipc.Server$Listener$Reader.run(Server.java:1325)
"Socket Reader #6 for port 15004"  prio=5 tid=417 runnable
java.lang.Thread.State: RUNNABLE
        at java.base@17.0.12/sun.nio.ch.EPoll.wait(Native Method)
        at java.base@17.0.12/sun.nio.ch.EPollSelectorImpl.doSelect(EPollSelectorImpl.java:118)
        at java.base@17.0.12/sun.nio.ch.SelectorImpl.lockAndDoSelect(SelectorImpl.java:129)
        at java.base@17.0.12/sun.nio.ch.SelectorImpl.select(SelectorImpl.java:146)
        at app//org.apache.hadoop.ipc.Server$Listener$Reader.doRunLoop(Server.java:1346)
        at app//org.apache.hadoop.ipc.Server$Listener$Reader.run(Server.java:1325)
"IPC Server handler 51 on default port 15009" daemon prio=5 tid=570 timed_waiting
java.lang.Thread.State: TIMED_WAITING
        at java.base@17.0.12/jdk.internal.misc.Unsafe.park(Native Method)
        at java.base@17.0.12/java.util.concurrent.locks.LockSupport.parkNanos(LockSupport.java:252)
        at java.base@17.0.12/java.util.concurrent.locks.AbstractQueuedSynchronizer$ConditionObject.awaitNanos(AbstractQueuedSynchronizer.java:1674)
        at java.base@17.0.12/java.util.concurrent.LinkedBlockingQueue.poll(LinkedBlockingQueue.java:460)
        at app//org.apache.hadoop.ipc.CallQueueManager.take(CallQueueManager.java:317)
        at app//org.apache.hadoop.ipc.Server$Handler.run(Server.java:3014)
"IPC Server handler 1 on default port 15030" daemon prio=5 tid=748 timed_waiting
java.lang.Thread.State: TIMED_WAITING
        at java.base@17.0.12/jdk.internal.misc.Unsafe.park(Native Method)
        at java.base@17.0.12/java.util.concurrent.locks.LockSupport.parkNanos(LockSupport.java:252)
        at java.base@17.0.12/java.util.concurrent.locks.AbstractQueuedSynchronizer$ConditionObject.awaitNanos(AbstractQueuedSynchronizer.java:1674)
        at java.base@17.0.12/java.util.concurrent.LinkedBlockingQueue.poll(LinkedBlockingQueue.java:460)
        at app//org.apache.hadoop.ipc.CallQueueManager.take(CallQueueManager.java:317)
        at app//org.apache.hadoop.ipc.Server$Handler.run(Server.java:3014)
"Socket Reader #1 for port 15002"  prio=5 tid=34 runnable
java.lang.Thread.State: RUNNABLE
        at java.base@17.0.12/sun.nio.ch.EPoll.wait(Native Method)
        at java.base@17.0.12/sun.nio.ch.EPollSelectorImpl.doSelect(EPollSelectorImpl.java:118)
        at java.base@17.0.12/sun.nio.ch.SelectorImpl.lockAndDoSelect(SelectorImpl.java:129)
        at java.base@17.0.12/sun.nio.ch.SelectorImpl.select(SelectorImpl.java:146)
        at app//org.apache.hadoop.ipc.Server$Listener$Reader.doRunLoop(Server.java:1346)
        at app//org.apache.hadoop.ipc.Server$Listener$Reader.run(Server.java:1325)
"IPC Server handler 45 on default port 15000" daemon prio=5 tid=131 timed_waiting
java.lang.Thread.State: TIMED_WAITING
        at java.base@17.0.12/jdk.internal.misc.Unsafe.park(Native Method)
        at java.base@17.0.12/java.util.concurrent.locks.LockSupport.parkNanos(LockSupport.java:252)
        at java.base@17.0.12/java.util.concurrent.locks.AbstractQueuedSynchronizer$ConditionObject.awaitNanos(AbstractQueuedSynchronizer.java:1674)
        at java.base@17.0.12/java.util.concurrent.LinkedBlockingQueue.poll(LinkedBlockingQueue.java:460)
        at app//org.apache.hadoop.ipc.CallQueueManager.take(CallQueueManager.java:317)
        at app//org.apache.hadoop.ipc.Server$Handler.run(Server.java:3014)
"Socket Reader #8 for port 15000"  prio=5 tid=69 runnable
java.lang.Thread.State: RUNNABLE
        at java.base@17.0.12/sun.nio.ch.EPoll.wait(Native Method)
        at java.base@17.0.12/sun.nio.ch.EPollSelectorImpl.doSelect(EPollSelectorImpl.java:118)
        at java.base@17.0.12/sun.nio.ch.SelectorImpl.lockAndDoSelect(SelectorImpl.java:129)
        at java.base@17.0.12/sun.nio.ch.SelectorImpl.select(SelectorImpl.java:146)
        at app//org.apache.hadoop.ipc.Server$Listener$Reader.doRunLoop(Server.java:1346)
        at app//org.apache.hadoop.ipc.Server$Listener$Reader.run(Server.java:1325)
"IPC Server handler 60 on default port 15000" daemon prio=5 tid=146 timed_waiting
java.lang.Thread.State: TIMED_WAITING
        at java.base@17.0.12/jdk.internal.misc.Unsafe.park(Native Method)
        at java.base@17.0.12/java.util.concurrent.locks.LockSupport.parkNanos(LockSupport.java:252)
        at java.base@17.0.12/java.util.concurrent.locks.AbstractQueuedSynchronizer$ConditionObject.awaitNanos(AbstractQueuedSynchronizer.java:1674)
        at java.base@17.0.12/java.util.concurrent.LinkedBlockingQueue.poll(LinkedBlockingQueue.java:460)
        at app//org.apache.hadoop.ipc.CallQueueManager.take(CallQueueManager.java:317)
        at app//org.apache.hadoop.ipc.Server$Handler.run(Server.java:3014)
"IPC Server handler 44 on default port 15000" daemon prio=5 tid=130 timed_waiting
java.lang.Thread.State: TIMED_WAITING
        at java.base@17.0.12/jdk.internal.misc.Unsafe.park(Native Method)
        at java.base@17.0.12/java.util.concurrent.locks.LockSupport.parkNanos(LockSupport.java:252)
        at java.base@17.0.12/java.util.concurrent.locks.AbstractQueuedSynchronizer$ConditionObject.awaitNanos(AbstractQueuedSynchronizer.java:1674)
        at java.base@17.0.12/java.util.concurrent.LinkedBlockingQueue.poll(LinkedBlockingQueue.java:460)
        at app//org.apache.hadoop.ipc.CallQueueManager.take(CallQueueManager.java:317)
        at app//org.apache.hadoop.ipc.Server$Handler.run(Server.java:3014)
"f24c48c6-4a91-44a4-ae9a-fb063e2dd958-DatanodeStateMachineTaskThread-1"  prio=5 tid=810 in Object.wait()
java.lang.Thread.State: WAITING (on object monitor)
        at java.base@17.0.12/jdk.internal.misc.Unsafe.park(Native Method)
        at java.base@17.0.12/java.util.concurrent.locks.LockSupport.park(LockSupport.java:341)
        at java.base@17.0.12/java.util.concurrent.locks.AbstractQueuedSynchronizer$ConditionNode.block(AbstractQueuedSynchronizer.java:506)
        at java.base@17.0.12/java.util.concurrent.ForkJoinPool.unmanagedBlock(ForkJoinPool.java:3465)
        at java.base@17.0.12/java.util.concurrent.ForkJoinPool.managedBlock(ForkJoinPool.java:3436)
        at java.base@17.0.12/java.util.concurrent.locks.AbstractQueuedSynchronizer$ConditionObject.await(AbstractQueuedSynchronizer.java:1625)
        at java.base@17.0.12/java.util.concurrent.LinkedBlockingQueue.take(LinkedBlockingQueue.java:435)
        at java.base@17.0.12/java.util.concurrent.ThreadPoolExecutor.getTask(ThreadPoolExecutor.java:1062)
        at java.base@17.0.12/java.util.concurrent.ThreadPoolExecutor.runWorker(ThreadPoolExecutor.java:1122)
        at java.base@17.0.12/java.util.concurrent.ThreadPoolExecutor$Worker.run(ThreadPoolExecutor.java:635)
        at java.base@17.0.12/java.lang.Thread.run(Thread.java:840)
"qtp1058878861-637" daemon prio=5 tid=637 timed_waiting
java.lang.Thread.State: TIMED_WAITING
        at java.base@17.0.12/jdk.internal.misc.Unsafe.park(Native Method)
        at java.base@17.0.12/java.util.concurrent.locks.LockSupport.parkNanos(LockSupport.java:252)
        at java.base@17.0.12/java.util.concurrent.locks.AbstractQueuedSynchronizer$ConditionObject.awaitNanos(AbstractQueuedSynchronizer.java:1674)
        at app//org.eclipse.jetty.util.BlockingArrayQueue.poll(BlockingArrayQueue.java:382)
        at app//org.eclipse.jetty.util.thread.QueuedThreadPool$Runner.idleJobPoll(QueuedThreadPool.java:974)
        at app//org.eclipse.jetty.util.thread.QueuedThreadPool$Runner.run(QueuedThreadPool.java:1018)
        at java.base@17.0.12/java.lang.Thread.run(Thread.java:840)
"IPC Server handler 38 on default port 15002" daemon prio=5 tid=324 timed_waiting
java.lang.Thread.State: TIMED_WAITING
        at java.base@17.0.12/jdk.internal.misc.Unsafe.park(Native Method)
        at java.base@17.0.12/java.util.concurrent.locks.LockSupport.parkNanos(LockSupport.java:252)
        at java.base@17.0.12/java.util.concurrent.locks.AbstractQueuedSynchronizer$ConditionObject.awaitNanos(AbstractQueuedSynchronizer.java:1674)
        at java.base@17.0.12/java.util.concurrent.LinkedBlockingQueue.poll(LinkedBlockingQueue.java:460)
        at app//org.apache.hadoop.ipc.CallQueueManager.take(CallQueueManager.java:317)
        at app//org.apache.hadoop.ipc.Server$Handler.run(Server.java:3014)
"Timer-0"  prio=5 tid=432 timed_waiting
java.lang.Thread.State: TIMED_WAITING
        at java.base@17.0.12/java.lang.Object.wait(Native Method)
        at java.base@17.0.12/java.util.TimerThread.mainLoop(Timer.java:563)
        at java.base@17.0.12/java.util.TimerThread.run(Timer.java:516)
"IPC Server handler 87 on default port 15000" daemon prio=5 tid=173 timed_waiting
java.lang.Thread.State: TIMED_WAITING
        at java.base@17.0.12/jdk.internal.misc.Unsafe.park(Native Method)
        at java.base@17.0.12/java.util.concurrent.locks.LockSupport.parkNanos(LockSupport.java:252)
        at java.base@17.0.12/java.util.concurrent.locks.AbstractQueuedSynchronizer$ConditionObject.awaitNanos(AbstractQueuedSynchronizer.java:1674)
        at java.base@17.0.12/java.util.concurrent.LinkedBlockingQueue.poll(LinkedBlockingQueue.java:460)
        at app//org.apache.hadoop.ipc.CallQueueManager.take(CallQueueManager.java:317)
        at app//org.apache.hadoop.ipc.Server$Handler.run(Server.java:3014)
"qtp1058878861-635" daemon prio=5 tid=635 timed_waiting
java.lang.Thread.State: TIMED_WAITING
        at java.base@17.0.12/jdk.internal.misc.Unsafe.park(Native Method)
        at java.base@17.0.12/java.util.concurrent.locks.LockSupport.parkNanos(LockSupport.java:252)
        at java.base@17.0.12/java.util.concurrent.locks.AbstractQueuedSynchronizer$ConditionObject.awaitNanos(AbstractQueuedSynchronizer.java:1674)
        at app//org.eclipse.jetty.util.BlockingArrayQueue.poll(BlockingArrayQueue.java:382)
        at app//org.eclipse.jetty.util.thread.QueuedThreadPool$Runner.idleJobPoll(QueuedThreadPool.java:974)
        at app//org.eclipse.jetty.util.thread.QueuedThreadPool$Runner.run(QueuedThreadPool.java:1018)
        at java.base@17.0.12/java.lang.Thread.run(Thread.java:840)
"Socket Reader #5 for port 15021"  prio=5 tid=692 runnable
java.lang.Thread.State: RUNNABLE
        at java.base@17.0.12/sun.nio.ch.EPoll.wait(Native Method)
        at java.base@17.0.12/sun.nio.ch.EPollSelectorImpl.doSelect(EPollSelectorImpl.java:118)
        at java.base@17.0.12/sun.nio.ch.SelectorImpl.lockAndDoSelect(SelectorImpl.java:129)
        at java.base@17.0.12/sun.nio.ch.SelectorImpl.select(SelectorImpl.java:146)
        at app//org.apache.hadoop.ipc.Server$Listener$Reader.doRunLoop(Server.java:1346)
        at app//org.apache.hadoop.ipc.Server$Listener$Reader.run(Server.java:1325)
"FixedThreadPoolWithAffinityExecutor-8-0" daemon prio=5 tid=83 timed_waiting
java.lang.Thread.State: TIMED_WAITING
        at java.base@17.0.12/jdk.internal.misc.Unsafe.park(Native Method)
        at java.base@17.0.12/java.util.concurrent.locks.LockSupport.parkNanos(LockSupport.java:252)
        at java.base@17.0.12/java.util.concurrent.locks.AbstractQueuedSynchronizer$ConditionObject.awaitNanos(AbstractQueuedSynchronizer.java:1674)
        at java.base@17.0.12/java.util.concurrent.LinkedBlockingQueue.poll(LinkedBlockingQueue.java:460)
        at app//org.apache.hadoop.hdds.scm.server.ContainerReportQueue.poll(ContainerReportQueue.java:269)
        at app//org.apache.hadoop.hdds.scm.server.ContainerReportQueue.poll(ContainerReportQueue.java:42)
        at app//org.apache.hadoop.hdds.server.events.FixedThreadPoolWithAffinityExecutor$ContainerReportProcessTask.run(FixedThreadPoolWithAffinityExecutor.java:253)
        at java.base@17.0.12/java.util.concurrent.Executors$RunnableAdapter.call(Executors.java:539)
        at java.base@17.0.12/java.util.concurrent.FutureTask.run(FutureTask.java:264)
        at java.base@17.0.12/java.util.concurrent.ThreadPoolExecutor.runWorker(ThreadPoolExecutor.java:1136)
        at java.base@17.0.12/java.util.concurrent.ThreadPoolExecutor$Worker.run(ThreadPoolExecutor.java:635)
        at java.base@17.0.12/java.lang.Thread.run(Thread.java:840)
"EventQueue-NewNodeForNewNodeHandler" daemon prio=5 tid=891 in Object.wait()
java.lang.Thread.State: WAITING (on object monitor)
        at java.base@17.0.12/jdk.internal.misc.Unsafe.park(Native Method)
        at java.base@17.0.12/java.util.concurrent.locks.LockSupport.park(LockSupport.java:341)
        at java.base@17.0.12/java.util.concurrent.locks.AbstractQueuedSynchronizer$ConditionNode.block(AbstractQueuedSynchronizer.java:506)
        at java.base@17.0.12/java.util.concurrent.ForkJoinPool.unmanagedBlock(ForkJoinPool.java:3465)
        at java.base@17.0.12/java.util.concurrent.ForkJoinPool.managedBlock(ForkJoinPool.java:3436)
        at java.base@17.0.12/java.util.concurrent.locks.AbstractQueuedSynchronizer$ConditionObject.await(AbstractQueuedSynchronizer.java:1625)
        at java.base@17.0.12/java.util.concurrent.LinkedBlockingQueue.take(LinkedBlockingQueue.java:435)
        at java.base@17.0.12/java.util.concurrent.ThreadPoolExecutor.getTask(ThreadPoolExecutor.java:1062)
        at java.base@17.0.12/java.util.concurrent.ThreadPoolExecutor.runWorker(ThreadPoolExecutor.java:1122)
        at java.base@17.0.12/java.util.concurrent.ThreadPoolExecutor$Worker.run(ThreadPoolExecutor.java:635)
        at java.base@17.0.12/java.lang.Thread.run(Thread.java:840)
"SCMBlockDeletingService#0" daemon prio=5 tid=386 timed_waiting
java.lang.Thread.State: TIMED_WAITING
        at java.base@17.0.12/jdk.internal.misc.Unsafe.park(Native Method)
        at java.base@17.0.12/java.util.concurrent.locks.LockSupport.parkNanos(LockSupport.java:252)
        at java.base@17.0.12/java.util.concurrent.locks.AbstractQueuedSynchronizer$ConditionObject.awaitNanos(AbstractQueuedSynchronizer.java:1674)
        at java.base@17.0.12/java.util.concurrent.ScheduledThreadPoolExecutor$DelayedWorkQueue.take(ScheduledThreadPoolExecutor.java:1182)
        at java.base@17.0.12/java.util.concurrent.ScheduledThreadPoolExecutor$DelayedWorkQueue.take(ScheduledThreadPoolExecutor.java:899)
        at java.base@17.0.12/java.util.concurrent.ThreadPoolExecutor.getTask(ThreadPoolExecutor.java:1062)
        at java.base@17.0.12/java.util.concurrent.ThreadPoolExecutor.runWorker(ThreadPoolExecutor.java:1122)
        at java.base@17.0.12/java.util.concurrent.ThreadPoolExecutor$Worker.run(ThreadPoolExecutor.java:635)
        at java.base@17.0.12/java.lang.Thread.run(Thread.java:840)
"ContainerMetadataScanner" daemon prio=5 tid=840 timed_waiting
java.lang.Thread.State: TIMED_WAITING
        at java.base@17.0.12/java.lang.Thread.sleep(Native Method)
        at app//org.apache.hadoop.ozone.container.ozoneimpl.AbstractBackgroundContainerScanner.handleRemainingSleep(AbstractBackgroundContainerScanner.java:131)
        at app//org.apache.hadoop.ozone.container.ozoneimpl.AbstractBackgroundContainerScanner.runIteration(AbstractBackgroundContainerScanner.java:98)
        at app//org.apache.hadoop.ozone.container.ozoneimpl.AbstractBackgroundContainerScanner.run(AbstractBackgroundContainerScanner.java:57)
"Hadoop-Metrics-Updater-0" daemon prio=5 tid=700 timed_waiting
java.lang.Thread.State: TIMED_WAITING
        at java.base@17.0.12/jdk.internal.misc.Unsafe.park(Native Method)
        at java.base@17.0.12/java.util.concurrent.locks.LockSupport.parkNanos(LockSupport.java:252)
        at java.base@17.0.12/java.util.concurrent.locks.AbstractQueuedSynchronizer$ConditionObject.awaitNanos(AbstractQueuedSynchronizer.java:1674)
        at java.base@17.0.12/java.util.concurrent.ScheduledThreadPoolExecutor$DelayedWorkQueue.take(ScheduledThreadPoolExecutor.java:1182)
        at java.base@17.0.12/java.util.concurrent.ScheduledThreadPoolExecutor$DelayedWorkQueue.take(ScheduledThreadPoolExecutor.java:899)
        at java.base@17.0.12/java.util.concurrent.ThreadPoolExecutor.getTask(ThreadPoolExecutor.java:1062)
        at java.base@17.0.12/java.util.concurrent.ThreadPoolExecutor.runWorker(ThreadPoolExecutor.java:1122)
        at java.base@17.0.12/java.util.concurrent.ThreadPoolExecutor$Worker.run(ThreadPoolExecutor.java:635)
        at java.base@17.0.12/java.lang.Thread.run(Thread.java:840)
"timer3" daemon prio=5 tid=1009 timed_waiting
java.lang.Thread.State: TIMED_WAITING
        at java.base@17.0.12/java.lang.Object.wait(Native Method)
        at java.base@17.0.12/java.util.TimerThread.mainLoop(Timer.java:563)
        at java.base@17.0.12/java.util.TimerThread.run(Timer.java:516)
"Common-Cleaner" daemon prio=8 tid=11 timed_waiting
java.lang.Thread.State: TIMED_WAITING
        at java.base@17.0.12/java.lang.Object.wait(Native Method)
        at java.base@17.0.12/java.lang.ref.ReferenceQueue.remove(ReferenceQueue.java:155)
        at java.base@17.0.12/jdk.internal.ref.CleanerImpl.run(CleanerImpl.java:140)
        at java.base@17.0.12/java.lang.Thread.run(Thread.java:840)
        at java.base@17.0.12/jdk.internal.misc.InnocuousThread.run(InnocuousThread.java:162)
"IPC Server handler 5 on default port 15009" daemon prio=5 tid=524 timed_waiting
java.lang.Thread.State: TIMED_WAITING
        at java.base@17.0.12/jdk.internal.misc.Unsafe.park(Native Method)
        at java.base@17.0.12/java.util.concurrent.locks.LockSupport.parkNanos(LockSupport.java:252)
        at java.base@17.0.12/java.util.concurrent.locks.AbstractQueuedSynchronizer$ConditionObject.awaitNanos(AbstractQueuedSynchronizer.java:1674)
        at java.base@17.0.12/java.util.concurrent.LinkedBlockingQueue.poll(LinkedBlockingQueue.java:460)
        at app//org.apache.hadoop.ipc.CallQueueManager.take(CallQueueManager.java:317)
        at app//org.apache.hadoop.ipc.Server$Handler.run(Server.java:3014)
"IPC Server handler 80 on default port 15009" daemon prio=5 tid=599 timed_waiting
java.lang.Thread.State: TIMED_WAITING
        at java.base@17.0.12/jdk.internal.misc.Unsafe.park(Native Method)
        at java.base@17.0.12/java.util.concurrent.locks.LockSupport.parkNanos(LockSupport.java:252)
        at java.base@17.0.12/java.util.concurrent.locks.AbstractQueuedSynchronizer$ConditionObject.awaitNanos(AbstractQueuedSynchronizer.java:1674)
        at java.base@17.0.12/java.util.concurrent.LinkedBlockingQueue.poll(LinkedBlockingQueue.java:460)
        at app//org.apache.hadoop.ipc.CallQueueManager.take(CallQueueManager.java:317)
        at app//org.apache.hadoop.ipc.Server$Handler.run(Server.java:3014)
"grpc-default-worker-ELG-3-3" daemon prio=5 tid=913 runnable
java.lang.Thread.State: RUNNABLE
        at app//org.apache.ratis.thirdparty.io.netty.channel.epoll.Native.epollWait0(Native Method)
        at app//org.apache.ratis.thirdparty.io.netty.channel.epoll.Native.epollWait(Native.java:193)
        at app//org.apache.ratis.thirdparty.io.netty.channel.epoll.EpollEventLoop.epollWait(EpollEventLoop.java:304)
        at app//org.apache.ratis.thirdparty.io.netty.channel.epoll.EpollEventLoop.run(EpollEventLoop.java:368)
        at app//org.apache.ratis.thirdparty.io.netty.util.concurrent.SingleThreadEventExecutor$4.run(SingleThreadEventExecutor.java:997)
        at app//org.apache.ratis.thirdparty.io.netty.util.internal.ThreadExecutorMap$2.run(ThreadExecutorMap.java:74)
        at app//org.apache.ratis.thirdparty.io.netty.util.concurrent.FastThreadLocalRunnable.run(FastThreadLocalRunnable.java:30)
        at java.base@17.0.12/java.lang.Thread.run(Thread.java:840)
"IPC Server handler 40 on default port 15000" daemon prio=5 tid=126 timed_waiting
java.lang.Thread.State: TIMED_WAITING
        at java.base@17.0.12/jdk.internal.misc.Unsafe.park(Native Method)
        at java.base@17.0.12/java.util.concurrent.locks.LockSupport.parkNanos(LockSupport.java:252)
        at java.base@17.0.12/java.util.concurrent.locks.AbstractQueuedSynchronizer$ConditionObject.awaitNanos(AbstractQueuedSynchronizer.java:1674)
        at java.base@17.0.12/java.util.concurrent.LinkedBlockingQueue.poll(LinkedBlockingQueue.java:460)
        at app//org.apache.hadoop.ipc.CallQueueManager.take(CallQueueManager.java:317)
        at app//org.apache.hadoop.ipc.Server$Handler.run(Server.java:3014)
"IPC Server handler 52 on default port 15002" daemon prio=5 tid=338 timed_waiting
java.lang.Thread.State: TIMED_WAITING
        at java.base@17.0.12/jdk.internal.misc.Unsafe.park(Native Method)
        at java.base@17.0.12/java.util.concurrent.locks.LockSupport.parkNanos(LockSupport.java:252)
        at java.base@17.0.12/java.util.concurrent.locks.AbstractQueuedSynchronizer$ConditionObject.awaitNanos(AbstractQueuedSynchronizer.java:1674)
        at java.base@17.0.12/java.util.concurrent.LinkedBlockingQueue.poll(LinkedBlockingQueue.java:460)
        at app//org.apache.hadoop.ipc.CallQueueManager.take(CallQueueManager.java:317)
        at app//org.apache.hadoop.ipc.Server$Handler.run(Server.java:3014)
"Recon-FixedThreadPoolWithAffinityExecutor-8-0" daemon prio=5 tid=504 timed_waiting
java.lang.Thread.State: TIMED_WAITING
        at java.base@17.0.12/jdk.internal.misc.Unsafe.park(Native Method)
        at java.base@17.0.12/java.util.concurrent.locks.LockSupport.parkNanos(LockSupport.java:252)
        at java.base@17.0.12/java.util.concurrent.locks.AbstractQueuedSynchronizer$ConditionObject.awaitNanos(AbstractQueuedSynchronizer.java:1674)
        at java.base@17.0.12/java.util.concurrent.LinkedBlockingQueue.poll(LinkedBlockingQueue.java:460)
        at app//org.apache.hadoop.hdds.scm.server.ContainerReportQueue.poll(ContainerReportQueue.java:269)
        at app//org.apache.hadoop.hdds.scm.server.ContainerReportQueue.poll(ContainerReportQueue.java:42)
        at app//org.apache.hadoop.hdds.server.events.FixedThreadPoolWithAffinityExecutor$ContainerReportProcessTask.run(FixedThreadPoolWithAffinityExecutor.java:253)
        at java.base@17.0.12/java.util.concurrent.Executors$RunnableAdapter.call(Executors.java:539)
        at java.base@17.0.12/java.util.concurrent.FutureTask.run(FutureTask.java:264)
        at java.base@17.0.12/java.util.concurrent.ThreadPoolExecutor.runWorker(ThreadPoolExecutor.java:1136)
        at java.base@17.0.12/java.util.concurrent.ThreadPoolExecutor$Worker.run(ThreadPoolExecutor.java:635)
        at java.base@17.0.12/java.lang.Thread.run(Thread.java:840)
"Socket Reader #10 for port 15000"  prio=5 tid=71 runnable
java.lang.Thread.State: RUNNABLE
        at java.base@17.0.12/sun.nio.ch.EPoll.wait(Native Method)
        at java.base@17.0.12/sun.nio.ch.EPollSelectorImpl.doSelect(EPollSelectorImpl.java:118)
        at java.base@17.0.12/sun.nio.ch.SelectorImpl.lockAndDoSelect(SelectorImpl.java:129)
        at java.base@17.0.12/sun.nio.ch.SelectorImpl.select(SelectorImpl.java:146)
        at app//org.apache.hadoop.ipc.Server$Listener$Reader.doRunLoop(Server.java:1346)
        at app//org.apache.hadoop.ipc.Server$Listener$Reader.run(Server.java:1325)
"IPC Server handler 8 on default port 15001" daemon prio=5 tid=194 timed_waiting
java.lang.Thread.State: TIMED_WAITING
        at java.base@17.0.12/jdk.internal.misc.Unsafe.park(Native Method)
        at java.base@17.0.12/java.util.concurrent.locks.LockSupport.parkNanos(LockSupport.java:252)
        at java.base@17.0.12/java.util.concurrent.locks.AbstractQueuedSynchronizer$ConditionObject.awaitNanos(AbstractQueuedSynchronizer.java:1674)
        at java.base@17.0.12/java.util.concurrent.LinkedBlockingQueue.poll(LinkedBlockingQueue.java:460)
        at app//org.apache.hadoop.ipc.CallQueueManager.take(CallQueueManager.java:317)
        at app//org.apache.hadoop.ipc.Server$Handler.run(Server.java:3014)
"Session-HouseKeeper-7f78cca6-1"  prio=5 tid=451 timed_waiting
java.lang.Thread.State: TIMED_WAITING
        at java.base@17.0.12/jdk.internal.misc.Unsafe.park(Native Method)
        at java.base@17.0.12/java.util.concurrent.locks.LockSupport.parkNanos(LockSupport.java:252)
        at java.base@17.0.12/java.util.concurrent.locks.AbstractQueuedSynchronizer$ConditionObject.awaitNanos(AbstractQueuedSynchronizer.java:1674)
        at java.base@17.0.12/java.util.concurrent.ScheduledThreadPoolExecutor$DelayedWorkQueue.take(ScheduledThreadPoolExecutor.java:1182)
        at java.base@17.0.12/java.util.concurrent.ScheduledThreadPoolExecutor$DelayedWorkQueue.take(ScheduledThreadPoolExecutor.java:899)
        at java.base@17.0.12/java.util.concurrent.ThreadPoolExecutor.getTask(ThreadPoolExecutor.java:1062)
        at java.base@17.0.12/java.util.concurrent.ThreadPoolExecutor.runWorker(ThreadPoolExecutor.java:1122)
        at java.base@17.0.12/java.util.concurrent.ThreadPoolExecutor$Worker.run(ThreadPoolExecutor.java:635)
        at java.base@17.0.12/java.lang.Thread.run(Thread.java:840)
"Socket Reader #6 for port 15030"  prio=5 tid=739 runnable
java.lang.Thread.State: RUNNABLE
        at java.base@17.0.12/sun.nio.ch.EPoll.wait(Native Method)
        at java.base@17.0.12/sun.nio.ch.EPollSelectorImpl.doSelect(EPollSelectorImpl.java:118)
        at java.base@17.0.12/sun.nio.ch.SelectorImpl.lockAndDoSelect(SelectorImpl.java:129)
        at java.base@17.0.12/sun.nio.ch.SelectorImpl.select(SelectorImpl.java:146)
        at app//org.apache.hadoop.ipc.Server$Listener$Reader.doRunLoop(Server.java:1346)
        at app//org.apache.hadoop.ipc.Server$Listener$Reader.run(Server.java:1325)
"IPC Server handler 30 on default port 15002" daemon prio=5 tid=316 timed_waiting
java.lang.Thread.State: TIMED_WAITING
        at java.base@17.0.12/jdk.internal.misc.Unsafe.park(Native Method)
        at java.base@17.0.12/java.util.concurrent.locks.LockSupport.parkNanos(LockSupport.java:252)
        at java.base@17.0.12/java.util.concurrent.locks.AbstractQueuedSynchronizer$ConditionObject.awaitNanos(AbstractQueuedSynchronizer.java:1674)
        at java.base@17.0.12/java.util.concurrent.LinkedBlockingQueue.poll(LinkedBlockingQueue.java:460)
        at app//org.apache.hadoop.ipc.CallQueueManager.take(CallQueueManager.java:317)
        at app//org.apache.hadoop.ipc.Server$Handler.run(Server.java:3014)
"Socket Reader #3 for port 15009"  prio=5 tid=485 runnable
java.lang.Thread.State: RUNNABLE
        at java.base@17.0.12/sun.nio.ch.EPoll.wait(Native Method)
        at java.base@17.0.12/sun.nio.ch.EPollSelectorImpl.doSelect(EPollSelectorImpl.java:118)
        at java.base@17.0.12/sun.nio.ch.SelectorImpl.lockAndDoSelect(SelectorImpl.java:129)
        at java.base@17.0.12/sun.nio.ch.SelectorImpl.select(SelectorImpl.java:146)
        at app//org.apache.hadoop.ipc.Server$Listener$Reader.doRunLoop(Server.java:1346)
        at app//org.apache.hadoop.ipc.Server$Listener$Reader.run(Server.java:1325)
"qtp910917825-680" daemon prio=5 tid=680 runnable
java.lang.Thread.State: RUNNABLE
        at java.base@17.0.12/sun.nio.ch.EPoll.wait(Native Method)
        at java.base@17.0.12/sun.nio.ch.EPollSelectorImpl.doSelect(EPollSelectorImpl.java:118)
        at java.base@17.0.12/sun.nio.ch.SelectorImpl.lockAndDoSelect(SelectorImpl.java:129)
        at java.base@17.0.12/sun.nio.ch.SelectorImpl.select(SelectorImpl.java:146)
        at app//org.eclipse.jetty.io.ManagedSelector.nioSelect(ManagedSelector.java:183)
        at app//org.eclipse.jetty.io.ManagedSelector.select(ManagedSelector.java:190)
        at app//org.eclipse.jetty.io.ManagedSelector$SelectorProducer.select(ManagedSelector.java:606)
        at app//org.eclipse.jetty.io.ManagedSelector$SelectorProducer.produce(ManagedSelector.java:543)
        at app//org.eclipse.jetty.util.thread.strategy.EatWhatYouKill.produceTask(EatWhatYouKill.java:362)
        at app//org.eclipse.jetty.util.thread.strategy.EatWhatYouKill.doProduce(EatWhatYouKill.java:186)
        at app//org.eclipse.jetty.util.thread.strategy.EatWhatYouKill.tryProduce(EatWhatYouKill.java:173)
        at app//org.eclipse.jetty.util.thread.strategy.EatWhatYouKill.produce(EatWhatYouKill.java:137)
        at app//org.eclipse.jetty.io.ManagedSelector$$Lambda$821/0x00007f7030550440.run(Unknown Source)
        at app//org.eclipse.jetty.util.thread.QueuedThreadPool.runJob(QueuedThreadPool.java:883)
        at app//org.eclipse.jetty.util.thread.QueuedThreadPool$Runner.run(QueuedThreadPool.java:1034)
        at java.base@17.0.12/java.lang.Thread.run(Thread.java:840)
"IPC Server handler 82 on default port 15000" daemon prio=5 tid=168 timed_waiting
java.lang.Thread.State: TIMED_WAITING
        at java.base@17.0.12/jdk.internal.misc.Unsafe.park(Native Method)
        at java.base@17.0.12/java.util.concurrent.locks.LockSupport.parkNanos(LockSupport.java:252)
        at java.base@17.0.12/java.util.concurrent.locks.AbstractQueuedSynchronizer$ConditionObject.awaitNanos(AbstractQueuedSynchronizer.java:1674)
        at java.base@17.0.12/java.util.concurrent.LinkedBlockingQueue.poll(LinkedBlockingQueue.java:460)
        at app//org.apache.hadoop.ipc.CallQueueManager.take(CallQueueManager.java:317)
        at app//org.apache.hadoop.ipc.Server$Handler.run(Server.java:3014)
"Socket Reader #5 for port 15012"  prio=5 tid=646 runnable
java.lang.Thread.State: RUNNABLE
        at java.base@17.0.12/sun.nio.ch.EPoll.wait(Native Method)
        at java.base@17.0.12/sun.nio.ch.EPollSelectorImpl.doSelect(EPollSelectorImpl.java:118)
        at java.base@17.0.12/sun.nio.ch.SelectorImpl.lockAndDoSelect(SelectorImpl.java:129)
        at java.base@17.0.12/sun.nio.ch.SelectorImpl.select(SelectorImpl.java:146)
        at app//org.apache.hadoop.ipc.Server$Listener$Reader.doRunLoop(Server.java:1346)
        at app//org.apache.hadoop.ipc.Server$Listener$Reader.run(Server.java:1325)
"Socket Reader #4 for port 15004"  prio=5 tid=415 runnable
java.lang.Thread.State: RUNNABLE
        at java.base@17.0.12/sun.nio.ch.EPoll.wait(Native Method)
        at java.base@17.0.12/sun.nio.ch.EPollSelectorImpl.doSelect(EPollSelectorImpl.java:118)
        at java.base@17.0.12/sun.nio.ch.SelectorImpl.lockAndDoSelect(SelectorImpl.java:129)
        at java.base@17.0.12/sun.nio.ch.SelectorImpl.select(SelectorImpl.java:146)
        at app//org.apache.hadoop.ipc.Server$Listener$Reader.doRunLoop(Server.java:1346)
        at app//org.apache.hadoop.ipc.Server$Listener$Reader.run(Server.java:1325)
"IPC Server handler 1 on default port 15002" daemon prio=5 tid=287 timed_waiting
java.lang.Thread.State: TIMED_WAITING
        at java.base@17.0.12/jdk.internal.misc.Unsafe.park(Native Method)
        at java.base@17.0.12/java.util.concurrent.locks.LockSupport.parkNanos(LockSupport.java:252)
        at java.base@17.0.12/java.util.concurrent.locks.AbstractQueuedSynchronizer$ConditionObject.awaitNanos(AbstractQueuedSynchronizer.java:1674)
        at java.base@17.0.12/java.util.concurrent.LinkedBlockingQueue.poll(LinkedBlockingQueue.java:460)
        at app//org.apache.hadoop.ipc.CallQueueManager.take(CallQueueManager.java:317)
        at app//org.apache.hadoop.ipc.Server$Handler.run(Server.java:3014)
"IPC Server handler 4 on default port 15004" daemon prio=5 tid=456 timed_waiting
java.lang.Thread.State: TIMED_WAITING
        at java.base@17.0.12/jdk.internal.misc.Unsafe.park(Native Method)
        at java.base@17.0.12/java.util.concurrent.locks.LockSupport.parkNanos(LockSupport.java:252)
        at java.base@17.0.12/java.util.concurrent.locks.AbstractQueuedSynchronizer$ConditionObject.awaitNanos(AbstractQueuedSynchronizer.java:1674)
        at java.base@17.0.12/java.util.concurrent.LinkedBlockingQueue.poll(LinkedBlockingQueue.java:460)
        at app//org.apache.hadoop.ipc.CallQueueManager.take(CallQueueManager.java:317)
        at app//org.apache.hadoop.ipc.Server$Handler.run(Server.java:3014)
"DatanodeAdminManager-0" daemon prio=5 tid=32 timed_waiting
java.lang.Thread.State: TIMED_WAITING
        at java.base@17.0.12/jdk.internal.misc.Unsafe.park(Native Method)
        at java.base@17.0.12/java.util.concurrent.locks.LockSupport.parkNanos(LockSupport.java:252)
        at java.base@17.0.12/java.util.concurrent.locks.AbstractQueuedSynchronizer$ConditionObject.awaitNanos(AbstractQueuedSynchronizer.java:1674)
        at java.base@17.0.12/java.util.concurrent.ScheduledThreadPoolExecutor$DelayedWorkQueue.take(ScheduledThreadPoolExecutor.java:1182)
        at java.base@17.0.12/java.util.concurrent.ScheduledThreadPoolExecutor$DelayedWorkQueue.take(ScheduledThreadPoolExecutor.java:899)
        at java.base@17.0.12/java.util.concurrent.ThreadPoolExecutor.getTask(ThreadPoolExecutor.java:1062)
        at java.base@17.0.12/java.util.concurrent.ThreadPoolExecutor.runWorker(ThreadPoolExecutor.java:1122)
        at java.base@17.0.12/java.util.concurrent.ThreadPoolExecutor$Worker.run(ThreadPoolExecutor.java:635)
        at java.base@17.0.12/java.lang.Thread.run(Thread.java:840)
"IPC Server handler 83 on default port 15002" daemon prio=5 tid=369 timed_waiting
java.lang.Thread.State: TIMED_WAITING
        at java.base@17.0.12/jdk.internal.misc.Unsafe.park(Native Method)
        at java.base@17.0.12/java.util.concurrent.locks.LockSupport.parkNanos(LockSupport.java:252)
        at java.base@17.0.12/java.util.concurrent.locks.AbstractQueuedSynchronizer$ConditionObject.awaitNanos(AbstractQueuedSynchronizer.java:1674)
        at java.base@17.0.12/java.util.concurrent.LinkedBlockingQueue.poll(LinkedBlockingQueue.java:460)
        at app//org.apache.hadoop.ipc.CallQueueManager.take(CallQueueManager.java:317)
        at app//org.apache.hadoop.ipc.Server$Handler.run(Server.java:3014)
"FullTableCache-Cleanup-0" daemon prio=5 tid=403 timed_waiting
java.lang.Thread.State: TIMED_WAITING
        at java.base@17.0.12/jdk.internal.misc.Unsafe.park(Native Method)
        at java.base@17.0.12/java.util.concurrent.locks.LockSupport.parkNanos(LockSupport.java:252)
        at java.base@17.0.12/java.util.concurrent.locks.AbstractQueuedSynchronizer$ConditionObject.awaitNanos(AbstractQueuedSynchronizer.java:1674)
        at java.base@17.0.12/java.util.concurrent.ScheduledThreadPoolExecutor$DelayedWorkQueue.take(ScheduledThreadPoolExecutor.java:1182)
        at java.base@17.0.12/java.util.concurrent.ScheduledThreadPoolExecutor$DelayedWorkQueue.take(ScheduledThreadPoolExecutor.java:899)
        at java.base@17.0.12/java.util.concurrent.ThreadPoolExecutor.getTask(ThreadPoolExecutor.java:1062)
        at java.base@17.0.12/java.util.concurrent.ThreadPoolExecutor.runWorker(ThreadPoolExecutor.java:1122)
        at java.base@17.0.12/java.util.concurrent.ThreadPoolExecutor$Worker.run(ThreadPoolExecutor.java:635)
        at java.base@17.0.12/java.lang.Thread.run(Thread.java:840)
"IPC Server handler 12 on default port 15002" daemon prio=5 tid=298 timed_waiting
java.lang.Thread.State: TIMED_WAITING
        at java.base@17.0.12/jdk.internal.misc.Unsafe.park(Native Method)
        at java.base@17.0.12/java.util.concurrent.locks.LockSupport.parkNanos(LockSupport.java:252)
        at java.base@17.0.12/java.util.concurrent.locks.AbstractQueuedSynchronizer$ConditionObject.awaitNanos(AbstractQueuedSynchronizer.java:1674)
        at java.base@17.0.12/java.util.concurrent.LinkedBlockingQueue.poll(LinkedBlockingQueue.java:460)
        at app//org.apache.hadoop.ipc.CallQueueManager.take(CallQueueManager.java:317)
        at app//org.apache.hadoop.ipc.Server$Handler.run(Server.java:3014)
"IPC Server handler 96 on default port 15002" daemon prio=5 tid=382 timed_waiting
java.lang.Thread.State: TIMED_WAITING
        at java.base@17.0.12/jdk.internal.misc.Unsafe.park(Native Method)
        at java.base@17.0.12/java.util.concurrent.locks.LockSupport.parkNanos(LockSupport.java:252)
        at java.base@17.0.12/java.util.concurrent.locks.AbstractQueuedSynchronizer$ConditionObject.awaitNanos(AbstractQueuedSynchronizer.java:1674)
        at java.base@17.0.12/java.util.concurrent.LinkedBlockingQueue.poll(LinkedBlockingQueue.java:460)
        at app//org.apache.hadoop.ipc.CallQueueManager.take(CallQueueManager.java:317)
        at app//org.apache.hadoop.ipc.Server$Handler.run(Server.java:3014)
"f24c48c6-4a91-44a4-ae9a-fb063e2dd958@group-F07362706381-cacheEviction-AwaitToRun" daemon prio=5 tid=901 in Object.wait()
java.lang.Thread.State: WAITING (on object monitor)
        at java.base@17.0.12/jdk.internal.misc.Unsafe.park(Native Method)
        at java.base@17.0.12/java.util.concurrent.locks.LockSupport.park(LockSupport.java:341)
        at java.base@17.0.12/java.util.concurrent.locks.AbstractQueuedSynchronizer$ConditionNode.block(AbstractQueuedSynchronizer.java:506)
        at java.base@17.0.12/java.util.concurrent.ForkJoinPool.unmanagedBlock(ForkJoinPool.java:3465)
        at java.base@17.0.12/java.util.concurrent.ForkJoinPool.managedBlock(ForkJoinPool.java:3436)
        at java.base@17.0.12/java.util.concurrent.locks.AbstractQueuedSynchronizer$ConditionObject.await(AbstractQueuedSynchronizer.java:1625)
        at app//org.apache.ratis.util.AwaitForSignal.await(AwaitForSignal.java:48)
        at app//org.apache.ratis.util.AwaitToRun$RunnableImpl.run(AwaitToRun.java:47)
        at java.base@17.0.12/java.lang.Thread.run(Thread.java:840)
"grpc-default-boss-ELG-1-1" daemon prio=5 tid=430 runnable
java.lang.Thread.State: RUNNABLE
        at app//org.apache.ratis.thirdparty.io.netty.channel.epoll.Native.epollWait(Native Method)
        at app//org.apache.ratis.thirdparty.io.netty.channel.epoll.Native.epollWait(Native.java:220)
        at app//org.apache.ratis.thirdparty.io.netty.channel.epoll.Native.epollWait(Native.java:213)
        at app//org.apache.ratis.thirdparty.io.netty.channel.epoll.EpollEventLoop.epollWaitNoTimerChange(EpollEventLoop.java:308)
        at app//org.apache.ratis.thirdparty.io.netty.channel.epoll.EpollEventLoop.run(EpollEventLoop.java:365)
        at app//org.apache.ratis.thirdparty.io.netty.util.concurrent.SingleThreadEventExecutor$4.run(SingleThreadEventExecutor.java:997)
        at app//org.apache.ratis.thirdparty.io.netty.util.internal.ThreadExecutorMap$2.run(ThreadExecutorMap.java:74)
        at app//org.apache.ratis.thirdparty.io.netty.util.concurrent.FastThreadLocalRunnable.run(FastThreadLocalRunnable.java:30)
        at java.base@17.0.12/java.lang.Thread.run(Thread.java:840)
"IPC Server handler 35 on default port 15002" daemon prio=5 tid=321 timed_waiting
java.lang.Thread.State: TIMED_WAITING
        at java.base@17.0.12/jdk.internal.misc.Unsafe.park(Native Method)
        at java.base@17.0.12/java.util.concurrent.locks.LockSupport.parkNanos(LockSupport.java:252)
        at java.base@17.0.12/java.util.concurrent.locks.AbstractQueuedSynchronizer$ConditionObject.awaitNanos(AbstractQueuedSynchronizer.java:1674)
        at java.base@17.0.12/java.util.concurrent.LinkedBlockingQueue.poll(LinkedBlockingQueue.java:460)
        at app//org.apache.hadoop.ipc.CallQueueManager.take(CallQueueManager.java:317)
        at app//org.apache.hadoop.ipc.Server$Handler.run(Server.java:3014)
"ForkJoinPool.commonPool-worker-1" daemon prio=5 tid=21 in Object.wait()
java.lang.Thread.State: WAITING (on object monitor)
        at java.base@17.0.12/jdk.internal.misc.Unsafe.park(Native Method)
        at java.base@17.0.12/java.util.concurrent.locks.LockSupport.park(LockSupport.java:341)
        at java.base@17.0.12/java.util.concurrent.ForkJoinPool.awaitWork(ForkJoinPool.java:1724)
        at java.base@17.0.12/java.util.concurrent.ForkJoinPool.runWorker(ForkJoinPool.java:1623)
        at java.base@17.0.12/java.util.concurrent.ForkJoinWorkerThread.run(ForkJoinWorkerThread.java:165)
"IPC Server handler 78 on default port 15002" daemon prio=5 tid=364 timed_waiting
java.lang.Thread.State: TIMED_WAITING
        at java.base@17.0.12/jdk.internal.misc.Unsafe.park(Native Method)
        at java.base@17.0.12/java.util.concurrent.locks.LockSupport.parkNanos(LockSupport.java:252)
        at java.base@17.0.12/java.util.concurrent.locks.AbstractQueuedSynchronizer$ConditionObject.awaitNanos(AbstractQueuedSynchronizer.java:1674)
        at java.base@17.0.12/java.util.concurrent.LinkedBlockingQueue.poll(LinkedBlockingQueue.java:460)
        at app//org.apache.hadoop.ipc.CallQueueManager.take(CallQueueManager.java:317)
        at app//org.apache.hadoop.ipc.Server$Handler.run(Server.java:3014)
"IPC Server handler 3 on default port 15004" daemon prio=5 tid=455 timed_waiting
java.lang.Thread.State: TIMED_WAITING
        at java.base@17.0.12/jdk.internal.misc.Unsafe.park(Native Method)
        at java.base@17.0.12/java.util.concurrent.locks.LockSupport.parkNanos(LockSupport.java:252)
        at java.base@17.0.12/java.util.concurrent.locks.AbstractQueuedSynchronizer$ConditionObject.awaitNanos(AbstractQueuedSynchronizer.java:1674)
        at java.base@17.0.12/java.util.concurrent.LinkedBlockingQueue.poll(LinkedBlockingQueue.java:460)
        at app//org.apache.hadoop.ipc.CallQueueManager.take(CallQueueManager.java:317)
        at app//org.apache.hadoop.ipc.Server$Handler.run(Server.java:3014)
"IPC Server handler 10 on default port 15002" daemon prio=5 tid=296 timed_waiting
java.lang.Thread.State: TIMED_WAITING
        at java.base@17.0.12/jdk.internal.misc.Unsafe.park(Native Method)
        at java.base@17.0.12/java.util.concurrent.locks.LockSupport.parkNanos(LockSupport.java:252)
        at java.base@17.0.12/java.util.concurrent.locks.AbstractQueuedSynchronizer$ConditionObject.awaitNanos(AbstractQueuedSynchronizer.java:1674)
        at java.base@17.0.12/java.util.concurrent.LinkedBlockingQueue.poll(LinkedBlockingQueue.java:460)
        at app//org.apache.hadoop.ipc.CallQueueManager.take(CallQueueManager.java:317)
        at app//org.apache.hadoop.ipc.Server$Handler.run(Server.java:3014)
"IPC Server handler 89 on default port 15001" daemon prio=5 tid=275 timed_waiting
java.lang.Thread.State: TIMED_WAITING
        at java.base@17.0.12/jdk.internal.misc.Unsafe.park(Native Method)
        at java.base@17.0.12/java.util.concurrent.locks.LockSupport.parkNanos(LockSupport.java:252)
        at java.base@17.0.12/java.util.concurrent.locks.AbstractQueuedSynchronizer$ConditionObject.awaitNanos(AbstractQueuedSynchronizer.java:1674)
        at java.base@17.0.12/java.util.concurrent.LinkedBlockingQueue.poll(LinkedBlockingQueue.java:460)
        at app//org.apache.hadoop.ipc.CallQueueManager.take(CallQueueManager.java:317)
        at app//org.apache.hadoop.ipc.Server$Handler.run(Server.java:3014)
"89da30bd-cbf9-4a7b-a1ff-1f6963324f22-PeriodicHDDSVolumeChecker" daemon prio=5 tid=837 timed_waiting
java.lang.Thread.State: TIMED_WAITING
        at java.base@17.0.12/jdk.internal.misc.Unsafe.park(Native Method)
        at java.base@17.0.12/java.util.concurrent.locks.LockSupport.parkNanos(LockSupport.java:252)
        at java.base@17.0.12/java.util.concurrent.locks.AbstractQueuedSynchronizer$ConditionObject.awaitNanos(AbstractQueuedSynchronizer.java:1674)
        at java.base@17.0.12/java.util.concurrent.ScheduledThreadPoolExecutor$DelayedWorkQueue.take(ScheduledThreadPoolExecutor.java:1182)
        at java.base@17.0.12/java.util.concurrent.ScheduledThreadPoolExecutor$DelayedWorkQueue.take(ScheduledThreadPoolExecutor.java:899)
        at java.base@17.0.12/java.util.concurrent.ThreadPoolExecutor.getTask(ThreadPoolExecutor.java:1062)
        at java.base@17.0.12/java.util.concurrent.ThreadPoolExecutor.runWorker(ThreadPoolExecutor.java:1122)
        at java.base@17.0.12/java.util.concurrent.ThreadPoolExecutor$Worker.run(ThreadPoolExecutor.java:635)
        at java.base@17.0.12/java.lang.Thread.run(Thread.java:840)
"IPC Server handler 92 on default port 15001" daemon prio=5 tid=278 timed_waiting
java.lang.Thread.State: TIMED_WAITING
        at java.base@17.0.12/jdk.internal.misc.Unsafe.park(Native Method)
        at java.base@17.0.12/java.util.concurrent.locks.LockSupport.parkNanos(LockSupport.java:252)
        at java.base@17.0.12/java.util.concurrent.locks.AbstractQueuedSynchronizer$ConditionObject.awaitNanos(AbstractQueuedSynchronizer.java:1674)
        at java.base@17.0.12/java.util.concurrent.LinkedBlockingQueue.poll(LinkedBlockingQueue.java:460)
        at app//org.apache.hadoop.ipc.CallQueueManager.take(CallQueueManager.java:317)
        at app//org.apache.hadoop.ipc.Server$Handler.run(Server.java:3014)
"3ccd597d-6672-4b12-926e-746f973e87fb-DatanodeStateMachineDaemonThread" daemon prio=5 tid=757 timed_waiting
java.lang.Thread.State: TIMED_WAITING
        at java.base@17.0.12/java.lang.Thread.sleep(Native Method)
        at app//org.apache.hadoop.ozone.container.common.statemachine.DatanodeStateMachine.startStateMachineThread(DatanodeStateMachine.java:358)
        at app//org.apache.hadoop.ozone.container.common.statemachine.DatanodeStateMachine.lambda$startDaemon$1(DatanodeStateMachine.java:544)
        at app//org.apache.hadoop.ozone.container.common.statemachine.DatanodeStateMachine$$Lambda$1692/0x00007f7030d74840.run(Unknown Source)
        at java.base@17.0.12/java.lang.Thread.run(Thread.java:840)
"IPC Server handler 88 on default port 15002" daemon prio=5 tid=374 timed_waiting
java.lang.Thread.State: TIMED_WAITING
        at java.base@17.0.12/jdk.internal.misc.Unsafe.park(Native Method)
        at java.base@17.0.12/java.util.concurrent.locks.LockSupport.parkNanos(LockSupport.java:252)
        at java.base@17.0.12/java.util.concurrent.locks.AbstractQueuedSynchronizer$ConditionObject.awaitNanos(AbstractQueuedSynchronizer.java:1674)
        at java.base@17.0.12/java.util.concurrent.LinkedBlockingQueue.poll(LinkedBlockingQueue.java:460)
        at app//org.apache.hadoop.ipc.CallQueueManager.take(CallQueueManager.java:317)
        at app//org.apache.hadoop.ipc.Server$Handler.run(Server.java:3014)
"IPC Server handler 98 on default port 15000" daemon prio=5 tid=184 timed_waiting
java.lang.Thread.State: TIMED_WAITING
        at java.base@17.0.12/jdk.internal.misc.Unsafe.park(Native Method)
        at java.base@17.0.12/java.util.concurrent.locks.LockSupport.parkNanos(LockSupport.java:252)
        at java.base@17.0.12/java.util.concurrent.locks.AbstractQueuedSynchronizer$ConditionObject.awaitNanos(AbstractQueuedSynchronizer.java:1674)
        at java.base@17.0.12/java.util.concurrent.LinkedBlockingQueue.poll(LinkedBlockingQueue.java:460)
        at app//org.apache.hadoop.ipc.CallQueueManager.take(CallQueueManager.java:317)
        at app//org.apache.hadoop.ipc.Server$Handler.run(Server.java:3014)
"f24c48c6-4a91-44a4-ae9a-fb063e2dd958-NettyServerStreamRpc-bossGroup--thread1"  prio=5 tid=627 runnable
java.lang.Thread.State: RUNNABLE
        at app//org.apache.ratis.thirdparty.io.netty.channel.epoll.Native.epollWait(Native Method)
        at app//org.apache.ratis.thirdparty.io.netty.channel.epoll.Native.epollWait(Native.java:220)
        at app//org.apache.ratis.thirdparty.io.netty.channel.epoll.Native.epollWait(Native.java:213)
        at app//org.apache.ratis.thirdparty.io.netty.channel.epoll.EpollEventLoop.epollWaitNoTimerChange(EpollEventLoop.java:308)
        at app//org.apache.ratis.thirdparty.io.netty.channel.epoll.EpollEventLoop.run(EpollEventLoop.java:365)
        at app//org.apache.ratis.thirdparty.io.netty.util.concurrent.SingleThreadEventExecutor$4.run(SingleThreadEventExecutor.java:997)
        at app//org.apache.ratis.thirdparty.io.netty.util.internal.ThreadExecutorMap$2.run(ThreadExecutorMap.java:74)
        at java.base@17.0.12/java.lang.Thread.run(Thread.java:840)
"IPC Server handler 88 on default port 15009" daemon prio=5 tid=607 timed_waiting
java.lang.Thread.State: TIMED_WAITING
        at java.base@17.0.12/jdk.internal.misc.Unsafe.park(Native Method)
        at java.base@17.0.12/java.util.concurrent.locks.LockSupport.parkNanos(LockSupport.java:252)
        at java.base@17.0.12/java.util.concurrent.locks.AbstractQueuedSynchronizer$ConditionObject.awaitNanos(AbstractQueuedSynchronizer.java:1674)
        at java.base@17.0.12/java.util.concurrent.LinkedBlockingQueue.poll(LinkedBlockingQueue.java:460)
        at app//org.apache.hadoop.ipc.CallQueueManager.take(CallQueueManager.java:317)
        at app//org.apache.hadoop.ipc.Server$Handler.run(Server.java:3014)
"IPC Server listener on 15000" daemon prio=5 tid=61 runnable
java.lang.Thread.State: RUNNABLE
        at java.base@17.0.12/sun.nio.ch.EPoll.wait(Native Method)
        at java.base@17.0.12/sun.nio.ch.EPollSelectorImpl.doSelect(EPollSelectorImpl.java:118)
        at java.base@17.0.12/sun.nio.ch.SelectorImpl.lockAndDoSelect(SelectorImpl.java:129)
        at java.base@17.0.12/sun.nio.ch.SelectorImpl.select(SelectorImpl.java:146)
        at app//org.apache.hadoop.ipc.Server$Listener.run(Server.java:1408)
"IPC Server handler 31 on default port 15002" daemon prio=5 tid=317 timed_waiting
java.lang.Thread.State: TIMED_WAITING
        at java.base@17.0.12/jdk.internal.misc.Unsafe.park(Native Method)
        at java.base@17.0.12/java.util.concurrent.locks.LockSupport.parkNanos(LockSupport.java:252)
        at java.base@17.0.12/java.util.concurrent.locks.AbstractQueuedSynchronizer$ConditionObject.awaitNanos(AbstractQueuedSynchronizer.java:1674)
        at java.base@17.0.12/java.util.concurrent.LinkedBlockingQueue.poll(LinkedBlockingQueue.java:460)
        at app//org.apache.hadoop.ipc.CallQueueManager.take(CallQueueManager.java:317)
        at app//org.apache.hadoop.ipc.Server$Handler.run(Server.java:3014)
"IPC Server handler 95 on default port 15009" daemon prio=5 tid=614 timed_waiting
java.lang.Thread.State: TIMED_WAITING
        at java.base@17.0.12/jdk.internal.misc.Unsafe.park(Native Method)
        at java.base@17.0.12/java.util.concurrent.locks.LockSupport.parkNanos(LockSupport.java:252)
        at java.base@17.0.12/java.util.concurrent.locks.AbstractQueuedSynchronizer$ConditionObject.awaitNanos(AbstractQueuedSynchronizer.java:1674)
        at java.base@17.0.12/java.util.concurrent.LinkedBlockingQueue.poll(LinkedBlockingQueue.java:460)
        at app//org.apache.hadoop.ipc.CallQueueManager.take(CallQueueManager.java:317)
        at app//org.apache.hadoop.ipc.Server$Handler.run(Server.java:3014)
"IPC Server handler 3 on default port 15009" daemon prio=5 tid=522 timed_waiting
java.lang.Thread.State: TIMED_WAITING
        at java.base@17.0.12/jdk.internal.misc.Unsafe.park(Native Method)
        at java.base@17.0.12/java.util.concurrent.locks.LockSupport.parkNanos(LockSupport.java:252)
        at java.base@17.0.12/java.util.concurrent.locks.AbstractQueuedSynchronizer$ConditionObject.awaitNanos(AbstractQueuedSynchronizer.java:1674)
        at java.base@17.0.12/java.util.concurrent.LinkedBlockingQueue.poll(LinkedBlockingQueue.java:460)
        at app//org.apache.hadoop.ipc.CallQueueManager.take(CallQueueManager.java:317)
        at app//org.apache.hadoop.ipc.Server$Handler.run(Server.java:3014)
"Socket Reader #7 for port 15002"  prio=5 tid=40 runnable
java.lang.Thread.State: RUNNABLE
        at java.base@17.0.12/sun.nio.ch.EPoll.wait(Native Method)
        at java.base@17.0.12/sun.nio.ch.EPollSelectorImpl.doSelect(EPollSelectorImpl.java:118)
        at java.base@17.0.12/sun.nio.ch.SelectorImpl.lockAndDoSelect(SelectorImpl.java:129)
        at java.base@17.0.12/sun.nio.ch.SelectorImpl.select(SelectorImpl.java:146)
        at app//org.apache.hadoop.ipc.Server$Listener$Reader.doRunLoop(Server.java:1346)
        at app//org.apache.hadoop.ipc.Server$Listener$Reader.run(Server.java:1325)
"IPC Server handler 19 on default port 15004" daemon prio=5 tid=471 timed_waiting
java.lang.Thread.State: TIMED_WAITING
        at java.base@17.0.12/jdk.internal.misc.Unsafe.park(Native Method)
        at java.base@17.0.12/java.util.concurrent.locks.LockSupport.parkNanos(LockSupport.java:252)
        at java.base@17.0.12/java.util.concurrent.locks.AbstractQueuedSynchronizer$ConditionObject.awaitNanos(AbstractQueuedSynchronizer.java:1674)
        at java.base@17.0.12/java.util.concurrent.LinkedBlockingQueue.poll(LinkedBlockingQueue.java:460)
        at app//org.apache.hadoop.ipc.CallQueueManager.take(CallQueueManager.java:317)
        at app//org.apache.hadoop.ipc.Server$Handler.run(Server.java:3014)
"Socket Reader #7 for port 15000"  prio=5 tid=68 runnable
java.lang.Thread.State: RUNNABLE
        at java.base@17.0.12/sun.nio.ch.EPoll.wait(Native Method)
        at java.base@17.0.12/sun.nio.ch.EPollSelectorImpl.doSelect(EPollSelectorImpl.java:118)
        at java.base@17.0.12/sun.nio.ch.SelectorImpl.lockAndDoSelect(SelectorImpl.java:129)
        at java.base@17.0.12/sun.nio.ch.SelectorImpl.select(SelectorImpl.java:146)
        at app//org.apache.hadoop.ipc.Server$Listener$Reader.doRunLoop(Server.java:1346)
        at app//org.apache.hadoop.ipc.Server$Listener$Reader.run(Server.java:1325)
"IPC Server handler 97 on default port 15000" daemon prio=5 tid=183 timed_waiting
java.lang.Thread.State: TIMED_WAITING
        at java.base@17.0.12/jdk.internal.misc.Unsafe.park(Native Method)
        at java.base@17.0.12/java.util.concurrent.locks.LockSupport.parkNanos(LockSupport.java:252)
        at java.base@17.0.12/java.util.concurrent.locks.AbstractQueuedSynchronizer$ConditionObject.awaitNanos(AbstractQueuedSynchronizer.java:1674)
        at java.base@17.0.12/java.util.concurrent.LinkedBlockingQueue.poll(LinkedBlockingQueue.java:460)
        at app//org.apache.hadoop.ipc.CallQueueManager.take(CallQueueManager.java:317)
        at app//org.apache.hadoop.ipc.Server$Handler.run(Server.java:3014)
"BackgroundPipelineScrubber" daemon prio=5 tid=27 timed_waiting
java.lang.Thread.State: TIMED_WAITING
        at java.base@17.0.12/java.lang.Object.wait(Native Method)
        at app//org.apache.hadoop.hdds.scm.ha.BackgroundSCMService.run(BackgroundSCMService.java:107)
        at app//org.apache.hadoop.hdds.scm.ha.BackgroundSCMService$$Lambda$675/0x00007f7030369410.run(Unknown Source)
        at java.base@17.0.12/java.lang.Thread.run(Thread.java:840)
"pool-135-thread-1"  prio=5 tid=677 timed_waiting
java.lang.Thread.State: TIMED_WAITING
        at java.base@17.0.12/jdk.internal.misc.Unsafe.park(Native Method)
        at java.base@17.0.12/java.util.concurrent.locks.LockSupport.parkNanos(LockSupport.java:252)
        at java.base@17.0.12/java.util.concurrent.locks.AbstractQueuedSynchronizer$ConditionObject.awaitNanos(AbstractQueuedSynchronizer.java:1674)
        at java.base@17.0.12/java.util.concurrent.ScheduledThreadPoolExecutor$DelayedWorkQueue.take(ScheduledThreadPoolExecutor.java:1182)
        at java.base@17.0.12/java.util.concurrent.ScheduledThreadPoolExecutor$DelayedWorkQueue.take(ScheduledThreadPoolExecutor.java:899)
        at java.base@17.0.12/java.util.concurrent.ThreadPoolExecutor.getTask(ThreadPoolExecutor.java:1062)
        at java.base@17.0.12/java.util.concurrent.ThreadPoolExecutor.runWorker(ThreadPoolExecutor.java:1122)
        at java.base@17.0.12/java.util.concurrent.ThreadPoolExecutor$Worker.run(ThreadPoolExecutor.java:635)
        at java.base@17.0.12/java.lang.Thread.run(Thread.java:840)
"qtp910917825-684" daemon prio=5 tid=684 timed_waiting
java.lang.Thread.State: TIMED_WAITING
        at java.base@17.0.12/jdk.internal.misc.Unsafe.park(Native Method)
        at java.base@17.0.12/java.util.concurrent.locks.LockSupport.parkNanos(LockSupport.java:252)
        at java.base@17.0.12/java.util.concurrent.locks.AbstractQueuedSynchronizer$ConditionObject.awaitNanos(AbstractQueuedSynchronizer.java:1674)
        at app//org.eclipse.jetty.util.BlockingArrayQueue.poll(BlockingArrayQueue.java:382)
        at app//org.eclipse.jetty.util.thread.QueuedThreadPool$Runner.idleJobPoll(QueuedThreadPool.java:974)
        at app//org.eclipse.jetty.util.thread.QueuedThreadPool$Runner.run(QueuedThreadPool.java:1018)
        at java.base@17.0.12/java.lang.Thread.run(Thread.java:840)
"f24c48c6-4a91-44a4-ae9a-fb063e2dd958@group-F07362706381-StateMachineUpdater" daemon prio=5 tid=905 timed_waiting
java.lang.Thread.State: TIMED_WAITING
        at java.base@17.0.12/jdk.internal.misc.Unsafe.park(Native Method)
        at java.base@17.0.12/java.util.concurrent.locks.LockSupport.parkNanos(LockSupport.java:252)
        at java.base@17.0.12/java.util.concurrent.locks.AbstractQueuedSynchronizer$ConditionObject.await(AbstractQueuedSynchronizer.java:1759)
        at app//org.apache.ratis.util.AwaitForSignal.await(AwaitForSignal.java:65)
        at app//org.apache.ratis.server.impl.StateMachineUpdater.waitForCommit(StateMachineUpdater.java:219)
        at app//org.apache.ratis.server.impl.StateMachineUpdater.run(StateMachineUpdater.java:187)
        at java.base@17.0.12/java.lang.Thread.run(Thread.java:840)
"IPC Server handler 83 on default port 15009" daemon prio=5 tid=602 timed_waiting
java.lang.Thread.State: TIMED_WAITING
        at java.base@17.0.12/jdk.internal.misc.Unsafe.park(Native Method)
        at java.base@17.0.12/java.util.concurrent.locks.LockSupport.parkNanos(LockSupport.java:252)
        at java.base@17.0.12/java.util.concurrent.locks.AbstractQueuedSynchronizer$ConditionObject.awaitNanos(AbstractQueuedSynchronizer.java:1674)
        at java.base@17.0.12/java.util.concurrent.LinkedBlockingQueue.poll(LinkedBlockingQueue.java:460)
        at app//org.apache.hadoop.ipc.CallQueueManager.take(CallQueueManager.java:317)
        at app//org.apache.hadoop.ipc.Server$Handler.run(Server.java:3014)
"qtp910917825-682" daemon prio=5 tid=682 timed_waiting
java.lang.Thread.State: TIMED_WAITING
        at java.base@17.0.12/jdk.internal.misc.Unsafe.park(Native Method)
        at java.base@17.0.12/java.util.concurrent.locks.LockSupport.parkNanos(LockSupport.java:252)
        at java.base@17.0.12/java.util.concurrent.locks.AbstractQueuedSynchronizer$ConditionObject.awaitNanos(AbstractQueuedSynchronizer.java:1674)
        at app//org.eclipse.jetty.util.BlockingArrayQueue.poll(BlockingArrayQueue.java:382)
        at app//org.eclipse.jetty.util.thread.QueuedThreadPool$Runner.idleJobPoll(QueuedThreadPool.java:974)
        at app//org.eclipse.jetty.util.thread.QueuedThreadPool$Runner.run(QueuedThreadPool.java:1018)
        at java.base@17.0.12/java.lang.Thread.run(Thread.java:840)
"Recon-FixedThreadPoolWithAffinityExecutor-0-0" daemon prio=5 tid=496 timed_waiting
java.lang.Thread.State: TIMED_WAITING
        at java.base@17.0.12/jdk.internal.misc.Unsafe.park(Native Method)
        at java.base@17.0.12/java.util.concurrent.locks.LockSupport.parkNanos(LockSupport.java:252)
        at java.base@17.0.12/java.util.concurrent.locks.AbstractQueuedSynchronizer$ConditionObject.awaitNanos(AbstractQueuedSynchronizer.java:1674)
        at java.base@17.0.12/java.util.concurrent.LinkedBlockingQueue.poll(LinkedBlockingQueue.java:460)
        at app//org.apache.hadoop.hdds.scm.server.ContainerReportQueue.poll(ContainerReportQueue.java:269)
        at app//org.apache.hadoop.hdds.scm.server.ContainerReportQueue.poll(ContainerReportQueue.java:42)
        at app//org.apache.hadoop.hdds.server.events.FixedThreadPoolWithAffinityExecutor$ContainerReportProcessTask.run(FixedThreadPoolWithAffinityExecutor.java:253)
        at java.base@17.0.12/java.util.concurrent.Executors$RunnableAdapter.call(Executors.java:539)
        at java.base@17.0.12/java.util.concurrent.FutureTask.run(FutureTask.java:264)
        at java.base@17.0.12/java.util.concurrent.ThreadPoolExecutor.runWorker(ThreadPoolExecutor.java:1136)
        at java.base@17.0.12/java.util.concurrent.ThreadPoolExecutor$Worker.run(ThreadPoolExecutor.java:635)
        at java.base@17.0.12/java.lang.Thread.run(Thread.java:840)
"IPC Server handler 48 on default port 15001" daemon prio=5 tid=234 timed_waiting
java.lang.Thread.State: TIMED_WAITING
        at java.base@17.0.12/jdk.internal.misc.Unsafe.park(Native Method)
        at java.base@17.0.12/java.util.concurrent.locks.LockSupport.parkNanos(LockSupport.java:252)
        at java.base@17.0.12/java.util.concurrent.locks.AbstractQueuedSynchronizer$ConditionObject.awaitNanos(AbstractQueuedSynchronizer.java:1674)
        at java.base@17.0.12/java.util.concurrent.LinkedBlockingQueue.poll(LinkedBlockingQueue.java:460)
        at app//org.apache.hadoop.ipc.CallQueueManager.take(CallQueueManager.java:317)
        at app//org.apache.hadoop.ipc.Server$Handler.run(Server.java:3014)
"IPC Server handler 78 on default port 15001" daemon prio=5 tid=264 timed_waiting
java.lang.Thread.State: TIMED_WAITING
        at java.base@17.0.12/jdk.internal.misc.Unsafe.park(Native Method)
        at java.base@17.0.12/java.util.concurrent.locks.LockSupport.parkNanos(LockSupport.java:252)
        at java.base@17.0.12/java.util.concurrent.locks.AbstractQueuedSynchronizer$ConditionObject.awaitNanos(AbstractQueuedSynchronizer.java:1674)
        at java.base@17.0.12/java.util.concurrent.LinkedBlockingQueue.poll(LinkedBlockingQueue.java:460)
        at app//org.apache.hadoop.ipc.CallQueueManager.take(CallQueueManager.java:317)
        at app//org.apache.hadoop.ipc.Server$Handler.run(Server.java:3014)
"IPC Server handler 56 on default port 15001" daemon prio=5 tid=242 timed_waiting
java.lang.Thread.State: TIMED_WAITING
        at java.base@17.0.12/jdk.internal.misc.Unsafe.park(Native Method)
        at java.base@17.0.12/java.util.concurrent.locks.LockSupport.parkNanos(LockSupport.java:252)
        at java.base@17.0.12/java.util.concurrent.locks.AbstractQueuedSynchronizer$ConditionObject.awaitNanos(AbstractQueuedSynchronizer.java:1674)
        at java.base@17.0.12/java.util.concurrent.LinkedBlockingQueue.poll(LinkedBlockingQueue.java:460)
        at app//org.apache.hadoop.ipc.CallQueueManager.take(CallQueueManager.java:317)
        at app//org.apache.hadoop.ipc.Server$Handler.run(Server.java:3014)
"IPC Server handler 36 on default port 15001" daemon prio=5 tid=222 timed_waiting
java.lang.Thread.State: TIMED_WAITING
        at java.base@17.0.12/jdk.internal.misc.Unsafe.park(Native Method)
        at java.base@17.0.12/java.util.concurrent.locks.LockSupport.parkNanos(LockSupport.java:252)
        at java.base@17.0.12/java.util.concurrent.locks.AbstractQueuedSynchronizer$ConditionObject.awaitNanos(AbstractQueuedSynchronizer.java:1674)
        at java.base@17.0.12/java.util.concurrent.LinkedBlockingQueue.poll(LinkedBlockingQueue.java:460)
        at app//org.apache.hadoop.ipc.CallQueueManager.take(CallQueueManager.java:317)
        at app//org.apache.hadoop.ipc.Server$Handler.run(Server.java:3014)
"qtp1907999535-725" daemon prio=5 tid=725 runnable
java.lang.Thread.State: RUNNABLE
        at java.base@17.0.12/sun.nio.ch.EPoll.wait(Native Method)
        at java.base@17.0.12/sun.nio.ch.EPollSelectorImpl.doSelect(EPollSelectorImpl.java:118)
        at java.base@17.0.12/sun.nio.ch.SelectorImpl.lockAndDoSelect(SelectorImpl.java:129)
        at java.base@17.0.12/sun.nio.ch.SelectorImpl.select(SelectorImpl.java:146)
        at app//org.eclipse.jetty.io.ManagedSelector.nioSelect(ManagedSelector.java:183)
        at app//org.eclipse.jetty.io.ManagedSelector.select(ManagedSelector.java:190)
        at app//org.eclipse.jetty.io.ManagedSelector$SelectorProducer.select(ManagedSelector.java:606)
        at app//org.eclipse.jetty.io.ManagedSelector$SelectorProducer.produce(ManagedSelector.java:543)
        at app//org.eclipse.jetty.util.thread.strategy.EatWhatYouKill.produceTask(EatWhatYouKill.java:362)
        at app//org.eclipse.jetty.util.thread.strategy.EatWhatYouKill.doProduce(EatWhatYouKill.java:186)
        at app//org.eclipse.jetty.util.thread.strategy.EatWhatYouKill.tryProduce(EatWhatYouKill.java:173)
        at app//org.eclipse.jetty.util.thread.strategy.EatWhatYouKill.produce(EatWhatYouKill.java:137)
        at app//org.eclipse.jetty.io.ManagedSelector$$Lambda$821/0x00007f7030550440.run(Unknown Source)
        at app//org.eclipse.jetty.util.thread.QueuedThreadPool.runJob(QueuedThreadPool.java:883)
        at app//org.eclipse.jetty.util.thread.QueuedThreadPool$Runner.run(QueuedThreadPool.java:1034)
        at java.base@17.0.12/java.lang.Thread.run(Thread.java:840)
"IPC Server handler 39 on default port 15000" daemon prio=5 tid=125 timed_waiting
java.lang.Thread.State: TIMED_WAITING
        at java.base@17.0.12/jdk.internal.misc.Unsafe.park(Native Method)
        at java.base@17.0.12/java.util.concurrent.locks.LockSupport.parkNanos(LockSupport.java:252)
        at java.base@17.0.12/java.util.concurrent.locks.AbstractQueuedSynchronizer$ConditionObject.awaitNanos(AbstractQueuedSynchronizer.java:1674)
        at java.base@17.0.12/java.util.concurrent.LinkedBlockingQueue.poll(LinkedBlockingQueue.java:460)
        at app//org.apache.hadoop.ipc.CallQueueManager.take(CallQueueManager.java:317)
        at app//org.apache.hadoop.ipc.Server$Handler.run(Server.java:3014)
"f24c48c6-4a91-44a4-ae9a-fb063e2dd958-DatanodeReportManager-2" daemon prio=5 tid=668 in Object.wait()
java.lang.Thread.State: WAITING (on object monitor)
        at java.base@17.0.12/jdk.internal.misc.Unsafe.park(Native Method)
        at java.base@17.0.12/java.util.concurrent.locks.LockSupport.park(LockSupport.java:341)
        at java.base@17.0.12/java.util.concurrent.locks.AbstractQueuedSynchronizer$ConditionNode.block(AbstractQueuedSynchronizer.java:506)
        at java.base@17.0.12/java.util.concurrent.ForkJoinPool.unmanagedBlock(ForkJoinPool.java:3465)
        at java.base@17.0.12/java.util.concurrent.ForkJoinPool.managedBlock(ForkJoinPool.java:3436)
        at java.base@17.0.12/java.util.concurrent.locks.AbstractQueuedSynchronizer$ConditionObject.await(AbstractQueuedSynchronizer.java:1625)
        at java.base@17.0.12/java.util.concurrent.ScheduledThreadPoolExecutor$DelayedWorkQueue.take(ScheduledThreadPoolExecutor.java:1177)
        at java.base@17.0.12/java.util.concurrent.ScheduledThreadPoolExecutor$DelayedWorkQueue.take(ScheduledThreadPoolExecutor.java:899)
        at java.base@17.0.12/java.util.concurrent.ThreadPoolExecutor.getTask(ThreadPoolExecutor.java:1062)
        at java.base@17.0.12/java.util.concurrent.ThreadPoolExecutor.runWorker(ThreadPoolExecutor.java:1122)
        at java.base@17.0.12/java.util.concurrent.ThreadPoolExecutor$Worker.run(ThreadPoolExecutor.java:635)
        at java.base@17.0.12/java.lang.Thread.run(Thread.java:840)
"3ccd597d-6672-4b12-926e-746f973e87fb-ChunkWriter-2-0" daemon prio=5 tid=863 in Object.wait()
java.lang.Thread.State: WAITING (on object monitor)
        at java.base@17.0.12/jdk.internal.misc.Unsafe.park(Native Method)
        at java.base@17.0.12/java.util.concurrent.locks.LockSupport.park(LockSupport.java:341)
        at java.base@17.0.12/java.util.concurrent.locks.AbstractQueuedSynchronizer$ConditionNode.block(AbstractQueuedSynchronizer.java:506)
        at java.base@17.0.12/java.util.concurrent.ForkJoinPool.unmanagedBlock(ForkJoinPool.java:3465)
        at java.base@17.0.12/java.util.concurrent.ForkJoinPool.managedBlock(ForkJoinPool.java:3436)
        at java.base@17.0.12/java.util.concurrent.locks.AbstractQueuedSynchronizer$ConditionObject.await(AbstractQueuedSynchronizer.java:1625)
        at java.base@17.0.12/java.util.concurrent.LinkedBlockingDeque.takeFirst(LinkedBlockingDeque.java:485)
        at java.base@17.0.12/java.util.concurrent.LinkedBlockingDeque.take(LinkedBlockingDeque.java:673)
        at java.base@17.0.12/java.util.concurrent.ThreadPoolExecutor.getTask(ThreadPoolExecutor.java:1062)
        at java.base@17.0.12/java.util.concurrent.ThreadPoolExecutor.runWorker(ThreadPoolExecutor.java:1122)
        at java.base@17.0.12/java.util.concurrent.ThreadPoolExecutor$Worker.run(ThreadPoolExecutor.java:635)
        at java.base@17.0.12/java.lang.Thread.run(Thread.java:840)
"qtp568168963-391" daemon prio=5 tid=391 runnable
java.lang.Thread.State: RUNNABLE
        at java.base@17.0.12/sun.nio.ch.EPoll.wait(Native Method)
        at java.base@17.0.12/sun.nio.ch.EPollSelectorImpl.doSelect(EPollSelectorImpl.java:118)
        at java.base@17.0.12/sun.nio.ch.SelectorImpl.lockAndDoSelect(SelectorImpl.java:129)
        at java.base@17.0.12/sun.nio.ch.SelectorImpl.select(SelectorImpl.java:146)
        at app//org.eclipse.jetty.io.ManagedSelector.nioSelect(ManagedSelector.java:183)
        at app//org.eclipse.jetty.io.ManagedSelector.select(ManagedSelector.java:190)
        at app//org.eclipse.jetty.io.ManagedSelector$SelectorProducer.select(ManagedSelector.java:606)
        at app//org.eclipse.jetty.io.ManagedSelector$SelectorProducer.produce(ManagedSelector.java:543)
        at app//org.eclipse.jetty.util.thread.strategy.EatWhatYouKill.produceTask(EatWhatYouKill.java:362)
        at app//org.eclipse.jetty.util.thread.strategy.EatWhatYouKill.doProduce(EatWhatYouKill.java:186)
        at app//org.eclipse.jetty.util.thread.strategy.EatWhatYouKill.tryProduce(EatWhatYouKill.java:173)
        at app//org.eclipse.jetty.util.thread.strategy.EatWhatYouKill.produce(EatWhatYouKill.java:137)
        at app//org.eclipse.jetty.io.ManagedSelector$$Lambda$821/0x00007f7030550440.run(Unknown Source)
        at app//org.eclipse.jetty.util.thread.QueuedThreadPool.runJob(QueuedThreadPool.java:883)
        at app//org.eclipse.jetty.util.thread.QueuedThreadPool$Runner.run(QueuedThreadPool.java:1034)
        at java.base@17.0.12/java.lang.Thread.run(Thread.java:840)
"IPC Server handler 37 on default port 15009" daemon prio=5 tid=556 timed_waiting
java.lang.Thread.State: TIMED_WAITING
        at java.base@17.0.12/jdk.internal.misc.Unsafe.park(Native Method)
        at java.base@17.0.12/java.util.concurrent.locks.LockSupport.parkNanos(LockSupport.java:252)
        at java.base@17.0.12/java.util.concurrent.locks.AbstractQueuedSynchronizer$ConditionObject.awaitNanos(AbstractQueuedSynchronizer.java:1674)
        at java.base@17.0.12/java.util.concurrent.LinkedBlockingQueue.poll(LinkedBlockingQueue.java:460)
        at app//org.apache.hadoop.ipc.CallQueueManager.take(CallQueueManager.java:317)
        at app//org.apache.hadoop.ipc.Server$Handler.run(Server.java:3014)
"Socket Reader #4 for port 15000"  prio=5 tid=65 runnable
java.lang.Thread.State: RUNNABLE
        at java.base@17.0.12/sun.nio.ch.EPoll.wait(Native Method)
        at java.base@17.0.12/sun.nio.ch.EPollSelectorImpl.doSelect(EPollSelectorImpl.java:118)
        at java.base@17.0.12/sun.nio.ch.SelectorImpl.lockAndDoSelect(SelectorImpl.java:129)
        at java.base@17.0.12/sun.nio.ch.SelectorImpl.select(SelectorImpl.java:146)
        at app//org.apache.hadoop.ipc.Server$Listener$Reader.doRunLoop(Server.java:1346)
        at app//org.apache.hadoop.ipc.Server$Listener$Reader.run(Server.java:1325)
"f24c48c6-4a91-44a4-ae9a-fb063e2dd958@group-17EC0FEA1F1B-cacheEviction-AwaitToRun" daemon prio=5 tid=936 in Object.wait()
java.lang.Thread.State: WAITING (on object monitor)
        at java.base@17.0.12/jdk.internal.misc.Unsafe.park(Native Method)
        at java.base@17.0.12/java.util.concurrent.locks.LockSupport.park(LockSupport.java:341)
        at java.base@17.0.12/java.util.concurrent.locks.AbstractQueuedSynchronizer$ConditionNode.block(AbstractQueuedSynchronizer.java:506)
        at java.base@17.0.12/java.util.concurrent.ForkJoinPool.unmanagedBlock(ForkJoinPool.java:3465)
        at java.base@17.0.12/java.util.concurrent.ForkJoinPool.managedBlock(ForkJoinPool.java:3436)
        at java.base@17.0.12/java.util.concurrent.locks.AbstractQueuedSynchronizer$ConditionObject.await(AbstractQueuedSynchronizer.java:1625)
        at app//org.apache.ratis.util.AwaitForSignal.await(AwaitForSignal.java:48)
        at app//org.apache.ratis.util.AwaitToRun$RunnableImpl.run(AwaitToRun.java:47)
        at java.base@17.0.12/java.lang.Thread.run(Thread.java:840)
"qtp910917825-681" daemon prio=5 tid=681 timed_waiting
java.lang.Thread.State: TIMED_WAITING
        at java.base@17.0.12/jdk.internal.misc.Unsafe.park(Native Method)
        at java.base@17.0.12/java.util.concurrent.locks.LockSupport.parkNanos(LockSupport.java:252)
        at java.base@17.0.12/java.util.concurrent.locks.AbstractQueuedSynchronizer$ConditionObject.awaitNanos(AbstractQueuedSynchronizer.java:1674)
        at app//org.eclipse.jetty.util.BlockingArrayQueue.poll(BlockingArrayQueue.java:382)
        at app//org.eclipse.jetty.util.thread.QueuedThreadPool$Runner.idleJobPoll(QueuedThreadPool.java:974)
        at app//org.eclipse.jetty.util.thread.QueuedThreadPool$Runner.run(QueuedThreadPool.java:1018)
        at java.base@17.0.12/java.lang.Thread.run(Thread.java:840)
"Hadoop-Metrics-Updater-0" daemon prio=5 tid=424 timed_waiting
java.lang.Thread.State: TIMED_WAITING
        at java.base@17.0.12/jdk.internal.misc.Unsafe.park(Native Method)
        at java.base@17.0.12/java.util.concurrent.locks.LockSupport.parkNanos(LockSupport.java:252)
        at java.base@17.0.12/java.util.concurrent.locks.AbstractQueuedSynchronizer$ConditionObject.awaitNanos(AbstractQueuedSynchronizer.java:1674)
        at java.base@17.0.12/java.util.concurrent.ScheduledThreadPoolExecutor$DelayedWorkQueue.take(ScheduledThreadPoolExecutor.java:1182)
        at java.base@17.0.12/java.util.concurrent.ScheduledThreadPoolExecutor$DelayedWorkQueue.take(ScheduledThreadPoolExecutor.java:899)
        at java.base@17.0.12/java.util.concurrent.ThreadPoolExecutor.getTask(ThreadPoolExecutor.java:1062)
        at java.base@17.0.12/java.util.concurrent.ThreadPoolExecutor.runWorker(ThreadPoolExecutor.java:1122)
        at java.base@17.0.12/java.util.concurrent.ThreadPoolExecutor$Worker.run(ThreadPoolExecutor.java:635)
        at java.base@17.0.12/java.lang.Thread.run(Thread.java:840)
"IPC Server handler 51 on default port 15000" daemon prio=5 tid=137 timed_waiting
java.lang.Thread.State: TIMED_WAITING
        at java.base@17.0.12/jdk.internal.misc.Unsafe.park(Native Method)
        at java.base@17.0.12/java.util.concurrent.locks.LockSupport.parkNanos(LockSupport.java:252)
        at java.base@17.0.12/java.util.concurrent.locks.AbstractQueuedSynchronizer$ConditionObject.awaitNanos(AbstractQueuedSynchronizer.java:1674)
        at java.base@17.0.12/java.util.concurrent.LinkedBlockingQueue.poll(LinkedBlockingQueue.java:460)
        at app//org.apache.hadoop.ipc.CallQueueManager.take(CallQueueManager.java:317)
        at app//org.apache.hadoop.ipc.Server$Handler.run(Server.java:3014)
"IPC Server handler 77 on default port 15009" daemon prio=5 tid=596 timed_waiting
java.lang.Thread.State: TIMED_WAITING
        at java.base@17.0.12/jdk.internal.misc.Unsafe.park(Native Method)
        at java.base@17.0.12/java.util.concurrent.locks.LockSupport.parkNanos(LockSupport.java:252)
        at java.base@17.0.12/java.util.concurrent.locks.AbstractQueuedSynchronizer$ConditionObject.awaitNanos(AbstractQueuedSynchronizer.java:1674)
        at java.base@17.0.12/java.util.concurrent.LinkedBlockingQueue.poll(LinkedBlockingQueue.java:460)
        at app//org.apache.hadoop.ipc.CallQueueManager.take(CallQueueManager.java:317)
        at app//org.apache.hadoop.ipc.Server$Handler.run(Server.java:3014)
"3ccd597d-6672-4b12-926e-746f973e87fb@group-3A08AF1FB2FD-StateMachineUpdater" daemon prio=5 tid=921 timed_waiting
java.lang.Thread.State: TIMED_WAITING
        at java.base@17.0.12/jdk.internal.misc.Unsafe.park(Native Method)
        at java.base@17.0.12/java.util.concurrent.locks.LockSupport.parkNanos(LockSupport.java:252)
        at java.base@17.0.12/java.util.concurrent.locks.AbstractQueuedSynchronizer$ConditionObject.await(AbstractQueuedSynchronizer.java:1759)
        at app//org.apache.ratis.util.AwaitForSignal.await(AwaitForSignal.java:65)
        at app//org.apache.ratis.server.impl.StateMachineUpdater.waitForCommit(StateMachineUpdater.java:219)
        at app//org.apache.ratis.server.impl.StateMachineUpdater.run(StateMachineUpdater.java:187)
        at java.base@17.0.12/java.lang.Thread.run(Thread.java:840)
"IPC Server handler 61 on default port 15009" daemon prio=5 tid=580 timed_waiting
java.lang.Thread.State: TIMED_WAITING
        at java.base@17.0.12/jdk.internal.misc.Unsafe.park(Native Method)
        at java.base@17.0.12/java.util.concurrent.locks.LockSupport.parkNanos(LockSupport.java:252)
        at java.base@17.0.12/java.util.concurrent.locks.AbstractQueuedSynchronizer$ConditionObject.awaitNanos(AbstractQueuedSynchronizer.java:1674)
        at java.base@17.0.12/java.util.concurrent.LinkedBlockingQueue.poll(LinkedBlockingQueue.java:460)
        at app//org.apache.hadoop.ipc.CallQueueManager.take(CallQueueManager.java:317)
        at app//org.apache.hadoop.ipc.Server$Handler.run(Server.java:3014)
"IPC Server handler 8 on default port 15002" daemon prio=5 tid=294 timed_waiting
java.lang.Thread.State: TIMED_WAITING
        at java.base@17.0.12/jdk.internal.misc.Unsafe.park(Native Method)
        at java.base@17.0.12/java.util.concurrent.locks.LockSupport.parkNanos(LockSupport.java:252)
        at java.base@17.0.12/java.util.concurrent.locks.AbstractQueuedSynchronizer$ConditionObject.awaitNanos(AbstractQueuedSynchronizer.java:1674)
        at java.base@17.0.12/java.util.concurrent.LinkedBlockingQueue.poll(LinkedBlockingQueue.java:460)
        at app//org.apache.hadoop.ipc.CallQueueManager.take(CallQueueManager.java:317)
        at app//org.apache.hadoop.ipc.Server$Handler.run(Server.java:3014)
"IPC Server listener on 15030" daemon prio=5 tid=733 runnable
java.lang.Thread.State: RUNNABLE
        at java.base@17.0.12/sun.nio.ch.EPoll.wait(Native Method)
        at java.base@17.0.12/sun.nio.ch.EPollSelectorImpl.doSelect(EPollSelectorImpl.java:118)
        at java.base@17.0.12/sun.nio.ch.SelectorImpl.lockAndDoSelect(SelectorImpl.java:129)
        at java.base@17.0.12/sun.nio.ch.SelectorImpl.select(SelectorImpl.java:146)
        at app//org.apache.hadoop.ipc.Server$Listener.run(Server.java:1408)
"IPC Server handler 2 on default port 15030" daemon prio=5 tid=749 timed_waiting
java.lang.Thread.State: TIMED_WAITING
        at java.base@17.0.12/jdk.internal.misc.Unsafe.park(Native Method)
        at java.base@17.0.12/java.util.concurrent.locks.LockSupport.parkNanos(LockSupport.java:252)
        at java.base@17.0.12/java.util.concurrent.locks.AbstractQueuedSynchronizer$ConditionObject.awaitNanos(AbstractQueuedSynchronizer.java:1674)
        at java.base@17.0.12/java.util.concurrent.LinkedBlockingQueue.poll(LinkedBlockingQueue.java:460)
        at app//org.apache.hadoop.ipc.CallQueueManager.take(CallQueueManager.java:317)
        at app//org.apache.hadoop.ipc.Server$Handler.run(Server.java:3014)
"ForkJoinPool.commonPool-worker-3" daemon prio=5 tid=23 timed_waiting
java.lang.Thread.State: TIMED_WAITING
        at java.base@17.0.12/jdk.internal.misc.Unsafe.park(Native Method)
        at java.base@17.0.12/java.util.concurrent.locks.LockSupport.parkUntil(LockSupport.java:410)
        at java.base@17.0.12/java.util.concurrent.ForkJoinPool.awaitWork(ForkJoinPool.java:1726)
        at java.base@17.0.12/java.util.concurrent.ForkJoinPool.runWorker(ForkJoinPool.java:1623)
        at java.base@17.0.12/java.util.concurrent.ForkJoinWorkerThread.run(ForkJoinWorkerThread.java:165)
"IPC Server handler 1 on default port 15004" daemon prio=5 tid=453 timed_waiting
java.lang.Thread.State: TIMED_WAITING
        at java.base@17.0.12/jdk.internal.misc.Unsafe.park(Native Method)
        at java.base@17.0.12/java.util.concurrent.locks.LockSupport.parkNanos(LockSupport.java:252)
        at java.base@17.0.12/java.util.concurrent.locks.AbstractQueuedSynchronizer$ConditionObject.awaitNanos(AbstractQueuedSynchronizer.java:1674)
        at java.base@17.0.12/java.util.concurrent.LinkedBlockingQueue.poll(LinkedBlockingQueue.java:460)
        at app//org.apache.hadoop.ipc.CallQueueManager.take(CallQueueManager.java:317)
        at app//org.apache.hadoop.ipc.Server$Handler.run(Server.java:3014)
"IPC Server handler 6 on default port 15004" daemon prio=5 tid=458 timed_waiting
java.lang.Thread.State: TIMED_WAITING
        at java.base@17.0.12/jdk.internal.misc.Unsafe.park(Native Method)
        at java.base@17.0.12/java.util.concurrent.locks.LockSupport.parkNanos(LockSupport.java:252)
        at java.base@17.0.12/java.util.concurrent.locks.AbstractQueuedSynchronizer$ConditionObject.awaitNanos(AbstractQueuedSynchronizer.java:1674)
        at java.base@17.0.12/java.util.concurrent.LinkedBlockingQueue.poll(LinkedBlockingQueue.java:460)
        at app//org.apache.hadoop.ipc.CallQueueManager.take(CallQueueManager.java:317)
        at app//org.apache.hadoop.ipc.Server$Handler.run(Server.java:3014)
"f24c48c6-4a91-44a4-ae9a-fb063e2dd958-ChunkWriter-0-0" daemon prio=5 tid=823 in Object.wait()
java.lang.Thread.State: WAITING (on object monitor)
        at java.base@17.0.12/jdk.internal.misc.Unsafe.park(Native Method)
        at java.base@17.0.12/java.util.concurrent.locks.LockSupport.park(LockSupport.java:341)
        at java.base@17.0.12/java.util.concurrent.locks.AbstractQueuedSynchronizer$ConditionNode.block(AbstractQueuedSynchronizer.java:506)
        at java.base@17.0.12/java.util.concurrent.ForkJoinPool.unmanagedBlock(ForkJoinPool.java:3465)
        at java.base@17.0.12/java.util.concurrent.ForkJoinPool.managedBlock(ForkJoinPool.java:3436)
        at java.base@17.0.12/java.util.concurrent.locks.AbstractQueuedSynchronizer$ConditionObject.await(AbstractQueuedSynchronizer.java:1625)
        at java.base@17.0.12/java.util.concurrent.LinkedBlockingDeque.takeFirst(LinkedBlockingDeque.java:485)
        at java.base@17.0.12/java.util.concurrent.LinkedBlockingDeque.take(LinkedBlockingDeque.java:673)
        at java.base@17.0.12/java.util.concurrent.ThreadPoolExecutor.getTask(ThreadPoolExecutor.java:1062)
        at java.base@17.0.12/java.util.concurrent.ThreadPoolExecutor.runWorker(ThreadPoolExecutor.java:1122)
        at java.base@17.0.12/java.util.concurrent.ThreadPoolExecutor$Worker.run(ThreadPoolExecutor.java:635)
        at java.base@17.0.12/java.lang.Thread.run(Thread.java:840)
"IPC Server handler 79 on default port 15002" daemon prio=5 tid=365 timed_waiting
java.lang.Thread.State: TIMED_WAITING
        at java.base@17.0.12/jdk.internal.misc.Unsafe.park(Native Method)
        at java.base@17.0.12/java.util.concurrent.locks.LockSupport.parkNanos(LockSupport.java:252)
        at java.base@17.0.12/java.util.concurrent.locks.AbstractQueuedSynchronizer$ConditionObject.awaitNanos(AbstractQueuedSynchronizer.java:1674)
        at java.base@17.0.12/java.util.concurrent.LinkedBlockingQueue.poll(LinkedBlockingQueue.java:460)
        at app//org.apache.hadoop.ipc.CallQueueManager.take(CallQueueManager.java:317)
        at app//org.apache.hadoop.ipc.Server$Handler.run(Server.java:3014)
"Socket Reader #9 for port 15030"  prio=5 tid=742 runnable
java.lang.Thread.State: RUNNABLE
        at java.base@17.0.12/sun.nio.ch.EPoll.wait(Native Method)
        at java.base@17.0.12/sun.nio.ch.EPollSelectorImpl.doSelect(EPollSelectorImpl.java:118)
        at java.base@17.0.12/sun.nio.ch.SelectorImpl.lockAndDoSelect(SelectorImpl.java:129)
        at java.base@17.0.12/sun.nio.ch.SelectorImpl.select(SelectorImpl.java:146)
        at app//org.apache.hadoop.ipc.Server$Listener$Reader.doRunLoop(Server.java:1346)
        at app//org.apache.hadoop.ipc.Server$Listener$Reader.run(Server.java:1325)
"IPC Server handler 45 on default port 15009" daemon prio=5 tid=564 timed_waiting
java.lang.Thread.State: TIMED_WAITING
        at java.base@17.0.12/jdk.internal.misc.Unsafe.park(Native Method)
        at java.base@17.0.12/java.util.concurrent.locks.LockSupport.parkNanos(LockSupport.java:252)
        at java.base@17.0.12/java.util.concurrent.locks.AbstractQueuedSynchronizer$ConditionObject.awaitNanos(AbstractQueuedSynchronizer.java:1674)
        at java.base@17.0.12/java.util.concurrent.LinkedBlockingQueue.poll(LinkedBlockingQueue.java:460)
        at app//org.apache.hadoop.ipc.CallQueueManager.take(CallQueueManager.java:317)
        at app//org.apache.hadoop.ipc.Server$Handler.run(Server.java:3014)
"EventQueue-DatanodeCommandQueueUpdatedForDatanodeCommandCountUpdatedHandler" daemon prio=5 tid=898 in Object.wait()
java.lang.Thread.State: WAITING (on object monitor)
        at java.base@17.0.12/jdk.internal.misc.Unsafe.park(Native Method)
        at java.base@17.0.12/java.util.concurrent.locks.LockSupport.park(LockSupport.java:341)
        at java.base@17.0.12/java.util.concurrent.locks.AbstractQueuedSynchronizer$ConditionNode.block(AbstractQueuedSynchronizer.java:506)
        at java.base@17.0.12/java.util.concurrent.ForkJoinPool.unmanagedBlock(ForkJoinPool.java:3465)
        at java.base@17.0.12/java.util.concurrent.ForkJoinPool.managedBlock(ForkJoinPool.java:3436)
        at java.base@17.0.12/java.util.concurrent.locks.AbstractQueuedSynchronizer$ConditionObject.await(AbstractQueuedSynchronizer.java:1625)
        at java.base@17.0.12/java.util.concurrent.LinkedBlockingQueue.take(LinkedBlockingQueue.java:435)
        at java.base@17.0.12/java.util.concurrent.ThreadPoolExecutor.getTask(ThreadPoolExecutor.java:1062)
        at java.base@17.0.12/java.util.concurrent.ThreadPoolExecutor.runWorker(ThreadPoolExecutor.java:1122)
        at java.base@17.0.12/java.util.concurrent.ThreadPoolExecutor$Worker.run(ThreadPoolExecutor.java:635)
        at java.base@17.0.12/java.lang.Thread.run(Thread.java:840)
"IPC Server handler 37 on default port 15000" daemon prio=5 tid=123 timed_waiting
java.lang.Thread.State: TIMED_WAITING
        at java.base@17.0.12/jdk.internal.misc.Unsafe.park(Native Method)
        at java.base@17.0.12/java.util.concurrent.locks.LockSupport.parkNanos(LockSupport.java:252)
        at java.base@17.0.12/java.util.concurrent.locks.AbstractQueuedSynchronizer$ConditionObject.awaitNanos(AbstractQueuedSynchronizer.java:1674)
        at java.base@17.0.12/java.util.concurrent.LinkedBlockingQueue.poll(LinkedBlockingQueue.java:460)
        at app//org.apache.hadoop.ipc.CallQueueManager.take(CallQueueManager.java:317)
        at app//org.apache.hadoop.ipc.Server$Handler.run(Server.java:3014)
"3ccd597d-6672-4b12-926e-746f973e87fb-DatanodeReportManager-1" daemon prio=5 tid=759 in Object.wait()
java.lang.Thread.State: WAITING (on object monitor)
        at java.base@17.0.12/jdk.internal.misc.Unsafe.park(Native Method)
        at java.base@17.0.12/java.util.concurrent.locks.LockSupport.park(LockSupport.java:341)
        at java.base@17.0.12/java.util.concurrent.locks.AbstractQueuedSynchronizer$ConditionNode.block(AbstractQueuedSynchronizer.java:506)
        at java.base@17.0.12/java.util.concurrent.ForkJoinPool.unmanagedBlock(ForkJoinPool.java:3465)
        at java.base@17.0.12/java.util.concurrent.ForkJoinPool.managedBlock(ForkJoinPool.java:3436)
        at java.base@17.0.12/java.util.concurrent.locks.AbstractQueuedSynchronizer$ConditionObject.await(AbstractQueuedSynchronizer.java:1625)
        at java.base@17.0.12/java.util.concurrent.ScheduledThreadPoolExecutor$DelayedWorkQueue.take(ScheduledThreadPoolExecutor.java:1177)
        at java.base@17.0.12/java.util.concurrent.ScheduledThreadPoolExecutor$DelayedWorkQueue.take(ScheduledThreadPoolExecutor.java:899)
        at java.base@17.0.12/java.util.concurrent.ThreadPoolExecutor.getTask(ThreadPoolExecutor.java:1062)
        at java.base@17.0.12/java.util.concurrent.ThreadPoolExecutor.runWorker(ThreadPoolExecutor.java:1122)
        at java.base@17.0.12/java.util.concurrent.ThreadPoolExecutor$Worker.run(ThreadPoolExecutor.java:635)
        at java.base@17.0.12/java.lang.Thread.run(Thread.java:840)
"IPC Server handler 6 on default port 15002" daemon prio=5 tid=292 timed_waiting
java.lang.Thread.State: TIMED_WAITING
        at java.base@17.0.12/jdk.internal.misc.Unsafe.park(Native Method)
        at java.base@17.0.12/java.util.concurrent.locks.LockSupport.parkNanos(LockSupport.java:252)
        at java.base@17.0.12/java.util.concurrent.locks.AbstractQueuedSynchronizer$ConditionObject.awaitNanos(AbstractQueuedSynchronizer.java:1674)
        at java.base@17.0.12/java.util.concurrent.LinkedBlockingQueue.poll(LinkedBlockingQueue.java:460)
        at app//org.apache.hadoop.ipc.CallQueueManager.take(CallQueueManager.java:317)
        at app//org.apache.hadoop.ipc.Server$Handler.run(Server.java:3014)
"IPC Server handler 91 on default port 15001" daemon prio=5 tid=277 timed_waiting
java.lang.Thread.State: TIMED_WAITING
        at java.base@17.0.12/jdk.internal.misc.Unsafe.park(Native Method)
        at java.base@17.0.12/java.util.concurrent.locks.LockSupport.parkNanos(LockSupport.java:252)
        at java.base@17.0.12/java.util.concurrent.locks.AbstractQueuedSynchronizer$ConditionObject.awaitNanos(AbstractQueuedSynchronizer.java:1674)
        at java.base@17.0.12/java.util.concurrent.LinkedBlockingQueue.poll(LinkedBlockingQueue.java:460)
        at app//org.apache.hadoop.ipc.CallQueueManager.take(CallQueueManager.java:317)
        at app//org.apache.hadoop.ipc.Server$Handler.run(Server.java:3014)
"IPC Server handler 54 on default port 15001" daemon prio=5 tid=240 timed_waiting
java.lang.Thread.State: TIMED_WAITING
        at java.base@17.0.12/jdk.internal.misc.Unsafe.park(Native Method)
        at java.base@17.0.12/java.util.concurrent.locks.LockSupport.parkNanos(LockSupport.java:252)
        at java.base@17.0.12/java.util.concurrent.locks.AbstractQueuedSynchronizer$ConditionObject.awaitNanos(AbstractQueuedSynchronizer.java:1674)
        at java.base@17.0.12/java.util.concurrent.LinkedBlockingQueue.poll(LinkedBlockingQueue.java:460)
        at app//org.apache.hadoop.ipc.CallQueueManager.take(CallQueueManager.java:317)
        at app//org.apache.hadoop.ipc.Server$Handler.run(Server.java:3014)
"Socket Reader #3 for port 15012"  prio=5 tid=644 runnable
java.lang.Thread.State: RUNNABLE
        at java.base@17.0.12/sun.nio.ch.EPoll.wait(Native Method)
        at java.base@17.0.12/sun.nio.ch.EPollSelectorImpl.doSelect(EPollSelectorImpl.java:118)
        at java.base@17.0.12/sun.nio.ch.SelectorImpl.lockAndDoSelect(SelectorImpl.java:129)
        at java.base@17.0.12/sun.nio.ch.SelectorImpl.select(SelectorImpl.java:146)
        at app//org.apache.hadoop.ipc.Server$Listener$Reader.doRunLoop(Server.java:1346)
        at app//org.apache.hadoop.ipc.Server$Listener$Reader.run(Server.java:1325)
"IPC Server handler 45 on default port 15002" daemon prio=5 tid=331 timed_waiting
java.lang.Thread.State: TIMED_WAITING
        at java.base@17.0.12/jdk.internal.misc.Unsafe.park(Native Method)
        at java.base@17.0.12/java.util.concurrent.locks.LockSupport.parkNanos(LockSupport.java:252)
        at java.base@17.0.12/java.util.concurrent.locks.AbstractQueuedSynchronizer$ConditionObject.awaitNanos(AbstractQueuedSynchronizer.java:1674)
        at java.base@17.0.12/java.util.concurrent.LinkedBlockingQueue.poll(LinkedBlockingQueue.java:460)
        at app//org.apache.hadoop.ipc.CallQueueManager.take(CallQueueManager.java:317)
        at app//org.apache.hadoop.ipc.Server$Handler.run(Server.java:3014)
"89da30bd-cbf9-4a7b-a1ff-1f6963324f22@group-17EC0FEA1F1B-cacheEviction-AwaitToRun" daemon prio=5 tid=937 in Object.wait()
java.lang.Thread.State: WAITING (on object monitor)
        at java.base@17.0.12/jdk.internal.misc.Unsafe.park(Native Method)
        at java.base@17.0.12/java.util.concurrent.locks.LockSupport.park(LockSupport.java:341)
        at java.base@17.0.12/java.util.concurrent.locks.AbstractQueuedSynchronizer$ConditionNode.block(AbstractQueuedSynchronizer.java:506)
        at java.base@17.0.12/java.util.concurrent.ForkJoinPool.unmanagedBlock(ForkJoinPool.java:3465)
        at java.base@17.0.12/java.util.concurrent.ForkJoinPool.managedBlock(ForkJoinPool.java:3436)
        at java.base@17.0.12/java.util.concurrent.locks.AbstractQueuedSynchronizer$ConditionObject.await(AbstractQueuedSynchronizer.java:1625)
        at app//org.apache.ratis.util.AwaitForSignal.await(AwaitForSignal.java:48)
        at app//org.apache.ratis.util.AwaitToRun$RunnableImpl.run(AwaitToRun.java:47)
        at java.base@17.0.12/java.lang.Thread.run(Thread.java:840)
"IPC Server handler 91 on default port 15009" daemon prio=5 tid=610 timed_waiting
java.lang.Thread.State: TIMED_WAITING
        at java.base@17.0.12/jdk.internal.misc.Unsafe.park(Native Method)
        at java.base@17.0.12/java.util.concurrent.locks.LockSupport.parkNanos(LockSupport.java:252)
        at java.base@17.0.12/java.util.concurrent.locks.AbstractQueuedSynchronizer$ConditionObject.awaitNanos(AbstractQueuedSynchronizer.java:1674)
        at java.base@17.0.12/java.util.concurrent.LinkedBlockingQueue.poll(LinkedBlockingQueue.java:460)
        at app//org.apache.hadoop.ipc.CallQueueManager.take(CallQueueManager.java:317)
        at app//org.apache.hadoop.ipc.Server$Handler.run(Server.java:3014)
"Socket Reader #10 for port 15030"  prio=5 tid=743 runnable
java.lang.Thread.State: RUNNABLE
        at java.base@17.0.12/sun.nio.ch.EPoll.wait(Native Method)
        at java.base@17.0.12/sun.nio.ch.EPollSelectorImpl.doSelect(EPollSelectorImpl.java:118)
        at java.base@17.0.12/sun.nio.ch.SelectorImpl.lockAndDoSelect(SelectorImpl.java:129)
        at java.base@17.0.12/sun.nio.ch.SelectorImpl.select(SelectorImpl.java:146)
        at app//org.apache.hadoop.ipc.Server$Listener$Reader.doRunLoop(Server.java:1346)
        at app//org.apache.hadoop.ipc.Server$Listener$Reader.run(Server.java:1325)
"Socket Reader #7 for port 15001"  prio=5 tid=54 runnable
java.lang.Thread.State: RUNNABLE
        at java.base@17.0.12/sun.nio.ch.EPoll.wait(Native Method)
        at java.base@17.0.12/sun.nio.ch.EPollSelectorImpl.doSelect(EPollSelectorImpl.java:118)
        at java.base@17.0.12/sun.nio.ch.SelectorImpl.lockAndDoSelect(SelectorImpl.java:129)
        at java.base@17.0.12/sun.nio.ch.SelectorImpl.select(SelectorImpl.java:146)
        at app//org.apache.hadoop.ipc.Server$Listener$Reader.doRunLoop(Server.java:1346)
        at app//org.apache.hadoop.ipc.Server$Listener$Reader.run(Server.java:1325)
"IPC Server handler 31 on default port 15009" daemon prio=5 tid=550 timed_waiting
java.lang.Thread.State: TIMED_WAITING
        at java.base@17.0.12/jdk.internal.misc.Unsafe.park(Native Method)
        at java.base@17.0.12/java.util.concurrent.locks.LockSupport.parkNanos(LockSupport.java:252)
        at java.base@17.0.12/java.util.concurrent.locks.AbstractQueuedSynchronizer$ConditionObject.awaitNanos(AbstractQueuedSynchronizer.java:1674)
        at java.base@17.0.12/java.util.concurrent.LinkedBlockingQueue.poll(LinkedBlockingQueue.java:460)
        at app//org.apache.hadoop.ipc.CallQueueManager.take(CallQueueManager.java:317)
        at app//org.apache.hadoop.ipc.Server$Handler.run(Server.java:3014)
"3ccd597d-6672-4b12-926e-746f973e87fb-BlockDeletingService#1" daemon prio=5 tid=869 in Object.wait()
java.lang.Thread.State: WAITING (on object monitor)
        at java.base@17.0.12/jdk.internal.misc.Unsafe.park(Native Method)
        at java.base@17.0.12/java.util.concurrent.locks.LockSupport.park(LockSupport.java:341)
        at java.base@17.0.12/java.util.concurrent.locks.AbstractQueuedSynchronizer$ConditionNode.block(AbstractQueuedSynchronizer.java:506)
        at java.base@17.0.12/java.util.concurrent.ForkJoinPool.unmanagedBlock(ForkJoinPool.java:3465)
        at java.base@17.0.12/java.util.concurrent.ForkJoinPool.managedBlock(ForkJoinPool.java:3436)
        at java.base@17.0.12/java.util.concurrent.locks.AbstractQueuedSynchronizer$ConditionObject.await(AbstractQueuedSynchronizer.java:1625)
        at java.base@17.0.12/java.util.concurrent.ScheduledThreadPoolExecutor$DelayedWorkQueue.take(ScheduledThreadPoolExecutor.java:1177)
        at java.base@17.0.12/java.util.concurrent.ScheduledThreadPoolExecutor$DelayedWorkQueue.take(ScheduledThreadPoolExecutor.java:899)
        at java.base@17.0.12/java.util.concurrent.ThreadPoolExecutor.getTask(ThreadPoolExecutor.java:1062)
        at java.base@17.0.12/java.util.concurrent.ThreadPoolExecutor.runWorker(ThreadPoolExecutor.java:1122)
        at java.base@17.0.12/java.util.concurrent.ThreadPoolExecutor$Worker.run(ThreadPoolExecutor.java:635)
        at java.base@17.0.12/java.lang.Thread.run(Thread.java:840)
"IPC Server handler 46 on default port 15002" daemon prio=5 tid=332 timed_waiting
java.lang.Thread.State: TIMED_WAITING
        at java.base@17.0.12/jdk.internal.misc.Unsafe.park(Native Method)
        at java.base@17.0.12/java.util.concurrent.locks.LockSupport.parkNanos(LockSupport.java:252)
        at java.base@17.0.12/java.util.concurrent.locks.AbstractQueuedSynchronizer$ConditionObject.awaitNanos(AbstractQueuedSynchronizer.java:1674)
        at java.base@17.0.12/java.util.concurrent.LinkedBlockingQueue.poll(LinkedBlockingQueue.java:460)
        at app//org.apache.hadoop.ipc.CallQueueManager.take(CallQueueManager.java:317)
        at app//org.apache.hadoop.ipc.Server$Handler.run(Server.java:3014)
"IPC Server handler 9 on default port 15012" daemon prio=5 tid=664 timed_waiting
java.lang.Thread.State: TIMED_WAITING
        at java.base@17.0.12/jdk.internal.misc.Unsafe.park(Native Method)
        at java.base@17.0.12/java.util.concurrent.locks.LockSupport.parkNanos(LockSupport.java:252)
        at java.base@17.0.12/java.util.concurrent.locks.AbstractQueuedSynchronizer$ConditionObject.awaitNanos(AbstractQueuedSynchronizer.java:1674)
        at java.base@17.0.12/java.util.concurrent.LinkedBlockingQueue.poll(LinkedBlockingQueue.java:460)
        at app//org.apache.hadoop.ipc.CallQueueManager.take(CallQueueManager.java:317)
        at app//org.apache.hadoop.ipc.Server$Handler.run(Server.java:3014)
"IPC Server listener on 15004" daemon prio=5 tid=411 runnable
java.lang.Thread.State: RUNNABLE
        at java.base@17.0.12/sun.nio.ch.EPoll.wait(Native Method)
        at java.base@17.0.12/sun.nio.ch.EPollSelectorImpl.doSelect(EPollSelectorImpl.java:118)
        at java.base@17.0.12/sun.nio.ch.SelectorImpl.lockAndDoSelect(SelectorImpl.java:129)
        at java.base@17.0.12/sun.nio.ch.SelectorImpl.select(SelectorImpl.java:146)
        at app//org.apache.hadoop.ipc.Server$Listener.run(Server.java:1408)
"IPC Server handler 66 on default port 15000" daemon prio=5 tid=152 timed_waiting
java.lang.Thread.State: TIMED_WAITING
        at java.base@17.0.12/jdk.internal.misc.Unsafe.park(Native Method)
        at java.base@17.0.12/java.util.concurrent.locks.LockSupport.parkNanos(LockSupport.java:252)
        at java.base@17.0.12/java.util.concurrent.locks.AbstractQueuedSynchronizer$ConditionObject.awaitNanos(AbstractQueuedSynchronizer.java:1674)
        at java.base@17.0.12/java.util.concurrent.LinkedBlockingQueue.poll(LinkedBlockingQueue.java:460)
        at app//org.apache.hadoop.ipc.CallQueueManager.take(CallQueueManager.java:317)
        at app//org.apache.hadoop.ipc.Server$Handler.run(Server.java:3014)
"IPC Server handler 7 on default port 15002" daemon prio=5 tid=293 timed_waiting
java.lang.Thread.State: TIMED_WAITING
        at java.base@17.0.12/jdk.internal.misc.Unsafe.park(Native Method)
        at java.base@17.0.12/java.util.concurrent.locks.LockSupport.parkNanos(LockSupport.java:252)
        at java.base@17.0.12/java.util.concurrent.locks.AbstractQueuedSynchronizer$ConditionObject.awaitNanos(AbstractQueuedSynchronizer.java:1674)
        at java.base@17.0.12/java.util.concurrent.LinkedBlockingQueue.poll(LinkedBlockingQueue.java:460)
        at app//org.apache.hadoop.ipc.CallQueueManager.take(CallQueueManager.java:317)
        at app//org.apache.hadoop.ipc.Server$Handler.run(Server.java:3014)
"3ccd597d-6672-4b12-926e-746f973e87fb-groupManagement" daemon prio=5 tid=915 in Object.wait()
java.lang.Thread.State: WAITING (on object monitor)
        at java.base@17.0.12/jdk.internal.misc.Unsafe.park(Native Method)
        at java.base@17.0.12/java.util.concurrent.locks.LockSupport.park(LockSupport.java:341)
        at java.base@17.0.12/java.util.concurrent.locks.AbstractQueuedSynchronizer$ConditionNode.block(AbstractQueuedSynchronizer.java:506)
        at java.base@17.0.12/java.util.concurrent.ForkJoinPool.unmanagedBlock(ForkJoinPool.java:3465)
        at java.base@17.0.12/java.util.concurrent.ForkJoinPool.managedBlock(ForkJoinPool.java:3436)
        at java.base@17.0.12/java.util.concurrent.locks.AbstractQueuedSynchronizer$ConditionObject.await(AbstractQueuedSynchronizer.java:1625)
        at java.base@17.0.12/java.util.concurrent.LinkedBlockingQueue.take(LinkedBlockingQueue.java:435)
        at java.base@17.0.12/java.util.concurrent.ThreadPoolExecutor.getTask(ThreadPoolExecutor.java:1062)
        at java.base@17.0.12/java.util.concurrent.ThreadPoolExecutor.runWorker(ThreadPoolExecutor.java:1122)
        at java.base@17.0.12/java.util.concurrent.ThreadPoolExecutor$Worker.run(ThreadPoolExecutor.java:635)
        at java.base@17.0.12/java.lang.Thread.run(Thread.java:840)
"IPC Server handler 47 on default port 15002" daemon prio=5 tid=333 timed_waiting
java.lang.Thread.State: TIMED_WAITING
        at java.base@17.0.12/jdk.internal.misc.Unsafe.park(Native Method)
        at java.base@17.0.12/java.util.concurrent.locks.LockSupport.parkNanos(LockSupport.java:252)
        at java.base@17.0.12/java.util.concurrent.locks.AbstractQueuedSynchronizer$ConditionObject.awaitNanos(AbstractQueuedSynchronizer.java:1674)
        at java.base@17.0.12/java.util.concurrent.LinkedBlockingQueue.poll(LinkedBlockingQueue.java:460)
        at app//org.apache.hadoop.ipc.CallQueueManager.take(CallQueueManager.java:317)
        at app//org.apache.hadoop.ipc.Server$Handler.run(Server.java:3014)
"SnapshotCacheCleanupService" daemon prio=5 tid=405 timed_waiting
java.lang.Thread.State: TIMED_WAITING
        at java.base@17.0.12/jdk.internal.misc.Unsafe.park(Native Method)
        at java.base@17.0.12/java.util.concurrent.locks.LockSupport.parkNanos(LockSupport.java:252)
        at java.base@17.0.12/java.util.concurrent.locks.AbstractQueuedSynchronizer$ConditionObject.awaitNanos(AbstractQueuedSynchronizer.java:1674)
        at java.base@17.0.12/java.util.concurrent.ScheduledThreadPoolExecutor$DelayedWorkQueue.take(ScheduledThreadPoolExecutor.java:1182)
        at java.base@17.0.12/java.util.concurrent.ScheduledThreadPoolExecutor$DelayedWorkQueue.take(ScheduledThreadPoolExecutor.java:899)
        at java.base@17.0.12/java.util.concurrent.ThreadPoolExecutor.getTask(ThreadPoolExecutor.java:1062)
        at java.base@17.0.12/java.util.concurrent.ThreadPoolExecutor.runWorker(ThreadPoolExecutor.java:1122)
        at java.base@17.0.12/java.util.concurrent.ThreadPoolExecutor$Worker.run(ThreadPoolExecutor.java:635)
        at java.base@17.0.12/java.lang.Thread.run(Thread.java:840)
"ContainerMetadataScanner" daemon prio=5 tid=821 timed_waiting
java.lang.Thread.State: TIMED_WAITING
        at java.base@17.0.12/java.lang.Thread.sleep(Native Method)
        at app//org.apache.hadoop.ozone.container.ozoneimpl.AbstractBackgroundContainerScanner.handleRemainingSleep(AbstractBackgroundContainerScanner.java:131)
        at app//org.apache.hadoop.ozone.container.ozoneimpl.AbstractBackgroundContainerScanner.runIteration(AbstractBackgroundContainerScanner.java:98)
        at app//org.apache.hadoop.ozone.container.ozoneimpl.AbstractBackgroundContainerScanner.run(AbstractBackgroundContainerScanner.java:57)
"IPC Server handler 2 on default port 15000" daemon prio=5 tid=88 timed_waiting
java.lang.Thread.State: TIMED_WAITING
        at java.base@17.0.12/jdk.internal.misc.Unsafe.park(Native Method)
        at java.base@17.0.12/java.util.concurrent.locks.LockSupport.parkNanos(LockSupport.java:252)
        at java.base@17.0.12/java.util.concurrent.locks.AbstractQueuedSynchronizer$ConditionObject.awaitNanos(AbstractQueuedSynchronizer.java:1674)
        at java.base@17.0.12/java.util.concurrent.LinkedBlockingQueue.poll(LinkedBlockingQueue.java:460)
        at app//org.apache.hadoop.ipc.CallQueueManager.take(CallQueueManager.java:317)
        at app//org.apache.hadoop.ipc.Server$Handler.run(Server.java:3014)
"Recon-FixedThreadPoolWithAffinityExecutor-3-0" daemon prio=5 tid=499 timed_waiting
java.lang.Thread.State: TIMED_WAITING
        at java.base@17.0.12/jdk.internal.misc.Unsafe.park(Native Method)
        at java.base@17.0.12/java.util.concurrent.locks.LockSupport.parkNanos(LockSupport.java:252)
        at java.base@17.0.12/java.util.concurrent.locks.AbstractQueuedSynchronizer$ConditionObject.awaitNanos(AbstractQueuedSynchronizer.java:1674)
        at java.base@17.0.12/java.util.concurrent.LinkedBlockingQueue.poll(LinkedBlockingQueue.java:460)
        at app//org.apache.hadoop.hdds.scm.server.ContainerReportQueue.poll(ContainerReportQueue.java:269)
        at app//org.apache.hadoop.hdds.scm.server.ContainerReportQueue.poll(ContainerReportQueue.java:42)
        at app//org.apache.hadoop.hdds.server.events.FixedThreadPoolWithAffinityExecutor$ContainerReportProcessTask.run(FixedThreadPoolWithAffinityExecutor.java:253)
        at java.base@17.0.12/java.util.concurrent.Executors$RunnableAdapter.call(Executors.java:539)
        at java.base@17.0.12/java.util.concurrent.FutureTask.run(FutureTask.java:264)
        at java.base@17.0.12/java.util.concurrent.ThreadPoolExecutor.runWorker(ThreadPoolExecutor.java:1136)
        at java.base@17.0.12/java.util.concurrent.ThreadPoolExecutor$Worker.run(ThreadPoolExecutor.java:635)
        at java.base@17.0.12/java.lang.Thread.run(Thread.java:840)
"IPC Server handler 16 on default port 15001" daemon prio=5 tid=202 timed_waiting
java.lang.Thread.State: TIMED_WAITING
        at java.base@17.0.12/jdk.internal.misc.Unsafe.park(Native Method)
        at java.base@17.0.12/java.util.concurrent.locks.LockSupport.parkNanos(LockSupport.java:252)
        at java.base@17.0.12/java.util.concurrent.locks.AbstractQueuedSynchronizer$ConditionObject.awaitNanos(AbstractQueuedSynchronizer.java:1674)
        at java.base@17.0.12/java.util.concurrent.LinkedBlockingQueue.poll(LinkedBlockingQueue.java:460)
        at app//org.apache.hadoop.ipc.CallQueueManager.take(CallQueueManager.java:317)
        at app//org.apache.hadoop.ipc.Server$Handler.run(Server.java:3014)
"IPC Server Responder" daemon prio=5 tid=423 runnable
java.lang.Thread.State: RUNNABLE
        at java.base@17.0.12/sun.nio.ch.EPoll.wait(Native Method)
        at java.base@17.0.12/sun.nio.ch.EPollSelectorImpl.doSelect(EPollSelectorImpl.java:118)
        at java.base@17.0.12/sun.nio.ch.SelectorImpl.lockAndDoSelect(SelectorImpl.java:129)
        at java.base@17.0.12/sun.nio.ch.SelectorImpl.select(SelectorImpl.java:141)
        at app//org.apache.hadoop.ipc.Server$Responder.doRunLoop(Server.java:1582)
        at app//org.apache.hadoop.ipc.Server$Responder.run(Server.java:1565)
"IPC Server idle connection scanner for port 15009" daemon prio=5 tid=493 timed_waiting
java.lang.Thread.State: TIMED_WAITING
        at java.base@17.0.12/java.lang.Object.wait(Native Method)
        at java.base@17.0.12/java.util.TimerThread.mainLoop(Timer.java:563)
        at java.base@17.0.12/java.util.TimerThread.run(Timer.java:516)
"IPC Server handler 9 on default port 15030" daemon prio=5 tid=756 timed_waiting
java.lang.Thread.State: TIMED_WAITING
        at java.base@17.0.12/jdk.internal.misc.Unsafe.park(Native Method)
        at java.base@17.0.12/java.util.concurrent.locks.LockSupport.parkNanos(LockSupport.java:252)
        at java.base@17.0.12/java.util.concurrent.locks.AbstractQueuedSynchronizer$ConditionObject.awaitNanos(AbstractQueuedSynchronizer.java:1674)
        at java.base@17.0.12/java.util.concurrent.LinkedBlockingQueue.poll(LinkedBlockingQueue.java:460)
        at app//org.apache.hadoop.ipc.CallQueueManager.take(CallQueueManager.java:317)
        at app//org.apache.hadoop.ipc.Server$Handler.run(Server.java:3014)
"IPC Server handler 60 on default port 15001" daemon prio=5 tid=246 timed_waiting
java.lang.Thread.State: TIMED_WAITING
        at java.base@17.0.12/jdk.internal.misc.Unsafe.park(Native Method)
        at java.base@17.0.12/java.util.concurrent.locks.LockSupport.parkNanos(LockSupport.java:252)
        at java.base@17.0.12/java.util.concurrent.locks.AbstractQueuedSynchronizer$ConditionObject.awaitNanos(AbstractQueuedSynchronizer.java:1674)
        at java.base@17.0.12/java.util.concurrent.LinkedBlockingQueue.poll(LinkedBlockingQueue.java:460)
        at app//org.apache.hadoop.ipc.CallQueueManager.take(CallQueueManager.java:317)
        at app//org.apache.hadoop.ipc.Server$Handler.run(Server.java:3014)
"IPC Server Responder" daemon prio=5 tid=699 runnable
java.lang.Thread.State: RUNNABLE
        at java.base@17.0.12/sun.nio.ch.EPoll.wait(Native Method)
        at java.base@17.0.12/sun.nio.ch.EPollSelectorImpl.doSelect(EPollSelectorImpl.java:118)
        at java.base@17.0.12/sun.nio.ch.SelectorImpl.lockAndDoSelect(SelectorImpl.java:129)
        at java.base@17.0.12/sun.nio.ch.SelectorImpl.select(SelectorImpl.java:141)
        at app//org.apache.hadoop.ipc.Server$Responder.doRunLoop(Server.java:1582)
        at app//org.apache.hadoop.ipc.Server$Responder.run(Server.java:1565)
"IPC Server handler 4 on default port 15021" daemon prio=5 tid=705 timed_waiting
java.lang.Thread.State: TIMED_WAITING
        at java.base@17.0.12/jdk.internal.misc.Unsafe.park(Native Method)
        at java.base@17.0.12/java.util.concurrent.locks.LockSupport.parkNanos(LockSupport.java:252)
        at java.base@17.0.12/java.util.concurrent.locks.AbstractQueuedSynchronizer$ConditionObject.awaitNanos(AbstractQueuedSynchronizer.java:1674)
        at java.base@17.0.12/java.util.concurrent.LinkedBlockingQueue.poll(LinkedBlockingQueue.java:460)
        at app//org.apache.hadoop.ipc.CallQueueManager.take(CallQueueManager.java:317)
        at app//org.apache.hadoop.ipc.Server$Handler.run(Server.java:3014)
"IPC Server Responder" daemon prio=5 tid=745 runnable
java.lang.Thread.State: RUNNABLE
        at java.base@17.0.12/sun.nio.ch.EPoll.wait(Native Method)
        at java.base@17.0.12/sun.nio.ch.EPollSelectorImpl.doSelect(EPollSelectorImpl.java:118)
        at java.base@17.0.12/sun.nio.ch.SelectorImpl.lockAndDoSelect(SelectorImpl.java:129)
        at java.base@17.0.12/sun.nio.ch.SelectorImpl.select(SelectorImpl.java:141)
        at app//org.apache.hadoop.ipc.Server$Responder.doRunLoop(Server.java:1582)
        at app//org.apache.hadoop.ipc.Server$Responder.run(Server.java:1565)
"IPC Server handler 20 on default port 15000" daemon prio=5 tid=106 timed_waiting
java.lang.Thread.State: TIMED_WAITING
        at java.base@17.0.12/jdk.internal.misc.Unsafe.park(Native Method)
        at java.base@17.0.12/java.util.concurrent.locks.LockSupport.parkNanos(LockSupport.java:252)
        at java.base@17.0.12/java.util.concurrent.locks.AbstractQueuedSynchronizer$ConditionObject.awaitNanos(AbstractQueuedSynchronizer.java:1674)
        at java.base@17.0.12/java.util.concurrent.LinkedBlockingQueue.poll(LinkedBlockingQueue.java:460)
        at app//org.apache.hadoop.ipc.CallQueueManager.take(CallQueueManager.java:317)
        at app//org.apache.hadoop.ipc.Server$Handler.run(Server.java:3014)
"89da30bd-cbf9-4a7b-a1ff-1f6963324f22@group-EBDDE0D620EE-LeaderStateImpl" daemon prio=5 tid=979 timed_waiting
java.lang.Thread.State: TIMED_WAITING
        at java.base@17.0.12/jdk.internal.misc.Unsafe.park(Native Method)
        at java.base@17.0.12/java.util.concurrent.locks.LockSupport.parkNanos(LockSupport.java:252)
        at java.base@17.0.12/java.util.concurrent.locks.AbstractQueuedSynchronizer$ConditionObject.awaitNanos(AbstractQueuedSynchronizer.java:1674)
        at java.base@17.0.12/java.util.concurrent.ArrayBlockingQueue.poll(ArrayBlockingQueue.java:435)
        at app//org.apache.ratis.server.impl.LeaderStateImpl$EventQueue.poll(LeaderStateImpl.java:164)
        at app//org.apache.ratis.server.impl.LeaderStateImpl$EventProcessor.run(LeaderStateImpl.java:766)
"Socket Reader #2 for port 15021"  prio=5 tid=689 runnable
java.lang.Thread.State: RUNNABLE
        at java.base@17.0.12/sun.nio.ch.EPoll.wait(Native Method)
        at java.base@17.0.12/sun.nio.ch.EPollSelectorImpl.doSelect(EPollSelectorImpl.java:118)
        at java.base@17.0.12/sun.nio.ch.SelectorImpl.lockAndDoSelect(SelectorImpl.java:129)
        at java.base@17.0.12/sun.nio.ch.SelectorImpl.select(SelectorImpl.java:146)
        at app//org.apache.hadoop.ipc.Server$Listener$Reader.doRunLoop(Server.java:1346)
        at app//org.apache.hadoop.ipc.Server$Listener$Reader.run(Server.java:1325)
"Socket Reader #10 for port 15009"  prio=5 tid=492 runnable
java.lang.Thread.State: RUNNABLE
        at java.base@17.0.12/sun.nio.ch.EPoll.wait(Native Method)
        at java.base@17.0.12/sun.nio.ch.EPollSelectorImpl.doSelect(EPollSelectorImpl.java:118)
        at java.base@17.0.12/sun.nio.ch.SelectorImpl.lockAndDoSelect(SelectorImpl.java:129)
        at java.base@17.0.12/sun.nio.ch.SelectorImpl.select(SelectorImpl.java:146)
        at app//org.apache.hadoop.ipc.Server$Listener$Reader.doRunLoop(Server.java:1346)
        at app//org.apache.hadoop.ipc.Server$Listener$Reader.run(Server.java:1325)
"JvmPauseMonitor4" daemon prio=5 tid=846 timed_waiting
java.lang.Thread.State: TIMED_WAITING
        at java.base@17.0.12/java.lang.Thread.sleep(Native Method)
        at java.base@17.0.12/java.lang.Thread.sleep(Thread.java:344)
        at java.base@17.0.12/java.util.concurrent.TimeUnit.sleep(TimeUnit.java:446)
        at app//org.apache.ratis.util.TimeDuration.sleep(TimeDuration.java:353)
        at app//org.apache.ratis.util.TimeDuration.sleep(TimeDuration.java:338)
        at app//org.apache.ratis.util.JvmPauseMonitor.detectPause(JvmPauseMonitor.java:160)
        at app//org.apache.ratis.util.JvmPauseMonitor.run(JvmPauseMonitor.java:149)
        at app//org.apache.ratis.util.JvmPauseMonitor$$Lambda$781/0x00007f70304f5d20.run(Unknown Source)
        at java.base@17.0.12/java.lang.Thread.run(Thread.java:840)
"3ccd597d-6672-4b12-926e-746f973e87fb@group-17EC0FEA1F1B->89da30bd-cbf9-4a7b-a1ff-1f6963324f22-GrpcLogAppender-LogAppenderDaemon" daemon prio=5 tid=1007 timed_waiting
java.lang.Thread.State: TIMED_WAITING
        at java.base@17.0.12/jdk.internal.misc.Unsafe.park(Native Method)
        at java.base@17.0.12/java.util.concurrent.locks.LockSupport.parkNanos(LockSupport.java:252)
        at java.base@17.0.12/java.util.concurrent.locks.AbstractQueuedSynchronizer$ConditionObject.await(AbstractQueuedSynchronizer.java:1759)
        at app//org.apache.ratis.util.AwaitForSignal.await(AwaitForSignal.java:65)
        at app//org.apache.ratis.grpc.server.GrpcLogAppender.mayWait(GrpcLogAppender.java:290)
        at app//org.apache.ratis.grpc.server.GrpcLogAppender.run(GrpcLogAppender.java:258)
        at app//org.apache.ratis.server.leader.LogAppenderDaemon.run(LogAppenderDaemon.java:80)
        at app//org.apache.ratis.server.leader.LogAppenderDaemon$$Lambda$1929/0x00007f7030ea1618.run(Unknown Source)
        at java.base@17.0.12/java.lang.Thread.run(Thread.java:840)
"f24c48c6-4a91-44a4-ae9a-fb063e2dd958-DataNodeDiskCheckerThread-0" daemon prio=5 tid=819 timed_waiting
java.lang.Thread.State: TIMED_WAITING
        at java.base@17.0.12/jdk.internal.misc.Unsafe.park(Native Method)
        at java.base@17.0.12/java.util.concurrent.locks.LockSupport.parkNanos(LockSupport.java:252)
        at java.base@17.0.12/java.util.concurrent.SynchronousQueue$TransferStack.transfer(SynchronousQueue.java:401)
        at java.base@17.0.12/java.util.concurrent.SynchronousQueue.poll(SynchronousQueue.java:903)
        at java.base@17.0.12/java.util.concurrent.ThreadPoolExecutor.getTask(ThreadPoolExecutor.java:1061)
        at java.base@17.0.12/java.util.concurrent.ThreadPoolExecutor.runWorker(ThreadPoolExecutor.java:1122)
        at java.base@17.0.12/java.util.concurrent.ThreadPoolExecutor$Worker.run(ThreadPoolExecutor.java:635)
        at java.base@17.0.12/java.lang.Thread.run(Thread.java:840)
"Socket Reader #8 for port 15012"  prio=5 tid=649 runnable
java.lang.Thread.State: RUNNABLE
        at java.base@17.0.12/sun.nio.ch.EPoll.wait(Native Method)
        at java.base@17.0.12/sun.nio.ch.EPollSelectorImpl.doSelect(EPollSelectorImpl.java:118)
        at java.base@17.0.12/sun.nio.ch.SelectorImpl.lockAndDoSelect(SelectorImpl.java:129)
        at java.base@17.0.12/sun.nio.ch.SelectorImpl.select(SelectorImpl.java:146)
        at app//org.apache.hadoop.ipc.Server$Listener$Reader.doRunLoop(Server.java:1346)
        at app//org.apache.hadoop.ipc.Server$Listener$Reader.run(Server.java:1325)
"IPC Server handler 25 on default port 15000" daemon prio=5 tid=111 timed_waiting
java.lang.Thread.State: TIMED_WAITING
        at java.base@17.0.12/jdk.internal.misc.Unsafe.park(Native Method)
        at java.base@17.0.12/java.util.concurrent.locks.LockSupport.parkNanos(LockSupport.java:252)
        at java.base@17.0.12/java.util.concurrent.locks.AbstractQueuedSynchronizer$ConditionObject.awaitNanos(AbstractQueuedSynchronizer.java:1674)
        at java.base@17.0.12/java.util.concurrent.LinkedBlockingQueue.poll(LinkedBlockingQueue.java:460)
        at app//org.apache.hadoop.ipc.CallQueueManager.take(CallQueueManager.java:317)
        at app//org.apache.hadoop.ipc.Server$Handler.run(Server.java:3014)
"IPC Server handler 1 on default port 15012" daemon prio=5 tid=656 timed_waiting
java.lang.Thread.State: TIMED_WAITING
        at java.base@17.0.12/jdk.internal.misc.Unsafe.park(Native Method)
        at java.base@17.0.12/java.util.concurrent.locks.LockSupport.parkNanos(LockSupport.java:252)
        at java.base@17.0.12/java.util.concurrent.locks.AbstractQueuedSynchronizer$ConditionObject.awaitNanos(AbstractQueuedSynchronizer.java:1674)
        at java.base@17.0.12/java.util.concurrent.LinkedBlockingQueue.poll(LinkedBlockingQueue.java:460)
        at app//org.apache.hadoop.ipc.CallQueueManager.take(CallQueueManager.java:317)
        at app//org.apache.hadoop.ipc.Server$Handler.run(Server.java:3014)
"qtp665841374-444" daemon prio=5 tid=444 timed_waiting
java.lang.Thread.State: TIMED_WAITING
        at java.base@17.0.12/jdk.internal.misc.Unsafe.park(Native Method)
        at java.base@17.0.12/java.util.concurrent.locks.LockSupport.parkNanos(LockSupport.java:252)
        at java.base@17.0.12/java.util.concurrent.locks.AbstractQueuedSynchronizer$ConditionObject.awaitNanos(AbstractQueuedSynchronizer.java:1674)
        at app//org.eclipse.jetty.util.BlockingArrayQueue.poll(BlockingArrayQueue.java:382)
        at app//org.eclipse.jetty.util.thread.QueuedThreadPool$Runner.idleJobPoll(QueuedThreadPool.java:974)
        at app//org.eclipse.jetty.util.thread.QueuedThreadPool$Runner.run(QueuedThreadPool.java:1018)
        at java.base@17.0.12/java.lang.Thread.run(Thread.java:840)
"Socket Reader #1 for port 15009"  prio=5 tid=483 runnable
java.lang.Thread.State: RUNNABLE
        at java.base@17.0.12/sun.nio.ch.EPoll.wait(Native Method)
        at java.base@17.0.12/sun.nio.ch.EPollSelectorImpl.doSelect(EPollSelectorImpl.java:118)
        at java.base@17.0.12/sun.nio.ch.SelectorImpl.lockAndDoSelect(SelectorImpl.java:129)
        at java.base@17.0.12/sun.nio.ch.SelectorImpl.select(SelectorImpl.java:146)
        at app//org.apache.hadoop.ipc.Server$Listener$Reader.doRunLoop(Server.java:1346)
        at app//org.apache.hadoop.ipc.Server$Listener$Reader.run(Server.java:1325)
"process reaper" daemon prio=10 tid=16 timed_waiting
java.lang.Thread.State: TIMED_WAITING
        at java.base@17.0.12/jdk.internal.misc.Unsafe.park(Native Method)
        at java.base@17.0.12/java.util.concurrent.locks.LockSupport.parkNanos(LockSupport.java:252)
        at java.base@17.0.12/java.util.concurrent.SynchronousQueue$TransferStack.transfer(SynchronousQueue.java:401)
        at java.base@17.0.12/java.util.concurrent.SynchronousQueue.poll(SynchronousQueue.java:903)
        at java.base@17.0.12/java.util.concurrent.ThreadPoolExecutor.getTask(ThreadPoolExecutor.java:1061)
        at java.base@17.0.12/java.util.concurrent.ThreadPoolExecutor.runWorker(ThreadPoolExecutor.java:1122)
        at java.base@17.0.12/java.util.concurrent.ThreadPoolExecutor$Worker.run(ThreadPoolExecutor.java:635)
        at java.base@17.0.12/java.lang.Thread.run(Thread.java:840)
"IPC Server handler 16 on default port 15009" daemon prio=5 tid=535 timed_waiting
java.lang.Thread.State: TIMED_WAITING
        at java.base@17.0.12/jdk.internal.misc.Unsafe.park(Native Method)
        at java.base@17.0.12/java.util.concurrent.locks.LockSupport.parkNanos(LockSupport.java:252)
        at java.base@17.0.12/java.util.concurrent.locks.AbstractQueuedSynchronizer$ConditionObject.awaitNanos(AbstractQueuedSynchronizer.java:1674)
        at java.base@17.0.12/java.util.concurrent.LinkedBlockingQueue.poll(LinkedBlockingQueue.java:460)
        at app//org.apache.hadoop.ipc.CallQueueManager.take(CallQueueManager.java:317)
        at app//org.apache.hadoop.ipc.Server$Handler.run(Server.java:3014)
"Socket Reader #8 for port 15021"  prio=5 tid=695 runnable
java.lang.Thread.State: RUNNABLE
        at java.base@17.0.12/sun.nio.ch.EPoll.wait(Native Method)
        at java.base@17.0.12/sun.nio.ch.EPollSelectorImpl.doSelect(EPollSelectorImpl.java:118)
        at java.base@17.0.12/sun.nio.ch.SelectorImpl.lockAndDoSelect(SelectorImpl.java:129)
        at java.base@17.0.12/sun.nio.ch.SelectorImpl.select(SelectorImpl.java:146)
        at app//org.apache.hadoop.ipc.Server$Listener$Reader.doRunLoop(Server.java:1346)
        at app//org.apache.hadoop.ipc.Server$Listener$Reader.run(Server.java:1325)
"IPC Server handler 15 on default port 15001" daemon prio=5 tid=201 timed_waiting
java.lang.Thread.State: TIMED_WAITING
        at java.base@17.0.12/jdk.internal.misc.Unsafe.park(Native Method)
        at java.base@17.0.12/java.util.concurrent.locks.LockSupport.parkNanos(LockSupport.java:252)
        at java.base@17.0.12/java.util.concurrent.locks.AbstractQueuedSynchronizer$ConditionObject.awaitNanos(AbstractQueuedSynchronizer.java:1674)
        at java.base@17.0.12/java.util.concurrent.LinkedBlockingQueue.poll(LinkedBlockingQueue.java:460)
        at app//org.apache.hadoop.ipc.CallQueueManager.take(CallQueueManager.java:317)
        at app//org.apache.hadoop.ipc.Server$Handler.run(Server.java:3014)
"om1@group-C5BA1605619E-SegmentedRaftLogWorker"  prio=5 tid=427 timed_waiting
java.lang.Thread.State: TIMED_WAITING
        at java.base@17.0.12/jdk.internal.misc.Unsafe.park(Native Method)
        at java.base@17.0.12/java.util.concurrent.locks.LockSupport.parkNanos(LockSupport.java:252)
        at java.base@17.0.12/java.util.concurrent.locks.AbstractQueuedSynchronizer$ConditionObject.awaitNanos(AbstractQueuedSynchronizer.java:1674)
        at app//org.apache.ratis.util.DataBlockingQueue.poll(DataBlockingQueue.java:148)
        at app//org.apache.ratis.server.raftlog.segmented.SegmentedRaftLogWorker.run(SegmentedRaftLogWorker.java:306)
        at app//org.apache.ratis.server.raftlog.segmented.SegmentedRaftLogWorker$$Lambda$1171/0x00007f703072aff0.run(Unknown Source)
        at java.base@17.0.12/java.util.concurrent.Executors$RunnableAdapter.call(Executors.java:539)
        at java.base@17.0.12/java.util.concurrent.FutureTask.run(FutureTask.java:264)
        at java.base@17.0.12/java.util.concurrent.ThreadPoolExecutor.runWorker(ThreadPoolExecutor.java:1136)
        at java.base@17.0.12/java.util.concurrent.ThreadPoolExecutor$Worker.run(ThreadPoolExecutor.java:635)
        at java.base@17.0.12/java.lang.Thread.run(Thread.java:840)
"grpc-default-executor-0" daemon prio=5 tid=911 timed_waiting
java.lang.Thread.State: TIMED_WAITING
        at java.base@17.0.12/jdk.internal.misc.Unsafe.park(Native Method)
        at java.base@17.0.12/java.util.concurrent.locks.LockSupport.parkNanos(LockSupport.java:252)
        at java.base@17.0.12/java.util.concurrent.SynchronousQueue$TransferStack.transfer(SynchronousQueue.java:401)
        at java.base@17.0.12/java.util.concurrent.SynchronousQueue.poll(SynchronousQueue.java:903)
        at java.base@17.0.12/java.util.concurrent.ThreadPoolExecutor.getTask(ThreadPoolExecutor.java:1061)
        at java.base@17.0.12/java.util.concurrent.ThreadPoolExecutor.runWorker(ThreadPoolExecutor.java:1122)
        at java.base@17.0.12/java.util.concurrent.ThreadPoolExecutor$Worker.run(ThreadPoolExecutor.java:635)
        at java.base@17.0.12/java.lang.Thread.run(Thread.java:840)
"qtp568168963-397" daemon prio=5 tid=397 timed_waiting
java.lang.Thread.State: TIMED_WAITING
        at java.base@17.0.12/jdk.internal.misc.Unsafe.park(Native Method)
        at java.base@17.0.12/java.util.concurrent.locks.LockSupport.parkNanos(LockSupport.java:252)
        at java.base@17.0.12/java.util.concurrent.locks.AbstractQueuedSynchronizer$ConditionObject.awaitNanos(AbstractQueuedSynchronizer.java:1674)
        at app//org.eclipse.jetty.util.BlockingArrayQueue.poll(BlockingArrayQueue.java:382)
        at app//org.eclipse.jetty.util.thread.QueuedThreadPool$Runner.idleJobPoll(QueuedThreadPool.java:974)
        at app//org.eclipse.jetty.util.thread.QueuedThreadPool$Runner.run(QueuedThreadPool.java:1018)
        at java.base@17.0.12/java.lang.Thread.run(Thread.java:840)
"IPC Server handler 13 on default port 15001" daemon prio=5 tid=199 timed_waiting
java.lang.Thread.State: TIMED_WAITING
        at java.base@17.0.12/jdk.internal.misc.Unsafe.park(Native Method)
        at java.base@17.0.12/java.util.concurrent.locks.LockSupport.parkNanos(LockSupport.java:252)
        at java.base@17.0.12/java.util.concurrent.locks.AbstractQueuedSynchronizer$ConditionObject.awaitNanos(AbstractQueuedSynchronizer.java:1674)
        at java.base@17.0.12/java.util.concurrent.LinkedBlockingQueue.poll(LinkedBlockingQueue.java:460)
        at app//org.apache.hadoop.ipc.CallQueueManager.take(CallQueueManager.java:317)
        at app//org.apache.hadoop.ipc.Server$Handler.run(Server.java:3014)
"qtp910917825-683" daemon prio=5 tid=683 timed_waiting
java.lang.Thread.State: TIMED_WAITING
        at java.base@17.0.12/jdk.internal.misc.Unsafe.park(Native Method)
        at java.base@17.0.12/java.util.concurrent.locks.LockSupport.parkNanos(LockSupport.java:252)
        at java.base@17.0.12/java.util.concurrent.locks.AbstractQueuedSynchronizer$ConditionObject.awaitNanos(AbstractQueuedSynchronizer.java:1674)
        at app//org.eclipse.jetty.util.BlockingArrayQueue.poll(BlockingArrayQueue.java:382)
        at app//org.eclipse.jetty.util.thread.QueuedThreadPool$Runner.idleJobPoll(QueuedThreadPool.java:974)
        at app//org.eclipse.jetty.util.thread.QueuedThreadPool$Runner.run(QueuedThreadPool.java:1018)
        at java.base@17.0.12/java.lang.Thread.run(Thread.java:840)
"89da30bd-cbf9-4a7b-a1ff-1f6963324f22@group-17EC0FEA1F1B-SegmentedRaftLogWorker"  prio=5 tid=939 timed_waiting
java.lang.Thread.State: TIMED_WAITING
        at java.base@17.0.12/jdk.internal.misc.Unsafe.park(Native Method)
        at java.base@17.0.12/java.util.concurrent.locks.LockSupport.parkNanos(LockSupport.java:252)
        at java.base@17.0.12/java.util.concurrent.locks.AbstractQueuedSynchronizer$ConditionObject.awaitNanos(AbstractQueuedSynchronizer.java:1674)
        at app//org.apache.ratis.util.DataBlockingQueue.poll(DataBlockingQueue.java:148)
        at app//org.apache.ratis.server.raftlog.segmented.SegmentedRaftLogWorker.run(SegmentedRaftLogWorker.java:306)
        at app//org.apache.ratis.server.raftlog.segmented.SegmentedRaftLogWorker$$Lambda$1171/0x00007f703072aff0.run(Unknown Source)
        at java.base@17.0.12/java.util.concurrent.Executors$RunnableAdapter.call(Executors.java:539)
        at java.base@17.0.12/java.util.concurrent.FutureTask.run(FutureTask.java:264)
        at java.base@17.0.12/java.util.concurrent.ThreadPoolExecutor.runWorker(ThreadPoolExecutor.java:1136)
        at java.base@17.0.12/java.util.concurrent.ThreadPoolExecutor$Worker.run(ThreadPoolExecutor.java:635)
        at java.base@17.0.12/java.lang.Thread.run(Thread.java:840)
"Socket Reader #9 for port 15021"  prio=5 tid=696 runnable
java.lang.Thread.State: RUNNABLE
        at java.base@17.0.12/sun.nio.ch.EPoll.wait(Native Method)
        at java.base@17.0.12/sun.nio.ch.EPollSelectorImpl.doSelect(EPollSelectorImpl.java:118)
        at java.base@17.0.12/sun.nio.ch.SelectorImpl.lockAndDoSelect(SelectorImpl.java:129)
        at java.base@17.0.12/sun.nio.ch.SelectorImpl.select(SelectorImpl.java:146)
        at app//org.apache.hadoop.ipc.Server$Listener$Reader.doRunLoop(Server.java:1346)
        at app//org.apache.hadoop.ipc.Server$Listener$Reader.run(Server.java:1325)
"IPC Server handler 3 on default port 15001" daemon prio=5 tid=189 timed_waiting
java.lang.Thread.State: TIMED_WAITING
        at java.base@17.0.12/jdk.internal.misc.Unsafe.park(Native Method)
        at java.base@17.0.12/java.util.concurrent.locks.LockSupport.parkNanos(LockSupport.java:252)
        at java.base@17.0.12/java.util.concurrent.locks.AbstractQueuedSynchronizer$ConditionObject.awaitNanos(AbstractQueuedSynchronizer.java:1674)
        at java.base@17.0.12/java.util.concurrent.LinkedBlockingQueue.poll(LinkedBlockingQueue.java:460)
        at app//org.apache.hadoop.ipc.CallQueueManager.take(CallQueueManager.java:317)
        at app//org.apache.hadoop.ipc.Server$Handler.run(Server.java:3014)
"IPC Server handler 69 on default port 15001" daemon prio=5 tid=255 timed_waiting
java.lang.Thread.State: TIMED_WAITING
        at java.base@17.0.12/jdk.internal.misc.Unsafe.park(Native Method)
        at java.base@17.0.12/java.util.concurrent.locks.LockSupport.parkNanos(LockSupport.java:252)
        at java.base@17.0.12/java.util.concurrent.locks.AbstractQueuedSynchronizer$ConditionObject.awaitNanos(AbstractQueuedSynchronizer.java:1674)
        at java.base@17.0.12/java.util.concurrent.LinkedBlockingQueue.poll(LinkedBlockingQueue.java:460)
        at app//org.apache.hadoop.ipc.CallQueueManager.take(CallQueueManager.java:317)
        at app//org.apache.hadoop.ipc.Server$Handler.run(Server.java:3014)
"timer7" daemon prio=5 tid=1019 timed_waiting
java.lang.Thread.State: TIMED_WAITING
        at java.base@17.0.12/java.lang.Object.wait(Native Method)
        at java.base@17.0.12/java.util.TimerThread.mainLoop(Timer.java:563)
        at java.base@17.0.12/java.util.TimerThread.run(Timer.java:516)
"IPC Server handler 94 on default port 15009" daemon prio=5 tid=613 timed_waiting
java.lang.Thread.State: TIMED_WAITING
        at java.base@17.0.12/jdk.internal.misc.Unsafe.park(Native Method)
        at java.base@17.0.12/java.util.concurrent.locks.LockSupport.parkNanos(LockSupport.java:252)
        at java.base@17.0.12/java.util.concurrent.locks.AbstractQueuedSynchronizer$ConditionObject.awaitNanos(AbstractQueuedSynchronizer.java:1674)
        at java.base@17.0.12/java.util.concurrent.LinkedBlockingQueue.poll(LinkedBlockingQueue.java:460)
        at app//org.apache.hadoop.ipc.CallQueueManager.take(CallQueueManager.java:317)
        at app//org.apache.hadoop.ipc.Server$Handler.run(Server.java:3014)
"IPC Server handler 65 on default port 15001" daemon prio=5 tid=251 timed_waiting
java.lang.Thread.State: TIMED_WAITING
        at java.base@17.0.12/jdk.internal.misc.Unsafe.park(Native Method)
        at java.base@17.0.12/java.util.concurrent.locks.LockSupport.parkNanos(LockSupport.java:252)
        at java.base@17.0.12/java.util.concurrent.locks.AbstractQueuedSynchronizer$ConditionObject.awaitNanos(AbstractQueuedSynchronizer.java:1674)
        at java.base@17.0.12/java.util.concurrent.LinkedBlockingQueue.poll(LinkedBlockingQueue.java:460)
        at app//org.apache.hadoop.ipc.CallQueueManager.take(CallQueueManager.java:317)
        at app//org.apache.hadoop.ipc.Server$Handler.run(Server.java:3014)
"IPC Parameter Sending Thread for 0.0.0.0/0.0.0.0:15002" daemon prio=5 tid=814 timed_waiting
java.lang.Thread.State: TIMED_WAITING
        at java.base@17.0.12/jdk.internal.misc.Unsafe.park(Native Method)
        at java.base@17.0.12/java.util.concurrent.locks.LockSupport.parkNanos(LockSupport.java:252)
        at java.base@17.0.12/java.util.concurrent.SynchronousQueue$TransferQueue.transfer(SynchronousQueue.java:704)
        at java.base@17.0.12/java.util.concurrent.SynchronousQueue.poll(SynchronousQueue.java:903)
        at app//org.apache.hadoop.ipc.Client$Connection$RpcRequestSender.run(Client.java:1105)
        at java.base@17.0.12/java.lang.Thread.run(Thread.java:840)
"IPC Server handler 18 on default port 15001" daemon prio=5 tid=204 timed_waiting
java.lang.Thread.State: TIMED_WAITING
        at java.base@17.0.12/jdk.internal.misc.Unsafe.park(Native Method)
        at java.base@17.0.12/java.util.concurrent.locks.LockSupport.parkNanos(LockSupport.java:252)
        at java.base@17.0.12/java.util.concurrent.locks.AbstractQueuedSynchronizer$ConditionObject.awaitNanos(AbstractQueuedSynchronizer.java:1674)
        at java.base@17.0.12/java.util.concurrent.LinkedBlockingQueue.poll(LinkedBlockingQueue.java:460)
        at app//org.apache.hadoop.ipc.CallQueueManager.take(CallQueueManager.java:317)
        at app//org.apache.hadoop.ipc.Server$Handler.run(Server.java:3014)
"IPC Server handler 53 on default port 15001" daemon prio=5 tid=239 timed_waiting
java.lang.Thread.State: TIMED_WAITING
        at java.base@17.0.12/jdk.internal.misc.Unsafe.park(Native Method)
        at java.base@17.0.12/java.util.concurrent.locks.LockSupport.parkNanos(LockSupport.java:252)
        at java.base@17.0.12/java.util.concurrent.locks.AbstractQueuedSynchronizer$ConditionObject.awaitNanos(AbstractQueuedSynchronizer.java:1674)
        at java.base@17.0.12/java.util.concurrent.LinkedBlockingQueue.poll(LinkedBlockingQueue.java:460)
        at app//org.apache.hadoop.ipc.CallQueueManager.take(CallQueueManager.java:317)
        at app//org.apache.hadoop.ipc.Server$Handler.run(Server.java:3014)
"LeakDetector-ManagedRocksObject0" daemon prio=5 tid=24 in Object.wait()
java.lang.Thread.State: WAITING (on object monitor)
        at java.base@17.0.12/java.lang.Object.wait(Native Method)
        at java.base@17.0.12/java.lang.ref.ReferenceQueue.remove(ReferenceQueue.java:155)
        at java.base@17.0.12/java.lang.ref.ReferenceQueue.remove(ReferenceQueue.java:176)
        at app//org.apache.hadoop.hdds.utils.LeakDetector.run(LeakDetector.java:81)
        at app//org.apache.hadoop.hdds.utils.LeakDetector$$Lambda$592/0x00007f7030293840.run(Unknown Source)
        at java.base@17.0.12/java.lang.Thread.run(Thread.java:840)
"ForkJoinPool.commonPool-worker-2" daemon prio=5 tid=22 in Object.wait()
java.lang.Thread.State: WAITING (on object monitor)
        at java.base@17.0.12/jdk.internal.misc.Unsafe.park(Native Method)
        at java.base@17.0.12/java.util.concurrent.locks.LockSupport.park(LockSupport.java:341)
        at java.base@17.0.12/java.util.concurrent.ForkJoinPool.awaitWork(ForkJoinPool.java:1724)
        at java.base@17.0.12/java.util.concurrent.ForkJoinPool.runWorker(ForkJoinPool.java:1623)
        at java.base@17.0.12/java.util.concurrent.ForkJoinWorkerThread.run(ForkJoinWorkerThread.java:165)
"IPC Server handler 8 on default port 15000" daemon prio=5 tid=94 timed_waiting
java.lang.Thread.State: TIMED_WAITING
        at java.base@17.0.12/jdk.internal.misc.Unsafe.park(Native Method)
        at java.base@17.0.12/java.util.concurrent.locks.LockSupport.parkNanos(LockSupport.java:252)
        at java.base@17.0.12/java.util.concurrent.locks.AbstractQueuedSynchronizer$ConditionObject.awaitNanos(AbstractQueuedSynchronizer.java:1674)
        at java.base@17.0.12/java.util.concurrent.LinkedBlockingQueue.poll(LinkedBlockingQueue.java:460)
        at app//org.apache.hadoop.ipc.CallQueueManager.take(CallQueueManager.java:317)
        at app//org.apache.hadoop.ipc.Server$Handler.run(Server.java:3014)
"89da30bd-cbf9-4a7b-a1ff-1f6963324f22@group-17EC0FEA1F1B-FollowerState" daemon prio=5 tid=941 timed_waiting
java.lang.Thread.State: TIMED_WAITING
        at java.base@17.0.12/java.lang.Thread.sleep(Native Method)
        at java.base@17.0.12/java.lang.Thread.sleep(Thread.java:344)
        at java.base@17.0.12/java.util.concurrent.TimeUnit.sleep(TimeUnit.java:446)
        at app//org.apache.ratis.util.TimeDuration.sleep(TimeDuration.java:353)
        at app//org.apache.ratis.util.TimeDuration.sleep(TimeDuration.java:338)
        at app//org.apache.ratis.server.impl.FollowerState.run(FollowerState.java:129)
"3ccd597d-6672-4b12-926e-746f973e87fb@group-68695E8EB38B-cacheEviction-AwaitToRun" daemon prio=5 tid=961 in Object.wait()
java.lang.Thread.State: WAITING (on object monitor)
        at java.base@17.0.12/jdk.internal.misc.Unsafe.park(Native Method)
        at java.base@17.0.12/java.util.concurrent.locks.LockSupport.park(LockSupport.java:341)
        at java.base@17.0.12/java.util.concurrent.locks.AbstractQueuedSynchronizer$ConditionNode.block(AbstractQueuedSynchronizer.java:506)
        at java.base@17.0.12/java.util.concurrent.ForkJoinPool.unmanagedBlock(ForkJoinPool.java:3465)
        at java.base@17.0.12/java.util.concurrent.ForkJoinPool.managedBlock(ForkJoinPool.java:3436)
        at java.base@17.0.12/java.util.concurrent.locks.AbstractQueuedSynchronizer$ConditionObject.await(AbstractQueuedSynchronizer.java:1625)
        at app//org.apache.ratis.util.AwaitForSignal.await(AwaitForSignal.java:48)
        at app//org.apache.ratis.util.AwaitToRun$RunnableImpl.run(AwaitToRun.java:47)
        at java.base@17.0.12/java.lang.Thread.run(Thread.java:840)
"f24c48c6-4a91-44a4-ae9a-fb063e2dd958-ChunkWriter-3-0" daemon prio=5 tid=826 in Object.wait()
java.lang.Thread.State: WAITING (on object monitor)
        at java.base@17.0.12/jdk.internal.misc.Unsafe.park(Native Method)
        at java.base@17.0.12/java.util.concurrent.locks.LockSupport.park(LockSupport.java:341)
        at java.base@17.0.12/java.util.concurrent.locks.AbstractQueuedSynchronizer$ConditionNode.block(AbstractQueuedSynchronizer.java:506)
        at java.base@17.0.12/java.util.concurrent.ForkJoinPool.unmanagedBlock(ForkJoinPool.java:3465)
        at java.base@17.0.12/java.util.concurrent.ForkJoinPool.managedBlock(ForkJoinPool.java:3436)
        at java.base@17.0.12/java.util.concurrent.locks.AbstractQueuedSynchronizer$ConditionObject.await(AbstractQueuedSynchronizer.java:1625)
        at java.base@17.0.12/java.util.concurrent.LinkedBlockingDeque.takeFirst(LinkedBlockingDeque.java:485)
        at java.base@17.0.12/java.util.concurrent.LinkedBlockingDeque.take(LinkedBlockingDeque.java:673)
        at java.base@17.0.12/java.util.concurrent.ThreadPoolExecutor.getTask(ThreadPoolExecutor.java:1062)
        at java.base@17.0.12/java.util.concurrent.ThreadPoolExecutor.runWorker(ThreadPoolExecutor.java:1122)
        at java.base@17.0.12/java.util.concurrent.ThreadPoolExecutor$Worker.run(ThreadPoolExecutor.java:635)
        at java.base@17.0.12/java.lang.Thread.run(Thread.java:840)
"IPC Server handler 65 on default port 15002" daemon prio=5 tid=351 timed_waiting
java.lang.Thread.State: TIMED_WAITING
        at java.base@17.0.12/jdk.internal.misc.Unsafe.park(Native Method)
        at java.base@17.0.12/java.util.concurrent.locks.LockSupport.parkNanos(LockSupport.java:252)
        at java.base@17.0.12/java.util.concurrent.locks.AbstractQueuedSynchronizer$ConditionObject.awaitNanos(AbstractQueuedSynchronizer.java:1674)
        at java.base@17.0.12/java.util.concurrent.LinkedBlockingQueue.poll(LinkedBlockingQueue.java:460)
        at app//org.apache.hadoop.ipc.CallQueueManager.take(CallQueueManager.java:317)
        at app//org.apache.hadoop.ipc.Server$Handler.run(Server.java:3014)
"IPC Server handler 16 on default port 15004" daemon prio=5 tid=468 timed_waiting
java.lang.Thread.State: TIMED_WAITING
        at java.base@17.0.12/jdk.internal.misc.Unsafe.park(Native Method)
        at java.base@17.0.12/java.util.concurrent.locks.LockSupport.parkNanos(LockSupport.java:252)
        at java.base@17.0.12/java.util.concurrent.locks.AbstractQueuedSynchronizer$ConditionObject.awaitNanos(AbstractQueuedSynchronizer.java:1674)
        at java.base@17.0.12/java.util.concurrent.LinkedBlockingQueue.poll(LinkedBlockingQueue.java:460)
        at app//org.apache.hadoop.ipc.CallQueueManager.take(CallQueueManager.java:317)
        at app//org.apache.hadoop.ipc.Server$Handler.run(Server.java:3014)
"qtp1907999535-730" daemon prio=5 tid=730 timed_waiting
java.lang.Thread.State: TIMED_WAITING
        at java.base@17.0.12/jdk.internal.misc.Unsafe.park(Native Method)
        at java.base@17.0.12/java.util.concurrent.locks.LockSupport.parkNanos(LockSupport.java:252)
        at java.base@17.0.12/java.util.concurrent.locks.AbstractQueuedSynchronizer$ConditionObject.awaitNanos(AbstractQueuedSynchronizer.java:1674)
        at app//org.eclipse.jetty.util.BlockingArrayQueue.poll(BlockingArrayQueue.java:382)
        at app//org.eclipse.jetty.util.thread.QueuedThreadPool$Runner.idleJobPoll(QueuedThreadPool.java:974)
        at app//org.eclipse.jetty.util.thread.QueuedThreadPool$Runner.run(QueuedThreadPool.java:1018)
        at java.base@17.0.12/java.lang.Thread.run(Thread.java:840)
"Hadoop-Metrics-Updater-0" daemon prio=5 tid=746 timed_waiting
java.lang.Thread.State: TIMED_WAITING
        at java.base@17.0.12/jdk.internal.misc.Unsafe.park(Native Method)
        at java.base@17.0.12/java.util.concurrent.locks.LockSupport.parkNanos(LockSupport.java:252)
        at java.base@17.0.12/java.util.concurrent.locks.AbstractQueuedSynchronizer$ConditionObject.awaitNanos(AbstractQueuedSynchronizer.java:1674)
        at java.base@17.0.12/java.util.concurrent.ScheduledThreadPoolExecutor$DelayedWorkQueue.take(ScheduledThreadPoolExecutor.java:1182)
        at java.base@17.0.12/java.util.concurrent.ScheduledThreadPoolExecutor$DelayedWorkQueue.take(ScheduledThreadPoolExecutor.java:899)
        at java.base@17.0.12/java.util.concurrent.ThreadPoolExecutor.getTask(ThreadPoolExecutor.java:1062)
        at java.base@17.0.12/java.util.concurrent.ThreadPoolExecutor.runWorker(ThreadPoolExecutor.java:1122)
        at java.base@17.0.12/java.util.concurrent.ThreadPoolExecutor$Worker.run(ThreadPoolExecutor.java:635)
        at java.base@17.0.12/java.lang.Thread.run(Thread.java:840)
"IPC Server handler 66 on default port 15001" daemon prio=5 tid=252 timed_waiting
java.lang.Thread.State: TIMED_WAITING
        at java.base@17.0.12/jdk.internal.misc.Unsafe.park(Native Method)
        at java.base@17.0.12/java.util.concurrent.locks.LockSupport.parkNanos(LockSupport.java:252)
        at java.base@17.0.12/java.util.concurrent.locks.AbstractQueuedSynchronizer$ConditionObject.awaitNanos(AbstractQueuedSynchronizer.java:1674)
        at java.base@17.0.12/java.util.concurrent.LinkedBlockingQueue.poll(LinkedBlockingQueue.java:460)
        at app//org.apache.hadoop.ipc.CallQueueManager.take(CallQueueManager.java:317)
        at app//org.apache.hadoop.ipc.Server$Handler.run(Server.java:3014)
"IPC Server handler 2 on default port 15002" daemon prio=5 tid=288 timed_waiting
java.lang.Thread.State: TIMED_WAITING
        at java.base@17.0.12/jdk.internal.misc.Unsafe.park(Native Method)
        at java.base@17.0.12/java.util.concurrent.locks.LockSupport.parkNanos(LockSupport.java:252)
        at java.base@17.0.12/java.util.concurrent.locks.AbstractQueuedSynchronizer$ConditionObject.awaitNanos(AbstractQueuedSynchronizer.java:1674)
        at java.base@17.0.12/java.util.concurrent.LinkedBlockingQueue.poll(LinkedBlockingQueue.java:460)
        at app//org.apache.hadoop.ipc.CallQueueManager.take(CallQueueManager.java:317)
        at app//org.apache.hadoop.ipc.Server$Handler.run(Server.java:3014)
"IPC Server handler 69 on default port 15002" daemon prio=5 tid=355 timed_waiting
java.lang.Thread.State: TIMED_WAITING
        at java.base@17.0.12/jdk.internal.misc.Unsafe.park(Native Method)
        at java.base@17.0.12/java.util.concurrent.locks.LockSupport.parkNanos(LockSupport.java:252)
        at java.base@17.0.12/java.util.concurrent.locks.AbstractQueuedSynchronizer$ConditionObject.awaitNanos(AbstractQueuedSynchronizer.java:1674)
        at java.base@17.0.12/java.util.concurrent.LinkedBlockingQueue.poll(LinkedBlockingQueue.java:460)
        at app//org.apache.hadoop.ipc.CallQueueManager.take(CallQueueManager.java:317)
        at app//org.apache.hadoop.ipc.Server$Handler.run(Server.java:3014)
"f24c48c6-4a91-44a4-ae9a-fb063e2dd958-DatanodeReportManager-1" daemon prio=5 tid=667 in Object.wait()
java.lang.Thread.State: WAITING (on object monitor)
        at java.base@17.0.12/jdk.internal.misc.Unsafe.park(Native Method)
        at java.base@17.0.12/java.util.concurrent.locks.LockSupport.park(LockSupport.java:341)
        at java.base@17.0.12/java.util.concurrent.locks.AbstractQueuedSynchronizer$ConditionNode.block(AbstractQueuedSynchronizer.java:506)
        at java.base@17.0.12/java.util.concurrent.ForkJoinPool.unmanagedBlock(ForkJoinPool.java:3465)
        at java.base@17.0.12/java.util.concurrent.ForkJoinPool.managedBlock(ForkJoinPool.java:3436)
        at java.base@17.0.12/java.util.concurrent.locks.AbstractQueuedSynchronizer$ConditionObject.await(AbstractQueuedSynchronizer.java:1625)
        at java.base@17.0.12/java.util.concurrent.ScheduledThreadPoolExecutor$DelayedWorkQueue.take(ScheduledThreadPoolExecutor.java:1177)
        at java.base@17.0.12/java.util.concurrent.ScheduledThreadPoolExecutor$DelayedWorkQueue.take(ScheduledThreadPoolExecutor.java:899)
        at java.base@17.0.12/java.util.concurrent.ThreadPoolExecutor.getTask(ThreadPoolExecutor.java:1062)
        at java.base@17.0.12/java.util.concurrent.ThreadPoolExecutor.runWorker(ThreadPoolExecutor.java:1122)
        at java.base@17.0.12/java.util.concurrent.ThreadPoolExecutor$Worker.run(ThreadPoolExecutor.java:635)
        at java.base@17.0.12/java.lang.Thread.run(Thread.java:840)
"IPC Server handler 67 on default port 15001" daemon prio=5 tid=253 timed_waiting
java.lang.Thread.State: TIMED_WAITING
        at java.base@17.0.12/jdk.internal.misc.Unsafe.park(Native Method)
        at java.base@17.0.12/java.util.concurrent.locks.LockSupport.parkNanos(LockSupport.java:252)
        at java.base@17.0.12/java.util.concurrent.locks.AbstractQueuedSynchronizer$ConditionObject.awaitNanos(AbstractQueuedSynchronizer.java:1674)
        at java.base@17.0.12/java.util.concurrent.LinkedBlockingQueue.poll(LinkedBlockingQueue.java:460)
        at app//org.apache.hadoop.ipc.CallQueueManager.take(CallQueueManager.java:317)
        at app//org.apache.hadoop.ipc.Server$Handler.run(Server.java:3014)
"IPC Server handler 2 on default port 15021" daemon prio=5 tid=703 timed_waiting
java.lang.Thread.State: TIMED_WAITING
        at java.base@17.0.12/jdk.internal.misc.Unsafe.park(Native Method)
        at java.base@17.0.12/java.util.concurrent.locks.LockSupport.parkNanos(LockSupport.java:252)
        at java.base@17.0.12/java.util.concurrent.locks.AbstractQueuedSynchronizer$ConditionObject.awaitNanos(AbstractQueuedSynchronizer.java:1674)
        at java.base@17.0.12/java.util.concurrent.LinkedBlockingQueue.poll(LinkedBlockingQueue.java:460)
        at app//org.apache.hadoop.ipc.CallQueueManager.take(CallQueueManager.java:317)
        at app//org.apache.hadoop.ipc.Server$Handler.run(Server.java:3014)
"qtp665841374-446-acceptor-0@976e6c-ServerConnector@3ce3b8d3{HTTP/1.1, (http/1.1)}{0.0.0.0:15005}" daemon prio=3 tid=446 runnable
java.lang.Thread.State: RUNNABLE
        at java.base@17.0.12/sun.nio.ch.Net.accept(Native Method)
        at java.base@17.0.12/sun.nio.ch.ServerSocketChannelImpl.implAccept(ServerSocketChannelImpl.java:425)
        at java.base@17.0.12/sun.nio.ch.ServerSocketChannelImpl.accept(ServerSocketChannelImpl.java:391)
        at app//org.eclipse.jetty.server.ServerConnector.accept(ServerConnector.java:388)
        at app//org.eclipse.jetty.server.AbstractConnector$Acceptor.run(AbstractConnector.java:704)
        at app//org.eclipse.jetty.util.thread.QueuedThreadPool.runJob(QueuedThreadPool.java:883)
        at app//org.eclipse.jetty.util.thread.QueuedThreadPool$Runner.run(QueuedThreadPool.java:1034)
        at java.base@17.0.12/java.lang.Thread.run(Thread.java:840)
"IPC Server handler 50 on default port 15002" daemon prio=5 tid=336 timed_waiting
java.lang.Thread.State: TIMED_WAITING
        at java.base@17.0.12/jdk.internal.misc.Unsafe.park(Native Method)
        at java.base@17.0.12/java.util.concurrent.locks.LockSupport.parkNanos(LockSupport.java:252)
        at java.base@17.0.12/java.util.concurrent.locks.AbstractQueuedSynchronizer$ConditionObject.awaitNanos(AbstractQueuedSynchronizer.java:1674)
        at java.base@17.0.12/java.util.concurrent.LinkedBlockingQueue.poll(LinkedBlockingQueue.java:460)
        at app//org.apache.hadoop.ipc.CallQueueManager.take(CallQueueManager.java:317)
        at app//org.apache.hadoop.ipc.Server$Handler.run(Server.java:3014)
"IPC Server handler 12 on default port 15004" daemon prio=5 tid=464 timed_waiting
java.lang.Thread.State: TIMED_WAITING
        at java.base@17.0.12/jdk.internal.misc.Unsafe.park(Native Method)
        at java.base@17.0.12/java.util.concurrent.locks.LockSupport.parkNanos(LockSupport.java:252)
        at java.base@17.0.12/java.util.concurrent.locks.AbstractQueuedSynchronizer$ConditionObject.awaitNanos(AbstractQueuedSynchronizer.java:1674)
        at java.base@17.0.12/java.util.concurrent.LinkedBlockingQueue.poll(LinkedBlockingQueue.java:460)
        at app//org.apache.hadoop.ipc.CallQueueManager.take(CallQueueManager.java:317)
        at app//org.apache.hadoop.ipc.Server$Handler.run(Server.java:3014)
"IPC Server handler 85 on default port 15009" daemon prio=5 tid=604 timed_waiting
java.lang.Thread.State: TIMED_WAITING
        at java.base@17.0.12/jdk.internal.misc.Unsafe.park(Native Method)
        at java.base@17.0.12/java.util.concurrent.locks.LockSupport.parkNanos(LockSupport.java:252)
        at java.base@17.0.12/java.util.concurrent.locks.AbstractQueuedSynchronizer$ConditionObject.awaitNanos(AbstractQueuedSynchronizer.java:1674)
        at java.base@17.0.12/java.util.concurrent.LinkedBlockingQueue.poll(LinkedBlockingQueue.java:460)
        at app//org.apache.hadoop.ipc.CallQueueManager.take(CallQueueManager.java:317)
        at app//org.apache.hadoop.ipc.Server$Handler.run(Server.java:3014)
"IPC Server handler 5 on default port 15001" daemon prio=5 tid=191 timed_waiting
java.lang.Thread.State: TIMED_WAITING
        at java.base@17.0.12/jdk.internal.misc.Unsafe.park(Native Method)
        at java.base@17.0.12/java.util.concurrent.locks.LockSupport.parkNanos(LockSupport.java:252)
        at java.base@17.0.12/java.util.concurrent.locks.AbstractQueuedSynchronizer$ConditionObject.awaitNanos(AbstractQueuedSynchronizer.java:1674)
        at java.base@17.0.12/java.util.concurrent.LinkedBlockingQueue.poll(LinkedBlockingQueue.java:460)
        at app//org.apache.hadoop.ipc.CallQueueManager.take(CallQueueManager.java:317)
        at app//org.apache.hadoop.ipc.Server$Handler.run(Server.java:3014)
"IPC Server handler 74 on default port 15000" daemon prio=5 tid=160 timed_waiting
java.lang.Thread.State: TIMED_WAITING
        at java.base@17.0.12/jdk.internal.misc.Unsafe.park(Native Method)
        at java.base@17.0.12/java.util.concurrent.locks.LockSupport.parkNanos(LockSupport.java:252)
        at java.base@17.0.12/java.util.concurrent.locks.AbstractQueuedSynchronizer$ConditionObject.awaitNanos(AbstractQueuedSynchronizer.java:1674)
        at java.base@17.0.12/java.util.concurrent.LinkedBlockingQueue.poll(LinkedBlockingQueue.java:460)
        at app//org.apache.hadoop.ipc.CallQueueManager.take(CallQueueManager.java:317)
        at app//org.apache.hadoop.ipc.Server$Handler.run(Server.java:3014)
"89da30bd-cbf9-4a7b-a1ff-1f6963324f22-ChunkReader-ELG-0" daemon prio=5 tid=847 runnable
java.lang.Thread.State: RUNNABLE
        at app//org.apache.ratis.thirdparty.io.netty.channel.epoll.Native.epollWait(Native Method)
        at app//org.apache.ratis.thirdparty.io.netty.channel.epoll.Native.epollWait(Native.java:220)
        at app//org.apache.ratis.thirdparty.io.netty.channel.epoll.Native.epollWait(Native.java:213)
        at app//org.apache.ratis.thirdparty.io.netty.channel.epoll.EpollEventLoop.epollWaitNoTimerChange(EpollEventLoop.java:308)
        at app//org.apache.ratis.thirdparty.io.netty.channel.epoll.EpollEventLoop.run(EpollEventLoop.java:365)
        at app//org.apache.ratis.thirdparty.io.netty.util.concurrent.SingleThreadEventExecutor$4.run(SingleThreadEventExecutor.java:997)
        at app//org.apache.ratis.thirdparty.io.netty.util.internal.ThreadExecutorMap$2.run(ThreadExecutorMap.java:74)
        at java.base@17.0.12/java.lang.Thread.run(Thread.java:840)
"IPC Server handler 24 on default port 15009" daemon prio=5 tid=543 timed_waiting
java.lang.Thread.State: TIMED_WAITING
        at java.base@17.0.12/jdk.internal.misc.Unsafe.park(Native Method)
        at java.base@17.0.12/java.util.concurrent.locks.LockSupport.parkNanos(LockSupport.java:252)
        at java.base@17.0.12/java.util.concurrent.locks.AbstractQueuedSynchronizer$ConditionObject.awaitNanos(AbstractQueuedSynchronizer.java:1674)
        at java.base@17.0.12/java.util.concurrent.LinkedBlockingQueue.poll(LinkedBlockingQueue.java:460)
        at app//org.apache.hadoop.ipc.CallQueueManager.take(CallQueueManager.java:317)
        at app//org.apache.hadoop.ipc.Server$Handler.run(Server.java:3014)
"IPC Server handler 40 on default port 15001" daemon prio=5 tid=226 timed_waiting
java.lang.Thread.State: TIMED_WAITING
        at java.base@17.0.12/jdk.internal.misc.Unsafe.park(Native Method)
        at java.base@17.0.12/java.util.concurrent.locks.LockSupport.parkNanos(LockSupport.java:252)
        at java.base@17.0.12/java.util.concurrent.locks.AbstractQueuedSynchronizer$ConditionObject.awaitNanos(AbstractQueuedSynchronizer.java:1674)
        at java.base@17.0.12/java.util.concurrent.LinkedBlockingQueue.poll(LinkedBlockingQueue.java:460)
        at app//org.apache.hadoop.ipc.CallQueueManager.take(CallQueueManager.java:317)
        at app//org.apache.hadoop.ipc.Server$Handler.run(Server.java:3014)
"EventQueue-StaleNodeForStaleNodeHandler" daemon prio=5 tid=1044 in Object.wait()
java.lang.Thread.State: WAITING (on object monitor)
        at java.base@17.0.12/jdk.internal.misc.Unsafe.park(Native Method)
        at java.base@17.0.12/java.util.concurrent.locks.LockSupport.park(LockSupport.java:341)
        at java.base@17.0.12/java.util.concurrent.locks.AbstractQueuedSynchronizer$ConditionNode.block(AbstractQueuedSynchronizer.java:506)
        at java.base@17.0.12/java.util.concurrent.ForkJoinPool.unmanagedBlock(ForkJoinPool.java:3465)
        at java.base@17.0.12/java.util.concurrent.ForkJoinPool.managedBlock(ForkJoinPool.java:3436)
        at java.base@17.0.12/java.util.concurrent.locks.AbstractQueuedSynchronizer$ConditionObject.await(AbstractQueuedSynchronizer.java:1625)
        at java.base@17.0.12/java.util.concurrent.LinkedBlockingQueue.take(LinkedBlockingQueue.java:435)
        at java.base@17.0.12/java.util.concurrent.ThreadPoolExecutor.getTask(ThreadPoolExecutor.java:1062)
        at java.base@17.0.12/java.util.concurrent.ThreadPoolExecutor.runWorker(ThreadPoolExecutor.java:1122)
        at java.base@17.0.12/java.util.concurrent.ThreadPoolExecutor$Worker.run(ThreadPoolExecutor.java:635)
        at java.base@17.0.12/java.lang.Thread.run(Thread.java:840)
"IPC Server handler 77 on default port 15000" daemon prio=5 tid=163 timed_waiting
java.lang.Thread.State: TIMED_WAITING
        at java.base@17.0.12/jdk.internal.misc.Unsafe.park(Native Method)
        at java.base@17.0.12/java.util.concurrent.locks.LockSupport.parkNanos(LockSupport.java:252)
        at java.base@17.0.12/java.util.concurrent.locks.AbstractQueuedSynchronizer$ConditionObject.awaitNanos(AbstractQueuedSynchronizer.java:1674)
        at java.base@17.0.12/java.util.concurrent.LinkedBlockingQueue.poll(LinkedBlockingQueue.java:460)
        at app//org.apache.hadoop.ipc.CallQueueManager.take(CallQueueManager.java:317)
        at app//org.apache.hadoop.ipc.Server$Handler.run(Server.java:3014)
"IPC Server handler 49 on default port 15001" daemon prio=5 tid=235 timed_waiting
java.lang.Thread.State: TIMED_WAITING
        at java.base@17.0.12/jdk.internal.misc.Unsafe.park(Native Method)
        at java.base@17.0.12/java.util.concurrent.locks.LockSupport.parkNanos(LockSupport.java:252)
        at java.base@17.0.12/java.util.concurrent.locks.AbstractQueuedSynchronizer$ConditionObject.awaitNanos(AbstractQueuedSynchronizer.java:1674)
        at java.base@17.0.12/java.util.concurrent.LinkedBlockingQueue.poll(LinkedBlockingQueue.java:460)
        at app//org.apache.hadoop.ipc.CallQueueManager.take(CallQueueManager.java:317)
        at app//org.apache.hadoop.ipc.Server$Handler.run(Server.java:3014)
"IPC Server handler 25 on default port 15002" daemon prio=5 tid=311 timed_waiting
java.lang.Thread.State: TIMED_WAITING
        at java.base@17.0.12/jdk.internal.misc.Unsafe.park(Native Method)
        at java.base@17.0.12/java.util.concurrent.locks.LockSupport.parkNanos(LockSupport.java:252)
        at java.base@17.0.12/java.util.concurrent.locks.AbstractQueuedSynchronizer$ConditionObject.awaitNanos(AbstractQueuedSynchronizer.java:1674)
        at java.base@17.0.12/java.util.concurrent.LinkedBlockingQueue.poll(LinkedBlockingQueue.java:460)
        at app//org.apache.hadoop.ipc.CallQueueManager.take(CallQueueManager.java:317)
        at app//org.apache.hadoop.ipc.Server$Handler.run(Server.java:3014)
"IPC Server idle connection scanner for port 15021" daemon prio=5 tid=698 timed_waiting
java.lang.Thread.State: TIMED_WAITING
        at java.base@17.0.12/java.lang.Object.wait(Native Method)
        at java.base@17.0.12/java.util.TimerThread.mainLoop(Timer.java:563)
        at java.base@17.0.12/java.util.TimerThread.run(Timer.java:516)
"IPC Server handler 52 on default port 15001" daemon prio=5 tid=238 timed_waiting
java.lang.Thread.State: TIMED_WAITING
        at java.base@17.0.12/jdk.internal.misc.Unsafe.park(Native Method)
        at java.base@17.0.12/java.util.concurrent.locks.LockSupport.parkNanos(LockSupport.java:252)
        at java.base@17.0.12/java.util.concurrent.locks.AbstractQueuedSynchronizer$ConditionObject.awaitNanos(AbstractQueuedSynchronizer.java:1674)
        at java.base@17.0.12/java.util.concurrent.LinkedBlockingQueue.poll(LinkedBlockingQueue.java:460)
        at app//org.apache.hadoop.ipc.CallQueueManager.take(CallQueueManager.java:317)
        at app//org.apache.hadoop.ipc.Server$Handler.run(Server.java:3014)
"IPC Server handler 18 on default port 15009" daemon prio=5 tid=537 timed_waiting
java.lang.Thread.State: TIMED_WAITING
        at java.base@17.0.12/jdk.internal.misc.Unsafe.park(Native Method)
        at java.base@17.0.12/java.util.concurrent.locks.LockSupport.parkNanos(LockSupport.java:252)
        at java.base@17.0.12/java.util.concurrent.locks.AbstractQueuedSynchronizer$ConditionObject.awaitNanos(AbstractQueuedSynchronizer.java:1674)
        at java.base@17.0.12/java.util.concurrent.LinkedBlockingQueue.poll(LinkedBlockingQueue.java:460)
        at app//org.apache.hadoop.ipc.CallQueueManager.take(CallQueueManager.java:317)
        at app//org.apache.hadoop.ipc.Server$Handler.run(Server.java:3014)
"IPC Server handler 0 on default port 15002" daemon prio=5 tid=286 timed_waiting
java.lang.Thread.State: TIMED_WAITING
        at java.base@17.0.12/jdk.internal.misc.Unsafe.park(Native Method)
        at java.base@17.0.12/java.util.concurrent.locks.LockSupport.parkNanos(LockSupport.java:252)
        at java.base@17.0.12/java.util.concurrent.locks.AbstractQueuedSynchronizer$ConditionObject.awaitNanos(AbstractQueuedSynchronizer.java:1674)
        at java.base@17.0.12/java.util.concurrent.LinkedBlockingQueue.poll(LinkedBlockingQueue.java:460)
        at app//org.apache.hadoop.ipc.CallQueueManager.take(CallQueueManager.java:317)
        at app//org.apache.hadoop.ipc.Server$Handler.run(Server.java:3014)
"3ccd597d-6672-4b12-926e-746f973e87fb-impl-thread1"  prio=5 tid=721 timed_waiting
java.lang.Thread.State: TIMED_WAITING
        at java.base@17.0.12/jdk.internal.misc.Unsafe.park(Native Method)
        at java.base@17.0.12/java.util.concurrent.locks.LockSupport.parkNanos(LockSupport.java:252)
        at java.base@17.0.12/java.util.concurrent.SynchronousQueue$TransferStack.transfer(SynchronousQueue.java:401)
        at java.base@17.0.12/java.util.concurrent.SynchronousQueue.poll(SynchronousQueue.java:903)
        at java.base@17.0.12/java.util.concurrent.ThreadPoolExecutor.getTask(ThreadPoolExecutor.java:1061)
        at java.base@17.0.12/java.util.concurrent.ThreadPoolExecutor.runWorker(ThreadPoolExecutor.java:1122)
        at java.base@17.0.12/java.util.concurrent.ThreadPoolExecutor$Worker.run(ThreadPoolExecutor.java:635)
        at java.base@17.0.12/java.lang.Thread.run(Thread.java:840)
"Socket Reader #9 for port 15009"  prio=5 tid=491 runnable
java.lang.Thread.State: RUNNABLE
        at java.base@17.0.12/sun.nio.ch.EPoll.wait(Native Method)
        at java.base@17.0.12/sun.nio.ch.EPollSelectorImpl.doSelect(EPollSelectorImpl.java:118)
        at java.base@17.0.12/sun.nio.ch.SelectorImpl.lockAndDoSelect(SelectorImpl.java:129)
        at java.base@17.0.12/sun.nio.ch.SelectorImpl.select(SelectorImpl.java:146)
        at app//org.apache.hadoop.ipc.Server$Listener$Reader.doRunLoop(Server.java:1346)
        at app//org.apache.hadoop.ipc.Server$Listener$Reader.run(Server.java:1325)
"IPC Server handler 24 on default port 15000" daemon prio=5 tid=110 timed_waiting
java.lang.Thread.State: TIMED_WAITING
        at java.base@17.0.12/jdk.internal.misc.Unsafe.park(Native Method)
        at java.base@17.0.12/java.util.concurrent.locks.LockSupport.parkNanos(LockSupport.java:252)
        at java.base@17.0.12/java.util.concurrent.locks.AbstractQueuedSynchronizer$ConditionObject.awaitNanos(AbstractQueuedSynchronizer.java:1674)
        at java.base@17.0.12/java.util.concurrent.LinkedBlockingQueue.poll(LinkedBlockingQueue.java:460)
        at app//org.apache.hadoop.ipc.CallQueueManager.take(CallQueueManager.java:317)
        at app//org.apache.hadoop.ipc.Server$Handler.run(Server.java:3014)
"IPC Server handler 79 on default port 15001" daemon prio=5 tid=265 timed_waiting
java.lang.Thread.State: TIMED_WAITING
        at java.base@17.0.12/jdk.internal.misc.Unsafe.park(Native Method)
        at java.base@17.0.12/java.util.concurrent.locks.LockSupport.parkNanos(LockSupport.java:252)
        at java.base@17.0.12/java.util.concurrent.locks.AbstractQueuedSynchronizer$ConditionObject.awaitNanos(AbstractQueuedSynchronizer.java:1674)
        at java.base@17.0.12/java.util.concurrent.LinkedBlockingQueue.poll(LinkedBlockingQueue.java:460)
        at app//org.apache.hadoop.ipc.CallQueueManager.take(CallQueueManager.java:317)
        at app//org.apache.hadoop.ipc.Server$Handler.run(Server.java:3014)
"IPC Server handler 86 on default port 15000" daemon prio=5 tid=172 timed_waiting
java.lang.Thread.State: TIMED_WAITING
        at java.base@17.0.12/jdk.internal.misc.Unsafe.park(Native Method)
        at java.base@17.0.12/java.util.concurrent.locks.LockSupport.parkNanos(LockSupport.java:252)
        at java.base@17.0.12/java.util.concurrent.locks.AbstractQueuedSynchronizer$ConditionObject.awaitNanos(AbstractQueuedSynchronizer.java:1674)
        at java.base@17.0.12/java.util.concurrent.LinkedBlockingQueue.poll(LinkedBlockingQueue.java:460)
        at app//org.apache.hadoop.ipc.CallQueueManager.take(CallQueueManager.java:317)
        at app//org.apache.hadoop.ipc.Server$Handler.run(Server.java:3014)
"IPC Server Responder" daemon prio=5 tid=73 runnable
java.lang.Thread.State: RUNNABLE
        at java.base@17.0.12/sun.nio.ch.EPoll.wait(Native Method)
        at java.base@17.0.12/sun.nio.ch.EPollSelectorImpl.doSelect(EPollSelectorImpl.java:118)
        at java.base@17.0.12/sun.nio.ch.SelectorImpl.lockAndDoSelect(SelectorImpl.java:129)
        at java.base@17.0.12/sun.nio.ch.SelectorImpl.select(SelectorImpl.java:141)
        at app//org.apache.hadoop.ipc.Server$Responder.doRunLoop(Server.java:1582)
        at app//org.apache.hadoop.ipc.Server$Responder.run(Server.java:1565)
"timer2" daemon prio=5 tid=1005 timed_waiting
java.lang.Thread.State: TIMED_WAITING
        at java.base@17.0.12/java.lang.Object.wait(Native Method)
        at java.base@17.0.12/java.util.TimerThread.mainLoop(Timer.java:563)
        at java.base@17.0.12/java.util.TimerThread.run(Timer.java:516)
"IPC Server handler 30 on default port 15000" daemon prio=5 tid=116 timed_waiting
java.lang.Thread.State: TIMED_WAITING
        at java.base@17.0.12/jdk.internal.misc.Unsafe.park(Native Method)
        at java.base@17.0.12/java.util.concurrent.locks.LockSupport.parkNanos(LockSupport.java:252)
        at java.base@17.0.12/java.util.concurrent.locks.AbstractQueuedSynchronizer$ConditionObject.awaitNanos(AbstractQueuedSynchronizer.java:1674)
        at java.base@17.0.12/java.util.concurrent.LinkedBlockingQueue.poll(LinkedBlockingQueue.java:460)
        at app//org.apache.hadoop.ipc.CallQueueManager.take(CallQueueManager.java:317)
        at app//org.apache.hadoop.ipc.Server$Handler.run(Server.java:3014)
"IPC Server handler 48 on default port 15009" daemon prio=5 tid=567 timed_waiting
java.lang.Thread.State: TIMED_WAITING
        at java.base@17.0.12/jdk.internal.misc.Unsafe.park(Native Method)
        at java.base@17.0.12/java.util.concurrent.locks.LockSupport.parkNanos(LockSupport.java:252)
        at java.base@17.0.12/java.util.concurrent.locks.AbstractQueuedSynchronizer$ConditionObject.awaitNanos(AbstractQueuedSynchronizer.java:1674)
        at java.base@17.0.12/java.util.concurrent.LinkedBlockingQueue.poll(LinkedBlockingQueue.java:460)
        at app//org.apache.hadoop.ipc.CallQueueManager.take(CallQueueManager.java:317)
        at app//org.apache.hadoop.ipc.Server$Handler.run(Server.java:3014)
"89da30bd-cbf9-4a7b-a1ff-1f6963324f22-ChunkWriter-1-0" daemon prio=5 tid=843 in Object.wait()
java.lang.Thread.State: WAITING (on object monitor)
        at java.base@17.0.12/jdk.internal.misc.Unsafe.park(Native Method)
        at java.base@17.0.12/java.util.concurrent.locks.LockSupport.park(LockSupport.java:341)
        at java.base@17.0.12/java.util.concurrent.locks.AbstractQueuedSynchronizer$ConditionNode.block(AbstractQueuedSynchronizer.java:506)
        at java.base@17.0.12/java.util.concurrent.ForkJoinPool.unmanagedBlock(ForkJoinPool.java:3465)
        at java.base@17.0.12/java.util.concurrent.ForkJoinPool.managedBlock(ForkJoinPool.java:3436)
        at java.base@17.0.12/java.util.concurrent.locks.AbstractQueuedSynchronizer$ConditionObject.await(AbstractQueuedSynchronizer.java:1625)
        at java.base@17.0.12/java.util.concurrent.LinkedBlockingDeque.takeFirst(LinkedBlockingDeque.java:485)
        at java.base@17.0.12/java.util.concurrent.LinkedBlockingDeque.take(LinkedBlockingDeque.java:673)
        at java.base@17.0.12/java.util.concurrent.ThreadPoolExecutor.getTask(ThreadPoolExecutor.java:1062)
        at java.base@17.0.12/java.util.concurrent.ThreadPoolExecutor.runWorker(ThreadPoolExecutor.java:1122)
        at java.base@17.0.12/java.util.concurrent.ThreadPoolExecutor$Worker.run(ThreadPoolExecutor.java:635)
        at java.base@17.0.12/java.lang.Thread.run(Thread.java:840)
"IPC Server handler 18 on default port 15002" daemon prio=5 tid=304 timed_waiting
java.lang.Thread.State: TIMED_WAITING
        at java.base@17.0.12/jdk.internal.misc.Unsafe.park(Native Method)
        at java.base@17.0.12/java.util.concurrent.locks.LockSupport.parkNanos(LockSupport.java:252)
        at java.base@17.0.12/java.util.concurrent.locks.AbstractQueuedSynchronizer$ConditionObject.awaitNanos(AbstractQueuedSynchronizer.java:1674)
        at java.base@17.0.12/java.util.concurrent.LinkedBlockingQueue.poll(LinkedBlockingQueue.java:460)
        at app//org.apache.hadoop.ipc.CallQueueManager.take(CallQueueManager.java:317)
        at app//org.apache.hadoop.ipc.Server$Handler.run(Server.java:3014)
"f24c48c6-4a91-44a4-ae9a-fb063e2dd958-EndpointStateMachineTaskThread-/0.0.0.0:15009-0 "  prio=5 tid=812 in Object.wait()
java.lang.Thread.State: WAITING (on object monitor)
        at java.base@17.0.12/jdk.internal.misc.Unsafe.park(Native Method)
        at java.base@17.0.12/java.util.concurrent.locks.LockSupport.park(LockSupport.java:341)
        at java.base@17.0.12/java.util.concurrent.locks.AbstractQueuedSynchronizer$ConditionNode.block(AbstractQueuedSynchronizer.java:506)
        at java.base@17.0.12/java.util.concurrent.ForkJoinPool.unmanagedBlock(ForkJoinPool.java:3465)
        at java.base@17.0.12/java.util.concurrent.ForkJoinPool.managedBlock(ForkJoinPool.java:3436)
        at java.base@17.0.12/java.util.concurrent.locks.AbstractQueuedSynchronizer$ConditionObject.await(AbstractQueuedSynchronizer.java:1625)
        at java.base@17.0.12/java.util.concurrent.LinkedBlockingQueue.take(LinkedBlockingQueue.java:435)
        at java.base@17.0.12/java.util.concurrent.ThreadPoolExecutor.getTask(ThreadPoolExecutor.java:1062)
        at java.base@17.0.12/java.util.concurrent.ThreadPoolExecutor.runWorker(ThreadPoolExecutor.java:1122)
        at java.base@17.0.12/java.util.concurrent.ThreadPoolExecutor$Worker.run(ThreadPoolExecutor.java:635)
        at java.base@17.0.12/java.lang.Thread.run(Thread.java:840)
"IPC Server handler 93 on default port 15001" daemon prio=5 tid=279 timed_waiting
java.lang.Thread.State: TIMED_WAITING
        at java.base@17.0.12/jdk.internal.misc.Unsafe.park(Native Method)
        at java.base@17.0.12/java.util.concurrent.locks.LockSupport.parkNanos(LockSupport.java:252)
        at java.base@17.0.12/java.util.concurrent.locks.AbstractQueuedSynchronizer$ConditionObject.awaitNanos(AbstractQueuedSynchronizer.java:1674)
        at java.base@17.0.12/java.util.concurrent.LinkedBlockingQueue.poll(LinkedBlockingQueue.java:460)
        at app//org.apache.hadoop.ipc.CallQueueManager.take(CallQueueManager.java:317)
        at app//org.apache.hadoop.ipc.Server$Handler.run(Server.java:3014)
"IPC Server handler 21 on default port 15009" daemon prio=5 tid=540 timed_waiting
java.lang.Thread.State: TIMED_WAITING
        at java.base@17.0.12/jdk.internal.misc.Unsafe.park(Native Method)
        at java.base@17.0.12/java.util.concurrent.locks.LockSupport.parkNanos(LockSupport.java:252)
        at java.base@17.0.12/java.util.concurrent.locks.AbstractQueuedSynchronizer$ConditionObject.awaitNanos(AbstractQueuedSynchronizer.java:1674)
        at java.base@17.0.12/java.util.concurrent.LinkedBlockingQueue.poll(LinkedBlockingQueue.java:460)
        at app//org.apache.hadoop.ipc.CallQueueManager.take(CallQueueManager.java:317)
        at app//org.apache.hadoop.ipc.Server$Handler.run(Server.java:3014)
"IPC Server handler 45 on default port 15001" daemon prio=5 tid=231 timed_waiting
java.lang.Thread.State: TIMED_WAITING
        at java.base@17.0.12/jdk.internal.misc.Unsafe.park(Native Method)
        at java.base@17.0.12/java.util.concurrent.locks.LockSupport.parkNanos(LockSupport.java:252)
        at java.base@17.0.12/java.util.concurrent.locks.AbstractQueuedSynchronizer$ConditionObject.awaitNanos(AbstractQueuedSynchronizer.java:1674)
        at java.base@17.0.12/java.util.concurrent.LinkedBlockingQueue.poll(LinkedBlockingQueue.java:460)
        at app//org.apache.hadoop.ipc.CallQueueManager.take(CallQueueManager.java:317)
        at app//org.apache.hadoop.ipc.Server$Handler.run(Server.java:3014)
"f24c48c6-4a91-44a4-ae9a-fb063e2dd958-ChunkWriter-2-0" daemon prio=5 tid=825 in Object.wait()
java.lang.Thread.State: WAITING (on object monitor)
        at java.base@17.0.12/jdk.internal.misc.Unsafe.park(Native Method)
        at java.base@17.0.12/java.util.concurrent.locks.LockSupport.park(LockSupport.java:341)
        at java.base@17.0.12/java.util.concurrent.locks.AbstractQueuedSynchronizer$ConditionNode.block(AbstractQueuedSynchronizer.java:506)
        at java.base@17.0.12/java.util.concurrent.ForkJoinPool.unmanagedBlock(ForkJoinPool.java:3465)
        at java.base@17.0.12/java.util.concurrent.ForkJoinPool.managedBlock(ForkJoinPool.java:3436)
        at java.base@17.0.12/java.util.concurrent.locks.AbstractQueuedSynchronizer$ConditionObject.await(AbstractQueuedSynchronizer.java:1625)
        at java.base@17.0.12/java.util.concurrent.LinkedBlockingDeque.takeFirst(LinkedBlockingDeque.java:485)
        at java.base@17.0.12/java.util.concurrent.LinkedBlockingDeque.take(LinkedBlockingDeque.java:673)
        at java.base@17.0.12/java.util.concurrent.ThreadPoolExecutor.getTask(ThreadPoolExecutor.java:1062)
        at java.base@17.0.12/java.util.concurrent.ThreadPoolExecutor.runWorker(ThreadPoolExecutor.java:1122)
        at java.base@17.0.12/java.util.concurrent.ThreadPoolExecutor$Worker.run(ThreadPoolExecutor.java:635)
        at java.base@17.0.12/java.lang.Thread.run(Thread.java:840)
"3ccd597d-6672-4b12-926e-746f973e87fb-EndpointStateMachineTaskThread-/0.0.0.0:15009-0 "  prio=5 tid=854 in Object.wait()
java.lang.Thread.State: WAITING (on object monitor)
        at java.base@17.0.12/jdk.internal.misc.Unsafe.park(Native Method)
        at java.base@17.0.12/java.util.concurrent.locks.LockSupport.park(LockSupport.java:341)
        at java.base@17.0.12/java.util.concurrent.locks.AbstractQueuedSynchronizer$ConditionNode.block(AbstractQueuedSynchronizer.java:506)
        at java.base@17.0.12/java.util.concurrent.ForkJoinPool.unmanagedBlock(ForkJoinPool.java:3465)
        at java.base@17.0.12/java.util.concurrent.ForkJoinPool.managedBlock(ForkJoinPool.java:3436)
        at java.base@17.0.12/java.util.concurrent.locks.AbstractQueuedSynchronizer$ConditionObject.await(AbstractQueuedSynchronizer.java:1625)
        at java.base@17.0.12/java.util.concurrent.LinkedBlockingQueue.take(LinkedBlockingQueue.java:435)
        at java.base@17.0.12/java.util.concurrent.ThreadPoolExecutor.getTask(ThreadPoolExecutor.java:1062)
        at java.base@17.0.12/java.util.concurrent.ThreadPoolExecutor.runWorker(ThreadPoolExecutor.java:1122)
        at java.base@17.0.12/java.util.concurrent.ThreadPoolExecutor$Worker.run(ThreadPoolExecutor.java:635)
        at java.base@17.0.12/java.lang.Thread.run(Thread.java:840)
"IPC Server handler 47 on default port 15000" daemon prio=5 tid=133 timed_waiting
java.lang.Thread.State: TIMED_WAITING
        at java.base@17.0.12/jdk.internal.misc.Unsafe.park(Native Method)
        at java.base@17.0.12/java.util.concurrent.locks.LockSupport.parkNanos(LockSupport.java:252)
        at java.base@17.0.12/java.util.concurrent.locks.AbstractQueuedSynchronizer$ConditionObject.awaitNanos(AbstractQueuedSynchronizer.java:1674)
        at java.base@17.0.12/java.util.concurrent.LinkedBlockingQueue.poll(LinkedBlockingQueue.java:460)
        at app//org.apache.hadoop.ipc.CallQueueManager.take(CallQueueManager.java:317)
        at app//org.apache.hadoop.ipc.Server$Handler.run(Server.java:3014)
"IPC Server handler 70 on default port 15000" daemon prio=5 tid=156 timed_waiting
java.lang.Thread.State: TIMED_WAITING
        at java.base@17.0.12/jdk.internal.misc.Unsafe.park(Native Method)
        at java.base@17.0.12/java.util.concurrent.locks.LockSupport.parkNanos(LockSupport.java:252)
        at java.base@17.0.12/java.util.concurrent.locks.AbstractQueuedSynchronizer$ConditionObject.awaitNanos(AbstractQueuedSynchronizer.java:1674)
        at java.base@17.0.12/java.util.concurrent.LinkedBlockingQueue.poll(LinkedBlockingQueue.java:460)
        at app//org.apache.hadoop.ipc.CallQueueManager.take(CallQueueManager.java:317)
        at app//org.apache.hadoop.ipc.Server$Handler.run(Server.java:3014)
"IPC Parameter Sending Thread for 0.0.0.0/0.0.0.0:15009" daemon prio=5 tid=816 timed_waiting
java.lang.Thread.State: TIMED_WAITING
        at java.base@17.0.12/jdk.internal.misc.Unsafe.park(Native Method)
        at java.base@17.0.12/java.util.concurrent.locks.LockSupport.parkNanos(LockSupport.java:252)
        at java.base@17.0.12/java.util.concurrent.SynchronousQueue$TransferQueue.transfer(SynchronousQueue.java:704)
        at java.base@17.0.12/java.util.concurrent.SynchronousQueue.poll(SynchronousQueue.java:903)
        at app//org.apache.hadoop.ipc.Client$Connection$RpcRequestSender.run(Client.java:1105)
        at java.base@17.0.12/java.lang.Thread.run(Thread.java:840)
"IPC Server handler 42 on default port 15001" daemon prio=5 tid=228 timed_waiting
java.lang.Thread.State: TIMED_WAITING
        at java.base@17.0.12/jdk.internal.misc.Unsafe.park(Native Method)
        at java.base@17.0.12/java.util.concurrent.locks.LockSupport.parkNanos(LockSupport.java:252)
        at java.base@17.0.12/java.util.concurrent.locks.AbstractQueuedSynchronizer$ConditionObject.awaitNanos(AbstractQueuedSynchronizer.java:1674)
        at java.base@17.0.12/java.util.concurrent.LinkedBlockingQueue.poll(LinkedBlockingQueue.java:460)
        at app//org.apache.hadoop.ipc.CallQueueManager.take(CallQueueManager.java:317)
        at app//org.apache.hadoop.ipc.Server$Handler.run(Server.java:3014)
"89da30bd-cbf9-4a7b-a1ff-1f6963324f22-impl-thread1"  prio=5 tid=675 timed_waiting
java.lang.Thread.State: TIMED_WAITING
        at java.base@17.0.12/jdk.internal.misc.Unsafe.park(Native Method)
        at java.base@17.0.12/java.util.concurrent.locks.LockSupport.parkNanos(LockSupport.java:252)
        at java.base@17.0.12/java.util.concurrent.SynchronousQueue$TransferStack.transfer(SynchronousQueue.java:401)
        at java.base@17.0.12/java.util.concurrent.SynchronousQueue.poll(SynchronousQueue.java:903)
        at java.base@17.0.12/java.util.concurrent.ThreadPoolExecutor.getTask(ThreadPoolExecutor.java:1061)
        at java.base@17.0.12/java.util.concurrent.ThreadPoolExecutor.runWorker(ThreadPoolExecutor.java:1122)
        at java.base@17.0.12/java.util.concurrent.ThreadPoolExecutor$Worker.run(ThreadPoolExecutor.java:635)
        at java.base@17.0.12/java.lang.Thread.run(Thread.java:840)
"grpc-default-executor-4" daemon prio=5 tid=998 timed_waiting
java.lang.Thread.State: TIMED_WAITING
        at java.base@17.0.12/jdk.internal.misc.Unsafe.park(Native Method)
        at java.base@17.0.12/java.util.concurrent.locks.LockSupport.parkNanos(LockSupport.java:252)
        at java.base@17.0.12/java.util.concurrent.SynchronousQueue$TransferStack.transfer(SynchronousQueue.java:401)
        at java.base@17.0.12/java.util.concurrent.SynchronousQueue.poll(SynchronousQueue.java:903)
        at java.base@17.0.12/java.util.concurrent.ThreadPoolExecutor.getTask(ThreadPoolExecutor.java:1061)
        at java.base@17.0.12/java.util.concurrent.ThreadPoolExecutor.runWorker(ThreadPoolExecutor.java:1122)
        at java.base@17.0.12/java.util.concurrent.ThreadPoolExecutor$Worker.run(ThreadPoolExecutor.java:635)
        at java.base@17.0.12/java.lang.Thread.run(Thread.java:840)
"IPC Server handler 47 on default port 15009" daemon prio=5 tid=566 timed_waiting
java.lang.Thread.State: TIMED_WAITING
        at java.base@17.0.12/jdk.internal.misc.Unsafe.park(Native Method)
        at java.base@17.0.12/java.util.concurrent.locks.LockSupport.parkNanos(LockSupport.java:252)
        at java.base@17.0.12/java.util.concurrent.locks.AbstractQueuedSynchronizer$ConditionObject.awaitNanos(AbstractQueuedSynchronizer.java:1674)
        at java.base@17.0.12/java.util.concurrent.LinkedBlockingQueue.poll(LinkedBlockingQueue.java:460)
        at app//org.apache.hadoop.ipc.CallQueueManager.take(CallQueueManager.java:317)
        at app//org.apache.hadoop.ipc.Server$Handler.run(Server.java:3014)
"3ccd597d-6672-4b12-926e-746f973e87fb-CommandProcessorThread" daemon prio=5 tid=762 timed_waiting
java.lang.Thread.State: TIMED_WAITING
        at java.base@17.0.12/java.lang.Thread.sleep(Native Method)
        at app//org.apache.hadoop.ozone.container.common.statemachine.DatanodeStateMachine.lambda$initCommandHandlerThread$4(DatanodeStateMachine.java:670)
        at app//org.apache.hadoop.ozone.container.common.statemachine.DatanodeStateMachine$$Lambda$1694/0x00007f7030d74e90.run(Unknown Source)
        at java.base@17.0.12/java.lang.Thread.run(Thread.java:840)
"Timer-1" daemon prio=5 tid=476 in Object.wait()
java.lang.Thread.State: WAITING (on object monitor)
        at java.base@17.0.12/java.lang.Object.wait(Native Method)
        at java.base@17.0.12/java.lang.Object.wait(Object.java:338)
        at java.base@17.0.12/java.util.TimerThread.mainLoop(Timer.java:537)
        at java.base@17.0.12/java.util.TimerThread.run(Timer.java:516)
"IPC Server handler 99 on default port 15002" daemon prio=5 tid=385 timed_waiting
java.lang.Thread.State: TIMED_WAITING
        at java.base@17.0.12/jdk.internal.misc.Unsafe.park(Native Method)
        at java.base@17.0.12/java.util.concurrent.locks.LockSupport.parkNanos(LockSupport.java:252)
        at java.base@17.0.12/java.util.concurrent.locks.AbstractQueuedSynchronizer$ConditionObject.awaitNanos(AbstractQueuedSynchronizer.java:1674)
        at java.base@17.0.12/java.util.concurrent.LinkedBlockingQueue.poll(LinkedBlockingQueue.java:460)
        at app//org.apache.hadoop.ipc.CallQueueManager.take(CallQueueManager.java:317)
        at app//org.apache.hadoop.ipc.Server$Handler.run(Server.java:3014)
"IPC Server handler 15 on default port 15004" daemon prio=5 tid=467 timed_waiting
java.lang.Thread.State: TIMED_WAITING
        at java.base@17.0.12/jdk.internal.misc.Unsafe.park(Native Method)
        at java.base@17.0.12/java.util.concurrent.locks.LockSupport.parkNanos(LockSupport.java:252)
        at java.base@17.0.12/java.util.concurrent.locks.AbstractQueuedSynchronizer$ConditionObject.awaitNanos(AbstractQueuedSynchronizer.java:1674)
        at java.base@17.0.12/java.util.concurrent.LinkedBlockingQueue.poll(LinkedBlockingQueue.java:460)
        at app//org.apache.hadoop.ipc.CallQueueManager.take(CallQueueManager.java:317)
        at app//org.apache.hadoop.ipc.Server$Handler.run(Server.java:3014)
"3ccd597d-6672-4b12-926e-746f973e87fb@group-68695E8EB38B-SegmentedRaftLogWorker" daemon prio=5 tid=962 timed_waiting
java.lang.Thread.State: TIMED_WAITING
        at java.base@17.0.12/jdk.internal.misc.Unsafe.park(Native Method)
        at java.base@17.0.12/java.util.concurrent.locks.LockSupport.parkNanos(LockSupport.java:252)
        at java.base@17.0.12/java.util.concurrent.locks.AbstractQueuedSynchronizer$ConditionObject.awaitNanos(AbstractQueuedSynchronizer.java:1674)
        at app//org.apache.ratis.util.DataBlockingQueue.poll(DataBlockingQueue.java:148)
        at app//org.apache.ratis.server.raftlog.segmented.SegmentedRaftLogWorker.run(SegmentedRaftLogWorker.java:306)
        at app//org.apache.ratis.server.raftlog.segmented.SegmentedRaftLogWorker$$Lambda$1171/0x00007f703072aff0.run(Unknown Source)
        at java.base@17.0.12/java.util.concurrent.Executors$RunnableAdapter.call(Executors.java:539)
        at java.base@17.0.12/java.util.concurrent.FutureTask.run(FutureTask.java:264)
        at java.base@17.0.12/java.util.concurrent.ThreadPoolExecutor.runWorker(ThreadPoolExecutor.java:1136)
        at java.base@17.0.12/java.util.concurrent.ThreadPoolExecutor$Worker.run(ThreadPoolExecutor.java:635)
        at java.base@17.0.12/java.lang.Thread.run(Thread.java:840)
"Socket Reader #4 for port 15001"  prio=5 tid=51 runnable
java.lang.Thread.State: RUNNABLE
        at java.base@17.0.12/sun.nio.ch.EPoll.wait(Native Method)
        at java.base@17.0.12/sun.nio.ch.EPollSelectorImpl.doSelect(EPollSelectorImpl.java:118)
        at java.base@17.0.12/sun.nio.ch.SelectorImpl.lockAndDoSelect(SelectorImpl.java:129)
        at java.base@17.0.12/sun.nio.ch.SelectorImpl.select(SelectorImpl.java:146)
        at app//org.apache.hadoop.ipc.Server$Listener$Reader.doRunLoop(Server.java:1346)
        at app//org.apache.hadoop.ipc.Server$Listener$Reader.run(Server.java:1325)
"IPC Server handler 68 on default port 15009" daemon prio=5 tid=587 timed_waiting
java.lang.Thread.State: TIMED_WAITING
        at java.base@17.0.12/jdk.internal.misc.Unsafe.park(Native Method)
        at java.base@17.0.12/java.util.concurrent.locks.LockSupport.parkNanos(LockSupport.java:252)
        at java.base@17.0.12/java.util.concurrent.locks.AbstractQueuedSynchronizer$ConditionObject.awaitNanos(AbstractQueuedSynchronizer.java:1674)
        at java.base@17.0.12/java.util.concurrent.LinkedBlockingQueue.poll(LinkedBlockingQueue.java:460)
        at app//org.apache.hadoop.ipc.CallQueueManager.take(CallQueueManager.java:317)
        at app//org.apache.hadoop.ipc.Server$Handler.run(Server.java:3014)
"IPC Server handler 61 on default port 15000" daemon prio=5 tid=147 timed_waiting
java.lang.Thread.State: TIMED_WAITING
        at java.base@17.0.12/jdk.internal.misc.Unsafe.park(Native Method)
        at java.base@17.0.12/java.util.concurrent.locks.LockSupport.parkNanos(LockSupport.java:252)
        at java.base@17.0.12/java.util.concurrent.locks.AbstractQueuedSynchronizer$ConditionObject.awaitNanos(AbstractQueuedSynchronizer.java:1674)
        at java.base@17.0.12/java.util.concurrent.LinkedBlockingQueue.poll(LinkedBlockingQueue.java:460)
        at app//org.apache.hadoop.ipc.CallQueueManager.take(CallQueueManager.java:317)
        at app//org.apache.hadoop.ipc.Server$Handler.run(Server.java:3014)
"IPC Server handler 97 on default port 15002" daemon prio=5 tid=383 timed_waiting
java.lang.Thread.State: TIMED_WAITING
        at java.base@17.0.12/jdk.internal.misc.Unsafe.park(Native Method)
        at java.base@17.0.12/java.util.concurrent.locks.LockSupport.parkNanos(LockSupport.java:252)
        at java.base@17.0.12/java.util.concurrent.locks.AbstractQueuedSynchronizer$ConditionObject.awaitNanos(AbstractQueuedSynchronizer.java:1674)
        at java.base@17.0.12/java.util.concurrent.LinkedBlockingQueue.poll(LinkedBlockingQueue.java:460)
        at app//org.apache.hadoop.ipc.CallQueueManager.take(CallQueueManager.java:317)
        at app//org.apache.hadoop.ipc.Server$Handler.run(Server.java:3014)
"89da30bd-cbf9-4a7b-a1ff-1f6963324f22-CommandProcessorThread" daemon prio=5 tid=716 timed_waiting
java.lang.Thread.State: TIMED_WAITING
        at java.base@17.0.12/java.lang.Thread.sleep(Native Method)
        at app//org.apache.hadoop.ozone.container.common.statemachine.DatanodeStateMachine.lambda$initCommandHandlerThread$4(DatanodeStateMachine.java:670)
        at app//org.apache.hadoop.ozone.container.common.statemachine.DatanodeStateMachine$$Lambda$1694/0x00007f7030d74e90.run(Unknown Source)
        at java.base@17.0.12/java.lang.Thread.run(Thread.java:840)
"IPC Server handler 73 on default port 15001" daemon prio=5 tid=259 timed_waiting
java.lang.Thread.State: TIMED_WAITING
        at java.base@17.0.12/jdk.internal.misc.Unsafe.park(Native Method)
        at java.base@17.0.12/java.util.concurrent.locks.LockSupport.parkNanos(LockSupport.java:252)
        at java.base@17.0.12/java.util.concurrent.locks.AbstractQueuedSynchronizer$ConditionObject.awaitNanos(AbstractQueuedSynchronizer.java:1674)
        at java.base@17.0.12/java.util.concurrent.LinkedBlockingQueue.poll(LinkedBlockingQueue.java:460)
        at app//org.apache.hadoop.ipc.CallQueueManager.take(CallQueueManager.java:317)
        at app//org.apache.hadoop.ipc.Server$Handler.run(Server.java:3014)
"Socket Reader #5 for port 15001"  prio=5 tid=52 runnable
java.lang.Thread.State: RUNNABLE
        at java.base@17.0.12/sun.nio.ch.EPoll.wait(Native Method)
        at java.base@17.0.12/sun.nio.ch.EPollSelectorImpl.doSelect(EPollSelectorImpl.java:118)
        at java.base@17.0.12/sun.nio.ch.SelectorImpl.lockAndDoSelect(SelectorImpl.java:129)
        at java.base@17.0.12/sun.nio.ch.SelectorImpl.select(SelectorImpl.java:146)
        at app//org.apache.hadoop.ipc.Server$Listener$Reader.doRunLoop(Server.java:1346)
        at app//org.apache.hadoop.ipc.Server$Listener$Reader.run(Server.java:1325)
"Socket Reader #10 for port 15001"  prio=5 tid=57 runnable
java.lang.Thread.State: RUNNABLE
        at java.base@17.0.12/sun.nio.ch.EPoll.wait(Native Method)
        at java.base@17.0.12/sun.nio.ch.EPollSelectorImpl.doSelect(EPollSelectorImpl.java:118)
        at java.base@17.0.12/sun.nio.ch.SelectorImpl.lockAndDoSelect(SelectorImpl.java:129)
        at java.base@17.0.12/sun.nio.ch.SelectorImpl.select(SelectorImpl.java:146)
        at app//org.apache.hadoop.ipc.Server$Listener$Reader.doRunLoop(Server.java:1346)
        at app//org.apache.hadoop.ipc.Server$Listener$Reader.run(Server.java:1325)
"IPC Server handler 77 on default port 15001" daemon prio=5 tid=263 timed_waiting
java.lang.Thread.State: TIMED_WAITING
        at java.base@17.0.12/jdk.internal.misc.Unsafe.park(Native Method)
        at java.base@17.0.12/java.util.concurrent.locks.LockSupport.parkNanos(LockSupport.java:252)
        at java.base@17.0.12/java.util.concurrent.locks.AbstractQueuedSynchronizer$ConditionObject.awaitNanos(AbstractQueuedSynchronizer.java:1674)
        at java.base@17.0.12/java.util.concurrent.LinkedBlockingQueue.poll(LinkedBlockingQueue.java:460)
        at app//org.apache.hadoop.ipc.CallQueueManager.take(CallQueueManager.java:317)
        at app//org.apache.hadoop.ipc.Server$Handler.run(Server.java:3014)
"IPC Server handler 12 on default port 15009" daemon prio=5 tid=531 timed_waiting
java.lang.Thread.State: TIMED_WAITING
        at java.base@17.0.12/jdk.internal.misc.Unsafe.park(Native Method)
        at java.base@17.0.12/java.util.concurrent.locks.LockSupport.parkNanos(LockSupport.java:252)
        at java.base@17.0.12/java.util.concurrent.locks.AbstractQueuedSynchronizer$ConditionObject.awaitNanos(AbstractQueuedSynchronizer.java:1674)
        at java.base@17.0.12/java.util.concurrent.LinkedBlockingQueue.poll(LinkedBlockingQueue.java:460)
        at app//org.apache.hadoop.ipc.CallQueueManager.take(CallQueueManager.java:317)
        at app//org.apache.hadoop.ipc.Server$Handler.run(Server.java:3014)
"IPC Server handler 23 on default port 15000" daemon prio=5 tid=109 timed_waiting
java.lang.Thread.State: TIMED_WAITING
        at java.base@17.0.12/jdk.internal.misc.Unsafe.park(Native Method)
        at java.base@17.0.12/java.util.concurrent.locks.LockSupport.parkNanos(LockSupport.java:252)
        at java.base@17.0.12/java.util.concurrent.locks.AbstractQueuedSynchronizer$ConditionObject.awaitNanos(AbstractQueuedSynchronizer.java:1674)
        at java.base@17.0.12/java.util.concurrent.LinkedBlockingQueue.poll(LinkedBlockingQueue.java:460)
        at app//org.apache.hadoop.ipc.CallQueueManager.take(CallQueueManager.java:317)
        at app//org.apache.hadoop.ipc.Server$Handler.run(Server.java:3014)
"IPC Server handler 66 on default port 15002" daemon prio=5 tid=352 timed_waiting
java.lang.Thread.State: TIMED_WAITING
        at java.base@17.0.12/jdk.internal.misc.Unsafe.park(Native Method)
        at java.base@17.0.12/java.util.concurrent.locks.LockSupport.parkNanos(LockSupport.java:252)
        at java.base@17.0.12/java.util.concurrent.locks.AbstractQueuedSynchronizer$ConditionObject.awaitNanos(AbstractQueuedSynchronizer.java:1674)
        at java.base@17.0.12/java.util.concurrent.LinkedBlockingQueue.poll(LinkedBlockingQueue.java:460)
        at app//org.apache.hadoop.ipc.CallQueueManager.take(CallQueueManager.java:317)
        at app//org.apache.hadoop.ipc.Server$Handler.run(Server.java:3014)
"IPC Server handler 0 on default port 15004" daemon prio=5 tid=452 timed_waiting
java.lang.Thread.State: TIMED_WAITING
        at java.base@17.0.12/jdk.internal.misc.Unsafe.park(Native Method)
        at java.base@17.0.12/java.util.concurrent.locks.LockSupport.parkNanos(LockSupport.java:252)
        at java.base@17.0.12/java.util.concurrent.locks.AbstractQueuedSynchronizer$ConditionObject.awaitNanos(AbstractQueuedSynchronizer.java:1674)
        at java.base@17.0.12/java.util.concurrent.LinkedBlockingQueue.poll(LinkedBlockingQueue.java:460)
        at app//org.apache.hadoop.ipc.CallQueueManager.take(CallQueueManager.java:317)
        at app//org.apache.hadoop.ipc.Server$Handler.run(Server.java:3014)
"IPC Server handler 71 on default port 15009" daemon prio=5 tid=590 timed_waiting
java.lang.Thread.State: TIMED_WAITING
        at java.base@17.0.12/jdk.internal.misc.Unsafe.park(Native Method)
        at java.base@17.0.12/java.util.concurrent.locks.LockSupport.parkNanos(LockSupport.java:252)
        at java.base@17.0.12/java.util.concurrent.locks.AbstractQueuedSynchronizer$ConditionObject.awaitNanos(AbstractQueuedSynchronizer.java:1674)
        at java.base@17.0.12/java.util.concurrent.LinkedBlockingQueue.poll(LinkedBlockingQueue.java:460)
        at app//org.apache.hadoop.ipc.CallQueueManager.take(CallQueueManager.java:317)
        at app//org.apache.hadoop.ipc.Server$Handler.run(Server.java:3014)
"IPC Server handler 62 on default port 15001" daemon prio=5 tid=248 timed_waiting
java.lang.Thread.State: TIMED_WAITING
        at java.base@17.0.12/jdk.internal.misc.Unsafe.park(Native Method)
        at java.base@17.0.12/java.util.concurrent.locks.LockSupport.parkNanos(LockSupport.java:252)
        at java.base@17.0.12/java.util.concurrent.locks.AbstractQueuedSynchronizer$ConditionObject.awaitNanos(AbstractQueuedSynchronizer.java:1674)
        at java.base@17.0.12/java.util.concurrent.LinkedBlockingQueue.poll(LinkedBlockingQueue.java:460)
        at app//org.apache.hadoop.ipc.CallQueueManager.take(CallQueueManager.java:317)
        at app//org.apache.hadoop.ipc.Server$Handler.run(Server.java:3014)
"89da30bd-cbf9-4a7b-a1ff-1f6963324f22@group-EBDDE0D620EE-cacheEviction-AwaitToRun" daemon prio=5 tid=925 in Object.wait()
java.lang.Thread.State: WAITING (on object monitor)
        at java.base@17.0.12/jdk.internal.misc.Unsafe.park(Native Method)
        at java.base@17.0.12/java.util.concurrent.locks.LockSupport.park(LockSupport.java:341)
        at java.base@17.0.12/java.util.concurrent.locks.AbstractQueuedSynchronizer$ConditionNode.block(AbstractQueuedSynchronizer.java:506)
        at java.base@17.0.12/java.util.concurrent.ForkJoinPool.unmanagedBlock(ForkJoinPool.java:3465)
        at java.base@17.0.12/java.util.concurrent.ForkJoinPool.managedBlock(ForkJoinPool.java:3436)
        at java.base@17.0.12/java.util.concurrent.locks.AbstractQueuedSynchronizer$ConditionObject.await(AbstractQueuedSynchronizer.java:1625)
        at app//org.apache.ratis.util.AwaitForSignal.await(AwaitForSignal.java:48)
        at app//org.apache.ratis.util.AwaitToRun$RunnableImpl.run(AwaitToRun.java:47)
        at java.base@17.0.12/java.lang.Thread.run(Thread.java:840)
"Socket Reader #7 for port 15004"  prio=5 tid=418 runnable
java.lang.Thread.State: RUNNABLE
        at java.base@17.0.12/sun.nio.ch.EPoll.wait(Native Method)
        at java.base@17.0.12/sun.nio.ch.EPollSelectorImpl.doSelect(EPollSelectorImpl.java:118)
        at java.base@17.0.12/sun.nio.ch.SelectorImpl.lockAndDoSelect(SelectorImpl.java:129)
        at java.base@17.0.12/sun.nio.ch.SelectorImpl.select(SelectorImpl.java:146)
        at app//org.apache.hadoop.ipc.Server$Listener$Reader.doRunLoop(Server.java:1346)
        at app//org.apache.hadoop.ipc.Server$Listener$Reader.run(Server.java:1325)
"IPC Server handler 28 on default port 15002" daemon prio=5 tid=314 timed_waiting
java.lang.Thread.State: TIMED_WAITING
        at java.base@17.0.12/jdk.internal.misc.Unsafe.park(Native Method)
        at java.base@17.0.12/java.util.concurrent.locks.LockSupport.parkNanos(LockSupport.java:252)
        at java.base@17.0.12/java.util.concurrent.locks.AbstractQueuedSynchronizer$ConditionObject.awaitNanos(AbstractQueuedSynchronizer.java:1674)
        at java.base@17.0.12/java.util.concurrent.LinkedBlockingQueue.poll(LinkedBlockingQueue.java:460)
        at app//org.apache.hadoop.ipc.CallQueueManager.take(CallQueueManager.java:317)
        at app//org.apache.hadoop.ipc.Server$Handler.run(Server.java:3014)
"IPC Server handler 5 on default port 15002" daemon prio=5 tid=291 timed_waiting
java.lang.Thread.State: TIMED_WAITING
        at java.base@17.0.12/jdk.internal.misc.Unsafe.park(Native Method)
        at java.base@17.0.12/java.util.concurrent.locks.LockSupport.parkNanos(LockSupport.java:252)
        at java.base@17.0.12/java.util.concurrent.locks.AbstractQueuedSynchronizer$ConditionObject.awaitNanos(AbstractQueuedSynchronizer.java:1674)
        at java.base@17.0.12/java.util.concurrent.LinkedBlockingQueue.poll(LinkedBlockingQueue.java:460)
        at app//org.apache.hadoop.ipc.CallQueueManager.take(CallQueueManager.java:317)
        at app//org.apache.hadoop.ipc.Server$Handler.run(Server.java:3014)
"IPC Server handler 75 on default port 15002" daemon prio=5 tid=361 timed_waiting
java.lang.Thread.State: TIMED_WAITING
        at java.base@17.0.12/jdk.internal.misc.Unsafe.park(Native Method)
        at java.base@17.0.12/java.util.concurrent.locks.LockSupport.parkNanos(LockSupport.java:252)
        at java.base@17.0.12/java.util.concurrent.locks.AbstractQueuedSynchronizer$ConditionObject.awaitNanos(AbstractQueuedSynchronizer.java:1674)
        at java.base@17.0.12/java.util.concurrent.LinkedBlockingQueue.poll(LinkedBlockingQueue.java:460)
        at app//org.apache.hadoop.ipc.CallQueueManager.take(CallQueueManager.java:317)
        at app//org.apache.hadoop.ipc.Server$Handler.run(Server.java:3014)
"om1-SnapshotDiffCleanupService#0" daemon prio=5 tid=406 timed_waiting
java.lang.Thread.State: TIMED_WAITING
        at java.base@17.0.12/jdk.internal.misc.Unsafe.park(Native Method)
        at java.base@17.0.12/java.util.concurrent.locks.LockSupport.parkNanos(LockSupport.java:252)
        at java.base@17.0.12/java.util.concurrent.locks.AbstractQueuedSynchronizer$ConditionObject.awaitNanos(AbstractQueuedSynchronizer.java:1674)
        at java.base@17.0.12/java.util.concurrent.ScheduledThreadPoolExecutor$DelayedWorkQueue.take(ScheduledThreadPoolExecutor.java:1182)
        at java.base@17.0.12/java.util.concurrent.ScheduledThreadPoolExecutor$DelayedWorkQueue.take(ScheduledThreadPoolExecutor.java:899)
        at java.base@17.0.12/java.util.concurrent.ThreadPoolExecutor.getTask(ThreadPoolExecutor.java:1062)
        at java.base@17.0.12/java.util.concurrent.ThreadPoolExecutor.runWorker(ThreadPoolExecutor.java:1122)
        at java.base@17.0.12/java.util.concurrent.ThreadPoolExecutor$Worker.run(ThreadPoolExecutor.java:635)
        at java.base@17.0.12/java.lang.Thread.run(Thread.java:840)
"qtp1486340678-507" daemon prio=5 tid=507 runnable
java.lang.Thread.State: RUNNABLE
        at java.base@17.0.12/sun.nio.ch.EPoll.wait(Native Method)
        at java.base@17.0.12/sun.nio.ch.EPollSelectorImpl.doSelect(EPollSelectorImpl.java:118)
        at java.base@17.0.12/sun.nio.ch.SelectorImpl.lockAndDoSelect(SelectorImpl.java:129)
        at java.base@17.0.12/sun.nio.ch.SelectorImpl.select(SelectorImpl.java:146)
        at app//org.eclipse.jetty.io.ManagedSelector.nioSelect(ManagedSelector.java:183)
        at app//org.eclipse.jetty.io.ManagedSelector.select(ManagedSelector.java:190)
        at app//org.eclipse.jetty.io.ManagedSelector$SelectorProducer.select(ManagedSelector.java:606)
        at app//org.eclipse.jetty.io.ManagedSelector$SelectorProducer.produce(ManagedSelector.java:543)
        at app//org.eclipse.jetty.util.thread.strategy.EatWhatYouKill.produceTask(EatWhatYouKill.java:362)
        at app//org.eclipse.jetty.util.thread.strategy.EatWhatYouKill.doProduce(EatWhatYouKill.java:186)
        at app//org.eclipse.jetty.util.thread.strategy.EatWhatYouKill.tryProduce(EatWhatYouKill.java:173)
        at app//org.eclipse.jetty.util.thread.strategy.EatWhatYouKill.produce(EatWhatYouKill.java:137)
        at app//org.eclipse.jetty.io.ManagedSelector$$Lambda$821/0x00007f7030550440.run(Unknown Source)
        at app//org.eclipse.jetty.util.thread.QueuedThreadPool.runJob(QueuedThreadPool.java:883)
        at app//org.eclipse.jetty.util.thread.QueuedThreadPool$Runner.run(QueuedThreadPool.java:1034)
        at java.base@17.0.12/java.lang.Thread.run(Thread.java:840)
"IPC Server handler 5 on default port 15021" daemon prio=5 tid=706 timed_waiting
java.lang.Thread.State: TIMED_WAITING
        at java.base@17.0.12/jdk.internal.misc.Unsafe.park(Native Method)
        at java.base@17.0.12/java.util.concurrent.locks.LockSupport.parkNanos(LockSupport.java:252)
        at java.base@17.0.12/java.util.concurrent.locks.AbstractQueuedSynchronizer$ConditionObject.awaitNanos(AbstractQueuedSynchronizer.java:1674)
        at java.base@17.0.12/java.util.concurrent.LinkedBlockingQueue.poll(LinkedBlockingQueue.java:460)
        at app//org.apache.hadoop.ipc.CallQueueManager.take(CallQueueManager.java:317)
        at app//org.apache.hadoop.ipc.Server$Handler.run(Server.java:3014)
"89da30bd-cbf9-4a7b-a1ff-1f6963324f22@group-3A08AF1FB2FD-SegmentedRaftLogWorker"  prio=5 tid=930 timed_waiting
java.lang.Thread.State: TIMED_WAITING
        at java.base@17.0.12/jdk.internal.misc.Unsafe.park(Native Method)
        at java.base@17.0.12/java.util.concurrent.locks.LockSupport.parkNanos(LockSupport.java:252)
        at java.base@17.0.12/java.util.concurrent.locks.AbstractQueuedSynchronizer$ConditionObject.awaitNanos(AbstractQueuedSynchronizer.java:1674)
        at app//org.apache.ratis.util.DataBlockingQueue.poll(DataBlockingQueue.java:148)
        at app//org.apache.ratis.server.raftlog.segmented.SegmentedRaftLogWorker.run(SegmentedRaftLogWorker.java:306)
        at app//org.apache.ratis.server.raftlog.segmented.SegmentedRaftLogWorker$$Lambda$1171/0x00007f703072aff0.run(Unknown Source)
        at java.base@17.0.12/java.util.concurrent.Executors$RunnableAdapter.call(Executors.java:539)
        at java.base@17.0.12/java.util.concurrent.FutureTask.run(FutureTask.java:264)
        at java.base@17.0.12/java.util.concurrent.ThreadPoolExecutor.runWorker(ThreadPoolExecutor.java:1136)
        at java.base@17.0.12/java.util.concurrent.ThreadPoolExecutor$Worker.run(ThreadPoolExecutor.java:635)
        at java.base@17.0.12/java.lang.Thread.run(Thread.java:840)
"IPC Server handler 16 on default port 15000" daemon prio=5 tid=102 timed_waiting
java.lang.Thread.State: TIMED_WAITING
        at java.base@17.0.12/jdk.internal.misc.Unsafe.park(Native Method)
        at java.base@17.0.12/java.util.concurrent.locks.LockSupport.parkNanos(LockSupport.java:252)
        at java.base@17.0.12/java.util.concurrent.locks.AbstractQueuedSynchronizer$ConditionObject.awaitNanos(AbstractQueuedSynchronizer.java:1674)
        at java.base@17.0.12/java.util.concurrent.LinkedBlockingQueue.poll(LinkedBlockingQueue.java:460)
        at app//org.apache.hadoop.ipc.CallQueueManager.take(CallQueueManager.java:317)
        at app//org.apache.hadoop.ipc.Server$Handler.run(Server.java:3014)
"IPC Server handler 5 on default port 15004" daemon prio=5 tid=457 timed_waiting
java.lang.Thread.State: TIMED_WAITING
        at java.base@17.0.12/jdk.internal.misc.Unsafe.park(Native Method)
        at java.base@17.0.12/java.util.concurrent.locks.LockSupport.parkNanos(LockSupport.java:252)
        at java.base@17.0.12/java.util.concurrent.locks.AbstractQueuedSynchronizer$ConditionObject.awaitNanos(AbstractQueuedSynchronizer.java:1674)
        at java.base@17.0.12/java.util.concurrent.LinkedBlockingQueue.poll(LinkedBlockingQueue.java:460)
        at app//org.apache.hadoop.ipc.CallQueueManager.take(CallQueueManager.java:317)
        at app//org.apache.hadoop.ipc.Server$Handler.run(Server.java:3014)
"IPC Server handler 11 on default port 15000" daemon prio=5 tid=97 timed_waiting
java.lang.Thread.State: TIMED_WAITING
        at java.base@17.0.12/jdk.internal.misc.Unsafe.park(Native Method)
        at java.base@17.0.12/java.util.concurrent.locks.LockSupport.parkNanos(LockSupport.java:252)
        at java.base@17.0.12/java.util.concurrent.locks.AbstractQueuedSynchronizer$ConditionObject.awaitNanos(AbstractQueuedSynchronizer.java:1674)
        at java.base@17.0.12/java.util.concurrent.LinkedBlockingQueue.poll(LinkedBlockingQueue.java:460)
        at app//org.apache.hadoop.ipc.CallQueueManager.take(CallQueueManager.java:317)
        at app//org.apache.hadoop.ipc.Server$Handler.run(Server.java:3014)
"IPC Server handler 9 on default port 15009" daemon prio=5 tid=528 timed_waiting
java.lang.Thread.State: TIMED_WAITING
        at java.base@17.0.12/jdk.internal.misc.Unsafe.park(Native Method)
        at java.base@17.0.12/java.util.concurrent.locks.LockSupport.parkNanos(LockSupport.java:252)
        at java.base@17.0.12/java.util.concurrent.locks.AbstractQueuedSynchronizer$ConditionObject.awaitNanos(AbstractQueuedSynchronizer.java:1674)
        at java.base@17.0.12/java.util.concurrent.LinkedBlockingQueue.poll(LinkedBlockingQueue.java:460)
        at app//org.apache.hadoop.ipc.CallQueueManager.take(CallQueueManager.java:317)
        at app//org.apache.hadoop.ipc.Server$Handler.run(Server.java:3014)
"Socket Reader #8 for port 15030"  prio=5 tid=741 runnable
java.lang.Thread.State: RUNNABLE
        at java.base@17.0.12/sun.nio.ch.EPoll.wait(Native Method)
        at java.base@17.0.12/sun.nio.ch.EPollSelectorImpl.doSelect(EPollSelectorImpl.java:118)
        at java.base@17.0.12/sun.nio.ch.SelectorImpl.lockAndDoSelect(SelectorImpl.java:129)
        at java.base@17.0.12/sun.nio.ch.SelectorImpl.select(SelectorImpl.java:146)
        at app//org.apache.hadoop.ipc.Server$Listener$Reader.doRunLoop(Server.java:1346)
        at app//org.apache.hadoop.ipc.Server$Listener$Reader.run(Server.java:1325)
"IPC Server handler 29 on default port 15001" daemon prio=5 tid=215 timed_waiting
java.lang.Thread.State: TIMED_WAITING
        at java.base@17.0.12/jdk.internal.misc.Unsafe.park(Native Method)
        at java.base@17.0.12/java.util.concurrent.locks.LockSupport.parkNanos(LockSupport.java:252)
        at java.base@17.0.12/java.util.concurrent.locks.AbstractQueuedSynchronizer$ConditionObject.awaitNanos(AbstractQueuedSynchronizer.java:1674)
        at java.base@17.0.12/java.util.concurrent.LinkedBlockingQueue.poll(LinkedBlockingQueue.java:460)
        at app//org.apache.hadoop.ipc.CallQueueManager.take(CallQueueManager.java:317)
        at app//org.apache.hadoop.ipc.Server$Handler.run(Server.java:3014)
"IPC Server handler 52 on default port 15009" daemon prio=5 tid=571 timed_waiting
java.lang.Thread.State: TIMED_WAITING
        at java.base@17.0.12/jdk.internal.misc.Unsafe.park(Native Method)
        at java.base@17.0.12/java.util.concurrent.locks.LockSupport.parkNanos(LockSupport.java:252)
        at java.base@17.0.12/java.util.concurrent.locks.AbstractQueuedSynchronizer$ConditionObject.awaitNanos(AbstractQueuedSynchronizer.java:1674)
        at java.base@17.0.12/java.util.concurrent.LinkedBlockingQueue.poll(LinkedBlockingQueue.java:460)
        at app//org.apache.hadoop.ipc.CallQueueManager.take(CallQueueManager.java:317)
        at app//org.apache.hadoop.ipc.Server$Handler.run(Server.java:3014)
"IPC Server handler 29 on default port 15009" daemon prio=5 tid=548 timed_waiting
java.lang.Thread.State: TIMED_WAITING
        at java.base@17.0.12/jdk.internal.misc.Unsafe.park(Native Method)
        at java.base@17.0.12/java.util.concurrent.locks.LockSupport.parkNanos(LockSupport.java:252)
        at java.base@17.0.12/java.util.concurrent.locks.AbstractQueuedSynchronizer$ConditionObject.awaitNanos(AbstractQueuedSynchronizer.java:1674)
        at java.base@17.0.12/java.util.concurrent.LinkedBlockingQueue.poll(LinkedBlockingQueue.java:460)
        at app//org.apache.hadoop.ipc.CallQueueManager.take(CallQueueManager.java:317)
        at app//org.apache.hadoop.ipc.Server$Handler.run(Server.java:3014)
"IPC Server handler 70 on default port 15002" daemon prio=5 tid=356 timed_waiting
java.lang.Thread.State: TIMED_WAITING
        at java.base@17.0.12/jdk.internal.misc.Unsafe.park(Native Method)
        at java.base@17.0.12/java.util.concurrent.locks.LockSupport.parkNanos(LockSupport.java:252)
        at java.base@17.0.12/java.util.concurrent.locks.AbstractQueuedSynchronizer$ConditionObject.awaitNanos(AbstractQueuedSynchronizer.java:1674)
        at java.base@17.0.12/java.util.concurrent.LinkedBlockingQueue.poll(LinkedBlockingQueue.java:460)
        at app//org.apache.hadoop.ipc.CallQueueManager.take(CallQueueManager.java:317)
        at app//org.apache.hadoop.ipc.Server$Handler.run(Server.java:3014)
"Socket Reader #7 for port 15009"  prio=5 tid=489 runnable
java.lang.Thread.State: RUNNABLE
        at java.base@17.0.12/sun.nio.ch.EPoll.wait(Native Method)
        at java.base@17.0.12/sun.nio.ch.EPollSelectorImpl.doSelect(EPollSelectorImpl.java:118)
        at java.base@17.0.12/sun.nio.ch.SelectorImpl.lockAndDoSelect(SelectorImpl.java:129)
        at java.base@17.0.12/sun.nio.ch.SelectorImpl.select(SelectorImpl.java:146)
        at app//org.apache.hadoop.ipc.Server$Listener$Reader.doRunLoop(Server.java:1346)
        at app//org.apache.hadoop.ipc.Server$Listener$Reader.run(Server.java:1325)
"EventQueue-NodeRegistrationContainerReportForContainerSafeModeRule" daemon prio=5 tid=894 in Object.wait()
java.lang.Thread.State: WAITING (on object monitor)
        at java.base@17.0.12/jdk.internal.misc.Unsafe.park(Native Method)
        at java.base@17.0.12/java.util.concurrent.locks.LockSupport.park(LockSupport.java:341)
        at java.base@17.0.12/java.util.concurrent.locks.AbstractQueuedSynchronizer$ConditionNode.block(AbstractQueuedSynchronizer.java:506)
        at java.base@17.0.12/java.util.concurrent.ForkJoinPool.unmanagedBlock(ForkJoinPool.java:3465)
        at java.base@17.0.12/java.util.concurrent.ForkJoinPool.managedBlock(ForkJoinPool.java:3436)
        at java.base@17.0.12/java.util.concurrent.locks.AbstractQueuedSynchronizer$ConditionObject.await(AbstractQueuedSynchronizer.java:1625)
        at java.base@17.0.12/java.util.concurrent.LinkedBlockingQueue.take(LinkedBlockingQueue.java:435)
        at java.base@17.0.12/java.util.concurrent.ThreadPoolExecutor.getTask(ThreadPoolExecutor.java:1062)
        at java.base@17.0.12/java.util.concurrent.ThreadPoolExecutor.runWorker(ThreadPoolExecutor.java:1122)
        at java.base@17.0.12/java.util.concurrent.ThreadPoolExecutor$Worker.run(ThreadPoolExecutor.java:635)
        at java.base@17.0.12/java.lang.Thread.run(Thread.java:840)
"IPC Server handler 93 on default port 15009" daemon prio=5 tid=612 timed_waiting
java.lang.Thread.State: TIMED_WAITING
        at java.base@17.0.12/jdk.internal.misc.Unsafe.park(Native Method)
        at java.base@17.0.12/java.util.concurrent.locks.LockSupport.parkNanos(LockSupport.java:252)
        at java.base@17.0.12/java.util.concurrent.locks.AbstractQueuedSynchronizer$ConditionObject.awaitNanos(AbstractQueuedSynchronizer.java:1674)
        at java.base@17.0.12/java.util.concurrent.LinkedBlockingQueue.poll(LinkedBlockingQueue.java:460)
        at app//org.apache.hadoop.ipc.CallQueueManager.take(CallQueueManager.java:317)
        at app//org.apache.hadoop.ipc.Server$Handler.run(Server.java:3014)
"IPC Server handler 27 on default port 15001" daemon prio=5 tid=213 timed_waiting
java.lang.Thread.State: TIMED_WAITING
        at java.base@17.0.12/jdk.internal.misc.Unsafe.park(Native Method)
        at java.base@17.0.12/java.util.concurrent.locks.LockSupport.parkNanos(LockSupport.java:252)
        at java.base@17.0.12/java.util.concurrent.locks.AbstractQueuedSynchronizer$ConditionObject.awaitNanos(AbstractQueuedSynchronizer.java:1674)
        at java.base@17.0.12/java.util.concurrent.LinkedBlockingQueue.poll(LinkedBlockingQueue.java:460)
        at app//org.apache.hadoop.ipc.CallQueueManager.take(CallQueueManager.java:317)
        at app//org.apache.hadoop.ipc.Server$Handler.run(Server.java:3014)
"89da30bd-cbf9-4a7b-a1ff-1f6963324f22-groupManagement"  prio=5 tid=920 in Object.wait()
java.lang.Thread.State: WAITING (on object monitor)
        at java.base@17.0.12/jdk.internal.misc.Unsafe.park(Native Method)
        at java.base@17.0.12/java.util.concurrent.locks.LockSupport.park(LockSupport.java:341)
        at java.base@17.0.12/java.util.concurrent.locks.AbstractQueuedSynchronizer$ConditionNode.block(AbstractQueuedSynchronizer.java:506)
        at java.base@17.0.12/java.util.concurrent.ForkJoinPool.unmanagedBlock(ForkJoinPool.java:3465)
        at java.base@17.0.12/java.util.concurrent.ForkJoinPool.managedBlock(ForkJoinPool.java:3436)
        at java.base@17.0.12/java.util.concurrent.locks.AbstractQueuedSynchronizer$ConditionObject.await(AbstractQueuedSynchronizer.java:1625)
        at java.base@17.0.12/java.util.concurrent.LinkedBlockingQueue.take(LinkedBlockingQueue.java:435)
        at java.base@17.0.12/java.util.concurrent.ThreadPoolExecutor.getTask(ThreadPoolExecutor.java:1062)
        at java.base@17.0.12/java.util.concurrent.ThreadPoolExecutor.runWorker(ThreadPoolExecutor.java:1122)
        at java.base@17.0.12/java.util.concurrent.ThreadPoolExecutor$Worker.run(ThreadPoolExecutor.java:635)
        at java.base@17.0.12/java.lang.Thread.run(Thread.java:840)
"IPC Server handler 99 on default port 15009" daemon prio=5 tid=618 timed_waiting
java.lang.Thread.State: TIMED_WAITING
        at java.base@17.0.12/jdk.internal.misc.Unsafe.park(Native Method)
        at java.base@17.0.12/java.util.concurrent.locks.LockSupport.parkNanos(LockSupport.java:252)
        at java.base@17.0.12/java.util.concurrent.locks.AbstractQueuedSynchronizer$ConditionObject.awaitNanos(AbstractQueuedSynchronizer.java:1674)
        at java.base@17.0.12/java.util.concurrent.LinkedBlockingQueue.poll(LinkedBlockingQueue.java:460)
        at app//org.apache.hadoop.ipc.CallQueueManager.take(CallQueueManager.java:317)
        at app//org.apache.hadoop.ipc.Server$Handler.run(Server.java:3014)
"JvmPauseMonitor3" daemon prio=5 tid=827 timed_waiting
java.lang.Thread.State: TIMED_WAITING
        at java.base@17.0.12/java.lang.Thread.sleep(Native Method)
        at java.base@17.0.12/java.lang.Thread.sleep(Thread.java:344)
        at java.base@17.0.12/java.util.concurrent.TimeUnit.sleep(TimeUnit.java:446)
        at app//org.apache.ratis.util.TimeDuration.sleep(TimeDuration.java:353)
        at app//org.apache.ratis.util.TimeDuration.sleep(TimeDuration.java:338)
        at app//org.apache.ratis.util.JvmPauseMonitor.detectPause(JvmPauseMonitor.java:160)
        at app//org.apache.ratis.util.JvmPauseMonitor.run(JvmPauseMonitor.java:149)
        at app//org.apache.ratis.util.JvmPauseMonitor$$Lambda$781/0x00007f70304f5d20.run(Unknown Source)
        at java.base@17.0.12/java.lang.Thread.run(Thread.java:840)
"IPC Server handler 92 on default port 15002" daemon prio=5 tid=378 timed_waiting
java.lang.Thread.State: TIMED_WAITING
        at java.base@17.0.12/jdk.internal.misc.Unsafe.park(Native Method)
        at java.base@17.0.12/java.util.concurrent.locks.LockSupport.parkNanos(LockSupport.java:252)
        at java.base@17.0.12/java.util.concurrent.locks.AbstractQueuedSynchronizer$ConditionObject.awaitNanos(AbstractQueuedSynchronizer.java:1674)
        at java.base@17.0.12/java.util.concurrent.LinkedBlockingQueue.poll(LinkedBlockingQueue.java:460)
        at app//org.apache.hadoop.ipc.CallQueueManager.take(CallQueueManager.java:317)
        at app//org.apache.hadoop.ipc.Server$Handler.run(Server.java:3014)
"IPC Server handler 86 on default port 15001" daemon prio=5 tid=272 timed_waiting
java.lang.Thread.State: TIMED_WAITING
        at java.base@17.0.12/jdk.internal.misc.Unsafe.park(Native Method)
        at java.base@17.0.12/java.util.concurrent.locks.LockSupport.parkNanos(LockSupport.java:252)
        at java.base@17.0.12/java.util.concurrent.locks.AbstractQueuedSynchronizer$ConditionObject.awaitNanos(AbstractQueuedSynchronizer.java:1674)
        at java.base@17.0.12/java.util.concurrent.LinkedBlockingQueue.poll(LinkedBlockingQueue.java:460)
        at app//org.apache.hadoop.ipc.CallQueueManager.take(CallQueueManager.java:317)
        at app//org.apache.hadoop.ipc.Server$Handler.run(Server.java:3014)
"IPC Server handler 19 on default port 15002" daemon prio=5 tid=305 timed_waiting
java.lang.Thread.State: TIMED_WAITING
        at java.base@17.0.12/jdk.internal.misc.Unsafe.park(Native Method)
        at java.base@17.0.12/java.util.concurrent.locks.LockSupport.parkNanos(LockSupport.java:252)
        at java.base@17.0.12/java.util.concurrent.locks.AbstractQueuedSynchronizer$ConditionObject.awaitNanos(AbstractQueuedSynchronizer.java:1674)
        at java.base@17.0.12/java.util.concurrent.LinkedBlockingQueue.poll(LinkedBlockingQueue.java:460)
        at app//org.apache.hadoop.ipc.CallQueueManager.take(CallQueueManager.java:317)
        at app//org.apache.hadoop.ipc.Server$Handler.run(Server.java:3014)
"timer6" daemon prio=5 tid=1016 timed_waiting
java.lang.Thread.State: TIMED_WAITING
        at java.base@17.0.12/java.lang.Object.wait(Native Method)
        at java.base@17.0.12/java.util.TimerThread.mainLoop(Timer.java:563)
        at java.base@17.0.12/java.util.TimerThread.run(Timer.java:516)
"f24c48c6-4a91-44a4-ae9a-fb063e2dd958-server-thread1" daemon prio=5 tid=1003 timed_waiting
java.lang.Thread.State: TIMED_WAITING
        at java.base@17.0.12/jdk.internal.misc.Unsafe.park(Native Method)
        at java.base@17.0.12/java.util.concurrent.locks.LockSupport.parkNanos(LockSupport.java:252)
        at java.base@17.0.12/java.util.concurrent.SynchronousQueue$TransferStack.transfer(SynchronousQueue.java:401)
        at java.base@17.0.12/java.util.concurrent.SynchronousQueue.poll(SynchronousQueue.java:903)
        at java.base@17.0.12/java.util.concurrent.ThreadPoolExecutor.getTask(ThreadPoolExecutor.java:1061)
        at java.base@17.0.12/java.util.concurrent.ThreadPoolExecutor.runWorker(ThreadPoolExecutor.java:1122)
        at java.base@17.0.12/java.util.concurrent.ThreadPoolExecutor$Worker.run(ThreadPoolExecutor.java:635)
        at java.base@17.0.12/java.lang.Thread.run(Thread.java:840)
"3ccd597d-6672-4b12-926e-746f973e87fb-ChunkReader-ELG-0" daemon prio=5 tid=866 runnable
java.lang.Thread.State: RUNNABLE
        at app//org.apache.ratis.thirdparty.io.netty.channel.epoll.Native.epollWait(Native Method)
        at app//org.apache.ratis.thirdparty.io.netty.channel.epoll.Native.epollWait(Native.java:220)
        at app//org.apache.ratis.thirdparty.io.netty.channel.epoll.Native.epollWait(Native.java:213)
        at app//org.apache.ratis.thirdparty.io.netty.channel.epoll.EpollEventLoop.epollWaitNoTimerChange(EpollEventLoop.java:308)
        at app//org.apache.ratis.thirdparty.io.netty.channel.epoll.EpollEventLoop.run(EpollEventLoop.java:365)
        at app//org.apache.ratis.thirdparty.io.netty.util.concurrent.SingleThreadEventExecutor$4.run(SingleThreadEventExecutor.java:997)
        at app//org.apache.ratis.thirdparty.io.netty.util.internal.ThreadExecutorMap$2.run(ThreadExecutorMap.java:74)
        at java.base@17.0.12/java.lang.Thread.run(Thread.java:840)
"Socket Reader #8 for port 15002"  prio=5 tid=41 runnable
java.lang.Thread.State: RUNNABLE
        at java.base@17.0.12/sun.nio.ch.EPoll.wait(Native Method)
        at java.base@17.0.12/sun.nio.ch.EPollSelectorImpl.doSelect(EPollSelectorImpl.java:118)
        at java.base@17.0.12/sun.nio.ch.SelectorImpl.lockAndDoSelect(SelectorImpl.java:129)
        at java.base@17.0.12/sun.nio.ch.SelectorImpl.select(SelectorImpl.java:146)
        at app//org.apache.hadoop.ipc.Server$Listener$Reader.doRunLoop(Server.java:1346)
        at app//org.apache.hadoop.ipc.Server$Listener$Reader.run(Server.java:1325)
"IPC Server handler 61 on default port 15002" daemon prio=5 tid=347 timed_waiting
java.lang.Thread.State: TIMED_WAITING
        at java.base@17.0.12/jdk.internal.misc.Unsafe.park(Native Method)
        at java.base@17.0.12/java.util.concurrent.locks.LockSupport.parkNanos(LockSupport.java:252)
        at java.base@17.0.12/java.util.concurrent.locks.AbstractQueuedSynchronizer$ConditionObject.awaitNanos(AbstractQueuedSynchronizer.java:1674)
        at java.base@17.0.12/java.util.concurrent.LinkedBlockingQueue.poll(LinkedBlockingQueue.java:460)
        at app//org.apache.hadoop.ipc.CallQueueManager.take(CallQueueManager.java:317)
        at app//org.apache.hadoop.ipc.Server$Handler.run(Server.java:3014)
"Socket Reader #6 for port 15002"  prio=5 tid=39 runnable
java.lang.Thread.State: RUNNABLE
        at java.base@17.0.12/sun.nio.ch.EPoll.wait(Native Method)
        at java.base@17.0.12/sun.nio.ch.EPollSelectorImpl.doSelect(EPollSelectorImpl.java:118)
        at java.base@17.0.12/sun.nio.ch.SelectorImpl.lockAndDoSelect(SelectorImpl.java:129)
        at java.base@17.0.12/sun.nio.ch.SelectorImpl.select(SelectorImpl.java:146)
        at app//org.apache.hadoop.ipc.Server$Listener$Reader.doRunLoop(Server.java:1346)
        at app//org.apache.hadoop.ipc.Server$Listener$Reader.run(Server.java:1325)
"IPC Server handler 57 on default port 15009" daemon prio=5 tid=576 timed_waiting
java.lang.Thread.State: TIMED_WAITING
        at java.base@17.0.12/jdk.internal.misc.Unsafe.park(Native Method)
        at java.base@17.0.12/java.util.concurrent.locks.LockSupport.parkNanos(LockSupport.java:252)
        at java.base@17.0.12/java.util.concurrent.locks.AbstractQueuedSynchronizer$ConditionObject.awaitNanos(AbstractQueuedSynchronizer.java:1674)
        at java.base@17.0.12/java.util.concurrent.LinkedBlockingQueue.poll(LinkedBlockingQueue.java:460)
        at app//org.apache.hadoop.ipc.CallQueueManager.take(CallQueueManager.java:317)
        at app//org.apache.hadoop.ipc.Server$Handler.run(Server.java:3014)
"Socket Reader #4 for port 15009"  prio=5 tid=486 runnable
java.lang.Thread.State: RUNNABLE
        at java.base@17.0.12/sun.nio.ch.EPoll.wait(Native Method)
        at java.base@17.0.12/sun.nio.ch.EPollSelectorImpl.doSelect(EPollSelectorImpl.java:118)
        at java.base@17.0.12/sun.nio.ch.SelectorImpl.lockAndDoSelect(SelectorImpl.java:129)
        at java.base@17.0.12/sun.nio.ch.SelectorImpl.select(SelectorImpl.java:146)
        at app//org.apache.hadoop.ipc.Server$Listener$Reader.doRunLoop(Server.java:1346)
        at app//org.apache.hadoop.ipc.Server$Listener$Reader.run(Server.java:1325)
"IPC Server handler 90 on default port 15001" daemon prio=5 tid=276 timed_waiting
java.lang.Thread.State: TIMED_WAITING
        at java.base@17.0.12/jdk.internal.misc.Unsafe.park(Native Method)
        at java.base@17.0.12/java.util.concurrent.locks.LockSupport.parkNanos(LockSupport.java:252)
        at java.base@17.0.12/java.util.concurrent.locks.AbstractQueuedSynchronizer$ConditionObject.awaitNanos(AbstractQueuedSynchronizer.java:1674)
        at java.base@17.0.12/java.util.concurrent.LinkedBlockingQueue.poll(LinkedBlockingQueue.java:460)
        at app//org.apache.hadoop.ipc.CallQueueManager.take(CallQueueManager.java:317)
        at app//org.apache.hadoop.ipc.Server$Handler.run(Server.java:3014)
"IPC Server handler 32 on default port 15002" daemon prio=5 tid=318 timed_waiting
java.lang.Thread.State: TIMED_WAITING
        at java.base@17.0.12/jdk.internal.misc.Unsafe.park(Native Method)
        at java.base@17.0.12/java.util.concurrent.locks.LockSupport.parkNanos(LockSupport.java:252)
        at java.base@17.0.12/java.util.concurrent.locks.AbstractQueuedSynchronizer$ConditionObject.awaitNanos(AbstractQueuedSynchronizer.java:1674)
        at java.base@17.0.12/java.util.concurrent.LinkedBlockingQueue.poll(LinkedBlockingQueue.java:460)
        at app//org.apache.hadoop.ipc.CallQueueManager.take(CallQueueManager.java:317)
        at app//org.apache.hadoop.ipc.Server$Handler.run(Server.java:3014)
"IPC Server handler 36 on default port 15002" daemon prio=5 tid=322 timed_waiting
java.lang.Thread.State: TIMED_WAITING
        at java.base@17.0.12/jdk.internal.misc.Unsafe.park(Native Method)
        at java.base@17.0.12/java.util.concurrent.locks.LockSupport.parkNanos(LockSupport.java:252)
        at java.base@17.0.12/java.util.concurrent.locks.AbstractQueuedSynchronizer$ConditionObject.awaitNanos(AbstractQueuedSynchronizer.java:1674)
        at java.base@17.0.12/java.util.concurrent.LinkedBlockingQueue.poll(LinkedBlockingQueue.java:460)
        at app//org.apache.hadoop.ipc.CallQueueManager.take(CallQueueManager.java:317)
        at app//org.apache.hadoop.ipc.Server$Handler.run(Server.java:3014)
"PipelineSyncTask" daemon prio=5 tid=619 timed_waiting
java.lang.Thread.State: TIMED_WAITING
        at java.base@17.0.12/java.lang.Thread.sleep(Native Method)
        at app//org.apache.hadoop.ozone.recon.scm.PipelineSyncTask.run(PipelineSyncTask.java:76)
        at app//org.apache.hadoop.ozone.recon.scm.ReconScmTask$$Lambda$1600/0x00007f7030d1bbf8.run(Unknown Source)
        at java.base@17.0.12/java.lang.Thread.run(Thread.java:840)
"IPC Server idle connection scanner for port 15000" daemon prio=5 tid=72 timed_waiting
java.lang.Thread.State: TIMED_WAITING
        at java.base@17.0.12/java.lang.Object.wait(Native Method)
        at java.base@17.0.12/java.util.TimerThread.mainLoop(Timer.java:563)
        at java.base@17.0.12/java.util.TimerThread.run(Timer.java:516)
"IPC Server handler 59 on default port 15000" daemon prio=5 tid=145 timed_waiting
java.lang.Thread.State: TIMED_WAITING
        at java.base@17.0.12/jdk.internal.misc.Unsafe.park(Native Method)
        at java.base@17.0.12/java.util.concurrent.locks.LockSupport.parkNanos(LockSupport.java:252)
        at java.base@17.0.12/java.util.concurrent.locks.AbstractQueuedSynchronizer$ConditionObject.awaitNanos(AbstractQueuedSynchronizer.java:1674)
        at java.base@17.0.12/java.util.concurrent.LinkedBlockingQueue.poll(LinkedBlockingQueue.java:460)
        at app//org.apache.hadoop.ipc.CallQueueManager.take(CallQueueManager.java:317)
        at app//org.apache.hadoop.ipc.Server$Handler.run(Server.java:3014)
"IPC Server handler 7 on default port 15000" daemon prio=5 tid=93 timed_waiting
java.lang.Thread.State: TIMED_WAITING
        at java.base@17.0.12/jdk.internal.misc.Unsafe.park(Native Method)
        at java.base@17.0.12/java.util.concurrent.locks.LockSupport.parkNanos(LockSupport.java:252)
        at java.base@17.0.12/java.util.concurrent.locks.AbstractQueuedSynchronizer$ConditionObject.awaitNanos(AbstractQueuedSynchronizer.java:1674)
        at java.base@17.0.12/java.util.concurrent.LinkedBlockingQueue.poll(LinkedBlockingQueue.java:460)
        at app//org.apache.hadoop.ipc.CallQueueManager.take(CallQueueManager.java:317)
        at app//org.apache.hadoop.ipc.Server$Handler.run(Server.java:3014)
"Socket Reader #5 for port 15000"  prio=5 tid=66 runnable
java.lang.Thread.State: RUNNABLE
        at java.base@17.0.12/sun.nio.ch.EPoll.wait(Native Method)
        at java.base@17.0.12/sun.nio.ch.EPollSelectorImpl.doSelect(EPollSelectorImpl.java:118)
        at java.base@17.0.12/sun.nio.ch.SelectorImpl.lockAndDoSelect(SelectorImpl.java:129)
        at java.base@17.0.12/sun.nio.ch.SelectorImpl.select(SelectorImpl.java:146)
        at app//org.apache.hadoop.ipc.Server$Listener$Reader.doRunLoop(Server.java:1346)
        at app//org.apache.hadoop.ipc.Server$Listener$Reader.run(Server.java:1325)
"IPC Server handler 2 on default port 15004" daemon prio=5 tid=454 timed_waiting
java.lang.Thread.State: TIMED_WAITING
        at java.base@17.0.12/jdk.internal.misc.Unsafe.park(Native Method)
        at java.base@17.0.12/java.util.concurrent.locks.LockSupport.parkNanos(LockSupport.java:252)
        at java.base@17.0.12/java.util.concurrent.locks.AbstractQueuedSynchronizer$ConditionObject.awaitNanos(AbstractQueuedSynchronizer.java:1674)
        at java.base@17.0.12/java.util.concurrent.LinkedBlockingQueue.poll(LinkedBlockingQueue.java:460)
        at app//org.apache.hadoop.ipc.CallQueueManager.take(CallQueueManager.java:317)
        at app//org.apache.hadoop.ipc.Server$Handler.run(Server.java:3014)
"f24c48c6-4a91-44a4-ae9a-fb063e2dd958-impl-thread1"  prio=5 tid=628 timed_waiting
java.lang.Thread.State: TIMED_WAITING
        at java.base@17.0.12/jdk.internal.misc.Unsafe.park(Native Method)
        at java.base@17.0.12/java.util.concurrent.locks.LockSupport.parkNanos(LockSupport.java:252)
        at java.base@17.0.12/java.util.concurrent.SynchronousQueue$TransferStack.transfer(SynchronousQueue.java:401)
        at java.base@17.0.12/java.util.concurrent.SynchronousQueue.poll(SynchronousQueue.java:903)
        at java.base@17.0.12/java.util.concurrent.ThreadPoolExecutor.getTask(ThreadPoolExecutor.java:1061)
        at java.base@17.0.12/java.util.concurrent.ThreadPoolExecutor.runWorker(ThreadPoolExecutor.java:1122)
        at java.base@17.0.12/java.util.concurrent.ThreadPoolExecutor$Worker.run(ThreadPoolExecutor.java:635)
        at java.base@17.0.12/java.lang.Thread.run(Thread.java:840)
"IPC Server handler 57 on default port 15000" daemon prio=5 tid=143 timed_waiting
java.lang.Thread.State: TIMED_WAITING
        at java.base@17.0.12/jdk.internal.misc.Unsafe.park(Native Method)
        at java.base@17.0.12/java.util.concurrent.locks.LockSupport.parkNanos(LockSupport.java:252)
        at java.base@17.0.12/java.util.concurrent.locks.AbstractQueuedSynchronizer$ConditionObject.awaitNanos(AbstractQueuedSynchronizer.java:1674)
        at java.base@17.0.12/java.util.concurrent.LinkedBlockingQueue.poll(LinkedBlockingQueue.java:460)
        at app//org.apache.hadoop.ipc.CallQueueManager.take(CallQueueManager.java:317)
        at app//org.apache.hadoop.ipc.Server$Handler.run(Server.java:3014)
"Hadoop-Metrics-Updater-0" daemon prio=5 tid=654 timed_waiting
java.lang.Thread.State: TIMED_WAITING
        at java.base@17.0.12/jdk.internal.misc.Unsafe.park(Native Method)
        at java.base@17.0.12/java.util.concurrent.locks.LockSupport.parkNanos(LockSupport.java:252)
        at java.base@17.0.12/java.util.concurrent.locks.AbstractQueuedSynchronizer$ConditionObject.awaitNanos(AbstractQueuedSynchronizer.java:1674)
        at java.base@17.0.12/java.util.concurrent.ScheduledThreadPoolExecutor$DelayedWorkQueue.take(ScheduledThreadPoolExecutor.java:1182)
        at java.base@17.0.12/java.util.concurrent.ScheduledThreadPoolExecutor$DelayedWorkQueue.take(ScheduledThreadPoolExecutor.java:899)
        at java.base@17.0.12/java.util.concurrent.ThreadPoolExecutor.getTask(ThreadPoolExecutor.java:1062)
        at java.base@17.0.12/java.util.concurrent.ThreadPoolExecutor.runWorker(ThreadPoolExecutor.java:1122)
        at java.base@17.0.12/java.util.concurrent.ThreadPoolExecutor$Worker.run(ThreadPoolExecutor.java:635)
        at java.base@17.0.12/java.lang.Thread.run(Thread.java:840)
"IPC Server handler 43 on default port 15009" daemon prio=5 tid=562 timed_waiting
java.lang.Thread.State: TIMED_WAITING
        at java.base@17.0.12/jdk.internal.misc.Unsafe.park(Native Method)
        at java.base@17.0.12/java.util.concurrent.locks.LockSupport.parkNanos(LockSupport.java:252)
        at java.base@17.0.12/java.util.concurrent.locks.AbstractQueuedSynchronizer$ConditionObject.awaitNanos(AbstractQueuedSynchronizer.java:1674)
        at java.base@17.0.12/java.util.concurrent.LinkedBlockingQueue.poll(LinkedBlockingQueue.java:460)
        at app//org.apache.hadoop.ipc.CallQueueManager.take(CallQueueManager.java:317)
        at app//org.apache.hadoop.ipc.Server$Handler.run(Server.java:3014)
"IPC Server handler 31 on default port 15001" daemon prio=5 tid=217 timed_waiting
java.lang.Thread.State: TIMED_WAITING
        at java.base@17.0.12/jdk.internal.misc.Unsafe.park(Native Method)
        at java.base@17.0.12/java.util.concurrent.locks.LockSupport.parkNanos(LockSupport.java:252)
        at java.base@17.0.12/java.util.concurrent.locks.AbstractQueuedSynchronizer$ConditionObject.awaitNanos(AbstractQueuedSynchronizer.java:1674)
        at java.base@17.0.12/java.util.concurrent.LinkedBlockingQueue.poll(LinkedBlockingQueue.java:460)
        at app//org.apache.hadoop.ipc.CallQueueManager.take(CallQueueManager.java:317)
        at app//org.apache.hadoop.ipc.Server$Handler.run(Server.java:3014)
"Recon-FixedThreadPoolWithAffinityExecutor-6-0" daemon prio=5 tid=502 timed_waiting
java.lang.Thread.State: TIMED_WAITING
        at java.base@17.0.12/jdk.internal.misc.Unsafe.park(Native Method)
        at java.base@17.0.12/java.util.concurrent.locks.LockSupport.parkNanos(LockSupport.java:252)
        at java.base@17.0.12/java.util.concurrent.locks.AbstractQueuedSynchronizer$ConditionObject.awaitNanos(AbstractQueuedSynchronizer.java:1674)
        at java.base@17.0.12/java.util.concurrent.LinkedBlockingQueue.poll(LinkedBlockingQueue.java:460)
        at app//org.apache.hadoop.hdds.scm.server.ContainerReportQueue.poll(ContainerReportQueue.java:269)
        at app//org.apache.hadoop.hdds.scm.server.ContainerReportQueue.poll(ContainerReportQueue.java:42)
        at app//org.apache.hadoop.hdds.server.events.FixedThreadPoolWithAffinityExecutor$ContainerReportProcessTask.run(FixedThreadPoolWithAffinityExecutor.java:253)
        at java.base@17.0.12/java.util.concurrent.Executors$RunnableAdapter.call(Executors.java:539)
        at java.base@17.0.12/java.util.concurrent.FutureTask.run(FutureTask.java:264)
        at java.base@17.0.12/java.util.concurrent.ThreadPoolExecutor.runWorker(ThreadPoolExecutor.java:1136)
        at java.base@17.0.12/java.util.concurrent.ThreadPoolExecutor$Worker.run(ThreadPoolExecutor.java:635)
        at java.base@17.0.12/java.lang.Thread.run(Thread.java:840)
"Socket Reader #4 for port 15021"  prio=5 tid=691 runnable
java.lang.Thread.State: RUNNABLE
        at java.base@17.0.12/sun.nio.ch.EPoll.wait(Native Method)
        at java.base@17.0.12/sun.nio.ch.EPollSelectorImpl.doSelect(EPollSelectorImpl.java:118)
        at java.base@17.0.12/sun.nio.ch.SelectorImpl.lockAndDoSelect(SelectorImpl.java:129)
        at java.base@17.0.12/sun.nio.ch.SelectorImpl.select(SelectorImpl.java:146)
        at app//org.apache.hadoop.ipc.Server$Listener$Reader.doRunLoop(Server.java:1346)
        at app//org.apache.hadoop.ipc.Server$Listener$Reader.run(Server.java:1325)
"IPC Server handler 41 on default port 15009" daemon prio=5 tid=560 timed_waiting
java.lang.Thread.State: TIMED_WAITING
        at java.base@17.0.12/jdk.internal.misc.Unsafe.park(Native Method)
        at java.base@17.0.12/java.util.concurrent.locks.LockSupport.parkNanos(LockSupport.java:252)
        at java.base@17.0.12/java.util.concurrent.locks.AbstractQueuedSynchronizer$ConditionObject.awaitNanos(AbstractQueuedSynchronizer.java:1674)
        at java.base@17.0.12/java.util.concurrent.LinkedBlockingQueue.poll(LinkedBlockingQueue.java:460)
        at app//org.apache.hadoop.ipc.CallQueueManager.take(CallQueueManager.java:317)
        at app//org.apache.hadoop.ipc.Server$Handler.run(Server.java:3014)
"IPC Server handler 49 on default port 15002" daemon prio=5 tid=335 timed_waiting
java.lang.Thread.State: TIMED_WAITING
        at java.base@17.0.12/jdk.internal.misc.Unsafe.park(Native Method)
        at java.base@17.0.12/java.util.concurrent.locks.LockSupport.parkNanos(LockSupport.java:252)
        at java.base@17.0.12/java.util.concurrent.locks.AbstractQueuedSynchronizer$ConditionObject.awaitNanos(AbstractQueuedSynchronizer.java:1674)
        at java.base@17.0.12/java.util.concurrent.LinkedBlockingQueue.poll(LinkedBlockingQueue.java:460)
        at app//org.apache.hadoop.ipc.CallQueueManager.take(CallQueueManager.java:317)
        at app//org.apache.hadoop.ipc.Server$Handler.run(Server.java:3014)
"pool-60-thread-1"  prio=5 tid=442 timed_waiting
java.lang.Thread.State: TIMED_WAITING
        at java.base@17.0.12/jdk.internal.misc.Unsafe.park(Native Method)
        at java.base@17.0.12/java.util.concurrent.locks.LockSupport.parkNanos(LockSupport.java:252)
        at java.base@17.0.12/java.util.concurrent.locks.AbstractQueuedSynchronizer$ConditionObject.awaitNanos(AbstractQueuedSynchronizer.java:1674)
        at java.base@17.0.12/java.util.concurrent.ScheduledThreadPoolExecutor$DelayedWorkQueue.take(ScheduledThreadPoolExecutor.java:1182)
        at java.base@17.0.12/java.util.concurrent.ScheduledThreadPoolExecutor$DelayedWorkQueue.take(ScheduledThreadPoolExecutor.java:899)
        at java.base@17.0.12/java.util.concurrent.ThreadPoolExecutor.getTask(ThreadPoolExecutor.java:1062)
        at java.base@17.0.12/java.util.concurrent.ThreadPoolExecutor.runWorker(ThreadPoolExecutor.java:1122)
        at java.base@17.0.12/java.util.concurrent.ThreadPoolExecutor$Worker.run(ThreadPoolExecutor.java:635)
        at java.base@17.0.12/java.lang.Thread.run(Thread.java:840)
"IPC Server handler 18 on default port 15004" daemon prio=5 tid=470 timed_waiting
java.lang.Thread.State: TIMED_WAITING
        at java.base@17.0.12/jdk.internal.misc.Unsafe.park(Native Method)
        at java.base@17.0.12/java.util.concurrent.locks.LockSupport.parkNanos(LockSupport.java:252)
        at java.base@17.0.12/java.util.concurrent.locks.AbstractQueuedSynchronizer$ConditionObject.awaitNanos(AbstractQueuedSynchronizer.java:1674)
        at java.base@17.0.12/java.util.concurrent.LinkedBlockingQueue.poll(LinkedBlockingQueue.java:460)
        at app//org.apache.hadoop.ipc.CallQueueManager.take(CallQueueManager.java:317)
        at app//org.apache.hadoop.ipc.Server$Handler.run(Server.java:3014)
"3ccd597d-6672-4b12-926e-746f973e87fb-PeriodicHDDSVolumeChecker" daemon prio=5 tid=856 timed_waiting
java.lang.Thread.State: TIMED_WAITING
        at java.base@17.0.12/jdk.internal.misc.Unsafe.park(Native Method)
        at java.base@17.0.12/java.util.concurrent.locks.LockSupport.parkNanos(LockSupport.java:252)
        at java.base@17.0.12/java.util.concurrent.locks.AbstractQueuedSynchronizer$ConditionObject.awaitNanos(AbstractQueuedSynchronizer.java:1674)
        at java.base@17.0.12/java.util.concurrent.ScheduledThreadPoolExecutor$DelayedWorkQueue.take(ScheduledThreadPoolExecutor.java:1182)
        at java.base@17.0.12/java.util.concurrent.ScheduledThreadPoolExecutor$DelayedWorkQueue.take(ScheduledThreadPoolExecutor.java:899)
        at java.base@17.0.12/java.util.concurrent.ThreadPoolExecutor.getTask(ThreadPoolExecutor.java:1062)
        at java.base@17.0.12/java.util.concurrent.ThreadPoolExecutor.runWorker(ThreadPoolExecutor.java:1122)
        at java.base@17.0.12/java.util.concurrent.ThreadPoolExecutor$Worker.run(ThreadPoolExecutor.java:635)
        at java.base@17.0.12/java.lang.Thread.run(Thread.java:840)
"FixedThreadPoolWithAffinityExecutor-6-0" daemon prio=5 tid=81 timed_waiting
java.lang.Thread.State: TIMED_WAITING
        at java.base@17.0.12/jdk.internal.misc.Unsafe.park(Native Method)
        at java.base@17.0.12/java.util.concurrent.locks.LockSupport.parkNanos(LockSupport.java:252)
        at java.base@17.0.12/java.util.concurrent.locks.AbstractQueuedSynchronizer$ConditionObject.awaitNanos(AbstractQueuedSynchronizer.java:1674)
        at java.base@17.0.12/java.util.concurrent.LinkedBlockingQueue.poll(LinkedBlockingQueue.java:460)
        at app//org.apache.hadoop.hdds.scm.server.ContainerReportQueue.poll(ContainerReportQueue.java:269)
        at app//org.apache.hadoop.hdds.scm.server.ContainerReportQueue.poll(ContainerReportQueue.java:42)
        at app//org.apache.hadoop.hdds.server.events.FixedThreadPoolWithAffinityExecutor$ContainerReportProcessTask.run(FixedThreadPoolWithAffinityExecutor.java:253)
        at java.base@17.0.12/java.util.concurrent.Executors$RunnableAdapter.call(Executors.java:539)
        at java.base@17.0.12/java.util.concurrent.FutureTask.run(FutureTask.java:264)
        at java.base@17.0.12/java.util.concurrent.ThreadPoolExecutor.runWorker(ThreadPoolExecutor.java:1136)
        at java.base@17.0.12/java.util.concurrent.ThreadPoolExecutor$Worker.run(ThreadPoolExecutor.java:635)
        at java.base@17.0.12/java.lang.Thread.run(Thread.java:840)
"3ccd597d-6672-4b12-926e-746f973e87fb-DatanodeReportManager-3" daemon prio=5 tid=761 in Object.wait()
java.lang.Thread.State: WAITING (on object monitor)
        at java.base@17.0.12/jdk.internal.misc.Unsafe.park(Native Method)
        at java.base@17.0.12/java.util.concurrent.locks.LockSupport.park(LockSupport.java:341)
        at java.base@17.0.12/java.util.concurrent.locks.AbstractQueuedSynchronizer$ConditionNode.block(AbstractQueuedSynchronizer.java:506)
        at java.base@17.0.12/java.util.concurrent.ForkJoinPool.unmanagedBlock(ForkJoinPool.java:3465)
        at java.base@17.0.12/java.util.concurrent.ForkJoinPool.managedBlock(ForkJoinPool.java:3436)
        at java.base@17.0.12/java.util.concurrent.locks.AbstractQueuedSynchronizer$ConditionObject.await(AbstractQueuedSynchronizer.java:1625)
        at java.base@17.0.12/java.util.concurrent.ScheduledThreadPoolExecutor$DelayedWorkQueue.take(ScheduledThreadPoolExecutor.java:1177)
        at java.base@17.0.12/java.util.concurrent.ScheduledThreadPoolExecutor$DelayedWorkQueue.take(ScheduledThreadPoolExecutor.java:899)
        at java.base@17.0.12/java.util.concurrent.ThreadPoolExecutor.getTask(ThreadPoolExecutor.java:1062)
        at java.base@17.0.12/java.util.concurrent.ThreadPoolExecutor.runWorker(ThreadPoolExecutor.java:1122)
        at java.base@17.0.12/java.util.concurrent.ThreadPoolExecutor$Worker.run(ThreadPoolExecutor.java:635)
        at java.base@17.0.12/java.lang.Thread.run(Thread.java:840)
"89da30bd-cbf9-4a7b-a1ff-1f6963324f22@group-17EC0FEA1F1B-StateMachineUpdater" daemon prio=5 tid=943 timed_waiting
java.lang.Thread.State: TIMED_WAITING
        at java.base@17.0.12/jdk.internal.misc.Unsafe.park(Native Method)
        at java.base@17.0.12/java.util.concurrent.locks.LockSupport.parkNanos(LockSupport.java:252)
        at java.base@17.0.12/java.util.concurrent.locks.AbstractQueuedSynchronizer$ConditionObject.await(AbstractQueuedSynchronizer.java:1759)
        at app//org.apache.ratis.util.AwaitForSignal.await(AwaitForSignal.java:65)
        at app//org.apache.ratis.server.impl.StateMachineUpdater.waitForCommit(StateMachineUpdater.java:219)
        at app//org.apache.ratis.server.impl.StateMachineUpdater.run(StateMachineUpdater.java:187)
        at java.base@17.0.12/java.lang.Thread.run(Thread.java:840)
"89da30bd-cbf9-4a7b-a1ff-1f6963324f22@group-3A08AF1FB2FD->f24c48c6-4a91-44a4-ae9a-fb063e2dd958-GrpcLogAppender-LogAppenderDaemon" daemon prio=5 tid=988 timed_waiting
java.lang.Thread.State: TIMED_WAITING
        at java.base@17.0.12/jdk.internal.misc.Unsafe.park(Native Method)
        at java.base@17.0.12/java.util.concurrent.locks.LockSupport.parkNanos(LockSupport.java:252)
        at java.base@17.0.12/java.util.concurrent.locks.AbstractQueuedSynchronizer$ConditionObject.await(AbstractQueuedSynchronizer.java:1759)
        at app//org.apache.ratis.util.AwaitForSignal.await(AwaitForSignal.java:65)
        at app//org.apache.ratis.grpc.server.GrpcLogAppender.mayWait(GrpcLogAppender.java:290)
        at app//org.apache.ratis.grpc.server.GrpcLogAppender.run(GrpcLogAppender.java:258)
        at app//org.apache.ratis.server.leader.LogAppenderDaemon.run(LogAppenderDaemon.java:80)
        at app//org.apache.ratis.server.leader.LogAppenderDaemon$$Lambda$1929/0x00007f7030ea1618.run(Unknown Source)
        at java.base@17.0.12/java.lang.Thread.run(Thread.java:840)
"IPC Server handler 80 on default port 15001" daemon prio=5 tid=266 timed_waiting
java.lang.Thread.State: TIMED_WAITING
        at java.base@17.0.12/jdk.internal.misc.Unsafe.park(Native Method)
        at java.base@17.0.12/java.util.concurrent.locks.LockSupport.parkNanos(LockSupport.java:252)
        at java.base@17.0.12/java.util.concurrent.locks.AbstractQueuedSynchronizer$ConditionObject.awaitNanos(AbstractQueuedSynchronizer.java:1674)
        at java.base@17.0.12/java.util.concurrent.LinkedBlockingQueue.poll(LinkedBlockingQueue.java:460)
        at app//org.apache.hadoop.ipc.CallQueueManager.take(CallQueueManager.java:317)
        at app//org.apache.hadoop.ipc.Server$Handler.run(Server.java:3014)
"IPC Server Responder" daemon prio=5 tid=45 runnable
java.lang.Thread.State: RUNNABLE
        at java.base@17.0.12/sun.nio.ch.EPoll.wait(Native Method)
        at java.base@17.0.12/sun.nio.ch.EPollSelectorImpl.doSelect(EPollSelectorImpl.java:118)
        at java.base@17.0.12/sun.nio.ch.SelectorImpl.lockAndDoSelect(SelectorImpl.java:129)
        at java.base@17.0.12/sun.nio.ch.SelectorImpl.select(SelectorImpl.java:141)
        at app//org.apache.hadoop.ipc.Server$Responder.doRunLoop(Server.java:1582)
        at app//org.apache.hadoop.ipc.Server$Responder.run(Server.java:1565)
"IPC Server handler 64 on default port 15009" daemon prio=5 tid=583 timed_waiting
java.lang.Thread.State: TIMED_WAITING
        at java.base@17.0.12/jdk.internal.misc.Unsafe.park(Native Method)
        at java.base@17.0.12/java.util.concurrent.locks.LockSupport.parkNanos(LockSupport.java:252)
        at java.base@17.0.12/java.util.concurrent.locks.AbstractQueuedSynchronizer$ConditionObject.awaitNanos(AbstractQueuedSynchronizer.java:1674)
        at java.base@17.0.12/java.util.concurrent.LinkedBlockingQueue.poll(LinkedBlockingQueue.java:460)
        at app//org.apache.hadoop.ipc.CallQueueManager.take(CallQueueManager.java:317)
        at app//org.apache.hadoop.ipc.Server$Handler.run(Server.java:3014)
"IPC Server handler 24 on default port 15001" daemon prio=5 tid=210 timed_waiting
java.lang.Thread.State: TIMED_WAITING
        at java.base@17.0.12/jdk.internal.misc.Unsafe.park(Native Method)
        at java.base@17.0.12/java.util.concurrent.locks.LockSupport.parkNanos(LockSupport.java:252)
        at java.base@17.0.12/java.util.concurrent.locks.AbstractQueuedSynchronizer$ConditionObject.awaitNanos(AbstractQueuedSynchronizer.java:1674)
        at java.base@17.0.12/java.util.concurrent.LinkedBlockingQueue.poll(LinkedBlockingQueue.java:460)
        at app//org.apache.hadoop.ipc.CallQueueManager.take(CallQueueManager.java:317)
        at app//org.apache.hadoop.ipc.Server$Handler.run(Server.java:3014)
"timer1" daemon prio=5 tid=1002 timed_waiting
java.lang.Thread.State: TIMED_WAITING
        at java.base@17.0.12/java.lang.Object.wait(Native Method)
        at java.base@17.0.12/java.util.TimerThread.mainLoop(Timer.java:563)
        at java.base@17.0.12/java.util.TimerThread.run(Timer.java:516)
"IPC Server handler 41 on default port 15001" daemon prio=5 tid=227 timed_waiting
java.lang.Thread.State: TIMED_WAITING
        at java.base@17.0.12/jdk.internal.misc.Unsafe.park(Native Method)
        at java.base@17.0.12/java.util.concurrent.locks.LockSupport.parkNanos(LockSupport.java:252)
        at java.base@17.0.12/java.util.concurrent.locks.AbstractQueuedSynchronizer$ConditionObject.awaitNanos(AbstractQueuedSynchronizer.java:1674)
        at java.base@17.0.12/java.util.concurrent.LinkedBlockingQueue.poll(LinkedBlockingQueue.java:460)
        at app//org.apache.hadoop.ipc.CallQueueManager.take(CallQueueManager.java:317)
        at app//org.apache.hadoop.ipc.Server$Handler.run(Server.java:3014)
"IPC Server handler 58 on default port 15001" daemon prio=5 tid=244 timed_waiting
java.lang.Thread.State: TIMED_WAITING
        at java.base@17.0.12/jdk.internal.misc.Unsafe.park(Native Method)
        at java.base@17.0.12/java.util.concurrent.locks.LockSupport.parkNanos(LockSupport.java:252)
        at java.base@17.0.12/java.util.concurrent.locks.AbstractQueuedSynchronizer$ConditionObject.awaitNanos(AbstractQueuedSynchronizer.java:1674)
        at java.base@17.0.12/java.util.concurrent.LinkedBlockingQueue.poll(LinkedBlockingQueue.java:460)
        at app//org.apache.hadoop.ipc.CallQueueManager.take(CallQueueManager.java:317)
        at app//org.apache.hadoop.ipc.Server$Handler.run(Server.java:3014)
"IPC Server handler 27 on default port 15002" daemon prio=5 tid=313 timed_waiting
java.lang.Thread.State: TIMED_WAITING
        at java.base@17.0.12/jdk.internal.misc.Unsafe.park(Native Method)
        at java.base@17.0.12/java.util.concurrent.locks.LockSupport.parkNanos(LockSupport.java:252)
        at java.base@17.0.12/java.util.concurrent.locks.AbstractQueuedSynchronizer$ConditionObject.awaitNanos(AbstractQueuedSynchronizer.java:1674)
        at java.base@17.0.12/java.util.concurrent.LinkedBlockingQueue.poll(LinkedBlockingQueue.java:460)
        at app//org.apache.hadoop.ipc.CallQueueManager.take(CallQueueManager.java:317)
        at app//org.apache.hadoop.ipc.Server$Handler.run(Server.java:3014)
"3ccd597d-6672-4b12-926e-746f973e87fb-DatanodeReportManager-2" daemon prio=5 tid=760 in Object.wait()
java.lang.Thread.State: WAITING (on object monitor)
        at java.base@17.0.12/jdk.internal.misc.Unsafe.park(Native Method)
        at java.base@17.0.12/java.util.concurrent.locks.LockSupport.park(LockSupport.java:341)
        at java.base@17.0.12/java.util.concurrent.locks.AbstractQueuedSynchronizer$ConditionNode.block(AbstractQueuedSynchronizer.java:506)
        at java.base@17.0.12/java.util.concurrent.ForkJoinPool.unmanagedBlock(ForkJoinPool.java:3465)
        at java.base@17.0.12/java.util.concurrent.ForkJoinPool.managedBlock(ForkJoinPool.java:3436)
        at java.base@17.0.12/java.util.concurrent.locks.AbstractQueuedSynchronizer$ConditionObject.await(AbstractQueuedSynchronizer.java:1625)
        at java.base@17.0.12/java.util.concurrent.ScheduledThreadPoolExecutor$DelayedWorkQueue.take(ScheduledThreadPoolExecutor.java:1177)
        at java.base@17.0.12/java.util.concurrent.ScheduledThreadPoolExecutor$DelayedWorkQueue.take(ScheduledThreadPoolExecutor.java:899)
        at java.base@17.0.12/java.util.concurrent.ThreadPoolExecutor.getTask(ThreadPoolExecutor.java:1062)
        at java.base@17.0.12/java.util.concurrent.ThreadPoolExecutor.runWorker(ThreadPoolExecutor.java:1122)
        at java.base@17.0.12/java.util.concurrent.ThreadPoolExecutor$Worker.run(ThreadPoolExecutor.java:635)
        at java.base@17.0.12/java.lang.Thread.run(Thread.java:840)
"f24c48c6-4a91-44a4-ae9a-fb063e2dd958-server-thread2" daemon prio=5 tid=1006 timed_waiting
java.lang.Thread.State: TIMED_WAITING
        at java.base@17.0.12/jdk.internal.misc.Unsafe.park(Native Method)
        at java.base@17.0.12/java.util.concurrent.locks.LockSupport.parkNanos(LockSupport.java:252)
        at java.base@17.0.12/java.util.concurrent.SynchronousQueue$TransferStack.transfer(SynchronousQueue.java:401)
        at java.base@17.0.12/java.util.concurrent.SynchronousQueue.poll(SynchronousQueue.java:903)
        at java.base@17.0.12/java.util.concurrent.ThreadPoolExecutor.getTask(ThreadPoolExecutor.java:1061)
        at java.base@17.0.12/java.util.concurrent.ThreadPoolExecutor.runWorker(ThreadPoolExecutor.java:1122)
        at java.base@17.0.12/java.util.concurrent.ThreadPoolExecutor$Worker.run(ThreadPoolExecutor.java:635)
        at java.base@17.0.12/java.lang.Thread.run(Thread.java:840)
"IPC Server handler 67 on default port 15000" daemon prio=5 tid=153 timed_waiting
java.lang.Thread.State: TIMED_WAITING
        at java.base@17.0.12/jdk.internal.misc.Unsafe.park(Native Method)
        at java.base@17.0.12/java.util.concurrent.locks.LockSupport.parkNanos(LockSupport.java:252)
        at java.base@17.0.12/java.util.concurrent.locks.AbstractQueuedSynchronizer$ConditionObject.awaitNanos(AbstractQueuedSynchronizer.java:1674)
        at java.base@17.0.12/java.util.concurrent.LinkedBlockingQueue.poll(LinkedBlockingQueue.java:460)
        at app//org.apache.hadoop.ipc.CallQueueManager.take(CallQueueManager.java:317)
        at app//org.apache.hadoop.ipc.Server$Handler.run(Server.java:3014)
"Session-HouseKeeper-637ae337-1"  prio=5 tid=514 timed_waiting
java.lang.Thread.State: TIMED_WAITING
        at java.base@17.0.12/jdk.internal.misc.Unsafe.park(Native Method)
        at java.base@17.0.12/java.util.concurrent.locks.LockSupport.parkNanos(LockSupport.java:252)
        at java.base@17.0.12/java.util.concurrent.locks.AbstractQueuedSynchronizer$ConditionObject.awaitNanos(AbstractQueuedSynchronizer.java:1674)
        at java.base@17.0.12/java.util.concurrent.ScheduledThreadPoolExecutor$DelayedWorkQueue.take(ScheduledThreadPoolExecutor.java:1182)
        at java.base@17.0.12/java.util.concurrent.ScheduledThreadPoolExecutor$DelayedWorkQueue.take(ScheduledThreadPoolExecutor.java:899)
        at java.base@17.0.12/java.util.concurrent.ThreadPoolExecutor.getTask(ThreadPoolExecutor.java:1062)
        at java.base@17.0.12/java.util.concurrent.ThreadPoolExecutor.runWorker(ThreadPoolExecutor.java:1122)
        at java.base@17.0.12/java.util.concurrent.ThreadPoolExecutor$Worker.run(ThreadPoolExecutor.java:635)
        at java.base@17.0.12/java.lang.Thread.run(Thread.java:840)
"f24c48c6-4a91-44a4-ae9a-fb063e2dd958-ChunkReader-ELG-0" daemon prio=5 tid=828 runnable
java.lang.Thread.State: RUNNABLE
        at app//org.apache.ratis.thirdparty.io.netty.channel.epoll.Native.epollWait(Native Method)
        at app//org.apache.ratis.thirdparty.io.netty.channel.epoll.Native.epollWait(Native.java:220)
        at app//org.apache.ratis.thirdparty.io.netty.channel.epoll.Native.epollWait(Native.java:213)
        at app//org.apache.ratis.thirdparty.io.netty.channel.epoll.EpollEventLoop.epollWaitNoTimerChange(EpollEventLoop.java:308)
        at app//org.apache.ratis.thirdparty.io.netty.channel.epoll.EpollEventLoop.run(EpollEventLoop.java:365)
        at app//org.apache.ratis.thirdparty.io.netty.util.concurrent.SingleThreadEventExecutor$4.run(SingleThreadEventExecutor.java:997)
        at app//org.apache.ratis.thirdparty.io.netty.util.internal.ThreadExecutorMap$2.run(ThreadExecutorMap.java:74)
        at java.base@17.0.12/java.lang.Thread.run(Thread.java:840)
"Socket Reader #7 for port 15030"  prio=5 tid=740 runnable
java.lang.Thread.State: RUNNABLE
        at java.base@17.0.12/sun.nio.ch.EPoll.wait(Native Method)
        at java.base@17.0.12/sun.nio.ch.EPollSelectorImpl.doSelect(EPollSelectorImpl.java:118)
        at java.base@17.0.12/sun.nio.ch.SelectorImpl.lockAndDoSelect(SelectorImpl.java:129)
        at java.base@17.0.12/sun.nio.ch.SelectorImpl.select(SelectorImpl.java:146)
        at app//org.apache.hadoop.ipc.Server$Listener$Reader.doRunLoop(Server.java:1346)
        at app//org.apache.hadoop.ipc.Server$Listener$Reader.run(Server.java:1325)
"IPC Server handler 90 on default port 15009" daemon prio=5 tid=609 timed_waiting
java.lang.Thread.State: TIMED_WAITING
        at java.base@17.0.12/jdk.internal.misc.Unsafe.park(Native Method)
        at java.base@17.0.12/java.util.concurrent.locks.LockSupport.parkNanos(LockSupport.java:252)
        at java.base@17.0.12/java.util.concurrent.locks.AbstractQueuedSynchronizer$ConditionObject.awaitNanos(AbstractQueuedSynchronizer.java:1674)
        at java.base@17.0.12/java.util.concurrent.LinkedBlockingQueue.poll(LinkedBlockingQueue.java:460)
        at app//org.apache.hadoop.ipc.CallQueueManager.take(CallQueueManager.java:317)
        at app//org.apache.hadoop.ipc.Server$Handler.run(Server.java:3014)
"IPC Server handler 19 on default port 15000" daemon prio=5 tid=105 timed_waiting
java.lang.Thread.State: TIMED_WAITING
        at java.base@17.0.12/jdk.internal.misc.Unsafe.park(Native Method)
        at java.base@17.0.12/java.util.concurrent.locks.LockSupport.parkNanos(LockSupport.java:252)
        at java.base@17.0.12/java.util.concurrent.locks.AbstractQueuedSynchronizer$ConditionObject.awaitNanos(AbstractQueuedSynchronizer.java:1674)
        at java.base@17.0.12/java.util.concurrent.LinkedBlockingQueue.poll(LinkedBlockingQueue.java:460)
        at app//org.apache.hadoop.ipc.CallQueueManager.take(CallQueueManager.java:317)
        at app//org.apache.hadoop.ipc.Server$Handler.run(Server.java:3014)
"ContainerDataScanner(/home/runner/work/ozone/ozone/hadoop-ozone/integration-test/target/test-dir/MiniOzoneClusterImpl-6f218983-f2ca-45a9-b903-464e6faef46a/ozone-meta/datanode-1/data-0/hdds)" daemon prio=5 tid=822 timed_waiting
java.lang.Thread.State: TIMED_WAITING
        at java.base@17.0.12/java.lang.Thread.sleep(Native Method)
        at app//org.apache.hadoop.ozone.container.ozoneimpl.AbstractBackgroundContainerScanner.handleRemainingSleep(AbstractBackgroundContainerScanner.java:131)
        at app//org.apache.hadoop.ozone.container.ozoneimpl.AbstractBackgroundContainerScanner.runIteration(AbstractBackgroundContainerScanner.java:98)
        at app//org.apache.hadoop.ozone.container.ozoneimpl.AbstractBackgroundContainerScanner.run(AbstractBackgroundContainerScanner.java:57)
"timer0" daemon prio=5 tid=1020 timed_waiting
java.lang.Thread.State: TIMED_WAITING
        at java.base@17.0.12/java.lang.Object.wait(Native Method)
        at java.base@17.0.12/java.util.TimerThread.mainLoop(Timer.java:563)
        at java.base@17.0.12/java.util.TimerThread.run(Timer.java:516)
"IPC Server handler 75 on default port 15000" daemon prio=5 tid=161 timed_waiting
java.lang.Thread.State: TIMED_WAITING
        at java.base@17.0.12/jdk.internal.misc.Unsafe.park(Native Method)
        at java.base@17.0.12/java.util.concurrent.locks.LockSupport.parkNanos(LockSupport.java:252)
        at java.base@17.0.12/java.util.concurrent.locks.AbstractQueuedSynchronizer$ConditionObject.awaitNanos(AbstractQueuedSynchronizer.java:1674)
        at java.base@17.0.12/java.util.concurrent.LinkedBlockingQueue.poll(LinkedBlockingQueue.java:460)
        at app//org.apache.hadoop.ipc.CallQueueManager.take(CallQueueManager.java:317)
        at app//org.apache.hadoop.ipc.Server$Handler.run(Server.java:3014)
"IPC Server handler 1 on default port 15001" daemon prio=5 tid=187 timed_waiting
java.lang.Thread.State: TIMED_WAITING
        at java.base@17.0.12/jdk.internal.misc.Unsafe.park(Native Method)
        at java.base@17.0.12/java.util.concurrent.locks.LockSupport.parkNanos(LockSupport.java:252)
        at java.base@17.0.12/java.util.concurrent.locks.AbstractQueuedSynchronizer$ConditionObject.awaitNanos(AbstractQueuedSynchronizer.java:1674)
        at java.base@17.0.12/java.util.concurrent.LinkedBlockingQueue.poll(LinkedBlockingQueue.java:460)
        at app//org.apache.hadoop.ipc.CallQueueManager.take(CallQueueManager.java:317)
        at app//org.apache.hadoop.ipc.Server$Handler.run(Server.java:3014)
"qtp1058878861-632" daemon prio=5 tid=632 runnable
java.lang.Thread.State: RUNNABLE
        at java.base@17.0.12/sun.nio.ch.EPoll.wait(Native Method)
        at java.base@17.0.12/sun.nio.ch.EPollSelectorImpl.doSelect(EPollSelectorImpl.java:118)
        at java.base@17.0.12/sun.nio.ch.SelectorImpl.lockAndDoSelect(SelectorImpl.java:129)
        at java.base@17.0.12/sun.nio.ch.SelectorImpl.select(SelectorImpl.java:146)
        at app//org.eclipse.jetty.io.ManagedSelector.nioSelect(ManagedSelector.java:183)
        at app//org.eclipse.jetty.io.ManagedSelector.select(ManagedSelector.java:190)
        at app//org.eclipse.jetty.io.ManagedSelector$SelectorProducer.select(ManagedSelector.java:606)
        at app//org.eclipse.jetty.io.ManagedSelector$SelectorProducer.produce(ManagedSelector.java:543)
        at app//org.eclipse.jetty.util.thread.strategy.EatWhatYouKill.produceTask(EatWhatYouKill.java:362)
        at app//org.eclipse.jetty.util.thread.strategy.EatWhatYouKill.doProduce(EatWhatYouKill.java:186)
        at app//org.eclipse.jetty.util.thread.strategy.EatWhatYouKill.tryProduce(EatWhatYouKill.java:173)
        at app//org.eclipse.jetty.util.thread.strategy.EatWhatYouKill.produce(EatWhatYouKill.java:137)
        at app//org.eclipse.jetty.io.ManagedSelector$$Lambda$821/0x00007f7030550440.run(Unknown Source)
        at app//org.eclipse.jetty.util.thread.QueuedThreadPool.runJob(QueuedThreadPool.java:883)
        at app//org.eclipse.jetty.util.thread.QueuedThreadPool$Runner.run(QueuedThreadPool.java:1034)
        at java.base@17.0.12/java.lang.Thread.run(Thread.java:840)
"grpc-default-worker-ELG-3-2" daemon prio=5 tid=912 runnable
java.lang.Thread.State: RUNNABLE
        at app//org.apache.ratis.thirdparty.io.netty.channel.epoll.Native.epollWait0(Native Method)
        at app//org.apache.ratis.thirdparty.io.netty.channel.epoll.Native.epollWait(Native.java:193)
        at app//org.apache.ratis.thirdparty.io.netty.channel.epoll.EpollEventLoop.epollWait(EpollEventLoop.java:304)
        at app//org.apache.ratis.thirdparty.io.netty.channel.epoll.EpollEventLoop.run(EpollEventLoop.java:368)
        at app//org.apache.ratis.thirdparty.io.netty.util.concurrent.SingleThreadEventExecutor$4.run(SingleThreadEventExecutor.java:997)
        at app//org.apache.ratis.thirdparty.io.netty.util.internal.ThreadExecutorMap$2.run(ThreadExecutorMap.java:74)
        at app//org.apache.ratis.thirdparty.io.netty.util.concurrent.FastThreadLocalRunnable.run(FastThreadLocalRunnable.java:30)
        at java.base@17.0.12/java.lang.Thread.run(Thread.java:840)
"IPC Server handler 78 on default port 15009" daemon prio=5 tid=597 timed_waiting
java.lang.Thread.State: TIMED_WAITING
        at java.base@17.0.12/jdk.internal.misc.Unsafe.park(Native Method)
        at java.base@17.0.12/java.util.concurrent.locks.LockSupport.parkNanos(LockSupport.java:252)
        at java.base@17.0.12/java.util.concurrent.locks.AbstractQueuedSynchronizer$ConditionObject.awaitNanos(AbstractQueuedSynchronizer.java:1674)
        at java.base@17.0.12/java.util.concurrent.LinkedBlockingQueue.poll(LinkedBlockingQueue.java:460)
        at app//org.apache.hadoop.ipc.CallQueueManager.take(CallQueueManager.java:317)
        at app//org.apache.hadoop.ipc.Server$Handler.run(Server.java:3014)
"IPC Server handler 25 on default port 15009" daemon prio=5 tid=544 timed_waiting
java.lang.Thread.State: TIMED_WAITING
        at java.base@17.0.12/jdk.internal.misc.Unsafe.park(Native Method)
        at java.base@17.0.12/java.util.concurrent.locks.LockSupport.parkNanos(LockSupport.java:252)
        at java.base@17.0.12/java.util.concurrent.locks.AbstractQueuedSynchronizer$ConditionObject.awaitNanos(AbstractQueuedSynchronizer.java:1674)
        at java.base@17.0.12/java.util.concurrent.LinkedBlockingQueue.poll(LinkedBlockingQueue.java:460)
        at app//org.apache.hadoop.ipc.CallQueueManager.take(CallQueueManager.java:317)
        at app//org.apache.hadoop.ipc.Server$Handler.run(Server.java:3014)
"StaleRecoveringContainerScrubbingService#1" daemon prio=5 tid=831 in Object.wait()
java.lang.Thread.State: WAITING (on object monitor)
        at java.base@17.0.12/jdk.internal.misc.Unsafe.park(Native Method)
        at java.base@17.0.12/java.util.concurrent.locks.LockSupport.park(LockSupport.java:341)
        at java.base@17.0.12/java.util.concurrent.locks.AbstractQueuedSynchronizer$ConditionNode.block(AbstractQueuedSynchronizer.java:506)
        at java.base@17.0.12/java.util.concurrent.ForkJoinPool.unmanagedBlock(ForkJoinPool.java:3465)
        at java.base@17.0.12/java.util.concurrent.ForkJoinPool.managedBlock(ForkJoinPool.java:3436)
        at java.base@17.0.12/java.util.concurrent.locks.AbstractQueuedSynchronizer$ConditionObject.await(AbstractQueuedSynchronizer.java:1625)
        at java.base@17.0.12/java.util.concurrent.ScheduledThreadPoolExecutor$DelayedWorkQueue.take(ScheduledThreadPoolExecutor.java:1177)
        at java.base@17.0.12/java.util.concurrent.ScheduledThreadPoolExecutor$DelayedWorkQueue.take(ScheduledThreadPoolExecutor.java:899)
        at java.base@17.0.12/java.util.concurrent.ThreadPoolExecutor.getTask(ThreadPoolExecutor.java:1062)
        at java.base@17.0.12/java.util.concurrent.ThreadPoolExecutor.runWorker(ThreadPoolExecutor.java:1122)
        at java.base@17.0.12/java.util.concurrent.ThreadPoolExecutor$Worker.run(ThreadPoolExecutor.java:635)
        at java.base@17.0.12/java.lang.Thread.run(Thread.java:840)
"IPC Server handler 73 on default port 15009" daemon prio=5 tid=592 timed_waiting
java.lang.Thread.State: TIMED_WAITING
        at java.base@17.0.12/jdk.internal.misc.Unsafe.park(Native Method)
        at java.base@17.0.12/java.util.concurrent.locks.LockSupport.parkNanos(LockSupport.java:252)
        at java.base@17.0.12/java.util.concurrent.locks.AbstractQueuedSynchronizer$ConditionObject.awaitNanos(AbstractQueuedSynchronizer.java:1674)
        at java.base@17.0.12/java.util.concurrent.LinkedBlockingQueue.poll(LinkedBlockingQueue.java:460)
        at app//org.apache.hadoop.ipc.CallQueueManager.take(CallQueueManager.java:317)
        at app//org.apache.hadoop.ipc.Server$Handler.run(Server.java:3014)
"IPC Server handler 5 on default port 15000" daemon prio=5 tid=91 timed_waiting
java.lang.Thread.State: TIMED_WAITING
        at java.base@17.0.12/jdk.internal.misc.Unsafe.park(Native Method)
        at java.base@17.0.12/java.util.concurrent.locks.LockSupport.parkNanos(LockSupport.java:252)
        at java.base@17.0.12/java.util.concurrent.locks.AbstractQueuedSynchronizer$ConditionObject.awaitNanos(AbstractQueuedSynchronizer.java:1674)
        at java.base@17.0.12/java.util.concurrent.LinkedBlockingQueue.poll(LinkedBlockingQueue.java:460)
        at app//org.apache.hadoop.ipc.CallQueueManager.take(CallQueueManager.java:317)
        at app//org.apache.hadoop.ipc.Server$Handler.run(Server.java:3014)
"IPC Server handler 7 on default port 15012" daemon prio=5 tid=662 timed_waiting
java.lang.Thread.State: TIMED_WAITING
        at java.base@17.0.12/jdk.internal.misc.Unsafe.park(Native Method)
        at java.base@17.0.12/java.util.concurrent.locks.LockSupport.parkNanos(LockSupport.java:252)
        at java.base@17.0.12/java.util.concurrent.locks.AbstractQueuedSynchronizer$ConditionObject.awaitNanos(AbstractQueuedSynchronizer.java:1674)
        at java.base@17.0.12/java.util.concurrent.LinkedBlockingQueue.poll(LinkedBlockingQueue.java:460)
        at app//org.apache.hadoop.ipc.CallQueueManager.take(CallQueueManager.java:317)
        at app//org.apache.hadoop.ipc.Server$Handler.run(Server.java:3014)
"FixedThreadPoolWithAffinityExecutor-9-0" daemon prio=5 tid=84 timed_waiting
java.lang.Thread.State: TIMED_WAITING
        at java.base@17.0.12/jdk.internal.misc.Unsafe.park(Native Method)
        at java.base@17.0.12/java.util.concurrent.locks.LockSupport.parkNanos(LockSupport.java:252)
        at java.base@17.0.12/java.util.concurrent.locks.AbstractQueuedSynchronizer$ConditionObject.awaitNanos(AbstractQueuedSynchronizer.java:1674)
        at java.base@17.0.12/java.util.concurrent.LinkedBlockingQueue.poll(LinkedBlockingQueue.java:460)
        at app//org.apache.hadoop.hdds.scm.server.ContainerReportQueue.poll(ContainerReportQueue.java:269)
        at app//org.apache.hadoop.hdds.scm.server.ContainerReportQueue.poll(ContainerReportQueue.java:42)
        at app//org.apache.hadoop.hdds.server.events.FixedThreadPoolWithAffinityExecutor$ContainerReportProcessTask.run(FixedThreadPoolWithAffinityExecutor.java:253)
        at java.base@17.0.12/java.util.concurrent.Executors$RunnableAdapter.call(Executors.java:539)
        at java.base@17.0.12/java.util.concurrent.FutureTask.run(FutureTask.java:264)
        at java.base@17.0.12/java.util.concurrent.ThreadPoolExecutor.runWorker(ThreadPoolExecutor.java:1136)
        at java.base@17.0.12/java.util.concurrent.ThreadPoolExecutor$Worker.run(ThreadPoolExecutor.java:635)
        at java.base@17.0.12/java.lang.Thread.run(Thread.java:840)
"IPC Server handler 52 on default port 15000" daemon prio=5 tid=138 timed_waiting
java.lang.Thread.State: TIMED_WAITING
        at java.base@17.0.12/jdk.internal.misc.Unsafe.park(Native Method)
        at java.base@17.0.12/java.util.concurrent.locks.LockSupport.parkNanos(LockSupport.java:252)
        at java.base@17.0.12/java.util.concurrent.locks.AbstractQueuedSynchronizer$ConditionObject.awaitNanos(AbstractQueuedSynchronizer.java:1674)
        at java.base@17.0.12/java.util.concurrent.LinkedBlockingQueue.poll(LinkedBlockingQueue.java:460)
        at app//org.apache.hadoop.ipc.CallQueueManager.take(CallQueueManager.java:317)
        at app//org.apache.hadoop.ipc.Server$Handler.run(Server.java:3014)
"IPC Server handler 35 on default port 15009" daemon prio=5 tid=554 timed_waiting
java.lang.Thread.State: TIMED_WAITING
        at java.base@17.0.12/jdk.internal.misc.Unsafe.park(Native Method)
        at java.base@17.0.12/java.util.concurrent.locks.LockSupport.parkNanos(LockSupport.java:252)
        at java.base@17.0.12/java.util.concurrent.locks.AbstractQueuedSynchronizer$ConditionObject.awaitNanos(AbstractQueuedSynchronizer.java:1674)
        at java.base@17.0.12/java.util.concurrent.LinkedBlockingQueue.poll(LinkedBlockingQueue.java:460)
        at app//org.apache.hadoop.ipc.CallQueueManager.take(CallQueueManager.java:317)
        at app//org.apache.hadoop.ipc.Server$Handler.run(Server.java:3014)
"qtp568168963-396" daemon prio=5 tid=396 timed_waiting
java.lang.Thread.State: TIMED_WAITING
        at java.base@17.0.12/jdk.internal.misc.Unsafe.park(Native Method)
        at java.base@17.0.12/java.util.concurrent.locks.LockSupport.parkNanos(LockSupport.java:252)
        at java.base@17.0.12/java.util.concurrent.locks.AbstractQueuedSynchronizer$ConditionObject.awaitNanos(AbstractQueuedSynchronizer.java:1674)
        at app//org.eclipse.jetty.util.BlockingArrayQueue.poll(BlockingArrayQueue.java:382)
        at app//org.eclipse.jetty.util.thread.QueuedThreadPool$Runner.idleJobPoll(QueuedThreadPool.java:974)
        at app//org.eclipse.jetty.util.thread.QueuedThreadPool$Runner.run(QueuedThreadPool.java:1018)
        at java.base@17.0.12/java.lang.Thread.run(Thread.java:840)
"Socket Reader #3 for port 15004"  prio=5 tid=414 runnable
java.lang.Thread.State: RUNNABLE
        at java.base@17.0.12/sun.nio.ch.EPoll.wait(Native Method)
        at java.base@17.0.12/sun.nio.ch.EPollSelectorImpl.doSelect(EPollSelectorImpl.java:118)
        at java.base@17.0.12/sun.nio.ch.SelectorImpl.lockAndDoSelect(SelectorImpl.java:129)
        at java.base@17.0.12/sun.nio.ch.SelectorImpl.select(SelectorImpl.java:146)
        at app//org.apache.hadoop.ipc.Server$Listener$Reader.doRunLoop(Server.java:1346)
        at app//org.apache.hadoop.ipc.Server$Listener$Reader.run(Server.java:1325)
"IPC Server handler 79 on default port 15009" daemon prio=5 tid=598 timed_waiting
java.lang.Thread.State: TIMED_WAITING
        at java.base@17.0.12/jdk.internal.misc.Unsafe.park(Native Method)
        at java.base@17.0.12/java.util.concurrent.locks.LockSupport.parkNanos(LockSupport.java:252)
        at java.base@17.0.12/java.util.concurrent.locks.AbstractQueuedSynchronizer$ConditionObject.awaitNanos(AbstractQueuedSynchronizer.java:1674)
        at java.base@17.0.12/java.util.concurrent.LinkedBlockingQueue.poll(LinkedBlockingQueue.java:460)
        at app//org.apache.hadoop.ipc.CallQueueManager.take(CallQueueManager.java:317)
        at app//org.apache.hadoop.ipc.Server$Handler.run(Server.java:3014)
"89da30bd-cbf9-4a7b-a1ff-1f6963324f22@group-3A08AF1FB2FD->3ccd597d-6672-4b12-926e-746f973e87fb-GrpcLogAppender-LogAppenderDaemon" daemon prio=5 tid=989 timed_waiting
java.lang.Thread.State: TIMED_WAITING
        at java.base@17.0.12/jdk.internal.misc.Unsafe.park(Native Method)
        at java.base@17.0.12/java.util.concurrent.locks.LockSupport.parkNanos(LockSupport.java:252)
        at java.base@17.0.12/java.util.concurrent.locks.AbstractQueuedSynchronizer$ConditionObject.await(AbstractQueuedSynchronizer.java:1759)
        at app//org.apache.ratis.util.AwaitForSignal.await(AwaitForSignal.java:65)
        at app//org.apache.ratis.grpc.server.GrpcLogAppender.mayWait(GrpcLogAppender.java:290)
        at app//org.apache.ratis.grpc.server.GrpcLogAppender.run(GrpcLogAppender.java:258)
        at app//org.apache.ratis.server.leader.LogAppenderDaemon.run(LogAppenderDaemon.java:80)
        at app//org.apache.ratis.server.leader.LogAppenderDaemon$$Lambda$1929/0x00007f7030ea1618.run(Unknown Source)
        at java.base@17.0.12/java.lang.Thread.run(Thread.java:840)
"qtp568168963-393" daemon prio=5 tid=393 timed_waiting
java.lang.Thread.State: TIMED_WAITING
        at java.base@17.0.12/jdk.internal.misc.Unsafe.park(Native Method)
        at java.base@17.0.12/java.util.concurrent.locks.LockSupport.parkNanos(LockSupport.java:252)
        at java.base@17.0.12/java.util.concurrent.locks.AbstractQueuedSynchronizer$ConditionObject.awaitNanos(AbstractQueuedSynchronizer.java:1674)
        at app//org.eclipse.jetty.util.BlockingArrayQueue.poll(BlockingArrayQueue.java:382)
        at app//org.eclipse.jetty.util.thread.QueuedThreadPool$Runner.idleJobPoll(QueuedThreadPool.java:974)
        at app//org.eclipse.jetty.util.thread.QueuedThreadPool$Runner.run(QueuedThreadPool.java:1018)
        at java.base@17.0.12/java.lang.Thread.run(Thread.java:840)
"IPC Server handler 39 on default port 15001" daemon prio=5 tid=225 timed_waiting
java.lang.Thread.State: TIMED_WAITING
        at java.base@17.0.12/jdk.internal.misc.Unsafe.park(Native Method)
        at java.base@17.0.12/java.util.concurrent.locks.LockSupport.parkNanos(LockSupport.java:252)
        at java.base@17.0.12/java.util.concurrent.locks.AbstractQueuedSynchronizer$ConditionObject.awaitNanos(AbstractQueuedSynchronizer.java:1674)
        at java.base@17.0.12/java.util.concurrent.LinkedBlockingQueue.poll(LinkedBlockingQueue.java:460)
        at app//org.apache.hadoop.ipc.CallQueueManager.take(CallQueueManager.java:317)
        at app//org.apache.hadoop.ipc.Server$Handler.run(Server.java:3014)
"IPC Server handler 0 on default port 15001" daemon prio=5 tid=186 timed_waiting
java.lang.Thread.State: TIMED_WAITING
        at java.base@17.0.12/jdk.internal.misc.Unsafe.park(Native Method)
        at java.base@17.0.12/java.util.concurrent.locks.LockSupport.parkNanos(LockSupport.java:252)
        at java.base@17.0.12/java.util.concurrent.locks.AbstractQueuedSynchronizer$ConditionObject.awaitNanos(AbstractQueuedSynchronizer.java:1674)
        at java.base@17.0.12/java.util.concurrent.LinkedBlockingQueue.poll(LinkedBlockingQueue.java:460)
        at app//org.apache.hadoop.ipc.CallQueueManager.take(CallQueueManager.java:317)
        at app//org.apache.hadoop.ipc.Server$Handler.run(Server.java:3014)
"IPC Server handler 63 on default port 15001" daemon prio=5 tid=249 timed_waiting
java.lang.Thread.State: TIMED_WAITING
        at java.base@17.0.12/jdk.internal.misc.Unsafe.park(Native Method)
        at java.base@17.0.12/java.util.concurrent.locks.LockSupport.parkNanos(LockSupport.java:252)
        at java.base@17.0.12/java.util.concurrent.locks.AbstractQueuedSynchronizer$ConditionObject.awaitNanos(AbstractQueuedSynchronizer.java:1674)
        at java.base@17.0.12/java.util.concurrent.LinkedBlockingQueue.poll(LinkedBlockingQueue.java:460)
        at app//org.apache.hadoop.ipc.CallQueueManager.take(CallQueueManager.java:317)
        at app//org.apache.hadoop.ipc.Server$Handler.run(Server.java:3014)
"IPC Server handler 6 on default port 15001" daemon prio=5 tid=192 timed_waiting
java.lang.Thread.State: TIMED_WAITING
        at java.base@17.0.12/jdk.internal.misc.Unsafe.park(Native Method)
        at java.base@17.0.12/java.util.concurrent.locks.LockSupport.parkNanos(LockSupport.java:252)
        at java.base@17.0.12/java.util.concurrent.locks.AbstractQueuedSynchronizer$ConditionObject.awaitNanos(AbstractQueuedSynchronizer.java:1674)
        at java.base@17.0.12/java.util.concurrent.LinkedBlockingQueue.poll(LinkedBlockingQueue.java:460)
        at app//org.apache.hadoop.ipc.CallQueueManager.take(CallQueueManager.java:317)
        at app//org.apache.hadoop.ipc.Server$Handler.run(Server.java:3014)
"Recon-EventQueue-StaleNodeForReconStaleNodeHandler" daemon prio=5 tid=1045 in Object.wait()
java.lang.Thread.State: WAITING (on object monitor)
        at java.base@17.0.12/jdk.internal.misc.Unsafe.park(Native Method)
        at java.base@17.0.12/java.util.concurrent.locks.LockSupport.park(LockSupport.java:341)
        at java.base@17.0.12/java.util.concurrent.locks.AbstractQueuedSynchronizer$ConditionNode.block(AbstractQueuedSynchronizer.java:506)
        at java.base@17.0.12/java.util.concurrent.ForkJoinPool.unmanagedBlock(ForkJoinPool.java:3465)
        at java.base@17.0.12/java.util.concurrent.ForkJoinPool.managedBlock(ForkJoinPool.java:3436)
        at java.base@17.0.12/java.util.concurrent.locks.AbstractQueuedSynchronizer$ConditionObject.await(AbstractQueuedSynchronizer.java:1625)
        at java.base@17.0.12/java.util.concurrent.LinkedBlockingQueue.take(LinkedBlockingQueue.java:435)
        at java.base@17.0.12/java.util.concurrent.ThreadPoolExecutor.getTask(ThreadPoolExecutor.java:1062)
        at java.base@17.0.12/java.util.concurrent.ThreadPoolExecutor.runWorker(ThreadPoolExecutor.java:1122)
        at java.base@17.0.12/java.util.concurrent.ThreadPoolExecutor$Worker.run(ThreadPoolExecutor.java:635)
        at java.base@17.0.12/java.lang.Thread.run(Thread.java:840)
"f24c48c6-4a91-44a4-ae9a-fb063e2dd958@group-17EC0FEA1F1B-SegmentedRaftLogWorker"  prio=5 tid=938 timed_waiting
java.lang.Thread.State: TIMED_WAITING
        at java.base@17.0.12/jdk.internal.misc.Unsafe.park(Native Method)
        at java.base@17.0.12/java.util.concurrent.locks.LockSupport.parkNanos(LockSupport.java:252)
        at java.base@17.0.12/java.util.concurrent.locks.AbstractQueuedSynchronizer$ConditionObject.awaitNanos(AbstractQueuedSynchronizer.java:1674)
        at app//org.apache.ratis.util.DataBlockingQueue.poll(DataBlockingQueue.java:148)
        at app//org.apache.ratis.server.raftlog.segmented.SegmentedRaftLogWorker.run(SegmentedRaftLogWorker.java:306)
        at app//org.apache.ratis.server.raftlog.segmented.SegmentedRaftLogWorker$$Lambda$1171/0x00007f703072aff0.run(Unknown Source)
        at java.base@17.0.12/java.util.concurrent.Executors$RunnableAdapter.call(Executors.java:539)
        at java.base@17.0.12/java.util.concurrent.FutureTask.run(FutureTask.java:264)
        at java.base@17.0.12/java.util.concurrent.ThreadPoolExecutor.runWorker(ThreadPoolExecutor.java:1136)
        at java.base@17.0.12/java.util.concurrent.ThreadPoolExecutor$Worker.run(ThreadPoolExecutor.java:635)
        at java.base@17.0.12/java.lang.Thread.run(Thread.java:840)
"org.apache.hadoop.ozone.container.common.statemachine.commandhandler.DeleteBlocksCommandHandler$DeleteCmdWorker@7018c412" daemon prio=5 tid=630 timed_waiting
java.lang.Thread.State: TIMED_WAITING
        at java.base@17.0.12/java.lang.Thread.sleep(Native Method)
        at app//org.apache.hadoop.ozone.container.common.statemachine.commandhandler.DeleteBlocksCommandHandler$DeleteCmdWorker.run(DeleteBlocksCommandHandler.java:259)
        at java.base@17.0.12/java.lang.Thread.run(Thread.java:840)
"89da30bd-cbf9-4a7b-a1ff-1f6963324f22@group-3A08AF1FB2FD-StateMachineUpdater" daemon prio=5 tid=932 timed_waiting
java.lang.Thread.State: TIMED_WAITING
        at java.base@17.0.12/jdk.internal.misc.Unsafe.park(Native Method)
        at java.base@17.0.12/java.util.concurrent.locks.LockSupport.parkNanos(LockSupport.java:252)
        at java.base@17.0.12/java.util.concurrent.locks.AbstractQueuedSynchronizer$ConditionObject.await(AbstractQueuedSynchronizer.java:1759)
        at app//org.apache.ratis.util.AwaitForSignal.await(AwaitForSignal.java:65)
        at app//org.apache.ratis.server.impl.StateMachineUpdater.waitForCommit(StateMachineUpdater.java:219)
        at app//org.apache.ratis.server.impl.StateMachineUpdater.run(StateMachineUpdater.java:187)
        at java.base@17.0.12/java.lang.Thread.run(Thread.java:840)
"IPC Server handler 69 on default port 15000" daemon prio=5 tid=155 timed_waiting
java.lang.Thread.State: TIMED_WAITING
        at java.base@17.0.12/jdk.internal.misc.Unsafe.park(Native Method)
        at java.base@17.0.12/java.util.concurrent.locks.LockSupport.parkNanos(LockSupport.java:252)
        at java.base@17.0.12/java.util.concurrent.locks.AbstractQueuedSynchronizer$ConditionObject.awaitNanos(AbstractQueuedSynchronizer.java:1674)
        at java.base@17.0.12/java.util.concurrent.LinkedBlockingQueue.poll(LinkedBlockingQueue.java:460)
        at app//org.apache.hadoop.ipc.CallQueueManager.take(CallQueueManager.java:317)
        at app//org.apache.hadoop.ipc.Server$Handler.run(Server.java:3014)
"f24c48c6-4a91-44a4-ae9a-fb063e2dd958-DatanodeReportManager-0" daemon prio=5 tid=666 timed_waiting
java.lang.Thread.State: TIMED_WAITING
        at java.base@17.0.12/jdk.internal.misc.Unsafe.park(Native Method)
        at java.base@17.0.12/java.util.concurrent.locks.LockSupport.parkNanos(LockSupport.java:252)
        at java.base@17.0.12/java.util.concurrent.locks.AbstractQueuedSynchronizer$ConditionObject.awaitNanos(AbstractQueuedSynchronizer.java:1674)
        at java.base@17.0.12/java.util.concurrent.ScheduledThreadPoolExecutor$DelayedWorkQueue.take(ScheduledThreadPoolExecutor.java:1182)
        at java.base@17.0.12/java.util.concurrent.ScheduledThreadPoolExecutor$DelayedWorkQueue.take(ScheduledThreadPoolExecutor.java:899)
        at java.base@17.0.12/java.util.concurrent.ThreadPoolExecutor.getTask(ThreadPoolExecutor.java:1062)
        at java.base@17.0.12/java.util.concurrent.ThreadPoolExecutor.runWorker(ThreadPoolExecutor.java:1122)
        at java.base@17.0.12/java.util.concurrent.ThreadPoolExecutor$Worker.run(ThreadPoolExecutor.java:635)
        at java.base@17.0.12/java.lang.Thread.run(Thread.java:840)
"IPC Server handler 80 on default port 15000" daemon prio=5 tid=166 timed_waiting
java.lang.Thread.State: TIMED_WAITING
        at java.base@17.0.12/jdk.internal.misc.Unsafe.park(Native Method)
        at java.base@17.0.12/java.util.concurrent.locks.LockSupport.parkNanos(LockSupport.java:252)
        at java.base@17.0.12/java.util.concurrent.locks.AbstractQueuedSynchronizer$ConditionObject.awaitNanos(AbstractQueuedSynchronizer.java:1674)
        at java.base@17.0.12/java.util.concurrent.LinkedBlockingQueue.poll(LinkedBlockingQueue.java:460)
        at app//org.apache.hadoop.ipc.CallQueueManager.take(CallQueueManager.java:317)
        at app//org.apache.hadoop.ipc.Server$Handler.run(Server.java:3014)
"IPC Server listener on 15021" daemon prio=5 tid=687 runnable
java.lang.Thread.State: RUNNABLE
        at java.base@17.0.12/sun.nio.ch.EPoll.wait(Native Method)
        at java.base@17.0.12/sun.nio.ch.EPollSelectorImpl.doSelect(EPollSelectorImpl.java:118)
        at java.base@17.0.12/sun.nio.ch.SelectorImpl.lockAndDoSelect(SelectorImpl.java:129)
        at java.base@17.0.12/sun.nio.ch.SelectorImpl.select(SelectorImpl.java:146)
        at app//org.apache.hadoop.ipc.Server$Listener.run(Server.java:1408)
"IPC Server handler 3 on default port 15002" daemon prio=5 tid=289 timed_waiting
java.lang.Thread.State: TIMED_WAITING
        at java.base@17.0.12/jdk.internal.misc.Unsafe.park(Native Method)
        at java.base@17.0.12/java.util.concurrent.locks.LockSupport.parkNanos(LockSupport.java:252)
        at java.base@17.0.12/java.util.concurrent.locks.AbstractQueuedSynchronizer$ConditionObject.awaitNanos(AbstractQueuedSynchronizer.java:1674)
        at java.base@17.0.12/java.util.concurrent.LinkedBlockingQueue.poll(LinkedBlockingQueue.java:460)
        at app//org.apache.hadoop.ipc.CallQueueManager.take(CallQueueManager.java:317)
        at app//org.apache.hadoop.ipc.Server$Handler.run(Server.java:3014)
"f24c48c6-4a91-44a4-ae9a-fb063e2dd958-DatanodeStateMachineTaskThread-0"  prio=5 tid=671 in Object.wait()
java.lang.Thread.State: WAITING (on object monitor)
        at java.base@17.0.12/jdk.internal.misc.Unsafe.park(Native Method)
        at java.base@17.0.12/java.util.concurrent.locks.LockSupport.park(LockSupport.java:341)
        at java.base@17.0.12/java.util.concurrent.locks.AbstractQueuedSynchronizer$ConditionNode.block(AbstractQueuedSynchronizer.java:506)
        at java.base@17.0.12/java.util.concurrent.ForkJoinPool.unmanagedBlock(ForkJoinPool.java:3465)
        at java.base@17.0.12/java.util.concurrent.ForkJoinPool.managedBlock(ForkJoinPool.java:3436)
        at java.base@17.0.12/java.util.concurrent.locks.AbstractQueuedSynchronizer$ConditionObject.await(AbstractQueuedSynchronizer.java:1625)
        at java.base@17.0.12/java.util.concurrent.LinkedBlockingQueue.take(LinkedBlockingQueue.java:435)
        at java.base@17.0.12/java.util.concurrent.ThreadPoolExecutor.getTask(ThreadPoolExecutor.java:1062)
        at java.base@17.0.12/java.util.concurrent.ThreadPoolExecutor.runWorker(ThreadPoolExecutor.java:1122)
        at java.base@17.0.12/java.util.concurrent.ThreadPoolExecutor$Worker.run(ThreadPoolExecutor.java:635)
        at java.base@17.0.12/java.lang.Thread.run(Thread.java:840)
"IPC Server handler 14 on default port 15002" daemon prio=5 tid=300 timed_waiting
java.lang.Thread.State: TIMED_WAITING
        at java.base@17.0.12/jdk.internal.misc.Unsafe.park(Native Method)
        at java.base@17.0.12/java.util.concurrent.locks.LockSupport.parkNanos(LockSupport.java:252)
        at java.base@17.0.12/java.util.concurrent.locks.AbstractQueuedSynchronizer$ConditionObject.awaitNanos(AbstractQueuedSynchronizer.java:1674)
        at java.base@17.0.12/java.util.concurrent.LinkedBlockingQueue.poll(LinkedBlockingQueue.java:460)
        at app//org.apache.hadoop.ipc.CallQueueManager.take(CallQueueManager.java:317)
        at app//org.apache.hadoop.ipc.Server$Handler.run(Server.java:3014)
"IPC Server handler 81 on default port 15009" daemon prio=5 tid=600 timed_waiting
java.lang.Thread.State: TIMED_WAITING
        at java.base@17.0.12/jdk.internal.misc.Unsafe.park(Native Method)
        at java.base@17.0.12/java.util.concurrent.locks.LockSupport.parkNanos(LockSupport.java:252)
        at java.base@17.0.12/java.util.concurrent.locks.AbstractQueuedSynchronizer$ConditionObject.awaitNanos(AbstractQueuedSynchronizer.java:1674)
        at java.base@17.0.12/java.util.concurrent.LinkedBlockingQueue.poll(LinkedBlockingQueue.java:460)
        at app//org.apache.hadoop.ipc.CallQueueManager.take(CallQueueManager.java:317)
        at app//org.apache.hadoop.ipc.Server$Handler.run(Server.java:3014)
"IPC Server handler 90 on default port 15002" daemon prio=5 tid=376 timed_waiting
java.lang.Thread.State: TIMED_WAITING
        at java.base@17.0.12/jdk.internal.misc.Unsafe.park(Native Method)
        at java.base@17.0.12/java.util.concurrent.locks.LockSupport.parkNanos(LockSupport.java:252)
        at java.base@17.0.12/java.util.concurrent.locks.AbstractQueuedSynchronizer$ConditionObject.awaitNanos(AbstractQueuedSynchronizer.java:1674)
        at java.base@17.0.12/java.util.concurrent.LinkedBlockingQueue.poll(LinkedBlockingQueue.java:460)
        at app//org.apache.hadoop.ipc.CallQueueManager.take(CallQueueManager.java:317)
        at app//org.apache.hadoop.ipc.Server$Handler.run(Server.java:3014)
"IPC Server handler 62 on default port 15002" daemon prio=5 tid=348 timed_waiting
java.lang.Thread.State: TIMED_WAITING
        at java.base@17.0.12/jdk.internal.misc.Unsafe.park(Native Method)
        at java.base@17.0.12/java.util.concurrent.locks.LockSupport.parkNanos(LockSupport.java:252)
        at java.base@17.0.12/java.util.concurrent.locks.AbstractQueuedSynchronizer$ConditionObject.awaitNanos(AbstractQueuedSynchronizer.java:1674)
        at java.base@17.0.12/java.util.concurrent.LinkedBlockingQueue.poll(LinkedBlockingQueue.java:460)
        at app//org.apache.hadoop.ipc.CallQueueManager.take(CallQueueManager.java:317)
        at app//org.apache.hadoop.ipc.Server$Handler.run(Server.java:3014)
"qtp1907999535-728" daemon prio=5 tid=728 timed_waiting
java.lang.Thread.State: TIMED_WAITING
        at java.base@17.0.12/jdk.internal.misc.Unsafe.park(Native Method)
        at java.base@17.0.12/java.util.concurrent.locks.LockSupport.parkNanos(LockSupport.java:252)
        at java.base@17.0.12/java.util.concurrent.locks.AbstractQueuedSynchronizer$ConditionObject.awaitNanos(AbstractQueuedSynchronizer.java:1674)
        at app//org.eclipse.jetty.util.BlockingArrayQueue.poll(BlockingArrayQueue.java:382)
        at app//org.eclipse.jetty.util.thread.QueuedThreadPool$Runner.idleJobPoll(QueuedThreadPool.java:974)
        at app//org.eclipse.jetty.util.thread.QueuedThreadPool$Runner.run(QueuedThreadPool.java:1018)
        at java.base@17.0.12/java.lang.Thread.run(Thread.java:840)
"IPC Server handler 33 on default port 15000" daemon prio=5 tid=119 timed_waiting
java.lang.Thread.State: TIMED_WAITING
        at java.base@17.0.12/jdk.internal.misc.Unsafe.park(Native Method)
        at java.base@17.0.12/java.util.concurrent.locks.LockSupport.parkNanos(LockSupport.java:252)
        at java.base@17.0.12/java.util.concurrent.locks.AbstractQueuedSynchronizer$ConditionObject.awaitNanos(AbstractQueuedSynchronizer.java:1674)
        at java.base@17.0.12/java.util.concurrent.LinkedBlockingQueue.poll(LinkedBlockingQueue.java:460)
        at app//org.apache.hadoop.ipc.CallQueueManager.take(CallQueueManager.java:317)
        at app//org.apache.hadoop.ipc.Server$Handler.run(Server.java:3014)
"89da30bd-cbf9-4a7b-a1ff-1f6963324f22@group-3A08AF1FB2FD-LeaderStateImpl" daemon prio=5 tid=987 timed_waiting
java.lang.Thread.State: TIMED_WAITING
        at java.base@17.0.12/jdk.internal.misc.Unsafe.park(Native Method)
        at java.base@17.0.12/java.util.concurrent.locks.LockSupport.parkNanos(LockSupport.java:252)
        at java.base@17.0.12/java.util.concurrent.locks.AbstractQueuedSynchronizer$ConditionObject.awaitNanos(AbstractQueuedSynchronizer.java:1674)
        at java.base@17.0.12/java.util.concurrent.ArrayBlockingQueue.poll(ArrayBlockingQueue.java:435)
        at app//org.apache.ratis.server.impl.LeaderStateImpl$EventQueue.poll(LeaderStateImpl.java:164)
        at app//org.apache.ratis.server.impl.LeaderStateImpl$EventProcessor.run(LeaderStateImpl.java:766)


	at org.apache.ozone.test.GenericTestUtils.waitFor(GenericTestUtils.java:204)
	at org.apache.hadoop.ozone.recon.TestReconScmSnapshot.testExplicitRemovalOfNode(TestReconScmSnapshot.java:139)
	at java.base/java.lang.reflect.Method.invoke(Method.java:569)
	at java.base/java.util.ArrayList.forEach(ArrayList.java:1511)
	at java.base/java.util.ArrayList.forEach(ArrayList.java:1511)
]]></error>
    <system-out><![CDATA[2024-10-01 11:06:18,579 [main] WARN  server.ServerUtils (ServerUtils.java:getScmDbDir(143)) - ozone.scm.db.dirs is not configured. We recommend adding this setting. Falling back to ozone.metadata.dirs instead.
2024-10-01 11:06:18,753 [main] INFO  reflections.Reflections (Reflections.java:scan(219)) - Reflections took 139 ms to scan 7 urls, producing 161 keys and 377 values
2024-10-01 11:06:18,922 [main] WARN  server.ServerUtils (ServerUtils.java:getScmDbDir(143)) - ozone.scm.db.dirs is not configured. We recommend adding this setting. Falling back to ozone.metadata.dirs instead.
2024-10-01 11:06:18,926 [main] INFO  ha.SCMHANodeDetails (SCMHANodeDetails.java:loadSCMHAConfig(207)) - ServiceID for StorageContainerManager is null
2024-10-01 11:06:18,935 [main] WARN  ha.SCMHANodeDetails (SCMHANodeDetails.java:validateSCMHAConfig(180)) - Default/Configured value of config ozone.scm.ratis.enable conflicts with the expected value. Default/Configured: true. Expected: false. Falling back to the expected value. Current State of SCM: SCM is running without Ratis. Ratis SCM -> Non Ratis SCM is not supported.
2024-10-01 11:06:18,935 [main] INFO  ha.SCMHANodeDetails (SCMHANodeDetails.java:loadSCMHAConfig(212)) - ozone.scm.default.service.id is not defined, falling back to ozone.scm.service.ids to find serviceID for StorageContainerManager if it is HA enabled cluster
2024-10-01 11:06:19,562 [main] WARN  utils.HAUtils (HAUtils.java:getMetaDir(337)) - ozone.scm.db.dirs is not configured. We recommend adding this setting. Falling back to ozone.metadata.dirs instead.
2024-10-01 11:06:19,706 [main] WARN  db.DBStoreBuilder (DBStoreBuilder.java:applyDBDefinition(171)) - ozone.scm.db.dirs is not configured. We recommend adding this setting. Falling back to ozone.metadata.dirs instead.
2024-10-01 11:06:19,715 [main] INFO  utils.LeakDetector (LeakDetector.java:start(74)) - Starting leak detector thread ManagedRocksObject0.
2024-10-01 11:06:19,909 [main] INFO  net.NodeSchemaLoader (NodeSchemaLoader.java:loadSchemaFromFile(129)) - Loading schema from [jar:file:/home/runner/work/ozone/ozone/hadoop-hdds/common/target/hdds-common-1.5.0-SNAPSHOT.jar!/network-topology-default.xml]
2024-10-01 11:06:19,911 [main] INFO  net.NodeSchemaLoader (NodeSchemaLoader.java:loadSchema(176)) - Loading network topology layer schema file
2024-10-01 11:06:19,970 [main] INFO  metrics.MetricRegistries (MetricRegistriesLoader.java:load(64)) - Loaded MetricRegistries class org.apache.ratis.metrics.dropwizard3.Dm3MetricRegistriesImpl
2024-10-01 11:06:19,984 [main] INFO  upgrade.AbstractLayoutVersionManager (AbstractLayoutVersionManager.java:init(83)) - Initializing Layout version manager with metadata layout = HBASE_SUPPORT (version = 8), software layout = HBASE_SUPPORT (version = 8)
2024-10-01 11:06:20,153 [main] INFO  ha.SequenceIdGenerator (SequenceIdGenerator.java:upgradeToSequenceId(369)) - upgrade localId to 113750153625600000
2024-10-01 11:06:20,156 [main] INFO  ha.SequenceIdGenerator (SequenceIdGenerator.java:upgradeToSequenceId(379)) - upgrade delTxnId to 0
2024-10-01 11:06:20,163 [main] INFO  ha.SequenceIdGenerator (SequenceIdGenerator.java:upgradeToSequenceId(396)) - upgrade containerId to 0
2024-10-01 11:06:20,166 [main] INFO  ha.SequenceIdGenerator (SequenceIdGenerator.java:upgradeToCertificateSequenceId(433)) - upgrade CertificateId to 2
2024-10-01 11:06:20,169 [main] INFO  ha.SequenceIdGenerator (SequenceIdGenerator.java:<init>(240)) - Init the HA SequenceIdGenerator.
2024-10-01 11:06:20,211 [main] WARN  server.ServerUtils (ServerUtils.java:sanitizeUserArgs(73)) - ozone.scm.dead.node.interval value = 8000 is smaller than min = 12000 based on the key value of ozone.scm.stale.node.interval, reset to the min value 12000.
2024-10-01 11:06:20,217 [main] INFO  node.SCMNodeManager (SCMNodeManager.java:<init>(180)) - Entering startup safe mode.
2024-10-01 11:06:20,229 [main] INFO  algorithms.ContainerPlacementPolicyFactory (ContainerPlacementPolicyFactory.java:getPolicyInternal(86)) - Create container placement policy of type org.apache.hadoop.hdds.scm.container.placement.algorithms.SCMContainerPlacementRackAware
2024-10-01 11:06:20,233 [main] INFO  algorithms.ContainerPlacementPolicyFactory (ContainerPlacementPolicyFactory.java:getPolicyInternal(86)) - Create container placement policy of type org.apache.hadoop.hdds.scm.container.placement.algorithms.SCMContainerPlacementRackScatter
2024-10-01 11:06:20,242 [main] INFO  pipeline.PipelineStateManagerImpl (PipelineStateManagerImpl.java:initialize(78)) - No pipeline exists in current db
2024-10-01 11:06:20,254 [main] INFO  algorithms.LeaderChoosePolicyFactory (LeaderChoosePolicyFactory.java:getPolicy(57)) - Create leader choose policy of type org.apache.hadoop.hdds.scm.pipeline.leader.choose.algorithms.MinLeaderCountChoosePolicy
2024-10-01 11:06:20,255 [main] INFO  algorithms.ContainerPlacementPolicyFactory (ContainerPlacementPolicyFactory.java:getPolicyInternal(86)) - Create container placement policy of type org.apache.hadoop.hdds.scm.container.placement.algorithms.SCMContainerPlacementRackScatter
2024-10-01 11:06:20,262 [main] INFO  ha.SCMServiceManager (SCMServiceManager.java:register(42)) - Registering service BackgroundPipelineCreator.
2024-10-01 11:06:20,262 [main] INFO  pipeline.BackgroundPipelineCreator (BackgroundPipelineCreator.java:start(127)) - Starting RatisPipelineUtilsThread.
2024-10-01 11:06:20,266 [main] INFO  BackgroundPipelineScrubber (BackgroundSCMService.java:start(65)) - Starting BackgroundPipelineScrubber Service.
2024-10-01 11:06:20,269 [main] INFO  ha.SCMServiceManager (SCMServiceManager.java:register(42)) - Registering service BackgroundPipelineScrubber.
2024-10-01 11:06:20,276 [main] INFO  ExpiredContainerReplicaOpScrubber (BackgroundSCMService.java:start(65)) - Starting ExpiredContainerReplicaOpScrubber Service.
2024-10-01 11:06:20,280 [main] INFO  ha.SCMServiceManager (SCMServiceManager.java:register(42)) - Registering service ExpiredContainerReplicaOpScrubber.
2024-10-01 11:06:20,307 [main] INFO  algorithms.PipelineChoosePolicyFactory (PipelineChoosePolicyFactory.java:createPipelineChoosePolicyFromClass(80)) - Create pipeline choose policy of type org.apache.hadoop.hdds.scm.pipeline.choose.algorithms.RandomPipelineChoosePolicy
2024-10-01 11:06:20,307 [main] INFO  algorithms.PipelineChoosePolicyFactory (PipelineChoosePolicyFactory.java:createPipelineChoosePolicyFromClass(80)) - Create pipeline choose policy of type org.apache.hadoop.hdds.scm.pipeline.choose.algorithms.RandomPipelineChoosePolicy
2024-10-01 11:06:20,335 [main] INFO  ha.SCMServiceManager (SCMServiceManager.java:register(42)) - Registering service SCMBlockDeletingService.
2024-10-01 11:06:20,408 [main] INFO  replication.ReplicationManager (ReplicationManager.java:start(296)) - Starting Replication Monitor Thread.
2024-10-01 11:06:20,410 [main] INFO  ha.SCMServiceManager (SCMServiceManager.java:register(42)) - Registering service ReplicationManager.
2024-10-01 11:06:20,413 [ReplicationMonitor] INFO  replication.ReplicationManager (ReplicationManager.java:processAll(373)) - Replication Manager is not ready to run until 3000ms after safemode exit
2024-10-01 11:06:20,419 [main] INFO  safemode.ContainerSafeModeRule (ContainerSafeModeRule.java:<init>(91)) - containers with one replica threshold count 0
2024-10-01 11:06:20,424 [main] INFO  safemode.HealthyPipelineSafeModeRule (HealthyPipelineSafeModeRule.java:initializeRule(176)) - Total pipeline count is 0, healthy pipeline threshold count is 1
2024-10-01 11:06:20,426 [main] INFO  safemode.OneReplicaPipelineSafeModeRule (OneReplicaPipelineSafeModeRule.java:initializeRule(193)) - Total pipeline count is 0, pipeline's with at least one datanode reported threshold count is 0
2024-10-01 11:06:20,495 [main] INFO  server.StorageContainerManager (StorageContainerManager.java:<init>(443)) - SCM start with adminUsers: [runner]
2024-10-01 11:06:20,697 [main] INFO  audit.AuditLogger (AuditLogger.java:refreshDebugCmdSet(135)) - Refresh DebugCmdSet for SCMAudit to [].
2024-10-01 11:06:20,719 [main] INFO  ipc.CallQueueManager (CallQueueManager.java:<init>(90)) - Using callQueue: class java.util.concurrent.LinkedBlockingQueue, queueCapacity: 10000, scheduler: class org.apache.hadoop.ipc.DefaultRpcScheduler, ipcBackoff: false.
2024-10-01 11:06:20,740 [main] INFO  ipc.Server (Server.java:<init>(1287)) - Listener at 0.0.0.0:15002
2024-10-01 11:06:20,743 [Socket Reader #1 for port 15002] INFO  ipc.Server (Server.java:run(1323)) - Starting Socket Reader #1 for port 15002
2024-10-01 11:06:20,743 [Socket Reader #2 for port 15002] INFO  ipc.Server (Server.java:run(1323)) - Starting Socket Reader #2 for port 15002
2024-10-01 11:06:20,744 [Socket Reader #3 for port 15002] INFO  ipc.Server (Server.java:run(1323)) - Starting Socket Reader #3 for port 15002
2024-10-01 11:06:20,744 [Socket Reader #4 for port 15002] INFO  ipc.Server (Server.java:run(1323)) - Starting Socket Reader #4 for port 15002
2024-10-01 11:06:20,745 [Socket Reader #5 for port 15002] INFO  ipc.Server (Server.java:run(1323)) - Starting Socket Reader #5 for port 15002
2024-10-01 11:06:20,746 [Socket Reader #7 for port 15002] INFO  ipc.Server (Server.java:run(1323)) - Starting Socket Reader #7 for port 15002
2024-10-01 11:06:20,747 [Socket Reader #6 for port 15002] INFO  ipc.Server (Server.java:run(1323)) - Starting Socket Reader #6 for port 15002
2024-10-01 11:06:20,748 [Socket Reader #8 for port 15002] INFO  ipc.Server (Server.java:run(1323)) - Starting Socket Reader #8 for port 15002
2024-10-01 11:06:20,749 [Socket Reader #9 for port 15002] INFO  ipc.Server (Server.java:run(1323)) - Starting Socket Reader #9 for port 15002
2024-10-01 11:06:20,750 [Socket Reader #10 for port 15002] INFO  ipc.Server (Server.java:run(1323)) - Starting Socket Reader #10 for port 15002
2024-10-01 11:06:20,850 [main] INFO  audit.AuditLogger (AuditLogger.java:refreshDebugCmdSet(135)) - Refresh DebugCmdSet for SCMAudit to [].
2024-10-01 11:06:20,856 [main] INFO  ipc.CallQueueManager (CallQueueManager.java:<init>(90)) - Using callQueue: class java.util.concurrent.LinkedBlockingQueue, queueCapacity: 10000, scheduler: class org.apache.hadoop.ipc.DefaultRpcScheduler, ipcBackoff: false.
2024-10-01 11:06:20,856 [main] INFO  ipc.Server (Server.java:<init>(1287)) - Listener at 0.0.0.0:15001
2024-10-01 11:06:20,859 [Socket Reader #1 for port 15001] INFO  ipc.Server (Server.java:run(1323)) - Starting Socket Reader #1 for port 15001
2024-10-01 11:06:20,860 [Socket Reader #3 for port 15001] INFO  ipc.Server (Server.java:run(1323)) - Starting Socket Reader #3 for port 15001
2024-10-01 11:06:20,861 [Socket Reader #2 for port 15001] INFO  ipc.Server (Server.java:run(1323)) - Starting Socket Reader #2 for port 15001
2024-10-01 11:06:20,873 [Socket Reader #5 for port 15001] INFO  ipc.Server (Server.java:run(1323)) - Starting Socket Reader #5 for port 15001
2024-10-01 11:06:20,873 [Socket Reader #7 for port 15001] INFO  ipc.Server (Server.java:run(1323)) - Starting Socket Reader #7 for port 15001
2024-10-01 11:06:20,873 [Socket Reader #4 for port 15001] INFO  ipc.Server (Server.java:run(1323)) - Starting Socket Reader #4 for port 15001
2024-10-01 11:06:20,875 [Socket Reader #6 for port 15001] INFO  ipc.Server (Server.java:run(1323)) - Starting Socket Reader #6 for port 15001
2024-10-01 11:06:20,877 [Socket Reader #9 for port 15001] INFO  ipc.Server (Server.java:run(1323)) - Starting Socket Reader #9 for port 15001
2024-10-01 11:06:20,877 [Socket Reader #8 for port 15001] INFO  ipc.Server (Server.java:run(1323)) - Starting Socket Reader #8 for port 15001
2024-10-01 11:06:20,878 [Socket Reader #10 for port 15001] INFO  ipc.Server (Server.java:run(1323)) - Starting Socket Reader #10 for port 15001
2024-10-01 11:06:20,915 [main] INFO  audit.AuditLogger (AuditLogger.java:refreshDebugCmdSet(135)) - Refresh DebugCmdSet for SCMAudit to [].
2024-10-01 11:06:20,927 [main] INFO  ipc.CallQueueManager (CallQueueManager.java:<init>(90)) - Using callQueue: class java.util.concurrent.LinkedBlockingQueue, queueCapacity: 10000, scheduler: class org.apache.hadoop.ipc.DefaultRpcScheduler, ipcBackoff: false.
2024-10-01 11:06:20,928 [main] INFO  ipc.Server (Server.java:<init>(1287)) - Listener at 0.0.0.0:15000
2024-10-01 11:06:20,928 [Socket Reader #1 for port 15000] INFO  ipc.Server (Server.java:run(1323)) - Starting Socket Reader #1 for port 15000
2024-10-01 11:06:20,933 [Socket Reader #3 for port 15000] INFO  ipc.Server (Server.java:run(1323)) - Starting Socket Reader #3 for port 15000
2024-10-01 11:06:20,933 [Socket Reader #4 for port 15000] INFO  ipc.Server (Server.java:run(1323)) - Starting Socket Reader #4 for port 15000
2024-10-01 11:06:20,933 [Socket Reader #2 for port 15000] INFO  ipc.Server (Server.java:run(1323)) - Starting Socket Reader #2 for port 15000
2024-10-01 11:06:20,934 [Socket Reader #5 for port 15000] INFO  ipc.Server (Server.java:run(1323)) - Starting Socket Reader #5 for port 15000
2024-10-01 11:06:20,934 [Socket Reader #6 for port 15000] INFO  ipc.Server (Server.java:run(1323)) - Starting Socket Reader #6 for port 15000
2024-10-01 11:06:20,935 [Socket Reader #7 for port 15000] INFO  ipc.Server (Server.java:run(1323)) - Starting Socket Reader #7 for port 15000
2024-10-01 11:06:20,935 [Socket Reader #8 for port 15000] INFO  ipc.Server (Server.java:run(1323)) - Starting Socket Reader #8 for port 15000
2024-10-01 11:06:20,935 [Socket Reader #9 for port 15000] INFO  ipc.Server (Server.java:run(1323)) - Starting Socket Reader #9 for port 15000
2024-10-01 11:06:20,936 [Socket Reader #10 for port 15000] INFO  ipc.Server (Server.java:run(1323)) - Starting Socket Reader #10 for port 15000
2024-10-01 11:06:20,988 [main] INFO  ha.SCMServiceManager (SCMServiceManager.java:register(42)) - Registering service ContainerBalancer.
2024-10-01 11:06:20,988 [main] INFO  ha.SCMContext (SCMContext.java:updateSafeModeStatus(225)) - Update SafeModeStatus from SafeModeStatus{safeModeStatus=true, preCheckPassed=false} to SafeModeStatus{safeModeStatus=true, preCheckPassed=false}.
2024-10-01 11:06:20,992 [main] INFO  server.StorageContainerManager (StorageContainerManager.java:start(1546)) - StorageContainerLocationProtocol RPC server is listening at /0.0.0.0:15000
2024-10-01 11:06:21,054 [main] WARN  impl.MetricsConfig (MetricsConfig.java:loadFirst(136)) - Cannot locate configuration: tried hadoop-metrics2-storagecontainermanager.properties,hadoop-metrics2.properties
2024-10-01 11:06:21,064 [main] INFO  impl.MetricsSystemImpl (MetricsSystemImpl.java:startTimer(378)) - Scheduled Metric snapshot period at 10 second(s).
2024-10-01 11:06:21,064 [main] INFO  impl.MetricsSystemImpl (MetricsSystemImpl.java:start(191)) - StorageContainerManager metrics system started
2024-10-01 11:06:21,194 [main] INFO  server.SCMClientProtocolServer (SCMClientProtocolServer.java:start(213)) - RPC server for Client  is listening at /0.0.0.0:15000
2024-10-01 11:06:21,195 [IPC Server Responder] INFO  ipc.Server (Server.java:run(1562)) - IPC Server Responder: starting
2024-10-01 11:06:21,200 [IPC Server listener on 15000] INFO  ipc.Server (Server.java:run(1402)) - IPC Server listener on 15000: starting
2024-10-01 11:06:21,235 [main] INFO  server.StorageContainerManager (StorageContainerManager.java:start(1559)) - ScmBlockLocationProtocol RPC server is listening at /0.0.0.0:15001
2024-10-01 11:06:21,237 [main] INFO  server.SCMBlockProtocolServer (SCMBlockProtocolServer.java:start(172)) - RPC server for Block Protocol is listening at /0.0.0.0:15001
2024-10-01 11:06:21,239 [IPC Server Responder] INFO  ipc.Server (Server.java:run(1562)) - IPC Server Responder: starting
2024-10-01 11:06:21,239 [IPC Server listener on 15001] INFO  ipc.Server (Server.java:run(1402)) - IPC Server listener on 15001: starting
2024-10-01 11:06:21,286 [main] INFO  server.SCMDatanodeProtocolServer (SCMDatanodeProtocolServer.java:start(199)) - ScmDatanodeProtocol RPC server for DataNodes is listening at /0.0.0.0:15002
2024-10-01 11:06:21,288 [IPC Server listener on 15002] INFO  ipc.Server (Server.java:run(1402)) - IPC Server listener on 15002: starting
2024-10-01 11:06:21,288 [IPC Server Responder] INFO  ipc.Server (Server.java:run(1562)) - IPC Server Responder: starting
2024-10-01 11:06:21,315 [JvmPauseMonitor0] INFO  util.JvmPauseMonitor (JvmPauseMonitor.java:run(146)) - JvmPauseMonitor-13e01e20-e1c5-4981-84d3-7f8ede1ab92b: Started
2024-10-01 11:06:21,323 [main] INFO  http.BaseHttpServer (BaseHttpServer.java:newHttpServer2BuilderForOzone(223)) - Starting Web-server for scm at: http://0.0.0.0:15003
2024-10-01 11:06:21,324 [main] INFO  http.BaseHttpServer (BaseHttpServer.java:<init>(110)) - Hadoop Security Enabled: false Ozone Security Enabled: false Ozone HTTP Security Enabled: false 
2024-10-01 11:06:21,348 [main] INFO  util.log (Log.java:initialized(170)) - Logging initialized @3963ms to org.eclipse.jetty.util.log.Slf4jLog
2024-10-01 11:06:21,418 [main] WARN  server.AuthenticationFilter (AuthenticationFilter.java:constructSecretProvider(240)) - Unable to initialize FileSignerSecretProvider, falling back to use random secrets. Reason: Could not read signature secret file: /home/runner/hadoop-http-auth-signature-secret
2024-10-01 11:06:21,423 [main] INFO  http.HttpRequestLog (HttpRequestLog.java:getRequestLog(86)) - Http request log for http.requests.scm is not defined
2024-10-01 11:06:21,430 [main] INFO  http.HttpServer2 (HttpServer2.java:addGlobalFilter(1035)) - Added global filter 'safety' (class=org.apache.hadoop.hdds.server.http.HttpServer2$QuotingInputFilter)
2024-10-01 11:06:21,434 [main] INFO  http.HttpServer2 (HttpServer2.java:addFilter(1011)) - Added filter static_user_filter (class=org.apache.hadoop.http.lib.StaticUserWebFilter$StaticUserFilter) to context scm
2024-10-01 11:06:21,434 [main] INFO  http.HttpServer2 (HttpServer2.java:addFilter(1019)) - Added filter static_user_filter (class=org.apache.hadoop.http.lib.StaticUserWebFilter$StaticUserFilter) to context static
2024-10-01 11:06:21,434 [main] INFO  http.HttpServer2 (HttpServer2.java:addFilter(1019)) - Added filter static_user_filter (class=org.apache.hadoop.http.lib.StaticUserWebFilter$StaticUserFilter) to context logs
2024-10-01 11:06:21,465 [main] INFO  http.BaseHttpServer (BaseHttpServer.java:<init>(189)) - HTTP server of scm uses base directory /home/runner/work/ozone/ozone/hadoop-ozone/integration-test/target/test-dir/MiniOzoneClusterImpl-6f218983-f2ca-45a9-b903-464e6faef46a/ozone-meta/webserver
2024-10-01 11:06:21,466 [main] INFO  http.HttpServer2 (HttpServer2.java:bindListener(1235)) - Jetty bound to port 15003
2024-10-01 11:06:21,467 [main] INFO  server.Server (Server.java:doStart(375)) - jetty-9.4.56.v20240826; built: 2024-08-26T17:15:05.868Z; git: ec6782ff5ead824dabdcf47fa98f90a4aedff401; jvm 17.0.12+7
2024-10-01 11:06:21,494 [main] INFO  server.session (DefaultSessionIdManager.java:doStart(334)) - DefaultSessionIdManager workerName=node0
2024-10-01 11:06:21,495 [main] INFO  server.session (DefaultSessionIdManager.java:doStart(339)) - No SessionScavenger set, using defaults
2024-10-01 11:06:21,496 [main] INFO  server.session (HouseKeeper.java:startScavenging(132)) - node0 Scavenging every 600000ms
2024-10-01 11:06:21,505 [main] INFO  handler.ContextHandler (ContextHandler.java:doStart(921)) - Started o.e.j.s.ServletContextHandler@3465edf9{logs,/logs,file:///home/runner/work/ozone/ozone/hadoop-ozone/integration-test/target/log,AVAILABLE}
2024-10-01 11:06:21,506 [main] INFO  handler.ContextHandler (ContextHandler.java:doStart(921)) - Started o.e.j.s.ServletContextHandler@77e5c765{static,/static,file:///home/runner/work/ozone/ozone/hadoop-ozone/integration-test/target/test-classes/webapps/static,AVAILABLE}
2024-10-01 11:06:21,545 [main] INFO  handler.ContextHandler (ContextHandler.java:doStart(921)) - Started o.e.j.w.WebAppContext@7ffc4195{scm,/,file:///home/runner/work/ozone/ozone/hadoop-ozone/integration-test/target/test-classes/webapps/scm/,AVAILABLE}{file:/home/runner/work/ozone/ozone/hadoop-ozone/integration-test/target/test-classes/webapps/scm}
2024-10-01 11:06:21,551 [main] INFO  server.AbstractConnector (AbstractConnector.java:doStart(333)) - Started ServerConnector@2f2d8770{HTTP/1.1, (http/1.1)}{0.0.0.0:15003}
2024-10-01 11:06:21,552 [main] INFO  server.Server (Server.java:doStart(415)) - Started @4167ms
2024-10-01 11:06:21,554 [main] INFO  impl.MetricsSinkAdapter (MetricsSinkAdapter.java:start(204)) - Sink prometheus started
2024-10-01 11:06:21,554 [main] INFO  impl.MetricsSystemImpl (MetricsSystemImpl.java:registerSink(305)) - Registered sink prometheus
2024-10-01 11:06:21,555 [main] INFO  http.BaseHttpServer (BaseHttpServer.java:updateConnectorAddress(354)) - HTTP server of scm listening at http://0.0.0.0:15003
2024-10-01 11:06:21,558 [main] WARN  server.ServerUtils (ServerUtils.java:getDBPath(299)) - ozone.om.db.dirs is not configured. We recommend adding this setting. Falling back to ozone.metadata.dirs instead.
2024-10-01 11:06:21,622 [main] INFO  audit.AuditLogger (AuditLogger.java:refreshDebugCmdSet(135)) - Refresh DebugCmdSet for OMAudit to [].
2024-10-01 11:06:21,642 [main] INFO  audit.AuditLogger (AuditLogger.java:refreshDebugCmdSet(135)) - Refresh DebugCmdSet for OMSystemAudit to [].
2024-10-01 11:06:21,688 [main] INFO  ha.OMHANodeDetails (OMHANodeDetails.java:loadOMHAConfig(115)) - ozone.om.internal.service.id is not defined, falling back to ozone.om.service.ids to find serviceID for OzoneManager if it is HA enabled cluster
2024-10-01 11:06:21,692 [main] INFO  ha.OMHANodeDetails (OMHANodeDetails.java:loadOMHAConfig(226)) - Configuration does not have ozone.om.address set. Falling back to the default OM address /127.0.0.1:15004
2024-10-01 11:06:21,692 [main] INFO  ha.OMHANodeDetails (OMHANodeDetails.java:getOMNodeDetailsForNonHA(254)) - OM Service ID is not set. Setting it to the default ID: omServiceIdDefault
2024-10-01 11:06:21,692 [main] INFO  ha.OMHANodeDetails (OMHANodeDetails.java:getOMNodeDetailsForNonHA(261)) - OM Node ID is not set. Setting it to the default ID: om1
2024-10-01 11:06:21,696 [main] WARN  server.ServerUtils (ServerUtils.java:getDBPath(299)) - ozone.om.db.dirs is not configured. We recommend adding this setting. Falling back to ozone.metadata.dirs instead.
2024-10-01 11:06:21,700 [main] INFO  upgrade.AbstractLayoutVersionManager (AbstractLayoutVersionManager.java:init(83)) - Initializing Layout version manager with metadata layout = HBASE_SUPPORT (version = 7), software layout = HBASE_SUPPORT (version = 7)
2024-10-01 11:06:21,779 [main] INFO  reflections.Reflections (Reflections.java:scan(219)) - Reflections took 76 ms to scan 2 urls, producing 189 keys and 563 values
2024-10-01 11:06:21,783 [main] INFO  upgrade.OMLayoutVersionManager (OMLayoutVersionManager.java:lambda$0(113)) - Skipping Upgrade Action QuotaRepairUpgradeAction since it has been finalized.
2024-10-01 11:06:21,784 [main] INFO  upgrade.OMLayoutVersionManager (OMLayoutVersionManager.java:lambda$0(113)) - Skipping Upgrade Action MockOmUpgradeAction since it has been finalized.
2024-10-01 11:06:21,786 [main] WARN  server.ServerUtils (ServerUtils.java:getDBPath(299)) - ozone.om.db.dirs is not configured. We recommend adding this setting. Falling back to ozone.metadata.dirs instead.
2024-10-01 11:06:21,938 [main] INFO  proxy.SCMBlockLocationFailoverProxyProvider (SCMBlockLocationFailoverProxyProvider.java:<init>(115)) - Created block location fail-over proxy with 1 nodes: [nodeId=scmNodeId,nodeAddress=/0.0.0.0:15001]
2024-10-01 11:06:21,970 [main] INFO  proxy.SCMBlockLocationFailoverProxyProvider (SCMBlockLocationFailoverProxyProvider.java:<init>(115)) - Created block location fail-over proxy with 1 nodes: [nodeId=scmNodeId,nodeAddress=/0.0.0.0:15001]
2024-10-01 11:06:22,124 [main] INFO  om.OzoneManager (OzoneManager.java:<init>(693)) - OM start with adminUsers: [runner]
2024-10-01 11:06:22,138 [main] WARN  server.ServerUtils (ServerUtils.java:getDBPath(299)) - ozone.om.db.dirs is not configured. We recommend adding this setting. Falling back to ozone.metadata.dirs instead.
2024-10-01 11:06:22,161 [main] INFO  helpers.OmKeyInfo (OmKeyInfo.java:getCodec(72)) - OmKeyInfo.getCodec ignorePipeline = true
2024-10-01 11:06:22,397 [main] INFO  om.OzoneManager (OzoneManager.java:instantiateServices(828)) - S3 Multi-Tenancy is disabled
2024-10-01 11:06:22,425 [main] INFO  om.OmSnapshotManager (OmSnapshotManager.java:<init>(182)) - Ozone filesystem snapshot feature is enabled.
2024-10-01 11:06:22,432 [main] WARN  server.ServerUtils (ServerUtils.java:getDBPath(299)) - ozone.om.snapshot.diff.db.dir is not configured. We recommend adding this setting. Falling back to ozone.metadata.dirs instead.
2024-10-01 11:06:22,476 [main] INFO  utils.NativeLibraryLoader (NativeLibraryLoader.java:loadLibrary(120)) - Loading Library: ozone_rocksdb_tools
2024-10-01 11:06:22,478 [main] ERROR snapshot.SnapshotDiffManager (SnapshotDiffManager.java:initNativeLibraryForEfficientDiff(287)) - Native Library for raw sst file reading loading failed.
org.apache.hadoop.hdds.utils.NativeLibraryNotLoadedException: Unable to load library ozone_rocksdb_tools from both java.library.path & resource file libozone_rocksdb_tools.so from jar.
	at org.apache.hadoop.hdds.utils.db.managed.ManagedRawSSTFileReader.loadLibrary(ManagedRawSSTFileReader.java:40)
	at org.apache.hadoop.ozone.om.snapshot.SnapshotDiffManager.initNativeLibraryForEfficientDiff(SnapshotDiffManager.java:285)
	at org.apache.hadoop.ozone.om.snapshot.SnapshotDiffManager.<init>(SnapshotDiffManager.java:259)
	at org.apache.hadoop.ozone.om.OmSnapshotManager.<init>(OmSnapshotManager.java:289)
	at org.apache.hadoop.ozone.om.OzoneManager.instantiateServices(OzoneManager.java:886)
	at org.apache.hadoop.ozone.om.OzoneManager.<init>(OzoneManager.java:703)
	at org.apache.hadoop.ozone.om.OzoneManager.createOm(OzoneManager.java:791)
	at org.apache.hadoop.ozone.MiniOzoneClusterImpl$Builder.createOM(MiniOzoneClusterImpl.java:703)
	at org.apache.hadoop.ozone.MiniOzoneClusterImpl$Builder.createAndStartSingleOM(MiniOzoneClusterImpl.java:687)
	at org.apache.hadoop.ozone.MiniOzoneClusterImpl$Builder.build(MiniOzoneClusterImpl.java:549)
	at org.apache.hadoop.ozone.recon.TestReconScmSnapshot.setup(TestReconScmSnapshot.java:64)
	at java.base/jdk.internal.reflect.NativeMethodAccessorImpl.invoke0(Native Method)
	at java.base/jdk.internal.reflect.NativeMethodAccessorImpl.invoke(NativeMethodAccessorImpl.java:77)
	at java.base/jdk.internal.reflect.DelegatingMethodAccessorImpl.invoke(DelegatingMethodAccessorImpl.java:43)
	at java.base/java.lang.reflect.Method.invoke(Method.java:569)
	at org.junit.platform.commons.util.ReflectionUtils.invokeMethod(ReflectionUtils.java:728)
	at org.junit.jupiter.engine.execution.MethodInvocation.proceed(MethodInvocation.java:60)
	at org.junit.jupiter.engine.execution.InvocationInterceptorChain$ValidatingInvocation.proceed(InvocationInterceptorChain.java:131)
	at org.junit.jupiter.engine.extension.TimeoutExtension.intercept(TimeoutExtension.java:156)
	at org.junit.jupiter.engine.extension.TimeoutExtension.interceptLifecycleMethod(TimeoutExtension.java:128)
	at org.junit.jupiter.engine.extension.TimeoutExtension.interceptBeforeEachMethod(TimeoutExtension.java:78)
	at org.junit.jupiter.engine.execution.InterceptingExecutableInvoker$ReflectiveInterceptorCall.lambda$ofVoidMethod$0(InterceptingExecutableInvoker.java:103)
	at org.junit.jupiter.engine.execution.InterceptingExecutableInvoker.lambda$invoke$0(InterceptingExecutableInvoker.java:93)
	at org.junit.jupiter.engine.execution.InvocationInterceptorChain$InterceptedInvocation.proceed(InvocationInterceptorChain.java:106)
	at org.junit.jupiter.engine.execution.InvocationInterceptorChain.proceed(InvocationInterceptorChain.java:64)
	at org.junit.jupiter.engine.execution.InvocationInterceptorChain.chainAndInvoke(InvocationInterceptorChain.java:45)
	at org.junit.jupiter.engine.execution.InvocationInterceptorChain.invoke(InvocationInterceptorChain.java:37)
	at org.junit.jupiter.engine.execution.InterceptingExecutableInvoker.invoke(InterceptingExecutableInvoker.java:92)
	at org.junit.jupiter.engine.execution.InterceptingExecutableInvoker.invoke(InterceptingExecutableInvoker.java:86)
	at org.junit.jupiter.engine.descriptor.ClassBasedTestDescriptor.invokeMethodInExtensionContext(ClassBasedTestDescriptor.java:521)
	at org.junit.jupiter.engine.descriptor.ClassBasedTestDescriptor.lambda$synthesizeBeforeEachMethodAdapter$23(ClassBasedTestDescriptor.java:506)
	at org.junit.jupiter.engine.descriptor.TestMethodTestDescriptor.lambda$invokeBeforeEachMethods$3(TestMethodTestDescriptor.java:175)
	at org.junit.jupiter.engine.descriptor.TestMethodTestDescriptor.lambda$invokeBeforeMethodsOrCallbacksUntilExceptionOccurs$6(TestMethodTestDescriptor.java:203)
	at org.junit.platform.engine.support.hierarchical.ThrowableCollector.execute(ThrowableCollector.java:73)
	at org.junit.jupiter.engine.descriptor.TestMethodTestDescriptor.invokeBeforeMethodsOrCallbacksUntilExceptionOccurs(TestMethodTestDescriptor.java:203)
	at org.junit.jupiter.engine.descriptor.TestMethodTestDescriptor.invokeBeforeEachMethods(TestMethodTestDescriptor.java:172)
	at org.junit.jupiter.engine.descriptor.TestMethodTestDescriptor.execute(TestMethodTestDescriptor.java:135)
	at org.junit.jupiter.engine.descriptor.TestMethodTestDescriptor.execute(TestMethodTestDescriptor.java:69)
	at org.junit.platform.engine.support.hierarchical.NodeTestTask.lambda$executeRecursively$6(NodeTestTask.java:151)
	at org.junit.platform.engine.support.hierarchical.ThrowableCollector.execute(ThrowableCollector.java:73)
	at org.junit.platform.engine.support.hierarchical.NodeTestTask.lambda$executeRecursively$8(NodeTestTask.java:141)
	at org.junit.platform.engine.support.hierarchical.Node.around(Node.java:137)
	at org.junit.platform.engine.support.hierarchical.NodeTestTask.lambda$executeRecursively$9(NodeTestTask.java:139)
	at org.junit.platform.engine.support.hierarchical.ThrowableCollector.execute(ThrowableCollector.java:73)
	at org.junit.platform.engine.support.hierarchical.NodeTestTask.executeRecursively(NodeTestTask.java:138)
	at org.junit.platform.engine.support.hierarchical.NodeTestTask.execute(NodeTestTask.java:95)
	at java.base/java.util.ArrayList.forEach(ArrayList.java:1511)
	at org.junit.platform.engine.support.hierarchical.SameThreadHierarchicalTestExecutorService.invokeAll(SameThreadHierarchicalTestExecutorService.java:41)
	at org.junit.platform.engine.support.hierarchical.NodeTestTask.lambda$executeRecursively$6(NodeTestTask.java:155)
	at org.junit.platform.engine.support.hierarchical.ThrowableCollector.execute(ThrowableCollector.java:73)
	at org.junit.platform.engine.support.hierarchical.NodeTestTask.lambda$executeRecursively$8(NodeTestTask.java:141)
	at org.junit.platform.engine.support.hierarchical.Node.around(Node.java:137)
	at org.junit.platform.engine.support.hierarchical.NodeTestTask.lambda$executeRecursively$9(NodeTestTask.java:139)
	at org.junit.platform.engine.support.hierarchical.ThrowableCollector.execute(ThrowableCollector.java:73)
	at org.junit.platform.engine.support.hierarchical.NodeTestTask.executeRecursively(NodeTestTask.java:138)
	at org.junit.platform.engine.support.hierarchical.NodeTestTask.execute(NodeTestTask.java:95)
	at java.base/java.util.ArrayList.forEach(ArrayList.java:1511)
	at org.junit.platform.engine.support.hierarchical.SameThreadHierarchicalTestExecutorService.invokeAll(SameThreadHierarchicalTestExecutorService.java:41)
	at org.junit.platform.engine.support.hierarchical.NodeTestTask.lambda$executeRecursively$6(NodeTestTask.java:155)
	at org.junit.platform.engine.support.hierarchical.ThrowableCollector.execute(ThrowableCollector.java:73)
	at org.junit.platform.engine.support.hierarchical.NodeTestTask.lambda$executeRecursively$8(NodeTestTask.java:141)
	at org.junit.platform.engine.support.hierarchical.Node.around(Node.java:137)
	at org.junit.platform.engine.support.hierarchical.NodeTestTask.lambda$executeRecursively$9(NodeTestTask.java:139)
	at org.junit.platform.engine.support.hierarchical.ThrowableCollector.execute(ThrowableCollector.java:73)
	at org.junit.platform.engine.support.hierarchical.NodeTestTask.executeRecursively(NodeTestTask.java:138)
	at org.junit.platform.engine.support.hierarchical.NodeTestTask.execute(NodeTestTask.java:95)
	at org.junit.platform.engine.support.hierarchical.SameThreadHierarchicalTestExecutorService.submit(SameThreadHierarchicalTestExecutorService.java:35)
	at org.junit.platform.engine.support.hierarchical.HierarchicalTestExecutor.execute(HierarchicalTestExecutor.java:57)
	at org.junit.platform.engine.support.hierarchical.HierarchicalTestEngine.execute(HierarchicalTestEngine.java:54)
	at org.junit.platform.launcher.core.EngineExecutionOrchestrator.execute(EngineExecutionOrchestrator.java:198)
	at org.junit.platform.launcher.core.EngineExecutionOrchestrator.execute(EngineExecutionOrchestrator.java:169)
	at org.junit.platform.launcher.core.EngineExecutionOrchestrator.execute(EngineExecutionOrchestrator.java:93)
	at org.junit.platform.launcher.core.EngineExecutionOrchestrator.lambda$execute$0(EngineExecutionOrchestrator.java:58)
	at org.junit.platform.launcher.core.EngineExecutionOrchestrator.withInterceptedStreams(EngineExecutionOrchestrator.java:141)
	at org.junit.platform.launcher.core.EngineExecutionOrchestrator.execute(EngineExecutionOrchestrator.java:57)
	at org.junit.platform.launcher.core.DefaultLauncher.execute(DefaultLauncher.java:103)
	at org.junit.platform.launcher.core.DefaultLauncher.execute(DefaultLauncher.java:85)
	at org.junit.platform.launcher.core.DelegatingLauncher.execute(DelegatingLauncher.java:47)
	at org.junit.platform.launcher.core.SessionPerRequestLauncher.execute(SessionPerRequestLauncher.java:63)
	at org.apache.maven.surefire.junitplatform.JUnitPlatformProvider.invokeAllTests(JUnitPlatformProvider.java:154)
	at org.apache.maven.surefire.junitplatform.JUnitPlatformProvider.invoke(JUnitPlatformProvider.java:123)
	at org.apache.maven.surefire.booter.ForkedBooter.runSuitesInProcess(ForkedBooter.java:377)
	at org.apache.maven.surefire.booter.ForkedBooter.execute(ForkedBooter.java:138)
	at org.apache.maven.surefire.booter.ForkedBooter.run(ForkedBooter.java:465)
	at org.apache.maven.surefire.booter.ForkedBooter.main(ForkedBooter.java:451)
2024-10-01 11:06:22,533 [main] INFO  om.OzoneManager (OzoneManager.java:addS3GVolumeToDB(4564)) - Created Volume s3v With Owner runner required for S3Gateway operations.
2024-10-01 11:06:22,589 [main] WARN  server.ServerUtils (ServerUtils.java:getDefaultRatisDirectory(311)) - Storage directory for Ratis is not configured. It is a good idea to map this to an SSD disk. Falling back to ozone.metadata.dirs
2024-10-01 11:06:22,589 [main] WARN  utils.OzoneManagerRatisUtils (OzoneManagerRatisUtils.java:getOMRatisSnapshotDirectory(484)) - ozone.om.ratis.snapshot.dir is not configured. Falling back to ozone.metadata.dirs config
2024-10-01 11:06:22,600 [main] WARN  server.ServerUtils (ServerUtils.java:getDefaultRatisDirectory(311)) - Storage directory for Ratis is not configured. It is a good idea to map this to an SSD disk. Falling back to ozone.metadata.dirs
2024-10-01 11:06:22,613 [main] INFO  server.RaftServerConfigKeys (ConfUtils.java:logGet(46)) - raft.server.log.appender.buffer.byte-limit = 4194304 (custom)
2024-10-01 11:06:22,621 [main] INFO  ratis.OzoneManagerRatisServer (OzoneManagerRatisServer.java:<init>(169)) - Instantiating OM Ratis server with groupID: omServiceIdDefault and peers: localhost:15007
2024-10-01 11:06:22,629 [main] INFO  ratis.OzoneManagerStateMachine (OzoneManagerStateMachine.java:loadSnapshotInfoFromDB(593)) - TransactionInfo not found in OM DB.
2024-10-01 11:06:22,673 [main] INFO  server.RaftServer (ConfUtils.java:logGet(46)) - raft.rpc.type = GRPC (default)
2024-10-01 11:06:22,678 [main] INFO  grpc.GrpcConfigKeys (ConfUtils.java:logFallback(53)) - raft.grpc.admin.host = null (fallback to raft.grpc.server.host)
2024-10-01 11:06:22,679 [main] INFO  grpc.GrpcConfigKeys (ConfUtils.java:logFallback(53)) - raft.grpc.admin.port = 15007 (fallback to raft.grpc.server.port)
2024-10-01 11:06:22,679 [main] INFO  grpc.GrpcConfigKeys (ConfUtils.java:logFallback(53)) - raft.grpc.client.host = null (fallback to raft.grpc.server.host)
2024-10-01 11:06:22,679 [main] INFO  grpc.GrpcConfigKeys (ConfUtils.java:logFallback(53)) - raft.grpc.client.port = 15007 (fallback to raft.grpc.server.port)
2024-10-01 11:06:22,680 [main] INFO  grpc.GrpcConfigKeys (ConfUtils.java:logGet(46)) - raft.grpc.server.host = null (default)
2024-10-01 11:06:22,680 [main] INFO  grpc.GrpcConfigKeys (ConfUtils.java:logGet(46)) - raft.grpc.server.port = 15007 (custom)
2024-10-01 11:06:22,680 [main] INFO  server.GrpcService (ConfUtils.java:logGet(46)) - raft.grpc.message.size.max = 5242880 (custom)
2024-10-01 11:06:22,680 [main] INFO  server.GrpcService (ConfUtils.java:logGet(46)) - raft.grpc.flow.control.window = 1MB (=1048576) (default)
2024-10-01 11:06:22,681 [main] INFO  server.RaftServerConfigKeys (ConfUtils.java:logGet(46)) - raft.server.rpc.request.timeout = 3000ms (default)
2024-10-01 11:06:22,687 [main] INFO  grpc.GrpcConfigKeys (ConfUtils.java:logGet(46)) - raft.grpc.server.heartbeat.channel = true (default)
2024-10-01 11:06:22,687 [main] INFO  server.RaftServerConfigKeys (ConfUtils.java:logGet(46)) - raft.server.log.appender.buffer.byte-limit = 4194304 (custom)
2024-10-01 11:06:22,689 [main] INFO  grpc.GrpcConfigKeys (ConfUtils.java:logGet(46)) - raft.grpc.server.async.request.thread.pool.cached = true (default)
2024-10-01 11:06:22,689 [main] INFO  grpc.GrpcConfigKeys (ConfUtils.java:logGet(46)) - raft.grpc.server.async.request.thread.pool.size = 32 (default)
2024-10-01 11:06:22,836 [main] INFO  impl.DataStreamServerImpl (ConfUtils.java:logGet(46)) - raft.datastream.type = DISABLED (default)
2024-10-01 11:06:22,838 [main] INFO  server.RaftServerConfigKeys (ConfUtils.java:logGet(46)) - raft.server.sleep.deviation.threshold = 300ms (default)
2024-10-01 11:06:22,838 [main] INFO  server.RaftServerConfigKeys (ConfUtils.java:logGet(46)) - raft.server.close.threshold = 60s (default)
2024-10-01 11:06:22,838 [main] INFO  server.RaftServerConfigKeys (ConfUtils.java:logGet(46)) - raft.server.leaderelection.leader.step-down.wait-time = 10s (default)
2024-10-01 11:06:22,839 [main] INFO  server.RaftServerConfigKeys (ConfUtils.java:logGet(46)) - raft.server.storage.dir = [/home/runner/work/ozone/ozone/hadoop-ozone/integration-test/target/test-dir/MiniOzoneClusterImpl-6f218983-f2ca-45a9-b903-464e6faef46a/ozone-meta/ratis] (custom)
2024-10-01 11:06:22,840 [main] INFO  server.RaftServerConfigKeys (ConfUtils.java:logGet(46)) - raft.server.threadpool.proxy.cached = true (default)
2024-10-01 11:06:22,841 [main] INFO  server.RaftServerConfigKeys (ConfUtils.java:logGet(46)) - raft.server.threadpool.proxy.size = 0 (default)
2024-10-01 11:06:22,847 [main] INFO  server.RaftServer (RaftServerProxy.java:addNew(100)) - om1: addNew group-C5BA1605619E:[om1|localhost:15007] returns group-C5BA1605619E:java.util.concurrent.CompletableFuture@736ded17[Not completed]
2024-10-01 11:06:22,848 [main] INFO  om.OzoneManager (OzoneManager.java:initializeRatisServer(2203)) - OzoneManager Ratis server initialized at port 15007
2024-10-01 11:06:22,850 [main] INFO  om.OzoneManager (OzoneManager.java:getRpcServer(1250)) - Creating RPC Server
2024-10-01 11:06:22,857 [om1-groupManagement] INFO  server.RaftServer$Division (RaftServerImpl.java:<init>(254)) - om1: new RaftServerImpl for group-C5BA1605619E:[om1|localhost:15007] with OzoneManagerStateMachine:uninitialized
2024-10-01 11:06:22,859 [om1-groupManagement] INFO  server.RaftServerConfigKeys (ConfUtils.java:logGet(46)) - raft.server.rpc.timeout.min = 1s (custom)
2024-10-01 11:06:22,860 [om1-groupManagement] INFO  server.RaftServerConfigKeys (ConfUtils.java:logGet(46)) - raft.server.rpc.timeout.max = 1200ms (custom)
2024-10-01 11:06:22,861 [om1-groupManagement] INFO  server.RaftServerConfigKeys (ConfUtils.java:logGet(46)) - raft.server.rpc.sleep.time = 25ms (default)
2024-10-01 11:06:22,861 [om1-groupManagement] INFO  server.RaftServerConfigKeys (ConfUtils.java:logGet(46)) - raft.server.rpc.slowness.timeout = 120s (custom)
2024-10-01 11:06:22,862 [om1-groupManagement] INFO  server.RaftServerConfigKeys (ConfUtils.java:logGet(46)) - raft.server.leaderelection.leader.step-down.wait-time = 10s (default)
2024-10-01 11:06:22,863 [om1-groupManagement] INFO  server.RaftServerConfigKeys (ConfUtils.java:logGet(46)) - raft.server.leaderelection.member.majority-add = false (default)
2024-10-01 11:06:22,863 [om1-groupManagement] INFO  server.RaftServerConfigKeys (ConfUtils.java:logGet(46)) - raft.server.sleep.deviation.threshold = 300ms (default)
2024-10-01 11:06:22,871 [om1-groupManagement] INFO  server.RaftServer$Division (ServerState.java:<init>(114)) - om1@group-C5BA1605619E: ConfigurationManager, init=conf: {index: -1, cur=peers:[om1|localhost:15007]|listeners:[], old=null}, confs=<EMPTY_MAP>
2024-10-01 11:06:22,878 [om1-groupManagement] INFO  server.RaftServerConfigKeys (ConfUtils.java:logGet(46)) - raft.server.notification.no-leader.timeout = 120s (custom)
2024-10-01 11:06:22,882 [om1-groupManagement] INFO  server.RaftServerConfigKeys (ConfUtils.java:logGet(46)) - raft.server.read.timeout = 10s (default)
2024-10-01 11:06:22,886 [om1-groupManagement] INFO  server.RaftServerConfigKeys (ConfUtils.java:logGet(46)) - raft.server.retrycache.expirytime = 300s (custom)
2024-10-01 11:06:22,887 [om1-groupManagement] INFO  server.RaftServerConfigKeys (ConfUtils.java:logGet(46)) - raft.server.retrycache.statistics.expirytime = 100ms (default)
2024-10-01 11:06:22,911 [om1-groupManagement] INFO  server.RaftServerConfigKeys (ConfUtils.java:logGet(46)) - raft.server.read.option = DEFAULT (default)
2024-10-01 11:06:22,912 [om1-groupManagement] INFO  server.RaftServerConfigKeys (ConfUtils.java:logGet(46)) - raft.server.read.read-after-write-consistent.write-index-cache.expiry-time = 60s (default)
2024-10-01 11:06:22,987 [om1-groupManagement] INFO  server.RaftServerConfigKeys (ConfUtils.java:logGet(46)) - raft.server.rpc.request.timeout = 3000ms (default)
2024-10-01 11:06:22,992 [om1-groupManagement] INFO  server.RaftServerConfigKeys (ConfUtils.java:logGet(46)) - raft.server.log.appender.install.snapshot.enabled = false (custom)
2024-10-01 11:06:22,993 [om1-groupManagement] INFO  server.RaftServerConfigKeys (ConfUtils.java:logGet(46)) - raft.server.threadpool.server.cached = true (default)
2024-10-01 11:06:22,994 [om1-groupManagement] INFO  server.RaftServerConfigKeys (ConfUtils.java:logGet(46)) - raft.server.threadpool.server.size = 0 (default)
2024-10-01 11:06:22,995 [om1-groupManagement] INFO  server.RaftServerConfigKeys (ConfUtils.java:logGet(46)) - raft.server.threadpool.client.cached = true (default)
2024-10-01 11:06:22,995 [om1-groupManagement] INFO  server.RaftServerConfigKeys (ConfUtils.java:logGet(46)) - raft.server.threadpool.client.size = 0 (default)
2024-10-01 11:06:23,657 [main] INFO  reflections.Reflections (Reflections.java:scan(219)) - Reflections took 767 ms to scan 20 urls, producing 59 keys and 7217 values
2024-10-01 11:06:23,848 [main] INFO  ipc.CallQueueManager (CallQueueManager.java:<init>(90)) - Using callQueue: class java.util.concurrent.LinkedBlockingQueue, queueCapacity: 2000, scheduler: class org.apache.hadoop.ipc.DefaultRpcScheduler, ipcBackoff: false.
2024-10-01 11:06:23,849 [main] INFO  ipc.Server (Server.java:<init>(1287)) - Listener at 127.0.0.1:15004
2024-10-01 11:06:23,849 [Socket Reader #1 for port 15004] INFO  ipc.Server (Server.java:run(1323)) - Starting Socket Reader #1 for port 15004
2024-10-01 11:06:23,850 [Socket Reader #2 for port 15004] INFO  ipc.Server (Server.java:run(1323)) - Starting Socket Reader #2 for port 15004
2024-10-01 11:06:23,850 [Socket Reader #3 for port 15004] INFO  ipc.Server (Server.java:run(1323)) - Starting Socket Reader #3 for port 15004
2024-10-01 11:06:23,851 [Socket Reader #5 for port 15004] INFO  ipc.Server (Server.java:run(1323)) - Starting Socket Reader #5 for port 15004
2024-10-01 11:06:23,851 [Socket Reader #4 for port 15004] INFO  ipc.Server (Server.java:run(1323)) - Starting Socket Reader #4 for port 15004
2024-10-01 11:06:23,852 [Socket Reader #6 for port 15004] INFO  ipc.Server (Server.java:run(1323)) - Starting Socket Reader #6 for port 15004
2024-10-01 11:06:23,853 [Socket Reader #7 for port 15004] INFO  ipc.Server (Server.java:run(1323)) - Starting Socket Reader #7 for port 15004
2024-10-01 11:06:23,853 [Socket Reader #8 for port 15004] INFO  ipc.Server (Server.java:run(1323)) - Starting Socket Reader #8 for port 15004
2024-10-01 11:06:23,854 [Socket Reader #9 for port 15004] INFO  ipc.Server (Server.java:run(1323)) - Starting Socket Reader #9 for port 15004
2024-10-01 11:06:23,855 [Socket Reader #10 for port 15004] INFO  ipc.Server (Server.java:run(1323)) - Starting Socket Reader #10 for port 15004
2024-10-01 11:06:23,881 [main] INFO  impl.MetricsSystemImpl (MetricsSystemImpl.java:init(158)) - OzoneManager metrics system started (again)
2024-10-01 11:06:23,891 [main] INFO  om.OzoneManager (OzoneManager.java:start(1678)) - OzoneManager RPC server is listening at localhost/127.0.0.1:15004
2024-10-01 11:06:23,892 [main] INFO  ratis.OzoneManagerRatisServer (OzoneManagerRatisServer.java:start(603)) - Starting OzoneManagerRatisServer om1 at port 15007
2024-10-01 11:06:23,894 [om1-impl-thread1] INFO  server.RaftServerConfigKeys (ConfUtils.java:logGet(46)) - raft.server.storage.free-space.min = 0MB (=0) (default)
2024-10-01 11:06:23,895 [om1-impl-thread1] INFO  server.RaftServerConfigKeys (ConfUtils.java:logGet(46)) - raft.server.log.corruption.policy = EXCEPTION (default)
2024-10-01 11:06:23,895 [om1-impl-thread1] INFO  server.RaftServerConfigKeys (ConfUtils.java:logGet(46)) - raft.server.storage.dir = [/home/runner/work/ozone/ozone/hadoop-ozone/integration-test/target/test-dir/MiniOzoneClusterImpl-6f218983-f2ca-45a9-b903-464e6faef46a/ozone-meta/ratis] (custom)
2024-10-01 11:06:23,901 [om1-impl-thread1] INFO  storage.RaftStorageDirectory (RaftStorageDirectoryImpl.java:analyzeStorage(138)) - The storage directory /home/runner/work/ozone/ozone/hadoop-ozone/integration-test/target/test-dir/MiniOzoneClusterImpl-6f218983-f2ca-45a9-b903-464e6faef46a/ozone-meta/ratis/bf265839-605b-3f16-9796-c5ba1605619e does not exist. Creating ...
2024-10-01 11:06:23,904 [om1-impl-thread1] INFO  storage.RaftStorageDirectory (RaftStorageDirectoryImpl.java:tryLock(229)) - Lock on /home/runner/work/ozone/ozone/hadoop-ozone/integration-test/target/test-dir/MiniOzoneClusterImpl-6f218983-f2ca-45a9-b903-464e6faef46a/ozone-meta/ratis/bf265839-605b-3f16-9796-c5ba1605619e/in_use.lock acquired by nodename 95224@fv-az1244-121
2024-10-01 11:06:23,909 [om1-impl-thread1] INFO  storage.RaftStorage (RaftStorageImpl.java:format(98)) - Storage directory /home/runner/work/ozone/ozone/hadoop-ozone/integration-test/target/test-dir/MiniOzoneClusterImpl-6f218983-f2ca-45a9-b903-464e6faef46a/ozone-meta/ratis/bf265839-605b-3f16-9796-c5ba1605619e has been successfully formatted.
2024-10-01 11:06:23,911 [om1-impl-thread1] INFO  server.RaftServerConfigKeys (ConfUtils.java:logGet(46)) - raft.server.log.use.memory = false (default)
2024-10-01 11:06:23,918 [om1-impl-thread1] INFO  server.RaftServerConfigKeys (ConfUtils.java:logGet(46)) - raft.server.log.purge.gap = 1000000 (custom)
2024-10-01 11:06:23,918 [om1-impl-thread1] INFO  server.RaftServerConfigKeys (ConfUtils.java:logGet(46)) - raft.server.log.appender.buffer.byte-limit = 4194304 (custom)
2024-10-01 11:06:23,919 [om1-impl-thread1] INFO  server.RaftServerConfigKeys (ConfUtils.java:logGet(46)) - raft.server.log.statemachine.data.read.timeout = 1000ms (default)
2024-10-01 11:06:23,920 [om1-impl-thread1] INFO  server.RaftServerConfigKeys (ConfUtils.java:logGet(46)) - raft.server.log.purge.preservation.log.num = 0 (default)
2024-10-01 11:06:23,925 [om1-impl-thread1] INFO  server.RaftServerConfigKeys (ConfUtils.java:logGet(46)) - raft.server.log.segment.size.max = 4194304 (custom)
2024-10-01 11:06:23,929 [om1-impl-thread1] INFO  server.RaftServerConfigKeys (ConfUtils.java:logGet(46)) - raft.server.log.segment.cache.num.max = 2 (custom)
2024-10-01 11:06:23,930 [om1-impl-thread1] INFO  server.RaftServerConfigKeys (ConfUtils.java:logGet(46)) - raft.server.log.segment.cache.size.max = 200MB (=209715200) (default)
2024-10-01 11:06:23,930 [om1-impl-thread1] INFO  server.RaftServerConfigKeys (ConfUtils.java:logGet(46)) - raft.server.log.appender.buffer.byte-limit = 4194304 (custom)
2024-10-01 11:06:23,931 [om1-impl-thread1] INFO  util.AwaitToRun (AwaitToRun.java:start(81)) - Thread[om1@group-C5BA1605619E-cacheEviction-AwaitToRun,5,main] started
2024-10-01 11:06:23,935 [om1-impl-thread1] INFO  segmented.SegmentedRaftLogWorker (SegmentedRaftLogWorker.java:<init>(187)) - new om1@group-C5BA1605619E-SegmentedRaftLogWorker for RaftStorageImpl:Storage Directory /home/runner/work/ozone/ozone/hadoop-ozone/integration-test/target/test-dir/MiniOzoneClusterImpl-6f218983-f2ca-45a9-b903-464e6faef46a/ozone-meta/ratis/bf265839-605b-3f16-9796-c5ba1605619e
2024-10-01 11:06:23,936 [om1-impl-thread1] INFO  server.RaftServerConfigKeys (ConfUtils.java:logGet(46)) - raft.server.log.queue.byte-limit = 64MB (=67108864) (default)
2024-10-01 11:06:23,936 [om1-impl-thread1] INFO  server.RaftServerConfigKeys (ConfUtils.java:logGet(46)) - raft.server.log.queue.element-limit = 4096 (default)
2024-10-01 11:06:23,937 [om1-impl-thread1] INFO  server.RaftServerConfigKeys (ConfUtils.java:logGet(46)) - raft.server.log.segment.size.max = 4194304 (custom)
2024-10-01 11:06:23,937 [om1-impl-thread1] INFO  server.RaftServerConfigKeys (ConfUtils.java:logGet(46)) - raft.server.log.preallocated.size = 4194304 (custom)
2024-10-01 11:06:23,938 [om1-impl-thread1] INFO  server.RaftServerConfigKeys (ConfUtils.java:logGet(46)) - raft.server.log.force.sync.num = 128 (default)
2024-10-01 11:06:23,938 [om1-impl-thread1] INFO  server.RaftServerConfigKeys (ConfUtils.java:logGet(46)) - raft.server.log.statemachine.data.sync = true (default)
2024-10-01 11:06:23,938 [om1-impl-thread1] INFO  server.RaftServerConfigKeys (ConfUtils.java:logGet(46)) - raft.server.log.statemachine.data.sync.timeout = 10s (default)
2024-10-01 11:06:23,939 [om1-impl-thread1] INFO  server.RaftServerConfigKeys (ConfUtils.java:logGet(46)) - raft.server.log.statemachine.data.sync.timeout.retry = -1 (default)
2024-10-01 11:06:23,940 [om1-impl-thread1] INFO  server.RaftServerConfigKeys (ConfUtils.java:logGet(46)) - raft.server.log.write.buffer.size = 4194312 (custom)
2024-10-01 11:06:23,941 [om1-impl-thread1] INFO  server.RaftServerConfigKeys (ConfUtils.java:logGet(46)) - raft.server.log.appender.buffer.byte-limit = 4194304 (custom)
2024-10-01 11:06:23,941 [om1-impl-thread1] INFO  server.RaftServerConfigKeys (ConfUtils.java:logGet(46)) - raft.server.log.unsafe-flush.enabled = false (default)
2024-10-01 11:06:23,941 [om1-impl-thread1] INFO  server.RaftServerConfigKeys (ConfUtils.java:logGet(46)) - raft.server.log.async-flush.enabled = false (default)
2024-10-01 11:06:23,941 [om1-impl-thread1] INFO  server.RaftServerConfigKeys (ConfUtils.java:logGet(46)) - raft.server.log.statemachine.data.caching.enabled = false (default)
2024-10-01 11:06:23,947 [om1-impl-thread1] INFO  segmented.SegmentedRaftLogWorker (SegmentedRaftLogWorker.java:lambda$new$0(138)) - om1@group-C5BA1605619E-SegmentedRaftLogWorker: flushIndex: setUnconditionally 0 -> -1
2024-10-01 11:06:23,947 [om1-impl-thread1] INFO  segmented.SegmentedRaftLogWorker (SegmentedRaftLogWorker.java:lambda$new$0(138)) - om1@group-C5BA1605619E-SegmentedRaftLogWorker: safeCacheEvictIndex: setUnconditionally 0 -> -1
2024-10-01 11:06:23,949 [om1-impl-thread1] INFO  server.RaftServer$Division (RaftServerImpl.java:start(390)) - om1@group-C5BA1605619E: start as a follower, conf=conf: {index: -1, cur=peers:[om1|localhost:15007]|listeners:[], old=null}
2024-10-01 11:06:23,949 [om1-impl-thread1] INFO  server.RaftServer$Division (RaftServerImpl.java:setRole(377)) - om1@group-C5BA1605619E: changes role from      null to FOLLOWER at term 0 for startAsFollower
2024-10-01 11:06:23,950 [om1-impl-thread1] INFO  impl.RoleInfo (RoleInfo.java:updateAndGet(148)) - om1: start om1@group-C5BA1605619E-FollowerState
2024-10-01 11:06:23,952 [om1-impl-thread1] INFO  util.JmxRegister (JmxRegister.java:tryRegister(44)) - Successfully registered JMX Bean with object name Ratis:service=RaftServer,group=group-C5BA1605619E,id=om1
2024-10-01 11:06:23,952 [om1-impl-thread1] INFO  util.JmxRegister (JmxRegister.java:register(58)) - register mxBean class org.apache.ratis.server.impl.RaftServerJmxAdapter as Ratis:service=RaftServer,group=group-C5BA1605619E,id=om1
2024-10-01 11:06:23,954 [om1-impl-thread1] INFO  server.RaftServerConfigKeys (ConfUtils.java:logGet(46)) - raft.server.snapshot.trigger-when-stop.enabled = true (default)
2024-10-01 11:06:23,954 [om1-impl-thread1] INFO  server.RaftServerConfigKeys (ConfUtils.java:logGet(46)) - raft.server.snapshot.trigger-when-remove.enabled = true (default)
2024-10-01 11:06:23,955 [om1@group-C5BA1605619E-FollowerState] INFO  server.RaftServerConfigKeys (ConfUtils.java:logFallback(53)) - raft.server.rpc.first-election.timeout.min = 1s (fallback to raft.server.rpc.timeout.min)
2024-10-01 11:06:23,955 [om1-impl-thread1] INFO  server.RaftServerConfigKeys (ConfUtils.java:logGet(46)) - raft.server.snapshot.auto.trigger.enabled = true (custom)
2024-10-01 11:06:23,955 [om1-impl-thread1] INFO  server.RaftServerConfigKeys (ConfUtils.java:logGet(46)) - raft.server.snapshot.auto.trigger.threshold = 400000 (default)
2024-10-01 11:06:23,955 [om1@group-C5BA1605619E-FollowerState] INFO  server.RaftServerConfigKeys (ConfUtils.java:logFallback(53)) - raft.server.rpc.first-election.timeout.max = 1200ms (fallback to raft.server.rpc.timeout.max)
2024-10-01 11:06:23,956 [om1-impl-thread1] INFO  server.RaftServerConfigKeys (ConfUtils.java:logGet(46)) - raft.server.snapshot.retention.file.num = -1 (default)
2024-10-01 11:06:23,957 [om1-impl-thread1] INFO  server.RaftServerConfigKeys (ConfUtils.java:logGet(46)) - raft.server.log.purge.upto.snapshot.index = true (custom)
2024-10-01 11:06:23,961 [main] INFO  server.RaftServer (RaftServerProxy.java:startImpl(407)) - om1: start RPC server
2024-10-01 11:06:23,995 [main] INFO  server.GrpcService (GrpcService.java:startImpl(334)) - om1: GrpcService started, listening on 15007
2024-10-01 11:06:23,999 [JvmPauseMonitor1] INFO  util.JvmPauseMonitor (JvmPauseMonitor.java:run(146)) - JvmPauseMonitor-om1: Started
2024-10-01 11:06:24,000 [main] INFO  om.OzoneManager (OzoneManager.java:start(1693)) - Version File has different layout version (7) than OM DB (null). That is expected if this OM has never been finalized to a newer layout version.
2024-10-01 11:06:24,019 [main] INFO  client.ScmTopologyClient (ScmTopologyClient.java:start(72)) - Initial network topology fetched from SCM: /.
2024-10-01 11:06:24,019 [main] INFO  net.NodeSchemaLoader (NodeSchemaLoader.java:loadSchemaFromFile(129)) - Loading schema from [jar:file:/home/runner/work/ozone/ozone/hadoop-hdds/common/target/hdds-common-1.5.0-SNAPSHOT.jar!/network-topology-default.xml]
2024-10-01 11:06:24,020 [main] INFO  net.NodeSchemaLoader (NodeSchemaLoader.java:loadSchema(176)) - Loading network topology layer schema file
2024-10-01 11:06:24,046 [main] INFO  http.BaseHttpServer (BaseHttpServer.java:newHttpServer2BuilderForOzone(223)) - Starting Web-server for ozoneManager at: http://0.0.0.0:15005
2024-10-01 11:06:24,046 [main] INFO  http.BaseHttpServer (BaseHttpServer.java:<init>(110)) - Hadoop Security Enabled: false Ozone Security Enabled: false Ozone HTTP Security Enabled: false 
2024-10-01 11:06:24,048 [main] WARN  server.AuthenticationFilter (AuthenticationFilter.java:constructSecretProvider(240)) - Unable to initialize FileSignerSecretProvider, falling back to use random secrets. Reason: Could not read signature secret file: /home/runner/hadoop-http-auth-signature-secret
2024-10-01 11:06:24,053 [main] INFO  http.HttpRequestLog (HttpRequestLog.java:getRequestLog(86)) - Http request log for http.requests.ozoneManager is not defined
2024-10-01 11:06:24,055 [main] INFO  http.HttpServer2 (HttpServer2.java:addGlobalFilter(1035)) - Added global filter 'safety' (class=org.apache.hadoop.hdds.server.http.HttpServer2$QuotingInputFilter)
2024-10-01 11:06:24,056 [main] INFO  http.HttpServer2 (HttpServer2.java:addFilter(1011)) - Added filter static_user_filter (class=org.apache.hadoop.http.lib.StaticUserWebFilter$StaticUserFilter) to context ozoneManager
2024-10-01 11:06:24,056 [main] INFO  http.HttpServer2 (HttpServer2.java:addFilter(1019)) - Added filter static_user_filter (class=org.apache.hadoop.http.lib.StaticUserWebFilter$StaticUserFilter) to context logs
2024-10-01 11:06:24,057 [main] INFO  http.HttpServer2 (HttpServer2.java:addFilter(1019)) - Added filter static_user_filter (class=org.apache.hadoop.http.lib.StaticUserWebFilter$StaticUserFilter) to context static
2024-10-01 11:06:24,058 [main] INFO  http.BaseHttpServer (BaseHttpServer.java:<init>(189)) - HTTP server of ozoneManager uses base directory /home/runner/work/ozone/ozone/hadoop-ozone/integration-test/target/test-dir/MiniOzoneClusterImpl-6f218983-f2ca-45a9-b903-464e6faef46a/ozone-meta/webserver
2024-10-01 11:06:24,061 [main] INFO  http.HttpServer2 (HttpServer2.java:bindListener(1235)) - Jetty bound to port 15005
2024-10-01 11:06:24,062 [main] INFO  server.Server (Server.java:doStart(375)) - jetty-9.4.56.v20240826; built: 2024-08-26T17:15:05.868Z; git: ec6782ff5ead824dabdcf47fa98f90a4aedff401; jvm 17.0.12+7
2024-10-01 11:06:24,066 [main] INFO  server.session (DefaultSessionIdManager.java:doStart(334)) - DefaultSessionIdManager workerName=node0
2024-10-01 11:06:24,066 [main] INFO  server.session (DefaultSessionIdManager.java:doStart(339)) - No SessionScavenger set, using defaults
2024-10-01 11:06:24,066 [main] INFO  server.session (HouseKeeper.java:startScavenging(132)) - node0 Scavenging every 660000ms
2024-10-01 11:06:24,067 [main] INFO  handler.ContextHandler (ContextHandler.java:doStart(921)) - Started o.e.j.s.ServletContextHandler@5163ba42{logs,/logs,file:///home/runner/work/ozone/ozone/hadoop-ozone/integration-test/target/log,AVAILABLE}
2024-10-01 11:06:24,068 [main] INFO  handler.ContextHandler (ContextHandler.java:doStart(921)) - Started o.e.j.s.ServletContextHandler@7cff8996{static,/static,file:///home/runner/work/ozone/ozone/hadoop-ozone/integration-test/target/test-classes/webapps/static,AVAILABLE}
2024-10-01 11:06:24,085 [main] INFO  handler.ContextHandler (ContextHandler.java:doStart(921)) - Started o.e.j.w.WebAppContext@6840f38e{ozoneManager,/,file:///home/runner/work/ozone/ozone/hadoop-ozone/integration-test/target/test-classes/webapps/ozoneManager/,AVAILABLE}{file:/home/runner/work/ozone/ozone/hadoop-ozone/integration-test/target/test-classes/webapps/ozoneManager}
2024-10-01 11:06:24,087 [main] INFO  server.AbstractConnector (AbstractConnector.java:doStart(333)) - Started ServerConnector@3ce3b8d3{HTTP/1.1, (http/1.1)}{0.0.0.0:15005}
2024-10-01 11:06:24,087 [main] INFO  server.Server (Server.java:doStart(415)) - Started @6702ms
2024-10-01 11:06:24,088 [main] WARN  impl.MetricsSystemImpl (MetricsSystemImpl.java:register(279)) - Sink prometheus already exists!
2024-10-01 11:06:24,089 [main] INFO  http.BaseHttpServer (BaseHttpServer.java:updateConnectorAddress(354)) - HTTP server of ozoneManager listening at http://0.0.0.0:15005
2024-10-01 11:06:24,090 [IPC Server Responder] INFO  ipc.Server (Server.java:run(1562)) - IPC Server Responder: starting
2024-10-01 11:06:24,091 [IPC Server listener on 15004] INFO  ipc.Server (Server.java:run(1402)) - IPC Server listener on 15004: starting
2024-10-01 11:06:24,094 [main] INFO  om.OzoneManager (OzoneManager.java:startTrashEmptier(2156)) - Trash Interval set to 0. Files deleted won't move to trash
2024-10-01 11:06:24,170 [main] INFO  db.CodecBuffer (CodecBuffer.java:set(63)) - Successfully set constructor to org.apache.hadoop.hdds.utils.db.CodecBuffer$$Lambda$1204/0x00007f703076ce00@1607b56b
2024-10-01 11:06:24,978 [om1@group-C5BA1605619E-FollowerState] INFO  impl.FollowerState (FollowerState.java:run(144)) - om1@group-C5BA1605619E-FollowerState: change to CANDIDATE, lastRpcElapsedTime:1028163886ns, electionTimeout:1019ms
2024-10-01 11:06:24,979 [om1@group-C5BA1605619E-FollowerState] INFO  impl.RoleInfo (RoleInfo.java:shutdownFollowerState(119)) - om1: shutdown om1@group-C5BA1605619E-FollowerState
2024-10-01 11:06:24,979 [om1@group-C5BA1605619E-FollowerState] INFO  server.RaftServer$Division (RaftServerImpl.java:setRole(377)) - om1@group-C5BA1605619E: changes role from  FOLLOWER to CANDIDATE at term 0 for changeToCandidate
2024-10-01 11:06:24,983 [om1@group-C5BA1605619E-FollowerState] INFO  server.RaftServerConfigKeys (ConfUtils.java:logGet(46)) - raft.server.leaderelection.pre-vote = true (default)
2024-10-01 11:06:24,984 [om1@group-C5BA1605619E-FollowerState] INFO  impl.RoleInfo (RoleInfo.java:updateAndGet(148)) - om1: start om1@group-C5BA1605619E-LeaderElection1
2024-10-01 11:06:24,995 [om1@group-C5BA1605619E-LeaderElection1] INFO  impl.LeaderElection (LeaderElection.java:askForVotes(325)) - om1@group-C5BA1605619E-LeaderElection1 PRE_VOTE round 0: submit vote requests at term 0 for conf: {index: -1, cur=peers:[om1|localhost:15007]|listeners:[], old=null}
2024-10-01 11:06:24,999 [om1@group-C5BA1605619E-LeaderElection1] INFO  impl.LeaderElection (LeaderElection.java:askForVotes(327)) - om1@group-C5BA1605619E-LeaderElection1 PRE_VOTE round 0: result PASSED (term=0)
2024-10-01 11:06:25,004 [om1@group-C5BA1605619E-LeaderElection1] INFO  impl.LeaderElection (LeaderElection.java:askForVotes(325)) - om1@group-C5BA1605619E-LeaderElection1 ELECTION round 0: submit vote requests at term 1 for conf: {index: -1, cur=peers:[om1|localhost:15007]|listeners:[], old=null}
2024-10-01 11:06:25,004 [om1@group-C5BA1605619E-LeaderElection1] INFO  impl.LeaderElection (LeaderElection.java:askForVotes(327)) - om1@group-C5BA1605619E-LeaderElection1 ELECTION round 0: result PASSED (term=1)
2024-10-01 11:06:25,004 [om1@group-C5BA1605619E-LeaderElection1] INFO  impl.RoleInfo (RoleInfo.java:shutdownLeaderElection(139)) - om1: shutdown om1@group-C5BA1605619E-LeaderElection1
2024-10-01 11:06:25,005 [om1@group-C5BA1605619E-LeaderElection1] INFO  server.RaftServer$Division (RaftServerImpl.java:setRole(377)) - om1@group-C5BA1605619E: changes role from CANDIDATE to LEADER at term 1 for changeToLeader
2024-10-01 11:06:25,021 [om1@group-C5BA1605619E-LeaderElection1] INFO  server.RaftServerConfigKeys (ConfUtils.java:logGet(46)) - raft.server.staging.catchup.gap = 1000 (default)
2024-10-01 11:06:25,035 [om1@group-C5BA1605619E-LeaderElection1] INFO  server.RaftServerConfigKeys (ConfUtils.java:logGet(46)) - raft.server.write.element-limit = 4096 (default)
2024-10-01 11:06:25,038 [om1@group-C5BA1605619E-LeaderElection1] INFO  server.RaftServerConfigKeys (ConfUtils.java:logGet(46)) - raft.server.write.byte-limit = 64MB (=67108864) (default)
2024-10-01 11:06:25,045 [om1@group-C5BA1605619E-LeaderElection1] INFO  server.RaftServerConfigKeys (ConfUtils.java:logGet(46)) - raft.server.watch.timeout = 10s (default)
2024-10-01 11:06:25,045 [om1@group-C5BA1605619E-LeaderElection1] INFO  server.RaftServerConfigKeys (ConfUtils.java:logGet(46)) - raft.server.watch.timeout.denomination = 1s (default)
2024-10-01 11:06:25,047 [om1@group-C5BA1605619E-LeaderElection1] INFO  server.RaftServerConfigKeys (ConfUtils.java:logGet(46)) - raft.server.watch.element-limit = 65536 (default)
2024-10-01 11:06:25,060 [om1@group-C5BA1605619E-LeaderElection1] INFO  server.RaftServerConfigKeys (ConfUtils.java:logGet(46)) - raft.server.read.leader.lease.enabled = false (default)
2024-10-01 11:06:25,063 [om1@group-C5BA1605619E-LeaderElection1] INFO  server.RaftServerConfigKeys (ConfUtils.java:logGet(46)) - raft.server.read.leader.lease.timeout.ratio = 0.9 (default)
2024-10-01 11:06:25,064 [om1@group-C5BA1605619E-LeaderElection1] INFO  server.RaftServerConfigKeys (ConfUtils.java:logGet(46)) - raft.server.rpc.timeout.min = 1s (custom)
2024-10-01 11:06:25,065 [om1@group-C5BA1605619E-LeaderElection1] INFO  server.RaftServerConfigKeys (ConfUtils.java:logGet(46)) - raft.server.log.log-metadata.enabled = true (default)
2024-10-01 11:06:25,065 [om1@group-C5BA1605619E-LeaderElection1] INFO  server.RaftServerConfigKeys (ConfUtils.java:logGet(46)) - raft.server.write.element-limit = 4096 (default)
2024-10-01 11:06:25,066 [om1@group-C5BA1605619E-LeaderElection1] INFO  server.RaftServerConfigKeys (ConfUtils.java:logGet(46)) - raft.server.write.follower.gap.ratio.max = -1.0 (default)
2024-10-01 11:06:25,070 [om1@group-C5BA1605619E-LeaderElection1] INFO  impl.RoleInfo (RoleInfo.java:updateAndGet(148)) - om1: start om1@group-C5BA1605619E-LeaderStateImpl
2024-10-01 11:06:25,070 [om1@group-C5BA1605619E-LeaderElection1] INFO  server.RaftServer$Division (RaftServerImpl.java:setFirstElection(558)) - om1@group-C5BA1605619E: set firstElectionSinceStartup to false for becomeLeader
2024-10-01 11:06:25,078 [om1@group-C5BA1605619E-LeaderElection1] INFO  server.RaftServer$Division (ServerState.java:setLeader(272)) - om1@group-C5BA1605619E: change Leader from null to om1 at term 1 for becomeLeader, leader elected after 2192ms
2024-10-01 11:06:25,112 [om1@group-C5BA1605619E-LeaderElection1] INFO  segmented.SegmentedRaftLogWorker (SegmentedRaftLogWorker.java:startLogSegment(437)) - om1@group-C5BA1605619E-SegmentedRaftLogWorker: Starting segment from index:0
2024-10-01 11:06:25,160 [om1@group-C5BA1605619E-LeaderElection1] INFO  server.RaftServer$Division (ServerState.java:setRaftConf(386)) - om1@group-C5BA1605619E: set configuration conf: {index: 0, cur=peers:[om1|localhost:15007]|listeners:[], old=null}
2024-10-01 11:06:25,314 [om1@group-C5BA1605619E-SegmentedRaftLogWorker] INFO  segmented.BufferedWriteChannel (BufferedWriteChannel.java:open(61)) - open log_inprogress_0 at position 0
2024-10-01 11:06:25,334 [om1@group-C5BA1605619E-SegmentedRaftLogWorker] INFO  segmented.SegmentedRaftLogWorker (SegmentedRaftLogWorker.java:execute(641)) - om1@group-C5BA1605619E-SegmentedRaftLogWorker: created new log segment /home/runner/work/ozone/ozone/hadoop-ozone/integration-test/target/test-dir/MiniOzoneClusterImpl-6f218983-f2ca-45a9-b903-464e6faef46a/ozone-meta/ratis/bf265839-605b-3f16-9796-c5ba1605619e/current/log_inprogress_0
2024-10-01 11:06:25,460 [main] INFO  recon.ReconServer (HddsServerUtil.java:startupShutdownMessage(695)) - STARTUP_MSG: 
/************************************************************
STARTUP_MSG: Starting ReconServer
STARTUP_MSG:   host = fv-az1244-121/10.1.0.35
STARTUP_MSG:   args = []
STARTUP_MSG:   version = 1.5.0-SNAPSHOT
STARTUP_MSG:   classpath = /home/runner/work/ozone/ozone/hadoop-ozone/integration-test/target/test-classes:/home/runner/work/ozone/ozone/hadoop-ozone/integration-test/target/classes:/home/runner/work/ozone/ozone/hadoop-ozone/common/target/ozone-common-1.5.0-SNAPSHOT.jar:/home/runner/.m2/repository/io/grpc/grpc-netty/1.58.0/grpc-netty-1.58.0.jar:/home/runner/.m2/repository/io/grpc/grpc-core/1.58.0/grpc-core-1.58.0.jar:/home/runner/.m2/repository/com/google/android/annotations/4.1.1.4/annotations-4.1.1.4.jar:/home/runner/.m2/repository/org/codehaus/mojo/animal-sniffer-annotations/1.23/animal-sniffer-annotations-1.23.jar:/home/runner/.m2/repository/io/grpc/grpc-context/1.58.0/grpc-context-1.58.0.jar:/home/runner/.m2/repository/io/grpc/grpc-util/1.58.0/grpc-util-1.58.0.jar:/home/runner/.m2/repository/com/google/errorprone/error_prone_annotations/2.29.2/error_prone_annotations-2.29.2.jar:/home/runner/.m2/repository/io/perfmark/perfmark-api/0.26.0/perfmark-api-0.26.0.jar:/home/runner/.m2/repository/io/netty/netty-codec-http2/4.1.109.Final/netty-codec-http2-4.1.109.Final.jar:/home/runner/.m2/repository/io/netty/netty-codec-http/4.1.109.Final/netty-codec-http-4.1.109.Final.jar:/home/runner/.m2/repository/io/netty/netty-handler-proxy/4.1.109.Final/netty-handler-proxy-4.1.109.Final.jar:/home/runner/.m2/repository/io/netty/netty-codec-socks/4.1.109.Final/netty-codec-socks-4.1.109.Final.jar:/home/runner/.m2/repository/io/netty/netty-tcnative-boringssl-static/2.0.65.Final/netty-tcnative-boringssl-static-2.0.65.Final.jar:/home/runner/.m2/repository/io/netty/netty-tcnative-classes/2.0.65.Final/netty-tcnative-classes-2.0.65.Final.jar:/home/runner/.m2/repository/io/netty/netty-tcnative-boringssl-static/2.0.65.Final/netty-tcnative-boringssl-static-2.0.65.Final-linux-x86_64.jar:/home/runner/.m2/repository/io/netty/netty-tcnative-boringssl-static/2.0.65.Final/netty-tcnative-boringssl-static-2.0.65.Final-linux-aarch_64.jar:/home/runner/.m2/repository/io/netty/netty-tcnative-boringssl-static/2.0.65.Final/netty-tcnative-boringssl-static-2.0.65.Final-osx-x86_64.jar:/home/runner/.m2/repository/io/netty/netty-tcnative-boringssl-static/2.0.65.Final/netty-tcnative-boringssl-static-2.0.65.Final-osx-aarch_64.jar:/home/runner/.m2/repository/io/netty/netty-tcnative-boringssl-static/2.0.65.Final/netty-tcnative-boringssl-static-2.0.65.Final-windows-x86_64.jar:/home/runner/.m2/repository/org/apache/commons/commons-compress/1.27.1/commons-compress-1.27.1.jar:/home/runner/work/ozone/ozone/hadoop-hdds/common/target/hdds-common-1.5.0-SNAPSHOT.jar:/home/runner/work/ozone/ozone/hadoop-hdds/client/target/hdds-client-1.5.0-SNAPSHOT.jar:/home/runner/work/ozone/ozone/hadoop-hdds/config/target/hdds-config-1.5.0-SNAPSHOT.jar:/home/runner/work/ozone/ozone/hadoop-hdds/interface-client/target/hdds-interface-client-1.5.0-SNAPSHOT.jar:/home/runner/.m2/repository/org/apache/hadoop/thirdparty/hadoop-shaded-protobuf_3_7/1.1.1/hadoop-shaded-protobuf_3_7-1.1.1.jar:/home/runner/work/ozone/ozone/hadoop-ozone/interface-client/target/ozone-interface-client-1.5.0-SNAPSHOT.jar:/home/runner/.m2/repository/org/apache/hadoop/hadoop-hdfs-client/3.3.6/hadoop-hdfs-client-3.3.6.jar:/home/runner/.m2/repository/com/squareup/okhttp3/okhttp/4.12.0/okhttp-4.12.0.jar:/home/runner/.m2/repository/com/squareup/okio/okio/3.6.0/okio-3.6.0.jar:/home/runner/.m2/repository/com/squareup/okio/okio-jvm/3.6.0/okio-jvm-3.6.0.jar:/home/runner/.m2/repository/org/jetbrains/kotlin/kotlin-stdlib-jdk8/1.9.25/kotlin-stdlib-jdk8-1.9.25.jar:/home/runner/.m2/repository/org/jetbrains/kotlin/kotlin-stdlib-jdk7/1.9.25/kotlin-stdlib-jdk7-1.9.25.jar:/home/runner/.m2/repository/org/jetbrains/kotlin/kotlin-stdlib-common/1.9.25/kotlin-stdlib-common-1.9.25.jar:/home/runner/.m2/repository/org/apache/httpcomponents/httpclient/4.5.14/httpclient-4.5.14.jar:/home/runner/.m2/repository/org/apache/httpcomponents/httpcore/4.4.16/httpcore-4.4.16.jar:/home/runner/.m2/repository/org/apache/ratis/ratis-common/3.1.1/ratis-common-3.1.1.jar:/home/runner/.m2/repository/org/apache/ratis/ratis-proto/3.1.1/ratis-proto-3.1.1.jar:/home/runner/.m2/repository/org/apache/ratis/ratis-thirdparty-misc/1.0.6/ratis-thirdparty-misc-1.0.6.jar:/home/runner/.m2/repository/org/slf4j/slf4j-api/2.0.16/slf4j-api-2.0.16.jar:/home/runner/.m2/repository/com/fasterxml/jackson/core/jackson-annotations/2.16.2/jackson-annotations-2.16.2.jar:/home/runner/.m2/repository/com/fasterxml/jackson/core/jackson-databind/2.16.2/jackson-databind-2.16.2.jar:/home/runner/.m2/repository/com/github/stephenc/jcip/jcip-annotations/1.0-1/jcip-annotations-1.0-1.jar:/home/runner/.m2/repository/com/google/guava/guava/32.1.3-jre/guava-32.1.3-jre.jar:/home/runner/.m2/repository/com/google/guava/failureaccess/1.0.1/failureaccess-1.0.1.jar:/home/runner/.m2/repository/com/google/guava/listenablefuture/9999.0-empty-to-avoid-conflict-with-guava/listenablefuture-9999.0-empty-to-avoid-conflict-with-guava.jar:/home/runner/.m2/repository/org/checkerframework/checker-qual/3.37.0/checker-qual-3.37.0.jar:/home/runner/.m2/repository/com/google/j2objc/j2objc-annotations/2.8/j2objc-annotations-2.8.jar:/home/runner/.m2/repository/com/google/protobuf/protobuf-java/2.5.0/protobuf-java-2.5.0.jar:/home/runner/.m2/repository/io/grpc/grpc-api/1.58.0/grpc-api-1.58.0.jar:/home/runner/.m2/repository/io/grpc/grpc-stub/1.58.0/grpc-stub-1.58.0.jar:/home/runner/.m2/repository/io/netty/netty-common/4.1.109.Final/netty-common-4.1.109.Final.jar:/home/runner/.m2/repository/io/netty/netty-handler/4.1.109.Final/netty-handler-4.1.109.Final.jar:/home/runner/.m2/repository/io/netty/netty-resolver/4.1.109.Final/netty-resolver-4.1.109.Final.jar:/home/runner/.m2/repository/jakarta/annotation/jakarta.annotation-api/2.1.1/jakarta.annotation-api-2.1.1.jar:/home/runner/work/ozone/ozone/hadoop-hdds/test-utils/target/hdds-test-utils-1.5.0-SNAPSHOT.jar:/home/runner/.m2/repository/org/assertj/assertj-core/3.26.3/assertj-core-3.26.3.jar:/home/runner/.m2/repository/net/bytebuddy/byte-buddy/1.14.18/byte-buddy-1.14.18.jar:/home/runner/.m2/repository/commons-io/commons-io/2.16.1/commons-io-2.16.1.jar:/home/runner/.m2/repository/commons-logging/commons-logging/1.2/commons-logging-1.2.jar:/home/runner/.m2/repository/org/junit/jupiter/junit-jupiter-api/5.10.3/junit-jupiter-api-5.10.3.jar:/home/runner/.m2/repository/org/opentest4j/opentest4j/1.3.0/opentest4j-1.3.0.jar:/home/runner/.m2/repository/org/junit/platform/junit-platform-commons/1.10.3/junit-platform-commons-1.10.3.jar:/home/runner/.m2/repository/ch/qos/reload4j/reload4j/1.2.25/reload4j-1.2.25.jar:/home/runner/.m2/repository/org/apache/logging/log4j/log4j-api/2.24.0/log4j-api-2.24.0.jar:/home/runner/work/ozone/ozone/hadoop-hdds/server-scm/target/hdds-server-scm-1.5.0-SNAPSHOT.jar:/home/runner/work/ozone/ozone/hadoop-hdds/container-service/target/hdds-container-service-1.5.0-SNAPSHOT.jar:/home/runner/work/ozone/ozone/hadoop-hdds/hadoop-dependency-server/target/hdds-hadoop-dependency-server-1.5.0-SNAPSHOT.jar:/home/runner/.m2/repository/com/nimbusds/nimbus-jose-jwt/9.40/nimbus-jose-jwt-9.40.jar:/home/runner/.m2/repository/org/apache/hadoop/hadoop-hdfs/3.3.6/hadoop-hdfs-3.3.6.jar:/home/runner/.m2/repository/commons-daemon/commons-daemon/1.4.0/commons-daemon-1.4.0.jar:/home/runner/.m2/repository/org/apache/kerby/kerb-core/1.0.1/kerb-core-1.0.1.jar:/home/runner/.m2/repository/org/apache/kerby/kerby-pkix/1.0.1/kerby-pkix-1.0.1.jar:/home/runner/.m2/repository/org/apache/kerby/kerby-asn1/1.0.1/kerby-asn1-1.0.1.jar:/home/runner/.m2/repository/org/apache/kerby/kerb-util/1.0.1/kerb-util-1.0.1.jar:/home/runner/.m2/repository/org/apache/kerby/kerby-config/1.0.1/kerby-config-1.0.1.jar:/home/runner/.m2/repository/org/apache/kerby/kerb-crypto/1.0.1/kerb-crypto-1.0.1.jar:/home/runner/.m2/repository/org/xerial/snappy/snappy-java/1.1.10.6/snappy-java-1.1.10.6.jar:/home/runner/work/ozone/ozone/hadoop-hdds/interface-admin/target/hdds-interface-admin-1.5.0-SNAPSHOT.jar:/home/runner/work/ozone/ozone/hadoop-hdds/interface-server/target/hdds-interface-server-1.5.0-SNAPSHOT.jar:/home/runner/work/ozone/ozone/hadoop-hdds/framework/target/hdds-server-framework-1.5.0-SNAPSHOT.jar:/home/runner/.m2/repository/org/apache/ratis/ratis-client/3.1.1/ratis-client-3.1.1.jar:/home/runner/.m2/repository/org/apache/ratis/ratis-grpc/3.1.1/ratis-grpc-3.1.1.jar:/home/runner/.m2/repository/org/apache/ratis/ratis-netty/3.1.1/ratis-netty-3.1.1.jar:/home/runner/.m2/repository/org/apache/ratis/ratis-server-api/3.1.1/ratis-server-api-3.1.1.jar:/home/runner/.m2/repository/org/bouncycastle/bcpkix-jdk18on/1.78.1/bcpkix-jdk18on-1.78.1.jar:/home/runner/.m2/repository/org/bouncycastle/bcprov-jdk18on/1.78.1/bcprov-jdk18on-1.78.1.jar:/home/runner/.m2/repository/io/dropwizard/metrics/metrics-core/3.2.6/metrics-core-3.2.6.jar:/home/runner/.m2/repository/org/apache/commons/commons-text/1.12.0/commons-text-1.12.0.jar:/home/runner/.m2/repository/org/eclipse/jetty/jetty-webapp/9.4.56.v20240826/jetty-webapp-9.4.56.v20240826.jar:/home/runner/.m2/repository/org/eclipse/jetty/jetty-xml/9.4.56.v20240826/jetty-xml-9.4.56.v20240826.jar:/home/runner/.m2/repository/com/fasterxml/jackson/core/jackson-core/2.16.2/jackson-core-2.16.2.jar:/home/runner/.m2/repository/info/picocli/picocli/4.7.5/picocli-4.7.5.jar:/home/runner/.m2/repository/javax/servlet/javax.servlet-api/3.1.0/javax.servlet-api-3.1.0.jar:/home/runner/.m2/repository/commons-collections/commons-collections/3.2.2/commons-collections-3.2.2.jar:/home/runner/work/ozone/ozone/hadoop-hdds/framework/target/hdds-server-framework-1.5.0-SNAPSHOT-tests.jar:/home/runner/work/ozone/ozone/hadoop-hdds/managed-rocksdb/target/hdds-managed-rocksdb-1.5.0-SNAPSHOT.jar:/home/runner/.m2/repository/org/slf4j/slf4j-reload4j/2.0.16/slf4j-reload4j-2.0.16.jar:/home/runner/.m2/repository/org/apache/commons/commons-configuration2/2.11.0/commons-configuration2-2.11.0.jar:/home/runner/.m2/repository/commons-codec/commons-codec/1.17.0/commons-codec-1.17.0.jar:/home/runner/.m2/repository/commons-fileupload/commons-fileupload/1.5/commons-fileupload-1.5.jar:/home/runner/.m2/repository/commons-validator/commons-validator/1.6/commons-validator-1.6.jar:/home/runner/.m2/repository/commons-beanutils/commons-beanutils/1.9.4/commons-beanutils-1.9.4.jar:/home/runner/.m2/repository/commons-digester/commons-digester/1.8.1/commons-digester-1.8.1.jar:/home/runner/.m2/repository/org/apache/logging/log4j/log4j-core/2.24.0/log4j-core-2.24.0.jar:/home/runner/.m2/repository/com/lmax/disruptor/3.4.4/disruptor-3.4.4.jar:/home/runner/.m2/repository/org/eclipse/jetty/jetty-http/9.4.56.v20240826/jetty-http-9.4.56.v20240826.jar:/home/runner/.m2/repository/org/eclipse/jetty/jetty-io/9.4.56.v20240826/jetty-io-9.4.56.v20240826.jar:/home/runner/.m2/repository/org/eclipse/jetty/jetty-util/9.4.56.v20240826/jetty-util-9.4.56.v20240826.jar:/home/runner/.m2/repository/org/eclipse/jetty/jetty-server/9.4.56.v20240826/jetty-server-9.4.56.v20240826.jar:/home/runner/.m2/repository/org/eclipse/jetty/jetty-servlet/9.4.56.v20240826/jetty-servlet-9.4.56.v20240826.jar:/home/runner/.m2/repository/org/eclipse/jetty/jetty-security/9.4.56.v20240826/jetty-security-9.4.56.v20240826.jar:/home/runner/.m2/repository/org/eclipse/jetty/jetty-util-ajax/9.4.56.v20240826/jetty-util-ajax-9.4.56.v20240826.jar:/home/runner/.m2/repository/org/glassfish/jersey/core/jersey-server/2.45/jersey-server-2.45.jar:/home/runner/.m2/repository/org/glassfish/jersey/core/jersey-client/2.45/jersey-client-2.45.jar:/home/runner/.m2/repository/org/glassfish/jersey/containers/jersey-container-servlet-core/2.45/jersey-container-servlet-core-2.45.jar:/home/runner/.m2/repository/org/rocksdb/rocksdbjni/7.7.3/rocksdbjni-7.7.3.jar:/home/runner/.m2/repository/org/apache/ratis/ratis-metrics-api/3.1.1/ratis-metrics-api-3.1.1.jar:/home/runner/.m2/repository/org/apache/ratis/ratis-metrics-dropwizard3/3.1.1/ratis-metrics-dropwizard3-3.1.1.jar:/home/runner/.m2/repository/io/opentracing/opentracing-api/0.33.0/opentracing-api-0.33.0.jar:/home/runner/.m2/repository/io/prometheus/simpleclient/0.16.0/simpleclient-0.16.0.jar:/home/runner/.m2/repository/io/prometheus/simpleclient_dropwizard/0.16.0/simpleclient_dropwizard-0.16.0.jar:/home/runner/.m2/repository/io/prometheus/simpleclient_common/0.16.0/simpleclient_common-0.16.0.jar:/home/runner/.m2/repository/com/fasterxml/jackson/datatype/jackson-datatype-jsr310/2.16.2/jackson-datatype-jsr310-2.16.2.jar:/home/runner/.m2/repository/com/github/jnr/jnr-constants/0.10.4/jnr-constants-0.10.4.jar:/home/runner/.m2/repository/com/github/jnr/jnr-posix/3.1.19/jnr-posix-3.1.19.jar:/home/runner/.m2/repository/com/github/jnr/jnr-ffi/2.2.16/jnr-ffi-2.2.16.jar:/home/runner/.m2/repository/com/github/jnr/jffi/1.3.13/jffi-1.3.13.jar:/home/runner/.m2/repository/com/github/jnr/jffi/1.3.13/jffi-1.3.13-native.jar:/home/runner/.m2/repository/org/ow2/asm/asm/9.2/asm-9.2.jar:/home/runner/.m2/repository/org/ow2/asm/asm-commons/9.2/asm-commons-9.2.jar:/home/runner/.m2/repository/org/ow2/asm/asm-analysis/9.2/asm-analysis-9.2.jar:/home/runner/.m2/repository/org/ow2/asm/asm-tree/9.2/asm-tree-9.2.jar:/home/runner/.m2/repository/org/ow2/asm/asm-util/9.2/asm-util-9.2.jar:/home/runner/.m2/repository/com/github/jnr/jnr-a64asm/1.0.0/jnr-a64asm-1.0.0.jar:/home/runner/.m2/repository/com/github/jnr/jnr-x86asm/1.0.2/jnr-x86asm-1.0.2.jar:/home/runner/.m2/repository/com/google/code/gson/gson/2.10.1/gson-2.10.1.jar:/home/runner/work/ozone/ozone/hadoop-hdds/rocksdb-checkpoint-differ/target/rocksdb-checkpoint-differ-1.5.0-SNAPSHOT.jar:/home/runner/.m2/repository/org/jgrapht/jgrapht-core/1.4.0/jgrapht-core-1.4.0.jar:/home/runner/.m2/repository/org/jheaps/jheaps/0.11/jheaps-0.11.jar:/home/runner/.m2/repository/org/jgrapht/jgrapht-ext/1.4.0/jgrapht-ext-1.4.0.jar:/home/runner/.m2/repository/com/github/vlsi/mxgraph/jgraphx/3.9.12/jgraphx-3.9.12.jar:/home/runner/.m2/repository/jakarta/ws/rs/jakarta.ws.rs-api/2.1.6/jakarta.ws.rs-api-2.1.6.jar:/home/runner/work/ozone/ozone/hadoop-ozone/ozone-manager/target/ozone-manager-1.5.0-SNAPSHOT.jar:/home/runner/.m2/repository/org/aspectj/aspectjrt/1.9.7/aspectjrt-1.9.7.jar:/home/runner/.m2/repository/org/aspectj/aspectjweaver/1.9.7/aspectjweaver-1.9.7.jar:/home/runner/work/ozone/ozone/hadoop-ozone/interface-storage/target/ozone-interface-storage-1.5.0-SNAPSHOT.jar:/home/runner/.m2/repository/org/apache/kerby/kerby-util/1.0.1/kerby-util-1.0.1.jar:/home/runner/.m2/repository/io/netty/netty-transport/4.1.109.Final/netty-transport-4.1.109.Final.jar:/home/runner/.m2/repository/org/reflections/reflections/0.10.2/reflections-0.10.2.jar:/home/runner/.m2/repository/com/sun/jersey/jersey-client/1.19.4/jersey-client-1.19.4.jar:/home/runner/.m2/repository/jakarta/xml/bind/jakarta.xml.bind-api/2.3.3/jakarta.xml.bind-api-2.3.3.jar:/home/runner/.m2/repository/org/codehaus/jackson/jackson-core-asl/1.9.13/jackson-core-asl-1.9.13.jar:/home/runner/.m2/repository/org/codehaus/jackson/jackson-mapper-asl/1.9.13/jackson-mapper-asl-1.9.13.jar:/home/runner/.m2/repository/org/codehaus/jackson/jackson-jaxrs/1.9.13/jackson-jaxrs-1.9.13.jar:/home/runner/.m2/repository/org/apache/ranger/ranger-plugins-common/2.3.0/ranger-plugins-common-2.3.0.jar:/home/runner/.m2/repository/commons-lang/commons-lang/2.6/commons-lang-2.6.jar:/home/runner/.m2/repository/org/apache/ranger/ranger-plugins-cred/2.3.0/ranger-plugins-cred-2.3.0.jar:/home/runner/.m2/repository/org/apache/ranger/ranger-plugins-audit/2.3.0/ranger-plugins-audit-2.3.0.jar:/home/runner/.m2/repository/org/eclipse/jetty/jetty-client/9.4.56.v20240826/jetty-client-9.4.56.v20240826.jar:/home/runner/.m2/repository/org/apache/httpcomponents/httpmime/4.5.6/httpmime-4.5.6.jar:/home/runner/.m2/repository/org/apache/httpcomponents/httpcore-nio/4.4.16/httpcore-nio-4.4.16.jar:/home/runner/.m2/repository/org/apache/httpcomponents/httpasyncclient/4.1.3/httpasyncclient-4.1.3.jar:/home/runner/.m2/repository/com/carrotsearch/hppc/0.8.0/hppc-0.8.0.jar:/home/runner/.m2/repository/org/apache/orc/orc-core/1.5.8/orc-core-1.5.8.jar:/home/runner/.m2/repository/net/java/dev/jna/jna/5.2.0/jna-5.2.0.jar:/home/runner/.m2/repository/net/java/dev/jna/jna-platform/5.2.0/jna-platform-5.2.0.jar:/home/runner/.m2/repository/com/kstruct/gethostname4j/0.0.2/gethostname4j-0.0.2.jar:/home/runner/.m2/repository/org/apache/ranger/ranger-plugin-classloader/2.3.0/ranger-plugin-classloader-2.3.0.jar:/home/runner/.m2/repository/org/apache/ranger/ranger-intg/2.3.0/ranger-intg-2.3.0.jar:/home/runner/work/ozone/ozone/hadoop-hdds/rocks-native/target/hdds-rocks-native-1.5.0-SNAPSHOT.jar:/home/runner/.m2/repository/org/apache/hadoop/hadoop-minikdc/3.3.6/hadoop-minikdc-3.3.6.jar:/home/runner/.m2/repository/org/apache/kerby/kerb-simplekdc/1.0.1/kerb-simplekdc-1.0.1.jar:/home/runner/.m2/repository/org/apache/kerby/kerb-client/1.0.1/kerb-client-1.0.1.jar:/home/runner/.m2/repository/org/apache/kerby/kerb-common/1.0.1/kerb-common-1.0.1.jar:/home/runner/.m2/repository/org/apache/kerby/token-provider/1.0.1/token-provider-1.0.1.jar:/home/runner/.m2/repository/org/apache/kerby/kerb-admin/1.0.1/kerb-admin-1.0.1.jar:/home/runner/.m2/repository/org/apache/kerby/kerb-server/1.0.1/kerb-server-1.0.1.jar:/home/runner/.m2/repository/org/apache/kerby/kerb-identity/1.0.1/kerb-identity-1.0.1.jar:/home/runner/.m2/repository/org/apache/kerby/kerby-xdr/1.0.1/kerby-xdr-1.0.1.jar:/home/runner/.m2/repository/junit/junit/4.13.2/junit-4.13.2.jar:/home/runner/.m2/repository/org/hamcrest/hamcrest-core/1.3/hamcrest-core-1.3.jar:/home/runner/work/ozone/ozone/hadoop-ozone/s3gateway/target/ozone-s3gateway-1.5.0-SNAPSHOT.jar:/home/runner/.m2/repository/org/javassist/javassist/3.30.2-GA/javassist-3.30.2-GA.jar:/home/runner/.m2/repository/org/jboss/weld/servlet/weld-servlet-shaded/3.1.9.Final/weld-servlet-shaded-3.1.9.Final.jar:/home/runner/.m2/repository/org/glassfish/jersey/core/jersey-common/2.45/jersey-common-2.45.jar:/home/runner/.m2/repository/org/glassfish/hk2/osgi-resource-locator/1.0.3/osgi-resource-locator-1.0.3.jar:/home/runner/.m2/repository/org/glassfish/jersey/ext/cdi/jersey-cdi1x/2.45/jersey-cdi1x-2.45.jar:/home/runner/.m2/repository/org/glassfish/jersey/inject/jersey-hk2/2.45/jersey-hk2-2.45.jar:/home/runner/.m2/repository/org/glassfish/hk2/hk2-locator/2.6.1/hk2-locator-2.6.1.jar:/home/runner/.m2/repository/org/glassfish/jersey/media/jersey-media-jaxb/2.45/jersey-media-jaxb-2.45.jar:/home/runner/.m2/repository/org/glassfish/hk2/hk2-api/2.6.1/hk2-api-2.6.1.jar:/home/runner/.m2/repository/org/glassfish/hk2/hk2-utils/2.6.1/hk2-utils-2.6.1.jar:/home/runner/.m2/repository/org/glassfish/hk2/external/aopalliance-repackaged/2.6.1/aopalliance-repackaged-2.6.1.jar:/home/runner/.m2/repository/com/fasterxml/jackson/dataformat/jackson-dataformat-xml/2.16.2/jackson-dataformat-xml-2.16.2.jar:/home/runner/.m2/repository/org/codehaus/woodstox/stax2-api/4.2.2/stax2-api-4.2.2.jar:/home/runner/.m2/repository/com/fasterxml/woodstox/woodstox-core/5.4.0/woodstox-core-5.4.0.jar:/home/runner/.m2/repository/com/fasterxml/jackson/module/jackson-module-jaxb-annotations/2.16.2/jackson-module-jaxb-annotations-2.16.2.jar:/home/runner/.m2/repository/javax/annotation/javax.annotation-api/1.3.2/javax.annotation-api-1.3.2.jar:/home/runner/.m2/repository/javax/enterprise/cdi-api/2.0/cdi-api-2.0.jar:/home/runner/.m2/repository/javax/el/javax.el-api/3.0.0/javax.el-api-3.0.0.jar:/home/runner/.m2/repository/javax/interceptor/javax.interceptor-api/1.2/javax.interceptor-api-1.2.jar:/home/runner/.m2/repository/org/glassfish/jaxb/jaxb-runtime/2.3.9/jaxb-runtime-2.3.9.jar:/home/runner/.m2/repository/org/glassfish/jaxb/txw2/2.3.9/txw2-2.3.9.jar:/home/runner/.m2/repository/com/sun/istack/istack-commons-runtime/3.0.12/istack-commons-runtime-3.0.12.jar:/home/runner/.m2/repository/com/sun/activation/jakarta.activation/1.2.2/jakarta.activation-1.2.2.jar:/home/runner/.m2/repository/jakarta/activation/jakarta.activation-api/1.2.2/jakarta.activation-api-1.2.2.jar:/home/runner/.m2/repository/io/grpc/grpc-protobuf/1.58.0/grpc-protobuf-1.58.0.jar:/home/runner/.m2/repository/com/google/api/grpc/proto-google-common-protos/2.22.0/proto-google-common-protos-2.22.0.jar:/home/runner/.m2/repository/io/grpc/grpc-protobuf-lite/1.58.0/grpc-protobuf-lite-1.58.0.jar:/home/runner/.m2/repository/io/opentracing/opentracing-noop/0.33.0/opentracing-noop-0.33.0.jar:/home/runner/.m2/repository/io/opentracing/opentracing-util/0.33.0/opentracing-util-0.33.0.jar:/home/runner/work/ozone/ozone/hadoop-ozone/csi/target/ozone-csi-1.5.0-SNAPSHOT.jar:/home/runner/.m2/repository/com/google/protobuf/protobuf-java-util/3.19.6/protobuf-java-util-3.19.6.jar:/home/runner/.m2/repository/io/netty/netty-transport-classes-epoll/4.1.109.Final/netty-transport-classes-epoll-4.1.109.Final.jar:/home/runner/.m2/repository/io/netty/netty-transport-native-epoll/4.1.109.Final/netty-transport-native-epoll-4.1.109.Final-linux-x86_64.jar:/home/runner/.m2/repository/io/netty/netty-transport-native-unix-common/4.1.109.Final/netty-transport-native-unix-common-4.1.109.Final.jar:/home/runner/work/ozone/ozone/hadoop-ozone/recon/target/ozone-recon-1.5.0-SNAPSHOT.jar:/home/runner/work/ozone/ozone/hadoop-ozone/recon-codegen/target/ozone-reconcodegen-1.5.0-SNAPSHOT.jar:/home/runner/.m2/repository/aopalliance/aopalliance/1.0/aopalliance-1.0.jar:/home/runner/.m2/repository/com/google/inject/guice/6.0.0/guice-6.0.0.jar:/home/runner/.m2/repository/jakarta/inject/jakarta.inject-api/2.0.1/jakarta.inject-api-2.0.1.jar:/home/runner/.m2/repository/com/google/inject/extensions/guice-assistedinject/6.0.0/guice-assistedinject-6.0.0.jar:/home/runner/.m2/repository/com/google/inject/extensions/guice-servlet/6.0.0/guice-servlet-6.0.0.jar:/home/runner/.m2/repository/org/glassfish/jersey/containers/jersey-container-servlet/2.45/jersey-container-servlet-2.45.jar:/home/runner/.m2/repository/org/glassfish/hk2/guice-bridge/2.6.1/guice-bridge-2.6.1.jar:/home/runner/.m2/repository/org/glassfish/hk2/external/jakarta.inject/2.6.1/jakarta.inject-2.6.1.jar:/home/runner/.m2/repository/org/glassfish/jersey/media/jersey-media-json-jackson/2.45/jersey-media-json-jackson-2.45.jar:/home/runner/.m2/repository/org/glassfish/jersey/ext/jersey-entity-filtering/2.45/jersey-entity-filtering-2.45.jar:/home/runner/.m2/repository/org/jooq/jooq/3.11.10/jooq-3.11.10.jar:/home/runner/.m2/repository/org/jooq/jooq-meta/3.11.10/jooq-meta-3.11.10.jar:/home/runner/.m2/repository/org/jooq/jooq-codegen/3.11.10/jooq-codegen-3.11.10.jar:/home/runner/.m2/repository/com/jolbox/bonecp/0.8.0.RELEASE/bonecp-0.8.0.RELEASE.jar:/home/runner/.m2/repository/org/apache/derby/derby/10.14.2.0/derby-10.14.2.0.jar:/home/runner/.m2/repository/org/xerial/sqlite-jdbc/3.46.1.3/sqlite-jdbc-3.46.1.3.jar:/home/runner/.m2/repository/org/springframework/spring-core/5.3.39/spring-core-5.3.39.jar:/home/runner/.m2/repository/org/springframework/spring-jdbc/5.3.39/spring-jdbc-5.3.39.jar:/home/runner/.m2/repository/org/springframework/spring-beans/5.3.39/spring-beans-5.3.39.jar:/home/runner/.m2/repository/org/springframework/spring-tx/5.3.39/spring-tx-5.3.39.jar:/home/runner/.m2/repository/jakarta/validation/jakarta.validation-api/2.0.2/jakarta.validation-api-2.0.2.jar:/home/runner/.m2/repository/javax/inject/javax.inject/1/javax.inject-1.jar:/home/runner/work/ozone/ozone/hadoop-ozone/client/target/ozone-client-1.5.0-SNAPSHOT.jar:/home/runner/work/ozone/ozone/hadoop-hdds/erasurecode/target/hdds-erasurecode-1.5.0-SNAPSHOT.jar:/home/runner/work/ozone/ozone/hadoop-ozone/ozonefs/target/ozone-filesystem-1.5.0-SNAPSHOT.jar:/home/runner/work/ozone/ozone/hadoop-ozone/ozonefs-common/target/ozone-filesystem-common-1.5.0-SNAPSHOT.jar:/home/runner/work/ozone/ozone/hadoop-ozone/tools/target/ozone-tools-1.5.0-SNAPSHOT.jar:/home/runner/.m2/repository/org/apache/ratis/ratis-tools/3.1.1/ratis-tools-3.1.1.jar:/home/runner/.m2/repository/org/apache/ratis/ratis-shell/3.1.1/ratis-shell-3.1.1.jar:/home/runner/.m2/repository/com/amazonaws/aws-java-sdk-core/1.12.661/aws-java-sdk-core-1.12.661.jar:/home/runner/.m2/repository/com/fasterxml/jackson/dataformat/jackson-dataformat-cbor/2.16.2/jackson-dataformat-cbor-2.16.2.jar:/home/runner/.m2/repository/joda-time/joda-time/2.12.7/joda-time-2.12.7.jar:/home/runner/.m2/repository/com/amazonaws/aws-java-sdk-s3/1.12.661/aws-java-sdk-s3-1.12.661.jar:/home/runner/.m2/repository/com/amazonaws/aws-java-sdk-kms/1.12.661/aws-java-sdk-kms-1.12.661.jar:/home/runner/.m2/repository/com/amazonaws/jmespath-java/1.12.661/jmespath-java-1.12.661.jar:/home/runner/.m2/repository/org/kohsuke/metainf-services/metainf-services/1.11/metainf-services-1.11.jar:/home/runner/work/ozone/ozone/hadoop-hdds/tools/target/hdds-tools-1.5.0-SNAPSHOT.jar:/home/runner/.m2/repository/commons-cli/commons-cli/1.8.0/commons-cli-1.8.0.jar:/home/runner/.m2/repository/org/apache/commons/commons-lang3/3.14.0/commons-lang3-3.14.0.jar:/home/runner/work/ozone/ozone/hadoop-ozone/ozone-manager/target/ozone-manager-1.5.0-SNAPSHOT-tests.jar:/home/runner/work/ozone/ozone/hadoop-hdds/common/target/hdds-common-1.5.0-SNAPSHOT-tests.jar:/home/runner/work/ozone/ozone/hadoop-hdds/hadoop-dependency-client/target/hdds-hadoop-dependency-client-1.5.0-SNAPSHOT.jar:/home/runner/work/ozone/ozone/hadoop-hdds/annotations/target/hdds-annotation-processing-1.5.0-SNAPSHOT.jar:/home/runner/.m2/repository/org/bouncycastle/bcutil-jdk18on/1.78.1/bcutil-jdk18on-1.78.1.jar:/home/runner/.m2/repository/io/jaegertracing/jaeger-client/1.8.1/jaeger-client-1.8.1.jar:/home/runner/.m2/repository/io/jaegertracing/jaeger-thrift/1.8.1/jaeger-thrift-1.8.1.jar:/home/runner/.m2/repository/org/apache/thrift/libthrift/0.15.0/libthrift-0.15.0.jar:/home/runner/.m2/repository/io/jaegertracing/jaeger-tracerresolver/1.8.1/jaeger-tracerresolver-1.8.1.jar:/home/runner/.m2/repository/io/opentracing/contrib/opentracing-tracerresolver/0.1.8/opentracing-tracerresolver-0.1.8.jar:/home/runner/.m2/repository/io/jaegertracing/jaeger-core/1.8.1/jaeger-core-1.8.1.jar:/home/runner/.m2/repository/org/jetbrains/kotlin/kotlin-stdlib/1.9.25/kotlin-stdlib-1.9.25.jar:/home/runner/.m2/repository/org/jetbrains/annotations/13.0/annotations-13.0.jar:/home/runner/.m2/repository/org/yaml/snakeyaml/2.0/snakeyaml-2.0.jar:/home/runner/.m2/repository/org/junit/platform/junit-platform-launcher/1.10.3/junit-platform-launcher-1.10.3.jar:/home/runner/.m2/repository/org/junit/platform/junit-platform-engine/1.10.3/junit-platform-engine-1.10.3.jar:/home/runner/.m2/repository/org/apiguardian/apiguardian-api/1.1.2/apiguardian-api-1.1.2.jar:/home/runner/.m2/repository/org/apache/hadoop/hadoop-kms/3.3.6/hadoop-kms-3.3.6.jar:/home/runner/.m2/repository/org/apache/hadoop/hadoop-auth/3.3.6/hadoop-auth-3.3.6.jar:/home/runner/.m2/repository/org/apache/zookeeper/zookeeper/3.8.4/zookeeper-3.8.4.jar:/home/runner/.m2/repository/org/apache/zookeeper/zookeeper-jute/3.8.4/zookeeper-jute-3.8.4.jar:/home/runner/.m2/repository/org/apache/yetus/audience-annotations/0.12.0/audience-annotations-0.12.0.jar:/home/runner/.m2/repository/org/apache/curator/curator-framework/4.2.0/curator-framework-4.2.0.jar:/home/runner/.m2/repository/org/apache/hadoop/thirdparty/hadoop-shaded-guava/1.2.0/hadoop-shaded-guava-1.2.0.jar:/home/runner/.m2/repository/com/sun/jersey/jersey-core/1.19.4/jersey-core-1.19.4.jar:/home/runner/.m2/repository/javax/ws/rs/jsr311-api/1.1.1/jsr311-api-1.1.1.jar:/home/runner/.m2/repository/com/sun/jersey/jersey-server/1.19.4/jersey-server-1.19.4.jar:/home/runner/.m2/repository/org/apache/hadoop/hadoop-common/3.3.6/hadoop-common-3.3.6.jar:/home/runner/.m2/repository/org/apache/commons/commons-math3/3.6.1/commons-math3-3.6.1.jar:/home/runner/.m2/repository/commons-net/commons-net/3.11.1/commons-net-3.11.1.jar:/home/runner/.m2/repository/com/sun/jersey/jersey-servlet/1.19.4/jersey-servlet-1.19.4.jar:/home/runner/.m2/repository/com/github/pjfanning/jersey-json/1.20/jersey-json-1.20.jar:/home/runner/.m2/repository/org/codehaus/jettison/jettison/1.1/jettison-1.1.jar:/home/runner/.m2/repository/com/sun/xml/bind/jaxb-impl/2.2.3-1/jaxb-impl-2.2.3-1.jar:/home/runner/.m2/repository/com/google/re2j/re2j/1.7/re2j-1.7.jar:/home/runner/.m2/repository/com/jcraft/jsch/0.1.55/jsch-0.1.55.jar:/home/runner/.m2/repository/org/apache/curator/curator-client/4.2.0/curator-client-4.2.0.jar:/home/runner/.m2/repository/org/apache/curator/curator-recipes/5.2.0/curator-recipes-5.2.0.jar:/home/runner/.m2/repository/com/google/code/findbugs/jsr305/3.0.2/jsr305-3.0.2.jar:/home/runner/.m2/repository/dnsjava/dnsjava/2.1.9/dnsjava-2.1.9.jar:/home/runner/.m2/repository/org/apache/hadoop/hadoop-kms/3.3.6/hadoop-kms-3.3.6-tests.jar:/home/runner/work/ozone/ozone/hadoop-hdds/server-scm/target/hdds-server-scm-1.5.0-SNAPSHOT-tests.jar:/home/runner/work/ozone/ozone/hadoop-hdds/container-service/target/hdds-container-service-1.5.0-SNAPSHOT-tests.jar:/home/runner/.m2/repository/com/github/luben/zstd-jni/1.5.6-4/zstd-jni-1.5.6-4.jar:/home/runner/.m2/repository/io/netty/netty-buffer/4.1.109.Final/netty-buffer-4.1.109.Final.jar:/home/runner/.m2/repository/io/netty/netty-codec/4.1.109.Final/netty-codec-4.1.109.Final.jar:/home/runner/work/ozone/ozone/hadoop-hdds/hadoop-dependency-test/target/hdds-hadoop-dependency-test-1.5.0-SNAPSHOT.jar:/home/runner/.m2/repository/org/apache/hadoop/hadoop-common/3.3.6/hadoop-common-3.3.6-tests.jar:/home/runner/.m2/repository/org/apache/hadoop/hadoop-hdfs/3.3.6/hadoop-hdfs-3.3.6-tests.jar:/home/runner/.m2/repository/org/junit/jupiter/junit-jupiter-engine/5.10.3/junit-jupiter-engine-5.10.3.jar:/home/runner/.m2/repository/org/junit/jupiter/junit-jupiter-params/5.10.3/junit-jupiter-params-5.10.3.jar:/home/runner/.m2/repository/org/mockito/mockito-core/4.11.0/mockito-core-4.11.0.jar:/home/runner/.m2/repository/net/bytebuddy/byte-buddy-agent/1.12.19/byte-buddy-agent-1.12.19.jar:/home/runner/.m2/repository/org/objenesis/objenesis/3.3/objenesis-3.3.jar:/home/runner/.m2/repository/org/mockito/mockito-inline/4.11.0/mockito-inline-4.11.0.jar:/home/runner/.m2/repository/org/mockito/mockito-junit-jupiter/4.11.0/mockito-junit-jupiter-4.11.0.jar:/home/runner/.m2/repository/org/apache/hadoop/hadoop-distcp/3.3.6/hadoop-distcp-3.3.6.jar:/home/runner/.m2/repository/org/apache/hadoop/hadoop-mapreduce-client-jobclient/3.3.6/hadoop-mapreduce-client-jobclient-3.3.6.jar:/home/runner/.m2/repository/org/apache/hadoop/hadoop-mapreduce-client-common/3.3.6/hadoop-mapreduce-client-common-3.3.6.jar:/home/runner/.m2/repository/org/apache/hadoop/hadoop-yarn-common/3.3.6/hadoop-yarn-common-3.3.6.jar:/home/runner/.m2/repository/org/apache/hadoop/hadoop-yarn-api/3.3.6/hadoop-yarn-api-3.3.6.jar:/home/runner/.m2/repository/javax/xml/bind/jaxb-api/2.2.11/jaxb-api-2.2.11.jar:/home/runner/.m2/repository/com/sun/jersey/contribs/jersey-guice/1.19.4/jersey-guice-1.19.4.jar:/home/runner/.m2/repository/com/fasterxml/jackson/jaxrs/jackson-jaxrs-json-provider/2.16.2/jackson-jaxrs-json-provider-2.16.2.jar:/home/runner/.m2/repository/com/fasterxml/jackson/jaxrs/jackson-jaxrs-base/2.16.2/jackson-jaxrs-base-2.16.2.jar:/home/runner/.m2/repository/org/apache/hadoop/hadoop-yarn-client/3.3.6/hadoop-yarn-client-3.3.6.jar:/home/runner/.m2/repository/org/eclipse/jetty/websocket/websocket-client/9.4.51.v20230217/websocket-client-9.4.51.v20230217.jar:/home/runner/.m2/repository/org/eclipse/jetty/websocket/websocket-common/9.4.51.v20230217/websocket-common-9.4.51.v20230217.jar:/home/runner/.m2/repository/org/eclipse/jetty/websocket/websocket-api/9.4.51.v20230217/websocket-api-9.4.51.v20230217.jar:/home/runner/.m2/repository/org/jline/jline/3.9.0/jline-3.9.0.jar:/home/runner/.m2/repository/org/apache/hadoop/hadoop-mapreduce-client-core/3.3.6/hadoop-mapreduce-client-core-3.3.6.jar:/home/runner/.m2/repository/org/apache/avro/avro/1.7.7/avro-1.7.7.jar:/home/runner/.m2/repository/com/thoughtworks/paranamer/paranamer/2.3/paranamer-2.3.jar:/home/runner/.m2/repository/org/apache/hadoop/hadoop-annotations/3.3.6/hadoop-annotations-3.3.6.jar:/home/runner/.m2/repository/io/netty/netty/3.10.6.Final/netty-3.10.6.Final.jar:/home/runner/.m2/repository/org/apache/hadoop/hadoop-distcp/3.3.6/hadoop-distcp-3.3.6-tests.jar:/home/runner/.m2/repository/org/apache/ratis/ratis-server/3.1.1/ratis-server-3.1.1.jar:/home/runner/.m2/repository/org/hamcrest/hamcrest/2.2/hamcrest-2.2.jar:/home/runner/.m2/repository/org/slf4j/jul-to-slf4j/2.0.16/jul-to-slf4j-2.0.16.jar:/home/runner/work/ozone/ozone/hadoop-ozone/integration-test/target/gradle-enterprise/test-listeners.jar:
STARTUP_MSG:   build = https://github.com/apache/ozone/360fea5b2eeb2c592c242ffc8ceb4e71783a62d6 ; compiled by 'runner' on 2024-10-01T10:55Z
STARTUP_MSG:   java = 17.0.12
STARTUP_MSG:   conf = {hadoop.hdds.db.rocksdb.WAL_size_limit_MB=0MB, hadoop.hdds.db.rocksdb.WAL_ttl_seconds=1200, hadoop.hdds.db.rocksdb.keep.log.file.num=1000, hadoop.hdds.db.rocksdb.logging.enabled=false, hadoop.hdds.db.rocksdb.logging.level=INFO, hadoop.hdds.db.rocksdb.max.log.file.size=0MB, hadoop.hdds.db.rocksdb.writeoption.sync=false, hdds.block.token.enabled=false, hdds.block.token.expiry.time=1d, hdds.command.status.report.interval=30s, hdds.container.action.max.limit=20, hdds.container.balancer.balancing.iteration.interval=70m, hdds.container.balancer.datanodes.involved.max.percentage.per.iteration=20, hdds.container.balancer.iterations=10, hdds.container.balancer.move.networkTopology.enable=false, hdds.container.balancer.move.replication.timeout=50m, hdds.container.balancer.move.timeout=65m, hdds.container.balancer.size.entering.target.max=26GB, hdds.container.balancer.size.leaving.source.max=26GB, hdds.container.balancer.size.moved.max.per.iteration=500GB, hdds.container.balancer.trigger.du.before.move.enable=false, hdds.container.balancer.utilization.threshold=10, hdds.container.checksum.verification.enabled=true, hdds.container.chunk.write.sync=false, hdds.container.close.threshold=0.9f, hdds.container.ipc.port=9859, hdds.container.ipc.random.port=false, hdds.container.ratis.admin.port=9857, hdds.container.ratis.datastream.enabled=true, hdds.container.ratis.datastream.port=9855, hdds.container.ratis.datastream.random.port=false, hdds.container.ratis.enabled=false, hdds.container.ratis.ipc.port=9858, hdds.container.ratis.ipc.random.port=false, hdds.container.ratis.leader.pending.bytes.limit=1GB, hdds.container.ratis.log.appender.queue.byte-limit=32MB, hdds.container.ratis.log.appender.queue.num-elements=1024, hdds.container.ratis.log.purge.gap=1000000, hdds.container.ratis.log.queue.byte-limit=4GB, hdds.container.ratis.log.queue.num-elements=1024, hdds.container.ratis.num.container.op.executors=10, hdds.container.ratis.num.write.chunk.threads.per.volume=4, hdds.container.ratis.replication.level=MAJORITY, hdds.container.ratis.rpc.type=GRPC, hdds.container.ratis.segment.preallocated.size=4MB, hdds.container.ratis.segment.size=64MB, hdds.container.ratis.server.port=9856, hdds.container.ratis.statemachine.max.pending.apply-transactions=10000, hdds.container.ratis.statemachinedata.sync.timeout=10s, hdds.container.replication.compression=NO_COMPRESSION, hdds.container.report.interval=60m, hdds.container.scrub.data.scan.interval=7d, hdds.container.scrub.dev.data.scan.enabled=true, hdds.container.scrub.dev.metadata.scan.enabled=true, hdds.container.scrub.enabled=true, hdds.container.scrub.metadata.scan.interval=3h, hdds.container.scrub.min.gap=15m, hdds.container.scrub.on.demand.volume.bytes.per.second=5242880, hdds.container.scrub.volume.bytes.per.second=5242880, hdds.container.token.enabled=false, hdds.datanode.block.delete.command.worker.interval=2s, hdds.datanode.block.delete.max.lock.wait.timeout=100ms, hdds.datanode.block.delete.queue.limit=5, hdds.datanode.block.delete.threads.max=5, hdds.datanode.block.deleting.limit.per.interval=5000, hdds.datanode.block.deleting.max.lock.holding.time=1s, hdds.datanode.block.deleting.service.interval=60s, hdds.datanode.check.empty.container.dir.on.delete=false, hdds.datanode.chunk.data.validation.check=false, hdds.datanode.client.bind.host=0.0.0.0, hdds.datanode.client.port=19864, hdds.datanode.command.queue.limit=5000, hdds.datanode.container.close.threads.max=3, hdds.datanode.container.delete.threads.max=2, hdds.datanode.container.schema.v3.enabled=true, hdds.datanode.container.schema.v3.key.separator=|, hdds.datanode.df.refresh.period=5m, hdds.datanode.disk.check.io.failures.tolerated=1, hdds.datanode.disk.check.io.file.size=100B, hdds.datanode.disk.check.io.test.count=3, hdds.datanode.disk.check.min.gap=10m, hdds.datanode.disk.check.timeout=10m, hdds.datanode.du.factory.classname=org.apache.hadoop.hdds.fs.MockSpaceUsageCheckFactory$None, hdds.datanode.du.refresh.period=1h, hdds.datanode.failed.data.volumes.tolerated=-1, hdds.datanode.failed.db.volumes.tolerated=-1, hdds.datanode.failed.metadata.volumes.tolerated=-1, hdds.datanode.handler.count=10, hdds.datanode.http-address=0.0.0.0:9882, hdds.datanode.http-bind-host=0.0.0.0, hdds.datanode.http.auth.kerberos.keytab=/etc/security/keytabs/HTTP.keytab, hdds.datanode.http.auth.kerberos.principal=HTTP/_HOST@REALM, hdds.datanode.http.auth.type=simple, hdds.datanode.http.enabled=true, hdds.datanode.https-address=0.0.0.0:9883, hdds.datanode.https-bind-host=0.0.0.0, hdds.datanode.metadata.rocksdb.cache.size=64MB, hdds.datanode.periodic.disk.check.interval.minutes=60, hdds.datanode.ratis.server.request.timeout=2m, hdds.datanode.read.chunk.threads.per.volume=10, hdds.datanode.read.threadpool=10, hdds.datanode.recovering.container.scrubbing.service.interval=1m, hdds.datanode.replication.outofservice.limit.factor=2.0, hdds.datanode.replication.port=9886, hdds.datanode.replication.queue.limit=4096, hdds.datanode.replication.streams.limit=10, hdds.datanode.replication.zerocopy.enabled=true, hdds.datanode.rocksdb.auto-compaction-small-sst-file=true, hdds.datanode.rocksdb.auto-compaction-small-sst-file-num-threshold=512, hdds.datanode.rocksdb.auto-compaction-small-sst-file-size-threshold=1MB, hdds.datanode.rocksdb.auto-compaction-small-sst-file.interval.minutes=120, hdds.datanode.rocksdb.auto-compaction-small-sst-file.threads=1, hdds.datanode.rocksdb.delete-obsolete-files-period=1h, hdds.datanode.rocksdb.log.level=INFO, hdds.datanode.rocksdb.log.max-file-num=64, hdds.datanode.rocksdb.log.max-file-size=32MB, hdds.datanode.rocksdb.max-open-files=1024, hdds.datanode.slow.op.warning.threshold=500ms, hdds.datanode.storage.utilization.critical.threshold=0.95, hdds.datanode.storage.utilization.warning.threshold=0.75, hdds.datanode.volume.min.free.space=5GB, hdds.datanode.wait.on.all.followers=false, hdds.db.profile=DISK, hdds.grpc.tls.enabled=false, hdds.grpc.tls.provider=OPENSSL, hdds.heartbeat.interval=1s, hdds.key.algo=RSA, hdds.key.dir.name=keys, hdds.key.len=2048, hdds.node.report.interval=60000ms, hdds.pipeline.action.max.limit=20, hdds.pipeline.report.interval=60000ms, hdds.priv.key.file.name=private.pem, hdds.profiler.endpoint.enabled=false, hdds.prometheus.endpoint.enabled=true, hdds.public.key.file.name=public.pem, hdds.ratis.client.exponential.backoff.base.sleep=4s, hdds.ratis.client.exponential.backoff.max.retries=2147483647, hdds.ratis.client.exponential.backoff.max.sleep=40s, hdds.ratis.client.multilinear.random.retry.policy=5s, 5, 10s, 5, 15s, 5, 20s, 5, 25s, 5, 60s, 10, hdds.ratis.client.request.watch.timeout=3m, hdds.ratis.client.request.watch.type=ALL_COMMITTED, hdds.ratis.client.request.write.timeout=5m, hdds.ratis.client.retry.policy=org.apache.hadoop.hdds.ratis.retrypolicy.RequestTypeDependentRetryPolicyCreator, hdds.ratis.client.retrylimited.max.retries=180, hdds.ratis.client.retrylimited.retry.interval=1s, hdds.ratis.leader.election.minimum.timeout.duration=5s, hdds.ratis.raft.client.async.outstanding-requests.max=32, hdds.ratis.raft.client.rpc.request.timeout=60s, hdds.ratis.raft.client.rpc.watch.request.timeout=180s, hdds.ratis.raft.grpc.flow.control.window=5MB, hdds.ratis.raft.server.datastream.client.pool.size=10, hdds.ratis.raft.server.datastream.request.threads=20, hdds.ratis.raft.server.delete.ratis.log.directory=true, hdds.ratis.raft.server.leaderelection.pre-vote=true, hdds.ratis.raft.server.log.appender.wait-time.min=0us, hdds.ratis.raft.server.notification.no-leader.timeout=300s, hdds.ratis.raft.server.rpc.request.timeout=60s, hdds.ratis.raft.server.rpc.slowness.timeout=300s, hdds.ratis.raft.server.watch.timeout=30s, hdds.ratis.raft.server.write.element-limit=1024, hdds.ratis.server.num.snapshots.retained=5, hdds.ratis.server.retry-cache.timeout.duration=600000ms, hdds.ratis.snapshot.threshold=10000, hdds.recon.heartbeat.interval=60s, hdds.rest.http-address=0.0.0.0:9880, hdds.scm.block.deleting.service.interval=60s, hdds.scm.block.deletion.per-interval.max=100000, hdds.scm.ec.pipeline.choose.policy.impl=org.apache.hadoop.hdds.scm.pipeline.choose.algorithms.RandomPipelineChoosePolicy, hdds.scm.http.auth.kerberos.keytab=/etc/security/keytabs/HTTP.keytab, hdds.scm.http.auth.kerberos.principal=HTTP/_HOST@REALM, hdds.scm.http.auth.type=simple, hdds.scm.init.default.layout.version=-1, hdds.scm.kerberos.keytab.file=/etc/security/keytabs/SCM.keytab, hdds.scm.kerberos.principal=SCM/_HOST@REALM, hdds.scm.pipeline.choose.policy.impl=org.apache.hadoop.hdds.scm.pipeline.choose.algorithms.RandomPipelineChoosePolicy, hdds.scm.replication.container.inflight.deletion.limit=0, hdds.scm.replication.container.inflight.replication.limit=0, hdds.scm.replication.datanode.delete.container.limit=40, hdds.scm.replication.datanode.reconstruction.weight=3, hdds.scm.replication.datanode.replication.limit=20, hdds.scm.replication.enable.legacy=false, hdds.scm.replication.event.timeout=10m, hdds.scm.replication.event.timeout.datanode.offset=30s, hdds.scm.replication.inflight.limit.factor=0.75, hdds.scm.replication.maintenance.remaining.redundancy=1, hdds.scm.replication.maintenance.replica.minimum=2, hdds.scm.replication.over.replicated.interval=30s, hdds.scm.replication.push=true, hdds.scm.replication.thread.interval=300s, hdds.scm.replication.under.replicated.interval=30s, hdds.scm.safemode.atleast.one.node.reported.pipeline.pct=0.90, hdds.scm.safemode.enabled=true, hdds.scm.safemode.healthy.pipeline.pct=0.10, hdds.scm.safemode.min.datanode=1, hdds.scm.safemode.pipeline-availability.check=true, hdds.scm.safemode.pipeline.creation=true, hdds.scm.safemode.threshold.pct=0.99, hdds.scm.unknown-container.action=WARN, hdds.scm.wait.time.after.safemode.exit=5m, hdds.scmclient.failover.max.retry=15, hdds.scmclient.failover.retry.interval=2s, hdds.scmclient.max.retry.timeout=10m, hdds.scmclient.rpc.timeout=15m, hdds.secret.key.algorithm=HmacSHA256, hdds.secret.key.expiry.duration=7d, hdds.secret.key.file.name=secret_keys.json, hdds.secret.key.rotate.check.duration=10m, hdds.secret.key.rotate.duration=1d, hdds.security.client.datanode.container.protocol.acl=*, hdds.security.client.scm.block.protocol.acl=*, hdds.security.client.scm.certificate.protocol.acl=*, hdds.security.client.scm.container.protocol.acl=*, hdds.security.client.scm.secretkey.datanode.protocol.acl=*, hdds.security.client.scm.secretkey.om.protocol.acl=*, hdds.security.client.scm.secretkey.scm.protocol.acl=*, hdds.security.provider=BC, hdds.tracing.enabled=false, hdds.x509.ca.rotation.ack.timeout=PT15M, hdds.x509.ca.rotation.check.interval=P1D, hdds.x509.ca.rotation.enabled=false, hdds.x509.ca.rotation.time-of-day=02:00:00, hdds.x509.default.duration=P365D, hdds.x509.dir.name=certs, hdds.x509.expired.certificate.check.interval=P1D, hdds.x509.file.name=certificate.crt, hdds.x509.max.duration=P1865D, hdds.x509.renew.grace.duration=P28D, hdds.x509.rootca.certificate.polling.interval=PT2h, hdds.x509.signature.algorithm=SHA256withRSA, ozone.UnsafeByteOperations.enabled=true, ozone.acl.authorizer.class=org.apache.hadoop.ozone.security.acl.OzoneAccessAuthorizer, ozone.acl.enabled=false, ozone.block.deleting.container.limit.per.interval=10, ozone.block.deleting.limit.per.task=1000, ozone.block.deleting.service.interval=1m, ozone.block.deleting.service.timeout=300000ms, ozone.block.deleting.service.workers=10, ozone.chunk.read.buffer.default.size=1MB, ozone.chunk.read.mapped.buffer.max.count=0, ozone.chunk.read.mapped.buffer.threshold=32KB, ozone.client.bucket.replication.config.refresh.time.ms=30000, ozone.client.bytes.per.checksum=16KB, ozone.client.checksum.combine.mode=COMPOSITE_CRC, ozone.client.checksum.type=CRC32, ozone.client.connection.timeout=5000ms, ozone.client.datastream.buffer.flush.size=4MB, ozone.client.datastream.min.packet.size=256KB, ozone.client.datastream.pipeline.mode=true, ozone.client.datastream.window.size=8MB, ozone.client.ec.grpc.retries.enabled=true, ozone.client.ec.grpc.retries.max=3, ozone.client.ec.grpc.write.timeout=30s, ozone.client.ec.reconstruct.stripe.read.pool.limit=30, ozone.client.ec.reconstruct.stripe.write.pool.limit=30, ozone.client.ec.stripe.queue.size=2, ozone.client.exclude.nodes.expiry.time=600000, ozone.client.failover.max.attempts=500, ozone.client.fs.default.bucket.layout=FILE_SYSTEM_OPTIMIZED, ozone.client.hbase.enhancements.allowed=false, ozone.client.incremental.chunk.list=false, ozone.client.key.latest.version.location=true, ozone.client.key.provider.cache.expiry=10d, ozone.client.key.write.concurrency=1, ozone.client.list.cache=1000, ozone.client.max.ec.stripe.write.retries=10, ozone.client.max.retries=5, ozone.client.read.max.retries=3, ozone.client.read.retry.interval=1, ozone.client.read.timeout=30s, ozone.client.retry.interval=0, ozone.client.server-defaults.validity.period.ms=3600000, ozone.client.socket.timeout=5000ms, ozone.client.stream.buffer.flush.delay=true, ozone.client.stream.buffer.flush.size=1MB, ozone.client.stream.buffer.increment=0B, ozone.client.stream.buffer.max.size=2MB, ozone.client.stream.buffer.size=1MB, ozone.client.stream.putblock.piggybacking=false, ozone.client.verify.checksum=true, ozone.client.wait.between.retries.millis=2000, ozone.container.cache.lock.stripes=1024, ozone.container.cache.size=1024, ozone.csi.default-volume-size=1000000000, ozone.csi.mount.command=goofys --endpoint %s %s %s, ozone.csi.s3g.address=http://localhost:9878, ozone.csi.socket=/var/lib/csi.sock, ozone.directory.deleting.service.interval=1m, ozone.ec.grpc.zerocopy.enabled=true, ozone.filesystem.snapshot.enabled=true, ozone.freon.http-address=0.0.0.0:9884, ozone.freon.http-bind-host=0.0.0.0, ozone.freon.http.auth.kerberos.keytab=/etc/security/keytabs/HTTP.keytab, ozone.freon.http.auth.kerberos.principal=HTTP/_HOST@REALM, ozone.freon.http.auth.type=simple, ozone.freon.http.enabled=true, ozone.freon.https-address=0.0.0.0:9885, ozone.freon.https-bind-host=0.0.0.0, ozone.fs.datastream.auto.threshold=4MB, ozone.fs.datastream.enabled=false, ozone.fs.hsync.enabled=false, ozone.fs.iterate.batch-size=100, ozone.fs.listing.page.size=1024, ozone.fs.listing.page.size.max=5000, ozone.hbase.enhancements.allowed=false, ozone.http.policy=HTTP_ONLY, ozone.https.client.keystore.resource=ssl-client.xml, ozone.https.client.need-auth=false, ozone.https.server.keystore.resource=ssl-server.xml, ozone.key.deleting.limit.per.task=20000, ozone.key.preallocation.max.blocks=64, ozone.manager.db.checkpoint.transfer.bandwidthPerSec=0, ozone.manager.delegation.remover.scan.interval=3600000, ozone.manager.delegation.token.max-lifetime=7d, ozone.manager.delegation.token.renew-interval=1d, ozone.metadata.dirs.permissions=750, ozone.metastore.rocksdb.cf.write.buffer.size=128MB, ozone.metastore.rocksdb.statistics=OFF, ozone.network.flexible.fqdn.resolution.enabled=false, ozone.network.jvm.address.cache.enabled=true, ozone.network.topology.aware.read=true, ozone.om.address=0.0.0.0:9862, ozone.om.admin.protocol.max.retries=20, ozone.om.admin.protocol.wait.between.retries=1000, ozone.om.client.rpc.timeout=15m, ozone.om.client.trash.core.pool.size=5, ozone.om.container.location.cache.size=100000, ozone.om.container.location.cache.ttl=360m, ozone.om.db.dirs.permissions=750, ozone.om.db.max.open.files=-1, ozone.om.delta.update.data.size.max.limit=1024MB, ozone.om.enable.filesystem.paths=false, ozone.om.enable.ofs.shared.tmp.dir=false, ozone.om.fs.snapshot.max.limit=1000, ozone.om.group.rights=ALL, ozone.om.grpc.bossgroup.size=8, ozone.om.grpc.maximum.response.length=134217728, ozone.om.grpc.port=8981, ozone.om.grpc.read.thread.num=32, ozone.om.grpc.workergroup.size=32, ozone.om.ha.raft.server.log.appender.wait-time.min=0ms, ozone.om.ha.raft.server.retrycache.expirytime=300s, ozone.om.handler.count.key=20, ozone.om.http-address=0.0.0.0:9874, ozone.om.http-bind-host=0.0.0.0, ozone.om.http.auth.kerberos.keytab=/etc/security/keytabs/HTTP.keytab, ozone.om.http.auth.kerberos.principal=HTTP/_HOST@REALM, ozone.om.http.auth.type=simple, ozone.om.http.enabled=true, ozone.om.https-address=0.0.0.0:9875, ozone.om.https-bind-host=0.0.0.0, ozone.om.init.default.layout.version=-1, ozone.om.kerberos.keytab.file=/etc/security/keytabs/OM.keytab, ozone.om.kerberos.principal=OM/_HOST@REALM, ozone.om.kerberos.principal.pattern=*, ozone.om.key.path.lock.enabled=false, ozone.om.keyname.character.check.enabled=false, ozone.om.leader.election.minimum.timeout.duration=5s, ozone.om.lease.hard.limit=7d, ozone.om.lease.soft.limit=60s, ozone.om.lock.fair=false, ozone.om.max.buckets=100000, ozone.om.multitenancy.enabled=false, ozone.om.multitenancy.ranger.sync.interval=10m, ozone.om.multitenancy.ranger.sync.timeout=10s, ozone.om.namespace.s3.strict=true, ozone.om.network.topology.refresh.duration=1h, ozone.om.open.key.cleanup.limit.per.task=1000, ozone.om.open.key.cleanup.service.interval=24h, ozone.om.open.key.cleanup.service.timeout=300s, ozone.om.open.key.expire.threshold=7d, ozone.om.open.mpu.cleanup.service.interval=24h, ozone.om.open.mpu.cleanup.service.timeout=300s, ozone.om.open.mpu.expire.threshold=30d, ozone.om.open.mpu.parts.cleanup.limit.per.task=1000, ozone.om.ratis.enable=true, ozone.om.ratis.log.appender.queue.byte-limit=4MB, ozone.om.ratis.log.appender.queue.num-elements=1024, ozone.om.ratis.log.purge.gap=1000000, ozone.om.ratis.log.purge.preservation.log.num=0, ozone.om.ratis.log.purge.upto.snapshot.index=true, ozone.om.ratis.minimum.timeout=5s, ozone.om.ratis.port=9872, ozone.om.ratis.rpc.type=GRPC, ozone.om.ratis.segment.preallocated.size=4MB, ozone.om.ratis.segment.size=4MB, ozone.om.ratis.server.close.threshold=60s, ozone.om.ratis.server.failure.timeout.duration=120s, ozone.om.ratis.server.leaderelection.pre-vote=true, ozone.om.ratis.server.request.timeout=3s, ozone.om.ratis.server.retry.cache.timeout=600000ms, ozone.om.ratis.snapshot.max.total.sst.size=100000000, ozone.om.read.threadpool=10, ozone.om.s3.grpc.server_enabled=false, ozone.om.save.metrics.interval=5m, ozone.om.security.admin.protocol.acl=*, ozone.om.security.client.protocol.acl=*, ozone.om.snapshot.cache.cleanup.service.run.interval=1m, ozone.om.snapshot.cache.max.size=10, ozone.om.snapshot.checkpoint.dir.creation.poll.timeout=20s, ozone.om.snapshot.compaction.dag.max.time.allowed=30d, ozone.om.snapshot.compaction.dag.prune.daemon.run.interval=3600s, ozone.om.snapshot.db.max.open.files=100, ozone.om.snapshot.diff.cleanup.service.run.interval=1m, ozone.om.snapshot.diff.cleanup.service.timeout=5m, ozone.om.snapshot.diff.disable.native.libs=false, ozone.om.snapshot.diff.job.default.wait.time=1s, ozone.om.snapshot.diff.job.report.persistent.time=7d, ozone.om.snapshot.diff.max.allowed.keys.changed.per.job=10000000, ozone.om.snapshot.diff.max.jobs.purge.per.task=100, ozone.om.snapshot.diff.max.page.size=1000, ozone.om.snapshot.diff.thread.pool.size=10, ozone.om.snapshot.force.full.diff=false, ozone.om.snapshot.load.native.lib=true, ozone.om.snapshot.provider.connection.timeout=5000s, ozone.om.snapshot.provider.request.timeout=300000ms, ozone.om.snapshot.provider.socket.timeout=5000s, ozone.om.transport.class=org.apache.hadoop.ozone.om.protocolPB.Hadoop3OmTransportFactory, ozone.om.unflushed.transaction.max.count=10000, ozone.om.upgrade.finalization.ratis.based.timeout=30s, ozone.om.upgrade.quota.recalculate.enabled=true, ozone.om.user.max.volume=1024, ozone.om.user.rights=ALL, ozone.om.volume.listall.allowed=true, ozone.path.deleting.limit.per.task=6000, ozone.recon.containerkey.flush.db.max.threshold=150000, ozone.recon.db.dirs.permissions=750, ozone.recon.heatmap.enable=false, ozone.recon.http-address=0.0.0.0:9888, ozone.recon.http-bind-host=0.0.0.0, ozone.recon.http.auth.kerberos.keytab=/etc/security/keytabs/HTTP.keytab, ozone.recon.http.auth.kerberos.principal=HTTP/_HOST@REALM, ozone.recon.http.auth.type=simple, ozone.recon.http.enabled=true, ozone.recon.https-address=0.0.0.0:9889, ozone.recon.https-bind-host=0.0.0.0, ozone.recon.nssummary.flush.db.max.threshold=150000, ozone.recon.om.connection.request.timeout=5000, ozone.recon.om.connection.timeout=5s, ozone.recon.om.snapshot.task.flush.param=false, ozone.recon.om.snapshot.task.initial.delay=1m, ozone.recon.om.snapshot.task.interval.delay=10m, ozone.recon.om.socket.timeout=5s, ozone.recon.scm.connection.request.timeout=5s, ozone.recon.scm.connection.timeout=5s, ozone.recon.scm.container.threshold=100, ozone.recon.scm.snapshot.enabled=true, ozone.recon.scm.snapshot.task.initial.delay=1m, ozone.recon.scm.snapshot.task.interval.delay=24h, ozone.recon.scmclient.failover.max.retry=3, ozone.recon.scmclient.max.retry.timeout=6s, ozone.recon.scmclient.rpc.timeout=1m, ozone.recon.security.client.datanode.container.protocol.acl=*, ozone.recon.sql.db.auto.commit=true, ozone.recon.sql.db.conn.idle.max.age=3600s, ozone.recon.sql.db.conn.idle.test=SELECT 1, ozone.recon.sql.db.conn.idle.test.period=60s, ozone.recon.sql.db.conn.max.active=5, ozone.recon.sql.db.conn.max.age=1800s, ozone.recon.sql.db.conn.timeout=30000ms, ozone.recon.sql.db.driver=org.apache.derby.jdbc.EmbeddedDriver, ozone.recon.sql.db.jdbc.url=jdbc:derby:${ozone.recon.db.dir}/ozone_recon_derby.db, ozone.recon.sql.db.jooq.dialect=DERBY, ozone.recon.task.containercounttask.interval=60s, ozone.recon.task.missingcontainer.interval=300s, ozone.recon.task.pipelinesync.interval=300s, ozone.recon.task.safemode.wait.threshold=300s, ozone.recon.task.thread.count=1, ozone.replication.allowed-configs=^((STANDALONE|RATIS)/(ONE|THREE))|(EC/(3-2|6-3|10-4)-(512|1024|2048|4096)k)$, ozone.rest.client.http.connection.max=100, ozone.rest.client.http.connection.per-route.max=20, ozone.s3g.client.buffer.size=4KB, ozone.s3g.default.bucket.layout=OBJECT_STORE, ozone.s3g.http-address=0.0.0.0:9878, ozone.s3g.http-bind-host=0.0.0.0, ozone.s3g.http.auth.kerberos.keytab=/etc/security/keytabs/HTTP.keytab, ozone.s3g.http.auth.kerberos.principal=HTTP/_HOST@REALM, ozone.s3g.http.auth.type=simple, ozone.s3g.http.enabled=true, ozone.s3g.kerberos.keytab.file=/etc/security/keytabs/s3g.keytab, ozone.s3g.kerberos.principal=s3g/_HOST@REALM, ozone.s3g.list-keys.shallow.enabled=true, ozone.s3g.metrics.percentiles.intervals.seconds=60, ozone.s3g.secret.http.auth.type=kerberos, ozone.s3g.secret.http.enabled=false, ozone.s3g.volume.name=s3v, ozone.scm.block.client.bind.host=0.0.0.0, ozone.scm.block.client.port=9863, ozone.scm.block.deletion.max.retry=4096, ozone.scm.block.handler.count.key=100, ozone.scm.block.read.threadpool=10, ozone.scm.block.size=4MB, ozone.scm.ca.list.retry.interval=10s, ozone.scm.chunk.size=1MB, ozone.scm.client.bind.host=0.0.0.0, ozone.scm.client.handler.count.key=100, ozone.scm.client.port=9860, ozone.scm.client.read.threadpool=10, ozone.scm.close.container.wait.duration=1s, ozone.scm.container.layout=FILE_PER_BLOCK, ozone.scm.container.lock.stripes=512, ozone.scm.container.placement.ec.impl=org.apache.hadoop.hdds.scm.container.placement.algorithms.SCMContainerPlacementRackScatter, ozone.scm.container.placement.impl=org.apache.hadoop.hdds.scm.container.placement.algorithms.SCMContainerPlacementRackAware, ozone.scm.container.size=5GB, ozone.scm.datanode.admin.monitor.interval=30s, ozone.scm.datanode.admin.monitor.logging.limit=1000, ozone.scm.datanode.disallow.same.peers=false, ozone.scm.datanode.handler.count.key=100, ozone.scm.datanode.pipeline.limit=2, ozone.scm.datanode.port=9861, ozone.scm.datanode.ratis.volume.free-space.min=1GB, ozone.scm.datanode.read.threadpool=10, ozone.scm.db.dirs.permissions=750, ozone.scm.dead.node.interval=10m, ozone.scm.ec.pipeline.minimum=5, ozone.scm.ec.pipeline.per.volume.factor=1, ozone.scm.event.ContainerReport.thread.pool.size=10, ozone.scm.expired.container.replica.op.scrub.interval=5m, ozone.scm.grpc.port=9895, ozone.scm.ha.dbtransactionbuffer.flush.interval=600s, ozone.scm.ha.grpc.deadline.interval=30m, ozone.scm.ha.raft.server.log.appender.wait-time.min=0ms, ozone.scm.ha.ratis.leader.election.timeout=5s, ozone.scm.ha.ratis.leader.ready.check.interval=2s, ozone.scm.ha.ratis.leader.ready.wait.timeout=60s, ozone.scm.ha.ratis.log.appender.queue.byte-limit=4MB, ozone.scm.ha.ratis.log.appender.queue.num-elements=1024, ozone.scm.ha.ratis.log.purge.enabled=false, ozone.scm.ha.ratis.log.purge.gap=1000000, ozone.scm.ha.ratis.request.timeout=30s, ozone.scm.ha.ratis.rpc.type=GRPC, ozone.scm.ha.ratis.segment.preallocated.size=4MB, ozone.scm.ha.ratis.segment.size=4MB, ozone.scm.ha.ratis.server.failure.timeout.duration=120s, ozone.scm.ha.ratis.server.leaderelection.pre-vote=true, ozone.scm.ha.ratis.server.retry.cache.timeout=60s, ozone.scm.ha.ratis.server.snapshot.creation.gap=1024, ozone.scm.ha.ratis.snapshot.threshold=1000, ozone.scm.handler.count.key=20, ozone.scm.heartbeat.log.warn.interval.count=10, ozone.scm.heartbeat.rpc-retry-count=15, ozone.scm.heartbeat.rpc-retry-interval=1s, ozone.scm.heartbeat.rpc-timeout=5s, ozone.scm.heartbeat.thread.interval=100ms, ozone.scm.http-address=0.0.0.0:9876, ozone.scm.http-bind-host=0.0.0.0, ozone.scm.http.enabled=true, ozone.scm.https-address=0.0.0.0:9877, ozone.scm.https-bind-host=0.0.0.0, ozone.scm.info.wait.duration=10m, ozone.scm.keyvalue.container.deletion-choosing.policy=org.apache.hadoop.ozone.container.common.impl.TopNOrderedContainerDeletionChoosingPolicy, ozone.scm.network.topology.schema.file=network-topology-default.xml, ozone.scm.pipeline.allocated.timeout=5m, ozone.scm.pipeline.creation.auto.factor.one=true, ozone.scm.pipeline.creation.interval=120s, ozone.scm.pipeline.destroy.timeout=66s, ozone.scm.pipeline.leader-choose.policy=org.apache.hadoop.hdds.scm.pipeline.leader.choose.algorithms.MinLeaderCountChoosePolicy, ozone.scm.pipeline.owner.container.count=3, ozone.scm.pipeline.per.metadata.disk=2, ozone.scm.pipeline.scrub.interval=5m, ozone.scm.ratis.pipeline.limit=3, ozone.scm.ratis.port=9894, ozone.scm.security.handler.count.key=2, ozone.scm.security.read.threadpool=1, ozone.scm.security.service.bind.host=0.0.0.0, ozone.scm.security.service.port=9961, ozone.scm.sequence.id.batch.size=1000, ozone.scm.skip.bootstrap.validation=false, ozone.scm.stale.node.interval=5m, ozone.security.crypto.compliance.mode=unrestricted, ozone.security.enabled=false, ozone.security.http.kerberos.enabled=false, ozone.security.reconfigure.protocol.acl=*, ozone.server.default.replication=3, ozone.server.default.replication.type=RATIS, ozone.service.shutdown.timeout=60s, ozone.snapshot.deep.cleaning.enabled=false, ozone.snapshot.deleting.limit.per.task=10, ozone.snapshot.deleting.service.interval=30s, ozone.snapshot.deleting.service.timeout=300s, ozone.snapshot.directory.service.interval=24h, ozone.snapshot.directory.service.timeout=300s, ozone.snapshot.filtering.limit.per.task=2, ozone.snapshot.filtering.service.interval=1m, ozone.snapshot.key.deleting.limit.per.task=20000, ozone.sst.filtering.service.timeout=300000ms, ozone.test.test.key=value1, ozone.xceiver.client.metrics.percentiles.intervals.seconds=60, recon.om.delta.update.limit=2000, recon.om.delta.update.loop.limit=10, scm.container.client.idle.threshold=10s, scm.container.client.max.size=256, test.scm.client.address=localhost, test.scm.client.bind.host=0.0.0.0, test.scm.client.class=java.lang.Object, test.scm.client.compression.enabled=true, test.scm.client.duration=1h, test.scm.client.enabled=true, test.scm.client.port=9878, test.scm.client.threshold=10, test.scm.client.wait=30m, yarn.app.mapreduce.am.container.log.backups=0, yarn.app.mapreduce.am.container.log.limit.kb=0, yarn.app.mapreduce.task.container.log.backups=0, yarn.nodemanager.container.stderr.pattern={*stderr*,*STDERR*}, yarn.nodemanager.container.stderr.tail.bytes=4096, yarn.nodemanager.windows-container.cpu-limit.enabled=false, yarn.nodemanager.windows-container.memory-limit.enabled=false, yarn.resourcemanager.container.liveness-monitor.interval-ms=600000}
************************************************************/
2024-10-01 11:06:25,519 [main] INFO  recon.ReconServer (SignalLogger.java:register(101)) - registered UNIX signal handlers for [SIGHUP, SIGINT, SIGTERM]
2024-10-01 11:06:25,525 [om1@group-C5BA1605619E-StateMachineUpdater] INFO  ratis.OzoneManagerStateMachine (OzoneManagerStateMachine.java:notifyConfigurationChanged(216)) - Received Configuration change notification from Ratis. New Peer list:
[id: "om1"
address: "localhost:15007"
startupRole: FOLLOWER
]
2024-10-01 11:06:25,527 [om1@group-C5BA1605619E-StateMachineUpdater] INFO  server.RaftServer$Division (LeaderStateImpl.java:checkStartIndex(316)) - Leader om1@group-C5BA1605619E-LeaderStateImpl is ready since appliedIndex == startIndex == 0
2024-10-01 11:06:26,005 [main] INFO  reflections.Reflections (Reflections.java:scan(219)) - Reflections took 56 ms to scan 1 urls, producing 20 keys and 86 values
2024-10-01 11:06:26,334 [main] INFO  recon.ReconServer (ReconServer.java:call(117)) - Initializing Recon server...
2024-10-01 11:06:26,401 [main] INFO  persistence.DefaultDataSourceProvider (DefaultDataSourceProvider.java:get(51)) - JDBC Url for Recon : jdbc:derby:/home/runner/work/ozone/ozone/hadoop-ozone/integration-test/target/test-dir/MiniOzoneClusterImpl-6f218983-f2ca-45a9-b903-464e6faef46a/recon/ozone_recon_derby.db 
2024-10-01 11:06:27,163 [main] INFO  codegen.SqlDbUtils (SqlDbUtils.java:createNewDerbyDatabase(67)) - Created derby database at jdbc:derby:/home/runner/work/ozone/ozone/hadoop-ozone/integration-test/target/test-dir/MiniOzoneClusterImpl-6f218983-f2ca-45a9-b903-464e6faef46a/recon/ozone_recon_derby.db.
2024-10-01 11:06:27,478 [main] INFO  impl.ReconContainerMetadataManagerImpl (ReconContainerMetadataManagerImpl.java:initializeTables(141)) - KEY_CONTAINER Table is empty, initializing from CONTAINER_KEY Table ...
2024-10-01 11:06:27,479 [main] INFO  impl.ReconContainerMetadataManagerImpl (ReconContainerMetadataManagerImpl.java:initializeKeyContainerTable(666)) - It took 0.0 seconds to initialized 0 records to KEY_CONTAINER table
2024-10-01 11:06:27,539 [main] INFO  persistence.DefaultDataSourceProvider (DefaultDataSourceProvider.java:get(51)) - JDBC Url for Recon : jdbc:derby:/home/runner/work/ozone/ozone/hadoop-ozone/integration-test/target/test-dir/MiniOzoneClusterImpl-6f218983-f2ca-45a9-b903-464e6faef46a/recon/ozone_recon_derby.db 
2024-10-01 11:06:27,547 [main] INFO  codegen.SqlDbUtils (SqlDbUtils.java:createNewDerbyDatabase(67)) - Created derby database at jdbc:derby:/home/runner/work/ozone/ozone/hadoop-ozone/integration-test/target/test-dir/MiniOzoneClusterImpl-6f218983-f2ca-45a9-b903-464e6faef46a/recon/ozone_recon_derby.db.
2024-10-01 11:06:27,548 [main] INFO  recon.ReconServer (ReconServer.java:call(141)) - Creating Recon Schema.
2024-10-01 11:06:27,973 [main] INFO  http.BaseHttpServer (BaseHttpServer.java:newHttpServer2BuilderForOzone(223)) - Starting Web-server for recon at: http://0.0.0.0:15008
2024-10-01 11:06:27,974 [main] INFO  http.BaseHttpServer (BaseHttpServer.java:<init>(110)) - Hadoop Security Enabled: false Ozone Security Enabled: false Ozone HTTP Security Enabled: false 
2024-10-01 11:06:27,977 [main] WARN  server.AuthenticationFilter (AuthenticationFilter.java:constructSecretProvider(240)) - Unable to initialize FileSignerSecretProvider, falling back to use random secrets. Reason: Could not read signature secret file: /home/runner/hadoop-http-auth-signature-secret
2024-10-01 11:06:27,982 [main] INFO  http.HttpRequestLog (HttpRequestLog.java:getRequestLog(86)) - Http request log for http.requests.recon is not defined
2024-10-01 11:06:27,985 [main] INFO  http.HttpServer2 (HttpServer2.java:addGlobalFilter(1035)) - Added global filter 'safety' (class=org.apache.hadoop.hdds.server.http.HttpServer2$QuotingInputFilter)
2024-10-01 11:06:27,987 [main] INFO  http.HttpServer2 (HttpServer2.java:addFilter(1011)) - Added filter static_user_filter (class=org.apache.hadoop.http.lib.StaticUserWebFilter$StaticUserFilter) to context recon
2024-10-01 11:06:27,987 [main] INFO  http.HttpServer2 (HttpServer2.java:addFilter(1019)) - Added filter static_user_filter (class=org.apache.hadoop.http.lib.StaticUserWebFilter$StaticUserFilter) to context static
2024-10-01 11:06:27,987 [main] INFO  http.HttpServer2 (HttpServer2.java:addFilter(1019)) - Added filter static_user_filter (class=org.apache.hadoop.http.lib.StaticUserWebFilter$StaticUserFilter) to context logs
2024-10-01 11:06:27,989 [main] INFO  http.BaseHttpServer (BaseHttpServer.java:<init>(189)) - HTTP server of recon uses base directory /home/runner/work/ozone/ozone/hadoop-ozone/integration-test/target/test-dir/MiniOzoneClusterImpl-6f218983-f2ca-45a9-b903-464e6faef46a/ozone-meta/webserver
2024-10-01 11:06:27,996 [main] INFO  tasks.ReconTaskControllerImpl (ReconTaskControllerImpl.java:registerTask(80)) - Registered task ContainerKeyMapperTask with controller.
2024-10-01 11:06:28,152 [main] INFO  tasks.ReconTaskControllerImpl (ReconTaskControllerImpl.java:registerTask(80)) - Registered task FileSizeCountTask with controller.
2024-10-01 11:06:28,156 [main] INFO  tasks.ReconTaskControllerImpl (ReconTaskControllerImpl.java:registerTask(80)) - Registered task OmTableInsightTask with controller.
2024-10-01 11:06:28,159 [main] INFO  tasks.ReconTaskControllerImpl (ReconTaskControllerImpl.java:registerTask(80)) - Registered task NSSummaryTask with controller.
2024-10-01 11:06:28,163 [main] INFO  ozone.OmUtils (OmUtils.java:getOzoneManagerServiceId(722)) - ozone.om.internal.service.id is not defined, falling back to ozone.om.service.ids to find serviceID for OzoneManager if it is HA enabled cluster
2024-10-01 11:06:28,163 [main] INFO  ozone.OmUtils (OmUtils.java:getOzoneManagerServiceId(741)) - No OzoneManager ServiceID configured.
2024-10-01 11:06:28,571 [main] INFO  net.NodeSchemaLoader (NodeSchemaLoader.java:loadSchemaFromFile(129)) - Loading schema from [jar:file:/home/runner/work/ozone/ozone/hadoop-hdds/common/target/hdds-common-1.5.0-SNAPSHOT.jar!/network-topology-default.xml]
2024-10-01 11:06:28,572 [main] INFO  net.NodeSchemaLoader (NodeSchemaLoader.java:loadSchema(176)) - Loading network topology layer schema file
2024-10-01 11:06:28,666 [main] INFO  upgrade.AbstractLayoutVersionManager (AbstractLayoutVersionManager.java:init(83)) - Initializing Layout version manager with metadata layout = HBASE_SUPPORT (version = 8), software layout = HBASE_SUPPORT (version = 8)
2024-10-01 11:06:28,669 [main] INFO  ha.SequenceIdGenerator (SequenceIdGenerator.java:<init>(240)) - Init the HA SequenceIdGenerator.
2024-10-01 11:06:28,673 [main] WARN  server.ServerUtils (ServerUtils.java:sanitizeUserArgs(73)) - ozone.scm.dead.node.interval value = 8000 is smaller than min = 12000 based on the key value of ozone.scm.stale.node.interval, reset to the min value 12000.
2024-10-01 11:06:28,676 [main] INFO  node.SCMNodeManager (SCMNodeManager.java:<init>(180)) - Entering startup safe mode.
2024-10-01 11:06:28,679 [main] INFO  scm.ReconNodeManager (ReconNodeManager.java:loadExistingNodes(132)) - Loaded 0 nodes from node DB.
2024-10-01 11:06:28,679 [main] INFO  algorithms.ContainerPlacementPolicyFactory (ContainerPlacementPolicyFactory.java:getPolicyInternal(86)) - Create container placement policy of type org.apache.hadoop.hdds.scm.container.placement.algorithms.SCMContainerPlacementRackAware
2024-10-01 11:06:28,684 [main] INFO  ipc.CallQueueManager (CallQueueManager.java:<init>(90)) - Using callQueue: class java.util.concurrent.LinkedBlockingQueue, queueCapacity: 10000, scheduler: class org.apache.hadoop.ipc.DefaultRpcScheduler, ipcBackoff: false.
2024-10-01 11:06:28,685 [main] INFO  ipc.Server (Server.java:<init>(1287)) - Listener at 0.0.0.0:15009
2024-10-01 11:06:28,685 [Socket Reader #1 for port 15009] INFO  ipc.Server (Server.java:run(1323)) - Starting Socket Reader #1 for port 15009
2024-10-01 11:06:28,686 [Socket Reader #2 for port 15009] INFO  ipc.Server (Server.java:run(1323)) - Starting Socket Reader #2 for port 15009
2024-10-01 11:06:28,688 [Socket Reader #10 for port 15009] INFO  ipc.Server (Server.java:run(1323)) - Starting Socket Reader #10 for port 15009
2024-10-01 11:06:28,688 [Socket Reader #9 for port 15009] INFO  ipc.Server (Server.java:run(1323)) - Starting Socket Reader #9 for port 15009
2024-10-01 11:06:28,688 [Socket Reader #8 for port 15009] INFO  ipc.Server (Server.java:run(1323)) - Starting Socket Reader #8 for port 15009
2024-10-01 11:06:28,688 [Socket Reader #7 for port 15009] INFO  ipc.Server (Server.java:run(1323)) - Starting Socket Reader #7 for port 15009
2024-10-01 11:06:28,687 [Socket Reader #6 for port 15009] INFO  ipc.Server (Server.java:run(1323)) - Starting Socket Reader #6 for port 15009
2024-10-01 11:06:28,687 [Socket Reader #5 for port 15009] INFO  ipc.Server (Server.java:run(1323)) - Starting Socket Reader #5 for port 15009
2024-10-01 11:06:28,687 [Socket Reader #4 for port 15009] INFO  ipc.Server (Server.java:run(1323)) - Starting Socket Reader #4 for port 15009
2024-10-01 11:06:28,687 [Socket Reader #3 for port 15009] INFO  ipc.Server (Server.java:run(1323)) - Starting Socket Reader #3 for port 15009
2024-10-01 11:06:28,694 [main] INFO  pipeline.PipelineStateManagerImpl (PipelineStateManagerImpl.java:initialize(78)) - No pipeline exists in current db
2024-10-01 11:06:28,745 [main] INFO  recon.ReconServer (ReconServer.java:call(156)) - Initializing support of Recon Features...
2024-10-01 11:06:28,748 [main] INFO  recon.ReconServer (ReconServer.java:start(220)) - Starting Recon server
2024-10-01 11:06:28,748 [main] INFO  impl.MetricsSystemImpl (MetricsSystemImpl.java:init(158)) - Recon metrics system started (again)
2024-10-01 11:06:28,781 [main] INFO  http.HttpServer2 (HttpServer2.java:bindListener(1235)) - Jetty bound to port 15008
2024-10-01 11:06:28,782 [main] INFO  server.Server (Server.java:doStart(375)) - jetty-9.4.56.v20240826; built: 2024-08-26T17:15:05.868Z; git: ec6782ff5ead824dabdcf47fa98f90a4aedff401; jvm 17.0.12+7
2024-10-01 11:06:28,805 [main] INFO  server.session (DefaultSessionIdManager.java:doStart(334)) - DefaultSessionIdManager workerName=node0
2024-10-01 11:06:28,805 [main] INFO  server.session (DefaultSessionIdManager.java:doStart(339)) - No SessionScavenger set, using defaults
2024-10-01 11:06:28,806 [main] INFO  server.session (HouseKeeper.java:startScavenging(132)) - node0 Scavenging every 660000ms
2024-10-01 11:06:28,808 [main] INFO  handler.ContextHandler (ContextHandler.java:doStart(921)) - Started o.e.j.s.ServletContextHandler@35d0499b{logs,/logs,file:///home/runner/work/ozone/ozone/hadoop-ozone/integration-test/target/log,AVAILABLE}
2024-10-01 11:06:28,809 [main] INFO  handler.ContextHandler (ContextHandler.java:doStart(921)) - Started o.e.j.s.ServletContextHandler@76a34504{static,/static,jar:file:/home/runner/work/ozone/ozone/hadoop-ozone/recon/target/ozone-recon-1.5.0-SNAPSHOT.jar!/webapps/static,AVAILABLE}
2024-10-01 11:06:29,759 [main] INFO  handler.ContextHandler (ContextHandler.java:doStart(921)) - Started o.e.j.w.WebAppContext@4c2ed0fa{recon,/,file:///home/runner/work/ozone/ozone/hadoop-ozone/integration-test/target/test-dir/MiniOzoneClusterImpl-6f218983-f2ca-45a9-b903-464e6faef46a/ozone-meta/webserver/jetty-0_0_0_0-15008-ozone-recon-1_5_0-SNAPSHOT_jar-_-any-6104743238523184123/webapp/,AVAILABLE}{jar:file:/home/runner/work/ozone/ozone/hadoop-ozone/recon/target/ozone-recon-1.5.0-SNAPSHOT.jar!/webapps/recon}
2024-10-01 11:06:29,761 [main] INFO  server.AbstractConnector (AbstractConnector.java:doStart(333)) - Started ServerConnector@240af9dc{HTTP/1.1, (http/1.1)}{0.0.0.0:15008}
2024-10-01 11:06:29,762 [main] INFO  server.Server (Server.java:doStart(415)) - Started @12376ms
2024-10-01 11:06:29,762 [main] WARN  impl.MetricsSystemImpl (MetricsSystemImpl.java:register(279)) - Sink prometheus already exists!
2024-10-01 11:06:29,764 [main] INFO  http.BaseHttpServer (BaseHttpServer.java:updateConnectorAddress(354)) - HTTP server of recon listening at http://0.0.0.0:15008
2024-10-01 11:06:29,764 [main] INFO  impl.OzoneManagerServiceProviderImpl (OzoneManagerServiceProviderImpl.java:start(259)) - Starting Ozone Manager Service Provider.
2024-10-01 11:06:29,770 [main] INFO  impl.OzoneManagerServiceProviderImpl (OzoneManagerServiceProviderImpl.java:registerOMDBTasks(237)) - Registered OmDeltaRequest task 
2024-10-01 11:06:29,773 [main] INFO  impl.OzoneManagerServiceProviderImpl (OzoneManagerServiceProviderImpl.java:registerOMDBTasks(247)) - Registered OmSnapshotRequest task 
2024-10-01 11:06:29,774 [main] INFO  recovery.ReconOmMetadataManagerImpl (ReconOmMetadataManagerImpl.java:start(76)) - Starting ReconOMMetadataManagerImpl
2024-10-01 11:06:29,774 [main] INFO  tasks.ReconTaskControllerImpl (ReconTaskControllerImpl.java:start(222)) - Starting Recon Task Controller.
2024-10-01 11:06:29,775 [main] INFO  scm.ReconStorageContainerManagerFacade (ReconStorageContainerManagerFacade.java:start(396)) - Recon ScmDatanodeProtocol RPC server is listening at /0.0.0.0:15009
2024-10-01 11:06:29,926 [main] INFO  scm.ReconStorageContainerManagerFacade (ReconStorageContainerManagerFacade.java:initializePipelinesFromScm(496)) - Obtained 0 pipelines from SCM.
2024-10-01 11:06:29,927 [main] INFO  scm.ReconPipelineManager (ReconPipelineManager.java:initializePipelines(105)) - Recon has 0 pipelines in house.
2024-10-01 11:06:29,927 [main] INFO  scm.ReconStorageContainerManagerFacade (ReconStorageContainerManagerFacade.java:start(409)) - SCM DB initialized
2024-10-01 11:06:29,929 [main] INFO  server.SCMDatanodeProtocolServer (SCMDatanodeProtocolServer.java:start(199)) - ScmDatanodeProtocol RPC server for DataNodes is listening at /0.0.0.0:15009
2024-10-01 11:06:29,930 [IPC Server Responder] INFO  ipc.Server (Server.java:run(1562)) - IPC Server Responder: starting
2024-10-01 11:06:29,930 [IPC Server listener on 15009] INFO  ipc.Server (Server.java:run(1402)) - IPC Server listener on 15009: starting
2024-10-01 11:06:41,083 [main] INFO  scm.ReconScmTask (ReconScmTask.java:register(46)) - Registered PipelineSyncTask task 
2024-10-01 11:06:41,084 [main] INFO  scm.ReconScmTask (ReconScmTask.java:start(56)) - Starting PipelineSyncTask Thread.
2024-10-01 11:06:41,091 [main] INFO  scm.ReconScmTask (ReconScmTask.java:register(46)) - Registered ContainerHealthTask task 
2024-10-01 11:06:41,091 [main] INFO  scm.ReconScmTask (ReconScmTask.java:start(56)) - Starting ContainerHealthTask Thread.
2024-10-01 11:06:41,094 [main] INFO  scm.ReconScmTask (ReconScmTask.java:register(46)) - Registered ContainerSizeCountTask task 
2024-10-01 11:06:41,094 [main] INFO  scm.ReconScmTask (ReconScmTask.java:start(56)) - Starting ContainerSizeCountTask Thread.
2024-10-01 11:06:41,109 [main] INFO  recon.ReconServer (ReconServer.java:call(163)) - Recon server initialized successfully!
2024-10-01 11:06:41,109 [JvmPauseMonitor2] INFO  util.JvmPauseMonitor (JvmPauseMonitor.java:run(146)) - JvmPauseMonitor-Recon: Started
2024-10-01 11:06:41,111 [ContainerHealthTask] INFO  fsck.ContainerHealthTask (ContainerHealthTask.java:checkAndProcessContainers(182)) - Container Health task thread took 0 iterations to fetch all containers using batched approach with batch size of 1000
2024-10-01 11:06:41,114 [PipelineSyncTask] INFO  scm.ReconPipelineManager (ReconPipelineManager.java:initializePipelines(105)) - Recon has 0 pipelines in house.
2024-10-01 11:06:41,174 [main] WARN  dropwizard3.Dm3MetricRegistriesImpl (Dm3MetricRegistriesImpl.java:addReporterRegistration(114)) - New reporters are added after registries were created. Some metrics will be missing from the reporter. Please add reporter before adding any new registry.
2024-10-01 11:06:41,174 [main] WARN  dropwizard3.Dm3MetricRegistriesImpl (Dm3MetricRegistriesImpl.java:addReporterRegistration(114)) - New reporters are added after registries were created. Some metrics will be missing from the reporter. Please add reporter before adding any new registry.
2024-10-01 11:06:41,175 [main] INFO  impl.MetricsSystemImpl (MetricsSystemImpl.java:init(158)) - HddsDatanode metrics system started (again)
2024-10-01 11:06:41,197 [main] INFO  ozone.HddsDatanodeService (HddsDatanodeService.java:start(235)) - HddsDatanodeService host:fv-az1244-121 ip:10.1.0.35
2024-10-01 11:06:41,203 [main] INFO  upgrade.AbstractLayoutVersionManager (AbstractLayoutVersionManager.java:init(83)) - Initializing Layout version manager with metadata layout = HBASE_SUPPORT (version = 8), software layout = HBASE_SUPPORT (version = 8)
2024-10-01 11:06:41,206 [main] INFO  statemachine.DatanodeStateMachine (DatanodeStateMachine.java:getEndPointTaskThreadPoolSize(294)) - Datanode State Machine Task Thread Pool size 2
2024-10-01 11:06:41,262 [main] INFO  volume.HddsVolume (HddsVolume.java:<init>(127)) - Creating HddsVolume: /home/runner/work/ozone/ozone/hadoop-ozone/integration-test/target/test-dir/MiniOzoneClusterImpl-6f218983-f2ca-45a9-b903-464e6faef46a/ozone-meta/datanode-1/data-0/hdds of storage type : DISK capacity : 9222449699674390527
2024-10-01 11:06:41,266 [main] INFO  volume.MutableVolumeSet (MutableVolumeSet.java:initializeVolumeSet(173)) - Added Volume : /home/runner/work/ozone/ozone/hadoop-ozone/integration-test/target/test-dir/MiniOzoneClusterImpl-6f218983-f2ca-45a9-b903-464e6faef46a/ozone-meta/datanode-1/data-0/hdds to VolumeSet
2024-10-01 11:06:41,271 [main] INFO  volume.MutableVolumeSet (MutableVolumeSet.java:initializeVolumeSet(173)) - Added Volume : /home/runner/work/ozone/ozone/hadoop-ozone/integration-test/target/test-dir/MiniOzoneClusterImpl-6f218983-f2ca-45a9-b903-464e6faef46a/ozone-meta/datanode-1/ratis to VolumeSet
2024-10-01 11:06:41,276 [main] INFO  ozoneimpl.OzoneContainer (HddsVolumeUtil.java:loadAllHddsVolumeDbStore(103)) - Load 1 volumes DbStore cost: 0ms
2024-10-01 11:06:41,304 [main] INFO  impl.FilePerChunkStrategy (FilePerChunkStrategy.java:<init>(84)) - ozone.chunk.read.mapped.buffer.max.count is load with 0
2024-10-01 11:06:41,307 [main] INFO  impl.FilePerBlockStrategy (FilePerBlockStrategy.java:<init>(91)) - ozone.chunk.read.mapped.buffer.max.count is load with 0
2024-10-01 11:06:41,341 [main] INFO  audit.AuditLogger (AuditLogger.java:refreshDebugCmdSet(135)) - Refresh DebugCmdSet for DNAudit to [].
2024-10-01 11:06:41,362 [main] INFO  server.RaftServerConfigKeys (ConfUtils.java:logGet(46)) - raft.server.log.appender.buffer.byte-limit = 33554432 (custom)
2024-10-01 11:06:41,376 [main] INFO  server.RaftServer (ConfUtils.java:logGet(46)) - raft.rpc.type = GRPC (default)
2024-10-01 11:06:41,376 [main] INFO  grpc.GrpcConfigKeys (ConfUtils.java:logFallback(53)) - raft.grpc.admin.host = null (fallback to raft.grpc.server.host)
2024-10-01 11:06:41,376 [main] INFO  grpc.GrpcConfigKeys (ConfUtils.java:logGet(46)) - raft.grpc.admin.port = 15014 (custom)
2024-10-01 11:06:41,377 [main] INFO  grpc.GrpcConfigKeys (ConfUtils.java:logFallback(53)) - raft.grpc.client.host = null (fallback to raft.grpc.server.host)
2024-10-01 11:06:41,377 [main] INFO  grpc.GrpcConfigKeys (ConfUtils.java:logGet(46)) - raft.grpc.client.port = 15014 (custom)
2024-10-01 11:06:41,377 [main] INFO  grpc.GrpcConfigKeys (ConfUtils.java:logGet(46)) - raft.grpc.server.host = null (default)
2024-10-01 11:06:41,377 [main] INFO  grpc.GrpcConfigKeys (ConfUtils.java:logGet(46)) - raft.grpc.server.port = 15014 (custom)
2024-10-01 11:06:41,377 [main] INFO  server.GrpcService (ConfUtils.java:logGet(46)) - raft.grpc.message.size.max = 34603008 (custom)
2024-10-01 11:06:41,377 [main] INFO  server.GrpcService (ConfUtils.java:logGet(46)) - raft.grpc.flow.control.window = 5MB (=5242880) (custom)
2024-10-01 11:06:41,378 [main] INFO  server.RaftServerConfigKeys (ConfUtils.java:logGet(46)) - raft.server.rpc.request.timeout = 60s (custom)
2024-10-01 11:06:41,378 [main] INFO  grpc.GrpcConfigKeys (ConfUtils.java:logGet(46)) - raft.grpc.server.heartbeat.channel = true (default)
2024-10-01 11:06:41,379 [main] INFO  server.RaftServerConfigKeys (ConfUtils.java:logGet(46)) - raft.server.log.appender.buffer.byte-limit = 33554432 (custom)
2024-10-01 11:06:41,380 [main] INFO  grpc.GrpcConfigKeys (ConfUtils.java:logGet(46)) - raft.grpc.server.async.request.thread.pool.cached = true (default)
2024-10-01 11:06:41,380 [main] INFO  grpc.GrpcConfigKeys (ConfUtils.java:logGet(46)) - raft.grpc.server.async.request.thread.pool.size = 32 (default)
2024-10-01 11:06:41,382 [main] INFO  impl.DataStreamServerImpl (ConfUtils.java:logGet(46)) - raft.datastream.type = NETTY (custom)
2024-10-01 11:06:41,393 [main] INFO  server.RaftServerConfigKeys (ConfUtils.java:logGet(46)) - raft.server.data-stream.async.request.thread.pool.cached = false (default)
2024-10-01 11:06:41,393 [main] INFO  server.RaftServerConfigKeys (ConfUtils.java:logGet(46)) - raft.server.data-stream.async.request.thread.pool.size = 20 (custom)
2024-10-01 11:06:41,394 [main] INFO  server.RaftServerConfigKeys (ConfUtils.java:logGet(46)) - raft.server.data-stream.async.write.thread.pool.size = 16 (default)
2024-10-01 11:06:41,395 [main] INFO  netty.NettyConfigKeys$DataStream (ConfUtils.java:logGet(46)) - raft.netty.dataStream.server.channel.inactive.grace-period = 10min (default)
2024-10-01 11:06:41,397 [main] INFO  server.RaftServerConfigKeys (ConfUtils.java:logGet(46)) - raft.server.data-stream.client.pool.size = 10 (default)
2024-10-01 11:06:41,399 [main] INFO  netty.NettyConfigKeys$DataStream (ConfUtils.java:logGet(46)) - raft.netty.dataStream.server.use-epoll = true (default)
2024-10-01 11:06:41,399 [main] INFO  netty.NettyConfigKeys$DataStream (ConfUtils.java:logGet(46)) - raft.netty.dataStream.server.boss-group.size = 0 (default)
2024-10-01 11:06:41,400 [main] INFO  netty.NettyUtils (NettyUtils.java:newEventLoopGroup(74)) - Create EpollEventLoopGroup for f24c48c6-4a91-44a4-ae9a-fb063e2dd958-NettyServerStreamRpc-bossGroup; Thread size is 0.
2024-10-01 11:06:41,401 [main] INFO  netty.NettyConfigKeys$DataStream (ConfUtils.java:logGet(46)) - raft.netty.dataStream.server.worker-group.size = 0 (default)
2024-10-01 11:06:41,401 [main] INFO  netty.NettyUtils (NettyUtils.java:newEventLoopGroup(74)) - Create EpollEventLoopGroup for f24c48c6-4a91-44a4-ae9a-fb063e2dd958-NettyServerStreamRpc-workerGroup; Thread size is 0.
2024-10-01 11:06:41,402 [main] INFO  netty.NettyConfigKeys$DataStream (ConfUtils.java:logGet(46)) - raft.netty.dataStream.server.tls.conf = null (default)
2024-10-01 11:06:41,404 [main] INFO  netty.NettyConfigKeys$DataStream (ConfUtils.java:logGet(46)) - raft.netty.dataStream.host = null (default)
2024-10-01 11:06:41,404 [main] INFO  netty.NettyConfigKeys$DataStream (ConfUtils.java:logGet(46)) - raft.netty.dataStream.port = 15017 (custom)
2024-10-01 11:06:41,407 [main] INFO  server.RaftServerConfigKeys (ConfUtils.java:logGet(46)) - raft.server.sleep.deviation.threshold = 300ms (default)
2024-10-01 11:06:41,408 [main] INFO  server.RaftServerConfigKeys (ConfUtils.java:logGet(46)) - raft.server.close.threshold = 60s (default)
2024-10-01 11:06:41,408 [main] INFO  server.RaftServerConfigKeys (ConfUtils.java:logGet(46)) - raft.server.leaderelection.leader.step-down.wait-time = 10s (default)
2024-10-01 11:06:41,408 [main] INFO  server.RaftServerConfigKeys (ConfUtils.java:logGet(46)) - raft.server.storage.dir = [/home/runner/work/ozone/ozone/hadoop-ozone/integration-test/target/test-dir/MiniOzoneClusterImpl-6f218983-f2ca-45a9-b903-464e6faef46a/ozone-meta/datanode-1/ratis] (custom)
2024-10-01 11:06:41,408 [main] INFO  server.RaftServerConfigKeys (ConfUtils.java:logGet(46)) - raft.server.threadpool.proxy.cached = true (default)
2024-10-01 11:06:41,409 [main] INFO  server.RaftServerConfigKeys (ConfUtils.java:logGet(46)) - raft.server.threadpool.proxy.size = 0 (default)
2024-10-01 11:06:41,416 [f24c48c6-4a91-44a4-ae9a-fb063e2dd958-NettyServerStreamRpc-bossGroup--thread1] INFO  logging.LoggingHandler (AbstractInternalLogger.java:log(148)) - [id: 0x315f7bd0] REGISTERED
2024-10-01 11:06:41,417 [f24c48c6-4a91-44a4-ae9a-fb063e2dd958-NettyServerStreamRpc-bossGroup--thread1] INFO  logging.LoggingHandler (AbstractInternalLogger.java:log(148)) - [id: 0x315f7bd0] BIND: 0.0.0.0/0.0.0.0:15017
2024-10-01 11:06:41,417 [f24c48c6-4a91-44a4-ae9a-fb063e2dd958-NettyServerStreamRpc-bossGroup--thread1] INFO  logging.LoggingHandler (AbstractInternalLogger.java:log(148)) - [id: 0x315f7bd0, L:/0.0.0.0:15017] ACTIVE
2024-10-01 11:06:41,418 [f24c48c6-4a91-44a4-ae9a-fb063e2dd958-impl-thread1] INFO  server.RaftServer (RaftServerProxy.java:initGroupDir(265)) - f24c48c6-4a91-44a4-ae9a-fb063e2dd958: found a subdirectory /home/runner/work/ozone/ozone/hadoop-ozone/integration-test/target/test-dir/MiniOzoneClusterImpl-6f218983-f2ca-45a9-b903-464e6faef46a/ozone-meta/datanode-1/ratis/tmp
2024-10-01 11:06:41,419 [f24c48c6-4a91-44a4-ae9a-fb063e2dd958-impl-thread1] INFO  server.RaftServer (RaftServerProxy.java:initGroupDir(270)) - f24c48c6-4a91-44a4-ae9a-fb063e2dd958: The directory /home/runner/work/ozone/ozone/hadoop-ozone/integration-test/target/test-dir/MiniOzoneClusterImpl-6f218983-f2ca-45a9-b903-464e6faef46a/ozone-meta/datanode-1/ratis/tmp is not a group directory; ignoring it. 
2024-10-01 11:06:41,423 [main] INFO  replication.ReplicationServer (ReplicationServer.java:<init>(86)) - Initializing replication server with thread count = 10 queue length = 4096
2024-10-01 11:06:41,446 [main] INFO  server.XceiverServerGrpc (XceiverServerGrpc.java:<init>(141)) - GrpcServer channel type EpollServerSocketChannel
2024-10-01 11:06:41,485 [main] INFO  replication.ReplicationSupervisor (ReplicationSupervisor.java:build(164)) - Initializing replication supervisor with thread count = 10
2024-10-01 11:06:41,487 [main] INFO  replication.ReplicationSupervisor (ReplicationSupervisor.java:nodeStateUpdated(336)) - Node state updated to IN_SERVICE, scaling executor pool size to 10
2024-10-01 11:06:41,563 [main] INFO  http.BaseHttpServer (BaseHttpServer.java:newHttpServer2BuilderForOzone(223)) - Starting Web-server for hddsDatanode at: http://0.0.0.0:15011
2024-10-01 11:06:41,564 [main] INFO  http.BaseHttpServer (BaseHttpServer.java:<init>(110)) - Hadoop Security Enabled: false Ozone Security Enabled: false Ozone HTTP Security Enabled: false 
2024-10-01 11:06:41,566 [main] WARN  server.AuthenticationFilter (AuthenticationFilter.java:constructSecretProvider(240)) - Unable to initialize FileSignerSecretProvider, falling back to use random secrets. Reason: Could not read signature secret file: /home/runner/hadoop-http-auth-signature-secret
2024-10-01 11:06:41,567 [main] INFO  http.HttpRequestLog (HttpRequestLog.java:getRequestLog(86)) - Http request log for http.requests.hddsDatanode is not defined
2024-10-01 11:06:41,571 [main] INFO  http.HttpServer2 (HttpServer2.java:addGlobalFilter(1035)) - Added global filter 'safety' (class=org.apache.hadoop.hdds.server.http.HttpServer2$QuotingInputFilter)
2024-10-01 11:06:41,572 [main] INFO  http.HttpServer2 (HttpServer2.java:addFilter(1011)) - Added filter static_user_filter (class=org.apache.hadoop.http.lib.StaticUserWebFilter$StaticUserFilter) to context hddsDatanode
2024-10-01 11:06:41,576 [main] INFO  http.HttpServer2 (HttpServer2.java:addFilter(1019)) - Added filter static_user_filter (class=org.apache.hadoop.http.lib.StaticUserWebFilter$StaticUserFilter) to context logs
2024-10-01 11:06:41,577 [main] INFO  http.HttpServer2 (HttpServer2.java:addFilter(1019)) - Added filter static_user_filter (class=org.apache.hadoop.http.lib.StaticUserWebFilter$StaticUserFilter) to context static
2024-10-01 11:06:41,581 [main] INFO  http.BaseHttpServer (BaseHttpServer.java:<init>(189)) - HTTP server of hddsDatanode uses base directory /home/runner/work/ozone/ozone/hadoop-ozone/integration-test/target/test-dir/MiniOzoneClusterImpl-6f218983-f2ca-45a9-b903-464e6faef46a/ozone-meta/datanode-1/meta/webserver
2024-10-01 11:06:41,582 [main] INFO  http.HttpServer2 (HttpServer2.java:bindListener(1235)) - Jetty bound to port 15011
2024-10-01 11:06:41,583 [main] INFO  server.Server (Server.java:doStart(375)) - jetty-9.4.56.v20240826; built: 2024-08-26T17:15:05.868Z; git: ec6782ff5ead824dabdcf47fa98f90a4aedff401; jvm 17.0.12+7
2024-10-01 11:06:41,593 [main] INFO  server.session (DefaultSessionIdManager.java:doStart(334)) - DefaultSessionIdManager workerName=node0
2024-10-01 11:06:41,593 [main] INFO  server.session (DefaultSessionIdManager.java:doStart(339)) - No SessionScavenger set, using defaults
2024-10-01 11:06:41,593 [main] INFO  server.session (HouseKeeper.java:startScavenging(132)) - node0 Scavenging every 600000ms
2024-10-01 11:06:41,595 [main] INFO  handler.ContextHandler (ContextHandler.java:doStart(921)) - Started o.e.j.s.ServletContextHandler@4f34e348{logs,/logs,file:///home/runner/work/ozone/ozone/hadoop-ozone/integration-test/target/log,AVAILABLE}
2024-10-01 11:06:41,595 [main] INFO  handler.ContextHandler (ContextHandler.java:doStart(921)) - Started o.e.j.s.ServletContextHandler@211a1106{static,/static,jar:file:/home/runner/work/ozone/ozone/hadoop-hdds/container-service/target/hdds-container-service-1.5.0-SNAPSHOT.jar!/webapps/static,AVAILABLE}
2024-10-01 11:06:41,873 [main] INFO  handler.ContextHandler (ContextHandler.java:doStart(921)) - Started o.e.j.w.WebAppContext@8b9f657{hddsDatanode,/,file:///home/runner/work/ozone/ozone/hadoop-ozone/integration-test/target/test-dir/MiniOzoneClusterImpl-6f218983-f2ca-45a9-b903-464e6faef46a/ozone-meta/datanode-1/meta/webserver/jetty-0_0_0_0-15011-hdds-container-service-1_5_0-SNAPSHOT_jar-_-any-16914405129531949571/webapp/,AVAILABLE}{jar:file:/home/runner/work/ozone/ozone/hadoop-hdds/container-service/target/hdds-container-service-1.5.0-SNAPSHOT.jar!/webapps/hddsDatanode}
2024-10-01 11:06:41,875 [main] INFO  server.AbstractConnector (AbstractConnector.java:doStart(333)) - Started ServerConnector@2edcc5f0{HTTP/1.1, (http/1.1)}{0.0.0.0:15011}
2024-10-01 11:06:41,875 [main] INFO  server.Server (Server.java:doStart(415)) - Started @24490ms
2024-10-01 11:06:41,875 [main] WARN  impl.MetricsSystemImpl (MetricsSystemImpl.java:register(279)) - Sink prometheus already exists!
2024-10-01 11:06:41,876 [main] INFO  http.BaseHttpServer (BaseHttpServer.java:updateConnectorAddress(354)) - HTTP server of hddsDatanode listening at http://0.0.0.0:15011
2024-10-01 11:06:41,879 [main] INFO  ipc.CallQueueManager (CallQueueManager.java:<init>(90)) - Using callQueue: class java.util.concurrent.LinkedBlockingQueue, queueCapacity: 1000, scheduler: class org.apache.hadoop.ipc.DefaultRpcScheduler, ipcBackoff: false.
2024-10-01 11:06:41,879 [main] INFO  ipc.Server (Server.java:<init>(1287)) - Listener at 0.0.0.0:15012
2024-10-01 11:06:41,880 [Socket Reader #1 for port 15012] INFO  ipc.Server (Server.java:run(1323)) - Starting Socket Reader #1 for port 15012
2024-10-01 11:06:41,880 [Socket Reader #2 for port 15012] INFO  ipc.Server (Server.java:run(1323)) - Starting Socket Reader #2 for port 15012
2024-10-01 11:06:41,880 [Socket Reader #3 for port 15012] INFO  ipc.Server (Server.java:run(1323)) - Starting Socket Reader #3 for port 15012
2024-10-01 11:06:41,881 [Socket Reader #5 for port 15012] INFO  ipc.Server (Server.java:run(1323)) - Starting Socket Reader #5 for port 15012
2024-10-01 11:06:41,881 [Socket Reader #4 for port 15012] INFO  ipc.Server (Server.java:run(1323)) - Starting Socket Reader #4 for port 15012
2024-10-01 11:06:41,881 [Socket Reader #6 for port 15012] INFO  ipc.Server (Server.java:run(1323)) - Starting Socket Reader #6 for port 15012
2024-10-01 11:06:41,882 [Socket Reader #7 for port 15012] INFO  ipc.Server (Server.java:run(1323)) - Starting Socket Reader #7 for port 15012
2024-10-01 11:06:41,885 [Socket Reader #8 for port 15012] INFO  ipc.Server (Server.java:run(1323)) - Starting Socket Reader #8 for port 15012
2024-10-01 11:06:41,885 [Socket Reader #9 for port 15012] INFO  ipc.Server (Server.java:run(1323)) - Starting Socket Reader #9 for port 15012
2024-10-01 11:06:41,885 [Socket Reader #10 for port 15012] INFO  ipc.Server (Server.java:run(1323)) - Starting Socket Reader #10 for port 15012
2024-10-01 11:06:41,889 [main] INFO  ozone.HddsDatanodeService (HddsDatanodeService.java:start(319)) - Datanode start with admins: [runner]
2024-10-01 11:06:41,889 [main] INFO  ozone.HddsDatanodeClientProtocolServer (HddsDatanodeClientProtocolServer.java:start(79)) - RPC server for Client /0.0.0.0:15012
2024-10-01 11:06:41,890 [IPC Server Responder] INFO  ipc.Server (Server.java:run(1562)) - IPC Server Responder: starting
2024-10-01 11:06:41,890 [IPC Server listener on 15012] INFO  ipc.Server (Server.java:run(1402)) - IPC Server listener on 15012: starting
2024-10-01 11:06:41,896 [f24c48c6-4a91-44a4-ae9a-fb063e2dd958-DatanodeStateMachineDaemonThread] INFO  statemachine.DatanodeStateMachine (DatanodeStateMachine.java:startStateMachineThread(337)) - Ozone container server started.
2024-10-01 11:06:41,904 [main] WARN  dropwizard3.Dm3MetricRegistriesImpl (Dm3MetricRegistriesImpl.java:addReporterRegistration(114)) - New reporters are added after registries were created. Some metrics will be missing from the reporter. Please add reporter before adding any new registry.
2024-10-01 11:06:41,905 [main] WARN  dropwizard3.Dm3MetricRegistriesImpl (Dm3MetricRegistriesImpl.java:addReporterRegistration(114)) - New reporters are added after registries were created. Some metrics will be missing from the reporter. Please add reporter before adding any new registry.
2024-10-01 11:06:41,905 [main] INFO  impl.MetricsSystemImpl (MetricsSystemImpl.java:init(158)) - HddsDatanode metrics system started (again)
2024-10-01 11:06:41,922 [f24c48c6-4a91-44a4-ae9a-fb063e2dd958-DatanodeStateMachineTaskThread-0] INFO  statemachine.SCMConnectionManager (SCMConnectionManager.java:addReconServer(186)) - Adding Recon Server : /0.0.0.0:15009
2024-10-01 11:06:41,933 [main] INFO  ozone.HddsDatanodeService (HddsDatanodeService.java:start(235)) - HddsDatanodeService host:fv-az1244-121 ip:10.1.0.35
2024-10-01 11:06:41,937 [main] INFO  upgrade.AbstractLayoutVersionManager (AbstractLayoutVersionManager.java:init(83)) - Initializing Layout version manager with metadata layout = HBASE_SUPPORT (version = 8), software layout = HBASE_SUPPORT (version = 8)
2024-10-01 11:06:41,938 [main] INFO  statemachine.DatanodeStateMachine (DatanodeStateMachine.java:getEndPointTaskThreadPoolSize(294)) - Datanode State Machine Task Thread Pool size 2
2024-10-01 11:06:41,942 [main] INFO  volume.HddsVolume (HddsVolume.java:<init>(127)) - Creating HddsVolume: /home/runner/work/ozone/ozone/hadoop-ozone/integration-test/target/test-dir/MiniOzoneClusterImpl-6f218983-f2ca-45a9-b903-464e6faef46a/ozone-meta/datanode-2/data-0/hdds of storage type : DISK capacity : 9222449699674390527
2024-10-01 11:06:41,943 [main] INFO  volume.MutableVolumeSet (MutableVolumeSet.java:initializeVolumeSet(173)) - Added Volume : /home/runner/work/ozone/ozone/hadoop-ozone/integration-test/target/test-dir/MiniOzoneClusterImpl-6f218983-f2ca-45a9-b903-464e6faef46a/ozone-meta/datanode-2/data-0/hdds to VolumeSet
2024-10-01 11:06:41,945 [main] INFO  volume.MutableVolumeSet (MutableVolumeSet.java:initializeVolumeSet(173)) - Added Volume : /home/runner/work/ozone/ozone/hadoop-ozone/integration-test/target/test-dir/MiniOzoneClusterImpl-6f218983-f2ca-45a9-b903-464e6faef46a/ozone-meta/datanode-2/ratis to VolumeSet
2024-10-01 11:06:41,946 [main] INFO  ozoneimpl.OzoneContainer (HddsVolumeUtil.java:loadAllHddsVolumeDbStore(103)) - Load 1 volumes DbStore cost: 0ms
2024-10-01 11:06:41,949 [main] INFO  impl.FilePerChunkStrategy (FilePerChunkStrategy.java:<init>(84)) - ozone.chunk.read.mapped.buffer.max.count is load with 0
2024-10-01 11:06:41,949 [main] INFO  impl.FilePerBlockStrategy (FilePerBlockStrategy.java:<init>(91)) - ozone.chunk.read.mapped.buffer.max.count is load with 0
2024-10-01 11:06:41,951 [main] INFO  server.RaftServerConfigKeys (ConfUtils.java:logGet(46)) - raft.server.log.appender.buffer.byte-limit = 33554432 (custom)
2024-10-01 11:06:41,954 [main] INFO  server.RaftServer (ConfUtils.java:logGet(46)) - raft.rpc.type = GRPC (default)
2024-10-01 11:06:41,954 [main] INFO  grpc.GrpcConfigKeys (ConfUtils.java:logFallback(53)) - raft.grpc.admin.host = null (fallback to raft.grpc.server.host)
2024-10-01 11:06:41,955 [main] INFO  grpc.GrpcConfigKeys (ConfUtils.java:logGet(46)) - raft.grpc.admin.port = 15023 (custom)
2024-10-01 11:06:41,956 [main] INFO  grpc.GrpcConfigKeys (ConfUtils.java:logFallback(53)) - raft.grpc.client.host = null (fallback to raft.grpc.server.host)
2024-10-01 11:06:41,956 [main] INFO  grpc.GrpcConfigKeys (ConfUtils.java:logGet(46)) - raft.grpc.client.port = 15023 (custom)
2024-10-01 11:06:41,957 [main] INFO  grpc.GrpcConfigKeys (ConfUtils.java:logGet(46)) - raft.grpc.server.host = null (default)
2024-10-01 11:06:41,957 [main] INFO  grpc.GrpcConfigKeys (ConfUtils.java:logGet(46)) - raft.grpc.server.port = 15023 (custom)
2024-10-01 11:06:41,957 [main] INFO  server.GrpcService (ConfUtils.java:logGet(46)) - raft.grpc.message.size.max = 34603008 (custom)
2024-10-01 11:06:41,957 [main] INFO  server.GrpcService (ConfUtils.java:logGet(46)) - raft.grpc.flow.control.window = 5MB (=5242880) (custom)
2024-10-01 11:06:41,958 [main] INFO  server.RaftServerConfigKeys (ConfUtils.java:logGet(46)) - raft.server.rpc.request.timeout = 60s (custom)
2024-10-01 11:06:41,958 [main] INFO  grpc.GrpcConfigKeys (ConfUtils.java:logGet(46)) - raft.grpc.server.heartbeat.channel = true (default)
2024-10-01 11:06:41,958 [main] INFO  server.RaftServerConfigKeys (ConfUtils.java:logGet(46)) - raft.server.log.appender.buffer.byte-limit = 33554432 (custom)
2024-10-01 11:06:41,958 [main] INFO  grpc.GrpcConfigKeys (ConfUtils.java:logGet(46)) - raft.grpc.server.async.request.thread.pool.cached = true (default)
2024-10-01 11:06:41,958 [main] INFO  grpc.GrpcConfigKeys (ConfUtils.java:logGet(46)) - raft.grpc.server.async.request.thread.pool.size = 32 (default)
2024-10-01 11:06:41,961 [main] INFO  impl.DataStreamServerImpl (ConfUtils.java:logGet(46)) - raft.datastream.type = NETTY (custom)
2024-10-01 11:06:41,961 [main] INFO  server.RaftServerConfigKeys (ConfUtils.java:logGet(46)) - raft.server.data-stream.async.request.thread.pool.cached = false (default)
2024-10-01 11:06:41,962 [main] INFO  server.RaftServerConfigKeys (ConfUtils.java:logGet(46)) - raft.server.data-stream.async.request.thread.pool.size = 20 (custom)
2024-10-01 11:06:41,962 [main] INFO  server.RaftServerConfigKeys (ConfUtils.java:logGet(46)) - raft.server.data-stream.async.write.thread.pool.size = 16 (default)
2024-10-01 11:06:41,962 [main] INFO  netty.NettyConfigKeys$DataStream (ConfUtils.java:logGet(46)) - raft.netty.dataStream.server.channel.inactive.grace-period = 10min (default)
2024-10-01 11:06:41,962 [main] INFO  server.RaftServerConfigKeys (ConfUtils.java:logGet(46)) - raft.server.data-stream.client.pool.size = 10 (default)
2024-10-01 11:06:41,962 [main] INFO  netty.NettyConfigKeys$DataStream (ConfUtils.java:logGet(46)) - raft.netty.dataStream.server.use-epoll = true (default)
2024-10-01 11:06:41,962 [main] INFO  netty.NettyConfigKeys$DataStream (ConfUtils.java:logGet(46)) - raft.netty.dataStream.server.boss-group.size = 0 (default)
2024-10-01 11:06:41,962 [main] INFO  netty.NettyUtils (NettyUtils.java:newEventLoopGroup(74)) - Create EpollEventLoopGroup for 89da30bd-cbf9-4a7b-a1ff-1f6963324f22-NettyServerStreamRpc-bossGroup; Thread size is 0.
2024-10-01 11:06:41,963 [main] INFO  netty.NettyConfigKeys$DataStream (ConfUtils.java:logGet(46)) - raft.netty.dataStream.server.worker-group.size = 0 (default)
2024-10-01 11:06:41,963 [main] INFO  netty.NettyUtils (NettyUtils.java:newEventLoopGroup(74)) - Create EpollEventLoopGroup for 89da30bd-cbf9-4a7b-a1ff-1f6963324f22-NettyServerStreamRpc-workerGroup; Thread size is 0.
2024-10-01 11:06:41,964 [main] INFO  netty.NettyConfigKeys$DataStream (ConfUtils.java:logGet(46)) - raft.netty.dataStream.server.tls.conf = null (default)
2024-10-01 11:06:41,964 [main] INFO  netty.NettyConfigKeys$DataStream (ConfUtils.java:logGet(46)) - raft.netty.dataStream.host = null (default)
2024-10-01 11:06:41,964 [main] INFO  netty.NettyConfigKeys$DataStream (ConfUtils.java:logGet(46)) - raft.netty.dataStream.port = 15026 (custom)
2024-10-01 11:06:41,966 [89da30bd-cbf9-4a7b-a1ff-1f6963324f22-NettyServerStreamRpc-bossGroup--thread1] INFO  logging.LoggingHandler (AbstractInternalLogger.java:log(148)) - [id: 0x5d8c9855] REGISTERED
2024-10-01 11:06:41,966 [89da30bd-cbf9-4a7b-a1ff-1f6963324f22-NettyServerStreamRpc-bossGroup--thread1] INFO  logging.LoggingHandler (AbstractInternalLogger.java:log(148)) - [id: 0x5d8c9855] BIND: 0.0.0.0/0.0.0.0:15026
2024-10-01 11:06:41,967 [89da30bd-cbf9-4a7b-a1ff-1f6963324f22-NettyServerStreamRpc-bossGroup--thread1] INFO  logging.LoggingHandler (AbstractInternalLogger.java:log(148)) - [id: 0x5d8c9855, L:/0.0.0.0:15026] ACTIVE
2024-10-01 11:06:41,968 [main] INFO  server.RaftServerConfigKeys (ConfUtils.java:logGet(46)) - raft.server.sleep.deviation.threshold = 300ms (default)
2024-10-01 11:06:41,968 [main] INFO  server.RaftServerConfigKeys (ConfUtils.java:logGet(46)) - raft.server.close.threshold = 60s (default)
2024-10-01 11:06:41,969 [main] INFO  server.RaftServerConfigKeys (ConfUtils.java:logGet(46)) - raft.server.leaderelection.leader.step-down.wait-time = 10s (default)
2024-10-01 11:06:41,969 [main] INFO  server.RaftServerConfigKeys (ConfUtils.java:logGet(46)) - raft.server.storage.dir = [/home/runner/work/ozone/ozone/hadoop-ozone/integration-test/target/test-dir/MiniOzoneClusterImpl-6f218983-f2ca-45a9-b903-464e6faef46a/ozone-meta/datanode-2/ratis] (custom)
2024-10-01 11:06:41,970 [main] INFO  server.RaftServerConfigKeys (ConfUtils.java:logGet(46)) - raft.server.threadpool.proxy.cached = true (default)
2024-10-01 11:06:41,970 [main] INFO  server.RaftServerConfigKeys (ConfUtils.java:logGet(46)) - raft.server.threadpool.proxy.size = 0 (default)
2024-10-01 11:06:41,973 [89da30bd-cbf9-4a7b-a1ff-1f6963324f22-impl-thread1] INFO  server.RaftServer (RaftServerProxy.java:initGroupDir(265)) - 89da30bd-cbf9-4a7b-a1ff-1f6963324f22: found a subdirectory /home/runner/work/ozone/ozone/hadoop-ozone/integration-test/target/test-dir/MiniOzoneClusterImpl-6f218983-f2ca-45a9-b903-464e6faef46a/ozone-meta/datanode-2/ratis/tmp
2024-10-01 11:06:41,973 [89da30bd-cbf9-4a7b-a1ff-1f6963324f22-impl-thread1] INFO  server.RaftServer (RaftServerProxy.java:initGroupDir(270)) - 89da30bd-cbf9-4a7b-a1ff-1f6963324f22: The directory /home/runner/work/ozone/ozone/hadoop-ozone/integration-test/target/test-dir/MiniOzoneClusterImpl-6f218983-f2ca-45a9-b903-464e6faef46a/ozone-meta/datanode-2/ratis/tmp is not a group directory; ignoring it. 
2024-10-01 11:06:41,974 [main] INFO  replication.ReplicationServer (ReplicationServer.java:<init>(86)) - Initializing replication server with thread count = 10 queue length = 4096
2024-10-01 11:06:41,977 [main] INFO  server.XceiverServerGrpc (XceiverServerGrpc.java:<init>(141)) - GrpcServer channel type EpollServerSocketChannel
2024-10-01 11:06:41,979 [main] INFO  replication.ReplicationSupervisor (ReplicationSupervisor.java:build(164)) - Initializing replication supervisor with thread count = 10
2024-10-01 11:06:41,979 [main] INFO  replication.ReplicationSupervisor (ReplicationSupervisor.java:nodeStateUpdated(336)) - Node state updated to IN_SERVICE, scaling executor pool size to 10
2024-10-01 11:06:41,990 [main] INFO  http.BaseHttpServer (BaseHttpServer.java:newHttpServer2BuilderForOzone(223)) - Starting Web-server for hddsDatanode at: http://0.0.0.0:15020
2024-10-01 11:06:41,990 [main] INFO  http.BaseHttpServer (BaseHttpServer.java:<init>(110)) - Hadoop Security Enabled: false Ozone Security Enabled: false Ozone HTTP Security Enabled: false 
2024-10-01 11:06:41,992 [main] WARN  server.AuthenticationFilter (AuthenticationFilter.java:constructSecretProvider(240)) - Unable to initialize FileSignerSecretProvider, falling back to use random secrets. Reason: Could not read signature secret file: /home/runner/hadoop-http-auth-signature-secret
2024-10-01 11:06:41,997 [main] INFO  http.HttpRequestLog (HttpRequestLog.java:getRequestLog(86)) - Http request log for http.requests.hddsDatanode is not defined
2024-10-01 11:06:41,997 [f24c48c6-4a91-44a4-ae9a-fb063e2dd958-DatanodeStateMachineTaskThread-0] INFO  datanode.InitDatanodeState (InitDatanodeState.java:persistContainerDatanodeDetails(139)) - DatanodeDetails is persisted to /home/runner/work/ozone/ozone/hadoop-ozone/integration-test/target/test-dir/MiniOzoneClusterImpl-6f218983-f2ca-45a9-b903-464e6faef46a/ozone-meta/datanode-1/meta/datanode.id
2024-10-01 11:06:41,998 [main] INFO  http.HttpServer2 (HttpServer2.java:addGlobalFilter(1035)) - Added global filter 'safety' (class=org.apache.hadoop.hdds.server.http.HttpServer2$QuotingInputFilter)
2024-10-01 11:06:41,999 [main] INFO  http.HttpServer2 (HttpServer2.java:addFilter(1011)) - Added filter static_user_filter (class=org.apache.hadoop.http.lib.StaticUserWebFilter$StaticUserFilter) to context hddsDatanode
2024-10-01 11:06:42,000 [main] INFO  http.HttpServer2 (HttpServer2.java:addFilter(1019)) - Added filter static_user_filter (class=org.apache.hadoop.http.lib.StaticUserWebFilter$StaticUserFilter) to context logs
2024-10-01 11:06:42,000 [main] INFO  http.HttpServer2 (HttpServer2.java:addFilter(1019)) - Added filter static_user_filter (class=org.apache.hadoop.http.lib.StaticUserWebFilter$StaticUserFilter) to context static
2024-10-01 11:06:42,001 [main] INFO  http.BaseHttpServer (BaseHttpServer.java:<init>(189)) - HTTP server of hddsDatanode uses base directory /home/runner/work/ozone/ozone/hadoop-ozone/integration-test/target/test-dir/MiniOzoneClusterImpl-6f218983-f2ca-45a9-b903-464e6faef46a/ozone-meta/datanode-2/meta/webserver
2024-10-01 11:06:42,001 [main] INFO  http.HttpServer2 (HttpServer2.java:bindListener(1235)) - Jetty bound to port 15020
2024-10-01 11:06:42,001 [main] INFO  server.Server (Server.java:doStart(375)) - jetty-9.4.56.v20240826; built: 2024-08-26T17:15:05.868Z; git: ec6782ff5ead824dabdcf47fa98f90a4aedff401; jvm 17.0.12+7
2024-10-01 11:06:42,012 [main] INFO  server.session (DefaultSessionIdManager.java:doStart(334)) - DefaultSessionIdManager workerName=node0
2024-10-01 11:06:42,013 [main] INFO  server.session (DefaultSessionIdManager.java:doStart(339)) - No SessionScavenger set, using defaults
2024-10-01 11:06:42,013 [main] INFO  server.session (HouseKeeper.java:startScavenging(132)) - node0 Scavenging every 600000ms
2024-10-01 11:06:42,014 [main] INFO  handler.ContextHandler (ContextHandler.java:doStart(921)) - Started o.e.j.s.ServletContextHandler@3dcde74{logs,/logs,file:///home/runner/work/ozone/ozone/hadoop-ozone/integration-test/target/log,AVAILABLE}
2024-10-01 11:06:42,014 [main] INFO  handler.ContextHandler (ContextHandler.java:doStart(921)) - Started o.e.j.s.ServletContextHandler@68f07ef9{static,/static,jar:file:/home/runner/work/ozone/ozone/hadoop-hdds/container-service/target/hdds-container-service-1.5.0-SNAPSHOT.jar!/webapps/static,AVAILABLE}
2024-10-01 11:06:42,243 [main] INFO  handler.ContextHandler (ContextHandler.java:doStart(921)) - Started o.e.j.w.WebAppContext@20f80c94{hddsDatanode,/,file:///home/runner/work/ozone/ozone/hadoop-ozone/integration-test/target/test-dir/MiniOzoneClusterImpl-6f218983-f2ca-45a9-b903-464e6faef46a/ozone-meta/datanode-2/meta/webserver/jetty-0_0_0_0-15020-hdds-container-service-1_5_0-SNAPSHOT_jar-_-any-13698684983707107764/webapp/,AVAILABLE}{jar:file:/home/runner/work/ozone/ozone/hadoop-hdds/container-service/target/hdds-container-service-1.5.0-SNAPSHOT.jar!/webapps/hddsDatanode}
2024-10-01 11:06:42,244 [main] INFO  server.AbstractConnector (AbstractConnector.java:doStart(333)) - Started ServerConnector@ee92d4e{HTTP/1.1, (http/1.1)}{0.0.0.0:15020}
2024-10-01 11:06:42,244 [main] INFO  server.Server (Server.java:doStart(415)) - Started @24859ms
2024-10-01 11:06:42,244 [main] WARN  impl.MetricsSystemImpl (MetricsSystemImpl.java:register(279)) - Sink prometheus already exists!
2024-10-01 11:06:42,245 [main] INFO  http.BaseHttpServer (BaseHttpServer.java:updateConnectorAddress(354)) - HTTP server of hddsDatanode listening at http://0.0.0.0:15020
2024-10-01 11:06:42,245 [main] INFO  ipc.CallQueueManager (CallQueueManager.java:<init>(90)) - Using callQueue: class java.util.concurrent.LinkedBlockingQueue, queueCapacity: 1000, scheduler: class org.apache.hadoop.ipc.DefaultRpcScheduler, ipcBackoff: false.
2024-10-01 11:06:42,246 [main] INFO  ipc.Server (Server.java:<init>(1287)) - Listener at 0.0.0.0:15021
2024-10-01 11:06:42,246 [Socket Reader #1 for port 15021] INFO  ipc.Server (Server.java:run(1323)) - Starting Socket Reader #1 for port 15021
2024-10-01 11:06:42,246 [Socket Reader #2 for port 15021] INFO  ipc.Server (Server.java:run(1323)) - Starting Socket Reader #2 for port 15021
2024-10-01 11:06:42,247 [Socket Reader #3 for port 15021] INFO  ipc.Server (Server.java:run(1323)) - Starting Socket Reader #3 for port 15021
2024-10-01 11:06:42,247 [Socket Reader #5 for port 15021] INFO  ipc.Server (Server.java:run(1323)) - Starting Socket Reader #5 for port 15021
2024-10-01 11:06:42,247 [Socket Reader #4 for port 15021] INFO  ipc.Server (Server.java:run(1323)) - Starting Socket Reader #4 for port 15021
2024-10-01 11:06:42,249 [Socket Reader #6 for port 15021] INFO  ipc.Server (Server.java:run(1323)) - Starting Socket Reader #6 for port 15021
2024-10-01 11:06:42,249 [Socket Reader #7 for port 15021] INFO  ipc.Server (Server.java:run(1323)) - Starting Socket Reader #7 for port 15021
2024-10-01 11:06:42,254 [Socket Reader #8 for port 15021] INFO  ipc.Server (Server.java:run(1323)) - Starting Socket Reader #8 for port 15021
2024-10-01 11:06:42,254 [Socket Reader #10 for port 15021] INFO  ipc.Server (Server.java:run(1323)) - Starting Socket Reader #10 for port 15021
2024-10-01 11:06:42,254 [Socket Reader #9 for port 15021] INFO  ipc.Server (Server.java:run(1323)) - Starting Socket Reader #9 for port 15021
2024-10-01 11:06:42,256 [main] INFO  ozone.HddsDatanodeService (HddsDatanodeService.java:start(319)) - Datanode start with admins: [runner]
2024-10-01 11:06:42,256 [main] INFO  ozone.HddsDatanodeClientProtocolServer (HddsDatanodeClientProtocolServer.java:start(79)) - RPC server for Client /0.0.0.0:15021
2024-10-01 11:06:42,257 [IPC Server Responder] INFO  ipc.Server (Server.java:run(1562)) - IPC Server Responder: starting
2024-10-01 11:06:42,257 [IPC Server listener on 15021] INFO  ipc.Server (Server.java:run(1402)) - IPC Server listener on 15021: starting
2024-10-01 11:06:42,261 [main] WARN  dropwizard3.Dm3MetricRegistriesImpl (Dm3MetricRegistriesImpl.java:addReporterRegistration(114)) - New reporters are added after registries were created. Some metrics will be missing from the reporter. Please add reporter before adding any new registry.
2024-10-01 11:06:42,262 [main] WARN  dropwizard3.Dm3MetricRegistriesImpl (Dm3MetricRegistriesImpl.java:addReporterRegistration(114)) - New reporters are added after registries were created. Some metrics will be missing from the reporter. Please add reporter before adding any new registry.
2024-10-01 11:06:42,262 [main] INFO  impl.MetricsSystemImpl (MetricsSystemImpl.java:init(158)) - HddsDatanode metrics system started (again)
2024-10-01 11:06:42,267 [89da30bd-cbf9-4a7b-a1ff-1f6963324f22-DatanodeStateMachineDaemonThread] INFO  statemachine.DatanodeStateMachine (DatanodeStateMachine.java:startStateMachineThread(337)) - Ozone container server started.
2024-10-01 11:06:42,269 [89da30bd-cbf9-4a7b-a1ff-1f6963324f22-DatanodeStateMachineTaskThread-0] INFO  statemachine.SCMConnectionManager (SCMConnectionManager.java:addReconServer(186)) - Adding Recon Server : /0.0.0.0:15009
2024-10-01 11:06:42,272 [89da30bd-cbf9-4a7b-a1ff-1f6963324f22-DatanodeStateMachineTaskThread-0] INFO  datanode.InitDatanodeState (InitDatanodeState.java:persistContainerDatanodeDetails(139)) - DatanodeDetails is persisted to /home/runner/work/ozone/ozone/hadoop-ozone/integration-test/target/test-dir/MiniOzoneClusterImpl-6f218983-f2ca-45a9-b903-464e6faef46a/ozone-meta/datanode-2/meta/datanode.id
2024-10-01 11:06:42,274 [main] INFO  ozone.HddsDatanodeService (HddsDatanodeService.java:start(235)) - HddsDatanodeService host:fv-az1244-121 ip:10.1.0.35
2024-10-01 11:06:42,276 [main] INFO  upgrade.AbstractLayoutVersionManager (AbstractLayoutVersionManager.java:init(83)) - Initializing Layout version manager with metadata layout = HBASE_SUPPORT (version = 8), software layout = HBASE_SUPPORT (version = 8)
2024-10-01 11:06:42,277 [main] INFO  statemachine.DatanodeStateMachine (DatanodeStateMachine.java:getEndPointTaskThreadPoolSize(294)) - Datanode State Machine Task Thread Pool size 2
2024-10-01 11:06:42,280 [main] INFO  volume.HddsVolume (HddsVolume.java:<init>(127)) - Creating HddsVolume: /home/runner/work/ozone/ozone/hadoop-ozone/integration-test/target/test-dir/MiniOzoneClusterImpl-6f218983-f2ca-45a9-b903-464e6faef46a/ozone-meta/datanode-3/data-0/hdds of storage type : DISK capacity : 9222449699674390527
2024-10-01 11:06:42,280 [main] INFO  volume.MutableVolumeSet (MutableVolumeSet.java:initializeVolumeSet(173)) - Added Volume : /home/runner/work/ozone/ozone/hadoop-ozone/integration-test/target/test-dir/MiniOzoneClusterImpl-6f218983-f2ca-45a9-b903-464e6faef46a/ozone-meta/datanode-3/data-0/hdds to VolumeSet
2024-10-01 11:06:42,281 [main] INFO  volume.MutableVolumeSet (MutableVolumeSet.java:initializeVolumeSet(173)) - Added Volume : /home/runner/work/ozone/ozone/hadoop-ozone/integration-test/target/test-dir/MiniOzoneClusterImpl-6f218983-f2ca-45a9-b903-464e6faef46a/ozone-meta/datanode-3/ratis to VolumeSet
2024-10-01 11:06:42,284 [main] INFO  ozoneimpl.OzoneContainer (HddsVolumeUtil.java:loadAllHddsVolumeDbStore(103)) - Load 1 volumes DbStore cost: 2ms
2024-10-01 11:06:42,285 [main] INFO  impl.FilePerChunkStrategy (FilePerChunkStrategy.java:<init>(84)) - ozone.chunk.read.mapped.buffer.max.count is load with 0
2024-10-01 11:06:42,285 [main] INFO  impl.FilePerBlockStrategy (FilePerBlockStrategy.java:<init>(91)) - ozone.chunk.read.mapped.buffer.max.count is load with 0
2024-10-01 11:06:42,287 [main] INFO  server.RaftServerConfigKeys (ConfUtils.java:logGet(46)) - raft.server.log.appender.buffer.byte-limit = 33554432 (custom)
2024-10-01 11:06:42,288 [main] INFO  server.RaftServer (ConfUtils.java:logGet(46)) - raft.rpc.type = GRPC (default)
2024-10-01 11:06:42,289 [main] INFO  grpc.GrpcConfigKeys (ConfUtils.java:logFallback(53)) - raft.grpc.admin.host = null (fallback to raft.grpc.server.host)
2024-10-01 11:06:42,289 [main] INFO  grpc.GrpcConfigKeys (ConfUtils.java:logGet(46)) - raft.grpc.admin.port = 15032 (custom)
2024-10-01 11:06:42,289 [main] INFO  grpc.GrpcConfigKeys (ConfUtils.java:logFallback(53)) - raft.grpc.client.host = null (fallback to raft.grpc.server.host)
2024-10-01 11:06:42,289 [main] INFO  grpc.GrpcConfigKeys (ConfUtils.java:logGet(46)) - raft.grpc.client.port = 15032 (custom)
2024-10-01 11:06:42,289 [main] INFO  grpc.GrpcConfigKeys (ConfUtils.java:logGet(46)) - raft.grpc.server.host = null (default)
2024-10-01 11:06:42,289 [main] INFO  grpc.GrpcConfigKeys (ConfUtils.java:logGet(46)) - raft.grpc.server.port = 15032 (custom)
2024-10-01 11:06:42,289 [main] INFO  server.GrpcService (ConfUtils.java:logGet(46)) - raft.grpc.message.size.max = 34603008 (custom)
2024-10-01 11:06:42,289 [main] INFO  server.GrpcService (ConfUtils.java:logGet(46)) - raft.grpc.flow.control.window = 5MB (=5242880) (custom)
2024-10-01 11:06:42,289 [main] INFO  server.RaftServerConfigKeys (ConfUtils.java:logGet(46)) - raft.server.rpc.request.timeout = 60s (custom)
2024-10-01 11:06:42,290 [main] INFO  grpc.GrpcConfigKeys (ConfUtils.java:logGet(46)) - raft.grpc.server.heartbeat.channel = true (default)
2024-10-01 11:06:42,290 [main] INFO  server.RaftServerConfigKeys (ConfUtils.java:logGet(46)) - raft.server.log.appender.buffer.byte-limit = 33554432 (custom)
2024-10-01 11:06:42,290 [main] INFO  grpc.GrpcConfigKeys (ConfUtils.java:logGet(46)) - raft.grpc.server.async.request.thread.pool.cached = true (default)
2024-10-01 11:06:42,290 [main] INFO  grpc.GrpcConfigKeys (ConfUtils.java:logGet(46)) - raft.grpc.server.async.request.thread.pool.size = 32 (default)
2024-10-01 11:06:42,291 [main] INFO  impl.DataStreamServerImpl (ConfUtils.java:logGet(46)) - raft.datastream.type = NETTY (custom)
2024-10-01 11:06:42,291 [main] INFO  server.RaftServerConfigKeys (ConfUtils.java:logGet(46)) - raft.server.data-stream.async.request.thread.pool.cached = false (default)
2024-10-01 11:06:42,291 [main] INFO  server.RaftServerConfigKeys (ConfUtils.java:logGet(46)) - raft.server.data-stream.async.request.thread.pool.size = 20 (custom)
2024-10-01 11:06:42,291 [main] INFO  server.RaftServerConfigKeys (ConfUtils.java:logGet(46)) - raft.server.data-stream.async.write.thread.pool.size = 16 (default)
2024-10-01 11:06:42,292 [main] INFO  netty.NettyConfigKeys$DataStream (ConfUtils.java:logGet(46)) - raft.netty.dataStream.server.channel.inactive.grace-period = 10min (default)
2024-10-01 11:06:42,292 [main] INFO  server.RaftServerConfigKeys (ConfUtils.java:logGet(46)) - raft.server.data-stream.client.pool.size = 10 (default)
2024-10-01 11:06:42,292 [main] INFO  netty.NettyConfigKeys$DataStream (ConfUtils.java:logGet(46)) - raft.netty.dataStream.server.use-epoll = true (default)
2024-10-01 11:06:42,292 [main] INFO  netty.NettyConfigKeys$DataStream (ConfUtils.java:logGet(46)) - raft.netty.dataStream.server.boss-group.size = 0 (default)
2024-10-01 11:06:42,292 [main] INFO  netty.NettyUtils (NettyUtils.java:newEventLoopGroup(74)) - Create EpollEventLoopGroup for 3ccd597d-6672-4b12-926e-746f973e87fb-NettyServerStreamRpc-bossGroup; Thread size is 0.
2024-10-01 11:06:42,293 [main] INFO  netty.NettyConfigKeys$DataStream (ConfUtils.java:logGet(46)) - raft.netty.dataStream.server.worker-group.size = 0 (default)
2024-10-01 11:06:42,293 [main] INFO  netty.NettyUtils (NettyUtils.java:newEventLoopGroup(74)) - Create EpollEventLoopGroup for 3ccd597d-6672-4b12-926e-746f973e87fb-NettyServerStreamRpc-workerGroup; Thread size is 0.
2024-10-01 11:06:42,293 [main] INFO  netty.NettyConfigKeys$DataStream (ConfUtils.java:logGet(46)) - raft.netty.dataStream.server.tls.conf = null (default)
2024-10-01 11:06:42,294 [main] INFO  netty.NettyConfigKeys$DataStream (ConfUtils.java:logGet(46)) - raft.netty.dataStream.host = null (default)
2024-10-01 11:06:42,294 [main] INFO  netty.NettyConfigKeys$DataStream (ConfUtils.java:logGet(46)) - raft.netty.dataStream.port = 15035 (custom)
2024-10-01 11:06:42,295 [main] INFO  server.RaftServerConfigKeys (ConfUtils.java:logGet(46)) - raft.server.sleep.deviation.threshold = 300ms (default)
2024-10-01 11:06:42,295 [main] INFO  server.RaftServerConfigKeys (ConfUtils.java:logGet(46)) - raft.server.close.threshold = 60s (default)
2024-10-01 11:06:42,296 [main] INFO  server.RaftServerConfigKeys (ConfUtils.java:logGet(46)) - raft.server.leaderelection.leader.step-down.wait-time = 10s (default)
2024-10-01 11:06:42,296 [main] INFO  server.RaftServerConfigKeys (ConfUtils.java:logGet(46)) - raft.server.storage.dir = [/home/runner/work/ozone/ozone/hadoop-ozone/integration-test/target/test-dir/MiniOzoneClusterImpl-6f218983-f2ca-45a9-b903-464e6faef46a/ozone-meta/datanode-3/ratis] (custom)
2024-10-01 11:06:42,296 [main] INFO  server.RaftServerConfigKeys (ConfUtils.java:logGet(46)) - raft.server.threadpool.proxy.cached = true (default)
2024-10-01 11:06:42,296 [main] INFO  server.RaftServerConfigKeys (ConfUtils.java:logGet(46)) - raft.server.threadpool.proxy.size = 0 (default)
2024-10-01 11:06:42,295 [3ccd597d-6672-4b12-926e-746f973e87fb-NettyServerStreamRpc-bossGroup--thread1] INFO  logging.LoggingHandler (AbstractInternalLogger.java:log(148)) - [id: 0x85522c3b] REGISTERED
2024-10-01 11:06:42,297 [3ccd597d-6672-4b12-926e-746f973e87fb-impl-thread1] INFO  server.RaftServer (RaftServerProxy.java:initGroupDir(265)) - 3ccd597d-6672-4b12-926e-746f973e87fb: found a subdirectory /home/runner/work/ozone/ozone/hadoop-ozone/integration-test/target/test-dir/MiniOzoneClusterImpl-6f218983-f2ca-45a9-b903-464e6faef46a/ozone-meta/datanode-3/ratis/tmp
2024-10-01 11:06:42,297 [3ccd597d-6672-4b12-926e-746f973e87fb-impl-thread1] INFO  server.RaftServer (RaftServerProxy.java:initGroupDir(270)) - 3ccd597d-6672-4b12-926e-746f973e87fb: The directory /home/runner/work/ozone/ozone/hadoop-ozone/integration-test/target/test-dir/MiniOzoneClusterImpl-6f218983-f2ca-45a9-b903-464e6faef46a/ozone-meta/datanode-3/ratis/tmp is not a group directory; ignoring it. 
2024-10-01 11:06:42,297 [main] INFO  replication.ReplicationServer (ReplicationServer.java:<init>(86)) - Initializing replication server with thread count = 10 queue length = 4096
2024-10-01 11:06:42,297 [3ccd597d-6672-4b12-926e-746f973e87fb-NettyServerStreamRpc-bossGroup--thread1] INFO  logging.LoggingHandler (AbstractInternalLogger.java:log(148)) - [id: 0x85522c3b] BIND: 0.0.0.0/0.0.0.0:15035
2024-10-01 11:06:42,298 [3ccd597d-6672-4b12-926e-746f973e87fb-NettyServerStreamRpc-bossGroup--thread1] INFO  logging.LoggingHandler (AbstractInternalLogger.java:log(148)) - [id: 0x85522c3b, L:/0.0.0.0:15035] ACTIVE
2024-10-01 11:06:42,299 [main] INFO  server.XceiverServerGrpc (XceiverServerGrpc.java:<init>(141)) - GrpcServer channel type EpollServerSocketChannel
2024-10-01 11:06:42,302 [main] INFO  replication.ReplicationSupervisor (ReplicationSupervisor.java:build(164)) - Initializing replication supervisor with thread count = 10
2024-10-01 11:06:42,303 [main] INFO  replication.ReplicationSupervisor (ReplicationSupervisor.java:nodeStateUpdated(336)) - Node state updated to IN_SERVICE, scaling executor pool size to 10
2024-10-01 11:06:42,306 [main] INFO  http.BaseHttpServer (BaseHttpServer.java:newHttpServer2BuilderForOzone(223)) - Starting Web-server for hddsDatanode at: http://0.0.0.0:15029
2024-10-01 11:06:42,306 [main] INFO  http.BaseHttpServer (BaseHttpServer.java:<init>(110)) - Hadoop Security Enabled: false Ozone Security Enabled: false Ozone HTTP Security Enabled: false 
2024-10-01 11:06:42,307 [main] WARN  server.AuthenticationFilter (AuthenticationFilter.java:constructSecretProvider(240)) - Unable to initialize FileSignerSecretProvider, falling back to use random secrets. Reason: Could not read signature secret file: /home/runner/hadoop-http-auth-signature-secret
2024-10-01 11:06:42,309 [main] INFO  http.HttpRequestLog (HttpRequestLog.java:getRequestLog(86)) - Http request log for http.requests.hddsDatanode is not defined
2024-10-01 11:06:42,311 [main] INFO  http.HttpServer2 (HttpServer2.java:addGlobalFilter(1035)) - Added global filter 'safety' (class=org.apache.hadoop.hdds.server.http.HttpServer2$QuotingInputFilter)
2024-10-01 11:06:42,313 [main] INFO  http.HttpServer2 (HttpServer2.java:addFilter(1011)) - Added filter static_user_filter (class=org.apache.hadoop.http.lib.StaticUserWebFilter$StaticUserFilter) to context hddsDatanode
2024-10-01 11:06:42,313 [main] INFO  http.HttpServer2 (HttpServer2.java:addFilter(1019)) - Added filter static_user_filter (class=org.apache.hadoop.http.lib.StaticUserWebFilter$StaticUserFilter) to context static
2024-10-01 11:06:42,313 [main] INFO  http.HttpServer2 (HttpServer2.java:addFilter(1019)) - Added filter static_user_filter (class=org.apache.hadoop.http.lib.StaticUserWebFilter$StaticUserFilter) to context logs
2024-10-01 11:06:42,315 [main] INFO  http.BaseHttpServer (BaseHttpServer.java:<init>(189)) - HTTP server of hddsDatanode uses base directory /home/runner/work/ozone/ozone/hadoop-ozone/integration-test/target/test-dir/MiniOzoneClusterImpl-6f218983-f2ca-45a9-b903-464e6faef46a/ozone-meta/datanode-3/meta/webserver
2024-10-01 11:06:42,315 [main] INFO  http.HttpServer2 (HttpServer2.java:bindListener(1235)) - Jetty bound to port 15029
2024-10-01 11:06:42,315 [main] INFO  server.Server (Server.java:doStart(375)) - jetty-9.4.56.v20240826; built: 2024-08-26T17:15:05.868Z; git: ec6782ff5ead824dabdcf47fa98f90a4aedff401; jvm 17.0.12+7
2024-10-01 11:06:42,316 [main] INFO  server.session (DefaultSessionIdManager.java:doStart(334)) - DefaultSessionIdManager workerName=node0
2024-10-01 11:06:42,316 [main] INFO  server.session (DefaultSessionIdManager.java:doStart(339)) - No SessionScavenger set, using defaults
2024-10-01 11:06:42,316 [main] INFO  server.session (HouseKeeper.java:startScavenging(132)) - node0 Scavenging every 660000ms
2024-10-01 11:06:42,317 [main] INFO  handler.ContextHandler (ContextHandler.java:doStart(921)) - Started o.e.j.s.ServletContextHandler@4131df0d{logs,/logs,file:///home/runner/work/ozone/ozone/hadoop-ozone/integration-test/target/log,AVAILABLE}
2024-10-01 11:06:42,318 [main] INFO  handler.ContextHandler (ContextHandler.java:doStart(921)) - Started o.e.j.s.ServletContextHandler@505d75db{static,/static,jar:file:/home/runner/work/ozone/ozone/hadoop-hdds/container-service/target/hdds-container-service-1.5.0-SNAPSHOT.jar!/webapps/static,AVAILABLE}
2024-10-01 11:06:42,516 [main] INFO  handler.ContextHandler (ContextHandler.java:doStart(921)) - Started o.e.j.w.WebAppContext@2ca2159a{hddsDatanode,/,file:///home/runner/work/ozone/ozone/hadoop-ozone/integration-test/target/test-dir/MiniOzoneClusterImpl-6f218983-f2ca-45a9-b903-464e6faef46a/ozone-meta/datanode-3/meta/webserver/jetty-0_0_0_0-15029-hdds-container-service-1_5_0-SNAPSHOT_jar-_-any-3985483806544213898/webapp/,AVAILABLE}{jar:file:/home/runner/work/ozone/ozone/hadoop-hdds/container-service/target/hdds-container-service-1.5.0-SNAPSHOT.jar!/webapps/hddsDatanode}
2024-10-01 11:06:42,517 [main] INFO  server.AbstractConnector (AbstractConnector.java:doStart(333)) - Started ServerConnector@1039af82{HTTP/1.1, (http/1.1)}{0.0.0.0:15029}
2024-10-01 11:06:42,517 [main] INFO  server.Server (Server.java:doStart(415)) - Started @25133ms
2024-10-01 11:06:42,518 [main] WARN  impl.MetricsSystemImpl (MetricsSystemImpl.java:register(279)) - Sink prometheus already exists!
2024-10-01 11:06:42,518 [main] INFO  http.BaseHttpServer (BaseHttpServer.java:updateConnectorAddress(354)) - HTTP server of hddsDatanode listening at http://0.0.0.0:15029
2024-10-01 11:06:42,519 [main] INFO  ipc.CallQueueManager (CallQueueManager.java:<init>(90)) - Using callQueue: class java.util.concurrent.LinkedBlockingQueue, queueCapacity: 1000, scheduler: class org.apache.hadoop.ipc.DefaultRpcScheduler, ipcBackoff: false.
2024-10-01 11:06:42,519 [main] INFO  ipc.Server (Server.java:<init>(1287)) - Listener at 0.0.0.0:15030
2024-10-01 11:06:42,519 [Socket Reader #1 for port 15030] INFO  ipc.Server (Server.java:run(1323)) - Starting Socket Reader #1 for port 15030
2024-10-01 11:06:42,521 [Socket Reader #2 for port 15030] INFO  ipc.Server (Server.java:run(1323)) - Starting Socket Reader #2 for port 15030
2024-10-01 11:06:42,521 [Socket Reader #3 for port 15030] INFO  ipc.Server (Server.java:run(1323)) - Starting Socket Reader #3 for port 15030
2024-10-01 11:06:42,521 [Socket Reader #4 for port 15030] INFO  ipc.Server (Server.java:run(1323)) - Starting Socket Reader #4 for port 15030
2024-10-01 11:06:42,522 [Socket Reader #5 for port 15030] INFO  ipc.Server (Server.java:run(1323)) - Starting Socket Reader #5 for port 15030
2024-10-01 11:06:42,522 [Socket Reader #6 for port 15030] INFO  ipc.Server (Server.java:run(1323)) - Starting Socket Reader #6 for port 15030
2024-10-01 11:06:42,522 [Socket Reader #7 for port 15030] INFO  ipc.Server (Server.java:run(1323)) - Starting Socket Reader #7 for port 15030
2024-10-01 11:06:42,522 [Socket Reader #8 for port 15030] INFO  ipc.Server (Server.java:run(1323)) - Starting Socket Reader #8 for port 15030
2024-10-01 11:06:42,523 [Socket Reader #9 for port 15030] INFO  ipc.Server (Server.java:run(1323)) - Starting Socket Reader #9 for port 15030
2024-10-01 11:06:42,523 [Socket Reader #10 for port 15030] INFO  ipc.Server (Server.java:run(1323)) - Starting Socket Reader #10 for port 15030
2024-10-01 11:06:42,525 [main] INFO  ozone.HddsDatanodeService (HddsDatanodeService.java:start(319)) - Datanode start with admins: [runner]
2024-10-01 11:06:42,525 [main] INFO  ozone.HddsDatanodeClientProtocolServer (HddsDatanodeClientProtocolServer.java:start(79)) - RPC server for Client /0.0.0.0:15030
2024-10-01 11:06:42,525 [IPC Server Responder] INFO  ipc.Server (Server.java:run(1562)) - IPC Server Responder: starting
2024-10-01 11:06:42,525 [IPC Server listener on 15030] INFO  ipc.Server (Server.java:run(1402)) - IPC Server listener on 15030: starting
2024-10-01 11:06:42,527 [main] WARN  dropwizard3.Dm3MetricRegistriesImpl (Dm3MetricRegistriesImpl.java:addReporterRegistration(114)) - New reporters are added after registries were created. Some metrics will be missing from the reporter. Please add reporter before adding any new registry.
2024-10-01 11:06:42,527 [main] WARN  dropwizard3.Dm3MetricRegistriesImpl (Dm3MetricRegistriesImpl.java:addReporterRegistration(114)) - New reporters are added after registries were created. Some metrics will be missing from the reporter. Please add reporter before adding any new registry.
2024-10-01 11:06:42,527 [main] INFO  impl.MetricsSystemImpl (MetricsSystemImpl.java:init(158)) - HddsDatanode metrics system started (again)
2024-10-01 11:06:42,528 [3ccd597d-6672-4b12-926e-746f973e87fb-DatanodeStateMachineDaemonThread] INFO  statemachine.DatanodeStateMachine (DatanodeStateMachine.java:startStateMachineThread(337)) - Ozone container server started.
2024-10-01 11:06:42,529 [3ccd597d-6672-4b12-926e-746f973e87fb-DatanodeStateMachineTaskThread-0] INFO  statemachine.SCMConnectionManager (SCMConnectionManager.java:addReconServer(186)) - Adding Recon Server : /0.0.0.0:15009
2024-10-01 11:06:42,531 [3ccd597d-6672-4b12-926e-746f973e87fb-DatanodeStateMachineTaskThread-0] INFO  datanode.InitDatanodeState (InitDatanodeState.java:persistContainerDatanodeDetails(139)) - DatanodeDetails is persisted to /home/runner/work/ozone/ozone/hadoop-ozone/integration-test/target/test-dir/MiniOzoneClusterImpl-6f218983-f2ca-45a9-b903-464e6faef46a/ozone-meta/datanode-3/meta/datanode.id
2024-10-01 11:06:42,537 [main] INFO  ozone.HddsDatanodeService (HddsDatanodeService.java:start(235)) - HddsDatanodeService host:fv-az1244-121 ip:10.1.0.35
2024-10-01 11:06:42,540 [main] INFO  upgrade.AbstractLayoutVersionManager (AbstractLayoutVersionManager.java:init(83)) - Initializing Layout version manager with metadata layout = HBASE_SUPPORT (version = 8), software layout = HBASE_SUPPORT (version = 8)
2024-10-01 11:06:42,540 [main] INFO  statemachine.DatanodeStateMachine (DatanodeStateMachine.java:getEndPointTaskThreadPoolSize(294)) - Datanode State Machine Task Thread Pool size 2
2024-10-01 11:06:42,542 [main] INFO  volume.HddsVolume (HddsVolume.java:<init>(127)) - Creating HddsVolume: /home/runner/work/ozone/ozone/hadoop-ozone/integration-test/target/test-dir/MiniOzoneClusterImpl-6f218983-f2ca-45a9-b903-464e6faef46a/ozone-meta/datanode-4/data-0/hdds of storage type : DISK capacity : 9222449699674390527
2024-10-01 11:06:42,542 [main] INFO  volume.MutableVolumeSet (MutableVolumeSet.java:initializeVolumeSet(173)) - Added Volume : /home/runner/work/ozone/ozone/hadoop-ozone/integration-test/target/test-dir/MiniOzoneClusterImpl-6f218983-f2ca-45a9-b903-464e6faef46a/ozone-meta/datanode-4/data-0/hdds to VolumeSet
2024-10-01 11:06:42,543 [main] INFO  volume.MutableVolumeSet (MutableVolumeSet.java:initializeVolumeSet(173)) - Added Volume : /home/runner/work/ozone/ozone/hadoop-ozone/integration-test/target/test-dir/MiniOzoneClusterImpl-6f218983-f2ca-45a9-b903-464e6faef46a/ozone-meta/datanode-4/ratis to VolumeSet
2024-10-01 11:06:42,544 [main] INFO  ozoneimpl.OzoneContainer (HddsVolumeUtil.java:loadAllHddsVolumeDbStore(103)) - Load 1 volumes DbStore cost: 0ms
2024-10-01 11:06:42,545 [main] INFO  impl.FilePerChunkStrategy (FilePerChunkStrategy.java:<init>(84)) - ozone.chunk.read.mapped.buffer.max.count is load with 0
2024-10-01 11:06:42,546 [main] INFO  impl.FilePerBlockStrategy (FilePerBlockStrategy.java:<init>(91)) - ozone.chunk.read.mapped.buffer.max.count is load with 0
2024-10-01 11:06:42,547 [main] INFO  server.RaftServerConfigKeys (ConfUtils.java:logGet(46)) - raft.server.log.appender.buffer.byte-limit = 33554432 (custom)
2024-10-01 11:06:42,548 [main] INFO  server.RaftServer (ConfUtils.java:logGet(46)) - raft.rpc.type = GRPC (default)
2024-10-01 11:06:42,549 [main] INFO  grpc.GrpcConfigKeys (ConfUtils.java:logFallback(53)) - raft.grpc.admin.host = null (fallback to raft.grpc.server.host)
2024-10-01 11:06:42,549 [main] INFO  grpc.GrpcConfigKeys (ConfUtils.java:logGet(46)) - raft.grpc.admin.port = 15041 (custom)
2024-10-01 11:06:42,549 [main] INFO  grpc.GrpcConfigKeys (ConfUtils.java:logFallback(53)) - raft.grpc.client.host = null (fallback to raft.grpc.server.host)
2024-10-01 11:06:42,549 [main] INFO  grpc.GrpcConfigKeys (ConfUtils.java:logGet(46)) - raft.grpc.client.port = 15041 (custom)
2024-10-01 11:06:42,549 [main] INFO  grpc.GrpcConfigKeys (ConfUtils.java:logGet(46)) - raft.grpc.server.host = null (default)
2024-10-01 11:06:42,550 [main] INFO  grpc.GrpcConfigKeys (ConfUtils.java:logGet(46)) - raft.grpc.server.port = 15041 (custom)
2024-10-01 11:06:42,550 [main] INFO  server.GrpcService (ConfUtils.java:logGet(46)) - raft.grpc.message.size.max = 34603008 (custom)
2024-10-01 11:06:42,550 [main] INFO  server.GrpcService (ConfUtils.java:logGet(46)) - raft.grpc.flow.control.window = 5MB (=5242880) (custom)
2024-10-01 11:06:42,550 [main] INFO  server.RaftServerConfigKeys (ConfUtils.java:logGet(46)) - raft.server.rpc.request.timeout = 60s (custom)
2024-10-01 11:06:42,550 [main] INFO  grpc.GrpcConfigKeys (ConfUtils.java:logGet(46)) - raft.grpc.server.heartbeat.channel = true (default)
2024-10-01 11:06:42,551 [main] INFO  server.RaftServerConfigKeys (ConfUtils.java:logGet(46)) - raft.server.log.appender.buffer.byte-limit = 33554432 (custom)
2024-10-01 11:06:42,551 [main] INFO  grpc.GrpcConfigKeys (ConfUtils.java:logGet(46)) - raft.grpc.server.async.request.thread.pool.cached = true (default)
2024-10-01 11:06:42,551 [main] INFO  grpc.GrpcConfigKeys (ConfUtils.java:logGet(46)) - raft.grpc.server.async.request.thread.pool.size = 32 (default)
2024-10-01 11:06:42,552 [main] INFO  impl.DataStreamServerImpl (ConfUtils.java:logGet(46)) - raft.datastream.type = NETTY (custom)
2024-10-01 11:06:42,553 [main] INFO  server.RaftServerConfigKeys (ConfUtils.java:logGet(46)) - raft.server.data-stream.async.request.thread.pool.cached = false (default)
2024-10-01 11:06:42,553 [main] INFO  server.RaftServerConfigKeys (ConfUtils.java:logGet(46)) - raft.server.data-stream.async.request.thread.pool.size = 20 (custom)
2024-10-01 11:06:42,553 [main] INFO  server.RaftServerConfigKeys (ConfUtils.java:logGet(46)) - raft.server.data-stream.async.write.thread.pool.size = 16 (default)
2024-10-01 11:06:42,553 [main] INFO  netty.NettyConfigKeys$DataStream (ConfUtils.java:logGet(46)) - raft.netty.dataStream.server.channel.inactive.grace-period = 10min (default)
2024-10-01 11:06:42,553 [main] INFO  server.RaftServerConfigKeys (ConfUtils.java:logGet(46)) - raft.server.data-stream.client.pool.size = 10 (default)
2024-10-01 11:06:42,554 [main] INFO  netty.NettyConfigKeys$DataStream (ConfUtils.java:logGet(46)) - raft.netty.dataStream.server.use-epoll = true (default)
2024-10-01 11:06:42,554 [main] INFO  netty.NettyConfigKeys$DataStream (ConfUtils.java:logGet(46)) - raft.netty.dataStream.server.boss-group.size = 0 (default)
2024-10-01 11:06:42,554 [main] INFO  netty.NettyUtils (NettyUtils.java:newEventLoopGroup(74)) - Create EpollEventLoopGroup for bd925bb8-7373-4f0c-89ce-c10b2a53e1f4-NettyServerStreamRpc-bossGroup; Thread size is 0.
2024-10-01 11:06:42,555 [main] INFO  netty.NettyConfigKeys$DataStream (ConfUtils.java:logGet(46)) - raft.netty.dataStream.server.worker-group.size = 0 (default)
2024-10-01 11:06:42,555 [main] INFO  netty.NettyUtils (NettyUtils.java:newEventLoopGroup(74)) - Create EpollEventLoopGroup for bd925bb8-7373-4f0c-89ce-c10b2a53e1f4-NettyServerStreamRpc-workerGroup; Thread size is 0.
2024-10-01 11:06:42,556 [main] INFO  netty.NettyConfigKeys$DataStream (ConfUtils.java:logGet(46)) - raft.netty.dataStream.server.tls.conf = null (default)
2024-10-01 11:06:42,556 [main] INFO  netty.NettyConfigKeys$DataStream (ConfUtils.java:logGet(46)) - raft.netty.dataStream.host = null (default)
2024-10-01 11:06:42,556 [main] INFO  netty.NettyConfigKeys$DataStream (ConfUtils.java:logGet(46)) - raft.netty.dataStream.port = 15044 (custom)
2024-10-01 11:06:42,559 [main] INFO  server.RaftServerConfigKeys (ConfUtils.java:logGet(46)) - raft.server.sleep.deviation.threshold = 300ms (default)
2024-10-01 11:06:42,560 [main] INFO  server.RaftServerConfigKeys (ConfUtils.java:logGet(46)) - raft.server.close.threshold = 60s (default)
2024-10-01 11:06:42,560 [bd925bb8-7373-4f0c-89ce-c10b2a53e1f4-NettyServerStreamRpc-bossGroup--thread1] INFO  logging.LoggingHandler (AbstractInternalLogger.java:log(148)) - [id: 0x7ef99b43] REGISTERED
2024-10-01 11:06:42,560 [main] INFO  server.RaftServerConfigKeys (ConfUtils.java:logGet(46)) - raft.server.leaderelection.leader.step-down.wait-time = 10s (default)
2024-10-01 11:06:42,560 [bd925bb8-7373-4f0c-89ce-c10b2a53e1f4-NettyServerStreamRpc-bossGroup--thread1] INFO  logging.LoggingHandler (AbstractInternalLogger.java:log(148)) - [id: 0x7ef99b43] BIND: 0.0.0.0/0.0.0.0:15044
2024-10-01 11:06:42,560 [main] INFO  server.RaftServerConfigKeys (ConfUtils.java:logGet(46)) - raft.server.storage.dir = [/home/runner/work/ozone/ozone/hadoop-ozone/integration-test/target/test-dir/MiniOzoneClusterImpl-6f218983-f2ca-45a9-b903-464e6faef46a/ozone-meta/datanode-4/ratis] (custom)
2024-10-01 11:06:42,560 [bd925bb8-7373-4f0c-89ce-c10b2a53e1f4-NettyServerStreamRpc-bossGroup--thread1] INFO  logging.LoggingHandler (AbstractInternalLogger.java:log(148)) - [id: 0x7ef99b43, L:/0.0.0.0:15044] ACTIVE
2024-10-01 11:06:42,560 [main] INFO  server.RaftServerConfigKeys (ConfUtils.java:logGet(46)) - raft.server.threadpool.proxy.cached = true (default)
2024-10-01 11:06:42,561 [main] INFO  server.RaftServerConfigKeys (ConfUtils.java:logGet(46)) - raft.server.threadpool.proxy.size = 0 (default)
2024-10-01 11:06:42,561 [bd925bb8-7373-4f0c-89ce-c10b2a53e1f4-impl-thread1] INFO  server.RaftServer (RaftServerProxy.java:initGroupDir(265)) - bd925bb8-7373-4f0c-89ce-c10b2a53e1f4: found a subdirectory /home/runner/work/ozone/ozone/hadoop-ozone/integration-test/target/test-dir/MiniOzoneClusterImpl-6f218983-f2ca-45a9-b903-464e6faef46a/ozone-meta/datanode-4/ratis/tmp
2024-10-01 11:06:42,561 [bd925bb8-7373-4f0c-89ce-c10b2a53e1f4-impl-thread1] INFO  server.RaftServer (RaftServerProxy.java:initGroupDir(270)) - bd925bb8-7373-4f0c-89ce-c10b2a53e1f4: The directory /home/runner/work/ozone/ozone/hadoop-ozone/integration-test/target/test-dir/MiniOzoneClusterImpl-6f218983-f2ca-45a9-b903-464e6faef46a/ozone-meta/datanode-4/ratis/tmp is not a group directory; ignoring it. 
2024-10-01 11:06:42,562 [main] INFO  replication.ReplicationServer (ReplicationServer.java:<init>(86)) - Initializing replication server with thread count = 10 queue length = 4096
2024-10-01 11:06:42,563 [main] INFO  server.XceiverServerGrpc (XceiverServerGrpc.java:<init>(141)) - GrpcServer channel type EpollServerSocketChannel
2024-10-01 11:06:42,564 [main] INFO  replication.ReplicationSupervisor (ReplicationSupervisor.java:build(164)) - Initializing replication supervisor with thread count = 10
2024-10-01 11:06:42,564 [main] INFO  replication.ReplicationSupervisor (ReplicationSupervisor.java:nodeStateUpdated(336)) - Node state updated to IN_SERVICE, scaling executor pool size to 10
2024-10-01 11:06:42,570 [main] INFO  http.BaseHttpServer (BaseHttpServer.java:newHttpServer2BuilderForOzone(223)) - Starting Web-server for hddsDatanode at: http://0.0.0.0:15038
2024-10-01 11:06:42,570 [main] INFO  http.BaseHttpServer (BaseHttpServer.java:<init>(110)) - Hadoop Security Enabled: false Ozone Security Enabled: false Ozone HTTP Security Enabled: false 
2024-10-01 11:06:42,572 [main] WARN  server.AuthenticationFilter (AuthenticationFilter.java:constructSecretProvider(240)) - Unable to initialize FileSignerSecretProvider, falling back to use random secrets. Reason: Could not read signature secret file: /home/runner/hadoop-http-auth-signature-secret
2024-10-01 11:06:42,573 [main] INFO  http.HttpRequestLog (HttpRequestLog.java:getRequestLog(86)) - Http request log for http.requests.hddsDatanode is not defined
2024-10-01 11:06:42,574 [main] INFO  http.HttpServer2 (HttpServer2.java:addGlobalFilter(1035)) - Added global filter 'safety' (class=org.apache.hadoop.hdds.server.http.HttpServer2$QuotingInputFilter)
2024-10-01 11:06:42,575 [main] INFO  http.HttpServer2 (HttpServer2.java:addFilter(1011)) - Added filter static_user_filter (class=org.apache.hadoop.http.lib.StaticUserWebFilter$StaticUserFilter) to context hddsDatanode
2024-10-01 11:06:42,576 [main] INFO  http.HttpServer2 (HttpServer2.java:addFilter(1019)) - Added filter static_user_filter (class=org.apache.hadoop.http.lib.StaticUserWebFilter$StaticUserFilter) to context static
2024-10-01 11:06:42,576 [main] INFO  http.HttpServer2 (HttpServer2.java:addFilter(1019)) - Added filter static_user_filter (class=org.apache.hadoop.http.lib.StaticUserWebFilter$StaticUserFilter) to context logs
2024-10-01 11:06:42,576 [main] INFO  http.BaseHttpServer (BaseHttpServer.java:<init>(189)) - HTTP server of hddsDatanode uses base directory /home/runner/work/ozone/ozone/hadoop-ozone/integration-test/target/test-dir/MiniOzoneClusterImpl-6f218983-f2ca-45a9-b903-464e6faef46a/ozone-meta/datanode-4/meta/webserver
2024-10-01 11:06:42,577 [main] INFO  http.HttpServer2 (HttpServer2.java:bindListener(1235)) - Jetty bound to port 15038
2024-10-01 11:06:42,577 [main] INFO  server.Server (Server.java:doStart(375)) - jetty-9.4.56.v20240826; built: 2024-08-26T17:15:05.868Z; git: ec6782ff5ead824dabdcf47fa98f90a4aedff401; jvm 17.0.12+7
2024-10-01 11:06:42,581 [main] INFO  server.session (DefaultSessionIdManager.java:doStart(334)) - DefaultSessionIdManager workerName=node0
2024-10-01 11:06:42,581 [main] INFO  server.session (DefaultSessionIdManager.java:doStart(339)) - No SessionScavenger set, using defaults
2024-10-01 11:06:42,581 [main] INFO  server.session (HouseKeeper.java:startScavenging(132)) - node0 Scavenging every 600000ms
2024-10-01 11:06:42,582 [main] INFO  handler.ContextHandler (ContextHandler.java:doStart(921)) - Started o.e.j.s.ServletContextHandler@3c62a22b{logs,/logs,file:///home/runner/work/ozone/ozone/hadoop-ozone/integration-test/target/log,AVAILABLE}
2024-10-01 11:06:42,582 [main] INFO  handler.ContextHandler (ContextHandler.java:doStart(921)) - Started o.e.j.s.ServletContextHandler@485a7298{static,/static,jar:file:/home/runner/work/ozone/ozone/hadoop-hdds/container-service/target/hdds-container-service-1.5.0-SNAPSHOT.jar!/webapps/static,AVAILABLE}
2024-10-01 11:06:42,787 [main] INFO  handler.ContextHandler (ContextHandler.java:doStart(921)) - Started o.e.j.w.WebAppContext@3cb2b2de{hddsDatanode,/,file:///home/runner/work/ozone/ozone/hadoop-ozone/integration-test/target/test-dir/MiniOzoneClusterImpl-6f218983-f2ca-45a9-b903-464e6faef46a/ozone-meta/datanode-4/meta/webserver/jetty-0_0_0_0-15038-hdds-container-service-1_5_0-SNAPSHOT_jar-_-any-13333902595656371597/webapp/,AVAILABLE}{jar:file:/home/runner/work/ozone/ozone/hadoop-hdds/container-service/target/hdds-container-service-1.5.0-SNAPSHOT.jar!/webapps/hddsDatanode}
2024-10-01 11:06:42,788 [main] INFO  server.AbstractConnector (AbstractConnector.java:doStart(333)) - Started ServerConnector@41df222e{HTTP/1.1, (http/1.1)}{0.0.0.0:15038}
2024-10-01 11:06:42,788 [main] INFO  server.Server (Server.java:doStart(415)) - Started @25403ms
2024-10-01 11:06:42,788 [main] WARN  impl.MetricsSystemImpl (MetricsSystemImpl.java:register(279)) - Sink prometheus already exists!
2024-10-01 11:06:42,789 [main] INFO  http.BaseHttpServer (BaseHttpServer.java:updateConnectorAddress(354)) - HTTP server of hddsDatanode listening at http://0.0.0.0:15038
2024-10-01 11:06:42,789 [main] INFO  ipc.CallQueueManager (CallQueueManager.java:<init>(90)) - Using callQueue: class java.util.concurrent.LinkedBlockingQueue, queueCapacity: 1000, scheduler: class org.apache.hadoop.ipc.DefaultRpcScheduler, ipcBackoff: false.
2024-10-01 11:06:42,790 [main] INFO  ipc.Server (Server.java:<init>(1287)) - Listener at 0.0.0.0:15039
2024-10-01 11:06:42,790 [Socket Reader #1 for port 15039] INFO  ipc.Server (Server.java:run(1323)) - Starting Socket Reader #1 for port 15039
2024-10-01 11:06:42,790 [Socket Reader #2 for port 15039] INFO  ipc.Server (Server.java:run(1323)) - Starting Socket Reader #2 for port 15039
2024-10-01 11:06:42,795 [Socket Reader #3 for port 15039] INFO  ipc.Server (Server.java:run(1323)) - Starting Socket Reader #3 for port 15039
2024-10-01 11:06:42,795 [Socket Reader #4 for port 15039] INFO  ipc.Server (Server.java:run(1323)) - Starting Socket Reader #4 for port 15039
2024-10-01 11:06:42,795 [Socket Reader #5 for port 15039] INFO  ipc.Server (Server.java:run(1323)) - Starting Socket Reader #5 for port 15039
2024-10-01 11:06:42,796 [Socket Reader #6 for port 15039] INFO  ipc.Server (Server.java:run(1323)) - Starting Socket Reader #6 for port 15039
2024-10-01 11:06:42,796 [Socket Reader #7 for port 15039] INFO  ipc.Server (Server.java:run(1323)) - Starting Socket Reader #7 for port 15039
2024-10-01 11:06:42,796 [Socket Reader #8 for port 15039] INFO  ipc.Server (Server.java:run(1323)) - Starting Socket Reader #8 for port 15039
2024-10-01 11:06:42,796 [Socket Reader #9 for port 15039] INFO  ipc.Server (Server.java:run(1323)) - Starting Socket Reader #9 for port 15039
2024-10-01 11:06:42,796 [Socket Reader #10 for port 15039] INFO  ipc.Server (Server.java:run(1323)) - Starting Socket Reader #10 for port 15039
2024-10-01 11:06:42,809 [main] INFO  ozone.HddsDatanodeService (HddsDatanodeService.java:start(319)) - Datanode start with admins: [runner]
2024-10-01 11:06:42,809 [main] INFO  ozone.HddsDatanodeClientProtocolServer (HddsDatanodeClientProtocolServer.java:start(79)) - RPC server for Client /0.0.0.0:15039
2024-10-01 11:06:42,810 [IPC Server Responder] INFO  ipc.Server (Server.java:run(1562)) - IPC Server Responder: starting
2024-10-01 11:06:42,811 [IPC Server listener on 15039] INFO  ipc.Server (Server.java:run(1402)) - IPC Server listener on 15039: starting
2024-10-01 11:06:42,813 [bd925bb8-7373-4f0c-89ce-c10b2a53e1f4-DatanodeStateMachineDaemonThread] INFO  statemachine.DatanodeStateMachine (DatanodeStateMachine.java:startStateMachineThread(337)) - Ozone container server started.
2024-10-01 11:06:42,813 [main] INFO  ozone.MiniOzoneClusterImpl (MiniOzoneClusterImpl.java:lambda$waitForClusterToBeReady$0(198)) - Waiting for nodes to be ready. Got 0 of 4 DN Heartbeats.
2024-10-01 11:06:42,813 [main] INFO  ozone.MiniOzoneClusterImpl (MiniOzoneClusterImpl.java:lambda$waitForClusterToBeReady$0(201)) - Waiting for cluster to exit safe mode
2024-10-01 11:06:42,814 [main] INFO  ozone.MiniOzoneClusterImpl (MiniOzoneClusterImpl.java:lambda$waitForClusterToBeReady$0(203)) - SCM became leader
2024-10-01 11:06:42,815 [bd925bb8-7373-4f0c-89ce-c10b2a53e1f4-DatanodeStateMachineTaskThread-0] INFO  statemachine.SCMConnectionManager (SCMConnectionManager.java:addReconServer(186)) - Adding Recon Server : /0.0.0.0:15009
2024-10-01 11:06:42,817 [bd925bb8-7373-4f0c-89ce-c10b2a53e1f4-DatanodeStateMachineTaskThread-0] INFO  datanode.InitDatanodeState (InitDatanodeState.java:persistContainerDatanodeDetails(139)) - DatanodeDetails is persisted to /home/runner/work/ozone/ozone/hadoop-ozone/integration-test/target/test-dir/MiniOzoneClusterImpl-6f218983-f2ca-45a9-b903-464e6faef46a/ozone-meta/datanode-4/meta/datanode.id
2024-10-01 11:06:43,814 [main] INFO  ozone.MiniOzoneClusterImpl (MiniOzoneClusterImpl.java:lambda$waitForClusterToBeReady$0(198)) - Waiting for nodes to be ready. Got 0 of 4 DN Heartbeats.
2024-10-01 11:06:43,814 [main] INFO  ozone.MiniOzoneClusterImpl (MiniOzoneClusterImpl.java:lambda$waitForClusterToBeReady$0(201)) - Waiting for cluster to exit safe mode
2024-10-01 11:06:43,814 [main] INFO  ozone.MiniOzoneClusterImpl (MiniOzoneClusterImpl.java:lambda$waitForClusterToBeReady$0(203)) - SCM became leader
2024-10-01 11:06:43,969 [f24c48c6-4a91-44a4-ae9a-fb063e2dd958-EndpointStateMachineTaskThread-/0.0.0.0:15002-0 ] INFO  lib.Interns (Interns.java:removeEldestEntry(50)) - Metrics intern cache overflow at 2011 for MetricsSystem={MetricsSystem=MetricsInfoImpl{name=MetricsSystem, description=MetricsSystem}, MetricsSystem record=MetricsInfoImpl{name=MetricsSystem, description=MetricsSystem record}}
2024-10-01 11:06:43,971 [f24c48c6-4a91-44a4-ae9a-fb063e2dd958-EndpointStateMachineTaskThread-/0.0.0.0:15002-0 ] INFO  utils.DatanodeStoreCache (DatanodeStoreCache.java:addDB(72)) - Added db /home/runner/work/ozone/ozone/hadoop-ozone/integration-test/target/test-dir/MiniOzoneClusterImpl-6f218983-f2ca-45a9-b903-464e6faef46a/ozone-meta/datanode-1/data-0/hdds/6f218983-f2ca-45a9-b903-464e6faef46a/DS-d069a0fa-fa7b-4881-8f91-0e1eb59661d6/container.db to cache
2024-10-01 11:06:43,971 [f24c48c6-4a91-44a4-ae9a-fb063e2dd958-EndpointStateMachineTaskThread-/0.0.0.0:15002-0 ] INFO  volume.HddsVolume (HddsVolume.java:createDbStore(429)) - SchemaV3 db is created and loaded at /home/runner/work/ozone/ozone/hadoop-ozone/integration-test/target/test-dir/MiniOzoneClusterImpl-6f218983-f2ca-45a9-b903-464e6faef46a/ozone-meta/datanode-1/data-0/hdds/6f218983-f2ca-45a9-b903-464e6faef46a/DS-d069a0fa-fa7b-4881-8f91-0e1eb59661d6/container.db for volume DS-d069a0fa-fa7b-4881-8f91-0e1eb59661d6
2024-10-01 11:06:43,979 [f24c48c6-4a91-44a4-ae9a-fb063e2dd958-ContainerReader-0] INFO  ozoneimpl.ContainerReader (ContainerReader.java:readVolume(148)) - Start to verify containers on volume /home/runner/work/ozone/ozone/hadoop-ozone/integration-test/target/test-dir/MiniOzoneClusterImpl-6f218983-f2ca-45a9-b903-464e6faef46a/ozone-meta/datanode-1/data-0/hdds
2024-10-01 11:06:43,979 [f24c48c6-4a91-44a4-ae9a-fb063e2dd958-ContainerReader-0] INFO  ozoneimpl.ContainerReader (ContainerReader.java:readVolume(178)) - Finish verifying containers on volume /home/runner/work/ozone/ozone/hadoop-ozone/integration-test/target/test-dir/MiniOzoneClusterImpl-6f218983-f2ca-45a9-b903-464e6faef46a/ozone-meta/datanode-1/data-0/hdds
2024-10-01 11:06:43,980 [f24c48c6-4a91-44a4-ae9a-fb063e2dd958-EndpointStateMachineTaskThread-/0.0.0.0:15002-0 ] INFO  ozoneimpl.OzoneContainer (OzoneContainer.java:buildContainerSet(344)) - Build ContainerSet costs 0s
2024-10-01 11:06:43,980 [f24c48c6-4a91-44a4-ae9a-fb063e2dd958-EndpointStateMachineTaskThread-/0.0.0.0:15002-0 ] INFO  volume.ThrottledAsyncChecker (ThrottledAsyncChecker.java:schedule(141)) - Scheduling a check for /home/runner/work/ozone/ozone/hadoop-ozone/integration-test/target/test-dir/MiniOzoneClusterImpl-6f218983-f2ca-45a9-b903-464e6faef46a/ozone-meta/datanode-1/data-0/hdds
2024-10-01 11:06:43,986 [f24c48c6-4a91-44a4-ae9a-fb063e2dd958-EndpointStateMachineTaskThread-/0.0.0.0:15002-0 ] INFO  volume.StorageVolumeChecker (StorageVolumeChecker.java:checkAllVolumes(218)) - Scheduled health check for volume /home/runner/work/ozone/ozone/hadoop-ozone/integration-test/target/test-dir/MiniOzoneClusterImpl-6f218983-f2ca-45a9-b903-464e6faef46a/ozone-meta/datanode-1/data-0/hdds
2024-10-01 11:06:43,987 [f24c48c6-4a91-44a4-ae9a-fb063e2dd958-EndpointStateMachineTaskThread-/0.0.0.0:15002-0 ] INFO  volume.ThrottledAsyncChecker (ThrottledAsyncChecker.java:schedule(141)) - Scheduling a check for /home/runner/work/ozone/ozone/hadoop-ozone/integration-test/target/test-dir/MiniOzoneClusterImpl-6f218983-f2ca-45a9-b903-464e6faef46a/ozone-meta/datanode-1/ratis
2024-10-01 11:06:43,988 [f24c48c6-4a91-44a4-ae9a-fb063e2dd958-EndpointStateMachineTaskThread-/0.0.0.0:15002-0 ] INFO  volume.StorageVolumeChecker (StorageVolumeChecker.java:checkAllVolumes(218)) - Scheduled health check for volume /home/runner/work/ozone/ozone/hadoop-ozone/integration-test/target/test-dir/MiniOzoneClusterImpl-6f218983-f2ca-45a9-b903-464e6faef46a/ozone-meta/datanode-1/ratis
2024-10-01 11:06:43,988 [f24c48c6-4a91-44a4-ae9a-fb063e2dd958-EndpointStateMachineTaskThread-/0.0.0.0:15002-0 ] INFO  ozoneimpl.OzoneContainer (OzoneContainer.java:start(475)) - Attempting to start container services.
2024-10-01 11:06:43,994 [ContainerMetadataScanner] INFO  ozoneimpl.AbstractBackgroundContainerScanner (AbstractBackgroundContainerScanner.java:runIteration(87)) - Completed an iteration in 0 minutes. Number of iterations (since the data-node restart) : 1, Number of containers scanned in this iteration : 0, Number of unhealthy containers found in this iteration : 0
2024-10-01 11:06:43,997 [f24c48c6-4a91-44a4-ae9a-fb063e2dd958-EndpointStateMachineTaskThread-/0.0.0.0:15002-0 ] INFO  replication.ReplicationServer (ReplicationServer.java:start(140)) - ReplicationServer is started using port 15018
2024-10-01 11:06:43,998 [f24c48c6-4a91-44a4-ae9a-fb063e2dd958-EndpointStateMachineTaskThread-/0.0.0.0:15002-0 ] INFO  ratis.XceiverServerRatis (XceiverServerRatis.java:start(561)) - Starting XceiverServerRatis(f24c48c6-4a91-44a4-ae9a-fb063e2dd958)
2024-10-01 11:06:43,998 [ContainerDataScanner(/home/runner/work/ozone/ozone/hadoop-ozone/integration-test/target/test-dir/MiniOzoneClusterImpl-6f218983-f2ca-45a9-b903-464e6faef46a/ozone-meta/datanode-1/data-0/hdds)] INFO  ozoneimpl.AbstractBackgroundContainerScanner (AbstractBackgroundContainerScanner.java:runIteration(87)) - Completed an iteration in 0 minutes. Number of iterations (since the data-node restart) : 1, Number of containers scanned in this iteration : 0, Number of unhealthy containers found in this iteration : 0
2024-10-01 11:06:43,998 [f24c48c6-4a91-44a4-ae9a-fb063e2dd958-EndpointStateMachineTaskThread-/0.0.0.0:15002-0 ] INFO  server.RaftServer (RaftServerProxy.java:startImpl(407)) - f24c48c6-4a91-44a4-ae9a-fb063e2dd958: start RPC server
2024-10-01 11:06:43,999 [f24c48c6-4a91-44a4-ae9a-fb063e2dd958-EndpointStateMachineTaskThread-/0.0.0.0:15002-0 ] INFO  server.GrpcService (GrpcService.java:startImpl(334)) - f24c48c6-4a91-44a4-ae9a-fb063e2dd958: GrpcService started, listening on 15014
2024-10-01 11:06:43,999 [JvmPauseMonitor3] INFO  util.JvmPauseMonitor (JvmPauseMonitor.java:run(146)) - JvmPauseMonitor-f24c48c6-4a91-44a4-ae9a-fb063e2dd958: Started
2024-10-01 11:06:43,999 [f24c48c6-4a91-44a4-ae9a-fb063e2dd958-EndpointStateMachineTaskThread-/0.0.0.0:15002-0 ] INFO  ratis.XceiverServerRatis (XceiverServerRatis.java:getRealPort(588)) - XceiverServerRatis(f24c48c6-4a91-44a4-ae9a-fb063e2dd958) is started using port RATIS=15014
2024-10-01 11:06:44,000 [f24c48c6-4a91-44a4-ae9a-fb063e2dd958-EndpointStateMachineTaskThread-/0.0.0.0:15002-0 ] INFO  ratis.XceiverServerRatis (XceiverServerRatis.java:getRealPort(588)) - XceiverServerRatis(f24c48c6-4a91-44a4-ae9a-fb063e2dd958) is started using port RATIS_ADMIN=15014
2024-10-01 11:06:44,000 [f24c48c6-4a91-44a4-ae9a-fb063e2dd958-EndpointStateMachineTaskThread-/0.0.0.0:15002-0 ] INFO  ratis.XceiverServerRatis (XceiverServerRatis.java:getRealPort(588)) - XceiverServerRatis(f24c48c6-4a91-44a4-ae9a-fb063e2dd958) is started using port RATIS_SERVER=15014
2024-10-01 11:06:44,000 [f24c48c6-4a91-44a4-ae9a-fb063e2dd958-EndpointStateMachineTaskThread-/0.0.0.0:15002-0 ] INFO  ratis.XceiverServerRatis (XceiverServerRatis.java:getRealPort(588)) - XceiverServerRatis(f24c48c6-4a91-44a4-ae9a-fb063e2dd958) is started using port RATIS_DATASTREAM=15017
2024-10-01 11:06:44,003 [f24c48c6-4a91-44a4-ae9a-fb063e2dd958-BlockDeletingService#0] INFO  interfaces.ContainerDeletionChoosingPolicyTemplate (ContainerDeletionChoosingPolicyTemplate.java:chooseContainerForBlockDeletion(85)) - Chosen 0/5000 blocks from 0 candidate containers.
2024-10-01 11:06:44,303 [89da30bd-cbf9-4a7b-a1ff-1f6963324f22-EndpointStateMachineTaskThread-/0.0.0.0:15002-0 ] INFO  utils.DatanodeStoreCache (DatanodeStoreCache.java:addDB(72)) - Added db /home/runner/work/ozone/ozone/hadoop-ozone/integration-test/target/test-dir/MiniOzoneClusterImpl-6f218983-f2ca-45a9-b903-464e6faef46a/ozone-meta/datanode-2/data-0/hdds/6f218983-f2ca-45a9-b903-464e6faef46a/DS-d462013f-9e41-49c7-94f4-944661da4832/container.db to cache
2024-10-01 11:06:44,304 [89da30bd-cbf9-4a7b-a1ff-1f6963324f22-EndpointStateMachineTaskThread-/0.0.0.0:15002-0 ] INFO  volume.HddsVolume (HddsVolume.java:createDbStore(429)) - SchemaV3 db is created and loaded at /home/runner/work/ozone/ozone/hadoop-ozone/integration-test/target/test-dir/MiniOzoneClusterImpl-6f218983-f2ca-45a9-b903-464e6faef46a/ozone-meta/datanode-2/data-0/hdds/6f218983-f2ca-45a9-b903-464e6faef46a/DS-d462013f-9e41-49c7-94f4-944661da4832/container.db for volume DS-d462013f-9e41-49c7-94f4-944661da4832
2024-10-01 11:06:44,305 [89da30bd-cbf9-4a7b-a1ff-1f6963324f22-ContainerReader-0] INFO  ozoneimpl.ContainerReader (ContainerReader.java:readVolume(148)) - Start to verify containers on volume /home/runner/work/ozone/ozone/hadoop-ozone/integration-test/target/test-dir/MiniOzoneClusterImpl-6f218983-f2ca-45a9-b903-464e6faef46a/ozone-meta/datanode-2/data-0/hdds
2024-10-01 11:06:44,306 [89da30bd-cbf9-4a7b-a1ff-1f6963324f22-ContainerReader-0] INFO  ozoneimpl.ContainerReader (ContainerReader.java:readVolume(178)) - Finish verifying containers on volume /home/runner/work/ozone/ozone/hadoop-ozone/integration-test/target/test-dir/MiniOzoneClusterImpl-6f218983-f2ca-45a9-b903-464e6faef46a/ozone-meta/datanode-2/data-0/hdds
2024-10-01 11:06:44,306 [89da30bd-cbf9-4a7b-a1ff-1f6963324f22-EndpointStateMachineTaskThread-/0.0.0.0:15002-0 ] INFO  ozoneimpl.OzoneContainer (OzoneContainer.java:buildContainerSet(344)) - Build ContainerSet costs 0s
2024-10-01 11:06:44,306 [89da30bd-cbf9-4a7b-a1ff-1f6963324f22-EndpointStateMachineTaskThread-/0.0.0.0:15002-0 ] INFO  volume.ThrottledAsyncChecker (ThrottledAsyncChecker.java:schedule(141)) - Scheduling a check for /home/runner/work/ozone/ozone/hadoop-ozone/integration-test/target/test-dir/MiniOzoneClusterImpl-6f218983-f2ca-45a9-b903-464e6faef46a/ozone-meta/datanode-2/data-0/hdds
2024-10-01 11:06:44,306 [89da30bd-cbf9-4a7b-a1ff-1f6963324f22-EndpointStateMachineTaskThread-/0.0.0.0:15002-0 ] INFO  volume.StorageVolumeChecker (StorageVolumeChecker.java:checkAllVolumes(218)) - Scheduled health check for volume /home/runner/work/ozone/ozone/hadoop-ozone/integration-test/target/test-dir/MiniOzoneClusterImpl-6f218983-f2ca-45a9-b903-464e6faef46a/ozone-meta/datanode-2/data-0/hdds
2024-10-01 11:06:44,308 [89da30bd-cbf9-4a7b-a1ff-1f6963324f22-EndpointStateMachineTaskThread-/0.0.0.0:15002-0 ] INFO  volume.ThrottledAsyncChecker (ThrottledAsyncChecker.java:schedule(141)) - Scheduling a check for /home/runner/work/ozone/ozone/hadoop-ozone/integration-test/target/test-dir/MiniOzoneClusterImpl-6f218983-f2ca-45a9-b903-464e6faef46a/ozone-meta/datanode-2/ratis
2024-10-01 11:06:44,308 [89da30bd-cbf9-4a7b-a1ff-1f6963324f22-EndpointStateMachineTaskThread-/0.0.0.0:15002-0 ] INFO  volume.StorageVolumeChecker (StorageVolumeChecker.java:checkAllVolumes(218)) - Scheduled health check for volume /home/runner/work/ozone/ozone/hadoop-ozone/integration-test/target/test-dir/MiniOzoneClusterImpl-6f218983-f2ca-45a9-b903-464e6faef46a/ozone-meta/datanode-2/ratis
2024-10-01 11:06:44,309 [89da30bd-cbf9-4a7b-a1ff-1f6963324f22-EndpointStateMachineTaskThread-/0.0.0.0:15002-0 ] INFO  ozoneimpl.OzoneContainer (OzoneContainer.java:start(475)) - Attempting to start container services.
2024-10-01 11:06:44,309 [89da30bd-cbf9-4a7b-a1ff-1f6963324f22-EndpointStateMachineTaskThread-/0.0.0.0:15002-0 ] WARN  ozoneimpl.OnDemandContainerDataScanner (OnDemandContainerDataScanner.java:init(75)) - Trying to initialize on demand scanner a second time on a datanode.
2024-10-01 11:06:44,312 [ContainerMetadataScanner] INFO  ozoneimpl.AbstractBackgroundContainerScanner (AbstractBackgroundContainerScanner.java:runIteration(87)) - Completed an iteration in 0 minutes. Number of iterations (since the data-node restart) : 1, Number of containers scanned in this iteration : 0, Number of unhealthy containers found in this iteration : 0
2024-10-01 11:06:44,312 [ContainerDataScanner(/home/runner/work/ozone/ozone/hadoop-ozone/integration-test/target/test-dir/MiniOzoneClusterImpl-6f218983-f2ca-45a9-b903-464e6faef46a/ozone-meta/datanode-2/data-0/hdds)] INFO  ozoneimpl.AbstractBackgroundContainerScanner (AbstractBackgroundContainerScanner.java:runIteration(87)) - Completed an iteration in 0 minutes. Number of iterations (since the data-node restart) : 1, Number of containers scanned in this iteration : 0, Number of unhealthy containers found in this iteration : 0
2024-10-01 11:06:44,312 [89da30bd-cbf9-4a7b-a1ff-1f6963324f22-EndpointStateMachineTaskThread-/0.0.0.0:15002-0 ] INFO  replication.ReplicationServer (ReplicationServer.java:start(140)) - ReplicationServer is started using port 15027
2024-10-01 11:06:44,313 [89da30bd-cbf9-4a7b-a1ff-1f6963324f22-EndpointStateMachineTaskThread-/0.0.0.0:15002-0 ] INFO  ratis.XceiverServerRatis (XceiverServerRatis.java:start(561)) - Starting XceiverServerRatis(89da30bd-cbf9-4a7b-a1ff-1f6963324f22)
2024-10-01 11:06:44,314 [89da30bd-cbf9-4a7b-a1ff-1f6963324f22-EndpointStateMachineTaskThread-/0.0.0.0:15002-0 ] INFO  server.RaftServer (RaftServerProxy.java:startImpl(407)) - 89da30bd-cbf9-4a7b-a1ff-1f6963324f22: start RPC server
2024-10-01 11:06:44,314 [89da30bd-cbf9-4a7b-a1ff-1f6963324f22-EndpointStateMachineTaskThread-/0.0.0.0:15002-0 ] INFO  server.GrpcService (GrpcService.java:startImpl(334)) - 89da30bd-cbf9-4a7b-a1ff-1f6963324f22: GrpcService started, listening on 15023
2024-10-01 11:06:44,316 [89da30bd-cbf9-4a7b-a1ff-1f6963324f22-EndpointStateMachineTaskThread-/0.0.0.0:15002-0 ] INFO  ratis.XceiverServerRatis (XceiverServerRatis.java:getRealPort(588)) - XceiverServerRatis(89da30bd-cbf9-4a7b-a1ff-1f6963324f22) is started using port RATIS=15023
2024-10-01 11:06:44,317 [89da30bd-cbf9-4a7b-a1ff-1f6963324f22-EndpointStateMachineTaskThread-/0.0.0.0:15002-0 ] INFO  ratis.XceiverServerRatis (XceiverServerRatis.java:getRealPort(588)) - XceiverServerRatis(89da30bd-cbf9-4a7b-a1ff-1f6963324f22) is started using port RATIS_ADMIN=15023
2024-10-01 11:06:44,317 [89da30bd-cbf9-4a7b-a1ff-1f6963324f22-EndpointStateMachineTaskThread-/0.0.0.0:15002-0 ] INFO  ratis.XceiverServerRatis (XceiverServerRatis.java:getRealPort(588)) - XceiverServerRatis(89da30bd-cbf9-4a7b-a1ff-1f6963324f22) is started using port RATIS_SERVER=15023
2024-10-01 11:06:44,317 [89da30bd-cbf9-4a7b-a1ff-1f6963324f22-EndpointStateMachineTaskThread-/0.0.0.0:15002-0 ] INFO  ratis.XceiverServerRatis (XceiverServerRatis.java:getRealPort(588)) - XceiverServerRatis(89da30bd-cbf9-4a7b-a1ff-1f6963324f22) is started using port RATIS_DATASTREAM=15026
2024-10-01 11:06:44,317 [JvmPauseMonitor4] INFO  util.JvmPauseMonitor (JvmPauseMonitor.java:run(146)) - JvmPauseMonitor-89da30bd-cbf9-4a7b-a1ff-1f6963324f22: Started
2024-10-01 11:06:44,321 [89da30bd-cbf9-4a7b-a1ff-1f6963324f22-BlockDeletingService#0] INFO  interfaces.ContainerDeletionChoosingPolicyTemplate (ContainerDeletionChoosingPolicyTemplate.java:chooseContainerForBlockDeletion(85)) - Chosen 0/5000 blocks from 0 candidate containers.
2024-10-01 11:06:44,557 [3ccd597d-6672-4b12-926e-746f973e87fb-EndpointStateMachineTaskThread-/0.0.0.0:15002-0 ] INFO  utils.DatanodeStoreCache (DatanodeStoreCache.java:addDB(72)) - Added db /home/runner/work/ozone/ozone/hadoop-ozone/integration-test/target/test-dir/MiniOzoneClusterImpl-6f218983-f2ca-45a9-b903-464e6faef46a/ozone-meta/datanode-3/data-0/hdds/6f218983-f2ca-45a9-b903-464e6faef46a/DS-1f7c2ebc-ce58-48cb-9255-1aa1a327bed6/container.db to cache
2024-10-01 11:06:44,557 [3ccd597d-6672-4b12-926e-746f973e87fb-EndpointStateMachineTaskThread-/0.0.0.0:15002-0 ] INFO  volume.HddsVolume (HddsVolume.java:createDbStore(429)) - SchemaV3 db is created and loaded at /home/runner/work/ozone/ozone/hadoop-ozone/integration-test/target/test-dir/MiniOzoneClusterImpl-6f218983-f2ca-45a9-b903-464e6faef46a/ozone-meta/datanode-3/data-0/hdds/6f218983-f2ca-45a9-b903-464e6faef46a/DS-1f7c2ebc-ce58-48cb-9255-1aa1a327bed6/container.db for volume DS-1f7c2ebc-ce58-48cb-9255-1aa1a327bed6
2024-10-01 11:06:44,559 [3ccd597d-6672-4b12-926e-746f973e87fb-ContainerReader-0] INFO  ozoneimpl.ContainerReader (ContainerReader.java:readVolume(148)) - Start to verify containers on volume /home/runner/work/ozone/ozone/hadoop-ozone/integration-test/target/test-dir/MiniOzoneClusterImpl-6f218983-f2ca-45a9-b903-464e6faef46a/ozone-meta/datanode-3/data-0/hdds
2024-10-01 11:06:44,559 [3ccd597d-6672-4b12-926e-746f973e87fb-ContainerReader-0] INFO  ozoneimpl.ContainerReader (ContainerReader.java:readVolume(178)) - Finish verifying containers on volume /home/runner/work/ozone/ozone/hadoop-ozone/integration-test/target/test-dir/MiniOzoneClusterImpl-6f218983-f2ca-45a9-b903-464e6faef46a/ozone-meta/datanode-3/data-0/hdds
2024-10-01 11:06:44,559 [3ccd597d-6672-4b12-926e-746f973e87fb-EndpointStateMachineTaskThread-/0.0.0.0:15002-0 ] INFO  ozoneimpl.OzoneContainer (OzoneContainer.java:buildContainerSet(344)) - Build ContainerSet costs 0s
2024-10-01 11:06:44,559 [3ccd597d-6672-4b12-926e-746f973e87fb-EndpointStateMachineTaskThread-/0.0.0.0:15002-0 ] INFO  volume.ThrottledAsyncChecker (ThrottledAsyncChecker.java:schedule(141)) - Scheduling a check for /home/runner/work/ozone/ozone/hadoop-ozone/integration-test/target/test-dir/MiniOzoneClusterImpl-6f218983-f2ca-45a9-b903-464e6faef46a/ozone-meta/datanode-3/data-0/hdds
2024-10-01 11:06:44,560 [3ccd597d-6672-4b12-926e-746f973e87fb-EndpointStateMachineTaskThread-/0.0.0.0:15002-0 ] INFO  volume.StorageVolumeChecker (StorageVolumeChecker.java:checkAllVolumes(218)) - Scheduled health check for volume /home/runner/work/ozone/ozone/hadoop-ozone/integration-test/target/test-dir/MiniOzoneClusterImpl-6f218983-f2ca-45a9-b903-464e6faef46a/ozone-meta/datanode-3/data-0/hdds
2024-10-01 11:06:44,561 [3ccd597d-6672-4b12-926e-746f973e87fb-EndpointStateMachineTaskThread-/0.0.0.0:15002-0 ] INFO  volume.ThrottledAsyncChecker (ThrottledAsyncChecker.java:schedule(141)) - Scheduling a check for /home/runner/work/ozone/ozone/hadoop-ozone/integration-test/target/test-dir/MiniOzoneClusterImpl-6f218983-f2ca-45a9-b903-464e6faef46a/ozone-meta/datanode-3/ratis
2024-10-01 11:06:44,561 [3ccd597d-6672-4b12-926e-746f973e87fb-EndpointStateMachineTaskThread-/0.0.0.0:15002-0 ] INFO  volume.StorageVolumeChecker (StorageVolumeChecker.java:checkAllVolumes(218)) - Scheduled health check for volume /home/runner/work/ozone/ozone/hadoop-ozone/integration-test/target/test-dir/MiniOzoneClusterImpl-6f218983-f2ca-45a9-b903-464e6faef46a/ozone-meta/datanode-3/ratis
2024-10-01 11:06:44,562 [3ccd597d-6672-4b12-926e-746f973e87fb-EndpointStateMachineTaskThread-/0.0.0.0:15002-0 ] INFO  ozoneimpl.OzoneContainer (OzoneContainer.java:start(475)) - Attempting to start container services.
2024-10-01 11:06:44,562 [3ccd597d-6672-4b12-926e-746f973e87fb-EndpointStateMachineTaskThread-/0.0.0.0:15002-0 ] WARN  ozoneimpl.OnDemandContainerDataScanner (OnDemandContainerDataScanner.java:init(75)) - Trying to initialize on demand scanner a second time on a datanode.
2024-10-01 11:06:44,563 [ContainerMetadataScanner] INFO  ozoneimpl.AbstractBackgroundContainerScanner (AbstractBackgroundContainerScanner.java:runIteration(87)) - Completed an iteration in 0 minutes. Number of iterations (since the data-node restart) : 1, Number of containers scanned in this iteration : 0, Number of unhealthy containers found in this iteration : 0
2024-10-01 11:06:44,564 [ContainerDataScanner(/home/runner/work/ozone/ozone/hadoop-ozone/integration-test/target/test-dir/MiniOzoneClusterImpl-6f218983-f2ca-45a9-b903-464e6faef46a/ozone-meta/datanode-3/data-0/hdds)] INFO  ozoneimpl.AbstractBackgroundContainerScanner (AbstractBackgroundContainerScanner.java:runIteration(87)) - Completed an iteration in 0 minutes. Number of iterations (since the data-node restart) : 1, Number of containers scanned in this iteration : 0, Number of unhealthy containers found in this iteration : 0
2024-10-01 11:06:44,564 [3ccd597d-6672-4b12-926e-746f973e87fb-EndpointStateMachineTaskThread-/0.0.0.0:15002-0 ] INFO  replication.ReplicationServer (ReplicationServer.java:start(140)) - ReplicationServer is started using port 15036
2024-10-01 11:06:44,564 [3ccd597d-6672-4b12-926e-746f973e87fb-EndpointStateMachineTaskThread-/0.0.0.0:15002-0 ] INFO  ratis.XceiverServerRatis (XceiverServerRatis.java:start(561)) - Starting XceiverServerRatis(3ccd597d-6672-4b12-926e-746f973e87fb)
2024-10-01 11:06:44,568 [3ccd597d-6672-4b12-926e-746f973e87fb-EndpointStateMachineTaskThread-/0.0.0.0:15002-0 ] INFO  server.RaftServer (RaftServerProxy.java:startImpl(407)) - 3ccd597d-6672-4b12-926e-746f973e87fb: start RPC server
2024-10-01 11:06:44,569 [3ccd597d-6672-4b12-926e-746f973e87fb-EndpointStateMachineTaskThread-/0.0.0.0:15002-0 ] INFO  server.GrpcService (GrpcService.java:startImpl(334)) - 3ccd597d-6672-4b12-926e-746f973e87fb: GrpcService started, listening on 15032
2024-10-01 11:06:44,576 [3ccd597d-6672-4b12-926e-746f973e87fb-EndpointStateMachineTaskThread-/0.0.0.0:15002-0 ] INFO  ratis.XceiverServerRatis (XceiverServerRatis.java:getRealPort(588)) - XceiverServerRatis(3ccd597d-6672-4b12-926e-746f973e87fb) is started using port RATIS=15032
2024-10-01 11:06:44,577 [3ccd597d-6672-4b12-926e-746f973e87fb-EndpointStateMachineTaskThread-/0.0.0.0:15002-0 ] INFO  ratis.XceiverServerRatis (XceiverServerRatis.java:getRealPort(588)) - XceiverServerRatis(3ccd597d-6672-4b12-926e-746f973e87fb) is started using port RATIS_ADMIN=15032
2024-10-01 11:06:44,577 [3ccd597d-6672-4b12-926e-746f973e87fb-EndpointStateMachineTaskThread-/0.0.0.0:15002-0 ] INFO  ratis.XceiverServerRatis (XceiverServerRatis.java:getRealPort(588)) - XceiverServerRatis(3ccd597d-6672-4b12-926e-746f973e87fb) is started using port RATIS_SERVER=15032
2024-10-01 11:06:44,577 [3ccd597d-6672-4b12-926e-746f973e87fb-EndpointStateMachineTaskThread-/0.0.0.0:15002-0 ] INFO  ratis.XceiverServerRatis (XceiverServerRatis.java:getRealPort(588)) - XceiverServerRatis(3ccd597d-6672-4b12-926e-746f973e87fb) is started using port RATIS_DATASTREAM=15035
2024-10-01 11:06:44,578 [JvmPauseMonitor5] INFO  util.JvmPauseMonitor (JvmPauseMonitor.java:run(146)) - JvmPauseMonitor-3ccd597d-6672-4b12-926e-746f973e87fb: Started
2024-10-01 11:06:44,581 [3ccd597d-6672-4b12-926e-746f973e87fb-BlockDeletingService#0] INFO  interfaces.ContainerDeletionChoosingPolicyTemplate (ContainerDeletionChoosingPolicyTemplate.java:chooseContainerForBlockDeletion(85)) - Chosen 0/5000 blocks from 0 candidate containers.
2024-10-01 11:06:44,815 [main] INFO  ozone.MiniOzoneClusterImpl (MiniOzoneClusterImpl.java:lambda$waitForClusterToBeReady$0(198)) - Waiting for nodes to be ready. Got 0 of 4 DN Heartbeats.
2024-10-01 11:06:44,815 [main] INFO  ozone.MiniOzoneClusterImpl (MiniOzoneClusterImpl.java:lambda$waitForClusterToBeReady$0(201)) - Waiting for cluster to exit safe mode
2024-10-01 11:06:44,815 [main] INFO  ozone.MiniOzoneClusterImpl (MiniOzoneClusterImpl.java:lambda$waitForClusterToBeReady$0(203)) - SCM became leader
2024-10-01 11:06:44,851 [bd925bb8-7373-4f0c-89ce-c10b2a53e1f4-EndpointStateMachineTaskThread-/0.0.0.0:15002-0 ] INFO  utils.DatanodeStoreCache (DatanodeStoreCache.java:addDB(72)) - Added db /home/runner/work/ozone/ozone/hadoop-ozone/integration-test/target/test-dir/MiniOzoneClusterImpl-6f218983-f2ca-45a9-b903-464e6faef46a/ozone-meta/datanode-4/data-0/hdds/6f218983-f2ca-45a9-b903-464e6faef46a/DS-2e5101e6-3023-45e6-a0e0-5134d84f0a35/container.db to cache
2024-10-01 11:06:44,851 [bd925bb8-7373-4f0c-89ce-c10b2a53e1f4-EndpointStateMachineTaskThread-/0.0.0.0:15002-0 ] INFO  volume.HddsVolume (HddsVolume.java:createDbStore(429)) - SchemaV3 db is created and loaded at /home/runner/work/ozone/ozone/hadoop-ozone/integration-test/target/test-dir/MiniOzoneClusterImpl-6f218983-f2ca-45a9-b903-464e6faef46a/ozone-meta/datanode-4/data-0/hdds/6f218983-f2ca-45a9-b903-464e6faef46a/DS-2e5101e6-3023-45e6-a0e0-5134d84f0a35/container.db for volume DS-2e5101e6-3023-45e6-a0e0-5134d84f0a35
2024-10-01 11:06:44,853 [bd925bb8-7373-4f0c-89ce-c10b2a53e1f4-ContainerReader-0] INFO  ozoneimpl.ContainerReader (ContainerReader.java:readVolume(148)) - Start to verify containers on volume /home/runner/work/ozone/ozone/hadoop-ozone/integration-test/target/test-dir/MiniOzoneClusterImpl-6f218983-f2ca-45a9-b903-464e6faef46a/ozone-meta/datanode-4/data-0/hdds
2024-10-01 11:06:44,853 [bd925bb8-7373-4f0c-89ce-c10b2a53e1f4-ContainerReader-0] INFO  ozoneimpl.ContainerReader (ContainerReader.java:readVolume(178)) - Finish verifying containers on volume /home/runner/work/ozone/ozone/hadoop-ozone/integration-test/target/test-dir/MiniOzoneClusterImpl-6f218983-f2ca-45a9-b903-464e6faef46a/ozone-meta/datanode-4/data-0/hdds
2024-10-01 11:06:44,854 [bd925bb8-7373-4f0c-89ce-c10b2a53e1f4-EndpointStateMachineTaskThread-/0.0.0.0:15002-0 ] INFO  ozoneimpl.OzoneContainer (OzoneContainer.java:buildContainerSet(344)) - Build ContainerSet costs 0s
2024-10-01 11:06:44,854 [bd925bb8-7373-4f0c-89ce-c10b2a53e1f4-EndpointStateMachineTaskThread-/0.0.0.0:15002-0 ] INFO  volume.ThrottledAsyncChecker (ThrottledAsyncChecker.java:schedule(141)) - Scheduling a check for /home/runner/work/ozone/ozone/hadoop-ozone/integration-test/target/test-dir/MiniOzoneClusterImpl-6f218983-f2ca-45a9-b903-464e6faef46a/ozone-meta/datanode-4/data-0/hdds
2024-10-01 11:06:44,855 [bd925bb8-7373-4f0c-89ce-c10b2a53e1f4-EndpointStateMachineTaskThread-/0.0.0.0:15002-0 ] INFO  volume.StorageVolumeChecker (StorageVolumeChecker.java:checkAllVolumes(218)) - Scheduled health check for volume /home/runner/work/ozone/ozone/hadoop-ozone/integration-test/target/test-dir/MiniOzoneClusterImpl-6f218983-f2ca-45a9-b903-464e6faef46a/ozone-meta/datanode-4/data-0/hdds
2024-10-01 11:06:44,856 [bd925bb8-7373-4f0c-89ce-c10b2a53e1f4-EndpointStateMachineTaskThread-/0.0.0.0:15002-0 ] INFO  volume.ThrottledAsyncChecker (ThrottledAsyncChecker.java:schedule(141)) - Scheduling a check for /home/runner/work/ozone/ozone/hadoop-ozone/integration-test/target/test-dir/MiniOzoneClusterImpl-6f218983-f2ca-45a9-b903-464e6faef46a/ozone-meta/datanode-4/ratis
2024-10-01 11:06:44,856 [bd925bb8-7373-4f0c-89ce-c10b2a53e1f4-EndpointStateMachineTaskThread-/0.0.0.0:15002-0 ] INFO  volume.StorageVolumeChecker (StorageVolumeChecker.java:checkAllVolumes(218)) - Scheduled health check for volume /home/runner/work/ozone/ozone/hadoop-ozone/integration-test/target/test-dir/MiniOzoneClusterImpl-6f218983-f2ca-45a9-b903-464e6faef46a/ozone-meta/datanode-4/ratis
2024-10-01 11:06:44,857 [bd925bb8-7373-4f0c-89ce-c10b2a53e1f4-EndpointStateMachineTaskThread-/0.0.0.0:15002-0 ] INFO  ozoneimpl.OzoneContainer (OzoneContainer.java:start(475)) - Attempting to start container services.
2024-10-01 11:06:44,857 [bd925bb8-7373-4f0c-89ce-c10b2a53e1f4-EndpointStateMachineTaskThread-/0.0.0.0:15002-0 ] WARN  ozoneimpl.OnDemandContainerDataScanner (OnDemandContainerDataScanner.java:init(75)) - Trying to initialize on demand scanner a second time on a datanode.
2024-10-01 11:06:44,858 [ContainerMetadataScanner] INFO  ozoneimpl.AbstractBackgroundContainerScanner (AbstractBackgroundContainerScanner.java:runIteration(87)) - Completed an iteration in 0 minutes. Number of iterations (since the data-node restart) : 1, Number of containers scanned in this iteration : 0, Number of unhealthy containers found in this iteration : 0
2024-10-01 11:06:44,858 [ContainerDataScanner(/home/runner/work/ozone/ozone/hadoop-ozone/integration-test/target/test-dir/MiniOzoneClusterImpl-6f218983-f2ca-45a9-b903-464e6faef46a/ozone-meta/datanode-4/data-0/hdds)] INFO  ozoneimpl.AbstractBackgroundContainerScanner (AbstractBackgroundContainerScanner.java:runIteration(87)) - Completed an iteration in 0 minutes. Number of iterations (since the data-node restart) : 1, Number of containers scanned in this iteration : 0, Number of unhealthy containers found in this iteration : 0
2024-10-01 11:06:44,858 [bd925bb8-7373-4f0c-89ce-c10b2a53e1f4-EndpointStateMachineTaskThread-/0.0.0.0:15002-0 ] INFO  replication.ReplicationServer (ReplicationServer.java:start(140)) - ReplicationServer is started using port 15045
2024-10-01 11:06:44,859 [bd925bb8-7373-4f0c-89ce-c10b2a53e1f4-EndpointStateMachineTaskThread-/0.0.0.0:15002-0 ] INFO  ratis.XceiverServerRatis (XceiverServerRatis.java:start(561)) - Starting XceiverServerRatis(bd925bb8-7373-4f0c-89ce-c10b2a53e1f4)
2024-10-01 11:06:44,860 [bd925bb8-7373-4f0c-89ce-c10b2a53e1f4-EndpointStateMachineTaskThread-/0.0.0.0:15002-0 ] INFO  server.RaftServer (RaftServerProxy.java:startImpl(407)) - bd925bb8-7373-4f0c-89ce-c10b2a53e1f4: start RPC server
2024-10-01 11:06:44,861 [bd925bb8-7373-4f0c-89ce-c10b2a53e1f4-EndpointStateMachineTaskThread-/0.0.0.0:15002-0 ] INFO  server.GrpcService (GrpcService.java:startImpl(334)) - bd925bb8-7373-4f0c-89ce-c10b2a53e1f4: GrpcService started, listening on 15041
2024-10-01 11:06:44,861 [bd925bb8-7373-4f0c-89ce-c10b2a53e1f4-EndpointStateMachineTaskThread-/0.0.0.0:15002-0 ] INFO  ratis.XceiverServerRatis (XceiverServerRatis.java:getRealPort(588)) - XceiverServerRatis(bd925bb8-7373-4f0c-89ce-c10b2a53e1f4) is started using port RATIS=15041
2024-10-01 11:06:44,861 [JvmPauseMonitor6] INFO  util.JvmPauseMonitor (JvmPauseMonitor.java:run(146)) - JvmPauseMonitor-bd925bb8-7373-4f0c-89ce-c10b2a53e1f4: Started
2024-10-01 11:06:44,861 [bd925bb8-7373-4f0c-89ce-c10b2a53e1f4-EndpointStateMachineTaskThread-/0.0.0.0:15002-0 ] INFO  ratis.XceiverServerRatis (XceiverServerRatis.java:getRealPort(588)) - XceiverServerRatis(bd925bb8-7373-4f0c-89ce-c10b2a53e1f4) is started using port RATIS_ADMIN=15041
2024-10-01 11:06:44,861 [bd925bb8-7373-4f0c-89ce-c10b2a53e1f4-EndpointStateMachineTaskThread-/0.0.0.0:15002-0 ] INFO  ratis.XceiverServerRatis (XceiverServerRatis.java:getRealPort(588)) - XceiverServerRatis(bd925bb8-7373-4f0c-89ce-c10b2a53e1f4) is started using port RATIS_SERVER=15041
2024-10-01 11:06:44,861 [bd925bb8-7373-4f0c-89ce-c10b2a53e1f4-EndpointStateMachineTaskThread-/0.0.0.0:15002-0 ] INFO  ratis.XceiverServerRatis (XceiverServerRatis.java:getRealPort(588)) - XceiverServerRatis(bd925bb8-7373-4f0c-89ce-c10b2a53e1f4) is started using port RATIS_DATASTREAM=15044
2024-10-01 11:06:44,863 [bd925bb8-7373-4f0c-89ce-c10b2a53e1f4-BlockDeletingService#0] INFO  interfaces.ContainerDeletionChoosingPolicyTemplate (ContainerDeletionChoosingPolicyTemplate.java:chooseContainerForBlockDeletion(85)) - Chosen 0/5000 blocks from 0 candidate containers.
2024-10-01 11:06:45,815 [main] INFO  ozone.MiniOzoneClusterImpl (MiniOzoneClusterImpl.java:lambda$waitForClusterToBeReady$0(198)) - Waiting for nodes to be ready. Got 0 of 4 DN Heartbeats.
2024-10-01 11:06:45,815 [main] INFO  ozone.MiniOzoneClusterImpl (MiniOzoneClusterImpl.java:lambda$waitForClusterToBeReady$0(201)) - Waiting for cluster to exit safe mode
2024-10-01 11:06:45,815 [main] INFO  ozone.MiniOzoneClusterImpl (MiniOzoneClusterImpl.java:lambda$waitForClusterToBeReady$0(203)) - SCM became leader
2024-10-01 11:06:45,935 [IPC Server handler 2 on default port 15002] INFO  net.NetworkTopologyImpl (NetworkTopologyImpl.java:add(134)) - Added a new node: /default-rack/f24c48c6-4a91-44a4-ae9a-fb063e2dd958
2024-10-01 11:06:45,935 [IPC Server handler 3 on default port 15009] INFO  net.NetworkTopologyImpl (NetworkTopologyImpl.java:add(134)) - Added a new node: /default-rack/f24c48c6-4a91-44a4-ae9a-fb063e2dd958
2024-10-01 11:06:45,937 [IPC Server handler 2 on default port 15002] INFO  node.SCMNodeManager (SCMNodeManager.java:register(424)) - Registered datanode: f24c48c6-4a91-44a4-ae9a-fb063e2dd958{ip: 127.0.0.1, host: localhost, ports: [HTTP=15011, CLIENT_RPC=15012, REPLICATION=15018, RATIS=15014, RATIS_ADMIN=15014, RATIS_SERVER=15014, RATIS_DATASTREAM=15017, STANDALONE=15013], networkLocation: /default-rack, certSerialId: null, persistedOpState: null, persistedOpStateExpiryEpochSec: 0}
2024-10-01 11:06:45,938 [IPC Server handler 3 on default port 15009] INFO  node.SCMNodeManager (SCMNodeManager.java:register(424)) - Registered datanode: f24c48c6-4a91-44a4-ae9a-fb063e2dd958{ip: 127.0.0.1, host: localhost, ports: [HTTP=15011, CLIENT_RPC=15012, REPLICATION=15018, RATIS=15014, RATIS_ADMIN=15014, RATIS_SERVER=15014, RATIS_DATASTREAM=15017, STANDALONE=15013], networkLocation: /default-rack, certSerialId: null, persistedOpState: null, persistedOpStateExpiryEpochSec: 0}
2024-10-01 11:06:45,940 [IPC Server handler 3 on default port 15009] INFO  recon.ReconContext (ReconContext.java:updateHealthStatus(77)) - Update healthStatus of Recon from true to true.
2024-10-01 11:06:45,941 [Recon-EventQueue-NewNodeForReconNewNodeHandler] INFO  scm.ReconNodeManager (ReconNodeManager.java:addNodeToDB(151)) - Adding new node f24c48c6-4a91-44a4-ae9a-fb063e2dd958 to Node DB.
2024-10-01 11:06:45,942 [EventQueue-NewNodeForNewNodeHandler] INFO  pipeline.BackgroundPipelineCreator (BackgroundPipelineCreator.java:notifyEventTriggered(280)) - trigger a one-shot run on RatisPipelineUtilsThread.
2024-10-01 11:06:45,945 [EventQueue-NodeRegistrationContainerReportForDataNodeSafeModeRule] INFO  safemode.SCMSafeModeManager (DataNodeSafeModeRule.java:process(71)) - SCM in safe mode. 1 DataNodes registered, 3 required.
2024-10-01 11:06:45,947 [RatisPipelineUtilsThread-0] INFO  pipeline.RatisPipelineProvider (RatisPipelineProvider.java:lambda$create$0(205)) - Sending CreatePipelineCommand for pipeline:PipelineID=08b9d510-3410-4e6b-987b-f07362706381 to datanode:f24c48c6-4a91-44a4-ae9a-fb063e2dd958
2024-10-01 11:06:45,947 [EventQueue-NodeRegistrationContainerReportForContainerSafeModeRule] INFO  safemode.SCMSafeModeManager (SCMSafeModeManager.java:validateSafeModeExitRules(203)) - ContainerSafeModeRule rule is successfully validated
2024-10-01 11:06:45,957 [EventQueue-PipelineReportForOneReplicaPipelineSafeModeRule] INFO  safemode.SCMSafeModeManager (SCMSafeModeManager.java:validateSafeModeExitRules(203)) - AtleastOneDatanodeReportedRule rule is successfully validated
2024-10-01 11:06:45,976 [RatisPipelineUtilsThread-0] INFO  pipeline.BackgroundPipelineCreator (BackgroundPipelineCreator.java:createPipelines(236)) - Created new pipeline Pipeline[ Id: 08b9d510-3410-4e6b-987b-f07362706381, Nodes: f24c48c6-4a91-44a4-ae9a-fb063e2dd958(localhost/127.0.0.1) ReplicaIndex: 0, ReplicationConfig: RATIS/ONE, State:ALLOCATED, leaderId:, CreationTimestamp2024-10-01T11:06:45.946725612Z[Etc/UTC]]
2024-10-01 11:06:46,270 [IPC Server handler 0 on default port 15009] INFO  net.NetworkTopologyImpl (NetworkTopologyImpl.java:add(134)) - Added a new node: /default-rack/89da30bd-cbf9-4a7b-a1ff-1f6963324f22
2024-10-01 11:06:46,270 [IPC Server handler 5 on default port 15002] INFO  net.NetworkTopologyImpl (NetworkTopologyImpl.java:add(134)) - Added a new node: /default-rack/89da30bd-cbf9-4a7b-a1ff-1f6963324f22
2024-10-01 11:06:46,270 [IPC Server handler 0 on default port 15009] INFO  node.SCMNodeManager (SCMNodeManager.java:register(424)) - Registered datanode: 89da30bd-cbf9-4a7b-a1ff-1f6963324f22{ip: 127.0.0.1, host: localhost, ports: [HTTP=15020, CLIENT_RPC=15021, REPLICATION=15027, RATIS=15023, RATIS_ADMIN=15023, RATIS_SERVER=15023, RATIS_DATASTREAM=15026, STANDALONE=15022], networkLocation: /default-rack, certSerialId: null, persistedOpState: null, persistedOpStateExpiryEpochSec: 0}
2024-10-01 11:06:46,270 [IPC Server handler 5 on default port 15002] INFO  node.SCMNodeManager (SCMNodeManager.java:register(424)) - Registered datanode: 89da30bd-cbf9-4a7b-a1ff-1f6963324f22{ip: 127.0.0.1, host: localhost, ports: [HTTP=15020, CLIENT_RPC=15021, REPLICATION=15027, RATIS=15023, RATIS_ADMIN=15023, RATIS_SERVER=15023, RATIS_DATASTREAM=15026, STANDALONE=15022], networkLocation: /default-rack, certSerialId: null, persistedOpState: null, persistedOpStateExpiryEpochSec: 0}
2024-10-01 11:06:46,270 [IPC Server handler 0 on default port 15009] INFO  recon.ReconContext (ReconContext.java:updateHealthStatus(77)) - Update healthStatus of Recon from true to true.
2024-10-01 11:06:46,272 [EventQueue-NewNodeForNewNodeHandler] INFO  pipeline.BackgroundPipelineCreator (BackgroundPipelineCreator.java:notifyEventTriggered(280)) - trigger a one-shot run on RatisPipelineUtilsThread.
2024-10-01 11:06:46,272 [EventQueue-NodeRegistrationContainerReportForDataNodeSafeModeRule] INFO  safemode.SCMSafeModeManager (DataNodeSafeModeRule.java:process(71)) - SCM in safe mode. 2 DataNodes registered, 3 required.
2024-10-01 11:06:46,272 [RatisPipelineUtilsThread-0] INFO  pipeline.RatisPipelineProvider (RatisPipelineProvider.java:lambda$create$0(205)) - Sending CreatePipelineCommand for pipeline:PipelineID=7ecf35a0-a845-41c8-a9d0-ebdde0d620ee to datanode:89da30bd-cbf9-4a7b-a1ff-1f6963324f22
2024-10-01 11:06:46,272 [Recon-EventQueue-NewNodeForReconNewNodeHandler] INFO  scm.ReconNodeManager (ReconNodeManager.java:addNodeToDB(151)) - Adding new node 89da30bd-cbf9-4a7b-a1ff-1f6963324f22 to Node DB.
2024-10-01 11:06:46,273 [RatisPipelineUtilsThread-0] INFO  pipeline.BackgroundPipelineCreator (BackgroundPipelineCreator.java:createPipelines(236)) - Created new pipeline Pipeline[ Id: 7ecf35a0-a845-41c8-a9d0-ebdde0d620ee, Nodes: 89da30bd-cbf9-4a7b-a1ff-1f6963324f22(localhost/127.0.0.1) ReplicaIndex: 0, ReplicationConfig: RATIS/ONE, State:ALLOCATED, leaderId:, CreationTimestamp2024-10-01T11:06:46.272575619Z[Etc/UTC]]
2024-10-01 11:06:46,530 [IPC Server handler 1 on default port 15009] INFO  net.NetworkTopologyImpl (NetworkTopologyImpl.java:add(134)) - Added a new node: /default-rack/3ccd597d-6672-4b12-926e-746f973e87fb
2024-10-01 11:06:46,530 [IPC Server handler 0 on default port 15002] INFO  net.NetworkTopologyImpl (NetworkTopologyImpl.java:add(134)) - Added a new node: /default-rack/3ccd597d-6672-4b12-926e-746f973e87fb
2024-10-01 11:06:46,530 [IPC Server handler 1 on default port 15009] INFO  node.SCMNodeManager (SCMNodeManager.java:register(424)) - Registered datanode: 3ccd597d-6672-4b12-926e-746f973e87fb{ip: 127.0.0.1, host: localhost, ports: [HTTP=15029, CLIENT_RPC=15030, REPLICATION=15036, RATIS=15032, RATIS_ADMIN=15032, RATIS_SERVER=15032, RATIS_DATASTREAM=15035, STANDALONE=15031], networkLocation: /default-rack, certSerialId: null, persistedOpState: null, persistedOpStateExpiryEpochSec: 0}
2024-10-01 11:06:46,531 [IPC Server handler 0 on default port 15002] INFO  node.SCMNodeManager (SCMNodeManager.java:register(424)) - Registered datanode: 3ccd597d-6672-4b12-926e-746f973e87fb{ip: 127.0.0.1, host: localhost, ports: [HTTP=15029, CLIENT_RPC=15030, REPLICATION=15036, RATIS=15032, RATIS_ADMIN=15032, RATIS_SERVER=15032, RATIS_DATASTREAM=15035, STANDALONE=15031], networkLocation: /default-rack, certSerialId: null, persistedOpState: null, persistedOpStateExpiryEpochSec: 0}
2024-10-01 11:06:46,531 [IPC Server handler 1 on default port 15009] INFO  recon.ReconContext (ReconContext.java:updateHealthStatus(77)) - Update healthStatus of Recon from true to true.
2024-10-01 11:06:46,531 [EventQueue-NewNodeForNewNodeHandler] INFO  pipeline.BackgroundPipelineCreator (BackgroundPipelineCreator.java:notifyEventTriggered(280)) - trigger a one-shot run on RatisPipelineUtilsThread.
2024-10-01 11:06:46,531 [EventQueue-NodeRegistrationContainerReportForDataNodeSafeModeRule] INFO  safemode.SCMSafeModeManager (DataNodeSafeModeRule.java:process(71)) - SCM in safe mode. 3 DataNodes registered, 3 required.
2024-10-01 11:06:46,531 [EventQueue-NodeRegistrationContainerReportForDataNodeSafeModeRule] INFO  safemode.SCMSafeModeManager (SCMSafeModeManager.java:validateSafeModeExitRules(203)) - DataNodeSafeModeRule rule is successfully validated
2024-10-01 11:06:46,531 [EventQueue-NodeRegistrationContainerReportForDataNodeSafeModeRule] INFO  safemode.SCMSafeModeManager (SCMSafeModeManager.java:completePreCheck(232)) - All SCM safe mode pre check rules have passed
2024-10-01 11:06:46,531 [EventQueue-NodeRegistrationContainerReportForDataNodeSafeModeRule] INFO  ha.SCMContext (SCMContext.java:updateSafeModeStatus(225)) - Update SafeModeStatus from SafeModeStatus{safeModeStatus=true, preCheckPassed=false} to SafeModeStatus{safeModeStatus=true, preCheckPassed=true}.
2024-10-01 11:06:46,531 [EventQueue-NodeRegistrationContainerReportForDataNodeSafeModeRule] INFO  pipeline.BackgroundPipelineCreator (BackgroundPipelineCreator.java:notifyEventTriggered(280)) - trigger a one-shot run on RatisPipelineUtilsThread.
2024-10-01 11:06:46,531 [RatisPipelineUtilsThread-0] INFO  pipeline.RatisPipelineProvider (RatisPipelineProvider.java:lambda$create$0(205)) - Sending CreatePipelineCommand for pipeline:PipelineID=13758175-3302-4500-84ee-68695e8eb38b to datanode:3ccd597d-6672-4b12-926e-746f973e87fb
2024-10-01 11:06:46,532 [Recon-EventQueue-NewNodeForReconNewNodeHandler] INFO  scm.ReconNodeManager (ReconNodeManager.java:addNodeToDB(151)) - Adding new node 3ccd597d-6672-4b12-926e-746f973e87fb to Node DB.
2024-10-01 11:06:46,532 [RatisPipelineUtilsThread-0] INFO  pipeline.BackgroundPipelineCreator (BackgroundPipelineCreator.java:createPipelines(236)) - Created new pipeline Pipeline[ Id: 13758175-3302-4500-84ee-68695e8eb38b, Nodes: 3ccd597d-6672-4b12-926e-746f973e87fb(localhost/127.0.0.1) ReplicaIndex: 0, ReplicationConfig: RATIS/ONE, State:ALLOCATED, leaderId:, CreationTimestamp2024-10-01T11:06:46.531792571Z[Etc/UTC]]
2024-10-01 11:06:46,535 [RatisPipelineUtilsThread-0] INFO  pipeline.RatisPipelineProvider (RatisPipelineProvider.java:lambda$create$0(205)) - Sending CreatePipelineCommand for pipeline:PipelineID=16f3ef61-503c-4aae-b50e-3a08af1fb2fd to datanode:3ccd597d-6672-4b12-926e-746f973e87fb
2024-10-01 11:06:46,535 [RatisPipelineUtilsThread-0] INFO  pipeline.RatisPipelineProvider (RatisPipelineProvider.java:lambda$create$0(205)) - Sending CreatePipelineCommand for pipeline:PipelineID=16f3ef61-503c-4aae-b50e-3a08af1fb2fd to datanode:f24c48c6-4a91-44a4-ae9a-fb063e2dd958
2024-10-01 11:06:46,536 [RatisPipelineUtilsThread-0] INFO  pipeline.RatisPipelineProvider (RatisPipelineProvider.java:lambda$create$0(205)) - Sending CreatePipelineCommand for pipeline:PipelineID=16f3ef61-503c-4aae-b50e-3a08af1fb2fd to datanode:89da30bd-cbf9-4a7b-a1ff-1f6963324f22
2024-10-01 11:06:46,537 [RatisPipelineUtilsThread-0] INFO  pipeline.BackgroundPipelineCreator (BackgroundPipelineCreator.java:createPipelines(236)) - Created new pipeline Pipeline[ Id: 16f3ef61-503c-4aae-b50e-3a08af1fb2fd, Nodes: 3ccd597d-6672-4b12-926e-746f973e87fb(localhost/127.0.0.1) ReplicaIndex: 0f24c48c6-4a91-44a4-ae9a-fb063e2dd958(localhost/127.0.0.1) ReplicaIndex: 089da30bd-cbf9-4a7b-a1ff-1f6963324f22(localhost/127.0.0.1) ReplicaIndex: 0, ReplicationConfig: RATIS/THREE, State:ALLOCATED, leaderId:, CreationTimestamp2024-10-01T11:06:46.535779987Z[Etc/UTC]]
2024-10-01 11:06:46,538 [RatisPipelineUtilsThread-0] INFO  pipeline.RatisPipelineProvider (RatisPipelineProvider.java:lambda$create$0(205)) - Sending CreatePipelineCommand for pipeline:PipelineID=fd3170f9-6634-4783-93b5-17ec0fea1f1b to datanode:3ccd597d-6672-4b12-926e-746f973e87fb
2024-10-01 11:06:46,538 [RatisPipelineUtilsThread-0] INFO  pipeline.RatisPipelineProvider (RatisPipelineProvider.java:lambda$create$0(205)) - Sending CreatePipelineCommand for pipeline:PipelineID=fd3170f9-6634-4783-93b5-17ec0fea1f1b to datanode:89da30bd-cbf9-4a7b-a1ff-1f6963324f22
2024-10-01 11:06:46,538 [RatisPipelineUtilsThread-0] INFO  pipeline.RatisPipelineProvider (RatisPipelineProvider.java:lambda$create$0(205)) - Sending CreatePipelineCommand for pipeline:PipelineID=fd3170f9-6634-4783-93b5-17ec0fea1f1b to datanode:f24c48c6-4a91-44a4-ae9a-fb063e2dd958
2024-10-01 11:06:46,539 [RatisPipelineUtilsThread-0] INFO  pipeline.PipelineManagerImpl (PipelineManagerImpl.java:recordMetricsForPipeline(916)) - Pipeline: PipelineID=fd3170f9-6634-4783-93b5-17ec0fea1f1b contains same datanodes as previous pipelines: PipelineID=16f3ef61-503c-4aae-b50e-3a08af1fb2fd nodeIds: 3ccd597d-6672-4b12-926e-746f973e87fb, 89da30bd-cbf9-4a7b-a1ff-1f6963324f22, f24c48c6-4a91-44a4-ae9a-fb063e2dd958
2024-10-01 11:06:46,539 [RatisPipelineUtilsThread-0] INFO  pipeline.BackgroundPipelineCreator (BackgroundPipelineCreator.java:createPipelines(236)) - Created new pipeline Pipeline[ Id: fd3170f9-6634-4783-93b5-17ec0fea1f1b, Nodes: 3ccd597d-6672-4b12-926e-746f973e87fb(localhost/127.0.0.1) ReplicaIndex: 089da30bd-cbf9-4a7b-a1ff-1f6963324f22(localhost/127.0.0.1) ReplicaIndex: 0f24c48c6-4a91-44a4-ae9a-fb063e2dd958(localhost/127.0.0.1) ReplicaIndex: 0, ReplicationConfig: RATIS/THREE, State:ALLOCATED, leaderId:, CreationTimestamp2024-10-01T11:06:46.538387482Z[Etc/UTC]]
2024-10-01 11:06:46,816 [IPC Server handler 2 on default port 15009] INFO  net.NetworkTopologyImpl (NetworkTopologyImpl.java:add(134)) - Added a new node: /default-rack/bd925bb8-7373-4f0c-89ce-c10b2a53e1f4
2024-10-01 11:06:46,816 [IPC Server handler 2 on default port 15009] INFO  node.SCMNodeManager (SCMNodeManager.java:register(424)) - Registered datanode: bd925bb8-7373-4f0c-89ce-c10b2a53e1f4{ip: 127.0.0.1, host: localhost, ports: [HTTP=15038, CLIENT_RPC=15039, REPLICATION=15045, RATIS=15041, RATIS_ADMIN=15041, RATIS_SERVER=15041, RATIS_DATASTREAM=15044, STANDALONE=15040], networkLocation: /default-rack, certSerialId: null, persistedOpState: null, persistedOpStateExpiryEpochSec: 0}
2024-10-01 11:06:46,816 [IPC Server handler 2 on default port 15009] INFO  recon.ReconContext (ReconContext.java:updateHealthStatus(77)) - Update healthStatus of Recon from true to true.
2024-10-01 11:06:46,816 [main] INFO  ozone.MiniOzoneClusterImpl (MiniOzoneClusterImpl.java:lambda$waitForClusterToBeReady$0(198)) - Waiting for nodes to be ready. Got 3 of 4 DN Heartbeats.
2024-10-01 11:06:46,817 [main] INFO  ozone.MiniOzoneClusterImpl (MiniOzoneClusterImpl.java:lambda$waitForClusterToBeReady$0(201)) - Waiting for cluster to exit safe mode
2024-10-01 11:06:46,817 [main] INFO  ozone.MiniOzoneClusterImpl (MiniOzoneClusterImpl.java:lambda$waitForClusterToBeReady$0(203)) - SCM became leader
2024-10-01 11:06:46,817 [IPC Server handler 2 on default port 15002] INFO  net.NetworkTopologyImpl (NetworkTopologyImpl.java:add(134)) - Added a new node: /default-rack/bd925bb8-7373-4f0c-89ce-c10b2a53e1f4
2024-10-01 11:06:46,817 [IPC Server handler 2 on default port 15002] INFO  node.SCMNodeManager (SCMNodeManager.java:register(424)) - Registered datanode: bd925bb8-7373-4f0c-89ce-c10b2a53e1f4{ip: 127.0.0.1, host: localhost, ports: [HTTP=15038, CLIENT_RPC=15039, REPLICATION=15045, RATIS=15041, RATIS_ADMIN=15041, RATIS_SERVER=15041, RATIS_DATASTREAM=15044, STANDALONE=15040], networkLocation: /default-rack, certSerialId: null, persistedOpState: null, persistedOpStateExpiryEpochSec: 0}
2024-10-01 11:06:46,817 [Recon-EventQueue-NewNodeForReconNewNodeHandler] INFO  scm.ReconNodeManager (ReconNodeManager.java:addNodeToDB(151)) - Adding new node bd925bb8-7373-4f0c-89ce-c10b2a53e1f4 to Node DB.
2024-10-01 11:06:46,818 [EventQueue-NewNodeForNewNodeHandler] INFO  pipeline.BackgroundPipelineCreator (BackgroundPipelineCreator.java:notifyEventTriggered(280)) - trigger a one-shot run on RatisPipelineUtilsThread.
2024-10-01 11:06:46,818 [RatisPipelineUtilsThread-0] INFO  pipeline.RatisPipelineProvider (RatisPipelineProvider.java:lambda$create$0(205)) - Sending CreatePipelineCommand for pipeline:PipelineID=589fc585-bd4b-4bfe-8045-801043af9aa0 to datanode:bd925bb8-7373-4f0c-89ce-c10b2a53e1f4
2024-10-01 11:06:46,819 [RatisPipelineUtilsThread-0] INFO  pipeline.BackgroundPipelineCreator (BackgroundPipelineCreator.java:createPipelines(236)) - Created new pipeline Pipeline[ Id: 589fc585-bd4b-4bfe-8045-801043af9aa0, Nodes: bd925bb8-7373-4f0c-89ce-c10b2a53e1f4(localhost/127.0.0.1) ReplicaIndex: 0, ReplicationConfig: RATIS/ONE, State:ALLOCATED, leaderId:, CreationTimestamp2024-10-01T11:06:46.818574104Z[Etc/UTC]]
2024-10-01 11:06:47,817 [main] INFO  ozone.MiniOzoneClusterImpl (MiniOzoneClusterImpl.java:lambda$waitForClusterToBeReady$0(198)) - Nodes are ready. Got 4 of 4 DN Heartbeats.
2024-10-01 11:06:47,817 [main] INFO  ozone.MiniOzoneClusterImpl (MiniOzoneClusterImpl.java:lambda$waitForClusterToBeReady$0(201)) - Waiting for cluster to exit safe mode
2024-10-01 11:06:47,817 [main] INFO  ozone.MiniOzoneClusterImpl (MiniOzoneClusterImpl.java:lambda$waitForClusterToBeReady$0(203)) - SCM became leader
2024-10-01 11:06:47,911 [IPC Server handler 4 on default port 15009] INFO  scm.ReconNodeManager (ReconNodeManager.java:processHeartbeat(245)) - Sending ReregisterCommand() for localhost
2024-10-01 11:06:48,270 [IPC Server handler 0 on default port 15009] INFO  scm.ReconNodeManager (ReconNodeManager.java:processHeartbeat(245)) - Sending ReregisterCommand() for localhost
2024-10-01 11:06:48,531 [IPC Server handler 1 on default port 15009] INFO  scm.ReconNodeManager (ReconNodeManager.java:processHeartbeat(245)) - Sending ReregisterCommand() for localhost
2024-10-01 11:06:48,816 [IPC Server handler 2 on default port 15009] INFO  scm.ReconNodeManager (ReconNodeManager.java:processHeartbeat(245)) - Sending ReregisterCommand() for localhost
2024-10-01 11:06:48,818 [main] INFO  ozone.MiniOzoneClusterImpl (MiniOzoneClusterImpl.java:lambda$waitForClusterToBeReady$0(198)) - Nodes are ready. Got 4 of 4 DN Heartbeats.
2024-10-01 11:06:48,818 [main] INFO  ozone.MiniOzoneClusterImpl (MiniOzoneClusterImpl.java:lambda$waitForClusterToBeReady$0(201)) - Waiting for cluster to exit safe mode
2024-10-01 11:06:48,818 [main] INFO  ozone.MiniOzoneClusterImpl (MiniOzoneClusterImpl.java:lambda$waitForClusterToBeReady$0(203)) - SCM became leader
2024-10-01 11:06:48,929 [f24c48c6-4a91-44a4-ae9a-fb063e2dd958-PipelineCommandHandlerThread-0] INFO  server.RaftServer (RaftServerProxy.java:addNew(100)) - f24c48c6-4a91-44a4-ae9a-fb063e2dd958: addNew group-F07362706381:[f24c48c6-4a91-44a4-ae9a-fb063e2dd958|127.0.0.1:15014] returns group-F07362706381:java.util.concurrent.CompletableFuture@64c78b87[Not completed]
2024-10-01 11:06:48,935 [f24c48c6-4a91-44a4-ae9a-fb063e2dd958-groupManagement] INFO  server.RaftServer$Division (RaftServerImpl.java:<init>(254)) - f24c48c6-4a91-44a4-ae9a-fb063e2dd958: new RaftServerImpl for group-F07362706381:[f24c48c6-4a91-44a4-ae9a-fb063e2dd958|127.0.0.1:15014] with ContainerStateMachine:uninitialized
2024-10-01 11:06:48,935 [f24c48c6-4a91-44a4-ae9a-fb063e2dd958-groupManagement] INFO  server.RaftServerConfigKeys (ConfUtils.java:logGet(46)) - raft.server.rpc.timeout.min = 5s (custom)
2024-10-01 11:06:48,935 [f24c48c6-4a91-44a4-ae9a-fb063e2dd958-groupManagement] INFO  server.RaftServerConfigKeys (ConfUtils.java:logGet(46)) - raft.server.rpc.timeout.max = 5200ms (custom)
2024-10-01 11:06:48,935 [f24c48c6-4a91-44a4-ae9a-fb063e2dd958-groupManagement] INFO  server.RaftServerConfigKeys (ConfUtils.java:logGet(46)) - raft.server.rpc.sleep.time = 25ms (default)
2024-10-01 11:06:48,935 [f24c48c6-4a91-44a4-ae9a-fb063e2dd958-groupManagement] INFO  server.RaftServerConfigKeys (ConfUtils.java:logGet(46)) - raft.server.rpc.slowness.timeout = 300s (custom)
2024-10-01 11:06:48,935 [f24c48c6-4a91-44a4-ae9a-fb063e2dd958-groupManagement] INFO  server.RaftServerConfigKeys (ConfUtils.java:logGet(46)) - raft.server.leaderelection.leader.step-down.wait-time = 10s (default)
2024-10-01 11:06:48,935 [f24c48c6-4a91-44a4-ae9a-fb063e2dd958-groupManagement] INFO  server.RaftServerConfigKeys (ConfUtils.java:logGet(46)) - raft.server.leaderelection.member.majority-add = false (default)
2024-10-01 11:06:48,936 [f24c48c6-4a91-44a4-ae9a-fb063e2dd958-groupManagement] INFO  server.RaftServerConfigKeys (ConfUtils.java:logGet(46)) - raft.server.sleep.deviation.threshold = 300ms (default)
2024-10-01 11:06:48,936 [f24c48c6-4a91-44a4-ae9a-fb063e2dd958-groupManagement] INFO  server.RaftServer$Division (ServerState.java:<init>(114)) - f24c48c6-4a91-44a4-ae9a-fb063e2dd958@group-F07362706381: ConfigurationManager, init=conf: {index: -1, cur=peers:[f24c48c6-4a91-44a4-ae9a-fb063e2dd958|127.0.0.1:15014]|listeners:[], old=null}, confs=<EMPTY_MAP>
2024-10-01 11:06:48,936 [f24c48c6-4a91-44a4-ae9a-fb063e2dd958-groupManagement] INFO  server.RaftServerConfigKeys (ConfUtils.java:logGet(46)) - raft.server.notification.no-leader.timeout = 300s (custom)
2024-10-01 11:06:48,936 [f24c48c6-4a91-44a4-ae9a-fb063e2dd958-groupManagement] INFO  server.RaftServerConfigKeys (ConfUtils.java:logGet(46)) - raft.server.read.timeout = 10s (default)
2024-10-01 11:06:48,936 [f24c48c6-4a91-44a4-ae9a-fb063e2dd958-groupManagement] INFO  server.RaftServerConfigKeys (ConfUtils.java:logGet(46)) - raft.server.retrycache.expirytime = 600000ms (custom)
2024-10-01 11:06:48,936 [f24c48c6-4a91-44a4-ae9a-fb063e2dd958-groupManagement] INFO  server.RaftServerConfigKeys (ConfUtils.java:logGet(46)) - raft.server.retrycache.statistics.expirytime = 100ms (default)
2024-10-01 11:06:48,936 [f24c48c6-4a91-44a4-ae9a-fb063e2dd958-groupManagement] INFO  server.RaftServerConfigKeys (ConfUtils.java:logGet(46)) - raft.server.read.option = DEFAULT (default)
2024-10-01 11:06:48,936 [f24c48c6-4a91-44a4-ae9a-fb063e2dd958-groupManagement] INFO  server.RaftServerConfigKeys (ConfUtils.java:logGet(46)) - raft.server.read.read-after-write-consistent.write-index-cache.expiry-time = 60s (default)
2024-10-01 11:06:48,945 [f24c48c6-4a91-44a4-ae9a-fb063e2dd958-groupManagement] INFO  server.RaftServerConfigKeys (ConfUtils.java:logGet(46)) - raft.server.rpc.request.timeout = 60s (custom)
2024-10-01 11:06:48,945 [f24c48c6-4a91-44a4-ae9a-fb063e2dd958-groupManagement] INFO  server.RaftServerConfigKeys (ConfUtils.java:logGet(46)) - raft.server.log.appender.install.snapshot.enabled = false (custom)
2024-10-01 11:06:48,945 [f24c48c6-4a91-44a4-ae9a-fb063e2dd958-groupManagement] INFO  server.RaftServerConfigKeys (ConfUtils.java:logGet(46)) - raft.server.threadpool.server.cached = true (default)
2024-10-01 11:06:48,945 [f24c48c6-4a91-44a4-ae9a-fb063e2dd958-groupManagement] INFO  server.RaftServerConfigKeys (ConfUtils.java:logGet(46)) - raft.server.threadpool.server.size = 0 (default)
2024-10-01 11:06:48,946 [f24c48c6-4a91-44a4-ae9a-fb063e2dd958-groupManagement] INFO  server.RaftServerConfigKeys (ConfUtils.java:logGet(46)) - raft.server.threadpool.client.cached = true (default)
2024-10-01 11:06:48,946 [f24c48c6-4a91-44a4-ae9a-fb063e2dd958-groupManagement] INFO  server.RaftServerConfigKeys (ConfUtils.java:logGet(46)) - raft.server.threadpool.client.size = 0 (default)
2024-10-01 11:06:48,946 [f24c48c6-4a91-44a4-ae9a-fb063e2dd958-groupManagement] INFO  server.RaftServerConfigKeys (ConfUtils.java:logGet(46)) - raft.server.storage.free-space.min = 0MB (=0) (default)
2024-10-01 11:06:48,946 [f24c48c6-4a91-44a4-ae9a-fb063e2dd958-groupManagement] INFO  server.RaftServerConfigKeys (ConfUtils.java:logGet(46)) - raft.server.log.corruption.policy = EXCEPTION (default)
2024-10-01 11:06:48,946 [f24c48c6-4a91-44a4-ae9a-fb063e2dd958-groupManagement] INFO  server.RaftServerConfigKeys (ConfUtils.java:logGet(46)) - raft.server.storage.dir = [/home/runner/work/ozone/ozone/hadoop-ozone/integration-test/target/test-dir/MiniOzoneClusterImpl-6f218983-f2ca-45a9-b903-464e6faef46a/ozone-meta/datanode-1/ratis] (custom)
2024-10-01 11:06:48,946 [f24c48c6-4a91-44a4-ae9a-fb063e2dd958-groupManagement] INFO  storage.RaftStorageDirectory (RaftStorageDirectoryImpl.java:analyzeStorage(138)) - The storage directory /home/runner/work/ozone/ozone/hadoop-ozone/integration-test/target/test-dir/MiniOzoneClusterImpl-6f218983-f2ca-45a9-b903-464e6faef46a/ozone-meta/datanode-1/ratis/08b9d510-3410-4e6b-987b-f07362706381 does not exist. Creating ...
2024-10-01 11:06:48,948 [f24c48c6-4a91-44a4-ae9a-fb063e2dd958-groupManagement] INFO  storage.RaftStorageDirectory (RaftStorageDirectoryImpl.java:tryLock(229)) - Lock on /home/runner/work/ozone/ozone/hadoop-ozone/integration-test/target/test-dir/MiniOzoneClusterImpl-6f218983-f2ca-45a9-b903-464e6faef46a/ozone-meta/datanode-1/ratis/08b9d510-3410-4e6b-987b-f07362706381/in_use.lock acquired by nodename 95224@fv-az1244-121
2024-10-01 11:06:48,950 [f24c48c6-4a91-44a4-ae9a-fb063e2dd958-groupManagement] INFO  storage.RaftStorage (RaftStorageImpl.java:format(98)) - Storage directory /home/runner/work/ozone/ozone/hadoop-ozone/integration-test/target/test-dir/MiniOzoneClusterImpl-6f218983-f2ca-45a9-b903-464e6faef46a/ozone-meta/datanode-1/ratis/08b9d510-3410-4e6b-987b-f07362706381 has been successfully formatted.
2024-10-01 11:06:48,954 [f24c48c6-4a91-44a4-ae9a-fb063e2dd958-groupManagement] INFO  ratis.ContainerStateMachine (ContainerStateMachine.java:loadSnapshot(296)) - group-F07362706381: The snapshot info is null. Setting the last applied index to:(t:0, i:~)
2024-10-01 11:06:48,954 [f24c48c6-4a91-44a4-ae9a-fb063e2dd958-groupManagement] INFO  server.RaftServerConfigKeys (ConfUtils.java:logGet(46)) - raft.server.log.use.memory = false (default)
2024-10-01 11:06:48,955 [f24c48c6-4a91-44a4-ae9a-fb063e2dd958-groupManagement] INFO  server.RaftServerConfigKeys (ConfUtils.java:logGet(46)) - raft.server.log.purge.gap = 1000000 (custom)
2024-10-01 11:06:48,955 [f24c48c6-4a91-44a4-ae9a-fb063e2dd958-groupManagement] INFO  server.RaftServerConfigKeys (ConfUtils.java:logGet(46)) - raft.server.log.appender.buffer.byte-limit = 33554432 (custom)
2024-10-01 11:06:48,955 [f24c48c6-4a91-44a4-ae9a-fb063e2dd958-groupManagement] INFO  server.RaftServerConfigKeys (ConfUtils.java:logGet(46)) - raft.server.log.statemachine.data.read.timeout = 1000ms (default)
2024-10-01 11:06:48,955 [f24c48c6-4a91-44a4-ae9a-fb063e2dd958-groupManagement] INFO  server.RaftServerConfigKeys (ConfUtils.java:logGet(46)) - raft.server.log.purge.preservation.log.num = 0 (default)
2024-10-01 11:06:48,959 [f24c48c6-4a91-44a4-ae9a-fb063e2dd958-groupManagement] INFO  server.RaftServerConfigKeys (ConfUtils.java:logGet(46)) - raft.server.log.segment.size.max = 67108864 (custom)
2024-10-01 11:06:48,960 [IPC Server handler 16 on default port 15009] INFO  scm.ReconNodeManager (ReconNodeManager.java:register(286)) - Updating nodeDB for localhost
2024-10-01 11:06:48,960 [IPC Server handler 16 on default port 15009] INFO  recon.ReconContext (ReconContext.java:updateHealthStatus(77)) - Update healthStatus of Recon from true to true.
2024-10-01 11:06:48,961 [Recon-EventQueue-PipelineReportForReconPipelineReportHandler] INFO  scm.ReconPipelineReportHandler (ReconPipelineReportHandler.java:processPipelineReport(68)) - Unknown pipeline PipelineID=08b9d510-3410-4e6b-987b-f07362706381. Trying to get from SCM.
2024-10-01 11:06:48,961 [f24c48c6-4a91-44a4-ae9a-fb063e2dd958-groupManagement] INFO  server.RaftServerConfigKeys (ConfUtils.java:logGet(46)) - raft.server.log.segment.cache.num.max = 2 (custom)
2024-10-01 11:06:48,961 [f24c48c6-4a91-44a4-ae9a-fb063e2dd958-groupManagement] INFO  server.RaftServerConfigKeys (ConfUtils.java:logGet(46)) - raft.server.log.segment.cache.size.max = 200MB (=209715200) (default)
2024-10-01 11:06:48,962 [f24c48c6-4a91-44a4-ae9a-fb063e2dd958-groupManagement] INFO  server.RaftServerConfigKeys (ConfUtils.java:logGet(46)) - raft.server.log.appender.buffer.byte-limit = 33554432 (custom)
2024-10-01 11:06:48,968 [f24c48c6-4a91-44a4-ae9a-fb063e2dd958-groupManagement] INFO  util.AwaitToRun (AwaitToRun.java:start(81)) - Thread[f24c48c6-4a91-44a4-ae9a-fb063e2dd958@group-F07362706381-cacheEviction-AwaitToRun,5,main] started
2024-10-01 11:06:48,969 [f24c48c6-4a91-44a4-ae9a-fb063e2dd958-groupManagement] INFO  segmented.SegmentedRaftLogWorker (SegmentedRaftLogWorker.java:<init>(187)) - new f24c48c6-4a91-44a4-ae9a-fb063e2dd958@group-F07362706381-SegmentedRaftLogWorker for RaftStorageImpl:Storage Directory /home/runner/work/ozone/ozone/hadoop-ozone/integration-test/target/test-dir/MiniOzoneClusterImpl-6f218983-f2ca-45a9-b903-464e6faef46a/ozone-meta/datanode-1/ratis/08b9d510-3410-4e6b-987b-f07362706381
2024-10-01 11:06:48,969 [f24c48c6-4a91-44a4-ae9a-fb063e2dd958-groupManagement] INFO  server.RaftServerConfigKeys (ConfUtils.java:logGet(46)) - raft.server.log.queue.byte-limit = 4294967296 (custom)
2024-10-01 11:06:48,969 [f24c48c6-4a91-44a4-ae9a-fb063e2dd958-groupManagement] INFO  server.RaftServerConfigKeys (ConfUtils.java:logGet(46)) - raft.server.log.queue.element-limit = 1024 (custom)
2024-10-01 11:06:48,971 [EventQueue-PipelineReportForPipelineReportHandler] INFO  pipeline.PipelineReportHandler (PipelineReportHandler.java:processPipelineReport(136)) - Opened pipeline PipelineID=08b9d510-3410-4e6b-987b-f07362706381
2024-10-01 11:06:48,972 [f24c48c6-4a91-44a4-ae9a-fb063e2dd958-groupManagement] INFO  server.RaftServerConfigKeys (ConfUtils.java:logGet(46)) - raft.server.log.segment.size.max = 67108864 (custom)
2024-10-01 11:06:48,972 [f24c48c6-4a91-44a4-ae9a-fb063e2dd958-groupManagement] INFO  server.RaftServerConfigKeys (ConfUtils.java:logGet(46)) - raft.server.log.preallocated.size = 4194304 (custom)
2024-10-01 11:06:48,972 [f24c48c6-4a91-44a4-ae9a-fb063e2dd958-groupManagement] INFO  server.RaftServerConfigKeys (ConfUtils.java:logGet(46)) - raft.server.log.force.sync.num = 128 (default)
2024-10-01 11:06:48,972 [f24c48c6-4a91-44a4-ae9a-fb063e2dd958-groupManagement] INFO  server.RaftServerConfigKeys (ConfUtils.java:logGet(46)) - raft.server.log.statemachine.data.sync = true (default)
2024-10-01 11:06:48,972 [f24c48c6-4a91-44a4-ae9a-fb063e2dd958-groupManagement] INFO  server.RaftServerConfigKeys (ConfUtils.java:logGet(46)) - raft.server.log.statemachine.data.sync.timeout = 10s (default)
2024-10-01 11:06:48,972 [f24c48c6-4a91-44a4-ae9a-fb063e2dd958-groupManagement] INFO  server.RaftServerConfigKeys (ConfUtils.java:logGet(46)) - raft.server.log.statemachine.data.sync.timeout.retry = 30 (custom)
2024-10-01 11:06:48,973 [f24c48c6-4a91-44a4-ae9a-fb063e2dd958-groupManagement] INFO  server.RaftServerConfigKeys (ConfUtils.java:logGet(46)) - raft.server.log.write.buffer.size = 33554440 (custom)
2024-10-01 11:06:48,975 [EventQueue-OpenPipelineForHealthyPipelineSafeModeRule] INFO  safemode.SCMSafeModeManager (HealthyPipelineSafeModeRule.java:process(140)) - SCM in safe mode. Healthy pipelines reported count is 0, required healthy pipeline reported count is 1
2024-10-01 11:06:48,977 [Recon-EventQueue-PipelineReportForReconPipelineReportHandler] INFO  scm.ReconPipelineReportHandler (ReconPipelineReportHandler.java:processPipelineReport(87)) - Pipeline Pipeline[ Id: 08b9d510-3410-4e6b-987b-f07362706381, Nodes: f24c48c6-4a91-44a4-ae9a-fb063e2dd958(localhost/127.0.0.1) ReplicaIndex: 0, ReplicationConfig: RATIS/ONE, State:ALLOCATED, leaderId:, CreationTimestamp2024-10-01T11:06:45.946Z[Etc/UTC]] verified from SCM and added to Recon pipeline metadata.
2024-10-01 11:06:48,978 [Recon-EventQueue-PipelineReportForReconPipelineReportHandler] INFO  scm.ReconPipelineReportHandler (ReconPipelineReportHandler.java:processPipelineReport(104)) - Pipeline RATIS/ONE PipelineID=08b9d510-3410-4e6b-987b-f07362706381 reported by f24c48c6-4a91-44a4-ae9a-fb063e2dd958(localhost/127.0.0.1)
2024-10-01 11:06:48,981 [f24c48c6-4a91-44a4-ae9a-fb063e2dd958-groupManagement] INFO  server.RaftServerConfigKeys (ConfUtils.java:logGet(46)) - raft.server.log.appender.buffer.byte-limit = 33554432 (custom)
2024-10-01 11:06:48,981 [f24c48c6-4a91-44a4-ae9a-fb063e2dd958-groupManagement] INFO  server.RaftServerConfigKeys (ConfUtils.java:logGet(46)) - raft.server.log.unsafe-flush.enabled = false (default)
2024-10-01 11:06:48,981 [f24c48c6-4a91-44a4-ae9a-fb063e2dd958-groupManagement] INFO  server.RaftServerConfigKeys (ConfUtils.java:logGet(46)) - raft.server.log.async-flush.enabled = false (default)
2024-10-01 11:06:48,981 [f24c48c6-4a91-44a4-ae9a-fb063e2dd958-groupManagement] INFO  server.RaftServerConfigKeys (ConfUtils.java:logGet(46)) - raft.server.log.statemachine.data.caching.enabled = true (custom)
2024-10-01 11:06:48,981 [f24c48c6-4a91-44a4-ae9a-fb063e2dd958-groupManagement] INFO  segmented.SegmentedRaftLogWorker (SegmentedRaftLogWorker.java:lambda$new$0(138)) - f24c48c6-4a91-44a4-ae9a-fb063e2dd958@group-F07362706381-SegmentedRaftLogWorker: flushIndex: setUnconditionally 0 -> -1
2024-10-01 11:06:48,981 [f24c48c6-4a91-44a4-ae9a-fb063e2dd958-groupManagement] INFO  segmented.SegmentedRaftLogWorker (SegmentedRaftLogWorker.java:lambda$new$0(138)) - f24c48c6-4a91-44a4-ae9a-fb063e2dd958@group-F07362706381-SegmentedRaftLogWorker: safeCacheEvictIndex: setUnconditionally 0 -> -1
2024-10-01 11:06:48,982 [f24c48c6-4a91-44a4-ae9a-fb063e2dd958-groupManagement] INFO  server.RaftServer$Division (RaftServerImpl.java:start(390)) - f24c48c6-4a91-44a4-ae9a-fb063e2dd958@group-F07362706381: start as a follower, conf=conf: {index: -1, cur=peers:[f24c48c6-4a91-44a4-ae9a-fb063e2dd958|127.0.0.1:15014]|listeners:[], old=null}
2024-10-01 11:06:48,982 [f24c48c6-4a91-44a4-ae9a-fb063e2dd958-groupManagement] INFO  server.RaftServer$Division (RaftServerImpl.java:setRole(377)) - f24c48c6-4a91-44a4-ae9a-fb063e2dd958@group-F07362706381: changes role from      null to FOLLOWER at term 0 for startAsFollower
2024-10-01 11:06:48,982 [f24c48c6-4a91-44a4-ae9a-fb063e2dd958-groupManagement] INFO  impl.RoleInfo (RoleInfo.java:updateAndGet(148)) - f24c48c6-4a91-44a4-ae9a-fb063e2dd958: start f24c48c6-4a91-44a4-ae9a-fb063e2dd958@group-F07362706381-FollowerState
2024-10-01 11:06:48,982 [f24c48c6-4a91-44a4-ae9a-fb063e2dd958@group-F07362706381-FollowerState] INFO  server.RaftServerConfigKeys (ConfUtils.java:logFallback(53)) - raft.server.rpc.first-election.timeout.min = 5s (fallback to raft.server.rpc.timeout.min)
2024-10-01 11:06:48,982 [f24c48c6-4a91-44a4-ae9a-fb063e2dd958-groupManagement] INFO  util.JmxRegister (JmxRegister.java:tryRegister(44)) - Successfully registered JMX Bean with object name Ratis:service=RaftServer,group=group-F07362706381,id=f24c48c6-4a91-44a4-ae9a-fb063e2dd958
2024-10-01 11:06:48,983 [f24c48c6-4a91-44a4-ae9a-fb063e2dd958-groupManagement] INFO  util.JmxRegister (JmxRegister.java:register(58)) - register mxBean class org.apache.ratis.server.impl.RaftServerJmxAdapter as Ratis:service=RaftServer,group=group-F07362706381,id=f24c48c6-4a91-44a4-ae9a-fb063e2dd958
2024-10-01 11:06:48,983 [f24c48c6-4a91-44a4-ae9a-fb063e2dd958-groupManagement] INFO  server.RaftServerConfigKeys (ConfUtils.java:logGet(46)) - raft.server.snapshot.trigger-when-stop.enabled = true (default)
2024-10-01 11:06:48,983 [f24c48c6-4a91-44a4-ae9a-fb063e2dd958-groupManagement] INFO  server.RaftServerConfigKeys (ConfUtils.java:logGet(46)) - raft.server.snapshot.trigger-when-remove.enabled = true (default)
2024-10-01 11:06:48,983 [f24c48c6-4a91-44a4-ae9a-fb063e2dd958-groupManagement] INFO  server.RaftServerConfigKeys (ConfUtils.java:logGet(46)) - raft.server.snapshot.auto.trigger.enabled = true (custom)
2024-10-01 11:06:48,983 [f24c48c6-4a91-44a4-ae9a-fb063e2dd958-groupManagement] INFO  server.RaftServerConfigKeys (ConfUtils.java:logGet(46)) - raft.server.snapshot.auto.trigger.threshold = 10000 (custom)
2024-10-01 11:06:48,983 [f24c48c6-4a91-44a4-ae9a-fb063e2dd958-groupManagement] INFO  server.RaftServerConfigKeys (ConfUtils.java:logGet(46)) - raft.server.snapshot.retention.file.num = 5 (custom)
2024-10-01 11:06:48,983 [f24c48c6-4a91-44a4-ae9a-fb063e2dd958-groupManagement] INFO  server.RaftServerConfigKeys (ConfUtils.java:logGet(46)) - raft.server.log.purge.upto.snapshot.index = false (default)
2024-10-01 11:06:48,984 [f24c48c6-4a91-44a4-ae9a-fb063e2dd958@group-F07362706381-FollowerState] INFO  server.RaftServerConfigKeys (ConfUtils.java:logFallback(53)) - raft.server.rpc.first-election.timeout.max = 5200ms (fallback to raft.server.rpc.timeout.max)
2024-10-01 11:06:48,988 [f24c48c6-4a91-44a4-ae9a-fb063e2dd958-PipelineCommandHandlerThread-0] INFO  ratis.XceiverServerRatis (XceiverServerRatis.java:addGroup(844)) - Created group PipelineID=08b9d510-3410-4e6b-987b-f07362706381
2024-10-01 11:06:48,988 [f24c48c6-4a91-44a4-ae9a-fb063e2dd958-PipelineCommandHandlerThread-0] INFO  commandhandler.CreatePipelineCommandHandler (CreatePipelineCommandHandler.java:lambda$handle$2(124)) - Created Pipeline RATIS ONE PipelineID=08b9d510-3410-4e6b-987b-f07362706381.
2024-10-01 11:06:48,989 [f24c48c6-4a91-44a4-ae9a-fb063e2dd958-PipelineCommandHandlerThread-0] INFO  server.RaftServer (RaftServerProxy.java:addNew(100)) - f24c48c6-4a91-44a4-ae9a-fb063e2dd958: addNew group-3A08AF1FB2FD:[f24c48c6-4a91-44a4-ae9a-fb063e2dd958|127.0.0.1:15014, 89da30bd-cbf9-4a7b-a1ff-1f6963324f22|127.0.0.1:15023, 3ccd597d-6672-4b12-926e-746f973e87fb|127.0.0.1:15032] returns group-3A08AF1FB2FD:java.util.concurrent.CompletableFuture@1c07d490[Not completed]
2024-10-01 11:06:48,991 [f24c48c6-4a91-44a4-ae9a-fb063e2dd958-groupManagement] INFO  server.RaftServer$Division (RaftServerImpl.java:<init>(254)) - f24c48c6-4a91-44a4-ae9a-fb063e2dd958: new RaftServerImpl for group-3A08AF1FB2FD:[f24c48c6-4a91-44a4-ae9a-fb063e2dd958|127.0.0.1:15014, 89da30bd-cbf9-4a7b-a1ff-1f6963324f22|127.0.0.1:15023, 3ccd597d-6672-4b12-926e-746f973e87fb|127.0.0.1:15032] with ContainerStateMachine:uninitialized
2024-10-01 11:06:48,991 [f24c48c6-4a91-44a4-ae9a-fb063e2dd958-groupManagement] INFO  server.RaftServerConfigKeys (ConfUtils.java:logGet(46)) - raft.server.rpc.timeout.min = 5s (custom)
2024-10-01 11:06:48,991 [f24c48c6-4a91-44a4-ae9a-fb063e2dd958-groupManagement] INFO  server.RaftServerConfigKeys (ConfUtils.java:logGet(46)) - raft.server.rpc.timeout.max = 5200ms (custom)
2024-10-01 11:06:48,991 [f24c48c6-4a91-44a4-ae9a-fb063e2dd958-groupManagement] INFO  server.RaftServerConfigKeys (ConfUtils.java:logGet(46)) - raft.server.rpc.sleep.time = 25ms (default)
2024-10-01 11:06:48,991 [f24c48c6-4a91-44a4-ae9a-fb063e2dd958-groupManagement] INFO  server.RaftServerConfigKeys (ConfUtils.java:logGet(46)) - raft.server.rpc.slowness.timeout = 300s (custom)
2024-10-01 11:06:48,991 [f24c48c6-4a91-44a4-ae9a-fb063e2dd958-groupManagement] INFO  server.RaftServerConfigKeys (ConfUtils.java:logGet(46)) - raft.server.leaderelection.leader.step-down.wait-time = 10s (default)
2024-10-01 11:06:48,991 [f24c48c6-4a91-44a4-ae9a-fb063e2dd958-groupManagement] INFO  server.RaftServerConfigKeys (ConfUtils.java:logGet(46)) - raft.server.leaderelection.member.majority-add = false (default)
2024-10-01 11:06:48,991 [f24c48c6-4a91-44a4-ae9a-fb063e2dd958-groupManagement] INFO  server.RaftServerConfigKeys (ConfUtils.java:logGet(46)) - raft.server.sleep.deviation.threshold = 300ms (default)
2024-10-01 11:06:48,991 [f24c48c6-4a91-44a4-ae9a-fb063e2dd958-groupManagement] INFO  server.RaftServer$Division (ServerState.java:<init>(114)) - f24c48c6-4a91-44a4-ae9a-fb063e2dd958@group-3A08AF1FB2FD: ConfigurationManager, init=conf: {index: -1, cur=peers:[f24c48c6-4a91-44a4-ae9a-fb063e2dd958|127.0.0.1:15014, 89da30bd-cbf9-4a7b-a1ff-1f6963324f22|127.0.0.1:15023, 3ccd597d-6672-4b12-926e-746f973e87fb|127.0.0.1:15032]|listeners:[], old=null}, confs=<EMPTY_MAP>
2024-10-01 11:06:48,991 [f24c48c6-4a91-44a4-ae9a-fb063e2dd958-groupManagement] INFO  server.RaftServerConfigKeys (ConfUtils.java:logGet(46)) - raft.server.notification.no-leader.timeout = 300s (custom)
2024-10-01 11:06:48,991 [f24c48c6-4a91-44a4-ae9a-fb063e2dd958-groupManagement] INFO  server.RaftServerConfigKeys (ConfUtils.java:logGet(46)) - raft.server.read.timeout = 10s (default)
2024-10-01 11:06:48,992 [f24c48c6-4a91-44a4-ae9a-fb063e2dd958-groupManagement] INFO  server.RaftServerConfigKeys (ConfUtils.java:logGet(46)) - raft.server.retrycache.expirytime = 600000ms (custom)
2024-10-01 11:06:48,992 [f24c48c6-4a91-44a4-ae9a-fb063e2dd958-groupManagement] INFO  server.RaftServerConfigKeys (ConfUtils.java:logGet(46)) - raft.server.retrycache.statistics.expirytime = 100ms (default)
2024-10-01 11:06:48,992 [f24c48c6-4a91-44a4-ae9a-fb063e2dd958-groupManagement] INFO  server.RaftServerConfigKeys (ConfUtils.java:logGet(46)) - raft.server.read.option = DEFAULT (default)
2024-10-01 11:06:48,992 [f24c48c6-4a91-44a4-ae9a-fb063e2dd958-groupManagement] INFO  server.RaftServerConfigKeys (ConfUtils.java:logGet(46)) - raft.server.read.read-after-write-consistent.write-index-cache.expiry-time = 60s (default)
2024-10-01 11:06:48,999 [f24c48c6-4a91-44a4-ae9a-fb063e2dd958-groupManagement] INFO  server.RaftServerConfigKeys (ConfUtils.java:logGet(46)) - raft.server.rpc.request.timeout = 60s (custom)
2024-10-01 11:06:49,000 [f24c48c6-4a91-44a4-ae9a-fb063e2dd958-groupManagement] INFO  server.RaftServerConfigKeys (ConfUtils.java:logGet(46)) - raft.server.log.appender.install.snapshot.enabled = false (custom)
2024-10-01 11:06:49,000 [f24c48c6-4a91-44a4-ae9a-fb063e2dd958-groupManagement] INFO  server.RaftServerConfigKeys (ConfUtils.java:logGet(46)) - raft.server.threadpool.server.cached = true (default)
2024-10-01 11:06:49,000 [f24c48c6-4a91-44a4-ae9a-fb063e2dd958-groupManagement] INFO  server.RaftServerConfigKeys (ConfUtils.java:logGet(46)) - raft.server.threadpool.server.size = 0 (default)
2024-10-01 11:06:49,000 [f24c48c6-4a91-44a4-ae9a-fb063e2dd958-groupManagement] INFO  server.RaftServerConfigKeys (ConfUtils.java:logGet(46)) - raft.server.threadpool.client.cached = true (default)
2024-10-01 11:06:49,000 [f24c48c6-4a91-44a4-ae9a-fb063e2dd958-groupManagement] INFO  server.RaftServerConfigKeys (ConfUtils.java:logGet(46)) - raft.server.threadpool.client.size = 0 (default)
2024-10-01 11:06:49,000 [f24c48c6-4a91-44a4-ae9a-fb063e2dd958-groupManagement] INFO  server.RaftServerConfigKeys (ConfUtils.java:logGet(46)) - raft.server.storage.free-space.min = 0MB (=0) (default)
2024-10-01 11:06:49,000 [f24c48c6-4a91-44a4-ae9a-fb063e2dd958-groupManagement] INFO  server.RaftServerConfigKeys (ConfUtils.java:logGet(46)) - raft.server.log.corruption.policy = EXCEPTION (default)
2024-10-01 11:06:49,001 [f24c48c6-4a91-44a4-ae9a-fb063e2dd958-groupManagement] INFO  server.RaftServerConfigKeys (ConfUtils.java:logGet(46)) - raft.server.storage.dir = [/home/runner/work/ozone/ozone/hadoop-ozone/integration-test/target/test-dir/MiniOzoneClusterImpl-6f218983-f2ca-45a9-b903-464e6faef46a/ozone-meta/datanode-1/ratis] (custom)
2024-10-01 11:06:49,001 [f24c48c6-4a91-44a4-ae9a-fb063e2dd958-groupManagement] INFO  storage.RaftStorageDirectory (RaftStorageDirectoryImpl.java:analyzeStorage(138)) - The storage directory /home/runner/work/ozone/ozone/hadoop-ozone/integration-test/target/test-dir/MiniOzoneClusterImpl-6f218983-f2ca-45a9-b903-464e6faef46a/ozone-meta/datanode-1/ratis/16f3ef61-503c-4aae-b50e-3a08af1fb2fd does not exist. Creating ...
2024-10-01 11:06:49,002 [f24c48c6-4a91-44a4-ae9a-fb063e2dd958-groupManagement] INFO  storage.RaftStorageDirectory (RaftStorageDirectoryImpl.java:tryLock(229)) - Lock on /home/runner/work/ozone/ozone/hadoop-ozone/integration-test/target/test-dir/MiniOzoneClusterImpl-6f218983-f2ca-45a9-b903-464e6faef46a/ozone-meta/datanode-1/ratis/16f3ef61-503c-4aae-b50e-3a08af1fb2fd/in_use.lock acquired by nodename 95224@fv-az1244-121
2024-10-01 11:06:49,004 [f24c48c6-4a91-44a4-ae9a-fb063e2dd958-groupManagement] INFO  storage.RaftStorage (RaftStorageImpl.java:format(98)) - Storage directory /home/runner/work/ozone/ozone/hadoop-ozone/integration-test/target/test-dir/MiniOzoneClusterImpl-6f218983-f2ca-45a9-b903-464e6faef46a/ozone-meta/datanode-1/ratis/16f3ef61-503c-4aae-b50e-3a08af1fb2fd has been successfully formatted.
2024-10-01 11:06:49,004 [f24c48c6-4a91-44a4-ae9a-fb063e2dd958-groupManagement] INFO  ratis.ContainerStateMachine (ContainerStateMachine.java:loadSnapshot(296)) - group-3A08AF1FB2FD: The snapshot info is null. Setting the last applied index to:(t:0, i:~)
2024-10-01 11:06:49,004 [f24c48c6-4a91-44a4-ae9a-fb063e2dd958-groupManagement] INFO  server.RaftServerConfigKeys (ConfUtils.java:logGet(46)) - raft.server.log.use.memory = false (default)
2024-10-01 11:06:49,005 [f24c48c6-4a91-44a4-ae9a-fb063e2dd958-groupManagement] INFO  server.RaftServerConfigKeys (ConfUtils.java:logGet(46)) - raft.server.log.purge.gap = 1000000 (custom)
2024-10-01 11:06:49,005 [f24c48c6-4a91-44a4-ae9a-fb063e2dd958-groupManagement] INFO  server.RaftServerConfigKeys (ConfUtils.java:logGet(46)) - raft.server.log.appender.buffer.byte-limit = 33554432 (custom)
2024-10-01 11:06:49,005 [f24c48c6-4a91-44a4-ae9a-fb063e2dd958-groupManagement] INFO  server.RaftServerConfigKeys (ConfUtils.java:logGet(46)) - raft.server.log.statemachine.data.read.timeout = 1000ms (default)
2024-10-01 11:06:49,005 [f24c48c6-4a91-44a4-ae9a-fb063e2dd958-groupManagement] INFO  server.RaftServerConfigKeys (ConfUtils.java:logGet(46)) - raft.server.log.purge.preservation.log.num = 0 (default)
2024-10-01 11:06:49,008 [EventQueue-OpenPipelineForHealthyPipelineSafeModeRule] INFO  safemode.SCMSafeModeManager (HealthyPipelineSafeModeRule.java:process(140)) - SCM in safe mode. Healthy pipelines reported count is 0, required healthy pipeline reported count is 1
2024-10-01 11:06:49,008 [Recon-EventQueue-PipelineReportForReconPipelineReportHandler] INFO  scm.ReconPipelineReportHandler (ReconPipelineReportHandler.java:processPipelineReport(68)) - Unknown pipeline PipelineID=16f3ef61-503c-4aae-b50e-3a08af1fb2fd. Trying to get from SCM.
2024-10-01 11:06:49,009 [f24c48c6-4a91-44a4-ae9a-fb063e2dd958-groupManagement] INFO  server.RaftServerConfigKeys (ConfUtils.java:logGet(46)) - raft.server.log.segment.size.max = 67108864 (custom)
2024-10-01 11:06:49,010 [f24c48c6-4a91-44a4-ae9a-fb063e2dd958-groupManagement] INFO  server.RaftServerConfigKeys (ConfUtils.java:logGet(46)) - raft.server.log.segment.cache.num.max = 2 (custom)
2024-10-01 11:06:49,010 [f24c48c6-4a91-44a4-ae9a-fb063e2dd958-groupManagement] INFO  server.RaftServerConfigKeys (ConfUtils.java:logGet(46)) - raft.server.log.segment.cache.size.max = 200MB (=209715200) (default)
2024-10-01 11:06:49,010 [f24c48c6-4a91-44a4-ae9a-fb063e2dd958-groupManagement] INFO  server.RaftServerConfigKeys (ConfUtils.java:logGet(46)) - raft.server.log.appender.buffer.byte-limit = 33554432 (custom)
2024-10-01 11:06:49,011 [Recon-EventQueue-PipelineReportForReconPipelineReportHandler] INFO  scm.ReconPipelineReportHandler (ReconPipelineReportHandler.java:processPipelineReport(87)) - Pipeline Pipeline[ Id: 16f3ef61-503c-4aae-b50e-3a08af1fb2fd, Nodes: 3ccd597d-6672-4b12-926e-746f973e87fb(localhost/127.0.0.1) ReplicaIndex: 0f24c48c6-4a91-44a4-ae9a-fb063e2dd958(localhost/127.0.0.1) ReplicaIndex: 089da30bd-cbf9-4a7b-a1ff-1f6963324f22(localhost/127.0.0.1) ReplicaIndex: 0, ReplicationConfig: RATIS/THREE, State:ALLOCATED, leaderId:, CreationTimestamp2024-10-01T11:06:46.535Z[Etc/UTC]] verified from SCM and added to Recon pipeline metadata.
2024-10-01 11:06:49,011 [Recon-EventQueue-PipelineReportForReconPipelineReportHandler] INFO  scm.ReconPipelineReportHandler (ReconPipelineReportHandler.java:processPipelineReport(104)) - Pipeline RATIS/THREE PipelineID=16f3ef61-503c-4aae-b50e-3a08af1fb2fd reported by f24c48c6-4a91-44a4-ae9a-fb063e2dd958(localhost/127.0.0.1)
2024-10-01 11:06:49,012 [f24c48c6-4a91-44a4-ae9a-fb063e2dd958-groupManagement] INFO  util.AwaitToRun (AwaitToRun.java:start(81)) - Thread[f24c48c6-4a91-44a4-ae9a-fb063e2dd958@group-3A08AF1FB2FD-cacheEviction-AwaitToRun,5,main] started
2024-10-01 11:06:49,013 [f24c48c6-4a91-44a4-ae9a-fb063e2dd958-groupManagement] INFO  segmented.SegmentedRaftLogWorker (SegmentedRaftLogWorker.java:<init>(187)) - new f24c48c6-4a91-44a4-ae9a-fb063e2dd958@group-3A08AF1FB2FD-SegmentedRaftLogWorker for RaftStorageImpl:Storage Directory /home/runner/work/ozone/ozone/hadoop-ozone/integration-test/target/test-dir/MiniOzoneClusterImpl-6f218983-f2ca-45a9-b903-464e6faef46a/ozone-meta/datanode-1/ratis/16f3ef61-503c-4aae-b50e-3a08af1fb2fd
2024-10-01 11:06:49,013 [f24c48c6-4a91-44a4-ae9a-fb063e2dd958-groupManagement] INFO  server.RaftServerConfigKeys (ConfUtils.java:logGet(46)) - raft.server.log.queue.byte-limit = 4294967296 (custom)
2024-10-01 11:06:49,013 [f24c48c6-4a91-44a4-ae9a-fb063e2dd958-groupManagement] INFO  server.RaftServerConfigKeys (ConfUtils.java:logGet(46)) - raft.server.log.queue.element-limit = 1024 (custom)
2024-10-01 11:06:49,013 [f24c48c6-4a91-44a4-ae9a-fb063e2dd958-groupManagement] INFO  server.RaftServerConfigKeys (ConfUtils.java:logGet(46)) - raft.server.log.segment.size.max = 67108864 (custom)
2024-10-01 11:06:49,013 [f24c48c6-4a91-44a4-ae9a-fb063e2dd958-groupManagement] INFO  server.RaftServerConfigKeys (ConfUtils.java:logGet(46)) - raft.server.log.preallocated.size = 4194304 (custom)
2024-10-01 11:06:49,013 [f24c48c6-4a91-44a4-ae9a-fb063e2dd958-groupManagement] INFO  server.RaftServerConfigKeys (ConfUtils.java:logGet(46)) - raft.server.log.force.sync.num = 128 (default)
2024-10-01 11:06:49,013 [f24c48c6-4a91-44a4-ae9a-fb063e2dd958-groupManagement] INFO  server.RaftServerConfigKeys (ConfUtils.java:logGet(46)) - raft.server.log.statemachine.data.sync = true (default)
2024-10-01 11:06:49,013 [f24c48c6-4a91-44a4-ae9a-fb063e2dd958-groupManagement] INFO  server.RaftServerConfigKeys (ConfUtils.java:logGet(46)) - raft.server.log.statemachine.data.sync.timeout = 10s (default)
2024-10-01 11:06:49,014 [f24c48c6-4a91-44a4-ae9a-fb063e2dd958-groupManagement] INFO  server.RaftServerConfigKeys (ConfUtils.java:logGet(46)) - raft.server.log.statemachine.data.sync.timeout.retry = 30 (custom)
2024-10-01 11:06:49,014 [f24c48c6-4a91-44a4-ae9a-fb063e2dd958-groupManagement] INFO  server.RaftServerConfigKeys (ConfUtils.java:logGet(46)) - raft.server.log.write.buffer.size = 33554440 (custom)
2024-10-01 11:06:49,020 [f24c48c6-4a91-44a4-ae9a-fb063e2dd958-groupManagement] INFO  server.RaftServerConfigKeys (ConfUtils.java:logGet(46)) - raft.server.log.appender.buffer.byte-limit = 33554432 (custom)
2024-10-01 11:06:49,020 [f24c48c6-4a91-44a4-ae9a-fb063e2dd958-groupManagement] INFO  server.RaftServerConfigKeys (ConfUtils.java:logGet(46)) - raft.server.log.unsafe-flush.enabled = false (default)
2024-10-01 11:06:49,021 [f24c48c6-4a91-44a4-ae9a-fb063e2dd958-groupManagement] INFO  server.RaftServerConfigKeys (ConfUtils.java:logGet(46)) - raft.server.log.async-flush.enabled = false (default)
2024-10-01 11:06:49,021 [f24c48c6-4a91-44a4-ae9a-fb063e2dd958-groupManagement] INFO  server.RaftServerConfigKeys (ConfUtils.java:logGet(46)) - raft.server.log.statemachine.data.caching.enabled = true (custom)
2024-10-01 11:06:49,021 [f24c48c6-4a91-44a4-ae9a-fb063e2dd958-groupManagement] INFO  segmented.SegmentedRaftLogWorker (SegmentedRaftLogWorker.java:lambda$new$0(138)) - f24c48c6-4a91-44a4-ae9a-fb063e2dd958@group-3A08AF1FB2FD-SegmentedRaftLogWorker: flushIndex: setUnconditionally 0 -> -1
2024-10-01 11:06:49,021 [f24c48c6-4a91-44a4-ae9a-fb063e2dd958-groupManagement] INFO  segmented.SegmentedRaftLogWorker (SegmentedRaftLogWorker.java:lambda$new$0(138)) - f24c48c6-4a91-44a4-ae9a-fb063e2dd958@group-3A08AF1FB2FD-SegmentedRaftLogWorker: safeCacheEvictIndex: setUnconditionally 0 -> -1
2024-10-01 11:06:49,022 [f24c48c6-4a91-44a4-ae9a-fb063e2dd958-groupManagement] INFO  server.RaftServer$Division (RaftServerImpl.java:start(390)) - f24c48c6-4a91-44a4-ae9a-fb063e2dd958@group-3A08AF1FB2FD: start as a follower, conf=conf: {index: -1, cur=peers:[f24c48c6-4a91-44a4-ae9a-fb063e2dd958|127.0.0.1:15014, 89da30bd-cbf9-4a7b-a1ff-1f6963324f22|127.0.0.1:15023, 3ccd597d-6672-4b12-926e-746f973e87fb|127.0.0.1:15032]|listeners:[], old=null}
2024-10-01 11:06:49,022 [f24c48c6-4a91-44a4-ae9a-fb063e2dd958-groupManagement] INFO  server.RaftServer$Division (RaftServerImpl.java:setRole(377)) - f24c48c6-4a91-44a4-ae9a-fb063e2dd958@group-3A08AF1FB2FD: changes role from      null to FOLLOWER at term 0 for startAsFollower
2024-10-01 11:06:49,022 [f24c48c6-4a91-44a4-ae9a-fb063e2dd958-groupManagement] INFO  impl.RoleInfo (RoleInfo.java:updateAndGet(148)) - f24c48c6-4a91-44a4-ae9a-fb063e2dd958: start f24c48c6-4a91-44a4-ae9a-fb063e2dd958@group-3A08AF1FB2FD-FollowerState
2024-10-01 11:06:49,022 [f24c48c6-4a91-44a4-ae9a-fb063e2dd958-groupManagement] INFO  util.JmxRegister (JmxRegister.java:tryRegister(44)) - Successfully registered JMX Bean with object name Ratis:service=RaftServer,group=group-3A08AF1FB2FD,id=f24c48c6-4a91-44a4-ae9a-fb063e2dd958
2024-10-01 11:06:49,022 [f24c48c6-4a91-44a4-ae9a-fb063e2dd958-groupManagement] INFO  util.JmxRegister (JmxRegister.java:register(58)) - register mxBean class org.apache.ratis.server.impl.RaftServerJmxAdapter as Ratis:service=RaftServer,group=group-3A08AF1FB2FD,id=f24c48c6-4a91-44a4-ae9a-fb063e2dd958
2024-10-01 11:06:49,022 [f24c48c6-4a91-44a4-ae9a-fb063e2dd958-groupManagement] INFO  server.RaftServerConfigKeys (ConfUtils.java:logGet(46)) - raft.server.snapshot.trigger-when-stop.enabled = true (default)
2024-10-01 11:06:49,022 [f24c48c6-4a91-44a4-ae9a-fb063e2dd958-groupManagement] INFO  server.RaftServerConfigKeys (ConfUtils.java:logGet(46)) - raft.server.snapshot.trigger-when-remove.enabled = true (default)
2024-10-01 11:06:49,022 [f24c48c6-4a91-44a4-ae9a-fb063e2dd958-groupManagement] INFO  server.RaftServerConfigKeys (ConfUtils.java:logGet(46)) - raft.server.snapshot.auto.trigger.enabled = true (custom)
2024-10-01 11:06:49,023 [f24c48c6-4a91-44a4-ae9a-fb063e2dd958-groupManagement] INFO  server.RaftServerConfigKeys (ConfUtils.java:logGet(46)) - raft.server.snapshot.auto.trigger.threshold = 10000 (custom)
2024-10-01 11:06:49,023 [f24c48c6-4a91-44a4-ae9a-fb063e2dd958-groupManagement] INFO  server.RaftServerConfigKeys (ConfUtils.java:logGet(46)) - raft.server.snapshot.retention.file.num = 5 (custom)
2024-10-01 11:06:49,023 [f24c48c6-4a91-44a4-ae9a-fb063e2dd958-groupManagement] INFO  server.RaftServerConfigKeys (ConfUtils.java:logGet(46)) - raft.server.log.purge.upto.snapshot.index = false (default)
2024-10-01 11:06:49,024 [f24c48c6-4a91-44a4-ae9a-fb063e2dd958-PipelineCommandHandlerThread-0] INFO  ratis.XceiverServerRatis (XceiverServerRatis.java:addGroup(844)) - Created group PipelineID=16f3ef61-503c-4aae-b50e-3a08af1fb2fd
2024-10-01 11:06:49,024 [f24c48c6-4a91-44a4-ae9a-fb063e2dd958@group-3A08AF1FB2FD-FollowerState] INFO  server.RaftServerConfigKeys (ConfUtils.java:logFallback(53)) - raft.server.rpc.first-election.timeout.min = 5s (fallback to raft.server.rpc.timeout.min)
2024-10-01 11:06:49,025 [f24c48c6-4a91-44a4-ae9a-fb063e2dd958@group-3A08AF1FB2FD-FollowerState] INFO  server.RaftServerConfigKeys (ConfUtils.java:logFallback(53)) - raft.server.rpc.first-election.timeout.max = 5200ms (fallback to raft.server.rpc.timeout.max)
2024-10-01 11:06:49,241 [grpc-default-executor-0] INFO  server.RaftServer (RaftServerProxy.java:addNew(100)) - 3ccd597d-6672-4b12-926e-746f973e87fb: addNew group-3A08AF1FB2FD:[f24c48c6-4a91-44a4-ae9a-fb063e2dd958|127.0.0.1:15014, 89da30bd-cbf9-4a7b-a1ff-1f6963324f22|127.0.0.1:15023, 3ccd597d-6672-4b12-926e-746f973e87fb|127.0.0.1:15032] returns group-3A08AF1FB2FD:java.util.concurrent.CompletableFuture@3b5ea9de[Not completed]
2024-10-01 11:06:49,243 [3ccd597d-6672-4b12-926e-746f973e87fb-groupManagement] INFO  server.RaftServer$Division (RaftServerImpl.java:<init>(254)) - 3ccd597d-6672-4b12-926e-746f973e87fb: new RaftServerImpl for group-3A08AF1FB2FD:[f24c48c6-4a91-44a4-ae9a-fb063e2dd958|127.0.0.1:15014, 89da30bd-cbf9-4a7b-a1ff-1f6963324f22|127.0.0.1:15023, 3ccd597d-6672-4b12-926e-746f973e87fb|127.0.0.1:15032] with ContainerStateMachine:uninitialized
2024-10-01 11:06:49,243 [3ccd597d-6672-4b12-926e-746f973e87fb-groupManagement] INFO  server.RaftServerConfigKeys (ConfUtils.java:logGet(46)) - raft.server.rpc.timeout.min = 5s (custom)
2024-10-01 11:06:49,244 [3ccd597d-6672-4b12-926e-746f973e87fb-groupManagement] INFO  server.RaftServerConfigKeys (ConfUtils.java:logGet(46)) - raft.server.rpc.timeout.max = 5200ms (custom)
2024-10-01 11:06:49,244 [3ccd597d-6672-4b12-926e-746f973e87fb-groupManagement] INFO  server.RaftServerConfigKeys (ConfUtils.java:logGet(46)) - raft.server.rpc.sleep.time = 25ms (default)
2024-10-01 11:06:49,244 [3ccd597d-6672-4b12-926e-746f973e87fb-groupManagement] INFO  server.RaftServerConfigKeys (ConfUtils.java:logGet(46)) - raft.server.rpc.slowness.timeout = 300s (custom)
2024-10-01 11:06:49,244 [3ccd597d-6672-4b12-926e-746f973e87fb-groupManagement] INFO  server.RaftServerConfigKeys (ConfUtils.java:logGet(46)) - raft.server.leaderelection.leader.step-down.wait-time = 10s (default)
2024-10-01 11:06:49,244 [3ccd597d-6672-4b12-926e-746f973e87fb-groupManagement] INFO  server.RaftServerConfigKeys (ConfUtils.java:logGet(46)) - raft.server.leaderelection.member.majority-add = false (default)
2024-10-01 11:06:49,244 [3ccd597d-6672-4b12-926e-746f973e87fb-groupManagement] INFO  server.RaftServerConfigKeys (ConfUtils.java:logGet(46)) - raft.server.sleep.deviation.threshold = 300ms (default)
2024-10-01 11:06:49,244 [3ccd597d-6672-4b12-926e-746f973e87fb-groupManagement] INFO  server.RaftServer$Division (ServerState.java:<init>(114)) - 3ccd597d-6672-4b12-926e-746f973e87fb@group-3A08AF1FB2FD: ConfigurationManager, init=conf: {index: -1, cur=peers:[f24c48c6-4a91-44a4-ae9a-fb063e2dd958|127.0.0.1:15014, 89da30bd-cbf9-4a7b-a1ff-1f6963324f22|127.0.0.1:15023, 3ccd597d-6672-4b12-926e-746f973e87fb|127.0.0.1:15032]|listeners:[], old=null}, confs=<EMPTY_MAP>
2024-10-01 11:06:49,244 [3ccd597d-6672-4b12-926e-746f973e87fb-groupManagement] INFO  server.RaftServerConfigKeys (ConfUtils.java:logGet(46)) - raft.server.notification.no-leader.timeout = 300s (custom)
2024-10-01 11:06:49,244 [3ccd597d-6672-4b12-926e-746f973e87fb-groupManagement] INFO  server.RaftServerConfigKeys (ConfUtils.java:logGet(46)) - raft.server.read.timeout = 10s (default)
2024-10-01 11:06:49,244 [3ccd597d-6672-4b12-926e-746f973e87fb-groupManagement] INFO  server.RaftServerConfigKeys (ConfUtils.java:logGet(46)) - raft.server.retrycache.expirytime = 600000ms (custom)
2024-10-01 11:06:49,245 [3ccd597d-6672-4b12-926e-746f973e87fb-groupManagement] INFO  server.RaftServerConfigKeys (ConfUtils.java:logGet(46)) - raft.server.retrycache.statistics.expirytime = 100ms (default)
2024-10-01 11:06:49,245 [3ccd597d-6672-4b12-926e-746f973e87fb-groupManagement] INFO  server.RaftServerConfigKeys (ConfUtils.java:logGet(46)) - raft.server.read.option = DEFAULT (default)
2024-10-01 11:06:49,245 [3ccd597d-6672-4b12-926e-746f973e87fb-groupManagement] INFO  server.RaftServerConfigKeys (ConfUtils.java:logGet(46)) - raft.server.read.read-after-write-consistent.write-index-cache.expiry-time = 60s (default)
2024-10-01 11:06:49,251 [3ccd597d-6672-4b12-926e-746f973e87fb-groupManagement] INFO  server.RaftServerConfigKeys (ConfUtils.java:logGet(46)) - raft.server.rpc.request.timeout = 60s (custom)
2024-10-01 11:06:49,251 [3ccd597d-6672-4b12-926e-746f973e87fb-groupManagement] INFO  server.RaftServerConfigKeys (ConfUtils.java:logGet(46)) - raft.server.log.appender.install.snapshot.enabled = false (custom)
2024-10-01 11:06:49,251 [3ccd597d-6672-4b12-926e-746f973e87fb-groupManagement] INFO  server.RaftServerConfigKeys (ConfUtils.java:logGet(46)) - raft.server.threadpool.server.cached = true (default)
2024-10-01 11:06:49,251 [3ccd597d-6672-4b12-926e-746f973e87fb-groupManagement] INFO  server.RaftServerConfigKeys (ConfUtils.java:logGet(46)) - raft.server.threadpool.server.size = 0 (default)
2024-10-01 11:06:49,251 [3ccd597d-6672-4b12-926e-746f973e87fb-groupManagement] INFO  server.RaftServerConfigKeys (ConfUtils.java:logGet(46)) - raft.server.threadpool.client.cached = true (default)
2024-10-01 11:06:49,251 [3ccd597d-6672-4b12-926e-746f973e87fb-groupManagement] INFO  server.RaftServerConfigKeys (ConfUtils.java:logGet(46)) - raft.server.threadpool.client.size = 0 (default)
2024-10-01 11:06:49,251 [3ccd597d-6672-4b12-926e-746f973e87fb-groupManagement] INFO  server.RaftServerConfigKeys (ConfUtils.java:logGet(46)) - raft.server.storage.free-space.min = 0MB (=0) (default)
2024-10-01 11:06:49,251 [3ccd597d-6672-4b12-926e-746f973e87fb-groupManagement] INFO  server.RaftServerConfigKeys (ConfUtils.java:logGet(46)) - raft.server.log.corruption.policy = EXCEPTION (default)
2024-10-01 11:06:49,251 [3ccd597d-6672-4b12-926e-746f973e87fb-groupManagement] INFO  server.RaftServerConfigKeys (ConfUtils.java:logGet(46)) - raft.server.storage.dir = [/home/runner/work/ozone/ozone/hadoop-ozone/integration-test/target/test-dir/MiniOzoneClusterImpl-6f218983-f2ca-45a9-b903-464e6faef46a/ozone-meta/datanode-3/ratis] (custom)
2024-10-01 11:06:49,251 [3ccd597d-6672-4b12-926e-746f973e87fb-groupManagement] INFO  storage.RaftStorageDirectory (RaftStorageDirectoryImpl.java:analyzeStorage(138)) - The storage directory /home/runner/work/ozone/ozone/hadoop-ozone/integration-test/target/test-dir/MiniOzoneClusterImpl-6f218983-f2ca-45a9-b903-464e6faef46a/ozone-meta/datanode-3/ratis/16f3ef61-503c-4aae-b50e-3a08af1fb2fd does not exist. Creating ...
2024-10-01 11:06:49,252 [3ccd597d-6672-4b12-926e-746f973e87fb-groupManagement] INFO  storage.RaftStorageDirectory (RaftStorageDirectoryImpl.java:tryLock(229)) - Lock on /home/runner/work/ozone/ozone/hadoop-ozone/integration-test/target/test-dir/MiniOzoneClusterImpl-6f218983-f2ca-45a9-b903-464e6faef46a/ozone-meta/datanode-3/ratis/16f3ef61-503c-4aae-b50e-3a08af1fb2fd/in_use.lock acquired by nodename 95224@fv-az1244-121
2024-10-01 11:06:49,254 [3ccd597d-6672-4b12-926e-746f973e87fb-groupManagement] INFO  storage.RaftStorage (RaftStorageImpl.java:format(98)) - Storage directory /home/runner/work/ozone/ozone/hadoop-ozone/integration-test/target/test-dir/MiniOzoneClusterImpl-6f218983-f2ca-45a9-b903-464e6faef46a/ozone-meta/datanode-3/ratis/16f3ef61-503c-4aae-b50e-3a08af1fb2fd has been successfully formatted.
2024-10-01 11:06:49,254 [3ccd597d-6672-4b12-926e-746f973e87fb-groupManagement] INFO  ratis.ContainerStateMachine (ContainerStateMachine.java:loadSnapshot(296)) - group-3A08AF1FB2FD: The snapshot info is null. Setting the last applied index to:(t:0, i:~)
2024-10-01 11:06:49,254 [3ccd597d-6672-4b12-926e-746f973e87fb-groupManagement] INFO  server.RaftServerConfigKeys (ConfUtils.java:logGet(46)) - raft.server.log.use.memory = false (default)
2024-10-01 11:06:49,255 [3ccd597d-6672-4b12-926e-746f973e87fb-groupManagement] INFO  server.RaftServerConfigKeys (ConfUtils.java:logGet(46)) - raft.server.log.purge.gap = 1000000 (custom)
2024-10-01 11:06:49,255 [3ccd597d-6672-4b12-926e-746f973e87fb-groupManagement] INFO  server.RaftServerConfigKeys (ConfUtils.java:logGet(46)) - raft.server.log.appender.buffer.byte-limit = 33554432 (custom)
2024-10-01 11:06:49,255 [3ccd597d-6672-4b12-926e-746f973e87fb-groupManagement] INFO  server.RaftServerConfigKeys (ConfUtils.java:logGet(46)) - raft.server.log.statemachine.data.read.timeout = 1000ms (default)
2024-10-01 11:06:49,256 [3ccd597d-6672-4b12-926e-746f973e87fb-groupManagement] INFO  server.RaftServerConfigKeys (ConfUtils.java:logGet(46)) - raft.server.log.purge.preservation.log.num = 0 (default)
2024-10-01 11:06:49,258 [3ccd597d-6672-4b12-926e-746f973e87fb-groupManagement] INFO  server.RaftServerConfigKeys (ConfUtils.java:logGet(46)) - raft.server.log.segment.size.max = 67108864 (custom)
2024-10-01 11:06:49,259 [3ccd597d-6672-4b12-926e-746f973e87fb-groupManagement] INFO  server.RaftServerConfigKeys (ConfUtils.java:logGet(46)) - raft.server.log.segment.cache.num.max = 2 (custom)
2024-10-01 11:06:49,259 [3ccd597d-6672-4b12-926e-746f973e87fb-groupManagement] INFO  server.RaftServerConfigKeys (ConfUtils.java:logGet(46)) - raft.server.log.segment.cache.size.max = 200MB (=209715200) (default)
2024-10-01 11:06:49,259 [3ccd597d-6672-4b12-926e-746f973e87fb-groupManagement] INFO  server.RaftServerConfigKeys (ConfUtils.java:logGet(46)) - raft.server.log.appender.buffer.byte-limit = 33554432 (custom)
2024-10-01 11:06:49,260 [3ccd597d-6672-4b12-926e-746f973e87fb-groupManagement] INFO  util.AwaitToRun (AwaitToRun.java:start(81)) - Thread[3ccd597d-6672-4b12-926e-746f973e87fb@group-3A08AF1FB2FD-cacheEviction-AwaitToRun,5,main] started
2024-10-01 11:06:49,261 [3ccd597d-6672-4b12-926e-746f973e87fb-groupManagement] INFO  segmented.SegmentedRaftLogWorker (SegmentedRaftLogWorker.java:<init>(187)) - new 3ccd597d-6672-4b12-926e-746f973e87fb@group-3A08AF1FB2FD-SegmentedRaftLogWorker for RaftStorageImpl:Storage Directory /home/runner/work/ozone/ozone/hadoop-ozone/integration-test/target/test-dir/MiniOzoneClusterImpl-6f218983-f2ca-45a9-b903-464e6faef46a/ozone-meta/datanode-3/ratis/16f3ef61-503c-4aae-b50e-3a08af1fb2fd
2024-10-01 11:06:49,261 [3ccd597d-6672-4b12-926e-746f973e87fb-groupManagement] INFO  server.RaftServerConfigKeys (ConfUtils.java:logGet(46)) - raft.server.log.queue.byte-limit = 4294967296 (custom)
2024-10-01 11:06:49,261 [3ccd597d-6672-4b12-926e-746f973e87fb-groupManagement] INFO  server.RaftServerConfigKeys (ConfUtils.java:logGet(46)) - raft.server.log.queue.element-limit = 1024 (custom)
2024-10-01 11:06:49,261 [3ccd597d-6672-4b12-926e-746f973e87fb-groupManagement] INFO  server.RaftServerConfigKeys (ConfUtils.java:logGet(46)) - raft.server.log.segment.size.max = 67108864 (custom)
2024-10-01 11:06:49,261 [3ccd597d-6672-4b12-926e-746f973e87fb-groupManagement] INFO  server.RaftServerConfigKeys (ConfUtils.java:logGet(46)) - raft.server.log.preallocated.size = 4194304 (custom)
2024-10-01 11:06:49,261 [3ccd597d-6672-4b12-926e-746f973e87fb-groupManagement] INFO  server.RaftServerConfigKeys (ConfUtils.java:logGet(46)) - raft.server.log.force.sync.num = 128 (default)
2024-10-01 11:06:49,261 [3ccd597d-6672-4b12-926e-746f973e87fb-groupManagement] INFO  server.RaftServerConfigKeys (ConfUtils.java:logGet(46)) - raft.server.log.statemachine.data.sync = true (default)
2024-10-01 11:06:49,261 [3ccd597d-6672-4b12-926e-746f973e87fb-groupManagement] INFO  server.RaftServerConfigKeys (ConfUtils.java:logGet(46)) - raft.server.log.statemachine.data.sync.timeout = 10s (default)
2024-10-01 11:06:49,261 [3ccd597d-6672-4b12-926e-746f973e87fb-groupManagement] INFO  server.RaftServerConfigKeys (ConfUtils.java:logGet(46)) - raft.server.log.statemachine.data.sync.timeout.retry = 30 (custom)
2024-10-01 11:06:49,262 [3ccd597d-6672-4b12-926e-746f973e87fb-groupManagement] INFO  server.RaftServerConfigKeys (ConfUtils.java:logGet(46)) - raft.server.log.write.buffer.size = 33554440 (custom)
2024-10-01 11:06:49,266 [3ccd597d-6672-4b12-926e-746f973e87fb-groupManagement] INFO  server.RaftServerConfigKeys (ConfUtils.java:logGet(46)) - raft.server.log.appender.buffer.byte-limit = 33554432 (custom)
2024-10-01 11:06:49,266 [3ccd597d-6672-4b12-926e-746f973e87fb-groupManagement] INFO  server.RaftServerConfigKeys (ConfUtils.java:logGet(46)) - raft.server.log.unsafe-flush.enabled = false (default)
2024-10-01 11:06:49,266 [3ccd597d-6672-4b12-926e-746f973e87fb-groupManagement] INFO  server.RaftServerConfigKeys (ConfUtils.java:logGet(46)) - raft.server.log.async-flush.enabled = false (default)
2024-10-01 11:06:49,266 [3ccd597d-6672-4b12-926e-746f973e87fb-groupManagement] INFO  server.RaftServerConfigKeys (ConfUtils.java:logGet(46)) - raft.server.log.statemachine.data.caching.enabled = true (custom)
2024-10-01 11:06:49,267 [3ccd597d-6672-4b12-926e-746f973e87fb-groupManagement] INFO  segmented.SegmentedRaftLogWorker (SegmentedRaftLogWorker.java:lambda$new$0(138)) - 3ccd597d-6672-4b12-926e-746f973e87fb@group-3A08AF1FB2FD-SegmentedRaftLogWorker: flushIndex: setUnconditionally 0 -> -1
2024-10-01 11:06:49,267 [3ccd597d-6672-4b12-926e-746f973e87fb-groupManagement] INFO  segmented.SegmentedRaftLogWorker (SegmentedRaftLogWorker.java:lambda$new$0(138)) - 3ccd597d-6672-4b12-926e-746f973e87fb@group-3A08AF1FB2FD-SegmentedRaftLogWorker: safeCacheEvictIndex: setUnconditionally 0 -> -1
2024-10-01 11:06:49,272 [3ccd597d-6672-4b12-926e-746f973e87fb-groupManagement] INFO  server.RaftServer$Division (RaftServerImpl.java:start(390)) - 3ccd597d-6672-4b12-926e-746f973e87fb@group-3A08AF1FB2FD: start as a follower, conf=conf: {index: -1, cur=peers:[f24c48c6-4a91-44a4-ae9a-fb063e2dd958|127.0.0.1:15014, 89da30bd-cbf9-4a7b-a1ff-1f6963324f22|127.0.0.1:15023, 3ccd597d-6672-4b12-926e-746f973e87fb|127.0.0.1:15032]|listeners:[], old=null}
2024-10-01 11:06:49,272 [3ccd597d-6672-4b12-926e-746f973e87fb-groupManagement] INFO  server.RaftServer$Division (RaftServerImpl.java:setRole(377)) - 3ccd597d-6672-4b12-926e-746f973e87fb@group-3A08AF1FB2FD: changes role from      null to FOLLOWER at term 0 for startAsFollower
2024-10-01 11:06:49,272 [3ccd597d-6672-4b12-926e-746f973e87fb-groupManagement] INFO  impl.RoleInfo (RoleInfo.java:updateAndGet(148)) - 3ccd597d-6672-4b12-926e-746f973e87fb: start 3ccd597d-6672-4b12-926e-746f973e87fb@group-3A08AF1FB2FD-FollowerState
2024-10-01 11:06:49,272 [3ccd597d-6672-4b12-926e-746f973e87fb-groupManagement] INFO  util.JmxRegister (JmxRegister.java:tryRegister(44)) - Successfully registered JMX Bean with object name Ratis:service=RaftServer,group=group-3A08AF1FB2FD,id=3ccd597d-6672-4b12-926e-746f973e87fb
2024-10-01 11:06:49,272 [3ccd597d-6672-4b12-926e-746f973e87fb-groupManagement] INFO  util.JmxRegister (JmxRegister.java:register(58)) - register mxBean class org.apache.ratis.server.impl.RaftServerJmxAdapter as Ratis:service=RaftServer,group=group-3A08AF1FB2FD,id=3ccd597d-6672-4b12-926e-746f973e87fb
2024-10-01 11:06:49,272 [3ccd597d-6672-4b12-926e-746f973e87fb@group-3A08AF1FB2FD-FollowerState] INFO  server.RaftServerConfigKeys (ConfUtils.java:logFallback(53)) - raft.server.rpc.first-election.timeout.min = 5s (fallback to raft.server.rpc.timeout.min)
2024-10-01 11:06:49,273 [3ccd597d-6672-4b12-926e-746f973e87fb-groupManagement] INFO  server.RaftServerConfigKeys (ConfUtils.java:logGet(46)) - raft.server.snapshot.trigger-when-stop.enabled = true (default)
2024-10-01 11:06:49,273 [3ccd597d-6672-4b12-926e-746f973e87fb-groupManagement] INFO  server.RaftServerConfigKeys (ConfUtils.java:logGet(46)) - raft.server.snapshot.trigger-when-remove.enabled = true (default)
2024-10-01 11:06:49,273 [3ccd597d-6672-4b12-926e-746f973e87fb-groupManagement] INFO  server.RaftServerConfigKeys (ConfUtils.java:logGet(46)) - raft.server.snapshot.auto.trigger.enabled = true (custom)
2024-10-01 11:06:49,273 [3ccd597d-6672-4b12-926e-746f973e87fb-groupManagement] INFO  server.RaftServerConfigKeys (ConfUtils.java:logGet(46)) - raft.server.snapshot.auto.trigger.threshold = 10000 (custom)
2024-10-01 11:06:49,273 [3ccd597d-6672-4b12-926e-746f973e87fb-groupManagement] INFO  server.RaftServerConfigKeys (ConfUtils.java:logGet(46)) - raft.server.snapshot.retention.file.num = 5 (custom)
2024-10-01 11:06:49,273 [3ccd597d-6672-4b12-926e-746f973e87fb-groupManagement] INFO  server.RaftServerConfigKeys (ConfUtils.java:logGet(46)) - raft.server.log.purge.upto.snapshot.index = false (default)
2024-10-01 11:06:49,273 [89da30bd-cbf9-4a7b-a1ff-1f6963324f22-PipelineCommandHandlerThread-0] INFO  server.RaftServer (RaftServerProxy.java:addNew(100)) - 89da30bd-cbf9-4a7b-a1ff-1f6963324f22: addNew group-EBDDE0D620EE:[89da30bd-cbf9-4a7b-a1ff-1f6963324f22|127.0.0.1:15023] returns group-EBDDE0D620EE:java.util.concurrent.CompletableFuture@5b651d51[Not completed]
2024-10-01 11:06:49,273 [3ccd597d-6672-4b12-926e-746f973e87fb@group-3A08AF1FB2FD-FollowerState] INFO  server.RaftServerConfigKeys (ConfUtils.java:logFallback(53)) - raft.server.rpc.first-election.timeout.max = 5200ms (fallback to raft.server.rpc.timeout.max)
2024-10-01 11:06:49,276 [89da30bd-cbf9-4a7b-a1ff-1f6963324f22-groupManagement] INFO  server.RaftServer$Division (RaftServerImpl.java:<init>(254)) - 89da30bd-cbf9-4a7b-a1ff-1f6963324f22: new RaftServerImpl for group-EBDDE0D620EE:[89da30bd-cbf9-4a7b-a1ff-1f6963324f22|127.0.0.1:15023] with ContainerStateMachine:uninitialized
2024-10-01 11:06:49,276 [89da30bd-cbf9-4a7b-a1ff-1f6963324f22-groupManagement] INFO  server.RaftServerConfigKeys (ConfUtils.java:logGet(46)) - raft.server.rpc.timeout.min = 5s (custom)
2024-10-01 11:06:49,276 [89da30bd-cbf9-4a7b-a1ff-1f6963324f22-groupManagement] INFO  server.RaftServerConfigKeys (ConfUtils.java:logGet(46)) - raft.server.rpc.timeout.max = 5200ms (custom)
2024-10-01 11:06:49,277 [89da30bd-cbf9-4a7b-a1ff-1f6963324f22-groupManagement] INFO  server.RaftServerConfigKeys (ConfUtils.java:logGet(46)) - raft.server.rpc.sleep.time = 25ms (default)
2024-10-01 11:06:49,277 [89da30bd-cbf9-4a7b-a1ff-1f6963324f22-groupManagement] INFO  server.RaftServerConfigKeys (ConfUtils.java:logGet(46)) - raft.server.rpc.slowness.timeout = 300s (custom)
2024-10-01 11:06:49,277 [89da30bd-cbf9-4a7b-a1ff-1f6963324f22-groupManagement] INFO  server.RaftServerConfigKeys (ConfUtils.java:logGet(46)) - raft.server.leaderelection.leader.step-down.wait-time = 10s (default)
2024-10-01 11:06:49,277 [89da30bd-cbf9-4a7b-a1ff-1f6963324f22-groupManagement] INFO  server.RaftServerConfigKeys (ConfUtils.java:logGet(46)) - raft.server.leaderelection.member.majority-add = false (default)
2024-10-01 11:06:49,277 [89da30bd-cbf9-4a7b-a1ff-1f6963324f22-groupManagement] INFO  server.RaftServerConfigKeys (ConfUtils.java:logGet(46)) - raft.server.sleep.deviation.threshold = 300ms (default)
2024-10-01 11:06:49,277 [89da30bd-cbf9-4a7b-a1ff-1f6963324f22-groupManagement] INFO  server.RaftServer$Division (ServerState.java:<init>(114)) - 89da30bd-cbf9-4a7b-a1ff-1f6963324f22@group-EBDDE0D620EE: ConfigurationManager, init=conf: {index: -1, cur=peers:[89da30bd-cbf9-4a7b-a1ff-1f6963324f22|127.0.0.1:15023]|listeners:[], old=null}, confs=<EMPTY_MAP>
2024-10-01 11:06:49,277 [89da30bd-cbf9-4a7b-a1ff-1f6963324f22-groupManagement] INFO  server.RaftServerConfigKeys (ConfUtils.java:logGet(46)) - raft.server.notification.no-leader.timeout = 300s (custom)
2024-10-01 11:06:49,278 [89da30bd-cbf9-4a7b-a1ff-1f6963324f22-groupManagement] INFO  server.RaftServerConfigKeys (ConfUtils.java:logGet(46)) - raft.server.read.timeout = 10s (default)
2024-10-01 11:06:49,278 [89da30bd-cbf9-4a7b-a1ff-1f6963324f22-groupManagement] INFO  server.RaftServerConfigKeys (ConfUtils.java:logGet(46)) - raft.server.retrycache.expirytime = 600000ms (custom)
2024-10-01 11:06:49,278 [89da30bd-cbf9-4a7b-a1ff-1f6963324f22-groupManagement] INFO  server.RaftServerConfigKeys (ConfUtils.java:logGet(46)) - raft.server.retrycache.statistics.expirytime = 100ms (default)
2024-10-01 11:06:49,278 [89da30bd-cbf9-4a7b-a1ff-1f6963324f22-groupManagement] INFO  server.RaftServerConfigKeys (ConfUtils.java:logGet(46)) - raft.server.read.option = DEFAULT (default)
2024-10-01 11:06:49,278 [89da30bd-cbf9-4a7b-a1ff-1f6963324f22-groupManagement] INFO  server.RaftServerConfigKeys (ConfUtils.java:logGet(46)) - raft.server.read.read-after-write-consistent.write-index-cache.expiry-time = 60s (default)
2024-10-01 11:06:49,294 [89da30bd-cbf9-4a7b-a1ff-1f6963324f22-groupManagement] INFO  server.RaftServerConfigKeys (ConfUtils.java:logGet(46)) - raft.server.rpc.request.timeout = 60s (custom)
2024-10-01 11:06:49,295 [89da30bd-cbf9-4a7b-a1ff-1f6963324f22-groupManagement] INFO  server.RaftServerConfigKeys (ConfUtils.java:logGet(46)) - raft.server.log.appender.install.snapshot.enabled = false (custom)
2024-10-01 11:06:49,295 [89da30bd-cbf9-4a7b-a1ff-1f6963324f22-groupManagement] INFO  server.RaftServerConfigKeys (ConfUtils.java:logGet(46)) - raft.server.threadpool.server.cached = true (default)
2024-10-01 11:06:49,295 [89da30bd-cbf9-4a7b-a1ff-1f6963324f22-groupManagement] INFO  server.RaftServerConfigKeys (ConfUtils.java:logGet(46)) - raft.server.threadpool.server.size = 0 (default)
2024-10-01 11:06:49,295 [89da30bd-cbf9-4a7b-a1ff-1f6963324f22-groupManagement] INFO  server.RaftServerConfigKeys (ConfUtils.java:logGet(46)) - raft.server.threadpool.client.cached = true (default)
2024-10-01 11:06:49,295 [89da30bd-cbf9-4a7b-a1ff-1f6963324f22-groupManagement] INFO  server.RaftServerConfigKeys (ConfUtils.java:logGet(46)) - raft.server.threadpool.client.size = 0 (default)
2024-10-01 11:06:49,295 [89da30bd-cbf9-4a7b-a1ff-1f6963324f22-groupManagement] INFO  server.RaftServerConfigKeys (ConfUtils.java:logGet(46)) - raft.server.storage.free-space.min = 0MB (=0) (default)
2024-10-01 11:06:49,296 [89da30bd-cbf9-4a7b-a1ff-1f6963324f22-groupManagement] INFO  server.RaftServerConfigKeys (ConfUtils.java:logGet(46)) - raft.server.log.corruption.policy = EXCEPTION (default)
2024-10-01 11:06:49,296 [89da30bd-cbf9-4a7b-a1ff-1f6963324f22-groupManagement] INFO  server.RaftServerConfigKeys (ConfUtils.java:logGet(46)) - raft.server.storage.dir = [/home/runner/work/ozone/ozone/hadoop-ozone/integration-test/target/test-dir/MiniOzoneClusterImpl-6f218983-f2ca-45a9-b903-464e6faef46a/ozone-meta/datanode-2/ratis] (custom)
2024-10-01 11:06:49,297 [89da30bd-cbf9-4a7b-a1ff-1f6963324f22-groupManagement] INFO  storage.RaftStorageDirectory (RaftStorageDirectoryImpl.java:analyzeStorage(138)) - The storage directory /home/runner/work/ozone/ozone/hadoop-ozone/integration-test/target/test-dir/MiniOzoneClusterImpl-6f218983-f2ca-45a9-b903-464e6faef46a/ozone-meta/datanode-2/ratis/7ecf35a0-a845-41c8-a9d0-ebdde0d620ee does not exist. Creating ...
2024-10-01 11:06:49,298 [89da30bd-cbf9-4a7b-a1ff-1f6963324f22-groupManagement] INFO  storage.RaftStorageDirectory (RaftStorageDirectoryImpl.java:tryLock(229)) - Lock on /home/runner/work/ozone/ozone/hadoop-ozone/integration-test/target/test-dir/MiniOzoneClusterImpl-6f218983-f2ca-45a9-b903-464e6faef46a/ozone-meta/datanode-2/ratis/7ecf35a0-a845-41c8-a9d0-ebdde0d620ee/in_use.lock acquired by nodename 95224@fv-az1244-121
2024-10-01 11:06:49,300 [89da30bd-cbf9-4a7b-a1ff-1f6963324f22-groupManagement] INFO  storage.RaftStorage (RaftStorageImpl.java:format(98)) - Storage directory /home/runner/work/ozone/ozone/hadoop-ozone/integration-test/target/test-dir/MiniOzoneClusterImpl-6f218983-f2ca-45a9-b903-464e6faef46a/ozone-meta/datanode-2/ratis/7ecf35a0-a845-41c8-a9d0-ebdde0d620ee has been successfully formatted.
2024-10-01 11:06:49,302 [89da30bd-cbf9-4a7b-a1ff-1f6963324f22-groupManagement] INFO  ratis.ContainerStateMachine (ContainerStateMachine.java:loadSnapshot(296)) - group-EBDDE0D620EE: The snapshot info is null. Setting the last applied index to:(t:0, i:~)
2024-10-01 11:06:49,303 [89da30bd-cbf9-4a7b-a1ff-1f6963324f22-groupManagement] INFO  server.RaftServerConfigKeys (ConfUtils.java:logGet(46)) - raft.server.log.use.memory = false (default)
2024-10-01 11:06:49,303 [89da30bd-cbf9-4a7b-a1ff-1f6963324f22-groupManagement] INFO  server.RaftServerConfigKeys (ConfUtils.java:logGet(46)) - raft.server.log.purge.gap = 1000000 (custom)
2024-10-01 11:06:49,303 [89da30bd-cbf9-4a7b-a1ff-1f6963324f22-groupManagement] INFO  server.RaftServerConfigKeys (ConfUtils.java:logGet(46)) - raft.server.log.appender.buffer.byte-limit = 33554432 (custom)
2024-10-01 11:06:49,303 [89da30bd-cbf9-4a7b-a1ff-1f6963324f22-groupManagement] INFO  server.RaftServerConfigKeys (ConfUtils.java:logGet(46)) - raft.server.log.statemachine.data.read.timeout = 1000ms (default)
2024-10-01 11:06:49,303 [89da30bd-cbf9-4a7b-a1ff-1f6963324f22-groupManagement] INFO  server.RaftServerConfigKeys (ConfUtils.java:logGet(46)) - raft.server.log.purge.preservation.log.num = 0 (default)
2024-10-01 11:06:49,306 [EventQueue-PipelineReportForPipelineReportHandler] INFO  pipeline.PipelineReportHandler (PipelineReportHandler.java:processPipelineReport(136)) - Opened pipeline PipelineID=7ecf35a0-a845-41c8-a9d0-ebdde0d620ee
2024-10-01 11:06:49,306 [EventQueue-OpenPipelineForHealthyPipelineSafeModeRule] INFO  safemode.SCMSafeModeManager (HealthyPipelineSafeModeRule.java:process(140)) - SCM in safe mode. Healthy pipelines reported count is 0, required healthy pipeline reported count is 1
2024-10-01 11:06:49,308 [IPC Server handler 2 on default port 15009] INFO  scm.ReconNodeManager (ReconNodeManager.java:register(286)) - Updating nodeDB for localhost
2024-10-01 11:06:49,308 [IPC Server handler 2 on default port 15009] INFO  recon.ReconContext (ReconContext.java:updateHealthStatus(77)) - Update healthStatus of Recon from true to true.
2024-10-01 11:06:49,309 [Recon-EventQueue-PipelineReportForReconPipelineReportHandler] INFO  scm.ReconPipelineReportHandler (ReconPipelineReportHandler.java:processPipelineReport(68)) - Unknown pipeline PipelineID=7ecf35a0-a845-41c8-a9d0-ebdde0d620ee. Trying to get from SCM.
2024-10-01 11:06:49,311 [89da30bd-cbf9-4a7b-a1ff-1f6963324f22-groupManagement] INFO  server.RaftServerConfigKeys (ConfUtils.java:logGet(46)) - raft.server.log.segment.size.max = 67108864 (custom)
2024-10-01 11:06:49,312 [89da30bd-cbf9-4a7b-a1ff-1f6963324f22-groupManagement] INFO  server.RaftServerConfigKeys (ConfUtils.java:logGet(46)) - raft.server.log.segment.cache.num.max = 2 (custom)
2024-10-01 11:06:49,313 [89da30bd-cbf9-4a7b-a1ff-1f6963324f22-groupManagement] INFO  server.RaftServerConfigKeys (ConfUtils.java:logGet(46)) - raft.server.log.segment.cache.size.max = 200MB (=209715200) (default)
2024-10-01 11:06:49,313 [89da30bd-cbf9-4a7b-a1ff-1f6963324f22-groupManagement] INFO  server.RaftServerConfigKeys (ConfUtils.java:logGet(46)) - raft.server.log.appender.buffer.byte-limit = 33554432 (custom)
2024-10-01 11:06:49,317 [Recon-EventQueue-PipelineReportForReconPipelineReportHandler] INFO  scm.ReconPipelineReportHandler (ReconPipelineReportHandler.java:processPipelineReport(87)) - Pipeline Pipeline[ Id: 7ecf35a0-a845-41c8-a9d0-ebdde0d620ee, Nodes: 89da30bd-cbf9-4a7b-a1ff-1f6963324f22(localhost/127.0.0.1) ReplicaIndex: 0, ReplicationConfig: RATIS/ONE, State:OPEN, leaderId:89da30bd-cbf9-4a7b-a1ff-1f6963324f22, CreationTimestamp2024-10-01T11:06:46.272Z[Etc/UTC]] verified from SCM and added to Recon pipeline metadata.
2024-10-01 11:06:49,320 [89da30bd-cbf9-4a7b-a1ff-1f6963324f22-groupManagement] INFO  util.AwaitToRun (AwaitToRun.java:start(81)) - Thread[89da30bd-cbf9-4a7b-a1ff-1f6963324f22@group-EBDDE0D620EE-cacheEviction-AwaitToRun,5,main] started
2024-10-01 11:06:49,321 [89da30bd-cbf9-4a7b-a1ff-1f6963324f22-groupManagement] INFO  segmented.SegmentedRaftLogWorker (SegmentedRaftLogWorker.java:<init>(187)) - new 89da30bd-cbf9-4a7b-a1ff-1f6963324f22@group-EBDDE0D620EE-SegmentedRaftLogWorker for RaftStorageImpl:Storage Directory /home/runner/work/ozone/ozone/hadoop-ozone/integration-test/target/test-dir/MiniOzoneClusterImpl-6f218983-f2ca-45a9-b903-464e6faef46a/ozone-meta/datanode-2/ratis/7ecf35a0-a845-41c8-a9d0-ebdde0d620ee
2024-10-01 11:06:49,321 [89da30bd-cbf9-4a7b-a1ff-1f6963324f22-groupManagement] INFO  server.RaftServerConfigKeys (ConfUtils.java:logGet(46)) - raft.server.log.queue.byte-limit = 4294967296 (custom)
2024-10-01 11:06:49,321 [89da30bd-cbf9-4a7b-a1ff-1f6963324f22-groupManagement] INFO  server.RaftServerConfigKeys (ConfUtils.java:logGet(46)) - raft.server.log.queue.element-limit = 1024 (custom)
2024-10-01 11:06:49,321 [89da30bd-cbf9-4a7b-a1ff-1f6963324f22-groupManagement] INFO  server.RaftServerConfigKeys (ConfUtils.java:logGet(46)) - raft.server.log.segment.size.max = 67108864 (custom)
2024-10-01 11:06:49,321 [89da30bd-cbf9-4a7b-a1ff-1f6963324f22-groupManagement] INFO  server.RaftServerConfigKeys (ConfUtils.java:logGet(46)) - raft.server.log.preallocated.size = 4194304 (custom)
2024-10-01 11:06:49,321 [89da30bd-cbf9-4a7b-a1ff-1f6963324f22-groupManagement] INFO  server.RaftServerConfigKeys (ConfUtils.java:logGet(46)) - raft.server.log.force.sync.num = 128 (default)
2024-10-01 11:06:49,321 [89da30bd-cbf9-4a7b-a1ff-1f6963324f22-groupManagement] INFO  server.RaftServerConfigKeys (ConfUtils.java:logGet(46)) - raft.server.log.statemachine.data.sync = true (default)
2024-10-01 11:06:49,321 [89da30bd-cbf9-4a7b-a1ff-1f6963324f22-groupManagement] INFO  server.RaftServerConfigKeys (ConfUtils.java:logGet(46)) - raft.server.log.statemachine.data.sync.timeout = 10s (default)
2024-10-01 11:06:49,322 [89da30bd-cbf9-4a7b-a1ff-1f6963324f22-groupManagement] INFO  server.RaftServerConfigKeys (ConfUtils.java:logGet(46)) - raft.server.log.statemachine.data.sync.timeout.retry = 30 (custom)
2024-10-01 11:06:49,322 [89da30bd-cbf9-4a7b-a1ff-1f6963324f22-groupManagement] INFO  server.RaftServerConfigKeys (ConfUtils.java:logGet(46)) - raft.server.log.write.buffer.size = 33554440 (custom)
2024-10-01 11:06:49,327 [89da30bd-cbf9-4a7b-a1ff-1f6963324f22-groupManagement] INFO  server.RaftServerConfigKeys (ConfUtils.java:logGet(46)) - raft.server.log.appender.buffer.byte-limit = 33554432 (custom)
2024-10-01 11:06:49,328 [89da30bd-cbf9-4a7b-a1ff-1f6963324f22-groupManagement] INFO  server.RaftServerConfigKeys (ConfUtils.java:logGet(46)) - raft.server.log.unsafe-flush.enabled = false (default)
2024-10-01 11:06:49,328 [89da30bd-cbf9-4a7b-a1ff-1f6963324f22-groupManagement] INFO  server.RaftServerConfigKeys (ConfUtils.java:logGet(46)) - raft.server.log.async-flush.enabled = false (default)
2024-10-01 11:06:49,328 [89da30bd-cbf9-4a7b-a1ff-1f6963324f22-groupManagement] INFO  server.RaftServerConfigKeys (ConfUtils.java:logGet(46)) - raft.server.log.statemachine.data.caching.enabled = true (custom)
2024-10-01 11:06:49,328 [89da30bd-cbf9-4a7b-a1ff-1f6963324f22-groupManagement] INFO  segmented.SegmentedRaftLogWorker (SegmentedRaftLogWorker.java:lambda$new$0(138)) - 89da30bd-cbf9-4a7b-a1ff-1f6963324f22@group-EBDDE0D620EE-SegmentedRaftLogWorker: flushIndex: setUnconditionally 0 -> -1
2024-10-01 11:06:49,329 [89da30bd-cbf9-4a7b-a1ff-1f6963324f22-groupManagement] INFO  segmented.SegmentedRaftLogWorker (SegmentedRaftLogWorker.java:lambda$new$0(138)) - 89da30bd-cbf9-4a7b-a1ff-1f6963324f22@group-EBDDE0D620EE-SegmentedRaftLogWorker: safeCacheEvictIndex: setUnconditionally 0 -> -1
2024-10-01 11:06:49,330 [89da30bd-cbf9-4a7b-a1ff-1f6963324f22-groupManagement] INFO  server.RaftServer$Division (RaftServerImpl.java:start(390)) - 89da30bd-cbf9-4a7b-a1ff-1f6963324f22@group-EBDDE0D620EE: start as a follower, conf=conf: {index: -1, cur=peers:[89da30bd-cbf9-4a7b-a1ff-1f6963324f22|127.0.0.1:15023]|listeners:[], old=null}
2024-10-01 11:06:49,330 [89da30bd-cbf9-4a7b-a1ff-1f6963324f22-groupManagement] INFO  server.RaftServer$Division (RaftServerImpl.java:setRole(377)) - 89da30bd-cbf9-4a7b-a1ff-1f6963324f22@group-EBDDE0D620EE: changes role from      null to FOLLOWER at term 0 for startAsFollower
2024-10-01 11:06:49,330 [89da30bd-cbf9-4a7b-a1ff-1f6963324f22-groupManagement] INFO  impl.RoleInfo (RoleInfo.java:updateAndGet(148)) - 89da30bd-cbf9-4a7b-a1ff-1f6963324f22: start 89da30bd-cbf9-4a7b-a1ff-1f6963324f22@group-EBDDE0D620EE-FollowerState
2024-10-01 11:06:49,331 [89da30bd-cbf9-4a7b-a1ff-1f6963324f22@group-EBDDE0D620EE-FollowerState] INFO  server.RaftServerConfigKeys (ConfUtils.java:logFallback(53)) - raft.server.rpc.first-election.timeout.min = 5s (fallback to raft.server.rpc.timeout.min)
2024-10-01 11:06:49,331 [89da30bd-cbf9-4a7b-a1ff-1f6963324f22@group-EBDDE0D620EE-FollowerState] INFO  server.RaftServerConfigKeys (ConfUtils.java:logFallback(53)) - raft.server.rpc.first-election.timeout.max = 5200ms (fallback to raft.server.rpc.timeout.max)
2024-10-01 11:06:49,331 [89da30bd-cbf9-4a7b-a1ff-1f6963324f22-groupManagement] INFO  util.JmxRegister (JmxRegister.java:tryRegister(44)) - Successfully registered JMX Bean with object name Ratis:service=RaftServer,group=group-EBDDE0D620EE,id=89da30bd-cbf9-4a7b-a1ff-1f6963324f22
2024-10-01 11:06:49,332 [89da30bd-cbf9-4a7b-a1ff-1f6963324f22-groupManagement] INFO  util.JmxRegister (JmxRegister.java:register(58)) - register mxBean class org.apache.ratis.server.impl.RaftServerJmxAdapter as Ratis:service=RaftServer,group=group-EBDDE0D620EE,id=89da30bd-cbf9-4a7b-a1ff-1f6963324f22
2024-10-01 11:06:49,332 [89da30bd-cbf9-4a7b-a1ff-1f6963324f22-groupManagement] INFO  server.RaftServerConfigKeys (ConfUtils.java:logGet(46)) - raft.server.snapshot.trigger-when-stop.enabled = true (default)
2024-10-01 11:06:49,332 [89da30bd-cbf9-4a7b-a1ff-1f6963324f22-groupManagement] INFO  server.RaftServerConfigKeys (ConfUtils.java:logGet(46)) - raft.server.snapshot.trigger-when-remove.enabled = true (default)
2024-10-01 11:06:49,332 [89da30bd-cbf9-4a7b-a1ff-1f6963324f22-groupManagement] INFO  server.RaftServerConfigKeys (ConfUtils.java:logGet(46)) - raft.server.snapshot.auto.trigger.enabled = true (custom)
2024-10-01 11:06:49,332 [89da30bd-cbf9-4a7b-a1ff-1f6963324f22-groupManagement] INFO  server.RaftServerConfigKeys (ConfUtils.java:logGet(46)) - raft.server.snapshot.auto.trigger.threshold = 10000 (custom)
2024-10-01 11:06:49,332 [89da30bd-cbf9-4a7b-a1ff-1f6963324f22-groupManagement] INFO  server.RaftServerConfigKeys (ConfUtils.java:logGet(46)) - raft.server.snapshot.retention.file.num = 5 (custom)
2024-10-01 11:06:49,332 [89da30bd-cbf9-4a7b-a1ff-1f6963324f22-groupManagement] INFO  server.RaftServerConfigKeys (ConfUtils.java:logGet(46)) - raft.server.log.purge.upto.snapshot.index = false (default)
2024-10-01 11:06:49,333 [grpc-default-executor-0] INFO  server.RaftServer (RaftServerProxy.java:addNew(100)) - 89da30bd-cbf9-4a7b-a1ff-1f6963324f22: addNew group-3A08AF1FB2FD:[f24c48c6-4a91-44a4-ae9a-fb063e2dd958|127.0.0.1:15014, 89da30bd-cbf9-4a7b-a1ff-1f6963324f22|127.0.0.1:15023, 3ccd597d-6672-4b12-926e-746f973e87fb|127.0.0.1:15032] returns group-3A08AF1FB2FD:java.util.concurrent.CompletableFuture@b35af59[Not completed]
2024-10-01 11:06:49,333 [89da30bd-cbf9-4a7b-a1ff-1f6963324f22-PipelineCommandHandlerThread-0] INFO  ratis.XceiverServerRatis (XceiverServerRatis.java:addGroup(844)) - Created group PipelineID=7ecf35a0-a845-41c8-a9d0-ebdde0d620ee
2024-10-01 11:06:49,333 [89da30bd-cbf9-4a7b-a1ff-1f6963324f22-PipelineCommandHandlerThread-0] INFO  commandhandler.CreatePipelineCommandHandler (CreatePipelineCommandHandler.java:lambda$handle$2(124)) - Created Pipeline RATIS ONE PipelineID=7ecf35a0-a845-41c8-a9d0-ebdde0d620ee.
2024-10-01 11:06:49,334 [89da30bd-cbf9-4a7b-a1ff-1f6963324f22-PipelineCommandHandlerThread-0] INFO  server.RaftServer (RaftServerProxy.java:addNew(100)) - 89da30bd-cbf9-4a7b-a1ff-1f6963324f22: addNew group-17EC0FEA1F1B:[f24c48c6-4a91-44a4-ae9a-fb063e2dd958|127.0.0.1:15014, 89da30bd-cbf9-4a7b-a1ff-1f6963324f22|127.0.0.1:15023, 3ccd597d-6672-4b12-926e-746f973e87fb|127.0.0.1:15032] returns group-17EC0FEA1F1B:java.util.concurrent.CompletableFuture@2b082a3f[Not completed]
2024-10-01 11:06:49,335 [89da30bd-cbf9-4a7b-a1ff-1f6963324f22-groupManagement] INFO  server.RaftServer$Division (RaftServerImpl.java:<init>(254)) - 89da30bd-cbf9-4a7b-a1ff-1f6963324f22: new RaftServerImpl for group-3A08AF1FB2FD:[f24c48c6-4a91-44a4-ae9a-fb063e2dd958|127.0.0.1:15014, 89da30bd-cbf9-4a7b-a1ff-1f6963324f22|127.0.0.1:15023, 3ccd597d-6672-4b12-926e-746f973e87fb|127.0.0.1:15032] with ContainerStateMachine:uninitialized
2024-10-01 11:06:49,335 [89da30bd-cbf9-4a7b-a1ff-1f6963324f22-groupManagement] INFO  server.RaftServerConfigKeys (ConfUtils.java:logGet(46)) - raft.server.rpc.timeout.min = 5s (custom)
2024-10-01 11:06:49,335 [89da30bd-cbf9-4a7b-a1ff-1f6963324f22-groupManagement] INFO  server.RaftServerConfigKeys (ConfUtils.java:logGet(46)) - raft.server.rpc.timeout.max = 5200ms (custom)
2024-10-01 11:06:49,336 [89da30bd-cbf9-4a7b-a1ff-1f6963324f22-groupManagement] INFO  server.RaftServerConfigKeys (ConfUtils.java:logGet(46)) - raft.server.rpc.sleep.time = 25ms (default)
2024-10-01 11:06:49,336 [89da30bd-cbf9-4a7b-a1ff-1f6963324f22-groupManagement] INFO  server.RaftServerConfigKeys (ConfUtils.java:logGet(46)) - raft.server.rpc.slowness.timeout = 300s (custom)
2024-10-01 11:06:49,336 [89da30bd-cbf9-4a7b-a1ff-1f6963324f22-groupManagement] INFO  server.RaftServerConfigKeys (ConfUtils.java:logGet(46)) - raft.server.leaderelection.leader.step-down.wait-time = 10s (default)
2024-10-01 11:06:49,336 [89da30bd-cbf9-4a7b-a1ff-1f6963324f22-groupManagement] INFO  server.RaftServerConfigKeys (ConfUtils.java:logGet(46)) - raft.server.leaderelection.member.majority-add = false (default)
2024-10-01 11:06:49,336 [89da30bd-cbf9-4a7b-a1ff-1f6963324f22-groupManagement] INFO  server.RaftServerConfigKeys (ConfUtils.java:logGet(46)) - raft.server.sleep.deviation.threshold = 300ms (default)
2024-10-01 11:06:49,337 [89da30bd-cbf9-4a7b-a1ff-1f6963324f22-groupManagement] INFO  server.RaftServer$Division (ServerState.java:<init>(114)) - 89da30bd-cbf9-4a7b-a1ff-1f6963324f22@group-3A08AF1FB2FD: ConfigurationManager, init=conf: {index: -1, cur=peers:[f24c48c6-4a91-44a4-ae9a-fb063e2dd958|127.0.0.1:15014, 89da30bd-cbf9-4a7b-a1ff-1f6963324f22|127.0.0.1:15023, 3ccd597d-6672-4b12-926e-746f973e87fb|127.0.0.1:15032]|listeners:[], old=null}, confs=<EMPTY_MAP>
2024-10-01 11:06:49,337 [89da30bd-cbf9-4a7b-a1ff-1f6963324f22-groupManagement] INFO  server.RaftServerConfigKeys (ConfUtils.java:logGet(46)) - raft.server.notification.no-leader.timeout = 300s (custom)
2024-10-01 11:06:49,337 [89da30bd-cbf9-4a7b-a1ff-1f6963324f22-groupManagement] INFO  server.RaftServerConfigKeys (ConfUtils.java:logGet(46)) - raft.server.read.timeout = 10s (default)
2024-10-01 11:06:49,337 [89da30bd-cbf9-4a7b-a1ff-1f6963324f22-groupManagement] INFO  server.RaftServerConfigKeys (ConfUtils.java:logGet(46)) - raft.server.retrycache.expirytime = 600000ms (custom)
2024-10-01 11:06:49,337 [89da30bd-cbf9-4a7b-a1ff-1f6963324f22-groupManagement] INFO  server.RaftServerConfigKeys (ConfUtils.java:logGet(46)) - raft.server.retrycache.statistics.expirytime = 100ms (default)
2024-10-01 11:06:49,337 [89da30bd-cbf9-4a7b-a1ff-1f6963324f22-groupManagement] INFO  server.RaftServerConfigKeys (ConfUtils.java:logGet(46)) - raft.server.read.option = DEFAULT (default)
2024-10-01 11:06:49,337 [89da30bd-cbf9-4a7b-a1ff-1f6963324f22-groupManagement] INFO  server.RaftServerConfigKeys (ConfUtils.java:logGet(46)) - raft.server.read.read-after-write-consistent.write-index-cache.expiry-time = 60s (default)
2024-10-01 11:06:49,348 [89da30bd-cbf9-4a7b-a1ff-1f6963324f22-groupManagement] INFO  server.RaftServerConfigKeys (ConfUtils.java:logGet(46)) - raft.server.rpc.request.timeout = 60s (custom)
2024-10-01 11:06:49,348 [89da30bd-cbf9-4a7b-a1ff-1f6963324f22-groupManagement] INFO  server.RaftServerConfigKeys (ConfUtils.java:logGet(46)) - raft.server.log.appender.install.snapshot.enabled = false (custom)
2024-10-01 11:06:49,348 [89da30bd-cbf9-4a7b-a1ff-1f6963324f22-groupManagement] INFO  server.RaftServerConfigKeys (ConfUtils.java:logGet(46)) - raft.server.threadpool.server.cached = true (default)
2024-10-01 11:06:49,348 [89da30bd-cbf9-4a7b-a1ff-1f6963324f22-groupManagement] INFO  server.RaftServerConfigKeys (ConfUtils.java:logGet(46)) - raft.server.threadpool.server.size = 0 (default)
2024-10-01 11:06:49,348 [89da30bd-cbf9-4a7b-a1ff-1f6963324f22-groupManagement] INFO  server.RaftServerConfigKeys (ConfUtils.java:logGet(46)) - raft.server.threadpool.client.cached = true (default)
2024-10-01 11:06:49,348 [89da30bd-cbf9-4a7b-a1ff-1f6963324f22-groupManagement] INFO  server.RaftServerConfigKeys (ConfUtils.java:logGet(46)) - raft.server.threadpool.client.size = 0 (default)
2024-10-01 11:06:49,350 [89da30bd-cbf9-4a7b-a1ff-1f6963324f22-groupManagement] INFO  server.RaftServer$Division (RaftServerImpl.java:<init>(254)) - 89da30bd-cbf9-4a7b-a1ff-1f6963324f22: new RaftServerImpl for group-17EC0FEA1F1B:[f24c48c6-4a91-44a4-ae9a-fb063e2dd958|127.0.0.1:15014, 89da30bd-cbf9-4a7b-a1ff-1f6963324f22|127.0.0.1:15023, 3ccd597d-6672-4b12-926e-746f973e87fb|127.0.0.1:15032] with ContainerStateMachine:uninitialized
2024-10-01 11:06:49,350 [89da30bd-cbf9-4a7b-a1ff-1f6963324f22-groupManagement] INFO  server.RaftServerConfigKeys (ConfUtils.java:logGet(46)) - raft.server.rpc.timeout.min = 5s (custom)
2024-10-01 11:06:49,350 [89da30bd-cbf9-4a7b-a1ff-1f6963324f22-groupManagement] INFO  server.RaftServerConfigKeys (ConfUtils.java:logGet(46)) - raft.server.rpc.timeout.max = 5200ms (custom)
2024-10-01 11:06:49,350 [89da30bd-cbf9-4a7b-a1ff-1f6963324f22-groupManagement] INFO  server.RaftServerConfigKeys (ConfUtils.java:logGet(46)) - raft.server.rpc.sleep.time = 25ms (default)
2024-10-01 11:06:49,350 [89da30bd-cbf9-4a7b-a1ff-1f6963324f22-groupManagement] INFO  server.RaftServerConfigKeys (ConfUtils.java:logGet(46)) - raft.server.rpc.slowness.timeout = 300s (custom)
2024-10-01 11:06:49,350 [89da30bd-cbf9-4a7b-a1ff-1f6963324f22-groupManagement] INFO  server.RaftServerConfigKeys (ConfUtils.java:logGet(46)) - raft.server.leaderelection.leader.step-down.wait-time = 10s (default)
2024-10-01 11:06:49,350 [89da30bd-cbf9-4a7b-a1ff-1f6963324f22-groupManagement] INFO  server.RaftServerConfigKeys (ConfUtils.java:logGet(46)) - raft.server.leaderelection.member.majority-add = false (default)
2024-10-01 11:06:49,350 [89da30bd-cbf9-4a7b-a1ff-1f6963324f22-groupManagement] INFO  server.RaftServerConfigKeys (ConfUtils.java:logGet(46)) - raft.server.sleep.deviation.threshold = 300ms (default)
2024-10-01 11:06:49,350 [89da30bd-cbf9-4a7b-a1ff-1f6963324f22-groupManagement] INFO  server.RaftServer$Division (ServerState.java:<init>(114)) - 89da30bd-cbf9-4a7b-a1ff-1f6963324f22@group-17EC0FEA1F1B: ConfigurationManager, init=conf: {index: -1, cur=peers:[f24c48c6-4a91-44a4-ae9a-fb063e2dd958|127.0.0.1:15014, 89da30bd-cbf9-4a7b-a1ff-1f6963324f22|127.0.0.1:15023, 3ccd597d-6672-4b12-926e-746f973e87fb|127.0.0.1:15032]|listeners:[], old=null}, confs=<EMPTY_MAP>
2024-10-01 11:06:49,351 [89da30bd-cbf9-4a7b-a1ff-1f6963324f22-groupManagement] INFO  server.RaftServerConfigKeys (ConfUtils.java:logGet(46)) - raft.server.notification.no-leader.timeout = 300s (custom)
2024-10-01 11:06:49,351 [89da30bd-cbf9-4a7b-a1ff-1f6963324f22-groupManagement] INFO  server.RaftServerConfigKeys (ConfUtils.java:logGet(46)) - raft.server.read.timeout = 10s (default)
2024-10-01 11:06:49,351 [89da30bd-cbf9-4a7b-a1ff-1f6963324f22-groupManagement] INFO  server.RaftServerConfigKeys (ConfUtils.java:logGet(46)) - raft.server.retrycache.expirytime = 600000ms (custom)
2024-10-01 11:06:49,351 [89da30bd-cbf9-4a7b-a1ff-1f6963324f22-groupManagement] INFO  server.RaftServerConfigKeys (ConfUtils.java:logGet(46)) - raft.server.retrycache.statistics.expirytime = 100ms (default)
2024-10-01 11:06:49,351 [89da30bd-cbf9-4a7b-a1ff-1f6963324f22-groupManagement] INFO  server.RaftServerConfigKeys (ConfUtils.java:logGet(46)) - raft.server.read.option = DEFAULT (default)
2024-10-01 11:06:49,351 [89da30bd-cbf9-4a7b-a1ff-1f6963324f22-groupManagement] INFO  server.RaftServerConfigKeys (ConfUtils.java:logGet(46)) - raft.server.read.read-after-write-consistent.write-index-cache.expiry-time = 60s (default)
2024-10-01 11:06:49,355 [89da30bd-cbf9-4a7b-a1ff-1f6963324f22-groupManagement] INFO  server.RaftServerConfigKeys (ConfUtils.java:logGet(46)) - raft.server.rpc.request.timeout = 60s (custom)
2024-10-01 11:06:49,356 [89da30bd-cbf9-4a7b-a1ff-1f6963324f22-groupManagement] INFO  server.RaftServerConfigKeys (ConfUtils.java:logGet(46)) - raft.server.log.appender.install.snapshot.enabled = false (custom)
2024-10-01 11:06:49,356 [89da30bd-cbf9-4a7b-a1ff-1f6963324f22-groupManagement] INFO  server.RaftServerConfigKeys (ConfUtils.java:logGet(46)) - raft.server.threadpool.server.cached = true (default)
2024-10-01 11:06:49,356 [89da30bd-cbf9-4a7b-a1ff-1f6963324f22-groupManagement] INFO  server.RaftServerConfigKeys (ConfUtils.java:logGet(46)) - raft.server.threadpool.server.size = 0 (default)
2024-10-01 11:06:49,356 [89da30bd-cbf9-4a7b-a1ff-1f6963324f22-groupManagement] INFO  server.RaftServerConfigKeys (ConfUtils.java:logGet(46)) - raft.server.threadpool.client.cached = true (default)
2024-10-01 11:06:49,356 [89da30bd-cbf9-4a7b-a1ff-1f6963324f22-groupManagement] INFO  server.RaftServerConfigKeys (ConfUtils.java:logGet(46)) - raft.server.threadpool.client.size = 0 (default)
2024-10-01 11:06:49,356 [89da30bd-cbf9-4a7b-a1ff-1f6963324f22-groupManagement] INFO  server.RaftServerConfigKeys (ConfUtils.java:logGet(46)) - raft.server.storage.free-space.min = 0MB (=0) (default)
2024-10-01 11:06:49,356 [89da30bd-cbf9-4a7b-a1ff-1f6963324f22-groupManagement] INFO  server.RaftServerConfigKeys (ConfUtils.java:logGet(46)) - raft.server.log.corruption.policy = EXCEPTION (default)
2024-10-01 11:06:49,356 [89da30bd-cbf9-4a7b-a1ff-1f6963324f22-groupManagement] INFO  server.RaftServerConfigKeys (ConfUtils.java:logGet(46)) - raft.server.storage.dir = [/home/runner/work/ozone/ozone/hadoop-ozone/integration-test/target/test-dir/MiniOzoneClusterImpl-6f218983-f2ca-45a9-b903-464e6faef46a/ozone-meta/datanode-2/ratis] (custom)
2024-10-01 11:06:49,356 [89da30bd-cbf9-4a7b-a1ff-1f6963324f22-groupManagement] INFO  storage.RaftStorageDirectory (RaftStorageDirectoryImpl.java:analyzeStorage(138)) - The storage directory /home/runner/work/ozone/ozone/hadoop-ozone/integration-test/target/test-dir/MiniOzoneClusterImpl-6f218983-f2ca-45a9-b903-464e6faef46a/ozone-meta/datanode-2/ratis/16f3ef61-503c-4aae-b50e-3a08af1fb2fd does not exist. Creating ...
2024-10-01 11:06:49,358 [89da30bd-cbf9-4a7b-a1ff-1f6963324f22-groupManagement] INFO  storage.RaftStorageDirectory (RaftStorageDirectoryImpl.java:tryLock(229)) - Lock on /home/runner/work/ozone/ozone/hadoop-ozone/integration-test/target/test-dir/MiniOzoneClusterImpl-6f218983-f2ca-45a9-b903-464e6faef46a/ozone-meta/datanode-2/ratis/16f3ef61-503c-4aae-b50e-3a08af1fb2fd/in_use.lock acquired by nodename 95224@fv-az1244-121
2024-10-01 11:06:49,359 [89da30bd-cbf9-4a7b-a1ff-1f6963324f22-groupManagement] INFO  storage.RaftStorage (RaftStorageImpl.java:format(98)) - Storage directory /home/runner/work/ozone/ozone/hadoop-ozone/integration-test/target/test-dir/MiniOzoneClusterImpl-6f218983-f2ca-45a9-b903-464e6faef46a/ozone-meta/datanode-2/ratis/16f3ef61-503c-4aae-b50e-3a08af1fb2fd has been successfully formatted.
2024-10-01 11:06:49,359 [89da30bd-cbf9-4a7b-a1ff-1f6963324f22-groupManagement] INFO  ratis.ContainerStateMachine (ContainerStateMachine.java:loadSnapshot(296)) - group-3A08AF1FB2FD: The snapshot info is null. Setting the last applied index to:(t:0, i:~)
2024-10-01 11:06:49,359 [89da30bd-cbf9-4a7b-a1ff-1f6963324f22-groupManagement] INFO  server.RaftServerConfigKeys (ConfUtils.java:logGet(46)) - raft.server.log.use.memory = false (default)
2024-10-01 11:06:49,361 [EventQueue-OpenPipelineForHealthyPipelineSafeModeRule] INFO  safemode.SCMSafeModeManager (HealthyPipelineSafeModeRule.java:process(140)) - SCM in safe mode. Healthy pipelines reported count is 0, required healthy pipeline reported count is 1
2024-10-01 11:06:49,361 [Recon-EventQueue-PipelineReportForReconPipelineReportHandler] INFO  scm.ReconPipelineReportHandler (ReconPipelineReportHandler.java:processPipelineReport(104)) - Pipeline RATIS/THREE PipelineID=16f3ef61-503c-4aae-b50e-3a08af1fb2fd reported by 89da30bd-cbf9-4a7b-a1ff-1f6963324f22(localhost/127.0.0.1)
2024-10-01 11:06:49,362 [Recon-EventQueue-PipelineReportForReconPipelineReportHandler] INFO  scm.ReconPipelineReportHandler (ReconPipelineReportHandler.java:processPipelineReport(68)) - Unknown pipeline PipelineID=fd3170f9-6634-4783-93b5-17ec0fea1f1b. Trying to get from SCM.
2024-10-01 11:06:49,363 [89da30bd-cbf9-4a7b-a1ff-1f6963324f22-groupManagement] INFO  server.RaftServerConfigKeys (ConfUtils.java:logGet(46)) - raft.server.log.purge.gap = 1000000 (custom)
2024-10-01 11:06:49,363 [89da30bd-cbf9-4a7b-a1ff-1f6963324f22-groupManagement] INFO  server.RaftServerConfigKeys (ConfUtils.java:logGet(46)) - raft.server.log.appender.buffer.byte-limit = 33554432 (custom)
2024-10-01 11:06:49,363 [89da30bd-cbf9-4a7b-a1ff-1f6963324f22-groupManagement] INFO  server.RaftServerConfigKeys (ConfUtils.java:logGet(46)) - raft.server.log.statemachine.data.read.timeout = 1000ms (default)
2024-10-01 11:06:49,363 [89da30bd-cbf9-4a7b-a1ff-1f6963324f22-groupManagement] INFO  server.RaftServerConfigKeys (ConfUtils.java:logGet(46)) - raft.server.log.purge.preservation.log.num = 0 (default)
2024-10-01 11:06:49,365 [Recon-EventQueue-PipelineReportForReconPipelineReportHandler] INFO  scm.ReconPipelineReportHandler (ReconPipelineReportHandler.java:processPipelineReport(87)) - Pipeline Pipeline[ Id: fd3170f9-6634-4783-93b5-17ec0fea1f1b, Nodes: 3ccd597d-6672-4b12-926e-746f973e87fb(localhost/127.0.0.1) ReplicaIndex: 089da30bd-cbf9-4a7b-a1ff-1f6963324f22(localhost/127.0.0.1) ReplicaIndex: 0f24c48c6-4a91-44a4-ae9a-fb063e2dd958(localhost/127.0.0.1) ReplicaIndex: 0, ReplicationConfig: RATIS/THREE, State:ALLOCATED, leaderId:, CreationTimestamp2024-10-01T11:06:46.538Z[Etc/UTC]] verified from SCM and added to Recon pipeline metadata.
2024-10-01 11:06:49,365 [Recon-EventQueue-PipelineReportForReconPipelineReportHandler] INFO  scm.ReconPipelineReportHandler (ReconPipelineReportHandler.java:processPipelineReport(104)) - Pipeline RATIS/THREE PipelineID=fd3170f9-6634-4783-93b5-17ec0fea1f1b reported by 89da30bd-cbf9-4a7b-a1ff-1f6963324f22(localhost/127.0.0.1)
2024-10-01 11:06:49,367 [89da30bd-cbf9-4a7b-a1ff-1f6963324f22-groupManagement] INFO  server.RaftServerConfigKeys (ConfUtils.java:logGet(46)) - raft.server.log.segment.size.max = 67108864 (custom)
2024-10-01 11:06:49,367 [89da30bd-cbf9-4a7b-a1ff-1f6963324f22-groupManagement] INFO  server.RaftServerConfigKeys (ConfUtils.java:logGet(46)) - raft.server.log.segment.cache.num.max = 2 (custom)
2024-10-01 11:06:49,367 [89da30bd-cbf9-4a7b-a1ff-1f6963324f22-groupManagement] INFO  server.RaftServerConfigKeys (ConfUtils.java:logGet(46)) - raft.server.log.segment.cache.size.max = 200MB (=209715200) (default)
2024-10-01 11:06:49,368 [89da30bd-cbf9-4a7b-a1ff-1f6963324f22-groupManagement] INFO  server.RaftServerConfigKeys (ConfUtils.java:logGet(46)) - raft.server.log.appender.buffer.byte-limit = 33554432 (custom)
2024-10-01 11:06:49,368 [89da30bd-cbf9-4a7b-a1ff-1f6963324f22-groupManagement] INFO  util.AwaitToRun (AwaitToRun.java:start(81)) - Thread[89da30bd-cbf9-4a7b-a1ff-1f6963324f22@group-3A08AF1FB2FD-cacheEviction-AwaitToRun,5,main] started
2024-10-01 11:06:49,368 [89da30bd-cbf9-4a7b-a1ff-1f6963324f22-groupManagement] INFO  segmented.SegmentedRaftLogWorker (SegmentedRaftLogWorker.java:<init>(187)) - new 89da30bd-cbf9-4a7b-a1ff-1f6963324f22@group-3A08AF1FB2FD-SegmentedRaftLogWorker for RaftStorageImpl:Storage Directory /home/runner/work/ozone/ozone/hadoop-ozone/integration-test/target/test-dir/MiniOzoneClusterImpl-6f218983-f2ca-45a9-b903-464e6faef46a/ozone-meta/datanode-2/ratis/16f3ef61-503c-4aae-b50e-3a08af1fb2fd
2024-10-01 11:06:49,368 [89da30bd-cbf9-4a7b-a1ff-1f6963324f22-groupManagement] INFO  server.RaftServerConfigKeys (ConfUtils.java:logGet(46)) - raft.server.log.queue.byte-limit = 4294967296 (custom)
2024-10-01 11:06:49,368 [89da30bd-cbf9-4a7b-a1ff-1f6963324f22-groupManagement] INFO  server.RaftServerConfigKeys (ConfUtils.java:logGet(46)) - raft.server.log.queue.element-limit = 1024 (custom)
2024-10-01 11:06:49,368 [89da30bd-cbf9-4a7b-a1ff-1f6963324f22-groupManagement] INFO  server.RaftServerConfigKeys (ConfUtils.java:logGet(46)) - raft.server.log.segment.size.max = 67108864 (custom)
2024-10-01 11:06:49,368 [89da30bd-cbf9-4a7b-a1ff-1f6963324f22-groupManagement] INFO  server.RaftServerConfigKeys (ConfUtils.java:logGet(46)) - raft.server.log.preallocated.size = 4194304 (custom)
2024-10-01 11:06:49,368 [89da30bd-cbf9-4a7b-a1ff-1f6963324f22-groupManagement] INFO  server.RaftServerConfigKeys (ConfUtils.java:logGet(46)) - raft.server.log.force.sync.num = 128 (default)
2024-10-01 11:06:49,368 [89da30bd-cbf9-4a7b-a1ff-1f6963324f22-groupManagement] INFO  server.RaftServerConfigKeys (ConfUtils.java:logGet(46)) - raft.server.log.statemachine.data.sync = true (default)
2024-10-01 11:06:49,369 [89da30bd-cbf9-4a7b-a1ff-1f6963324f22-groupManagement] INFO  server.RaftServerConfigKeys (ConfUtils.java:logGet(46)) - raft.server.log.statemachine.data.sync.timeout = 10s (default)
2024-10-01 11:06:49,369 [89da30bd-cbf9-4a7b-a1ff-1f6963324f22-groupManagement] INFO  server.RaftServerConfigKeys (ConfUtils.java:logGet(46)) - raft.server.log.statemachine.data.sync.timeout.retry = 30 (custom)
2024-10-01 11:06:49,369 [89da30bd-cbf9-4a7b-a1ff-1f6963324f22-groupManagement] INFO  server.RaftServerConfigKeys (ConfUtils.java:logGet(46)) - raft.server.log.write.buffer.size = 33554440 (custom)
2024-10-01 11:06:49,375 [89da30bd-cbf9-4a7b-a1ff-1f6963324f22-groupManagement] INFO  server.RaftServerConfigKeys (ConfUtils.java:logGet(46)) - raft.server.log.appender.buffer.byte-limit = 33554432 (custom)
2024-10-01 11:06:49,375 [89da30bd-cbf9-4a7b-a1ff-1f6963324f22-groupManagement] INFO  server.RaftServerConfigKeys (ConfUtils.java:logGet(46)) - raft.server.log.unsafe-flush.enabled = false (default)
2024-10-01 11:06:49,375 [89da30bd-cbf9-4a7b-a1ff-1f6963324f22-groupManagement] INFO  server.RaftServerConfigKeys (ConfUtils.java:logGet(46)) - raft.server.log.async-flush.enabled = false (default)
2024-10-01 11:06:49,376 [89da30bd-cbf9-4a7b-a1ff-1f6963324f22-groupManagement] INFO  server.RaftServerConfigKeys (ConfUtils.java:logGet(46)) - raft.server.log.statemachine.data.caching.enabled = true (custom)
2024-10-01 11:06:49,376 [89da30bd-cbf9-4a7b-a1ff-1f6963324f22-groupManagement] INFO  segmented.SegmentedRaftLogWorker (SegmentedRaftLogWorker.java:lambda$new$0(138)) - 89da30bd-cbf9-4a7b-a1ff-1f6963324f22@group-3A08AF1FB2FD-SegmentedRaftLogWorker: flushIndex: setUnconditionally 0 -> -1
2024-10-01 11:06:49,376 [89da30bd-cbf9-4a7b-a1ff-1f6963324f22-groupManagement] INFO  segmented.SegmentedRaftLogWorker (SegmentedRaftLogWorker.java:lambda$new$0(138)) - 89da30bd-cbf9-4a7b-a1ff-1f6963324f22@group-3A08AF1FB2FD-SegmentedRaftLogWorker: safeCacheEvictIndex: setUnconditionally 0 -> -1
2024-10-01 11:06:49,385 [89da30bd-cbf9-4a7b-a1ff-1f6963324f22-groupManagement] INFO  server.RaftServer$Division (RaftServerImpl.java:start(390)) - 89da30bd-cbf9-4a7b-a1ff-1f6963324f22@group-3A08AF1FB2FD: start as a follower, conf=conf: {index: -1, cur=peers:[f24c48c6-4a91-44a4-ae9a-fb063e2dd958|127.0.0.1:15014, 89da30bd-cbf9-4a7b-a1ff-1f6963324f22|127.0.0.1:15023, 3ccd597d-6672-4b12-926e-746f973e87fb|127.0.0.1:15032]|listeners:[], old=null}
2024-10-01 11:06:49,385 [89da30bd-cbf9-4a7b-a1ff-1f6963324f22-groupManagement] INFO  server.RaftServer$Division (RaftServerImpl.java:setRole(377)) - 89da30bd-cbf9-4a7b-a1ff-1f6963324f22@group-3A08AF1FB2FD: changes role from      null to FOLLOWER at term 0 for startAsFollower
2024-10-01 11:06:49,385 [89da30bd-cbf9-4a7b-a1ff-1f6963324f22-groupManagement] INFO  impl.RoleInfo (RoleInfo.java:updateAndGet(148)) - 89da30bd-cbf9-4a7b-a1ff-1f6963324f22: start 89da30bd-cbf9-4a7b-a1ff-1f6963324f22@group-3A08AF1FB2FD-FollowerState
2024-10-01 11:06:49,387 [89da30bd-cbf9-4a7b-a1ff-1f6963324f22-groupManagement] INFO  util.JmxRegister (JmxRegister.java:tryRegister(44)) - Successfully registered JMX Bean with object name Ratis:service=RaftServer,group=group-3A08AF1FB2FD,id=89da30bd-cbf9-4a7b-a1ff-1f6963324f22
2024-10-01 11:06:49,387 [89da30bd-cbf9-4a7b-a1ff-1f6963324f22-groupManagement] INFO  util.JmxRegister (JmxRegister.java:register(58)) - register mxBean class org.apache.ratis.server.impl.RaftServerJmxAdapter as Ratis:service=RaftServer,group=group-3A08AF1FB2FD,id=89da30bd-cbf9-4a7b-a1ff-1f6963324f22
2024-10-01 11:06:49,387 [89da30bd-cbf9-4a7b-a1ff-1f6963324f22-groupManagement] INFO  server.RaftServerConfigKeys (ConfUtils.java:logGet(46)) - raft.server.snapshot.trigger-when-stop.enabled = true (default)
2024-10-01 11:06:49,388 [89da30bd-cbf9-4a7b-a1ff-1f6963324f22-groupManagement] INFO  server.RaftServerConfigKeys (ConfUtils.java:logGet(46)) - raft.server.snapshot.trigger-when-remove.enabled = true (default)
2024-10-01 11:06:49,388 [89da30bd-cbf9-4a7b-a1ff-1f6963324f22-groupManagement] INFO  server.RaftServerConfigKeys (ConfUtils.java:logGet(46)) - raft.server.snapshot.auto.trigger.enabled = true (custom)
2024-10-01 11:06:49,388 [89da30bd-cbf9-4a7b-a1ff-1f6963324f22-groupManagement] INFO  server.RaftServerConfigKeys (ConfUtils.java:logGet(46)) - raft.server.snapshot.auto.trigger.threshold = 10000 (custom)
2024-10-01 11:06:49,389 [89da30bd-cbf9-4a7b-a1ff-1f6963324f22-groupManagement] INFO  server.RaftServerConfigKeys (ConfUtils.java:logGet(46)) - raft.server.snapshot.retention.file.num = 5 (custom)
2024-10-01 11:06:49,389 [89da30bd-cbf9-4a7b-a1ff-1f6963324f22-groupManagement] INFO  server.RaftServerConfigKeys (ConfUtils.java:logGet(46)) - raft.server.log.purge.upto.snapshot.index = false (default)
2024-10-01 11:06:49,389 [89da30bd-cbf9-4a7b-a1ff-1f6963324f22@group-3A08AF1FB2FD-FollowerState] INFO  server.RaftServerConfigKeys (ConfUtils.java:logFallback(53)) - raft.server.rpc.first-election.timeout.min = 5s (fallback to raft.server.rpc.timeout.min)
2024-10-01 11:06:49,390 [89da30bd-cbf9-4a7b-a1ff-1f6963324f22@group-3A08AF1FB2FD-FollowerState] INFO  server.RaftServerConfigKeys (ConfUtils.java:logFallback(53)) - raft.server.rpc.first-election.timeout.max = 5200ms (fallback to raft.server.rpc.timeout.max)
2024-10-01 11:06:49,393 [89da30bd-cbf9-4a7b-a1ff-1f6963324f22-groupManagement] INFO  server.RaftServerConfigKeys (ConfUtils.java:logGet(46)) - raft.server.storage.free-space.min = 0MB (=0) (default)
2024-10-01 11:06:49,393 [89da30bd-cbf9-4a7b-a1ff-1f6963324f22-groupManagement] INFO  server.RaftServerConfigKeys (ConfUtils.java:logGet(46)) - raft.server.log.corruption.policy = EXCEPTION (default)
2024-10-01 11:06:49,393 [89da30bd-cbf9-4a7b-a1ff-1f6963324f22-groupManagement] INFO  server.RaftServerConfigKeys (ConfUtils.java:logGet(46)) - raft.server.storage.dir = [/home/runner/work/ozone/ozone/hadoop-ozone/integration-test/target/test-dir/MiniOzoneClusterImpl-6f218983-f2ca-45a9-b903-464e6faef46a/ozone-meta/datanode-2/ratis] (custom)
2024-10-01 11:06:49,393 [89da30bd-cbf9-4a7b-a1ff-1f6963324f22-groupManagement] INFO  storage.RaftStorageDirectory (RaftStorageDirectoryImpl.java:analyzeStorage(138)) - The storage directory /home/runner/work/ozone/ozone/hadoop-ozone/integration-test/target/test-dir/MiniOzoneClusterImpl-6f218983-f2ca-45a9-b903-464e6faef46a/ozone-meta/datanode-2/ratis/fd3170f9-6634-4783-93b5-17ec0fea1f1b does not exist. Creating ...
2024-10-01 11:06:49,396 [89da30bd-cbf9-4a7b-a1ff-1f6963324f22-groupManagement] INFO  storage.RaftStorageDirectory (RaftStorageDirectoryImpl.java:tryLock(229)) - Lock on /home/runner/work/ozone/ozone/hadoop-ozone/integration-test/target/test-dir/MiniOzoneClusterImpl-6f218983-f2ca-45a9-b903-464e6faef46a/ozone-meta/datanode-2/ratis/fd3170f9-6634-4783-93b5-17ec0fea1f1b/in_use.lock acquired by nodename 95224@fv-az1244-121
2024-10-01 11:06:49,399 [f24c48c6-4a91-44a4-ae9a-fb063e2dd958-PipelineCommandHandlerThread-0] INFO  commandhandler.CreatePipelineCommandHandler (CreatePipelineCommandHandler.java:lambda$handle$2(124)) - Created Pipeline RATIS THREE PipelineID=16f3ef61-503c-4aae-b50e-3a08af1fb2fd.
2024-10-01 11:06:49,399 [f24c48c6-4a91-44a4-ae9a-fb063e2dd958-PipelineCommandHandlerThread-0] INFO  server.RaftServer (RaftServerProxy.java:addNew(100)) - f24c48c6-4a91-44a4-ae9a-fb063e2dd958: addNew group-17EC0FEA1F1B:[f24c48c6-4a91-44a4-ae9a-fb063e2dd958|127.0.0.1:15014, 89da30bd-cbf9-4a7b-a1ff-1f6963324f22|127.0.0.1:15023, 3ccd597d-6672-4b12-926e-746f973e87fb|127.0.0.1:15032] returns group-17EC0FEA1F1B:java.util.concurrent.CompletableFuture@5b445e93[Not completed]
2024-10-01 11:06:49,400 [89da30bd-cbf9-4a7b-a1ff-1f6963324f22-groupManagement] INFO  storage.RaftStorage (RaftStorageImpl.java:format(98)) - Storage directory /home/runner/work/ozone/ozone/hadoop-ozone/integration-test/target/test-dir/MiniOzoneClusterImpl-6f218983-f2ca-45a9-b903-464e6faef46a/ozone-meta/datanode-2/ratis/fd3170f9-6634-4783-93b5-17ec0fea1f1b has been successfully formatted.
2024-10-01 11:06:49,401 [89da30bd-cbf9-4a7b-a1ff-1f6963324f22-groupManagement] INFO  ratis.ContainerStateMachine (ContainerStateMachine.java:loadSnapshot(296)) - group-17EC0FEA1F1B: The snapshot info is null. Setting the last applied index to:(t:0, i:~)
2024-10-01 11:06:49,403 [EventQueue-OpenPipelineForHealthyPipelineSafeModeRule] INFO  safemode.SCMSafeModeManager (HealthyPipelineSafeModeRule.java:process(140)) - SCM in safe mode. Healthy pipelines reported count is 0, required healthy pipeline reported count is 1
2024-10-01 11:06:49,402 [Recon-EventQueue-PipelineReportForReconPipelineReportHandler] INFO  scm.ReconPipelineReportHandler (ReconPipelineReportHandler.java:processPipelineReport(104)) - Pipeline RATIS/THREE PipelineID=16f3ef61-503c-4aae-b50e-3a08af1fb2fd reported by 89da30bd-cbf9-4a7b-a1ff-1f6963324f22(localhost/127.0.0.1)
2024-10-01 11:06:49,407 [Recon-EventQueue-PipelineReportForReconPipelineReportHandler] INFO  scm.ReconPipelineReportHandler (ReconPipelineReportHandler.java:processPipelineReport(104)) - Pipeline RATIS/THREE PipelineID=fd3170f9-6634-4783-93b5-17ec0fea1f1b reported by 89da30bd-cbf9-4a7b-a1ff-1f6963324f22(localhost/127.0.0.1)
2024-10-01 11:06:49,401 [f24c48c6-4a91-44a4-ae9a-fb063e2dd958-groupManagement] INFO  server.RaftServer$Division (RaftServerImpl.java:<init>(254)) - f24c48c6-4a91-44a4-ae9a-fb063e2dd958: new RaftServerImpl for group-17EC0FEA1F1B:[f24c48c6-4a91-44a4-ae9a-fb063e2dd958|127.0.0.1:15014, 89da30bd-cbf9-4a7b-a1ff-1f6963324f22|127.0.0.1:15023, 3ccd597d-6672-4b12-926e-746f973e87fb|127.0.0.1:15032] with ContainerStateMachine:uninitialized
2024-10-01 11:06:49,407 [f24c48c6-4a91-44a4-ae9a-fb063e2dd958-groupManagement] INFO  server.RaftServerConfigKeys (ConfUtils.java:logGet(46)) - raft.server.rpc.timeout.min = 5s (custom)
2024-10-01 11:06:49,407 [f24c48c6-4a91-44a4-ae9a-fb063e2dd958-groupManagement] INFO  server.RaftServerConfigKeys (ConfUtils.java:logGet(46)) - raft.server.rpc.timeout.max = 5200ms (custom)
2024-10-01 11:06:49,407 [f24c48c6-4a91-44a4-ae9a-fb063e2dd958-groupManagement] INFO  server.RaftServerConfigKeys (ConfUtils.java:logGet(46)) - raft.server.rpc.sleep.time = 25ms (default)
2024-10-01 11:06:49,407 [f24c48c6-4a91-44a4-ae9a-fb063e2dd958-groupManagement] INFO  server.RaftServerConfigKeys (ConfUtils.java:logGet(46)) - raft.server.rpc.slowness.timeout = 300s (custom)
2024-10-01 11:06:49,407 [f24c48c6-4a91-44a4-ae9a-fb063e2dd958-groupManagement] INFO  server.RaftServerConfigKeys (ConfUtils.java:logGet(46)) - raft.server.leaderelection.leader.step-down.wait-time = 10s (default)
2024-10-01 11:06:49,408 [f24c48c6-4a91-44a4-ae9a-fb063e2dd958-groupManagement] INFO  server.RaftServerConfigKeys (ConfUtils.java:logGet(46)) - raft.server.leaderelection.member.majority-add = false (default)
2024-10-01 11:06:49,408 [f24c48c6-4a91-44a4-ae9a-fb063e2dd958-groupManagement] INFO  server.RaftServerConfigKeys (ConfUtils.java:logGet(46)) - raft.server.sleep.deviation.threshold = 300ms (default)
2024-10-01 11:06:49,408 [f24c48c6-4a91-44a4-ae9a-fb063e2dd958-groupManagement] INFO  server.RaftServer$Division (ServerState.java:<init>(114)) - f24c48c6-4a91-44a4-ae9a-fb063e2dd958@group-17EC0FEA1F1B: ConfigurationManager, init=conf: {index: -1, cur=peers:[f24c48c6-4a91-44a4-ae9a-fb063e2dd958|127.0.0.1:15014, 89da30bd-cbf9-4a7b-a1ff-1f6963324f22|127.0.0.1:15023, 3ccd597d-6672-4b12-926e-746f973e87fb|127.0.0.1:15032]|listeners:[], old=null}, confs=<EMPTY_MAP>
2024-10-01 11:06:49,408 [f24c48c6-4a91-44a4-ae9a-fb063e2dd958-groupManagement] INFO  server.RaftServerConfigKeys (ConfUtils.java:logGet(46)) - raft.server.notification.no-leader.timeout = 300s (custom)
2024-10-01 11:06:49,408 [f24c48c6-4a91-44a4-ae9a-fb063e2dd958-groupManagement] INFO  server.RaftServerConfigKeys (ConfUtils.java:logGet(46)) - raft.server.read.timeout = 10s (default)
2024-10-01 11:06:49,408 [f24c48c6-4a91-44a4-ae9a-fb063e2dd958-groupManagement] INFO  server.RaftServerConfigKeys (ConfUtils.java:logGet(46)) - raft.server.retrycache.expirytime = 600000ms (custom)
2024-10-01 11:06:49,408 [f24c48c6-4a91-44a4-ae9a-fb063e2dd958-groupManagement] INFO  server.RaftServerConfigKeys (ConfUtils.java:logGet(46)) - raft.server.retrycache.statistics.expirytime = 100ms (default)
2024-10-01 11:06:49,408 [f24c48c6-4a91-44a4-ae9a-fb063e2dd958-groupManagement] INFO  server.RaftServerConfigKeys (ConfUtils.java:logGet(46)) - raft.server.read.option = DEFAULT (default)
2024-10-01 11:06:49,408 [f24c48c6-4a91-44a4-ae9a-fb063e2dd958-groupManagement] INFO  server.RaftServerConfigKeys (ConfUtils.java:logGet(46)) - raft.server.read.read-after-write-consistent.write-index-cache.expiry-time = 60s (default)
2024-10-01 11:06:49,412 [f24c48c6-4a91-44a4-ae9a-fb063e2dd958-groupManagement] INFO  server.RaftServerConfigKeys (ConfUtils.java:logGet(46)) - raft.server.rpc.request.timeout = 60s (custom)
2024-10-01 11:06:49,412 [f24c48c6-4a91-44a4-ae9a-fb063e2dd958-groupManagement] INFO  server.RaftServerConfigKeys (ConfUtils.java:logGet(46)) - raft.server.log.appender.install.snapshot.enabled = false (custom)
2024-10-01 11:06:49,412 [f24c48c6-4a91-44a4-ae9a-fb063e2dd958-groupManagement] INFO  server.RaftServerConfigKeys (ConfUtils.java:logGet(46)) - raft.server.threadpool.server.cached = true (default)
2024-10-01 11:06:49,412 [f24c48c6-4a91-44a4-ae9a-fb063e2dd958-groupManagement] INFO  server.RaftServerConfigKeys (ConfUtils.java:logGet(46)) - raft.server.threadpool.server.size = 0 (default)
2024-10-01 11:06:49,412 [f24c48c6-4a91-44a4-ae9a-fb063e2dd958-groupManagement] INFO  server.RaftServerConfigKeys (ConfUtils.java:logGet(46)) - raft.server.threadpool.client.cached = true (default)
2024-10-01 11:06:49,412 [f24c48c6-4a91-44a4-ae9a-fb063e2dd958-groupManagement] INFO  server.RaftServerConfigKeys (ConfUtils.java:logGet(46)) - raft.server.threadpool.client.size = 0 (default)
2024-10-01 11:06:49,412 [f24c48c6-4a91-44a4-ae9a-fb063e2dd958-groupManagement] INFO  server.RaftServerConfigKeys (ConfUtils.java:logGet(46)) - raft.server.storage.free-space.min = 0MB (=0) (default)
2024-10-01 11:06:49,412 [f24c48c6-4a91-44a4-ae9a-fb063e2dd958-groupManagement] INFO  server.RaftServerConfigKeys (ConfUtils.java:logGet(46)) - raft.server.log.corruption.policy = EXCEPTION (default)
2024-10-01 11:06:49,412 [f24c48c6-4a91-44a4-ae9a-fb063e2dd958-groupManagement] INFO  server.RaftServerConfigKeys (ConfUtils.java:logGet(46)) - raft.server.storage.dir = [/home/runner/work/ozone/ozone/hadoop-ozone/integration-test/target/test-dir/MiniOzoneClusterImpl-6f218983-f2ca-45a9-b903-464e6faef46a/ozone-meta/datanode-1/ratis] (custom)
2024-10-01 11:06:49,413 [f24c48c6-4a91-44a4-ae9a-fb063e2dd958-groupManagement] INFO  storage.RaftStorageDirectory (RaftStorageDirectoryImpl.java:analyzeStorage(138)) - The storage directory /home/runner/work/ozone/ozone/hadoop-ozone/integration-test/target/test-dir/MiniOzoneClusterImpl-6f218983-f2ca-45a9-b903-464e6faef46a/ozone-meta/datanode-1/ratis/fd3170f9-6634-4783-93b5-17ec0fea1f1b does not exist. Creating ...
2024-10-01 11:06:49,414 [89da30bd-cbf9-4a7b-a1ff-1f6963324f22-groupManagement] INFO  server.RaftServerConfigKeys (ConfUtils.java:logGet(46)) - raft.server.log.use.memory = false (default)
2024-10-01 11:06:49,414 [89da30bd-cbf9-4a7b-a1ff-1f6963324f22-groupManagement] INFO  server.RaftServerConfigKeys (ConfUtils.java:logGet(46)) - raft.server.log.purge.gap = 1000000 (custom)
2024-10-01 11:06:49,414 [89da30bd-cbf9-4a7b-a1ff-1f6963324f22-groupManagement] INFO  server.RaftServerConfigKeys (ConfUtils.java:logGet(46)) - raft.server.log.appender.buffer.byte-limit = 33554432 (custom)
2024-10-01 11:06:49,414 [89da30bd-cbf9-4a7b-a1ff-1f6963324f22-groupManagement] INFO  server.RaftServerConfigKeys (ConfUtils.java:logGet(46)) - raft.server.log.statemachine.data.read.timeout = 1000ms (default)
2024-10-01 11:06:49,414 [f24c48c6-4a91-44a4-ae9a-fb063e2dd958-groupManagement] INFO  storage.RaftStorageDirectory (RaftStorageDirectoryImpl.java:tryLock(229)) - Lock on /home/runner/work/ozone/ozone/hadoop-ozone/integration-test/target/test-dir/MiniOzoneClusterImpl-6f218983-f2ca-45a9-b903-464e6faef46a/ozone-meta/datanode-1/ratis/fd3170f9-6634-4783-93b5-17ec0fea1f1b/in_use.lock acquired by nodename 95224@fv-az1244-121
2024-10-01 11:06:49,415 [89da30bd-cbf9-4a7b-a1ff-1f6963324f22-groupManagement] INFO  server.RaftServerConfigKeys (ConfUtils.java:logGet(46)) - raft.server.log.purge.preservation.log.num = 0 (default)
2024-10-01 11:06:49,416 [f24c48c6-4a91-44a4-ae9a-fb063e2dd958-groupManagement] INFO  storage.RaftStorage (RaftStorageImpl.java:format(98)) - Storage directory /home/runner/work/ozone/ozone/hadoop-ozone/integration-test/target/test-dir/MiniOzoneClusterImpl-6f218983-f2ca-45a9-b903-464e6faef46a/ozone-meta/datanode-1/ratis/fd3170f9-6634-4783-93b5-17ec0fea1f1b has been successfully formatted.
2024-10-01 11:06:49,416 [f24c48c6-4a91-44a4-ae9a-fb063e2dd958-groupManagement] INFO  ratis.ContainerStateMachine (ContainerStateMachine.java:loadSnapshot(296)) - group-17EC0FEA1F1B: The snapshot info is null. Setting the last applied index to:(t:0, i:~)
2024-10-01 11:06:49,416 [f24c48c6-4a91-44a4-ae9a-fb063e2dd958-groupManagement] INFO  server.RaftServerConfigKeys (ConfUtils.java:logGet(46)) - raft.server.log.use.memory = false (default)
2024-10-01 11:06:49,416 [f24c48c6-4a91-44a4-ae9a-fb063e2dd958-groupManagement] INFO  server.RaftServerConfigKeys (ConfUtils.java:logGet(46)) - raft.server.log.purge.gap = 1000000 (custom)
2024-10-01 11:06:49,416 [f24c48c6-4a91-44a4-ae9a-fb063e2dd958-groupManagement] INFO  server.RaftServerConfigKeys (ConfUtils.java:logGet(46)) - raft.server.log.appender.buffer.byte-limit = 33554432 (custom)
2024-10-01 11:06:49,417 [f24c48c6-4a91-44a4-ae9a-fb063e2dd958-groupManagement] INFO  server.RaftServerConfigKeys (ConfUtils.java:logGet(46)) - raft.server.log.statemachine.data.read.timeout = 1000ms (default)
2024-10-01 11:06:49,417 [f24c48c6-4a91-44a4-ae9a-fb063e2dd958-groupManagement] INFO  server.RaftServerConfigKeys (ConfUtils.java:logGet(46)) - raft.server.log.purge.preservation.log.num = 0 (default)
2024-10-01 11:06:49,418 [Recon-EventQueue-PipelineReportForReconPipelineReportHandler] INFO  scm.ReconPipelineReportHandler (ReconPipelineReportHandler.java:processPipelineReport(104)) - Pipeline RATIS/THREE PipelineID=16f3ef61-503c-4aae-b50e-3a08af1fb2fd reported by f24c48c6-4a91-44a4-ae9a-fb063e2dd958(localhost/127.0.0.1)
2024-10-01 11:06:49,418 [EventQueue-OpenPipelineForHealthyPipelineSafeModeRule] INFO  safemode.SCMSafeModeManager (HealthyPipelineSafeModeRule.java:process(140)) - SCM in safe mode. Healthy pipelines reported count is 0, required healthy pipeline reported count is 1
2024-10-01 11:06:49,418 [Recon-EventQueue-PipelineReportForReconPipelineReportHandler] INFO  scm.ReconPipelineReportHandler (ReconPipelineReportHandler.java:processPipelineReport(104)) - Pipeline RATIS/THREE PipelineID=fd3170f9-6634-4783-93b5-17ec0fea1f1b reported by f24c48c6-4a91-44a4-ae9a-fb063e2dd958(localhost/127.0.0.1)
2024-10-01 11:06:49,420 [f24c48c6-4a91-44a4-ae9a-fb063e2dd958-groupManagement] INFO  server.RaftServerConfigKeys (ConfUtils.java:logGet(46)) - raft.server.log.segment.size.max = 67108864 (custom)
2024-10-01 11:06:49,421 [f24c48c6-4a91-44a4-ae9a-fb063e2dd958-groupManagement] INFO  server.RaftServerConfigKeys (ConfUtils.java:logGet(46)) - raft.server.log.segment.cache.num.max = 2 (custom)
2024-10-01 11:06:49,421 [f24c48c6-4a91-44a4-ae9a-fb063e2dd958-groupManagement] INFO  server.RaftServerConfigKeys (ConfUtils.java:logGet(46)) - raft.server.log.segment.cache.size.max = 200MB (=209715200) (default)
2024-10-01 11:06:49,421 [f24c48c6-4a91-44a4-ae9a-fb063e2dd958-groupManagement] INFO  server.RaftServerConfigKeys (ConfUtils.java:logGet(46)) - raft.server.log.appender.buffer.byte-limit = 33554432 (custom)
2024-10-01 11:06:49,423 [89da30bd-cbf9-4a7b-a1ff-1f6963324f22-groupManagement] INFO  server.RaftServerConfigKeys (ConfUtils.java:logGet(46)) - raft.server.log.segment.size.max = 67108864 (custom)
2024-10-01 11:06:49,423 [89da30bd-cbf9-4a7b-a1ff-1f6963324f22-groupManagement] INFO  server.RaftServerConfigKeys (ConfUtils.java:logGet(46)) - raft.server.log.segment.cache.num.max = 2 (custom)
2024-10-01 11:06:49,423 [89da30bd-cbf9-4a7b-a1ff-1f6963324f22-groupManagement] INFO  server.RaftServerConfigKeys (ConfUtils.java:logGet(46)) - raft.server.log.segment.cache.size.max = 200MB (=209715200) (default)
2024-10-01 11:06:49,423 [89da30bd-cbf9-4a7b-a1ff-1f6963324f22-groupManagement] INFO  server.RaftServerConfigKeys (ConfUtils.java:logGet(46)) - raft.server.log.appender.buffer.byte-limit = 33554432 (custom)
2024-10-01 11:06:49,424 [f24c48c6-4a91-44a4-ae9a-fb063e2dd958-groupManagement] INFO  util.AwaitToRun (AwaitToRun.java:start(81)) - Thread[f24c48c6-4a91-44a4-ae9a-fb063e2dd958@group-17EC0FEA1F1B-cacheEviction-AwaitToRun,5,main] started
2024-10-01 11:06:49,425 [f24c48c6-4a91-44a4-ae9a-fb063e2dd958-groupManagement] INFO  segmented.SegmentedRaftLogWorker (SegmentedRaftLogWorker.java:<init>(187)) - new f24c48c6-4a91-44a4-ae9a-fb063e2dd958@group-17EC0FEA1F1B-SegmentedRaftLogWorker for RaftStorageImpl:Storage Directory /home/runner/work/ozone/ozone/hadoop-ozone/integration-test/target/test-dir/MiniOzoneClusterImpl-6f218983-f2ca-45a9-b903-464e6faef46a/ozone-meta/datanode-1/ratis/fd3170f9-6634-4783-93b5-17ec0fea1f1b
2024-10-01 11:06:49,425 [f24c48c6-4a91-44a4-ae9a-fb063e2dd958-groupManagement] INFO  server.RaftServerConfigKeys (ConfUtils.java:logGet(46)) - raft.server.log.queue.byte-limit = 4294967296 (custom)
2024-10-01 11:06:49,425 [f24c48c6-4a91-44a4-ae9a-fb063e2dd958-groupManagement] INFO  server.RaftServerConfigKeys (ConfUtils.java:logGet(46)) - raft.server.log.queue.element-limit = 1024 (custom)
2024-10-01 11:06:49,425 [f24c48c6-4a91-44a4-ae9a-fb063e2dd958-groupManagement] INFO  server.RaftServerConfigKeys (ConfUtils.java:logGet(46)) - raft.server.log.segment.size.max = 67108864 (custom)
2024-10-01 11:06:49,425 [f24c48c6-4a91-44a4-ae9a-fb063e2dd958-groupManagement] INFO  server.RaftServerConfigKeys (ConfUtils.java:logGet(46)) - raft.server.log.preallocated.size = 4194304 (custom)
2024-10-01 11:06:49,425 [f24c48c6-4a91-44a4-ae9a-fb063e2dd958-groupManagement] INFO  server.RaftServerConfigKeys (ConfUtils.java:logGet(46)) - raft.server.log.force.sync.num = 128 (default)
2024-10-01 11:06:49,425 [f24c48c6-4a91-44a4-ae9a-fb063e2dd958-groupManagement] INFO  server.RaftServerConfigKeys (ConfUtils.java:logGet(46)) - raft.server.log.statemachine.data.sync = true (default)
2024-10-01 11:06:49,425 [f24c48c6-4a91-44a4-ae9a-fb063e2dd958-groupManagement] INFO  server.RaftServerConfigKeys (ConfUtils.java:logGet(46)) - raft.server.log.statemachine.data.sync.timeout = 10s (default)
2024-10-01 11:06:49,425 [f24c48c6-4a91-44a4-ae9a-fb063e2dd958-groupManagement] INFO  server.RaftServerConfigKeys (ConfUtils.java:logGet(46)) - raft.server.log.statemachine.data.sync.timeout.retry = 30 (custom)
2024-10-01 11:06:49,425 [f24c48c6-4a91-44a4-ae9a-fb063e2dd958-groupManagement] INFO  server.RaftServerConfigKeys (ConfUtils.java:logGet(46)) - raft.server.log.write.buffer.size = 33554440 (custom)
2024-10-01 11:06:49,429 [89da30bd-cbf9-4a7b-a1ff-1f6963324f22-groupManagement] INFO  util.AwaitToRun (AwaitToRun.java:start(81)) - Thread[89da30bd-cbf9-4a7b-a1ff-1f6963324f22@group-17EC0FEA1F1B-cacheEviction-AwaitToRun,5,main] started
2024-10-01 11:06:49,429 [89da30bd-cbf9-4a7b-a1ff-1f6963324f22-groupManagement] INFO  segmented.SegmentedRaftLogWorker (SegmentedRaftLogWorker.java:<init>(187)) - new 89da30bd-cbf9-4a7b-a1ff-1f6963324f22@group-17EC0FEA1F1B-SegmentedRaftLogWorker for RaftStorageImpl:Storage Directory /home/runner/work/ozone/ozone/hadoop-ozone/integration-test/target/test-dir/MiniOzoneClusterImpl-6f218983-f2ca-45a9-b903-464e6faef46a/ozone-meta/datanode-2/ratis/fd3170f9-6634-4783-93b5-17ec0fea1f1b
2024-10-01 11:06:49,430 [89da30bd-cbf9-4a7b-a1ff-1f6963324f22-groupManagement] INFO  server.RaftServerConfigKeys (ConfUtils.java:logGet(46)) - raft.server.log.queue.byte-limit = 4294967296 (custom)
2024-10-01 11:06:49,430 [89da30bd-cbf9-4a7b-a1ff-1f6963324f22-groupManagement] INFO  server.RaftServerConfigKeys (ConfUtils.java:logGet(46)) - raft.server.log.queue.element-limit = 1024 (custom)
2024-10-01 11:06:49,430 [89da30bd-cbf9-4a7b-a1ff-1f6963324f22-groupManagement] INFO  server.RaftServerConfigKeys (ConfUtils.java:logGet(46)) - raft.server.log.segment.size.max = 67108864 (custom)
2024-10-01 11:06:49,430 [89da30bd-cbf9-4a7b-a1ff-1f6963324f22-groupManagement] INFO  server.RaftServerConfigKeys (ConfUtils.java:logGet(46)) - raft.server.log.preallocated.size = 4194304 (custom)
2024-10-01 11:06:49,430 [89da30bd-cbf9-4a7b-a1ff-1f6963324f22-groupManagement] INFO  server.RaftServerConfigKeys (ConfUtils.java:logGet(46)) - raft.server.log.force.sync.num = 128 (default)
2024-10-01 11:06:49,430 [89da30bd-cbf9-4a7b-a1ff-1f6963324f22-groupManagement] INFO  server.RaftServerConfigKeys (ConfUtils.java:logGet(46)) - raft.server.log.statemachine.data.sync = true (default)
2024-10-01 11:06:49,430 [89da30bd-cbf9-4a7b-a1ff-1f6963324f22-groupManagement] INFO  server.RaftServerConfigKeys (ConfUtils.java:logGet(46)) - raft.server.log.statemachine.data.sync.timeout = 10s (default)
2024-10-01 11:06:49,430 [89da30bd-cbf9-4a7b-a1ff-1f6963324f22-groupManagement] INFO  server.RaftServerConfigKeys (ConfUtils.java:logGet(46)) - raft.server.log.statemachine.data.sync.timeout.retry = 30 (custom)
2024-10-01 11:06:49,430 [89da30bd-cbf9-4a7b-a1ff-1f6963324f22-groupManagement] INFO  server.RaftServerConfigKeys (ConfUtils.java:logGet(46)) - raft.server.log.write.buffer.size = 33554440 (custom)
2024-10-01 11:06:49,432 [f24c48c6-4a91-44a4-ae9a-fb063e2dd958-groupManagement] INFO  server.RaftServerConfigKeys (ConfUtils.java:logGet(46)) - raft.server.log.appender.buffer.byte-limit = 33554432 (custom)
2024-10-01 11:06:49,433 [f24c48c6-4a91-44a4-ae9a-fb063e2dd958-groupManagement] INFO  server.RaftServerConfigKeys (ConfUtils.java:logGet(46)) - raft.server.log.unsafe-flush.enabled = false (default)
2024-10-01 11:06:49,433 [f24c48c6-4a91-44a4-ae9a-fb063e2dd958-groupManagement] INFO  server.RaftServerConfigKeys (ConfUtils.java:logGet(46)) - raft.server.log.async-flush.enabled = false (default)
2024-10-01 11:06:49,434 [f24c48c6-4a91-44a4-ae9a-fb063e2dd958-groupManagement] INFO  server.RaftServerConfigKeys (ConfUtils.java:logGet(46)) - raft.server.log.statemachine.data.caching.enabled = true (custom)
2024-10-01 11:06:49,435 [f24c48c6-4a91-44a4-ae9a-fb063e2dd958-groupManagement] INFO  segmented.SegmentedRaftLogWorker (SegmentedRaftLogWorker.java:lambda$new$0(138)) - f24c48c6-4a91-44a4-ae9a-fb063e2dd958@group-17EC0FEA1F1B-SegmentedRaftLogWorker: flushIndex: setUnconditionally 0 -> -1
2024-10-01 11:06:49,435 [f24c48c6-4a91-44a4-ae9a-fb063e2dd958-groupManagement] INFO  segmented.SegmentedRaftLogWorker (SegmentedRaftLogWorker.java:lambda$new$0(138)) - f24c48c6-4a91-44a4-ae9a-fb063e2dd958@group-17EC0FEA1F1B-SegmentedRaftLogWorker: safeCacheEvictIndex: setUnconditionally 0 -> -1
2024-10-01 11:06:49,436 [89da30bd-cbf9-4a7b-a1ff-1f6963324f22-groupManagement] INFO  server.RaftServerConfigKeys (ConfUtils.java:logGet(46)) - raft.server.log.appender.buffer.byte-limit = 33554432 (custom)
2024-10-01 11:06:49,436 [89da30bd-cbf9-4a7b-a1ff-1f6963324f22-groupManagement] INFO  server.RaftServerConfigKeys (ConfUtils.java:logGet(46)) - raft.server.log.unsafe-flush.enabled = false (default)
2024-10-01 11:06:49,437 [89da30bd-cbf9-4a7b-a1ff-1f6963324f22-groupManagement] INFO  server.RaftServerConfigKeys (ConfUtils.java:logGet(46)) - raft.server.log.async-flush.enabled = false (default)
2024-10-01 11:06:49,437 [89da30bd-cbf9-4a7b-a1ff-1f6963324f22-groupManagement] INFO  server.RaftServerConfigKeys (ConfUtils.java:logGet(46)) - raft.server.log.statemachine.data.caching.enabled = true (custom)
2024-10-01 11:06:49,437 [89da30bd-cbf9-4a7b-a1ff-1f6963324f22-groupManagement] INFO  segmented.SegmentedRaftLogWorker (SegmentedRaftLogWorker.java:lambda$new$0(138)) - 89da30bd-cbf9-4a7b-a1ff-1f6963324f22@group-17EC0FEA1F1B-SegmentedRaftLogWorker: flushIndex: setUnconditionally 0 -> -1
2024-10-01 11:06:49,437 [89da30bd-cbf9-4a7b-a1ff-1f6963324f22-groupManagement] INFO  segmented.SegmentedRaftLogWorker (SegmentedRaftLogWorker.java:lambda$new$0(138)) - 89da30bd-cbf9-4a7b-a1ff-1f6963324f22@group-17EC0FEA1F1B-SegmentedRaftLogWorker: safeCacheEvictIndex: setUnconditionally 0 -> -1
2024-10-01 11:06:49,437 [f24c48c6-4a91-44a4-ae9a-fb063e2dd958-groupManagement] INFO  server.RaftServer$Division (RaftServerImpl.java:start(390)) - f24c48c6-4a91-44a4-ae9a-fb063e2dd958@group-17EC0FEA1F1B: start as a follower, conf=conf: {index: -1, cur=peers:[f24c48c6-4a91-44a4-ae9a-fb063e2dd958|127.0.0.1:15014, 89da30bd-cbf9-4a7b-a1ff-1f6963324f22|127.0.0.1:15023, 3ccd597d-6672-4b12-926e-746f973e87fb|127.0.0.1:15032]|listeners:[], old=null}
2024-10-01 11:06:49,437 [f24c48c6-4a91-44a4-ae9a-fb063e2dd958-groupManagement] INFO  server.RaftServer$Division (RaftServerImpl.java:setRole(377)) - f24c48c6-4a91-44a4-ae9a-fb063e2dd958@group-17EC0FEA1F1B: changes role from      null to FOLLOWER at term 0 for startAsFollower
2024-10-01 11:06:49,437 [f24c48c6-4a91-44a4-ae9a-fb063e2dd958-groupManagement] INFO  impl.RoleInfo (RoleInfo.java:updateAndGet(148)) - f24c48c6-4a91-44a4-ae9a-fb063e2dd958: start f24c48c6-4a91-44a4-ae9a-fb063e2dd958@group-17EC0FEA1F1B-FollowerState
2024-10-01 11:06:49,444 [89da30bd-cbf9-4a7b-a1ff-1f6963324f22-groupManagement] INFO  server.RaftServer$Division (RaftServerImpl.java:start(390)) - 89da30bd-cbf9-4a7b-a1ff-1f6963324f22@group-17EC0FEA1F1B: start as a follower, conf=conf: {index: -1, cur=peers:[f24c48c6-4a91-44a4-ae9a-fb063e2dd958|127.0.0.1:15014, 89da30bd-cbf9-4a7b-a1ff-1f6963324f22|127.0.0.1:15023, 3ccd597d-6672-4b12-926e-746f973e87fb|127.0.0.1:15032]|listeners:[], old=null}
2024-10-01 11:06:49,444 [89da30bd-cbf9-4a7b-a1ff-1f6963324f22-groupManagement] INFO  server.RaftServer$Division (RaftServerImpl.java:setRole(377)) - 89da30bd-cbf9-4a7b-a1ff-1f6963324f22@group-17EC0FEA1F1B: changes role from      null to FOLLOWER at term 0 for startAsFollower
2024-10-01 11:06:49,444 [89da30bd-cbf9-4a7b-a1ff-1f6963324f22-groupManagement] INFO  impl.RoleInfo (RoleInfo.java:updateAndGet(148)) - 89da30bd-cbf9-4a7b-a1ff-1f6963324f22: start 89da30bd-cbf9-4a7b-a1ff-1f6963324f22@group-17EC0FEA1F1B-FollowerState
2024-10-01 11:06:49,445 [f24c48c6-4a91-44a4-ae9a-fb063e2dd958@group-17EC0FEA1F1B-FollowerState] INFO  server.RaftServerConfigKeys (ConfUtils.java:logFallback(53)) - raft.server.rpc.first-election.timeout.min = 5s (fallback to raft.server.rpc.timeout.min)
2024-10-01 11:06:49,445 [f24c48c6-4a91-44a4-ae9a-fb063e2dd958@group-17EC0FEA1F1B-FollowerState] INFO  server.RaftServerConfigKeys (ConfUtils.java:logFallback(53)) - raft.server.rpc.first-election.timeout.max = 5200ms (fallback to raft.server.rpc.timeout.max)
2024-10-01 11:06:49,445 [f24c48c6-4a91-44a4-ae9a-fb063e2dd958-groupManagement] INFO  util.JmxRegister (JmxRegister.java:tryRegister(44)) - Successfully registered JMX Bean with object name Ratis:service=RaftServer,group=group-17EC0FEA1F1B,id=f24c48c6-4a91-44a4-ae9a-fb063e2dd958
2024-10-01 11:06:49,446 [f24c48c6-4a91-44a4-ae9a-fb063e2dd958-groupManagement] INFO  util.JmxRegister (JmxRegister.java:register(58)) - register mxBean class org.apache.ratis.server.impl.RaftServerJmxAdapter as Ratis:service=RaftServer,group=group-17EC0FEA1F1B,id=f24c48c6-4a91-44a4-ae9a-fb063e2dd958
2024-10-01 11:06:49,446 [f24c48c6-4a91-44a4-ae9a-fb063e2dd958-groupManagement] INFO  server.RaftServerConfigKeys (ConfUtils.java:logGet(46)) - raft.server.snapshot.trigger-when-stop.enabled = true (default)
2024-10-01 11:06:49,446 [f24c48c6-4a91-44a4-ae9a-fb063e2dd958-groupManagement] INFO  server.RaftServerConfigKeys (ConfUtils.java:logGet(46)) - raft.server.snapshot.trigger-when-remove.enabled = true (default)
2024-10-01 11:06:49,446 [f24c48c6-4a91-44a4-ae9a-fb063e2dd958-groupManagement] INFO  server.RaftServerConfigKeys (ConfUtils.java:logGet(46)) - raft.server.snapshot.auto.trigger.enabled = true (custom)
2024-10-01 11:06:49,447 [f24c48c6-4a91-44a4-ae9a-fb063e2dd958-groupManagement] INFO  server.RaftServerConfigKeys (ConfUtils.java:logGet(46)) - raft.server.snapshot.auto.trigger.threshold = 10000 (custom)
2024-10-01 11:06:49,447 [f24c48c6-4a91-44a4-ae9a-fb063e2dd958-groupManagement] INFO  server.RaftServerConfigKeys (ConfUtils.java:logGet(46)) - raft.server.snapshot.retention.file.num = 5 (custom)
2024-10-01 11:06:49,447 [f24c48c6-4a91-44a4-ae9a-fb063e2dd958-groupManagement] INFO  server.RaftServerConfigKeys (ConfUtils.java:logGet(46)) - raft.server.log.purge.upto.snapshot.index = false (default)
2024-10-01 11:06:49,448 [89da30bd-cbf9-4a7b-a1ff-1f6963324f22-groupManagement] INFO  util.JmxRegister (JmxRegister.java:tryRegister(44)) - Successfully registered JMX Bean with object name Ratis:service=RaftServer,group=group-17EC0FEA1F1B,id=89da30bd-cbf9-4a7b-a1ff-1f6963324f22
2024-10-01 11:06:49,448 [89da30bd-cbf9-4a7b-a1ff-1f6963324f22-groupManagement] INFO  util.JmxRegister (JmxRegister.java:register(58)) - register mxBean class org.apache.ratis.server.impl.RaftServerJmxAdapter as Ratis:service=RaftServer,group=group-17EC0FEA1F1B,id=89da30bd-cbf9-4a7b-a1ff-1f6963324f22
2024-10-01 11:06:49,448 [89da30bd-cbf9-4a7b-a1ff-1f6963324f22-groupManagement] INFO  server.RaftServerConfigKeys (ConfUtils.java:logGet(46)) - raft.server.snapshot.trigger-when-stop.enabled = true (default)
2024-10-01 11:06:49,448 [89da30bd-cbf9-4a7b-a1ff-1f6963324f22-groupManagement] INFO  server.RaftServerConfigKeys (ConfUtils.java:logGet(46)) - raft.server.snapshot.trigger-when-remove.enabled = true (default)
2024-10-01 11:06:49,448 [89da30bd-cbf9-4a7b-a1ff-1f6963324f22-groupManagement] INFO  server.RaftServerConfigKeys (ConfUtils.java:logGet(46)) - raft.server.snapshot.auto.trigger.enabled = true (custom)
2024-10-01 11:06:49,448 [89da30bd-cbf9-4a7b-a1ff-1f6963324f22-groupManagement] INFO  server.RaftServerConfigKeys (ConfUtils.java:logGet(46)) - raft.server.snapshot.auto.trigger.threshold = 10000 (custom)
2024-10-01 11:06:49,448 [89da30bd-cbf9-4a7b-a1ff-1f6963324f22-groupManagement] INFO  server.RaftServerConfigKeys (ConfUtils.java:logGet(46)) - raft.server.snapshot.retention.file.num = 5 (custom)
2024-10-01 11:06:49,448 [89da30bd-cbf9-4a7b-a1ff-1f6963324f22-groupManagement] INFO  server.RaftServerConfigKeys (ConfUtils.java:logGet(46)) - raft.server.log.purge.upto.snapshot.index = false (default)
2024-10-01 11:06:49,448 [f24c48c6-4a91-44a4-ae9a-fb063e2dd958-PipelineCommandHandlerThread-0] INFO  ratis.XceiverServerRatis (XceiverServerRatis.java:addGroup(844)) - Created group PipelineID=fd3170f9-6634-4783-93b5-17ec0fea1f1b
2024-10-01 11:06:49,450 [89da30bd-cbf9-4a7b-a1ff-1f6963324f22@group-17EC0FEA1F1B-FollowerState] INFO  server.RaftServerConfigKeys (ConfUtils.java:logFallback(53)) - raft.server.rpc.first-election.timeout.min = 5s (fallback to raft.server.rpc.timeout.min)
2024-10-01 11:06:49,450 [89da30bd-cbf9-4a7b-a1ff-1f6963324f22@group-17EC0FEA1F1B-FollowerState] INFO  server.RaftServerConfigKeys (ConfUtils.java:logFallback(53)) - raft.server.rpc.first-election.timeout.max = 5200ms (fallback to raft.server.rpc.timeout.max)
2024-10-01 11:06:49,450 [89da30bd-cbf9-4a7b-a1ff-1f6963324f22-PipelineCommandHandlerThread-0] INFO  ratis.XceiverServerRatis (XceiverServerRatis.java:addGroup(844)) - Created group PipelineID=fd3170f9-6634-4783-93b5-17ec0fea1f1b
2024-10-01 11:06:49,459 [grpc-default-executor-0] INFO  server.RaftServer (RaftServerProxy.java:addNew(100)) - 3ccd597d-6672-4b12-926e-746f973e87fb: addNew group-17EC0FEA1F1B:[f24c48c6-4a91-44a4-ae9a-fb063e2dd958|127.0.0.1:15014, 89da30bd-cbf9-4a7b-a1ff-1f6963324f22|127.0.0.1:15023, 3ccd597d-6672-4b12-926e-746f973e87fb|127.0.0.1:15032] returns group-17EC0FEA1F1B:java.util.concurrent.CompletableFuture@3ef0316b[Not completed]
2024-10-01 11:06:49,460 [3ccd597d-6672-4b12-926e-746f973e87fb-groupManagement] INFO  server.RaftServer$Division (RaftServerImpl.java:<init>(254)) - 3ccd597d-6672-4b12-926e-746f973e87fb: new RaftServerImpl for group-17EC0FEA1F1B:[f24c48c6-4a91-44a4-ae9a-fb063e2dd958|127.0.0.1:15014, 89da30bd-cbf9-4a7b-a1ff-1f6963324f22|127.0.0.1:15023, 3ccd597d-6672-4b12-926e-746f973e87fb|127.0.0.1:15032] with ContainerStateMachine:uninitialized
2024-10-01 11:06:49,460 [3ccd597d-6672-4b12-926e-746f973e87fb-groupManagement] INFO  server.RaftServerConfigKeys (ConfUtils.java:logGet(46)) - raft.server.rpc.timeout.min = 5s (custom)
2024-10-01 11:06:49,460 [3ccd597d-6672-4b12-926e-746f973e87fb-groupManagement] INFO  server.RaftServerConfigKeys (ConfUtils.java:logGet(46)) - raft.server.rpc.timeout.max = 5200ms (custom)
2024-10-01 11:06:49,460 [3ccd597d-6672-4b12-926e-746f973e87fb-groupManagement] INFO  server.RaftServerConfigKeys (ConfUtils.java:logGet(46)) - raft.server.rpc.sleep.time = 25ms (default)
2024-10-01 11:06:49,460 [3ccd597d-6672-4b12-926e-746f973e87fb-groupManagement] INFO  server.RaftServerConfigKeys (ConfUtils.java:logGet(46)) - raft.server.rpc.slowness.timeout = 300s (custom)
2024-10-01 11:06:49,461 [3ccd597d-6672-4b12-926e-746f973e87fb-groupManagement] INFO  server.RaftServerConfigKeys (ConfUtils.java:logGet(46)) - raft.server.leaderelection.leader.step-down.wait-time = 10s (default)
2024-10-01 11:06:49,461 [3ccd597d-6672-4b12-926e-746f973e87fb-groupManagement] INFO  server.RaftServerConfigKeys (ConfUtils.java:logGet(46)) - raft.server.leaderelection.member.majority-add = false (default)
2024-10-01 11:06:49,461 [3ccd597d-6672-4b12-926e-746f973e87fb-groupManagement] INFO  server.RaftServerConfigKeys (ConfUtils.java:logGet(46)) - raft.server.sleep.deviation.threshold = 300ms (default)
2024-10-01 11:06:49,461 [3ccd597d-6672-4b12-926e-746f973e87fb-groupManagement] INFO  server.RaftServer$Division (ServerState.java:<init>(114)) - 3ccd597d-6672-4b12-926e-746f973e87fb@group-17EC0FEA1F1B: ConfigurationManager, init=conf: {index: -1, cur=peers:[f24c48c6-4a91-44a4-ae9a-fb063e2dd958|127.0.0.1:15014, 89da30bd-cbf9-4a7b-a1ff-1f6963324f22|127.0.0.1:15023, 3ccd597d-6672-4b12-926e-746f973e87fb|127.0.0.1:15032]|listeners:[], old=null}, confs=<EMPTY_MAP>
2024-10-01 11:06:49,461 [3ccd597d-6672-4b12-926e-746f973e87fb-groupManagement] INFO  server.RaftServerConfigKeys (ConfUtils.java:logGet(46)) - raft.server.notification.no-leader.timeout = 300s (custom)
2024-10-01 11:06:49,461 [3ccd597d-6672-4b12-926e-746f973e87fb-groupManagement] INFO  server.RaftServerConfigKeys (ConfUtils.java:logGet(46)) - raft.server.read.timeout = 10s (default)
2024-10-01 11:06:49,461 [3ccd597d-6672-4b12-926e-746f973e87fb-groupManagement] INFO  server.RaftServerConfigKeys (ConfUtils.java:logGet(46)) - raft.server.retrycache.expirytime = 600000ms (custom)
2024-10-01 11:06:49,461 [3ccd597d-6672-4b12-926e-746f973e87fb-groupManagement] INFO  server.RaftServerConfigKeys (ConfUtils.java:logGet(46)) - raft.server.retrycache.statistics.expirytime = 100ms (default)
2024-10-01 11:06:49,461 [3ccd597d-6672-4b12-926e-746f973e87fb-groupManagement] INFO  server.RaftServerConfigKeys (ConfUtils.java:logGet(46)) - raft.server.read.option = DEFAULT (default)
2024-10-01 11:06:49,461 [3ccd597d-6672-4b12-926e-746f973e87fb-groupManagement] INFO  server.RaftServerConfigKeys (ConfUtils.java:logGet(46)) - raft.server.read.read-after-write-consistent.write-index-cache.expiry-time = 60s (default)
2024-10-01 11:06:49,465 [3ccd597d-6672-4b12-926e-746f973e87fb-groupManagement] INFO  server.RaftServerConfigKeys (ConfUtils.java:logGet(46)) - raft.server.rpc.request.timeout = 60s (custom)
2024-10-01 11:06:49,465 [3ccd597d-6672-4b12-926e-746f973e87fb-groupManagement] INFO  server.RaftServerConfigKeys (ConfUtils.java:logGet(46)) - raft.server.log.appender.install.snapshot.enabled = false (custom)
2024-10-01 11:06:49,466 [3ccd597d-6672-4b12-926e-746f973e87fb-groupManagement] INFO  server.RaftServerConfigKeys (ConfUtils.java:logGet(46)) - raft.server.threadpool.server.cached = true (default)
2024-10-01 11:06:49,466 [3ccd597d-6672-4b12-926e-746f973e87fb-groupManagement] INFO  server.RaftServerConfigKeys (ConfUtils.java:logGet(46)) - raft.server.threadpool.server.size = 0 (default)
2024-10-01 11:06:49,466 [3ccd597d-6672-4b12-926e-746f973e87fb-groupManagement] INFO  server.RaftServerConfigKeys (ConfUtils.java:logGet(46)) - raft.server.threadpool.client.cached = true (default)
2024-10-01 11:06:49,466 [3ccd597d-6672-4b12-926e-746f973e87fb-groupManagement] INFO  server.RaftServerConfigKeys (ConfUtils.java:logGet(46)) - raft.server.threadpool.client.size = 0 (default)
2024-10-01 11:06:49,466 [3ccd597d-6672-4b12-926e-746f973e87fb-groupManagement] INFO  server.RaftServerConfigKeys (ConfUtils.java:logGet(46)) - raft.server.storage.free-space.min = 0MB (=0) (default)
2024-10-01 11:06:49,466 [3ccd597d-6672-4b12-926e-746f973e87fb-groupManagement] INFO  server.RaftServerConfigKeys (ConfUtils.java:logGet(46)) - raft.server.log.corruption.policy = EXCEPTION (default)
2024-10-01 11:06:49,466 [3ccd597d-6672-4b12-926e-746f973e87fb-groupManagement] INFO  server.RaftServerConfigKeys (ConfUtils.java:logGet(46)) - raft.server.storage.dir = [/home/runner/work/ozone/ozone/hadoop-ozone/integration-test/target/test-dir/MiniOzoneClusterImpl-6f218983-f2ca-45a9-b903-464e6faef46a/ozone-meta/datanode-3/ratis] (custom)
2024-10-01 11:06:49,466 [3ccd597d-6672-4b12-926e-746f973e87fb-groupManagement] INFO  storage.RaftStorageDirectory (RaftStorageDirectoryImpl.java:analyzeStorage(138)) - The storage directory /home/runner/work/ozone/ozone/hadoop-ozone/integration-test/target/test-dir/MiniOzoneClusterImpl-6f218983-f2ca-45a9-b903-464e6faef46a/ozone-meta/datanode-3/ratis/fd3170f9-6634-4783-93b5-17ec0fea1f1b does not exist. Creating ...
2024-10-01 11:06:49,467 [3ccd597d-6672-4b12-926e-746f973e87fb-groupManagement] INFO  storage.RaftStorageDirectory (RaftStorageDirectoryImpl.java:tryLock(229)) - Lock on /home/runner/work/ozone/ozone/hadoop-ozone/integration-test/target/test-dir/MiniOzoneClusterImpl-6f218983-f2ca-45a9-b903-464e6faef46a/ozone-meta/datanode-3/ratis/fd3170f9-6634-4783-93b5-17ec0fea1f1b/in_use.lock acquired by nodename 95224@fv-az1244-121
2024-10-01 11:06:49,468 [3ccd597d-6672-4b12-926e-746f973e87fb-groupManagement] INFO  storage.RaftStorage (RaftStorageImpl.java:format(98)) - Storage directory /home/runner/work/ozone/ozone/hadoop-ozone/integration-test/target/test-dir/MiniOzoneClusterImpl-6f218983-f2ca-45a9-b903-464e6faef46a/ozone-meta/datanode-3/ratis/fd3170f9-6634-4783-93b5-17ec0fea1f1b has been successfully formatted.
2024-10-01 11:06:49,469 [3ccd597d-6672-4b12-926e-746f973e87fb-groupManagement] INFO  ratis.ContainerStateMachine (ContainerStateMachine.java:loadSnapshot(296)) - group-17EC0FEA1F1B: The snapshot info is null. Setting the last applied index to:(t:0, i:~)
2024-10-01 11:06:49,469 [3ccd597d-6672-4b12-926e-746f973e87fb-groupManagement] INFO  server.RaftServerConfigKeys (ConfUtils.java:logGet(46)) - raft.server.log.use.memory = false (default)
2024-10-01 11:06:49,470 [3ccd597d-6672-4b12-926e-746f973e87fb-groupManagement] INFO  server.RaftServerConfigKeys (ConfUtils.java:logGet(46)) - raft.server.log.purge.gap = 1000000 (custom)
2024-10-01 11:06:49,470 [3ccd597d-6672-4b12-926e-746f973e87fb-groupManagement] INFO  server.RaftServerConfigKeys (ConfUtils.java:logGet(46)) - raft.server.log.appender.buffer.byte-limit = 33554432 (custom)
2024-10-01 11:06:49,470 [3ccd597d-6672-4b12-926e-746f973e87fb-groupManagement] INFO  server.RaftServerConfigKeys (ConfUtils.java:logGet(46)) - raft.server.log.statemachine.data.read.timeout = 1000ms (default)
2024-10-01 11:06:49,470 [3ccd597d-6672-4b12-926e-746f973e87fb-groupManagement] INFO  server.RaftServerConfigKeys (ConfUtils.java:logGet(46)) - raft.server.log.purge.preservation.log.num = 0 (default)
2024-10-01 11:06:49,472 [3ccd597d-6672-4b12-926e-746f973e87fb-groupManagement] INFO  server.RaftServerConfigKeys (ConfUtils.java:logGet(46)) - raft.server.log.segment.size.max = 67108864 (custom)
2024-10-01 11:06:49,472 [3ccd597d-6672-4b12-926e-746f973e87fb-groupManagement] INFO  server.RaftServerConfigKeys (ConfUtils.java:logGet(46)) - raft.server.log.segment.cache.num.max = 2 (custom)
2024-10-01 11:06:49,472 [3ccd597d-6672-4b12-926e-746f973e87fb-groupManagement] INFO  server.RaftServerConfigKeys (ConfUtils.java:logGet(46)) - raft.server.log.segment.cache.size.max = 200MB (=209715200) (default)
2024-10-01 11:06:49,472 [3ccd597d-6672-4b12-926e-746f973e87fb-groupManagement] INFO  server.RaftServerConfigKeys (ConfUtils.java:logGet(46)) - raft.server.log.appender.buffer.byte-limit = 33554432 (custom)
2024-10-01 11:06:49,473 [3ccd597d-6672-4b12-926e-746f973e87fb-groupManagement] INFO  util.AwaitToRun (AwaitToRun.java:start(81)) - Thread[3ccd597d-6672-4b12-926e-746f973e87fb@group-17EC0FEA1F1B-cacheEviction-AwaitToRun,5,main] started
2024-10-01 11:06:49,473 [3ccd597d-6672-4b12-926e-746f973e87fb-groupManagement] INFO  segmented.SegmentedRaftLogWorker (SegmentedRaftLogWorker.java:<init>(187)) - new 3ccd597d-6672-4b12-926e-746f973e87fb@group-17EC0FEA1F1B-SegmentedRaftLogWorker for RaftStorageImpl:Storage Directory /home/runner/work/ozone/ozone/hadoop-ozone/integration-test/target/test-dir/MiniOzoneClusterImpl-6f218983-f2ca-45a9-b903-464e6faef46a/ozone-meta/datanode-3/ratis/fd3170f9-6634-4783-93b5-17ec0fea1f1b
2024-10-01 11:06:49,473 [3ccd597d-6672-4b12-926e-746f973e87fb-groupManagement] INFO  server.RaftServerConfigKeys (ConfUtils.java:logGet(46)) - raft.server.log.queue.byte-limit = 4294967296 (custom)
2024-10-01 11:06:49,473 [3ccd597d-6672-4b12-926e-746f973e87fb-groupManagement] INFO  server.RaftServerConfigKeys (ConfUtils.java:logGet(46)) - raft.server.log.queue.element-limit = 1024 (custom)
2024-10-01 11:06:49,473 [3ccd597d-6672-4b12-926e-746f973e87fb-groupManagement] INFO  server.RaftServerConfigKeys (ConfUtils.java:logGet(46)) - raft.server.log.segment.size.max = 67108864 (custom)
2024-10-01 11:06:49,473 [3ccd597d-6672-4b12-926e-746f973e87fb-groupManagement] INFO  server.RaftServerConfigKeys (ConfUtils.java:logGet(46)) - raft.server.log.preallocated.size = 4194304 (custom)
2024-10-01 11:06:49,473 [3ccd597d-6672-4b12-926e-746f973e87fb-groupManagement] INFO  server.RaftServerConfigKeys (ConfUtils.java:logGet(46)) - raft.server.log.force.sync.num = 128 (default)
2024-10-01 11:06:49,473 [3ccd597d-6672-4b12-926e-746f973e87fb-groupManagement] INFO  server.RaftServerConfigKeys (ConfUtils.java:logGet(46)) - raft.server.log.statemachine.data.sync = true (default)
2024-10-01 11:06:49,473 [3ccd597d-6672-4b12-926e-746f973e87fb-groupManagement] INFO  server.RaftServerConfigKeys (ConfUtils.java:logGet(46)) - raft.server.log.statemachine.data.sync.timeout = 10s (default)
2024-10-01 11:06:49,473 [3ccd597d-6672-4b12-926e-746f973e87fb-groupManagement] INFO  server.RaftServerConfigKeys (ConfUtils.java:logGet(46)) - raft.server.log.statemachine.data.sync.timeout.retry = 30 (custom)
2024-10-01 11:06:49,473 [3ccd597d-6672-4b12-926e-746f973e87fb-groupManagement] INFO  server.RaftServerConfigKeys (ConfUtils.java:logGet(46)) - raft.server.log.write.buffer.size = 33554440 (custom)
2024-10-01 11:06:49,475 [IPC Server handler 8 on default port 15009] INFO  scm.ReconNodeManager (ReconNodeManager.java:register(286)) - Updating nodeDB for localhost
2024-10-01 11:06:49,475 [IPC Server handler 8 on default port 15009] INFO  recon.ReconContext (ReconContext.java:updateHealthStatus(77)) - Update healthStatus of Recon from true to true.
2024-10-01 11:06:49,475 [Recon-EventQueue-PipelineReportForReconPipelineReportHandler] INFO  scm.ReconPipelineReportHandler (ReconPipelineReportHandler.java:processPipelineReport(104)) - Pipeline RATIS/THREE PipelineID=16f3ef61-503c-4aae-b50e-3a08af1fb2fd reported by 3ccd597d-6672-4b12-926e-746f973e87fb(localhost/127.0.0.1)
2024-10-01 11:06:49,475 [Recon-EventQueue-PipelineReportForReconPipelineReportHandler] INFO  scm.ReconPipelineReportHandler (ReconPipelineReportHandler.java:processPipelineReport(104)) - Pipeline RATIS/THREE PipelineID=fd3170f9-6634-4783-93b5-17ec0fea1f1b reported by 3ccd597d-6672-4b12-926e-746f973e87fb(localhost/127.0.0.1)
2024-10-01 11:06:49,479 [3ccd597d-6672-4b12-926e-746f973e87fb-groupManagement] INFO  server.RaftServerConfigKeys (ConfUtils.java:logGet(46)) - raft.server.log.appender.buffer.byte-limit = 33554432 (custom)
2024-10-01 11:06:49,479 [3ccd597d-6672-4b12-926e-746f973e87fb-groupManagement] INFO  server.RaftServerConfigKeys (ConfUtils.java:logGet(46)) - raft.server.log.unsafe-flush.enabled = false (default)
2024-10-01 11:06:49,479 [3ccd597d-6672-4b12-926e-746f973e87fb-groupManagement] INFO  server.RaftServerConfigKeys (ConfUtils.java:logGet(46)) - raft.server.log.async-flush.enabled = false (default)
2024-10-01 11:06:49,479 [3ccd597d-6672-4b12-926e-746f973e87fb-groupManagement] INFO  server.RaftServerConfigKeys (ConfUtils.java:logGet(46)) - raft.server.log.statemachine.data.caching.enabled = true (custom)
2024-10-01 11:06:49,480 [3ccd597d-6672-4b12-926e-746f973e87fb-groupManagement] INFO  segmented.SegmentedRaftLogWorker (SegmentedRaftLogWorker.java:lambda$new$0(138)) - 3ccd597d-6672-4b12-926e-746f973e87fb@group-17EC0FEA1F1B-SegmentedRaftLogWorker: flushIndex: setUnconditionally 0 -> -1
2024-10-01 11:06:49,480 [3ccd597d-6672-4b12-926e-746f973e87fb-groupManagement] INFO  segmented.SegmentedRaftLogWorker (SegmentedRaftLogWorker.java:lambda$new$0(138)) - 3ccd597d-6672-4b12-926e-746f973e87fb@group-17EC0FEA1F1B-SegmentedRaftLogWorker: safeCacheEvictIndex: setUnconditionally 0 -> -1
2024-10-01 11:06:49,480 [3ccd597d-6672-4b12-926e-746f973e87fb-groupManagement] INFO  server.RaftServer$Division (RaftServerImpl.java:start(390)) - 3ccd597d-6672-4b12-926e-746f973e87fb@group-17EC0FEA1F1B: start as a follower, conf=conf: {index: -1, cur=peers:[f24c48c6-4a91-44a4-ae9a-fb063e2dd958|127.0.0.1:15014, 89da30bd-cbf9-4a7b-a1ff-1f6963324f22|127.0.0.1:15023, 3ccd597d-6672-4b12-926e-746f973e87fb|127.0.0.1:15032]|listeners:[], old=null}
2024-10-01 11:06:49,480 [3ccd597d-6672-4b12-926e-746f973e87fb-groupManagement] INFO  server.RaftServer$Division (RaftServerImpl.java:setRole(377)) - 3ccd597d-6672-4b12-926e-746f973e87fb@group-17EC0FEA1F1B: changes role from      null to FOLLOWER at term 0 for startAsFollower
2024-10-01 11:06:49,480 [3ccd597d-6672-4b12-926e-746f973e87fb-groupManagement] INFO  impl.RoleInfo (RoleInfo.java:updateAndGet(148)) - 3ccd597d-6672-4b12-926e-746f973e87fb: start 3ccd597d-6672-4b12-926e-746f973e87fb@group-17EC0FEA1F1B-FollowerState
2024-10-01 11:06:49,481 [3ccd597d-6672-4b12-926e-746f973e87fb-groupManagement] INFO  util.JmxRegister (JmxRegister.java:tryRegister(44)) - Successfully registered JMX Bean with object name Ratis:service=RaftServer,group=group-17EC0FEA1F1B,id=3ccd597d-6672-4b12-926e-746f973e87fb
2024-10-01 11:06:49,481 [3ccd597d-6672-4b12-926e-746f973e87fb-groupManagement] INFO  util.JmxRegister (JmxRegister.java:register(58)) - register mxBean class org.apache.ratis.server.impl.RaftServerJmxAdapter as Ratis:service=RaftServer,group=group-17EC0FEA1F1B,id=3ccd597d-6672-4b12-926e-746f973e87fb
2024-10-01 11:06:49,481 [3ccd597d-6672-4b12-926e-746f973e87fb-groupManagement] INFO  server.RaftServerConfigKeys (ConfUtils.java:logGet(46)) - raft.server.snapshot.trigger-when-stop.enabled = true (default)
2024-10-01 11:06:49,481 [3ccd597d-6672-4b12-926e-746f973e87fb-groupManagement] INFO  server.RaftServerConfigKeys (ConfUtils.java:logGet(46)) - raft.server.snapshot.trigger-when-remove.enabled = true (default)
2024-10-01 11:06:49,481 [3ccd597d-6672-4b12-926e-746f973e87fb-groupManagement] INFO  server.RaftServerConfigKeys (ConfUtils.java:logGet(46)) - raft.server.snapshot.auto.trigger.enabled = true (custom)
2024-10-01 11:06:49,481 [3ccd597d-6672-4b12-926e-746f973e87fb-groupManagement] INFO  server.RaftServerConfigKeys (ConfUtils.java:logGet(46)) - raft.server.snapshot.auto.trigger.threshold = 10000 (custom)
2024-10-01 11:06:49,481 [3ccd597d-6672-4b12-926e-746f973e87fb-groupManagement] INFO  server.RaftServerConfigKeys (ConfUtils.java:logGet(46)) - raft.server.snapshot.retention.file.num = 5 (custom)
2024-10-01 11:06:49,481 [3ccd597d-6672-4b12-926e-746f973e87fb-groupManagement] INFO  server.RaftServerConfigKeys (ConfUtils.java:logGet(46)) - raft.server.log.purge.upto.snapshot.index = false (default)
2024-10-01 11:06:49,482 [3ccd597d-6672-4b12-926e-746f973e87fb@group-17EC0FEA1F1B-FollowerState] INFO  server.RaftServerConfigKeys (ConfUtils.java:logFallback(53)) - raft.server.rpc.first-election.timeout.min = 5s (fallback to raft.server.rpc.timeout.min)
2024-10-01 11:06:49,482 [3ccd597d-6672-4b12-926e-746f973e87fb@group-17EC0FEA1F1B-FollowerState] INFO  server.RaftServerConfigKeys (ConfUtils.java:logFallback(53)) - raft.server.rpc.first-election.timeout.max = 5200ms (fallback to raft.server.rpc.timeout.max)
2024-10-01 11:06:49,508 [89da30bd-cbf9-4a7b-a1ff-1f6963324f22-PipelineCommandHandlerThread-0] INFO  commandhandler.CreatePipelineCommandHandler (CreatePipelineCommandHandler.java:lambda$handle$2(124)) - Created Pipeline RATIS THREE PipelineID=fd3170f9-6634-4783-93b5-17ec0fea1f1b.
2024-10-01 11:06:49,518 [f24c48c6-4a91-44a4-ae9a-fb063e2dd958-PipelineCommandHandlerThread-0] INFO  commandhandler.CreatePipelineCommandHandler (CreatePipelineCommandHandler.java:lambda$handle$2(124)) - Created Pipeline RATIS THREE PipelineID=fd3170f9-6634-4783-93b5-17ec0fea1f1b.
2024-10-01 11:06:49,529 [3ccd597d-6672-4b12-926e-746f973e87fb-PipelineCommandHandlerThread-0] INFO  server.RaftServer (RaftServerProxy.java:addNew(100)) - 3ccd597d-6672-4b12-926e-746f973e87fb: addNew group-68695E8EB38B:[3ccd597d-6672-4b12-926e-746f973e87fb|127.0.0.1:15032] returns group-68695E8EB38B:java.util.concurrent.CompletableFuture@6e64a00a[Not completed]
2024-10-01 11:06:49,531 [3ccd597d-6672-4b12-926e-746f973e87fb-groupManagement] INFO  server.RaftServer$Division (RaftServerImpl.java:<init>(254)) - 3ccd597d-6672-4b12-926e-746f973e87fb: new RaftServerImpl for group-68695E8EB38B:[3ccd597d-6672-4b12-926e-746f973e87fb|127.0.0.1:15032] with ContainerStateMachine:uninitialized
2024-10-01 11:06:49,531 [3ccd597d-6672-4b12-926e-746f973e87fb-groupManagement] INFO  server.RaftServerConfigKeys (ConfUtils.java:logGet(46)) - raft.server.rpc.timeout.min = 5s (custom)
2024-10-01 11:06:49,531 [3ccd597d-6672-4b12-926e-746f973e87fb-groupManagement] INFO  server.RaftServerConfigKeys (ConfUtils.java:logGet(46)) - raft.server.rpc.timeout.max = 5200ms (custom)
2024-10-01 11:06:49,531 [3ccd597d-6672-4b12-926e-746f973e87fb-groupManagement] INFO  server.RaftServerConfigKeys (ConfUtils.java:logGet(46)) - raft.server.rpc.sleep.time = 25ms (default)
2024-10-01 11:06:49,531 [3ccd597d-6672-4b12-926e-746f973e87fb-groupManagement] INFO  server.RaftServerConfigKeys (ConfUtils.java:logGet(46)) - raft.server.rpc.slowness.timeout = 300s (custom)
2024-10-01 11:06:49,531 [3ccd597d-6672-4b12-926e-746f973e87fb-groupManagement] INFO  server.RaftServerConfigKeys (ConfUtils.java:logGet(46)) - raft.server.leaderelection.leader.step-down.wait-time = 10s (default)
2024-10-01 11:06:49,531 [3ccd597d-6672-4b12-926e-746f973e87fb-groupManagement] INFO  server.RaftServerConfigKeys (ConfUtils.java:logGet(46)) - raft.server.leaderelection.member.majority-add = false (default)
2024-10-01 11:06:49,531 [3ccd597d-6672-4b12-926e-746f973e87fb-groupManagement] INFO  server.RaftServerConfigKeys (ConfUtils.java:logGet(46)) - raft.server.sleep.deviation.threshold = 300ms (default)
2024-10-01 11:06:49,531 [3ccd597d-6672-4b12-926e-746f973e87fb-groupManagement] INFO  server.RaftServer$Division (ServerState.java:<init>(114)) - 3ccd597d-6672-4b12-926e-746f973e87fb@group-68695E8EB38B: ConfigurationManager, init=conf: {index: -1, cur=peers:[3ccd597d-6672-4b12-926e-746f973e87fb|127.0.0.1:15032]|listeners:[], old=null}, confs=<EMPTY_MAP>
2024-10-01 11:06:49,531 [3ccd597d-6672-4b12-926e-746f973e87fb-groupManagement] INFO  server.RaftServerConfigKeys (ConfUtils.java:logGet(46)) - raft.server.notification.no-leader.timeout = 300s (custom)
2024-10-01 11:06:49,531 [3ccd597d-6672-4b12-926e-746f973e87fb-groupManagement] INFO  server.RaftServerConfigKeys (ConfUtils.java:logGet(46)) - raft.server.read.timeout = 10s (default)
2024-10-01 11:06:49,532 [3ccd597d-6672-4b12-926e-746f973e87fb-groupManagement] INFO  server.RaftServerConfigKeys (ConfUtils.java:logGet(46)) - raft.server.retrycache.expirytime = 600000ms (custom)
2024-10-01 11:06:49,532 [3ccd597d-6672-4b12-926e-746f973e87fb-groupManagement] INFO  server.RaftServerConfigKeys (ConfUtils.java:logGet(46)) - raft.server.retrycache.statistics.expirytime = 100ms (default)
2024-10-01 11:06:49,532 [3ccd597d-6672-4b12-926e-746f973e87fb-groupManagement] INFO  server.RaftServerConfigKeys (ConfUtils.java:logGet(46)) - raft.server.read.option = DEFAULT (default)
2024-10-01 11:06:49,532 [3ccd597d-6672-4b12-926e-746f973e87fb-groupManagement] INFO  server.RaftServerConfigKeys (ConfUtils.java:logGet(46)) - raft.server.read.read-after-write-consistent.write-index-cache.expiry-time = 60s (default)
2024-10-01 11:06:49,536 [3ccd597d-6672-4b12-926e-746f973e87fb-groupManagement] INFO  server.RaftServerConfigKeys (ConfUtils.java:logGet(46)) - raft.server.rpc.request.timeout = 60s (custom)
2024-10-01 11:06:49,536 [3ccd597d-6672-4b12-926e-746f973e87fb-groupManagement] INFO  server.RaftServerConfigKeys (ConfUtils.java:logGet(46)) - raft.server.log.appender.install.snapshot.enabled = false (custom)
2024-10-01 11:06:49,536 [3ccd597d-6672-4b12-926e-746f973e87fb-groupManagement] INFO  server.RaftServerConfigKeys (ConfUtils.java:logGet(46)) - raft.server.threadpool.server.cached = true (default)
2024-10-01 11:06:49,536 [3ccd597d-6672-4b12-926e-746f973e87fb-groupManagement] INFO  server.RaftServerConfigKeys (ConfUtils.java:logGet(46)) - raft.server.threadpool.server.size = 0 (default)
2024-10-01 11:06:49,536 [3ccd597d-6672-4b12-926e-746f973e87fb-groupManagement] INFO  server.RaftServerConfigKeys (ConfUtils.java:logGet(46)) - raft.server.threadpool.client.cached = true (default)
2024-10-01 11:06:49,536 [3ccd597d-6672-4b12-926e-746f973e87fb-groupManagement] INFO  server.RaftServerConfigKeys (ConfUtils.java:logGet(46)) - raft.server.threadpool.client.size = 0 (default)
2024-10-01 11:06:49,536 [3ccd597d-6672-4b12-926e-746f973e87fb-groupManagement] INFO  server.RaftServerConfigKeys (ConfUtils.java:logGet(46)) - raft.server.storage.free-space.min = 0MB (=0) (default)
2024-10-01 11:06:49,536 [3ccd597d-6672-4b12-926e-746f973e87fb-groupManagement] INFO  server.RaftServerConfigKeys (ConfUtils.java:logGet(46)) - raft.server.log.corruption.policy = EXCEPTION (default)
2024-10-01 11:06:49,536 [3ccd597d-6672-4b12-926e-746f973e87fb-groupManagement] INFO  server.RaftServerConfigKeys (ConfUtils.java:logGet(46)) - raft.server.storage.dir = [/home/runner/work/ozone/ozone/hadoop-ozone/integration-test/target/test-dir/MiniOzoneClusterImpl-6f218983-f2ca-45a9-b903-464e6faef46a/ozone-meta/datanode-3/ratis] (custom)
2024-10-01 11:06:49,537 [3ccd597d-6672-4b12-926e-746f973e87fb-groupManagement] INFO  storage.RaftStorageDirectory (RaftStorageDirectoryImpl.java:analyzeStorage(138)) - The storage directory /home/runner/work/ozone/ozone/hadoop-ozone/integration-test/target/test-dir/MiniOzoneClusterImpl-6f218983-f2ca-45a9-b903-464e6faef46a/ozone-meta/datanode-3/ratis/13758175-3302-4500-84ee-68695e8eb38b does not exist. Creating ...
2024-10-01 11:06:49,538 [3ccd597d-6672-4b12-926e-746f973e87fb-groupManagement] INFO  storage.RaftStorageDirectory (RaftStorageDirectoryImpl.java:tryLock(229)) - Lock on /home/runner/work/ozone/ozone/hadoop-ozone/integration-test/target/test-dir/MiniOzoneClusterImpl-6f218983-f2ca-45a9-b903-464e6faef46a/ozone-meta/datanode-3/ratis/13758175-3302-4500-84ee-68695e8eb38b/in_use.lock acquired by nodename 95224@fv-az1244-121
2024-10-01 11:06:49,539 [3ccd597d-6672-4b12-926e-746f973e87fb-groupManagement] INFO  storage.RaftStorage (RaftStorageImpl.java:format(98)) - Storage directory /home/runner/work/ozone/ozone/hadoop-ozone/integration-test/target/test-dir/MiniOzoneClusterImpl-6f218983-f2ca-45a9-b903-464e6faef46a/ozone-meta/datanode-3/ratis/13758175-3302-4500-84ee-68695e8eb38b has been successfully formatted.
2024-10-01 11:06:49,541 [3ccd597d-6672-4b12-926e-746f973e87fb-groupManagement] INFO  ratis.ContainerStateMachine (ContainerStateMachine.java:loadSnapshot(296)) - group-68695E8EB38B: The snapshot info is null. Setting the last applied index to:(t:0, i:~)
2024-10-01 11:06:49,541 [3ccd597d-6672-4b12-926e-746f973e87fb-groupManagement] INFO  server.RaftServerConfigKeys (ConfUtils.java:logGet(46)) - raft.server.log.use.memory = false (default)
2024-10-01 11:06:49,542 [3ccd597d-6672-4b12-926e-746f973e87fb-groupManagement] INFO  server.RaftServerConfigKeys (ConfUtils.java:logGet(46)) - raft.server.log.purge.gap = 1000000 (custom)
2024-10-01 11:06:49,542 [3ccd597d-6672-4b12-926e-746f973e87fb-groupManagement] INFO  server.RaftServerConfigKeys (ConfUtils.java:logGet(46)) - raft.server.log.appender.buffer.byte-limit = 33554432 (custom)
2024-10-01 11:06:49,543 [Recon-EventQueue-PipelineReportForReconPipelineReportHandler] INFO  scm.ReconPipelineReportHandler (ReconPipelineReportHandler.java:processPipelineReport(68)) - Unknown pipeline PipelineID=13758175-3302-4500-84ee-68695e8eb38b. Trying to get from SCM.
2024-10-01 11:06:49,544 [EventQueue-PipelineReportForPipelineReportHandler] INFO  pipeline.PipelineReportHandler (PipelineReportHandler.java:processPipelineReport(136)) - Opened pipeline PipelineID=13758175-3302-4500-84ee-68695e8eb38b
2024-10-01 11:06:49,544 [EventQueue-OpenPipelineForHealthyPipelineSafeModeRule] INFO  safemode.SCMSafeModeManager (HealthyPipelineSafeModeRule.java:process(140)) - SCM in safe mode. Healthy pipelines reported count is 0, required healthy pipeline reported count is 1
2024-10-01 11:06:49,545 [3ccd597d-6672-4b12-926e-746f973e87fb-groupManagement] INFO  server.RaftServerConfigKeys (ConfUtils.java:logGet(46)) - raft.server.log.statemachine.data.read.timeout = 1000ms (default)
2024-10-01 11:06:49,545 [3ccd597d-6672-4b12-926e-746f973e87fb-groupManagement] INFO  server.RaftServerConfigKeys (ConfUtils.java:logGet(46)) - raft.server.log.purge.preservation.log.num = 0 (default)
2024-10-01 11:06:49,546 [Recon-EventQueue-PipelineReportForReconPipelineReportHandler] INFO  scm.ReconPipelineReportHandler (ReconPipelineReportHandler.java:processPipelineReport(87)) - Pipeline Pipeline[ Id: 13758175-3302-4500-84ee-68695e8eb38b, Nodes: 3ccd597d-6672-4b12-926e-746f973e87fb(localhost/127.0.0.1) ReplicaIndex: 0, ReplicationConfig: RATIS/ONE, State:OPEN, leaderId:3ccd597d-6672-4b12-926e-746f973e87fb, CreationTimestamp2024-10-01T11:06:46.531Z[Etc/UTC]] verified from SCM and added to Recon pipeline metadata.
2024-10-01 11:06:49,546 [Recon-EventQueue-PipelineReportForReconPipelineReportHandler] INFO  scm.ReconPipelineReportHandler (ReconPipelineReportHandler.java:processPipelineReport(104)) - Pipeline RATIS/THREE PipelineID=16f3ef61-503c-4aae-b50e-3a08af1fb2fd reported by 3ccd597d-6672-4b12-926e-746f973e87fb(localhost/127.0.0.1)
2024-10-01 11:06:49,546 [Recon-EventQueue-PipelineReportForReconPipelineReportHandler] INFO  scm.ReconPipelineReportHandler (ReconPipelineReportHandler.java:processPipelineReport(104)) - Pipeline RATIS/THREE PipelineID=fd3170f9-6634-4783-93b5-17ec0fea1f1b reported by 3ccd597d-6672-4b12-926e-746f973e87fb(localhost/127.0.0.1)
2024-10-01 11:06:49,548 [3ccd597d-6672-4b12-926e-746f973e87fb-groupManagement] INFO  server.RaftServerConfigKeys (ConfUtils.java:logGet(46)) - raft.server.log.segment.size.max = 67108864 (custom)
2024-10-01 11:06:49,549 [3ccd597d-6672-4b12-926e-746f973e87fb-groupManagement] INFO  server.RaftServerConfigKeys (ConfUtils.java:logGet(46)) - raft.server.log.segment.cache.num.max = 2 (custom)
2024-10-01 11:06:49,549 [3ccd597d-6672-4b12-926e-746f973e87fb-groupManagement] INFO  server.RaftServerConfigKeys (ConfUtils.java:logGet(46)) - raft.server.log.segment.cache.size.max = 200MB (=209715200) (default)
2024-10-01 11:06:49,549 [3ccd597d-6672-4b12-926e-746f973e87fb-groupManagement] INFO  server.RaftServerConfigKeys (ConfUtils.java:logGet(46)) - raft.server.log.appender.buffer.byte-limit = 33554432 (custom)
2024-10-01 11:06:49,552 [3ccd597d-6672-4b12-926e-746f973e87fb-groupManagement] INFO  util.AwaitToRun (AwaitToRun.java:start(81)) - Thread[3ccd597d-6672-4b12-926e-746f973e87fb@group-68695E8EB38B-cacheEviction-AwaitToRun,5,main] started
2024-10-01 11:06:49,553 [3ccd597d-6672-4b12-926e-746f973e87fb-groupManagement] INFO  segmented.SegmentedRaftLogWorker (SegmentedRaftLogWorker.java:<init>(187)) - new 3ccd597d-6672-4b12-926e-746f973e87fb@group-68695E8EB38B-SegmentedRaftLogWorker for RaftStorageImpl:Storage Directory /home/runner/work/ozone/ozone/hadoop-ozone/integration-test/target/test-dir/MiniOzoneClusterImpl-6f218983-f2ca-45a9-b903-464e6faef46a/ozone-meta/datanode-3/ratis/13758175-3302-4500-84ee-68695e8eb38b
2024-10-01 11:06:49,553 [3ccd597d-6672-4b12-926e-746f973e87fb-groupManagement] INFO  server.RaftServerConfigKeys (ConfUtils.java:logGet(46)) - raft.server.log.queue.byte-limit = 4294967296 (custom)
2024-10-01 11:06:49,553 [3ccd597d-6672-4b12-926e-746f973e87fb-groupManagement] INFO  server.RaftServerConfigKeys (ConfUtils.java:logGet(46)) - raft.server.log.queue.element-limit = 1024 (custom)
2024-10-01 11:06:49,553 [3ccd597d-6672-4b12-926e-746f973e87fb-groupManagement] INFO  server.RaftServerConfigKeys (ConfUtils.java:logGet(46)) - raft.server.log.segment.size.max = 67108864 (custom)
2024-10-01 11:06:49,553 [3ccd597d-6672-4b12-926e-746f973e87fb-groupManagement] INFO  server.RaftServerConfigKeys (ConfUtils.java:logGet(46)) - raft.server.log.preallocated.size = 4194304 (custom)
2024-10-01 11:06:49,553 [3ccd597d-6672-4b12-926e-746f973e87fb-groupManagement] INFO  server.RaftServerConfigKeys (ConfUtils.java:logGet(46)) - raft.server.log.force.sync.num = 128 (default)
2024-10-01 11:06:49,553 [3ccd597d-6672-4b12-926e-746f973e87fb-groupManagement] INFO  server.RaftServerConfigKeys (ConfUtils.java:logGet(46)) - raft.server.log.statemachine.data.sync = true (default)
2024-10-01 11:06:49,553 [3ccd597d-6672-4b12-926e-746f973e87fb-groupManagement] INFO  server.RaftServerConfigKeys (ConfUtils.java:logGet(46)) - raft.server.log.statemachine.data.sync.timeout = 10s (default)
2024-10-01 11:06:49,553 [3ccd597d-6672-4b12-926e-746f973e87fb-groupManagement] INFO  server.RaftServerConfigKeys (ConfUtils.java:logGet(46)) - raft.server.log.statemachine.data.sync.timeout.retry = 30 (custom)
2024-10-01 11:06:49,554 [3ccd597d-6672-4b12-926e-746f973e87fb-groupManagement] INFO  server.RaftServerConfigKeys (ConfUtils.java:logGet(46)) - raft.server.log.write.buffer.size = 33554440 (custom)
2024-10-01 11:06:49,558 [3ccd597d-6672-4b12-926e-746f973e87fb-groupManagement] INFO  server.RaftServerConfigKeys (ConfUtils.java:logGet(46)) - raft.server.log.appender.buffer.byte-limit = 33554432 (custom)
2024-10-01 11:06:49,559 [3ccd597d-6672-4b12-926e-746f973e87fb-groupManagement] INFO  server.RaftServerConfigKeys (ConfUtils.java:logGet(46)) - raft.server.log.unsafe-flush.enabled = false (default)
2024-10-01 11:06:49,559 [3ccd597d-6672-4b12-926e-746f973e87fb-groupManagement] INFO  server.RaftServerConfigKeys (ConfUtils.java:logGet(46)) - raft.server.log.async-flush.enabled = false (default)
2024-10-01 11:06:49,559 [3ccd597d-6672-4b12-926e-746f973e87fb-groupManagement] INFO  server.RaftServerConfigKeys (ConfUtils.java:logGet(46)) - raft.server.log.statemachine.data.caching.enabled = true (custom)
2024-10-01 11:06:49,559 [3ccd597d-6672-4b12-926e-746f973e87fb-groupManagement] INFO  segmented.SegmentedRaftLogWorker (SegmentedRaftLogWorker.java:lambda$new$0(138)) - 3ccd597d-6672-4b12-926e-746f973e87fb@group-68695E8EB38B-SegmentedRaftLogWorker: flushIndex: setUnconditionally 0 -> -1
2024-10-01 11:06:49,559 [3ccd597d-6672-4b12-926e-746f973e87fb-groupManagement] INFO  segmented.SegmentedRaftLogWorker (SegmentedRaftLogWorker.java:lambda$new$0(138)) - 3ccd597d-6672-4b12-926e-746f973e87fb@group-68695E8EB38B-SegmentedRaftLogWorker: safeCacheEvictIndex: setUnconditionally 0 -> -1
2024-10-01 11:06:49,562 [3ccd597d-6672-4b12-926e-746f973e87fb-groupManagement] INFO  server.RaftServer$Division (RaftServerImpl.java:start(390)) - 3ccd597d-6672-4b12-926e-746f973e87fb@group-68695E8EB38B: start as a follower, conf=conf: {index: -1, cur=peers:[3ccd597d-6672-4b12-926e-746f973e87fb|127.0.0.1:15032]|listeners:[], old=null}
2024-10-01 11:06:49,562 [3ccd597d-6672-4b12-926e-746f973e87fb-groupManagement] INFO  server.RaftServer$Division (RaftServerImpl.java:setRole(377)) - 3ccd597d-6672-4b12-926e-746f973e87fb@group-68695E8EB38B: changes role from      null to FOLLOWER at term 0 for startAsFollower
2024-10-01 11:06:49,562 [3ccd597d-6672-4b12-926e-746f973e87fb-groupManagement] INFO  impl.RoleInfo (RoleInfo.java:updateAndGet(148)) - 3ccd597d-6672-4b12-926e-746f973e87fb: start 3ccd597d-6672-4b12-926e-746f973e87fb@group-68695E8EB38B-FollowerState
2024-10-01 11:06:49,565 [3ccd597d-6672-4b12-926e-746f973e87fb@group-68695E8EB38B-FollowerState] INFO  server.RaftServerConfigKeys (ConfUtils.java:logFallback(53)) - raft.server.rpc.first-election.timeout.min = 5s (fallback to raft.server.rpc.timeout.min)
2024-10-01 11:06:49,565 [3ccd597d-6672-4b12-926e-746f973e87fb-groupManagement] INFO  util.JmxRegister (JmxRegister.java:tryRegister(44)) - Successfully registered JMX Bean with object name Ratis:service=RaftServer,group=group-68695E8EB38B,id=3ccd597d-6672-4b12-926e-746f973e87fb
2024-10-01 11:06:49,565 [3ccd597d-6672-4b12-926e-746f973e87fb-groupManagement] INFO  util.JmxRegister (JmxRegister.java:register(58)) - register mxBean class org.apache.ratis.server.impl.RaftServerJmxAdapter as Ratis:service=RaftServer,group=group-68695E8EB38B,id=3ccd597d-6672-4b12-926e-746f973e87fb
2024-10-01 11:06:49,565 [3ccd597d-6672-4b12-926e-746f973e87fb-groupManagement] INFO  server.RaftServerConfigKeys (ConfUtils.java:logGet(46)) - raft.server.snapshot.trigger-when-stop.enabled = true (default)
2024-10-01 11:06:49,565 [3ccd597d-6672-4b12-926e-746f973e87fb-groupManagement] INFO  server.RaftServerConfigKeys (ConfUtils.java:logGet(46)) - raft.server.snapshot.trigger-when-remove.enabled = true (default)
2024-10-01 11:06:49,565 [3ccd597d-6672-4b12-926e-746f973e87fb-groupManagement] INFO  server.RaftServerConfigKeys (ConfUtils.java:logGet(46)) - raft.server.snapshot.auto.trigger.enabled = true (custom)
2024-10-01 11:06:49,565 [3ccd597d-6672-4b12-926e-746f973e87fb-groupManagement] INFO  server.RaftServerConfigKeys (ConfUtils.java:logGet(46)) - raft.server.snapshot.auto.trigger.threshold = 10000 (custom)
2024-10-01 11:06:49,565 [3ccd597d-6672-4b12-926e-746f973e87fb-groupManagement] INFO  server.RaftServerConfigKeys (ConfUtils.java:logGet(46)) - raft.server.snapshot.retention.file.num = 5 (custom)
2024-10-01 11:06:49,566 [3ccd597d-6672-4b12-926e-746f973e87fb-groupManagement] INFO  server.RaftServerConfigKeys (ConfUtils.java:logGet(46)) - raft.server.log.purge.upto.snapshot.index = false (default)
2024-10-01 11:06:49,565 [3ccd597d-6672-4b12-926e-746f973e87fb@group-68695E8EB38B-FollowerState] INFO  server.RaftServerConfigKeys (ConfUtils.java:logFallback(53)) - raft.server.rpc.first-election.timeout.max = 5200ms (fallback to raft.server.rpc.timeout.max)
2024-10-01 11:06:49,569 [3ccd597d-6672-4b12-926e-746f973e87fb-PipelineCommandHandlerThread-0] INFO  ratis.XceiverServerRatis (XceiverServerRatis.java:addGroup(844)) - Created group PipelineID=13758175-3302-4500-84ee-68695e8eb38b
2024-10-01 11:06:49,569 [3ccd597d-6672-4b12-926e-746f973e87fb-PipelineCommandHandlerThread-0] INFO  commandhandler.CreatePipelineCommandHandler (CreatePipelineCommandHandler.java:lambda$handle$2(124)) - Created Pipeline RATIS ONE PipelineID=13758175-3302-4500-84ee-68695e8eb38b.
2024-10-01 11:06:49,814 [bd925bb8-7373-4f0c-89ce-c10b2a53e1f4-PipelineCommandHandlerThread-0] INFO  server.RaftServer (RaftServerProxy.java:addNew(100)) - bd925bb8-7373-4f0c-89ce-c10b2a53e1f4: addNew group-801043AF9AA0:[bd925bb8-7373-4f0c-89ce-c10b2a53e1f4|127.0.0.1:15041] returns group-801043AF9AA0:java.util.concurrent.CompletableFuture@d886c44[Not completed]
2024-10-01 11:06:49,818 [main] INFO  ozone.MiniOzoneClusterImpl (MiniOzoneClusterImpl.java:lambda$waitForClusterToBeReady$0(198)) - Nodes are ready. Got 4 of 4 DN Heartbeats.
2024-10-01 11:06:49,819 [main] INFO  ozone.MiniOzoneClusterImpl (MiniOzoneClusterImpl.java:lambda$waitForClusterToBeReady$0(201)) - Waiting for cluster to exit safe mode
2024-10-01 11:06:49,819 [main] INFO  ozone.MiniOzoneClusterImpl (MiniOzoneClusterImpl.java:lambda$waitForClusterToBeReady$0(203)) - SCM became leader
2024-10-01 11:06:49,821 [bd925bb8-7373-4f0c-89ce-c10b2a53e1f4-groupManagement] INFO  server.RaftServer$Division (RaftServerImpl.java:<init>(254)) - bd925bb8-7373-4f0c-89ce-c10b2a53e1f4: new RaftServerImpl for group-801043AF9AA0:[bd925bb8-7373-4f0c-89ce-c10b2a53e1f4|127.0.0.1:15041] with ContainerStateMachine:uninitialized
2024-10-01 11:06:49,822 [bd925bb8-7373-4f0c-89ce-c10b2a53e1f4-groupManagement] INFO  server.RaftServerConfigKeys (ConfUtils.java:logGet(46)) - raft.server.rpc.timeout.min = 5s (custom)
2024-10-01 11:06:49,822 [bd925bb8-7373-4f0c-89ce-c10b2a53e1f4-groupManagement] INFO  server.RaftServerConfigKeys (ConfUtils.java:logGet(46)) - raft.server.rpc.timeout.max = 5200ms (custom)
2024-10-01 11:06:49,822 [bd925bb8-7373-4f0c-89ce-c10b2a53e1f4-groupManagement] INFO  server.RaftServerConfigKeys (ConfUtils.java:logGet(46)) - raft.server.rpc.sleep.time = 25ms (default)
2024-10-01 11:06:49,822 [bd925bb8-7373-4f0c-89ce-c10b2a53e1f4-groupManagement] INFO  server.RaftServerConfigKeys (ConfUtils.java:logGet(46)) - raft.server.rpc.slowness.timeout = 300s (custom)
2024-10-01 11:06:49,822 [bd925bb8-7373-4f0c-89ce-c10b2a53e1f4-groupManagement] INFO  server.RaftServerConfigKeys (ConfUtils.java:logGet(46)) - raft.server.leaderelection.leader.step-down.wait-time = 10s (default)
2024-10-01 11:06:49,822 [bd925bb8-7373-4f0c-89ce-c10b2a53e1f4-groupManagement] INFO  server.RaftServerConfigKeys (ConfUtils.java:logGet(46)) - raft.server.leaderelection.member.majority-add = false (default)
2024-10-01 11:06:49,822 [bd925bb8-7373-4f0c-89ce-c10b2a53e1f4-groupManagement] INFO  server.RaftServerConfigKeys (ConfUtils.java:logGet(46)) - raft.server.sleep.deviation.threshold = 300ms (default)
2024-10-01 11:06:49,822 [bd925bb8-7373-4f0c-89ce-c10b2a53e1f4-groupManagement] INFO  server.RaftServer$Division (ServerState.java:<init>(114)) - bd925bb8-7373-4f0c-89ce-c10b2a53e1f4@group-801043AF9AA0: ConfigurationManager, init=conf: {index: -1, cur=peers:[bd925bb8-7373-4f0c-89ce-c10b2a53e1f4|127.0.0.1:15041]|listeners:[], old=null}, confs=<EMPTY_MAP>
2024-10-01 11:06:49,822 [bd925bb8-7373-4f0c-89ce-c10b2a53e1f4-groupManagement] INFO  server.RaftServerConfigKeys (ConfUtils.java:logGet(46)) - raft.server.notification.no-leader.timeout = 300s (custom)
2024-10-01 11:06:49,822 [bd925bb8-7373-4f0c-89ce-c10b2a53e1f4-groupManagement] INFO  server.RaftServerConfigKeys (ConfUtils.java:logGet(46)) - raft.server.read.timeout = 10s (default)
2024-10-01 11:06:49,822 [bd925bb8-7373-4f0c-89ce-c10b2a53e1f4-groupManagement] INFO  server.RaftServerConfigKeys (ConfUtils.java:logGet(46)) - raft.server.retrycache.expirytime = 600000ms (custom)
2024-10-01 11:06:49,823 [bd925bb8-7373-4f0c-89ce-c10b2a53e1f4-groupManagement] INFO  server.RaftServerConfigKeys (ConfUtils.java:logGet(46)) - raft.server.retrycache.statistics.expirytime = 100ms (default)
2024-10-01 11:06:49,823 [bd925bb8-7373-4f0c-89ce-c10b2a53e1f4-groupManagement] INFO  server.RaftServerConfigKeys (ConfUtils.java:logGet(46)) - raft.server.read.option = DEFAULT (default)
2024-10-01 11:06:49,823 [bd925bb8-7373-4f0c-89ce-c10b2a53e1f4-groupManagement] INFO  server.RaftServerConfigKeys (ConfUtils.java:logGet(46)) - raft.server.read.read-after-write-consistent.write-index-cache.expiry-time = 60s (default)
2024-10-01 11:06:49,828 [bd925bb8-7373-4f0c-89ce-c10b2a53e1f4-groupManagement] INFO  server.RaftServerConfigKeys (ConfUtils.java:logGet(46)) - raft.server.rpc.request.timeout = 60s (custom)
2024-10-01 11:06:49,828 [bd925bb8-7373-4f0c-89ce-c10b2a53e1f4-groupManagement] INFO  server.RaftServerConfigKeys (ConfUtils.java:logGet(46)) - raft.server.log.appender.install.snapshot.enabled = false (custom)
2024-10-01 11:06:49,829 [bd925bb8-7373-4f0c-89ce-c10b2a53e1f4-groupManagement] INFO  server.RaftServerConfigKeys (ConfUtils.java:logGet(46)) - raft.server.threadpool.server.cached = true (default)
2024-10-01 11:06:49,829 [bd925bb8-7373-4f0c-89ce-c10b2a53e1f4-groupManagement] INFO  server.RaftServerConfigKeys (ConfUtils.java:logGet(46)) - raft.server.threadpool.server.size = 0 (default)
2024-10-01 11:06:49,829 [bd925bb8-7373-4f0c-89ce-c10b2a53e1f4-groupManagement] INFO  server.RaftServerConfigKeys (ConfUtils.java:logGet(46)) - raft.server.threadpool.client.cached = true (default)
2024-10-01 11:06:49,829 [bd925bb8-7373-4f0c-89ce-c10b2a53e1f4-groupManagement] INFO  server.RaftServerConfigKeys (ConfUtils.java:logGet(46)) - raft.server.threadpool.client.size = 0 (default)
2024-10-01 11:06:49,829 [bd925bb8-7373-4f0c-89ce-c10b2a53e1f4-groupManagement] INFO  server.RaftServerConfigKeys (ConfUtils.java:logGet(46)) - raft.server.storage.free-space.min = 0MB (=0) (default)
2024-10-01 11:06:49,829 [bd925bb8-7373-4f0c-89ce-c10b2a53e1f4-groupManagement] INFO  server.RaftServerConfigKeys (ConfUtils.java:logGet(46)) - raft.server.log.corruption.policy = EXCEPTION (default)
2024-10-01 11:06:49,829 [bd925bb8-7373-4f0c-89ce-c10b2a53e1f4-groupManagement] INFO  server.RaftServerConfigKeys (ConfUtils.java:logGet(46)) - raft.server.storage.dir = [/home/runner/work/ozone/ozone/hadoop-ozone/integration-test/target/test-dir/MiniOzoneClusterImpl-6f218983-f2ca-45a9-b903-464e6faef46a/ozone-meta/datanode-4/ratis] (custom)
2024-10-01 11:06:49,829 [bd925bb8-7373-4f0c-89ce-c10b2a53e1f4-groupManagement] INFO  storage.RaftStorageDirectory (RaftStorageDirectoryImpl.java:analyzeStorage(138)) - The storage directory /home/runner/work/ozone/ozone/hadoop-ozone/integration-test/target/test-dir/MiniOzoneClusterImpl-6f218983-f2ca-45a9-b903-464e6faef46a/ozone-meta/datanode-4/ratis/589fc585-bd4b-4bfe-8045-801043af9aa0 does not exist. Creating ...
2024-10-01 11:06:49,831 [bd925bb8-7373-4f0c-89ce-c10b2a53e1f4-groupManagement] INFO  storage.RaftStorageDirectory (RaftStorageDirectoryImpl.java:tryLock(229)) - Lock on /home/runner/work/ozone/ozone/hadoop-ozone/integration-test/target/test-dir/MiniOzoneClusterImpl-6f218983-f2ca-45a9-b903-464e6faef46a/ozone-meta/datanode-4/ratis/589fc585-bd4b-4bfe-8045-801043af9aa0/in_use.lock acquired by nodename 95224@fv-az1244-121
2024-10-01 11:06:49,832 [bd925bb8-7373-4f0c-89ce-c10b2a53e1f4-groupManagement] INFO  storage.RaftStorage (RaftStorageImpl.java:format(98)) - Storage directory /home/runner/work/ozone/ozone/hadoop-ozone/integration-test/target/test-dir/MiniOzoneClusterImpl-6f218983-f2ca-45a9-b903-464e6faef46a/ozone-meta/datanode-4/ratis/589fc585-bd4b-4bfe-8045-801043af9aa0 has been successfully formatted.
2024-10-01 11:06:49,833 [bd925bb8-7373-4f0c-89ce-c10b2a53e1f4-groupManagement] INFO  ratis.ContainerStateMachine (ContainerStateMachine.java:loadSnapshot(296)) - group-801043AF9AA0: The snapshot info is null. Setting the last applied index to:(t:0, i:~)
2024-10-01 11:06:49,833 [bd925bb8-7373-4f0c-89ce-c10b2a53e1f4-groupManagement] INFO  server.RaftServerConfigKeys (ConfUtils.java:logGet(46)) - raft.server.log.use.memory = false (default)
2024-10-01 11:06:49,833 [bd925bb8-7373-4f0c-89ce-c10b2a53e1f4-groupManagement] INFO  server.RaftServerConfigKeys (ConfUtils.java:logGet(46)) - raft.server.log.purge.gap = 1000000 (custom)
2024-10-01 11:06:49,833 [bd925bb8-7373-4f0c-89ce-c10b2a53e1f4-groupManagement] INFO  server.RaftServerConfigKeys (ConfUtils.java:logGet(46)) - raft.server.log.appender.buffer.byte-limit = 33554432 (custom)
2024-10-01 11:06:49,833 [bd925bb8-7373-4f0c-89ce-c10b2a53e1f4-groupManagement] INFO  server.RaftServerConfigKeys (ConfUtils.java:logGet(46)) - raft.server.log.statemachine.data.read.timeout = 1000ms (default)
2024-10-01 11:06:49,834 [bd925bb8-7373-4f0c-89ce-c10b2a53e1f4-groupManagement] INFO  server.RaftServerConfigKeys (ConfUtils.java:logGet(46)) - raft.server.log.purge.preservation.log.num = 0 (default)
2024-10-01 11:06:49,836 [bd925bb8-7373-4f0c-89ce-c10b2a53e1f4-groupManagement] INFO  server.RaftServerConfigKeys (ConfUtils.java:logGet(46)) - raft.server.log.segment.size.max = 67108864 (custom)
2024-10-01 11:06:49,836 [EventQueue-PipelineReportForPipelineReportHandler] INFO  pipeline.PipelineReportHandler (PipelineReportHandler.java:processPipelineReport(136)) - Opened pipeline PipelineID=589fc585-bd4b-4bfe-8045-801043af9aa0
2024-10-01 11:06:49,837 [EventQueue-OpenPipelineForHealthyPipelineSafeModeRule] INFO  safemode.SCMSafeModeManager (HealthyPipelineSafeModeRule.java:process(140)) - SCM in safe mode. Healthy pipelines reported count is 0, required healthy pipeline reported count is 1
2024-10-01 11:06:49,837 [bd925bb8-7373-4f0c-89ce-c10b2a53e1f4-groupManagement] INFO  server.RaftServerConfigKeys (ConfUtils.java:logGet(46)) - raft.server.log.segment.cache.num.max = 2 (custom)
2024-10-01 11:06:49,837 [bd925bb8-7373-4f0c-89ce-c10b2a53e1f4-groupManagement] INFO  server.RaftServerConfigKeys (ConfUtils.java:logGet(46)) - raft.server.log.segment.cache.size.max = 200MB (=209715200) (default)
2024-10-01 11:06:49,837 [bd925bb8-7373-4f0c-89ce-c10b2a53e1f4-groupManagement] INFO  server.RaftServerConfigKeys (ConfUtils.java:logGet(46)) - raft.server.log.appender.buffer.byte-limit = 33554432 (custom)
2024-10-01 11:06:49,837 [bd925bb8-7373-4f0c-89ce-c10b2a53e1f4-groupManagement] INFO  util.AwaitToRun (AwaitToRun.java:start(81)) - Thread[bd925bb8-7373-4f0c-89ce-c10b2a53e1f4@group-801043AF9AA0-cacheEviction-AwaitToRun,5,main] started
2024-10-01 11:06:49,837 [bd925bb8-7373-4f0c-89ce-c10b2a53e1f4-groupManagement] INFO  segmented.SegmentedRaftLogWorker (SegmentedRaftLogWorker.java:<init>(187)) - new bd925bb8-7373-4f0c-89ce-c10b2a53e1f4@group-801043AF9AA0-SegmentedRaftLogWorker for RaftStorageImpl:Storage Directory /home/runner/work/ozone/ozone/hadoop-ozone/integration-test/target/test-dir/MiniOzoneClusterImpl-6f218983-f2ca-45a9-b903-464e6faef46a/ozone-meta/datanode-4/ratis/589fc585-bd4b-4bfe-8045-801043af9aa0
2024-10-01 11:06:49,837 [bd925bb8-7373-4f0c-89ce-c10b2a53e1f4-groupManagement] INFO  server.RaftServerConfigKeys (ConfUtils.java:logGet(46)) - raft.server.log.queue.byte-limit = 4294967296 (custom)
2024-10-01 11:06:49,837 [bd925bb8-7373-4f0c-89ce-c10b2a53e1f4-groupManagement] INFO  server.RaftServerConfigKeys (ConfUtils.java:logGet(46)) - raft.server.log.queue.element-limit = 1024 (custom)
2024-10-01 11:06:49,837 [bd925bb8-7373-4f0c-89ce-c10b2a53e1f4-groupManagement] INFO  server.RaftServerConfigKeys (ConfUtils.java:logGet(46)) - raft.server.log.segment.size.max = 67108864 (custom)
2024-10-01 11:06:49,838 [bd925bb8-7373-4f0c-89ce-c10b2a53e1f4-groupManagement] INFO  server.RaftServerConfigKeys (ConfUtils.java:logGet(46)) - raft.server.log.preallocated.size = 4194304 (custom)
2024-10-01 11:06:49,838 [bd925bb8-7373-4f0c-89ce-c10b2a53e1f4-groupManagement] INFO  server.RaftServerConfigKeys (ConfUtils.java:logGet(46)) - raft.server.log.force.sync.num = 128 (default)
2024-10-01 11:06:49,838 [bd925bb8-7373-4f0c-89ce-c10b2a53e1f4-groupManagement] INFO  server.RaftServerConfigKeys (ConfUtils.java:logGet(46)) - raft.server.log.statemachine.data.sync = true (default)
2024-10-01 11:06:49,838 [bd925bb8-7373-4f0c-89ce-c10b2a53e1f4-groupManagement] INFO  server.RaftServerConfigKeys (ConfUtils.java:logGet(46)) - raft.server.log.statemachine.data.sync.timeout = 10s (default)
2024-10-01 11:06:49,838 [IPC Server handler 11 on default port 15009] INFO  scm.ReconNodeManager (ReconNodeManager.java:register(286)) - Updating nodeDB for localhost
2024-10-01 11:06:49,838 [bd925bb8-7373-4f0c-89ce-c10b2a53e1f4-groupManagement] INFO  server.RaftServerConfigKeys (ConfUtils.java:logGet(46)) - raft.server.log.statemachine.data.sync.timeout.retry = 30 (custom)
2024-10-01 11:06:49,838 [bd925bb8-7373-4f0c-89ce-c10b2a53e1f4-groupManagement] INFO  server.RaftServerConfigKeys (ConfUtils.java:logGet(46)) - raft.server.log.write.buffer.size = 33554440 (custom)
2024-10-01 11:06:49,838 [IPC Server handler 11 on default port 15009] INFO  recon.ReconContext (ReconContext.java:updateHealthStatus(77)) - Update healthStatus of Recon from true to true.
2024-10-01 11:06:49,840 [Recon-EventQueue-PipelineReportForReconPipelineReportHandler] INFO  scm.ReconPipelineReportHandler (ReconPipelineReportHandler.java:processPipelineReport(68)) - Unknown pipeline PipelineID=589fc585-bd4b-4bfe-8045-801043af9aa0. Trying to get from SCM.
2024-10-01 11:06:49,843 [Recon-EventQueue-PipelineReportForReconPipelineReportHandler] INFO  scm.ReconPipelineReportHandler (ReconPipelineReportHandler.java:processPipelineReport(87)) - Pipeline Pipeline[ Id: 589fc585-bd4b-4bfe-8045-801043af9aa0, Nodes: bd925bb8-7373-4f0c-89ce-c10b2a53e1f4(localhost/127.0.0.1) ReplicaIndex: 0, ReplicationConfig: RATIS/ONE, State:OPEN, leaderId:bd925bb8-7373-4f0c-89ce-c10b2a53e1f4, CreationTimestamp2024-10-01T11:06:46.818Z[Etc/UTC]] verified from SCM and added to Recon pipeline metadata.
2024-10-01 11:06:49,844 [bd925bb8-7373-4f0c-89ce-c10b2a53e1f4-groupManagement] INFO  server.RaftServerConfigKeys (ConfUtils.java:logGet(46)) - raft.server.log.appender.buffer.byte-limit = 33554432 (custom)
2024-10-01 11:06:49,845 [bd925bb8-7373-4f0c-89ce-c10b2a53e1f4-groupManagement] INFO  server.RaftServerConfigKeys (ConfUtils.java:logGet(46)) - raft.server.log.unsafe-flush.enabled = false (default)
2024-10-01 11:06:49,845 [bd925bb8-7373-4f0c-89ce-c10b2a53e1f4-groupManagement] INFO  server.RaftServerConfigKeys (ConfUtils.java:logGet(46)) - raft.server.log.async-flush.enabled = false (default)
2024-10-01 11:06:49,845 [bd925bb8-7373-4f0c-89ce-c10b2a53e1f4-groupManagement] INFO  server.RaftServerConfigKeys (ConfUtils.java:logGet(46)) - raft.server.log.statemachine.data.caching.enabled = true (custom)
2024-10-01 11:06:49,845 [bd925bb8-7373-4f0c-89ce-c10b2a53e1f4-groupManagement] INFO  segmented.SegmentedRaftLogWorker (SegmentedRaftLogWorker.java:lambda$new$0(138)) - bd925bb8-7373-4f0c-89ce-c10b2a53e1f4@group-801043AF9AA0-SegmentedRaftLogWorker: flushIndex: setUnconditionally 0 -> -1
2024-10-01 11:06:49,845 [bd925bb8-7373-4f0c-89ce-c10b2a53e1f4-groupManagement] INFO  segmented.SegmentedRaftLogWorker (SegmentedRaftLogWorker.java:lambda$new$0(138)) - bd925bb8-7373-4f0c-89ce-c10b2a53e1f4@group-801043AF9AA0-SegmentedRaftLogWorker: safeCacheEvictIndex: setUnconditionally 0 -> -1
2024-10-01 11:06:49,845 [bd925bb8-7373-4f0c-89ce-c10b2a53e1f4-groupManagement] INFO  server.RaftServer$Division (RaftServerImpl.java:start(390)) - bd925bb8-7373-4f0c-89ce-c10b2a53e1f4@group-801043AF9AA0: start as a follower, conf=conf: {index: -1, cur=peers:[bd925bb8-7373-4f0c-89ce-c10b2a53e1f4|127.0.0.1:15041]|listeners:[], old=null}
2024-10-01 11:06:49,846 [bd925bb8-7373-4f0c-89ce-c10b2a53e1f4-groupManagement] INFO  server.RaftServer$Division (RaftServerImpl.java:setRole(377)) - bd925bb8-7373-4f0c-89ce-c10b2a53e1f4@group-801043AF9AA0: changes role from      null to FOLLOWER at term 0 for startAsFollower
2024-10-01 11:06:49,846 [bd925bb8-7373-4f0c-89ce-c10b2a53e1f4-groupManagement] INFO  impl.RoleInfo (RoleInfo.java:updateAndGet(148)) - bd925bb8-7373-4f0c-89ce-c10b2a53e1f4: start bd925bb8-7373-4f0c-89ce-c10b2a53e1f4@group-801043AF9AA0-FollowerState
2024-10-01 11:06:49,849 [bd925bb8-7373-4f0c-89ce-c10b2a53e1f4@group-801043AF9AA0-FollowerState] INFO  server.RaftServerConfigKeys (ConfUtils.java:logFallback(53)) - raft.server.rpc.first-election.timeout.min = 5s (fallback to raft.server.rpc.timeout.min)
2024-10-01 11:06:49,849 [bd925bb8-7373-4f0c-89ce-c10b2a53e1f4@group-801043AF9AA0-FollowerState] INFO  server.RaftServerConfigKeys (ConfUtils.java:logFallback(53)) - raft.server.rpc.first-election.timeout.max = 5200ms (fallback to raft.server.rpc.timeout.max)
2024-10-01 11:06:49,849 [bd925bb8-7373-4f0c-89ce-c10b2a53e1f4-groupManagement] INFO  util.JmxRegister (JmxRegister.java:tryRegister(44)) - Successfully registered JMX Bean with object name Ratis:service=RaftServer,group=group-801043AF9AA0,id=bd925bb8-7373-4f0c-89ce-c10b2a53e1f4
2024-10-01 11:06:49,849 [bd925bb8-7373-4f0c-89ce-c10b2a53e1f4-groupManagement] INFO  util.JmxRegister (JmxRegister.java:register(58)) - register mxBean class org.apache.ratis.server.impl.RaftServerJmxAdapter as Ratis:service=RaftServer,group=group-801043AF9AA0,id=bd925bb8-7373-4f0c-89ce-c10b2a53e1f4
2024-10-01 11:06:49,849 [bd925bb8-7373-4f0c-89ce-c10b2a53e1f4-groupManagement] INFO  server.RaftServerConfigKeys (ConfUtils.java:logGet(46)) - raft.server.snapshot.trigger-when-stop.enabled = true (default)
2024-10-01 11:06:49,849 [bd925bb8-7373-4f0c-89ce-c10b2a53e1f4-groupManagement] INFO  server.RaftServerConfigKeys (ConfUtils.java:logGet(46)) - raft.server.snapshot.trigger-when-remove.enabled = true (default)
2024-10-01 11:06:49,849 [bd925bb8-7373-4f0c-89ce-c10b2a53e1f4-groupManagement] INFO  server.RaftServerConfigKeys (ConfUtils.java:logGet(46)) - raft.server.snapshot.auto.trigger.enabled = true (custom)
2024-10-01 11:06:49,849 [bd925bb8-7373-4f0c-89ce-c10b2a53e1f4-groupManagement] INFO  server.RaftServerConfigKeys (ConfUtils.java:logGet(46)) - raft.server.snapshot.auto.trigger.threshold = 10000 (custom)
2024-10-01 11:06:49,849 [bd925bb8-7373-4f0c-89ce-c10b2a53e1f4-groupManagement] INFO  server.RaftServerConfigKeys (ConfUtils.java:logGet(46)) - raft.server.snapshot.retention.file.num = 5 (custom)
2024-10-01 11:06:49,849 [bd925bb8-7373-4f0c-89ce-c10b2a53e1f4-groupManagement] INFO  server.RaftServerConfigKeys (ConfUtils.java:logGet(46)) - raft.server.log.purge.upto.snapshot.index = false (default)
2024-10-01 11:06:49,853 [bd925bb8-7373-4f0c-89ce-c10b2a53e1f4-PipelineCommandHandlerThread-0] INFO  ratis.XceiverServerRatis (XceiverServerRatis.java:addGroup(844)) - Created group PipelineID=589fc585-bd4b-4bfe-8045-801043af9aa0
2024-10-01 11:06:49,853 [bd925bb8-7373-4f0c-89ce-c10b2a53e1f4-PipelineCommandHandlerThread-0] INFO  commandhandler.CreatePipelineCommandHandler (CreatePipelineCommandHandler.java:lambda$handle$2(124)) - Created Pipeline RATIS ONE PipelineID=589fc585-bd4b-4bfe-8045-801043af9aa0.
2024-10-01 11:06:50,819 [main] INFO  ozone.MiniOzoneClusterImpl (MiniOzoneClusterImpl.java:lambda$waitForClusterToBeReady$0(198)) - Nodes are ready. Got 4 of 4 DN Heartbeats.
2024-10-01 11:06:50,819 [main] INFO  ozone.MiniOzoneClusterImpl (MiniOzoneClusterImpl.java:lambda$waitForClusterToBeReady$0(201)) - Waiting for cluster to exit safe mode
2024-10-01 11:06:50,819 [main] INFO  ozone.MiniOzoneClusterImpl (MiniOzoneClusterImpl.java:lambda$waitForClusterToBeReady$0(203)) - SCM became leader
2024-10-01 11:06:51,820 [main] INFO  ozone.MiniOzoneClusterImpl (MiniOzoneClusterImpl.java:lambda$waitForClusterToBeReady$0(198)) - Nodes are ready. Got 4 of 4 DN Heartbeats.
2024-10-01 11:06:51,820 [main] INFO  ozone.MiniOzoneClusterImpl (MiniOzoneClusterImpl.java:lambda$waitForClusterToBeReady$0(201)) - Waiting for cluster to exit safe mode
2024-10-01 11:06:51,820 [main] INFO  ozone.MiniOzoneClusterImpl (MiniOzoneClusterImpl.java:lambda$waitForClusterToBeReady$0(203)) - SCM became leader
2024-10-01 11:06:52,820 [main] INFO  ozone.MiniOzoneClusterImpl (MiniOzoneClusterImpl.java:lambda$waitForClusterToBeReady$0(198)) - Nodes are ready. Got 4 of 4 DN Heartbeats.
2024-10-01 11:06:52,821 [main] INFO  ozone.MiniOzoneClusterImpl (MiniOzoneClusterImpl.java:lambda$waitForClusterToBeReady$0(201)) - Waiting for cluster to exit safe mode
2024-10-01 11:06:52,821 [main] INFO  ozone.MiniOzoneClusterImpl (MiniOzoneClusterImpl.java:lambda$waitForClusterToBeReady$0(203)) - SCM became leader
2024-10-01 11:06:53,821 [main] INFO  ozone.MiniOzoneClusterImpl (MiniOzoneClusterImpl.java:lambda$waitForClusterToBeReady$0(198)) - Nodes are ready. Got 4 of 4 DN Heartbeats.
2024-10-01 11:06:53,821 [main] INFO  ozone.MiniOzoneClusterImpl (MiniOzoneClusterImpl.java:lambda$waitForClusterToBeReady$0(201)) - Waiting for cluster to exit safe mode
2024-10-01 11:06:53,821 [main] INFO  ozone.MiniOzoneClusterImpl (MiniOzoneClusterImpl.java:lambda$waitForClusterToBeReady$0(203)) - SCM became leader
2024-10-01 11:06:54,049 [f24c48c6-4a91-44a4-ae9a-fb063e2dd958@group-F07362706381-FollowerState] INFO  impl.FollowerState (FollowerState.java:run(144)) - f24c48c6-4a91-44a4-ae9a-fb063e2dd958@group-F07362706381-FollowerState: change to CANDIDATE, lastRpcElapsedTime:5066592794ns, electionTimeout:5064ms
2024-10-01 11:06:54,049 [f24c48c6-4a91-44a4-ae9a-fb063e2dd958@group-F07362706381-FollowerState] INFO  impl.RoleInfo (RoleInfo.java:shutdownFollowerState(119)) - f24c48c6-4a91-44a4-ae9a-fb063e2dd958: shutdown f24c48c6-4a91-44a4-ae9a-fb063e2dd958@group-F07362706381-FollowerState
2024-10-01 11:06:54,049 [f24c48c6-4a91-44a4-ae9a-fb063e2dd958@group-F07362706381-FollowerState] INFO  server.RaftServer$Division (RaftServerImpl.java:setRole(377)) - f24c48c6-4a91-44a4-ae9a-fb063e2dd958@group-F07362706381: changes role from  FOLLOWER to CANDIDATE at term 0 for changeToCandidate
2024-10-01 11:06:54,049 [f24c48c6-4a91-44a4-ae9a-fb063e2dd958@group-F07362706381-FollowerState] INFO  server.RaftServerConfigKeys (ConfUtils.java:logGet(46)) - raft.server.leaderelection.pre-vote = true (default)
2024-10-01 11:06:54,049 [f24c48c6-4a91-44a4-ae9a-fb063e2dd958@group-F07362706381-FollowerState] INFO  impl.RoleInfo (RoleInfo.java:updateAndGet(148)) - f24c48c6-4a91-44a4-ae9a-fb063e2dd958: start f24c48c6-4a91-44a4-ae9a-fb063e2dd958@group-F07362706381-LeaderElection2
2024-10-01 11:06:54,049 [f24c48c6-4a91-44a4-ae9a-fb063e2dd958@group-F07362706381-LeaderElection2] INFO  impl.LeaderElection (LeaderElection.java:askForVotes(325)) - f24c48c6-4a91-44a4-ae9a-fb063e2dd958@group-F07362706381-LeaderElection2 PRE_VOTE round 0: submit vote requests at term 0 for conf: {index: -1, cur=peers:[f24c48c6-4a91-44a4-ae9a-fb063e2dd958|127.0.0.1:15014]|listeners:[], old=null}
2024-10-01 11:06:54,050 [f24c48c6-4a91-44a4-ae9a-fb063e2dd958@group-F07362706381-LeaderElection2] INFO  impl.LeaderElection (LeaderElection.java:askForVotes(327)) - f24c48c6-4a91-44a4-ae9a-fb063e2dd958@group-F07362706381-LeaderElection2 PRE_VOTE round 0: result PASSED (term=0)
2024-10-01 11:06:54,051 [f24c48c6-4a91-44a4-ae9a-fb063e2dd958@group-F07362706381-LeaderElection2] INFO  impl.LeaderElection (LeaderElection.java:askForVotes(325)) - f24c48c6-4a91-44a4-ae9a-fb063e2dd958@group-F07362706381-LeaderElection2 ELECTION round 0: submit vote requests at term 1 for conf: {index: -1, cur=peers:[f24c48c6-4a91-44a4-ae9a-fb063e2dd958|127.0.0.1:15014]|listeners:[], old=null}
2024-10-01 11:06:54,051 [f24c48c6-4a91-44a4-ae9a-fb063e2dd958@group-F07362706381-LeaderElection2] INFO  impl.LeaderElection (LeaderElection.java:askForVotes(327)) - f24c48c6-4a91-44a4-ae9a-fb063e2dd958@group-F07362706381-LeaderElection2 ELECTION round 0: result PASSED (term=1)
2024-10-01 11:06:54,051 [f24c48c6-4a91-44a4-ae9a-fb063e2dd958@group-F07362706381-LeaderElection2] INFO  impl.RoleInfo (RoleInfo.java:shutdownLeaderElection(139)) - f24c48c6-4a91-44a4-ae9a-fb063e2dd958: shutdown f24c48c6-4a91-44a4-ae9a-fb063e2dd958@group-F07362706381-LeaderElection2
2024-10-01 11:06:54,051 [f24c48c6-4a91-44a4-ae9a-fb063e2dd958@group-F07362706381-LeaderElection2] INFO  server.RaftServer$Division (RaftServerImpl.java:setRole(377)) - f24c48c6-4a91-44a4-ae9a-fb063e2dd958@group-F07362706381: changes role from CANDIDATE to LEADER at term 1 for changeToLeader
2024-10-01 11:06:54,052 [f24c48c6-4a91-44a4-ae9a-fb063e2dd958@group-F07362706381-LeaderElection2] INFO  server.RaftServerConfigKeys (ConfUtils.java:logGet(46)) - raft.server.staging.catchup.gap = 1000 (default)
2024-10-01 11:06:54,052 [f24c48c6-4a91-44a4-ae9a-fb063e2dd958@group-F07362706381-LeaderElection2] INFO  server.RaftServerConfigKeys (ConfUtils.java:logGet(46)) - raft.server.write.element-limit = 1024 (custom)
2024-10-01 11:06:54,052 [f24c48c6-4a91-44a4-ae9a-fb063e2dd958@group-F07362706381-LeaderElection2] INFO  server.RaftServerConfigKeys (ConfUtils.java:logGet(46)) - raft.server.write.byte-limit = 1024 M (=1073741824) (custom)
2024-10-01 11:06:54,052 [f24c48c6-4a91-44a4-ae9a-fb063e2dd958@group-F07362706381-LeaderElection2] INFO  server.RaftServerConfigKeys (ConfUtils.java:logGet(46)) - raft.server.watch.timeout = 30s (custom)
2024-10-01 11:06:54,052 [f24c48c6-4a91-44a4-ae9a-fb063e2dd958@group-F07362706381-LeaderElection2] INFO  server.RaftServerConfigKeys (ConfUtils.java:logGet(46)) - raft.server.watch.timeout.denomination = 1s (default)
2024-10-01 11:06:54,052 [f24c48c6-4a91-44a4-ae9a-fb063e2dd958@group-F07362706381-LeaderElection2] INFO  server.RaftServerConfigKeys (ConfUtils.java:logGet(46)) - raft.server.watch.element-limit = 65536 (default)
2024-10-01 11:06:54,053 [f24c48c6-4a91-44a4-ae9a-fb063e2dd958@group-F07362706381-LeaderElection2] INFO  server.RaftServerConfigKeys (ConfUtils.java:logGet(46)) - raft.server.read.leader.lease.enabled = false (default)
2024-10-01 11:06:54,053 [f24c48c6-4a91-44a4-ae9a-fb063e2dd958@group-F07362706381-LeaderElection2] INFO  server.RaftServerConfigKeys (ConfUtils.java:logGet(46)) - raft.server.read.leader.lease.timeout.ratio = 0.9 (default)
2024-10-01 11:06:54,053 [f24c48c6-4a91-44a4-ae9a-fb063e2dd958@group-F07362706381-LeaderElection2] INFO  server.RaftServerConfigKeys (ConfUtils.java:logGet(46)) - raft.server.rpc.timeout.min = 5s (custom)
2024-10-01 11:06:54,053 [f24c48c6-4a91-44a4-ae9a-fb063e2dd958@group-F07362706381-LeaderElection2] INFO  server.RaftServerConfigKeys (ConfUtils.java:logGet(46)) - raft.server.log.log-metadata.enabled = true (default)
2024-10-01 11:06:54,054 [f24c48c6-4a91-44a4-ae9a-fb063e2dd958@group-F07362706381-LeaderElection2] INFO  server.RaftServerConfigKeys (ConfUtils.java:logGet(46)) - raft.server.write.element-limit = 1024 (custom)
2024-10-01 11:06:54,054 [f24c48c6-4a91-44a4-ae9a-fb063e2dd958@group-F07362706381-LeaderElection2] INFO  server.RaftServerConfigKeys (ConfUtils.java:logGet(46)) - raft.server.write.follower.gap.ratio.max = -1.0 (default)
2024-10-01 11:06:54,054 [f24c48c6-4a91-44a4-ae9a-fb063e2dd958@group-F07362706381-LeaderElection2] INFO  impl.RoleInfo (RoleInfo.java:updateAndGet(148)) - f24c48c6-4a91-44a4-ae9a-fb063e2dd958: start f24c48c6-4a91-44a4-ae9a-fb063e2dd958@group-F07362706381-LeaderStateImpl
2024-10-01 11:06:54,054 [f24c48c6-4a91-44a4-ae9a-fb063e2dd958@group-F07362706381-LeaderElection2] INFO  server.RaftServer$Division (RaftServerImpl.java:setFirstElection(558)) - f24c48c6-4a91-44a4-ae9a-fb063e2dd958@group-F07362706381: set firstElectionSinceStartup to false for becomeLeader
2024-10-01 11:06:54,054 [f24c48c6-4a91-44a4-ae9a-fb063e2dd958@group-F07362706381-LeaderElection2] INFO  ratis.XceiverServerRatis (XceiverServerRatis.java:handleLeaderChangedNotification(944)) - Leader change notification received for group: group-F07362706381 with new leaderId: f24c48c6-4a91-44a4-ae9a-fb063e2dd958
2024-10-01 11:06:54,054 [f24c48c6-4a91-44a4-ae9a-fb063e2dd958@group-F07362706381-LeaderElection2] INFO  server.RaftServer$Division (ServerState.java:setLeader(272)) - f24c48c6-4a91-44a4-ae9a-fb063e2dd958@group-F07362706381: change Leader from null to f24c48c6-4a91-44a4-ae9a-fb063e2dd958 at term 1 for becomeLeader, leader elected after 5118ms
2024-10-01 11:06:54,055 [f24c48c6-4a91-44a4-ae9a-fb063e2dd958@group-F07362706381-LeaderElection2] INFO  segmented.SegmentedRaftLogWorker (SegmentedRaftLogWorker.java:startLogSegment(437)) - f24c48c6-4a91-44a4-ae9a-fb063e2dd958@group-F07362706381-SegmentedRaftLogWorker: Starting segment from index:0
2024-10-01 11:06:54,055 [f24c48c6-4a91-44a4-ae9a-fb063e2dd958@group-F07362706381-SegmentedRaftLogWorker] INFO  segmented.BufferedWriteChannel (BufferedWriteChannel.java:open(61)) - open log_inprogress_0 at position 0
2024-10-01 11:06:54,057 [Recon-EventQueue-PipelineReportForReconPipelineReportHandler] INFO  scm.ReconPipelineReportHandler (ReconPipelineReportHandler.java:processPipelineReport(104)) - Pipeline RATIS/THREE PipelineID=16f3ef61-503c-4aae-b50e-3a08af1fb2fd reported by f24c48c6-4a91-44a4-ae9a-fb063e2dd958(localhost/127.0.0.1)
2024-10-01 11:06:54,057 [Recon-EventQueue-PipelineReportForReconPipelineReportHandler] INFO  scm.ReconPipelineReportHandler (ReconPipelineReportHandler.java:processPipelineReport(104)) - Pipeline RATIS/THREE PipelineID=fd3170f9-6634-4783-93b5-17ec0fea1f1b reported by f24c48c6-4a91-44a4-ae9a-fb063e2dd958(localhost/127.0.0.1)
2024-10-01 11:06:54,057 [EventQueue-OpenPipelineForHealthyPipelineSafeModeRule] INFO  safemode.SCMSafeModeManager (HealthyPipelineSafeModeRule.java:process(140)) - SCM in safe mode. Healthy pipelines reported count is 0, required healthy pipeline reported count is 1
2024-10-01 11:06:54,063 [f24c48c6-4a91-44a4-ae9a-fb063e2dd958@group-F07362706381-LeaderElection2] INFO  server.RaftServer$Division (ServerState.java:setRaftConf(386)) - f24c48c6-4a91-44a4-ae9a-fb063e2dd958@group-F07362706381: set configuration conf: {index: 0, cur=peers:[f24c48c6-4a91-44a4-ae9a-fb063e2dd958|127.0.0.1:15014]|listeners:[], old=null}
2024-10-01 11:06:54,066 [f24c48c6-4a91-44a4-ae9a-fb063e2dd958@group-F07362706381-SegmentedRaftLogWorker] INFO  segmented.SegmentedRaftLogWorker (SegmentedRaftLogWorker.java:execute(641)) - f24c48c6-4a91-44a4-ae9a-fb063e2dd958@group-F07362706381-SegmentedRaftLogWorker: created new log segment /home/runner/work/ozone/ozone/hadoop-ozone/integration-test/target/test-dir/MiniOzoneClusterImpl-6f218983-f2ca-45a9-b903-464e6faef46a/ozone-meta/datanode-1/ratis/08b9d510-3410-4e6b-987b-f07362706381/current/log_inprogress_0
2024-10-01 11:06:54,069 [f24c48c6-4a91-44a4-ae9a-fb063e2dd958@group-F07362706381-StateMachineUpdater] INFO  server.RaftServer$Division (LeaderStateImpl.java:checkStartIndex(316)) - Leader f24c48c6-4a91-44a4-ae9a-fb063e2dd958@group-F07362706381-LeaderStateImpl is ready since appliedIndex == startIndex == 0
2024-10-01 11:06:54,152 [f24c48c6-4a91-44a4-ae9a-fb063e2dd958@group-3A08AF1FB2FD-FollowerState] INFO  impl.FollowerState (FollowerState.java:run(144)) - f24c48c6-4a91-44a4-ae9a-fb063e2dd958@group-3A08AF1FB2FD-FollowerState: change to CANDIDATE, lastRpcElapsedTime:5129986478ns, electionTimeout:5127ms
2024-10-01 11:06:54,152 [f24c48c6-4a91-44a4-ae9a-fb063e2dd958@group-3A08AF1FB2FD-FollowerState] INFO  impl.RoleInfo (RoleInfo.java:shutdownFollowerState(119)) - f24c48c6-4a91-44a4-ae9a-fb063e2dd958: shutdown f24c48c6-4a91-44a4-ae9a-fb063e2dd958@group-3A08AF1FB2FD-FollowerState
2024-10-01 11:06:54,152 [f24c48c6-4a91-44a4-ae9a-fb063e2dd958@group-3A08AF1FB2FD-FollowerState] INFO  server.RaftServer$Division (RaftServerImpl.java:setRole(377)) - f24c48c6-4a91-44a4-ae9a-fb063e2dd958@group-3A08AF1FB2FD: changes role from  FOLLOWER to CANDIDATE at term 0 for changeToCandidate
2024-10-01 11:06:54,152 [f24c48c6-4a91-44a4-ae9a-fb063e2dd958@group-3A08AF1FB2FD-FollowerState] INFO  server.RaftServerConfigKeys (ConfUtils.java:logGet(46)) - raft.server.leaderelection.pre-vote = true (default)
2024-10-01 11:06:54,152 [f24c48c6-4a91-44a4-ae9a-fb063e2dd958@group-3A08AF1FB2FD-FollowerState] INFO  impl.RoleInfo (RoleInfo.java:updateAndGet(148)) - f24c48c6-4a91-44a4-ae9a-fb063e2dd958: start f24c48c6-4a91-44a4-ae9a-fb063e2dd958@group-3A08AF1FB2FD-LeaderElection3
2024-10-01 11:06:54,153 [f24c48c6-4a91-44a4-ae9a-fb063e2dd958@group-3A08AF1FB2FD-LeaderElection3] INFO  impl.LeaderElection (LeaderElection.java:askForVotes(325)) - f24c48c6-4a91-44a4-ae9a-fb063e2dd958@group-3A08AF1FB2FD-LeaderElection3 PRE_VOTE round 0: submit vote requests at term 0 for conf: {index: -1, cur=peers:[f24c48c6-4a91-44a4-ae9a-fb063e2dd958|127.0.0.1:15014, 89da30bd-cbf9-4a7b-a1ff-1f6963324f22|127.0.0.1:15023, 3ccd597d-6672-4b12-926e-746f973e87fb|127.0.0.1:15032]|listeners:[], old=null}
2024-10-01 11:06:54,157 [f24c48c6-4a91-44a4-ae9a-fb063e2dd958@group-3A08AF1FB2FD-LeaderElection3] INFO  server.RaftServerConfigKeys (ConfUtils.java:logFallback(53)) - raft.server.rpc.first-election.timeout.min = 5s (fallback to raft.server.rpc.timeout.min)
2024-10-01 11:06:54,157 [f24c48c6-4a91-44a4-ae9a-fb063e2dd958@group-3A08AF1FB2FD-LeaderElection3] INFO  server.RaftServerConfigKeys (ConfUtils.java:logFallback(53)) - raft.server.rpc.first-election.timeout.max = 5200ms (fallback to raft.server.rpc.timeout.max)
2024-10-01 11:06:54,157 [f24c48c6-4a91-44a4-ae9a-fb063e2dd958@group-3A08AF1FB2FD-LeaderElection3-1] INFO  server.GrpcServerProtocolClient (GrpcServerProtocolClient.java:<init>(65)) - Build channel for 89da30bd-cbf9-4a7b-a1ff-1f6963324f22|127.0.0.1:15023
2024-10-01 11:06:54,158 [f24c48c6-4a91-44a4-ae9a-fb063e2dd958@group-3A08AF1FB2FD-LeaderElection3-2] INFO  server.GrpcServerProtocolClient (GrpcServerProtocolClient.java:<init>(65)) - Build channel for 3ccd597d-6672-4b12-926e-746f973e87fb|127.0.0.1:15032
2024-10-01 11:06:54,167 [grpc-default-executor-0] INFO  server.RaftServer$Division (RaftServerImpl.java:requestVote(1394)) - 3ccd597d-6672-4b12-926e-746f973e87fb@group-3A08AF1FB2FD: receive requestVote(PRE_VOTE, f24c48c6-4a91-44a4-ae9a-fb063e2dd958, group-3A08AF1FB2FD, 0, (t:0, i:0))
2024-10-01 11:06:54,167 [grpc-default-executor-1] INFO  server.RaftServer$Division (RaftServerImpl.java:requestVote(1394)) - 89da30bd-cbf9-4a7b-a1ff-1f6963324f22@group-3A08AF1FB2FD: receive requestVote(PRE_VOTE, f24c48c6-4a91-44a4-ae9a-fb063e2dd958, group-3A08AF1FB2FD, 0, (t:0, i:0))
2024-10-01 11:06:54,168 [grpc-default-executor-0] INFO  impl.VoteContext (VoteContext.java:log(49)) - 3ccd597d-6672-4b12-926e-746f973e87fb@group-3A08AF1FB2FD-FOLLOWER: accept PRE_VOTE from f24c48c6-4a91-44a4-ae9a-fb063e2dd958: our priority 0 <= candidate's priority 0
2024-10-01 11:06:54,168 [grpc-default-executor-1] INFO  impl.VoteContext (VoteContext.java:log(49)) - 89da30bd-cbf9-4a7b-a1ff-1f6963324f22@group-3A08AF1FB2FD-FOLLOWER: reject PRE_VOTE from f24c48c6-4a91-44a4-ae9a-fb063e2dd958: our priority 1 > candidate's priority 0
2024-10-01 11:06:54,170 [grpc-default-executor-0] INFO  server.RaftServer$Division (RaftServerImpl.java:requestVote(1427)) - 3ccd597d-6672-4b12-926e-746f973e87fb@group-3A08AF1FB2FD replies to PRE_VOTE vote request: f24c48c6-4a91-44a4-ae9a-fb063e2dd958<-3ccd597d-6672-4b12-926e-746f973e87fb#0:OK-t0. Peer's state: 3ccd597d-6672-4b12-926e-746f973e87fb@group-3A08AF1FB2FD:t0, leader=null, voted=, raftlog=Memoized:3ccd597d-6672-4b12-926e-746f973e87fb@group-3A08AF1FB2FD-SegmentedRaftLog:OPENED:c-1:lastnull, conf=conf: {index: -1, cur=peers:[f24c48c6-4a91-44a4-ae9a-fb063e2dd958|127.0.0.1:15014, 89da30bd-cbf9-4a7b-a1ff-1f6963324f22|127.0.0.1:15023, 3ccd597d-6672-4b12-926e-746f973e87fb|127.0.0.1:15032]|listeners:[], old=null}
2024-10-01 11:06:54,171 [grpc-default-executor-1] INFO  server.RaftServer$Division (RaftServerImpl.java:requestVote(1427)) - 89da30bd-cbf9-4a7b-a1ff-1f6963324f22@group-3A08AF1FB2FD replies to PRE_VOTE vote request: f24c48c6-4a91-44a4-ae9a-fb063e2dd958<-89da30bd-cbf9-4a7b-a1ff-1f6963324f22#0:FAIL-t0. Peer's state: 89da30bd-cbf9-4a7b-a1ff-1f6963324f22@group-3A08AF1FB2FD:t0, leader=null, voted=, raftlog=Memoized:89da30bd-cbf9-4a7b-a1ff-1f6963324f22@group-3A08AF1FB2FD-SegmentedRaftLog:OPENED:c-1:lastnull, conf=conf: {index: -1, cur=peers:[f24c48c6-4a91-44a4-ae9a-fb063e2dd958|127.0.0.1:15014, 89da30bd-cbf9-4a7b-a1ff-1f6963324f22|127.0.0.1:15023, 3ccd597d-6672-4b12-926e-746f973e87fb|127.0.0.1:15032]|listeners:[], old=null}
2024-10-01 11:06:54,173 [f24c48c6-4a91-44a4-ae9a-fb063e2dd958@group-3A08AF1FB2FD-LeaderElection3] INFO  impl.LeaderElection (LeaderElection.java:logAndReturn(89)) - f24c48c6-4a91-44a4-ae9a-fb063e2dd958@group-3A08AF1FB2FD-LeaderElection3: PRE_VOTE REJECTED received 2 response(s) and 0 exception(s):
2024-10-01 11:06:54,173 [f24c48c6-4a91-44a4-ae9a-fb063e2dd958@group-3A08AF1FB2FD-LeaderElection3] INFO  impl.LeaderElection (LeaderElection.java:logAndReturn(93)) -   Response 0: f24c48c6-4a91-44a4-ae9a-fb063e2dd958<-89da30bd-cbf9-4a7b-a1ff-1f6963324f22#0:FAIL-t0
2024-10-01 11:06:54,173 [f24c48c6-4a91-44a4-ae9a-fb063e2dd958@group-3A08AF1FB2FD-LeaderElection3] INFO  impl.LeaderElection (LeaderElection.java:logAndReturn(93)) -   Response 1: f24c48c6-4a91-44a4-ae9a-fb063e2dd958<-3ccd597d-6672-4b12-926e-746f973e87fb#0:OK-t0
2024-10-01 11:06:54,173 [f24c48c6-4a91-44a4-ae9a-fb063e2dd958@group-3A08AF1FB2FD-LeaderElection3] INFO  impl.LeaderElection (LeaderElection.java:askForVotes(327)) - f24c48c6-4a91-44a4-ae9a-fb063e2dd958@group-3A08AF1FB2FD-LeaderElection3 PRE_VOTE round 0: result REJECTED
2024-10-01 11:06:54,173 [f24c48c6-4a91-44a4-ae9a-fb063e2dd958@group-3A08AF1FB2FD-LeaderElection3] INFO  server.RaftServer$Division (RaftServerImpl.java:setRole(377)) - f24c48c6-4a91-44a4-ae9a-fb063e2dd958@group-3A08AF1FB2FD: changes role from CANDIDATE to FOLLOWER at term 0 for REJECTED
2024-10-01 11:06:54,173 [f24c48c6-4a91-44a4-ae9a-fb063e2dd958@group-3A08AF1FB2FD-LeaderElection3] INFO  impl.RoleInfo (RoleInfo.java:shutdownLeaderElection(139)) - f24c48c6-4a91-44a4-ae9a-fb063e2dd958: shutdown f24c48c6-4a91-44a4-ae9a-fb063e2dd958@group-3A08AF1FB2FD-LeaderElection3
2024-10-01 11:06:54,173 [f24c48c6-4a91-44a4-ae9a-fb063e2dd958@group-3A08AF1FB2FD-LeaderElection3] INFO  impl.RoleInfo (RoleInfo.java:updateAndGet(148)) - f24c48c6-4a91-44a4-ae9a-fb063e2dd958: start f24c48c6-4a91-44a4-ae9a-fb063e2dd958@group-3A08AF1FB2FD-FollowerState
2024-10-01 11:06:54,174 [f24c48c6-4a91-44a4-ae9a-fb063e2dd958@group-3A08AF1FB2FD-LeaderElection3] INFO  server.RaftServer$Division (RaftServerImpl.java:setFirstElection(558)) - f24c48c6-4a91-44a4-ae9a-fb063e2dd958@group-3A08AF1FB2FD: set firstElectionSinceStartup to false for REJECTED
2024-10-01 11:06:54,330 [3ccd597d-6672-4b12-926e-746f973e87fb@group-3A08AF1FB2FD-FollowerState] INFO  server.RaftServerConfigKeys (ConfUtils.java:logFallback(53)) - raft.server.rpc.first-election.timeout.min = 5s (fallback to raft.server.rpc.timeout.min)
2024-10-01 11:06:54,330 [3ccd597d-6672-4b12-926e-746f973e87fb@group-3A08AF1FB2FD-FollowerState] INFO  server.RaftServerConfigKeys (ConfUtils.java:logFallback(53)) - raft.server.rpc.first-election.timeout.max = 5200ms (fallback to raft.server.rpc.timeout.max)
2024-10-01 11:06:54,356 [89da30bd-cbf9-4a7b-a1ff-1f6963324f22@group-EBDDE0D620EE-FollowerState] INFO  impl.FollowerState (FollowerState.java:run(144)) - 89da30bd-cbf9-4a7b-a1ff-1f6963324f22@group-EBDDE0D620EE-FollowerState: change to CANDIDATE, lastRpcElapsedTime:5026297001ns, electionTimeout:5025ms
2024-10-01 11:06:54,357 [89da30bd-cbf9-4a7b-a1ff-1f6963324f22@group-EBDDE0D620EE-FollowerState] INFO  impl.RoleInfo (RoleInfo.java:shutdownFollowerState(119)) - 89da30bd-cbf9-4a7b-a1ff-1f6963324f22: shutdown 89da30bd-cbf9-4a7b-a1ff-1f6963324f22@group-EBDDE0D620EE-FollowerState
2024-10-01 11:06:54,357 [89da30bd-cbf9-4a7b-a1ff-1f6963324f22@group-EBDDE0D620EE-FollowerState] INFO  server.RaftServer$Division (RaftServerImpl.java:setRole(377)) - 89da30bd-cbf9-4a7b-a1ff-1f6963324f22@group-EBDDE0D620EE: changes role from  FOLLOWER to CANDIDATE at term 0 for changeToCandidate
2024-10-01 11:06:54,357 [89da30bd-cbf9-4a7b-a1ff-1f6963324f22@group-EBDDE0D620EE-FollowerState] INFO  server.RaftServerConfigKeys (ConfUtils.java:logGet(46)) - raft.server.leaderelection.pre-vote = true (default)
2024-10-01 11:06:54,357 [89da30bd-cbf9-4a7b-a1ff-1f6963324f22@group-EBDDE0D620EE-FollowerState] INFO  impl.RoleInfo (RoleInfo.java:updateAndGet(148)) - 89da30bd-cbf9-4a7b-a1ff-1f6963324f22: start 89da30bd-cbf9-4a7b-a1ff-1f6963324f22@group-EBDDE0D620EE-LeaderElection4
2024-10-01 11:06:54,358 [89da30bd-cbf9-4a7b-a1ff-1f6963324f22@group-EBDDE0D620EE-LeaderElection4] INFO  impl.LeaderElection (LeaderElection.java:askForVotes(325)) - 89da30bd-cbf9-4a7b-a1ff-1f6963324f22@group-EBDDE0D620EE-LeaderElection4 PRE_VOTE round 0: submit vote requests at term 0 for conf: {index: -1, cur=peers:[89da30bd-cbf9-4a7b-a1ff-1f6963324f22|127.0.0.1:15023]|listeners:[], old=null}
2024-10-01 11:06:54,358 [89da30bd-cbf9-4a7b-a1ff-1f6963324f22@group-EBDDE0D620EE-LeaderElection4] INFO  impl.LeaderElection (LeaderElection.java:askForVotes(327)) - 89da30bd-cbf9-4a7b-a1ff-1f6963324f22@group-EBDDE0D620EE-LeaderElection4 PRE_VOTE round 0: result PASSED (term=0)
2024-10-01 11:06:54,360 [89da30bd-cbf9-4a7b-a1ff-1f6963324f22@group-EBDDE0D620EE-LeaderElection4] INFO  impl.LeaderElection (LeaderElection.java:askForVotes(325)) - 89da30bd-cbf9-4a7b-a1ff-1f6963324f22@group-EBDDE0D620EE-LeaderElection4 ELECTION round 0: submit vote requests at term 1 for conf: {index: -1, cur=peers:[89da30bd-cbf9-4a7b-a1ff-1f6963324f22|127.0.0.1:15023]|listeners:[], old=null}
2024-10-01 11:06:54,360 [89da30bd-cbf9-4a7b-a1ff-1f6963324f22@group-EBDDE0D620EE-LeaderElection4] INFO  impl.LeaderElection (LeaderElection.java:askForVotes(327)) - 89da30bd-cbf9-4a7b-a1ff-1f6963324f22@group-EBDDE0D620EE-LeaderElection4 ELECTION round 0: result PASSED (term=1)
2024-10-01 11:06:54,361 [89da30bd-cbf9-4a7b-a1ff-1f6963324f22@group-EBDDE0D620EE-LeaderElection4] INFO  impl.RoleInfo (RoleInfo.java:shutdownLeaderElection(139)) - 89da30bd-cbf9-4a7b-a1ff-1f6963324f22: shutdown 89da30bd-cbf9-4a7b-a1ff-1f6963324f22@group-EBDDE0D620EE-LeaderElection4
2024-10-01 11:06:54,361 [89da30bd-cbf9-4a7b-a1ff-1f6963324f22@group-EBDDE0D620EE-LeaderElection4] INFO  server.RaftServer$Division (RaftServerImpl.java:setRole(377)) - 89da30bd-cbf9-4a7b-a1ff-1f6963324f22@group-EBDDE0D620EE: changes role from CANDIDATE to LEADER at term 1 for changeToLeader
2024-10-01 11:06:54,361 [89da30bd-cbf9-4a7b-a1ff-1f6963324f22@group-EBDDE0D620EE-LeaderElection4] INFO  server.RaftServerConfigKeys (ConfUtils.java:logGet(46)) - raft.server.staging.catchup.gap = 1000 (default)
2024-10-01 11:06:54,361 [89da30bd-cbf9-4a7b-a1ff-1f6963324f22@group-EBDDE0D620EE-LeaderElection4] INFO  server.RaftServerConfigKeys (ConfUtils.java:logGet(46)) - raft.server.write.element-limit = 1024 (custom)
2024-10-01 11:06:54,361 [89da30bd-cbf9-4a7b-a1ff-1f6963324f22@group-EBDDE0D620EE-LeaderElection4] INFO  server.RaftServerConfigKeys (ConfUtils.java:logGet(46)) - raft.server.write.byte-limit = 1024 M (=1073741824) (custom)
2024-10-01 11:06:54,362 [89da30bd-cbf9-4a7b-a1ff-1f6963324f22@group-EBDDE0D620EE-LeaderElection4] INFO  server.RaftServerConfigKeys (ConfUtils.java:logGet(46)) - raft.server.watch.timeout = 30s (custom)
2024-10-01 11:06:54,362 [89da30bd-cbf9-4a7b-a1ff-1f6963324f22@group-EBDDE0D620EE-LeaderElection4] INFO  server.RaftServerConfigKeys (ConfUtils.java:logGet(46)) - raft.server.watch.timeout.denomination = 1s (default)
2024-10-01 11:06:54,362 [89da30bd-cbf9-4a7b-a1ff-1f6963324f22@group-EBDDE0D620EE-LeaderElection4] INFO  server.RaftServerConfigKeys (ConfUtils.java:logGet(46)) - raft.server.watch.element-limit = 65536 (default)
2024-10-01 11:06:54,363 [89da30bd-cbf9-4a7b-a1ff-1f6963324f22@group-EBDDE0D620EE-LeaderElection4] INFO  server.RaftServerConfigKeys (ConfUtils.java:logGet(46)) - raft.server.read.leader.lease.enabled = false (default)
2024-10-01 11:06:54,363 [89da30bd-cbf9-4a7b-a1ff-1f6963324f22@group-EBDDE0D620EE-LeaderElection4] INFO  server.RaftServerConfigKeys (ConfUtils.java:logGet(46)) - raft.server.read.leader.lease.timeout.ratio = 0.9 (default)
2024-10-01 11:06:54,363 [89da30bd-cbf9-4a7b-a1ff-1f6963324f22@group-EBDDE0D620EE-LeaderElection4] INFO  server.RaftServerConfigKeys (ConfUtils.java:logGet(46)) - raft.server.rpc.timeout.min = 5s (custom)
2024-10-01 11:06:54,363 [89da30bd-cbf9-4a7b-a1ff-1f6963324f22@group-EBDDE0D620EE-LeaderElection4] INFO  server.RaftServerConfigKeys (ConfUtils.java:logGet(46)) - raft.server.log.log-metadata.enabled = true (default)
2024-10-01 11:06:54,363 [89da30bd-cbf9-4a7b-a1ff-1f6963324f22@group-EBDDE0D620EE-LeaderElection4] INFO  server.RaftServerConfigKeys (ConfUtils.java:logGet(46)) - raft.server.write.element-limit = 1024 (custom)
2024-10-01 11:06:54,363 [89da30bd-cbf9-4a7b-a1ff-1f6963324f22@group-EBDDE0D620EE-LeaderElection4] INFO  server.RaftServerConfigKeys (ConfUtils.java:logGet(46)) - raft.server.write.follower.gap.ratio.max = -1.0 (default)
2024-10-01 11:06:54,364 [89da30bd-cbf9-4a7b-a1ff-1f6963324f22@group-EBDDE0D620EE-LeaderElection4] INFO  impl.RoleInfo (RoleInfo.java:updateAndGet(148)) - 89da30bd-cbf9-4a7b-a1ff-1f6963324f22: start 89da30bd-cbf9-4a7b-a1ff-1f6963324f22@group-EBDDE0D620EE-LeaderStateImpl
2024-10-01 11:06:54,364 [89da30bd-cbf9-4a7b-a1ff-1f6963324f22@group-EBDDE0D620EE-LeaderElection4] INFO  server.RaftServer$Division (RaftServerImpl.java:setFirstElection(558)) - 89da30bd-cbf9-4a7b-a1ff-1f6963324f22@group-EBDDE0D620EE: set firstElectionSinceStartup to false for becomeLeader
2024-10-01 11:06:54,364 [89da30bd-cbf9-4a7b-a1ff-1f6963324f22@group-EBDDE0D620EE-LeaderElection4] INFO  ratis.XceiverServerRatis (XceiverServerRatis.java:handleLeaderChangedNotification(944)) - Leader change notification received for group: group-EBDDE0D620EE with new leaderId: 89da30bd-cbf9-4a7b-a1ff-1f6963324f22
2024-10-01 11:06:54,364 [89da30bd-cbf9-4a7b-a1ff-1f6963324f22@group-EBDDE0D620EE-LeaderElection4] INFO  server.RaftServer$Division (ServerState.java:setLeader(272)) - 89da30bd-cbf9-4a7b-a1ff-1f6963324f22@group-EBDDE0D620EE: change Leader from null to 89da30bd-cbf9-4a7b-a1ff-1f6963324f22 at term 1 for becomeLeader, leader elected after 5086ms
2024-10-01 11:06:54,365 [89da30bd-cbf9-4a7b-a1ff-1f6963324f22@group-EBDDE0D620EE-LeaderElection4] INFO  segmented.SegmentedRaftLogWorker (SegmentedRaftLogWorker.java:startLogSegment(437)) - 89da30bd-cbf9-4a7b-a1ff-1f6963324f22@group-EBDDE0D620EE-SegmentedRaftLogWorker: Starting segment from index:0
2024-10-01 11:06:54,366 [Recon-EventQueue-PipelineReportForReconPipelineReportHandler] INFO  scm.ReconPipelineReportHandler (ReconPipelineReportHandler.java:processPipelineReport(104)) - Pipeline RATIS/THREE PipelineID=16f3ef61-503c-4aae-b50e-3a08af1fb2fd reported by 89da30bd-cbf9-4a7b-a1ff-1f6963324f22(localhost/127.0.0.1)
2024-10-01 11:06:54,366 [Recon-EventQueue-PipelineReportForReconPipelineReportHandler] INFO  scm.ReconPipelineReportHandler (ReconPipelineReportHandler.java:processPipelineReport(104)) - Pipeline RATIS/THREE PipelineID=fd3170f9-6634-4783-93b5-17ec0fea1f1b reported by 89da30bd-cbf9-4a7b-a1ff-1f6963324f22(localhost/127.0.0.1)
2024-10-01 11:06:54,366 [EventQueue-OpenPipelineForHealthyPipelineSafeModeRule] INFO  safemode.SCMSafeModeManager (HealthyPipelineSafeModeRule.java:process(140)) - SCM in safe mode. Healthy pipelines reported count is 0, required healthy pipeline reported count is 1
2024-10-01 11:06:54,368 [89da30bd-cbf9-4a7b-a1ff-1f6963324f22@group-EBDDE0D620EE-LeaderElection4] INFO  server.RaftServer$Division (ServerState.java:setRaftConf(386)) - 89da30bd-cbf9-4a7b-a1ff-1f6963324f22@group-EBDDE0D620EE: set configuration conf: {index: 0, cur=peers:[89da30bd-cbf9-4a7b-a1ff-1f6963324f22|127.0.0.1:15023]|listeners:[], old=null}
2024-10-01 11:06:54,368 [89da30bd-cbf9-4a7b-a1ff-1f6963324f22@group-EBDDE0D620EE-SegmentedRaftLogWorker] INFO  segmented.BufferedWriteChannel (BufferedWriteChannel.java:open(61)) - open log_inprogress_0 at position 0
2024-10-01 11:06:54,378 [89da30bd-cbf9-4a7b-a1ff-1f6963324f22@group-EBDDE0D620EE-SegmentedRaftLogWorker] INFO  segmented.SegmentedRaftLogWorker (SegmentedRaftLogWorker.java:execute(641)) - 89da30bd-cbf9-4a7b-a1ff-1f6963324f22@group-EBDDE0D620EE-SegmentedRaftLogWorker: created new log segment /home/runner/work/ozone/ozone/hadoop-ozone/integration-test/target/test-dir/MiniOzoneClusterImpl-6f218983-f2ca-45a9-b903-464e6faef46a/ozone-meta/datanode-2/ratis/7ecf35a0-a845-41c8-a9d0-ebdde0d620ee/current/log_inprogress_0
2024-10-01 11:06:54,380 [89da30bd-cbf9-4a7b-a1ff-1f6963324f22@group-EBDDE0D620EE-StateMachineUpdater] INFO  server.RaftServer$Division (LeaderStateImpl.java:checkStartIndex(316)) - Leader 89da30bd-cbf9-4a7b-a1ff-1f6963324f22@group-EBDDE0D620EE-LeaderStateImpl is ready since appliedIndex == startIndex == 0
2024-10-01 11:06:54,440 [89da30bd-cbf9-4a7b-a1ff-1f6963324f22@group-3A08AF1FB2FD-FollowerState] INFO  impl.FollowerState (FollowerState.java:run(144)) - 89da30bd-cbf9-4a7b-a1ff-1f6963324f22@group-3A08AF1FB2FD-FollowerState: change to CANDIDATE, lastRpcElapsedTime:5054952465ns, electionTimeout:5049ms
2024-10-01 11:06:54,440 [89da30bd-cbf9-4a7b-a1ff-1f6963324f22@group-3A08AF1FB2FD-FollowerState] INFO  impl.RoleInfo (RoleInfo.java:shutdownFollowerState(119)) - 89da30bd-cbf9-4a7b-a1ff-1f6963324f22: shutdown 89da30bd-cbf9-4a7b-a1ff-1f6963324f22@group-3A08AF1FB2FD-FollowerState
2024-10-01 11:06:54,440 [89da30bd-cbf9-4a7b-a1ff-1f6963324f22@group-3A08AF1FB2FD-FollowerState] INFO  server.RaftServer$Division (RaftServerImpl.java:setRole(377)) - 89da30bd-cbf9-4a7b-a1ff-1f6963324f22@group-3A08AF1FB2FD: changes role from  FOLLOWER to CANDIDATE at term 0 for changeToCandidate
2024-10-01 11:06:54,440 [89da30bd-cbf9-4a7b-a1ff-1f6963324f22@group-3A08AF1FB2FD-FollowerState] INFO  server.RaftServerConfigKeys (ConfUtils.java:logGet(46)) - raft.server.leaderelection.pre-vote = true (default)
2024-10-01 11:06:54,440 [89da30bd-cbf9-4a7b-a1ff-1f6963324f22@group-3A08AF1FB2FD-FollowerState] INFO  impl.RoleInfo (RoleInfo.java:updateAndGet(148)) - 89da30bd-cbf9-4a7b-a1ff-1f6963324f22: start 89da30bd-cbf9-4a7b-a1ff-1f6963324f22@group-3A08AF1FB2FD-LeaderElection5
2024-10-01 11:06:54,441 [89da30bd-cbf9-4a7b-a1ff-1f6963324f22@group-3A08AF1FB2FD-LeaderElection5] INFO  impl.LeaderElection (LeaderElection.java:askForVotes(325)) - 89da30bd-cbf9-4a7b-a1ff-1f6963324f22@group-3A08AF1FB2FD-LeaderElection5 PRE_VOTE round 0: submit vote requests at term 0 for conf: {index: -1, cur=peers:[f24c48c6-4a91-44a4-ae9a-fb063e2dd958|127.0.0.1:15014, 89da30bd-cbf9-4a7b-a1ff-1f6963324f22|127.0.0.1:15023, 3ccd597d-6672-4b12-926e-746f973e87fb|127.0.0.1:15032]|listeners:[], old=null}
2024-10-01 11:06:54,449 [89da30bd-cbf9-4a7b-a1ff-1f6963324f22@group-3A08AF1FB2FD-LeaderElection5-1] INFO  server.GrpcServerProtocolClient (GrpcServerProtocolClient.java:<init>(65)) - Build channel for f24c48c6-4a91-44a4-ae9a-fb063e2dd958|127.0.0.1:15014
2024-10-01 11:06:54,449 [89da30bd-cbf9-4a7b-a1ff-1f6963324f22@group-3A08AF1FB2FD-LeaderElection5] INFO  server.RaftServerConfigKeys (ConfUtils.java:logFallback(53)) - raft.server.rpc.first-election.timeout.min = 5s (fallback to raft.server.rpc.timeout.min)
2024-10-01 11:06:54,449 [89da30bd-cbf9-4a7b-a1ff-1f6963324f22@group-3A08AF1FB2FD-LeaderElection5] INFO  server.RaftServerConfigKeys (ConfUtils.java:logFallback(53)) - raft.server.rpc.first-election.timeout.max = 5200ms (fallback to raft.server.rpc.timeout.max)
2024-10-01 11:06:54,449 [89da30bd-cbf9-4a7b-a1ff-1f6963324f22@group-3A08AF1FB2FD-LeaderElection5-2] INFO  server.GrpcServerProtocolClient (GrpcServerProtocolClient.java:<init>(65)) - Build channel for 3ccd597d-6672-4b12-926e-746f973e87fb|127.0.0.1:15032
2024-10-01 11:06:54,456 [grpc-default-executor-0] INFO  server.RaftServer$Division (RaftServerImpl.java:requestVote(1394)) - 3ccd597d-6672-4b12-926e-746f973e87fb@group-3A08AF1FB2FD: receive requestVote(PRE_VOTE, 89da30bd-cbf9-4a7b-a1ff-1f6963324f22, group-3A08AF1FB2FD, 0, (t:0, i:0))
2024-10-01 11:06:54,456 [grpc-default-executor-1] INFO  server.RaftServer$Division (RaftServerImpl.java:requestVote(1394)) - f24c48c6-4a91-44a4-ae9a-fb063e2dd958@group-3A08AF1FB2FD: receive requestVote(PRE_VOTE, 89da30bd-cbf9-4a7b-a1ff-1f6963324f22, group-3A08AF1FB2FD, 0, (t:0, i:0))
2024-10-01 11:06:54,456 [grpc-default-executor-0] INFO  impl.VoteContext (VoteContext.java:log(49)) - 3ccd597d-6672-4b12-926e-746f973e87fb@group-3A08AF1FB2FD-FOLLOWER: accept PRE_VOTE from 89da30bd-cbf9-4a7b-a1ff-1f6963324f22: our priority 0 <= candidate's priority 1
2024-10-01 11:06:54,456 [grpc-default-executor-1] INFO  impl.VoteContext (VoteContext.java:log(49)) - f24c48c6-4a91-44a4-ae9a-fb063e2dd958@group-3A08AF1FB2FD-FOLLOWER: accept PRE_VOTE from 89da30bd-cbf9-4a7b-a1ff-1f6963324f22: our priority 0 <= candidate's priority 1
2024-10-01 11:06:54,456 [grpc-default-executor-0] INFO  server.RaftServer$Division (RaftServerImpl.java:requestVote(1427)) - 3ccd597d-6672-4b12-926e-746f973e87fb@group-3A08AF1FB2FD replies to PRE_VOTE vote request: 89da30bd-cbf9-4a7b-a1ff-1f6963324f22<-3ccd597d-6672-4b12-926e-746f973e87fb#0:OK-t0. Peer's state: 3ccd597d-6672-4b12-926e-746f973e87fb@group-3A08AF1FB2FD:t0, leader=null, voted=, raftlog=Memoized:3ccd597d-6672-4b12-926e-746f973e87fb@group-3A08AF1FB2FD-SegmentedRaftLog:OPENED:c-1:lastnull, conf=conf: {index: -1, cur=peers:[f24c48c6-4a91-44a4-ae9a-fb063e2dd958|127.0.0.1:15014, 89da30bd-cbf9-4a7b-a1ff-1f6963324f22|127.0.0.1:15023, 3ccd597d-6672-4b12-926e-746f973e87fb|127.0.0.1:15032]|listeners:[], old=null}
2024-10-01 11:06:54,456 [grpc-default-executor-1] INFO  server.RaftServer$Division (RaftServerImpl.java:requestVote(1427)) - f24c48c6-4a91-44a4-ae9a-fb063e2dd958@group-3A08AF1FB2FD replies to PRE_VOTE vote request: 89da30bd-cbf9-4a7b-a1ff-1f6963324f22<-f24c48c6-4a91-44a4-ae9a-fb063e2dd958#0:OK-t0. Peer's state: f24c48c6-4a91-44a4-ae9a-fb063e2dd958@group-3A08AF1FB2FD:t0, leader=null, voted=, raftlog=Memoized:f24c48c6-4a91-44a4-ae9a-fb063e2dd958@group-3A08AF1FB2FD-SegmentedRaftLog:OPENED:c-1:lastnull, conf=conf: {index: -1, cur=peers:[f24c48c6-4a91-44a4-ae9a-fb063e2dd958|127.0.0.1:15014, 89da30bd-cbf9-4a7b-a1ff-1f6963324f22|127.0.0.1:15023, 3ccd597d-6672-4b12-926e-746f973e87fb|127.0.0.1:15032]|listeners:[], old=null}
2024-10-01 11:06:54,457 [89da30bd-cbf9-4a7b-a1ff-1f6963324f22@group-3A08AF1FB2FD-LeaderElection5] INFO  impl.LeaderElection (LeaderElection.java:logAndReturn(89)) - 89da30bd-cbf9-4a7b-a1ff-1f6963324f22@group-3A08AF1FB2FD-LeaderElection5: PRE_VOTE PASSED received 1 response(s) and 0 exception(s):
2024-10-01 11:06:54,458 [89da30bd-cbf9-4a7b-a1ff-1f6963324f22@group-3A08AF1FB2FD-LeaderElection5] INFO  impl.LeaderElection (LeaderElection.java:logAndReturn(93)) -   Response 0: 89da30bd-cbf9-4a7b-a1ff-1f6963324f22<-3ccd597d-6672-4b12-926e-746f973e87fb#0:OK-t0
2024-10-01 11:06:54,458 [89da30bd-cbf9-4a7b-a1ff-1f6963324f22@group-3A08AF1FB2FD-LeaderElection5] INFO  impl.LeaderElection (LeaderElection.java:askForVotes(327)) - 89da30bd-cbf9-4a7b-a1ff-1f6963324f22@group-3A08AF1FB2FD-LeaderElection5 PRE_VOTE round 0: result PASSED
2024-10-01 11:06:54,459 [89da30bd-cbf9-4a7b-a1ff-1f6963324f22@group-3A08AF1FB2FD-LeaderElection5] INFO  impl.LeaderElection (LeaderElection.java:askForVotes(325)) - 89da30bd-cbf9-4a7b-a1ff-1f6963324f22@group-3A08AF1FB2FD-LeaderElection5 ELECTION round 0: submit vote requests at term 1 for conf: {index: -1, cur=peers:[f24c48c6-4a91-44a4-ae9a-fb063e2dd958|127.0.0.1:15014, 89da30bd-cbf9-4a7b-a1ff-1f6963324f22|127.0.0.1:15023, 3ccd597d-6672-4b12-926e-746f973e87fb|127.0.0.1:15032]|listeners:[], old=null}
2024-10-01 11:06:54,460 [89da30bd-cbf9-4a7b-a1ff-1f6963324f22@group-3A08AF1FB2FD-LeaderElection5] INFO  server.RaftServerConfigKeys (ConfUtils.java:logFallback(53)) - raft.server.rpc.first-election.timeout.min = 5s (fallback to raft.server.rpc.timeout.min)
2024-10-01 11:06:54,460 [89da30bd-cbf9-4a7b-a1ff-1f6963324f22@group-3A08AF1FB2FD-LeaderElection5] INFO  server.RaftServerConfigKeys (ConfUtils.java:logFallback(53)) - raft.server.rpc.first-election.timeout.max = 5200ms (fallback to raft.server.rpc.timeout.max)
2024-10-01 11:06:54,461 [grpc-default-executor-1] INFO  server.RaftServer$Division (RaftServerImpl.java:requestVote(1394)) - f24c48c6-4a91-44a4-ae9a-fb063e2dd958@group-3A08AF1FB2FD: receive requestVote(ELECTION, 89da30bd-cbf9-4a7b-a1ff-1f6963324f22, group-3A08AF1FB2FD, 1, (t:0, i:0))
2024-10-01 11:06:54,461 [grpc-default-executor-1] INFO  impl.VoteContext (VoteContext.java:log(49)) - f24c48c6-4a91-44a4-ae9a-fb063e2dd958@group-3A08AF1FB2FD-FOLLOWER: accept ELECTION from 89da30bd-cbf9-4a7b-a1ff-1f6963324f22: our priority 0 <= candidate's priority 1
2024-10-01 11:06:54,462 [grpc-default-executor-1] INFO  server.RaftServer$Division (RaftServerImpl.java:setRole(377)) - f24c48c6-4a91-44a4-ae9a-fb063e2dd958@group-3A08AF1FB2FD: changes role from  FOLLOWER to FOLLOWER at term 0 for candidate:89da30bd-cbf9-4a7b-a1ff-1f6963324f22
2024-10-01 11:06:54,462 [grpc-default-executor-1] INFO  impl.RoleInfo (RoleInfo.java:shutdownFollowerState(119)) - f24c48c6-4a91-44a4-ae9a-fb063e2dd958: shutdown f24c48c6-4a91-44a4-ae9a-fb063e2dd958@group-3A08AF1FB2FD-FollowerState
2024-10-01 11:06:54,462 [grpc-default-executor-1] INFO  impl.RoleInfo (RoleInfo.java:updateAndGet(148)) - f24c48c6-4a91-44a4-ae9a-fb063e2dd958: start f24c48c6-4a91-44a4-ae9a-fb063e2dd958@group-3A08AF1FB2FD-FollowerState
2024-10-01 11:06:54,462 [f24c48c6-4a91-44a4-ae9a-fb063e2dd958@group-3A08AF1FB2FD-FollowerState] INFO  impl.FollowerState (FollowerState.java:run(153)) - f24c48c6-4a91-44a4-ae9a-fb063e2dd958@group-3A08AF1FB2FD-FollowerState was interrupted
2024-10-01 11:06:54,465 [grpc-default-executor-0] INFO  server.RaftServer$Division (RaftServerImpl.java:requestVote(1394)) - 3ccd597d-6672-4b12-926e-746f973e87fb@group-3A08AF1FB2FD: receive requestVote(ELECTION, 89da30bd-cbf9-4a7b-a1ff-1f6963324f22, group-3A08AF1FB2FD, 1, (t:0, i:0))
2024-10-01 11:06:54,465 [grpc-default-executor-0] INFO  impl.VoteContext (VoteContext.java:log(49)) - 3ccd597d-6672-4b12-926e-746f973e87fb@group-3A08AF1FB2FD-FOLLOWER: accept ELECTION from 89da30bd-cbf9-4a7b-a1ff-1f6963324f22: our priority 0 <= candidate's priority 1
2024-10-01 11:06:54,465 [grpc-default-executor-0] INFO  server.RaftServer$Division (RaftServerImpl.java:setRole(377)) - 3ccd597d-6672-4b12-926e-746f973e87fb@group-3A08AF1FB2FD: changes role from  FOLLOWER to FOLLOWER at term 0 for candidate:89da30bd-cbf9-4a7b-a1ff-1f6963324f22
2024-10-01 11:06:54,465 [grpc-default-executor-0] INFO  impl.RoleInfo (RoleInfo.java:shutdownFollowerState(119)) - 3ccd597d-6672-4b12-926e-746f973e87fb: shutdown 3ccd597d-6672-4b12-926e-746f973e87fb@group-3A08AF1FB2FD-FollowerState
2024-10-01 11:06:54,465 [grpc-default-executor-0] INFO  impl.RoleInfo (RoleInfo.java:updateAndGet(148)) - 3ccd597d-6672-4b12-926e-746f973e87fb: start 3ccd597d-6672-4b12-926e-746f973e87fb@group-3A08AF1FB2FD-FollowerState
2024-10-01 11:06:54,465 [3ccd597d-6672-4b12-926e-746f973e87fb@group-3A08AF1FB2FD-FollowerState] INFO  impl.FollowerState (FollowerState.java:run(153)) - 3ccd597d-6672-4b12-926e-746f973e87fb@group-3A08AF1FB2FD-FollowerState was interrupted
2024-10-01 11:06:54,466 [grpc-default-executor-1] INFO  server.RaftServer$Division (RaftServerImpl.java:requestVote(1427)) - f24c48c6-4a91-44a4-ae9a-fb063e2dd958@group-3A08AF1FB2FD replies to ELECTION vote request: 89da30bd-cbf9-4a7b-a1ff-1f6963324f22<-f24c48c6-4a91-44a4-ae9a-fb063e2dd958#0:OK-t1. Peer's state: f24c48c6-4a91-44a4-ae9a-fb063e2dd958@group-3A08AF1FB2FD:t1, leader=null, voted=89da30bd-cbf9-4a7b-a1ff-1f6963324f22, raftlog=Memoized:f24c48c6-4a91-44a4-ae9a-fb063e2dd958@group-3A08AF1FB2FD-SegmentedRaftLog:OPENED:c-1:lastnull, conf=conf: {index: -1, cur=peers:[f24c48c6-4a91-44a4-ae9a-fb063e2dd958|127.0.0.1:15014, 89da30bd-cbf9-4a7b-a1ff-1f6963324f22|127.0.0.1:15023, 3ccd597d-6672-4b12-926e-746f973e87fb|127.0.0.1:15032]|listeners:[], old=null}
2024-10-01 11:06:54,470 [grpc-default-executor-0] INFO  server.RaftServer$Division (RaftServerImpl.java:setFirstElection(558)) - 3ccd597d-6672-4b12-926e-746f973e87fb@group-3A08AF1FB2FD: set firstElectionSinceStartup to false for candidate:89da30bd-cbf9-4a7b-a1ff-1f6963324f22
2024-10-01 11:06:54,470 [89da30bd-cbf9-4a7b-a1ff-1f6963324f22@group-3A08AF1FB2FD-LeaderElection5] INFO  impl.LeaderElection (LeaderElection.java:logAndReturn(89)) - 89da30bd-cbf9-4a7b-a1ff-1f6963324f22@group-3A08AF1FB2FD-LeaderElection5: ELECTION PASSED received 1 response(s) and 0 exception(s):
2024-10-01 11:06:54,470 [89da30bd-cbf9-4a7b-a1ff-1f6963324f22@group-3A08AF1FB2FD-LeaderElection5] INFO  impl.LeaderElection (LeaderElection.java:logAndReturn(93)) -   Response 0: 89da30bd-cbf9-4a7b-a1ff-1f6963324f22<-f24c48c6-4a91-44a4-ae9a-fb063e2dd958#0:OK-t1
2024-10-01 11:06:54,470 [89da30bd-cbf9-4a7b-a1ff-1f6963324f22@group-3A08AF1FB2FD-LeaderElection5] INFO  impl.LeaderElection (LeaderElection.java:askForVotes(327)) - 89da30bd-cbf9-4a7b-a1ff-1f6963324f22@group-3A08AF1FB2FD-LeaderElection5 ELECTION round 0: result PASSED
2024-10-01 11:06:54,470 [89da30bd-cbf9-4a7b-a1ff-1f6963324f22@group-3A08AF1FB2FD-LeaderElection5] INFO  impl.RoleInfo (RoleInfo.java:shutdownLeaderElection(139)) - 89da30bd-cbf9-4a7b-a1ff-1f6963324f22: shutdown 89da30bd-cbf9-4a7b-a1ff-1f6963324f22@group-3A08AF1FB2FD-LeaderElection5
2024-10-01 11:06:54,470 [89da30bd-cbf9-4a7b-a1ff-1f6963324f22@group-3A08AF1FB2FD-LeaderElection5] INFO  server.RaftServer$Division (RaftServerImpl.java:setRole(377)) - 89da30bd-cbf9-4a7b-a1ff-1f6963324f22@group-3A08AF1FB2FD: changes role from CANDIDATE to LEADER at term 1 for changeToLeader
2024-10-01 11:06:54,470 [89da30bd-cbf9-4a7b-a1ff-1f6963324f22@group-3A08AF1FB2FD-LeaderElection5] INFO  server.RaftServerConfigKeys (ConfUtils.java:logGet(46)) - raft.server.staging.catchup.gap = 1000 (default)
2024-10-01 11:06:54,471 [89da30bd-cbf9-4a7b-a1ff-1f6963324f22@group-3A08AF1FB2FD-LeaderElection5] INFO  server.RaftServerConfigKeys (ConfUtils.java:logGet(46)) - raft.server.write.element-limit = 1024 (custom)
2024-10-01 11:06:54,471 [89da30bd-cbf9-4a7b-a1ff-1f6963324f22@group-3A08AF1FB2FD-LeaderElection5] INFO  server.RaftServerConfigKeys (ConfUtils.java:logGet(46)) - raft.server.write.byte-limit = 1024 M (=1073741824) (custom)
2024-10-01 11:06:54,471 [89da30bd-cbf9-4a7b-a1ff-1f6963324f22@group-3A08AF1FB2FD-LeaderElection5] INFO  server.RaftServerConfigKeys (ConfUtils.java:logGet(46)) - raft.server.watch.timeout = 30s (custom)
2024-10-01 11:06:54,471 [89da30bd-cbf9-4a7b-a1ff-1f6963324f22@group-3A08AF1FB2FD-LeaderElection5] INFO  server.RaftServerConfigKeys (ConfUtils.java:logGet(46)) - raft.server.watch.timeout.denomination = 1s (default)
2024-10-01 11:06:54,471 [89da30bd-cbf9-4a7b-a1ff-1f6963324f22@group-3A08AF1FB2FD-LeaderElection5] INFO  server.RaftServerConfigKeys (ConfUtils.java:logGet(46)) - raft.server.watch.element-limit = 65536 (default)
2024-10-01 11:06:54,472 [grpc-default-executor-0] INFO  server.RaftServer$Division (RaftServerImpl.java:requestVote(1427)) - 3ccd597d-6672-4b12-926e-746f973e87fb@group-3A08AF1FB2FD replies to ELECTION vote request: 89da30bd-cbf9-4a7b-a1ff-1f6963324f22<-3ccd597d-6672-4b12-926e-746f973e87fb#0:OK-t1. Peer's state: 3ccd597d-6672-4b12-926e-746f973e87fb@group-3A08AF1FB2FD:t1, leader=null, voted=89da30bd-cbf9-4a7b-a1ff-1f6963324f22, raftlog=Memoized:3ccd597d-6672-4b12-926e-746f973e87fb@group-3A08AF1FB2FD-SegmentedRaftLog:OPENED:c-1:lastnull, conf=conf: {index: -1, cur=peers:[f24c48c6-4a91-44a4-ae9a-fb063e2dd958|127.0.0.1:15014, 89da30bd-cbf9-4a7b-a1ff-1f6963324f22|127.0.0.1:15023, 3ccd597d-6672-4b12-926e-746f973e87fb|127.0.0.1:15032]|listeners:[], old=null}
2024-10-01 11:06:54,476 [89da30bd-cbf9-4a7b-a1ff-1f6963324f22@group-3A08AF1FB2FD-LeaderElection5] INFO  server.RaftServerConfigKeys (ConfUtils.java:logGet(46)) - raft.server.read.leader.lease.enabled = false (default)
2024-10-01 11:06:54,476 [89da30bd-cbf9-4a7b-a1ff-1f6963324f22@group-3A08AF1FB2FD-LeaderElection5] INFO  server.RaftServerConfigKeys (ConfUtils.java:logGet(46)) - raft.server.read.leader.lease.timeout.ratio = 0.9 (default)
2024-10-01 11:06:54,476 [89da30bd-cbf9-4a7b-a1ff-1f6963324f22@group-3A08AF1FB2FD-LeaderElection5] INFO  server.RaftServerConfigKeys (ConfUtils.java:logGet(46)) - raft.server.rpc.timeout.min = 5s (custom)
2024-10-01 11:06:54,476 [89da30bd-cbf9-4a7b-a1ff-1f6963324f22@group-3A08AF1FB2FD-LeaderElection5] INFO  server.RaftServerConfigKeys (ConfUtils.java:logGet(46)) - raft.server.log.log-metadata.enabled = true (default)
2024-10-01 11:06:54,476 [89da30bd-cbf9-4a7b-a1ff-1f6963324f22@group-3A08AF1FB2FD-LeaderElection5] INFO  server.RaftServerConfigKeys (ConfUtils.java:logGet(46)) - raft.server.write.element-limit = 1024 (custom)
2024-10-01 11:06:54,476 [89da30bd-cbf9-4a7b-a1ff-1f6963324f22@group-3A08AF1FB2FD-LeaderElection5] INFO  server.RaftServerConfigKeys (ConfUtils.java:logGet(46)) - raft.server.write.follower.gap.ratio.max = -1.0 (default)
2024-10-01 11:06:54,482 [89da30bd-cbf9-4a7b-a1ff-1f6963324f22@group-3A08AF1FB2FD-LeaderElection5] INFO  server.RaftServerConfigKeys (ConfUtils.java:logGet(46)) - raft.server.log.appender.snapshot.chunk.size.max = 16MB (=16777216) (default)
2024-10-01 11:06:54,482 [89da30bd-cbf9-4a7b-a1ff-1f6963324f22@group-3A08AF1FB2FD-LeaderElection5] INFO  server.RaftServerConfigKeys (ConfUtils.java:logGet(46)) - raft.server.log.appender.buffer.byte-limit = 33554432 (custom)
2024-10-01 11:06:54,483 [89da30bd-cbf9-4a7b-a1ff-1f6963324f22@group-3A08AF1FB2FD-LeaderElection5] INFO  server.RaftServerConfigKeys (ConfUtils.java:logGet(46)) - raft.server.log.appender.buffer.element-limit = 1024 (custom)
2024-10-01 11:06:54,484 [89da30bd-cbf9-4a7b-a1ff-1f6963324f22@group-3A08AF1FB2FD-LeaderElection5] INFO  server.RaftServerConfigKeys (ConfUtils.java:logGet(46)) - raft.server.log.appender.wait-time.min = 0μs (custom)
2024-10-01 11:06:54,485 [89da30bd-cbf9-4a7b-a1ff-1f6963324f22@group-3A08AF1FB2FD-LeaderElection5] INFO  grpc.GrpcConfigKeys (ConfUtils.java:logGet(46)) - raft.grpc.server.leader.outstanding.appends.max = 8 (default)
2024-10-01 11:06:54,485 [89da30bd-cbf9-4a7b-a1ff-1f6963324f22@group-3A08AF1FB2FD-LeaderElection5] INFO  server.RaftServerConfigKeys (ConfUtils.java:logGet(46)) - raft.server.rpc.request.timeout = 60s (custom)
2024-10-01 11:06:54,487 [89da30bd-cbf9-4a7b-a1ff-1f6963324f22@group-3A08AF1FB2FD-LeaderElection5] INFO  grpc.GrpcConfigKeys (ConfUtils.java:logGet(46)) - raft.grpc.server.install_snapshot.request.element-limit = 8 (default)
2024-10-01 11:06:54,487 [89da30bd-cbf9-4a7b-a1ff-1f6963324f22@group-3A08AF1FB2FD-LeaderElection5] INFO  grpc.GrpcConfigKeys (ConfUtils.java:logGet(46)) - raft.grpc.server.install_snapshot.request.timeout = 3000ms (default)
2024-10-01 11:06:54,487 [89da30bd-cbf9-4a7b-a1ff-1f6963324f22@group-3A08AF1FB2FD-LeaderElection5] INFO  grpc.GrpcConfigKeys (ConfUtils.java:logGet(46)) - raft.grpc.server.log-message.batch.duration = 5s (default)
2024-10-01 11:06:54,487 [89da30bd-cbf9-4a7b-a1ff-1f6963324f22@group-3A08AF1FB2FD-LeaderElection5] INFO  server.RaftServerConfigKeys (ConfUtils.java:logGet(46)) - raft.server.log.appender.install.snapshot.enabled = false (custom)
2024-10-01 11:06:54,487 [89da30bd-cbf9-4a7b-a1ff-1f6963324f22@group-3A08AF1FB2FD-LeaderElection5] INFO  grpc.GrpcConfigKeys (ConfUtils.java:logGet(46)) - raft.grpc.server.heartbeat.channel = true (default)
2024-10-01 11:06:54,490 [89da30bd-cbf9-4a7b-a1ff-1f6963324f22@group-3A08AF1FB2FD-LeaderElection5] INFO  server.RaftServerConfigKeys (ConfUtils.java:logGet(46)) - raft.server.log.appender.snapshot.chunk.size.max = 16MB (=16777216) (default)
2024-10-01 11:06:54,490 [89da30bd-cbf9-4a7b-a1ff-1f6963324f22@group-3A08AF1FB2FD-LeaderElection5] INFO  server.RaftServerConfigKeys (ConfUtils.java:logGet(46)) - raft.server.log.appender.buffer.byte-limit = 33554432 (custom)
2024-10-01 11:06:54,490 [89da30bd-cbf9-4a7b-a1ff-1f6963324f22@group-3A08AF1FB2FD-LeaderElection5] INFO  server.RaftServerConfigKeys (ConfUtils.java:logGet(46)) - raft.server.log.appender.buffer.element-limit = 1024 (custom)
2024-10-01 11:06:54,490 [89da30bd-cbf9-4a7b-a1ff-1f6963324f22@group-3A08AF1FB2FD-LeaderElection5] INFO  server.RaftServerConfigKeys (ConfUtils.java:logGet(46)) - raft.server.log.appender.wait-time.min = 0μs (custom)
2024-10-01 11:06:54,490 [89da30bd-cbf9-4a7b-a1ff-1f6963324f22@group-3A08AF1FB2FD-LeaderElection5] INFO  grpc.GrpcConfigKeys (ConfUtils.java:logGet(46)) - raft.grpc.server.leader.outstanding.appends.max = 8 (default)
2024-10-01 11:06:54,490 [89da30bd-cbf9-4a7b-a1ff-1f6963324f22@group-3A08AF1FB2FD-LeaderElection5] INFO  server.RaftServerConfigKeys (ConfUtils.java:logGet(46)) - raft.server.rpc.request.timeout = 60s (custom)
2024-10-01 11:06:54,490 [89da30bd-cbf9-4a7b-a1ff-1f6963324f22@group-3A08AF1FB2FD-LeaderElection5] INFO  grpc.GrpcConfigKeys (ConfUtils.java:logGet(46)) - raft.grpc.server.install_snapshot.request.element-limit = 8 (default)
2024-10-01 11:06:54,491 [89da30bd-cbf9-4a7b-a1ff-1f6963324f22@group-3A08AF1FB2FD-LeaderElection5] INFO  grpc.GrpcConfigKeys (ConfUtils.java:logGet(46)) - raft.grpc.server.install_snapshot.request.timeout = 3000ms (default)
2024-10-01 11:06:54,491 [89da30bd-cbf9-4a7b-a1ff-1f6963324f22@group-3A08AF1FB2FD-LeaderElection5] INFO  grpc.GrpcConfigKeys (ConfUtils.java:logGet(46)) - raft.grpc.server.log-message.batch.duration = 5s (default)
2024-10-01 11:06:54,491 [89da30bd-cbf9-4a7b-a1ff-1f6963324f22@group-3A08AF1FB2FD-LeaderElection5] INFO  server.RaftServerConfigKeys (ConfUtils.java:logGet(46)) - raft.server.log.appender.install.snapshot.enabled = false (custom)
2024-10-01 11:06:54,491 [89da30bd-cbf9-4a7b-a1ff-1f6963324f22@group-3A08AF1FB2FD-LeaderElection5] INFO  grpc.GrpcConfigKeys (ConfUtils.java:logGet(46)) - raft.grpc.server.heartbeat.channel = true (default)
2024-10-01 11:06:54,491 [3ccd597d-6672-4b12-926e-746f973e87fb@group-17EC0FEA1F1B-FollowerState] INFO  impl.FollowerState (FollowerState.java:run(144)) - 3ccd597d-6672-4b12-926e-746f973e87fb@group-17EC0FEA1F1B-FollowerState: change to CANDIDATE, lastRpcElapsedTime:5010766496ns, electionTimeout:5009ms
2024-10-01 11:06:54,491 [3ccd597d-6672-4b12-926e-746f973e87fb@group-17EC0FEA1F1B-FollowerState] INFO  impl.RoleInfo (RoleInfo.java:shutdownFollowerState(119)) - 3ccd597d-6672-4b12-926e-746f973e87fb: shutdown 3ccd597d-6672-4b12-926e-746f973e87fb@group-17EC0FEA1F1B-FollowerState
2024-10-01 11:06:54,491 [3ccd597d-6672-4b12-926e-746f973e87fb@group-17EC0FEA1F1B-FollowerState] INFO  server.RaftServer$Division (RaftServerImpl.java:setRole(377)) - 3ccd597d-6672-4b12-926e-746f973e87fb@group-17EC0FEA1F1B: changes role from  FOLLOWER to CANDIDATE at term 0 for changeToCandidate
2024-10-01 11:06:54,491 [3ccd597d-6672-4b12-926e-746f973e87fb@group-17EC0FEA1F1B-FollowerState] INFO  server.RaftServerConfigKeys (ConfUtils.java:logGet(46)) - raft.server.leaderelection.pre-vote = true (default)
2024-10-01 11:06:54,491 [3ccd597d-6672-4b12-926e-746f973e87fb@group-17EC0FEA1F1B-FollowerState] INFO  impl.RoleInfo (RoleInfo.java:updateAndGet(148)) - 3ccd597d-6672-4b12-926e-746f973e87fb: start 3ccd597d-6672-4b12-926e-746f973e87fb@group-17EC0FEA1F1B-LeaderElection6
2024-10-01 11:06:54,492 [3ccd597d-6672-4b12-926e-746f973e87fb@group-17EC0FEA1F1B-LeaderElection6] INFO  impl.LeaderElection (LeaderElection.java:askForVotes(325)) - 3ccd597d-6672-4b12-926e-746f973e87fb@group-17EC0FEA1F1B-LeaderElection6 PRE_VOTE round 0: submit vote requests at term 0 for conf: {index: -1, cur=peers:[f24c48c6-4a91-44a4-ae9a-fb063e2dd958|127.0.0.1:15014, 89da30bd-cbf9-4a7b-a1ff-1f6963324f22|127.0.0.1:15023, 3ccd597d-6672-4b12-926e-746f973e87fb|127.0.0.1:15032]|listeners:[], old=null}
2024-10-01 11:06:54,492 [89da30bd-cbf9-4a7b-a1ff-1f6963324f22@group-3A08AF1FB2FD-LeaderElection5] INFO  impl.RoleInfo (RoleInfo.java:updateAndGet(148)) - 89da30bd-cbf9-4a7b-a1ff-1f6963324f22: start 89da30bd-cbf9-4a7b-a1ff-1f6963324f22@group-3A08AF1FB2FD-LeaderStateImpl
2024-10-01 11:06:54,492 [89da30bd-cbf9-4a7b-a1ff-1f6963324f22@group-3A08AF1FB2FD-LeaderElection5] INFO  server.RaftServer$Division (RaftServerImpl.java:setFirstElection(558)) - 89da30bd-cbf9-4a7b-a1ff-1f6963324f22@group-3A08AF1FB2FD: set firstElectionSinceStartup to false for becomeLeader
2024-10-01 11:06:54,492 [89da30bd-cbf9-4a7b-a1ff-1f6963324f22@group-3A08AF1FB2FD-LeaderElection5] INFO  ratis.XceiverServerRatis (XceiverServerRatis.java:handleLeaderChangedNotification(944)) - Leader change notification received for group: group-3A08AF1FB2FD with new leaderId: 89da30bd-cbf9-4a7b-a1ff-1f6963324f22
2024-10-01 11:06:54,494 [89da30bd-cbf9-4a7b-a1ff-1f6963324f22@group-3A08AF1FB2FD-LeaderElection5] INFO  server.RaftServer$Division (ServerState.java:setLeader(272)) - 89da30bd-cbf9-4a7b-a1ff-1f6963324f22@group-3A08AF1FB2FD: change Leader from null to 89da30bd-cbf9-4a7b-a1ff-1f6963324f22 at term 1 for becomeLeader, leader elected after 5155ms
2024-10-01 11:06:54,495 [Recon-EventQueue-PipelineReportForReconPipelineReportHandler] INFO  scm.ReconPipelineReportHandler (ReconPipelineReportHandler.java:processPipelineReport(104)) - Pipeline RATIS/THREE PipelineID=16f3ef61-503c-4aae-b50e-3a08af1fb2fd reported by 89da30bd-cbf9-4a7b-a1ff-1f6963324f22(localhost/127.0.0.1)
2024-10-01 11:06:54,496 [EventQueue-PipelineReportForPipelineReportHandler] INFO  pipeline.PipelineReportHandler (PipelineReportHandler.java:processPipelineReport(136)) - Opened pipeline PipelineID=16f3ef61-503c-4aae-b50e-3a08af1fb2fd
2024-10-01 11:06:54,496 [EventQueue-OpenPipelineForHealthyPipelineSafeModeRule] INFO  safemode.SCMSafeModeManager (HealthyPipelineSafeModeRule.java:process(140)) - SCM in safe mode. Healthy pipelines reported count is 1, required healthy pipeline reported count is 1
2024-10-01 11:06:54,496 [EventQueue-OpenPipelineForHealthyPipelineSafeModeRule] INFO  safemode.SCMSafeModeManager (SCMSafeModeManager.java:validateSafeModeExitRules(203)) - HealthyPipelineSafeModeRule rule is successfully validated
2024-10-01 11:06:54,496 [EventQueue-OpenPipelineForHealthyPipelineSafeModeRule] INFO  safemode.SCMSafeModeManager (SCMSafeModeManager.java:validateSafeModeExitRules(218)) - ScmSafeModeManager, all rules are successfully validated
2024-10-01 11:06:54,496 [EventQueue-OpenPipelineForHealthyPipelineSafeModeRule] INFO  safemode.SCMSafeModeManager (SCMSafeModeManager.java:exitSafeMode(248)) - SCM exiting safe mode.
2024-10-01 11:06:54,496 [89da30bd-cbf9-4a7b-a1ff-1f6963324f22@group-3A08AF1FB2FD-LeaderElection5] INFO  segmented.SegmentedRaftLogWorker (SegmentedRaftLogWorker.java:startLogSegment(437)) - 89da30bd-cbf9-4a7b-a1ff-1f6963324f22@group-3A08AF1FB2FD-SegmentedRaftLogWorker: Starting segment from index:0
2024-10-01 11:06:54,496 [Recon-EventQueue-PipelineReportForReconPipelineReportHandler] INFO  scm.ReconPipelineReportHandler (ReconPipelineReportHandler.java:processPipelineReport(104)) - Pipeline RATIS/THREE PipelineID=fd3170f9-6634-4783-93b5-17ec0fea1f1b reported by 89da30bd-cbf9-4a7b-a1ff-1f6963324f22(localhost/127.0.0.1)
2024-10-01 11:06:54,496 [EventQueue-OpenPipelineForHealthyPipelineSafeModeRule] INFO  ha.SCMContext (SCMContext.java:updateSafeModeStatus(225)) - Update SafeModeStatus from SafeModeStatus{safeModeStatus=true, preCheckPassed=true} to SafeModeStatus{safeModeStatus=false, preCheckPassed=true}.
2024-10-01 11:06:54,496 [EventQueue-OpenPipelineForHealthyPipelineSafeModeRule] INFO  pipeline.BackgroundPipelineCreator (BackgroundPipelineCreator.java:notifyStatusChanged(258)) - Service BackgroundPipelineCreator transitions to RUNNING.
2024-10-01 11:06:54,496 [EventQueue-OpenPipelineForHealthyPipelineSafeModeRule] INFO  BackgroundPipelineScrubber (BackgroundSCMService.java:notifyStatusChanged(79)) - Service BackgroundPipelineScrubber transitions to RUNNING.
2024-10-01 11:06:54,496 [EventQueue-OpenPipelineForHealthyPipelineSafeModeRule] INFO  ExpiredContainerReplicaOpScrubber (BackgroundSCMService.java:notifyStatusChanged(79)) - Service ExpiredContainerReplicaOpScrubber transitions to RUNNING.
2024-10-01 11:06:54,497 [EventQueue-OpenPipelineForHealthyPipelineSafeModeRule] INFO  block.SCMBlockDeletingService (SCMBlockDeletingService.java:notifyStatusChanged(247)) - notifyStatusChanged:RUNNING
2024-10-01 11:06:54,497 [89da30bd-cbf9-4a7b-a1ff-1f6963324f22@group-3A08AF1FB2FD-SegmentedRaftLogWorker] INFO  segmented.BufferedWriteChannel (BufferedWriteChannel.java:open(61)) - open log_inprogress_0 at position 0
2024-10-01 11:06:54,497 [EventQueue-OpenPipelineForHealthyPipelineSafeModeRule] INFO  replication.ReplicationManager (ReplicationManager.java:notifyStatusChanged(1406)) - Service ReplicationManager transitions to RUNNING.
2024-10-01 11:06:54,497 [EventQueue-OpenPipelineForHealthyPipelineSafeModeRule] WARN  balancer.ContainerBalancer (ContainerBalancer.java:shouldRun(136)) - Could not find persisted configuration for ContainerBalancer when checking if ContainerBalancer should run. ContainerBalancer should not run now.
2024-10-01 11:06:54,504 [89da30bd-cbf9-4a7b-a1ff-1f6963324f22@group-3A08AF1FB2FD-LeaderElection5] INFO  server.RaftServer$Division (ServerState.java:setRaftConf(386)) - 89da30bd-cbf9-4a7b-a1ff-1f6963324f22@group-3A08AF1FB2FD: set configuration conf: {index: 0, cur=peers:[f24c48c6-4a91-44a4-ae9a-fb063e2dd958|127.0.0.1:15014, 89da30bd-cbf9-4a7b-a1ff-1f6963324f22|127.0.0.1:15023, 3ccd597d-6672-4b12-926e-746f973e87fb|127.0.0.1:15032]|listeners:[], old=null}
2024-10-01 11:06:54,504 [3ccd597d-6672-4b12-926e-746f973e87fb@group-17EC0FEA1F1B-LeaderElection6-1] INFO  server.GrpcServerProtocolClient (GrpcServerProtocolClient.java:<init>(65)) - Build channel for f24c48c6-4a91-44a4-ae9a-fb063e2dd958|127.0.0.1:15014
2024-10-01 11:06:54,510 [grpc-default-executor-0] INFO  server.RaftServer$Division (RaftServerImpl.java:requestVote(1394)) - f24c48c6-4a91-44a4-ae9a-fb063e2dd958@group-17EC0FEA1F1B: receive requestVote(PRE_VOTE, 3ccd597d-6672-4b12-926e-746f973e87fb, group-17EC0FEA1F1B, 0, (t:0, i:0))
2024-10-01 11:06:54,510 [grpc-default-executor-0] INFO  impl.VoteContext (VoteContext.java:log(49)) - f24c48c6-4a91-44a4-ae9a-fb063e2dd958@group-17EC0FEA1F1B-FOLLOWER: accept PRE_VOTE from 3ccd597d-6672-4b12-926e-746f973e87fb: our priority 0 <= candidate's priority 1
2024-10-01 11:06:54,510 [grpc-default-executor-0] INFO  server.RaftServer$Division (RaftServerImpl.java:requestVote(1427)) - f24c48c6-4a91-44a4-ae9a-fb063e2dd958@group-17EC0FEA1F1B replies to PRE_VOTE vote request: 3ccd597d-6672-4b12-926e-746f973e87fb<-f24c48c6-4a91-44a4-ae9a-fb063e2dd958#0:OK-t0. Peer's state: f24c48c6-4a91-44a4-ae9a-fb063e2dd958@group-17EC0FEA1F1B:t0, leader=null, voted=, raftlog=Memoized:f24c48c6-4a91-44a4-ae9a-fb063e2dd958@group-17EC0FEA1F1B-SegmentedRaftLog:OPENED:c-1:lastnull, conf=conf: {index: -1, cur=peers:[f24c48c6-4a91-44a4-ae9a-fb063e2dd958|127.0.0.1:15014, 89da30bd-cbf9-4a7b-a1ff-1f6963324f22|127.0.0.1:15023, 3ccd597d-6672-4b12-926e-746f973e87fb|127.0.0.1:15032]|listeners:[], old=null}
2024-10-01 11:06:54,510 [89da30bd-cbf9-4a7b-a1ff-1f6963324f22@group-3A08AF1FB2FD-SegmentedRaftLogWorker] INFO  segmented.SegmentedRaftLogWorker (SegmentedRaftLogWorker.java:execute(641)) - 89da30bd-cbf9-4a7b-a1ff-1f6963324f22@group-3A08AF1FB2FD-SegmentedRaftLogWorker: created new log segment /home/runner/work/ozone/ozone/hadoop-ozone/integration-test/target/test-dir/MiniOzoneClusterImpl-6f218983-f2ca-45a9-b903-464e6faef46a/ozone-meta/datanode-2/ratis/16f3ef61-503c-4aae-b50e-3a08af1fb2fd/current/log_inprogress_0
2024-10-01 11:06:54,516 [3ccd597d-6672-4b12-926e-746f973e87fb@group-17EC0FEA1F1B-LeaderElection6] INFO  server.RaftServerConfigKeys (ConfUtils.java:logFallback(53)) - raft.server.rpc.first-election.timeout.min = 5s (fallback to raft.server.rpc.timeout.min)
2024-10-01 11:06:54,517 [3ccd597d-6672-4b12-926e-746f973e87fb@group-17EC0FEA1F1B-LeaderElection6] INFO  server.RaftServerConfigKeys (ConfUtils.java:logFallback(53)) - raft.server.rpc.first-election.timeout.max = 5200ms (fallback to raft.server.rpc.timeout.max)
2024-10-01 11:06:54,517 [3ccd597d-6672-4b12-926e-746f973e87fb@group-17EC0FEA1F1B-LeaderElection6] INFO  impl.LeaderElection (LeaderElection.java:logAndReturn(89)) - 3ccd597d-6672-4b12-926e-746f973e87fb@group-17EC0FEA1F1B-LeaderElection6: PRE_VOTE PASSED received 1 response(s) and 0 exception(s):
2024-10-01 11:06:54,517 [3ccd597d-6672-4b12-926e-746f973e87fb@group-17EC0FEA1F1B-LeaderElection6] INFO  impl.LeaderElection (LeaderElection.java:logAndReturn(93)) -   Response 0: 3ccd597d-6672-4b12-926e-746f973e87fb<-f24c48c6-4a91-44a4-ae9a-fb063e2dd958#0:OK-t0
2024-10-01 11:06:54,517 [3ccd597d-6672-4b12-926e-746f973e87fb@group-17EC0FEA1F1B-LeaderElection6] INFO  impl.LeaderElection (LeaderElection.java:askForVotes(327)) - 3ccd597d-6672-4b12-926e-746f973e87fb@group-17EC0FEA1F1B-LeaderElection6 PRE_VOTE round 0: result PASSED
2024-10-01 11:06:54,518 [3ccd597d-6672-4b12-926e-746f973e87fb@group-17EC0FEA1F1B-LeaderElection6-2] INFO  server.GrpcServerProtocolClient (GrpcServerProtocolClient.java:<init>(65)) - Build channel for 89da30bd-cbf9-4a7b-a1ff-1f6963324f22|127.0.0.1:15023
2024-10-01 11:06:54,518 [3ccd597d-6672-4b12-926e-746f973e87fb@group-17EC0FEA1F1B-LeaderElection6] INFO  impl.LeaderElection (LeaderElection.java:askForVotes(325)) - 3ccd597d-6672-4b12-926e-746f973e87fb@group-17EC0FEA1F1B-LeaderElection6 ELECTION round 0: submit vote requests at term 1 for conf: {index: -1, cur=peers:[f24c48c6-4a91-44a4-ae9a-fb063e2dd958|127.0.0.1:15014, 89da30bd-cbf9-4a7b-a1ff-1f6963324f22|127.0.0.1:15023, 3ccd597d-6672-4b12-926e-746f973e87fb|127.0.0.1:15032]|listeners:[], old=null}
2024-10-01 11:06:54,526 [grpc-default-executor-0] INFO  server.RaftServer$Division (RaftServerImpl.java:requestVote(1394)) - 89da30bd-cbf9-4a7b-a1ff-1f6963324f22@group-17EC0FEA1F1B: receive requestVote(PRE_VOTE, 3ccd597d-6672-4b12-926e-746f973e87fb, group-17EC0FEA1F1B, 0, (t:0, i:0))
2024-10-01 11:06:54,527 [grpc-default-executor-0] INFO  impl.VoteContext (VoteContext.java:log(49)) - 89da30bd-cbf9-4a7b-a1ff-1f6963324f22@group-17EC0FEA1F1B-FOLLOWER: accept PRE_VOTE from 3ccd597d-6672-4b12-926e-746f973e87fb: our priority 0 <= candidate's priority 1
2024-10-01 11:06:54,527 [grpc-default-executor-0] INFO  server.RaftServer$Division (RaftServerImpl.java:requestVote(1427)) - 89da30bd-cbf9-4a7b-a1ff-1f6963324f22@group-17EC0FEA1F1B replies to PRE_VOTE vote request: 3ccd597d-6672-4b12-926e-746f973e87fb<-89da30bd-cbf9-4a7b-a1ff-1f6963324f22#0:OK-t0. Peer's state: 89da30bd-cbf9-4a7b-a1ff-1f6963324f22@group-17EC0FEA1F1B:t0, leader=null, voted=, raftlog=Memoized:89da30bd-cbf9-4a7b-a1ff-1f6963324f22@group-17EC0FEA1F1B-SegmentedRaftLog:OPENED:c-1:lastnull, conf=conf: {index: -1, cur=peers:[f24c48c6-4a91-44a4-ae9a-fb063e2dd958|127.0.0.1:15014, 89da30bd-cbf9-4a7b-a1ff-1f6963324f22|127.0.0.1:15023, 3ccd597d-6672-4b12-926e-746f973e87fb|127.0.0.1:15032]|listeners:[], old=null}
2024-10-01 11:06:54,529 [grpc-default-executor-1] INFO  server.RaftServer$Division (RaftServerImpl.java:requestVote(1394)) - f24c48c6-4a91-44a4-ae9a-fb063e2dd958@group-17EC0FEA1F1B: receive requestVote(ELECTION, 3ccd597d-6672-4b12-926e-746f973e87fb, group-17EC0FEA1F1B, 1, (t:0, i:0))
2024-10-01 11:06:54,529 [grpc-default-executor-1] INFO  impl.VoteContext (VoteContext.java:log(49)) - f24c48c6-4a91-44a4-ae9a-fb063e2dd958@group-17EC0FEA1F1B-FOLLOWER: accept ELECTION from 3ccd597d-6672-4b12-926e-746f973e87fb: our priority 0 <= candidate's priority 1
2024-10-01 11:06:54,529 [grpc-default-executor-1] INFO  server.RaftServer$Division (RaftServerImpl.java:setRole(377)) - f24c48c6-4a91-44a4-ae9a-fb063e2dd958@group-17EC0FEA1F1B: changes role from  FOLLOWER to FOLLOWER at term 0 for candidate:3ccd597d-6672-4b12-926e-746f973e87fb
2024-10-01 11:06:54,529 [grpc-default-executor-1] INFO  impl.RoleInfo (RoleInfo.java:shutdownFollowerState(119)) - f24c48c6-4a91-44a4-ae9a-fb063e2dd958: shutdown f24c48c6-4a91-44a4-ae9a-fb063e2dd958@group-17EC0FEA1F1B-FollowerState
2024-10-01 11:06:54,529 [grpc-default-executor-1] INFO  impl.RoleInfo (RoleInfo.java:updateAndGet(148)) - f24c48c6-4a91-44a4-ae9a-fb063e2dd958: start f24c48c6-4a91-44a4-ae9a-fb063e2dd958@group-17EC0FEA1F1B-FollowerState
2024-10-01 11:06:54,529 [f24c48c6-4a91-44a4-ae9a-fb063e2dd958@group-17EC0FEA1F1B-FollowerState] INFO  impl.FollowerState (FollowerState.java:run(153)) - f24c48c6-4a91-44a4-ae9a-fb063e2dd958@group-17EC0FEA1F1B-FollowerState was interrupted
2024-10-01 11:06:54,532 [3ccd597d-6672-4b12-926e-746f973e87fb@group-17EC0FEA1F1B-LeaderElection6] INFO  server.RaftServerConfigKeys (ConfUtils.java:logFallback(53)) - raft.server.rpc.first-election.timeout.min = 5s (fallback to raft.server.rpc.timeout.min)
2024-10-01 11:06:54,532 [3ccd597d-6672-4b12-926e-746f973e87fb@group-17EC0FEA1F1B-LeaderElection6] INFO  server.RaftServerConfigKeys (ConfUtils.java:logFallback(53)) - raft.server.rpc.first-election.timeout.max = 5200ms (fallback to raft.server.rpc.timeout.max)
2024-10-01 11:06:54,537 [grpc-default-executor-1] INFO  server.RaftServer$Division (RaftServerImpl.java:setFirstElection(558)) - f24c48c6-4a91-44a4-ae9a-fb063e2dd958@group-17EC0FEA1F1B: set firstElectionSinceStartup to false for candidate:3ccd597d-6672-4b12-926e-746f973e87fb
2024-10-01 11:06:54,538 [grpc-default-executor-1] INFO  server.RaftServer$Division (RaftServerImpl.java:requestVote(1427)) - f24c48c6-4a91-44a4-ae9a-fb063e2dd958@group-17EC0FEA1F1B replies to ELECTION vote request: 3ccd597d-6672-4b12-926e-746f973e87fb<-f24c48c6-4a91-44a4-ae9a-fb063e2dd958#0:OK-t1. Peer's state: f24c48c6-4a91-44a4-ae9a-fb063e2dd958@group-17EC0FEA1F1B:t1, leader=null, voted=3ccd597d-6672-4b12-926e-746f973e87fb, raftlog=Memoized:f24c48c6-4a91-44a4-ae9a-fb063e2dd958@group-17EC0FEA1F1B-SegmentedRaftLog:OPENED:c-1:lastnull, conf=conf: {index: -1, cur=peers:[f24c48c6-4a91-44a4-ae9a-fb063e2dd958|127.0.0.1:15014, 89da30bd-cbf9-4a7b-a1ff-1f6963324f22|127.0.0.1:15023, 3ccd597d-6672-4b12-926e-746f973e87fb|127.0.0.1:15032]|listeners:[], old=null}
2024-10-01 11:06:54,541 [3ccd597d-6672-4b12-926e-746f973e87fb@group-17EC0FEA1F1B-LeaderElection6] INFO  impl.LeaderElection (LeaderElection.java:logAndReturn(89)) - 3ccd597d-6672-4b12-926e-746f973e87fb@group-17EC0FEA1F1B-LeaderElection6: ELECTION PASSED received 1 response(s) and 0 exception(s):
2024-10-01 11:06:54,541 [3ccd597d-6672-4b12-926e-746f973e87fb@group-17EC0FEA1F1B-LeaderElection6] INFO  impl.LeaderElection (LeaderElection.java:logAndReturn(93)) -   Response 0: 3ccd597d-6672-4b12-926e-746f973e87fb<-f24c48c6-4a91-44a4-ae9a-fb063e2dd958#0:OK-t1
2024-10-01 11:06:54,541 [3ccd597d-6672-4b12-926e-746f973e87fb@group-17EC0FEA1F1B-LeaderElection6] INFO  impl.LeaderElection (LeaderElection.java:askForVotes(327)) - 3ccd597d-6672-4b12-926e-746f973e87fb@group-17EC0FEA1F1B-LeaderElection6 ELECTION round 0: result PASSED
2024-10-01 11:06:54,542 [3ccd597d-6672-4b12-926e-746f973e87fb@group-17EC0FEA1F1B-LeaderElection6] INFO  impl.RoleInfo (RoleInfo.java:shutdownLeaderElection(139)) - 3ccd597d-6672-4b12-926e-746f973e87fb: shutdown 3ccd597d-6672-4b12-926e-746f973e87fb@group-17EC0FEA1F1B-LeaderElection6
2024-10-01 11:06:54,542 [3ccd597d-6672-4b12-926e-746f973e87fb@group-17EC0FEA1F1B-LeaderElection6] INFO  server.RaftServer$Division (RaftServerImpl.java:setRole(377)) - 3ccd597d-6672-4b12-926e-746f973e87fb@group-17EC0FEA1F1B: changes role from CANDIDATE to LEADER at term 1 for changeToLeader
2024-10-01 11:06:54,542 [3ccd597d-6672-4b12-926e-746f973e87fb@group-17EC0FEA1F1B-LeaderElection6] INFO  server.RaftServerConfigKeys (ConfUtils.java:logGet(46)) - raft.server.staging.catchup.gap = 1000 (default)
2024-10-01 11:06:54,542 [3ccd597d-6672-4b12-926e-746f973e87fb@group-17EC0FEA1F1B-LeaderElection6] INFO  server.RaftServerConfigKeys (ConfUtils.java:logGet(46)) - raft.server.write.element-limit = 1024 (custom)
2024-10-01 11:06:54,542 [3ccd597d-6672-4b12-926e-746f973e87fb@group-17EC0FEA1F1B-LeaderElection6] INFO  server.RaftServerConfigKeys (ConfUtils.java:logGet(46)) - raft.server.write.byte-limit = 1024 M (=1073741824) (custom)
2024-10-01 11:06:54,542 [3ccd597d-6672-4b12-926e-746f973e87fb@group-17EC0FEA1F1B-LeaderElection6] INFO  server.RaftServerConfigKeys (ConfUtils.java:logGet(46)) - raft.server.watch.timeout = 30s (custom)
2024-10-01 11:06:54,543 [3ccd597d-6672-4b12-926e-746f973e87fb@group-17EC0FEA1F1B-LeaderElection6] INFO  server.RaftServerConfigKeys (ConfUtils.java:logGet(46)) - raft.server.watch.timeout.denomination = 1s (default)
2024-10-01 11:06:54,543 [3ccd597d-6672-4b12-926e-746f973e87fb@group-17EC0FEA1F1B-LeaderElection6] INFO  server.RaftServerConfigKeys (ConfUtils.java:logGet(46)) - raft.server.watch.element-limit = 65536 (default)
2024-10-01 11:06:54,543 [3ccd597d-6672-4b12-926e-746f973e87fb@group-17EC0FEA1F1B-LeaderElection6] INFO  server.RaftServerConfigKeys (ConfUtils.java:logGet(46)) - raft.server.read.leader.lease.enabled = false (default)
2024-10-01 11:06:54,543 [3ccd597d-6672-4b12-926e-746f973e87fb@group-17EC0FEA1F1B-LeaderElection6] INFO  server.RaftServerConfigKeys (ConfUtils.java:logGet(46)) - raft.server.read.leader.lease.timeout.ratio = 0.9 (default)
2024-10-01 11:06:54,543 [3ccd597d-6672-4b12-926e-746f973e87fb@group-17EC0FEA1F1B-LeaderElection6] INFO  server.RaftServerConfigKeys (ConfUtils.java:logGet(46)) - raft.server.rpc.timeout.min = 5s (custom)
2024-10-01 11:06:54,543 [3ccd597d-6672-4b12-926e-746f973e87fb@group-17EC0FEA1F1B-LeaderElection6] INFO  server.RaftServerConfigKeys (ConfUtils.java:logGet(46)) - raft.server.log.log-metadata.enabled = true (default)
2024-10-01 11:06:54,543 [3ccd597d-6672-4b12-926e-746f973e87fb@group-17EC0FEA1F1B-LeaderElection6] INFO  server.RaftServerConfigKeys (ConfUtils.java:logGet(46)) - raft.server.write.element-limit = 1024 (custom)
2024-10-01 11:06:54,543 [3ccd597d-6672-4b12-926e-746f973e87fb@group-17EC0FEA1F1B-LeaderElection6] INFO  server.RaftServerConfigKeys (ConfUtils.java:logGet(46)) - raft.server.write.follower.gap.ratio.max = -1.0 (default)
2024-10-01 11:06:54,544 [3ccd597d-6672-4b12-926e-746f973e87fb@group-17EC0FEA1F1B-LeaderElection6] INFO  server.RaftServerConfigKeys (ConfUtils.java:logGet(46)) - raft.server.log.appender.snapshot.chunk.size.max = 16MB (=16777216) (default)
2024-10-01 11:06:54,544 [3ccd597d-6672-4b12-926e-746f973e87fb@group-17EC0FEA1F1B-LeaderElection6] INFO  server.RaftServerConfigKeys (ConfUtils.java:logGet(46)) - raft.server.log.appender.buffer.byte-limit = 33554432 (custom)
2024-10-01 11:06:54,544 [3ccd597d-6672-4b12-926e-746f973e87fb@group-17EC0FEA1F1B-LeaderElection6] INFO  server.RaftServerConfigKeys (ConfUtils.java:logGet(46)) - raft.server.log.appender.buffer.element-limit = 1024 (custom)
2024-10-01 11:06:54,544 [3ccd597d-6672-4b12-926e-746f973e87fb@group-17EC0FEA1F1B-LeaderElection6] INFO  server.RaftServerConfigKeys (ConfUtils.java:logGet(46)) - raft.server.log.appender.wait-time.min = 0μs (custom)
2024-10-01 11:06:54,545 [3ccd597d-6672-4b12-926e-746f973e87fb@group-17EC0FEA1F1B-LeaderElection6] INFO  grpc.GrpcConfigKeys (ConfUtils.java:logGet(46)) - raft.grpc.server.leader.outstanding.appends.max = 8 (default)
2024-10-01 11:06:54,545 [3ccd597d-6672-4b12-926e-746f973e87fb@group-17EC0FEA1F1B-LeaderElection6] INFO  server.RaftServerConfigKeys (ConfUtils.java:logGet(46)) - raft.server.rpc.request.timeout = 60s (custom)
2024-10-01 11:06:54,548 [3ccd597d-6672-4b12-926e-746f973e87fb@group-17EC0FEA1F1B-LeaderElection6] INFO  grpc.GrpcConfigKeys (ConfUtils.java:logGet(46)) - raft.grpc.server.install_snapshot.request.element-limit = 8 (default)
2024-10-01 11:06:54,548 [3ccd597d-6672-4b12-926e-746f973e87fb@group-17EC0FEA1F1B-LeaderElection6] INFO  grpc.GrpcConfigKeys (ConfUtils.java:logGet(46)) - raft.grpc.server.install_snapshot.request.timeout = 3000ms (default)
2024-10-01 11:06:54,548 [3ccd597d-6672-4b12-926e-746f973e87fb@group-17EC0FEA1F1B-LeaderElection6] INFO  grpc.GrpcConfigKeys (ConfUtils.java:logGet(46)) - raft.grpc.server.log-message.batch.duration = 5s (default)
2024-10-01 11:06:54,548 [3ccd597d-6672-4b12-926e-746f973e87fb@group-17EC0FEA1F1B-LeaderElection6] INFO  server.RaftServerConfigKeys (ConfUtils.java:logGet(46)) - raft.server.log.appender.install.snapshot.enabled = false (custom)
2024-10-01 11:06:54,548 [3ccd597d-6672-4b12-926e-746f973e87fb@group-17EC0FEA1F1B-LeaderElection6] INFO  grpc.GrpcConfigKeys (ConfUtils.java:logGet(46)) - raft.grpc.server.heartbeat.channel = true (default)
2024-10-01 11:06:54,549 [3ccd597d-6672-4b12-926e-746f973e87fb@group-17EC0FEA1F1B-LeaderElection6] INFO  server.RaftServerConfigKeys (ConfUtils.java:logGet(46)) - raft.server.log.appender.snapshot.chunk.size.max = 16MB (=16777216) (default)
2024-10-01 11:06:54,550 [3ccd597d-6672-4b12-926e-746f973e87fb@group-17EC0FEA1F1B-LeaderElection6] INFO  server.RaftServerConfigKeys (ConfUtils.java:logGet(46)) - raft.server.log.appender.buffer.byte-limit = 33554432 (custom)
2024-10-01 11:06:54,552 [3ccd597d-6672-4b12-926e-746f973e87fb@group-17EC0FEA1F1B-LeaderElection6] INFO  server.RaftServerConfigKeys (ConfUtils.java:logGet(46)) - raft.server.log.appender.buffer.element-limit = 1024 (custom)
2024-10-01 11:06:54,552 [3ccd597d-6672-4b12-926e-746f973e87fb@group-17EC0FEA1F1B-LeaderElection6] INFO  server.RaftServerConfigKeys (ConfUtils.java:logGet(46)) - raft.server.log.appender.wait-time.min = 0μs (custom)
2024-10-01 11:06:54,555 [89da30bd-cbf9-4a7b-a1ff-1f6963324f22@group-17EC0FEA1F1B-FollowerState] INFO  server.RaftServerConfigKeys (ConfUtils.java:logFallback(53)) - raft.server.rpc.first-election.timeout.min = 5s (fallback to raft.server.rpc.timeout.min)
2024-10-01 11:06:54,557 [89da30bd-cbf9-4a7b-a1ff-1f6963324f22@group-17EC0FEA1F1B-FollowerState] INFO  server.RaftServerConfigKeys (ConfUtils.java:logFallback(53)) - raft.server.rpc.first-election.timeout.max = 5200ms (fallback to raft.server.rpc.timeout.max)
2024-10-01 11:06:54,553 [f24c48c6-4a91-44a4-ae9a-fb063e2dd958-server-thread1] INFO  ratis.XceiverServerRatis (XceiverServerRatis.java:handleLeaderChangedNotification(944)) - Leader change notification received for group: group-3A08AF1FB2FD with new leaderId: 89da30bd-cbf9-4a7b-a1ff-1f6963324f22
2024-10-01 11:06:54,557 [f24c48c6-4a91-44a4-ae9a-fb063e2dd958-server-thread1] INFO  server.RaftServer$Division (ServerState.java:setLeader(272)) - f24c48c6-4a91-44a4-ae9a-fb063e2dd958@group-3A08AF1FB2FD: change Leader from null to 89da30bd-cbf9-4a7b-a1ff-1f6963324f22 at term 1 for appendEntries, leader elected after 5561ms
2024-10-01 11:06:54,556 [3ccd597d-6672-4b12-926e-746f973e87fb@group-17EC0FEA1F1B-LeaderElection6] INFO  grpc.GrpcConfigKeys (ConfUtils.java:logGet(46)) - raft.grpc.server.leader.outstanding.appends.max = 8 (default)
2024-10-01 11:06:54,558 [3ccd597d-6672-4b12-926e-746f973e87fb@group-17EC0FEA1F1B-LeaderElection6] INFO  server.RaftServerConfigKeys (ConfUtils.java:logGet(46)) - raft.server.rpc.request.timeout = 60s (custom)
2024-10-01 11:06:54,558 [3ccd597d-6672-4b12-926e-746f973e87fb@group-17EC0FEA1F1B-LeaderElection6] INFO  grpc.GrpcConfigKeys (ConfUtils.java:logGet(46)) - raft.grpc.server.install_snapshot.request.element-limit = 8 (default)
2024-10-01 11:06:54,558 [3ccd597d-6672-4b12-926e-746f973e87fb@group-17EC0FEA1F1B-LeaderElection6] INFO  grpc.GrpcConfigKeys (ConfUtils.java:logGet(46)) - raft.grpc.server.install_snapshot.request.timeout = 3000ms (default)
2024-10-01 11:06:54,558 [3ccd597d-6672-4b12-926e-746f973e87fb@group-17EC0FEA1F1B-LeaderElection6] INFO  grpc.GrpcConfigKeys (ConfUtils.java:logGet(46)) - raft.grpc.server.log-message.batch.duration = 5s (default)
2024-10-01 11:06:54,558 [3ccd597d-6672-4b12-926e-746f973e87fb@group-17EC0FEA1F1B-LeaderElection6] INFO  server.RaftServerConfigKeys (ConfUtils.java:logGet(46)) - raft.server.log.appender.install.snapshot.enabled = false (custom)
2024-10-01 11:06:54,558 [3ccd597d-6672-4b12-926e-746f973e87fb@group-17EC0FEA1F1B-LeaderElection6] INFO  grpc.GrpcConfigKeys (ConfUtils.java:logGet(46)) - raft.grpc.server.heartbeat.channel = true (default)
2024-10-01 11:06:54,558 [3ccd597d-6672-4b12-926e-746f973e87fb@group-17EC0FEA1F1B-LeaderElection6] INFO  impl.RoleInfo (RoleInfo.java:updateAndGet(148)) - 3ccd597d-6672-4b12-926e-746f973e87fb: start 3ccd597d-6672-4b12-926e-746f973e87fb@group-17EC0FEA1F1B-LeaderStateImpl
2024-10-01 11:06:54,558 [3ccd597d-6672-4b12-926e-746f973e87fb@group-17EC0FEA1F1B-LeaderElection6] INFO  server.RaftServer$Division (RaftServerImpl.java:setFirstElection(558)) - 3ccd597d-6672-4b12-926e-746f973e87fb@group-17EC0FEA1F1B: set firstElectionSinceStartup to false for becomeLeader
2024-10-01 11:06:54,558 [3ccd597d-6672-4b12-926e-746f973e87fb@group-17EC0FEA1F1B-LeaderElection6] INFO  ratis.XceiverServerRatis (XceiverServerRatis.java:handleLeaderChangedNotification(944)) - Leader change notification received for group: group-17EC0FEA1F1B with new leaderId: 3ccd597d-6672-4b12-926e-746f973e87fb
2024-10-01 11:06:54,558 [f24c48c6-4a91-44a4-ae9a-fb063e2dd958-server-thread2] INFO  server.RaftServer$Division (ServerState.java:setRaftConf(386)) - f24c48c6-4a91-44a4-ae9a-fb063e2dd958@group-3A08AF1FB2FD: set configuration conf: {index: 0, cur=peers:[f24c48c6-4a91-44a4-ae9a-fb063e2dd958|127.0.0.1:15014, 89da30bd-cbf9-4a7b-a1ff-1f6963324f22|127.0.0.1:15023, 3ccd597d-6672-4b12-926e-746f973e87fb|127.0.0.1:15032]|listeners:[], old=null}
2024-10-01 11:06:54,559 [3ccd597d-6672-4b12-926e-746f973e87fb@group-17EC0FEA1F1B-LeaderElection6] INFO  server.RaftServer$Division (ServerState.java:setLeader(272)) - 3ccd597d-6672-4b12-926e-746f973e87fb@group-17EC0FEA1F1B: change Leader from null to 3ccd597d-6672-4b12-926e-746f973e87fb at term 1 for becomeLeader, leader elected after 5097ms
2024-10-01 11:06:54,559 [3ccd597d-6672-4b12-926e-746f973e87fb@group-17EC0FEA1F1B-LeaderElection6] INFO  segmented.SegmentedRaftLogWorker (SegmentedRaftLogWorker.java:startLogSegment(437)) - 3ccd597d-6672-4b12-926e-746f973e87fb@group-17EC0FEA1F1B-SegmentedRaftLogWorker: Starting segment from index:0
2024-10-01 11:06:54,559 [3ccd597d-6672-4b12-926e-746f973e87fb@group-17EC0FEA1F1B-SegmentedRaftLogWorker] INFO  segmented.BufferedWriteChannel (BufferedWriteChannel.java:open(61)) - open log_inprogress_0 at position 0
2024-10-01 11:06:54,561 [Recon-EventQueue-PipelineReportForReconPipelineReportHandler] INFO  scm.ReconPipelineReportHandler (ReconPipelineReportHandler.java:processPipelineReport(104)) - Pipeline RATIS/THREE PipelineID=fd3170f9-6634-4783-93b5-17ec0fea1f1b reported by 3ccd597d-6672-4b12-926e-746f973e87fb(localhost/127.0.0.1)
2024-10-01 11:06:54,563 [EventQueue-PipelineReportForPipelineReportHandler] INFO  pipeline.PipelineReportHandler (PipelineReportHandler.java:processPipelineReport(136)) - Opened pipeline PipelineID=fd3170f9-6634-4783-93b5-17ec0fea1f1b
2024-10-01 11:06:54,563 [f24c48c6-4a91-44a4-ae9a-fb063e2dd958-server-thread2] INFO  segmented.SegmentedRaftLogWorker (SegmentedRaftLogWorker.java:startLogSegment(437)) - f24c48c6-4a91-44a4-ae9a-fb063e2dd958@group-3A08AF1FB2FD-SegmentedRaftLogWorker: Starting segment from index:0
2024-10-01 11:06:54,564 [f24c48c6-4a91-44a4-ae9a-fb063e2dd958@group-3A08AF1FB2FD-SegmentedRaftLogWorker] INFO  segmented.BufferedWriteChannel (BufferedWriteChannel.java:open(61)) - open log_inprogress_0 at position 0
2024-10-01 11:06:54,566 [3ccd597d-6672-4b12-926e-746f973e87fb@group-17EC0FEA1F1B-LeaderElection6] INFO  server.RaftServer$Division (ServerState.java:setRaftConf(386)) - 3ccd597d-6672-4b12-926e-746f973e87fb@group-17EC0FEA1F1B: set configuration conf: {index: 0, cur=peers:[f24c48c6-4a91-44a4-ae9a-fb063e2dd958|127.0.0.1:15014, 89da30bd-cbf9-4a7b-a1ff-1f6963324f22|127.0.0.1:15023, 3ccd597d-6672-4b12-926e-746f973e87fb|127.0.0.1:15032]|listeners:[], old=null}
2024-10-01 11:06:54,571 [3ccd597d-6672-4b12-926e-746f973e87fb-server-thread1] INFO  ratis.XceiverServerRatis (XceiverServerRatis.java:handleLeaderChangedNotification(944)) - Leader change notification received for group: group-3A08AF1FB2FD with new leaderId: 89da30bd-cbf9-4a7b-a1ff-1f6963324f22
2024-10-01 11:06:54,571 [3ccd597d-6672-4b12-926e-746f973e87fb-server-thread1] INFO  server.RaftServer$Division (ServerState.java:setLeader(272)) - 3ccd597d-6672-4b12-926e-746f973e87fb@group-3A08AF1FB2FD: change Leader from null to 89da30bd-cbf9-4a7b-a1ff-1f6963324f22 at term 1 for appendEntries, leader elected after 5326ms
2024-10-01 11:06:54,574 [3ccd597d-6672-4b12-926e-746f973e87fb@group-17EC0FEA1F1B-SegmentedRaftLogWorker] INFO  segmented.SegmentedRaftLogWorker (SegmentedRaftLogWorker.java:execute(641)) - 3ccd597d-6672-4b12-926e-746f973e87fb@group-17EC0FEA1F1B-SegmentedRaftLogWorker: created new log segment /home/runner/work/ozone/ozone/hadoop-ozone/integration-test/target/test-dir/MiniOzoneClusterImpl-6f218983-f2ca-45a9-b903-464e6faef46a/ozone-meta/datanode-3/ratis/fd3170f9-6634-4783-93b5-17ec0fea1f1b/current/log_inprogress_0
2024-10-01 11:06:54,574 [f24c48c6-4a91-44a4-ae9a-fb063e2dd958@group-3A08AF1FB2FD-SegmentedRaftLogWorker] INFO  segmented.SegmentedRaftLogWorker (SegmentedRaftLogWorker.java:execute(641)) - f24c48c6-4a91-44a4-ae9a-fb063e2dd958@group-3A08AF1FB2FD-SegmentedRaftLogWorker: created new log segment /home/runner/work/ozone/ozone/hadoop-ozone/integration-test/target/test-dir/MiniOzoneClusterImpl-6f218983-f2ca-45a9-b903-464e6faef46a/ozone-meta/datanode-1/ratis/16f3ef61-503c-4aae-b50e-3a08af1fb2fd/current/log_inprogress_0
2024-10-01 11:06:54,581 [f24c48c6-4a91-44a4-ae9a-fb063e2dd958-server-thread1] INFO  ratis.XceiverServerRatis (XceiverServerRatis.java:handleLeaderChangedNotification(944)) - Leader change notification received for group: group-17EC0FEA1F1B with new leaderId: 3ccd597d-6672-4b12-926e-746f973e87fb
2024-10-01 11:06:54,581 [3ccd597d-6672-4b12-926e-746f973e87fb-server-thread3] INFO  server.RaftServer$Division (ServerState.java:setRaftConf(386)) - 3ccd597d-6672-4b12-926e-746f973e87fb@group-3A08AF1FB2FD: set configuration conf: {index: 0, cur=peers:[f24c48c6-4a91-44a4-ae9a-fb063e2dd958|127.0.0.1:15014, 89da30bd-cbf9-4a7b-a1ff-1f6963324f22|127.0.0.1:15023, 3ccd597d-6672-4b12-926e-746f973e87fb|127.0.0.1:15032]|listeners:[], old=null}
2024-10-01 11:06:54,581 [f24c48c6-4a91-44a4-ae9a-fb063e2dd958-server-thread1] INFO  server.RaftServer$Division (ServerState.java:setLeader(272)) - f24c48c6-4a91-44a4-ae9a-fb063e2dd958@group-17EC0FEA1F1B: change Leader from null to 3ccd597d-6672-4b12-926e-746f973e87fb at term 1 for appendEntries, leader elected after 5173ms
2024-10-01 11:06:54,582 [3ccd597d-6672-4b12-926e-746f973e87fb-server-thread3] INFO  segmented.SegmentedRaftLogWorker (SegmentedRaftLogWorker.java:startLogSegment(437)) - 3ccd597d-6672-4b12-926e-746f973e87fb@group-3A08AF1FB2FD-SegmentedRaftLogWorker: Starting segment from index:0
2024-10-01 11:06:54,582 [3ccd597d-6672-4b12-926e-746f973e87fb@group-3A08AF1FB2FD-SegmentedRaftLogWorker] INFO  segmented.BufferedWriteChannel (BufferedWriteChannel.java:open(61)) - open log_inprogress_0 at position 0
2024-10-01 11:06:54,585 [89da30bd-cbf9-4a7b-a1ff-1f6963324f22@group-3A08AF1FB2FD-StateMachineUpdater] INFO  server.RaftServer$Division (LeaderStateImpl.java:checkStartIndex(316)) - Leader 89da30bd-cbf9-4a7b-a1ff-1f6963324f22@group-3A08AF1FB2FD-LeaderStateImpl is ready since appliedIndex == startIndex == 0
2024-10-01 11:06:54,594 [3ccd597d-6672-4b12-926e-746f973e87fb@group-3A08AF1FB2FD-SegmentedRaftLogWorker] INFO  segmented.SegmentedRaftLogWorker (SegmentedRaftLogWorker.java:execute(641)) - 3ccd597d-6672-4b12-926e-746f973e87fb@group-3A08AF1FB2FD-SegmentedRaftLogWorker: created new log segment /home/runner/work/ozone/ozone/hadoop-ozone/integration-test/target/test-dir/MiniOzoneClusterImpl-6f218983-f2ca-45a9-b903-464e6faef46a/ozone-meta/datanode-3/ratis/16f3ef61-503c-4aae-b50e-3a08af1fb2fd/current/log_inprogress_0
2024-10-01 11:06:54,595 [89da30bd-cbf9-4a7b-a1ff-1f6963324f22-server-thread1] INFO  server.RaftServer$Division (RaftServerImpl.java:setFirstElection(558)) - 89da30bd-cbf9-4a7b-a1ff-1f6963324f22@group-17EC0FEA1F1B: set firstElectionSinceStartup to false for appendEntries
2024-10-01 11:06:54,595 [89da30bd-cbf9-4a7b-a1ff-1f6963324f22-server-thread1] INFO  ratis.XceiverServerRatis (XceiverServerRatis.java:handleLeaderChangedNotification(944)) - Leader change notification received for group: group-17EC0FEA1F1B with new leaderId: 3ccd597d-6672-4b12-926e-746f973e87fb
2024-10-01 11:06:54,595 [89da30bd-cbf9-4a7b-a1ff-1f6963324f22-server-thread1] INFO  server.RaftServer$Division (ServerState.java:setLeader(272)) - 89da30bd-cbf9-4a7b-a1ff-1f6963324f22@group-17EC0FEA1F1B: change Leader from null to 3ccd597d-6672-4b12-926e-746f973e87fb at term 1 for appendEntries, leader elected after 5244ms
2024-10-01 11:06:54,595 [89da30bd-cbf9-4a7b-a1ff-1f6963324f22-server-thread2] INFO  server.RaftServer$Division (ServerState.java:setRaftConf(386)) - 89da30bd-cbf9-4a7b-a1ff-1f6963324f22@group-17EC0FEA1F1B: set configuration conf: {index: 0, cur=peers:[f24c48c6-4a91-44a4-ae9a-fb063e2dd958|127.0.0.1:15014, 89da30bd-cbf9-4a7b-a1ff-1f6963324f22|127.0.0.1:15023, 3ccd597d-6672-4b12-926e-746f973e87fb|127.0.0.1:15032]|listeners:[], old=null}
2024-10-01 11:06:54,596 [89da30bd-cbf9-4a7b-a1ff-1f6963324f22-server-thread2] INFO  segmented.SegmentedRaftLogWorker (SegmentedRaftLogWorker.java:startLogSegment(437)) - 89da30bd-cbf9-4a7b-a1ff-1f6963324f22@group-17EC0FEA1F1B-SegmentedRaftLogWorker: Starting segment from index:0
2024-10-01 11:06:54,596 [89da30bd-cbf9-4a7b-a1ff-1f6963324f22@group-17EC0FEA1F1B-SegmentedRaftLogWorker] INFO  segmented.BufferedWriteChannel (BufferedWriteChannel.java:open(61)) - open log_inprogress_0 at position 0
2024-10-01 11:06:54,601 [f24c48c6-4a91-44a4-ae9a-fb063e2dd958-server-thread2] INFO  server.RaftServer$Division (ServerState.java:setRaftConf(386)) - f24c48c6-4a91-44a4-ae9a-fb063e2dd958@group-17EC0FEA1F1B: set configuration conf: {index: 0, cur=peers:[f24c48c6-4a91-44a4-ae9a-fb063e2dd958|127.0.0.1:15014, 89da30bd-cbf9-4a7b-a1ff-1f6963324f22|127.0.0.1:15023, 3ccd597d-6672-4b12-926e-746f973e87fb|127.0.0.1:15032]|listeners:[], old=null}
2024-10-01 11:06:54,601 [f24c48c6-4a91-44a4-ae9a-fb063e2dd958-server-thread2] INFO  segmented.SegmentedRaftLogWorker (SegmentedRaftLogWorker.java:startLogSegment(437)) - f24c48c6-4a91-44a4-ae9a-fb063e2dd958@group-17EC0FEA1F1B-SegmentedRaftLogWorker: Starting segment from index:0
2024-10-01 11:06:54,602 [f24c48c6-4a91-44a4-ae9a-fb063e2dd958@group-17EC0FEA1F1B-SegmentedRaftLogWorker] INFO  segmented.BufferedWriteChannel (BufferedWriteChannel.java:open(61)) - open log_inprogress_0 at position 0
2024-10-01 11:06:54,612 [89da30bd-cbf9-4a7b-a1ff-1f6963324f22@group-17EC0FEA1F1B-SegmentedRaftLogWorker] INFO  segmented.SegmentedRaftLogWorker (SegmentedRaftLogWorker.java:execute(641)) - 89da30bd-cbf9-4a7b-a1ff-1f6963324f22@group-17EC0FEA1F1B-SegmentedRaftLogWorker: created new log segment /home/runner/work/ozone/ozone/hadoop-ozone/integration-test/target/test-dir/MiniOzoneClusterImpl-6f218983-f2ca-45a9-b903-464e6faef46a/ozone-meta/datanode-2/ratis/fd3170f9-6634-4783-93b5-17ec0fea1f1b/current/log_inprogress_0
2024-10-01 11:06:54,622 [f24c48c6-4a91-44a4-ae9a-fb063e2dd958@group-17EC0FEA1F1B-SegmentedRaftLogWorker] INFO  segmented.SegmentedRaftLogWorker (SegmentedRaftLogWorker.java:execute(641)) - f24c48c6-4a91-44a4-ae9a-fb063e2dd958@group-17EC0FEA1F1B-SegmentedRaftLogWorker: created new log segment /home/runner/work/ozone/ozone/hadoop-ozone/integration-test/target/test-dir/MiniOzoneClusterImpl-6f218983-f2ca-45a9-b903-464e6faef46a/ozone-meta/datanode-1/ratis/fd3170f9-6634-4783-93b5-17ec0fea1f1b/current/log_inprogress_0
2024-10-01 11:06:54,622 [3ccd597d-6672-4b12-926e-746f973e87fb@group-17EC0FEA1F1B-StateMachineUpdater] INFO  server.RaftServer$Division (LeaderStateImpl.java:checkStartIndex(316)) - Leader 3ccd597d-6672-4b12-926e-746f973e87fb@group-17EC0FEA1F1B-LeaderStateImpl is ready since appliedIndex == startIndex == 0
2024-10-01 11:06:54,639 [3ccd597d-6672-4b12-926e-746f973e87fb@group-68695E8EB38B-FollowerState] INFO  impl.FollowerState (FollowerState.java:run(144)) - 3ccd597d-6672-4b12-926e-746f973e87fb@group-68695E8EB38B-FollowerState: change to CANDIDATE, lastRpcElapsedTime:5076992613ns, electionTimeout:5073ms
2024-10-01 11:06:54,639 [3ccd597d-6672-4b12-926e-746f973e87fb@group-68695E8EB38B-FollowerState] INFO  impl.RoleInfo (RoleInfo.java:shutdownFollowerState(119)) - 3ccd597d-6672-4b12-926e-746f973e87fb: shutdown 3ccd597d-6672-4b12-926e-746f973e87fb@group-68695E8EB38B-FollowerState
2024-10-01 11:06:54,639 [3ccd597d-6672-4b12-926e-746f973e87fb@group-68695E8EB38B-FollowerState] INFO  server.RaftServer$Division (RaftServerImpl.java:setRole(377)) - 3ccd597d-6672-4b12-926e-746f973e87fb@group-68695E8EB38B: changes role from  FOLLOWER to CANDIDATE at term 0 for changeToCandidate
2024-10-01 11:06:54,640 [3ccd597d-6672-4b12-926e-746f973e87fb@group-68695E8EB38B-FollowerState] INFO  server.RaftServerConfigKeys (ConfUtils.java:logGet(46)) - raft.server.leaderelection.pre-vote = true (default)
2024-10-01 11:06:54,640 [3ccd597d-6672-4b12-926e-746f973e87fb@group-68695E8EB38B-FollowerState] INFO  impl.RoleInfo (RoleInfo.java:updateAndGet(148)) - 3ccd597d-6672-4b12-926e-746f973e87fb: start 3ccd597d-6672-4b12-926e-746f973e87fb@group-68695E8EB38B-LeaderElection7
2024-10-01 11:06:54,640 [3ccd597d-6672-4b12-926e-746f973e87fb@group-68695E8EB38B-LeaderElection7] INFO  impl.LeaderElection (LeaderElection.java:askForVotes(325)) - 3ccd597d-6672-4b12-926e-746f973e87fb@group-68695E8EB38B-LeaderElection7 PRE_VOTE round 0: submit vote requests at term 0 for conf: {index: -1, cur=peers:[3ccd597d-6672-4b12-926e-746f973e87fb|127.0.0.1:15032]|listeners:[], old=null}
2024-10-01 11:06:54,640 [3ccd597d-6672-4b12-926e-746f973e87fb@group-68695E8EB38B-LeaderElection7] INFO  impl.LeaderElection (LeaderElection.java:askForVotes(327)) - 3ccd597d-6672-4b12-926e-746f973e87fb@group-68695E8EB38B-LeaderElection7 PRE_VOTE round 0: result PASSED (term=0)
2024-10-01 11:06:54,641 [3ccd597d-6672-4b12-926e-746f973e87fb@group-68695E8EB38B-LeaderElection7] INFO  impl.LeaderElection (LeaderElection.java:askForVotes(325)) - 3ccd597d-6672-4b12-926e-746f973e87fb@group-68695E8EB38B-LeaderElection7 ELECTION round 0: submit vote requests at term 1 for conf: {index: -1, cur=peers:[3ccd597d-6672-4b12-926e-746f973e87fb|127.0.0.1:15032]|listeners:[], old=null}
2024-10-01 11:06:54,641 [3ccd597d-6672-4b12-926e-746f973e87fb@group-68695E8EB38B-LeaderElection7] INFO  impl.LeaderElection (LeaderElection.java:askForVotes(327)) - 3ccd597d-6672-4b12-926e-746f973e87fb@group-68695E8EB38B-LeaderElection7 ELECTION round 0: result PASSED (term=1)
2024-10-01 11:06:54,642 [3ccd597d-6672-4b12-926e-746f973e87fb@group-68695E8EB38B-LeaderElection7] INFO  impl.RoleInfo (RoleInfo.java:shutdownLeaderElection(139)) - 3ccd597d-6672-4b12-926e-746f973e87fb: shutdown 3ccd597d-6672-4b12-926e-746f973e87fb@group-68695E8EB38B-LeaderElection7
2024-10-01 11:06:54,642 [3ccd597d-6672-4b12-926e-746f973e87fb@group-68695E8EB38B-LeaderElection7] INFO  server.RaftServer$Division (RaftServerImpl.java:setRole(377)) - 3ccd597d-6672-4b12-926e-746f973e87fb@group-68695E8EB38B: changes role from CANDIDATE to LEADER at term 1 for changeToLeader
2024-10-01 11:06:54,642 [3ccd597d-6672-4b12-926e-746f973e87fb@group-68695E8EB38B-LeaderElection7] INFO  server.RaftServerConfigKeys (ConfUtils.java:logGet(46)) - raft.server.staging.catchup.gap = 1000 (default)
2024-10-01 11:06:54,642 [3ccd597d-6672-4b12-926e-746f973e87fb@group-68695E8EB38B-LeaderElection7] INFO  server.RaftServerConfigKeys (ConfUtils.java:logGet(46)) - raft.server.write.element-limit = 1024 (custom)
2024-10-01 11:06:54,642 [3ccd597d-6672-4b12-926e-746f973e87fb@group-68695E8EB38B-LeaderElection7] INFO  server.RaftServerConfigKeys (ConfUtils.java:logGet(46)) - raft.server.write.byte-limit = 1024 M (=1073741824) (custom)
2024-10-01 11:06:54,642 [3ccd597d-6672-4b12-926e-746f973e87fb@group-68695E8EB38B-LeaderElection7] INFO  server.RaftServerConfigKeys (ConfUtils.java:logGet(46)) - raft.server.watch.timeout = 30s (custom)
2024-10-01 11:06:54,642 [3ccd597d-6672-4b12-926e-746f973e87fb@group-68695E8EB38B-LeaderElection7] INFO  server.RaftServerConfigKeys (ConfUtils.java:logGet(46)) - raft.server.watch.timeout.denomination = 1s (default)
2024-10-01 11:06:54,643 [3ccd597d-6672-4b12-926e-746f973e87fb@group-68695E8EB38B-LeaderElection7] INFO  server.RaftServerConfigKeys (ConfUtils.java:logGet(46)) - raft.server.watch.element-limit = 65536 (default)
2024-10-01 11:06:54,643 [3ccd597d-6672-4b12-926e-746f973e87fb@group-68695E8EB38B-LeaderElection7] INFO  server.RaftServerConfigKeys (ConfUtils.java:logGet(46)) - raft.server.read.leader.lease.enabled = false (default)
2024-10-01 11:06:54,643 [3ccd597d-6672-4b12-926e-746f973e87fb@group-68695E8EB38B-LeaderElection7] INFO  server.RaftServerConfigKeys (ConfUtils.java:logGet(46)) - raft.server.read.leader.lease.timeout.ratio = 0.9 (default)
2024-10-01 11:06:54,643 [3ccd597d-6672-4b12-926e-746f973e87fb@group-68695E8EB38B-LeaderElection7] INFO  server.RaftServerConfigKeys (ConfUtils.java:logGet(46)) - raft.server.rpc.timeout.min = 5s (custom)
2024-10-01 11:06:54,643 [3ccd597d-6672-4b12-926e-746f973e87fb@group-68695E8EB38B-LeaderElection7] INFO  server.RaftServerConfigKeys (ConfUtils.java:logGet(46)) - raft.server.log.log-metadata.enabled = true (default)
2024-10-01 11:06:54,643 [3ccd597d-6672-4b12-926e-746f973e87fb@group-68695E8EB38B-LeaderElection7] INFO  server.RaftServerConfigKeys (ConfUtils.java:logGet(46)) - raft.server.write.element-limit = 1024 (custom)
2024-10-01 11:06:54,644 [3ccd597d-6672-4b12-926e-746f973e87fb@group-68695E8EB38B-LeaderElection7] INFO  server.RaftServerConfigKeys (ConfUtils.java:logGet(46)) - raft.server.write.follower.gap.ratio.max = -1.0 (default)
2024-10-01 11:06:54,644 [3ccd597d-6672-4b12-926e-746f973e87fb@group-68695E8EB38B-LeaderElection7] INFO  impl.RoleInfo (RoleInfo.java:updateAndGet(148)) - 3ccd597d-6672-4b12-926e-746f973e87fb: start 3ccd597d-6672-4b12-926e-746f973e87fb@group-68695E8EB38B-LeaderStateImpl
2024-10-01 11:06:54,644 [3ccd597d-6672-4b12-926e-746f973e87fb@group-68695E8EB38B-LeaderElection7] INFO  server.RaftServer$Division (RaftServerImpl.java:setFirstElection(558)) - 3ccd597d-6672-4b12-926e-746f973e87fb@group-68695E8EB38B: set firstElectionSinceStartup to false for becomeLeader
2024-10-01 11:06:54,644 [3ccd597d-6672-4b12-926e-746f973e87fb@group-68695E8EB38B-LeaderElection7] INFO  ratis.XceiverServerRatis (XceiverServerRatis.java:handleLeaderChangedNotification(944)) - Leader change notification received for group: group-68695E8EB38B with new leaderId: 3ccd597d-6672-4b12-926e-746f973e87fb
2024-10-01 11:06:54,645 [3ccd597d-6672-4b12-926e-746f973e87fb@group-68695E8EB38B-LeaderElection7] INFO  server.RaftServer$Division (ServerState.java:setLeader(272)) - 3ccd597d-6672-4b12-926e-746f973e87fb@group-68695E8EB38B: change Leader from null to 3ccd597d-6672-4b12-926e-746f973e87fb at term 1 for becomeLeader, leader elected after 5112ms
2024-10-01 11:06:54,645 [3ccd597d-6672-4b12-926e-746f973e87fb@group-68695E8EB38B-LeaderElection7] INFO  segmented.SegmentedRaftLogWorker (SegmentedRaftLogWorker.java:startLogSegment(437)) - 3ccd597d-6672-4b12-926e-746f973e87fb@group-68695E8EB38B-SegmentedRaftLogWorker: Starting segment from index:0
2024-10-01 11:06:54,645 [3ccd597d-6672-4b12-926e-746f973e87fb@group-68695E8EB38B-LeaderElection7] INFO  server.RaftServer$Division (ServerState.java:setRaftConf(386)) - 3ccd597d-6672-4b12-926e-746f973e87fb@group-68695E8EB38B: set configuration conf: {index: 0, cur=peers:[3ccd597d-6672-4b12-926e-746f973e87fb|127.0.0.1:15032]|listeners:[], old=null}
2024-10-01 11:06:54,645 [3ccd597d-6672-4b12-926e-746f973e87fb@group-68695E8EB38B-SegmentedRaftLogWorker] INFO  segmented.BufferedWriteChannel (BufferedWriteChannel.java:open(61)) - open log_inprogress_0 at position 0
2024-10-01 11:06:54,655 [3ccd597d-6672-4b12-926e-746f973e87fb@group-68695E8EB38B-SegmentedRaftLogWorker] INFO  segmented.SegmentedRaftLogWorker (SegmentedRaftLogWorker.java:execute(641)) - 3ccd597d-6672-4b12-926e-746f973e87fb@group-68695E8EB38B-SegmentedRaftLogWorker: created new log segment /home/runner/work/ozone/ozone/hadoop-ozone/integration-test/target/test-dir/MiniOzoneClusterImpl-6f218983-f2ca-45a9-b903-464e6faef46a/ozone-meta/datanode-3/ratis/13758175-3302-4500-84ee-68695e8eb38b/current/log_inprogress_0
2024-10-01 11:06:54,657 [3ccd597d-6672-4b12-926e-746f973e87fb@group-68695E8EB38B-StateMachineUpdater] INFO  server.RaftServer$Division (LeaderStateImpl.java:checkStartIndex(316)) - Leader 3ccd597d-6672-4b12-926e-746f973e87fb@group-68695E8EB38B-LeaderStateImpl is ready since appliedIndex == startIndex == 0
2024-10-01 11:06:54,822 [main] INFO  ozone.MiniOzoneClusterImpl (MiniOzoneClusterImpl.java:lambda$waitForClusterToBeReady$0(198)) - Nodes are ready. Got 4 of 4 DN Heartbeats.
2024-10-01 11:06:54,822 [main] INFO  ozone.MiniOzoneClusterImpl (MiniOzoneClusterImpl.java:lambda$waitForClusterToBeReady$0(201)) - Cluster exits safe mode
2024-10-01 11:06:54,822 [main] INFO  ozone.MiniOzoneClusterImpl (MiniOzoneClusterImpl.java:lambda$waitForClusterToBeReady$0(203)) - SCM became leader
2024-10-01 11:06:54,836 [main] INFO  ozoneimpl.OzoneContainer (OzoneContainer.java:stop(497)) - Attempting to stop container services.
2024-10-01 11:06:54,837 [ContainerMetadataScanner] WARN  ozoneimpl.AbstractBackgroundContainerScanner (AbstractBackgroundContainerScanner.java:handleRemainingSleep(134)) - Background container scan was interrupted.
2024-10-01 11:06:54,837 [ContainerMetadataScanner] INFO  ozoneimpl.AbstractBackgroundContainerScanner (AbstractBackgroundContainerScanner.java:run(61)) - Thread[ContainerMetadataScanner,5,main] exiting.
2024-10-01 11:06:54,837 [main] INFO  ozoneimpl.BackgroundContainerDataScanner (BackgroundContainerDataScanner.java:shutdown(141)) - ContainerDataScanner(/home/runner/work/ozone/ozone/hadoop-ozone/integration-test/target/test-dir/MiniOzoneClusterImpl-6f218983-f2ca-45a9-b903-464e6faef46a/ozone-meta/datanode-4/data-0/hdds) is shutting down. 
2024-10-01 11:06:54,837 [ContainerDataScanner(/home/runner/work/ozone/ozone/hadoop-ozone/integration-test/target/test-dir/MiniOzoneClusterImpl-6f218983-f2ca-45a9-b903-464e6faef46a/ozone-meta/datanode-4/data-0/hdds)] WARN  ozoneimpl.AbstractBackgroundContainerScanner (AbstractBackgroundContainerScanner.java:handleRemainingSleep(134)) - Background container scan was interrupted.
2024-10-01 11:06:54,838 [ContainerDataScanner(/home/runner/work/ozone/ozone/hadoop-ozone/integration-test/target/test-dir/MiniOzoneClusterImpl-6f218983-f2ca-45a9-b903-464e6faef46a/ozone-meta/datanode-4/data-0/hdds)] INFO  ozoneimpl.AbstractBackgroundContainerScanner (AbstractBackgroundContainerScanner.java:run(61)) - ContainerDataScanner(/home/runner/work/ozone/ozone/hadoop-ozone/integration-test/target/test-dir/MiniOzoneClusterImpl-6f218983-f2ca-45a9-b903-464e6faef46a/ozone-meta/datanode-4/data-0/hdds, DS-2e5101e6-3023-45e6-a0e0-5134d84f0a35) exiting.
2024-10-01 11:06:54,838 [main] INFO  ozoneimpl.OnDemandContainerDataScanner (OnDemandContainerDataScanner.java:shutdownScanner(206)) - On-demand container scanner is shutting down.
2024-10-01 11:06:54,841 [main] INFO  ratis.XceiverServerRatis (XceiverServerRatis.java:stop(596)) - Closing XceiverServerRatis(bd925bb8-7373-4f0c-89ce-c10b2a53e1f4)
2024-10-01 11:06:54,841 [main] INFO  server.RaftServer (RaftServerProxy.java:lambda$close$9(417)) - bd925bb8-7373-4f0c-89ce-c10b2a53e1f4: close
2024-10-01 11:06:54,842 [bd925bb8-7373-4f0c-89ce-c10b2a53e1f4-impl-thread1] INFO  server.RaftServer$Division (RaftServerImpl.java:lambda$close$1(509)) - bd925bb8-7373-4f0c-89ce-c10b2a53e1f4@group-801043AF9AA0: shutdown
2024-10-01 11:06:54,842 [main] INFO  server.GrpcService (GrpcService.java:closeImpl(343)) - bd925bb8-7373-4f0c-89ce-c10b2a53e1f4: shutdown server GrpcServerProtocolService now
2024-10-01 11:06:54,842 [bd925bb8-7373-4f0c-89ce-c10b2a53e1f4-impl-thread1] INFO  util.JmxRegister (JmxRegister.java:unregister(74)) - Successfully un-registered JMX Bean with object name Ratis:service=RaftServer,group=group-801043AF9AA0,id=bd925bb8-7373-4f0c-89ce-c10b2a53e1f4
2024-10-01 11:06:54,844 [bd925bb8-7373-4f0c-89ce-c10b2a53e1f4-impl-thread1] INFO  impl.RoleInfo (RoleInfo.java:shutdownFollowerState(119)) - bd925bb8-7373-4f0c-89ce-c10b2a53e1f4: shutdown bd925bb8-7373-4f0c-89ce-c10b2a53e1f4@group-801043AF9AA0-FollowerState
2024-10-01 11:06:54,844 [bd925bb8-7373-4f0c-89ce-c10b2a53e1f4@group-801043AF9AA0-FollowerState] INFO  impl.FollowerState (FollowerState.java:run(153)) - bd925bb8-7373-4f0c-89ce-c10b2a53e1f4@group-801043AF9AA0-FollowerState was interrupted
2024-10-01 11:06:54,844 [bd925bb8-7373-4f0c-89ce-c10b2a53e1f4@group-801043AF9AA0-StateMachineUpdater] INFO  impl.StateMachineUpdater (StateMachineUpdater.java:stop(141)) - bd925bb8-7373-4f0c-89ce-c10b2a53e1f4@group-801043AF9AA0-StateMachineUpdater: closing ContainerStateMachine, lastApplied=(t:0, i:~)
2024-10-01 11:06:54,844 [bd925bb8-7373-4f0c-89ce-c10b2a53e1f4-impl-thread1] INFO  impl.StateMachineUpdater (StateMachineUpdater.java:stopAndJoin(164)) - bd925bb8-7373-4f0c-89ce-c10b2a53e1f4@group-801043AF9AA0-StateMachineUpdater: set stopIndex = -1
2024-10-01 11:06:54,845 [main] INFO  server.GrpcService (GrpcService.java:closeImpl(352)) - bd925bb8-7373-4f0c-89ce-c10b2a53e1f4: shutdown server GrpcServerProtocolService successfully
2024-10-01 11:06:54,845 [bd925bb8-7373-4f0c-89ce-c10b2a53e1f4@group-801043AF9AA0-cacheEviction-AwaitToRun] INFO  util.AwaitToRun (AwaitToRun.java:run(49)) - bd925bb8-7373-4f0c-89ce-c10b2a53e1f4@group-801043AF9AA0-cacheEviction-AwaitToRun-AwaitForSignal is interrupted
2024-10-01 11:06:54,846 [bd925bb8-7373-4f0c-89ce-c10b2a53e1f4-NettyServerStreamRpc-bossGroup--thread1] INFO  logging.LoggingHandler (AbstractInternalLogger.java:log(148)) - [id: 0x7ef99b43, L:/0.0.0.0:15044] CLOSE
2024-10-01 11:06:54,846 [bd925bb8-7373-4f0c-89ce-c10b2a53e1f4-NettyServerStreamRpc-bossGroup--thread1] INFO  logging.LoggingHandler (AbstractInternalLogger.java:log(148)) - [id: 0x7ef99b43, L:/0.0.0.0:15044] INACTIVE
2024-10-01 11:06:54,846 [bd925bb8-7373-4f0c-89ce-c10b2a53e1f4-NettyServerStreamRpc-bossGroup--thread1] INFO  logging.LoggingHandler (AbstractInternalLogger.java:log(148)) - [id: 0x7ef99b43, L:/0.0.0.0:15044] UNREGISTERED
2024-10-01 11:06:54,847 [bd925bb8-7373-4f0c-89ce-c10b2a53e1f4-impl-thread1] INFO  segmented.SegmentedRaftLogWorker (SegmentedRaftLogWorker.java:close(251)) - bd925bb8-7373-4f0c-89ce-c10b2a53e1f4@group-801043AF9AA0-SegmentedRaftLogWorker close()
2024-10-01 11:06:54,855 [bd925bb8-7373-4f0c-89ce-c10b2a53e1f4-impl-thread1] INFO  ratis.ContainerStateMachine (ContainerStateMachine.java:notifyServerShutdown(958)) - group-801043AF9AA0 is closed by HddsDatanodeService
2024-10-01 11:06:54,859 [JvmPauseMonitor6] INFO  util.JvmPauseMonitor (JvmPauseMonitor.java:run(152)) - JvmPauseMonitor-bd925bb8-7373-4f0c-89ce-c10b2a53e1f4: Stopped
2024-10-01 11:06:56,868 [main] INFO  utils.DatanodeStoreCache (DatanodeStoreCache.java:shutdownCache(116)) - Skip clearing cache in mini cluster mode. Entries left: [/home/runner/work/ozone/ozone/hadoop-ozone/integration-test/target/test-dir/MiniOzoneClusterImpl-6f218983-f2ca-45a9-b903-464e6faef46a/ozone-meta/datanode-1/data-0/hdds/6f218983-f2ca-45a9-b903-464e6faef46a/DS-d069a0fa-fa7b-4881-8f91-0e1eb59661d6/container.db, /home/runner/work/ozone/ozone/hadoop-ozone/integration-test/target/test-dir/MiniOzoneClusterImpl-6f218983-f2ca-45a9-b903-464e6faef46a/ozone-meta/datanode-2/data-0/hdds/6f218983-f2ca-45a9-b903-464e6faef46a/DS-d462013f-9e41-49c7-94f4-944661da4832/container.db, /home/runner/work/ozone/ozone/hadoop-ozone/integration-test/target/test-dir/MiniOzoneClusterImpl-6f218983-f2ca-45a9-b903-464e6faef46a/ozone-meta/datanode-3/data-0/hdds/6f218983-f2ca-45a9-b903-464e6faef46a/DS-1f7c2ebc-ce58-48cb-9255-1aa1a327bed6/container.db, /home/runner/work/ozone/ozone/hadoop-ozone/integration-test/target/test-dir/MiniOzoneClusterImpl-6f218983-f2ca-45a9-b903-464e6faef46a/ozone-meta/datanode-4/data-0/hdds/6f218983-f2ca-45a9-b903-464e6faef46a/DS-2e5101e6-3023-45e6-a0e0-5134d84f0a35/container.db]
2024-10-01 11:06:56,871 [main] INFO  utils.DatanodeStoreCache (DatanodeStoreCache.java:removeDB(110)) - Removed db /home/runner/work/ozone/ozone/hadoop-ozone/integration-test/target/test-dir/MiniOzoneClusterImpl-6f218983-f2ca-45a9-b903-464e6faef46a/ozone-meta/datanode-4/data-0/hdds/6f218983-f2ca-45a9-b903-464e6faef46a/DS-2e5101e6-3023-45e6-a0e0-5134d84f0a35/container.db from cache
2024-10-01 11:06:56,871 [main] INFO  volume.HddsVolume (HddsVolume.java:closeDbStore(462)) - SchemaV3 db is stopped at /home/runner/work/ozone/ozone/hadoop-ozone/integration-test/target/test-dir/MiniOzoneClusterImpl-6f218983-f2ca-45a9-b903-464e6faef46a/ozone-meta/datanode-4/data-0/hdds/6f218983-f2ca-45a9-b903-464e6faef46a/DS-2e5101e6-3023-45e6-a0e0-5134d84f0a35/container.db for volume DS-2e5101e6-3023-45e6-a0e0-5134d84f0a35
2024-10-01 11:06:56,872 [main] INFO  utils.BackgroundService (BackgroundService.java:shutdown(163)) - Shutting down service BlockDeletingService
2024-10-01 11:06:56,872 [main] INFO  utils.BackgroundService (BackgroundService.java:shutdown(163)) - Shutting down service StaleRecoveringContainerScrubbingService
2024-10-01 11:06:56,873 [main] INFO  statemachine.DatanodeStateMachine (DatanodeStateMachine.java:stopDaemon(626)) - Ozone container server stopped.
2024-10-01 11:06:56,887 [main] INFO  handler.ContextHandler (ContextHandler.java:doStop(1159)) - Stopped o.e.j.w.WebAppContext@3cb2b2de{hddsDatanode,/,null,STOPPED}{jar:file:/home/runner/work/ozone/ozone/hadoop-hdds/container-service/target/hdds-container-service-1.5.0-SNAPSHOT.jar!/webapps/hddsDatanode}
2024-10-01 11:06:56,889 [main] INFO  server.AbstractConnector (AbstractConnector.java:doStop(383)) - Stopped ServerConnector@41df222e{HTTP/1.1, (http/1.1)}{0.0.0.0:15038}
2024-10-01 11:06:56,890 [main] INFO  server.session (HouseKeeper.java:stopScavenging(149)) - node0 Stopped scavenging
2024-10-01 11:06:56,890 [main] INFO  handler.ContextHandler (ContextHandler.java:doStop(1159)) - Stopped o.e.j.s.ServletContextHandler@485a7298{static,/static,jar:file:/home/runner/work/ozone/ozone/hadoop-hdds/container-service/target/hdds-container-service-1.5.0-SNAPSHOT.jar!/webapps/static,STOPPED}
2024-10-01 11:06:56,890 [main] INFO  handler.ContextHandler (ContextHandler.java:doStop(1159)) - Stopped o.e.j.s.ServletContextHandler@3c62a22b{logs,/logs,file:///home/runner/work/ozone/ozone/hadoop-ozone/integration-test/target/log,STOPPED}
2024-10-01 11:06:56,892 [main] INFO  ozone.HddsDatanodeClientProtocolServer (HddsDatanodeClientProtocolServer.java:stop(85)) - Stopping the RPC server for Client Protocol
2024-10-01 11:06:56,892 [main] INFO  ipc.Server (Server.java:stop(3523)) - Stopping server on 15039
2024-10-01 11:06:56,893 [IPC Server listener on 15039] INFO  ipc.Server (Server.java:run(1434)) - Stopping IPC Server listener on 15039
2024-10-01 11:06:56,894 [IPC Server Responder] INFO  ipc.Server (Server.java:run(1567)) - Stopping IPC Server Responder
2024-10-01 11:07:00,892 [EventQueue-StaleNodeForStaleNodeHandler] INFO  node.StaleNodeHandler (StaleNodeHandler.java:onMessage(57)) - Datanode bd925bb8-7373-4f0c-89ce-c10b2a53e1f4(localhost/127.0.0.1) moved to stale state. Finalizing its pipelines [PipelineID=589fc585-bd4b-4bfe-8045-801043af9aa0]
2024-10-01 11:07:00,893 [EventQueue-StaleNodeForStaleNodeHandler] INFO  pipeline.PipelineManagerImpl (PipelineManagerImpl.java:closePipeline(518)) - Pipeline PipelineID=589fc585-bd4b-4bfe-8045-801043af9aa0 moved to CLOSED state
2024-10-01 11:07:00,905 [Recon-EventQueue-StaleNodeForReconStaleNodeHandler] INFO  node.StaleNodeHandler (StaleNodeHandler.java:onMessage(57)) - Datanode bd925bb8-7373-4f0c-89ce-c10b2a53e1f4(localhost/127.0.0.1) moved to stale state. Finalizing its pipelines [PipelineID=589fc585-bd4b-4bfe-8045-801043af9aa0]
2024-10-01 11:07:00,906 [Recon-EventQueue-StaleNodeForReconStaleNodeHandler] INFO  pipeline.PipelineManagerImpl (PipelineManagerImpl.java:closePipeline(518)) - Pipeline PipelineID=589fc585-bd4b-4bfe-8045-801043af9aa0 moved to CLOSED state
2024-10-01 11:07:00,910 [Recon-EventQueue-StaleNodeForReconStaleNodeHandler] INFO  scm.ReconPipelineManager (ReconPipelineManager.java:initializePipelines(105)) - Recon has 6 pipelines in house.
2024-10-01 11:07:00,910 [Recon-EventQueue-StaleNodeForReconStaleNodeHandler] WARN  scm.ReconPipelineManager (ReconPipelineManager.java:initializePipelines(111)) - Pipeline PipelineID=13758175-3302-4500-84ee-68695e8eb38b already exists in Recon pipeline metadata.
2024-10-01 11:07:00,911 [Recon-EventQueue-StaleNodeForReconStaleNodeHandler] WARN  scm.ReconPipelineManager (ReconPipelineManager.java:initializePipelines(111)) - Pipeline PipelineID=16f3ef61-503c-4aae-b50e-3a08af1fb2fd already exists in Recon pipeline metadata.
2024-10-01 11:07:00,912 [Recon-EventQueue-StaleNodeForReconStaleNodeHandler] WARN  scm.ReconPipelineManager (ReconPipelineManager.java:initializePipelines(111)) - Pipeline PipelineID=589fc585-bd4b-4bfe-8045-801043af9aa0 already exists in Recon pipeline metadata.
2024-10-01 11:07:00,912 [Recon-EventQueue-StaleNodeForReconStaleNodeHandler] WARN  scm.ReconPipelineManager (ReconPipelineManager.java:initializePipelines(111)) - Pipeline PipelineID=7ecf35a0-a845-41c8-a9d0-ebdde0d620ee already exists in Recon pipeline metadata.
2024-10-01 11:07:00,913 [Recon-EventQueue-StaleNodeForReconStaleNodeHandler] WARN  scm.ReconPipelineManager (ReconPipelineManager.java:initializePipelines(111)) - Pipeline PipelineID=fd3170f9-6634-4783-93b5-17ec0fea1f1b already exists in Recon pipeline metadata.
2024-10-01 11:07:00,914 [Recon-EventQueue-StaleNodeForReconStaleNodeHandler] WARN  scm.ReconPipelineManager (ReconPipelineManager.java:initializePipelines(111)) - Pipeline PipelineID=08b9d510-3410-4e6b-987b-f07362706381 already exists in Recon pipeline metadata.
2024-10-01 11:07:06,902 [EventQueue-DeadNodeForDeadNodeHandler] INFO  node.DeadNodeHandler (DeadNodeHandler.java:onMessage(95)) - A dead datanode is detected. bd925bb8-7373-4f0c-89ce-c10b2a53e1f4(localhost/127.0.0.1)
2024-10-01 11:07:06,904 [EventQueue-DeadNodeForDeadNodeHandler] INFO  pipeline.RatisPipelineProvider (RatisPipelineProvider.java:lambda$close$4(270)) - Send pipeline:PipelineID=589fc585-bd4b-4bfe-8045-801043af9aa0 close command to datanode bd925bb8-7373-4f0c-89ce-c10b2a53e1f4
2024-10-01 11:07:06,905 [EventQueue-DeadNodeForDeadNodeHandler] INFO  pipeline.PipelineManagerImpl (PipelineManagerImpl.java:removePipeline(459)) - Pipeline Pipeline[ Id: 589fc585-bd4b-4bfe-8045-801043af9aa0, Nodes: bd925bb8-7373-4f0c-89ce-c10b2a53e1f4(localhost/127.0.0.1) ReplicaIndex: 0, ReplicationConfig: RATIS/ONE, State:CLOSED, leaderId:bd925bb8-7373-4f0c-89ce-c10b2a53e1f4, CreationTimestamp2024-10-01T11:06:46.818Z[Etc/UTC]] removed.
2024-10-01 11:07:06,905 [EventQueue-DeadNodeForDeadNodeHandler] INFO  node.DeadNodeHandler (DeadNodeHandler.java:onMessage(108)) - Clearing command queue of size 0 for DN bd925bb8-7373-4f0c-89ce-c10b2a53e1f4(localhost/127.0.0.1)
2024-10-01 11:07:06,906 [EventQueue-DeadNodeForDeadNodeHandler] INFO  net.NetworkTopologyImpl (NetworkTopologyImpl.java:remove(212)) - Removed a node: /default-rack/bd925bb8-7373-4f0c-89ce-c10b2a53e1f4
2024-10-01 11:07:06,911 [Recon-EventQueue-DeadNodeForReconDeadNodeHandler] INFO  node.DeadNodeHandler (DeadNodeHandler.java:onMessage(95)) - A dead datanode is detected. bd925bb8-7373-4f0c-89ce-c10b2a53e1f4(localhost/127.0.0.1)
2024-10-01 11:07:06,911 [Recon-EventQueue-DeadNodeForReconDeadNodeHandler] INFO  pipeline.PipelineManagerImpl (PipelineManagerImpl.java:removePipeline(459)) - Pipeline Pipeline[ Id: 589fc585-bd4b-4bfe-8045-801043af9aa0, Nodes: bd925bb8-7373-4f0c-89ce-c10b2a53e1f4(localhost/127.0.0.1) ReplicaIndex: 0, ReplicationConfig: RATIS/ONE, State:CLOSED, leaderId:bd925bb8-7373-4f0c-89ce-c10b2a53e1f4, CreationTimestamp2024-10-01T11:06:46.818Z[Etc/UTC]] removed.
2024-10-01 11:07:06,912 [Recon-EventQueue-DeadNodeForReconDeadNodeHandler] INFO  node.DeadNodeHandler (DeadNodeHandler.java:onMessage(108)) - Clearing command queue of size 0 for DN bd925bb8-7373-4f0c-89ce-c10b2a53e1f4(localhost/127.0.0.1)
2024-10-01 11:07:06,912 [Recon-EventQueue-DeadNodeForReconDeadNodeHandler] INFO  net.NetworkTopologyImpl (NetworkTopologyImpl.java:remove(212)) - Removed a node: /default-rack/bd925bb8-7373-4f0c-89ce-c10b2a53e1f4
2024-10-01 11:07:06,922 [Recon-EventQueue-DeadNodeForReconDeadNodeHandler] INFO  fsck.ContainerHealthTask (ContainerHealthTask.java:checkAndProcessContainers(182)) - Container Health task thread took 0 iterations to fetch all containers using batched approach with batch size of 1000
2024-10-01 11:07:06,925 [Recon-EventQueue-DeadNodeForReconDeadNodeHandler] INFO  scm.ReconPipelineManager (ReconPipelineManager.java:initializePipelines(105)) - Recon has 5 pipelines in house.
2024-10-01 11:07:06,926 [Recon-EventQueue-DeadNodeForReconDeadNodeHandler] WARN  scm.ReconPipelineManager (ReconPipelineManager.java:initializePipelines(111)) - Pipeline PipelineID=13758175-3302-4500-84ee-68695e8eb38b already exists in Recon pipeline metadata.
2024-10-01 11:07:06,926 [Recon-EventQueue-DeadNodeForReconDeadNodeHandler] WARN  scm.ReconPipelineManager (ReconPipelineManager.java:initializePipelines(111)) - Pipeline PipelineID=16f3ef61-503c-4aae-b50e-3a08af1fb2fd already exists in Recon pipeline metadata.
2024-10-01 11:07:06,927 [main] INFO  ozone.MiniOzoneClusterImpl (MiniOzoneClusterImpl.java:shutdown(410)) - Shutting down the Mini Ozone Cluster
2024-10-01 11:07:06,927 [Recon-EventQueue-DeadNodeForReconDeadNodeHandler] WARN  scm.ReconPipelineManager (ReconPipelineManager.java:initializePipelines(111)) - Pipeline PipelineID=7ecf35a0-a845-41c8-a9d0-ebdde0d620ee already exists in Recon pipeline metadata.
2024-10-01 11:07:06,928 [main] INFO  db.CodecTestUtil (CodecTestUtil.java:gc(50)) - gc 0
2024-10-01 11:07:06,982 [Recon-EventQueue-DeadNodeForReconDeadNodeHandler] WARN  scm.ReconPipelineManager (ReconPipelineManager.java:initializePipelines(111)) - Pipeline PipelineID=fd3170f9-6634-4783-93b5-17ec0fea1f1b already exists in Recon pipeline metadata.
2024-10-01 11:07:06,984 [Recon-EventQueue-DeadNodeForReconDeadNodeHandler] WARN  scm.ReconPipelineManager (ReconPipelineManager.java:initializePipelines(111)) - Pipeline PipelineID=08b9d510-3410-4e6b-987b-f07362706381 already exists in Recon pipeline metadata.
2024-10-01 11:07:07,082 [main] INFO  ozone.MiniOzoneClusterImpl (MiniOzoneClusterImpl.java:stop(426)) - Stopping the Mini Ozone Cluster
2024-10-01 11:07:07,083 [main] INFO  om.OzoneManager (OzoneManager.java:stop(2267)) - om1[localhost:15004]: Stopping Ozone Manager
2024-10-01 11:07:07,083 [main] INFO  ipc.Server (Server.java:stop(3523)) - Stopping server on 15004
2024-10-01 11:07:07,085 [IPC Server Responder] INFO  ipc.Server (Server.java:run(1567)) - Stopping IPC Server Responder
2024-10-01 11:07:07,085 [IPC Server listener on 15004] INFO  ipc.Server (Server.java:run(1434)) - Stopping IPC Server listener on 15004
2024-10-01 11:07:07,085 [main] INFO  ratis.OzoneManagerRatisServer (OzoneManagerRatisServer.java:stop(609)) - Stopping org.apache.hadoop.ozone.om.ratis.OzoneManagerRatisServer@31bb5652 at port 15007
2024-10-01 11:07:07,086 [main] INFO  server.RaftServer (RaftServerProxy.java:lambda$close$9(417)) - om1: close
2024-10-01 11:07:07,086 [main] INFO  server.GrpcService (GrpcService.java:closeImpl(343)) - om1: shutdown server GrpcServerProtocolService now
2024-10-01 11:07:07,087 [om1-impl-thread1] INFO  server.RaftServer$Division (RaftServerImpl.java:lambda$close$1(509)) - om1@group-C5BA1605619E: shutdown
2024-10-01 11:07:07,087 [om1-impl-thread1] INFO  util.JmxRegister (JmxRegister.java:unregister(74)) - Successfully un-registered JMX Bean with object name Ratis:service=RaftServer,group=group-C5BA1605619E,id=om1
2024-10-01 11:07:07,087 [om1-impl-thread1] INFO  impl.RoleInfo (RoleInfo.java:shutdownLeaderState(103)) - om1: shutdown om1@group-C5BA1605619E-LeaderStateImpl
2024-10-01 11:07:07,087 [om1-impl-thread1] INFO  impl.PendingRequests (PendingRequests.java:sendNotLeaderResponses(287)) - om1@group-C5BA1605619E-PendingRequests: sendNotLeaderResponses
2024-10-01 11:07:07,088 [main] INFO  server.GrpcService (GrpcService.java:closeImpl(352)) - om1: shutdown server GrpcServerProtocolService successfully
2024-10-01 11:07:07,089 [om1-impl-thread1] INFO  impl.StateMachineUpdater (StateMachineUpdater.java:stopAndJoin(164)) - om1@group-C5BA1605619E-StateMachineUpdater: set stopIndex = 0
2024-10-01 11:07:07,089 [om1@group-C5BA1605619E-StateMachineUpdater] INFO  ratis.OzoneManagerStateMachine (OzoneManagerStateMachine.java:takeSnapshotImpl(485)) -  applied = (t:1, i:0)
2024-10-01 11:07:07,090 [om1@group-C5BA1605619E-StateMachineUpdater] INFO  ratis.OzoneManagerStateMachine (OzoneManagerStateMachine.java:takeSnapshotImpl(486)) -  skipped = -1
2024-10-01 11:07:07,090 [om1@group-C5BA1605619E-StateMachineUpdater] INFO  ratis.OzoneManagerStateMachine (OzoneManagerStateMachine.java:takeSnapshotImpl(487)) - notified = (t:1, i:0)
2024-10-01 11:07:07,090 [om1@group-C5BA1605619E-StateMachineUpdater] INFO  ratis.OzoneManagerStateMachine (OzoneManagerStateMachine.java:takeSnapshotImpl(488)) - snapshot = (t:1, i:0)
2024-10-01 11:07:07,105 [om1@group-C5BA1605619E-StateMachineUpdater] INFO  impl.StateMachineUpdater (StateMachineUpdater.java:takeSnapshot(303)) - om1@group-C5BA1605619E-StateMachineUpdater: Took a snapshot at index 0
2024-10-01 11:07:07,105 [om1@group-C5BA1605619E-StateMachineUpdater] INFO  impl.StateMachineUpdater (StateMachineUpdater.java:lambda$new$0(102)) - om1@group-C5BA1605619E-StateMachineUpdater: snapshotIndex: updateIncreasingly -1 -> 0
2024-10-01 11:07:07,105 [om1@group-C5BA1605619E-StateMachineUpdater] INFO  impl.StateMachineUpdater (StateMachineUpdater.java:stop(141)) - om1@group-C5BA1605619E-StateMachineUpdater: closing OzoneManagerStateMachine, lastApplied=(t:1, i:0)
2024-10-01 11:07:07,105 [om1@group-C5BA1605619E-StateMachineUpdater] INFO  ratis.OzoneManagerStateMachine (OzoneManagerStateMachine.java:close(531)) - Stopping OzoneManagerStateMachine:om1:group-C5BA1605619E.
2024-10-01 11:07:07,106 [om1@group-C5BA1605619E-StateMachineUpdater] INFO  ratis.OzoneManagerDoubleBuffer (OzoneManagerDoubleBuffer.java:stopDaemon(529)) - Stopping OMDoubleBuffer flush thread
2024-10-01 11:07:07,106 [om1-OMDoubleBufferFlushThread] INFO  ratis.OzoneManagerDoubleBuffer (OzoneManagerDoubleBuffer.java:canFlush(593)) - OMDoubleBuffer flush thread om1-OMDoubleBufferFlushThread is interrupted and will exit.
2024-10-01 11:07:07,106 [om1@group-C5BA1605619E-cacheEviction-AwaitToRun] INFO  util.AwaitToRun (AwaitToRun.java:run(49)) - om1@group-C5BA1605619E-cacheEviction-AwaitToRun-AwaitForSignal is interrupted
2024-10-01 11:07:07,349 [om1-impl-thread1] INFO  segmented.SegmentedRaftLogWorker (SegmentedRaftLogWorker.java:close(251)) - om1@group-C5BA1605619E-SegmentedRaftLogWorker close()
2024-10-01 11:07:07,350 [JvmPauseMonitor1] INFO  util.JvmPauseMonitor (JvmPauseMonitor.java:run(152)) - JvmPauseMonitor-om1: Stopped
2024-10-01 11:07:07,350 [main] INFO  utils.BackgroundService (BackgroundService.java:shutdown(163)) - Shutting down service KeyDeletingService
2024-10-01 11:07:07,350 [main] INFO  utils.BackgroundService (BackgroundService.java:shutdown(163)) - Shutting down service DirectoryDeletingService
2024-10-01 11:07:07,351 [main] INFO  utils.BackgroundService (BackgroundService.java:shutdown(163)) - Shutting down service OpenKeyCleanupService
2024-10-01 11:07:07,351 [main] INFO  utils.BackgroundService (BackgroundService.java:shutdown(163)) - Shutting down service SstFilteringService
2024-10-01 11:07:07,351 [main] INFO  utils.BackgroundService (BackgroundService.java:shutdown(163)) - Shutting down service SnapshotDeletingService
2024-10-01 11:07:07,351 [main] INFO  utils.BackgroundService (BackgroundService.java:shutdown(163)) - Shutting down service MultipartUploadCleanupService
2024-10-01 11:07:07,352 [main] INFO  handler.ContextHandler (ContextHandler.java:doStop(1159)) - Stopped o.e.j.w.WebAppContext@6840f38e{ozoneManager,/,null,STOPPED}{file:/home/runner/work/ozone/ozone/hadoop-ozone/integration-test/target/test-classes/webapps/ozoneManager}
2024-10-01 11:07:07,353 [main] INFO  server.AbstractConnector (AbstractConnector.java:doStop(383)) - Stopped ServerConnector@3ce3b8d3{HTTP/1.1, (http/1.1)}{0.0.0.0:15005}
2024-10-01 11:07:07,353 [main] INFO  server.session (HouseKeeper.java:stopScavenging(149)) - node0 Stopped scavenging
2024-10-01 11:07:07,354 [main] INFO  handler.ContextHandler (ContextHandler.java:doStop(1159)) - Stopped o.e.j.s.ServletContextHandler@7cff8996{static,/static,file:///home/runner/work/ozone/ozone/hadoop-ozone/integration-test/target/test-classes/webapps/static,STOPPED}
2024-10-01 11:07:07,354 [main] INFO  handler.ContextHandler (ContextHandler.java:doStop(1159)) - Stopped o.e.j.s.ServletContextHandler@5163ba42{logs,/logs,file:///home/runner/work/ozone/ozone/hadoop-ozone/integration-test/target/log,STOPPED}
2024-10-01 11:07:07,355 [main] INFO  rocksdiff.RocksDBCheckpointDiffer (RocksDBCheckpointDiffer.java:close(306)) - Shutting down CompactionDagPruningService.
2024-10-01 11:07:07,357 [main] INFO  snapshot.SnapshotDiffManager (SnapshotDiffManager.java:closeExecutorService(1657)) - Shutting down executorService: 'SnapDiffExecutor'
2024-10-01 11:07:07,357 [main] INFO  utils.BackgroundService (BackgroundService.java:shutdown(163)) - Shutting down service SnapshotDiffCleanupService
2024-10-01 11:07:07,359 [main] INFO  ozone.MiniOzoneClusterImpl (MiniOzoneClusterImpl.java:stopDatanodes(485)) - Stopping the HddsDatanodes
2024-10-01 11:07:07,361 [ForkJoinPool.commonPool-worker-1] INFO  ozoneimpl.OzoneContainer (OzoneContainer.java:stop(497)) - Attempting to stop container services.
2024-10-01 11:07:07,361 [ForkJoinPool.commonPool-worker-3] INFO  ozoneimpl.OzoneContainer (OzoneContainer.java:stop(497)) - Attempting to stop container services.
2024-10-01 11:07:07,361 [ContainerMetadataScanner] WARN  ozoneimpl.AbstractBackgroundContainerScanner (AbstractBackgroundContainerScanner.java:handleRemainingSleep(134)) - Background container scan was interrupted.
2024-10-01 11:07:07,361 [ContainerMetadataScanner] WARN  ozoneimpl.AbstractBackgroundContainerScanner (AbstractBackgroundContainerScanner.java:handleRemainingSleep(134)) - Background container scan was interrupted.
2024-10-01 11:07:07,361 [ContainerMetadataScanner] INFO  ozoneimpl.AbstractBackgroundContainerScanner (AbstractBackgroundContainerScanner.java:run(61)) - Thread[ContainerMetadataScanner,5,main] exiting.
2024-10-01 11:07:07,361 [main] INFO  ozoneimpl.OzoneContainer (OzoneContainer.java:stop(497)) - Attempting to stop container services.
2024-10-01 11:07:07,361 [ContainerMetadataScanner] WARN  ozoneimpl.AbstractBackgroundContainerScanner (AbstractBackgroundContainerScanner.java:handleRemainingSleep(134)) - Background container scan was interrupted.
2024-10-01 11:07:07,361 [ContainerMetadataScanner] INFO  ozoneimpl.AbstractBackgroundContainerScanner (AbstractBackgroundContainerScanner.java:run(61)) - Thread[ContainerMetadataScanner,5,main] exiting.
2024-10-01 11:07:07,362 [main] INFO  ozoneimpl.BackgroundContainerDataScanner (BackgroundContainerDataScanner.java:shutdown(141)) - ContainerDataScanner(/home/runner/work/ozone/ozone/hadoop-ozone/integration-test/target/test-dir/MiniOzoneClusterImpl-6f218983-f2ca-45a9-b903-464e6faef46a/ozone-meta/datanode-3/data-0/hdds) is shutting down. 
2024-10-01 11:07:07,362 [ContainerDataScanner(/home/runner/work/ozone/ozone/hadoop-ozone/integration-test/target/test-dir/MiniOzoneClusterImpl-6f218983-f2ca-45a9-b903-464e6faef46a/ozone-meta/datanode-3/data-0/hdds)] WARN  ozoneimpl.AbstractBackgroundContainerScanner (AbstractBackgroundContainerScanner.java:handleRemainingSleep(134)) - Background container scan was interrupted.
2024-10-01 11:07:07,362 [ContainerDataScanner(/home/runner/work/ozone/ozone/hadoop-ozone/integration-test/target/test-dir/MiniOzoneClusterImpl-6f218983-f2ca-45a9-b903-464e6faef46a/ozone-meta/datanode-3/data-0/hdds)] INFO  ozoneimpl.AbstractBackgroundContainerScanner (AbstractBackgroundContainerScanner.java:run(61)) - ContainerDataScanner(/home/runner/work/ozone/ozone/hadoop-ozone/integration-test/target/test-dir/MiniOzoneClusterImpl-6f218983-f2ca-45a9-b903-464e6faef46a/ozone-meta/datanode-3/data-0/hdds, DS-1f7c2ebc-ce58-48cb-9255-1aa1a327bed6) exiting.
2024-10-01 11:07:07,362 [ForkJoinPool.commonPool-worker-3] INFO  ozoneimpl.BackgroundContainerDataScanner (BackgroundContainerDataScanner.java:shutdown(141)) - ContainerDataScanner(/home/runner/work/ozone/ozone/hadoop-ozone/integration-test/target/test-dir/MiniOzoneClusterImpl-6f218983-f2ca-45a9-b903-464e6faef46a/ozone-meta/datanode-2/data-0/hdds) is shutting down. 
2024-10-01 11:07:07,362 [ContainerMetadataScanner] INFO  ozoneimpl.AbstractBackgroundContainerScanner (AbstractBackgroundContainerScanner.java:run(61)) - Thread[ContainerMetadataScanner,5,main] exiting.
2024-10-01 11:07:07,362 [ForkJoinPool.commonPool-worker-1] INFO  ozoneimpl.BackgroundContainerDataScanner (BackgroundContainerDataScanner.java:shutdown(141)) - ContainerDataScanner(/home/runner/work/ozone/ozone/hadoop-ozone/integration-test/target/test-dir/MiniOzoneClusterImpl-6f218983-f2ca-45a9-b903-464e6faef46a/ozone-meta/datanode-1/data-0/hdds) is shutting down. 
2024-10-01 11:07:07,362 [ContainerDataScanner(/home/runner/work/ozone/ozone/hadoop-ozone/integration-test/target/test-dir/MiniOzoneClusterImpl-6f218983-f2ca-45a9-b903-464e6faef46a/ozone-meta/datanode-1/data-0/hdds)] WARN  ozoneimpl.AbstractBackgroundContainerScanner (AbstractBackgroundContainerScanner.java:handleRemainingSleep(134)) - Background container scan was interrupted.
2024-10-01 11:07:07,362 [ContainerDataScanner(/home/runner/work/ozone/ozone/hadoop-ozone/integration-test/target/test-dir/MiniOzoneClusterImpl-6f218983-f2ca-45a9-b903-464e6faef46a/ozone-meta/datanode-2/data-0/hdds)] WARN  ozoneimpl.AbstractBackgroundContainerScanner (AbstractBackgroundContainerScanner.java:handleRemainingSleep(134)) - Background container scan was interrupted.
2024-10-01 11:07:07,363 [ContainerDataScanner(/home/runner/work/ozone/ozone/hadoop-ozone/integration-test/target/test-dir/MiniOzoneClusterImpl-6f218983-f2ca-45a9-b903-464e6faef46a/ozone-meta/datanode-2/data-0/hdds)] INFO  ozoneimpl.AbstractBackgroundContainerScanner (AbstractBackgroundContainerScanner.java:run(61)) - ContainerDataScanner(/home/runner/work/ozone/ozone/hadoop-ozone/integration-test/target/test-dir/MiniOzoneClusterImpl-6f218983-f2ca-45a9-b903-464e6faef46a/ozone-meta/datanode-2/data-0/hdds, DS-d462013f-9e41-49c7-94f4-944661da4832) exiting.
2024-10-01 11:07:07,362 [ContainerDataScanner(/home/runner/work/ozone/ozone/hadoop-ozone/integration-test/target/test-dir/MiniOzoneClusterImpl-6f218983-f2ca-45a9-b903-464e6faef46a/ozone-meta/datanode-1/data-0/hdds)] INFO  ozoneimpl.AbstractBackgroundContainerScanner (AbstractBackgroundContainerScanner.java:run(61)) - ContainerDataScanner(/home/runner/work/ozone/ozone/hadoop-ozone/integration-test/target/test-dir/MiniOzoneClusterImpl-6f218983-f2ca-45a9-b903-464e6faef46a/ozone-meta/datanode-1/data-0/hdds, DS-d069a0fa-fa7b-4881-8f91-0e1eb59661d6) exiting.
2024-10-01 11:07:07,363 [ForkJoinPool.commonPool-worker-1] INFO  ratis.XceiverServerRatis (XceiverServerRatis.java:stop(596)) - Closing XceiverServerRatis(f24c48c6-4a91-44a4-ae9a-fb063e2dd958)
2024-10-01 11:07:07,363 [ForkJoinPool.commonPool-worker-1] INFO  server.RaftServer (RaftServerProxy.java:lambda$close$9(417)) - f24c48c6-4a91-44a4-ae9a-fb063e2dd958: close
2024-10-01 11:07:07,363 [ForkJoinPool.commonPool-worker-3] INFO  ratis.XceiverServerRatis (XceiverServerRatis.java:stop(596)) - Closing XceiverServerRatis(89da30bd-cbf9-4a7b-a1ff-1f6963324f22)
2024-10-01 11:07:07,364 [ForkJoinPool.commonPool-worker-3] INFO  server.RaftServer (RaftServerProxy.java:lambda$close$9(417)) - 89da30bd-cbf9-4a7b-a1ff-1f6963324f22: close
2024-10-01 11:07:07,364 [89da30bd-cbf9-4a7b-a1ff-1f6963324f22-impl-thread1] INFO  server.RaftServer$Division (RaftServerImpl.java:lambda$close$1(509)) - 89da30bd-cbf9-4a7b-a1ff-1f6963324f22@group-3A08AF1FB2FD: shutdown
2024-10-01 11:07:07,364 [f24c48c6-4a91-44a4-ae9a-fb063e2dd958-impl-thread1] INFO  server.RaftServer$Division (RaftServerImpl.java:lambda$close$1(509)) - f24c48c6-4a91-44a4-ae9a-fb063e2dd958@group-3A08AF1FB2FD: shutdown
2024-10-01 11:07:07,364 [f24c48c6-4a91-44a4-ae9a-fb063e2dd958-impl-thread1] INFO  util.JmxRegister (JmxRegister.java:unregister(74)) - Successfully un-registered JMX Bean with object name Ratis:service=RaftServer,group=group-3A08AF1FB2FD,id=f24c48c6-4a91-44a4-ae9a-fb063e2dd958
2024-10-01 11:07:07,364 [f24c48c6-4a91-44a4-ae9a-fb063e2dd958-impl-thread1] INFO  impl.RoleInfo (RoleInfo.java:shutdownFollowerState(119)) - f24c48c6-4a91-44a4-ae9a-fb063e2dd958: shutdown f24c48c6-4a91-44a4-ae9a-fb063e2dd958@group-3A08AF1FB2FD-FollowerState
2024-10-01 11:07:07,364 [f24c48c6-4a91-44a4-ae9a-fb063e2dd958-impl-thread3] INFO  server.RaftServer$Division (RaftServerImpl.java:lambda$close$1(509)) - f24c48c6-4a91-44a4-ae9a-fb063e2dd958@group-F07362706381: shutdown
2024-10-01 11:07:07,364 [f24c48c6-4a91-44a4-ae9a-fb063e2dd958-impl-thread3] INFO  util.JmxRegister (JmxRegister.java:unregister(74)) - Successfully un-registered JMX Bean with object name Ratis:service=RaftServer,group=group-F07362706381,id=f24c48c6-4a91-44a4-ae9a-fb063e2dd958
2024-10-01 11:07:07,364 [f24c48c6-4a91-44a4-ae9a-fb063e2dd958-impl-thread3] INFO  impl.RoleInfo (RoleInfo.java:shutdownLeaderState(103)) - f24c48c6-4a91-44a4-ae9a-fb063e2dd958: shutdown f24c48c6-4a91-44a4-ae9a-fb063e2dd958@group-F07362706381-LeaderStateImpl
2024-10-01 11:07:07,364 [89da30bd-cbf9-4a7b-a1ff-1f6963324f22-impl-thread1] INFO  util.JmxRegister (JmxRegister.java:unregister(74)) - Successfully un-registered JMX Bean with object name Ratis:service=RaftServer,group=group-3A08AF1FB2FD,id=89da30bd-cbf9-4a7b-a1ff-1f6963324f22
2024-10-01 11:07:07,364 [f24c48c6-4a91-44a4-ae9a-fb063e2dd958-impl-thread3] INFO  impl.PendingRequests (PendingRequests.java:sendNotLeaderResponses(287)) - f24c48c6-4a91-44a4-ae9a-fb063e2dd958@group-F07362706381-PendingRequests: sendNotLeaderResponses
2024-10-01 11:07:07,364 [f24c48c6-4a91-44a4-ae9a-fb063e2dd958@group-3A08AF1FB2FD-StateMachineUpdater] INFO  ratis.ContainerStateMachine (ContainerStateMachine.java:takeSnapshot(364)) - group-3A08AF1FB2FD: Taking a snapshot at:(t:1, i:0) file /home/runner/work/ozone/ozone/hadoop-ozone/integration-test/target/test-dir/MiniOzoneClusterImpl-6f218983-f2ca-45a9-b903-464e6faef46a/ozone-meta/datanode-1/ratis/16f3ef61-503c-4aae-b50e-3a08af1fb2fd/sm/snapshot.1_0
2024-10-01 11:07:07,365 [main] INFO  ratis.XceiverServerRatis (XceiverServerRatis.java:stop(596)) - Closing XceiverServerRatis(3ccd597d-6672-4b12-926e-746f973e87fb)
2024-10-01 11:07:07,365 [main] INFO  server.RaftServer (RaftServerProxy.java:lambda$close$9(417)) - 3ccd597d-6672-4b12-926e-746f973e87fb: close
2024-10-01 11:07:07,365 [3ccd597d-6672-4b12-926e-746f973e87fb-impl-thread1] INFO  server.RaftServer$Division (RaftServerImpl.java:lambda$close$1(509)) - 3ccd597d-6672-4b12-926e-746f973e87fb@group-68695E8EB38B: shutdown
2024-10-01 11:07:07,365 [3ccd597d-6672-4b12-926e-746f973e87fb-impl-thread1] INFO  util.JmxRegister (JmxRegister.java:unregister(74)) - Successfully un-registered JMX Bean with object name Ratis:service=RaftServer,group=group-68695E8EB38B,id=3ccd597d-6672-4b12-926e-746f973e87fb
2024-10-01 11:07:07,366 [3ccd597d-6672-4b12-926e-746f973e87fb-impl-thread1] INFO  impl.RoleInfo (RoleInfo.java:shutdownLeaderState(103)) - 3ccd597d-6672-4b12-926e-746f973e87fb: shutdown 3ccd597d-6672-4b12-926e-746f973e87fb@group-68695E8EB38B-LeaderStateImpl
2024-10-01 11:07:07,366 [3ccd597d-6672-4b12-926e-746f973e87fb-impl-thread1] INFO  impl.PendingRequests (PendingRequests.java:sendNotLeaderResponses(287)) - 3ccd597d-6672-4b12-926e-746f973e87fb@group-68695E8EB38B-PendingRequests: sendNotLeaderResponses
2024-10-01 11:07:07,366 [main] INFO  server.GrpcService (GrpcService.java:closeImpl(343)) - 3ccd597d-6672-4b12-926e-746f973e87fb: shutdown server GrpcServerProtocolService now
2024-10-01 11:07:07,366 [3ccd597d-6672-4b12-926e-746f973e87fb-impl-thread1] INFO  impl.StateMachineUpdater (StateMachineUpdater.java:stopAndJoin(164)) - 3ccd597d-6672-4b12-926e-746f973e87fb@group-68695E8EB38B-StateMachineUpdater: set stopIndex = 0
2024-10-01 11:07:07,366 [3ccd597d-6672-4b12-926e-746f973e87fb@group-68695E8EB38B-StateMachineUpdater] INFO  ratis.ContainerStateMachine (ContainerStateMachine.java:takeSnapshot(364)) - group-68695E8EB38B: Taking a snapshot at:(t:1, i:0) file /home/runner/work/ozone/ozone/hadoop-ozone/integration-test/target/test-dir/MiniOzoneClusterImpl-6f218983-f2ca-45a9-b903-464e6faef46a/ozone-meta/datanode-3/ratis/13758175-3302-4500-84ee-68695e8eb38b/sm/snapshot.1_0
2024-10-01 11:07:07,366 [3ccd597d-6672-4b12-926e-746f973e87fb-impl-thread3] INFO  server.RaftServer$Division (RaftServerImpl.java:lambda$close$1(509)) - 3ccd597d-6672-4b12-926e-746f973e87fb@group-17EC0FEA1F1B: shutdown
2024-10-01 11:07:07,366 [3ccd597d-6672-4b12-926e-746f973e87fb-impl-thread3] INFO  util.JmxRegister (JmxRegister.java:unregister(74)) - Successfully un-registered JMX Bean with object name Ratis:service=RaftServer,group=group-17EC0FEA1F1B,id=3ccd597d-6672-4b12-926e-746f973e87fb
2024-10-01 11:07:07,367 [3ccd597d-6672-4b12-926e-746f973e87fb-impl-thread3] INFO  impl.RoleInfo (RoleInfo.java:shutdownLeaderState(103)) - 3ccd597d-6672-4b12-926e-746f973e87fb: shutdown 3ccd597d-6672-4b12-926e-746f973e87fb@group-17EC0FEA1F1B-LeaderStateImpl
2024-10-01 11:07:07,367 [Thread-816] INFO  server.GrpcServerProtocolClient (GrpcServerProtocolClient.java:close(105)) - f24c48c6-4a91-44a4-ae9a-fb063e2dd958 Close channels
2024-10-01 11:07:07,367 [3ccd597d-6672-4b12-926e-746f973e87fb@group-17EC0FEA1F1B->f24c48c6-4a91-44a4-ae9a-fb063e2dd958-GrpcLogAppender-LogAppenderDaemon] WARN  server.GrpcLogAppender (GrpcLogAppender.java:mayWait(293)) - 3ccd597d-6672-4b12-926e-746f973e87fb@group-17EC0FEA1F1B->f24c48c6-4a91-44a4-ae9a-fb063e2dd958-GrpcLogAppender: Wait interrupted by java.lang.InterruptedException
2024-10-01 11:07:07,364 [f24c48c6-4a91-44a4-ae9a-fb063e2dd958@group-3A08AF1FB2FD-FollowerState] INFO  impl.FollowerState (FollowerState.java:run(153)) - f24c48c6-4a91-44a4-ae9a-fb063e2dd958@group-3A08AF1FB2FD-FollowerState was interrupted
2024-10-01 11:07:07,368 [3ccd597d-6672-4b12-926e-746f973e87fb-impl-thread3] INFO  impl.PendingRequests (PendingRequests.java:sendNotLeaderResponses(287)) - 3ccd597d-6672-4b12-926e-746f973e87fb@group-17EC0FEA1F1B-PendingRequests: sendNotLeaderResponses
2024-10-01 11:07:07,369 [3ccd597d-6672-4b12-926e-746f973e87fb@group-17EC0FEA1F1B->89da30bd-cbf9-4a7b-a1ff-1f6963324f22-GrpcLogAppender-LogAppenderDaemon] WARN  server.GrpcLogAppender (GrpcLogAppender.java:mayWait(293)) - 3ccd597d-6672-4b12-926e-746f973e87fb@group-17EC0FEA1F1B->89da30bd-cbf9-4a7b-a1ff-1f6963324f22-GrpcLogAppender: Wait interrupted by java.lang.InterruptedException
2024-10-01 11:07:07,369 [3ccd597d-6672-4b12-926e-746f973e87fb-impl-thread3] INFO  impl.StateMachineUpdater (StateMachineUpdater.java:stopAndJoin(164)) - 3ccd597d-6672-4b12-926e-746f973e87fb@group-17EC0FEA1F1B-StateMachineUpdater: set stopIndex = 0
2024-10-01 11:07:07,370 [3ccd597d-6672-4b12-926e-746f973e87fb@group-17EC0FEA1F1B-StateMachineUpdater] INFO  ratis.ContainerStateMachine (ContainerStateMachine.java:takeSnapshot(364)) - group-17EC0FEA1F1B: Taking a snapshot at:(t:1, i:0) file /home/runner/work/ozone/ozone/hadoop-ozone/integration-test/target/test-dir/MiniOzoneClusterImpl-6f218983-f2ca-45a9-b903-464e6faef46a/ozone-meta/datanode-3/ratis/fd3170f9-6634-4783-93b5-17ec0fea1f1b/sm/snapshot.1_0
2024-10-01 11:07:07,364 [f24c48c6-4a91-44a4-ae9a-fb063e2dd958-impl-thread1] INFO  impl.StateMachineUpdater (StateMachineUpdater.java:stopAndJoin(164)) - f24c48c6-4a91-44a4-ae9a-fb063e2dd958@group-3A08AF1FB2FD-StateMachineUpdater: set stopIndex = 0
2024-10-01 11:07:07,364 [ForkJoinPool.commonPool-worker-1] INFO  server.GrpcService (GrpcService.java:closeImpl(343)) - f24c48c6-4a91-44a4-ae9a-fb063e2dd958: shutdown server GrpcServerProtocolService now
2024-10-01 11:07:07,364 [f24c48c6-4a91-44a4-ae9a-fb063e2dd958-impl-thread2] INFO  server.RaftServer$Division (RaftServerImpl.java:lambda$close$1(509)) - f24c48c6-4a91-44a4-ae9a-fb063e2dd958@group-17EC0FEA1F1B: shutdown
2024-10-01 11:07:07,371 [f24c48c6-4a91-44a4-ae9a-fb063e2dd958-impl-thread2] INFO  util.JmxRegister (JmxRegister.java:unregister(74)) - Successfully un-registered JMX Bean with object name Ratis:service=RaftServer,group=group-17EC0FEA1F1B,id=f24c48c6-4a91-44a4-ae9a-fb063e2dd958
2024-10-01 11:07:07,371 [f24c48c6-4a91-44a4-ae9a-fb063e2dd958-impl-thread2] INFO  impl.RoleInfo (RoleInfo.java:shutdownFollowerState(119)) - f24c48c6-4a91-44a4-ae9a-fb063e2dd958: shutdown f24c48c6-4a91-44a4-ae9a-fb063e2dd958@group-17EC0FEA1F1B-FollowerState
2024-10-01 11:07:07,372 [f24c48c6-4a91-44a4-ae9a-fb063e2dd958-impl-thread2] INFO  impl.StateMachineUpdater (StateMachineUpdater.java:stopAndJoin(164)) - f24c48c6-4a91-44a4-ae9a-fb063e2dd958@group-17EC0FEA1F1B-StateMachineUpdater: set stopIndex = 0
2024-10-01 11:07:07,372 [f24c48c6-4a91-44a4-ae9a-fb063e2dd958@group-17EC0FEA1F1B-FollowerState] INFO  impl.FollowerState (FollowerState.java:run(153)) - f24c48c6-4a91-44a4-ae9a-fb063e2dd958@group-17EC0FEA1F1B-FollowerState was interrupted
2024-10-01 11:07:07,366 [3ccd597d-6672-4b12-926e-746f973e87fb-impl-thread2] INFO  server.RaftServer$Division (RaftServerImpl.java:lambda$close$1(509)) - 3ccd597d-6672-4b12-926e-746f973e87fb@group-3A08AF1FB2FD: shutdown
2024-10-01 11:07:07,372 [3ccd597d-6672-4b12-926e-746f973e87fb-impl-thread2] INFO  util.JmxRegister (JmxRegister.java:unregister(74)) - Successfully un-registered JMX Bean with object name Ratis:service=RaftServer,group=group-3A08AF1FB2FD,id=3ccd597d-6672-4b12-926e-746f973e87fb
2024-10-01 11:07:07,372 [3ccd597d-6672-4b12-926e-746f973e87fb-impl-thread2] INFO  impl.RoleInfo (RoleInfo.java:shutdownFollowerState(119)) - 3ccd597d-6672-4b12-926e-746f973e87fb: shutdown 3ccd597d-6672-4b12-926e-746f973e87fb@group-3A08AF1FB2FD-FollowerState
2024-10-01 11:07:07,372 [3ccd597d-6672-4b12-926e-746f973e87fb-impl-thread2] INFO  impl.StateMachineUpdater (StateMachineUpdater.java:stopAndJoin(164)) - 3ccd597d-6672-4b12-926e-746f973e87fb@group-3A08AF1FB2FD-StateMachineUpdater: set stopIndex = 0
2024-10-01 11:07:07,366 [f24c48c6-4a91-44a4-ae9a-fb063e2dd958-impl-thread3] INFO  impl.StateMachineUpdater (StateMachineUpdater.java:stopAndJoin(164)) - f24c48c6-4a91-44a4-ae9a-fb063e2dd958@group-F07362706381-StateMachineUpdater: set stopIndex = 0
2024-10-01 11:07:07,366 [f24c48c6-4a91-44a4-ae9a-fb063e2dd958@group-F07362706381-StateMachineUpdater] INFO  ratis.ContainerStateMachine (ContainerStateMachine.java:takeSnapshot(364)) - group-F07362706381: Taking a snapshot at:(t:1, i:0) file /home/runner/work/ozone/ozone/hadoop-ozone/integration-test/target/test-dir/MiniOzoneClusterImpl-6f218983-f2ca-45a9-b903-464e6faef46a/ozone-meta/datanode-1/ratis/08b9d510-3410-4e6b-987b-f07362706381/sm/snapshot.1_0
2024-10-01 11:07:07,373 [Thread-817] INFO  server.GrpcServerProtocolClient (GrpcServerProtocolClient.java:close(105)) - 89da30bd-cbf9-4a7b-a1ff-1f6963324f22 Close channels
2024-10-01 11:07:07,374 [grpc-default-executor-6] WARN  server.GrpcServerProtocolService (LogUtils.java:warn(121)) - 3ccd597d-6672-4b12-926e-746f973e87fb: APPEND_ENTRIES onError, lastRequest: null: org.apache.ratis.thirdparty.io.grpc.StatusRuntimeException: CANCELLED: client cancelled
2024-10-01 11:07:07,375 [grpc-default-executor-5] WARN  server.GrpcServerProtocolService (LogUtils.java:warn(121)) - f24c48c6-4a91-44a4-ae9a-fb063e2dd958: APPEND_ENTRIES onError, lastRequest: 89da30bd-cbf9-4a7b-a1ff-1f6963324f22->f24c48c6-4a91-44a4-ae9a-fb063e2dd958#1-t1,previous=(t:0, i:0),leaderCommit=-1,initializing? false,entries: size=1, first=(t:1, i:0), CONFIGURATIONENTRY(current:id:"f24c48c6-4a91-44a4-ae9a-fb063e2dd958"address:"127.0.0.1:15014"dataStreamAddress:"127.0.0.1:15017"clientAddress:"127.0.0.1:15014"adminAddress:"127.0.0.1:15014"startupRole:FOLLOWER, id:"89da30bd-cbf9-4a7b-a1ff-1f6963324f22"address:"127.0.0.1:15023"priority:1dataStreamAddress:"127.0.0.1:15026"clientAddress:"127.0.0.1:15023"adminAddress:"127.0.0.1:15023"startupRole:FOLLOWER, id:"3ccd597d-6672-4b12-926e-746f973e87fb"address:"127.0.0.1:15032"dataStreamAddress:"127.0.0.1:15035"clientAddress:"127.0.0.1:15032"adminAddress:"127.0.0.1:15032"startupRole:FOLLOWER, old:): org.apache.ratis.thirdparty.io.grpc.StatusRuntimeException: CANCELLED: client cancelled
2024-10-01 11:07:07,376 [grpc-default-executor-4] WARN  server.GrpcServerProtocolService (LogUtils.java:warn(121)) - f24c48c6-4a91-44a4-ae9a-fb063e2dd958: APPEND_ENTRIES onError, lastRequest: 3ccd597d-6672-4b12-926e-746f973e87fb->f24c48c6-4a91-44a4-ae9a-fb063e2dd958#1-t1,previous=(t:0, i:0),leaderCommit=-1,initializing? false,entries: size=1, first=(t:1, i:0), CONFIGURATIONENTRY(current:id:"f24c48c6-4a91-44a4-ae9a-fb063e2dd958"address:"127.0.0.1:15014"dataStreamAddress:"127.0.0.1:15017"clientAddress:"127.0.0.1:15014"adminAddress:"127.0.0.1:15014"startupRole:FOLLOWER, id:"89da30bd-cbf9-4a7b-a1ff-1f6963324f22"address:"127.0.0.1:15023"dataStreamAddress:"127.0.0.1:15026"clientAddress:"127.0.0.1:15023"adminAddress:"127.0.0.1:15023"startupRole:FOLLOWER, id:"3ccd597d-6672-4b12-926e-746f973e87fb"address:"127.0.0.1:15032"priority:1dataStreamAddress:"127.0.0.1:15035"clientAddress:"127.0.0.1:15032"adminAddress:"127.0.0.1:15032"startupRole:FOLLOWER, old:): org.apache.ratis.thirdparty.io.grpc.StatusRuntimeException: CANCELLED: client cancelled
2024-10-01 11:07:07,365 [89da30bd-cbf9-4a7b-a1ff-1f6963324f22-impl-thread1] INFO  impl.RoleInfo (RoleInfo.java:shutdownLeaderState(103)) - 89da30bd-cbf9-4a7b-a1ff-1f6963324f22: shutdown 89da30bd-cbf9-4a7b-a1ff-1f6963324f22@group-3A08AF1FB2FD-LeaderStateImpl
2024-10-01 11:07:07,372 [3ccd597d-6672-4b12-926e-746f973e87fb@group-3A08AF1FB2FD-StateMachineUpdater] INFO  ratis.ContainerStateMachine (ContainerStateMachine.java:takeSnapshot(364)) - group-3A08AF1FB2FD: Taking a snapshot at:(t:1, i:0) file /home/runner/work/ozone/ozone/hadoop-ozone/integration-test/target/test-dir/MiniOzoneClusterImpl-6f218983-f2ca-45a9-b903-464e6faef46a/ozone-meta/datanode-3/ratis/16f3ef61-503c-4aae-b50e-3a08af1fb2fd/sm/snapshot.1_0
2024-10-01 11:07:07,376 [89da30bd-cbf9-4a7b-a1ff-1f6963324f22-impl-thread1] INFO  impl.PendingRequests (PendingRequests.java:sendNotLeaderResponses(287)) - 89da30bd-cbf9-4a7b-a1ff-1f6963324f22@group-3A08AF1FB2FD-PendingRequests: sendNotLeaderResponses
2024-10-01 11:07:07,372 [3ccd597d-6672-4b12-926e-746f973e87fb@group-3A08AF1FB2FD-FollowerState] INFO  impl.FollowerState (FollowerState.java:run(153)) - 3ccd597d-6672-4b12-926e-746f973e87fb@group-3A08AF1FB2FD-FollowerState was interrupted
2024-10-01 11:07:07,372 [f24c48c6-4a91-44a4-ae9a-fb063e2dd958@group-17EC0FEA1F1B-StateMachineUpdater] INFO  ratis.ContainerStateMachine (ContainerStateMachine.java:takeSnapshot(364)) - group-17EC0FEA1F1B: Taking a snapshot at:(t:1, i:0) file /home/runner/work/ozone/ozone/hadoop-ozone/integration-test/target/test-dir/MiniOzoneClusterImpl-6f218983-f2ca-45a9-b903-464e6faef46a/ozone-meta/datanode-1/ratis/fd3170f9-6634-4783-93b5-17ec0fea1f1b/sm/snapshot.1_0
2024-10-01 11:07:07,376 [89da30bd-cbf9-4a7b-a1ff-1f6963324f22@group-3A08AF1FB2FD->3ccd597d-6672-4b12-926e-746f973e87fb-GrpcLogAppender-LogAppenderDaemon] WARN  server.GrpcLogAppender (GrpcLogAppender.java:mayWait(293)) - 89da30bd-cbf9-4a7b-a1ff-1f6963324f22@group-3A08AF1FB2FD->3ccd597d-6672-4b12-926e-746f973e87fb-GrpcLogAppender: Wait interrupted by java.lang.InterruptedException
2024-10-01 11:07:07,376 [89da30bd-cbf9-4a7b-a1ff-1f6963324f22@group-3A08AF1FB2FD->f24c48c6-4a91-44a4-ae9a-fb063e2dd958-GrpcLogAppender-LogAppenderDaemon] WARN  server.GrpcLogAppender (GrpcLogAppender.java:mayWait(293)) - 89da30bd-cbf9-4a7b-a1ff-1f6963324f22@group-3A08AF1FB2FD->f24c48c6-4a91-44a4-ae9a-fb063e2dd958-GrpcLogAppender: Wait interrupted by java.lang.InterruptedException
2024-10-01 11:07:07,377 [Thread-820] INFO  server.GrpcServerProtocolClient (GrpcServerProtocolClient.java:close(105)) - 89da30bd-cbf9-4a7b-a1ff-1f6963324f22 Close channels
2024-10-01 11:07:07,377 [Thread-821] INFO  server.GrpcServerProtocolClient (GrpcServerProtocolClient.java:close(105)) - 3ccd597d-6672-4b12-926e-746f973e87fb Close channels
2024-10-01 11:07:07,378 [grpc-default-executor-4] INFO  server.GrpcServerProtocolService (GrpcServerProtocolService.java:onCompleted(157)) - 89da30bd-cbf9-4a7b-a1ff-1f6963324f22: Completed APPEND_ENTRIES, lastRequest: null
2024-10-01 11:07:07,379 [grpc-default-executor-0] WARN  server.GrpcServerProtocolService (LogUtils.java:warn(121)) - f24c48c6-4a91-44a4-ae9a-fb063e2dd958: APPEND_ENTRIES onError, lastRequest: null: org.apache.ratis.thirdparty.io.grpc.StatusRuntimeException: CANCELLED: client cancelled
2024-10-01 11:07:07,379 [89da30bd-cbf9-4a7b-a1ff-1f6963324f22-impl-thread2] INFO  server.RaftServer$Division (RaftServerImpl.java:lambda$close$1(509)) - 89da30bd-cbf9-4a7b-a1ff-1f6963324f22@group-EBDDE0D620EE: shutdown
2024-10-01 11:07:07,379 [ForkJoinPool.commonPool-worker-3] INFO  server.GrpcService (GrpcService.java:closeImpl(343)) - 89da30bd-cbf9-4a7b-a1ff-1f6963324f22: shutdown server GrpcServerProtocolService now
2024-10-01 11:07:07,379 [89da30bd-cbf9-4a7b-a1ff-1f6963324f22-impl-thread2] INFO  util.JmxRegister (JmxRegister.java:unregister(74)) - Successfully un-registered JMX Bean with object name Ratis:service=RaftServer,group=group-EBDDE0D620EE,id=89da30bd-cbf9-4a7b-a1ff-1f6963324f22
2024-10-01 11:07:07,379 [89da30bd-cbf9-4a7b-a1ff-1f6963324f22-impl-thread2] INFO  impl.RoleInfo (RoleInfo.java:shutdownLeaderState(103)) - 89da30bd-cbf9-4a7b-a1ff-1f6963324f22: shutdown 89da30bd-cbf9-4a7b-a1ff-1f6963324f22@group-EBDDE0D620EE-LeaderStateImpl
2024-10-01 11:07:07,379 [89da30bd-cbf9-4a7b-a1ff-1f6963324f22-impl-thread2] INFO  impl.PendingRequests (PendingRequests.java:sendNotLeaderResponses(287)) - 89da30bd-cbf9-4a7b-a1ff-1f6963324f22@group-EBDDE0D620EE-PendingRequests: sendNotLeaderResponses
2024-10-01 11:07:07,380 [89da30bd-cbf9-4a7b-a1ff-1f6963324f22-impl-thread3] INFO  server.RaftServer$Division (RaftServerImpl.java:lambda$close$1(509)) - 89da30bd-cbf9-4a7b-a1ff-1f6963324f22@group-17EC0FEA1F1B: shutdown
2024-10-01 11:07:07,380 [89da30bd-cbf9-4a7b-a1ff-1f6963324f22-impl-thread3] INFO  util.JmxRegister (JmxRegister.java:unregister(74)) - Successfully un-registered JMX Bean with object name Ratis:service=RaftServer,group=group-17EC0FEA1F1B,id=89da30bd-cbf9-4a7b-a1ff-1f6963324f22
2024-10-01 11:07:07,380 [89da30bd-cbf9-4a7b-a1ff-1f6963324f22-impl-thread3] INFO  impl.RoleInfo (RoleInfo.java:shutdownFollowerState(119)) - 89da30bd-cbf9-4a7b-a1ff-1f6963324f22: shutdown 89da30bd-cbf9-4a7b-a1ff-1f6963324f22@group-17EC0FEA1F1B-FollowerState
2024-10-01 11:07:07,384 [89da30bd-cbf9-4a7b-a1ff-1f6963324f22@group-17EC0FEA1F1B-FollowerState] INFO  impl.FollowerState (FollowerState.java:run(153)) - 89da30bd-cbf9-4a7b-a1ff-1f6963324f22@group-17EC0FEA1F1B-FollowerState was interrupted
2024-10-01 11:07:07,384 [grpc-default-executor-4] INFO  server.GrpcServerProtocolService (GrpcServerProtocolService.java:lambda$onCompleted$5(159)) - 89da30bd-cbf9-4a7b-a1ff-1f6963324f22: Completed APPEND_ENTRIES, lastReply: serverReply {
  requestorId: "3ccd597d-6672-4b12-926e-746f973e87fb"
  replyId: "89da30bd-cbf9-4a7b-a1ff-1f6963324f22"
  raftGroupId {
    id: "\3751p\371f4G\203\223\265\027\354\017\352\037\033"
  }
  callId: 7
  success: true
}
term: 1
nextIndex: 1
matchIndex: 18446744073709551615
isHearbeat: true

2024-10-01 11:07:07,385 [grpc-default-executor-6] INFO  server.GrpcLogAppender (GrpcLogAppender.java:onError(537)) - 89da30bd-cbf9-4a7b-a1ff-1f6963324f22@group-3A08AF1FB2FD->f24c48c6-4a91-44a4-ae9a-fb063e2dd958-GrpcLogAppender is already stopped
2024-10-01 11:07:07,383 [grpc-default-executor-0] INFO  server.GrpcLogAppender (GrpcLogAppender.java:onError(537)) - 89da30bd-cbf9-4a7b-a1ff-1f6963324f22@group-3A08AF1FB2FD->f24c48c6-4a91-44a4-ae9a-fb063e2dd958-GrpcLogAppender is already stopped
2024-10-01 11:07:07,385 [89da30bd-cbf9-4a7b-a1ff-1f6963324f22@group-17EC0FEA1F1B-StateMachineUpdater] INFO  ratis.ContainerStateMachine (ContainerStateMachine.java:takeSnapshot(364)) - group-17EC0FEA1F1B: Taking a snapshot at:(t:1, i:0) file /home/runner/work/ozone/ozone/hadoop-ozone/integration-test/target/test-dir/MiniOzoneClusterImpl-6f218983-f2ca-45a9-b903-464e6faef46a/ozone-meta/datanode-2/ratis/fd3170f9-6634-4783-93b5-17ec0fea1f1b/sm/snapshot.1_0
2024-10-01 11:07:07,386 [89da30bd-cbf9-4a7b-a1ff-1f6963324f22-impl-thread3] INFO  impl.StateMachineUpdater (StateMachineUpdater.java:stopAndJoin(164)) - 89da30bd-cbf9-4a7b-a1ff-1f6963324f22@group-17EC0FEA1F1B-StateMachineUpdater: set stopIndex = 0
2024-10-01 11:07:07,386 [89da30bd-cbf9-4a7b-a1ff-1f6963324f22-impl-thread2] INFO  impl.StateMachineUpdater (StateMachineUpdater.java:stopAndJoin(164)) - 89da30bd-cbf9-4a7b-a1ff-1f6963324f22@group-EBDDE0D620EE-StateMachineUpdater: set stopIndex = 0
2024-10-01 11:07:07,387 [Thread-825] INFO  server.GrpcServerProtocolClient (GrpcServerProtocolClient.java:close(105)) - 3ccd597d-6672-4b12-926e-746f973e87fb Close channels
2024-10-01 11:07:07,388 [grpc-default-executor-2] INFO  server.GrpcLogAppender (GrpcLogAppender.java:onError(537)) - 3ccd597d-6672-4b12-926e-746f973e87fb@group-17EC0FEA1F1B->89da30bd-cbf9-4a7b-a1ff-1f6963324f22-GrpcLogAppender is already stopped
2024-10-01 11:07:07,389 [grpc-default-executor-7] WARN  server.GrpcServerProtocolService (LogUtils.java:warn(121)) - 89da30bd-cbf9-4a7b-a1ff-1f6963324f22: APPEND_ENTRIES onError, lastRequest: 3ccd597d-6672-4b12-926e-746f973e87fb->89da30bd-cbf9-4a7b-a1ff-1f6963324f22#1-t1,previous=(t:0, i:0),leaderCommit=-1,initializing? false,entries: size=1, first=(t:1, i:0), CONFIGURATIONENTRY(current:id:"f24c48c6-4a91-44a4-ae9a-fb063e2dd958"address:"127.0.0.1:15014"dataStreamAddress:"127.0.0.1:15017"clientAddress:"127.0.0.1:15014"adminAddress:"127.0.0.1:15014"startupRole:FOLLOWER, id:"89da30bd-cbf9-4a7b-a1ff-1f6963324f22"address:"127.0.0.1:15023"dataStreamAddress:"127.0.0.1:15026"clientAddress:"127.0.0.1:15023"adminAddress:"127.0.0.1:15023"startupRole:FOLLOWER, id:"3ccd597d-6672-4b12-926e-746f973e87fb"address:"127.0.0.1:15032"priority:1dataStreamAddress:"127.0.0.1:15035"clientAddress:"127.0.0.1:15032"adminAddress:"127.0.0.1:15032"startupRole:FOLLOWER, old:): org.apache.ratis.thirdparty.io.grpc.StatusRuntimeException: CANCELLED: client cancelled
2024-10-01 11:07:07,390 [ForkJoinPool.commonPool-worker-1] INFO  server.GrpcService (GrpcService.java:closeImpl(352)) - f24c48c6-4a91-44a4-ae9a-fb063e2dd958: shutdown server GrpcServerProtocolService successfully
2024-10-01 11:07:07,391 [grpc-default-executor-2] INFO  server.GrpcLogAppender (GrpcLogAppender.java:onError(537)) - 89da30bd-cbf9-4a7b-a1ff-1f6963324f22@group-3A08AF1FB2FD->3ccd597d-6672-4b12-926e-746f973e87fb-GrpcLogAppender is already stopped
2024-10-01 11:07:07,391 [grpc-default-executor-2] INFO  server.GrpcLogAppender (GrpcLogAppender.java:onError(537)) - 3ccd597d-6672-4b12-926e-746f973e87fb@group-17EC0FEA1F1B->f24c48c6-4a91-44a4-ae9a-fb063e2dd958-GrpcLogAppender is already stopped
2024-10-01 11:07:07,391 [grpc-default-executor-2] INFO  server.GrpcLogAppender (GrpcLogAppender.java:onError(537)) - 3ccd597d-6672-4b12-926e-746f973e87fb@group-17EC0FEA1F1B->f24c48c6-4a91-44a4-ae9a-fb063e2dd958-GrpcLogAppender is already stopped
2024-10-01 11:07:07,392 [grpc-default-executor-7] INFO  server.GrpcLogAppender (GrpcLogAppender.java:onError(537)) - 89da30bd-cbf9-4a7b-a1ff-1f6963324f22@group-3A08AF1FB2FD->3ccd597d-6672-4b12-926e-746f973e87fb-GrpcLogAppender is already stopped
2024-10-01 11:07:07,392 [grpc-default-executor-1] INFO  server.GrpcLogAppender (GrpcLogAppender.java:onError(537)) - 3ccd597d-6672-4b12-926e-746f973e87fb@group-17EC0FEA1F1B->89da30bd-cbf9-4a7b-a1ff-1f6963324f22-GrpcLogAppender is already stopped
2024-10-01 11:07:07,383 [grpc-default-executor-3] WARN  server.GrpcServerProtocolService (LogUtils.java:warn(121)) - 3ccd597d-6672-4b12-926e-746f973e87fb: APPEND_ENTRIES onError, lastRequest: 89da30bd-cbf9-4a7b-a1ff-1f6963324f22->3ccd597d-6672-4b12-926e-746f973e87fb#1-t1,previous=(t:0, i:0),leaderCommit=-1,initializing? false,entries: size=1, first=(t:1, i:0), CONFIGURATIONENTRY(current:id:"f24c48c6-4a91-44a4-ae9a-fb063e2dd958"address:"127.0.0.1:15014"dataStreamAddress:"127.0.0.1:15017"clientAddress:"127.0.0.1:15014"adminAddress:"127.0.0.1:15014"startupRole:FOLLOWER, id:"89da30bd-cbf9-4a7b-a1ff-1f6963324f22"address:"127.0.0.1:15023"priority:1dataStreamAddress:"127.0.0.1:15026"clientAddress:"127.0.0.1:15023"adminAddress:"127.0.0.1:15023"startupRole:FOLLOWER, id:"3ccd597d-6672-4b12-926e-746f973e87fb"address:"127.0.0.1:15032"dataStreamAddress:"127.0.0.1:15035"clientAddress:"127.0.0.1:15032"adminAddress:"127.0.0.1:15032"startupRole:FOLLOWER, old:): org.apache.ratis.thirdparty.io.grpc.StatusRuntimeException: CANCELLED: client cancelled
2024-10-01 11:07:07,382 [89da30bd-cbf9-4a7b-a1ff-1f6963324f22@group-3A08AF1FB2FD-StateMachineUpdater] INFO  ratis.ContainerStateMachine (ContainerStateMachine.java:takeSnapshot(364)) - group-3A08AF1FB2FD: Taking a snapshot at:(t:1, i:0) file /home/runner/work/ozone/ozone/hadoop-ozone/integration-test/target/test-dir/MiniOzoneClusterImpl-6f218983-f2ca-45a9-b903-464e6faef46a/ozone-meta/datanode-2/ratis/16f3ef61-503c-4aae-b50e-3a08af1fb2fd/sm/snapshot.1_0
2024-10-01 11:07:07,382 [grpc-default-executor-5] WARN  server.GrpcServerProtocolService (LogUtils.java:warn(121)) - f24c48c6-4a91-44a4-ae9a-fb063e2dd958: APPEND_ENTRIES onError, lastRequest: null: org.apache.ratis.thirdparty.io.grpc.StatusRuntimeException: CANCELLED: client cancelled
2024-10-01 11:07:07,382 [89da30bd-cbf9-4a7b-a1ff-1f6963324f22-impl-thread1] INFO  impl.StateMachineUpdater (StateMachineUpdater.java:stopAndJoin(164)) - 89da30bd-cbf9-4a7b-a1ff-1f6963324f22@group-3A08AF1FB2FD-StateMachineUpdater: set stopIndex = 0
2024-10-01 11:07:07,380 [Thread-823] INFO  server.GrpcServerProtocolClient (GrpcServerProtocolClient.java:close(105)) - f24c48c6-4a91-44a4-ae9a-fb063e2dd958 Close channels
2024-10-01 11:07:07,386 [89da30bd-cbf9-4a7b-a1ff-1f6963324f22@group-EBDDE0D620EE-StateMachineUpdater] INFO  ratis.ContainerStateMachine (ContainerStateMachine.java:takeSnapshot(364)) - group-EBDDE0D620EE: Taking a snapshot at:(t:1, i:0) file /home/runner/work/ozone/ozone/hadoop-ozone/integration-test/target/test-dir/MiniOzoneClusterImpl-6f218983-f2ca-45a9-b903-464e6faef46a/ozone-meta/datanode-2/ratis/7ecf35a0-a845-41c8-a9d0-ebdde0d620ee/sm/snapshot.1_0
2024-10-01 11:07:07,397 [ForkJoinPool.commonPool-worker-3] INFO  server.GrpcService (GrpcService.java:closeImpl(352)) - 89da30bd-cbf9-4a7b-a1ff-1f6963324f22: shutdown server GrpcServerProtocolService successfully
2024-10-01 11:07:07,399 [main] INFO  server.GrpcService (GrpcService.java:closeImpl(352)) - 3ccd597d-6672-4b12-926e-746f973e87fb: shutdown server GrpcServerProtocolService successfully
2024-10-01 11:07:07,410 [f24c48c6-4a91-44a4-ae9a-fb063e2dd958-NettyServerStreamRpc-bossGroup--thread1] INFO  logging.LoggingHandler (AbstractInternalLogger.java:log(148)) - [id: 0x315f7bd0, L:/0.0.0.0:15017] CLOSE
2024-10-01 11:07:07,411 [f24c48c6-4a91-44a4-ae9a-fb063e2dd958-NettyServerStreamRpc-bossGroup--thread1] INFO  logging.LoggingHandler (AbstractInternalLogger.java:log(148)) - [id: 0x315f7bd0, L:/0.0.0.0:15017] INACTIVE
2024-10-01 11:07:07,411 [f24c48c6-4a91-44a4-ae9a-fb063e2dd958-NettyServerStreamRpc-bossGroup--thread1] INFO  logging.LoggingHandler (AbstractInternalLogger.java:log(148)) - [id: 0x315f7bd0, L:/0.0.0.0:15017] UNREGISTERED
2024-10-01 11:07:07,411 [3ccd597d-6672-4b12-926e-746f973e87fb@group-17EC0FEA1F1B-StateMachineUpdater] INFO  ratis.ContainerStateMachine (ContainerStateMachine.java:takeSnapshot(375)) - group-17EC0FEA1F1B: Finished taking a snapshot at:(t:1, i:0) file:/home/runner/work/ozone/ozone/hadoop-ozone/integration-test/target/test-dir/MiniOzoneClusterImpl-6f218983-f2ca-45a9-b903-464e6faef46a/ozone-meta/datanode-3/ratis/fd3170f9-6634-4783-93b5-17ec0fea1f1b/sm/snapshot.1_0 took: 41 ms
2024-10-01 11:07:07,411 [3ccd597d-6672-4b12-926e-746f973e87fb@group-68695E8EB38B-StateMachineUpdater] INFO  ratis.ContainerStateMachine (ContainerStateMachine.java:takeSnapshot(375)) - group-68695E8EB38B: Finished taking a snapshot at:(t:1, i:0) file:/home/runner/work/ozone/ozone/hadoop-ozone/integration-test/target/test-dir/MiniOzoneClusterImpl-6f218983-f2ca-45a9-b903-464e6faef46a/ozone-meta/datanode-3/ratis/13758175-3302-4500-84ee-68695e8eb38b/sm/snapshot.1_0 took: 45 ms
2024-10-01 11:07:07,412 [f24c48c6-4a91-44a4-ae9a-fb063e2dd958@group-17EC0FEA1F1B-StateMachineUpdater] INFO  ratis.ContainerStateMachine (ContainerStateMachine.java:takeSnapshot(375)) - group-17EC0FEA1F1B: Finished taking a snapshot at:(t:1, i:0) file:/home/runner/work/ozone/ozone/hadoop-ozone/integration-test/target/test-dir/MiniOzoneClusterImpl-6f218983-f2ca-45a9-b903-464e6faef46a/ozone-meta/datanode-1/ratis/fd3170f9-6634-4783-93b5-17ec0fea1f1b/sm/snapshot.1_0 took: 40 ms
2024-10-01 11:07:07,412 [f24c48c6-4a91-44a4-ae9a-fb063e2dd958@group-3A08AF1FB2FD-StateMachineUpdater] INFO  ratis.ContainerStateMachine (ContainerStateMachine.java:takeSnapshot(375)) - group-3A08AF1FB2FD: Finished taking a snapshot at:(t:1, i:0) file:/home/runner/work/ozone/ozone/hadoop-ozone/integration-test/target/test-dir/MiniOzoneClusterImpl-6f218983-f2ca-45a9-b903-464e6faef46a/ozone-meta/datanode-1/ratis/16f3ef61-503c-4aae-b50e-3a08af1fb2fd/sm/snapshot.1_0 took: 48 ms
2024-10-01 11:07:07,412 [3ccd597d-6672-4b12-926e-746f973e87fb@group-68695E8EB38B-StateMachineUpdater] INFO  impl.StateMachineUpdater (StateMachineUpdater.java:takeSnapshot(303)) - 3ccd597d-6672-4b12-926e-746f973e87fb@group-68695E8EB38B-StateMachineUpdater: Took a snapshot at index 0
2024-10-01 11:07:07,411 [f24c48c6-4a91-44a4-ae9a-fb063e2dd958@group-F07362706381-StateMachineUpdater] INFO  ratis.ContainerStateMachine (ContainerStateMachine.java:takeSnapshot(375)) - group-F07362706381: Finished taking a snapshot at:(t:1, i:0) file:/home/runner/work/ozone/ozone/hadoop-ozone/integration-test/target/test-dir/MiniOzoneClusterImpl-6f218983-f2ca-45a9-b903-464e6faef46a/ozone-meta/datanode-1/ratis/08b9d510-3410-4e6b-987b-f07362706381/sm/snapshot.1_0 took: 45 ms
2024-10-01 11:07:07,412 [f24c48c6-4a91-44a4-ae9a-fb063e2dd958@group-17EC0FEA1F1B-StateMachineUpdater] INFO  impl.StateMachineUpdater (StateMachineUpdater.java:takeSnapshot(303)) - f24c48c6-4a91-44a4-ae9a-fb063e2dd958@group-17EC0FEA1F1B-StateMachineUpdater: Took a snapshot at index 0
2024-10-01 11:07:07,411 [89da30bd-cbf9-4a7b-a1ff-1f6963324f22@group-17EC0FEA1F1B-StateMachineUpdater] INFO  ratis.ContainerStateMachine (ContainerStateMachine.java:takeSnapshot(375)) - group-17EC0FEA1F1B: Finished taking a snapshot at:(t:1, i:0) file:/home/runner/work/ozone/ozone/hadoop-ozone/integration-test/target/test-dir/MiniOzoneClusterImpl-6f218983-f2ca-45a9-b903-464e6faef46a/ozone-meta/datanode-2/ratis/fd3170f9-6634-4783-93b5-17ec0fea1f1b/sm/snapshot.1_0 took: 26 ms
2024-10-01 11:07:07,412 [f24c48c6-4a91-44a4-ae9a-fb063e2dd958@group-F07362706381-StateMachineUpdater] INFO  impl.StateMachineUpdater (StateMachineUpdater.java:takeSnapshot(303)) - f24c48c6-4a91-44a4-ae9a-fb063e2dd958@group-F07362706381-StateMachineUpdater: Took a snapshot at index 0
2024-10-01 11:07:07,412 [f24c48c6-4a91-44a4-ae9a-fb063e2dd958@group-F07362706381-StateMachineUpdater] INFO  impl.StateMachineUpdater (StateMachineUpdater.java:lambda$new$0(102)) - f24c48c6-4a91-44a4-ae9a-fb063e2dd958@group-F07362706381-StateMachineUpdater: snapshotIndex: updateIncreasingly -1 -> 0
2024-10-01 11:07:07,412 [89da30bd-cbf9-4a7b-a1ff-1f6963324f22@group-17EC0FEA1F1B-StateMachineUpdater] INFO  impl.StateMachineUpdater (StateMachineUpdater.java:takeSnapshot(303)) - 89da30bd-cbf9-4a7b-a1ff-1f6963324f22@group-17EC0FEA1F1B-StateMachineUpdater: Took a snapshot at index 0
2024-10-01 11:07:07,412 [89da30bd-cbf9-4a7b-a1ff-1f6963324f22@group-17EC0FEA1F1B-StateMachineUpdater] INFO  impl.StateMachineUpdater (StateMachineUpdater.java:lambda$new$0(102)) - 89da30bd-cbf9-4a7b-a1ff-1f6963324f22@group-17EC0FEA1F1B-StateMachineUpdater: snapshotIndex: updateIncreasingly -1 -> 0
2024-10-01 11:07:07,411 [89da30bd-cbf9-4a7b-a1ff-1f6963324f22@group-3A08AF1FB2FD-StateMachineUpdater] INFO  ratis.ContainerStateMachine (ContainerStateMachine.java:takeSnapshot(375)) - group-3A08AF1FB2FD: Finished taking a snapshot at:(t:1, i:0) file:/home/runner/work/ozone/ozone/hadoop-ozone/integration-test/target/test-dir/MiniOzoneClusterImpl-6f218983-f2ca-45a9-b903-464e6faef46a/ozone-meta/datanode-2/ratis/16f3ef61-503c-4aae-b50e-3a08af1fb2fd/sm/snapshot.1_0 took: 29 ms
2024-10-01 11:07:07,413 [89da30bd-cbf9-4a7b-a1ff-1f6963324f22@group-3A08AF1FB2FD-StateMachineUpdater] INFO  impl.StateMachineUpdater (StateMachineUpdater.java:takeSnapshot(303)) - 89da30bd-cbf9-4a7b-a1ff-1f6963324f22@group-3A08AF1FB2FD-StateMachineUpdater: Took a snapshot at index 0
2024-10-01 11:07:07,413 [89da30bd-cbf9-4a7b-a1ff-1f6963324f22@group-3A08AF1FB2FD-StateMachineUpdater] INFO  impl.StateMachineUpdater (StateMachineUpdater.java:lambda$new$0(102)) - 89da30bd-cbf9-4a7b-a1ff-1f6963324f22@group-3A08AF1FB2FD-StateMachineUpdater: snapshotIndex: updateIncreasingly -1 -> 0
2024-10-01 11:07:07,413 [3ccd597d-6672-4b12-926e-746f973e87fb@group-3A08AF1FB2FD-StateMachineUpdater] INFO  ratis.ContainerStateMachine (ContainerStateMachine.java:takeSnapshot(375)) - group-3A08AF1FB2FD: Finished taking a snapshot at:(t:1, i:0) file:/home/runner/work/ozone/ozone/hadoop-ozone/integration-test/target/test-dir/MiniOzoneClusterImpl-6f218983-f2ca-45a9-b903-464e6faef46a/ozone-meta/datanode-3/ratis/16f3ef61-503c-4aae-b50e-3a08af1fb2fd/sm/snapshot.1_0 took: 41 ms
2024-10-01 11:07:07,412 [3ccd597d-6672-4b12-926e-746f973e87fb@group-17EC0FEA1F1B-StateMachineUpdater] INFO  impl.StateMachineUpdater (StateMachineUpdater.java:takeSnapshot(303)) - 3ccd597d-6672-4b12-926e-746f973e87fb@group-17EC0FEA1F1B-StateMachineUpdater: Took a snapshot at index 0
2024-10-01 11:07:07,413 [3ccd597d-6672-4b12-926e-746f973e87fb@group-17EC0FEA1F1B-StateMachineUpdater] INFO  impl.StateMachineUpdater (StateMachineUpdater.java:lambda$new$0(102)) - 3ccd597d-6672-4b12-926e-746f973e87fb@group-17EC0FEA1F1B-StateMachineUpdater: snapshotIndex: updateIncreasingly -1 -> 0
2024-10-01 11:07:07,412 [f24c48c6-4a91-44a4-ae9a-fb063e2dd958@group-17EC0FEA1F1B-StateMachineUpdater] INFO  impl.StateMachineUpdater (StateMachineUpdater.java:lambda$new$0(102)) - f24c48c6-4a91-44a4-ae9a-fb063e2dd958@group-17EC0FEA1F1B-StateMachineUpdater: snapshotIndex: updateIncreasingly -1 -> 0
2024-10-01 11:07:07,412 [3ccd597d-6672-4b12-926e-746f973e87fb@group-68695E8EB38B-StateMachineUpdater] INFO  impl.StateMachineUpdater (StateMachineUpdater.java:lambda$new$0(102)) - 3ccd597d-6672-4b12-926e-746f973e87fb@group-68695E8EB38B-StateMachineUpdater: snapshotIndex: updateIncreasingly -1 -> 0
2024-10-01 11:07:07,415 [89da30bd-cbf9-4a7b-a1ff-1f6963324f22@group-EBDDE0D620EE-StateMachineUpdater] INFO  ratis.ContainerStateMachine (ContainerStateMachine.java:takeSnapshot(375)) - group-EBDDE0D620EE: Finished taking a snapshot at:(t:1, i:0) file:/home/runner/work/ozone/ozone/hadoop-ozone/integration-test/target/test-dir/MiniOzoneClusterImpl-6f218983-f2ca-45a9-b903-464e6faef46a/ozone-meta/datanode-2/ratis/7ecf35a0-a845-41c8-a9d0-ebdde0d620ee/sm/snapshot.1_0 took: 28 ms
2024-10-01 11:07:07,412 [f24c48c6-4a91-44a4-ae9a-fb063e2dd958@group-3A08AF1FB2FD-StateMachineUpdater] INFO  impl.StateMachineUpdater (StateMachineUpdater.java:takeSnapshot(303)) - f24c48c6-4a91-44a4-ae9a-fb063e2dd958@group-3A08AF1FB2FD-StateMachineUpdater: Took a snapshot at index 0
2024-10-01 11:07:07,415 [f24c48c6-4a91-44a4-ae9a-fb063e2dd958@group-3A08AF1FB2FD-StateMachineUpdater] INFO  impl.StateMachineUpdater (StateMachineUpdater.java:lambda$new$0(102)) - f24c48c6-4a91-44a4-ae9a-fb063e2dd958@group-3A08AF1FB2FD-StateMachineUpdater: snapshotIndex: updateIncreasingly -1 -> 0
2024-10-01 11:07:07,415 [3ccd597d-6672-4b12-926e-746f973e87fb@group-3A08AF1FB2FD-StateMachineUpdater] INFO  impl.StateMachineUpdater (StateMachineUpdater.java:takeSnapshot(303)) - 3ccd597d-6672-4b12-926e-746f973e87fb@group-3A08AF1FB2FD-StateMachineUpdater: Took a snapshot at index 0
2024-10-01 11:07:07,415 [3ccd597d-6672-4b12-926e-746f973e87fb@group-3A08AF1FB2FD-StateMachineUpdater] INFO  impl.StateMachineUpdater (StateMachineUpdater.java:lambda$new$0(102)) - 3ccd597d-6672-4b12-926e-746f973e87fb@group-3A08AF1FB2FD-StateMachineUpdater: snapshotIndex: updateIncreasingly -1 -> 0
2024-10-01 11:07:07,416 [89da30bd-cbf9-4a7b-a1ff-1f6963324f22@group-EBDDE0D620EE-StateMachineUpdater] INFO  impl.StateMachineUpdater (StateMachineUpdater.java:takeSnapshot(303)) - 89da30bd-cbf9-4a7b-a1ff-1f6963324f22@group-EBDDE0D620EE-StateMachineUpdater: Took a snapshot at index 0
2024-10-01 11:07:07,416 [89da30bd-cbf9-4a7b-a1ff-1f6963324f22@group-EBDDE0D620EE-StateMachineUpdater] INFO  impl.StateMachineUpdater (StateMachineUpdater.java:lambda$new$0(102)) - 89da30bd-cbf9-4a7b-a1ff-1f6963324f22@group-EBDDE0D620EE-StateMachineUpdater: snapshotIndex: updateIncreasingly -1 -> 0
2024-10-01 11:07:07,417 [3ccd597d-6672-4b12-926e-746f973e87fb@group-17EC0FEA1F1B-StateMachineUpdater] INFO  impl.StateMachineUpdater (StateMachineUpdater.java:stop(141)) - 3ccd597d-6672-4b12-926e-746f973e87fb@group-17EC0FEA1F1B-StateMachineUpdater: closing ContainerStateMachine, lastApplied=(t:1, i:0)
2024-10-01 11:07:07,417 [89da30bd-cbf9-4a7b-a1ff-1f6963324f22@group-EBDDE0D620EE-StateMachineUpdater] INFO  impl.StateMachineUpdater (StateMachineUpdater.java:stop(141)) - 89da30bd-cbf9-4a7b-a1ff-1f6963324f22@group-EBDDE0D620EE-StateMachineUpdater: closing ContainerStateMachine, lastApplied=(t:1, i:0)
2024-10-01 11:07:07,417 [f24c48c6-4a91-44a4-ae9a-fb063e2dd958@group-3A08AF1FB2FD-StateMachineUpdater] INFO  impl.StateMachineUpdater (StateMachineUpdater.java:stop(141)) - f24c48c6-4a91-44a4-ae9a-fb063e2dd958@group-3A08AF1FB2FD-StateMachineUpdater: closing ContainerStateMachine, lastApplied=(t:1, i:0)
2024-10-01 11:07:07,418 [f24c48c6-4a91-44a4-ae9a-fb063e2dd958@group-3A08AF1FB2FD-cacheEviction-AwaitToRun] INFO  util.AwaitToRun (AwaitToRun.java:run(49)) - f24c48c6-4a91-44a4-ae9a-fb063e2dd958@group-3A08AF1FB2FD-cacheEviction-AwaitToRun-AwaitForSignal is interrupted
2024-10-01 11:07:07,417 [f24c48c6-4a91-44a4-ae9a-fb063e2dd958@group-17EC0FEA1F1B-StateMachineUpdater] INFO  impl.StateMachineUpdater (StateMachineUpdater.java:stop(141)) - f24c48c6-4a91-44a4-ae9a-fb063e2dd958@group-17EC0FEA1F1B-StateMachineUpdater: closing ContainerStateMachine, lastApplied=(t:1, i:0)
2024-10-01 11:07:07,417 [89da30bd-cbf9-4a7b-a1ff-1f6963324f22@group-17EC0FEA1F1B-StateMachineUpdater] INFO  impl.StateMachineUpdater (StateMachineUpdater.java:stop(141)) - 89da30bd-cbf9-4a7b-a1ff-1f6963324f22@group-17EC0FEA1F1B-StateMachineUpdater: closing ContainerStateMachine, lastApplied=(t:1, i:0)
2024-10-01 11:07:07,418 [3ccd597d-6672-4b12-926e-746f973e87fb@group-17EC0FEA1F1B-cacheEviction-AwaitToRun] INFO  util.AwaitToRun (AwaitToRun.java:run(49)) - 3ccd597d-6672-4b12-926e-746f973e87fb@group-17EC0FEA1F1B-cacheEviction-AwaitToRun-AwaitForSignal is interrupted
2024-10-01 11:07:07,418 [89da30bd-cbf9-4a7b-a1ff-1f6963324f22@group-3A08AF1FB2FD-StateMachineUpdater] INFO  impl.StateMachineUpdater (StateMachineUpdater.java:stop(141)) - 89da30bd-cbf9-4a7b-a1ff-1f6963324f22@group-3A08AF1FB2FD-StateMachineUpdater: closing ContainerStateMachine, lastApplied=(t:1, i:0)
2024-10-01 11:07:07,419 [89da30bd-cbf9-4a7b-a1ff-1f6963324f22@group-17EC0FEA1F1B-cacheEviction-AwaitToRun] INFO  util.AwaitToRun (AwaitToRun.java:run(49)) - 89da30bd-cbf9-4a7b-a1ff-1f6963324f22@group-17EC0FEA1F1B-cacheEviction-AwaitToRun-AwaitForSignal is interrupted
2024-10-01 11:07:07,417 [3ccd597d-6672-4b12-926e-746f973e87fb@group-3A08AF1FB2FD-StateMachineUpdater] INFO  impl.StateMachineUpdater (StateMachineUpdater.java:stop(141)) - 3ccd597d-6672-4b12-926e-746f973e87fb@group-3A08AF1FB2FD-StateMachineUpdater: closing ContainerStateMachine, lastApplied=(t:1, i:0)
2024-10-01 11:07:07,417 [f24c48c6-4a91-44a4-ae9a-fb063e2dd958@group-F07362706381-StateMachineUpdater] INFO  impl.StateMachineUpdater (StateMachineUpdater.java:stop(141)) - f24c48c6-4a91-44a4-ae9a-fb063e2dd958@group-F07362706381-StateMachineUpdater: closing ContainerStateMachine, lastApplied=(t:1, i:0)
2024-10-01 11:07:07,420 [f24c48c6-4a91-44a4-ae9a-fb063e2dd958@group-F07362706381-cacheEviction-AwaitToRun] INFO  util.AwaitToRun (AwaitToRun.java:run(49)) - f24c48c6-4a91-44a4-ae9a-fb063e2dd958@group-F07362706381-cacheEviction-AwaitToRun-AwaitForSignal is interrupted
2024-10-01 11:07:07,420 [89da30bd-cbf9-4a7b-a1ff-1f6963324f22@group-3A08AF1FB2FD-cacheEviction-AwaitToRun] INFO  util.AwaitToRun (AwaitToRun.java:run(49)) - 89da30bd-cbf9-4a7b-a1ff-1f6963324f22@group-3A08AF1FB2FD-cacheEviction-AwaitToRun-AwaitForSignal is interrupted
2024-10-01 11:07:07,417 [89da30bd-cbf9-4a7b-a1ff-1f6963324f22@group-EBDDE0D620EE-cacheEviction-AwaitToRun] INFO  util.AwaitToRun (AwaitToRun.java:run(49)) - 89da30bd-cbf9-4a7b-a1ff-1f6963324f22@group-EBDDE0D620EE-cacheEviction-AwaitToRun-AwaitForSignal is interrupted
2024-10-01 11:07:07,417 [3ccd597d-6672-4b12-926e-746f973e87fb@group-68695E8EB38B-StateMachineUpdater] INFO  impl.StateMachineUpdater (StateMachineUpdater.java:stop(141)) - 3ccd597d-6672-4b12-926e-746f973e87fb@group-68695E8EB38B-StateMachineUpdater: closing ContainerStateMachine, lastApplied=(t:1, i:0)
2024-10-01 11:07:07,420 [3ccd597d-6672-4b12-926e-746f973e87fb@group-3A08AF1FB2FD-cacheEviction-AwaitToRun] INFO  util.AwaitToRun (AwaitToRun.java:run(49)) - 3ccd597d-6672-4b12-926e-746f973e87fb@group-3A08AF1FB2FD-cacheEviction-AwaitToRun-AwaitForSignal is interrupted
2024-10-01 11:07:07,420 [3ccd597d-6672-4b12-926e-746f973e87fb@group-68695E8EB38B-cacheEviction-AwaitToRun] INFO  util.AwaitToRun (AwaitToRun.java:run(49)) - 3ccd597d-6672-4b12-926e-746f973e87fb@group-68695E8EB38B-cacheEviction-AwaitToRun-AwaitForSignal is interrupted
2024-10-01 11:07:07,421 [f24c48c6-4a91-44a4-ae9a-fb063e2dd958@group-17EC0FEA1F1B-cacheEviction-AwaitToRun] INFO  util.AwaitToRun (AwaitToRun.java:run(49)) - f24c48c6-4a91-44a4-ae9a-fb063e2dd958@group-17EC0FEA1F1B-cacheEviction-AwaitToRun-AwaitForSignal is interrupted
2024-10-01 11:07:07,428 [3ccd597d-6672-4b12-926e-746f973e87fb-NettyServerStreamRpc-bossGroup--thread1] INFO  logging.LoggingHandler (AbstractInternalLogger.java:log(148)) - [id: 0x85522c3b, L:/0.0.0.0:15035] CLOSE
2024-10-01 11:07:07,429 [3ccd597d-6672-4b12-926e-746f973e87fb-NettyServerStreamRpc-bossGroup--thread1] INFO  logging.LoggingHandler (AbstractInternalLogger.java:log(148)) - [id: 0x85522c3b, L:/0.0.0.0:15035] INACTIVE
2024-10-01 11:07:07,429 [3ccd597d-6672-4b12-926e-746f973e87fb-NettyServerStreamRpc-bossGroup--thread1] INFO  logging.LoggingHandler (AbstractInternalLogger.java:log(148)) - [id: 0x85522c3b, L:/0.0.0.0:15035] UNREGISTERED
2024-10-01 11:07:07,430 [89da30bd-cbf9-4a7b-a1ff-1f6963324f22-NettyServerStreamRpc-bossGroup--thread1] INFO  logging.LoggingHandler (AbstractInternalLogger.java:log(148)) - [id: 0x5d8c9855, L:/0.0.0.0:15026] CLOSE
2024-10-01 11:07:07,430 [89da30bd-cbf9-4a7b-a1ff-1f6963324f22-NettyServerStreamRpc-bossGroup--thread1] INFO  logging.LoggingHandler (AbstractInternalLogger.java:log(148)) - [id: 0x5d8c9855, L:/0.0.0.0:15026] INACTIVE
2024-10-01 11:07:07,431 [89da30bd-cbf9-4a7b-a1ff-1f6963324f22-NettyServerStreamRpc-bossGroup--thread1] INFO  logging.LoggingHandler (AbstractInternalLogger.java:log(148)) - [id: 0x5d8c9855, L:/0.0.0.0:15026] UNREGISTERED
2024-10-01 11:07:07,514 [89da30bd-cbf9-4a7b-a1ff-1f6963324f22-impl-thread1] INFO  segmented.SegmentedRaftLogWorker (SegmentedRaftLogWorker.java:close(251)) - 89da30bd-cbf9-4a7b-a1ff-1f6963324f22@group-3A08AF1FB2FD-SegmentedRaftLogWorker close()
2024-10-01 11:07:07,515 [89da30bd-cbf9-4a7b-a1ff-1f6963324f22-impl-thread1] INFO  ratis.ContainerStateMachine (ContainerStateMachine.java:notifyServerShutdown(958)) - group-3A08AF1FB2FD is closed by HddsDatanodeService
2024-10-01 11:07:07,577 [3ccd597d-6672-4b12-926e-746f973e87fb-impl-thread3] INFO  segmented.SegmentedRaftLogWorker (SegmentedRaftLogWorker.java:close(251)) - 3ccd597d-6672-4b12-926e-746f973e87fb@group-17EC0FEA1F1B-SegmentedRaftLogWorker close()
2024-10-01 11:07:07,578 [3ccd597d-6672-4b12-926e-746f973e87fb-impl-thread3] INFO  ratis.ContainerStateMachine (ContainerStateMachine.java:notifyServerShutdown(958)) - group-17EC0FEA1F1B is closed by HddsDatanodeService
2024-10-01 11:07:07,578 [f24c48c6-4a91-44a4-ae9a-fb063e2dd958-impl-thread1] INFO  segmented.SegmentedRaftLogWorker (SegmentedRaftLogWorker.java:close(251)) - f24c48c6-4a91-44a4-ae9a-fb063e2dd958@group-3A08AF1FB2FD-SegmentedRaftLogWorker close()
2024-10-01 11:07:07,580 [f24c48c6-4a91-44a4-ae9a-fb063e2dd958-impl-thread1] INFO  ratis.ContainerStateMachine (ContainerStateMachine.java:notifyServerShutdown(958)) - group-3A08AF1FB2FD is closed by HddsDatanodeService
2024-10-01 11:07:07,597 [3ccd597d-6672-4b12-926e-746f973e87fb-impl-thread2] INFO  segmented.SegmentedRaftLogWorker (SegmentedRaftLogWorker.java:close(251)) - 3ccd597d-6672-4b12-926e-746f973e87fb@group-3A08AF1FB2FD-SegmentedRaftLogWorker close()
2024-10-01 11:07:07,598 [3ccd597d-6672-4b12-926e-746f973e87fb-impl-thread2] INFO  ratis.ContainerStateMachine (ContainerStateMachine.java:notifyServerShutdown(958)) - group-3A08AF1FB2FD is closed by HddsDatanodeService
2024-10-01 11:07:07,617 [89da30bd-cbf9-4a7b-a1ff-1f6963324f22-impl-thread3] INFO  segmented.SegmentedRaftLogWorker (SegmentedRaftLogWorker.java:close(251)) - 89da30bd-cbf9-4a7b-a1ff-1f6963324f22@group-17EC0FEA1F1B-SegmentedRaftLogWorker close()
2024-10-01 11:07:07,617 [89da30bd-cbf9-4a7b-a1ff-1f6963324f22-impl-thread3] INFO  ratis.ContainerStateMachine (ContainerStateMachine.java:notifyServerShutdown(958)) - group-17EC0FEA1F1B is closed by HddsDatanodeService
2024-10-01 11:07:07,625 [f24c48c6-4a91-44a4-ae9a-fb063e2dd958-impl-thread2] INFO  segmented.SegmentedRaftLogWorker (SegmentedRaftLogWorker.java:close(251)) - f24c48c6-4a91-44a4-ae9a-fb063e2dd958@group-17EC0FEA1F1B-SegmentedRaftLogWorker close()
2024-10-01 11:07:07,625 [f24c48c6-4a91-44a4-ae9a-fb063e2dd958-impl-thread2] INFO  ratis.ContainerStateMachine (ContainerStateMachine.java:notifyServerShutdown(958)) - group-17EC0FEA1F1B is closed by HddsDatanodeService
2024-10-01 11:07:07,658 [3ccd597d-6672-4b12-926e-746f973e87fb-impl-thread1] INFO  segmented.SegmentedRaftLogWorker (SegmentedRaftLogWorker.java:close(251)) - 3ccd597d-6672-4b12-926e-746f973e87fb@group-68695E8EB38B-SegmentedRaftLogWorker close()
2024-10-01 11:07:07,658 [3ccd597d-6672-4b12-926e-746f973e87fb-impl-thread1] INFO  ratis.ContainerStateMachine (ContainerStateMachine.java:notifyServerShutdown(958)) - group-68695E8EB38B is closed by HddsDatanodeService
2024-10-01 11:07:07,658 [JvmPauseMonitor5] INFO  util.JvmPauseMonitor (JvmPauseMonitor.java:run(152)) - JvmPauseMonitor-3ccd597d-6672-4b12-926e-746f973e87fb: Stopped
2024-10-01 11:07:08,070 [f24c48c6-4a91-44a4-ae9a-fb063e2dd958-impl-thread3] INFO  segmented.SegmentedRaftLogWorker (SegmentedRaftLogWorker.java:close(251)) - f24c48c6-4a91-44a4-ae9a-fb063e2dd958@group-F07362706381-SegmentedRaftLogWorker close()
2024-10-01 11:07:08,070 [f24c48c6-4a91-44a4-ae9a-fb063e2dd958-impl-thread3] INFO  ratis.ContainerStateMachine (ContainerStateMachine.java:notifyServerShutdown(958)) - group-F07362706381 is closed by HddsDatanodeService
2024-10-01 11:07:08,070 [JvmPauseMonitor3] INFO  util.JvmPauseMonitor (JvmPauseMonitor.java:run(152)) - JvmPauseMonitor-f24c48c6-4a91-44a4-ae9a-fb063e2dd958: Stopped
2024-10-01 11:07:08,381 [89da30bd-cbf9-4a7b-a1ff-1f6963324f22-impl-thread2] INFO  segmented.SegmentedRaftLogWorker (SegmentedRaftLogWorker.java:close(251)) - 89da30bd-cbf9-4a7b-a1ff-1f6963324f22@group-EBDDE0D620EE-SegmentedRaftLogWorker close()
2024-10-01 11:07:08,381 [89da30bd-cbf9-4a7b-a1ff-1f6963324f22-impl-thread2] INFO  ratis.ContainerStateMachine (ContainerStateMachine.java:notifyServerShutdown(958)) - group-EBDDE0D620EE is closed by HddsDatanodeService
2024-10-01 11:07:08,381 [JvmPauseMonitor4] INFO  util.JvmPauseMonitor (JvmPauseMonitor.java:run(152)) - JvmPauseMonitor-89da30bd-cbf9-4a7b-a1ff-1f6963324f22: Stopped
2024-10-01 11:07:09,662 [main] INFO  utils.DatanodeStoreCache (DatanodeStoreCache.java:shutdownCache(116)) - Skip clearing cache in mini cluster mode. Entries left: [/home/runner/work/ozone/ozone/hadoop-ozone/integration-test/target/test-dir/MiniOzoneClusterImpl-6f218983-f2ca-45a9-b903-464e6faef46a/ozone-meta/datanode-1/data-0/hdds/6f218983-f2ca-45a9-b903-464e6faef46a/DS-d069a0fa-fa7b-4881-8f91-0e1eb59661d6/container.db, /home/runner/work/ozone/ozone/hadoop-ozone/integration-test/target/test-dir/MiniOzoneClusterImpl-6f218983-f2ca-45a9-b903-464e6faef46a/ozone-meta/datanode-2/data-0/hdds/6f218983-f2ca-45a9-b903-464e6faef46a/DS-d462013f-9e41-49c7-94f4-944661da4832/container.db, /home/runner/work/ozone/ozone/hadoop-ozone/integration-test/target/test-dir/MiniOzoneClusterImpl-6f218983-f2ca-45a9-b903-464e6faef46a/ozone-meta/datanode-3/data-0/hdds/6f218983-f2ca-45a9-b903-464e6faef46a/DS-1f7c2ebc-ce58-48cb-9255-1aa1a327bed6/container.db]
2024-10-01 11:07:09,663 [main] INFO  utils.DatanodeStoreCache (DatanodeStoreCache.java:removeDB(110)) - Removed db /home/runner/work/ozone/ozone/hadoop-ozone/integration-test/target/test-dir/MiniOzoneClusterImpl-6f218983-f2ca-45a9-b903-464e6faef46a/ozone-meta/datanode-3/data-0/hdds/6f218983-f2ca-45a9-b903-464e6faef46a/DS-1f7c2ebc-ce58-48cb-9255-1aa1a327bed6/container.db from cache
2024-10-01 11:07:09,663 [main] INFO  volume.HddsVolume (HddsVolume.java:closeDbStore(462)) - SchemaV3 db is stopped at /home/runner/work/ozone/ozone/hadoop-ozone/integration-test/target/test-dir/MiniOzoneClusterImpl-6f218983-f2ca-45a9-b903-464e6faef46a/ozone-meta/datanode-3/data-0/hdds/6f218983-f2ca-45a9-b903-464e6faef46a/DS-1f7c2ebc-ce58-48cb-9255-1aa1a327bed6/container.db for volume DS-1f7c2ebc-ce58-48cb-9255-1aa1a327bed6
2024-10-01 11:07:09,663 [main] INFO  utils.BackgroundService (BackgroundService.java:shutdown(163)) - Shutting down service BlockDeletingService
2024-10-01 11:07:09,664 [main] INFO  utils.BackgroundService (BackgroundService.java:shutdown(163)) - Shutting down service StaleRecoveringContainerScrubbingService
2024-10-01 11:07:09,664 [main] INFO  statemachine.DatanodeStateMachine (DatanodeStateMachine.java:stopDaemon(626)) - Ozone container server stopped.
2024-10-01 11:07:09,677 [main] INFO  handler.ContextHandler (ContextHandler.java:doStop(1159)) - Stopped o.e.j.w.WebAppContext@2ca2159a{hddsDatanode,/,null,STOPPED}{jar:file:/home/runner/work/ozone/ozone/hadoop-hdds/container-service/target/hdds-container-service-1.5.0-SNAPSHOT.jar!/webapps/hddsDatanode}
2024-10-01 11:07:09,678 [main] INFO  server.AbstractConnector (AbstractConnector.java:doStop(383)) - Stopped ServerConnector@1039af82{HTTP/1.1, (http/1.1)}{0.0.0.0:15029}
2024-10-01 11:07:09,678 [main] INFO  server.session (HouseKeeper.java:stopScavenging(149)) - node0 Stopped scavenging
2024-10-01 11:07:09,678 [main] INFO  handler.ContextHandler (ContextHandler.java:doStop(1159)) - Stopped o.e.j.s.ServletContextHandler@505d75db{static,/static,jar:file:/home/runner/work/ozone/ozone/hadoop-hdds/container-service/target/hdds-container-service-1.5.0-SNAPSHOT.jar!/webapps/static,STOPPED}
2024-10-01 11:07:09,679 [main] INFO  handler.ContextHandler (ContextHandler.java:doStop(1159)) - Stopped o.e.j.s.ServletContextHandler@4131df0d{logs,/logs,file:///home/runner/work/ozone/ozone/hadoop-ozone/integration-test/target/log,STOPPED}
2024-10-01 11:07:09,680 [main] INFO  ozone.HddsDatanodeClientProtocolServer (HddsDatanodeClientProtocolServer.java:stop(85)) - Stopping the RPC server for Client Protocol
2024-10-01 11:07:09,680 [main] INFO  ipc.Server (Server.java:stop(3523)) - Stopping server on 15030
2024-10-01 11:07:09,682 [IPC Server listener on 15030] INFO  ipc.Server (Server.java:run(1434)) - Stopping IPC Server listener on 15030
2024-10-01 11:07:09,682 [IPC Server Responder] INFO  ipc.Server (Server.java:run(1567)) - Stopping IPC Server Responder
2024-10-01 11:07:10,073 [ForkJoinPool.commonPool-worker-1] INFO  utils.DatanodeStoreCache (DatanodeStoreCache.java:shutdownCache(116)) - Skip clearing cache in mini cluster mode. Entries left: [/home/runner/work/ozone/ozone/hadoop-ozone/integration-test/target/test-dir/MiniOzoneClusterImpl-6f218983-f2ca-45a9-b903-464e6faef46a/ozone-meta/datanode-1/data-0/hdds/6f218983-f2ca-45a9-b903-464e6faef46a/DS-d069a0fa-fa7b-4881-8f91-0e1eb59661d6/container.db, /home/runner/work/ozone/ozone/hadoop-ozone/integration-test/target/test-dir/MiniOzoneClusterImpl-6f218983-f2ca-45a9-b903-464e6faef46a/ozone-meta/datanode-2/data-0/hdds/6f218983-f2ca-45a9-b903-464e6faef46a/DS-d462013f-9e41-49c7-94f4-944661da4832/container.db]
2024-10-01 11:07:10,075 [ForkJoinPool.commonPool-worker-1] INFO  utils.DatanodeStoreCache (DatanodeStoreCache.java:removeDB(110)) - Removed db /home/runner/work/ozone/ozone/hadoop-ozone/integration-test/target/test-dir/MiniOzoneClusterImpl-6f218983-f2ca-45a9-b903-464e6faef46a/ozone-meta/datanode-1/data-0/hdds/6f218983-f2ca-45a9-b903-464e6faef46a/DS-d069a0fa-fa7b-4881-8f91-0e1eb59661d6/container.db from cache
2024-10-01 11:07:10,075 [ForkJoinPool.commonPool-worker-1] INFO  volume.HddsVolume (HddsVolume.java:closeDbStore(462)) - SchemaV3 db is stopped at /home/runner/work/ozone/ozone/hadoop-ozone/integration-test/target/test-dir/MiniOzoneClusterImpl-6f218983-f2ca-45a9-b903-464e6faef46a/ozone-meta/datanode-1/data-0/hdds/6f218983-f2ca-45a9-b903-464e6faef46a/DS-d069a0fa-fa7b-4881-8f91-0e1eb59661d6/container.db for volume DS-d069a0fa-fa7b-4881-8f91-0e1eb59661d6
2024-10-01 11:07:10,075 [ForkJoinPool.commonPool-worker-1] INFO  utils.BackgroundService (BackgroundService.java:shutdown(163)) - Shutting down service BlockDeletingService
2024-10-01 11:07:10,075 [ForkJoinPool.commonPool-worker-1] INFO  utils.BackgroundService (BackgroundService.java:shutdown(163)) - Shutting down service StaleRecoveringContainerScrubbingService
2024-10-01 11:07:10,076 [ForkJoinPool.commonPool-worker-1] INFO  statemachine.DatanodeStateMachine (DatanodeStateMachine.java:stopDaemon(626)) - Ozone container server stopped.
2024-10-01 11:07:10,089 [ForkJoinPool.commonPool-worker-1] INFO  handler.ContextHandler (ContextHandler.java:doStop(1159)) - Stopped o.e.j.w.WebAppContext@8b9f657{hddsDatanode,/,null,STOPPED}{jar:file:/home/runner/work/ozone/ozone/hadoop-hdds/container-service/target/hdds-container-service-1.5.0-SNAPSHOT.jar!/webapps/hddsDatanode}
2024-10-01 11:07:10,090 [ForkJoinPool.commonPool-worker-1] INFO  server.AbstractConnector (AbstractConnector.java:doStop(383)) - Stopped ServerConnector@2edcc5f0{HTTP/1.1, (http/1.1)}{0.0.0.0:15011}
2024-10-01 11:07:10,090 [ForkJoinPool.commonPool-worker-1] INFO  server.session (HouseKeeper.java:stopScavenging(149)) - node0 Stopped scavenging
2024-10-01 11:07:10,090 [ForkJoinPool.commonPool-worker-1] INFO  handler.ContextHandler (ContextHandler.java:doStop(1159)) - Stopped o.e.j.s.ServletContextHandler@211a1106{static,/static,jar:file:/home/runner/work/ozone/ozone/hadoop-hdds/container-service/target/hdds-container-service-1.5.0-SNAPSHOT.jar!/webapps/static,STOPPED}
2024-10-01 11:07:10,090 [ForkJoinPool.commonPool-worker-1] INFO  handler.ContextHandler (ContextHandler.java:doStop(1159)) - Stopped o.e.j.s.ServletContextHandler@4f34e348{logs,/logs,file:///home/runner/work/ozone/ozone/hadoop-ozone/integration-test/target/log,STOPPED}
2024-10-01 11:07:10,091 [ForkJoinPool.commonPool-worker-1] INFO  ozone.HddsDatanodeClientProtocolServer (HddsDatanodeClientProtocolServer.java:stop(85)) - Stopping the RPC server for Client Protocol
2024-10-01 11:07:10,091 [ForkJoinPool.commonPool-worker-1] INFO  ipc.Server (Server.java:stop(3523)) - Stopping server on 15012
2024-10-01 11:07:10,091 [IPC Server listener on 15012] INFO  ipc.Server (Server.java:run(1434)) - Stopping IPC Server listener on 15012
2024-10-01 11:07:10,093 [IPC Server Responder] INFO  ipc.Server (Server.java:run(1567)) - Stopping IPC Server Responder
2024-10-01 11:07:10,384 [ForkJoinPool.commonPool-worker-3] INFO  utils.DatanodeStoreCache (DatanodeStoreCache.java:shutdownCache(116)) - Skip clearing cache in mini cluster mode. Entries left: [/home/runner/work/ozone/ozone/hadoop-ozone/integration-test/target/test-dir/MiniOzoneClusterImpl-6f218983-f2ca-45a9-b903-464e6faef46a/ozone-meta/datanode-2/data-0/hdds/6f218983-f2ca-45a9-b903-464e6faef46a/DS-d462013f-9e41-49c7-94f4-944661da4832/container.db]
2024-10-01 11:07:10,385 [ForkJoinPool.commonPool-worker-3] INFO  utils.DatanodeStoreCache (DatanodeStoreCache.java:removeDB(110)) - Removed db /home/runner/work/ozone/ozone/hadoop-ozone/integration-test/target/test-dir/MiniOzoneClusterImpl-6f218983-f2ca-45a9-b903-464e6faef46a/ozone-meta/datanode-2/data-0/hdds/6f218983-f2ca-45a9-b903-464e6faef46a/DS-d462013f-9e41-49c7-94f4-944661da4832/container.db from cache
2024-10-01 11:07:10,386 [ForkJoinPool.commonPool-worker-3] INFO  volume.HddsVolume (HddsVolume.java:closeDbStore(462)) - SchemaV3 db is stopped at /home/runner/work/ozone/ozone/hadoop-ozone/integration-test/target/test-dir/MiniOzoneClusterImpl-6f218983-f2ca-45a9-b903-464e6faef46a/ozone-meta/datanode-2/data-0/hdds/6f218983-f2ca-45a9-b903-464e6faef46a/DS-d462013f-9e41-49c7-94f4-944661da4832/container.db for volume DS-d462013f-9e41-49c7-94f4-944661da4832
2024-10-01 11:07:10,386 [ForkJoinPool.commonPool-worker-3] INFO  utils.BackgroundService (BackgroundService.java:shutdown(163)) - Shutting down service BlockDeletingService
2024-10-01 11:07:10,386 [ForkJoinPool.commonPool-worker-3] INFO  utils.BackgroundService (BackgroundService.java:shutdown(163)) - Shutting down service StaleRecoveringContainerScrubbingService
2024-10-01 11:07:10,387 [ForkJoinPool.commonPool-worker-3] INFO  statemachine.DatanodeStateMachine (DatanodeStateMachine.java:stopDaemon(626)) - Ozone container server stopped.
2024-10-01 11:07:10,400 [ForkJoinPool.commonPool-worker-3] INFO  handler.ContextHandler (ContextHandler.java:doStop(1159)) - Stopped o.e.j.w.WebAppContext@20f80c94{hddsDatanode,/,null,STOPPED}{jar:file:/home/runner/work/ozone/ozone/hadoop-hdds/container-service/target/hdds-container-service-1.5.0-SNAPSHOT.jar!/webapps/hddsDatanode}
2024-10-01 11:07:10,400 [ForkJoinPool.commonPool-worker-3] INFO  server.AbstractConnector (AbstractConnector.java:doStop(383)) - Stopped ServerConnector@ee92d4e{HTTP/1.1, (http/1.1)}{0.0.0.0:15020}
2024-10-01 11:07:10,401 [ForkJoinPool.commonPool-worker-3] INFO  server.session (HouseKeeper.java:stopScavenging(149)) - node0 Stopped scavenging
2024-10-01 11:07:10,401 [ForkJoinPool.commonPool-worker-3] INFO  handler.ContextHandler (ContextHandler.java:doStop(1159)) - Stopped o.e.j.s.ServletContextHandler@68f07ef9{static,/static,jar:file:/home/runner/work/ozone/ozone/hadoop-hdds/container-service/target/hdds-container-service-1.5.0-SNAPSHOT.jar!/webapps/static,STOPPED}
2024-10-01 11:07:10,401 [ForkJoinPool.commonPool-worker-3] INFO  handler.ContextHandler (ContextHandler.java:doStop(1159)) - Stopped o.e.j.s.ServletContextHandler@3dcde74{logs,/logs,file:///home/runner/work/ozone/ozone/hadoop-ozone/integration-test/target/log,STOPPED}
2024-10-01 11:07:10,401 [ForkJoinPool.commonPool-worker-3] INFO  ozone.HddsDatanodeClientProtocolServer (HddsDatanodeClientProtocolServer.java:stop(85)) - Stopping the RPC server for Client Protocol
2024-10-01 11:07:10,401 [ForkJoinPool.commonPool-worker-3] INFO  ipc.Server (Server.java:stop(3523)) - Stopping server on 15021
2024-10-01 11:07:10,403 [IPC Server listener on 15021] INFO  ipc.Server (Server.java:run(1434)) - Stopping IPC Server listener on 15021
2024-10-01 11:07:10,403 [IPC Server Responder] INFO  ipc.Server (Server.java:run(1567)) - Stopping IPC Server Responder
2024-10-01 11:07:10,403 [main] INFO  ozone.MiniOzoneClusterImpl (MiniOzoneClusterImpl.java:stopSCM(500)) - Stopping the StorageContainerManager
2024-10-01 11:07:10,404 [main] INFO  server.StorageContainerManager (StorageContainerManager.java:stop(1652)) - Container Balancer is not running.
2024-10-01 11:07:10,404 [main] INFO  server.StorageContainerManager (StorageContainerManager.java:stopReplicationManager(1790)) - Stopping Replication Manager Service.
2024-10-01 11:07:10,404 [main] INFO  replication.ReplicationManager (ReplicationManager.java:stop(329)) - Stopping Replication Monitor Thread.
2024-10-01 11:07:10,404 [main] INFO  server.StorageContainerManager (StorageContainerManager.java:stop(1661)) - Stopping the Datanode Admin Monitor.
2024-10-01 11:07:10,404 [ReplicationMonitor] INFO  replication.ReplicationManager (ReplicationManager.java:run(938)) - Replication Monitor Thread is stopped
2024-10-01 11:07:10,404 [main] INFO  server.StorageContainerManager (StorageContainerManager.java:stop(1668)) - Stopping datanode service RPC server
2024-10-01 11:07:10,404 [main] INFO  server.SCMDatanodeProtocolServer (SCMDatanodeProtocolServer.java:stop(430)) - Stopping the RPC server for DataNodes
2024-10-01 11:07:10,404 [main] INFO  ipc.Server (Server.java:stop(3523)) - Stopping server on 15002
2024-10-01 11:07:10,404 [OverReplicatedProcessor] WARN  replication.UnhealthyReplicationProcessor (UnhealthyReplicationProcessor.java:run(180)) - OverReplicatedProcessor interrupted. Exiting...
2024-10-01 11:07:10,404 [UnderReplicatedProcessor] WARN  replication.UnhealthyReplicationProcessor (UnhealthyReplicationProcessor.java:run(180)) - UnderReplicatedProcessor interrupted. Exiting...
2024-10-01 11:07:10,408 [IPC Server Responder] INFO  ipc.Server (Server.java:run(1567)) - Stopping IPC Server Responder
2024-10-01 11:07:10,408 [IPC Server listener on 15002] INFO  ipc.Server (Server.java:run(1434)) - Stopping IPC Server listener on 15002
2024-10-01 11:07:10,506 [SCMHeartbeatProcessor-0] WARN  node.NodeStateManager (NodeStateManager.java:scheduleNextHealthCheck(935)) - Current Thread is interrupted, shutting down HB processing thread for Node Manager.
2024-10-01 11:07:10,507 [main] INFO  server.StorageContainerManager (StorageContainerManager.java:stop(1676)) - Stopping block service RPC server
2024-10-01 11:07:10,507 [main] INFO  server.SCMBlockProtocolServer (SCMBlockProtocolServer.java:stop(181)) - Stopping the RPC server for Block Protocol
2024-10-01 11:07:10,507 [main] INFO  ipc.Server (Server.java:stop(3523)) - Stopping server on 15001
2024-10-01 11:07:10,513 [IPC Server listener on 15001] INFO  ipc.Server (Server.java:run(1434)) - Stopping IPC Server listener on 15001
2024-10-01 11:07:10,513 [IPC Server Responder] INFO  ipc.Server (Server.java:run(1567)) - Stopping IPC Server Responder
2024-10-01 11:07:10,513 [main] INFO  server.StorageContainerManager (StorageContainerManager.java:stop(1683)) - Stopping the StorageContainerLocationProtocol RPC server
2024-10-01 11:07:10,514 [main] INFO  server.SCMClientProtocolServer (SCMClientProtocolServer.java:stop(222)) - Stopping the RPC server for Client Protocol
2024-10-01 11:07:10,514 [main] INFO  ipc.Server (Server.java:stop(3523)) - Stopping server on 15000
2024-10-01 11:07:10,519 [IPC Server listener on 15000] INFO  ipc.Server (Server.java:run(1434)) - Stopping IPC Server listener on 15000
2024-10-01 11:07:10,519 [IPC Server Responder] INFO  ipc.Server (Server.java:run(1567)) - Stopping IPC Server Responder
2024-10-01 11:07:10,520 [main] INFO  server.StorageContainerManager (StorageContainerManager.java:stop(1690)) - Stopping Storage Container Manager HTTP server.
2024-10-01 11:07:10,521 [main] INFO  handler.ContextHandler (ContextHandler.java:doStop(1159)) - Stopped o.e.j.w.WebAppContext@7ffc4195{scm,/,null,STOPPED}{file:/home/runner/work/ozone/ozone/hadoop-ozone/integration-test/target/test-classes/webapps/scm}
2024-10-01 11:07:10,522 [main] INFO  server.AbstractConnector (AbstractConnector.java:doStop(383)) - Stopped ServerConnector@2f2d8770{HTTP/1.1, (http/1.1)}{0.0.0.0:15003}
2024-10-01 11:07:10,522 [main] INFO  server.session (HouseKeeper.java:stopScavenging(149)) - node0 Stopped scavenging
2024-10-01 11:07:10,522 [main] INFO  handler.ContextHandler (ContextHandler.java:doStop(1159)) - Stopped o.e.j.s.ServletContextHandler@77e5c765{static,/static,file:///home/runner/work/ozone/ozone/hadoop-ozone/integration-test/target/test-classes/webapps/static,STOPPED}
2024-10-01 11:07:10,523 [main] INFO  handler.ContextHandler (ContextHandler.java:doStop(1159)) - Stopped o.e.j.s.ServletContextHandler@3465edf9{logs,/logs,file:///home/runner/work/ozone/ozone/hadoop-ozone/integration-test/target/log,STOPPED}
2024-10-01 11:07:10,524 [main] INFO  server.StorageContainerManager (StorageContainerManager.java:stop(1698)) - Stopping SCM LayoutVersionManager Service.
2024-10-01 11:07:10,524 [main] INFO  server.StorageContainerManager (StorageContainerManager.java:stop(1710)) - Stopping Block Manager Service.
2024-10-01 11:07:10,524 [main] INFO  utils.BackgroundService (BackgroundService.java:shutdown(163)) - Shutting down service SCMBlockDeletingService
2024-10-01 11:07:10,525 [main] INFO  utils.BackgroundService (BackgroundService.java:shutdown(163)) - Shutting down service SCMBlockDeletingService
2024-10-01 11:07:10,525 [main] INFO  server.StorageContainerManager (StorageContainerManager.java:stop(1735)) - Stopping SCM Event Queue.
2024-10-01 11:07:10,527 [JvmPauseMonitor0] INFO  util.JvmPauseMonitor (JvmPauseMonitor.java:run(152)) - JvmPauseMonitor-13e01e20-e1c5-4981-84d3-7f8ede1ab92b: Stopped
2024-10-01 11:07:10,527 [main] INFO  server.StorageContainerManager (StorageContainerManager.java:stop(1746)) - Stopping SCM HA services.
2024-10-01 11:07:10,528 [main] INFO  pipeline.BackgroundPipelineCreator (BackgroundPipelineCreator.java:stop(152)) - Stopping RatisPipelineUtilsThread.
2024-10-01 11:07:10,528 [RatisPipelineUtilsThread-0] WARN  pipeline.BackgroundPipelineCreator (BackgroundPipelineCreator.java:run(183)) - RatisPipelineUtilsThread is interrupted.
2024-10-01 11:07:10,528 [main] INFO  BackgroundPipelineScrubber (BackgroundSCMService.java:stop(128)) - Stopping BackgroundPipelineScrubber Service.
2024-10-01 11:07:10,528 [BackgroundPipelineScrubber] WARN  BackgroundPipelineScrubber (BackgroundSCMService.java:run(112)) - BackgroundPipelineScrubber is interrupted, exit
2024-10-01 11:07:10,529 [main] INFO  impl.MetricsSystemImpl (MetricsSystemImpl.java:stop(210)) - Stopping HddsDatanode metrics system...
2024-10-01 11:07:10,530 [prometheus] INFO  impl.MetricsSinkAdapter (MetricsSinkAdapter.java:publishMetricsFromQueue(141)) - prometheus thread interrupted.
2024-10-01 11:07:10,532 [main] INFO  impl.MetricsSystemImpl (MetricsSystemImpl.java:stop(216)) - HddsDatanode metrics system stopped.
2024-10-01 11:07:10,533 [main] WARN  pipeline.BackgroundPipelineCreator (BackgroundPipelineCreator.java:stop(148)) - RatisPipelineUtilsThread is not running, just ignore.
2024-10-01 11:07:10,533 [main] INFO  BackgroundPipelineScrubber (BackgroundSCMService.java:stop(123)) - BackgroundPipelineScrubber Service is not running, skip stop.
2024-10-01 11:07:10,533 [main] INFO  ExpiredContainerReplicaOpScrubber (BackgroundSCMService.java:stop(128)) - Stopping ExpiredContainerReplicaOpScrubber Service.
2024-10-01 11:07:10,533 [ExpiredContainerReplicaOpScrubber] WARN  ExpiredContainerReplicaOpScrubber (BackgroundSCMService.java:run(112)) - ExpiredContainerReplicaOpScrubber is interrupted, exit
2024-10-01 11:07:10,534 [main] INFO  utils.BackgroundService (BackgroundService.java:shutdown(163)) - Shutting down service SCMBlockDeletingService
2024-10-01 11:07:10,534 [main] INFO  replication.ReplicationManager (ReplicationManager.java:stop(339)) - Replication Monitor Thread is not running.
2024-10-01 11:07:10,534 [main] WARN  balancer.ContainerBalancer (ContainerBalancer.java:stop(349)) - Cannot stop Container Balancer because it's not running or stopping
2024-10-01 11:07:10,534 [LeaseManager#LeaseMonitor] WARN  lease.LeaseManager (LeaseManager.java:run(286)) - Lease manager is interrupted. Shutting down...
java.lang.InterruptedException
	at java.base/java.util.concurrent.locks.AbstractQueuedSynchronizer.tryAcquireSharedNanos(AbstractQueuedSynchronizer.java:1081)
	at java.base/java.util.concurrent.Semaphore.tryAcquire(Semaphore.java:415)
	at org.apache.hadoop.ozone.lease.LeaseManager$LeaseMonitor.run(LeaseManager.java:284)
	at java.base/java.lang.Thread.run(Thread.java:840)
2024-10-01 11:07:10,534 [main] INFO  server.StorageContainerManager (StorageContainerManager.java:stop(1781)) - Stopping SCM MetadataStore.
2024-10-01 11:07:10,536 [main] INFO  ozone.MiniOzoneClusterImpl (MiniOzoneClusterImpl.java:stopRecon(515)) - Stopping Recon
2024-10-01 11:07:10,536 [main] INFO  recon.ReconServer (ReconServer.java:stop(244)) - Stopping Recon server
2024-10-01 11:07:10,541 [main] INFO  handler.ContextHandler (ContextHandler.java:doStop(1159)) - Stopped o.e.j.w.WebAppContext@4c2ed0fa{recon,/,null,STOPPED}{jar:file:/home/runner/work/ozone/ozone/hadoop-ozone/recon/target/ozone-recon-1.5.0-SNAPSHOT.jar!/webapps/recon}
2024-10-01 11:07:10,542 [main] INFO  server.AbstractConnector (AbstractConnector.java:doStop(383)) - Stopped ServerConnector@240af9dc{HTTP/1.1, (http/1.1)}{0.0.0.0:15008}
2024-10-01 11:07:10,542 [main] INFO  server.session (HouseKeeper.java:stopScavenging(149)) - node0 Stopped scavenging
2024-10-01 11:07:10,542 [main] INFO  handler.ContextHandler (ContextHandler.java:doStop(1159)) - Stopped o.e.j.s.ServletContextHandler@76a34504{static,/static,jar:file:/home/runner/work/ozone/ozone/hadoop-ozone/recon/target/ozone-recon-1.5.0-SNAPSHOT.jar!/webapps/static,STOPPED}
2024-10-01 11:07:10,542 [main] INFO  handler.ContextHandler (ContextHandler.java:doStop(1159)) - Stopped o.e.j.s.ServletContextHandler@35d0499b{logs,/logs,file:///home/runner/work/ozone/ozone/hadoop-ozone/integration-test/target/log,STOPPED}
2024-10-01 11:07:10,543 [main] INFO  server.SCMDatanodeProtocolServer (SCMDatanodeProtocolServer.java:stop(430)) - Stopping the RPC server for DataNodes
2024-10-01 11:07:10,543 [main] INFO  ipc.Server (Server.java:stop(3523)) - Stopping server on 15009
2024-10-01 11:07:10,549 [IPC Server listener on 15009] INFO  ipc.Server (Server.java:run(1434)) - Stopping IPC Server listener on 15009
2024-10-01 11:07:10,549 [IPC Server Responder] INFO  ipc.Server (Server.java:run(1567)) - Stopping IPC Server Responder
2024-10-01 11:07:10,614 [SCMHeartbeatProcessor-0] WARN  node.NodeStateManager (NodeStateManager.java:scheduleNextHealthCheck(935)) - Current Thread is interrupted, shutting down HB processing thread for Node Manager.
2024-10-01 11:07:10,614 [main] INFO  scm.ReconScmTask (ReconScmTask.java:stop(72)) - Stopping PipelineSyncTask Thread.
2024-10-01 11:07:10,615 [main] INFO  scm.ReconScmTask (ReconScmTask.java:stop(72)) - Stopping ContainerHealthTask Thread.
2024-10-01 11:07:10,615 [main] INFO  scm.ReconScmTask (ReconScmTask.java:stop(72)) - Stopping ContainerSizeCountTask Thread.
2024-10-01 11:07:10,615 [main] INFO  scm.ReconStorageContainerManagerFacade (ReconStorageContainerManagerFacade.java:stop(470)) - Stopping SCM Event Queue.
2024-10-01 11:07:10,616 [main] INFO  scm.ReconStorageContainerManagerFacade (ReconStorageContainerManagerFacade.java:stop(478)) - Flushing container replica history to DB.
2024-10-01 11:07:10,617 [main] INFO  impl.OzoneManagerServiceProviderImpl (OzoneManagerServiceProviderImpl.java:stop(342)) - Stopping Ozone Manager Service Provider.
2024-10-01 11:07:10,617 [main] INFO  tasks.ReconTaskControllerImpl (ReconTaskControllerImpl.java:stop(230)) - Stopping Recon Task Controller.
2024-10-01 11:07:10,622 [main] INFO  recon.ReconServer (ReconServer.java:stop(269)) - Closing Recon Container Key DB.
2024-10-01 11:07:10,623 [JvmPauseMonitor2] INFO  util.JvmPauseMonitor (JvmPauseMonitor.java:run(152)) - JvmPauseMonitor-Recon: Stopped
]]></system-out>
  </testcase>
  <testcase name="testScmSnapshot" classname="org.apache.hadoop.ozone.recon.TestReconScmSnapshot" time="41.676"/>
</testsuite>