<?xml version="1.0" encoding="UTF-8"?>
<testsuite xmlns:xsi="http://www.w3.org/2001/XMLSchema-instance" xsi:noNamespaceSchemaLocation="https://maven.apache.org/surefire/maven-surefire-plugin/xsd/surefire-test-report-3.0.xsd" version="3.0" name="org.apache.hadoop.ozone.om.TestKeyPurging" time="323.306" tests="1" errors="1" skipped="0" failures="0">
  <properties>
    <property name="java.specification.version" value="17"/>
    <property name="sun.jnu.encoding" value="UTF-8"/>
    <property name="java.class.path" value="/home/runner/work/ozone/ozone/hadoop-ozone/integration-test/target/test-classes:/home/runner/work/ozone/ozone/hadoop-ozone/integration-test/target/classes:/home/runner/work/ozone/ozone/hadoop-ozone/common/target/ozone-common-1.5.0-SNAPSHOT.jar:/home/runner/.m2/repository/io/grpc/grpc-netty/1.58.0/grpc-netty-1.58.0.jar:/home/runner/.m2/repository/io/grpc/grpc-core/1.58.0/grpc-core-1.58.0.jar:/home/runner/.m2/repository/com/google/android/annotations/4.1.1.4/annotations-4.1.1.4.jar:/home/runner/.m2/repository/org/codehaus/mojo/animal-sniffer-annotations/1.23/animal-sniffer-annotations-1.23.jar:/home/runner/.m2/repository/io/grpc/grpc-context/1.58.0/grpc-context-1.58.0.jar:/home/runner/.m2/repository/io/grpc/grpc-util/1.58.0/grpc-util-1.58.0.jar:/home/runner/.m2/repository/com/google/errorprone/error_prone_annotations/2.28.0/error_prone_annotations-2.28.0.jar:/home/runner/.m2/repository/io/perfmark/perfmark-api/0.26.0/perfmark-api-0.26.0.jar:/home/runner/.m2/repository/io/netty/netty-codec-http2/4.1.109.Final/netty-codec-http2-4.1.109.Final.jar:/home/runner/.m2/repository/io/netty/netty-common/4.1.109.Final/netty-common-4.1.109.Final.jar:/home/runner/.m2/repository/io/netty/netty-buffer/4.1.109.Final/netty-buffer-4.1.109.Final.jar:/home/runner/.m2/repository/io/netty/netty-codec-http/4.1.109.Final/netty-codec-http-4.1.109.Final.jar:/home/runner/.m2/repository/io/netty/netty-handler-proxy/4.1.109.Final/netty-handler-proxy-4.1.109.Final.jar:/home/runner/.m2/repository/io/netty/netty-codec-socks/4.1.109.Final/netty-codec-socks-4.1.109.Final.jar:/home/runner/.m2/repository/io/netty/netty-tcnative-boringssl-static/2.0.65.Final/netty-tcnative-boringssl-static-2.0.65.Final.jar:/home/runner/.m2/repository/io/netty/netty-tcnative-classes/2.0.65.Final/netty-tcnative-classes-2.0.65.Final.jar:/home/runner/.m2/repository/io/netty/netty-tcnative-boringssl-static/2.0.65.Final/netty-tcnative-boringssl-static-2.0.65.Final-linux-x86_64.jar:/home/runner/.m2/repository/io/netty/netty-tcnative-boringssl-static/2.0.65.Final/netty-tcnative-boringssl-static-2.0.65.Final-linux-aarch_64.jar:/home/runner/.m2/repository/io/netty/netty-tcnative-boringssl-static/2.0.65.Final/netty-tcnative-boringssl-static-2.0.65.Final-osx-x86_64.jar:/home/runner/.m2/repository/io/netty/netty-tcnative-boringssl-static/2.0.65.Final/netty-tcnative-boringssl-static-2.0.65.Final-osx-aarch_64.jar:/home/runner/.m2/repository/io/netty/netty-tcnative-boringssl-static/2.0.65.Final/netty-tcnative-boringssl-static-2.0.65.Final-windows-x86_64.jar:/home/runner/.m2/repository/org/apache/commons/commons-compress/1.26.0/commons-compress-1.26.0.jar:/home/runner/work/ozone/ozone/hadoop-hdds/common/target/hdds-common-1.5.0-SNAPSHOT.jar:/home/runner/work/ozone/ozone/hadoop-hdds/client/target/hdds-client-1.5.0-SNAPSHOT.jar:/home/runner/work/ozone/ozone/hadoop-ozone/interface-client/target/ozone-interface-client-1.5.0-SNAPSHOT.jar:/home/runner/.m2/repository/org/apache/hadoop/hadoop-hdfs-client/3.3.6/hadoop-hdfs-client-3.3.6.jar:/home/runner/.m2/repository/com/squareup/okhttp3/okhttp/4.12.0/okhttp-4.12.0.jar:/home/runner/.m2/repository/com/squareup/okio/okio/3.6.0/okio-3.6.0.jar:/home/runner/.m2/repository/com/squareup/okio/okio-jvm/3.6.0/okio-jvm-3.6.0.jar:/home/runner/.m2/repository/org/jetbrains/kotlin/kotlin-stdlib-jdk8/1.9.24/kotlin-stdlib-jdk8-1.9.24.jar:/home/runner/.m2/repository/org/jetbrains/kotlin/kotlin-stdlib-jdk7/1.9.24/kotlin-stdlib-jdk7-1.9.24.jar:/home/runner/.m2/repository/org/jetbrains/kotlin/kotlin-stdlib-common/1.9.24/kotlin-stdlib-common-1.9.24.jar:/home/runner/.m2/repository/com/github/stephenc/jcip/jcip-annotations/1.0-1/jcip-annotations-1.0-1.jar:/home/runner/work/ozone/ozone/hadoop-hdds/test-utils/target/hdds-test-utils-1.5.0-SNAPSHOT.jar:/home/runner/.m2/repository/org/assertj/assertj-core/3.26.3/assertj-core-3.26.3.jar:/home/runner/.m2/repository/net/bytebuddy/byte-buddy/1.14.18/byte-buddy-1.14.18.jar:/home/runner/.m2/repository/com/google/guava/guava/32.1.3-jre/guava-32.1.3-jre.jar:/home/runner/.m2/repository/com/google/guava/failureaccess/1.0.1/failureaccess-1.0.1.jar:/home/runner/.m2/repository/com/google/guava/listenablefuture/9999.0-empty-to-avoid-conflict-with-guava/listenablefuture-9999.0-empty-to-avoid-conflict-with-guava.jar:/home/runner/.m2/repository/org/checkerframework/checker-qual/3.37.0/checker-qual-3.37.0.jar:/home/runner/.m2/repository/com/google/j2objc/j2objc-annotations/2.8/j2objc-annotations-2.8.jar:/home/runner/.m2/repository/commons-io/commons-io/2.16.1/commons-io-2.16.1.jar:/home/runner/.m2/repository/commons-logging/commons-logging/1.2/commons-logging-1.2.jar:/home/runner/.m2/repository/org/junit/jupiter/junit-jupiter-api/5.10.3/junit-jupiter-api-5.10.3.jar:/home/runner/.m2/repository/org/opentest4j/opentest4j/1.3.0/opentest4j-1.3.0.jar:/home/runner/.m2/repository/org/junit/platform/junit-platform-commons/1.10.3/junit-platform-commons-1.10.3.jar:/home/runner/.m2/repository/ch/qos/reload4j/reload4j/1.2.25/reload4j-1.2.25.jar:/home/runner/.m2/repository/jakarta/annotation/jakarta.annotation-api/2.1.1/jakarta.annotation-api-2.1.1.jar:/home/runner/.m2/repository/org/slf4j/slf4j-api/2.0.13/slf4j-api-2.0.13.jar:/home/runner/.m2/repository/org/apache/logging/log4j/log4j-api/2.23.1/log4j-api-2.23.1.jar:/home/runner/work/ozone/ozone/hadoop-hdds/server-scm/target/hdds-server-scm-1.5.0-SNAPSHOT.jar:/home/runner/.m2/repository/com/google/protobuf/protobuf-java/2.5.0/protobuf-java-2.5.0.jar:/home/runner/work/ozone/ozone/hadoop-hdds/container-service/target/hdds-container-service-1.5.0-SNAPSHOT.jar:/home/runner/work/ozone/ozone/hadoop-hdds/hadoop-dependency-server/target/hdds-hadoop-dependency-server-1.5.0-SNAPSHOT.jar:/home/runner/.m2/repository/com/nimbusds/nimbus-jose-jwt/9.40/nimbus-jose-jwt-9.40.jar:/home/runner/.m2/repository/org/apache/hadoop/hadoop-hdfs/3.3.6/hadoop-hdfs-3.3.6.jar:/home/runner/.m2/repository/commons-daemon/commons-daemon/1.4.0/commons-daemon-1.4.0.jar:/home/runner/.m2/repository/org/apache/kerby/kerb-core/1.0.1/kerb-core-1.0.1.jar:/home/runner/.m2/repository/org/apache/kerby/kerby-pkix/1.0.1/kerby-pkix-1.0.1.jar:/home/runner/.m2/repository/org/apache/kerby/kerby-asn1/1.0.1/kerby-asn1-1.0.1.jar:/home/runner/.m2/repository/org/apache/kerby/kerby-util/1.0.1/kerby-util-1.0.1.jar:/home/runner/.m2/repository/org/apache/kerby/kerb-util/1.0.1/kerb-util-1.0.1.jar:/home/runner/.m2/repository/org/apache/kerby/kerby-config/1.0.1/kerby-config-1.0.1.jar:/home/runner/.m2/repository/org/apache/kerby/kerb-crypto/1.0.1/kerb-crypto-1.0.1.jar:/home/runner/.m2/repository/org/xerial/snappy/snappy-java/1.1.10.5/snappy-java-1.1.10.5.jar:/home/runner/work/ozone/ozone/hadoop-hdds/framework/target/hdds-server-framework-1.5.0-SNAPSHOT.jar:/home/runner/.m2/repository/org/bouncycastle/bcprov-jdk18on/1.78.1/bcprov-jdk18on-1.78.1.jar:/home/runner/.m2/repository/io/dropwizard/metrics/metrics-core/3.2.6/metrics-core-3.2.6.jar:/home/runner/.m2/repository/org/apache/commons/commons-text/1.12.0/commons-text-1.12.0.jar:/home/runner/work/ozone/ozone/hadoop-hdds/framework/target/hdds-server-framework-1.5.0-SNAPSHOT-tests.jar:/home/runner/work/ozone/ozone/hadoop-hdds/interface-server/target/hdds-interface-server-1.5.0-SNAPSHOT.jar:/home/runner/work/ozone/ozone/hadoop-hdds/interface-admin/target/hdds-interface-admin-1.5.0-SNAPSHOT.jar:/home/runner/work/ozone/ozone/hadoop-hdds/managed-rocksdb/target/hdds-managed-rocksdb-1.5.0-SNAPSHOT.jar:/home/runner/.m2/repository/org/rocksdb/rocksdbjni/7.7.3/rocksdbjni-7.7.3.jar:/home/runner/.m2/repository/org/slf4j/slf4j-reload4j/2.0.13/slf4j-reload4j-2.0.13.jar:/home/runner/.m2/repository/org/apache/commons/commons-configuration2/2.10.1/commons-configuration2-2.10.1.jar:/home/runner/.m2/repository/commons-fileupload/commons-fileupload/1.5/commons-fileupload-1.5.jar:/home/runner/.m2/repository/org/apache/logging/log4j/log4j-core/2.23.1/log4j-core-2.23.1.jar:/home/runner/.m2/repository/com/lmax/disruptor/3.4.4/disruptor-3.4.4.jar:/home/runner/.m2/repository/org/eclipse/jetty/jetty-util/9.4.55.v20240627/jetty-util-9.4.55.v20240627.jar:/home/runner/.m2/repository/org/eclipse/jetty/jetty-server/9.4.55.v20240627/jetty-server-9.4.55.v20240627.jar:/home/runner/.m2/repository/org/eclipse/jetty/jetty-http/9.4.55.v20240627/jetty-http-9.4.55.v20240627.jar:/home/runner/.m2/repository/org/eclipse/jetty/jetty-io/9.4.55.v20240627/jetty-io-9.4.55.v20240627.jar:/home/runner/.m2/repository/org/eclipse/jetty/jetty-servlet/9.4.55.v20240627/jetty-servlet-9.4.55.v20240627.jar:/home/runner/.m2/repository/org/eclipse/jetty/jetty-security/9.4.55.v20240627/jetty-security-9.4.55.v20240627.jar:/home/runner/.m2/repository/org/eclipse/jetty/jetty-util-ajax/9.4.55.v20240627/jetty-util-ajax-9.4.55.v20240627.jar:/home/runner/.m2/repository/org/eclipse/jetty/jetty-webapp/9.4.55.v20240627/jetty-webapp-9.4.55.v20240627.jar:/home/runner/.m2/repository/org/eclipse/jetty/jetty-xml/9.4.55.v20240627/jetty-xml-9.4.55.v20240627.jar:/home/runner/.m2/repository/org/glassfish/jersey/containers/jersey-container-servlet-core/2.43/jersey-container-servlet-core-2.43.jar:/home/runner/.m2/repository/org/glassfish/hk2/external/jakarta.inject/2.6.1/jakarta.inject-2.6.1.jar:/home/runner/.m2/repository/org/glassfish/jersey/core/jersey-common/2.43/jersey-common-2.43.jar:/home/runner/.m2/repository/jakarta/ws/rs/jakarta.ws.rs-api/2.1.6/jakarta.ws.rs-api-2.1.6.jar:/home/runner/.m2/repository/org/apache/ratis/ratis-server/3.1.0/ratis-server-3.1.0.jar:/home/runner/.m2/repository/org/apache/ratis/ratis-thirdparty-misc/1.0.6/ratis-thirdparty-misc-1.0.6.jar:/home/runner/.m2/repository/org/apache/ratis/ratis-proto/3.1.0/ratis-proto-3.1.0.jar:/home/runner/.m2/repository/org/apache/ratis/ratis-common/3.1.0/ratis-common-3.1.0.jar:/home/runner/.m2/repository/org/apache/ratis/ratis-client/3.1.0/ratis-client-3.1.0.jar:/home/runner/.m2/repository/org/apache/ratis/ratis-metrics-api/3.1.0/ratis-metrics-api-3.1.0.jar:/home/runner/.m2/repository/org/apache/ratis/ratis-metrics-dropwizard3/3.1.0/ratis-metrics-dropwizard3-3.1.0.jar:/home/runner/.m2/repository/io/prometheus/simpleclient_dropwizard/0.16.0/simpleclient_dropwizard-0.16.0.jar:/home/runner/.m2/repository/io/prometheus/simpleclient/0.16.0/simpleclient-0.16.0.jar:/home/runner/.m2/repository/io/prometheus/simpleclient_common/0.16.0/simpleclient_common-0.16.0.jar:/home/runner/.m2/repository/com/fasterxml/jackson/datatype/jackson-datatype-jsr310/2.16.2/jackson-datatype-jsr310-2.16.2.jar:/home/runner/.m2/repository/com/fasterxml/jackson/core/jackson-core/2.16.2/jackson-core-2.16.2.jar:/home/runner/.m2/repository/com/github/jnr/jnr-posix/3.1.19/jnr-posix-3.1.19.jar:/home/runner/.m2/repository/com/github/jnr/jnr-ffi/2.2.16/jnr-ffi-2.2.16.jar:/home/runner/.m2/repository/com/github/jnr/jffi/1.3.13/jffi-1.3.13.jar:/home/runner/.m2/repository/com/github/jnr/jffi/1.3.13/jffi-1.3.13-native.jar:/home/runner/.m2/repository/org/ow2/asm/asm/9.2/asm-9.2.jar:/home/runner/.m2/repository/org/ow2/asm/asm-commons/9.2/asm-commons-9.2.jar:/home/runner/.m2/repository/org/ow2/asm/asm-analysis/9.2/asm-analysis-9.2.jar:/home/runner/.m2/repository/org/ow2/asm/asm-tree/9.2/asm-tree-9.2.jar:/home/runner/.m2/repository/org/ow2/asm/asm-util/9.2/asm-util-9.2.jar:/home/runner/.m2/repository/com/github/jnr/jnr-a64asm/1.0.0/jnr-a64asm-1.0.0.jar:/home/runner/.m2/repository/com/github/jnr/jnr-x86asm/1.0.2/jnr-x86asm-1.0.2.jar:/home/runner/.m2/repository/com/github/jnr/jnr-constants/0.10.4/jnr-constants-0.10.4.jar:/home/runner/work/ozone/ozone/hadoop-hdds/rocksdb-checkpoint-differ/target/rocksdb-checkpoint-differ-1.5.0-SNAPSHOT.jar:/home/runner/.m2/repository/org/jgrapht/jgrapht-core/1.4.0/jgrapht-core-1.4.0.jar:/home/runner/.m2/repository/org/jheaps/jheaps/0.11/jheaps-0.11.jar:/home/runner/.m2/repository/org/jgrapht/jgrapht-ext/1.4.0/jgrapht-ext-1.4.0.jar:/home/runner/.m2/repository/com/github/vlsi/mxgraph/jgraphx/3.9.8.1/jgraphx-3.9.8.1.jar:/home/runner/work/ozone/ozone/hadoop-ozone/ozone-manager/target/ozone-manager-1.5.0-SNAPSHOT.jar:/home/runner/.m2/repository/org/aspectj/aspectjrt/1.9.7/aspectjrt-1.9.7.jar:/home/runner/.m2/repository/org/aspectj/aspectjweaver/1.9.7/aspectjweaver-1.9.7.jar:/home/runner/work/ozone/ozone/hadoop-hdds/interface-client/target/hdds-interface-client-1.5.0-SNAPSHOT.jar:/home/runner/.m2/repository/org/apache/hadoop/thirdparty/hadoop-shaded-protobuf_3_7/1.1.1/hadoop-shaded-protobuf_3_7-1.1.1.jar:/home/runner/work/ozone/ozone/hadoop-ozone/interface-storage/target/ozone-interface-storage-1.5.0-SNAPSHOT.jar:/home/runner/.m2/repository/org/reflections/reflections/0.10.2/reflections-0.10.2.jar:/home/runner/.m2/repository/com/sun/jersey/jersey-client/1.19.4/jersey-client-1.19.4.jar:/home/runner/.m2/repository/org/codehaus/jackson/jackson-core-asl/1.9.13/jackson-core-asl-1.9.13.jar:/home/runner/.m2/repository/org/codehaus/jackson/jackson-mapper-asl/1.9.13/jackson-mapper-asl-1.9.13.jar:/home/runner/.m2/repository/org/codehaus/jackson/jackson-jaxrs/1.9.13/jackson-jaxrs-1.9.13.jar:/home/runner/.m2/repository/org/apache/ranger/ranger-intg/2.3.0/ranger-intg-2.3.0.jar:/home/runner/.m2/repository/org/apache/ranger/ranger-plugins-common/2.3.0/ranger-plugins-common-2.3.0.jar:/home/runner/.m2/repository/commons-lang/commons-lang/2.6/commons-lang-2.6.jar:/home/runner/.m2/repository/org/apache/ranger/ranger-plugins-cred/2.3.0/ranger-plugins-cred-2.3.0.jar:/home/runner/.m2/repository/org/apache/ranger/ranger-plugins-audit/2.3.0/ranger-plugins-audit-2.3.0.jar:/home/runner/.m2/repository/org/eclipse/jetty/jetty-client/9.4.55.v20240627/jetty-client-9.4.55.v20240627.jar:/home/runner/.m2/repository/org/apache/httpcomponents/httpmime/4.5.6/httpmime-4.5.6.jar:/home/runner/.m2/repository/org/apache/httpcomponents/httpcore-nio/4.4.16/httpcore-nio-4.4.16.jar:/home/runner/.m2/repository/org/apache/httpcomponents/httpasyncclient/4.1.3/httpasyncclient-4.1.3.jar:/home/runner/.m2/repository/com/carrotsearch/hppc/0.8.0/hppc-0.8.0.jar:/home/runner/.m2/repository/org/apache/orc/orc-core/1.5.8/orc-core-1.5.8.jar:/home/runner/.m2/repository/net/java/dev/jna/jna/5.2.0/jna-5.2.0.jar:/home/runner/.m2/repository/net/java/dev/jna/jna-platform/5.2.0/jna-platform-5.2.0.jar:/home/runner/.m2/repository/com/kstruct/gethostname4j/0.0.2/gethostname4j-0.0.2.jar:/home/runner/.m2/repository/org/apache/ranger/ranger-plugin-classloader/2.3.0/ranger-plugin-classloader-2.3.0.jar:/home/runner/work/ozone/ozone/hadoop-hdds/rocks-native/target/hdds-rocks-native-1.5.0-SNAPSHOT.jar:/home/runner/.m2/repository/org/apache/hadoop/hadoop-minikdc/3.3.6/hadoop-minikdc-3.3.6.jar:/home/runner/.m2/repository/org/apache/kerby/kerb-simplekdc/1.0.1/kerb-simplekdc-1.0.1.jar:/home/runner/.m2/repository/org/apache/kerby/kerb-client/1.0.1/kerb-client-1.0.1.jar:/home/runner/.m2/repository/org/apache/kerby/kerb-common/1.0.1/kerb-common-1.0.1.jar:/home/runner/.m2/repository/org/apache/kerby/token-provider/1.0.1/token-provider-1.0.1.jar:/home/runner/.m2/repository/org/apache/kerby/kerb-admin/1.0.1/kerb-admin-1.0.1.jar:/home/runner/.m2/repository/org/apache/kerby/kerb-server/1.0.1/kerb-server-1.0.1.jar:/home/runner/.m2/repository/org/apache/kerby/kerb-identity/1.0.1/kerb-identity-1.0.1.jar:/home/runner/.m2/repository/org/apache/kerby/kerby-xdr/1.0.1/kerby-xdr-1.0.1.jar:/home/runner/.m2/repository/junit/junit/4.13.2/junit-4.13.2.jar:/home/runner/.m2/repository/org/hamcrest/hamcrest-core/1.3/hamcrest-core-1.3.jar:/home/runner/work/ozone/ozone/hadoop-ozone/s3gateway/target/ozone-s3gateway-1.5.0-SNAPSHOT.jar:/home/runner/.m2/repository/org/javassist/javassist/3.30.2-GA/javassist-3.30.2-GA.jar:/home/runner/.m2/repository/org/jboss/weld/servlet/weld-servlet-shaded/3.1.9.Final/weld-servlet-shaded-3.1.9.Final.jar:/home/runner/.m2/repository/org/glassfish/jersey/ext/cdi/jersey-cdi1x/2.43/jersey-cdi1x-2.43.jar:/home/runner/.m2/repository/org/glassfish/jersey/inject/jersey-hk2/2.43/jersey-hk2-2.43.jar:/home/runner/.m2/repository/org/glassfish/hk2/hk2-locator/2.6.1/hk2-locator-2.6.1.jar:/home/runner/.m2/repository/org/glassfish/jersey/media/jersey-media-jaxb/2.43/jersey-media-jaxb-2.43.jar:/home/runner/.m2/repository/org/glassfish/hk2/osgi-resource-locator/1.0.3/osgi-resource-locator-1.0.3.jar:/home/runner/.m2/repository/org/glassfish/hk2/hk2-api/2.6.1/hk2-api-2.6.1.jar:/home/runner/.m2/repository/org/glassfish/hk2/hk2-utils/2.6.1/hk2-utils-2.6.1.jar:/home/runner/.m2/repository/org/glassfish/hk2/external/aopalliance-repackaged/2.6.1/aopalliance-repackaged-2.6.1.jar:/home/runner/.m2/repository/com/fasterxml/jackson/dataformat/jackson-dataformat-xml/2.16.2/jackson-dataformat-xml-2.16.2.jar:/home/runner/.m2/repository/org/codehaus/woodstox/stax2-api/4.2.2/stax2-api-4.2.2.jar:/home/runner/.m2/repository/com/fasterxml/woodstox/woodstox-core/5.4.0/woodstox-core-5.4.0.jar:/home/runner/.m2/repository/com/fasterxml/jackson/module/jackson-module-jaxb-annotations/2.16.2/jackson-module-jaxb-annotations-2.16.2.jar:/home/runner/.m2/repository/javax/enterprise/cdi-api/2.0/cdi-api-2.0.jar:/home/runner/.m2/repository/javax/el/javax.el-api/3.0.0/javax.el-api-3.0.0.jar:/home/runner/.m2/repository/javax/interceptor/javax.interceptor-api/1.2/javax.interceptor-api-1.2.jar:/home/runner/.m2/repository/javax/inject/javax.inject/1/javax.inject-1.jar:/home/runner/.m2/repository/jakarta/xml/bind/jakarta.xml.bind-api/2.3.3/jakarta.xml.bind-api-2.3.3.jar:/home/runner/.m2/repository/org/glassfish/jaxb/jaxb-runtime/2.3.9/jaxb-runtime-2.3.9.jar:/home/runner/.m2/repository/org/glassfish/jaxb/txw2/2.3.9/txw2-2.3.9.jar:/home/runner/.m2/repository/com/sun/istack/istack-commons-runtime/3.0.12/istack-commons-runtime-3.0.12.jar:/home/runner/.m2/repository/com/sun/activation/jakarta.activation/1.2.2/jakarta.activation-1.2.2.jar:/home/runner/.m2/repository/jakarta/activation/jakarta.activation-api/1.2.2/jakarta.activation-api-1.2.2.jar:/home/runner/.m2/repository/io/grpc/grpc-protobuf/1.58.0/grpc-protobuf-1.58.0.jar:/home/runner/.m2/repository/com/google/api/grpc/proto-google-common-protos/2.22.0/proto-google-common-protos-2.22.0.jar:/home/runner/.m2/repository/io/grpc/grpc-protobuf-lite/1.58.0/grpc-protobuf-lite-1.58.0.jar:/home/runner/.m2/repository/io/grpc/grpc-stub/1.58.0/grpc-stub-1.58.0.jar:/home/runner/.m2/repository/io/netty/netty-transport/4.1.109.Final/netty-transport-4.1.109.Final.jar:/home/runner/.m2/repository/io/netty/netty-resolver/4.1.109.Final/netty-resolver-4.1.109.Final.jar:/home/runner/work/ozone/ozone/hadoop-ozone/csi/target/ozone-csi-1.5.0-SNAPSHOT.jar:/home/runner/.m2/repository/com/google/protobuf/protobuf-java-util/3.19.6/protobuf-java-util-3.19.6.jar:/home/runner/.m2/repository/com/google/code/gson/gson/2.10.1/gson-2.10.1.jar:/home/runner/work/ozone/ozone/hadoop-hdds/config/target/hdds-config-1.5.0-SNAPSHOT.jar:/home/runner/.m2/repository/io/netty/netty-transport-native-epoll/4.1.109.Final/netty-transport-native-epoll-4.1.109.Final-linux-x86_64.jar:/home/runner/.m2/repository/io/netty/netty-transport-classes-epoll/4.1.109.Final/netty-transport-classes-epoll-4.1.109.Final.jar:/home/runner/.m2/repository/io/netty/netty-transport-native-unix-common/4.1.109.Final/netty-transport-native-unix-common-4.1.109.Final.jar:/home/runner/work/ozone/ozone/hadoop-ozone/recon/target/ozone-recon-1.5.0-SNAPSHOT.jar:/home/runner/work/ozone/ozone/hadoop-ozone/recon-codegen/target/ozone-reconcodegen-1.5.0-SNAPSHOT.jar:/home/runner/.m2/repository/com/google/inject/guice/6.0.0/guice-6.0.0.jar:/home/runner/.m2/repository/jakarta/inject/jakarta.inject-api/2.0.1/jakarta.inject-api-2.0.1.jar:/home/runner/.m2/repository/aopalliance/aopalliance/1.0/aopalliance-1.0.jar:/home/runner/.m2/repository/com/google/inject/extensions/guice-assistedinject/6.0.0/guice-assistedinject-6.0.0.jar:/home/runner/.m2/repository/com/google/inject/extensions/guice-servlet/6.0.0/guice-servlet-6.0.0.jar:/home/runner/.m2/repository/org/glassfish/jersey/containers/jersey-container-servlet/2.43/jersey-container-servlet-2.43.jar:/home/runner/.m2/repository/org/glassfish/hk2/guice-bridge/2.6.1/guice-bridge-2.6.1.jar:/home/runner/.m2/repository/org/glassfish/jersey/core/jersey-server/2.43/jersey-server-2.43.jar:/home/runner/.m2/repository/org/glassfish/jersey/core/jersey-client/2.43/jersey-client-2.43.jar:/home/runner/.m2/repository/jakarta/validation/jakarta.validation-api/2.0.2/jakarta.validation-api-2.0.2.jar:/home/runner/.m2/repository/org/glassfish/jersey/media/jersey-media-json-jackson/2.43/jersey-media-json-jackson-2.43.jar:/home/runner/.m2/repository/org/glassfish/jersey/ext/jersey-entity-filtering/2.43/jersey-entity-filtering-2.43.jar:/home/runner/.m2/repository/org/jooq/jooq/3.11.10/jooq-3.11.10.jar:/home/runner/.m2/repository/org/jooq/jooq-meta/3.11.10/jooq-meta-3.11.10.jar:/home/runner/.m2/repository/org/jooq/jooq-codegen/3.11.10/jooq-codegen-3.11.10.jar:/home/runner/.m2/repository/com/jolbox/bonecp/0.8.0.RELEASE/bonecp-0.8.0.RELEASE.jar:/home/runner/.m2/repository/org/apache/derby/derby/10.14.2.0/derby-10.14.2.0.jar:/home/runner/.m2/repository/org/xerial/sqlite-jdbc/3.46.0.0/sqlite-jdbc-3.46.0.0.jar:/home/runner/.m2/repository/org/springframework/spring-jdbc/5.3.37/spring-jdbc-5.3.37.jar:/home/runner/.m2/repository/org/springframework/spring-beans/5.3.37/spring-beans-5.3.37.jar:/home/runner/.m2/repository/org/springframework/spring-core/5.3.37/spring-core-5.3.37.jar:/home/runner/.m2/repository/org/springframework/spring-tx/5.3.37/spring-tx-5.3.37.jar:/home/runner/work/ozone/ozone/hadoop-ozone/client/target/ozone-client-1.5.0-SNAPSHOT.jar:/home/runner/work/ozone/ozone/hadoop-hdds/erasurecode/target/hdds-erasurecode-1.5.0-SNAPSHOT.jar:/home/runner/work/ozone/ozone/hadoop-ozone/ozonefs/target/ozone-filesystem-1.5.0-SNAPSHOT.jar:/home/runner/work/ozone/ozone/hadoop-ozone/ozonefs-common/target/ozone-filesystem-common-1.5.0-SNAPSHOT.jar:/home/runner/work/ozone/ozone/hadoop-ozone/tools/target/ozone-tools-1.5.0-SNAPSHOT.jar:/home/runner/.m2/repository/com/amazonaws/aws-java-sdk-core/1.12.661/aws-java-sdk-core-1.12.661.jar:/home/runner/.m2/repository/org/apache/httpcomponents/httpclient/4.5.14/httpclient-4.5.14.jar:/home/runner/.m2/repository/org/apache/httpcomponents/httpcore/4.4.16/httpcore-4.4.16.jar:/home/runner/.m2/repository/com/fasterxml/jackson/dataformat/jackson-dataformat-cbor/2.16.2/jackson-dataformat-cbor-2.16.2.jar:/home/runner/.m2/repository/joda-time/joda-time/2.12.7/joda-time-2.12.7.jar:/home/runner/.m2/repository/com/amazonaws/aws-java-sdk-s3/1.12.661/aws-java-sdk-s3-1.12.661.jar:/home/runner/.m2/repository/com/amazonaws/aws-java-sdk-kms/1.12.661/aws-java-sdk-kms-1.12.661.jar:/home/runner/.m2/repository/com/amazonaws/jmespath-java/1.12.661/jmespath-java-1.12.661.jar:/home/runner/.m2/repository/org/kohsuke/metainf-services/metainf-services/1.11/metainf-services-1.11.jar:/home/runner/work/ozone/ozone/hadoop-hdds/tools/target/hdds-tools-1.5.0-SNAPSHOT.jar:/home/runner/.m2/repository/org/apache/ratis/ratis-tools/3.1.0/ratis-tools-3.1.0.jar:/home/runner/.m2/repository/commons-cli/commons-cli/1.8.0/commons-cli-1.8.0.jar:/home/runner/.m2/repository/org/apache/commons/commons-lang3/3.14.0/commons-lang3-3.14.0.jar:/home/runner/work/ozone/ozone/hadoop-ozone/ozone-manager/target/ozone-manager-1.5.0-SNAPSHOT-tests.jar:/home/runner/work/ozone/ozone/hadoop-hdds/common/target/hdds-common-1.5.0-SNAPSHOT-tests.jar:/home/runner/work/ozone/ozone/hadoop-hdds/hadoop-dependency-client/target/hdds-hadoop-dependency-client-1.5.0-SNAPSHOT.jar:/home/runner/.m2/repository/info/picocli/picocli/4.7.6/picocli-4.7.6.jar:/home/runner/.m2/repository/com/fasterxml/jackson/core/jackson-annotations/2.16.2/jackson-annotations-2.16.2.jar:/home/runner/work/ozone/ozone/hadoop-hdds/annotations/target/hdds-annotation-processing-1.5.0-SNAPSHOT.jar:/home/runner/.m2/repository/javax/annotation/javax.annotation-api/1.3.2/javax.annotation-api-1.3.2.jar:/home/runner/.m2/repository/org/apache/ratis/ratis-server-api/3.1.0/ratis-server-api-3.1.0.jar:/home/runner/.m2/repository/org/apache/ratis/ratis-netty/3.1.0/ratis-netty-3.1.0.jar:/home/runner/.m2/repository/org/apache/ratis/ratis-grpc/3.1.0/ratis-grpc-3.1.0.jar:/home/runner/.m2/repository/org/bouncycastle/bcpkix-jdk18on/1.78.1/bcpkix-jdk18on-1.78.1.jar:/home/runner/.m2/repository/org/bouncycastle/bcutil-jdk18on/1.78.1/bcutil-jdk18on-1.78.1.jar:/home/runner/.m2/repository/commons-validator/commons-validator/1.6/commons-validator-1.6.jar:/home/runner/.m2/repository/commons-beanutils/commons-beanutils/1.9.4/commons-beanutils-1.9.4.jar:/home/runner/.m2/repository/commons-digester/commons-digester/1.8.1/commons-digester-1.8.1.jar:/home/runner/.m2/repository/commons-collections/commons-collections/3.2.2/commons-collections-3.2.2.jar:/home/runner/.m2/repository/io/jaegertracing/jaeger-client/1.8.1/jaeger-client-1.8.1.jar:/home/runner/.m2/repository/io/jaegertracing/jaeger-thrift/1.8.1/jaeger-thrift-1.8.1.jar:/home/runner/.m2/repository/org/apache/thrift/libthrift/0.15.0/libthrift-0.15.0.jar:/home/runner/.m2/repository/io/jaegertracing/jaeger-core/1.8.1/jaeger-core-1.8.1.jar:/home/runner/.m2/repository/io/jaegertracing/jaeger-tracerresolver/1.8.1/jaeger-tracerresolver-1.8.1.jar:/home/runner/.m2/repository/io/opentracing/contrib/opentracing-tracerresolver/0.1.8/opentracing-tracerresolver-0.1.8.jar:/home/runner/.m2/repository/org/jetbrains/kotlin/kotlin-stdlib/1.9.24/kotlin-stdlib-1.9.24.jar:/home/runner/.m2/repository/org/jetbrains/annotations/13.0/annotations-13.0.jar:/home/runner/.m2/repository/io/opentracing/opentracing-util/0.33.0/opentracing-util-0.33.0.jar:/home/runner/.m2/repository/io/opentracing/opentracing-api/0.33.0/opentracing-api-0.33.0.jar:/home/runner/.m2/repository/io/opentracing/opentracing-noop/0.33.0/opentracing-noop-0.33.0.jar:/home/runner/.m2/repository/org/yaml/snakeyaml/2.0/snakeyaml-2.0.jar:/home/runner/.m2/repository/io/grpc/grpc-api/1.58.0/grpc-api-1.58.0.jar:/home/runner/.m2/repository/org/junit/platform/junit-platform-launcher/1.10.3/junit-platform-launcher-1.10.3.jar:/home/runner/.m2/repository/org/junit/platform/junit-platform-engine/1.10.3/junit-platform-engine-1.10.3.jar:/home/runner/.m2/repository/org/apiguardian/apiguardian-api/1.1.2/apiguardian-api-1.1.2.jar:/home/runner/.m2/repository/org/apache/hadoop/hadoop-kms/3.3.6/hadoop-kms-3.3.6.jar:/home/runner/.m2/repository/org/apache/hadoop/hadoop-auth/3.3.6/hadoop-auth-3.3.6.jar:/home/runner/.m2/repository/org/apache/zookeeper/zookeeper/3.8.4/zookeeper-3.8.4.jar:/home/runner/.m2/repository/org/apache/zookeeper/zookeeper-jute/3.8.4/zookeeper-jute-3.8.4.jar:/home/runner/.m2/repository/org/apache/yetus/audience-annotations/0.12.0/audience-annotations-0.12.0.jar:/home/runner/.m2/repository/org/apache/curator/curator-framework/4.2.0/curator-framework-4.2.0.jar:/home/runner/.m2/repository/org/apache/hadoop/thirdparty/hadoop-shaded-guava/1.2.0/hadoop-shaded-guava-1.2.0.jar:/home/runner/.m2/repository/com/sun/jersey/jersey-core/1.19.4/jersey-core-1.19.4.jar:/home/runner/.m2/repository/javax/ws/rs/jsr311-api/1.1.1/jsr311-api-1.1.1.jar:/home/runner/.m2/repository/com/sun/jersey/jersey-server/1.19.4/jersey-server-1.19.4.jar:/home/runner/.m2/repository/javax/servlet/javax.servlet-api/3.1.0/javax.servlet-api-3.1.0.jar:/home/runner/.m2/repository/org/apache/hadoop/hadoop-common/3.3.6/hadoop-common-3.3.6.jar:/home/runner/.m2/repository/org/apache/commons/commons-math3/3.6.1/commons-math3-3.6.1.jar:/home/runner/.m2/repository/commons-net/commons-net/3.11.1/commons-net-3.11.1.jar:/home/runner/.m2/repository/com/sun/jersey/jersey-servlet/1.19.4/jersey-servlet-1.19.4.jar:/home/runner/.m2/repository/com/github/pjfanning/jersey-json/1.20/jersey-json-1.20.jar:/home/runner/.m2/repository/org/codehaus/jettison/jettison/1.1/jettison-1.1.jar:/home/runner/.m2/repository/com/sun/xml/bind/jaxb-impl/2.2.3-1/jaxb-impl-2.2.3-1.jar:/home/runner/.m2/repository/com/google/re2j/re2j/1.7/re2j-1.7.jar:/home/runner/.m2/repository/com/jcraft/jsch/0.1.55/jsch-0.1.55.jar:/home/runner/.m2/repository/org/apache/curator/curator-client/4.2.0/curator-client-4.2.0.jar:/home/runner/.m2/repository/org/apache/curator/curator-recipes/5.2.0/curator-recipes-5.2.0.jar:/home/runner/.m2/repository/com/google/code/findbugs/jsr305/3.0.2/jsr305-3.0.2.jar:/home/runner/.m2/repository/dnsjava/dnsjava/2.1.9/dnsjava-2.1.9.jar:/home/runner/.m2/repository/com/fasterxml/jackson/core/jackson-databind/2.16.2/jackson-databind-2.16.2.jar:/home/runner/.m2/repository/org/apache/hadoop/hadoop-kms/3.3.6/hadoop-kms-3.3.6-tests.jar:/home/runner/work/ozone/ozone/hadoop-hdds/server-scm/target/hdds-server-scm-1.5.0-SNAPSHOT-tests.jar:/home/runner/work/ozone/ozone/hadoop-hdds/container-service/target/hdds-container-service-1.5.0-SNAPSHOT-tests.jar:/home/runner/.m2/repository/com/github/luben/zstd-jni/1.5.6-3/zstd-jni-1.5.6-3.jar:/home/runner/.m2/repository/commons-codec/commons-codec/1.17.0/commons-codec-1.17.0.jar:/home/runner/.m2/repository/io/netty/netty-codec/4.1.109.Final/netty-codec-4.1.109.Final.jar:/home/runner/.m2/repository/io/netty/netty-handler/4.1.109.Final/netty-handler-4.1.109.Final.jar:/home/runner/work/ozone/ozone/hadoop-hdds/hadoop-dependency-test/target/hdds-hadoop-dependency-test-1.5.0-SNAPSHOT.jar:/home/runner/.m2/repository/org/apache/hadoop/hadoop-common/3.3.6/hadoop-common-3.3.6-tests.jar:/home/runner/.m2/repository/org/apache/hadoop/hadoop-hdfs/3.3.6/hadoop-hdfs-3.3.6-tests.jar:/home/runner/.m2/repository/org/junit/jupiter/junit-jupiter-engine/5.10.3/junit-jupiter-engine-5.10.3.jar:/home/runner/.m2/repository/org/junit/jupiter/junit-jupiter-params/5.10.3/junit-jupiter-params-5.10.3.jar:/home/runner/.m2/repository/org/mockito/mockito-core/4.11.0/mockito-core-4.11.0.jar:/home/runner/.m2/repository/net/bytebuddy/byte-buddy-agent/1.12.19/byte-buddy-agent-1.12.19.jar:/home/runner/.m2/repository/org/objenesis/objenesis/3.3/objenesis-3.3.jar:/home/runner/.m2/repository/org/mockito/mockito-inline/4.11.0/mockito-inline-4.11.0.jar:/home/runner/.m2/repository/org/mockito/mockito-junit-jupiter/4.11.0/mockito-junit-jupiter-4.11.0.jar:/home/runner/.m2/repository/org/apache/hadoop/hadoop-distcp/3.3.6/hadoop-distcp-3.3.6.jar:/home/runner/.m2/repository/org/apache/hadoop/hadoop-mapreduce-client-jobclient/3.3.6/hadoop-mapreduce-client-jobclient-3.3.6.jar:/home/runner/.m2/repository/org/apache/hadoop/hadoop-mapreduce-client-common/3.3.6/hadoop-mapreduce-client-common-3.3.6.jar:/home/runner/.m2/repository/org/apache/hadoop/hadoop-yarn-common/3.3.6/hadoop-yarn-common-3.3.6.jar:/home/runner/.m2/repository/org/apache/hadoop/hadoop-yarn-api/3.3.6/hadoop-yarn-api-3.3.6.jar:/home/runner/.m2/repository/javax/xml/bind/jaxb-api/2.2.11/jaxb-api-2.2.11.jar:/home/runner/.m2/repository/com/sun/jersey/contribs/jersey-guice/1.19.4/jersey-guice-1.19.4.jar:/home/runner/.m2/repository/com/fasterxml/jackson/jaxrs/jackson-jaxrs-json-provider/2.16.2/jackson-jaxrs-json-provider-2.16.2.jar:/home/runner/.m2/repository/com/fasterxml/jackson/jaxrs/jackson-jaxrs-base/2.16.2/jackson-jaxrs-base-2.16.2.jar:/home/runner/.m2/repository/org/apache/hadoop/hadoop-yarn-client/3.3.6/hadoop-yarn-client-3.3.6.jar:/home/runner/.m2/repository/org/eclipse/jetty/websocket/websocket-client/9.4.51.v20230217/websocket-client-9.4.51.v20230217.jar:/home/runner/.m2/repository/org/eclipse/jetty/websocket/websocket-common/9.4.51.v20230217/websocket-common-9.4.51.v20230217.jar:/home/runner/.m2/repository/org/eclipse/jetty/websocket/websocket-api/9.4.51.v20230217/websocket-api-9.4.51.v20230217.jar:/home/runner/.m2/repository/org/jline/jline/3.9.0/jline-3.9.0.jar:/home/runner/.m2/repository/org/apache/hadoop/hadoop-mapreduce-client-core/3.3.6/hadoop-mapreduce-client-core-3.3.6.jar:/home/runner/.m2/repository/org/apache/avro/avro/1.7.7/avro-1.7.7.jar:/home/runner/.m2/repository/com/thoughtworks/paranamer/paranamer/2.3/paranamer-2.3.jar:/home/runner/.m2/repository/org/apache/hadoop/hadoop-annotations/3.3.6/hadoop-annotations-3.3.6.jar:/home/runner/.m2/repository/io/netty/netty/3.10.6.Final/netty-3.10.6.Final.jar:/home/runner/.m2/repository/org/apache/hadoop/hadoop-distcp/3.3.6/hadoop-distcp-3.3.6-tests.jar:/home/runner/.m2/repository/org/hamcrest/hamcrest/2.2/hamcrest-2.2.jar:/home/runner/.m2/repository/org/slf4j/jul-to-slf4j/2.0.13/jul-to-slf4j-2.0.13.jar:/home/runner/work/ozone/ozone/hadoop-ozone/integration-test/target/gradle-enterprise/test-listeners.jar:"/>
    <property name="java.vm.vendor" value="Eclipse Adoptium"/>
    <property name="sun.arch.data.model" value="64"/>
    <property name="test.build.dir" value="/home/runner/work/ozone/ozone/hadoop-ozone/integration-test/target/test-dir"/>
    <property name="test.cache.data" value=""/>
    <property name="java.vendor.url" value="https://adoptium.net/"/>
    <property name="user.timezone" value="Etc/UTC"/>
    <property name="maven-surefire-plugin.argLineAccessArgs" value=" --add-opens java.management/com.sun.jmx.mbeanserver=ALL-UNNAMED --add-exports java.management/com.sun.jmx.mbeanserver=ALL-UNNAMED --add-opens java.base/java.nio=ALL-UNNAMED --add-opens java.base/java.lang=ALL-UNNAMED --add-opens java.base/java.lang.reflect=ALL-UNNAMED"/>
    <property name="os.name" value="Linux"/>
    <property name="java.vm.specification.version" value="17"/>
    <property name="test.build.data" value="/home/runner/work/ozone/ozone/hadoop-ozone/integration-test/target/test-dir"/>
    <property name="sun.java.launcher" value="SUN_STANDARD"/>
    <property name="sun.boot.library.path" value="/usr/lib/jvm/temurin-17-jdk-amd64/lib"/>
    <property name="sun.java.command" value="/home/runner/work/ozone/ozone/hadoop-ozone/integration-test/target/surefire/surefirebooter18019417774753957046.jar /home/runner/work/ozone/ozone/hadoop-ozone/integration-test/target/surefire 2024-07-22T08-57-22_114-jvmRun1 surefire9803193823023225887tmp surefire_17914305788791867341940tmp"/>
    <property name="jdk.debug" value="release"/>
    <property name="native.lib.tmp.dir" value="/tmp"/>
    <property name="surefire.test.class.path" value="/home/runner/work/ozone/ozone/hadoop-ozone/integration-test/target/test-classes:/home/runner/work/ozone/ozone/hadoop-ozone/integration-test/target/classes:/home/runner/work/ozone/ozone/hadoop-ozone/common/target/ozone-common-1.5.0-SNAPSHOT.jar:/home/runner/.m2/repository/io/grpc/grpc-netty/1.58.0/grpc-netty-1.58.0.jar:/home/runner/.m2/repository/io/grpc/grpc-core/1.58.0/grpc-core-1.58.0.jar:/home/runner/.m2/repository/com/google/android/annotations/4.1.1.4/annotations-4.1.1.4.jar:/home/runner/.m2/repository/org/codehaus/mojo/animal-sniffer-annotations/1.23/animal-sniffer-annotations-1.23.jar:/home/runner/.m2/repository/io/grpc/grpc-context/1.58.0/grpc-context-1.58.0.jar:/home/runner/.m2/repository/io/grpc/grpc-util/1.58.0/grpc-util-1.58.0.jar:/home/runner/.m2/repository/com/google/errorprone/error_prone_annotations/2.28.0/error_prone_annotations-2.28.0.jar:/home/runner/.m2/repository/io/perfmark/perfmark-api/0.26.0/perfmark-api-0.26.0.jar:/home/runner/.m2/repository/io/netty/netty-codec-http2/4.1.109.Final/netty-codec-http2-4.1.109.Final.jar:/home/runner/.m2/repository/io/netty/netty-common/4.1.109.Final/netty-common-4.1.109.Final.jar:/home/runner/.m2/repository/io/netty/netty-buffer/4.1.109.Final/netty-buffer-4.1.109.Final.jar:/home/runner/.m2/repository/io/netty/netty-codec-http/4.1.109.Final/netty-codec-http-4.1.109.Final.jar:/home/runner/.m2/repository/io/netty/netty-handler-proxy/4.1.109.Final/netty-handler-proxy-4.1.109.Final.jar:/home/runner/.m2/repository/io/netty/netty-codec-socks/4.1.109.Final/netty-codec-socks-4.1.109.Final.jar:/home/runner/.m2/repository/io/netty/netty-tcnative-boringssl-static/2.0.65.Final/netty-tcnative-boringssl-static-2.0.65.Final.jar:/home/runner/.m2/repository/io/netty/netty-tcnative-classes/2.0.65.Final/netty-tcnative-classes-2.0.65.Final.jar:/home/runner/.m2/repository/io/netty/netty-tcnative-boringssl-static/2.0.65.Final/netty-tcnative-boringssl-static-2.0.65.Final-linux-x86_64.jar:/home/runner/.m2/repository/io/netty/netty-tcnative-boringssl-static/2.0.65.Final/netty-tcnative-boringssl-static-2.0.65.Final-linux-aarch_64.jar:/home/runner/.m2/repository/io/netty/netty-tcnative-boringssl-static/2.0.65.Final/netty-tcnative-boringssl-static-2.0.65.Final-osx-x86_64.jar:/home/runner/.m2/repository/io/netty/netty-tcnative-boringssl-static/2.0.65.Final/netty-tcnative-boringssl-static-2.0.65.Final-osx-aarch_64.jar:/home/runner/.m2/repository/io/netty/netty-tcnative-boringssl-static/2.0.65.Final/netty-tcnative-boringssl-static-2.0.65.Final-windows-x86_64.jar:/home/runner/.m2/repository/org/apache/commons/commons-compress/1.26.0/commons-compress-1.26.0.jar:/home/runner/work/ozone/ozone/hadoop-hdds/common/target/hdds-common-1.5.0-SNAPSHOT.jar:/home/runner/work/ozone/ozone/hadoop-hdds/client/target/hdds-client-1.5.0-SNAPSHOT.jar:/home/runner/work/ozone/ozone/hadoop-ozone/interface-client/target/ozone-interface-client-1.5.0-SNAPSHOT.jar:/home/runner/.m2/repository/org/apache/hadoop/hadoop-hdfs-client/3.3.6/hadoop-hdfs-client-3.3.6.jar:/home/runner/.m2/repository/com/squareup/okhttp3/okhttp/4.12.0/okhttp-4.12.0.jar:/home/runner/.m2/repository/com/squareup/okio/okio/3.6.0/okio-3.6.0.jar:/home/runner/.m2/repository/com/squareup/okio/okio-jvm/3.6.0/okio-jvm-3.6.0.jar:/home/runner/.m2/repository/org/jetbrains/kotlin/kotlin-stdlib-jdk8/1.9.24/kotlin-stdlib-jdk8-1.9.24.jar:/home/runner/.m2/repository/org/jetbrains/kotlin/kotlin-stdlib-jdk7/1.9.24/kotlin-stdlib-jdk7-1.9.24.jar:/home/runner/.m2/repository/org/jetbrains/kotlin/kotlin-stdlib-common/1.9.24/kotlin-stdlib-common-1.9.24.jar:/home/runner/.m2/repository/com/github/stephenc/jcip/jcip-annotations/1.0-1/jcip-annotations-1.0-1.jar:/home/runner/work/ozone/ozone/hadoop-hdds/test-utils/target/hdds-test-utils-1.5.0-SNAPSHOT.jar:/home/runner/.m2/repository/org/assertj/assertj-core/3.26.3/assertj-core-3.26.3.jar:/home/runner/.m2/repository/net/bytebuddy/byte-buddy/1.14.18/byte-buddy-1.14.18.jar:/home/runner/.m2/repository/com/google/guava/guava/32.1.3-jre/guava-32.1.3-jre.jar:/home/runner/.m2/repository/com/google/guava/failureaccess/1.0.1/failureaccess-1.0.1.jar:/home/runner/.m2/repository/com/google/guava/listenablefuture/9999.0-empty-to-avoid-conflict-with-guava/listenablefuture-9999.0-empty-to-avoid-conflict-with-guava.jar:/home/runner/.m2/repository/org/checkerframework/checker-qual/3.37.0/checker-qual-3.37.0.jar:/home/runner/.m2/repository/com/google/j2objc/j2objc-annotations/2.8/j2objc-annotations-2.8.jar:/home/runner/.m2/repository/commons-io/commons-io/2.16.1/commons-io-2.16.1.jar:/home/runner/.m2/repository/commons-logging/commons-logging/1.2/commons-logging-1.2.jar:/home/runner/.m2/repository/org/junit/jupiter/junit-jupiter-api/5.10.3/junit-jupiter-api-5.10.3.jar:/home/runner/.m2/repository/org/opentest4j/opentest4j/1.3.0/opentest4j-1.3.0.jar:/home/runner/.m2/repository/org/junit/platform/junit-platform-commons/1.10.3/junit-platform-commons-1.10.3.jar:/home/runner/.m2/repository/ch/qos/reload4j/reload4j/1.2.25/reload4j-1.2.25.jar:/home/runner/.m2/repository/jakarta/annotation/jakarta.annotation-api/2.1.1/jakarta.annotation-api-2.1.1.jar:/home/runner/.m2/repository/org/slf4j/slf4j-api/2.0.13/slf4j-api-2.0.13.jar:/home/runner/.m2/repository/org/apache/logging/log4j/log4j-api/2.23.1/log4j-api-2.23.1.jar:/home/runner/work/ozone/ozone/hadoop-hdds/server-scm/target/hdds-server-scm-1.5.0-SNAPSHOT.jar:/home/runner/.m2/repository/com/google/protobuf/protobuf-java/2.5.0/protobuf-java-2.5.0.jar:/home/runner/work/ozone/ozone/hadoop-hdds/container-service/target/hdds-container-service-1.5.0-SNAPSHOT.jar:/home/runner/work/ozone/ozone/hadoop-hdds/hadoop-dependency-server/target/hdds-hadoop-dependency-server-1.5.0-SNAPSHOT.jar:/home/runner/.m2/repository/com/nimbusds/nimbus-jose-jwt/9.40/nimbus-jose-jwt-9.40.jar:/home/runner/.m2/repository/org/apache/hadoop/hadoop-hdfs/3.3.6/hadoop-hdfs-3.3.6.jar:/home/runner/.m2/repository/commons-daemon/commons-daemon/1.4.0/commons-daemon-1.4.0.jar:/home/runner/.m2/repository/org/apache/kerby/kerb-core/1.0.1/kerb-core-1.0.1.jar:/home/runner/.m2/repository/org/apache/kerby/kerby-pkix/1.0.1/kerby-pkix-1.0.1.jar:/home/runner/.m2/repository/org/apache/kerby/kerby-asn1/1.0.1/kerby-asn1-1.0.1.jar:/home/runner/.m2/repository/org/apache/kerby/kerby-util/1.0.1/kerby-util-1.0.1.jar:/home/runner/.m2/repository/org/apache/kerby/kerb-util/1.0.1/kerb-util-1.0.1.jar:/home/runner/.m2/repository/org/apache/kerby/kerby-config/1.0.1/kerby-config-1.0.1.jar:/home/runner/.m2/repository/org/apache/kerby/kerb-crypto/1.0.1/kerb-crypto-1.0.1.jar:/home/runner/.m2/repository/org/xerial/snappy/snappy-java/1.1.10.5/snappy-java-1.1.10.5.jar:/home/runner/work/ozone/ozone/hadoop-hdds/framework/target/hdds-server-framework-1.5.0-SNAPSHOT.jar:/home/runner/.m2/repository/org/bouncycastle/bcprov-jdk18on/1.78.1/bcprov-jdk18on-1.78.1.jar:/home/runner/.m2/repository/io/dropwizard/metrics/metrics-core/3.2.6/metrics-core-3.2.6.jar:/home/runner/.m2/repository/org/apache/commons/commons-text/1.12.0/commons-text-1.12.0.jar:/home/runner/work/ozone/ozone/hadoop-hdds/framework/target/hdds-server-framework-1.5.0-SNAPSHOT-tests.jar:/home/runner/work/ozone/ozone/hadoop-hdds/interface-server/target/hdds-interface-server-1.5.0-SNAPSHOT.jar:/home/runner/work/ozone/ozone/hadoop-hdds/interface-admin/target/hdds-interface-admin-1.5.0-SNAPSHOT.jar:/home/runner/work/ozone/ozone/hadoop-hdds/managed-rocksdb/target/hdds-managed-rocksdb-1.5.0-SNAPSHOT.jar:/home/runner/.m2/repository/org/rocksdb/rocksdbjni/7.7.3/rocksdbjni-7.7.3.jar:/home/runner/.m2/repository/org/slf4j/slf4j-reload4j/2.0.13/slf4j-reload4j-2.0.13.jar:/home/runner/.m2/repository/org/apache/commons/commons-configuration2/2.10.1/commons-configuration2-2.10.1.jar:/home/runner/.m2/repository/commons-fileupload/commons-fileupload/1.5/commons-fileupload-1.5.jar:/home/runner/.m2/repository/org/apache/logging/log4j/log4j-core/2.23.1/log4j-core-2.23.1.jar:/home/runner/.m2/repository/com/lmax/disruptor/3.4.4/disruptor-3.4.4.jar:/home/runner/.m2/repository/org/eclipse/jetty/jetty-util/9.4.55.v20240627/jetty-util-9.4.55.v20240627.jar:/home/runner/.m2/repository/org/eclipse/jetty/jetty-server/9.4.55.v20240627/jetty-server-9.4.55.v20240627.jar:/home/runner/.m2/repository/org/eclipse/jetty/jetty-http/9.4.55.v20240627/jetty-http-9.4.55.v20240627.jar:/home/runner/.m2/repository/org/eclipse/jetty/jetty-io/9.4.55.v20240627/jetty-io-9.4.55.v20240627.jar:/home/runner/.m2/repository/org/eclipse/jetty/jetty-servlet/9.4.55.v20240627/jetty-servlet-9.4.55.v20240627.jar:/home/runner/.m2/repository/org/eclipse/jetty/jetty-security/9.4.55.v20240627/jetty-security-9.4.55.v20240627.jar:/home/runner/.m2/repository/org/eclipse/jetty/jetty-util-ajax/9.4.55.v20240627/jetty-util-ajax-9.4.55.v20240627.jar:/home/runner/.m2/repository/org/eclipse/jetty/jetty-webapp/9.4.55.v20240627/jetty-webapp-9.4.55.v20240627.jar:/home/runner/.m2/repository/org/eclipse/jetty/jetty-xml/9.4.55.v20240627/jetty-xml-9.4.55.v20240627.jar:/home/runner/.m2/repository/org/glassfish/jersey/containers/jersey-container-servlet-core/2.43/jersey-container-servlet-core-2.43.jar:/home/runner/.m2/repository/org/glassfish/hk2/external/jakarta.inject/2.6.1/jakarta.inject-2.6.1.jar:/home/runner/.m2/repository/org/glassfish/jersey/core/jersey-common/2.43/jersey-common-2.43.jar:/home/runner/.m2/repository/jakarta/ws/rs/jakarta.ws.rs-api/2.1.6/jakarta.ws.rs-api-2.1.6.jar:/home/runner/.m2/repository/org/apache/ratis/ratis-server/3.1.0/ratis-server-3.1.0.jar:/home/runner/.m2/repository/org/apache/ratis/ratis-thirdparty-misc/1.0.6/ratis-thirdparty-misc-1.0.6.jar:/home/runner/.m2/repository/org/apache/ratis/ratis-proto/3.1.0/ratis-proto-3.1.0.jar:/home/runner/.m2/repository/org/apache/ratis/ratis-common/3.1.0/ratis-common-3.1.0.jar:/home/runner/.m2/repository/org/apache/ratis/ratis-client/3.1.0/ratis-client-3.1.0.jar:/home/runner/.m2/repository/org/apache/ratis/ratis-metrics-api/3.1.0/ratis-metrics-api-3.1.0.jar:/home/runner/.m2/repository/org/apache/ratis/ratis-metrics-dropwizard3/3.1.0/ratis-metrics-dropwizard3-3.1.0.jar:/home/runner/.m2/repository/io/prometheus/simpleclient_dropwizard/0.16.0/simpleclient_dropwizard-0.16.0.jar:/home/runner/.m2/repository/io/prometheus/simpleclient/0.16.0/simpleclient-0.16.0.jar:/home/runner/.m2/repository/io/prometheus/simpleclient_common/0.16.0/simpleclient_common-0.16.0.jar:/home/runner/.m2/repository/com/fasterxml/jackson/datatype/jackson-datatype-jsr310/2.16.2/jackson-datatype-jsr310-2.16.2.jar:/home/runner/.m2/repository/com/fasterxml/jackson/core/jackson-core/2.16.2/jackson-core-2.16.2.jar:/home/runner/.m2/repository/com/github/jnr/jnr-posix/3.1.19/jnr-posix-3.1.19.jar:/home/runner/.m2/repository/com/github/jnr/jnr-ffi/2.2.16/jnr-ffi-2.2.16.jar:/home/runner/.m2/repository/com/github/jnr/jffi/1.3.13/jffi-1.3.13.jar:/home/runner/.m2/repository/com/github/jnr/jffi/1.3.13/jffi-1.3.13-native.jar:/home/runner/.m2/repository/org/ow2/asm/asm/9.2/asm-9.2.jar:/home/runner/.m2/repository/org/ow2/asm/asm-commons/9.2/asm-commons-9.2.jar:/home/runner/.m2/repository/org/ow2/asm/asm-analysis/9.2/asm-analysis-9.2.jar:/home/runner/.m2/repository/org/ow2/asm/asm-tree/9.2/asm-tree-9.2.jar:/home/runner/.m2/repository/org/ow2/asm/asm-util/9.2/asm-util-9.2.jar:/home/runner/.m2/repository/com/github/jnr/jnr-a64asm/1.0.0/jnr-a64asm-1.0.0.jar:/home/runner/.m2/repository/com/github/jnr/jnr-x86asm/1.0.2/jnr-x86asm-1.0.2.jar:/home/runner/.m2/repository/com/github/jnr/jnr-constants/0.10.4/jnr-constants-0.10.4.jar:/home/runner/work/ozone/ozone/hadoop-hdds/rocksdb-checkpoint-differ/target/rocksdb-checkpoint-differ-1.5.0-SNAPSHOT.jar:/home/runner/.m2/repository/org/jgrapht/jgrapht-core/1.4.0/jgrapht-core-1.4.0.jar:/home/runner/.m2/repository/org/jheaps/jheaps/0.11/jheaps-0.11.jar:/home/runner/.m2/repository/org/jgrapht/jgrapht-ext/1.4.0/jgrapht-ext-1.4.0.jar:/home/runner/.m2/repository/com/github/vlsi/mxgraph/jgraphx/3.9.8.1/jgraphx-3.9.8.1.jar:/home/runner/work/ozone/ozone/hadoop-ozone/ozone-manager/target/ozone-manager-1.5.0-SNAPSHOT.jar:/home/runner/.m2/repository/org/aspectj/aspectjrt/1.9.7/aspectjrt-1.9.7.jar:/home/runner/.m2/repository/org/aspectj/aspectjweaver/1.9.7/aspectjweaver-1.9.7.jar:/home/runner/work/ozone/ozone/hadoop-hdds/interface-client/target/hdds-interface-client-1.5.0-SNAPSHOT.jar:/home/runner/.m2/repository/org/apache/hadoop/thirdparty/hadoop-shaded-protobuf_3_7/1.1.1/hadoop-shaded-protobuf_3_7-1.1.1.jar:/home/runner/work/ozone/ozone/hadoop-ozone/interface-storage/target/ozone-interface-storage-1.5.0-SNAPSHOT.jar:/home/runner/.m2/repository/org/reflections/reflections/0.10.2/reflections-0.10.2.jar:/home/runner/.m2/repository/com/sun/jersey/jersey-client/1.19.4/jersey-client-1.19.4.jar:/home/runner/.m2/repository/org/codehaus/jackson/jackson-core-asl/1.9.13/jackson-core-asl-1.9.13.jar:/home/runner/.m2/repository/org/codehaus/jackson/jackson-mapper-asl/1.9.13/jackson-mapper-asl-1.9.13.jar:/home/runner/.m2/repository/org/codehaus/jackson/jackson-jaxrs/1.9.13/jackson-jaxrs-1.9.13.jar:/home/runner/.m2/repository/org/apache/ranger/ranger-intg/2.3.0/ranger-intg-2.3.0.jar:/home/runner/.m2/repository/org/apache/ranger/ranger-plugins-common/2.3.0/ranger-plugins-common-2.3.0.jar:/home/runner/.m2/repository/commons-lang/commons-lang/2.6/commons-lang-2.6.jar:/home/runner/.m2/repository/org/apache/ranger/ranger-plugins-cred/2.3.0/ranger-plugins-cred-2.3.0.jar:/home/runner/.m2/repository/org/apache/ranger/ranger-plugins-audit/2.3.0/ranger-plugins-audit-2.3.0.jar:/home/runner/.m2/repository/org/eclipse/jetty/jetty-client/9.4.55.v20240627/jetty-client-9.4.55.v20240627.jar:/home/runner/.m2/repository/org/apache/httpcomponents/httpmime/4.5.6/httpmime-4.5.6.jar:/home/runner/.m2/repository/org/apache/httpcomponents/httpcore-nio/4.4.16/httpcore-nio-4.4.16.jar:/home/runner/.m2/repository/org/apache/httpcomponents/httpasyncclient/4.1.3/httpasyncclient-4.1.3.jar:/home/runner/.m2/repository/com/carrotsearch/hppc/0.8.0/hppc-0.8.0.jar:/home/runner/.m2/repository/org/apache/orc/orc-core/1.5.8/orc-core-1.5.8.jar:/home/runner/.m2/repository/net/java/dev/jna/jna/5.2.0/jna-5.2.0.jar:/home/runner/.m2/repository/net/java/dev/jna/jna-platform/5.2.0/jna-platform-5.2.0.jar:/home/runner/.m2/repository/com/kstruct/gethostname4j/0.0.2/gethostname4j-0.0.2.jar:/home/runner/.m2/repository/org/apache/ranger/ranger-plugin-classloader/2.3.0/ranger-plugin-classloader-2.3.0.jar:/home/runner/work/ozone/ozone/hadoop-hdds/rocks-native/target/hdds-rocks-native-1.5.0-SNAPSHOT.jar:/home/runner/.m2/repository/org/apache/hadoop/hadoop-minikdc/3.3.6/hadoop-minikdc-3.3.6.jar:/home/runner/.m2/repository/org/apache/kerby/kerb-simplekdc/1.0.1/kerb-simplekdc-1.0.1.jar:/home/runner/.m2/repository/org/apache/kerby/kerb-client/1.0.1/kerb-client-1.0.1.jar:/home/runner/.m2/repository/org/apache/kerby/kerb-common/1.0.1/kerb-common-1.0.1.jar:/home/runner/.m2/repository/org/apache/kerby/token-provider/1.0.1/token-provider-1.0.1.jar:/home/runner/.m2/repository/org/apache/kerby/kerb-admin/1.0.1/kerb-admin-1.0.1.jar:/home/runner/.m2/repository/org/apache/kerby/kerb-server/1.0.1/kerb-server-1.0.1.jar:/home/runner/.m2/repository/org/apache/kerby/kerb-identity/1.0.1/kerb-identity-1.0.1.jar:/home/runner/.m2/repository/org/apache/kerby/kerby-xdr/1.0.1/kerby-xdr-1.0.1.jar:/home/runner/.m2/repository/junit/junit/4.13.2/junit-4.13.2.jar:/home/runner/.m2/repository/org/hamcrest/hamcrest-core/1.3/hamcrest-core-1.3.jar:/home/runner/work/ozone/ozone/hadoop-ozone/s3gateway/target/ozone-s3gateway-1.5.0-SNAPSHOT.jar:/home/runner/.m2/repository/org/javassist/javassist/3.30.2-GA/javassist-3.30.2-GA.jar:/home/runner/.m2/repository/org/jboss/weld/servlet/weld-servlet-shaded/3.1.9.Final/weld-servlet-shaded-3.1.9.Final.jar:/home/runner/.m2/repository/org/glassfish/jersey/ext/cdi/jersey-cdi1x/2.43/jersey-cdi1x-2.43.jar:/home/runner/.m2/repository/org/glassfish/jersey/inject/jersey-hk2/2.43/jersey-hk2-2.43.jar:/home/runner/.m2/repository/org/glassfish/hk2/hk2-locator/2.6.1/hk2-locator-2.6.1.jar:/home/runner/.m2/repository/org/glassfish/jersey/media/jersey-media-jaxb/2.43/jersey-media-jaxb-2.43.jar:/home/runner/.m2/repository/org/glassfish/hk2/osgi-resource-locator/1.0.3/osgi-resource-locator-1.0.3.jar:/home/runner/.m2/repository/org/glassfish/hk2/hk2-api/2.6.1/hk2-api-2.6.1.jar:/home/runner/.m2/repository/org/glassfish/hk2/hk2-utils/2.6.1/hk2-utils-2.6.1.jar:/home/runner/.m2/repository/org/glassfish/hk2/external/aopalliance-repackaged/2.6.1/aopalliance-repackaged-2.6.1.jar:/home/runner/.m2/repository/com/fasterxml/jackson/dataformat/jackson-dataformat-xml/2.16.2/jackson-dataformat-xml-2.16.2.jar:/home/runner/.m2/repository/org/codehaus/woodstox/stax2-api/4.2.2/stax2-api-4.2.2.jar:/home/runner/.m2/repository/com/fasterxml/woodstox/woodstox-core/5.4.0/woodstox-core-5.4.0.jar:/home/runner/.m2/repository/com/fasterxml/jackson/module/jackson-module-jaxb-annotations/2.16.2/jackson-module-jaxb-annotations-2.16.2.jar:/home/runner/.m2/repository/javax/enterprise/cdi-api/2.0/cdi-api-2.0.jar:/home/runner/.m2/repository/javax/el/javax.el-api/3.0.0/javax.el-api-3.0.0.jar:/home/runner/.m2/repository/javax/interceptor/javax.interceptor-api/1.2/javax.interceptor-api-1.2.jar:/home/runner/.m2/repository/javax/inject/javax.inject/1/javax.inject-1.jar:/home/runner/.m2/repository/jakarta/xml/bind/jakarta.xml.bind-api/2.3.3/jakarta.xml.bind-api-2.3.3.jar:/home/runner/.m2/repository/org/glassfish/jaxb/jaxb-runtime/2.3.9/jaxb-runtime-2.3.9.jar:/home/runner/.m2/repository/org/glassfish/jaxb/txw2/2.3.9/txw2-2.3.9.jar:/home/runner/.m2/repository/com/sun/istack/istack-commons-runtime/3.0.12/istack-commons-runtime-3.0.12.jar:/home/runner/.m2/repository/com/sun/activation/jakarta.activation/1.2.2/jakarta.activation-1.2.2.jar:/home/runner/.m2/repository/jakarta/activation/jakarta.activation-api/1.2.2/jakarta.activation-api-1.2.2.jar:/home/runner/.m2/repository/io/grpc/grpc-protobuf/1.58.0/grpc-protobuf-1.58.0.jar:/home/runner/.m2/repository/com/google/api/grpc/proto-google-common-protos/2.22.0/proto-google-common-protos-2.22.0.jar:/home/runner/.m2/repository/io/grpc/grpc-protobuf-lite/1.58.0/grpc-protobuf-lite-1.58.0.jar:/home/runner/.m2/repository/io/grpc/grpc-stub/1.58.0/grpc-stub-1.58.0.jar:/home/runner/.m2/repository/io/netty/netty-transport/4.1.109.Final/netty-transport-4.1.109.Final.jar:/home/runner/.m2/repository/io/netty/netty-resolver/4.1.109.Final/netty-resolver-4.1.109.Final.jar:/home/runner/work/ozone/ozone/hadoop-ozone/csi/target/ozone-csi-1.5.0-SNAPSHOT.jar:/home/runner/.m2/repository/com/google/protobuf/protobuf-java-util/3.19.6/protobuf-java-util-3.19.6.jar:/home/runner/.m2/repository/com/google/code/gson/gson/2.10.1/gson-2.10.1.jar:/home/runner/work/ozone/ozone/hadoop-hdds/config/target/hdds-config-1.5.0-SNAPSHOT.jar:/home/runner/.m2/repository/io/netty/netty-transport-native-epoll/4.1.109.Final/netty-transport-native-epoll-4.1.109.Final-linux-x86_64.jar:/home/runner/.m2/repository/io/netty/netty-transport-classes-epoll/4.1.109.Final/netty-transport-classes-epoll-4.1.109.Final.jar:/home/runner/.m2/repository/io/netty/netty-transport-native-unix-common/4.1.109.Final/netty-transport-native-unix-common-4.1.109.Final.jar:/home/runner/work/ozone/ozone/hadoop-ozone/recon/target/ozone-recon-1.5.0-SNAPSHOT.jar:/home/runner/work/ozone/ozone/hadoop-ozone/recon-codegen/target/ozone-reconcodegen-1.5.0-SNAPSHOT.jar:/home/runner/.m2/repository/com/google/inject/guice/6.0.0/guice-6.0.0.jar:/home/runner/.m2/repository/jakarta/inject/jakarta.inject-api/2.0.1/jakarta.inject-api-2.0.1.jar:/home/runner/.m2/repository/aopalliance/aopalliance/1.0/aopalliance-1.0.jar:/home/runner/.m2/repository/com/google/inject/extensions/guice-assistedinject/6.0.0/guice-assistedinject-6.0.0.jar:/home/runner/.m2/repository/com/google/inject/extensions/guice-servlet/6.0.0/guice-servlet-6.0.0.jar:/home/runner/.m2/repository/org/glassfish/jersey/containers/jersey-container-servlet/2.43/jersey-container-servlet-2.43.jar:/home/runner/.m2/repository/org/glassfish/hk2/guice-bridge/2.6.1/guice-bridge-2.6.1.jar:/home/runner/.m2/repository/org/glassfish/jersey/core/jersey-server/2.43/jersey-server-2.43.jar:/home/runner/.m2/repository/org/glassfish/jersey/core/jersey-client/2.43/jersey-client-2.43.jar:/home/runner/.m2/repository/jakarta/validation/jakarta.validation-api/2.0.2/jakarta.validation-api-2.0.2.jar:/home/runner/.m2/repository/org/glassfish/jersey/media/jersey-media-json-jackson/2.43/jersey-media-json-jackson-2.43.jar:/home/runner/.m2/repository/org/glassfish/jersey/ext/jersey-entity-filtering/2.43/jersey-entity-filtering-2.43.jar:/home/runner/.m2/repository/org/jooq/jooq/3.11.10/jooq-3.11.10.jar:/home/runner/.m2/repository/org/jooq/jooq-meta/3.11.10/jooq-meta-3.11.10.jar:/home/runner/.m2/repository/org/jooq/jooq-codegen/3.11.10/jooq-codegen-3.11.10.jar:/home/runner/.m2/repository/com/jolbox/bonecp/0.8.0.RELEASE/bonecp-0.8.0.RELEASE.jar:/home/runner/.m2/repository/org/apache/derby/derby/10.14.2.0/derby-10.14.2.0.jar:/home/runner/.m2/repository/org/xerial/sqlite-jdbc/3.46.0.0/sqlite-jdbc-3.46.0.0.jar:/home/runner/.m2/repository/org/springframework/spring-jdbc/5.3.37/spring-jdbc-5.3.37.jar:/home/runner/.m2/repository/org/springframework/spring-beans/5.3.37/spring-beans-5.3.37.jar:/home/runner/.m2/repository/org/springframework/spring-core/5.3.37/spring-core-5.3.37.jar:/home/runner/.m2/repository/org/springframework/spring-tx/5.3.37/spring-tx-5.3.37.jar:/home/runner/work/ozone/ozone/hadoop-ozone/client/target/ozone-client-1.5.0-SNAPSHOT.jar:/home/runner/work/ozone/ozone/hadoop-hdds/erasurecode/target/hdds-erasurecode-1.5.0-SNAPSHOT.jar:/home/runner/work/ozone/ozone/hadoop-ozone/ozonefs/target/ozone-filesystem-1.5.0-SNAPSHOT.jar:/home/runner/work/ozone/ozone/hadoop-ozone/ozonefs-common/target/ozone-filesystem-common-1.5.0-SNAPSHOT.jar:/home/runner/work/ozone/ozone/hadoop-ozone/tools/target/ozone-tools-1.5.0-SNAPSHOT.jar:/home/runner/.m2/repository/com/amazonaws/aws-java-sdk-core/1.12.661/aws-java-sdk-core-1.12.661.jar:/home/runner/.m2/repository/org/apache/httpcomponents/httpclient/4.5.14/httpclient-4.5.14.jar:/home/runner/.m2/repository/org/apache/httpcomponents/httpcore/4.4.16/httpcore-4.4.16.jar:/home/runner/.m2/repository/com/fasterxml/jackson/dataformat/jackson-dataformat-cbor/2.16.2/jackson-dataformat-cbor-2.16.2.jar:/home/runner/.m2/repository/joda-time/joda-time/2.12.7/joda-time-2.12.7.jar:/home/runner/.m2/repository/com/amazonaws/aws-java-sdk-s3/1.12.661/aws-java-sdk-s3-1.12.661.jar:/home/runner/.m2/repository/com/amazonaws/aws-java-sdk-kms/1.12.661/aws-java-sdk-kms-1.12.661.jar:/home/runner/.m2/repository/com/amazonaws/jmespath-java/1.12.661/jmespath-java-1.12.661.jar:/home/runner/.m2/repository/org/kohsuke/metainf-services/metainf-services/1.11/metainf-services-1.11.jar:/home/runner/work/ozone/ozone/hadoop-hdds/tools/target/hdds-tools-1.5.0-SNAPSHOT.jar:/home/runner/.m2/repository/org/apache/ratis/ratis-tools/3.1.0/ratis-tools-3.1.0.jar:/home/runner/.m2/repository/commons-cli/commons-cli/1.8.0/commons-cli-1.8.0.jar:/home/runner/.m2/repository/org/apache/commons/commons-lang3/3.14.0/commons-lang3-3.14.0.jar:/home/runner/work/ozone/ozone/hadoop-ozone/ozone-manager/target/ozone-manager-1.5.0-SNAPSHOT-tests.jar:/home/runner/work/ozone/ozone/hadoop-hdds/common/target/hdds-common-1.5.0-SNAPSHOT-tests.jar:/home/runner/work/ozone/ozone/hadoop-hdds/hadoop-dependency-client/target/hdds-hadoop-dependency-client-1.5.0-SNAPSHOT.jar:/home/runner/.m2/repository/info/picocli/picocli/4.7.6/picocli-4.7.6.jar:/home/runner/.m2/repository/com/fasterxml/jackson/core/jackson-annotations/2.16.2/jackson-annotations-2.16.2.jar:/home/runner/work/ozone/ozone/hadoop-hdds/annotations/target/hdds-annotation-processing-1.5.0-SNAPSHOT.jar:/home/runner/.m2/repository/javax/annotation/javax.annotation-api/1.3.2/javax.annotation-api-1.3.2.jar:/home/runner/.m2/repository/org/apache/ratis/ratis-server-api/3.1.0/ratis-server-api-3.1.0.jar:/home/runner/.m2/repository/org/apache/ratis/ratis-netty/3.1.0/ratis-netty-3.1.0.jar:/home/runner/.m2/repository/org/apache/ratis/ratis-grpc/3.1.0/ratis-grpc-3.1.0.jar:/home/runner/.m2/repository/org/bouncycastle/bcpkix-jdk18on/1.78.1/bcpkix-jdk18on-1.78.1.jar:/home/runner/.m2/repository/org/bouncycastle/bcutil-jdk18on/1.78.1/bcutil-jdk18on-1.78.1.jar:/home/runner/.m2/repository/commons-validator/commons-validator/1.6/commons-validator-1.6.jar:/home/runner/.m2/repository/commons-beanutils/commons-beanutils/1.9.4/commons-beanutils-1.9.4.jar:/home/runner/.m2/repository/commons-digester/commons-digester/1.8.1/commons-digester-1.8.1.jar:/home/runner/.m2/repository/commons-collections/commons-collections/3.2.2/commons-collections-3.2.2.jar:/home/runner/.m2/repository/io/jaegertracing/jaeger-client/1.8.1/jaeger-client-1.8.1.jar:/home/runner/.m2/repository/io/jaegertracing/jaeger-thrift/1.8.1/jaeger-thrift-1.8.1.jar:/home/runner/.m2/repository/org/apache/thrift/libthrift/0.15.0/libthrift-0.15.0.jar:/home/runner/.m2/repository/io/jaegertracing/jaeger-core/1.8.1/jaeger-core-1.8.1.jar:/home/runner/.m2/repository/io/jaegertracing/jaeger-tracerresolver/1.8.1/jaeger-tracerresolver-1.8.1.jar:/home/runner/.m2/repository/io/opentracing/contrib/opentracing-tracerresolver/0.1.8/opentracing-tracerresolver-0.1.8.jar:/home/runner/.m2/repository/org/jetbrains/kotlin/kotlin-stdlib/1.9.24/kotlin-stdlib-1.9.24.jar:/home/runner/.m2/repository/org/jetbrains/annotations/13.0/annotations-13.0.jar:/home/runner/.m2/repository/io/opentracing/opentracing-util/0.33.0/opentracing-util-0.33.0.jar:/home/runner/.m2/repository/io/opentracing/opentracing-api/0.33.0/opentracing-api-0.33.0.jar:/home/runner/.m2/repository/io/opentracing/opentracing-noop/0.33.0/opentracing-noop-0.33.0.jar:/home/runner/.m2/repository/org/yaml/snakeyaml/2.0/snakeyaml-2.0.jar:/home/runner/.m2/repository/io/grpc/grpc-api/1.58.0/grpc-api-1.58.0.jar:/home/runner/.m2/repository/org/junit/platform/junit-platform-launcher/1.10.3/junit-platform-launcher-1.10.3.jar:/home/runner/.m2/repository/org/junit/platform/junit-platform-engine/1.10.3/junit-platform-engine-1.10.3.jar:/home/runner/.m2/repository/org/apiguardian/apiguardian-api/1.1.2/apiguardian-api-1.1.2.jar:/home/runner/.m2/repository/org/apache/hadoop/hadoop-kms/3.3.6/hadoop-kms-3.3.6.jar:/home/runner/.m2/repository/org/apache/hadoop/hadoop-auth/3.3.6/hadoop-auth-3.3.6.jar:/home/runner/.m2/repository/org/apache/zookeeper/zookeeper/3.8.4/zookeeper-3.8.4.jar:/home/runner/.m2/repository/org/apache/zookeeper/zookeeper-jute/3.8.4/zookeeper-jute-3.8.4.jar:/home/runner/.m2/repository/org/apache/yetus/audience-annotations/0.12.0/audience-annotations-0.12.0.jar:/home/runner/.m2/repository/org/apache/curator/curator-framework/4.2.0/curator-framework-4.2.0.jar:/home/runner/.m2/repository/org/apache/hadoop/thirdparty/hadoop-shaded-guava/1.2.0/hadoop-shaded-guava-1.2.0.jar:/home/runner/.m2/repository/com/sun/jersey/jersey-core/1.19.4/jersey-core-1.19.4.jar:/home/runner/.m2/repository/javax/ws/rs/jsr311-api/1.1.1/jsr311-api-1.1.1.jar:/home/runner/.m2/repository/com/sun/jersey/jersey-server/1.19.4/jersey-server-1.19.4.jar:/home/runner/.m2/repository/javax/servlet/javax.servlet-api/3.1.0/javax.servlet-api-3.1.0.jar:/home/runner/.m2/repository/org/apache/hadoop/hadoop-common/3.3.6/hadoop-common-3.3.6.jar:/home/runner/.m2/repository/org/apache/commons/commons-math3/3.6.1/commons-math3-3.6.1.jar:/home/runner/.m2/repository/commons-net/commons-net/3.11.1/commons-net-3.11.1.jar:/home/runner/.m2/repository/com/sun/jersey/jersey-servlet/1.19.4/jersey-servlet-1.19.4.jar:/home/runner/.m2/repository/com/github/pjfanning/jersey-json/1.20/jersey-json-1.20.jar:/home/runner/.m2/repository/org/codehaus/jettison/jettison/1.1/jettison-1.1.jar:/home/runner/.m2/repository/com/sun/xml/bind/jaxb-impl/2.2.3-1/jaxb-impl-2.2.3-1.jar:/home/runner/.m2/repository/com/google/re2j/re2j/1.7/re2j-1.7.jar:/home/runner/.m2/repository/com/jcraft/jsch/0.1.55/jsch-0.1.55.jar:/home/runner/.m2/repository/org/apache/curator/curator-client/4.2.0/curator-client-4.2.0.jar:/home/runner/.m2/repository/org/apache/curator/curator-recipes/5.2.0/curator-recipes-5.2.0.jar:/home/runner/.m2/repository/com/google/code/findbugs/jsr305/3.0.2/jsr305-3.0.2.jar:/home/runner/.m2/repository/dnsjava/dnsjava/2.1.9/dnsjava-2.1.9.jar:/home/runner/.m2/repository/com/fasterxml/jackson/core/jackson-databind/2.16.2/jackson-databind-2.16.2.jar:/home/runner/.m2/repository/org/apache/hadoop/hadoop-kms/3.3.6/hadoop-kms-3.3.6-tests.jar:/home/runner/work/ozone/ozone/hadoop-hdds/server-scm/target/hdds-server-scm-1.5.0-SNAPSHOT-tests.jar:/home/runner/work/ozone/ozone/hadoop-hdds/container-service/target/hdds-container-service-1.5.0-SNAPSHOT-tests.jar:/home/runner/.m2/repository/com/github/luben/zstd-jni/1.5.6-3/zstd-jni-1.5.6-3.jar:/home/runner/.m2/repository/commons-codec/commons-codec/1.17.0/commons-codec-1.17.0.jar:/home/runner/.m2/repository/io/netty/netty-codec/4.1.109.Final/netty-codec-4.1.109.Final.jar:/home/runner/.m2/repository/io/netty/netty-handler/4.1.109.Final/netty-handler-4.1.109.Final.jar:/home/runner/work/ozone/ozone/hadoop-hdds/hadoop-dependency-test/target/hdds-hadoop-dependency-test-1.5.0-SNAPSHOT.jar:/home/runner/.m2/repository/org/apache/hadoop/hadoop-common/3.3.6/hadoop-common-3.3.6-tests.jar:/home/runner/.m2/repository/org/apache/hadoop/hadoop-hdfs/3.3.6/hadoop-hdfs-3.3.6-tests.jar:/home/runner/.m2/repository/org/junit/jupiter/junit-jupiter-engine/5.10.3/junit-jupiter-engine-5.10.3.jar:/home/runner/.m2/repository/org/junit/jupiter/junit-jupiter-params/5.10.3/junit-jupiter-params-5.10.3.jar:/home/runner/.m2/repository/org/mockito/mockito-core/4.11.0/mockito-core-4.11.0.jar:/home/runner/.m2/repository/net/bytebuddy/byte-buddy-agent/1.12.19/byte-buddy-agent-1.12.19.jar:/home/runner/.m2/repository/org/objenesis/objenesis/3.3/objenesis-3.3.jar:/home/runner/.m2/repository/org/mockito/mockito-inline/4.11.0/mockito-inline-4.11.0.jar:/home/runner/.m2/repository/org/mockito/mockito-junit-jupiter/4.11.0/mockito-junit-jupiter-4.11.0.jar:/home/runner/.m2/repository/org/apache/hadoop/hadoop-distcp/3.3.6/hadoop-distcp-3.3.6.jar:/home/runner/.m2/repository/org/apache/hadoop/hadoop-mapreduce-client-jobclient/3.3.6/hadoop-mapreduce-client-jobclient-3.3.6.jar:/home/runner/.m2/repository/org/apache/hadoop/hadoop-mapreduce-client-common/3.3.6/hadoop-mapreduce-client-common-3.3.6.jar:/home/runner/.m2/repository/org/apache/hadoop/hadoop-yarn-common/3.3.6/hadoop-yarn-common-3.3.6.jar:/home/runner/.m2/repository/org/apache/hadoop/hadoop-yarn-api/3.3.6/hadoop-yarn-api-3.3.6.jar:/home/runner/.m2/repository/javax/xml/bind/jaxb-api/2.2.11/jaxb-api-2.2.11.jar:/home/runner/.m2/repository/com/sun/jersey/contribs/jersey-guice/1.19.4/jersey-guice-1.19.4.jar:/home/runner/.m2/repository/com/fasterxml/jackson/jaxrs/jackson-jaxrs-json-provider/2.16.2/jackson-jaxrs-json-provider-2.16.2.jar:/home/runner/.m2/repository/com/fasterxml/jackson/jaxrs/jackson-jaxrs-base/2.16.2/jackson-jaxrs-base-2.16.2.jar:/home/runner/.m2/repository/org/apache/hadoop/hadoop-yarn-client/3.3.6/hadoop-yarn-client-3.3.6.jar:/home/runner/.m2/repository/org/eclipse/jetty/websocket/websocket-client/9.4.51.v20230217/websocket-client-9.4.51.v20230217.jar:/home/runner/.m2/repository/org/eclipse/jetty/websocket/websocket-common/9.4.51.v20230217/websocket-common-9.4.51.v20230217.jar:/home/runner/.m2/repository/org/eclipse/jetty/websocket/websocket-api/9.4.51.v20230217/websocket-api-9.4.51.v20230217.jar:/home/runner/.m2/repository/org/jline/jline/3.9.0/jline-3.9.0.jar:/home/runner/.m2/repository/org/apache/hadoop/hadoop-mapreduce-client-core/3.3.6/hadoop-mapreduce-client-core-3.3.6.jar:/home/runner/.m2/repository/org/apache/avro/avro/1.7.7/avro-1.7.7.jar:/home/runner/.m2/repository/com/thoughtworks/paranamer/paranamer/2.3/paranamer-2.3.jar:/home/runner/.m2/repository/org/apache/hadoop/hadoop-annotations/3.3.6/hadoop-annotations-3.3.6.jar:/home/runner/.m2/repository/io/netty/netty/3.10.6.Final/netty-3.10.6.Final.jar:/home/runner/.m2/repository/org/apache/hadoop/hadoop-distcp/3.3.6/hadoop-distcp-3.3.6-tests.jar:/home/runner/.m2/repository/org/hamcrest/hamcrest/2.2/hamcrest-2.2.jar:/home/runner/.m2/repository/org/slf4j/jul-to-slf4j/2.0.13/jul-to-slf4j-2.0.13.jar:/home/runner/work/ozone/ozone/hadoop-ozone/integration-test/target/gradle-enterprise/test-listeners.jar:"/>
    <property name="sun.cpu.endian" value="little"/>
    <property name="user.home" value="/home/runner"/>
    <property name="user.language" value="en"/>
    <property name="java.specification.vendor" value="Oracle Corporation"/>
    <property name="java.version.date" value="2024-04-16"/>
    <property name="java.home" value="/usr/lib/jvm/temurin-17-jdk-amd64"/>
    <property name="java.security.krb5.conf" value="/home/runner/work/ozone/ozone/hadoop-ozone/integration-test/target/test-classes/krb5.conf"/>
    <property name="file.separator" value="/"/>
    <property name="basedir" value="/home/runner/work/ozone/ozone/hadoop-ozone/integration-test"/>
    <property name="java.vm.compressedOopsMode" value="Zero based"/>
    <property name="line.separator" value="&#10;"/>
    <property name="java.vm.specification.vendor" value="Oracle Corporation"/>
    <property name="java.specification.name" value="Java Platform API Specification"/>
    <property name="skip.installnpx" value="true"/>
    <property name="surefire.real.class.path" value="/home/runner/work/ozone/ozone/hadoop-ozone/integration-test/target/surefire/surefirebooter18019417774753957046.jar"/>
    <property name="hadoop.log.dir" value="/home/runner/work/ozone/ozone/hadoop-ozone/integration-test/target/log"/>
    <property name="sun.management.compiler" value="HotSpot 64-Bit Tiered Compilers"/>
    <property name="java.runtime.version" value="17.0.11+9"/>
    <property name="skip.npx" value="true"/>
    <property name="user.name" value="runner"/>
    <property name="java.net.preferIPv4Stack" value="true"/>
    <property name="path.separator" value=":"/>
    <property name="java.security.egd" value="file:///dev/urandom"/>
    <property name="os.version" value="5.15.0-1067-azure"/>
    <property name="java.runtime.name" value="OpenJDK Runtime Environment"/>
    <property name="com.gradle.maven.scan.extension.test.listener.junitplatform.NestedExecutionSafeDelegatingTestExecutionListener" value="68c72235"/>
    <property name="file.encoding" value="UTF-8"/>
    <property name="java.vm.name" value="OpenJDK 64-Bit Server VM"/>
    <property name="java.vendor.version" value="Temurin-17.0.11+9"/>
    <property name="test.build.webapps" value=""/>
    <property name="develocity.listener.surefire.forkId" value="1"/>
    <property name="localRepository" value="/home/runner/.m2/repository"/>
    <property name="java.vendor.url.bug" value="https://github.com/adoptium/adoptium-support/issues"/>
    <property name="jetty.git.hash" value="70015831e5195ba74da6383c4ab7c90c56bb08af"/>
    <property name="java.io.tmpdir" value="/tmp"/>
    <property name="require.test.libhadoop" value=""/>
    <property name="java.version" value="17.0.11"/>
    <property name="user.dir" value="/home/runner/work/ozone/ozone/hadoop-ozone/integration-test"/>
    <property name="os.arch" value="amd64"/>
    <property name="java.vm.specification.name" value="Java Virtual Machine Specification"/>
    <property name="test.build.classes" value="/home/runner/work/ozone/ozone/hadoop-ozone/integration-test/target/test-classes"/>
    <property name="org.apache.ratis.thirdparty.io.netty.allocator.useCacheForAllThreads" value="false"/>
    <property name="native.encoding" value="UTF-8"/>
    <property name="hadoop.tmp.dir" value="/home/runner/work/ozone/ozone/hadoop-ozone/integration-test/target/tmp"/>
    <property name="java.library.path" value="/usr/java/packages/lib:/usr/lib64:/lib64:/lib:/usr/lib"/>
    <property name="java.vm.info" value="mixed mode, sharing"/>
    <property name="java.vendor" value="Eclipse Adoptium"/>
    <property name="java.vm.version" value="17.0.11+9"/>
    <property name="sun.io.unicode.encoding" value="UnicodeLittle"/>
    <property name="develocity.listener.port" value="32989"/>
    <property name="java.class.version" value="61.0"/>
  </properties>
  <testcase name="testKeysPurgingByKeyDeletingService" classname="org.apache.hadoop.ozone.om.TestKeyPurging" time="323.264">
    <error type="java.util.concurrent.TimeoutException"><![CDATA[java.util.concurrent.TimeoutException: testKeysPurgingByKeyDeletingService() timed out after 300 seconds
	at java.base/java.util.ArrayList.forEach(ArrayList.java:1511)
	at java.base/java.util.ArrayList.forEach(ArrayList.java:1511)
	Suppressed: java.io.InterruptedIOException: Call interrupted
		at org.apache.hadoop.ipc.Client.getRpcResponse(Client.java:1561)
		at org.apache.hadoop.ipc.Client.call(Client.java:1513)
		at org.apache.hadoop.ipc.Client.call(Client.java:1410)
		at org.apache.hadoop.ipc.ProtobufRpcEngine$Invoker.invoke(ProtobufRpcEngine.java:250)
		at org.apache.hadoop.ipc.ProtobufRpcEngine$Invoker.invoke(ProtobufRpcEngine.java:132)
		at jdk.proxy2/jdk.proxy2.$Proxy61.submitRequest(Unknown Source)
		at java.base/jdk.internal.reflect.NativeMethodAccessorImpl.invoke0(Native Method)
		at java.base/jdk.internal.reflect.NativeMethodAccessorImpl.invoke(NativeMethodAccessorImpl.java:77)
		at java.base/jdk.internal.reflect.DelegatingMethodAccessorImpl.invoke(DelegatingMethodAccessorImpl.java:43)
		at java.base/java.lang.reflect.Method.invoke(Method.java:568)
		at org.apache.hadoop.io.retry.RetryInvocationHandler.invokeMethod(RetryInvocationHandler.java:433)
		at org.apache.hadoop.io.retry.RetryInvocationHandler$Call.invokeMethod(RetryInvocationHandler.java:166)
		at org.apache.hadoop.io.retry.RetryInvocationHandler$Call.invoke(RetryInvocationHandler.java:158)
		at org.apache.hadoop.io.retry.RetryInvocationHandler$Call.invokeOnce(RetryInvocationHandler.java:96)
		at org.apache.hadoop.io.retry.RetryInvocationHandler.invoke(RetryInvocationHandler.java:362)
		at jdk.proxy2/jdk.proxy2.$Proxy61.submitRequest(Unknown Source)
		at org.apache.hadoop.ozone.om.protocolPB.Hadoop3OmTransport.submitRequest(Hadoop3OmTransport.java:80)
		at org.apache.hadoop.ozone.om.protocolPB.OzoneManagerProtocolClientSideTranslatorPB.submitRequest(OzoneManagerProtocolClientSideTranslatorPB.java:339)
		at org.apache.hadoop.ozone.om.protocolPB.OzoneManagerProtocolClientSideTranslatorPB.createVolume(OzoneManagerProtocolClientSideTranslatorPB.java:361)
		at org.apache.hadoop.ozone.client.rpc.RpcClient.createVolume(RpcClient.java:477)
		at org.apache.hadoop.ozone.client.rpc.RpcClient.createVolume(RpcClient.java:423)
		at org.apache.hadoop.ozone.client.ObjectStore.createVolume(ObjectStore.java:119)
		at org.apache.hadoop.ozone.om.TestKeyPurging.testKeysPurgingByKeyDeletingService(TestKeyPurging.java:102)
		at java.base/java.lang.reflect.Method.invoke(Method.java:568)
		... 2 more
]]></error>
    <system-out><![CDATA[2024-07-22 09:21:51,811 [main] WARN  server.ServerUtils (ServerUtils.java:getScmDbDir(143)) - ozone.scm.db.dirs is not configured. We recommend adding this setting. Falling back to ozone.metadata.dirs instead.
2024-07-22 09:21:51,982 [main] INFO  reflections.Reflections (Reflections.java:scan(219)) - Reflections took 138 ms to scan 7 urls, producing 158 keys and 370 values
2024-07-22 09:21:52,112 [main] WARN  server.ServerUtils (ServerUtils.java:getScmDbDir(143)) - ozone.scm.db.dirs is not configured. We recommend adding this setting. Falling back to ozone.metadata.dirs instead.
2024-07-22 09:21:52,116 [main] INFO  ha.SCMHANodeDetails (SCMHANodeDetails.java:loadSCMHAConfig(207)) - ServiceID for StorageContainerManager is null
2024-07-22 09:21:52,125 [main] WARN  ha.SCMHANodeDetails (SCMHANodeDetails.java:validateSCMHAConfig(180)) - Default/Configured value of config ozone.scm.ratis.enable conflicts with the expected value. Default/Configured: true. Expected: false. Falling back to the expected value. Current State of SCM: SCM is running without Ratis. Ratis SCM -> Non Ratis SCM is not supported.
2024-07-22 09:21:52,125 [main] INFO  ha.SCMHANodeDetails (SCMHANodeDetails.java:loadSCMHAConfig(212)) - ozone.scm.default.service.id is not defined, falling back to ozone.scm.service.ids to find serviceID for StorageContainerManager if it is HA enabled cluster
2024-07-22 09:21:52,633 [main] WARN  utils.HAUtils (HAUtils.java:getMetaDir(339)) - ozone.scm.db.dirs is not configured. We recommend adding this setting. Falling back to ozone.metadata.dirs instead.
2024-07-22 09:21:52,789 [main] WARN  db.DBStoreBuilder (DBStoreBuilder.java:applyDBDefinition(171)) - ozone.scm.db.dirs is not configured. We recommend adding this setting. Falling back to ozone.metadata.dirs instead.
2024-07-22 09:21:52,798 [main] INFO  utils.LeakDetector (LeakDetector.java:start(73)) - Starting leak detector thread ManagedRocksObject0.
2024-07-22 09:21:52,938 [main] INFO  net.NodeSchemaLoader (NodeSchemaLoader.java:loadSchemaFromFile(129)) - Loading schema from [jar:file:/home/runner/work/ozone/ozone/hadoop-hdds/common/target/hdds-common-1.5.0-SNAPSHOT.jar!/network-topology-default.xml]
2024-07-22 09:21:52,939 [main] INFO  net.NodeSchemaLoader (NodeSchemaLoader.java:loadSchema(176)) - Loading network topology layer schema file
2024-07-22 09:21:52,977 [main] INFO  metrics.MetricRegistries (MetricRegistriesLoader.java:load(64)) - Loaded MetricRegistries class org.apache.ratis.metrics.dropwizard3.Dm3MetricRegistriesImpl
2024-07-22 09:21:52,987 [main] INFO  upgrade.AbstractLayoutVersionManager (AbstractLayoutVersionManager.java:init(83)) - Initializing Layout version manager with metadata layout = HADOOP_PRC_PORTS_IN_DATANODEDETAILS (version = 7), software layout = HADOOP_PRC_PORTS_IN_DATANODEDETAILS (version = 7)
2024-07-22 09:21:53,125 [main] INFO  ha.SequenceIdGenerator (SequenceIdGenerator.java:upgradeToSequenceId(369)) - upgrade localId to 113750153625600000
2024-07-22 09:21:53,127 [main] INFO  ha.SequenceIdGenerator (SequenceIdGenerator.java:upgradeToSequenceId(379)) - upgrade delTxnId to 0
2024-07-22 09:21:53,133 [main] INFO  ha.SequenceIdGenerator (SequenceIdGenerator.java:upgradeToSequenceId(396)) - upgrade containerId to 0
2024-07-22 09:21:53,136 [main] INFO  ha.SequenceIdGenerator (SequenceIdGenerator.java:upgradeToCertificateSequenceId(433)) - upgrade CertificateId to 2
2024-07-22 09:21:53,138 [main] INFO  ha.SequenceIdGenerator (SequenceIdGenerator.java:<init>(240)) - Init the HA SequenceIdGenerator.
2024-07-22 09:21:53,177 [main] WARN  server.ServerUtils (ServerUtils.java:sanitizeUserArgs(79)) - ozone.scm.stale.node.interval value = 300000 is larger than max = 100000 based on the key value of ozone.scm.heartbeat.thread.interval, reset to the max value 100000.
2024-07-22 09:21:53,178 [main] WARN  server.ServerUtils (ServerUtils.java:sanitizeUserArgs(79)) - ozone.scm.stale.node.interval value = 300000 is larger than max = 100000 based on the key value of ozone.scm.heartbeat.thread.interval, reset to the max value 100000.
2024-07-22 09:21:53,182 [main] INFO  node.SCMNodeManager (SCMNodeManager.java:<init>(177)) - Entering startup safe mode.
2024-07-22 09:21:53,193 [main] INFO  algorithms.ContainerPlacementPolicyFactory (ContainerPlacementPolicyFactory.java:getPolicyInternal(86)) - Create container placement policy of type org.apache.hadoop.hdds.scm.container.placement.algorithms.SCMContainerPlacementRackAware
2024-07-22 09:21:53,195 [main] INFO  algorithms.ContainerPlacementPolicyFactory (ContainerPlacementPolicyFactory.java:getPolicyInternal(86)) - Create container placement policy of type org.apache.hadoop.hdds.scm.container.placement.algorithms.SCMContainerPlacementRackScatter
2024-07-22 09:21:53,202 [main] INFO  pipeline.PipelineStateManagerImpl (PipelineStateManagerImpl.java:initialize(78)) - No pipeline exists in current db
2024-07-22 09:21:53,214 [main] INFO  algorithms.LeaderChoosePolicyFactory (LeaderChoosePolicyFactory.java:getPolicy(57)) - Create leader choose policy of type org.apache.hadoop.hdds.scm.pipeline.leader.choose.algorithms.MinLeaderCountChoosePolicy
2024-07-22 09:21:53,214 [main] INFO  algorithms.ContainerPlacementPolicyFactory (ContainerPlacementPolicyFactory.java:getPolicyInternal(86)) - Create container placement policy of type org.apache.hadoop.hdds.scm.container.placement.algorithms.SCMContainerPlacementRackScatter
2024-07-22 09:21:53,220 [main] INFO  ha.SCMServiceManager (SCMServiceManager.java:register(42)) - Registering service BackgroundPipelineCreator.
2024-07-22 09:21:53,220 [main] INFO  pipeline.BackgroundPipelineCreator (BackgroundPipelineCreator.java:start(127)) - Starting RatisPipelineUtilsThread.
2024-07-22 09:21:53,223 [main] INFO  BackgroundPipelineScrubber (BackgroundSCMService.java:start(65)) - Starting BackgroundPipelineScrubber Service.
2024-07-22 09:21:53,224 [main] INFO  ha.SCMServiceManager (SCMServiceManager.java:register(42)) - Registering service BackgroundPipelineScrubber.
2024-07-22 09:21:53,228 [main] INFO  ExpiredContainerReplicaOpScrubber (BackgroundSCMService.java:start(65)) - Starting ExpiredContainerReplicaOpScrubber Service.
2024-07-22 09:21:53,229 [main] INFO  ha.SCMServiceManager (SCMServiceManager.java:register(42)) - Registering service ExpiredContainerReplicaOpScrubber.
2024-07-22 09:21:53,248 [main] INFO  algorithms.PipelineChoosePolicyFactory (PipelineChoosePolicyFactory.java:createPipelineChoosePolicyFromClass(80)) - Create pipeline choose policy of type org.apache.hadoop.hdds.scm.pipeline.choose.algorithms.RandomPipelineChoosePolicy
2024-07-22 09:21:53,249 [main] INFO  algorithms.PipelineChoosePolicyFactory (PipelineChoosePolicyFactory.java:createPipelineChoosePolicyFromClass(80)) - Create pipeline choose policy of type org.apache.hadoop.hdds.scm.pipeline.choose.algorithms.RandomPipelineChoosePolicy
2024-07-22 09:21:53,272 [main] INFO  ha.SCMServiceManager (SCMServiceManager.java:register(42)) - Registering service SCMBlockDeletingService.
2024-07-22 09:21:53,333 [main] INFO  replication.ReplicationManager (ReplicationManager.java:start(296)) - Starting Replication Monitor Thread.
2024-07-22 09:21:53,337 [ReplicationMonitor] INFO  replication.ReplicationManager (ReplicationManager.java:processAll(373)) - Replication Manager is not ready to run until 3000ms after safemode exit
2024-07-22 09:21:53,337 [main] INFO  ha.SCMServiceManager (SCMServiceManager.java:register(42)) - Registering service ReplicationManager.
2024-07-22 09:21:53,344 [main] INFO  safemode.ContainerSafeModeRule (ContainerSafeModeRule.java:<init>(91)) - containers with one replica threshold count 0
2024-07-22 09:21:53,348 [main] INFO  safemode.HealthyPipelineSafeModeRule (HealthyPipelineSafeModeRule.java:initializeRule(176)) - Total pipeline count is 0, healthy pipeline threshold count is 1
2024-07-22 09:21:53,350 [main] INFO  safemode.OneReplicaPipelineSafeModeRule (OneReplicaPipelineSafeModeRule.java:initializeRule(193)) - Total pipeline count is 0, pipeline's with at least one datanode reported threshold count is 0
2024-07-22 09:21:53,398 [main] INFO  server.StorageContainerManager (StorageContainerManager.java:<init>(442)) - SCM start with adminUsers: [runner]
2024-07-22 09:21:53,612 [main] INFO  audit.AuditLogger (AuditLogger.java:refreshDebugCmdSet(135)) - Refresh DebugCmdSet for SCMAudit to [].
2024-07-22 09:21:53,631 [main] INFO  ipc.CallQueueManager (CallQueueManager.java:<init>(90)) - Using callQueue: class java.util.concurrent.LinkedBlockingQueue, queueCapacity: 10000, scheduler: class org.apache.hadoop.ipc.DefaultRpcScheduler, ipcBackoff: false.
2024-07-22 09:21:53,669 [main] INFO  ipc.Server (Server.java:<init>(1287)) - Listener at 0.0.0.0:15002
2024-07-22 09:21:53,672 [Socket Reader #1 for port 15002] INFO  ipc.Server (Server.java:run(1323)) - Starting Socket Reader #1 for port 15002
2024-07-22 09:21:53,726 [main] INFO  audit.AuditLogger (AuditLogger.java:refreshDebugCmdSet(135)) - Refresh DebugCmdSet for SCMAudit to [].
2024-07-22 09:21:53,732 [main] INFO  ipc.CallQueueManager (CallQueueManager.java:<init>(90)) - Using callQueue: class java.util.concurrent.LinkedBlockingQueue, queueCapacity: 10000, scheduler: class org.apache.hadoop.ipc.DefaultRpcScheduler, ipcBackoff: false.
2024-07-22 09:21:53,733 [main] INFO  ipc.Server (Server.java:<init>(1287)) - Listener at 0.0.0.0:15001
2024-07-22 09:21:53,733 [Socket Reader #1 for port 15001] INFO  ipc.Server (Server.java:run(1323)) - Starting Socket Reader #1 for port 15001
2024-07-22 09:21:53,766 [main] INFO  audit.AuditLogger (AuditLogger.java:refreshDebugCmdSet(135)) - Refresh DebugCmdSet for SCMAudit to [].
2024-07-22 09:21:53,776 [main] INFO  ipc.CallQueueManager (CallQueueManager.java:<init>(90)) - Using callQueue: class java.util.concurrent.LinkedBlockingQueue, queueCapacity: 10000, scheduler: class org.apache.hadoop.ipc.DefaultRpcScheduler, ipcBackoff: false.
2024-07-22 09:21:53,777 [main] INFO  ipc.Server (Server.java:<init>(1287)) - Listener at 0.0.0.0:15000
2024-07-22 09:21:53,778 [Socket Reader #1 for port 15000] INFO  ipc.Server (Server.java:run(1323)) - Starting Socket Reader #1 for port 15000
2024-07-22 09:21:53,840 [main] INFO  ha.SCMServiceManager (SCMServiceManager.java:register(42)) - Registering service ContainerBalancer.
2024-07-22 09:21:53,841 [main] INFO  ha.SCMContext (SCMContext.java:updateSafeModeStatus(225)) - Update SafeModeStatus from SafeModeStatus{safeModeStatus=true, preCheckPassed=false} to SafeModeStatus{safeModeStatus=true, preCheckPassed=false}.
2024-07-22 09:21:53,846 [main] INFO  server.StorageContainerManager (StorageContainerManager.java:start(1541)) - StorageContainerLocationProtocol RPC server is listening at /0.0.0.0:15000
2024-07-22 09:21:53,895 [main] WARN  impl.MetricsConfig (MetricsConfig.java:loadFirst(136)) - Cannot locate configuration: tried hadoop-metrics2-storagecontainermanager.properties,hadoop-metrics2.properties
2024-07-22 09:21:53,904 [main] INFO  impl.MetricsSystemImpl (MetricsSystemImpl.java:startTimer(378)) - Scheduled Metric snapshot period at 10 second(s).
2024-07-22 09:21:53,904 [main] INFO  impl.MetricsSystemImpl (MetricsSystemImpl.java:start(191)) - StorageContainerManager metrics system started
2024-07-22 09:21:54,065 [main] INFO  server.SCMClientProtocolServer (SCMClientProtocolServer.java:start(204)) - RPC server for Client  is listening at /0.0.0.0:15000
2024-07-22 09:21:54,066 [IPC Server Responder] INFO  ipc.Server (Server.java:run(1562)) - IPC Server Responder: starting
2024-07-22 09:21:54,067 [IPC Server listener on 15000] INFO  ipc.Server (Server.java:run(1402)) - IPC Server listener on 15000: starting
2024-07-22 09:21:54,123 [main] INFO  server.StorageContainerManager (StorageContainerManager.java:start(1554)) - ScmBlockLocationProtocol RPC server is listening at /0.0.0.0:15001
2024-07-22 09:21:54,124 [main] INFO  server.SCMBlockProtocolServer (SCMBlockProtocolServer.java:start(167)) - RPC server for Block Protocol is listening at /0.0.0.0:15001
2024-07-22 09:21:54,129 [IPC Server listener on 15001] INFO  ipc.Server (Server.java:run(1402)) - IPC Server listener on 15001: starting
2024-07-22 09:21:54,131 [IPC Server Responder] INFO  ipc.Server (Server.java:run(1562)) - IPC Server Responder: starting
2024-07-22 09:21:54,173 [main] INFO  server.SCMDatanodeProtocolServer (SCMDatanodeProtocolServer.java:start(194)) - ScmDatanodeProtocol RPC server for DataNodes is listening at /0.0.0.0:15002
2024-07-22 09:21:54,177 [IPC Server Responder] INFO  ipc.Server (Server.java:run(1562)) - IPC Server Responder: starting
2024-07-22 09:21:54,177 [IPC Server listener on 15002] INFO  ipc.Server (Server.java:run(1402)) - IPC Server listener on 15002: starting
2024-07-22 09:21:54,233 [JvmPauseMonitor0] INFO  util.JvmPauseMonitor (JvmPauseMonitor.java:run(146)) - JvmPauseMonitor-a41757a8-ffb7-470f-8341-4bbd61665ecb: Started
2024-07-22 09:21:54,242 [main] INFO  http.BaseHttpServer (BaseHttpServer.java:newHttpServer2BuilderForOzone(223)) - Starting Web-server for scm at: http://0.0.0.0:15003
2024-07-22 09:21:54,243 [main] INFO  http.BaseHttpServer (BaseHttpServer.java:<init>(110)) - Hadoop Security Enabled: false Ozone Security Enabled: false Ozone HTTP Security Enabled: false 
2024-07-22 09:21:54,271 [main] INFO  util.log (Log.java:initialized(170)) - Logging initialized @3572ms to org.eclipse.jetty.util.log.Slf4jLog
2024-07-22 09:21:54,355 [main] WARN  server.AuthenticationFilter (AuthenticationFilter.java:constructSecretProvider(240)) - Unable to initialize FileSignerSecretProvider, falling back to use random secrets. Reason: Could not read signature secret file: /home/runner/hadoop-http-auth-signature-secret
2024-07-22 09:21:54,361 [main] INFO  http.HttpRequestLog (HttpRequestLog.java:getRequestLog(86)) - Http request log for http.requests.scm is not defined
2024-07-22 09:21:54,367 [main] INFO  http.HttpServer2 (HttpServer2.java:addGlobalFilter(1035)) - Added global filter 'safety' (class=org.apache.hadoop.hdds.server.http.HttpServer2$QuotingInputFilter)
2024-07-22 09:21:54,369 [main] INFO  http.HttpServer2 (HttpServer2.java:addFilter(1011)) - Added filter static_user_filter (class=org.apache.hadoop.http.lib.StaticUserWebFilter$StaticUserFilter) to context scm
2024-07-22 09:21:54,370 [main] INFO  http.HttpServer2 (HttpServer2.java:addFilter(1019)) - Added filter static_user_filter (class=org.apache.hadoop.http.lib.StaticUserWebFilter$StaticUserFilter) to context logs
2024-07-22 09:21:54,370 [main] INFO  http.HttpServer2 (HttpServer2.java:addFilter(1019)) - Added filter static_user_filter (class=org.apache.hadoop.http.lib.StaticUserWebFilter$StaticUserFilter) to context static
2024-07-22 09:21:54,400 [main] INFO  http.BaseHttpServer (BaseHttpServer.java:<init>(189)) - HTTP server of scm uses base directory /home/runner/work/ozone/ozone/hadoop-ozone/integration-test/target/test-dir/MiniOzoneClusterImpl-4478e412-ba5d-49c0-9319-4f1e6a18fdaa/ozone-meta/webserver
2024-07-22 09:21:54,401 [main] INFO  http.HttpServer2 (HttpServer2.java:bindListener(1235)) - Jetty bound to port 15003
2024-07-22 09:21:54,403 [main] INFO  server.Server (Server.java:doStart(375)) - jetty-9.4.55.v20240627; built: 2024-06-27T15:05:37.765Z; git: 70015831e5195ba74da6383c4ab7c90c56bb08af; jvm 17.0.11+9
2024-07-22 09:21:54,428 [main] INFO  server.session (DefaultSessionIdManager.java:doStart(334)) - DefaultSessionIdManager workerName=node0
2024-07-22 09:21:54,429 [main] INFO  server.session (DefaultSessionIdManager.java:doStart(339)) - No SessionScavenger set, using defaults
2024-07-22 09:21:54,430 [main] INFO  server.session (HouseKeeper.java:startScavenging(132)) - node0 Scavenging every 660000ms
2024-07-22 09:21:54,440 [main] INFO  handler.ContextHandler (ContextHandler.java:doStart(921)) - Started o.e.j.s.ServletContextHandler@7f53b345{logs,/logs,file:///home/runner/work/ozone/ozone/hadoop-ozone/integration-test/target/log,AVAILABLE}
2024-07-22 09:21:54,441 [main] INFO  handler.ContextHandler (ContextHandler.java:doStart(921)) - Started o.e.j.s.ServletContextHandler@fa689db{static,/static,file:///home/runner/work/ozone/ozone/hadoop-ozone/integration-test/target/test-classes/webapps/static,AVAILABLE}
2024-07-22 09:21:54,478 [main] INFO  handler.ContextHandler (ContextHandler.java:doStart(921)) - Started o.e.j.w.WebAppContext@7c0035dd{scm,/,file:///home/runner/work/ozone/ozone/hadoop-ozone/integration-test/target/test-classes/webapps/scm/,AVAILABLE}{file:/home/runner/work/ozone/ozone/hadoop-ozone/integration-test/target/test-classes/webapps/scm}
2024-07-22 09:21:54,484 [main] INFO  server.AbstractConnector (AbstractConnector.java:doStart(333)) - Started ServerConnector@239bc43f{HTTP/1.1, (http/1.1)}{0.0.0.0:15003}
2024-07-22 09:21:54,485 [main] INFO  server.Server (Server.java:doStart(415)) - Started @3786ms
2024-07-22 09:21:54,487 [main] INFO  impl.MetricsSinkAdapter (MetricsSinkAdapter.java:start(204)) - Sink prometheus started
2024-07-22 09:21:54,488 [main] INFO  impl.MetricsSystemImpl (MetricsSystemImpl.java:registerSink(305)) - Registered sink prometheus
2024-07-22 09:21:54,489 [main] INFO  http.BaseHttpServer (BaseHttpServer.java:updateConnectorAddress(354)) - HTTP server of scm listening at http://0.0.0.0:15003
2024-07-22 09:21:54,493 [main] WARN  server.ServerUtils (ServerUtils.java:getDBPath(299)) - ozone.om.db.dirs is not configured. We recommend adding this setting. Falling back to ozone.metadata.dirs instead.
2024-07-22 09:21:54,538 [main] INFO  audit.AuditLogger (AuditLogger.java:refreshDebugCmdSet(135)) - Refresh DebugCmdSet for OMAudit to [].
2024-07-22 09:21:54,590 [main] INFO  ha.OMHANodeDetails (OMHANodeDetails.java:loadOMHAConfig(115)) - ozone.om.internal.service.id is not defined, falling back to ozone.om.service.ids to find serviceID for OzoneManager if it is HA enabled cluster
2024-07-22 09:21:54,593 [main] INFO  ha.OMHANodeDetails (OMHANodeDetails.java:loadOMHAConfig(226)) - Configuration does not have ozone.om.address set. Falling back to the default OM address /127.0.0.1:15004
2024-07-22 09:21:54,593 [main] INFO  ha.OMHANodeDetails (OMHANodeDetails.java:getOMNodeDetailsForNonHA(254)) - OM Service ID is not set. Setting it to the default ID: omServiceIdDefault
2024-07-22 09:21:54,594 [main] INFO  ha.OMHANodeDetails (OMHANodeDetails.java:getOMNodeDetailsForNonHA(261)) - OM Node ID is not set. Setting it to the default ID: om1
2024-07-22 09:21:54,597 [main] WARN  server.ServerUtils (ServerUtils.java:getDBPath(299)) - ozone.om.db.dirs is not configured. We recommend adding this setting. Falling back to ozone.metadata.dirs instead.
2024-07-22 09:21:54,601 [main] INFO  upgrade.AbstractLayoutVersionManager (AbstractLayoutVersionManager.java:init(83)) - Initializing Layout version manager with metadata layout = QUOTA (version = 6), software layout = QUOTA (version = 6)
2024-07-22 09:21:54,677 [main] INFO  reflections.Reflections (Reflections.java:scan(219)) - Reflections took 75 ms to scan 2 urls, producing 188 keys and 546 values
2024-07-22 09:21:54,680 [main] INFO  upgrade.OMLayoutVersionManager (OMLayoutVersionManager.java:lambda$0(113)) - Skipping Upgrade Action QuotaRepairUpgradeAction since it has been finalized.
2024-07-22 09:21:54,681 [main] INFO  upgrade.OMLayoutVersionManager (OMLayoutVersionManager.java:lambda$0(113)) - Skipping Upgrade Action MockOmUpgradeAction since it has been finalized.
2024-07-22 09:21:54,683 [main] WARN  server.ServerUtils (ServerUtils.java:getDBPath(299)) - ozone.om.db.dirs is not configured. We recommend adding this setting. Falling back to ozone.metadata.dirs instead.
2024-07-22 09:21:54,827 [main] INFO  proxy.SCMBlockLocationFailoverProxyProvider (SCMBlockLocationFailoverProxyProvider.java:<init>(115)) - Created block location fail-over proxy with 1 nodes: [nodeId=scmNodeId,nodeAddress=/0.0.0.0:15001]
2024-07-22 09:21:54,857 [main] INFO  proxy.SCMBlockLocationFailoverProxyProvider (SCMBlockLocationFailoverProxyProvider.java:<init>(115)) - Created block location fail-over proxy with 1 nodes: [nodeId=scmNodeId,nodeAddress=/0.0.0.0:15001]
2024-07-22 09:21:54,989 [main] INFO  om.OzoneManager (OzoneManager.java:<init>(678)) - OM start with adminUsers: [runner]
2024-07-22 09:21:55,001 [main] WARN  server.ServerUtils (ServerUtils.java:getDBPath(299)) - ozone.om.db.dirs is not configured. We recommend adding this setting. Falling back to ozone.metadata.dirs instead.
2024-07-22 09:21:55,023 [main] INFO  helpers.OmKeyInfo (OmKeyInfo.java:getCodec(72)) - OmKeyInfo.getCodec ignorePipeline = true
2024-07-22 09:21:55,332 [main] INFO  om.OzoneManager (OzoneManager.java:instantiateServices(812)) - S3 Multi-Tenancy is disabled
2024-07-22 09:21:55,353 [main] INFO  om.OmSnapshotManager (OmSnapshotManager.java:<init>(180)) - Ozone filesystem snapshot feature is enabled.
2024-07-22 09:21:55,359 [main] WARN  server.ServerUtils (ServerUtils.java:getDBPath(299)) - ozone.om.snapshot.diff.db.dir is not configured. We recommend adding this setting. Falling back to ozone.metadata.dirs instead.
2024-07-22 09:21:55,386 [main] INFO  utils.NativeLibraryLoader (NativeLibraryLoader.java:loadLibrary(111)) - Loading Library: ozone_rocksdb_tools
2024-07-22 09:21:55,387 [main] ERROR snapshot.SnapshotDiffManager (SnapshotDiffManager.java:initNativeLibraryForEfficientDiff(287)) - Native Library for raw sst file reading loading failed.
org.apache.hadoop.hdds.utils.NativeLibraryNotLoadedException: Unable to load library ozone_rocksdb_tools from both java.library.path & resource file libozone_rocksdb_tools.so from jar.
	at org.apache.hadoop.hdds.utils.db.managed.ManagedRawSSTFileReader.loadLibrary(ManagedRawSSTFileReader.java:40)
	at org.apache.hadoop.ozone.om.snapshot.SnapshotDiffManager.initNativeLibraryForEfficientDiff(SnapshotDiffManager.java:285)
	at org.apache.hadoop.ozone.om.snapshot.SnapshotDiffManager.<init>(SnapshotDiffManager.java:259)
	at org.apache.hadoop.ozone.om.OmSnapshotManager.<init>(OmSnapshotManager.java:287)
	at org.apache.hadoop.ozone.om.OzoneManager.instantiateServices(OzoneManager.java:864)
	at org.apache.hadoop.ozone.om.OzoneManager.<init>(OzoneManager.java:688)
	at org.apache.hadoop.ozone.om.OzoneManager.createOm(OzoneManager.java:775)
	at org.apache.hadoop.ozone.MiniOzoneClusterImpl$Builder.createOM(MiniOzoneClusterImpl.java:689)
	at org.apache.hadoop.ozone.MiniOzoneClusterImpl$Builder.createAndStartSingleOM(MiniOzoneClusterImpl.java:673)
	at org.apache.hadoop.ozone.MiniOzoneClusterImpl$Builder.build(MiniOzoneClusterImpl.java:535)
	at org.apache.hadoop.ozone.om.TestKeyPurging.setup(TestKeyPurging.java:82)
	at java.base/jdk.internal.reflect.NativeMethodAccessorImpl.invoke0(Native Method)
	at java.base/jdk.internal.reflect.NativeMethodAccessorImpl.invoke(NativeMethodAccessorImpl.java:77)
	at java.base/jdk.internal.reflect.DelegatingMethodAccessorImpl.invoke(DelegatingMethodAccessorImpl.java:43)
	at java.base/java.lang.reflect.Method.invoke(Method.java:568)
	at org.junit.platform.commons.util.ReflectionUtils.invokeMethod(ReflectionUtils.java:728)
	at org.junit.jupiter.engine.execution.MethodInvocation.proceed(MethodInvocation.java:60)
	at org.junit.jupiter.engine.execution.InvocationInterceptorChain$ValidatingInvocation.proceed(InvocationInterceptorChain.java:131)
	at org.junit.jupiter.engine.extension.TimeoutExtension.intercept(TimeoutExtension.java:156)
	at org.junit.jupiter.engine.extension.TimeoutExtension.interceptLifecycleMethod(TimeoutExtension.java:128)
	at org.junit.jupiter.engine.extension.TimeoutExtension.interceptBeforeEachMethod(TimeoutExtension.java:78)
	at org.junit.jupiter.engine.execution.InterceptingExecutableInvoker$ReflectiveInterceptorCall.lambda$ofVoidMethod$0(InterceptingExecutableInvoker.java:103)
	at org.junit.jupiter.engine.execution.InterceptingExecutableInvoker.lambda$invoke$0(InterceptingExecutableInvoker.java:93)
	at org.junit.jupiter.engine.execution.InvocationInterceptorChain$InterceptedInvocation.proceed(InvocationInterceptorChain.java:106)
	at org.junit.jupiter.engine.execution.InvocationInterceptorChain.proceed(InvocationInterceptorChain.java:64)
	at org.junit.jupiter.engine.execution.InvocationInterceptorChain.chainAndInvoke(InvocationInterceptorChain.java:45)
	at org.junit.jupiter.engine.execution.InvocationInterceptorChain.invoke(InvocationInterceptorChain.java:37)
	at org.junit.jupiter.engine.execution.InterceptingExecutableInvoker.invoke(InterceptingExecutableInvoker.java:92)
	at org.junit.jupiter.engine.execution.InterceptingExecutableInvoker.invoke(InterceptingExecutableInvoker.java:86)
	at org.junit.jupiter.engine.descriptor.ClassBasedTestDescriptor.invokeMethodInExtensionContext(ClassBasedTestDescriptor.java:521)
	at org.junit.jupiter.engine.descriptor.ClassBasedTestDescriptor.lambda$synthesizeBeforeEachMethodAdapter$23(ClassBasedTestDescriptor.java:506)
	at org.junit.jupiter.engine.descriptor.TestMethodTestDescriptor.lambda$invokeBeforeEachMethods$3(TestMethodTestDescriptor.java:175)
	at org.junit.jupiter.engine.descriptor.TestMethodTestDescriptor.lambda$invokeBeforeMethodsOrCallbacksUntilExceptionOccurs$6(TestMethodTestDescriptor.java:203)
	at org.junit.platform.engine.support.hierarchical.ThrowableCollector.execute(ThrowableCollector.java:73)
	at org.junit.jupiter.engine.descriptor.TestMethodTestDescriptor.invokeBeforeMethodsOrCallbacksUntilExceptionOccurs(TestMethodTestDescriptor.java:203)
	at org.junit.jupiter.engine.descriptor.TestMethodTestDescriptor.invokeBeforeEachMethods(TestMethodTestDescriptor.java:172)
	at org.junit.jupiter.engine.descriptor.TestMethodTestDescriptor.execute(TestMethodTestDescriptor.java:135)
	at org.junit.jupiter.engine.descriptor.TestMethodTestDescriptor.execute(TestMethodTestDescriptor.java:69)
	at org.junit.platform.engine.support.hierarchical.NodeTestTask.lambda$executeRecursively$6(NodeTestTask.java:151)
	at org.junit.platform.engine.support.hierarchical.ThrowableCollector.execute(ThrowableCollector.java:73)
	at org.junit.platform.engine.support.hierarchical.NodeTestTask.lambda$executeRecursively$8(NodeTestTask.java:141)
	at org.junit.platform.engine.support.hierarchical.Node.around(Node.java:137)
	at org.junit.platform.engine.support.hierarchical.NodeTestTask.lambda$executeRecursively$9(NodeTestTask.java:139)
	at org.junit.platform.engine.support.hierarchical.ThrowableCollector.execute(ThrowableCollector.java:73)
	at org.junit.platform.engine.support.hierarchical.NodeTestTask.executeRecursively(NodeTestTask.java:138)
	at org.junit.platform.engine.support.hierarchical.NodeTestTask.execute(NodeTestTask.java:95)
	at java.base/java.util.ArrayList.forEach(ArrayList.java:1511)
	at org.junit.platform.engine.support.hierarchical.SameThreadHierarchicalTestExecutorService.invokeAll(SameThreadHierarchicalTestExecutorService.java:41)
	at org.junit.platform.engine.support.hierarchical.NodeTestTask.lambda$executeRecursively$6(NodeTestTask.java:155)
	at org.junit.platform.engine.support.hierarchical.ThrowableCollector.execute(ThrowableCollector.java:73)
	at org.junit.platform.engine.support.hierarchical.NodeTestTask.lambda$executeRecursively$8(NodeTestTask.java:141)
	at org.junit.platform.engine.support.hierarchical.Node.around(Node.java:137)
	at org.junit.platform.engine.support.hierarchical.NodeTestTask.lambda$executeRecursively$9(NodeTestTask.java:139)
	at org.junit.platform.engine.support.hierarchical.ThrowableCollector.execute(ThrowableCollector.java:73)
	at org.junit.platform.engine.support.hierarchical.NodeTestTask.executeRecursively(NodeTestTask.java:138)
	at org.junit.platform.engine.support.hierarchical.NodeTestTask.execute(NodeTestTask.java:95)
	at java.base/java.util.ArrayList.forEach(ArrayList.java:1511)
	at org.junit.platform.engine.support.hierarchical.SameThreadHierarchicalTestExecutorService.invokeAll(SameThreadHierarchicalTestExecutorService.java:41)
	at org.junit.platform.engine.support.hierarchical.NodeTestTask.lambda$executeRecursively$6(NodeTestTask.java:155)
	at org.junit.platform.engine.support.hierarchical.ThrowableCollector.execute(ThrowableCollector.java:73)
	at org.junit.platform.engine.support.hierarchical.NodeTestTask.lambda$executeRecursively$8(NodeTestTask.java:141)
	at org.junit.platform.engine.support.hierarchical.Node.around(Node.java:137)
	at org.junit.platform.engine.support.hierarchical.NodeTestTask.lambda$executeRecursively$9(NodeTestTask.java:139)
	at org.junit.platform.engine.support.hierarchical.ThrowableCollector.execute(ThrowableCollector.java:73)
	at org.junit.platform.engine.support.hierarchical.NodeTestTask.executeRecursively(NodeTestTask.java:138)
	at org.junit.platform.engine.support.hierarchical.NodeTestTask.execute(NodeTestTask.java:95)
	at org.junit.platform.engine.support.hierarchical.SameThreadHierarchicalTestExecutorService.submit(SameThreadHierarchicalTestExecutorService.java:35)
	at org.junit.platform.engine.support.hierarchical.HierarchicalTestExecutor.execute(HierarchicalTestExecutor.java:57)
	at org.junit.platform.engine.support.hierarchical.HierarchicalTestEngine.execute(HierarchicalTestEngine.java:54)
	at org.junit.platform.launcher.core.EngineExecutionOrchestrator.execute(EngineExecutionOrchestrator.java:198)
	at org.junit.platform.launcher.core.EngineExecutionOrchestrator.execute(EngineExecutionOrchestrator.java:169)
	at org.junit.platform.launcher.core.EngineExecutionOrchestrator.execute(EngineExecutionOrchestrator.java:93)
	at org.junit.platform.launcher.core.EngineExecutionOrchestrator.lambda$execute$0(EngineExecutionOrchestrator.java:58)
	at org.junit.platform.launcher.core.EngineExecutionOrchestrator.withInterceptedStreams(EngineExecutionOrchestrator.java:141)
	at org.junit.platform.launcher.core.EngineExecutionOrchestrator.execute(EngineExecutionOrchestrator.java:57)
	at org.junit.platform.launcher.core.DefaultLauncher.execute(DefaultLauncher.java:103)
	at org.junit.platform.launcher.core.DefaultLauncher.execute(DefaultLauncher.java:85)
	at org.junit.platform.launcher.core.DelegatingLauncher.execute(DelegatingLauncher.java:47)
	at org.junit.platform.launcher.core.SessionPerRequestLauncher.execute(SessionPerRequestLauncher.java:63)
	at org.apache.maven.surefire.junitplatform.JUnitPlatformProvider.invokeAllTests(JUnitPlatformProvider.java:154)
	at org.apache.maven.surefire.junitplatform.JUnitPlatformProvider.invoke(JUnitPlatformProvider.java:123)
	at org.apache.maven.surefire.booter.ForkedBooter.runSuitesInProcess(ForkedBooter.java:377)
	at org.apache.maven.surefire.booter.ForkedBooter.execute(ForkedBooter.java:138)
	at org.apache.maven.surefire.booter.ForkedBooter.run(ForkedBooter.java:465)
	at org.apache.maven.surefire.booter.ForkedBooter.main(ForkedBooter.java:451)
2024-07-22 09:21:55,432 [main] INFO  om.OzoneManager (OzoneManager.java:addS3GVolumeToDB(4463)) - Created Volume s3v With Owner runner required for S3Gateway operations.
2024-07-22 09:21:55,434 [main] INFO  om.OzoneManager (OzoneManager.java:getRpcServer(1228)) - Creating RPC Server
2024-07-22 09:21:56,164 [main] INFO  reflections.Reflections (Reflections.java:scan(219)) - Reflections took 673 ms to scan 20 urls, producing 59 keys and 6640 values
2024-07-22 09:21:56,307 [main] INFO  ipc.CallQueueManager (CallQueueManager.java:<init>(90)) - Using callQueue: class java.util.concurrent.LinkedBlockingQueue, queueCapacity: 2000, scheduler: class org.apache.hadoop.ipc.DefaultRpcScheduler, ipcBackoff: false.
2024-07-22 09:21:56,307 [main] INFO  ipc.Server (Server.java:<init>(1287)) - Listener at 127.0.0.1:15004
2024-07-22 09:21:56,308 [Socket Reader #1 for port 15004] INFO  ipc.Server (Server.java:run(1323)) - Starting Socket Reader #1 for port 15004
2024-07-22 09:21:56,336 [main] INFO  impl.MetricsSystemImpl (MetricsSystemImpl.java:init(158)) - OzoneManager metrics system started (again)
2024-07-22 09:21:56,347 [main] INFO  om.OzoneManager (OzoneManager.java:start(1650)) - OzoneManager RPC server is listening at localhost/127.0.0.1:15004
2024-07-22 09:21:56,349 [main] INFO  om.OzoneManager (OzoneManager.java:start(1666)) - Version File has different layout version (6) than OM DB (null). That is expected if this OM has never been finalized to a newer layout version.
2024-07-22 09:21:56,363 [main] INFO  client.ScmTopologyClient (ScmTopologyClient.java:start(72)) - Initial network topology fetched from SCM: /.
2024-07-22 09:21:56,363 [main] INFO  net.NodeSchemaLoader (NodeSchemaLoader.java:loadSchemaFromFile(129)) - Loading schema from [jar:file:/home/runner/work/ozone/ozone/hadoop-hdds/common/target/hdds-common-1.5.0-SNAPSHOT.jar!/network-topology-default.xml]
2024-07-22 09:21:56,364 [main] INFO  net.NodeSchemaLoader (NodeSchemaLoader.java:loadSchema(176)) - Loading network topology layer schema file
2024-07-22 09:21:56,388 [main] INFO  http.BaseHttpServer (BaseHttpServer.java:newHttpServer2BuilderForOzone(223)) - Starting Web-server for ozoneManager at: http://0.0.0.0:15005
2024-07-22 09:21:56,389 [main] INFO  http.BaseHttpServer (BaseHttpServer.java:<init>(110)) - Hadoop Security Enabled: false Ozone Security Enabled: false Ozone HTTP Security Enabled: false 
2024-07-22 09:21:56,392 [main] WARN  server.AuthenticationFilter (AuthenticationFilter.java:constructSecretProvider(240)) - Unable to initialize FileSignerSecretProvider, falling back to use random secrets. Reason: Could not read signature secret file: /home/runner/hadoop-http-auth-signature-secret
2024-07-22 09:21:56,394 [main] INFO  http.HttpRequestLog (HttpRequestLog.java:getRequestLog(86)) - Http request log for http.requests.ozoneManager is not defined
2024-07-22 09:21:56,396 [main] INFO  http.HttpServer2 (HttpServer2.java:addGlobalFilter(1035)) - Added global filter 'safety' (class=org.apache.hadoop.hdds.server.http.HttpServer2$QuotingInputFilter)
2024-07-22 09:21:56,398 [main] INFO  http.HttpServer2 (HttpServer2.java:addFilter(1011)) - Added filter static_user_filter (class=org.apache.hadoop.http.lib.StaticUserWebFilter$StaticUserFilter) to context ozoneManager
2024-07-22 09:21:56,399 [main] INFO  http.HttpServer2 (HttpServer2.java:addFilter(1019)) - Added filter static_user_filter (class=org.apache.hadoop.http.lib.StaticUserWebFilter$StaticUserFilter) to context static
2024-07-22 09:21:56,400 [main] INFO  http.HttpServer2 (HttpServer2.java:addFilter(1019)) - Added filter static_user_filter (class=org.apache.hadoop.http.lib.StaticUserWebFilter$StaticUserFilter) to context logs
2024-07-22 09:21:56,401 [main] INFO  http.BaseHttpServer (BaseHttpServer.java:<init>(189)) - HTTP server of ozoneManager uses base directory /home/runner/work/ozone/ozone/hadoop-ozone/integration-test/target/test-dir/MiniOzoneClusterImpl-4478e412-ba5d-49c0-9319-4f1e6a18fdaa/ozone-meta/webserver
2024-07-22 09:21:56,405 [main] INFO  http.HttpServer2 (HttpServer2.java:bindListener(1235)) - Jetty bound to port 15005
2024-07-22 09:21:56,405 [main] INFO  server.Server (Server.java:doStart(375)) - jetty-9.4.55.v20240627; built: 2024-06-27T15:05:37.765Z; git: 70015831e5195ba74da6383c4ab7c90c56bb08af; jvm 17.0.11+9
2024-07-22 09:21:56,418 [main] INFO  server.session (DefaultSessionIdManager.java:doStart(334)) - DefaultSessionIdManager workerName=node0
2024-07-22 09:21:56,418 [main] INFO  server.session (DefaultSessionIdManager.java:doStart(339)) - No SessionScavenger set, using defaults
2024-07-22 09:21:56,418 [main] INFO  server.session (HouseKeeper.java:startScavenging(132)) - node0 Scavenging every 660000ms
2024-07-22 09:21:56,421 [main] INFO  handler.ContextHandler (ContextHandler.java:doStart(921)) - Started o.e.j.s.ServletContextHandler@7e1321fd{logs,/logs,file:///home/runner/work/ozone/ozone/hadoop-ozone/integration-test/target/log,AVAILABLE}
2024-07-22 09:21:56,422 [main] INFO  handler.ContextHandler (ContextHandler.java:doStart(921)) - Started o.e.j.s.ServletContextHandler@b92cdf9{static,/static,file:///home/runner/work/ozone/ozone/hadoop-ozone/integration-test/target/test-classes/webapps/static,AVAILABLE}
2024-07-22 09:21:56,431 [main] INFO  handler.ContextHandler (ContextHandler.java:doStart(921)) - Started o.e.j.w.WebAppContext@1ac24c17{ozoneManager,/,file:///home/runner/work/ozone/ozone/hadoop-ozone/integration-test/target/test-classes/webapps/ozoneManager/,AVAILABLE}{file:/home/runner/work/ozone/ozone/hadoop-ozone/integration-test/target/test-classes/webapps/ozoneManager}
2024-07-22 09:21:56,433 [main] INFO  server.AbstractConnector (AbstractConnector.java:doStart(333)) - Started ServerConnector@109a28c8{HTTP/1.1, (http/1.1)}{0.0.0.0:15005}
2024-07-22 09:21:56,433 [main] INFO  server.Server (Server.java:doStart(415)) - Started @5734ms
2024-07-22 09:21:56,434 [main] WARN  impl.MetricsSystemImpl (MetricsSystemImpl.java:register(279)) - Sink prometheus already exists!
2024-07-22 09:21:56,435 [main] INFO  http.BaseHttpServer (BaseHttpServer.java:updateConnectorAddress(354)) - HTTP server of ozoneManager listening at http://0.0.0.0:15005
2024-07-22 09:21:56,436 [IPC Server Responder] INFO  ipc.Server (Server.java:run(1562)) - IPC Server Responder: starting
2024-07-22 09:21:56,436 [IPC Server listener on 15004] INFO  ipc.Server (Server.java:run(1402)) - IPC Server listener on 15004: starting
2024-07-22 09:21:56,464 [main] INFO  om.OzoneManager (OzoneManager.java:startTrashEmptier(2121)) - Trash Interval set to 0. Files deleted won't move to trash
2024-07-22 09:21:56,469 [JvmPauseMonitor1] INFO  util.JvmPauseMonitor (JvmPauseMonitor.java:run(146)) - JvmPauseMonitor-3df4f55b-58d9-43e6-9eea-4df57ffc583d: Started
2024-07-22 09:21:56,476 [main] INFO  db.CodecBuffer (CodecBuffer.java:set(63)) - Successfully set constructor to org.apache.hadoop.hdds.utils.db.CodecBuffer$$Lambda$922/0x00007f9c24676380@3a721396
2024-07-22 09:21:56,569 [main] INFO  impl.MetricsSystemImpl (MetricsSystemImpl.java:init(158)) - HddsDatanode metrics system started (again)
2024-07-22 09:21:56,591 [main] INFO  ozone.HddsDatanodeService (HddsDatanodeService.java:start(236)) - HddsDatanodeService host:fv-az1018-685.rl0eir1mf1ienctnmugi53kcld.ex.internal.cloudapp.net ip:10.1.0.32
2024-07-22 09:21:56,596 [main] INFO  upgrade.AbstractLayoutVersionManager (AbstractLayoutVersionManager.java:init(83)) - Initializing Layout version manager with metadata layout = HADOOP_PRC_PORTS_IN_DATANODEDETAILS (version = 7), software layout = HADOOP_PRC_PORTS_IN_DATANODEDETAILS (version = 7)
2024-07-22 09:21:56,598 [main] INFO  statemachine.DatanodeStateMachine (DatanodeStateMachine.java:getEndPointTaskThreadPoolSize(293)) - Datanode State Machine Task Thread Pool size 2
2024-07-22 09:21:56,639 [main] INFO  volume.HddsVolume (HddsVolume.java:<init>(126)) - Creating HddsVolume: /home/runner/work/ozone/ozone/hadoop-ozone/integration-test/target/test-dir/MiniOzoneClusterImpl-4478e412-ba5d-49c0-9319-4f1e6a18fdaa/ozone-meta/datanode-1/data-0/hdds of storage type : DISK capacity : 9222449699674390527
2024-07-22 09:21:56,641 [main] INFO  volume.MutableVolumeSet (MutableVolumeSet.java:initializeVolumeSet(173)) - Added Volume : /home/runner/work/ozone/ozone/hadoop-ozone/integration-test/target/test-dir/MiniOzoneClusterImpl-4478e412-ba5d-49c0-9319-4f1e6a18fdaa/ozone-meta/datanode-1/data-0/hdds to VolumeSet
2024-07-22 09:21:56,644 [main] INFO  volume.MutableVolumeSet (MutableVolumeSet.java:initializeVolumeSet(173)) - Added Volume : /home/runner/work/ozone/ozone/hadoop-ozone/integration-test/target/test-dir/MiniOzoneClusterImpl-4478e412-ba5d-49c0-9319-4f1e6a18fdaa/ozone-meta/datanode-1/ratis to VolumeSet
2024-07-22 09:21:56,646 [main] INFO  ozoneimpl.OzoneContainer (HddsVolumeUtil.java:loadAllHddsVolumeDbStore(103)) - Load 1 volumes DbStore cost: 0ms
2024-07-22 09:21:56,689 [main] INFO  audit.AuditLogger (AuditLogger.java:refreshDebugCmdSet(135)) - Refresh DebugCmdSet for DNAudit to [].
2024-07-22 09:21:56,751 [main] INFO  server.RaftServer (ConfUtils.java:logGet(46)) - raft.rpc.type = GRPC (default)
2024-07-22 09:21:56,763 [main] INFO  grpc.GrpcConfigKeys (ConfUtils.java:logFallback(53)) - raft.grpc.admin.host = null (fallback to raft.grpc.server.host)
2024-07-22 09:21:56,764 [main] INFO  grpc.GrpcConfigKeys (ConfUtils.java:logGet(46)) - raft.grpc.admin.port = 15013 (custom)
2024-07-22 09:21:56,765 [main] INFO  grpc.GrpcConfigKeys (ConfUtils.java:logFallback(53)) - raft.grpc.client.host = null (fallback to raft.grpc.server.host)
2024-07-22 09:21:56,766 [main] INFO  grpc.GrpcConfigKeys (ConfUtils.java:logGet(46)) - raft.grpc.client.port = 15012 (custom)
2024-07-22 09:21:56,766 [main] INFO  grpc.GrpcConfigKeys (ConfUtils.java:logGet(46)) - raft.grpc.server.host = null (default)
2024-07-22 09:21:56,766 [main] INFO  grpc.GrpcConfigKeys (ConfUtils.java:logGet(46)) - raft.grpc.server.port = 15014 (custom)
2024-07-22 09:21:56,767 [main] INFO  server.GrpcService (ConfUtils.java:logGet(46)) - raft.grpc.message.size.max = 32MB (=33554432) (custom)
2024-07-22 09:21:56,767 [main] INFO  server.RaftServerConfigKeys (ConfUtils.java:logGet(46)) - raft.server.log.appender.buffer.byte-limit = 8388608 (custom)
2024-07-22 09:21:56,768 [main] INFO  server.GrpcService (ConfUtils.java:logGet(46)) - raft.grpc.flow.control.window = 5MB (=5242880) (custom)
2024-07-22 09:21:56,768 [main] INFO  server.RaftServerConfigKeys (ConfUtils.java:logGet(46)) - raft.server.rpc.request.timeout = 60s (custom)
2024-07-22 09:21:56,774 [main] INFO  grpc.GrpcConfigKeys (ConfUtils.java:logGet(46)) - raft.grpc.server.heartbeat.channel = true (default)
2024-07-22 09:21:56,777 [main] INFO  grpc.GrpcConfigKeys (ConfUtils.java:logGet(46)) - raft.grpc.server.async.request.thread.pool.cached = true (default)
2024-07-22 09:21:56,778 [main] INFO  grpc.GrpcConfigKeys (ConfUtils.java:logGet(46)) - raft.grpc.server.async.request.thread.pool.size = 32 (default)
2024-07-22 09:21:56,903 [main] INFO  impl.DataStreamServerImpl (ConfUtils.java:logGet(46)) - raft.datastream.type = NETTY (custom)
2024-07-22 09:21:56,918 [main] INFO  server.RaftServerConfigKeys (ConfUtils.java:logGet(46)) - raft.server.data-stream.async.request.thread.pool.cached = false (default)
2024-07-22 09:21:56,918 [main] INFO  server.RaftServerConfigKeys (ConfUtils.java:logGet(46)) - raft.server.data-stream.async.request.thread.pool.size = 20 (custom)
2024-07-22 09:21:56,919 [main] INFO  server.RaftServerConfigKeys (ConfUtils.java:logGet(46)) - raft.server.data-stream.async.write.thread.pool.size = 16 (default)
2024-07-22 09:21:56,920 [main] INFO  netty.NettyConfigKeys$DataStream (ConfUtils.java:logGet(46)) - raft.netty.dataStream.server.channel.inactive.grace-period = 10min (default)
2024-07-22 09:21:56,921 [main] INFO  server.RaftServerConfigKeys (ConfUtils.java:logGet(46)) - raft.server.data-stream.client.pool.size = 10 (default)
2024-07-22 09:21:56,922 [main] INFO  netty.NettyConfigKeys$DataStream (ConfUtils.java:logGet(46)) - raft.netty.dataStream.server.use-epoll = true (default)
2024-07-22 09:21:56,922 [main] INFO  netty.NettyConfigKeys$DataStream (ConfUtils.java:logGet(46)) - raft.netty.dataStream.server.boss-group.size = 0 (default)
2024-07-22 09:21:56,923 [main] INFO  netty.NettyUtils (NettyUtils.java:newEventLoopGroup(74)) - Create EpollEventLoopGroup for ad117ebe-3568-403d-bc57-6f7f1929bcc4-NettyServerStreamRpc-bossGroup; Thread size is 0.
2024-07-22 09:21:56,924 [main] INFO  netty.NettyConfigKeys$DataStream (ConfUtils.java:logGet(46)) - raft.netty.dataStream.server.worker-group.size = 0 (default)
2024-07-22 09:21:56,924 [main] INFO  netty.NettyUtils (NettyUtils.java:newEventLoopGroup(74)) - Create EpollEventLoopGroup for ad117ebe-3568-403d-bc57-6f7f1929bcc4-NettyServerStreamRpc-workerGroup; Thread size is 0.
2024-07-22 09:21:56,945 [main] INFO  netty.NettyConfigKeys$DataStream (ConfUtils.java:logGet(46)) - raft.netty.dataStream.server.tls.conf = null (default)
2024-07-22 09:21:56,947 [main] INFO  netty.NettyConfigKeys$DataStream (ConfUtils.java:logGet(46)) - raft.netty.dataStream.host = null (default)
2024-07-22 09:21:56,947 [main] INFO  netty.NettyConfigKeys$DataStream (ConfUtils.java:logGet(46)) - raft.netty.dataStream.port = 15015 (custom)
2024-07-22 09:21:56,976 [main] INFO  server.RaftServerConfigKeys (ConfUtils.java:logGet(46)) - raft.server.sleep.deviation.threshold = 300ms (default)
2024-07-22 09:21:56,977 [main] INFO  server.RaftServerConfigKeys (ConfUtils.java:logGet(46)) - raft.server.close.threshold = 60s (default)
2024-07-22 09:21:56,977 [main] INFO  server.RaftServerConfigKeys (ConfUtils.java:logGet(46)) - raft.server.leaderelection.leader.step-down.wait-time = 10s (default)
2024-07-22 09:21:56,978 [main] INFO  server.RaftServerConfigKeys (ConfUtils.java:logGet(46)) - raft.server.storage.dir = [/home/runner/work/ozone/ozone/hadoop-ozone/integration-test/target/test-dir/MiniOzoneClusterImpl-4478e412-ba5d-49c0-9319-4f1e6a18fdaa/ozone-meta/datanode-1/ratis] (custom)
2024-07-22 09:21:56,979 [main] INFO  server.RaftServerConfigKeys (ConfUtils.java:logGet(46)) - raft.server.threadpool.proxy.cached = true (default)
2024-07-22 09:21:56,980 [main] INFO  server.RaftServerConfigKeys (ConfUtils.java:logGet(46)) - raft.server.threadpool.proxy.size = 0 (default)
2024-07-22 09:21:56,986 [ad117ebe-3568-403d-bc57-6f7f1929bcc4-impl-thread1] INFO  server.RaftServer (RaftServerProxy.java:initGroupDir(266)) - ad117ebe-3568-403d-bc57-6f7f1929bcc4: found a subdirectory /home/runner/work/ozone/ozone/hadoop-ozone/integration-test/target/test-dir/MiniOzoneClusterImpl-4478e412-ba5d-49c0-9319-4f1e6a18fdaa/ozone-meta/datanode-1/ratis/tmp
2024-07-22 09:21:56,986 [ad117ebe-3568-403d-bc57-6f7f1929bcc4-impl-thread1] INFO  server.RaftServer (RaftServerProxy.java:initGroupDir(271)) - ad117ebe-3568-403d-bc57-6f7f1929bcc4: The directory /home/runner/work/ozone/ozone/hadoop-ozone/integration-test/target/test-dir/MiniOzoneClusterImpl-4478e412-ba5d-49c0-9319-4f1e6a18fdaa/ozone-meta/datanode-1/ratis/tmp is not a group directory; ignoring it. 
2024-07-22 09:21:56,989 [main] INFO  replication.ReplicationServer (ReplicationServer.java:<init>(86)) - Initializing replication server with thread count = 10 queue length = 4096
2024-07-22 09:21:56,991 [ad117ebe-3568-403d-bc57-6f7f1929bcc4-NettyServerStreamRpc-bossGroup--thread1] INFO  logging.LoggingHandler (AbstractInternalLogger.java:log(148)) - [id: 0xbfd1fd8b] REGISTERED
2024-07-22 09:21:56,997 [ad117ebe-3568-403d-bc57-6f7f1929bcc4-NettyServerStreamRpc-bossGroup--thread1] INFO  logging.LoggingHandler (AbstractInternalLogger.java:log(148)) - [id: 0xbfd1fd8b] BIND: 0.0.0.0/0.0.0.0:15015
2024-07-22 09:21:57,000 [ad117ebe-3568-403d-bc57-6f7f1929bcc4-NettyServerStreamRpc-bossGroup--thread1] INFO  logging.LoggingHandler (AbstractInternalLogger.java:log(148)) - [id: 0xbfd1fd8b, L:/0.0.0.0:15015] ACTIVE
2024-07-22 09:21:57,011 [main] INFO  server.XceiverServerGrpc (XceiverServerGrpc.java:<init>(141)) - GrpcServer channel type EpollServerSocketChannel
2024-07-22 09:21:57,043 [main] INFO  replication.ReplicationSupervisor (ReplicationSupervisor.java:build(157)) - Initializing replication supervisor with thread count = 10
2024-07-22 09:21:57,044 [main] INFO  replication.ReplicationSupervisor (ReplicationSupervisor.java:nodeStateUpdated(312)) - Node state updated to IN_SERVICE, scaling executor pool size to 10
2024-07-22 09:21:57,105 [main] INFO  http.BaseHttpServer (BaseHttpServer.java:newHttpServer2BuilderForOzone(223)) - Starting Web-server for hddsDatanode at: http://0.0.0.0:15009
2024-07-22 09:21:57,106 [main] INFO  http.BaseHttpServer (BaseHttpServer.java:<init>(110)) - Hadoop Security Enabled: false Ozone Security Enabled: false Ozone HTTP Security Enabled: false 
2024-07-22 09:21:57,108 [main] WARN  server.AuthenticationFilter (AuthenticationFilter.java:constructSecretProvider(240)) - Unable to initialize FileSignerSecretProvider, falling back to use random secrets. Reason: Could not read signature secret file: /home/runner/hadoop-http-auth-signature-secret
2024-07-22 09:21:57,109 [main] INFO  http.HttpRequestLog (HttpRequestLog.java:getRequestLog(86)) - Http request log for http.requests.hddsDatanode is not defined
2024-07-22 09:21:57,111 [main] INFO  http.HttpServer2 (HttpServer2.java:addGlobalFilter(1035)) - Added global filter 'safety' (class=org.apache.hadoop.hdds.server.http.HttpServer2$QuotingInputFilter)
2024-07-22 09:21:57,112 [main] INFO  http.HttpServer2 (HttpServer2.java:addFilter(1011)) - Added filter static_user_filter (class=org.apache.hadoop.http.lib.StaticUserWebFilter$StaticUserFilter) to context hddsDatanode
2024-07-22 09:21:57,112 [main] INFO  http.HttpServer2 (HttpServer2.java:addFilter(1019)) - Added filter static_user_filter (class=org.apache.hadoop.http.lib.StaticUserWebFilter$StaticUserFilter) to context static
2024-07-22 09:21:57,112 [main] INFO  http.HttpServer2 (HttpServer2.java:addFilter(1019)) - Added filter static_user_filter (class=org.apache.hadoop.http.lib.StaticUserWebFilter$StaticUserFilter) to context logs
2024-07-22 09:21:57,113 [main] INFO  http.BaseHttpServer (BaseHttpServer.java:<init>(189)) - HTTP server of hddsDatanode uses base directory /home/runner/work/ozone/ozone/hadoop-ozone/integration-test/target/test-dir/MiniOzoneClusterImpl-4478e412-ba5d-49c0-9319-4f1e6a18fdaa/ozone-meta/datanode-1/meta/webserver
2024-07-22 09:21:57,114 [main] INFO  http.HttpServer2 (HttpServer2.java:bindListener(1235)) - Jetty bound to port 15009
2024-07-22 09:21:57,114 [main] INFO  server.Server (Server.java:doStart(375)) - jetty-9.4.55.v20240627; built: 2024-06-27T15:05:37.765Z; git: 70015831e5195ba74da6383c4ab7c90c56bb08af; jvm 17.0.11+9
2024-07-22 09:21:57,125 [main] INFO  server.session (DefaultSessionIdManager.java:doStart(334)) - DefaultSessionIdManager workerName=node0
2024-07-22 09:21:57,125 [main] INFO  server.session (DefaultSessionIdManager.java:doStart(339)) - No SessionScavenger set, using defaults
2024-07-22 09:21:57,126 [main] INFO  server.session (HouseKeeper.java:startScavenging(132)) - node0 Scavenging every 600000ms
2024-07-22 09:21:57,126 [main] INFO  handler.ContextHandler (ContextHandler.java:doStart(921)) - Started o.e.j.s.ServletContextHandler@30e67f98{logs,/logs,file:///home/runner/work/ozone/ozone/hadoop-ozone/integration-test/target/log,AVAILABLE}
2024-07-22 09:21:57,127 [main] INFO  handler.ContextHandler (ContextHandler.java:doStart(921)) - Started o.e.j.s.ServletContextHandler@7c654cfc{static,/static,jar:file:/home/runner/work/ozone/ozone/hadoop-hdds/container-service/target/hdds-container-service-1.5.0-SNAPSHOT.jar!/webapps/static,AVAILABLE}
2024-07-22 09:21:57,405 [main] INFO  handler.ContextHandler (ContextHandler.java:doStart(921)) - Started o.e.j.w.WebAppContext@1618b4fa{hddsDatanode,/,file:///home/runner/work/ozone/ozone/hadoop-ozone/integration-test/target/test-dir/MiniOzoneClusterImpl-4478e412-ba5d-49c0-9319-4f1e6a18fdaa/ozone-meta/datanode-1/meta/webserver/jetty-0_0_0_0-15009-hdds-container-service-1_5_0-SNAPSHOT_jar-_-any-3249396053219233225/webapp/,AVAILABLE}{jar:file:/home/runner/work/ozone/ozone/hadoop-hdds/container-service/target/hdds-container-service-1.5.0-SNAPSHOT.jar!/webapps/hddsDatanode}
2024-07-22 09:21:57,406 [main] INFO  server.AbstractConnector (AbstractConnector.java:doStart(333)) - Started ServerConnector@357d4b6d{HTTP/1.1, (http/1.1)}{0.0.0.0:15009}
2024-07-22 09:21:57,406 [main] INFO  server.Server (Server.java:doStart(415)) - Started @6707ms
2024-07-22 09:21:57,406 [main] WARN  impl.MetricsSystemImpl (MetricsSystemImpl.java:register(279)) - Sink prometheus already exists!
2024-07-22 09:21:57,407 [main] INFO  http.BaseHttpServer (BaseHttpServer.java:updateConnectorAddress(354)) - HTTP server of hddsDatanode listening at http://0.0.0.0:15009
2024-07-22 09:21:57,410 [main] INFO  ipc.CallQueueManager (CallQueueManager.java:<init>(90)) - Using callQueue: class java.util.concurrent.LinkedBlockingQueue, queueCapacity: 100, scheduler: class org.apache.hadoop.ipc.DefaultRpcScheduler, ipcBackoff: false.
2024-07-22 09:21:57,411 [main] INFO  ipc.Server (Server.java:<init>(1287)) - Listener at 0.0.0.0:15010
2024-07-22 09:21:57,412 [Socket Reader #1 for port 15010] INFO  ipc.Server (Server.java:run(1323)) - Starting Socket Reader #1 for port 15010
2024-07-22 09:21:57,415 [main] INFO  ozone.HddsDatanodeService (HddsDatanodeService.java:start(320)) - Datanode start with admins: [runner]
2024-07-22 09:21:57,415 [main] INFO  ozone.HddsDatanodeClientProtocolServer (HddsDatanodeClientProtocolServer.java:start(77)) - RPC server for Client /0.0.0.0:15010
2024-07-22 09:21:57,416 [IPC Server Responder] INFO  ipc.Server (Server.java:run(1562)) - IPC Server Responder: starting
2024-07-22 09:21:57,416 [IPC Server listener on 15010] INFO  ipc.Server (Server.java:run(1402)) - IPC Server listener on 15010: starting
2024-07-22 09:21:57,417 [ad117ebe-3568-403d-bc57-6f7f1929bcc4-DatanodeStateMachineDaemonThread] INFO  statemachine.DatanodeStateMachine (DatanodeStateMachine.java:lambda$startDaemon$1(545)) - Ozone container server started.
2024-07-22 09:21:57,421 [main] WARN  dropwizard3.Dm3MetricRegistriesImpl (Dm3MetricRegistriesImpl.java:addReporterRegistration(114)) - New reporters are added after registries were created. Some metrics will be missing from the reporter. Please add reporter before adding any new registry.
2024-07-22 09:21:57,421 [main] WARN  dropwizard3.Dm3MetricRegistriesImpl (Dm3MetricRegistriesImpl.java:addReporterRegistration(114)) - New reporters are added after registries were created. Some metrics will be missing from the reporter. Please add reporter before adding any new registry.
2024-07-22 09:21:57,425 [main] INFO  impl.MetricsSystemImpl (MetricsSystemImpl.java:init(158)) - HddsDatanode metrics system started (again)
2024-07-22 09:21:57,441 [main] INFO  ozone.HddsDatanodeService (HddsDatanodeService.java:start(236)) - HddsDatanodeService host:fv-az1018-685.rl0eir1mf1ienctnmugi53kcld.ex.internal.cloudapp.net ip:10.1.0.32
2024-07-22 09:21:57,444 [main] INFO  upgrade.AbstractLayoutVersionManager (AbstractLayoutVersionManager.java:init(83)) - Initializing Layout version manager with metadata layout = HADOOP_PRC_PORTS_IN_DATANODEDETAILS (version = 7), software layout = HADOOP_PRC_PORTS_IN_DATANODEDETAILS (version = 7)
2024-07-22 09:21:57,445 [main] INFO  statemachine.DatanodeStateMachine (DatanodeStateMachine.java:getEndPointTaskThreadPoolSize(293)) - Datanode State Machine Task Thread Pool size 2
2024-07-22 09:21:57,450 [main] INFO  volume.HddsVolume (HddsVolume.java:<init>(126)) - Creating HddsVolume: /home/runner/work/ozone/ozone/hadoop-ozone/integration-test/target/test-dir/MiniOzoneClusterImpl-4478e412-ba5d-49c0-9319-4f1e6a18fdaa/ozone-meta/datanode-2/data-0/hdds of storage type : DISK capacity : 9222449699674390527
2024-07-22 09:21:57,451 [main] INFO  volume.MutableVolumeSet (MutableVolumeSet.java:initializeVolumeSet(173)) - Added Volume : /home/runner/work/ozone/ozone/hadoop-ozone/integration-test/target/test-dir/MiniOzoneClusterImpl-4478e412-ba5d-49c0-9319-4f1e6a18fdaa/ozone-meta/datanode-2/data-0/hdds to VolumeSet
2024-07-22 09:21:57,453 [main] INFO  volume.MutableVolumeSet (MutableVolumeSet.java:initializeVolumeSet(173)) - Added Volume : /home/runner/work/ozone/ozone/hadoop-ozone/integration-test/target/test-dir/MiniOzoneClusterImpl-4478e412-ba5d-49c0-9319-4f1e6a18fdaa/ozone-meta/datanode-2/ratis to VolumeSet
2024-07-22 09:21:57,454 [main] INFO  ozoneimpl.OzoneContainer (HddsVolumeUtil.java:loadAllHddsVolumeDbStore(103)) - Load 1 volumes DbStore cost: 0ms
2024-07-22 09:21:57,459 [main] INFO  server.RaftServer (ConfUtils.java:logGet(46)) - raft.rpc.type = GRPC (default)
2024-07-22 09:21:57,460 [main] INFO  grpc.GrpcConfigKeys (ConfUtils.java:logFallback(53)) - raft.grpc.admin.host = null (fallback to raft.grpc.server.host)
2024-07-22 09:21:57,460 [main] INFO  grpc.GrpcConfigKeys (ConfUtils.java:logGet(46)) - raft.grpc.admin.port = 15022 (custom)
2024-07-22 09:21:57,461 [main] INFO  grpc.GrpcConfigKeys (ConfUtils.java:logFallback(53)) - raft.grpc.client.host = null (fallback to raft.grpc.server.host)
2024-07-22 09:21:57,461 [main] INFO  grpc.GrpcConfigKeys (ConfUtils.java:logGet(46)) - raft.grpc.client.port = 15021 (custom)
2024-07-22 09:21:57,462 [main] INFO  grpc.GrpcConfigKeys (ConfUtils.java:logGet(46)) - raft.grpc.server.host = null (default)
2024-07-22 09:21:57,462 [main] INFO  grpc.GrpcConfigKeys (ConfUtils.java:logGet(46)) - raft.grpc.server.port = 15023 (custom)
2024-07-22 09:21:57,463 [main] INFO  server.GrpcService (ConfUtils.java:logGet(46)) - raft.grpc.message.size.max = 32MB (=33554432) (custom)
2024-07-22 09:21:57,464 [main] INFO  server.RaftServerConfigKeys (ConfUtils.java:logGet(46)) - raft.server.log.appender.buffer.byte-limit = 8388608 (custom)
2024-07-22 09:21:57,464 [main] INFO  server.GrpcService (ConfUtils.java:logGet(46)) - raft.grpc.flow.control.window = 5MB (=5242880) (custom)
2024-07-22 09:21:57,465 [main] INFO  server.RaftServerConfigKeys (ConfUtils.java:logGet(46)) - raft.server.rpc.request.timeout = 60s (custom)
2024-07-22 09:21:57,465 [main] INFO  grpc.GrpcConfigKeys (ConfUtils.java:logGet(46)) - raft.grpc.server.heartbeat.channel = true (default)
2024-07-22 09:21:57,466 [main] INFO  grpc.GrpcConfigKeys (ConfUtils.java:logGet(46)) - raft.grpc.server.async.request.thread.pool.cached = true (default)
2024-07-22 09:21:57,466 [main] INFO  grpc.GrpcConfigKeys (ConfUtils.java:logGet(46)) - raft.grpc.server.async.request.thread.pool.size = 32 (default)
2024-07-22 09:21:57,475 [main] INFO  impl.DataStreamServerImpl (ConfUtils.java:logGet(46)) - raft.datastream.type = NETTY (custom)
2024-07-22 09:21:57,476 [main] INFO  server.RaftServerConfigKeys (ConfUtils.java:logGet(46)) - raft.server.data-stream.async.request.thread.pool.cached = false (default)
2024-07-22 09:21:57,477 [main] INFO  server.RaftServerConfigKeys (ConfUtils.java:logGet(46)) - raft.server.data-stream.async.request.thread.pool.size = 20 (custom)
2024-07-22 09:21:57,477 [main] INFO  server.RaftServerConfigKeys (ConfUtils.java:logGet(46)) - raft.server.data-stream.async.write.thread.pool.size = 16 (default)
2024-07-22 09:21:57,478 [main] INFO  netty.NettyConfigKeys$DataStream (ConfUtils.java:logGet(46)) - raft.netty.dataStream.server.channel.inactive.grace-period = 10min (default)
2024-07-22 09:21:57,479 [main] INFO  server.RaftServerConfigKeys (ConfUtils.java:logGet(46)) - raft.server.data-stream.client.pool.size = 10 (default)
2024-07-22 09:21:57,479 [main] INFO  netty.NettyConfigKeys$DataStream (ConfUtils.java:logGet(46)) - raft.netty.dataStream.server.use-epoll = true (default)
2024-07-22 09:21:57,480 [main] INFO  netty.NettyConfigKeys$DataStream (ConfUtils.java:logGet(46)) - raft.netty.dataStream.server.boss-group.size = 0 (default)
2024-07-22 09:21:57,480 [main] INFO  netty.NettyUtils (NettyUtils.java:newEventLoopGroup(74)) - Create EpollEventLoopGroup for 1ba5db44-79b5-4f90-beb2-74b6002ac6d7-NettyServerStreamRpc-bossGroup; Thread size is 0.
2024-07-22 09:21:57,481 [main] INFO  netty.NettyConfigKeys$DataStream (ConfUtils.java:logGet(46)) - raft.netty.dataStream.server.worker-group.size = 0 (default)
2024-07-22 09:21:57,482 [main] INFO  netty.NettyUtils (NettyUtils.java:newEventLoopGroup(74)) - Create EpollEventLoopGroup for 1ba5db44-79b5-4f90-beb2-74b6002ac6d7-NettyServerStreamRpc-workerGroup; Thread size is 0.
2024-07-22 09:21:57,483 [main] INFO  netty.NettyConfigKeys$DataStream (ConfUtils.java:logGet(46)) - raft.netty.dataStream.server.tls.conf = null (default)
2024-07-22 09:21:57,484 [main] INFO  netty.NettyConfigKeys$DataStream (ConfUtils.java:logGet(46)) - raft.netty.dataStream.host = null (default)
2024-07-22 09:21:57,484 [main] INFO  netty.NettyConfigKeys$DataStream (ConfUtils.java:logGet(46)) - raft.netty.dataStream.port = 15024 (custom)
2024-07-22 09:21:57,489 [main] INFO  server.RaftServerConfigKeys (ConfUtils.java:logGet(46)) - raft.server.sleep.deviation.threshold = 300ms (default)
2024-07-22 09:21:57,489 [main] INFO  server.RaftServerConfigKeys (ConfUtils.java:logGet(46)) - raft.server.close.threshold = 60s (default)
2024-07-22 09:21:57,490 [main] INFO  server.RaftServerConfigKeys (ConfUtils.java:logGet(46)) - raft.server.leaderelection.leader.step-down.wait-time = 10s (default)
2024-07-22 09:21:57,491 [main] INFO  server.RaftServerConfigKeys (ConfUtils.java:logGet(46)) - raft.server.storage.dir = [/home/runner/work/ozone/ozone/hadoop-ozone/integration-test/target/test-dir/MiniOzoneClusterImpl-4478e412-ba5d-49c0-9319-4f1e6a18fdaa/ozone-meta/datanode-2/ratis] (custom)
2024-07-22 09:21:57,491 [main] INFO  server.RaftServerConfigKeys (ConfUtils.java:logGet(46)) - raft.server.threadpool.proxy.cached = true (default)
2024-07-22 09:21:57,492 [main] INFO  server.RaftServerConfigKeys (ConfUtils.java:logGet(46)) - raft.server.threadpool.proxy.size = 0 (default)
2024-07-22 09:21:57,493 [1ba5db44-79b5-4f90-beb2-74b6002ac6d7-NettyServerStreamRpc-bossGroup--thread1] INFO  logging.LoggingHandler (AbstractInternalLogger.java:log(148)) - [id: 0xede0c811] REGISTERED
2024-07-22 09:21:57,494 [1ba5db44-79b5-4f90-beb2-74b6002ac6d7-NettyServerStreamRpc-bossGroup--thread1] INFO  logging.LoggingHandler (AbstractInternalLogger.java:log(148)) - [id: 0xede0c811] BIND: 0.0.0.0/0.0.0.0:15024
2024-07-22 09:21:57,494 [1ba5db44-79b5-4f90-beb2-74b6002ac6d7-NettyServerStreamRpc-bossGroup--thread1] INFO  logging.LoggingHandler (AbstractInternalLogger.java:log(148)) - [id: 0xede0c811, L:/0.0.0.0:15024] ACTIVE
2024-07-22 09:21:57,499 [1ba5db44-79b5-4f90-beb2-74b6002ac6d7-impl-thread1] INFO  server.RaftServer (RaftServerProxy.java:initGroupDir(266)) - 1ba5db44-79b5-4f90-beb2-74b6002ac6d7: found a subdirectory /home/runner/work/ozone/ozone/hadoop-ozone/integration-test/target/test-dir/MiniOzoneClusterImpl-4478e412-ba5d-49c0-9319-4f1e6a18fdaa/ozone-meta/datanode-2/ratis/tmp
2024-07-22 09:21:57,499 [1ba5db44-79b5-4f90-beb2-74b6002ac6d7-impl-thread1] INFO  server.RaftServer (RaftServerProxy.java:initGroupDir(271)) - 1ba5db44-79b5-4f90-beb2-74b6002ac6d7: The directory /home/runner/work/ozone/ozone/hadoop-ozone/integration-test/target/test-dir/MiniOzoneClusterImpl-4478e412-ba5d-49c0-9319-4f1e6a18fdaa/ozone-meta/datanode-2/ratis/tmp is not a group directory; ignoring it. 
2024-07-22 09:21:57,500 [main] INFO  replication.ReplicationServer (ReplicationServer.java:<init>(86)) - Initializing replication server with thread count = 10 queue length = 4096
2024-07-22 09:21:57,510 [main] INFO  server.XceiverServerGrpc (XceiverServerGrpc.java:<init>(141)) - GrpcServer channel type EpollServerSocketChannel
2024-07-22 09:21:57,515 [main] INFO  replication.ReplicationSupervisor (ReplicationSupervisor.java:build(157)) - Initializing replication supervisor with thread count = 10
2024-07-22 09:21:57,515 [main] INFO  replication.ReplicationSupervisor (ReplicationSupervisor.java:nodeStateUpdated(312)) - Node state updated to IN_SERVICE, scaling executor pool size to 10
2024-07-22 09:21:57,516 [ad117ebe-3568-403d-bc57-6f7f1929bcc4-DatanodeStateMachineTaskThread-0] INFO  datanode.InitDatanodeState (InitDatanodeState.java:persistContainerDatanodeDetails(139)) - DatanodeDetails is persisted to /home/runner/work/ozone/ozone/hadoop-ozone/integration-test/target/test-dir/MiniOzoneClusterImpl-4478e412-ba5d-49c0-9319-4f1e6a18fdaa/ozone-meta/datanode-1/meta/datanode.id
2024-07-22 09:21:57,519 [main] INFO  http.BaseHttpServer (BaseHttpServer.java:newHttpServer2BuilderForOzone(223)) - Starting Web-server for hddsDatanode at: http://0.0.0.0:15018
2024-07-22 09:21:57,519 [main] INFO  http.BaseHttpServer (BaseHttpServer.java:<init>(110)) - Hadoop Security Enabled: false Ozone Security Enabled: false Ozone HTTP Security Enabled: false 
2024-07-22 09:21:57,521 [main] WARN  server.AuthenticationFilter (AuthenticationFilter.java:constructSecretProvider(240)) - Unable to initialize FileSignerSecretProvider, falling back to use random secrets. Reason: Could not read signature secret file: /home/runner/hadoop-http-auth-signature-secret
2024-07-22 09:21:57,522 [main] INFO  http.HttpRequestLog (HttpRequestLog.java:getRequestLog(86)) - Http request log for http.requests.hddsDatanode is not defined
2024-07-22 09:21:57,523 [main] INFO  http.HttpServer2 (HttpServer2.java:addGlobalFilter(1035)) - Added global filter 'safety' (class=org.apache.hadoop.hdds.server.http.HttpServer2$QuotingInputFilter)
2024-07-22 09:21:57,524 [main] INFO  http.HttpServer2 (HttpServer2.java:addFilter(1011)) - Added filter static_user_filter (class=org.apache.hadoop.http.lib.StaticUserWebFilter$StaticUserFilter) to context hddsDatanode
2024-07-22 09:21:57,524 [main] INFO  http.HttpServer2 (HttpServer2.java:addFilter(1019)) - Added filter static_user_filter (class=org.apache.hadoop.http.lib.StaticUserWebFilter$StaticUserFilter) to context logs
2024-07-22 09:21:57,524 [main] INFO  http.HttpServer2 (HttpServer2.java:addFilter(1019)) - Added filter static_user_filter (class=org.apache.hadoop.http.lib.StaticUserWebFilter$StaticUserFilter) to context static
2024-07-22 09:21:57,525 [main] INFO  http.BaseHttpServer (BaseHttpServer.java:<init>(189)) - HTTP server of hddsDatanode uses base directory /home/runner/work/ozone/ozone/hadoop-ozone/integration-test/target/test-dir/MiniOzoneClusterImpl-4478e412-ba5d-49c0-9319-4f1e6a18fdaa/ozone-meta/datanode-2/meta/webserver
2024-07-22 09:21:57,525 [main] INFO  http.HttpServer2 (HttpServer2.java:bindListener(1235)) - Jetty bound to port 15018
2024-07-22 09:21:57,526 [main] INFO  server.Server (Server.java:doStart(375)) - jetty-9.4.55.v20240627; built: 2024-06-27T15:05:37.765Z; git: 70015831e5195ba74da6383c4ab7c90c56bb08af; jvm 17.0.11+9
2024-07-22 09:21:57,533 [main] INFO  server.session (DefaultSessionIdManager.java:doStart(334)) - DefaultSessionIdManager workerName=node0
2024-07-22 09:21:57,533 [main] INFO  server.session (DefaultSessionIdManager.java:doStart(339)) - No SessionScavenger set, using defaults
2024-07-22 09:21:57,533 [main] INFO  server.session (HouseKeeper.java:startScavenging(132)) - node0 Scavenging every 600000ms
2024-07-22 09:21:57,534 [main] INFO  handler.ContextHandler (ContextHandler.java:doStart(921)) - Started o.e.j.s.ServletContextHandler@3b2bd545{logs,/logs,file:///home/runner/work/ozone/ozone/hadoop-ozone/integration-test/target/log,AVAILABLE}
2024-07-22 09:21:57,534 [main] INFO  handler.ContextHandler (ContextHandler.java:doStart(921)) - Started o.e.j.s.ServletContextHandler@64f0271e{static,/static,jar:file:/home/runner/work/ozone/ozone/hadoop-hdds/container-service/target/hdds-container-service-1.5.0-SNAPSHOT.jar!/webapps/static,AVAILABLE}
2024-07-22 09:21:57,777 [main] INFO  handler.ContextHandler (ContextHandler.java:doStart(921)) - Started o.e.j.w.WebAppContext@67fc98fe{hddsDatanode,/,file:///home/runner/work/ozone/ozone/hadoop-ozone/integration-test/target/test-dir/MiniOzoneClusterImpl-4478e412-ba5d-49c0-9319-4f1e6a18fdaa/ozone-meta/datanode-2/meta/webserver/jetty-0_0_0_0-15018-hdds-container-service-1_5_0-SNAPSHOT_jar-_-any-5140024555160166607/webapp/,AVAILABLE}{jar:file:/home/runner/work/ozone/ozone/hadoop-hdds/container-service/target/hdds-container-service-1.5.0-SNAPSHOT.jar!/webapps/hddsDatanode}
2024-07-22 09:21:57,778 [main] INFO  server.AbstractConnector (AbstractConnector.java:doStart(333)) - Started ServerConnector@22cc2ae5{HTTP/1.1, (http/1.1)}{0.0.0.0:15018}
2024-07-22 09:21:57,778 [main] INFO  server.Server (Server.java:doStart(415)) - Started @7078ms
2024-07-22 09:21:57,778 [main] WARN  impl.MetricsSystemImpl (MetricsSystemImpl.java:register(279)) - Sink prometheus already exists!
2024-07-22 09:21:57,779 [main] INFO  http.BaseHttpServer (BaseHttpServer.java:updateConnectorAddress(354)) - HTTP server of hddsDatanode listening at http://0.0.0.0:15018
2024-07-22 09:21:57,779 [main] INFO  ipc.CallQueueManager (CallQueueManager.java:<init>(90)) - Using callQueue: class java.util.concurrent.LinkedBlockingQueue, queueCapacity: 100, scheduler: class org.apache.hadoop.ipc.DefaultRpcScheduler, ipcBackoff: false.
2024-07-22 09:21:57,779 [main] INFO  ipc.Server (Server.java:<init>(1287)) - Listener at 0.0.0.0:15019
2024-07-22 09:21:57,781 [Socket Reader #1 for port 15019] INFO  ipc.Server (Server.java:run(1323)) - Starting Socket Reader #1 for port 15019
2024-07-22 09:21:57,789 [main] INFO  ozone.HddsDatanodeService (HddsDatanodeService.java:start(320)) - Datanode start with admins: [runner]
2024-07-22 09:21:57,789 [main] INFO  ozone.HddsDatanodeClientProtocolServer (HddsDatanodeClientProtocolServer.java:start(77)) - RPC server for Client /0.0.0.0:15019
2024-07-22 09:21:57,790 [IPC Server Responder] INFO  ipc.Server (Server.java:run(1562)) - IPC Server Responder: starting
2024-07-22 09:21:57,791 [IPC Server listener on 15019] INFO  ipc.Server (Server.java:run(1402)) - IPC Server listener on 15019: starting
2024-07-22 09:21:57,792 [1ba5db44-79b5-4f90-beb2-74b6002ac6d7-DatanodeStateMachineDaemonThread] INFO  statemachine.DatanodeStateMachine (DatanodeStateMachine.java:lambda$startDaemon$1(545)) - Ozone container server started.
2024-07-22 09:21:57,792 [main] WARN  dropwizard3.Dm3MetricRegistriesImpl (Dm3MetricRegistriesImpl.java:addReporterRegistration(114)) - New reporters are added after registries were created. Some metrics will be missing from the reporter. Please add reporter before adding any new registry.
2024-07-22 09:21:57,792 [main] WARN  dropwizard3.Dm3MetricRegistriesImpl (Dm3MetricRegistriesImpl.java:addReporterRegistration(114)) - New reporters are added after registries were created. Some metrics will be missing from the reporter. Please add reporter before adding any new registry.
2024-07-22 09:21:57,792 [main] INFO  impl.MetricsSystemImpl (MetricsSystemImpl.java:init(158)) - HddsDatanode metrics system started (again)
2024-07-22 09:21:57,796 [1ba5db44-79b5-4f90-beb2-74b6002ac6d7-DatanodeStateMachineTaskThread-0] INFO  datanode.InitDatanodeState (InitDatanodeState.java:persistContainerDatanodeDetails(139)) - DatanodeDetails is persisted to /home/runner/work/ozone/ozone/hadoop-ozone/integration-test/target/test-dir/MiniOzoneClusterImpl-4478e412-ba5d-49c0-9319-4f1e6a18fdaa/ozone-meta/datanode-2/meta/datanode.id
2024-07-22 09:21:57,805 [main] INFO  ozone.HddsDatanodeService (HddsDatanodeService.java:start(236)) - HddsDatanodeService host:fv-az1018-685.rl0eir1mf1ienctnmugi53kcld.ex.internal.cloudapp.net ip:10.1.0.32
2024-07-22 09:21:57,808 [main] INFO  upgrade.AbstractLayoutVersionManager (AbstractLayoutVersionManager.java:init(83)) - Initializing Layout version manager with metadata layout = HADOOP_PRC_PORTS_IN_DATANODEDETAILS (version = 7), software layout = HADOOP_PRC_PORTS_IN_DATANODEDETAILS (version = 7)
2024-07-22 09:21:57,809 [main] INFO  statemachine.DatanodeStateMachine (DatanodeStateMachine.java:getEndPointTaskThreadPoolSize(293)) - Datanode State Machine Task Thread Pool size 2
2024-07-22 09:21:57,812 [main] INFO  volume.HddsVolume (HddsVolume.java:<init>(126)) - Creating HddsVolume: /home/runner/work/ozone/ozone/hadoop-ozone/integration-test/target/test-dir/MiniOzoneClusterImpl-4478e412-ba5d-49c0-9319-4f1e6a18fdaa/ozone-meta/datanode-3/data-0/hdds of storage type : DISK capacity : 9222449699674390527
2024-07-22 09:21:57,813 [main] INFO  volume.MutableVolumeSet (MutableVolumeSet.java:initializeVolumeSet(173)) - Added Volume : /home/runner/work/ozone/ozone/hadoop-ozone/integration-test/target/test-dir/MiniOzoneClusterImpl-4478e412-ba5d-49c0-9319-4f1e6a18fdaa/ozone-meta/datanode-3/data-0/hdds to VolumeSet
2024-07-22 09:21:57,814 [main] INFO  volume.MutableVolumeSet (MutableVolumeSet.java:initializeVolumeSet(173)) - Added Volume : /home/runner/work/ozone/ozone/hadoop-ozone/integration-test/target/test-dir/MiniOzoneClusterImpl-4478e412-ba5d-49c0-9319-4f1e6a18fdaa/ozone-meta/datanode-3/ratis to VolumeSet
2024-07-22 09:21:57,815 [main] INFO  ozoneimpl.OzoneContainer (HddsVolumeUtil.java:loadAllHddsVolumeDbStore(103)) - Load 1 volumes DbStore cost: 0ms
2024-07-22 09:21:57,820 [main] INFO  server.RaftServer (ConfUtils.java:logGet(46)) - raft.rpc.type = GRPC (default)
2024-07-22 09:21:57,820 [main] INFO  grpc.GrpcConfigKeys (ConfUtils.java:logFallback(53)) - raft.grpc.admin.host = null (fallback to raft.grpc.server.host)
2024-07-22 09:21:57,821 [main] INFO  grpc.GrpcConfigKeys (ConfUtils.java:logGet(46)) - raft.grpc.admin.port = 15031 (custom)
2024-07-22 09:21:57,821 [main] INFO  grpc.GrpcConfigKeys (ConfUtils.java:logFallback(53)) - raft.grpc.client.host = null (fallback to raft.grpc.server.host)
2024-07-22 09:21:57,821 [main] INFO  grpc.GrpcConfigKeys (ConfUtils.java:logGet(46)) - raft.grpc.client.port = 15030 (custom)
2024-07-22 09:21:57,821 [main] INFO  grpc.GrpcConfigKeys (ConfUtils.java:logGet(46)) - raft.grpc.server.host = null (default)
2024-07-22 09:21:57,821 [main] INFO  grpc.GrpcConfigKeys (ConfUtils.java:logGet(46)) - raft.grpc.server.port = 15032 (custom)
2024-07-22 09:21:57,821 [main] INFO  server.GrpcService (ConfUtils.java:logGet(46)) - raft.grpc.message.size.max = 32MB (=33554432) (custom)
2024-07-22 09:21:57,822 [main] INFO  server.RaftServerConfigKeys (ConfUtils.java:logGet(46)) - raft.server.log.appender.buffer.byte-limit = 8388608 (custom)
2024-07-22 09:21:57,822 [main] INFO  server.GrpcService (ConfUtils.java:logGet(46)) - raft.grpc.flow.control.window = 5MB (=5242880) (custom)
2024-07-22 09:21:57,822 [main] INFO  server.RaftServerConfigKeys (ConfUtils.java:logGet(46)) - raft.server.rpc.request.timeout = 60s (custom)
2024-07-22 09:21:57,822 [main] INFO  grpc.GrpcConfigKeys (ConfUtils.java:logGet(46)) - raft.grpc.server.heartbeat.channel = true (default)
2024-07-22 09:21:57,822 [main] INFO  grpc.GrpcConfigKeys (ConfUtils.java:logGet(46)) - raft.grpc.server.async.request.thread.pool.cached = true (default)
2024-07-22 09:21:57,823 [main] INFO  grpc.GrpcConfigKeys (ConfUtils.java:logGet(46)) - raft.grpc.server.async.request.thread.pool.size = 32 (default)
2024-07-22 09:21:57,824 [main] INFO  impl.DataStreamServerImpl (ConfUtils.java:logGet(46)) - raft.datastream.type = NETTY (custom)
2024-07-22 09:21:57,825 [main] INFO  server.RaftServerConfigKeys (ConfUtils.java:logGet(46)) - raft.server.data-stream.async.request.thread.pool.cached = false (default)
2024-07-22 09:21:57,825 [main] INFO  server.RaftServerConfigKeys (ConfUtils.java:logGet(46)) - raft.server.data-stream.async.request.thread.pool.size = 20 (custom)
2024-07-22 09:21:57,825 [main] INFO  server.RaftServerConfigKeys (ConfUtils.java:logGet(46)) - raft.server.data-stream.async.write.thread.pool.size = 16 (default)
2024-07-22 09:21:57,825 [main] INFO  netty.NettyConfigKeys$DataStream (ConfUtils.java:logGet(46)) - raft.netty.dataStream.server.channel.inactive.grace-period = 10min (default)
2024-07-22 09:21:57,825 [main] INFO  server.RaftServerConfigKeys (ConfUtils.java:logGet(46)) - raft.server.data-stream.client.pool.size = 10 (default)
2024-07-22 09:21:57,826 [main] INFO  netty.NettyConfigKeys$DataStream (ConfUtils.java:logGet(46)) - raft.netty.dataStream.server.use-epoll = true (default)
2024-07-22 09:21:57,826 [main] INFO  netty.NettyConfigKeys$DataStream (ConfUtils.java:logGet(46)) - raft.netty.dataStream.server.boss-group.size = 0 (default)
2024-07-22 09:21:57,826 [main] INFO  netty.NettyUtils (NettyUtils.java:newEventLoopGroup(74)) - Create EpollEventLoopGroup for 8b9937ac-618a-4a68-974c-6b59ae821168-NettyServerStreamRpc-bossGroup; Thread size is 0.
2024-07-22 09:21:57,827 [main] INFO  netty.NettyConfigKeys$DataStream (ConfUtils.java:logGet(46)) - raft.netty.dataStream.server.worker-group.size = 0 (default)
2024-07-22 09:21:57,827 [main] INFO  netty.NettyUtils (NettyUtils.java:newEventLoopGroup(74)) - Create EpollEventLoopGroup for 8b9937ac-618a-4a68-974c-6b59ae821168-NettyServerStreamRpc-workerGroup; Thread size is 0.
2024-07-22 09:21:57,828 [main] INFO  netty.NettyConfigKeys$DataStream (ConfUtils.java:logGet(46)) - raft.netty.dataStream.server.tls.conf = null (default)
2024-07-22 09:21:57,828 [main] INFO  netty.NettyConfigKeys$DataStream (ConfUtils.java:logGet(46)) - raft.netty.dataStream.host = null (default)
2024-07-22 09:21:57,828 [main] INFO  netty.NettyConfigKeys$DataStream (ConfUtils.java:logGet(46)) - raft.netty.dataStream.port = 15033 (custom)
2024-07-22 09:21:57,829 [main] INFO  server.RaftServerConfigKeys (ConfUtils.java:logGet(46)) - raft.server.sleep.deviation.threshold = 300ms (default)
2024-07-22 09:21:57,829 [main] INFO  server.RaftServerConfigKeys (ConfUtils.java:logGet(46)) - raft.server.close.threshold = 60s (default)
2024-07-22 09:21:57,829 [main] INFO  server.RaftServerConfigKeys (ConfUtils.java:logGet(46)) - raft.server.leaderelection.leader.step-down.wait-time = 10s (default)
2024-07-22 09:21:57,830 [main] INFO  server.RaftServerConfigKeys (ConfUtils.java:logGet(46)) - raft.server.storage.dir = [/home/runner/work/ozone/ozone/hadoop-ozone/integration-test/target/test-dir/MiniOzoneClusterImpl-4478e412-ba5d-49c0-9319-4f1e6a18fdaa/ozone-meta/datanode-3/ratis] (custom)
2024-07-22 09:21:57,830 [main] INFO  server.RaftServerConfigKeys (ConfUtils.java:logGet(46)) - raft.server.threadpool.proxy.cached = true (default)
2024-07-22 09:21:57,830 [main] INFO  server.RaftServerConfigKeys (ConfUtils.java:logGet(46)) - raft.server.threadpool.proxy.size = 0 (default)
2024-07-22 09:21:57,830 [8b9937ac-618a-4a68-974c-6b59ae821168-impl-thread1] INFO  server.RaftServer (RaftServerProxy.java:initGroupDir(266)) - 8b9937ac-618a-4a68-974c-6b59ae821168: found a subdirectory /home/runner/work/ozone/ozone/hadoop-ozone/integration-test/target/test-dir/MiniOzoneClusterImpl-4478e412-ba5d-49c0-9319-4f1e6a18fdaa/ozone-meta/datanode-3/ratis/tmp
2024-07-22 09:21:57,831 [8b9937ac-618a-4a68-974c-6b59ae821168-impl-thread1] INFO  server.RaftServer (RaftServerProxy.java:initGroupDir(271)) - 8b9937ac-618a-4a68-974c-6b59ae821168: The directory /home/runner/work/ozone/ozone/hadoop-ozone/integration-test/target/test-dir/MiniOzoneClusterImpl-4478e412-ba5d-49c0-9319-4f1e6a18fdaa/ozone-meta/datanode-3/ratis/tmp is not a group directory; ignoring it. 
2024-07-22 09:21:57,831 [main] INFO  replication.ReplicationServer (ReplicationServer.java:<init>(86)) - Initializing replication server with thread count = 10 queue length = 4096
2024-07-22 09:21:57,829 [8b9937ac-618a-4a68-974c-6b59ae821168-NettyServerStreamRpc-bossGroup--thread1] INFO  logging.LoggingHandler (AbstractInternalLogger.java:log(148)) - [id: 0x7d49a6b3] REGISTERED
2024-07-22 09:21:57,833 [main] INFO  server.XceiverServerGrpc (XceiverServerGrpc.java:<init>(141)) - GrpcServer channel type EpollServerSocketChannel
2024-07-22 09:21:57,836 [8b9937ac-618a-4a68-974c-6b59ae821168-NettyServerStreamRpc-bossGroup--thread1] INFO  logging.LoggingHandler (AbstractInternalLogger.java:log(148)) - [id: 0x7d49a6b3] BIND: 0.0.0.0/0.0.0.0:15033
2024-07-22 09:21:57,836 [8b9937ac-618a-4a68-974c-6b59ae821168-NettyServerStreamRpc-bossGroup--thread1] INFO  logging.LoggingHandler (AbstractInternalLogger.java:log(148)) - [id: 0x7d49a6b3, L:/0.0.0.0:15033] ACTIVE
2024-07-22 09:21:57,836 [main] INFO  replication.ReplicationSupervisor (ReplicationSupervisor.java:build(157)) - Initializing replication supervisor with thread count = 10
2024-07-22 09:21:57,836 [main] INFO  replication.ReplicationSupervisor (ReplicationSupervisor.java:nodeStateUpdated(312)) - Node state updated to IN_SERVICE, scaling executor pool size to 10
2024-07-22 09:21:57,840 [main] INFO  http.BaseHttpServer (BaseHttpServer.java:newHttpServer2BuilderForOzone(223)) - Starting Web-server for hddsDatanode at: http://0.0.0.0:15027
2024-07-22 09:21:57,840 [main] INFO  http.BaseHttpServer (BaseHttpServer.java:<init>(110)) - Hadoop Security Enabled: false Ozone Security Enabled: false Ozone HTTP Security Enabled: false 
2024-07-22 09:21:57,842 [main] WARN  server.AuthenticationFilter (AuthenticationFilter.java:constructSecretProvider(240)) - Unable to initialize FileSignerSecretProvider, falling back to use random secrets. Reason: Could not read signature secret file: /home/runner/hadoop-http-auth-signature-secret
2024-07-22 09:21:57,843 [main] INFO  http.HttpRequestLog (HttpRequestLog.java:getRequestLog(86)) - Http request log for http.requests.hddsDatanode is not defined
2024-07-22 09:21:57,844 [main] INFO  http.HttpServer2 (HttpServer2.java:addGlobalFilter(1035)) - Added global filter 'safety' (class=org.apache.hadoop.hdds.server.http.HttpServer2$QuotingInputFilter)
2024-07-22 09:21:57,845 [main] INFO  http.HttpServer2 (HttpServer2.java:addFilter(1011)) - Added filter static_user_filter (class=org.apache.hadoop.http.lib.StaticUserWebFilter$StaticUserFilter) to context hddsDatanode
2024-07-22 09:21:57,846 [main] INFO  http.HttpServer2 (HttpServer2.java:addFilter(1019)) - Added filter static_user_filter (class=org.apache.hadoop.http.lib.StaticUserWebFilter$StaticUserFilter) to context logs
2024-07-22 09:21:57,846 [main] INFO  http.HttpServer2 (HttpServer2.java:addFilter(1019)) - Added filter static_user_filter (class=org.apache.hadoop.http.lib.StaticUserWebFilter$StaticUserFilter) to context static
2024-07-22 09:21:57,847 [main] INFO  http.BaseHttpServer (BaseHttpServer.java:<init>(189)) - HTTP server of hddsDatanode uses base directory /home/runner/work/ozone/ozone/hadoop-ozone/integration-test/target/test-dir/MiniOzoneClusterImpl-4478e412-ba5d-49c0-9319-4f1e6a18fdaa/ozone-meta/datanode-3/meta/webserver
2024-07-22 09:21:57,847 [main] INFO  http.HttpServer2 (HttpServer2.java:bindListener(1235)) - Jetty bound to port 15027
2024-07-22 09:21:57,847 [main] INFO  server.Server (Server.java:doStart(375)) - jetty-9.4.55.v20240627; built: 2024-06-27T15:05:37.765Z; git: 70015831e5195ba74da6383c4ab7c90c56bb08af; jvm 17.0.11+9
2024-07-22 09:21:57,849 [main] INFO  server.session (DefaultSessionIdManager.java:doStart(334)) - DefaultSessionIdManager workerName=node0
2024-07-22 09:21:57,849 [main] INFO  server.session (DefaultSessionIdManager.java:doStart(339)) - No SessionScavenger set, using defaults
2024-07-22 09:21:57,849 [main] INFO  server.session (HouseKeeper.java:startScavenging(132)) - node0 Scavenging every 600000ms
2024-07-22 09:21:57,850 [main] INFO  handler.ContextHandler (ContextHandler.java:doStart(921)) - Started o.e.j.s.ServletContextHandler@4c49193a{logs,/logs,file:///home/runner/work/ozone/ozone/hadoop-ozone/integration-test/target/log,AVAILABLE}
2024-07-22 09:21:57,851 [main] INFO  handler.ContextHandler (ContextHandler.java:doStart(921)) - Started o.e.j.s.ServletContextHandler@575dab37{static,/static,jar:file:/home/runner/work/ozone/ozone/hadoop-hdds/container-service/target/hdds-container-service-1.5.0-SNAPSHOT.jar!/webapps/static,AVAILABLE}
2024-07-22 09:21:58,054 [main] INFO  handler.ContextHandler (ContextHandler.java:doStart(921)) - Started o.e.j.w.WebAppContext@704a0f9{hddsDatanode,/,file:///home/runner/work/ozone/ozone/hadoop-ozone/integration-test/target/test-dir/MiniOzoneClusterImpl-4478e412-ba5d-49c0-9319-4f1e6a18fdaa/ozone-meta/datanode-3/meta/webserver/jetty-0_0_0_0-15027-hdds-container-service-1_5_0-SNAPSHOT_jar-_-any-12087439765607496903/webapp/,AVAILABLE}{jar:file:/home/runner/work/ozone/ozone/hadoop-hdds/container-service/target/hdds-container-service-1.5.0-SNAPSHOT.jar!/webapps/hddsDatanode}
2024-07-22 09:21:58,056 [main] INFO  server.AbstractConnector (AbstractConnector.java:doStart(333)) - Started ServerConnector@254ed9ba{HTTP/1.1, (http/1.1)}{0.0.0.0:15027}
2024-07-22 09:21:58,056 [main] INFO  server.Server (Server.java:doStart(415)) - Started @7356ms
2024-07-22 09:21:58,056 [main] WARN  impl.MetricsSystemImpl (MetricsSystemImpl.java:register(279)) - Sink prometheus already exists!
2024-07-22 09:21:58,057 [main] INFO  http.BaseHttpServer (BaseHttpServer.java:updateConnectorAddress(354)) - HTTP server of hddsDatanode listening at http://0.0.0.0:15027
2024-07-22 09:21:58,057 [main] INFO  ipc.CallQueueManager (CallQueueManager.java:<init>(90)) - Using callQueue: class java.util.concurrent.LinkedBlockingQueue, queueCapacity: 100, scheduler: class org.apache.hadoop.ipc.DefaultRpcScheduler, ipcBackoff: false.
2024-07-22 09:21:58,058 [main] INFO  ipc.Server (Server.java:<init>(1287)) - Listener at 0.0.0.0:15028
2024-07-22 09:21:58,058 [Socket Reader #1 for port 15028] INFO  ipc.Server (Server.java:run(1323)) - Starting Socket Reader #1 for port 15028
2024-07-22 09:21:58,062 [main] INFO  ozone.HddsDatanodeService (HddsDatanodeService.java:start(320)) - Datanode start with admins: [runner]
2024-07-22 09:21:58,062 [main] INFO  ozone.HddsDatanodeClientProtocolServer (HddsDatanodeClientProtocolServer.java:start(77)) - RPC server for Client /0.0.0.0:15028
2024-07-22 09:21:58,062 [IPC Server Responder] INFO  ipc.Server (Server.java:run(1562)) - IPC Server Responder: starting
2024-07-22 09:21:58,062 [IPC Server listener on 15028] INFO  ipc.Server (Server.java:run(1402)) - IPC Server listener on 15028: starting
2024-07-22 09:21:58,064 [8b9937ac-618a-4a68-974c-6b59ae821168-DatanodeStateMachineDaemonThread] INFO  statemachine.DatanodeStateMachine (DatanodeStateMachine.java:lambda$startDaemon$1(545)) - Ozone container server started.
2024-07-22 09:21:58,065 [main] INFO  ozone.MiniOzoneClusterImpl (MiniOzoneClusterImpl.java:lambda$waitForClusterToBeReady$0(194)) - Waiting for nodes to be ready. Got 0 of 3 DN Heartbeats.
2024-07-22 09:21:58,066 [main] INFO  ozone.MiniOzoneClusterImpl (MiniOzoneClusterImpl.java:lambda$waitForClusterToBeReady$0(197)) - Waiting for cluster to exit safe mode
2024-07-22 09:21:58,066 [main] INFO  ozone.MiniOzoneClusterImpl (MiniOzoneClusterImpl.java:lambda$waitForClusterToBeReady$0(199)) - SCM became leader
2024-07-22 09:21:58,069 [8b9937ac-618a-4a68-974c-6b59ae821168-DatanodeStateMachineTaskThread-0] INFO  datanode.InitDatanodeState (InitDatanodeState.java:persistContainerDatanodeDetails(139)) - DatanodeDetails is persisted to /home/runner/work/ozone/ozone/hadoop-ozone/integration-test/target/test-dir/MiniOzoneClusterImpl-4478e412-ba5d-49c0-9319-4f1e6a18fdaa/ozone-meta/datanode-3/meta/datanode.id
2024-07-22 09:21:59,066 [main] INFO  ozone.MiniOzoneClusterImpl (MiniOzoneClusterImpl.java:lambda$waitForClusterToBeReady$0(194)) - Waiting for nodes to be ready. Got 0 of 3 DN Heartbeats.
2024-07-22 09:21:59,066 [main] INFO  ozone.MiniOzoneClusterImpl (MiniOzoneClusterImpl.java:lambda$waitForClusterToBeReady$0(197)) - Waiting for cluster to exit safe mode
2024-07-22 09:21:59,066 [main] INFO  ozone.MiniOzoneClusterImpl (MiniOzoneClusterImpl.java:lambda$waitForClusterToBeReady$0(199)) - SCM became leader
2024-07-22 09:21:59,503 [ad117ebe-3568-403d-bc57-6f7f1929bcc4-EndpointStateMachineTaskThread-/0.0.0.0:15002-0 ] INFO  utils.DatanodeStoreCache (DatanodeStoreCache.java:addDB(72)) - Added db /home/runner/work/ozone/ozone/hadoop-ozone/integration-test/target/test-dir/MiniOzoneClusterImpl-4478e412-ba5d-49c0-9319-4f1e6a18fdaa/ozone-meta/datanode-1/data-0/hdds/4478e412-ba5d-49c0-9319-4f1e6a18fdaa/DS-7888c681-9e50-4f15-8f8f-52d29141b3a6/container.db to cache
2024-07-22 09:21:59,504 [ad117ebe-3568-403d-bc57-6f7f1929bcc4-EndpointStateMachineTaskThread-/0.0.0.0:15002-0 ] INFO  volume.HddsVolume (HddsVolume.java:createDbStore(437)) - SchemaV3 db is created and loaded at /home/runner/work/ozone/ozone/hadoop-ozone/integration-test/target/test-dir/MiniOzoneClusterImpl-4478e412-ba5d-49c0-9319-4f1e6a18fdaa/ozone-meta/datanode-1/data-0/hdds/4478e412-ba5d-49c0-9319-4f1e6a18fdaa/DS-7888c681-9e50-4f15-8f8f-52d29141b3a6/container.db for volume DS-7888c681-9e50-4f15-8f8f-52d29141b3a6
2024-07-22 09:21:59,512 [ad117ebe-3568-403d-bc57-6f7f1929bcc4-ContainerReader-0] INFO  ozoneimpl.ContainerReader (ContainerReader.java:readVolume(148)) - Start to verify containers on volume /home/runner/work/ozone/ozone/hadoop-ozone/integration-test/target/test-dir/MiniOzoneClusterImpl-4478e412-ba5d-49c0-9319-4f1e6a18fdaa/ozone-meta/datanode-1/data-0/hdds
2024-07-22 09:21:59,512 [ad117ebe-3568-403d-bc57-6f7f1929bcc4-ContainerReader-0] INFO  ozoneimpl.ContainerReader (ContainerReader.java:readVolume(178)) - Finish verifying containers on volume /home/runner/work/ozone/ozone/hadoop-ozone/integration-test/target/test-dir/MiniOzoneClusterImpl-4478e412-ba5d-49c0-9319-4f1e6a18fdaa/ozone-meta/datanode-1/data-0/hdds
2024-07-22 09:21:59,513 [ad117ebe-3568-403d-bc57-6f7f1929bcc4-EndpointStateMachineTaskThread-/0.0.0.0:15002-0 ] INFO  ozoneimpl.OzoneContainer (OzoneContainer.java:buildContainerSet(328)) - Build ContainerSet costs 0s
2024-07-22 09:21:59,515 [ad117ebe-3568-403d-bc57-6f7f1929bcc4-EndpointStateMachineTaskThread-/0.0.0.0:15002-0 ] INFO  volume.ThrottledAsyncChecker (ThrottledAsyncChecker.java:schedule(141)) - Scheduling a check for /home/runner/work/ozone/ozone/hadoop-ozone/integration-test/target/test-dir/MiniOzoneClusterImpl-4478e412-ba5d-49c0-9319-4f1e6a18fdaa/ozone-meta/datanode-1/data-0/hdds
2024-07-22 09:21:59,520 [ad117ebe-3568-403d-bc57-6f7f1929bcc4-EndpointStateMachineTaskThread-/0.0.0.0:15002-0 ] INFO  volume.StorageVolumeChecker (StorageVolumeChecker.java:checkAllVolumes(218)) - Scheduled health check for volume /home/runner/work/ozone/ozone/hadoop-ozone/integration-test/target/test-dir/MiniOzoneClusterImpl-4478e412-ba5d-49c0-9319-4f1e6a18fdaa/ozone-meta/datanode-1/data-0/hdds
2024-07-22 09:21:59,524 [ad117ebe-3568-403d-bc57-6f7f1929bcc4-EndpointStateMachineTaskThread-/0.0.0.0:15002-0 ] INFO  volume.ThrottledAsyncChecker (ThrottledAsyncChecker.java:schedule(141)) - Scheduling a check for /home/runner/work/ozone/ozone/hadoop-ozone/integration-test/target/test-dir/MiniOzoneClusterImpl-4478e412-ba5d-49c0-9319-4f1e6a18fdaa/ozone-meta/datanode-1/ratis
2024-07-22 09:21:59,525 [ad117ebe-3568-403d-bc57-6f7f1929bcc4-EndpointStateMachineTaskThread-/0.0.0.0:15002-0 ] INFO  volume.StorageVolumeChecker (StorageVolumeChecker.java:checkAllVolumes(218)) - Scheduled health check for volume /home/runner/work/ozone/ozone/hadoop-ozone/integration-test/target/test-dir/MiniOzoneClusterImpl-4478e412-ba5d-49c0-9319-4f1e6a18fdaa/ozone-meta/datanode-1/ratis
2024-07-22 09:21:59,526 [ad117ebe-3568-403d-bc57-6f7f1929bcc4-EndpointStateMachineTaskThread-/0.0.0.0:15002-0 ] INFO  ozoneimpl.OzoneContainer (OzoneContainer.java:start(459)) - Attempting to start container services.
2024-07-22 09:21:59,531 [ContainerMetadataScanner] INFO  ozoneimpl.AbstractBackgroundContainerScanner (AbstractBackgroundContainerScanner.java:runIteration(87)) - Completed an iteration in 0 minutes. Number of iterations (since the data-node restart) : 1, Number of containers scanned in this iteration : 0, Number of unhealthy containers found in this iteration : 0
2024-07-22 09:21:59,534 [ContainerDataScanner(/home/runner/work/ozone/ozone/hadoop-ozone/integration-test/target/test-dir/MiniOzoneClusterImpl-4478e412-ba5d-49c0-9319-4f1e6a18fdaa/ozone-meta/datanode-1/data-0/hdds)] INFO  ozoneimpl.AbstractBackgroundContainerScanner (AbstractBackgroundContainerScanner.java:runIteration(87)) - Completed an iteration in 0 minutes. Number of iterations (since the data-node restart) : 1, Number of containers scanned in this iteration : 0, Number of unhealthy containers found in this iteration : 0
2024-07-22 09:21:59,536 [ad117ebe-3568-403d-bc57-6f7f1929bcc4-EndpointStateMachineTaskThread-/0.0.0.0:15002-0 ] INFO  replication.ReplicationServer (ReplicationServer.java:start(142)) - ReplicationServer is started using port 15016
2024-07-22 09:21:59,537 [ad117ebe-3568-403d-bc57-6f7f1929bcc4-EndpointStateMachineTaskThread-/0.0.0.0:15002-0 ] INFO  ratis.XceiverServerRatis (XceiverServerRatis.java:start(562)) - Starting XceiverServerRatis ad117ebe-3568-403d-bc57-6f7f1929bcc4
2024-07-22 09:21:59,556 [ad117ebe-3568-403d-bc57-6f7f1929bcc4-EndpointStateMachineTaskThread-/0.0.0.0:15002-0 ] INFO  server.RaftServer (RaftServerProxy.java:startImpl(408)) - ad117ebe-3568-403d-bc57-6f7f1929bcc4: start RPC server
2024-07-22 09:21:59,558 [ad117ebe-3568-403d-bc57-6f7f1929bcc4-EndpointStateMachineTaskThread-/0.0.0.0:15002-0 ] INFO  server.GrpcService (GrpcService.java:startImpl(302)) - ad117ebe-3568-403d-bc57-6f7f1929bcc4: GrpcService started, listening on 15012
2024-07-22 09:21:59,558 [ad117ebe-3568-403d-bc57-6f7f1929bcc4-EndpointStateMachineTaskThread-/0.0.0.0:15002-0 ] INFO  server.GrpcService (GrpcService.java:startImpl(302)) - ad117ebe-3568-403d-bc57-6f7f1929bcc4: GrpcService started, listening on 15014
2024-07-22 09:21:59,559 [ad117ebe-3568-403d-bc57-6f7f1929bcc4-EndpointStateMachineTaskThread-/0.0.0.0:15002-0 ] INFO  server.GrpcService (GrpcService.java:startImpl(302)) - ad117ebe-3568-403d-bc57-6f7f1929bcc4: GrpcService started, listening on 15013
2024-07-22 09:21:59,564 [JvmPauseMonitor2] INFO  util.JvmPauseMonitor (JvmPauseMonitor.java:run(146)) - JvmPauseMonitor-ad117ebe-3568-403d-bc57-6f7f1929bcc4: Started
2024-07-22 09:21:59,564 [ad117ebe-3568-403d-bc57-6f7f1929bcc4-EndpointStateMachineTaskThread-/0.0.0.0:15002-0 ] INFO  ratis.XceiverServerRatis (XceiverServerRatis.java:getRealPort(588)) - XceiverServerRatis ad117ebe-3568-403d-bc57-6f7f1929bcc4 is started using port 15012 for RATIS
2024-07-22 09:21:59,565 [ad117ebe-3568-403d-bc57-6f7f1929bcc4-EndpointStateMachineTaskThread-/0.0.0.0:15002-0 ] INFO  ratis.XceiverServerRatis (XceiverServerRatis.java:getRealPort(588)) - XceiverServerRatis ad117ebe-3568-403d-bc57-6f7f1929bcc4 is started using port 15013 for RATIS_ADMIN
2024-07-22 09:21:59,565 [ad117ebe-3568-403d-bc57-6f7f1929bcc4-EndpointStateMachineTaskThread-/0.0.0.0:15002-0 ] INFO  ratis.XceiverServerRatis (XceiverServerRatis.java:getRealPort(588)) - XceiverServerRatis ad117ebe-3568-403d-bc57-6f7f1929bcc4 is started using port 15014 for RATIS_SERVER
2024-07-22 09:21:59,565 [ad117ebe-3568-403d-bc57-6f7f1929bcc4-EndpointStateMachineTaskThread-/0.0.0.0:15002-0 ] INFO  ratis.XceiverServerRatis (XceiverServerRatis.java:getRealPort(588)) - XceiverServerRatis ad117ebe-3568-403d-bc57-6f7f1929bcc4 is started using port 15015 for RATIS_DATASTREAM
2024-07-22 09:21:59,569 [ad117ebe-3568-403d-bc57-6f7f1929bcc4-BlockDeletingService#0] INFO  interfaces.ContainerDeletionChoosingPolicyTemplate (ContainerDeletionChoosingPolicyTemplate.java:chooseContainerForBlockDeletion(85)) - Chosen 0/5000 blocks from 0 candidate containers.
2024-07-22 09:21:59,824 [1ba5db44-79b5-4f90-beb2-74b6002ac6d7-EndpointStateMachineTaskThread-/0.0.0.0:15002-0 ] INFO  utils.DatanodeStoreCache (DatanodeStoreCache.java:addDB(72)) - Added db /home/runner/work/ozone/ozone/hadoop-ozone/integration-test/target/test-dir/MiniOzoneClusterImpl-4478e412-ba5d-49c0-9319-4f1e6a18fdaa/ozone-meta/datanode-2/data-0/hdds/4478e412-ba5d-49c0-9319-4f1e6a18fdaa/DS-88b314df-c787-48cb-98cf-b1e33c1c9986/container.db to cache
2024-07-22 09:21:59,824 [1ba5db44-79b5-4f90-beb2-74b6002ac6d7-EndpointStateMachineTaskThread-/0.0.0.0:15002-0 ] INFO  volume.HddsVolume (HddsVolume.java:createDbStore(437)) - SchemaV3 db is created and loaded at /home/runner/work/ozone/ozone/hadoop-ozone/integration-test/target/test-dir/MiniOzoneClusterImpl-4478e412-ba5d-49c0-9319-4f1e6a18fdaa/ozone-meta/datanode-2/data-0/hdds/4478e412-ba5d-49c0-9319-4f1e6a18fdaa/DS-88b314df-c787-48cb-98cf-b1e33c1c9986/container.db for volume DS-88b314df-c787-48cb-98cf-b1e33c1c9986
2024-07-22 09:21:59,827 [1ba5db44-79b5-4f90-beb2-74b6002ac6d7-ContainerReader-0] INFO  ozoneimpl.ContainerReader (ContainerReader.java:readVolume(148)) - Start to verify containers on volume /home/runner/work/ozone/ozone/hadoop-ozone/integration-test/target/test-dir/MiniOzoneClusterImpl-4478e412-ba5d-49c0-9319-4f1e6a18fdaa/ozone-meta/datanode-2/data-0/hdds
2024-07-22 09:21:59,827 [1ba5db44-79b5-4f90-beb2-74b6002ac6d7-ContainerReader-0] INFO  ozoneimpl.ContainerReader (ContainerReader.java:readVolume(178)) - Finish verifying containers on volume /home/runner/work/ozone/ozone/hadoop-ozone/integration-test/target/test-dir/MiniOzoneClusterImpl-4478e412-ba5d-49c0-9319-4f1e6a18fdaa/ozone-meta/datanode-2/data-0/hdds
2024-07-22 09:21:59,827 [1ba5db44-79b5-4f90-beb2-74b6002ac6d7-EndpointStateMachineTaskThread-/0.0.0.0:15002-0 ] INFO  ozoneimpl.OzoneContainer (OzoneContainer.java:buildContainerSet(328)) - Build ContainerSet costs 0s
2024-07-22 09:21:59,828 [1ba5db44-79b5-4f90-beb2-74b6002ac6d7-EndpointStateMachineTaskThread-/0.0.0.0:15002-0 ] INFO  volume.ThrottledAsyncChecker (ThrottledAsyncChecker.java:schedule(141)) - Scheduling a check for /home/runner/work/ozone/ozone/hadoop-ozone/integration-test/target/test-dir/MiniOzoneClusterImpl-4478e412-ba5d-49c0-9319-4f1e6a18fdaa/ozone-meta/datanode-2/data-0/hdds
2024-07-22 09:21:59,829 [1ba5db44-79b5-4f90-beb2-74b6002ac6d7-EndpointStateMachineTaskThread-/0.0.0.0:15002-0 ] INFO  volume.StorageVolumeChecker (StorageVolumeChecker.java:checkAllVolumes(218)) - Scheduled health check for volume /home/runner/work/ozone/ozone/hadoop-ozone/integration-test/target/test-dir/MiniOzoneClusterImpl-4478e412-ba5d-49c0-9319-4f1e6a18fdaa/ozone-meta/datanode-2/data-0/hdds
2024-07-22 09:21:59,831 [1ba5db44-79b5-4f90-beb2-74b6002ac6d7-EndpointStateMachineTaskThread-/0.0.0.0:15002-0 ] INFO  volume.ThrottledAsyncChecker (ThrottledAsyncChecker.java:schedule(141)) - Scheduling a check for /home/runner/work/ozone/ozone/hadoop-ozone/integration-test/target/test-dir/MiniOzoneClusterImpl-4478e412-ba5d-49c0-9319-4f1e6a18fdaa/ozone-meta/datanode-2/ratis
2024-07-22 09:21:59,831 [1ba5db44-79b5-4f90-beb2-74b6002ac6d7-EndpointStateMachineTaskThread-/0.0.0.0:15002-0 ] INFO  volume.StorageVolumeChecker (StorageVolumeChecker.java:checkAllVolumes(218)) - Scheduled health check for volume /home/runner/work/ozone/ozone/hadoop-ozone/integration-test/target/test-dir/MiniOzoneClusterImpl-4478e412-ba5d-49c0-9319-4f1e6a18fdaa/ozone-meta/datanode-2/ratis
2024-07-22 09:21:59,832 [1ba5db44-79b5-4f90-beb2-74b6002ac6d7-EndpointStateMachineTaskThread-/0.0.0.0:15002-0 ] INFO  ozoneimpl.OzoneContainer (OzoneContainer.java:start(459)) - Attempting to start container services.
2024-07-22 09:21:59,833 [1ba5db44-79b5-4f90-beb2-74b6002ac6d7-EndpointStateMachineTaskThread-/0.0.0.0:15002-0 ] WARN  ozoneimpl.OnDemandContainerDataScanner (OnDemandContainerDataScanner.java:init(75)) - Trying to initialize on demand scanner a second time on a datanode.
2024-07-22 09:21:59,834 [ContainerMetadataScanner] INFO  ozoneimpl.AbstractBackgroundContainerScanner (AbstractBackgroundContainerScanner.java:runIteration(87)) - Completed an iteration in 0 minutes. Number of iterations (since the data-node restart) : 1, Number of containers scanned in this iteration : 0, Number of unhealthy containers found in this iteration : 0
2024-07-22 09:21:59,835 [1ba5db44-79b5-4f90-beb2-74b6002ac6d7-EndpointStateMachineTaskThread-/0.0.0.0:15002-0 ] INFO  replication.ReplicationServer (ReplicationServer.java:start(142)) - ReplicationServer is started using port 15025
2024-07-22 09:21:59,836 [1ba5db44-79b5-4f90-beb2-74b6002ac6d7-EndpointStateMachineTaskThread-/0.0.0.0:15002-0 ] INFO  ratis.XceiverServerRatis (XceiverServerRatis.java:start(562)) - Starting XceiverServerRatis 1ba5db44-79b5-4f90-beb2-74b6002ac6d7
2024-07-22 09:21:59,836 [ContainerDataScanner(/home/runner/work/ozone/ozone/hadoop-ozone/integration-test/target/test-dir/MiniOzoneClusterImpl-4478e412-ba5d-49c0-9319-4f1e6a18fdaa/ozone-meta/datanode-2/data-0/hdds)] INFO  ozoneimpl.AbstractBackgroundContainerScanner (AbstractBackgroundContainerScanner.java:runIteration(87)) - Completed an iteration in 0 minutes. Number of iterations (since the data-node restart) : 1, Number of containers scanned in this iteration : 0, Number of unhealthy containers found in this iteration : 0
2024-07-22 09:21:59,841 [1ba5db44-79b5-4f90-beb2-74b6002ac6d7-EndpointStateMachineTaskThread-/0.0.0.0:15002-0 ] INFO  server.RaftServer (RaftServerProxy.java:startImpl(408)) - 1ba5db44-79b5-4f90-beb2-74b6002ac6d7: start RPC server
2024-07-22 09:21:59,842 [1ba5db44-79b5-4f90-beb2-74b6002ac6d7-EndpointStateMachineTaskThread-/0.0.0.0:15002-0 ] INFO  server.GrpcService (GrpcService.java:startImpl(302)) - 1ba5db44-79b5-4f90-beb2-74b6002ac6d7: GrpcService started, listening on 15021
2024-07-22 09:21:59,843 [1ba5db44-79b5-4f90-beb2-74b6002ac6d7-EndpointStateMachineTaskThread-/0.0.0.0:15002-0 ] INFO  server.GrpcService (GrpcService.java:startImpl(302)) - 1ba5db44-79b5-4f90-beb2-74b6002ac6d7: GrpcService started, listening on 15023
2024-07-22 09:21:59,844 [1ba5db44-79b5-4f90-beb2-74b6002ac6d7-EndpointStateMachineTaskThread-/0.0.0.0:15002-0 ] INFO  server.GrpcService (GrpcService.java:startImpl(302)) - 1ba5db44-79b5-4f90-beb2-74b6002ac6d7: GrpcService started, listening on 15022
2024-07-22 09:21:59,845 [1ba5db44-79b5-4f90-beb2-74b6002ac6d7-EndpointStateMachineTaskThread-/0.0.0.0:15002-0 ] INFO  ratis.XceiverServerRatis (XceiverServerRatis.java:getRealPort(588)) - XceiverServerRatis 1ba5db44-79b5-4f90-beb2-74b6002ac6d7 is started using port 15021 for RATIS
2024-07-22 09:21:59,845 [1ba5db44-79b5-4f90-beb2-74b6002ac6d7-EndpointStateMachineTaskThread-/0.0.0.0:15002-0 ] INFO  ratis.XceiverServerRatis (XceiverServerRatis.java:getRealPort(588)) - XceiverServerRatis 1ba5db44-79b5-4f90-beb2-74b6002ac6d7 is started using port 15022 for RATIS_ADMIN
2024-07-22 09:21:59,845 [1ba5db44-79b5-4f90-beb2-74b6002ac6d7-EndpointStateMachineTaskThread-/0.0.0.0:15002-0 ] INFO  ratis.XceiverServerRatis (XceiverServerRatis.java:getRealPort(588)) - XceiverServerRatis 1ba5db44-79b5-4f90-beb2-74b6002ac6d7 is started using port 15023 for RATIS_SERVER
2024-07-22 09:21:59,845 [1ba5db44-79b5-4f90-beb2-74b6002ac6d7-EndpointStateMachineTaskThread-/0.0.0.0:15002-0 ] INFO  ratis.XceiverServerRatis (XceiverServerRatis.java:getRealPort(588)) - XceiverServerRatis 1ba5db44-79b5-4f90-beb2-74b6002ac6d7 is started using port 15024 for RATIS_DATASTREAM
2024-07-22 09:21:59,845 [JvmPauseMonitor3] INFO  util.JvmPauseMonitor (JvmPauseMonitor.java:run(146)) - JvmPauseMonitor-1ba5db44-79b5-4f90-beb2-74b6002ac6d7: Started
2024-07-22 09:21:59,850 [1ba5db44-79b5-4f90-beb2-74b6002ac6d7-BlockDeletingService#0] INFO  interfaces.ContainerDeletionChoosingPolicyTemplate (ContainerDeletionChoosingPolicyTemplate.java:chooseContainerForBlockDeletion(85)) - Chosen 0/5000 blocks from 0 candidate containers.
2024-07-22 09:22:00,067 [main] INFO  ozone.MiniOzoneClusterImpl (MiniOzoneClusterImpl.java:lambda$waitForClusterToBeReady$0(194)) - Waiting for nodes to be ready. Got 0 of 3 DN Heartbeats.
2024-07-22 09:22:00,067 [main] INFO  ozone.MiniOzoneClusterImpl (MiniOzoneClusterImpl.java:lambda$waitForClusterToBeReady$0(197)) - Waiting for cluster to exit safe mode
2024-07-22 09:22:00,067 [main] INFO  ozone.MiniOzoneClusterImpl (MiniOzoneClusterImpl.java:lambda$waitForClusterToBeReady$0(199)) - SCM became leader
2024-07-22 09:22:00,091 [8b9937ac-618a-4a68-974c-6b59ae821168-EndpointStateMachineTaskThread-/0.0.0.0:15002-0 ] INFO  utils.DatanodeStoreCache (DatanodeStoreCache.java:addDB(72)) - Added db /home/runner/work/ozone/ozone/hadoop-ozone/integration-test/target/test-dir/MiniOzoneClusterImpl-4478e412-ba5d-49c0-9319-4f1e6a18fdaa/ozone-meta/datanode-3/data-0/hdds/4478e412-ba5d-49c0-9319-4f1e6a18fdaa/DS-7e047636-139a-488e-be78-e295b598013f/container.db to cache
2024-07-22 09:22:00,091 [8b9937ac-618a-4a68-974c-6b59ae821168-EndpointStateMachineTaskThread-/0.0.0.0:15002-0 ] INFO  volume.HddsVolume (HddsVolume.java:createDbStore(437)) - SchemaV3 db is created and loaded at /home/runner/work/ozone/ozone/hadoop-ozone/integration-test/target/test-dir/MiniOzoneClusterImpl-4478e412-ba5d-49c0-9319-4f1e6a18fdaa/ozone-meta/datanode-3/data-0/hdds/4478e412-ba5d-49c0-9319-4f1e6a18fdaa/DS-7e047636-139a-488e-be78-e295b598013f/container.db for volume DS-7e047636-139a-488e-be78-e295b598013f
2024-07-22 09:22:00,094 [8b9937ac-618a-4a68-974c-6b59ae821168-ContainerReader-0] INFO  ozoneimpl.ContainerReader (ContainerReader.java:readVolume(148)) - Start to verify containers on volume /home/runner/work/ozone/ozone/hadoop-ozone/integration-test/target/test-dir/MiniOzoneClusterImpl-4478e412-ba5d-49c0-9319-4f1e6a18fdaa/ozone-meta/datanode-3/data-0/hdds
2024-07-22 09:22:00,094 [8b9937ac-618a-4a68-974c-6b59ae821168-ContainerReader-0] INFO  ozoneimpl.ContainerReader (ContainerReader.java:readVolume(178)) - Finish verifying containers on volume /home/runner/work/ozone/ozone/hadoop-ozone/integration-test/target/test-dir/MiniOzoneClusterImpl-4478e412-ba5d-49c0-9319-4f1e6a18fdaa/ozone-meta/datanode-3/data-0/hdds
2024-07-22 09:22:00,094 [8b9937ac-618a-4a68-974c-6b59ae821168-EndpointStateMachineTaskThread-/0.0.0.0:15002-0 ] INFO  ozoneimpl.OzoneContainer (OzoneContainer.java:buildContainerSet(328)) - Build ContainerSet costs 0s
2024-07-22 09:22:00,094 [8b9937ac-618a-4a68-974c-6b59ae821168-EndpointStateMachineTaskThread-/0.0.0.0:15002-0 ] INFO  volume.ThrottledAsyncChecker (ThrottledAsyncChecker.java:schedule(141)) - Scheduling a check for /home/runner/work/ozone/ozone/hadoop-ozone/integration-test/target/test-dir/MiniOzoneClusterImpl-4478e412-ba5d-49c0-9319-4f1e6a18fdaa/ozone-meta/datanode-3/data-0/hdds
2024-07-22 09:22:00,095 [8b9937ac-618a-4a68-974c-6b59ae821168-EndpointStateMachineTaskThread-/0.0.0.0:15002-0 ] INFO  volume.StorageVolumeChecker (StorageVolumeChecker.java:checkAllVolumes(218)) - Scheduled health check for volume /home/runner/work/ozone/ozone/hadoop-ozone/integration-test/target/test-dir/MiniOzoneClusterImpl-4478e412-ba5d-49c0-9319-4f1e6a18fdaa/ozone-meta/datanode-3/data-0/hdds
2024-07-22 09:22:00,096 [8b9937ac-618a-4a68-974c-6b59ae821168-EndpointStateMachineTaskThread-/0.0.0.0:15002-0 ] INFO  volume.ThrottledAsyncChecker (ThrottledAsyncChecker.java:schedule(141)) - Scheduling a check for /home/runner/work/ozone/ozone/hadoop-ozone/integration-test/target/test-dir/MiniOzoneClusterImpl-4478e412-ba5d-49c0-9319-4f1e6a18fdaa/ozone-meta/datanode-3/ratis
2024-07-22 09:22:00,096 [8b9937ac-618a-4a68-974c-6b59ae821168-EndpointStateMachineTaskThread-/0.0.0.0:15002-0 ] INFO  volume.StorageVolumeChecker (StorageVolumeChecker.java:checkAllVolumes(218)) - Scheduled health check for volume /home/runner/work/ozone/ozone/hadoop-ozone/integration-test/target/test-dir/MiniOzoneClusterImpl-4478e412-ba5d-49c0-9319-4f1e6a18fdaa/ozone-meta/datanode-3/ratis
2024-07-22 09:22:00,097 [8b9937ac-618a-4a68-974c-6b59ae821168-EndpointStateMachineTaskThread-/0.0.0.0:15002-0 ] INFO  ozoneimpl.OzoneContainer (OzoneContainer.java:start(459)) - Attempting to start container services.
2024-07-22 09:22:00,097 [8b9937ac-618a-4a68-974c-6b59ae821168-EndpointStateMachineTaskThread-/0.0.0.0:15002-0 ] WARN  ozoneimpl.OnDemandContainerDataScanner (OnDemandContainerDataScanner.java:init(75)) - Trying to initialize on demand scanner a second time on a datanode.
2024-07-22 09:22:00,098 [ContainerMetadataScanner] INFO  ozoneimpl.AbstractBackgroundContainerScanner (AbstractBackgroundContainerScanner.java:runIteration(87)) - Completed an iteration in 0 minutes. Number of iterations (since the data-node restart) : 1, Number of containers scanned in this iteration : 0, Number of unhealthy containers found in this iteration : 0
2024-07-22 09:22:00,105 [8b9937ac-618a-4a68-974c-6b59ae821168-EndpointStateMachineTaskThread-/0.0.0.0:15002-0 ] INFO  replication.ReplicationServer (ReplicationServer.java:start(142)) - ReplicationServer is started using port 15034
2024-07-22 09:22:00,108 [8b9937ac-618a-4a68-974c-6b59ae821168-EndpointStateMachineTaskThread-/0.0.0.0:15002-0 ] INFO  ratis.XceiverServerRatis (XceiverServerRatis.java:start(562)) - Starting XceiverServerRatis 8b9937ac-618a-4a68-974c-6b59ae821168
2024-07-22 09:22:00,105 [ContainerDataScanner(/home/runner/work/ozone/ozone/hadoop-ozone/integration-test/target/test-dir/MiniOzoneClusterImpl-4478e412-ba5d-49c0-9319-4f1e6a18fdaa/ozone-meta/datanode-3/data-0/hdds)] INFO  ozoneimpl.AbstractBackgroundContainerScanner (AbstractBackgroundContainerScanner.java:runIteration(87)) - Completed an iteration in 0 minutes. Number of iterations (since the data-node restart) : 1, Number of containers scanned in this iteration : 0, Number of unhealthy containers found in this iteration : 0
2024-07-22 09:22:00,117 [8b9937ac-618a-4a68-974c-6b59ae821168-EndpointStateMachineTaskThread-/0.0.0.0:15002-0 ] INFO  server.RaftServer (RaftServerProxy.java:startImpl(408)) - 8b9937ac-618a-4a68-974c-6b59ae821168: start RPC server
2024-07-22 09:22:00,118 [8b9937ac-618a-4a68-974c-6b59ae821168-EndpointStateMachineTaskThread-/0.0.0.0:15002-0 ] INFO  server.GrpcService (GrpcService.java:startImpl(302)) - 8b9937ac-618a-4a68-974c-6b59ae821168: GrpcService started, listening on 15030
2024-07-22 09:22:00,119 [8b9937ac-618a-4a68-974c-6b59ae821168-EndpointStateMachineTaskThread-/0.0.0.0:15002-0 ] INFO  server.GrpcService (GrpcService.java:startImpl(302)) - 8b9937ac-618a-4a68-974c-6b59ae821168: GrpcService started, listening on 15032
2024-07-22 09:22:00,120 [8b9937ac-618a-4a68-974c-6b59ae821168-EndpointStateMachineTaskThread-/0.0.0.0:15002-0 ] INFO  server.GrpcService (GrpcService.java:startImpl(302)) - 8b9937ac-618a-4a68-974c-6b59ae821168: GrpcService started, listening on 15031
2024-07-22 09:22:00,120 [8b9937ac-618a-4a68-974c-6b59ae821168-EndpointStateMachineTaskThread-/0.0.0.0:15002-0 ] INFO  ratis.XceiverServerRatis (XceiverServerRatis.java:getRealPort(588)) - XceiverServerRatis 8b9937ac-618a-4a68-974c-6b59ae821168 is started using port 15030 for RATIS
2024-07-22 09:22:00,120 [JvmPauseMonitor4] INFO  util.JvmPauseMonitor (JvmPauseMonitor.java:run(146)) - JvmPauseMonitor-8b9937ac-618a-4a68-974c-6b59ae821168: Started
2024-07-22 09:22:00,120 [8b9937ac-618a-4a68-974c-6b59ae821168-EndpointStateMachineTaskThread-/0.0.0.0:15002-0 ] INFO  ratis.XceiverServerRatis (XceiverServerRatis.java:getRealPort(588)) - XceiverServerRatis 8b9937ac-618a-4a68-974c-6b59ae821168 is started using port 15031 for RATIS_ADMIN
2024-07-22 09:22:00,120 [8b9937ac-618a-4a68-974c-6b59ae821168-EndpointStateMachineTaskThread-/0.0.0.0:15002-0 ] INFO  ratis.XceiverServerRatis (XceiverServerRatis.java:getRealPort(588)) - XceiverServerRatis 8b9937ac-618a-4a68-974c-6b59ae821168 is started using port 15032 for RATIS_SERVER
2024-07-22 09:22:00,120 [8b9937ac-618a-4a68-974c-6b59ae821168-EndpointStateMachineTaskThread-/0.0.0.0:15002-0 ] INFO  ratis.XceiverServerRatis (XceiverServerRatis.java:getRealPort(588)) - XceiverServerRatis 8b9937ac-618a-4a68-974c-6b59ae821168 is started using port 15033 for RATIS_DATASTREAM
2024-07-22 09:22:00,129 [8b9937ac-618a-4a68-974c-6b59ae821168-BlockDeletingService#0] INFO  interfaces.ContainerDeletionChoosingPolicyTemplate (ContainerDeletionChoosingPolicyTemplate.java:chooseContainerForBlockDeletion(85)) - Chosen 0/5000 blocks from 0 candidate containers.
2024-07-22 09:22:01,067 [main] INFO  ozone.MiniOzoneClusterImpl (MiniOzoneClusterImpl.java:lambda$waitForClusterToBeReady$0(194)) - Waiting for nodes to be ready. Got 0 of 3 DN Heartbeats.
2024-07-22 09:22:01,068 [main] INFO  ozone.MiniOzoneClusterImpl (MiniOzoneClusterImpl.java:lambda$waitForClusterToBeReady$0(197)) - Waiting for cluster to exit safe mode
2024-07-22 09:22:01,068 [main] INFO  ozone.MiniOzoneClusterImpl (MiniOzoneClusterImpl.java:lambda$waitForClusterToBeReady$0(199)) - SCM became leader
2024-07-22 09:22:01,444 [IPC Server handler 0 on default port 15002] INFO  net.NetworkTopologyImpl (NetworkTopologyImpl.java:add(134)) - Added a new node: /default-rack/ad117ebe-3568-403d-bc57-6f7f1929bcc4
2024-07-22 09:22:01,446 [IPC Server handler 0 on default port 15002] INFO  node.SCMNodeManager (SCMNodeManager.java:register(421)) - Registered datanode: ad117ebe-3568-403d-bc57-6f7f1929bcc4{ip: 127.0.0.1, host: localhost, ports: [HTTP=15009, CLIENT_RPC=15010, REPLICATION=15016, RATIS=15012, RATIS_ADMIN=15013, RATIS_SERVER=15014, RATIS_DATASTREAM=15015, STANDALONE=15011], networkLocation: /default-rack, certSerialId: null, persistedOpState: null, persistedOpStateExpiryEpochSec: 0}
2024-07-22 09:22:01,448 [EventQueue-NewNodeForNewNodeHandler] INFO  pipeline.BackgroundPipelineCreator (BackgroundPipelineCreator.java:notifyEventTriggered(280)) - trigger a one-shot run on RatisPipelineUtilsThread.
2024-07-22 09:22:01,455 [EventQueue-NodeRegistrationContainerReportForDataNodeSafeModeRule] INFO  safemode.SCMSafeModeManager (DataNodeSafeModeRule.java:process(71)) - SCM in safe mode. 1 DataNodes registered, 3 required.
2024-07-22 09:22:01,456 [EventQueue-NodeRegistrationContainerReportForContainerSafeModeRule] INFO  safemode.SCMSafeModeManager (SCMSafeModeManager.java:validateSafeModeExitRules(203)) - ContainerSafeModeRule rule is successfully validated
2024-07-22 09:22:01,457 [EventQueue-PipelineReportForOneReplicaPipelineSafeModeRule] INFO  safemode.SCMSafeModeManager (SCMSafeModeManager.java:validateSafeModeExitRules(203)) - AtleastOneDatanodeReportedRule rule is successfully validated
2024-07-22 09:22:01,459 [RatisPipelineUtilsThread-0] INFO  pipeline.RatisPipelineProvider (RatisPipelineProvider.java:lambda$create$0(205)) - Sending CreatePipelineCommand for pipeline:PipelineID=687b77af-9cc2-4084-81dc-5686a0557b00 to datanode:ad117ebe-3568-403d-bc57-6f7f1929bcc4
2024-07-22 09:22:01,468 [RatisPipelineUtilsThread-0] INFO  pipeline.BackgroundPipelineCreator (BackgroundPipelineCreator.java:createPipelines(236)) - Created new pipeline Pipeline[ Id: 687b77af-9cc2-4084-81dc-5686a0557b00, Nodes: ad117ebe-3568-403d-bc57-6f7f1929bcc4(localhost/127.0.0.1) ReplicaIndex: 0, ReplicationConfig: RATIS/ONE, State:ALLOCATED, leaderId:, CreationTimestamp2024-07-22T09:22:01.458685066Z[Etc/UTC]]
2024-07-22 09:22:01,795 [IPC Server handler 1 on default port 15002] INFO  net.NetworkTopologyImpl (NetworkTopologyImpl.java:add(134)) - Added a new node: /default-rack/1ba5db44-79b5-4f90-beb2-74b6002ac6d7
2024-07-22 09:22:01,796 [IPC Server handler 1 on default port 15002] INFO  node.SCMNodeManager (SCMNodeManager.java:register(421)) - Registered datanode: 1ba5db44-79b5-4f90-beb2-74b6002ac6d7{ip: 127.0.0.1, host: localhost, ports: [HTTP=15018, CLIENT_RPC=15019, REPLICATION=15025, RATIS=15021, RATIS_ADMIN=15022, RATIS_SERVER=15023, RATIS_DATASTREAM=15024, STANDALONE=15020], networkLocation: /default-rack, certSerialId: null, persistedOpState: null, persistedOpStateExpiryEpochSec: 0}
2024-07-22 09:22:01,796 [EventQueue-NewNodeForNewNodeHandler] INFO  pipeline.BackgroundPipelineCreator (BackgroundPipelineCreator.java:notifyEventTriggered(280)) - trigger a one-shot run on RatisPipelineUtilsThread.
2024-07-22 09:22:01,796 [EventQueue-NodeRegistrationContainerReportForDataNodeSafeModeRule] INFO  safemode.SCMSafeModeManager (DataNodeSafeModeRule.java:process(71)) - SCM in safe mode. 2 DataNodes registered, 3 required.
2024-07-22 09:22:01,797 [RatisPipelineUtilsThread-0] INFO  pipeline.RatisPipelineProvider (RatisPipelineProvider.java:lambda$create$0(205)) - Sending CreatePipelineCommand for pipeline:PipelineID=54227a70-60eb-4294-b8ec-99b1a52d89c1 to datanode:1ba5db44-79b5-4f90-beb2-74b6002ac6d7
2024-07-22 09:22:01,798 [RatisPipelineUtilsThread-0] INFO  pipeline.BackgroundPipelineCreator (BackgroundPipelineCreator.java:createPipelines(236)) - Created new pipeline Pipeline[ Id: 54227a70-60eb-4294-b8ec-99b1a52d89c1, Nodes: 1ba5db44-79b5-4f90-beb2-74b6002ac6d7(localhost/127.0.0.1) ReplicaIndex: 0, ReplicationConfig: RATIS/ONE, State:ALLOCATED, leaderId:, CreationTimestamp2024-07-22T09:22:01.797336411Z[Etc/UTC]]
2024-07-22 09:22:02,068 [main] INFO  ozone.MiniOzoneClusterImpl (MiniOzoneClusterImpl.java:lambda$waitForClusterToBeReady$0(194)) - Waiting for nodes to be ready. Got 2 of 3 DN Heartbeats.
2024-07-22 09:22:02,068 [main] INFO  ozone.MiniOzoneClusterImpl (MiniOzoneClusterImpl.java:lambda$waitForClusterToBeReady$0(197)) - Waiting for cluster to exit safe mode
2024-07-22 09:22:02,069 [main] INFO  ozone.MiniOzoneClusterImpl (MiniOzoneClusterImpl.java:lambda$waitForClusterToBeReady$0(199)) - SCM became leader
2024-07-22 09:22:02,069 [IPC Server handler 2 on default port 15002] INFO  net.NetworkTopologyImpl (NetworkTopologyImpl.java:add(134)) - Added a new node: /default-rack/8b9937ac-618a-4a68-974c-6b59ae821168
2024-07-22 09:22:02,069 [IPC Server handler 2 on default port 15002] INFO  node.SCMNodeManager (SCMNodeManager.java:register(421)) - Registered datanode: 8b9937ac-618a-4a68-974c-6b59ae821168{ip: 127.0.0.1, host: localhost, ports: [HTTP=15027, CLIENT_RPC=15028, REPLICATION=15034, RATIS=15030, RATIS_ADMIN=15031, RATIS_SERVER=15032, RATIS_DATASTREAM=15033, STANDALONE=15029], networkLocation: /default-rack, certSerialId: null, persistedOpState: null, persistedOpStateExpiryEpochSec: 0}
2024-07-22 09:22:02,070 [EventQueue-NodeRegistrationContainerReportForDataNodeSafeModeRule] INFO  safemode.SCMSafeModeManager (DataNodeSafeModeRule.java:process(71)) - SCM in safe mode. 3 DataNodes registered, 3 required.
2024-07-22 09:22:02,070 [EventQueue-NodeRegistrationContainerReportForDataNodeSafeModeRule] INFO  safemode.SCMSafeModeManager (SCMSafeModeManager.java:validateSafeModeExitRules(203)) - DataNodeSafeModeRule rule is successfully validated
2024-07-22 09:22:02,070 [EventQueue-NodeRegistrationContainerReportForDataNodeSafeModeRule] INFO  safemode.SCMSafeModeManager (SCMSafeModeManager.java:completePreCheck(232)) - All SCM safe mode pre check rules have passed
2024-07-22 09:22:02,070 [EventQueue-NodeRegistrationContainerReportForDataNodeSafeModeRule] INFO  ha.SCMContext (SCMContext.java:updateSafeModeStatus(225)) - Update SafeModeStatus from SafeModeStatus{safeModeStatus=true, preCheckPassed=false} to SafeModeStatus{safeModeStatus=true, preCheckPassed=true}.
2024-07-22 09:22:02,070 [EventQueue-NodeRegistrationContainerReportForDataNodeSafeModeRule] INFO  pipeline.BackgroundPipelineCreator (BackgroundPipelineCreator.java:notifyEventTriggered(280)) - trigger a one-shot run on RatisPipelineUtilsThread.
2024-07-22 09:22:02,071 [EventQueue-NewNodeForNewNodeHandler] INFO  pipeline.BackgroundPipelineCreator (BackgroundPipelineCreator.java:notifyEventTriggered(280)) - trigger a one-shot run on RatisPipelineUtilsThread.
2024-07-22 09:22:02,073 [RatisPipelineUtilsThread-0] INFO  pipeline.RatisPipelineProvider (RatisPipelineProvider.java:lambda$create$0(205)) - Sending CreatePipelineCommand for pipeline:PipelineID=56f34a69-2e3c-4b62-a16a-a411080b45c1 to datanode:8b9937ac-618a-4a68-974c-6b59ae821168
2024-07-22 09:22:02,074 [RatisPipelineUtilsThread-0] INFO  pipeline.BackgroundPipelineCreator (BackgroundPipelineCreator.java:createPipelines(236)) - Created new pipeline Pipeline[ Id: 56f34a69-2e3c-4b62-a16a-a411080b45c1, Nodes: 8b9937ac-618a-4a68-974c-6b59ae821168(localhost/127.0.0.1) ReplicaIndex: 0, ReplicationConfig: RATIS/ONE, State:ALLOCATED, leaderId:, CreationTimestamp2024-07-22T09:22:02.073381806Z[Etc/UTC]]
2024-07-22 09:22:02,078 [RatisPipelineUtilsThread-0] INFO  pipeline.RatisPipelineProvider (RatisPipelineProvider.java:lambda$create$0(205)) - Sending CreatePipelineCommand for pipeline:PipelineID=372f24e1-ea7c-49ee-972e-721621f6382a to datanode:1ba5db44-79b5-4f90-beb2-74b6002ac6d7
2024-07-22 09:22:02,078 [RatisPipelineUtilsThread-0] INFO  pipeline.RatisPipelineProvider (RatisPipelineProvider.java:lambda$create$0(205)) - Sending CreatePipelineCommand for pipeline:PipelineID=372f24e1-ea7c-49ee-972e-721621f6382a to datanode:ad117ebe-3568-403d-bc57-6f7f1929bcc4
2024-07-22 09:22:02,078 [RatisPipelineUtilsThread-0] INFO  pipeline.RatisPipelineProvider (RatisPipelineProvider.java:lambda$create$0(205)) - Sending CreatePipelineCommand for pipeline:PipelineID=372f24e1-ea7c-49ee-972e-721621f6382a to datanode:8b9937ac-618a-4a68-974c-6b59ae821168
2024-07-22 09:22:02,080 [RatisPipelineUtilsThread-0] INFO  pipeline.BackgroundPipelineCreator (BackgroundPipelineCreator.java:createPipelines(236)) - Created new pipeline Pipeline[ Id: 372f24e1-ea7c-49ee-972e-721621f6382a, Nodes: 1ba5db44-79b5-4f90-beb2-74b6002ac6d7(localhost/127.0.0.1) ReplicaIndex: 0ad117ebe-3568-403d-bc57-6f7f1929bcc4(localhost/127.0.0.1) ReplicaIndex: 08b9937ac-618a-4a68-974c-6b59ae821168(localhost/127.0.0.1) ReplicaIndex: 0, ReplicationConfig: RATIS/THREE, State:ALLOCATED, leaderId:, CreationTimestamp2024-07-22T09:22:02.078294446Z[Etc/UTC]]
2024-07-22 09:22:02,081 [RatisPipelineUtilsThread-0] INFO  pipeline.RatisPipelineProvider (RatisPipelineProvider.java:lambda$create$0(205)) - Sending CreatePipelineCommand for pipeline:PipelineID=2ede0c02-3d1f-43d6-b275-c7ac607cc480 to datanode:8b9937ac-618a-4a68-974c-6b59ae821168
2024-07-22 09:22:02,081 [RatisPipelineUtilsThread-0] INFO  pipeline.RatisPipelineProvider (RatisPipelineProvider.java:lambda$create$0(205)) - Sending CreatePipelineCommand for pipeline:PipelineID=2ede0c02-3d1f-43d6-b275-c7ac607cc480 to datanode:ad117ebe-3568-403d-bc57-6f7f1929bcc4
2024-07-22 09:22:02,081 [RatisPipelineUtilsThread-0] INFO  pipeline.RatisPipelineProvider (RatisPipelineProvider.java:lambda$create$0(205)) - Sending CreatePipelineCommand for pipeline:PipelineID=2ede0c02-3d1f-43d6-b275-c7ac607cc480 to datanode:1ba5db44-79b5-4f90-beb2-74b6002ac6d7
2024-07-22 09:22:02,083 [RatisPipelineUtilsThread-0] INFO  pipeline.PipelineManagerImpl (PipelineManagerImpl.java:recordMetricsForPipeline(916)) - Pipeline: PipelineID=2ede0c02-3d1f-43d6-b275-c7ac607cc480 contains same datanodes as previous pipelines: PipelineID=372f24e1-ea7c-49ee-972e-721621f6382a nodeIds: 8b9937ac-618a-4a68-974c-6b59ae821168, ad117ebe-3568-403d-bc57-6f7f1929bcc4, 1ba5db44-79b5-4f90-beb2-74b6002ac6d7
2024-07-22 09:22:02,083 [RatisPipelineUtilsThread-0] INFO  pipeline.BackgroundPipelineCreator (BackgroundPipelineCreator.java:createPipelines(236)) - Created new pipeline Pipeline[ Id: 2ede0c02-3d1f-43d6-b275-c7ac607cc480, Nodes: 8b9937ac-618a-4a68-974c-6b59ae821168(localhost/127.0.0.1) ReplicaIndex: 0ad117ebe-3568-403d-bc57-6f7f1929bcc4(localhost/127.0.0.1) ReplicaIndex: 01ba5db44-79b5-4f90-beb2-74b6002ac6d7(localhost/127.0.0.1) ReplicaIndex: 0, ReplicationConfig: RATIS/THREE, State:ALLOCATED, leaderId:, CreationTimestamp2024-07-22T09:22:02.081250630Z[Etc/UTC]]
2024-07-22 09:22:03,069 [main] INFO  ozone.MiniOzoneClusterImpl (MiniOzoneClusterImpl.java:lambda$waitForClusterToBeReady$0(194)) - Nodes are ready. Got 3 of 3 DN Heartbeats.
2024-07-22 09:22:03,069 [main] INFO  ozone.MiniOzoneClusterImpl (MiniOzoneClusterImpl.java:lambda$waitForClusterToBeReady$0(197)) - Waiting for cluster to exit safe mode
2024-07-22 09:22:03,069 [main] INFO  ozone.MiniOzoneClusterImpl (MiniOzoneClusterImpl.java:lambda$waitForClusterToBeReady$0(199)) - SCM became leader
2024-07-22 09:22:04,069 [main] INFO  ozone.MiniOzoneClusterImpl (MiniOzoneClusterImpl.java:lambda$waitForClusterToBeReady$0(194)) - Nodes are ready. Got 3 of 3 DN Heartbeats.
2024-07-22 09:22:04,070 [main] INFO  ozone.MiniOzoneClusterImpl (MiniOzoneClusterImpl.java:lambda$waitForClusterToBeReady$0(197)) - Waiting for cluster to exit safe mode
2024-07-22 09:22:04,070 [main] INFO  ozone.MiniOzoneClusterImpl (MiniOzoneClusterImpl.java:lambda$waitForClusterToBeReady$0(199)) - SCM became leader
2024-07-22 09:22:04,449 [ad117ebe-3568-403d-bc57-6f7f1929bcc4-PipelineCommandHandlerThread-0] INFO  server.RaftServer (RaftServerProxy.java:addNew(101)) - ad117ebe-3568-403d-bc57-6f7f1929bcc4: addNew group-5686A0557B00:[ad117ebe-3568-403d-bc57-6f7f1929bcc4|127.0.0.1:15014] returns group-5686A0557B00:java.util.concurrent.CompletableFuture@7733a5fa[Not completed]
2024-07-22 09:22:04,456 [ad117ebe-3568-403d-bc57-6f7f1929bcc4-groupManagement] INFO  lib.Interns (Interns.java:removeEldestEntry(50)) - Metrics intern cache overflow at 2011 for MetricsSystem={MetricsSystem=MetricsInfoImpl{name=MetricsSystem, description=MetricsSystem}, MetricsSystem record=MetricsInfoImpl{name=MetricsSystem, description=MetricsSystem record}}
2024-07-22 09:22:04,461 [ad117ebe-3568-403d-bc57-6f7f1929bcc4-groupManagement] INFO  server.RaftServer$Division (RaftServerImpl.java:<init>(253)) - ad117ebe-3568-403d-bc57-6f7f1929bcc4: new RaftServerImpl for group-5686A0557B00:[ad117ebe-3568-403d-bc57-6f7f1929bcc4|127.0.0.1:15014] with ContainerStateMachine:uninitialized
2024-07-22 09:22:04,462 [ad117ebe-3568-403d-bc57-6f7f1929bcc4-groupManagement] INFO  server.RaftServerConfigKeys (ConfUtils.java:logGet(46)) - raft.server.rpc.timeout.min = 5s (custom)
2024-07-22 09:22:04,462 [ad117ebe-3568-403d-bc57-6f7f1929bcc4-groupManagement] INFO  server.RaftServerConfigKeys (ConfUtils.java:logGet(46)) - raft.server.rpc.timeout.max = 5200ms (custom)
2024-07-22 09:22:04,462 [ad117ebe-3568-403d-bc57-6f7f1929bcc4-groupManagement] INFO  server.RaftServerConfigKeys (ConfUtils.java:logGet(46)) - raft.server.rpc.sleep.time = 25ms (default)
2024-07-22 09:22:04,463 [ad117ebe-3568-403d-bc57-6f7f1929bcc4-groupManagement] INFO  server.RaftServerConfigKeys (ConfUtils.java:logGet(46)) - raft.server.rpc.slowness.timeout = 300s (custom)
2024-07-22 09:22:04,463 [ad117ebe-3568-403d-bc57-6f7f1929bcc4-groupManagement] INFO  server.RaftServerConfigKeys (ConfUtils.java:logGet(46)) - raft.server.leaderelection.leader.step-down.wait-time = 10s (default)
2024-07-22 09:22:04,463 [ad117ebe-3568-403d-bc57-6f7f1929bcc4-groupManagement] INFO  server.RaftServerConfigKeys (ConfUtils.java:logGet(46)) - raft.server.leaderelection.member.majority-add = false (default)
2024-07-22 09:22:04,463 [ad117ebe-3568-403d-bc57-6f7f1929bcc4-groupManagement] INFO  server.RaftServerConfigKeys (ConfUtils.java:logGet(46)) - raft.server.sleep.deviation.threshold = 300ms (default)
2024-07-22 09:22:04,467 [ad117ebe-3568-403d-bc57-6f7f1929bcc4-groupManagement] INFO  server.RaftServer$Division (ServerState.java:<init>(114)) - ad117ebe-3568-403d-bc57-6f7f1929bcc4@group-5686A0557B00: ConfigurationManager, init=conf: {index: -1, cur=peers:[ad117ebe-3568-403d-bc57-6f7f1929bcc4|127.0.0.1:15014]|listeners:[], old=null}, confs=<EMPTY_MAP>
2024-07-22 09:22:04,472 [ad117ebe-3568-403d-bc57-6f7f1929bcc4-groupManagement] INFO  server.RaftServerConfigKeys (ConfUtils.java:logGet(46)) - raft.server.notification.no-leader.timeout = 300s (custom)
2024-07-22 09:22:04,474 [ad117ebe-3568-403d-bc57-6f7f1929bcc4-groupManagement] INFO  server.RaftServerConfigKeys (ConfUtils.java:logGet(46)) - raft.server.read.timeout = 10s (default)
2024-07-22 09:22:04,477 [ad117ebe-3568-403d-bc57-6f7f1929bcc4-groupManagement] INFO  server.RaftServerConfigKeys (ConfUtils.java:logGet(46)) - raft.server.retrycache.expirytime = 600000ms (custom)
2024-07-22 09:22:04,477 [ad117ebe-3568-403d-bc57-6f7f1929bcc4-groupManagement] INFO  server.RaftServerConfigKeys (ConfUtils.java:logGet(46)) - raft.server.retrycache.statistics.expirytime = 100ms (default)
2024-07-22 09:22:04,480 [ad117ebe-3568-403d-bc57-6f7f1929bcc4-groupManagement] INFO  server.RaftServerConfigKeys (ConfUtils.java:logGet(46)) - raft.server.read.option = DEFAULT (default)
2024-07-22 09:22:04,480 [ad117ebe-3568-403d-bc57-6f7f1929bcc4-groupManagement] INFO  server.RaftServerConfigKeys (ConfUtils.java:logGet(46)) - raft.server.read.read-after-write-consistent.write-index-cache.expiry-time = 60s (default)
2024-07-22 09:22:04,503 [ad117ebe-3568-403d-bc57-6f7f1929bcc4-groupManagement] INFO  server.RaftServerConfigKeys (ConfUtils.java:logGet(46)) - raft.server.rpc.request.timeout = 60s (custom)
2024-07-22 09:22:04,505 [ad117ebe-3568-403d-bc57-6f7f1929bcc4-groupManagement] INFO  server.RaftServerConfigKeys (ConfUtils.java:logGet(46)) - raft.server.log.appender.install.snapshot.enabled = false (custom)
2024-07-22 09:22:04,505 [ad117ebe-3568-403d-bc57-6f7f1929bcc4-groupManagement] INFO  server.RaftServerConfigKeys (ConfUtils.java:logGet(46)) - raft.server.threadpool.server.cached = true (default)
2024-07-22 09:22:04,505 [ad117ebe-3568-403d-bc57-6f7f1929bcc4-groupManagement] INFO  server.RaftServerConfigKeys (ConfUtils.java:logGet(46)) - raft.server.threadpool.server.size = 0 (default)
2024-07-22 09:22:04,505 [ad117ebe-3568-403d-bc57-6f7f1929bcc4-groupManagement] INFO  server.RaftServerConfigKeys (ConfUtils.java:logGet(46)) - raft.server.threadpool.client.cached = true (default)
2024-07-22 09:22:04,506 [ad117ebe-3568-403d-bc57-6f7f1929bcc4-groupManagement] INFO  server.RaftServerConfigKeys (ConfUtils.java:logGet(46)) - raft.server.threadpool.client.size = 0 (default)
2024-07-22 09:22:04,506 [ad117ebe-3568-403d-bc57-6f7f1929bcc4-groupManagement] INFO  server.RaftServerConfigKeys (ConfUtils.java:logGet(46)) - raft.server.storage.free-space.min = 0MB (=0) (default)
2024-07-22 09:22:04,507 [ad117ebe-3568-403d-bc57-6f7f1929bcc4-groupManagement] INFO  server.RaftServerConfigKeys (ConfUtils.java:logGet(46)) - raft.server.log.corruption.policy = EXCEPTION (default)
2024-07-22 09:22:04,507 [ad117ebe-3568-403d-bc57-6f7f1929bcc4-groupManagement] INFO  server.RaftServerConfigKeys (ConfUtils.java:logGet(46)) - raft.server.storage.dir = [/home/runner/work/ozone/ozone/hadoop-ozone/integration-test/target/test-dir/MiniOzoneClusterImpl-4478e412-ba5d-49c0-9319-4f1e6a18fdaa/ozone-meta/datanode-1/ratis] (custom)
2024-07-22 09:22:04,512 [ad117ebe-3568-403d-bc57-6f7f1929bcc4-groupManagement] INFO  storage.RaftStorageDirectory (RaftStorageDirectoryImpl.java:analyzeStorage(138)) - The storage directory /home/runner/work/ozone/ozone/hadoop-ozone/integration-test/target/test-dir/MiniOzoneClusterImpl-4478e412-ba5d-49c0-9319-4f1e6a18fdaa/ozone-meta/datanode-1/ratis/687b77af-9cc2-4084-81dc-5686a0557b00 does not exist. Creating ...
2024-07-22 09:22:04,516 [ad117ebe-3568-403d-bc57-6f7f1929bcc4-groupManagement] INFO  storage.RaftStorageDirectory (RaftStorageDirectoryImpl.java:tryLock(229)) - Lock on /home/runner/work/ozone/ozone/hadoop-ozone/integration-test/target/test-dir/MiniOzoneClusterImpl-4478e412-ba5d-49c0-9319-4f1e6a18fdaa/ozone-meta/datanode-1/ratis/687b77af-9cc2-4084-81dc-5686a0557b00/in_use.lock acquired by nodename 55069@fv-az1018-685
2024-07-22 09:22:04,520 [ad117ebe-3568-403d-bc57-6f7f1929bcc4-groupManagement] INFO  storage.RaftStorage (RaftStorageImpl.java:format(98)) - Storage directory /home/runner/work/ozone/ozone/hadoop-ozone/integration-test/target/test-dir/MiniOzoneClusterImpl-4478e412-ba5d-49c0-9319-4f1e6a18fdaa/ozone-meta/datanode-1/ratis/687b77af-9cc2-4084-81dc-5686a0557b00 has been successfully formatted.
2024-07-22 09:22:04,525 [ad117ebe-3568-403d-bc57-6f7f1929bcc4-groupManagement] INFO  ratis.ContainerStateMachine (ContainerStateMachine.java:loadSnapshot(287)) - group-5686A0557B00: The snapshot info is null. Setting the last applied index to:(t:0, i:~)
2024-07-22 09:22:04,527 [ad117ebe-3568-403d-bc57-6f7f1929bcc4-groupManagement] INFO  server.RaftServerConfigKeys (ConfUtils.java:logGet(46)) - raft.server.log.use.memory = false (default)
2024-07-22 09:22:04,529 [EventQueue-PipelineReportForPipelineReportHandler] INFO  pipeline.PipelineReportHandler (PipelineReportHandler.java:processPipelineReport(136)) - Opened pipeline PipelineID=687b77af-9cc2-4084-81dc-5686a0557b00
2024-07-22 09:22:04,531 [EventQueue-OpenPipelineForHealthyPipelineSafeModeRule] INFO  safemode.SCMSafeModeManager (HealthyPipelineSafeModeRule.java:process(140)) - SCM in safe mode. Healthy pipelines reported count is 0, required healthy pipeline reported count is 1
2024-07-22 09:22:04,534 [ad117ebe-3568-403d-bc57-6f7f1929bcc4-groupManagement] INFO  server.RaftServerConfigKeys (ConfUtils.java:logGet(46)) - raft.server.log.purge.gap = 1000000 (custom)
2024-07-22 09:22:04,534 [ad117ebe-3568-403d-bc57-6f7f1929bcc4-groupManagement] INFO  server.RaftServerConfigKeys (ConfUtils.java:logGet(46)) - raft.server.log.appender.buffer.byte-limit = 8388608 (custom)
2024-07-22 09:22:04,535 [ad117ebe-3568-403d-bc57-6f7f1929bcc4-groupManagement] INFO  server.RaftServerConfigKeys (ConfUtils.java:logGet(46)) - raft.server.log.statemachine.data.read.timeout = 1000ms (default)
2024-07-22 09:22:04,535 [ad117ebe-3568-403d-bc57-6f7f1929bcc4-groupManagement] INFO  server.RaftServerConfigKeys (ConfUtils.java:logGet(46)) - raft.server.log.purge.preservation.log.num = 0 (default)
2024-07-22 09:22:04,540 [ad117ebe-3568-403d-bc57-6f7f1929bcc4-groupManagement] INFO  server.RaftServerConfigKeys (ConfUtils.java:logGet(46)) - raft.server.log.segment.size.max = 67108864 (custom)
2024-07-22 09:22:04,544 [ad117ebe-3568-403d-bc57-6f7f1929bcc4-groupManagement] INFO  server.RaftServerConfigKeys (ConfUtils.java:logGet(46)) - raft.server.log.segment.cache.num.max = 2 (custom)
2024-07-22 09:22:04,544 [ad117ebe-3568-403d-bc57-6f7f1929bcc4-groupManagement] INFO  server.RaftServerConfigKeys (ConfUtils.java:logGet(46)) - raft.server.log.segment.cache.size.max = 200MB (=209715200) (default)
2024-07-22 09:22:04,544 [ad117ebe-3568-403d-bc57-6f7f1929bcc4-groupManagement] INFO  server.RaftServerConfigKeys (ConfUtils.java:logGet(46)) - raft.server.log.appender.buffer.byte-limit = 8388608 (custom)
2024-07-22 09:22:04,545 [ad117ebe-3568-403d-bc57-6f7f1929bcc4-groupManagement] INFO  util.AwaitToRun (AwaitToRun.java:start(81)) - Thread[ad117ebe-3568-403d-bc57-6f7f1929bcc4@group-5686A0557B00-cacheEviction-AwaitToRun,5,main] started
2024-07-22 09:22:04,548 [ad117ebe-3568-403d-bc57-6f7f1929bcc4-groupManagement] INFO  segmented.SegmentedRaftLogWorker (SegmentedRaftLogWorker.java:<init>(184)) - new ad117ebe-3568-403d-bc57-6f7f1929bcc4@group-5686A0557B00-SegmentedRaftLogWorker for RaftStorageImpl:Storage Directory /home/runner/work/ozone/ozone/hadoop-ozone/integration-test/target/test-dir/MiniOzoneClusterImpl-4478e412-ba5d-49c0-9319-4f1e6a18fdaa/ozone-meta/datanode-1/ratis/687b77af-9cc2-4084-81dc-5686a0557b00
2024-07-22 09:22:04,548 [ad117ebe-3568-403d-bc57-6f7f1929bcc4-groupManagement] INFO  server.RaftServerConfigKeys (ConfUtils.java:logGet(46)) - raft.server.log.queue.byte-limit = 4294967296 (custom)
2024-07-22 09:22:04,548 [ad117ebe-3568-403d-bc57-6f7f1929bcc4-groupManagement] INFO  server.RaftServerConfigKeys (ConfUtils.java:logGet(46)) - raft.server.log.queue.element-limit = 1024 (custom)
2024-07-22 09:22:04,550 [ad117ebe-3568-403d-bc57-6f7f1929bcc4-groupManagement] INFO  server.RaftServerConfigKeys (ConfUtils.java:logGet(46)) - raft.server.log.segment.size.max = 67108864 (custom)
2024-07-22 09:22:04,550 [ad117ebe-3568-403d-bc57-6f7f1929bcc4-groupManagement] INFO  server.RaftServerConfigKeys (ConfUtils.java:logGet(46)) - raft.server.log.preallocated.size = 4194304 (custom)
2024-07-22 09:22:04,550 [ad117ebe-3568-403d-bc57-6f7f1929bcc4-groupManagement] INFO  server.RaftServerConfigKeys (ConfUtils.java:logGet(46)) - raft.server.log.force.sync.num = 128 (default)
2024-07-22 09:22:04,551 [ad117ebe-3568-403d-bc57-6f7f1929bcc4-groupManagement] INFO  server.RaftServerConfigKeys (ConfUtils.java:logGet(46)) - raft.server.log.statemachine.data.sync = true (default)
2024-07-22 09:22:04,551 [ad117ebe-3568-403d-bc57-6f7f1929bcc4-groupManagement] INFO  server.RaftServerConfigKeys (ConfUtils.java:logGet(46)) - raft.server.log.statemachine.data.sync.timeout = 10s (default)
2024-07-22 09:22:04,551 [ad117ebe-3568-403d-bc57-6f7f1929bcc4-groupManagement] INFO  server.RaftServerConfigKeys (ConfUtils.java:logGet(46)) - raft.server.log.statemachine.data.sync.timeout.retry = 30 (custom)
2024-07-22 09:22:04,553 [ad117ebe-3568-403d-bc57-6f7f1929bcc4-groupManagement] INFO  server.RaftServerConfigKeys (ConfUtils.java:logGet(46)) - raft.server.log.write.buffer.size = 8388616 (custom)
2024-07-22 09:22:04,556 [ad117ebe-3568-403d-bc57-6f7f1929bcc4-groupManagement] INFO  server.RaftServerConfigKeys (ConfUtils.java:logGet(46)) - raft.server.log.appender.buffer.byte-limit = 8388608 (custom)
2024-07-22 09:22:04,556 [ad117ebe-3568-403d-bc57-6f7f1929bcc4-groupManagement] INFO  server.RaftServerConfigKeys (ConfUtils.java:logGet(46)) - raft.server.log.unsafe-flush.enabled = false (default)
2024-07-22 09:22:04,556 [ad117ebe-3568-403d-bc57-6f7f1929bcc4-groupManagement] INFO  server.RaftServerConfigKeys (ConfUtils.java:logGet(46)) - raft.server.log.async-flush.enabled = false (default)
2024-07-22 09:22:04,556 [ad117ebe-3568-403d-bc57-6f7f1929bcc4-groupManagement] INFO  server.RaftServerConfigKeys (ConfUtils.java:logGet(46)) - raft.server.log.statemachine.data.caching.enabled = true (custom)
2024-07-22 09:22:04,560 [ad117ebe-3568-403d-bc57-6f7f1929bcc4-groupManagement] INFO  segmented.SegmentedRaftLogWorker (SegmentedRaftLogWorker.java:lambda$new$0(135)) - ad117ebe-3568-403d-bc57-6f7f1929bcc4@group-5686A0557B00-SegmentedRaftLogWorker: flushIndex: setUnconditionally 0 -> -1
2024-07-22 09:22:04,560 [ad117ebe-3568-403d-bc57-6f7f1929bcc4-groupManagement] INFO  segmented.SegmentedRaftLogWorker (SegmentedRaftLogWorker.java:lambda$new$0(135)) - ad117ebe-3568-403d-bc57-6f7f1929bcc4@group-5686A0557B00-SegmentedRaftLogWorker: safeCacheEvictIndex: setUnconditionally 0 -> -1
2024-07-22 09:22:04,565 [ad117ebe-3568-403d-bc57-6f7f1929bcc4-groupManagement] INFO  server.RaftServer$Division (RaftServerImpl.java:start(389)) - ad117ebe-3568-403d-bc57-6f7f1929bcc4@group-5686A0557B00: start as a follower, conf=conf: {index: -1, cur=peers:[ad117ebe-3568-403d-bc57-6f7f1929bcc4|127.0.0.1:15014]|listeners:[], old=null}
2024-07-22 09:22:04,566 [ad117ebe-3568-403d-bc57-6f7f1929bcc4-groupManagement] INFO  server.RaftServer$Division (RaftServerImpl.java:setRole(376)) - ad117ebe-3568-403d-bc57-6f7f1929bcc4@group-5686A0557B00: changes role from      null to FOLLOWER at term 0 for startAsFollower
2024-07-22 09:22:04,567 [ad117ebe-3568-403d-bc57-6f7f1929bcc4-groupManagement] INFO  impl.RoleInfo (RoleInfo.java:updateAndGet(148)) - ad117ebe-3568-403d-bc57-6f7f1929bcc4: start ad117ebe-3568-403d-bc57-6f7f1929bcc4@group-5686A0557B00-FollowerState
2024-07-22 09:22:04,567 [ad117ebe-3568-403d-bc57-6f7f1929bcc4@group-5686A0557B00-FollowerState] INFO  server.RaftServerConfigKeys (ConfUtils.java:logFallback(53)) - raft.server.rpc.first-election.timeout.min = 5s (fallback to raft.server.rpc.timeout.min)
2024-07-22 09:22:04,567 [ad117ebe-3568-403d-bc57-6f7f1929bcc4@group-5686A0557B00-FollowerState] INFO  server.RaftServerConfigKeys (ConfUtils.java:logFallback(53)) - raft.server.rpc.first-election.timeout.max = 5200ms (fallback to raft.server.rpc.timeout.max)
2024-07-22 09:22:04,568 [ad117ebe-3568-403d-bc57-6f7f1929bcc4-groupManagement] INFO  util.JmxRegister (JmxRegister.java:tryRegister(44)) - Successfully registered JMX Bean with object name Ratis:service=RaftServer,group=group-5686A0557B00,id=ad117ebe-3568-403d-bc57-6f7f1929bcc4
2024-07-22 09:22:04,568 [ad117ebe-3568-403d-bc57-6f7f1929bcc4-groupManagement] INFO  util.JmxRegister (JmxRegister.java:register(58)) - register mxBean class org.apache.ratis.server.impl.RaftServerJmxAdapter as Ratis:service=RaftServer,group=group-5686A0557B00,id=ad117ebe-3568-403d-bc57-6f7f1929bcc4
2024-07-22 09:22:04,570 [ad117ebe-3568-403d-bc57-6f7f1929bcc4-groupManagement] INFO  server.RaftServerConfigKeys (ConfUtils.java:logGet(46)) - raft.server.snapshot.trigger-when-stop.enabled = true (default)
2024-07-22 09:22:04,570 [ad117ebe-3568-403d-bc57-6f7f1929bcc4-groupManagement] INFO  server.RaftServerConfigKeys (ConfUtils.java:logGet(46)) - raft.server.snapshot.trigger-when-remove.enabled = true (default)
2024-07-22 09:22:04,570 [ad117ebe-3568-403d-bc57-6f7f1929bcc4-groupManagement] INFO  server.RaftServerConfigKeys (ConfUtils.java:logGet(46)) - raft.server.snapshot.auto.trigger.enabled = true (custom)
2024-07-22 09:22:04,570 [ad117ebe-3568-403d-bc57-6f7f1929bcc4-groupManagement] INFO  server.RaftServerConfigKeys (ConfUtils.java:logGet(46)) - raft.server.snapshot.auto.trigger.threshold = 10000 (custom)
2024-07-22 09:22:04,571 [ad117ebe-3568-403d-bc57-6f7f1929bcc4-groupManagement] INFO  server.RaftServerConfigKeys (ConfUtils.java:logGet(46)) - raft.server.snapshot.retention.file.num = 5 (custom)
2024-07-22 09:22:04,571 [ad117ebe-3568-403d-bc57-6f7f1929bcc4-groupManagement] INFO  server.RaftServerConfigKeys (ConfUtils.java:logGet(46)) - raft.server.log.purge.upto.snapshot.index = false (default)
2024-07-22 09:22:04,580 [ad117ebe-3568-403d-bc57-6f7f1929bcc4-PipelineCommandHandlerThread-0] INFO  ratis.XceiverServerRatis (XceiverServerRatis.java:addGroup(849)) - Created group PipelineID=687b77af-9cc2-4084-81dc-5686a0557b00
2024-07-22 09:22:04,581 [ad117ebe-3568-403d-bc57-6f7f1929bcc4-PipelineCommandHandlerThread-0] INFO  commandhandler.CreatePipelineCommandHandler (CreatePipelineCommandHandler.java:lambda$handle$2(124)) - Created Pipeline RATIS ONE PipelineID=687b77af-9cc2-4084-81dc-5686a0557b00.
2024-07-22 09:22:04,582 [ad117ebe-3568-403d-bc57-6f7f1929bcc4-PipelineCommandHandlerThread-0] INFO  server.RaftServer (RaftServerProxy.java:addNew(101)) - ad117ebe-3568-403d-bc57-6f7f1929bcc4: addNew group-721621F6382A:[1ba5db44-79b5-4f90-beb2-74b6002ac6d7|127.0.0.1:15023, ad117ebe-3568-403d-bc57-6f7f1929bcc4|127.0.0.1:15014, 8b9937ac-618a-4a68-974c-6b59ae821168|127.0.0.1:15032] returns group-721621F6382A:java.util.concurrent.CompletableFuture@192ad86d[Not completed]
2024-07-22 09:22:04,585 [ad117ebe-3568-403d-bc57-6f7f1929bcc4-groupManagement] INFO  server.RaftServer$Division (RaftServerImpl.java:<init>(253)) - ad117ebe-3568-403d-bc57-6f7f1929bcc4: new RaftServerImpl for group-721621F6382A:[1ba5db44-79b5-4f90-beb2-74b6002ac6d7|127.0.0.1:15023, ad117ebe-3568-403d-bc57-6f7f1929bcc4|127.0.0.1:15014, 8b9937ac-618a-4a68-974c-6b59ae821168|127.0.0.1:15032] with ContainerStateMachine:uninitialized
2024-07-22 09:22:04,585 [ad117ebe-3568-403d-bc57-6f7f1929bcc4-groupManagement] INFO  server.RaftServerConfigKeys (ConfUtils.java:logGet(46)) - raft.server.rpc.timeout.min = 5s (custom)
2024-07-22 09:22:04,586 [ad117ebe-3568-403d-bc57-6f7f1929bcc4-groupManagement] INFO  server.RaftServerConfigKeys (ConfUtils.java:logGet(46)) - raft.server.rpc.timeout.max = 5200ms (custom)
2024-07-22 09:22:04,586 [ad117ebe-3568-403d-bc57-6f7f1929bcc4-groupManagement] INFO  server.RaftServerConfigKeys (ConfUtils.java:logGet(46)) - raft.server.rpc.sleep.time = 25ms (default)
2024-07-22 09:22:04,586 [ad117ebe-3568-403d-bc57-6f7f1929bcc4-groupManagement] INFO  server.RaftServerConfigKeys (ConfUtils.java:logGet(46)) - raft.server.rpc.slowness.timeout = 300s (custom)
2024-07-22 09:22:04,586 [ad117ebe-3568-403d-bc57-6f7f1929bcc4-groupManagement] INFO  server.RaftServerConfigKeys (ConfUtils.java:logGet(46)) - raft.server.leaderelection.leader.step-down.wait-time = 10s (default)
2024-07-22 09:22:04,586 [ad117ebe-3568-403d-bc57-6f7f1929bcc4-groupManagement] INFO  server.RaftServerConfigKeys (ConfUtils.java:logGet(46)) - raft.server.leaderelection.member.majority-add = false (default)
2024-07-22 09:22:04,586 [ad117ebe-3568-403d-bc57-6f7f1929bcc4-groupManagement] INFO  server.RaftServerConfigKeys (ConfUtils.java:logGet(46)) - raft.server.sleep.deviation.threshold = 300ms (default)
2024-07-22 09:22:04,587 [ad117ebe-3568-403d-bc57-6f7f1929bcc4-groupManagement] INFO  server.RaftServer$Division (ServerState.java:<init>(114)) - ad117ebe-3568-403d-bc57-6f7f1929bcc4@group-721621F6382A: ConfigurationManager, init=conf: {index: -1, cur=peers:[1ba5db44-79b5-4f90-beb2-74b6002ac6d7|127.0.0.1:15023, ad117ebe-3568-403d-bc57-6f7f1929bcc4|127.0.0.1:15014, 8b9937ac-618a-4a68-974c-6b59ae821168|127.0.0.1:15032]|listeners:[], old=null}, confs=<EMPTY_MAP>
2024-07-22 09:22:04,587 [ad117ebe-3568-403d-bc57-6f7f1929bcc4-groupManagement] INFO  server.RaftServerConfigKeys (ConfUtils.java:logGet(46)) - raft.server.notification.no-leader.timeout = 300s (custom)
2024-07-22 09:22:04,587 [ad117ebe-3568-403d-bc57-6f7f1929bcc4-groupManagement] INFO  server.RaftServerConfigKeys (ConfUtils.java:logGet(46)) - raft.server.read.timeout = 10s (default)
2024-07-22 09:22:04,587 [ad117ebe-3568-403d-bc57-6f7f1929bcc4-groupManagement] INFO  server.RaftServerConfigKeys (ConfUtils.java:logGet(46)) - raft.server.retrycache.expirytime = 600000ms (custom)
2024-07-22 09:22:04,587 [ad117ebe-3568-403d-bc57-6f7f1929bcc4-groupManagement] INFO  server.RaftServerConfigKeys (ConfUtils.java:logGet(46)) - raft.server.retrycache.statistics.expirytime = 100ms (default)
2024-07-22 09:22:04,587 [ad117ebe-3568-403d-bc57-6f7f1929bcc4-groupManagement] INFO  server.RaftServerConfigKeys (ConfUtils.java:logGet(46)) - raft.server.read.option = DEFAULT (default)
2024-07-22 09:22:04,587 [ad117ebe-3568-403d-bc57-6f7f1929bcc4-groupManagement] INFO  server.RaftServerConfigKeys (ConfUtils.java:logGet(46)) - raft.server.read.read-after-write-consistent.write-index-cache.expiry-time = 60s (default)
2024-07-22 09:22:04,595 [ad117ebe-3568-403d-bc57-6f7f1929bcc4-groupManagement] INFO  server.RaftServerConfigKeys (ConfUtils.java:logGet(46)) - raft.server.rpc.request.timeout = 60s (custom)
2024-07-22 09:22:04,595 [ad117ebe-3568-403d-bc57-6f7f1929bcc4-groupManagement] INFO  server.RaftServerConfigKeys (ConfUtils.java:logGet(46)) - raft.server.log.appender.install.snapshot.enabled = false (custom)
2024-07-22 09:22:04,596 [ad117ebe-3568-403d-bc57-6f7f1929bcc4-groupManagement] INFO  server.RaftServerConfigKeys (ConfUtils.java:logGet(46)) - raft.server.threadpool.server.cached = true (default)
2024-07-22 09:22:04,597 [ad117ebe-3568-403d-bc57-6f7f1929bcc4-groupManagement] INFO  server.RaftServerConfigKeys (ConfUtils.java:logGet(46)) - raft.server.threadpool.server.size = 0 (default)
2024-07-22 09:22:04,597 [ad117ebe-3568-403d-bc57-6f7f1929bcc4-groupManagement] INFO  server.RaftServerConfigKeys (ConfUtils.java:logGet(46)) - raft.server.threadpool.client.cached = true (default)
2024-07-22 09:22:04,598 [ad117ebe-3568-403d-bc57-6f7f1929bcc4-groupManagement] INFO  server.RaftServerConfigKeys (ConfUtils.java:logGet(46)) - raft.server.threadpool.client.size = 0 (default)
2024-07-22 09:22:04,598 [ad117ebe-3568-403d-bc57-6f7f1929bcc4-groupManagement] INFO  server.RaftServerConfigKeys (ConfUtils.java:logGet(46)) - raft.server.storage.free-space.min = 0MB (=0) (default)
2024-07-22 09:22:04,599 [ad117ebe-3568-403d-bc57-6f7f1929bcc4-groupManagement] INFO  server.RaftServerConfigKeys (ConfUtils.java:logGet(46)) - raft.server.log.corruption.policy = EXCEPTION (default)
2024-07-22 09:22:04,599 [ad117ebe-3568-403d-bc57-6f7f1929bcc4-groupManagement] INFO  server.RaftServerConfigKeys (ConfUtils.java:logGet(46)) - raft.server.storage.dir = [/home/runner/work/ozone/ozone/hadoop-ozone/integration-test/target/test-dir/MiniOzoneClusterImpl-4478e412-ba5d-49c0-9319-4f1e6a18fdaa/ozone-meta/datanode-1/ratis] (custom)
2024-07-22 09:22:04,600 [ad117ebe-3568-403d-bc57-6f7f1929bcc4-groupManagement] INFO  storage.RaftStorageDirectory (RaftStorageDirectoryImpl.java:analyzeStorage(138)) - The storage directory /home/runner/work/ozone/ozone/hadoop-ozone/integration-test/target/test-dir/MiniOzoneClusterImpl-4478e412-ba5d-49c0-9319-4f1e6a18fdaa/ozone-meta/datanode-1/ratis/372f24e1-ea7c-49ee-972e-721621f6382a does not exist. Creating ...
2024-07-22 09:22:04,601 [ad117ebe-3568-403d-bc57-6f7f1929bcc4-groupManagement] INFO  storage.RaftStorageDirectory (RaftStorageDirectoryImpl.java:tryLock(229)) - Lock on /home/runner/work/ozone/ozone/hadoop-ozone/integration-test/target/test-dir/MiniOzoneClusterImpl-4478e412-ba5d-49c0-9319-4f1e6a18fdaa/ozone-meta/datanode-1/ratis/372f24e1-ea7c-49ee-972e-721621f6382a/in_use.lock acquired by nodename 55069@fv-az1018-685
2024-07-22 09:22:04,603 [ad117ebe-3568-403d-bc57-6f7f1929bcc4-groupManagement] INFO  storage.RaftStorage (RaftStorageImpl.java:format(98)) - Storage directory /home/runner/work/ozone/ozone/hadoop-ozone/integration-test/target/test-dir/MiniOzoneClusterImpl-4478e412-ba5d-49c0-9319-4f1e6a18fdaa/ozone-meta/datanode-1/ratis/372f24e1-ea7c-49ee-972e-721621f6382a has been successfully formatted.
2024-07-22 09:22:04,604 [ad117ebe-3568-403d-bc57-6f7f1929bcc4-groupManagement] INFO  ratis.ContainerStateMachine (ContainerStateMachine.java:loadSnapshot(287)) - group-721621F6382A: The snapshot info is null. Setting the last applied index to:(t:0, i:~)
2024-07-22 09:22:04,604 [ad117ebe-3568-403d-bc57-6f7f1929bcc4-groupManagement] INFO  server.RaftServerConfigKeys (ConfUtils.java:logGet(46)) - raft.server.log.use.memory = false (default)
2024-07-22 09:22:04,605 [ad117ebe-3568-403d-bc57-6f7f1929bcc4-groupManagement] INFO  server.RaftServerConfigKeys (ConfUtils.java:logGet(46)) - raft.server.log.purge.gap = 1000000 (custom)
2024-07-22 09:22:04,606 [ad117ebe-3568-403d-bc57-6f7f1929bcc4-groupManagement] INFO  server.RaftServerConfigKeys (ConfUtils.java:logGet(46)) - raft.server.log.appender.buffer.byte-limit = 8388608 (custom)
2024-07-22 09:22:04,606 [ad117ebe-3568-403d-bc57-6f7f1929bcc4-groupManagement] INFO  server.RaftServerConfigKeys (ConfUtils.java:logGet(46)) - raft.server.log.statemachine.data.read.timeout = 1000ms (default)
2024-07-22 09:22:04,606 [EventQueue-OpenPipelineForHealthyPipelineSafeModeRule] INFO  safemode.SCMSafeModeManager (HealthyPipelineSafeModeRule.java:process(140)) - SCM in safe mode. Healthy pipelines reported count is 0, required healthy pipeline reported count is 1
2024-07-22 09:22:04,606 [ad117ebe-3568-403d-bc57-6f7f1929bcc4-groupManagement] INFO  server.RaftServerConfigKeys (ConfUtils.java:logGet(46)) - raft.server.log.purge.preservation.log.num = 0 (default)
2024-07-22 09:22:04,609 [ad117ebe-3568-403d-bc57-6f7f1929bcc4-groupManagement] INFO  server.RaftServerConfigKeys (ConfUtils.java:logGet(46)) - raft.server.log.segment.size.max = 67108864 (custom)
2024-07-22 09:22:04,610 [ad117ebe-3568-403d-bc57-6f7f1929bcc4-groupManagement] INFO  server.RaftServerConfigKeys (ConfUtils.java:logGet(46)) - raft.server.log.segment.cache.num.max = 2 (custom)
2024-07-22 09:22:04,610 [ad117ebe-3568-403d-bc57-6f7f1929bcc4-groupManagement] INFO  server.RaftServerConfigKeys (ConfUtils.java:logGet(46)) - raft.server.log.segment.cache.size.max = 200MB (=209715200) (default)
2024-07-22 09:22:04,610 [ad117ebe-3568-403d-bc57-6f7f1929bcc4-groupManagement] INFO  server.RaftServerConfigKeys (ConfUtils.java:logGet(46)) - raft.server.log.appender.buffer.byte-limit = 8388608 (custom)
2024-07-22 09:22:04,611 [ad117ebe-3568-403d-bc57-6f7f1929bcc4-groupManagement] INFO  util.AwaitToRun (AwaitToRun.java:start(81)) - Thread[ad117ebe-3568-403d-bc57-6f7f1929bcc4@group-721621F6382A-cacheEviction-AwaitToRun,5,main] started
2024-07-22 09:22:04,611 [ad117ebe-3568-403d-bc57-6f7f1929bcc4-groupManagement] INFO  segmented.SegmentedRaftLogWorker (SegmentedRaftLogWorker.java:<init>(184)) - new ad117ebe-3568-403d-bc57-6f7f1929bcc4@group-721621F6382A-SegmentedRaftLogWorker for RaftStorageImpl:Storage Directory /home/runner/work/ozone/ozone/hadoop-ozone/integration-test/target/test-dir/MiniOzoneClusterImpl-4478e412-ba5d-49c0-9319-4f1e6a18fdaa/ozone-meta/datanode-1/ratis/372f24e1-ea7c-49ee-972e-721621f6382a
2024-07-22 09:22:04,611 [ad117ebe-3568-403d-bc57-6f7f1929bcc4-groupManagement] INFO  server.RaftServerConfigKeys (ConfUtils.java:logGet(46)) - raft.server.log.queue.byte-limit = 4294967296 (custom)
2024-07-22 09:22:04,611 [ad117ebe-3568-403d-bc57-6f7f1929bcc4-groupManagement] INFO  server.RaftServerConfigKeys (ConfUtils.java:logGet(46)) - raft.server.log.queue.element-limit = 1024 (custom)
2024-07-22 09:22:04,611 [ad117ebe-3568-403d-bc57-6f7f1929bcc4-groupManagement] INFO  server.RaftServerConfigKeys (ConfUtils.java:logGet(46)) - raft.server.log.segment.size.max = 67108864 (custom)
2024-07-22 09:22:04,611 [ad117ebe-3568-403d-bc57-6f7f1929bcc4-groupManagement] INFO  server.RaftServerConfigKeys (ConfUtils.java:logGet(46)) - raft.server.log.preallocated.size = 4194304 (custom)
2024-07-22 09:22:04,611 [ad117ebe-3568-403d-bc57-6f7f1929bcc4-groupManagement] INFO  server.RaftServerConfigKeys (ConfUtils.java:logGet(46)) - raft.server.log.force.sync.num = 128 (default)
2024-07-22 09:22:04,612 [ad117ebe-3568-403d-bc57-6f7f1929bcc4-groupManagement] INFO  server.RaftServerConfigKeys (ConfUtils.java:logGet(46)) - raft.server.log.statemachine.data.sync = true (default)
2024-07-22 09:22:04,612 [ad117ebe-3568-403d-bc57-6f7f1929bcc4-groupManagement] INFO  server.RaftServerConfigKeys (ConfUtils.java:logGet(46)) - raft.server.log.statemachine.data.sync.timeout = 10s (default)
2024-07-22 09:22:04,612 [ad117ebe-3568-403d-bc57-6f7f1929bcc4-groupManagement] INFO  server.RaftServerConfigKeys (ConfUtils.java:logGet(46)) - raft.server.log.statemachine.data.sync.timeout.retry = 30 (custom)
2024-07-22 09:22:04,612 [ad117ebe-3568-403d-bc57-6f7f1929bcc4-groupManagement] INFO  server.RaftServerConfigKeys (ConfUtils.java:logGet(46)) - raft.server.log.write.buffer.size = 8388616 (custom)
2024-07-22 09:22:04,614 [ad117ebe-3568-403d-bc57-6f7f1929bcc4-groupManagement] INFO  server.RaftServerConfigKeys (ConfUtils.java:logGet(46)) - raft.server.log.appender.buffer.byte-limit = 8388608 (custom)
2024-07-22 09:22:04,614 [ad117ebe-3568-403d-bc57-6f7f1929bcc4-groupManagement] INFO  server.RaftServerConfigKeys (ConfUtils.java:logGet(46)) - raft.server.log.unsafe-flush.enabled = false (default)
2024-07-22 09:22:04,615 [ad117ebe-3568-403d-bc57-6f7f1929bcc4-groupManagement] INFO  server.RaftServerConfigKeys (ConfUtils.java:logGet(46)) - raft.server.log.async-flush.enabled = false (default)
2024-07-22 09:22:04,615 [ad117ebe-3568-403d-bc57-6f7f1929bcc4-groupManagement] INFO  server.RaftServerConfigKeys (ConfUtils.java:logGet(46)) - raft.server.log.statemachine.data.caching.enabled = true (custom)
2024-07-22 09:22:04,615 [ad117ebe-3568-403d-bc57-6f7f1929bcc4-groupManagement] INFO  segmented.SegmentedRaftLogWorker (SegmentedRaftLogWorker.java:lambda$new$0(135)) - ad117ebe-3568-403d-bc57-6f7f1929bcc4@group-721621F6382A-SegmentedRaftLogWorker: flushIndex: setUnconditionally 0 -> -1
2024-07-22 09:22:04,615 [ad117ebe-3568-403d-bc57-6f7f1929bcc4-groupManagement] INFO  segmented.SegmentedRaftLogWorker (SegmentedRaftLogWorker.java:lambda$new$0(135)) - ad117ebe-3568-403d-bc57-6f7f1929bcc4@group-721621F6382A-SegmentedRaftLogWorker: safeCacheEvictIndex: setUnconditionally 0 -> -1
2024-07-22 09:22:04,615 [ad117ebe-3568-403d-bc57-6f7f1929bcc4-groupManagement] INFO  server.RaftServer$Division (RaftServerImpl.java:start(389)) - ad117ebe-3568-403d-bc57-6f7f1929bcc4@group-721621F6382A: start as a follower, conf=conf: {index: -1, cur=peers:[1ba5db44-79b5-4f90-beb2-74b6002ac6d7|127.0.0.1:15023, ad117ebe-3568-403d-bc57-6f7f1929bcc4|127.0.0.1:15014, 8b9937ac-618a-4a68-974c-6b59ae821168|127.0.0.1:15032]|listeners:[], old=null}
2024-07-22 09:22:04,616 [ad117ebe-3568-403d-bc57-6f7f1929bcc4-groupManagement] INFO  server.RaftServer$Division (RaftServerImpl.java:setRole(376)) - ad117ebe-3568-403d-bc57-6f7f1929bcc4@group-721621F6382A: changes role from      null to FOLLOWER at term 0 for startAsFollower
2024-07-22 09:22:04,616 [ad117ebe-3568-403d-bc57-6f7f1929bcc4-groupManagement] INFO  impl.RoleInfo (RoleInfo.java:updateAndGet(148)) - ad117ebe-3568-403d-bc57-6f7f1929bcc4: start ad117ebe-3568-403d-bc57-6f7f1929bcc4@group-721621F6382A-FollowerState
2024-07-22 09:22:04,616 [ad117ebe-3568-403d-bc57-6f7f1929bcc4@group-721621F6382A-FollowerState] INFO  server.RaftServerConfigKeys (ConfUtils.java:logFallback(53)) - raft.server.rpc.first-election.timeout.min = 5s (fallback to raft.server.rpc.timeout.min)
2024-07-22 09:22:04,616 [ad117ebe-3568-403d-bc57-6f7f1929bcc4@group-721621F6382A-FollowerState] INFO  server.RaftServerConfigKeys (ConfUtils.java:logFallback(53)) - raft.server.rpc.first-election.timeout.max = 5200ms (fallback to raft.server.rpc.timeout.max)
2024-07-22 09:22:04,617 [ad117ebe-3568-403d-bc57-6f7f1929bcc4-groupManagement] INFO  util.JmxRegister (JmxRegister.java:tryRegister(44)) - Successfully registered JMX Bean with object name Ratis:service=RaftServer,group=group-721621F6382A,id=ad117ebe-3568-403d-bc57-6f7f1929bcc4
2024-07-22 09:22:04,617 [ad117ebe-3568-403d-bc57-6f7f1929bcc4-groupManagement] INFO  util.JmxRegister (JmxRegister.java:register(58)) - register mxBean class org.apache.ratis.server.impl.RaftServerJmxAdapter as Ratis:service=RaftServer,group=group-721621F6382A,id=ad117ebe-3568-403d-bc57-6f7f1929bcc4
2024-07-22 09:22:04,617 [ad117ebe-3568-403d-bc57-6f7f1929bcc4-groupManagement] INFO  server.RaftServerConfigKeys (ConfUtils.java:logGet(46)) - raft.server.snapshot.trigger-when-stop.enabled = true (default)
2024-07-22 09:22:04,617 [ad117ebe-3568-403d-bc57-6f7f1929bcc4-groupManagement] INFO  server.RaftServerConfigKeys (ConfUtils.java:logGet(46)) - raft.server.snapshot.trigger-when-remove.enabled = true (default)
2024-07-22 09:22:04,618 [ad117ebe-3568-403d-bc57-6f7f1929bcc4-groupManagement] INFO  server.RaftServerConfigKeys (ConfUtils.java:logGet(46)) - raft.server.snapshot.auto.trigger.enabled = true (custom)
2024-07-22 09:22:04,618 [ad117ebe-3568-403d-bc57-6f7f1929bcc4-groupManagement] INFO  server.RaftServerConfigKeys (ConfUtils.java:logGet(46)) - raft.server.snapshot.auto.trigger.threshold = 10000 (custom)
2024-07-22 09:22:04,618 [ad117ebe-3568-403d-bc57-6f7f1929bcc4-groupManagement] INFO  server.RaftServerConfigKeys (ConfUtils.java:logGet(46)) - raft.server.snapshot.retention.file.num = 5 (custom)
2024-07-22 09:22:04,618 [ad117ebe-3568-403d-bc57-6f7f1929bcc4-groupManagement] INFO  server.RaftServerConfigKeys (ConfUtils.java:logGet(46)) - raft.server.log.purge.upto.snapshot.index = false (default)
2024-07-22 09:22:04,620 [ad117ebe-3568-403d-bc57-6f7f1929bcc4-PipelineCommandHandlerThread-0] INFO  ratis.XceiverServerRatis (XceiverServerRatis.java:addGroup(849)) - Created group PipelineID=372f24e1-ea7c-49ee-972e-721621f6382a
2024-07-22 09:22:04,804 [1ba5db44-79b5-4f90-beb2-74b6002ac6d7-PipelineCommandHandlerThread-0] INFO  server.RaftServer (RaftServerProxy.java:addNew(101)) - 1ba5db44-79b5-4f90-beb2-74b6002ac6d7: addNew group-99B1A52D89C1:[1ba5db44-79b5-4f90-beb2-74b6002ac6d7|127.0.0.1:15023] returns group-99B1A52D89C1:java.util.concurrent.CompletableFuture@71184fe0[Not completed]
2024-07-22 09:22:04,810 [1ba5db44-79b5-4f90-beb2-74b6002ac6d7-groupManagement] INFO  server.RaftServer$Division (RaftServerImpl.java:<init>(253)) - 1ba5db44-79b5-4f90-beb2-74b6002ac6d7: new RaftServerImpl for group-99B1A52D89C1:[1ba5db44-79b5-4f90-beb2-74b6002ac6d7|127.0.0.1:15023] with ContainerStateMachine:uninitialized
2024-07-22 09:22:04,811 [1ba5db44-79b5-4f90-beb2-74b6002ac6d7-groupManagement] INFO  server.RaftServerConfigKeys (ConfUtils.java:logGet(46)) - raft.server.rpc.timeout.min = 5s (custom)
2024-07-22 09:22:04,811 [1ba5db44-79b5-4f90-beb2-74b6002ac6d7-groupManagement] INFO  server.RaftServerConfigKeys (ConfUtils.java:logGet(46)) - raft.server.rpc.timeout.max = 5200ms (custom)
2024-07-22 09:22:04,811 [1ba5db44-79b5-4f90-beb2-74b6002ac6d7-groupManagement] INFO  server.RaftServerConfigKeys (ConfUtils.java:logGet(46)) - raft.server.rpc.sleep.time = 25ms (default)
2024-07-22 09:22:04,812 [1ba5db44-79b5-4f90-beb2-74b6002ac6d7-groupManagement] INFO  server.RaftServerConfigKeys (ConfUtils.java:logGet(46)) - raft.server.rpc.slowness.timeout = 300s (custom)
2024-07-22 09:22:04,812 [1ba5db44-79b5-4f90-beb2-74b6002ac6d7-groupManagement] INFO  server.RaftServerConfigKeys (ConfUtils.java:logGet(46)) - raft.server.leaderelection.leader.step-down.wait-time = 10s (default)
2024-07-22 09:22:04,812 [1ba5db44-79b5-4f90-beb2-74b6002ac6d7-groupManagement] INFO  server.RaftServerConfigKeys (ConfUtils.java:logGet(46)) - raft.server.leaderelection.member.majority-add = false (default)
2024-07-22 09:22:04,812 [1ba5db44-79b5-4f90-beb2-74b6002ac6d7-groupManagement] INFO  server.RaftServerConfigKeys (ConfUtils.java:logGet(46)) - raft.server.sleep.deviation.threshold = 300ms (default)
2024-07-22 09:22:04,812 [1ba5db44-79b5-4f90-beb2-74b6002ac6d7-groupManagement] INFO  server.RaftServer$Division (ServerState.java:<init>(114)) - 1ba5db44-79b5-4f90-beb2-74b6002ac6d7@group-99B1A52D89C1: ConfigurationManager, init=conf: {index: -1, cur=peers:[1ba5db44-79b5-4f90-beb2-74b6002ac6d7|127.0.0.1:15023]|listeners:[], old=null}, confs=<EMPTY_MAP>
2024-07-22 09:22:04,812 [1ba5db44-79b5-4f90-beb2-74b6002ac6d7-groupManagement] INFO  server.RaftServerConfigKeys (ConfUtils.java:logGet(46)) - raft.server.notification.no-leader.timeout = 300s (custom)
2024-07-22 09:22:04,813 [1ba5db44-79b5-4f90-beb2-74b6002ac6d7-groupManagement] INFO  server.RaftServerConfigKeys (ConfUtils.java:logGet(46)) - raft.server.read.timeout = 10s (default)
2024-07-22 09:22:04,813 [1ba5db44-79b5-4f90-beb2-74b6002ac6d7-groupManagement] INFO  server.RaftServerConfigKeys (ConfUtils.java:logGet(46)) - raft.server.retrycache.expirytime = 600000ms (custom)
2024-07-22 09:22:04,813 [1ba5db44-79b5-4f90-beb2-74b6002ac6d7-groupManagement] INFO  server.RaftServerConfigKeys (ConfUtils.java:logGet(46)) - raft.server.retrycache.statistics.expirytime = 100ms (default)
2024-07-22 09:22:04,813 [1ba5db44-79b5-4f90-beb2-74b6002ac6d7-groupManagement] INFO  server.RaftServerConfigKeys (ConfUtils.java:logGet(46)) - raft.server.read.option = DEFAULT (default)
2024-07-22 09:22:04,813 [1ba5db44-79b5-4f90-beb2-74b6002ac6d7-groupManagement] INFO  server.RaftServerConfigKeys (ConfUtils.java:logGet(46)) - raft.server.read.read-after-write-consistent.write-index-cache.expiry-time = 60s (default)
2024-07-22 09:22:04,826 [1ba5db44-79b5-4f90-beb2-74b6002ac6d7-groupManagement] INFO  server.RaftServerConfigKeys (ConfUtils.java:logGet(46)) - raft.server.rpc.request.timeout = 60s (custom)
2024-07-22 09:22:04,826 [1ba5db44-79b5-4f90-beb2-74b6002ac6d7-groupManagement] INFO  server.RaftServerConfigKeys (ConfUtils.java:logGet(46)) - raft.server.log.appender.install.snapshot.enabled = false (custom)
2024-07-22 09:22:04,826 [1ba5db44-79b5-4f90-beb2-74b6002ac6d7-groupManagement] INFO  server.RaftServerConfigKeys (ConfUtils.java:logGet(46)) - raft.server.threadpool.server.cached = true (default)
2024-07-22 09:22:04,826 [1ba5db44-79b5-4f90-beb2-74b6002ac6d7-groupManagement] INFO  server.RaftServerConfigKeys (ConfUtils.java:logGet(46)) - raft.server.threadpool.server.size = 0 (default)
2024-07-22 09:22:04,827 [1ba5db44-79b5-4f90-beb2-74b6002ac6d7-groupManagement] INFO  server.RaftServerConfigKeys (ConfUtils.java:logGet(46)) - raft.server.threadpool.client.cached = true (default)
2024-07-22 09:22:04,827 [1ba5db44-79b5-4f90-beb2-74b6002ac6d7-groupManagement] INFO  server.RaftServerConfigKeys (ConfUtils.java:logGet(46)) - raft.server.threadpool.client.size = 0 (default)
2024-07-22 09:22:04,827 [1ba5db44-79b5-4f90-beb2-74b6002ac6d7-groupManagement] INFO  server.RaftServerConfigKeys (ConfUtils.java:logGet(46)) - raft.server.storage.free-space.min = 0MB (=0) (default)
2024-07-22 09:22:04,827 [1ba5db44-79b5-4f90-beb2-74b6002ac6d7-groupManagement] INFO  server.RaftServerConfigKeys (ConfUtils.java:logGet(46)) - raft.server.log.corruption.policy = EXCEPTION (default)
2024-07-22 09:22:04,827 [1ba5db44-79b5-4f90-beb2-74b6002ac6d7-groupManagement] INFO  server.RaftServerConfigKeys (ConfUtils.java:logGet(46)) - raft.server.storage.dir = [/home/runner/work/ozone/ozone/hadoop-ozone/integration-test/target/test-dir/MiniOzoneClusterImpl-4478e412-ba5d-49c0-9319-4f1e6a18fdaa/ozone-meta/datanode-2/ratis] (custom)
2024-07-22 09:22:04,828 [1ba5db44-79b5-4f90-beb2-74b6002ac6d7-groupManagement] INFO  storage.RaftStorageDirectory (RaftStorageDirectoryImpl.java:analyzeStorage(138)) - The storage directory /home/runner/work/ozone/ozone/hadoop-ozone/integration-test/target/test-dir/MiniOzoneClusterImpl-4478e412-ba5d-49c0-9319-4f1e6a18fdaa/ozone-meta/datanode-2/ratis/54227a70-60eb-4294-b8ec-99b1a52d89c1 does not exist. Creating ...
2024-07-22 09:22:04,829 [1ba5db44-79b5-4f90-beb2-74b6002ac6d7-groupManagement] INFO  storage.RaftStorageDirectory (RaftStorageDirectoryImpl.java:tryLock(229)) - Lock on /home/runner/work/ozone/ozone/hadoop-ozone/integration-test/target/test-dir/MiniOzoneClusterImpl-4478e412-ba5d-49c0-9319-4f1e6a18fdaa/ozone-meta/datanode-2/ratis/54227a70-60eb-4294-b8ec-99b1a52d89c1/in_use.lock acquired by nodename 55069@fv-az1018-685
2024-07-22 09:22:04,831 [1ba5db44-79b5-4f90-beb2-74b6002ac6d7-groupManagement] INFO  storage.RaftStorage (RaftStorageImpl.java:format(98)) - Storage directory /home/runner/work/ozone/ozone/hadoop-ozone/integration-test/target/test-dir/MiniOzoneClusterImpl-4478e412-ba5d-49c0-9319-4f1e6a18fdaa/ozone-meta/datanode-2/ratis/54227a70-60eb-4294-b8ec-99b1a52d89c1 has been successfully formatted.
2024-07-22 09:22:04,832 [1ba5db44-79b5-4f90-beb2-74b6002ac6d7-groupManagement] INFO  ratis.ContainerStateMachine (ContainerStateMachine.java:loadSnapshot(287)) - group-99B1A52D89C1: The snapshot info is null. Setting the last applied index to:(t:0, i:~)
2024-07-22 09:22:04,832 [1ba5db44-79b5-4f90-beb2-74b6002ac6d7-groupManagement] INFO  server.RaftServerConfigKeys (ConfUtils.java:logGet(46)) - raft.server.log.use.memory = false (default)
2024-07-22 09:22:04,832 [1ba5db44-79b5-4f90-beb2-74b6002ac6d7-groupManagement] INFO  server.RaftServerConfigKeys (ConfUtils.java:logGet(46)) - raft.server.log.purge.gap = 1000000 (custom)
2024-07-22 09:22:04,832 [1ba5db44-79b5-4f90-beb2-74b6002ac6d7-groupManagement] INFO  server.RaftServerConfigKeys (ConfUtils.java:logGet(46)) - raft.server.log.appender.buffer.byte-limit = 8388608 (custom)
2024-07-22 09:22:04,834 [EventQueue-PipelineReportForPipelineReportHandler] INFO  pipeline.PipelineReportHandler (PipelineReportHandler.java:processPipelineReport(136)) - Opened pipeline PipelineID=54227a70-60eb-4294-b8ec-99b1a52d89c1
2024-07-22 09:22:04,835 [EventQueue-OpenPipelineForHealthyPipelineSafeModeRule] INFO  safemode.SCMSafeModeManager (HealthyPipelineSafeModeRule.java:process(140)) - SCM in safe mode. Healthy pipelines reported count is 0, required healthy pipeline reported count is 1
2024-07-22 09:22:04,835 [1ba5db44-79b5-4f90-beb2-74b6002ac6d7-groupManagement] INFO  server.RaftServerConfigKeys (ConfUtils.java:logGet(46)) - raft.server.log.statemachine.data.read.timeout = 1000ms (default)
2024-07-22 09:22:04,835 [1ba5db44-79b5-4f90-beb2-74b6002ac6d7-groupManagement] INFO  server.RaftServerConfigKeys (ConfUtils.java:logGet(46)) - raft.server.log.purge.preservation.log.num = 0 (default)
2024-07-22 09:22:04,840 [1ba5db44-79b5-4f90-beb2-74b6002ac6d7-groupManagement] INFO  server.RaftServerConfigKeys (ConfUtils.java:logGet(46)) - raft.server.log.segment.size.max = 67108864 (custom)
2024-07-22 09:22:04,841 [1ba5db44-79b5-4f90-beb2-74b6002ac6d7-groupManagement] INFO  server.RaftServerConfigKeys (ConfUtils.java:logGet(46)) - raft.server.log.segment.cache.num.max = 2 (custom)
2024-07-22 09:22:04,841 [1ba5db44-79b5-4f90-beb2-74b6002ac6d7-groupManagement] INFO  server.RaftServerConfigKeys (ConfUtils.java:logGet(46)) - raft.server.log.segment.cache.size.max = 200MB (=209715200) (default)
2024-07-22 09:22:04,841 [1ba5db44-79b5-4f90-beb2-74b6002ac6d7-groupManagement] INFO  server.RaftServerConfigKeys (ConfUtils.java:logGet(46)) - raft.server.log.appender.buffer.byte-limit = 8388608 (custom)
2024-07-22 09:22:04,843 [1ba5db44-79b5-4f90-beb2-74b6002ac6d7-groupManagement] INFO  util.AwaitToRun (AwaitToRun.java:start(81)) - Thread[1ba5db44-79b5-4f90-beb2-74b6002ac6d7@group-99B1A52D89C1-cacheEviction-AwaitToRun,5,main] started
2024-07-22 09:22:04,844 [1ba5db44-79b5-4f90-beb2-74b6002ac6d7-groupManagement] INFO  segmented.SegmentedRaftLogWorker (SegmentedRaftLogWorker.java:<init>(184)) - new 1ba5db44-79b5-4f90-beb2-74b6002ac6d7@group-99B1A52D89C1-SegmentedRaftLogWorker for RaftStorageImpl:Storage Directory /home/runner/work/ozone/ozone/hadoop-ozone/integration-test/target/test-dir/MiniOzoneClusterImpl-4478e412-ba5d-49c0-9319-4f1e6a18fdaa/ozone-meta/datanode-2/ratis/54227a70-60eb-4294-b8ec-99b1a52d89c1
2024-07-22 09:22:04,844 [1ba5db44-79b5-4f90-beb2-74b6002ac6d7-groupManagement] INFO  server.RaftServerConfigKeys (ConfUtils.java:logGet(46)) - raft.server.log.queue.byte-limit = 4294967296 (custom)
2024-07-22 09:22:04,844 [1ba5db44-79b5-4f90-beb2-74b6002ac6d7-groupManagement] INFO  server.RaftServerConfigKeys (ConfUtils.java:logGet(46)) - raft.server.log.queue.element-limit = 1024 (custom)
2024-07-22 09:22:04,844 [1ba5db44-79b5-4f90-beb2-74b6002ac6d7-groupManagement] INFO  server.RaftServerConfigKeys (ConfUtils.java:logGet(46)) - raft.server.log.segment.size.max = 67108864 (custom)
2024-07-22 09:22:04,846 [1ba5db44-79b5-4f90-beb2-74b6002ac6d7-groupManagement] INFO  server.RaftServerConfigKeys (ConfUtils.java:logGet(46)) - raft.server.log.preallocated.size = 4194304 (custom)
2024-07-22 09:22:04,846 [1ba5db44-79b5-4f90-beb2-74b6002ac6d7-groupManagement] INFO  server.RaftServerConfigKeys (ConfUtils.java:logGet(46)) - raft.server.log.force.sync.num = 128 (default)
2024-07-22 09:22:04,846 [1ba5db44-79b5-4f90-beb2-74b6002ac6d7-groupManagement] INFO  server.RaftServerConfigKeys (ConfUtils.java:logGet(46)) - raft.server.log.statemachine.data.sync = true (default)
2024-07-22 09:22:04,847 [1ba5db44-79b5-4f90-beb2-74b6002ac6d7-groupManagement] INFO  server.RaftServerConfigKeys (ConfUtils.java:logGet(46)) - raft.server.log.statemachine.data.sync.timeout = 10s (default)
2024-07-22 09:22:04,847 [1ba5db44-79b5-4f90-beb2-74b6002ac6d7-groupManagement] INFO  server.RaftServerConfigKeys (ConfUtils.java:logGet(46)) - raft.server.log.statemachine.data.sync.timeout.retry = 30 (custom)
2024-07-22 09:22:04,847 [1ba5db44-79b5-4f90-beb2-74b6002ac6d7-groupManagement] INFO  server.RaftServerConfigKeys (ConfUtils.java:logGet(46)) - raft.server.log.write.buffer.size = 8388616 (custom)
2024-07-22 09:22:04,852 [1ba5db44-79b5-4f90-beb2-74b6002ac6d7-groupManagement] INFO  server.RaftServerConfigKeys (ConfUtils.java:logGet(46)) - raft.server.log.appender.buffer.byte-limit = 8388608 (custom)
2024-07-22 09:22:04,853 [1ba5db44-79b5-4f90-beb2-74b6002ac6d7-groupManagement] INFO  server.RaftServerConfigKeys (ConfUtils.java:logGet(46)) - raft.server.log.unsafe-flush.enabled = false (default)
2024-07-22 09:22:04,853 [1ba5db44-79b5-4f90-beb2-74b6002ac6d7-groupManagement] INFO  server.RaftServerConfigKeys (ConfUtils.java:logGet(46)) - raft.server.log.async-flush.enabled = false (default)
2024-07-22 09:22:04,853 [1ba5db44-79b5-4f90-beb2-74b6002ac6d7-groupManagement] INFO  server.RaftServerConfigKeys (ConfUtils.java:logGet(46)) - raft.server.log.statemachine.data.caching.enabled = true (custom)
2024-07-22 09:22:04,854 [1ba5db44-79b5-4f90-beb2-74b6002ac6d7-groupManagement] INFO  segmented.SegmentedRaftLogWorker (SegmentedRaftLogWorker.java:lambda$new$0(135)) - 1ba5db44-79b5-4f90-beb2-74b6002ac6d7@group-99B1A52D89C1-SegmentedRaftLogWorker: flushIndex: setUnconditionally 0 -> -1
2024-07-22 09:22:04,854 [1ba5db44-79b5-4f90-beb2-74b6002ac6d7-groupManagement] INFO  segmented.SegmentedRaftLogWorker (SegmentedRaftLogWorker.java:lambda$new$0(135)) - 1ba5db44-79b5-4f90-beb2-74b6002ac6d7@group-99B1A52D89C1-SegmentedRaftLogWorker: safeCacheEvictIndex: setUnconditionally 0 -> -1
2024-07-22 09:22:04,857 [1ba5db44-79b5-4f90-beb2-74b6002ac6d7-groupManagement] INFO  server.RaftServer$Division (RaftServerImpl.java:start(389)) - 1ba5db44-79b5-4f90-beb2-74b6002ac6d7@group-99B1A52D89C1: start as a follower, conf=conf: {index: -1, cur=peers:[1ba5db44-79b5-4f90-beb2-74b6002ac6d7|127.0.0.1:15023]|listeners:[], old=null}
2024-07-22 09:22:04,857 [1ba5db44-79b5-4f90-beb2-74b6002ac6d7-groupManagement] INFO  server.RaftServer$Division (RaftServerImpl.java:setRole(376)) - 1ba5db44-79b5-4f90-beb2-74b6002ac6d7@group-99B1A52D89C1: changes role from      null to FOLLOWER at term 0 for startAsFollower
2024-07-22 09:22:04,858 [1ba5db44-79b5-4f90-beb2-74b6002ac6d7-groupManagement] INFO  impl.RoleInfo (RoleInfo.java:updateAndGet(148)) - 1ba5db44-79b5-4f90-beb2-74b6002ac6d7: start 1ba5db44-79b5-4f90-beb2-74b6002ac6d7@group-99B1A52D89C1-FollowerState
2024-07-22 09:22:04,861 [1ba5db44-79b5-4f90-beb2-74b6002ac6d7-groupManagement] INFO  util.JmxRegister (JmxRegister.java:tryRegister(44)) - Successfully registered JMX Bean with object name Ratis:service=RaftServer,group=group-99B1A52D89C1,id=1ba5db44-79b5-4f90-beb2-74b6002ac6d7
2024-07-22 09:22:04,861 [1ba5db44-79b5-4f90-beb2-74b6002ac6d7-groupManagement] INFO  util.JmxRegister (JmxRegister.java:register(58)) - register mxBean class org.apache.ratis.server.impl.RaftServerJmxAdapter as Ratis:service=RaftServer,group=group-99B1A52D89C1,id=1ba5db44-79b5-4f90-beb2-74b6002ac6d7
2024-07-22 09:22:04,862 [1ba5db44-79b5-4f90-beb2-74b6002ac6d7-groupManagement] INFO  server.RaftServerConfigKeys (ConfUtils.java:logGet(46)) - raft.server.snapshot.trigger-when-stop.enabled = true (default)
2024-07-22 09:22:04,862 [1ba5db44-79b5-4f90-beb2-74b6002ac6d7-groupManagement] INFO  server.RaftServerConfigKeys (ConfUtils.java:logGet(46)) - raft.server.snapshot.trigger-when-remove.enabled = true (default)
2024-07-22 09:22:04,863 [1ba5db44-79b5-4f90-beb2-74b6002ac6d7-groupManagement] INFO  server.RaftServerConfigKeys (ConfUtils.java:logGet(46)) - raft.server.snapshot.auto.trigger.enabled = true (custom)
2024-07-22 09:22:04,863 [1ba5db44-79b5-4f90-beb2-74b6002ac6d7-groupManagement] INFO  server.RaftServerConfigKeys (ConfUtils.java:logGet(46)) - raft.server.snapshot.auto.trigger.threshold = 10000 (custom)
2024-07-22 09:22:04,864 [1ba5db44-79b5-4f90-beb2-74b6002ac6d7-groupManagement] INFO  server.RaftServerConfigKeys (ConfUtils.java:logGet(46)) - raft.server.snapshot.retention.file.num = 5 (custom)
2024-07-22 09:22:04,864 [1ba5db44-79b5-4f90-beb2-74b6002ac6d7-groupManagement] INFO  server.RaftServerConfigKeys (ConfUtils.java:logGet(46)) - raft.server.log.purge.upto.snapshot.index = false (default)
2024-07-22 09:22:04,865 [1ba5db44-79b5-4f90-beb2-74b6002ac6d7@group-99B1A52D89C1-FollowerState] INFO  server.RaftServerConfigKeys (ConfUtils.java:logFallback(53)) - raft.server.rpc.first-election.timeout.min = 5s (fallback to raft.server.rpc.timeout.min)
2024-07-22 09:22:04,866 [1ba5db44-79b5-4f90-beb2-74b6002ac6d7-PipelineCommandHandlerThread-0] INFO  ratis.XceiverServerRatis (XceiverServerRatis.java:addGroup(849)) - Created group PipelineID=54227a70-60eb-4294-b8ec-99b1a52d89c1
2024-07-22 09:22:04,872 [1ba5db44-79b5-4f90-beb2-74b6002ac6d7-PipelineCommandHandlerThread-0] INFO  commandhandler.CreatePipelineCommandHandler (CreatePipelineCommandHandler.java:lambda$handle$2(124)) - Created Pipeline RATIS ONE PipelineID=54227a70-60eb-4294-b8ec-99b1a52d89c1.
2024-07-22 09:22:04,873 [1ba5db44-79b5-4f90-beb2-74b6002ac6d7-PipelineCommandHandlerThread-0] INFO  server.RaftServer (RaftServerProxy.java:addNew(101)) - 1ba5db44-79b5-4f90-beb2-74b6002ac6d7: addNew group-721621F6382A:[1ba5db44-79b5-4f90-beb2-74b6002ac6d7|127.0.0.1:15023, ad117ebe-3568-403d-bc57-6f7f1929bcc4|127.0.0.1:15014, 8b9937ac-618a-4a68-974c-6b59ae821168|127.0.0.1:15032] returns group-721621F6382A:java.util.concurrent.CompletableFuture@7527d51b[Not completed]
2024-07-22 09:22:04,874 [1ba5db44-79b5-4f90-beb2-74b6002ac6d7@group-99B1A52D89C1-FollowerState] INFO  server.RaftServerConfigKeys (ConfUtils.java:logFallback(53)) - raft.server.rpc.first-election.timeout.max = 5200ms (fallback to raft.server.rpc.timeout.max)
2024-07-22 09:22:04,875 [1ba5db44-79b5-4f90-beb2-74b6002ac6d7-groupManagement] INFO  server.RaftServer$Division (RaftServerImpl.java:<init>(253)) - 1ba5db44-79b5-4f90-beb2-74b6002ac6d7: new RaftServerImpl for group-721621F6382A:[1ba5db44-79b5-4f90-beb2-74b6002ac6d7|127.0.0.1:15023, ad117ebe-3568-403d-bc57-6f7f1929bcc4|127.0.0.1:15014, 8b9937ac-618a-4a68-974c-6b59ae821168|127.0.0.1:15032] with ContainerStateMachine:uninitialized
2024-07-22 09:22:04,875 [1ba5db44-79b5-4f90-beb2-74b6002ac6d7-groupManagement] INFO  server.RaftServerConfigKeys (ConfUtils.java:logGet(46)) - raft.server.rpc.timeout.min = 5s (custom)
2024-07-22 09:22:04,875 [1ba5db44-79b5-4f90-beb2-74b6002ac6d7-groupManagement] INFO  server.RaftServerConfigKeys (ConfUtils.java:logGet(46)) - raft.server.rpc.timeout.max = 5200ms (custom)
2024-07-22 09:22:04,875 [1ba5db44-79b5-4f90-beb2-74b6002ac6d7-groupManagement] INFO  server.RaftServerConfigKeys (ConfUtils.java:logGet(46)) - raft.server.rpc.sleep.time = 25ms (default)
2024-07-22 09:22:04,875 [1ba5db44-79b5-4f90-beb2-74b6002ac6d7-groupManagement] INFO  server.RaftServerConfigKeys (ConfUtils.java:logGet(46)) - raft.server.rpc.slowness.timeout = 300s (custom)
2024-07-22 09:22:04,876 [1ba5db44-79b5-4f90-beb2-74b6002ac6d7-groupManagement] INFO  server.RaftServerConfigKeys (ConfUtils.java:logGet(46)) - raft.server.leaderelection.leader.step-down.wait-time = 10s (default)
2024-07-22 09:22:04,876 [1ba5db44-79b5-4f90-beb2-74b6002ac6d7-groupManagement] INFO  server.RaftServerConfigKeys (ConfUtils.java:logGet(46)) - raft.server.leaderelection.member.majority-add = false (default)
2024-07-22 09:22:04,876 [1ba5db44-79b5-4f90-beb2-74b6002ac6d7-groupManagement] INFO  server.RaftServerConfigKeys (ConfUtils.java:logGet(46)) - raft.server.sleep.deviation.threshold = 300ms (default)
2024-07-22 09:22:04,876 [1ba5db44-79b5-4f90-beb2-74b6002ac6d7-groupManagement] INFO  server.RaftServer$Division (ServerState.java:<init>(114)) - 1ba5db44-79b5-4f90-beb2-74b6002ac6d7@group-721621F6382A: ConfigurationManager, init=conf: {index: -1, cur=peers:[1ba5db44-79b5-4f90-beb2-74b6002ac6d7|127.0.0.1:15023, ad117ebe-3568-403d-bc57-6f7f1929bcc4|127.0.0.1:15014, 8b9937ac-618a-4a68-974c-6b59ae821168|127.0.0.1:15032]|listeners:[], old=null}, confs=<EMPTY_MAP>
2024-07-22 09:22:04,876 [1ba5db44-79b5-4f90-beb2-74b6002ac6d7-groupManagement] INFO  server.RaftServerConfigKeys (ConfUtils.java:logGet(46)) - raft.server.notification.no-leader.timeout = 300s (custom)
2024-07-22 09:22:04,876 [1ba5db44-79b5-4f90-beb2-74b6002ac6d7-groupManagement] INFO  server.RaftServerConfigKeys (ConfUtils.java:logGet(46)) - raft.server.read.timeout = 10s (default)
2024-07-22 09:22:04,876 [1ba5db44-79b5-4f90-beb2-74b6002ac6d7-groupManagement] INFO  server.RaftServerConfigKeys (ConfUtils.java:logGet(46)) - raft.server.retrycache.expirytime = 600000ms (custom)
2024-07-22 09:22:04,876 [1ba5db44-79b5-4f90-beb2-74b6002ac6d7-groupManagement] INFO  server.RaftServerConfigKeys (ConfUtils.java:logGet(46)) - raft.server.retrycache.statistics.expirytime = 100ms (default)
2024-07-22 09:22:04,876 [1ba5db44-79b5-4f90-beb2-74b6002ac6d7-groupManagement] INFO  server.RaftServerConfigKeys (ConfUtils.java:logGet(46)) - raft.server.read.option = DEFAULT (default)
2024-07-22 09:22:04,877 [1ba5db44-79b5-4f90-beb2-74b6002ac6d7-groupManagement] INFO  server.RaftServerConfigKeys (ConfUtils.java:logGet(46)) - raft.server.read.read-after-write-consistent.write-index-cache.expiry-time = 60s (default)
2024-07-22 09:22:04,883 [1ba5db44-79b5-4f90-beb2-74b6002ac6d7-groupManagement] INFO  server.RaftServerConfigKeys (ConfUtils.java:logGet(46)) - raft.server.rpc.request.timeout = 60s (custom)
2024-07-22 09:22:04,883 [1ba5db44-79b5-4f90-beb2-74b6002ac6d7-groupManagement] INFO  server.RaftServerConfigKeys (ConfUtils.java:logGet(46)) - raft.server.log.appender.install.snapshot.enabled = false (custom)
2024-07-22 09:22:04,883 [1ba5db44-79b5-4f90-beb2-74b6002ac6d7-groupManagement] INFO  server.RaftServerConfigKeys (ConfUtils.java:logGet(46)) - raft.server.threadpool.server.cached = true (default)
2024-07-22 09:22:04,884 [1ba5db44-79b5-4f90-beb2-74b6002ac6d7-groupManagement] INFO  server.RaftServerConfigKeys (ConfUtils.java:logGet(46)) - raft.server.threadpool.server.size = 0 (default)
2024-07-22 09:22:04,884 [1ba5db44-79b5-4f90-beb2-74b6002ac6d7-groupManagement] INFO  server.RaftServerConfigKeys (ConfUtils.java:logGet(46)) - raft.server.threadpool.client.cached = true (default)
2024-07-22 09:22:04,884 [1ba5db44-79b5-4f90-beb2-74b6002ac6d7-groupManagement] INFO  server.RaftServerConfigKeys (ConfUtils.java:logGet(46)) - raft.server.threadpool.client.size = 0 (default)
2024-07-22 09:22:04,884 [1ba5db44-79b5-4f90-beb2-74b6002ac6d7-groupManagement] INFO  server.RaftServerConfigKeys (ConfUtils.java:logGet(46)) - raft.server.storage.free-space.min = 0MB (=0) (default)
2024-07-22 09:22:04,884 [1ba5db44-79b5-4f90-beb2-74b6002ac6d7-groupManagement] INFO  server.RaftServerConfigKeys (ConfUtils.java:logGet(46)) - raft.server.log.corruption.policy = EXCEPTION (default)
2024-07-22 09:22:04,884 [1ba5db44-79b5-4f90-beb2-74b6002ac6d7-groupManagement] INFO  server.RaftServerConfigKeys (ConfUtils.java:logGet(46)) - raft.server.storage.dir = [/home/runner/work/ozone/ozone/hadoop-ozone/integration-test/target/test-dir/MiniOzoneClusterImpl-4478e412-ba5d-49c0-9319-4f1e6a18fdaa/ozone-meta/datanode-2/ratis] (custom)
2024-07-22 09:22:04,884 [1ba5db44-79b5-4f90-beb2-74b6002ac6d7-groupManagement] INFO  storage.RaftStorageDirectory (RaftStorageDirectoryImpl.java:analyzeStorage(138)) - The storage directory /home/runner/work/ozone/ozone/hadoop-ozone/integration-test/target/test-dir/MiniOzoneClusterImpl-4478e412-ba5d-49c0-9319-4f1e6a18fdaa/ozone-meta/datanode-2/ratis/372f24e1-ea7c-49ee-972e-721621f6382a does not exist. Creating ...
2024-07-22 09:22:04,885 [1ba5db44-79b5-4f90-beb2-74b6002ac6d7-groupManagement] INFO  storage.RaftStorageDirectory (RaftStorageDirectoryImpl.java:tryLock(229)) - Lock on /home/runner/work/ozone/ozone/hadoop-ozone/integration-test/target/test-dir/MiniOzoneClusterImpl-4478e412-ba5d-49c0-9319-4f1e6a18fdaa/ozone-meta/datanode-2/ratis/372f24e1-ea7c-49ee-972e-721621f6382a/in_use.lock acquired by nodename 55069@fv-az1018-685
2024-07-22 09:22:04,887 [1ba5db44-79b5-4f90-beb2-74b6002ac6d7-groupManagement] INFO  storage.RaftStorage (RaftStorageImpl.java:format(98)) - Storage directory /home/runner/work/ozone/ozone/hadoop-ozone/integration-test/target/test-dir/MiniOzoneClusterImpl-4478e412-ba5d-49c0-9319-4f1e6a18fdaa/ozone-meta/datanode-2/ratis/372f24e1-ea7c-49ee-972e-721621f6382a has been successfully formatted.
2024-07-22 09:22:04,887 [1ba5db44-79b5-4f90-beb2-74b6002ac6d7-groupManagement] INFO  ratis.ContainerStateMachine (ContainerStateMachine.java:loadSnapshot(287)) - group-721621F6382A: The snapshot info is null. Setting the last applied index to:(t:0, i:~)
2024-07-22 09:22:04,888 [1ba5db44-79b5-4f90-beb2-74b6002ac6d7-groupManagement] INFO  server.RaftServerConfigKeys (ConfUtils.java:logGet(46)) - raft.server.log.use.memory = false (default)
2024-07-22 09:22:04,888 [1ba5db44-79b5-4f90-beb2-74b6002ac6d7-groupManagement] INFO  server.RaftServerConfigKeys (ConfUtils.java:logGet(46)) - raft.server.log.purge.gap = 1000000 (custom)
2024-07-22 09:22:04,888 [1ba5db44-79b5-4f90-beb2-74b6002ac6d7-groupManagement] INFO  server.RaftServerConfigKeys (ConfUtils.java:logGet(46)) - raft.server.log.appender.buffer.byte-limit = 8388608 (custom)
2024-07-22 09:22:04,888 [1ba5db44-79b5-4f90-beb2-74b6002ac6d7-groupManagement] INFO  server.RaftServerConfigKeys (ConfUtils.java:logGet(46)) - raft.server.log.statemachine.data.read.timeout = 1000ms (default)
2024-07-22 09:22:04,888 [1ba5db44-79b5-4f90-beb2-74b6002ac6d7-groupManagement] INFO  server.RaftServerConfigKeys (ConfUtils.java:logGet(46)) - raft.server.log.purge.preservation.log.num = 0 (default)
2024-07-22 09:22:04,889 [EventQueue-OpenPipelineForHealthyPipelineSafeModeRule] INFO  safemode.SCMSafeModeManager (HealthyPipelineSafeModeRule.java:process(140)) - SCM in safe mode. Healthy pipelines reported count is 0, required healthy pipeline reported count is 1
2024-07-22 09:22:04,890 [1ba5db44-79b5-4f90-beb2-74b6002ac6d7-groupManagement] INFO  server.RaftServerConfigKeys (ConfUtils.java:logGet(46)) - raft.server.log.segment.size.max = 67108864 (custom)
2024-07-22 09:22:04,891 [1ba5db44-79b5-4f90-beb2-74b6002ac6d7-groupManagement] INFO  server.RaftServerConfigKeys (ConfUtils.java:logGet(46)) - raft.server.log.segment.cache.num.max = 2 (custom)
2024-07-22 09:22:04,891 [1ba5db44-79b5-4f90-beb2-74b6002ac6d7-groupManagement] INFO  server.RaftServerConfigKeys (ConfUtils.java:logGet(46)) - raft.server.log.segment.cache.size.max = 200MB (=209715200) (default)
2024-07-22 09:22:04,891 [1ba5db44-79b5-4f90-beb2-74b6002ac6d7-groupManagement] INFO  server.RaftServerConfigKeys (ConfUtils.java:logGet(46)) - raft.server.log.appender.buffer.byte-limit = 8388608 (custom)
2024-07-22 09:22:04,891 [1ba5db44-79b5-4f90-beb2-74b6002ac6d7-groupManagement] INFO  util.AwaitToRun (AwaitToRun.java:start(81)) - Thread[1ba5db44-79b5-4f90-beb2-74b6002ac6d7@group-721621F6382A-cacheEviction-AwaitToRun,5,main] started
2024-07-22 09:22:04,891 [1ba5db44-79b5-4f90-beb2-74b6002ac6d7-groupManagement] INFO  segmented.SegmentedRaftLogWorker (SegmentedRaftLogWorker.java:<init>(184)) - new 1ba5db44-79b5-4f90-beb2-74b6002ac6d7@group-721621F6382A-SegmentedRaftLogWorker for RaftStorageImpl:Storage Directory /home/runner/work/ozone/ozone/hadoop-ozone/integration-test/target/test-dir/MiniOzoneClusterImpl-4478e412-ba5d-49c0-9319-4f1e6a18fdaa/ozone-meta/datanode-2/ratis/372f24e1-ea7c-49ee-972e-721621f6382a
2024-07-22 09:22:04,891 [1ba5db44-79b5-4f90-beb2-74b6002ac6d7-groupManagement] INFO  server.RaftServerConfigKeys (ConfUtils.java:logGet(46)) - raft.server.log.queue.byte-limit = 4294967296 (custom)
2024-07-22 09:22:04,891 [1ba5db44-79b5-4f90-beb2-74b6002ac6d7-groupManagement] INFO  server.RaftServerConfigKeys (ConfUtils.java:logGet(46)) - raft.server.log.queue.element-limit = 1024 (custom)
2024-07-22 09:22:04,891 [1ba5db44-79b5-4f90-beb2-74b6002ac6d7-groupManagement] INFO  server.RaftServerConfigKeys (ConfUtils.java:logGet(46)) - raft.server.log.segment.size.max = 67108864 (custom)
2024-07-22 09:22:04,891 [1ba5db44-79b5-4f90-beb2-74b6002ac6d7-groupManagement] INFO  server.RaftServerConfigKeys (ConfUtils.java:logGet(46)) - raft.server.log.preallocated.size = 4194304 (custom)
2024-07-22 09:22:04,892 [1ba5db44-79b5-4f90-beb2-74b6002ac6d7-groupManagement] INFO  server.RaftServerConfigKeys (ConfUtils.java:logGet(46)) - raft.server.log.force.sync.num = 128 (default)
2024-07-22 09:22:04,892 [1ba5db44-79b5-4f90-beb2-74b6002ac6d7-groupManagement] INFO  server.RaftServerConfigKeys (ConfUtils.java:logGet(46)) - raft.server.log.statemachine.data.sync = true (default)
2024-07-22 09:22:04,892 [1ba5db44-79b5-4f90-beb2-74b6002ac6d7-groupManagement] INFO  server.RaftServerConfigKeys (ConfUtils.java:logGet(46)) - raft.server.log.statemachine.data.sync.timeout = 10s (default)
2024-07-22 09:22:04,892 [1ba5db44-79b5-4f90-beb2-74b6002ac6d7-groupManagement] INFO  server.RaftServerConfigKeys (ConfUtils.java:logGet(46)) - raft.server.log.statemachine.data.sync.timeout.retry = 30 (custom)
2024-07-22 09:22:04,892 [1ba5db44-79b5-4f90-beb2-74b6002ac6d7-groupManagement] INFO  server.RaftServerConfigKeys (ConfUtils.java:logGet(46)) - raft.server.log.write.buffer.size = 8388616 (custom)
2024-07-22 09:22:04,895 [1ba5db44-79b5-4f90-beb2-74b6002ac6d7-groupManagement] INFO  server.RaftServerConfigKeys (ConfUtils.java:logGet(46)) - raft.server.log.appender.buffer.byte-limit = 8388608 (custom)
2024-07-22 09:22:04,895 [1ba5db44-79b5-4f90-beb2-74b6002ac6d7-groupManagement] INFO  server.RaftServerConfigKeys (ConfUtils.java:logGet(46)) - raft.server.log.unsafe-flush.enabled = false (default)
2024-07-22 09:22:04,895 [1ba5db44-79b5-4f90-beb2-74b6002ac6d7-groupManagement] INFO  server.RaftServerConfigKeys (ConfUtils.java:logGet(46)) - raft.server.log.async-flush.enabled = false (default)
2024-07-22 09:22:04,895 [1ba5db44-79b5-4f90-beb2-74b6002ac6d7-groupManagement] INFO  server.RaftServerConfigKeys (ConfUtils.java:logGet(46)) - raft.server.log.statemachine.data.caching.enabled = true (custom)
2024-07-22 09:22:04,895 [1ba5db44-79b5-4f90-beb2-74b6002ac6d7-groupManagement] INFO  segmented.SegmentedRaftLogWorker (SegmentedRaftLogWorker.java:lambda$new$0(135)) - 1ba5db44-79b5-4f90-beb2-74b6002ac6d7@group-721621F6382A-SegmentedRaftLogWorker: flushIndex: setUnconditionally 0 -> -1
2024-07-22 09:22:04,895 [1ba5db44-79b5-4f90-beb2-74b6002ac6d7-groupManagement] INFO  segmented.SegmentedRaftLogWorker (SegmentedRaftLogWorker.java:lambda$new$0(135)) - 1ba5db44-79b5-4f90-beb2-74b6002ac6d7@group-721621F6382A-SegmentedRaftLogWorker: safeCacheEvictIndex: setUnconditionally 0 -> -1
2024-07-22 09:22:04,899 [1ba5db44-79b5-4f90-beb2-74b6002ac6d7-groupManagement] INFO  server.RaftServer$Division (RaftServerImpl.java:start(389)) - 1ba5db44-79b5-4f90-beb2-74b6002ac6d7@group-721621F6382A: start as a follower, conf=conf: {index: -1, cur=peers:[1ba5db44-79b5-4f90-beb2-74b6002ac6d7|127.0.0.1:15023, ad117ebe-3568-403d-bc57-6f7f1929bcc4|127.0.0.1:15014, 8b9937ac-618a-4a68-974c-6b59ae821168|127.0.0.1:15032]|listeners:[], old=null}
2024-07-22 09:22:04,899 [1ba5db44-79b5-4f90-beb2-74b6002ac6d7-groupManagement] INFO  server.RaftServer$Division (RaftServerImpl.java:setRole(376)) - 1ba5db44-79b5-4f90-beb2-74b6002ac6d7@group-721621F6382A: changes role from      null to FOLLOWER at term 0 for startAsFollower
2024-07-22 09:22:04,899 [1ba5db44-79b5-4f90-beb2-74b6002ac6d7-groupManagement] INFO  impl.RoleInfo (RoleInfo.java:updateAndGet(148)) - 1ba5db44-79b5-4f90-beb2-74b6002ac6d7: start 1ba5db44-79b5-4f90-beb2-74b6002ac6d7@group-721621F6382A-FollowerState
2024-07-22 09:22:04,900 [1ba5db44-79b5-4f90-beb2-74b6002ac6d7-groupManagement] INFO  util.JmxRegister (JmxRegister.java:tryRegister(44)) - Successfully registered JMX Bean with object name Ratis:service=RaftServer,group=group-721621F6382A,id=1ba5db44-79b5-4f90-beb2-74b6002ac6d7
2024-07-22 09:22:04,900 [1ba5db44-79b5-4f90-beb2-74b6002ac6d7-groupManagement] INFO  util.JmxRegister (JmxRegister.java:register(58)) - register mxBean class org.apache.ratis.server.impl.RaftServerJmxAdapter as Ratis:service=RaftServer,group=group-721621F6382A,id=1ba5db44-79b5-4f90-beb2-74b6002ac6d7
2024-07-22 09:22:04,900 [1ba5db44-79b5-4f90-beb2-74b6002ac6d7-groupManagement] INFO  server.RaftServerConfigKeys (ConfUtils.java:logGet(46)) - raft.server.snapshot.trigger-when-stop.enabled = true (default)
2024-07-22 09:22:04,900 [1ba5db44-79b5-4f90-beb2-74b6002ac6d7-groupManagement] INFO  server.RaftServerConfigKeys (ConfUtils.java:logGet(46)) - raft.server.snapshot.trigger-when-remove.enabled = true (default)
2024-07-22 09:22:04,900 [1ba5db44-79b5-4f90-beb2-74b6002ac6d7-groupManagement] INFO  server.RaftServerConfigKeys (ConfUtils.java:logGet(46)) - raft.server.snapshot.auto.trigger.enabled = true (custom)
2024-07-22 09:22:04,900 [1ba5db44-79b5-4f90-beb2-74b6002ac6d7-groupManagement] INFO  server.RaftServerConfigKeys (ConfUtils.java:logGet(46)) - raft.server.snapshot.auto.trigger.threshold = 10000 (custom)
2024-07-22 09:22:04,900 [1ba5db44-79b5-4f90-beb2-74b6002ac6d7-groupManagement] INFO  server.RaftServerConfigKeys (ConfUtils.java:logGet(46)) - raft.server.snapshot.retention.file.num = 5 (custom)
2024-07-22 09:22:04,900 [1ba5db44-79b5-4f90-beb2-74b6002ac6d7-groupManagement] INFO  server.RaftServerConfigKeys (ConfUtils.java:logGet(46)) - raft.server.log.purge.upto.snapshot.index = false (default)
2024-07-22 09:22:04,901 [1ba5db44-79b5-4f90-beb2-74b6002ac6d7@group-721621F6382A-FollowerState] INFO  server.RaftServerConfigKeys (ConfUtils.java:logFallback(53)) - raft.server.rpc.first-election.timeout.min = 5s (fallback to raft.server.rpc.timeout.min)
2024-07-22 09:22:04,901 [1ba5db44-79b5-4f90-beb2-74b6002ac6d7@group-721621F6382A-FollowerState] INFO  server.RaftServerConfigKeys (ConfUtils.java:logFallback(53)) - raft.server.rpc.first-election.timeout.max = 5200ms (fallback to raft.server.rpc.timeout.max)
2024-07-22 09:22:04,903 [1ba5db44-79b5-4f90-beb2-74b6002ac6d7-PipelineCommandHandlerThread-0] INFO  ratis.XceiverServerRatis (XceiverServerRatis.java:addGroup(849)) - Created group PipelineID=372f24e1-ea7c-49ee-972e-721621f6382a
2024-07-22 09:22:04,960 [grpc-default-executor-0] INFO  server.RaftServer (RaftServerProxy.java:addNew(101)) - 8b9937ac-618a-4a68-974c-6b59ae821168: addNew group-721621F6382A:[1ba5db44-79b5-4f90-beb2-74b6002ac6d7|127.0.0.1:15023, ad117ebe-3568-403d-bc57-6f7f1929bcc4|127.0.0.1:15014, 8b9937ac-618a-4a68-974c-6b59ae821168|127.0.0.1:15032] returns group-721621F6382A:java.util.concurrent.CompletableFuture@4b0f75e5[Not completed]
2024-07-22 09:22:04,967 [8b9937ac-618a-4a68-974c-6b59ae821168-groupManagement] INFO  server.RaftServer$Division (RaftServerImpl.java:<init>(253)) - 8b9937ac-618a-4a68-974c-6b59ae821168: new RaftServerImpl for group-721621F6382A:[1ba5db44-79b5-4f90-beb2-74b6002ac6d7|127.0.0.1:15023, ad117ebe-3568-403d-bc57-6f7f1929bcc4|127.0.0.1:15014, 8b9937ac-618a-4a68-974c-6b59ae821168|127.0.0.1:15032] with ContainerStateMachine:uninitialized
2024-07-22 09:22:04,968 [8b9937ac-618a-4a68-974c-6b59ae821168-groupManagement] INFO  server.RaftServerConfigKeys (ConfUtils.java:logGet(46)) - raft.server.rpc.timeout.min = 5s (custom)
2024-07-22 09:22:04,968 [8b9937ac-618a-4a68-974c-6b59ae821168-groupManagement] INFO  server.RaftServerConfigKeys (ConfUtils.java:logGet(46)) - raft.server.rpc.timeout.max = 5200ms (custom)
2024-07-22 09:22:04,969 [8b9937ac-618a-4a68-974c-6b59ae821168-groupManagement] INFO  server.RaftServerConfigKeys (ConfUtils.java:logGet(46)) - raft.server.rpc.sleep.time = 25ms (default)
2024-07-22 09:22:04,969 [8b9937ac-618a-4a68-974c-6b59ae821168-groupManagement] INFO  server.RaftServerConfigKeys (ConfUtils.java:logGet(46)) - raft.server.rpc.slowness.timeout = 300s (custom)
2024-07-22 09:22:04,971 [8b9937ac-618a-4a68-974c-6b59ae821168-groupManagement] INFO  server.RaftServerConfigKeys (ConfUtils.java:logGet(46)) - raft.server.leaderelection.leader.step-down.wait-time = 10s (default)
2024-07-22 09:22:04,972 [8b9937ac-618a-4a68-974c-6b59ae821168-groupManagement] INFO  server.RaftServerConfigKeys (ConfUtils.java:logGet(46)) - raft.server.leaderelection.member.majority-add = false (default)
2024-07-22 09:22:04,973 [8b9937ac-618a-4a68-974c-6b59ae821168-groupManagement] INFO  server.RaftServerConfigKeys (ConfUtils.java:logGet(46)) - raft.server.sleep.deviation.threshold = 300ms (default)
2024-07-22 09:22:04,973 [8b9937ac-618a-4a68-974c-6b59ae821168-groupManagement] INFO  server.RaftServer$Division (ServerState.java:<init>(114)) - 8b9937ac-618a-4a68-974c-6b59ae821168@group-721621F6382A: ConfigurationManager, init=conf: {index: -1, cur=peers:[1ba5db44-79b5-4f90-beb2-74b6002ac6d7|127.0.0.1:15023, ad117ebe-3568-403d-bc57-6f7f1929bcc4|127.0.0.1:15014, 8b9937ac-618a-4a68-974c-6b59ae821168|127.0.0.1:15032]|listeners:[], old=null}, confs=<EMPTY_MAP>
2024-07-22 09:22:04,974 [8b9937ac-618a-4a68-974c-6b59ae821168-groupManagement] INFO  server.RaftServerConfigKeys (ConfUtils.java:logGet(46)) - raft.server.notification.no-leader.timeout = 300s (custom)
2024-07-22 09:22:04,974 [8b9937ac-618a-4a68-974c-6b59ae821168-groupManagement] INFO  server.RaftServerConfigKeys (ConfUtils.java:logGet(46)) - raft.server.read.timeout = 10s (default)
2024-07-22 09:22:04,975 [8b9937ac-618a-4a68-974c-6b59ae821168-groupManagement] INFO  server.RaftServerConfigKeys (ConfUtils.java:logGet(46)) - raft.server.retrycache.expirytime = 600000ms (custom)
2024-07-22 09:22:04,975 [8b9937ac-618a-4a68-974c-6b59ae821168-groupManagement] INFO  server.RaftServerConfigKeys (ConfUtils.java:logGet(46)) - raft.server.retrycache.statistics.expirytime = 100ms (default)
2024-07-22 09:22:04,975 [8b9937ac-618a-4a68-974c-6b59ae821168-groupManagement] INFO  server.RaftServerConfigKeys (ConfUtils.java:logGet(46)) - raft.server.read.option = DEFAULT (default)
2024-07-22 09:22:04,976 [8b9937ac-618a-4a68-974c-6b59ae821168-groupManagement] INFO  server.RaftServerConfigKeys (ConfUtils.java:logGet(46)) - raft.server.read.read-after-write-consistent.write-index-cache.expiry-time = 60s (default)
2024-07-22 09:22:04,980 [8b9937ac-618a-4a68-974c-6b59ae821168-groupManagement] INFO  server.RaftServerConfigKeys (ConfUtils.java:logGet(46)) - raft.server.rpc.request.timeout = 60s (custom)
2024-07-22 09:22:04,981 [8b9937ac-618a-4a68-974c-6b59ae821168-groupManagement] INFO  server.RaftServerConfigKeys (ConfUtils.java:logGet(46)) - raft.server.log.appender.install.snapshot.enabled = false (custom)
2024-07-22 09:22:04,981 [8b9937ac-618a-4a68-974c-6b59ae821168-groupManagement] INFO  server.RaftServerConfigKeys (ConfUtils.java:logGet(46)) - raft.server.threadpool.server.cached = true (default)
2024-07-22 09:22:04,982 [8b9937ac-618a-4a68-974c-6b59ae821168-groupManagement] INFO  server.RaftServerConfigKeys (ConfUtils.java:logGet(46)) - raft.server.threadpool.server.size = 0 (default)
2024-07-22 09:22:04,982 [8b9937ac-618a-4a68-974c-6b59ae821168-groupManagement] INFO  server.RaftServerConfigKeys (ConfUtils.java:logGet(46)) - raft.server.threadpool.client.cached = true (default)
2024-07-22 09:22:04,983 [8b9937ac-618a-4a68-974c-6b59ae821168-groupManagement] INFO  server.RaftServerConfigKeys (ConfUtils.java:logGet(46)) - raft.server.threadpool.client.size = 0 (default)
2024-07-22 09:22:04,984 [8b9937ac-618a-4a68-974c-6b59ae821168-groupManagement] INFO  server.RaftServerConfigKeys (ConfUtils.java:logGet(46)) - raft.server.storage.free-space.min = 0MB (=0) (default)
2024-07-22 09:22:04,984 [8b9937ac-618a-4a68-974c-6b59ae821168-groupManagement] INFO  server.RaftServerConfigKeys (ConfUtils.java:logGet(46)) - raft.server.log.corruption.policy = EXCEPTION (default)
2024-07-22 09:22:04,985 [8b9937ac-618a-4a68-974c-6b59ae821168-groupManagement] INFO  server.RaftServerConfigKeys (ConfUtils.java:logGet(46)) - raft.server.storage.dir = [/home/runner/work/ozone/ozone/hadoop-ozone/integration-test/target/test-dir/MiniOzoneClusterImpl-4478e412-ba5d-49c0-9319-4f1e6a18fdaa/ozone-meta/datanode-3/ratis] (custom)
2024-07-22 09:22:04,985 [8b9937ac-618a-4a68-974c-6b59ae821168-groupManagement] INFO  storage.RaftStorageDirectory (RaftStorageDirectoryImpl.java:analyzeStorage(138)) - The storage directory /home/runner/work/ozone/ozone/hadoop-ozone/integration-test/target/test-dir/MiniOzoneClusterImpl-4478e412-ba5d-49c0-9319-4f1e6a18fdaa/ozone-meta/datanode-3/ratis/372f24e1-ea7c-49ee-972e-721621f6382a does not exist. Creating ...
2024-07-22 09:22:04,987 [8b9937ac-618a-4a68-974c-6b59ae821168-groupManagement] INFO  storage.RaftStorageDirectory (RaftStorageDirectoryImpl.java:tryLock(229)) - Lock on /home/runner/work/ozone/ozone/hadoop-ozone/integration-test/target/test-dir/MiniOzoneClusterImpl-4478e412-ba5d-49c0-9319-4f1e6a18fdaa/ozone-meta/datanode-3/ratis/372f24e1-ea7c-49ee-972e-721621f6382a/in_use.lock acquired by nodename 55069@fv-az1018-685
2024-07-22 09:22:04,988 [8b9937ac-618a-4a68-974c-6b59ae821168-groupManagement] INFO  storage.RaftStorage (RaftStorageImpl.java:format(98)) - Storage directory /home/runner/work/ozone/ozone/hadoop-ozone/integration-test/target/test-dir/MiniOzoneClusterImpl-4478e412-ba5d-49c0-9319-4f1e6a18fdaa/ozone-meta/datanode-3/ratis/372f24e1-ea7c-49ee-972e-721621f6382a has been successfully formatted.
2024-07-22 09:22:04,989 [ad117ebe-3568-403d-bc57-6f7f1929bcc4-PipelineCommandHandlerThread-0] INFO  commandhandler.CreatePipelineCommandHandler (CreatePipelineCommandHandler.java:lambda$handle$2(124)) - Created Pipeline RATIS THREE PipelineID=372f24e1-ea7c-49ee-972e-721621f6382a.
2024-07-22 09:22:04,990 [ad117ebe-3568-403d-bc57-6f7f1929bcc4-PipelineCommandHandlerThread-0] INFO  server.RaftServer (RaftServerProxy.java:addNew(101)) - ad117ebe-3568-403d-bc57-6f7f1929bcc4: addNew group-C7AC607CC480:[1ba5db44-79b5-4f90-beb2-74b6002ac6d7|127.0.0.1:15023, ad117ebe-3568-403d-bc57-6f7f1929bcc4|127.0.0.1:15014, 8b9937ac-618a-4a68-974c-6b59ae821168|127.0.0.1:15032] returns group-C7AC607CC480:java.util.concurrent.CompletableFuture@7f99df99[Not completed]
2024-07-22 09:22:04,990 [8b9937ac-618a-4a68-974c-6b59ae821168-groupManagement] INFO  ratis.ContainerStateMachine (ContainerStateMachine.java:loadSnapshot(287)) - group-721621F6382A: The snapshot info is null. Setting the last applied index to:(t:0, i:~)
2024-07-22 09:22:04,991 [8b9937ac-618a-4a68-974c-6b59ae821168-groupManagement] INFO  server.RaftServerConfigKeys (ConfUtils.java:logGet(46)) - raft.server.log.use.memory = false (default)
2024-07-22 09:22:04,991 [8b9937ac-618a-4a68-974c-6b59ae821168-groupManagement] INFO  server.RaftServerConfigKeys (ConfUtils.java:logGet(46)) - raft.server.log.purge.gap = 1000000 (custom)
2024-07-22 09:22:04,991 [8b9937ac-618a-4a68-974c-6b59ae821168-groupManagement] INFO  server.RaftServerConfigKeys (ConfUtils.java:logGet(46)) - raft.server.log.appender.buffer.byte-limit = 8388608 (custom)
2024-07-22 09:22:04,992 [8b9937ac-618a-4a68-974c-6b59ae821168-groupManagement] INFO  server.RaftServerConfigKeys (ConfUtils.java:logGet(46)) - raft.server.log.statemachine.data.read.timeout = 1000ms (default)
2024-07-22 09:22:04,992 [ad117ebe-3568-403d-bc57-6f7f1929bcc4-groupManagement] INFO  server.RaftServer$Division (RaftServerImpl.java:<init>(253)) - ad117ebe-3568-403d-bc57-6f7f1929bcc4: new RaftServerImpl for group-C7AC607CC480:[1ba5db44-79b5-4f90-beb2-74b6002ac6d7|127.0.0.1:15023, ad117ebe-3568-403d-bc57-6f7f1929bcc4|127.0.0.1:15014, 8b9937ac-618a-4a68-974c-6b59ae821168|127.0.0.1:15032] with ContainerStateMachine:uninitialized
2024-07-22 09:22:04,992 [ad117ebe-3568-403d-bc57-6f7f1929bcc4-groupManagement] INFO  server.RaftServerConfigKeys (ConfUtils.java:logGet(46)) - raft.server.rpc.timeout.min = 5s (custom)
2024-07-22 09:22:04,992 [ad117ebe-3568-403d-bc57-6f7f1929bcc4-groupManagement] INFO  server.RaftServerConfigKeys (ConfUtils.java:logGet(46)) - raft.server.rpc.timeout.max = 5200ms (custom)
2024-07-22 09:22:04,992 [ad117ebe-3568-403d-bc57-6f7f1929bcc4-groupManagement] INFO  server.RaftServerConfigKeys (ConfUtils.java:logGet(46)) - raft.server.rpc.sleep.time = 25ms (default)
2024-07-22 09:22:04,992 [ad117ebe-3568-403d-bc57-6f7f1929bcc4-groupManagement] INFO  server.RaftServerConfigKeys (ConfUtils.java:logGet(46)) - raft.server.rpc.slowness.timeout = 300s (custom)
2024-07-22 09:22:04,992 [ad117ebe-3568-403d-bc57-6f7f1929bcc4-groupManagement] INFO  server.RaftServerConfigKeys (ConfUtils.java:logGet(46)) - raft.server.leaderelection.leader.step-down.wait-time = 10s (default)
2024-07-22 09:22:04,992 [ad117ebe-3568-403d-bc57-6f7f1929bcc4-groupManagement] INFO  server.RaftServerConfigKeys (ConfUtils.java:logGet(46)) - raft.server.leaderelection.member.majority-add = false (default)
2024-07-22 09:22:04,992 [ad117ebe-3568-403d-bc57-6f7f1929bcc4-groupManagement] INFO  server.RaftServerConfigKeys (ConfUtils.java:logGet(46)) - raft.server.sleep.deviation.threshold = 300ms (default)
2024-07-22 09:22:04,992 [ad117ebe-3568-403d-bc57-6f7f1929bcc4-groupManagement] INFO  server.RaftServer$Division (ServerState.java:<init>(114)) - ad117ebe-3568-403d-bc57-6f7f1929bcc4@group-C7AC607CC480: ConfigurationManager, init=conf: {index: -1, cur=peers:[1ba5db44-79b5-4f90-beb2-74b6002ac6d7|127.0.0.1:15023, ad117ebe-3568-403d-bc57-6f7f1929bcc4|127.0.0.1:15014, 8b9937ac-618a-4a68-974c-6b59ae821168|127.0.0.1:15032]|listeners:[], old=null}, confs=<EMPTY_MAP>
2024-07-22 09:22:04,993 [ad117ebe-3568-403d-bc57-6f7f1929bcc4-groupManagement] INFO  server.RaftServerConfigKeys (ConfUtils.java:logGet(46)) - raft.server.notification.no-leader.timeout = 300s (custom)
2024-07-22 09:22:04,993 [ad117ebe-3568-403d-bc57-6f7f1929bcc4-groupManagement] INFO  server.RaftServerConfigKeys (ConfUtils.java:logGet(46)) - raft.server.read.timeout = 10s (default)
2024-07-22 09:22:04,993 [ad117ebe-3568-403d-bc57-6f7f1929bcc4-groupManagement] INFO  server.RaftServerConfigKeys (ConfUtils.java:logGet(46)) - raft.server.retrycache.expirytime = 600000ms (custom)
2024-07-22 09:22:04,993 [ad117ebe-3568-403d-bc57-6f7f1929bcc4-groupManagement] INFO  server.RaftServerConfigKeys (ConfUtils.java:logGet(46)) - raft.server.retrycache.statistics.expirytime = 100ms (default)
2024-07-22 09:22:04,993 [ad117ebe-3568-403d-bc57-6f7f1929bcc4-groupManagement] INFO  server.RaftServerConfigKeys (ConfUtils.java:logGet(46)) - raft.server.read.option = DEFAULT (default)
2024-07-22 09:22:04,993 [ad117ebe-3568-403d-bc57-6f7f1929bcc4-groupManagement] INFO  server.RaftServerConfigKeys (ConfUtils.java:logGet(46)) - raft.server.read.read-after-write-consistent.write-index-cache.expiry-time = 60s (default)
2024-07-22 09:22:04,995 [ad117ebe-3568-403d-bc57-6f7f1929bcc4-groupManagement] INFO  server.RaftServerConfigKeys (ConfUtils.java:logGet(46)) - raft.server.rpc.request.timeout = 60s (custom)
2024-07-22 09:22:04,995 [ad117ebe-3568-403d-bc57-6f7f1929bcc4-groupManagement] INFO  server.RaftServerConfigKeys (ConfUtils.java:logGet(46)) - raft.server.log.appender.install.snapshot.enabled = false (custom)
2024-07-22 09:22:04,995 [ad117ebe-3568-403d-bc57-6f7f1929bcc4-groupManagement] INFO  server.RaftServerConfigKeys (ConfUtils.java:logGet(46)) - raft.server.threadpool.server.cached = true (default)
2024-07-22 09:22:04,995 [ad117ebe-3568-403d-bc57-6f7f1929bcc4-groupManagement] INFO  server.RaftServerConfigKeys (ConfUtils.java:logGet(46)) - raft.server.threadpool.server.size = 0 (default)
2024-07-22 09:22:04,995 [ad117ebe-3568-403d-bc57-6f7f1929bcc4-groupManagement] INFO  server.RaftServerConfigKeys (ConfUtils.java:logGet(46)) - raft.server.threadpool.client.cached = true (default)
2024-07-22 09:22:04,995 [ad117ebe-3568-403d-bc57-6f7f1929bcc4-groupManagement] INFO  server.RaftServerConfigKeys (ConfUtils.java:logGet(46)) - raft.server.threadpool.client.size = 0 (default)
2024-07-22 09:22:04,995 [8b9937ac-618a-4a68-974c-6b59ae821168-groupManagement] INFO  server.RaftServerConfigKeys (ConfUtils.java:logGet(46)) - raft.server.log.purge.preservation.log.num = 0 (default)
2024-07-22 09:22:04,997 [ad117ebe-3568-403d-bc57-6f7f1929bcc4-groupManagement] INFO  server.RaftServerConfigKeys (ConfUtils.java:logGet(46)) - raft.server.storage.free-space.min = 0MB (=0) (default)
2024-07-22 09:22:04,997 [ad117ebe-3568-403d-bc57-6f7f1929bcc4-groupManagement] INFO  server.RaftServerConfigKeys (ConfUtils.java:logGet(46)) - raft.server.log.corruption.policy = EXCEPTION (default)
2024-07-22 09:22:04,997 [ad117ebe-3568-403d-bc57-6f7f1929bcc4-groupManagement] INFO  server.RaftServerConfigKeys (ConfUtils.java:logGet(46)) - raft.server.storage.dir = [/home/runner/work/ozone/ozone/hadoop-ozone/integration-test/target/test-dir/MiniOzoneClusterImpl-4478e412-ba5d-49c0-9319-4f1e6a18fdaa/ozone-meta/datanode-1/ratis] (custom)
2024-07-22 09:22:04,998 [8b9937ac-618a-4a68-974c-6b59ae821168-groupManagement] INFO  server.RaftServerConfigKeys (ConfUtils.java:logGet(46)) - raft.server.log.segment.size.max = 67108864 (custom)
2024-07-22 09:22:04,998 [ad117ebe-3568-403d-bc57-6f7f1929bcc4-groupManagement] INFO  storage.RaftStorageDirectory (RaftStorageDirectoryImpl.java:analyzeStorage(138)) - The storage directory /home/runner/work/ozone/ozone/hadoop-ozone/integration-test/target/test-dir/MiniOzoneClusterImpl-4478e412-ba5d-49c0-9319-4f1e6a18fdaa/ozone-meta/datanode-1/ratis/2ede0c02-3d1f-43d6-b275-c7ac607cc480 does not exist. Creating ...
2024-07-22 09:22:04,999 [8b9937ac-618a-4a68-974c-6b59ae821168-groupManagement] INFO  server.RaftServerConfigKeys (ConfUtils.java:logGet(46)) - raft.server.log.segment.cache.num.max = 2 (custom)
2024-07-22 09:22:04,999 [8b9937ac-618a-4a68-974c-6b59ae821168-groupManagement] INFO  server.RaftServerConfigKeys (ConfUtils.java:logGet(46)) - raft.server.log.segment.cache.size.max = 200MB (=209715200) (default)
2024-07-22 09:22:04,999 [8b9937ac-618a-4a68-974c-6b59ae821168-groupManagement] INFO  server.RaftServerConfigKeys (ConfUtils.java:logGet(46)) - raft.server.log.appender.buffer.byte-limit = 8388608 (custom)
2024-07-22 09:22:04,999 [8b9937ac-618a-4a68-974c-6b59ae821168-groupManagement] INFO  util.AwaitToRun (AwaitToRun.java:start(81)) - Thread[8b9937ac-618a-4a68-974c-6b59ae821168@group-721621F6382A-cacheEviction-AwaitToRun,5,main] started
2024-07-22 09:22:05,000 [8b9937ac-618a-4a68-974c-6b59ae821168-groupManagement] INFO  segmented.SegmentedRaftLogWorker (SegmentedRaftLogWorker.java:<init>(184)) - new 8b9937ac-618a-4a68-974c-6b59ae821168@group-721621F6382A-SegmentedRaftLogWorker for RaftStorageImpl:Storage Directory /home/runner/work/ozone/ozone/hadoop-ozone/integration-test/target/test-dir/MiniOzoneClusterImpl-4478e412-ba5d-49c0-9319-4f1e6a18fdaa/ozone-meta/datanode-3/ratis/372f24e1-ea7c-49ee-972e-721621f6382a
2024-07-22 09:22:05,000 [8b9937ac-618a-4a68-974c-6b59ae821168-groupManagement] INFO  server.RaftServerConfigKeys (ConfUtils.java:logGet(46)) - raft.server.log.queue.byte-limit = 4294967296 (custom)
2024-07-22 09:22:05,000 [8b9937ac-618a-4a68-974c-6b59ae821168-groupManagement] INFO  server.RaftServerConfigKeys (ConfUtils.java:logGet(46)) - raft.server.log.queue.element-limit = 1024 (custom)
2024-07-22 09:22:05,000 [8b9937ac-618a-4a68-974c-6b59ae821168-groupManagement] INFO  server.RaftServerConfigKeys (ConfUtils.java:logGet(46)) - raft.server.log.segment.size.max = 67108864 (custom)
2024-07-22 09:22:05,000 [8b9937ac-618a-4a68-974c-6b59ae821168-groupManagement] INFO  server.RaftServerConfigKeys (ConfUtils.java:logGet(46)) - raft.server.log.preallocated.size = 4194304 (custom)
2024-07-22 09:22:05,000 [8b9937ac-618a-4a68-974c-6b59ae821168-groupManagement] INFO  server.RaftServerConfigKeys (ConfUtils.java:logGet(46)) - raft.server.log.force.sync.num = 128 (default)
2024-07-22 09:22:05,000 [8b9937ac-618a-4a68-974c-6b59ae821168-groupManagement] INFO  server.RaftServerConfigKeys (ConfUtils.java:logGet(46)) - raft.server.log.statemachine.data.sync = true (default)
2024-07-22 09:22:05,000 [8b9937ac-618a-4a68-974c-6b59ae821168-groupManagement] INFO  server.RaftServerConfigKeys (ConfUtils.java:logGet(46)) - raft.server.log.statemachine.data.sync.timeout = 10s (default)
2024-07-22 09:22:05,000 [8b9937ac-618a-4a68-974c-6b59ae821168-groupManagement] INFO  server.RaftServerConfigKeys (ConfUtils.java:logGet(46)) - raft.server.log.statemachine.data.sync.timeout.retry = 30 (custom)
2024-07-22 09:22:05,000 [8b9937ac-618a-4a68-974c-6b59ae821168-groupManagement] INFO  server.RaftServerConfigKeys (ConfUtils.java:logGet(46)) - raft.server.log.write.buffer.size = 8388616 (custom)
2024-07-22 09:22:05,002 [8b9937ac-618a-4a68-974c-6b59ae821168-groupManagement] INFO  server.RaftServerConfigKeys (ConfUtils.java:logGet(46)) - raft.server.log.appender.buffer.byte-limit = 8388608 (custom)
2024-07-22 09:22:05,003 [8b9937ac-618a-4a68-974c-6b59ae821168-groupManagement] INFO  server.RaftServerConfigKeys (ConfUtils.java:logGet(46)) - raft.server.log.unsafe-flush.enabled = false (default)
2024-07-22 09:22:05,003 [8b9937ac-618a-4a68-974c-6b59ae821168-groupManagement] INFO  server.RaftServerConfigKeys (ConfUtils.java:logGet(46)) - raft.server.log.async-flush.enabled = false (default)
2024-07-22 09:22:05,003 [8b9937ac-618a-4a68-974c-6b59ae821168-groupManagement] INFO  server.RaftServerConfigKeys (ConfUtils.java:logGet(46)) - raft.server.log.statemachine.data.caching.enabled = true (custom)
2024-07-22 09:22:05,003 [8b9937ac-618a-4a68-974c-6b59ae821168-groupManagement] INFO  segmented.SegmentedRaftLogWorker (SegmentedRaftLogWorker.java:lambda$new$0(135)) - 8b9937ac-618a-4a68-974c-6b59ae821168@group-721621F6382A-SegmentedRaftLogWorker: flushIndex: setUnconditionally 0 -> -1
2024-07-22 09:22:05,003 [ad117ebe-3568-403d-bc57-6f7f1929bcc4-groupManagement] INFO  storage.RaftStorageDirectory (RaftStorageDirectoryImpl.java:tryLock(229)) - Lock on /home/runner/work/ozone/ozone/hadoop-ozone/integration-test/target/test-dir/MiniOzoneClusterImpl-4478e412-ba5d-49c0-9319-4f1e6a18fdaa/ozone-meta/datanode-1/ratis/2ede0c02-3d1f-43d6-b275-c7ac607cc480/in_use.lock acquired by nodename 55069@fv-az1018-685
2024-07-22 09:22:05,004 [8b9937ac-618a-4a68-974c-6b59ae821168-groupManagement] INFO  segmented.SegmentedRaftLogWorker (SegmentedRaftLogWorker.java:lambda$new$0(135)) - 8b9937ac-618a-4a68-974c-6b59ae821168@group-721621F6382A-SegmentedRaftLogWorker: safeCacheEvictIndex: setUnconditionally 0 -> -1
2024-07-22 09:22:05,004 [8b9937ac-618a-4a68-974c-6b59ae821168-groupManagement] INFO  server.RaftServer$Division (RaftServerImpl.java:start(389)) - 8b9937ac-618a-4a68-974c-6b59ae821168@group-721621F6382A: start as a follower, conf=conf: {index: -1, cur=peers:[1ba5db44-79b5-4f90-beb2-74b6002ac6d7|127.0.0.1:15023, ad117ebe-3568-403d-bc57-6f7f1929bcc4|127.0.0.1:15014, 8b9937ac-618a-4a68-974c-6b59ae821168|127.0.0.1:15032]|listeners:[], old=null}
2024-07-22 09:22:05,005 [8b9937ac-618a-4a68-974c-6b59ae821168-groupManagement] INFO  server.RaftServer$Division (RaftServerImpl.java:setRole(376)) - 8b9937ac-618a-4a68-974c-6b59ae821168@group-721621F6382A: changes role from      null to FOLLOWER at term 0 for startAsFollower
2024-07-22 09:22:05,005 [ad117ebe-3568-403d-bc57-6f7f1929bcc4-groupManagement] INFO  storage.RaftStorage (RaftStorageImpl.java:format(98)) - Storage directory /home/runner/work/ozone/ozone/hadoop-ozone/integration-test/target/test-dir/MiniOzoneClusterImpl-4478e412-ba5d-49c0-9319-4f1e6a18fdaa/ozone-meta/datanode-1/ratis/2ede0c02-3d1f-43d6-b275-c7ac607cc480 has been successfully formatted.
2024-07-22 09:22:05,005 [ad117ebe-3568-403d-bc57-6f7f1929bcc4-groupManagement] INFO  ratis.ContainerStateMachine (ContainerStateMachine.java:loadSnapshot(287)) - group-C7AC607CC480: The snapshot info is null. Setting the last applied index to:(t:0, i:~)
2024-07-22 09:22:05,005 [ad117ebe-3568-403d-bc57-6f7f1929bcc4-groupManagement] INFO  server.RaftServerConfigKeys (ConfUtils.java:logGet(46)) - raft.server.log.use.memory = false (default)
2024-07-22 09:22:05,006 [ad117ebe-3568-403d-bc57-6f7f1929bcc4-groupManagement] INFO  server.RaftServerConfigKeys (ConfUtils.java:logGet(46)) - raft.server.log.purge.gap = 1000000 (custom)
2024-07-22 09:22:05,006 [ad117ebe-3568-403d-bc57-6f7f1929bcc4-groupManagement] INFO  server.RaftServerConfigKeys (ConfUtils.java:logGet(46)) - raft.server.log.appender.buffer.byte-limit = 8388608 (custom)
2024-07-22 09:22:05,006 [ad117ebe-3568-403d-bc57-6f7f1929bcc4-groupManagement] INFO  server.RaftServerConfigKeys (ConfUtils.java:logGet(46)) - raft.server.log.statemachine.data.read.timeout = 1000ms (default)
2024-07-22 09:22:05,006 [ad117ebe-3568-403d-bc57-6f7f1929bcc4-groupManagement] INFO  server.RaftServerConfigKeys (ConfUtils.java:logGet(46)) - raft.server.log.purge.preservation.log.num = 0 (default)
2024-07-22 09:22:05,006 [8b9937ac-618a-4a68-974c-6b59ae821168-groupManagement] INFO  impl.RoleInfo (RoleInfo.java:updateAndGet(148)) - 8b9937ac-618a-4a68-974c-6b59ae821168: start 8b9937ac-618a-4a68-974c-6b59ae821168@group-721621F6382A-FollowerState
2024-07-22 09:22:05,008 [EventQueue-OpenPipelineForHealthyPipelineSafeModeRule] INFO  safemode.SCMSafeModeManager (HealthyPipelineSafeModeRule.java:process(140)) - SCM in safe mode. Healthy pipelines reported count is 0, required healthy pipeline reported count is 1
2024-07-22 09:22:05,008 [ad117ebe-3568-403d-bc57-6f7f1929bcc4-groupManagement] INFO  server.RaftServerConfigKeys (ConfUtils.java:logGet(46)) - raft.server.log.segment.size.max = 67108864 (custom)
2024-07-22 09:22:05,008 [ad117ebe-3568-403d-bc57-6f7f1929bcc4-groupManagement] INFO  server.RaftServerConfigKeys (ConfUtils.java:logGet(46)) - raft.server.log.segment.cache.num.max = 2 (custom)
2024-07-22 09:22:05,009 [ad117ebe-3568-403d-bc57-6f7f1929bcc4-groupManagement] INFO  server.RaftServerConfigKeys (ConfUtils.java:logGet(46)) - raft.server.log.segment.cache.size.max = 200MB (=209715200) (default)
2024-07-22 09:22:05,009 [ad117ebe-3568-403d-bc57-6f7f1929bcc4-groupManagement] INFO  server.RaftServerConfigKeys (ConfUtils.java:logGet(46)) - raft.server.log.appender.buffer.byte-limit = 8388608 (custom)
2024-07-22 09:22:05,010 [8b9937ac-618a-4a68-974c-6b59ae821168@group-721621F6382A-FollowerState] INFO  server.RaftServerConfigKeys (ConfUtils.java:logFallback(53)) - raft.server.rpc.first-election.timeout.min = 5s (fallback to raft.server.rpc.timeout.min)
2024-07-22 09:22:05,010 [ad117ebe-3568-403d-bc57-6f7f1929bcc4-groupManagement] INFO  util.AwaitToRun (AwaitToRun.java:start(81)) - Thread[ad117ebe-3568-403d-bc57-6f7f1929bcc4@group-C7AC607CC480-cacheEviction-AwaitToRun,5,main] started
2024-07-22 09:22:05,010 [ad117ebe-3568-403d-bc57-6f7f1929bcc4-groupManagement] INFO  segmented.SegmentedRaftLogWorker (SegmentedRaftLogWorker.java:<init>(184)) - new ad117ebe-3568-403d-bc57-6f7f1929bcc4@group-C7AC607CC480-SegmentedRaftLogWorker for RaftStorageImpl:Storage Directory /home/runner/work/ozone/ozone/hadoop-ozone/integration-test/target/test-dir/MiniOzoneClusterImpl-4478e412-ba5d-49c0-9319-4f1e6a18fdaa/ozone-meta/datanode-1/ratis/2ede0c02-3d1f-43d6-b275-c7ac607cc480
2024-07-22 09:22:05,010 [ad117ebe-3568-403d-bc57-6f7f1929bcc4-groupManagement] INFO  server.RaftServerConfigKeys (ConfUtils.java:logGet(46)) - raft.server.log.queue.byte-limit = 4294967296 (custom)
2024-07-22 09:22:05,010 [ad117ebe-3568-403d-bc57-6f7f1929bcc4-groupManagement] INFO  server.RaftServerConfigKeys (ConfUtils.java:logGet(46)) - raft.server.log.queue.element-limit = 1024 (custom)
2024-07-22 09:22:05,010 [ad117ebe-3568-403d-bc57-6f7f1929bcc4-groupManagement] INFO  server.RaftServerConfigKeys (ConfUtils.java:logGet(46)) - raft.server.log.segment.size.max = 67108864 (custom)
2024-07-22 09:22:05,010 [ad117ebe-3568-403d-bc57-6f7f1929bcc4-groupManagement] INFO  server.RaftServerConfigKeys (ConfUtils.java:logGet(46)) - raft.server.log.preallocated.size = 4194304 (custom)
2024-07-22 09:22:05,010 [ad117ebe-3568-403d-bc57-6f7f1929bcc4-groupManagement] INFO  server.RaftServerConfigKeys (ConfUtils.java:logGet(46)) - raft.server.log.force.sync.num = 128 (default)
2024-07-22 09:22:05,010 [ad117ebe-3568-403d-bc57-6f7f1929bcc4-groupManagement] INFO  server.RaftServerConfigKeys (ConfUtils.java:logGet(46)) - raft.server.log.statemachine.data.sync = true (default)
2024-07-22 09:22:05,010 [ad117ebe-3568-403d-bc57-6f7f1929bcc4-groupManagement] INFO  server.RaftServerConfigKeys (ConfUtils.java:logGet(46)) - raft.server.log.statemachine.data.sync.timeout = 10s (default)
2024-07-22 09:22:05,011 [ad117ebe-3568-403d-bc57-6f7f1929bcc4-groupManagement] INFO  server.RaftServerConfigKeys (ConfUtils.java:logGet(46)) - raft.server.log.statemachine.data.sync.timeout.retry = 30 (custom)
2024-07-22 09:22:05,011 [ad117ebe-3568-403d-bc57-6f7f1929bcc4-groupManagement] INFO  server.RaftServerConfigKeys (ConfUtils.java:logGet(46)) - raft.server.log.write.buffer.size = 8388616 (custom)
2024-07-22 09:22:05,012 [ad117ebe-3568-403d-bc57-6f7f1929bcc4-groupManagement] INFO  server.RaftServerConfigKeys (ConfUtils.java:logGet(46)) - raft.server.log.appender.buffer.byte-limit = 8388608 (custom)
2024-07-22 09:22:05,012 [ad117ebe-3568-403d-bc57-6f7f1929bcc4-groupManagement] INFO  server.RaftServerConfigKeys (ConfUtils.java:logGet(46)) - raft.server.log.unsafe-flush.enabled = false (default)
2024-07-22 09:22:05,012 [ad117ebe-3568-403d-bc57-6f7f1929bcc4-groupManagement] INFO  server.RaftServerConfigKeys (ConfUtils.java:logGet(46)) - raft.server.log.async-flush.enabled = false (default)
2024-07-22 09:22:05,013 [ad117ebe-3568-403d-bc57-6f7f1929bcc4-groupManagement] INFO  server.RaftServerConfigKeys (ConfUtils.java:logGet(46)) - raft.server.log.statemachine.data.caching.enabled = true (custom)
2024-07-22 09:22:05,013 [ad117ebe-3568-403d-bc57-6f7f1929bcc4-groupManagement] INFO  segmented.SegmentedRaftLogWorker (SegmentedRaftLogWorker.java:lambda$new$0(135)) - ad117ebe-3568-403d-bc57-6f7f1929bcc4@group-C7AC607CC480-SegmentedRaftLogWorker: flushIndex: setUnconditionally 0 -> -1
2024-07-22 09:22:05,013 [ad117ebe-3568-403d-bc57-6f7f1929bcc4-groupManagement] INFO  segmented.SegmentedRaftLogWorker (SegmentedRaftLogWorker.java:lambda$new$0(135)) - ad117ebe-3568-403d-bc57-6f7f1929bcc4@group-C7AC607CC480-SegmentedRaftLogWorker: safeCacheEvictIndex: setUnconditionally 0 -> -1
2024-07-22 09:22:05,010 [8b9937ac-618a-4a68-974c-6b59ae821168-groupManagement] INFO  util.JmxRegister (JmxRegister.java:tryRegister(44)) - Successfully registered JMX Bean with object name Ratis:service=RaftServer,group=group-721621F6382A,id=8b9937ac-618a-4a68-974c-6b59ae821168
2024-07-22 09:22:05,013 [8b9937ac-618a-4a68-974c-6b59ae821168-groupManagement] INFO  util.JmxRegister (JmxRegister.java:register(58)) - register mxBean class org.apache.ratis.server.impl.RaftServerJmxAdapter as Ratis:service=RaftServer,group=group-721621F6382A,id=8b9937ac-618a-4a68-974c-6b59ae821168
2024-07-22 09:22:05,013 [8b9937ac-618a-4a68-974c-6b59ae821168-groupManagement] INFO  server.RaftServerConfigKeys (ConfUtils.java:logGet(46)) - raft.server.snapshot.trigger-when-stop.enabled = true (default)
2024-07-22 09:22:05,013 [8b9937ac-618a-4a68-974c-6b59ae821168-groupManagement] INFO  server.RaftServerConfigKeys (ConfUtils.java:logGet(46)) - raft.server.snapshot.trigger-when-remove.enabled = true (default)
2024-07-22 09:22:05,013 [8b9937ac-618a-4a68-974c-6b59ae821168-groupManagement] INFO  server.RaftServerConfigKeys (ConfUtils.java:logGet(46)) - raft.server.snapshot.auto.trigger.enabled = true (custom)
2024-07-22 09:22:05,013 [8b9937ac-618a-4a68-974c-6b59ae821168-groupManagement] INFO  server.RaftServerConfigKeys (ConfUtils.java:logGet(46)) - raft.server.snapshot.auto.trigger.threshold = 10000 (custom)
2024-07-22 09:22:05,013 [8b9937ac-618a-4a68-974c-6b59ae821168-groupManagement] INFO  server.RaftServerConfigKeys (ConfUtils.java:logGet(46)) - raft.server.snapshot.retention.file.num = 5 (custom)
2024-07-22 09:22:05,013 [8b9937ac-618a-4a68-974c-6b59ae821168-groupManagement] INFO  server.RaftServerConfigKeys (ConfUtils.java:logGet(46)) - raft.server.log.purge.upto.snapshot.index = false (default)
2024-07-22 09:22:05,014 [ad117ebe-3568-403d-bc57-6f7f1929bcc4-groupManagement] INFO  server.RaftServer$Division (RaftServerImpl.java:start(389)) - ad117ebe-3568-403d-bc57-6f7f1929bcc4@group-C7AC607CC480: start as a follower, conf=conf: {index: -1, cur=peers:[1ba5db44-79b5-4f90-beb2-74b6002ac6d7|127.0.0.1:15023, ad117ebe-3568-403d-bc57-6f7f1929bcc4|127.0.0.1:15014, 8b9937ac-618a-4a68-974c-6b59ae821168|127.0.0.1:15032]|listeners:[], old=null}
2024-07-22 09:22:05,014 [ad117ebe-3568-403d-bc57-6f7f1929bcc4-groupManagement] INFO  server.RaftServer$Division (RaftServerImpl.java:setRole(376)) - ad117ebe-3568-403d-bc57-6f7f1929bcc4@group-C7AC607CC480: changes role from      null to FOLLOWER at term 0 for startAsFollower
2024-07-22 09:22:05,014 [ad117ebe-3568-403d-bc57-6f7f1929bcc4-groupManagement] INFO  impl.RoleInfo (RoleInfo.java:updateAndGet(148)) - ad117ebe-3568-403d-bc57-6f7f1929bcc4: start ad117ebe-3568-403d-bc57-6f7f1929bcc4@group-C7AC607CC480-FollowerState
2024-07-22 09:22:05,016 [ad117ebe-3568-403d-bc57-6f7f1929bcc4-groupManagement] INFO  util.JmxRegister (JmxRegister.java:tryRegister(44)) - Successfully registered JMX Bean with object name Ratis:service=RaftServer,group=group-C7AC607CC480,id=ad117ebe-3568-403d-bc57-6f7f1929bcc4
2024-07-22 09:22:05,016 [ad117ebe-3568-403d-bc57-6f7f1929bcc4-groupManagement] INFO  util.JmxRegister (JmxRegister.java:register(58)) - register mxBean class org.apache.ratis.server.impl.RaftServerJmxAdapter as Ratis:service=RaftServer,group=group-C7AC607CC480,id=ad117ebe-3568-403d-bc57-6f7f1929bcc4
2024-07-22 09:22:05,016 [ad117ebe-3568-403d-bc57-6f7f1929bcc4-groupManagement] INFO  server.RaftServerConfigKeys (ConfUtils.java:logGet(46)) - raft.server.snapshot.trigger-when-stop.enabled = true (default)
2024-07-22 09:22:05,016 [ad117ebe-3568-403d-bc57-6f7f1929bcc4-groupManagement] INFO  server.RaftServerConfigKeys (ConfUtils.java:logGet(46)) - raft.server.snapshot.trigger-when-remove.enabled = true (default)
2024-07-22 09:22:05,016 [ad117ebe-3568-403d-bc57-6f7f1929bcc4-groupManagement] INFO  server.RaftServerConfigKeys (ConfUtils.java:logGet(46)) - raft.server.snapshot.auto.trigger.enabled = true (custom)
2024-07-22 09:22:05,016 [ad117ebe-3568-403d-bc57-6f7f1929bcc4-groupManagement] INFO  server.RaftServerConfigKeys (ConfUtils.java:logGet(46)) - raft.server.snapshot.auto.trigger.threshold = 10000 (custom)
2024-07-22 09:22:05,016 [ad117ebe-3568-403d-bc57-6f7f1929bcc4-groupManagement] INFO  server.RaftServerConfigKeys (ConfUtils.java:logGet(46)) - raft.server.snapshot.retention.file.num = 5 (custom)
2024-07-22 09:22:05,016 [ad117ebe-3568-403d-bc57-6f7f1929bcc4-groupManagement] INFO  server.RaftServerConfigKeys (ConfUtils.java:logGet(46)) - raft.server.log.purge.upto.snapshot.index = false (default)
2024-07-22 09:22:05,017 [ad117ebe-3568-403d-bc57-6f7f1929bcc4-PipelineCommandHandlerThread-0] INFO  ratis.XceiverServerRatis (XceiverServerRatis.java:addGroup(849)) - Created group PipelineID=2ede0c02-3d1f-43d6-b275-c7ac607cc480
2024-07-22 09:22:05,010 [8b9937ac-618a-4a68-974c-6b59ae821168@group-721621F6382A-FollowerState] INFO  server.RaftServerConfigKeys (ConfUtils.java:logFallback(53)) - raft.server.rpc.first-election.timeout.max = 5200ms (fallback to raft.server.rpc.timeout.max)
2024-07-22 09:22:05,020 [ad117ebe-3568-403d-bc57-6f7f1929bcc4@group-C7AC607CC480-FollowerState] INFO  server.RaftServerConfigKeys (ConfUtils.java:logFallback(53)) - raft.server.rpc.first-election.timeout.min = 5s (fallback to raft.server.rpc.timeout.min)
2024-07-22 09:22:05,020 [ad117ebe-3568-403d-bc57-6f7f1929bcc4@group-C7AC607CC480-FollowerState] INFO  server.RaftServerConfigKeys (ConfUtils.java:logFallback(53)) - raft.server.rpc.first-election.timeout.max = 5200ms (fallback to raft.server.rpc.timeout.max)
2024-07-22 09:22:05,026 [grpc-default-executor-0] INFO  server.RaftServer (RaftServerProxy.java:addNew(101)) - 8b9937ac-618a-4a68-974c-6b59ae821168: addNew group-C7AC607CC480:[1ba5db44-79b5-4f90-beb2-74b6002ac6d7|127.0.0.1:15023, ad117ebe-3568-403d-bc57-6f7f1929bcc4|127.0.0.1:15014, 8b9937ac-618a-4a68-974c-6b59ae821168|127.0.0.1:15032] returns group-C7AC607CC480:java.util.concurrent.CompletableFuture@7eec7f24[Not completed]
2024-07-22 09:22:05,040 [8b9937ac-618a-4a68-974c-6b59ae821168-groupManagement] INFO  server.RaftServer$Division (RaftServerImpl.java:<init>(253)) - 8b9937ac-618a-4a68-974c-6b59ae821168: new RaftServerImpl for group-C7AC607CC480:[1ba5db44-79b5-4f90-beb2-74b6002ac6d7|127.0.0.1:15023, ad117ebe-3568-403d-bc57-6f7f1929bcc4|127.0.0.1:15014, 8b9937ac-618a-4a68-974c-6b59ae821168|127.0.0.1:15032] with ContainerStateMachine:uninitialized
2024-07-22 09:22:05,040 [8b9937ac-618a-4a68-974c-6b59ae821168-groupManagement] INFO  server.RaftServerConfigKeys (ConfUtils.java:logGet(46)) - raft.server.rpc.timeout.min = 5s (custom)
2024-07-22 09:22:05,041 [8b9937ac-618a-4a68-974c-6b59ae821168-groupManagement] INFO  server.RaftServerConfigKeys (ConfUtils.java:logGet(46)) - raft.server.rpc.timeout.max = 5200ms (custom)
2024-07-22 09:22:05,041 [8b9937ac-618a-4a68-974c-6b59ae821168-groupManagement] INFO  server.RaftServerConfigKeys (ConfUtils.java:logGet(46)) - raft.server.rpc.sleep.time = 25ms (default)
2024-07-22 09:22:05,042 [8b9937ac-618a-4a68-974c-6b59ae821168-groupManagement] INFO  server.RaftServerConfigKeys (ConfUtils.java:logGet(46)) - raft.server.rpc.slowness.timeout = 300s (custom)
2024-07-22 09:22:05,042 [8b9937ac-618a-4a68-974c-6b59ae821168-groupManagement] INFO  server.RaftServerConfigKeys (ConfUtils.java:logGet(46)) - raft.server.leaderelection.leader.step-down.wait-time = 10s (default)
2024-07-22 09:22:05,042 [8b9937ac-618a-4a68-974c-6b59ae821168-groupManagement] INFO  server.RaftServerConfigKeys (ConfUtils.java:logGet(46)) - raft.server.leaderelection.member.majority-add = false (default)
2024-07-22 09:22:05,043 [8b9937ac-618a-4a68-974c-6b59ae821168-groupManagement] INFO  server.RaftServerConfigKeys (ConfUtils.java:logGet(46)) - raft.server.sleep.deviation.threshold = 300ms (default)
2024-07-22 09:22:05,043 [8b9937ac-618a-4a68-974c-6b59ae821168-groupManagement] INFO  server.RaftServer$Division (ServerState.java:<init>(114)) - 8b9937ac-618a-4a68-974c-6b59ae821168@group-C7AC607CC480: ConfigurationManager, init=conf: {index: -1, cur=peers:[1ba5db44-79b5-4f90-beb2-74b6002ac6d7|127.0.0.1:15023, ad117ebe-3568-403d-bc57-6f7f1929bcc4|127.0.0.1:15014, 8b9937ac-618a-4a68-974c-6b59ae821168|127.0.0.1:15032]|listeners:[], old=null}, confs=<EMPTY_MAP>
2024-07-22 09:22:05,043 [8b9937ac-618a-4a68-974c-6b59ae821168-groupManagement] INFO  server.RaftServerConfigKeys (ConfUtils.java:logGet(46)) - raft.server.notification.no-leader.timeout = 300s (custom)
2024-07-22 09:22:05,044 [8b9937ac-618a-4a68-974c-6b59ae821168-groupManagement] INFO  server.RaftServerConfigKeys (ConfUtils.java:logGet(46)) - raft.server.read.timeout = 10s (default)
2024-07-22 09:22:05,044 [8b9937ac-618a-4a68-974c-6b59ae821168-groupManagement] INFO  server.RaftServerConfigKeys (ConfUtils.java:logGet(46)) - raft.server.retrycache.expirytime = 600000ms (custom)
2024-07-22 09:22:05,044 [8b9937ac-618a-4a68-974c-6b59ae821168-groupManagement] INFO  server.RaftServerConfigKeys (ConfUtils.java:logGet(46)) - raft.server.retrycache.statistics.expirytime = 100ms (default)
2024-07-22 09:22:05,045 [8b9937ac-618a-4a68-974c-6b59ae821168-groupManagement] INFO  server.RaftServerConfigKeys (ConfUtils.java:logGet(46)) - raft.server.read.option = DEFAULT (default)
2024-07-22 09:22:05,045 [8b9937ac-618a-4a68-974c-6b59ae821168-groupManagement] INFO  server.RaftServerConfigKeys (ConfUtils.java:logGet(46)) - raft.server.read.read-after-write-consistent.write-index-cache.expiry-time = 60s (default)
2024-07-22 09:22:05,048 [8b9937ac-618a-4a68-974c-6b59ae821168-groupManagement] INFO  server.RaftServerConfigKeys (ConfUtils.java:logGet(46)) - raft.server.rpc.request.timeout = 60s (custom)
2024-07-22 09:22:05,049 [8b9937ac-618a-4a68-974c-6b59ae821168-groupManagement] INFO  server.RaftServerConfigKeys (ConfUtils.java:logGet(46)) - raft.server.log.appender.install.snapshot.enabled = false (custom)
2024-07-22 09:22:05,049 [1ba5db44-79b5-4f90-beb2-74b6002ac6d7-PipelineCommandHandlerThread-0] INFO  commandhandler.CreatePipelineCommandHandler (CreatePipelineCommandHandler.java:lambda$handle$2(124)) - Created Pipeline RATIS THREE PipelineID=372f24e1-ea7c-49ee-972e-721621f6382a.
2024-07-22 09:22:05,049 [1ba5db44-79b5-4f90-beb2-74b6002ac6d7-PipelineCommandHandlerThread-0] INFO  server.RaftServer (RaftServerProxy.java:addNew(101)) - 1ba5db44-79b5-4f90-beb2-74b6002ac6d7: addNew group-C7AC607CC480:[1ba5db44-79b5-4f90-beb2-74b6002ac6d7|127.0.0.1:15023, ad117ebe-3568-403d-bc57-6f7f1929bcc4|127.0.0.1:15014, 8b9937ac-618a-4a68-974c-6b59ae821168|127.0.0.1:15032] returns group-C7AC607CC480:java.util.concurrent.CompletableFuture@1edaf278[Not completed]
2024-07-22 09:22:05,051 [1ba5db44-79b5-4f90-beb2-74b6002ac6d7-groupManagement] INFO  server.RaftServer$Division (RaftServerImpl.java:<init>(253)) - 1ba5db44-79b5-4f90-beb2-74b6002ac6d7: new RaftServerImpl for group-C7AC607CC480:[1ba5db44-79b5-4f90-beb2-74b6002ac6d7|127.0.0.1:15023, ad117ebe-3568-403d-bc57-6f7f1929bcc4|127.0.0.1:15014, 8b9937ac-618a-4a68-974c-6b59ae821168|127.0.0.1:15032] with ContainerStateMachine:uninitialized
2024-07-22 09:22:05,051 [1ba5db44-79b5-4f90-beb2-74b6002ac6d7-groupManagement] INFO  server.RaftServerConfigKeys (ConfUtils.java:logGet(46)) - raft.server.rpc.timeout.min = 5s (custom)
2024-07-22 09:22:05,051 [1ba5db44-79b5-4f90-beb2-74b6002ac6d7-groupManagement] INFO  server.RaftServerConfigKeys (ConfUtils.java:logGet(46)) - raft.server.rpc.timeout.max = 5200ms (custom)
2024-07-22 09:22:05,051 [1ba5db44-79b5-4f90-beb2-74b6002ac6d7-groupManagement] INFO  server.RaftServerConfigKeys (ConfUtils.java:logGet(46)) - raft.server.rpc.sleep.time = 25ms (default)
2024-07-22 09:22:05,051 [1ba5db44-79b5-4f90-beb2-74b6002ac6d7-groupManagement] INFO  server.RaftServerConfigKeys (ConfUtils.java:logGet(46)) - raft.server.rpc.slowness.timeout = 300s (custom)
2024-07-22 09:22:05,051 [1ba5db44-79b5-4f90-beb2-74b6002ac6d7-groupManagement] INFO  server.RaftServerConfigKeys (ConfUtils.java:logGet(46)) - raft.server.leaderelection.leader.step-down.wait-time = 10s (default)
2024-07-22 09:22:05,049 [8b9937ac-618a-4a68-974c-6b59ae821168-groupManagement] INFO  server.RaftServerConfigKeys (ConfUtils.java:logGet(46)) - raft.server.threadpool.server.cached = true (default)
2024-07-22 09:22:05,051 [1ba5db44-79b5-4f90-beb2-74b6002ac6d7-groupManagement] INFO  server.RaftServerConfigKeys (ConfUtils.java:logGet(46)) - raft.server.leaderelection.member.majority-add = false (default)
2024-07-22 09:22:05,051 [8b9937ac-618a-4a68-974c-6b59ae821168-groupManagement] INFO  server.RaftServerConfigKeys (ConfUtils.java:logGet(46)) - raft.server.threadpool.server.size = 0 (default)
2024-07-22 09:22:05,051 [1ba5db44-79b5-4f90-beb2-74b6002ac6d7-groupManagement] INFO  server.RaftServerConfigKeys (ConfUtils.java:logGet(46)) - raft.server.sleep.deviation.threshold = 300ms (default)
2024-07-22 09:22:05,052 [1ba5db44-79b5-4f90-beb2-74b6002ac6d7-groupManagement] INFO  server.RaftServer$Division (ServerState.java:<init>(114)) - 1ba5db44-79b5-4f90-beb2-74b6002ac6d7@group-C7AC607CC480: ConfigurationManager, init=conf: {index: -1, cur=peers:[1ba5db44-79b5-4f90-beb2-74b6002ac6d7|127.0.0.1:15023, ad117ebe-3568-403d-bc57-6f7f1929bcc4|127.0.0.1:15014, 8b9937ac-618a-4a68-974c-6b59ae821168|127.0.0.1:15032]|listeners:[], old=null}, confs=<EMPTY_MAP>
2024-07-22 09:22:05,052 [1ba5db44-79b5-4f90-beb2-74b6002ac6d7-groupManagement] INFO  server.RaftServerConfigKeys (ConfUtils.java:logGet(46)) - raft.server.notification.no-leader.timeout = 300s (custom)
2024-07-22 09:22:05,052 [1ba5db44-79b5-4f90-beb2-74b6002ac6d7-groupManagement] INFO  server.RaftServerConfigKeys (ConfUtils.java:logGet(46)) - raft.server.read.timeout = 10s (default)
2024-07-22 09:22:05,052 [1ba5db44-79b5-4f90-beb2-74b6002ac6d7-groupManagement] INFO  server.RaftServerConfigKeys (ConfUtils.java:logGet(46)) - raft.server.retrycache.expirytime = 600000ms (custom)
2024-07-22 09:22:05,052 [1ba5db44-79b5-4f90-beb2-74b6002ac6d7-groupManagement] INFO  server.RaftServerConfigKeys (ConfUtils.java:logGet(46)) - raft.server.retrycache.statistics.expirytime = 100ms (default)
2024-07-22 09:22:05,052 [1ba5db44-79b5-4f90-beb2-74b6002ac6d7-groupManagement] INFO  server.RaftServerConfigKeys (ConfUtils.java:logGet(46)) - raft.server.read.option = DEFAULT (default)
2024-07-22 09:22:05,052 [1ba5db44-79b5-4f90-beb2-74b6002ac6d7-groupManagement] INFO  server.RaftServerConfigKeys (ConfUtils.java:logGet(46)) - raft.server.read.read-after-write-consistent.write-index-cache.expiry-time = 60s (default)
2024-07-22 09:22:05,051 [8b9937ac-618a-4a68-974c-6b59ae821168-groupManagement] INFO  server.RaftServerConfigKeys (ConfUtils.java:logGet(46)) - raft.server.threadpool.client.cached = true (default)
2024-07-22 09:22:05,054 [8b9937ac-618a-4a68-974c-6b59ae821168-groupManagement] INFO  server.RaftServerConfigKeys (ConfUtils.java:logGet(46)) - raft.server.threadpool.client.size = 0 (default)
2024-07-22 09:22:05,054 [8b9937ac-618a-4a68-974c-6b59ae821168-groupManagement] INFO  server.RaftServerConfigKeys (ConfUtils.java:logGet(46)) - raft.server.storage.free-space.min = 0MB (=0) (default)
2024-07-22 09:22:05,055 [8b9937ac-618a-4a68-974c-6b59ae821168-groupManagement] INFO  server.RaftServerConfigKeys (ConfUtils.java:logGet(46)) - raft.server.log.corruption.policy = EXCEPTION (default)
2024-07-22 09:22:05,055 [1ba5db44-79b5-4f90-beb2-74b6002ac6d7-groupManagement] INFO  server.RaftServerConfigKeys (ConfUtils.java:logGet(46)) - raft.server.rpc.request.timeout = 60s (custom)
2024-07-22 09:22:05,055 [1ba5db44-79b5-4f90-beb2-74b6002ac6d7-groupManagement] INFO  server.RaftServerConfigKeys (ConfUtils.java:logGet(46)) - raft.server.log.appender.install.snapshot.enabled = false (custom)
2024-07-22 09:22:05,055 [1ba5db44-79b5-4f90-beb2-74b6002ac6d7-groupManagement] INFO  server.RaftServerConfigKeys (ConfUtils.java:logGet(46)) - raft.server.threadpool.server.cached = true (default)
2024-07-22 09:22:05,055 [1ba5db44-79b5-4f90-beb2-74b6002ac6d7-groupManagement] INFO  server.RaftServerConfigKeys (ConfUtils.java:logGet(46)) - raft.server.threadpool.server.size = 0 (default)
2024-07-22 09:22:05,055 [1ba5db44-79b5-4f90-beb2-74b6002ac6d7-groupManagement] INFO  server.RaftServerConfigKeys (ConfUtils.java:logGet(46)) - raft.server.threadpool.client.cached = true (default)
2024-07-22 09:22:05,055 [1ba5db44-79b5-4f90-beb2-74b6002ac6d7-groupManagement] INFO  server.RaftServerConfigKeys (ConfUtils.java:logGet(46)) - raft.server.threadpool.client.size = 0 (default)
2024-07-22 09:22:05,056 [1ba5db44-79b5-4f90-beb2-74b6002ac6d7-groupManagement] INFO  server.RaftServerConfigKeys (ConfUtils.java:logGet(46)) - raft.server.storage.free-space.min = 0MB (=0) (default)
2024-07-22 09:22:05,056 [1ba5db44-79b5-4f90-beb2-74b6002ac6d7-groupManagement] INFO  server.RaftServerConfigKeys (ConfUtils.java:logGet(46)) - raft.server.log.corruption.policy = EXCEPTION (default)
2024-07-22 09:22:05,056 [1ba5db44-79b5-4f90-beb2-74b6002ac6d7-groupManagement] INFO  server.RaftServerConfigKeys (ConfUtils.java:logGet(46)) - raft.server.storage.dir = [/home/runner/work/ozone/ozone/hadoop-ozone/integration-test/target/test-dir/MiniOzoneClusterImpl-4478e412-ba5d-49c0-9319-4f1e6a18fdaa/ozone-meta/datanode-2/ratis] (custom)
2024-07-22 09:22:05,056 [1ba5db44-79b5-4f90-beb2-74b6002ac6d7-groupManagement] INFO  storage.RaftStorageDirectory (RaftStorageDirectoryImpl.java:analyzeStorage(138)) - The storage directory /home/runner/work/ozone/ozone/hadoop-ozone/integration-test/target/test-dir/MiniOzoneClusterImpl-4478e412-ba5d-49c0-9319-4f1e6a18fdaa/ozone-meta/datanode-2/ratis/2ede0c02-3d1f-43d6-b275-c7ac607cc480 does not exist. Creating ...
2024-07-22 09:22:05,055 [8b9937ac-618a-4a68-974c-6b59ae821168-groupManagement] INFO  server.RaftServerConfigKeys (ConfUtils.java:logGet(46)) - raft.server.storage.dir = [/home/runner/work/ozone/ozone/hadoop-ozone/integration-test/target/test-dir/MiniOzoneClusterImpl-4478e412-ba5d-49c0-9319-4f1e6a18fdaa/ozone-meta/datanode-3/ratis] (custom)
2024-07-22 09:22:05,056 [8b9937ac-618a-4a68-974c-6b59ae821168-groupManagement] INFO  storage.RaftStorageDirectory (RaftStorageDirectoryImpl.java:analyzeStorage(138)) - The storage directory /home/runner/work/ozone/ozone/hadoop-ozone/integration-test/target/test-dir/MiniOzoneClusterImpl-4478e412-ba5d-49c0-9319-4f1e6a18fdaa/ozone-meta/datanode-3/ratis/2ede0c02-3d1f-43d6-b275-c7ac607cc480 does not exist. Creating ...
2024-07-22 09:22:05,058 [8b9937ac-618a-4a68-974c-6b59ae821168-groupManagement] INFO  storage.RaftStorageDirectory (RaftStorageDirectoryImpl.java:tryLock(229)) - Lock on /home/runner/work/ozone/ozone/hadoop-ozone/integration-test/target/test-dir/MiniOzoneClusterImpl-4478e412-ba5d-49c0-9319-4f1e6a18fdaa/ozone-meta/datanode-3/ratis/2ede0c02-3d1f-43d6-b275-c7ac607cc480/in_use.lock acquired by nodename 55069@fv-az1018-685
2024-07-22 09:22:05,059 [1ba5db44-79b5-4f90-beb2-74b6002ac6d7-groupManagement] INFO  storage.RaftStorageDirectory (RaftStorageDirectoryImpl.java:tryLock(229)) - Lock on /home/runner/work/ozone/ozone/hadoop-ozone/integration-test/target/test-dir/MiniOzoneClusterImpl-4478e412-ba5d-49c0-9319-4f1e6a18fdaa/ozone-meta/datanode-2/ratis/2ede0c02-3d1f-43d6-b275-c7ac607cc480/in_use.lock acquired by nodename 55069@fv-az1018-685
2024-07-22 09:22:05,060 [8b9937ac-618a-4a68-974c-6b59ae821168-groupManagement] INFO  storage.RaftStorage (RaftStorageImpl.java:format(98)) - Storage directory /home/runner/work/ozone/ozone/hadoop-ozone/integration-test/target/test-dir/MiniOzoneClusterImpl-4478e412-ba5d-49c0-9319-4f1e6a18fdaa/ozone-meta/datanode-3/ratis/2ede0c02-3d1f-43d6-b275-c7ac607cc480 has been successfully formatted.
2024-07-22 09:22:05,060 [8b9937ac-618a-4a68-974c-6b59ae821168-groupManagement] INFO  ratis.ContainerStateMachine (ContainerStateMachine.java:loadSnapshot(287)) - group-C7AC607CC480: The snapshot info is null. Setting the last applied index to:(t:0, i:~)
2024-07-22 09:22:05,061 [8b9937ac-618a-4a68-974c-6b59ae821168-groupManagement] INFO  server.RaftServerConfigKeys (ConfUtils.java:logGet(46)) - raft.server.log.use.memory = false (default)
2024-07-22 09:22:05,063 [8b9937ac-618a-4a68-974c-6b59ae821168-groupManagement] INFO  server.RaftServerConfigKeys (ConfUtils.java:logGet(46)) - raft.server.log.purge.gap = 1000000 (custom)
2024-07-22 09:22:05,063 [8b9937ac-618a-4a68-974c-6b59ae821168-groupManagement] INFO  server.RaftServerConfigKeys (ConfUtils.java:logGet(46)) - raft.server.log.appender.buffer.byte-limit = 8388608 (custom)
2024-07-22 09:22:05,063 [8b9937ac-618a-4a68-974c-6b59ae821168-groupManagement] INFO  server.RaftServerConfigKeys (ConfUtils.java:logGet(46)) - raft.server.log.statemachine.data.read.timeout = 1000ms (default)
2024-07-22 09:22:05,064 [8b9937ac-618a-4a68-974c-6b59ae821168-groupManagement] INFO  server.RaftServerConfigKeys (ConfUtils.java:logGet(46)) - raft.server.log.purge.preservation.log.num = 0 (default)
2024-07-22 09:22:05,065 [1ba5db44-79b5-4f90-beb2-74b6002ac6d7-groupManagement] INFO  storage.RaftStorage (RaftStorageImpl.java:format(98)) - Storage directory /home/runner/work/ozone/ozone/hadoop-ozone/integration-test/target/test-dir/MiniOzoneClusterImpl-4478e412-ba5d-49c0-9319-4f1e6a18fdaa/ozone-meta/datanode-2/ratis/2ede0c02-3d1f-43d6-b275-c7ac607cc480 has been successfully formatted.
2024-07-22 09:22:05,065 [8b9937ac-618a-4a68-974c-6b59ae821168-groupManagement] INFO  server.RaftServerConfigKeys (ConfUtils.java:logGet(46)) - raft.server.log.segment.size.max = 67108864 (custom)
2024-07-22 09:22:05,066 [8b9937ac-618a-4a68-974c-6b59ae821168-groupManagement] INFO  server.RaftServerConfigKeys (ConfUtils.java:logGet(46)) - raft.server.log.segment.cache.num.max = 2 (custom)
2024-07-22 09:22:05,066 [8b9937ac-618a-4a68-974c-6b59ae821168-groupManagement] INFO  server.RaftServerConfigKeys (ConfUtils.java:logGet(46)) - raft.server.log.segment.cache.size.max = 200MB (=209715200) (default)
2024-07-22 09:22:05,066 [8b9937ac-618a-4a68-974c-6b59ae821168-groupManagement] INFO  server.RaftServerConfigKeys (ConfUtils.java:logGet(46)) - raft.server.log.appender.buffer.byte-limit = 8388608 (custom)
2024-07-22 09:22:05,066 [8b9937ac-618a-4a68-974c-6b59ae821168-groupManagement] INFO  util.AwaitToRun (AwaitToRun.java:start(81)) - Thread[8b9937ac-618a-4a68-974c-6b59ae821168@group-C7AC607CC480-cacheEviction-AwaitToRun,5,main] started
2024-07-22 09:22:05,066 [8b9937ac-618a-4a68-974c-6b59ae821168-groupManagement] INFO  segmented.SegmentedRaftLogWorker (SegmentedRaftLogWorker.java:<init>(184)) - new 8b9937ac-618a-4a68-974c-6b59ae821168@group-C7AC607CC480-SegmentedRaftLogWorker for RaftStorageImpl:Storage Directory /home/runner/work/ozone/ozone/hadoop-ozone/integration-test/target/test-dir/MiniOzoneClusterImpl-4478e412-ba5d-49c0-9319-4f1e6a18fdaa/ozone-meta/datanode-3/ratis/2ede0c02-3d1f-43d6-b275-c7ac607cc480
2024-07-22 09:22:05,066 [8b9937ac-618a-4a68-974c-6b59ae821168-groupManagement] INFO  server.RaftServerConfigKeys (ConfUtils.java:logGet(46)) - raft.server.log.queue.byte-limit = 4294967296 (custom)
2024-07-22 09:22:05,066 [8b9937ac-618a-4a68-974c-6b59ae821168-groupManagement] INFO  server.RaftServerConfigKeys (ConfUtils.java:logGet(46)) - raft.server.log.queue.element-limit = 1024 (custom)
2024-07-22 09:22:05,066 [8b9937ac-618a-4a68-974c-6b59ae821168-groupManagement] INFO  server.RaftServerConfigKeys (ConfUtils.java:logGet(46)) - raft.server.log.segment.size.max = 67108864 (custom)
2024-07-22 09:22:05,066 [8b9937ac-618a-4a68-974c-6b59ae821168-groupManagement] INFO  server.RaftServerConfigKeys (ConfUtils.java:logGet(46)) - raft.server.log.preallocated.size = 4194304 (custom)
2024-07-22 09:22:05,067 [8b9937ac-618a-4a68-974c-6b59ae821168-groupManagement] INFO  server.RaftServerConfigKeys (ConfUtils.java:logGet(46)) - raft.server.log.force.sync.num = 128 (default)
2024-07-22 09:22:05,067 [8b9937ac-618a-4a68-974c-6b59ae821168-groupManagement] INFO  server.RaftServerConfigKeys (ConfUtils.java:logGet(46)) - raft.server.log.statemachine.data.sync = true (default)
2024-07-22 09:22:05,067 [8b9937ac-618a-4a68-974c-6b59ae821168-groupManagement] INFO  server.RaftServerConfigKeys (ConfUtils.java:logGet(46)) - raft.server.log.statemachine.data.sync.timeout = 10s (default)
2024-07-22 09:22:05,067 [8b9937ac-618a-4a68-974c-6b59ae821168-groupManagement] INFO  server.RaftServerConfigKeys (ConfUtils.java:logGet(46)) - raft.server.log.statemachine.data.sync.timeout.retry = 30 (custom)
2024-07-22 09:22:05,067 [8b9937ac-618a-4a68-974c-6b59ae821168-groupManagement] INFO  server.RaftServerConfigKeys (ConfUtils.java:logGet(46)) - raft.server.log.write.buffer.size = 8388616 (custom)
2024-07-22 09:22:05,070 [8b9937ac-618a-4a68-974c-6b59ae821168-groupManagement] INFO  server.RaftServerConfigKeys (ConfUtils.java:logGet(46)) - raft.server.log.appender.buffer.byte-limit = 8388608 (custom)
2024-07-22 09:22:05,070 [8b9937ac-618a-4a68-974c-6b59ae821168-groupManagement] INFO  server.RaftServerConfigKeys (ConfUtils.java:logGet(46)) - raft.server.log.unsafe-flush.enabled = false (default)
2024-07-22 09:22:05,070 [8b9937ac-618a-4a68-974c-6b59ae821168-groupManagement] INFO  server.RaftServerConfigKeys (ConfUtils.java:logGet(46)) - raft.server.log.async-flush.enabled = false (default)
2024-07-22 09:22:05,070 [8b9937ac-618a-4a68-974c-6b59ae821168-groupManagement] INFO  server.RaftServerConfigKeys (ConfUtils.java:logGet(46)) - raft.server.log.statemachine.data.caching.enabled = true (custom)
2024-07-22 09:22:05,070 [1ba5db44-79b5-4f90-beb2-74b6002ac6d7-groupManagement] INFO  ratis.ContainerStateMachine (ContainerStateMachine.java:loadSnapshot(287)) - group-C7AC607CC480: The snapshot info is null. Setting the last applied index to:(t:0, i:~)
2024-07-22 09:22:05,071 [main] INFO  ozone.MiniOzoneClusterImpl (MiniOzoneClusterImpl.java:lambda$waitForClusterToBeReady$0(194)) - Nodes are ready. Got 3 of 3 DN Heartbeats.
2024-07-22 09:22:05,071 [main] INFO  ozone.MiniOzoneClusterImpl (MiniOzoneClusterImpl.java:lambda$waitForClusterToBeReady$0(197)) - Waiting for cluster to exit safe mode
2024-07-22 09:22:05,071 [main] INFO  ozone.MiniOzoneClusterImpl (MiniOzoneClusterImpl.java:lambda$waitForClusterToBeReady$0(199)) - SCM became leader
2024-07-22 09:22:05,071 [1ba5db44-79b5-4f90-beb2-74b6002ac6d7-groupManagement] INFO  server.RaftServerConfigKeys (ConfUtils.java:logGet(46)) - raft.server.log.use.memory = false (default)
2024-07-22 09:22:05,071 [EventQueue-OpenPipelineForHealthyPipelineSafeModeRule] INFO  safemode.SCMSafeModeManager (HealthyPipelineSafeModeRule.java:process(140)) - SCM in safe mode. Healthy pipelines reported count is 0, required healthy pipeline reported count is 1
2024-07-22 09:22:05,072 [1ba5db44-79b5-4f90-beb2-74b6002ac6d7-groupManagement] INFO  server.RaftServerConfigKeys (ConfUtils.java:logGet(46)) - raft.server.log.purge.gap = 1000000 (custom)
2024-07-22 09:22:05,073 [1ba5db44-79b5-4f90-beb2-74b6002ac6d7-groupManagement] INFO  server.RaftServerConfigKeys (ConfUtils.java:logGet(46)) - raft.server.log.appender.buffer.byte-limit = 8388608 (custom)
2024-07-22 09:22:05,072 [8b9937ac-618a-4a68-974c-6b59ae821168-groupManagement] INFO  segmented.SegmentedRaftLogWorker (SegmentedRaftLogWorker.java:lambda$new$0(135)) - 8b9937ac-618a-4a68-974c-6b59ae821168@group-C7AC607CC480-SegmentedRaftLogWorker: flushIndex: setUnconditionally 0 -> -1
2024-07-22 09:22:05,073 [8b9937ac-618a-4a68-974c-6b59ae821168-groupManagement] INFO  segmented.SegmentedRaftLogWorker (SegmentedRaftLogWorker.java:lambda$new$0(135)) - 8b9937ac-618a-4a68-974c-6b59ae821168@group-C7AC607CC480-SegmentedRaftLogWorker: safeCacheEvictIndex: setUnconditionally 0 -> -1
2024-07-22 09:22:05,073 [1ba5db44-79b5-4f90-beb2-74b6002ac6d7-groupManagement] INFO  server.RaftServerConfigKeys (ConfUtils.java:logGet(46)) - raft.server.log.statemachine.data.read.timeout = 1000ms (default)
2024-07-22 09:22:05,073 [1ba5db44-79b5-4f90-beb2-74b6002ac6d7-groupManagement] INFO  server.RaftServerConfigKeys (ConfUtils.java:logGet(46)) - raft.server.log.purge.preservation.log.num = 0 (default)
2024-07-22 09:22:05,073 [8b9937ac-618a-4a68-974c-6b59ae821168-PipelineCommandHandlerThread-0] INFO  server.RaftServer (RaftServerProxy.java:addNew(101)) - 8b9937ac-618a-4a68-974c-6b59ae821168: addNew group-A411080B45C1:[8b9937ac-618a-4a68-974c-6b59ae821168|127.0.0.1:15032] returns group-A411080B45C1:java.util.concurrent.CompletableFuture@1e12723e[Not completed]
2024-07-22 09:22:05,077 [8b9937ac-618a-4a68-974c-6b59ae821168-groupManagement] INFO  server.RaftServer$Division (RaftServerImpl.java:start(389)) - 8b9937ac-618a-4a68-974c-6b59ae821168@group-C7AC607CC480: start as a follower, conf=conf: {index: -1, cur=peers:[1ba5db44-79b5-4f90-beb2-74b6002ac6d7|127.0.0.1:15023, ad117ebe-3568-403d-bc57-6f7f1929bcc4|127.0.0.1:15014, 8b9937ac-618a-4a68-974c-6b59ae821168|127.0.0.1:15032]|listeners:[], old=null}
2024-07-22 09:22:05,077 [8b9937ac-618a-4a68-974c-6b59ae821168-groupManagement] INFO  server.RaftServer$Division (RaftServerImpl.java:setRole(376)) - 8b9937ac-618a-4a68-974c-6b59ae821168@group-C7AC607CC480: changes role from      null to FOLLOWER at term 0 for startAsFollower
2024-07-22 09:22:05,077 [8b9937ac-618a-4a68-974c-6b59ae821168-groupManagement] INFO  impl.RoleInfo (RoleInfo.java:updateAndGet(148)) - 8b9937ac-618a-4a68-974c-6b59ae821168: start 8b9937ac-618a-4a68-974c-6b59ae821168@group-C7AC607CC480-FollowerState
2024-07-22 09:22:05,078 [1ba5db44-79b5-4f90-beb2-74b6002ac6d7-groupManagement] INFO  server.RaftServerConfigKeys (ConfUtils.java:logGet(46)) - raft.server.log.segment.size.max = 67108864 (custom)
2024-07-22 09:22:05,080 [1ba5db44-79b5-4f90-beb2-74b6002ac6d7-groupManagement] INFO  server.RaftServerConfigKeys (ConfUtils.java:logGet(46)) - raft.server.log.segment.cache.num.max = 2 (custom)
2024-07-22 09:22:05,080 [1ba5db44-79b5-4f90-beb2-74b6002ac6d7-groupManagement] INFO  server.RaftServerConfigKeys (ConfUtils.java:logGet(46)) - raft.server.log.segment.cache.size.max = 200MB (=209715200) (default)
2024-07-22 09:22:05,080 [1ba5db44-79b5-4f90-beb2-74b6002ac6d7-groupManagement] INFO  server.RaftServerConfigKeys (ConfUtils.java:logGet(46)) - raft.server.log.appender.buffer.byte-limit = 8388608 (custom)
2024-07-22 09:22:05,080 [8b9937ac-618a-4a68-974c-6b59ae821168-groupManagement] INFO  util.JmxRegister (JmxRegister.java:tryRegister(44)) - Successfully registered JMX Bean with object name Ratis:service=RaftServer,group=group-C7AC607CC480,id=8b9937ac-618a-4a68-974c-6b59ae821168
2024-07-22 09:22:05,081 [8b9937ac-618a-4a68-974c-6b59ae821168-groupManagement] INFO  util.JmxRegister (JmxRegister.java:register(58)) - register mxBean class org.apache.ratis.server.impl.RaftServerJmxAdapter as Ratis:service=RaftServer,group=group-C7AC607CC480,id=8b9937ac-618a-4a68-974c-6b59ae821168
2024-07-22 09:22:05,081 [8b9937ac-618a-4a68-974c-6b59ae821168-groupManagement] INFO  server.RaftServerConfigKeys (ConfUtils.java:logGet(46)) - raft.server.snapshot.trigger-when-stop.enabled = true (default)
2024-07-22 09:22:05,081 [8b9937ac-618a-4a68-974c-6b59ae821168-groupManagement] INFO  server.RaftServerConfigKeys (ConfUtils.java:logGet(46)) - raft.server.snapshot.trigger-when-remove.enabled = true (default)
2024-07-22 09:22:05,081 [8b9937ac-618a-4a68-974c-6b59ae821168-groupManagement] INFO  server.RaftServerConfigKeys (ConfUtils.java:logGet(46)) - raft.server.snapshot.auto.trigger.enabled = true (custom)
2024-07-22 09:22:05,081 [8b9937ac-618a-4a68-974c-6b59ae821168-groupManagement] INFO  server.RaftServerConfigKeys (ConfUtils.java:logGet(46)) - raft.server.snapshot.auto.trigger.threshold = 10000 (custom)
2024-07-22 09:22:05,081 [8b9937ac-618a-4a68-974c-6b59ae821168-groupManagement] INFO  server.RaftServerConfigKeys (ConfUtils.java:logGet(46)) - raft.server.snapshot.retention.file.num = 5 (custom)
2024-07-22 09:22:05,081 [8b9937ac-618a-4a68-974c-6b59ae821168-groupManagement] INFO  server.RaftServerConfigKeys (ConfUtils.java:logGet(46)) - raft.server.log.purge.upto.snapshot.index = false (default)
2024-07-22 09:22:05,081 [8b9937ac-618a-4a68-974c-6b59ae821168@group-C7AC607CC480-FollowerState] INFO  server.RaftServerConfigKeys (ConfUtils.java:logFallback(53)) - raft.server.rpc.first-election.timeout.min = 5s (fallback to raft.server.rpc.timeout.min)
2024-07-22 09:22:05,081 [8b9937ac-618a-4a68-974c-6b59ae821168@group-C7AC607CC480-FollowerState] INFO  server.RaftServerConfigKeys (ConfUtils.java:logFallback(53)) - raft.server.rpc.first-election.timeout.max = 5200ms (fallback to raft.server.rpc.timeout.max)
2024-07-22 09:22:05,082 [1ba5db44-79b5-4f90-beb2-74b6002ac6d7-groupManagement] INFO  util.AwaitToRun (AwaitToRun.java:start(81)) - Thread[1ba5db44-79b5-4f90-beb2-74b6002ac6d7@group-C7AC607CC480-cacheEviction-AwaitToRun,5,main] started
2024-07-22 09:22:05,082 [1ba5db44-79b5-4f90-beb2-74b6002ac6d7-groupManagement] INFO  segmented.SegmentedRaftLogWorker (SegmentedRaftLogWorker.java:<init>(184)) - new 1ba5db44-79b5-4f90-beb2-74b6002ac6d7@group-C7AC607CC480-SegmentedRaftLogWorker for RaftStorageImpl:Storage Directory /home/runner/work/ozone/ozone/hadoop-ozone/integration-test/target/test-dir/MiniOzoneClusterImpl-4478e412-ba5d-49c0-9319-4f1e6a18fdaa/ozone-meta/datanode-2/ratis/2ede0c02-3d1f-43d6-b275-c7ac607cc480
2024-07-22 09:22:05,083 [1ba5db44-79b5-4f90-beb2-74b6002ac6d7-groupManagement] INFO  server.RaftServerConfigKeys (ConfUtils.java:logGet(46)) - raft.server.log.queue.byte-limit = 4294967296 (custom)
2024-07-22 09:22:05,084 [1ba5db44-79b5-4f90-beb2-74b6002ac6d7-groupManagement] INFO  server.RaftServerConfigKeys (ConfUtils.java:logGet(46)) - raft.server.log.queue.element-limit = 1024 (custom)
2024-07-22 09:22:05,084 [1ba5db44-79b5-4f90-beb2-74b6002ac6d7-groupManagement] INFO  server.RaftServerConfigKeys (ConfUtils.java:logGet(46)) - raft.server.log.segment.size.max = 67108864 (custom)
2024-07-22 09:22:05,084 [1ba5db44-79b5-4f90-beb2-74b6002ac6d7-groupManagement] INFO  server.RaftServerConfigKeys (ConfUtils.java:logGet(46)) - raft.server.log.preallocated.size = 4194304 (custom)
2024-07-22 09:22:05,084 [1ba5db44-79b5-4f90-beb2-74b6002ac6d7-groupManagement] INFO  server.RaftServerConfigKeys (ConfUtils.java:logGet(46)) - raft.server.log.force.sync.num = 128 (default)
2024-07-22 09:22:05,084 [1ba5db44-79b5-4f90-beb2-74b6002ac6d7-groupManagement] INFO  server.RaftServerConfigKeys (ConfUtils.java:logGet(46)) - raft.server.log.statemachine.data.sync = true (default)
2024-07-22 09:22:05,084 [1ba5db44-79b5-4f90-beb2-74b6002ac6d7-groupManagement] INFO  server.RaftServerConfigKeys (ConfUtils.java:logGet(46)) - raft.server.log.statemachine.data.sync.timeout = 10s (default)
2024-07-22 09:22:05,085 [1ba5db44-79b5-4f90-beb2-74b6002ac6d7-groupManagement] INFO  server.RaftServerConfigKeys (ConfUtils.java:logGet(46)) - raft.server.log.statemachine.data.sync.timeout.retry = 30 (custom)
2024-07-22 09:22:05,086 [1ba5db44-79b5-4f90-beb2-74b6002ac6d7-groupManagement] INFO  server.RaftServerConfigKeys (ConfUtils.java:logGet(46)) - raft.server.log.write.buffer.size = 8388616 (custom)
2024-07-22 09:22:05,087 [8b9937ac-618a-4a68-974c-6b59ae821168-groupManagement] INFO  server.RaftServer$Division (RaftServerImpl.java:<init>(253)) - 8b9937ac-618a-4a68-974c-6b59ae821168: new RaftServerImpl for group-A411080B45C1:[8b9937ac-618a-4a68-974c-6b59ae821168|127.0.0.1:15032] with ContainerStateMachine:uninitialized
2024-07-22 09:22:05,087 [8b9937ac-618a-4a68-974c-6b59ae821168-groupManagement] INFO  server.RaftServerConfigKeys (ConfUtils.java:logGet(46)) - raft.server.rpc.timeout.min = 5s (custom)
2024-07-22 09:22:05,087 [8b9937ac-618a-4a68-974c-6b59ae821168-groupManagement] INFO  server.RaftServerConfigKeys (ConfUtils.java:logGet(46)) - raft.server.rpc.timeout.max = 5200ms (custom)
2024-07-22 09:22:05,088 [8b9937ac-618a-4a68-974c-6b59ae821168-groupManagement] INFO  server.RaftServerConfigKeys (ConfUtils.java:logGet(46)) - raft.server.rpc.sleep.time = 25ms (default)
2024-07-22 09:22:05,088 [8b9937ac-618a-4a68-974c-6b59ae821168-groupManagement] INFO  server.RaftServerConfigKeys (ConfUtils.java:logGet(46)) - raft.server.rpc.slowness.timeout = 300s (custom)
2024-07-22 09:22:05,088 [8b9937ac-618a-4a68-974c-6b59ae821168-groupManagement] INFO  server.RaftServerConfigKeys (ConfUtils.java:logGet(46)) - raft.server.leaderelection.leader.step-down.wait-time = 10s (default)
2024-07-22 09:22:05,088 [8b9937ac-618a-4a68-974c-6b59ae821168-groupManagement] INFO  server.RaftServerConfigKeys (ConfUtils.java:logGet(46)) - raft.server.leaderelection.member.majority-add = false (default)
2024-07-22 09:22:05,088 [8b9937ac-618a-4a68-974c-6b59ae821168-groupManagement] INFO  server.RaftServerConfigKeys (ConfUtils.java:logGet(46)) - raft.server.sleep.deviation.threshold = 300ms (default)
2024-07-22 09:22:05,088 [8b9937ac-618a-4a68-974c-6b59ae821168-groupManagement] INFO  server.RaftServer$Division (ServerState.java:<init>(114)) - 8b9937ac-618a-4a68-974c-6b59ae821168@group-A411080B45C1: ConfigurationManager, init=conf: {index: -1, cur=peers:[8b9937ac-618a-4a68-974c-6b59ae821168|127.0.0.1:15032]|listeners:[], old=null}, confs=<EMPTY_MAP>
2024-07-22 09:22:05,088 [8b9937ac-618a-4a68-974c-6b59ae821168-groupManagement] INFO  server.RaftServerConfigKeys (ConfUtils.java:logGet(46)) - raft.server.notification.no-leader.timeout = 300s (custom)
2024-07-22 09:22:05,088 [8b9937ac-618a-4a68-974c-6b59ae821168-groupManagement] INFO  server.RaftServerConfigKeys (ConfUtils.java:logGet(46)) - raft.server.read.timeout = 10s (default)
2024-07-22 09:22:05,088 [8b9937ac-618a-4a68-974c-6b59ae821168-groupManagement] INFO  server.RaftServerConfigKeys (ConfUtils.java:logGet(46)) - raft.server.retrycache.expirytime = 600000ms (custom)
2024-07-22 09:22:05,088 [8b9937ac-618a-4a68-974c-6b59ae821168-groupManagement] INFO  server.RaftServerConfigKeys (ConfUtils.java:logGet(46)) - raft.server.retrycache.statistics.expirytime = 100ms (default)
2024-07-22 09:22:05,088 [8b9937ac-618a-4a68-974c-6b59ae821168-groupManagement] INFO  server.RaftServerConfigKeys (ConfUtils.java:logGet(46)) - raft.server.read.option = DEFAULT (default)
2024-07-22 09:22:05,088 [8b9937ac-618a-4a68-974c-6b59ae821168-groupManagement] INFO  server.RaftServerConfigKeys (ConfUtils.java:logGet(46)) - raft.server.read.read-after-write-consistent.write-index-cache.expiry-time = 60s (default)
2024-07-22 09:22:05,092 [8b9937ac-618a-4a68-974c-6b59ae821168-groupManagement] INFO  server.RaftServerConfigKeys (ConfUtils.java:logGet(46)) - raft.server.rpc.request.timeout = 60s (custom)
2024-07-22 09:22:05,092 [8b9937ac-618a-4a68-974c-6b59ae821168-groupManagement] INFO  server.RaftServerConfigKeys (ConfUtils.java:logGet(46)) - raft.server.log.appender.install.snapshot.enabled = false (custom)
2024-07-22 09:22:05,092 [8b9937ac-618a-4a68-974c-6b59ae821168-groupManagement] INFO  server.RaftServerConfigKeys (ConfUtils.java:logGet(46)) - raft.server.threadpool.server.cached = true (default)
2024-07-22 09:22:05,092 [8b9937ac-618a-4a68-974c-6b59ae821168-groupManagement] INFO  server.RaftServerConfigKeys (ConfUtils.java:logGet(46)) - raft.server.threadpool.server.size = 0 (default)
2024-07-22 09:22:05,092 [8b9937ac-618a-4a68-974c-6b59ae821168-groupManagement] INFO  server.RaftServerConfigKeys (ConfUtils.java:logGet(46)) - raft.server.threadpool.client.cached = true (default)
2024-07-22 09:22:05,092 [8b9937ac-618a-4a68-974c-6b59ae821168-groupManagement] INFO  server.RaftServerConfigKeys (ConfUtils.java:logGet(46)) - raft.server.threadpool.client.size = 0 (default)
2024-07-22 09:22:05,093 [8b9937ac-618a-4a68-974c-6b59ae821168-groupManagement] INFO  server.RaftServerConfigKeys (ConfUtils.java:logGet(46)) - raft.server.storage.free-space.min = 0MB (=0) (default)
2024-07-22 09:22:05,093 [8b9937ac-618a-4a68-974c-6b59ae821168-groupManagement] INFO  server.RaftServerConfigKeys (ConfUtils.java:logGet(46)) - raft.server.log.corruption.policy = EXCEPTION (default)
2024-07-22 09:22:05,093 [8b9937ac-618a-4a68-974c-6b59ae821168-groupManagement] INFO  server.RaftServerConfigKeys (ConfUtils.java:logGet(46)) - raft.server.storage.dir = [/home/runner/work/ozone/ozone/hadoop-ozone/integration-test/target/test-dir/MiniOzoneClusterImpl-4478e412-ba5d-49c0-9319-4f1e6a18fdaa/ozone-meta/datanode-3/ratis] (custom)
2024-07-22 09:22:05,093 [8b9937ac-618a-4a68-974c-6b59ae821168-groupManagement] INFO  storage.RaftStorageDirectory (RaftStorageDirectoryImpl.java:analyzeStorage(138)) - The storage directory /home/runner/work/ozone/ozone/hadoop-ozone/integration-test/target/test-dir/MiniOzoneClusterImpl-4478e412-ba5d-49c0-9319-4f1e6a18fdaa/ozone-meta/datanode-3/ratis/56f34a69-2e3c-4b62-a16a-a411080b45c1 does not exist. Creating ...
2024-07-22 09:22:05,096 [1ba5db44-79b5-4f90-beb2-74b6002ac6d7-groupManagement] INFO  server.RaftServerConfigKeys (ConfUtils.java:logGet(46)) - raft.server.log.appender.buffer.byte-limit = 8388608 (custom)
2024-07-22 09:22:05,096 [1ba5db44-79b5-4f90-beb2-74b6002ac6d7-groupManagement] INFO  server.RaftServerConfigKeys (ConfUtils.java:logGet(46)) - raft.server.log.unsafe-flush.enabled = false (default)
2024-07-22 09:22:05,096 [1ba5db44-79b5-4f90-beb2-74b6002ac6d7-groupManagement] INFO  server.RaftServerConfigKeys (ConfUtils.java:logGet(46)) - raft.server.log.async-flush.enabled = false (default)
2024-07-22 09:22:05,096 [1ba5db44-79b5-4f90-beb2-74b6002ac6d7-groupManagement] INFO  server.RaftServerConfigKeys (ConfUtils.java:logGet(46)) - raft.server.log.statemachine.data.caching.enabled = true (custom)
2024-07-22 09:22:05,096 [1ba5db44-79b5-4f90-beb2-74b6002ac6d7-groupManagement] INFO  segmented.SegmentedRaftLogWorker (SegmentedRaftLogWorker.java:lambda$new$0(135)) - 1ba5db44-79b5-4f90-beb2-74b6002ac6d7@group-C7AC607CC480-SegmentedRaftLogWorker: flushIndex: setUnconditionally 0 -> -1
2024-07-22 09:22:05,096 [1ba5db44-79b5-4f90-beb2-74b6002ac6d7-groupManagement] INFO  segmented.SegmentedRaftLogWorker (SegmentedRaftLogWorker.java:lambda$new$0(135)) - 1ba5db44-79b5-4f90-beb2-74b6002ac6d7@group-C7AC607CC480-SegmentedRaftLogWorker: safeCacheEvictIndex: setUnconditionally 0 -> -1
2024-07-22 09:22:05,097 [8b9937ac-618a-4a68-974c-6b59ae821168-groupManagement] INFO  storage.RaftStorageDirectory (RaftStorageDirectoryImpl.java:tryLock(229)) - Lock on /home/runner/work/ozone/ozone/hadoop-ozone/integration-test/target/test-dir/MiniOzoneClusterImpl-4478e412-ba5d-49c0-9319-4f1e6a18fdaa/ozone-meta/datanode-3/ratis/56f34a69-2e3c-4b62-a16a-a411080b45c1/in_use.lock acquired by nodename 55069@fv-az1018-685
2024-07-22 09:22:05,098 [8b9937ac-618a-4a68-974c-6b59ae821168-groupManagement] INFO  storage.RaftStorage (RaftStorageImpl.java:format(98)) - Storage directory /home/runner/work/ozone/ozone/hadoop-ozone/integration-test/target/test-dir/MiniOzoneClusterImpl-4478e412-ba5d-49c0-9319-4f1e6a18fdaa/ozone-meta/datanode-3/ratis/56f34a69-2e3c-4b62-a16a-a411080b45c1 has been successfully formatted.
2024-07-22 09:22:05,099 [8b9937ac-618a-4a68-974c-6b59ae821168-groupManagement] INFO  ratis.ContainerStateMachine (ContainerStateMachine.java:loadSnapshot(287)) - group-A411080B45C1: The snapshot info is null. Setting the last applied index to:(t:0, i:~)
2024-07-22 09:22:05,099 [8b9937ac-618a-4a68-974c-6b59ae821168-groupManagement] INFO  server.RaftServerConfigKeys (ConfUtils.java:logGet(46)) - raft.server.log.use.memory = false (default)
2024-07-22 09:22:05,099 [8b9937ac-618a-4a68-974c-6b59ae821168-groupManagement] INFO  server.RaftServerConfigKeys (ConfUtils.java:logGet(46)) - raft.server.log.purge.gap = 1000000 (custom)
2024-07-22 09:22:05,099 [8b9937ac-618a-4a68-974c-6b59ae821168-groupManagement] INFO  server.RaftServerConfigKeys (ConfUtils.java:logGet(46)) - raft.server.log.appender.buffer.byte-limit = 8388608 (custom)
2024-07-22 09:22:05,099 [8b9937ac-618a-4a68-974c-6b59ae821168-groupManagement] INFO  server.RaftServerConfigKeys (ConfUtils.java:logGet(46)) - raft.server.log.statemachine.data.read.timeout = 1000ms (default)
2024-07-22 09:22:05,099 [8b9937ac-618a-4a68-974c-6b59ae821168-groupManagement] INFO  server.RaftServerConfigKeys (ConfUtils.java:logGet(46)) - raft.server.log.purge.preservation.log.num = 0 (default)
2024-07-22 09:22:05,101 [8b9937ac-618a-4a68-974c-6b59ae821168-groupManagement] INFO  server.RaftServerConfigKeys (ConfUtils.java:logGet(46)) - raft.server.log.segment.size.max = 67108864 (custom)
2024-07-22 09:22:05,101 [8b9937ac-618a-4a68-974c-6b59ae821168-groupManagement] INFO  server.RaftServerConfigKeys (ConfUtils.java:logGet(46)) - raft.server.log.segment.cache.num.max = 2 (custom)
2024-07-22 09:22:05,101 [8b9937ac-618a-4a68-974c-6b59ae821168-groupManagement] INFO  server.RaftServerConfigKeys (ConfUtils.java:logGet(46)) - raft.server.log.segment.cache.size.max = 200MB (=209715200) (default)
2024-07-22 09:22:05,101 [8b9937ac-618a-4a68-974c-6b59ae821168-groupManagement] INFO  server.RaftServerConfigKeys (ConfUtils.java:logGet(46)) - raft.server.log.appender.buffer.byte-limit = 8388608 (custom)
2024-07-22 09:22:05,102 [1ba5db44-79b5-4f90-beb2-74b6002ac6d7-groupManagement] INFO  server.RaftServer$Division (RaftServerImpl.java:start(389)) - 1ba5db44-79b5-4f90-beb2-74b6002ac6d7@group-C7AC607CC480: start as a follower, conf=conf: {index: -1, cur=peers:[1ba5db44-79b5-4f90-beb2-74b6002ac6d7|127.0.0.1:15023, ad117ebe-3568-403d-bc57-6f7f1929bcc4|127.0.0.1:15014, 8b9937ac-618a-4a68-974c-6b59ae821168|127.0.0.1:15032]|listeners:[], old=null}
2024-07-22 09:22:05,102 [1ba5db44-79b5-4f90-beb2-74b6002ac6d7-groupManagement] INFO  server.RaftServer$Division (RaftServerImpl.java:setRole(376)) - 1ba5db44-79b5-4f90-beb2-74b6002ac6d7@group-C7AC607CC480: changes role from      null to FOLLOWER at term 0 for startAsFollower
2024-07-22 09:22:05,102 [1ba5db44-79b5-4f90-beb2-74b6002ac6d7-groupManagement] INFO  impl.RoleInfo (RoleInfo.java:updateAndGet(148)) - 1ba5db44-79b5-4f90-beb2-74b6002ac6d7: start 1ba5db44-79b5-4f90-beb2-74b6002ac6d7@group-C7AC607CC480-FollowerState
2024-07-22 09:22:05,102 [1ba5db44-79b5-4f90-beb2-74b6002ac6d7-groupManagement] INFO  util.JmxRegister (JmxRegister.java:tryRegister(44)) - Successfully registered JMX Bean with object name Ratis:service=RaftServer,group=group-C7AC607CC480,id=1ba5db44-79b5-4f90-beb2-74b6002ac6d7
2024-07-22 09:22:05,102 [1ba5db44-79b5-4f90-beb2-74b6002ac6d7-groupManagement] INFO  util.JmxRegister (JmxRegister.java:register(58)) - register mxBean class org.apache.ratis.server.impl.RaftServerJmxAdapter as Ratis:service=RaftServer,group=group-C7AC607CC480,id=1ba5db44-79b5-4f90-beb2-74b6002ac6d7
2024-07-22 09:22:05,103 [1ba5db44-79b5-4f90-beb2-74b6002ac6d7-groupManagement] INFO  server.RaftServerConfigKeys (ConfUtils.java:logGet(46)) - raft.server.snapshot.trigger-when-stop.enabled = true (default)
2024-07-22 09:22:05,103 [1ba5db44-79b5-4f90-beb2-74b6002ac6d7-groupManagement] INFO  server.RaftServerConfigKeys (ConfUtils.java:logGet(46)) - raft.server.snapshot.trigger-when-remove.enabled = true (default)
2024-07-22 09:22:05,103 [1ba5db44-79b5-4f90-beb2-74b6002ac6d7-groupManagement] INFO  server.RaftServerConfigKeys (ConfUtils.java:logGet(46)) - raft.server.snapshot.auto.trigger.enabled = true (custom)
2024-07-22 09:22:05,103 [1ba5db44-79b5-4f90-beb2-74b6002ac6d7-groupManagement] INFO  server.RaftServerConfigKeys (ConfUtils.java:logGet(46)) - raft.server.snapshot.auto.trigger.threshold = 10000 (custom)
2024-07-22 09:22:05,103 [1ba5db44-79b5-4f90-beb2-74b6002ac6d7-groupManagement] INFO  server.RaftServerConfigKeys (ConfUtils.java:logGet(46)) - raft.server.snapshot.retention.file.num = 5 (custom)
2024-07-22 09:22:05,103 [1ba5db44-79b5-4f90-beb2-74b6002ac6d7-groupManagement] INFO  server.RaftServerConfigKeys (ConfUtils.java:logGet(46)) - raft.server.log.purge.upto.snapshot.index = false (default)
2024-07-22 09:22:05,105 [1ba5db44-79b5-4f90-beb2-74b6002ac6d7@group-C7AC607CC480-FollowerState] INFO  server.RaftServerConfigKeys (ConfUtils.java:logFallback(53)) - raft.server.rpc.first-election.timeout.min = 5s (fallback to raft.server.rpc.timeout.min)
2024-07-22 09:22:05,106 [EventQueue-PipelineReportForPipelineReportHandler] INFO  pipeline.PipelineReportHandler (PipelineReportHandler.java:processPipelineReport(136)) - Opened pipeline PipelineID=56f34a69-2e3c-4b62-a16a-a411080b45c1
2024-07-22 09:22:05,106 [EventQueue-OpenPipelineForHealthyPipelineSafeModeRule] INFO  safemode.SCMSafeModeManager (HealthyPipelineSafeModeRule.java:process(140)) - SCM in safe mode. Healthy pipelines reported count is 0, required healthy pipeline reported count is 1
2024-07-22 09:22:05,107 [1ba5db44-79b5-4f90-beb2-74b6002ac6d7@group-C7AC607CC480-FollowerState] INFO  server.RaftServerConfigKeys (ConfUtils.java:logFallback(53)) - raft.server.rpc.first-election.timeout.max = 5200ms (fallback to raft.server.rpc.timeout.max)
2024-07-22 09:22:05,107 [1ba5db44-79b5-4f90-beb2-74b6002ac6d7-PipelineCommandHandlerThread-0] INFO  ratis.XceiverServerRatis (XceiverServerRatis.java:addGroup(849)) - Created group PipelineID=2ede0c02-3d1f-43d6-b275-c7ac607cc480
2024-07-22 09:22:05,107 [8b9937ac-618a-4a68-974c-6b59ae821168-groupManagement] INFO  util.AwaitToRun (AwaitToRun.java:start(81)) - Thread[8b9937ac-618a-4a68-974c-6b59ae821168@group-A411080B45C1-cacheEviction-AwaitToRun,5,main] started
2024-07-22 09:22:05,109 [8b9937ac-618a-4a68-974c-6b59ae821168-groupManagement] INFO  segmented.SegmentedRaftLogWorker (SegmentedRaftLogWorker.java:<init>(184)) - new 8b9937ac-618a-4a68-974c-6b59ae821168@group-A411080B45C1-SegmentedRaftLogWorker for RaftStorageImpl:Storage Directory /home/runner/work/ozone/ozone/hadoop-ozone/integration-test/target/test-dir/MiniOzoneClusterImpl-4478e412-ba5d-49c0-9319-4f1e6a18fdaa/ozone-meta/datanode-3/ratis/56f34a69-2e3c-4b62-a16a-a411080b45c1
2024-07-22 09:22:05,109 [8b9937ac-618a-4a68-974c-6b59ae821168-groupManagement] INFO  server.RaftServerConfigKeys (ConfUtils.java:logGet(46)) - raft.server.log.queue.byte-limit = 4294967296 (custom)
2024-07-22 09:22:05,110 [8b9937ac-618a-4a68-974c-6b59ae821168-groupManagement] INFO  server.RaftServerConfigKeys (ConfUtils.java:logGet(46)) - raft.server.log.queue.element-limit = 1024 (custom)
2024-07-22 09:22:05,110 [8b9937ac-618a-4a68-974c-6b59ae821168-groupManagement] INFO  server.RaftServerConfigKeys (ConfUtils.java:logGet(46)) - raft.server.log.segment.size.max = 67108864 (custom)
2024-07-22 09:22:05,110 [8b9937ac-618a-4a68-974c-6b59ae821168-groupManagement] INFO  server.RaftServerConfigKeys (ConfUtils.java:logGet(46)) - raft.server.log.preallocated.size = 4194304 (custom)
2024-07-22 09:22:05,110 [8b9937ac-618a-4a68-974c-6b59ae821168-groupManagement] INFO  server.RaftServerConfigKeys (ConfUtils.java:logGet(46)) - raft.server.log.force.sync.num = 128 (default)
2024-07-22 09:22:05,110 [8b9937ac-618a-4a68-974c-6b59ae821168-groupManagement] INFO  server.RaftServerConfigKeys (ConfUtils.java:logGet(46)) - raft.server.log.statemachine.data.sync = true (default)
2024-07-22 09:22:05,110 [8b9937ac-618a-4a68-974c-6b59ae821168-groupManagement] INFO  server.RaftServerConfigKeys (ConfUtils.java:logGet(46)) - raft.server.log.statemachine.data.sync.timeout = 10s (default)
2024-07-22 09:22:05,110 [8b9937ac-618a-4a68-974c-6b59ae821168-groupManagement] INFO  server.RaftServerConfigKeys (ConfUtils.java:logGet(46)) - raft.server.log.statemachine.data.sync.timeout.retry = 30 (custom)
2024-07-22 09:22:05,110 [8b9937ac-618a-4a68-974c-6b59ae821168-groupManagement] INFO  server.RaftServerConfigKeys (ConfUtils.java:logGet(46)) - raft.server.log.write.buffer.size = 8388616 (custom)
2024-07-22 09:22:05,113 [8b9937ac-618a-4a68-974c-6b59ae821168-groupManagement] INFO  server.RaftServerConfigKeys (ConfUtils.java:logGet(46)) - raft.server.log.appender.buffer.byte-limit = 8388608 (custom)
2024-07-22 09:22:05,113 [8b9937ac-618a-4a68-974c-6b59ae821168-groupManagement] INFO  server.RaftServerConfigKeys (ConfUtils.java:logGet(46)) - raft.server.log.unsafe-flush.enabled = false (default)
2024-07-22 09:22:05,113 [8b9937ac-618a-4a68-974c-6b59ae821168-groupManagement] INFO  server.RaftServerConfigKeys (ConfUtils.java:logGet(46)) - raft.server.log.async-flush.enabled = false (default)
2024-07-22 09:22:05,113 [8b9937ac-618a-4a68-974c-6b59ae821168-groupManagement] INFO  server.RaftServerConfigKeys (ConfUtils.java:logGet(46)) - raft.server.log.statemachine.data.caching.enabled = true (custom)
2024-07-22 09:22:05,114 [8b9937ac-618a-4a68-974c-6b59ae821168-groupManagement] INFO  segmented.SegmentedRaftLogWorker (SegmentedRaftLogWorker.java:lambda$new$0(135)) - 8b9937ac-618a-4a68-974c-6b59ae821168@group-A411080B45C1-SegmentedRaftLogWorker: flushIndex: setUnconditionally 0 -> -1
2024-07-22 09:22:05,114 [8b9937ac-618a-4a68-974c-6b59ae821168-groupManagement] INFO  segmented.SegmentedRaftLogWorker (SegmentedRaftLogWorker.java:lambda$new$0(135)) - 8b9937ac-618a-4a68-974c-6b59ae821168@group-A411080B45C1-SegmentedRaftLogWorker: safeCacheEvictIndex: setUnconditionally 0 -> -1
2024-07-22 09:22:05,120 [8b9937ac-618a-4a68-974c-6b59ae821168-groupManagement] INFO  server.RaftServer$Division (RaftServerImpl.java:start(389)) - 8b9937ac-618a-4a68-974c-6b59ae821168@group-A411080B45C1: start as a follower, conf=conf: {index: -1, cur=peers:[8b9937ac-618a-4a68-974c-6b59ae821168|127.0.0.1:15032]|listeners:[], old=null}
2024-07-22 09:22:05,120 [8b9937ac-618a-4a68-974c-6b59ae821168-groupManagement] INFO  server.RaftServer$Division (RaftServerImpl.java:setRole(376)) - 8b9937ac-618a-4a68-974c-6b59ae821168@group-A411080B45C1: changes role from      null to FOLLOWER at term 0 for startAsFollower
2024-07-22 09:22:05,121 [8b9937ac-618a-4a68-974c-6b59ae821168-groupManagement] INFO  impl.RoleInfo (RoleInfo.java:updateAndGet(148)) - 8b9937ac-618a-4a68-974c-6b59ae821168: start 8b9937ac-618a-4a68-974c-6b59ae821168@group-A411080B45C1-FollowerState
2024-07-22 09:22:05,123 [8b9937ac-618a-4a68-974c-6b59ae821168-groupManagement] INFO  util.JmxRegister (JmxRegister.java:tryRegister(44)) - Successfully registered JMX Bean with object name Ratis:service=RaftServer,group=group-A411080B45C1,id=8b9937ac-618a-4a68-974c-6b59ae821168
2024-07-22 09:22:05,123 [8b9937ac-618a-4a68-974c-6b59ae821168-groupManagement] INFO  util.JmxRegister (JmxRegister.java:register(58)) - register mxBean class org.apache.ratis.server.impl.RaftServerJmxAdapter as Ratis:service=RaftServer,group=group-A411080B45C1,id=8b9937ac-618a-4a68-974c-6b59ae821168
2024-07-22 09:22:05,123 [8b9937ac-618a-4a68-974c-6b59ae821168-groupManagement] INFO  server.RaftServerConfigKeys (ConfUtils.java:logGet(46)) - raft.server.snapshot.trigger-when-stop.enabled = true (default)
2024-07-22 09:22:05,123 [8b9937ac-618a-4a68-974c-6b59ae821168-groupManagement] INFO  server.RaftServerConfigKeys (ConfUtils.java:logGet(46)) - raft.server.snapshot.trigger-when-remove.enabled = true (default)
2024-07-22 09:22:05,123 [8b9937ac-618a-4a68-974c-6b59ae821168-groupManagement] INFO  server.RaftServerConfigKeys (ConfUtils.java:logGet(46)) - raft.server.snapshot.auto.trigger.enabled = true (custom)
2024-07-22 09:22:05,123 [8b9937ac-618a-4a68-974c-6b59ae821168-groupManagement] INFO  server.RaftServerConfigKeys (ConfUtils.java:logGet(46)) - raft.server.snapshot.auto.trigger.threshold = 10000 (custom)
2024-07-22 09:22:05,123 [8b9937ac-618a-4a68-974c-6b59ae821168-groupManagement] INFO  server.RaftServerConfigKeys (ConfUtils.java:logGet(46)) - raft.server.snapshot.retention.file.num = 5 (custom)
2024-07-22 09:22:05,123 [8b9937ac-618a-4a68-974c-6b59ae821168-groupManagement] INFO  server.RaftServerConfigKeys (ConfUtils.java:logGet(46)) - raft.server.log.purge.upto.snapshot.index = false (default)
2024-07-22 09:22:05,124 [8b9937ac-618a-4a68-974c-6b59ae821168@group-A411080B45C1-FollowerState] INFO  server.RaftServerConfigKeys (ConfUtils.java:logFallback(53)) - raft.server.rpc.first-election.timeout.min = 5s (fallback to raft.server.rpc.timeout.min)
2024-07-22 09:22:05,130 [8b9937ac-618a-4a68-974c-6b59ae821168@group-A411080B45C1-FollowerState] INFO  server.RaftServerConfigKeys (ConfUtils.java:logFallback(53)) - raft.server.rpc.first-election.timeout.max = 5200ms (fallback to raft.server.rpc.timeout.max)
2024-07-22 09:22:05,131 [8b9937ac-618a-4a68-974c-6b59ae821168-PipelineCommandHandlerThread-0] INFO  ratis.XceiverServerRatis (XceiverServerRatis.java:addGroup(849)) - Created group PipelineID=56f34a69-2e3c-4b62-a16a-a411080b45c1
2024-07-22 09:22:05,131 [8b9937ac-618a-4a68-974c-6b59ae821168-PipelineCommandHandlerThread-0] INFO  commandhandler.CreatePipelineCommandHandler (CreatePipelineCommandHandler.java:lambda$handle$2(124)) - Created Pipeline RATIS ONE PipelineID=56f34a69-2e3c-4b62-a16a-a411080b45c1.
2024-07-22 09:22:05,133 [ad117ebe-3568-403d-bc57-6f7f1929bcc4-PipelineCommandHandlerThread-0] INFO  commandhandler.CreatePipelineCommandHandler (CreatePipelineCommandHandler.java:lambda$handle$2(124)) - Created Pipeline RATIS THREE PipelineID=2ede0c02-3d1f-43d6-b275-c7ac607cc480.
2024-07-22 09:22:05,149 [1ba5db44-79b5-4f90-beb2-74b6002ac6d7-PipelineCommandHandlerThread-0] INFO  commandhandler.CreatePipelineCommandHandler (CreatePipelineCommandHandler.java:lambda$handle$2(124)) - Created Pipeline RATIS THREE PipelineID=2ede0c02-3d1f-43d6-b275-c7ac607cc480.
2024-07-22 09:22:06,071 [main] INFO  ozone.MiniOzoneClusterImpl (MiniOzoneClusterImpl.java:lambda$waitForClusterToBeReady$0(194)) - Nodes are ready. Got 3 of 3 DN Heartbeats.
2024-07-22 09:22:06,071 [main] INFO  ozone.MiniOzoneClusterImpl (MiniOzoneClusterImpl.java:lambda$waitForClusterToBeReady$0(197)) - Waiting for cluster to exit safe mode
2024-07-22 09:22:06,072 [main] INFO  ozone.MiniOzoneClusterImpl (MiniOzoneClusterImpl.java:lambda$waitForClusterToBeReady$0(199)) - SCM became leader
2024-07-22 09:22:07,072 [main] INFO  ozone.MiniOzoneClusterImpl (MiniOzoneClusterImpl.java:lambda$waitForClusterToBeReady$0(194)) - Nodes are ready. Got 3 of 3 DN Heartbeats.
2024-07-22 09:22:07,072 [main] INFO  ozone.MiniOzoneClusterImpl (MiniOzoneClusterImpl.java:lambda$waitForClusterToBeReady$0(197)) - Waiting for cluster to exit safe mode
2024-07-22 09:22:07,072 [main] INFO  ozone.MiniOzoneClusterImpl (MiniOzoneClusterImpl.java:lambda$waitForClusterToBeReady$0(199)) - SCM became leader
2024-07-22 09:22:08,072 [main] INFO  ozone.MiniOzoneClusterImpl (MiniOzoneClusterImpl.java:lambda$waitForClusterToBeReady$0(194)) - Nodes are ready. Got 3 of 3 DN Heartbeats.
2024-07-22 09:22:08,073 [main] INFO  ozone.MiniOzoneClusterImpl (MiniOzoneClusterImpl.java:lambda$waitForClusterToBeReady$0(197)) - Waiting for cluster to exit safe mode
2024-07-22 09:22:08,073 [main] INFO  ozone.MiniOzoneClusterImpl (MiniOzoneClusterImpl.java:lambda$waitForClusterToBeReady$0(199)) - SCM became leader
2024-07-22 09:22:09,073 [main] INFO  ozone.MiniOzoneClusterImpl (MiniOzoneClusterImpl.java:lambda$waitForClusterToBeReady$0(194)) - Nodes are ready. Got 3 of 3 DN Heartbeats.
2024-07-22 09:22:09,073 [main] INFO  ozone.MiniOzoneClusterImpl (MiniOzoneClusterImpl.java:lambda$waitForClusterToBeReady$0(197)) - Waiting for cluster to exit safe mode
2024-07-22 09:22:09,073 [main] INFO  ozone.MiniOzoneClusterImpl (MiniOzoneClusterImpl.java:lambda$waitForClusterToBeReady$0(199)) - SCM became leader
2024-07-22 09:22:09,584 [ad117ebe-3568-403d-bc57-6f7f1929bcc4@group-5686A0557B00-FollowerState] INFO  impl.FollowerState (FollowerState.java:run(144)) - ad117ebe-3568-403d-bc57-6f7f1929bcc4@group-5686A0557B00-FollowerState: change to CANDIDATE, lastRpcElapsedTime:5017947976ns, electionTimeout:5016ms
2024-07-22 09:22:09,585 [ad117ebe-3568-403d-bc57-6f7f1929bcc4@group-5686A0557B00-FollowerState] INFO  impl.RoleInfo (RoleInfo.java:shutdownFollowerState(119)) - ad117ebe-3568-403d-bc57-6f7f1929bcc4: shutdown ad117ebe-3568-403d-bc57-6f7f1929bcc4@group-5686A0557B00-FollowerState
2024-07-22 09:22:09,585 [ad117ebe-3568-403d-bc57-6f7f1929bcc4@group-5686A0557B00-FollowerState] INFO  server.RaftServer$Division (RaftServerImpl.java:setRole(376)) - ad117ebe-3568-403d-bc57-6f7f1929bcc4@group-5686A0557B00: changes role from  FOLLOWER to CANDIDATE at term 0 for changeToCandidate
2024-07-22 09:22:09,587 [ad117ebe-3568-403d-bc57-6f7f1929bcc4@group-5686A0557B00-FollowerState] INFO  server.RaftServerConfigKeys (ConfUtils.java:logGet(46)) - raft.server.leaderelection.pre-vote = true (default)
2024-07-22 09:22:09,587 [ad117ebe-3568-403d-bc57-6f7f1929bcc4@group-5686A0557B00-FollowerState] INFO  impl.RoleInfo (RoleInfo.java:updateAndGet(148)) - ad117ebe-3568-403d-bc57-6f7f1929bcc4: start ad117ebe-3568-403d-bc57-6f7f1929bcc4@group-5686A0557B00-LeaderElection1
2024-07-22 09:22:09,590 [ad117ebe-3568-403d-bc57-6f7f1929bcc4@group-5686A0557B00-LeaderElection1] INFO  impl.LeaderElection (LeaderElection.java:askForVotes(321)) - ad117ebe-3568-403d-bc57-6f7f1929bcc4@group-5686A0557B00-LeaderElection1 PRE_VOTE round 0: submit vote requests at term 0 for conf: {index: -1, cur=peers:[ad117ebe-3568-403d-bc57-6f7f1929bcc4|127.0.0.1:15014]|listeners:[], old=null}
2024-07-22 09:22:09,590 [ad117ebe-3568-403d-bc57-6f7f1929bcc4@group-5686A0557B00-LeaderElection1] INFO  impl.LeaderElection (LeaderElection.java:askForVotes(323)) - ad117ebe-3568-403d-bc57-6f7f1929bcc4@group-5686A0557B00-LeaderElection1 PRE_VOTE round 0: result PASSED (term=0)
2024-07-22 09:22:09,592 [ad117ebe-3568-403d-bc57-6f7f1929bcc4@group-5686A0557B00-LeaderElection1] INFO  impl.LeaderElection (LeaderElection.java:askForVotes(321)) - ad117ebe-3568-403d-bc57-6f7f1929bcc4@group-5686A0557B00-LeaderElection1 ELECTION round 0: submit vote requests at term 1 for conf: {index: -1, cur=peers:[ad117ebe-3568-403d-bc57-6f7f1929bcc4|127.0.0.1:15014]|listeners:[], old=null}
2024-07-22 09:22:09,592 [ad117ebe-3568-403d-bc57-6f7f1929bcc4@group-5686A0557B00-LeaderElection1] INFO  impl.LeaderElection (LeaderElection.java:askForVotes(323)) - ad117ebe-3568-403d-bc57-6f7f1929bcc4@group-5686A0557B00-LeaderElection1 ELECTION round 0: result PASSED (term=1)
2024-07-22 09:22:09,592 [ad117ebe-3568-403d-bc57-6f7f1929bcc4@group-5686A0557B00-LeaderElection1] INFO  impl.RoleInfo (RoleInfo.java:shutdownLeaderElection(139)) - ad117ebe-3568-403d-bc57-6f7f1929bcc4: shutdown ad117ebe-3568-403d-bc57-6f7f1929bcc4@group-5686A0557B00-LeaderElection1
2024-07-22 09:22:09,592 [ad117ebe-3568-403d-bc57-6f7f1929bcc4@group-5686A0557B00-LeaderElection1] INFO  server.RaftServer$Division (RaftServerImpl.java:setRole(376)) - ad117ebe-3568-403d-bc57-6f7f1929bcc4@group-5686A0557B00: changes role from CANDIDATE to LEADER at term 1 for changeToLeader
2024-07-22 09:22:09,596 [ad117ebe-3568-403d-bc57-6f7f1929bcc4@group-5686A0557B00-LeaderElection1] INFO  server.RaftServerConfigKeys (ConfUtils.java:logGet(46)) - raft.server.staging.catchup.gap = 1000 (default)
2024-07-22 09:22:09,598 [ad117ebe-3568-403d-bc57-6f7f1929bcc4@group-5686A0557B00-LeaderElection1] INFO  server.RaftServerConfigKeys (ConfUtils.java:logGet(46)) - raft.server.write.element-limit = 1024 (custom)
2024-07-22 09:22:09,598 [ad117ebe-3568-403d-bc57-6f7f1929bcc4@group-5686A0557B00-LeaderElection1] INFO  server.RaftServerConfigKeys (ConfUtils.java:logGet(46)) - raft.server.write.byte-limit = 1024 M (=1073741824) (custom)
2024-07-22 09:22:09,602 [ad117ebe-3568-403d-bc57-6f7f1929bcc4@group-5686A0557B00-LeaderElection1] INFO  server.RaftServerConfigKeys (ConfUtils.java:logGet(46)) - raft.server.watch.timeout = 30s (custom)
2024-07-22 09:22:09,602 [ad117ebe-3568-403d-bc57-6f7f1929bcc4@group-5686A0557B00-LeaderElection1] INFO  server.RaftServerConfigKeys (ConfUtils.java:logGet(46)) - raft.server.watch.timeout.denomination = 1s (default)
2024-07-22 09:22:09,603 [ad117ebe-3568-403d-bc57-6f7f1929bcc4@group-5686A0557B00-LeaderElection1] INFO  server.RaftServerConfigKeys (ConfUtils.java:logGet(46)) - raft.server.watch.element-limit = 65536 (default)
2024-07-22 09:22:09,607 [ad117ebe-3568-403d-bc57-6f7f1929bcc4@group-5686A0557B00-LeaderElection1] INFO  server.RaftServerConfigKeys (ConfUtils.java:logGet(46)) - raft.server.read.leader.lease.enabled = false (default)
2024-07-22 09:22:09,609 [ad117ebe-3568-403d-bc57-6f7f1929bcc4@group-5686A0557B00-LeaderElection1] INFO  server.RaftServerConfigKeys (ConfUtils.java:logGet(46)) - raft.server.read.leader.lease.timeout.ratio = 0.9 (default)
2024-07-22 09:22:09,609 [ad117ebe-3568-403d-bc57-6f7f1929bcc4@group-5686A0557B00-LeaderElection1] INFO  server.RaftServerConfigKeys (ConfUtils.java:logGet(46)) - raft.server.rpc.timeout.min = 5s (custom)
2024-07-22 09:22:09,609 [ad117ebe-3568-403d-bc57-6f7f1929bcc4@group-5686A0557B00-LeaderElection1] INFO  server.RaftServerConfigKeys (ConfUtils.java:logGet(46)) - raft.server.log.log-metadata.enabled = true (default)
2024-07-22 09:22:09,609 [ad117ebe-3568-403d-bc57-6f7f1929bcc4@group-5686A0557B00-LeaderElection1] INFO  server.RaftServerConfigKeys (ConfUtils.java:logGet(46)) - raft.server.write.element-limit = 1024 (custom)
2024-07-22 09:22:09,610 [ad117ebe-3568-403d-bc57-6f7f1929bcc4@group-5686A0557B00-LeaderElection1] INFO  server.RaftServerConfigKeys (ConfUtils.java:logGet(46)) - raft.server.write.follower.gap.ratio.max = -1.0 (default)
2024-07-22 09:22:09,611 [ad117ebe-3568-403d-bc57-6f7f1929bcc4@group-5686A0557B00-LeaderElection1] INFO  impl.RoleInfo (RoleInfo.java:updateAndGet(148)) - ad117ebe-3568-403d-bc57-6f7f1929bcc4: start ad117ebe-3568-403d-bc57-6f7f1929bcc4@group-5686A0557B00-LeaderStateImpl
2024-07-22 09:22:09,611 [ad117ebe-3568-403d-bc57-6f7f1929bcc4@group-5686A0557B00-LeaderElection1] INFO  server.RaftServer$Division (RaftServerImpl.java:setFirstElection(549)) - ad117ebe-3568-403d-bc57-6f7f1929bcc4@group-5686A0557B00: set firstElectionSinceStartup to false for becomeLeader
2024-07-22 09:22:09,611 [ad117ebe-3568-403d-bc57-6f7f1929bcc4@group-5686A0557B00-LeaderElection1] INFO  ratis.XceiverServerRatis (XceiverServerRatis.java:handleLeaderChangedNotification(950)) - Leader change notification received for group: group-5686A0557B00 with new leaderId: ad117ebe-3568-403d-bc57-6f7f1929bcc4
2024-07-22 09:22:09,612 [ad117ebe-3568-403d-bc57-6f7f1929bcc4@group-5686A0557B00-LeaderElection1] INFO  server.RaftServer$Division (ServerState.java:setLeader(272)) - ad117ebe-3568-403d-bc57-6f7f1929bcc4@group-5686A0557B00: change Leader from null to ad117ebe-3568-403d-bc57-6f7f1929bcc4 at term 1 for becomeLeader, leader elected after 5139ms
2024-07-22 09:22:09,614 [EventQueue-OpenPipelineForHealthyPipelineSafeModeRule] INFO  safemode.SCMSafeModeManager (HealthyPipelineSafeModeRule.java:process(140)) - SCM in safe mode. Healthy pipelines reported count is 0, required healthy pipeline reported count is 1
2024-07-22 09:22:09,624 [ad117ebe-3568-403d-bc57-6f7f1929bcc4@group-5686A0557B00-LeaderElection1] INFO  segmented.SegmentedRaftLogWorker (SegmentedRaftLogWorker.java:startLogSegment(433)) - ad117ebe-3568-403d-bc57-6f7f1929bcc4@group-5686A0557B00-SegmentedRaftLogWorker: Starting segment from index:0
2024-07-22 09:22:09,631 [ad117ebe-3568-403d-bc57-6f7f1929bcc4@group-5686A0557B00-LeaderElection1] INFO  server.RaftServer$Division (ServerState.java:setRaftConf(386)) - ad117ebe-3568-403d-bc57-6f7f1929bcc4@group-5686A0557B00: set configuration conf: {index: 0, cur=peers:[ad117ebe-3568-403d-bc57-6f7f1929bcc4|127.0.0.1:15014]|listeners:[], old=null}
2024-07-22 09:22:09,656 [ad117ebe-3568-403d-bc57-6f7f1929bcc4@group-5686A0557B00-SegmentedRaftLogWorker] INFO  segmented.BufferedWriteChannel (BufferedWriteChannel.java:open(61)) - open log_inprogress_0 at position 0
2024-07-22 09:22:09,668 [ad117ebe-3568-403d-bc57-6f7f1929bcc4@group-5686A0557B00-SegmentedRaftLogWorker] INFO  segmented.SegmentedRaftLogWorker (SegmentedRaftLogWorker.java:execute(637)) - ad117ebe-3568-403d-bc57-6f7f1929bcc4@group-5686A0557B00-SegmentedRaftLogWorker: created new log segment /home/runner/work/ozone/ozone/hadoop-ozone/integration-test/target/test-dir/MiniOzoneClusterImpl-4478e412-ba5d-49c0-9319-4f1e6a18fdaa/ozone-meta/datanode-1/ratis/687b77af-9cc2-4084-81dc-5686a0557b00/current/log_inprogress_0
2024-07-22 09:22:09,677 [ad117ebe-3568-403d-bc57-6f7f1929bcc4@group-5686A0557B00-StateMachineUpdater] INFO  server.RaftServer$Division (LeaderStateImpl.java:checkStartIndex(316)) - Leader ad117ebe-3568-403d-bc57-6f7f1929bcc4@group-5686A0557B00-LeaderStateImpl is ready since appliedIndex == startIndex == 0
2024-07-22 09:22:09,810 [ad117ebe-3568-403d-bc57-6f7f1929bcc4@group-721621F6382A-FollowerState] INFO  impl.FollowerState (FollowerState.java:run(144)) - ad117ebe-3568-403d-bc57-6f7f1929bcc4@group-721621F6382A-FollowerState: change to CANDIDATE, lastRpcElapsedTime:5194662591ns, electionTimeout:5194ms
2024-07-22 09:22:09,811 [ad117ebe-3568-403d-bc57-6f7f1929bcc4@group-721621F6382A-FollowerState] INFO  impl.RoleInfo (RoleInfo.java:shutdownFollowerState(119)) - ad117ebe-3568-403d-bc57-6f7f1929bcc4: shutdown ad117ebe-3568-403d-bc57-6f7f1929bcc4@group-721621F6382A-FollowerState
2024-07-22 09:22:09,811 [ad117ebe-3568-403d-bc57-6f7f1929bcc4@group-721621F6382A-FollowerState] INFO  server.RaftServer$Division (RaftServerImpl.java:setRole(376)) - ad117ebe-3568-403d-bc57-6f7f1929bcc4@group-721621F6382A: changes role from  FOLLOWER to CANDIDATE at term 0 for changeToCandidate
2024-07-22 09:22:09,811 [ad117ebe-3568-403d-bc57-6f7f1929bcc4@group-721621F6382A-FollowerState] INFO  server.RaftServerConfigKeys (ConfUtils.java:logGet(46)) - raft.server.leaderelection.pre-vote = true (default)
2024-07-22 09:22:09,811 [ad117ebe-3568-403d-bc57-6f7f1929bcc4@group-721621F6382A-FollowerState] INFO  impl.RoleInfo (RoleInfo.java:updateAndGet(148)) - ad117ebe-3568-403d-bc57-6f7f1929bcc4: start ad117ebe-3568-403d-bc57-6f7f1929bcc4@group-721621F6382A-LeaderElection2
2024-07-22 09:22:09,811 [ad117ebe-3568-403d-bc57-6f7f1929bcc4@group-721621F6382A-LeaderElection2] INFO  impl.LeaderElection (LeaderElection.java:askForVotes(321)) - ad117ebe-3568-403d-bc57-6f7f1929bcc4@group-721621F6382A-LeaderElection2 PRE_VOTE round 0: submit vote requests at term 0 for conf: {index: -1, cur=peers:[1ba5db44-79b5-4f90-beb2-74b6002ac6d7|127.0.0.1:15023, ad117ebe-3568-403d-bc57-6f7f1929bcc4|127.0.0.1:15014, 8b9937ac-618a-4a68-974c-6b59ae821168|127.0.0.1:15032]|listeners:[], old=null}
2024-07-22 09:22:09,816 [ad117ebe-3568-403d-bc57-6f7f1929bcc4@group-721621F6382A-LeaderElection2] INFO  server.RaftServerConfigKeys (ConfUtils.java:logFallback(53)) - raft.server.rpc.first-election.timeout.min = 5s (fallback to raft.server.rpc.timeout.min)
2024-07-22 09:22:09,816 [ad117ebe-3568-403d-bc57-6f7f1929bcc4@group-721621F6382A-LeaderElection2] INFO  server.RaftServerConfigKeys (ConfUtils.java:logFallback(53)) - raft.server.rpc.first-election.timeout.max = 5200ms (fallback to raft.server.rpc.timeout.max)
2024-07-22 09:22:09,816 [ad117ebe-3568-403d-bc57-6f7f1929bcc4@group-721621F6382A-LeaderElection2-2] INFO  server.GrpcServerProtocolClient (GrpcServerProtocolClient.java:<init>(65)) - Build channel for 8b9937ac-618a-4a68-974c-6b59ae821168|127.0.0.1:15032
2024-07-22 09:22:09,816 [ad117ebe-3568-403d-bc57-6f7f1929bcc4@group-721621F6382A-LeaderElection2-1] INFO  server.GrpcServerProtocolClient (GrpcServerProtocolClient.java:<init>(65)) - Build channel for 1ba5db44-79b5-4f90-beb2-74b6002ac6d7|127.0.0.1:15023
2024-07-22 09:22:09,825 [grpc-default-executor-1] INFO  server.RaftServer$Division (RaftServerImpl.java:requestVote(1416)) - 1ba5db44-79b5-4f90-beb2-74b6002ac6d7@group-721621F6382A: receive requestVote(PRE_VOTE, ad117ebe-3568-403d-bc57-6f7f1929bcc4, group-721621F6382A, 0, (t:0, i:0))
2024-07-22 09:22:09,826 [grpc-default-executor-1] INFO  impl.VoteContext (VoteContext.java:log(49)) - 1ba5db44-79b5-4f90-beb2-74b6002ac6d7@group-721621F6382A-FOLLOWER: accept PRE_VOTE from ad117ebe-3568-403d-bc57-6f7f1929bcc4: our priority 0 <= candidate's priority 0
2024-07-22 09:22:09,829 [grpc-default-executor-1] INFO  server.RaftServer$Division (RaftServerImpl.java:requestVote(1449)) - 1ba5db44-79b5-4f90-beb2-74b6002ac6d7@group-721621F6382A replies to PRE_VOTE vote request: ad117ebe-3568-403d-bc57-6f7f1929bcc4<-1ba5db44-79b5-4f90-beb2-74b6002ac6d7#0:OK-t0. Peer's state: 1ba5db44-79b5-4f90-beb2-74b6002ac6d7@group-721621F6382A:t0, leader=null, voted=, raftlog=Memoized:1ba5db44-79b5-4f90-beb2-74b6002ac6d7@group-721621F6382A-SegmentedRaftLog:OPENED:c-1:lastnull, conf=conf: {index: -1, cur=peers:[1ba5db44-79b5-4f90-beb2-74b6002ac6d7|127.0.0.1:15023, ad117ebe-3568-403d-bc57-6f7f1929bcc4|127.0.0.1:15014, 8b9937ac-618a-4a68-974c-6b59ae821168|127.0.0.1:15032]|listeners:[], old=null}
2024-07-22 09:22:09,831 [grpc-default-executor-1] INFO  server.RaftServer$Division (RaftServerImpl.java:requestVote(1416)) - 8b9937ac-618a-4a68-974c-6b59ae821168@group-721621F6382A: receive requestVote(PRE_VOTE, ad117ebe-3568-403d-bc57-6f7f1929bcc4, group-721621F6382A, 0, (t:0, i:0))
2024-07-22 09:22:09,832 [grpc-default-executor-1] INFO  impl.VoteContext (VoteContext.java:log(49)) - 8b9937ac-618a-4a68-974c-6b59ae821168@group-721621F6382A-FOLLOWER: reject PRE_VOTE from ad117ebe-3568-403d-bc57-6f7f1929bcc4: our priority 1 > candidate's priority 0
2024-07-22 09:22:09,832 [grpc-default-executor-1] INFO  server.RaftServer$Division (RaftServerImpl.java:requestVote(1449)) - 8b9937ac-618a-4a68-974c-6b59ae821168@group-721621F6382A replies to PRE_VOTE vote request: ad117ebe-3568-403d-bc57-6f7f1929bcc4<-8b9937ac-618a-4a68-974c-6b59ae821168#0:FAIL-t0. Peer's state: 8b9937ac-618a-4a68-974c-6b59ae821168@group-721621F6382A:t0, leader=null, voted=, raftlog=Memoized:8b9937ac-618a-4a68-974c-6b59ae821168@group-721621F6382A-SegmentedRaftLog:OPENED:c-1:lastnull, conf=conf: {index: -1, cur=peers:[1ba5db44-79b5-4f90-beb2-74b6002ac6d7|127.0.0.1:15023, ad117ebe-3568-403d-bc57-6f7f1929bcc4|127.0.0.1:15014, 8b9937ac-618a-4a68-974c-6b59ae821168|127.0.0.1:15032]|listeners:[], old=null}
2024-07-22 09:22:09,833 [ad117ebe-3568-403d-bc57-6f7f1929bcc4@group-721621F6382A-LeaderElection2] INFO  impl.LeaderElection (LeaderElection.java:logAndReturn(89)) - ad117ebe-3568-403d-bc57-6f7f1929bcc4@group-721621F6382A-LeaderElection2: PRE_VOTE REJECTED received 2 response(s) and 0 exception(s):
2024-07-22 09:22:09,833 [ad117ebe-3568-403d-bc57-6f7f1929bcc4@group-721621F6382A-LeaderElection2] INFO  impl.LeaderElection (LeaderElection.java:logAndReturn(93)) -   Response 0: ad117ebe-3568-403d-bc57-6f7f1929bcc4<-1ba5db44-79b5-4f90-beb2-74b6002ac6d7#0:OK-t0
2024-07-22 09:22:09,833 [ad117ebe-3568-403d-bc57-6f7f1929bcc4@group-721621F6382A-LeaderElection2] INFO  impl.LeaderElection (LeaderElection.java:logAndReturn(93)) -   Response 1: ad117ebe-3568-403d-bc57-6f7f1929bcc4<-8b9937ac-618a-4a68-974c-6b59ae821168#0:FAIL-t0
2024-07-22 09:22:09,834 [ad117ebe-3568-403d-bc57-6f7f1929bcc4@group-721621F6382A-LeaderElection2] INFO  impl.LeaderElection (LeaderElection.java:askForVotes(323)) - ad117ebe-3568-403d-bc57-6f7f1929bcc4@group-721621F6382A-LeaderElection2 PRE_VOTE round 0: result REJECTED
2024-07-22 09:22:09,834 [ad117ebe-3568-403d-bc57-6f7f1929bcc4@group-721621F6382A-LeaderElection2] INFO  server.RaftServer$Division (RaftServerImpl.java:setRole(376)) - ad117ebe-3568-403d-bc57-6f7f1929bcc4@group-721621F6382A: changes role from CANDIDATE to FOLLOWER at term 0 for REJECTED
2024-07-22 09:22:09,834 [ad117ebe-3568-403d-bc57-6f7f1929bcc4@group-721621F6382A-LeaderElection2] INFO  impl.RoleInfo (RoleInfo.java:shutdownLeaderElection(139)) - ad117ebe-3568-403d-bc57-6f7f1929bcc4: shutdown ad117ebe-3568-403d-bc57-6f7f1929bcc4@group-721621F6382A-LeaderElection2
2024-07-22 09:22:09,834 [ad117ebe-3568-403d-bc57-6f7f1929bcc4@group-721621F6382A-LeaderElection2] INFO  impl.RoleInfo (RoleInfo.java:updateAndGet(148)) - ad117ebe-3568-403d-bc57-6f7f1929bcc4: start ad117ebe-3568-403d-bc57-6f7f1929bcc4@group-721621F6382A-FollowerState
2024-07-22 09:22:09,834 [ad117ebe-3568-403d-bc57-6f7f1929bcc4@group-721621F6382A-LeaderElection2] INFO  server.RaftServer$Division (RaftServerImpl.java:setFirstElection(549)) - ad117ebe-3568-403d-bc57-6f7f1929bcc4@group-721621F6382A: set firstElectionSinceStartup to false for REJECTED
2024-07-22 09:22:09,988 [1ba5db44-79b5-4f90-beb2-74b6002ac6d7@group-99B1A52D89C1-FollowerState] INFO  impl.FollowerState (FollowerState.java:run(144)) - 1ba5db44-79b5-4f90-beb2-74b6002ac6d7@group-99B1A52D89C1-FollowerState: change to CANDIDATE, lastRpcElapsedTime:5129935137ns, electionTimeout:5114ms
2024-07-22 09:22:09,988 [1ba5db44-79b5-4f90-beb2-74b6002ac6d7@group-99B1A52D89C1-FollowerState] INFO  impl.RoleInfo (RoleInfo.java:shutdownFollowerState(119)) - 1ba5db44-79b5-4f90-beb2-74b6002ac6d7: shutdown 1ba5db44-79b5-4f90-beb2-74b6002ac6d7@group-99B1A52D89C1-FollowerState
2024-07-22 09:22:09,988 [1ba5db44-79b5-4f90-beb2-74b6002ac6d7@group-99B1A52D89C1-FollowerState] INFO  server.RaftServer$Division (RaftServerImpl.java:setRole(376)) - 1ba5db44-79b5-4f90-beb2-74b6002ac6d7@group-99B1A52D89C1: changes role from  FOLLOWER to CANDIDATE at term 0 for changeToCandidate
2024-07-22 09:22:09,988 [1ba5db44-79b5-4f90-beb2-74b6002ac6d7@group-99B1A52D89C1-FollowerState] INFO  server.RaftServerConfigKeys (ConfUtils.java:logGet(46)) - raft.server.leaderelection.pre-vote = true (default)
2024-07-22 09:22:09,988 [1ba5db44-79b5-4f90-beb2-74b6002ac6d7@group-99B1A52D89C1-FollowerState] INFO  impl.RoleInfo (RoleInfo.java:updateAndGet(148)) - 1ba5db44-79b5-4f90-beb2-74b6002ac6d7: start 1ba5db44-79b5-4f90-beb2-74b6002ac6d7@group-99B1A52D89C1-LeaderElection3
2024-07-22 09:22:09,989 [1ba5db44-79b5-4f90-beb2-74b6002ac6d7@group-99B1A52D89C1-LeaderElection3] INFO  impl.LeaderElection (LeaderElection.java:askForVotes(321)) - 1ba5db44-79b5-4f90-beb2-74b6002ac6d7@group-99B1A52D89C1-LeaderElection3 PRE_VOTE round 0: submit vote requests at term 0 for conf: {index: -1, cur=peers:[1ba5db44-79b5-4f90-beb2-74b6002ac6d7|127.0.0.1:15023]|listeners:[], old=null}
2024-07-22 09:22:09,989 [1ba5db44-79b5-4f90-beb2-74b6002ac6d7@group-99B1A52D89C1-LeaderElection3] INFO  impl.LeaderElection (LeaderElection.java:askForVotes(323)) - 1ba5db44-79b5-4f90-beb2-74b6002ac6d7@group-99B1A52D89C1-LeaderElection3 PRE_VOTE round 0: result PASSED (term=0)
2024-07-22 09:22:09,990 [1ba5db44-79b5-4f90-beb2-74b6002ac6d7@group-99B1A52D89C1-LeaderElection3] INFO  impl.LeaderElection (LeaderElection.java:askForVotes(321)) - 1ba5db44-79b5-4f90-beb2-74b6002ac6d7@group-99B1A52D89C1-LeaderElection3 ELECTION round 0: submit vote requests at term 1 for conf: {index: -1, cur=peers:[1ba5db44-79b5-4f90-beb2-74b6002ac6d7|127.0.0.1:15023]|listeners:[], old=null}
2024-07-22 09:22:09,991 [1ba5db44-79b5-4f90-beb2-74b6002ac6d7@group-99B1A52D89C1-LeaderElection3] INFO  impl.LeaderElection (LeaderElection.java:askForVotes(323)) - 1ba5db44-79b5-4f90-beb2-74b6002ac6d7@group-99B1A52D89C1-LeaderElection3 ELECTION round 0: result PASSED (term=1)
2024-07-22 09:22:09,991 [1ba5db44-79b5-4f90-beb2-74b6002ac6d7@group-99B1A52D89C1-LeaderElection3] INFO  impl.RoleInfo (RoleInfo.java:shutdownLeaderElection(139)) - 1ba5db44-79b5-4f90-beb2-74b6002ac6d7: shutdown 1ba5db44-79b5-4f90-beb2-74b6002ac6d7@group-99B1A52D89C1-LeaderElection3
2024-07-22 09:22:09,991 [1ba5db44-79b5-4f90-beb2-74b6002ac6d7@group-99B1A52D89C1-LeaderElection3] INFO  server.RaftServer$Division (RaftServerImpl.java:setRole(376)) - 1ba5db44-79b5-4f90-beb2-74b6002ac6d7@group-99B1A52D89C1: changes role from CANDIDATE to LEADER at term 1 for changeToLeader
2024-07-22 09:22:09,991 [1ba5db44-79b5-4f90-beb2-74b6002ac6d7@group-99B1A52D89C1-LeaderElection3] INFO  server.RaftServerConfigKeys (ConfUtils.java:logGet(46)) - raft.server.staging.catchup.gap = 1000 (default)
2024-07-22 09:22:09,991 [1ba5db44-79b5-4f90-beb2-74b6002ac6d7@group-99B1A52D89C1-LeaderElection3] INFO  server.RaftServerConfigKeys (ConfUtils.java:logGet(46)) - raft.server.write.element-limit = 1024 (custom)
2024-07-22 09:22:09,991 [1ba5db44-79b5-4f90-beb2-74b6002ac6d7@group-99B1A52D89C1-LeaderElection3] INFO  server.RaftServerConfigKeys (ConfUtils.java:logGet(46)) - raft.server.write.byte-limit = 1024 M (=1073741824) (custom)
2024-07-22 09:22:09,992 [1ba5db44-79b5-4f90-beb2-74b6002ac6d7@group-99B1A52D89C1-LeaderElection3] INFO  server.RaftServerConfigKeys (ConfUtils.java:logGet(46)) - raft.server.watch.timeout = 30s (custom)
2024-07-22 09:22:09,992 [1ba5db44-79b5-4f90-beb2-74b6002ac6d7@group-99B1A52D89C1-LeaderElection3] INFO  server.RaftServerConfigKeys (ConfUtils.java:logGet(46)) - raft.server.watch.timeout.denomination = 1s (default)
2024-07-22 09:22:09,992 [1ba5db44-79b5-4f90-beb2-74b6002ac6d7@group-99B1A52D89C1-LeaderElection3] INFO  server.RaftServerConfigKeys (ConfUtils.java:logGet(46)) - raft.server.watch.element-limit = 65536 (default)
2024-07-22 09:22:09,992 [1ba5db44-79b5-4f90-beb2-74b6002ac6d7@group-99B1A52D89C1-LeaderElection3] INFO  server.RaftServerConfigKeys (ConfUtils.java:logGet(46)) - raft.server.read.leader.lease.enabled = false (default)
2024-07-22 09:22:09,992 [1ba5db44-79b5-4f90-beb2-74b6002ac6d7@group-99B1A52D89C1-LeaderElection3] INFO  server.RaftServerConfigKeys (ConfUtils.java:logGet(46)) - raft.server.read.leader.lease.timeout.ratio = 0.9 (default)
2024-07-22 09:22:09,992 [1ba5db44-79b5-4f90-beb2-74b6002ac6d7@group-99B1A52D89C1-LeaderElection3] INFO  server.RaftServerConfigKeys (ConfUtils.java:logGet(46)) - raft.server.rpc.timeout.min = 5s (custom)
2024-07-22 09:22:09,992 [1ba5db44-79b5-4f90-beb2-74b6002ac6d7@group-99B1A52D89C1-LeaderElection3] INFO  server.RaftServerConfigKeys (ConfUtils.java:logGet(46)) - raft.server.log.log-metadata.enabled = true (default)
2024-07-22 09:22:09,993 [1ba5db44-79b5-4f90-beb2-74b6002ac6d7@group-99B1A52D89C1-LeaderElection3] INFO  server.RaftServerConfigKeys (ConfUtils.java:logGet(46)) - raft.server.write.element-limit = 1024 (custom)
2024-07-22 09:22:09,993 [1ba5db44-79b5-4f90-beb2-74b6002ac6d7@group-99B1A52D89C1-LeaderElection3] INFO  server.RaftServerConfigKeys (ConfUtils.java:logGet(46)) - raft.server.write.follower.gap.ratio.max = -1.0 (default)
2024-07-22 09:22:09,993 [1ba5db44-79b5-4f90-beb2-74b6002ac6d7@group-99B1A52D89C1-LeaderElection3] INFO  impl.RoleInfo (RoleInfo.java:updateAndGet(148)) - 1ba5db44-79b5-4f90-beb2-74b6002ac6d7: start 1ba5db44-79b5-4f90-beb2-74b6002ac6d7@group-99B1A52D89C1-LeaderStateImpl
2024-07-22 09:22:09,993 [1ba5db44-79b5-4f90-beb2-74b6002ac6d7@group-99B1A52D89C1-LeaderElection3] INFO  server.RaftServer$Division (RaftServerImpl.java:setFirstElection(549)) - 1ba5db44-79b5-4f90-beb2-74b6002ac6d7@group-99B1A52D89C1: set firstElectionSinceStartup to false for becomeLeader
2024-07-22 09:22:09,993 [1ba5db44-79b5-4f90-beb2-74b6002ac6d7@group-99B1A52D89C1-LeaderElection3] INFO  ratis.XceiverServerRatis (XceiverServerRatis.java:handleLeaderChangedNotification(950)) - Leader change notification received for group: group-99B1A52D89C1 with new leaderId: 1ba5db44-79b5-4f90-beb2-74b6002ac6d7
2024-07-22 09:22:09,993 [1ba5db44-79b5-4f90-beb2-74b6002ac6d7@group-99B1A52D89C1-LeaderElection3] INFO  server.RaftServer$Division (ServerState.java:setLeader(272)) - 1ba5db44-79b5-4f90-beb2-74b6002ac6d7@group-99B1A52D89C1: change Leader from null to 1ba5db44-79b5-4f90-beb2-74b6002ac6d7 at term 1 for becomeLeader, leader elected after 5180ms
2024-07-22 09:22:09,993 [1ba5db44-79b5-4f90-beb2-74b6002ac6d7@group-99B1A52D89C1-LeaderElection3] INFO  segmented.SegmentedRaftLogWorker (SegmentedRaftLogWorker.java:startLogSegment(433)) - 1ba5db44-79b5-4f90-beb2-74b6002ac6d7@group-99B1A52D89C1-SegmentedRaftLogWorker: Starting segment from index:0
2024-07-22 09:22:09,994 [1ba5db44-79b5-4f90-beb2-74b6002ac6d7@group-99B1A52D89C1-SegmentedRaftLogWorker] INFO  segmented.BufferedWriteChannel (BufferedWriteChannel.java:open(61)) - open log_inprogress_0 at position 0
2024-07-22 09:22:09,996 [1ba5db44-79b5-4f90-beb2-74b6002ac6d7@group-99B1A52D89C1-LeaderElection3] INFO  server.RaftServer$Division (ServerState.java:setRaftConf(386)) - 1ba5db44-79b5-4f90-beb2-74b6002ac6d7@group-99B1A52D89C1: set configuration conf: {index: 0, cur=peers:[1ba5db44-79b5-4f90-beb2-74b6002ac6d7|127.0.0.1:15023]|listeners:[], old=null}
2024-07-22 09:22:09,995 [EventQueue-OpenPipelineForHealthyPipelineSafeModeRule] INFO  safemode.SCMSafeModeManager (HealthyPipelineSafeModeRule.java:process(140)) - SCM in safe mode. Healthy pipelines reported count is 0, required healthy pipeline reported count is 1
2024-07-22 09:22:10,005 [1ba5db44-79b5-4f90-beb2-74b6002ac6d7@group-99B1A52D89C1-SegmentedRaftLogWorker] INFO  segmented.SegmentedRaftLogWorker (SegmentedRaftLogWorker.java:execute(637)) - 1ba5db44-79b5-4f90-beb2-74b6002ac6d7@group-99B1A52D89C1-SegmentedRaftLogWorker: created new log segment /home/runner/work/ozone/ozone/hadoop-ozone/integration-test/target/test-dir/MiniOzoneClusterImpl-4478e412-ba5d-49c0-9319-4f1e6a18fdaa/ozone-meta/datanode-2/ratis/54227a70-60eb-4294-b8ec-99b1a52d89c1/current/log_inprogress_0
2024-07-22 09:22:10,007 [1ba5db44-79b5-4f90-beb2-74b6002ac6d7@group-99B1A52D89C1-StateMachineUpdater] INFO  server.RaftServer$Division (LeaderStateImpl.java:checkStartIndex(316)) - Leader 1ba5db44-79b5-4f90-beb2-74b6002ac6d7@group-99B1A52D89C1-LeaderStateImpl is ready since appliedIndex == startIndex == 0
2024-07-22 09:22:10,074 [main] INFO  ozone.MiniOzoneClusterImpl (MiniOzoneClusterImpl.java:lambda$waitForClusterToBeReady$0(194)) - Nodes are ready. Got 3 of 3 DN Heartbeats.
2024-07-22 09:22:10,074 [main] INFO  ozone.MiniOzoneClusterImpl (MiniOzoneClusterImpl.java:lambda$waitForClusterToBeReady$0(197)) - Waiting for cluster to exit safe mode
2024-07-22 09:22:10,074 [main] INFO  ozone.MiniOzoneClusterImpl (MiniOzoneClusterImpl.java:lambda$waitForClusterToBeReady$0(199)) - SCM became leader
2024-07-22 09:22:10,078 [1ba5db44-79b5-4f90-beb2-74b6002ac6d7@group-721621F6382A-FollowerState] INFO  server.RaftServerConfigKeys (ConfUtils.java:logFallback(53)) - raft.server.rpc.first-election.timeout.min = 5s (fallback to raft.server.rpc.timeout.min)
2024-07-22 09:22:10,078 [1ba5db44-79b5-4f90-beb2-74b6002ac6d7@group-721621F6382A-FollowerState] INFO  server.RaftServerConfigKeys (ConfUtils.java:logFallback(53)) - raft.server.rpc.first-election.timeout.max = 5200ms (fallback to raft.server.rpc.timeout.max)
2024-07-22 09:22:10,130 [8b9937ac-618a-4a68-974c-6b59ae821168@group-721621F6382A-FollowerState] INFO  impl.FollowerState (FollowerState.java:run(144)) - 8b9937ac-618a-4a68-974c-6b59ae821168@group-721621F6382A-FollowerState: change to CANDIDATE, lastRpcElapsedTime:5123782459ns, electionTimeout:5111ms
2024-07-22 09:22:10,130 [8b9937ac-618a-4a68-974c-6b59ae821168@group-721621F6382A-FollowerState] INFO  impl.RoleInfo (RoleInfo.java:shutdownFollowerState(119)) - 8b9937ac-618a-4a68-974c-6b59ae821168: shutdown 8b9937ac-618a-4a68-974c-6b59ae821168@group-721621F6382A-FollowerState
2024-07-22 09:22:10,130 [8b9937ac-618a-4a68-974c-6b59ae821168@group-721621F6382A-FollowerState] INFO  server.RaftServer$Division (RaftServerImpl.java:setRole(376)) - 8b9937ac-618a-4a68-974c-6b59ae821168@group-721621F6382A: changes role from  FOLLOWER to CANDIDATE at term 0 for changeToCandidate
2024-07-22 09:22:10,130 [8b9937ac-618a-4a68-974c-6b59ae821168@group-721621F6382A-FollowerState] INFO  server.RaftServerConfigKeys (ConfUtils.java:logGet(46)) - raft.server.leaderelection.pre-vote = true (default)
2024-07-22 09:22:10,130 [8b9937ac-618a-4a68-974c-6b59ae821168@group-721621F6382A-FollowerState] INFO  impl.RoleInfo (RoleInfo.java:updateAndGet(148)) - 8b9937ac-618a-4a68-974c-6b59ae821168: start 8b9937ac-618a-4a68-974c-6b59ae821168@group-721621F6382A-LeaderElection4
2024-07-22 09:22:10,131 [8b9937ac-618a-4a68-974c-6b59ae821168@group-721621F6382A-LeaderElection4] INFO  impl.LeaderElection (LeaderElection.java:askForVotes(321)) - 8b9937ac-618a-4a68-974c-6b59ae821168@group-721621F6382A-LeaderElection4 PRE_VOTE round 0: submit vote requests at term 0 for conf: {index: -1, cur=peers:[1ba5db44-79b5-4f90-beb2-74b6002ac6d7|127.0.0.1:15023, ad117ebe-3568-403d-bc57-6f7f1929bcc4|127.0.0.1:15014, 8b9937ac-618a-4a68-974c-6b59ae821168|127.0.0.1:15032]|listeners:[], old=null}
2024-07-22 09:22:10,131 [8b9937ac-618a-4a68-974c-6b59ae821168@group-721621F6382A-LeaderElection4-1] INFO  server.GrpcServerProtocolClient (GrpcServerProtocolClient.java:<init>(65)) - Build channel for 1ba5db44-79b5-4f90-beb2-74b6002ac6d7|127.0.0.1:15023
2024-07-22 09:22:10,131 [8b9937ac-618a-4a68-974c-6b59ae821168@group-721621F6382A-LeaderElection4-2] INFO  server.GrpcServerProtocolClient (GrpcServerProtocolClient.java:<init>(65)) - Build channel for ad117ebe-3568-403d-bc57-6f7f1929bcc4|127.0.0.1:15014
2024-07-22 09:22:10,131 [8b9937ac-618a-4a68-974c-6b59ae821168@group-721621F6382A-LeaderElection4] INFO  server.RaftServerConfigKeys (ConfUtils.java:logFallback(53)) - raft.server.rpc.first-election.timeout.min = 5s (fallback to raft.server.rpc.timeout.min)
2024-07-22 09:22:10,132 [8b9937ac-618a-4a68-974c-6b59ae821168@group-721621F6382A-LeaderElection4] INFO  server.RaftServerConfigKeys (ConfUtils.java:logFallback(53)) - raft.server.rpc.first-election.timeout.max = 5200ms (fallback to raft.server.rpc.timeout.max)
2024-07-22 09:22:10,137 [grpc-default-executor-1] INFO  server.RaftServer$Division (RaftServerImpl.java:requestVote(1416)) - ad117ebe-3568-403d-bc57-6f7f1929bcc4@group-721621F6382A: receive requestVote(PRE_VOTE, 8b9937ac-618a-4a68-974c-6b59ae821168, group-721621F6382A, 0, (t:0, i:0))
2024-07-22 09:22:10,137 [grpc-default-executor-1] INFO  impl.VoteContext (VoteContext.java:log(49)) - ad117ebe-3568-403d-bc57-6f7f1929bcc4@group-721621F6382A-FOLLOWER: accept PRE_VOTE from 8b9937ac-618a-4a68-974c-6b59ae821168: our priority 0 <= candidate's priority 1
2024-07-22 09:22:10,137 [grpc-default-executor-1] INFO  server.RaftServer$Division (RaftServerImpl.java:requestVote(1449)) - ad117ebe-3568-403d-bc57-6f7f1929bcc4@group-721621F6382A replies to PRE_VOTE vote request: 8b9937ac-618a-4a68-974c-6b59ae821168<-ad117ebe-3568-403d-bc57-6f7f1929bcc4#0:OK-t0. Peer's state: ad117ebe-3568-403d-bc57-6f7f1929bcc4@group-721621F6382A:t0, leader=null, voted=, raftlog=Memoized:ad117ebe-3568-403d-bc57-6f7f1929bcc4@group-721621F6382A-SegmentedRaftLog:OPENED:c-1:lastnull, conf=conf: {index: -1, cur=peers:[1ba5db44-79b5-4f90-beb2-74b6002ac6d7|127.0.0.1:15023, ad117ebe-3568-403d-bc57-6f7f1929bcc4|127.0.0.1:15014, 8b9937ac-618a-4a68-974c-6b59ae821168|127.0.0.1:15032]|listeners:[], old=null}
2024-07-22 09:22:10,139 [8b9937ac-618a-4a68-974c-6b59ae821168@group-721621F6382A-LeaderElection4] INFO  impl.LeaderElection (LeaderElection.java:logAndReturn(89)) - 8b9937ac-618a-4a68-974c-6b59ae821168@group-721621F6382A-LeaderElection4: PRE_VOTE PASSED received 1 response(s) and 0 exception(s):
2024-07-22 09:22:10,139 [8b9937ac-618a-4a68-974c-6b59ae821168@group-721621F6382A-LeaderElection4] INFO  impl.LeaderElection (LeaderElection.java:logAndReturn(93)) -   Response 0: 8b9937ac-618a-4a68-974c-6b59ae821168<-ad117ebe-3568-403d-bc57-6f7f1929bcc4#0:OK-t0
2024-07-22 09:22:10,139 [8b9937ac-618a-4a68-974c-6b59ae821168@group-721621F6382A-LeaderElection4] INFO  impl.LeaderElection (LeaderElection.java:askForVotes(323)) - 8b9937ac-618a-4a68-974c-6b59ae821168@group-721621F6382A-LeaderElection4 PRE_VOTE round 0: result PASSED
2024-07-22 09:22:10,141 [8b9937ac-618a-4a68-974c-6b59ae821168@group-721621F6382A-LeaderElection4] INFO  impl.LeaderElection (LeaderElection.java:askForVotes(321)) - 8b9937ac-618a-4a68-974c-6b59ae821168@group-721621F6382A-LeaderElection4 ELECTION round 0: submit vote requests at term 1 for conf: {index: -1, cur=peers:[1ba5db44-79b5-4f90-beb2-74b6002ac6d7|127.0.0.1:15023, ad117ebe-3568-403d-bc57-6f7f1929bcc4|127.0.0.1:15014, 8b9937ac-618a-4a68-974c-6b59ae821168|127.0.0.1:15032]|listeners:[], old=null}
2024-07-22 09:22:10,142 [8b9937ac-618a-4a68-974c-6b59ae821168@group-721621F6382A-LeaderElection4] INFO  server.RaftServerConfigKeys (ConfUtils.java:logFallback(53)) - raft.server.rpc.first-election.timeout.min = 5s (fallback to raft.server.rpc.timeout.min)
2024-07-22 09:22:10,142 [8b9937ac-618a-4a68-974c-6b59ae821168@group-721621F6382A-LeaderElection4] INFO  server.RaftServerConfigKeys (ConfUtils.java:logFallback(53)) - raft.server.rpc.first-election.timeout.max = 5200ms (fallback to raft.server.rpc.timeout.max)
2024-07-22 09:22:10,144 [grpc-default-executor-0] INFO  server.RaftServer$Division (RaftServerImpl.java:requestVote(1416)) - 1ba5db44-79b5-4f90-beb2-74b6002ac6d7@group-721621F6382A: receive requestVote(ELECTION, 8b9937ac-618a-4a68-974c-6b59ae821168, group-721621F6382A, 1, (t:0, i:0))
2024-07-22 09:22:10,144 [grpc-default-executor-0] INFO  impl.VoteContext (VoteContext.java:log(49)) - 1ba5db44-79b5-4f90-beb2-74b6002ac6d7@group-721621F6382A-FOLLOWER: accept ELECTION from 8b9937ac-618a-4a68-974c-6b59ae821168: our priority 0 <= candidate's priority 1
2024-07-22 09:22:10,144 [grpc-default-executor-0] INFO  server.RaftServer$Division (RaftServerImpl.java:setRole(376)) - 1ba5db44-79b5-4f90-beb2-74b6002ac6d7@group-721621F6382A: changes role from  FOLLOWER to FOLLOWER at term 1 for candidate:8b9937ac-618a-4a68-974c-6b59ae821168
2024-07-22 09:22:10,145 [grpc-default-executor-0] INFO  impl.RoleInfo (RoleInfo.java:shutdownFollowerState(119)) - 1ba5db44-79b5-4f90-beb2-74b6002ac6d7: shutdown 1ba5db44-79b5-4f90-beb2-74b6002ac6d7@group-721621F6382A-FollowerState
2024-07-22 09:22:10,145 [grpc-default-executor-0] INFO  impl.RoleInfo (RoleInfo.java:updateAndGet(148)) - 1ba5db44-79b5-4f90-beb2-74b6002ac6d7: start 1ba5db44-79b5-4f90-beb2-74b6002ac6d7@group-721621F6382A-FollowerState
2024-07-22 09:22:10,145 [1ba5db44-79b5-4f90-beb2-74b6002ac6d7@group-721621F6382A-FollowerState] INFO  impl.FollowerState (FollowerState.java:run(153)) - 1ba5db44-79b5-4f90-beb2-74b6002ac6d7@group-721621F6382A-FollowerState was interrupted
2024-07-22 09:22:10,144 [grpc-default-executor-1] INFO  server.RaftServer$Division (RaftServerImpl.java:requestVote(1416)) - ad117ebe-3568-403d-bc57-6f7f1929bcc4@group-721621F6382A: receive requestVote(ELECTION, 8b9937ac-618a-4a68-974c-6b59ae821168, group-721621F6382A, 1, (t:0, i:0))
2024-07-22 09:22:10,145 [grpc-default-executor-1] INFO  impl.VoteContext (VoteContext.java:log(49)) - ad117ebe-3568-403d-bc57-6f7f1929bcc4@group-721621F6382A-FOLLOWER: accept ELECTION from 8b9937ac-618a-4a68-974c-6b59ae821168: our priority 0 <= candidate's priority 1
2024-07-22 09:22:10,145 [grpc-default-executor-1] INFO  server.RaftServer$Division (RaftServerImpl.java:setRole(376)) - ad117ebe-3568-403d-bc57-6f7f1929bcc4@group-721621F6382A: changes role from  FOLLOWER to FOLLOWER at term 1 for candidate:8b9937ac-618a-4a68-974c-6b59ae821168
2024-07-22 09:22:10,145 [grpc-default-executor-1] INFO  impl.RoleInfo (RoleInfo.java:shutdownFollowerState(119)) - ad117ebe-3568-403d-bc57-6f7f1929bcc4: shutdown ad117ebe-3568-403d-bc57-6f7f1929bcc4@group-721621F6382A-FollowerState
2024-07-22 09:22:10,145 [grpc-default-executor-1] INFO  impl.RoleInfo (RoleInfo.java:updateAndGet(148)) - ad117ebe-3568-403d-bc57-6f7f1929bcc4: start ad117ebe-3568-403d-bc57-6f7f1929bcc4@group-721621F6382A-FollowerState
2024-07-22 09:22:10,145 [ad117ebe-3568-403d-bc57-6f7f1929bcc4@group-721621F6382A-FollowerState] INFO  impl.FollowerState (FollowerState.java:run(153)) - ad117ebe-3568-403d-bc57-6f7f1929bcc4@group-721621F6382A-FollowerState was interrupted
2024-07-22 09:22:10,146 [grpc-default-executor-0] INFO  server.RaftServer$Division (RaftServerImpl.java:setFirstElection(549)) - 1ba5db44-79b5-4f90-beb2-74b6002ac6d7@group-721621F6382A: set firstElectionSinceStartup to false for candidate:8b9937ac-618a-4a68-974c-6b59ae821168
2024-07-22 09:22:10,147 [grpc-default-executor-0] INFO  server.RaftServer$Division (RaftServerImpl.java:requestVote(1449)) - 1ba5db44-79b5-4f90-beb2-74b6002ac6d7@group-721621F6382A replies to ELECTION vote request: 8b9937ac-618a-4a68-974c-6b59ae821168<-1ba5db44-79b5-4f90-beb2-74b6002ac6d7#0:OK-t1. Peer's state: 1ba5db44-79b5-4f90-beb2-74b6002ac6d7@group-721621F6382A:t1, leader=null, voted=8b9937ac-618a-4a68-974c-6b59ae821168, raftlog=Memoized:1ba5db44-79b5-4f90-beb2-74b6002ac6d7@group-721621F6382A-SegmentedRaftLog:OPENED:c-1:lastnull, conf=conf: {index: -1, cur=peers:[1ba5db44-79b5-4f90-beb2-74b6002ac6d7|127.0.0.1:15023, ad117ebe-3568-403d-bc57-6f7f1929bcc4|127.0.0.1:15014, 8b9937ac-618a-4a68-974c-6b59ae821168|127.0.0.1:15032]|listeners:[], old=null}
2024-07-22 09:22:10,147 [grpc-default-executor-1] INFO  server.RaftServer$Division (RaftServerImpl.java:requestVote(1449)) - ad117ebe-3568-403d-bc57-6f7f1929bcc4@group-721621F6382A replies to ELECTION vote request: 8b9937ac-618a-4a68-974c-6b59ae821168<-ad117ebe-3568-403d-bc57-6f7f1929bcc4#0:OK-t1. Peer's state: ad117ebe-3568-403d-bc57-6f7f1929bcc4@group-721621F6382A:t1, leader=null, voted=8b9937ac-618a-4a68-974c-6b59ae821168, raftlog=Memoized:ad117ebe-3568-403d-bc57-6f7f1929bcc4@group-721621F6382A-SegmentedRaftLog:OPENED:c-1:lastnull, conf=conf: {index: -1, cur=peers:[1ba5db44-79b5-4f90-beb2-74b6002ac6d7|127.0.0.1:15023, ad117ebe-3568-403d-bc57-6f7f1929bcc4|127.0.0.1:15014, 8b9937ac-618a-4a68-974c-6b59ae821168|127.0.0.1:15032]|listeners:[], old=null}
2024-07-22 09:22:10,149 [ad117ebe-3568-403d-bc57-6f7f1929bcc4@group-C7AC607CC480-FollowerState] INFO  impl.FollowerState (FollowerState.java:run(144)) - ad117ebe-3568-403d-bc57-6f7f1929bcc4@group-C7AC607CC480-FollowerState: change to CANDIDATE, lastRpcElapsedTime:5134479468ns, electionTimeout:5128ms
2024-07-22 09:22:10,149 [ad117ebe-3568-403d-bc57-6f7f1929bcc4@group-C7AC607CC480-FollowerState] INFO  impl.RoleInfo (RoleInfo.java:shutdownFollowerState(119)) - ad117ebe-3568-403d-bc57-6f7f1929bcc4: shutdown ad117ebe-3568-403d-bc57-6f7f1929bcc4@group-C7AC607CC480-FollowerState
2024-07-22 09:22:10,149 [8b9937ac-618a-4a68-974c-6b59ae821168@group-721621F6382A-LeaderElection4] INFO  impl.LeaderElection (LeaderElection.java:logAndReturn(89)) - 8b9937ac-618a-4a68-974c-6b59ae821168@group-721621F6382A-LeaderElection4: ELECTION PASSED received 1 response(s) and 0 exception(s):
2024-07-22 09:22:10,149 [ad117ebe-3568-403d-bc57-6f7f1929bcc4@group-C7AC607CC480-FollowerState] INFO  server.RaftServer$Division (RaftServerImpl.java:setRole(376)) - ad117ebe-3568-403d-bc57-6f7f1929bcc4@group-C7AC607CC480: changes role from  FOLLOWER to CANDIDATE at term 0 for changeToCandidate
2024-07-22 09:22:10,149 [ad117ebe-3568-403d-bc57-6f7f1929bcc4@group-C7AC607CC480-FollowerState] INFO  server.RaftServerConfigKeys (ConfUtils.java:logGet(46)) - raft.server.leaderelection.pre-vote = true (default)
2024-07-22 09:22:10,149 [ad117ebe-3568-403d-bc57-6f7f1929bcc4@group-C7AC607CC480-FollowerState] INFO  impl.RoleInfo (RoleInfo.java:updateAndGet(148)) - ad117ebe-3568-403d-bc57-6f7f1929bcc4: start ad117ebe-3568-403d-bc57-6f7f1929bcc4@group-C7AC607CC480-LeaderElection5
2024-07-22 09:22:10,149 [8b9937ac-618a-4a68-974c-6b59ae821168@group-721621F6382A-LeaderElection4] INFO  impl.LeaderElection (LeaderElection.java:logAndReturn(93)) -   Response 0: 8b9937ac-618a-4a68-974c-6b59ae821168<-1ba5db44-79b5-4f90-beb2-74b6002ac6d7#0:OK-t1
2024-07-22 09:22:10,149 [8b9937ac-618a-4a68-974c-6b59ae821168@group-721621F6382A-LeaderElection4] INFO  impl.LeaderElection (LeaderElection.java:askForVotes(323)) - 8b9937ac-618a-4a68-974c-6b59ae821168@group-721621F6382A-LeaderElection4 ELECTION round 0: result PASSED
2024-07-22 09:22:10,150 [8b9937ac-618a-4a68-974c-6b59ae821168@group-721621F6382A-LeaderElection4] INFO  impl.RoleInfo (RoleInfo.java:shutdownLeaderElection(139)) - 8b9937ac-618a-4a68-974c-6b59ae821168: shutdown 8b9937ac-618a-4a68-974c-6b59ae821168@group-721621F6382A-LeaderElection4
2024-07-22 09:22:10,150 [8b9937ac-618a-4a68-974c-6b59ae821168@group-721621F6382A-LeaderElection4] INFO  server.RaftServer$Division (RaftServerImpl.java:setRole(376)) - 8b9937ac-618a-4a68-974c-6b59ae821168@group-721621F6382A: changes role from CANDIDATE to LEADER at term 1 for changeToLeader
2024-07-22 09:22:10,150 [8b9937ac-618a-4a68-974c-6b59ae821168@group-721621F6382A-LeaderElection4] INFO  server.RaftServerConfigKeys (ConfUtils.java:logGet(46)) - raft.server.staging.catchup.gap = 1000 (default)
2024-07-22 09:22:10,150 [8b9937ac-618a-4a68-974c-6b59ae821168@group-721621F6382A-LeaderElection4] INFO  server.RaftServerConfigKeys (ConfUtils.java:logGet(46)) - raft.server.write.element-limit = 1024 (custom)
2024-07-22 09:22:10,150 [8b9937ac-618a-4a68-974c-6b59ae821168@group-721621F6382A-LeaderElection4] INFO  server.RaftServerConfigKeys (ConfUtils.java:logGet(46)) - raft.server.write.byte-limit = 1024 M (=1073741824) (custom)
2024-07-22 09:22:10,151 [8b9937ac-618a-4a68-974c-6b59ae821168@group-721621F6382A-LeaderElection4] INFO  server.RaftServerConfigKeys (ConfUtils.java:logGet(46)) - raft.server.watch.timeout = 30s (custom)
2024-07-22 09:22:10,151 [8b9937ac-618a-4a68-974c-6b59ae821168@group-721621F6382A-LeaderElection4] INFO  server.RaftServerConfigKeys (ConfUtils.java:logGet(46)) - raft.server.watch.timeout.denomination = 1s (default)
2024-07-22 09:22:10,151 [8b9937ac-618a-4a68-974c-6b59ae821168@group-721621F6382A-LeaderElection4] INFO  server.RaftServerConfigKeys (ConfUtils.java:logGet(46)) - raft.server.watch.element-limit = 65536 (default)
2024-07-22 09:22:10,149 [ad117ebe-3568-403d-bc57-6f7f1929bcc4@group-C7AC607CC480-LeaderElection5] INFO  impl.LeaderElection (LeaderElection.java:askForVotes(321)) - ad117ebe-3568-403d-bc57-6f7f1929bcc4@group-C7AC607CC480-LeaderElection5 PRE_VOTE round 0: submit vote requests at term 0 for conf: {index: -1, cur=peers:[1ba5db44-79b5-4f90-beb2-74b6002ac6d7|127.0.0.1:15023, ad117ebe-3568-403d-bc57-6f7f1929bcc4|127.0.0.1:15014, 8b9937ac-618a-4a68-974c-6b59ae821168|127.0.0.1:15032]|listeners:[], old=null}
2024-07-22 09:22:10,152 [8b9937ac-618a-4a68-974c-6b59ae821168@group-721621F6382A-LeaderElection4] INFO  server.RaftServerConfigKeys (ConfUtils.java:logGet(46)) - raft.server.read.leader.lease.enabled = false (default)
2024-07-22 09:22:10,153 [8b9937ac-618a-4a68-974c-6b59ae821168@group-721621F6382A-LeaderElection4] INFO  server.RaftServerConfigKeys (ConfUtils.java:logGet(46)) - raft.server.read.leader.lease.timeout.ratio = 0.9 (default)
2024-07-22 09:22:10,153 [8b9937ac-618a-4a68-974c-6b59ae821168@group-721621F6382A-LeaderElection4] INFO  server.RaftServerConfigKeys (ConfUtils.java:logGet(46)) - raft.server.rpc.timeout.min = 5s (custom)
2024-07-22 09:22:10,153 [ad117ebe-3568-403d-bc57-6f7f1929bcc4@group-C7AC607CC480-LeaderElection5] INFO  server.RaftServerConfigKeys (ConfUtils.java:logFallback(53)) - raft.server.rpc.first-election.timeout.min = 5s (fallback to raft.server.rpc.timeout.min)
2024-07-22 09:22:10,153 [ad117ebe-3568-403d-bc57-6f7f1929bcc4@group-C7AC607CC480-LeaderElection5] INFO  server.RaftServerConfigKeys (ConfUtils.java:logFallback(53)) - raft.server.rpc.first-election.timeout.max = 5200ms (fallback to raft.server.rpc.timeout.max)
2024-07-22 09:22:10,154 [grpc-default-executor-1] INFO  server.RaftServer$Division (RaftServerImpl.java:requestVote(1416)) - 1ba5db44-79b5-4f90-beb2-74b6002ac6d7@group-C7AC607CC480: receive requestVote(PRE_VOTE, ad117ebe-3568-403d-bc57-6f7f1929bcc4, group-C7AC607CC480, 0, (t:0, i:0))
2024-07-22 09:22:10,154 [grpc-default-executor-1] INFO  impl.VoteContext (VoteContext.java:log(49)) - 1ba5db44-79b5-4f90-beb2-74b6002ac6d7@group-C7AC607CC480-FOLLOWER: reject PRE_VOTE from ad117ebe-3568-403d-bc57-6f7f1929bcc4: our priority 1 > candidate's priority 0
2024-07-22 09:22:10,154 [grpc-default-executor-1] INFO  server.RaftServer$Division (RaftServerImpl.java:requestVote(1449)) - 1ba5db44-79b5-4f90-beb2-74b6002ac6d7@group-C7AC607CC480 replies to PRE_VOTE vote request: ad117ebe-3568-403d-bc57-6f7f1929bcc4<-1ba5db44-79b5-4f90-beb2-74b6002ac6d7#0:FAIL-t0. Peer's state: 1ba5db44-79b5-4f90-beb2-74b6002ac6d7@group-C7AC607CC480:t0, leader=null, voted=, raftlog=Memoized:1ba5db44-79b5-4f90-beb2-74b6002ac6d7@group-C7AC607CC480-SegmentedRaftLog:OPENED:c-1:lastnull, conf=conf: {index: -1, cur=peers:[1ba5db44-79b5-4f90-beb2-74b6002ac6d7|127.0.0.1:15023, ad117ebe-3568-403d-bc57-6f7f1929bcc4|127.0.0.1:15014, 8b9937ac-618a-4a68-974c-6b59ae821168|127.0.0.1:15032]|listeners:[], old=null}
2024-07-22 09:22:10,154 [8b9937ac-618a-4a68-974c-6b59ae821168@group-721621F6382A-LeaderElection4] INFO  server.RaftServerConfigKeys (ConfUtils.java:logGet(46)) - raft.server.log.log-metadata.enabled = true (default)
2024-07-22 09:22:10,154 [8b9937ac-618a-4a68-974c-6b59ae821168@group-721621F6382A-LeaderElection4] INFO  server.RaftServerConfigKeys (ConfUtils.java:logGet(46)) - raft.server.write.element-limit = 1024 (custom)
2024-07-22 09:22:10,154 [8b9937ac-618a-4a68-974c-6b59ae821168@group-721621F6382A-LeaderElection4] INFO  server.RaftServerConfigKeys (ConfUtils.java:logGet(46)) - raft.server.write.follower.gap.ratio.max = -1.0 (default)
2024-07-22 09:22:10,155 [ad117ebe-3568-403d-bc57-6f7f1929bcc4@group-C7AC607CC480-LeaderElection5] INFO  impl.LeaderElection (LeaderElection.java:logAndReturn(89)) - ad117ebe-3568-403d-bc57-6f7f1929bcc4@group-C7AC607CC480-LeaderElection5: PRE_VOTE REJECTED received 1 response(s) and 0 exception(s):
2024-07-22 09:22:10,155 [ad117ebe-3568-403d-bc57-6f7f1929bcc4@group-C7AC607CC480-LeaderElection5] INFO  impl.LeaderElection (LeaderElection.java:logAndReturn(93)) -   Response 0: ad117ebe-3568-403d-bc57-6f7f1929bcc4<-1ba5db44-79b5-4f90-beb2-74b6002ac6d7#0:FAIL-t0
2024-07-22 09:22:10,155 [ad117ebe-3568-403d-bc57-6f7f1929bcc4@group-C7AC607CC480-LeaderElection5] INFO  impl.LeaderElection (LeaderElection.java:askForVotes(323)) - ad117ebe-3568-403d-bc57-6f7f1929bcc4@group-C7AC607CC480-LeaderElection5 PRE_VOTE round 0: result REJECTED
2024-07-22 09:22:10,155 [ad117ebe-3568-403d-bc57-6f7f1929bcc4@group-C7AC607CC480-LeaderElection5] INFO  server.RaftServer$Division (RaftServerImpl.java:setRole(376)) - ad117ebe-3568-403d-bc57-6f7f1929bcc4@group-C7AC607CC480: changes role from CANDIDATE to FOLLOWER at term 0 for REJECTED
2024-07-22 09:22:10,156 [ad117ebe-3568-403d-bc57-6f7f1929bcc4@group-C7AC607CC480-LeaderElection5] INFO  impl.RoleInfo (RoleInfo.java:shutdownLeaderElection(139)) - ad117ebe-3568-403d-bc57-6f7f1929bcc4: shutdown ad117ebe-3568-403d-bc57-6f7f1929bcc4@group-C7AC607CC480-LeaderElection5
2024-07-22 09:22:10,156 [ad117ebe-3568-403d-bc57-6f7f1929bcc4@group-C7AC607CC480-LeaderElection5] INFO  impl.RoleInfo (RoleInfo.java:updateAndGet(148)) - ad117ebe-3568-403d-bc57-6f7f1929bcc4: start ad117ebe-3568-403d-bc57-6f7f1929bcc4@group-C7AC607CC480-FollowerState
2024-07-22 09:22:10,157 [grpc-default-executor-1] INFO  server.RaftServer$Division (RaftServerImpl.java:requestVote(1416)) - 8b9937ac-618a-4a68-974c-6b59ae821168@group-C7AC607CC480: receive requestVote(PRE_VOTE, ad117ebe-3568-403d-bc57-6f7f1929bcc4, group-C7AC607CC480, 0, (t:0, i:0))
2024-07-22 09:22:10,157 [grpc-default-executor-1] INFO  impl.VoteContext (VoteContext.java:log(49)) - 8b9937ac-618a-4a68-974c-6b59ae821168@group-C7AC607CC480-FOLLOWER: accept PRE_VOTE from ad117ebe-3568-403d-bc57-6f7f1929bcc4: our priority 0 <= candidate's priority 0
2024-07-22 09:22:10,157 [grpc-default-executor-1] INFO  server.RaftServer$Division (RaftServerImpl.java:requestVote(1449)) - 8b9937ac-618a-4a68-974c-6b59ae821168@group-C7AC607CC480 replies to PRE_VOTE vote request: ad117ebe-3568-403d-bc57-6f7f1929bcc4<-8b9937ac-618a-4a68-974c-6b59ae821168#0:OK-t0. Peer's state: 8b9937ac-618a-4a68-974c-6b59ae821168@group-C7AC607CC480:t0, leader=null, voted=, raftlog=Memoized:8b9937ac-618a-4a68-974c-6b59ae821168@group-C7AC607CC480-SegmentedRaftLog:OPENED:c-1:lastnull, conf=conf: {index: -1, cur=peers:[1ba5db44-79b5-4f90-beb2-74b6002ac6d7|127.0.0.1:15023, ad117ebe-3568-403d-bc57-6f7f1929bcc4|127.0.0.1:15014, 8b9937ac-618a-4a68-974c-6b59ae821168|127.0.0.1:15032]|listeners:[], old=null}
2024-07-22 09:22:10,161 [ad117ebe-3568-403d-bc57-6f7f1929bcc4@group-C7AC607CC480-LeaderElection5] INFO  server.RaftServer$Division (RaftServerImpl.java:setFirstElection(549)) - ad117ebe-3568-403d-bc57-6f7f1929bcc4@group-C7AC607CC480: set firstElectionSinceStartup to false for REJECTED
2024-07-22 09:22:10,165 [8b9937ac-618a-4a68-974c-6b59ae821168@group-721621F6382A-LeaderElection4] INFO  server.RaftServerConfigKeys (ConfUtils.java:logGet(46)) - raft.server.log.appender.snapshot.chunk.size.max = 16MB (=16777216) (default)
2024-07-22 09:22:10,165 [8b9937ac-618a-4a68-974c-6b59ae821168@group-721621F6382A-LeaderElection4] INFO  server.RaftServerConfigKeys (ConfUtils.java:logGet(46)) - raft.server.log.appender.buffer.byte-limit = 8388608 (custom)
2024-07-22 09:22:10,165 [8b9937ac-618a-4a68-974c-6b59ae821168@group-721621F6382A-LeaderElection4] INFO  server.RaftServerConfigKeys (ConfUtils.java:logGet(46)) - raft.server.log.appender.buffer.element-limit = 1024 (custom)
2024-07-22 09:22:10,167 [8b9937ac-618a-4a68-974c-6b59ae821168@group-721621F6382A-LeaderElection4] INFO  server.RaftServerConfigKeys (ConfUtils.java:logGet(46)) - raft.server.log.appender.wait-time.min = 0μs (custom)
2024-07-22 09:22:10,168 [8b9937ac-618a-4a68-974c-6b59ae821168@group-721621F6382A-LeaderElection4] INFO  grpc.GrpcConfigKeys (ConfUtils.java:logGet(46)) - raft.grpc.server.leader.outstanding.appends.max = 8 (default)
2024-07-22 09:22:10,168 [8b9937ac-618a-4a68-974c-6b59ae821168@group-721621F6382A-LeaderElection4] INFO  server.RaftServerConfigKeys (ConfUtils.java:logGet(46)) - raft.server.rpc.request.timeout = 60s (custom)
2024-07-22 09:22:10,169 [8b9937ac-618a-4a68-974c-6b59ae821168@group-721621F6382A-LeaderElection4] INFO  grpc.GrpcConfigKeys (ConfUtils.java:logGet(46)) - raft.grpc.server.install_snapshot.request.element-limit = 8 (default)
2024-07-22 09:22:10,169 [8b9937ac-618a-4a68-974c-6b59ae821168@group-721621F6382A-LeaderElection4] INFO  grpc.GrpcConfigKeys (ConfUtils.java:logGet(46)) - raft.grpc.server.install_snapshot.request.timeout = 3000ms (default)
2024-07-22 09:22:10,169 [8b9937ac-618a-4a68-974c-6b59ae821168@group-721621F6382A-LeaderElection4] INFO  grpc.GrpcConfigKeys (ConfUtils.java:logGet(46)) - raft.grpc.server.log-message.batch.duration = 5s (default)
2024-07-22 09:22:10,169 [8b9937ac-618a-4a68-974c-6b59ae821168@group-721621F6382A-LeaderElection4] INFO  server.RaftServerConfigKeys (ConfUtils.java:logGet(46)) - raft.server.log.appender.install.snapshot.enabled = false (custom)
2024-07-22 09:22:10,169 [8b9937ac-618a-4a68-974c-6b59ae821168@group-721621F6382A-LeaderElection4] INFO  grpc.GrpcConfigKeys (ConfUtils.java:logGet(46)) - raft.grpc.server.heartbeat.channel = true (default)
2024-07-22 09:22:10,172 [8b9937ac-618a-4a68-974c-6b59ae821168@group-721621F6382A-LeaderElection4] INFO  server.RaftServerConfigKeys (ConfUtils.java:logGet(46)) - raft.server.log.appender.snapshot.chunk.size.max = 16MB (=16777216) (default)
2024-07-22 09:22:10,172 [8b9937ac-618a-4a68-974c-6b59ae821168@group-721621F6382A-LeaderElection4] INFO  server.RaftServerConfigKeys (ConfUtils.java:logGet(46)) - raft.server.log.appender.buffer.byte-limit = 8388608 (custom)
2024-07-22 09:22:10,172 [8b9937ac-618a-4a68-974c-6b59ae821168@group-721621F6382A-LeaderElection4] INFO  server.RaftServerConfigKeys (ConfUtils.java:logGet(46)) - raft.server.log.appender.buffer.element-limit = 1024 (custom)
2024-07-22 09:22:10,172 [8b9937ac-618a-4a68-974c-6b59ae821168@group-721621F6382A-LeaderElection4] INFO  server.RaftServerConfigKeys (ConfUtils.java:logGet(46)) - raft.server.log.appender.wait-time.min = 0μs (custom)
2024-07-22 09:22:10,172 [8b9937ac-618a-4a68-974c-6b59ae821168@group-721621F6382A-LeaderElection4] INFO  grpc.GrpcConfigKeys (ConfUtils.java:logGet(46)) - raft.grpc.server.leader.outstanding.appends.max = 8 (default)
2024-07-22 09:22:10,172 [8b9937ac-618a-4a68-974c-6b59ae821168@group-721621F6382A-LeaderElection4] INFO  server.RaftServerConfigKeys (ConfUtils.java:logGet(46)) - raft.server.rpc.request.timeout = 60s (custom)
2024-07-22 09:22:10,172 [8b9937ac-618a-4a68-974c-6b59ae821168@group-721621F6382A-LeaderElection4] INFO  grpc.GrpcConfigKeys (ConfUtils.java:logGet(46)) - raft.grpc.server.install_snapshot.request.element-limit = 8 (default)
2024-07-22 09:22:10,172 [8b9937ac-618a-4a68-974c-6b59ae821168@group-721621F6382A-LeaderElection4] INFO  grpc.GrpcConfigKeys (ConfUtils.java:logGet(46)) - raft.grpc.server.install_snapshot.request.timeout = 3000ms (default)
2024-07-22 09:22:10,172 [8b9937ac-618a-4a68-974c-6b59ae821168@group-721621F6382A-LeaderElection4] INFO  grpc.GrpcConfigKeys (ConfUtils.java:logGet(46)) - raft.grpc.server.log-message.batch.duration = 5s (default)
2024-07-22 09:22:10,173 [8b9937ac-618a-4a68-974c-6b59ae821168@group-721621F6382A-LeaderElection4] INFO  server.RaftServerConfigKeys (ConfUtils.java:logGet(46)) - raft.server.log.appender.install.snapshot.enabled = false (custom)
2024-07-22 09:22:10,173 [8b9937ac-618a-4a68-974c-6b59ae821168@group-721621F6382A-LeaderElection4] INFO  grpc.GrpcConfigKeys (ConfUtils.java:logGet(46)) - raft.grpc.server.heartbeat.channel = true (default)
2024-07-22 09:22:10,173 [8b9937ac-618a-4a68-974c-6b59ae821168@group-721621F6382A-LeaderElection4] INFO  impl.RoleInfo (RoleInfo.java:updateAndGet(148)) - 8b9937ac-618a-4a68-974c-6b59ae821168: start 8b9937ac-618a-4a68-974c-6b59ae821168@group-721621F6382A-LeaderStateImpl
2024-07-22 09:22:10,174 [8b9937ac-618a-4a68-974c-6b59ae821168@group-721621F6382A-LeaderElection4] INFO  server.RaftServer$Division (RaftServerImpl.java:setFirstElection(549)) - 8b9937ac-618a-4a68-974c-6b59ae821168@group-721621F6382A: set firstElectionSinceStartup to false for becomeLeader
2024-07-22 09:22:10,174 [8b9937ac-618a-4a68-974c-6b59ae821168@group-721621F6382A-LeaderElection4] INFO  ratis.XceiverServerRatis (XceiverServerRatis.java:handleLeaderChangedNotification(950)) - Leader change notification received for group: group-721621F6382A with new leaderId: 8b9937ac-618a-4a68-974c-6b59ae821168
2024-07-22 09:22:10,174 [8b9937ac-618a-4a68-974c-6b59ae821168@group-721621F6382A-LeaderElection4] INFO  server.RaftServer$Division (ServerState.java:setLeader(272)) - 8b9937ac-618a-4a68-974c-6b59ae821168@group-721621F6382A: change Leader from null to 8b9937ac-618a-4a68-974c-6b59ae821168 at term 1 for becomeLeader, leader elected after 5199ms
2024-07-22 09:22:10,174 [8b9937ac-618a-4a68-974c-6b59ae821168@group-721621F6382A-LeaderElection4] INFO  segmented.SegmentedRaftLogWorker (SegmentedRaftLogWorker.java:startLogSegment(433)) - 8b9937ac-618a-4a68-974c-6b59ae821168@group-721621F6382A-SegmentedRaftLogWorker: Starting segment from index:0
2024-07-22 09:22:10,177 [1ba5db44-79b5-4f90-beb2-74b6002ac6d7@group-C7AC607CC480-FollowerState] INFO  impl.FollowerState (FollowerState.java:run(144)) - 1ba5db44-79b5-4f90-beb2-74b6002ac6d7@group-C7AC607CC480-FollowerState: change to CANDIDATE, lastRpcElapsedTime:5075503275ns, electionTimeout:5070ms
2024-07-22 09:22:10,179 [1ba5db44-79b5-4f90-beb2-74b6002ac6d7@group-C7AC607CC480-FollowerState] INFO  impl.RoleInfo (RoleInfo.java:shutdownFollowerState(119)) - 1ba5db44-79b5-4f90-beb2-74b6002ac6d7: shutdown 1ba5db44-79b5-4f90-beb2-74b6002ac6d7@group-C7AC607CC480-FollowerState
2024-07-22 09:22:10,179 [1ba5db44-79b5-4f90-beb2-74b6002ac6d7@group-C7AC607CC480-FollowerState] INFO  server.RaftServer$Division (RaftServerImpl.java:setRole(376)) - 1ba5db44-79b5-4f90-beb2-74b6002ac6d7@group-C7AC607CC480: changes role from  FOLLOWER to CANDIDATE at term 0 for changeToCandidate
2024-07-22 09:22:10,179 [8b9937ac-618a-4a68-974c-6b59ae821168@group-721621F6382A-LeaderElection4] INFO  server.RaftServer$Division (ServerState.java:setRaftConf(386)) - 8b9937ac-618a-4a68-974c-6b59ae821168@group-721621F6382A: set configuration conf: {index: 0, cur=peers:[1ba5db44-79b5-4f90-beb2-74b6002ac6d7|127.0.0.1:15023, ad117ebe-3568-403d-bc57-6f7f1929bcc4|127.0.0.1:15014, 8b9937ac-618a-4a68-974c-6b59ae821168|127.0.0.1:15032]|listeners:[], old=null}
2024-07-22 09:22:10,180 [8b9937ac-618a-4a68-974c-6b59ae821168@group-721621F6382A-SegmentedRaftLogWorker] INFO  segmented.BufferedWriteChannel (BufferedWriteChannel.java:open(61)) - open log_inprogress_0 at position 0
2024-07-22 09:22:10,177 [EventQueue-OpenPipelineForHealthyPipelineSafeModeRule] INFO  safemode.SCMSafeModeManager (HealthyPipelineSafeModeRule.java:process(140)) - SCM in safe mode. Healthy pipelines reported count is 0, required healthy pipeline reported count is 1
2024-07-22 09:22:10,177 [EventQueue-PipelineReportForPipelineReportHandler] INFO  pipeline.PipelineReportHandler (PipelineReportHandler.java:processPipelineReport(136)) - Opened pipeline PipelineID=372f24e1-ea7c-49ee-972e-721621f6382a
2024-07-22 09:22:10,184 [EventQueue-OpenPipelineForHealthyPipelineSafeModeRule] INFO  safemode.SCMSafeModeManager (HealthyPipelineSafeModeRule.java:process(140)) - SCM in safe mode. Healthy pipelines reported count is 1, required healthy pipeline reported count is 1
2024-07-22 09:22:10,184 [EventQueue-OpenPipelineForHealthyPipelineSafeModeRule] INFO  safemode.SCMSafeModeManager (SCMSafeModeManager.java:validateSafeModeExitRules(203)) - HealthyPipelineSafeModeRule rule is successfully validated
2024-07-22 09:22:10,184 [EventQueue-OpenPipelineForHealthyPipelineSafeModeRule] INFO  safemode.SCMSafeModeManager (SCMSafeModeManager.java:validateSafeModeExitRules(218)) - ScmSafeModeManager, all rules are successfully validated
2024-07-22 09:22:10,184 [EventQueue-OpenPipelineForHealthyPipelineSafeModeRule] INFO  safemode.SCMSafeModeManager (SCMSafeModeManager.java:exitSafeMode(248)) - SCM exiting safe mode.
2024-07-22 09:22:10,184 [EventQueue-OpenPipelineForHealthyPipelineSafeModeRule] INFO  ha.SCMContext (SCMContext.java:updateSafeModeStatus(225)) - Update SafeModeStatus from SafeModeStatus{safeModeStatus=true, preCheckPassed=true} to SafeModeStatus{safeModeStatus=false, preCheckPassed=true}.
2024-07-22 09:22:10,184 [EventQueue-OpenPipelineForHealthyPipelineSafeModeRule] INFO  pipeline.BackgroundPipelineCreator (BackgroundPipelineCreator.java:notifyStatusChanged(258)) - Service BackgroundPipelineCreator transitions to RUNNING.
2024-07-22 09:22:10,184 [EventQueue-OpenPipelineForHealthyPipelineSafeModeRule] INFO  BackgroundPipelineScrubber (BackgroundSCMService.java:notifyStatusChanged(79)) - Service BackgroundPipelineScrubber transitions to RUNNING.
2024-07-22 09:22:10,185 [EventQueue-OpenPipelineForHealthyPipelineSafeModeRule] INFO  ExpiredContainerReplicaOpScrubber (BackgroundSCMService.java:notifyStatusChanged(79)) - Service ExpiredContainerReplicaOpScrubber transitions to RUNNING.
2024-07-22 09:22:10,185 [EventQueue-OpenPipelineForHealthyPipelineSafeModeRule] INFO  block.SCMBlockDeletingService (SCMBlockDeletingService.java:notifyStatusChanged(247)) - notifyStatusChanged:RUNNING
2024-07-22 09:22:10,185 [EventQueue-OpenPipelineForHealthyPipelineSafeModeRule] INFO  replication.ReplicationManager (ReplicationManager.java:notifyStatusChanged(1406)) - Service ReplicationManager transitions to RUNNING.
2024-07-22 09:22:10,179 [1ba5db44-79b5-4f90-beb2-74b6002ac6d7@group-C7AC607CC480-FollowerState] INFO  server.RaftServerConfigKeys (ConfUtils.java:logGet(46)) - raft.server.leaderelection.pre-vote = true (default)
2024-07-22 09:22:10,185 [1ba5db44-79b5-4f90-beb2-74b6002ac6d7@group-C7AC607CC480-FollowerState] INFO  impl.RoleInfo (RoleInfo.java:updateAndGet(148)) - 1ba5db44-79b5-4f90-beb2-74b6002ac6d7: start 1ba5db44-79b5-4f90-beb2-74b6002ac6d7@group-C7AC607CC480-LeaderElection6
2024-07-22 09:22:10,189 [EventQueue-OpenPipelineForHealthyPipelineSafeModeRule] WARN  balancer.ContainerBalancer (ContainerBalancer.java:shouldRun(134)) - Could not find persisted configuration for ContainerBalancer when checking if ContainerBalancer should run. ContainerBalancer should not run now.
2024-07-22 09:22:10,189 [8b9937ac-618a-4a68-974c-6b59ae821168@group-A411080B45C1-FollowerState] INFO  impl.FollowerState (FollowerState.java:run(144)) - 8b9937ac-618a-4a68-974c-6b59ae821168@group-A411080B45C1-FollowerState: change to CANDIDATE, lastRpcElapsedTime:5067979031ns, electionTimeout:5058ms
2024-07-22 09:22:10,189 [8b9937ac-618a-4a68-974c-6b59ae821168@group-A411080B45C1-FollowerState] INFO  impl.RoleInfo (RoleInfo.java:shutdownFollowerState(119)) - 8b9937ac-618a-4a68-974c-6b59ae821168: shutdown 8b9937ac-618a-4a68-974c-6b59ae821168@group-A411080B45C1-FollowerState
2024-07-22 09:22:10,189 [8b9937ac-618a-4a68-974c-6b59ae821168@group-A411080B45C1-FollowerState] INFO  server.RaftServer$Division (RaftServerImpl.java:setRole(376)) - 8b9937ac-618a-4a68-974c-6b59ae821168@group-A411080B45C1: changes role from  FOLLOWER to CANDIDATE at term 0 for changeToCandidate
2024-07-22 09:22:10,189 [8b9937ac-618a-4a68-974c-6b59ae821168@group-A411080B45C1-FollowerState] INFO  server.RaftServerConfigKeys (ConfUtils.java:logGet(46)) - raft.server.leaderelection.pre-vote = true (default)
2024-07-22 09:22:10,189 [8b9937ac-618a-4a68-974c-6b59ae821168@group-A411080B45C1-FollowerState] INFO  impl.RoleInfo (RoleInfo.java:updateAndGet(148)) - 8b9937ac-618a-4a68-974c-6b59ae821168: start 8b9937ac-618a-4a68-974c-6b59ae821168@group-A411080B45C1-LeaderElection7
2024-07-22 09:22:10,192 [8b9937ac-618a-4a68-974c-6b59ae821168@group-721621F6382A-SegmentedRaftLogWorker] INFO  segmented.SegmentedRaftLogWorker (SegmentedRaftLogWorker.java:execute(637)) - 8b9937ac-618a-4a68-974c-6b59ae821168@group-721621F6382A-SegmentedRaftLogWorker: created new log segment /home/runner/work/ozone/ozone/hadoop-ozone/integration-test/target/test-dir/MiniOzoneClusterImpl-4478e412-ba5d-49c0-9319-4f1e6a18fdaa/ozone-meta/datanode-3/ratis/372f24e1-ea7c-49ee-972e-721621f6382a/current/log_inprogress_0
2024-07-22 09:22:10,204 [1ba5db44-79b5-4f90-beb2-74b6002ac6d7@group-C7AC607CC480-LeaderElection6] INFO  impl.LeaderElection (LeaderElection.java:askForVotes(321)) - 1ba5db44-79b5-4f90-beb2-74b6002ac6d7@group-C7AC607CC480-LeaderElection6 PRE_VOTE round 0: submit vote requests at term 0 for conf: {index: -1, cur=peers:[1ba5db44-79b5-4f90-beb2-74b6002ac6d7|127.0.0.1:15023, ad117ebe-3568-403d-bc57-6f7f1929bcc4|127.0.0.1:15014, 8b9937ac-618a-4a68-974c-6b59ae821168|127.0.0.1:15032]|listeners:[], old=null}
2024-07-22 09:22:10,211 [8b9937ac-618a-4a68-974c-6b59ae821168@group-A411080B45C1-LeaderElection7] INFO  impl.LeaderElection (LeaderElection.java:askForVotes(321)) - 8b9937ac-618a-4a68-974c-6b59ae821168@group-A411080B45C1-LeaderElection7 PRE_VOTE round 0: submit vote requests at term 0 for conf: {index: -1, cur=peers:[8b9937ac-618a-4a68-974c-6b59ae821168|127.0.0.1:15032]|listeners:[], old=null}
2024-07-22 09:22:10,211 [8b9937ac-618a-4a68-974c-6b59ae821168@group-A411080B45C1-LeaderElection7] INFO  impl.LeaderElection (LeaderElection.java:askForVotes(323)) - 8b9937ac-618a-4a68-974c-6b59ae821168@group-A411080B45C1-LeaderElection7 PRE_VOTE round 0: result PASSED (term=0)
2024-07-22 09:22:10,214 [8b9937ac-618a-4a68-974c-6b59ae821168@group-A411080B45C1-LeaderElection7] INFO  impl.LeaderElection (LeaderElection.java:askForVotes(321)) - 8b9937ac-618a-4a68-974c-6b59ae821168@group-A411080B45C1-LeaderElection7 ELECTION round 0: submit vote requests at term 1 for conf: {index: -1, cur=peers:[8b9937ac-618a-4a68-974c-6b59ae821168|127.0.0.1:15032]|listeners:[], old=null}
2024-07-22 09:22:10,214 [8b9937ac-618a-4a68-974c-6b59ae821168@group-A411080B45C1-LeaderElection7] INFO  impl.LeaderElection (LeaderElection.java:askForVotes(323)) - 8b9937ac-618a-4a68-974c-6b59ae821168@group-A411080B45C1-LeaderElection7 ELECTION round 0: result PASSED (term=1)
2024-07-22 09:22:10,214 [8b9937ac-618a-4a68-974c-6b59ae821168@group-A411080B45C1-LeaderElection7] INFO  impl.RoleInfo (RoleInfo.java:shutdownLeaderElection(139)) - 8b9937ac-618a-4a68-974c-6b59ae821168: shutdown 8b9937ac-618a-4a68-974c-6b59ae821168@group-A411080B45C1-LeaderElection7
2024-07-22 09:22:10,214 [8b9937ac-618a-4a68-974c-6b59ae821168@group-A411080B45C1-LeaderElection7] INFO  server.RaftServer$Division (RaftServerImpl.java:setRole(376)) - 8b9937ac-618a-4a68-974c-6b59ae821168@group-A411080B45C1: changes role from CANDIDATE to LEADER at term 1 for changeToLeader
2024-07-22 09:22:10,214 [8b9937ac-618a-4a68-974c-6b59ae821168@group-A411080B45C1-LeaderElection7] INFO  server.RaftServerConfigKeys (ConfUtils.java:logGet(46)) - raft.server.staging.catchup.gap = 1000 (default)
2024-07-22 09:22:10,215 [8b9937ac-618a-4a68-974c-6b59ae821168@group-A411080B45C1-LeaderElection7] INFO  server.RaftServerConfigKeys (ConfUtils.java:logGet(46)) - raft.server.write.element-limit = 1024 (custom)
2024-07-22 09:22:10,215 [8b9937ac-618a-4a68-974c-6b59ae821168@group-A411080B45C1-LeaderElection7] INFO  server.RaftServerConfigKeys (ConfUtils.java:logGet(46)) - raft.server.write.byte-limit = 1024 M (=1073741824) (custom)
2024-07-22 09:22:10,215 [8b9937ac-618a-4a68-974c-6b59ae821168@group-A411080B45C1-LeaderElection7] INFO  server.RaftServerConfigKeys (ConfUtils.java:logGet(46)) - raft.server.watch.timeout = 30s (custom)
2024-07-22 09:22:10,215 [8b9937ac-618a-4a68-974c-6b59ae821168@group-A411080B45C1-LeaderElection7] INFO  server.RaftServerConfigKeys (ConfUtils.java:logGet(46)) - raft.server.watch.timeout.denomination = 1s (default)
2024-07-22 09:22:10,215 [8b9937ac-618a-4a68-974c-6b59ae821168@group-A411080B45C1-LeaderElection7] INFO  server.RaftServerConfigKeys (ConfUtils.java:logGet(46)) - raft.server.watch.element-limit = 65536 (default)
2024-07-22 09:22:10,216 [8b9937ac-618a-4a68-974c-6b59ae821168@group-A411080B45C1-LeaderElection7] INFO  server.RaftServerConfigKeys (ConfUtils.java:logGet(46)) - raft.server.read.leader.lease.enabled = false (default)
2024-07-22 09:22:10,216 [8b9937ac-618a-4a68-974c-6b59ae821168@group-A411080B45C1-LeaderElection7] INFO  server.RaftServerConfigKeys (ConfUtils.java:logGet(46)) - raft.server.read.leader.lease.timeout.ratio = 0.9 (default)
2024-07-22 09:22:10,216 [8b9937ac-618a-4a68-974c-6b59ae821168@group-A411080B45C1-LeaderElection7] INFO  server.RaftServerConfigKeys (ConfUtils.java:logGet(46)) - raft.server.rpc.timeout.min = 5s (custom)
2024-07-22 09:22:10,216 [8b9937ac-618a-4a68-974c-6b59ae821168@group-A411080B45C1-LeaderElection7] INFO  server.RaftServerConfigKeys (ConfUtils.java:logGet(46)) - raft.server.log.log-metadata.enabled = true (default)
2024-07-22 09:22:10,216 [8b9937ac-618a-4a68-974c-6b59ae821168@group-A411080B45C1-LeaderElection7] INFO  server.RaftServerConfigKeys (ConfUtils.java:logGet(46)) - raft.server.write.element-limit = 1024 (custom)
2024-07-22 09:22:10,216 [8b9937ac-618a-4a68-974c-6b59ae821168@group-A411080B45C1-LeaderElection7] INFO  server.RaftServerConfigKeys (ConfUtils.java:logGet(46)) - raft.server.write.follower.gap.ratio.max = -1.0 (default)
2024-07-22 09:22:10,217 [8b9937ac-618a-4a68-974c-6b59ae821168@group-A411080B45C1-LeaderElection7] INFO  impl.RoleInfo (RoleInfo.java:updateAndGet(148)) - 8b9937ac-618a-4a68-974c-6b59ae821168: start 8b9937ac-618a-4a68-974c-6b59ae821168@group-A411080B45C1-LeaderStateImpl
2024-07-22 09:22:10,217 [8b9937ac-618a-4a68-974c-6b59ae821168@group-A411080B45C1-LeaderElection7] INFO  server.RaftServer$Division (RaftServerImpl.java:setFirstElection(549)) - 8b9937ac-618a-4a68-974c-6b59ae821168@group-A411080B45C1: set firstElectionSinceStartup to false for becomeLeader
2024-07-22 09:22:10,217 [8b9937ac-618a-4a68-974c-6b59ae821168@group-A411080B45C1-LeaderElection7] INFO  ratis.XceiverServerRatis (XceiverServerRatis.java:handleLeaderChangedNotification(950)) - Leader change notification received for group: group-A411080B45C1 with new leaderId: 8b9937ac-618a-4a68-974c-6b59ae821168
2024-07-22 09:22:10,217 [8b9937ac-618a-4a68-974c-6b59ae821168@group-A411080B45C1-LeaderElection7] INFO  server.RaftServer$Division (ServerState.java:setLeader(272)) - 8b9937ac-618a-4a68-974c-6b59ae821168@group-A411080B45C1: change Leader from null to 8b9937ac-618a-4a68-974c-6b59ae821168 at term 1 for becomeLeader, leader elected after 5128ms
2024-07-22 09:22:10,217 [8b9937ac-618a-4a68-974c-6b59ae821168@group-A411080B45C1-LeaderElection7] INFO  segmented.SegmentedRaftLogWorker (SegmentedRaftLogWorker.java:startLogSegment(433)) - 8b9937ac-618a-4a68-974c-6b59ae821168@group-A411080B45C1-SegmentedRaftLogWorker: Starting segment from index:0
2024-07-22 09:22:10,218 [8b9937ac-618a-4a68-974c-6b59ae821168@group-A411080B45C1-SegmentedRaftLogWorker] INFO  segmented.BufferedWriteChannel (BufferedWriteChannel.java:open(61)) - open log_inprogress_0 at position 0
2024-07-22 09:22:10,219 [1ba5db44-79b5-4f90-beb2-74b6002ac6d7@group-C7AC607CC480-LeaderElection6] INFO  server.RaftServerConfigKeys (ConfUtils.java:logFallback(53)) - raft.server.rpc.first-election.timeout.min = 5s (fallback to raft.server.rpc.timeout.min)
2024-07-22 09:22:10,219 [1ba5db44-79b5-4f90-beb2-74b6002ac6d7@group-C7AC607CC480-LeaderElection6] INFO  server.RaftServerConfigKeys (ConfUtils.java:logFallback(53)) - raft.server.rpc.first-election.timeout.max = 5200ms (fallback to raft.server.rpc.timeout.max)
2024-07-22 09:22:10,220 [1ba5db44-79b5-4f90-beb2-74b6002ac6d7@group-C7AC607CC480-LeaderElection6-2] INFO  server.GrpcServerProtocolClient (GrpcServerProtocolClient.java:<init>(65)) - Build channel for 8b9937ac-618a-4a68-974c-6b59ae821168|127.0.0.1:15032
2024-07-22 09:22:10,222 [ad117ebe-3568-403d-bc57-6f7f1929bcc4-server-thread1] INFO  ratis.XceiverServerRatis (XceiverServerRatis.java:handleLeaderChangedNotification(950)) - Leader change notification received for group: group-721621F6382A with new leaderId: 8b9937ac-618a-4a68-974c-6b59ae821168
2024-07-22 09:22:10,223 [ad117ebe-3568-403d-bc57-6f7f1929bcc4-server-thread1] INFO  server.RaftServer$Division (ServerState.java:setLeader(272)) - ad117ebe-3568-403d-bc57-6f7f1929bcc4@group-721621F6382A: change Leader from null to 8b9937ac-618a-4a68-974c-6b59ae821168 at term 1 for appendEntries, leader elected after 5635ms
2024-07-22 09:22:10,217 [1ba5db44-79b5-4f90-beb2-74b6002ac6d7@group-C7AC607CC480-LeaderElection6-1] INFO  server.GrpcServerProtocolClient (GrpcServerProtocolClient.java:<init>(65)) - Build channel for ad117ebe-3568-403d-bc57-6f7f1929bcc4|127.0.0.1:15014
2024-07-22 09:22:10,227 [8b9937ac-618a-4a68-974c-6b59ae821168@group-A411080B45C1-LeaderElection7] INFO  server.RaftServer$Division (ServerState.java:setRaftConf(386)) - 8b9937ac-618a-4a68-974c-6b59ae821168@group-A411080B45C1: set configuration conf: {index: 0, cur=peers:[8b9937ac-618a-4a68-974c-6b59ae821168|127.0.0.1:15032]|listeners:[], old=null}
2024-07-22 09:22:10,230 [8b9937ac-618a-4a68-974c-6b59ae821168@group-A411080B45C1-SegmentedRaftLogWorker] INFO  segmented.SegmentedRaftLogWorker (SegmentedRaftLogWorker.java:execute(637)) - 8b9937ac-618a-4a68-974c-6b59ae821168@group-A411080B45C1-SegmentedRaftLogWorker: created new log segment /home/runner/work/ozone/ozone/hadoop-ozone/integration-test/target/test-dir/MiniOzoneClusterImpl-4478e412-ba5d-49c0-9319-4f1e6a18fdaa/ozone-meta/datanode-3/ratis/56f34a69-2e3c-4b62-a16a-a411080b45c1/current/log_inprogress_0
2024-07-22 09:22:10,245 [grpc-default-executor-0] INFO  server.RaftServer$Division (RaftServerImpl.java:requestVote(1416)) - 8b9937ac-618a-4a68-974c-6b59ae821168@group-C7AC607CC480: receive requestVote(PRE_VOTE, 1ba5db44-79b5-4f90-beb2-74b6002ac6d7, group-C7AC607CC480, 0, (t:0, i:0))
2024-07-22 09:22:10,245 [grpc-default-executor-0] INFO  impl.VoteContext (VoteContext.java:log(49)) - 8b9937ac-618a-4a68-974c-6b59ae821168@group-C7AC607CC480-FOLLOWER: accept PRE_VOTE from 1ba5db44-79b5-4f90-beb2-74b6002ac6d7: our priority 0 <= candidate's priority 1
2024-07-22 09:22:10,246 [grpc-default-executor-0] INFO  server.RaftServer$Division (RaftServerImpl.java:requestVote(1449)) - 8b9937ac-618a-4a68-974c-6b59ae821168@group-C7AC607CC480 replies to PRE_VOTE vote request: 1ba5db44-79b5-4f90-beb2-74b6002ac6d7<-8b9937ac-618a-4a68-974c-6b59ae821168#0:OK-t0. Peer's state: 8b9937ac-618a-4a68-974c-6b59ae821168@group-C7AC607CC480:t0, leader=null, voted=, raftlog=Memoized:8b9937ac-618a-4a68-974c-6b59ae821168@group-C7AC607CC480-SegmentedRaftLog:OPENED:c-1:lastnull, conf=conf: {index: -1, cur=peers:[1ba5db44-79b5-4f90-beb2-74b6002ac6d7|127.0.0.1:15023, ad117ebe-3568-403d-bc57-6f7f1929bcc4|127.0.0.1:15014, 8b9937ac-618a-4a68-974c-6b59ae821168|127.0.0.1:15032]|listeners:[], old=null}
2024-07-22 09:22:10,247 [1ba5db44-79b5-4f90-beb2-74b6002ac6d7@group-C7AC607CC480-LeaderElection6] INFO  impl.LeaderElection (LeaderElection.java:logAndReturn(89)) - 1ba5db44-79b5-4f90-beb2-74b6002ac6d7@group-C7AC607CC480-LeaderElection6: PRE_VOTE PASSED received 1 response(s) and 0 exception(s):
2024-07-22 09:22:10,247 [1ba5db44-79b5-4f90-beb2-74b6002ac6d7@group-C7AC607CC480-LeaderElection6] INFO  impl.LeaderElection (LeaderElection.java:logAndReturn(93)) -   Response 0: 1ba5db44-79b5-4f90-beb2-74b6002ac6d7<-8b9937ac-618a-4a68-974c-6b59ae821168#0:OK-t0
2024-07-22 09:22:10,247 [1ba5db44-79b5-4f90-beb2-74b6002ac6d7@group-C7AC607CC480-LeaderElection6] INFO  impl.LeaderElection (LeaderElection.java:askForVotes(323)) - 1ba5db44-79b5-4f90-beb2-74b6002ac6d7@group-C7AC607CC480-LeaderElection6 PRE_VOTE round 0: result PASSED
2024-07-22 09:22:10,248 [1ba5db44-79b5-4f90-beb2-74b6002ac6d7@group-C7AC607CC480-LeaderElection6] INFO  impl.LeaderElection (LeaderElection.java:askForVotes(321)) - 1ba5db44-79b5-4f90-beb2-74b6002ac6d7@group-C7AC607CC480-LeaderElection6 ELECTION round 0: submit vote requests at term 1 for conf: {index: -1, cur=peers:[1ba5db44-79b5-4f90-beb2-74b6002ac6d7|127.0.0.1:15023, ad117ebe-3568-403d-bc57-6f7f1929bcc4|127.0.0.1:15014, 8b9937ac-618a-4a68-974c-6b59ae821168|127.0.0.1:15032]|listeners:[], old=null}
2024-07-22 09:22:10,254 [ad117ebe-3568-403d-bc57-6f7f1929bcc4-server-thread3] INFO  server.RaftServer$Division (ServerState.java:setRaftConf(386)) - ad117ebe-3568-403d-bc57-6f7f1929bcc4@group-721621F6382A: set configuration conf: {index: 0, cur=peers:[1ba5db44-79b5-4f90-beb2-74b6002ac6d7|127.0.0.1:15023, ad117ebe-3568-403d-bc57-6f7f1929bcc4|127.0.0.1:15014, 8b9937ac-618a-4a68-974c-6b59ae821168|127.0.0.1:15032]|listeners:[], old=null}
2024-07-22 09:22:10,255 [ad117ebe-3568-403d-bc57-6f7f1929bcc4-server-thread3] INFO  segmented.SegmentedRaftLogWorker (SegmentedRaftLogWorker.java:startLogSegment(433)) - ad117ebe-3568-403d-bc57-6f7f1929bcc4@group-721621F6382A-SegmentedRaftLogWorker: Starting segment from index:0
2024-07-22 09:22:10,256 [ad117ebe-3568-403d-bc57-6f7f1929bcc4@group-721621F6382A-SegmentedRaftLogWorker] INFO  segmented.BufferedWriteChannel (BufferedWriteChannel.java:open(61)) - open log_inprogress_0 at position 0
2024-07-22 09:22:10,259 [8b9937ac-618a-4a68-974c-6b59ae821168@group-C7AC607CC480-FollowerState] INFO  server.RaftServerConfigKeys (ConfUtils.java:logFallback(53)) - raft.server.rpc.first-election.timeout.min = 5s (fallback to raft.server.rpc.timeout.min)
2024-07-22 09:22:10,259 [8b9937ac-618a-4a68-974c-6b59ae821168@group-C7AC607CC480-FollowerState] INFO  server.RaftServerConfigKeys (ConfUtils.java:logFallback(53)) - raft.server.rpc.first-election.timeout.max = 5200ms (fallback to raft.server.rpc.timeout.max)
2024-07-22 09:22:10,267 [ad117ebe-3568-403d-bc57-6f7f1929bcc4@group-721621F6382A-SegmentedRaftLogWorker] INFO  segmented.SegmentedRaftLogWorker (SegmentedRaftLogWorker.java:execute(637)) - ad117ebe-3568-403d-bc57-6f7f1929bcc4@group-721621F6382A-SegmentedRaftLogWorker: created new log segment /home/runner/work/ozone/ozone/hadoop-ozone/integration-test/target/test-dir/MiniOzoneClusterImpl-4478e412-ba5d-49c0-9319-4f1e6a18fdaa/ozone-meta/datanode-1/ratis/372f24e1-ea7c-49ee-972e-721621f6382a/current/log_inprogress_0
2024-07-22 09:22:10,274 [8b9937ac-618a-4a68-974c-6b59ae821168@group-A411080B45C1-StateMachineUpdater] INFO  server.RaftServer$Division (LeaderStateImpl.java:checkStartIndex(316)) - Leader 8b9937ac-618a-4a68-974c-6b59ae821168@group-A411080B45C1-LeaderStateImpl is ready since appliedIndex == startIndex == 0
2024-07-22 09:22:10,277 [1ba5db44-79b5-4f90-beb2-74b6002ac6d7-server-thread1] INFO  ratis.XceiverServerRatis (XceiverServerRatis.java:handleLeaderChangedNotification(950)) - Leader change notification received for group: group-721621F6382A with new leaderId: 8b9937ac-618a-4a68-974c-6b59ae821168
2024-07-22 09:22:10,277 [1ba5db44-79b5-4f90-beb2-74b6002ac6d7-server-thread1] INFO  server.RaftServer$Division (ServerState.java:setLeader(272)) - 1ba5db44-79b5-4f90-beb2-74b6002ac6d7@group-721621F6382A: change Leader from null to 8b9937ac-618a-4a68-974c-6b59ae821168 at term 1 for appendEntries, leader elected after 5400ms
2024-07-22 09:22:10,294 [8b9937ac-618a-4a68-974c-6b59ae821168@group-721621F6382A-StateMachineUpdater] INFO  server.RaftServer$Division (LeaderStateImpl.java:checkStartIndex(316)) - Leader 8b9937ac-618a-4a68-974c-6b59ae821168@group-721621F6382A-LeaderStateImpl is ready since appliedIndex == startIndex == 0
2024-07-22 09:22:10,294 [1ba5db44-79b5-4f90-beb2-74b6002ac6d7@group-C7AC607CC480-LeaderElection6] INFO  server.RaftServerConfigKeys (ConfUtils.java:logFallback(53)) - raft.server.rpc.first-election.timeout.min = 5s (fallback to raft.server.rpc.timeout.min)
2024-07-22 09:22:10,295 [1ba5db44-79b5-4f90-beb2-74b6002ac6d7@group-C7AC607CC480-LeaderElection6] INFO  server.RaftServerConfigKeys (ConfUtils.java:logFallback(53)) - raft.server.rpc.first-election.timeout.max = 5200ms (fallback to raft.server.rpc.timeout.max)
2024-07-22 09:22:10,296 [grpc-default-executor-6] INFO  server.RaftServer$Division (RaftServerImpl.java:requestVote(1416)) - ad117ebe-3568-403d-bc57-6f7f1929bcc4@group-C7AC607CC480: receive requestVote(ELECTION, 1ba5db44-79b5-4f90-beb2-74b6002ac6d7, group-C7AC607CC480, 1, (t:0, i:0))
2024-07-22 09:22:10,297 [grpc-default-executor-6] INFO  impl.VoteContext (VoteContext.java:log(49)) - ad117ebe-3568-403d-bc57-6f7f1929bcc4@group-C7AC607CC480-FOLLOWER: accept ELECTION from 1ba5db44-79b5-4f90-beb2-74b6002ac6d7: our priority 0 <= candidate's priority 1
2024-07-22 09:22:10,297 [grpc-default-executor-6] INFO  server.RaftServer$Division (RaftServerImpl.java:setRole(376)) - ad117ebe-3568-403d-bc57-6f7f1929bcc4@group-C7AC607CC480: changes role from  FOLLOWER to FOLLOWER at term 1 for candidate:1ba5db44-79b5-4f90-beb2-74b6002ac6d7
2024-07-22 09:22:10,297 [grpc-default-executor-6] INFO  impl.RoleInfo (RoleInfo.java:shutdownFollowerState(119)) - ad117ebe-3568-403d-bc57-6f7f1929bcc4: shutdown ad117ebe-3568-403d-bc57-6f7f1929bcc4@group-C7AC607CC480-FollowerState
2024-07-22 09:22:10,297 [grpc-default-executor-6] INFO  impl.RoleInfo (RoleInfo.java:updateAndGet(148)) - ad117ebe-3568-403d-bc57-6f7f1929bcc4: start ad117ebe-3568-403d-bc57-6f7f1929bcc4@group-C7AC607CC480-FollowerState
2024-07-22 09:22:10,297 [ad117ebe-3568-403d-bc57-6f7f1929bcc4@group-C7AC607CC480-FollowerState] INFO  impl.FollowerState (FollowerState.java:run(153)) - ad117ebe-3568-403d-bc57-6f7f1929bcc4@group-C7AC607CC480-FollowerState was interrupted
2024-07-22 09:22:10,298 [1ba5db44-79b5-4f90-beb2-74b6002ac6d7-server-thread2] INFO  server.RaftServer$Division (ServerState.java:setRaftConf(386)) - 1ba5db44-79b5-4f90-beb2-74b6002ac6d7@group-721621F6382A: set configuration conf: {index: 0, cur=peers:[1ba5db44-79b5-4f90-beb2-74b6002ac6d7|127.0.0.1:15023, ad117ebe-3568-403d-bc57-6f7f1929bcc4|127.0.0.1:15014, 8b9937ac-618a-4a68-974c-6b59ae821168|127.0.0.1:15032]|listeners:[], old=null}
2024-07-22 09:22:10,299 [1ba5db44-79b5-4f90-beb2-74b6002ac6d7-server-thread2] INFO  segmented.SegmentedRaftLogWorker (SegmentedRaftLogWorker.java:startLogSegment(433)) - 1ba5db44-79b5-4f90-beb2-74b6002ac6d7@group-721621F6382A-SegmentedRaftLogWorker: Starting segment from index:0
2024-07-22 09:22:10,299 [1ba5db44-79b5-4f90-beb2-74b6002ac6d7@group-721621F6382A-SegmentedRaftLogWorker] INFO  segmented.BufferedWriteChannel (BufferedWriteChannel.java:open(61)) - open log_inprogress_0 at position 0
2024-07-22 09:22:10,299 [grpc-default-executor-0] INFO  server.RaftServer$Division (RaftServerImpl.java:requestVote(1416)) - 8b9937ac-618a-4a68-974c-6b59ae821168@group-C7AC607CC480: receive requestVote(ELECTION, 1ba5db44-79b5-4f90-beb2-74b6002ac6d7, group-C7AC607CC480, 1, (t:0, i:0))
2024-07-22 09:22:10,300 [grpc-default-executor-0] INFO  impl.VoteContext (VoteContext.java:log(49)) - 8b9937ac-618a-4a68-974c-6b59ae821168@group-C7AC607CC480-FOLLOWER: accept ELECTION from 1ba5db44-79b5-4f90-beb2-74b6002ac6d7: our priority 0 <= candidate's priority 1
2024-07-22 09:22:10,300 [grpc-default-executor-0] INFO  server.RaftServer$Division (RaftServerImpl.java:setRole(376)) - 8b9937ac-618a-4a68-974c-6b59ae821168@group-C7AC607CC480: changes role from  FOLLOWER to FOLLOWER at term 1 for candidate:1ba5db44-79b5-4f90-beb2-74b6002ac6d7
2024-07-22 09:22:10,300 [grpc-default-executor-0] INFO  impl.RoleInfo (RoleInfo.java:shutdownFollowerState(119)) - 8b9937ac-618a-4a68-974c-6b59ae821168: shutdown 8b9937ac-618a-4a68-974c-6b59ae821168@group-C7AC607CC480-FollowerState
2024-07-22 09:22:10,300 [grpc-default-executor-0] INFO  impl.RoleInfo (RoleInfo.java:updateAndGet(148)) - 8b9937ac-618a-4a68-974c-6b59ae821168: start 8b9937ac-618a-4a68-974c-6b59ae821168@group-C7AC607CC480-FollowerState
2024-07-22 09:22:10,300 [8b9937ac-618a-4a68-974c-6b59ae821168@group-C7AC607CC480-FollowerState] INFO  impl.FollowerState (FollowerState.java:run(153)) - 8b9937ac-618a-4a68-974c-6b59ae821168@group-C7AC607CC480-FollowerState was interrupted
2024-07-22 09:22:10,303 [grpc-default-executor-6] INFO  server.RaftServer$Division (RaftServerImpl.java:requestVote(1449)) - ad117ebe-3568-403d-bc57-6f7f1929bcc4@group-C7AC607CC480 replies to ELECTION vote request: 1ba5db44-79b5-4f90-beb2-74b6002ac6d7<-ad117ebe-3568-403d-bc57-6f7f1929bcc4#0:OK-t1. Peer's state: ad117ebe-3568-403d-bc57-6f7f1929bcc4@group-C7AC607CC480:t1, leader=null, voted=1ba5db44-79b5-4f90-beb2-74b6002ac6d7, raftlog=Memoized:ad117ebe-3568-403d-bc57-6f7f1929bcc4@group-C7AC607CC480-SegmentedRaftLog:OPENED:c-1:lastnull, conf=conf: {index: -1, cur=peers:[1ba5db44-79b5-4f90-beb2-74b6002ac6d7|127.0.0.1:15023, ad117ebe-3568-403d-bc57-6f7f1929bcc4|127.0.0.1:15014, 8b9937ac-618a-4a68-974c-6b59ae821168|127.0.0.1:15032]|listeners:[], old=null}
2024-07-22 09:22:10,308 [grpc-default-executor-0] INFO  server.RaftServer$Division (RaftServerImpl.java:setFirstElection(549)) - 8b9937ac-618a-4a68-974c-6b59ae821168@group-C7AC607CC480: set firstElectionSinceStartup to false for candidate:1ba5db44-79b5-4f90-beb2-74b6002ac6d7
2024-07-22 09:22:10,309 [1ba5db44-79b5-4f90-beb2-74b6002ac6d7@group-C7AC607CC480-LeaderElection6] INFO  impl.LeaderElection (LeaderElection.java:logAndReturn(89)) - 1ba5db44-79b5-4f90-beb2-74b6002ac6d7@group-C7AC607CC480-LeaderElection6: ELECTION PASSED received 1 response(s) and 0 exception(s):
2024-07-22 09:22:10,309 [1ba5db44-79b5-4f90-beb2-74b6002ac6d7@group-C7AC607CC480-LeaderElection6] INFO  impl.LeaderElection (LeaderElection.java:logAndReturn(93)) -   Response 0: 1ba5db44-79b5-4f90-beb2-74b6002ac6d7<-ad117ebe-3568-403d-bc57-6f7f1929bcc4#0:OK-t1
2024-07-22 09:22:10,309 [grpc-default-executor-0] INFO  server.RaftServer$Division (RaftServerImpl.java:requestVote(1449)) - 8b9937ac-618a-4a68-974c-6b59ae821168@group-C7AC607CC480 replies to ELECTION vote request: 1ba5db44-79b5-4f90-beb2-74b6002ac6d7<-8b9937ac-618a-4a68-974c-6b59ae821168#0:OK-t1. Peer's state: 8b9937ac-618a-4a68-974c-6b59ae821168@group-C7AC607CC480:t1, leader=null, voted=1ba5db44-79b5-4f90-beb2-74b6002ac6d7, raftlog=Memoized:8b9937ac-618a-4a68-974c-6b59ae821168@group-C7AC607CC480-SegmentedRaftLog:OPENED:c-1:lastnull, conf=conf: {index: -1, cur=peers:[1ba5db44-79b5-4f90-beb2-74b6002ac6d7|127.0.0.1:15023, ad117ebe-3568-403d-bc57-6f7f1929bcc4|127.0.0.1:15014, 8b9937ac-618a-4a68-974c-6b59ae821168|127.0.0.1:15032]|listeners:[], old=null}
2024-07-22 09:22:10,309 [1ba5db44-79b5-4f90-beb2-74b6002ac6d7@group-C7AC607CC480-LeaderElection6] INFO  impl.LeaderElection (LeaderElection.java:askForVotes(323)) - 1ba5db44-79b5-4f90-beb2-74b6002ac6d7@group-C7AC607CC480-LeaderElection6 ELECTION round 0: result PASSED
2024-07-22 09:22:10,310 [1ba5db44-79b5-4f90-beb2-74b6002ac6d7@group-C7AC607CC480-LeaderElection6] INFO  impl.RoleInfo (RoleInfo.java:shutdownLeaderElection(139)) - 1ba5db44-79b5-4f90-beb2-74b6002ac6d7: shutdown 1ba5db44-79b5-4f90-beb2-74b6002ac6d7@group-C7AC607CC480-LeaderElection6
2024-07-22 09:22:10,310 [1ba5db44-79b5-4f90-beb2-74b6002ac6d7@group-C7AC607CC480-LeaderElection6] INFO  server.RaftServer$Division (RaftServerImpl.java:setRole(376)) - 1ba5db44-79b5-4f90-beb2-74b6002ac6d7@group-C7AC607CC480: changes role from CANDIDATE to LEADER at term 1 for changeToLeader
2024-07-22 09:22:10,310 [1ba5db44-79b5-4f90-beb2-74b6002ac6d7@group-C7AC607CC480-LeaderElection6] INFO  server.RaftServerConfigKeys (ConfUtils.java:logGet(46)) - raft.server.staging.catchup.gap = 1000 (default)
2024-07-22 09:22:10,310 [1ba5db44-79b5-4f90-beb2-74b6002ac6d7@group-C7AC607CC480-LeaderElection6] INFO  server.RaftServerConfigKeys (ConfUtils.java:logGet(46)) - raft.server.write.element-limit = 1024 (custom)
2024-07-22 09:22:10,311 [1ba5db44-79b5-4f90-beb2-74b6002ac6d7@group-C7AC607CC480-LeaderElection6] INFO  server.RaftServerConfigKeys (ConfUtils.java:logGet(46)) - raft.server.write.byte-limit = 1024 M (=1073741824) (custom)
2024-07-22 09:22:10,311 [1ba5db44-79b5-4f90-beb2-74b6002ac6d7@group-C7AC607CC480-LeaderElection6] INFO  server.RaftServerConfigKeys (ConfUtils.java:logGet(46)) - raft.server.watch.timeout = 30s (custom)
2024-07-22 09:22:10,311 [1ba5db44-79b5-4f90-beb2-74b6002ac6d7@group-C7AC607CC480-LeaderElection6] INFO  server.RaftServerConfigKeys (ConfUtils.java:logGet(46)) - raft.server.watch.timeout.denomination = 1s (default)
2024-07-22 09:22:10,311 [1ba5db44-79b5-4f90-beb2-74b6002ac6d7@group-C7AC607CC480-LeaderElection6] INFO  server.RaftServerConfigKeys (ConfUtils.java:logGet(46)) - raft.server.watch.element-limit = 65536 (default)
2024-07-22 09:22:10,312 [1ba5db44-79b5-4f90-beb2-74b6002ac6d7@group-C7AC607CC480-LeaderElection6] INFO  server.RaftServerConfigKeys (ConfUtils.java:logGet(46)) - raft.server.read.leader.lease.enabled = false (default)
2024-07-22 09:22:10,312 [1ba5db44-79b5-4f90-beb2-74b6002ac6d7@group-C7AC607CC480-LeaderElection6] INFO  server.RaftServerConfigKeys (ConfUtils.java:logGet(46)) - raft.server.read.leader.lease.timeout.ratio = 0.9 (default)
2024-07-22 09:22:10,312 [1ba5db44-79b5-4f90-beb2-74b6002ac6d7@group-C7AC607CC480-LeaderElection6] INFO  server.RaftServerConfigKeys (ConfUtils.java:logGet(46)) - raft.server.rpc.timeout.min = 5s (custom)
2024-07-22 09:22:10,312 [1ba5db44-79b5-4f90-beb2-74b6002ac6d7@group-C7AC607CC480-LeaderElection6] INFO  server.RaftServerConfigKeys (ConfUtils.java:logGet(46)) - raft.server.log.log-metadata.enabled = true (default)
2024-07-22 09:22:10,312 [1ba5db44-79b5-4f90-beb2-74b6002ac6d7@group-C7AC607CC480-LeaderElection6] INFO  server.RaftServerConfigKeys (ConfUtils.java:logGet(46)) - raft.server.write.element-limit = 1024 (custom)
2024-07-22 09:22:10,312 [1ba5db44-79b5-4f90-beb2-74b6002ac6d7@group-C7AC607CC480-LeaderElection6] INFO  server.RaftServerConfigKeys (ConfUtils.java:logGet(46)) - raft.server.write.follower.gap.ratio.max = -1.0 (default)
2024-07-22 09:22:10,313 [1ba5db44-79b5-4f90-beb2-74b6002ac6d7@group-C7AC607CC480-LeaderElection6] INFO  server.RaftServerConfigKeys (ConfUtils.java:logGet(46)) - raft.server.log.appender.snapshot.chunk.size.max = 16MB (=16777216) (default)
2024-07-22 09:22:10,313 [1ba5db44-79b5-4f90-beb2-74b6002ac6d7@group-C7AC607CC480-LeaderElection6] INFO  server.RaftServerConfigKeys (ConfUtils.java:logGet(46)) - raft.server.log.appender.buffer.byte-limit = 8388608 (custom)
2024-07-22 09:22:10,313 [1ba5db44-79b5-4f90-beb2-74b6002ac6d7@group-721621F6382A-SegmentedRaftLogWorker] INFO  segmented.SegmentedRaftLogWorker (SegmentedRaftLogWorker.java:execute(637)) - 1ba5db44-79b5-4f90-beb2-74b6002ac6d7@group-721621F6382A-SegmentedRaftLogWorker: created new log segment /home/runner/work/ozone/ozone/hadoop-ozone/integration-test/target/test-dir/MiniOzoneClusterImpl-4478e412-ba5d-49c0-9319-4f1e6a18fdaa/ozone-meta/datanode-2/ratis/372f24e1-ea7c-49ee-972e-721621f6382a/current/log_inprogress_0
2024-07-22 09:22:10,314 [1ba5db44-79b5-4f90-beb2-74b6002ac6d7@group-C7AC607CC480-LeaderElection6] INFO  server.RaftServerConfigKeys (ConfUtils.java:logGet(46)) - raft.server.log.appender.buffer.element-limit = 1024 (custom)
2024-07-22 09:22:10,314 [1ba5db44-79b5-4f90-beb2-74b6002ac6d7@group-C7AC607CC480-LeaderElection6] INFO  server.RaftServerConfigKeys (ConfUtils.java:logGet(46)) - raft.server.log.appender.wait-time.min = 0μs (custom)
2024-07-22 09:22:10,315 [1ba5db44-79b5-4f90-beb2-74b6002ac6d7@group-C7AC607CC480-LeaderElection6] INFO  grpc.GrpcConfigKeys (ConfUtils.java:logGet(46)) - raft.grpc.server.leader.outstanding.appends.max = 8 (default)
2024-07-22 09:22:10,315 [1ba5db44-79b5-4f90-beb2-74b6002ac6d7@group-C7AC607CC480-LeaderElection6] INFO  server.RaftServerConfigKeys (ConfUtils.java:logGet(46)) - raft.server.rpc.request.timeout = 60s (custom)
2024-07-22 09:22:10,315 [1ba5db44-79b5-4f90-beb2-74b6002ac6d7@group-C7AC607CC480-LeaderElection6] INFO  grpc.GrpcConfigKeys (ConfUtils.java:logGet(46)) - raft.grpc.server.install_snapshot.request.element-limit = 8 (default)
2024-07-22 09:22:10,315 [1ba5db44-79b5-4f90-beb2-74b6002ac6d7@group-C7AC607CC480-LeaderElection6] INFO  grpc.GrpcConfigKeys (ConfUtils.java:logGet(46)) - raft.grpc.server.install_snapshot.request.timeout = 3000ms (default)
2024-07-22 09:22:10,315 [1ba5db44-79b5-4f90-beb2-74b6002ac6d7@group-C7AC607CC480-LeaderElection6] INFO  grpc.GrpcConfigKeys (ConfUtils.java:logGet(46)) - raft.grpc.server.log-message.batch.duration = 5s (default)
2024-07-22 09:22:10,316 [1ba5db44-79b5-4f90-beb2-74b6002ac6d7@group-C7AC607CC480-LeaderElection6] INFO  server.RaftServerConfigKeys (ConfUtils.java:logGet(46)) - raft.server.log.appender.install.snapshot.enabled = false (custom)
2024-07-22 09:22:10,316 [1ba5db44-79b5-4f90-beb2-74b6002ac6d7@group-C7AC607CC480-LeaderElection6] INFO  grpc.GrpcConfigKeys (ConfUtils.java:logGet(46)) - raft.grpc.server.heartbeat.channel = true (default)
2024-07-22 09:22:10,317 [1ba5db44-79b5-4f90-beb2-74b6002ac6d7@group-C7AC607CC480-LeaderElection6] INFO  server.RaftServerConfigKeys (ConfUtils.java:logGet(46)) - raft.server.log.appender.snapshot.chunk.size.max = 16MB (=16777216) (default)
2024-07-22 09:22:10,317 [1ba5db44-79b5-4f90-beb2-74b6002ac6d7@group-C7AC607CC480-LeaderElection6] INFO  server.RaftServerConfigKeys (ConfUtils.java:logGet(46)) - raft.server.log.appender.buffer.byte-limit = 8388608 (custom)
2024-07-22 09:22:10,317 [1ba5db44-79b5-4f90-beb2-74b6002ac6d7@group-C7AC607CC480-LeaderElection6] INFO  server.RaftServerConfigKeys (ConfUtils.java:logGet(46)) - raft.server.log.appender.buffer.element-limit = 1024 (custom)
2024-07-22 09:22:10,317 [1ba5db44-79b5-4f90-beb2-74b6002ac6d7@group-C7AC607CC480-LeaderElection6] INFO  server.RaftServerConfigKeys (ConfUtils.java:logGet(46)) - raft.server.log.appender.wait-time.min = 0μs (custom)
2024-07-22 09:22:10,317 [1ba5db44-79b5-4f90-beb2-74b6002ac6d7@group-C7AC607CC480-LeaderElection6] INFO  grpc.GrpcConfigKeys (ConfUtils.java:logGet(46)) - raft.grpc.server.leader.outstanding.appends.max = 8 (default)
2024-07-22 09:22:10,317 [1ba5db44-79b5-4f90-beb2-74b6002ac6d7@group-C7AC607CC480-LeaderElection6] INFO  server.RaftServerConfigKeys (ConfUtils.java:logGet(46)) - raft.server.rpc.request.timeout = 60s (custom)
2024-07-22 09:22:10,317 [1ba5db44-79b5-4f90-beb2-74b6002ac6d7@group-C7AC607CC480-LeaderElection6] INFO  grpc.GrpcConfigKeys (ConfUtils.java:logGet(46)) - raft.grpc.server.install_snapshot.request.element-limit = 8 (default)
2024-07-22 09:22:10,318 [1ba5db44-79b5-4f90-beb2-74b6002ac6d7@group-C7AC607CC480-LeaderElection6] INFO  grpc.GrpcConfigKeys (ConfUtils.java:logGet(46)) - raft.grpc.server.install_snapshot.request.timeout = 3000ms (default)
2024-07-22 09:22:10,318 [1ba5db44-79b5-4f90-beb2-74b6002ac6d7@group-C7AC607CC480-LeaderElection6] INFO  grpc.GrpcConfigKeys (ConfUtils.java:logGet(46)) - raft.grpc.server.log-message.batch.duration = 5s (default)
2024-07-22 09:22:10,318 [1ba5db44-79b5-4f90-beb2-74b6002ac6d7@group-C7AC607CC480-LeaderElection6] INFO  server.RaftServerConfigKeys (ConfUtils.java:logGet(46)) - raft.server.log.appender.install.snapshot.enabled = false (custom)
2024-07-22 09:22:10,318 [1ba5db44-79b5-4f90-beb2-74b6002ac6d7@group-C7AC607CC480-LeaderElection6] INFO  grpc.GrpcConfigKeys (ConfUtils.java:logGet(46)) - raft.grpc.server.heartbeat.channel = true (default)
2024-07-22 09:22:10,318 [1ba5db44-79b5-4f90-beb2-74b6002ac6d7@group-C7AC607CC480-LeaderElection6] INFO  impl.RoleInfo (RoleInfo.java:updateAndGet(148)) - 1ba5db44-79b5-4f90-beb2-74b6002ac6d7: start 1ba5db44-79b5-4f90-beb2-74b6002ac6d7@group-C7AC607CC480-LeaderStateImpl
2024-07-22 09:22:10,318 [1ba5db44-79b5-4f90-beb2-74b6002ac6d7@group-C7AC607CC480-LeaderElection6] INFO  server.RaftServer$Division (RaftServerImpl.java:setFirstElection(549)) - 1ba5db44-79b5-4f90-beb2-74b6002ac6d7@group-C7AC607CC480: set firstElectionSinceStartup to false for becomeLeader
2024-07-22 09:22:10,318 [1ba5db44-79b5-4f90-beb2-74b6002ac6d7@group-C7AC607CC480-LeaderElection6] INFO  ratis.XceiverServerRatis (XceiverServerRatis.java:handleLeaderChangedNotification(950)) - Leader change notification received for group: group-C7AC607CC480 with new leaderId: 1ba5db44-79b5-4f90-beb2-74b6002ac6d7
2024-07-22 09:22:10,319 [1ba5db44-79b5-4f90-beb2-74b6002ac6d7@group-C7AC607CC480-LeaderElection6] INFO  server.RaftServer$Division (ServerState.java:setLeader(272)) - 1ba5db44-79b5-4f90-beb2-74b6002ac6d7@group-C7AC607CC480: change Leader from null to 1ba5db44-79b5-4f90-beb2-74b6002ac6d7 at term 1 for becomeLeader, leader elected after 5266ms
2024-07-22 09:22:10,319 [1ba5db44-79b5-4f90-beb2-74b6002ac6d7@group-C7AC607CC480-LeaderElection6] INFO  segmented.SegmentedRaftLogWorker (SegmentedRaftLogWorker.java:startLogSegment(433)) - 1ba5db44-79b5-4f90-beb2-74b6002ac6d7@group-C7AC607CC480-SegmentedRaftLogWorker: Starting segment from index:0
2024-07-22 09:22:10,319 [1ba5db44-79b5-4f90-beb2-74b6002ac6d7@group-C7AC607CC480-SegmentedRaftLogWorker] INFO  segmented.BufferedWriteChannel (BufferedWriteChannel.java:open(61)) - open log_inprogress_0 at position 0
2024-07-22 09:22:10,321 [EventQueue-PipelineReportForPipelineReportHandler] INFO  pipeline.PipelineReportHandler (PipelineReportHandler.java:processPipelineReport(136)) - Opened pipeline PipelineID=2ede0c02-3d1f-43d6-b275-c7ac607cc480
2024-07-22 09:22:10,325 [1ba5db44-79b5-4f90-beb2-74b6002ac6d7@group-C7AC607CC480-LeaderElection6] INFO  server.RaftServer$Division (ServerState.java:setRaftConf(386)) - 1ba5db44-79b5-4f90-beb2-74b6002ac6d7@group-C7AC607CC480: set configuration conf: {index: 0, cur=peers:[1ba5db44-79b5-4f90-beb2-74b6002ac6d7|127.0.0.1:15023, ad117ebe-3568-403d-bc57-6f7f1929bcc4|127.0.0.1:15014, 8b9937ac-618a-4a68-974c-6b59ae821168|127.0.0.1:15032]|listeners:[], old=null}
2024-07-22 09:22:10,330 [1ba5db44-79b5-4f90-beb2-74b6002ac6d7@group-C7AC607CC480-SegmentedRaftLogWorker] INFO  segmented.SegmentedRaftLogWorker (SegmentedRaftLogWorker.java:execute(637)) - 1ba5db44-79b5-4f90-beb2-74b6002ac6d7@group-C7AC607CC480-SegmentedRaftLogWorker: created new log segment /home/runner/work/ozone/ozone/hadoop-ozone/integration-test/target/test-dir/MiniOzoneClusterImpl-4478e412-ba5d-49c0-9319-4f1e6a18fdaa/ozone-meta/datanode-2/ratis/2ede0c02-3d1f-43d6-b275-c7ac607cc480/current/log_inprogress_0
2024-07-22 09:22:10,337 [ad117ebe-3568-403d-bc57-6f7f1929bcc4-server-thread1] INFO  ratis.XceiverServerRatis (XceiverServerRatis.java:handleLeaderChangedNotification(950)) - Leader change notification received for group: group-C7AC607CC480 with new leaderId: 1ba5db44-79b5-4f90-beb2-74b6002ac6d7
2024-07-22 09:22:10,337 [ad117ebe-3568-403d-bc57-6f7f1929bcc4-server-thread1] INFO  server.RaftServer$Division (ServerState.java:setLeader(272)) - ad117ebe-3568-403d-bc57-6f7f1929bcc4@group-C7AC607CC480: change Leader from null to 1ba5db44-79b5-4f90-beb2-74b6002ac6d7 at term 1 for appendEntries, leader elected after 5344ms
2024-07-22 09:22:10,351 [8b9937ac-618a-4a68-974c-6b59ae821168-server-thread1] INFO  ratis.XceiverServerRatis (XceiverServerRatis.java:handleLeaderChangedNotification(950)) - Leader change notification received for group: group-C7AC607CC480 with new leaderId: 1ba5db44-79b5-4f90-beb2-74b6002ac6d7
2024-07-22 09:22:10,351 [8b9937ac-618a-4a68-974c-6b59ae821168-server-thread1] INFO  server.RaftServer$Division (ServerState.java:setLeader(272)) - 8b9937ac-618a-4a68-974c-6b59ae821168@group-C7AC607CC480: change Leader from null to 1ba5db44-79b5-4f90-beb2-74b6002ac6d7 at term 1 for appendEntries, leader elected after 5307ms
2024-07-22 09:22:10,360 [ad117ebe-3568-403d-bc57-6f7f1929bcc4-server-thread3] INFO  server.RaftServer$Division (ServerState.java:setRaftConf(386)) - ad117ebe-3568-403d-bc57-6f7f1929bcc4@group-C7AC607CC480: set configuration conf: {index: 0, cur=peers:[1ba5db44-79b5-4f90-beb2-74b6002ac6d7|127.0.0.1:15023, ad117ebe-3568-403d-bc57-6f7f1929bcc4|127.0.0.1:15014, 8b9937ac-618a-4a68-974c-6b59ae821168|127.0.0.1:15032]|listeners:[], old=null}
2024-07-22 09:22:10,360 [ad117ebe-3568-403d-bc57-6f7f1929bcc4-server-thread3] INFO  segmented.SegmentedRaftLogWorker (SegmentedRaftLogWorker.java:startLogSegment(433)) - ad117ebe-3568-403d-bc57-6f7f1929bcc4@group-C7AC607CC480-SegmentedRaftLogWorker: Starting segment from index:0
2024-07-22 09:22:10,361 [ad117ebe-3568-403d-bc57-6f7f1929bcc4@group-C7AC607CC480-SegmentedRaftLogWorker] INFO  segmented.BufferedWriteChannel (BufferedWriteChannel.java:open(61)) - open log_inprogress_0 at position 0
2024-07-22 09:22:10,367 [8b9937ac-618a-4a68-974c-6b59ae821168-server-thread2] INFO  server.RaftServer$Division (ServerState.java:setRaftConf(386)) - 8b9937ac-618a-4a68-974c-6b59ae821168@group-C7AC607CC480: set configuration conf: {index: 0, cur=peers:[1ba5db44-79b5-4f90-beb2-74b6002ac6d7|127.0.0.1:15023, ad117ebe-3568-403d-bc57-6f7f1929bcc4|127.0.0.1:15014, 8b9937ac-618a-4a68-974c-6b59ae821168|127.0.0.1:15032]|listeners:[], old=null}
2024-07-22 09:22:10,367 [8b9937ac-618a-4a68-974c-6b59ae821168-server-thread2] INFO  segmented.SegmentedRaftLogWorker (SegmentedRaftLogWorker.java:startLogSegment(433)) - 8b9937ac-618a-4a68-974c-6b59ae821168@group-C7AC607CC480-SegmentedRaftLogWorker: Starting segment from index:0
2024-07-22 09:22:10,367 [8b9937ac-618a-4a68-974c-6b59ae821168@group-C7AC607CC480-SegmentedRaftLogWorker] INFO  segmented.BufferedWriteChannel (BufferedWriteChannel.java:open(61)) - open log_inprogress_0 at position 0
2024-07-22 09:22:10,371 [ad117ebe-3568-403d-bc57-6f7f1929bcc4@group-C7AC607CC480-SegmentedRaftLogWorker] INFO  segmented.SegmentedRaftLogWorker (SegmentedRaftLogWorker.java:execute(637)) - ad117ebe-3568-403d-bc57-6f7f1929bcc4@group-C7AC607CC480-SegmentedRaftLogWorker: created new log segment /home/runner/work/ozone/ozone/hadoop-ozone/integration-test/target/test-dir/MiniOzoneClusterImpl-4478e412-ba5d-49c0-9319-4f1e6a18fdaa/ozone-meta/datanode-1/ratis/2ede0c02-3d1f-43d6-b275-c7ac607cc480/current/log_inprogress_0
2024-07-22 09:22:10,379 [1ba5db44-79b5-4f90-beb2-74b6002ac6d7@group-C7AC607CC480-StateMachineUpdater] INFO  server.RaftServer$Division (LeaderStateImpl.java:checkStartIndex(316)) - Leader 1ba5db44-79b5-4f90-beb2-74b6002ac6d7@group-C7AC607CC480-LeaderStateImpl is ready since appliedIndex == startIndex == 0
2024-07-22 09:22:10,379 [8b9937ac-618a-4a68-974c-6b59ae821168@group-C7AC607CC480-SegmentedRaftLogWorker] INFO  segmented.SegmentedRaftLogWorker (SegmentedRaftLogWorker.java:execute(637)) - 8b9937ac-618a-4a68-974c-6b59ae821168@group-C7AC607CC480-SegmentedRaftLogWorker: created new log segment /home/runner/work/ozone/ozone/hadoop-ozone/integration-test/target/test-dir/MiniOzoneClusterImpl-4478e412-ba5d-49c0-9319-4f1e6a18fdaa/ozone-meta/datanode-3/ratis/2ede0c02-3d1f-43d6-b275-c7ac607cc480/current/log_inprogress_0
2024-07-22 09:22:11,074 [main] INFO  ozone.MiniOzoneClusterImpl (MiniOzoneClusterImpl.java:lambda$waitForClusterToBeReady$0(194)) - Nodes are ready. Got 3 of 3 DN Heartbeats.
2024-07-22 09:22:11,074 [main] INFO  ozone.MiniOzoneClusterImpl (MiniOzoneClusterImpl.java:lambda$waitForClusterToBeReady$0(197)) - Cluster exits safe mode
2024-07-22 09:22:11,075 [main] INFO  ozone.MiniOzoneClusterImpl (MiniOzoneClusterImpl.java:lambda$waitForClusterToBeReady$0(199)) - SCM became leader
2024-07-22 09:22:11,448 [main] INFO  rpc.RpcClient (RpcClient.java:createVolume(473)) - Creating Volume: d2458e7f-1c3d-498b-b154-2d38afef81f2, with runner as owner and space quota set to -1 bytes, counts quota set to -1
2024-07-22 09:22:11,511 [IPC Server handler 7 on default port 15004] INFO  volume.OMVolumeCreateRequest (OMVolumeCreateRequest.java:validateAndUpdateCache(198)) - created volume:d2458e7f-1c3d-498b-b154-2d38afef81f2 for user:runner
2024-07-22 09:22:59,569 [ad117ebe-3568-403d-bc57-6f7f1929bcc4-BlockDeletingService#0] INFO  interfaces.ContainerDeletionChoosingPolicyTemplate (ContainerDeletionChoosingPolicyTemplate.java:chooseContainerForBlockDeletion(85)) - Chosen 0/5000 blocks from 0 candidate containers.
2024-07-22 09:22:59,851 [1ba5db44-79b5-4f90-beb2-74b6002ac6d7-BlockDeletingService#0] INFO  interfaces.ContainerDeletionChoosingPolicyTemplate (ContainerDeletionChoosingPolicyTemplate.java:chooseContainerForBlockDeletion(85)) - Chosen 0/5000 blocks from 0 candidate containers.
2024-07-22 09:23:00,130 [8b9937ac-618a-4a68-974c-6b59ae821168-BlockDeletingService#0] INFO  interfaces.ContainerDeletionChoosingPolicyTemplate (ContainerDeletionChoosingPolicyTemplate.java:chooseContainerForBlockDeletion(85)) - Chosen 0/5000 blocks from 0 candidate containers.
2024-07-22 09:23:59,570 [ad117ebe-3568-403d-bc57-6f7f1929bcc4-BlockDeletingService#1] INFO  interfaces.ContainerDeletionChoosingPolicyTemplate (ContainerDeletionChoosingPolicyTemplate.java:chooseContainerForBlockDeletion(85)) - Chosen 0/5000 blocks from 0 candidate containers.
2024-07-22 09:23:59,851 [1ba5db44-79b5-4f90-beb2-74b6002ac6d7-BlockDeletingService#1] INFO  interfaces.ContainerDeletionChoosingPolicyTemplate (ContainerDeletionChoosingPolicyTemplate.java:chooseContainerForBlockDeletion(85)) - Chosen 0/5000 blocks from 0 candidate containers.
2024-07-22 09:24:00,130 [8b9937ac-618a-4a68-974c-6b59ae821168-BlockDeletingService#1] INFO  interfaces.ContainerDeletionChoosingPolicyTemplate (ContainerDeletionChoosingPolicyTemplate.java:chooseContainerForBlockDeletion(85)) - Chosen 0/5000 blocks from 0 candidate containers.
2024-07-22 09:24:59,570 [ad117ebe-3568-403d-bc57-6f7f1929bcc4-BlockDeletingService#0] INFO  interfaces.ContainerDeletionChoosingPolicyTemplate (ContainerDeletionChoosingPolicyTemplate.java:chooseContainerForBlockDeletion(85)) - Chosen 0/5000 blocks from 0 candidate containers.
2024-07-22 09:24:59,852 [1ba5db44-79b5-4f90-beb2-74b6002ac6d7-BlockDeletingService#0] INFO  interfaces.ContainerDeletionChoosingPolicyTemplate (ContainerDeletionChoosingPolicyTemplate.java:chooseContainerForBlockDeletion(85)) - Chosen 0/5000 blocks from 0 candidate containers.
2024-07-22 09:25:00,130 [8b9937ac-618a-4a68-974c-6b59ae821168-BlockDeletingService#0] INFO  interfaces.ContainerDeletionChoosingPolicyTemplate (ContainerDeletionChoosingPolicyTemplate.java:chooseContainerForBlockDeletion(85)) - Chosen 0/5000 blocks from 0 candidate containers.
2024-07-22 09:25:59,571 [ad117ebe-3568-403d-bc57-6f7f1929bcc4-BlockDeletingService#2] INFO  interfaces.ContainerDeletionChoosingPolicyTemplate (ContainerDeletionChoosingPolicyTemplate.java:chooseContainerForBlockDeletion(85)) - Chosen 0/5000 blocks from 0 candidate containers.
2024-07-22 09:25:59,852 [1ba5db44-79b5-4f90-beb2-74b6002ac6d7-BlockDeletingService#2] INFO  interfaces.ContainerDeletionChoosingPolicyTemplate (ContainerDeletionChoosingPolicyTemplate.java:chooseContainerForBlockDeletion(85)) - Chosen 0/5000 blocks from 0 candidate containers.
2024-07-22 09:26:00,130 [8b9937ac-618a-4a68-974c-6b59ae821168-BlockDeletingService#0] INFO  interfaces.ContainerDeletionChoosingPolicyTemplate (ContainerDeletionChoosingPolicyTemplate.java:chooseContainerForBlockDeletion(85)) - Chosen 0/5000 blocks from 0 candidate containers.
2024-07-22 09:26:53,337 [ReplicationMonitor] INFO  replication.ReplicationManager (ReplicationManager.java:processAll(402)) - Replication Monitor Thread took 0 milliseconds for processing 0 containers.
2024-07-22 09:26:59,571 [ad117ebe-3568-403d-bc57-6f7f1929bcc4-BlockDeletingService#1] INFO  interfaces.ContainerDeletionChoosingPolicyTemplate (ContainerDeletionChoosingPolicyTemplate.java:chooseContainerForBlockDeletion(85)) - Chosen 0/5000 blocks from 0 candidate containers.
2024-07-22 09:26:59,852 [1ba5db44-79b5-4f90-beb2-74b6002ac6d7-BlockDeletingService#1] INFO  interfaces.ContainerDeletionChoosingPolicyTemplate (ContainerDeletionChoosingPolicyTemplate.java:chooseContainerForBlockDeletion(85)) - Chosen 0/5000 blocks from 0 candidate containers.
2024-07-22 09:27:00,131 [8b9937ac-618a-4a68-974c-6b59ae821168-BlockDeletingService#1] INFO  interfaces.ContainerDeletionChoosingPolicyTemplate (ContainerDeletionChoosingPolicyTemplate.java:chooseContainerForBlockDeletion(85)) - Chosen 0/5000 blocks from 0 candidate containers.
2024-07-22 09:27:11,451 [main] INFO  ozone.MiniOzoneClusterImpl (MiniOzoneClusterImpl.java:shutdown(396)) - Shutting down the Mini Ozone Cluster
2024-07-22 09:27:11,452 [main] INFO  db.CodecTestUtil (CodecTestUtil.java:gc(50)) - gc 0
2024-07-22 09:27:11,596 [main] INFO  ozone.MiniOzoneClusterImpl (MiniOzoneClusterImpl.java:stop(412)) - Stopping the Mini Ozone Cluster
2024-07-22 09:27:11,596 [main] INFO  om.OzoneManager (OzoneManager.java:stop(2232)) - om1[localhost:15004]: Stopping Ozone Manager
2024-07-22 09:27:11,596 [main] INFO  ipc.Server (Server.java:stop(3523)) - Stopping server on 15004
2024-07-22 09:27:11,597 [IPC Server listener on 15004] INFO  ipc.Server (Server.java:run(1434)) - Stopping IPC Server listener on 15004
2024-07-22 09:27:11,598 [IPC Server Responder] INFO  ipc.Server (Server.java:run(1567)) - Stopping IPC Server Responder
2024-07-22 09:27:11,599 [main] INFO  ratis.OzoneManagerDoubleBuffer (OzoneManagerDoubleBuffer.java:stopDaemon(517)) - Stopping OMDoubleBuffer flush thread
2024-07-22 09:27:11,599 [main] INFO  utils.BackgroundService (BackgroundService.java:shutdown(163)) - Shutting down service KeyDeletingService
2024-07-22 09:27:11,600 [main] INFO  utils.BackgroundService (BackgroundService.java:shutdown(163)) - Shutting down service DirectoryDeletingService
2024-07-22 09:27:11,600 [main] INFO  utils.BackgroundService (BackgroundService.java:shutdown(163)) - Shutting down service OpenKeyCleanupService
2024-07-22 09:27:11,600 [main] INFO  utils.BackgroundService (BackgroundService.java:shutdown(163)) - Shutting down service SstFilteringService
2024-07-22 09:27:11,600 [main] INFO  utils.BackgroundService (BackgroundService.java:shutdown(163)) - Shutting down service SnapshotDeletingService
2024-07-22 09:27:11,601 [main] INFO  utils.BackgroundService (BackgroundService.java:shutdown(163)) - Shutting down service MultipartUploadCleanupService
2024-07-22 09:27:11,601 [main] INFO  utils.BackgroundService (BackgroundService.java:shutdown(163)) - Shutting down service SnapshotDirectoryCleaningService
2024-07-22 09:27:11,602 [main] INFO  handler.ContextHandler (ContextHandler.java:doStop(1159)) - Stopped o.e.j.w.WebAppContext@1ac24c17{ozoneManager,/,null,STOPPED}{file:/home/runner/work/ozone/ozone/hadoop-ozone/integration-test/target/test-classes/webapps/ozoneManager}
2024-07-22 09:27:11,605 [main] INFO  server.AbstractConnector (AbstractConnector.java:doStop(383)) - Stopped ServerConnector@109a28c8{HTTP/1.1, (http/1.1)}{0.0.0.0:15005}
2024-07-22 09:27:11,605 [main] INFO  server.session (HouseKeeper.java:stopScavenging(149)) - node0 Stopped scavenging
2024-07-22 09:27:11,605 [main] INFO  handler.ContextHandler (ContextHandler.java:doStop(1159)) - Stopped o.e.j.s.ServletContextHandler@b92cdf9{static,/static,file:///home/runner/work/ozone/ozone/hadoop-ozone/integration-test/target/test-classes/webapps/static,STOPPED}
2024-07-22 09:27:11,605 [main] INFO  handler.ContextHandler (ContextHandler.java:doStop(1159)) - Stopped o.e.j.s.ServletContextHandler@7e1321fd{logs,/logs,file:///home/runner/work/ozone/ozone/hadoop-ozone/integration-test/target/log,STOPPED}
2024-07-22 09:27:11,607 [main] INFO  rocksdiff.RocksDBCheckpointDiffer (RocksDBCheckpointDiffer.java:close(306)) - Shutting down CompactionDagPruningService.
2024-07-22 09:27:11,611 [main] INFO  snapshot.SnapshotDiffManager (SnapshotDiffManager.java:closeExecutorService(1657)) - Shutting down executorService: 'SnapDiffExecutor'
2024-07-22 09:27:11,611 [main] INFO  utils.BackgroundService (BackgroundService.java:shutdown(163)) - Shutting down service SnapshotDiffCleanupService
2024-07-22 09:27:11,612 [JvmPauseMonitor1] INFO  util.JvmPauseMonitor (JvmPauseMonitor.java:run(152)) - JvmPauseMonitor-3df4f55b-58d9-43e6-9eea-4df57ffc583d: Stopped
2024-07-22 09:27:11,612 [main] INFO  ozone.MiniOzoneClusterImpl (MiniOzoneClusterImpl.java:stopDatanodes(471)) - Stopping the HddsDatanodes
2024-07-22 09:27:11,616 [ForkJoinPool.commonPool-worker-7] INFO  ozoneimpl.OzoneContainer (OzoneContainer.java:stop(481)) - Attempting to stop container services.
2024-07-22 09:27:11,616 [ContainerMetadataScanner] WARN  ozoneimpl.AbstractBackgroundContainerScanner (AbstractBackgroundContainerScanner.java:handleRemainingSleep(134)) - Background container scan was interrupted.
2024-07-22 09:27:11,616 [main] INFO  ozoneimpl.OzoneContainer (OzoneContainer.java:stop(481)) - Attempting to stop container services.
2024-07-22 09:27:11,616 [ForkJoinPool.commonPool-worker-6] INFO  ozoneimpl.OzoneContainer (OzoneContainer.java:stop(481)) - Attempting to stop container services.
2024-07-22 09:27:11,616 [ContainerMetadataScanner] INFO  ozoneimpl.AbstractBackgroundContainerScanner (AbstractBackgroundContainerScanner.java:run(61)) - Thread[ContainerMetadataScanner,5,main] exiting.
2024-07-22 09:27:11,617 [ForkJoinPool.commonPool-worker-7] INFO  ozoneimpl.BackgroundContainerDataScanner (BackgroundContainerDataScanner.java:shutdown(141)) - ContainerDataScanner(/home/runner/work/ozone/ozone/hadoop-ozone/integration-test/target/test-dir/MiniOzoneClusterImpl-4478e412-ba5d-49c0-9319-4f1e6a18fdaa/ozone-meta/datanode-3/data-0/hdds) is shutting down. 
2024-07-22 09:27:11,617 [ContainerMetadataScanner] WARN  ozoneimpl.AbstractBackgroundContainerScanner (AbstractBackgroundContainerScanner.java:handleRemainingSleep(134)) - Background container scan was interrupted.
2024-07-22 09:27:11,617 [ContainerMetadataScanner] INFO  ozoneimpl.AbstractBackgroundContainerScanner (AbstractBackgroundContainerScanner.java:run(61)) - Thread[ContainerMetadataScanner,5,main] exiting.
2024-07-22 09:27:11,617 [main] INFO  ozoneimpl.BackgroundContainerDataScanner (BackgroundContainerDataScanner.java:shutdown(141)) - ContainerDataScanner(/home/runner/work/ozone/ozone/hadoop-ozone/integration-test/target/test-dir/MiniOzoneClusterImpl-4478e412-ba5d-49c0-9319-4f1e6a18fdaa/ozone-meta/datanode-2/data-0/hdds) is shutting down. 
2024-07-22 09:27:11,617 [ContainerDataScanner(/home/runner/work/ozone/ozone/hadoop-ozone/integration-test/target/test-dir/MiniOzoneClusterImpl-4478e412-ba5d-49c0-9319-4f1e6a18fdaa/ozone-meta/datanode-2/data-0/hdds)] WARN  ozoneimpl.AbstractBackgroundContainerScanner (AbstractBackgroundContainerScanner.java:handleRemainingSleep(134)) - Background container scan was interrupted.
2024-07-22 09:27:11,617 [ContainerDataScanner(/home/runner/work/ozone/ozone/hadoop-ozone/integration-test/target/test-dir/MiniOzoneClusterImpl-4478e412-ba5d-49c0-9319-4f1e6a18fdaa/ozone-meta/datanode-2/data-0/hdds)] INFO  ozoneimpl.AbstractBackgroundContainerScanner (AbstractBackgroundContainerScanner.java:run(61)) - ContainerDataScanner(/home/runner/work/ozone/ozone/hadoop-ozone/integration-test/target/test-dir/MiniOzoneClusterImpl-4478e412-ba5d-49c0-9319-4f1e6a18fdaa/ozone-meta/datanode-2/data-0/hdds, DS-88b314df-c787-48cb-98cf-b1e33c1c9986) exiting.
2024-07-22 09:27:11,617 [main] INFO  ozoneimpl.OnDemandContainerDataScanner (OnDemandContainerDataScanner.java:shutdownScanner(206)) - On-demand container scanner is shutting down.
2024-07-22 09:27:11,617 [ContainerDataScanner(/home/runner/work/ozone/ozone/hadoop-ozone/integration-test/target/test-dir/MiniOzoneClusterImpl-4478e412-ba5d-49c0-9319-4f1e6a18fdaa/ozone-meta/datanode-3/data-0/hdds)] WARN  ozoneimpl.AbstractBackgroundContainerScanner (AbstractBackgroundContainerScanner.java:handleRemainingSleep(134)) - Background container scan was interrupted.
2024-07-22 09:27:11,618 [ContainerDataScanner(/home/runner/work/ozone/ozone/hadoop-ozone/integration-test/target/test-dir/MiniOzoneClusterImpl-4478e412-ba5d-49c0-9319-4f1e6a18fdaa/ozone-meta/datanode-3/data-0/hdds)] INFO  ozoneimpl.AbstractBackgroundContainerScanner (AbstractBackgroundContainerScanner.java:run(61)) - ContainerDataScanner(/home/runner/work/ozone/ozone/hadoop-ozone/integration-test/target/test-dir/MiniOzoneClusterImpl-4478e412-ba5d-49c0-9319-4f1e6a18fdaa/ozone-meta/datanode-3/data-0/hdds, DS-7e047636-139a-488e-be78-e295b598013f) exiting.
2024-07-22 09:27:11,617 [ContainerMetadataScanner] WARN  ozoneimpl.AbstractBackgroundContainerScanner (AbstractBackgroundContainerScanner.java:handleRemainingSleep(134)) - Background container scan was interrupted.
2024-07-22 09:27:11,618 [ContainerMetadataScanner] INFO  ozoneimpl.AbstractBackgroundContainerScanner (AbstractBackgroundContainerScanner.java:run(61)) - Thread[ContainerMetadataScanner,5,main] exiting.
2024-07-22 09:27:11,618 [ForkJoinPool.commonPool-worker-6] INFO  ozoneimpl.BackgroundContainerDataScanner (BackgroundContainerDataScanner.java:shutdown(141)) - ContainerDataScanner(/home/runner/work/ozone/ozone/hadoop-ozone/integration-test/target/test-dir/MiniOzoneClusterImpl-4478e412-ba5d-49c0-9319-4f1e6a18fdaa/ozone-meta/datanode-1/data-0/hdds) is shutting down. 
2024-07-22 09:27:11,619 [ContainerDataScanner(/home/runner/work/ozone/ozone/hadoop-ozone/integration-test/target/test-dir/MiniOzoneClusterImpl-4478e412-ba5d-49c0-9319-4f1e6a18fdaa/ozone-meta/datanode-1/data-0/hdds)] WARN  ozoneimpl.AbstractBackgroundContainerScanner (AbstractBackgroundContainerScanner.java:handleRemainingSleep(134)) - Background container scan was interrupted.
2024-07-22 09:27:11,619 [ContainerDataScanner(/home/runner/work/ozone/ozone/hadoop-ozone/integration-test/target/test-dir/MiniOzoneClusterImpl-4478e412-ba5d-49c0-9319-4f1e6a18fdaa/ozone-meta/datanode-1/data-0/hdds)] INFO  ozoneimpl.AbstractBackgroundContainerScanner (AbstractBackgroundContainerScanner.java:run(61)) - ContainerDataScanner(/home/runner/work/ozone/ozone/hadoop-ozone/integration-test/target/test-dir/MiniOzoneClusterImpl-4478e412-ba5d-49c0-9319-4f1e6a18fdaa/ozone-meta/datanode-1/data-0/hdds, DS-7888c681-9e50-4f15-8f8f-52d29141b3a6) exiting.
2024-07-22 09:27:11,623 [ForkJoinPool.commonPool-worker-7] INFO  server.RaftServer (RaftServerProxy.java:lambda$close$9(418)) - 8b9937ac-618a-4a68-974c-6b59ae821168: close
2024-07-22 09:27:11,623 [ForkJoinPool.commonPool-worker-6] INFO  server.RaftServer (RaftServerProxy.java:lambda$close$9(418)) - ad117ebe-3568-403d-bc57-6f7f1929bcc4: close
2024-07-22 09:27:11,623 [main] INFO  server.RaftServer (RaftServerProxy.java:lambda$close$9(418)) - 1ba5db44-79b5-4f90-beb2-74b6002ac6d7: close
2024-07-22 09:27:11,624 [8b9937ac-618a-4a68-974c-6b59ae821168-impl-thread2] INFO  server.RaftServer$Division (RaftServerImpl.java:lambda$close$1(501)) - 8b9937ac-618a-4a68-974c-6b59ae821168@group-C7AC607CC480: shutdown
2024-07-22 09:27:11,624 [8b9937ac-618a-4a68-974c-6b59ae821168-impl-thread2] INFO  util.JmxRegister (JmxRegister.java:unregister(74)) - Successfully un-registered JMX Bean with object name Ratis:service=RaftServer,group=group-C7AC607CC480,id=8b9937ac-618a-4a68-974c-6b59ae821168
2024-07-22 09:27:11,624 [8b9937ac-618a-4a68-974c-6b59ae821168-impl-thread2] INFO  impl.RoleInfo (RoleInfo.java:shutdownFollowerState(119)) - 8b9937ac-618a-4a68-974c-6b59ae821168: shutdown 8b9937ac-618a-4a68-974c-6b59ae821168@group-C7AC607CC480-FollowerState
2024-07-22 09:27:11,624 [8b9937ac-618a-4a68-974c-6b59ae821168@group-C7AC607CC480-FollowerState] INFO  impl.FollowerState (FollowerState.java:run(153)) - 8b9937ac-618a-4a68-974c-6b59ae821168@group-C7AC607CC480-FollowerState was interrupted
2024-07-22 09:27:11,624 [8b9937ac-618a-4a68-974c-6b59ae821168-impl-thread3] INFO  server.RaftServer$Division (RaftServerImpl.java:lambda$close$1(501)) - 8b9937ac-618a-4a68-974c-6b59ae821168@group-A411080B45C1: shutdown
2024-07-22 09:27:11,624 [8b9937ac-618a-4a68-974c-6b59ae821168@group-C7AC607CC480-StateMachineUpdater] INFO  ratis.ContainerStateMachine (ContainerStateMachine.java:takeSnapshot(355)) - group-C7AC607CC480: Taking a snapshot at:(t:1, i:0) file /home/runner/work/ozone/ozone/hadoop-ozone/integration-test/target/test-dir/MiniOzoneClusterImpl-4478e412-ba5d-49c0-9319-4f1e6a18fdaa/ozone-meta/datanode-3/ratis/2ede0c02-3d1f-43d6-b275-c7ac607cc480/sm/snapshot.1_0
2024-07-22 09:27:11,625 [ForkJoinPool.commonPool-worker-7] INFO  server.GrpcService (GrpcService.java:closeImpl(311)) - 8b9937ac-618a-4a68-974c-6b59ae821168: shutdown server org.apache.ratis.grpc.server.GrpcClientProtocolService now
2024-07-22 09:27:11,624 [8b9937ac-618a-4a68-974c-6b59ae821168-impl-thread2] INFO  impl.StateMachineUpdater (StateMachineUpdater.java:stopAndJoin(164)) - 8b9937ac-618a-4a68-974c-6b59ae821168@group-C7AC607CC480-StateMachineUpdater: set stopIndex = 0
2024-07-22 09:27:11,626 [1ba5db44-79b5-4f90-beb2-74b6002ac6d7-impl-thread2] INFO  server.RaftServer$Division (RaftServerImpl.java:lambda$close$1(501)) - 1ba5db44-79b5-4f90-beb2-74b6002ac6d7@group-C7AC607CC480: shutdown
2024-07-22 09:27:11,626 [1ba5db44-79b5-4f90-beb2-74b6002ac6d7-impl-thread2] INFO  util.JmxRegister (JmxRegister.java:unregister(74)) - Successfully un-registered JMX Bean with object name Ratis:service=RaftServer,group=group-C7AC607CC480,id=1ba5db44-79b5-4f90-beb2-74b6002ac6d7
2024-07-22 09:27:11,626 [1ba5db44-79b5-4f90-beb2-74b6002ac6d7-impl-thread2] INFO  impl.RoleInfo (RoleInfo.java:shutdownLeaderState(103)) - 1ba5db44-79b5-4f90-beb2-74b6002ac6d7: shutdown 1ba5db44-79b5-4f90-beb2-74b6002ac6d7@group-C7AC607CC480-LeaderStateImpl
2024-07-22 09:27:11,627 [ad117ebe-3568-403d-bc57-6f7f1929bcc4-impl-thread2] INFO  server.RaftServer$Division (RaftServerImpl.java:lambda$close$1(501)) - ad117ebe-3568-403d-bc57-6f7f1929bcc4@group-C7AC607CC480: shutdown
2024-07-22 09:27:11,624 [8b9937ac-618a-4a68-974c-6b59ae821168-impl-thread3] INFO  util.JmxRegister (JmxRegister.java:unregister(74)) - Successfully un-registered JMX Bean with object name Ratis:service=RaftServer,group=group-A411080B45C1,id=8b9937ac-618a-4a68-974c-6b59ae821168
2024-07-22 09:27:11,627 [1ba5db44-79b5-4f90-beb2-74b6002ac6d7@group-C7AC607CC480->ad117ebe-3568-403d-bc57-6f7f1929bcc4-GrpcLogAppender-LogAppenderDaemon] WARN  server.GrpcLogAppender (GrpcLogAppender.java:mayWait(293)) - 1ba5db44-79b5-4f90-beb2-74b6002ac6d7@group-C7AC607CC480->ad117ebe-3568-403d-bc57-6f7f1929bcc4-GrpcLogAppender: Wait interrupted by java.lang.InterruptedException
2024-07-22 09:27:11,627 [1ba5db44-79b5-4f90-beb2-74b6002ac6d7@group-C7AC607CC480->8b9937ac-618a-4a68-974c-6b59ae821168-GrpcLogAppender-LogAppenderDaemon] WARN  server.GrpcLogAppender (GrpcLogAppender.java:mayWait(293)) - 1ba5db44-79b5-4f90-beb2-74b6002ac6d7@group-C7AC607CC480->8b9937ac-618a-4a68-974c-6b59ae821168-GrpcLogAppender: Wait interrupted by java.lang.InterruptedException
2024-07-22 09:27:11,627 [ad117ebe-3568-403d-bc57-6f7f1929bcc4-impl-thread2] INFO  util.JmxRegister (JmxRegister.java:unregister(74)) - Successfully un-registered JMX Bean with object name Ratis:service=RaftServer,group=group-C7AC607CC480,id=ad117ebe-3568-403d-bc57-6f7f1929bcc4
2024-07-22 09:27:11,627 [ad117ebe-3568-403d-bc57-6f7f1929bcc4-impl-thread2] INFO  impl.RoleInfo (RoleInfo.java:shutdownFollowerState(119)) - ad117ebe-3568-403d-bc57-6f7f1929bcc4: shutdown ad117ebe-3568-403d-bc57-6f7f1929bcc4@group-C7AC607CC480-FollowerState
2024-07-22 09:27:11,627 [1ba5db44-79b5-4f90-beb2-74b6002ac6d7-impl-thread3] INFO  server.RaftServer$Division (RaftServerImpl.java:lambda$close$1(501)) - 1ba5db44-79b5-4f90-beb2-74b6002ac6d7@group-721621F6382A: shutdown
2024-07-22 09:27:11,627 [1ba5db44-79b5-4f90-beb2-74b6002ac6d7-impl-thread3] INFO  util.JmxRegister (JmxRegister.java:unregister(74)) - Successfully un-registered JMX Bean with object name Ratis:service=RaftServer,group=group-721621F6382A,id=1ba5db44-79b5-4f90-beb2-74b6002ac6d7
2024-07-22 09:27:11,628 [1ba5db44-79b5-4f90-beb2-74b6002ac6d7-impl-thread3] INFO  impl.RoleInfo (RoleInfo.java:shutdownFollowerState(119)) - 1ba5db44-79b5-4f90-beb2-74b6002ac6d7: shutdown 1ba5db44-79b5-4f90-beb2-74b6002ac6d7@group-721621F6382A-FollowerState
2024-07-22 09:27:11,628 [1ba5db44-79b5-4f90-beb2-74b6002ac6d7-impl-thread3] INFO  impl.StateMachineUpdater (StateMachineUpdater.java:stopAndJoin(164)) - 1ba5db44-79b5-4f90-beb2-74b6002ac6d7@group-721621F6382A-StateMachineUpdater: set stopIndex = 0
2024-07-22 09:27:11,627 [8b9937ac-618a-4a68-974c-6b59ae821168-impl-thread4] INFO  server.RaftServer$Division (RaftServerImpl.java:lambda$close$1(501)) - 8b9937ac-618a-4a68-974c-6b59ae821168@group-721621F6382A: shutdown
2024-07-22 09:27:11,627 [8b9937ac-618a-4a68-974c-6b59ae821168-impl-thread3] INFO  impl.RoleInfo (RoleInfo.java:shutdownLeaderState(103)) - 8b9937ac-618a-4a68-974c-6b59ae821168: shutdown 8b9937ac-618a-4a68-974c-6b59ae821168@group-A411080B45C1-LeaderStateImpl
2024-07-22 09:27:11,628 [main] INFO  server.GrpcService (GrpcService.java:closeImpl(311)) - 1ba5db44-79b5-4f90-beb2-74b6002ac6d7: shutdown server org.apache.ratis.grpc.server.GrpcClientProtocolService now
2024-07-22 09:27:11,628 [1ba5db44-79b5-4f90-beb2-74b6002ac6d7@group-721621F6382A-FollowerState] INFO  impl.FollowerState (FollowerState.java:run(153)) - 1ba5db44-79b5-4f90-beb2-74b6002ac6d7@group-721621F6382A-FollowerState was interrupted
2024-07-22 09:27:11,632 [1ba5db44-79b5-4f90-beb2-74b6002ac6d7-impl-thread2] INFO  impl.PendingRequests (PendingRequests.java:sendNotLeaderResponses(287)) - 1ba5db44-79b5-4f90-beb2-74b6002ac6d7@group-C7AC607CC480-PendingRequests: sendNotLeaderResponses
2024-07-22 09:27:11,632 [1ba5db44-79b5-4f90-beb2-74b6002ac6d7-impl-thread4] INFO  server.RaftServer$Division (RaftServerImpl.java:lambda$close$1(501)) - 1ba5db44-79b5-4f90-beb2-74b6002ac6d7@group-99B1A52D89C1: shutdown
2024-07-22 09:27:11,632 [1ba5db44-79b5-4f90-beb2-74b6002ac6d7-impl-thread4] INFO  util.JmxRegister (JmxRegister.java:unregister(74)) - Successfully un-registered JMX Bean with object name Ratis:service=RaftServer,group=group-99B1A52D89C1,id=1ba5db44-79b5-4f90-beb2-74b6002ac6d7
2024-07-22 09:27:11,632 [1ba5db44-79b5-4f90-beb2-74b6002ac6d7-impl-thread4] INFO  impl.RoleInfo (RoleInfo.java:shutdownLeaderState(103)) - 1ba5db44-79b5-4f90-beb2-74b6002ac6d7: shutdown 1ba5db44-79b5-4f90-beb2-74b6002ac6d7@group-99B1A52D89C1-LeaderStateImpl
2024-07-22 09:27:11,632 [1ba5db44-79b5-4f90-beb2-74b6002ac6d7-impl-thread4] INFO  impl.PendingRequests (PendingRequests.java:sendNotLeaderResponses(287)) - 1ba5db44-79b5-4f90-beb2-74b6002ac6d7@group-99B1A52D89C1-PendingRequests: sendNotLeaderResponses
2024-07-22 09:27:11,633 [8b9937ac-618a-4a68-974c-6b59ae821168-impl-thread3] INFO  impl.PendingRequests (PendingRequests.java:sendNotLeaderResponses(287)) - 8b9937ac-618a-4a68-974c-6b59ae821168@group-A411080B45C1-PendingRequests: sendNotLeaderResponses
2024-07-22 09:27:11,633 [ForkJoinPool.commonPool-worker-6] INFO  server.GrpcService (GrpcService.java:closeImpl(311)) - ad117ebe-3568-403d-bc57-6f7f1929bcc4: shutdown server org.apache.ratis.grpc.server.GrpcClientProtocolService now
2024-07-22 09:27:11,628 [1ba5db44-79b5-4f90-beb2-74b6002ac6d7@group-721621F6382A-StateMachineUpdater] INFO  ratis.ContainerStateMachine (ContainerStateMachine.java:takeSnapshot(355)) - group-721621F6382A: Taking a snapshot at:(t:1, i:0) file /home/runner/work/ozone/ozone/hadoop-ozone/integration-test/target/test-dir/MiniOzoneClusterImpl-4478e412-ba5d-49c0-9319-4f1e6a18fdaa/ozone-meta/datanode-2/ratis/372f24e1-ea7c-49ee-972e-721621f6382a/sm/snapshot.1_0
2024-07-22 09:27:11,627 [ad117ebe-3568-403d-bc57-6f7f1929bcc4@group-C7AC607CC480-StateMachineUpdater] INFO  ratis.ContainerStateMachine (ContainerStateMachine.java:takeSnapshot(355)) - group-C7AC607CC480: Taking a snapshot at:(t:1, i:0) file /home/runner/work/ozone/ozone/hadoop-ozone/integration-test/target/test-dir/MiniOzoneClusterImpl-4478e412-ba5d-49c0-9319-4f1e6a18fdaa/ozone-meta/datanode-1/ratis/2ede0c02-3d1f-43d6-b275-c7ac607cc480/sm/snapshot.1_0
2024-07-22 09:27:11,627 [ad117ebe-3568-403d-bc57-6f7f1929bcc4@group-C7AC607CC480-FollowerState] INFO  impl.FollowerState (FollowerState.java:run(153)) - ad117ebe-3568-403d-bc57-6f7f1929bcc4@group-C7AC607CC480-FollowerState was interrupted
2024-07-22 09:27:11,634 [8b9937ac-618a-4a68-974c-6b59ae821168-impl-thread3] INFO  impl.StateMachineUpdater (StateMachineUpdater.java:stopAndJoin(164)) - 8b9937ac-618a-4a68-974c-6b59ae821168@group-A411080B45C1-StateMachineUpdater: set stopIndex = 0
2024-07-22 09:27:11,627 [ad117ebe-3568-403d-bc57-6f7f1929bcc4-impl-thread2] INFO  impl.StateMachineUpdater (StateMachineUpdater.java:stopAndJoin(164)) - ad117ebe-3568-403d-bc57-6f7f1929bcc4@group-C7AC607CC480-StateMachineUpdater: set stopIndex = 0
2024-07-22 09:27:11,636 [1ba5db44-79b5-4f90-beb2-74b6002ac6d7@group-C7AC607CC480-StateMachineUpdater] INFO  ratis.ContainerStateMachine (ContainerStateMachine.java:takeSnapshot(355)) - group-C7AC607CC480: Taking a snapshot at:(t:1, i:0) file /home/runner/work/ozone/ozone/hadoop-ozone/integration-test/target/test-dir/MiniOzoneClusterImpl-4478e412-ba5d-49c0-9319-4f1e6a18fdaa/ozone-meta/datanode-2/ratis/2ede0c02-3d1f-43d6-b275-c7ac607cc480/sm/snapshot.1_0
2024-07-22 09:27:11,636 [1ba5db44-79b5-4f90-beb2-74b6002ac6d7-impl-thread2] INFO  impl.StateMachineUpdater (StateMachineUpdater.java:stopAndJoin(164)) - 1ba5db44-79b5-4f90-beb2-74b6002ac6d7@group-C7AC607CC480-StateMachineUpdater: set stopIndex = 0
2024-07-22 09:27:11,634 [8b9937ac-618a-4a68-974c-6b59ae821168@group-A411080B45C1-StateMachineUpdater] INFO  ratis.ContainerStateMachine (ContainerStateMachine.java:takeSnapshot(355)) - group-A411080B45C1: Taking a snapshot at:(t:1, i:0) file /home/runner/work/ozone/ozone/hadoop-ozone/integration-test/target/test-dir/MiniOzoneClusterImpl-4478e412-ba5d-49c0-9319-4f1e6a18fdaa/ozone-meta/datanode-3/ratis/56f34a69-2e3c-4b62-a16a-a411080b45c1/sm/snapshot.1_0
2024-07-22 09:27:11,638 [Thread-616] INFO  server.GrpcServerProtocolClient (GrpcServerProtocolClient.java:close(103)) - ad117ebe-3568-403d-bc57-6f7f1929bcc4 Close channels
2024-07-22 09:27:11,634 [1ba5db44-79b5-4f90-beb2-74b6002ac6d7-impl-thread4] INFO  impl.StateMachineUpdater (StateMachineUpdater.java:stopAndJoin(164)) - 1ba5db44-79b5-4f90-beb2-74b6002ac6d7@group-99B1A52D89C1-StateMachineUpdater: set stopIndex = 0
2024-07-22 09:27:11,634 [1ba5db44-79b5-4f90-beb2-74b6002ac6d7@group-99B1A52D89C1-StateMachineUpdater] INFO  ratis.ContainerStateMachine (ContainerStateMachine.java:takeSnapshot(355)) - group-99B1A52D89C1: Taking a snapshot at:(t:1, i:0) file /home/runner/work/ozone/ozone/hadoop-ozone/integration-test/target/test-dir/MiniOzoneClusterImpl-4478e412-ba5d-49c0-9319-4f1e6a18fdaa/ozone-meta/datanode-2/ratis/54227a70-60eb-4294-b8ec-99b1a52d89c1/sm/snapshot.1_0
2024-07-22 09:27:11,630 [ad117ebe-3568-403d-bc57-6f7f1929bcc4-impl-thread3] INFO  server.RaftServer$Division (RaftServerImpl.java:lambda$close$1(501)) - ad117ebe-3568-403d-bc57-6f7f1929bcc4@group-721621F6382A: shutdown
2024-07-22 09:27:11,630 [Thread-614] INFO  server.GrpcServerProtocolClient (GrpcServerProtocolClient.java:close(103)) - 1ba5db44-79b5-4f90-beb2-74b6002ac6d7 Close channels
2024-07-22 09:27:11,628 [8b9937ac-618a-4a68-974c-6b59ae821168-impl-thread4] INFO  util.JmxRegister (JmxRegister.java:unregister(74)) - Successfully un-registered JMX Bean with object name Ratis:service=RaftServer,group=group-721621F6382A,id=8b9937ac-618a-4a68-974c-6b59ae821168
2024-07-22 09:27:11,640 [ad117ebe-3568-403d-bc57-6f7f1929bcc4-impl-thread3] INFO  util.JmxRegister (JmxRegister.java:unregister(74)) - Successfully un-registered JMX Bean with object name Ratis:service=RaftServer,group=group-721621F6382A,id=ad117ebe-3568-403d-bc57-6f7f1929bcc4
2024-07-22 09:27:11,640 [8b9937ac-618a-4a68-974c-6b59ae821168-impl-thread4] INFO  impl.RoleInfo (RoleInfo.java:shutdownLeaderState(103)) - 8b9937ac-618a-4a68-974c-6b59ae821168: shutdown 8b9937ac-618a-4a68-974c-6b59ae821168@group-721621F6382A-LeaderStateImpl
2024-07-22 09:27:11,640 [8b9937ac-618a-4a68-974c-6b59ae821168-impl-thread4] INFO  impl.PendingRequests (PendingRequests.java:sendNotLeaderResponses(287)) - 8b9937ac-618a-4a68-974c-6b59ae821168@group-721621F6382A-PendingRequests: sendNotLeaderResponses
2024-07-22 09:27:11,641 [8b9937ac-618a-4a68-974c-6b59ae821168@group-721621F6382A->1ba5db44-79b5-4f90-beb2-74b6002ac6d7-GrpcLogAppender-LogAppenderDaemon] WARN  server.GrpcLogAppender (GrpcLogAppender.java:mayWait(293)) - 8b9937ac-618a-4a68-974c-6b59ae821168@group-721621F6382A->1ba5db44-79b5-4f90-beb2-74b6002ac6d7-GrpcLogAppender: Wait interrupted by java.lang.InterruptedException
2024-07-22 09:27:11,641 [8b9937ac-618a-4a68-974c-6b59ae821168@group-721621F6382A->ad117ebe-3568-403d-bc57-6f7f1929bcc4-GrpcLogAppender-LogAppenderDaemon] WARN  server.GrpcLogAppender (GrpcLogAppender.java:mayWait(293)) - 8b9937ac-618a-4a68-974c-6b59ae821168@group-721621F6382A->ad117ebe-3568-403d-bc57-6f7f1929bcc4-GrpcLogAppender: Wait interrupted by java.lang.InterruptedException
2024-07-22 09:27:11,641 [8b9937ac-618a-4a68-974c-6b59ae821168-impl-thread4] INFO  impl.StateMachineUpdater (StateMachineUpdater.java:stopAndJoin(164)) - 8b9937ac-618a-4a68-974c-6b59ae821168@group-721621F6382A-StateMachineUpdater: set stopIndex = 0
2024-07-22 09:27:11,642 [8b9937ac-618a-4a68-974c-6b59ae821168@group-721621F6382A-StateMachineUpdater] INFO  ratis.ContainerStateMachine (ContainerStateMachine.java:takeSnapshot(355)) - group-721621F6382A: Taking a snapshot at:(t:1, i:0) file /home/runner/work/ozone/ozone/hadoop-ozone/integration-test/target/test-dir/MiniOzoneClusterImpl-4478e412-ba5d-49c0-9319-4f1e6a18fdaa/ozone-meta/datanode-3/ratis/372f24e1-ea7c-49ee-972e-721621f6382a/sm/snapshot.1_0
2024-07-22 09:27:11,642 [ad117ebe-3568-403d-bc57-6f7f1929bcc4-impl-thread3] INFO  impl.RoleInfo (RoleInfo.java:shutdownFollowerState(119)) - ad117ebe-3568-403d-bc57-6f7f1929bcc4: shutdown ad117ebe-3568-403d-bc57-6f7f1929bcc4@group-721621F6382A-FollowerState
2024-07-22 09:27:11,642 [ad117ebe-3568-403d-bc57-6f7f1929bcc4@group-721621F6382A-FollowerState] INFO  impl.FollowerState (FollowerState.java:run(153)) - ad117ebe-3568-403d-bc57-6f7f1929bcc4@group-721621F6382A-FollowerState was interrupted
2024-07-22 09:27:11,642 [ad117ebe-3568-403d-bc57-6f7f1929bcc4@group-721621F6382A-StateMachineUpdater] INFO  ratis.ContainerStateMachine (ContainerStateMachine.java:takeSnapshot(355)) - group-721621F6382A: Taking a snapshot at:(t:1, i:0) file /home/runner/work/ozone/ozone/hadoop-ozone/integration-test/target/test-dir/MiniOzoneClusterImpl-4478e412-ba5d-49c0-9319-4f1e6a18fdaa/ozone-meta/datanode-1/ratis/372f24e1-ea7c-49ee-972e-721621f6382a/sm/snapshot.1_0
2024-07-22 09:27:11,642 [ad117ebe-3568-403d-bc57-6f7f1929bcc4-impl-thread4] INFO  server.RaftServer$Division (RaftServerImpl.java:lambda$close$1(501)) - ad117ebe-3568-403d-bc57-6f7f1929bcc4@group-5686A0557B00: shutdown
2024-07-22 09:27:11,642 [ad117ebe-3568-403d-bc57-6f7f1929bcc4-impl-thread3] INFO  impl.StateMachineUpdater (StateMachineUpdater.java:stopAndJoin(164)) - ad117ebe-3568-403d-bc57-6f7f1929bcc4@group-721621F6382A-StateMachineUpdater: set stopIndex = 0
2024-07-22 09:27:11,642 [ad117ebe-3568-403d-bc57-6f7f1929bcc4-impl-thread4] INFO  util.JmxRegister (JmxRegister.java:unregister(74)) - Successfully un-registered JMX Bean with object name Ratis:service=RaftServer,group=group-5686A0557B00,id=ad117ebe-3568-403d-bc57-6f7f1929bcc4
2024-07-22 09:27:11,643 [ad117ebe-3568-403d-bc57-6f7f1929bcc4-impl-thread4] INFO  impl.RoleInfo (RoleInfo.java:shutdownLeaderState(103)) - ad117ebe-3568-403d-bc57-6f7f1929bcc4: shutdown ad117ebe-3568-403d-bc57-6f7f1929bcc4@group-5686A0557B00-LeaderStateImpl
2024-07-22 09:27:11,643 [ad117ebe-3568-403d-bc57-6f7f1929bcc4-impl-thread4] INFO  impl.PendingRequests (PendingRequests.java:sendNotLeaderResponses(287)) - ad117ebe-3568-403d-bc57-6f7f1929bcc4@group-5686A0557B00-PendingRequests: sendNotLeaderResponses
2024-07-22 09:27:11,643 [grpc-default-executor-8] INFO  server.GrpcServerProtocolService (GrpcServerProtocolService.java:onCompleted(157)) - 8b9937ac-618a-4a68-974c-6b59ae821168: Completed APPEND_ENTRIES, lastRequest: null
2024-07-22 09:27:11,644 [ad117ebe-3568-403d-bc57-6f7f1929bcc4@group-5686A0557B00-StateMachineUpdater] INFO  ratis.ContainerStateMachine (ContainerStateMachine.java:takeSnapshot(355)) - group-5686A0557B00: Taking a snapshot at:(t:1, i:0) file /home/runner/work/ozone/ozone/hadoop-ozone/integration-test/target/test-dir/MiniOzoneClusterImpl-4478e412-ba5d-49c0-9319-4f1e6a18fdaa/ozone-meta/datanode-1/ratis/687b77af-9cc2-4084-81dc-5686a0557b00/sm/snapshot.1_0
2024-07-22 09:27:11,644 [ad117ebe-3568-403d-bc57-6f7f1929bcc4-impl-thread4] INFO  impl.StateMachineUpdater (StateMachineUpdater.java:stopAndJoin(164)) - ad117ebe-3568-403d-bc57-6f7f1929bcc4@group-5686A0557B00-StateMachineUpdater: set stopIndex = 0
2024-07-22 09:27:11,653 [Thread-620] INFO  server.GrpcServerProtocolClient (GrpcServerProtocolClient.java:close(103)) - ad117ebe-3568-403d-bc57-6f7f1929bcc4 Close channels
2024-07-22 09:27:11,656 [grpc-default-executor-9] INFO  server.GrpcServerProtocolService (GrpcServerProtocolService.java:onCompleted(157)) - 1ba5db44-79b5-4f90-beb2-74b6002ac6d7: Completed APPEND_ENTRIES, lastRequest: null
2024-07-22 09:27:11,658 [grpc-default-executor-11] INFO  server.GrpcServerProtocolService (GrpcServerProtocolService.java:onCompleted(157)) - ad117ebe-3568-403d-bc57-6f7f1929bcc4: Completed APPEND_ENTRIES, lastRequest: null
2024-07-22 09:27:11,659 [grpc-default-executor-13] INFO  server.GrpcServerProtocolService (GrpcServerProtocolService.java:onCompleted(157)) - ad117ebe-3568-403d-bc57-6f7f1929bcc4: Completed APPEND_ENTRIES, lastRequest: null
2024-07-22 09:27:11,664 [Thread-621] INFO  server.GrpcServerProtocolClient (GrpcServerProtocolClient.java:close(103)) - 8b9937ac-618a-4a68-974c-6b59ae821168 Close channels
2024-07-22 09:27:11,664 [Thread-618] INFO  server.GrpcServerProtocolClient (GrpcServerProtocolClient.java:close(103)) - 1ba5db44-79b5-4f90-beb2-74b6002ac6d7 Close channels
2024-07-22 09:27:11,665 [Thread-623] INFO  server.GrpcServerProtocolClient (GrpcServerProtocolClient.java:close(103)) - 8b9937ac-618a-4a68-974c-6b59ae821168 Close channels
2024-07-22 09:27:11,669 [ForkJoinPool.commonPool-worker-6] INFO  server.GrpcService (GrpcService.java:closeImpl(320)) - ad117ebe-3568-403d-bc57-6f7f1929bcc4: shutdown server org.apache.ratis.grpc.server.GrpcClientProtocolService successfully
2024-07-22 09:27:11,669 [ForkJoinPool.commonPool-worker-6] INFO  server.GrpcService (GrpcService.java:closeImpl(311)) - ad117ebe-3568-403d-bc57-6f7f1929bcc4: shutdown server GrpcServerProtocolService now
2024-07-22 09:27:11,689 [ForkJoinPool.commonPool-worker-6] INFO  server.GrpcService (GrpcService.java:closeImpl(320)) - ad117ebe-3568-403d-bc57-6f7f1929bcc4: shutdown server GrpcServerProtocolService successfully
2024-07-22 09:27:11,689 [ForkJoinPool.commonPool-worker-6] INFO  server.GrpcService (GrpcService.java:closeImpl(311)) - ad117ebe-3568-403d-bc57-6f7f1929bcc4: shutdown server org.apache.ratis.grpc.server.GrpcAdminProtocolService now
2024-07-22 09:27:11,690 [grpc-default-executor-15] INFO  server.GrpcLogAppender (GrpcLogAppender.java:onError(537)) - 1ba5db44-79b5-4f90-beb2-74b6002ac6d7@group-C7AC607CC480->ad117ebe-3568-403d-bc57-6f7f1929bcc4-GrpcLogAppender is already stopped
2024-07-22 09:27:11,690 [ForkJoinPool.commonPool-worker-6] INFO  server.GrpcService (GrpcService.java:closeImpl(320)) - ad117ebe-3568-403d-bc57-6f7f1929bcc4: shutdown server org.apache.ratis.grpc.server.GrpcAdminProtocolService successfully
2024-07-22 09:27:11,697 [grpc-default-executor-15] INFO  server.GrpcLogAppender (GrpcLogAppender.java:onError(537)) - 1ba5db44-79b5-4f90-beb2-74b6002ac6d7@group-C7AC607CC480->ad117ebe-3568-403d-bc57-6f7f1929bcc4-GrpcLogAppender is already stopped
2024-07-22 09:27:11,697 [grpc-default-executor-14] INFO  server.GrpcLogAppender (GrpcLogAppender.java:onError(537)) - 8b9937ac-618a-4a68-974c-6b59ae821168@group-721621F6382A->ad117ebe-3568-403d-bc57-6f7f1929bcc4-GrpcLogAppender is already stopped
2024-07-22 09:27:11,703 [IPC Server handler 7 on default port 15004] ERROR protocolPB.OzoneManagerProtocolServerSideTranslatorPB (ExitUtils.java:terminate(133)) - Terminating with exit status 1: Got error during waiting for flush to be completed for requestcmdType: CreateVolume
traceID: ""
clientId: "client-5F1BAD5DB41E"
userInfo {
  userName: "runner"
  remoteAddress: "127.0.0.1"
  hostName: "localhost"
}
version: 4
createVolumeRequest {
  volumeInfo {
    adminName: "runner"
    ownerName: "runner"
    volume: "d2458e7f-1c3d-498b-b154-2d38afef81f2"
    quotaInBytes: 18446744073709551615
    volumeAcls {
      type: USER
      name: "runner"
      rights: "\200"
      aclScope: ACCESS
    }
    volumeAcls {
      type: GROUP
      name: "docker"
      rights: "\200"
      aclScope: ACCESS
    }
    volumeAcls {
      type: GROUP
      name: "adm"
      rights: "\200"
      aclScope: ACCESS
    }
    volumeAcls {
      type: GROUP
      name: "systemd-journal"
      rights: "\200"
      aclScope: ACCESS
    }
    creationTime: 1721640131497
    objectID: 0
    updateID: 0
    modificationTime: 1721640131497
    quotaInNamespace: -1
    usedNamespace: 0
    refCount: 0
  }
}

java.lang.InterruptedException
	at java.base/java.util.concurrent.CompletableFuture.reportGet(CompletableFuture.java:386)
	at java.base/java.util.concurrent.CompletableFuture.get(CompletableFuture.java:2073)
	at org.apache.hadoop.ozone.protocolPB.OzoneManagerProtocolServerSideTranslatorPB.submitRequestDirectlyToOM(OzoneManagerProtocolServerSideTranslatorPB.java:309)
	at org.apache.hadoop.ozone.protocolPB.OzoneManagerProtocolServerSideTranslatorPB.internalProcessRequest(OzoneManagerProtocolServerSideTranslatorPB.java:197)
	at org.apache.hadoop.ozone.protocolPB.OzoneManagerProtocolServerSideTranslatorPB.processRequest(OzoneManagerProtocolServerSideTranslatorPB.java:161)
	at org.apache.hadoop.hdds.server.OzoneProtocolMessageDispatcher.processRequest(OzoneProtocolMessageDispatcher.java:89)
	at org.apache.hadoop.ozone.protocolPB.OzoneManagerProtocolServerSideTranslatorPB.submitRequest(OzoneManagerProtocolServerSideTranslatorPB.java:152)
	at org.apache.hadoop.ozone.protocol.proto.OzoneManagerProtocolProtos$OzoneManagerService$2.callBlockingMethod(OzoneManagerProtocolProtos.java)
	at org.apache.hadoop.ipc.ProtobufRpcEngine$Server.processCall(ProtobufRpcEngine.java:484)
	at org.apache.hadoop.ipc.ProtobufRpcEngine2$Server$ProtoBufRpcInvoker.call(ProtobufRpcEngine2.java:595)
	at org.apache.hadoop.ipc.ProtobufRpcEngine2$Server$ProtoBufRpcInvoker.call(ProtobufRpcEngine2.java:573)
	at org.apache.hadoop.ipc.RPC$Server.call(RPC.java:1227)
	at org.apache.hadoop.ipc.Server$RpcCall.run(Server.java:1094)
	at org.apache.hadoop.ipc.Server$RpcCall.run(Server.java:1017)
	at java.base/java.security.AccessController.doPrivileged(AccessController.java:712)
	at java.base/javax.security.auth.Subject.doAs(Subject.java:439)
	at org.apache.hadoop.security.UserGroupInformation.doAs(UserGroupInformation.java:1899)
	at org.apache.hadoop.ipc.Server$Handler.run(Server.java:3048)
2024-07-22 09:27:11,705 [grpc-default-executor-17] INFO  server.GrpcLogAppender (GrpcLogAppender.java:onError(537)) - 8b9937ac-618a-4a68-974c-6b59ae821168@group-721621F6382A->ad117ebe-3568-403d-bc57-6f7f1929bcc4-GrpcLogAppender is already stopped
2024-07-22 09:27:11,707 [IPC Server handler 7 on default port 15004] WARN  ipc.Server (Server.java:logException(3107)) - IPC Server handler 7 on default port 15004, call Call#135 Retry#0 org.apache.hadoop.ozone.om.protocol.OzoneManagerProtocol.submitRequest from localhost:41276 / 127.0.0.1:41276
org.apache.ratis.util.ExitUtils$ExitException: Got error during waiting for flush to be completed for requestcmdType: CreateVolume
traceID: ""
clientId: "client-5F1BAD5DB41E"
userInfo {
  userName: "runner"
  remoteAddress: "127.0.0.1"
  hostName: "localhost"
}
version: 4
createVolumeRequest {
  volumeInfo {
    adminName: "runner"
    ownerName: "runner"
    volume: "d2458e7f-1c3d-498b-b154-2d38afef81f2"
    quotaInBytes: 18446744073709551615
    volumeAcls {
      type: USER
      name: "runner"
      rights: "\200"
      aclScope: ACCESS
    }
    volumeAcls {
      type: GROUP
      name: "docker"
      rights: "\200"
      aclScope: ACCESS
    }
    volumeAcls {
      type: GROUP
      name: "adm"
      rights: "\200"
      aclScope: ACCESS
    }
    volumeAcls {
      type: GROUP
      name: "systemd-journal"
      rights: "\200"
      aclScope: ACCESS
    }
    creationTime: 1721640131497
    objectID: 0
    updateID: 0
    modificationTime: 1721640131497
    quotaInNamespace: -1
    usedNamespace: 0
    refCount: 0
  }
}

	at org.apache.ratis.util.ExitUtils.terminate(ExitUtils.java:141)
	at org.apache.ratis.util.ExitUtils.terminate(ExitUtils.java:151)
	at org.apache.hadoop.ozone.protocolPB.OzoneManagerProtocolServerSideTranslatorPB.submitRequestDirectlyToOM(OzoneManagerProtocolServerSideTranslatorPB.java:319)
	at org.apache.hadoop.ozone.protocolPB.OzoneManagerProtocolServerSideTranslatorPB.internalProcessRequest(OzoneManagerProtocolServerSideTranslatorPB.java:197)
	at org.apache.hadoop.ozone.protocolPB.OzoneManagerProtocolServerSideTranslatorPB.processRequest(OzoneManagerProtocolServerSideTranslatorPB.java:161)
	at org.apache.hadoop.hdds.server.OzoneProtocolMessageDispatcher.processRequest(OzoneProtocolMessageDispatcher.java:89)
	at org.apache.hadoop.ozone.protocolPB.OzoneManagerProtocolServerSideTranslatorPB.submitRequest(OzoneManagerProtocolServerSideTranslatorPB.java:152)
	at org.apache.hadoop.ozone.protocol.proto.OzoneManagerProtocolProtos$OzoneManagerService$2.callBlockingMethod(OzoneManagerProtocolProtos.java)
	at org.apache.hadoop.ipc.ProtobufRpcEngine$Server.processCall(ProtobufRpcEngine.java:484)
	at org.apache.hadoop.ipc.ProtobufRpcEngine2$Server$ProtoBufRpcInvoker.call(ProtobufRpcEngine2.java:595)
	at org.apache.hadoop.ipc.ProtobufRpcEngine2$Server$ProtoBufRpcInvoker.call(ProtobufRpcEngine2.java:573)
	at org.apache.hadoop.ipc.RPC$Server.call(RPC.java:1227)
	at org.apache.hadoop.ipc.Server$RpcCall.run(Server.java:1094)
	at org.apache.hadoop.ipc.Server$RpcCall.run(Server.java:1017)
	at java.base/java.security.AccessController.doPrivileged(AccessController.java:712)
	at java.base/javax.security.auth.Subject.doAs(Subject.java:439)
	at org.apache.hadoop.security.UserGroupInformation.doAs(UserGroupInformation.java:1899)
	at org.apache.hadoop.ipc.Server$Handler.run(Server.java:3048)
Caused by: java.lang.InterruptedException
	at java.base/java.util.concurrent.CompletableFuture.reportGet(CompletableFuture.java:386)
	at java.base/java.util.concurrent.CompletableFuture.get(CompletableFuture.java:2073)
	at org.apache.hadoop.ozone.protocolPB.OzoneManagerProtocolServerSideTranslatorPB.submitRequestDirectlyToOM(OzoneManagerProtocolServerSideTranslatorPB.java:309)
	... 15 more
2024-07-22 09:27:11,709 [1ba5db44-79b5-4f90-beb2-74b6002ac6d7@group-721621F6382A-StateMachineUpdater] INFO  ratis.ContainerStateMachine (ContainerStateMachine.java:takeSnapshot(366)) - group-721621F6382A: Finished taking a snapshot at:(t:1, i:0) file:/home/runner/work/ozone/ozone/hadoop-ozone/integration-test/target/test-dir/MiniOzoneClusterImpl-4478e412-ba5d-49c0-9319-4f1e6a18fdaa/ozone-meta/datanode-2/ratis/372f24e1-ea7c-49ee-972e-721621f6382a/sm/snapshot.1_0 took: 82 ms
2024-07-22 09:27:11,709 [ad117ebe-3568-403d-bc57-6f7f1929bcc4@group-721621F6382A-StateMachineUpdater] INFO  ratis.ContainerStateMachine (ContainerStateMachine.java:takeSnapshot(366)) - group-721621F6382A: Finished taking a snapshot at:(t:1, i:0) file:/home/runner/work/ozone/ozone/hadoop-ozone/integration-test/target/test-dir/MiniOzoneClusterImpl-4478e412-ba5d-49c0-9319-4f1e6a18fdaa/ozone-meta/datanode-1/ratis/372f24e1-ea7c-49ee-972e-721621f6382a/sm/snapshot.1_0 took: 67 ms
2024-07-22 09:27:11,709 [8b9937ac-618a-4a68-974c-6b59ae821168@group-C7AC607CC480-StateMachineUpdater] INFO  ratis.ContainerStateMachine (ContainerStateMachine.java:takeSnapshot(366)) - group-C7AC607CC480: Finished taking a snapshot at:(t:1, i:0) file:/home/runner/work/ozone/ozone/hadoop-ozone/integration-test/target/test-dir/MiniOzoneClusterImpl-4478e412-ba5d-49c0-9319-4f1e6a18fdaa/ozone-meta/datanode-3/ratis/2ede0c02-3d1f-43d6-b275-c7ac607cc480/sm/snapshot.1_0 took: 85 ms
2024-07-22 09:27:11,709 [ad117ebe-3568-403d-bc57-6f7f1929bcc4@group-C7AC607CC480-StateMachineUpdater] INFO  ratis.ContainerStateMachine (ContainerStateMachine.java:takeSnapshot(366)) - group-C7AC607CC480: Finished taking a snapshot at:(t:1, i:0) file:/home/runner/work/ozone/ozone/hadoop-ozone/integration-test/target/test-dir/MiniOzoneClusterImpl-4478e412-ba5d-49c0-9319-4f1e6a18fdaa/ozone-meta/datanode-1/ratis/2ede0c02-3d1f-43d6-b275-c7ac607cc480/sm/snapshot.1_0 took: 82 ms
2024-07-22 09:27:11,709 [ad117ebe-3568-403d-bc57-6f7f1929bcc4@group-5686A0557B00-StateMachineUpdater] INFO  ratis.ContainerStateMachine (ContainerStateMachine.java:takeSnapshot(366)) - group-5686A0557B00: Finished taking a snapshot at:(t:1, i:0) file:/home/runner/work/ozone/ozone/hadoop-ozone/integration-test/target/test-dir/MiniOzoneClusterImpl-4478e412-ba5d-49c0-9319-4f1e6a18fdaa/ozone-meta/datanode-1/ratis/687b77af-9cc2-4084-81dc-5686a0557b00/sm/snapshot.1_0 took: 65 ms
2024-07-22 09:27:11,709 [8b9937ac-618a-4a68-974c-6b59ae821168@group-721621F6382A-StateMachineUpdater] INFO  ratis.ContainerStateMachine (ContainerStateMachine.java:takeSnapshot(366)) - group-721621F6382A: Finished taking a snapshot at:(t:1, i:0) file:/home/runner/work/ozone/ozone/hadoop-ozone/integration-test/target/test-dir/MiniOzoneClusterImpl-4478e412-ba5d-49c0-9319-4f1e6a18fdaa/ozone-meta/datanode-3/ratis/372f24e1-ea7c-49ee-972e-721621f6382a/sm/snapshot.1_0 took: 68 ms
2024-07-22 09:27:11,709 [1ba5db44-79b5-4f90-beb2-74b6002ac6d7@group-99B1A52D89C1-StateMachineUpdater] INFO  ratis.ContainerStateMachine (ContainerStateMachine.java:takeSnapshot(366)) - group-99B1A52D89C1: Finished taking a snapshot at:(t:1, i:0) file:/home/runner/work/ozone/ozone/hadoop-ozone/integration-test/target/test-dir/MiniOzoneClusterImpl-4478e412-ba5d-49c0-9319-4f1e6a18fdaa/ozone-meta/datanode-2/ratis/54227a70-60eb-4294-b8ec-99b1a52d89c1/sm/snapshot.1_0 took: 75 ms
2024-07-22 09:27:11,709 [1ba5db44-79b5-4f90-beb2-74b6002ac6d7@group-C7AC607CC480-StateMachineUpdater] INFO  ratis.ContainerStateMachine (ContainerStateMachine.java:takeSnapshot(366)) - group-C7AC607CC480: Finished taking a snapshot at:(t:1, i:0) file:/home/runner/work/ozone/ozone/hadoop-ozone/integration-test/target/test-dir/MiniOzoneClusterImpl-4478e412-ba5d-49c0-9319-4f1e6a18fdaa/ozone-meta/datanode-2/ratis/2ede0c02-3d1f-43d6-b275-c7ac607cc480/sm/snapshot.1_0 took: 73 ms
2024-07-22 09:27:11,713 [IPC Server handler 7 on default port 15004] WARN  ipc.Server (Server.java:processResponse(1772)) - IPC Server handler 7 on default port 15004, call Call#135 Retry#0 org.apache.hadoop.ozone.om.protocol.OzoneManagerProtocol.submitRequest from localhost:41276 / 127.0.0.1:41276: output error
2024-07-22 09:27:11,713 [IPC Server handler 7 on default port 15004] INFO  ipc.Server (Server.java:run(3061)) - IPC Server handler 7 on default port 15004 caught an exception
java.nio.channels.ClosedChannelException
	at java.base/sun.nio.ch.SocketChannelImpl.ensureOpenAndConnected(SocketChannelImpl.java:215)
	at java.base/sun.nio.ch.SocketChannelImpl.write(SocketChannelImpl.java:527)
	at org.apache.hadoop.ipc.Server.channelWrite(Server.java:3743)
	at org.apache.hadoop.ipc.Server.access$1800(Server.java:148)
	at org.apache.hadoop.ipc.Server$Responder.processResponse(Server.java:1722)
	at org.apache.hadoop.ipc.Server$Responder.doRespond(Server.java:1792)
	at org.apache.hadoop.ipc.Server$Connection.sendResponse(Server.java:2919)
	at org.apache.hadoop.ipc.Server$Connection.access$400(Server.java:1864)
	at org.apache.hadoop.ipc.Server$RpcCall.doResponse(Server.java:1176)
	at org.apache.hadoop.ipc.Server$Call.doResponse(Server.java:954)
	at org.apache.hadoop.ipc.Server$Call.sendResponse(Server.java:940)
	at org.apache.hadoop.ipc.Server$RpcCall.run(Server.java:1111)
	at org.apache.hadoop.ipc.Server$RpcCall.run(Server.java:1017)
	at java.base/java.security.AccessController.doPrivileged(AccessController.java:712)
	at java.base/javax.security.auth.Subject.doAs(Subject.java:439)
	at org.apache.hadoop.security.UserGroupInformation.doAs(UserGroupInformation.java:1899)
	at org.apache.hadoop.ipc.Server$Handler.run(Server.java:3048)
2024-07-22 09:27:11,714 [8b9937ac-618a-4a68-974c-6b59ae821168@group-A411080B45C1-StateMachineUpdater] INFO  ratis.ContainerStateMachine (ContainerStateMachine.java:takeSnapshot(366)) - group-A411080B45C1: Finished taking a snapshot at:(t:1, i:0) file:/home/runner/work/ozone/ozone/hadoop-ozone/integration-test/target/test-dir/MiniOzoneClusterImpl-4478e412-ba5d-49c0-9319-4f1e6a18fdaa/ozone-meta/datanode-3/ratis/56f34a69-2e3c-4b62-a16a-a411080b45c1/sm/snapshot.1_0 took: 80 ms
2024-07-22 09:27:11,717 [grpc-default-executor-12] INFO  server.GrpcServerProtocolService (GrpcServerProtocolService.java:onCompleted(157)) - ad117ebe-3568-403d-bc57-6f7f1929bcc4: Completed APPEND_ENTRIES, lastRequest: 8b9937ac-618a-4a68-974c-6b59ae821168->ad117ebe-3568-403d-bc57-6f7f1929bcc4#1-t1,previous=(t:0, i:0),leaderCommit=-1,initializing? false,entries: size=1, first=(t:1, i:0), CONFIGURATIONENTRY(current:id:"1ba5db44-79b5-4f90-beb2-74b6002ac6d7"address:"127.0.0.1:15023"dataStreamAddress:"127.0.0.1:15024"clientAddress:"127.0.0.1:15021"adminAddress:"127.0.0.1:15022"startupRole:FOLLOWER, id:"ad117ebe-3568-403d-bc57-6f7f1929bcc4"address:"127.0.0.1:15014"dataStreamAddress:"127.0.0.1:15015"clientAddress:"127.0.0.1:15012"adminAddress:"127.0.0.1:15013"startupRole:FOLLOWER, id:"8b9937ac-618a-4a68-974c-6b59ae821168"address:"127.0.0.1:15032"priority:1dataStreamAddress:"127.0.0.1:15033"clientAddress:"127.0.0.1:15030"adminAddress:"127.0.0.1:15031"startupRole:FOLLOWER, old:)
2024-07-22 09:27:11,717 [grpc-default-executor-12] INFO  server.GrpcServerProtocolService (GrpcServerProtocolService.java:lambda$onCompleted$5(159)) - ad117ebe-3568-403d-bc57-6f7f1929bcc4: Completed APPEND_ENTRIES, lastReply: null
2024-07-22 09:27:11,719 [ad117ebe-3568-403d-bc57-6f7f1929bcc4-NettyServerStreamRpc-bossGroup--thread1] INFO  logging.LoggingHandler (AbstractInternalLogger.java:log(148)) - [id: 0xbfd1fd8b, L:/0.0.0.0:15015] CLOSE
2024-07-22 09:27:11,719 [ad117ebe-3568-403d-bc57-6f7f1929bcc4-NettyServerStreamRpc-bossGroup--thread1] INFO  logging.LoggingHandler (AbstractInternalLogger.java:log(148)) - [id: 0xbfd1fd8b, L:/0.0.0.0:15015] INACTIVE
2024-07-22 09:27:11,719 [ad117ebe-3568-403d-bc57-6f7f1929bcc4-NettyServerStreamRpc-bossGroup--thread1] INFO  logging.LoggingHandler (AbstractInternalLogger.java:log(148)) - [id: 0xbfd1fd8b, L:/0.0.0.0:15015] UNREGISTERED
2024-07-22 09:27:11,720 [1ba5db44-79b5-4f90-beb2-74b6002ac6d7@group-C7AC607CC480-StateMachineUpdater] INFO  impl.StateMachineUpdater (StateMachineUpdater.java:takeSnapshot(303)) - 1ba5db44-79b5-4f90-beb2-74b6002ac6d7@group-C7AC607CC480-StateMachineUpdater: Took a snapshot at index 0
2024-07-22 09:27:11,720 [1ba5db44-79b5-4f90-beb2-74b6002ac6d7@group-C7AC607CC480-StateMachineUpdater] INFO  impl.StateMachineUpdater (StateMachineUpdater.java:lambda$new$0(102)) - 1ba5db44-79b5-4f90-beb2-74b6002ac6d7@group-C7AC607CC480-StateMachineUpdater: snapshotIndex: updateIncreasingly -1 -> 0
2024-07-22 09:27:11,720 [grpc-default-executor-10] INFO  server.GrpcServerProtocolService (GrpcServerProtocolService.java:onCompleted(157)) - 1ba5db44-79b5-4f90-beb2-74b6002ac6d7: Completed APPEND_ENTRIES, lastRequest: 8b9937ac-618a-4a68-974c-6b59ae821168->1ba5db44-79b5-4f90-beb2-74b6002ac6d7#1-t1,previous=(t:0, i:0),leaderCommit=-1,initializing? false,entries: size=1, first=(t:1, i:0), CONFIGURATIONENTRY(current:id:"1ba5db44-79b5-4f90-beb2-74b6002ac6d7"address:"127.0.0.1:15023"dataStreamAddress:"127.0.0.1:15024"clientAddress:"127.0.0.1:15021"adminAddress:"127.0.0.1:15022"startupRole:FOLLOWER, id:"ad117ebe-3568-403d-bc57-6f7f1929bcc4"address:"127.0.0.1:15014"dataStreamAddress:"127.0.0.1:15015"clientAddress:"127.0.0.1:15012"adminAddress:"127.0.0.1:15013"startupRole:FOLLOWER, id:"8b9937ac-618a-4a68-974c-6b59ae821168"address:"127.0.0.1:15032"priority:1dataStreamAddress:"127.0.0.1:15033"clientAddress:"127.0.0.1:15030"adminAddress:"127.0.0.1:15031"startupRole:FOLLOWER, old:)
2024-07-22 09:27:11,720 [grpc-default-executor-10] INFO  server.GrpcServerProtocolService (GrpcServerProtocolService.java:lambda$onCompleted$5(159)) - 1ba5db44-79b5-4f90-beb2-74b6002ac6d7: Completed APPEND_ENTRIES, lastReply: null
2024-07-22 09:27:11,719 [1ba5db44-79b5-4f90-beb2-74b6002ac6d7@group-721621F6382A-StateMachineUpdater] INFO  impl.StateMachineUpdater (StateMachineUpdater.java:takeSnapshot(303)) - 1ba5db44-79b5-4f90-beb2-74b6002ac6d7@group-721621F6382A-StateMachineUpdater: Took a snapshot at index 0
2024-07-22 09:27:11,721 [1ba5db44-79b5-4f90-beb2-74b6002ac6d7@group-721621F6382A-StateMachineUpdater] INFO  impl.StateMachineUpdater (StateMachineUpdater.java:lambda$new$0(102)) - 1ba5db44-79b5-4f90-beb2-74b6002ac6d7@group-721621F6382A-StateMachineUpdater: snapshotIndex: updateIncreasingly -1 -> 0
2024-07-22 09:27:11,721 [grpc-default-executor-10] INFO  server.GrpcLogAppender (GrpcLogAppender.java:onCompleted(550)) - 8b9937ac-618a-4a68-974c-6b59ae821168@group-721621F6382A->1ba5db44-79b5-4f90-beb2-74b6002ac6d7-AppendLogResponseHandler: follower responses appendEntries COMPLETED
2024-07-22 09:27:11,721 [grpc-default-executor-11] INFO  server.GrpcServerProtocolService (GrpcServerProtocolService.java:lambda$onCompleted$5(159)) - ad117ebe-3568-403d-bc57-6f7f1929bcc4: Completed APPEND_ENTRIES, lastReply: serverReply {
  requestorId: "1ba5db44-79b5-4f90-beb2-74b6002ac6d7"
  replyId: "ad117ebe-3568-403d-bc57-6f7f1929bcc4"
  raftGroupId {
    id: ".\336\f\002=\037C\326\262u\307\254`|\304\200"
  }
  callId: 122
  success: true
}
term: 1
nextIndex: 1
matchIndex: 18446744073709551615
isHearbeat: true

2024-07-22 09:27:11,721 [grpc-default-executor-8] INFO  server.GrpcServerProtocolService (GrpcServerProtocolService.java:lambda$onCompleted$5(159)) - 8b9937ac-618a-4a68-974c-6b59ae821168: Completed APPEND_ENTRIES, lastReply: serverReply {
  requestorId: "1ba5db44-79b5-4f90-beb2-74b6002ac6d7"
  replyId: "8b9937ac-618a-4a68-974c-6b59ae821168"
  raftGroupId {
    id: ".\336\f\002=\037C\326\262u\307\254`|\304\200"
  }
  callId: 124
  success: true
}
term: 1
nextIndex: 1
matchIndex: 18446744073709551615
isHearbeat: true

2024-07-22 09:27:11,722 [grpc-default-executor-7] INFO  server.GrpcServerProtocolService (GrpcServerProtocolService.java:onCompleted(157)) - 8b9937ac-618a-4a68-974c-6b59ae821168: Completed APPEND_ENTRIES, lastRequest: 1ba5db44-79b5-4f90-beb2-74b6002ac6d7->8b9937ac-618a-4a68-974c-6b59ae821168#1-t1,previous=(t:0, i:0),leaderCommit=-1,initializing? false,entries: size=1, first=(t:1, i:0), CONFIGURATIONENTRY(current:id:"1ba5db44-79b5-4f90-beb2-74b6002ac6d7"address:"127.0.0.1:15023"priority:1dataStreamAddress:"127.0.0.1:15024"clientAddress:"127.0.0.1:15021"adminAddress:"127.0.0.1:15022"startupRole:FOLLOWER, id:"ad117ebe-3568-403d-bc57-6f7f1929bcc4"address:"127.0.0.1:15014"dataStreamAddress:"127.0.0.1:15015"clientAddress:"127.0.0.1:15012"adminAddress:"127.0.0.1:15013"startupRole:FOLLOWER, id:"8b9937ac-618a-4a68-974c-6b59ae821168"address:"127.0.0.1:15032"dataStreamAddress:"127.0.0.1:15033"clientAddress:"127.0.0.1:15030"adminAddress:"127.0.0.1:15031"startupRole:FOLLOWER, old:)
2024-07-22 09:27:11,722 [grpc-default-executor-7] INFO  server.GrpcServerProtocolService (GrpcServerProtocolService.java:lambda$onCompleted$5(159)) - 8b9937ac-618a-4a68-974c-6b59ae821168: Completed APPEND_ENTRIES, lastReply: null
2024-07-22 09:27:11,722 [grpc-default-executor-8] INFO  server.GrpcLogAppender (GrpcLogAppender.java:onCompleted(550)) - 1ba5db44-79b5-4f90-beb2-74b6002ac6d7@group-C7AC607CC480->8b9937ac-618a-4a68-974c-6b59ae821168-AppendLogResponseHandler: follower responses appendEntries COMPLETED
2024-07-22 09:27:11,723 [ad117ebe-3568-403d-bc57-6f7f1929bcc4@group-721621F6382A-StateMachineUpdater] INFO  impl.StateMachineUpdater (StateMachineUpdater.java:takeSnapshot(303)) - ad117ebe-3568-403d-bc57-6f7f1929bcc4@group-721621F6382A-StateMachineUpdater: Took a snapshot at index 0
2024-07-22 09:27:11,723 [ad117ebe-3568-403d-bc57-6f7f1929bcc4@group-721621F6382A-StateMachineUpdater] INFO  impl.StateMachineUpdater (StateMachineUpdater.java:lambda$new$0(102)) - ad117ebe-3568-403d-bc57-6f7f1929bcc4@group-721621F6382A-StateMachineUpdater: snapshotIndex: updateIncreasingly -1 -> 0
2024-07-22 09:27:11,724 [1ba5db44-79b5-4f90-beb2-74b6002ac6d7@group-99B1A52D89C1-StateMachineUpdater] INFO  impl.StateMachineUpdater (StateMachineUpdater.java:takeSnapshot(303)) - 1ba5db44-79b5-4f90-beb2-74b6002ac6d7@group-99B1A52D89C1-StateMachineUpdater: Took a snapshot at index 0
2024-07-22 09:27:11,724 [1ba5db44-79b5-4f90-beb2-74b6002ac6d7@group-99B1A52D89C1-StateMachineUpdater] INFO  impl.StateMachineUpdater (StateMachineUpdater.java:lambda$new$0(102)) - 1ba5db44-79b5-4f90-beb2-74b6002ac6d7@group-99B1A52D89C1-StateMachineUpdater: snapshotIndex: updateIncreasingly -1 -> 0
2024-07-22 09:27:11,724 [8b9937ac-618a-4a68-974c-6b59ae821168@group-721621F6382A-StateMachineUpdater] INFO  impl.StateMachineUpdater (StateMachineUpdater.java:takeSnapshot(303)) - 8b9937ac-618a-4a68-974c-6b59ae821168@group-721621F6382A-StateMachineUpdater: Took a snapshot at index 0
2024-07-22 09:27:11,724 [8b9937ac-618a-4a68-974c-6b59ae821168@group-721621F6382A-StateMachineUpdater] INFO  impl.StateMachineUpdater (StateMachineUpdater.java:lambda$new$0(102)) - 8b9937ac-618a-4a68-974c-6b59ae821168@group-721621F6382A-StateMachineUpdater: snapshotIndex: updateIncreasingly -1 -> 0
2024-07-22 09:27:11,724 [ad117ebe-3568-403d-bc57-6f7f1929bcc4@group-5686A0557B00-StateMachineUpdater] INFO  impl.StateMachineUpdater (StateMachineUpdater.java:takeSnapshot(303)) - ad117ebe-3568-403d-bc57-6f7f1929bcc4@group-5686A0557B00-StateMachineUpdater: Took a snapshot at index 0
2024-07-22 09:27:11,724 [ad117ebe-3568-403d-bc57-6f7f1929bcc4@group-5686A0557B00-StateMachineUpdater] INFO  impl.StateMachineUpdater (StateMachineUpdater.java:lambda$new$0(102)) - ad117ebe-3568-403d-bc57-6f7f1929bcc4@group-5686A0557B00-StateMachineUpdater: snapshotIndex: updateIncreasingly -1 -> 0
2024-07-22 09:27:11,724 [8b9937ac-618a-4a68-974c-6b59ae821168@group-C7AC607CC480-StateMachineUpdater] INFO  impl.StateMachineUpdater (StateMachineUpdater.java:takeSnapshot(303)) - 8b9937ac-618a-4a68-974c-6b59ae821168@group-C7AC607CC480-StateMachineUpdater: Took a snapshot at index 0
2024-07-22 09:27:11,724 [ad117ebe-3568-403d-bc57-6f7f1929bcc4@group-C7AC607CC480-StateMachineUpdater] INFO  impl.StateMachineUpdater (StateMachineUpdater.java:takeSnapshot(303)) - ad117ebe-3568-403d-bc57-6f7f1929bcc4@group-C7AC607CC480-StateMachineUpdater: Took a snapshot at index 0
2024-07-22 09:27:11,724 [8b9937ac-618a-4a68-974c-6b59ae821168@group-C7AC607CC480-StateMachineUpdater] INFO  impl.StateMachineUpdater (StateMachineUpdater.java:lambda$new$0(102)) - 8b9937ac-618a-4a68-974c-6b59ae821168@group-C7AC607CC480-StateMachineUpdater: snapshotIndex: updateIncreasingly -1 -> 0
2024-07-22 09:27:11,724 [ad117ebe-3568-403d-bc57-6f7f1929bcc4@group-C7AC607CC480-StateMachineUpdater] INFO  impl.StateMachineUpdater (StateMachineUpdater.java:lambda$new$0(102)) - ad117ebe-3568-403d-bc57-6f7f1929bcc4@group-C7AC607CC480-StateMachineUpdater: snapshotIndex: updateIncreasingly -1 -> 0
2024-07-22 09:27:11,724 [8b9937ac-618a-4a68-974c-6b59ae821168@group-A411080B45C1-StateMachineUpdater] INFO  impl.StateMachineUpdater (StateMachineUpdater.java:takeSnapshot(303)) - 8b9937ac-618a-4a68-974c-6b59ae821168@group-A411080B45C1-StateMachineUpdater: Took a snapshot at index 0
2024-07-22 09:27:11,725 [8b9937ac-618a-4a68-974c-6b59ae821168@group-A411080B45C1-StateMachineUpdater] INFO  impl.StateMachineUpdater (StateMachineUpdater.java:lambda$new$0(102)) - 8b9937ac-618a-4a68-974c-6b59ae821168@group-A411080B45C1-StateMachineUpdater: snapshotIndex: updateIncreasingly -1 -> 0
2024-07-22 09:27:11,726 [grpc-default-executor-8] WARN  server.GrpcLogAppender (GrpcLogAppender.java:resetClient(230)) - 1ba5db44-79b5-4f90-beb2-74b6002ac6d7@group-C7AC607CC480->8b9937ac-618a-4a68-974c-6b59ae821168-GrpcLogAppender: Failed to getClient for 8b9937ac-618a-4a68-974c-6b59ae821168
org.apache.ratis.protocol.exceptions.AlreadyClosedException: 1ba5db44-79b5-4f90-beb2-74b6002ac6d7 is already CLOSED
	at org.apache.ratis.util.PeerProxyMap$PeerAndProxy.getProxy(PeerProxyMap.java:67)
	at org.apache.ratis.util.PeerProxyMap.getProxy(PeerProxyMap.java:124)
	at org.apache.ratis.grpc.server.GrpcLogAppender.getClient(GrpcLogAppender.java:200)
	at org.apache.ratis.grpc.server.GrpcLogAppender.resetClient(GrpcLogAppender.java:205)
	at org.apache.ratis.grpc.server.GrpcLogAppender.access$800(GrpcLogAppender.java:64)
	at org.apache.ratis.grpc.server.GrpcLogAppender$AppendLogResponseHandler.onCompleted(GrpcLogAppender.java:551)
	at org.apache.ratis.thirdparty.io.grpc.stub.ClientCalls$StreamObserverToCallListenerAdapter.onClose(ClientCalls.java:479)
	at org.apache.ratis.thirdparty.io.grpc.internal.ClientCallImpl.closeObserver(ClientCallImpl.java:567)
	at org.apache.ratis.thirdparty.io.grpc.internal.ClientCallImpl.access$300(ClientCallImpl.java:71)
	at org.apache.ratis.thirdparty.io.grpc.internal.ClientCallImpl$ClientStreamListenerImpl$1StreamClosed.runInternal(ClientCallImpl.java:735)
	at org.apache.ratis.thirdparty.io.grpc.internal.ClientCallImpl$ClientStreamListenerImpl$1StreamClosed.runInContext(ClientCallImpl.java:716)
	at org.apache.ratis.thirdparty.io.grpc.internal.ContextRunnable.run(ContextRunnable.java:37)
	at org.apache.ratis.thirdparty.io.grpc.internal.SerializingExecutor.run(SerializingExecutor.java:133)
	at java.base/java.util.concurrent.ThreadPoolExecutor.runWorker(ThreadPoolExecutor.java:1136)
	at java.base/java.util.concurrent.ThreadPoolExecutor$Worker.run(ThreadPoolExecutor.java:635)
	at java.base/java.lang.Thread.run(Thread.java:840)
2024-07-22 09:27:11,726 [grpc-default-executor-13] INFO  server.GrpcServerProtocolService (GrpcServerProtocolService.java:lambda$onCompleted$5(159)) - ad117ebe-3568-403d-bc57-6f7f1929bcc4: Completed APPEND_ENTRIES, lastReply: serverReply {
  requestorId: "8b9937ac-618a-4a68-974c-6b59ae821168"
  replyId: "ad117ebe-3568-403d-bc57-6f7f1929bcc4"
  raftGroupId {
    id: "7/$\341\352|I\356\227.r\026!\3668*"
  }
  callId: 123
  success: true
}
term: 1
nextIndex: 1
matchIndex: 18446744073709551615
isHearbeat: true

2024-07-22 09:27:11,726 [grpc-default-executor-9] INFO  server.GrpcServerProtocolService (GrpcServerProtocolService.java:lambda$onCompleted$5(159)) - 1ba5db44-79b5-4f90-beb2-74b6002ac6d7: Completed APPEND_ENTRIES, lastReply: serverReply {
  requestorId: "8b9937ac-618a-4a68-974c-6b59ae821168"
  replyId: "1ba5db44-79b5-4f90-beb2-74b6002ac6d7"
  raftGroupId {
    id: "7/$\341\352|I\356\227.r\026!\3668*"
  }
  callId: 125
  success: true
}
term: 1
nextIndex: 1
matchIndex: 18446744073709551615
isHearbeat: true

2024-07-22 09:27:11,727 [main] INFO  server.GrpcService (GrpcService.java:closeImpl(320)) - 1ba5db44-79b5-4f90-beb2-74b6002ac6d7: shutdown server org.apache.ratis.grpc.server.GrpcClientProtocolService successfully
2024-07-22 09:27:11,727 [grpc-default-executor-10] WARN  server.GrpcLogAppender (GrpcLogAppender.java:resetClient(230)) - 8b9937ac-618a-4a68-974c-6b59ae821168@group-721621F6382A->1ba5db44-79b5-4f90-beb2-74b6002ac6d7-GrpcLogAppender: Failed to getClient for 1ba5db44-79b5-4f90-beb2-74b6002ac6d7
org.apache.ratis.protocol.exceptions.AlreadyClosedException: 8b9937ac-618a-4a68-974c-6b59ae821168 is already CLOSED
	at org.apache.ratis.util.PeerProxyMap$PeerAndProxy.getProxy(PeerProxyMap.java:67)
	at org.apache.ratis.util.PeerProxyMap.getProxy(PeerProxyMap.java:124)
	at org.apache.ratis.grpc.server.GrpcLogAppender.getClient(GrpcLogAppender.java:200)
	at org.apache.ratis.grpc.server.GrpcLogAppender.resetClient(GrpcLogAppender.java:205)
	at org.apache.ratis.grpc.server.GrpcLogAppender.access$800(GrpcLogAppender.java:64)
	at org.apache.ratis.grpc.server.GrpcLogAppender$AppendLogResponseHandler.onCompleted(GrpcLogAppender.java:551)
	at org.apache.ratis.thirdparty.io.grpc.stub.ClientCalls$StreamObserverToCallListenerAdapter.onClose(ClientCalls.java:479)
	at org.apache.ratis.thirdparty.io.grpc.internal.ClientCallImpl.closeObserver(ClientCallImpl.java:567)
	at org.apache.ratis.thirdparty.io.grpc.internal.ClientCallImpl.access$300(ClientCallImpl.java:71)
	at org.apache.ratis.thirdparty.io.grpc.internal.ClientCallImpl$ClientStreamListenerImpl$1StreamClosed.runInternal(ClientCallImpl.java:735)
	at org.apache.ratis.thirdparty.io.grpc.internal.ClientCallImpl$ClientStreamListenerImpl$1StreamClosed.runInContext(ClientCallImpl.java:716)
	at org.apache.ratis.thirdparty.io.grpc.internal.ContextRunnable.run(ContextRunnable.java:37)
	at org.apache.ratis.thirdparty.io.grpc.internal.SerializingExecutor.run(SerializingExecutor.java:133)
	at java.base/java.util.concurrent.ThreadPoolExecutor.runWorker(ThreadPoolExecutor.java:1136)
	at java.base/java.util.concurrent.ThreadPoolExecutor$Worker.run(ThreadPoolExecutor.java:635)
	at java.base/java.lang.Thread.run(Thread.java:840)
2024-07-22 09:27:11,728 [grpc-default-executor-10] INFO  server.GrpcLogAppender (GrpcLogAppender.java:onCompleted(550)) - 8b9937ac-618a-4a68-974c-6b59ae821168@group-721621F6382A->1ba5db44-79b5-4f90-beb2-74b6002ac6d7-AppendLogResponseHandler: follower responses appendEntries COMPLETED
2024-07-22 09:27:11,728 [grpc-default-executor-10] WARN  server.GrpcLogAppender (GrpcLogAppender.java:resetClient(230)) - 8b9937ac-618a-4a68-974c-6b59ae821168@group-721621F6382A->1ba5db44-79b5-4f90-beb2-74b6002ac6d7-GrpcLogAppender: Failed to getClient for 1ba5db44-79b5-4f90-beb2-74b6002ac6d7
org.apache.ratis.protocol.exceptions.AlreadyClosedException: 8b9937ac-618a-4a68-974c-6b59ae821168 is already CLOSED
	at org.apache.ratis.util.PeerProxyMap$PeerAndProxy.getProxy(PeerProxyMap.java:67)
	at org.apache.ratis.util.PeerProxyMap.getProxy(PeerProxyMap.java:124)
	at org.apache.ratis.grpc.server.GrpcLogAppender.getClient(GrpcLogAppender.java:200)
	at org.apache.ratis.grpc.server.GrpcLogAppender.resetClient(GrpcLogAppender.java:205)
	at org.apache.ratis.grpc.server.GrpcLogAppender.access$800(GrpcLogAppender.java:64)
	at org.apache.ratis.grpc.server.GrpcLogAppender$AppendLogResponseHandler.onCompleted(GrpcLogAppender.java:551)
	at org.apache.ratis.thirdparty.io.grpc.stub.ClientCalls$StreamObserverToCallListenerAdapter.onClose(ClientCalls.java:479)
	at org.apache.ratis.thirdparty.io.grpc.internal.ClientCallImpl.closeObserver(ClientCallImpl.java:567)
	at org.apache.ratis.thirdparty.io.grpc.internal.ClientCallImpl.access$300(ClientCallImpl.java:71)
	at org.apache.ratis.thirdparty.io.grpc.internal.ClientCallImpl$ClientStreamListenerImpl$1StreamClosed.runInternal(ClientCallImpl.java:735)
	at org.apache.ratis.thirdparty.io.grpc.internal.ClientCallImpl$ClientStreamListenerImpl$1StreamClosed.runInContext(ClientCallImpl.java:716)
	at org.apache.ratis.thirdparty.io.grpc.internal.ContextRunnable.run(ContextRunnable.java:37)
	at org.apache.ratis.thirdparty.io.grpc.internal.SerializingExecutor.run(SerializingExecutor.java:133)
	at java.base/java.util.concurrent.ThreadPoolExecutor.runWorker(ThreadPoolExecutor.java:1136)
	at java.base/java.util.concurrent.ThreadPoolExecutor$Worker.run(ThreadPoolExecutor.java:635)
	at java.base/java.lang.Thread.run(Thread.java:840)
2024-07-22 09:27:11,727 [main] INFO  server.GrpcService (GrpcService.java:closeImpl(311)) - 1ba5db44-79b5-4f90-beb2-74b6002ac6d7: shutdown server GrpcServerProtocolService now
2024-07-22 09:27:11,728 [grpc-default-executor-8] INFO  server.GrpcLogAppender (GrpcLogAppender.java:onCompleted(550)) - 1ba5db44-79b5-4f90-beb2-74b6002ac6d7@group-C7AC607CC480->8b9937ac-618a-4a68-974c-6b59ae821168-AppendLogResponseHandler: follower responses appendEntries COMPLETED
2024-07-22 09:27:11,729 [grpc-default-executor-8] WARN  server.GrpcLogAppender (GrpcLogAppender.java:resetClient(230)) - 1ba5db44-79b5-4f90-beb2-74b6002ac6d7@group-C7AC607CC480->8b9937ac-618a-4a68-974c-6b59ae821168-GrpcLogAppender: Failed to getClient for 8b9937ac-618a-4a68-974c-6b59ae821168
org.apache.ratis.protocol.exceptions.AlreadyClosedException: 1ba5db44-79b5-4f90-beb2-74b6002ac6d7 is already CLOSED
	at org.apache.ratis.util.PeerProxyMap$PeerAndProxy.getProxy(PeerProxyMap.java:67)
	at org.apache.ratis.util.PeerProxyMap.getProxy(PeerProxyMap.java:124)
	at org.apache.ratis.grpc.server.GrpcLogAppender.getClient(GrpcLogAppender.java:200)
	at org.apache.ratis.grpc.server.GrpcLogAppender.resetClient(GrpcLogAppender.java:205)
	at org.apache.ratis.grpc.server.GrpcLogAppender.access$800(GrpcLogAppender.java:64)
	at org.apache.ratis.grpc.server.GrpcLogAppender$AppendLogResponseHandler.onCompleted(GrpcLogAppender.java:551)
	at org.apache.ratis.thirdparty.io.grpc.stub.ClientCalls$StreamObserverToCallListenerAdapter.onClose(ClientCalls.java:479)
	at org.apache.ratis.thirdparty.io.grpc.internal.DelayedClientCall$DelayedListener$3.run(DelayedClientCall.java:489)
	at org.apache.ratis.thirdparty.io.grpc.internal.DelayedClientCall$DelayedListener.delayOrExecute(DelayedClientCall.java:453)
	at org.apache.ratis.thirdparty.io.grpc.internal.DelayedClientCall$DelayedListener.onClose(DelayedClientCall.java:486)
	at org.apache.ratis.thirdparty.io.grpc.internal.ClientCallImpl.closeObserver(ClientCallImpl.java:567)
	at org.apache.ratis.thirdparty.io.grpc.internal.ClientCallImpl.access$300(ClientCallImpl.java:71)
	at org.apache.ratis.thirdparty.io.grpc.internal.ClientCallImpl$ClientStreamListenerImpl$1StreamClosed.runInternal(ClientCallImpl.java:735)
	at org.apache.ratis.thirdparty.io.grpc.internal.ClientCallImpl$ClientStreamListenerImpl$1StreamClosed.runInContext(ClientCallImpl.java:716)
	at org.apache.ratis.thirdparty.io.grpc.internal.ContextRunnable.run(ContextRunnable.java:37)
	at org.apache.ratis.thirdparty.io.grpc.internal.SerializingExecutor.run(SerializingExecutor.java:133)
	at java.base/java.util.concurrent.ThreadPoolExecutor.runWorker(ThreadPoolExecutor.java:1136)
	at java.base/java.util.concurrent.ThreadPoolExecutor$Worker.run(ThreadPoolExecutor.java:635)
	at java.base/java.lang.Thread.run(Thread.java:840)
2024-07-22 09:27:11,729 [main] INFO  server.GrpcService (GrpcService.java:closeImpl(320)) - 1ba5db44-79b5-4f90-beb2-74b6002ac6d7: shutdown server GrpcServerProtocolService successfully
2024-07-22 09:27:11,729 [main] INFO  server.GrpcService (GrpcService.java:closeImpl(311)) - 1ba5db44-79b5-4f90-beb2-74b6002ac6d7: shutdown server org.apache.ratis.grpc.server.GrpcAdminProtocolService now
2024-07-22 09:27:11,730 [main] INFO  server.GrpcService (GrpcService.java:closeImpl(320)) - 1ba5db44-79b5-4f90-beb2-74b6002ac6d7: shutdown server org.apache.ratis.grpc.server.GrpcAdminProtocolService successfully
2024-07-22 09:27:11,730 [grpc-default-executor-1] INFO  server.GrpcServerProtocolService (GrpcServerProtocolService.java:onCompleted(157)) - ad117ebe-3568-403d-bc57-6f7f1929bcc4: Completed APPEND_ENTRIES, lastRequest: 1ba5db44-79b5-4f90-beb2-74b6002ac6d7->ad117ebe-3568-403d-bc57-6f7f1929bcc4#1-t1,previous=(t:0, i:0),leaderCommit=-1,initializing? false,entries: size=1, first=(t:1, i:0), CONFIGURATIONENTRY(current:id:"1ba5db44-79b5-4f90-beb2-74b6002ac6d7"address:"127.0.0.1:15023"priority:1dataStreamAddress:"127.0.0.1:15024"clientAddress:"127.0.0.1:15021"adminAddress:"127.0.0.1:15022"startupRole:FOLLOWER, id:"ad117ebe-3568-403d-bc57-6f7f1929bcc4"address:"127.0.0.1:15014"dataStreamAddress:"127.0.0.1:15015"clientAddress:"127.0.0.1:15012"adminAddress:"127.0.0.1:15013"startupRole:FOLLOWER, id:"8b9937ac-618a-4a68-974c-6b59ae821168"address:"127.0.0.1:15032"dataStreamAddress:"127.0.0.1:15033"clientAddress:"127.0.0.1:15030"adminAddress:"127.0.0.1:15031"startupRole:FOLLOWER, old:)
2024-07-22 09:27:11,730 [grpc-default-executor-1] INFO  server.GrpcServerProtocolService (GrpcServerProtocolService.java:lambda$onCompleted$5(159)) - ad117ebe-3568-403d-bc57-6f7f1929bcc4: Completed APPEND_ENTRIES, lastReply: null
2024-07-22 09:27:11,731 [ForkJoinPool.commonPool-worker-7] INFO  server.GrpcService (GrpcService.java:closeImpl(320)) - 8b9937ac-618a-4a68-974c-6b59ae821168: shutdown server org.apache.ratis.grpc.server.GrpcClientProtocolService successfully
2024-07-22 09:27:11,731 [ForkJoinPool.commonPool-worker-7] INFO  server.GrpcService (GrpcService.java:closeImpl(311)) - 8b9937ac-618a-4a68-974c-6b59ae821168: shutdown server GrpcServerProtocolService now
2024-07-22 09:27:11,731 [ForkJoinPool.commonPool-worker-7] INFO  server.GrpcService (GrpcService.java:closeImpl(320)) - 8b9937ac-618a-4a68-974c-6b59ae821168: shutdown server GrpcServerProtocolService successfully
2024-07-22 09:27:11,731 [ForkJoinPool.commonPool-worker-7] INFO  server.GrpcService (GrpcService.java:closeImpl(311)) - 8b9937ac-618a-4a68-974c-6b59ae821168: shutdown server org.apache.ratis.grpc.server.GrpcAdminProtocolService now
2024-07-22 09:27:11,731 [ad117ebe-3568-403d-bc57-6f7f1929bcc4@group-721621F6382A-StateMachineUpdater] INFO  impl.StateMachineUpdater (StateMachineUpdater.java:stop(141)) - ad117ebe-3568-403d-bc57-6f7f1929bcc4@group-721621F6382A-StateMachineUpdater: closing ContainerStateMachine, lastApplied=(t:1, i:0)
2024-07-22 09:27:11,732 [8b9937ac-618a-4a68-974c-6b59ae821168@group-721621F6382A-StateMachineUpdater] INFO  impl.StateMachineUpdater (StateMachineUpdater.java:stop(141)) - 8b9937ac-618a-4a68-974c-6b59ae821168@group-721621F6382A-StateMachineUpdater: closing ContainerStateMachine, lastApplied=(t:1, i:0)
2024-07-22 09:27:11,732 [ad117ebe-3568-403d-bc57-6f7f1929bcc4@group-721621F6382A-cacheEviction-AwaitToRun] INFO  util.AwaitToRun (AwaitToRun.java:run(49)) - ad117ebe-3568-403d-bc57-6f7f1929bcc4@group-721621F6382A-cacheEviction-AwaitToRun-AwaitForSignal is interrupted
2024-07-22 09:27:11,732 [ad117ebe-3568-403d-bc57-6f7f1929bcc4@group-5686A0557B00-StateMachineUpdater] INFO  impl.StateMachineUpdater (StateMachineUpdater.java:stop(141)) - ad117ebe-3568-403d-bc57-6f7f1929bcc4@group-5686A0557B00-StateMachineUpdater: closing ContainerStateMachine, lastApplied=(t:1, i:0)
2024-07-22 09:27:11,732 [1ba5db44-79b5-4f90-beb2-74b6002ac6d7@group-C7AC607CC480-StateMachineUpdater] INFO  impl.StateMachineUpdater (StateMachineUpdater.java:stop(141)) - 1ba5db44-79b5-4f90-beb2-74b6002ac6d7@group-C7AC607CC480-StateMachineUpdater: closing ContainerStateMachine, lastApplied=(t:1, i:0)
2024-07-22 09:27:11,733 [ad117ebe-3568-403d-bc57-6f7f1929bcc4@group-C7AC607CC480-StateMachineUpdater] INFO  impl.StateMachineUpdater (StateMachineUpdater.java:stop(141)) - ad117ebe-3568-403d-bc57-6f7f1929bcc4@group-C7AC607CC480-StateMachineUpdater: closing ContainerStateMachine, lastApplied=(t:1, i:0)
2024-07-22 09:27:11,733 [1ba5db44-79b5-4f90-beb2-74b6002ac6d7@group-99B1A52D89C1-StateMachineUpdater] INFO  impl.StateMachineUpdater (StateMachineUpdater.java:stop(141)) - 1ba5db44-79b5-4f90-beb2-74b6002ac6d7@group-99B1A52D89C1-StateMachineUpdater: closing ContainerStateMachine, lastApplied=(t:1, i:0)
2024-07-22 09:27:11,733 [8b9937ac-618a-4a68-974c-6b59ae821168@group-C7AC607CC480-StateMachineUpdater] INFO  impl.StateMachineUpdater (StateMachineUpdater.java:stop(141)) - 8b9937ac-618a-4a68-974c-6b59ae821168@group-C7AC607CC480-StateMachineUpdater: closing ContainerStateMachine, lastApplied=(t:1, i:0)
2024-07-22 09:27:11,733 [1ba5db44-79b5-4f90-beb2-74b6002ac6d7@group-C7AC607CC480-cacheEviction-AwaitToRun] INFO  util.AwaitToRun (AwaitToRun.java:run(49)) - 1ba5db44-79b5-4f90-beb2-74b6002ac6d7@group-C7AC607CC480-cacheEviction-AwaitToRun-AwaitForSignal is interrupted
2024-07-22 09:27:11,733 [ad117ebe-3568-403d-bc57-6f7f1929bcc4@group-C7AC607CC480-cacheEviction-AwaitToRun] INFO  util.AwaitToRun (AwaitToRun.java:run(49)) - ad117ebe-3568-403d-bc57-6f7f1929bcc4@group-C7AC607CC480-cacheEviction-AwaitToRun-AwaitForSignal is interrupted
2024-07-22 09:27:11,731 [1ba5db44-79b5-4f90-beb2-74b6002ac6d7@group-721621F6382A-StateMachineUpdater] INFO  impl.StateMachineUpdater (StateMachineUpdater.java:stop(141)) - 1ba5db44-79b5-4f90-beb2-74b6002ac6d7@group-721621F6382A-StateMachineUpdater: closing ContainerStateMachine, lastApplied=(t:1, i:0)
2024-07-22 09:27:11,733 [8b9937ac-618a-4a68-974c-6b59ae821168@group-C7AC607CC480-cacheEviction-AwaitToRun] INFO  util.AwaitToRun (AwaitToRun.java:run(49)) - 8b9937ac-618a-4a68-974c-6b59ae821168@group-C7AC607CC480-cacheEviction-AwaitToRun-AwaitForSignal is interrupted
2024-07-22 09:27:11,737 [1ba5db44-79b5-4f90-beb2-74b6002ac6d7@group-721621F6382A-cacheEviction-AwaitToRun] INFO  util.AwaitToRun (AwaitToRun.java:run(49)) - 1ba5db44-79b5-4f90-beb2-74b6002ac6d7@group-721621F6382A-cacheEviction-AwaitToRun-AwaitForSignal is interrupted
2024-07-22 09:27:11,733 [1ba5db44-79b5-4f90-beb2-74b6002ac6d7@group-99B1A52D89C1-cacheEviction-AwaitToRun] INFO  util.AwaitToRun (AwaitToRun.java:run(49)) - 1ba5db44-79b5-4f90-beb2-74b6002ac6d7@group-99B1A52D89C1-cacheEviction-AwaitToRun-AwaitForSignal is interrupted
2024-07-22 09:27:11,733 [ad117ebe-3568-403d-bc57-6f7f1929bcc4@group-5686A0557B00-cacheEviction-AwaitToRun] INFO  util.AwaitToRun (AwaitToRun.java:run(49)) - ad117ebe-3568-403d-bc57-6f7f1929bcc4@group-5686A0557B00-cacheEviction-AwaitToRun-AwaitForSignal is interrupted
2024-07-22 09:27:11,732 [8b9937ac-618a-4a68-974c-6b59ae821168@group-721621F6382A-cacheEviction-AwaitToRun] INFO  util.AwaitToRun (AwaitToRun.java:run(49)) - 8b9937ac-618a-4a68-974c-6b59ae821168@group-721621F6382A-cacheEviction-AwaitToRun-AwaitForSignal is interrupted
2024-07-22 09:27:11,732 [8b9937ac-618a-4a68-974c-6b59ae821168@group-A411080B45C1-StateMachineUpdater] INFO  impl.StateMachineUpdater (StateMachineUpdater.java:stop(141)) - 8b9937ac-618a-4a68-974c-6b59ae821168@group-A411080B45C1-StateMachineUpdater: closing ContainerStateMachine, lastApplied=(t:1, i:0)
2024-07-22 09:27:11,739 [8b9937ac-618a-4a68-974c-6b59ae821168@group-A411080B45C1-cacheEviction-AwaitToRun] INFO  util.AwaitToRun (AwaitToRun.java:run(49)) - 8b9937ac-618a-4a68-974c-6b59ae821168@group-A411080B45C1-cacheEviction-AwaitToRun-AwaitForSignal is interrupted
2024-07-22 09:27:11,742 [ForkJoinPool.commonPool-worker-7] INFO  server.GrpcService (GrpcService.java:closeImpl(320)) - 8b9937ac-618a-4a68-974c-6b59ae821168: shutdown server org.apache.ratis.grpc.server.GrpcAdminProtocolService successfully
2024-07-22 09:27:11,749 [1ba5db44-79b5-4f90-beb2-74b6002ac6d7-NettyServerStreamRpc-bossGroup--thread1] INFO  logging.LoggingHandler (AbstractInternalLogger.java:log(148)) - [id: 0xede0c811, L:/0.0.0.0:15024] CLOSE
2024-07-22 09:27:11,749 [1ba5db44-79b5-4f90-beb2-74b6002ac6d7-NettyServerStreamRpc-bossGroup--thread1] INFO  logging.LoggingHandler (AbstractInternalLogger.java:log(148)) - [id: 0xede0c811, L:/0.0.0.0:15024] INACTIVE
2024-07-22 09:27:11,749 [1ba5db44-79b5-4f90-beb2-74b6002ac6d7-NettyServerStreamRpc-bossGroup--thread1] INFO  logging.LoggingHandler (AbstractInternalLogger.java:log(148)) - [id: 0xede0c811, L:/0.0.0.0:15024] UNREGISTERED
2024-07-22 09:27:11,755 [8b9937ac-618a-4a68-974c-6b59ae821168-NettyServerStreamRpc-bossGroup--thread1] INFO  logging.LoggingHandler (AbstractInternalLogger.java:log(148)) - [id: 0x7d49a6b3, L:/0.0.0.0:15033] CLOSE
2024-07-22 09:27:11,755 [8b9937ac-618a-4a68-974c-6b59ae821168-NettyServerStreamRpc-bossGroup--thread1] INFO  logging.LoggingHandler (AbstractInternalLogger.java:log(148)) - [id: 0x7d49a6b3, L:/0.0.0.0:15033] INACTIVE
2024-07-22 09:27:11,755 [8b9937ac-618a-4a68-974c-6b59ae821168-NettyServerStreamRpc-bossGroup--thread1] INFO  logging.LoggingHandler (AbstractInternalLogger.java:log(148)) - [id: 0x7d49a6b3, L:/0.0.0.0:15033] UNREGISTERED
2024-07-22 09:27:12,027 [1ba5db44-79b5-4f90-beb2-74b6002ac6d7-impl-thread4] INFO  segmented.SegmentedRaftLogWorker (SegmentedRaftLogWorker.java:close(248)) - 1ba5db44-79b5-4f90-beb2-74b6002ac6d7@group-99B1A52D89C1-SegmentedRaftLogWorker close()
2024-07-22 09:27:12,215 [8b9937ac-618a-4a68-974c-6b59ae821168-impl-thread4] INFO  segmented.SegmentedRaftLogWorker (SegmentedRaftLogWorker.java:close(248)) - 8b9937ac-618a-4a68-974c-6b59ae821168@group-721621F6382A-SegmentedRaftLogWorker close()
2024-07-22 09:27:12,257 [8b9937ac-618a-4a68-974c-6b59ae821168-impl-thread3] INFO  segmented.SegmentedRaftLogWorker (SegmentedRaftLogWorker.java:close(248)) - 8b9937ac-618a-4a68-974c-6b59ae821168@group-A411080B45C1-SegmentedRaftLogWorker close()
2024-07-22 09:27:12,288 [ad117ebe-3568-403d-bc57-6f7f1929bcc4-impl-thread3] INFO  segmented.SegmentedRaftLogWorker (SegmentedRaftLogWorker.java:close(248)) - ad117ebe-3568-403d-bc57-6f7f1929bcc4@group-721621F6382A-SegmentedRaftLogWorker close()
2024-07-22 09:27:12,334 [1ba5db44-79b5-4f90-beb2-74b6002ac6d7-impl-thread3] INFO  segmented.SegmentedRaftLogWorker (SegmentedRaftLogWorker.java:close(248)) - 1ba5db44-79b5-4f90-beb2-74b6002ac6d7@group-721621F6382A-SegmentedRaftLogWorker close()
2024-07-22 09:27:12,351 [1ba5db44-79b5-4f90-beb2-74b6002ac6d7-impl-thread2] INFO  segmented.SegmentedRaftLogWorker (SegmentedRaftLogWorker.java:close(248)) - 1ba5db44-79b5-4f90-beb2-74b6002ac6d7@group-C7AC607CC480-SegmentedRaftLogWorker close()
2024-07-22 09:27:12,352 [JvmPauseMonitor3] INFO  util.JvmPauseMonitor (JvmPauseMonitor.java:run(152)) - JvmPauseMonitor-1ba5db44-79b5-4f90-beb2-74b6002ac6d7: Stopped
2024-07-22 09:27:12,392 [ad117ebe-3568-403d-bc57-6f7f1929bcc4-impl-thread2] INFO  segmented.SegmentedRaftLogWorker (SegmentedRaftLogWorker.java:close(248)) - ad117ebe-3568-403d-bc57-6f7f1929bcc4@group-C7AC607CC480-SegmentedRaftLogWorker close()
2024-07-22 09:27:12,400 [8b9937ac-618a-4a68-974c-6b59ae821168-impl-thread2] INFO  segmented.SegmentedRaftLogWorker (SegmentedRaftLogWorker.java:close(248)) - 8b9937ac-618a-4a68-974c-6b59ae821168@group-C7AC607CC480-SegmentedRaftLogWorker close()
2024-07-22 09:27:12,401 [JvmPauseMonitor4] INFO  util.JvmPauseMonitor (JvmPauseMonitor.java:run(152)) - JvmPauseMonitor-8b9937ac-618a-4a68-974c-6b59ae821168: Stopped
2024-07-22 09:27:12,694 [ad117ebe-3568-403d-bc57-6f7f1929bcc4-impl-thread4] INFO  segmented.SegmentedRaftLogWorker (SegmentedRaftLogWorker.java:close(248)) - ad117ebe-3568-403d-bc57-6f7f1929bcc4@group-5686A0557B00-SegmentedRaftLogWorker close()
2024-07-22 09:27:12,695 [JvmPauseMonitor2] INFO  util.JvmPauseMonitor (JvmPauseMonitor.java:run(152)) - JvmPauseMonitor-ad117ebe-3568-403d-bc57-6f7f1929bcc4: Stopped
2024-07-22 09:27:14,361 [main] INFO  utils.DatanodeStoreCache (DatanodeStoreCache.java:shutdownCache(116)) - Skip clearing cache in mini cluster mode. Entries left: [/home/runner/work/ozone/ozone/hadoop-ozone/integration-test/target/test-dir/MiniOzoneClusterImpl-4478e412-ba5d-49c0-9319-4f1e6a18fdaa/ozone-meta/datanode-1/data-0/hdds/4478e412-ba5d-49c0-9319-4f1e6a18fdaa/DS-7888c681-9e50-4f15-8f8f-52d29141b3a6/container.db, /home/runner/work/ozone/ozone/hadoop-ozone/integration-test/target/test-dir/MiniOzoneClusterImpl-4478e412-ba5d-49c0-9319-4f1e6a18fdaa/ozone-meta/datanode-2/data-0/hdds/4478e412-ba5d-49c0-9319-4f1e6a18fdaa/DS-88b314df-c787-48cb-98cf-b1e33c1c9986/container.db, /home/runner/work/ozone/ozone/hadoop-ozone/integration-test/target/test-dir/MiniOzoneClusterImpl-4478e412-ba5d-49c0-9319-4f1e6a18fdaa/ozone-meta/datanode-3/data-0/hdds/4478e412-ba5d-49c0-9319-4f1e6a18fdaa/DS-7e047636-139a-488e-be78-e295b598013f/container.db]
2024-07-22 09:27:14,363 [main] INFO  utils.DatanodeStoreCache (DatanodeStoreCache.java:removeDB(110)) - Removed db /home/runner/work/ozone/ozone/hadoop-ozone/integration-test/target/test-dir/MiniOzoneClusterImpl-4478e412-ba5d-49c0-9319-4f1e6a18fdaa/ozone-meta/datanode-2/data-0/hdds/4478e412-ba5d-49c0-9319-4f1e6a18fdaa/DS-88b314df-c787-48cb-98cf-b1e33c1c9986/container.db from cache
2024-07-22 09:27:14,363 [main] INFO  volume.HddsVolume (HddsVolume.java:closeDbStore(470)) - SchemaV3 db is stopped at /home/runner/work/ozone/ozone/hadoop-ozone/integration-test/target/test-dir/MiniOzoneClusterImpl-4478e412-ba5d-49c0-9319-4f1e6a18fdaa/ozone-meta/datanode-2/data-0/hdds/4478e412-ba5d-49c0-9319-4f1e6a18fdaa/DS-88b314df-c787-48cb-98cf-b1e33c1c9986/container.db for volume DS-88b314df-c787-48cb-98cf-b1e33c1c9986
2024-07-22 09:27:14,363 [main] INFO  utils.BackgroundService (BackgroundService.java:shutdown(163)) - Shutting down service BlockDeletingService
2024-07-22 09:27:14,364 [main] INFO  utils.BackgroundService (BackgroundService.java:shutdown(163)) - Shutting down service StaleRecoveringContainerScrubbingService
2024-07-22 09:27:14,365 [main] INFO  statemachine.DatanodeStateMachine (DatanodeStateMachine.java:stopDaemon(628)) - Ozone container server stopped.
2024-07-22 09:27:14,380 [main] INFO  handler.ContextHandler (ContextHandler.java:doStop(1159)) - Stopped o.e.j.w.WebAppContext@67fc98fe{hddsDatanode,/,null,STOPPED}{jar:file:/home/runner/work/ozone/ozone/hadoop-hdds/container-service/target/hdds-container-service-1.5.0-SNAPSHOT.jar!/webapps/hddsDatanode}
2024-07-22 09:27:14,380 [main] INFO  server.AbstractConnector (AbstractConnector.java:doStop(383)) - Stopped ServerConnector@22cc2ae5{HTTP/1.1, (http/1.1)}{0.0.0.0:15018}
2024-07-22 09:27:14,380 [main] INFO  server.session (HouseKeeper.java:stopScavenging(149)) - node0 Stopped scavenging
2024-07-22 09:27:14,381 [main] INFO  handler.ContextHandler (ContextHandler.java:doStop(1159)) - Stopped o.e.j.s.ServletContextHandler@64f0271e{static,/static,jar:file:/home/runner/work/ozone/ozone/hadoop-hdds/container-service/target/hdds-container-service-1.5.0-SNAPSHOT.jar!/webapps/static,STOPPED}
2024-07-22 09:27:14,381 [main] INFO  handler.ContextHandler (ContextHandler.java:doStop(1159)) - Stopped o.e.j.s.ServletContextHandler@3b2bd545{logs,/logs,file:///home/runner/work/ozone/ozone/hadoop-ozone/integration-test/target/log,STOPPED}
2024-07-22 09:27:14,382 [main] INFO  ozone.HddsDatanodeClientProtocolServer (HddsDatanodeClientProtocolServer.java:stop(83)) - Stopping the RPC server for Client Protocol
2024-07-22 09:27:14,382 [main] INFO  ipc.Server (Server.java:stop(3523)) - Stopping server on 15019
2024-07-22 09:27:14,382 [IPC Server Responder] INFO  ipc.Server (Server.java:run(1567)) - Stopping IPC Server Responder
2024-07-22 09:27:14,382 [IPC Server listener on 15019] INFO  ipc.Server (Server.java:run(1434)) - Stopping IPC Server listener on 15019
2024-07-22 09:27:14,403 [ForkJoinPool.commonPool-worker-7] INFO  utils.DatanodeStoreCache (DatanodeStoreCache.java:shutdownCache(116)) - Skip clearing cache in mini cluster mode. Entries left: [/home/runner/work/ozone/ozone/hadoop-ozone/integration-test/target/test-dir/MiniOzoneClusterImpl-4478e412-ba5d-49c0-9319-4f1e6a18fdaa/ozone-meta/datanode-1/data-0/hdds/4478e412-ba5d-49c0-9319-4f1e6a18fdaa/DS-7888c681-9e50-4f15-8f8f-52d29141b3a6/container.db, /home/runner/work/ozone/ozone/hadoop-ozone/integration-test/target/test-dir/MiniOzoneClusterImpl-4478e412-ba5d-49c0-9319-4f1e6a18fdaa/ozone-meta/datanode-3/data-0/hdds/4478e412-ba5d-49c0-9319-4f1e6a18fdaa/DS-7e047636-139a-488e-be78-e295b598013f/container.db]
2024-07-22 09:27:14,404 [ForkJoinPool.commonPool-worker-7] INFO  utils.DatanodeStoreCache (DatanodeStoreCache.java:removeDB(110)) - Removed db /home/runner/work/ozone/ozone/hadoop-ozone/integration-test/target/test-dir/MiniOzoneClusterImpl-4478e412-ba5d-49c0-9319-4f1e6a18fdaa/ozone-meta/datanode-3/data-0/hdds/4478e412-ba5d-49c0-9319-4f1e6a18fdaa/DS-7e047636-139a-488e-be78-e295b598013f/container.db from cache
2024-07-22 09:27:14,404 [ForkJoinPool.commonPool-worker-7] INFO  volume.HddsVolume (HddsVolume.java:closeDbStore(470)) - SchemaV3 db is stopped at /home/runner/work/ozone/ozone/hadoop-ozone/integration-test/target/test-dir/MiniOzoneClusterImpl-4478e412-ba5d-49c0-9319-4f1e6a18fdaa/ozone-meta/datanode-3/data-0/hdds/4478e412-ba5d-49c0-9319-4f1e6a18fdaa/DS-7e047636-139a-488e-be78-e295b598013f/container.db for volume DS-7e047636-139a-488e-be78-e295b598013f
2024-07-22 09:27:14,404 [ForkJoinPool.commonPool-worker-7] INFO  utils.BackgroundService (BackgroundService.java:shutdown(163)) - Shutting down service BlockDeletingService
2024-07-22 09:27:14,405 [ForkJoinPool.commonPool-worker-7] INFO  utils.BackgroundService (BackgroundService.java:shutdown(163)) - Shutting down service StaleRecoveringContainerScrubbingService
2024-07-22 09:27:14,405 [ForkJoinPool.commonPool-worker-7] INFO  statemachine.DatanodeStateMachine (DatanodeStateMachine.java:stopDaemon(628)) - Ozone container server stopped.
2024-07-22 09:27:14,420 [ForkJoinPool.commonPool-worker-7] INFO  handler.ContextHandler (ContextHandler.java:doStop(1159)) - Stopped o.e.j.w.WebAppContext@704a0f9{hddsDatanode,/,null,STOPPED}{jar:file:/home/runner/work/ozone/ozone/hadoop-hdds/container-service/target/hdds-container-service-1.5.0-SNAPSHOT.jar!/webapps/hddsDatanode}
2024-07-22 09:27:14,421 [ForkJoinPool.commonPool-worker-7] INFO  server.AbstractConnector (AbstractConnector.java:doStop(383)) - Stopped ServerConnector@254ed9ba{HTTP/1.1, (http/1.1)}{0.0.0.0:15027}
2024-07-22 09:27:14,421 [ForkJoinPool.commonPool-worker-7] INFO  server.session (HouseKeeper.java:stopScavenging(149)) - node0 Stopped scavenging
2024-07-22 09:27:14,421 [ForkJoinPool.commonPool-worker-7] INFO  handler.ContextHandler (ContextHandler.java:doStop(1159)) - Stopped o.e.j.s.ServletContextHandler@575dab37{static,/static,jar:file:/home/runner/work/ozone/ozone/hadoop-hdds/container-service/target/hdds-container-service-1.5.0-SNAPSHOT.jar!/webapps/static,STOPPED}
2024-07-22 09:27:14,421 [ForkJoinPool.commonPool-worker-7] INFO  handler.ContextHandler (ContextHandler.java:doStop(1159)) - Stopped o.e.j.s.ServletContextHandler@4c49193a{logs,/logs,file:///home/runner/work/ozone/ozone/hadoop-ozone/integration-test/target/log,STOPPED}
2024-07-22 09:27:14,421 [ForkJoinPool.commonPool-worker-7] INFO  ozone.HddsDatanodeClientProtocolServer (HddsDatanodeClientProtocolServer.java:stop(83)) - Stopping the RPC server for Client Protocol
2024-07-22 09:27:14,422 [ForkJoinPool.commonPool-worker-7] INFO  ipc.Server (Server.java:stop(3523)) - Stopping server on 15028
2024-07-22 09:27:14,422 [IPC Server listener on 15028] INFO  ipc.Server (Server.java:run(1434)) - Stopping IPC Server listener on 15028
2024-07-22 09:27:14,422 [IPC Server Responder] INFO  ipc.Server (Server.java:run(1567)) - Stopping IPC Server Responder
2024-07-22 09:27:14,697 [ForkJoinPool.commonPool-worker-6] INFO  utils.DatanodeStoreCache (DatanodeStoreCache.java:shutdownCache(116)) - Skip clearing cache in mini cluster mode. Entries left: [/home/runner/work/ozone/ozone/hadoop-ozone/integration-test/target/test-dir/MiniOzoneClusterImpl-4478e412-ba5d-49c0-9319-4f1e6a18fdaa/ozone-meta/datanode-1/data-0/hdds/4478e412-ba5d-49c0-9319-4f1e6a18fdaa/DS-7888c681-9e50-4f15-8f8f-52d29141b3a6/container.db]
2024-07-22 09:27:14,698 [ForkJoinPool.commonPool-worker-6] INFO  utils.DatanodeStoreCache (DatanodeStoreCache.java:removeDB(110)) - Removed db /home/runner/work/ozone/ozone/hadoop-ozone/integration-test/target/test-dir/MiniOzoneClusterImpl-4478e412-ba5d-49c0-9319-4f1e6a18fdaa/ozone-meta/datanode-1/data-0/hdds/4478e412-ba5d-49c0-9319-4f1e6a18fdaa/DS-7888c681-9e50-4f15-8f8f-52d29141b3a6/container.db from cache
2024-07-22 09:27:14,698 [ForkJoinPool.commonPool-worker-6] INFO  volume.HddsVolume (HddsVolume.java:closeDbStore(470)) - SchemaV3 db is stopped at /home/runner/work/ozone/ozone/hadoop-ozone/integration-test/target/test-dir/MiniOzoneClusterImpl-4478e412-ba5d-49c0-9319-4f1e6a18fdaa/ozone-meta/datanode-1/data-0/hdds/4478e412-ba5d-49c0-9319-4f1e6a18fdaa/DS-7888c681-9e50-4f15-8f8f-52d29141b3a6/container.db for volume DS-7888c681-9e50-4f15-8f8f-52d29141b3a6
2024-07-22 09:27:14,698 [ForkJoinPool.commonPool-worker-6] INFO  utils.BackgroundService (BackgroundService.java:shutdown(163)) - Shutting down service BlockDeletingService
2024-07-22 09:27:14,699 [ForkJoinPool.commonPool-worker-6] INFO  utils.BackgroundService (BackgroundService.java:shutdown(163)) - Shutting down service StaleRecoveringContainerScrubbingService
2024-07-22 09:27:14,700 [ForkJoinPool.commonPool-worker-6] INFO  statemachine.DatanodeStateMachine (DatanodeStateMachine.java:stopDaemon(628)) - Ozone container server stopped.
2024-07-22 09:27:14,714 [ForkJoinPool.commonPool-worker-6] INFO  handler.ContextHandler (ContextHandler.java:doStop(1159)) - Stopped o.e.j.w.WebAppContext@1618b4fa{hddsDatanode,/,null,STOPPED}{jar:file:/home/runner/work/ozone/ozone/hadoop-hdds/container-service/target/hdds-container-service-1.5.0-SNAPSHOT.jar!/webapps/hddsDatanode}
2024-07-22 09:27:14,714 [ForkJoinPool.commonPool-worker-6] INFO  server.AbstractConnector (AbstractConnector.java:doStop(383)) - Stopped ServerConnector@357d4b6d{HTTP/1.1, (http/1.1)}{0.0.0.0:15009}
2024-07-22 09:27:14,714 [ForkJoinPool.commonPool-worker-6] INFO  server.session (HouseKeeper.java:stopScavenging(149)) - node0 Stopped scavenging
2024-07-22 09:27:14,714 [ForkJoinPool.commonPool-worker-6] INFO  handler.ContextHandler (ContextHandler.java:doStop(1159)) - Stopped o.e.j.s.ServletContextHandler@7c654cfc{static,/static,jar:file:/home/runner/work/ozone/ozone/hadoop-hdds/container-service/target/hdds-container-service-1.5.0-SNAPSHOT.jar!/webapps/static,STOPPED}
2024-07-22 09:27:14,714 [ForkJoinPool.commonPool-worker-6] INFO  handler.ContextHandler (ContextHandler.java:doStop(1159)) - Stopped o.e.j.s.ServletContextHandler@30e67f98{logs,/logs,file:///home/runner/work/ozone/ozone/hadoop-ozone/integration-test/target/log,STOPPED}
2024-07-22 09:27:14,715 [ForkJoinPool.commonPool-worker-6] INFO  ozone.HddsDatanodeClientProtocolServer (HddsDatanodeClientProtocolServer.java:stop(83)) - Stopping the RPC server for Client Protocol
2024-07-22 09:27:14,715 [ForkJoinPool.commonPool-worker-6] INFO  ipc.Server (Server.java:stop(3523)) - Stopping server on 15010
2024-07-22 09:27:14,715 [IPC Server listener on 15010] INFO  ipc.Server (Server.java:run(1434)) - Stopping IPC Server listener on 15010
2024-07-22 09:27:14,716 [IPC Server Responder] INFO  ipc.Server (Server.java:run(1567)) - Stopping IPC Server Responder
2024-07-22 09:27:14,716 [main] INFO  ozone.MiniOzoneClusterImpl (MiniOzoneClusterImpl.java:stopSCM(486)) - Stopping the StorageContainerManager
2024-07-22 09:27:14,716 [main] INFO  server.StorageContainerManager (StorageContainerManager.java:stop(1648)) - Container Balancer is not running.
2024-07-22 09:27:14,716 [main] INFO  server.StorageContainerManager (StorageContainerManager.java:stopReplicationManager(1786)) - Stopping Replication Manager Service.
2024-07-22 09:27:14,716 [main] INFO  replication.ReplicationManager (ReplicationManager.java:stop(329)) - Stopping Replication Monitor Thread.
2024-07-22 09:27:14,717 [UnderReplicatedProcessor] WARN  replication.UnhealthyReplicationProcessor (UnhealthyReplicationProcessor.java:run(180)) - UnderReplicatedProcessor interrupted. Exiting...
2024-07-22 09:27:14,717 [OverReplicatedProcessor] WARN  replication.UnhealthyReplicationProcessor (UnhealthyReplicationProcessor.java:run(180)) - OverReplicatedProcessor interrupted. Exiting...
2024-07-22 09:27:14,717 [ReplicationMonitor] INFO  replication.ReplicationManager (ReplicationManager.java:run(938)) - Replication Monitor Thread is stopped
2024-07-22 09:27:14,717 [main] INFO  server.StorageContainerManager (StorageContainerManager.java:stop(1657)) - Stopping the Datanode Admin Monitor.
2024-07-22 09:27:14,717 [main] INFO  server.StorageContainerManager (StorageContainerManager.java:stop(1664)) - Stopping datanode service RPC server
2024-07-22 09:27:14,717 [main] INFO  server.SCMDatanodeProtocolServer (SCMDatanodeProtocolServer.java:stop(425)) - Stopping the RPC server for DataNodes
2024-07-22 09:27:14,717 [main] INFO  ipc.Server (Server.java:stop(3523)) - Stopping server on 15002
2024-07-22 09:27:14,721 [IPC Server listener on 15002] INFO  ipc.Server (Server.java:run(1434)) - Stopping IPC Server listener on 15002
2024-07-22 09:27:14,721 [IPC Server Responder] INFO  ipc.Server (Server.java:run(1567)) - Stopping IPC Server Responder
2024-07-22 09:27:14,733 [SCMHeartbeatProcessor-0] WARN  node.NodeStateManager (NodeStateManager.java:scheduleNextHealthCheck(883)) - Current Thread is interrupted, shutting down HB processing thread for Node Manager.
2024-07-22 09:27:14,733 [main] INFO  server.StorageContainerManager (StorageContainerManager.java:stop(1672)) - Stopping block service RPC server
2024-07-22 09:27:14,733 [main] INFO  server.SCMBlockProtocolServer (SCMBlockProtocolServer.java:stop(176)) - Stopping the RPC server for Block Protocol
2024-07-22 09:27:14,733 [main] INFO  ipc.Server (Server.java:stop(3523)) - Stopping server on 15001
2024-07-22 09:27:14,737 [IPC Server Responder] INFO  ipc.Server (Server.java:run(1567)) - Stopping IPC Server Responder
2024-07-22 09:27:14,737 [IPC Server listener on 15001] INFO  ipc.Server (Server.java:run(1434)) - Stopping IPC Server listener on 15001
2024-07-22 09:27:14,737 [main] INFO  server.StorageContainerManager (StorageContainerManager.java:stop(1679)) - Stopping the StorageContainerLocationProtocol RPC server
2024-07-22 09:27:14,737 [main] INFO  server.SCMClientProtocolServer (SCMClientProtocolServer.java:stop(213)) - Stopping the RPC server for Client Protocol
2024-07-22 09:27:14,738 [main] INFO  ipc.Server (Server.java:stop(3523)) - Stopping server on 15000
2024-07-22 09:27:14,742 [IPC Server Responder] INFO  ipc.Server (Server.java:run(1567)) - Stopping IPC Server Responder
2024-07-22 09:27:14,742 [IPC Server listener on 15000] INFO  ipc.Server (Server.java:run(1434)) - Stopping IPC Server listener on 15000
2024-07-22 09:27:14,742 [main] INFO  server.StorageContainerManager (StorageContainerManager.java:stop(1686)) - Stopping Storage Container Manager HTTP server.
2024-07-22 09:27:14,743 [main] INFO  handler.ContextHandler (ContextHandler.java:doStop(1159)) - Stopped o.e.j.w.WebAppContext@7c0035dd{scm,/,null,STOPPED}{file:/home/runner/work/ozone/ozone/hadoop-ozone/integration-test/target/test-classes/webapps/scm}
2024-07-22 09:27:14,744 [main] INFO  server.AbstractConnector (AbstractConnector.java:doStop(383)) - Stopped ServerConnector@239bc43f{HTTP/1.1, (http/1.1)}{0.0.0.0:15003}
2024-07-22 09:27:14,745 [main] INFO  server.session (HouseKeeper.java:stopScavenging(149)) - node0 Stopped scavenging
2024-07-22 09:27:14,745 [main] INFO  handler.ContextHandler (ContextHandler.java:doStop(1159)) - Stopped o.e.j.s.ServletContextHandler@fa689db{static,/static,file:///home/runner/work/ozone/ozone/hadoop-ozone/integration-test/target/test-classes/webapps/static,STOPPED}
2024-07-22 09:27:14,746 [main] INFO  handler.ContextHandler (ContextHandler.java:doStop(1159)) - Stopped o.e.j.s.ServletContextHandler@7f53b345{logs,/logs,file:///home/runner/work/ozone/ozone/hadoop-ozone/integration-test/target/log,STOPPED}
2024-07-22 09:27:14,746 [main] INFO  server.StorageContainerManager (StorageContainerManager.java:stop(1694)) - Stopping SCM LayoutVersionManager Service.
2024-07-22 09:27:14,747 [main] INFO  server.StorageContainerManager (StorageContainerManager.java:stop(1706)) - Stopping Block Manager Service.
2024-07-22 09:27:14,747 [main] INFO  utils.BackgroundService (BackgroundService.java:shutdown(163)) - Shutting down service SCMBlockDeletingService
2024-07-22 09:27:14,747 [main] INFO  utils.BackgroundService (BackgroundService.java:shutdown(163)) - Shutting down service SCMBlockDeletingService
2024-07-22 09:27:14,747 [main] INFO  server.StorageContainerManager (StorageContainerManager.java:stop(1731)) - Stopping SCM Event Queue.
2024-07-22 09:27:14,749 [JvmPauseMonitor0] INFO  util.JvmPauseMonitor (JvmPauseMonitor.java:run(152)) - JvmPauseMonitor-a41757a8-ffb7-470f-8341-4bbd61665ecb: Stopped
2024-07-22 09:27:14,749 [main] INFO  server.StorageContainerManager (StorageContainerManager.java:stop(1742)) - Stopping SCM HA services.
2024-07-22 09:27:14,750 [main] INFO  pipeline.BackgroundPipelineCreator (BackgroundPipelineCreator.java:stop(152)) - Stopping RatisPipelineUtilsThread.
2024-07-22 09:27:14,750 [RatisPipelineUtilsThread-0] WARN  pipeline.BackgroundPipelineCreator (BackgroundPipelineCreator.java:run(183)) - RatisPipelineUtilsThread is interrupted.
2024-07-22 09:27:14,750 [main] INFO  BackgroundPipelineScrubber (BackgroundSCMService.java:stop(128)) - Stopping BackgroundPipelineScrubber Service.
2024-07-22 09:27:14,750 [BackgroundPipelineScrubber] WARN  BackgroundPipelineScrubber (BackgroundSCMService.java:run(112)) - BackgroundPipelineScrubber is interrupted, exit
2024-07-22 09:27:14,751 [main] INFO  impl.MetricsSystemImpl (MetricsSystemImpl.java:stop(210)) - Stopping HddsDatanode metrics system...
2024-07-22 09:27:14,752 [prometheus] INFO  impl.MetricsSinkAdapter (MetricsSinkAdapter.java:publishMetricsFromQueue(141)) - prometheus thread interrupted.
2024-07-22 09:27:14,752 [main] INFO  impl.MetricsSystemImpl (MetricsSystemImpl.java:stop(216)) - HddsDatanode metrics system stopped.
2024-07-22 09:27:14,752 [main] WARN  pipeline.BackgroundPipelineCreator (BackgroundPipelineCreator.java:stop(148)) - RatisPipelineUtilsThread is not running, just ignore.
2024-07-22 09:27:14,753 [main] INFO  BackgroundPipelineScrubber (BackgroundSCMService.java:stop(123)) - BackgroundPipelineScrubber Service is not running, skip stop.
2024-07-22 09:27:14,753 [main] INFO  ExpiredContainerReplicaOpScrubber (BackgroundSCMService.java:stop(128)) - Stopping ExpiredContainerReplicaOpScrubber Service.
2024-07-22 09:27:14,753 [ExpiredContainerReplicaOpScrubber] WARN  ExpiredContainerReplicaOpScrubber (BackgroundSCMService.java:run(112)) - ExpiredContainerReplicaOpScrubber is interrupted, exit
2024-07-22 09:27:14,753 [main] INFO  utils.BackgroundService (BackgroundService.java:shutdown(163)) - Shutting down service SCMBlockDeletingService
2024-07-22 09:27:14,753 [main] INFO  replication.ReplicationManager (ReplicationManager.java:stop(339)) - Replication Monitor Thread is not running.
2024-07-22 09:27:14,753 [main] WARN  balancer.ContainerBalancer (ContainerBalancer.java:stop(327)) - Cannot stop Container Balancer because it's not running or stopping
2024-07-22 09:27:14,753 [LeaseManager#LeaseMonitor] WARN  lease.LeaseManager (LeaseManager.java:run(286)) - Lease manager is interrupted. Shutting down...
java.lang.InterruptedException
	at java.base/java.util.concurrent.locks.AbstractQueuedSynchronizer.tryAcquireSharedNanos(AbstractQueuedSynchronizer.java:1081)
	at java.base/java.util.concurrent.Semaphore.tryAcquire(Semaphore.java:415)
	at org.apache.hadoop.ozone.lease.LeaseManager$LeaseMonitor.run(LeaseManager.java:284)
	at java.base/java.lang.Thread.run(Thread.java:840)
2024-07-22 09:27:14,753 [main] INFO  server.StorageContainerManager (StorageContainerManager.java:stop(1777)) - Stopping SCM MetadataStore.
]]></system-out>
  </testcase>
</testsuite>