<?xml version="1.0" encoding="UTF-8"?>
<testsuite xmlns:xsi="http://www.w3.org/2001/XMLSchema-instance" xsi:noNamespaceSchemaLocation="https://maven.apache.org/surefire/maven-surefire-plugin/xsd/surefire-test-report.xsd" name="org.apache.hadoop.ozone.container.common.statemachine.commandhandler.TestBlockDeletion" time="109.389" tests="2" errors="0" skipped="0" failures="1">
  <properties>
    <property name="awt.toolkit" value="sun.awt.X11.XToolkit"/>
    <property name="file.encoding.pkg" value="sun.io"/>
    <property name="java.specification.version" value="1.8"/>
    <property name="sun.cpu.isalist" value=""/>
    <property name="sun.jnu.encoding" value="UTF-8"/>
    <property name="java.class.path" value="/home/runner/work/ozone/ozone/mnt/ozone/hadoop-ozone/integration-test/target/test-classes:/home/runner/work/ozone/ozone/mnt/ozone/hadoop-ozone/integration-test/target/classes:/home/runner/.m2/repository/org/apache/ozone/ozone-common/1.2.0-SNAPSHOT/ozone-common-1.2.0-SNAPSHOT.jar:/home/runner/.m2/repository/org/apache/commons/commons-compress/1.20/commons-compress-1.20.jar:/home/runner/.m2/repository/org/apache/ozone/hdds-common/1.2.0-SNAPSHOT/hdds-common-1.2.0-SNAPSHOT.jar:/home/runner/.m2/repository/org/apache/ozone/hdds-client/1.2.0-SNAPSHOT/hdds-client-1.2.0-SNAPSHOT.jar:/home/runner/.m2/repository/org/apache/ozone/ozone-interface-client/1.2.0-SNAPSHOT/ozone-interface-client-1.2.0-SNAPSHOT.jar:/home/runner/.m2/repository/org/apache/ozone/hdds-test-utils/1.2.0-SNAPSHOT/hdds-test-utils-1.2.0-SNAPSHOT.jar:/home/runner/.m2/repository/com/google/guava/guava/30.1.1-jre/guava-30.1.1-jre.jar:/home/runner/.m2/repository/com/google/guava/failureaccess/1.0.1/failureaccess-1.0.1.jar:/home/runner/.m2/repository/com/google/guava/listenablefuture/9999.0-empty-to-avoid-conflict-with-guava/listenablefuture-9999.0-empty-to-avoid-conflict-with-guava.jar:/home/runner/.m2/repository/com/google/code/findbugs/jsr305/3.0.0/jsr305-3.0.0.jar:/home/runner/.m2/repository/org/checkerframework/checker-qual/3.8.0/checker-qual-3.8.0.jar:/home/runner/.m2/repository/com/google/errorprone/error_prone_annotations/2.2.0/error_prone_annotations-2.2.0.jar:/home/runner/.m2/repository/com/google/j2objc/j2objc-annotations/1.3/j2objc-annotations-1.3.jar:/home/runner/.m2/repository/commons-io/commons-io/2.8.0/commons-io-2.8.0.jar:/home/runner/.m2/repository/commons-logging/commons-logging/1.2/commons-logging-1.2.jar:/home/runner/.m2/repository/log4j/log4j/1.2.17/log4j-1.2.17.jar:/home/runner/.m2/repository/org/slf4j/slf4j-api/1.7.30/slf4j-api-1.7.30.jar:/home/runner/.m2/repository/org/apache/ozone/hdds-server-scm/1.2.0-SNAPSHOT/hdds-server-scm-1.2.0-SNAPSHOT.jar:/home/runner/.m2/repository/org/apache/ozone/hdds-container-service/1.2.0-SNAPSHOT/hdds-container-service-1.2.0-SNAPSHOT.jar:/home/runner/.m2/repository/org/apache/ozone/hdds-hadoop-dependency-server/1.2.0-SNAPSHOT/hdds-hadoop-dependency-server-1.2.0-SNAPSHOT.jar:/home/runner/.m2/repository/org/apache/hadoop/hadoop-hdfs/3.3.1/hadoop-hdfs-3.3.1.jar:/home/runner/.m2/repository/org/apache/ozone/hdds-server-framework/1.2.0-SNAPSHOT/hdds-server-framework-1.2.0-SNAPSHOT.jar:/home/runner/.m2/repository/org/apache/ozone/hdds-interface-server/1.2.0-SNAPSHOT/hdds-interface-server-1.2.0-SNAPSHOT.jar:/home/runner/.m2/repository/org/eclipse/jetty/jetty-servlet/9.4.35.v20201120/jetty-servlet-9.4.35.v20201120.jar:/home/runner/.m2/repository/org/eclipse/jetty/jetty-security/9.4.35.v20201120/jetty-security-9.4.35.v20201120.jar:/home/runner/.m2/repository/org/rocksdb/rocksdbjni/6.20.3/rocksdbjni-6.20.3.jar:/home/runner/.m2/repository/io/prometheus/simpleclient_dropwizard/0.7.0/simpleclient_dropwizard-0.7.0.jar:/home/runner/.m2/repository/io/prometheus/simpleclient/0.7.0/simpleclient-0.7.0.jar:/home/runner/.m2/repository/io/prometheus/simpleclient_common/0.7.0/simpleclient_common-0.7.0.jar:/home/runner/.m2/repository/com/fasterxml/jackson/datatype/jackson-datatype-jsr310/2.12.1/jackson-datatype-jsr310-2.12.1.jar:/home/runner/.m2/repository/io/dropwizard/metrics/metrics-core/3.2.4/metrics-core-3.2.4.jar:/home/runner/.m2/repository/org/apache/hadoop/hadoop-hdfs-client/3.3.1/hadoop-hdfs-client-3.3.1.jar:/home/runner/.m2/repository/org/bouncycastle/bcprov-jdk15on/1.67/bcprov-jdk15on-1.67.jar:/home/runner/.m2/repository/com/google/protobuf/protobuf-java/2.5.0/protobuf-java-2.5.0.jar:/home/runner/.m2/repository/org/apache/ozone/ozone-manager/1.2.0-SNAPSHOT/ozone-manager-1.2.0-SNAPSHOT.jar:/home/runner/.m2/repository/org/aspectj/aspectjrt/1.8.9/aspectjrt-1.8.9.jar:/home/runner/.m2/repository/org/aspectj/aspectjweaver/1.8.9/aspectjweaver-1.8.9.jar:/home/runner/.m2/repository/org/apache/ozone/hdds-interface-client/1.2.0-SNAPSHOT/hdds-interface-client-1.2.0-SNAPSHOT.jar:/home/runner/.m2/repository/org/apache/hadoop/thirdparty/hadoop-shaded-protobuf_3_7/1.1.1/hadoop-shaded-protobuf_3_7-1.1.1.jar:/home/runner/.m2/repository/org/apache/ratis/ratis-thirdparty-misc/0.7.0/ratis-thirdparty-misc-0.7.0.jar:/home/runner/.m2/repository/org/apache/ozone/ozone-interface-storage/1.2.0-SNAPSHOT/ozone-interface-storage-1.2.0-SNAPSHOT.jar:/home/runner/.m2/repository/org/reflections/reflections/0.9.11/reflections-0.9.11.jar:/home/runner/.m2/repository/org/apache/hadoop/hadoop-minikdc/3.3.1/hadoop-minikdc-3.3.1.jar:/home/runner/.m2/repository/org/apache/kerby/kerb-simplekdc/1.0.1/kerb-simplekdc-1.0.1.jar:/home/runner/.m2/repository/org/apache/kerby/kerb-client/1.0.1/kerb-client-1.0.1.jar:/home/runner/.m2/repository/org/apache/kerby/kerby-config/1.0.1/kerby-config-1.0.1.jar:/home/runner/.m2/repository/org/apache/kerby/kerb-common/1.0.1/kerb-common-1.0.1.jar:/home/runner/.m2/repository/org/apache/kerby/kerb-crypto/1.0.1/kerb-crypto-1.0.1.jar:/home/runner/.m2/repository/org/apache/kerby/kerb-util/1.0.1/kerb-util-1.0.1.jar:/home/runner/.m2/repository/org/apache/kerby/token-provider/1.0.1/token-provider-1.0.1.jar:/home/runner/.m2/repository/org/apache/kerby/kerb-admin/1.0.1/kerb-admin-1.0.1.jar:/home/runner/.m2/repository/org/apache/kerby/kerb-server/1.0.1/kerb-server-1.0.1.jar:/home/runner/.m2/repository/org/apache/kerby/kerb-identity/1.0.1/kerb-identity-1.0.1.jar:/home/runner/.m2/repository/org/apache/kerby/kerby-xdr/1.0.1/kerby-xdr-1.0.1.jar:/home/runner/.m2/repository/org/slf4j/slf4j-log4j12/1.7.30/slf4j-log4j12-1.7.30.jar:/home/runner/.m2/repository/org/apache/ozone/ozone-s3gateway/1.2.0-SNAPSHOT/ozone-s3gateway-1.2.0-SNAPSHOT.jar:/home/runner/.m2/repository/org/javassist/javassist/3.21.0-GA/javassist-3.21.0-GA.jar:/home/runner/.m2/repository/org/jboss/weld/servlet/weld-servlet/2.4.7.Final/weld-servlet-2.4.7.Final.jar:/home/runner/.m2/repository/org/glassfish/jersey/containers/jersey-container-servlet-core/2.33/jersey-container-servlet-core-2.33.jar:/home/runner/.m2/repository/org/glassfish/hk2/external/jakarta.inject/2.6.1/jakarta.inject-2.6.1.jar:/home/runner/.m2/repository/org/glassfish/jersey/core/jersey-common/2.33/jersey-common-2.33.jar:/home/runner/.m2/repository/jakarta/ws/rs/jakarta.ws.rs-api/2.1.6/jakarta.ws.rs-api-2.1.6.jar:/home/runner/.m2/repository/org/glassfish/jersey/ext/cdi/jersey-cdi1x/2.33/jersey-cdi1x-2.33.jar:/home/runner/.m2/repository/org/glassfish/jersey/inject/jersey-hk2/2.33/jersey-hk2-2.33.jar:/home/runner/.m2/repository/org/glassfish/hk2/hk2-locator/2.6.1/hk2-locator-2.6.1.jar:/home/runner/.m2/repository/org/glassfish/jersey/media/jersey-media-jaxb/2.33/jersey-media-jaxb-2.33.jar:/home/runner/.m2/repository/org/glassfish/hk2/osgi-resource-locator/1.0.3/osgi-resource-locator-1.0.3.jar:/home/runner/.m2/repository/org/glassfish/hk2/hk2-api/2.5.0/hk2-api-2.5.0.jar:/home/runner/.m2/repository/org/glassfish/hk2/hk2-utils/2.5.0/hk2-utils-2.5.0.jar:/home/runner/.m2/repository/org/glassfish/hk2/external/aopalliance-repackaged/2.5.0/aopalliance-repackaged-2.5.0.jar:/home/runner/.m2/repository/com/fasterxml/jackson/dataformat/jackson-dataformat-xml/2.12.1/jackson-dataformat-xml-2.12.1.jar:/home/runner/.m2/repository/com/fasterxml/jackson/core/jackson-core/2.12.1/jackson-core-2.12.1.jar:/home/runner/.m2/repository/com/fasterxml/jackson/module/jackson-module-jaxb-annotations/2.12.1/jackson-module-jaxb-annotations-2.12.1.jar:/home/runner/.m2/repository/jakarta/xml/bind/jakarta.xml.bind-api/2.3.2/jakarta.xml.bind-api-2.3.2.jar:/home/runner/.m2/repository/org/codehaus/woodstox/stax2-api/3.1.4/stax2-api-3.1.4.jar:/home/runner/.m2/repository/com/fasterxml/woodstox/woodstox-core/5.0.3/woodstox-core-5.0.3.jar:/home/runner/.m2/repository/javax/enterprise/cdi-api/1.2/cdi-api-1.2.jar:/home/runner/.m2/repository/javax/el/javax.el-api/3.0.0/javax.el-api-3.0.0.jar:/home/runner/.m2/repository/javax/interceptor/javax.interceptor-api/1.2/javax.interceptor-api-1.2.jar:/home/runner/.m2/repository/javax/inject/javax.inject/1/javax.inject-1.jar:/home/runner/.m2/repository/javax/xml/bind/jaxb-api/2.3.0/jaxb-api-2.3.0.jar:/home/runner/.m2/repository/org/glassfish/jaxb/jaxb-runtime/2.3.0.1/jaxb-runtime-2.3.0.1.jar:/home/runner/.m2/repository/org/glassfish/jaxb/jaxb-core/2.3.0.1/jaxb-core-2.3.0.1.jar:/home/runner/.m2/repository/org/glassfish/jaxb/txw2/2.3.0.1/txw2-2.3.0.1.jar:/home/runner/.m2/repository/com/sun/istack/istack-commons-runtime/3.0.5/istack-commons-runtime-3.0.5.jar:/home/runner/.m2/repository/org/jvnet/staxex/stax-ex/1.7.8/stax-ex-1.7.8.jar:/home/runner/.m2/repository/com/sun/xml/fastinfoset/FastInfoset/1.2.13/FastInfoset-1.2.13.jar:/home/runner/.m2/repository/javax/activation/activation/1.1.1/activation-1.1.1.jar:/home/runner/.m2/repository/org/apache/ozone/ozone-csi/1.2.0-SNAPSHOT/ozone-csi-1.2.0-SNAPSHOT.jar:/home/runner/.m2/repository/com/google/protobuf/protobuf-java-util/3.12.0/protobuf-java-util-3.12.0.jar:/home/runner/.m2/repository/com/google/code/gson/gson/2.2.4/gson-2.2.4.jar:/home/runner/.m2/repository/org/apache/ozone/hdds-config/1.2.0-SNAPSHOT/hdds-config-1.2.0-SNAPSHOT.jar:/home/runner/.m2/repository/io/grpc/grpc-netty/1.33.0/grpc-netty-1.33.0.jar:/home/runner/.m2/repository/io/grpc/grpc-core/1.33.0/grpc-core-1.33.0.jar:/home/runner/.m2/repository/com/google/android/annotations/4.1.1.4/annotations-4.1.1.4.jar:/home/runner/.m2/repository/io/netty/netty-codec-http2/4.1.63.Final/netty-codec-http2-4.1.63.Final.jar:/home/runner/.m2/repository/io/netty/netty-codec-http/4.1.63.Final/netty-codec-http-4.1.63.Final.jar:/home/runner/.m2/repository/io/netty/netty-handler-proxy/4.1.63.Final/netty-handler-proxy-4.1.63.Final.jar:/home/runner/.m2/repository/io/netty/netty-codec-socks/4.1.63.Final/netty-codec-socks-4.1.63.Final.jar:/home/runner/.m2/repository/io/perfmark/perfmark-api/0.19.0/perfmark-api-0.19.0.jar:/home/runner/.m2/repository/org/codehaus/mojo/animal-sniffer-annotations/1.18/animal-sniffer-annotations-1.18.jar:/home/runner/.m2/repository/io/netty/netty-transport-native-epoll/4.1.63.Final/netty-transport-native-epoll-4.1.63.Final.jar:/home/runner/.m2/repository/io/netty/netty-common/4.1.63.Final/netty-common-4.1.63.Final.jar:/home/runner/.m2/repository/io/netty/netty-buffer/4.1.63.Final/netty-buffer-4.1.63.Final.jar:/home/runner/.m2/repository/io/netty/netty-transport-native-unix-common/4.1.63.Final/netty-transport-native-unix-common-4.1.63.Final.jar:/home/runner/.m2/repository/io/grpc/grpc-protobuf/1.33.0/grpc-protobuf-1.33.0.jar:/home/runner/.m2/repository/io/grpc/grpc-api/1.33.0/grpc-api-1.33.0.jar:/home/runner/.m2/repository/io/grpc/grpc-context/1.33.0/grpc-context-1.33.0.jar:/home/runner/.m2/repository/com/google/api/grpc/proto-google-common-protos/1.17.0/proto-google-common-protos-1.17.0.jar:/home/runner/.m2/repository/io/grpc/grpc-protobuf-lite/1.33.0/grpc-protobuf-lite-1.33.0.jar:/home/runner/.m2/repository/io/grpc/grpc-stub/1.33.0/grpc-stub-1.33.0.jar:/home/runner/.m2/repository/org/apache/ozone/ozone-recon/1.2.0-SNAPSHOT/ozone-recon-1.2.0-SNAPSHOT.jar:/home/runner/.m2/repository/org/apache/ozone/ozone-reconcodegen/1.2.0-SNAPSHOT/ozone-reconcodegen-1.2.0-SNAPSHOT.jar:/home/runner/.m2/repository/com/google/inject/extensions/guice-multibindings/4.0/guice-multibindings-4.0.jar:/home/runner/.m2/repository/com/google/inject/guice/4.0/guice-4.0.jar:/home/runner/.m2/repository/aopalliance/aopalliance/1.0/aopalliance-1.0.jar:/home/runner/.m2/repository/com/google/inject/extensions/guice-assistedinject/4.0/guice-assistedinject-4.0.jar:/home/runner/.m2/repository/com/google/inject/extensions/guice-servlet/4.0/guice-servlet-4.0.jar:/home/runner/.m2/repository/org/glassfish/jersey/containers/jersey-container-servlet/2.33/jersey-container-servlet-2.33.jar:/home/runner/.m2/repository/org/glassfish/hk2/guice-bridge/2.5.0/guice-bridge-2.5.0.jar:/home/runner/.m2/repository/org/glassfish/jersey/core/jersey-server/2.33/jersey-server-2.33.jar:/home/runner/.m2/repository/org/glassfish/jersey/core/jersey-client/2.33/jersey-client-2.33.jar:/home/runner/.m2/repository/jakarta/annotation/jakarta.annotation-api/1.3.5/jakarta.annotation-api-1.3.5.jar:/home/runner/.m2/repository/jakarta/validation/jakarta.validation-api/2.0.2/jakarta.validation-api-2.0.2.jar:/home/runner/.m2/repository/org/glassfish/jersey/media/jersey-media-json-jackson/2.33/jersey-media-json-jackson-2.33.jar:/home/runner/.m2/repository/org/glassfish/jersey/ext/jersey-entity-filtering/2.33/jersey-entity-filtering-2.33.jar:/home/runner/.m2/repository/org/jooq/jooq/3.11.10/jooq-3.11.10.jar:/home/runner/.m2/repository/org/jooq/jooq-meta/3.11.10/jooq-meta-3.11.10.jar:/home/runner/.m2/repository/org/jooq/jooq-codegen/3.11.10/jooq-codegen-3.11.10.jar:/home/runner/.m2/repository/com/jolbox/bonecp/0.8.0.RELEASE/bonecp-0.8.0.RELEASE.jar:/home/runner/.m2/repository/org/apache/derby/derby/10.14.2.0/derby-10.14.2.0.jar:/home/runner/.m2/repository/org/xerial/sqlite-jdbc/3.25.2/sqlite-jdbc-3.25.2.jar:/home/runner/.m2/repository/org/springframework/spring-jdbc/5.2.11.RELEASE/spring-jdbc-5.2.11.RELEASE.jar:/home/runner/.m2/repository/org/springframework/spring-beans/5.2.11.RELEASE/spring-beans-5.2.11.RELEASE.jar:/home/runner/.m2/repository/org/springframework/spring-core/5.2.11.RELEASE/spring-core-5.2.11.RELEASE.jar:/home/runner/.m2/repository/org/springframework/spring-jcl/5.2.11.RELEASE/spring-jcl-5.2.11.RELEASE.jar:/home/runner/.m2/repository/org/springframework/spring-tx/5.2.11.RELEASE/spring-tx-5.2.11.RELEASE.jar:/home/runner/.m2/repository/org/apache/ozone/ozone-client/1.2.0-SNAPSHOT/ozone-client-1.2.0-SNAPSHOT.jar:/home/runner/.m2/repository/org/apache/ozone/ozone-filesystem/1.2.0-SNAPSHOT/ozone-filesystem-1.2.0-SNAPSHOT.jar:/home/runner/.m2/repository/org/apache/ozone/ozone-filesystem-common/1.2.0-SNAPSHOT/ozone-filesystem-common-1.2.0-SNAPSHOT.jar:/home/runner/.m2/repository/org/apache/ozone/ozone-tools/1.2.0-SNAPSHOT/ozone-tools-1.2.0-SNAPSHOT.jar:/home/runner/.m2/repository/org/apache/ratis/ratis-tools/2.1.0/ratis-tools-2.1.0.jar:/home/runner/.m2/repository/org/apache/ratis/ratis-proto/2.1.0/ratis-proto-2.1.0.jar:/home/runner/.m2/repository/org/apache/ratis/ratis-common/2.1.0/ratis-common-2.1.0.jar:/home/runner/.m2/repository/com/amazonaws/aws-java-sdk-core/1.11.901/aws-java-sdk-core-1.11.901.jar:/home/runner/.m2/repository/org/apache/httpcomponents/httpclient/4.5.13/httpclient-4.5.13.jar:/home/runner/.m2/repository/org/apache/httpcomponents/httpcore/4.4.13/httpcore-4.4.13.jar:/home/runner/.m2/repository/software/amazon/ion/ion-java/1.0.2/ion-java-1.0.2.jar:/home/runner/.m2/repository/com/fasterxml/jackson/dataformat/jackson-dataformat-cbor/2.12.1/jackson-dataformat-cbor-2.12.1.jar:/home/runner/.m2/repository/joda-time/joda-time/2.8.1/joda-time-2.8.1.jar:/home/runner/.m2/repository/com/amazonaws/aws-java-sdk-s3/1.11.901/aws-java-sdk-s3-1.11.901.jar:/home/runner/.m2/repository/com/amazonaws/aws-java-sdk-kms/1.11.901/aws-java-sdk-kms-1.11.901.jar:/home/runner/.m2/repository/com/amazonaws/jmespath-java/1.11.901/jmespath-java-1.11.901.jar:/home/runner/.m2/repository/org/kohsuke/metainf-services/metainf-services/1.8/metainf-services-1.8.jar:/home/runner/.m2/repository/org/apache/ozone/hdds-tools/1.2.0-SNAPSHOT/hdds-tools-1.2.0-SNAPSHOT.jar:/home/runner/.m2/repository/commons-cli/commons-cli/1.2/commons-cli-1.2.jar:/home/runner/.m2/repository/org/apache/commons/commons-lang3/3.7/commons-lang3-3.7.jar:/home/runner/.m2/repository/org/apache/ozone/ozone-manager/1.2.0-SNAPSHOT/ozone-manager-1.2.0-SNAPSHOT-tests.jar:/home/runner/.m2/repository/org/apache/ozone/hdds-common/1.2.0-SNAPSHOT/hdds-common-1.2.0-SNAPSHOT-tests.jar:/home/runner/.m2/repository/org/apache/ozone/hdds-hadoop-dependency-client/1.2.0-SNAPSHOT/hdds-hadoop-dependency-client-1.2.0-SNAPSHOT.jar:/home/runner/.m2/repository/info/picocli/picocli/4.4.0/picocli-4.4.0.jar:/home/runner/.m2/repository/com/fasterxml/jackson/core/jackson-annotations/2.12.1/jackson-annotations-2.12.1.jar:/home/runner/.m2/repository/javax/annotation/javax.annotation-api/1.2/javax.annotation-api-1.2.jar:/home/runner/.m2/repository/org/apache/ratis/ratis-server/2.1.0/ratis-server-2.1.0.jar:/home/runner/.m2/repository/org/apache/ratis/ratis-client/2.1.0/ratis-client-2.1.0.jar:/home/runner/.m2/repository/org/apache/ratis/ratis-server-api/2.1.0/ratis-server-api-2.1.0.jar:/home/runner/.m2/repository/org/apache/ratis/ratis-metrics/2.1.0/ratis-metrics-2.1.0.jar:/home/runner/.m2/repository/org/apache/ratis/ratis-netty/2.1.0/ratis-netty-2.1.0.jar:/home/runner/.m2/repository/org/apache/ratis/ratis-grpc/2.1.0/ratis-grpc-2.1.0.jar:/home/runner/.m2/repository/org/apache/logging/log4j/log4j-api/2.13.3/log4j-api-2.13.3.jar:/home/runner/.m2/repository/org/apache/logging/log4j/log4j-core/2.13.3/log4j-core-2.13.3.jar:/home/runner/.m2/repository/com/lmax/disruptor/3.4.2/disruptor-3.4.2.jar:/home/runner/.m2/repository/org/apache/commons/commons-pool2/2.6.0/commons-pool2-2.6.0.jar:/home/runner/.m2/repository/org/bouncycastle/bcpkix-jdk15on/1.67/bcpkix-jdk15on-1.67.jar:/home/runner/.m2/repository/commons-validator/commons-validator/1.6/commons-validator-1.6.jar:/home/runner/.m2/repository/commons-beanutils/commons-beanutils/1.9.4/commons-beanutils-1.9.4.jar:/home/runner/.m2/repository/commons-digester/commons-digester/1.8.1/commons-digester-1.8.1.jar:/home/runner/.m2/repository/commons-collections/commons-collections/3.2.2/commons-collections-3.2.2.jar:/home/runner/.m2/repository/io/jaegertracing/jaeger-client/1.6.0/jaeger-client-1.6.0.jar:/home/runner/.m2/repository/io/jaegertracing/jaeger-thrift/1.6.0/jaeger-thrift-1.6.0.jar:/home/runner/.m2/repository/org/apache/thrift/libthrift/0.14.1/libthrift-0.14.1.jar:/home/runner/.m2/repository/com/squareup/okhttp3/okhttp/4.9.0/okhttp-4.9.0.jar:/home/runner/.m2/repository/com/squareup/okio/okio/2.8.0/okio-2.8.0.jar:/home/runner/.m2/repository/io/jaegertracing/jaeger-core/1.6.0/jaeger-core-1.6.0.jar:/home/runner/.m2/repository/io/jaegertracing/jaeger-tracerresolver/1.6.0/jaeger-tracerresolver-1.6.0.jar:/home/runner/.m2/repository/io/opentracing/contrib/opentracing-tracerresolver/0.1.8/opentracing-tracerresolver-0.1.8.jar:/home/runner/.m2/repository/org/jetbrains/kotlin/kotlin-stdlib/1.4.31/kotlin-stdlib-1.4.31.jar:/home/runner/.m2/repository/org/jetbrains/kotlin/kotlin-stdlib-common/1.4.31/kotlin-stdlib-common-1.4.31.jar:/home/runner/.m2/repository/org/jetbrains/annotations/13.0/annotations-13.0.jar:/home/runner/.m2/repository/io/opentracing/opentracing-util/0.33.0/opentracing-util-0.33.0.jar:/home/runner/.m2/repository/io/opentracing/opentracing-api/0.33.0/opentracing-api-0.33.0.jar:/home/runner/.m2/repository/io/opentracing/opentracing-noop/0.33.0/opentracing-noop-0.33.0.jar:/home/runner/.m2/repository/org/yaml/snakeyaml/1.26/snakeyaml-1.26.jar:/home/runner/.m2/repository/org/apache/ozone/hdds-interface-admin/1.2.0-SNAPSHOT/hdds-interface-admin-1.2.0-SNAPSHOT.jar:/home/runner/.m2/repository/junit/junit/4.13.1/junit-4.13.1.jar:/home/runner/.m2/repository/org/hamcrest/hamcrest-core/1.3/hamcrest-core-1.3.jar:/home/runner/.m2/repository/org/junit/jupiter/junit-jupiter-api/5.7.0/junit-jupiter-api-5.7.0.jar:/home/runner/.m2/repository/org/apiguardian/apiguardian-api/1.1.0/apiguardian-api-1.1.0.jar:/home/runner/.m2/repository/org/opentest4j/opentest4j/1.2.0/opentest4j-1.2.0.jar:/home/runner/.m2/repository/org/junit/platform/junit-platform-commons/1.7.0/junit-platform-commons-1.7.0.jar:/home/runner/.m2/repository/org/junit/jupiter/junit-jupiter-engine/5.7.0/junit-jupiter-engine-5.7.0.jar:/home/runner/.m2/repository/org/junit/platform/junit-platform-engine/1.7.0/junit-platform-engine-1.7.0.jar:/home/runner/.m2/repository/org/junit/vintage/junit-vintage-engine/5.7.0/junit-vintage-engine-5.7.0.jar:/home/runner/.m2/repository/org/junit/platform/junit-platform-launcher/1.7.0/junit-platform-launcher-1.7.0.jar:/home/runner/.m2/repository/org/openjdk/jmh/jmh-core/1.19/jmh-core-1.19.jar:/home/runner/.m2/repository/net/sf/jopt-simple/jopt-simple/4.6/jopt-simple-4.6.jar:/home/runner/.m2/repository/org/apache/commons/commons-math3/3.1.1/commons-math3-3.1.1.jar:/home/runner/.m2/repository/org/openjdk/jmh/jmh-generator-annprocess/1.19/jmh-generator-annprocess-1.19.jar:/home/runner/.m2/repository/org/mockito/mockito-core/2.28.2/mockito-core-2.28.2.jar:/home/runner/.m2/repository/net/bytebuddy/byte-buddy/1.9.10/byte-buddy-1.9.10.jar:/home/runner/.m2/repository/net/bytebuddy/byte-buddy-agent/1.9.10/byte-buddy-agent-1.9.10.jar:/home/runner/.m2/repository/org/objenesis/objenesis/1.0/objenesis-1.0.jar:/home/runner/.m2/repository/org/apache/hadoop/hadoop-kms/3.3.1/hadoop-kms-3.3.1.jar:/home/runner/.m2/repository/org/apache/hadoop/hadoop-auth/3.3.1/hadoop-auth-3.3.1.jar:/home/runner/.m2/repository/com/nimbusds/nimbus-jose-jwt/7.9/nimbus-jose-jwt-7.9.jar:/home/runner/.m2/repository/com/github/stephenc/jcip/jcip-annotations/1.0-1/jcip-annotations-1.0-1.jar:/home/runner/.m2/repository/net/minidev/json-smart/2.3/json-smart-2.3.jar:/home/runner/.m2/repository/net/minidev/accessors-smart/1.2/accessors-smart-1.2.jar:/home/runner/.m2/repository/org/ow2/asm/asm/5.0.4/asm-5.0.4.jar:/home/runner/.m2/repository/org/apache/zookeeper/zookeeper/3.5.6/zookeeper-3.5.6.jar:/home/runner/.m2/repository/org/apache/zookeeper/zookeeper-jute/3.5.6/zookeeper-jute-3.5.6.jar:/home/runner/.m2/repository/org/apache/yetus/audience-annotations/0.5.0/audience-annotations-0.5.0.jar:/home/runner/.m2/repository/org/apache/curator/curator-framework/4.2.0/curator-framework-4.2.0.jar:/home/runner/.m2/repository/org/apache/hadoop/thirdparty/hadoop-shaded-guava/1.1.1/hadoop-shaded-guava-1.1.1.jar:/home/runner/.m2/repository/com/sun/jersey/jersey-core/1.19/jersey-core-1.19.jar:/home/runner/.m2/repository/javax/ws/rs/jsr311-api/1.1.1/jsr311-api-1.1.1.jar:/home/runner/.m2/repository/com/sun/jersey/jersey-server/1.19/jersey-server-1.19.jar:/home/runner/.m2/repository/javax/servlet/javax.servlet-api/3.1.0/javax.servlet-api-3.1.0.jar:/home/runner/.m2/repository/org/eclipse/jetty/jetty-server/9.4.35.v20201120/jetty-server-9.4.35.v20201120.jar:/home/runner/.m2/repository/org/eclipse/jetty/jetty-http/9.4.35.v20201120/jetty-http-9.4.35.v20201120.jar:/home/runner/.m2/repository/org/eclipse/jetty/jetty-io/9.4.35.v20201120/jetty-io-9.4.35.v20201120.jar:/home/runner/.m2/repository/org/eclipse/jetty/jetty-webapp/9.4.35.v20201120/jetty-webapp-9.4.35.v20201120.jar:/home/runner/.m2/repository/org/eclipse/jetty/jetty-xml/9.4.35.v20201120/jetty-xml-9.4.35.v20201120.jar:/home/runner/.m2/repository/org/apache/hadoop/hadoop-common/3.3.1/hadoop-common-3.3.1.jar:/home/runner/.m2/repository/commons-net/commons-net/3.6/commons-net-3.6.jar:/home/runner/.m2/repository/jakarta/activation/jakarta.activation-api/1.2.1/jakarta.activation-api-1.2.1.jar:/home/runner/.m2/repository/com/sun/jersey/jersey-servlet/1.19/jersey-servlet-1.19.jar:/home/runner/.m2/repository/com/sun/jersey/jersey-json/1.19/jersey-json-1.19.jar:/home/runner/.m2/repository/org/codehaus/jettison/jettison/1.1/jettison-1.1.jar:/home/runner/.m2/repository/com/sun/xml/bind/jaxb-impl/2.2.3-1/jaxb-impl-2.2.3-1.jar:/home/runner/.m2/repository/org/codehaus/jackson/jackson-jaxrs/1.9.2/jackson-jaxrs-1.9.2.jar:/home/runner/.m2/repository/org/codehaus/jackson/jackson-xc/1.9.2/jackson-xc-1.9.2.jar:/home/runner/.m2/repository/org/apache/commons/commons-configuration2/2.1.1/commons-configuration2-2.1.1.jar:/home/runner/.m2/repository/org/apache/commons/commons-text/1.4/commons-text-1.4.jar:/home/runner/.m2/repository/com/google/re2j/re2j/1.1/re2j-1.1.jar:/home/runner/.m2/repository/com/jcraft/jsch/0.1.54/jsch-0.1.54.jar:/home/runner/.m2/repository/org/apache/curator/curator-client/4.2.0/curator-client-4.2.0.jar:/home/runner/.m2/repository/org/apache/curator/curator-recipes/4.2.0/curator-recipes-4.2.0.jar:/home/runner/.m2/repository/org/apache/kerby/kerb-core/1.0.1/kerb-core-1.0.1.jar:/home/runner/.m2/repository/org/apache/kerby/kerby-pkix/1.0.1/kerby-pkix-1.0.1.jar:/home/runner/.m2/repository/org/apache/kerby/kerby-asn1/1.0.1/kerby-asn1-1.0.1.jar:/home/runner/.m2/repository/org/apache/kerby/kerby-util/1.0.1/kerby-util-1.0.1.jar:/home/runner/.m2/repository/dnsjava/dnsjava/2.1.7/dnsjava-2.1.7.jar:/home/runner/.m2/repository/org/xerial/snappy/snappy-java/1.1.8.2/snappy-java-1.1.8.2.jar:/home/runner/.m2/repository/org/slf4j/jul-to-slf4j/1.7.30/jul-to-slf4j-1.7.30.jar:/home/runner/.m2/repository/org/eclipse/jetty/jetty-util/9.4.35.v20201120/jetty-util-9.4.35.v20201120.jar:/home/runner/.m2/repository/com/fasterxml/jackson/core/jackson-databind/2.12.1/jackson-databind-2.12.1.jar:/home/runner/.m2/repository/org/apache/hadoop/hadoop-kms/3.3.1/hadoop-kms-3.3.1-tests.jar:/home/runner/.m2/repository/org/apache/ozone/hdds-server-scm/1.2.0-SNAPSHOT/hdds-server-scm-1.2.0-SNAPSHOT-tests.jar:/home/runner/.m2/repository/org/apache/ozone/hdds-container-service/1.2.0-SNAPSHOT/hdds-container-service-1.2.0-SNAPSHOT-tests.jar:/home/runner/.m2/repository/commons-codec/commons-codec/1.11/commons-codec-1.11.jar:/home/runner/.m2/repository/io/netty/netty-transport/4.1.63.Final/netty-transport-4.1.63.Final.jar:/home/runner/.m2/repository/io/netty/netty-resolver/4.1.63.Final/netty-resolver-4.1.63.Final.jar:/home/runner/.m2/repository/io/netty/netty-codec/4.1.63.Final/netty-codec-4.1.63.Final.jar:/home/runner/.m2/repository/io/netty/netty-handler/4.1.63.Final/netty-handler-4.1.63.Final.jar:/home/runner/.m2/repository/org/apache/ozone/hdds-hadoop-dependency-test/1.2.0-SNAPSHOT/hdds-hadoop-dependency-test-1.2.0-SNAPSHOT.jar:/home/runner/.m2/repository/org/apache/hadoop/hadoop-common/3.3.1/hadoop-common-3.3.1-tests.jar:/home/runner/.m2/repository/org/assertj/assertj-core/3.12.2/assertj-core-3.12.2.jar:/home/runner/.m2/repository/org/apache/hadoop/hadoop-hdfs/3.3.1/hadoop-hdfs-3.3.1-tests.jar:/home/runner/.m2/repository/org/eclipse/jetty/jetty-util-ajax/9.4.35.v20201120/jetty-util-ajax-9.4.35.v20201120.jar:/home/runner/.m2/repository/commons-daemon/commons-daemon/1.0.13/commons-daemon-1.0.13.jar:/home/runner/.m2/repository/io/netty/netty/3.10.6.Final/netty-3.10.6.Final.jar:/home/runner/.m2/repository/io/netty/netty-all/4.1.63.Final/netty-all-4.1.63.Final.jar:/home/runner/.m2/repository/org/apache/htrace/htrace-core4/4.1.0-incubating/htrace-core4-4.1.0-incubating.jar:/home/runner/.m2/repository/org/fusesource/leveldbjni/leveldbjni-all/1.8/leveldbjni-all-1.8.jar:/home/runner/.m2/repository/org/apache/hadoop/hadoop-distcp/3.3.1/hadoop-distcp-3.3.1.jar:/home/runner/.m2/repository/org/apache/hadoop/hadoop-mapreduce-client-jobclient/3.3.1/hadoop-mapreduce-client-jobclient-3.3.1.jar:/home/runner/.m2/repository/org/apache/hadoop/hadoop-mapreduce-client-common/3.3.1/hadoop-mapreduce-client-common-3.3.1.jar:/home/runner/.m2/repository/org/apache/hadoop/hadoop-yarn-common/3.3.1/hadoop-yarn-common-3.3.1.jar:/home/runner/.m2/repository/org/apache/hadoop/hadoop-yarn-api/3.3.1/hadoop-yarn-api-3.3.1.jar:/home/runner/.m2/repository/com/sun/jersey/jersey-client/1.19/jersey-client-1.19.jar:/home/runner/.m2/repository/com/sun/jersey/contribs/jersey-guice/1.19/jersey-guice-1.19.jar:/home/runner/.m2/repository/com/fasterxml/jackson/jaxrs/jackson-jaxrs-json-provider/2.12.1/jackson-jaxrs-json-provider-2.12.1.jar:/home/runner/.m2/repository/com/fasterxml/jackson/jaxrs/jackson-jaxrs-base/2.12.1/jackson-jaxrs-base-2.12.1.jar:/home/runner/.m2/repository/org/apache/hadoop/hadoop-yarn-client/3.3.1/hadoop-yarn-client-3.3.1.jar:/home/runner/.m2/repository/org/eclipse/jetty/websocket/websocket-client/9.4.40.v20210413/websocket-client-9.4.40.v20210413.jar:/home/runner/.m2/repository/org/eclipse/jetty/jetty-client/9.4.40.v20210413/jetty-client-9.4.40.v20210413.jar:/home/runner/.m2/repository/org/eclipse/jetty/websocket/websocket-common/9.4.40.v20210413/websocket-common-9.4.40.v20210413.jar:/home/runner/.m2/repository/org/eclipse/jetty/websocket/websocket-api/9.4.40.v20210413/websocket-api-9.4.40.v20210413.jar:/home/runner/.m2/repository/org/jline/jline/3.9.0/jline-3.9.0.jar:/home/runner/.m2/repository/org/apache/hadoop/hadoop-mapreduce-client-core/3.3.1/hadoop-mapreduce-client-core-3.3.1.jar:/home/runner/.m2/repository/org/apache/avro/avro/1.7.7/avro-1.7.7.jar:/home/runner/.m2/repository/org/codehaus/jackson/jackson-core-asl/1.9.13/jackson-core-asl-1.9.13.jar:/home/runner/.m2/repository/org/codehaus/jackson/jackson-mapper-asl/1.9.13/jackson-mapper-asl-1.9.13.jar:/home/runner/.m2/repository/com/thoughtworks/paranamer/paranamer/2.3/paranamer-2.3.jar:/home/runner/.m2/repository/org/apache/hadoop/hadoop-annotations/3.3.1/hadoop-annotations-3.3.1.jar:/usr/lib/jvm/adoptopenjdk-8-hotspot-amd64/jre/../lib/tools.jar:/home/runner/.m2/repository/org/apache/hadoop/hadoop-distcp/3.3.1/hadoop-distcp-3.3.1-tests.jar:"/>
    <property name="java.vm.vendor" value="AdoptOpenJDK"/>
    <property name="sun.arch.data.model" value="64"/>
    <property name="test.build.dir" value="/home/runner/work/ozone/ozone/mnt/ozone/hadoop-ozone/integration-test/target/test-dir"/>
    <property name="test.cache.data" value=""/>
    <property name="java.vendor.url" value="https://adoptopenjdk.net/"/>
    <property name="user.timezone" value=""/>
    <property name="java.vm.specification.version" value="1.8"/>
    <property name="os.name" value="Linux"/>
    <property name="test.build.data" value="/home/runner/work/ozone/ozone/mnt/ozone/hadoop-ozone/integration-test/target/test-dir"/>
    <property name="sun.java.launcher" value="SUN_STANDARD"/>
    <property name="sun.boot.library.path" value="/usr/lib/jvm/adoptopenjdk-8-hotspot-amd64/jre/lib/amd64"/>
    <property name="sun.java.command" value="/home/runner/work/ozone/ozone/mnt/ozone/hadoop-ozone/integration-test/target/surefire/surefirebooter1245111516967564516.jar /home/runner/work/ozone/ozone/mnt/ozone/hadoop-ozone/integration-test/target/surefire 2021-07-23T00-53-03_830-jvmRun1 surefire1086983934877265119tmp surefire_62663487379059136158tmp"/>
    <property name="surefire.test.class.path" value="/home/runner/work/ozone/ozone/mnt/ozone/hadoop-ozone/integration-test/target/test-classes:/home/runner/work/ozone/ozone/mnt/ozone/hadoop-ozone/integration-test/target/classes:/home/runner/.m2/repository/org/apache/ozone/ozone-common/1.2.0-SNAPSHOT/ozone-common-1.2.0-SNAPSHOT.jar:/home/runner/.m2/repository/org/apache/commons/commons-compress/1.20/commons-compress-1.20.jar:/home/runner/.m2/repository/org/apache/ozone/hdds-common/1.2.0-SNAPSHOT/hdds-common-1.2.0-SNAPSHOT.jar:/home/runner/.m2/repository/org/apache/ozone/hdds-client/1.2.0-SNAPSHOT/hdds-client-1.2.0-SNAPSHOT.jar:/home/runner/.m2/repository/org/apache/ozone/ozone-interface-client/1.2.0-SNAPSHOT/ozone-interface-client-1.2.0-SNAPSHOT.jar:/home/runner/.m2/repository/org/apache/ozone/hdds-test-utils/1.2.0-SNAPSHOT/hdds-test-utils-1.2.0-SNAPSHOT.jar:/home/runner/.m2/repository/com/google/guava/guava/30.1.1-jre/guava-30.1.1-jre.jar:/home/runner/.m2/repository/com/google/guava/failureaccess/1.0.1/failureaccess-1.0.1.jar:/home/runner/.m2/repository/com/google/guava/listenablefuture/9999.0-empty-to-avoid-conflict-with-guava/listenablefuture-9999.0-empty-to-avoid-conflict-with-guava.jar:/home/runner/.m2/repository/com/google/code/findbugs/jsr305/3.0.0/jsr305-3.0.0.jar:/home/runner/.m2/repository/org/checkerframework/checker-qual/3.8.0/checker-qual-3.8.0.jar:/home/runner/.m2/repository/com/google/errorprone/error_prone_annotations/2.2.0/error_prone_annotations-2.2.0.jar:/home/runner/.m2/repository/com/google/j2objc/j2objc-annotations/1.3/j2objc-annotations-1.3.jar:/home/runner/.m2/repository/commons-io/commons-io/2.8.0/commons-io-2.8.0.jar:/home/runner/.m2/repository/commons-logging/commons-logging/1.2/commons-logging-1.2.jar:/home/runner/.m2/repository/log4j/log4j/1.2.17/log4j-1.2.17.jar:/home/runner/.m2/repository/org/slf4j/slf4j-api/1.7.30/slf4j-api-1.7.30.jar:/home/runner/.m2/repository/org/apache/ozone/hdds-server-scm/1.2.0-SNAPSHOT/hdds-server-scm-1.2.0-SNAPSHOT.jar:/home/runner/.m2/repository/org/apache/ozone/hdds-container-service/1.2.0-SNAPSHOT/hdds-container-service-1.2.0-SNAPSHOT.jar:/home/runner/.m2/repository/org/apache/ozone/hdds-hadoop-dependency-server/1.2.0-SNAPSHOT/hdds-hadoop-dependency-server-1.2.0-SNAPSHOT.jar:/home/runner/.m2/repository/org/apache/hadoop/hadoop-hdfs/3.3.1/hadoop-hdfs-3.3.1.jar:/home/runner/.m2/repository/org/apache/ozone/hdds-server-framework/1.2.0-SNAPSHOT/hdds-server-framework-1.2.0-SNAPSHOT.jar:/home/runner/.m2/repository/org/apache/ozone/hdds-interface-server/1.2.0-SNAPSHOT/hdds-interface-server-1.2.0-SNAPSHOT.jar:/home/runner/.m2/repository/org/eclipse/jetty/jetty-servlet/9.4.35.v20201120/jetty-servlet-9.4.35.v20201120.jar:/home/runner/.m2/repository/org/eclipse/jetty/jetty-security/9.4.35.v20201120/jetty-security-9.4.35.v20201120.jar:/home/runner/.m2/repository/org/rocksdb/rocksdbjni/6.20.3/rocksdbjni-6.20.3.jar:/home/runner/.m2/repository/io/prometheus/simpleclient_dropwizard/0.7.0/simpleclient_dropwizard-0.7.0.jar:/home/runner/.m2/repository/io/prometheus/simpleclient/0.7.0/simpleclient-0.7.0.jar:/home/runner/.m2/repository/io/prometheus/simpleclient_common/0.7.0/simpleclient_common-0.7.0.jar:/home/runner/.m2/repository/com/fasterxml/jackson/datatype/jackson-datatype-jsr310/2.12.1/jackson-datatype-jsr310-2.12.1.jar:/home/runner/.m2/repository/io/dropwizard/metrics/metrics-core/3.2.4/metrics-core-3.2.4.jar:/home/runner/.m2/repository/org/apache/hadoop/hadoop-hdfs-client/3.3.1/hadoop-hdfs-client-3.3.1.jar:/home/runner/.m2/repository/org/bouncycastle/bcprov-jdk15on/1.67/bcprov-jdk15on-1.67.jar:/home/runner/.m2/repository/com/google/protobuf/protobuf-java/2.5.0/protobuf-java-2.5.0.jar:/home/runner/.m2/repository/org/apache/ozone/ozone-manager/1.2.0-SNAPSHOT/ozone-manager-1.2.0-SNAPSHOT.jar:/home/runner/.m2/repository/org/aspectj/aspectjrt/1.8.9/aspectjrt-1.8.9.jar:/home/runner/.m2/repository/org/aspectj/aspectjweaver/1.8.9/aspectjweaver-1.8.9.jar:/home/runner/.m2/repository/org/apache/ozone/hdds-interface-client/1.2.0-SNAPSHOT/hdds-interface-client-1.2.0-SNAPSHOT.jar:/home/runner/.m2/repository/org/apache/hadoop/thirdparty/hadoop-shaded-protobuf_3_7/1.1.1/hadoop-shaded-protobuf_3_7-1.1.1.jar:/home/runner/.m2/repository/org/apache/ratis/ratis-thirdparty-misc/0.7.0/ratis-thirdparty-misc-0.7.0.jar:/home/runner/.m2/repository/org/apache/ozone/ozone-interface-storage/1.2.0-SNAPSHOT/ozone-interface-storage-1.2.0-SNAPSHOT.jar:/home/runner/.m2/repository/org/reflections/reflections/0.9.11/reflections-0.9.11.jar:/home/runner/.m2/repository/org/apache/hadoop/hadoop-minikdc/3.3.1/hadoop-minikdc-3.3.1.jar:/home/runner/.m2/repository/org/apache/kerby/kerb-simplekdc/1.0.1/kerb-simplekdc-1.0.1.jar:/home/runner/.m2/repository/org/apache/kerby/kerb-client/1.0.1/kerb-client-1.0.1.jar:/home/runner/.m2/repository/org/apache/kerby/kerby-config/1.0.1/kerby-config-1.0.1.jar:/home/runner/.m2/repository/org/apache/kerby/kerb-common/1.0.1/kerb-common-1.0.1.jar:/home/runner/.m2/repository/org/apache/kerby/kerb-crypto/1.0.1/kerb-crypto-1.0.1.jar:/home/runner/.m2/repository/org/apache/kerby/kerb-util/1.0.1/kerb-util-1.0.1.jar:/home/runner/.m2/repository/org/apache/kerby/token-provider/1.0.1/token-provider-1.0.1.jar:/home/runner/.m2/repository/org/apache/kerby/kerb-admin/1.0.1/kerb-admin-1.0.1.jar:/home/runner/.m2/repository/org/apache/kerby/kerb-server/1.0.1/kerb-server-1.0.1.jar:/home/runner/.m2/repository/org/apache/kerby/kerb-identity/1.0.1/kerb-identity-1.0.1.jar:/home/runner/.m2/repository/org/apache/kerby/kerby-xdr/1.0.1/kerby-xdr-1.0.1.jar:/home/runner/.m2/repository/org/slf4j/slf4j-log4j12/1.7.30/slf4j-log4j12-1.7.30.jar:/home/runner/.m2/repository/org/apache/ozone/ozone-s3gateway/1.2.0-SNAPSHOT/ozone-s3gateway-1.2.0-SNAPSHOT.jar:/home/runner/.m2/repository/org/javassist/javassist/3.21.0-GA/javassist-3.21.0-GA.jar:/home/runner/.m2/repository/org/jboss/weld/servlet/weld-servlet/2.4.7.Final/weld-servlet-2.4.7.Final.jar:/home/runner/.m2/repository/org/glassfish/jersey/containers/jersey-container-servlet-core/2.33/jersey-container-servlet-core-2.33.jar:/home/runner/.m2/repository/org/glassfish/hk2/external/jakarta.inject/2.6.1/jakarta.inject-2.6.1.jar:/home/runner/.m2/repository/org/glassfish/jersey/core/jersey-common/2.33/jersey-common-2.33.jar:/home/runner/.m2/repository/jakarta/ws/rs/jakarta.ws.rs-api/2.1.6/jakarta.ws.rs-api-2.1.6.jar:/home/runner/.m2/repository/org/glassfish/jersey/ext/cdi/jersey-cdi1x/2.33/jersey-cdi1x-2.33.jar:/home/runner/.m2/repository/org/glassfish/jersey/inject/jersey-hk2/2.33/jersey-hk2-2.33.jar:/home/runner/.m2/repository/org/glassfish/hk2/hk2-locator/2.6.1/hk2-locator-2.6.1.jar:/home/runner/.m2/repository/org/glassfish/jersey/media/jersey-media-jaxb/2.33/jersey-media-jaxb-2.33.jar:/home/runner/.m2/repository/org/glassfish/hk2/osgi-resource-locator/1.0.3/osgi-resource-locator-1.0.3.jar:/home/runner/.m2/repository/org/glassfish/hk2/hk2-api/2.5.0/hk2-api-2.5.0.jar:/home/runner/.m2/repository/org/glassfish/hk2/hk2-utils/2.5.0/hk2-utils-2.5.0.jar:/home/runner/.m2/repository/org/glassfish/hk2/external/aopalliance-repackaged/2.5.0/aopalliance-repackaged-2.5.0.jar:/home/runner/.m2/repository/com/fasterxml/jackson/dataformat/jackson-dataformat-xml/2.12.1/jackson-dataformat-xml-2.12.1.jar:/home/runner/.m2/repository/com/fasterxml/jackson/core/jackson-core/2.12.1/jackson-core-2.12.1.jar:/home/runner/.m2/repository/com/fasterxml/jackson/module/jackson-module-jaxb-annotations/2.12.1/jackson-module-jaxb-annotations-2.12.1.jar:/home/runner/.m2/repository/jakarta/xml/bind/jakarta.xml.bind-api/2.3.2/jakarta.xml.bind-api-2.3.2.jar:/home/runner/.m2/repository/org/codehaus/woodstox/stax2-api/3.1.4/stax2-api-3.1.4.jar:/home/runner/.m2/repository/com/fasterxml/woodstox/woodstox-core/5.0.3/woodstox-core-5.0.3.jar:/home/runner/.m2/repository/javax/enterprise/cdi-api/1.2/cdi-api-1.2.jar:/home/runner/.m2/repository/javax/el/javax.el-api/3.0.0/javax.el-api-3.0.0.jar:/home/runner/.m2/repository/javax/interceptor/javax.interceptor-api/1.2/javax.interceptor-api-1.2.jar:/home/runner/.m2/repository/javax/inject/javax.inject/1/javax.inject-1.jar:/home/runner/.m2/repository/javax/xml/bind/jaxb-api/2.3.0/jaxb-api-2.3.0.jar:/home/runner/.m2/repository/org/glassfish/jaxb/jaxb-runtime/2.3.0.1/jaxb-runtime-2.3.0.1.jar:/home/runner/.m2/repository/org/glassfish/jaxb/jaxb-core/2.3.0.1/jaxb-core-2.3.0.1.jar:/home/runner/.m2/repository/org/glassfish/jaxb/txw2/2.3.0.1/txw2-2.3.0.1.jar:/home/runner/.m2/repository/com/sun/istack/istack-commons-runtime/3.0.5/istack-commons-runtime-3.0.5.jar:/home/runner/.m2/repository/org/jvnet/staxex/stax-ex/1.7.8/stax-ex-1.7.8.jar:/home/runner/.m2/repository/com/sun/xml/fastinfoset/FastInfoset/1.2.13/FastInfoset-1.2.13.jar:/home/runner/.m2/repository/javax/activation/activation/1.1.1/activation-1.1.1.jar:/home/runner/.m2/repository/org/apache/ozone/ozone-csi/1.2.0-SNAPSHOT/ozone-csi-1.2.0-SNAPSHOT.jar:/home/runner/.m2/repository/com/google/protobuf/protobuf-java-util/3.12.0/protobuf-java-util-3.12.0.jar:/home/runner/.m2/repository/com/google/code/gson/gson/2.2.4/gson-2.2.4.jar:/home/runner/.m2/repository/org/apache/ozone/hdds-config/1.2.0-SNAPSHOT/hdds-config-1.2.0-SNAPSHOT.jar:/home/runner/.m2/repository/io/grpc/grpc-netty/1.33.0/grpc-netty-1.33.0.jar:/home/runner/.m2/repository/io/grpc/grpc-core/1.33.0/grpc-core-1.33.0.jar:/home/runner/.m2/repository/com/google/android/annotations/4.1.1.4/annotations-4.1.1.4.jar:/home/runner/.m2/repository/io/netty/netty-codec-http2/4.1.63.Final/netty-codec-http2-4.1.63.Final.jar:/home/runner/.m2/repository/io/netty/netty-codec-http/4.1.63.Final/netty-codec-http-4.1.63.Final.jar:/home/runner/.m2/repository/io/netty/netty-handler-proxy/4.1.63.Final/netty-handler-proxy-4.1.63.Final.jar:/home/runner/.m2/repository/io/netty/netty-codec-socks/4.1.63.Final/netty-codec-socks-4.1.63.Final.jar:/home/runner/.m2/repository/io/perfmark/perfmark-api/0.19.0/perfmark-api-0.19.0.jar:/home/runner/.m2/repository/org/codehaus/mojo/animal-sniffer-annotations/1.18/animal-sniffer-annotations-1.18.jar:/home/runner/.m2/repository/io/netty/netty-transport-native-epoll/4.1.63.Final/netty-transport-native-epoll-4.1.63.Final.jar:/home/runner/.m2/repository/io/netty/netty-common/4.1.63.Final/netty-common-4.1.63.Final.jar:/home/runner/.m2/repository/io/netty/netty-buffer/4.1.63.Final/netty-buffer-4.1.63.Final.jar:/home/runner/.m2/repository/io/netty/netty-transport-native-unix-common/4.1.63.Final/netty-transport-native-unix-common-4.1.63.Final.jar:/home/runner/.m2/repository/io/grpc/grpc-protobuf/1.33.0/grpc-protobuf-1.33.0.jar:/home/runner/.m2/repository/io/grpc/grpc-api/1.33.0/grpc-api-1.33.0.jar:/home/runner/.m2/repository/io/grpc/grpc-context/1.33.0/grpc-context-1.33.0.jar:/home/runner/.m2/repository/com/google/api/grpc/proto-google-common-protos/1.17.0/proto-google-common-protos-1.17.0.jar:/home/runner/.m2/repository/io/grpc/grpc-protobuf-lite/1.33.0/grpc-protobuf-lite-1.33.0.jar:/home/runner/.m2/repository/io/grpc/grpc-stub/1.33.0/grpc-stub-1.33.0.jar:/home/runner/.m2/repository/org/apache/ozone/ozone-recon/1.2.0-SNAPSHOT/ozone-recon-1.2.0-SNAPSHOT.jar:/home/runner/.m2/repository/org/apache/ozone/ozone-reconcodegen/1.2.0-SNAPSHOT/ozone-reconcodegen-1.2.0-SNAPSHOT.jar:/home/runner/.m2/repository/com/google/inject/extensions/guice-multibindings/4.0/guice-multibindings-4.0.jar:/home/runner/.m2/repository/com/google/inject/guice/4.0/guice-4.0.jar:/home/runner/.m2/repository/aopalliance/aopalliance/1.0/aopalliance-1.0.jar:/home/runner/.m2/repository/com/google/inject/extensions/guice-assistedinject/4.0/guice-assistedinject-4.0.jar:/home/runner/.m2/repository/com/google/inject/extensions/guice-servlet/4.0/guice-servlet-4.0.jar:/home/runner/.m2/repository/org/glassfish/jersey/containers/jersey-container-servlet/2.33/jersey-container-servlet-2.33.jar:/home/runner/.m2/repository/org/glassfish/hk2/guice-bridge/2.5.0/guice-bridge-2.5.0.jar:/home/runner/.m2/repository/org/glassfish/jersey/core/jersey-server/2.33/jersey-server-2.33.jar:/home/runner/.m2/repository/org/glassfish/jersey/core/jersey-client/2.33/jersey-client-2.33.jar:/home/runner/.m2/repository/jakarta/annotation/jakarta.annotation-api/1.3.5/jakarta.annotation-api-1.3.5.jar:/home/runner/.m2/repository/jakarta/validation/jakarta.validation-api/2.0.2/jakarta.validation-api-2.0.2.jar:/home/runner/.m2/repository/org/glassfish/jersey/media/jersey-media-json-jackson/2.33/jersey-media-json-jackson-2.33.jar:/home/runner/.m2/repository/org/glassfish/jersey/ext/jersey-entity-filtering/2.33/jersey-entity-filtering-2.33.jar:/home/runner/.m2/repository/org/jooq/jooq/3.11.10/jooq-3.11.10.jar:/home/runner/.m2/repository/org/jooq/jooq-meta/3.11.10/jooq-meta-3.11.10.jar:/home/runner/.m2/repository/org/jooq/jooq-codegen/3.11.10/jooq-codegen-3.11.10.jar:/home/runner/.m2/repository/com/jolbox/bonecp/0.8.0.RELEASE/bonecp-0.8.0.RELEASE.jar:/home/runner/.m2/repository/org/apache/derby/derby/10.14.2.0/derby-10.14.2.0.jar:/home/runner/.m2/repository/org/xerial/sqlite-jdbc/3.25.2/sqlite-jdbc-3.25.2.jar:/home/runner/.m2/repository/org/springframework/spring-jdbc/5.2.11.RELEASE/spring-jdbc-5.2.11.RELEASE.jar:/home/runner/.m2/repository/org/springframework/spring-beans/5.2.11.RELEASE/spring-beans-5.2.11.RELEASE.jar:/home/runner/.m2/repository/org/springframework/spring-core/5.2.11.RELEASE/spring-core-5.2.11.RELEASE.jar:/home/runner/.m2/repository/org/springframework/spring-jcl/5.2.11.RELEASE/spring-jcl-5.2.11.RELEASE.jar:/home/runner/.m2/repository/org/springframework/spring-tx/5.2.11.RELEASE/spring-tx-5.2.11.RELEASE.jar:/home/runner/.m2/repository/org/apache/ozone/ozone-client/1.2.0-SNAPSHOT/ozone-client-1.2.0-SNAPSHOT.jar:/home/runner/.m2/repository/org/apache/ozone/ozone-filesystem/1.2.0-SNAPSHOT/ozone-filesystem-1.2.0-SNAPSHOT.jar:/home/runner/.m2/repository/org/apache/ozone/ozone-filesystem-common/1.2.0-SNAPSHOT/ozone-filesystem-common-1.2.0-SNAPSHOT.jar:/home/runner/.m2/repository/org/apache/ozone/ozone-tools/1.2.0-SNAPSHOT/ozone-tools-1.2.0-SNAPSHOT.jar:/home/runner/.m2/repository/org/apache/ratis/ratis-tools/2.1.0/ratis-tools-2.1.0.jar:/home/runner/.m2/repository/org/apache/ratis/ratis-proto/2.1.0/ratis-proto-2.1.0.jar:/home/runner/.m2/repository/org/apache/ratis/ratis-common/2.1.0/ratis-common-2.1.0.jar:/home/runner/.m2/repository/com/amazonaws/aws-java-sdk-core/1.11.901/aws-java-sdk-core-1.11.901.jar:/home/runner/.m2/repository/org/apache/httpcomponents/httpclient/4.5.13/httpclient-4.5.13.jar:/home/runner/.m2/repository/org/apache/httpcomponents/httpcore/4.4.13/httpcore-4.4.13.jar:/home/runner/.m2/repository/software/amazon/ion/ion-java/1.0.2/ion-java-1.0.2.jar:/home/runner/.m2/repository/com/fasterxml/jackson/dataformat/jackson-dataformat-cbor/2.12.1/jackson-dataformat-cbor-2.12.1.jar:/home/runner/.m2/repository/joda-time/joda-time/2.8.1/joda-time-2.8.1.jar:/home/runner/.m2/repository/com/amazonaws/aws-java-sdk-s3/1.11.901/aws-java-sdk-s3-1.11.901.jar:/home/runner/.m2/repository/com/amazonaws/aws-java-sdk-kms/1.11.901/aws-java-sdk-kms-1.11.901.jar:/home/runner/.m2/repository/com/amazonaws/jmespath-java/1.11.901/jmespath-java-1.11.901.jar:/home/runner/.m2/repository/org/kohsuke/metainf-services/metainf-services/1.8/metainf-services-1.8.jar:/home/runner/.m2/repository/org/apache/ozone/hdds-tools/1.2.0-SNAPSHOT/hdds-tools-1.2.0-SNAPSHOT.jar:/home/runner/.m2/repository/commons-cli/commons-cli/1.2/commons-cli-1.2.jar:/home/runner/.m2/repository/org/apache/commons/commons-lang3/3.7/commons-lang3-3.7.jar:/home/runner/.m2/repository/org/apache/ozone/ozone-manager/1.2.0-SNAPSHOT/ozone-manager-1.2.0-SNAPSHOT-tests.jar:/home/runner/.m2/repository/org/apache/ozone/hdds-common/1.2.0-SNAPSHOT/hdds-common-1.2.0-SNAPSHOT-tests.jar:/home/runner/.m2/repository/org/apache/ozone/hdds-hadoop-dependency-client/1.2.0-SNAPSHOT/hdds-hadoop-dependency-client-1.2.0-SNAPSHOT.jar:/home/runner/.m2/repository/info/picocli/picocli/4.4.0/picocli-4.4.0.jar:/home/runner/.m2/repository/com/fasterxml/jackson/core/jackson-annotations/2.12.1/jackson-annotations-2.12.1.jar:/home/runner/.m2/repository/javax/annotation/javax.annotation-api/1.2/javax.annotation-api-1.2.jar:/home/runner/.m2/repository/org/apache/ratis/ratis-server/2.1.0/ratis-server-2.1.0.jar:/home/runner/.m2/repository/org/apache/ratis/ratis-client/2.1.0/ratis-client-2.1.0.jar:/home/runner/.m2/repository/org/apache/ratis/ratis-server-api/2.1.0/ratis-server-api-2.1.0.jar:/home/runner/.m2/repository/org/apache/ratis/ratis-metrics/2.1.0/ratis-metrics-2.1.0.jar:/home/runner/.m2/repository/org/apache/ratis/ratis-netty/2.1.0/ratis-netty-2.1.0.jar:/home/runner/.m2/repository/org/apache/ratis/ratis-grpc/2.1.0/ratis-grpc-2.1.0.jar:/home/runner/.m2/repository/org/apache/logging/log4j/log4j-api/2.13.3/log4j-api-2.13.3.jar:/home/runner/.m2/repository/org/apache/logging/log4j/log4j-core/2.13.3/log4j-core-2.13.3.jar:/home/runner/.m2/repository/com/lmax/disruptor/3.4.2/disruptor-3.4.2.jar:/home/runner/.m2/repository/org/apache/commons/commons-pool2/2.6.0/commons-pool2-2.6.0.jar:/home/runner/.m2/repository/org/bouncycastle/bcpkix-jdk15on/1.67/bcpkix-jdk15on-1.67.jar:/home/runner/.m2/repository/commons-validator/commons-validator/1.6/commons-validator-1.6.jar:/home/runner/.m2/repository/commons-beanutils/commons-beanutils/1.9.4/commons-beanutils-1.9.4.jar:/home/runner/.m2/repository/commons-digester/commons-digester/1.8.1/commons-digester-1.8.1.jar:/home/runner/.m2/repository/commons-collections/commons-collections/3.2.2/commons-collections-3.2.2.jar:/home/runner/.m2/repository/io/jaegertracing/jaeger-client/1.6.0/jaeger-client-1.6.0.jar:/home/runner/.m2/repository/io/jaegertracing/jaeger-thrift/1.6.0/jaeger-thrift-1.6.0.jar:/home/runner/.m2/repository/org/apache/thrift/libthrift/0.14.1/libthrift-0.14.1.jar:/home/runner/.m2/repository/com/squareup/okhttp3/okhttp/4.9.0/okhttp-4.9.0.jar:/home/runner/.m2/repository/com/squareup/okio/okio/2.8.0/okio-2.8.0.jar:/home/runner/.m2/repository/io/jaegertracing/jaeger-core/1.6.0/jaeger-core-1.6.0.jar:/home/runner/.m2/repository/io/jaegertracing/jaeger-tracerresolver/1.6.0/jaeger-tracerresolver-1.6.0.jar:/home/runner/.m2/repository/io/opentracing/contrib/opentracing-tracerresolver/0.1.8/opentracing-tracerresolver-0.1.8.jar:/home/runner/.m2/repository/org/jetbrains/kotlin/kotlin-stdlib/1.4.31/kotlin-stdlib-1.4.31.jar:/home/runner/.m2/repository/org/jetbrains/kotlin/kotlin-stdlib-common/1.4.31/kotlin-stdlib-common-1.4.31.jar:/home/runner/.m2/repository/org/jetbrains/annotations/13.0/annotations-13.0.jar:/home/runner/.m2/repository/io/opentracing/opentracing-util/0.33.0/opentracing-util-0.33.0.jar:/home/runner/.m2/repository/io/opentracing/opentracing-api/0.33.0/opentracing-api-0.33.0.jar:/home/runner/.m2/repository/io/opentracing/opentracing-noop/0.33.0/opentracing-noop-0.33.0.jar:/home/runner/.m2/repository/org/yaml/snakeyaml/1.26/snakeyaml-1.26.jar:/home/runner/.m2/repository/org/apache/ozone/hdds-interface-admin/1.2.0-SNAPSHOT/hdds-interface-admin-1.2.0-SNAPSHOT.jar:/home/runner/.m2/repository/junit/junit/4.13.1/junit-4.13.1.jar:/home/runner/.m2/repository/org/hamcrest/hamcrest-core/1.3/hamcrest-core-1.3.jar:/home/runner/.m2/repository/org/junit/jupiter/junit-jupiter-api/5.7.0/junit-jupiter-api-5.7.0.jar:/home/runner/.m2/repository/org/apiguardian/apiguardian-api/1.1.0/apiguardian-api-1.1.0.jar:/home/runner/.m2/repository/org/opentest4j/opentest4j/1.2.0/opentest4j-1.2.0.jar:/home/runner/.m2/repository/org/junit/platform/junit-platform-commons/1.7.0/junit-platform-commons-1.7.0.jar:/home/runner/.m2/repository/org/junit/jupiter/junit-jupiter-engine/5.7.0/junit-jupiter-engine-5.7.0.jar:/home/runner/.m2/repository/org/junit/platform/junit-platform-engine/1.7.0/junit-platform-engine-1.7.0.jar:/home/runner/.m2/repository/org/junit/vintage/junit-vintage-engine/5.7.0/junit-vintage-engine-5.7.0.jar:/home/runner/.m2/repository/org/junit/platform/junit-platform-launcher/1.7.0/junit-platform-launcher-1.7.0.jar:/home/runner/.m2/repository/org/openjdk/jmh/jmh-core/1.19/jmh-core-1.19.jar:/home/runner/.m2/repository/net/sf/jopt-simple/jopt-simple/4.6/jopt-simple-4.6.jar:/home/runner/.m2/repository/org/apache/commons/commons-math3/3.1.1/commons-math3-3.1.1.jar:/home/runner/.m2/repository/org/openjdk/jmh/jmh-generator-annprocess/1.19/jmh-generator-annprocess-1.19.jar:/home/runner/.m2/repository/org/mockito/mockito-core/2.28.2/mockito-core-2.28.2.jar:/home/runner/.m2/repository/net/bytebuddy/byte-buddy/1.9.10/byte-buddy-1.9.10.jar:/home/runner/.m2/repository/net/bytebuddy/byte-buddy-agent/1.9.10/byte-buddy-agent-1.9.10.jar:/home/runner/.m2/repository/org/objenesis/objenesis/1.0/objenesis-1.0.jar:/home/runner/.m2/repository/org/apache/hadoop/hadoop-kms/3.3.1/hadoop-kms-3.3.1.jar:/home/runner/.m2/repository/org/apache/hadoop/hadoop-auth/3.3.1/hadoop-auth-3.3.1.jar:/home/runner/.m2/repository/com/nimbusds/nimbus-jose-jwt/7.9/nimbus-jose-jwt-7.9.jar:/home/runner/.m2/repository/com/github/stephenc/jcip/jcip-annotations/1.0-1/jcip-annotations-1.0-1.jar:/home/runner/.m2/repository/net/minidev/json-smart/2.3/json-smart-2.3.jar:/home/runner/.m2/repository/net/minidev/accessors-smart/1.2/accessors-smart-1.2.jar:/home/runner/.m2/repository/org/ow2/asm/asm/5.0.4/asm-5.0.4.jar:/home/runner/.m2/repository/org/apache/zookeeper/zookeeper/3.5.6/zookeeper-3.5.6.jar:/home/runner/.m2/repository/org/apache/zookeeper/zookeeper-jute/3.5.6/zookeeper-jute-3.5.6.jar:/home/runner/.m2/repository/org/apache/yetus/audience-annotations/0.5.0/audience-annotations-0.5.0.jar:/home/runner/.m2/repository/org/apache/curator/curator-framework/4.2.0/curator-framework-4.2.0.jar:/home/runner/.m2/repository/org/apache/hadoop/thirdparty/hadoop-shaded-guava/1.1.1/hadoop-shaded-guava-1.1.1.jar:/home/runner/.m2/repository/com/sun/jersey/jersey-core/1.19/jersey-core-1.19.jar:/home/runner/.m2/repository/javax/ws/rs/jsr311-api/1.1.1/jsr311-api-1.1.1.jar:/home/runner/.m2/repository/com/sun/jersey/jersey-server/1.19/jersey-server-1.19.jar:/home/runner/.m2/repository/javax/servlet/javax.servlet-api/3.1.0/javax.servlet-api-3.1.0.jar:/home/runner/.m2/repository/org/eclipse/jetty/jetty-server/9.4.35.v20201120/jetty-server-9.4.35.v20201120.jar:/home/runner/.m2/repository/org/eclipse/jetty/jetty-http/9.4.35.v20201120/jetty-http-9.4.35.v20201120.jar:/home/runner/.m2/repository/org/eclipse/jetty/jetty-io/9.4.35.v20201120/jetty-io-9.4.35.v20201120.jar:/home/runner/.m2/repository/org/eclipse/jetty/jetty-webapp/9.4.35.v20201120/jetty-webapp-9.4.35.v20201120.jar:/home/runner/.m2/repository/org/eclipse/jetty/jetty-xml/9.4.35.v20201120/jetty-xml-9.4.35.v20201120.jar:/home/runner/.m2/repository/org/apache/hadoop/hadoop-common/3.3.1/hadoop-common-3.3.1.jar:/home/runner/.m2/repository/commons-net/commons-net/3.6/commons-net-3.6.jar:/home/runner/.m2/repository/jakarta/activation/jakarta.activation-api/1.2.1/jakarta.activation-api-1.2.1.jar:/home/runner/.m2/repository/com/sun/jersey/jersey-servlet/1.19/jersey-servlet-1.19.jar:/home/runner/.m2/repository/com/sun/jersey/jersey-json/1.19/jersey-json-1.19.jar:/home/runner/.m2/repository/org/codehaus/jettison/jettison/1.1/jettison-1.1.jar:/home/runner/.m2/repository/com/sun/xml/bind/jaxb-impl/2.2.3-1/jaxb-impl-2.2.3-1.jar:/home/runner/.m2/repository/org/codehaus/jackson/jackson-jaxrs/1.9.2/jackson-jaxrs-1.9.2.jar:/home/runner/.m2/repository/org/codehaus/jackson/jackson-xc/1.9.2/jackson-xc-1.9.2.jar:/home/runner/.m2/repository/org/apache/commons/commons-configuration2/2.1.1/commons-configuration2-2.1.1.jar:/home/runner/.m2/repository/org/apache/commons/commons-text/1.4/commons-text-1.4.jar:/home/runner/.m2/repository/com/google/re2j/re2j/1.1/re2j-1.1.jar:/home/runner/.m2/repository/com/jcraft/jsch/0.1.54/jsch-0.1.54.jar:/home/runner/.m2/repository/org/apache/curator/curator-client/4.2.0/curator-client-4.2.0.jar:/home/runner/.m2/repository/org/apache/curator/curator-recipes/4.2.0/curator-recipes-4.2.0.jar:/home/runner/.m2/repository/org/apache/kerby/kerb-core/1.0.1/kerb-core-1.0.1.jar:/home/runner/.m2/repository/org/apache/kerby/kerby-pkix/1.0.1/kerby-pkix-1.0.1.jar:/home/runner/.m2/repository/org/apache/kerby/kerby-asn1/1.0.1/kerby-asn1-1.0.1.jar:/home/runner/.m2/repository/org/apache/kerby/kerby-util/1.0.1/kerby-util-1.0.1.jar:/home/runner/.m2/repository/dnsjava/dnsjava/2.1.7/dnsjava-2.1.7.jar:/home/runner/.m2/repository/org/xerial/snappy/snappy-java/1.1.8.2/snappy-java-1.1.8.2.jar:/home/runner/.m2/repository/org/slf4j/jul-to-slf4j/1.7.30/jul-to-slf4j-1.7.30.jar:/home/runner/.m2/repository/org/eclipse/jetty/jetty-util/9.4.35.v20201120/jetty-util-9.4.35.v20201120.jar:/home/runner/.m2/repository/com/fasterxml/jackson/core/jackson-databind/2.12.1/jackson-databind-2.12.1.jar:/home/runner/.m2/repository/org/apache/hadoop/hadoop-kms/3.3.1/hadoop-kms-3.3.1-tests.jar:/home/runner/.m2/repository/org/apache/ozone/hdds-server-scm/1.2.0-SNAPSHOT/hdds-server-scm-1.2.0-SNAPSHOT-tests.jar:/home/runner/.m2/repository/org/apache/ozone/hdds-container-service/1.2.0-SNAPSHOT/hdds-container-service-1.2.0-SNAPSHOT-tests.jar:/home/runner/.m2/repository/commons-codec/commons-codec/1.11/commons-codec-1.11.jar:/home/runner/.m2/repository/io/netty/netty-transport/4.1.63.Final/netty-transport-4.1.63.Final.jar:/home/runner/.m2/repository/io/netty/netty-resolver/4.1.63.Final/netty-resolver-4.1.63.Final.jar:/home/runner/.m2/repository/io/netty/netty-codec/4.1.63.Final/netty-codec-4.1.63.Final.jar:/home/runner/.m2/repository/io/netty/netty-handler/4.1.63.Final/netty-handler-4.1.63.Final.jar:/home/runner/.m2/repository/org/apache/ozone/hdds-hadoop-dependency-test/1.2.0-SNAPSHOT/hdds-hadoop-dependency-test-1.2.0-SNAPSHOT.jar:/home/runner/.m2/repository/org/apache/hadoop/hadoop-common/3.3.1/hadoop-common-3.3.1-tests.jar:/home/runner/.m2/repository/org/assertj/assertj-core/3.12.2/assertj-core-3.12.2.jar:/home/runner/.m2/repository/org/apache/hadoop/hadoop-hdfs/3.3.1/hadoop-hdfs-3.3.1-tests.jar:/home/runner/.m2/repository/org/eclipse/jetty/jetty-util-ajax/9.4.35.v20201120/jetty-util-ajax-9.4.35.v20201120.jar:/home/runner/.m2/repository/commons-daemon/commons-daemon/1.0.13/commons-daemon-1.0.13.jar:/home/runner/.m2/repository/io/netty/netty/3.10.6.Final/netty-3.10.6.Final.jar:/home/runner/.m2/repository/io/netty/netty-all/4.1.63.Final/netty-all-4.1.63.Final.jar:/home/runner/.m2/repository/org/apache/htrace/htrace-core4/4.1.0-incubating/htrace-core4-4.1.0-incubating.jar:/home/runner/.m2/repository/org/fusesource/leveldbjni/leveldbjni-all/1.8/leveldbjni-all-1.8.jar:/home/runner/.m2/repository/org/apache/hadoop/hadoop-distcp/3.3.1/hadoop-distcp-3.3.1.jar:/home/runner/.m2/repository/org/apache/hadoop/hadoop-mapreduce-client-jobclient/3.3.1/hadoop-mapreduce-client-jobclient-3.3.1.jar:/home/runner/.m2/repository/org/apache/hadoop/hadoop-mapreduce-client-common/3.3.1/hadoop-mapreduce-client-common-3.3.1.jar:/home/runner/.m2/repository/org/apache/hadoop/hadoop-yarn-common/3.3.1/hadoop-yarn-common-3.3.1.jar:/home/runner/.m2/repository/org/apache/hadoop/hadoop-yarn-api/3.3.1/hadoop-yarn-api-3.3.1.jar:/home/runner/.m2/repository/com/sun/jersey/jersey-client/1.19/jersey-client-1.19.jar:/home/runner/.m2/repository/com/sun/jersey/contribs/jersey-guice/1.19/jersey-guice-1.19.jar:/home/runner/.m2/repository/com/fasterxml/jackson/jaxrs/jackson-jaxrs-json-provider/2.12.1/jackson-jaxrs-json-provider-2.12.1.jar:/home/runner/.m2/repository/com/fasterxml/jackson/jaxrs/jackson-jaxrs-base/2.12.1/jackson-jaxrs-base-2.12.1.jar:/home/runner/.m2/repository/org/apache/hadoop/hadoop-yarn-client/3.3.1/hadoop-yarn-client-3.3.1.jar:/home/runner/.m2/repository/org/eclipse/jetty/websocket/websocket-client/9.4.40.v20210413/websocket-client-9.4.40.v20210413.jar:/home/runner/.m2/repository/org/eclipse/jetty/jetty-client/9.4.40.v20210413/jetty-client-9.4.40.v20210413.jar:/home/runner/.m2/repository/org/eclipse/jetty/websocket/websocket-common/9.4.40.v20210413/websocket-common-9.4.40.v20210413.jar:/home/runner/.m2/repository/org/eclipse/jetty/websocket/websocket-api/9.4.40.v20210413/websocket-api-9.4.40.v20210413.jar:/home/runner/.m2/repository/org/jline/jline/3.9.0/jline-3.9.0.jar:/home/runner/.m2/repository/org/apache/hadoop/hadoop-mapreduce-client-core/3.3.1/hadoop-mapreduce-client-core-3.3.1.jar:/home/runner/.m2/repository/org/apache/avro/avro/1.7.7/avro-1.7.7.jar:/home/runner/.m2/repository/org/codehaus/jackson/jackson-core-asl/1.9.13/jackson-core-asl-1.9.13.jar:/home/runner/.m2/repository/org/codehaus/jackson/jackson-mapper-asl/1.9.13/jackson-mapper-asl-1.9.13.jar:/home/runner/.m2/repository/com/thoughtworks/paranamer/paranamer/2.3/paranamer-2.3.jar:/home/runner/.m2/repository/org/apache/hadoop/hadoop-annotations/3.3.1/hadoop-annotations-3.3.1.jar:/usr/lib/jvm/adoptopenjdk-8-hotspot-amd64/jre/../lib/tools.jar:/home/runner/.m2/repository/org/apache/hadoop/hadoop-distcp/3.3.1/hadoop-distcp-3.3.1-tests.jar:"/>
    <property name="sun.cpu.endian" value="little"/>
    <property name="user.home" value="/home/runner"/>
    <property name="user.language" value="en"/>
    <property name="java.specification.vendor" value="Oracle Corporation"/>
    <property name="java.home" value="/usr/lib/jvm/adoptopenjdk-8-hotspot-amd64/jre"/>
    <property name="java.security.krb5.conf" value="/home/runner/work/ozone/ozone/mnt/ozone/hadoop-ozone/integration-test/target/test-classes/krb5.conf"/>
    <property name="basedir" value="/home/runner/work/ozone/ozone/mnt/ozone/hadoop-ozone/integration-test"/>
    <property name="file.separator" value="/"/>
    <property name="line.separator" value="&#10;"/>
    <property name="java.vm.specification.vendor" value="Oracle Corporation"/>
    <property name="java.specification.name" value="Java Platform API Specification"/>
    <property name="java.awt.graphicsenv" value="sun.awt.X11GraphicsEnvironment"/>
    <property name="skip.installnpx" value="true"/>
    <property name="surefire.real.class.path" value="/home/runner/work/ozone/ozone/mnt/ozone/hadoop-ozone/integration-test/target/surefire/surefirebooter1245111516967564516.jar:/home/runner/.m2/repository/org/jacoco/org.jacoco.agent/0.8.5/org.jacoco.agent-0.8.5-runtime.jar"/>
    <property name="hadoop.log.dir" value="/home/runner/work/ozone/ozone/mnt/ozone/hadoop-ozone/integration-test/target/log"/>
    <property name="sun.boot.class.path" value="/usr/lib/jvm/adoptopenjdk-8-hotspot-amd64/jre/lib/resources.jar:/usr/lib/jvm/adoptopenjdk-8-hotspot-amd64/jre/lib/rt.jar:/usr/lib/jvm/adoptopenjdk-8-hotspot-amd64/jre/lib/sunrsasign.jar:/usr/lib/jvm/adoptopenjdk-8-hotspot-amd64/jre/lib/jsse.jar:/usr/lib/jvm/adoptopenjdk-8-hotspot-amd64/jre/lib/jce.jar:/usr/lib/jvm/adoptopenjdk-8-hotspot-amd64/jre/lib/charsets.jar:/usr/lib/jvm/adoptopenjdk-8-hotspot-amd64/jre/lib/jfr.jar:/usr/lib/jvm/adoptopenjdk-8-hotspot-amd64/jre/classes"/>
    <property name="sun.management.compiler" value="HotSpot 64-Bit Tiered Compilers"/>
    <property name="skip.npx" value="true"/>
    <property name="java.runtime.version" value="1.8.0_292-b10"/>
    <property name="java.net.preferIPv4Stack" value="true"/>
    <property name="user.name" value="runner"/>
    <property name="path.separator" value=":"/>
    <property name="java.security.egd" value="file:///dev/urandom"/>
    <property name="os.version" value="5.4.0-1051-azure"/>
    <property name="java.endorsed.dirs" value="/usr/lib/jvm/adoptopenjdk-8-hotspot-amd64/jre/lib/endorsed"/>
    <property name="java.runtime.name" value="OpenJDK Runtime Environment"/>
    <property name="file.encoding" value="UTF-8"/>
    <property name="java.vm.name" value="OpenJDK 64-Bit Server VM"/>
    <property name="test.build.webapps" value=""/>
    <property name="localRepository" value="/home/runner/.m2/repository"/>
    <property name="java.vendor.url.bug" value="https://github.com/AdoptOpenJDK/openjdk-support/issues"/>
    <property name="java.io.tmpdir" value="/tmp"/>
    <property name="require.test.libhadoop" value=""/>
    <property name="java.version" value="1.8.0_292"/>
    <property name="user.dir" value="/home/runner/work/ozone/ozone/mnt/ozone/hadoop-ozone/integration-test"/>
    <property name="os.arch" value="amd64"/>
    <property name="java.vm.specification.name" value="Java Virtual Machine Specification"/>
    <property name="test.build.classes" value="/home/runner/work/ozone/ozone/mnt/ozone/hadoop-ozone/integration-test/target/test-classes"/>
    <property name="java.awt.printerjob" value="sun.print.PSPrinterJob"/>
    <property name="sun.os.patch.level" value="unknown"/>
    <property name="hadoop.tmp.dir" value="/home/runner/work/ozone/ozone/mnt/ozone/hadoop-ozone/integration-test/target/tmp"/>
    <property name="java.library.path" value="/usr/java/packages/lib/amd64:/usr/lib64:/lib64:/lib:/usr/lib"/>
    <property name="java.vm.info" value="mixed mode"/>
    <property name="java.vendor" value="AdoptOpenJDK"/>
    <property name="java.vm.version" value="25.292-b10"/>
    <property name="java.ext.dirs" value="/usr/lib/jvm/adoptopenjdk-8-hotspot-amd64/jre/lib/ext:/usr/java/packages/lib/ext"/>
    <property name="sun.io.unicode.encoding" value="UnicodeLittle"/>
    <property name="java.class.version" value="52.0"/>
  </properties>
  <testcase name="testContainerStatisticsAfterDelete" classname="org.apache.hadoop.ozone.container.common.statemachine.commandhandler.TestBlockDeletion" time="53.977">
    <failure message="expected:&lt;DELETED&gt; but was:&lt;DELETING&gt;" type="java.lang.AssertionError"><![CDATA[java.lang.AssertionError: expected:<DELETED> but was:<DELETING>
	at org.junit.Assert.fail(Assert.java:89)
	at org.junit.Assert.failNotEquals(Assert.java:835)
	at org.junit.Assert.assertEquals(Assert.java:120)
	at org.junit.Assert.assertEquals(Assert.java:146)
	at org.apache.hadoop.ozone.container.common.statemachine.commandhandler.TestBlockDeletion.lambda$testContainerStatisticsAfterDelete$13(TestBlockDeletion.java:356)
	at java.util.ArrayList$ArrayListSpliterator.forEachRemaining(ArrayList.java:1384)
	at java.util.stream.ReferencePipeline$Head.forEach(ReferencePipeline.java:647)
	at org.apache.hadoop.ozone.container.common.statemachine.commandhandler.TestBlockDeletion.testContainerStatisticsAfterDelete(TestBlockDeletion.java:355)
	at sun.reflect.NativeMethodAccessorImpl.invoke0(Native Method)
	at sun.reflect.NativeMethodAccessorImpl.invoke(NativeMethodAccessorImpl.java:62)
	at sun.reflect.DelegatingMethodAccessorImpl.invoke(DelegatingMethodAccessorImpl.java:43)
	at java.lang.reflect.Method.invoke(Method.java:498)
	at org.junit.runners.model.FrameworkMethod$1.runReflectiveCall(FrameworkMethod.java:59)
	at org.junit.internal.runners.model.ReflectiveCallable.run(ReflectiveCallable.java:12)
	at org.junit.runners.model.FrameworkMethod.invokeExplosively(FrameworkMethod.java:56)
	at org.junit.internal.runners.statements.InvokeMethod.evaluate(InvokeMethod.java:17)
	at org.junit.internal.runners.statements.RunBefores.evaluate(RunBefores.java:26)
	at org.junit.internal.runners.statements.RunAfters.evaluate(RunAfters.java:27)
	at org.junit.runners.ParentRunner$3.evaluate(ParentRunner.java:306)
	at org.junit.runners.BlockJUnit4ClassRunner$1.evaluate(BlockJUnit4ClassRunner.java:100)
	at org.junit.runners.ParentRunner.runLeaf(ParentRunner.java:366)
	at org.junit.runners.BlockJUnit4ClassRunner.runChild(BlockJUnit4ClassRunner.java:103)
	at org.junit.runners.BlockJUnit4ClassRunner.runChild(BlockJUnit4ClassRunner.java:63)
	at org.junit.runners.ParentRunner$4.run(ParentRunner.java:331)
	at org.junit.runners.ParentRunner$1.schedule(ParentRunner.java:79)
	at org.junit.runners.ParentRunner.runChildren(ParentRunner.java:329)
	at org.junit.runners.ParentRunner.access$100(ParentRunner.java:66)
	at org.junit.runners.ParentRunner$2.evaluate(ParentRunner.java:293)
	at org.junit.runners.ParentRunner$3.evaluate(ParentRunner.java:306)
	at org.junit.runners.ParentRunner.run(ParentRunner.java:413)
	at org.junit.runner.JUnitCore.run(JUnitCore.java:137)
	at org.junit.runner.JUnitCore.run(JUnitCore.java:115)
	at org.junit.vintage.engine.execution.RunnerExecutor.execute(RunnerExecutor.java:43)
	at java.util.stream.ForEachOps$ForEachOp$OfRef.accept(ForEachOps.java:183)
	at java.util.stream.ReferencePipeline$3$1.accept(ReferencePipeline.java:193)
	at java.util.Iterator.forEachRemaining(Iterator.java:116)
	at java.util.Spliterators$IteratorSpliterator.forEachRemaining(Spliterators.java:1801)
	at java.util.stream.AbstractPipeline.copyInto(AbstractPipeline.java:482)
	at java.util.stream.AbstractPipeline.wrapAndCopyInto(AbstractPipeline.java:472)
	at java.util.stream.ForEachOps$ForEachOp.evaluateSequential(ForEachOps.java:150)
	at java.util.stream.ForEachOps$ForEachOp$OfRef.evaluateSequential(ForEachOps.java:173)
	at java.util.stream.AbstractPipeline.evaluate(AbstractPipeline.java:234)
	at java.util.stream.ReferencePipeline.forEach(ReferencePipeline.java:485)
	at org.junit.vintage.engine.VintageTestEngine.executeAllChildren(VintageTestEngine.java:82)
	at org.junit.vintage.engine.VintageTestEngine.execute(VintageTestEngine.java:73)
	at org.junit.platform.launcher.core.EngineExecutionOrchestrator.execute(EngineExecutionOrchestrator.java:108)
	at org.junit.platform.launcher.core.EngineExecutionOrchestrator.execute(EngineExecutionOrchestrator.java:88)
	at org.junit.platform.launcher.core.EngineExecutionOrchestrator.lambda$execute$0(EngineExecutionOrchestrator.java:54)
	at org.junit.platform.launcher.core.EngineExecutionOrchestrator.withInterceptedStreams(EngineExecutionOrchestrator.java:67)
	at org.junit.platform.launcher.core.EngineExecutionOrchestrator.execute(EngineExecutionOrchestrator.java:52)
	at org.junit.platform.launcher.core.DefaultLauncher.execute(DefaultLauncher.java:96)
	at org.junit.platform.launcher.core.DefaultLauncher.execute(DefaultLauncher.java:75)
	at org.apache.maven.surefire.junitplatform.JUnitPlatformProvider.invokeAllTests(JUnitPlatformProvider.java:142)
	at org.apache.maven.surefire.junitplatform.JUnitPlatformProvider.invoke(JUnitPlatformProvider.java:113)
	at org.apache.maven.surefire.booter.ForkedBooter.invokeProviderInSameClassLoader(ForkedBooter.java:384)
	at org.apache.maven.surefire.booter.ForkedBooter.runSuitesInProcess(ForkedBooter.java:345)
	at org.apache.maven.surefire.booter.ForkedBooter.execute(ForkedBooter.java:126)
	at org.apache.maven.surefire.booter.ForkedBooter.main(ForkedBooter.java:418)
]]></failure>
    <system-out><![CDATA[2021-07-23 00:57:08,637 [main] WARN  server.ServerUtils (ServerUtils.java:getScmDbDir(148)) - ozone.scm.db.dirs is not configured. We recommend adding this setting. Falling back to ozone.metadata.dirs instead.
2021-07-23 00:57:08,703 [main] INFO  ha.SCMHANodeDetails (SCMHANodeDetails.java:loadSCMHAConfig(157)) - ServiceID for StorageContainerManager is null
2021-07-23 00:57:08,703 [main] INFO  ha.SCMHANodeDetails (SCMHANodeDetails.java:loadSCMHAConfig(162)) - ozone.scm.default.service.id is not defined, falling back to ozone.scm.service.ids to find serviceID for StorageContainerManager if it is HA enabled cluster
2021-07-23 00:57:08,803 [main] WARN  server.ServerUtils (ServerUtils.java:getScmDbDir(148)) - ozone.scm.db.dirs is not configured. We recommend adding this setting. Falling back to ozone.metadata.dirs instead.
2021-07-23 00:57:08,806 [main] INFO  upgrade.AbstractLayoutVersionManager (AbstractLayoutVersionManager.java:init(70)) - Initializing Layout version manager with metadata layout = SCM_HA (version = 2), software layout = SCM_HA (version = 2)
2021-07-23 00:57:08,989 [main] INFO  reflections.Reflections (Reflections.java:scan(232)) - Reflections took 108 ms to scan 7 urls, producing 119 keys and 271 values 
2021-07-23 00:57:09,466 [main] WARN  utils.HAUtils (HAUtils.java:getMetaDir(342)) - ozone.scm.db.dirs is not configured. We recommend adding this setting. Falling back to ozone.metadata.dirs instead.
2021-07-23 00:57:09,581 [main] WARN  db.DBStoreBuilder (DBStoreBuilder.java:applyDBDefinition(145)) - ozone.scm.db.dirs is not configured. We recommend adding this setting. Falling back to ozone.metadata.dirs instead.
2021-07-23 00:57:09,724 [main] INFO  net.NodeSchemaLoader (NodeSchemaLoader.java:loadSchemaFromFile(129)) - Loading schema from [jar:file:/home/runner/.m2/repository/org/apache/ozone/hdds-common/1.2.0-SNAPSHOT/hdds-common-1.2.0-SNAPSHOT.jar!/network-topology-default.xml]
2021-07-23 00:57:09,726 [main] INFO  net.NodeSchemaLoader (NodeSchemaLoader.java:loadSchema(176)) - Loading network topology layer schema file
2021-07-23 00:57:09,777 [main] INFO  ha.SequenceIdGenerator (SequenceIdGenerator.java:upgradeToSequenceId(327)) - upgrade localId to 107544261427200000
2021-07-23 00:57:09,778 [main] INFO  ha.SequenceIdGenerator (SequenceIdGenerator.java:upgradeToSequenceId(337)) - upgrade delTxnId to 0
2021-07-23 00:57:09,785 [main] INFO  ha.SequenceIdGenerator (SequenceIdGenerator.java:upgradeToSequenceId(351)) - upgrade containerId to 0
2021-07-23 00:57:09,788 [main] INFO  ha.SequenceIdGenerator (SequenceIdGenerator.java:<init>(217)) - Init the HA SequenceIdGenerator.
2021-07-23 00:57:09,827 [main] INFO  node.SCMNodeManager (SCMNodeManager.java:<init>(141)) - Entering startup safe mode.
2021-07-23 00:57:09,891 [main] INFO  algorithms.ContainerPlacementPolicyFactory (ContainerPlacementPolicyFactory.java:getPolicy(60)) - Create container placement policy of type org.apache.hadoop.hdds.scm.container.placement.algorithms.SCMContainerPlacementRandom
2021-07-23 00:57:09,899 [main] INFO  pipeline.PipelineStateManager (PipelineStateManagerV2Impl.java:initialize(78)) - No pipeline exists in current db
2021-07-23 00:57:09,931 [main] INFO  algorithms.LeaderChoosePolicyFactory (LeaderChoosePolicyFactory.java:getPolicy(57)) - Create leader choose policy of type org.apache.hadoop.hdds.scm.pipeline.leader.choose.algorithms.MinLeaderCountChoosePolicy
2021-07-23 00:57:09,939 [main] INFO  ha.SCMServiceManager (SCMServiceManager.java:register(43)) - Registering service BackgroundPipelineCreator.
2021-07-23 00:57:09,939 [main] INFO  pipeline.BackgroundPipelineCreator (BackgroundPipelineCreatorV2.java:start(130)) - Starting RatisPipelineUtilsThread.
2021-07-23 00:57:09,969 [main] INFO  algorithms.PipelineChoosePolicyFactory (PipelineChoosePolicyFactory.java:createPipelineChoosePolicyFromClass(73)) - Create pipeline choose policy of type org.apache.hadoop.hdds.scm.pipeline.choose.algorithms.RandomPipelineChoosePolicy
2021-07-23 00:57:09,983 [main] INFO  ha.SCMServiceManager (SCMServiceManager.java:register(43)) - Registering service SCMBlockDeletingService.
2021-07-23 00:57:09,986 [main] INFO  ha.SCMServiceManager (SCMServiceManager.java:register(43)) - Registering service ReplicationManager.
2021-07-23 00:57:09,991 [main] INFO  container.ReplicationManager (ReplicationManager.java:start(286)) - Starting Replication Monitor Thread.
2021-07-23 00:57:10,002 [ReplicationMonitor] INFO  container.ReplicationManager (ReplicationManager.java:processAll(341)) - Replication Monitor Thread took 1 milliseconds for processing 0 containers.
2021-07-23 00:57:10,006 [main] INFO  safemode.ContainerSafeModeRule (ContainerSafeModeRule.java:<init>(89)) - containers with one replica threshold count 0
2021-07-23 00:57:10,009 [main] INFO  safemode.HealthyPipelineSafeModeRule (HealthyPipelineSafeModeRule.java:initializeRule(156)) - Total pipeline count is 0, healthy pipeline threshold count is 1
2021-07-23 00:57:10,012 [main] INFO  safemode.OneReplicaPipelineSafeModeRule (OneReplicaPipelineSafeModeRule.java:initializeRule(180)) - Total pipeline count is 0, pipeline's with at least one datanode reported threshold count is 0
2021-07-23 00:57:10,361 [main] INFO  ipc.CallQueueManager (CallQueueManager.java:<init>(90)) - Using callQueue: class java.util.concurrent.LinkedBlockingQueue, queueCapacity: 2000, scheduler: class org.apache.hadoop.ipc.DefaultRpcScheduler, ipcBackoff: false.
2021-07-23 00:57:10,394 [Socket Reader #1 for port 0] INFO  ipc.Server (Server.java:run(1265)) - Starting Socket Reader #1 for port 0
2021-07-23 00:57:10,439 [Listener at 0.0.0.0/37119] INFO  ipc.CallQueueManager (CallQueueManager.java:<init>(90)) - Using callQueue: class java.util.concurrent.LinkedBlockingQueue, queueCapacity: 2000, scheduler: class org.apache.hadoop.ipc.DefaultRpcScheduler, ipcBackoff: false.
2021-07-23 00:57:10,440 [Socket Reader #1 for port 0] INFO  ipc.Server (Server.java:run(1265)) - Starting Socket Reader #1 for port 0
2021-07-23 00:57:10,456 [Listener at 0.0.0.0/39419] INFO  ipc.CallQueueManager (CallQueueManager.java:<init>(90)) - Using callQueue: class java.util.concurrent.LinkedBlockingQueue, queueCapacity: 2000, scheduler: class org.apache.hadoop.ipc.DefaultRpcScheduler, ipcBackoff: false.
2021-07-23 00:57:10,456 [Socket Reader #1 for port 0] INFO  ipc.Server (Server.java:run(1265)) - Starting Socket Reader #1 for port 0
2021-07-23 00:57:10,500 [Listener at 0.0.0.0/43105] INFO  server.StorageContainerManager (StorageContainerManager.java:<init>(380)) - 
Container Balancer status:
Key                            Value
Running                        true
Container Balancer Configuration values:
Key                            Value
Threshold                      0.1
Max Datanodes to Balance       5
Max Size to Move               10737418240B

2021-07-23 00:57:10,500 [Listener at 0.0.0.0/43105] WARN  events.EventQueue (EventQueue.java:fireEvent(194)) - No event handler registered for event TypedEvent{payloadType=SafeModeStatus, name='Safe mode status'}
2021-07-23 00:57:10,500 [Listener at 0.0.0.0/43105] INFO  ha.SCMContext (SCMContext.java:updateSafeModeStatus(205)) - Update SafeModeStatus from SafeModeStatus{safeModeStatus=true, preCheckPassed=false} to SafeModeStatus{safeModeStatus=true, preCheckPassed=false}.
2021-07-23 00:57:10,507 [Listener at 0.0.0.0/43105] INFO  server.StorageContainerManager (StorageContainerManager.java:start(1245)) - StorageContainerLocationProtocol RPC server is listening at /0.0.0.0:43105
2021-07-23 00:57:10,568 [Listener at 0.0.0.0/43105] WARN  impl.MetricsConfig (MetricsConfig.java:loadFirst(136)) - Cannot locate configuration: tried hadoop-metrics2-storagecontainermanager.properties,hadoop-metrics2.properties
2021-07-23 00:57:10,581 [Listener at 0.0.0.0/43105] INFO  impl.MetricsSystemImpl (MetricsSystemImpl.java:startTimer(378)) - Scheduled Metric snapshot period at 10 second(s).
2021-07-23 00:57:10,581 [Listener at 0.0.0.0/43105] INFO  impl.MetricsSystemImpl (MetricsSystemImpl.java:start(191)) - StorageContainerManager metrics system started
2021-07-23 00:57:10,918 [Listener at 0.0.0.0/43105] INFO  server.SCMClientProtocolServer (SCMClientProtocolServer.java:start(165)) - RPC server for Client  is listening at /0.0.0.0:43105
2021-07-23 00:57:10,919 [IPC Server Responder] INFO  ipc.Server (Server.java:run(1507)) - IPC Server Responder: starting
2021-07-23 00:57:10,920 [IPC Server listener on 0] INFO  ipc.Server (Server.java:run(1344)) - IPC Server listener on 0: starting
2021-07-23 00:57:10,927 [Listener at 0.0.0.0/43105] INFO  server.StorageContainerManager (StorageContainerManager.java:start(1260)) - ScmBlockLocationProtocol RPC server is listening at /0.0.0.0:39419
2021-07-23 00:57:10,928 [Listener at 0.0.0.0/43105] INFO  server.SCMBlockProtocolServer (SCMBlockProtocolServer.java:start(151)) - RPC server for Block Protocol is listening at /0.0.0.0:39419
2021-07-23 00:57:10,929 [IPC Server Responder] INFO  ipc.Server (Server.java:run(1507)) - IPC Server Responder: starting
2021-07-23 00:57:10,929 [IPC Server listener on 0] INFO  ipc.Server (Server.java:run(1344)) - IPC Server listener on 0: starting
2021-07-23 00:57:10,932 [Listener at 0.0.0.0/43105] INFO  server.StorageContainerManager (StorageContainerManager.java:start(1266)) - ScmDatanodeProtocl RPC server is listening at /0.0.0.0:37119
2021-07-23 00:57:10,932 [Listener at 0.0.0.0/43105] INFO  server.SCMDatanodeProtocolServer (SCMDatanodeProtocolServer.java:start(181)) - RPC server for DataNodes is listening at /0.0.0.0:37119
2021-07-23 00:57:10,934 [IPC Server Responder] INFO  ipc.Server (Server.java:run(1507)) - IPC Server Responder: starting
2021-07-23 00:57:10,935 [IPC Server listener on 0] INFO  ipc.Server (Server.java:run(1344)) - IPC Server listener on 0: starting
2021-07-23 00:57:10,958 [org.apache.hadoop.util.JvmPauseMonitor$Monitor@903c13] INFO  util.JvmPauseMonitor (JvmPauseMonitor.java:run(188)) - Starting JVM pause monitor
2021-07-23 00:57:10,967 [Listener at 0.0.0.0/43105] INFO  http.BaseHttpServer (BaseHttpServer.java:newHttpServer2BuilderForOzone(209)) - Starting Web-server for scm at: http://0.0.0.0:0
2021-07-23 00:57:10,967 [Listener at 0.0.0.0/43105] INFO  http.BaseHttpServer (BaseHttpServer.java:<init>(107)) - Hadoop Security Enabled: false Ozone Security Enabled: false Ozone HTTP Security Enabled: false 
2021-07-23 00:57:10,991 [Listener at 0.0.0.0/43105] INFO  util.log (Log.java:initialized(169)) - Logging initialized @3676ms to org.eclipse.jetty.util.log.Slf4jLog
2021-07-23 00:57:11,093 [Listener at 0.0.0.0/43105] INFO  server.AuthenticationFilter (AuthenticationFilter.java:constructSecretProvider(240)) - Unable to initialize FileSignerSecretProvider, falling back to use random secrets.
2021-07-23 00:57:11,098 [Listener at 0.0.0.0/43105] WARN  http.HttpRequestLog (HttpRequestLog.java:getRequestLog(103)) - Jetty request log can only be enabled using Log4j
2021-07-23 00:57:11,103 [Listener at 0.0.0.0/43105] INFO  http.HttpServer2 (HttpServer2.java:addGlobalFilter(1020)) - Added global filter 'safety' (class=org.apache.hadoop.hdds.server.http.HttpServer2$QuotingInputFilter)
2021-07-23 00:57:11,106 [Listener at 0.0.0.0/43105] INFO  http.HttpServer2 (HttpServer2.java:addFilter(996)) - Added filter static_user_filter (class=org.apache.hadoop.http.lib.StaticUserWebFilter$StaticUserFilter) to context scm
2021-07-23 00:57:11,106 [Listener at 0.0.0.0/43105] INFO  http.HttpServer2 (HttpServer2.java:addFilter(1004)) - Added filter static_user_filter (class=org.apache.hadoop.http.lib.StaticUserWebFilter$StaticUserFilter) to context logs
2021-07-23 00:57:11,106 [Listener at 0.0.0.0/43105] INFO  http.HttpServer2 (HttpServer2.java:addFilter(1004)) - Added filter static_user_filter (class=org.apache.hadoop.http.lib.StaticUserWebFilter$StaticUserFilter) to context static
2021-07-23 00:57:11,143 [Listener at 0.0.0.0/43105] INFO  http.HttpServer2 (HttpServer2.java:bindListener(1239)) - Jetty bound to port 38229
2021-07-23 00:57:11,145 [Listener at 0.0.0.0/43105] INFO  server.Server (Server.java:doStart(375)) - jetty-9.4.35.v20201120; built: 2020-11-20T21:17:03.964Z; git: bdc54f03a5e0a7e280fab27f55c3c75ee8da89fb; jvm 1.8.0_292-b10
2021-07-23 00:57:11,176 [Listener at 0.0.0.0/43105] INFO  server.session (DefaultSessionIdManager.java:doStart(334)) - DefaultSessionIdManager workerName=node0
2021-07-23 00:57:11,176 [Listener at 0.0.0.0/43105] INFO  server.session (DefaultSessionIdManager.java:doStart(339)) - No SessionScavenger set, using defaults
2021-07-23 00:57:11,178 [Listener at 0.0.0.0/43105] INFO  server.session (HouseKeeper.java:startScavenging(132)) - node0 Scavenging every 600000ms
2021-07-23 00:57:11,193 [Listener at 0.0.0.0/43105] INFO  handler.ContextHandler (ContextHandler.java:doStart(916)) - Started o.e.j.s.ServletContextHandler@4cefa0be{logs,/logs,file:///home/runner/work/ozone/ozone/mnt/ozone/hadoop-ozone/integration-test/target/log,AVAILABLE}
2021-07-23 00:57:11,194 [Listener at 0.0.0.0/43105] INFO  handler.ContextHandler (ContextHandler.java:doStart(916)) - Started o.e.j.s.ServletContextHandler@464d60fb{static,/static,file:///home/runner/work/ozone/ozone/mnt/ozone/hadoop-ozone/integration-test/target/test-classes/webapps/static,AVAILABLE}
2021-07-23 00:57:11,239 [Listener at 0.0.0.0/43105] INFO  handler.ContextHandler (ContextHandler.java:doStart(916)) - Started o.e.j.w.WebAppContext@271a140c{scm,/,file:///home/runner/work/ozone/ozone/mnt/ozone/hadoop-ozone/integration-test/target/test-classes/webapps/scm/,AVAILABLE}{file:/home/runner/work/ozone/ozone/mnt/ozone/hadoop-ozone/integration-test/target/test-classes/webapps/scm}
2021-07-23 00:57:11,248 [Listener at 0.0.0.0/43105] INFO  server.AbstractConnector (AbstractConnector.java:doStart(331)) - Started ServerConnector@39420d59{HTTP/1.1, (http/1.1)}{0.0.0.0:38229}
2021-07-23 00:57:11,248 [Listener at 0.0.0.0/43105] INFO  server.Server (Server.java:doStart(415)) - Started @3934ms
2021-07-23 00:57:11,251 [Listener at 0.0.0.0/43105] INFO  impl.MetricsSinkAdapter (MetricsSinkAdapter.java:start(204)) - Sink prometheus started
2021-07-23 00:57:11,251 [Listener at 0.0.0.0/43105] INFO  impl.MetricsSystemImpl (MetricsSystemImpl.java:registerSink(305)) - Registered sink prometheus
2021-07-23 00:57:11,252 [Listener at 0.0.0.0/43105] INFO  http.BaseHttpServer (BaseHttpServer.java:updateConnectorAddress(329)) - HTTP server of scm listening at http://0.0.0.0:38229
2021-07-23 00:57:11,253 [Listener at 0.0.0.0/43105] WARN  server.ServerUtils (ServerUtils.java:getDBPath(225)) - ozone.om.db.dirs is not configured. We recommend adding this setting. Falling back to ozone.metadata.dirs instead.
2021-07-23 00:57:11,338 [Listener at 0.0.0.0/43105] INFO  ha.OMHANodeDetails (OMHANodeDetails.java:loadOMHAConfig(105)) - ozone.om.internal.service.id is not defined, falling back to ozone.om.service.ids to find serviceID for OzoneManager if it is HA enabled cluster
2021-07-23 00:57:11,341 [Listener at 0.0.0.0/43105] INFO  ha.OMHANodeDetails (OMHANodeDetails.java:loadOMHAConfig(212)) - Configuration does not have ozone.om.address set. Falling back to the default OM address /127.0.0.1:0
2021-07-23 00:57:11,341 [Listener at 0.0.0.0/43105] INFO  ha.OMHANodeDetails (OMHANodeDetails.java:getOMNodeDetails(240)) - OM Service ID is not set. Setting it to the default ID: omServiceIdDefault
2021-07-23 00:57:11,342 [Listener at 0.0.0.0/43105] INFO  ha.OMHANodeDetails (OMHANodeDetails.java:getOMNodeDetails(247)) - OM Node ID is not set. Setting it to the default ID: om1
2021-07-23 00:57:11,345 [Listener at 0.0.0.0/43105] WARN  server.ServerUtils (ServerUtils.java:getDBPath(225)) - ozone.om.db.dirs is not configured. We recommend adding this setting. Falling back to ozone.metadata.dirs instead.
2021-07-23 00:57:11,346 [Listener at 0.0.0.0/43105] INFO  upgrade.AbstractLayoutVersionManager (AbstractLayoutVersionManager.java:init(70)) - Initializing Layout version manager with metadata layout = INITIAL_VERSION (version = 0), software layout = INITIAL_VERSION (version = 0)
2021-07-23 00:57:11,403 [Listener at 0.0.0.0/43105] INFO  reflections.Reflections (Reflections.java:scan(232)) - Reflections took 51 ms to scan 2 urls, producing 130 keys and 340 values [using 2 cores]
2021-07-23 00:57:11,408 [Listener at 0.0.0.0/43105] INFO  upgrade.OMLayoutVersionManager (OMLayoutVersionManager.java:lambda$0(116)) - Skipping Upgrade Action MockOmUpgradeAction since it has been finalized.
2021-07-23 00:57:11,409 [Listener at 0.0.0.0/43105] WARN  server.ServerUtils (ServerUtils.java:getDBPath(225)) - ozone.om.db.dirs is not configured. We recommend adding this setting. Falling back to ozone.metadata.dirs instead.
2021-07-23 00:57:11,796 [Listener at 0.0.0.0/43105] WARN  server.ServerUtils (ServerUtils.java:getDBPath(225)) - ozone.om.db.dirs is not configured. We recommend adding this setting. Falling back to ozone.metadata.dirs instead.
2021-07-23 00:57:11,804 [Listener at 0.0.0.0/43105] INFO  codec.OmKeyInfoCodec (OmKeyInfoCodec.java:<init>(51)) - OmKeyInfoCodec ignorePipeline = true
2021-07-23 00:57:11,806 [Listener at 0.0.0.0/43105] INFO  codec.RepeatedOmKeyInfoCodec (RepeatedOmKeyInfoCodec.java:<init>(42)) - RepeatedOmKeyInfoCodec ignorePipeline = true
2021-07-23 00:57:12,018 [Listener at 0.0.0.0/43105] INFO  om.OzoneManager (OzoneManager.java:addS3GVolumeToDB(3901)) - Created Volume s3v With Owner runner required for S3Gateway operations.
2021-07-23 00:57:12,024 [Listener at 0.0.0.0/43105] WARN  server.ServerUtils (ServerUtils.java:getDefaultRatisDirectory(237)) - Storage directory for Ratis is not configured. It is a good idea to map this to an SSD disk. Falling back to ozone.metadata.dirs
2021-07-23 00:57:12,025 [Listener at 0.0.0.0/43105] WARN  ratis.OzoneManagerRatisServer (OzoneManagerRatisServer.java:getOMRatisSnapshotDirectory(654)) - ozone.om.ratis.snapshot.dir is not configured. Falling back to ozone.metadata.dirs config
2021-07-23 00:57:12,032 [Listener at 0.0.0.0/43105] INFO  metrics.MetricRegistries (MetricRegistriesLoader.java:load(64)) - Loaded MetricRegistries class org.apache.ratis.metrics.impl.MetricRegistriesImpl
2021-07-23 00:57:12,061 [Listener at 0.0.0.0/43105] WARN  server.ServerUtils (ServerUtils.java:getDefaultRatisDirectory(237)) - Storage directory for Ratis is not configured. It is a good idea to map this to an SSD disk. Falling back to ozone.metadata.dirs
2021-07-23 00:57:12,089 [Listener at 0.0.0.0/43105] INFO  ratis.OzoneManagerRatisServer (OzoneManagerRatisServer.java:<init>(308)) - Instantiating OM Ratis server with GroupID: omServiceIdDefault and Raft Peers: localhost:9872
2021-07-23 00:57:12,097 [Listener at 0.0.0.0/43105] INFO  ratis.OzoneManagerStateMachine (OzoneManagerStateMachine.java:loadSnapshotInfoFromDB(575)) - LastAppliedIndex is set from TransactionInfo from OM DB as (t:0, i:~)
2021-07-23 00:57:12,135 [Listener at 0.0.0.0/43105] INFO  server.RaftServer (ConfUtils.java:logGet(44)) - raft.rpc.type = GRPC (default)
2021-07-23 00:57:12,189 [Listener at 0.0.0.0/43105] INFO  grpc.GrpcFactory (GrpcFactory.java:checkPooledByteBufAllocatorUseCacheForAllThreads(48)) - PERFORMANCE WARNING: useCacheForAllThreads is true that may cause Netty to create a lot garbage objects and, as a result, trigger GC.
	It is recommended to disable useCacheForAllThreads by setting -Dorg.apache.ratis.thirdparty.io.netty.allocator.useCacheForAllThreads=false in command line.
2021-07-23 00:57:12,193 [Listener at 0.0.0.0/43105] INFO  grpc.GrpcConfigKeys (ConfUtils.java:logGet(44)) - raft.grpc.admin.port = -1 (default)
2021-07-23 00:57:12,194 [Listener at 0.0.0.0/43105] INFO  grpc.GrpcConfigKeys (ConfUtils.java:logGet(44)) - raft.grpc.server.port = 9872 (custom)
2021-07-23 00:57:12,194 [Listener at 0.0.0.0/43105] INFO  grpc.GrpcConfigKeys (ConfUtils.java:logGet(44)) - raft.grpc.client.port = -1 (default)
2021-07-23 00:57:12,194 [Listener at 0.0.0.0/43105] INFO  grpc.GrpcConfigKeys (ConfUtils.java:logGet(44)) - raft.grpc.server.port = 9872 (custom)
2021-07-23 00:57:12,195 [Listener at 0.0.0.0/43105] INFO  grpc.GrpcConfigKeys (ConfUtils.java:logGet(44)) - raft.grpc.server.port = 9872 (custom)
2021-07-23 00:57:12,195 [Listener at 0.0.0.0/43105] INFO  server.GrpcService (ConfUtils.java:logGet(44)) - raft.grpc.message.size.max = 33554432 (custom)
2021-07-23 00:57:12,196 [Listener at 0.0.0.0/43105] INFO  server.RaftServerConfigKeys (ConfUtils.java:logGet(44)) - raft.server.log.appender.buffer.byte-limit = 33554432 (custom)
2021-07-23 00:57:12,197 [Listener at 0.0.0.0/43105] INFO  server.GrpcService (ConfUtils.java:logGet(44)) - raft.grpc.flow.control.window = 1MB (=1048576) (default)
2021-07-23 00:57:12,198 [Listener at 0.0.0.0/43105] INFO  server.RaftServerConfigKeys (ConfUtils.java:logGet(44)) - raft.server.rpc.request.timeout = 3000ms (default)
2021-07-23 00:57:12,367 [Listener at 0.0.0.0/43105] INFO  impl.DataStreamServerImpl (ConfUtils.java:logGet(44)) - raft.datastream.type = DISABLED (default)
2021-07-23 00:57:12,370 [Listener at 0.0.0.0/43105] INFO  server.RaftServerConfigKeys (ConfUtils.java:logGet(44)) - raft.server.rpc.slowness.timeout = 120s (custom)
2021-07-23 00:57:12,371 [Listener at 0.0.0.0/43105] INFO  server.RaftServerConfigKeys (ConfUtils.java:logGet(44)) - raft.server.leaderelection.leader.step-down.wait-time = 10s (default)
2021-07-23 00:57:12,382 [Listener at 0.0.0.0/43105] INFO  server.RaftServerConfigKeys (ConfUtils.java:logGet(44)) - raft.server.storage.dir = [/home/runner/work/ozone/ozone/mnt/ozone/hadoop-ozone/integration-test/target/test-dir/MiniOzoneClusterImpl-8cc5c0ec-9048-4102-91ef-822c63deda73/ozone-meta/ratis] (custom)
2021-07-23 00:57:12,387 [Listener at 0.0.0.0/43105] INFO  server.RaftServer (RaftServerProxy.java:addNew(95)) - om1: addNew group-C5BA1605619E:[om1|rpc:localhost:9872|priority:0] returns group-C5BA1605619E:java.util.concurrent.CompletableFuture@799bb4ed[Not completed]
2021-07-23 00:57:12,388 [Listener at 0.0.0.0/43105] INFO  om.OzoneManager (OzoneManager.java:initializeRatisServer(1366)) - OzoneManager Ratis server initialized at port 9872
2021-07-23 00:57:12,401 [Listener at 0.0.0.0/43105] INFO  ipc.CallQueueManager (CallQueueManager.java:<init>(90)) - Using callQueue: class java.util.concurrent.LinkedBlockingQueue, queueCapacity: 2000, scheduler: class org.apache.hadoop.ipc.DefaultRpcScheduler, ipcBackoff: false.
2021-07-23 00:57:12,411 [pool-38-thread-1] INFO  server.RaftServer$Division (RaftServerImpl.java:<init>(181)) - om1: new RaftServerImpl for group-C5BA1605619E:[om1|rpc:localhost:9872|priority:0] with OzoneManagerStateMachine:uninitialized
2021-07-23 00:57:12,412 [Socket Reader #1 for port 0] INFO  ipc.Server (Server.java:run(1265)) - Starting Socket Reader #1 for port 0
2021-07-23 00:57:12,421 [pool-38-thread-1] INFO  server.RaftServerConfigKeys (ConfUtils.java:logGet(44)) - raft.server.rpc.timeout.min = 1s (custom)
2021-07-23 00:57:12,421 [pool-38-thread-1] INFO  server.RaftServerConfigKeys (ConfUtils.java:logGet(44)) - raft.server.rpc.timeout.max = 1200ms (custom)
2021-07-23 00:57:12,421 [pool-38-thread-1] INFO  server.RaftServerConfigKeys (ConfUtils.java:logGet(44)) - raft.server.rpc.sleep.time = 25ms (default)
2021-07-23 00:57:12,421 [pool-38-thread-1] INFO  server.RaftServerConfigKeys (ConfUtils.java:logGet(44)) - raft.server.rpc.slowness.timeout = 120s (custom)
2021-07-23 00:57:12,421 [pool-38-thread-1] INFO  server.RaftServerConfigKeys (ConfUtils.java:logGet(44)) - raft.server.leaderelection.leader.step-down.wait-time = 10s (default)
2021-07-23 00:57:12,422 [pool-38-thread-1] INFO  server.RaftServerConfigKeys (ConfUtils.java:logGet(44)) - raft.server.sleep.deviation.threshold = 300ms (default)
2021-07-23 00:57:12,422 [pool-38-thread-1] INFO  server.RaftServerConfigKeys (ConfUtils.java:logGet(44)) - raft.server.log.appender.install.snapshot.enabled = false (custom)
2021-07-23 00:57:12,427 [pool-38-thread-1] INFO  server.RaftServer$Division (ServerState.java:<init>(105)) - om1@group-C5BA1605619E: ConfigurationManager, init=-1: [om1|rpc:localhost:9872|priority:0], old=null, confs=<EMPTY_MAP>
2021-07-23 00:57:12,434 [pool-38-thread-1] INFO  server.RaftServerConfigKeys (ConfUtils.java:logGet(44)) - raft.server.storage.dir = [/home/runner/work/ozone/ozone/mnt/ozone/hadoop-ozone/integration-test/target/test-dir/MiniOzoneClusterImpl-8cc5c0ec-9048-4102-91ef-822c63deda73/ozone-meta/ratis] (custom)
2021-07-23 00:57:12,438 [pool-38-thread-1] INFO  server.RaftServerConfigKeys (ConfUtils.java:logGet(44)) - raft.server.log.corruption.policy = EXCEPTION (default)
2021-07-23 00:57:12,447 [pool-38-thread-1] INFO  server.RaftServerConfigKeys (ConfUtils.java:logGet(44)) - raft.server.storage.free-space.min = 0MB (=0) (default)
2021-07-23 00:57:12,448 [pool-38-thread-1] INFO  storage.RaftStorageDirectory (RaftStorageDirectoryImpl.java:analyzeStorage(135)) - The storage directory /home/runner/work/ozone/ozone/mnt/ozone/hadoop-ozone/integration-test/target/test-dir/MiniOzoneClusterImpl-8cc5c0ec-9048-4102-91ef-822c63deda73/ozone-meta/ratis/bf265839-605b-3f16-9796-c5ba1605619e does not exist. Creating ...
2021-07-23 00:57:12,453 [pool-38-thread-1] INFO  storage.RaftStorageDirectory (RaftStorageDirectoryImpl.java:tryLock(230)) - Lock on /home/runner/work/ozone/ozone/mnt/ozone/hadoop-ozone/integration-test/target/test-dir/MiniOzoneClusterImpl-8cc5c0ec-9048-4102-91ef-822c63deda73/ozone-meta/ratis/bf265839-605b-3f16-9796-c5ba1605619e/in_use.lock acquired by nodename 8356@fv-az184-788
2021-07-23 00:57:12,467 [pool-38-thread-1] INFO  storage.RaftStorage (RaftStorageImpl.java:format(89)) - Storage directory /home/runner/work/ozone/ozone/mnt/ozone/hadoop-ozone/integration-test/target/test-dir/MiniOzoneClusterImpl-8cc5c0ec-9048-4102-91ef-822c63deda73/ozone-meta/ratis/bf265839-605b-3f16-9796-c5ba1605619e has been successfully formatted.
2021-07-23 00:57:12,469 [pool-38-thread-1] INFO  server.RaftServerConfigKeys (ConfUtils.java:logGet(44)) - raft.server.notification.no-leader.timeout = 120s (custom)
2021-07-23 00:57:12,471 [pool-38-thread-1] INFO  server.RaftServerConfigKeys (ConfUtils.java:logGet(44)) - raft.server.log.use.memory = false (default)
2021-07-23 00:57:12,486 [pool-38-thread-1] INFO  server.RaftServerConfigKeys (ConfUtils.java:logGet(44)) - raft.server.log.purge.gap = 1000000 (custom)
2021-07-23 00:57:12,486 [pool-38-thread-1] INFO  server.RaftServerConfigKeys (ConfUtils.java:logGet(44)) - raft.server.log.appender.buffer.byte-limit = 33554432 (custom)
2021-07-23 00:57:12,549 [pool-38-thread-1] INFO  server.RaftServerConfigKeys (ConfUtils.java:logGet(44)) - raft.server.log.segment.size.max = 4194304 (custom)
2021-07-23 00:57:12,556 [pool-38-thread-1] INFO  server.RaftServerConfigKeys (ConfUtils.java:logGet(44)) - raft.server.log.segment.cache.num.max = 2 (custom)
2021-07-23 00:57:12,563 [pool-38-thread-1] INFO  server.RaftServerConfigKeys (ConfUtils.java:logGet(44)) - raft.server.log.segment.cache.size.max = 200MB (=209715200) (default)
2021-07-23 00:57:12,568 [pool-38-thread-1] INFO  segmented.SegmentedRaftLogWorker (SegmentedRaftLogWorker.java:<init>(182)) - new om1@group-C5BA1605619E-SegmentedRaftLogWorker for RaftStorageImpl:Storage Directory /home/runner/work/ozone/ozone/mnt/ozone/hadoop-ozone/integration-test/target/test-dir/MiniOzoneClusterImpl-8cc5c0ec-9048-4102-91ef-822c63deda73/ozone-meta/ratis/bf265839-605b-3f16-9796-c5ba1605619e
2021-07-23 00:57:12,579 [pool-38-thread-1] INFO  server.RaftServerConfigKeys (ConfUtils.java:logGet(44)) - raft.server.log.queue.byte-limit = 64MB (=67108864) (default)
2021-07-23 00:57:12,580 [pool-38-thread-1] INFO  server.RaftServerConfigKeys (ConfUtils.java:logGet(44)) - raft.server.log.queue.element-limit = 4096 (default)
2021-07-23 00:57:12,581 [pool-38-thread-1] INFO  server.RaftServerConfigKeys (ConfUtils.java:logGet(44)) - raft.server.log.segment.size.max = 4194304 (custom)
2021-07-23 00:57:12,581 [pool-38-thread-1] INFO  server.RaftServerConfigKeys (ConfUtils.java:logGet(44)) - raft.server.log.preallocated.size = 4194304 (custom)
2021-07-23 00:57:12,581 [pool-38-thread-1] INFO  server.RaftServerConfigKeys (ConfUtils.java:logGet(44)) - raft.server.log.force.sync.num = 128 (default)
2021-07-23 00:57:12,583 [pool-38-thread-1] INFO  server.RaftServerConfigKeys (ConfUtils.java:logGet(44)) - raft.server.log.statemachine.data.sync = true (default)
2021-07-23 00:57:12,583 [pool-38-thread-1] INFO  server.RaftServerConfigKeys (ConfUtils.java:logGet(44)) - raft.server.log.statemachine.data.sync.timeout = 10s (default)
2021-07-23 00:57:12,583 [pool-38-thread-1] INFO  server.RaftServerConfigKeys (ConfUtils.java:logGet(44)) - raft.server.log.statemachine.data.sync.timeout.retry = -1 (default)
2021-07-23 00:57:12,591 [pool-38-thread-1] INFO  server.RaftServerConfigKeys (ConfUtils.java:logGet(44)) - raft.server.log.write.buffer.size = 64KB (=65536) (default)
2021-07-23 00:57:12,599 [pool-38-thread-1] INFO  server.RaftServerConfigKeys (ConfUtils.java:logGet(44)) - raft.server.log.statemachine.data.caching.enabled = false (default)
2021-07-23 00:57:12,608 [Listener at 127.0.0.1/34417] INFO  om.OzoneManager (OzoneManager.java:initFSOLayout(4107)) - Configured ozone.om.metadata.layout=SIMPLE and disabled optimized OM FS operations
2021-07-23 00:57:12,609 [Listener at 127.0.0.1/34417] INFO  impl.MetricsSystemImpl (MetricsSystemImpl.java:init(158)) - OzoneManager metrics system started (again)
2021-07-23 00:57:12,615 [pool-38-thread-1] INFO  segmented.SegmentedRaftLogWorker (SegmentedRaftLogWorker.java:lambda$new$0(133)) - om1@group-C5BA1605619E-SegmentedRaftLogWorker: flushIndex: setUnconditionally 0 -> -1
2021-07-23 00:57:12,615 [pool-38-thread-1] INFO  segmented.SegmentedRaftLogWorker (SegmentedRaftLogWorker.java:lambda$new$0(133)) - om1@group-C5BA1605619E-SegmentedRaftLogWorker: safeCacheEvictIndex: setUnconditionally 0 -> -1
2021-07-23 00:57:12,627 [Listener at 127.0.0.1/34417] INFO  om.OzoneManager (OzoneManager.java:start(1157)) - OzoneManager RPC server is listening at localhost/127.0.0.1:34417
2021-07-23 00:57:12,627 [Listener at 127.0.0.1/34417] INFO  ratis.OzoneManagerRatisServer (OzoneManagerRatisServer.java:start(408)) - Starting OzoneManagerRatisServer om1 at port 9872
2021-07-23 00:57:12,629 [pool-38-thread-1] INFO  server.RaftServerConfigKeys (ConfUtils.java:logGet(44)) - raft.server.snapshot.auto.trigger.enabled = true (custom)
2021-07-23 00:57:12,630 [pool-38-thread-1] INFO  server.RaftServerConfigKeys (ConfUtils.java:logGet(44)) - raft.server.snapshot.auto.trigger.threshold = 400000 (default)
2021-07-23 00:57:12,630 [pool-38-thread-1] INFO  server.RaftServerConfigKeys (ConfUtils.java:logGet(44)) - raft.server.snapshot.retention.file.num = -1 (default)
2021-07-23 00:57:12,631 [pool-38-thread-1] INFO  server.RaftServerConfigKeys (ConfUtils.java:logGet(44)) - raft.server.log.purge.upto.snapshot.index = true (custom)
2021-07-23 00:57:12,633 [pool-38-thread-1] INFO  server.RaftServerConfigKeys (ConfUtils.java:logGet(44)) - raft.server.retrycache.expirytime = 300s (custom)
2021-07-23 00:57:12,633 [pool-38-thread-1] INFO  server.RaftServerConfigKeys (ConfUtils.java:logGet(44)) - raft.server.retrycache.statistics.expirytime = 100μs (default)
2021-07-23 00:57:12,657 [Listener at 127.0.0.1/34417] INFO  server.RaftServer$Division (RaftServerImpl.java:start(296)) - om1@group-C5BA1605619E: start as a follower, conf=-1: [om1|rpc:localhost:9872|priority:0], old=null
2021-07-23 00:57:12,659 [Listener at 127.0.0.1/34417] INFO  server.RaftServer$Division (RaftServerImpl.java:setRole(285)) - om1@group-C5BA1605619E: changes role from      null to FOLLOWER at term 0 for startAsFollower
2021-07-23 00:57:12,660 [Listener at 127.0.0.1/34417] INFO  impl.RoleInfo (RoleInfo.java:updateAndGet(130)) - om1: start om1@group-C5BA1605619E-FollowerState
2021-07-23 00:57:12,661 [Listener at 127.0.0.1/34417] INFO  util.JmxRegister (JmxRegister.java:tryRegister(44)) - Successfully registered JMX Bean with object name Ratis:service=RaftServer,group=group-C5BA1605619E,id=om1
2021-07-23 00:57:12,668 [Listener at 127.0.0.1/34417] INFO  server.RaftServer (RaftServerProxy.java:lambda$start$5(374)) - om1: start RPC server
2021-07-23 00:57:12,710 [Listener at 127.0.0.1/34417] INFO  server.GrpcService (GrpcService.java:startImpl(253)) - om1: GrpcService started, listening on 9872
2021-07-23 00:57:12,711 [Listener at 127.0.0.1/34417] INFO  om.OzoneManager (OzoneManager.java:start(1175)) - Version File has different layout version (0) than OM DB (null). That is expected if this OM has never been finalized to a newer layout version.
2021-07-23 00:57:12,713 [org.apache.ratis.util.JvmPauseMonitor$$Lambda$526/1160298887@278e721e] INFO  util.JvmPauseMonitor (JvmPauseMonitor.java:run(103)) - JvmPauseMonitor-om1: Started
2021-07-23 00:57:12,719 [Listener at 127.0.0.1/34417] INFO  http.BaseHttpServer (BaseHttpServer.java:newHttpServer2BuilderForOzone(209)) - Starting Web-server for ozoneManager at: http://0.0.0.0:0
2021-07-23 00:57:12,719 [Listener at 127.0.0.1/34417] INFO  http.BaseHttpServer (BaseHttpServer.java:<init>(107)) - Hadoop Security Enabled: false Ozone Security Enabled: false Ozone HTTP Security Enabled: false 
2021-07-23 00:57:12,721 [Listener at 127.0.0.1/34417] INFO  server.AuthenticationFilter (AuthenticationFilter.java:constructSecretProvider(240)) - Unable to initialize FileSignerSecretProvider, falling back to use random secrets.
2021-07-23 00:57:12,726 [Listener at 127.0.0.1/34417] WARN  http.HttpRequestLog (HttpRequestLog.java:getRequestLog(103)) - Jetty request log can only be enabled using Log4j
2021-07-23 00:57:12,727 [Listener at 127.0.0.1/34417] INFO  http.HttpServer2 (HttpServer2.java:addGlobalFilter(1020)) - Added global filter 'safety' (class=org.apache.hadoop.hdds.server.http.HttpServer2$QuotingInputFilter)
2021-07-23 00:57:12,729 [Listener at 127.0.0.1/34417] INFO  http.HttpServer2 (HttpServer2.java:addFilter(996)) - Added filter static_user_filter (class=org.apache.hadoop.http.lib.StaticUserWebFilter$StaticUserFilter) to context ozoneManager
2021-07-23 00:57:12,729 [Listener at 127.0.0.1/34417] INFO  http.HttpServer2 (HttpServer2.java:addFilter(1004)) - Added filter static_user_filter (class=org.apache.hadoop.http.lib.StaticUserWebFilter$StaticUserFilter) to context static
2021-07-23 00:57:12,729 [Listener at 127.0.0.1/34417] INFO  http.HttpServer2 (HttpServer2.java:addFilter(1004)) - Added filter static_user_filter (class=org.apache.hadoop.http.lib.StaticUserWebFilter$StaticUserFilter) to context logs
2021-07-23 00:57:12,732 [Listener at 127.0.0.1/34417] INFO  http.HttpServer2 (HttpServer2.java:bindListener(1239)) - Jetty bound to port 44307
2021-07-23 00:57:12,732 [Listener at 127.0.0.1/34417] INFO  server.Server (Server.java:doStart(375)) - jetty-9.4.35.v20201120; built: 2020-11-20T21:17:03.964Z; git: bdc54f03a5e0a7e280fab27f55c3c75ee8da89fb; jvm 1.8.0_292-b10
2021-07-23 00:57:12,734 [Listener at 127.0.0.1/34417] INFO  server.session (DefaultSessionIdManager.java:doStart(334)) - DefaultSessionIdManager workerName=node0
2021-07-23 00:57:12,734 [Listener at 127.0.0.1/34417] INFO  server.session (DefaultSessionIdManager.java:doStart(339)) - No SessionScavenger set, using defaults
2021-07-23 00:57:12,734 [Listener at 127.0.0.1/34417] INFO  server.session (HouseKeeper.java:startScavenging(132)) - node0 Scavenging every 660000ms
2021-07-23 00:57:12,735 [Listener at 127.0.0.1/34417] INFO  handler.ContextHandler (ContextHandler.java:doStart(916)) - Started o.e.j.s.ServletContextHandler@1f146411{logs,/logs,file:///home/runner/work/ozone/ozone/mnt/ozone/hadoop-ozone/integration-test/target/log,AVAILABLE}
2021-07-23 00:57:12,736 [Listener at 127.0.0.1/34417] INFO  handler.ContextHandler (ContextHandler.java:doStart(916)) - Started o.e.j.s.ServletContextHandler@2219d6d8{static,/static,file:///home/runner/work/ozone/ozone/mnt/ozone/hadoop-ozone/integration-test/target/test-classes/webapps/static,AVAILABLE}
2021-07-23 00:57:12,741 [Listener at 127.0.0.1/34417] INFO  handler.ContextHandler (ContextHandler.java:doStart(916)) - Started o.e.j.w.WebAppContext@2e33a4b0{ozoneManager,/,file:///home/runner/work/ozone/ozone/mnt/ozone/hadoop-ozone/integration-test/target/test-classes/webapps/ozoneManager/,AVAILABLE}{file:/home/runner/work/ozone/ozone/mnt/ozone/hadoop-ozone/integration-test/target/test-classes/webapps/ozoneManager}
2021-07-23 00:57:12,742 [Listener at 127.0.0.1/34417] INFO  server.AbstractConnector (AbstractConnector.java:doStart(331)) - Started ServerConnector@173398da{HTTP/1.1, (http/1.1)}{0.0.0.0:44307}
2021-07-23 00:57:12,743 [Listener at 127.0.0.1/34417] INFO  server.Server (Server.java:doStart(415)) - Started @5429ms
2021-07-23 00:57:12,743 [Listener at 127.0.0.1/34417] WARN  impl.MetricsSystemImpl (MetricsSystemImpl.java:register(279)) - Sink prometheus already exists!
2021-07-23 00:57:12,744 [Listener at 127.0.0.1/34417] INFO  http.BaseHttpServer (BaseHttpServer.java:updateConnectorAddress(329)) - HTTP server of ozoneManager listening at http://0.0.0.0:44307
2021-07-23 00:57:12,745 [IPC Server Responder] INFO  ipc.Server (Server.java:run(1507)) - IPC Server Responder: starting
2021-07-23 00:57:12,745 [IPC Server listener on 0] INFO  ipc.Server (Server.java:run(1344)) - IPC Server listener on 0: starting
2021-07-23 00:57:12,748 [Listener at 127.0.0.1/34417] INFO  om.OzoneManager (OzoneManager.java:startTrashEmptier(1306)) - Trash Interval set to 0. Files deleted will not move to trash
2021-07-23 00:57:12,754 [org.apache.hadoop.util.JvmPauseMonitor$Monitor@1b18f38f] INFO  util.JvmPauseMonitor (JvmPauseMonitor.java:run(188)) - Starting JVM pause monitor
2021-07-23 00:57:12,875 [Listener at 127.0.0.1/34417] WARN  impl.MetricRegistriesImpl (MetricRegistriesImpl.java:addReporterRegistration(111)) - New reporters are added after registries were created. Some metrics will be missing from the reporter. Please add reporter before adding any new registry.
2021-07-23 00:57:12,876 [Listener at 127.0.0.1/34417] WARN  impl.MetricRegistriesImpl (MetricRegistriesImpl.java:addReporterRegistration(111)) - New reporters are added after registries were created. Some metrics will be missing from the reporter. Please add reporter before adding any new registry.
2021-07-23 00:57:12,876 [Listener at 127.0.0.1/34417] INFO  impl.MetricsSystemImpl (MetricsSystemImpl.java:init(158)) - HddsDatanode metrics system started (again)
2021-07-23 00:57:12,895 [Listener at 127.0.0.1/34417] INFO  ozone.HddsDatanodeService (HddsDatanodeService.java:start(234)) - HddsDatanodeService host:fv-az184-788.3ow45vhwbzuu5incsxmygykede.cx.internal.cloudapp.net ip:10.1.0.23
2021-07-23 00:57:12,921 [Listener at 127.0.0.1/34417] INFO  upgrade.AbstractLayoutVersionManager (AbstractLayoutVersionManager.java:init(70)) - Initializing Layout version manager with metadata layout = SCM_HA (version = 2), software layout = SCM_HA (version = 2)
2021-07-23 00:57:12,973 [Listener at 127.0.0.1/34417] INFO  reflections.Reflections (Reflections.java:scan(232)) - Reflections took 50 ms to scan 7 urls, producing 119 keys and 271 values 
2021-07-23 00:57:13,023 [Listener at 127.0.0.1/34417] INFO  volume.HddsVolume (HddsVolume.java:<init>(120)) - Creating HddsVolume: /home/runner/work/ozone/ozone/mnt/ozone/hadoop-ozone/integration-test/target/test-dir/MiniOzoneClusterImpl-8cc5c0ec-9048-4102-91ef-822c63deda73/datanode-0/data-0/containers/hdds of storage type : DISK capacity : 9223372036854775807
2021-07-23 00:57:13,025 [Listener at 127.0.0.1/34417] INFO  volume.MutableVolumeSet (MutableVolumeSet.java:initializeVolumeSet(181)) - Added Volume : /home/runner/work/ozone/ozone/mnt/ozone/hadoop-ozone/integration-test/target/test-dir/MiniOzoneClusterImpl-8cc5c0ec-9048-4102-91ef-822c63deda73/datanode-0/data-0/containers/hdds to VolumeSet
2021-07-23 00:57:13,026 [Listener at 127.0.0.1/34417] INFO  volume.ThrottledAsyncChecker (ThrottledAsyncChecker.java:schedule(141)) - Scheduling a check for /home/runner/work/ozone/ozone/mnt/ozone/hadoop-ozone/integration-test/target/test-dir/MiniOzoneClusterImpl-8cc5c0ec-9048-4102-91ef-822c63deda73/datanode-0/data-0/containers/hdds
2021-07-23 00:57:13,045 [Listener at 127.0.0.1/34417] INFO  volume.StorageVolumeChecker (StorageVolumeChecker.java:checkAllVolumes(202)) - Scheduled health check for volume /home/runner/work/ozone/ozone/mnt/ozone/hadoop-ozone/integration-test/target/test-dir/MiniOzoneClusterImpl-8cc5c0ec-9048-4102-91ef-822c63deda73/datanode-0/data-0/containers/hdds
2021-07-23 00:57:13,064 [Listener at 127.0.0.1/34417] INFO  volume.MutableVolumeSet (MutableVolumeSet.java:initializeVolumeSet(181)) - Added Volume : /home/runner/work/ozone/ozone/mnt/ozone/hadoop-ozone/integration-test/target/test-dir/MiniOzoneClusterImpl-8cc5c0ec-9048-4102-91ef-822c63deda73/datanode-0/data/ratis to VolumeSet
2021-07-23 00:57:13,064 [Listener at 127.0.0.1/34417] INFO  volume.ThrottledAsyncChecker (ThrottledAsyncChecker.java:schedule(141)) - Scheduling a check for /home/runner/work/ozone/ozone/mnt/ozone/hadoop-ozone/integration-test/target/test-dir/MiniOzoneClusterImpl-8cc5c0ec-9048-4102-91ef-822c63deda73/datanode-0/data/ratis
2021-07-23 00:57:13,064 [Listener at 127.0.0.1/34417] INFO  volume.StorageVolumeChecker (StorageVolumeChecker.java:checkAllVolumes(202)) - Scheduled health check for volume /home/runner/work/ozone/ozone/mnt/ozone/hadoop-ozone/integration-test/target/test-dir/MiniOzoneClusterImpl-8cc5c0ec-9048-4102-91ef-822c63deda73/datanode-0/data/ratis
2021-07-23 00:57:13,078 [Listener at 127.0.0.1/34417] INFO  ozoneimpl.ContainerReader (ContainerReader.java:<init>(98)) - Running in upgrade mode:true
2021-07-23 00:57:13,083 [Thread-128] INFO  ozoneimpl.ContainerReader (ContainerReader.java:readVolume(142)) - Start to verify containers on volume /home/runner/work/ozone/ozone/mnt/ozone/hadoop-ozone/integration-test/target/test-dir/MiniOzoneClusterImpl-8cc5c0ec-9048-4102-91ef-822c63deda73/datanode-0/data-0/containers/hdds
2021-07-23 00:57:13,083 [Thread-128] INFO  ozoneimpl.ContainerReader (ContainerReader.java:readVolume(174)) - Finish verifying containers on volume /home/runner/work/ozone/ozone/mnt/ozone/hadoop-ozone/integration-test/target/test-dir/MiniOzoneClusterImpl-8cc5c0ec-9048-4102-91ef-822c63deda73/datanode-0/data-0/containers/hdds
2021-07-23 00:57:13,084 [Listener at 127.0.0.1/34417] INFO  ozoneimpl.OzoneContainer (OzoneContainer.java:buildContainerSet(237)) - Build ContainerSet costs 0s
2021-07-23 00:57:13,144 [Listener at 127.0.0.1/34417] INFO  server.RaftServer (ConfUtils.java:logGet(44)) - raft.rpc.type = GRPC (default)
2021-07-23 00:57:13,146 [Listener at 127.0.0.1/34417] INFO  grpc.GrpcFactory (GrpcFactory.java:checkPooledByteBufAllocatorUseCacheForAllThreads(48)) - PERFORMANCE WARNING: useCacheForAllThreads is true that may cause Netty to create a lot garbage objects and, as a result, trigger GC.
	It is recommended to disable useCacheForAllThreads by setting -Dorg.apache.ratis.thirdparty.io.netty.allocator.useCacheForAllThreads=false in command line.
2021-07-23 00:57:13,147 [Listener at 127.0.0.1/34417] INFO  grpc.GrpcConfigKeys (ConfUtils.java:logGet(44)) - raft.grpc.admin.port = 0 (custom)
2021-07-23 00:57:13,147 [Listener at 127.0.0.1/34417] INFO  grpc.GrpcConfigKeys (ConfUtils.java:logGet(44)) - raft.grpc.client.port = 0 (custom)
2021-07-23 00:57:13,147 [Listener at 127.0.0.1/34417] INFO  grpc.GrpcConfigKeys (ConfUtils.java:logGet(44)) - raft.grpc.server.port = 0 (default)
2021-07-23 00:57:13,148 [Listener at 127.0.0.1/34417] INFO  server.GrpcService (ConfUtils.java:logGet(44)) - raft.grpc.message.size.max = 32MB (=33554432) (custom)
2021-07-23 00:57:13,149 [Listener at 127.0.0.1/34417] INFO  server.RaftServerConfigKeys (ConfUtils.java:logGet(44)) - raft.server.log.appender.buffer.byte-limit = 33554432 (custom)
2021-07-23 00:57:13,149 [Listener at 127.0.0.1/34417] INFO  server.GrpcService (ConfUtils.java:logGet(44)) - raft.grpc.flow.control.window = 5MB (=5242880) (custom)
2021-07-23 00:57:13,149 [Listener at 127.0.0.1/34417] INFO  server.RaftServerConfigKeys (ConfUtils.java:logGet(44)) - raft.server.rpc.request.timeout = 60s (custom)
2021-07-23 00:57:13,151 [Listener at 127.0.0.1/34417] INFO  impl.DataStreamServerImpl (ConfUtils.java:logGet(44)) - raft.datastream.type = DISABLED (default)
2021-07-23 00:57:13,152 [Listener at 127.0.0.1/34417] INFO  server.RaftServerConfigKeys (ConfUtils.java:logGet(44)) - raft.server.rpc.slowness.timeout = 300s (custom)
2021-07-23 00:57:13,152 [Listener at 127.0.0.1/34417] INFO  server.RaftServerConfigKeys (ConfUtils.java:logGet(44)) - raft.server.leaderelection.leader.step-down.wait-time = 10s (default)
2021-07-23 00:57:13,153 [Listener at 127.0.0.1/34417] INFO  server.RaftServerConfigKeys (ConfUtils.java:logGet(44)) - raft.server.storage.dir = [/home/runner/work/ozone/ozone/mnt/ozone/hadoop-ozone/integration-test/target/test-dir/MiniOzoneClusterImpl-8cc5c0ec-9048-4102-91ef-822c63deda73/datanode-0/data/ratis] (custom)
2021-07-23 00:57:13,212 [Listener at 127.0.0.1/34417] INFO  http.BaseHttpServer (BaseHttpServer.java:newHttpServer2BuilderForOzone(209)) - Starting Web-server for hddsDatanode at: http://0.0.0.0:0
2021-07-23 00:57:13,213 [Listener at 127.0.0.1/34417] INFO  http.BaseHttpServer (BaseHttpServer.java:<init>(107)) - Hadoop Security Enabled: false Ozone Security Enabled: false Ozone HTTP Security Enabled: false 
2021-07-23 00:57:13,214 [Listener at 127.0.0.1/34417] INFO  server.AuthenticationFilter (AuthenticationFilter.java:constructSecretProvider(240)) - Unable to initialize FileSignerSecretProvider, falling back to use random secrets.
2021-07-23 00:57:13,216 [Listener at 127.0.0.1/34417] WARN  http.HttpRequestLog (HttpRequestLog.java:getRequestLog(103)) - Jetty request log can only be enabled using Log4j
2021-07-23 00:57:13,217 [Listener at 127.0.0.1/34417] INFO  http.HttpServer2 (HttpServer2.java:addGlobalFilter(1020)) - Added global filter 'safety' (class=org.apache.hadoop.hdds.server.http.HttpServer2$QuotingInputFilter)
2021-07-23 00:57:13,218 [Listener at 127.0.0.1/34417] INFO  http.HttpServer2 (HttpServer2.java:addFilter(996)) - Added filter static_user_filter (class=org.apache.hadoop.http.lib.StaticUserWebFilter$StaticUserFilter) to context hddsDatanode
2021-07-23 00:57:13,218 [Listener at 127.0.0.1/34417] INFO  http.HttpServer2 (HttpServer2.java:addFilter(1004)) - Added filter static_user_filter (class=org.apache.hadoop.http.lib.StaticUserWebFilter$StaticUserFilter) to context logs
2021-07-23 00:57:13,218 [Listener at 127.0.0.1/34417] INFO  http.HttpServer2 (HttpServer2.java:addFilter(1004)) - Added filter static_user_filter (class=org.apache.hadoop.http.lib.StaticUserWebFilter$StaticUserFilter) to context static
2021-07-23 00:57:13,219 [Listener at 127.0.0.1/34417] INFO  http.HttpServer2 (HttpServer2.java:bindListener(1239)) - Jetty bound to port 35397
2021-07-23 00:57:13,219 [Listener at 127.0.0.1/34417] INFO  server.Server (Server.java:doStart(375)) - jetty-9.4.35.v20201120; built: 2020-11-20T21:17:03.964Z; git: bdc54f03a5e0a7e280fab27f55c3c75ee8da89fb; jvm 1.8.0_292-b10
2021-07-23 00:57:13,224 [Listener at 127.0.0.1/34417] INFO  server.session (DefaultSessionIdManager.java:doStart(334)) - DefaultSessionIdManager workerName=node0
2021-07-23 00:57:13,224 [Listener at 127.0.0.1/34417] INFO  server.session (DefaultSessionIdManager.java:doStart(339)) - No SessionScavenger set, using defaults
2021-07-23 00:57:13,224 [Listener at 127.0.0.1/34417] INFO  server.session (HouseKeeper.java:startScavenging(132)) - node0 Scavenging every 660000ms
2021-07-23 00:57:13,227 [Listener at 127.0.0.1/34417] INFO  handler.ContextHandler (ContextHandler.java:doStart(916)) - Started o.e.j.s.ServletContextHandler@658ec00c{logs,/logs,file:///home/runner/work/ozone/ozone/mnt/ozone/hadoop-ozone/integration-test/target/log,AVAILABLE}
2021-07-23 00:57:13,227 [Listener at 127.0.0.1/34417] INFO  handler.ContextHandler (ContextHandler.java:doStart(916)) - Started o.e.j.s.ServletContextHandler@4fe3d15f{static,/static,jar:file:/home/runner/.m2/repository/org/apache/ozone/hdds-container-service/1.2.0-SNAPSHOT/hdds-container-service-1.2.0-SNAPSHOT.jar!/webapps/static,AVAILABLE}
2021-07-23 00:57:13,277 [Listener at 127.0.0.1/34417] INFO  handler.ContextHandler (ContextHandler.java:doStart(916)) - Started o.e.j.w.WebAppContext@167eab4{hddsDatanode,/,file:///tmp/jetty-0_0_0_0-35397-hdds-container-service-1_2_0-SNAPSHOT_jar-_-any-618932716689620315/webapp/,AVAILABLE}{jar:file:/home/runner/.m2/repository/org/apache/ozone/hdds-container-service/1.2.0-SNAPSHOT/hdds-container-service-1.2.0-SNAPSHOT.jar!/webapps/hddsDatanode}
2021-07-23 00:57:13,279 [Listener at 127.0.0.1/34417] INFO  server.AbstractConnector (AbstractConnector.java:doStart(331)) - Started ServerConnector@1546a589{HTTP/1.1, (http/1.1)}{0.0.0.0:35397}
2021-07-23 00:57:13,279 [Listener at 127.0.0.1/34417] INFO  server.Server (Server.java:doStart(415)) - Started @5965ms
2021-07-23 00:57:13,279 [Listener at 127.0.0.1/34417] WARN  impl.MetricsSystemImpl (MetricsSystemImpl.java:register(279)) - Sink prometheus already exists!
2021-07-23 00:57:13,280 [Listener at 127.0.0.1/34417] INFO  http.BaseHttpServer (BaseHttpServer.java:updateConnectorAddress(329)) - HTTP server of hddsDatanode listening at http://0.0.0.0:35397
2021-07-23 00:57:13,281 [Listener at 127.0.0.1/34417] WARN  impl.MetricRegistriesImpl (MetricRegistriesImpl.java:addReporterRegistration(111)) - New reporters are added after registries were created. Some metrics will be missing from the reporter. Please add reporter before adding any new registry.
2021-07-23 00:57:13,282 [Listener at 127.0.0.1/34417] WARN  impl.MetricRegistriesImpl (MetricRegistriesImpl.java:addReporterRegistration(111)) - New reporters are added after registries were created. Some metrics will be missing from the reporter. Please add reporter before adding any new registry.
2021-07-23 00:57:13,282 [Listener at 127.0.0.1/34417] INFO  impl.MetricsSystemImpl (MetricsSystemImpl.java:init(158)) - HddsDatanode metrics system started (again)
2021-07-23 00:57:13,308 [org.apache.hadoop.util.JvmPauseMonitor$Monitor@ab62f8c] INFO  util.JvmPauseMonitor (JvmPauseMonitor.java:run(188)) - Starting JVM pause monitor
2021-07-23 00:57:13,311 [Listener at 127.0.0.1/34417] INFO  ozone.HddsDatanodeService (HddsDatanodeService.java:start(234)) - HddsDatanodeService host:fv-az184-788.3ow45vhwbzuu5incsxmygykede.cx.internal.cloudapp.net ip:10.1.0.23
2021-07-23 00:57:13,335 [Listener at 127.0.0.1/34417] INFO  upgrade.AbstractLayoutVersionManager (AbstractLayoutVersionManager.java:init(70)) - Initializing Layout version manager with metadata layout = SCM_HA (version = 2), software layout = SCM_HA (version = 2)
2021-07-23 00:57:13,395 [Listener at 127.0.0.1/34417] INFO  reflections.Reflections (Reflections.java:scan(232)) - Reflections took 49 ms to scan 7 urls, producing 119 keys and 271 values 
2021-07-23 00:57:13,411 [Listener at 127.0.0.1/34417] INFO  volume.HddsVolume (HddsVolume.java:<init>(120)) - Creating HddsVolume: /home/runner/work/ozone/ozone/mnt/ozone/hadoop-ozone/integration-test/target/test-dir/MiniOzoneClusterImpl-8cc5c0ec-9048-4102-91ef-822c63deda73/datanode-1/data-0/containers/hdds of storage type : DISK capacity : 9223372036854775807
2021-07-23 00:57:13,412 [Listener at 127.0.0.1/34417] INFO  volume.MutableVolumeSet (MutableVolumeSet.java:initializeVolumeSet(181)) - Added Volume : /home/runner/work/ozone/ozone/mnt/ozone/hadoop-ozone/integration-test/target/test-dir/MiniOzoneClusterImpl-8cc5c0ec-9048-4102-91ef-822c63deda73/datanode-1/data-0/containers/hdds to VolumeSet
2021-07-23 00:57:13,412 [Listener at 127.0.0.1/34417] INFO  volume.ThrottledAsyncChecker (ThrottledAsyncChecker.java:schedule(141)) - Scheduling a check for /home/runner/work/ozone/ozone/mnt/ozone/hadoop-ozone/integration-test/target/test-dir/MiniOzoneClusterImpl-8cc5c0ec-9048-4102-91ef-822c63deda73/datanode-1/data-0/containers/hdds
2021-07-23 00:57:13,424 [Listener at 127.0.0.1/34417] INFO  volume.StorageVolumeChecker (StorageVolumeChecker.java:checkAllVolumes(202)) - Scheduled health check for volume /home/runner/work/ozone/ozone/mnt/ozone/hadoop-ozone/integration-test/target/test-dir/MiniOzoneClusterImpl-8cc5c0ec-9048-4102-91ef-822c63deda73/datanode-1/data-0/containers/hdds
2021-07-23 00:57:13,442 [Listener at 127.0.0.1/34417] INFO  volume.MutableVolumeSet (MutableVolumeSet.java:initializeVolumeSet(181)) - Added Volume : /home/runner/work/ozone/ozone/mnt/ozone/hadoop-ozone/integration-test/target/test-dir/MiniOzoneClusterImpl-8cc5c0ec-9048-4102-91ef-822c63deda73/datanode-1/data/ratis to VolumeSet
2021-07-23 00:57:13,442 [Listener at 127.0.0.1/34417] INFO  volume.ThrottledAsyncChecker (ThrottledAsyncChecker.java:schedule(141)) - Scheduling a check for /home/runner/work/ozone/ozone/mnt/ozone/hadoop-ozone/integration-test/target/test-dir/MiniOzoneClusterImpl-8cc5c0ec-9048-4102-91ef-822c63deda73/datanode-1/data/ratis
2021-07-23 00:57:13,442 [Listener at 127.0.0.1/34417] INFO  volume.StorageVolumeChecker (StorageVolumeChecker.java:checkAllVolumes(202)) - Scheduled health check for volume /home/runner/work/ozone/ozone/mnt/ozone/hadoop-ozone/integration-test/target/test-dir/MiniOzoneClusterImpl-8cc5c0ec-9048-4102-91ef-822c63deda73/datanode-1/data/ratis
2021-07-23 00:57:13,463 [Listener at 127.0.0.1/34417] INFO  ozoneimpl.ContainerReader (ContainerReader.java:<init>(98)) - Running in upgrade mode:true
2021-07-23 00:57:13,475 [Thread-139] INFO  ozoneimpl.ContainerReader (ContainerReader.java:readVolume(142)) - Start to verify containers on volume /home/runner/work/ozone/ozone/mnt/ozone/hadoop-ozone/integration-test/target/test-dir/MiniOzoneClusterImpl-8cc5c0ec-9048-4102-91ef-822c63deda73/datanode-1/data-0/containers/hdds
2021-07-23 00:57:13,475 [Thread-139] INFO  ozoneimpl.ContainerReader (ContainerReader.java:readVolume(174)) - Finish verifying containers on volume /home/runner/work/ozone/ozone/mnt/ozone/hadoop-ozone/integration-test/target/test-dir/MiniOzoneClusterImpl-8cc5c0ec-9048-4102-91ef-822c63deda73/datanode-1/data-0/containers/hdds
2021-07-23 00:57:13,476 [Listener at 127.0.0.1/34417] INFO  ozoneimpl.OzoneContainer (OzoneContainer.java:buildContainerSet(237)) - Build ContainerSet costs 0s
2021-07-23 00:57:13,479 [Listener at 127.0.0.1/34417] INFO  server.RaftServer (ConfUtils.java:logGet(44)) - raft.rpc.type = GRPC (default)
2021-07-23 00:57:13,479 [Listener at 127.0.0.1/34417] INFO  grpc.GrpcFactory (GrpcFactory.java:checkPooledByteBufAllocatorUseCacheForAllThreads(48)) - PERFORMANCE WARNING: useCacheForAllThreads is true that may cause Netty to create a lot garbage objects and, as a result, trigger GC.
	It is recommended to disable useCacheForAllThreads by setting -Dorg.apache.ratis.thirdparty.io.netty.allocator.useCacheForAllThreads=false in command line.
2021-07-23 00:57:13,480 [Listener at 127.0.0.1/34417] INFO  grpc.GrpcConfigKeys (ConfUtils.java:logGet(44)) - raft.grpc.admin.port = 0 (custom)
2021-07-23 00:57:13,480 [Listener at 127.0.0.1/34417] INFO  grpc.GrpcConfigKeys (ConfUtils.java:logGet(44)) - raft.grpc.client.port = 0 (custom)
2021-07-23 00:57:13,480 [Listener at 127.0.0.1/34417] INFO  grpc.GrpcConfigKeys (ConfUtils.java:logGet(44)) - raft.grpc.server.port = 0 (default)
2021-07-23 00:57:13,480 [Listener at 127.0.0.1/34417] INFO  server.GrpcService (ConfUtils.java:logGet(44)) - raft.grpc.message.size.max = 32MB (=33554432) (custom)
2021-07-23 00:57:13,480 [Listener at 127.0.0.1/34417] INFO  server.RaftServerConfigKeys (ConfUtils.java:logGet(44)) - raft.server.log.appender.buffer.byte-limit = 33554432 (custom)
2021-07-23 00:57:13,480 [Listener at 127.0.0.1/34417] INFO  server.GrpcService (ConfUtils.java:logGet(44)) - raft.grpc.flow.control.window = 5MB (=5242880) (custom)
2021-07-23 00:57:13,480 [Listener at 127.0.0.1/34417] INFO  server.RaftServerConfigKeys (ConfUtils.java:logGet(44)) - raft.server.rpc.request.timeout = 60s (custom)
2021-07-23 00:57:13,481 [Listener at 127.0.0.1/34417] INFO  impl.DataStreamServerImpl (ConfUtils.java:logGet(44)) - raft.datastream.type = DISABLED (default)
2021-07-23 00:57:13,482 [Listener at 127.0.0.1/34417] INFO  server.RaftServerConfigKeys (ConfUtils.java:logGet(44)) - raft.server.rpc.slowness.timeout = 300s (custom)
2021-07-23 00:57:13,482 [Listener at 127.0.0.1/34417] INFO  server.RaftServerConfigKeys (ConfUtils.java:logGet(44)) - raft.server.leaderelection.leader.step-down.wait-time = 10s (default)
2021-07-23 00:57:13,482 [Listener at 127.0.0.1/34417] INFO  server.RaftServerConfigKeys (ConfUtils.java:logGet(44)) - raft.server.storage.dir = [/home/runner/work/ozone/ozone/mnt/ozone/hadoop-ozone/integration-test/target/test-dir/MiniOzoneClusterImpl-8cc5c0ec-9048-4102-91ef-822c63deda73/datanode-1/data/ratis] (custom)
2021-07-23 00:57:13,484 [Datanode State Machine Task Thread - 0] INFO  datanode.InitDatanodeState (InitDatanodeState.java:persistContainerDatanodeDetails(145)) - DatanodeDetails is persisted to /home/runner/work/ozone/ozone/mnt/ozone/hadoop-ozone/integration-test/target/test-dir/MiniOzoneClusterImpl-8cc5c0ec-9048-4102-91ef-822c63deda73/datanode-0/meta/datanode.id
2021-07-23 00:57:13,490 [Listener at 127.0.0.1/34417] INFO  http.BaseHttpServer (BaseHttpServer.java:newHttpServer2BuilderForOzone(209)) - Starting Web-server for hddsDatanode at: http://0.0.0.0:0
2021-07-23 00:57:13,491 [Listener at 127.0.0.1/34417] INFO  http.BaseHttpServer (BaseHttpServer.java:<init>(107)) - Hadoop Security Enabled: false Ozone Security Enabled: false Ozone HTTP Security Enabled: false 
2021-07-23 00:57:13,492 [Listener at 127.0.0.1/34417] INFO  server.AuthenticationFilter (AuthenticationFilter.java:constructSecretProvider(240)) - Unable to initialize FileSignerSecretProvider, falling back to use random secrets.
2021-07-23 00:57:13,495 [Listener at 127.0.0.1/34417] WARN  http.HttpRequestLog (HttpRequestLog.java:getRequestLog(103)) - Jetty request log can only be enabled using Log4j
2021-07-23 00:57:13,496 [Listener at 127.0.0.1/34417] INFO  http.HttpServer2 (HttpServer2.java:addGlobalFilter(1020)) - Added global filter 'safety' (class=org.apache.hadoop.hdds.server.http.HttpServer2$QuotingInputFilter)
2021-07-23 00:57:13,502 [Listener at 127.0.0.1/34417] INFO  http.HttpServer2 (HttpServer2.java:addFilter(996)) - Added filter static_user_filter (class=org.apache.hadoop.http.lib.StaticUserWebFilter$StaticUserFilter) to context hddsDatanode
2021-07-23 00:57:13,502 [Listener at 127.0.0.1/34417] INFO  http.HttpServer2 (HttpServer2.java:addFilter(1004)) - Added filter static_user_filter (class=org.apache.hadoop.http.lib.StaticUserWebFilter$StaticUserFilter) to context static
2021-07-23 00:57:13,502 [Listener at 127.0.0.1/34417] INFO  http.HttpServer2 (HttpServer2.java:addFilter(1004)) - Added filter static_user_filter (class=org.apache.hadoop.http.lib.StaticUserWebFilter$StaticUserFilter) to context logs
2021-07-23 00:57:13,503 [Listener at 127.0.0.1/34417] INFO  http.HttpServer2 (HttpServer2.java:bindListener(1239)) - Jetty bound to port 44537
2021-07-23 00:57:13,503 [Listener at 127.0.0.1/34417] INFO  server.Server (Server.java:doStart(375)) - jetty-9.4.35.v20201120; built: 2020-11-20T21:17:03.964Z; git: bdc54f03a5e0a7e280fab27f55c3c75ee8da89fb; jvm 1.8.0_292-b10
2021-07-23 00:57:13,505 [Listener at 127.0.0.1/34417] INFO  server.session (DefaultSessionIdManager.java:doStart(334)) - DefaultSessionIdManager workerName=node0
2021-07-23 00:57:13,505 [Listener at 127.0.0.1/34417] INFO  server.session (DefaultSessionIdManager.java:doStart(339)) - No SessionScavenger set, using defaults
2021-07-23 00:57:13,505 [Listener at 127.0.0.1/34417] INFO  server.session (HouseKeeper.java:startScavenging(132)) - node0 Scavenging every 600000ms
2021-07-23 00:57:13,506 [Listener at 127.0.0.1/34417] INFO  handler.ContextHandler (ContextHandler.java:doStart(916)) - Started o.e.j.s.ServletContextHandler@3d376d9b{logs,/logs,file:///home/runner/work/ozone/ozone/mnt/ozone/hadoop-ozone/integration-test/target/log,AVAILABLE}
2021-07-23 00:57:13,507 [Listener at 127.0.0.1/34417] INFO  handler.ContextHandler (ContextHandler.java:doStart(916)) - Started o.e.j.s.ServletContextHandler@593ec306{static,/static,jar:file:/home/runner/.m2/repository/org/apache/ozone/hdds-container-service/1.2.0-SNAPSHOT/hdds-container-service-1.2.0-SNAPSHOT.jar!/webapps/static,AVAILABLE}
2021-07-23 00:57:13,549 [Listener at 127.0.0.1/34417] INFO  handler.ContextHandler (ContextHandler.java:doStart(916)) - Started o.e.j.w.WebAppContext@30360716{hddsDatanode,/,file:///tmp/jetty-0_0_0_0-44537-hdds-container-service-1_2_0-SNAPSHOT_jar-_-any-1783947398999954229/webapp/,AVAILABLE}{jar:file:/home/runner/.m2/repository/org/apache/ozone/hdds-container-service/1.2.0-SNAPSHOT/hdds-container-service-1.2.0-SNAPSHOT.jar!/webapps/hddsDatanode}
2021-07-23 00:57:13,550 [Listener at 127.0.0.1/34417] INFO  server.AbstractConnector (AbstractConnector.java:doStart(331)) - Started ServerConnector@6e7da5f4{HTTP/1.1, (http/1.1)}{0.0.0.0:44537}
2021-07-23 00:57:13,551 [Listener at 127.0.0.1/34417] INFO  server.Server (Server.java:doStart(415)) - Started @6237ms
2021-07-23 00:57:13,551 [Listener at 127.0.0.1/34417] WARN  impl.MetricsSystemImpl (MetricsSystemImpl.java:register(279)) - Sink prometheus already exists!
2021-07-23 00:57:13,552 [Listener at 127.0.0.1/34417] INFO  http.BaseHttpServer (BaseHttpServer.java:updateConnectorAddress(329)) - HTTP server of hddsDatanode listening at http://0.0.0.0:44537
2021-07-23 00:57:13,553 [Listener at 127.0.0.1/34417] WARN  impl.MetricRegistriesImpl (MetricRegistriesImpl.java:addReporterRegistration(111)) - New reporters are added after registries were created. Some metrics will be missing from the reporter. Please add reporter before adding any new registry.
2021-07-23 00:57:13,553 [Listener at 127.0.0.1/34417] WARN  impl.MetricRegistriesImpl (MetricRegistriesImpl.java:addReporterRegistration(111)) - New reporters are added after registries were created. Some metrics will be missing from the reporter. Please add reporter before adding any new registry.
2021-07-23 00:57:13,553 [Listener at 127.0.0.1/34417] INFO  impl.MetricsSystemImpl (MetricsSystemImpl.java:init(158)) - HddsDatanode metrics system started (again)
2021-07-23 00:57:13,582 [Listener at 127.0.0.1/34417] INFO  ozone.HddsDatanodeService (HddsDatanodeService.java:start(234)) - HddsDatanodeService host:fv-az184-788.3ow45vhwbzuu5incsxmygykede.cx.internal.cloudapp.net ip:10.1.0.23
2021-07-23 00:57:13,588 [org.apache.hadoop.util.JvmPauseMonitor$Monitor@1ee451df] INFO  util.JvmPauseMonitor (JvmPauseMonitor.java:run(188)) - Starting JVM pause monitor
2021-07-23 00:57:13,593 [Datanode State Machine Task Thread - 0] INFO  datanode.InitDatanodeState (InitDatanodeState.java:persistContainerDatanodeDetails(145)) - DatanodeDetails is persisted to /home/runner/work/ozone/ozone/mnt/ozone/hadoop-ozone/integration-test/target/test-dir/MiniOzoneClusterImpl-8cc5c0ec-9048-4102-91ef-822c63deda73/datanode-1/meta/datanode.id
2021-07-23 00:57:13,607 [Listener at 127.0.0.1/34417] INFO  upgrade.AbstractLayoutVersionManager (AbstractLayoutVersionManager.java:init(70)) - Initializing Layout version manager with metadata layout = SCM_HA (version = 2), software layout = SCM_HA (version = 2)
2021-07-23 00:57:13,648 [Listener at 127.0.0.1/34417] INFO  reflections.Reflections (Reflections.java:scan(232)) - Reflections took 38 ms to scan 7 urls, producing 119 keys and 271 values 
2021-07-23 00:57:13,652 [Listener at 127.0.0.1/34417] INFO  volume.HddsVolume (HddsVolume.java:<init>(120)) - Creating HddsVolume: /home/runner/work/ozone/ozone/mnt/ozone/hadoop-ozone/integration-test/target/test-dir/MiniOzoneClusterImpl-8cc5c0ec-9048-4102-91ef-822c63deda73/datanode-2/data-0/containers/hdds of storage type : DISK capacity : 9223372036854775807
2021-07-23 00:57:13,652 [Listener at 127.0.0.1/34417] INFO  volume.MutableVolumeSet (MutableVolumeSet.java:initializeVolumeSet(181)) - Added Volume : /home/runner/work/ozone/ozone/mnt/ozone/hadoop-ozone/integration-test/target/test-dir/MiniOzoneClusterImpl-8cc5c0ec-9048-4102-91ef-822c63deda73/datanode-2/data-0/containers/hdds to VolumeSet
2021-07-23 00:57:13,652 [Listener at 127.0.0.1/34417] INFO  volume.ThrottledAsyncChecker (ThrottledAsyncChecker.java:schedule(141)) - Scheduling a check for /home/runner/work/ozone/ozone/mnt/ozone/hadoop-ozone/integration-test/target/test-dir/MiniOzoneClusterImpl-8cc5c0ec-9048-4102-91ef-822c63deda73/datanode-2/data-0/containers/hdds
2021-07-23 00:57:13,654 [Listener at 127.0.0.1/34417] INFO  volume.StorageVolumeChecker (StorageVolumeChecker.java:checkAllVolumes(202)) - Scheduled health check for volume /home/runner/work/ozone/ozone/mnt/ozone/hadoop-ozone/integration-test/target/test-dir/MiniOzoneClusterImpl-8cc5c0ec-9048-4102-91ef-822c63deda73/datanode-2/data-0/containers/hdds
2021-07-23 00:57:13,668 [Listener at 127.0.0.1/34417] INFO  volume.MutableVolumeSet (MutableVolumeSet.java:initializeVolumeSet(181)) - Added Volume : /home/runner/work/ozone/ozone/mnt/ozone/hadoop-ozone/integration-test/target/test-dir/MiniOzoneClusterImpl-8cc5c0ec-9048-4102-91ef-822c63deda73/datanode-2/data/ratis to VolumeSet
2021-07-23 00:57:13,668 [Listener at 127.0.0.1/34417] INFO  volume.ThrottledAsyncChecker (ThrottledAsyncChecker.java:schedule(141)) - Scheduling a check for /home/runner/work/ozone/ozone/mnt/ozone/hadoop-ozone/integration-test/target/test-dir/MiniOzoneClusterImpl-8cc5c0ec-9048-4102-91ef-822c63deda73/datanode-2/data/ratis
2021-07-23 00:57:13,668 [Listener at 127.0.0.1/34417] INFO  volume.StorageVolumeChecker (StorageVolumeChecker.java:checkAllVolumes(202)) - Scheduled health check for volume /home/runner/work/ozone/ozone/mnt/ozone/hadoop-ozone/integration-test/target/test-dir/MiniOzoneClusterImpl-8cc5c0ec-9048-4102-91ef-822c63deda73/datanode-2/data/ratis
2021-07-23 00:57:13,676 [om1@group-C5BA1605619E-FollowerState] INFO  impl.FollowerState (FollowerState.java:run(134)) - om1@group-C5BA1605619E-FollowerState: change to CANDIDATE, lastRpcElapsedTime:1016225181ns, electionTimeout:1008ms
2021-07-23 00:57:13,677 [om1@group-C5BA1605619E-FollowerState] INFO  impl.RoleInfo (RoleInfo.java:shutdownFollowerState(108)) - om1: shutdown om1@group-C5BA1605619E-FollowerState
2021-07-23 00:57:13,677 [om1@group-C5BA1605619E-FollowerState] INFO  server.RaftServer$Division (RaftServerImpl.java:setRole(285)) - om1@group-C5BA1605619E: changes role from  FOLLOWER to CANDIDATE at term 0 for changeToCandidate
2021-07-23 00:57:13,680 [om1@group-C5BA1605619E-FollowerState] INFO  server.RaftServerConfigKeys (ConfUtils.java:logGet(44)) - raft.server.leaderelection.pre-vote = false (custom)
2021-07-23 00:57:13,681 [om1@group-C5BA1605619E-FollowerState] INFO  impl.RoleInfo (RoleInfo.java:updateAndGet(130)) - om1: start om1@group-C5BA1605619E-LeaderElection1
2021-07-23 00:57:13,687 [Listener at 127.0.0.1/34417] INFO  ozoneimpl.ContainerReader (ContainerReader.java:<init>(98)) - Running in upgrade mode:true
2021-07-23 00:57:13,697 [Thread-151] INFO  ozoneimpl.ContainerReader (ContainerReader.java:readVolume(142)) - Start to verify containers on volume /home/runner/work/ozone/ozone/mnt/ozone/hadoop-ozone/integration-test/target/test-dir/MiniOzoneClusterImpl-8cc5c0ec-9048-4102-91ef-822c63deda73/datanode-2/data-0/containers/hdds
2021-07-23 00:57:13,697 [Thread-151] INFO  ozoneimpl.ContainerReader (ContainerReader.java:readVolume(174)) - Finish verifying containers on volume /home/runner/work/ozone/ozone/mnt/ozone/hadoop-ozone/integration-test/target/test-dir/MiniOzoneClusterImpl-8cc5c0ec-9048-4102-91ef-822c63deda73/datanode-2/data-0/containers/hdds
2021-07-23 00:57:13,697 [Listener at 127.0.0.1/34417] INFO  ozoneimpl.OzoneContainer (OzoneContainer.java:buildContainerSet(237)) - Build ContainerSet costs 0s
2021-07-23 00:57:13,701 [om1@group-C5BA1605619E-LeaderElection1] INFO  impl.LeaderElection (LeaderElection.java:askForVotes(306)) - om1@group-C5BA1605619E-LeaderElection1 ELECTION round 0: submit vote requests at term 1 for -1: [om1|rpc:localhost:9872|priority:0], old=null
2021-07-23 00:57:13,702 [om1@group-C5BA1605619E-LeaderElection1] INFO  impl.LeaderElection (LeaderElection.java:askForVotes(308)) - om1@group-C5BA1605619E-LeaderElection1 ELECTION round 0: result PASSED (term=1)
2021-07-23 00:57:13,703 [Listener at 127.0.0.1/34417] INFO  server.RaftServer (ConfUtils.java:logGet(44)) - raft.rpc.type = GRPC (default)
2021-07-23 00:57:13,703 [Listener at 127.0.0.1/34417] INFO  grpc.GrpcFactory (GrpcFactory.java:checkPooledByteBufAllocatorUseCacheForAllThreads(48)) - PERFORMANCE WARNING: useCacheForAllThreads is true that may cause Netty to create a lot garbage objects and, as a result, trigger GC.
	It is recommended to disable useCacheForAllThreads by setting -Dorg.apache.ratis.thirdparty.io.netty.allocator.useCacheForAllThreads=false in command line.
2021-07-23 00:57:13,703 [Listener at 127.0.0.1/34417] INFO  grpc.GrpcConfigKeys (ConfUtils.java:logGet(44)) - raft.grpc.admin.port = 0 (custom)
2021-07-23 00:57:13,703 [Listener at 127.0.0.1/34417] INFO  grpc.GrpcConfigKeys (ConfUtils.java:logGet(44)) - raft.grpc.client.port = 0 (custom)
2021-07-23 00:57:13,703 [Listener at 127.0.0.1/34417] INFO  grpc.GrpcConfigKeys (ConfUtils.java:logGet(44)) - raft.grpc.server.port = 0 (default)
2021-07-23 00:57:13,703 [Listener at 127.0.0.1/34417] INFO  server.GrpcService (ConfUtils.java:logGet(44)) - raft.grpc.message.size.max = 32MB (=33554432) (custom)
2021-07-23 00:57:13,703 [Listener at 127.0.0.1/34417] INFO  server.RaftServerConfigKeys (ConfUtils.java:logGet(44)) - raft.server.log.appender.buffer.byte-limit = 33554432 (custom)
2021-07-23 00:57:13,704 [Listener at 127.0.0.1/34417] INFO  server.GrpcService (ConfUtils.java:logGet(44)) - raft.grpc.flow.control.window = 5MB (=5242880) (custom)
2021-07-23 00:57:13,704 [Listener at 127.0.0.1/34417] INFO  server.RaftServerConfigKeys (ConfUtils.java:logGet(44)) - raft.server.rpc.request.timeout = 60s (custom)
2021-07-23 00:57:13,704 [om1@group-C5BA1605619E-LeaderElection1] INFO  impl.RoleInfo (RoleInfo.java:shutdownLeaderElection(121)) - om1: shutdown om1@group-C5BA1605619E-LeaderElection1
2021-07-23 00:57:13,705 [om1@group-C5BA1605619E-LeaderElection1] INFO  server.RaftServer$Division (RaftServerImpl.java:setRole(285)) - om1@group-C5BA1605619E: changes role from CANDIDATE to LEADER at term 1 for changeToLeader
2021-07-23 00:57:13,705 [om1@group-C5BA1605619E-LeaderElection1] INFO  server.RaftServer$Division (ServerState.java:setLeader(285)) - om1@group-C5BA1605619E: change Leader from null to om1 at term 1 for becomeLeader, leader elected after 1236ms
2021-07-23 00:57:13,707 [Listener at 127.0.0.1/34417] INFO  impl.DataStreamServerImpl (ConfUtils.java:logGet(44)) - raft.datastream.type = DISABLED (default)
2021-07-23 00:57:13,707 [Listener at 127.0.0.1/34417] INFO  server.RaftServerConfigKeys (ConfUtils.java:logGet(44)) - raft.server.rpc.slowness.timeout = 300s (custom)
2021-07-23 00:57:13,707 [Listener at 127.0.0.1/34417] INFO  server.RaftServerConfigKeys (ConfUtils.java:logGet(44)) - raft.server.leaderelection.leader.step-down.wait-time = 10s (default)
2021-07-23 00:57:13,707 [Listener at 127.0.0.1/34417] INFO  server.RaftServerConfigKeys (ConfUtils.java:logGet(44)) - raft.server.storage.dir = [/home/runner/work/ozone/ozone/mnt/ozone/hadoop-ozone/integration-test/target/test-dir/MiniOzoneClusterImpl-8cc5c0ec-9048-4102-91ef-822c63deda73/datanode-2/data/ratis] (custom)
2021-07-23 00:57:13,732 [Listener at 127.0.0.1/34417] INFO  http.BaseHttpServer (BaseHttpServer.java:newHttpServer2BuilderForOzone(209)) - Starting Web-server for hddsDatanode at: http://0.0.0.0:0
2021-07-23 00:57:13,732 [Listener at 127.0.0.1/34417] INFO  http.BaseHttpServer (BaseHttpServer.java:<init>(107)) - Hadoop Security Enabled: false Ozone Security Enabled: false Ozone HTTP Security Enabled: false 
2021-07-23 00:57:13,734 [Listener at 127.0.0.1/34417] INFO  server.AuthenticationFilter (AuthenticationFilter.java:constructSecretProvider(240)) - Unable to initialize FileSignerSecretProvider, falling back to use random secrets.
2021-07-23 00:57:13,734 [Listener at 127.0.0.1/34417] WARN  http.HttpRequestLog (HttpRequestLog.java:getRequestLog(103)) - Jetty request log can only be enabled using Log4j
2021-07-23 00:57:13,735 [Listener at 127.0.0.1/34417] INFO  http.HttpServer2 (HttpServer2.java:addGlobalFilter(1020)) - Added global filter 'safety' (class=org.apache.hadoop.hdds.server.http.HttpServer2$QuotingInputFilter)
2021-07-23 00:57:13,736 [Listener at 127.0.0.1/34417] INFO  http.HttpServer2 (HttpServer2.java:addFilter(996)) - Added filter static_user_filter (class=org.apache.hadoop.http.lib.StaticUserWebFilter$StaticUserFilter) to context hddsDatanode
2021-07-23 00:57:13,736 [Listener at 127.0.0.1/34417] INFO  http.HttpServer2 (HttpServer2.java:addFilter(1004)) - Added filter static_user_filter (class=org.apache.hadoop.http.lib.StaticUserWebFilter$StaticUserFilter) to context static
2021-07-23 00:57:13,736 [Listener at 127.0.0.1/34417] INFO  http.HttpServer2 (HttpServer2.java:addFilter(1004)) - Added filter static_user_filter (class=org.apache.hadoop.http.lib.StaticUserWebFilter$StaticUserFilter) to context logs
2021-07-23 00:57:13,737 [Listener at 127.0.0.1/34417] INFO  http.HttpServer2 (HttpServer2.java:bindListener(1239)) - Jetty bound to port 40677
2021-07-23 00:57:13,737 [Listener at 127.0.0.1/34417] INFO  server.Server (Server.java:doStart(375)) - jetty-9.4.35.v20201120; built: 2020-11-20T21:17:03.964Z; git: bdc54f03a5e0a7e280fab27f55c3c75ee8da89fb; jvm 1.8.0_292-b10
2021-07-23 00:57:13,742 [om1@group-C5BA1605619E-LeaderElection1] INFO  server.RaftServerConfigKeys (ConfUtils.java:logGet(44)) - raft.server.staging.catchup.gap = 1000 (default)
2021-07-23 00:57:13,755 [Listener at 127.0.0.1/34417] INFO  server.session (DefaultSessionIdManager.java:doStart(334)) - DefaultSessionIdManager workerName=node0
2021-07-23 00:57:13,755 [Listener at 127.0.0.1/34417] INFO  server.session (DefaultSessionIdManager.java:doStart(339)) - No SessionScavenger set, using defaults
2021-07-23 00:57:13,755 [Listener at 127.0.0.1/34417] INFO  server.session (HouseKeeper.java:startScavenging(132)) - node0 Scavenging every 600000ms
2021-07-23 00:57:13,756 [Listener at 127.0.0.1/34417] INFO  handler.ContextHandler (ContextHandler.java:doStart(916)) - Started o.e.j.s.ServletContextHandler@5dbcaae7{logs,/logs,file:///home/runner/work/ozone/ozone/mnt/ozone/hadoop-ozone/integration-test/target/log,AVAILABLE}
2021-07-23 00:57:13,757 [Listener at 127.0.0.1/34417] INFO  handler.ContextHandler (ContextHandler.java:doStart(916)) - Started o.e.j.s.ServletContextHandler@75d978a9{static,/static,jar:file:/home/runner/.m2/repository/org/apache/ozone/hdds-container-service/1.2.0-SNAPSHOT/hdds-container-service-1.2.0-SNAPSHOT.jar!/webapps/static,AVAILABLE}
2021-07-23 00:57:13,762 [om1@group-C5BA1605619E-LeaderElection1] INFO  server.RaftServerConfigKeys (ConfUtils.java:logGet(44)) - raft.server.write.element-limit = 4096 (default)
2021-07-23 00:57:13,762 [om1@group-C5BA1605619E-LeaderElection1] INFO  server.RaftServerConfigKeys (ConfUtils.java:logGet(44)) - raft.server.write.byte-limit = 64MB (=67108864) (default)
2021-07-23 00:57:13,794 [om1@group-C5BA1605619E-LeaderElection1] INFO  server.RaftServerConfigKeys (ConfUtils.java:logGet(44)) - raft.server.watch.timeout = 10s (default)
2021-07-23 00:57:13,794 [om1@group-C5BA1605619E-LeaderElection1] INFO  server.RaftServerConfigKeys (ConfUtils.java:logGet(44)) - raft.server.watch.timeout.denomination = 1s (default)
2021-07-23 00:57:13,799 [om1@group-C5BA1605619E-LeaderElection1] INFO  server.RaftServerConfigKeys (ConfUtils.java:logGet(44)) - raft.server.watch.element-limit = 65536 (default)
2021-07-23 00:57:13,810 [om1@group-C5BA1605619E-LeaderElection1] INFO  impl.RoleInfo (RoleInfo.java:updateAndGet(130)) - om1: start om1@group-C5BA1605619E-LeaderStateImpl
2021-07-23 00:57:13,947 [Listener at 127.0.0.1/34417] INFO  handler.ContextHandler (ContextHandler.java:doStart(916)) - Started o.e.j.w.WebAppContext@579325f2{hddsDatanode,/,file:///tmp/jetty-0_0_0_0-40677-hdds-container-service-1_2_0-SNAPSHOT_jar-_-any-4984627492454511098/webapp/,AVAILABLE}{jar:file:/home/runner/.m2/repository/org/apache/ozone/hdds-container-service/1.2.0-SNAPSHOT/hdds-container-service-1.2.0-SNAPSHOT.jar!/webapps/hddsDatanode}
2021-07-23 00:57:13,951 [Listener at 127.0.0.1/34417] INFO  server.AbstractConnector (AbstractConnector.java:doStart(331)) - Started ServerConnector@6d0d557c{HTTP/1.1, (http/1.1)}{0.0.0.0:40677}
2021-07-23 00:57:13,951 [Listener at 127.0.0.1/34417] INFO  server.Server (Server.java:doStart(415)) - Started @6637ms
2021-07-23 00:57:13,951 [Listener at 127.0.0.1/34417] WARN  impl.MetricsSystemImpl (MetricsSystemImpl.java:register(279)) - Sink prometheus already exists!
2021-07-23 00:57:13,952 [Listener at 127.0.0.1/34417] INFO  http.BaseHttpServer (BaseHttpServer.java:updateConnectorAddress(329)) - HTTP server of hddsDatanode listening at http://0.0.0.0:40677
2021-07-23 00:57:13,955 [Listener at 127.0.0.1/34417] INFO  ozone.MiniOzoneClusterImpl (MiniOzoneClusterImpl.java:lambda$waitForClusterToBeReady$0(230)) - Waiting for nodes to be ready. Got 0 of 3 DN Heartbeats.
2021-07-23 00:57:13,955 [Listener at 127.0.0.1/34417] INFO  ozone.MiniOzoneClusterImpl (MiniOzoneClusterImpl.java:lambda$waitForClusterToBeReady$0(233)) - Waiting for cluster to exit safe mode
2021-07-23 00:57:13,955 [Listener at 127.0.0.1/34417] INFO  ozone.MiniOzoneClusterImpl (MiniOzoneClusterImpl.java:lambda$waitForClusterToBeReady$0(235)) - SCM became leader
2021-07-23 00:57:13,969 [om1@group-C5BA1605619E-LeaderElection1] INFO  segmented.SegmentedRaftLogWorker (SegmentedRaftLogWorker.java:startLogSegment(394)) - om1@group-C5BA1605619E-SegmentedRaftLogWorker: Starting segment from index:0
2021-07-23 00:57:13,985 [Datanode State Machine Task Thread - 0] INFO  datanode.InitDatanodeState (InitDatanodeState.java:persistContainerDatanodeDetails(145)) - DatanodeDetails is persisted to /home/runner/work/ozone/ozone/mnt/ozone/hadoop-ozone/integration-test/target/test-dir/MiniOzoneClusterImpl-8cc5c0ec-9048-4102-91ef-822c63deda73/datanode-2/meta/datanode.id
2021-07-23 00:57:13,986 [org.apache.hadoop.util.JvmPauseMonitor$Monitor@1b131a19] INFO  util.JvmPauseMonitor (JvmPauseMonitor.java:run(188)) - Starting JVM pause monitor
2021-07-23 00:57:14,033 [om1@group-C5BA1605619E-LeaderElection1] INFO  server.RaftServer$Division (ServerState.java:setRaftConf(387)) - om1@group-C5BA1605619E: set configuration 0: [om1|rpc:localhost:9872|admin:|client:|dataStream:|priority:0], old=null
2021-07-23 00:57:14,063 [om1@group-C5BA1605619E-SegmentedRaftLogWorker] INFO  segmented.SegmentedRaftLogWorker (SegmentedRaftLogWorker.java:execute(601)) - om1@group-C5BA1605619E-SegmentedRaftLogWorker: created new log segment /home/runner/work/ozone/ozone/mnt/ozone/hadoop-ozone/integration-test/target/test-dir/MiniOzoneClusterImpl-8cc5c0ec-9048-4102-91ef-822c63deda73/ozone-meta/ratis/bf265839-605b-3f16-9796-c5ba1605619e/current/log_inprogress_0
2021-07-23 00:57:14,956 [Listener at 127.0.0.1/34417] INFO  ozone.MiniOzoneClusterImpl (MiniOzoneClusterImpl.java:lambda$waitForClusterToBeReady$0(230)) - Waiting for nodes to be ready. Got 0 of 3 DN Heartbeats.
2021-07-23 00:57:14,956 [Listener at 127.0.0.1/34417] INFO  ozone.MiniOzoneClusterImpl (MiniOzoneClusterImpl.java:lambda$waitForClusterToBeReady$0(233)) - Waiting for cluster to exit safe mode
2021-07-23 00:57:14,957 [Listener at 127.0.0.1/34417] INFO  ozone.MiniOzoneClusterImpl (MiniOzoneClusterImpl.java:lambda$waitForClusterToBeReady$0(235)) - SCM became leader
2021-07-23 00:57:15,361 [EndpointStateMachine task thread for /0.0.0.0:37119 - 0 ] INFO  ozoneimpl.OzoneContainer (OzoneContainer.java:start(305)) - Attempting to start container services.
2021-07-23 00:57:15,362 [EndpointStateMachine task thread for /0.0.0.0:37119 - 0 ] INFO  ozoneimpl.OzoneContainer (OzoneContainer.java:startContainerScrub(250)) - Background container scanner has been disabled.
2021-07-23 00:57:15,364 [EndpointStateMachine task thread for /0.0.0.0:37119 - 0 ] INFO  replication.ReplicationServer (ReplicationServer.java:start(106)) - ReplicationServer is started using port 40591
2021-07-23 00:57:15,367 [EndpointStateMachine task thread for /0.0.0.0:37119 - 0 ] INFO  ratis.XceiverServerRatis (XceiverServerRatis.java:start(478)) - Starting XceiverServerRatis dd0a5bb7-4770-4f66-9d90-0fb3dd50f458
2021-07-23 00:57:15,368 [EndpointStateMachine task thread for /0.0.0.0:37119 - 0 ] INFO  server.RaftServer (RaftServerProxy.java:lambda$start$5(374)) - dd0a5bb7-4770-4f66-9d90-0fb3dd50f458: start RPC server
2021-07-23 00:57:15,373 [EndpointStateMachine task thread for /0.0.0.0:37119 - 0 ] INFO  server.GrpcService (GrpcService.java:startImpl(253)) - dd0a5bb7-4770-4f66-9d90-0fb3dd50f458: GrpcService started, listening on 42569
2021-07-23 00:57:15,374 [EndpointStateMachine task thread for /0.0.0.0:37119 - 0 ] INFO  ratis.XceiverServerRatis (XceiverServerRatis.java:getRealPort(499)) - XceiverServerRatis dd0a5bb7-4770-4f66-9d90-0fb3dd50f458 is started using port 42569 for RATIS
2021-07-23 00:57:15,375 [EndpointStateMachine task thread for /0.0.0.0:37119 - 0 ] INFO  ratis.XceiverServerRatis (XceiverServerRatis.java:getRealPort(499)) - XceiverServerRatis dd0a5bb7-4770-4f66-9d90-0fb3dd50f458 is started using port 42569 for RATIS_ADMIN
2021-07-23 00:57:15,375 [EndpointStateMachine task thread for /0.0.0.0:37119 - 0 ] INFO  ratis.XceiverServerRatis (XceiverServerRatis.java:getRealPort(499)) - XceiverServerRatis dd0a5bb7-4770-4f66-9d90-0fb3dd50f458 is started using port 42569 for RATIS_SERVER
2021-07-23 00:57:15,379 [EndpointStateMachine task thread for /0.0.0.0:37119 - 0 ] INFO  server.XceiverServerGrpc (XceiverServerGrpc.java:start(135)) - XceiverServerGrpc dd0a5bb7-4770-4f66-9d90-0fb3dd50f458 is started using port 34461
2021-07-23 00:57:15,379 [org.apache.ratis.util.JvmPauseMonitor$$Lambda$526/1160298887@62f84e43] INFO  util.JvmPauseMonitor (JvmPauseMonitor.java:run(103)) - JvmPauseMonitor-dd0a5bb7-4770-4f66-9d90-0fb3dd50f458: Started
2021-07-23 00:57:15,602 [EndpointStateMachine task thread for /0.0.0.0:37119 - 0 ] INFO  ozoneimpl.OzoneContainer (OzoneContainer.java:start(305)) - Attempting to start container services.
2021-07-23 00:57:15,602 [EndpointStateMachine task thread for /0.0.0.0:37119 - 0 ] INFO  ozoneimpl.OzoneContainer (OzoneContainer.java:startContainerScrub(250)) - Background container scanner has been disabled.
2021-07-23 00:57:15,603 [EndpointStateMachine task thread for /0.0.0.0:37119 - 0 ] INFO  replication.ReplicationServer (ReplicationServer.java:start(106)) - ReplicationServer is started using port 36119
2021-07-23 00:57:15,604 [EndpointStateMachine task thread for /0.0.0.0:37119 - 0 ] INFO  ratis.XceiverServerRatis (XceiverServerRatis.java:start(478)) - Starting XceiverServerRatis a10aadcf-1631-4a33-847f-9d04cfd12be0
2021-07-23 00:57:15,604 [EndpointStateMachine task thread for /0.0.0.0:37119 - 0 ] INFO  server.RaftServer (RaftServerProxy.java:lambda$start$5(374)) - a10aadcf-1631-4a33-847f-9d04cfd12be0: start RPC server
2021-07-23 00:57:15,609 [EndpointStateMachine task thread for /0.0.0.0:37119 - 0 ] INFO  server.GrpcService (GrpcService.java:startImpl(253)) - a10aadcf-1631-4a33-847f-9d04cfd12be0: GrpcService started, listening on 45765
2021-07-23 00:57:15,610 [EndpointStateMachine task thread for /0.0.0.0:37119 - 0 ] INFO  ratis.XceiverServerRatis (XceiverServerRatis.java:getRealPort(499)) - XceiverServerRatis a10aadcf-1631-4a33-847f-9d04cfd12be0 is started using port 45765 for RATIS
2021-07-23 00:57:15,610 [EndpointStateMachine task thread for /0.0.0.0:37119 - 0 ] INFO  ratis.XceiverServerRatis (XceiverServerRatis.java:getRealPort(499)) - XceiverServerRatis a10aadcf-1631-4a33-847f-9d04cfd12be0 is started using port 45765 for RATIS_ADMIN
2021-07-23 00:57:15,611 [EndpointStateMachine task thread for /0.0.0.0:37119 - 0 ] INFO  ratis.XceiverServerRatis (XceiverServerRatis.java:getRealPort(499)) - XceiverServerRatis a10aadcf-1631-4a33-847f-9d04cfd12be0 is started using port 45765 for RATIS_SERVER
2021-07-23 00:57:15,611 [org.apache.ratis.util.JvmPauseMonitor$$Lambda$526/1160298887@35bf411e] INFO  util.JvmPauseMonitor (JvmPauseMonitor.java:run(103)) - JvmPauseMonitor-a10aadcf-1631-4a33-847f-9d04cfd12be0: Started
2021-07-23 00:57:15,611 [EndpointStateMachine task thread for /0.0.0.0:37119 - 0 ] INFO  server.XceiverServerGrpc (XceiverServerGrpc.java:start(135)) - XceiverServerGrpc a10aadcf-1631-4a33-847f-9d04cfd12be0 is started using port 33961
2021-07-23 00:57:15,957 [Listener at 127.0.0.1/34417] INFO  ozone.MiniOzoneClusterImpl (MiniOzoneClusterImpl.java:lambda$waitForClusterToBeReady$0(230)) - Waiting for nodes to be ready. Got 0 of 3 DN Heartbeats.
2021-07-23 00:57:15,957 [Listener at 127.0.0.1/34417] INFO  ozone.MiniOzoneClusterImpl (MiniOzoneClusterImpl.java:lambda$waitForClusterToBeReady$0(233)) - Waiting for cluster to exit safe mode
2021-07-23 00:57:15,957 [Listener at 127.0.0.1/34417] INFO  ozone.MiniOzoneClusterImpl (MiniOzoneClusterImpl.java:lambda$waitForClusterToBeReady$0(235)) - SCM became leader
2021-07-23 00:57:15,983 [EndpointStateMachine task thread for /0.0.0.0:37119 - 0 ] INFO  ozoneimpl.OzoneContainer (OzoneContainer.java:start(305)) - Attempting to start container services.
2021-07-23 00:57:15,984 [EndpointStateMachine task thread for /0.0.0.0:37119 - 0 ] INFO  ozoneimpl.OzoneContainer (OzoneContainer.java:startContainerScrub(250)) - Background container scanner has been disabled.
2021-07-23 00:57:15,985 [EndpointStateMachine task thread for /0.0.0.0:37119 - 0 ] INFO  replication.ReplicationServer (ReplicationServer.java:start(106)) - ReplicationServer is started using port 37515
2021-07-23 00:57:15,985 [EndpointStateMachine task thread for /0.0.0.0:37119 - 0 ] INFO  ratis.XceiverServerRatis (XceiverServerRatis.java:start(478)) - Starting XceiverServerRatis c0918ed1-71ae-4b85-9b7a-7a5f0f49a9a3
2021-07-23 00:57:15,986 [EndpointStateMachine task thread for /0.0.0.0:37119 - 0 ] INFO  server.RaftServer (RaftServerProxy.java:lambda$start$5(374)) - c0918ed1-71ae-4b85-9b7a-7a5f0f49a9a3: start RPC server
2021-07-23 00:57:15,991 [EndpointStateMachine task thread for /0.0.0.0:37119 - 0 ] INFO  server.GrpcService (GrpcService.java:startImpl(253)) - c0918ed1-71ae-4b85-9b7a-7a5f0f49a9a3: GrpcService started, listening on 35867
2021-07-23 00:57:15,996 [EndpointStateMachine task thread for /0.0.0.0:37119 - 0 ] INFO  ratis.XceiverServerRatis (XceiverServerRatis.java:getRealPort(499)) - XceiverServerRatis c0918ed1-71ae-4b85-9b7a-7a5f0f49a9a3 is started using port 35867 for RATIS
2021-07-23 00:57:15,996 [org.apache.ratis.util.JvmPauseMonitor$$Lambda$526/1160298887@5bcd9c52] INFO  util.JvmPauseMonitor (JvmPauseMonitor.java:run(103)) - JvmPauseMonitor-c0918ed1-71ae-4b85-9b7a-7a5f0f49a9a3: Started
2021-07-23 00:57:15,996 [EndpointStateMachine task thread for /0.0.0.0:37119 - 0 ] INFO  ratis.XceiverServerRatis (XceiverServerRatis.java:getRealPort(499)) - XceiverServerRatis c0918ed1-71ae-4b85-9b7a-7a5f0f49a9a3 is started using port 35867 for RATIS_ADMIN
2021-07-23 00:57:15,997 [EndpointStateMachine task thread for /0.0.0.0:37119 - 0 ] INFO  ratis.XceiverServerRatis (XceiverServerRatis.java:getRealPort(499)) - XceiverServerRatis c0918ed1-71ae-4b85-9b7a-7a5f0f49a9a3 is started using port 35867 for RATIS_SERVER
2021-07-23 00:57:15,998 [EndpointStateMachine task thread for /0.0.0.0:37119 - 0 ] INFO  server.XceiverServerGrpc (XceiverServerGrpc.java:start(135)) - XceiverServerGrpc c0918ed1-71ae-4b85-9b7a-7a5f0f49a9a3 is started using port 40823
2021-07-23 00:57:16,958 [Listener at 127.0.0.1/34417] INFO  ozone.MiniOzoneClusterImpl (MiniOzoneClusterImpl.java:lambda$waitForClusterToBeReady$0(230)) - Waiting for nodes to be ready. Got 0 of 3 DN Heartbeats.
2021-07-23 00:57:16,958 [Listener at 127.0.0.1/34417] INFO  ozone.MiniOzoneClusterImpl (MiniOzoneClusterImpl.java:lambda$waitForClusterToBeReady$0(233)) - Waiting for cluster to exit safe mode
2021-07-23 00:57:16,958 [Listener at 127.0.0.1/34417] INFO  ozone.MiniOzoneClusterImpl (MiniOzoneClusterImpl.java:lambda$waitForClusterToBeReady$0(235)) - SCM became leader
2021-07-23 00:57:17,326 [IPC Server handler 18 on default port 37119] INFO  net.NetworkTopologyImpl (NetworkTopologyImpl.java:add(112)) - Added a new node: /default-rack/dd0a5bb7-4770-4f66-9d90-0fb3dd50f458
2021-07-23 00:57:17,327 [IPC Server handler 18 on default port 37119] INFO  node.SCMNodeManager (SCMNodeManager.java:register(386)) - Registered Data node : dd0a5bb7-4770-4f66-9d90-0fb3dd50f458{ip: 10.1.0.23, host: fv-az184-788.3ow45vhwbzuu5incsxmygykede.cx.internal.cloudapp.net, ports: [REPLICATION=40591, RATIS=42569, RATIS_ADMIN=42569, RATIS_SERVER=42569, STANDALONE=34461], networkLocation: /default-rack, certSerialId: null, persistedOpState: null, persistedOpStateExpiryEpochSec: 0}
2021-07-23 00:57:17,331 [EventQueue-NewNodeForNewNodeHandler] INFO  pipeline.BackgroundPipelineCreator (BackgroundPipelineCreatorV2.java:notifyEventTriggered(285)) - trigger a one-shot run on RatisPipelineUtilsThread.
2021-07-23 00:57:17,335 [EventQueue-NodeRegistrationContainerReportForContainerSafeModeRule] INFO  safemode.SCMSafeModeManager (SCMSafeModeManager.java:validateSafeModeExitRules(204)) - ContainerSafeModeRule rule is successfully validated
2021-07-23 00:57:17,335 [EventQueue-NodeRegistrationContainerReportForDataNodeSafeModeRule] INFO  safemode.SCMSafeModeManager (DataNodeSafeModeRule.java:process(71)) - SCM in safe mode. 1 DataNodes registered, 3 required.
2021-07-23 00:57:17,343 [EventQueue-PipelineReportForOneReplicaPipelineSafeModeRule] INFO  safemode.SCMSafeModeManager (SCMSafeModeManager.java:validateSafeModeExitRules(204)) - AtleastOneDatanodeReportedRule rule is successfully validated
2021-07-23 00:57:17,590 [IPC Server handler 17 on default port 37119] INFO  net.NetworkTopologyImpl (NetworkTopologyImpl.java:add(112)) - Added a new node: /default-rack/a10aadcf-1631-4a33-847f-9d04cfd12be0
2021-07-23 00:57:17,591 [IPC Server handler 17 on default port 37119] INFO  node.SCMNodeManager (SCMNodeManager.java:register(386)) - Registered Data node : a10aadcf-1631-4a33-847f-9d04cfd12be0{ip: 10.1.0.23, host: fv-az184-788.3ow45vhwbzuu5incsxmygykede.cx.internal.cloudapp.net, ports: [REPLICATION=36119, RATIS=45765, RATIS_ADMIN=45765, RATIS_SERVER=45765, STANDALONE=33961], networkLocation: /default-rack, certSerialId: null, persistedOpState: null, persistedOpStateExpiryEpochSec: 0}
2021-07-23 00:57:17,591 [EventQueue-NewNodeForNewNodeHandler] INFO  pipeline.BackgroundPipelineCreator (BackgroundPipelineCreatorV2.java:notifyEventTriggered(285)) - trigger a one-shot run on RatisPipelineUtilsThread.
2021-07-23 00:57:17,591 [EventQueue-NodeRegistrationContainerReportForDataNodeSafeModeRule] INFO  safemode.SCMSafeModeManager (DataNodeSafeModeRule.java:process(71)) - SCM in safe mode. 2 DataNodes registered, 3 required.
2021-07-23 00:57:17,958 [Listener at 127.0.0.1/34417] INFO  ozone.MiniOzoneClusterImpl (MiniOzoneClusterImpl.java:lambda$waitForClusterToBeReady$0(230)) - Waiting for nodes to be ready. Got 2 of 3 DN Heartbeats.
2021-07-23 00:57:17,959 [Listener at 127.0.0.1/34417] INFO  ozone.MiniOzoneClusterImpl (MiniOzoneClusterImpl.java:lambda$waitForClusterToBeReady$0(233)) - Waiting for cluster to exit safe mode
2021-07-23 00:57:17,959 [Listener at 127.0.0.1/34417] INFO  ozone.MiniOzoneClusterImpl (MiniOzoneClusterImpl.java:lambda$waitForClusterToBeReady$0(235)) - SCM became leader
2021-07-23 00:57:17,981 [IPC Server handler 19 on default port 37119] INFO  net.NetworkTopologyImpl (NetworkTopologyImpl.java:add(112)) - Added a new node: /default-rack/c0918ed1-71ae-4b85-9b7a-7a5f0f49a9a3
2021-07-23 00:57:17,982 [IPC Server handler 19 on default port 37119] INFO  node.SCMNodeManager (SCMNodeManager.java:register(386)) - Registered Data node : c0918ed1-71ae-4b85-9b7a-7a5f0f49a9a3{ip: 10.1.0.23, host: fv-az184-788.3ow45vhwbzuu5incsxmygykede.cx.internal.cloudapp.net, ports: [REPLICATION=37515, RATIS=35867, RATIS_ADMIN=35867, RATIS_SERVER=35867, STANDALONE=40823], networkLocation: /default-rack, certSerialId: null, persistedOpState: null, persistedOpStateExpiryEpochSec: 0}
2021-07-23 00:57:17,982 [EventQueue-NewNodeForNewNodeHandler] INFO  pipeline.BackgroundPipelineCreator (BackgroundPipelineCreatorV2.java:notifyEventTriggered(285)) - trigger a one-shot run on RatisPipelineUtilsThread.
2021-07-23 00:57:17,982 [EventQueue-NodeRegistrationContainerReportForDataNodeSafeModeRule] INFO  safemode.SCMSafeModeManager (DataNodeSafeModeRule.java:process(71)) - SCM in safe mode. 3 DataNodes registered, 3 required.
2021-07-23 00:57:17,982 [EventQueue-NodeRegistrationContainerReportForDataNodeSafeModeRule] INFO  safemode.SCMSafeModeManager (SCMSafeModeManager.java:validateSafeModeExitRules(204)) - DataNodeSafeModeRule rule is successfully validated
2021-07-23 00:57:17,982 [EventQueue-NodeRegistrationContainerReportForDataNodeSafeModeRule] INFO  safemode.SCMSafeModeManager (SCMSafeModeManager.java:completePreCheck(233)) - All SCM safe mode pre check rules have passed
2021-07-23 00:57:17,982 [EventQueue-NodeRegistrationContainerReportForDataNodeSafeModeRule] WARN  events.EventQueue (EventQueue.java:fireEvent(194)) - No event handler registered for event TypedEvent{payloadType=SafeModeStatus, name='Safe mode status'}
2021-07-23 00:57:17,983 [EventQueue-NodeRegistrationContainerReportForDataNodeSafeModeRule] INFO  ha.SCMContext (SCMContext.java:updateSafeModeStatus(205)) - Update SafeModeStatus from SafeModeStatus{safeModeStatus=true, preCheckPassed=false} to SafeModeStatus{safeModeStatus=true, preCheckPassed=true}.
2021-07-23 00:57:17,983 [EventQueue-NodeRegistrationContainerReportForDataNodeSafeModeRule] INFO  pipeline.BackgroundPipelineCreator (BackgroundPipelineCreatorV2.java:notifyEventTriggered(285)) - trigger a one-shot run on RatisPipelineUtilsThread.
2021-07-23 00:57:17,992 [RatisPipelineUtilsThread - 0] INFO  pipeline.RatisPipelineProvider (RatisPipelineProvider.java:lambda$create$0(183)) - Sending CreatePipelineCommand for pipeline:PipelineID=c7fbcee6-1ac8-4bb1-8b7a-f00fde780096 to datanode:dd0a5bb7-4770-4f66-9d90-0fb3dd50f458
2021-07-23 00:57:17,992 [RatisPipelineUtilsThread - 0] INFO  pipeline.RatisPipelineProvider (RatisPipelineProvider.java:lambda$create$0(183)) - Sending CreatePipelineCommand for pipeline:PipelineID=c7fbcee6-1ac8-4bb1-8b7a-f00fde780096 to datanode:a10aadcf-1631-4a33-847f-9d04cfd12be0
2021-07-23 00:57:17,992 [RatisPipelineUtilsThread - 0] INFO  pipeline.RatisPipelineProvider (RatisPipelineProvider.java:lambda$create$0(183)) - Sending CreatePipelineCommand for pipeline:PipelineID=c7fbcee6-1ac8-4bb1-8b7a-f00fde780096 to datanode:c0918ed1-71ae-4b85-9b7a-7a5f0f49a9a3
2021-07-23 00:57:18,000 [RatisPipelineUtilsThread - 0] INFO  pipeline.PipelineStateManager (PipelineStateManagerV2Impl.java:addPipeline(101)) - Created pipeline Pipeline[ Id: c7fbcee6-1ac8-4bb1-8b7a-f00fde780096, Nodes: dd0a5bb7-4770-4f66-9d90-0fb3dd50f458{ip: 10.1.0.23, host: fv-az184-788.3ow45vhwbzuu5incsxmygykede.cx.internal.cloudapp.net, ports: [REPLICATION=40591, RATIS=42569, RATIS_ADMIN=42569, RATIS_SERVER=42569, STANDALONE=34461], networkLocation: /default-rack, certSerialId: null, persistedOpState: IN_SERVICE, persistedOpStateExpiryEpochSec: 0}a10aadcf-1631-4a33-847f-9d04cfd12be0{ip: 10.1.0.23, host: fv-az184-788.3ow45vhwbzuu5incsxmygykede.cx.internal.cloudapp.net, ports: [REPLICATION=36119, RATIS=45765, RATIS_ADMIN=45765, RATIS_SERVER=45765, STANDALONE=33961], networkLocation: /default-rack, certSerialId: null, persistedOpState: IN_SERVICE, persistedOpStateExpiryEpochSec: 0}c0918ed1-71ae-4b85-9b7a-7a5f0f49a9a3{ip: 10.1.0.23, host: fv-az184-788.3ow45vhwbzuu5incsxmygykede.cx.internal.cloudapp.net, ports: [REPLICATION=37515, RATIS=35867, RATIS_ADMIN=35867, RATIS_SERVER=35867, STANDALONE=40823], networkLocation: /default-rack, certSerialId: null, persistedOpState: IN_SERVICE, persistedOpStateExpiryEpochSec: 0}, ReplicationConfig: RATIS/THREE, State:ALLOCATED, leaderId:, CreationTimestamp2021-07-23T00:57:17.989Z[Etc/UTC]].
2021-07-23 00:57:18,959 [Listener at 127.0.0.1/34417] INFO  ozone.MiniOzoneClusterImpl (MiniOzoneClusterImpl.java:lambda$waitForClusterToBeReady$0(230)) - Nodes are ready. Got 3 of 3 DN Heartbeats.
2021-07-23 00:57:18,959 [Listener at 127.0.0.1/34417] INFO  ozone.MiniOzoneClusterImpl (MiniOzoneClusterImpl.java:lambda$waitForClusterToBeReady$0(233)) - Waiting for cluster to exit safe mode
2021-07-23 00:57:18,959 [Listener at 127.0.0.1/34417] INFO  ozone.MiniOzoneClusterImpl (MiniOzoneClusterImpl.java:lambda$waitForClusterToBeReady$0(235)) - SCM became leader
2021-07-23 00:57:19,960 [Listener at 127.0.0.1/34417] INFO  ozone.MiniOzoneClusterImpl (MiniOzoneClusterImpl.java:lambda$waitForClusterToBeReady$0(230)) - Nodes are ready. Got 3 of 3 DN Heartbeats.
2021-07-23 00:57:19,960 [Listener at 127.0.0.1/34417] INFO  ozone.MiniOzoneClusterImpl (MiniOzoneClusterImpl.java:lambda$waitForClusterToBeReady$0(233)) - Waiting for cluster to exit safe mode
2021-07-23 00:57:19,960 [Listener at 127.0.0.1/34417] INFO  ozone.MiniOzoneClusterImpl (MiniOzoneClusterImpl.java:lambda$waitForClusterToBeReady$0(235)) - SCM became leader
2021-07-23 00:57:20,313 [Command processor thread] INFO  server.RaftServer (RaftServerProxy.java:addNew(95)) - dd0a5bb7-4770-4f66-9d90-0fb3dd50f458: addNew group-F00FDE780096:[dd0a5bb7-4770-4f66-9d90-0fb3dd50f458|rpc:10.1.0.23:42569|priority:1, c0918ed1-71ae-4b85-9b7a-7a5f0f49a9a3|rpc:10.1.0.23:35867|priority:0, a10aadcf-1631-4a33-847f-9d04cfd12be0|rpc:10.1.0.23:45765|priority:0] returns group-F00FDE780096:java.util.concurrent.CompletableFuture@8082d3f[Not completed]
2021-07-23 00:57:20,326 [pool-54-thread-1] INFO  server.RaftServer$Division (RaftServerImpl.java:<init>(181)) - dd0a5bb7-4770-4f66-9d90-0fb3dd50f458: new RaftServerImpl for group-F00FDE780096:[dd0a5bb7-4770-4f66-9d90-0fb3dd50f458|rpc:10.1.0.23:42569|priority:1, c0918ed1-71ae-4b85-9b7a-7a5f0f49a9a3|rpc:10.1.0.23:35867|priority:0, a10aadcf-1631-4a33-847f-9d04cfd12be0|rpc:10.1.0.23:45765|priority:0] with ContainerStateMachine:uninitialized
2021-07-23 00:57:20,327 [pool-54-thread-1] INFO  server.RaftServerConfigKeys (ConfUtils.java:logGet(44)) - raft.server.rpc.timeout.min = 5s (custom)
2021-07-23 00:57:20,327 [pool-54-thread-1] INFO  server.RaftServerConfigKeys (ConfUtils.java:logGet(44)) - raft.server.rpc.timeout.max = 5200ms (custom)
2021-07-23 00:57:20,327 [pool-54-thread-1] INFO  server.RaftServerConfigKeys (ConfUtils.java:logGet(44)) - raft.server.rpc.sleep.time = 25ms (default)
2021-07-23 00:57:20,327 [pool-54-thread-1] INFO  server.RaftServerConfigKeys (ConfUtils.java:logGet(44)) - raft.server.rpc.slowness.timeout = 300s (custom)
2021-07-23 00:57:20,327 [pool-54-thread-1] INFO  server.RaftServerConfigKeys (ConfUtils.java:logGet(44)) - raft.server.leaderelection.leader.step-down.wait-time = 10s (default)
2021-07-23 00:57:20,327 [pool-54-thread-1] INFO  server.RaftServerConfigKeys (ConfUtils.java:logGet(44)) - raft.server.sleep.deviation.threshold = 300ms (default)
2021-07-23 00:57:20,327 [pool-54-thread-1] INFO  server.RaftServerConfigKeys (ConfUtils.java:logGet(44)) - raft.server.log.appender.install.snapshot.enabled = false (custom)
2021-07-23 00:57:20,327 [pool-54-thread-1] INFO  server.RaftServer$Division (ServerState.java:<init>(105)) - dd0a5bb7-4770-4f66-9d90-0fb3dd50f458@group-F00FDE780096: ConfigurationManager, init=-1: [dd0a5bb7-4770-4f66-9d90-0fb3dd50f458|rpc:10.1.0.23:42569|priority:1, c0918ed1-71ae-4b85-9b7a-7a5f0f49a9a3|rpc:10.1.0.23:35867|priority:0, a10aadcf-1631-4a33-847f-9d04cfd12be0|rpc:10.1.0.23:45765|priority:0], old=null, confs=<EMPTY_MAP>
2021-07-23 00:57:20,327 [pool-54-thread-1] INFO  server.RaftServerConfigKeys (ConfUtils.java:logGet(44)) - raft.server.storage.dir = [/home/runner/work/ozone/ozone/mnt/ozone/hadoop-ozone/integration-test/target/test-dir/MiniOzoneClusterImpl-8cc5c0ec-9048-4102-91ef-822c63deda73/datanode-0/data/ratis] (custom)
2021-07-23 00:57:20,328 [pool-54-thread-1] INFO  server.RaftServerConfigKeys (ConfUtils.java:logGet(44)) - raft.server.log.corruption.policy = EXCEPTION (default)
2021-07-23 00:57:20,328 [pool-54-thread-1] INFO  server.RaftServerConfigKeys (ConfUtils.java:logGet(44)) - raft.server.storage.free-space.min = 0MB (=0) (default)
2021-07-23 00:57:20,328 [pool-54-thread-1] INFO  storage.RaftStorageDirectory (RaftStorageDirectoryImpl.java:analyzeStorage(135)) - The storage directory /home/runner/work/ozone/ozone/mnt/ozone/hadoop-ozone/integration-test/target/test-dir/MiniOzoneClusterImpl-8cc5c0ec-9048-4102-91ef-822c63deda73/datanode-0/data/ratis/c7fbcee6-1ac8-4bb1-8b7a-f00fde780096 does not exist. Creating ...
2021-07-23 00:57:20,330 [pool-54-thread-1] INFO  storage.RaftStorageDirectory (RaftStorageDirectoryImpl.java:tryLock(230)) - Lock on /home/runner/work/ozone/ozone/mnt/ozone/hadoop-ozone/integration-test/target/test-dir/MiniOzoneClusterImpl-8cc5c0ec-9048-4102-91ef-822c63deda73/datanode-0/data/ratis/c7fbcee6-1ac8-4bb1-8b7a-f00fde780096/in_use.lock acquired by nodename 8356@fv-az184-788
2021-07-23 00:57:20,331 [pool-54-thread-1] INFO  storage.RaftStorage (RaftStorageImpl.java:format(89)) - Storage directory /home/runner/work/ozone/ozone/mnt/ozone/hadoop-ozone/integration-test/target/test-dir/MiniOzoneClusterImpl-8cc5c0ec-9048-4102-91ef-822c63deda73/datanode-0/data/ratis/c7fbcee6-1ac8-4bb1-8b7a-f00fde780096 has been successfully formatted.
2021-07-23 00:57:20,334 [pool-54-thread-1] INFO  ratis.ContainerStateMachine (ContainerStateMachine.java:loadSnapshot(223)) - group-F00FDE780096: The snapshot info is null. Setting the last applied indexto:(t:0, i:~)
2021-07-23 00:57:20,335 [pool-54-thread-1] INFO  server.RaftServerConfigKeys (ConfUtils.java:logGet(44)) - raft.server.notification.no-leader.timeout = 300s (custom)
2021-07-23 00:57:20,335 [Datanode State Machine Thread - 0] WARN  statemachine.StateContext (StateContext.java:execute(621)) - No available thread in pool for past 0 seconds.
2021-07-23 00:57:20,335 [pool-54-thread-1] INFO  server.RaftServerConfigKeys (ConfUtils.java:logGet(44)) - raft.server.log.use.memory = false (default)
2021-07-23 00:57:20,335 [pool-54-thread-1] INFO  server.RaftServerConfigKeys (ConfUtils.java:logGet(44)) - raft.server.log.purge.gap = 1000000 (custom)
2021-07-23 00:57:20,335 [pool-54-thread-1] INFO  server.RaftServerConfigKeys (ConfUtils.java:logGet(44)) - raft.server.log.appender.buffer.byte-limit = 33554432 (custom)
2021-07-23 00:57:20,335 [pool-54-thread-1] INFO  server.RaftServerConfigKeys (ConfUtils.java:logGet(44)) - raft.server.log.segment.size.max = 1048576 (custom)
2021-07-23 00:57:20,336 [pool-54-thread-1] INFO  server.RaftServerConfigKeys (ConfUtils.java:logGet(44)) - raft.server.log.segment.cache.num.max = 2 (custom)
2021-07-23 00:57:20,336 [pool-54-thread-1] INFO  server.RaftServerConfigKeys (ConfUtils.java:logGet(44)) - raft.server.log.segment.cache.size.max = 200MB (=209715200) (default)
2021-07-23 00:57:20,336 [pool-54-thread-1] INFO  segmented.SegmentedRaftLogWorker (SegmentedRaftLogWorker.java:<init>(182)) - new dd0a5bb7-4770-4f66-9d90-0fb3dd50f458@group-F00FDE780096-SegmentedRaftLogWorker for RaftStorageImpl:Storage Directory /home/runner/work/ozone/ozone/mnt/ozone/hadoop-ozone/integration-test/target/test-dir/MiniOzoneClusterImpl-8cc5c0ec-9048-4102-91ef-822c63deda73/datanode-0/data/ratis/c7fbcee6-1ac8-4bb1-8b7a-f00fde780096
2021-07-23 00:57:20,336 [pool-54-thread-1] INFO  server.RaftServerConfigKeys (ConfUtils.java:logGet(44)) - raft.server.log.queue.byte-limit = 2147483647 (custom)
2021-07-23 00:57:20,336 [pool-54-thread-1] INFO  server.RaftServerConfigKeys (ConfUtils.java:logGet(44)) - raft.server.log.queue.element-limit = 1024 (custom)
2021-07-23 00:57:20,336 [pool-54-thread-1] INFO  server.RaftServerConfigKeys (ConfUtils.java:logGet(44)) - raft.server.log.segment.size.max = 1048576 (custom)
2021-07-23 00:57:20,336 [pool-54-thread-1] INFO  server.RaftServerConfigKeys (ConfUtils.java:logGet(44)) - raft.server.log.preallocated.size = 16384 (custom)
2021-07-23 00:57:20,336 [pool-54-thread-1] INFO  server.RaftServerConfigKeys (ConfUtils.java:logGet(44)) - raft.server.log.force.sync.num = 128 (default)
2021-07-23 00:57:20,336 [pool-54-thread-1] INFO  server.RaftServerConfigKeys (ConfUtils.java:logGet(44)) - raft.server.log.statemachine.data.sync = true (default)
2021-07-23 00:57:20,337 [pool-54-thread-1] INFO  server.RaftServerConfigKeys (ConfUtils.java:logGet(44)) - raft.server.log.statemachine.data.sync.timeout = 10s (default)
2021-07-23 00:57:20,337 [pool-54-thread-1] INFO  server.RaftServerConfigKeys (ConfUtils.java:logGet(44)) - raft.server.log.statemachine.data.sync.timeout.retry = -1 (default)
2021-07-23 00:57:20,338 [pool-54-thread-1] INFO  server.RaftServerConfigKeys (ConfUtils.java:logGet(44)) - raft.server.log.write.buffer.size = 1048576 (custom)
2021-07-23 00:57:20,339 [pool-54-thread-1] INFO  server.RaftServerConfigKeys (ConfUtils.java:logGet(44)) - raft.server.log.statemachine.data.caching.enabled = true (custom)
2021-07-23 00:57:20,340 [pool-54-thread-1] INFO  segmented.SegmentedRaftLogWorker (SegmentedRaftLogWorker.java:lambda$new$0(133)) - dd0a5bb7-4770-4f66-9d90-0fb3dd50f458@group-F00FDE780096-SegmentedRaftLogWorker: flushIndex: setUnconditionally 0 -> -1
2021-07-23 00:57:20,340 [pool-54-thread-1] INFO  segmented.SegmentedRaftLogWorker (SegmentedRaftLogWorker.java:lambda$new$0(133)) - dd0a5bb7-4770-4f66-9d90-0fb3dd50f458@group-F00FDE780096-SegmentedRaftLogWorker: safeCacheEvictIndex: setUnconditionally 0 -> -1
2021-07-23 00:57:20,340 [pool-54-thread-1] INFO  server.RaftServerConfigKeys (ConfUtils.java:logGet(44)) - raft.server.snapshot.auto.trigger.enabled = true (custom)
2021-07-23 00:57:20,340 [pool-54-thread-1] INFO  server.RaftServerConfigKeys (ConfUtils.java:logGet(44)) - raft.server.snapshot.auto.trigger.threshold = 10000 (custom)
2021-07-23 00:57:20,340 [pool-54-thread-1] INFO  server.RaftServerConfigKeys (ConfUtils.java:logGet(44)) - raft.server.snapshot.retention.file.num = 5 (custom)
2021-07-23 00:57:20,340 [pool-54-thread-1] INFO  server.RaftServerConfigKeys (ConfUtils.java:logGet(44)) - raft.server.log.purge.upto.snapshot.index = false (default)
2021-07-23 00:57:20,340 [pool-54-thread-1] INFO  server.RaftServerConfigKeys (ConfUtils.java:logGet(44)) - raft.server.retrycache.expirytime = 600000ms (custom)
2021-07-23 00:57:20,341 [pool-54-thread-1] INFO  server.RaftServerConfigKeys (ConfUtils.java:logGet(44)) - raft.server.retrycache.statistics.expirytime = 100μs (default)
2021-07-23 00:57:20,342 [pool-54-thread-1] INFO  server.RaftServer$Division (RaftServerImpl.java:start(296)) - dd0a5bb7-4770-4f66-9d90-0fb3dd50f458@group-F00FDE780096: start as a follower, conf=-1: [dd0a5bb7-4770-4f66-9d90-0fb3dd50f458|rpc:10.1.0.23:42569|priority:1, c0918ed1-71ae-4b85-9b7a-7a5f0f49a9a3|rpc:10.1.0.23:35867|priority:0, a10aadcf-1631-4a33-847f-9d04cfd12be0|rpc:10.1.0.23:45765|priority:0], old=null
2021-07-23 00:57:20,342 [pool-54-thread-1] INFO  server.RaftServer$Division (RaftServerImpl.java:setRole(285)) - dd0a5bb7-4770-4f66-9d90-0fb3dd50f458@group-F00FDE780096: changes role from      null to FOLLOWER at term 0 for startAsFollower
2021-07-23 00:57:20,342 [pool-54-thread-1] INFO  impl.RoleInfo (RoleInfo.java:updateAndGet(130)) - dd0a5bb7-4770-4f66-9d90-0fb3dd50f458: start dd0a5bb7-4770-4f66-9d90-0fb3dd50f458@group-F00FDE780096-FollowerState
2021-07-23 00:57:20,347 [pool-54-thread-1] INFO  util.JmxRegister (JmxRegister.java:tryRegister(44)) - Successfully registered JMX Bean with object name Ratis:service=RaftServer,group=group-F00FDE780096,id=dd0a5bb7-4770-4f66-9d90-0fb3dd50f458
2021-07-23 00:57:20,354 [Command processor thread] INFO  ratis.XceiverServerRatis (XceiverServerRatis.java:addGroup(759)) - Created group PipelineID=c7fbcee6-1ac8-4bb1-8b7a-f00fde780096
2021-07-23 00:57:20,590 [Command processor thread] INFO  server.RaftServer (RaftServerProxy.java:addNew(95)) - a10aadcf-1631-4a33-847f-9d04cfd12be0: addNew group-F00FDE780096:[dd0a5bb7-4770-4f66-9d90-0fb3dd50f458|rpc:10.1.0.23:42569|priority:1, c0918ed1-71ae-4b85-9b7a-7a5f0f49a9a3|rpc:10.1.0.23:35867|priority:0, a10aadcf-1631-4a33-847f-9d04cfd12be0|rpc:10.1.0.23:45765|priority:0] returns group-F00FDE780096:java.util.concurrent.CompletableFuture@39282654[Not completed]
2021-07-23 00:57:20,638 [pool-72-thread-1] INFO  server.RaftServer$Division (RaftServerImpl.java:<init>(181)) - a10aadcf-1631-4a33-847f-9d04cfd12be0: new RaftServerImpl for group-F00FDE780096:[dd0a5bb7-4770-4f66-9d90-0fb3dd50f458|rpc:10.1.0.23:42569|priority:1, c0918ed1-71ae-4b85-9b7a-7a5f0f49a9a3|rpc:10.1.0.23:35867|priority:0, a10aadcf-1631-4a33-847f-9d04cfd12be0|rpc:10.1.0.23:45765|priority:0] with ContainerStateMachine:uninitialized
2021-07-23 00:57:20,648 [pool-72-thread-1] INFO  server.RaftServerConfigKeys (ConfUtils.java:logGet(44)) - raft.server.rpc.timeout.min = 5s (custom)
2021-07-23 00:57:20,648 [pool-72-thread-1] INFO  server.RaftServerConfigKeys (ConfUtils.java:logGet(44)) - raft.server.rpc.timeout.max = 5200ms (custom)
2021-07-23 00:57:20,648 [pool-72-thread-1] INFO  server.RaftServerConfigKeys (ConfUtils.java:logGet(44)) - raft.server.rpc.sleep.time = 25ms (default)
2021-07-23 00:57:20,648 [pool-72-thread-1] INFO  server.RaftServerConfigKeys (ConfUtils.java:logGet(44)) - raft.server.rpc.slowness.timeout = 300s (custom)
2021-07-23 00:57:20,648 [pool-72-thread-1] INFO  server.RaftServerConfigKeys (ConfUtils.java:logGet(44)) - raft.server.leaderelection.leader.step-down.wait-time = 10s (default)
2021-07-23 00:57:20,648 [pool-72-thread-1] INFO  server.RaftServerConfigKeys (ConfUtils.java:logGet(44)) - raft.server.sleep.deviation.threshold = 300ms (default)
2021-07-23 00:57:20,648 [pool-72-thread-1] INFO  server.RaftServerConfigKeys (ConfUtils.java:logGet(44)) - raft.server.log.appender.install.snapshot.enabled = false (custom)
2021-07-23 00:57:20,648 [pool-72-thread-1] INFO  server.RaftServer$Division (ServerState.java:<init>(105)) - a10aadcf-1631-4a33-847f-9d04cfd12be0@group-F00FDE780096: ConfigurationManager, init=-1: [dd0a5bb7-4770-4f66-9d90-0fb3dd50f458|rpc:10.1.0.23:42569|priority:1, c0918ed1-71ae-4b85-9b7a-7a5f0f49a9a3|rpc:10.1.0.23:35867|priority:0, a10aadcf-1631-4a33-847f-9d04cfd12be0|rpc:10.1.0.23:45765|priority:0], old=null, confs=<EMPTY_MAP>
2021-07-23 00:57:20,648 [pool-72-thread-1] INFO  server.RaftServerConfigKeys (ConfUtils.java:logGet(44)) - raft.server.storage.dir = [/home/runner/work/ozone/ozone/mnt/ozone/hadoop-ozone/integration-test/target/test-dir/MiniOzoneClusterImpl-8cc5c0ec-9048-4102-91ef-822c63deda73/datanode-1/data/ratis] (custom)
2021-07-23 00:57:20,658 [pool-72-thread-1] INFO  server.RaftServerConfigKeys (ConfUtils.java:logGet(44)) - raft.server.log.corruption.policy = EXCEPTION (default)
2021-07-23 00:57:20,658 [pool-72-thread-1] INFO  server.RaftServerConfigKeys (ConfUtils.java:logGet(44)) - raft.server.storage.free-space.min = 0MB (=0) (default)
2021-07-23 00:57:20,658 [pool-72-thread-1] INFO  storage.RaftStorageDirectory (RaftStorageDirectoryImpl.java:analyzeStorage(135)) - The storage directory /home/runner/work/ozone/ozone/mnt/ozone/hadoop-ozone/integration-test/target/test-dir/MiniOzoneClusterImpl-8cc5c0ec-9048-4102-91ef-822c63deda73/datanode-1/data/ratis/c7fbcee6-1ac8-4bb1-8b7a-f00fde780096 does not exist. Creating ...
2021-07-23 00:57:20,664 [pool-72-thread-1] INFO  storage.RaftStorageDirectory (RaftStorageDirectoryImpl.java:tryLock(230)) - Lock on /home/runner/work/ozone/ozone/mnt/ozone/hadoop-ozone/integration-test/target/test-dir/MiniOzoneClusterImpl-8cc5c0ec-9048-4102-91ef-822c63deda73/datanode-1/data/ratis/c7fbcee6-1ac8-4bb1-8b7a-f00fde780096/in_use.lock acquired by nodename 8356@fv-az184-788
2021-07-23 00:57:20,665 [pool-72-thread-1] INFO  storage.RaftStorage (RaftStorageImpl.java:format(89)) - Storage directory /home/runner/work/ozone/ozone/mnt/ozone/hadoop-ozone/integration-test/target/test-dir/MiniOzoneClusterImpl-8cc5c0ec-9048-4102-91ef-822c63deda73/datanode-1/data/ratis/c7fbcee6-1ac8-4bb1-8b7a-f00fde780096 has been successfully formatted.
2021-07-23 00:57:20,679 [pool-72-thread-1] INFO  ratis.ContainerStateMachine (ContainerStateMachine.java:loadSnapshot(223)) - group-F00FDE780096: The snapshot info is null. Setting the last applied indexto:(t:0, i:~)
2021-07-23 00:57:20,679 [pool-72-thread-1] INFO  server.RaftServerConfigKeys (ConfUtils.java:logGet(44)) - raft.server.notification.no-leader.timeout = 300s (custom)
2021-07-23 00:57:20,680 [pool-72-thread-1] INFO  server.RaftServerConfigKeys (ConfUtils.java:logGet(44)) - raft.server.log.use.memory = false (default)
2021-07-23 00:57:20,680 [pool-72-thread-1] INFO  server.RaftServerConfigKeys (ConfUtils.java:logGet(44)) - raft.server.log.purge.gap = 1000000 (custom)
2021-07-23 00:57:20,680 [pool-72-thread-1] INFO  server.RaftServerConfigKeys (ConfUtils.java:logGet(44)) - raft.server.log.appender.buffer.byte-limit = 33554432 (custom)
2021-07-23 00:57:20,680 [pool-72-thread-1] INFO  server.RaftServerConfigKeys (ConfUtils.java:logGet(44)) - raft.server.log.segment.size.max = 1048576 (custom)
2021-07-23 00:57:20,680 [pool-72-thread-1] INFO  server.RaftServerConfigKeys (ConfUtils.java:logGet(44)) - raft.server.log.segment.cache.num.max = 2 (custom)
2021-07-23 00:57:20,680 [pool-72-thread-1] INFO  server.RaftServerConfigKeys (ConfUtils.java:logGet(44)) - raft.server.log.segment.cache.size.max = 200MB (=209715200) (default)
2021-07-23 00:57:20,680 [pool-72-thread-1] INFO  segmented.SegmentedRaftLogWorker (SegmentedRaftLogWorker.java:<init>(182)) - new a10aadcf-1631-4a33-847f-9d04cfd12be0@group-F00FDE780096-SegmentedRaftLogWorker for RaftStorageImpl:Storage Directory /home/runner/work/ozone/ozone/mnt/ozone/hadoop-ozone/integration-test/target/test-dir/MiniOzoneClusterImpl-8cc5c0ec-9048-4102-91ef-822c63deda73/datanode-1/data/ratis/c7fbcee6-1ac8-4bb1-8b7a-f00fde780096
2021-07-23 00:57:20,681 [pool-72-thread-1] INFO  server.RaftServerConfigKeys (ConfUtils.java:logGet(44)) - raft.server.log.queue.byte-limit = 2147483647 (custom)
2021-07-23 00:57:20,681 [pool-72-thread-1] INFO  server.RaftServerConfigKeys (ConfUtils.java:logGet(44)) - raft.server.log.queue.element-limit = 1024 (custom)
2021-07-23 00:57:20,681 [pool-72-thread-1] INFO  server.RaftServerConfigKeys (ConfUtils.java:logGet(44)) - raft.server.log.segment.size.max = 1048576 (custom)
2021-07-23 00:57:20,681 [pool-72-thread-1] INFO  server.RaftServerConfigKeys (ConfUtils.java:logGet(44)) - raft.server.log.preallocated.size = 16384 (custom)
2021-07-23 00:57:20,681 [pool-72-thread-1] INFO  server.RaftServerConfigKeys (ConfUtils.java:logGet(44)) - raft.server.log.force.sync.num = 128 (default)
2021-07-23 00:57:20,681 [pool-72-thread-1] INFO  server.RaftServerConfigKeys (ConfUtils.java:logGet(44)) - raft.server.log.statemachine.data.sync = true (default)
2021-07-23 00:57:20,681 [pool-72-thread-1] INFO  server.RaftServerConfigKeys (ConfUtils.java:logGet(44)) - raft.server.log.statemachine.data.sync.timeout = 10s (default)
2021-07-23 00:57:20,681 [pool-72-thread-1] INFO  server.RaftServerConfigKeys (ConfUtils.java:logGet(44)) - raft.server.log.statemachine.data.sync.timeout.retry = -1 (default)
2021-07-23 00:57:20,682 [pool-72-thread-1] INFO  server.RaftServerConfigKeys (ConfUtils.java:logGet(44)) - raft.server.log.write.buffer.size = 1048576 (custom)
2021-07-23 00:57:20,682 [pool-72-thread-1] INFO  server.RaftServerConfigKeys (ConfUtils.java:logGet(44)) - raft.server.log.statemachine.data.caching.enabled = true (custom)
2021-07-23 00:57:20,682 [pool-72-thread-1] INFO  segmented.SegmentedRaftLogWorker (SegmentedRaftLogWorker.java:lambda$new$0(133)) - a10aadcf-1631-4a33-847f-9d04cfd12be0@group-F00FDE780096-SegmentedRaftLogWorker: flushIndex: setUnconditionally 0 -> -1
2021-07-23 00:57:20,682 [pool-72-thread-1] INFO  segmented.SegmentedRaftLogWorker (SegmentedRaftLogWorker.java:lambda$new$0(133)) - a10aadcf-1631-4a33-847f-9d04cfd12be0@group-F00FDE780096-SegmentedRaftLogWorker: safeCacheEvictIndex: setUnconditionally 0 -> -1
2021-07-23 00:57:20,687 [pool-72-thread-1] INFO  server.RaftServerConfigKeys (ConfUtils.java:logGet(44)) - raft.server.snapshot.auto.trigger.enabled = true (custom)
2021-07-23 00:57:20,687 [pool-72-thread-1] INFO  server.RaftServerConfigKeys (ConfUtils.java:logGet(44)) - raft.server.snapshot.auto.trigger.threshold = 10000 (custom)
2021-07-23 00:57:20,687 [pool-72-thread-1] INFO  server.RaftServerConfigKeys (ConfUtils.java:logGet(44)) - raft.server.snapshot.retention.file.num = 5 (custom)
2021-07-23 00:57:20,688 [pool-72-thread-1] INFO  server.RaftServerConfigKeys (ConfUtils.java:logGet(44)) - raft.server.log.purge.upto.snapshot.index = false (default)
2021-07-23 00:57:20,688 [pool-72-thread-1] INFO  server.RaftServerConfigKeys (ConfUtils.java:logGet(44)) - raft.server.retrycache.expirytime = 600000ms (custom)
2021-07-23 00:57:20,688 [pool-72-thread-1] INFO  server.RaftServerConfigKeys (ConfUtils.java:logGet(44)) - raft.server.retrycache.statistics.expirytime = 100μs (default)
2021-07-23 00:57:20,689 [pool-72-thread-1] INFO  server.RaftServer$Division (RaftServerImpl.java:start(296)) - a10aadcf-1631-4a33-847f-9d04cfd12be0@group-F00FDE780096: start as a follower, conf=-1: [dd0a5bb7-4770-4f66-9d90-0fb3dd50f458|rpc:10.1.0.23:42569|priority:1, c0918ed1-71ae-4b85-9b7a-7a5f0f49a9a3|rpc:10.1.0.23:35867|priority:0, a10aadcf-1631-4a33-847f-9d04cfd12be0|rpc:10.1.0.23:45765|priority:0], old=null
2021-07-23 00:57:20,689 [pool-72-thread-1] INFO  server.RaftServer$Division (RaftServerImpl.java:setRole(285)) - a10aadcf-1631-4a33-847f-9d04cfd12be0@group-F00FDE780096: changes role from      null to FOLLOWER at term 0 for startAsFollower
2021-07-23 00:57:20,689 [pool-72-thread-1] INFO  impl.RoleInfo (RoleInfo.java:updateAndGet(130)) - a10aadcf-1631-4a33-847f-9d04cfd12be0: start a10aadcf-1631-4a33-847f-9d04cfd12be0@group-F00FDE780096-FollowerState
2021-07-23 00:57:20,699 [pool-72-thread-1] INFO  util.JmxRegister (JmxRegister.java:tryRegister(44)) - Successfully registered JMX Bean with object name Ratis:service=RaftServer,group=group-F00FDE780096,id=a10aadcf-1631-4a33-847f-9d04cfd12be0
2021-07-23 00:57:20,699 [Command processor thread] INFO  ratis.XceiverServerRatis (XceiverServerRatis.java:addGroup(759)) - Created group PipelineID=c7fbcee6-1ac8-4bb1-8b7a-f00fde780096
2021-07-23 00:57:20,703 [Datanode State Machine Thread - 0] WARN  statemachine.StateContext (StateContext.java:execute(621)) - No available thread in pool for past 0 seconds.
2021-07-23 00:57:20,854 [grpc-default-executor-0] INFO  server.RaftServer (RaftServerProxy.java:addNew(95)) - c0918ed1-71ae-4b85-9b7a-7a5f0f49a9a3: addNew group-F00FDE780096:[dd0a5bb7-4770-4f66-9d90-0fb3dd50f458|rpc:10.1.0.23:42569|dataStream:|priority:1, c0918ed1-71ae-4b85-9b7a-7a5f0f49a9a3|rpc:10.1.0.23:35867|dataStream:|priority:0, a10aadcf-1631-4a33-847f-9d04cfd12be0|rpc:10.1.0.23:45765|dataStream:|priority:0] returns group-F00FDE780096:java.util.concurrent.CompletableFuture@bb7f5aa[Not completed]
2021-07-23 00:57:20,864 [pool-90-thread-1] INFO  server.RaftServer$Division (RaftServerImpl.java:<init>(181)) - c0918ed1-71ae-4b85-9b7a-7a5f0f49a9a3: new RaftServerImpl for group-F00FDE780096:[dd0a5bb7-4770-4f66-9d90-0fb3dd50f458|rpc:10.1.0.23:42569|dataStream:|priority:1, c0918ed1-71ae-4b85-9b7a-7a5f0f49a9a3|rpc:10.1.0.23:35867|dataStream:|priority:0, a10aadcf-1631-4a33-847f-9d04cfd12be0|rpc:10.1.0.23:45765|dataStream:|priority:0] with ContainerStateMachine:uninitialized
2021-07-23 00:57:20,871 [pool-90-thread-1] INFO  server.RaftServerConfigKeys (ConfUtils.java:logGet(44)) - raft.server.rpc.timeout.min = 5s (custom)
2021-07-23 00:57:20,871 [Command processor thread] INFO  commandhandler.CreatePipelineCommandHandler (CreatePipelineCommandHandler.java:handle(106)) - Created Pipeline RATIS THREE PipelineID=c7fbcee6-1ac8-4bb1-8b7a-f00fde780096.
2021-07-23 00:57:20,871 [pool-90-thread-1] INFO  server.RaftServerConfigKeys (ConfUtils.java:logGet(44)) - raft.server.rpc.timeout.max = 5200ms (custom)
2021-07-23 00:57:20,871 [pool-90-thread-1] INFO  server.RaftServerConfigKeys (ConfUtils.java:logGet(44)) - raft.server.rpc.sleep.time = 25ms (default)
2021-07-23 00:57:20,872 [pool-90-thread-1] INFO  server.RaftServerConfigKeys (ConfUtils.java:logGet(44)) - raft.server.rpc.slowness.timeout = 300s (custom)
2021-07-23 00:57:20,872 [pool-90-thread-1] INFO  server.RaftServerConfigKeys (ConfUtils.java:logGet(44)) - raft.server.leaderelection.leader.step-down.wait-time = 10s (default)
2021-07-23 00:57:20,872 [pool-90-thread-1] INFO  server.RaftServerConfigKeys (ConfUtils.java:logGet(44)) - raft.server.sleep.deviation.threshold = 300ms (default)
2021-07-23 00:57:20,872 [pool-90-thread-1] INFO  server.RaftServerConfigKeys (ConfUtils.java:logGet(44)) - raft.server.log.appender.install.snapshot.enabled = false (custom)
2021-07-23 00:57:20,872 [pool-90-thread-1] INFO  server.RaftServer$Division (ServerState.java:<init>(105)) - c0918ed1-71ae-4b85-9b7a-7a5f0f49a9a3@group-F00FDE780096: ConfigurationManager, init=-1: [dd0a5bb7-4770-4f66-9d90-0fb3dd50f458|rpc:10.1.0.23:42569|dataStream:|priority:1, c0918ed1-71ae-4b85-9b7a-7a5f0f49a9a3|rpc:10.1.0.23:35867|dataStream:|priority:0, a10aadcf-1631-4a33-847f-9d04cfd12be0|rpc:10.1.0.23:45765|dataStream:|priority:0], old=null, confs=<EMPTY_MAP>
2021-07-23 00:57:20,872 [pool-90-thread-1] INFO  server.RaftServerConfigKeys (ConfUtils.java:logGet(44)) - raft.server.storage.dir = [/home/runner/work/ozone/ozone/mnt/ozone/hadoop-ozone/integration-test/target/test-dir/MiniOzoneClusterImpl-8cc5c0ec-9048-4102-91ef-822c63deda73/datanode-2/data/ratis] (custom)
2021-07-23 00:57:20,872 [pool-90-thread-1] INFO  server.RaftServerConfigKeys (ConfUtils.java:logGet(44)) - raft.server.log.corruption.policy = EXCEPTION (default)
2021-07-23 00:57:20,872 [pool-90-thread-1] INFO  server.RaftServerConfigKeys (ConfUtils.java:logGet(44)) - raft.server.storage.free-space.min = 0MB (=0) (default)
2021-07-23 00:57:20,872 [pool-90-thread-1] INFO  storage.RaftStorageDirectory (RaftStorageDirectoryImpl.java:analyzeStorage(135)) - The storage directory /home/runner/work/ozone/ozone/mnt/ozone/hadoop-ozone/integration-test/target/test-dir/MiniOzoneClusterImpl-8cc5c0ec-9048-4102-91ef-822c63deda73/datanode-2/data/ratis/c7fbcee6-1ac8-4bb1-8b7a-f00fde780096 does not exist. Creating ...
2021-07-23 00:57:20,874 [pool-90-thread-1] INFO  storage.RaftStorageDirectory (RaftStorageDirectoryImpl.java:tryLock(230)) - Lock on /home/runner/work/ozone/ozone/mnt/ozone/hadoop-ozone/integration-test/target/test-dir/MiniOzoneClusterImpl-8cc5c0ec-9048-4102-91ef-822c63deda73/datanode-2/data/ratis/c7fbcee6-1ac8-4bb1-8b7a-f00fde780096/in_use.lock acquired by nodename 8356@fv-az184-788
2021-07-23 00:57:20,876 [pool-90-thread-1] INFO  storage.RaftStorage (RaftStorageImpl.java:format(89)) - Storage directory /home/runner/work/ozone/ozone/mnt/ozone/hadoop-ozone/integration-test/target/test-dir/MiniOzoneClusterImpl-8cc5c0ec-9048-4102-91ef-822c63deda73/datanode-2/data/ratis/c7fbcee6-1ac8-4bb1-8b7a-f00fde780096 has been successfully formatted.
2021-07-23 00:57:20,877 [pool-90-thread-1] INFO  ratis.ContainerStateMachine (ContainerStateMachine.java:loadSnapshot(223)) - group-F00FDE780096: The snapshot info is null. Setting the last applied indexto:(t:0, i:~)
2021-07-23 00:57:20,877 [pool-90-thread-1] INFO  server.RaftServerConfigKeys (ConfUtils.java:logGet(44)) - raft.server.notification.no-leader.timeout = 300s (custom)
2021-07-23 00:57:20,877 [Datanode State Machine Thread - 0] WARN  statemachine.StateContext (StateContext.java:execute(621)) - No available thread in pool for past 0 seconds.
2021-07-23 00:57:20,877 [pool-90-thread-1] INFO  server.RaftServerConfigKeys (ConfUtils.java:logGet(44)) - raft.server.log.use.memory = false (default)
2021-07-23 00:57:20,877 [pool-90-thread-1] INFO  server.RaftServerConfigKeys (ConfUtils.java:logGet(44)) - raft.server.log.purge.gap = 1000000 (custom)
2021-07-23 00:57:20,877 [pool-90-thread-1] INFO  server.RaftServerConfigKeys (ConfUtils.java:logGet(44)) - raft.server.log.appender.buffer.byte-limit = 33554432 (custom)
2021-07-23 00:57:20,877 [pool-90-thread-1] INFO  server.RaftServerConfigKeys (ConfUtils.java:logGet(44)) - raft.server.log.segment.size.max = 1048576 (custom)
2021-07-23 00:57:20,880 [pool-90-thread-1] INFO  server.RaftServerConfigKeys (ConfUtils.java:logGet(44)) - raft.server.log.segment.cache.num.max = 2 (custom)
2021-07-23 00:57:20,880 [pool-90-thread-1] INFO  server.RaftServerConfigKeys (ConfUtils.java:logGet(44)) - raft.server.log.segment.cache.size.max = 200MB (=209715200) (default)
2021-07-23 00:57:20,880 [pool-90-thread-1] INFO  segmented.SegmentedRaftLogWorker (SegmentedRaftLogWorker.java:<init>(182)) - new c0918ed1-71ae-4b85-9b7a-7a5f0f49a9a3@group-F00FDE780096-SegmentedRaftLogWorker for RaftStorageImpl:Storage Directory /home/runner/work/ozone/ozone/mnt/ozone/hadoop-ozone/integration-test/target/test-dir/MiniOzoneClusterImpl-8cc5c0ec-9048-4102-91ef-822c63deda73/datanode-2/data/ratis/c7fbcee6-1ac8-4bb1-8b7a-f00fde780096
2021-07-23 00:57:20,880 [pool-90-thread-1] INFO  server.RaftServerConfigKeys (ConfUtils.java:logGet(44)) - raft.server.log.queue.byte-limit = 2147483647 (custom)
2021-07-23 00:57:20,880 [pool-90-thread-1] INFO  server.RaftServerConfigKeys (ConfUtils.java:logGet(44)) - raft.server.log.queue.element-limit = 1024 (custom)
2021-07-23 00:57:20,880 [pool-90-thread-1] INFO  server.RaftServerConfigKeys (ConfUtils.java:logGet(44)) - raft.server.log.segment.size.max = 1048576 (custom)
2021-07-23 00:57:20,880 [pool-90-thread-1] INFO  server.RaftServerConfigKeys (ConfUtils.java:logGet(44)) - raft.server.log.preallocated.size = 16384 (custom)
2021-07-23 00:57:20,880 [pool-90-thread-1] INFO  server.RaftServerConfigKeys (ConfUtils.java:logGet(44)) - raft.server.log.force.sync.num = 128 (default)
2021-07-23 00:57:20,881 [pool-90-thread-1] INFO  server.RaftServerConfigKeys (ConfUtils.java:logGet(44)) - raft.server.log.statemachine.data.sync = true (default)
2021-07-23 00:57:20,881 [pool-90-thread-1] INFO  server.RaftServerConfigKeys (ConfUtils.java:logGet(44)) - raft.server.log.statemachine.data.sync.timeout = 10s (default)
2021-07-23 00:57:20,881 [pool-90-thread-1] INFO  server.RaftServerConfigKeys (ConfUtils.java:logGet(44)) - raft.server.log.statemachine.data.sync.timeout.retry = -1 (default)
2021-07-23 00:57:20,882 [pool-90-thread-1] INFO  server.RaftServerConfigKeys (ConfUtils.java:logGet(44)) - raft.server.log.write.buffer.size = 1048576 (custom)
2021-07-23 00:57:20,882 [pool-90-thread-1] INFO  server.RaftServerConfigKeys (ConfUtils.java:logGet(44)) - raft.server.log.statemachine.data.caching.enabled = true (custom)
2021-07-23 00:57:20,882 [pool-90-thread-1] INFO  segmented.SegmentedRaftLogWorker (SegmentedRaftLogWorker.java:lambda$new$0(133)) - c0918ed1-71ae-4b85-9b7a-7a5f0f49a9a3@group-F00FDE780096-SegmentedRaftLogWorker: flushIndex: setUnconditionally 0 -> -1
2021-07-23 00:57:20,882 [pool-90-thread-1] INFO  segmented.SegmentedRaftLogWorker (SegmentedRaftLogWorker.java:lambda$new$0(133)) - c0918ed1-71ae-4b85-9b7a-7a5f0f49a9a3@group-F00FDE780096-SegmentedRaftLogWorker: safeCacheEvictIndex: setUnconditionally 0 -> -1
2021-07-23 00:57:20,886 [pool-90-thread-1] INFO  server.RaftServerConfigKeys (ConfUtils.java:logGet(44)) - raft.server.snapshot.auto.trigger.enabled = true (custom)
2021-07-23 00:57:20,887 [pool-90-thread-1] INFO  server.RaftServerConfigKeys (ConfUtils.java:logGet(44)) - raft.server.snapshot.auto.trigger.threshold = 10000 (custom)
2021-07-23 00:57:20,887 [pool-90-thread-1] INFO  server.RaftServerConfigKeys (ConfUtils.java:logGet(44)) - raft.server.snapshot.retention.file.num = 5 (custom)
2021-07-23 00:57:20,887 [pool-90-thread-1] INFO  server.RaftServerConfigKeys (ConfUtils.java:logGet(44)) - raft.server.log.purge.upto.snapshot.index = false (default)
2021-07-23 00:57:20,887 [pool-90-thread-1] INFO  server.RaftServerConfigKeys (ConfUtils.java:logGet(44)) - raft.server.retrycache.expirytime = 600000ms (custom)
2021-07-23 00:57:20,887 [pool-90-thread-1] INFO  server.RaftServerConfigKeys (ConfUtils.java:logGet(44)) - raft.server.retrycache.statistics.expirytime = 100μs (default)
2021-07-23 00:57:20,888 [pool-90-thread-1] INFO  server.RaftServer$Division (RaftServerImpl.java:start(296)) - c0918ed1-71ae-4b85-9b7a-7a5f0f49a9a3@group-F00FDE780096: start as a follower, conf=-1: [dd0a5bb7-4770-4f66-9d90-0fb3dd50f458|rpc:10.1.0.23:42569|dataStream:|priority:1, c0918ed1-71ae-4b85-9b7a-7a5f0f49a9a3|rpc:10.1.0.23:35867|dataStream:|priority:0, a10aadcf-1631-4a33-847f-9d04cfd12be0|rpc:10.1.0.23:45765|dataStream:|priority:0], old=null
2021-07-23 00:57:20,888 [pool-90-thread-1] INFO  server.RaftServer$Division (RaftServerImpl.java:setRole(285)) - c0918ed1-71ae-4b85-9b7a-7a5f0f49a9a3@group-F00FDE780096: changes role from      null to FOLLOWER at term 0 for startAsFollower
2021-07-23 00:57:20,888 [pool-90-thread-1] INFO  impl.RoleInfo (RoleInfo.java:updateAndGet(130)) - c0918ed1-71ae-4b85-9b7a-7a5f0f49a9a3: start c0918ed1-71ae-4b85-9b7a-7a5f0f49a9a3@group-F00FDE780096-FollowerState
2021-07-23 00:57:20,894 [pool-90-thread-1] INFO  util.JmxRegister (JmxRegister.java:tryRegister(44)) - Successfully registered JMX Bean with object name Ratis:service=RaftServer,group=group-F00FDE780096,id=c0918ed1-71ae-4b85-9b7a-7a5f0f49a9a3
2021-07-23 00:57:20,929 [Command processor thread] INFO  commandhandler.CreatePipelineCommandHandler (CreatePipelineCommandHandler.java:handle(106)) - Created Pipeline RATIS THREE PipelineID=c7fbcee6-1ac8-4bb1-8b7a-f00fde780096.
2021-07-23 00:57:20,960 [Listener at 127.0.0.1/34417] INFO  ozone.MiniOzoneClusterImpl (MiniOzoneClusterImpl.java:lambda$waitForClusterToBeReady$0(230)) - Nodes are ready. Got 3 of 3 DN Heartbeats.
2021-07-23 00:57:20,961 [Listener at 127.0.0.1/34417] INFO  ozone.MiniOzoneClusterImpl (MiniOzoneClusterImpl.java:lambda$waitForClusterToBeReady$0(233)) - Waiting for cluster to exit safe mode
2021-07-23 00:57:20,961 [Listener at 127.0.0.1/34417] INFO  ozone.MiniOzoneClusterImpl (MiniOzoneClusterImpl.java:lambda$waitForClusterToBeReady$0(235)) - SCM became leader
2021-07-23 00:57:21,961 [Listener at 127.0.0.1/34417] INFO  ozone.MiniOzoneClusterImpl (MiniOzoneClusterImpl.java:lambda$waitForClusterToBeReady$0(230)) - Nodes are ready. Got 3 of 3 DN Heartbeats.
2021-07-23 00:57:21,961 [Listener at 127.0.0.1/34417] INFO  ozone.MiniOzoneClusterImpl (MiniOzoneClusterImpl.java:lambda$waitForClusterToBeReady$0(233)) - Waiting for cluster to exit safe mode
2021-07-23 00:57:21,961 [Listener at 127.0.0.1/34417] INFO  ozone.MiniOzoneClusterImpl (MiniOzoneClusterImpl.java:lambda$waitForClusterToBeReady$0(235)) - SCM became leader
2021-07-23 00:57:22,962 [Listener at 127.0.0.1/34417] INFO  ozone.MiniOzoneClusterImpl (MiniOzoneClusterImpl.java:lambda$waitForClusterToBeReady$0(230)) - Nodes are ready. Got 3 of 3 DN Heartbeats.
2021-07-23 00:57:22,962 [Listener at 127.0.0.1/34417] INFO  ozone.MiniOzoneClusterImpl (MiniOzoneClusterImpl.java:lambda$waitForClusterToBeReady$0(233)) - Waiting for cluster to exit safe mode
2021-07-23 00:57:22,962 [Listener at 127.0.0.1/34417] INFO  ozone.MiniOzoneClusterImpl (MiniOzoneClusterImpl.java:lambda$waitForClusterToBeReady$0(235)) - SCM became leader
2021-07-23 00:57:23,962 [Listener at 127.0.0.1/34417] INFO  ozone.MiniOzoneClusterImpl (MiniOzoneClusterImpl.java:lambda$waitForClusterToBeReady$0(230)) - Nodes are ready. Got 3 of 3 DN Heartbeats.
2021-07-23 00:57:23,963 [Listener at 127.0.0.1/34417] INFO  ozone.MiniOzoneClusterImpl (MiniOzoneClusterImpl.java:lambda$waitForClusterToBeReady$0(233)) - Waiting for cluster to exit safe mode
2021-07-23 00:57:23,963 [Listener at 127.0.0.1/34417] INFO  ozone.MiniOzoneClusterImpl (MiniOzoneClusterImpl.java:lambda$waitForClusterToBeReady$0(235)) - SCM became leader
2021-07-23 00:57:24,963 [Listener at 127.0.0.1/34417] INFO  ozone.MiniOzoneClusterImpl (MiniOzoneClusterImpl.java:lambda$waitForClusterToBeReady$0(230)) - Nodes are ready. Got 3 of 3 DN Heartbeats.
2021-07-23 00:57:24,963 [Listener at 127.0.0.1/34417] INFO  ozone.MiniOzoneClusterImpl (MiniOzoneClusterImpl.java:lambda$waitForClusterToBeReady$0(233)) - Waiting for cluster to exit safe mode
2021-07-23 00:57:24,963 [Listener at 127.0.0.1/34417] INFO  ozone.MiniOzoneClusterImpl (MiniOzoneClusterImpl.java:lambda$waitForClusterToBeReady$0(235)) - SCM became leader
2021-07-23 00:57:25,412 [dd0a5bb7-4770-4f66-9d90-0fb3dd50f458@group-F00FDE780096-FollowerState] INFO  impl.FollowerState (FollowerState.java:run(134)) - dd0a5bb7-4770-4f66-9d90-0fb3dd50f458@group-F00FDE780096-FollowerState: change to CANDIDATE, lastRpcElapsedTime:5069593412ns, electionTimeout:5061ms
2021-07-23 00:57:25,414 [dd0a5bb7-4770-4f66-9d90-0fb3dd50f458@group-F00FDE780096-FollowerState] INFO  impl.RoleInfo (RoleInfo.java:shutdownFollowerState(108)) - dd0a5bb7-4770-4f66-9d90-0fb3dd50f458: shutdown dd0a5bb7-4770-4f66-9d90-0fb3dd50f458@group-F00FDE780096-FollowerState
2021-07-23 00:57:25,414 [dd0a5bb7-4770-4f66-9d90-0fb3dd50f458@group-F00FDE780096-FollowerState] INFO  server.RaftServer$Division (RaftServerImpl.java:setRole(285)) - dd0a5bb7-4770-4f66-9d90-0fb3dd50f458@group-F00FDE780096: changes role from  FOLLOWER to CANDIDATE at term 0 for changeToCandidate
2021-07-23 00:57:25,414 [dd0a5bb7-4770-4f66-9d90-0fb3dd50f458@group-F00FDE780096-FollowerState] INFO  server.RaftServerConfigKeys (ConfUtils.java:logGet(44)) - raft.server.leaderelection.pre-vote = false (custom)
2021-07-23 00:57:25,414 [dd0a5bb7-4770-4f66-9d90-0fb3dd50f458@group-F00FDE780096-FollowerState] INFO  impl.RoleInfo (RoleInfo.java:updateAndGet(130)) - dd0a5bb7-4770-4f66-9d90-0fb3dd50f458: start dd0a5bb7-4770-4f66-9d90-0fb3dd50f458@group-F00FDE780096-LeaderElection2
2021-07-23 00:57:25,420 [dd0a5bb7-4770-4f66-9d90-0fb3dd50f458@group-F00FDE780096-LeaderElection2] INFO  impl.LeaderElection (LeaderElection.java:askForVotes(306)) - dd0a5bb7-4770-4f66-9d90-0fb3dd50f458@group-F00FDE780096-LeaderElection2 ELECTION round 0: submit vote requests at term 1 for -1: [dd0a5bb7-4770-4f66-9d90-0fb3dd50f458|rpc:10.1.0.23:42569|priority:1, c0918ed1-71ae-4b85-9b7a-7a5f0f49a9a3|rpc:10.1.0.23:35867|priority:0, a10aadcf-1631-4a33-847f-9d04cfd12be0|rpc:10.1.0.23:45765|priority:0], old=null
2021-07-23 00:57:25,445 [grpc-default-executor-0] INFO  server.RaftServer$Division (RaftServerImpl.java:requestVote(1043)) - c0918ed1-71ae-4b85-9b7a-7a5f0f49a9a3@group-F00FDE780096: receive requestVote(ELECTION, dd0a5bb7-4770-4f66-9d90-0fb3dd50f458, group-F00FDE780096, 1, (t:0, i:0))
2021-07-23 00:57:25,447 [grpc-default-executor-0] INFO  impl.VoteContext (VoteContext.java:log(48)) - c0918ed1-71ae-4b85-9b7a-7a5f0f49a9a3@group-F00FDE780096-FOLLOWER: accept ELECTION from dd0a5bb7-4770-4f66-9d90-0fb3dd50f458: our priority 0 <= candidate's priority 1
2021-07-23 00:57:25,447 [grpc-default-executor-0] INFO  server.RaftServer$Division (RaftServerImpl.java:setRole(285)) - c0918ed1-71ae-4b85-9b7a-7a5f0f49a9a3@group-F00FDE780096: changes role from  FOLLOWER to FOLLOWER at term 1 for candidate:dd0a5bb7-4770-4f66-9d90-0fb3dd50f458
2021-07-23 00:57:25,447 [grpc-default-executor-0] INFO  impl.RoleInfo (RoleInfo.java:shutdownFollowerState(108)) - c0918ed1-71ae-4b85-9b7a-7a5f0f49a9a3: shutdown c0918ed1-71ae-4b85-9b7a-7a5f0f49a9a3@group-F00FDE780096-FollowerState
2021-07-23 00:57:25,447 [grpc-default-executor-0] INFO  impl.RoleInfo (RoleInfo.java:updateAndGet(130)) - c0918ed1-71ae-4b85-9b7a-7a5f0f49a9a3: start c0918ed1-71ae-4b85-9b7a-7a5f0f49a9a3@group-F00FDE780096-FollowerState
2021-07-23 00:57:25,448 [grpc-default-executor-1] INFO  server.RaftServer$Division (RaftServerImpl.java:requestVote(1043)) - a10aadcf-1631-4a33-847f-9d04cfd12be0@group-F00FDE780096: receive requestVote(ELECTION, dd0a5bb7-4770-4f66-9d90-0fb3dd50f458, group-F00FDE780096, 1, (t:0, i:0))
2021-07-23 00:57:25,448 [c0918ed1-71ae-4b85-9b7a-7a5f0f49a9a3@group-F00FDE780096-FollowerState] INFO  impl.FollowerState (FollowerState.java:run(143)) - c0918ed1-71ae-4b85-9b7a-7a5f0f49a9a3@group-F00FDE780096-FollowerState was interrupted: {}
java.lang.InterruptedException: sleep interrupted
	at java.lang.Thread.sleep(Native Method)
	at java.lang.Thread.sleep(Thread.java:340)
	at java.util.concurrent.TimeUnit.sleep(TimeUnit.java:386)
	at org.apache.ratis.util.TimeDuration.sleep(TimeDuration.java:324)
	at org.apache.ratis.util.TimeDuration.sleep(TimeDuration.java:309)
	at org.apache.ratis.server.impl.FollowerState.run(FollowerState.java:118)
2021-07-23 00:57:25,458 [grpc-default-executor-0] INFO  server.RaftServer$Division (RaftServerImpl.java:requestVote(1075)) - c0918ed1-71ae-4b85-9b7a-7a5f0f49a9a3@group-F00FDE780096 replies to ELECTION vote request: dd0a5bb7-4770-4f66-9d90-0fb3dd50f458<-c0918ed1-71ae-4b85-9b7a-7a5f0f49a9a3#0:OK-t1. Peer's state: c0918ed1-71ae-4b85-9b7a-7a5f0f49a9a3@group-F00FDE780096:t1, leader=null, voted=dd0a5bb7-4770-4f66-9d90-0fb3dd50f458, raftlog=c0918ed1-71ae-4b85-9b7a-7a5f0f49a9a3@group-F00FDE780096-SegmentedRaftLog:OPENED:c-1,f-1,i0, conf=-1: [dd0a5bb7-4770-4f66-9d90-0fb3dd50f458|rpc:10.1.0.23:42569|dataStream:|priority:1, c0918ed1-71ae-4b85-9b7a-7a5f0f49a9a3|rpc:10.1.0.23:35867|dataStream:|priority:0, a10aadcf-1631-4a33-847f-9d04cfd12be0|rpc:10.1.0.23:45765|dataStream:|priority:0], old=null
2021-07-23 00:57:25,454 [grpc-default-executor-1] INFO  impl.VoteContext (VoteContext.java:log(48)) - a10aadcf-1631-4a33-847f-9d04cfd12be0@group-F00FDE780096-FOLLOWER: accept ELECTION from dd0a5bb7-4770-4f66-9d90-0fb3dd50f458: our priority 0 <= candidate's priority 1
2021-07-23 00:57:25,464 [grpc-default-executor-1] INFO  server.RaftServer$Division (RaftServerImpl.java:setRole(285)) - a10aadcf-1631-4a33-847f-9d04cfd12be0@group-F00FDE780096: changes role from  FOLLOWER to FOLLOWER at term 1 for candidate:dd0a5bb7-4770-4f66-9d90-0fb3dd50f458
2021-07-23 00:57:25,464 [grpc-default-executor-1] INFO  impl.RoleInfo (RoleInfo.java:shutdownFollowerState(108)) - a10aadcf-1631-4a33-847f-9d04cfd12be0: shutdown a10aadcf-1631-4a33-847f-9d04cfd12be0@group-F00FDE780096-FollowerState
2021-07-23 00:57:25,464 [grpc-default-executor-1] INFO  impl.RoleInfo (RoleInfo.java:updateAndGet(130)) - a10aadcf-1631-4a33-847f-9d04cfd12be0: start a10aadcf-1631-4a33-847f-9d04cfd12be0@group-F00FDE780096-FollowerState
2021-07-23 00:57:25,465 [a10aadcf-1631-4a33-847f-9d04cfd12be0@group-F00FDE780096-FollowerState] INFO  impl.FollowerState (FollowerState.java:run(143)) - a10aadcf-1631-4a33-847f-9d04cfd12be0@group-F00FDE780096-FollowerState was interrupted: {}
java.lang.InterruptedException: sleep interrupted
	at java.lang.Thread.sleep(Native Method)
	at java.lang.Thread.sleep(Thread.java:340)
	at java.util.concurrent.TimeUnit.sleep(TimeUnit.java:386)
	at org.apache.ratis.util.TimeDuration.sleep(TimeDuration.java:324)
	at org.apache.ratis.util.TimeDuration.sleep(TimeDuration.java:309)
	at org.apache.ratis.server.impl.FollowerState.run(FollowerState.java:118)
2021-07-23 00:57:25,468 [grpc-default-executor-1] INFO  server.RaftServer$Division (RaftServerImpl.java:requestVote(1075)) - a10aadcf-1631-4a33-847f-9d04cfd12be0@group-F00FDE780096 replies to ELECTION vote request: dd0a5bb7-4770-4f66-9d90-0fb3dd50f458<-a10aadcf-1631-4a33-847f-9d04cfd12be0#0:OK-t1. Peer's state: a10aadcf-1631-4a33-847f-9d04cfd12be0@group-F00FDE780096:t1, leader=null, voted=dd0a5bb7-4770-4f66-9d90-0fb3dd50f458, raftlog=a10aadcf-1631-4a33-847f-9d04cfd12be0@group-F00FDE780096-SegmentedRaftLog:OPENED:c-1,f-1,i0, conf=-1: [dd0a5bb7-4770-4f66-9d90-0fb3dd50f458|rpc:10.1.0.23:42569|priority:1, c0918ed1-71ae-4b85-9b7a-7a5f0f49a9a3|rpc:10.1.0.23:35867|priority:0, a10aadcf-1631-4a33-847f-9d04cfd12be0|rpc:10.1.0.23:45765|priority:0], old=null
2021-07-23 00:57:25,470 [dd0a5bb7-4770-4f66-9d90-0fb3dd50f458@group-F00FDE780096-LeaderElection2] INFO  impl.LeaderElection (LeaderElection.java:logAndReturn(89)) - dd0a5bb7-4770-4f66-9d90-0fb3dd50f458@group-F00FDE780096-LeaderElection2: ELECTION PASSED received 1 response(s) and 0 exception(s):
2021-07-23 00:57:25,470 [dd0a5bb7-4770-4f66-9d90-0fb3dd50f458@group-F00FDE780096-LeaderElection2] INFO  impl.LeaderElection (LeaderElection.java:logAndReturn(93)) -   Response 0: dd0a5bb7-4770-4f66-9d90-0fb3dd50f458<-c0918ed1-71ae-4b85-9b7a-7a5f0f49a9a3#0:OK-t1
2021-07-23 00:57:25,471 [dd0a5bb7-4770-4f66-9d90-0fb3dd50f458@group-F00FDE780096-LeaderElection2] INFO  impl.LeaderElection (LeaderElection.java:askForVotes(308)) - dd0a5bb7-4770-4f66-9d90-0fb3dd50f458@group-F00FDE780096-LeaderElection2 ELECTION round 0: result PASSED
2021-07-23 00:57:25,471 [dd0a5bb7-4770-4f66-9d90-0fb3dd50f458@group-F00FDE780096-LeaderElection2] INFO  impl.RoleInfo (RoleInfo.java:shutdownLeaderElection(121)) - dd0a5bb7-4770-4f66-9d90-0fb3dd50f458: shutdown dd0a5bb7-4770-4f66-9d90-0fb3dd50f458@group-F00FDE780096-LeaderElection2
2021-07-23 00:57:25,471 [dd0a5bb7-4770-4f66-9d90-0fb3dd50f458@group-F00FDE780096-LeaderElection2] INFO  server.RaftServer$Division (RaftServerImpl.java:setRole(285)) - dd0a5bb7-4770-4f66-9d90-0fb3dd50f458@group-F00FDE780096: changes role from CANDIDATE to LEADER at term 1 for changeToLeader
2021-07-23 00:57:25,471 [dd0a5bb7-4770-4f66-9d90-0fb3dd50f458@group-F00FDE780096-LeaderElection2] INFO  ratis.XceiverServerRatis (XceiverServerRatis.java:handleLeaderChangedNotification(857)) - Leader change notification received for group: group-F00FDE780096 with new leaderId: dd0a5bb7-4770-4f66-9d90-0fb3dd50f458
2021-07-23 00:57:25,472 [dd0a5bb7-4770-4f66-9d90-0fb3dd50f458@group-F00FDE780096-LeaderElection2] INFO  server.RaftServer$Division (ServerState.java:setLeader(285)) - dd0a5bb7-4770-4f66-9d90-0fb3dd50f458@group-F00FDE780096: change Leader from null to dd0a5bb7-4770-4f66-9d90-0fb3dd50f458 at term 1 for becomeLeader, leader elected after 5136ms
2021-07-23 00:57:25,472 [dd0a5bb7-4770-4f66-9d90-0fb3dd50f458@group-F00FDE780096-LeaderElection2] INFO  server.RaftServerConfigKeys (ConfUtils.java:logGet(44)) - raft.server.staging.catchup.gap = 1000 (default)
2021-07-23 00:57:25,472 [dd0a5bb7-4770-4f66-9d90-0fb3dd50f458@group-F00FDE780096-LeaderElection2] INFO  server.RaftServerConfigKeys (ConfUtils.java:logGet(44)) - raft.server.write.element-limit = 1024 (custom)
2021-07-23 00:57:25,472 [dd0a5bb7-4770-4f66-9d90-0fb3dd50f458@group-F00FDE780096-LeaderElection2] INFO  server.RaftServerConfigKeys (ConfUtils.java:logGet(44)) - raft.server.write.byte-limit = 1073741824 (custom)
2021-07-23 00:57:25,472 [dd0a5bb7-4770-4f66-9d90-0fb3dd50f458@group-F00FDE780096-LeaderElection2] INFO  server.RaftServerConfigKeys (ConfUtils.java:logGet(44)) - raft.server.watch.timeout = 180s (custom)
2021-07-23 00:57:25,472 [dd0a5bb7-4770-4f66-9d90-0fb3dd50f458@group-F00FDE780096-LeaderElection2] INFO  server.RaftServerConfigKeys (ConfUtils.java:logGet(44)) - raft.server.watch.timeout.denomination = 1s (default)
2021-07-23 00:57:25,472 [dd0a5bb7-4770-4f66-9d90-0fb3dd50f458@group-F00FDE780096-LeaderElection2] INFO  server.RaftServerConfigKeys (ConfUtils.java:logGet(44)) - raft.server.watch.element-limit = 65536 (default)
2021-07-23 00:57:25,475 [Datanode State Machine Thread - 0] WARN  statemachine.StateContext (StateContext.java:execute(621)) - No available thread in pool for past 0 seconds.
2021-07-23 00:57:25,476 [EventQueue-PipelineReportForPipelineReportHandler] INFO  pipeline.PipelineManagerV2Impl (PipelineManagerV2Impl.java:openPipeline(283)) - Pipeline Pipeline[ Id: c7fbcee6-1ac8-4bb1-8b7a-f00fde780096, Nodes: dd0a5bb7-4770-4f66-9d90-0fb3dd50f458{ip: 10.1.0.23, host: fv-az184-788.3ow45vhwbzuu5incsxmygykede.cx.internal.cloudapp.net, ports: [REPLICATION=40591, RATIS=42569, RATIS_ADMIN=42569, RATIS_SERVER=42569, STANDALONE=34461], networkLocation: /default-rack, certSerialId: null, persistedOpState: IN_SERVICE, persistedOpStateExpiryEpochSec: 0}a10aadcf-1631-4a33-847f-9d04cfd12be0{ip: 10.1.0.23, host: fv-az184-788.3ow45vhwbzuu5incsxmygykede.cx.internal.cloudapp.net, ports: [REPLICATION=36119, RATIS=45765, RATIS_ADMIN=45765, RATIS_SERVER=45765, STANDALONE=33961], networkLocation: /default-rack, certSerialId: null, persistedOpState: IN_SERVICE, persistedOpStateExpiryEpochSec: 0}c0918ed1-71ae-4b85-9b7a-7a5f0f49a9a3{ip: 10.1.0.23, host: fv-az184-788.3ow45vhwbzuu5incsxmygykede.cx.internal.cloudapp.net, ports: [REPLICATION=37515, RATIS=35867, RATIS_ADMIN=35867, RATIS_SERVER=35867, STANDALONE=40823], networkLocation: /default-rack, certSerialId: null, persistedOpState: IN_SERVICE, persistedOpStateExpiryEpochSec: 0}, ReplicationConfig: RATIS/THREE, State:ALLOCATED, leaderId:dd0a5bb7-4770-4f66-9d90-0fb3dd50f458, CreationTimestamp2021-07-23T00:57:17.989Z[Etc/UTC]] moved to OPEN state
2021-07-23 00:57:25,478 [dd0a5bb7-4770-4f66-9d90-0fb3dd50f458@group-F00FDE780096-LeaderElection2] INFO  server.RaftServerConfigKeys (ConfUtils.java:logGet(44)) - raft.server.log.appender.snapshot.chunk.size.max = 16MB (=16777216) (default)
2021-07-23 00:57:25,479 [dd0a5bb7-4770-4f66-9d90-0fb3dd50f458@group-F00FDE780096-LeaderElection2] INFO  server.RaftServerConfigKeys (ConfUtils.java:logGet(44)) - raft.server.log.appender.buffer.byte-limit = 33554432 (custom)
2021-07-23 00:57:25,479 [dd0a5bb7-4770-4f66-9d90-0fb3dd50f458@group-F00FDE780096-LeaderElection2] INFO  server.RaftServerConfigKeys (ConfUtils.java:logGet(44)) - raft.server.log.appender.buffer.element-limit = 1 (custom)
2021-07-23 00:57:25,482 [dd0a5bb7-4770-4f66-9d90-0fb3dd50f458@group-F00FDE780096-LeaderElection2] INFO  grpc.GrpcConfigKeys (ConfUtils.java:logGet(44)) - raft.grpc.server.leader.outstanding.appends.max = 128 (default)
2021-07-23 00:57:25,482 [dd0a5bb7-4770-4f66-9d90-0fb3dd50f458@group-F00FDE780096-LeaderElection2] INFO  server.RaftServerConfigKeys (ConfUtils.java:logGet(44)) - raft.server.rpc.request.timeout = 60s (custom)
2021-07-23 00:57:25,482 [dd0a5bb7-4770-4f66-9d90-0fb3dd50f458@group-F00FDE780096-LeaderElection2] INFO  server.RaftServerConfigKeys (ConfUtils.java:logGet(44)) - raft.server.log.appender.install.snapshot.enabled = false (custom)
2021-07-23 00:57:25,485 [EventQueue-OpenPipelineForHealthyPipelineSafeModeRule] INFO  safemode.SCMSafeModeManager (HealthyPipelineSafeModeRule.java:process(124)) - SCM in safe mode. Healthy pipelines reported count is 1, required healthy pipeline reported count is 1
2021-07-23 00:57:25,490 [EventQueue-OpenPipelineForHealthyPipelineSafeModeRule] INFO  safemode.SCMSafeModeManager (SCMSafeModeManager.java:validateSafeModeExitRules(204)) - HealthyPipelineSafeModeRule rule is successfully validated
2021-07-23 00:57:25,490 [EventQueue-OpenPipelineForHealthyPipelineSafeModeRule] INFO  safemode.SCMSafeModeManager (SCMSafeModeManager.java:validateSafeModeExitRules(219)) - ScmSafeModeManager, all rules are successfully validated
2021-07-23 00:57:25,490 [EventQueue-OpenPipelineForHealthyPipelineSafeModeRule] INFO  safemode.SCMSafeModeManager (SCMSafeModeManager.java:exitSafeMode(248)) - SCM exiting safe mode.
2021-07-23 00:57:25,490 [EventQueue-OpenPipelineForHealthyPipelineSafeModeRule] WARN  events.EventQueue (EventQueue.java:fireEvent(194)) - No event handler registered for event TypedEvent{payloadType=SafeModeStatus, name='Safe mode status'}
2021-07-23 00:57:25,490 [EventQueue-OpenPipelineForHealthyPipelineSafeModeRule] INFO  ha.SCMContext (SCMContext.java:updateSafeModeStatus(205)) - Update SafeModeStatus from SafeModeStatus{safeModeStatus=true, preCheckPassed=true} to SafeModeStatus{safeModeStatus=false, preCheckPassed=true}.
2021-07-23 00:57:25,490 [EventQueue-OpenPipelineForHealthyPipelineSafeModeRule] INFO  pipeline.BackgroundPipelineCreator (BackgroundPipelineCreatorV2.java:notifyStatusChanged(264)) - Service BackgroundPipelineCreator transitions to RUNNING.
2021-07-23 00:57:25,490 [EventQueue-OpenPipelineForHealthyPipelineSafeModeRule] INFO  container.ReplicationManager (ReplicationManager.java:notifyStatusChanged(1686)) - Service ReplicationManager transitions to RUNNING.
2021-07-23 00:57:25,491 [dd0a5bb7-4770-4f66-9d90-0fb3dd50f458@group-F00FDE780096-LeaderElection2] INFO  server.RaftServerConfigKeys (ConfUtils.java:logGet(44)) - raft.server.log.appender.snapshot.chunk.size.max = 16MB (=16777216) (default)
2021-07-23 00:57:25,491 [dd0a5bb7-4770-4f66-9d90-0fb3dd50f458@group-F00FDE780096-LeaderElection2] INFO  server.RaftServerConfigKeys (ConfUtils.java:logGet(44)) - raft.server.log.appender.buffer.byte-limit = 33554432 (custom)
2021-07-23 00:57:25,491 [dd0a5bb7-4770-4f66-9d90-0fb3dd50f458@group-F00FDE780096-LeaderElection2] INFO  server.RaftServerConfigKeys (ConfUtils.java:logGet(44)) - raft.server.log.appender.buffer.element-limit = 1 (custom)
2021-07-23 00:57:25,492 [dd0a5bb7-4770-4f66-9d90-0fb3dd50f458@group-F00FDE780096-LeaderElection2] INFO  grpc.GrpcConfigKeys (ConfUtils.java:logGet(44)) - raft.grpc.server.leader.outstanding.appends.max = 128 (default)
2021-07-23 00:57:25,492 [dd0a5bb7-4770-4f66-9d90-0fb3dd50f458@group-F00FDE780096-LeaderElection2] INFO  server.RaftServerConfigKeys (ConfUtils.java:logGet(44)) - raft.server.rpc.request.timeout = 60s (custom)
2021-07-23 00:57:25,492 [dd0a5bb7-4770-4f66-9d90-0fb3dd50f458@group-F00FDE780096-LeaderElection2] INFO  server.RaftServerConfigKeys (ConfUtils.java:logGet(44)) - raft.server.log.appender.install.snapshot.enabled = false (custom)
2021-07-23 00:57:25,493 [dd0a5bb7-4770-4f66-9d90-0fb3dd50f458@group-F00FDE780096-LeaderElection2] INFO  impl.RoleInfo (RoleInfo.java:updateAndGet(130)) - dd0a5bb7-4770-4f66-9d90-0fb3dd50f458: start dd0a5bb7-4770-4f66-9d90-0fb3dd50f458@group-F00FDE780096-LeaderStateImpl
2021-07-23 00:57:25,494 [dd0a5bb7-4770-4f66-9d90-0fb3dd50f458@group-F00FDE780096-LeaderElection2] INFO  segmented.SegmentedRaftLogWorker (SegmentedRaftLogWorker.java:startLogSegment(394)) - dd0a5bb7-4770-4f66-9d90-0fb3dd50f458@group-F00FDE780096-SegmentedRaftLogWorker: Starting segment from index:0
2021-07-23 00:57:25,495 [dd0a5bb7-4770-4f66-9d90-0fb3dd50f458@group-F00FDE780096-SegmentedRaftLogWorker] INFO  segmented.SegmentedRaftLogWorker (SegmentedRaftLogWorker.java:execute(601)) - dd0a5bb7-4770-4f66-9d90-0fb3dd50f458@group-F00FDE780096-SegmentedRaftLogWorker: created new log segment /home/runner/work/ozone/ozone/mnt/ozone/hadoop-ozone/integration-test/target/test-dir/MiniOzoneClusterImpl-8cc5c0ec-9048-4102-91ef-822c63deda73/datanode-0/data/ratis/c7fbcee6-1ac8-4bb1-8b7a-f00fde780096/current/log_inprogress_0
2021-07-23 00:57:25,497 [dd0a5bb7-4770-4f66-9d90-0fb3dd50f458@group-F00FDE780096-LeaderElection2] INFO  server.RaftServer$Division (ServerState.java:setRaftConf(387)) - dd0a5bb7-4770-4f66-9d90-0fb3dd50f458@group-F00FDE780096: set configuration 0: [dd0a5bb7-4770-4f66-9d90-0fb3dd50f458|rpc:10.1.0.23:42569|dataStream:|priority:1, c0918ed1-71ae-4b85-9b7a-7a5f0f49a9a3|rpc:10.1.0.23:35867|dataStream:|priority:0, a10aadcf-1631-4a33-847f-9d04cfd12be0|rpc:10.1.0.23:45765|dataStream:|priority:0], old=null
2021-07-23 00:57:25,522 [grpc-default-executor-1] INFO  ratis.XceiverServerRatis (XceiverServerRatis.java:handleLeaderChangedNotification(857)) - Leader change notification received for group: group-F00FDE780096 with new leaderId: dd0a5bb7-4770-4f66-9d90-0fb3dd50f458
2021-07-23 00:57:25,523 [grpc-default-executor-1] INFO  server.RaftServer$Division (ServerState.java:setLeader(285)) - c0918ed1-71ae-4b85-9b7a-7a5f0f49a9a3@group-F00FDE780096: change Leader from null to dd0a5bb7-4770-4f66-9d90-0fb3dd50f458 at term 1 for appendEntries, leader elected after 4645ms
2021-07-23 00:57:25,541 [grpc-default-executor-0] INFO  server.RaftServer$Division (ServerState.java:setRaftConf(387)) - c0918ed1-71ae-4b85-9b7a-7a5f0f49a9a3@group-F00FDE780096: set configuration 0: [dd0a5bb7-4770-4f66-9d90-0fb3dd50f458|rpc:10.1.0.23:42569|dataStream:|priority:1, c0918ed1-71ae-4b85-9b7a-7a5f0f49a9a3|rpc:10.1.0.23:35867|dataStream:|priority:0, a10aadcf-1631-4a33-847f-9d04cfd12be0|rpc:10.1.0.23:45765|dataStream:|priority:0], old=null
2021-07-23 00:57:25,542 [grpc-default-executor-0] INFO  segmented.SegmentedRaftLogWorker (SegmentedRaftLogWorker.java:startLogSegment(394)) - c0918ed1-71ae-4b85-9b7a-7a5f0f49a9a3@group-F00FDE780096-SegmentedRaftLogWorker: Starting segment from index:0
2021-07-23 00:57:25,543 [c0918ed1-71ae-4b85-9b7a-7a5f0f49a9a3@group-F00FDE780096-SegmentedRaftLogWorker] INFO  segmented.SegmentedRaftLogWorker (SegmentedRaftLogWorker.java:execute(601)) - c0918ed1-71ae-4b85-9b7a-7a5f0f49a9a3@group-F00FDE780096-SegmentedRaftLogWorker: created new log segment /home/runner/work/ozone/ozone/mnt/ozone/hadoop-ozone/integration-test/target/test-dir/MiniOzoneClusterImpl-8cc5c0ec-9048-4102-91ef-822c63deda73/datanode-2/data/ratis/c7fbcee6-1ac8-4bb1-8b7a-f00fde780096/current/log_inprogress_0
2021-07-23 00:57:25,544 [grpc-default-executor-1] INFO  ratis.XceiverServerRatis (XceiverServerRatis.java:handleLeaderChangedNotification(857)) - Leader change notification received for group: group-F00FDE780096 with new leaderId: dd0a5bb7-4770-4f66-9d90-0fb3dd50f458
2021-07-23 00:57:25,547 [grpc-default-executor-1] INFO  server.RaftServer$Division (ServerState.java:setLeader(285)) - a10aadcf-1631-4a33-847f-9d04cfd12be0@group-F00FDE780096: change Leader from null to dd0a5bb7-4770-4f66-9d90-0fb3dd50f458 at term 1 for appendEntries, leader elected after 4860ms
2021-07-23 00:57:25,556 [grpc-default-executor-1] INFO  server.RaftServer$Division (ServerState.java:setRaftConf(387)) - a10aadcf-1631-4a33-847f-9d04cfd12be0@group-F00FDE780096: set configuration 0: [dd0a5bb7-4770-4f66-9d90-0fb3dd50f458|rpc:10.1.0.23:42569|dataStream:|priority:1, c0918ed1-71ae-4b85-9b7a-7a5f0f49a9a3|rpc:10.1.0.23:35867|dataStream:|priority:0, a10aadcf-1631-4a33-847f-9d04cfd12be0|rpc:10.1.0.23:45765|dataStream:|priority:0], old=null
2021-07-23 00:57:25,559 [grpc-default-executor-1] INFO  segmented.SegmentedRaftLogWorker (SegmentedRaftLogWorker.java:startLogSegment(394)) - a10aadcf-1631-4a33-847f-9d04cfd12be0@group-F00FDE780096-SegmentedRaftLogWorker: Starting segment from index:0
2021-07-23 00:57:25,561 [a10aadcf-1631-4a33-847f-9d04cfd12be0@group-F00FDE780096-SegmentedRaftLogWorker] INFO  segmented.SegmentedRaftLogWorker (SegmentedRaftLogWorker.java:execute(601)) - a10aadcf-1631-4a33-847f-9d04cfd12be0@group-F00FDE780096-SegmentedRaftLogWorker: created new log segment /home/runner/work/ozone/ozone/mnt/ozone/hadoop-ozone/integration-test/target/test-dir/MiniOzoneClusterImpl-8cc5c0ec-9048-4102-91ef-822c63deda73/datanode-1/data/ratis/c7fbcee6-1ac8-4bb1-8b7a-f00fde780096/current/log_inprogress_0
2021-07-23 00:57:25,570 [SCMBlockDeletingService#0] DEBUG block.SCMBlockDeletingService (SCMBlockDeletingService.java:call(131)) - Running DeletedBlockTransactionScanner
2021-07-23 00:57:25,670 [SCMBlockDeletingService#0] DEBUG block.SCMBlockDeletingService (SCMBlockDeletingService.java:call(131)) - Running DeletedBlockTransactionScanner
2021-07-23 00:57:25,770 [SCMBlockDeletingService#0] DEBUG block.SCMBlockDeletingService (SCMBlockDeletingService.java:call(131)) - Running DeletedBlockTransactionScanner
2021-07-23 00:57:25,870 [SCMBlockDeletingService#0] DEBUG block.SCMBlockDeletingService (SCMBlockDeletingService.java:call(131)) - Running DeletedBlockTransactionScanner
2021-07-23 00:57:25,964 [Listener at 127.0.0.1/34417] INFO  ozone.MiniOzoneClusterImpl (MiniOzoneClusterImpl.java:lambda$waitForClusterToBeReady$0(230)) - Nodes are ready. Got 3 of 3 DN Heartbeats.
2021-07-23 00:57:25,964 [Listener at 127.0.0.1/34417] INFO  ozone.MiniOzoneClusterImpl (MiniOzoneClusterImpl.java:lambda$waitForClusterToBeReady$0(233)) - Cluster exits safe mode
2021-07-23 00:57:25,965 [Listener at 127.0.0.1/34417] INFO  ozone.MiniOzoneClusterImpl (MiniOzoneClusterImpl.java:lambda$waitForClusterToBeReady$0(235)) - SCM became leader
2021-07-23 00:57:25,970 [SCMBlockDeletingService#0] DEBUG block.SCMBlockDeletingService (SCMBlockDeletingService.java:call(131)) - Running DeletedBlockTransactionScanner
2021-07-23 00:57:26,070 [SCMBlockDeletingService#0] DEBUG block.SCMBlockDeletingService (SCMBlockDeletingService.java:call(131)) - Running DeletedBlockTransactionScanner
2021-07-23 00:57:26,171 [SCMBlockDeletingService#0] DEBUG block.SCMBlockDeletingService (SCMBlockDeletingService.java:call(131)) - Running DeletedBlockTransactionScanner
2021-07-23 00:57:26,271 [SCMBlockDeletingService#0] DEBUG block.SCMBlockDeletingService (SCMBlockDeletingService.java:call(131)) - Running DeletedBlockTransactionScanner
2021-07-23 00:57:26,371 [SCMBlockDeletingService#0] DEBUG block.SCMBlockDeletingService (SCMBlockDeletingService.java:call(131)) - Running DeletedBlockTransactionScanner
2021-07-23 00:57:26,471 [SCMBlockDeletingService#0] DEBUG block.SCMBlockDeletingService (SCMBlockDeletingService.java:call(131)) - Running DeletedBlockTransactionScanner
2021-07-23 00:57:26,571 [SCMBlockDeletingService#0] DEBUG block.SCMBlockDeletingService (SCMBlockDeletingService.java:call(131)) - Running DeletedBlockTransactionScanner
2021-07-23 00:57:26,583 [Listener at 127.0.0.1/34417] INFO  rpc.RpcClient (RpcClient.java:createVolume(341)) - Creating Volume: d8eb96bb-d7f4-473d-9b64-379ff8280156, with runner as owner and space quota set to -1 bytes, counts quota set to -1
2021-07-23 00:57:26,633 [OM StateMachine ApplyTransaction Thread - 0] INFO  volume.OMVolumeCreateRequest (OMVolumeCreateRequest.java:validateAndUpdateCache(195)) - created volume:d8eb96bb-d7f4-473d-9b64-379ff8280156 for user:runner
2021-07-23 00:57:26,655 [Listener at 127.0.0.1/34417] INFO  rpc.RpcClient (RpcClient.java:createBucket(500)) - Creating Bucket: d8eb96bb-d7f4-473d-9b64-379ff8280156/790d9093-b513-44c6-ac57-d397d014997d, with Versioning false and Storage Type set to DISK and Encryption set to false 
2021-07-23 00:57:26,672 [SCMBlockDeletingService#0] DEBUG block.SCMBlockDeletingService (SCMBlockDeletingService.java:call(131)) - Running DeletedBlockTransactionScanner
2021-07-23 00:57:26,752 [IPC Server handler 0 on default port 39419] INFO  ha.SequenceIdGenerator (SequenceIdGenerator.java:getNextId(127)) - Allocate a batch for containerId, change lastId from 0 to 1000.
2021-07-23 00:57:26,762 [IPC Server handler 0 on default port 39419] WARN  ha.SequenceIdGenerator (SequenceIdGenerator.java:allocateBatch(234)) - Failed to allocate a batch for localId, expected lastId is 0, actual lastId is 107544261427200000.
2021-07-23 00:57:26,762 [IPC Server handler 0 on default port 39419] INFO  ha.SequenceIdGenerator (SequenceIdGenerator.java:getNextId(127)) - Allocate a batch for localId, change lastId from 107544261427200000 to 107544261427201000.
2021-07-23 00:57:26,774 [SCMBlockDeletingService#0] DEBUG block.SCMBlockDeletingService (SCMBlockDeletingService.java:call(131)) - Running DeletedBlockTransactionScanner
2021-07-23 00:57:26,847 [Listener at 127.0.0.1/34417] INFO  impl.MetricsSystemImpl (MetricsSystemImpl.java:init(158)) - XceiverClientMetrics metrics system started (again)
2021-07-23 00:57:26,875 [SCMBlockDeletingService#0] DEBUG block.SCMBlockDeletingService (SCMBlockDeletingService.java:call(131)) - Running DeletedBlockTransactionScanner
2021-07-23 00:57:26,975 [SCMBlockDeletingService#0] DEBUG block.SCMBlockDeletingService (SCMBlockDeletingService.java:call(131)) - Running DeletedBlockTransactionScanner
2021-07-23 00:57:27,075 [SCMBlockDeletingService#0] DEBUG block.SCMBlockDeletingService (SCMBlockDeletingService.java:call(131)) - Running DeletedBlockTransactionScanner
2021-07-23 00:57:27,166 [Datanode State Machine Thread - 0] WARN  statemachine.StateContext (StateContext.java:execute(621)) - No available thread in pool for past 0 seconds.
2021-07-23 00:57:27,175 [Datanode State Machine Thread - 0] WARN  statemachine.StateContext (StateContext.java:execute(621)) - No available thread in pool for past 0 seconds.
2021-07-23 00:57:27,175 [SCMBlockDeletingService#0] DEBUG block.SCMBlockDeletingService (SCMBlockDeletingService.java:call(131)) - Running DeletedBlockTransactionScanner
2021-07-23 00:57:27,177 [Datanode State Machine Thread - 0] WARN  statemachine.StateContext (StateContext.java:execute(621)) - No available thread in pool for past 0 seconds.
2021-07-23 00:57:27,275 [SCMBlockDeletingService#0] DEBUG block.SCMBlockDeletingService (SCMBlockDeletingService.java:call(131)) - Running DeletedBlockTransactionScanner
2021-07-23 00:57:27,377 [SCMBlockDeletingService#0] DEBUG block.SCMBlockDeletingService (SCMBlockDeletingService.java:call(131)) - Running DeletedBlockTransactionScanner
2021-07-23 00:57:27,477 [SCMBlockDeletingService#0] DEBUG block.SCMBlockDeletingService (SCMBlockDeletingService.java:call(131)) - Running DeletedBlockTransactionScanner
2021-07-23 00:57:27,577 [SCMBlockDeletingService#0] DEBUG block.SCMBlockDeletingService (SCMBlockDeletingService.java:call(131)) - Running DeletedBlockTransactionScanner
2021-07-23 00:57:27,677 [SCMBlockDeletingService#0] DEBUG block.SCMBlockDeletingService (SCMBlockDeletingService.java:call(131)) - Running DeletedBlockTransactionScanner
2021-07-23 00:57:27,777 [SCMBlockDeletingService#0] DEBUG block.SCMBlockDeletingService (SCMBlockDeletingService.java:call(131)) - Running DeletedBlockTransactionScanner
2021-07-23 00:57:27,877 [SCMBlockDeletingService#0] DEBUG block.SCMBlockDeletingService (SCMBlockDeletingService.java:call(131)) - Running DeletedBlockTransactionScanner
2021-07-23 00:57:27,977 [SCMBlockDeletingService#0] DEBUG block.SCMBlockDeletingService (SCMBlockDeletingService.java:call(131)) - Running DeletedBlockTransactionScanner
2021-07-23 00:57:28,078 [SCMBlockDeletingService#0] DEBUG block.SCMBlockDeletingService (SCMBlockDeletingService.java:call(131)) - Running DeletedBlockTransactionScanner
2021-07-23 00:57:28,178 [SCMBlockDeletingService#0] DEBUG block.SCMBlockDeletingService (SCMBlockDeletingService.java:call(131)) - Running DeletedBlockTransactionScanner
2021-07-23 00:57:28,278 [SCMBlockDeletingService#0] DEBUG block.SCMBlockDeletingService (SCMBlockDeletingService.java:call(131)) - Running DeletedBlockTransactionScanner
2021-07-23 00:57:28,378 [SCMBlockDeletingService#0] DEBUG block.SCMBlockDeletingService (SCMBlockDeletingService.java:call(131)) - Running DeletedBlockTransactionScanner
2021-07-23 00:57:28,478 [SCMBlockDeletingService#0] DEBUG block.SCMBlockDeletingService (SCMBlockDeletingService.java:call(131)) - Running DeletedBlockTransactionScanner
2021-07-23 00:57:28,578 [SCMBlockDeletingService#0] DEBUG block.SCMBlockDeletingService (SCMBlockDeletingService.java:call(131)) - Running DeletedBlockTransactionScanner
2021-07-23 00:57:28,678 [SCMBlockDeletingService#0] DEBUG block.SCMBlockDeletingService (SCMBlockDeletingService.java:call(131)) - Running DeletedBlockTransactionScanner
2021-07-23 00:57:28,779 [SCMBlockDeletingService#0] DEBUG block.SCMBlockDeletingService (SCMBlockDeletingService.java:call(131)) - Running DeletedBlockTransactionScanner
2021-07-23 00:57:28,879 [SCMBlockDeletingService#0] DEBUG block.SCMBlockDeletingService (SCMBlockDeletingService.java:call(131)) - Running DeletedBlockTransactionScanner
2021-07-23 00:57:28,979 [SCMBlockDeletingService#0] DEBUG block.SCMBlockDeletingService (SCMBlockDeletingService.java:call(131)) - Running DeletedBlockTransactionScanner
2021-07-23 00:57:29,079 [SCMBlockDeletingService#0] DEBUG block.SCMBlockDeletingService (SCMBlockDeletingService.java:call(131)) - Running DeletedBlockTransactionScanner
2021-07-23 00:57:29,179 [SCMBlockDeletingService#0] DEBUG block.SCMBlockDeletingService (SCMBlockDeletingService.java:call(131)) - Running DeletedBlockTransactionScanner
2021-07-23 00:57:29,279 [SCMBlockDeletingService#0] DEBUG block.SCMBlockDeletingService (SCMBlockDeletingService.java:call(131)) - Running DeletedBlockTransactionScanner
2021-07-23 00:57:29,379 [SCMBlockDeletingService#0] DEBUG block.SCMBlockDeletingService (SCMBlockDeletingService.java:call(131)) - Running DeletedBlockTransactionScanner
2021-07-23 00:57:29,479 [SCMBlockDeletingService#0] DEBUG block.SCMBlockDeletingService (SCMBlockDeletingService.java:call(131)) - Running DeletedBlockTransactionScanner
2021-07-23 00:57:29,579 [SCMBlockDeletingService#0] DEBUG block.SCMBlockDeletingService (SCMBlockDeletingService.java:call(131)) - Running DeletedBlockTransactionScanner
2021-07-23 00:57:29,680 [SCMBlockDeletingService#0] DEBUG block.SCMBlockDeletingService (SCMBlockDeletingService.java:call(131)) - Running DeletedBlockTransactionScanner
2021-07-23 00:57:29,780 [SCMBlockDeletingService#0] DEBUG block.SCMBlockDeletingService (SCMBlockDeletingService.java:call(131)) - Running DeletedBlockTransactionScanner
2021-07-23 00:57:29,880 [SCMBlockDeletingService#0] DEBUG block.SCMBlockDeletingService (SCMBlockDeletingService.java:call(131)) - Running DeletedBlockTransactionScanner
2021-07-23 00:57:29,980 [SCMBlockDeletingService#0] DEBUG block.SCMBlockDeletingService (SCMBlockDeletingService.java:call(131)) - Running DeletedBlockTransactionScanner
2021-07-23 00:57:30,080 [SCMBlockDeletingService#0] DEBUG block.SCMBlockDeletingService (SCMBlockDeletingService.java:call(131)) - Running DeletedBlockTransactionScanner
2021-07-23 00:57:30,180 [SCMBlockDeletingService#0] DEBUG block.SCMBlockDeletingService (SCMBlockDeletingService.java:call(131)) - Running DeletedBlockTransactionScanner
2021-07-23 00:57:30,281 [SCMBlockDeletingService#0] DEBUG block.SCMBlockDeletingService (SCMBlockDeletingService.java:call(131)) - Running DeletedBlockTransactionScanner
2021-07-23 00:57:30,381 [SCMBlockDeletingService#0] DEBUG block.SCMBlockDeletingService (SCMBlockDeletingService.java:call(131)) - Running DeletedBlockTransactionScanner
2021-07-23 00:57:30,481 [SCMBlockDeletingService#0] DEBUG block.SCMBlockDeletingService (SCMBlockDeletingService.java:call(131)) - Running DeletedBlockTransactionScanner
2021-07-23 00:57:30,581 [SCMBlockDeletingService#0] DEBUG block.SCMBlockDeletingService (SCMBlockDeletingService.java:call(131)) - Running DeletedBlockTransactionScanner
2021-07-23 00:57:30,681 [SCMBlockDeletingService#0] DEBUG block.SCMBlockDeletingService (SCMBlockDeletingService.java:call(131)) - Running DeletedBlockTransactionScanner
2021-07-23 00:57:30,781 [SCMBlockDeletingService#0] DEBUG block.SCMBlockDeletingService (SCMBlockDeletingService.java:call(131)) - Running DeletedBlockTransactionScanner
2021-07-23 00:57:30,881 [SCMBlockDeletingService#0] DEBUG block.SCMBlockDeletingService (SCMBlockDeletingService.java:call(131)) - Running DeletedBlockTransactionScanner
2021-07-23 00:57:30,981 [SCMBlockDeletingService#0] DEBUG block.SCMBlockDeletingService (SCMBlockDeletingService.java:call(131)) - Running DeletedBlockTransactionScanner
2021-07-23 00:57:31,082 [SCMBlockDeletingService#0] DEBUG block.SCMBlockDeletingService (SCMBlockDeletingService.java:call(131)) - Running DeletedBlockTransactionScanner
2021-07-23 00:57:31,182 [SCMBlockDeletingService#0] DEBUG block.SCMBlockDeletingService (SCMBlockDeletingService.java:call(131)) - Running DeletedBlockTransactionScanner
2021-07-23 00:57:31,282 [SCMBlockDeletingService#0] DEBUG block.SCMBlockDeletingService (SCMBlockDeletingService.java:call(131)) - Running DeletedBlockTransactionScanner
2021-07-23 00:57:31,382 [SCMBlockDeletingService#0] DEBUG block.SCMBlockDeletingService (SCMBlockDeletingService.java:call(131)) - Running DeletedBlockTransactionScanner
2021-07-23 00:57:31,482 [SCMBlockDeletingService#0] DEBUG block.SCMBlockDeletingService (SCMBlockDeletingService.java:call(131)) - Running DeletedBlockTransactionScanner
2021-07-23 00:57:31,583 [SCMBlockDeletingService#0] DEBUG block.SCMBlockDeletingService (SCMBlockDeletingService.java:call(131)) - Running DeletedBlockTransactionScanner
2021-07-23 00:57:31,683 [SCMBlockDeletingService#0] DEBUG block.SCMBlockDeletingService (SCMBlockDeletingService.java:call(131)) - Running DeletedBlockTransactionScanner
2021-07-23 00:57:31,783 [SCMBlockDeletingService#0] DEBUG block.SCMBlockDeletingService (SCMBlockDeletingService.java:call(131)) - Running DeletedBlockTransactionScanner
2021-07-23 00:57:31,883 [SCMBlockDeletingService#0] DEBUG block.SCMBlockDeletingService (SCMBlockDeletingService.java:call(131)) - Running DeletedBlockTransactionScanner
2021-07-23 00:57:31,983 [SCMBlockDeletingService#0] DEBUG block.SCMBlockDeletingService (SCMBlockDeletingService.java:call(131)) - Running DeletedBlockTransactionScanner
2021-07-23 00:57:32,083 [SCMBlockDeletingService#0] DEBUG block.SCMBlockDeletingService (SCMBlockDeletingService.java:call(131)) - Running DeletedBlockTransactionScanner
2021-07-23 00:57:32,183 [SCMBlockDeletingService#0] DEBUG block.SCMBlockDeletingService (SCMBlockDeletingService.java:call(131)) - Running DeletedBlockTransactionScanner
2021-07-23 00:57:32,283 [SCMBlockDeletingService#0] DEBUG block.SCMBlockDeletingService (SCMBlockDeletingService.java:call(131)) - Running DeletedBlockTransactionScanner
2021-07-23 00:57:32,383 [SCMBlockDeletingService#0] DEBUG block.SCMBlockDeletingService (SCMBlockDeletingService.java:call(131)) - Running DeletedBlockTransactionScanner
2021-07-23 00:57:32,484 [SCMBlockDeletingService#0] DEBUG block.SCMBlockDeletingService (SCMBlockDeletingService.java:call(131)) - Running DeletedBlockTransactionScanner
2021-07-23 00:57:32,584 [SCMBlockDeletingService#0] DEBUG block.SCMBlockDeletingService (SCMBlockDeletingService.java:call(131)) - Running DeletedBlockTransactionScanner
2021-07-23 00:57:32,659 [EventQueue-CloseContainerForCloseContainerEventHandler] INFO  container.CloseContainerEventHandler (CloseContainerEventHandler.java:onMessage(69)) - Close container Event triggered for container : #1
2021-07-23 00:57:32,684 [SCMBlockDeletingService#0] DEBUG block.SCMBlockDeletingService (SCMBlockDeletingService.java:call(131)) - Running DeletedBlockTransactionScanner
2021-07-23 00:57:32,784 [SCMBlockDeletingService#0] DEBUG block.SCMBlockDeletingService (SCMBlockDeletingService.java:call(131)) - Running DeletedBlockTransactionScanner
2021-07-23 00:57:32,884 [SCMBlockDeletingService#0] DEBUG block.SCMBlockDeletingService (SCMBlockDeletingService.java:call(131)) - Running DeletedBlockTransactionScanner
2021-07-23 00:57:32,984 [SCMBlockDeletingService#0] DEBUG block.SCMBlockDeletingService (SCMBlockDeletingService.java:call(131)) - Running DeletedBlockTransactionScanner
2021-07-23 00:57:33,084 [SCMBlockDeletingService#0] DEBUG block.SCMBlockDeletingService (SCMBlockDeletingService.java:call(131)) - Running DeletedBlockTransactionScanner
2021-07-23 00:57:33,185 [SCMBlockDeletingService#0] DEBUG block.SCMBlockDeletingService (SCMBlockDeletingService.java:call(131)) - Running DeletedBlockTransactionScanner
2021-07-23 00:57:33,285 [SCMBlockDeletingService#0] DEBUG block.SCMBlockDeletingService (SCMBlockDeletingService.java:call(131)) - Running DeletedBlockTransactionScanner
2021-07-23 00:57:33,385 [SCMBlockDeletingService#0] DEBUG block.SCMBlockDeletingService (SCMBlockDeletingService.java:call(131)) - Running DeletedBlockTransactionScanner
2021-07-23 00:57:33,485 [SCMBlockDeletingService#0] DEBUG block.SCMBlockDeletingService (SCMBlockDeletingService.java:call(131)) - Running DeletedBlockTransactionScanner
2021-07-23 00:57:33,585 [SCMBlockDeletingService#0] DEBUG block.SCMBlockDeletingService (SCMBlockDeletingService.java:call(131)) - Running DeletedBlockTransactionScanner
2021-07-23 00:57:33,685 [SCMBlockDeletingService#0] DEBUG block.SCMBlockDeletingService (SCMBlockDeletingService.java:call(131)) - Running DeletedBlockTransactionScanner
2021-07-23 00:57:33,773 [Datanode State Machine Thread - 0] WARN  statemachine.StateContext (StateContext.java:execute(621)) - No available thread in pool for past 0 seconds.
2021-07-23 00:57:33,784 [Datanode State Machine Thread - 0] WARN  statemachine.StateContext (StateContext.java:execute(621)) - No available thread in pool for past 0 seconds.
2021-07-23 00:57:33,785 [SCMBlockDeletingService#0] DEBUG block.SCMBlockDeletingService (SCMBlockDeletingService.java:call(131)) - Running DeletedBlockTransactionScanner
2021-07-23 00:57:33,793 [pool-97-thread-7] INFO  keyvalue.KeyValueContainer (KeyValueContainer.java:flushAndSyncDB(397)) - Container 1 is synced with bcsId 10.
2021-07-23 00:57:33,794 [pool-97-thread-7] INFO  keyvalue.KeyValueContainer (KeyValueContainer.java:flushAndSyncDB(397)) - Container 1 is synced with bcsId 10.
2021-07-23 00:57:33,803 [pool-97-thread-7] INFO  keyvalue.KeyValueContainer (KeyValueContainer.java:close(334)) - Container 1 is closed with bcsId 10.
2021-07-23 00:57:33,804 [Datanode State Machine Thread - 0] WARN  statemachine.StateContext (StateContext.java:execute(621)) - No available thread in pool for past 0 seconds.
2021-07-23 00:57:33,804 [EventQueue-IncrementalContainerReportForIncrementalContainerReportHandler] INFO  container.IncrementalContainerReportHandler (AbstractContainerReportHandler.java:updateContainerState(223)) - Moving container #1 to CLOSED state, datanode dd0a5bb7-4770-4f66-9d90-0fb3dd50f458{ip: 10.1.0.23, host: fv-az184-788.3ow45vhwbzuu5incsxmygykede.cx.internal.cloudapp.net, ports: [REPLICATION=40591, RATIS=42569, RATIS_ADMIN=42569, RATIS_SERVER=42569, STANDALONE=34461], networkLocation: /default-rack, certSerialId: null, persistedOpState: IN_SERVICE, persistedOpStateExpiryEpochSec: 0} reported CLOSED replica.
2021-07-23 00:57:33,806 [pool-98-thread-7] INFO  keyvalue.KeyValueContainer (KeyValueContainer.java:flushAndSyncDB(397)) - Container 1 is synced with bcsId 10.
2021-07-23 00:57:33,807 [pool-98-thread-7] INFO  keyvalue.KeyValueContainer (KeyValueContainer.java:flushAndSyncDB(397)) - Container 1 is synced with bcsId 10.
2021-07-23 00:57:33,806 [pool-99-thread-7] INFO  keyvalue.KeyValueContainer (KeyValueContainer.java:flushAndSyncDB(397)) - Container 1 is synced with bcsId 10.
2021-07-23 00:57:33,809 [pool-99-thread-7] INFO  keyvalue.KeyValueContainer (KeyValueContainer.java:flushAndSyncDB(397)) - Container 1 is synced with bcsId 10.
2021-07-23 00:57:33,809 [pool-98-thread-7] INFO  keyvalue.KeyValueContainer (KeyValueContainer.java:close(334)) - Container 1 is closed with bcsId 10.
2021-07-23 00:57:33,811 [Datanode State Machine Thread - 0] WARN  statemachine.StateContext (StateContext.java:execute(621)) - No available thread in pool for past 0 seconds.
2021-07-23 00:57:33,811 [pool-99-thread-7] INFO  keyvalue.KeyValueContainer (KeyValueContainer.java:close(334)) - Container 1 is closed with bcsId 10.
2021-07-23 00:57:33,811 [Datanode State Machine Thread - 0] WARN  statemachine.StateContext (StateContext.java:execute(621)) - No available thread in pool for past 0 seconds.
2021-07-23 00:57:33,886 [SCMBlockDeletingService#0] DEBUG block.SCMBlockDeletingService (SCMBlockDeletingService.java:call(131)) - Running DeletedBlockTransactionScanner
2021-07-23 00:57:33,986 [SCMBlockDeletingService#0] DEBUG block.SCMBlockDeletingService (SCMBlockDeletingService.java:call(131)) - Running DeletedBlockTransactionScanner
2021-07-23 00:57:34,086 [SCMBlockDeletingService#0] DEBUG block.SCMBlockDeletingService (SCMBlockDeletingService.java:call(131)) - Running DeletedBlockTransactionScanner
2021-07-23 00:57:34,186 [SCMBlockDeletingService#0] DEBUG block.SCMBlockDeletingService (SCMBlockDeletingService.java:call(131)) - Running DeletedBlockTransactionScanner
2021-07-23 00:57:34,286 [SCMBlockDeletingService#0] DEBUG block.SCMBlockDeletingService (SCMBlockDeletingService.java:call(131)) - Running DeletedBlockTransactionScanner
2021-07-23 00:57:34,386 [SCMBlockDeletingService#0] DEBUG block.SCMBlockDeletingService (SCMBlockDeletingService.java:call(131)) - Running DeletedBlockTransactionScanner
2021-07-23 00:57:34,487 [SCMBlockDeletingService#0] DEBUG block.SCMBlockDeletingService (SCMBlockDeletingService.java:call(131)) - Running DeletedBlockTransactionScanner
2021-07-23 00:57:34,587 [SCMBlockDeletingService#0] DEBUG block.SCMBlockDeletingService (SCMBlockDeletingService.java:call(131)) - Running DeletedBlockTransactionScanner
2021-07-23 00:57:34,687 [SCMBlockDeletingService#0] DEBUG block.SCMBlockDeletingService (SCMBlockDeletingService.java:call(131)) - Running DeletedBlockTransactionScanner
2021-07-23 00:57:34,711 [IPC Server handler 0 on default port 39419] INFO  ha.SequenceIdGenerator (SequenceIdGenerator.java:getNextId(127)) - Allocate a batch for delTxnId, change lastId from 0 to 1000.
2021-07-23 00:57:34,787 [SCMBlockDeletingService#0] DEBUG block.SCMBlockDeletingService (SCMBlockDeletingService.java:call(131)) - Running DeletedBlockTransactionScanner
2021-07-23 00:57:34,788 [SCMBlockDeletingService#0] DEBUG block.SCMBlockDeletingService (DatanodeDeletedBlockTransactions.java:addTransactionToDN(50)) - Transaction added: a10aadcf-1631-4a33-847f-9d04cfd12be0 <- TX(1)
2021-07-23 00:57:34,788 [SCMBlockDeletingService#0] DEBUG block.SCMBlockDeletingService (DatanodeDeletedBlockTransactions.java:addTransactionToDN(50)) - Transaction added: c0918ed1-71ae-4b85-9b7a-7a5f0f49a9a3 <- TX(1)
2021-07-23 00:57:34,788 [SCMBlockDeletingService#0] DEBUG block.SCMBlockDeletingService (DatanodeDeletedBlockTransactions.java:addTransactionToDN(50)) - Transaction added: dd0a5bb7-4770-4f66-9d90-0fb3dd50f458 <- TX(1)
2021-07-23 00:57:34,788 [SCMBlockDeletingService#0] DEBUG block.SCMBlockDeletingService (SCMBlockDeletingService.java:call(160)) - Added delete block command for datanode dd0a5bb7-4770-4f66-9d90-0fb3dd50f458 in the queue, number of delete block transactions: 1
2021-07-23 00:57:34,788 [SCMBlockDeletingService#0] DEBUG block.SCMBlockDeletingService (SCMBlockDeletingService.java:call(160)) - Added delete block command for datanode c0918ed1-71ae-4b85-9b7a-7a5f0f49a9a3 in the queue, number of delete block transactions: 1
2021-07-23 00:57:34,789 [SCMBlockDeletingService#0] DEBUG block.SCMBlockDeletingService (SCMBlockDeletingService.java:call(160)) - Added delete block command for datanode a10aadcf-1631-4a33-847f-9d04cfd12be0 in the queue, number of delete block transactions: 1
2021-07-23 00:57:34,789 [SCMBlockDeletingService#0] INFO  block.SCMBlockDeletingService (SCMBlockDeletingService.java:call(170)) - Totally added 3 blocks to be deleted for 3 datanodes, task elapsed time: 2ms
2021-07-23 00:57:34,887 [SCMBlockDeletingService#0] DEBUG block.SCMBlockDeletingService (SCMBlockDeletingService.java:call(131)) - Running DeletedBlockTransactionScanner
2021-07-23 00:57:34,887 [SCMBlockDeletingService#0] DEBUG block.SCMBlockDeletingService (DatanodeDeletedBlockTransactions.java:addTransactionToDN(50)) - Transaction added: a10aadcf-1631-4a33-847f-9d04cfd12be0 <- TX(1)
2021-07-23 00:57:34,887 [SCMBlockDeletingService#0] DEBUG block.SCMBlockDeletingService (DatanodeDeletedBlockTransactions.java:addTransactionToDN(50)) - Transaction added: c0918ed1-71ae-4b85-9b7a-7a5f0f49a9a3 <- TX(1)
2021-07-23 00:57:34,888 [SCMBlockDeletingService#0] DEBUG block.SCMBlockDeletingService (DatanodeDeletedBlockTransactions.java:addTransactionToDN(50)) - Transaction added: dd0a5bb7-4770-4f66-9d90-0fb3dd50f458 <- TX(1)
2021-07-23 00:57:34,888 [SCMBlockDeletingService#0] DEBUG block.SCMBlockDeletingService (SCMBlockDeletingService.java:call(160)) - Added delete block command for datanode dd0a5bb7-4770-4f66-9d90-0fb3dd50f458 in the queue, number of delete block transactions: 1
2021-07-23 00:57:34,888 [SCMBlockDeletingService#0] DEBUG block.SCMBlockDeletingService (SCMBlockDeletingService.java:call(160)) - Added delete block command for datanode c0918ed1-71ae-4b85-9b7a-7a5f0f49a9a3 in the queue, number of delete block transactions: 1
2021-07-23 00:57:34,888 [SCMBlockDeletingService#0] DEBUG block.SCMBlockDeletingService (SCMBlockDeletingService.java:call(160)) - Added delete block command for datanode a10aadcf-1631-4a33-847f-9d04cfd12be0 in the queue, number of delete block transactions: 1
2021-07-23 00:57:34,888 [SCMBlockDeletingService#0] INFO  block.SCMBlockDeletingService (SCMBlockDeletingService.java:call(170)) - Totally added 3 blocks to be deleted for 3 datanodes, task elapsed time: 1ms
2021-07-23 00:57:34,974 [Command processor thread] INFO  commandhandler.DeleteBlocksCommandHandler (DeleteBlocksCommandHandler.java:handle(110)) - Start to delete container blocks, TXIDs=[1(0)], numOfContainers=1, numOfBlocks=1
2021-07-23 00:57:34,981 [Command processor thread] INFO  commandhandler.DeleteBlocksCommandHandler (DeleteBlocksCommandHandler.java:handle(110)) - Start to delete container blocks, TXIDs=[1(0)], numOfContainers=1, numOfBlocks=1
2021-07-23 00:57:34,987 [SCMBlockDeletingService#0] DEBUG block.SCMBlockDeletingService (SCMBlockDeletingService.java:call(131)) - Running DeletedBlockTransactionScanner
2021-07-23 00:57:34,987 [SCMBlockDeletingService#0] DEBUG block.SCMBlockDeletingService (DatanodeDeletedBlockTransactions.java:addTransactionToDN(50)) - Transaction added: a10aadcf-1631-4a33-847f-9d04cfd12be0 <- TX(1)
2021-07-23 00:57:34,987 [SCMBlockDeletingService#0] DEBUG block.SCMBlockDeletingService (DatanodeDeletedBlockTransactions.java:addTransactionToDN(50)) - Transaction added: c0918ed1-71ae-4b85-9b7a-7a5f0f49a9a3 <- TX(1)
2021-07-23 00:57:34,988 [SCMBlockDeletingService#0] DEBUG block.SCMBlockDeletingService (DatanodeDeletedBlockTransactions.java:addTransactionToDN(50)) - Transaction added: dd0a5bb7-4770-4f66-9d90-0fb3dd50f458 <- TX(1)
2021-07-23 00:57:34,988 [SCMBlockDeletingService#0] DEBUG block.SCMBlockDeletingService (SCMBlockDeletingService.java:call(160)) - Added delete block command for datanode dd0a5bb7-4770-4f66-9d90-0fb3dd50f458 in the queue, number of delete block transactions: 1
2021-07-23 00:57:34,988 [SCMBlockDeletingService#0] DEBUG block.SCMBlockDeletingService (SCMBlockDeletingService.java:call(160)) - Added delete block command for datanode c0918ed1-71ae-4b85-9b7a-7a5f0f49a9a3 in the queue, number of delete block transactions: 1
2021-07-23 00:57:34,988 [SCMBlockDeletingService#0] DEBUG block.SCMBlockDeletingService (SCMBlockDeletingService.java:call(160)) - Added delete block command for datanode a10aadcf-1631-4a33-847f-9d04cfd12be0 in the queue, number of delete block transactions: 1
2021-07-23 00:57:34,988 [SCMBlockDeletingService#0] INFO  block.SCMBlockDeletingService (SCMBlockDeletingService.java:call(170)) - Totally added 3 blocks to be deleted for 3 datanodes, task elapsed time: 1ms
2021-07-23 00:57:35,018 [EventQueue-DeleteBlockStatusForDeletedBlockLogImplV2] DEBUG block.DeletedBlockLogImpl (DeletedBlockLogImplV2.java:isTransactionFailed(270)) - Got block deletion ACK from datanode, TXIDs=1, success=true
2021-07-23 00:57:35,018 [EventQueue-DeleteBlockStatusForDeletedBlockLogImplV2] DEBUG block.DeletedBlockLogImpl (DeletedBlockLogImplV2.java:commitTransactions(249)) - Datanode txId=1 containerId=#1 committed by dnId=c0918ed1-71ae-4b85-9b7a-7a5f0f49a9a3
2021-07-23 00:57:35,071 [BlockDeletingService#2] INFO  background.BlockDeletingService (BlockDeletingService.java:getTasks(158)) - Plan to choose 5000 blocks for block deletion, actually deleting 1 blocks.
2021-07-23 00:57:35,071 [BlockDeletingService#3] INFO  background.BlockDeletingService (BlockDeletingService.java:getTasks(158)) - Plan to choose 5000 blocks for block deletion, actually deleting 1 blocks.
2021-07-23 00:57:35,075 [BlockDeletingService#2] INFO  impl.FilePerBlockStrategy (FilePerBlockStrategy.java:deleteChunk(227)) - Deleted block file: /home/runner/work/ozone/ozone/mnt/ozone/hadoop-ozone/integration-test/target/test-dir/MiniOzoneClusterImpl-8cc5c0ec-9048-4102-91ef-822c63deda73/datanode-0/data-0/containers/hdds/8cc5c0ec-9048-4102-91ef-822c63deda73/current/containerDir0/1/chunks/107544261427200001.block
2021-07-23 00:57:35,075 [BlockDeletingService#2] INFO  background.BlockDeletingService (BlockDeletingService.java:deleteViaSchema2(447)) - Container: 1, deleted blocks: 1, task elapsed time: 4ms
2021-07-23 00:57:35,076 [BlockDeletingService#3] INFO  impl.FilePerBlockStrategy (FilePerBlockStrategy.java:deleteChunk(227)) - Deleted block file: /home/runner/work/ozone/ozone/mnt/ozone/hadoop-ozone/integration-test/target/test-dir/MiniOzoneClusterImpl-8cc5c0ec-9048-4102-91ef-822c63deda73/datanode-2/data-0/containers/hdds/8cc5c0ec-9048-4102-91ef-822c63deda73/current/containerDir0/1/chunks/107544261427200001.block
2021-07-23 00:57:35,079 [BlockDeletingService#3] INFO  background.BlockDeletingService (BlockDeletingService.java:deleteViaSchema2(447)) - Container: 1, deleted blocks: 1, task elapsed time: 7ms
2021-07-23 00:57:35,087 [SCMBlockDeletingService#0] DEBUG block.SCMBlockDeletingService (SCMBlockDeletingService.java:call(131)) - Running DeletedBlockTransactionScanner
2021-07-23 00:57:35,087 [SCMBlockDeletingService#0] DEBUG block.SCMBlockDeletingService (DatanodeDeletedBlockTransactions.java:addTransactionToDN(50)) - Transaction added: a10aadcf-1631-4a33-847f-9d04cfd12be0 <- TX(1)
2021-07-23 00:57:35,088 [SCMBlockDeletingService#0] DEBUG block.SCMBlockDeletingService (DatanodeDeletedBlockTransactions.java:addTransactionToDN(50)) - Transaction added: dd0a5bb7-4770-4f66-9d90-0fb3dd50f458 <- TX(1)
2021-07-23 00:57:35,088 [SCMBlockDeletingService#0] DEBUG block.SCMBlockDeletingService (SCMBlockDeletingService.java:call(160)) - Added delete block command for datanode dd0a5bb7-4770-4f66-9d90-0fb3dd50f458 in the queue, number of delete block transactions: 1
2021-07-23 00:57:35,088 [SCMBlockDeletingService#0] DEBUG block.SCMBlockDeletingService (SCMBlockDeletingService.java:call(160)) - Added delete block command for datanode a10aadcf-1631-4a33-847f-9d04cfd12be0 in the queue, number of delete block transactions: 1
2021-07-23 00:57:35,088 [SCMBlockDeletingService#0] INFO  block.SCMBlockDeletingService (SCMBlockDeletingService.java:call(170)) - Totally added 2 blocks to be deleted for 2 datanodes, task elapsed time: 1ms
2021-07-23 00:57:35,188 [SCMBlockDeletingService#0] DEBUG block.SCMBlockDeletingService (SCMBlockDeletingService.java:call(131)) - Running DeletedBlockTransactionScanner
2021-07-23 00:57:35,189 [SCMBlockDeletingService#0] DEBUG block.SCMBlockDeletingService (DatanodeDeletedBlockTransactions.java:addTransactionToDN(50)) - Transaction added: a10aadcf-1631-4a33-847f-9d04cfd12be0 <- TX(1)
2021-07-23 00:57:35,190 [SCMBlockDeletingService#0] DEBUG block.SCMBlockDeletingService (DatanodeDeletedBlockTransactions.java:addTransactionToDN(50)) - Transaction added: dd0a5bb7-4770-4f66-9d90-0fb3dd50f458 <- TX(1)
2021-07-23 00:57:35,190 [SCMBlockDeletingService#0] DEBUG block.SCMBlockDeletingService (SCMBlockDeletingService.java:call(160)) - Added delete block command for datanode dd0a5bb7-4770-4f66-9d90-0fb3dd50f458 in the queue, number of delete block transactions: 1
2021-07-23 00:57:35,190 [SCMBlockDeletingService#0] DEBUG block.SCMBlockDeletingService (SCMBlockDeletingService.java:call(160)) - Added delete block command for datanode a10aadcf-1631-4a33-847f-9d04cfd12be0 in the queue, number of delete block transactions: 1
2021-07-23 00:57:35,190 [SCMBlockDeletingService#0] INFO  block.SCMBlockDeletingService (SCMBlockDeletingService.java:call(170)) - Totally added 2 blocks to be deleted for 2 datanodes, task elapsed time: 1ms
2021-07-23 00:57:35,206 [EventQueue-DeleteBlockStatusForDeletedBlockLogImplV2] DEBUG block.DeletedBlockLogImpl (DeletedBlockLogImplV2.java:isTransactionFailed(270)) - Got block deletion ACK from datanode, TXIDs=1, success=true
2021-07-23 00:57:35,206 [EventQueue-DeleteBlockStatusForDeletedBlockLogImplV2] DEBUG block.DeletedBlockLogImpl (DeletedBlockLogImplV2.java:commitTransactions(249)) - Datanode txId=1 containerId=#1 committed by dnId=dd0a5bb7-4770-4f66-9d90-0fb3dd50f458
2021-07-23 00:57:35,288 [SCMBlockDeletingService#0] DEBUG block.SCMBlockDeletingService (SCMBlockDeletingService.java:call(131)) - Running DeletedBlockTransactionScanner
2021-07-23 00:57:35,289 [SCMBlockDeletingService#0] DEBUG block.SCMBlockDeletingService (DatanodeDeletedBlockTransactions.java:addTransactionToDN(50)) - Transaction added: a10aadcf-1631-4a33-847f-9d04cfd12be0 <- TX(1)
2021-07-23 00:57:35,289 [SCMBlockDeletingService#0] DEBUG block.SCMBlockDeletingService (SCMBlockDeletingService.java:call(160)) - Added delete block command for datanode a10aadcf-1631-4a33-847f-9d04cfd12be0 in the queue, number of delete block transactions: 1
2021-07-23 00:57:35,289 [SCMBlockDeletingService#0] INFO  block.SCMBlockDeletingService (SCMBlockDeletingService.java:call(170)) - Totally added 1 blocks to be deleted for 1 datanodes, task elapsed time: 0ms
2021-07-23 00:57:35,388 [SCMBlockDeletingService#0] DEBUG block.SCMBlockDeletingService (SCMBlockDeletingService.java:call(131)) - Running DeletedBlockTransactionScanner
2021-07-23 00:57:35,389 [SCMBlockDeletingService#0] DEBUG block.SCMBlockDeletingService (DatanodeDeletedBlockTransactions.java:addTransactionToDN(50)) - Transaction added: a10aadcf-1631-4a33-847f-9d04cfd12be0 <- TX(1)
2021-07-23 00:57:35,389 [SCMBlockDeletingService#0] DEBUG block.SCMBlockDeletingService (SCMBlockDeletingService.java:call(160)) - Added delete block command for datanode a10aadcf-1631-4a33-847f-9d04cfd12be0 in the queue, number of delete block transactions: 1
2021-07-23 00:57:35,389 [SCMBlockDeletingService#0] INFO  block.SCMBlockDeletingService (SCMBlockDeletingService.java:call(170)) - Totally added 1 blocks to be deleted for 1 datanodes, task elapsed time: 0ms
2021-07-23 00:57:35,489 [SCMBlockDeletingService#0] DEBUG block.SCMBlockDeletingService (SCMBlockDeletingService.java:call(131)) - Running DeletedBlockTransactionScanner
2021-07-23 00:57:35,489 [SCMBlockDeletingService#0] DEBUG block.SCMBlockDeletingService (DatanodeDeletedBlockTransactions.java:addTransactionToDN(50)) - Transaction added: a10aadcf-1631-4a33-847f-9d04cfd12be0 <- TX(1)
2021-07-23 00:57:35,489 [SCMBlockDeletingService#0] DEBUG block.SCMBlockDeletingService (SCMBlockDeletingService.java:call(160)) - Added delete block command for datanode a10aadcf-1631-4a33-847f-9d04cfd12be0 in the queue, number of delete block transactions: 1
2021-07-23 00:57:35,489 [SCMBlockDeletingService#0] INFO  block.SCMBlockDeletingService (SCMBlockDeletingService.java:call(170)) - Totally added 1 blocks to be deleted for 1 datanodes, task elapsed time: 0ms
2021-07-23 00:57:35,589 [SCMBlockDeletingService#0] DEBUG block.SCMBlockDeletingService (SCMBlockDeletingService.java:call(131)) - Running DeletedBlockTransactionScanner
2021-07-23 00:57:35,589 [SCMBlockDeletingService#0] DEBUG block.SCMBlockDeletingService (DatanodeDeletedBlockTransactions.java:addTransactionToDN(50)) - Transaction added: a10aadcf-1631-4a33-847f-9d04cfd12be0 <- TX(1)
2021-07-23 00:57:35,589 [SCMBlockDeletingService#0] DEBUG block.SCMBlockDeletingService (SCMBlockDeletingService.java:call(160)) - Added delete block command for datanode a10aadcf-1631-4a33-847f-9d04cfd12be0 in the queue, number of delete block transactions: 1
2021-07-23 00:57:35,589 [SCMBlockDeletingService#0] INFO  block.SCMBlockDeletingService (SCMBlockDeletingService.java:call(170)) - Totally added 1 blocks to be deleted for 1 datanodes, task elapsed time: 1ms
2021-07-23 00:57:35,689 [SCMBlockDeletingService#0] DEBUG block.SCMBlockDeletingService (SCMBlockDeletingService.java:call(131)) - Running DeletedBlockTransactionScanner
2021-07-23 00:57:35,689 [SCMBlockDeletingService#0] DEBUG block.SCMBlockDeletingService (DatanodeDeletedBlockTransactions.java:addTransactionToDN(50)) - Transaction added: a10aadcf-1631-4a33-847f-9d04cfd12be0 <- TX(1)
2021-07-23 00:57:35,689 [SCMBlockDeletingService#0] DEBUG block.SCMBlockDeletingService (SCMBlockDeletingService.java:call(160)) - Added delete block command for datanode a10aadcf-1631-4a33-847f-9d04cfd12be0 in the queue, number of delete block transactions: 1
2021-07-23 00:57:35,689 [SCMBlockDeletingService#0] INFO  block.SCMBlockDeletingService (SCMBlockDeletingService.java:call(170)) - Totally added 1 blocks to be deleted for 1 datanodes, task elapsed time: 1ms
2021-07-23 00:57:35,789 [SCMBlockDeletingService#0] DEBUG block.SCMBlockDeletingService (SCMBlockDeletingService.java:call(131)) - Running DeletedBlockTransactionScanner
2021-07-23 00:57:35,789 [SCMBlockDeletingService#0] DEBUG block.SCMBlockDeletingService (DatanodeDeletedBlockTransactions.java:addTransactionToDN(50)) - Transaction added: a10aadcf-1631-4a33-847f-9d04cfd12be0 <- TX(1)
2021-07-23 00:57:35,790 [SCMBlockDeletingService#0] DEBUG block.SCMBlockDeletingService (SCMBlockDeletingService.java:call(160)) - Added delete block command for datanode a10aadcf-1631-4a33-847f-9d04cfd12be0 in the queue, number of delete block transactions: 1
2021-07-23 00:57:35,790 [SCMBlockDeletingService#0] INFO  block.SCMBlockDeletingService (SCMBlockDeletingService.java:call(170)) - Totally added 1 blocks to be deleted for 1 datanodes, task elapsed time: 1ms
2021-07-23 00:57:35,811 [Command processor thread] INFO  commandhandler.DeleteBlocksCommandHandler (DeleteBlocksCommandHandler.java:handle(110)) - Start to delete container blocks, TXIDs=[1(0)], numOfContainers=1, numOfBlocks=1
2021-07-23 00:57:35,812 [Command processor thread] INFO  commandhandler.DeleteBlocksCommandHandler (DeleteBlocksCommandHandler.java:handle(110)) - Start to delete container blocks, TXIDs=[1(0)], numOfContainers=1, numOfBlocks=1
2021-07-23 00:57:35,812 [Command processor thread] INFO  commandhandler.DeleteBlocksCommandHandler (DeleteBlocksCommandHandler.java:handle(110)) - Start to delete container blocks, TXIDs=[1(0)], numOfContainers=1, numOfBlocks=1
2021-07-23 00:57:35,812 [Command processor thread] INFO  commandhandler.DeleteBlocksCommandHandler (DeleteBlocksCommandHandler.java:handle(110)) - Start to delete container blocks, TXIDs=[1(0)], numOfContainers=1, numOfBlocks=1
2021-07-23 00:57:35,812 [Command processor thread] INFO  commandhandler.DeleteBlocksCommandHandler (DeleteBlocksCommandHandler.java:handle(110)) - Start to delete container blocks, TXIDs=[1(0)], numOfContainers=1, numOfBlocks=1
2021-07-23 00:57:35,812 [Command processor thread] INFO  commandhandler.DeleteBlocksCommandHandler (DeleteBlocksCommandHandler.java:handle(110)) - Start to delete container blocks, TXIDs=[1(0)], numOfContainers=1, numOfBlocks=1
2021-07-23 00:57:35,812 [Command processor thread] INFO  commandhandler.DeleteBlocksCommandHandler (DeleteBlocksCommandHandler.java:handle(110)) - Start to delete container blocks, TXIDs=[1(0)], numOfContainers=1, numOfBlocks=1
2021-07-23 00:57:35,812 [Command processor thread] INFO  commandhandler.DeleteBlocksCommandHandler (DeleteBlocksCommandHandler.java:handle(110)) - Start to delete container blocks, TXIDs=[1(0)], numOfContainers=1, numOfBlocks=1
2021-07-23 00:57:35,812 [Command processor thread] INFO  commandhandler.DeleteBlocksCommandHandler (DeleteBlocksCommandHandler.java:handle(110)) - Start to delete container blocks, TXIDs=[1(0)], numOfContainers=1, numOfBlocks=1
2021-07-23 00:57:35,885 [BlockDeletingService#2] INFO  background.BlockDeletingService (BlockDeletingService.java:getTasks(158)) - Plan to choose 5000 blocks for block deletion, actually deleting 1 blocks.
2021-07-23 00:57:35,886 [BlockDeletingService#2] INFO  impl.FilePerBlockStrategy (FilePerBlockStrategy.java:deleteChunk(227)) - Deleted block file: /home/runner/work/ozone/ozone/mnt/ozone/hadoop-ozone/integration-test/target/test-dir/MiniOzoneClusterImpl-8cc5c0ec-9048-4102-91ef-822c63deda73/datanode-1/data-0/containers/hdds/8cc5c0ec-9048-4102-91ef-822c63deda73/current/containerDir0/1/chunks/107544261427200001.block
2021-07-23 00:57:35,887 [BlockDeletingService#2] INFO  background.BlockDeletingService (BlockDeletingService.java:deleteViaSchema2(447)) - Container: 1, deleted blocks: 1, task elapsed time: 1ms
2021-07-23 00:57:35,889 [SCMBlockDeletingService#0] DEBUG block.SCMBlockDeletingService (SCMBlockDeletingService.java:call(131)) - Running DeletedBlockTransactionScanner
2021-07-23 00:57:35,889 [SCMBlockDeletingService#0] DEBUG block.SCMBlockDeletingService (DatanodeDeletedBlockTransactions.java:addTransactionToDN(50)) - Transaction added: a10aadcf-1631-4a33-847f-9d04cfd12be0 <- TX(1)
2021-07-23 00:57:35,890 [SCMBlockDeletingService#0] DEBUG block.SCMBlockDeletingService (SCMBlockDeletingService.java:call(160)) - Added delete block command for datanode a10aadcf-1631-4a33-847f-9d04cfd12be0 in the queue, number of delete block transactions: 1
2021-07-23 00:57:35,890 [SCMBlockDeletingService#0] INFO  block.SCMBlockDeletingService (SCMBlockDeletingService.java:call(170)) - Totally added 1 blocks to be deleted for 1 datanodes, task elapsed time: 1ms
2021-07-23 00:57:35,989 [SCMBlockDeletingService#0] DEBUG block.SCMBlockDeletingService (SCMBlockDeletingService.java:call(131)) - Running DeletedBlockTransactionScanner
2021-07-23 00:57:35,990 [SCMBlockDeletingService#0] DEBUG block.SCMBlockDeletingService (DatanodeDeletedBlockTransactions.java:addTransactionToDN(50)) - Transaction added: a10aadcf-1631-4a33-847f-9d04cfd12be0 <- TX(1)
2021-07-23 00:57:35,990 [SCMBlockDeletingService#0] DEBUG block.SCMBlockDeletingService (SCMBlockDeletingService.java:call(160)) - Added delete block command for datanode a10aadcf-1631-4a33-847f-9d04cfd12be0 in the queue, number of delete block transactions: 1
2021-07-23 00:57:35,990 [SCMBlockDeletingService#0] INFO  block.SCMBlockDeletingService (SCMBlockDeletingService.java:call(170)) - Totally added 1 blocks to be deleted for 1 datanodes, task elapsed time: 0ms
2021-07-23 00:57:36,004 [Command processor thread] INFO  commandhandler.DeleteBlocksCommandHandler (DeleteBlocksCommandHandler.java:handle(110)) - Start to delete container blocks, TXIDs=[1(0)], numOfContainers=1, numOfBlocks=1
2021-07-23 00:57:36,004 [Command processor thread] INFO  commandhandler.DeleteBlocksCommandHandler (DeleteBlocksCommandHandler.java:handle(110)) - Start to delete container blocks, TXIDs=[1(0)], numOfContainers=1, numOfBlocks=1
2021-07-23 00:57:36,004 [Command processor thread] INFO  commandhandler.DeleteBlocksCommandHandler (DeleteBlocksCommandHandler.java:handle(110)) - Start to delete container blocks, TXIDs=[1(0)], numOfContainers=1, numOfBlocks=1
2021-07-23 00:57:36,004 [Command processor thread] INFO  commandhandler.DeleteBlocksCommandHandler (DeleteBlocksCommandHandler.java:handle(110)) - Start to delete container blocks, TXIDs=[1(0)], numOfContainers=1, numOfBlocks=1
2021-07-23 00:57:36,011 [Command processor thread] INFO  commandhandler.DeleteBlocksCommandHandler (DeleteBlocksCommandHandler.java:handle(110)) - Start to delete container blocks, TXIDs=[1(0)], numOfContainers=1, numOfBlocks=1
2021-07-23 00:57:36,011 [Command processor thread] INFO  commandhandler.DeleteBlocksCommandHandler (DeleteBlocksCommandHandler.java:handle(110)) - Start to delete container blocks, TXIDs=[1(0)], numOfContainers=1, numOfBlocks=1
2021-07-23 00:57:36,013 [EventQueue-DeleteBlockStatusForDeletedBlockLogImplV2] DEBUG block.DeletedBlockLogImpl (DeletedBlockLogImplV2.java:isTransactionFailed(270)) - Got block deletion ACK from datanode, TXIDs=1, success=true
2021-07-23 00:57:36,014 [EventQueue-DeleteBlockStatusForDeletedBlockLogImplV2] DEBUG block.DeletedBlockLogImpl (DeletedBlockLogImplV2.java:commitTransactions(243)) - Purging txId=1 from block deletion log
2021-07-23 00:57:36,014 [EventQueue-DeleteBlockStatusForDeletedBlockLogImplV2] DEBUG block.DeletedBlockLogImpl (DeletedBlockLogImplV2.java:commitTransactions(249)) - Datanode txId=1 containerId=#1 committed by dnId=a10aadcf-1631-4a33-847f-9d04cfd12be0
2021-07-23 00:57:36,014 [EventQueue-DeleteBlockStatusForDeletedBlockLogImplV2] DEBUG block.DeletedBlockLogImpl (DeletedBlockLogImplV2.java:isTransactionFailed(270)) - Got block deletion ACK from datanode, TXIDs=1, success=true
2021-07-23 00:57:36,014 [EventQueue-DeleteBlockStatusForDeletedBlockLogImplV2] DEBUG block.DeletedBlockLogImpl (DeletedBlockLogImplV2.java:commitTransactions(217)) - Transaction txId=1 commit by dnId=a10aadcf-1631-4a33-847f-9d04cfd12be0 for containerID=#1 failed. Corresponding entry not found.
2021-07-23 00:57:36,014 [EventQueue-DeleteBlockStatusForDeletedBlockLogImplV2] DEBUG block.DeletedBlockLogImpl (DeletedBlockLogImplV2.java:isTransactionFailed(270)) - Got block deletion ACK from datanode, TXIDs=1, success=true
2021-07-23 00:57:36,014 [EventQueue-DeleteBlockStatusForDeletedBlockLogImplV2] DEBUG block.DeletedBlockLogImpl (DeletedBlockLogImplV2.java:commitTransactions(217)) - Transaction txId=1 commit by dnId=a10aadcf-1631-4a33-847f-9d04cfd12be0 for containerID=#1 failed. Corresponding entry not found.
2021-07-23 00:57:36,014 [EventQueue-DeleteBlockStatusForDeletedBlockLogImplV2] DEBUG block.DeletedBlockLogImpl (DeletedBlockLogImplV2.java:isTransactionFailed(270)) - Got block deletion ACK from datanode, TXIDs=1, success=true
2021-07-23 00:57:36,014 [EventQueue-DeleteBlockStatusForDeletedBlockLogImplV2] DEBUG block.DeletedBlockLogImpl (DeletedBlockLogImplV2.java:commitTransactions(217)) - Transaction txId=1 commit by dnId=a10aadcf-1631-4a33-847f-9d04cfd12be0 for containerID=#1 failed. Corresponding entry not found.
2021-07-23 00:57:36,014 [EventQueue-DeleteBlockStatusForDeletedBlockLogImplV2] DEBUG block.DeletedBlockLogImpl (DeletedBlockLogImplV2.java:isTransactionFailed(270)) - Got block deletion ACK from datanode, TXIDs=1, success=true
2021-07-23 00:57:36,014 [EventQueue-DeleteBlockStatusForDeletedBlockLogImplV2] DEBUG block.DeletedBlockLogImpl (DeletedBlockLogImplV2.java:commitTransactions(217)) - Transaction txId=1 commit by dnId=a10aadcf-1631-4a33-847f-9d04cfd12be0 for containerID=#1 failed. Corresponding entry not found.
2021-07-23 00:57:36,014 [EventQueue-DeleteBlockStatusForDeletedBlockLogImplV2] DEBUG block.DeletedBlockLogImpl (DeletedBlockLogImplV2.java:isTransactionFailed(270)) - Got block deletion ACK from datanode, TXIDs=1, success=true
2021-07-23 00:57:36,014 [EventQueue-DeleteBlockStatusForDeletedBlockLogImplV2] DEBUG block.DeletedBlockLogImpl (DeletedBlockLogImplV2.java:commitTransactions(217)) - Transaction txId=1 commit by dnId=a10aadcf-1631-4a33-847f-9d04cfd12be0 for containerID=#1 failed. Corresponding entry not found.
2021-07-23 00:57:36,014 [EventQueue-DeleteBlockStatusForDeletedBlockLogImplV2] DEBUG block.DeletedBlockLogImpl (DeletedBlockLogImplV2.java:isTransactionFailed(270)) - Got block deletion ACK from datanode, TXIDs=1, success=true
2021-07-23 00:57:36,014 [EventQueue-DeleteBlockStatusForDeletedBlockLogImplV2] DEBUG block.DeletedBlockLogImpl (DeletedBlockLogImplV2.java:commitTransactions(217)) - Transaction txId=1 commit by dnId=a10aadcf-1631-4a33-847f-9d04cfd12be0 for containerID=#1 failed. Corresponding entry not found.
2021-07-23 00:57:36,014 [EventQueue-DeleteBlockStatusForDeletedBlockLogImplV2] DEBUG block.DeletedBlockLogImpl (DeletedBlockLogImplV2.java:isTransactionFailed(270)) - Got block deletion ACK from datanode, TXIDs=1, success=true
2021-07-23 00:57:36,014 [EventQueue-DeleteBlockStatusForDeletedBlockLogImplV2] DEBUG block.DeletedBlockLogImpl (DeletedBlockLogImplV2.java:commitTransactions(217)) - Transaction txId=1 commit by dnId=a10aadcf-1631-4a33-847f-9d04cfd12be0 for containerID=#1 failed. Corresponding entry not found.
2021-07-23 00:57:36,014 [EventQueue-DeleteBlockStatusForDeletedBlockLogImplV2] DEBUG block.DeletedBlockLogImpl (DeletedBlockLogImplV2.java:isTransactionFailed(270)) - Got block deletion ACK from datanode, TXIDs=1, success=true
2021-07-23 00:57:36,014 [EventQueue-DeleteBlockStatusForDeletedBlockLogImplV2] DEBUG block.DeletedBlockLogImpl (DeletedBlockLogImplV2.java:commitTransactions(217)) - Transaction txId=1 commit by dnId=a10aadcf-1631-4a33-847f-9d04cfd12be0 for containerID=#1 failed. Corresponding entry not found.
2021-07-23 00:57:36,089 [SCMBlockDeletingService#0] DEBUG block.SCMBlockDeletingService (SCMBlockDeletingService.java:call(131)) - Running DeletedBlockTransactionScanner
2021-07-23 00:57:36,190 [SCMBlockDeletingService#0] DEBUG block.SCMBlockDeletingService (SCMBlockDeletingService.java:call(131)) - Running DeletedBlockTransactionScanner
2021-07-23 00:57:36,205 [EventQueue-DeleteBlockStatusForDeletedBlockLogImplV2] DEBUG block.DeletedBlockLogImpl (DeletedBlockLogImplV2.java:isTransactionFailed(270)) - Got block deletion ACK from datanode, TXIDs=1, success=true
2021-07-23 00:57:36,205 [EventQueue-DeleteBlockStatusForDeletedBlockLogImplV2] DEBUG block.DeletedBlockLogImpl (DeletedBlockLogImplV2.java:commitTransactions(217)) - Transaction txId=1 commit by dnId=dd0a5bb7-4770-4f66-9d90-0fb3dd50f458 for containerID=#1 failed. Corresponding entry not found.
2021-07-23 00:57:36,205 [EventQueue-DeleteBlockStatusForDeletedBlockLogImplV2] DEBUG block.DeletedBlockLogImpl (DeletedBlockLogImplV2.java:isTransactionFailed(270)) - Got block deletion ACK from datanode, TXIDs=1, success=true
2021-07-23 00:57:36,205 [EventQueue-DeleteBlockStatusForDeletedBlockLogImplV2] DEBUG block.DeletedBlockLogImpl (DeletedBlockLogImplV2.java:commitTransactions(217)) - Transaction txId=1 commit by dnId=dd0a5bb7-4770-4f66-9d90-0fb3dd50f458 for containerID=#1 failed. Corresponding entry not found.
2021-07-23 00:57:36,205 [EventQueue-DeleteBlockStatusForDeletedBlockLogImplV2] DEBUG block.DeletedBlockLogImpl (DeletedBlockLogImplV2.java:isTransactionFailed(270)) - Got block deletion ACK from datanode, TXIDs=1, success=true
2021-07-23 00:57:36,205 [EventQueue-DeleteBlockStatusForDeletedBlockLogImplV2] DEBUG block.DeletedBlockLogImpl (DeletedBlockLogImplV2.java:commitTransactions(217)) - Transaction txId=1 commit by dnId=dd0a5bb7-4770-4f66-9d90-0fb3dd50f458 for containerID=#1 failed. Corresponding entry not found.
2021-07-23 00:57:36,205 [EventQueue-DeleteBlockStatusForDeletedBlockLogImplV2] DEBUG block.DeletedBlockLogImpl (DeletedBlockLogImplV2.java:isTransactionFailed(270)) - Got block deletion ACK from datanode, TXIDs=1, success=true
2021-07-23 00:57:36,205 [EventQueue-DeleteBlockStatusForDeletedBlockLogImplV2] DEBUG block.DeletedBlockLogImpl (DeletedBlockLogImplV2.java:commitTransactions(217)) - Transaction txId=1 commit by dnId=dd0a5bb7-4770-4f66-9d90-0fb3dd50f458 for containerID=#1 failed. Corresponding entry not found.
2021-07-23 00:57:36,212 [EventQueue-DeleteBlockStatusForDeletedBlockLogImplV2] DEBUG block.DeletedBlockLogImpl (DeletedBlockLogImplV2.java:isTransactionFailed(270)) - Got block deletion ACK from datanode, TXIDs=1, success=true
2021-07-23 00:57:36,212 [EventQueue-DeleteBlockStatusForDeletedBlockLogImplV2] DEBUG block.DeletedBlockLogImpl (DeletedBlockLogImplV2.java:commitTransactions(217)) - Transaction txId=1 commit by dnId=c0918ed1-71ae-4b85-9b7a-7a5f0f49a9a3 for containerID=#1 failed. Corresponding entry not found.
2021-07-23 00:57:36,212 [EventQueue-DeleteBlockStatusForDeletedBlockLogImplV2] DEBUG block.DeletedBlockLogImpl (DeletedBlockLogImplV2.java:isTransactionFailed(270)) - Got block deletion ACK from datanode, TXIDs=1, success=true
2021-07-23 00:57:36,212 [EventQueue-DeleteBlockStatusForDeletedBlockLogImplV2] DEBUG block.DeletedBlockLogImpl (DeletedBlockLogImplV2.java:commitTransactions(217)) - Transaction txId=1 commit by dnId=c0918ed1-71ae-4b85-9b7a-7a5f0f49a9a3 for containerID=#1 failed. Corresponding entry not found.
2021-07-23 00:57:36,290 [SCMBlockDeletingService#0] DEBUG block.SCMBlockDeletingService (SCMBlockDeletingService.java:call(131)) - Running DeletedBlockTransactionScanner
2021-07-23 00:57:36,390 [SCMBlockDeletingService#0] DEBUG block.SCMBlockDeletingService (SCMBlockDeletingService.java:call(131)) - Running DeletedBlockTransactionScanner
2021-07-23 00:57:36,490 [SCMBlockDeletingService#0] DEBUG block.SCMBlockDeletingService (SCMBlockDeletingService.java:call(131)) - Running DeletedBlockTransactionScanner
2021-07-23 00:57:36,590 [SCMBlockDeletingService#0] DEBUG block.SCMBlockDeletingService (SCMBlockDeletingService.java:call(131)) - Running DeletedBlockTransactionScanner
2021-07-23 00:57:36,690 [SCMBlockDeletingService#0] DEBUG block.SCMBlockDeletingService (SCMBlockDeletingService.java:call(131)) - Running DeletedBlockTransactionScanner
2021-07-23 00:57:36,790 [SCMBlockDeletingService#0] DEBUG block.SCMBlockDeletingService (SCMBlockDeletingService.java:call(131)) - Running DeletedBlockTransactionScanner
2021-07-23 00:57:36,890 [SCMBlockDeletingService#0] DEBUG block.SCMBlockDeletingService (SCMBlockDeletingService.java:call(131)) - Running DeletedBlockTransactionScanner
2021-07-23 00:57:36,990 [SCMBlockDeletingService#0] DEBUG block.SCMBlockDeletingService (SCMBlockDeletingService.java:call(131)) - Running DeletedBlockTransactionScanner
2021-07-23 00:57:37,011 [Command processor thread] INFO  commandhandler.DeleteBlocksCommandHandler (DeleteBlocksCommandHandler.java:handle(110)) - Start to delete container blocks, TXIDs=[1(0)], numOfContainers=1, numOfBlocks=1
2021-07-23 00:57:37,012 [Command processor thread] INFO  commandhandler.DeleteBlocksCommandHandler (DeleteBlocksCommandHandler.java:handle(110)) - Start to delete container blocks, TXIDs=[1(0)], numOfContainers=1, numOfBlocks=1
2021-07-23 00:57:37,012 [Command processor thread] INFO  commandhandler.DeleteBlocksCommandHandler (DeleteBlocksCommandHandler.java:handle(110)) - Start to delete container blocks, TXIDs=[1(0)], numOfContainers=1, numOfBlocks=1
2021-07-23 00:57:37,012 [Command processor thread] INFO  commandhandler.DeleteBlocksCommandHandler (DeleteBlocksCommandHandler.java:handle(110)) - Start to delete container blocks, TXIDs=[1(0)], numOfContainers=1, numOfBlocks=1
2021-07-23 00:57:37,091 [SCMBlockDeletingService#0] DEBUG block.SCMBlockDeletingService (SCMBlockDeletingService.java:call(131)) - Running DeletedBlockTransactionScanner
2021-07-23 00:57:37,191 [SCMBlockDeletingService#0] DEBUG block.SCMBlockDeletingService (SCMBlockDeletingService.java:call(131)) - Running DeletedBlockTransactionScanner
2021-07-23 00:57:37,215 [EventQueue-DeleteBlockStatusForDeletedBlockLogImplV2] DEBUG block.DeletedBlockLogImpl (DeletedBlockLogImplV2.java:isTransactionFailed(270)) - Got block deletion ACK from datanode, TXIDs=1, success=true
2021-07-23 00:57:37,216 [EventQueue-DeleteBlockStatusForDeletedBlockLogImplV2] DEBUG block.DeletedBlockLogImpl (DeletedBlockLogImplV2.java:commitTransactions(217)) - Transaction txId=1 commit by dnId=a10aadcf-1631-4a33-847f-9d04cfd12be0 for containerID=#1 failed. Corresponding entry not found.
2021-07-23 00:57:37,216 [EventQueue-DeleteBlockStatusForDeletedBlockLogImplV2] DEBUG block.DeletedBlockLogImpl (DeletedBlockLogImplV2.java:isTransactionFailed(270)) - Got block deletion ACK from datanode, TXIDs=1, success=true
2021-07-23 00:57:37,216 [EventQueue-DeleteBlockStatusForDeletedBlockLogImplV2] DEBUG block.DeletedBlockLogImpl (DeletedBlockLogImplV2.java:commitTransactions(217)) - Transaction txId=1 commit by dnId=a10aadcf-1631-4a33-847f-9d04cfd12be0 for containerID=#1 failed. Corresponding entry not found.
2021-07-23 00:57:37,216 [EventQueue-DeleteBlockStatusForDeletedBlockLogImplV2] DEBUG block.DeletedBlockLogImpl (DeletedBlockLogImplV2.java:isTransactionFailed(270)) - Got block deletion ACK from datanode, TXIDs=1, success=true
2021-07-23 00:57:37,216 [EventQueue-DeleteBlockStatusForDeletedBlockLogImplV2] DEBUG block.DeletedBlockLogImpl (DeletedBlockLogImplV2.java:commitTransactions(217)) - Transaction txId=1 commit by dnId=a10aadcf-1631-4a33-847f-9d04cfd12be0 for containerID=#1 failed. Corresponding entry not found.
2021-07-23 00:57:37,216 [EventQueue-DeleteBlockStatusForDeletedBlockLogImplV2] DEBUG block.DeletedBlockLogImpl (DeletedBlockLogImplV2.java:isTransactionFailed(270)) - Got block deletion ACK from datanode, TXIDs=1, success=true
2021-07-23 00:57:37,216 [EventQueue-DeleteBlockStatusForDeletedBlockLogImplV2] DEBUG block.DeletedBlockLogImpl (DeletedBlockLogImplV2.java:commitTransactions(217)) - Transaction txId=1 commit by dnId=a10aadcf-1631-4a33-847f-9d04cfd12be0 for containerID=#1 failed. Corresponding entry not found.
2021-07-23 00:57:37,291 [SCMBlockDeletingService#0] DEBUG block.SCMBlockDeletingService (SCMBlockDeletingService.java:call(131)) - Running DeletedBlockTransactionScanner
2021-07-23 00:57:37,391 [SCMBlockDeletingService#0] DEBUG block.SCMBlockDeletingService (SCMBlockDeletingService.java:call(131)) - Running DeletedBlockTransactionScanner
2021-07-23 00:57:37,491 [SCMBlockDeletingService#0] DEBUG block.SCMBlockDeletingService (SCMBlockDeletingService.java:call(131)) - Running DeletedBlockTransactionScanner
2021-07-23 00:57:37,591 [SCMBlockDeletingService#0] DEBUG block.SCMBlockDeletingService (SCMBlockDeletingService.java:call(131)) - Running DeletedBlockTransactionScanner
2021-07-23 00:57:37,691 [SCMBlockDeletingService#0] DEBUG block.SCMBlockDeletingService (SCMBlockDeletingService.java:call(131)) - Running DeletedBlockTransactionScanner
2021-07-23 00:57:37,791 [SCMBlockDeletingService#0] DEBUG block.SCMBlockDeletingService (SCMBlockDeletingService.java:call(131)) - Running DeletedBlockTransactionScanner
2021-07-23 00:57:37,892 [SCMBlockDeletingService#0] DEBUG block.SCMBlockDeletingService (SCMBlockDeletingService.java:call(131)) - Running DeletedBlockTransactionScanner
2021-07-23 00:57:37,992 [SCMBlockDeletingService#0] DEBUG block.SCMBlockDeletingService (SCMBlockDeletingService.java:call(131)) - Running DeletedBlockTransactionScanner
2021-07-23 00:57:38,092 [SCMBlockDeletingService#0] DEBUG block.SCMBlockDeletingService (SCMBlockDeletingService.java:call(131)) - Running DeletedBlockTransactionScanner
2021-07-23 00:57:38,192 [SCMBlockDeletingService#0] DEBUG block.SCMBlockDeletingService (SCMBlockDeletingService.java:call(131)) - Running DeletedBlockTransactionScanner
2021-07-23 00:57:38,292 [SCMBlockDeletingService#0] DEBUG block.SCMBlockDeletingService (SCMBlockDeletingService.java:call(131)) - Running DeletedBlockTransactionScanner
2021-07-23 00:57:38,392 [SCMBlockDeletingService#0] DEBUG block.SCMBlockDeletingService (SCMBlockDeletingService.java:call(131)) - Running DeletedBlockTransactionScanner
2021-07-23 00:57:38,492 [SCMBlockDeletingService#0] DEBUG block.SCMBlockDeletingService (SCMBlockDeletingService.java:call(131)) - Running DeletedBlockTransactionScanner
2021-07-23 00:57:38,593 [SCMBlockDeletingService#0] DEBUG block.SCMBlockDeletingService (SCMBlockDeletingService.java:call(131)) - Running DeletedBlockTransactionScanner
2021-07-23 00:57:38,693 [SCMBlockDeletingService#0] DEBUG block.SCMBlockDeletingService (SCMBlockDeletingService.java:call(131)) - Running DeletedBlockTransactionScanner
2021-07-23 00:57:38,793 [SCMBlockDeletingService#0] DEBUG block.SCMBlockDeletingService (SCMBlockDeletingService.java:call(131)) - Running DeletedBlockTransactionScanner
2021-07-23 00:57:38,893 [SCMBlockDeletingService#0] DEBUG block.SCMBlockDeletingService (SCMBlockDeletingService.java:call(131)) - Running DeletedBlockTransactionScanner
2021-07-23 00:57:38,993 [SCMBlockDeletingService#0] DEBUG block.SCMBlockDeletingService (SCMBlockDeletingService.java:call(131)) - Running DeletedBlockTransactionScanner
2021-07-23 00:57:39,093 [SCMBlockDeletingService#0] DEBUG block.SCMBlockDeletingService (SCMBlockDeletingService.java:call(131)) - Running DeletedBlockTransactionScanner
2021-07-23 00:57:39,194 [SCMBlockDeletingService#0] DEBUG block.SCMBlockDeletingService (SCMBlockDeletingService.java:call(131)) - Running DeletedBlockTransactionScanner
2021-07-23 00:57:39,294 [SCMBlockDeletingService#0] DEBUG block.SCMBlockDeletingService (SCMBlockDeletingService.java:call(131)) - Running DeletedBlockTransactionScanner
2021-07-23 00:57:39,394 [SCMBlockDeletingService#0] DEBUG block.SCMBlockDeletingService (SCMBlockDeletingService.java:call(131)) - Running DeletedBlockTransactionScanner
2021-07-23 00:57:39,494 [SCMBlockDeletingService#0] DEBUG block.SCMBlockDeletingService (SCMBlockDeletingService.java:call(131)) - Running DeletedBlockTransactionScanner
2021-07-23 00:57:39,594 [SCMBlockDeletingService#0] DEBUG block.SCMBlockDeletingService (SCMBlockDeletingService.java:call(131)) - Running DeletedBlockTransactionScanner
2021-07-23 00:57:39,694 [SCMBlockDeletingService#0] DEBUG block.SCMBlockDeletingService (SCMBlockDeletingService.java:call(131)) - Running DeletedBlockTransactionScanner
2021-07-23 00:57:39,795 [SCMBlockDeletingService#0] DEBUG block.SCMBlockDeletingService (SCMBlockDeletingService.java:call(131)) - Running DeletedBlockTransactionScanner
2021-07-23 00:57:39,805 [Datanode State Machine Thread - 0] INFO  statemachine.DatanodeStateMachine (DatanodeStateMachine.java:lambda$startDaemon$0(456)) - Ozone container server started.
2021-07-23 00:57:39,895 [SCMBlockDeletingService#0] DEBUG block.SCMBlockDeletingService (SCMBlockDeletingService.java:call(131)) - Running DeletedBlockTransactionScanner
2021-07-23 00:57:39,995 [SCMBlockDeletingService#0] DEBUG block.SCMBlockDeletingService (SCMBlockDeletingService.java:call(131)) - Running DeletedBlockTransactionScanner
2021-07-23 00:57:40,095 [SCMBlockDeletingService#0] DEBUG block.SCMBlockDeletingService (SCMBlockDeletingService.java:call(131)) - Running DeletedBlockTransactionScanner
2021-07-23 00:57:40,195 [SCMBlockDeletingService#0] DEBUG block.SCMBlockDeletingService (SCMBlockDeletingService.java:call(131)) - Running DeletedBlockTransactionScanner
2021-07-23 00:57:40,295 [SCMBlockDeletingService#0] DEBUG block.SCMBlockDeletingService (SCMBlockDeletingService.java:call(131)) - Running DeletedBlockTransactionScanner
2021-07-23 00:57:40,395 [SCMBlockDeletingService#0] DEBUG block.SCMBlockDeletingService (SCMBlockDeletingService.java:call(131)) - Running DeletedBlockTransactionScanner
2021-07-23 00:57:40,495 [SCMBlockDeletingService#0] DEBUG block.SCMBlockDeletingService (SCMBlockDeletingService.java:call(131)) - Running DeletedBlockTransactionScanner
2021-07-23 00:57:40,596 [SCMBlockDeletingService#0] DEBUG block.SCMBlockDeletingService (SCMBlockDeletingService.java:call(131)) - Running DeletedBlockTransactionScanner
2021-07-23 00:57:40,696 [SCMBlockDeletingService#0] DEBUG block.SCMBlockDeletingService (SCMBlockDeletingService.java:call(131)) - Running DeletedBlockTransactionScanner
2021-07-23 00:57:40,796 [SCMBlockDeletingService#0] DEBUG block.SCMBlockDeletingService (SCMBlockDeletingService.java:call(131)) - Running DeletedBlockTransactionScanner
2021-07-23 00:57:40,896 [SCMBlockDeletingService#0] DEBUG block.SCMBlockDeletingService (SCMBlockDeletingService.java:call(131)) - Running DeletedBlockTransactionScanner
2021-07-23 00:57:40,996 [SCMBlockDeletingService#0] DEBUG block.SCMBlockDeletingService (SCMBlockDeletingService.java:call(131)) - Running DeletedBlockTransactionScanner
2021-07-23 00:57:41,096 [SCMBlockDeletingService#0] DEBUG block.SCMBlockDeletingService (SCMBlockDeletingService.java:call(131)) - Running DeletedBlockTransactionScanner
2021-07-23 00:57:41,196 [SCMBlockDeletingService#0] DEBUG block.SCMBlockDeletingService (SCMBlockDeletingService.java:call(131)) - Running DeletedBlockTransactionScanner
2021-07-23 00:57:41,296 [SCMBlockDeletingService#0] DEBUG block.SCMBlockDeletingService (SCMBlockDeletingService.java:call(131)) - Running DeletedBlockTransactionScanner
2021-07-23 00:57:41,397 [SCMBlockDeletingService#0] DEBUG block.SCMBlockDeletingService (SCMBlockDeletingService.java:call(131)) - Running DeletedBlockTransactionScanner
2021-07-23 00:57:41,497 [SCMBlockDeletingService#0] DEBUG block.SCMBlockDeletingService (SCMBlockDeletingService.java:call(131)) - Running DeletedBlockTransactionScanner
2021-07-23 00:57:41,597 [SCMBlockDeletingService#0] DEBUG block.SCMBlockDeletingService (SCMBlockDeletingService.java:call(131)) - Running DeletedBlockTransactionScanner
2021-07-23 00:57:41,697 [SCMBlockDeletingService#0] DEBUG block.SCMBlockDeletingService (SCMBlockDeletingService.java:call(131)) - Running DeletedBlockTransactionScanner
2021-07-23 00:57:41,797 [SCMBlockDeletingService#0] DEBUG block.SCMBlockDeletingService (SCMBlockDeletingService.java:call(131)) - Running DeletedBlockTransactionScanner
2021-07-23 00:57:41,897 [SCMBlockDeletingService#0] DEBUG block.SCMBlockDeletingService (SCMBlockDeletingService.java:call(131)) - Running DeletedBlockTransactionScanner
2021-07-23 00:57:41,997 [SCMBlockDeletingService#0] DEBUG block.SCMBlockDeletingService (SCMBlockDeletingService.java:call(131)) - Running DeletedBlockTransactionScanner
2021-07-23 00:57:42,097 [SCMBlockDeletingService#0] DEBUG block.SCMBlockDeletingService (SCMBlockDeletingService.java:call(131)) - Running DeletedBlockTransactionScanner
2021-07-23 00:57:42,197 [SCMBlockDeletingService#0] DEBUG block.SCMBlockDeletingService (SCMBlockDeletingService.java:call(131)) - Running DeletedBlockTransactionScanner
2021-07-23 00:57:42,298 [SCMBlockDeletingService#0] DEBUG block.SCMBlockDeletingService (SCMBlockDeletingService.java:call(131)) - Running DeletedBlockTransactionScanner
2021-07-23 00:57:42,398 [SCMBlockDeletingService#0] DEBUG block.SCMBlockDeletingService (SCMBlockDeletingService.java:call(131)) - Running DeletedBlockTransactionScanner
2021-07-23 00:57:42,498 [SCMBlockDeletingService#0] DEBUG block.SCMBlockDeletingService (SCMBlockDeletingService.java:call(131)) - Running DeletedBlockTransactionScanner
2021-07-23 00:57:42,598 [SCMBlockDeletingService#0] DEBUG block.SCMBlockDeletingService (SCMBlockDeletingService.java:call(131)) - Running DeletedBlockTransactionScanner
2021-07-23 00:57:42,610 [EventQueue-StaleNodeForStaleNodeHandler] INFO  node.StaleNodeHandler (StaleNodeHandler.java:onMessage(58)) - Datanode dd0a5bb7-4770-4f66-9d90-0fb3dd50f458{ip: 10.1.0.23, host: fv-az184-788.3ow45vhwbzuu5incsxmygykede.cx.internal.cloudapp.net, ports: [REPLICATION=40591, RATIS=42569, RATIS_ADMIN=42569, RATIS_SERVER=42569, STANDALONE=34461], networkLocation: /default-rack, certSerialId: null, persistedOpState: IN_SERVICE, persistedOpStateExpiryEpochSec: 0} moved to stale state. Finalizing its pipelines [PipelineID=c7fbcee6-1ac8-4bb1-8b7a-f00fde780096]
2021-07-23 00:57:42,611 [EventQueue-StaleNodeForStaleNodeHandler] INFO  pipeline.PipelineManagerV2Impl (PipelineManagerV2Impl.java:closePipeline(343)) - Pipeline Pipeline[ Id: c7fbcee6-1ac8-4bb1-8b7a-f00fde780096, Nodes: dd0a5bb7-4770-4f66-9d90-0fb3dd50f458{ip: 10.1.0.23, host: fv-az184-788.3ow45vhwbzuu5incsxmygykede.cx.internal.cloudapp.net, ports: [REPLICATION=40591, RATIS=42569, RATIS_ADMIN=42569, RATIS_SERVER=42569, STANDALONE=34461], networkLocation: /default-rack, certSerialId: null, persistedOpState: IN_SERVICE, persistedOpStateExpiryEpochSec: 0}a10aadcf-1631-4a33-847f-9d04cfd12be0{ip: 10.1.0.23, host: fv-az184-788.3ow45vhwbzuu5incsxmygykede.cx.internal.cloudapp.net, ports: [REPLICATION=36119, RATIS=45765, RATIS_ADMIN=45765, RATIS_SERVER=45765, STANDALONE=33961], networkLocation: /default-rack, certSerialId: null, persistedOpState: IN_SERVICE, persistedOpStateExpiryEpochSec: 0}c0918ed1-71ae-4b85-9b7a-7a5f0f49a9a3{ip: 10.1.0.23, host: fv-az184-788.3ow45vhwbzuu5incsxmygykede.cx.internal.cloudapp.net, ports: [REPLICATION=37515, RATIS=35867, RATIS_ADMIN=35867, RATIS_SERVER=35867, STANDALONE=40823], networkLocation: /default-rack, certSerialId: null, persistedOpState: IN_SERVICE, persistedOpStateExpiryEpochSec: 0}, ReplicationConfig: RATIS/THREE, State:OPEN, leaderId:dd0a5bb7-4770-4f66-9d90-0fb3dd50f458, CreationTimestamp2021-07-23T00:57:17.989Z[Etc/UTC]] moved to CLOSED state
2021-07-23 00:57:42,698 [SCMBlockDeletingService#0] DEBUG block.SCMBlockDeletingService (SCMBlockDeletingService.java:call(131)) - Running DeletedBlockTransactionScanner
2021-07-23 00:57:42,798 [SCMBlockDeletingService#0] DEBUG block.SCMBlockDeletingService (SCMBlockDeletingService.java:call(131)) - Running DeletedBlockTransactionScanner
2021-07-23 00:57:42,898 [SCMBlockDeletingService#0] DEBUG block.SCMBlockDeletingService (SCMBlockDeletingService.java:call(131)) - Running DeletedBlockTransactionScanner
2021-07-23 00:57:42,998 [SCMBlockDeletingService#0] DEBUG block.SCMBlockDeletingService (SCMBlockDeletingService.java:call(131)) - Running DeletedBlockTransactionScanner
2021-07-23 00:57:43,099 [SCMBlockDeletingService#0] DEBUG block.SCMBlockDeletingService (SCMBlockDeletingService.java:call(131)) - Running DeletedBlockTransactionScanner
2021-07-23 00:57:43,199 [SCMBlockDeletingService#0] DEBUG block.SCMBlockDeletingService (SCMBlockDeletingService.java:call(131)) - Running DeletedBlockTransactionScanner
2021-07-23 00:57:43,299 [SCMBlockDeletingService#0] DEBUG block.SCMBlockDeletingService (SCMBlockDeletingService.java:call(131)) - Running DeletedBlockTransactionScanner
2021-07-23 00:57:43,399 [SCMBlockDeletingService#0] DEBUG block.SCMBlockDeletingService (SCMBlockDeletingService.java:call(131)) - Running DeletedBlockTransactionScanner
2021-07-23 00:57:43,499 [SCMBlockDeletingService#0] DEBUG block.SCMBlockDeletingService (SCMBlockDeletingService.java:call(131)) - Running DeletedBlockTransactionScanner
2021-07-23 00:57:43,599 [SCMBlockDeletingService#0] DEBUG block.SCMBlockDeletingService (SCMBlockDeletingService.java:call(131)) - Running DeletedBlockTransactionScanner
2021-07-23 00:57:43,699 [SCMBlockDeletingService#0] DEBUG block.SCMBlockDeletingService (SCMBlockDeletingService.java:call(131)) - Running DeletedBlockTransactionScanner
2021-07-23 00:57:43,799 [SCMBlockDeletingService#0] DEBUG block.SCMBlockDeletingService (SCMBlockDeletingService.java:call(131)) - Running DeletedBlockTransactionScanner
2021-07-23 00:57:43,900 [SCMBlockDeletingService#0] DEBUG block.SCMBlockDeletingService (SCMBlockDeletingService.java:call(131)) - Running DeletedBlockTransactionScanner
2021-07-23 00:57:44,000 [SCMBlockDeletingService#0] DEBUG block.SCMBlockDeletingService (SCMBlockDeletingService.java:call(131)) - Running DeletedBlockTransactionScanner
2021-07-23 00:57:44,100 [SCMBlockDeletingService#0] DEBUG block.SCMBlockDeletingService (SCMBlockDeletingService.java:call(131)) - Running DeletedBlockTransactionScanner
2021-07-23 00:57:44,200 [SCMBlockDeletingService#0] DEBUG block.SCMBlockDeletingService (SCMBlockDeletingService.java:call(131)) - Running DeletedBlockTransactionScanner
2021-07-23 00:57:44,300 [SCMBlockDeletingService#0] DEBUG block.SCMBlockDeletingService (SCMBlockDeletingService.java:call(131)) - Running DeletedBlockTransactionScanner
2021-07-23 00:57:44,400 [SCMBlockDeletingService#0] DEBUG block.SCMBlockDeletingService (SCMBlockDeletingService.java:call(131)) - Running DeletedBlockTransactionScanner
2021-07-23 00:57:44,501 [SCMBlockDeletingService#0] DEBUG block.SCMBlockDeletingService (SCMBlockDeletingService.java:call(131)) - Running DeletedBlockTransactionScanner
2021-07-23 00:57:44,601 [SCMBlockDeletingService#0] DEBUG block.SCMBlockDeletingService (SCMBlockDeletingService.java:call(131)) - Running DeletedBlockTransactionScanner
2021-07-23 00:57:44,668 [Listener at 127.0.0.1/34417] INFO  ozoneimpl.OzoneContainer (OzoneContainer.java:stop(326)) - Attempting to stop container services.
2021-07-23 00:57:44,671 [Listener at 127.0.0.1/34417] INFO  server.RaftServer (RaftServerProxy.java:lambda$close$6(391)) - dd0a5bb7-4770-4f66-9d90-0fb3dd50f458: close
2021-07-23 00:57:44,672 [Listener at 127.0.0.1/34417] INFO  server.RaftServer$Division (RaftServerImpl.java:lambda$close$4(407)) - dd0a5bb7-4770-4f66-9d90-0fb3dd50f458@group-F00FDE780096: shutdown
2021-07-23 00:57:44,672 [Listener at 127.0.0.1/34417] INFO  util.JmxRegister (JmxRegister.java:unregister(73)) - Successfully un-registered JMX Bean with object name Ratis:service=RaftServer,group=group-F00FDE780096,id=dd0a5bb7-4770-4f66-9d90-0fb3dd50f458
2021-07-23 00:57:44,672 [Listener at 127.0.0.1/34417] INFO  impl.RoleInfo (RoleInfo.java:shutdownLeaderState(91)) - dd0a5bb7-4770-4f66-9d90-0fb3dd50f458: shutdown dd0a5bb7-4770-4f66-9d90-0fb3dd50f458@group-F00FDE780096-LeaderStateImpl
2021-07-23 00:57:44,673 [Listener at 127.0.0.1/34417] INFO  impl.PendingRequests (PendingRequests.java:sendNotLeaderResponses(249)) - dd0a5bb7-4770-4f66-9d90-0fb3dd50f458@group-F00FDE780096-PendingRequests: sendNotLeaderResponses
2021-07-23 00:57:44,674 [dd0a5bb7-4770-4f66-9d90-0fb3dd50f458@group-F00FDE780096->c0918ed1-71ae-4b85-9b7a-7a5f0f49a9a3-GrpcLogAppender-LogAppenderDaemon] WARN  server.GrpcLogAppender (GrpcLogAppender.java:mayWait(175)) - dd0a5bb7-4770-4f66-9d90-0fb3dd50f458@group-F00FDE780096->c0918ed1-71ae-4b85-9b7a-7a5f0f49a9a3-GrpcLogAppender: Wait interrupted by java.lang.InterruptedException
2021-07-23 00:57:44,676 [grpc-default-executor-2] INFO  server.GrpcServerProtocolService (GrpcServerProtocolService.java:onCompleted(140)) - c0918ed1-71ae-4b85-9b7a-7a5f0f49a9a3: Completed APPEND_ENTRIES, lastRequest: dd0a5bb7-4770-4f66-9d90-0fb3dd50f458->c0918ed1-71ae-4b85-9b7a-7a5f0f49a9a3#287-t1,previous=(t:1, i:13),leaderCommit=13,initializing? true,entries: size=1, first=(t:1, i:14), METADATAENTRY(c:13)
2021-07-23 00:57:44,677 [grpc-default-executor-0] INFO  server.GrpcLogAppender (GrpcLogAppender.java:onCompleted(344)) - dd0a5bb7-4770-4f66-9d90-0fb3dd50f458@group-F00FDE780096->c0918ed1-71ae-4b85-9b7a-7a5f0f49a9a3-AppendLogResponseHandler: follower responses appendEntries COMPLETED
2021-07-23 00:57:44,675 [dd0a5bb7-4770-4f66-9d90-0fb3dd50f458@group-F00FDE780096->a10aadcf-1631-4a33-847f-9d04cfd12be0-GrpcLogAppender-LogAppenderDaemon] WARN  server.GrpcLogAppender (GrpcLogAppender.java:mayWait(175)) - dd0a5bb7-4770-4f66-9d90-0fb3dd50f458@group-F00FDE780096->a10aadcf-1631-4a33-847f-9d04cfd12be0-GrpcLogAppender: Wait interrupted by java.lang.InterruptedException
2021-07-23 00:57:44,678 [grpc-default-executor-2] INFO  server.GrpcServerProtocolService (GrpcServerProtocolService.java:onCompleted(140)) - a10aadcf-1631-4a33-847f-9d04cfd12be0: Completed APPEND_ENTRIES, lastRequest: dd0a5bb7-4770-4f66-9d90-0fb3dd50f458->a10aadcf-1631-4a33-847f-9d04cfd12be0#290-t1,previous=(t:1, i:13),leaderCommit=13,initializing? true,entries: size=1, first=(t:1, i:14), METADATAENTRY(c:13)
2021-07-23 00:57:44,679 [grpc-default-executor-1] INFO  server.GrpcLogAppender (GrpcLogAppender.java:onCompleted(344)) - dd0a5bb7-4770-4f66-9d90-0fb3dd50f458@group-F00FDE780096->a10aadcf-1631-4a33-847f-9d04cfd12be0-AppendLogResponseHandler: follower responses appendEntries COMPLETED
2021-07-23 00:57:44,679 [grpc-default-executor-0] INFO  leader.FollowerInfo (FollowerInfoImpl.java:lambda$new$0(46)) - dd0a5bb7-4770-4f66-9d90-0fb3dd50f458@group-F00FDE780096->c0918ed1-71ae-4b85-9b7a-7a5f0f49a9a3: nextIndex: updateUnconditionally 15 -> 14
2021-07-23 00:57:44,679 [grpc-default-executor-1] INFO  leader.FollowerInfo (FollowerInfoImpl.java:lambda$new$0(46)) - dd0a5bb7-4770-4f66-9d90-0fb3dd50f458@group-F00FDE780096->a10aadcf-1631-4a33-847f-9d04cfd12be0: nextIndex: updateUnconditionally 15 -> 14
2021-07-23 00:57:44,690 [dd0a5bb7-4770-4f66-9d90-0fb3dd50f458@group-F00FDE780096-StateMachineUpdater] INFO  ratis.ContainerStateMachine (ContainerStateMachine.java:takeSnapshot(291)) - group-F00FDE780096: Taking a snapshot at:(t:1, i:14) file /home/runner/work/ozone/ozone/mnt/ozone/hadoop-ozone/integration-test/target/test-dir/MiniOzoneClusterImpl-8cc5c0ec-9048-4102-91ef-822c63deda73/datanode-0/data/ratis/c7fbcee6-1ac8-4bb1-8b7a-f00fde780096/sm/snapshot.1_14
2021-07-23 00:57:44,691 [Listener at 127.0.0.1/34417] INFO  impl.StateMachineUpdater (StateMachineUpdater.java:stopAndJoin(149)) - dd0a5bb7-4770-4f66-9d90-0fb3dd50f458@group-F00FDE780096-StateMachineUpdater: set stopIndex = 14
2021-07-23 00:57:44,701 [SCMBlockDeletingService#0] DEBUG block.SCMBlockDeletingService (SCMBlockDeletingService.java:call(131)) - Running DeletedBlockTransactionScanner
2021-07-23 00:57:44,703 [dd0a5bb7-4770-4f66-9d90-0fb3dd50f458@group-F00FDE780096-StateMachineUpdater] INFO  ratis.ContainerStateMachine (ContainerStateMachine.java:takeSnapshot(302)) - group-F00FDE780096: Finished taking a snapshot at:(t:1, i:14) file:/home/runner/work/ozone/ozone/mnt/ozone/hadoop-ozone/integration-test/target/test-dir/MiniOzoneClusterImpl-8cc5c0ec-9048-4102-91ef-822c63deda73/datanode-0/data/ratis/c7fbcee6-1ac8-4bb1-8b7a-f00fde780096/sm/snapshot.1_14 took: 13 ms
2021-07-23 00:57:44,705 [dd0a5bb7-4770-4f66-9d90-0fb3dd50f458@group-F00FDE780096-StateMachineUpdater] INFO  impl.StateMachineUpdater (StateMachineUpdater.java:takeSnapshot(281)) - dd0a5bb7-4770-4f66-9d90-0fb3dd50f458@group-F00FDE780096-StateMachineUpdater: Took a snapshot at index 14
2021-07-23 00:57:44,705 [dd0a5bb7-4770-4f66-9d90-0fb3dd50f458@group-F00FDE780096-StateMachineUpdater] INFO  impl.StateMachineUpdater (StateMachineUpdater.java:lambda$new$0(89)) - dd0a5bb7-4770-4f66-9d90-0fb3dd50f458@group-F00FDE780096-StateMachineUpdater: snapshotIndex: updateIncreasingly -1 -> 14
2021-07-23 00:57:44,710 [Listener at 127.0.0.1/34417] INFO  server.RaftServer$Division (ServerState.java:close(419)) - dd0a5bb7-4770-4f66-9d90-0fb3dd50f458@group-F00FDE780096: closes. applyIndex: 14
2021-07-23 00:57:44,712 [dd0a5bb7-4770-4f66-9d90-0fb3dd50f458@group-F00FDE780096-SegmentedRaftLogWorker] INFO  segmented.SegmentedRaftLogWorker (SegmentedRaftLogWorker.java:run(327)) - dd0a5bb7-4770-4f66-9d90-0fb3dd50f458@group-F00FDE780096-SegmentedRaftLogWorker was interrupted, exiting. There are 0 tasks remaining in the queue.
2021-07-23 00:57:44,712 [Listener at 127.0.0.1/34417] INFO  segmented.SegmentedRaftLogWorker (SegmentedRaftLogWorker.java:close(237)) - dd0a5bb7-4770-4f66-9d90-0fb3dd50f458@group-F00FDE780096-SegmentedRaftLogWorker close()
2021-07-23 00:57:44,713 [Listener at 127.0.0.1/34417] INFO  server.GrpcService (GrpcService.java:closeImpl(262)) - dd0a5bb7-4770-4f66-9d90-0fb3dd50f458: shutdown server with port 42569 now
2021-07-23 00:57:44,717 [grpc-default-executor-2] WARN  client.GrpcClientProtocolService (LogUtils.java:warn(122)) - 1-UnorderedRequestStreamObserver1: onError: org.apache.ratis.thirdparty.io.grpc.StatusRuntimeException: CANCELLED: client cancelled
2021-07-23 00:57:44,723 [Listener at 127.0.0.1/34417] INFO  server.GrpcService (GrpcService.java:closeImpl(271)) - dd0a5bb7-4770-4f66-9d90-0fb3dd50f458: shutdown server with port 42569 successfully
2021-07-23 00:57:44,723 [org.apache.ratis.util.JvmPauseMonitor$$Lambda$526/1160298887@62f84e43] INFO  util.JvmPauseMonitor (JvmPauseMonitor.java:run(109)) - JvmPauseMonitor-dd0a5bb7-4770-4f66-9d90-0fb3dd50f458: Stopped
2021-07-23 00:57:44,726 [Listener at 127.0.0.1/34417] INFO  utils.BackgroundService (BackgroundService.java:shutdown(132)) - Shutting down service BlockDeletingService
2021-07-23 00:57:44,728 [Listener at 127.0.0.1/34417] INFO  statemachine.DatanodeStateMachine (DatanodeStateMachine.java:stopDaemon(514)) - Ozone container server stopped.
2021-07-23 00:57:44,730 [Listener at 127.0.0.1/34417] INFO  handler.ContextHandler (ContextHandler.java:doStop(1154)) - Stopped o.e.j.w.WebAppContext@167eab4{hddsDatanode,/,null,STOPPED}{jar:file:/home/runner/.m2/repository/org/apache/ozone/hdds-container-service/1.2.0-SNAPSHOT/hdds-container-service-1.2.0-SNAPSHOT.jar!/webapps/hddsDatanode}
2021-07-23 00:57:44,736 [Listener at 127.0.0.1/34417] INFO  server.AbstractConnector (AbstractConnector.java:doStop(381)) - Stopped ServerConnector@1546a589{HTTP/1.1, (http/1.1)}{0.0.0.0:0}
2021-07-23 00:57:44,736 [Listener at 127.0.0.1/34417] INFO  server.session (HouseKeeper.java:stopScavenging(149)) - node0 Stopped scavenging
2021-07-23 00:57:44,736 [Listener at 127.0.0.1/34417] INFO  handler.ContextHandler (ContextHandler.java:doStop(1154)) - Stopped o.e.j.s.ServletContextHandler@4fe3d15f{static,/static,jar:file:/home/runner/.m2/repository/org/apache/ozone/hdds-container-service/1.2.0-SNAPSHOT/hdds-container-service-1.2.0-SNAPSHOT.jar!/webapps/static,STOPPED}
2021-07-23 00:57:44,737 [Listener at 127.0.0.1/34417] INFO  handler.ContextHandler (ContextHandler.java:doStop(1154)) - Stopped o.e.j.s.ServletContextHandler@658ec00c{logs,/logs,file:///home/runner/work/ozone/ozone/mnt/ozone/hadoop-ozone/integration-test/target/log,STOPPED}
2021-07-23 00:57:44,739 [Listener at 127.0.0.1/34417] INFO  container.ReplicationManager (ReplicationManager.java:sendDeleteCommand(1456)) - Sending delete container command for container #1 to datanode a10aadcf-1631-4a33-847f-9d04cfd12be0{ip: 10.1.0.23, host: fv-az184-788.3ow45vhwbzuu5incsxmygykede.cx.internal.cloudapp.net, ports: [REPLICATION=36119, RATIS=45765, RATIS_ADMIN=45765, RATIS_SERVER=45765, STANDALONE=33961], networkLocation: /default-rack, certSerialId: null, persistedOpState: IN_SERVICE, persistedOpStateExpiryEpochSec: 0}
2021-07-23 00:57:44,740 [Listener at 127.0.0.1/34417] INFO  container.ReplicationManager (ReplicationManager.java:sendDeleteCommand(1456)) - Sending delete container command for container #1 to datanode c0918ed1-71ae-4b85-9b7a-7a5f0f49a9a3{ip: 10.1.0.23, host: fv-az184-788.3ow45vhwbzuu5incsxmygykede.cx.internal.cloudapp.net, ports: [REPLICATION=37515, RATIS=35867, RATIS_ADMIN=35867, RATIS_SERVER=35867, STANDALONE=40823], networkLocation: /default-rack, certSerialId: null, persistedOpState: IN_SERVICE, persistedOpStateExpiryEpochSec: 0}
2021-07-23 00:57:44,740 [Listener at 127.0.0.1/34417] INFO  container.ReplicationManager (ReplicationManager.java:sendDeleteCommand(1456)) - Sending delete container command for container #1 to datanode dd0a5bb7-4770-4f66-9d90-0fb3dd50f458{ip: 10.1.0.23, host: fv-az184-788.3ow45vhwbzuu5incsxmygykede.cx.internal.cloudapp.net, ports: [REPLICATION=40591, RATIS=42569, RATIS_ADMIN=42569, RATIS_SERVER=42569, STANDALONE=34461], networkLocation: /default-rack, certSerialId: null, persistedOpState: IN_SERVICE, persistedOpStateExpiryEpochSec: 0}
2021-07-23 00:57:44,741 [Listener at 127.0.0.1/34417] DEBUG container.ReplicationManager (ReplicationManager.java:deleteContainerReplicas(929)) - Deleting empty container replicas for ContainerInfo{id=1, state=DELETING, pipelineID=PipelineID=c7fbcee6-1ac8-4bb1-8b7a-f00fde780096, stateEnterTime=2021-07-23T00:57:26.754Z, owner=om1},
2021-07-23 00:57:44,741 [Listener at 127.0.0.1/34417] INFO  container.ReplicationManager (ReplicationManager.java:processAll(341)) - Replication Monitor Thread took 3 milliseconds for processing 1 containers.
2021-07-23 00:57:44,743 [Listener at 127.0.0.1/34417] INFO  container.ReplicationManager (ReplicationManager.java:sendDeleteCommand(1456)) - Sending delete container command for container #1 to datanode dd0a5bb7-4770-4f66-9d90-0fb3dd50f458{ip: 10.1.0.23, host: fv-az184-788.3ow45vhwbzuu5incsxmygykede.cx.internal.cloudapp.net, ports: [REPLICATION=40591, RATIS=42569, RATIS_ADMIN=42569, RATIS_SERVER=42569, STANDALONE=34461], networkLocation: /default-rack, certSerialId: null, persistedOpState: IN_SERVICE, persistedOpStateExpiryEpochSec: 0}
2021-07-23 00:57:44,743 [Listener at 127.0.0.1/34417] DEBUG container.ReplicationManager (ReplicationManager.java:handleContainerUnderDelete(960)) - Resend delete Container command for ContainerInfo{id=1, state=DELETING, pipelineID=PipelineID=c7fbcee6-1ac8-4bb1-8b7a-f00fde780096, stateEnterTime=2021-07-23T00:57:26.754Z, owner=om1}
2021-07-23 00:57:44,743 [Listener at 127.0.0.1/34417] INFO  container.ReplicationManager (ReplicationManager.java:processAll(341)) - Replication Monitor Thread took 1 milliseconds for processing 1 containers.
2021-07-23 00:57:44,746 [Listener at 127.0.0.1/34417] WARN  impl.MetricRegistriesImpl (MetricRegistriesImpl.java:addReporterRegistration(111)) - New reporters are added after registries were created. Some metrics will be missing from the reporter. Please add reporter before adding any new registry.
2021-07-23 00:57:44,746 [Listener at 127.0.0.1/34417] WARN  impl.MetricRegistriesImpl (MetricRegistriesImpl.java:addReporterRegistration(111)) - New reporters are added after registries were created. Some metrics will be missing from the reporter. Please add reporter before adding any new registry.
2021-07-23 00:57:44,746 [Listener at 127.0.0.1/34417] INFO  impl.MetricsSystemImpl (MetricsSystemImpl.java:init(158)) - HddsDatanode metrics system started (again)
2021-07-23 00:57:44,783 [Listener at 127.0.0.1/34417] INFO  ozone.HddsDatanodeService (HddsDatanodeService.java:start(234)) - HddsDatanodeService host:fv-az184-788.3ow45vhwbzuu5incsxmygykede.cx.internal.cloudapp.net ip:10.1.0.23
2021-07-23 00:57:44,796 [Listener at 127.0.0.1/34417] INFO  upgrade.AbstractLayoutVersionManager (AbstractLayoutVersionManager.java:init(70)) - Initializing Layout version manager with metadata layout = SCM_HA (version = 2), software layout = SCM_HA (version = 2)
2021-07-23 00:57:44,801 [SCMBlockDeletingService#0] DEBUG block.SCMBlockDeletingService (SCMBlockDeletingService.java:call(131)) - Running DeletedBlockTransactionScanner
2021-07-23 00:57:44,845 [Listener at 127.0.0.1/34417] INFO  reflections.Reflections (Reflections.java:scan(232)) - Reflections took 47 ms to scan 7 urls, producing 119 keys and 271 values 
2021-07-23 00:57:44,849 [Listener at 127.0.0.1/34417] INFO  volume.HddsVolume (HddsVolume.java:<init>(120)) - Creating HddsVolume: /home/runner/work/ozone/ozone/mnt/ozone/hadoop-ozone/integration-test/target/test-dir/MiniOzoneClusterImpl-8cc5c0ec-9048-4102-91ef-822c63deda73/datanode-0/data-0/containers/hdds of storage type : DISK capacity : 9223372036854775807
2021-07-23 00:57:44,849 [Listener at 127.0.0.1/34417] INFO  volume.MutableVolumeSet (MutableVolumeSet.java:initializeVolumeSet(181)) - Added Volume : /home/runner/work/ozone/ozone/mnt/ozone/hadoop-ozone/integration-test/target/test-dir/MiniOzoneClusterImpl-8cc5c0ec-9048-4102-91ef-822c63deda73/datanode-0/data-0/containers/hdds to VolumeSet
2021-07-23 00:57:44,850 [Listener at 127.0.0.1/34417] INFO  volume.ThrottledAsyncChecker (ThrottledAsyncChecker.java:schedule(141)) - Scheduling a check for /home/runner/work/ozone/ozone/mnt/ozone/hadoop-ozone/integration-test/target/test-dir/MiniOzoneClusterImpl-8cc5c0ec-9048-4102-91ef-822c63deda73/datanode-0/data-0/containers/hdds
2021-07-23 00:57:44,850 [Listener at 127.0.0.1/34417] INFO  volume.StorageVolumeChecker (StorageVolumeChecker.java:checkAllVolumes(202)) - Scheduled health check for volume /home/runner/work/ozone/ozone/mnt/ozone/hadoop-ozone/integration-test/target/test-dir/MiniOzoneClusterImpl-8cc5c0ec-9048-4102-91ef-822c63deda73/datanode-0/data-0/containers/hdds
2021-07-23 00:57:44,866 [Listener at 127.0.0.1/34417] INFO  volume.MutableVolumeSet (MutableVolumeSet.java:initializeVolumeSet(181)) - Added Volume : /home/runner/work/ozone/ozone/mnt/ozone/hadoop-ozone/integration-test/target/test-dir/MiniOzoneClusterImpl-8cc5c0ec-9048-4102-91ef-822c63deda73/datanode-0/data/ratis to VolumeSet
2021-07-23 00:57:44,866 [Listener at 127.0.0.1/34417] INFO  volume.ThrottledAsyncChecker (ThrottledAsyncChecker.java:schedule(141)) - Scheduling a check for /home/runner/work/ozone/ozone/mnt/ozone/hadoop-ozone/integration-test/target/test-dir/MiniOzoneClusterImpl-8cc5c0ec-9048-4102-91ef-822c63deda73/datanode-0/data/ratis
2021-07-23 00:57:44,866 [Listener at 127.0.0.1/34417] INFO  volume.StorageVolumeChecker (StorageVolumeChecker.java:checkAllVolumes(202)) - Scheduled health check for volume /home/runner/work/ozone/ozone/mnt/ozone/hadoop-ozone/integration-test/target/test-dir/MiniOzoneClusterImpl-8cc5c0ec-9048-4102-91ef-822c63deda73/datanode-0/data/ratis
2021-07-23 00:57:44,881 [Listener at 127.0.0.1/34417] INFO  ozoneimpl.ContainerReader (ContainerReader.java:<init>(98)) - Running in upgrade mode:true
2021-07-23 00:57:44,882 [Thread-623] INFO  ozoneimpl.ContainerReader (ContainerReader.java:readVolume(142)) - Start to verify containers on volume /home/runner/work/ozone/ozone/mnt/ozone/hadoop-ozone/integration-test/target/test-dir/MiniOzoneClusterImpl-8cc5c0ec-9048-4102-91ef-822c63deda73/datanode-0/data-0/containers/hdds
2021-07-23 00:57:44,901 [SCMBlockDeletingService#0] DEBUG block.SCMBlockDeletingService (SCMBlockDeletingService.java:call(131)) - Running DeletedBlockTransactionScanner
2021-07-23 00:57:44,906 [Thread-623] INFO  ozoneimpl.ContainerReader (ContainerReader.java:readVolume(174)) - Finish verifying containers on volume /home/runner/work/ozone/ozone/mnt/ozone/hadoop-ozone/integration-test/target/test-dir/MiniOzoneClusterImpl-8cc5c0ec-9048-4102-91ef-822c63deda73/datanode-0/data-0/containers/hdds
2021-07-23 00:57:44,906 [Listener at 127.0.0.1/34417] INFO  ozoneimpl.OzoneContainer (OzoneContainer.java:buildContainerSet(237)) - Build ContainerSet costs 0s
2021-07-23 00:57:44,909 [Listener at 127.0.0.1/34417] INFO  server.RaftServer (ConfUtils.java:logGet(44)) - raft.rpc.type = GRPC (default)
2021-07-23 00:57:44,909 [Listener at 127.0.0.1/34417] INFO  grpc.GrpcFactory (GrpcFactory.java:checkPooledByteBufAllocatorUseCacheForAllThreads(48)) - PERFORMANCE WARNING: useCacheForAllThreads is true that may cause Netty to create a lot garbage objects and, as a result, trigger GC.
	It is recommended to disable useCacheForAllThreads by setting -Dorg.apache.ratis.thirdparty.io.netty.allocator.useCacheForAllThreads=false in command line.
2021-07-23 00:57:44,909 [Listener at 127.0.0.1/34417] INFO  grpc.GrpcConfigKeys (ConfUtils.java:logGet(44)) - raft.grpc.admin.port = 42569 (custom)
2021-07-23 00:57:44,910 [Listener at 127.0.0.1/34417] INFO  grpc.GrpcConfigKeys (ConfUtils.java:logGet(44)) - raft.grpc.client.port = 42569 (custom)
2021-07-23 00:57:44,910 [Listener at 127.0.0.1/34417] INFO  grpc.GrpcConfigKeys (ConfUtils.java:logGet(44)) - raft.grpc.server.port = 42569 (custom)
2021-07-23 00:57:44,910 [Listener at 127.0.0.1/34417] INFO  server.GrpcService (ConfUtils.java:logGet(44)) - raft.grpc.message.size.max = 32MB (=33554432) (custom)
2021-07-23 00:57:44,910 [Listener at 127.0.0.1/34417] INFO  server.RaftServerConfigKeys (ConfUtils.java:logGet(44)) - raft.server.log.appender.buffer.byte-limit = 33554432 (custom)
2021-07-23 00:57:44,911 [Listener at 127.0.0.1/34417] INFO  server.GrpcService (ConfUtils.java:logGet(44)) - raft.grpc.flow.control.window = 5MB (=5242880) (custom)
2021-07-23 00:57:44,911 [Listener at 127.0.0.1/34417] INFO  server.RaftServerConfigKeys (ConfUtils.java:logGet(44)) - raft.server.rpc.request.timeout = 60s (custom)
2021-07-23 00:57:44,912 [Listener at 127.0.0.1/34417] INFO  impl.DataStreamServerImpl (ConfUtils.java:logGet(44)) - raft.datastream.type = DISABLED (default)
2021-07-23 00:57:44,914 [Listener at 127.0.0.1/34417] INFO  server.RaftServerConfigKeys (ConfUtils.java:logGet(44)) - raft.server.rpc.slowness.timeout = 300s (custom)
2021-07-23 00:57:44,915 [Listener at 127.0.0.1/34417] INFO  server.RaftServerConfigKeys (ConfUtils.java:logGet(44)) - raft.server.leaderelection.leader.step-down.wait-time = 10s (default)
2021-07-23 00:57:44,915 [Listener at 127.0.0.1/34417] INFO  server.RaftServerConfigKeys (ConfUtils.java:logGet(44)) - raft.server.storage.dir = [/home/runner/work/ozone/ozone/mnt/ozone/hadoop-ozone/integration-test/target/test-dir/MiniOzoneClusterImpl-8cc5c0ec-9048-4102-91ef-822c63deda73/datanode-0/data/ratis] (custom)
2021-07-23 00:57:44,915 [Listener at 127.0.0.1/34417] INFO  server.RaftServer (RaftServerProxy.java:lambda$null$1(235)) - dd0a5bb7-4770-4f66-9d90-0fb3dd50f458: found a subdirectory /home/runner/work/ozone/ozone/mnt/ozone/hadoop-ozone/integration-test/target/test-dir/MiniOzoneClusterImpl-8cc5c0ec-9048-4102-91ef-822c63deda73/datanode-0/data/ratis/c7fbcee6-1ac8-4bb1-8b7a-f00fde780096
2021-07-23 00:57:44,918 [Listener at 127.0.0.1/34417] INFO  server.RaftServer (RaftServerProxy.java:addNew(95)) - dd0a5bb7-4770-4f66-9d90-0fb3dd50f458: addNew group-F00FDE780096:[] returns group-F00FDE780096:java.util.concurrent.CompletableFuture@54dfde5b[Not completed]
2021-07-23 00:57:44,922 [Listener at 127.0.0.1/34417] INFO  http.BaseHttpServer (BaseHttpServer.java:newHttpServer2BuilderForOzone(209)) - Starting Web-server for hddsDatanode at: http://0.0.0.0:35397
2021-07-23 00:57:44,922 [Listener at 127.0.0.1/34417] INFO  http.BaseHttpServer (BaseHttpServer.java:<init>(107)) - Hadoop Security Enabled: false Ozone Security Enabled: false Ozone HTTP Security Enabled: false 
2021-07-23 00:57:44,924 [Listener at 127.0.0.1/34417] INFO  server.AuthenticationFilter (AuthenticationFilter.java:constructSecretProvider(240)) - Unable to initialize FileSignerSecretProvider, falling back to use random secrets.
2021-07-23 00:57:44,926 [pool-128-thread-1] INFO  server.RaftServer$Division (RaftServerImpl.java:<init>(181)) - dd0a5bb7-4770-4f66-9d90-0fb3dd50f458: new RaftServerImpl for group-F00FDE780096:[] with ContainerStateMachine:uninitialized
2021-07-23 00:57:44,927 [Listener at 127.0.0.1/34417] WARN  http.HttpRequestLog (HttpRequestLog.java:getRequestLog(103)) - Jetty request log can only be enabled using Log4j
2021-07-23 00:57:44,927 [Listener at 127.0.0.1/34417] INFO  http.HttpServer2 (HttpServer2.java:addGlobalFilter(1020)) - Added global filter 'safety' (class=org.apache.hadoop.hdds.server.http.HttpServer2$QuotingInputFilter)
2021-07-23 00:57:44,928 [Listener at 127.0.0.1/34417] INFO  http.HttpServer2 (HttpServer2.java:addFilter(996)) - Added filter static_user_filter (class=org.apache.hadoop.http.lib.StaticUserWebFilter$StaticUserFilter) to context hddsDatanode
2021-07-23 00:57:44,928 [Listener at 127.0.0.1/34417] INFO  http.HttpServer2 (HttpServer2.java:addFilter(1004)) - Added filter static_user_filter (class=org.apache.hadoop.http.lib.StaticUserWebFilter$StaticUserFilter) to context logs
2021-07-23 00:57:44,928 [Listener at 127.0.0.1/34417] INFO  http.HttpServer2 (HttpServer2.java:addFilter(1004)) - Added filter static_user_filter (class=org.apache.hadoop.http.lib.StaticUserWebFilter$StaticUserFilter) to context static
2021-07-23 00:57:44,929 [Listener at 127.0.0.1/34417] INFO  http.HttpServer2 (HttpServer2.java:bindListener(1239)) - Jetty bound to port 35397
2021-07-23 00:57:44,929 [Listener at 127.0.0.1/34417] INFO  server.Server (Server.java:doStart(375)) - jetty-9.4.35.v20201120; built: 2020-11-20T21:17:03.964Z; git: bdc54f03a5e0a7e280fab27f55c3c75ee8da89fb; jvm 1.8.0_292-b10
2021-07-23 00:57:44,936 [pool-128-thread-1] INFO  server.RaftServerConfigKeys (ConfUtils.java:logGet(44)) - raft.server.rpc.timeout.min = 5s (custom)
2021-07-23 00:57:44,937 [pool-128-thread-1] INFO  server.RaftServerConfigKeys (ConfUtils.java:logGet(44)) - raft.server.rpc.timeout.max = 5200ms (custom)
2021-07-23 00:57:44,937 [pool-128-thread-1] INFO  server.RaftServerConfigKeys (ConfUtils.java:logGet(44)) - raft.server.rpc.sleep.time = 25ms (default)
2021-07-23 00:57:44,937 [pool-128-thread-1] INFO  server.RaftServerConfigKeys (ConfUtils.java:logGet(44)) - raft.server.rpc.slowness.timeout = 300s (custom)
2021-07-23 00:57:44,937 [pool-128-thread-1] INFO  server.RaftServerConfigKeys (ConfUtils.java:logGet(44)) - raft.server.leaderelection.leader.step-down.wait-time = 10s (default)
2021-07-23 00:57:44,937 [pool-128-thread-1] INFO  server.RaftServerConfigKeys (ConfUtils.java:logGet(44)) - raft.server.sleep.deviation.threshold = 300ms (default)
2021-07-23 00:57:44,937 [pool-128-thread-1] INFO  server.RaftServerConfigKeys (ConfUtils.java:logGet(44)) - raft.server.log.appender.install.snapshot.enabled = false (custom)
2021-07-23 00:57:44,937 [pool-128-thread-1] INFO  server.RaftServer$Division (ServerState.java:<init>(105)) - dd0a5bb7-4770-4f66-9d90-0fb3dd50f458@group-F00FDE780096: ConfigurationManager, init=-1: [], old=null, confs=<EMPTY_MAP>
2021-07-23 00:57:44,937 [pool-128-thread-1] INFO  server.RaftServerConfigKeys (ConfUtils.java:logGet(44)) - raft.server.storage.dir = [/home/runner/work/ozone/ozone/mnt/ozone/hadoop-ozone/integration-test/target/test-dir/MiniOzoneClusterImpl-8cc5c0ec-9048-4102-91ef-822c63deda73/datanode-0/data/ratis] (custom)
2021-07-23 00:57:44,937 [pool-128-thread-1] INFO  server.RaftServerConfigKeys (ConfUtils.java:logGet(44)) - raft.server.log.corruption.policy = EXCEPTION (default)
2021-07-23 00:57:44,937 [pool-128-thread-1] INFO  server.RaftServerConfigKeys (ConfUtils.java:logGet(44)) - raft.server.storage.free-space.min = 0MB (=0) (default)
2021-07-23 00:57:44,942 [pool-128-thread-1] INFO  storage.RaftStorageDirectory (RaftStorageDirectoryImpl.java:tryLock(230)) - Lock on /home/runner/work/ozone/ozone/mnt/ozone/hadoop-ozone/integration-test/target/test-dir/MiniOzoneClusterImpl-8cc5c0ec-9048-4102-91ef-822c63deda73/datanode-0/data/ratis/c7fbcee6-1ac8-4bb1-8b7a-f00fde780096/in_use.lock acquired by nodename 8356@fv-az184-788
2021-07-23 00:57:44,943 [pool-128-thread-1] INFO  storage.RaftStorage (RaftStorageImpl.java:analyzeAndRecoverStorage(110)) - Read RaftStorageMetadata{term=1, votedFor=dd0a5bb7-4770-4f66-9d90-0fb3dd50f458} from /home/runner/work/ozone/ozone/mnt/ozone/hadoop-ozone/integration-test/target/test-dir/MiniOzoneClusterImpl-8cc5c0ec-9048-4102-91ef-822c63deda73/datanode-0/data/ratis/c7fbcee6-1ac8-4bb1-8b7a-f00fde780096/current/raft-meta
2021-07-23 00:57:44,947 [pool-128-thread-1] INFO  ratis.ContainerStateMachine (ContainerStateMachine.java:loadSnapshot(232)) - group-F00FDE780096: Setting the last applied index to (t:1, i:14)
2021-07-23 00:57:44,948 [Listener at 127.0.0.1/34417] INFO  server.session (DefaultSessionIdManager.java:doStart(334)) - DefaultSessionIdManager workerName=node0
2021-07-23 00:57:44,949 [Listener at 127.0.0.1/34417] INFO  server.session (DefaultSessionIdManager.java:doStart(339)) - No SessionScavenger set, using defaults
2021-07-23 00:57:44,949 [Listener at 127.0.0.1/34417] INFO  server.session (HouseKeeper.java:startScavenging(132)) - node0 Scavenging every 600000ms
2021-07-23 00:57:44,950 [Listener at 127.0.0.1/34417] INFO  handler.ContextHandler (ContextHandler.java:doStart(916)) - Started o.e.j.s.ServletContextHandler@5329822{logs,/logs,file:///home/runner/work/ozone/ozone/mnt/ozone/hadoop-ozone/integration-test/target/log,AVAILABLE}
2021-07-23 00:57:44,950 [Listener at 127.0.0.1/34417] INFO  handler.ContextHandler (ContextHandler.java:doStart(916)) - Started o.e.j.s.ServletContextHandler@315441a6{static,/static,jar:file:/home/runner/.m2/repository/org/apache/ozone/hdds-container-service/1.2.0-SNAPSHOT/hdds-container-service-1.2.0-SNAPSHOT.jar!/webapps/static,AVAILABLE}
2021-07-23 00:57:44,952 [pool-128-thread-1] INFO  server.RaftServer$Division (ServerState.java:setRaftConf(387)) - dd0a5bb7-4770-4f66-9d90-0fb3dd50f458@group-F00FDE780096: set configuration 0: [dd0a5bb7-4770-4f66-9d90-0fb3dd50f458|rpc:10.1.0.23:42569|dataStream:|priority:1, c0918ed1-71ae-4b85-9b7a-7a5f0f49a9a3|rpc:10.1.0.23:35867|dataStream:|priority:0, a10aadcf-1631-4a33-847f-9d04cfd12be0|rpc:10.1.0.23:45765|dataStream:|priority:0], old=null
2021-07-23 00:57:44,953 [pool-128-thread-1] INFO  server.RaftServerConfigKeys (ConfUtils.java:logGet(44)) - raft.server.notification.no-leader.timeout = 300s (custom)
2021-07-23 00:57:44,953 [pool-128-thread-1] INFO  server.RaftServerConfigKeys (ConfUtils.java:logGet(44)) - raft.server.log.use.memory = false (default)
2021-07-23 00:57:44,953 [pool-128-thread-1] INFO  server.RaftServerConfigKeys (ConfUtils.java:logGet(44)) - raft.server.log.purge.gap = 1000000 (custom)
2021-07-23 00:57:44,953 [pool-128-thread-1] INFO  server.RaftServerConfigKeys (ConfUtils.java:logGet(44)) - raft.server.log.appender.buffer.byte-limit = 33554432 (custom)
2021-07-23 00:57:44,953 [pool-128-thread-1] INFO  server.RaftServerConfigKeys (ConfUtils.java:logGet(44)) - raft.server.log.segment.size.max = 1048576 (custom)
2021-07-23 00:57:44,956 [pool-128-thread-1] INFO  server.RaftServerConfigKeys (ConfUtils.java:logGet(44)) - raft.server.log.segment.cache.num.max = 2 (custom)
2021-07-23 00:57:44,957 [pool-128-thread-1] INFO  server.RaftServerConfigKeys (ConfUtils.java:logGet(44)) - raft.server.log.segment.cache.size.max = 200MB (=209715200) (default)
2021-07-23 00:57:44,957 [pool-128-thread-1] INFO  segmented.SegmentedRaftLogWorker (SegmentedRaftLogWorker.java:<init>(182)) - new dd0a5bb7-4770-4f66-9d90-0fb3dd50f458@group-F00FDE780096-SegmentedRaftLogWorker for RaftStorageImpl:Storage Directory /home/runner/work/ozone/ozone/mnt/ozone/hadoop-ozone/integration-test/target/test-dir/MiniOzoneClusterImpl-8cc5c0ec-9048-4102-91ef-822c63deda73/datanode-0/data/ratis/c7fbcee6-1ac8-4bb1-8b7a-f00fde780096
2021-07-23 00:57:44,957 [pool-128-thread-1] INFO  server.RaftServerConfigKeys (ConfUtils.java:logGet(44)) - raft.server.log.queue.byte-limit = 2147483647 (custom)
2021-07-23 00:57:44,957 [pool-128-thread-1] INFO  server.RaftServerConfigKeys (ConfUtils.java:logGet(44)) - raft.server.log.queue.element-limit = 1024 (custom)
2021-07-23 00:57:44,957 [pool-128-thread-1] INFO  server.RaftServerConfigKeys (ConfUtils.java:logGet(44)) - raft.server.log.segment.size.max = 1048576 (custom)
2021-07-23 00:57:44,958 [pool-128-thread-1] INFO  server.RaftServerConfigKeys (ConfUtils.java:logGet(44)) - raft.server.log.preallocated.size = 16384 (custom)
2021-07-23 00:57:44,958 [pool-128-thread-1] INFO  server.RaftServerConfigKeys (ConfUtils.java:logGet(44)) - raft.server.log.force.sync.num = 128 (default)
2021-07-23 00:57:44,958 [pool-128-thread-1] INFO  server.RaftServerConfigKeys (ConfUtils.java:logGet(44)) - raft.server.log.statemachine.data.sync = true (default)
2021-07-23 00:57:44,958 [pool-128-thread-1] INFO  server.RaftServerConfigKeys (ConfUtils.java:logGet(44)) - raft.server.log.statemachine.data.sync.timeout = 10s (default)
2021-07-23 00:57:44,958 [pool-128-thread-1] INFO  server.RaftServerConfigKeys (ConfUtils.java:logGet(44)) - raft.server.log.statemachine.data.sync.timeout.retry = -1 (default)
2021-07-23 00:57:44,958 [pool-128-thread-1] INFO  server.RaftServerConfigKeys (ConfUtils.java:logGet(44)) - raft.server.log.write.buffer.size = 1048576 (custom)
2021-07-23 00:57:44,959 [pool-128-thread-1] INFO  server.RaftServerConfigKeys (ConfUtils.java:logGet(44)) - raft.server.log.statemachine.data.caching.enabled = true (custom)
2021-07-23 00:57:44,966 [pool-128-thread-1] INFO  server.RaftServer$Division (ServerState.java:setRaftConf(387)) - dd0a5bb7-4770-4f66-9d90-0fb3dd50f458@group-F00FDE780096: set configuration 0: [dd0a5bb7-4770-4f66-9d90-0fb3dd50f458|rpc:10.1.0.23:42569|dataStream:|priority:1, c0918ed1-71ae-4b85-9b7a-7a5f0f49a9a3|rpc:10.1.0.23:35867|dataStream:|priority:0, a10aadcf-1631-4a33-847f-9d04cfd12be0|rpc:10.1.0.23:45765|dataStream:|priority:0], old=null
2021-07-23 00:57:44,969 [pool-128-thread-1] INFO  segmented.LogSegment (LogSegment.java:loadSegment(173)) - Successfully read 15 entries from segment file /home/runner/work/ozone/ozone/mnt/ozone/hadoop-ozone/integration-test/target/test-dir/MiniOzoneClusterImpl-8cc5c0ec-9048-4102-91ef-822c63deda73/datanode-0/data/ratis/c7fbcee6-1ac8-4bb1-8b7a-f00fde780096/current/log_inprogress_0
2021-07-23 00:57:44,969 [pool-128-thread-1] INFO  segmented.SegmentedRaftLogWorker (SegmentedRaftLogWorker.java:lambda$new$0(133)) - dd0a5bb7-4770-4f66-9d90-0fb3dd50f458@group-F00FDE780096-SegmentedRaftLogWorker: flushIndex: setUnconditionally 0 -> 14
2021-07-23 00:57:44,969 [pool-128-thread-1] INFO  segmented.SegmentedRaftLogWorker (SegmentedRaftLogWorker.java:lambda$new$0(133)) - dd0a5bb7-4770-4f66-9d90-0fb3dd50f458@group-F00FDE780096-SegmentedRaftLogWorker: safeCacheEvictIndex: setUnconditionally 0 -> -1
2021-07-23 00:57:44,970 [pool-128-thread-1] INFO  raftlog.RaftLog (RaftLogBase.java:lambda$new$0(53)) - dd0a5bb7-4770-4f66-9d90-0fb3dd50f458@group-F00FDE780096-SegmentedRaftLog: commitIndex: updateToMax old=14, new=13, updated? false
2021-07-23 00:57:44,970 [pool-128-thread-1] INFO  server.RaftServerConfigKeys (ConfUtils.java:logGet(44)) - raft.server.snapshot.auto.trigger.enabled = true (custom)
2021-07-23 00:57:44,970 [pool-128-thread-1] INFO  server.RaftServerConfigKeys (ConfUtils.java:logGet(44)) - raft.server.snapshot.auto.trigger.threshold = 10000 (custom)
2021-07-23 00:57:44,970 [pool-128-thread-1] INFO  server.RaftServerConfigKeys (ConfUtils.java:logGet(44)) - raft.server.snapshot.retention.file.num = 5 (custom)
2021-07-23 00:57:44,970 [pool-128-thread-1] INFO  server.RaftServerConfigKeys (ConfUtils.java:logGet(44)) - raft.server.log.purge.upto.snapshot.index = false (default)
2021-07-23 00:57:44,970 [pool-128-thread-1] INFO  server.RaftServerConfigKeys (ConfUtils.java:logGet(44)) - raft.server.retrycache.expirytime = 600000ms (custom)
2021-07-23 00:57:44,970 [pool-128-thread-1] INFO  server.RaftServerConfigKeys (ConfUtils.java:logGet(44)) - raft.server.retrycache.statistics.expirytime = 100μs (default)
2021-07-23 00:57:44,996 [Listener at 127.0.0.1/34417] INFO  handler.ContextHandler (ContextHandler.java:doStart(916)) - Started o.e.j.w.WebAppContext@4a796b3e{hddsDatanode,/,file:///tmp/jetty-0_0_0_0-35397-hdds-container-service-1_2_0-SNAPSHOT_jar-_-any-4381222500423904894/webapp/,AVAILABLE}{jar:file:/home/runner/.m2/repository/org/apache/ozone/hdds-container-service/1.2.0-SNAPSHOT/hdds-container-service-1.2.0-SNAPSHOT.jar!/webapps/hddsDatanode}
2021-07-23 00:57:44,997 [Listener at 127.0.0.1/34417] INFO  server.AbstractConnector (AbstractConnector.java:doStart(331)) - Started ServerConnector@556ef86d{HTTP/1.1, (http/1.1)}{0.0.0.0:35397}
2021-07-23 00:57:44,997 [Listener at 127.0.0.1/34417] INFO  server.Server (Server.java:doStart(415)) - Started @37683ms
2021-07-23 00:57:44,998 [Listener at 127.0.0.1/34417] WARN  impl.MetricsSystemImpl (MetricsSystemImpl.java:register(279)) - Sink prometheus already exists!
2021-07-23 00:57:44,998 [Listener at 127.0.0.1/34417] INFO  http.BaseHttpServer (BaseHttpServer.java:updateConnectorAddress(329)) - HTTP server of hddsDatanode listening at http://0.0.0.0:35397
2021-07-23 00:57:44,999 [Listener at 127.0.0.1/34417] INFO  ozone.MiniOzoneClusterImpl (MiniOzoneClusterImpl.java:lambda$waitForClusterToBeReady$0(230)) - Waiting for nodes to be ready. Got 2 of 3 DN Heartbeats.
2021-07-23 00:57:44,999 [Listener at 127.0.0.1/34417] INFO  ozone.MiniOzoneClusterImpl (MiniOzoneClusterImpl.java:lambda$waitForClusterToBeReady$0(233)) - Cluster exits safe mode
2021-07-23 00:57:44,999 [Listener at 127.0.0.1/34417] INFO  ozone.MiniOzoneClusterImpl (MiniOzoneClusterImpl.java:lambda$waitForClusterToBeReady$0(235)) - SCM became leader
2021-07-23 00:57:45,006 [SCMBlockDeletingService#0] DEBUG block.SCMBlockDeletingService (SCMBlockDeletingService.java:call(131)) - Running DeletedBlockTransactionScanner
2021-07-23 00:57:45,007 [org.apache.hadoop.util.JvmPauseMonitor$Monitor@4861ebe1] INFO  util.JvmPauseMonitor (JvmPauseMonitor.java:run(188)) - Starting JVM pause monitor
2021-07-23 00:57:45,028 [Datanode State Machine Thread - 0] WARN  statemachine.StateContext (StateContext.java:execute(621)) - No available thread in pool for past 0 seconds.
2021-07-23 00:57:45,107 [SCMBlockDeletingService#0] DEBUG block.SCMBlockDeletingService (SCMBlockDeletingService.java:call(131)) - Running DeletedBlockTransactionScanner
2021-07-23 00:57:45,207 [SCMBlockDeletingService#0] DEBUG block.SCMBlockDeletingService (SCMBlockDeletingService.java:call(131)) - Running DeletedBlockTransactionScanner
2021-07-23 00:57:45,307 [SCMBlockDeletingService#0] DEBUG block.SCMBlockDeletingService (SCMBlockDeletingService.java:call(131)) - Running DeletedBlockTransactionScanner
2021-07-23 00:57:45,407 [SCMBlockDeletingService#0] DEBUG block.SCMBlockDeletingService (SCMBlockDeletingService.java:call(131)) - Running DeletedBlockTransactionScanner
2021-07-23 00:57:45,507 [SCMBlockDeletingService#0] DEBUG block.SCMBlockDeletingService (SCMBlockDeletingService.java:call(131)) - Running DeletedBlockTransactionScanner
2021-07-23 00:57:45,607 [SCMBlockDeletingService#0] DEBUG block.SCMBlockDeletingService (SCMBlockDeletingService.java:call(131)) - Running DeletedBlockTransactionScanner
2021-07-23 00:57:45,708 [SCMBlockDeletingService#0] DEBUG block.SCMBlockDeletingService (SCMBlockDeletingService.java:call(131)) - Running DeletedBlockTransactionScanner
2021-07-23 00:57:45,808 [SCMBlockDeletingService#0] DEBUG block.SCMBlockDeletingService (SCMBlockDeletingService.java:call(131)) - Running DeletedBlockTransactionScanner
2021-07-23 00:57:45,908 [SCMBlockDeletingService#0] DEBUG block.SCMBlockDeletingService (SCMBlockDeletingService.java:call(131)) - Running DeletedBlockTransactionScanner
2021-07-23 00:57:45,999 [Listener at 127.0.0.1/34417] INFO  ozone.MiniOzoneClusterImpl (MiniOzoneClusterImpl.java:lambda$waitForClusterToBeReady$0(230)) - Waiting for nodes to be ready. Got 2 of 3 DN Heartbeats.
2021-07-23 00:57:45,999 [Listener at 127.0.0.1/34417] INFO  ozone.MiniOzoneClusterImpl (MiniOzoneClusterImpl.java:lambda$waitForClusterToBeReady$0(233)) - Cluster exits safe mode
2021-07-23 00:57:46,000 [Listener at 127.0.0.1/34417] INFO  ozone.MiniOzoneClusterImpl (MiniOzoneClusterImpl.java:lambda$waitForClusterToBeReady$0(235)) - SCM became leader
2021-07-23 00:57:46,008 [SCMBlockDeletingService#0] DEBUG block.SCMBlockDeletingService (SCMBlockDeletingService.java:call(131)) - Running DeletedBlockTransactionScanner
2021-07-23 00:57:46,108 [SCMBlockDeletingService#0] DEBUG block.SCMBlockDeletingService (SCMBlockDeletingService.java:call(131)) - Running DeletedBlockTransactionScanner
2021-07-23 00:57:46,208 [SCMBlockDeletingService#0] DEBUG block.SCMBlockDeletingService (SCMBlockDeletingService.java:call(131)) - Running DeletedBlockTransactionScanner
2021-07-23 00:57:46,308 [SCMBlockDeletingService#0] DEBUG block.SCMBlockDeletingService (SCMBlockDeletingService.java:call(131)) - Running DeletedBlockTransactionScanner
2021-07-23 00:57:46,409 [SCMBlockDeletingService#0] DEBUG block.SCMBlockDeletingService (SCMBlockDeletingService.java:call(131)) - Running DeletedBlockTransactionScanner
2021-07-23 00:57:46,509 [SCMBlockDeletingService#0] DEBUG block.SCMBlockDeletingService (SCMBlockDeletingService.java:call(131)) - Running DeletedBlockTransactionScanner
2021-07-23 00:57:46,609 [SCMBlockDeletingService#0] DEBUG block.SCMBlockDeletingService (SCMBlockDeletingService.java:call(131)) - Running DeletedBlockTransactionScanner
2021-07-23 00:57:46,709 [SCMBlockDeletingService#0] DEBUG block.SCMBlockDeletingService (SCMBlockDeletingService.java:call(131)) - Running DeletedBlockTransactionScanner
2021-07-23 00:57:46,809 [SCMBlockDeletingService#0] DEBUG block.SCMBlockDeletingService (SCMBlockDeletingService.java:call(131)) - Running DeletedBlockTransactionScanner
2021-07-23 00:57:46,909 [SCMBlockDeletingService#0] DEBUG block.SCMBlockDeletingService (SCMBlockDeletingService.java:call(131)) - Running DeletedBlockTransactionScanner
2021-07-23 00:57:47,000 [Listener at 127.0.0.1/34417] INFO  ozone.MiniOzoneClusterImpl (MiniOzoneClusterImpl.java:lambda$waitForClusterToBeReady$0(230)) - Waiting for nodes to be ready. Got 2 of 3 DN Heartbeats.
2021-07-23 00:57:47,000 [Listener at 127.0.0.1/34417] INFO  ozone.MiniOzoneClusterImpl (MiniOzoneClusterImpl.java:lambda$waitForClusterToBeReady$0(233)) - Cluster exits safe mode
2021-07-23 00:57:47,000 [Listener at 127.0.0.1/34417] INFO  ozone.MiniOzoneClusterImpl (MiniOzoneClusterImpl.java:lambda$waitForClusterToBeReady$0(235)) - SCM became leader
2021-07-23 00:57:47,009 [EndpointStateMachine task thread for /0.0.0.0:37119 - 0 ] INFO  ozoneimpl.OzoneContainer (OzoneContainer.java:start(305)) - Attempting to start container services.
2021-07-23 00:57:47,009 [EndpointStateMachine task thread for /0.0.0.0:37119 - 0 ] INFO  ozoneimpl.OzoneContainer (OzoneContainer.java:startContainerScrub(250)) - Background container scanner has been disabled.
2021-07-23 00:57:47,010 [SCMBlockDeletingService#0] DEBUG block.SCMBlockDeletingService (SCMBlockDeletingService.java:call(131)) - Running DeletedBlockTransactionScanner
2021-07-23 00:57:47,015 [EndpointStateMachine task thread for /0.0.0.0:37119 - 0 ] INFO  replication.ReplicationServer (ReplicationServer.java:start(106)) - ReplicationServer is started using port 34239
2021-07-23 00:57:47,017 [EndpointStateMachine task thread for /0.0.0.0:37119 - 0 ] INFO  ratis.XceiverServerRatis (XceiverServerRatis.java:start(478)) - Starting XceiverServerRatis dd0a5bb7-4770-4f66-9d90-0fb3dd50f458
2021-07-23 00:57:47,018 [EndpointStateMachine task thread for /0.0.0.0:37119 - 0 ] INFO  server.RaftServer$Division (RaftServerImpl.java:start(296)) - dd0a5bb7-4770-4f66-9d90-0fb3dd50f458@group-F00FDE780096: start as a follower, conf=0: [dd0a5bb7-4770-4f66-9d90-0fb3dd50f458|rpc:10.1.0.23:42569|dataStream:|priority:1, c0918ed1-71ae-4b85-9b7a-7a5f0f49a9a3|rpc:10.1.0.23:35867|dataStream:|priority:0, a10aadcf-1631-4a33-847f-9d04cfd12be0|rpc:10.1.0.23:45765|dataStream:|priority:0], old=null
2021-07-23 00:57:47,018 [EndpointStateMachine task thread for /0.0.0.0:37119 - 0 ] INFO  server.RaftServer$Division (RaftServerImpl.java:setRole(285)) - dd0a5bb7-4770-4f66-9d90-0fb3dd50f458@group-F00FDE780096: changes role from      null to FOLLOWER at term 1 for startAsFollower
2021-07-23 00:57:47,018 [EndpointStateMachine task thread for /0.0.0.0:37119 - 0 ] INFO  impl.RoleInfo (RoleInfo.java:updateAndGet(130)) - dd0a5bb7-4770-4f66-9d90-0fb3dd50f458: start dd0a5bb7-4770-4f66-9d90-0fb3dd50f458@group-F00FDE780096-FollowerState
2021-07-23 00:57:47,018 [EndpointStateMachine task thread for /0.0.0.0:37119 - 0 ] INFO  util.JmxRegister (JmxRegister.java:tryRegister(44)) - Successfully registered JMX Bean with object name Ratis:service=RaftServer,group=group-F00FDE780096,id=dd0a5bb7-4770-4f66-9d90-0fb3dd50f458
2021-07-23 00:57:47,020 [EndpointStateMachine task thread for /0.0.0.0:37119 - 0 ] INFO  server.RaftServer (RaftServerProxy.java:lambda$start$5(374)) - dd0a5bb7-4770-4f66-9d90-0fb3dd50f458: start RPC server
2021-07-23 00:57:47,023 [EndpointStateMachine task thread for /0.0.0.0:37119 - 0 ] INFO  server.GrpcService (GrpcService.java:startImpl(253)) - dd0a5bb7-4770-4f66-9d90-0fb3dd50f458: GrpcService started, listening on 42569
2021-07-23 00:57:47,023 [EndpointStateMachine task thread for /0.0.0.0:37119 - 0 ] INFO  ratis.XceiverServerRatis (XceiverServerRatis.java:getRealPort(499)) - XceiverServerRatis dd0a5bb7-4770-4f66-9d90-0fb3dd50f458 is started using port 42569 for RATIS
2021-07-23 00:57:47,023 [EndpointStateMachine task thread for /0.0.0.0:37119 - 0 ] INFO  ratis.XceiverServerRatis (XceiverServerRatis.java:getRealPort(499)) - XceiverServerRatis dd0a5bb7-4770-4f66-9d90-0fb3dd50f458 is started using port 42569 for RATIS_ADMIN
2021-07-23 00:57:47,023 [EndpointStateMachine task thread for /0.0.0.0:37119 - 0 ] INFO  ratis.XceiverServerRatis (XceiverServerRatis.java:getRealPort(499)) - XceiverServerRatis dd0a5bb7-4770-4f66-9d90-0fb3dd50f458 is started using port 42569 for RATIS_SERVER
2021-07-23 00:57:47,028 [org.apache.ratis.util.JvmPauseMonitor$$Lambda$526/1160298887@6134ebb4] INFO  util.JvmPauseMonitor (JvmPauseMonitor.java:run(103)) - JvmPauseMonitor-dd0a5bb7-4770-4f66-9d90-0fb3dd50f458: Started
2021-07-23 00:57:47,110 [SCMBlockDeletingService#0] DEBUG block.SCMBlockDeletingService (SCMBlockDeletingService.java:call(131)) - Running DeletedBlockTransactionScanner
2021-07-23 00:57:47,210 [SCMBlockDeletingService#0] DEBUG block.SCMBlockDeletingService (SCMBlockDeletingService.java:call(131)) - Running DeletedBlockTransactionScanner
2021-07-23 00:57:47,311 [SCMBlockDeletingService#0] DEBUG block.SCMBlockDeletingService (SCMBlockDeletingService.java:call(131)) - Running DeletedBlockTransactionScanner
2021-07-23 00:57:47,411 [SCMBlockDeletingService#0] DEBUG block.SCMBlockDeletingService (SCMBlockDeletingService.java:call(131)) - Running DeletedBlockTransactionScanner
2021-07-23 00:57:47,511 [SCMBlockDeletingService#0] DEBUG block.SCMBlockDeletingService (SCMBlockDeletingService.java:call(131)) - Running DeletedBlockTransactionScanner
2021-07-23 00:57:47,611 [SCMBlockDeletingService#0] DEBUG block.SCMBlockDeletingService (SCMBlockDeletingService.java:call(131)) - Running DeletedBlockTransactionScanner
2021-07-23 00:57:47,711 [SCMBlockDeletingService#0] DEBUG block.SCMBlockDeletingService (SCMBlockDeletingService.java:call(131)) - Running DeletedBlockTransactionScanner
2021-07-23 00:57:47,811 [SCMBlockDeletingService#0] DEBUG block.SCMBlockDeletingService (SCMBlockDeletingService.java:call(131)) - Running DeletedBlockTransactionScanner
2021-07-23 00:57:47,911 [SCMBlockDeletingService#0] DEBUG block.SCMBlockDeletingService (SCMBlockDeletingService.java:call(131)) - Running DeletedBlockTransactionScanner
2021-07-23 00:57:48,001 [Listener at 127.0.0.1/34417] INFO  ozone.MiniOzoneClusterImpl (MiniOzoneClusterImpl.java:lambda$waitForClusterToBeReady$0(230)) - Waiting for nodes to be ready. Got 2 of 3 DN Heartbeats.
2021-07-23 00:57:48,001 [Listener at 127.0.0.1/34417] INFO  ozone.MiniOzoneClusterImpl (MiniOzoneClusterImpl.java:lambda$waitForClusterToBeReady$0(233)) - Cluster exits safe mode
2021-07-23 00:57:48,001 [Listener at 127.0.0.1/34417] INFO  ozone.MiniOzoneClusterImpl (MiniOzoneClusterImpl.java:lambda$waitForClusterToBeReady$0(235)) - SCM became leader
2021-07-23 00:57:48,012 [SCMBlockDeletingService#0] DEBUG block.SCMBlockDeletingService (SCMBlockDeletingService.java:call(131)) - Running DeletedBlockTransactionScanner
2021-07-23 00:57:48,112 [SCMBlockDeletingService#0] DEBUG block.SCMBlockDeletingService (SCMBlockDeletingService.java:call(131)) - Running DeletedBlockTransactionScanner
2021-07-23 00:57:48,212 [SCMBlockDeletingService#0] DEBUG block.SCMBlockDeletingService (SCMBlockDeletingService.java:call(131)) - Running DeletedBlockTransactionScanner
2021-07-23 00:57:48,312 [SCMBlockDeletingService#0] DEBUG block.SCMBlockDeletingService (SCMBlockDeletingService.java:call(131)) - Running DeletedBlockTransactionScanner
2021-07-23 00:57:48,412 [SCMBlockDeletingService#0] DEBUG block.SCMBlockDeletingService (SCMBlockDeletingService.java:call(131)) - Running DeletedBlockTransactionScanner
2021-07-23 00:57:48,512 [SCMBlockDeletingService#0] DEBUG block.SCMBlockDeletingService (SCMBlockDeletingService.java:call(131)) - Running DeletedBlockTransactionScanner
2021-07-23 00:57:48,613 [SCMBlockDeletingService#0] DEBUG block.SCMBlockDeletingService (SCMBlockDeletingService.java:call(131)) - Running DeletedBlockTransactionScanner
2021-07-23 00:57:48,713 [SCMBlockDeletingService#0] DEBUG block.SCMBlockDeletingService (SCMBlockDeletingService.java:call(131)) - Running DeletedBlockTransactionScanner
2021-07-23 00:57:48,813 [SCMBlockDeletingService#0] DEBUG block.SCMBlockDeletingService (SCMBlockDeletingService.java:call(131)) - Running DeletedBlockTransactionScanner
2021-07-23 00:57:48,913 [SCMBlockDeletingService#0] DEBUG block.SCMBlockDeletingService (SCMBlockDeletingService.java:call(131)) - Running DeletedBlockTransactionScanner
2021-07-23 00:57:49,001 [Listener at 127.0.0.1/34417] INFO  ozone.MiniOzoneClusterImpl (MiniOzoneClusterImpl.java:lambda$waitForClusterToBeReady$0(230)) - Waiting for nodes to be ready. Got 2 of 3 DN Heartbeats.
2021-07-23 00:57:49,002 [Listener at 127.0.0.1/34417] INFO  ozone.MiniOzoneClusterImpl (MiniOzoneClusterImpl.java:lambda$waitForClusterToBeReady$0(233)) - Cluster exits safe mode
2021-07-23 00:57:49,002 [Listener at 127.0.0.1/34417] INFO  ozone.MiniOzoneClusterImpl (MiniOzoneClusterImpl.java:lambda$waitForClusterToBeReady$0(235)) - SCM became leader
2021-07-23 00:57:49,013 [SCMBlockDeletingService#0] DEBUG block.SCMBlockDeletingService (SCMBlockDeletingService.java:call(131)) - Running DeletedBlockTransactionScanner
2021-07-23 00:57:49,113 [SCMBlockDeletingService#0] DEBUG block.SCMBlockDeletingService (SCMBlockDeletingService.java:call(131)) - Running DeletedBlockTransactionScanner
2021-07-23 00:57:49,214 [SCMBlockDeletingService#0] DEBUG block.SCMBlockDeletingService (SCMBlockDeletingService.java:call(131)) - Running DeletedBlockTransactionScanner
2021-07-23 00:57:49,314 [SCMBlockDeletingService#0] DEBUG block.SCMBlockDeletingService (SCMBlockDeletingService.java:call(131)) - Running DeletedBlockTransactionScanner
2021-07-23 00:57:49,414 [SCMBlockDeletingService#0] DEBUG block.SCMBlockDeletingService (SCMBlockDeletingService.java:call(131)) - Running DeletedBlockTransactionScanner
2021-07-23 00:57:49,514 [SCMBlockDeletingService#0] DEBUG block.SCMBlockDeletingService (SCMBlockDeletingService.java:call(131)) - Running DeletedBlockTransactionScanner
2021-07-23 00:57:49,614 [SCMBlockDeletingService#0] DEBUG block.SCMBlockDeletingService (SCMBlockDeletingService.java:call(131)) - Running DeletedBlockTransactionScanner
2021-07-23 00:57:49,715 [SCMBlockDeletingService#0] DEBUG block.SCMBlockDeletingService (SCMBlockDeletingService.java:call(131)) - Running DeletedBlockTransactionScanner
2021-07-23 00:57:49,815 [SCMBlockDeletingService#0] DEBUG block.SCMBlockDeletingService (SCMBlockDeletingService.java:call(131)) - Running DeletedBlockTransactionScanner
2021-07-23 00:57:49,915 [SCMBlockDeletingService#0] DEBUG block.SCMBlockDeletingService (SCMBlockDeletingService.java:call(131)) - Running DeletedBlockTransactionScanner
2021-07-23 00:57:50,002 [Listener at 127.0.0.1/34417] INFO  ozone.MiniOzoneClusterImpl (MiniOzoneClusterImpl.java:lambda$waitForClusterToBeReady$0(230)) - Waiting for nodes to be ready. Got 2 of 3 DN Heartbeats.
2021-07-23 00:57:50,002 [Listener at 127.0.0.1/34417] INFO  ozone.MiniOzoneClusterImpl (MiniOzoneClusterImpl.java:lambda$waitForClusterToBeReady$0(233)) - Cluster exits safe mode
2021-07-23 00:57:50,002 [Listener at 127.0.0.1/34417] INFO  ozone.MiniOzoneClusterImpl (MiniOzoneClusterImpl.java:lambda$waitForClusterToBeReady$0(235)) - SCM became leader
2021-07-23 00:57:50,015 [SCMBlockDeletingService#0] DEBUG block.SCMBlockDeletingService (SCMBlockDeletingService.java:call(131)) - Running DeletedBlockTransactionScanner
2021-07-23 00:57:50,115 [SCMBlockDeletingService#0] DEBUG block.SCMBlockDeletingService (SCMBlockDeletingService.java:call(131)) - Running DeletedBlockTransactionScanner
2021-07-23 00:57:50,215 [SCMBlockDeletingService#0] DEBUG block.SCMBlockDeletingService (SCMBlockDeletingService.java:call(131)) - Running DeletedBlockTransactionScanner
2021-07-23 00:57:50,315 [SCMBlockDeletingService#0] DEBUG block.SCMBlockDeletingService (SCMBlockDeletingService.java:call(131)) - Running DeletedBlockTransactionScanner
2021-07-23 00:57:50,416 [SCMBlockDeletingService#0] DEBUG block.SCMBlockDeletingService (SCMBlockDeletingService.java:call(131)) - Running DeletedBlockTransactionScanner
2021-07-23 00:57:50,516 [SCMBlockDeletingService#0] DEBUG block.SCMBlockDeletingService (SCMBlockDeletingService.java:call(131)) - Running DeletedBlockTransactionScanner
2021-07-23 00:57:50,616 [SCMBlockDeletingService#0] DEBUG block.SCMBlockDeletingService (SCMBlockDeletingService.java:call(131)) - Running DeletedBlockTransactionScanner
2021-07-23 00:57:50,716 [SCMBlockDeletingService#0] DEBUG block.SCMBlockDeletingService (SCMBlockDeletingService.java:call(131)) - Running DeletedBlockTransactionScanner
2021-07-23 00:57:50,816 [SCMBlockDeletingService#0] DEBUG block.SCMBlockDeletingService (SCMBlockDeletingService.java:call(131)) - Running DeletedBlockTransactionScanner
2021-07-23 00:57:50,878 [c0918ed1-71ae-4b85-9b7a-7a5f0f49a9a3@group-F00FDE780096-FollowerState] INFO  impl.FollowerState (FollowerState.java:run(134)) - c0918ed1-71ae-4b85-9b7a-7a5f0f49a9a3@group-F00FDE780096-FollowerState: change to CANDIDATE, lastRpcElapsedTime:7071818930ns, electionTimeout:5019ms
2021-07-23 00:57:50,878 [c0918ed1-71ae-4b85-9b7a-7a5f0f49a9a3@group-F00FDE780096-FollowerState] INFO  impl.RoleInfo (RoleInfo.java:shutdownFollowerState(108)) - c0918ed1-71ae-4b85-9b7a-7a5f0f49a9a3: shutdown c0918ed1-71ae-4b85-9b7a-7a5f0f49a9a3@group-F00FDE780096-FollowerState
2021-07-23 00:57:50,878 [c0918ed1-71ae-4b85-9b7a-7a5f0f49a9a3@group-F00FDE780096-FollowerState] INFO  server.RaftServer$Division (RaftServerImpl.java:setRole(285)) - c0918ed1-71ae-4b85-9b7a-7a5f0f49a9a3@group-F00FDE780096: changes role from  FOLLOWER to CANDIDATE at term 1 for changeToCandidate
2021-07-23 00:57:50,878 [c0918ed1-71ae-4b85-9b7a-7a5f0f49a9a3@group-F00FDE780096-FollowerState] INFO  server.RaftServerConfigKeys (ConfUtils.java:logGet(44)) - raft.server.leaderelection.pre-vote = false (custom)
2021-07-23 00:57:50,878 [c0918ed1-71ae-4b85-9b7a-7a5f0f49a9a3@group-F00FDE780096-FollowerState] INFO  impl.RoleInfo (RoleInfo.java:updateAndGet(130)) - c0918ed1-71ae-4b85-9b7a-7a5f0f49a9a3: start c0918ed1-71ae-4b85-9b7a-7a5f0f49a9a3@group-F00FDE780096-LeaderElection3
2021-07-23 00:57:50,879 [c0918ed1-71ae-4b85-9b7a-7a5f0f49a9a3@group-F00FDE780096-LeaderElection3] INFO  server.RaftServer$Division (ServerState.java:setLeader(285)) - c0918ed1-71ae-4b85-9b7a-7a5f0f49a9a3@group-F00FDE780096: change Leader from dd0a5bb7-4770-4f66-9d90-0fb3dd50f458 to null at term 1 for ELECTION
2021-07-23 00:57:50,881 [c0918ed1-71ae-4b85-9b7a-7a5f0f49a9a3@group-F00FDE780096-LeaderElection3] INFO  impl.LeaderElection (LeaderElection.java:askForVotes(306)) - c0918ed1-71ae-4b85-9b7a-7a5f0f49a9a3@group-F00FDE780096-LeaderElection3 ELECTION round 0: submit vote requests at term 2 for 0: [dd0a5bb7-4770-4f66-9d90-0fb3dd50f458|rpc:10.1.0.23:42569|dataStream:|priority:1, c0918ed1-71ae-4b85-9b7a-7a5f0f49a9a3|rpc:10.1.0.23:35867|dataStream:|priority:0, a10aadcf-1631-4a33-847f-9d04cfd12be0|rpc:10.1.0.23:45765|dataStream:|priority:0], old=null
2021-07-23 00:57:50,895 [grpc-default-executor-0] INFO  server.RaftServer$Division (RaftServerImpl.java:requestVote(1043)) - dd0a5bb7-4770-4f66-9d90-0fb3dd50f458@group-F00FDE780096: receive requestVote(ELECTION, c0918ed1-71ae-4b85-9b7a-7a5f0f49a9a3, group-F00FDE780096, 2, (t:1, i:14))
2021-07-23 00:57:50,895 [grpc-default-executor-0] INFO  impl.VoteContext (VoteContext.java:log(48)) - dd0a5bb7-4770-4f66-9d90-0fb3dd50f458@group-F00FDE780096-FOLLOWER: reject ELECTION from c0918ed1-71ae-4b85-9b7a-7a5f0f49a9a3: our priority 1 > candidate's priority 0
2021-07-23 00:57:50,895 [grpc-default-executor-0] INFO  server.RaftServer$Division (RaftServerImpl.java:setRole(285)) - dd0a5bb7-4770-4f66-9d90-0fb3dd50f458@group-F00FDE780096: changes role from  FOLLOWER to FOLLOWER at term 2 for candidate:c0918ed1-71ae-4b85-9b7a-7a5f0f49a9a3
2021-07-23 00:57:50,895 [grpc-default-executor-0] INFO  impl.RoleInfo (RoleInfo.java:shutdownFollowerState(108)) - dd0a5bb7-4770-4f66-9d90-0fb3dd50f458: shutdown dd0a5bb7-4770-4f66-9d90-0fb3dd50f458@group-F00FDE780096-FollowerState
2021-07-23 00:57:50,895 [grpc-default-executor-0] INFO  impl.RoleInfo (RoleInfo.java:updateAndGet(130)) - dd0a5bb7-4770-4f66-9d90-0fb3dd50f458: start dd0a5bb7-4770-4f66-9d90-0fb3dd50f458@group-F00FDE780096-FollowerState
2021-07-23 00:57:50,895 [dd0a5bb7-4770-4f66-9d90-0fb3dd50f458@group-F00FDE780096-FollowerState] INFO  impl.FollowerState (FollowerState.java:run(143)) - dd0a5bb7-4770-4f66-9d90-0fb3dd50f458@group-F00FDE780096-FollowerState was interrupted: {}
java.lang.InterruptedException: sleep interrupted
	at java.lang.Thread.sleep(Native Method)
	at java.lang.Thread.sleep(Thread.java:340)
	at java.util.concurrent.TimeUnit.sleep(TimeUnit.java:386)
	at org.apache.ratis.util.TimeDuration.sleep(TimeDuration.java:324)
	at org.apache.ratis.util.TimeDuration.sleep(TimeDuration.java:309)
	at org.apache.ratis.server.impl.FollowerState.run(FollowerState.java:118)
2021-07-23 00:57:50,899 [grpc-default-executor-2] INFO  server.RaftServer$Division (RaftServerImpl.java:requestVote(1043)) - a10aadcf-1631-4a33-847f-9d04cfd12be0@group-F00FDE780096: receive requestVote(ELECTION, c0918ed1-71ae-4b85-9b7a-7a5f0f49a9a3, group-F00FDE780096, 2, (t:1, i:14))
2021-07-23 00:57:50,899 [grpc-default-executor-2] INFO  impl.VoteContext (VoteContext.java:log(48)) - a10aadcf-1631-4a33-847f-9d04cfd12be0@group-F00FDE780096-FOLLOWER: accept ELECTION from c0918ed1-71ae-4b85-9b7a-7a5f0f49a9a3: our priority 0 <= candidate's priority 0
2021-07-23 00:57:50,899 [grpc-default-executor-2] INFO  server.RaftServer$Division (ServerState.java:setLeader(285)) - a10aadcf-1631-4a33-847f-9d04cfd12be0@group-F00FDE780096: change Leader from dd0a5bb7-4770-4f66-9d90-0fb3dd50f458 to null at term 2 for updateCurrentTerm
2021-07-23 00:57:50,899 [grpc-default-executor-2] INFO  server.RaftServer$Division (RaftServerImpl.java:setRole(285)) - a10aadcf-1631-4a33-847f-9d04cfd12be0@group-F00FDE780096: changes role from  FOLLOWER to FOLLOWER at term 2 for candidate:c0918ed1-71ae-4b85-9b7a-7a5f0f49a9a3
2021-07-23 00:57:50,899 [grpc-default-executor-2] INFO  impl.RoleInfo (RoleInfo.java:shutdownFollowerState(108)) - a10aadcf-1631-4a33-847f-9d04cfd12be0: shutdown a10aadcf-1631-4a33-847f-9d04cfd12be0@group-F00FDE780096-FollowerState
2021-07-23 00:57:50,899 [grpc-default-executor-2] INFO  impl.RoleInfo (RoleInfo.java:updateAndGet(130)) - a10aadcf-1631-4a33-847f-9d04cfd12be0: start a10aadcf-1631-4a33-847f-9d04cfd12be0@group-F00FDE780096-FollowerState
2021-07-23 00:57:50,899 [a10aadcf-1631-4a33-847f-9d04cfd12be0@group-F00FDE780096-FollowerState] INFO  impl.FollowerState (FollowerState.java:run(143)) - a10aadcf-1631-4a33-847f-9d04cfd12be0@group-F00FDE780096-FollowerState was interrupted: {}
java.lang.InterruptedException: sleep interrupted
	at java.lang.Thread.sleep(Native Method)
	at java.lang.Thread.sleep(Thread.java:340)
	at java.util.concurrent.TimeUnit.sleep(TimeUnit.java:386)
	at org.apache.ratis.util.TimeDuration.sleep(TimeDuration.java:324)
	at org.apache.ratis.util.TimeDuration.sleep(TimeDuration.java:309)
	at org.apache.ratis.server.impl.FollowerState.run(FollowerState.java:118)
2021-07-23 00:57:50,911 [grpc-default-executor-2] INFO  server.RaftServer$Division (RaftServerImpl.java:requestVote(1075)) - a10aadcf-1631-4a33-847f-9d04cfd12be0@group-F00FDE780096 replies to ELECTION vote request: c0918ed1-71ae-4b85-9b7a-7a5f0f49a9a3<-a10aadcf-1631-4a33-847f-9d04cfd12be0#0:OK-t2. Peer's state: a10aadcf-1631-4a33-847f-9d04cfd12be0@group-F00FDE780096:t2, leader=null, voted=c0918ed1-71ae-4b85-9b7a-7a5f0f49a9a3, raftlog=a10aadcf-1631-4a33-847f-9d04cfd12be0@group-F00FDE780096-SegmentedRaftLog:OPENED:c14,f14,i14, conf=0: [dd0a5bb7-4770-4f66-9d90-0fb3dd50f458|rpc:10.1.0.23:42569|dataStream:|priority:1, c0918ed1-71ae-4b85-9b7a-7a5f0f49a9a3|rpc:10.1.0.23:35867|dataStream:|priority:0, a10aadcf-1631-4a33-847f-9d04cfd12be0|rpc:10.1.0.23:45765|dataStream:|priority:0], old=null
2021-07-23 00:57:50,911 [grpc-default-executor-0] INFO  server.RaftServer$Division (RaftServerImpl.java:requestVote(1075)) - dd0a5bb7-4770-4f66-9d90-0fb3dd50f458@group-F00FDE780096 replies to ELECTION vote request: c0918ed1-71ae-4b85-9b7a-7a5f0f49a9a3<-dd0a5bb7-4770-4f66-9d90-0fb3dd50f458#0:FAIL-t2. Peer's state: dd0a5bb7-4770-4f66-9d90-0fb3dd50f458@group-F00FDE780096:t2, leader=null, voted=null, raftlog=dd0a5bb7-4770-4f66-9d90-0fb3dd50f458@group-F00FDE780096-SegmentedRaftLog:OPENED:c14,f14,i14, conf=0: [dd0a5bb7-4770-4f66-9d90-0fb3dd50f458|rpc:10.1.0.23:42569|dataStream:|priority:1, c0918ed1-71ae-4b85-9b7a-7a5f0f49a9a3|rpc:10.1.0.23:35867|dataStream:|priority:0, a10aadcf-1631-4a33-847f-9d04cfd12be0|rpc:10.1.0.23:45765|dataStream:|priority:0], old=null
2021-07-23 00:57:50,915 [c0918ed1-71ae-4b85-9b7a-7a5f0f49a9a3@group-F00FDE780096-LeaderElection3] INFO  impl.LeaderElection (LeaderElection.java:logAndReturn(89)) - c0918ed1-71ae-4b85-9b7a-7a5f0f49a9a3@group-F00FDE780096-LeaderElection3: ELECTION REJECTED received 2 response(s) and 0 exception(s):
2021-07-23 00:57:50,915 [c0918ed1-71ae-4b85-9b7a-7a5f0f49a9a3@group-F00FDE780096-LeaderElection3] INFO  impl.LeaderElection (LeaderElection.java:logAndReturn(93)) -   Response 0: c0918ed1-71ae-4b85-9b7a-7a5f0f49a9a3<-dd0a5bb7-4770-4f66-9d90-0fb3dd50f458#0:FAIL-t2
2021-07-23 00:57:50,915 [c0918ed1-71ae-4b85-9b7a-7a5f0f49a9a3@group-F00FDE780096-LeaderElection3] INFO  impl.LeaderElection (LeaderElection.java:logAndReturn(93)) -   Response 1: c0918ed1-71ae-4b85-9b7a-7a5f0f49a9a3<-a10aadcf-1631-4a33-847f-9d04cfd12be0#0:OK-t2
2021-07-23 00:57:50,916 [c0918ed1-71ae-4b85-9b7a-7a5f0f49a9a3@group-F00FDE780096-LeaderElection3] INFO  impl.LeaderElection (LeaderElection.java:askForVotes(308)) - c0918ed1-71ae-4b85-9b7a-7a5f0f49a9a3@group-F00FDE780096-LeaderElection3 ELECTION round 0: result REJECTED
2021-07-23 00:57:50,916 [c0918ed1-71ae-4b85-9b7a-7a5f0f49a9a3@group-F00FDE780096-LeaderElection3] INFO  server.RaftServer$Division (RaftServerImpl.java:setRole(285)) - c0918ed1-71ae-4b85-9b7a-7a5f0f49a9a3@group-F00FDE780096: changes role from CANDIDATE to FOLLOWER at term 2 for REJECTED
2021-07-23 00:57:50,916 [c0918ed1-71ae-4b85-9b7a-7a5f0f49a9a3@group-F00FDE780096-LeaderElection3] INFO  impl.RoleInfo (RoleInfo.java:shutdownLeaderElection(121)) - c0918ed1-71ae-4b85-9b7a-7a5f0f49a9a3: shutdown c0918ed1-71ae-4b85-9b7a-7a5f0f49a9a3@group-F00FDE780096-LeaderElection3
2021-07-23 00:57:50,916 [c0918ed1-71ae-4b85-9b7a-7a5f0f49a9a3@group-F00FDE780096-LeaderElection3] INFO  impl.RoleInfo (RoleInfo.java:updateAndGet(130)) - c0918ed1-71ae-4b85-9b7a-7a5f0f49a9a3: start c0918ed1-71ae-4b85-9b7a-7a5f0f49a9a3@group-F00FDE780096-FollowerState
2021-07-23 00:57:50,919 [SCMBlockDeletingService#0] DEBUG block.SCMBlockDeletingService (SCMBlockDeletingService.java:call(131)) - Running DeletedBlockTransactionScanner
2021-07-23 00:57:51,003 [Listener at 127.0.0.1/34417] INFO  ozone.MiniOzoneClusterImpl (MiniOzoneClusterImpl.java:lambda$waitForClusterToBeReady$0(230)) - Waiting for nodes to be ready. Got 2 of 3 DN Heartbeats.
2021-07-23 00:57:51,003 [Listener at 127.0.0.1/34417] INFO  ozone.MiniOzoneClusterImpl (MiniOzoneClusterImpl.java:lambda$waitForClusterToBeReady$0(233)) - Cluster exits safe mode
2021-07-23 00:57:51,003 [Listener at 127.0.0.1/34417] INFO  ozone.MiniOzoneClusterImpl (MiniOzoneClusterImpl.java:lambda$waitForClusterToBeReady$0(235)) - SCM became leader
2021-07-23 00:57:51,019 [SCMBlockDeletingService#0] DEBUG block.SCMBlockDeletingService (SCMBlockDeletingService.java:call(131)) - Running DeletedBlockTransactionScanner
2021-07-23 00:57:51,021 [EventQueue-HealthyReadonlyNodeForHealthyReadOnlyNodeHandler] INFO  node.HealthyReadOnlyNodeHandler (HealthyReadOnlyNodeHandler.java:onMessage(56)) - Datanode dd0a5bb7-4770-4f66-9d90-0fb3dd50f458{ip: 10.1.0.23, host: fv-az184-788.3ow45vhwbzuu5incsxmygykede.cx.internal.cloudapp.net, ports: [REPLICATION=40591, RATIS=42569, RATIS_ADMIN=42569, RATIS_SERVER=42569, STANDALONE=34461], networkLocation: /default-rack, certSerialId: null, persistedOpState: IN_SERVICE, persistedOpStateExpiryEpochSec: 0} moved to HEALTHY READONLY state.
2021-07-23 00:57:51,022 [EventQueue-HealthyReadonlyNodeForHealthyReadOnlyNodeHandler] INFO  node.HealthyReadOnlyNodeHandler (HealthyReadOnlyNodeHandler.java:onMessage(60)) - Closing pipeline PipelineID=c7fbcee6-1ac8-4bb1-8b7a-f00fde780096 which uses HEALTHY READONLY datanode dd0a5bb7-4770-4f66-9d90-0fb3dd50f458{ip: 10.1.0.23, host: fv-az184-788.3ow45vhwbzuu5incsxmygykede.cx.internal.cloudapp.net, ports: [REPLICATION=40591, RATIS=42569, RATIS_ADMIN=42569, RATIS_SERVER=42569, STANDALONE=34461], networkLocation: /default-rack, certSerialId: null, persistedOpState: IN_SERVICE, persistedOpStateExpiryEpochSec: 0} 
2021-07-23 00:57:51,022 [EventQueue-HealthyReadonlyNodeForHealthyReadOnlyNodeHandler] INFO  pipeline.RatisPipelineProvider (RatisPipelineProvider.java:lambda$close$1(222)) - Send pipeline:PipelineID=c7fbcee6-1ac8-4bb1-8b7a-f00fde780096 close command to datanode dd0a5bb7-4770-4f66-9d90-0fb3dd50f458
2021-07-23 00:57:51,022 [EventQueue-HealthyReadonlyNodeForHealthyReadOnlyNodeHandler] INFO  pipeline.RatisPipelineProvider (RatisPipelineProvider.java:lambda$close$1(222)) - Send pipeline:PipelineID=c7fbcee6-1ac8-4bb1-8b7a-f00fde780096 close command to datanode a10aadcf-1631-4a33-847f-9d04cfd12be0
2021-07-23 00:57:51,023 [EventQueue-HealthyReadonlyNodeForHealthyReadOnlyNodeHandler] INFO  pipeline.RatisPipelineProvider (RatisPipelineProvider.java:lambda$close$1(222)) - Send pipeline:PipelineID=c7fbcee6-1ac8-4bb1-8b7a-f00fde780096 close command to datanode c0918ed1-71ae-4b85-9b7a-7a5f0f49a9a3
2021-07-23 00:57:51,023 [EventQueue-HealthyReadonlyNodeForHealthyReadOnlyNodeHandler] INFO  pipeline.PipelineStateManager (PipelineStateManagerV2Impl.java:removePipeline(211)) - Pipeline Pipeline[ Id: c7fbcee6-1ac8-4bb1-8b7a-f00fde780096, Nodes: dd0a5bb7-4770-4f66-9d90-0fb3dd50f458{ip: 10.1.0.23, host: fv-az184-788.3ow45vhwbzuu5incsxmygykede.cx.internal.cloudapp.net, ports: [REPLICATION=40591, RATIS=42569, RATIS_ADMIN=42569, RATIS_SERVER=42569, STANDALONE=34461], networkLocation: /default-rack, certSerialId: null, persistedOpState: IN_SERVICE, persistedOpStateExpiryEpochSec: 0}a10aadcf-1631-4a33-847f-9d04cfd12be0{ip: 10.1.0.23, host: fv-az184-788.3ow45vhwbzuu5incsxmygykede.cx.internal.cloudapp.net, ports: [REPLICATION=36119, RATIS=45765, RATIS_ADMIN=45765, RATIS_SERVER=45765, STANDALONE=33961], networkLocation: /default-rack, certSerialId: null, persistedOpState: IN_SERVICE, persistedOpStateExpiryEpochSec: 0}c0918ed1-71ae-4b85-9b7a-7a5f0f49a9a3{ip: 10.1.0.23, host: fv-az184-788.3ow45vhwbzuu5incsxmygykede.cx.internal.cloudapp.net, ports: [REPLICATION=37515, RATIS=35867, RATIS_ADMIN=35867, RATIS_SERVER=35867, STANDALONE=40823], networkLocation: /default-rack, certSerialId: null, persistedOpState: IN_SERVICE, persistedOpStateExpiryEpochSec: 0}, ReplicationConfig: RATIS/THREE, State:CLOSED, leaderId:dd0a5bb7-4770-4f66-9d90-0fb3dd50f458, CreationTimestamp2021-07-23T00:57:17.989Z[Etc/UTC]] removed.
2021-07-23 00:57:51,119 [SCMBlockDeletingService#0] DEBUG block.SCMBlockDeletingService (SCMBlockDeletingService.java:call(131)) - Running DeletedBlockTransactionScanner
2021-07-23 00:57:51,122 [EventQueue-HealthyReadonlyToHealthyNodeForReadOnlyHealthyToHealthyNodeHandler] INFO  node.ReadOnlyHealthyToHealthyNodeHandler (ReadOnlyHealthyToHealthyNodeHandler.java:onMessage(51)) - Datanode dd0a5bb7-4770-4f66-9d90-0fb3dd50f458{ip: 10.1.0.23, host: fv-az184-788.3ow45vhwbzuu5incsxmygykede.cx.internal.cloudapp.net, ports: [REPLICATION=40591, RATIS=42569, RATIS_ADMIN=42569, RATIS_SERVER=42569, STANDALONE=34461], networkLocation: /default-rack, certSerialId: null, persistedOpState: IN_SERVICE, persistedOpStateExpiryEpochSec: 0} moved to HEALTHY state.
2021-07-23 00:57:51,122 [EventQueue-HealthyReadonlyToHealthyNodeForReadOnlyHealthyToHealthyNodeHandler] INFO  pipeline.BackgroundPipelineCreator (BackgroundPipelineCreatorV2.java:notifyEventTriggered(285)) - trigger a one-shot run on RatisPipelineUtilsThread.
2021-07-23 00:57:51,123 [RatisPipelineUtilsThread - 0] INFO  pipeline.RatisPipelineProvider (RatisPipelineProvider.java:lambda$create$0(183)) - Sending CreatePipelineCommand for pipeline:PipelineID=5396f600-89aa-4f07-8e4f-3cd304aa30cd to datanode:dd0a5bb7-4770-4f66-9d90-0fb3dd50f458
2021-07-23 00:57:51,123 [RatisPipelineUtilsThread - 0] INFO  pipeline.RatisPipelineProvider (RatisPipelineProvider.java:lambda$create$0(183)) - Sending CreatePipelineCommand for pipeline:PipelineID=5396f600-89aa-4f07-8e4f-3cd304aa30cd to datanode:c0918ed1-71ae-4b85-9b7a-7a5f0f49a9a3
2021-07-23 00:57:51,123 [RatisPipelineUtilsThread - 0] INFO  pipeline.RatisPipelineProvider (RatisPipelineProvider.java:lambda$create$0(183)) - Sending CreatePipelineCommand for pipeline:PipelineID=5396f600-89aa-4f07-8e4f-3cd304aa30cd to datanode:a10aadcf-1631-4a33-847f-9d04cfd12be0
2021-07-23 00:57:51,124 [RatisPipelineUtilsThread - 0] INFO  pipeline.PipelineStateManager (PipelineStateManagerV2Impl.java:addPipeline(101)) - Created pipeline Pipeline[ Id: 5396f600-89aa-4f07-8e4f-3cd304aa30cd, Nodes: dd0a5bb7-4770-4f66-9d90-0fb3dd50f458{ip: 10.1.0.23, host: fv-az184-788.3ow45vhwbzuu5incsxmygykede.cx.internal.cloudapp.net, ports: [REPLICATION=40591, RATIS=42569, RATIS_ADMIN=42569, RATIS_SERVER=42569, STANDALONE=34461], networkLocation: /default-rack, certSerialId: null, persistedOpState: IN_SERVICE, persistedOpStateExpiryEpochSec: 0}c0918ed1-71ae-4b85-9b7a-7a5f0f49a9a3{ip: 10.1.0.23, host: fv-az184-788.3ow45vhwbzuu5incsxmygykede.cx.internal.cloudapp.net, ports: [REPLICATION=37515, RATIS=35867, RATIS_ADMIN=35867, RATIS_SERVER=35867, STANDALONE=40823], networkLocation: /default-rack, certSerialId: null, persistedOpState: IN_SERVICE, persistedOpStateExpiryEpochSec: 0}a10aadcf-1631-4a33-847f-9d04cfd12be0{ip: 10.1.0.23, host: fv-az184-788.3ow45vhwbzuu5incsxmygykede.cx.internal.cloudapp.net, ports: [REPLICATION=36119, RATIS=45765, RATIS_ADMIN=45765, RATIS_SERVER=45765, STANDALONE=33961], networkLocation: /default-rack, certSerialId: null, persistedOpState: IN_SERVICE, persistedOpStateExpiryEpochSec: 0}, ReplicationConfig: RATIS/THREE, State:ALLOCATED, leaderId:, CreationTimestamp2021-07-23T00:57:51.123Z[Etc/UTC]].
2021-07-23 00:57:51,219 [SCMBlockDeletingService#0] DEBUG block.SCMBlockDeletingService (SCMBlockDeletingService.java:call(131)) - Running DeletedBlockTransactionScanner
2021-07-23 00:57:51,319 [SCMBlockDeletingService#0] DEBUG block.SCMBlockDeletingService (SCMBlockDeletingService.java:call(131)) - Running DeletedBlockTransactionScanner
2021-07-23 00:57:51,419 [SCMBlockDeletingService#0] DEBUG block.SCMBlockDeletingService (SCMBlockDeletingService.java:call(131)) - Running DeletedBlockTransactionScanner
2021-07-23 00:57:51,433 [Command processor thread] INFO  server.RaftServer (RaftServerProxy.java:remove(106)) - a10aadcf-1631-4a33-847f-9d04cfd12be0: remove  FOLLOWER a10aadcf-1631-4a33-847f-9d04cfd12be0@group-F00FDE780096:t2, leader=null, voted=c0918ed1-71ae-4b85-9b7a-7a5f0f49a9a3, raftlog=a10aadcf-1631-4a33-847f-9d04cfd12be0@group-F00FDE780096-SegmentedRaftLog:OPENED:c14,f14,i14, conf=0: [dd0a5bb7-4770-4f66-9d90-0fb3dd50f458|rpc:10.1.0.23:42569|dataStream:|priority:1, c0918ed1-71ae-4b85-9b7a-7a5f0f49a9a3|rpc:10.1.0.23:35867|dataStream:|priority:0, a10aadcf-1631-4a33-847f-9d04cfd12be0|rpc:10.1.0.23:45765|dataStream:|priority:0], old=null RUNNING
2021-07-23 00:57:51,437 [Command processor thread] INFO  server.RaftServer$Division (RaftServerImpl.java:lambda$close$4(407)) - a10aadcf-1631-4a33-847f-9d04cfd12be0@group-F00FDE780096: shutdown
2021-07-23 00:57:51,438 [Command processor thread] INFO  util.JmxRegister (JmxRegister.java:unregister(73)) - Successfully un-registered JMX Bean with object name Ratis:service=RaftServer,group=group-F00FDE780096,id=a10aadcf-1631-4a33-847f-9d04cfd12be0
2021-07-23 00:57:51,438 [Command processor thread] INFO  impl.RoleInfo (RoleInfo.java:shutdownFollowerState(108)) - a10aadcf-1631-4a33-847f-9d04cfd12be0: shutdown a10aadcf-1631-4a33-847f-9d04cfd12be0@group-F00FDE780096-FollowerState
2021-07-23 00:57:51,438 [a10aadcf-1631-4a33-847f-9d04cfd12be0@group-F00FDE780096-FollowerState] INFO  impl.FollowerState (FollowerState.java:run(143)) - a10aadcf-1631-4a33-847f-9d04cfd12be0@group-F00FDE780096-FollowerState was interrupted: {}
java.lang.InterruptedException: sleep interrupted
	at java.lang.Thread.sleep(Native Method)
	at java.lang.Thread.sleep(Thread.java:340)
	at java.util.concurrent.TimeUnit.sleep(TimeUnit.java:386)
	at org.apache.ratis.util.TimeDuration.sleep(TimeDuration.java:324)
	at org.apache.ratis.util.TimeDuration.sleep(TimeDuration.java:309)
	at org.apache.ratis.server.impl.FollowerState.run(FollowerState.java:118)
2021-07-23 00:57:51,438 [a10aadcf-1631-4a33-847f-9d04cfd12be0@group-F00FDE780096-StateMachineUpdater] INFO  ratis.ContainerStateMachine (ContainerStateMachine.java:takeSnapshot(291)) - group-F00FDE780096: Taking a snapshot at:(t:1, i:14) file /home/runner/work/ozone/ozone/mnt/ozone/hadoop-ozone/integration-test/target/test-dir/MiniOzoneClusterImpl-8cc5c0ec-9048-4102-91ef-822c63deda73/datanode-1/data/ratis/c7fbcee6-1ac8-4bb1-8b7a-f00fde780096/sm/snapshot.1_14
2021-07-23 00:57:51,439 [Command processor thread] INFO  impl.StateMachineUpdater (StateMachineUpdater.java:stopAndJoin(149)) - a10aadcf-1631-4a33-847f-9d04cfd12be0@group-F00FDE780096-StateMachineUpdater: set stopIndex = 14
2021-07-23 00:57:51,440 [a10aadcf-1631-4a33-847f-9d04cfd12be0@group-F00FDE780096-StateMachineUpdater] INFO  ratis.ContainerStateMachine (ContainerStateMachine.java:takeSnapshot(302)) - group-F00FDE780096: Finished taking a snapshot at:(t:1, i:14) file:/home/runner/work/ozone/ozone/mnt/ozone/hadoop-ozone/integration-test/target/test-dir/MiniOzoneClusterImpl-8cc5c0ec-9048-4102-91ef-822c63deda73/datanode-1/data/ratis/c7fbcee6-1ac8-4bb1-8b7a-f00fde780096/sm/snapshot.1_14 took: 1 ms
2021-07-23 00:57:51,440 [a10aadcf-1631-4a33-847f-9d04cfd12be0@group-F00FDE780096-StateMachineUpdater] INFO  impl.StateMachineUpdater (StateMachineUpdater.java:takeSnapshot(281)) - a10aadcf-1631-4a33-847f-9d04cfd12be0@group-F00FDE780096-StateMachineUpdater: Took a snapshot at index 14
2021-07-23 00:57:51,440 [a10aadcf-1631-4a33-847f-9d04cfd12be0@group-F00FDE780096-StateMachineUpdater] INFO  impl.StateMachineUpdater (StateMachineUpdater.java:lambda$new$0(89)) - a10aadcf-1631-4a33-847f-9d04cfd12be0@group-F00FDE780096-StateMachineUpdater: snapshotIndex: updateIncreasingly -1 -> 14
2021-07-23 00:57:51,441 [Command processor thread] INFO  server.RaftServer$Division (ServerState.java:close(419)) - a10aadcf-1631-4a33-847f-9d04cfd12be0@group-F00FDE780096: closes. applyIndex: 14
2021-07-23 00:57:51,441 [a10aadcf-1631-4a33-847f-9d04cfd12be0@group-F00FDE780096-SegmentedRaftLogWorker] INFO  segmented.SegmentedRaftLogWorker (SegmentedRaftLogWorker.java:run(327)) - a10aadcf-1631-4a33-847f-9d04cfd12be0@group-F00FDE780096-SegmentedRaftLogWorker was interrupted, exiting. There are 0 tasks remaining in the queue.
2021-07-23 00:57:51,442 [Command processor thread] INFO  segmented.SegmentedRaftLogWorker (SegmentedRaftLogWorker.java:close(237)) - a10aadcf-1631-4a33-847f-9d04cfd12be0@group-F00FDE780096-SegmentedRaftLogWorker close()
2021-07-23 00:57:51,443 [Command processor thread] ERROR commandhandler.ClosePipelineCommandHandler (ClosePipelineCommandHandler.java:handle(78)) - Can't close pipeline PipelineID=c7fbcee6-1ac8-4bb1-8b7a-f00fde780096
java.io.IOException: java.lang.NullPointerException
	at org.apache.hadoop.ozone.container.common.transport.server.ratis.XceiverServerRatis.removeGroup(XceiverServerRatis.java:777)
	at org.apache.hadoop.ozone.container.common.statemachine.commandhandler.ClosePipelineCommandHandler.handle(ClosePipelineCommandHandler.java:74)
	at org.apache.hadoop.ozone.container.common.statemachine.commandhandler.CommandDispatcher.handle(CommandDispatcher.java:99)
	at org.apache.hadoop.ozone.container.common.statemachine.DatanodeStateMachine.lambda$initCommandHandlerThread$2(DatanodeStateMachine.java:551)
	at java.lang.Thread.run(Thread.java:748)
Caused by: java.io.IOException: java.lang.NullPointerException
	at org.apache.ratis.util.IOUtils.asIOException(IOUtils.java:56)
	at org.apache.ratis.server.impl.RaftServerImpl.waitForReply(RaftServerImpl.java:898)
	at org.apache.ratis.server.impl.RaftServerProxy.groupManagement(RaftServerProxy.java:440)
	at org.apache.hadoop.ozone.container.common.transport.server.ratis.XceiverServerRatis.removeGroup(XceiverServerRatis.java:775)
	... 4 more
Caused by: java.lang.NullPointerException
	at org.apache.hadoop.ozone.container.ozoneimpl.ContainerController.markContainerForClose(ContainerController.java:83)
	at org.apache.hadoop.ozone.container.common.transport.server.ratis.ContainerStateMachine.notifyGroupRemove(ContainerStateMachine.java:901)
	at org.apache.ratis.server.impl.RaftServerImpl.groupRemove(RaftServerImpl.java:372)
	at org.apache.ratis.server.impl.RaftServerProxy.lambda$groupRemoveAsync$14(RaftServerProxy.java:507)
	at java.util.concurrent.CompletableFuture.uniApply(CompletableFuture.java:616)
	at java.util.concurrent.CompletableFuture.uniApplyStage(CompletableFuture.java:628)
	at java.util.concurrent.CompletableFuture.thenApply(CompletableFuture.java:1996)
	at org.apache.ratis.server.impl.RaftServerProxy.groupRemoveAsync(RaftServerProxy.java:506)
	at org.apache.ratis.server.impl.RaftServerProxy.groupManagementAsync(RaftServerProxy.java:460)
	... 6 more
2021-07-23 00:57:51,443 [Command processor thread] INFO  server.RaftServer (RaftServerProxy.java:addNew(95)) - a10aadcf-1631-4a33-847f-9d04cfd12be0: addNew group-3CD304AA30CD:[dd0a5bb7-4770-4f66-9d90-0fb3dd50f458|rpc:10.1.0.23:42569|priority:1, c0918ed1-71ae-4b85-9b7a-7a5f0f49a9a3|rpc:10.1.0.23:35867|priority:0, a10aadcf-1631-4a33-847f-9d04cfd12be0|rpc:10.1.0.23:45765|priority:0] returns group-3CD304AA30CD:java.util.concurrent.CompletableFuture@4b2bb497[Not completed]
2021-07-23 00:57:51,444 [pool-72-thread-1] INFO  server.RaftServer$Division (RaftServerImpl.java:<init>(181)) - a10aadcf-1631-4a33-847f-9d04cfd12be0: new RaftServerImpl for group-3CD304AA30CD:[dd0a5bb7-4770-4f66-9d90-0fb3dd50f458|rpc:10.1.0.23:42569|priority:1, c0918ed1-71ae-4b85-9b7a-7a5f0f49a9a3|rpc:10.1.0.23:35867|priority:0, a10aadcf-1631-4a33-847f-9d04cfd12be0|rpc:10.1.0.23:45765|priority:0] with ContainerStateMachine:uninitialized
2021-07-23 00:57:51,444 [pool-72-thread-1] INFO  server.RaftServerConfigKeys (ConfUtils.java:logGet(44)) - raft.server.rpc.timeout.min = 5s (custom)
2021-07-23 00:57:51,444 [pool-72-thread-1] INFO  server.RaftServerConfigKeys (ConfUtils.java:logGet(44)) - raft.server.rpc.timeout.max = 5200ms (custom)
2021-07-23 00:57:51,444 [pool-72-thread-1] INFO  server.RaftServerConfigKeys (ConfUtils.java:logGet(44)) - raft.server.rpc.sleep.time = 25ms (default)
2021-07-23 00:57:51,444 [pool-72-thread-1] INFO  server.RaftServerConfigKeys (ConfUtils.java:logGet(44)) - raft.server.rpc.slowness.timeout = 300s (custom)
2021-07-23 00:57:51,444 [pool-72-thread-1] INFO  server.RaftServerConfigKeys (ConfUtils.java:logGet(44)) - raft.server.leaderelection.leader.step-down.wait-time = 10s (default)
2021-07-23 00:57:51,444 [pool-72-thread-1] INFO  server.RaftServerConfigKeys (ConfUtils.java:logGet(44)) - raft.server.sleep.deviation.threshold = 300ms (default)
2021-07-23 00:57:51,444 [pool-72-thread-1] INFO  server.RaftServerConfigKeys (ConfUtils.java:logGet(44)) - raft.server.log.appender.install.snapshot.enabled = false (custom)
2021-07-23 00:57:51,444 [pool-72-thread-1] INFO  server.RaftServer$Division (ServerState.java:<init>(105)) - a10aadcf-1631-4a33-847f-9d04cfd12be0@group-3CD304AA30CD: ConfigurationManager, init=-1: [dd0a5bb7-4770-4f66-9d90-0fb3dd50f458|rpc:10.1.0.23:42569|priority:1, c0918ed1-71ae-4b85-9b7a-7a5f0f49a9a3|rpc:10.1.0.23:35867|priority:0, a10aadcf-1631-4a33-847f-9d04cfd12be0|rpc:10.1.0.23:45765|priority:0], old=null, confs=<EMPTY_MAP>
2021-07-23 00:57:51,444 [pool-72-thread-1] INFO  server.RaftServerConfigKeys (ConfUtils.java:logGet(44)) - raft.server.storage.dir = [/home/runner/work/ozone/ozone/mnt/ozone/hadoop-ozone/integration-test/target/test-dir/MiniOzoneClusterImpl-8cc5c0ec-9048-4102-91ef-822c63deda73/datanode-1/data/ratis] (custom)
2021-07-23 00:57:51,445 [pool-72-thread-1] INFO  server.RaftServerConfigKeys (ConfUtils.java:logGet(44)) - raft.server.log.corruption.policy = EXCEPTION (default)
2021-07-23 00:57:51,445 [pool-72-thread-1] INFO  server.RaftServerConfigKeys (ConfUtils.java:logGet(44)) - raft.server.storage.free-space.min = 0MB (=0) (default)
2021-07-23 00:57:51,445 [pool-72-thread-1] INFO  storage.RaftStorageDirectory (RaftStorageDirectoryImpl.java:analyzeStorage(135)) - The storage directory /home/runner/work/ozone/ozone/mnt/ozone/hadoop-ozone/integration-test/target/test-dir/MiniOzoneClusterImpl-8cc5c0ec-9048-4102-91ef-822c63deda73/datanode-1/data/ratis/5396f600-89aa-4f07-8e4f-3cd304aa30cd does not exist. Creating ...
2021-07-23 00:57:51,446 [pool-72-thread-1] INFO  storage.RaftStorageDirectory (RaftStorageDirectoryImpl.java:tryLock(230)) - Lock on /home/runner/work/ozone/ozone/mnt/ozone/hadoop-ozone/integration-test/target/test-dir/MiniOzoneClusterImpl-8cc5c0ec-9048-4102-91ef-822c63deda73/datanode-1/data/ratis/5396f600-89aa-4f07-8e4f-3cd304aa30cd/in_use.lock acquired by nodename 8356@fv-az184-788
2021-07-23 00:57:51,448 [pool-72-thread-1] INFO  storage.RaftStorage (RaftStorageImpl.java:format(89)) - Storage directory /home/runner/work/ozone/ozone/mnt/ozone/hadoop-ozone/integration-test/target/test-dir/MiniOzoneClusterImpl-8cc5c0ec-9048-4102-91ef-822c63deda73/datanode-1/data/ratis/5396f600-89aa-4f07-8e4f-3cd304aa30cd has been successfully formatted.
2021-07-23 00:57:51,448 [pool-72-thread-1] INFO  ratis.ContainerStateMachine (ContainerStateMachine.java:loadSnapshot(223)) - group-3CD304AA30CD: The snapshot info is null. Setting the last applied indexto:(t:0, i:~)
2021-07-23 00:57:51,448 [Datanode State Machine Thread - 0] WARN  statemachine.StateContext (StateContext.java:execute(621)) - No available thread in pool for past 0 seconds.
2021-07-23 00:57:51,448 [pool-72-thread-1] INFO  server.RaftServerConfigKeys (ConfUtils.java:logGet(44)) - raft.server.notification.no-leader.timeout = 300s (custom)
2021-07-23 00:57:51,449 [pool-72-thread-1] INFO  server.RaftServerConfigKeys (ConfUtils.java:logGet(44)) - raft.server.log.use.memory = false (default)
2021-07-23 00:57:51,449 [pool-72-thread-1] INFO  server.RaftServerConfigKeys (ConfUtils.java:logGet(44)) - raft.server.log.purge.gap = 1000000 (custom)
2021-07-23 00:57:51,449 [pool-72-thread-1] INFO  server.RaftServerConfigKeys (ConfUtils.java:logGet(44)) - raft.server.log.appender.buffer.byte-limit = 33554432 (custom)
2021-07-23 00:57:51,450 [pool-72-thread-1] INFO  server.RaftServerConfigKeys (ConfUtils.java:logGet(44)) - raft.server.log.segment.size.max = 1048576 (custom)
2021-07-23 00:57:51,450 [pool-72-thread-1] INFO  server.RaftServerConfigKeys (ConfUtils.java:logGet(44)) - raft.server.log.segment.cache.num.max = 2 (custom)
2021-07-23 00:57:51,450 [pool-72-thread-1] INFO  server.RaftServerConfigKeys (ConfUtils.java:logGet(44)) - raft.server.log.segment.cache.size.max = 200MB (=209715200) (default)
2021-07-23 00:57:51,450 [pool-72-thread-1] INFO  segmented.SegmentedRaftLogWorker (SegmentedRaftLogWorker.java:<init>(182)) - new a10aadcf-1631-4a33-847f-9d04cfd12be0@group-3CD304AA30CD-SegmentedRaftLogWorker for RaftStorageImpl:Storage Directory /home/runner/work/ozone/ozone/mnt/ozone/hadoop-ozone/integration-test/target/test-dir/MiniOzoneClusterImpl-8cc5c0ec-9048-4102-91ef-822c63deda73/datanode-1/data/ratis/5396f600-89aa-4f07-8e4f-3cd304aa30cd
2021-07-23 00:57:51,450 [pool-72-thread-1] INFO  server.RaftServerConfigKeys (ConfUtils.java:logGet(44)) - raft.server.log.queue.byte-limit = 2147483647 (custom)
2021-07-23 00:57:51,450 [pool-72-thread-1] INFO  server.RaftServerConfigKeys (ConfUtils.java:logGet(44)) - raft.server.log.queue.element-limit = 1024 (custom)
2021-07-23 00:57:51,450 [pool-72-thread-1] INFO  server.RaftServerConfigKeys (ConfUtils.java:logGet(44)) - raft.server.log.segment.size.max = 1048576 (custom)
2021-07-23 00:57:51,450 [pool-72-thread-1] INFO  server.RaftServerConfigKeys (ConfUtils.java:logGet(44)) - raft.server.log.preallocated.size = 16384 (custom)
2021-07-23 00:57:51,450 [pool-72-thread-1] INFO  server.RaftServerConfigKeys (ConfUtils.java:logGet(44)) - raft.server.log.force.sync.num = 128 (default)
2021-07-23 00:57:51,450 [pool-72-thread-1] INFO  server.RaftServerConfigKeys (ConfUtils.java:logGet(44)) - raft.server.log.statemachine.data.sync = true (default)
2021-07-23 00:57:51,450 [pool-72-thread-1] INFO  server.RaftServerConfigKeys (ConfUtils.java:logGet(44)) - raft.server.log.statemachine.data.sync.timeout = 10s (default)
2021-07-23 00:57:51,450 [pool-72-thread-1] INFO  server.RaftServerConfigKeys (ConfUtils.java:logGet(44)) - raft.server.log.statemachine.data.sync.timeout.retry = -1 (default)
2021-07-23 00:57:51,451 [pool-72-thread-1] INFO  server.RaftServerConfigKeys (ConfUtils.java:logGet(44)) - raft.server.log.write.buffer.size = 1048576 (custom)
2021-07-23 00:57:51,451 [pool-72-thread-1] INFO  server.RaftServerConfigKeys (ConfUtils.java:logGet(44)) - raft.server.log.statemachine.data.caching.enabled = true (custom)
2021-07-23 00:57:51,451 [pool-72-thread-1] INFO  segmented.SegmentedRaftLogWorker (SegmentedRaftLogWorker.java:lambda$new$0(133)) - a10aadcf-1631-4a33-847f-9d04cfd12be0@group-3CD304AA30CD-SegmentedRaftLogWorker: flushIndex: setUnconditionally 0 -> -1
2021-07-23 00:57:51,451 [pool-72-thread-1] INFO  segmented.SegmentedRaftLogWorker (SegmentedRaftLogWorker.java:lambda$new$0(133)) - a10aadcf-1631-4a33-847f-9d04cfd12be0@group-3CD304AA30CD-SegmentedRaftLogWorker: safeCacheEvictIndex: setUnconditionally 0 -> -1
2021-07-23 00:57:51,451 [pool-72-thread-1] INFO  server.RaftServerConfigKeys (ConfUtils.java:logGet(44)) - raft.server.snapshot.auto.trigger.enabled = true (custom)
2021-07-23 00:57:51,452 [pool-72-thread-1] INFO  server.RaftServerConfigKeys (ConfUtils.java:logGet(44)) - raft.server.snapshot.auto.trigger.threshold = 10000 (custom)
2021-07-23 00:57:51,452 [pool-72-thread-1] INFO  server.RaftServerConfigKeys (ConfUtils.java:logGet(44)) - raft.server.snapshot.retention.file.num = 5 (custom)
2021-07-23 00:57:51,452 [pool-72-thread-1] INFO  server.RaftServerConfigKeys (ConfUtils.java:logGet(44)) - raft.server.log.purge.upto.snapshot.index = false (default)
2021-07-23 00:57:51,452 [pool-72-thread-1] INFO  server.RaftServerConfigKeys (ConfUtils.java:logGet(44)) - raft.server.retrycache.expirytime = 600000ms (custom)
2021-07-23 00:57:51,452 [pool-72-thread-1] INFO  server.RaftServerConfigKeys (ConfUtils.java:logGet(44)) - raft.server.retrycache.statistics.expirytime = 100μs (default)
2021-07-23 00:57:51,453 [pool-72-thread-1] INFO  server.RaftServer$Division (RaftServerImpl.java:start(296)) - a10aadcf-1631-4a33-847f-9d04cfd12be0@group-3CD304AA30CD: start as a follower, conf=-1: [dd0a5bb7-4770-4f66-9d90-0fb3dd50f458|rpc:10.1.0.23:42569|priority:1, c0918ed1-71ae-4b85-9b7a-7a5f0f49a9a3|rpc:10.1.0.23:35867|priority:0, a10aadcf-1631-4a33-847f-9d04cfd12be0|rpc:10.1.0.23:45765|priority:0], old=null
2021-07-23 00:57:51,453 [pool-72-thread-1] INFO  server.RaftServer$Division (RaftServerImpl.java:setRole(285)) - a10aadcf-1631-4a33-847f-9d04cfd12be0@group-3CD304AA30CD: changes role from      null to FOLLOWER at term 0 for startAsFollower
2021-07-23 00:57:51,453 [pool-72-thread-1] INFO  impl.RoleInfo (RoleInfo.java:updateAndGet(130)) - a10aadcf-1631-4a33-847f-9d04cfd12be0: start a10aadcf-1631-4a33-847f-9d04cfd12be0@group-3CD304AA30CD-FollowerState
2021-07-23 00:57:51,456 [pool-72-thread-1] INFO  util.JmxRegister (JmxRegister.java:tryRegister(44)) - Successfully registered JMX Bean with object name Ratis:service=RaftServer,group=group-3CD304AA30CD,id=a10aadcf-1631-4a33-847f-9d04cfd12be0
2021-07-23 00:57:51,457 [Command processor thread] INFO  ratis.XceiverServerRatis (XceiverServerRatis.java:addGroup(759)) - Created group PipelineID=5396f600-89aa-4f07-8e4f-3cd304aa30cd
2021-07-23 00:57:51,475 [grpc-default-executor-0] INFO  server.RaftServer (RaftServerProxy.java:addNew(95)) - dd0a5bb7-4770-4f66-9d90-0fb3dd50f458: addNew group-3CD304AA30CD:[dd0a5bb7-4770-4f66-9d90-0fb3dd50f458|rpc:10.1.0.23:42569|dataStream:|priority:1, c0918ed1-71ae-4b85-9b7a-7a5f0f49a9a3|rpc:10.1.0.23:35867|dataStream:|priority:0, a10aadcf-1631-4a33-847f-9d04cfd12be0|rpc:10.1.0.23:45765|dataStream:|priority:0] returns group-3CD304AA30CD:java.util.concurrent.CompletableFuture@4531c687[Not completed]
2021-07-23 00:57:51,476 [pool-128-thread-1] INFO  server.RaftServer$Division (RaftServerImpl.java:<init>(181)) - dd0a5bb7-4770-4f66-9d90-0fb3dd50f458: new RaftServerImpl for group-3CD304AA30CD:[dd0a5bb7-4770-4f66-9d90-0fb3dd50f458|rpc:10.1.0.23:42569|dataStream:|priority:1, c0918ed1-71ae-4b85-9b7a-7a5f0f49a9a3|rpc:10.1.0.23:35867|dataStream:|priority:0, a10aadcf-1631-4a33-847f-9d04cfd12be0|rpc:10.1.0.23:45765|dataStream:|priority:0] with ContainerStateMachine:uninitialized
2021-07-23 00:57:51,476 [pool-128-thread-1] INFO  server.RaftServerConfigKeys (ConfUtils.java:logGet(44)) - raft.server.rpc.timeout.min = 5s (custom)
2021-07-23 00:57:51,476 [pool-128-thread-1] INFO  server.RaftServerConfigKeys (ConfUtils.java:logGet(44)) - raft.server.rpc.timeout.max = 5200ms (custom)
2021-07-23 00:57:51,476 [pool-128-thread-1] INFO  server.RaftServerConfigKeys (ConfUtils.java:logGet(44)) - raft.server.rpc.sleep.time = 25ms (default)
2021-07-23 00:57:51,476 [pool-128-thread-1] INFO  server.RaftServerConfigKeys (ConfUtils.java:logGet(44)) - raft.server.rpc.slowness.timeout = 300s (custom)
2021-07-23 00:57:51,476 [pool-128-thread-1] INFO  server.RaftServerConfigKeys (ConfUtils.java:logGet(44)) - raft.server.leaderelection.leader.step-down.wait-time = 10s (default)
2021-07-23 00:57:51,476 [pool-128-thread-1] INFO  server.RaftServerConfigKeys (ConfUtils.java:logGet(44)) - raft.server.sleep.deviation.threshold = 300ms (default)
2021-07-23 00:57:51,476 [pool-128-thread-1] INFO  server.RaftServerConfigKeys (ConfUtils.java:logGet(44)) - raft.server.log.appender.install.snapshot.enabled = false (custom)
2021-07-23 00:57:51,477 [pool-128-thread-1] INFO  server.RaftServer$Division (ServerState.java:<init>(105)) - dd0a5bb7-4770-4f66-9d90-0fb3dd50f458@group-3CD304AA30CD: ConfigurationManager, init=-1: [dd0a5bb7-4770-4f66-9d90-0fb3dd50f458|rpc:10.1.0.23:42569|dataStream:|priority:1, c0918ed1-71ae-4b85-9b7a-7a5f0f49a9a3|rpc:10.1.0.23:35867|dataStream:|priority:0, a10aadcf-1631-4a33-847f-9d04cfd12be0|rpc:10.1.0.23:45765|dataStream:|priority:0], old=null, confs=<EMPTY_MAP>
2021-07-23 00:57:51,477 [pool-128-thread-1] INFO  server.RaftServerConfigKeys (ConfUtils.java:logGet(44)) - raft.server.storage.dir = [/home/runner/work/ozone/ozone/mnt/ozone/hadoop-ozone/integration-test/target/test-dir/MiniOzoneClusterImpl-8cc5c0ec-9048-4102-91ef-822c63deda73/datanode-0/data/ratis] (custom)
2021-07-23 00:57:51,477 [pool-128-thread-1] INFO  server.RaftServerConfigKeys (ConfUtils.java:logGet(44)) - raft.server.log.corruption.policy = EXCEPTION (default)
2021-07-23 00:57:51,477 [pool-128-thread-1] INFO  server.RaftServerConfigKeys (ConfUtils.java:logGet(44)) - raft.server.storage.free-space.min = 0MB (=0) (default)
2021-07-23 00:57:51,477 [pool-128-thread-1] INFO  storage.RaftStorageDirectory (RaftStorageDirectoryImpl.java:analyzeStorage(135)) - The storage directory /home/runner/work/ozone/ozone/mnt/ozone/hadoop-ozone/integration-test/target/test-dir/MiniOzoneClusterImpl-8cc5c0ec-9048-4102-91ef-822c63deda73/datanode-0/data/ratis/5396f600-89aa-4f07-8e4f-3cd304aa30cd does not exist. Creating ...
2021-07-23 00:57:51,478 [pool-128-thread-1] INFO  storage.RaftStorageDirectory (RaftStorageDirectoryImpl.java:tryLock(230)) - Lock on /home/runner/work/ozone/ozone/mnt/ozone/hadoop-ozone/integration-test/target/test-dir/MiniOzoneClusterImpl-8cc5c0ec-9048-4102-91ef-822c63deda73/datanode-0/data/ratis/5396f600-89aa-4f07-8e4f-3cd304aa30cd/in_use.lock acquired by nodename 8356@fv-az184-788
2021-07-23 00:57:51,479 [pool-128-thread-1] INFO  storage.RaftStorage (RaftStorageImpl.java:format(89)) - Storage directory /home/runner/work/ozone/ozone/mnt/ozone/hadoop-ozone/integration-test/target/test-dir/MiniOzoneClusterImpl-8cc5c0ec-9048-4102-91ef-822c63deda73/datanode-0/data/ratis/5396f600-89aa-4f07-8e4f-3cd304aa30cd has been successfully formatted.
2021-07-23 00:57:51,480 [pool-128-thread-1] INFO  ratis.ContainerStateMachine (ContainerStateMachine.java:loadSnapshot(223)) - group-3CD304AA30CD: The snapshot info is null. Setting the last applied indexto:(t:0, i:~)
2021-07-23 00:57:51,480 [pool-128-thread-1] INFO  server.RaftServerConfigKeys (ConfUtils.java:logGet(44)) - raft.server.notification.no-leader.timeout = 300s (custom)
2021-07-23 00:57:51,480 [pool-128-thread-1] INFO  server.RaftServerConfigKeys (ConfUtils.java:logGet(44)) - raft.server.log.use.memory = false (default)
2021-07-23 00:57:51,481 [EventQueue-PipelineReportForPipelineReportHandler] INFO  pipeline.PipelineReportHandler (PipelineReportHandler.java:processPipelineReport(111)) - Reported pipeline PipelineID=c7fbcee6-1ac8-4bb1-8b7a-f00fde780096 is not found
2021-07-23 00:57:51,481 [pool-128-thread-1] INFO  server.RaftServerConfigKeys (ConfUtils.java:logGet(44)) - raft.server.log.purge.gap = 1000000 (custom)
2021-07-23 00:57:51,481 [pool-128-thread-1] INFO  server.RaftServerConfigKeys (ConfUtils.java:logGet(44)) - raft.server.log.appender.buffer.byte-limit = 33554432 (custom)
2021-07-23 00:57:51,482 [pool-128-thread-1] INFO  server.RaftServerConfigKeys (ConfUtils.java:logGet(44)) - raft.server.log.segment.size.max = 1048576 (custom)
2021-07-23 00:57:51,482 [pool-128-thread-1] INFO  server.RaftServerConfigKeys (ConfUtils.java:logGet(44)) - raft.server.log.segment.cache.num.max = 2 (custom)
2021-07-23 00:57:51,482 [pool-128-thread-1] INFO  server.RaftServerConfigKeys (ConfUtils.java:logGet(44)) - raft.server.log.segment.cache.size.max = 200MB (=209715200) (default)
2021-07-23 00:57:51,482 [pool-128-thread-1] INFO  segmented.SegmentedRaftLogWorker (SegmentedRaftLogWorker.java:<init>(182)) - new dd0a5bb7-4770-4f66-9d90-0fb3dd50f458@group-3CD304AA30CD-SegmentedRaftLogWorker for RaftStorageImpl:Storage Directory /home/runner/work/ozone/ozone/mnt/ozone/hadoop-ozone/integration-test/target/test-dir/MiniOzoneClusterImpl-8cc5c0ec-9048-4102-91ef-822c63deda73/datanode-0/data/ratis/5396f600-89aa-4f07-8e4f-3cd304aa30cd
2021-07-23 00:57:51,482 [pool-128-thread-1] INFO  server.RaftServerConfigKeys (ConfUtils.java:logGet(44)) - raft.server.log.queue.byte-limit = 2147483647 (custom)
2021-07-23 00:57:51,482 [pool-128-thread-1] INFO  server.RaftServerConfigKeys (ConfUtils.java:logGet(44)) - raft.server.log.queue.element-limit = 1024 (custom)
2021-07-23 00:57:51,482 [pool-128-thread-1] INFO  server.RaftServerConfigKeys (ConfUtils.java:logGet(44)) - raft.server.log.segment.size.max = 1048576 (custom)
2021-07-23 00:57:51,482 [pool-128-thread-1] INFO  server.RaftServerConfigKeys (ConfUtils.java:logGet(44)) - raft.server.log.preallocated.size = 16384 (custom)
2021-07-23 00:57:51,483 [pool-128-thread-1] INFO  server.RaftServerConfigKeys (ConfUtils.java:logGet(44)) - raft.server.log.force.sync.num = 128 (default)
2021-07-23 00:57:51,483 [pool-128-thread-1] INFO  server.RaftServerConfigKeys (ConfUtils.java:logGet(44)) - raft.server.log.statemachine.data.sync = true (default)
2021-07-23 00:57:51,483 [pool-128-thread-1] INFO  server.RaftServerConfigKeys (ConfUtils.java:logGet(44)) - raft.server.log.statemachine.data.sync.timeout = 10s (default)
2021-07-23 00:57:51,483 [pool-128-thread-1] INFO  server.RaftServerConfigKeys (ConfUtils.java:logGet(44)) - raft.server.log.statemachine.data.sync.timeout.retry = -1 (default)
2021-07-23 00:57:51,483 [pool-128-thread-1] INFO  server.RaftServerConfigKeys (ConfUtils.java:logGet(44)) - raft.server.log.write.buffer.size = 1048576 (custom)
2021-07-23 00:57:51,483 [pool-128-thread-1] INFO  server.RaftServerConfigKeys (ConfUtils.java:logGet(44)) - raft.server.log.statemachine.data.caching.enabled = true (custom)
2021-07-23 00:57:51,483 [pool-128-thread-1] INFO  segmented.SegmentedRaftLogWorker (SegmentedRaftLogWorker.java:lambda$new$0(133)) - dd0a5bb7-4770-4f66-9d90-0fb3dd50f458@group-3CD304AA30CD-SegmentedRaftLogWorker: flushIndex: setUnconditionally 0 -> -1
2021-07-23 00:57:51,484 [pool-128-thread-1] INFO  segmented.SegmentedRaftLogWorker (SegmentedRaftLogWorker.java:lambda$new$0(133)) - dd0a5bb7-4770-4f66-9d90-0fb3dd50f458@group-3CD304AA30CD-SegmentedRaftLogWorker: safeCacheEvictIndex: setUnconditionally 0 -> -1
2021-07-23 00:57:51,484 [pool-128-thread-1] INFO  server.RaftServerConfigKeys (ConfUtils.java:logGet(44)) - raft.server.snapshot.auto.trigger.enabled = true (custom)
2021-07-23 00:57:51,484 [pool-128-thread-1] INFO  server.RaftServerConfigKeys (ConfUtils.java:logGet(44)) - raft.server.snapshot.auto.trigger.threshold = 10000 (custom)
2021-07-23 00:57:51,484 [pool-128-thread-1] INFO  server.RaftServerConfigKeys (ConfUtils.java:logGet(44)) - raft.server.snapshot.retention.file.num = 5 (custom)
2021-07-23 00:57:51,484 [pool-128-thread-1] INFO  server.RaftServerConfigKeys (ConfUtils.java:logGet(44)) - raft.server.log.purge.upto.snapshot.index = false (default)
2021-07-23 00:57:51,484 [pool-128-thread-1] INFO  server.RaftServerConfigKeys (ConfUtils.java:logGet(44)) - raft.server.retrycache.expirytime = 600000ms (custom)
2021-07-23 00:57:51,484 [pool-128-thread-1] INFO  server.RaftServerConfigKeys (ConfUtils.java:logGet(44)) - raft.server.retrycache.statistics.expirytime = 100μs (default)
2021-07-23 00:57:51,485 [pool-128-thread-1] INFO  server.RaftServer$Division (RaftServerImpl.java:start(296)) - dd0a5bb7-4770-4f66-9d90-0fb3dd50f458@group-3CD304AA30CD: start as a follower, conf=-1: [dd0a5bb7-4770-4f66-9d90-0fb3dd50f458|rpc:10.1.0.23:42569|dataStream:|priority:1, c0918ed1-71ae-4b85-9b7a-7a5f0f49a9a3|rpc:10.1.0.23:35867|dataStream:|priority:0, a10aadcf-1631-4a33-847f-9d04cfd12be0|rpc:10.1.0.23:45765|dataStream:|priority:0], old=null
2021-07-23 00:57:51,485 [pool-128-thread-1] INFO  server.RaftServer$Division (RaftServerImpl.java:setRole(285)) - dd0a5bb7-4770-4f66-9d90-0fb3dd50f458@group-3CD304AA30CD: changes role from      null to FOLLOWER at term 0 for startAsFollower
2021-07-23 00:57:51,485 [pool-128-thread-1] INFO  impl.RoleInfo (RoleInfo.java:updateAndGet(130)) - dd0a5bb7-4770-4f66-9d90-0fb3dd50f458: start dd0a5bb7-4770-4f66-9d90-0fb3dd50f458@group-3CD304AA30CD-FollowerState
2021-07-23 00:57:51,485 [pool-128-thread-1] INFO  util.JmxRegister (JmxRegister.java:tryRegister(44)) - Successfully registered JMX Bean with object name Ratis:service=RaftServer,group=group-3CD304AA30CD,id=dd0a5bb7-4770-4f66-9d90-0fb3dd50f458
2021-07-23 00:57:51,506 [grpc-default-executor-0] INFO  server.RaftServer (RaftServerProxy.java:addNew(95)) - c0918ed1-71ae-4b85-9b7a-7a5f0f49a9a3: addNew group-3CD304AA30CD:[dd0a5bb7-4770-4f66-9d90-0fb3dd50f458|rpc:10.1.0.23:42569|dataStream:|priority:1, c0918ed1-71ae-4b85-9b7a-7a5f0f49a9a3|rpc:10.1.0.23:35867|dataStream:|priority:0, a10aadcf-1631-4a33-847f-9d04cfd12be0|rpc:10.1.0.23:45765|dataStream:|priority:0] returns group-3CD304AA30CD:java.util.concurrent.CompletableFuture@4b292248[Not completed]
2021-07-23 00:57:51,507 [pool-90-thread-1] INFO  server.RaftServer$Division (RaftServerImpl.java:<init>(181)) - c0918ed1-71ae-4b85-9b7a-7a5f0f49a9a3: new RaftServerImpl for group-3CD304AA30CD:[dd0a5bb7-4770-4f66-9d90-0fb3dd50f458|rpc:10.1.0.23:42569|dataStream:|priority:1, c0918ed1-71ae-4b85-9b7a-7a5f0f49a9a3|rpc:10.1.0.23:35867|dataStream:|priority:0, a10aadcf-1631-4a33-847f-9d04cfd12be0|rpc:10.1.0.23:45765|dataStream:|priority:0] with ContainerStateMachine:uninitialized
2021-07-23 00:57:51,507 [pool-90-thread-1] INFO  server.RaftServerConfigKeys (ConfUtils.java:logGet(44)) - raft.server.rpc.timeout.min = 5s (custom)
2021-07-23 00:57:51,507 [pool-90-thread-1] INFO  server.RaftServerConfigKeys (ConfUtils.java:logGet(44)) - raft.server.rpc.timeout.max = 5200ms (custom)
2021-07-23 00:57:51,507 [pool-90-thread-1] INFO  server.RaftServerConfigKeys (ConfUtils.java:logGet(44)) - raft.server.rpc.sleep.time = 25ms (default)
2021-07-23 00:57:51,507 [pool-90-thread-1] INFO  server.RaftServerConfigKeys (ConfUtils.java:logGet(44)) - raft.server.rpc.slowness.timeout = 300s (custom)
2021-07-23 00:57:51,507 [pool-90-thread-1] INFO  server.RaftServerConfigKeys (ConfUtils.java:logGet(44)) - raft.server.leaderelection.leader.step-down.wait-time = 10s (default)
2021-07-23 00:57:51,507 [pool-90-thread-1] INFO  server.RaftServerConfigKeys (ConfUtils.java:logGet(44)) - raft.server.sleep.deviation.threshold = 300ms (default)
2021-07-23 00:57:51,507 [pool-90-thread-1] INFO  server.RaftServerConfigKeys (ConfUtils.java:logGet(44)) - raft.server.log.appender.install.snapshot.enabled = false (custom)
2021-07-23 00:57:51,507 [pool-90-thread-1] INFO  server.RaftServer$Division (ServerState.java:<init>(105)) - c0918ed1-71ae-4b85-9b7a-7a5f0f49a9a3@group-3CD304AA30CD: ConfigurationManager, init=-1: [dd0a5bb7-4770-4f66-9d90-0fb3dd50f458|rpc:10.1.0.23:42569|dataStream:|priority:1, c0918ed1-71ae-4b85-9b7a-7a5f0f49a9a3|rpc:10.1.0.23:35867|dataStream:|priority:0, a10aadcf-1631-4a33-847f-9d04cfd12be0|rpc:10.1.0.23:45765|dataStream:|priority:0], old=null, confs=<EMPTY_MAP>
2021-07-23 00:57:51,507 [pool-90-thread-1] INFO  server.RaftServerConfigKeys (ConfUtils.java:logGet(44)) - raft.server.storage.dir = [/home/runner/work/ozone/ozone/mnt/ozone/hadoop-ozone/integration-test/target/test-dir/MiniOzoneClusterImpl-8cc5c0ec-9048-4102-91ef-822c63deda73/datanode-2/data/ratis] (custom)
2021-07-23 00:57:51,507 [pool-90-thread-1] INFO  server.RaftServerConfigKeys (ConfUtils.java:logGet(44)) - raft.server.log.corruption.policy = EXCEPTION (default)
2021-07-23 00:57:51,507 [pool-90-thread-1] INFO  server.RaftServerConfigKeys (ConfUtils.java:logGet(44)) - raft.server.storage.free-space.min = 0MB (=0) (default)
2021-07-23 00:57:51,508 [pool-90-thread-1] INFO  storage.RaftStorageDirectory (RaftStorageDirectoryImpl.java:analyzeStorage(135)) - The storage directory /home/runner/work/ozone/ozone/mnt/ozone/hadoop-ozone/integration-test/target/test-dir/MiniOzoneClusterImpl-8cc5c0ec-9048-4102-91ef-822c63deda73/datanode-2/data/ratis/5396f600-89aa-4f07-8e4f-3cd304aa30cd does not exist. Creating ...
2021-07-23 00:57:51,508 [pool-90-thread-1] INFO  storage.RaftStorageDirectory (RaftStorageDirectoryImpl.java:tryLock(230)) - Lock on /home/runner/work/ozone/ozone/mnt/ozone/hadoop-ozone/integration-test/target/test-dir/MiniOzoneClusterImpl-8cc5c0ec-9048-4102-91ef-822c63deda73/datanode-2/data/ratis/5396f600-89aa-4f07-8e4f-3cd304aa30cd/in_use.lock acquired by nodename 8356@fv-az184-788
2021-07-23 00:57:51,509 [pool-90-thread-1] INFO  storage.RaftStorage (RaftStorageImpl.java:format(89)) - Storage directory /home/runner/work/ozone/ozone/mnt/ozone/hadoop-ozone/integration-test/target/test-dir/MiniOzoneClusterImpl-8cc5c0ec-9048-4102-91ef-822c63deda73/datanode-2/data/ratis/5396f600-89aa-4f07-8e4f-3cd304aa30cd has been successfully formatted.
2021-07-23 00:57:51,510 [Datanode State Machine Thread - 0] WARN  statemachine.StateContext (StateContext.java:execute(621)) - No available thread in pool for past 0 seconds.
2021-07-23 00:57:51,510 [pool-90-thread-1] INFO  ratis.ContainerStateMachine (ContainerStateMachine.java:loadSnapshot(223)) - group-3CD304AA30CD: The snapshot info is null. Setting the last applied indexto:(t:0, i:~)
2021-07-23 00:57:51,510 [pool-90-thread-1] INFO  server.RaftServerConfigKeys (ConfUtils.java:logGet(44)) - raft.server.notification.no-leader.timeout = 300s (custom)
2021-07-23 00:57:51,510 [pool-90-thread-1] INFO  server.RaftServerConfigKeys (ConfUtils.java:logGet(44)) - raft.server.log.use.memory = false (default)
2021-07-23 00:57:51,510 [pool-90-thread-1] INFO  server.RaftServerConfigKeys (ConfUtils.java:logGet(44)) - raft.server.log.purge.gap = 1000000 (custom)
2021-07-23 00:57:51,511 [pool-90-thread-1] INFO  server.RaftServerConfigKeys (ConfUtils.java:logGet(44)) - raft.server.log.appender.buffer.byte-limit = 33554432 (custom)
2021-07-23 00:57:51,511 [EventQueue-PipelineReportForPipelineReportHandler] INFO  pipeline.PipelineReportHandler (PipelineReportHandler.java:processPipelineReport(111)) - Reported pipeline PipelineID=c7fbcee6-1ac8-4bb1-8b7a-f00fde780096 is not found
2021-07-23 00:57:51,511 [pool-90-thread-1] INFO  server.RaftServerConfigKeys (ConfUtils.java:logGet(44)) - raft.server.log.segment.size.max = 1048576 (custom)
2021-07-23 00:57:51,511 [pool-90-thread-1] INFO  server.RaftServerConfigKeys (ConfUtils.java:logGet(44)) - raft.server.log.segment.cache.num.max = 2 (custom)
2021-07-23 00:57:51,511 [pool-90-thread-1] INFO  server.RaftServerConfigKeys (ConfUtils.java:logGet(44)) - raft.server.log.segment.cache.size.max = 200MB (=209715200) (default)
2021-07-23 00:57:51,511 [pool-90-thread-1] INFO  segmented.SegmentedRaftLogWorker (SegmentedRaftLogWorker.java:<init>(182)) - new c0918ed1-71ae-4b85-9b7a-7a5f0f49a9a3@group-3CD304AA30CD-SegmentedRaftLogWorker for RaftStorageImpl:Storage Directory /home/runner/work/ozone/ozone/mnt/ozone/hadoop-ozone/integration-test/target/test-dir/MiniOzoneClusterImpl-8cc5c0ec-9048-4102-91ef-822c63deda73/datanode-2/data/ratis/5396f600-89aa-4f07-8e4f-3cd304aa30cd
2021-07-23 00:57:51,511 [pool-90-thread-1] INFO  server.RaftServerConfigKeys (ConfUtils.java:logGet(44)) - raft.server.log.queue.byte-limit = 2147483647 (custom)
2021-07-23 00:57:51,511 [pool-90-thread-1] INFO  server.RaftServerConfigKeys (ConfUtils.java:logGet(44)) - raft.server.log.queue.element-limit = 1024 (custom)
2021-07-23 00:57:51,511 [pool-90-thread-1] INFO  server.RaftServerConfigKeys (ConfUtils.java:logGet(44)) - raft.server.log.segment.size.max = 1048576 (custom)
2021-07-23 00:57:51,511 [pool-90-thread-1] INFO  server.RaftServerConfigKeys (ConfUtils.java:logGet(44)) - raft.server.log.preallocated.size = 16384 (custom)
2021-07-23 00:57:51,512 [pool-90-thread-1] INFO  server.RaftServerConfigKeys (ConfUtils.java:logGet(44)) - raft.server.log.force.sync.num = 128 (default)
2021-07-23 00:57:51,512 [pool-90-thread-1] INFO  server.RaftServerConfigKeys (ConfUtils.java:logGet(44)) - raft.server.log.statemachine.data.sync = true (default)
2021-07-23 00:57:51,512 [pool-90-thread-1] INFO  server.RaftServerConfigKeys (ConfUtils.java:logGet(44)) - raft.server.log.statemachine.data.sync.timeout = 10s (default)
2021-07-23 00:57:51,512 [pool-90-thread-1] INFO  server.RaftServerConfigKeys (ConfUtils.java:logGet(44)) - raft.server.log.statemachine.data.sync.timeout.retry = -1 (default)
2021-07-23 00:57:51,512 [pool-90-thread-1] INFO  server.RaftServerConfigKeys (ConfUtils.java:logGet(44)) - raft.server.log.write.buffer.size = 1048576 (custom)
2021-07-23 00:57:51,512 [pool-90-thread-1] INFO  server.RaftServerConfigKeys (ConfUtils.java:logGet(44)) - raft.server.log.statemachine.data.caching.enabled = true (custom)
2021-07-23 00:57:51,513 [pool-90-thread-1] INFO  segmented.SegmentedRaftLogWorker (SegmentedRaftLogWorker.java:lambda$new$0(133)) - c0918ed1-71ae-4b85-9b7a-7a5f0f49a9a3@group-3CD304AA30CD-SegmentedRaftLogWorker: flushIndex: setUnconditionally 0 -> -1
2021-07-23 00:57:51,513 [pool-90-thread-1] INFO  segmented.SegmentedRaftLogWorker (SegmentedRaftLogWorker.java:lambda$new$0(133)) - c0918ed1-71ae-4b85-9b7a-7a5f0f49a9a3@group-3CD304AA30CD-SegmentedRaftLogWorker: safeCacheEvictIndex: setUnconditionally 0 -> -1
2021-07-23 00:57:51,513 [pool-90-thread-1] INFO  server.RaftServerConfigKeys (ConfUtils.java:logGet(44)) - raft.server.snapshot.auto.trigger.enabled = true (custom)
2021-07-23 00:57:51,513 [pool-90-thread-1] INFO  server.RaftServerConfigKeys (ConfUtils.java:logGet(44)) - raft.server.snapshot.auto.trigger.threshold = 10000 (custom)
2021-07-23 00:57:51,513 [pool-90-thread-1] INFO  server.RaftServerConfigKeys (ConfUtils.java:logGet(44)) - raft.server.snapshot.retention.file.num = 5 (custom)
2021-07-23 00:57:51,513 [pool-90-thread-1] INFO  server.RaftServerConfigKeys (ConfUtils.java:logGet(44)) - raft.server.log.purge.upto.snapshot.index = false (default)
2021-07-23 00:57:51,513 [pool-90-thread-1] INFO  server.RaftServerConfigKeys (ConfUtils.java:logGet(44)) - raft.server.retrycache.expirytime = 600000ms (custom)
2021-07-23 00:57:51,513 [pool-90-thread-1] INFO  server.RaftServerConfigKeys (ConfUtils.java:logGet(44)) - raft.server.retrycache.statistics.expirytime = 100μs (default)
2021-07-23 00:57:51,514 [pool-90-thread-1] INFO  server.RaftServer$Division (RaftServerImpl.java:start(296)) - c0918ed1-71ae-4b85-9b7a-7a5f0f49a9a3@group-3CD304AA30CD: start as a follower, conf=-1: [dd0a5bb7-4770-4f66-9d90-0fb3dd50f458|rpc:10.1.0.23:42569|dataStream:|priority:1, c0918ed1-71ae-4b85-9b7a-7a5f0f49a9a3|rpc:10.1.0.23:35867|dataStream:|priority:0, a10aadcf-1631-4a33-847f-9d04cfd12be0|rpc:10.1.0.23:45765|dataStream:|priority:0], old=null
2021-07-23 00:57:51,514 [pool-90-thread-1] INFO  server.RaftServer$Division (RaftServerImpl.java:setRole(285)) - c0918ed1-71ae-4b85-9b7a-7a5f0f49a9a3@group-3CD304AA30CD: changes role from      null to FOLLOWER at term 0 for startAsFollower
2021-07-23 00:57:51,514 [pool-90-thread-1] INFO  impl.RoleInfo (RoleInfo.java:updateAndGet(130)) - c0918ed1-71ae-4b85-9b7a-7a5f0f49a9a3: start c0918ed1-71ae-4b85-9b7a-7a5f0f49a9a3@group-3CD304AA30CD-FollowerState
2021-07-23 00:57:51,515 [pool-90-thread-1] INFO  util.JmxRegister (JmxRegister.java:tryRegister(44)) - Successfully registered JMX Bean with object name Ratis:service=RaftServer,group=group-3CD304AA30CD,id=c0918ed1-71ae-4b85-9b7a-7a5f0f49a9a3
2021-07-23 00:57:51,519 [Command processor thread] INFO  commandhandler.CreatePipelineCommandHandler (CreatePipelineCommandHandler.java:handle(106)) - Created Pipeline RATIS THREE PipelineID=5396f600-89aa-4f07-8e4f-3cd304aa30cd.
2021-07-23 00:57:51,519 [SCMBlockDeletingService#0] DEBUG block.SCMBlockDeletingService (SCMBlockDeletingService.java:call(131)) - Running DeletedBlockTransactionScanner
2021-07-23 00:57:51,620 [SCMBlockDeletingService#0] DEBUG block.SCMBlockDeletingService (SCMBlockDeletingService.java:call(131)) - Running DeletedBlockTransactionScanner
2021-07-23 00:57:51,720 [SCMBlockDeletingService#0] DEBUG block.SCMBlockDeletingService (SCMBlockDeletingService.java:call(131)) - Running DeletedBlockTransactionScanner
2021-07-23 00:57:51,820 [SCMBlockDeletingService#0] DEBUG block.SCMBlockDeletingService (SCMBlockDeletingService.java:call(131)) - Running DeletedBlockTransactionScanner
2021-07-23 00:57:51,920 [SCMBlockDeletingService#0] DEBUG block.SCMBlockDeletingService (SCMBlockDeletingService.java:call(131)) - Running DeletedBlockTransactionScanner
2021-07-23 00:57:52,004 [Listener at 127.0.0.1/34417] INFO  ozone.MiniOzoneClusterImpl (MiniOzoneClusterImpl.java:lambda$waitForClusterToBeReady$0(230)) - Nodes are ready. Got 3 of 3 DN Heartbeats.
2021-07-23 00:57:52,004 [Listener at 127.0.0.1/34417] INFO  ozone.MiniOzoneClusterImpl (MiniOzoneClusterImpl.java:lambda$waitForClusterToBeReady$0(233)) - Cluster exits safe mode
2021-07-23 00:57:52,004 [Listener at 127.0.0.1/34417] INFO  ozone.MiniOzoneClusterImpl (MiniOzoneClusterImpl.java:lambda$waitForClusterToBeReady$0(235)) - SCM became leader
2021-07-23 00:57:52,007 [Command processor thread] INFO  server.RaftServer (RaftServerProxy.java:remove(106)) - dd0a5bb7-4770-4f66-9d90-0fb3dd50f458: remove  FOLLOWER dd0a5bb7-4770-4f66-9d90-0fb3dd50f458@group-F00FDE780096:t2, leader=null, voted=null, raftlog=dd0a5bb7-4770-4f66-9d90-0fb3dd50f458@group-F00FDE780096-SegmentedRaftLog:OPENED:c14,f14,i14, conf=0: [dd0a5bb7-4770-4f66-9d90-0fb3dd50f458|rpc:10.1.0.23:42569|dataStream:|priority:1, c0918ed1-71ae-4b85-9b7a-7a5f0f49a9a3|rpc:10.1.0.23:35867|dataStream:|priority:0, a10aadcf-1631-4a33-847f-9d04cfd12be0|rpc:10.1.0.23:45765|dataStream:|priority:0], old=null RUNNING
2021-07-23 00:57:52,007 [Command processor thread] INFO  server.RaftServer$Division (RaftServerImpl.java:lambda$close$4(407)) - dd0a5bb7-4770-4f66-9d90-0fb3dd50f458@group-F00FDE780096: shutdown
2021-07-23 00:57:52,007 [Command processor thread] INFO  util.JmxRegister (JmxRegister.java:unregister(73)) - Successfully un-registered JMX Bean with object name Ratis:service=RaftServer,group=group-F00FDE780096,id=dd0a5bb7-4770-4f66-9d90-0fb3dd50f458
2021-07-23 00:57:52,007 [Command processor thread] INFO  impl.RoleInfo (RoleInfo.java:shutdownFollowerState(108)) - dd0a5bb7-4770-4f66-9d90-0fb3dd50f458: shutdown dd0a5bb7-4770-4f66-9d90-0fb3dd50f458@group-F00FDE780096-FollowerState
2021-07-23 00:57:52,007 [Command processor thread] INFO  impl.StateMachineUpdater (StateMachineUpdater.java:stopAndJoin(149)) - dd0a5bb7-4770-4f66-9d90-0fb3dd50f458@group-F00FDE780096-StateMachineUpdater: set stopIndex = 14
2021-07-23 00:57:52,008 [dd0a5bb7-4770-4f66-9d90-0fb3dd50f458@group-F00FDE780096-FollowerState] INFO  impl.FollowerState (FollowerState.java:run(143)) - dd0a5bb7-4770-4f66-9d90-0fb3dd50f458@group-F00FDE780096-FollowerState was interrupted: {}
java.lang.InterruptedException: sleep interrupted
	at java.lang.Thread.sleep(Native Method)
	at java.lang.Thread.sleep(Thread.java:340)
	at java.util.concurrent.TimeUnit.sleep(TimeUnit.java:386)
	at org.apache.ratis.util.TimeDuration.sleep(TimeDuration.java:324)
	at org.apache.ratis.util.TimeDuration.sleep(TimeDuration.java:309)
	at org.apache.ratis.server.impl.FollowerState.run(FollowerState.java:118)
2021-07-23 00:57:52,011 [Command processor thread] INFO  server.RaftServer$Division (ServerState.java:close(419)) - dd0a5bb7-4770-4f66-9d90-0fb3dd50f458@group-F00FDE780096: closes. applyIndex: 14
2021-07-23 00:57:52,012 [dd0a5bb7-4770-4f66-9d90-0fb3dd50f458@group-F00FDE780096-SegmentedRaftLogWorker] INFO  segmented.SegmentedRaftLogWorker (SegmentedRaftLogWorker.java:run(327)) - dd0a5bb7-4770-4f66-9d90-0fb3dd50f458@group-F00FDE780096-SegmentedRaftLogWorker was interrupted, exiting. There are 0 tasks remaining in the queue.
2021-07-23 00:57:52,014 [Command processor thread] INFO  segmented.SegmentedRaftLogWorker (SegmentedRaftLogWorker.java:close(237)) - dd0a5bb7-4770-4f66-9d90-0fb3dd50f458@group-F00FDE780096-SegmentedRaftLogWorker close()
2021-07-23 00:57:52,014 [Command processor thread] ERROR commandhandler.ClosePipelineCommandHandler (ClosePipelineCommandHandler.java:handle(78)) - Can't close pipeline PipelineID=c7fbcee6-1ac8-4bb1-8b7a-f00fde780096
java.io.IOException: java.lang.NullPointerException
	at org.apache.hadoop.ozone.container.common.transport.server.ratis.XceiverServerRatis.removeGroup(XceiverServerRatis.java:777)
	at org.apache.hadoop.ozone.container.common.statemachine.commandhandler.ClosePipelineCommandHandler.handle(ClosePipelineCommandHandler.java:74)
	at org.apache.hadoop.ozone.container.common.statemachine.commandhandler.CommandDispatcher.handle(CommandDispatcher.java:99)
	at org.apache.hadoop.ozone.container.common.statemachine.DatanodeStateMachine.lambda$initCommandHandlerThread$2(DatanodeStateMachine.java:551)
	at java.lang.Thread.run(Thread.java:748)
Caused by: java.io.IOException: java.lang.NullPointerException
	at org.apache.ratis.util.IOUtils.asIOException(IOUtils.java:56)
	at org.apache.ratis.server.impl.RaftServerImpl.waitForReply(RaftServerImpl.java:898)
	at org.apache.ratis.server.impl.RaftServerProxy.groupManagement(RaftServerProxy.java:440)
	at org.apache.hadoop.ozone.container.common.transport.server.ratis.XceiverServerRatis.removeGroup(XceiverServerRatis.java:775)
	... 4 more
Caused by: java.lang.NullPointerException
	at org.apache.hadoop.ozone.container.ozoneimpl.ContainerController.markContainerForClose(ContainerController.java:83)
	at org.apache.hadoop.ozone.container.common.transport.server.ratis.ContainerStateMachine.notifyGroupRemove(ContainerStateMachine.java:901)
	at org.apache.ratis.server.impl.RaftServerImpl.groupRemove(RaftServerImpl.java:372)
	at org.apache.ratis.server.impl.RaftServerProxy.lambda$groupRemoveAsync$14(RaftServerProxy.java:507)
	at java.util.concurrent.CompletableFuture.uniApply(CompletableFuture.java:616)
	at java.util.concurrent.CompletableFuture.uniApplyStage(CompletableFuture.java:628)
	at java.util.concurrent.CompletableFuture.thenApply(CompletableFuture.java:1996)
	at org.apache.ratis.server.impl.RaftServerProxy.groupRemoveAsync(RaftServerProxy.java:506)
	at org.apache.ratis.server.impl.RaftServerProxy.groupManagementAsync(RaftServerProxy.java:460)
	... 6 more
2021-07-23 00:57:52,015 [Command processor thread] WARN  server.RaftServer (RaftServerProxy.java:remove(101)) - dd0a5bb7-4770-4f66-9d90-0fb3dd50f458: does not contain group: group-F00FDE780096
2021-07-23 00:57:52,015 [Command processor thread] ERROR commandhandler.ClosePipelineCommandHandler (ClosePipelineCommandHandler.java:handle(78)) - Can't close pipeline PipelineID=c7fbcee6-1ac8-4bb1-8b7a-f00fde780096
java.io.IOException: dd0a5bb7-4770-4f66-9d90-0fb3dd50f458: Group group-F00FDE780096 not found.
	at org.apache.hadoop.ozone.container.common.transport.server.ratis.XceiverServerRatis.removeGroup(XceiverServerRatis.java:777)
	at org.apache.hadoop.ozone.container.common.statemachine.commandhandler.ClosePipelineCommandHandler.handle(ClosePipelineCommandHandler.java:74)
	at org.apache.hadoop.ozone.container.common.statemachine.commandhandler.CommandDispatcher.handle(CommandDispatcher.java:99)
	at org.apache.hadoop.ozone.container.common.statemachine.DatanodeStateMachine.lambda$initCommandHandlerThread$2(DatanodeStateMachine.java:551)
	at java.lang.Thread.run(Thread.java:748)
Caused by: org.apache.ratis.protocol.exceptions.GroupMismatchException: dd0a5bb7-4770-4f66-9d90-0fb3dd50f458: Group group-F00FDE780096 not found.
	at org.apache.ratis.server.impl.RaftServerProxy.groupRemoveAsync(RaftServerProxy.java:504)
	at org.apache.ratis.server.impl.RaftServerProxy.groupManagementAsync(RaftServerProxy.java:460)
	at org.apache.ratis.server.impl.RaftServerProxy.groupManagement(RaftServerProxy.java:440)
	at org.apache.hadoop.ozone.container.common.transport.server.ratis.XceiverServerRatis.removeGroup(XceiverServerRatis.java:775)
	... 4 more
2021-07-23 00:57:52,015 [Datanode State Machine Thread - 0] WARN  statemachine.StateContext (StateContext.java:execute(621)) - No available thread in pool for past 0 seconds.
2021-07-23 00:57:52,020 [SCMBlockDeletingService#0] DEBUG block.SCMBlockDeletingService (SCMBlockDeletingService.java:call(131)) - Running DeletedBlockTransactionScanner
2021-07-23 00:57:52,023 [Command processor thread] INFO  server.RaftServer (RaftServerProxy.java:remove(106)) - c0918ed1-71ae-4b85-9b7a-7a5f0f49a9a3: remove  FOLLOWER c0918ed1-71ae-4b85-9b7a-7a5f0f49a9a3@group-F00FDE780096:t2, leader=null, voted=c0918ed1-71ae-4b85-9b7a-7a5f0f49a9a3, raftlog=c0918ed1-71ae-4b85-9b7a-7a5f0f49a9a3@group-F00FDE780096-SegmentedRaftLog:OPENED:c14,f14,i14, conf=0: [dd0a5bb7-4770-4f66-9d90-0fb3dd50f458|rpc:10.1.0.23:42569|dataStream:|priority:1, c0918ed1-71ae-4b85-9b7a-7a5f0f49a9a3|rpc:10.1.0.23:35867|dataStream:|priority:0, a10aadcf-1631-4a33-847f-9d04cfd12be0|rpc:10.1.0.23:45765|dataStream:|priority:0], old=null RUNNING
2021-07-23 00:57:52,023 [Command processor thread] INFO  server.RaftServer$Division (RaftServerImpl.java:lambda$close$4(407)) - c0918ed1-71ae-4b85-9b7a-7a5f0f49a9a3@group-F00FDE780096: shutdown
2021-07-23 00:57:52,024 [Command processor thread] INFO  util.JmxRegister (JmxRegister.java:unregister(73)) - Successfully un-registered JMX Bean with object name Ratis:service=RaftServer,group=group-F00FDE780096,id=c0918ed1-71ae-4b85-9b7a-7a5f0f49a9a3
2021-07-23 00:57:52,024 [Command processor thread] INFO  impl.RoleInfo (RoleInfo.java:shutdownFollowerState(108)) - c0918ed1-71ae-4b85-9b7a-7a5f0f49a9a3: shutdown c0918ed1-71ae-4b85-9b7a-7a5f0f49a9a3@group-F00FDE780096-FollowerState
2021-07-23 00:57:52,024 [Command processor thread] INFO  impl.StateMachineUpdater (StateMachineUpdater.java:stopAndJoin(149)) - c0918ed1-71ae-4b85-9b7a-7a5f0f49a9a3@group-F00FDE780096-StateMachineUpdater: set stopIndex = 14
2021-07-23 00:57:52,024 [c0918ed1-71ae-4b85-9b7a-7a5f0f49a9a3@group-F00FDE780096-FollowerState] INFO  impl.FollowerState (FollowerState.java:run(143)) - c0918ed1-71ae-4b85-9b7a-7a5f0f49a9a3@group-F00FDE780096-FollowerState was interrupted: {}
java.lang.InterruptedException: sleep interrupted
	at java.lang.Thread.sleep(Native Method)
	at java.lang.Thread.sleep(Thread.java:340)
	at java.util.concurrent.TimeUnit.sleep(TimeUnit.java:386)
	at org.apache.ratis.util.TimeDuration.sleep(TimeDuration.java:324)
	at org.apache.ratis.util.TimeDuration.sleep(TimeDuration.java:309)
	at org.apache.ratis.server.impl.FollowerState.run(FollowerState.java:118)
2021-07-23 00:57:52,024 [c0918ed1-71ae-4b85-9b7a-7a5f0f49a9a3@group-F00FDE780096-StateMachineUpdater] INFO  ratis.ContainerStateMachine (ContainerStateMachine.java:takeSnapshot(291)) - group-F00FDE780096: Taking a snapshot at:(t:1, i:14) file /home/runner/work/ozone/ozone/mnt/ozone/hadoop-ozone/integration-test/target/test-dir/MiniOzoneClusterImpl-8cc5c0ec-9048-4102-91ef-822c63deda73/datanode-2/data/ratis/c7fbcee6-1ac8-4bb1-8b7a-f00fde780096/sm/snapshot.1_14
2021-07-23 00:57:52,026 [c0918ed1-71ae-4b85-9b7a-7a5f0f49a9a3@group-F00FDE780096-StateMachineUpdater] INFO  ratis.ContainerStateMachine (ContainerStateMachine.java:takeSnapshot(302)) - group-F00FDE780096: Finished taking a snapshot at:(t:1, i:14) file:/home/runner/work/ozone/ozone/mnt/ozone/hadoop-ozone/integration-test/target/test-dir/MiniOzoneClusterImpl-8cc5c0ec-9048-4102-91ef-822c63deda73/datanode-2/data/ratis/c7fbcee6-1ac8-4bb1-8b7a-f00fde780096/sm/snapshot.1_14 took: 3 ms
2021-07-23 00:57:52,027 [c0918ed1-71ae-4b85-9b7a-7a5f0f49a9a3@group-F00FDE780096-StateMachineUpdater] INFO  impl.StateMachineUpdater (StateMachineUpdater.java:takeSnapshot(281)) - c0918ed1-71ae-4b85-9b7a-7a5f0f49a9a3@group-F00FDE780096-StateMachineUpdater: Took a snapshot at index 14
2021-07-23 00:57:52,027 [c0918ed1-71ae-4b85-9b7a-7a5f0f49a9a3@group-F00FDE780096-StateMachineUpdater] INFO  impl.StateMachineUpdater (StateMachineUpdater.java:lambda$new$0(89)) - c0918ed1-71ae-4b85-9b7a-7a5f0f49a9a3@group-F00FDE780096-StateMachineUpdater: snapshotIndex: updateIncreasingly -1 -> 14
2021-07-23 00:57:52,027 [Command processor thread] INFO  server.RaftServer$Division (ServerState.java:close(419)) - c0918ed1-71ae-4b85-9b7a-7a5f0f49a9a3@group-F00FDE780096: closes. applyIndex: 14
2021-07-23 00:57:52,029 [c0918ed1-71ae-4b85-9b7a-7a5f0f49a9a3@group-F00FDE780096-SegmentedRaftLogWorker] INFO  segmented.SegmentedRaftLogWorker (SegmentedRaftLogWorker.java:run(327)) - c0918ed1-71ae-4b85-9b7a-7a5f0f49a9a3@group-F00FDE780096-SegmentedRaftLogWorker was interrupted, exiting. There are 0 tasks remaining in the queue.
2021-07-23 00:57:52,030 [Command processor thread] INFO  segmented.SegmentedRaftLogWorker (SegmentedRaftLogWorker.java:close(237)) - c0918ed1-71ae-4b85-9b7a-7a5f0f49a9a3@group-F00FDE780096-SegmentedRaftLogWorker close()
2021-07-23 00:57:52,030 [Command processor thread] ERROR commandhandler.ClosePipelineCommandHandler (ClosePipelineCommandHandler.java:handle(78)) - Can't close pipeline PipelineID=c7fbcee6-1ac8-4bb1-8b7a-f00fde780096
java.io.IOException: java.lang.NullPointerException
	at org.apache.hadoop.ozone.container.common.transport.server.ratis.XceiverServerRatis.removeGroup(XceiverServerRatis.java:777)
	at org.apache.hadoop.ozone.container.common.statemachine.commandhandler.ClosePipelineCommandHandler.handle(ClosePipelineCommandHandler.java:74)
	at org.apache.hadoop.ozone.container.common.statemachine.commandhandler.CommandDispatcher.handle(CommandDispatcher.java:99)
	at org.apache.hadoop.ozone.container.common.statemachine.DatanodeStateMachine.lambda$initCommandHandlerThread$2(DatanodeStateMachine.java:551)
	at java.lang.Thread.run(Thread.java:748)
Caused by: java.io.IOException: java.lang.NullPointerException
	at org.apache.ratis.util.IOUtils.asIOException(IOUtils.java:56)
	at org.apache.ratis.server.impl.RaftServerImpl.waitForReply(RaftServerImpl.java:898)
	at org.apache.ratis.server.impl.RaftServerProxy.groupManagement(RaftServerProxy.java:440)
	at org.apache.hadoop.ozone.container.common.transport.server.ratis.XceiverServerRatis.removeGroup(XceiverServerRatis.java:775)
	... 4 more
Caused by: java.lang.NullPointerException
	at org.apache.hadoop.ozone.container.ozoneimpl.ContainerController.markContainerForClose(ContainerController.java:83)
	at org.apache.hadoop.ozone.container.common.transport.server.ratis.ContainerStateMachine.notifyGroupRemove(ContainerStateMachine.java:901)
	at org.apache.ratis.server.impl.RaftServerImpl.groupRemove(RaftServerImpl.java:372)
	at org.apache.ratis.server.impl.RaftServerProxy.lambda$groupRemoveAsync$14(RaftServerProxy.java:507)
	at java.util.concurrent.CompletableFuture.uniApply(CompletableFuture.java:616)
	at java.util.concurrent.CompletableFuture.uniApplyStage(CompletableFuture.java:628)
	at java.util.concurrent.CompletableFuture.thenApply(CompletableFuture.java:1996)
	at org.apache.ratis.server.impl.RaftServerProxy.groupRemoveAsync(RaftServerProxy.java:506)
	at org.apache.ratis.server.impl.RaftServerProxy.groupManagementAsync(RaftServerProxy.java:460)
	... 6 more
2021-07-23 00:57:52,031 [Command processor thread] WARN  server.RaftServer (RaftServerProxy.java:remove(101)) - c0918ed1-71ae-4b85-9b7a-7a5f0f49a9a3: does not contain group: group-F00FDE780096
2021-07-23 00:57:52,031 [Command processor thread] ERROR commandhandler.ClosePipelineCommandHandler (ClosePipelineCommandHandler.java:handle(78)) - Can't close pipeline PipelineID=c7fbcee6-1ac8-4bb1-8b7a-f00fde780096
java.io.IOException: c0918ed1-71ae-4b85-9b7a-7a5f0f49a9a3: Group group-F00FDE780096 not found.
	at org.apache.hadoop.ozone.container.common.transport.server.ratis.XceiverServerRatis.removeGroup(XceiverServerRatis.java:777)
	at org.apache.hadoop.ozone.container.common.statemachine.commandhandler.ClosePipelineCommandHandler.handle(ClosePipelineCommandHandler.java:74)
	at org.apache.hadoop.ozone.container.common.statemachine.commandhandler.CommandDispatcher.handle(CommandDispatcher.java:99)
	at org.apache.hadoop.ozone.container.common.statemachine.DatanodeStateMachine.lambda$initCommandHandlerThread$2(DatanodeStateMachine.java:551)
	at java.lang.Thread.run(Thread.java:748)
Caused by: org.apache.ratis.protocol.exceptions.GroupMismatchException: c0918ed1-71ae-4b85-9b7a-7a5f0f49a9a3: Group group-F00FDE780096 not found.
	at org.apache.ratis.server.impl.RaftServerProxy.groupRemoveAsync(RaftServerProxy.java:504)
	at org.apache.ratis.server.impl.RaftServerProxy.groupManagementAsync(RaftServerProxy.java:460)
	at org.apache.ratis.server.impl.RaftServerProxy.groupManagement(RaftServerProxy.java:440)
	at org.apache.hadoop.ozone.container.common.transport.server.ratis.XceiverServerRatis.removeGroup(XceiverServerRatis.java:775)
	... 4 more
2021-07-23 00:57:52,104 [Listener at 127.0.0.1/34417] INFO  container.ReplicationManager (ReplicationManager.java:sendDeleteCommand(1456)) - Sending delete container command for container #1 to datanode dd0a5bb7-4770-4f66-9d90-0fb3dd50f458{ip: 10.1.0.23, host: fv-az184-788.3ow45vhwbzuu5incsxmygykede.cx.internal.cloudapp.net, ports: [REPLICATION=40591, RATIS=42569, RATIS_ADMIN=42569, RATIS_SERVER=42569, STANDALONE=34461], networkLocation: /default-rack, certSerialId: null, persistedOpState: IN_SERVICE, persistedOpStateExpiryEpochSec: 0}
2021-07-23 00:57:52,105 [Listener at 127.0.0.1/34417] DEBUG container.ReplicationManager (ReplicationManager.java:handleContainerUnderDelete(960)) - Resend delete Container command for ContainerInfo{id=1, state=DELETING, pipelineID=PipelineID=c7fbcee6-1ac8-4bb1-8b7a-f00fde780096, stateEnterTime=2021-07-23T00:57:26.754Z, owner=om1}
2021-07-23 00:57:52,105 [Listener at 127.0.0.1/34417] INFO  container.ReplicationManager (ReplicationManager.java:processAll(341)) - Replication Monitor Thread took 1 milliseconds for processing 1 containers.
2021-07-23 00:57:52,106 [Listener at 127.0.0.1/34417] INFO  ozone.MiniOzoneClusterImpl (MiniOzoneClusterImpl.java:shutdown(448)) - Shutting down the Mini Ozone Cluster
2021-07-23 00:57:52,106 [Listener at 127.0.0.1/34417] INFO  ozone.MiniOzoneClusterImpl (MiniOzoneClusterImpl.java:stop(463)) - Stopping the Mini Ozone Cluster
2021-07-23 00:57:52,106 [Listener at 127.0.0.1/34417] INFO  ozone.MiniOzoneClusterImpl (MiniOzoneClusterImpl.java:stopOM(545)) - Stopping the OzoneManager
2021-07-23 00:57:52,106 [Listener at 127.0.0.1/34417] INFO  ipc.Server (Server.java:stop(3414)) - Stopping server on 34417
2021-07-23 00:57:52,107 [IPC Server listener on 0] INFO  ipc.Server (Server.java:run(1376)) - Stopping IPC Server listener on 0
2021-07-23 00:57:52,112 [IPC Server Responder] INFO  ipc.Server (Server.java:run(1512)) - Stopping IPC Server Responder
2021-07-23 00:57:52,112 [Listener at 127.0.0.1/34417] INFO  server.RaftServer (RaftServerProxy.java:lambda$close$6(391)) - om1: close
2021-07-23 00:57:52,112 [Listener at 127.0.0.1/34417] INFO  server.RaftServer$Division (RaftServerImpl.java:lambda$close$4(407)) - om1@group-C5BA1605619E: shutdown
2021-07-23 00:57:52,112 [Listener at 127.0.0.1/34417] INFO  util.JmxRegister (JmxRegister.java:unregister(73)) - Successfully un-registered JMX Bean with object name Ratis:service=RaftServer,group=group-C5BA1605619E,id=om1
2021-07-23 00:57:52,112 [Listener at 127.0.0.1/34417] INFO  impl.RoleInfo (RoleInfo.java:shutdownLeaderState(91)) - om1: shutdown om1@group-C5BA1605619E-LeaderStateImpl
2021-07-23 00:57:52,112 [Listener at 127.0.0.1/34417] INFO  impl.PendingRequests (PendingRequests.java:sendNotLeaderResponses(249)) - om1@group-C5BA1605619E-PendingRequests: sendNotLeaderResponses
2021-07-23 00:57:52,114 [Listener at 127.0.0.1/34417] INFO  impl.StateMachineUpdater (StateMachineUpdater.java:stopAndJoin(149)) - om1@group-C5BA1605619E-StateMachineUpdater: set stopIndex = 10
2021-07-23 00:57:52,114 [om1@group-C5BA1605619E-StateMachineUpdater] INFO  ratis.OzoneManagerStateMachine (OzoneManagerStateMachine.java:takeSnapshot(396)) - Current Snapshot Index (t:1, i:10)
2021-07-23 00:57:52,115 [om1@group-C5BA1605619E-StateMachineUpdater] INFO  impl.StateMachineUpdater (StateMachineUpdater.java:takeSnapshot(281)) - om1@group-C5BA1605619E-StateMachineUpdater: Took a snapshot at index 10
2021-07-23 00:57:52,115 [om1@group-C5BA1605619E-StateMachineUpdater] INFO  impl.StateMachineUpdater (StateMachineUpdater.java:lambda$new$0(89)) - om1@group-C5BA1605619E-StateMachineUpdater: snapshotIndex: updateIncreasingly -1 -> 10
2021-07-23 00:57:52,116 [Listener at 127.0.0.1/34417] INFO  server.RaftServer$Division (ServerState.java:close(419)) - om1@group-C5BA1605619E: closes. applyIndex: 10
2021-07-23 00:57:52,116 [om1@group-C5BA1605619E-SegmentedRaftLogWorker] INFO  segmented.SegmentedRaftLogWorker (SegmentedRaftLogWorker.java:run(327)) - om1@group-C5BA1605619E-SegmentedRaftLogWorker was interrupted, exiting. There are 0 tasks remaining in the queue.
2021-07-23 00:57:52,117 [Listener at 127.0.0.1/34417] INFO  segmented.SegmentedRaftLogWorker (SegmentedRaftLogWorker.java:close(237)) - om1@group-C5BA1605619E-SegmentedRaftLogWorker close()
2021-07-23 00:57:52,118 [Listener at 127.0.0.1/34417] INFO  server.GrpcService (GrpcService.java:closeImpl(262)) - om1: shutdown server with port 9872 now
2021-07-23 00:57:52,118 [Listener at 127.0.0.1/34417] INFO  server.GrpcService (GrpcService.java:closeImpl(271)) - om1: shutdown server with port 9872 successfully
2021-07-23 00:57:52,118 [org.apache.ratis.util.JvmPauseMonitor$$Lambda$526/1160298887@278e721e] INFO  util.JvmPauseMonitor (JvmPauseMonitor.java:run(109)) - JvmPauseMonitor-om1: Stopped
2021-07-23 00:57:52,119 [Listener at 127.0.0.1/34417] INFO  ratis.OzoneManagerDoubleBuffer (OzoneManagerDoubleBuffer.java:stop(437)) - Stopping OMDoubleBuffer flush thread
2021-07-23 00:57:52,119 [OMDoubleBufferFlushThread] INFO  ratis.OzoneManagerDoubleBuffer (OzoneManagerDoubleBuffer.java:flushTransactions(356)) - OMDoubleBuffer flush thread OMDoubleBufferFlushThread is interrupted and will exit. OMDoubleBufferFlushThread
2021-07-23 00:57:52,119 [Listener at 127.0.0.1/34417] INFO  utils.BackgroundService (BackgroundService.java:shutdown(132)) - Shutting down service KeyDeletingService
2021-07-23 00:57:52,120 [Listener at 127.0.0.1/34417] INFO  handler.ContextHandler (ContextHandler.java:doStop(1154)) - Stopped o.e.j.w.WebAppContext@2e33a4b0{ozoneManager,/,null,STOPPED}{file:/home/runner/work/ozone/ozone/mnt/ozone/hadoop-ozone/integration-test/target/test-classes/webapps/ozoneManager}
2021-07-23 00:57:52,120 [SCMBlockDeletingService#0] DEBUG block.SCMBlockDeletingService (SCMBlockDeletingService.java:call(131)) - Running DeletedBlockTransactionScanner
2021-07-23 00:57:52,121 [Listener at 127.0.0.1/34417] INFO  server.AbstractConnector (AbstractConnector.java:doStop(381)) - Stopped ServerConnector@173398da{HTTP/1.1, (http/1.1)}{0.0.0.0:0}
2021-07-23 00:57:52,121 [Listener at 127.0.0.1/34417] INFO  server.session (HouseKeeper.java:stopScavenging(149)) - node0 Stopped scavenging
2021-07-23 00:57:52,121 [Listener at 127.0.0.1/34417] INFO  handler.ContextHandler (ContextHandler.java:doStop(1154)) - Stopped o.e.j.s.ServletContextHandler@2219d6d8{static,/static,file:///home/runner/work/ozone/ozone/mnt/ozone/hadoop-ozone/integration-test/target/test-classes/webapps/static,STOPPED}
2021-07-23 00:57:52,121 [Listener at 127.0.0.1/34417] INFO  handler.ContextHandler (ContextHandler.java:doStop(1154)) - Stopped o.e.j.s.ServletContextHandler@1f146411{logs,/logs,file:///home/runner/work/ozone/ozone/mnt/ozone/hadoop-ozone/integration-test/target/log,STOPPED}
2021-07-23 00:57:52,123 [Listener at 127.0.0.1/34417] INFO  ozone.MiniOzoneClusterImpl (MiniOzoneClusterImpl.java:stopDatanodes(522)) - Stopping the HddsDatanodes
2021-07-23 00:57:52,215 [Datanode State Machine Thread - 0] INFO  statemachine.DatanodeStateMachine (DatanodeStateMachine.java:lambda$startDaemon$0(456)) - Ozone container server started.
2021-07-23 00:57:52,220 [SCMBlockDeletingService#0] DEBUG block.SCMBlockDeletingService (SCMBlockDeletingService.java:call(131)) - Running DeletedBlockTransactionScanner
2021-07-23 00:57:52,248 [Datanode State Machine Thread - 0] INFO  statemachine.DatanodeStateMachine (DatanodeStateMachine.java:lambda$startDaemon$0(456)) - Ozone container server started.
2021-07-23 00:57:52,321 [SCMBlockDeletingService#0] DEBUG block.SCMBlockDeletingService (SCMBlockDeletingService.java:call(131)) - Running DeletedBlockTransactionScanner
2021-07-23 00:57:52,421 [SCMBlockDeletingService#0] DEBUG block.SCMBlockDeletingService (SCMBlockDeletingService.java:call(131)) - Running DeletedBlockTransactionScanner
2021-07-23 00:57:52,521 [SCMBlockDeletingService#0] DEBUG block.SCMBlockDeletingService (SCMBlockDeletingService.java:call(131)) - Running DeletedBlockTransactionScanner
2021-07-23 00:57:52,621 [SCMBlockDeletingService#0] DEBUG block.SCMBlockDeletingService (SCMBlockDeletingService.java:call(131)) - Running DeletedBlockTransactionScanner
2021-07-23 00:57:52,721 [SCMBlockDeletingService#0] DEBUG block.SCMBlockDeletingService (SCMBlockDeletingService.java:call(131)) - Running DeletedBlockTransactionScanner
2021-07-23 00:57:52,821 [SCMBlockDeletingService#0] DEBUG block.SCMBlockDeletingService (SCMBlockDeletingService.java:call(131)) - Running DeletedBlockTransactionScanner
2021-07-23 00:57:52,922 [SCMBlockDeletingService#0] DEBUG block.SCMBlockDeletingService (SCMBlockDeletingService.java:call(131)) - Running DeletedBlockTransactionScanner
2021-07-23 00:57:53,022 [SCMBlockDeletingService#0] DEBUG block.SCMBlockDeletingService (SCMBlockDeletingService.java:call(131)) - Running DeletedBlockTransactionScanner
2021-07-23 00:57:53,122 [SCMBlockDeletingService#0] DEBUG block.SCMBlockDeletingService (SCMBlockDeletingService.java:call(131)) - Running DeletedBlockTransactionScanner
2021-07-23 00:57:53,222 [SCMBlockDeletingService#0] DEBUG block.SCMBlockDeletingService (SCMBlockDeletingService.java:call(131)) - Running DeletedBlockTransactionScanner
2021-07-23 00:57:53,322 [SCMBlockDeletingService#0] DEBUG block.SCMBlockDeletingService (SCMBlockDeletingService.java:call(131)) - Running DeletedBlockTransactionScanner
2021-07-23 00:57:53,422 [SCMBlockDeletingService#0] DEBUG block.SCMBlockDeletingService (SCMBlockDeletingService.java:call(131)) - Running DeletedBlockTransactionScanner
2021-07-23 00:57:53,523 [SCMBlockDeletingService#0] DEBUG block.SCMBlockDeletingService (SCMBlockDeletingService.java:call(131)) - Running DeletedBlockTransactionScanner
2021-07-23 00:57:53,623 [SCMBlockDeletingService#0] DEBUG block.SCMBlockDeletingService (SCMBlockDeletingService.java:call(131)) - Running DeletedBlockTransactionScanner
2021-07-23 00:57:53,723 [SCMBlockDeletingService#0] DEBUG block.SCMBlockDeletingService (SCMBlockDeletingService.java:call(131)) - Running DeletedBlockTransactionScanner
2021-07-23 00:57:53,823 [SCMBlockDeletingService#0] DEBUG block.SCMBlockDeletingService (SCMBlockDeletingService.java:call(131)) - Running DeletedBlockTransactionScanner
2021-07-23 00:57:53,923 [SCMBlockDeletingService#0] DEBUG block.SCMBlockDeletingService (SCMBlockDeletingService.java:call(131)) - Running DeletedBlockTransactionScanner
2021-07-23 00:57:54,023 [SCMBlockDeletingService#0] DEBUG block.SCMBlockDeletingService (SCMBlockDeletingService.java:call(131)) - Running DeletedBlockTransactionScanner
2021-07-23 00:57:54,123 [SCMBlockDeletingService#0] DEBUG block.SCMBlockDeletingService (SCMBlockDeletingService.java:call(131)) - Running DeletedBlockTransactionScanner
2021-07-23 00:57:54,223 [SCMBlockDeletingService#0] DEBUG block.SCMBlockDeletingService (SCMBlockDeletingService.java:call(131)) - Running DeletedBlockTransactionScanner
2021-07-23 00:57:54,324 [SCMBlockDeletingService#0] DEBUG block.SCMBlockDeletingService (SCMBlockDeletingService.java:call(131)) - Running DeletedBlockTransactionScanner
2021-07-23 00:57:54,424 [SCMBlockDeletingService#0] DEBUG block.SCMBlockDeletingService (SCMBlockDeletingService.java:call(131)) - Running DeletedBlockTransactionScanner
2021-07-23 00:57:54,524 [SCMBlockDeletingService#0] DEBUG block.SCMBlockDeletingService (SCMBlockDeletingService.java:call(131)) - Running DeletedBlockTransactionScanner
2021-07-23 00:57:54,624 [SCMBlockDeletingService#0] DEBUG block.SCMBlockDeletingService (SCMBlockDeletingService.java:call(131)) - Running DeletedBlockTransactionScanner
2021-07-23 00:57:54,724 [SCMBlockDeletingService#0] DEBUG block.SCMBlockDeletingService (SCMBlockDeletingService.java:call(131)) - Running DeletedBlockTransactionScanner
2021-07-23 00:57:54,824 [SCMBlockDeletingService#0] DEBUG block.SCMBlockDeletingService (SCMBlockDeletingService.java:call(131)) - Running DeletedBlockTransactionScanner
2021-07-23 00:57:54,924 [SCMBlockDeletingService#0] DEBUG block.SCMBlockDeletingService (SCMBlockDeletingService.java:call(131)) - Running DeletedBlockTransactionScanner
2021-07-23 00:57:55,025 [SCMBlockDeletingService#0] DEBUG block.SCMBlockDeletingService (SCMBlockDeletingService.java:call(131)) - Running DeletedBlockTransactionScanner
2021-07-23 00:57:55,026 [EventQueue-StaleNodeForStaleNodeHandler] INFO  node.StaleNodeHandler (StaleNodeHandler.java:onMessage(58)) - Datanode dd0a5bb7-4770-4f66-9d90-0fb3dd50f458{ip: 10.1.0.23, host: fv-az184-788.3ow45vhwbzuu5incsxmygykede.cx.internal.cloudapp.net, ports: [REPLICATION=40591, RATIS=42569, RATIS_ADMIN=42569, RATIS_SERVER=42569, STANDALONE=34461], networkLocation: /default-rack, certSerialId: null, persistedOpState: IN_SERVICE, persistedOpStateExpiryEpochSec: 0} moved to stale state. Finalizing its pipelines [PipelineID=5396f600-89aa-4f07-8e4f-3cd304aa30cd]
2021-07-23 00:57:55,026 [EventQueue-StaleNodeForStaleNodeHandler] INFO  pipeline.PipelineManagerV2Impl (PipelineManagerV2Impl.java:closePipeline(343)) - Pipeline Pipeline[ Id: 5396f600-89aa-4f07-8e4f-3cd304aa30cd, Nodes: dd0a5bb7-4770-4f66-9d90-0fb3dd50f458{ip: 10.1.0.23, host: fv-az184-788.3ow45vhwbzuu5incsxmygykede.cx.internal.cloudapp.net, ports: [REPLICATION=40591, RATIS=42569, RATIS_ADMIN=42569, RATIS_SERVER=42569, STANDALONE=34461], networkLocation: /default-rack, certSerialId: null, persistedOpState: IN_SERVICE, persistedOpStateExpiryEpochSec: 0}c0918ed1-71ae-4b85-9b7a-7a5f0f49a9a3{ip: 10.1.0.23, host: fv-az184-788.3ow45vhwbzuu5incsxmygykede.cx.internal.cloudapp.net, ports: [REPLICATION=37515, RATIS=35867, RATIS_ADMIN=35867, RATIS_SERVER=35867, STANDALONE=40823], networkLocation: /default-rack, certSerialId: null, persistedOpState: IN_SERVICE, persistedOpStateExpiryEpochSec: 0}a10aadcf-1631-4a33-847f-9d04cfd12be0{ip: 10.1.0.23, host: fv-az184-788.3ow45vhwbzuu5incsxmygykede.cx.internal.cloudapp.net, ports: [REPLICATION=36119, RATIS=45765, RATIS_ADMIN=45765, RATIS_SERVER=45765, STANDALONE=33961], networkLocation: /default-rack, certSerialId: null, persistedOpState: IN_SERVICE, persistedOpStateExpiryEpochSec: 0}, ReplicationConfig: RATIS/THREE, State:ALLOCATED, leaderId:, CreationTimestamp2021-07-23T00:57:51.123Z[Etc/UTC]] moved to CLOSED state
2021-07-23 00:57:55,125 [SCMBlockDeletingService#0] DEBUG block.SCMBlockDeletingService (SCMBlockDeletingService.java:call(131)) - Running DeletedBlockTransactionScanner
2021-07-23 00:57:55,126 [EventQueue-StaleNodeForStaleNodeHandler] INFO  node.StaleNodeHandler (StaleNodeHandler.java:onMessage(58)) - Datanode a10aadcf-1631-4a33-847f-9d04cfd12be0{ip: 10.1.0.23, host: fv-az184-788.3ow45vhwbzuu5incsxmygykede.cx.internal.cloudapp.net, ports: [REPLICATION=36119, RATIS=45765, RATIS_ADMIN=45765, RATIS_SERVER=45765, STANDALONE=33961], networkLocation: /default-rack, certSerialId: null, persistedOpState: IN_SERVICE, persistedOpStateExpiryEpochSec: 0} moved to stale state. Finalizing its pipelines [PipelineID=5396f600-89aa-4f07-8e4f-3cd304aa30cd]
2021-07-23 00:57:55,225 [SCMBlockDeletingService#0] DEBUG block.SCMBlockDeletingService (SCMBlockDeletingService.java:call(131)) - Running DeletedBlockTransactionScanner
2021-07-23 00:57:55,325 [SCMBlockDeletingService#0] DEBUG block.SCMBlockDeletingService (SCMBlockDeletingService.java:call(131)) - Running DeletedBlockTransactionScanner
2021-07-23 00:57:55,425 [SCMBlockDeletingService#0] DEBUG block.SCMBlockDeletingService (SCMBlockDeletingService.java:call(131)) - Running DeletedBlockTransactionScanner
2021-07-23 00:57:55,525 [SCMBlockDeletingService#0] DEBUG block.SCMBlockDeletingService (SCMBlockDeletingService.java:call(131)) - Running DeletedBlockTransactionScanner
2021-07-23 00:57:55,625 [SCMBlockDeletingService#0] DEBUG block.SCMBlockDeletingService (SCMBlockDeletingService.java:call(131)) - Running DeletedBlockTransactionScanner
2021-07-23 00:57:55,726 [SCMBlockDeletingService#0] DEBUG block.SCMBlockDeletingService (SCMBlockDeletingService.java:call(131)) - Running DeletedBlockTransactionScanner
2021-07-23 00:57:55,826 [SCMBlockDeletingService#0] DEBUG block.SCMBlockDeletingService (SCMBlockDeletingService.java:call(131)) - Running DeletedBlockTransactionScanner
2021-07-23 00:57:55,926 [SCMBlockDeletingService#0] DEBUG block.SCMBlockDeletingService (SCMBlockDeletingService.java:call(131)) - Running DeletedBlockTransactionScanner
2021-07-23 00:57:56,026 [SCMBlockDeletingService#0] DEBUG block.SCMBlockDeletingService (SCMBlockDeletingService.java:call(131)) - Running DeletedBlockTransactionScanner
2021-07-23 00:57:56,126 [SCMBlockDeletingService#0] DEBUG block.SCMBlockDeletingService (SCMBlockDeletingService.java:call(131)) - Running DeletedBlockTransactionScanner
2021-07-23 00:57:56,226 [SCMBlockDeletingService#0] DEBUG block.SCMBlockDeletingService (SCMBlockDeletingService.java:call(131)) - Running DeletedBlockTransactionScanner
2021-07-23 00:57:56,327 [SCMBlockDeletingService#0] DEBUG block.SCMBlockDeletingService (SCMBlockDeletingService.java:call(131)) - Running DeletedBlockTransactionScanner
2021-07-23 00:57:56,427 [SCMBlockDeletingService#0] DEBUG block.SCMBlockDeletingService (SCMBlockDeletingService.java:call(131)) - Running DeletedBlockTransactionScanner
2021-07-23 00:57:56,509 [dd0a5bb7-4770-4f66-9d90-0fb3dd50f458@group-3CD304AA30CD-FollowerState] INFO  impl.FollowerState (FollowerState.java:run(134)) - dd0a5bb7-4770-4f66-9d90-0fb3dd50f458@group-3CD304AA30CD-FollowerState: change to CANDIDATE, lastRpcElapsedTime:5023830032ns, electionTimeout:5023ms
2021-07-23 00:57:56,509 [dd0a5bb7-4770-4f66-9d90-0fb3dd50f458@group-3CD304AA30CD-FollowerState] INFO  impl.RoleInfo (RoleInfo.java:shutdownFollowerState(108)) - dd0a5bb7-4770-4f66-9d90-0fb3dd50f458: shutdown dd0a5bb7-4770-4f66-9d90-0fb3dd50f458@group-3CD304AA30CD-FollowerState
2021-07-23 00:57:56,510 [dd0a5bb7-4770-4f66-9d90-0fb3dd50f458@group-3CD304AA30CD-FollowerState] INFO  server.RaftServer$Division (RaftServerImpl.java:setRole(285)) - dd0a5bb7-4770-4f66-9d90-0fb3dd50f458@group-3CD304AA30CD: changes role from  FOLLOWER to CANDIDATE at term 0 for changeToCandidate
2021-07-23 00:57:56,510 [dd0a5bb7-4770-4f66-9d90-0fb3dd50f458@group-3CD304AA30CD-FollowerState] INFO  server.RaftServerConfigKeys (ConfUtils.java:logGet(44)) - raft.server.leaderelection.pre-vote = false (custom)
2021-07-23 00:57:56,510 [dd0a5bb7-4770-4f66-9d90-0fb3dd50f458@group-3CD304AA30CD-FollowerState] INFO  impl.RoleInfo (RoleInfo.java:updateAndGet(130)) - dd0a5bb7-4770-4f66-9d90-0fb3dd50f458: start dd0a5bb7-4770-4f66-9d90-0fb3dd50f458@group-3CD304AA30CD-LeaderElection4
2021-07-23 00:57:56,512 [dd0a5bb7-4770-4f66-9d90-0fb3dd50f458@group-3CD304AA30CD-LeaderElection4] INFO  impl.LeaderElection (LeaderElection.java:askForVotes(306)) - dd0a5bb7-4770-4f66-9d90-0fb3dd50f458@group-3CD304AA30CD-LeaderElection4 ELECTION round 0: submit vote requests at term 1 for -1: [dd0a5bb7-4770-4f66-9d90-0fb3dd50f458|rpc:10.1.0.23:42569|dataStream:|priority:1, c0918ed1-71ae-4b85-9b7a-7a5f0f49a9a3|rpc:10.1.0.23:35867|dataStream:|priority:0, a10aadcf-1631-4a33-847f-9d04cfd12be0|rpc:10.1.0.23:45765|dataStream:|priority:0], old=null
2021-07-23 00:57:56,525 [grpc-default-executor-0] INFO  server.RaftServer$Division (RaftServerImpl.java:requestVote(1043)) - a10aadcf-1631-4a33-847f-9d04cfd12be0@group-3CD304AA30CD: receive requestVote(ELECTION, dd0a5bb7-4770-4f66-9d90-0fb3dd50f458, group-3CD304AA30CD, 1, (t:0, i:0))
2021-07-23 00:57:56,525 [grpc-default-executor-0] INFO  impl.VoteContext (VoteContext.java:log(48)) - a10aadcf-1631-4a33-847f-9d04cfd12be0@group-3CD304AA30CD-FOLLOWER: accept ELECTION from dd0a5bb7-4770-4f66-9d90-0fb3dd50f458: our priority 0 <= candidate's priority 1
2021-07-23 00:57:56,525 [grpc-default-executor-0] INFO  server.RaftServer$Division (RaftServerImpl.java:setRole(285)) - a10aadcf-1631-4a33-847f-9d04cfd12be0@group-3CD304AA30CD: changes role from  FOLLOWER to FOLLOWER at term 1 for candidate:dd0a5bb7-4770-4f66-9d90-0fb3dd50f458
2021-07-23 00:57:56,525 [grpc-default-executor-0] INFO  impl.RoleInfo (RoleInfo.java:shutdownFollowerState(108)) - a10aadcf-1631-4a33-847f-9d04cfd12be0: shutdown a10aadcf-1631-4a33-847f-9d04cfd12be0@group-3CD304AA30CD-FollowerState
2021-07-23 00:57:56,525 [grpc-default-executor-0] INFO  impl.RoleInfo (RoleInfo.java:updateAndGet(130)) - a10aadcf-1631-4a33-847f-9d04cfd12be0: start a10aadcf-1631-4a33-847f-9d04cfd12be0@group-3CD304AA30CD-FollowerState
2021-07-23 00:57:56,525 [a10aadcf-1631-4a33-847f-9d04cfd12be0@group-3CD304AA30CD-FollowerState] INFO  impl.FollowerState (FollowerState.java:run(143)) - a10aadcf-1631-4a33-847f-9d04cfd12be0@group-3CD304AA30CD-FollowerState was interrupted: {}
java.lang.InterruptedException: sleep interrupted
	at java.lang.Thread.sleep(Native Method)
	at java.lang.Thread.sleep(Thread.java:340)
	at java.util.concurrent.TimeUnit.sleep(TimeUnit.java:386)
	at org.apache.ratis.util.TimeDuration.sleep(TimeDuration.java:324)
	at org.apache.ratis.util.TimeDuration.sleep(TimeDuration.java:309)
	at org.apache.ratis.server.impl.FollowerState.run(FollowerState.java:118)
2021-07-23 00:57:56,532 [SCMBlockDeletingService#0] DEBUG block.SCMBlockDeletingService (SCMBlockDeletingService.java:call(131)) - Running DeletedBlockTransactionScanner
2021-07-23 00:57:56,532 [grpc-default-executor-0] INFO  server.RaftServer$Division (RaftServerImpl.java:requestVote(1075)) - a10aadcf-1631-4a33-847f-9d04cfd12be0@group-3CD304AA30CD replies to ELECTION vote request: dd0a5bb7-4770-4f66-9d90-0fb3dd50f458<-a10aadcf-1631-4a33-847f-9d04cfd12be0#0:OK-t1. Peer's state: a10aadcf-1631-4a33-847f-9d04cfd12be0@group-3CD304AA30CD:t1, leader=null, voted=dd0a5bb7-4770-4f66-9d90-0fb3dd50f458, raftlog=a10aadcf-1631-4a33-847f-9d04cfd12be0@group-3CD304AA30CD-SegmentedRaftLog:OPENED:c-1,f-1,i0, conf=-1: [dd0a5bb7-4770-4f66-9d90-0fb3dd50f458|rpc:10.1.0.23:42569|priority:1, c0918ed1-71ae-4b85-9b7a-7a5f0f49a9a3|rpc:10.1.0.23:35867|priority:0, a10aadcf-1631-4a33-847f-9d04cfd12be0|rpc:10.1.0.23:45765|priority:0], old=null
2021-07-23 00:57:56,533 [dd0a5bb7-4770-4f66-9d90-0fb3dd50f458@group-3CD304AA30CD-LeaderElection4] INFO  impl.LeaderElection (LeaderElection.java:logAndReturn(89)) - dd0a5bb7-4770-4f66-9d90-0fb3dd50f458@group-3CD304AA30CD-LeaderElection4: ELECTION PASSED received 1 response(s) and 0 exception(s):
2021-07-23 00:57:56,534 [dd0a5bb7-4770-4f66-9d90-0fb3dd50f458@group-3CD304AA30CD-LeaderElection4] INFO  impl.LeaderElection (LeaderElection.java:logAndReturn(93)) -   Response 0: dd0a5bb7-4770-4f66-9d90-0fb3dd50f458<-a10aadcf-1631-4a33-847f-9d04cfd12be0#0:OK-t1
2021-07-23 00:57:56,534 [dd0a5bb7-4770-4f66-9d90-0fb3dd50f458@group-3CD304AA30CD-LeaderElection4] INFO  impl.LeaderElection (LeaderElection.java:askForVotes(308)) - dd0a5bb7-4770-4f66-9d90-0fb3dd50f458@group-3CD304AA30CD-LeaderElection4 ELECTION round 0: result PASSED
2021-07-23 00:57:56,534 [dd0a5bb7-4770-4f66-9d90-0fb3dd50f458@group-3CD304AA30CD-LeaderElection4] INFO  impl.RoleInfo (RoleInfo.java:shutdownLeaderElection(121)) - dd0a5bb7-4770-4f66-9d90-0fb3dd50f458: shutdown dd0a5bb7-4770-4f66-9d90-0fb3dd50f458@group-3CD304AA30CD-LeaderElection4
2021-07-23 00:57:56,534 [dd0a5bb7-4770-4f66-9d90-0fb3dd50f458@group-3CD304AA30CD-LeaderElection4] INFO  server.RaftServer$Division (RaftServerImpl.java:setRole(285)) - dd0a5bb7-4770-4f66-9d90-0fb3dd50f458@group-3CD304AA30CD: changes role from CANDIDATE to LEADER at term 1 for changeToLeader
2021-07-23 00:57:56,534 [dd0a5bb7-4770-4f66-9d90-0fb3dd50f458@group-3CD304AA30CD-LeaderElection4] INFO  ratis.XceiverServerRatis (XceiverServerRatis.java:handleLeaderChangedNotification(857)) - Leader change notification received for group: group-3CD304AA30CD with new leaderId: dd0a5bb7-4770-4f66-9d90-0fb3dd50f458
2021-07-23 00:57:56,534 [dd0a5bb7-4770-4f66-9d90-0fb3dd50f458@group-3CD304AA30CD-LeaderElection4] INFO  server.RaftServer$Division (ServerState.java:setLeader(285)) - dd0a5bb7-4770-4f66-9d90-0fb3dd50f458@group-3CD304AA30CD: change Leader from null to dd0a5bb7-4770-4f66-9d90-0fb3dd50f458 at term 1 for becomeLeader, leader elected after 5053ms
2021-07-23 00:57:56,534 [dd0a5bb7-4770-4f66-9d90-0fb3dd50f458@group-3CD304AA30CD-LeaderElection4] INFO  server.RaftServerConfigKeys (ConfUtils.java:logGet(44)) - raft.server.staging.catchup.gap = 1000 (default)
2021-07-23 00:57:56,534 [dd0a5bb7-4770-4f66-9d90-0fb3dd50f458@group-3CD304AA30CD-LeaderElection4] INFO  server.RaftServerConfigKeys (ConfUtils.java:logGet(44)) - raft.server.write.element-limit = 1024 (custom)
2021-07-23 00:57:56,534 [dd0a5bb7-4770-4f66-9d90-0fb3dd50f458@group-3CD304AA30CD-LeaderElection4] INFO  server.RaftServerConfigKeys (ConfUtils.java:logGet(44)) - raft.server.write.byte-limit = 1073741824 (custom)
2021-07-23 00:57:56,534 [dd0a5bb7-4770-4f66-9d90-0fb3dd50f458@group-3CD304AA30CD-LeaderElection4] INFO  server.RaftServerConfigKeys (ConfUtils.java:logGet(44)) - raft.server.watch.timeout = 180s (custom)
2021-07-23 00:57:56,534 [dd0a5bb7-4770-4f66-9d90-0fb3dd50f458@group-3CD304AA30CD-LeaderElection4] INFO  server.RaftServerConfigKeys (ConfUtils.java:logGet(44)) - raft.server.watch.timeout.denomination = 1s (default)
2021-07-23 00:57:56,535 [dd0a5bb7-4770-4f66-9d90-0fb3dd50f458@group-3CD304AA30CD-LeaderElection4] INFO  server.RaftServerConfigKeys (ConfUtils.java:logGet(44)) - raft.server.watch.element-limit = 65536 (default)
2021-07-23 00:57:56,535 [dd0a5bb7-4770-4f66-9d90-0fb3dd50f458@group-3CD304AA30CD-LeaderElection4] INFO  server.RaftServerConfigKeys (ConfUtils.java:logGet(44)) - raft.server.log.appender.snapshot.chunk.size.max = 16MB (=16777216) (default)
2021-07-23 00:57:56,535 [dd0a5bb7-4770-4f66-9d90-0fb3dd50f458@group-3CD304AA30CD-LeaderElection4] INFO  server.RaftServerConfigKeys (ConfUtils.java:logGet(44)) - raft.server.log.appender.buffer.byte-limit = 33554432 (custom)
2021-07-23 00:57:56,535 [dd0a5bb7-4770-4f66-9d90-0fb3dd50f458@group-3CD304AA30CD-LeaderElection4] INFO  server.RaftServerConfigKeys (ConfUtils.java:logGet(44)) - raft.server.log.appender.buffer.element-limit = 1 (custom)
2021-07-23 00:57:56,535 [dd0a5bb7-4770-4f66-9d90-0fb3dd50f458@group-3CD304AA30CD-LeaderElection4] INFO  grpc.GrpcConfigKeys (ConfUtils.java:logGet(44)) - raft.grpc.server.leader.outstanding.appends.max = 128 (default)
2021-07-23 00:57:56,535 [dd0a5bb7-4770-4f66-9d90-0fb3dd50f458@group-3CD304AA30CD-LeaderElection4] INFO  server.RaftServerConfigKeys (ConfUtils.java:logGet(44)) - raft.server.rpc.request.timeout = 60s (custom)
2021-07-23 00:57:56,535 [dd0a5bb7-4770-4f66-9d90-0fb3dd50f458@group-3CD304AA30CD-LeaderElection4] INFO  server.RaftServerConfigKeys (ConfUtils.java:logGet(44)) - raft.server.log.appender.install.snapshot.enabled = false (custom)
2021-07-23 00:57:56,536 [dd0a5bb7-4770-4f66-9d90-0fb3dd50f458@group-3CD304AA30CD-LeaderElection4] INFO  server.RaftServerConfigKeys (ConfUtils.java:logGet(44)) - raft.server.log.appender.snapshot.chunk.size.max = 16MB (=16777216) (default)
2021-07-23 00:57:56,536 [dd0a5bb7-4770-4f66-9d90-0fb3dd50f458@group-3CD304AA30CD-LeaderElection4] INFO  server.RaftServerConfigKeys (ConfUtils.java:logGet(44)) - raft.server.log.appender.buffer.byte-limit = 33554432 (custom)
2021-07-23 00:57:56,536 [dd0a5bb7-4770-4f66-9d90-0fb3dd50f458@group-3CD304AA30CD-LeaderElection4] INFO  server.RaftServerConfigKeys (ConfUtils.java:logGet(44)) - raft.server.log.appender.buffer.element-limit = 1 (custom)
2021-07-23 00:57:56,536 [dd0a5bb7-4770-4f66-9d90-0fb3dd50f458@group-3CD304AA30CD-LeaderElection4] INFO  grpc.GrpcConfigKeys (ConfUtils.java:logGet(44)) - raft.grpc.server.leader.outstanding.appends.max = 128 (default)
2021-07-23 00:57:56,536 [dd0a5bb7-4770-4f66-9d90-0fb3dd50f458@group-3CD304AA30CD-LeaderElection4] INFO  server.RaftServerConfigKeys (ConfUtils.java:logGet(44)) - raft.server.rpc.request.timeout = 60s (custom)
2021-07-23 00:57:56,536 [dd0a5bb7-4770-4f66-9d90-0fb3dd50f458@group-3CD304AA30CD-LeaderElection4] INFO  server.RaftServerConfigKeys (ConfUtils.java:logGet(44)) - raft.server.log.appender.install.snapshot.enabled = false (custom)
2021-07-23 00:57:56,536 [dd0a5bb7-4770-4f66-9d90-0fb3dd50f458@group-3CD304AA30CD-LeaderElection4] INFO  impl.RoleInfo (RoleInfo.java:updateAndGet(130)) - dd0a5bb7-4770-4f66-9d90-0fb3dd50f458: start dd0a5bb7-4770-4f66-9d90-0fb3dd50f458@group-3CD304AA30CD-LeaderStateImpl
2021-07-23 00:57:56,536 [dd0a5bb7-4770-4f66-9d90-0fb3dd50f458@group-3CD304AA30CD-LeaderElection4] INFO  segmented.SegmentedRaftLogWorker (SegmentedRaftLogWorker.java:startLogSegment(394)) - dd0a5bb7-4770-4f66-9d90-0fb3dd50f458@group-3CD304AA30CD-SegmentedRaftLogWorker: Starting segment from index:0
2021-07-23 00:57:56,538 [dd0a5bb7-4770-4f66-9d90-0fb3dd50f458@group-3CD304AA30CD-SegmentedRaftLogWorker] INFO  segmented.SegmentedRaftLogWorker (SegmentedRaftLogWorker.java:execute(601)) - dd0a5bb7-4770-4f66-9d90-0fb3dd50f458@group-3CD304AA30CD-SegmentedRaftLogWorker: created new log segment /home/runner/work/ozone/ozone/mnt/ozone/hadoop-ozone/integration-test/target/test-dir/MiniOzoneClusterImpl-8cc5c0ec-9048-4102-91ef-822c63deda73/datanode-0/data/ratis/5396f600-89aa-4f07-8e4f-3cd304aa30cd/current/log_inprogress_0
2021-07-23 00:57:56,545 [dd0a5bb7-4770-4f66-9d90-0fb3dd50f458@group-3CD304AA30CD-LeaderElection4] INFO  server.RaftServer$Division (ServerState.java:setRaftConf(387)) - dd0a5bb7-4770-4f66-9d90-0fb3dd50f458@group-3CD304AA30CD: set configuration 0: [dd0a5bb7-4770-4f66-9d90-0fb3dd50f458|rpc:10.1.0.23:42569|dataStream:|priority:1, c0918ed1-71ae-4b85-9b7a-7a5f0f49a9a3|rpc:10.1.0.23:35867|dataStream:|priority:0, a10aadcf-1631-4a33-847f-9d04cfd12be0|rpc:10.1.0.23:45765|dataStream:|priority:0], old=null
2021-07-23 00:57:56,543 [grpc-default-executor-0] INFO  server.RaftServer$Division (RaftServerImpl.java:requestVote(1043)) - c0918ed1-71ae-4b85-9b7a-7a5f0f49a9a3@group-3CD304AA30CD: receive requestVote(ELECTION, dd0a5bb7-4770-4f66-9d90-0fb3dd50f458, group-3CD304AA30CD, 1, (t:0, i:0))
2021-07-23 00:57:56,543 [grpc-default-executor-1] INFO  ratis.XceiverServerRatis (XceiverServerRatis.java:handleLeaderChangedNotification(857)) - Leader change notification received for group: group-3CD304AA30CD with new leaderId: dd0a5bb7-4770-4f66-9d90-0fb3dd50f458
2021-07-23 00:57:56,551 [grpc-default-executor-1] INFO  server.RaftServer$Division (ServerState.java:setLeader(285)) - c0918ed1-71ae-4b85-9b7a-7a5f0f49a9a3@group-3CD304AA30CD: change Leader from null to dd0a5bb7-4770-4f66-9d90-0fb3dd50f458 at term 1 for appendEntries, leader elected after 5032ms
2021-07-23 00:57:56,551 [grpc-default-executor-0] INFO  impl.VoteContext (VoteContext.java:log(48)) - c0918ed1-71ae-4b85-9b7a-7a5f0f49a9a3@group-3CD304AA30CD-FOLLOWER: reject ELECTION from dd0a5bb7-4770-4f66-9d90-0fb3dd50f458: this server is a follower and still has a valid leader dd0a5bb7-4770-4f66-9d90-0fb3dd50f458
2021-07-23 00:57:56,552 [grpc-default-executor-0] INFO  server.RaftServer$Division (RaftServerImpl.java:requestVote(1075)) - c0918ed1-71ae-4b85-9b7a-7a5f0f49a9a3@group-3CD304AA30CD replies to ELECTION vote request: dd0a5bb7-4770-4f66-9d90-0fb3dd50f458<-c0918ed1-71ae-4b85-9b7a-7a5f0f49a9a3#0:FAIL-t1. Peer's state: c0918ed1-71ae-4b85-9b7a-7a5f0f49a9a3@group-3CD304AA30CD:t1, leader=dd0a5bb7-4770-4f66-9d90-0fb3dd50f458, voted=null, raftlog=c0918ed1-71ae-4b85-9b7a-7a5f0f49a9a3@group-3CD304AA30CD-SegmentedRaftLog:OPENED:c-1,f-1,i0, conf=-1: [dd0a5bb7-4770-4f66-9d90-0fb3dd50f458|rpc:10.1.0.23:42569|dataStream:|priority:1, c0918ed1-71ae-4b85-9b7a-7a5f0f49a9a3|rpc:10.1.0.23:35867|dataStream:|priority:0, a10aadcf-1631-4a33-847f-9d04cfd12be0|rpc:10.1.0.23:45765|dataStream:|priority:0], old=null
2021-07-23 00:57:56,556 [grpc-default-executor-2] INFO  ratis.XceiverServerRatis (XceiverServerRatis.java:handleLeaderChangedNotification(857)) - Leader change notification received for group: group-3CD304AA30CD with new leaderId: dd0a5bb7-4770-4f66-9d90-0fb3dd50f458
2021-07-23 00:57:56,556 [grpc-default-executor-2] INFO  server.RaftServer$Division (ServerState.java:setLeader(285)) - a10aadcf-1631-4a33-847f-9d04cfd12be0@group-3CD304AA30CD: change Leader from null to dd0a5bb7-4770-4f66-9d90-0fb3dd50f458 at term 1 for appendEntries, leader elected after 5108ms
2021-07-23 00:57:56,566 [grpc-default-executor-2] INFO  server.RaftServer$Division (ServerState.java:setRaftConf(387)) - a10aadcf-1631-4a33-847f-9d04cfd12be0@group-3CD304AA30CD: set configuration 0: [dd0a5bb7-4770-4f66-9d90-0fb3dd50f458|rpc:10.1.0.23:42569|dataStream:|priority:1, c0918ed1-71ae-4b85-9b7a-7a5f0f49a9a3|rpc:10.1.0.23:35867|dataStream:|priority:0, a10aadcf-1631-4a33-847f-9d04cfd12be0|rpc:10.1.0.23:45765|dataStream:|priority:0], old=null
2021-07-23 00:57:56,566 [grpc-default-executor-1] INFO  server.RaftServer$Division (ServerState.java:setRaftConf(387)) - c0918ed1-71ae-4b85-9b7a-7a5f0f49a9a3@group-3CD304AA30CD: set configuration 0: [dd0a5bb7-4770-4f66-9d90-0fb3dd50f458|rpc:10.1.0.23:42569|dataStream:|priority:1, c0918ed1-71ae-4b85-9b7a-7a5f0f49a9a3|rpc:10.1.0.23:35867|dataStream:|priority:0, a10aadcf-1631-4a33-847f-9d04cfd12be0|rpc:10.1.0.23:45765|dataStream:|priority:0], old=null
2021-07-23 00:57:56,566 [grpc-default-executor-2] INFO  segmented.SegmentedRaftLogWorker (SegmentedRaftLogWorker.java:startLogSegment(394)) - a10aadcf-1631-4a33-847f-9d04cfd12be0@group-3CD304AA30CD-SegmentedRaftLogWorker: Starting segment from index:0
2021-07-23 00:57:56,566 [grpc-default-executor-1] INFO  segmented.SegmentedRaftLogWorker (SegmentedRaftLogWorker.java:startLogSegment(394)) - c0918ed1-71ae-4b85-9b7a-7a5f0f49a9a3@group-3CD304AA30CD-SegmentedRaftLogWorker: Starting segment from index:0
2021-07-23 00:57:56,568 [c0918ed1-71ae-4b85-9b7a-7a5f0f49a9a3@group-3CD304AA30CD-SegmentedRaftLogWorker] INFO  segmented.SegmentedRaftLogWorker (SegmentedRaftLogWorker.java:execute(601)) - c0918ed1-71ae-4b85-9b7a-7a5f0f49a9a3@group-3CD304AA30CD-SegmentedRaftLogWorker: created new log segment /home/runner/work/ozone/ozone/mnt/ozone/hadoop-ozone/integration-test/target/test-dir/MiniOzoneClusterImpl-8cc5c0ec-9048-4102-91ef-822c63deda73/datanode-2/data/ratis/5396f600-89aa-4f07-8e4f-3cd304aa30cd/current/log_inprogress_0
2021-07-23 00:57:56,568 [a10aadcf-1631-4a33-847f-9d04cfd12be0@group-3CD304AA30CD-SegmentedRaftLogWorker] INFO  segmented.SegmentedRaftLogWorker (SegmentedRaftLogWorker.java:execute(601)) - a10aadcf-1631-4a33-847f-9d04cfd12be0@group-3CD304AA30CD-SegmentedRaftLogWorker: created new log segment /home/runner/work/ozone/ozone/mnt/ozone/hadoop-ozone/integration-test/target/test-dir/MiniOzoneClusterImpl-8cc5c0ec-9048-4102-91ef-822c63deda73/datanode-1/data/ratis/5396f600-89aa-4f07-8e4f-3cd304aa30cd/current/log_inprogress_0
2021-07-23 00:57:56,632 [SCMBlockDeletingService#0] DEBUG block.SCMBlockDeletingService (SCMBlockDeletingService.java:call(131)) - Running DeletedBlockTransactionScanner
2021-07-23 00:57:56,732 [SCMBlockDeletingService#0] DEBUG block.SCMBlockDeletingService (SCMBlockDeletingService.java:call(131)) - Running DeletedBlockTransactionScanner
2021-07-23 00:57:56,833 [SCMBlockDeletingService#0] DEBUG block.SCMBlockDeletingService (SCMBlockDeletingService.java:call(131)) - Running DeletedBlockTransactionScanner
2021-07-23 00:57:56,933 [SCMBlockDeletingService#0] DEBUG block.SCMBlockDeletingService (SCMBlockDeletingService.java:call(131)) - Running DeletedBlockTransactionScanner
2021-07-23 00:57:57,033 [SCMBlockDeletingService#0] DEBUG block.SCMBlockDeletingService (SCMBlockDeletingService.java:call(131)) - Running DeletedBlockTransactionScanner
2021-07-23 00:57:57,124 [Listener at 127.0.0.1/34417] INFO  ozoneimpl.OzoneContainer (OzoneContainer.java:stop(326)) - Attempting to stop container services.
2021-07-23 00:57:57,124 [ForkJoinPool.commonPool-worker-1] INFO  ozoneimpl.OzoneContainer (OzoneContainer.java:stop(326)) - Attempting to stop container services.
2021-07-23 00:57:57,125 [Listener at 127.0.0.1/34417] INFO  server.RaftServer (RaftServerProxy.java:lambda$close$6(391)) - a10aadcf-1631-4a33-847f-9d04cfd12be0: close
2021-07-23 00:57:57,125 [ForkJoinPool.commonPool-worker-1] INFO  server.RaftServer (RaftServerProxy.java:lambda$close$6(391)) - dd0a5bb7-4770-4f66-9d90-0fb3dd50f458: close
2021-07-23 00:57:57,125 [Listener at 127.0.0.1/34417] INFO  server.RaftServer$Division (RaftServerImpl.java:lambda$close$4(407)) - a10aadcf-1631-4a33-847f-9d04cfd12be0@group-3CD304AA30CD: shutdown
2021-07-23 00:57:57,125 [ForkJoinPool.commonPool-worker-1] INFO  server.RaftServer$Division (RaftServerImpl.java:lambda$close$4(407)) - dd0a5bb7-4770-4f66-9d90-0fb3dd50f458@group-3CD304AA30CD: shutdown
2021-07-23 00:57:57,126 [Listener at 127.0.0.1/34417] INFO  util.JmxRegister (JmxRegister.java:unregister(73)) - Successfully un-registered JMX Bean with object name Ratis:service=RaftServer,group=group-3CD304AA30CD,id=a10aadcf-1631-4a33-847f-9d04cfd12be0
2021-07-23 00:57:57,126 [Listener at 127.0.0.1/34417] INFO  impl.RoleInfo (RoleInfo.java:shutdownFollowerState(108)) - a10aadcf-1631-4a33-847f-9d04cfd12be0: shutdown a10aadcf-1631-4a33-847f-9d04cfd12be0@group-3CD304AA30CD-FollowerState
2021-07-23 00:57:57,126 [ForkJoinPool.commonPool-worker-1] INFO  util.JmxRegister (JmxRegister.java:unregister(73)) - Successfully un-registered JMX Bean with object name Ratis:service=RaftServer,group=group-3CD304AA30CD,id=dd0a5bb7-4770-4f66-9d90-0fb3dd50f458
2021-07-23 00:57:57,126 [ForkJoinPool.commonPool-worker-1] INFO  impl.RoleInfo (RoleInfo.java:shutdownLeaderState(91)) - dd0a5bb7-4770-4f66-9d90-0fb3dd50f458: shutdown dd0a5bb7-4770-4f66-9d90-0fb3dd50f458@group-3CD304AA30CD-LeaderStateImpl
2021-07-23 00:57:57,126 [a10aadcf-1631-4a33-847f-9d04cfd12be0@group-3CD304AA30CD-FollowerState] INFO  impl.FollowerState (FollowerState.java:run(143)) - a10aadcf-1631-4a33-847f-9d04cfd12be0@group-3CD304AA30CD-FollowerState was interrupted: {}
java.lang.InterruptedException: sleep interrupted
	at java.lang.Thread.sleep(Native Method)
	at java.lang.Thread.sleep(Thread.java:340)
	at java.util.concurrent.TimeUnit.sleep(TimeUnit.java:386)
	at org.apache.ratis.util.TimeDuration.sleep(TimeDuration.java:324)
	at org.apache.ratis.util.TimeDuration.sleep(TimeDuration.java:309)
	at org.apache.ratis.server.impl.FollowerState.run(FollowerState.java:118)
2021-07-23 00:57:57,126 [Listener at 127.0.0.1/34417] INFO  impl.StateMachineUpdater (StateMachineUpdater.java:stopAndJoin(149)) - a10aadcf-1631-4a33-847f-9d04cfd12be0@group-3CD304AA30CD-StateMachineUpdater: set stopIndex = -1
2021-07-23 00:57:57,127 [Listener at 127.0.0.1/34417] INFO  server.RaftServer$Division (ServerState.java:close(419)) - a10aadcf-1631-4a33-847f-9d04cfd12be0@group-3CD304AA30CD: closes. applyIndex: -1
2021-07-23 00:57:57,126 [ForkJoinPool.commonPool-worker-1] INFO  impl.PendingRequests (PendingRequests.java:sendNotLeaderResponses(249)) - dd0a5bb7-4770-4f66-9d90-0fb3dd50f458@group-3CD304AA30CD-PendingRequests: sendNotLeaderResponses
2021-07-23 00:57:57,128 [ForkJoinPool.commonPool-worker-1] INFO  impl.StateMachineUpdater (StateMachineUpdater.java:stopAndJoin(149)) - dd0a5bb7-4770-4f66-9d90-0fb3dd50f458@group-3CD304AA30CD-StateMachineUpdater: set stopIndex = 0
2021-07-23 00:57:57,126 [dd0a5bb7-4770-4f66-9d90-0fb3dd50f458@group-3CD304AA30CD->c0918ed1-71ae-4b85-9b7a-7a5f0f49a9a3-GrpcLogAppender-LogAppenderDaemon] WARN  server.GrpcLogAppender (GrpcLogAppender.java:mayWait(175)) - dd0a5bb7-4770-4f66-9d90-0fb3dd50f458@group-3CD304AA30CD->c0918ed1-71ae-4b85-9b7a-7a5f0f49a9a3-GrpcLogAppender: Wait interrupted by java.lang.InterruptedException
2021-07-23 00:57:57,128 [dd0a5bb7-4770-4f66-9d90-0fb3dd50f458@group-3CD304AA30CD-StateMachineUpdater] INFO  ratis.ContainerStateMachine (ContainerStateMachine.java:takeSnapshot(291)) - group-3CD304AA30CD: Taking a snapshot at:(t:1, i:0) file /home/runner/work/ozone/ozone/mnt/ozone/hadoop-ozone/integration-test/target/test-dir/MiniOzoneClusterImpl-8cc5c0ec-9048-4102-91ef-822c63deda73/datanode-0/data/ratis/5396f600-89aa-4f07-8e4f-3cd304aa30cd/sm/snapshot.1_0
2021-07-23 00:57:57,126 [dd0a5bb7-4770-4f66-9d90-0fb3dd50f458@group-3CD304AA30CD->a10aadcf-1631-4a33-847f-9d04cfd12be0-GrpcLogAppender-LogAppenderDaemon] WARN  server.GrpcLogAppender (GrpcLogAppender.java:mayWait(175)) - dd0a5bb7-4770-4f66-9d90-0fb3dd50f458@group-3CD304AA30CD->a10aadcf-1631-4a33-847f-9d04cfd12be0-GrpcLogAppender: Wait interrupted by java.lang.InterruptedException
2021-07-23 00:57:57,127 [a10aadcf-1631-4a33-847f-9d04cfd12be0@group-3CD304AA30CD-SegmentedRaftLogWorker] INFO  segmented.SegmentedRaftLogWorker (SegmentedRaftLogWorker.java:run(327)) - a10aadcf-1631-4a33-847f-9d04cfd12be0@group-3CD304AA30CD-SegmentedRaftLogWorker was interrupted, exiting. There are 0 tasks remaining in the queue.
2021-07-23 00:57:57,129 [grpc-default-executor-1] INFO  server.GrpcServerProtocolService (GrpcServerProtocolService.java:onCompleted(140)) - c0918ed1-71ae-4b85-9b7a-7a5f0f49a9a3: Completed APPEND_ENTRIES, lastRequest: dd0a5bb7-4770-4f66-9d90-0fb3dd50f458->c0918ed1-71ae-4b85-9b7a-7a5f0f49a9a3#1-t1,previous=(t:0, i:0),leaderCommit=-1,initializing? true,entries: size=1, first=(t:1, i:0), CONFIGURATIONENTRY
2021-07-23 00:57:57,129 [dd0a5bb7-4770-4f66-9d90-0fb3dd50f458@group-3CD304AA30CD-StateMachineUpdater] INFO  ratis.ContainerStateMachine (ContainerStateMachine.java:takeSnapshot(302)) - group-3CD304AA30CD: Finished taking a snapshot at:(t:1, i:0) file:/home/runner/work/ozone/ozone/mnt/ozone/hadoop-ozone/integration-test/target/test-dir/MiniOzoneClusterImpl-8cc5c0ec-9048-4102-91ef-822c63deda73/datanode-0/data/ratis/5396f600-89aa-4f07-8e4f-3cd304aa30cd/sm/snapshot.1_0 took: 1 ms
2021-07-23 00:57:57,129 [dd0a5bb7-4770-4f66-9d90-0fb3dd50f458@group-3CD304AA30CD-StateMachineUpdater] INFO  impl.StateMachineUpdater (StateMachineUpdater.java:takeSnapshot(281)) - dd0a5bb7-4770-4f66-9d90-0fb3dd50f458@group-3CD304AA30CD-StateMachineUpdater: Took a snapshot at index 0
2021-07-23 00:57:57,130 [dd0a5bb7-4770-4f66-9d90-0fb3dd50f458@group-3CD304AA30CD-StateMachineUpdater] INFO  impl.StateMachineUpdater (StateMachineUpdater.java:lambda$new$0(89)) - dd0a5bb7-4770-4f66-9d90-0fb3dd50f458@group-3CD304AA30CD-StateMachineUpdater: snapshotIndex: updateIncreasingly -1 -> 0
2021-07-23 00:57:57,130 [grpc-default-executor-2] INFO  server.GrpcLogAppender (GrpcLogAppender.java:onCompleted(344)) - dd0a5bb7-4770-4f66-9d90-0fb3dd50f458@group-3CD304AA30CD->c0918ed1-71ae-4b85-9b7a-7a5f0f49a9a3-AppendLogResponseHandler: follower responses appendEntries COMPLETED
2021-07-23 00:57:57,130 [ForkJoinPool.commonPool-worker-1] INFO  server.RaftServer$Division (ServerState.java:close(419)) - dd0a5bb7-4770-4f66-9d90-0fb3dd50f458@group-3CD304AA30CD: closes. applyIndex: 0
2021-07-23 00:57:57,130 [grpc-default-executor-2] INFO  leader.FollowerInfo (FollowerInfoImpl.java:lambda$new$0(46)) - dd0a5bb7-4770-4f66-9d90-0fb3dd50f458@group-3CD304AA30CD->c0918ed1-71ae-4b85-9b7a-7a5f0f49a9a3: nextIndex: updateUnconditionally 1 -> 0
2021-07-23 00:57:57,130 [dd0a5bb7-4770-4f66-9d90-0fb3dd50f458@group-3CD304AA30CD-SegmentedRaftLogWorker] INFO  segmented.SegmentedRaftLogWorker (SegmentedRaftLogWorker.java:run(327)) - dd0a5bb7-4770-4f66-9d90-0fb3dd50f458@group-3CD304AA30CD-SegmentedRaftLogWorker was interrupted, exiting. There are 0 tasks remaining in the queue.
2021-07-23 00:57:57,130 [ForkJoinPool.commonPool-worker-1] INFO  segmented.SegmentedRaftLogWorker (SegmentedRaftLogWorker.java:close(237)) - dd0a5bb7-4770-4f66-9d90-0fb3dd50f458@group-3CD304AA30CD-SegmentedRaftLogWorker close()
2021-07-23 00:57:57,131 [ForkJoinPool.commonPool-worker-1] INFO  server.GrpcService (GrpcService.java:closeImpl(262)) - dd0a5bb7-4770-4f66-9d90-0fb3dd50f458: shutdown server with port 42569 now
2021-07-23 00:57:57,132 [grpc-default-executor-2] INFO  server.GrpcServerProtocolService (GrpcServerProtocolService.java:onCompleted(140)) - a10aadcf-1631-4a33-847f-9d04cfd12be0: Completed APPEND_ENTRIES, lastRequest: dd0a5bb7-4770-4f66-9d90-0fb3dd50f458->a10aadcf-1631-4a33-847f-9d04cfd12be0#1-t1,previous=(t:0, i:0),leaderCommit=-1,initializing? true,entries: size=1, first=(t:1, i:0), CONFIGURATIONENTRY
2021-07-23 00:57:57,133 [SCMBlockDeletingService#0] DEBUG block.SCMBlockDeletingService (SCMBlockDeletingService.java:call(131)) - Running DeletedBlockTransactionScanner
2021-07-23 00:57:57,133 [Listener at 127.0.0.1/34417] INFO  segmented.SegmentedRaftLogWorker (SegmentedRaftLogWorker.java:close(237)) - a10aadcf-1631-4a33-847f-9d04cfd12be0@group-3CD304AA30CD-SegmentedRaftLogWorker close()
2021-07-23 00:57:57,134 [grpc-default-executor-1] INFO  server.GrpcLogAppender (GrpcLogAppender.java:onCompleted(344)) - dd0a5bb7-4770-4f66-9d90-0fb3dd50f458@group-3CD304AA30CD->a10aadcf-1631-4a33-847f-9d04cfd12be0-AppendLogResponseHandler: follower responses appendEntries COMPLETED
2021-07-23 00:57:57,135 [grpc-default-executor-1] WARN  server.GrpcLogAppender (GrpcLogAppender.java:resetClient(96)) - dd0a5bb7-4770-4f66-9d90-0fb3dd50f458@group-3CD304AA30CD->a10aadcf-1631-4a33-847f-9d04cfd12be0-GrpcLogAppender: Failed to getClient for a10aadcf-1631-4a33-847f-9d04cfd12be0
org.apache.ratis.protocol.exceptions.AlreadyClosedException: dd0a5bb7-4770-4f66-9d90-0fb3dd50f458 is already CLOSED
	at org.apache.ratis.util.PeerProxyMap$PeerAndProxy.getProxy(PeerProxyMap.java:60)
	at org.apache.ratis.util.PeerProxyMap.getProxy(PeerProxyMap.java:114)
	at org.apache.ratis.grpc.server.GrpcLogAppender.getClient(GrpcLogAppender.java:89)
	at org.apache.ratis.grpc.server.GrpcLogAppender.resetClient(GrpcLogAppender.java:94)
	at org.apache.ratis.grpc.server.GrpcLogAppender.access$500(GrpcLogAppender.java:53)
	at org.apache.ratis.grpc.server.GrpcLogAppender$AppendLogResponseHandler.onCompleted(GrpcLogAppender.java:345)
	at org.apache.ratis.thirdparty.io.grpc.stub.ClientCalls$StreamObserverToCallListenerAdapter.onClose(ClientCalls.java:476)
	at org.apache.ratis.thirdparty.io.grpc.internal.ClientCallImpl.closeObserver(ClientCallImpl.java:616)
	at org.apache.ratis.thirdparty.io.grpc.internal.ClientCallImpl.access$300(ClientCallImpl.java:69)
	at org.apache.ratis.thirdparty.io.grpc.internal.ClientCallImpl$ClientStreamListenerImpl$1StreamClosed.runInternal(ClientCallImpl.java:802)
	at org.apache.ratis.thirdparty.io.grpc.internal.ClientCallImpl$ClientStreamListenerImpl$1StreamClosed.runInContext(ClientCallImpl.java:781)
	at org.apache.ratis.thirdparty.io.grpc.internal.ContextRunnable.run(ContextRunnable.java:37)
	at org.apache.ratis.thirdparty.io.grpc.internal.SerializingExecutor.run(SerializingExecutor.java:123)
	at java.util.concurrent.ThreadPoolExecutor.runWorker(ThreadPoolExecutor.java:1149)
	at java.util.concurrent.ThreadPoolExecutor$Worker.run(ThreadPoolExecutor.java:624)
	at java.lang.Thread.run(Thread.java:748)
2021-07-23 00:57:57,136 [grpc-default-executor-1] INFO  leader.FollowerInfo (FollowerInfoImpl.java:lambda$new$0(46)) - dd0a5bb7-4770-4f66-9d90-0fb3dd50f458@group-3CD304AA30CD->a10aadcf-1631-4a33-847f-9d04cfd12be0: nextIndex: updateUnconditionally 1 -> 0
2021-07-23 00:57:57,136 [ForkJoinPool.commonPool-worker-1] INFO  server.GrpcService (GrpcService.java:closeImpl(271)) - dd0a5bb7-4770-4f66-9d90-0fb3dd50f458: shutdown server with port 42569 successfully
2021-07-23 00:57:57,136 [org.apache.ratis.util.JvmPauseMonitor$$Lambda$526/1160298887@6134ebb4] INFO  util.JvmPauseMonitor (JvmPauseMonitor.java:run(109)) - JvmPauseMonitor-dd0a5bb7-4770-4f66-9d90-0fb3dd50f458: Stopped
2021-07-23 00:57:57,137 [Listener at 127.0.0.1/34417] INFO  server.GrpcService (GrpcService.java:closeImpl(262)) - a10aadcf-1631-4a33-847f-9d04cfd12be0: shutdown server with port 45765 now
2021-07-23 00:57:57,139 [Listener at 127.0.0.1/34417] INFO  server.GrpcService (GrpcService.java:closeImpl(271)) - a10aadcf-1631-4a33-847f-9d04cfd12be0: shutdown server with port 45765 successfully
2021-07-23 00:57:57,140 [org.apache.ratis.util.JvmPauseMonitor$$Lambda$526/1160298887@35bf411e] INFO  util.JvmPauseMonitor (JvmPauseMonitor.java:run(109)) - JvmPauseMonitor-a10aadcf-1631-4a33-847f-9d04cfd12be0: Stopped
2021-07-23 00:57:57,140 [Listener at 127.0.0.1/34417] INFO  utils.BackgroundService (BackgroundService.java:shutdown(132)) - Shutting down service BlockDeletingService
2021-07-23 00:57:57,141 [ForkJoinPool.commonPool-worker-1] INFO  utils.BackgroundService (BackgroundService.java:shutdown(132)) - Shutting down service BlockDeletingService
2021-07-23 00:57:57,150 [Listener at 127.0.0.1/34417] INFO  statemachine.DatanodeStateMachine (DatanodeStateMachine.java:stopDaemon(514)) - Ozone container server stopped.
2021-07-23 00:57:57,150 [Listener at 127.0.0.1/34417] INFO  handler.ContextHandler (ContextHandler.java:doStop(1154)) - Stopped o.e.j.w.WebAppContext@30360716{hddsDatanode,/,null,STOPPED}{jar:file:/home/runner/.m2/repository/org/apache/ozone/hdds-container-service/1.2.0-SNAPSHOT/hdds-container-service-1.2.0-SNAPSHOT.jar!/webapps/hddsDatanode}
2021-07-23 00:57:57,151 [ForkJoinPool.commonPool-worker-1] INFO  statemachine.DatanodeStateMachine (DatanodeStateMachine.java:stopDaemon(514)) - Ozone container server stopped.
2021-07-23 00:57:57,153 [Listener at 127.0.0.1/34417] INFO  server.AbstractConnector (AbstractConnector.java:doStop(381)) - Stopped ServerConnector@6e7da5f4{HTTP/1.1, (http/1.1)}{0.0.0.0:0}
2021-07-23 00:57:57,153 [Listener at 127.0.0.1/34417] INFO  server.session (HouseKeeper.java:stopScavenging(149)) - node0 Stopped scavenging
2021-07-23 00:57:57,153 [Listener at 127.0.0.1/34417] INFO  handler.ContextHandler (ContextHandler.java:doStop(1154)) - Stopped o.e.j.s.ServletContextHandler@593ec306{static,/static,jar:file:/home/runner/.m2/repository/org/apache/ozone/hdds-container-service/1.2.0-SNAPSHOT/hdds-container-service-1.2.0-SNAPSHOT.jar!/webapps/static,STOPPED}
2021-07-23 00:57:57,154 [Listener at 127.0.0.1/34417] INFO  handler.ContextHandler (ContextHandler.java:doStop(1154)) - Stopped o.e.j.s.ServletContextHandler@3d376d9b{logs,/logs,file:///home/runner/work/ozone/ozone/mnt/ozone/hadoop-ozone/integration-test/target/log,STOPPED}
2021-07-23 00:57:57,158 [ForkJoinPool.commonPool-worker-1] INFO  handler.ContextHandler (ContextHandler.java:doStop(1154)) - Stopped o.e.j.w.WebAppContext@4a796b3e{hddsDatanode,/,null,STOPPED}{jar:file:/home/runner/.m2/repository/org/apache/ozone/hdds-container-service/1.2.0-SNAPSHOT/hdds-container-service-1.2.0-SNAPSHOT.jar!/webapps/hddsDatanode}
2021-07-23 00:57:57,158 [ForkJoinPool.commonPool-worker-1] INFO  server.AbstractConnector (AbstractConnector.java:doStop(381)) - Stopped ServerConnector@556ef86d{HTTP/1.1, (http/1.1)}{0.0.0.0:35397}
2021-07-23 00:57:57,158 [ForkJoinPool.commonPool-worker-1] INFO  server.session (HouseKeeper.java:stopScavenging(149)) - node0 Stopped scavenging
2021-07-23 00:57:57,160 [ForkJoinPool.commonPool-worker-1] INFO  handler.ContextHandler (ContextHandler.java:doStop(1154)) - Stopped o.e.j.s.ServletContextHandler@315441a6{static,/static,jar:file:/home/runner/.m2/repository/org/apache/ozone/hdds-container-service/1.2.0-SNAPSHOT/hdds-container-service-1.2.0-SNAPSHOT.jar!/webapps/static,STOPPED}
2021-07-23 00:57:57,160 [ForkJoinPool.commonPool-worker-1] INFO  handler.ContextHandler (ContextHandler.java:doStop(1154)) - Stopped o.e.j.s.ServletContextHandler@5329822{logs,/logs,file:///home/runner/work/ozone/ozone/mnt/ozone/hadoop-ozone/integration-test/target/log,STOPPED}
2021-07-23 00:57:57,233 [SCMBlockDeletingService#0] DEBUG block.SCMBlockDeletingService (SCMBlockDeletingService.java:call(131)) - Running DeletedBlockTransactionScanner
2021-07-23 00:57:57,313 [Datanode State Machine Thread - 0] INFO  statemachine.DatanodeStateMachine (DatanodeStateMachine.java:lambda$startDaemon$0(456)) - Ozone container server started.
2021-07-23 00:57:57,333 [SCMBlockDeletingService#0] DEBUG block.SCMBlockDeletingService (SCMBlockDeletingService.java:call(131)) - Running DeletedBlockTransactionScanner
2021-07-23 00:57:57,433 [SCMBlockDeletingService#0] DEBUG block.SCMBlockDeletingService (SCMBlockDeletingService.java:call(131)) - Running DeletedBlockTransactionScanner
2021-07-23 00:57:57,534 [SCMBlockDeletingService#0] DEBUG block.SCMBlockDeletingService (SCMBlockDeletingService.java:call(131)) - Running DeletedBlockTransactionScanner
2021-07-23 00:57:57,634 [SCMBlockDeletingService#0] DEBUG block.SCMBlockDeletingService (SCMBlockDeletingService.java:call(131)) - Running DeletedBlockTransactionScanner
2021-07-23 00:57:57,734 [SCMBlockDeletingService#0] DEBUG block.SCMBlockDeletingService (SCMBlockDeletingService.java:call(131)) - Running DeletedBlockTransactionScanner
2021-07-23 00:57:57,834 [SCMBlockDeletingService#0] DEBUG block.SCMBlockDeletingService (SCMBlockDeletingService.java:call(131)) - Running DeletedBlockTransactionScanner
2021-07-23 00:57:57,934 [SCMBlockDeletingService#0] DEBUG block.SCMBlockDeletingService (SCMBlockDeletingService.java:call(131)) - Running DeletedBlockTransactionScanner
2021-07-23 00:57:58,034 [SCMBlockDeletingService#0] DEBUG block.SCMBlockDeletingService (SCMBlockDeletingService.java:call(131)) - Running DeletedBlockTransactionScanner
2021-07-23 00:57:58,135 [SCMBlockDeletingService#0] DEBUG block.SCMBlockDeletingService (SCMBlockDeletingService.java:call(131)) - Running DeletedBlockTransactionScanner
2021-07-23 00:57:58,235 [SCMBlockDeletingService#0] DEBUG block.SCMBlockDeletingService (SCMBlockDeletingService.java:call(131)) - Running DeletedBlockTransactionScanner
2021-07-23 00:57:58,335 [SCMBlockDeletingService#0] DEBUG block.SCMBlockDeletingService (SCMBlockDeletingService.java:call(131)) - Running DeletedBlockTransactionScanner
2021-07-23 00:57:58,435 [SCMBlockDeletingService#0] DEBUG block.SCMBlockDeletingService (SCMBlockDeletingService.java:call(131)) - Running DeletedBlockTransactionScanner
2021-07-23 00:57:58,535 [SCMBlockDeletingService#0] DEBUG block.SCMBlockDeletingService (SCMBlockDeletingService.java:call(131)) - Running DeletedBlockTransactionScanner
2021-07-23 00:57:58,635 [SCMBlockDeletingService#0] DEBUG block.SCMBlockDeletingService (SCMBlockDeletingService.java:call(131)) - Running DeletedBlockTransactionScanner
2021-07-23 00:57:58,736 [SCMBlockDeletingService#0] DEBUG block.SCMBlockDeletingService (SCMBlockDeletingService.java:call(131)) - Running DeletedBlockTransactionScanner
2021-07-23 00:57:58,836 [SCMBlockDeletingService#0] DEBUG block.SCMBlockDeletingService (SCMBlockDeletingService.java:call(131)) - Running DeletedBlockTransactionScanner
2021-07-23 00:57:58,936 [SCMBlockDeletingService#0] DEBUG block.SCMBlockDeletingService (SCMBlockDeletingService.java:call(131)) - Running DeletedBlockTransactionScanner
2021-07-23 00:57:59,036 [SCMBlockDeletingService#0] DEBUG block.SCMBlockDeletingService (SCMBlockDeletingService.java:call(131)) - Running DeletedBlockTransactionScanner
2021-07-23 00:57:59,136 [SCMBlockDeletingService#0] DEBUG block.SCMBlockDeletingService (SCMBlockDeletingService.java:call(131)) - Running DeletedBlockTransactionScanner
2021-07-23 00:57:59,237 [SCMBlockDeletingService#0] DEBUG block.SCMBlockDeletingService (SCMBlockDeletingService.java:call(131)) - Running DeletedBlockTransactionScanner
2021-07-23 00:57:59,337 [SCMBlockDeletingService#0] DEBUG block.SCMBlockDeletingService (SCMBlockDeletingService.java:call(131)) - Running DeletedBlockTransactionScanner
2021-07-23 00:57:59,437 [SCMBlockDeletingService#0] DEBUG block.SCMBlockDeletingService (SCMBlockDeletingService.java:call(131)) - Running DeletedBlockTransactionScanner
2021-07-23 00:57:59,537 [SCMBlockDeletingService#0] DEBUG block.SCMBlockDeletingService (SCMBlockDeletingService.java:call(131)) - Running DeletedBlockTransactionScanner
2021-07-23 00:57:59,637 [SCMBlockDeletingService#0] DEBUG block.SCMBlockDeletingService (SCMBlockDeletingService.java:call(131)) - Running DeletedBlockTransactionScanner
2021-07-23 00:57:59,737 [SCMBlockDeletingService#0] DEBUG block.SCMBlockDeletingService (SCMBlockDeletingService.java:call(131)) - Running DeletedBlockTransactionScanner
2021-07-23 00:57:59,837 [SCMBlockDeletingService#0] DEBUG block.SCMBlockDeletingService (SCMBlockDeletingService.java:call(131)) - Running DeletedBlockTransactionScanner
2021-07-23 00:57:59,938 [SCMBlockDeletingService#0] DEBUG block.SCMBlockDeletingService (SCMBlockDeletingService.java:call(131)) - Running DeletedBlockTransactionScanner
2021-07-23 00:58:00,038 [SCMBlockDeletingService#0] DEBUG block.SCMBlockDeletingService (SCMBlockDeletingService.java:call(131)) - Running DeletedBlockTransactionScanner
2021-07-23 00:58:00,138 [SCMBlockDeletingService#0] DEBUG block.SCMBlockDeletingService (SCMBlockDeletingService.java:call(131)) - Running DeletedBlockTransactionScanner
2021-07-23 00:58:00,139 [EventQueue-StaleNodeForStaleNodeHandler] INFO  node.StaleNodeHandler (StaleNodeHandler.java:onMessage(58)) - Datanode c0918ed1-71ae-4b85-9b7a-7a5f0f49a9a3{ip: 10.1.0.23, host: fv-az184-788.3ow45vhwbzuu5incsxmygykede.cx.internal.cloudapp.net, ports: [REPLICATION=37515, RATIS=35867, RATIS_ADMIN=35867, RATIS_SERVER=35867, STANDALONE=40823], networkLocation: /default-rack, certSerialId: null, persistedOpState: IN_SERVICE, persistedOpStateExpiryEpochSec: 0} moved to stale state. Finalizing its pipelines [PipelineID=5396f600-89aa-4f07-8e4f-3cd304aa30cd]
2021-07-23 00:58:00,238 [SCMBlockDeletingService#0] DEBUG block.SCMBlockDeletingService (SCMBlockDeletingService.java:call(131)) - Running DeletedBlockTransactionScanner
2021-07-23 00:58:00,338 [SCMBlockDeletingService#0] DEBUG block.SCMBlockDeletingService (SCMBlockDeletingService.java:call(131)) - Running DeletedBlockTransactionScanner
2021-07-23 00:58:00,438 [SCMBlockDeletingService#0] DEBUG block.SCMBlockDeletingService (SCMBlockDeletingService.java:call(131)) - Running DeletedBlockTransactionScanner
2021-07-23 00:58:00,539 [SCMBlockDeletingService#0] DEBUG block.SCMBlockDeletingService (SCMBlockDeletingService.java:call(131)) - Running DeletedBlockTransactionScanner
2021-07-23 00:58:00,639 [SCMBlockDeletingService#0] DEBUG block.SCMBlockDeletingService (SCMBlockDeletingService.java:call(131)) - Running DeletedBlockTransactionScanner
2021-07-23 00:58:00,739 [SCMBlockDeletingService#0] DEBUG block.SCMBlockDeletingService (SCMBlockDeletingService.java:call(131)) - Running DeletedBlockTransactionScanner
2021-07-23 00:58:00,839 [SCMBlockDeletingService#0] DEBUG block.SCMBlockDeletingService (SCMBlockDeletingService.java:call(131)) - Running DeletedBlockTransactionScanner
2021-07-23 00:58:00,939 [SCMBlockDeletingService#0] DEBUG block.SCMBlockDeletingService (SCMBlockDeletingService.java:call(131)) - Running DeletedBlockTransactionScanner
2021-07-23 00:58:01,039 [SCMBlockDeletingService#0] DEBUG block.SCMBlockDeletingService (SCMBlockDeletingService.java:call(131)) - Running DeletedBlockTransactionScanner
2021-07-23 00:58:01,140 [SCMBlockDeletingService#0] DEBUG block.SCMBlockDeletingService (SCMBlockDeletingService.java:call(131)) - Running DeletedBlockTransactionScanner
2021-07-23 00:58:01,240 [SCMBlockDeletingService#0] DEBUG block.SCMBlockDeletingService (SCMBlockDeletingService.java:call(131)) - Running DeletedBlockTransactionScanner
2021-07-23 00:58:01,340 [SCMBlockDeletingService#0] DEBUG block.SCMBlockDeletingService (SCMBlockDeletingService.java:call(131)) - Running DeletedBlockTransactionScanner
2021-07-23 00:58:01,440 [SCMBlockDeletingService#0] DEBUG block.SCMBlockDeletingService (SCMBlockDeletingService.java:call(131)) - Running DeletedBlockTransactionScanner
2021-07-23 00:58:01,540 [SCMBlockDeletingService#0] DEBUG block.SCMBlockDeletingService (SCMBlockDeletingService.java:call(131)) - Running DeletedBlockTransactionScanner
2021-07-23 00:58:01,641 [SCMBlockDeletingService#0] DEBUG block.SCMBlockDeletingService (SCMBlockDeletingService.java:call(131)) - Running DeletedBlockTransactionScanner
2021-07-23 00:58:01,741 [SCMBlockDeletingService#0] DEBUG block.SCMBlockDeletingService (SCMBlockDeletingService.java:call(131)) - Running DeletedBlockTransactionScanner
2021-07-23 00:58:01,841 [SCMBlockDeletingService#0] DEBUG block.SCMBlockDeletingService (SCMBlockDeletingService.java:call(131)) - Running DeletedBlockTransactionScanner
2021-07-23 00:58:01,941 [SCMBlockDeletingService#0] DEBUG block.SCMBlockDeletingService (SCMBlockDeletingService.java:call(131)) - Running DeletedBlockTransactionScanner
2021-07-23 00:58:02,041 [SCMBlockDeletingService#0] DEBUG block.SCMBlockDeletingService (SCMBlockDeletingService.java:call(131)) - Running DeletedBlockTransactionScanner
2021-07-23 00:58:02,141 [SCMBlockDeletingService#0] DEBUG block.SCMBlockDeletingService (SCMBlockDeletingService.java:call(131)) - Running DeletedBlockTransactionScanner
2021-07-23 00:58:02,156 [Listener at 127.0.0.1/34417] INFO  ozoneimpl.OzoneContainer (OzoneContainer.java:stop(326)) - Attempting to stop container services.
2021-07-23 00:58:02,157 [Listener at 127.0.0.1/34417] INFO  server.RaftServer (RaftServerProxy.java:lambda$close$6(391)) - c0918ed1-71ae-4b85-9b7a-7a5f0f49a9a3: close
2021-07-23 00:58:02,157 [Listener at 127.0.0.1/34417] INFO  server.RaftServer$Division (RaftServerImpl.java:lambda$close$4(407)) - c0918ed1-71ae-4b85-9b7a-7a5f0f49a9a3@group-3CD304AA30CD: shutdown
2021-07-23 00:58:02,157 [Listener at 127.0.0.1/34417] INFO  util.JmxRegister (JmxRegister.java:unregister(73)) - Successfully un-registered JMX Bean with object name Ratis:service=RaftServer,group=group-3CD304AA30CD,id=c0918ed1-71ae-4b85-9b7a-7a5f0f49a9a3
2021-07-23 00:58:02,157 [Listener at 127.0.0.1/34417] INFO  impl.RoleInfo (RoleInfo.java:shutdownFollowerState(108)) - c0918ed1-71ae-4b85-9b7a-7a5f0f49a9a3: shutdown c0918ed1-71ae-4b85-9b7a-7a5f0f49a9a3@group-3CD304AA30CD-FollowerState
2021-07-23 00:58:02,158 [Listener at 127.0.0.1/34417] INFO  impl.StateMachineUpdater (StateMachineUpdater.java:stopAndJoin(149)) - c0918ed1-71ae-4b85-9b7a-7a5f0f49a9a3@group-3CD304AA30CD-StateMachineUpdater: set stopIndex = -1
2021-07-23 00:58:02,158 [c0918ed1-71ae-4b85-9b7a-7a5f0f49a9a3@group-3CD304AA30CD-FollowerState] INFO  impl.FollowerState (FollowerState.java:run(143)) - c0918ed1-71ae-4b85-9b7a-7a5f0f49a9a3@group-3CD304AA30CD-FollowerState was interrupted: {}
java.lang.InterruptedException: sleep interrupted
	at java.lang.Thread.sleep(Native Method)
	at java.lang.Thread.sleep(Thread.java:340)
	at java.util.concurrent.TimeUnit.sleep(TimeUnit.java:386)
	at org.apache.ratis.util.TimeDuration.sleep(TimeDuration.java:324)
	at org.apache.ratis.util.TimeDuration.sleep(TimeDuration.java:309)
	at org.apache.ratis.server.impl.FollowerState.run(FollowerState.java:118)
2021-07-23 00:58:02,158 [Listener at 127.0.0.1/34417] INFO  server.RaftServer$Division (ServerState.java:close(419)) - c0918ed1-71ae-4b85-9b7a-7a5f0f49a9a3@group-3CD304AA30CD: closes. applyIndex: -1
2021-07-23 00:58:02,159 [c0918ed1-71ae-4b85-9b7a-7a5f0f49a9a3@group-3CD304AA30CD-SegmentedRaftLogWorker] INFO  segmented.SegmentedRaftLogWorker (SegmentedRaftLogWorker.java:run(327)) - c0918ed1-71ae-4b85-9b7a-7a5f0f49a9a3@group-3CD304AA30CD-SegmentedRaftLogWorker was interrupted, exiting. There are 0 tasks remaining in the queue.
2021-07-23 00:58:02,159 [Listener at 127.0.0.1/34417] INFO  segmented.SegmentedRaftLogWorker (SegmentedRaftLogWorker.java:close(237)) - c0918ed1-71ae-4b85-9b7a-7a5f0f49a9a3@group-3CD304AA30CD-SegmentedRaftLogWorker close()
2021-07-23 00:58:02,160 [Listener at 127.0.0.1/34417] INFO  server.GrpcService (GrpcService.java:closeImpl(262)) - c0918ed1-71ae-4b85-9b7a-7a5f0f49a9a3: shutdown server with port 35867 now
2021-07-23 00:58:02,166 [Listener at 127.0.0.1/34417] INFO  server.GrpcService (GrpcService.java:closeImpl(271)) - c0918ed1-71ae-4b85-9b7a-7a5f0f49a9a3: shutdown server with port 35867 successfully
2021-07-23 00:58:02,166 [org.apache.ratis.util.JvmPauseMonitor$$Lambda$526/1160298887@5bcd9c52] INFO  util.JvmPauseMonitor (JvmPauseMonitor.java:run(109)) - JvmPauseMonitor-c0918ed1-71ae-4b85-9b7a-7a5f0f49a9a3: Stopped
2021-07-23 00:58:02,168 [Listener at 127.0.0.1/34417] INFO  utils.BackgroundService (BackgroundService.java:shutdown(132)) - Shutting down service BlockDeletingService
2021-07-23 00:58:02,170 [Listener at 127.0.0.1/34417] INFO  statemachine.DatanodeStateMachine (DatanodeStateMachine.java:stopDaemon(514)) - Ozone container server stopped.
2021-07-23 00:58:02,171 [Listener at 127.0.0.1/34417] INFO  handler.ContextHandler (ContextHandler.java:doStop(1154)) - Stopped o.e.j.w.WebAppContext@579325f2{hddsDatanode,/,null,STOPPED}{jar:file:/home/runner/.m2/repository/org/apache/ozone/hdds-container-service/1.2.0-SNAPSHOT/hdds-container-service-1.2.0-SNAPSHOT.jar!/webapps/hddsDatanode}
2021-07-23 00:58:02,173 [Listener at 127.0.0.1/34417] INFO  server.AbstractConnector (AbstractConnector.java:doStop(381)) - Stopped ServerConnector@6d0d557c{HTTP/1.1, (http/1.1)}{0.0.0.0:0}
2021-07-23 00:58:02,173 [Listener at 127.0.0.1/34417] INFO  server.session (HouseKeeper.java:stopScavenging(149)) - node0 Stopped scavenging
2021-07-23 00:58:02,174 [Listener at 127.0.0.1/34417] INFO  handler.ContextHandler (ContextHandler.java:doStop(1154)) - Stopped o.e.j.s.ServletContextHandler@75d978a9{static,/static,jar:file:/home/runner/.m2/repository/org/apache/ozone/hdds-container-service/1.2.0-SNAPSHOT/hdds-container-service-1.2.0-SNAPSHOT.jar!/webapps/static,STOPPED}
2021-07-23 00:58:02,174 [Listener at 127.0.0.1/34417] INFO  handler.ContextHandler (ContextHandler.java:doStop(1154)) - Stopped o.e.j.s.ServletContextHandler@5dbcaae7{logs,/logs,file:///home/runner/work/ozone/ozone/mnt/ozone/hadoop-ozone/integration-test/target/log,STOPPED}
2021-07-23 00:58:02,175 [Listener at 127.0.0.1/34417] INFO  ozone.MiniOzoneClusterImpl (MiniOzoneClusterImpl.java:stopSCM(537)) - Stopping the StorageContainerManager
2021-07-23 00:58:02,175 [Listener at 127.0.0.1/34417] INFO  server.StorageContainerManager (StorageContainerManager.java:stop(1337)) - Stopping Replication Manager Service.
2021-07-23 00:58:02,175 [Listener at 127.0.0.1/34417] INFO  container.ReplicationManager (ReplicationManager.java:stop(317)) - Stopping Replication Monitor Thread.
2021-07-23 00:58:02,175 [Listener at 127.0.0.1/34417] INFO  server.StorageContainerManager (StorageContainerManager.java:stop(1344)) - Stopping the Datanode Admin Monitor.
2021-07-23 00:58:02,175 [Listener at 127.0.0.1/34417] INFO  server.StorageContainerManager (StorageContainerManager.java:stop(1351)) - Stopping Lease Manager of the command watchers
2021-07-23 00:58:02,175 [Listener at 127.0.0.1/34417] INFO  server.StorageContainerManager (StorageContainerManager.java:stop(1358)) - Stopping datanode service RPC server
2021-07-23 00:58:02,175 [Listener at 127.0.0.1/34417] INFO  server.SCMDatanodeProtocolServer (SCMDatanodeProtocolServer.java:stop(389)) - Stopping the RPC server for DataNodes
2021-07-23 00:58:02,176 [Listener at 127.0.0.1/34417] INFO  ipc.Server (Server.java:stop(3414)) - Stopping server on 37119
2021-07-23 00:58:02,176 [IPC Server listener on 0] INFO  ipc.Server (Server.java:run(1376)) - Stopping IPC Server listener on 0
2021-07-23 00:58:02,177 [IPC Server Responder] INFO  ipc.Server (Server.java:run(1512)) - Stopping IPC Server Responder
2021-07-23 00:58:02,242 [SCMBlockDeletingService#0] DEBUG block.SCMBlockDeletingService (SCMBlockDeletingService.java:call(131)) - Running DeletedBlockTransactionScanner
2021-07-23 00:58:02,242 [SCM Heartbeat Processing Thread - 0] WARN  node.NodeStateManager (NodeStateManager.java:scheduleNextHealthCheck(799)) - Current Thread is interrupted, shutting down HB processing thread for Node Manager.
2021-07-23 00:58:02,243 [Listener at 127.0.0.1/34417] INFO  server.StorageContainerManager (StorageContainerManager.java:stop(1366)) - Stopping block service RPC server
2021-07-23 00:58:02,243 [Listener at 127.0.0.1/34417] INFO  server.SCMBlockProtocolServer (SCMBlockProtocolServer.java:stop(160)) - Stopping the RPC server for Block Protocol
2021-07-23 00:58:02,243 [Listener at 127.0.0.1/34417] INFO  ipc.Server (Server.java:stop(3414)) - Stopping server on 39419
2021-07-23 00:58:02,244 [IPC Server listener on 0] INFO  ipc.Server (Server.java:run(1376)) - Stopping IPC Server listener on 0
2021-07-23 00:58:02,245 [Listener at 127.0.0.1/34417] INFO  server.StorageContainerManager (StorageContainerManager.java:stop(1373)) - Stopping the StorageContainerLocationProtocol RPC server
2021-07-23 00:58:02,245 [Listener at 127.0.0.1/34417] INFO  server.SCMClientProtocolServer (SCMClientProtocolServer.java:stop(174)) - Stopping the RPC server for Client Protocol
2021-07-23 00:58:02,245 [Listener at 127.0.0.1/34417] INFO  ipc.Server (Server.java:stop(3414)) - Stopping server on 43105
2021-07-23 00:58:02,246 [IPC Server Responder] INFO  ipc.Server (Server.java:run(1512)) - Stopping IPC Server Responder
2021-07-23 00:58:02,246 [Listener at 127.0.0.1/34417] INFO  server.StorageContainerManager (StorageContainerManager.java:stop(1380)) - Stopping Storage Container Manager HTTP server.
2021-07-23 00:58:02,246 [IPC Server listener on 0] INFO  ipc.Server (Server.java:run(1376)) - Stopping IPC Server listener on 0
2021-07-23 00:58:02,247 [Listener at 127.0.0.1/34417] INFO  handler.ContextHandler (ContextHandler.java:doStop(1154)) - Stopped o.e.j.w.WebAppContext@271a140c{scm,/,null,STOPPED}{file:/home/runner/work/ozone/ozone/mnt/ozone/hadoop-ozone/integration-test/target/test-classes/webapps/scm}
2021-07-23 00:58:02,247 [IPC Server Responder] INFO  ipc.Server (Server.java:run(1512)) - Stopping IPC Server Responder
2021-07-23 00:58:02,249 [Listener at 127.0.0.1/34417] INFO  server.AbstractConnector (AbstractConnector.java:doStop(381)) - Stopped ServerConnector@39420d59{HTTP/1.1, (http/1.1)}{0.0.0.0:0}
2021-07-23 00:58:02,250 [Listener at 127.0.0.1/34417] INFO  server.session (HouseKeeper.java:stopScavenging(149)) - node0 Stopped scavenging
2021-07-23 00:58:02,251 [Listener at 127.0.0.1/34417] INFO  handler.ContextHandler (ContextHandler.java:doStop(1154)) - Stopped o.e.j.s.ServletContextHandler@464d60fb{static,/static,file:///home/runner/work/ozone/ozone/mnt/ozone/hadoop-ozone/integration-test/target/test-classes/webapps/static,STOPPED}
2021-07-23 00:58:02,251 [Listener at 127.0.0.1/34417] INFO  handler.ContextHandler (ContextHandler.java:doStop(1154)) - Stopped o.e.j.s.ServletContextHandler@4cefa0be{logs,/logs,file:///home/runner/work/ozone/ozone/mnt/ozone/hadoop-ozone/integration-test/target/log,STOPPED}
2021-07-23 00:58:02,252 [Listener at 127.0.0.1/34417] INFO  server.StorageContainerManager (StorageContainerManager.java:stop(1391)) - Stopping Block Manager Service.
2021-07-23 00:58:02,252 [Listener at 127.0.0.1/34417] INFO  utils.BackgroundService (BackgroundService.java:shutdown(132)) - Shutting down service SCMBlockDeletingService
2021-07-23 00:58:02,252 [Listener at 127.0.0.1/34417] INFO  utils.BackgroundService (BackgroundService.java:shutdown(132)) - Shutting down service SCMBlockDeletingService
2021-07-23 00:58:02,252 [Listener at 127.0.0.1/34417] INFO  server.StorageContainerManager (StorageContainerManager.java:stop(1418)) - Stopping SCM Event Queue.
2021-07-23 00:58:02,255 [Listener at 127.0.0.1/34417] INFO  server.StorageContainerManager (StorageContainerManager.java:stop(1429)) - Stopping SCM HA services.
2021-07-23 00:58:02,256 [Listener at 127.0.0.1/34417] INFO  pipeline.BackgroundPipelineCreator (BackgroundPipelineCreatorV2.java:stop(158)) - Stopping RatisPipelineUtilsThread.
2021-07-23 00:58:02,256 [Listener at 127.0.0.1/34417] INFO  server.StorageContainerManager (StorageContainerManager.java:stop(1439)) - Stopping SCM MetadataStore.
2021-07-23 00:58:02,257 [Listener at 127.0.0.1/34417] INFO  impl.MetricsSystemImpl (MetricsSystemImpl.java:stop(210)) - Stopping HddsDatanode metrics system...
2021-07-23 00:58:02,260 [prometheus] INFO  impl.MetricsSinkAdapter (MetricsSinkAdapter.java:publishMetricsFromQueue(141)) - prometheus thread interrupted.
2021-07-23 00:58:02,260 [Listener at 127.0.0.1/34417] INFO  impl.MetricsSystemImpl (MetricsSystemImpl.java:stop(216)) - HddsDatanode metrics system stopped.
]]></system-out>
  </testcase>
  <testcase name="testBlockDeletion" classname="org.apache.hadoop.ozone.container.common.statemachine.commandhandler.TestBlockDeletion" time="55.4"/>
</testsuite>