<?xml version="1.0" encoding="UTF-8"?>
<testsuite xmlns:xsi="http://www.w3.org/2001/XMLSchema-instance" xsi:noNamespaceSchemaLocation="https://maven.apache.org/surefire/maven-surefire-plugin/xsd/surefire-test-report-3.0.xsd" version="3.0" name="org.apache.hadoop.ozone.client.rpc.TestWatchForCommit" time="45.359" tests="1" errors="0" skipped="0" failures="0">
  <properties>
    <property name="java.specification.version" value="17"/>
    <property name="sun.jnu.encoding" value="UTF-8"/>
    <property name="gradle.enterprise.listener.surefire.forkId" value="1"/>
    <property name="java.class.path" value="/home/runner/work/ozone/ozone/hadoop-ozone/integration-test/target/test-classes:/home/runner/work/ozone/ozone/hadoop-ozone/integration-test/target/classes:/home/runner/work/ozone/ozone/hadoop-ozone/common/target/classes:/home/runner/.m2/repository/io/grpc/grpc-netty/1.58.0/grpc-netty-1.58.0.jar:/home/runner/.m2/repository/io/grpc/grpc-core/1.58.0/grpc-core-1.58.0.jar:/home/runner/.m2/repository/com/google/android/annotations/4.1.1.4/annotations-4.1.1.4.jar:/home/runner/.m2/repository/org/codehaus/mojo/animal-sniffer-annotations/1.23/animal-sniffer-annotations-1.23.jar:/home/runner/.m2/repository/io/grpc/grpc-context/1.58.0/grpc-context-1.58.0.jar:/home/runner/.m2/repository/io/grpc/grpc-util/1.58.0/grpc-util-1.58.0.jar:/home/runner/.m2/repository/com/google/errorprone/error_prone_annotations/2.2.0/error_prone_annotations-2.2.0.jar:/home/runner/.m2/repository/io/perfmark/perfmark-api/0.26.0/perfmark-api-0.26.0.jar:/home/runner/.m2/repository/io/netty/netty-codec-http2/4.1.100.Final/netty-codec-http2-4.1.100.Final.jar:/home/runner/.m2/repository/io/netty/netty-common/4.1.100.Final/netty-common-4.1.100.Final.jar:/home/runner/.m2/repository/io/netty/netty-buffer/4.1.100.Final/netty-buffer-4.1.100.Final.jar:/home/runner/.m2/repository/io/netty/netty-codec-http/4.1.100.Final/netty-codec-http-4.1.100.Final.jar:/home/runner/.m2/repository/io/netty/netty-handler-proxy/4.1.100.Final/netty-handler-proxy-4.1.100.Final.jar:/home/runner/.m2/repository/io/netty/netty-codec-socks/4.1.100.Final/netty-codec-socks-4.1.100.Final.jar:/home/runner/.m2/repository/io/netty/netty-tcnative-boringssl-static/2.0.61.Final/netty-tcnative-boringssl-static-2.0.61.Final.jar:/home/runner/.m2/repository/io/netty/netty-tcnative-classes/2.0.61.Final/netty-tcnative-classes-2.0.61.Final.jar:/home/runner/.m2/repository/io/netty/netty-tcnative-boringssl-static/2.0.61.Final/netty-tcnative-boringssl-static-2.0.61.Final-linux-x86_64.jar:/home/runner/.m2/repository/io/netty/netty-tcnative-boringssl-static/2.0.61.Final/netty-tcnative-boringssl-static-2.0.61.Final-linux-aarch_64.jar:/home/runner/.m2/repository/io/netty/netty-tcnative-boringssl-static/2.0.61.Final/netty-tcnative-boringssl-static-2.0.61.Final-osx-x86_64.jar:/home/runner/.m2/repository/io/netty/netty-tcnative-boringssl-static/2.0.61.Final/netty-tcnative-boringssl-static-2.0.61.Final-osx-aarch_64.jar:/home/runner/.m2/repository/io/netty/netty-tcnative-boringssl-static/2.0.61.Final/netty-tcnative-boringssl-static-2.0.61.Final-windows-x86_64.jar:/home/runner/.m2/repository/org/apache/commons/commons-compress/1.26.0/commons-compress-1.26.0.jar:/home/runner/work/ozone/ozone/hadoop-hdds/common/target/classes:/home/runner/work/ozone/ozone/hadoop-hdds/client/target/classes:/home/runner/work/ozone/ozone/hadoop-ozone/interface-client/target/classes:/home/runner/.m2/repository/org/apache/hadoop/hadoop-hdfs-client/3.3.6/hadoop-hdfs-client-3.3.6.jar:/home/runner/.m2/repository/com/squareup/okhttp3/okhttp/4.12.0/okhttp-4.12.0.jar:/home/runner/.m2/repository/com/squareup/okio/okio/3.6.0/okio-3.6.0.jar:/home/runner/.m2/repository/com/squareup/okio/okio-jvm/3.6.0/okio-jvm-3.6.0.jar:/home/runner/.m2/repository/org/jetbrains/kotlin/kotlin-stdlib-jdk8/1.9.22/kotlin-stdlib-jdk8-1.9.22.jar:/home/runner/.m2/repository/org/jetbrains/kotlin/kotlin-stdlib-jdk7/1.9.22/kotlin-stdlib-jdk7-1.9.22.jar:/home/runner/.m2/repository/org/jetbrains/kotlin/kotlin-stdlib-common/1.9.22/kotlin-stdlib-common-1.9.22.jar:/home/runner/work/ozone/ozone/hadoop-hdds/test-utils/target/classes:/home/runner/.m2/repository/org/assertj/assertj-core/3.12.2/assertj-core-3.12.2.jar:/home/runner/.m2/repository/com/google/guava/guava/32.1.3-jre/guava-32.1.3-jre.jar:/home/runner/.m2/repository/com/google/guava/failureaccess/1.0.1/failureaccess-1.0.1.jar:/home/runner/.m2/repository/com/google/guava/listenablefuture/9999.0-empty-to-avoid-conflict-with-guava/listenablefuture-9999.0-empty-to-avoid-conflict-with-guava.jar:/home/runner/.m2/repository/org/checkerframework/checker-qual/3.37.0/checker-qual-3.37.0.jar:/home/runner/.m2/repository/com/google/j2objc/j2objc-annotations/2.8/j2objc-annotations-2.8.jar:/home/runner/.m2/repository/commons-io/commons-io/2.16.1/commons-io-2.16.1.jar:/home/runner/.m2/repository/commons-logging/commons-logging/1.2/commons-logging-1.2.jar:/home/runner/.m2/repository/org/junit/jupiter/junit-jupiter-api/5.10.2/junit-jupiter-api-5.10.2.jar:/home/runner/.m2/repository/org/opentest4j/opentest4j/1.3.0/opentest4j-1.3.0.jar:/home/runner/.m2/repository/org/junit/platform/junit-platform-commons/1.10.2/junit-platform-commons-1.10.2.jar:/home/runner/.m2/repository/ch/qos/reload4j/reload4j/1.2.25/reload4j-1.2.25.jar:/home/runner/.m2/repository/jakarta/annotation/jakarta.annotation-api/2.1.1/jakarta.annotation-api-2.1.1.jar:/home/runner/.m2/repository/org/slf4j/slf4j-api/2.0.12/slf4j-api-2.0.12.jar:/home/runner/.m2/repository/org/apache/logging/log4j/log4j-api/2.17.1/log4j-api-2.17.1.jar:/home/runner/work/ozone/ozone/hadoop-hdds/server-scm/target/classes:/home/runner/.m2/repository/com/google/protobuf/protobuf-java/2.5.0/protobuf-java-2.5.0.jar:/home/runner/work/ozone/ozone/hadoop-hdds/container-service/target/classes:/home/runner/work/ozone/ozone/hadoop-hdds/hadoop-dependency-server/target/classes:/home/runner/.m2/repository/com/nimbusds/nimbus-jose-jwt/9.37.2/nimbus-jose-jwt-9.37.2.jar:/home/runner/.m2/repository/com/github/stephenc/jcip/jcip-annotations/1.0-1/jcip-annotations-1.0-1.jar:/home/runner/.m2/repository/org/apache/hadoop/hadoop-hdfs/3.3.6/hadoop-hdfs-3.3.6.jar:/home/runner/.m2/repository/commons-daemon/commons-daemon/1.3.4/commons-daemon-1.3.4.jar:/home/runner/.m2/repository/org/xerial/snappy/snappy-java/1.1.10.5/snappy-java-1.1.10.5.jar:/home/runner/work/ozone/ozone/hadoop-hdds/framework/target/classes:/home/runner/.m2/repository/org/bouncycastle/bcprov-jdk18on/1.77/bcprov-jdk18on-1.77.jar:/home/runner/.m2/repository/io/dropwizard/metrics/metrics-core/3.2.4/metrics-core-3.2.4.jar:/home/runner/.m2/repository/org/apache/commons/commons-text/1.11.0/commons-text-1.11.0.jar:/home/runner/work/ozone/ozone/hadoop-hdds/framework/target/test-classes:/home/runner/work/ozone/ozone/hadoop-hdds/interface-server/target/classes:/home/runner/work/ozone/ozone/hadoop-hdds/interface-admin/target/classes:/home/runner/work/ozone/ozone/hadoop-hdds/managed-rocksdb/target/classes:/home/runner/.m2/repository/org/rocksdb/rocksdbjni/7.7.3/rocksdbjni-7.7.3.jar:/home/runner/.m2/repository/org/slf4j/slf4j-reload4j/2.0.12/slf4j-reload4j-2.0.12.jar:/home/runner/.m2/repository/org/apache/commons/commons-configuration2/2.10.1/commons-configuration2-2.10.1.jar:/home/runner/.m2/repository/commons-fileupload/commons-fileupload/1.5/commons-fileupload-1.5.jar:/home/runner/.m2/repository/org/apache/logging/log4j/log4j-core/2.17.1/log4j-core-2.17.1.jar:/home/runner/.m2/repository/com/lmax/disruptor/3.4.4/disruptor-3.4.4.jar:/home/runner/.m2/repository/org/eclipse/jetty/jetty-util/9.4.54.v20240208/jetty-util-9.4.54.v20240208.jar:/home/runner/.m2/repository/org/eclipse/jetty/jetty-server/9.4.54.v20240208/jetty-server-9.4.54.v20240208.jar:/home/runner/.m2/repository/org/eclipse/jetty/jetty-http/9.4.54.v20240208/jetty-http-9.4.54.v20240208.jar:/home/runner/.m2/repository/org/eclipse/jetty/jetty-io/9.4.54.v20240208/jetty-io-9.4.54.v20240208.jar:/home/runner/.m2/repository/org/eclipse/jetty/jetty-servlet/9.4.54.v20240208/jetty-servlet-9.4.54.v20240208.jar:/home/runner/.m2/repository/org/eclipse/jetty/jetty-security/9.4.54.v20240208/jetty-security-9.4.54.v20240208.jar:/home/runner/.m2/repository/org/eclipse/jetty/jetty-util-ajax/9.4.54.v20240208/jetty-util-ajax-9.4.54.v20240208.jar:/home/runner/.m2/repository/org/eclipse/jetty/jetty-webapp/9.4.54.v20240208/jetty-webapp-9.4.54.v20240208.jar:/home/runner/.m2/repository/org/eclipse/jetty/jetty-xml/9.4.54.v20240208/jetty-xml-9.4.54.v20240208.jar:/home/runner/.m2/repository/org/apache/ratis/ratis-server/3.0.1/ratis-server-3.0.1.jar:/home/runner/.m2/repository/org/apache/ratis/ratis-thirdparty-misc/1.0.5/ratis-thirdparty-misc-1.0.5.jar:/home/runner/.m2/repository/org/apache/ratis/ratis-proto/3.0.1/ratis-proto-3.0.1.jar:/home/runner/.m2/repository/org/apache/ratis/ratis-common/3.0.1/ratis-common-3.0.1.jar:/home/runner/.m2/repository/org/apache/ratis/ratis-client/3.0.1/ratis-client-3.0.1.jar:/home/runner/.m2/repository/org/apache/ratis/ratis-server-api/3.0.1/ratis-server-api-3.0.1.jar:/home/runner/.m2/repository/org/apache/ratis/ratis-metrics-api/3.0.1/ratis-metrics-api-3.0.1.jar:/home/runner/.m2/repository/org/apache/ratis/ratis-metrics-dropwizard3/3.0.1/ratis-metrics-dropwizard3-3.0.1.jar:/home/runner/.m2/repository/io/prometheus/simpleclient_dropwizard/0.16.0/simpleclient_dropwizard-0.16.0.jar:/home/runner/.m2/repository/io/prometheus/simpleclient/0.16.0/simpleclient-0.16.0.jar:/home/runner/.m2/repository/io/prometheus/simpleclient_common/0.16.0/simpleclient_common-0.16.0.jar:/home/runner/.m2/repository/com/fasterxml/jackson/datatype/jackson-datatype-jsr310/2.16.1/jackson-datatype-jsr310-2.16.1.jar:/home/runner/.m2/repository/com/fasterxml/jackson/core/jackson-core/2.16.1/jackson-core-2.16.1.jar:/home/runner/work/ozone/ozone/hadoop-hdds/rocksdb-checkpoint-differ/target/classes:/home/runner/.m2/repository/org/jgrapht/jgrapht-core/1.4.0/jgrapht-core-1.4.0.jar:/home/runner/.m2/repository/org/jheaps/jheaps/0.11/jheaps-0.11.jar:/home/runner/.m2/repository/org/jgrapht/jgrapht-ext/1.4.0/jgrapht-ext-1.4.0.jar:/home/runner/.m2/repository/com/github/vlsi/mxgraph/jgraphx/3.9.8.1/jgraphx-3.9.8.1.jar:/home/runner/work/ozone/ozone/hadoop-ozone/ozone-manager/target/classes:/home/runner/.m2/repository/org/aspectj/aspectjrt/1.9.7/aspectjrt-1.9.7.jar:/home/runner/.m2/repository/org/aspectj/aspectjweaver/1.9.7/aspectjweaver-1.9.7.jar:/home/runner/work/ozone/ozone/hadoop-hdds/interface-client/target/classes:/home/runner/.m2/repository/org/apache/hadoop/thirdparty/hadoop-shaded-protobuf_3_7/1.1.1/hadoop-shaded-protobuf_3_7-1.1.1.jar:/home/runner/work/ozone/ozone/hadoop-ozone/interface-storage/target/classes:/home/runner/.m2/repository/org/reflections/reflections/0.10.2/reflections-0.10.2.jar:/home/runner/.m2/repository/com/sun/jersey/jersey-client/1.19.4/jersey-client-1.19.4.jar:/home/runner/.m2/repository/org/codehaus/jackson/jackson-core-asl/1.9.13/jackson-core-asl-1.9.13.jar:/home/runner/.m2/repository/org/codehaus/jackson/jackson-mapper-asl/1.9.13/jackson-mapper-asl-1.9.13.jar:/home/runner/.m2/repository/org/codehaus/jackson/jackson-jaxrs/1.9.13/jackson-jaxrs-1.9.13.jar:/home/runner/.m2/repository/org/apache/ranger/ranger-intg/2.3.0/ranger-intg-2.3.0.jar:/home/runner/.m2/repository/org/apache/ranger/ranger-plugins-common/2.3.0/ranger-plugins-common-2.3.0.jar:/home/runner/.m2/repository/commons-lang/commons-lang/2.6/commons-lang-2.6.jar:/home/runner/.m2/repository/org/apache/ranger/ranger-plugins-cred/2.3.0/ranger-plugins-cred-2.3.0.jar:/home/runner/.m2/repository/org/apache/ranger/ranger-plugins-audit/2.3.0/ranger-plugins-audit-2.3.0.jar:/home/runner/.m2/repository/org/eclipse/jetty/jetty-client/9.4.54.v20240208/jetty-client-9.4.54.v20240208.jar:/home/runner/.m2/repository/org/apache/httpcomponents/httpmime/4.5.6/httpmime-4.5.6.jar:/home/runner/.m2/repository/org/apache/httpcomponents/httpcore-nio/4.4.16/httpcore-nio-4.4.16.jar:/home/runner/.m2/repository/org/apache/httpcomponents/httpasyncclient/4.1.3/httpasyncclient-4.1.3.jar:/home/runner/.m2/repository/com/carrotsearch/hppc/0.8.0/hppc-0.8.0.jar:/home/runner/.m2/repository/org/apache/orc/orc-core/1.5.8/orc-core-1.5.8.jar:/home/runner/.m2/repository/net/java/dev/jna/jna/5.2.0/jna-5.2.0.jar:/home/runner/.m2/repository/net/java/dev/jna/jna-platform/5.2.0/jna-platform-5.2.0.jar:/home/runner/.m2/repository/com/kstruct/gethostname4j/0.0.2/gethostname4j-0.0.2.jar:/home/runner/.m2/repository/org/apache/ranger/ranger-plugin-classloader/2.3.0/ranger-plugin-classloader-2.3.0.jar:/home/runner/work/ozone/ozone/hadoop-hdds/rocks-native/target/classes:/home/runner/.m2/repository/org/apache/hadoop/hadoop-minikdc/3.3.6/hadoop-minikdc-3.3.6.jar:/home/runner/.m2/repository/org/apache/kerby/kerb-simplekdc/1.0.1/kerb-simplekdc-1.0.1.jar:/home/runner/.m2/repository/org/apache/kerby/kerb-client/1.0.1/kerb-client-1.0.1.jar:/home/runner/.m2/repository/org/apache/kerby/kerby-config/1.0.1/kerby-config-1.0.1.jar:/home/runner/.m2/repository/org/apache/kerby/kerb-common/1.0.1/kerb-common-1.0.1.jar:/home/runner/.m2/repository/org/apache/kerby/kerb-crypto/1.0.1/kerb-crypto-1.0.1.jar:/home/runner/.m2/repository/org/apache/kerby/kerb-util/1.0.1/kerb-util-1.0.1.jar:/home/runner/.m2/repository/org/apache/kerby/token-provider/1.0.1/token-provider-1.0.1.jar:/home/runner/.m2/repository/org/apache/kerby/kerb-admin/1.0.1/kerb-admin-1.0.1.jar:/home/runner/.m2/repository/org/apache/kerby/kerb-server/1.0.1/kerb-server-1.0.1.jar:/home/runner/.m2/repository/org/apache/kerby/kerb-identity/1.0.1/kerb-identity-1.0.1.jar:/home/runner/.m2/repository/org/apache/kerby/kerby-xdr/1.0.1/kerby-xdr-1.0.1.jar:/home/runner/.m2/repository/junit/junit/4.13.2/junit-4.13.2.jar:/home/runner/.m2/repository/org/hamcrest/hamcrest-core/1.3/hamcrest-core-1.3.jar:/home/runner/work/ozone/ozone/hadoop-ozone/s3gateway/target/classes:/home/runner/.m2/repository/org/javassist/javassist/3.30.2-GA/javassist-3.30.2-GA.jar:/home/runner/.m2/repository/org/jboss/weld/servlet/weld-servlet-shaded/3.1.9.Final/weld-servlet-shaded-3.1.9.Final.jar:/home/runner/.m2/repository/org/glassfish/jersey/containers/jersey-container-servlet-core/2.42/jersey-container-servlet-core-2.42.jar:/home/runner/.m2/repository/org/glassfish/hk2/external/jakarta.inject/2.6.1/jakarta.inject-2.6.1.jar:/home/runner/.m2/repository/org/glassfish/jersey/core/jersey-common/2.42/jersey-common-2.42.jar:/home/runner/.m2/repository/jakarta/ws/rs/jakarta.ws.rs-api/2.1.6/jakarta.ws.rs-api-2.1.6.jar:/home/runner/.m2/repository/org/glassfish/jersey/ext/cdi/jersey-cdi1x/2.42/jersey-cdi1x-2.42.jar:/home/runner/.m2/repository/org/glassfish/jersey/inject/jersey-hk2/2.42/jersey-hk2-2.42.jar:/home/runner/.m2/repository/org/glassfish/hk2/hk2-locator/2.6.1/hk2-locator-2.6.1.jar:/home/runner/.m2/repository/org/glassfish/jersey/media/jersey-media-jaxb/2.42/jersey-media-jaxb-2.42.jar:/home/runner/.m2/repository/org/glassfish/hk2/osgi-resource-locator/1.0.3/osgi-resource-locator-1.0.3.jar:/home/runner/.m2/repository/org/glassfish/hk2/hk2-api/2.6.1/hk2-api-2.6.1.jar:/home/runner/.m2/repository/org/glassfish/hk2/hk2-utils/2.6.1/hk2-utils-2.6.1.jar:/home/runner/.m2/repository/org/glassfish/hk2/external/aopalliance-repackaged/2.6.1/aopalliance-repackaged-2.6.1.jar:/home/runner/.m2/repository/com/fasterxml/jackson/dataformat/jackson-dataformat-xml/2.16.1/jackson-dataformat-xml-2.16.1.jar:/home/runner/.m2/repository/org/codehaus/woodstox/stax2-api/4.2.2/stax2-api-4.2.2.jar:/home/runner/.m2/repository/com/fasterxml/woodstox/woodstox-core/5.4.0/woodstox-core-5.4.0.jar:/home/runner/.m2/repository/com/fasterxml/jackson/module/jackson-module-jaxb-annotations/2.16.1/jackson-module-jaxb-annotations-2.16.1.jar:/home/runner/.m2/repository/javax/enterprise/cdi-api/2.0/cdi-api-2.0.jar:/home/runner/.m2/repository/javax/el/javax.el-api/3.0.0/javax.el-api-3.0.0.jar:/home/runner/.m2/repository/javax/interceptor/javax.interceptor-api/1.2/javax.interceptor-api-1.2.jar:/home/runner/.m2/repository/javax/inject/javax.inject/1/javax.inject-1.jar:/home/runner/.m2/repository/jakarta/xml/bind/jakarta.xml.bind-api/2.3.3/jakarta.xml.bind-api-2.3.3.jar:/home/runner/.m2/repository/org/glassfish/jaxb/jaxb-runtime/2.3.9/jaxb-runtime-2.3.9.jar:/home/runner/.m2/repository/org/glassfish/jaxb/txw2/2.3.9/txw2-2.3.9.jar:/home/runner/.m2/repository/com/sun/istack/istack-commons-runtime/3.0.12/istack-commons-runtime-3.0.12.jar:/home/runner/.m2/repository/com/sun/activation/jakarta.activation/1.2.2/jakarta.activation-1.2.2.jar:/home/runner/.m2/repository/jakarta/activation/jakarta.activation-api/1.2.2/jakarta.activation-api-1.2.2.jar:/home/runner/.m2/repository/io/grpc/grpc-protobuf/1.58.0/grpc-protobuf-1.58.0.jar:/home/runner/.m2/repository/com/google/api/grpc/proto-google-common-protos/2.22.0/proto-google-common-protos-2.22.0.jar:/home/runner/.m2/repository/io/grpc/grpc-protobuf-lite/1.58.0/grpc-protobuf-lite-1.58.0.jar:/home/runner/.m2/repository/io/grpc/grpc-stub/1.58.0/grpc-stub-1.58.0.jar:/home/runner/.m2/repository/io/netty/netty-transport/4.1.100.Final/netty-transport-4.1.100.Final.jar:/home/runner/.m2/repository/io/netty/netty-resolver/4.1.100.Final/netty-resolver-4.1.100.Final.jar:/home/runner/work/ozone/ozone/hadoop-ozone/csi/target/classes:/home/runner/.m2/repository/com/google/protobuf/protobuf-java-util/3.19.6/protobuf-java-util-3.19.6.jar:/home/runner/.m2/repository/com/google/code/gson/gson/2.10.1/gson-2.10.1.jar:/home/runner/work/ozone/ozone/hadoop-hdds/config/target/classes:/home/runner/.m2/repository/io/netty/netty-transport-native-epoll/4.1.100.Final/netty-transport-native-epoll-4.1.100.Final-linux-x86_64.jar:/home/runner/.m2/repository/io/netty/netty-transport-classes-epoll/4.1.100.Final/netty-transport-classes-epoll-4.1.100.Final.jar:/home/runner/.m2/repository/io/netty/netty-transport-native-unix-common/4.1.100.Final/netty-transport-native-unix-common-4.1.100.Final.jar:/home/runner/work/ozone/ozone/hadoop-ozone/recon/target/classes:/home/runner/work/ozone/ozone/hadoop-ozone/recon-codegen/target/classes:/home/runner/.m2/repository/com/google/inject/guice/6.0.0/guice-6.0.0.jar:/home/runner/.m2/repository/jakarta/inject/jakarta.inject-api/2.0.1/jakarta.inject-api-2.0.1.jar:/home/runner/.m2/repository/aopalliance/aopalliance/1.0/aopalliance-1.0.jar:/home/runner/.m2/repository/com/google/inject/extensions/guice-assistedinject/6.0.0/guice-assistedinject-6.0.0.jar:/home/runner/.m2/repository/com/google/inject/extensions/guice-servlet/6.0.0/guice-servlet-6.0.0.jar:/home/runner/.m2/repository/org/glassfish/jersey/containers/jersey-container-servlet/2.42/jersey-container-servlet-2.42.jar:/home/runner/.m2/repository/org/glassfish/hk2/guice-bridge/2.6.1/guice-bridge-2.6.1.jar:/home/runner/.m2/repository/org/glassfish/jersey/core/jersey-server/2.42/jersey-server-2.42.jar:/home/runner/.m2/repository/org/glassfish/jersey/core/jersey-client/2.42/jersey-client-2.42.jar:/home/runner/.m2/repository/jakarta/validation/jakarta.validation-api/2.0.2/jakarta.validation-api-2.0.2.jar:/home/runner/.m2/repository/org/glassfish/jersey/media/jersey-media-json-jackson/2.42/jersey-media-json-jackson-2.42.jar:/home/runner/.m2/repository/org/glassfish/jersey/ext/jersey-entity-filtering/2.42/jersey-entity-filtering-2.42.jar:/home/runner/.m2/repository/org/jooq/jooq/3.11.10/jooq-3.11.10.jar:/home/runner/.m2/repository/org/jooq/jooq-meta/3.11.10/jooq-meta-3.11.10.jar:/home/runner/.m2/repository/org/jooq/jooq-codegen/3.11.10/jooq-codegen-3.11.10.jar:/home/runner/.m2/repository/com/jolbox/bonecp/0.8.0.RELEASE/bonecp-0.8.0.RELEASE.jar:/home/runner/.m2/repository/org/apache/derby/derby/10.14.2.0/derby-10.14.2.0.jar:/home/runner/.m2/repository/org/xerial/sqlite-jdbc/3.44.1.0/sqlite-jdbc-3.44.1.0.jar:/home/runner/.m2/repository/org/springframework/spring-jdbc/5.3.27/spring-jdbc-5.3.27.jar:/home/runner/.m2/repository/org/springframework/spring-beans/5.3.27/spring-beans-5.3.27.jar:/home/runner/.m2/repository/org/springframework/spring-core/5.3.27/spring-core-5.3.27.jar:/home/runner/.m2/repository/org/springframework/spring-tx/5.3.27/spring-tx-5.3.27.jar:/home/runner/work/ozone/ozone/hadoop-ozone/client/target/classes:/home/runner/work/ozone/ozone/hadoop-hdds/erasurecode/target/classes:/home/runner/work/ozone/ozone/hadoop-ozone/ozonefs/target/classes:/home/runner/work/ozone/ozone/hadoop-ozone/ozonefs-common/target/classes:/home/runner/work/ozone/ozone/hadoop-ozone/tools/target/classes:/home/runner/.m2/repository/com/amazonaws/aws-java-sdk-core/1.12.661/aws-java-sdk-core-1.12.661.jar:/home/runner/.m2/repository/org/apache/httpcomponents/httpclient/4.5.14/httpclient-4.5.14.jar:/home/runner/.m2/repository/org/apache/httpcomponents/httpcore/4.4.16/httpcore-4.4.16.jar:/home/runner/.m2/repository/com/fasterxml/jackson/dataformat/jackson-dataformat-cbor/2.16.1/jackson-dataformat-cbor-2.16.1.jar:/home/runner/.m2/repository/joda-time/joda-time/2.12.7/joda-time-2.12.7.jar:/home/runner/.m2/repository/com/amazonaws/aws-java-sdk-s3/1.12.661/aws-java-sdk-s3-1.12.661.jar:/home/runner/.m2/repository/com/amazonaws/aws-java-sdk-kms/1.12.661/aws-java-sdk-kms-1.12.661.jar:/home/runner/.m2/repository/com/amazonaws/jmespath-java/1.12.661/jmespath-java-1.12.661.jar:/home/runner/.m2/repository/org/kohsuke/metainf-services/metainf-services/1.11/metainf-services-1.11.jar:/home/runner/work/ozone/ozone/hadoop-hdds/tools/target/classes:/home/runner/.m2/repository/org/apache/ratis/ratis-tools/3.0.1/ratis-tools-3.0.1.jar:/home/runner/.m2/repository/commons-cli/commons-cli/1.6.0/commons-cli-1.6.0.jar:/home/runner/.m2/repository/org/apache/commons/commons-lang3/3.14.0/commons-lang3-3.14.0.jar:/home/runner/work/ozone/ozone/hadoop-ozone/ozone-manager/target/test-classes:/home/runner/work/ozone/ozone/hadoop-hdds/common/target/test-classes:/home/runner/work/ozone/ozone/hadoop-hdds/hadoop-dependency-client/target/classes:/home/runner/.m2/repository/info/picocli/picocli/4.7.5/picocli-4.7.5.jar:/home/runner/.m2/repository/com/fasterxml/jackson/core/jackson-annotations/2.16.1/jackson-annotations-2.16.1.jar:/home/runner/work/ozone/ozone/hadoop-hdds/annotations/target/classes:/home/runner/.m2/repository/javax/annotation/javax.annotation-api/1.3.2/javax.annotation-api-1.3.2.jar:/home/runner/.m2/repository/org/apache/ratis/ratis-netty/3.0.1/ratis-netty-3.0.1.jar:/home/runner/.m2/repository/org/apache/ratis/ratis-grpc/3.0.1/ratis-grpc-3.0.1.jar:/home/runner/.m2/repository/org/bouncycastle/bcpkix-jdk18on/1.77/bcpkix-jdk18on-1.77.jar:/home/runner/.m2/repository/org/bouncycastle/bcutil-jdk18on/1.77/bcutil-jdk18on-1.77.jar:/home/runner/.m2/repository/commons-validator/commons-validator/1.6/commons-validator-1.6.jar:/home/runner/.m2/repository/commons-beanutils/commons-beanutils/1.9.4/commons-beanutils-1.9.4.jar:/home/runner/.m2/repository/commons-digester/commons-digester/1.8.1/commons-digester-1.8.1.jar:/home/runner/.m2/repository/commons-collections/commons-collections/3.2.2/commons-collections-3.2.2.jar:/home/runner/.m2/repository/io/jaegertracing/jaeger-client/1.8.1/jaeger-client-1.8.1.jar:/home/runner/.m2/repository/io/jaegertracing/jaeger-thrift/1.8.1/jaeger-thrift-1.8.1.jar:/home/runner/.m2/repository/org/apache/thrift/libthrift/0.15.0/libthrift-0.15.0.jar:/home/runner/.m2/repository/io/jaegertracing/jaeger-core/1.8.1/jaeger-core-1.8.1.jar:/home/runner/.m2/repository/io/jaegertracing/jaeger-tracerresolver/1.8.1/jaeger-tracerresolver-1.8.1.jar:/home/runner/.m2/repository/io/opentracing/contrib/opentracing-tracerresolver/0.1.8/opentracing-tracerresolver-0.1.8.jar:/home/runner/.m2/repository/org/jetbrains/kotlin/kotlin-stdlib/1.9.22/kotlin-stdlib-1.9.22.jar:/home/runner/.m2/repository/org/jetbrains/annotations/13.0/annotations-13.0.jar:/home/runner/.m2/repository/io/opentracing/opentracing-util/0.33.0/opentracing-util-0.33.0.jar:/home/runner/.m2/repository/io/opentracing/opentracing-api/0.33.0/opentracing-api-0.33.0.jar:/home/runner/.m2/repository/io/opentracing/opentracing-noop/0.33.0/opentracing-noop-0.33.0.jar:/home/runner/.m2/repository/org/yaml/snakeyaml/2.0/snakeyaml-2.0.jar:/home/runner/.m2/repository/io/grpc/grpc-api/1.58.0/grpc-api-1.58.0.jar:/home/runner/.m2/repository/org/junit/platform/junit-platform-launcher/1.10.2/junit-platform-launcher-1.10.2.jar:/home/runner/.m2/repository/org/junit/platform/junit-platform-engine/1.10.2/junit-platform-engine-1.10.2.jar:/home/runner/.m2/repository/org/apiguardian/apiguardian-api/1.1.2/apiguardian-api-1.1.2.jar:/home/runner/.m2/repository/org/apache/hadoop/hadoop-kms/3.3.6/hadoop-kms-3.3.6.jar:/home/runner/.m2/repository/org/apache/hadoop/hadoop-auth/3.3.6/hadoop-auth-3.3.6.jar:/home/runner/.m2/repository/org/apache/zookeeper/zookeeper/3.8.4/zookeeper-3.8.4.jar:/home/runner/.m2/repository/org/apache/zookeeper/zookeeper-jute/3.8.4/zookeeper-jute-3.8.4.jar:/home/runner/.m2/repository/org/apache/yetus/audience-annotations/0.12.0/audience-annotations-0.12.0.jar:/home/runner/.m2/repository/org/apache/curator/curator-framework/4.2.0/curator-framework-4.2.0.jar:/home/runner/.m2/repository/org/apache/hadoop/thirdparty/hadoop-shaded-guava/1.2.0/hadoop-shaded-guava-1.2.0.jar:/home/runner/.m2/repository/com/sun/jersey/jersey-core/1.19.4/jersey-core-1.19.4.jar:/home/runner/.m2/repository/javax/ws/rs/jsr311-api/1.1.1/jsr311-api-1.1.1.jar:/home/runner/.m2/repository/com/sun/jersey/jersey-server/1.19.4/jersey-server-1.19.4.jar:/home/runner/.m2/repository/javax/servlet/javax.servlet-api/3.1.0/javax.servlet-api-3.1.0.jar:/home/runner/.m2/repository/org/apache/hadoop/hadoop-common/3.3.6/hadoop-common-3.3.6.jar:/home/runner/.m2/repository/org/apache/commons/commons-math3/3.6.1/commons-math3-3.6.1.jar:/home/runner/.m2/repository/commons-net/commons-net/3.10.0/commons-net-3.10.0.jar:/home/runner/.m2/repository/com/sun/jersey/jersey-servlet/1.19.4/jersey-servlet-1.19.4.jar:/home/runner/.m2/repository/com/github/pjfanning/jersey-json/1.20/jersey-json-1.20.jar:/home/runner/.m2/repository/org/codehaus/jettison/jettison/1.1/jettison-1.1.jar:/home/runner/.m2/repository/com/sun/xml/bind/jaxb-impl/2.2.3-1/jaxb-impl-2.2.3-1.jar:/home/runner/.m2/repository/com/google/re2j/re2j/1.7/re2j-1.7.jar:/home/runner/.m2/repository/com/jcraft/jsch/0.1.55/jsch-0.1.55.jar:/home/runner/.m2/repository/org/apache/curator/curator-client/4.2.0/curator-client-4.2.0.jar:/home/runner/.m2/repository/org/apache/curator/curator-recipes/5.2.0/curator-recipes-5.2.0.jar:/home/runner/.m2/repository/com/google/code/findbugs/jsr305/3.0.2/jsr305-3.0.2.jar:/home/runner/.m2/repository/org/apache/kerby/kerb-core/1.0.1/kerb-core-1.0.1.jar:/home/runner/.m2/repository/org/apache/kerby/kerby-pkix/1.0.1/kerby-pkix-1.0.1.jar:/home/runner/.m2/repository/org/apache/kerby/kerby-asn1/1.0.1/kerby-asn1-1.0.1.jar:/home/runner/.m2/repository/org/apache/kerby/kerby-util/1.0.1/kerby-util-1.0.1.jar:/home/runner/.m2/repository/dnsjava/dnsjava/2.1.7/dnsjava-2.1.7.jar:/home/runner/.m2/repository/com/fasterxml/jackson/core/jackson-databind/2.16.1/jackson-databind-2.16.1.jar:/home/runner/.m2/repository/org/apache/hadoop/hadoop-kms/3.3.6/hadoop-kms-3.3.6-tests.jar:/home/runner/work/ozone/ozone/hadoop-hdds/server-scm/target/test-classes:/home/runner/work/ozone/ozone/hadoop-hdds/container-service/target/test-classes:/home/runner/.m2/repository/com/github/luben/zstd-jni/1.5.6-2/zstd-jni-1.5.6-2.jar:/home/runner/.m2/repository/commons-codec/commons-codec/1.15/commons-codec-1.15.jar:/home/runner/.m2/repository/io/netty/netty-codec/4.1.100.Final/netty-codec-4.1.100.Final.jar:/home/runner/.m2/repository/io/netty/netty-handler/4.1.100.Final/netty-handler-4.1.100.Final.jar:/home/runner/work/ozone/ozone/hadoop-hdds/hadoop-dependency-test/target/classes:/home/runner/.m2/repository/org/apache/hadoop/hadoop-common/3.3.6/hadoop-common-3.3.6-tests.jar:/home/runner/.m2/repository/org/apache/hadoop/hadoop-hdfs/3.3.6/hadoop-hdfs-3.3.6-tests.jar:/home/runner/.m2/repository/org/junit/jupiter/junit-jupiter-engine/5.10.2/junit-jupiter-engine-5.10.2.jar:/home/runner/.m2/repository/org/junit/jupiter/junit-jupiter-params/5.10.2/junit-jupiter-params-5.10.2.jar:/home/runner/.m2/repository/org/mockito/mockito-core/4.11.0/mockito-core-4.11.0.jar:/home/runner/.m2/repository/net/bytebuddy/byte-buddy/1.12.19/byte-buddy-1.12.19.jar:/home/runner/.m2/repository/net/bytebuddy/byte-buddy-agent/1.12.19/byte-buddy-agent-1.12.19.jar:/home/runner/.m2/repository/org/objenesis/objenesis/3.3/objenesis-3.3.jar:/home/runner/.m2/repository/org/mockito/mockito-inline/4.11.0/mockito-inline-4.11.0.jar:/home/runner/.m2/repository/org/mockito/mockito-junit-jupiter/4.11.0/mockito-junit-jupiter-4.11.0.jar:/home/runner/.m2/repository/org/apache/hadoop/hadoop-distcp/3.3.6/hadoop-distcp-3.3.6.jar:/home/runner/.m2/repository/org/apache/hadoop/hadoop-mapreduce-client-jobclient/3.3.6/hadoop-mapreduce-client-jobclient-3.3.6.jar:/home/runner/.m2/repository/org/apache/hadoop/hadoop-mapreduce-client-common/3.3.6/hadoop-mapreduce-client-common-3.3.6.jar:/home/runner/.m2/repository/org/apache/hadoop/hadoop-yarn-common/3.3.6/hadoop-yarn-common-3.3.6.jar:/home/runner/.m2/repository/org/apache/hadoop/hadoop-yarn-api/3.3.6/hadoop-yarn-api-3.3.6.jar:/home/runner/.m2/repository/javax/xml/bind/jaxb-api/2.2.11/jaxb-api-2.2.11.jar:/home/runner/.m2/repository/com/sun/jersey/contribs/jersey-guice/1.19.4/jersey-guice-1.19.4.jar:/home/runner/.m2/repository/com/fasterxml/jackson/jaxrs/jackson-jaxrs-json-provider/2.16.1/jackson-jaxrs-json-provider-2.16.1.jar:/home/runner/.m2/repository/com/fasterxml/jackson/jaxrs/jackson-jaxrs-base/2.16.1/jackson-jaxrs-base-2.16.1.jar:/home/runner/.m2/repository/org/apache/hadoop/hadoop-yarn-client/3.3.6/hadoop-yarn-client-3.3.6.jar:/home/runner/.m2/repository/org/eclipse/jetty/websocket/websocket-client/9.4.51.v20230217/websocket-client-9.4.51.v20230217.jar:/home/runner/.m2/repository/org/eclipse/jetty/websocket/websocket-common/9.4.51.v20230217/websocket-common-9.4.51.v20230217.jar:/home/runner/.m2/repository/org/eclipse/jetty/websocket/websocket-api/9.4.51.v20230217/websocket-api-9.4.51.v20230217.jar:/home/runner/.m2/repository/org/jline/jline/3.9.0/jline-3.9.0.jar:/home/runner/.m2/repository/org/apache/hadoop/hadoop-mapreduce-client-core/3.3.6/hadoop-mapreduce-client-core-3.3.6.jar:/home/runner/.m2/repository/org/apache/avro/avro/1.7.7/avro-1.7.7.jar:/home/runner/.m2/repository/com/thoughtworks/paranamer/paranamer/2.3/paranamer-2.3.jar:/home/runner/.m2/repository/org/apache/hadoop/hadoop-annotations/3.3.6/hadoop-annotations-3.3.6.jar:/home/runner/.m2/repository/io/netty/netty/3.10.6.Final/netty-3.10.6.Final.jar:/home/runner/.m2/repository/org/apache/hadoop/hadoop-distcp/3.3.6/hadoop-distcp-3.3.6-tests.jar:/home/runner/.m2/repository/org/hamcrest/hamcrest/2.2/hamcrest-2.2.jar:/home/runner/.m2/repository/org/slf4j/jul-to-slf4j/2.0.12/jul-to-slf4j-2.0.12.jar:/home/runner/work/ozone/ozone/hadoop-ozone/integration-test/target/gradle-enterprise/test-listeners.jar:"/>
    <property name="java.vm.vendor" value="Eclipse Adoptium"/>
    <property name="sun.arch.data.model" value="64"/>
    <property name="test.build.dir" value="/home/runner/work/ozone/ozone/hadoop-ozone/integration-test/target/test-dir"/>
    <property name="test.cache.data" value=""/>
    <property name="java.vendor.url" value="https://adoptium.net/"/>
    <property name="user.timezone" value="Etc/UTC"/>
    <property name="maven-surefire-plugin.argLineAccessArgs" value=" --add-opens java.management/com.sun.jmx.mbeanserver=ALL-UNNAMED --add-exports java.management/com.sun.jmx.mbeanserver=ALL-UNNAMED --add-opens java.base/java.nio=ALL-UNNAMED --add-opens java.base/java.lang=ALL-UNNAMED --add-opens java.base/java.lang.reflect=ALL-UNNAMED"/>
    <property name="java.vm.specification.version" value="17"/>
    <property name="os.name" value="Linux"/>
    <property name="test.build.data" value="/home/runner/work/ozone/ozone/hadoop-ozone/integration-test/target/test-dir"/>
    <property name="sun.java.launcher" value="SUN_STANDARD"/>
    <property name="sun.boot.library.path" value="/usr/lib/jvm/temurin-17-jdk-amd64/lib"/>
    <property name="sun.java.command" value="/home/runner/work/ozone/ozone/hadoop-ozone/integration-test/target/surefire/surefirebooter6092446299532840965.jar /home/runner/work/ozone/ozone/hadoop-ozone/integration-test/target/surefire 2024-04-28T12-35-47_091-jvmRun1 surefire10063249167641583357tmp surefire_512634345295848637269tmp"/>
    <property name="jdk.debug" value="release"/>
    <property name="native.lib.tmp.dir" value="/tmp"/>
    <property name="surefire.test.class.path" value="/home/runner/work/ozone/ozone/hadoop-ozone/integration-test/target/test-classes:/home/runner/work/ozone/ozone/hadoop-ozone/integration-test/target/classes:/home/runner/work/ozone/ozone/hadoop-ozone/common/target/classes:/home/runner/.m2/repository/io/grpc/grpc-netty/1.58.0/grpc-netty-1.58.0.jar:/home/runner/.m2/repository/io/grpc/grpc-core/1.58.0/grpc-core-1.58.0.jar:/home/runner/.m2/repository/com/google/android/annotations/4.1.1.4/annotations-4.1.1.4.jar:/home/runner/.m2/repository/org/codehaus/mojo/animal-sniffer-annotations/1.23/animal-sniffer-annotations-1.23.jar:/home/runner/.m2/repository/io/grpc/grpc-context/1.58.0/grpc-context-1.58.0.jar:/home/runner/.m2/repository/io/grpc/grpc-util/1.58.0/grpc-util-1.58.0.jar:/home/runner/.m2/repository/com/google/errorprone/error_prone_annotations/2.2.0/error_prone_annotations-2.2.0.jar:/home/runner/.m2/repository/io/perfmark/perfmark-api/0.26.0/perfmark-api-0.26.0.jar:/home/runner/.m2/repository/io/netty/netty-codec-http2/4.1.100.Final/netty-codec-http2-4.1.100.Final.jar:/home/runner/.m2/repository/io/netty/netty-common/4.1.100.Final/netty-common-4.1.100.Final.jar:/home/runner/.m2/repository/io/netty/netty-buffer/4.1.100.Final/netty-buffer-4.1.100.Final.jar:/home/runner/.m2/repository/io/netty/netty-codec-http/4.1.100.Final/netty-codec-http-4.1.100.Final.jar:/home/runner/.m2/repository/io/netty/netty-handler-proxy/4.1.100.Final/netty-handler-proxy-4.1.100.Final.jar:/home/runner/.m2/repository/io/netty/netty-codec-socks/4.1.100.Final/netty-codec-socks-4.1.100.Final.jar:/home/runner/.m2/repository/io/netty/netty-tcnative-boringssl-static/2.0.61.Final/netty-tcnative-boringssl-static-2.0.61.Final.jar:/home/runner/.m2/repository/io/netty/netty-tcnative-classes/2.0.61.Final/netty-tcnative-classes-2.0.61.Final.jar:/home/runner/.m2/repository/io/netty/netty-tcnative-boringssl-static/2.0.61.Final/netty-tcnative-boringssl-static-2.0.61.Final-linux-x86_64.jar:/home/runner/.m2/repository/io/netty/netty-tcnative-boringssl-static/2.0.61.Final/netty-tcnative-boringssl-static-2.0.61.Final-linux-aarch_64.jar:/home/runner/.m2/repository/io/netty/netty-tcnative-boringssl-static/2.0.61.Final/netty-tcnative-boringssl-static-2.0.61.Final-osx-x86_64.jar:/home/runner/.m2/repository/io/netty/netty-tcnative-boringssl-static/2.0.61.Final/netty-tcnative-boringssl-static-2.0.61.Final-osx-aarch_64.jar:/home/runner/.m2/repository/io/netty/netty-tcnative-boringssl-static/2.0.61.Final/netty-tcnative-boringssl-static-2.0.61.Final-windows-x86_64.jar:/home/runner/.m2/repository/org/apache/commons/commons-compress/1.26.0/commons-compress-1.26.0.jar:/home/runner/work/ozone/ozone/hadoop-hdds/common/target/classes:/home/runner/work/ozone/ozone/hadoop-hdds/client/target/classes:/home/runner/work/ozone/ozone/hadoop-ozone/interface-client/target/classes:/home/runner/.m2/repository/org/apache/hadoop/hadoop-hdfs-client/3.3.6/hadoop-hdfs-client-3.3.6.jar:/home/runner/.m2/repository/com/squareup/okhttp3/okhttp/4.12.0/okhttp-4.12.0.jar:/home/runner/.m2/repository/com/squareup/okio/okio/3.6.0/okio-3.6.0.jar:/home/runner/.m2/repository/com/squareup/okio/okio-jvm/3.6.0/okio-jvm-3.6.0.jar:/home/runner/.m2/repository/org/jetbrains/kotlin/kotlin-stdlib-jdk8/1.9.22/kotlin-stdlib-jdk8-1.9.22.jar:/home/runner/.m2/repository/org/jetbrains/kotlin/kotlin-stdlib-jdk7/1.9.22/kotlin-stdlib-jdk7-1.9.22.jar:/home/runner/.m2/repository/org/jetbrains/kotlin/kotlin-stdlib-common/1.9.22/kotlin-stdlib-common-1.9.22.jar:/home/runner/work/ozone/ozone/hadoop-hdds/test-utils/target/classes:/home/runner/.m2/repository/org/assertj/assertj-core/3.12.2/assertj-core-3.12.2.jar:/home/runner/.m2/repository/com/google/guava/guava/32.1.3-jre/guava-32.1.3-jre.jar:/home/runner/.m2/repository/com/google/guava/failureaccess/1.0.1/failureaccess-1.0.1.jar:/home/runner/.m2/repository/com/google/guava/listenablefuture/9999.0-empty-to-avoid-conflict-with-guava/listenablefuture-9999.0-empty-to-avoid-conflict-with-guava.jar:/home/runner/.m2/repository/org/checkerframework/checker-qual/3.37.0/checker-qual-3.37.0.jar:/home/runner/.m2/repository/com/google/j2objc/j2objc-annotations/2.8/j2objc-annotations-2.8.jar:/home/runner/.m2/repository/commons-io/commons-io/2.16.1/commons-io-2.16.1.jar:/home/runner/.m2/repository/commons-logging/commons-logging/1.2/commons-logging-1.2.jar:/home/runner/.m2/repository/org/junit/jupiter/junit-jupiter-api/5.10.2/junit-jupiter-api-5.10.2.jar:/home/runner/.m2/repository/org/opentest4j/opentest4j/1.3.0/opentest4j-1.3.0.jar:/home/runner/.m2/repository/org/junit/platform/junit-platform-commons/1.10.2/junit-platform-commons-1.10.2.jar:/home/runner/.m2/repository/ch/qos/reload4j/reload4j/1.2.25/reload4j-1.2.25.jar:/home/runner/.m2/repository/jakarta/annotation/jakarta.annotation-api/2.1.1/jakarta.annotation-api-2.1.1.jar:/home/runner/.m2/repository/org/slf4j/slf4j-api/2.0.12/slf4j-api-2.0.12.jar:/home/runner/.m2/repository/org/apache/logging/log4j/log4j-api/2.17.1/log4j-api-2.17.1.jar:/home/runner/work/ozone/ozone/hadoop-hdds/server-scm/target/classes:/home/runner/.m2/repository/com/google/protobuf/protobuf-java/2.5.0/protobuf-java-2.5.0.jar:/home/runner/work/ozone/ozone/hadoop-hdds/container-service/target/classes:/home/runner/work/ozone/ozone/hadoop-hdds/hadoop-dependency-server/target/classes:/home/runner/.m2/repository/com/nimbusds/nimbus-jose-jwt/9.37.2/nimbus-jose-jwt-9.37.2.jar:/home/runner/.m2/repository/com/github/stephenc/jcip/jcip-annotations/1.0-1/jcip-annotations-1.0-1.jar:/home/runner/.m2/repository/org/apache/hadoop/hadoop-hdfs/3.3.6/hadoop-hdfs-3.3.6.jar:/home/runner/.m2/repository/commons-daemon/commons-daemon/1.3.4/commons-daemon-1.3.4.jar:/home/runner/.m2/repository/org/xerial/snappy/snappy-java/1.1.10.5/snappy-java-1.1.10.5.jar:/home/runner/work/ozone/ozone/hadoop-hdds/framework/target/classes:/home/runner/.m2/repository/org/bouncycastle/bcprov-jdk18on/1.77/bcprov-jdk18on-1.77.jar:/home/runner/.m2/repository/io/dropwizard/metrics/metrics-core/3.2.4/metrics-core-3.2.4.jar:/home/runner/.m2/repository/org/apache/commons/commons-text/1.11.0/commons-text-1.11.0.jar:/home/runner/work/ozone/ozone/hadoop-hdds/framework/target/test-classes:/home/runner/work/ozone/ozone/hadoop-hdds/interface-server/target/classes:/home/runner/work/ozone/ozone/hadoop-hdds/interface-admin/target/classes:/home/runner/work/ozone/ozone/hadoop-hdds/managed-rocksdb/target/classes:/home/runner/.m2/repository/org/rocksdb/rocksdbjni/7.7.3/rocksdbjni-7.7.3.jar:/home/runner/.m2/repository/org/slf4j/slf4j-reload4j/2.0.12/slf4j-reload4j-2.0.12.jar:/home/runner/.m2/repository/org/apache/commons/commons-configuration2/2.10.1/commons-configuration2-2.10.1.jar:/home/runner/.m2/repository/commons-fileupload/commons-fileupload/1.5/commons-fileupload-1.5.jar:/home/runner/.m2/repository/org/apache/logging/log4j/log4j-core/2.17.1/log4j-core-2.17.1.jar:/home/runner/.m2/repository/com/lmax/disruptor/3.4.4/disruptor-3.4.4.jar:/home/runner/.m2/repository/org/eclipse/jetty/jetty-util/9.4.54.v20240208/jetty-util-9.4.54.v20240208.jar:/home/runner/.m2/repository/org/eclipse/jetty/jetty-server/9.4.54.v20240208/jetty-server-9.4.54.v20240208.jar:/home/runner/.m2/repository/org/eclipse/jetty/jetty-http/9.4.54.v20240208/jetty-http-9.4.54.v20240208.jar:/home/runner/.m2/repository/org/eclipse/jetty/jetty-io/9.4.54.v20240208/jetty-io-9.4.54.v20240208.jar:/home/runner/.m2/repository/org/eclipse/jetty/jetty-servlet/9.4.54.v20240208/jetty-servlet-9.4.54.v20240208.jar:/home/runner/.m2/repository/org/eclipse/jetty/jetty-security/9.4.54.v20240208/jetty-security-9.4.54.v20240208.jar:/home/runner/.m2/repository/org/eclipse/jetty/jetty-util-ajax/9.4.54.v20240208/jetty-util-ajax-9.4.54.v20240208.jar:/home/runner/.m2/repository/org/eclipse/jetty/jetty-webapp/9.4.54.v20240208/jetty-webapp-9.4.54.v20240208.jar:/home/runner/.m2/repository/org/eclipse/jetty/jetty-xml/9.4.54.v20240208/jetty-xml-9.4.54.v20240208.jar:/home/runner/.m2/repository/org/apache/ratis/ratis-server/3.0.1/ratis-server-3.0.1.jar:/home/runner/.m2/repository/org/apache/ratis/ratis-thirdparty-misc/1.0.5/ratis-thirdparty-misc-1.0.5.jar:/home/runner/.m2/repository/org/apache/ratis/ratis-proto/3.0.1/ratis-proto-3.0.1.jar:/home/runner/.m2/repository/org/apache/ratis/ratis-common/3.0.1/ratis-common-3.0.1.jar:/home/runner/.m2/repository/org/apache/ratis/ratis-client/3.0.1/ratis-client-3.0.1.jar:/home/runner/.m2/repository/org/apache/ratis/ratis-server-api/3.0.1/ratis-server-api-3.0.1.jar:/home/runner/.m2/repository/org/apache/ratis/ratis-metrics-api/3.0.1/ratis-metrics-api-3.0.1.jar:/home/runner/.m2/repository/org/apache/ratis/ratis-metrics-dropwizard3/3.0.1/ratis-metrics-dropwizard3-3.0.1.jar:/home/runner/.m2/repository/io/prometheus/simpleclient_dropwizard/0.16.0/simpleclient_dropwizard-0.16.0.jar:/home/runner/.m2/repository/io/prometheus/simpleclient/0.16.0/simpleclient-0.16.0.jar:/home/runner/.m2/repository/io/prometheus/simpleclient_common/0.16.0/simpleclient_common-0.16.0.jar:/home/runner/.m2/repository/com/fasterxml/jackson/datatype/jackson-datatype-jsr310/2.16.1/jackson-datatype-jsr310-2.16.1.jar:/home/runner/.m2/repository/com/fasterxml/jackson/core/jackson-core/2.16.1/jackson-core-2.16.1.jar:/home/runner/work/ozone/ozone/hadoop-hdds/rocksdb-checkpoint-differ/target/classes:/home/runner/.m2/repository/org/jgrapht/jgrapht-core/1.4.0/jgrapht-core-1.4.0.jar:/home/runner/.m2/repository/org/jheaps/jheaps/0.11/jheaps-0.11.jar:/home/runner/.m2/repository/org/jgrapht/jgrapht-ext/1.4.0/jgrapht-ext-1.4.0.jar:/home/runner/.m2/repository/com/github/vlsi/mxgraph/jgraphx/3.9.8.1/jgraphx-3.9.8.1.jar:/home/runner/work/ozone/ozone/hadoop-ozone/ozone-manager/target/classes:/home/runner/.m2/repository/org/aspectj/aspectjrt/1.9.7/aspectjrt-1.9.7.jar:/home/runner/.m2/repository/org/aspectj/aspectjweaver/1.9.7/aspectjweaver-1.9.7.jar:/home/runner/work/ozone/ozone/hadoop-hdds/interface-client/target/classes:/home/runner/.m2/repository/org/apache/hadoop/thirdparty/hadoop-shaded-protobuf_3_7/1.1.1/hadoop-shaded-protobuf_3_7-1.1.1.jar:/home/runner/work/ozone/ozone/hadoop-ozone/interface-storage/target/classes:/home/runner/.m2/repository/org/reflections/reflections/0.10.2/reflections-0.10.2.jar:/home/runner/.m2/repository/com/sun/jersey/jersey-client/1.19.4/jersey-client-1.19.4.jar:/home/runner/.m2/repository/org/codehaus/jackson/jackson-core-asl/1.9.13/jackson-core-asl-1.9.13.jar:/home/runner/.m2/repository/org/codehaus/jackson/jackson-mapper-asl/1.9.13/jackson-mapper-asl-1.9.13.jar:/home/runner/.m2/repository/org/codehaus/jackson/jackson-jaxrs/1.9.13/jackson-jaxrs-1.9.13.jar:/home/runner/.m2/repository/org/apache/ranger/ranger-intg/2.3.0/ranger-intg-2.3.0.jar:/home/runner/.m2/repository/org/apache/ranger/ranger-plugins-common/2.3.0/ranger-plugins-common-2.3.0.jar:/home/runner/.m2/repository/commons-lang/commons-lang/2.6/commons-lang-2.6.jar:/home/runner/.m2/repository/org/apache/ranger/ranger-plugins-cred/2.3.0/ranger-plugins-cred-2.3.0.jar:/home/runner/.m2/repository/org/apache/ranger/ranger-plugins-audit/2.3.0/ranger-plugins-audit-2.3.0.jar:/home/runner/.m2/repository/org/eclipse/jetty/jetty-client/9.4.54.v20240208/jetty-client-9.4.54.v20240208.jar:/home/runner/.m2/repository/org/apache/httpcomponents/httpmime/4.5.6/httpmime-4.5.6.jar:/home/runner/.m2/repository/org/apache/httpcomponents/httpcore-nio/4.4.16/httpcore-nio-4.4.16.jar:/home/runner/.m2/repository/org/apache/httpcomponents/httpasyncclient/4.1.3/httpasyncclient-4.1.3.jar:/home/runner/.m2/repository/com/carrotsearch/hppc/0.8.0/hppc-0.8.0.jar:/home/runner/.m2/repository/org/apache/orc/orc-core/1.5.8/orc-core-1.5.8.jar:/home/runner/.m2/repository/net/java/dev/jna/jna/5.2.0/jna-5.2.0.jar:/home/runner/.m2/repository/net/java/dev/jna/jna-platform/5.2.0/jna-platform-5.2.0.jar:/home/runner/.m2/repository/com/kstruct/gethostname4j/0.0.2/gethostname4j-0.0.2.jar:/home/runner/.m2/repository/org/apache/ranger/ranger-plugin-classloader/2.3.0/ranger-plugin-classloader-2.3.0.jar:/home/runner/work/ozone/ozone/hadoop-hdds/rocks-native/target/classes:/home/runner/.m2/repository/org/apache/hadoop/hadoop-minikdc/3.3.6/hadoop-minikdc-3.3.6.jar:/home/runner/.m2/repository/org/apache/kerby/kerb-simplekdc/1.0.1/kerb-simplekdc-1.0.1.jar:/home/runner/.m2/repository/org/apache/kerby/kerb-client/1.0.1/kerb-client-1.0.1.jar:/home/runner/.m2/repository/org/apache/kerby/kerby-config/1.0.1/kerby-config-1.0.1.jar:/home/runner/.m2/repository/org/apache/kerby/kerb-common/1.0.1/kerb-common-1.0.1.jar:/home/runner/.m2/repository/org/apache/kerby/kerb-crypto/1.0.1/kerb-crypto-1.0.1.jar:/home/runner/.m2/repository/org/apache/kerby/kerb-util/1.0.1/kerb-util-1.0.1.jar:/home/runner/.m2/repository/org/apache/kerby/token-provider/1.0.1/token-provider-1.0.1.jar:/home/runner/.m2/repository/org/apache/kerby/kerb-admin/1.0.1/kerb-admin-1.0.1.jar:/home/runner/.m2/repository/org/apache/kerby/kerb-server/1.0.1/kerb-server-1.0.1.jar:/home/runner/.m2/repository/org/apache/kerby/kerb-identity/1.0.1/kerb-identity-1.0.1.jar:/home/runner/.m2/repository/org/apache/kerby/kerby-xdr/1.0.1/kerby-xdr-1.0.1.jar:/home/runner/.m2/repository/junit/junit/4.13.2/junit-4.13.2.jar:/home/runner/.m2/repository/org/hamcrest/hamcrest-core/1.3/hamcrest-core-1.3.jar:/home/runner/work/ozone/ozone/hadoop-ozone/s3gateway/target/classes:/home/runner/.m2/repository/org/javassist/javassist/3.30.2-GA/javassist-3.30.2-GA.jar:/home/runner/.m2/repository/org/jboss/weld/servlet/weld-servlet-shaded/3.1.9.Final/weld-servlet-shaded-3.1.9.Final.jar:/home/runner/.m2/repository/org/glassfish/jersey/containers/jersey-container-servlet-core/2.42/jersey-container-servlet-core-2.42.jar:/home/runner/.m2/repository/org/glassfish/hk2/external/jakarta.inject/2.6.1/jakarta.inject-2.6.1.jar:/home/runner/.m2/repository/org/glassfish/jersey/core/jersey-common/2.42/jersey-common-2.42.jar:/home/runner/.m2/repository/jakarta/ws/rs/jakarta.ws.rs-api/2.1.6/jakarta.ws.rs-api-2.1.6.jar:/home/runner/.m2/repository/org/glassfish/jersey/ext/cdi/jersey-cdi1x/2.42/jersey-cdi1x-2.42.jar:/home/runner/.m2/repository/org/glassfish/jersey/inject/jersey-hk2/2.42/jersey-hk2-2.42.jar:/home/runner/.m2/repository/org/glassfish/hk2/hk2-locator/2.6.1/hk2-locator-2.6.1.jar:/home/runner/.m2/repository/org/glassfish/jersey/media/jersey-media-jaxb/2.42/jersey-media-jaxb-2.42.jar:/home/runner/.m2/repository/org/glassfish/hk2/osgi-resource-locator/1.0.3/osgi-resource-locator-1.0.3.jar:/home/runner/.m2/repository/org/glassfish/hk2/hk2-api/2.6.1/hk2-api-2.6.1.jar:/home/runner/.m2/repository/org/glassfish/hk2/hk2-utils/2.6.1/hk2-utils-2.6.1.jar:/home/runner/.m2/repository/org/glassfish/hk2/external/aopalliance-repackaged/2.6.1/aopalliance-repackaged-2.6.1.jar:/home/runner/.m2/repository/com/fasterxml/jackson/dataformat/jackson-dataformat-xml/2.16.1/jackson-dataformat-xml-2.16.1.jar:/home/runner/.m2/repository/org/codehaus/woodstox/stax2-api/4.2.2/stax2-api-4.2.2.jar:/home/runner/.m2/repository/com/fasterxml/woodstox/woodstox-core/5.4.0/woodstox-core-5.4.0.jar:/home/runner/.m2/repository/com/fasterxml/jackson/module/jackson-module-jaxb-annotations/2.16.1/jackson-module-jaxb-annotations-2.16.1.jar:/home/runner/.m2/repository/javax/enterprise/cdi-api/2.0/cdi-api-2.0.jar:/home/runner/.m2/repository/javax/el/javax.el-api/3.0.0/javax.el-api-3.0.0.jar:/home/runner/.m2/repository/javax/interceptor/javax.interceptor-api/1.2/javax.interceptor-api-1.2.jar:/home/runner/.m2/repository/javax/inject/javax.inject/1/javax.inject-1.jar:/home/runner/.m2/repository/jakarta/xml/bind/jakarta.xml.bind-api/2.3.3/jakarta.xml.bind-api-2.3.3.jar:/home/runner/.m2/repository/org/glassfish/jaxb/jaxb-runtime/2.3.9/jaxb-runtime-2.3.9.jar:/home/runner/.m2/repository/org/glassfish/jaxb/txw2/2.3.9/txw2-2.3.9.jar:/home/runner/.m2/repository/com/sun/istack/istack-commons-runtime/3.0.12/istack-commons-runtime-3.0.12.jar:/home/runner/.m2/repository/com/sun/activation/jakarta.activation/1.2.2/jakarta.activation-1.2.2.jar:/home/runner/.m2/repository/jakarta/activation/jakarta.activation-api/1.2.2/jakarta.activation-api-1.2.2.jar:/home/runner/.m2/repository/io/grpc/grpc-protobuf/1.58.0/grpc-protobuf-1.58.0.jar:/home/runner/.m2/repository/com/google/api/grpc/proto-google-common-protos/2.22.0/proto-google-common-protos-2.22.0.jar:/home/runner/.m2/repository/io/grpc/grpc-protobuf-lite/1.58.0/grpc-protobuf-lite-1.58.0.jar:/home/runner/.m2/repository/io/grpc/grpc-stub/1.58.0/grpc-stub-1.58.0.jar:/home/runner/.m2/repository/io/netty/netty-transport/4.1.100.Final/netty-transport-4.1.100.Final.jar:/home/runner/.m2/repository/io/netty/netty-resolver/4.1.100.Final/netty-resolver-4.1.100.Final.jar:/home/runner/work/ozone/ozone/hadoop-ozone/csi/target/classes:/home/runner/.m2/repository/com/google/protobuf/protobuf-java-util/3.19.6/protobuf-java-util-3.19.6.jar:/home/runner/.m2/repository/com/google/code/gson/gson/2.10.1/gson-2.10.1.jar:/home/runner/work/ozone/ozone/hadoop-hdds/config/target/classes:/home/runner/.m2/repository/io/netty/netty-transport-native-epoll/4.1.100.Final/netty-transport-native-epoll-4.1.100.Final-linux-x86_64.jar:/home/runner/.m2/repository/io/netty/netty-transport-classes-epoll/4.1.100.Final/netty-transport-classes-epoll-4.1.100.Final.jar:/home/runner/.m2/repository/io/netty/netty-transport-native-unix-common/4.1.100.Final/netty-transport-native-unix-common-4.1.100.Final.jar:/home/runner/work/ozone/ozone/hadoop-ozone/recon/target/classes:/home/runner/work/ozone/ozone/hadoop-ozone/recon-codegen/target/classes:/home/runner/.m2/repository/com/google/inject/guice/6.0.0/guice-6.0.0.jar:/home/runner/.m2/repository/jakarta/inject/jakarta.inject-api/2.0.1/jakarta.inject-api-2.0.1.jar:/home/runner/.m2/repository/aopalliance/aopalliance/1.0/aopalliance-1.0.jar:/home/runner/.m2/repository/com/google/inject/extensions/guice-assistedinject/6.0.0/guice-assistedinject-6.0.0.jar:/home/runner/.m2/repository/com/google/inject/extensions/guice-servlet/6.0.0/guice-servlet-6.0.0.jar:/home/runner/.m2/repository/org/glassfish/jersey/containers/jersey-container-servlet/2.42/jersey-container-servlet-2.42.jar:/home/runner/.m2/repository/org/glassfish/hk2/guice-bridge/2.6.1/guice-bridge-2.6.1.jar:/home/runner/.m2/repository/org/glassfish/jersey/core/jersey-server/2.42/jersey-server-2.42.jar:/home/runner/.m2/repository/org/glassfish/jersey/core/jersey-client/2.42/jersey-client-2.42.jar:/home/runner/.m2/repository/jakarta/validation/jakarta.validation-api/2.0.2/jakarta.validation-api-2.0.2.jar:/home/runner/.m2/repository/org/glassfish/jersey/media/jersey-media-json-jackson/2.42/jersey-media-json-jackson-2.42.jar:/home/runner/.m2/repository/org/glassfish/jersey/ext/jersey-entity-filtering/2.42/jersey-entity-filtering-2.42.jar:/home/runner/.m2/repository/org/jooq/jooq/3.11.10/jooq-3.11.10.jar:/home/runner/.m2/repository/org/jooq/jooq-meta/3.11.10/jooq-meta-3.11.10.jar:/home/runner/.m2/repository/org/jooq/jooq-codegen/3.11.10/jooq-codegen-3.11.10.jar:/home/runner/.m2/repository/com/jolbox/bonecp/0.8.0.RELEASE/bonecp-0.8.0.RELEASE.jar:/home/runner/.m2/repository/org/apache/derby/derby/10.14.2.0/derby-10.14.2.0.jar:/home/runner/.m2/repository/org/xerial/sqlite-jdbc/3.44.1.0/sqlite-jdbc-3.44.1.0.jar:/home/runner/.m2/repository/org/springframework/spring-jdbc/5.3.27/spring-jdbc-5.3.27.jar:/home/runner/.m2/repository/org/springframework/spring-beans/5.3.27/spring-beans-5.3.27.jar:/home/runner/.m2/repository/org/springframework/spring-core/5.3.27/spring-core-5.3.27.jar:/home/runner/.m2/repository/org/springframework/spring-tx/5.3.27/spring-tx-5.3.27.jar:/home/runner/work/ozone/ozone/hadoop-ozone/client/target/classes:/home/runner/work/ozone/ozone/hadoop-hdds/erasurecode/target/classes:/home/runner/work/ozone/ozone/hadoop-ozone/ozonefs/target/classes:/home/runner/work/ozone/ozone/hadoop-ozone/ozonefs-common/target/classes:/home/runner/work/ozone/ozone/hadoop-ozone/tools/target/classes:/home/runner/.m2/repository/com/amazonaws/aws-java-sdk-core/1.12.661/aws-java-sdk-core-1.12.661.jar:/home/runner/.m2/repository/org/apache/httpcomponents/httpclient/4.5.14/httpclient-4.5.14.jar:/home/runner/.m2/repository/org/apache/httpcomponents/httpcore/4.4.16/httpcore-4.4.16.jar:/home/runner/.m2/repository/com/fasterxml/jackson/dataformat/jackson-dataformat-cbor/2.16.1/jackson-dataformat-cbor-2.16.1.jar:/home/runner/.m2/repository/joda-time/joda-time/2.12.7/joda-time-2.12.7.jar:/home/runner/.m2/repository/com/amazonaws/aws-java-sdk-s3/1.12.661/aws-java-sdk-s3-1.12.661.jar:/home/runner/.m2/repository/com/amazonaws/aws-java-sdk-kms/1.12.661/aws-java-sdk-kms-1.12.661.jar:/home/runner/.m2/repository/com/amazonaws/jmespath-java/1.12.661/jmespath-java-1.12.661.jar:/home/runner/.m2/repository/org/kohsuke/metainf-services/metainf-services/1.11/metainf-services-1.11.jar:/home/runner/work/ozone/ozone/hadoop-hdds/tools/target/classes:/home/runner/.m2/repository/org/apache/ratis/ratis-tools/3.0.1/ratis-tools-3.0.1.jar:/home/runner/.m2/repository/commons-cli/commons-cli/1.6.0/commons-cli-1.6.0.jar:/home/runner/.m2/repository/org/apache/commons/commons-lang3/3.14.0/commons-lang3-3.14.0.jar:/home/runner/work/ozone/ozone/hadoop-ozone/ozone-manager/target/test-classes:/home/runner/work/ozone/ozone/hadoop-hdds/common/target/test-classes:/home/runner/work/ozone/ozone/hadoop-hdds/hadoop-dependency-client/target/classes:/home/runner/.m2/repository/info/picocli/picocli/4.7.5/picocli-4.7.5.jar:/home/runner/.m2/repository/com/fasterxml/jackson/core/jackson-annotations/2.16.1/jackson-annotations-2.16.1.jar:/home/runner/work/ozone/ozone/hadoop-hdds/annotations/target/classes:/home/runner/.m2/repository/javax/annotation/javax.annotation-api/1.3.2/javax.annotation-api-1.3.2.jar:/home/runner/.m2/repository/org/apache/ratis/ratis-netty/3.0.1/ratis-netty-3.0.1.jar:/home/runner/.m2/repository/org/apache/ratis/ratis-grpc/3.0.1/ratis-grpc-3.0.1.jar:/home/runner/.m2/repository/org/bouncycastle/bcpkix-jdk18on/1.77/bcpkix-jdk18on-1.77.jar:/home/runner/.m2/repository/org/bouncycastle/bcutil-jdk18on/1.77/bcutil-jdk18on-1.77.jar:/home/runner/.m2/repository/commons-validator/commons-validator/1.6/commons-validator-1.6.jar:/home/runner/.m2/repository/commons-beanutils/commons-beanutils/1.9.4/commons-beanutils-1.9.4.jar:/home/runner/.m2/repository/commons-digester/commons-digester/1.8.1/commons-digester-1.8.1.jar:/home/runner/.m2/repository/commons-collections/commons-collections/3.2.2/commons-collections-3.2.2.jar:/home/runner/.m2/repository/io/jaegertracing/jaeger-client/1.8.1/jaeger-client-1.8.1.jar:/home/runner/.m2/repository/io/jaegertracing/jaeger-thrift/1.8.1/jaeger-thrift-1.8.1.jar:/home/runner/.m2/repository/org/apache/thrift/libthrift/0.15.0/libthrift-0.15.0.jar:/home/runner/.m2/repository/io/jaegertracing/jaeger-core/1.8.1/jaeger-core-1.8.1.jar:/home/runner/.m2/repository/io/jaegertracing/jaeger-tracerresolver/1.8.1/jaeger-tracerresolver-1.8.1.jar:/home/runner/.m2/repository/io/opentracing/contrib/opentracing-tracerresolver/0.1.8/opentracing-tracerresolver-0.1.8.jar:/home/runner/.m2/repository/org/jetbrains/kotlin/kotlin-stdlib/1.9.22/kotlin-stdlib-1.9.22.jar:/home/runner/.m2/repository/org/jetbrains/annotations/13.0/annotations-13.0.jar:/home/runner/.m2/repository/io/opentracing/opentracing-util/0.33.0/opentracing-util-0.33.0.jar:/home/runner/.m2/repository/io/opentracing/opentracing-api/0.33.0/opentracing-api-0.33.0.jar:/home/runner/.m2/repository/io/opentracing/opentracing-noop/0.33.0/opentracing-noop-0.33.0.jar:/home/runner/.m2/repository/org/yaml/snakeyaml/2.0/snakeyaml-2.0.jar:/home/runner/.m2/repository/io/grpc/grpc-api/1.58.0/grpc-api-1.58.0.jar:/home/runner/.m2/repository/org/junit/platform/junit-platform-launcher/1.10.2/junit-platform-launcher-1.10.2.jar:/home/runner/.m2/repository/org/junit/platform/junit-platform-engine/1.10.2/junit-platform-engine-1.10.2.jar:/home/runner/.m2/repository/org/apiguardian/apiguardian-api/1.1.2/apiguardian-api-1.1.2.jar:/home/runner/.m2/repository/org/apache/hadoop/hadoop-kms/3.3.6/hadoop-kms-3.3.6.jar:/home/runner/.m2/repository/org/apache/hadoop/hadoop-auth/3.3.6/hadoop-auth-3.3.6.jar:/home/runner/.m2/repository/org/apache/zookeeper/zookeeper/3.8.4/zookeeper-3.8.4.jar:/home/runner/.m2/repository/org/apache/zookeeper/zookeeper-jute/3.8.4/zookeeper-jute-3.8.4.jar:/home/runner/.m2/repository/org/apache/yetus/audience-annotations/0.12.0/audience-annotations-0.12.0.jar:/home/runner/.m2/repository/org/apache/curator/curator-framework/4.2.0/curator-framework-4.2.0.jar:/home/runner/.m2/repository/org/apache/hadoop/thirdparty/hadoop-shaded-guava/1.2.0/hadoop-shaded-guava-1.2.0.jar:/home/runner/.m2/repository/com/sun/jersey/jersey-core/1.19.4/jersey-core-1.19.4.jar:/home/runner/.m2/repository/javax/ws/rs/jsr311-api/1.1.1/jsr311-api-1.1.1.jar:/home/runner/.m2/repository/com/sun/jersey/jersey-server/1.19.4/jersey-server-1.19.4.jar:/home/runner/.m2/repository/javax/servlet/javax.servlet-api/3.1.0/javax.servlet-api-3.1.0.jar:/home/runner/.m2/repository/org/apache/hadoop/hadoop-common/3.3.6/hadoop-common-3.3.6.jar:/home/runner/.m2/repository/org/apache/commons/commons-math3/3.6.1/commons-math3-3.6.1.jar:/home/runner/.m2/repository/commons-net/commons-net/3.10.0/commons-net-3.10.0.jar:/home/runner/.m2/repository/com/sun/jersey/jersey-servlet/1.19.4/jersey-servlet-1.19.4.jar:/home/runner/.m2/repository/com/github/pjfanning/jersey-json/1.20/jersey-json-1.20.jar:/home/runner/.m2/repository/org/codehaus/jettison/jettison/1.1/jettison-1.1.jar:/home/runner/.m2/repository/com/sun/xml/bind/jaxb-impl/2.2.3-1/jaxb-impl-2.2.3-1.jar:/home/runner/.m2/repository/com/google/re2j/re2j/1.7/re2j-1.7.jar:/home/runner/.m2/repository/com/jcraft/jsch/0.1.55/jsch-0.1.55.jar:/home/runner/.m2/repository/org/apache/curator/curator-client/4.2.0/curator-client-4.2.0.jar:/home/runner/.m2/repository/org/apache/curator/curator-recipes/5.2.0/curator-recipes-5.2.0.jar:/home/runner/.m2/repository/com/google/code/findbugs/jsr305/3.0.2/jsr305-3.0.2.jar:/home/runner/.m2/repository/org/apache/kerby/kerb-core/1.0.1/kerb-core-1.0.1.jar:/home/runner/.m2/repository/org/apache/kerby/kerby-pkix/1.0.1/kerby-pkix-1.0.1.jar:/home/runner/.m2/repository/org/apache/kerby/kerby-asn1/1.0.1/kerby-asn1-1.0.1.jar:/home/runner/.m2/repository/org/apache/kerby/kerby-util/1.0.1/kerby-util-1.0.1.jar:/home/runner/.m2/repository/dnsjava/dnsjava/2.1.7/dnsjava-2.1.7.jar:/home/runner/.m2/repository/com/fasterxml/jackson/core/jackson-databind/2.16.1/jackson-databind-2.16.1.jar:/home/runner/.m2/repository/org/apache/hadoop/hadoop-kms/3.3.6/hadoop-kms-3.3.6-tests.jar:/home/runner/work/ozone/ozone/hadoop-hdds/server-scm/target/test-classes:/home/runner/work/ozone/ozone/hadoop-hdds/container-service/target/test-classes:/home/runner/.m2/repository/com/github/luben/zstd-jni/1.5.6-2/zstd-jni-1.5.6-2.jar:/home/runner/.m2/repository/commons-codec/commons-codec/1.15/commons-codec-1.15.jar:/home/runner/.m2/repository/io/netty/netty-codec/4.1.100.Final/netty-codec-4.1.100.Final.jar:/home/runner/.m2/repository/io/netty/netty-handler/4.1.100.Final/netty-handler-4.1.100.Final.jar:/home/runner/work/ozone/ozone/hadoop-hdds/hadoop-dependency-test/target/classes:/home/runner/.m2/repository/org/apache/hadoop/hadoop-common/3.3.6/hadoop-common-3.3.6-tests.jar:/home/runner/.m2/repository/org/apache/hadoop/hadoop-hdfs/3.3.6/hadoop-hdfs-3.3.6-tests.jar:/home/runner/.m2/repository/org/junit/jupiter/junit-jupiter-engine/5.10.2/junit-jupiter-engine-5.10.2.jar:/home/runner/.m2/repository/org/junit/jupiter/junit-jupiter-params/5.10.2/junit-jupiter-params-5.10.2.jar:/home/runner/.m2/repository/org/mockito/mockito-core/4.11.0/mockito-core-4.11.0.jar:/home/runner/.m2/repository/net/bytebuddy/byte-buddy/1.12.19/byte-buddy-1.12.19.jar:/home/runner/.m2/repository/net/bytebuddy/byte-buddy-agent/1.12.19/byte-buddy-agent-1.12.19.jar:/home/runner/.m2/repository/org/objenesis/objenesis/3.3/objenesis-3.3.jar:/home/runner/.m2/repository/org/mockito/mockito-inline/4.11.0/mockito-inline-4.11.0.jar:/home/runner/.m2/repository/org/mockito/mockito-junit-jupiter/4.11.0/mockito-junit-jupiter-4.11.0.jar:/home/runner/.m2/repository/org/apache/hadoop/hadoop-distcp/3.3.6/hadoop-distcp-3.3.6.jar:/home/runner/.m2/repository/org/apache/hadoop/hadoop-mapreduce-client-jobclient/3.3.6/hadoop-mapreduce-client-jobclient-3.3.6.jar:/home/runner/.m2/repository/org/apache/hadoop/hadoop-mapreduce-client-common/3.3.6/hadoop-mapreduce-client-common-3.3.6.jar:/home/runner/.m2/repository/org/apache/hadoop/hadoop-yarn-common/3.3.6/hadoop-yarn-common-3.3.6.jar:/home/runner/.m2/repository/org/apache/hadoop/hadoop-yarn-api/3.3.6/hadoop-yarn-api-3.3.6.jar:/home/runner/.m2/repository/javax/xml/bind/jaxb-api/2.2.11/jaxb-api-2.2.11.jar:/home/runner/.m2/repository/com/sun/jersey/contribs/jersey-guice/1.19.4/jersey-guice-1.19.4.jar:/home/runner/.m2/repository/com/fasterxml/jackson/jaxrs/jackson-jaxrs-json-provider/2.16.1/jackson-jaxrs-json-provider-2.16.1.jar:/home/runner/.m2/repository/com/fasterxml/jackson/jaxrs/jackson-jaxrs-base/2.16.1/jackson-jaxrs-base-2.16.1.jar:/home/runner/.m2/repository/org/apache/hadoop/hadoop-yarn-client/3.3.6/hadoop-yarn-client-3.3.6.jar:/home/runner/.m2/repository/org/eclipse/jetty/websocket/websocket-client/9.4.51.v20230217/websocket-client-9.4.51.v20230217.jar:/home/runner/.m2/repository/org/eclipse/jetty/websocket/websocket-common/9.4.51.v20230217/websocket-common-9.4.51.v20230217.jar:/home/runner/.m2/repository/org/eclipse/jetty/websocket/websocket-api/9.4.51.v20230217/websocket-api-9.4.51.v20230217.jar:/home/runner/.m2/repository/org/jline/jline/3.9.0/jline-3.9.0.jar:/home/runner/.m2/repository/org/apache/hadoop/hadoop-mapreduce-client-core/3.3.6/hadoop-mapreduce-client-core-3.3.6.jar:/home/runner/.m2/repository/org/apache/avro/avro/1.7.7/avro-1.7.7.jar:/home/runner/.m2/repository/com/thoughtworks/paranamer/paranamer/2.3/paranamer-2.3.jar:/home/runner/.m2/repository/org/apache/hadoop/hadoop-annotations/3.3.6/hadoop-annotations-3.3.6.jar:/home/runner/.m2/repository/io/netty/netty/3.10.6.Final/netty-3.10.6.Final.jar:/home/runner/.m2/repository/org/apache/hadoop/hadoop-distcp/3.3.6/hadoop-distcp-3.3.6-tests.jar:/home/runner/.m2/repository/org/hamcrest/hamcrest/2.2/hamcrest-2.2.jar:/home/runner/.m2/repository/org/slf4j/jul-to-slf4j/2.0.12/jul-to-slf4j-2.0.12.jar:/home/runner/work/ozone/ozone/hadoop-ozone/integration-test/target/gradle-enterprise/test-listeners.jar:"/>
    <property name="sun.cpu.endian" value="little"/>
    <property name="user.home" value="/home/runner"/>
    <property name="user.language" value="en"/>
    <property name="java.specification.vendor" value="Oracle Corporation"/>
    <property name="java.version.date" value="2024-01-16"/>
    <property name="java.home" value="/usr/lib/jvm/temurin-17-jdk-amd64"/>
    <property name="java.security.krb5.conf" value="/home/runner/work/ozone/ozone/hadoop-ozone/integration-test/target/test-classes/krb5.conf"/>
    <property name="file.separator" value="/"/>
    <property name="basedir" value="/home/runner/work/ozone/ozone/hadoop-ozone/integration-test"/>
    <property name="java.vm.compressedOopsMode" value="Zero based"/>
    <property name="line.separator" value="&#10;"/>
    <property name="java.vm.specification.vendor" value="Oracle Corporation"/>
    <property name="java.specification.name" value="Java Platform API Specification"/>
    <property name="skip.installnpx" value="true"/>
    <property name="surefire.fork.timeout" value="3600"/>
    <property name="surefire.real.class.path" value="/home/runner/work/ozone/ozone/hadoop-ozone/integration-test/target/surefire/surefirebooter6092446299532840965.jar"/>
    <property name="hadoop.log.dir" value="/home/runner/work/ozone/ozone/hadoop-ozone/integration-test/target/log"/>
    <property name="sun.management.compiler" value="HotSpot 64-Bit Tiered Compilers"/>
    <property name="java.runtime.version" value="17.0.10+7"/>
    <property name="skip.npx" value="true"/>
    <property name="user.name" value="runner"/>
    <property name="java.net.preferIPv4Stack" value="true"/>
    <property name="path.separator" value=":"/>
    <property name="java.security.egd" value="file:///dev/urandom"/>
    <property name="os.version" value="5.15.0-1061-azure"/>
    <property name="java.runtime.name" value="OpenJDK Runtime Environment"/>
    <property name="com.gradle.maven.scan.extension.test.listener.junitplatform.NestedExecutionSafeDelegatingTestExecutionListener" value="5ba34ac0"/>
    <property name="file.encoding" value="UTF-8"/>
    <property name="java.vm.name" value="OpenJDK 64-Bit Server VM"/>
    <property name="java.vendor.version" value="Temurin-17.0.10+7"/>
    <property name="test.build.webapps" value=""/>
    <property name="gradle.enterprise.listener.port" value="42133"/>
    <property name="localRepository" value="/home/runner/.m2/repository"/>
    <property name="java.vendor.url.bug" value="https://github.com/adoptium/adoptium-support/issues"/>
    <property name="jetty.git.hash" value="cef3fbd6d736a21e7d541a5db490381d95a2047d"/>
    <property name="java.io.tmpdir" value="/tmp"/>
    <property name="require.test.libhadoop" value=""/>
    <property name="java.version" value="17.0.10"/>
    <property name="surefire.rerunFailingTestsCount" value="5"/>
    <property name="user.dir" value="/home/runner/work/ozone/ozone/hadoop-ozone/integration-test"/>
    <property name="os.arch" value="amd64"/>
    <property name="java.vm.specification.name" value="Java Virtual Machine Specification"/>
    <property name="test.build.classes" value="/home/runner/work/ozone/ozone/hadoop-ozone/integration-test/target/test-classes"/>
    <property name="org.apache.ratis.thirdparty.io.netty.allocator.useCacheForAllThreads" value="false"/>
    <property name="native.encoding" value="UTF-8"/>
    <property name="hadoop.tmp.dir" value="/home/runner/work/ozone/ozone/hadoop-ozone/integration-test/target/tmp"/>
    <property name="java.library.path" value="/usr/java/packages/lib:/usr/lib64:/lib64:/lib:/usr/lib"/>
    <property name="java.vm.info" value="mixed mode, sharing"/>
    <property name="java.vendor" value="Eclipse Adoptium"/>
    <property name="java.vm.version" value="17.0.10+7"/>
    <property name="sun.io.unicode.encoding" value="UnicodeLittle"/>
    <property name="java.class.version" value="61.0"/>
  </properties>
  <testcase name="testWatchForCommitWithKeyWrite" classname="org.apache.hadoop.ozone.client.rpc.TestWatchForCommit" time="45.52"/>
  <testcase name="testWatchForCommitForRetryfailure" classname="org.apache.hadoop.ozone.client.rpc.TestWatchForCommit" time="45.358">
    <flakyFailure type="java.lang.AssertionError">
      <stackTrace><![CDATA[java.lang.AssertionError: 

Expecting:
 <"org.apache.ratis.protocol.exceptions.RaftRetryFailureException: Failed RaftClientRequest:client-2598C952E445->e9c86f68-3649-4446-905a-585a397e3574@group-64502A0FA25A, cid=47, seq=null, Watch-MAJORITY_COMMITTED(20), null for 3 attempts with RequestTypeDependentRetryPolicy{WRITE->ExceptionDependentRetry(maxAttempts=2147483647; defaultPolicy=MultipleLinearRandomRetry[5x5s, 5x10s, 5x15s, 5x20s, 5x25s, 10x60s]; map={org.apache.ratis.protocol.exceptions.GroupMismatchException->NoRetry, org.apache.ratis.protocol.exceptions.NotReplicatedException->NoRetry, org.apache.ratis.protocol.exceptions.ResourceUnavailableException->org.apache.ratis.retry.ExponentialBackoffRetry@14dc83a7, org.apache.ratis.protocol.exceptions.StateMachineException->NoRetry, org.apache.ratis.protocol.exceptions.TimeoutIOException->org.apache.ratis.retry.ExponentialBackoffRetry@14dc83a7}), WATCH->ExceptionDependentRetry(maxAttempts=2147483647; defaultPolicy=MultipleLinearRandomRetry[5x5s, 5x10s, 5x15s, 5x20s, 5x25s, 10x60s]; map={org.apache.ratis.protocol.exceptions.GroupMismatchException->NoRetry, org.apache.ratis.protocol.exceptions.NotReplicatedException->NoRetry, org.apache.ratis.protocol.exceptions.ResourceUnavailableException->org.apache.ratis.retry.ExponentialBackoffRetry@14dc83a7, org.apache.ratis.protocol.exceptions.StateMachineException->NoRetry, org.apache.ratis.protocol.exceptions.TimeoutIOException->NoRetry})}">
not to contain:
 <"Watch-MAJORITY_COMMITTED">

	at org.apache.hadoop.ozone.client.rpc.TestWatchForCommit.testWatchForCommitForRetryfailure(TestWatchForCommit.java:295)
	at java.base/java.lang.reflect.Method.invoke(Method.java:568)
	at java.base/java.util.ArrayList.forEach(ArrayList.java:1511)
	at java.base/java.util.ArrayList.forEach(ArrayList.java:1511)
]]></stackTrace>
      <system-out><![CDATA[2024-04-28 12:43:45,261 [main] WARN  server.ServerUtils (ServerUtils.java:getScmDbDir(143)) - ozone.scm.db.dirs is not configured. We recommend adding this setting. Falling back to ozone.metadata.dirs instead.
2024-04-28 12:43:45,264 [main] WARN  server.ServerUtils (ServerUtils.java:getScmDbDir(143)) - ozone.scm.db.dirs is not configured. We recommend adding this setting. Falling back to ozone.metadata.dirs instead.
2024-04-28 12:43:45,264 [main] INFO  ha.SCMHANodeDetails (SCMHANodeDetails.java:loadSCMHAConfig(207)) - ServiceID for StorageContainerManager is null
2024-04-28 12:43:45,265 [main] INFO  ha.SCMHANodeDetails (SCMHANodeDetails.java:loadSCMHAConfig(212)) - ozone.scm.default.service.id is not defined, falling back to ozone.scm.service.ids to find serviceID for StorageContainerManager if it is HA enabled cluster
2024-04-28 12:43:45,265 [main] WARN  utils.HAUtils (HAUtils.java:getMetaDir(339)) - ozone.scm.db.dirs is not configured. We recommend adding this setting. Falling back to ozone.metadata.dirs instead.
2024-04-28 12:43:45,265 [main] WARN  db.DBStoreBuilder (DBStoreBuilder.java:applyDBDefinition(171)) - ozone.scm.db.dirs is not configured. We recommend adding this setting. Falling back to ozone.metadata.dirs instead.
2024-04-28 12:43:45,338 [main] INFO  net.NodeSchemaLoader (NodeSchemaLoader.java:loadSchemaFromFile(129)) - Loading schema from [file:/home/runner/work/ozone/ozone/hadoop-hdds/common/target/classes/network-topology-default.xml]
2024-04-28 12:43:45,338 [main] INFO  net.NodeSchemaLoader (NodeSchemaLoader.java:loadSchema(176)) - Loading network topology layer schema file
2024-04-28 12:43:45,340 [main] INFO  upgrade.AbstractLayoutVersionManager (AbstractLayoutVersionManager.java:init(83)) - Initializing Layout version manager with metadata layout = HADOOP_PRC_PORTS_IN_DATANODEDETAILS (version = 7), software layout = HADOOP_PRC_PORTS_IN_DATANODEDETAILS (version = 7)
2024-04-28 12:43:45,342 [main] INFO  ha.SequenceIdGenerator (SequenceIdGenerator.java:upgradeToSequenceId(370)) - upgrade localId to 113750153625600000
2024-04-28 12:43:45,342 [main] INFO  ha.SequenceIdGenerator (SequenceIdGenerator.java:upgradeToSequenceId(380)) - upgrade delTxnId to 0
2024-04-28 12:43:45,343 [main] INFO  ha.SequenceIdGenerator (SequenceIdGenerator.java:upgradeToSequenceId(397)) - upgrade containerId to 0
2024-04-28 12:43:45,344 [main] INFO  ha.SequenceIdGenerator (SequenceIdGenerator.java:upgradeToCertificateSequenceId(444)) - upgrade CertificateId to 2
2024-04-28 12:43:45,344 [main] INFO  ha.SequenceIdGenerator (SequenceIdGenerator.java:<init>(241)) - Init the HA SequenceIdGenerator.
2024-04-28 12:43:45,345 [main] INFO  node.SCMNodeManager (SCMNodeManager.java:<init>(177)) - Entering startup safe mode.
2024-04-28 12:43:45,345 [main] INFO  algorithms.ContainerPlacementPolicyFactory (ContainerPlacementPolicyFactory.java:getPolicyInternal(86)) - Create container placement policy of type org.apache.hadoop.hdds.scm.container.placement.algorithms.SCMContainerPlacementRackAware
2024-04-28 12:43:45,345 [main] INFO  algorithms.ContainerPlacementPolicyFactory (ContainerPlacementPolicyFactory.java:getPolicyInternal(86)) - Create container placement policy of type org.apache.hadoop.hdds.scm.container.placement.algorithms.SCMContainerPlacementRackScatter
2024-04-28 12:43:45,345 [main] INFO  pipeline.PipelineStateManagerImpl (PipelineStateManagerImpl.java:initialize(78)) - No pipeline exists in current db
2024-04-28 12:43:45,346 [main] INFO  algorithms.LeaderChoosePolicyFactory (LeaderChoosePolicyFactory.java:getPolicy(57)) - Create leader choose policy of type org.apache.hadoop.hdds.scm.pipeline.leader.choose.algorithms.MinLeaderCountChoosePolicy
2024-04-28 12:43:45,346 [main] INFO  algorithms.ContainerPlacementPolicyFactory (ContainerPlacementPolicyFactory.java:getPolicyInternal(86)) - Create container placement policy of type org.apache.hadoop.hdds.scm.container.placement.algorithms.SCMContainerPlacementRackScatter
2024-04-28 12:43:45,346 [main] INFO  ha.SCMServiceManager (SCMServiceManager.java:register(42)) - Registering service BackgroundPipelineCreator.
2024-04-28 12:43:45,346 [main] INFO  pipeline.BackgroundPipelineCreator (BackgroundPipelineCreator.java:start(127)) - Starting RatisPipelineUtilsThread.
2024-04-28 12:43:45,346 [main] INFO  BackgroundPipelineScrubber (BackgroundSCMService.java:start(65)) - Starting BackgroundPipelineScrubber Service.
2024-04-28 12:43:45,347 [main] INFO  ha.SCMServiceManager (SCMServiceManager.java:register(42)) - Registering service BackgroundPipelineScrubber.
2024-04-28 12:43:45,347 [main] INFO  ExpiredContainerReplicaOpScrubber (BackgroundSCMService.java:start(65)) - Starting ExpiredContainerReplicaOpScrubber Service.
2024-04-28 12:43:45,347 [main] INFO  ha.SCMServiceManager (SCMServiceManager.java:register(42)) - Registering service ExpiredContainerReplicaOpScrubber.
2024-04-28 12:43:45,348 [main] INFO  algorithms.PipelineChoosePolicyFactory (PipelineChoosePolicyFactory.java:createPipelineChoosePolicyFromClass(80)) - Create pipeline choose policy of type org.apache.hadoop.hdds.scm.pipeline.choose.algorithms.RandomPipelineChoosePolicy
2024-04-28 12:43:45,348 [main] INFO  algorithms.PipelineChoosePolicyFactory (PipelineChoosePolicyFactory.java:createPipelineChoosePolicyFromClass(80)) - Create pipeline choose policy of type org.apache.hadoop.hdds.scm.pipeline.choose.algorithms.RandomPipelineChoosePolicy
2024-04-28 12:43:45,349 [main] INFO  ha.SCMServiceManager (SCMServiceManager.java:register(42)) - Registering service SCMBlockDeletingService.
2024-04-28 12:43:45,349 [main] INFO  replication.ReplicationManager (ReplicationManager.java:start(296)) - Starting Replication Monitor Thread.
2024-04-28 12:43:45,350 [main] INFO  ha.SCMServiceManager (SCMServiceManager.java:register(42)) - Registering service ReplicationManager.
2024-04-28 12:43:45,350 [ReplicationMonitor] INFO  replication.ReplicationManager (ReplicationManager.java:processAll(372)) - Replication Manager is not ready to run until 3000ms after safemode exit
2024-04-28 12:43:45,350 [main] INFO  safemode.ContainerSafeModeRule (ContainerSafeModeRule.java:<init>(91)) - containers with one replica threshold count 0
2024-04-28 12:43:45,351 [main] INFO  safemode.HealthyPipelineSafeModeRule (HealthyPipelineSafeModeRule.java:initializeRule(176)) - Total pipeline count is 0, healthy pipeline threshold count is 1
2024-04-28 12:43:45,351 [main] INFO  safemode.OneReplicaPipelineSafeModeRule (OneReplicaPipelineSafeModeRule.java:initializeRule(193)) - Total pipeline count is 0, pipeline's with at least one datanode reported threshold count is 0
2024-04-28 12:43:45,354 [main] INFO  server.StorageContainerManager (StorageContainerManager.java:<init>(440)) - SCM start with adminUsers: [runner]
2024-04-28 12:43:45,354 [main] INFO  ipc.CallQueueManager (CallQueueManager.java:<init>(90)) - Using callQueue: class java.util.concurrent.LinkedBlockingQueue, queueCapacity: 10000, scheduler: class org.apache.hadoop.ipc.DefaultRpcScheduler, ipcBackoff: false.
2024-04-28 12:43:45,355 [main] INFO  ipc.Server (Server.java:<init>(1287)) - Listener at 0.0.0.0:15091
2024-04-28 12:43:45,355 [Socket Reader #1 for port 15091] INFO  ipc.Server (Server.java:run(1323)) - Starting Socket Reader #1 for port 15091
2024-04-28 12:43:45,356 [main] INFO  ipc.CallQueueManager (CallQueueManager.java:<init>(90)) - Using callQueue: class java.util.concurrent.LinkedBlockingQueue, queueCapacity: 10000, scheduler: class org.apache.hadoop.ipc.DefaultRpcScheduler, ipcBackoff: false.
2024-04-28 12:43:45,356 [main] INFO  ipc.Server (Server.java:<init>(1287)) - Listener at 0.0.0.0:15090
2024-04-28 12:43:45,357 [Socket Reader #1 for port 15090] INFO  ipc.Server (Server.java:run(1323)) - Starting Socket Reader #1 for port 15090
2024-04-28 12:43:45,363 [main] INFO  ipc.CallQueueManager (CallQueueManager.java:<init>(90)) - Using callQueue: class java.util.concurrent.LinkedBlockingQueue, queueCapacity: 10000, scheduler: class org.apache.hadoop.ipc.DefaultRpcScheduler, ipcBackoff: false.
2024-04-28 12:43:45,363 [main] INFO  ipc.Server (Server.java:<init>(1287)) - Listener at 0.0.0.0:15089
2024-04-28 12:43:45,365 [Socket Reader #1 for port 15089] INFO  ipc.Server (Server.java:run(1323)) - Starting Socket Reader #1 for port 15089
2024-04-28 12:43:45,368 [main] INFO  ha.SCMServiceManager (SCMServiceManager.java:register(42)) - Registering service ContainerBalancer.
2024-04-28 12:43:45,368 [main] INFO  ha.SCMContext (SCMContext.java:updateSafeModeStatus(225)) - Update SafeModeStatus from SafeModeStatus{safeModeStatus=true, preCheckPassed=false} to SafeModeStatus{safeModeStatus=true, preCheckPassed=false}.
2024-04-28 12:43:45,368 [main] INFO  server.StorageContainerManager (StorageContainerManager.java:start(1545)) - StorageContainerLocationProtocol RPC server is listening at /0.0.0.0:15089
2024-04-28 12:43:45,370 [main] WARN  impl.MetricsConfig (MetricsConfig.java:loadFirst(136)) - Cannot locate configuration: tried hadoop-metrics2-storagecontainermanager.properties,hadoop-metrics2.properties
2024-04-28 12:43:45,370 [main] INFO  impl.MetricsSystemImpl (MetricsSystemImpl.java:startTimer(378)) - Scheduled Metric snapshot period at 10 second(s).
2024-04-28 12:43:45,370 [main] INFO  impl.MetricsSystemImpl (MetricsSystemImpl.java:start(191)) - StorageContainerManager metrics system started
2024-04-28 12:43:45,375 [main] INFO  impl.MetricsSinkAdapter (MetricsSinkAdapter.java:start(204)) - Sink prometheus started
2024-04-28 12:43:45,375 [main] INFO  impl.MetricsSystemImpl (MetricsSystemImpl.java:registerSink(305)) - Registered sink prometheus
2024-04-28 12:43:45,398 [main] INFO  server.SCMClientProtocolServer (SCMClientProtocolServer.java:start(204)) - RPC server for Client  is listening at /0.0.0.0:15089
2024-04-28 12:43:45,398 [IPC Server listener on 15089] INFO  ipc.Server (Server.java:run(1402)) - IPC Server listener on 15089: starting
2024-04-28 12:43:45,398 [IPC Server Responder] INFO  ipc.Server (Server.java:run(1562)) - IPC Server Responder: starting
2024-04-28 12:43:45,416 [main] INFO  server.StorageContainerManager (StorageContainerManager.java:start(1558)) - ScmBlockLocationProtocol RPC server is listening at /0.0.0.0:15090
2024-04-28 12:43:45,416 [main] INFO  server.SCMBlockProtocolServer (SCMBlockProtocolServer.java:start(162)) - RPC server for Block Protocol is listening at /0.0.0.0:15090
2024-04-28 12:43:45,417 [IPC Server Responder] INFO  ipc.Server (Server.java:run(1562)) - IPC Server Responder: starting
2024-04-28 12:43:45,417 [IPC Server listener on 15090] INFO  ipc.Server (Server.java:run(1402)) - IPC Server listener on 15090: starting
2024-04-28 12:43:45,424 [main] INFO  server.SCMDatanodeProtocolServer (SCMDatanodeProtocolServer.java:start(194)) - ScmDatanodeProtocol RPC server for DataNodes is listening at /0.0.0.0:15091
2024-04-28 12:43:45,425 [IPC Server Responder] INFO  ipc.Server (Server.java:run(1562)) - IPC Server Responder: starting
2024-04-28 12:43:45,425 [IPC Server listener on 15091] INFO  ipc.Server (Server.java:run(1402)) - IPC Server listener on 15091: starting
2024-04-28 12:43:45,431 [JvmPauseMonitor11] INFO  util.JvmPauseMonitor (JvmPauseMonitor.java:run(146)) - JvmPauseMonitor-adbe2d4a-0ce6-49f3-a8c9-a30e277d39d0: Started
2024-04-28 12:43:45,432 [main] INFO  http.BaseHttpServer (BaseHttpServer.java:newHttpServer2BuilderForOzone(223)) - Starting Web-server for scm at: http://0.0.0.0:15092
2024-04-28 12:43:45,432 [main] INFO  http.BaseHttpServer (BaseHttpServer.java:<init>(110)) - Hadoop Security Enabled: false Ozone Security Enabled: false Ozone HTTP Security Enabled: false 
2024-04-28 12:43:45,433 [main] WARN  server.AuthenticationFilter (AuthenticationFilter.java:constructSecretProvider(240)) - Unable to initialize FileSignerSecretProvider, falling back to use random secrets. Reason: Could not read signature secret file: /home/runner/hadoop-http-auth-signature-secret
2024-04-28 12:43:45,434 [main] INFO  http.HttpRequestLog (HttpRequestLog.java:getRequestLog(86)) - Http request log for http.requests.scm is not defined
2024-04-28 12:43:45,435 [main] INFO  http.HttpServer2 (HttpServer2.java:addGlobalFilter(1036)) - Added global filter 'safety' (class=org.apache.hadoop.hdds.server.http.HttpServer2$QuotingInputFilter)
2024-04-28 12:43:45,435 [main] INFO  http.HttpServer2 (HttpServer2.java:addFilter(1012)) - Added filter static_user_filter (class=org.apache.hadoop.http.lib.StaticUserWebFilter$StaticUserFilter) to context scm
2024-04-28 12:43:45,435 [main] INFO  http.HttpServer2 (HttpServer2.java:addFilter(1020)) - Added filter static_user_filter (class=org.apache.hadoop.http.lib.StaticUserWebFilter$StaticUserFilter) to context logs
2024-04-28 12:43:45,435 [main] INFO  http.HttpServer2 (HttpServer2.java:addFilter(1020)) - Added filter static_user_filter (class=org.apache.hadoop.http.lib.StaticUserWebFilter$StaticUserFilter) to context static
2024-04-28 12:43:45,436 [main] INFO  http.BaseHttpServer (BaseHttpServer.java:<init>(189)) - HTTP server of scm uses base directory /home/runner/work/ozone/ozone/hadoop-ozone/integration-test/target/test-dir/MiniOzoneClusterImpl-fb989876-9371-464e-b996-ece4d3fe3ecb/ozone-meta/webserver
2024-04-28 12:43:45,436 [main] INFO  http.HttpServer2 (HttpServer2.java:bindListener(1236)) - Jetty bound to port 15092
2024-04-28 12:43:45,436 [main] INFO  server.Server (Server.java:doStart(375)) - jetty-9.4.54.v20240208; built: 2024-02-08T19:42:39.027Z; git: cef3fbd6d736a21e7d541a5db490381d95a2047d; jvm 17.0.10+7
2024-04-28 12:43:45,438 [main] INFO  server.session (DefaultSessionIdManager.java:doStart(334)) - DefaultSessionIdManager workerName=node0
2024-04-28 12:43:45,439 [main] INFO  server.session (DefaultSessionIdManager.java:doStart(339)) - No SessionScavenger set, using defaults
2024-04-28 12:43:45,439 [main] INFO  server.session (HouseKeeper.java:startScavenging(132)) - node0 Scavenging every 600000ms
2024-04-28 12:43:45,439 [main] INFO  handler.ContextHandler (ContextHandler.java:doStart(921)) - Started o.e.j.s.ServletContextHandler@8d95ac8{logs,/logs,file:///home/runner/work/ozone/ozone/hadoop-ozone/integration-test/target/log,AVAILABLE}
2024-04-28 12:43:45,439 [main] INFO  handler.ContextHandler (ContextHandler.java:doStart(921)) - Started o.e.j.s.ServletContextHandler@22be8211{static,/static,file:///home/runner/work/ozone/ozone/hadoop-ozone/integration-test/target/test-classes/webapps/static,AVAILABLE}
2024-04-28 12:43:45,443 [main] INFO  handler.ContextHandler (ContextHandler.java:doStart(921)) - Started o.e.j.w.WebAppContext@1e1424e9{scm,/,file:///home/runner/work/ozone/ozone/hadoop-ozone/integration-test/target/test-classes/webapps/scm/,AVAILABLE}{file:/home/runner/work/ozone/ozone/hadoop-ozone/integration-test/target/test-classes/webapps/scm}
2024-04-28 12:43:45,443 [main] INFO  server.AbstractConnector (AbstractConnector.java:doStart(333)) - Started ServerConnector@11757914{HTTP/1.1, (http/1.1)}{0.0.0.0:15092}
2024-04-28 12:43:45,443 [main] INFO  server.Server (Server.java:doStart(415)) - Started @46566ms
2024-04-28 12:43:45,443 [main] WARN  impl.MetricsSystemImpl (MetricsSystemImpl.java:register(279)) - Sink prometheus already exists!
2024-04-28 12:43:45,444 [main] INFO  http.BaseHttpServer (BaseHttpServer.java:updateConnectorAddress(354)) - HTTP server of scm listening at http://0.0.0.0:15092
2024-04-28 12:43:45,444 [main] WARN  server.ServerUtils (ServerUtils.java:getDBPath(299)) - ozone.om.db.dirs is not configured. We recommend adding this setting. Falling back to ozone.metadata.dirs instead.
2024-04-28 12:43:45,445 [main] INFO  ha.OMHANodeDetails (OMHANodeDetails.java:loadOMHAConfig(115)) - ozone.om.internal.service.id is not defined, falling back to ozone.om.service.ids to find serviceID for OzoneManager if it is HA enabled cluster
2024-04-28 12:43:45,445 [main] INFO  ha.OMHANodeDetails (OMHANodeDetails.java:loadOMHAConfig(226)) - Configuration does not have ozone.om.address set. Falling back to the default OM address /127.0.0.1:15093
2024-04-28 12:43:45,445 [main] INFO  ha.OMHANodeDetails (OMHANodeDetails.java:getOMNodeDetailsForNonHA(254)) - OM Service ID is not set. Setting it to the default ID: omServiceIdDefault
2024-04-28 12:43:45,446 [main] INFO  ha.OMHANodeDetails (OMHANodeDetails.java:getOMNodeDetailsForNonHA(261)) - OM Node ID is not set. Setting it to the default ID: om1
2024-04-28 12:43:45,446 [main] WARN  server.ServerUtils (ServerUtils.java:getDBPath(299)) - ozone.om.db.dirs is not configured. We recommend adding this setting. Falling back to ozone.metadata.dirs instead.
2024-04-28 12:43:45,447 [main] INFO  upgrade.AbstractLayoutVersionManager (AbstractLayoutVersionManager.java:init(83)) - Initializing Layout version manager with metadata layout = QUOTA (version = 6), software layout = QUOTA (version = 6)
2024-04-28 12:43:45,481 [main] INFO  reflections.Reflections (Reflections.java:scan(219)) - Reflections took 33 ms to scan 2 urls, producing 188 keys and 545 values
2024-04-28 12:43:45,481 [main] INFO  upgrade.OMLayoutVersionManager (OMLayoutVersionManager.java:lambda$0(113)) - Skipping Upgrade Action QuotaRepairUpgradeAction since it has been finalized.
2024-04-28 12:43:45,481 [main] INFO  upgrade.OMLayoutVersionManager (OMLayoutVersionManager.java:lambda$0(113)) - Skipping Upgrade Action MockOmUpgradeAction since it has been finalized.
2024-04-28 12:43:45,481 [main] WARN  server.ServerUtils (ServerUtils.java:getDBPath(299)) - ozone.om.db.dirs is not configured. We recommend adding this setting. Falling back to ozone.metadata.dirs instead.
2024-04-28 12:43:45,482 [main] INFO  proxy.SCMBlockLocationFailoverProxyProvider (SCMBlockLocationFailoverProxyProvider.java:<init>(115)) - Created block location fail-over proxy with 1 nodes: [nodeId=scmNodeId,nodeAddress=/0.0.0.0:15090]
2024-04-28 12:43:45,484 [main] INFO  proxy.SCMBlockLocationFailoverProxyProvider (SCMBlockLocationFailoverProxyProvider.java:<init>(115)) - Created block location fail-over proxy with 1 nodes: [nodeId=scmNodeId,nodeAddress=/0.0.0.0:15090]
2024-04-28 12:43:45,488 [main] INFO  om.OzoneManager (OzoneManager.java:<init>(677)) - OM start with adminUsers: [runner]
2024-04-28 12:43:45,490 [main] WARN  server.ServerUtils (ServerUtils.java:getDBPath(299)) - ozone.om.db.dirs is not configured. We recommend adding this setting. Falling back to ozone.metadata.dirs instead.
2024-04-28 12:43:45,490 [main] INFO  helpers.OmKeyInfo (OmKeyInfo.java:getCodec(72)) - OmKeyInfo.getCodec ignorePipeline = true
2024-04-28 12:43:45,627 [main] INFO  om.OzoneManager (OzoneManager.java:instantiateServices(811)) - S3 Multi-Tenancy is disabled
2024-04-28 12:43:45,627 [main] INFO  om.OmSnapshotManager (OmSnapshotManager.java:<init>(179)) - Ozone filesystem snapshot feature is enabled.
2024-04-28 12:43:45,627 [main] WARN  server.ServerUtils (ServerUtils.java:getDBPath(299)) - ozone.om.snapshot.diff.db.dir is not configured. We recommend adding this setting. Falling back to ozone.metadata.dirs instead.
2024-04-28 12:43:45,640 [main] INFO  utils.NativeLibraryLoader (NativeLibraryLoader.java:loadLibrary(111)) - Loading Library: ozone_rocksdb_tools
2024-04-28 12:43:45,640 [main] ERROR snapshot.SnapshotDiffManager (SnapshotDiffManager.java:initNativeLibraryForEfficientDiff(287)) - Native Library for raw sst file reading loading failed.
org.apache.hadoop.hdds.utils.NativeLibraryNotLoadedException: Unable to load library ozone_rocksdb_tools from both java.library.path & resource file libozone_rocksdb_tools.so from jar.
	at org.apache.hadoop.hdds.utils.db.managed.ManagedRawSSTFileReader.loadLibrary(ManagedRawSSTFileReader.java:40)
	at org.apache.hadoop.ozone.om.snapshot.SnapshotDiffManager.initNativeLibraryForEfficientDiff(SnapshotDiffManager.java:285)
	at org.apache.hadoop.ozone.om.snapshot.SnapshotDiffManager.<init>(SnapshotDiffManager.java:259)
	at org.apache.hadoop.ozone.om.OmSnapshotManager.<init>(OmSnapshotManager.java:286)
	at org.apache.hadoop.ozone.om.OzoneManager.instantiateServices(OzoneManager.java:863)
	at org.apache.hadoop.ozone.om.OzoneManager.<init>(OzoneManager.java:687)
	at org.apache.hadoop.ozone.om.OzoneManager.createOm(OzoneManager.java:774)
	at org.apache.hadoop.ozone.MiniOzoneClusterImpl$Builder.createOM(MiniOzoneClusterImpl.java:689)
	at org.apache.hadoop.ozone.MiniOzoneClusterImpl$Builder.createAndStartSingleOM(MiniOzoneClusterImpl.java:673)
	at org.apache.hadoop.ozone.MiniOzoneClusterImpl$Builder.build(MiniOzoneClusterImpl.java:535)
	at org.apache.hadoop.ozone.client.rpc.TestWatchForCommit.init(TestWatchForCommit.java:154)
	at java.base/jdk.internal.reflect.NativeMethodAccessorImpl.invoke0(Native Method)
	at java.base/jdk.internal.reflect.NativeMethodAccessorImpl.invoke(NativeMethodAccessorImpl.java:77)
	at java.base/jdk.internal.reflect.DelegatingMethodAccessorImpl.invoke(DelegatingMethodAccessorImpl.java:43)
	at java.base/java.lang.reflect.Method.invoke(Method.java:568)
	at org.junit.platform.commons.util.ReflectionUtils.invokeMethod(ReflectionUtils.java:728)
	at org.junit.jupiter.engine.execution.MethodInvocation.proceed(MethodInvocation.java:60)
	at org.junit.jupiter.engine.execution.InvocationInterceptorChain$ValidatingInvocation.proceed(InvocationInterceptorChain.java:131)
	at org.junit.jupiter.engine.extension.TimeoutExtension.intercept(TimeoutExtension.java:156)
	at org.junit.jupiter.engine.extension.TimeoutExtension.interceptLifecycleMethod(TimeoutExtension.java:128)
	at org.junit.jupiter.engine.extension.TimeoutExtension.interceptBeforeEachMethod(TimeoutExtension.java:78)
	at org.junit.jupiter.engine.execution.InterceptingExecutableInvoker$ReflectiveInterceptorCall.lambda$ofVoidMethod$0(InterceptingExecutableInvoker.java:103)
	at org.junit.jupiter.engine.execution.InterceptingExecutableInvoker.lambda$invoke$0(InterceptingExecutableInvoker.java:93)
	at org.junit.jupiter.engine.execution.InvocationInterceptorChain$InterceptedInvocation.proceed(InvocationInterceptorChain.java:106)
	at org.junit.jupiter.engine.execution.InvocationInterceptorChain.proceed(InvocationInterceptorChain.java:64)
	at org.junit.jupiter.engine.execution.InvocationInterceptorChain.chainAndInvoke(InvocationInterceptorChain.java:45)
	at org.junit.jupiter.engine.execution.InvocationInterceptorChain.invoke(InvocationInterceptorChain.java:37)
	at org.junit.jupiter.engine.execution.InterceptingExecutableInvoker.invoke(InterceptingExecutableInvoker.java:92)
	at org.junit.jupiter.engine.execution.InterceptingExecutableInvoker.invoke(InterceptingExecutableInvoker.java:86)
	at org.junit.jupiter.engine.descriptor.ClassBasedTestDescriptor.invokeMethodInExtensionContext(ClassBasedTestDescriptor.java:521)
	at org.junit.jupiter.engine.descriptor.ClassBasedTestDescriptor.lambda$synthesizeBeforeEachMethodAdapter$23(ClassBasedTestDescriptor.java:506)
	at org.junit.jupiter.engine.descriptor.TestMethodTestDescriptor.lambda$invokeBeforeEachMethods$3(TestMethodTestDescriptor.java:175)
	at org.junit.jupiter.engine.descriptor.TestMethodTestDescriptor.lambda$invokeBeforeMethodsOrCallbacksUntilExceptionOccurs$6(TestMethodTestDescriptor.java:203)
	at org.junit.platform.engine.support.hierarchical.ThrowableCollector.execute(ThrowableCollector.java:73)
	at org.junit.jupiter.engine.descriptor.TestMethodTestDescriptor.invokeBeforeMethodsOrCallbacksUntilExceptionOccurs(TestMethodTestDescriptor.java:203)
	at org.junit.jupiter.engine.descriptor.TestMethodTestDescriptor.invokeBeforeEachMethods(TestMethodTestDescriptor.java:172)
	at org.junit.jupiter.engine.descriptor.TestMethodTestDescriptor.execute(TestMethodTestDescriptor.java:135)
	at org.junit.jupiter.engine.descriptor.TestMethodTestDescriptor.execute(TestMethodTestDescriptor.java:69)
	at org.junit.platform.engine.support.hierarchical.NodeTestTask.lambda$executeRecursively$6(NodeTestTask.java:151)
	at org.junit.platform.engine.support.hierarchical.ThrowableCollector.execute(ThrowableCollector.java:73)
	at org.junit.platform.engine.support.hierarchical.NodeTestTask.lambda$executeRecursively$8(NodeTestTask.java:141)
	at org.junit.platform.engine.support.hierarchical.Node.around(Node.java:137)
	at org.junit.platform.engine.support.hierarchical.NodeTestTask.lambda$executeRecursively$9(NodeTestTask.java:139)
	at org.junit.platform.engine.support.hierarchical.ThrowableCollector.execute(ThrowableCollector.java:73)
	at org.junit.platform.engine.support.hierarchical.NodeTestTask.executeRecursively(NodeTestTask.java:138)
	at org.junit.platform.engine.support.hierarchical.NodeTestTask.execute(NodeTestTask.java:95)
	at java.base/java.util.ArrayList.forEach(ArrayList.java:1511)
	at org.junit.platform.engine.support.hierarchical.SameThreadHierarchicalTestExecutorService.invokeAll(SameThreadHierarchicalTestExecutorService.java:41)
	at org.junit.platform.engine.support.hierarchical.NodeTestTask.lambda$executeRecursively$6(NodeTestTask.java:155)
	at org.junit.platform.engine.support.hierarchical.ThrowableCollector.execute(ThrowableCollector.java:73)
	at org.junit.platform.engine.support.hierarchical.NodeTestTask.lambda$executeRecursively$8(NodeTestTask.java:141)
	at org.junit.platform.engine.support.hierarchical.Node.around(Node.java:137)
	at org.junit.platform.engine.support.hierarchical.NodeTestTask.lambda$executeRecursively$9(NodeTestTask.java:139)
	at org.junit.platform.engine.support.hierarchical.ThrowableCollector.execute(ThrowableCollector.java:73)
	at org.junit.platform.engine.support.hierarchical.NodeTestTask.executeRecursively(NodeTestTask.java:138)
	at org.junit.platform.engine.support.hierarchical.NodeTestTask.execute(NodeTestTask.java:95)
	at java.base/java.util.ArrayList.forEach(ArrayList.java:1511)
	at org.junit.platform.engine.support.hierarchical.SameThreadHierarchicalTestExecutorService.invokeAll(SameThreadHierarchicalTestExecutorService.java:41)
	at org.junit.platform.engine.support.hierarchical.NodeTestTask.lambda$executeRecursively$6(NodeTestTask.java:155)
	at org.junit.platform.engine.support.hierarchical.ThrowableCollector.execute(ThrowableCollector.java:73)
	at org.junit.platform.engine.support.hierarchical.NodeTestTask.lambda$executeRecursively$8(NodeTestTask.java:141)
	at org.junit.platform.engine.support.hierarchical.Node.around(Node.java:137)
	at org.junit.platform.engine.support.hierarchical.NodeTestTask.lambda$executeRecursively$9(NodeTestTask.java:139)
	at org.junit.platform.engine.support.hierarchical.ThrowableCollector.execute(ThrowableCollector.java:73)
	at org.junit.platform.engine.support.hierarchical.NodeTestTask.executeRecursively(NodeTestTask.java:138)
	at org.junit.platform.engine.support.hierarchical.NodeTestTask.execute(NodeTestTask.java:95)
	at org.junit.platform.engine.support.hierarchical.SameThreadHierarchicalTestExecutorService.submit(SameThreadHierarchicalTestExecutorService.java:35)
	at org.junit.platform.engine.support.hierarchical.HierarchicalTestExecutor.execute(HierarchicalTestExecutor.java:57)
	at org.junit.platform.engine.support.hierarchical.HierarchicalTestEngine.execute(HierarchicalTestEngine.java:54)
	at org.junit.platform.launcher.core.EngineExecutionOrchestrator.execute(EngineExecutionOrchestrator.java:198)
	at org.junit.platform.launcher.core.EngineExecutionOrchestrator.execute(EngineExecutionOrchestrator.java:169)
	at org.junit.platform.launcher.core.EngineExecutionOrchestrator.execute(EngineExecutionOrchestrator.java:93)
	at org.junit.platform.launcher.core.EngineExecutionOrchestrator.lambda$execute$0(EngineExecutionOrchestrator.java:58)
	at org.junit.platform.launcher.core.EngineExecutionOrchestrator.withInterceptedStreams(EngineExecutionOrchestrator.java:141)
	at org.junit.platform.launcher.core.EngineExecutionOrchestrator.execute(EngineExecutionOrchestrator.java:57)
	at org.junit.platform.launcher.core.DefaultLauncher.execute(DefaultLauncher.java:103)
	at org.junit.platform.launcher.core.DefaultLauncher.execute(DefaultLauncher.java:85)
	at org.junit.platform.launcher.core.DelegatingLauncher.execute(DelegatingLauncher.java:47)
	at org.junit.platform.launcher.core.SessionPerRequestLauncher.execute(SessionPerRequestLauncher.java:63)
	at org.apache.maven.surefire.junitplatform.JUnitPlatformProvider.invokeAllTests(JUnitPlatformProvider.java:154)
	at org.apache.maven.surefire.junitplatform.JUnitPlatformProvider.invoke(JUnitPlatformProvider.java:123)
	at org.apache.maven.surefire.booter.ForkedBooter.runSuitesInProcess(ForkedBooter.java:377)
	at org.apache.maven.surefire.booter.ForkedBooter.execute(ForkedBooter.java:138)
	at org.apache.maven.surefire.booter.ForkedBooter.run(ForkedBooter.java:465)
	at org.apache.maven.surefire.booter.ForkedBooter.main(ForkedBooter.java:451)
2024-04-28 12:43:45,643 [main] INFO  om.OzoneManager (OzoneManager.java:addS3GVolumeToDB(4463)) - Created Volume s3v With Owner runner required for S3Gateway operations.
2024-04-28 12:43:45,643 [main] WARN  server.ServerUtils (ServerUtils.java:getDefaultRatisDirectory(311)) - Storage directory for Ratis is not configured. It is a good idea to map this to an SSD disk. Falling back to ozone.metadata.dirs
2024-04-28 12:43:45,643 [main] WARN  utils.OzoneManagerRatisUtils (OzoneManagerRatisUtils.java:getOMRatisSnapshotDirectory(476)) - ozone.om.ratis.snapshot.dir is not configured. Falling back to ozone.metadata.dirs config
2024-04-28 12:43:45,644 [main] WARN  server.ServerUtils (ServerUtils.java:getDefaultRatisDirectory(311)) - Storage directory for Ratis is not configured. It is a good idea to map this to an SSD disk. Falling back to ozone.metadata.dirs
2024-04-28 12:43:45,645 [main] INFO  ratis.OzoneManagerRatisServer (OzoneManagerRatisServer.java:<init>(167)) - Instantiating OM Ratis server with groupID: omServiceIdDefault and peers: localhost:15096
2024-04-28 12:43:45,645 [main] INFO  ratis.OzoneManagerStateMachine (OzoneManagerStateMachine.java:loadSnapshotInfoFromDB(589)) - TransactionInfo not found in OM DB.
2024-04-28 12:43:45,646 [main] INFO  server.RaftServer (ConfUtils.java:logGet(46)) - raft.rpc.type = GRPC (default)
2024-04-28 12:43:45,646 [main] INFO  grpc.GrpcConfigKeys (ConfUtils.java:logFallback(53)) - raft.grpc.admin.host = null (fallback to raft.grpc.server.host)
2024-04-28 12:43:45,646 [main] INFO  grpc.GrpcConfigKeys (ConfUtils.java:logFallback(53)) - raft.grpc.admin.port = 15096 (fallback to raft.grpc.server.port)
2024-04-28 12:43:45,646 [main] INFO  grpc.GrpcConfigKeys (ConfUtils.java:logFallback(53)) - raft.grpc.client.host = null (fallback to raft.grpc.server.host)
2024-04-28 12:43:45,646 [main] INFO  grpc.GrpcConfigKeys (ConfUtils.java:logFallback(53)) - raft.grpc.client.port = 15096 (fallback to raft.grpc.server.port)
2024-04-28 12:43:45,646 [main] INFO  grpc.GrpcConfigKeys (ConfUtils.java:logGet(46)) - raft.grpc.server.host = null (default)
2024-04-28 12:43:45,647 [main] INFO  grpc.GrpcConfigKeys (ConfUtils.java:logGet(46)) - raft.grpc.server.port = 15096 (custom)
2024-04-28 12:43:45,647 [main] INFO  server.GrpcService (ConfUtils.java:logGet(46)) - raft.grpc.message.size.max = 4194304 (custom)
2024-04-28 12:43:45,647 [main] INFO  server.RaftServerConfigKeys (ConfUtils.java:logGet(46)) - raft.server.log.appender.buffer.byte-limit = 4194304 (custom)
2024-04-28 12:43:45,647 [main] INFO  server.GrpcService (ConfUtils.java:logGet(46)) - raft.grpc.flow.control.window = 1MB (=1048576) (default)
2024-04-28 12:43:45,647 [main] INFO  server.RaftServerConfigKeys (ConfUtils.java:logGet(46)) - raft.server.rpc.request.timeout = 3000ms (default)
2024-04-28 12:43:45,647 [main] INFO  grpc.GrpcConfigKeys (ConfUtils.java:logGet(46)) - raft.grpc.server.heartbeat.channel = true (default)
2024-04-28 12:43:45,647 [main] INFO  grpc.GrpcConfigKeys (ConfUtils.java:logGet(46)) - raft.grpc.server.async.request.thread.pool.cached = true (default)
2024-04-28 12:43:45,647 [main] INFO  grpc.GrpcConfigKeys (ConfUtils.java:logGet(46)) - raft.grpc.server.async.request.thread.pool.size = 32 (default)
2024-04-28 12:43:45,649 [main] INFO  impl.DataStreamServerImpl (ConfUtils.java:logGet(46)) - raft.datastream.type = DISABLED (default)
2024-04-28 12:43:45,649 [main] INFO  server.RaftServerConfigKeys (ConfUtils.java:logGet(46)) - raft.server.sleep.deviation.threshold = 300ms (default)
2024-04-28 12:43:45,649 [main] INFO  server.RaftServerConfigKeys (ConfUtils.java:logGet(46)) - raft.server.close.threshold = 60s (default)
2024-04-28 12:43:45,649 [main] INFO  server.RaftServerConfigKeys (ConfUtils.java:logGet(46)) - raft.server.leaderelection.leader.step-down.wait-time = 10s (default)
2024-04-28 12:43:45,650 [main] INFO  server.RaftServerConfigKeys (ConfUtils.java:logGet(46)) - raft.server.storage.dir = [/home/runner/work/ozone/ozone/hadoop-ozone/integration-test/target/test-dir/MiniOzoneClusterImpl-fb989876-9371-464e-b996-ece4d3fe3ecb/ozone-meta/ratis] (custom)
2024-04-28 12:43:45,650 [main] INFO  server.RaftServerConfigKeys (ConfUtils.java:logGet(46)) - raft.server.threadpool.proxy.cached = true (default)
2024-04-28 12:43:45,650 [main] INFO  server.RaftServerConfigKeys (ConfUtils.java:logGet(46)) - raft.server.threadpool.proxy.size = 0 (default)
2024-04-28 12:43:45,654 [main] INFO  server.RaftServer (RaftServerProxy.java:addNew(100)) - om1: addNew group-C5BA1605619E:[om1|localhost:15096] returns group-C5BA1605619E:java.util.concurrent.CompletableFuture@48799b86[Not completed]
2024-04-28 12:43:45,654 [main] INFO  om.OzoneManager (OzoneManager.java:initializeRatisServer(2168)) - OzoneManager Ratis server initialized at port 15096
2024-04-28 12:43:45,654 [om1-groupManagement] INFO  server.RaftServer$Division (RaftServerImpl.java:<init>(256)) - om1: new RaftServerImpl for group-C5BA1605619E:[om1|localhost:15096] with OzoneManagerStateMachine:uninitialized
2024-04-28 12:43:45,654 [main] INFO  om.OzoneManager (OzoneManager.java:getRpcServer(1227)) - Creating RPC Server
2024-04-28 12:43:45,655 [om1-groupManagement] INFO  server.RaftServerConfigKeys (ConfUtils.java:logGet(46)) - raft.server.rpc.timeout.min = 1s (custom)
2024-04-28 12:43:45,655 [om1-groupManagement] INFO  server.RaftServerConfigKeys (ConfUtils.java:logGet(46)) - raft.server.rpc.timeout.max = 1200ms (custom)
2024-04-28 12:43:45,655 [om1-groupManagement] INFO  server.RaftServerConfigKeys (ConfUtils.java:logGet(46)) - raft.server.rpc.sleep.time = 25ms (default)
2024-04-28 12:43:45,655 [om1-groupManagement] INFO  server.RaftServerConfigKeys (ConfUtils.java:logGet(46)) - raft.server.rpc.slowness.timeout = 120s (custom)
2024-04-28 12:43:45,655 [om1-groupManagement] INFO  server.RaftServerConfigKeys (ConfUtils.java:logGet(46)) - raft.server.leaderelection.leader.step-down.wait-time = 10s (default)
2024-04-28 12:43:45,655 [om1-groupManagement] INFO  server.RaftServerConfigKeys (ConfUtils.java:logGet(46)) - raft.server.leaderelection.member.majority-add = false (default)
2024-04-28 12:43:45,655 [om1-groupManagement] INFO  server.RaftServerConfigKeys (ConfUtils.java:logGet(46)) - raft.server.sleep.deviation.threshold = 300ms (default)
2024-04-28 12:43:45,655 [om1-groupManagement] INFO  server.RaftServer$Division (ServerState.java:<init>(113)) - om1@group-C5BA1605619E: ConfigurationManager, init=-1: peers:[om1|localhost:15096]|listeners:[], old=null, confs=<EMPTY_MAP>
2024-04-28 12:43:45,655 [om1-groupManagement] INFO  server.RaftServerConfigKeys (ConfUtils.java:logGet(46)) - raft.server.notification.no-leader.timeout = 120s (custom)
2024-04-28 12:43:45,655 [om1-groupManagement] INFO  server.RaftServerConfigKeys (ConfUtils.java:logGet(46)) - raft.server.read.timeout = 10s (default)
2024-04-28 12:43:45,656 [om1-groupManagement] INFO  server.RaftServerConfigKeys (ConfUtils.java:logGet(46)) - raft.server.retrycache.expirytime = 300s (custom)
2024-04-28 12:43:45,656 [om1-groupManagement] INFO  server.RaftServerConfigKeys (ConfUtils.java:logGet(46)) - raft.server.retrycache.statistics.expirytime = 100ms (default)
2024-04-28 12:43:45,656 [om1-groupManagement] INFO  server.RaftServerConfigKeys (ConfUtils.java:logGet(46)) - raft.server.read.option = DEFAULT (default)
2024-04-28 12:43:45,656 [om1-groupManagement] INFO  server.RaftServerConfigKeys (ConfUtils.java:logGet(46)) - raft.server.read.read-after-write-consistent.write-index-cache.expiry-time = 60s (default)
2024-04-28 12:43:45,657 [om1-groupManagement] INFO  server.RaftServerConfigKeys (ConfUtils.java:logGet(46)) - raft.server.rpc.request.timeout = 3000ms (default)
2024-04-28 12:43:45,657 [om1-groupManagement] INFO  server.RaftServerConfigKeys (ConfUtils.java:logGet(46)) - raft.server.log.appender.install.snapshot.enabled = false (custom)
2024-04-28 12:43:45,657 [om1-groupManagement] INFO  server.RaftServerConfigKeys (ConfUtils.java:logGet(46)) - raft.server.threadpool.server.cached = true (default)
2024-04-28 12:43:45,657 [om1-groupManagement] INFO  server.RaftServerConfigKeys (ConfUtils.java:logGet(46)) - raft.server.threadpool.server.size = 0 (default)
2024-04-28 12:43:45,657 [om1-groupManagement] INFO  server.RaftServerConfigKeys (ConfUtils.java:logGet(46)) - raft.server.threadpool.client.cached = true (default)
2024-04-28 12:43:45,657 [om1-groupManagement] INFO  server.RaftServerConfigKeys (ConfUtils.java:logGet(46)) - raft.server.threadpool.client.size = 0 (default)
2024-04-28 12:43:46,005 [main] INFO  reflections.Reflections (Reflections.java:scan(219)) - Reflections took 350 ms to scan 20 urls, producing 58 keys and 6549 values
2024-04-28 12:43:46,007 [main] INFO  ipc.CallQueueManager (CallQueueManager.java:<init>(90)) - Using callQueue: class java.util.concurrent.LinkedBlockingQueue, queueCapacity: 2000, scheduler: class org.apache.hadoop.ipc.DefaultRpcScheduler, ipcBackoff: false.
2024-04-28 12:43:46,007 [main] INFO  ipc.Server (Server.java:<init>(1287)) - Listener at 127.0.0.1:15093
2024-04-28 12:43:46,009 [Socket Reader #1 for port 15093] INFO  ipc.Server (Server.java:run(1323)) - Starting Socket Reader #1 for port 15093
2024-04-28 12:43:46,024 [main] INFO  impl.MetricsSystemImpl (MetricsSystemImpl.java:init(158)) - OzoneManager metrics system started (again)
2024-04-28 12:43:46,034 [main] INFO  om.OzoneManager (OzoneManager.java:start(1649)) - OzoneManager RPC server is listening at localhost/127.0.0.1:15093
2024-04-28 12:43:46,034 [main] INFO  ratis.OzoneManagerRatisServer (OzoneManagerRatisServer.java:start(588)) - Starting OzoneManagerRatisServer om1 at port 15096
2024-04-28 12:43:46,034 [om1-impl-thread1] INFO  server.RaftServerConfigKeys (ConfUtils.java:logGet(46)) - raft.server.storage.free-space.min = 0MB (=0) (default)
2024-04-28 12:43:46,034 [om1-impl-thread1] INFO  server.RaftServerConfigKeys (ConfUtils.java:logGet(46)) - raft.server.log.corruption.policy = EXCEPTION (default)
2024-04-28 12:43:46,034 [om1-impl-thread1] INFO  server.RaftServerConfigKeys (ConfUtils.java:logGet(46)) - raft.server.storage.dir = [/home/runner/work/ozone/ozone/hadoop-ozone/integration-test/target/test-dir/MiniOzoneClusterImpl-fb989876-9371-464e-b996-ece4d3fe3ecb/ozone-meta/ratis] (custom)
2024-04-28 12:43:46,035 [om1-impl-thread1] INFO  storage.RaftStorageDirectory (RaftStorageDirectoryImpl.java:analyzeStorage(138)) - The storage directory /home/runner/work/ozone/ozone/hadoop-ozone/integration-test/target/test-dir/MiniOzoneClusterImpl-fb989876-9371-464e-b996-ece4d3fe3ecb/ozone-meta/ratis/bf265839-605b-3f16-9796-c5ba1605619e does not exist. Creating ...
2024-04-28 12:43:46,036 [om1-impl-thread1] INFO  storage.RaftStorageDirectory (RaftStorageDirectoryImpl.java:tryLock(228)) - Lock on /home/runner/work/ozone/ozone/hadoop-ozone/integration-test/target/test-dir/MiniOzoneClusterImpl-fb989876-9371-464e-b996-ece4d3fe3ecb/ozone-meta/ratis/bf265839-605b-3f16-9796-c5ba1605619e/in_use.lock acquired by nodename 21404@fv-az1392-52
2024-04-28 12:43:46,037 [om1-impl-thread1] INFO  storage.RaftStorage (RaftStorageImpl.java:format(99)) - Storage directory /home/runner/work/ozone/ozone/hadoop-ozone/integration-test/target/test-dir/MiniOzoneClusterImpl-fb989876-9371-464e-b996-ece4d3fe3ecb/ozone-meta/ratis/bf265839-605b-3f16-9796-c5ba1605619e has been successfully formatted.
2024-04-28 12:43:46,037 [om1-impl-thread1] WARN  util.FileUtils (LogUtils.java:supplyAndLog(63)) - Failed to Files.newInputStream /home/runner/work/ozone/ozone/hadoop-ozone/integration-test/target/test-dir/MiniOzoneClusterImpl-fb989876-9371-464e-b996-ece4d3fe3ecb/ozone-meta/ratis/bf265839-605b-3f16-9796-c5ba1605619e/current/raft-meta.conf with options []: java.nio.file.NoSuchFileException: /home/runner/work/ozone/ozone/hadoop-ozone/integration-test/target/test-dir/MiniOzoneClusterImpl-fb989876-9371-464e-b996-ece4d3fe3ecb/ozone-meta/ratis/bf265839-605b-3f16-9796-c5ba1605619e/current/raft-meta.conf
2024-04-28 12:43:46,037 [om1-impl-thread1] INFO  server.RaftServerConfigKeys (ConfUtils.java:logGet(46)) - raft.server.log.use.memory = false (default)
2024-04-28 12:43:46,037 [om1-impl-thread1] INFO  server.RaftServerConfigKeys (ConfUtils.java:logGet(46)) - raft.server.log.purge.gap = 1000000 (custom)
2024-04-28 12:43:46,037 [om1-impl-thread1] INFO  server.RaftServerConfigKeys (ConfUtils.java:logGet(46)) - raft.server.log.appender.buffer.byte-limit = 4194304 (custom)
2024-04-28 12:43:46,037 [om1-impl-thread1] INFO  server.RaftServerConfigKeys (ConfUtils.java:logGet(46)) - raft.server.log.statemachine.data.read.timeout = 1000ms (default)
2024-04-28 12:43:46,037 [om1-impl-thread1] INFO  server.RaftServerConfigKeys (ConfUtils.java:logGet(46)) - raft.server.log.purge.preservation.log.num = 0 (default)
2024-04-28 12:43:46,038 [om1-impl-thread1] INFO  server.RaftServerConfigKeys (ConfUtils.java:logGet(46)) - raft.server.log.segment.size.max = 4194304 (custom)
2024-04-28 12:43:46,038 [om1-impl-thread1] INFO  server.RaftServerConfigKeys (ConfUtils.java:logGet(46)) - raft.server.log.segment.cache.num.max = 2 (custom)
2024-04-28 12:43:46,038 [om1-impl-thread1] INFO  server.RaftServerConfigKeys (ConfUtils.java:logGet(46)) - raft.server.log.segment.cache.size.max = 200MB (=209715200) (default)
2024-04-28 12:43:46,038 [om1-impl-thread1] INFO  server.RaftServerConfigKeys (ConfUtils.java:logGet(46)) - raft.server.log.appender.buffer.byte-limit = 4194304 (custom)
2024-04-28 12:43:46,038 [om1-impl-thread1] INFO  util.AwaitToRun (AwaitToRun.java:start(81)) - Thread[om1@group-C5BA1605619E-cacheEviction-AwaitToRun,5,main] started
2024-04-28 12:43:46,038 [om1-impl-thread1] INFO  segmented.SegmentedRaftLogWorker (SegmentedRaftLogWorker.java:<init>(182)) - new om1@group-C5BA1605619E-SegmentedRaftLogWorker for RaftStorageImpl:Storage Directory /home/runner/work/ozone/ozone/hadoop-ozone/integration-test/target/test-dir/MiniOzoneClusterImpl-fb989876-9371-464e-b996-ece4d3fe3ecb/ozone-meta/ratis/bf265839-605b-3f16-9796-c5ba1605619e
2024-04-28 12:43:46,038 [om1-impl-thread1] INFO  server.RaftServerConfigKeys (ConfUtils.java:logGet(46)) - raft.server.log.queue.byte-limit = 64MB (=67108864) (default)
2024-04-28 12:43:46,038 [om1-impl-thread1] INFO  server.RaftServerConfigKeys (ConfUtils.java:logGet(46)) - raft.server.log.queue.element-limit = 4096 (default)
2024-04-28 12:43:46,038 [om1-impl-thread1] INFO  server.RaftServerConfigKeys (ConfUtils.java:logGet(46)) - raft.server.log.segment.size.max = 4194304 (custom)
2024-04-28 12:43:46,038 [om1-impl-thread1] INFO  server.RaftServerConfigKeys (ConfUtils.java:logGet(46)) - raft.server.log.preallocated.size = 4194304 (custom)
2024-04-28 12:43:46,038 [om1-impl-thread1] INFO  server.RaftServerConfigKeys (ConfUtils.java:logGet(46)) - raft.server.log.force.sync.num = 128 (default)
2024-04-28 12:43:46,038 [om1-impl-thread1] INFO  server.RaftServerConfigKeys (ConfUtils.java:logGet(46)) - raft.server.log.statemachine.data.sync = true (default)
2024-04-28 12:43:46,039 [om1-impl-thread1] INFO  server.RaftServerConfigKeys (ConfUtils.java:logGet(46)) - raft.server.log.statemachine.data.sync.timeout = 10s (default)
2024-04-28 12:43:46,039 [om1-impl-thread1] INFO  server.RaftServerConfigKeys (ConfUtils.java:logGet(46)) - raft.server.log.statemachine.data.sync.timeout.retry = -1 (default)
2024-04-28 12:43:46,039 [om1-impl-thread1] INFO  server.RaftServerConfigKeys (ConfUtils.java:logGet(46)) - raft.server.log.write.buffer.size = 4194312 (custom)
2024-04-28 12:43:46,040 [om1-impl-thread1] INFO  server.RaftServerConfigKeys (ConfUtils.java:logGet(46)) - raft.server.log.appender.buffer.byte-limit = 4194304 (custom)
2024-04-28 12:43:46,040 [om1-impl-thread1] INFO  server.RaftServerConfigKeys (ConfUtils.java:logGet(46)) - raft.server.log.unsafe-flush.enabled = false (default)
2024-04-28 12:43:46,040 [om1-impl-thread1] INFO  server.RaftServerConfigKeys (ConfUtils.java:logGet(46)) - raft.server.log.async-flush.enabled = false (default)
2024-04-28 12:43:46,040 [om1-impl-thread1] INFO  server.RaftServerConfigKeys (ConfUtils.java:logGet(46)) - raft.server.log.statemachine.data.caching.enabled = false (default)
2024-04-28 12:43:46,040 [om1-impl-thread1] INFO  segmented.SegmentedRaftLogWorker (SegmentedRaftLogWorker.java:lambda$new$0(134)) - om1@group-C5BA1605619E-SegmentedRaftLogWorker: flushIndex: setUnconditionally 0 -> -1
2024-04-28 12:43:46,040 [om1-impl-thread1] INFO  segmented.SegmentedRaftLogWorker (SegmentedRaftLogWorker.java:lambda$new$0(134)) - om1@group-C5BA1605619E-SegmentedRaftLogWorker: safeCacheEvictIndex: setUnconditionally 0 -> -1
2024-04-28 12:43:46,040 [om1-impl-thread1] INFO  server.RaftServer$Division (RaftServerImpl.java:start(396)) - om1@group-C5BA1605619E: start as a follower, conf=-1: peers:[om1|localhost:15096]|listeners:[], old=null
2024-04-28 12:43:46,040 [om1-impl-thread1] INFO  server.RaftServer$Division (RaftServerImpl.java:setRole(383)) - om1@group-C5BA1605619E: changes role from      null to FOLLOWER at term 0 for startAsFollower
2024-04-28 12:43:46,040 [om1-impl-thread1] INFO  impl.RoleInfo (RoleInfo.java:updateAndGet(139)) - om1: start om1@group-C5BA1605619E-FollowerState
2024-04-28 12:43:46,041 [om1@group-C5BA1605619E-FollowerState] INFO  server.RaftServerConfigKeys (ConfUtils.java:logFallback(53)) - raft.server.rpc.first-election.timeout.min = 1s (fallback to raft.server.rpc.timeout.min)
2024-04-28 12:43:46,041 [om1-impl-thread1] INFO  util.JmxRegister (JmxRegister.java:tryRegister(44)) - Successfully registered JMX Bean with object name Ratis:service=RaftServer,group=group-C5BA1605619E,id=om1
2024-04-28 12:43:46,041 [om1@group-C5BA1605619E-FollowerState] INFO  server.RaftServerConfigKeys (ConfUtils.java:logFallback(53)) - raft.server.rpc.first-election.timeout.max = 1200ms (fallback to raft.server.rpc.timeout.max)
2024-04-28 12:43:46,041 [om1-impl-thread1] INFO  server.RaftServerConfigKeys (ConfUtils.java:logGet(46)) - raft.server.snapshot.trigger-when-stop.enabled = true (default)
2024-04-28 12:43:46,041 [om1-impl-thread1] INFO  server.RaftServerConfigKeys (ConfUtils.java:logGet(46)) - raft.server.snapshot.auto.trigger.enabled = true (custom)
2024-04-28 12:43:46,041 [om1-impl-thread1] INFO  server.RaftServerConfigKeys (ConfUtils.java:logGet(46)) - raft.server.snapshot.auto.trigger.threshold = 400000 (default)
2024-04-28 12:43:46,041 [om1-impl-thread1] INFO  server.RaftServerConfigKeys (ConfUtils.java:logGet(46)) - raft.server.snapshot.retention.file.num = -1 (default)
2024-04-28 12:43:46,041 [om1-impl-thread1] INFO  server.RaftServerConfigKeys (ConfUtils.java:logGet(46)) - raft.server.log.purge.upto.snapshot.index = true (custom)
2024-04-28 12:43:46,042 [main] INFO  server.RaftServer (RaftServerProxy.java:startImpl(406)) - om1: start RPC server
2024-04-28 12:43:46,043 [main] INFO  server.GrpcService (GrpcService.java:startImpl(302)) - om1: GrpcService started, listening on 15096
2024-04-28 12:43:46,043 [JvmPauseMonitor12] INFO  util.JvmPauseMonitor (JvmPauseMonitor.java:run(146)) - JvmPauseMonitor-om1: Started
2024-04-28 12:43:46,043 [main] INFO  om.OzoneManager (OzoneManager.java:start(1665)) - Version File has different layout version (6) than OM DB (null). That is expected if this OM has never been finalized to a newer layout version.
2024-04-28 12:43:46,046 [main] INFO  client.ScmTopologyClient (ScmTopologyClient.java:start(72)) - Initial network topology fetched from SCM: /.
2024-04-28 12:43:46,046 [main] INFO  net.NodeSchemaLoader (NodeSchemaLoader.java:loadSchemaFromFile(129)) - Loading schema from [file:/home/runner/work/ozone/ozone/hadoop-hdds/common/target/classes/network-topology-default.xml]
2024-04-28 12:43:46,047 [main] INFO  net.NodeSchemaLoader (NodeSchemaLoader.java:loadSchema(176)) - Loading network topology layer schema file
2024-04-28 12:43:46,054 [main] INFO  http.BaseHttpServer (BaseHttpServer.java:newHttpServer2BuilderForOzone(223)) - Starting Web-server for ozoneManager at: http://0.0.0.0:15094
2024-04-28 12:43:46,055 [main] INFO  http.BaseHttpServer (BaseHttpServer.java:<init>(110)) - Hadoop Security Enabled: false Ozone Security Enabled: false Ozone HTTP Security Enabled: false 
2024-04-28 12:43:46,056 [main] WARN  server.AuthenticationFilter (AuthenticationFilter.java:constructSecretProvider(240)) - Unable to initialize FileSignerSecretProvider, falling back to use random secrets. Reason: Could not read signature secret file: /home/runner/hadoop-http-auth-signature-secret
2024-04-28 12:43:46,056 [main] INFO  http.HttpRequestLog (HttpRequestLog.java:getRequestLog(86)) - Http request log for http.requests.ozoneManager is not defined
2024-04-28 12:43:46,058 [main] INFO  http.HttpServer2 (HttpServer2.java:addGlobalFilter(1036)) - Added global filter 'safety' (class=org.apache.hadoop.hdds.server.http.HttpServer2$QuotingInputFilter)
2024-04-28 12:43:46,059 [main] INFO  http.HttpServer2 (HttpServer2.java:addFilter(1012)) - Added filter static_user_filter (class=org.apache.hadoop.http.lib.StaticUserWebFilter$StaticUserFilter) to context ozoneManager
2024-04-28 12:43:46,059 [main] INFO  http.HttpServer2 (HttpServer2.java:addFilter(1020)) - Added filter static_user_filter (class=org.apache.hadoop.http.lib.StaticUserWebFilter$StaticUserFilter) to context static
2024-04-28 12:43:46,059 [main] INFO  http.HttpServer2 (HttpServer2.java:addFilter(1020)) - Added filter static_user_filter (class=org.apache.hadoop.http.lib.StaticUserWebFilter$StaticUserFilter) to context logs
2024-04-28 12:43:46,059 [main] INFO  http.BaseHttpServer (BaseHttpServer.java:<init>(189)) - HTTP server of ozoneManager uses base directory /home/runner/work/ozone/ozone/hadoop-ozone/integration-test/target/test-dir/MiniOzoneClusterImpl-fb989876-9371-464e-b996-ece4d3fe3ecb/ozone-meta/webserver
2024-04-28 12:43:46,060 [main] INFO  http.HttpServer2 (HttpServer2.java:bindListener(1236)) - Jetty bound to port 15094
2024-04-28 12:43:46,060 [main] INFO  server.Server (Server.java:doStart(375)) - jetty-9.4.54.v20240208; built: 2024-02-08T19:42:39.027Z; git: cef3fbd6d736a21e7d541a5db490381d95a2047d; jvm 17.0.10+7
2024-04-28 12:43:46,061 [main] INFO  server.session (DefaultSessionIdManager.java:doStart(334)) - DefaultSessionIdManager workerName=node0
2024-04-28 12:43:46,061 [main] INFO  server.session (DefaultSessionIdManager.java:doStart(339)) - No SessionScavenger set, using defaults
2024-04-28 12:43:46,061 [main] INFO  server.session (HouseKeeper.java:startScavenging(132)) - node0 Scavenging every 600000ms
2024-04-28 12:43:46,062 [main] INFO  handler.ContextHandler (ContextHandler.java:doStart(921)) - Started o.e.j.s.ServletContextHandler@671275fe{logs,/logs,file:///home/runner/work/ozone/ozone/hadoop-ozone/integration-test/target/log,AVAILABLE}
2024-04-28 12:43:46,066 [main] INFO  handler.ContextHandler (ContextHandler.java:doStart(921)) - Started o.e.j.s.ServletContextHandler@b940d24{static,/static,file:///home/runner/work/ozone/ozone/hadoop-ozone/integration-test/target/test-classes/webapps/static,AVAILABLE}
2024-04-28 12:43:46,070 [main] INFO  handler.ContextHandler (ContextHandler.java:doStart(921)) - Started o.e.j.w.WebAppContext@25cccd85{ozoneManager,/,file:///home/runner/work/ozone/ozone/hadoop-ozone/integration-test/target/test-classes/webapps/ozoneManager/,AVAILABLE}{file:/home/runner/work/ozone/ozone/hadoop-ozone/integration-test/target/test-classes/webapps/ozoneManager}
2024-04-28 12:43:46,070 [main] INFO  server.AbstractConnector (AbstractConnector.java:doStart(333)) - Started ServerConnector@78cbb140{HTTP/1.1, (http/1.1)}{0.0.0.0:15094}
2024-04-28 12:43:46,070 [main] INFO  server.Server (Server.java:doStart(415)) - Started @47193ms
2024-04-28 12:43:46,070 [main] WARN  impl.MetricsSystemImpl (MetricsSystemImpl.java:register(279)) - Sink prometheus already exists!
2024-04-28 12:43:46,071 [main] INFO  http.BaseHttpServer (BaseHttpServer.java:updateConnectorAddress(354)) - HTTP server of ozoneManager listening at http://0.0.0.0:15094
2024-04-28 12:43:46,071 [IPC Server Responder] INFO  ipc.Server (Server.java:run(1562)) - IPC Server Responder: starting
2024-04-28 12:43:46,071 [IPC Server listener on 15093] INFO  ipc.Server (Server.java:run(1402)) - IPC Server listener on 15093: starting
2024-04-28 12:43:46,073 [main] INFO  om.OzoneManager (OzoneManager.java:startTrashEmptier(2121)) - Trash Interval set to 0. Files deleted won't move to trash
2024-04-28 12:43:46,096 [main] WARN  dropwizard3.Dm3MetricRegistriesImpl (Dm3MetricRegistriesImpl.java:addReporterRegistration(113)) - New reporters are added after registries were created. Some metrics will be missing from the reporter. Please add reporter before adding any new registry.
2024-04-28 12:43:46,096 [main] WARN  dropwizard3.Dm3MetricRegistriesImpl (Dm3MetricRegistriesImpl.java:addReporterRegistration(113)) - New reporters are added after registries were created. Some metrics will be missing from the reporter. Please add reporter before adding any new registry.
2024-04-28 12:43:46,097 [main] INFO  impl.MetricsSystemImpl (MetricsSystemImpl.java:init(158)) - HddsDatanode metrics system started (again)
2024-04-28 12:43:46,106 [main] INFO  ozone.HddsDatanodeService (HddsDatanodeService.java:start(240)) - HddsDatanodeService host:fv-az1392-52 ip:10.1.0.7
2024-04-28 12:43:46,121 [main] INFO  upgrade.AbstractLayoutVersionManager (AbstractLayoutVersionManager.java:init(83)) - Initializing Layout version manager with metadata layout = HADOOP_PRC_PORTS_IN_DATANODEDETAILS (version = 7), software layout = HADOOP_PRC_PORTS_IN_DATANODEDETAILS (version = 7)
2024-04-28 12:43:46,122 [main] INFO  statemachine.DatanodeStateMachine (DatanodeStateMachine.java:getEndPointTaskThreadPoolSize(299)) - Datanode State Machine Task Thread Pool size 2
2024-04-28 12:43:46,123 [main] INFO  volume.HddsVolume (HddsVolume.java:<init>(126)) - Creating HddsVolume: /home/runner/work/ozone/ozone/hadoop-ozone/integration-test/target/test-dir/MiniOzoneClusterImpl-fb989876-9371-464e-b996-ece4d3fe3ecb/ozone-meta/datanode-1/data-0/hdds of storage type : DISK capacity : 9223372036854775807
2024-04-28 12:43:46,124 [main] INFO  volume.MutableVolumeSet (MutableVolumeSet.java:initializeVolumeSet(173)) - Added Volume : /home/runner/work/ozone/ozone/hadoop-ozone/integration-test/target/test-dir/MiniOzoneClusterImpl-fb989876-9371-464e-b996-ece4d3fe3ecb/ozone-meta/datanode-1/data-0/hdds to VolumeSet
2024-04-28 12:43:46,124 [main] INFO  volume.MutableVolumeSet (MutableVolumeSet.java:initializeVolumeSet(173)) - Added Volume : /home/runner/work/ozone/ozone/hadoop-ozone/integration-test/target/test-dir/MiniOzoneClusterImpl-fb989876-9371-464e-b996-ece4d3fe3ecb/ozone-meta/datanode-1/ratis to VolumeSet
2024-04-28 12:43:46,125 [main] INFO  ozoneimpl.OzoneContainer (HddsVolumeUtil.java:loadAllHddsVolumeDbStore(103)) - Load 1 volumes DbStore cost: 1ms
2024-04-28 12:43:46,127 [main] INFO  server.RaftServer (ConfUtils.java:logGet(46)) - raft.rpc.type = GRPC (default)
2024-04-28 12:43:46,127 [main] INFO  grpc.GrpcConfigKeys (ConfUtils.java:logFallback(53)) - raft.grpc.admin.host = null (fallback to raft.grpc.server.host)
2024-04-28 12:43:46,127 [main] INFO  grpc.GrpcConfigKeys (ConfUtils.java:logGet(46)) - raft.grpc.admin.port = 15102 (custom)
2024-04-28 12:43:46,127 [main] INFO  grpc.GrpcConfigKeys (ConfUtils.java:logFallback(53)) - raft.grpc.client.host = null (fallback to raft.grpc.server.host)
2024-04-28 12:43:46,128 [main] INFO  grpc.GrpcConfigKeys (ConfUtils.java:logGet(46)) - raft.grpc.client.port = 15101 (custom)
2024-04-28 12:43:46,128 [main] INFO  grpc.GrpcConfigKeys (ConfUtils.java:logGet(46)) - raft.grpc.server.host = null (default)
2024-04-28 12:43:46,128 [main] INFO  grpc.GrpcConfigKeys (ConfUtils.java:logGet(46)) - raft.grpc.server.port = 15103 (custom)
2024-04-28 12:43:46,128 [main] INFO  server.GrpcService (ConfUtils.java:logGet(46)) - raft.grpc.message.size.max = 32MB (=33554432) (custom)
2024-04-28 12:43:46,128 [main] INFO  server.RaftServerConfigKeys (ConfUtils.java:logGet(46)) - raft.server.log.appender.buffer.byte-limit = 8388608 (custom)
2024-04-28 12:43:46,128 [main] INFO  server.GrpcService (ConfUtils.java:logGet(46)) - raft.grpc.flow.control.window = 5MB (=5242880) (custom)
2024-04-28 12:43:46,128 [main] INFO  server.RaftServerConfigKeys (ConfUtils.java:logGet(46)) - raft.server.rpc.request.timeout = 3000ms (default)
2024-04-28 12:43:46,129 [main] INFO  grpc.GrpcConfigKeys (ConfUtils.java:logGet(46)) - raft.grpc.server.heartbeat.channel = true (default)
2024-04-28 12:43:46,129 [main] INFO  grpc.GrpcConfigKeys (ConfUtils.java:logGet(46)) - raft.grpc.server.async.request.thread.pool.cached = true (default)
2024-04-28 12:43:46,129 [main] INFO  grpc.GrpcConfigKeys (ConfUtils.java:logGet(46)) - raft.grpc.server.async.request.thread.pool.size = 32 (default)
2024-04-28 12:43:46,131 [main] INFO  impl.DataStreamServerImpl (ConfUtils.java:logGet(46)) - raft.datastream.type = NETTY (custom)
2024-04-28 12:43:46,131 [main] INFO  server.RaftServerConfigKeys (ConfUtils.java:logGet(46)) - raft.server.data-stream.async.request.thread.pool.cached = false (default)
2024-04-28 12:43:46,131 [main] INFO  server.RaftServerConfigKeys (ConfUtils.java:logGet(46)) - raft.server.data-stream.async.request.thread.pool.size = 20 (custom)
2024-04-28 12:43:46,131 [main] INFO  server.RaftServerConfigKeys (ConfUtils.java:logGet(46)) - raft.server.data-stream.async.write.thread.pool.size = 16 (default)
2024-04-28 12:43:46,132 [main] INFO  netty.NettyConfigKeys$DataStream (ConfUtils.java:logGet(46)) - raft.netty.dataStream.server.channel.inactive.grace-period = 10min (default)
2024-04-28 12:43:46,132 [main] INFO  server.RaftServerConfigKeys (ConfUtils.java:logGet(46)) - raft.server.data-stream.client.pool.size = 10 (default)
2024-04-28 12:43:46,132 [main] INFO  netty.NettyConfigKeys$DataStream (ConfUtils.java:logGet(46)) - raft.netty.dataStream.server.use-epoll = true (default)
2024-04-28 12:43:46,132 [main] INFO  netty.NettyConfigKeys$DataStream (ConfUtils.java:logGet(46)) - raft.netty.dataStream.server.boss-group.size = 0 (default)
2024-04-28 12:43:46,132 [main] INFO  netty.NettyUtils (NettyUtils.java:newEventLoopGroup(69)) - Create EpollEventLoopGroup for 53f12868-9e08-461f-b1df-8616d22e03b0-NettyServerStreamRpc-bossGroup; Thread size is 0.
2024-04-28 12:43:46,133 [main] INFO  netty.NettyConfigKeys$DataStream (ConfUtils.java:logGet(46)) - raft.netty.dataStream.server.worker-group.size = 0 (default)
2024-04-28 12:43:46,133 [main] INFO  netty.NettyUtils (NettyUtils.java:newEventLoopGroup(69)) - Create EpollEventLoopGroup for 53f12868-9e08-461f-b1df-8616d22e03b0-NettyServerStreamRpc-workerGroup; Thread size is 0.
2024-04-28 12:43:46,133 [main] INFO  netty.NettyConfigKeys$DataStream (ConfUtils.java:logGet(46)) - raft.netty.dataStream.server.tls.conf = null (default)
2024-04-28 12:43:46,133 [main] INFO  netty.NettyConfigKeys$DataStream (ConfUtils.java:logGet(46)) - raft.netty.dataStream.host = null (default)
2024-04-28 12:43:46,133 [main] INFO  netty.NettyConfigKeys$DataStream (ConfUtils.java:logGet(46)) - raft.netty.dataStream.port = 15104 (custom)
2024-04-28 12:43:46,134 [main] INFO  server.RaftServerConfigKeys (ConfUtils.java:logGet(46)) - raft.server.sleep.deviation.threshold = 300ms (default)
2024-04-28 12:43:46,134 [main] INFO  server.RaftServerConfigKeys (ConfUtils.java:logGet(46)) - raft.server.close.threshold = 60s (default)
2024-04-28 12:43:46,134 [main] INFO  server.RaftServerConfigKeys (ConfUtils.java:logGet(46)) - raft.server.leaderelection.leader.step-down.wait-time = 10s (default)
2024-04-28 12:43:46,134 [main] INFO  server.RaftServerConfigKeys (ConfUtils.java:logGet(46)) - raft.server.storage.dir = [/home/runner/work/ozone/ozone/hadoop-ozone/integration-test/target/test-dir/MiniOzoneClusterImpl-fb989876-9371-464e-b996-ece4d3fe3ecb/ozone-meta/datanode-1/ratis] (custom)
2024-04-28 12:43:46,135 [main] INFO  server.RaftServerConfigKeys (ConfUtils.java:logGet(46)) - raft.server.threadpool.proxy.cached = true (default)
2024-04-28 12:43:46,135 [main] INFO  server.RaftServerConfigKeys (ConfUtils.java:logGet(46)) - raft.server.threadpool.proxy.size = 0 (default)
2024-04-28 12:43:46,135 [53f12868-9e08-461f-b1df-8616d22e03b0-NettyServerStreamRpc-bossGroup--thread1] INFO  logging.LoggingHandler (AbstractInternalLogger.java:log(148)) - [id: 0x21a76c1a] REGISTERED
2024-04-28 12:43:46,135 [53f12868-9e08-461f-b1df-8616d22e03b0-NettyServerStreamRpc-bossGroup--thread1] INFO  logging.LoggingHandler (AbstractInternalLogger.java:log(148)) - [id: 0x21a76c1a] BIND: 0.0.0.0/0.0.0.0:15104
2024-04-28 12:43:46,135 [53f12868-9e08-461f-b1df-8616d22e03b0-NettyServerStreamRpc-bossGroup--thread1] INFO  logging.LoggingHandler (AbstractInternalLogger.java:log(148)) - [id: 0x21a76c1a, L:/0.0.0.0:15104] ACTIVE
2024-04-28 12:43:46,138 [53f12868-9e08-461f-b1df-8616d22e03b0-impl-thread1] INFO  server.RaftServer (RaftServerProxy.java:initGroupDir(264)) - 53f12868-9e08-461f-b1df-8616d22e03b0: found a subdirectory /home/runner/work/ozone/ozone/hadoop-ozone/integration-test/target/test-dir/MiniOzoneClusterImpl-fb989876-9371-464e-b996-ece4d3fe3ecb/ozone-meta/datanode-1/ratis/tmp
2024-04-28 12:43:46,138 [53f12868-9e08-461f-b1df-8616d22e03b0-impl-thread1] INFO  server.RaftServer (RaftServerProxy.java:initGroupDir(269)) - 53f12868-9e08-461f-b1df-8616d22e03b0: The directory /home/runner/work/ozone/ozone/hadoop-ozone/integration-test/target/test-dir/MiniOzoneClusterImpl-fb989876-9371-464e-b996-ece4d3fe3ecb/ozone-meta/datanode-1/ratis/tmp is not a group directory; ignoring it. 
2024-04-28 12:43:46,138 [main] INFO  replication.ReplicationServer (ReplicationServer.java:<init>(86)) - Initializing replication server with thread count = 10 queue length = 4096
2024-04-28 12:43:46,139 [main] INFO  server.XceiverServerGrpc (XceiverServerGrpc.java:<init>(141)) - GrpcServer channel type EpollServerSocketChannel
2024-04-28 12:43:46,141 [main] INFO  replication.ReplicationSupervisor (ReplicationSupervisor.java:build(157)) - Initializing replication supervisor with thread count = 10
2024-04-28 12:43:46,141 [main] INFO  replication.ReplicationSupervisor (ReplicationSupervisor.java:nodeStateUpdated(312)) - Node state updated to IN_SERVICE, scaling executor pool size to 10
2024-04-28 12:43:46,143 [main] INFO  http.BaseHttpServer (BaseHttpServer.java:newHttpServer2BuilderForOzone(223)) - Starting Web-server for hddsDatanode at: http://0.0.0.0:15098
2024-04-28 12:43:46,143 [main] INFO  http.BaseHttpServer (BaseHttpServer.java:<init>(110)) - Hadoop Security Enabled: false Ozone Security Enabled: false Ozone HTTP Security Enabled: false 
2024-04-28 12:43:46,145 [main] WARN  server.AuthenticationFilter (AuthenticationFilter.java:constructSecretProvider(240)) - Unable to initialize FileSignerSecretProvider, falling back to use random secrets. Reason: Could not read signature secret file: /home/runner/hadoop-http-auth-signature-secret
2024-04-28 12:43:46,146 [main] INFO  http.HttpRequestLog (HttpRequestLog.java:getRequestLog(86)) - Http request log for http.requests.hddsDatanode is not defined
2024-04-28 12:43:46,147 [main] INFO  http.HttpServer2 (HttpServer2.java:addGlobalFilter(1036)) - Added global filter 'safety' (class=org.apache.hadoop.hdds.server.http.HttpServer2$QuotingInputFilter)
2024-04-28 12:43:46,148 [main] INFO  http.HttpServer2 (HttpServer2.java:addFilter(1012)) - Added filter static_user_filter (class=org.apache.hadoop.http.lib.StaticUserWebFilter$StaticUserFilter) to context hddsDatanode
2024-04-28 12:43:46,148 [main] INFO  http.HttpServer2 (HttpServer2.java:addFilter(1020)) - Added filter static_user_filter (class=org.apache.hadoop.http.lib.StaticUserWebFilter$StaticUserFilter) to context static
2024-04-28 12:43:46,148 [main] INFO  http.HttpServer2 (HttpServer2.java:addFilter(1020)) - Added filter static_user_filter (class=org.apache.hadoop.http.lib.StaticUserWebFilter$StaticUserFilter) to context logs
2024-04-28 12:43:46,149 [main] INFO  http.BaseHttpServer (BaseHttpServer.java:<init>(189)) - HTTP server of hddsDatanode uses base directory /home/runner/work/ozone/ozone/hadoop-ozone/integration-test/target/test-dir/MiniOzoneClusterImpl-fb989876-9371-464e-b996-ece4d3fe3ecb/ozone-meta/datanode-1/meta/webserver
2024-04-28 12:43:46,149 [main] INFO  http.HttpServer2 (HttpServer2.java:bindListener(1236)) - Jetty bound to port 15098
2024-04-28 12:43:46,149 [main] INFO  server.Server (Server.java:doStart(375)) - jetty-9.4.54.v20240208; built: 2024-02-08T19:42:39.027Z; git: cef3fbd6d736a21e7d541a5db490381d95a2047d; jvm 17.0.10+7
2024-04-28 12:43:46,151 [main] INFO  server.session (DefaultSessionIdManager.java:doStart(334)) - DefaultSessionIdManager workerName=node0
2024-04-28 12:43:46,151 [main] INFO  server.session (DefaultSessionIdManager.java:doStart(339)) - No SessionScavenger set, using defaults
2024-04-28 12:43:46,151 [main] INFO  server.session (HouseKeeper.java:startScavenging(132)) - node0 Scavenging every 600000ms
2024-04-28 12:43:46,154 [main] INFO  handler.ContextHandler (ContextHandler.java:doStart(921)) - Started o.e.j.s.ServletContextHandler@68cca23e{logs,/logs,file:///home/runner/work/ozone/ozone/hadoop-ozone/integration-test/target/log,AVAILABLE}
2024-04-28 12:43:46,155 [main] INFO  handler.ContextHandler (ContextHandler.java:doStart(921)) - Started o.e.j.s.ServletContextHandler@354c986c{static,/static,file:///home/runner/work/ozone/ozone/hadoop-hdds/container-service/target/classes/webapps/static,AVAILABLE}
2024-04-28 12:43:46,159 [main] INFO  handler.ContextHandler (ContextHandler.java:doStart(921)) - Started o.e.j.w.WebAppContext@6130156b{hddsDatanode,/,file:///home/runner/work/ozone/ozone/hadoop-hdds/container-service/target/classes/webapps/hddsDatanode/,AVAILABLE}{file:/home/runner/work/ozone/ozone/hadoop-hdds/container-service/target/classes/webapps/hddsDatanode}
2024-04-28 12:43:46,160 [main] INFO  server.AbstractConnector (AbstractConnector.java:doStart(333)) - Started ServerConnector@517fd762{HTTP/1.1, (http/1.1)}{0.0.0.0:15098}
2024-04-28 12:43:46,160 [main] INFO  server.Server (Server.java:doStart(415)) - Started @47283ms
2024-04-28 12:43:46,160 [main] WARN  impl.MetricsSystemImpl (MetricsSystemImpl.java:register(279)) - Sink prometheus already exists!
2024-04-28 12:43:46,161 [main] INFO  http.BaseHttpServer (BaseHttpServer.java:updateConnectorAddress(354)) - HTTP server of hddsDatanode listening at http://0.0.0.0:15098
2024-04-28 12:43:46,161 [main] INFO  ipc.CallQueueManager (CallQueueManager.java:<init>(90)) - Using callQueue: class java.util.concurrent.LinkedBlockingQueue, queueCapacity: 100, scheduler: class org.apache.hadoop.ipc.DefaultRpcScheduler, ipcBackoff: false.
2024-04-28 12:43:46,161 [main] INFO  ipc.Server (Server.java:<init>(1287)) - Listener at 0.0.0.0:15099
2024-04-28 12:43:46,162 [Socket Reader #1 for port 15099] INFO  ipc.Server (Server.java:run(1323)) - Starting Socket Reader #1 for port 15099
2024-04-28 12:43:46,163 [main] INFO  ozone.HddsDatanodeService (HddsDatanodeService.java:start(327)) - Datanode start with admins: [runner]
2024-04-28 12:43:46,164 [main] INFO  ozone.HddsDatanodeClientProtocolServer (HddsDatanodeClientProtocolServer.java:start(77)) - RPC server for Client /0.0.0.0:15099
2024-04-28 12:43:46,164 [IPC Server Responder] INFO  ipc.Server (Server.java:run(1562)) - IPC Server Responder: starting
2024-04-28 12:43:46,164 [IPC Server listener on 15099] INFO  ipc.Server (Server.java:run(1402)) - IPC Server listener on 15099: starting
2024-04-28 12:43:46,164 [53f12868-9e08-461f-b1df-8616d22e03b0-DatanodeStateMachineDaemonThread] INFO  statemachine.DatanodeStateMachine (DatanodeStateMachine.java:lambda$startDaemon$1(555)) - Ozone container server started.
2024-04-28 12:43:46,164 [main] WARN  dropwizard3.Dm3MetricRegistriesImpl (Dm3MetricRegistriesImpl.java:addReporterRegistration(113)) - New reporters are added after registries were created. Some metrics will be missing from the reporter. Please add reporter before adding any new registry.
2024-04-28 12:43:46,166 [main] WARN  dropwizard3.Dm3MetricRegistriesImpl (Dm3MetricRegistriesImpl.java:addReporterRegistration(113)) - New reporters are added after registries were created. Some metrics will be missing from the reporter. Please add reporter before adding any new registry.
2024-04-28 12:43:46,166 [main] INFO  impl.MetricsSystemImpl (MetricsSystemImpl.java:init(158)) - HddsDatanode metrics system started (again)
2024-04-28 12:43:46,169 [53f12868-9e08-461f-b1df-8616d22e03b0-DatanodeStateMachineTaskThread-0] INFO  datanode.InitDatanodeState (InitDatanodeState.java:persistContainerDatanodeDetails(139)) - DatanodeDetails is persisted to /home/runner/work/ozone/ozone/hadoop-ozone/integration-test/target/test-dir/MiniOzoneClusterImpl-fb989876-9371-464e-b996-ece4d3fe3ecb/ozone-meta/datanode-1/meta/datanode.id
2024-04-28 12:43:46,175 [main] INFO  ozone.HddsDatanodeService (HddsDatanodeService.java:start(240)) - HddsDatanodeService host:fv-az1392-52 ip:10.1.0.7
2024-04-28 12:43:46,188 [main] INFO  upgrade.AbstractLayoutVersionManager (AbstractLayoutVersionManager.java:init(83)) - Initializing Layout version manager with metadata layout = HADOOP_PRC_PORTS_IN_DATANODEDETAILS (version = 7), software layout = HADOOP_PRC_PORTS_IN_DATANODEDETAILS (version = 7)
2024-04-28 12:43:46,188 [main] INFO  statemachine.DatanodeStateMachine (DatanodeStateMachine.java:getEndPointTaskThreadPoolSize(299)) - Datanode State Machine Task Thread Pool size 2
2024-04-28 12:43:46,190 [main] INFO  volume.HddsVolume (HddsVolume.java:<init>(126)) - Creating HddsVolume: /home/runner/work/ozone/ozone/hadoop-ozone/integration-test/target/test-dir/MiniOzoneClusterImpl-fb989876-9371-464e-b996-ece4d3fe3ecb/ozone-meta/datanode-2/data-0/hdds of storage type : DISK capacity : 9223372036854775807
2024-04-28 12:43:46,190 [main] INFO  volume.MutableVolumeSet (MutableVolumeSet.java:initializeVolumeSet(173)) - Added Volume : /home/runner/work/ozone/ozone/hadoop-ozone/integration-test/target/test-dir/MiniOzoneClusterImpl-fb989876-9371-464e-b996-ece4d3fe3ecb/ozone-meta/datanode-2/data-0/hdds to VolumeSet
2024-04-28 12:43:46,190 [main] INFO  volume.MutableVolumeSet (MutableVolumeSet.java:initializeVolumeSet(173)) - Added Volume : /home/runner/work/ozone/ozone/hadoop-ozone/integration-test/target/test-dir/MiniOzoneClusterImpl-fb989876-9371-464e-b996-ece4d3fe3ecb/ozone-meta/datanode-2/ratis to VolumeSet
2024-04-28 12:43:46,191 [main] INFO  ozoneimpl.OzoneContainer (HddsVolumeUtil.java:loadAllHddsVolumeDbStore(103)) - Load 1 volumes DbStore cost: 0ms
2024-04-28 12:43:46,192 [main] INFO  server.RaftServer (ConfUtils.java:logGet(46)) - raft.rpc.type = GRPC (default)
2024-04-28 12:43:46,193 [main] INFO  grpc.GrpcConfigKeys (ConfUtils.java:logFallback(53)) - raft.grpc.admin.host = null (fallback to raft.grpc.server.host)
2024-04-28 12:43:46,193 [main] INFO  grpc.GrpcConfigKeys (ConfUtils.java:logGet(46)) - raft.grpc.admin.port = 15111 (custom)
2024-04-28 12:43:46,193 [main] INFO  grpc.GrpcConfigKeys (ConfUtils.java:logFallback(53)) - raft.grpc.client.host = null (fallback to raft.grpc.server.host)
2024-04-28 12:43:46,193 [main] INFO  grpc.GrpcConfigKeys (ConfUtils.java:logGet(46)) - raft.grpc.client.port = 15110 (custom)
2024-04-28 12:43:46,193 [main] INFO  grpc.GrpcConfigKeys (ConfUtils.java:logGet(46)) - raft.grpc.server.host = null (default)
2024-04-28 12:43:46,193 [main] INFO  grpc.GrpcConfigKeys (ConfUtils.java:logGet(46)) - raft.grpc.server.port = 15112 (custom)
2024-04-28 12:43:46,193 [main] INFO  server.GrpcService (ConfUtils.java:logGet(46)) - raft.grpc.message.size.max = 32MB (=33554432) (custom)
2024-04-28 12:43:46,193 [main] INFO  server.RaftServerConfigKeys (ConfUtils.java:logGet(46)) - raft.server.log.appender.buffer.byte-limit = 8388608 (custom)
2024-04-28 12:43:46,193 [main] INFO  server.GrpcService (ConfUtils.java:logGet(46)) - raft.grpc.flow.control.window = 5MB (=5242880) (custom)
2024-04-28 12:43:46,193 [main] INFO  server.RaftServerConfigKeys (ConfUtils.java:logGet(46)) - raft.server.rpc.request.timeout = 3000ms (default)
2024-04-28 12:43:46,193 [main] INFO  grpc.GrpcConfigKeys (ConfUtils.java:logGet(46)) - raft.grpc.server.heartbeat.channel = true (default)
2024-04-28 12:43:46,193 [main] INFO  grpc.GrpcConfigKeys (ConfUtils.java:logGet(46)) - raft.grpc.server.async.request.thread.pool.cached = true (default)
2024-04-28 12:43:46,194 [main] INFO  grpc.GrpcConfigKeys (ConfUtils.java:logGet(46)) - raft.grpc.server.async.request.thread.pool.size = 32 (default)
2024-04-28 12:43:46,195 [main] INFO  impl.DataStreamServerImpl (ConfUtils.java:logGet(46)) - raft.datastream.type = NETTY (custom)
2024-04-28 12:43:46,195 [main] INFO  server.RaftServerConfigKeys (ConfUtils.java:logGet(46)) - raft.server.data-stream.async.request.thread.pool.cached = false (default)
2024-04-28 12:43:46,195 [main] INFO  server.RaftServerConfigKeys (ConfUtils.java:logGet(46)) - raft.server.data-stream.async.request.thread.pool.size = 20 (custom)
2024-04-28 12:43:46,195 [main] INFO  server.RaftServerConfigKeys (ConfUtils.java:logGet(46)) - raft.server.data-stream.async.write.thread.pool.size = 16 (default)
2024-04-28 12:43:46,196 [main] INFO  netty.NettyConfigKeys$DataStream (ConfUtils.java:logGet(46)) - raft.netty.dataStream.server.channel.inactive.grace-period = 10min (default)
2024-04-28 12:43:46,196 [main] INFO  server.RaftServerConfigKeys (ConfUtils.java:logGet(46)) - raft.server.data-stream.client.pool.size = 10 (default)
2024-04-28 12:43:46,196 [main] INFO  netty.NettyConfigKeys$DataStream (ConfUtils.java:logGet(46)) - raft.netty.dataStream.server.use-epoll = true (default)
2024-04-28 12:43:46,196 [main] INFO  netty.NettyConfigKeys$DataStream (ConfUtils.java:logGet(46)) - raft.netty.dataStream.server.boss-group.size = 0 (default)
2024-04-28 12:43:46,196 [main] INFO  netty.NettyUtils (NettyUtils.java:newEventLoopGroup(69)) - Create EpollEventLoopGroup for e9c86f68-3649-4446-905a-585a397e3574-NettyServerStreamRpc-bossGroup; Thread size is 0.
2024-04-28 12:43:46,196 [main] INFO  netty.NettyConfigKeys$DataStream (ConfUtils.java:logGet(46)) - raft.netty.dataStream.server.worker-group.size = 0 (default)
2024-04-28 12:43:46,196 [main] INFO  netty.NettyUtils (NettyUtils.java:newEventLoopGroup(69)) - Create EpollEventLoopGroup for e9c86f68-3649-4446-905a-585a397e3574-NettyServerStreamRpc-workerGroup; Thread size is 0.
2024-04-28 12:43:46,198 [main] INFO  netty.NettyConfigKeys$DataStream (ConfUtils.java:logGet(46)) - raft.netty.dataStream.server.tls.conf = null (default)
2024-04-28 12:43:46,198 [main] INFO  netty.NettyConfigKeys$DataStream (ConfUtils.java:logGet(46)) - raft.netty.dataStream.host = null (default)
2024-04-28 12:43:46,198 [main] INFO  netty.NettyConfigKeys$DataStream (ConfUtils.java:logGet(46)) - raft.netty.dataStream.port = 15113 (custom)
2024-04-28 12:43:46,198 [main] INFO  server.RaftServerConfigKeys (ConfUtils.java:logGet(46)) - raft.server.sleep.deviation.threshold = 300ms (default)
2024-04-28 12:43:46,198 [main] INFO  server.RaftServerConfigKeys (ConfUtils.java:logGet(46)) - raft.server.close.threshold = 60s (default)
2024-04-28 12:43:46,198 [main] INFO  server.RaftServerConfigKeys (ConfUtils.java:logGet(46)) - raft.server.leaderelection.leader.step-down.wait-time = 10s (default)
2024-04-28 12:43:46,198 [e9c86f68-3649-4446-905a-585a397e3574-NettyServerStreamRpc-bossGroup--thread1] INFO  logging.LoggingHandler (AbstractInternalLogger.java:log(148)) - [id: 0xdf8357d2] REGISTERED
2024-04-28 12:43:46,199 [e9c86f68-3649-4446-905a-585a397e3574-NettyServerStreamRpc-bossGroup--thread1] INFO  logging.LoggingHandler (AbstractInternalLogger.java:log(148)) - [id: 0xdf8357d2] BIND: 0.0.0.0/0.0.0.0:15113
2024-04-28 12:43:46,199 [main] INFO  server.RaftServerConfigKeys (ConfUtils.java:logGet(46)) - raft.server.storage.dir = [/home/runner/work/ozone/ozone/hadoop-ozone/integration-test/target/test-dir/MiniOzoneClusterImpl-fb989876-9371-464e-b996-ece4d3fe3ecb/ozone-meta/datanode-2/ratis] (custom)
2024-04-28 12:43:46,199 [main] INFO  server.RaftServerConfigKeys (ConfUtils.java:logGet(46)) - raft.server.threadpool.proxy.cached = true (default)
2024-04-28 12:43:46,199 [main] INFO  server.RaftServerConfigKeys (ConfUtils.java:logGet(46)) - raft.server.threadpool.proxy.size = 0 (default)
2024-04-28 12:43:46,199 [e9c86f68-3649-4446-905a-585a397e3574-NettyServerStreamRpc-bossGroup--thread1] INFO  logging.LoggingHandler (AbstractInternalLogger.java:log(148)) - [id: 0xdf8357d2, L:/0.0.0.0:15113] ACTIVE
2024-04-28 12:43:46,199 [e9c86f68-3649-4446-905a-585a397e3574-impl-thread1] INFO  server.RaftServer (RaftServerProxy.java:initGroupDir(264)) - e9c86f68-3649-4446-905a-585a397e3574: found a subdirectory /home/runner/work/ozone/ozone/hadoop-ozone/integration-test/target/test-dir/MiniOzoneClusterImpl-fb989876-9371-464e-b996-ece4d3fe3ecb/ozone-meta/datanode-2/ratis/tmp
2024-04-28 12:43:46,200 [e9c86f68-3649-4446-905a-585a397e3574-impl-thread1] INFO  server.RaftServer (RaftServerProxy.java:initGroupDir(269)) - e9c86f68-3649-4446-905a-585a397e3574: The directory /home/runner/work/ozone/ozone/hadoop-ozone/integration-test/target/test-dir/MiniOzoneClusterImpl-fb989876-9371-464e-b996-ece4d3fe3ecb/ozone-meta/datanode-2/ratis/tmp is not a group directory; ignoring it. 
2024-04-28 12:43:46,200 [main] INFO  replication.ReplicationServer (ReplicationServer.java:<init>(86)) - Initializing replication server with thread count = 10 queue length = 4096
2024-04-28 12:43:46,201 [main] INFO  server.XceiverServerGrpc (XceiverServerGrpc.java:<init>(141)) - GrpcServer channel type EpollServerSocketChannel
2024-04-28 12:43:46,202 [main] INFO  replication.ReplicationSupervisor (ReplicationSupervisor.java:build(157)) - Initializing replication supervisor with thread count = 10
2024-04-28 12:43:46,202 [main] INFO  replication.ReplicationSupervisor (ReplicationSupervisor.java:nodeStateUpdated(312)) - Node state updated to IN_SERVICE, scaling executor pool size to 10
2024-04-28 12:43:46,204 [main] INFO  http.BaseHttpServer (BaseHttpServer.java:newHttpServer2BuilderForOzone(223)) - Starting Web-server for hddsDatanode at: http://0.0.0.0:15107
2024-04-28 12:43:46,204 [main] INFO  http.BaseHttpServer (BaseHttpServer.java:<init>(110)) - Hadoop Security Enabled: false Ozone Security Enabled: false Ozone HTTP Security Enabled: false 
2024-04-28 12:43:46,205 [main] WARN  server.AuthenticationFilter (AuthenticationFilter.java:constructSecretProvider(240)) - Unable to initialize FileSignerSecretProvider, falling back to use random secrets. Reason: Could not read signature secret file: /home/runner/hadoop-http-auth-signature-secret
2024-04-28 12:43:46,206 [main] INFO  http.HttpRequestLog (HttpRequestLog.java:getRequestLog(86)) - Http request log for http.requests.hddsDatanode is not defined
2024-04-28 12:43:46,207 [main] INFO  http.HttpServer2 (HttpServer2.java:addGlobalFilter(1036)) - Added global filter 'safety' (class=org.apache.hadoop.hdds.server.http.HttpServer2$QuotingInputFilter)
2024-04-28 12:43:46,207 [main] INFO  http.HttpServer2 (HttpServer2.java:addFilter(1012)) - Added filter static_user_filter (class=org.apache.hadoop.http.lib.StaticUserWebFilter$StaticUserFilter) to context hddsDatanode
2024-04-28 12:43:46,207 [main] INFO  http.HttpServer2 (HttpServer2.java:addFilter(1020)) - Added filter static_user_filter (class=org.apache.hadoop.http.lib.StaticUserWebFilter$StaticUserFilter) to context static
2024-04-28 12:43:46,208 [main] INFO  http.HttpServer2 (HttpServer2.java:addFilter(1020)) - Added filter static_user_filter (class=org.apache.hadoop.http.lib.StaticUserWebFilter$StaticUserFilter) to context logs
2024-04-28 12:43:46,208 [main] INFO  http.BaseHttpServer (BaseHttpServer.java:<init>(189)) - HTTP server of hddsDatanode uses base directory /home/runner/work/ozone/ozone/hadoop-ozone/integration-test/target/test-dir/MiniOzoneClusterImpl-fb989876-9371-464e-b996-ece4d3fe3ecb/ozone-meta/datanode-2/meta/webserver
2024-04-28 12:43:46,208 [main] INFO  http.HttpServer2 (HttpServer2.java:bindListener(1236)) - Jetty bound to port 15107
2024-04-28 12:43:46,208 [main] INFO  server.Server (Server.java:doStart(375)) - jetty-9.4.54.v20240208; built: 2024-02-08T19:42:39.027Z; git: cef3fbd6d736a21e7d541a5db490381d95a2047d; jvm 17.0.10+7
2024-04-28 12:43:46,215 [main] INFO  server.session (DefaultSessionIdManager.java:doStart(334)) - DefaultSessionIdManager workerName=node0
2024-04-28 12:43:46,215 [main] INFO  server.session (DefaultSessionIdManager.java:doStart(339)) - No SessionScavenger set, using defaults
2024-04-28 12:43:46,215 [main] INFO  server.session (HouseKeeper.java:startScavenging(132)) - node0 Scavenging every 600000ms
2024-04-28 12:43:46,215 [main] INFO  handler.ContextHandler (ContextHandler.java:doStart(921)) - Started o.e.j.s.ServletContextHandler@56a2599a{logs,/logs,file:///home/runner/work/ozone/ozone/hadoop-ozone/integration-test/target/log,AVAILABLE}
2024-04-28 12:43:46,216 [main] INFO  handler.ContextHandler (ContextHandler.java:doStart(921)) - Started o.e.j.s.ServletContextHandler@310bf0ed{static,/static,file:///home/runner/work/ozone/ozone/hadoop-hdds/container-service/target/classes/webapps/static,AVAILABLE}
2024-04-28 12:43:46,225 [main] INFO  handler.ContextHandler (ContextHandler.java:doStart(921)) - Started o.e.j.w.WebAppContext@4a99f9e5{hddsDatanode,/,file:///home/runner/work/ozone/ozone/hadoop-hdds/container-service/target/classes/webapps/hddsDatanode/,AVAILABLE}{file:/home/runner/work/ozone/ozone/hadoop-hdds/container-service/target/classes/webapps/hddsDatanode}
2024-04-28 12:43:46,225 [main] INFO  server.AbstractConnector (AbstractConnector.java:doStart(333)) - Started ServerConnector@138c28b5{HTTP/1.1, (http/1.1)}{0.0.0.0:15107}
2024-04-28 12:43:46,226 [main] INFO  server.Server (Server.java:doStart(415)) - Started @47349ms
2024-04-28 12:43:46,226 [main] WARN  impl.MetricsSystemImpl (MetricsSystemImpl.java:register(279)) - Sink prometheus already exists!
2024-04-28 12:43:46,227 [main] INFO  http.BaseHttpServer (BaseHttpServer.java:updateConnectorAddress(354)) - HTTP server of hddsDatanode listening at http://0.0.0.0:15107
2024-04-28 12:43:46,228 [main] INFO  ipc.CallQueueManager (CallQueueManager.java:<init>(90)) - Using callQueue: class java.util.concurrent.LinkedBlockingQueue, queueCapacity: 100, scheduler: class org.apache.hadoop.ipc.DefaultRpcScheduler, ipcBackoff: false.
2024-04-28 12:43:46,228 [main] INFO  ipc.Server (Server.java:<init>(1287)) - Listener at 0.0.0.0:15108
2024-04-28 12:43:46,229 [Socket Reader #1 for port 15108] INFO  ipc.Server (Server.java:run(1323)) - Starting Socket Reader #1 for port 15108
2024-04-28 12:43:46,230 [main] INFO  ozone.HddsDatanodeService (HddsDatanodeService.java:start(327)) - Datanode start with admins: [runner]
2024-04-28 12:43:46,231 [main] INFO  ozone.HddsDatanodeClientProtocolServer (HddsDatanodeClientProtocolServer.java:start(77)) - RPC server for Client /0.0.0.0:15108
2024-04-28 12:43:46,232 [IPC Server Responder] INFO  ipc.Server (Server.java:run(1562)) - IPC Server Responder: starting
2024-04-28 12:43:46,232 [IPC Server listener on 15108] INFO  ipc.Server (Server.java:run(1402)) - IPC Server listener on 15108: starting
2024-04-28 12:43:46,232 [main] WARN  dropwizard3.Dm3MetricRegistriesImpl (Dm3MetricRegistriesImpl.java:addReporterRegistration(113)) - New reporters are added after registries were created. Some metrics will be missing from the reporter. Please add reporter before adding any new registry.
2024-04-28 12:43:46,233 [main] WARN  dropwizard3.Dm3MetricRegistriesImpl (Dm3MetricRegistriesImpl.java:addReporterRegistration(113)) - New reporters are added after registries were created. Some metrics will be missing from the reporter. Please add reporter before adding any new registry.
2024-04-28 12:43:46,233 [main] INFO  impl.MetricsSystemImpl (MetricsSystemImpl.java:init(158)) - HddsDatanode metrics system started (again)
2024-04-28 12:43:46,233 [e9c86f68-3649-4446-905a-585a397e3574-DatanodeStateMachineDaemonThread] INFO  statemachine.DatanodeStateMachine (DatanodeStateMachine.java:lambda$startDaemon$1(555)) - Ozone container server started.
2024-04-28 12:43:46,238 [e9c86f68-3649-4446-905a-585a397e3574-DatanodeStateMachineTaskThread-0] INFO  datanode.InitDatanodeState (InitDatanodeState.java:persistContainerDatanodeDetails(139)) - DatanodeDetails is persisted to /home/runner/work/ozone/ozone/hadoop-ozone/integration-test/target/test-dir/MiniOzoneClusterImpl-fb989876-9371-464e-b996-ece4d3fe3ecb/ozone-meta/datanode-2/meta/datanode.id
2024-04-28 12:43:46,244 [main] INFO  ozone.HddsDatanodeService (HddsDatanodeService.java:start(240)) - HddsDatanodeService host:fv-az1392-52 ip:10.1.0.7
2024-04-28 12:43:46,258 [main] INFO  upgrade.AbstractLayoutVersionManager (AbstractLayoutVersionManager.java:init(83)) - Initializing Layout version manager with metadata layout = HADOOP_PRC_PORTS_IN_DATANODEDETAILS (version = 7), software layout = HADOOP_PRC_PORTS_IN_DATANODEDETAILS (version = 7)
2024-04-28 12:43:46,258 [main] INFO  statemachine.DatanodeStateMachine (DatanodeStateMachine.java:getEndPointTaskThreadPoolSize(299)) - Datanode State Machine Task Thread Pool size 2
2024-04-28 12:43:46,260 [main] INFO  volume.HddsVolume (HddsVolume.java:<init>(126)) - Creating HddsVolume: /home/runner/work/ozone/ozone/hadoop-ozone/integration-test/target/test-dir/MiniOzoneClusterImpl-fb989876-9371-464e-b996-ece4d3fe3ecb/ozone-meta/datanode-3/data-0/hdds of storage type : DISK capacity : 9223372036854775807
2024-04-28 12:43:46,260 [main] INFO  volume.MutableVolumeSet (MutableVolumeSet.java:initializeVolumeSet(173)) - Added Volume : /home/runner/work/ozone/ozone/hadoop-ozone/integration-test/target/test-dir/MiniOzoneClusterImpl-fb989876-9371-464e-b996-ece4d3fe3ecb/ozone-meta/datanode-3/data-0/hdds to VolumeSet
2024-04-28 12:43:46,261 [main] INFO  volume.MutableVolumeSet (MutableVolumeSet.java:initializeVolumeSet(173)) - Added Volume : /home/runner/work/ozone/ozone/hadoop-ozone/integration-test/target/test-dir/MiniOzoneClusterImpl-fb989876-9371-464e-b996-ece4d3fe3ecb/ozone-meta/datanode-3/ratis to VolumeSet
2024-04-28 12:43:46,262 [main] INFO  ozoneimpl.OzoneContainer (HddsVolumeUtil.java:loadAllHddsVolumeDbStore(103)) - Load 1 volumes DbStore cost: 1ms
2024-04-28 12:43:46,264 [main] INFO  server.RaftServer (ConfUtils.java:logGet(46)) - raft.rpc.type = GRPC (default)
2024-04-28 12:43:46,264 [main] INFO  grpc.GrpcConfigKeys (ConfUtils.java:logFallback(53)) - raft.grpc.admin.host = null (fallback to raft.grpc.server.host)
2024-04-28 12:43:46,264 [main] INFO  grpc.GrpcConfigKeys (ConfUtils.java:logGet(46)) - raft.grpc.admin.port = 15120 (custom)
2024-04-28 12:43:46,264 [main] INFO  grpc.GrpcConfigKeys (ConfUtils.java:logFallback(53)) - raft.grpc.client.host = null (fallback to raft.grpc.server.host)
2024-04-28 12:43:46,264 [main] INFO  grpc.GrpcConfigKeys (ConfUtils.java:logGet(46)) - raft.grpc.client.port = 15119 (custom)
2024-04-28 12:43:46,264 [main] INFO  grpc.GrpcConfigKeys (ConfUtils.java:logGet(46)) - raft.grpc.server.host = null (default)
2024-04-28 12:43:46,264 [main] INFO  grpc.GrpcConfigKeys (ConfUtils.java:logGet(46)) - raft.grpc.server.port = 15121 (custom)
2024-04-28 12:43:46,264 [main] INFO  server.GrpcService (ConfUtils.java:logGet(46)) - raft.grpc.message.size.max = 32MB (=33554432) (custom)
2024-04-28 12:43:46,264 [main] INFO  server.RaftServerConfigKeys (ConfUtils.java:logGet(46)) - raft.server.log.appender.buffer.byte-limit = 8388608 (custom)
2024-04-28 12:43:46,264 [main] INFO  server.GrpcService (ConfUtils.java:logGet(46)) - raft.grpc.flow.control.window = 5MB (=5242880) (custom)
2024-04-28 12:43:46,264 [main] INFO  server.RaftServerConfigKeys (ConfUtils.java:logGet(46)) - raft.server.rpc.request.timeout = 3000ms (default)
2024-04-28 12:43:46,264 [main] INFO  grpc.GrpcConfigKeys (ConfUtils.java:logGet(46)) - raft.grpc.server.heartbeat.channel = true (default)
2024-04-28 12:43:46,265 [main] INFO  grpc.GrpcConfigKeys (ConfUtils.java:logGet(46)) - raft.grpc.server.async.request.thread.pool.cached = true (default)
2024-04-28 12:43:46,265 [main] INFO  grpc.GrpcConfigKeys (ConfUtils.java:logGet(46)) - raft.grpc.server.async.request.thread.pool.size = 32 (default)
2024-04-28 12:43:46,266 [main] INFO  impl.DataStreamServerImpl (ConfUtils.java:logGet(46)) - raft.datastream.type = NETTY (custom)
2024-04-28 12:43:46,266 [main] INFO  server.RaftServerConfigKeys (ConfUtils.java:logGet(46)) - raft.server.data-stream.async.request.thread.pool.cached = false (default)
2024-04-28 12:43:46,266 [main] INFO  server.RaftServerConfigKeys (ConfUtils.java:logGet(46)) - raft.server.data-stream.async.request.thread.pool.size = 20 (custom)
2024-04-28 12:43:46,267 [main] INFO  server.RaftServerConfigKeys (ConfUtils.java:logGet(46)) - raft.server.data-stream.async.write.thread.pool.size = 16 (default)
2024-04-28 12:43:46,267 [main] INFO  netty.NettyConfigKeys$DataStream (ConfUtils.java:logGet(46)) - raft.netty.dataStream.server.channel.inactive.grace-period = 10min (default)
2024-04-28 12:43:46,267 [main] INFO  server.RaftServerConfigKeys (ConfUtils.java:logGet(46)) - raft.server.data-stream.client.pool.size = 10 (default)
2024-04-28 12:43:46,267 [main] INFO  netty.NettyConfigKeys$DataStream (ConfUtils.java:logGet(46)) - raft.netty.dataStream.server.use-epoll = true (default)
2024-04-28 12:43:46,267 [main] INFO  netty.NettyConfigKeys$DataStream (ConfUtils.java:logGet(46)) - raft.netty.dataStream.server.boss-group.size = 0 (default)
2024-04-28 12:43:46,267 [main] INFO  netty.NettyUtils (NettyUtils.java:newEventLoopGroup(69)) - Create EpollEventLoopGroup for 013b6299-c97b-4afe-8aa4-203fc50eadfd-NettyServerStreamRpc-bossGroup; Thread size is 0.
2024-04-28 12:43:46,267 [main] INFO  netty.NettyConfigKeys$DataStream (ConfUtils.java:logGet(46)) - raft.netty.dataStream.server.worker-group.size = 0 (default)
2024-04-28 12:43:46,267 [main] INFO  netty.NettyUtils (NettyUtils.java:newEventLoopGroup(69)) - Create EpollEventLoopGroup for 013b6299-c97b-4afe-8aa4-203fc50eadfd-NettyServerStreamRpc-workerGroup; Thread size is 0.
2024-04-28 12:43:46,268 [main] INFO  netty.NettyConfigKeys$DataStream (ConfUtils.java:logGet(46)) - raft.netty.dataStream.server.tls.conf = null (default)
2024-04-28 12:43:46,268 [main] INFO  netty.NettyConfigKeys$DataStream (ConfUtils.java:logGet(46)) - raft.netty.dataStream.host = null (default)
2024-04-28 12:43:46,268 [main] INFO  netty.NettyConfigKeys$DataStream (ConfUtils.java:logGet(46)) - raft.netty.dataStream.port = 15122 (custom)
2024-04-28 12:43:46,268 [main] INFO  server.RaftServerConfigKeys (ConfUtils.java:logGet(46)) - raft.server.sleep.deviation.threshold = 300ms (default)
2024-04-28 12:43:46,268 [main] INFO  server.RaftServerConfigKeys (ConfUtils.java:logGet(46)) - raft.server.close.threshold = 60s (default)
2024-04-28 12:43:46,268 [main] INFO  server.RaftServerConfigKeys (ConfUtils.java:logGet(46)) - raft.server.leaderelection.leader.step-down.wait-time = 10s (default)
2024-04-28 12:43:46,269 [main] INFO  server.RaftServerConfigKeys (ConfUtils.java:logGet(46)) - raft.server.storage.dir = [/home/runner/work/ozone/ozone/hadoop-ozone/integration-test/target/test-dir/MiniOzoneClusterImpl-fb989876-9371-464e-b996-ece4d3fe3ecb/ozone-meta/datanode-3/ratis] (custom)
2024-04-28 12:43:46,269 [main] INFO  server.RaftServerConfigKeys (ConfUtils.java:logGet(46)) - raft.server.threadpool.proxy.cached = true (default)
2024-04-28 12:43:46,269 [main] INFO  server.RaftServerConfigKeys (ConfUtils.java:logGet(46)) - raft.server.threadpool.proxy.size = 0 (default)
2024-04-28 12:43:46,269 [013b6299-c97b-4afe-8aa4-203fc50eadfd-NettyServerStreamRpc-bossGroup--thread1] INFO  logging.LoggingHandler (AbstractInternalLogger.java:log(148)) - [id: 0x4c9116f3] REGISTERED
2024-04-28 12:43:46,269 [013b6299-c97b-4afe-8aa4-203fc50eadfd-impl-thread1] INFO  server.RaftServer (RaftServerProxy.java:initGroupDir(264)) - 013b6299-c97b-4afe-8aa4-203fc50eadfd: found a subdirectory /home/runner/work/ozone/ozone/hadoop-ozone/integration-test/target/test-dir/MiniOzoneClusterImpl-fb989876-9371-464e-b996-ece4d3fe3ecb/ozone-meta/datanode-3/ratis/tmp
2024-04-28 12:43:46,270 [013b6299-c97b-4afe-8aa4-203fc50eadfd-impl-thread1] INFO  server.RaftServer (RaftServerProxy.java:initGroupDir(269)) - 013b6299-c97b-4afe-8aa4-203fc50eadfd: The directory /home/runner/work/ozone/ozone/hadoop-ozone/integration-test/target/test-dir/MiniOzoneClusterImpl-fb989876-9371-464e-b996-ece4d3fe3ecb/ozone-meta/datanode-3/ratis/tmp is not a group directory; ignoring it. 
2024-04-28 12:43:46,270 [main] INFO  replication.ReplicationServer (ReplicationServer.java:<init>(86)) - Initializing replication server with thread count = 10 queue length = 4096
2024-04-28 12:43:46,270 [013b6299-c97b-4afe-8aa4-203fc50eadfd-NettyServerStreamRpc-bossGroup--thread1] INFO  logging.LoggingHandler (AbstractInternalLogger.java:log(148)) - [id: 0x4c9116f3] BIND: 0.0.0.0/0.0.0.0:15122
2024-04-28 12:43:46,270 [013b6299-c97b-4afe-8aa4-203fc50eadfd-NettyServerStreamRpc-bossGroup--thread1] INFO  logging.LoggingHandler (AbstractInternalLogger.java:log(148)) - [id: 0x4c9116f3, L:/0.0.0.0:15122] ACTIVE
2024-04-28 12:43:46,271 [main] INFO  server.XceiverServerGrpc (XceiverServerGrpc.java:<init>(141)) - GrpcServer channel type EpollServerSocketChannel
2024-04-28 12:43:46,272 [main] INFO  replication.ReplicationSupervisor (ReplicationSupervisor.java:build(157)) - Initializing replication supervisor with thread count = 10
2024-04-28 12:43:46,272 [main] INFO  replication.ReplicationSupervisor (ReplicationSupervisor.java:nodeStateUpdated(312)) - Node state updated to IN_SERVICE, scaling executor pool size to 10
2024-04-28 12:43:46,274 [main] INFO  http.BaseHttpServer (BaseHttpServer.java:newHttpServer2BuilderForOzone(223)) - Starting Web-server for hddsDatanode at: http://0.0.0.0:15116
2024-04-28 12:43:46,274 [main] INFO  http.BaseHttpServer (BaseHttpServer.java:<init>(110)) - Hadoop Security Enabled: false Ozone Security Enabled: false Ozone HTTP Security Enabled: false 
2024-04-28 12:43:46,275 [main] WARN  server.AuthenticationFilter (AuthenticationFilter.java:constructSecretProvider(240)) - Unable to initialize FileSignerSecretProvider, falling back to use random secrets. Reason: Could not read signature secret file: /home/runner/hadoop-http-auth-signature-secret
2024-04-28 12:43:46,275 [main] INFO  http.HttpRequestLog (HttpRequestLog.java:getRequestLog(86)) - Http request log for http.requests.hddsDatanode is not defined
2024-04-28 12:43:46,276 [main] INFO  http.HttpServer2 (HttpServer2.java:addGlobalFilter(1036)) - Added global filter 'safety' (class=org.apache.hadoop.hdds.server.http.HttpServer2$QuotingInputFilter)
2024-04-28 12:43:46,277 [main] INFO  http.HttpServer2 (HttpServer2.java:addFilter(1012)) - Added filter static_user_filter (class=org.apache.hadoop.http.lib.StaticUserWebFilter$StaticUserFilter) to context hddsDatanode
2024-04-28 12:43:46,277 [main] INFO  http.HttpServer2 (HttpServer2.java:addFilter(1020)) - Added filter static_user_filter (class=org.apache.hadoop.http.lib.StaticUserWebFilter$StaticUserFilter) to context logs
2024-04-28 12:43:46,278 [main] INFO  http.HttpServer2 (HttpServer2.java:addFilter(1020)) - Added filter static_user_filter (class=org.apache.hadoop.http.lib.StaticUserWebFilter$StaticUserFilter) to context static
2024-04-28 12:43:46,278 [main] INFO  http.BaseHttpServer (BaseHttpServer.java:<init>(189)) - HTTP server of hddsDatanode uses base directory /home/runner/work/ozone/ozone/hadoop-ozone/integration-test/target/test-dir/MiniOzoneClusterImpl-fb989876-9371-464e-b996-ece4d3fe3ecb/ozone-meta/datanode-3/meta/webserver
2024-04-28 12:43:46,278 [main] INFO  http.HttpServer2 (HttpServer2.java:bindListener(1236)) - Jetty bound to port 15116
2024-04-28 12:43:46,279 [main] INFO  server.Server (Server.java:doStart(375)) - jetty-9.4.54.v20240208; built: 2024-02-08T19:42:39.027Z; git: cef3fbd6d736a21e7d541a5db490381d95a2047d; jvm 17.0.10+7
2024-04-28 12:43:46,279 [main] INFO  server.session (DefaultSessionIdManager.java:doStart(334)) - DefaultSessionIdManager workerName=node0
2024-04-28 12:43:46,280 [main] INFO  server.session (DefaultSessionIdManager.java:doStart(339)) - No SessionScavenger set, using defaults
2024-04-28 12:43:46,280 [main] INFO  server.session (HouseKeeper.java:startScavenging(132)) - node0 Scavenging every 660000ms
2024-04-28 12:43:46,280 [main] INFO  handler.ContextHandler (ContextHandler.java:doStart(921)) - Started o.e.j.s.ServletContextHandler@409c8a6b{logs,/logs,file:///home/runner/work/ozone/ozone/hadoop-ozone/integration-test/target/log,AVAILABLE}
2024-04-28 12:43:46,281 [main] INFO  handler.ContextHandler (ContextHandler.java:doStart(921)) - Started o.e.j.s.ServletContextHandler@4002f09c{static,/static,file:///home/runner/work/ozone/ozone/hadoop-hdds/container-service/target/classes/webapps/static,AVAILABLE}
2024-04-28 12:43:46,285 [main] INFO  handler.ContextHandler (ContextHandler.java:doStart(921)) - Started o.e.j.w.WebAppContext@dd26ca6{hddsDatanode,/,file:///home/runner/work/ozone/ozone/hadoop-hdds/container-service/target/classes/webapps/hddsDatanode/,AVAILABLE}{file:/home/runner/work/ozone/ozone/hadoop-hdds/container-service/target/classes/webapps/hddsDatanode}
2024-04-28 12:43:46,285 [main] INFO  server.AbstractConnector (AbstractConnector.java:doStart(333)) - Started ServerConnector@57db81e2{HTTP/1.1, (http/1.1)}{0.0.0.0:15116}
2024-04-28 12:43:46,285 [main] INFO  server.Server (Server.java:doStart(415)) - Started @47408ms
2024-04-28 12:43:46,285 [main] WARN  impl.MetricsSystemImpl (MetricsSystemImpl.java:register(279)) - Sink prometheus already exists!
2024-04-28 12:43:46,286 [main] INFO  http.BaseHttpServer (BaseHttpServer.java:updateConnectorAddress(354)) - HTTP server of hddsDatanode listening at http://0.0.0.0:15116
2024-04-28 12:43:46,286 [main] INFO  ipc.CallQueueManager (CallQueueManager.java:<init>(90)) - Using callQueue: class java.util.concurrent.LinkedBlockingQueue, queueCapacity: 100, scheduler: class org.apache.hadoop.ipc.DefaultRpcScheduler, ipcBackoff: false.
2024-04-28 12:43:46,286 [main] INFO  ipc.Server (Server.java:<init>(1287)) - Listener at 0.0.0.0:15117
2024-04-28 12:43:46,287 [Socket Reader #1 for port 15117] INFO  ipc.Server (Server.java:run(1323)) - Starting Socket Reader #1 for port 15117
2024-04-28 12:43:46,290 [main] INFO  ozone.HddsDatanodeService (HddsDatanodeService.java:start(327)) - Datanode start with admins: [runner]
2024-04-28 12:43:46,291 [main] INFO  ozone.HddsDatanodeClientProtocolServer (HddsDatanodeClientProtocolServer.java:start(77)) - RPC server for Client /0.0.0.0:15117
2024-04-28 12:43:46,291 [IPC Server Responder] INFO  ipc.Server (Server.java:run(1562)) - IPC Server Responder: starting
2024-04-28 12:43:46,291 [IPC Server listener on 15117] INFO  ipc.Server (Server.java:run(1402)) - IPC Server listener on 15117: starting
2024-04-28 12:43:46,291 [013b6299-c97b-4afe-8aa4-203fc50eadfd-DatanodeStateMachineDaemonThread] INFO  statemachine.DatanodeStateMachine (DatanodeStateMachine.java:lambda$startDaemon$1(555)) - Ozone container server started.
2024-04-28 12:43:46,292 [main] WARN  dropwizard3.Dm3MetricRegistriesImpl (Dm3MetricRegistriesImpl.java:addReporterRegistration(113)) - New reporters are added after registries were created. Some metrics will be missing from the reporter. Please add reporter before adding any new registry.
2024-04-28 12:43:46,292 [main] WARN  dropwizard3.Dm3MetricRegistriesImpl (Dm3MetricRegistriesImpl.java:addReporterRegistration(113)) - New reporters are added after registries were created. Some metrics will be missing from the reporter. Please add reporter before adding any new registry.
2024-04-28 12:43:46,292 [main] INFO  impl.MetricsSystemImpl (MetricsSystemImpl.java:init(158)) - HddsDatanode metrics system started (again)
2024-04-28 12:43:46,293 [013b6299-c97b-4afe-8aa4-203fc50eadfd-DatanodeStateMachineTaskThread-0] INFO  datanode.InitDatanodeState (InitDatanodeState.java:persistContainerDatanodeDetails(139)) - DatanodeDetails is persisted to /home/runner/work/ozone/ozone/hadoop-ozone/integration-test/target/test-dir/MiniOzoneClusterImpl-fb989876-9371-464e-b996-ece4d3fe3ecb/ozone-meta/datanode-3/meta/datanode.id
2024-04-28 12:43:46,301 [main] INFO  ozone.HddsDatanodeService (HddsDatanodeService.java:start(240)) - HddsDatanodeService host:fv-az1392-52 ip:10.1.0.7
2024-04-28 12:43:46,314 [main] INFO  upgrade.AbstractLayoutVersionManager (AbstractLayoutVersionManager.java:init(83)) - Initializing Layout version manager with metadata layout = HADOOP_PRC_PORTS_IN_DATANODEDETAILS (version = 7), software layout = HADOOP_PRC_PORTS_IN_DATANODEDETAILS (version = 7)
2024-04-28 12:43:46,315 [main] INFO  statemachine.DatanodeStateMachine (DatanodeStateMachine.java:getEndPointTaskThreadPoolSize(299)) - Datanode State Machine Task Thread Pool size 2
2024-04-28 12:43:46,316 [main] INFO  volume.HddsVolume (HddsVolume.java:<init>(126)) - Creating HddsVolume: /home/runner/work/ozone/ozone/hadoop-ozone/integration-test/target/test-dir/MiniOzoneClusterImpl-fb989876-9371-464e-b996-ece4d3fe3ecb/ozone-meta/datanode-4/data-0/hdds of storage type : DISK capacity : 9223372036854775807
2024-04-28 12:43:46,316 [main] INFO  volume.MutableVolumeSet (MutableVolumeSet.java:initializeVolumeSet(173)) - Added Volume : /home/runner/work/ozone/ozone/hadoop-ozone/integration-test/target/test-dir/MiniOzoneClusterImpl-fb989876-9371-464e-b996-ece4d3fe3ecb/ozone-meta/datanode-4/data-0/hdds to VolumeSet
2024-04-28 12:43:46,316 [main] INFO  volume.MutableVolumeSet (MutableVolumeSet.java:initializeVolumeSet(173)) - Added Volume : /home/runner/work/ozone/ozone/hadoop-ozone/integration-test/target/test-dir/MiniOzoneClusterImpl-fb989876-9371-464e-b996-ece4d3fe3ecb/ozone-meta/datanode-4/ratis to VolumeSet
2024-04-28 12:43:46,317 [main] INFO  ozoneimpl.OzoneContainer (HddsVolumeUtil.java:loadAllHddsVolumeDbStore(103)) - Load 1 volumes DbStore cost: 0ms
2024-04-28 12:43:46,318 [main] INFO  server.RaftServer (ConfUtils.java:logGet(46)) - raft.rpc.type = GRPC (default)
2024-04-28 12:43:46,318 [main] INFO  grpc.GrpcConfigKeys (ConfUtils.java:logFallback(53)) - raft.grpc.admin.host = null (fallback to raft.grpc.server.host)
2024-04-28 12:43:46,319 [main] INFO  grpc.GrpcConfigKeys (ConfUtils.java:logGet(46)) - raft.grpc.admin.port = 15129 (custom)
2024-04-28 12:43:46,319 [main] INFO  grpc.GrpcConfigKeys (ConfUtils.java:logFallback(53)) - raft.grpc.client.host = null (fallback to raft.grpc.server.host)
2024-04-28 12:43:46,319 [main] INFO  grpc.GrpcConfigKeys (ConfUtils.java:logGet(46)) - raft.grpc.client.port = 15128 (custom)
2024-04-28 12:43:46,319 [main] INFO  grpc.GrpcConfigKeys (ConfUtils.java:logGet(46)) - raft.grpc.server.host = null (default)
2024-04-28 12:43:46,319 [main] INFO  grpc.GrpcConfigKeys (ConfUtils.java:logGet(46)) - raft.grpc.server.port = 15130 (custom)
2024-04-28 12:43:46,319 [main] INFO  server.GrpcService (ConfUtils.java:logGet(46)) - raft.grpc.message.size.max = 32MB (=33554432) (custom)
2024-04-28 12:43:46,319 [main] INFO  server.RaftServerConfigKeys (ConfUtils.java:logGet(46)) - raft.server.log.appender.buffer.byte-limit = 8388608 (custom)
2024-04-28 12:43:46,319 [main] INFO  server.GrpcService (ConfUtils.java:logGet(46)) - raft.grpc.flow.control.window = 5MB (=5242880) (custom)
2024-04-28 12:43:46,319 [main] INFO  server.RaftServerConfigKeys (ConfUtils.java:logGet(46)) - raft.server.rpc.request.timeout = 3000ms (default)
2024-04-28 12:43:46,319 [main] INFO  grpc.GrpcConfigKeys (ConfUtils.java:logGet(46)) - raft.grpc.server.heartbeat.channel = true (default)
2024-04-28 12:43:46,319 [main] INFO  grpc.GrpcConfigKeys (ConfUtils.java:logGet(46)) - raft.grpc.server.async.request.thread.pool.cached = true (default)
2024-04-28 12:43:46,319 [main] INFO  grpc.GrpcConfigKeys (ConfUtils.java:logGet(46)) - raft.grpc.server.async.request.thread.pool.size = 32 (default)
2024-04-28 12:43:46,321 [main] INFO  impl.DataStreamServerImpl (ConfUtils.java:logGet(46)) - raft.datastream.type = NETTY (custom)
2024-04-28 12:43:46,321 [main] INFO  server.RaftServerConfigKeys (ConfUtils.java:logGet(46)) - raft.server.data-stream.async.request.thread.pool.cached = false (default)
2024-04-28 12:43:46,321 [main] INFO  server.RaftServerConfigKeys (ConfUtils.java:logGet(46)) - raft.server.data-stream.async.request.thread.pool.size = 20 (custom)
2024-04-28 12:43:46,321 [main] INFO  server.RaftServerConfigKeys (ConfUtils.java:logGet(46)) - raft.server.data-stream.async.write.thread.pool.size = 16 (default)
2024-04-28 12:43:46,321 [main] INFO  netty.NettyConfigKeys$DataStream (ConfUtils.java:logGet(46)) - raft.netty.dataStream.server.channel.inactive.grace-period = 10min (default)
2024-04-28 12:43:46,321 [main] INFO  server.RaftServerConfigKeys (ConfUtils.java:logGet(46)) - raft.server.data-stream.client.pool.size = 10 (default)
2024-04-28 12:43:46,322 [main] INFO  netty.NettyConfigKeys$DataStream (ConfUtils.java:logGet(46)) - raft.netty.dataStream.server.use-epoll = true (default)
2024-04-28 12:43:46,322 [main] INFO  netty.NettyConfigKeys$DataStream (ConfUtils.java:logGet(46)) - raft.netty.dataStream.server.boss-group.size = 0 (default)
2024-04-28 12:43:46,322 [main] INFO  netty.NettyUtils (NettyUtils.java:newEventLoopGroup(69)) - Create EpollEventLoopGroup for 1d4b00a3-9857-4eac-ad23-fb07690fc4d9-NettyServerStreamRpc-bossGroup; Thread size is 0.
2024-04-28 12:43:46,322 [main] INFO  netty.NettyConfigKeys$DataStream (ConfUtils.java:logGet(46)) - raft.netty.dataStream.server.worker-group.size = 0 (default)
2024-04-28 12:43:46,322 [main] INFO  netty.NettyUtils (NettyUtils.java:newEventLoopGroup(69)) - Create EpollEventLoopGroup for 1d4b00a3-9857-4eac-ad23-fb07690fc4d9-NettyServerStreamRpc-workerGroup; Thread size is 0.
2024-04-28 12:43:46,322 [main] INFO  netty.NettyConfigKeys$DataStream (ConfUtils.java:logGet(46)) - raft.netty.dataStream.server.tls.conf = null (default)
2024-04-28 12:43:46,322 [main] INFO  netty.NettyConfigKeys$DataStream (ConfUtils.java:logGet(46)) - raft.netty.dataStream.host = null (default)
2024-04-28 12:43:46,322 [main] INFO  netty.NettyConfigKeys$DataStream (ConfUtils.java:logGet(46)) - raft.netty.dataStream.port = 15131 (custom)
2024-04-28 12:43:46,323 [main] INFO  server.RaftServerConfigKeys (ConfUtils.java:logGet(46)) - raft.server.sleep.deviation.threshold = 300ms (default)
2024-04-28 12:43:46,323 [main] INFO  server.RaftServerConfigKeys (ConfUtils.java:logGet(46)) - raft.server.close.threshold = 60s (default)
2024-04-28 12:43:46,323 [main] INFO  server.RaftServerConfigKeys (ConfUtils.java:logGet(46)) - raft.server.leaderelection.leader.step-down.wait-time = 10s (default)
2024-04-28 12:43:46,323 [main] INFO  server.RaftServerConfigKeys (ConfUtils.java:logGet(46)) - raft.server.storage.dir = [/home/runner/work/ozone/ozone/hadoop-ozone/integration-test/target/test-dir/MiniOzoneClusterImpl-fb989876-9371-464e-b996-ece4d3fe3ecb/ozone-meta/datanode-4/ratis] (custom)
2024-04-28 12:43:46,323 [main] INFO  server.RaftServerConfigKeys (ConfUtils.java:logGet(46)) - raft.server.threadpool.proxy.cached = true (default)
2024-04-28 12:43:46,323 [main] INFO  server.RaftServerConfigKeys (ConfUtils.java:logGet(46)) - raft.server.threadpool.proxy.size = 0 (default)
2024-04-28 12:43:46,323 [1d4b00a3-9857-4eac-ad23-fb07690fc4d9-NettyServerStreamRpc-bossGroup--thread1] INFO  logging.LoggingHandler (AbstractInternalLogger.java:log(148)) - [id: 0x4796ac5d] REGISTERED
2024-04-28 12:43:46,324 [1d4b00a3-9857-4eac-ad23-fb07690fc4d9-NettyServerStreamRpc-bossGroup--thread1] INFO  logging.LoggingHandler (AbstractInternalLogger.java:log(148)) - [id: 0x4796ac5d] BIND: 0.0.0.0/0.0.0.0:15131
2024-04-28 12:43:46,324 [1d4b00a3-9857-4eac-ad23-fb07690fc4d9-NettyServerStreamRpc-bossGroup--thread1] INFO  logging.LoggingHandler (AbstractInternalLogger.java:log(148)) - [id: 0x4796ac5d, L:/0.0.0.0:15131] ACTIVE
2024-04-28 12:43:46,324 [1d4b00a3-9857-4eac-ad23-fb07690fc4d9-impl-thread1] INFO  server.RaftServer (RaftServerProxy.java:initGroupDir(264)) - 1d4b00a3-9857-4eac-ad23-fb07690fc4d9: found a subdirectory /home/runner/work/ozone/ozone/hadoop-ozone/integration-test/target/test-dir/MiniOzoneClusterImpl-fb989876-9371-464e-b996-ece4d3fe3ecb/ozone-meta/datanode-4/ratis/tmp
2024-04-28 12:43:46,324 [1d4b00a3-9857-4eac-ad23-fb07690fc4d9-impl-thread1] INFO  server.RaftServer (RaftServerProxy.java:initGroupDir(269)) - 1d4b00a3-9857-4eac-ad23-fb07690fc4d9: The directory /home/runner/work/ozone/ozone/hadoop-ozone/integration-test/target/test-dir/MiniOzoneClusterImpl-fb989876-9371-464e-b996-ece4d3fe3ecb/ozone-meta/datanode-4/ratis/tmp is not a group directory; ignoring it. 
2024-04-28 12:43:46,324 [main] INFO  replication.ReplicationServer (ReplicationServer.java:<init>(86)) - Initializing replication server with thread count = 10 queue length = 4096
2024-04-28 12:43:46,325 [main] INFO  server.XceiverServerGrpc (XceiverServerGrpc.java:<init>(141)) - GrpcServer channel type EpollServerSocketChannel
2024-04-28 12:43:46,326 [main] INFO  replication.ReplicationSupervisor (ReplicationSupervisor.java:build(157)) - Initializing replication supervisor with thread count = 10
2024-04-28 12:43:46,326 [main] INFO  replication.ReplicationSupervisor (ReplicationSupervisor.java:nodeStateUpdated(312)) - Node state updated to IN_SERVICE, scaling executor pool size to 10
2024-04-28 12:43:46,327 [main] INFO  http.BaseHttpServer (BaseHttpServer.java:newHttpServer2BuilderForOzone(223)) - Starting Web-server for hddsDatanode at: http://0.0.0.0:15125
2024-04-28 12:43:46,327 [main] INFO  http.BaseHttpServer (BaseHttpServer.java:<init>(110)) - Hadoop Security Enabled: false Ozone Security Enabled: false Ozone HTTP Security Enabled: false 
2024-04-28 12:43:46,328 [main] WARN  server.AuthenticationFilter (AuthenticationFilter.java:constructSecretProvider(240)) - Unable to initialize FileSignerSecretProvider, falling back to use random secrets. Reason: Could not read signature secret file: /home/runner/hadoop-http-auth-signature-secret
2024-04-28 12:43:46,329 [main] INFO  http.HttpRequestLog (HttpRequestLog.java:getRequestLog(86)) - Http request log for http.requests.hddsDatanode is not defined
2024-04-28 12:43:46,330 [main] INFO  http.HttpServer2 (HttpServer2.java:addGlobalFilter(1036)) - Added global filter 'safety' (class=org.apache.hadoop.hdds.server.http.HttpServer2$QuotingInputFilter)
2024-04-28 12:43:46,330 [main] INFO  http.HttpServer2 (HttpServer2.java:addFilter(1012)) - Added filter static_user_filter (class=org.apache.hadoop.http.lib.StaticUserWebFilter$StaticUserFilter) to context hddsDatanode
2024-04-28 12:43:46,330 [main] INFO  http.HttpServer2 (HttpServer2.java:addFilter(1020)) - Added filter static_user_filter (class=org.apache.hadoop.http.lib.StaticUserWebFilter$StaticUserFilter) to context static
2024-04-28 12:43:46,330 [main] INFO  http.HttpServer2 (HttpServer2.java:addFilter(1020)) - Added filter static_user_filter (class=org.apache.hadoop.http.lib.StaticUserWebFilter$StaticUserFilter) to context logs
2024-04-28 12:43:46,331 [main] INFO  http.BaseHttpServer (BaseHttpServer.java:<init>(189)) - HTTP server of hddsDatanode uses base directory /home/runner/work/ozone/ozone/hadoop-ozone/integration-test/target/test-dir/MiniOzoneClusterImpl-fb989876-9371-464e-b996-ece4d3fe3ecb/ozone-meta/datanode-4/meta/webserver
2024-04-28 12:43:46,331 [main] INFO  http.HttpServer2 (HttpServer2.java:bindListener(1236)) - Jetty bound to port 15125
2024-04-28 12:43:46,331 [main] INFO  server.Server (Server.java:doStart(375)) - jetty-9.4.54.v20240208; built: 2024-02-08T19:42:39.027Z; git: cef3fbd6d736a21e7d541a5db490381d95a2047d; jvm 17.0.10+7
2024-04-28 12:43:46,334 [main] INFO  server.session (DefaultSessionIdManager.java:doStart(334)) - DefaultSessionIdManager workerName=node0
2024-04-28 12:43:46,334 [main] INFO  server.session (DefaultSessionIdManager.java:doStart(339)) - No SessionScavenger set, using defaults
2024-04-28 12:43:46,335 [main] INFO  server.session (HouseKeeper.java:startScavenging(132)) - node0 Scavenging every 600000ms
2024-04-28 12:43:46,335 [main] INFO  handler.ContextHandler (ContextHandler.java:doStart(921)) - Started o.e.j.s.ServletContextHandler@666b7ebe{logs,/logs,file:///home/runner/work/ozone/ozone/hadoop-ozone/integration-test/target/log,AVAILABLE}
2024-04-28 12:43:46,335 [main] INFO  handler.ContextHandler (ContextHandler.java:doStart(921)) - Started o.e.j.s.ServletContextHandler@38d5f5d5{static,/static,file:///home/runner/work/ozone/ozone/hadoop-hdds/container-service/target/classes/webapps/static,AVAILABLE}
2024-04-28 12:43:46,339 [main] INFO  handler.ContextHandler (ContextHandler.java:doStart(921)) - Started o.e.j.w.WebAppContext@47df554d{hddsDatanode,/,file:///home/runner/work/ozone/ozone/hadoop-hdds/container-service/target/classes/webapps/hddsDatanode/,AVAILABLE}{file:/home/runner/work/ozone/ozone/hadoop-hdds/container-service/target/classes/webapps/hddsDatanode}
2024-04-28 12:43:46,340 [main] INFO  server.AbstractConnector (AbstractConnector.java:doStart(333)) - Started ServerConnector@413e4756{HTTP/1.1, (http/1.1)}{0.0.0.0:15125}
2024-04-28 12:43:46,340 [main] INFO  server.Server (Server.java:doStart(415)) - Started @47463ms
2024-04-28 12:43:46,340 [main] WARN  impl.MetricsSystemImpl (MetricsSystemImpl.java:register(279)) - Sink prometheus already exists!
2024-04-28 12:43:46,340 [main] INFO  http.BaseHttpServer (BaseHttpServer.java:updateConnectorAddress(354)) - HTTP server of hddsDatanode listening at http://0.0.0.0:15125
2024-04-28 12:43:46,340 [main] INFO  ipc.CallQueueManager (CallQueueManager.java:<init>(90)) - Using callQueue: class java.util.concurrent.LinkedBlockingQueue, queueCapacity: 100, scheduler: class org.apache.hadoop.ipc.DefaultRpcScheduler, ipcBackoff: false.
2024-04-28 12:43:46,341 [main] INFO  ipc.Server (Server.java:<init>(1287)) - Listener at 0.0.0.0:15126
2024-04-28 12:43:46,341 [Socket Reader #1 for port 15126] INFO  ipc.Server (Server.java:run(1323)) - Starting Socket Reader #1 for port 15126
2024-04-28 12:43:46,342 [main] INFO  ozone.HddsDatanodeService (HddsDatanodeService.java:start(327)) - Datanode start with admins: [runner]
2024-04-28 12:43:46,342 [main] INFO  ozone.HddsDatanodeClientProtocolServer (HddsDatanodeClientProtocolServer.java:start(77)) - RPC server for Client /0.0.0.0:15126
2024-04-28 12:43:46,346 [IPC Server Responder] INFO  ipc.Server (Server.java:run(1562)) - IPC Server Responder: starting
2024-04-28 12:43:46,350 [IPC Server listener on 15126] INFO  ipc.Server (Server.java:run(1402)) - IPC Server listener on 15126: starting
2024-04-28 12:43:46,350 [main] WARN  dropwizard3.Dm3MetricRegistriesImpl (Dm3MetricRegistriesImpl.java:addReporterRegistration(113)) - New reporters are added after registries were created. Some metrics will be missing from the reporter. Please add reporter before adding any new registry.
2024-04-28 12:43:46,350 [main] WARN  dropwizard3.Dm3MetricRegistriesImpl (Dm3MetricRegistriesImpl.java:addReporterRegistration(113)) - New reporters are added after registries were created. Some metrics will be missing from the reporter. Please add reporter before adding any new registry.
2024-04-28 12:43:46,350 [main] INFO  impl.MetricsSystemImpl (MetricsSystemImpl.java:init(158)) - HddsDatanode metrics system started (again)
2024-04-28 12:43:46,354 [1d4b00a3-9857-4eac-ad23-fb07690fc4d9-DatanodeStateMachineDaemonThread] INFO  statemachine.DatanodeStateMachine (DatanodeStateMachine.java:lambda$startDaemon$1(555)) - Ozone container server started.
2024-04-28 12:43:46,359 [main] INFO  ozone.HddsDatanodeService (HddsDatanodeService.java:start(240)) - HddsDatanodeService host:fv-az1392-52 ip:10.1.0.7
2024-04-28 12:43:46,366 [1d4b00a3-9857-4eac-ad23-fb07690fc4d9-DatanodeStateMachineTaskThread-0] INFO  datanode.InitDatanodeState (InitDatanodeState.java:persistContainerDatanodeDetails(139)) - DatanodeDetails is persisted to /home/runner/work/ozone/ozone/hadoop-ozone/integration-test/target/test-dir/MiniOzoneClusterImpl-fb989876-9371-464e-b996-ece4d3fe3ecb/ozone-meta/datanode-4/meta/datanode.id
2024-04-28 12:43:46,375 [main] INFO  upgrade.AbstractLayoutVersionManager (AbstractLayoutVersionManager.java:init(83)) - Initializing Layout version manager with metadata layout = HADOOP_PRC_PORTS_IN_DATANODEDETAILS (version = 7), software layout = HADOOP_PRC_PORTS_IN_DATANODEDETAILS (version = 7)
2024-04-28 12:43:46,376 [main] INFO  statemachine.DatanodeStateMachine (DatanodeStateMachine.java:getEndPointTaskThreadPoolSize(299)) - Datanode State Machine Task Thread Pool size 2
2024-04-28 12:43:46,377 [main] INFO  volume.HddsVolume (HddsVolume.java:<init>(126)) - Creating HddsVolume: /home/runner/work/ozone/ozone/hadoop-ozone/integration-test/target/test-dir/MiniOzoneClusterImpl-fb989876-9371-464e-b996-ece4d3fe3ecb/ozone-meta/datanode-5/data-0/hdds of storage type : DISK capacity : 9223372036854775807
2024-04-28 12:43:46,378 [main] INFO  volume.MutableVolumeSet (MutableVolumeSet.java:initializeVolumeSet(173)) - Added Volume : /home/runner/work/ozone/ozone/hadoop-ozone/integration-test/target/test-dir/MiniOzoneClusterImpl-fb989876-9371-464e-b996-ece4d3fe3ecb/ozone-meta/datanode-5/data-0/hdds to VolumeSet
2024-04-28 12:43:46,378 [main] INFO  volume.MutableVolumeSet (MutableVolumeSet.java:initializeVolumeSet(173)) - Added Volume : /home/runner/work/ozone/ozone/hadoop-ozone/integration-test/target/test-dir/MiniOzoneClusterImpl-fb989876-9371-464e-b996-ece4d3fe3ecb/ozone-meta/datanode-5/ratis to VolumeSet
2024-04-28 12:43:46,379 [main] INFO  ozoneimpl.OzoneContainer (HddsVolumeUtil.java:loadAllHddsVolumeDbStore(103)) - Load 1 volumes DbStore cost: 0ms
2024-04-28 12:43:46,381 [main] INFO  server.RaftServer (ConfUtils.java:logGet(46)) - raft.rpc.type = GRPC (default)
2024-04-28 12:43:46,382 [main] INFO  grpc.GrpcConfigKeys (ConfUtils.java:logFallback(53)) - raft.grpc.admin.host = null (fallback to raft.grpc.server.host)
2024-04-28 12:43:46,382 [main] INFO  grpc.GrpcConfigKeys (ConfUtils.java:logGet(46)) - raft.grpc.admin.port = 15138 (custom)
2024-04-28 12:43:46,382 [main] INFO  grpc.GrpcConfigKeys (ConfUtils.java:logFallback(53)) - raft.grpc.client.host = null (fallback to raft.grpc.server.host)
2024-04-28 12:43:46,382 [main] INFO  grpc.GrpcConfigKeys (ConfUtils.java:logGet(46)) - raft.grpc.client.port = 15137 (custom)
2024-04-28 12:43:46,382 [main] INFO  grpc.GrpcConfigKeys (ConfUtils.java:logGet(46)) - raft.grpc.server.host = null (default)
2024-04-28 12:43:46,382 [main] INFO  grpc.GrpcConfigKeys (ConfUtils.java:logGet(46)) - raft.grpc.server.port = 15139 (custom)
2024-04-28 12:43:46,382 [main] INFO  server.GrpcService (ConfUtils.java:logGet(46)) - raft.grpc.message.size.max = 32MB (=33554432) (custom)
2024-04-28 12:43:46,382 [main] INFO  server.RaftServerConfigKeys (ConfUtils.java:logGet(46)) - raft.server.log.appender.buffer.byte-limit = 8388608 (custom)
2024-04-28 12:43:46,382 [main] INFO  server.GrpcService (ConfUtils.java:logGet(46)) - raft.grpc.flow.control.window = 5MB (=5242880) (custom)
2024-04-28 12:43:46,383 [main] INFO  server.RaftServerConfigKeys (ConfUtils.java:logGet(46)) - raft.server.rpc.request.timeout = 3000ms (default)
2024-04-28 12:43:46,383 [main] INFO  grpc.GrpcConfigKeys (ConfUtils.java:logGet(46)) - raft.grpc.server.heartbeat.channel = true (default)
2024-04-28 12:43:46,383 [main] INFO  grpc.GrpcConfigKeys (ConfUtils.java:logGet(46)) - raft.grpc.server.async.request.thread.pool.cached = true (default)
2024-04-28 12:43:46,383 [main] INFO  grpc.GrpcConfigKeys (ConfUtils.java:logGet(46)) - raft.grpc.server.async.request.thread.pool.size = 32 (default)
2024-04-28 12:43:46,385 [main] INFO  impl.DataStreamServerImpl (ConfUtils.java:logGet(46)) - raft.datastream.type = NETTY (custom)
2024-04-28 12:43:46,385 [main] INFO  server.RaftServerConfigKeys (ConfUtils.java:logGet(46)) - raft.server.data-stream.async.request.thread.pool.cached = false (default)
2024-04-28 12:43:46,385 [main] INFO  server.RaftServerConfigKeys (ConfUtils.java:logGet(46)) - raft.server.data-stream.async.request.thread.pool.size = 20 (custom)
2024-04-28 12:43:46,386 [main] INFO  server.RaftServerConfigKeys (ConfUtils.java:logGet(46)) - raft.server.data-stream.async.write.thread.pool.size = 16 (default)
2024-04-28 12:43:46,386 [main] INFO  netty.NettyConfigKeys$DataStream (ConfUtils.java:logGet(46)) - raft.netty.dataStream.server.channel.inactive.grace-period = 10min (default)
2024-04-28 12:43:46,386 [main] INFO  server.RaftServerConfigKeys (ConfUtils.java:logGet(46)) - raft.server.data-stream.client.pool.size = 10 (default)
2024-04-28 12:43:46,386 [main] INFO  netty.NettyConfigKeys$DataStream (ConfUtils.java:logGet(46)) - raft.netty.dataStream.server.use-epoll = true (default)
2024-04-28 12:43:46,386 [main] INFO  netty.NettyConfigKeys$DataStream (ConfUtils.java:logGet(46)) - raft.netty.dataStream.server.boss-group.size = 0 (default)
2024-04-28 12:43:46,386 [main] INFO  netty.NettyUtils (NettyUtils.java:newEventLoopGroup(69)) - Create EpollEventLoopGroup for 1d5b270c-141e-46ec-a0c0-ed60a5ff00c9-NettyServerStreamRpc-bossGroup; Thread size is 0.
2024-04-28 12:43:46,386 [main] INFO  netty.NettyConfigKeys$DataStream (ConfUtils.java:logGet(46)) - raft.netty.dataStream.server.worker-group.size = 0 (default)
2024-04-28 12:43:46,387 [main] INFO  netty.NettyUtils (NettyUtils.java:newEventLoopGroup(69)) - Create EpollEventLoopGroup for 1d5b270c-141e-46ec-a0c0-ed60a5ff00c9-NettyServerStreamRpc-workerGroup; Thread size is 0.
2024-04-28 12:43:46,387 [main] INFO  netty.NettyConfigKeys$DataStream (ConfUtils.java:logGet(46)) - raft.netty.dataStream.server.tls.conf = null (default)
2024-04-28 12:43:46,387 [main] INFO  netty.NettyConfigKeys$DataStream (ConfUtils.java:logGet(46)) - raft.netty.dataStream.host = null (default)
2024-04-28 12:43:46,387 [main] INFO  netty.NettyConfigKeys$DataStream (ConfUtils.java:logGet(46)) - raft.netty.dataStream.port = 15140 (custom)
2024-04-28 12:43:46,387 [main] INFO  server.RaftServerConfigKeys (ConfUtils.java:logGet(46)) - raft.server.sleep.deviation.threshold = 300ms (default)
2024-04-28 12:43:46,387 [main] INFO  server.RaftServerConfigKeys (ConfUtils.java:logGet(46)) - raft.server.close.threshold = 60s (default)
2024-04-28 12:43:46,387 [main] INFO  server.RaftServerConfigKeys (ConfUtils.java:logGet(46)) - raft.server.leaderelection.leader.step-down.wait-time = 10s (default)
2024-04-28 12:43:46,388 [1d5b270c-141e-46ec-a0c0-ed60a5ff00c9-NettyServerStreamRpc-bossGroup--thread1] INFO  logging.LoggingHandler (AbstractInternalLogger.java:log(148)) - [id: 0xca4faca3] REGISTERED
2024-04-28 12:43:46,388 [main] INFO  server.RaftServerConfigKeys (ConfUtils.java:logGet(46)) - raft.server.storage.dir = [/home/runner/work/ozone/ozone/hadoop-ozone/integration-test/target/test-dir/MiniOzoneClusterImpl-fb989876-9371-464e-b996-ece4d3fe3ecb/ozone-meta/datanode-5/ratis] (custom)
2024-04-28 12:43:46,388 [main] INFO  server.RaftServerConfigKeys (ConfUtils.java:logGet(46)) - raft.server.threadpool.proxy.cached = true (default)
2024-04-28 12:43:46,388 [main] INFO  server.RaftServerConfigKeys (ConfUtils.java:logGet(46)) - raft.server.threadpool.proxy.size = 0 (default)
2024-04-28 12:43:46,388 [1d5b270c-141e-46ec-a0c0-ed60a5ff00c9-NettyServerStreamRpc-bossGroup--thread1] INFO  logging.LoggingHandler (AbstractInternalLogger.java:log(148)) - [id: 0xca4faca3] BIND: 0.0.0.0/0.0.0.0:15140
2024-04-28 12:43:46,388 [1d5b270c-141e-46ec-a0c0-ed60a5ff00c9-NettyServerStreamRpc-bossGroup--thread1] INFO  logging.LoggingHandler (AbstractInternalLogger.java:log(148)) - [id: 0xca4faca3, L:/0.0.0.0:15140] ACTIVE
2024-04-28 12:43:46,390 [1d5b270c-141e-46ec-a0c0-ed60a5ff00c9-impl-thread1] INFO  server.RaftServer (RaftServerProxy.java:initGroupDir(264)) - 1d5b270c-141e-46ec-a0c0-ed60a5ff00c9: found a subdirectory /home/runner/work/ozone/ozone/hadoop-ozone/integration-test/target/test-dir/MiniOzoneClusterImpl-fb989876-9371-464e-b996-ece4d3fe3ecb/ozone-meta/datanode-5/ratis/tmp
2024-04-28 12:43:46,390 [1d5b270c-141e-46ec-a0c0-ed60a5ff00c9-impl-thread1] INFO  server.RaftServer (RaftServerProxy.java:initGroupDir(269)) - 1d5b270c-141e-46ec-a0c0-ed60a5ff00c9: The directory /home/runner/work/ozone/ozone/hadoop-ozone/integration-test/target/test-dir/MiniOzoneClusterImpl-fb989876-9371-464e-b996-ece4d3fe3ecb/ozone-meta/datanode-5/ratis/tmp is not a group directory; ignoring it. 
2024-04-28 12:43:46,390 [main] INFO  replication.ReplicationServer (ReplicationServer.java:<init>(86)) - Initializing replication server with thread count = 10 queue length = 4096
2024-04-28 12:43:46,391 [main] INFO  server.XceiverServerGrpc (XceiverServerGrpc.java:<init>(141)) - GrpcServer channel type EpollServerSocketChannel
2024-04-28 12:43:46,393 [main] INFO  replication.ReplicationSupervisor (ReplicationSupervisor.java:build(157)) - Initializing replication supervisor with thread count = 10
2024-04-28 12:43:46,393 [main] INFO  replication.ReplicationSupervisor (ReplicationSupervisor.java:nodeStateUpdated(312)) - Node state updated to IN_SERVICE, scaling executor pool size to 10
2024-04-28 12:43:46,397 [main] INFO  http.BaseHttpServer (BaseHttpServer.java:newHttpServer2BuilderForOzone(223)) - Starting Web-server for hddsDatanode at: http://0.0.0.0:15134
2024-04-28 12:43:46,397 [main] INFO  http.BaseHttpServer (BaseHttpServer.java:<init>(110)) - Hadoop Security Enabled: false Ozone Security Enabled: false Ozone HTTP Security Enabled: false 
2024-04-28 12:43:46,398 [main] WARN  server.AuthenticationFilter (AuthenticationFilter.java:constructSecretProvider(240)) - Unable to initialize FileSignerSecretProvider, falling back to use random secrets. Reason: Could not read signature secret file: /home/runner/hadoop-http-auth-signature-secret
2024-04-28 12:43:46,399 [main] INFO  http.HttpRequestLog (HttpRequestLog.java:getRequestLog(86)) - Http request log for http.requests.hddsDatanode is not defined
2024-04-28 12:43:46,400 [main] INFO  http.HttpServer2 (HttpServer2.java:addGlobalFilter(1036)) - Added global filter 'safety' (class=org.apache.hadoop.hdds.server.http.HttpServer2$QuotingInputFilter)
2024-04-28 12:43:46,401 [main] INFO  http.HttpServer2 (HttpServer2.java:addFilter(1012)) - Added filter static_user_filter (class=org.apache.hadoop.http.lib.StaticUserWebFilter$StaticUserFilter) to context hddsDatanode
2024-04-28 12:43:46,401 [main] INFO  http.HttpServer2 (HttpServer2.java:addFilter(1020)) - Added filter static_user_filter (class=org.apache.hadoop.http.lib.StaticUserWebFilter$StaticUserFilter) to context static
2024-04-28 12:43:46,401 [main] INFO  http.HttpServer2 (HttpServer2.java:addFilter(1020)) - Added filter static_user_filter (class=org.apache.hadoop.http.lib.StaticUserWebFilter$StaticUserFilter) to context logs
2024-04-28 12:43:46,401 [main] INFO  http.BaseHttpServer (BaseHttpServer.java:<init>(189)) - HTTP server of hddsDatanode uses base directory /home/runner/work/ozone/ozone/hadoop-ozone/integration-test/target/test-dir/MiniOzoneClusterImpl-fb989876-9371-464e-b996-ece4d3fe3ecb/ozone-meta/datanode-5/meta/webserver
2024-04-28 12:43:46,401 [main] INFO  http.HttpServer2 (HttpServer2.java:bindListener(1236)) - Jetty bound to port 15134
2024-04-28 12:43:46,402 [main] INFO  server.Server (Server.java:doStart(375)) - jetty-9.4.54.v20240208; built: 2024-02-08T19:42:39.027Z; git: cef3fbd6d736a21e7d541a5db490381d95a2047d; jvm 17.0.10+7
2024-04-28 12:43:46,409 [main] INFO  server.session (DefaultSessionIdManager.java:doStart(334)) - DefaultSessionIdManager workerName=node0
2024-04-28 12:43:46,409 [main] INFO  server.session (DefaultSessionIdManager.java:doStart(339)) - No SessionScavenger set, using defaults
2024-04-28 12:43:46,410 [main] INFO  server.session (HouseKeeper.java:startScavenging(132)) - node0 Scavenging every 660000ms
2024-04-28 12:43:46,410 [main] INFO  handler.ContextHandler (ContextHandler.java:doStart(921)) - Started o.e.j.s.ServletContextHandler@483381ea{logs,/logs,file:///home/runner/work/ozone/ozone/hadoop-ozone/integration-test/target/log,AVAILABLE}
2024-04-28 12:43:46,410 [main] INFO  handler.ContextHandler (ContextHandler.java:doStart(921)) - Started o.e.j.s.ServletContextHandler@74213bb4{static,/static,file:///home/runner/work/ozone/ozone/hadoop-hdds/container-service/target/classes/webapps/static,AVAILABLE}
2024-04-28 12:43:46,414 [main] INFO  handler.ContextHandler (ContextHandler.java:doStart(921)) - Started o.e.j.w.WebAppContext@129294c3{hddsDatanode,/,file:///home/runner/work/ozone/ozone/hadoop-hdds/container-service/target/classes/webapps/hddsDatanode/,AVAILABLE}{file:/home/runner/work/ozone/ozone/hadoop-hdds/container-service/target/classes/webapps/hddsDatanode}
2024-04-28 12:43:46,415 [main] INFO  server.AbstractConnector (AbstractConnector.java:doStart(333)) - Started ServerConnector@3ed1cff{HTTP/1.1, (http/1.1)}{0.0.0.0:15134}
2024-04-28 12:43:46,415 [main] INFO  server.Server (Server.java:doStart(415)) - Started @47538ms
2024-04-28 12:43:46,415 [main] WARN  impl.MetricsSystemImpl (MetricsSystemImpl.java:register(279)) - Sink prometheus already exists!
2024-04-28 12:43:46,416 [main] INFO  http.BaseHttpServer (BaseHttpServer.java:updateConnectorAddress(354)) - HTTP server of hddsDatanode listening at http://0.0.0.0:15134
2024-04-28 12:43:46,416 [main] INFO  ipc.CallQueueManager (CallQueueManager.java:<init>(90)) - Using callQueue: class java.util.concurrent.LinkedBlockingQueue, queueCapacity: 100, scheduler: class org.apache.hadoop.ipc.DefaultRpcScheduler, ipcBackoff: false.
2024-04-28 12:43:46,416 [main] INFO  ipc.Server (Server.java:<init>(1287)) - Listener at 0.0.0.0:15135
2024-04-28 12:43:46,416 [Socket Reader #1 for port 15135] INFO  ipc.Server (Server.java:run(1323)) - Starting Socket Reader #1 for port 15135
2024-04-28 12:43:46,429 [main] INFO  ozone.HddsDatanodeService (HddsDatanodeService.java:start(327)) - Datanode start with admins: [runner]
2024-04-28 12:43:46,429 [main] INFO  ozone.HddsDatanodeClientProtocolServer (HddsDatanodeClientProtocolServer.java:start(77)) - RPC server for Client /0.0.0.0:15135
2024-04-28 12:43:46,429 [IPC Server Responder] INFO  ipc.Server (Server.java:run(1562)) - IPC Server Responder: starting
2024-04-28 12:43:46,429 [IPC Server listener on 15135] INFO  ipc.Server (Server.java:run(1402)) - IPC Server listener on 15135: starting
2024-04-28 12:43:46,430 [main] WARN  dropwizard3.Dm3MetricRegistriesImpl (Dm3MetricRegistriesImpl.java:addReporterRegistration(113)) - New reporters are added after registries were created. Some metrics will be missing from the reporter. Please add reporter before adding any new registry.
2024-04-28 12:43:46,430 [main] WARN  dropwizard3.Dm3MetricRegistriesImpl (Dm3MetricRegistriesImpl.java:addReporterRegistration(113)) - New reporters are added after registries were created. Some metrics will be missing from the reporter. Please add reporter before adding any new registry.
2024-04-28 12:43:46,430 [main] INFO  impl.MetricsSystemImpl (MetricsSystemImpl.java:init(158)) - HddsDatanode metrics system started (again)
2024-04-28 12:43:46,432 [1d5b270c-141e-46ec-a0c0-ed60a5ff00c9-DatanodeStateMachineDaemonThread] INFO  statemachine.DatanodeStateMachine (DatanodeStateMachine.java:lambda$startDaemon$1(555)) - Ozone container server started.
2024-04-28 12:43:46,440 [main] INFO  ozone.HddsDatanodeService (HddsDatanodeService.java:start(240)) - HddsDatanodeService host:fv-az1392-52 ip:10.1.0.7
2024-04-28 12:43:46,448 [1d5b270c-141e-46ec-a0c0-ed60a5ff00c9-DatanodeStateMachineTaskThread-0] INFO  datanode.InitDatanodeState (InitDatanodeState.java:persistContainerDatanodeDetails(139)) - DatanodeDetails is persisted to /home/runner/work/ozone/ozone/hadoop-ozone/integration-test/target/test-dir/MiniOzoneClusterImpl-fb989876-9371-464e-b996-ece4d3fe3ecb/ozone-meta/datanode-5/meta/datanode.id
2024-04-28 12:43:46,457 [main] INFO  upgrade.AbstractLayoutVersionManager (AbstractLayoutVersionManager.java:init(83)) - Initializing Layout version manager with metadata layout = HADOOP_PRC_PORTS_IN_DATANODEDETAILS (version = 7), software layout = HADOOP_PRC_PORTS_IN_DATANODEDETAILS (version = 7)
2024-04-28 12:43:46,458 [main] INFO  statemachine.DatanodeStateMachine (DatanodeStateMachine.java:getEndPointTaskThreadPoolSize(299)) - Datanode State Machine Task Thread Pool size 2
2024-04-28 12:43:46,459 [main] INFO  volume.HddsVolume (HddsVolume.java:<init>(126)) - Creating HddsVolume: /home/runner/work/ozone/ozone/hadoop-ozone/integration-test/target/test-dir/MiniOzoneClusterImpl-fb989876-9371-464e-b996-ece4d3fe3ecb/ozone-meta/datanode-6/data-0/hdds of storage type : DISK capacity : 9223372036854775807
2024-04-28 12:43:46,459 [main] INFO  volume.MutableVolumeSet (MutableVolumeSet.java:initializeVolumeSet(173)) - Added Volume : /home/runner/work/ozone/ozone/hadoop-ozone/integration-test/target/test-dir/MiniOzoneClusterImpl-fb989876-9371-464e-b996-ece4d3fe3ecb/ozone-meta/datanode-6/data-0/hdds to VolumeSet
2024-04-28 12:43:46,460 [main] INFO  volume.MutableVolumeSet (MutableVolumeSet.java:initializeVolumeSet(173)) - Added Volume : /home/runner/work/ozone/ozone/hadoop-ozone/integration-test/target/test-dir/MiniOzoneClusterImpl-fb989876-9371-464e-b996-ece4d3fe3ecb/ozone-meta/datanode-6/ratis to VolumeSet
2024-04-28 12:43:46,460 [main] INFO  ozoneimpl.OzoneContainer (HddsVolumeUtil.java:loadAllHddsVolumeDbStore(103)) - Load 1 volumes DbStore cost: 0ms
2024-04-28 12:43:46,462 [main] INFO  server.RaftServer (ConfUtils.java:logGet(46)) - raft.rpc.type = GRPC (default)
2024-04-28 12:43:46,462 [main] INFO  grpc.GrpcConfigKeys (ConfUtils.java:logFallback(53)) - raft.grpc.admin.host = null (fallback to raft.grpc.server.host)
2024-04-28 12:43:46,462 [main] INFO  grpc.GrpcConfigKeys (ConfUtils.java:logGet(46)) - raft.grpc.admin.port = 15147 (custom)
2024-04-28 12:43:46,463 [main] INFO  grpc.GrpcConfigKeys (ConfUtils.java:logFallback(53)) - raft.grpc.client.host = null (fallback to raft.grpc.server.host)
2024-04-28 12:43:46,463 [main] INFO  grpc.GrpcConfigKeys (ConfUtils.java:logGet(46)) - raft.grpc.client.port = 15146 (custom)
2024-04-28 12:43:46,463 [main] INFO  grpc.GrpcConfigKeys (ConfUtils.java:logGet(46)) - raft.grpc.server.host = null (default)
2024-04-28 12:43:46,463 [main] INFO  grpc.GrpcConfigKeys (ConfUtils.java:logGet(46)) - raft.grpc.server.port = 15148 (custom)
2024-04-28 12:43:46,463 [main] INFO  server.GrpcService (ConfUtils.java:logGet(46)) - raft.grpc.message.size.max = 32MB (=33554432) (custom)
2024-04-28 12:43:46,463 [main] INFO  server.RaftServerConfigKeys (ConfUtils.java:logGet(46)) - raft.server.log.appender.buffer.byte-limit = 8388608 (custom)
2024-04-28 12:43:46,463 [main] INFO  server.GrpcService (ConfUtils.java:logGet(46)) - raft.grpc.flow.control.window = 5MB (=5242880) (custom)
2024-04-28 12:43:46,464 [main] INFO  server.RaftServerConfigKeys (ConfUtils.java:logGet(46)) - raft.server.rpc.request.timeout = 3000ms (default)
2024-04-28 12:43:46,464 [main] INFO  grpc.GrpcConfigKeys (ConfUtils.java:logGet(46)) - raft.grpc.server.heartbeat.channel = true (default)
2024-04-28 12:43:46,464 [main] INFO  grpc.GrpcConfigKeys (ConfUtils.java:logGet(46)) - raft.grpc.server.async.request.thread.pool.cached = true (default)
2024-04-28 12:43:46,464 [main] INFO  grpc.GrpcConfigKeys (ConfUtils.java:logGet(46)) - raft.grpc.server.async.request.thread.pool.size = 32 (default)
2024-04-28 12:43:46,465 [main] INFO  impl.DataStreamServerImpl (ConfUtils.java:logGet(46)) - raft.datastream.type = NETTY (custom)
2024-04-28 12:43:46,466 [main] INFO  server.RaftServerConfigKeys (ConfUtils.java:logGet(46)) - raft.server.data-stream.async.request.thread.pool.cached = false (default)
2024-04-28 12:43:46,466 [main] INFO  server.RaftServerConfigKeys (ConfUtils.java:logGet(46)) - raft.server.data-stream.async.request.thread.pool.size = 20 (custom)
2024-04-28 12:43:46,466 [main] INFO  server.RaftServerConfigKeys (ConfUtils.java:logGet(46)) - raft.server.data-stream.async.write.thread.pool.size = 16 (default)
2024-04-28 12:43:46,466 [main] INFO  netty.NettyConfigKeys$DataStream (ConfUtils.java:logGet(46)) - raft.netty.dataStream.server.channel.inactive.grace-period = 10min (default)
2024-04-28 12:43:46,466 [main] INFO  server.RaftServerConfigKeys (ConfUtils.java:logGet(46)) - raft.server.data-stream.client.pool.size = 10 (default)
2024-04-28 12:43:46,466 [main] INFO  netty.NettyConfigKeys$DataStream (ConfUtils.java:logGet(46)) - raft.netty.dataStream.server.use-epoll = true (default)
2024-04-28 12:43:46,466 [main] INFO  netty.NettyConfigKeys$DataStream (ConfUtils.java:logGet(46)) - raft.netty.dataStream.server.boss-group.size = 0 (default)
2024-04-28 12:43:46,466 [main] INFO  netty.NettyUtils (NettyUtils.java:newEventLoopGroup(69)) - Create EpollEventLoopGroup for 1070cd50-d4de-4eff-9e7b-13f77727c4d2-NettyServerStreamRpc-bossGroup; Thread size is 0.
2024-04-28 12:43:46,467 [main] INFO  netty.NettyConfigKeys$DataStream (ConfUtils.java:logGet(46)) - raft.netty.dataStream.server.worker-group.size = 0 (default)
2024-04-28 12:43:46,467 [main] INFO  netty.NettyUtils (NettyUtils.java:newEventLoopGroup(69)) - Create EpollEventLoopGroup for 1070cd50-d4de-4eff-9e7b-13f77727c4d2-NettyServerStreamRpc-workerGroup; Thread size is 0.
2024-04-28 12:43:46,467 [main] INFO  netty.NettyConfigKeys$DataStream (ConfUtils.java:logGet(46)) - raft.netty.dataStream.server.tls.conf = null (default)
2024-04-28 12:43:46,468 [main] INFO  netty.NettyConfigKeys$DataStream (ConfUtils.java:logGet(46)) - raft.netty.dataStream.host = null (default)
2024-04-28 12:43:46,468 [main] INFO  netty.NettyConfigKeys$DataStream (ConfUtils.java:logGet(46)) - raft.netty.dataStream.port = 15149 (custom)
2024-04-28 12:43:46,469 [main] INFO  server.RaftServerConfigKeys (ConfUtils.java:logGet(46)) - raft.server.sleep.deviation.threshold = 300ms (default)
2024-04-28 12:43:46,469 [main] INFO  server.RaftServerConfigKeys (ConfUtils.java:logGet(46)) - raft.server.close.threshold = 60s (default)
2024-04-28 12:43:46,469 [main] INFO  server.RaftServerConfigKeys (ConfUtils.java:logGet(46)) - raft.server.leaderelection.leader.step-down.wait-time = 10s (default)
2024-04-28 12:43:46,469 [1070cd50-d4de-4eff-9e7b-13f77727c4d2-NettyServerStreamRpc-bossGroup--thread1] INFO  logging.LoggingHandler (AbstractInternalLogger.java:log(148)) - [id: 0x0355af61] REGISTERED
2024-04-28 12:43:46,469 [main] INFO  server.RaftServerConfigKeys (ConfUtils.java:logGet(46)) - raft.server.storage.dir = [/home/runner/work/ozone/ozone/hadoop-ozone/integration-test/target/test-dir/MiniOzoneClusterImpl-fb989876-9371-464e-b996-ece4d3fe3ecb/ozone-meta/datanode-6/ratis] (custom)
2024-04-28 12:43:46,469 [main] INFO  server.RaftServerConfigKeys (ConfUtils.java:logGet(46)) - raft.server.threadpool.proxy.cached = true (default)
2024-04-28 12:43:46,469 [main] INFO  server.RaftServerConfigKeys (ConfUtils.java:logGet(46)) - raft.server.threadpool.proxy.size = 0 (default)
2024-04-28 12:43:46,469 [1070cd50-d4de-4eff-9e7b-13f77727c4d2-NettyServerStreamRpc-bossGroup--thread1] INFO  logging.LoggingHandler (AbstractInternalLogger.java:log(148)) - [id: 0x0355af61] BIND: 0.0.0.0/0.0.0.0:15149
2024-04-28 12:43:46,470 [1070cd50-d4de-4eff-9e7b-13f77727c4d2-NettyServerStreamRpc-bossGroup--thread1] INFO  logging.LoggingHandler (AbstractInternalLogger.java:log(148)) - [id: 0x0355af61, L:/0.0.0.0:15149] ACTIVE
2024-04-28 12:43:46,474 [1070cd50-d4de-4eff-9e7b-13f77727c4d2-impl-thread1] INFO  server.RaftServer (RaftServerProxy.java:initGroupDir(264)) - 1070cd50-d4de-4eff-9e7b-13f77727c4d2: found a subdirectory /home/runner/work/ozone/ozone/hadoop-ozone/integration-test/target/test-dir/MiniOzoneClusterImpl-fb989876-9371-464e-b996-ece4d3fe3ecb/ozone-meta/datanode-6/ratis/tmp
2024-04-28 12:43:46,474 [1070cd50-d4de-4eff-9e7b-13f77727c4d2-impl-thread1] INFO  server.RaftServer (RaftServerProxy.java:initGroupDir(269)) - 1070cd50-d4de-4eff-9e7b-13f77727c4d2: The directory /home/runner/work/ozone/ozone/hadoop-ozone/integration-test/target/test-dir/MiniOzoneClusterImpl-fb989876-9371-464e-b996-ece4d3fe3ecb/ozone-meta/datanode-6/ratis/tmp is not a group directory; ignoring it. 
2024-04-28 12:43:46,474 [main] INFO  replication.ReplicationServer (ReplicationServer.java:<init>(86)) - Initializing replication server with thread count = 10 queue length = 4096
2024-04-28 12:43:46,475 [main] INFO  server.XceiverServerGrpc (XceiverServerGrpc.java:<init>(141)) - GrpcServer channel type EpollServerSocketChannel
2024-04-28 12:43:46,477 [main] INFO  replication.ReplicationSupervisor (ReplicationSupervisor.java:build(157)) - Initializing replication supervisor with thread count = 10
2024-04-28 12:43:46,477 [main] INFO  replication.ReplicationSupervisor (ReplicationSupervisor.java:nodeStateUpdated(312)) - Node state updated to IN_SERVICE, scaling executor pool size to 10
2024-04-28 12:43:46,479 [main] INFO  http.BaseHttpServer (BaseHttpServer.java:newHttpServer2BuilderForOzone(223)) - Starting Web-server for hddsDatanode at: http://0.0.0.0:15143
2024-04-28 12:43:46,479 [main] INFO  http.BaseHttpServer (BaseHttpServer.java:<init>(110)) - Hadoop Security Enabled: false Ozone Security Enabled: false Ozone HTTP Security Enabled: false 
2024-04-28 12:43:46,479 [main] WARN  server.AuthenticationFilter (AuthenticationFilter.java:constructSecretProvider(240)) - Unable to initialize FileSignerSecretProvider, falling back to use random secrets. Reason: Could not read signature secret file: /home/runner/hadoop-http-auth-signature-secret
2024-04-28 12:43:46,480 [main] INFO  http.HttpRequestLog (HttpRequestLog.java:getRequestLog(86)) - Http request log for http.requests.hddsDatanode is not defined
2024-04-28 12:43:46,481 [main] INFO  http.HttpServer2 (HttpServer2.java:addGlobalFilter(1036)) - Added global filter 'safety' (class=org.apache.hadoop.hdds.server.http.HttpServer2$QuotingInputFilter)
2024-04-28 12:43:46,481 [main] INFO  http.HttpServer2 (HttpServer2.java:addFilter(1012)) - Added filter static_user_filter (class=org.apache.hadoop.http.lib.StaticUserWebFilter$StaticUserFilter) to context hddsDatanode
2024-04-28 12:43:46,481 [main] INFO  http.HttpServer2 (HttpServer2.java:addFilter(1020)) - Added filter static_user_filter (class=org.apache.hadoop.http.lib.StaticUserWebFilter$StaticUserFilter) to context static
2024-04-28 12:43:46,482 [main] INFO  http.HttpServer2 (HttpServer2.java:addFilter(1020)) - Added filter static_user_filter (class=org.apache.hadoop.http.lib.StaticUserWebFilter$StaticUserFilter) to context logs
2024-04-28 12:43:46,482 [main] INFO  http.BaseHttpServer (BaseHttpServer.java:<init>(189)) - HTTP server of hddsDatanode uses base directory /home/runner/work/ozone/ozone/hadoop-ozone/integration-test/target/test-dir/MiniOzoneClusterImpl-fb989876-9371-464e-b996-ece4d3fe3ecb/ozone-meta/datanode-6/meta/webserver
2024-04-28 12:43:46,482 [main] INFO  http.HttpServer2 (HttpServer2.java:bindListener(1236)) - Jetty bound to port 15143
2024-04-28 12:43:46,482 [main] INFO  server.Server (Server.java:doStart(375)) - jetty-9.4.54.v20240208; built: 2024-02-08T19:42:39.027Z; git: cef3fbd6d736a21e7d541a5db490381d95a2047d; jvm 17.0.10+7
2024-04-28 12:43:46,514 [main] INFO  server.session (DefaultSessionIdManager.java:doStart(334)) - DefaultSessionIdManager workerName=node0
2024-04-28 12:43:46,514 [main] INFO  server.session (DefaultSessionIdManager.java:doStart(339)) - No SessionScavenger set, using defaults
2024-04-28 12:43:46,515 [main] INFO  server.session (HouseKeeper.java:startScavenging(132)) - node0 Scavenging every 600000ms
2024-04-28 12:43:46,515 [main] INFO  handler.ContextHandler (ContextHandler.java:doStart(921)) - Started o.e.j.s.ServletContextHandler@694b818f{logs,/logs,file:///home/runner/work/ozone/ozone/hadoop-ozone/integration-test/target/log,AVAILABLE}
2024-04-28 12:43:46,516 [main] INFO  handler.ContextHandler (ContextHandler.java:doStart(921)) - Started o.e.j.s.ServletContextHandler@37cb41fa{static,/static,file:///home/runner/work/ozone/ozone/hadoop-hdds/container-service/target/classes/webapps/static,AVAILABLE}
2024-04-28 12:43:46,520 [main] INFO  handler.ContextHandler (ContextHandler.java:doStart(921)) - Started o.e.j.w.WebAppContext@37b6dedf{hddsDatanode,/,file:///home/runner/work/ozone/ozone/hadoop-hdds/container-service/target/classes/webapps/hddsDatanode/,AVAILABLE}{file:/home/runner/work/ozone/ozone/hadoop-hdds/container-service/target/classes/webapps/hddsDatanode}
2024-04-28 12:43:46,520 [main] INFO  server.AbstractConnector (AbstractConnector.java:doStart(333)) - Started ServerConnector@61a4a71c{HTTP/1.1, (http/1.1)}{0.0.0.0:15143}
2024-04-28 12:43:46,520 [main] INFO  server.Server (Server.java:doStart(415)) - Started @47643ms
2024-04-28 12:43:46,520 [main] WARN  impl.MetricsSystemImpl (MetricsSystemImpl.java:register(279)) - Sink prometheus already exists!
2024-04-28 12:43:46,521 [main] INFO  http.BaseHttpServer (BaseHttpServer.java:updateConnectorAddress(354)) - HTTP server of hddsDatanode listening at http://0.0.0.0:15143
2024-04-28 12:43:46,521 [main] INFO  ipc.CallQueueManager (CallQueueManager.java:<init>(90)) - Using callQueue: class java.util.concurrent.LinkedBlockingQueue, queueCapacity: 100, scheduler: class org.apache.hadoop.ipc.DefaultRpcScheduler, ipcBackoff: false.
2024-04-28 12:43:46,522 [main] INFO  ipc.Server (Server.java:<init>(1287)) - Listener at 0.0.0.0:15144
2024-04-28 12:43:46,522 [Socket Reader #1 for port 15144] INFO  ipc.Server (Server.java:run(1323)) - Starting Socket Reader #1 for port 15144
2024-04-28 12:43:46,523 [main] INFO  ozone.HddsDatanodeService (HddsDatanodeService.java:start(327)) - Datanode start with admins: [runner]
2024-04-28 12:43:46,524 [main] INFO  ozone.HddsDatanodeClientProtocolServer (HddsDatanodeClientProtocolServer.java:start(77)) - RPC server for Client /0.0.0.0:15144
2024-04-28 12:43:46,524 [IPC Server Responder] INFO  ipc.Server (Server.java:run(1562)) - IPC Server Responder: starting
2024-04-28 12:43:46,525 [IPC Server listener on 15144] INFO  ipc.Server (Server.java:run(1402)) - IPC Server listener on 15144: starting
2024-04-28 12:43:46,526 [1070cd50-d4de-4eff-9e7b-13f77727c4d2-DatanodeStateMachineDaemonThread] INFO  statemachine.DatanodeStateMachine (DatanodeStateMachine.java:lambda$startDaemon$1(555)) - Ozone container server started.
2024-04-28 12:43:46,526 [main] WARN  dropwizard3.Dm3MetricRegistriesImpl (Dm3MetricRegistriesImpl.java:addReporterRegistration(113)) - New reporters are added after registries were created. Some metrics will be missing from the reporter. Please add reporter before adding any new registry.
2024-04-28 12:43:46,526 [main] WARN  dropwizard3.Dm3MetricRegistriesImpl (Dm3MetricRegistriesImpl.java:addReporterRegistration(113)) - New reporters are added after registries were created. Some metrics will be missing from the reporter. Please add reporter before adding any new registry.
2024-04-28 12:43:46,526 [main] INFO  impl.MetricsSystemImpl (MetricsSystemImpl.java:init(158)) - HddsDatanode metrics system started (again)
2024-04-28 12:43:46,536 [1070cd50-d4de-4eff-9e7b-13f77727c4d2-DatanodeStateMachineTaskThread-0] INFO  datanode.InitDatanodeState (InitDatanodeState.java:persistContainerDatanodeDetails(139)) - DatanodeDetails is persisted to /home/runner/work/ozone/ozone/hadoop-ozone/integration-test/target/test-dir/MiniOzoneClusterImpl-fb989876-9371-464e-b996-ece4d3fe3ecb/ozone-meta/datanode-6/meta/datanode.id
2024-04-28 12:43:46,537 [main] INFO  ozone.HddsDatanodeService (HddsDatanodeService.java:start(240)) - HddsDatanodeService host:fv-az1392-52 ip:10.1.0.7
2024-04-28 12:43:46,558 [main] INFO  upgrade.AbstractLayoutVersionManager (AbstractLayoutVersionManager.java:init(83)) - Initializing Layout version manager with metadata layout = HADOOP_PRC_PORTS_IN_DATANODEDETAILS (version = 7), software layout = HADOOP_PRC_PORTS_IN_DATANODEDETAILS (version = 7)
2024-04-28 12:43:46,558 [main] INFO  statemachine.DatanodeStateMachine (DatanodeStateMachine.java:getEndPointTaskThreadPoolSize(299)) - Datanode State Machine Task Thread Pool size 2
2024-04-28 12:43:46,559 [main] INFO  volume.HddsVolume (HddsVolume.java:<init>(126)) - Creating HddsVolume: /home/runner/work/ozone/ozone/hadoop-ozone/integration-test/target/test-dir/MiniOzoneClusterImpl-fb989876-9371-464e-b996-ece4d3fe3ecb/ozone-meta/datanode-7/data-0/hdds of storage type : DISK capacity : 9223372036854775807
2024-04-28 12:43:46,560 [main] INFO  volume.MutableVolumeSet (MutableVolumeSet.java:initializeVolumeSet(173)) - Added Volume : /home/runner/work/ozone/ozone/hadoop-ozone/integration-test/target/test-dir/MiniOzoneClusterImpl-fb989876-9371-464e-b996-ece4d3fe3ecb/ozone-meta/datanode-7/data-0/hdds to VolumeSet
2024-04-28 12:43:46,560 [main] INFO  volume.MutableVolumeSet (MutableVolumeSet.java:initializeVolumeSet(173)) - Added Volume : /home/runner/work/ozone/ozone/hadoop-ozone/integration-test/target/test-dir/MiniOzoneClusterImpl-fb989876-9371-464e-b996-ece4d3fe3ecb/ozone-meta/datanode-7/ratis to VolumeSet
2024-04-28 12:43:46,560 [main] INFO  ozoneimpl.OzoneContainer (HddsVolumeUtil.java:loadAllHddsVolumeDbStore(103)) - Load 1 volumes DbStore cost: 0ms
2024-04-28 12:43:46,562 [main] INFO  server.RaftServer (ConfUtils.java:logGet(46)) - raft.rpc.type = GRPC (default)
2024-04-28 12:43:46,563 [main] INFO  grpc.GrpcConfigKeys (ConfUtils.java:logFallback(53)) - raft.grpc.admin.host = null (fallback to raft.grpc.server.host)
2024-04-28 12:43:46,563 [main] INFO  grpc.GrpcConfigKeys (ConfUtils.java:logGet(46)) - raft.grpc.admin.port = 15156 (custom)
2024-04-28 12:43:46,563 [main] INFO  grpc.GrpcConfigKeys (ConfUtils.java:logFallback(53)) - raft.grpc.client.host = null (fallback to raft.grpc.server.host)
2024-04-28 12:43:46,563 [main] INFO  grpc.GrpcConfigKeys (ConfUtils.java:logGet(46)) - raft.grpc.client.port = 15155 (custom)
2024-04-28 12:43:46,563 [main] INFO  grpc.GrpcConfigKeys (ConfUtils.java:logGet(46)) - raft.grpc.server.host = null (default)
2024-04-28 12:43:46,563 [main] INFO  grpc.GrpcConfigKeys (ConfUtils.java:logGet(46)) - raft.grpc.server.port = 15157 (custom)
2024-04-28 12:43:46,563 [main] INFO  server.GrpcService (ConfUtils.java:logGet(46)) - raft.grpc.message.size.max = 32MB (=33554432) (custom)
2024-04-28 12:43:46,563 [main] INFO  server.RaftServerConfigKeys (ConfUtils.java:logGet(46)) - raft.server.log.appender.buffer.byte-limit = 8388608 (custom)
2024-04-28 12:43:46,563 [main] INFO  server.GrpcService (ConfUtils.java:logGet(46)) - raft.grpc.flow.control.window = 5MB (=5242880) (custom)
2024-04-28 12:43:46,564 [main] INFO  server.RaftServerConfigKeys (ConfUtils.java:logGet(46)) - raft.server.rpc.request.timeout = 3000ms (default)
2024-04-28 12:43:46,564 [main] INFO  grpc.GrpcConfigKeys (ConfUtils.java:logGet(46)) - raft.grpc.server.heartbeat.channel = true (default)
2024-04-28 12:43:46,564 [main] INFO  grpc.GrpcConfigKeys (ConfUtils.java:logGet(46)) - raft.grpc.server.async.request.thread.pool.cached = true (default)
2024-04-28 12:43:46,564 [main] INFO  grpc.GrpcConfigKeys (ConfUtils.java:logGet(46)) - raft.grpc.server.async.request.thread.pool.size = 32 (default)
2024-04-28 12:43:46,566 [main] INFO  impl.DataStreamServerImpl (ConfUtils.java:logGet(46)) - raft.datastream.type = NETTY (custom)
2024-04-28 12:43:46,566 [main] INFO  server.RaftServerConfigKeys (ConfUtils.java:logGet(46)) - raft.server.data-stream.async.request.thread.pool.cached = false (default)
2024-04-28 12:43:46,566 [main] INFO  server.RaftServerConfigKeys (ConfUtils.java:logGet(46)) - raft.server.data-stream.async.request.thread.pool.size = 20 (custom)
2024-04-28 12:43:46,566 [main] INFO  server.RaftServerConfigKeys (ConfUtils.java:logGet(46)) - raft.server.data-stream.async.write.thread.pool.size = 16 (default)
2024-04-28 12:43:46,566 [main] INFO  netty.NettyConfigKeys$DataStream (ConfUtils.java:logGet(46)) - raft.netty.dataStream.server.channel.inactive.grace-period = 10min (default)
2024-04-28 12:43:46,567 [main] INFO  server.RaftServerConfigKeys (ConfUtils.java:logGet(46)) - raft.server.data-stream.client.pool.size = 10 (default)
2024-04-28 12:43:46,567 [main] INFO  netty.NettyConfigKeys$DataStream (ConfUtils.java:logGet(46)) - raft.netty.dataStream.server.use-epoll = true (default)
2024-04-28 12:43:46,567 [main] INFO  netty.NettyConfigKeys$DataStream (ConfUtils.java:logGet(46)) - raft.netty.dataStream.server.boss-group.size = 0 (default)
2024-04-28 12:43:46,567 [main] INFO  netty.NettyUtils (NettyUtils.java:newEventLoopGroup(69)) - Create EpollEventLoopGroup for 59f7e7ee-27c3-4dbc-8a0c-a3c2dbd1352c-NettyServerStreamRpc-bossGroup; Thread size is 0.
2024-04-28 12:43:46,567 [main] INFO  netty.NettyConfigKeys$DataStream (ConfUtils.java:logGet(46)) - raft.netty.dataStream.server.worker-group.size = 0 (default)
2024-04-28 12:43:46,567 [main] INFO  netty.NettyUtils (NettyUtils.java:newEventLoopGroup(69)) - Create EpollEventLoopGroup for 59f7e7ee-27c3-4dbc-8a0c-a3c2dbd1352c-NettyServerStreamRpc-workerGroup; Thread size is 0.
2024-04-28 12:43:46,568 [main] INFO  netty.NettyConfigKeys$DataStream (ConfUtils.java:logGet(46)) - raft.netty.dataStream.server.tls.conf = null (default)
2024-04-28 12:43:46,568 [main] INFO  netty.NettyConfigKeys$DataStream (ConfUtils.java:logGet(46)) - raft.netty.dataStream.host = null (default)
2024-04-28 12:43:46,568 [main] INFO  netty.NettyConfigKeys$DataStream (ConfUtils.java:logGet(46)) - raft.netty.dataStream.port = 15158 (custom)
2024-04-28 12:43:46,568 [main] INFO  server.RaftServerConfigKeys (ConfUtils.java:logGet(46)) - raft.server.sleep.deviation.threshold = 300ms (default)
2024-04-28 12:43:46,568 [main] INFO  server.RaftServerConfigKeys (ConfUtils.java:logGet(46)) - raft.server.close.threshold = 60s (default)
2024-04-28 12:43:46,569 [main] INFO  server.RaftServerConfigKeys (ConfUtils.java:logGet(46)) - raft.server.leaderelection.leader.step-down.wait-time = 10s (default)
2024-04-28 12:43:46,569 [main] INFO  server.RaftServerConfigKeys (ConfUtils.java:logGet(46)) - raft.server.storage.dir = [/home/runner/work/ozone/ozone/hadoop-ozone/integration-test/target/test-dir/MiniOzoneClusterImpl-fb989876-9371-464e-b996-ece4d3fe3ecb/ozone-meta/datanode-7/ratis] (custom)
2024-04-28 12:43:46,569 [main] INFO  server.RaftServerConfigKeys (ConfUtils.java:logGet(46)) - raft.server.threadpool.proxy.cached = true (default)
2024-04-28 12:43:46,569 [main] INFO  server.RaftServerConfigKeys (ConfUtils.java:logGet(46)) - raft.server.threadpool.proxy.size = 0 (default)
2024-04-28 12:43:46,569 [59f7e7ee-27c3-4dbc-8a0c-a3c2dbd1352c-NettyServerStreamRpc-bossGroup--thread1] INFO  logging.LoggingHandler (AbstractInternalLogger.java:log(148)) - [id: 0xbfe493c7] REGISTERED
2024-04-28 12:43:46,569 [59f7e7ee-27c3-4dbc-8a0c-a3c2dbd1352c-NettyServerStreamRpc-bossGroup--thread1] INFO  logging.LoggingHandler (AbstractInternalLogger.java:log(148)) - [id: 0xbfe493c7] BIND: 0.0.0.0/0.0.0.0:15158
2024-04-28 12:43:46,569 [59f7e7ee-27c3-4dbc-8a0c-a3c2dbd1352c-NettyServerStreamRpc-bossGroup--thread1] INFO  logging.LoggingHandler (AbstractInternalLogger.java:log(148)) - [id: 0xbfe493c7, L:/0.0.0.0:15158] ACTIVE
2024-04-28 12:43:46,569 [59f7e7ee-27c3-4dbc-8a0c-a3c2dbd1352c-impl-thread1] INFO  server.RaftServer (RaftServerProxy.java:initGroupDir(264)) - 59f7e7ee-27c3-4dbc-8a0c-a3c2dbd1352c: found a subdirectory /home/runner/work/ozone/ozone/hadoop-ozone/integration-test/target/test-dir/MiniOzoneClusterImpl-fb989876-9371-464e-b996-ece4d3fe3ecb/ozone-meta/datanode-7/ratis/tmp
2024-04-28 12:43:46,570 [59f7e7ee-27c3-4dbc-8a0c-a3c2dbd1352c-impl-thread1] INFO  server.RaftServer (RaftServerProxy.java:initGroupDir(269)) - 59f7e7ee-27c3-4dbc-8a0c-a3c2dbd1352c: The directory /home/runner/work/ozone/ozone/hadoop-ozone/integration-test/target/test-dir/MiniOzoneClusterImpl-fb989876-9371-464e-b996-ece4d3fe3ecb/ozone-meta/datanode-7/ratis/tmp is not a group directory; ignoring it. 
2024-04-28 12:43:46,570 [main] INFO  replication.ReplicationServer (ReplicationServer.java:<init>(86)) - Initializing replication server with thread count = 10 queue length = 4096
2024-04-28 12:43:46,571 [main] INFO  server.XceiverServerGrpc (XceiverServerGrpc.java:<init>(141)) - GrpcServer channel type EpollServerSocketChannel
2024-04-28 12:43:46,572 [main] INFO  replication.ReplicationSupervisor (ReplicationSupervisor.java:build(157)) - Initializing replication supervisor with thread count = 10
2024-04-28 12:43:46,572 [main] INFO  replication.ReplicationSupervisor (ReplicationSupervisor.java:nodeStateUpdated(312)) - Node state updated to IN_SERVICE, scaling executor pool size to 10
2024-04-28 12:43:46,574 [main] INFO  http.BaseHttpServer (BaseHttpServer.java:newHttpServer2BuilderForOzone(223)) - Starting Web-server for hddsDatanode at: http://0.0.0.0:15152
2024-04-28 12:43:46,574 [main] INFO  http.BaseHttpServer (BaseHttpServer.java:<init>(110)) - Hadoop Security Enabled: false Ozone Security Enabled: false Ozone HTTP Security Enabled: false 
2024-04-28 12:43:46,575 [main] WARN  server.AuthenticationFilter (AuthenticationFilter.java:constructSecretProvider(240)) - Unable to initialize FileSignerSecretProvider, falling back to use random secrets. Reason: Could not read signature secret file: /home/runner/hadoop-http-auth-signature-secret
2024-04-28 12:43:46,576 [main] INFO  http.HttpRequestLog (HttpRequestLog.java:getRequestLog(86)) - Http request log for http.requests.hddsDatanode is not defined
2024-04-28 12:43:46,577 [main] INFO  http.HttpServer2 (HttpServer2.java:addGlobalFilter(1036)) - Added global filter 'safety' (class=org.apache.hadoop.hdds.server.http.HttpServer2$QuotingInputFilter)
2024-04-28 12:43:46,577 [main] INFO  http.HttpServer2 (HttpServer2.java:addFilter(1012)) - Added filter static_user_filter (class=org.apache.hadoop.http.lib.StaticUserWebFilter$StaticUserFilter) to context hddsDatanode
2024-04-28 12:43:46,578 [main] INFO  http.HttpServer2 (HttpServer2.java:addFilter(1020)) - Added filter static_user_filter (class=org.apache.hadoop.http.lib.StaticUserWebFilter$StaticUserFilter) to context static
2024-04-28 12:43:46,578 [main] INFO  http.HttpServer2 (HttpServer2.java:addFilter(1020)) - Added filter static_user_filter (class=org.apache.hadoop.http.lib.StaticUserWebFilter$StaticUserFilter) to context logs
2024-04-28 12:43:46,578 [main] INFO  http.BaseHttpServer (BaseHttpServer.java:<init>(189)) - HTTP server of hddsDatanode uses base directory /home/runner/work/ozone/ozone/hadoop-ozone/integration-test/target/test-dir/MiniOzoneClusterImpl-fb989876-9371-464e-b996-ece4d3fe3ecb/ozone-meta/datanode-7/meta/webserver
2024-04-28 12:43:46,578 [main] INFO  http.HttpServer2 (HttpServer2.java:bindListener(1236)) - Jetty bound to port 15152
2024-04-28 12:43:46,579 [main] INFO  server.Server (Server.java:doStart(375)) - jetty-9.4.54.v20240208; built: 2024-02-08T19:42:39.027Z; git: cef3fbd6d736a21e7d541a5db490381d95a2047d; jvm 17.0.10+7
2024-04-28 12:43:46,580 [main] INFO  server.session (DefaultSessionIdManager.java:doStart(334)) - DefaultSessionIdManager workerName=node0
2024-04-28 12:43:46,580 [main] INFO  server.session (DefaultSessionIdManager.java:doStart(339)) - No SessionScavenger set, using defaults
2024-04-28 12:43:46,580 [main] INFO  server.session (HouseKeeper.java:startScavenging(132)) - node0 Scavenging every 660000ms
2024-04-28 12:43:46,581 [main] INFO  handler.ContextHandler (ContextHandler.java:doStart(921)) - Started o.e.j.s.ServletContextHandler@37601089{logs,/logs,file:///home/runner/work/ozone/ozone/hadoop-ozone/integration-test/target/log,AVAILABLE}
2024-04-28 12:43:46,581 [main] INFO  handler.ContextHandler (ContextHandler.java:doStart(921)) - Started o.e.j.s.ServletContextHandler@7023e935{static,/static,file:///home/runner/work/ozone/ozone/hadoop-hdds/container-service/target/classes/webapps/static,AVAILABLE}
2024-04-28 12:43:46,584 [main] INFO  handler.ContextHandler (ContextHandler.java:doStart(921)) - Started o.e.j.w.WebAppContext@78828aca{hddsDatanode,/,file:///home/runner/work/ozone/ozone/hadoop-hdds/container-service/target/classes/webapps/hddsDatanode/,AVAILABLE}{file:/home/runner/work/ozone/ozone/hadoop-hdds/container-service/target/classes/webapps/hddsDatanode}
2024-04-28 12:43:46,584 [main] INFO  server.AbstractConnector (AbstractConnector.java:doStart(333)) - Started ServerConnector@28d9bd86{HTTP/1.1, (http/1.1)}{0.0.0.0:15152}
2024-04-28 12:43:46,584 [main] INFO  server.Server (Server.java:doStart(415)) - Started @47707ms
2024-04-28 12:43:46,584 [main] WARN  impl.MetricsSystemImpl (MetricsSystemImpl.java:register(279)) - Sink prometheus already exists!
2024-04-28 12:43:46,585 [main] INFO  http.BaseHttpServer (BaseHttpServer.java:updateConnectorAddress(354)) - HTTP server of hddsDatanode listening at http://0.0.0.0:15152
2024-04-28 12:43:46,585 [main] INFO  ipc.CallQueueManager (CallQueueManager.java:<init>(90)) - Using callQueue: class java.util.concurrent.LinkedBlockingQueue, queueCapacity: 100, scheduler: class org.apache.hadoop.ipc.DefaultRpcScheduler, ipcBackoff: false.
2024-04-28 12:43:46,585 [main] INFO  ipc.Server (Server.java:<init>(1287)) - Listener at 0.0.0.0:15153
2024-04-28 12:43:46,586 [Socket Reader #1 for port 15153] INFO  ipc.Server (Server.java:run(1323)) - Starting Socket Reader #1 for port 15153
2024-04-28 12:43:46,587 [main] INFO  ozone.HddsDatanodeService (HddsDatanodeService.java:start(327)) - Datanode start with admins: [runner]
2024-04-28 12:43:46,587 [main] INFO  ozone.HddsDatanodeClientProtocolServer (HddsDatanodeClientProtocolServer.java:start(77)) - RPC server for Client /0.0.0.0:15153
2024-04-28 12:43:46,587 [IPC Server Responder] INFO  ipc.Server (Server.java:run(1562)) - IPC Server Responder: starting
2024-04-28 12:43:46,587 [IPC Server listener on 15153] INFO  ipc.Server (Server.java:run(1402)) - IPC Server listener on 15153: starting
2024-04-28 12:43:46,594 [59f7e7ee-27c3-4dbc-8a0c-a3c2dbd1352c-DatanodeStateMachineDaemonThread] INFO  statemachine.DatanodeStateMachine (DatanodeStateMachine.java:lambda$startDaemon$1(555)) - Ozone container server started.
2024-04-28 12:43:46,594 [main] WARN  dropwizard3.Dm3MetricRegistriesImpl (Dm3MetricRegistriesImpl.java:addReporterRegistration(113)) - New reporters are added after registries were created. Some metrics will be missing from the reporter. Please add reporter before adding any new registry.
2024-04-28 12:43:46,594 [main] WARN  dropwizard3.Dm3MetricRegistriesImpl (Dm3MetricRegistriesImpl.java:addReporterRegistration(113)) - New reporters are added after registries were created. Some metrics will be missing from the reporter. Please add reporter before adding any new registry.
2024-04-28 12:43:46,594 [main] INFO  impl.MetricsSystemImpl (MetricsSystemImpl.java:init(158)) - HddsDatanode metrics system started (again)
2024-04-28 12:43:46,603 [main] INFO  ozone.HddsDatanodeService (HddsDatanodeService.java:start(240)) - HddsDatanodeService host:fv-az1392-52 ip:10.1.0.7
2024-04-28 12:43:46,626 [main] INFO  upgrade.AbstractLayoutVersionManager (AbstractLayoutVersionManager.java:init(83)) - Initializing Layout version manager with metadata layout = HADOOP_PRC_PORTS_IN_DATANODEDETAILS (version = 7), software layout = HADOOP_PRC_PORTS_IN_DATANODEDETAILS (version = 7)
2024-04-28 12:43:46,627 [main] INFO  statemachine.DatanodeStateMachine (DatanodeStateMachine.java:getEndPointTaskThreadPoolSize(299)) - Datanode State Machine Task Thread Pool size 2
2024-04-28 12:43:46,628 [main] INFO  volume.HddsVolume (HddsVolume.java:<init>(126)) - Creating HddsVolume: /home/runner/work/ozone/ozone/hadoop-ozone/integration-test/target/test-dir/MiniOzoneClusterImpl-fb989876-9371-464e-b996-ece4d3fe3ecb/ozone-meta/datanode-8/data-0/hdds of storage type : DISK capacity : 9223372036854775807
2024-04-28 12:43:46,628 [main] INFO  volume.MutableVolumeSet (MutableVolumeSet.java:initializeVolumeSet(173)) - Added Volume : /home/runner/work/ozone/ozone/hadoop-ozone/integration-test/target/test-dir/MiniOzoneClusterImpl-fb989876-9371-464e-b996-ece4d3fe3ecb/ozone-meta/datanode-8/data-0/hdds to VolumeSet
2024-04-28 12:43:46,629 [main] INFO  volume.MutableVolumeSet (MutableVolumeSet.java:initializeVolumeSet(173)) - Added Volume : /home/runner/work/ozone/ozone/hadoop-ozone/integration-test/target/test-dir/MiniOzoneClusterImpl-fb989876-9371-464e-b996-ece4d3fe3ecb/ozone-meta/datanode-8/ratis to VolumeSet
2024-04-28 12:43:46,629 [main] INFO  ozoneimpl.OzoneContainer (HddsVolumeUtil.java:loadAllHddsVolumeDbStore(103)) - Load 1 volumes DbStore cost: 0ms
2024-04-28 12:43:46,631 [main] INFO  server.RaftServer (ConfUtils.java:logGet(46)) - raft.rpc.type = GRPC (default)
2024-04-28 12:43:46,631 [main] INFO  grpc.GrpcConfigKeys (ConfUtils.java:logFallback(53)) - raft.grpc.admin.host = null (fallback to raft.grpc.server.host)
2024-04-28 12:43:46,631 [main] INFO  grpc.GrpcConfigKeys (ConfUtils.java:logGet(46)) - raft.grpc.admin.port = 15165 (custom)
2024-04-28 12:43:46,631 [main] INFO  grpc.GrpcConfigKeys (ConfUtils.java:logFallback(53)) - raft.grpc.client.host = null (fallback to raft.grpc.server.host)
2024-04-28 12:43:46,631 [main] INFO  grpc.GrpcConfigKeys (ConfUtils.java:logGet(46)) - raft.grpc.client.port = 15164 (custom)
2024-04-28 12:43:46,631 [main] INFO  grpc.GrpcConfigKeys (ConfUtils.java:logGet(46)) - raft.grpc.server.host = null (default)
2024-04-28 12:43:46,631 [main] INFO  grpc.GrpcConfigKeys (ConfUtils.java:logGet(46)) - raft.grpc.server.port = 15166 (custom)
2024-04-28 12:43:46,631 [main] INFO  server.GrpcService (ConfUtils.java:logGet(46)) - raft.grpc.message.size.max = 32MB (=33554432) (custom)
2024-04-28 12:43:46,631 [main] INFO  server.RaftServerConfigKeys (ConfUtils.java:logGet(46)) - raft.server.log.appender.buffer.byte-limit = 8388608 (custom)
2024-04-28 12:43:46,631 [main] INFO  server.GrpcService (ConfUtils.java:logGet(46)) - raft.grpc.flow.control.window = 5MB (=5242880) (custom)
2024-04-28 12:43:46,632 [main] INFO  server.RaftServerConfigKeys (ConfUtils.java:logGet(46)) - raft.server.rpc.request.timeout = 3000ms (default)
2024-04-28 12:43:46,632 [main] INFO  grpc.GrpcConfigKeys (ConfUtils.java:logGet(46)) - raft.grpc.server.heartbeat.channel = true (default)
2024-04-28 12:43:46,632 [main] INFO  grpc.GrpcConfigKeys (ConfUtils.java:logGet(46)) - raft.grpc.server.async.request.thread.pool.cached = true (default)
2024-04-28 12:43:46,632 [main] INFO  grpc.GrpcConfigKeys (ConfUtils.java:logGet(46)) - raft.grpc.server.async.request.thread.pool.size = 32 (default)
2024-04-28 12:43:46,634 [main] INFO  impl.DataStreamServerImpl (ConfUtils.java:logGet(46)) - raft.datastream.type = NETTY (custom)
2024-04-28 12:43:46,634 [main] INFO  server.RaftServerConfigKeys (ConfUtils.java:logGet(46)) - raft.server.data-stream.async.request.thread.pool.cached = false (default)
2024-04-28 12:43:46,634 [main] INFO  server.RaftServerConfigKeys (ConfUtils.java:logGet(46)) - raft.server.data-stream.async.request.thread.pool.size = 20 (custom)
2024-04-28 12:43:46,635 [main] INFO  server.RaftServerConfigKeys (ConfUtils.java:logGet(46)) - raft.server.data-stream.async.write.thread.pool.size = 16 (default)
2024-04-28 12:43:46,635 [main] INFO  netty.NettyConfigKeys$DataStream (ConfUtils.java:logGet(46)) - raft.netty.dataStream.server.channel.inactive.grace-period = 10min (default)
2024-04-28 12:43:46,635 [main] INFO  server.RaftServerConfigKeys (ConfUtils.java:logGet(46)) - raft.server.data-stream.client.pool.size = 10 (default)
2024-04-28 12:43:46,635 [main] INFO  netty.NettyConfigKeys$DataStream (ConfUtils.java:logGet(46)) - raft.netty.dataStream.server.use-epoll = true (default)
2024-04-28 12:43:46,635 [main] INFO  netty.NettyConfigKeys$DataStream (ConfUtils.java:logGet(46)) - raft.netty.dataStream.server.boss-group.size = 0 (default)
2024-04-28 12:43:46,635 [main] INFO  netty.NettyUtils (NettyUtils.java:newEventLoopGroup(69)) - Create EpollEventLoopGroup for 0f39c21b-d5b1-40df-b9b4-e74314e680e2-NettyServerStreamRpc-bossGroup; Thread size is 0.
2024-04-28 12:43:46,635 [main] INFO  netty.NettyConfigKeys$DataStream (ConfUtils.java:logGet(46)) - raft.netty.dataStream.server.worker-group.size = 0 (default)
2024-04-28 12:43:46,635 [main] INFO  netty.NettyUtils (NettyUtils.java:newEventLoopGroup(69)) - Create EpollEventLoopGroup for 0f39c21b-d5b1-40df-b9b4-e74314e680e2-NettyServerStreamRpc-workerGroup; Thread size is 0.
2024-04-28 12:43:46,636 [main] INFO  netty.NettyConfigKeys$DataStream (ConfUtils.java:logGet(46)) - raft.netty.dataStream.server.tls.conf = null (default)
2024-04-28 12:43:46,636 [main] INFO  netty.NettyConfigKeys$DataStream (ConfUtils.java:logGet(46)) - raft.netty.dataStream.host = null (default)
2024-04-28 12:43:46,636 [main] INFO  netty.NettyConfigKeys$DataStream (ConfUtils.java:logGet(46)) - raft.netty.dataStream.port = 15167 (custom)
2024-04-28 12:43:46,638 [main] INFO  server.RaftServerConfigKeys (ConfUtils.java:logGet(46)) - raft.server.sleep.deviation.threshold = 300ms (default)
2024-04-28 12:43:46,638 [main] INFO  server.RaftServerConfigKeys (ConfUtils.java:logGet(46)) - raft.server.close.threshold = 60s (default)
2024-04-28 12:43:46,638 [main] INFO  server.RaftServerConfigKeys (ConfUtils.java:logGet(46)) - raft.server.leaderelection.leader.step-down.wait-time = 10s (default)
2024-04-28 12:43:46,638 [main] INFO  server.RaftServerConfigKeys (ConfUtils.java:logGet(46)) - raft.server.storage.dir = [/home/runner/work/ozone/ozone/hadoop-ozone/integration-test/target/test-dir/MiniOzoneClusterImpl-fb989876-9371-464e-b996-ece4d3fe3ecb/ozone-meta/datanode-8/ratis] (custom)
2024-04-28 12:43:46,639 [main] INFO  server.RaftServerConfigKeys (ConfUtils.java:logGet(46)) - raft.server.threadpool.proxy.cached = true (default)
2024-04-28 12:43:46,639 [main] INFO  server.RaftServerConfigKeys (ConfUtils.java:logGet(46)) - raft.server.threadpool.proxy.size = 0 (default)
2024-04-28 12:43:46,640 [59f7e7ee-27c3-4dbc-8a0c-a3c2dbd1352c-DatanodeStateMachineTaskThread-0] INFO  datanode.InitDatanodeState (InitDatanodeState.java:persistContainerDatanodeDetails(139)) - DatanodeDetails is persisted to /home/runner/work/ozone/ozone/hadoop-ozone/integration-test/target/test-dir/MiniOzoneClusterImpl-fb989876-9371-464e-b996-ece4d3fe3ecb/ozone-meta/datanode-7/meta/datanode.id
2024-04-28 12:43:46,640 [0f39c21b-d5b1-40df-b9b4-e74314e680e2-NettyServerStreamRpc-bossGroup--thread1] INFO  logging.LoggingHandler (AbstractInternalLogger.java:log(148)) - [id: 0x64dc8b5d] REGISTERED
2024-04-28 12:43:46,640 [0f39c21b-d5b1-40df-b9b4-e74314e680e2-NettyServerStreamRpc-bossGroup--thread1] INFO  logging.LoggingHandler (AbstractInternalLogger.java:log(148)) - [id: 0x64dc8b5d] BIND: 0.0.0.0/0.0.0.0:15167
2024-04-28 12:43:46,640 [0f39c21b-d5b1-40df-b9b4-e74314e680e2-NettyServerStreamRpc-bossGroup--thread1] INFO  logging.LoggingHandler (AbstractInternalLogger.java:log(148)) - [id: 0x64dc8b5d, L:/0.0.0.0:15167] ACTIVE
2024-04-28 12:43:46,641 [0f39c21b-d5b1-40df-b9b4-e74314e680e2-impl-thread1] INFO  server.RaftServer (RaftServerProxy.java:initGroupDir(264)) - 0f39c21b-d5b1-40df-b9b4-e74314e680e2: found a subdirectory /home/runner/work/ozone/ozone/hadoop-ozone/integration-test/target/test-dir/MiniOzoneClusterImpl-fb989876-9371-464e-b996-ece4d3fe3ecb/ozone-meta/datanode-8/ratis/tmp
2024-04-28 12:43:46,641 [0f39c21b-d5b1-40df-b9b4-e74314e680e2-impl-thread1] INFO  server.RaftServer (RaftServerProxy.java:initGroupDir(269)) - 0f39c21b-d5b1-40df-b9b4-e74314e680e2: The directory /home/runner/work/ozone/ozone/hadoop-ozone/integration-test/target/test-dir/MiniOzoneClusterImpl-fb989876-9371-464e-b996-ece4d3fe3ecb/ozone-meta/datanode-8/ratis/tmp is not a group directory; ignoring it. 
2024-04-28 12:43:46,641 [main] INFO  replication.ReplicationServer (ReplicationServer.java:<init>(86)) - Initializing replication server with thread count = 10 queue length = 4096
2024-04-28 12:43:46,642 [main] INFO  server.XceiverServerGrpc (XceiverServerGrpc.java:<init>(141)) - GrpcServer channel type EpollServerSocketChannel
2024-04-28 12:43:46,643 [main] INFO  replication.ReplicationSupervisor (ReplicationSupervisor.java:build(157)) - Initializing replication supervisor with thread count = 10
2024-04-28 12:43:46,643 [main] INFO  replication.ReplicationSupervisor (ReplicationSupervisor.java:nodeStateUpdated(312)) - Node state updated to IN_SERVICE, scaling executor pool size to 10
2024-04-28 12:43:46,651 [main] INFO  http.BaseHttpServer (BaseHttpServer.java:newHttpServer2BuilderForOzone(223)) - Starting Web-server for hddsDatanode at: http://0.0.0.0:15161
2024-04-28 12:43:46,651 [main] INFO  http.BaseHttpServer (BaseHttpServer.java:<init>(110)) - Hadoop Security Enabled: false Ozone Security Enabled: false Ozone HTTP Security Enabled: false 
2024-04-28 12:43:46,652 [main] WARN  server.AuthenticationFilter (AuthenticationFilter.java:constructSecretProvider(240)) - Unable to initialize FileSignerSecretProvider, falling back to use random secrets. Reason: Could not read signature secret file: /home/runner/hadoop-http-auth-signature-secret
2024-04-28 12:43:46,652 [main] INFO  http.HttpRequestLog (HttpRequestLog.java:getRequestLog(86)) - Http request log for http.requests.hddsDatanode is not defined
2024-04-28 12:43:46,654 [main] INFO  http.HttpServer2 (HttpServer2.java:addGlobalFilter(1036)) - Added global filter 'safety' (class=org.apache.hadoop.hdds.server.http.HttpServer2$QuotingInputFilter)
2024-04-28 12:43:46,654 [main] INFO  http.HttpServer2 (HttpServer2.java:addFilter(1012)) - Added filter static_user_filter (class=org.apache.hadoop.http.lib.StaticUserWebFilter$StaticUserFilter) to context hddsDatanode
2024-04-28 12:43:46,654 [main] INFO  http.HttpServer2 (HttpServer2.java:addFilter(1020)) - Added filter static_user_filter (class=org.apache.hadoop.http.lib.StaticUserWebFilter$StaticUserFilter) to context logs
2024-04-28 12:43:46,654 [main] INFO  http.HttpServer2 (HttpServer2.java:addFilter(1020)) - Added filter static_user_filter (class=org.apache.hadoop.http.lib.StaticUserWebFilter$StaticUserFilter) to context static
2024-04-28 12:43:46,655 [main] INFO  http.BaseHttpServer (BaseHttpServer.java:<init>(189)) - HTTP server of hddsDatanode uses base directory /home/runner/work/ozone/ozone/hadoop-ozone/integration-test/target/test-dir/MiniOzoneClusterImpl-fb989876-9371-464e-b996-ece4d3fe3ecb/ozone-meta/datanode-8/meta/webserver
2024-04-28 12:43:46,655 [main] INFO  http.HttpServer2 (HttpServer2.java:bindListener(1236)) - Jetty bound to port 15161
2024-04-28 12:43:46,655 [main] INFO  server.Server (Server.java:doStart(375)) - jetty-9.4.54.v20240208; built: 2024-02-08T19:42:39.027Z; git: cef3fbd6d736a21e7d541a5db490381d95a2047d; jvm 17.0.10+7
2024-04-28 12:43:46,674 [main] INFO  server.session (DefaultSessionIdManager.java:doStart(334)) - DefaultSessionIdManager workerName=node0
2024-04-28 12:43:46,674 [main] INFO  server.session (DefaultSessionIdManager.java:doStart(339)) - No SessionScavenger set, using defaults
2024-04-28 12:43:46,674 [main] INFO  server.session (HouseKeeper.java:startScavenging(132)) - node0 Scavenging every 660000ms
2024-04-28 12:43:46,675 [main] INFO  handler.ContextHandler (ContextHandler.java:doStart(921)) - Started o.e.j.s.ServletContextHandler@5f2eeb6b{logs,/logs,file:///home/runner/work/ozone/ozone/hadoop-ozone/integration-test/target/log,AVAILABLE}
2024-04-28 12:43:46,676 [main] INFO  handler.ContextHandler (ContextHandler.java:doStart(921)) - Started o.e.j.s.ServletContextHandler@5bd9615c{static,/static,file:///home/runner/work/ozone/ozone/hadoop-hdds/container-service/target/classes/webapps/static,AVAILABLE}
2024-04-28 12:43:46,679 [main] INFO  handler.ContextHandler (ContextHandler.java:doStart(921)) - Started o.e.j.w.WebAppContext@263121b{hddsDatanode,/,file:///home/runner/work/ozone/ozone/hadoop-hdds/container-service/target/classes/webapps/hddsDatanode/,AVAILABLE}{file:/home/runner/work/ozone/ozone/hadoop-hdds/container-service/target/classes/webapps/hddsDatanode}
2024-04-28 12:43:46,680 [main] INFO  server.AbstractConnector (AbstractConnector.java:doStart(333)) - Started ServerConnector@5e0bf895{HTTP/1.1, (http/1.1)}{0.0.0.0:15161}
2024-04-28 12:43:46,680 [main] INFO  server.Server (Server.java:doStart(415)) - Started @47803ms
2024-04-28 12:43:46,680 [main] WARN  impl.MetricsSystemImpl (MetricsSystemImpl.java:register(279)) - Sink prometheus already exists!
2024-04-28 12:43:46,680 [main] INFO  http.BaseHttpServer (BaseHttpServer.java:updateConnectorAddress(354)) - HTTP server of hddsDatanode listening at http://0.0.0.0:15161
2024-04-28 12:43:46,681 [main] INFO  ipc.CallQueueManager (CallQueueManager.java:<init>(90)) - Using callQueue: class java.util.concurrent.LinkedBlockingQueue, queueCapacity: 100, scheduler: class org.apache.hadoop.ipc.DefaultRpcScheduler, ipcBackoff: false.
2024-04-28 12:43:46,681 [main] INFO  ipc.Server (Server.java:<init>(1287)) - Listener at 0.0.0.0:15162
2024-04-28 12:43:46,681 [Socket Reader #1 for port 15162] INFO  ipc.Server (Server.java:run(1323)) - Starting Socket Reader #1 for port 15162
2024-04-28 12:43:46,683 [main] INFO  ozone.HddsDatanodeService (HddsDatanodeService.java:start(327)) - Datanode start with admins: [runner]
2024-04-28 12:43:46,683 [main] INFO  ozone.HddsDatanodeClientProtocolServer (HddsDatanodeClientProtocolServer.java:start(77)) - RPC server for Client /0.0.0.0:15162
2024-04-28 12:43:46,683 [IPC Server Responder] INFO  ipc.Server (Server.java:run(1562)) - IPC Server Responder: starting
2024-04-28 12:43:46,684 [IPC Server listener on 15162] INFO  ipc.Server (Server.java:run(1402)) - IPC Server listener on 15162: starting
2024-04-28 12:43:46,690 [0f39c21b-d5b1-40df-b9b4-e74314e680e2-DatanodeStateMachineDaemonThread] INFO  statemachine.DatanodeStateMachine (DatanodeStateMachine.java:lambda$startDaemon$1(555)) - Ozone container server started.
2024-04-28 12:43:46,690 [main] WARN  dropwizard3.Dm3MetricRegistriesImpl (Dm3MetricRegistriesImpl.java:addReporterRegistration(113)) - New reporters are added after registries were created. Some metrics will be missing from the reporter. Please add reporter before adding any new registry.
2024-04-28 12:43:46,690 [main] WARN  dropwizard3.Dm3MetricRegistriesImpl (Dm3MetricRegistriesImpl.java:addReporterRegistration(113)) - New reporters are added after registries were created. Some metrics will be missing from the reporter. Please add reporter before adding any new registry.
2024-04-28 12:43:46,690 [main] INFO  impl.MetricsSystemImpl (MetricsSystemImpl.java:init(158)) - HddsDatanode metrics system started (again)
2024-04-28 12:43:46,700 [0f39c21b-d5b1-40df-b9b4-e74314e680e2-DatanodeStateMachineTaskThread-0] INFO  datanode.InitDatanodeState (InitDatanodeState.java:persistContainerDatanodeDetails(139)) - DatanodeDetails is persisted to /home/runner/work/ozone/ozone/hadoop-ozone/integration-test/target/test-dir/MiniOzoneClusterImpl-fb989876-9371-464e-b996-ece4d3fe3ecb/ozone-meta/datanode-8/meta/datanode.id
2024-04-28 12:43:46,701 [main] INFO  ozone.HddsDatanodeService (HddsDatanodeService.java:start(240)) - HddsDatanodeService host:fv-az1392-52 ip:10.1.0.7
2024-04-28 12:43:46,718 [main] INFO  upgrade.AbstractLayoutVersionManager (AbstractLayoutVersionManager.java:init(83)) - Initializing Layout version manager with metadata layout = HADOOP_PRC_PORTS_IN_DATANODEDETAILS (version = 7), software layout = HADOOP_PRC_PORTS_IN_DATANODEDETAILS (version = 7)
2024-04-28 12:43:46,718 [main] INFO  statemachine.DatanodeStateMachine (DatanodeStateMachine.java:getEndPointTaskThreadPoolSize(299)) - Datanode State Machine Task Thread Pool size 2
2024-04-28 12:43:46,719 [main] INFO  volume.HddsVolume (HddsVolume.java:<init>(126)) - Creating HddsVolume: /home/runner/work/ozone/ozone/hadoop-ozone/integration-test/target/test-dir/MiniOzoneClusterImpl-fb989876-9371-464e-b996-ece4d3fe3ecb/ozone-meta/datanode-9/data-0/hdds of storage type : DISK capacity : 9223372036854775807
2024-04-28 12:43:46,719 [main] INFO  volume.MutableVolumeSet (MutableVolumeSet.java:initializeVolumeSet(173)) - Added Volume : /home/runner/work/ozone/ozone/hadoop-ozone/integration-test/target/test-dir/MiniOzoneClusterImpl-fb989876-9371-464e-b996-ece4d3fe3ecb/ozone-meta/datanode-9/data-0/hdds to VolumeSet
2024-04-28 12:43:46,720 [main] INFO  volume.MutableVolumeSet (MutableVolumeSet.java:initializeVolumeSet(173)) - Added Volume : /home/runner/work/ozone/ozone/hadoop-ozone/integration-test/target/test-dir/MiniOzoneClusterImpl-fb989876-9371-464e-b996-ece4d3fe3ecb/ozone-meta/datanode-9/ratis to VolumeSet
2024-04-28 12:43:46,720 [main] INFO  ozoneimpl.OzoneContainer (HddsVolumeUtil.java:loadAllHddsVolumeDbStore(103)) - Load 1 volumes DbStore cost: 0ms
2024-04-28 12:43:46,722 [main] INFO  server.RaftServer (ConfUtils.java:logGet(46)) - raft.rpc.type = GRPC (default)
2024-04-28 12:43:46,722 [main] INFO  grpc.GrpcConfigKeys (ConfUtils.java:logFallback(53)) - raft.grpc.admin.host = null (fallback to raft.grpc.server.host)
2024-04-28 12:43:46,723 [main] INFO  grpc.GrpcConfigKeys (ConfUtils.java:logGet(46)) - raft.grpc.admin.port = 15174 (custom)
2024-04-28 12:43:46,723 [main] INFO  grpc.GrpcConfigKeys (ConfUtils.java:logFallback(53)) - raft.grpc.client.host = null (fallback to raft.grpc.server.host)
2024-04-28 12:43:46,723 [main] INFO  grpc.GrpcConfigKeys (ConfUtils.java:logGet(46)) - raft.grpc.client.port = 15173 (custom)
2024-04-28 12:43:46,723 [main] INFO  grpc.GrpcConfigKeys (ConfUtils.java:logGet(46)) - raft.grpc.server.host = null (default)
2024-04-28 12:43:46,723 [main] INFO  grpc.GrpcConfigKeys (ConfUtils.java:logGet(46)) - raft.grpc.server.port = 15175 (custom)
2024-04-28 12:43:46,723 [main] INFO  server.GrpcService (ConfUtils.java:logGet(46)) - raft.grpc.message.size.max = 32MB (=33554432) (custom)
2024-04-28 12:43:46,723 [main] INFO  server.RaftServerConfigKeys (ConfUtils.java:logGet(46)) - raft.server.log.appender.buffer.byte-limit = 8388608 (custom)
2024-04-28 12:43:46,723 [main] INFO  server.GrpcService (ConfUtils.java:logGet(46)) - raft.grpc.flow.control.window = 5MB (=5242880) (custom)
2024-04-28 12:43:46,723 [main] INFO  server.RaftServerConfigKeys (ConfUtils.java:logGet(46)) - raft.server.rpc.request.timeout = 3000ms (default)
2024-04-28 12:43:46,723 [main] INFO  grpc.GrpcConfigKeys (ConfUtils.java:logGet(46)) - raft.grpc.server.heartbeat.channel = true (default)
2024-04-28 12:43:46,723 [main] INFO  grpc.GrpcConfigKeys (ConfUtils.java:logGet(46)) - raft.grpc.server.async.request.thread.pool.cached = true (default)
2024-04-28 12:43:46,724 [main] INFO  grpc.GrpcConfigKeys (ConfUtils.java:logGet(46)) - raft.grpc.server.async.request.thread.pool.size = 32 (default)
2024-04-28 12:43:46,725 [main] INFO  impl.DataStreamServerImpl (ConfUtils.java:logGet(46)) - raft.datastream.type = NETTY (custom)
2024-04-28 12:43:46,725 [main] INFO  server.RaftServerConfigKeys (ConfUtils.java:logGet(46)) - raft.server.data-stream.async.request.thread.pool.cached = false (default)
2024-04-28 12:43:46,725 [main] INFO  server.RaftServerConfigKeys (ConfUtils.java:logGet(46)) - raft.server.data-stream.async.request.thread.pool.size = 20 (custom)
2024-04-28 12:43:46,725 [main] INFO  server.RaftServerConfigKeys (ConfUtils.java:logGet(46)) - raft.server.data-stream.async.write.thread.pool.size = 16 (default)
2024-04-28 12:43:46,726 [main] INFO  netty.NettyConfigKeys$DataStream (ConfUtils.java:logGet(46)) - raft.netty.dataStream.server.channel.inactive.grace-period = 10min (default)
2024-04-28 12:43:46,726 [main] INFO  server.RaftServerConfigKeys (ConfUtils.java:logGet(46)) - raft.server.data-stream.client.pool.size = 10 (default)
2024-04-28 12:43:46,726 [main] INFO  netty.NettyConfigKeys$DataStream (ConfUtils.java:logGet(46)) - raft.netty.dataStream.server.use-epoll = true (default)
2024-04-28 12:43:46,726 [main] INFO  netty.NettyConfigKeys$DataStream (ConfUtils.java:logGet(46)) - raft.netty.dataStream.server.boss-group.size = 0 (default)
2024-04-28 12:43:46,726 [main] INFO  netty.NettyUtils (NettyUtils.java:newEventLoopGroup(69)) - Create EpollEventLoopGroup for bc7e9acf-0dfc-47a3-8dfb-4b83deb456d1-NettyServerStreamRpc-bossGroup; Thread size is 0.
2024-04-28 12:43:46,726 [main] INFO  netty.NettyConfigKeys$DataStream (ConfUtils.java:logGet(46)) - raft.netty.dataStream.server.worker-group.size = 0 (default)
2024-04-28 12:43:46,727 [main] INFO  netty.NettyUtils (NettyUtils.java:newEventLoopGroup(69)) - Create EpollEventLoopGroup for bc7e9acf-0dfc-47a3-8dfb-4b83deb456d1-NettyServerStreamRpc-workerGroup; Thread size is 0.
2024-04-28 12:43:46,727 [main] INFO  netty.NettyConfigKeys$DataStream (ConfUtils.java:logGet(46)) - raft.netty.dataStream.server.tls.conf = null (default)
2024-04-28 12:43:46,727 [main] INFO  netty.NettyConfigKeys$DataStream (ConfUtils.java:logGet(46)) - raft.netty.dataStream.host = null (default)
2024-04-28 12:43:46,727 [main] INFO  netty.NettyConfigKeys$DataStream (ConfUtils.java:logGet(46)) - raft.netty.dataStream.port = 15176 (custom)
2024-04-28 12:43:46,727 [main] INFO  server.RaftServerConfigKeys (ConfUtils.java:logGet(46)) - raft.server.sleep.deviation.threshold = 300ms (default)
2024-04-28 12:43:46,727 [main] INFO  server.RaftServerConfigKeys (ConfUtils.java:logGet(46)) - raft.server.close.threshold = 60s (default)
2024-04-28 12:43:46,728 [main] INFO  server.RaftServerConfigKeys (ConfUtils.java:logGet(46)) - raft.server.leaderelection.leader.step-down.wait-time = 10s (default)
2024-04-28 12:43:46,728 [main] INFO  server.RaftServerConfigKeys (ConfUtils.java:logGet(46)) - raft.server.storage.dir = [/home/runner/work/ozone/ozone/hadoop-ozone/integration-test/target/test-dir/MiniOzoneClusterImpl-fb989876-9371-464e-b996-ece4d3fe3ecb/ozone-meta/datanode-9/ratis] (custom)
2024-04-28 12:43:46,728 [main] INFO  server.RaftServerConfigKeys (ConfUtils.java:logGet(46)) - raft.server.threadpool.proxy.cached = true (default)
2024-04-28 12:43:46,728 [main] INFO  server.RaftServerConfigKeys (ConfUtils.java:logGet(46)) - raft.server.threadpool.proxy.size = 0 (default)
2024-04-28 12:43:46,728 [bc7e9acf-0dfc-47a3-8dfb-4b83deb456d1-NettyServerStreamRpc-bossGroup--thread1] INFO  logging.LoggingHandler (AbstractInternalLogger.java:log(148)) - [id: 0x09cee43a] REGISTERED
2024-04-28 12:43:46,728 [bc7e9acf-0dfc-47a3-8dfb-4b83deb456d1-NettyServerStreamRpc-bossGroup--thread1] INFO  logging.LoggingHandler (AbstractInternalLogger.java:log(148)) - [id: 0x09cee43a] BIND: 0.0.0.0/0.0.0.0:15176
2024-04-28 12:43:46,728 [bc7e9acf-0dfc-47a3-8dfb-4b83deb456d1-NettyServerStreamRpc-bossGroup--thread1] INFO  logging.LoggingHandler (AbstractInternalLogger.java:log(148)) - [id: 0x09cee43a, L:/0.0.0.0:15176] ACTIVE
2024-04-28 12:43:46,728 [bc7e9acf-0dfc-47a3-8dfb-4b83deb456d1-impl-thread1] INFO  server.RaftServer (RaftServerProxy.java:initGroupDir(264)) - bc7e9acf-0dfc-47a3-8dfb-4b83deb456d1: found a subdirectory /home/runner/work/ozone/ozone/hadoop-ozone/integration-test/target/test-dir/MiniOzoneClusterImpl-fb989876-9371-464e-b996-ece4d3fe3ecb/ozone-meta/datanode-9/ratis/tmp
2024-04-28 12:43:46,729 [bc7e9acf-0dfc-47a3-8dfb-4b83deb456d1-impl-thread1] INFO  server.RaftServer (RaftServerProxy.java:initGroupDir(269)) - bc7e9acf-0dfc-47a3-8dfb-4b83deb456d1: The directory /home/runner/work/ozone/ozone/hadoop-ozone/integration-test/target/test-dir/MiniOzoneClusterImpl-fb989876-9371-464e-b996-ece4d3fe3ecb/ozone-meta/datanode-9/ratis/tmp is not a group directory; ignoring it. 
2024-04-28 12:43:46,729 [main] INFO  replication.ReplicationServer (ReplicationServer.java:<init>(86)) - Initializing replication server with thread count = 10 queue length = 4096
2024-04-28 12:43:46,729 [main] INFO  server.XceiverServerGrpc (XceiverServerGrpc.java:<init>(141)) - GrpcServer channel type EpollServerSocketChannel
2024-04-28 12:43:46,731 [main] INFO  replication.ReplicationSupervisor (ReplicationSupervisor.java:build(157)) - Initializing replication supervisor with thread count = 10
2024-04-28 12:43:46,731 [main] INFO  replication.ReplicationSupervisor (ReplicationSupervisor.java:nodeStateUpdated(312)) - Node state updated to IN_SERVICE, scaling executor pool size to 10
2024-04-28 12:43:46,732 [main] INFO  http.BaseHttpServer (BaseHttpServer.java:newHttpServer2BuilderForOzone(223)) - Starting Web-server for hddsDatanode at: http://0.0.0.0:15170
2024-04-28 12:43:46,733 [main] INFO  http.BaseHttpServer (BaseHttpServer.java:<init>(110)) - Hadoop Security Enabled: false Ozone Security Enabled: false Ozone HTTP Security Enabled: false 
2024-04-28 12:43:46,733 [main] WARN  server.AuthenticationFilter (AuthenticationFilter.java:constructSecretProvider(240)) - Unable to initialize FileSignerSecretProvider, falling back to use random secrets. Reason: Could not read signature secret file: /home/runner/hadoop-http-auth-signature-secret
2024-04-28 12:43:46,734 [main] INFO  http.HttpRequestLog (HttpRequestLog.java:getRequestLog(86)) - Http request log for http.requests.hddsDatanode is not defined
2024-04-28 12:43:46,735 [main] INFO  http.HttpServer2 (HttpServer2.java:addGlobalFilter(1036)) - Added global filter 'safety' (class=org.apache.hadoop.hdds.server.http.HttpServer2$QuotingInputFilter)
2024-04-28 12:43:46,735 [main] INFO  http.HttpServer2 (HttpServer2.java:addFilter(1012)) - Added filter static_user_filter (class=org.apache.hadoop.http.lib.StaticUserWebFilter$StaticUserFilter) to context hddsDatanode
2024-04-28 12:43:46,735 [main] INFO  http.HttpServer2 (HttpServer2.java:addFilter(1020)) - Added filter static_user_filter (class=org.apache.hadoop.http.lib.StaticUserWebFilter$StaticUserFilter) to context logs
2024-04-28 12:43:46,736 [main] INFO  http.HttpServer2 (HttpServer2.java:addFilter(1020)) - Added filter static_user_filter (class=org.apache.hadoop.http.lib.StaticUserWebFilter$StaticUserFilter) to context static
2024-04-28 12:43:46,736 [main] INFO  http.BaseHttpServer (BaseHttpServer.java:<init>(189)) - HTTP server of hddsDatanode uses base directory /home/runner/work/ozone/ozone/hadoop-ozone/integration-test/target/test-dir/MiniOzoneClusterImpl-fb989876-9371-464e-b996-ece4d3fe3ecb/ozone-meta/datanode-9/meta/webserver
2024-04-28 12:43:46,736 [main] INFO  http.HttpServer2 (HttpServer2.java:bindListener(1236)) - Jetty bound to port 15170
2024-04-28 12:43:46,736 [main] INFO  server.Server (Server.java:doStart(375)) - jetty-9.4.54.v20240208; built: 2024-02-08T19:42:39.027Z; git: cef3fbd6d736a21e7d541a5db490381d95a2047d; jvm 17.0.10+7
2024-04-28 12:43:46,737 [main] INFO  server.session (DefaultSessionIdManager.java:doStart(334)) - DefaultSessionIdManager workerName=node0
2024-04-28 12:43:46,737 [main] INFO  server.session (DefaultSessionIdManager.java:doStart(339)) - No SessionScavenger set, using defaults
2024-04-28 12:43:46,737 [main] INFO  server.session (HouseKeeper.java:startScavenging(132)) - node0 Scavenging every 600000ms
2024-04-28 12:43:46,738 [main] INFO  handler.ContextHandler (ContextHandler.java:doStart(921)) - Started o.e.j.s.ServletContextHandler@7a21e1d4{logs,/logs,file:///home/runner/work/ozone/ozone/hadoop-ozone/integration-test/target/log,AVAILABLE}
2024-04-28 12:43:46,738 [main] INFO  handler.ContextHandler (ContextHandler.java:doStart(921)) - Started o.e.j.s.ServletContextHandler@6bfe7897{static,/static,file:///home/runner/work/ozone/ozone/hadoop-hdds/container-service/target/classes/webapps/static,AVAILABLE}
2024-04-28 12:43:46,741 [main] INFO  handler.ContextHandler (ContextHandler.java:doStart(921)) - Started o.e.j.w.WebAppContext@7a0daf3d{hddsDatanode,/,file:///home/runner/work/ozone/ozone/hadoop-hdds/container-service/target/classes/webapps/hddsDatanode/,AVAILABLE}{file:/home/runner/work/ozone/ozone/hadoop-hdds/container-service/target/classes/webapps/hddsDatanode}
2024-04-28 12:43:46,742 [main] INFO  server.AbstractConnector (AbstractConnector.java:doStart(333)) - Started ServerConnector@1a19d0be{HTTP/1.1, (http/1.1)}{0.0.0.0:15170}
2024-04-28 12:43:46,743 [main] INFO  server.Server (Server.java:doStart(415)) - Started @47866ms
2024-04-28 12:43:46,744 [main] WARN  impl.MetricsSystemImpl (MetricsSystemImpl.java:register(279)) - Sink prometheus already exists!
2024-04-28 12:43:46,745 [main] INFO  http.BaseHttpServer (BaseHttpServer.java:updateConnectorAddress(354)) - HTTP server of hddsDatanode listening at http://0.0.0.0:15170
2024-04-28 12:43:46,745 [main] INFO  ipc.CallQueueManager (CallQueueManager.java:<init>(90)) - Using callQueue: class java.util.concurrent.LinkedBlockingQueue, queueCapacity: 100, scheduler: class org.apache.hadoop.ipc.DefaultRpcScheduler, ipcBackoff: false.
2024-04-28 12:43:46,746 [main] INFO  ipc.Server (Server.java:<init>(1287)) - Listener at 0.0.0.0:15171
2024-04-28 12:43:46,746 [Socket Reader #1 for port 15171] INFO  ipc.Server (Server.java:run(1323)) - Starting Socket Reader #1 for port 15171
2024-04-28 12:43:46,747 [main] INFO  ozone.HddsDatanodeService (HddsDatanodeService.java:start(327)) - Datanode start with admins: [runner]
2024-04-28 12:43:46,747 [main] INFO  ozone.HddsDatanodeClientProtocolServer (HddsDatanodeClientProtocolServer.java:start(77)) - RPC server for Client /0.0.0.0:15171
2024-04-28 12:43:46,748 [IPC Server Responder] INFO  ipc.Server (Server.java:run(1562)) - IPC Server Responder: starting
2024-04-28 12:43:46,748 [IPC Server listener on 15171] INFO  ipc.Server (Server.java:run(1402)) - IPC Server listener on 15171: starting
2024-04-28 12:43:46,748 [bc7e9acf-0dfc-47a3-8dfb-4b83deb456d1-DatanodeStateMachineDaemonThread] INFO  statemachine.DatanodeStateMachine (DatanodeStateMachine.java:lambda$startDaemon$1(555)) - Ozone container server started.
2024-04-28 12:43:46,749 [main] INFO  ozone.MiniOzoneClusterImpl (MiniOzoneClusterImpl.java:lambda$waitForClusterToBeReady$0(194)) - Waiting for nodes to be ready. Got 0 of 9 DN Heartbeats.
2024-04-28 12:43:46,749 [main] INFO  ozone.MiniOzoneClusterImpl (MiniOzoneClusterImpl.java:lambda$waitForClusterToBeReady$0(197)) - Waiting for cluster to exit safe mode
2024-04-28 12:43:46,749 [main] INFO  ozone.MiniOzoneClusterImpl (MiniOzoneClusterImpl.java:lambda$waitForClusterToBeReady$0(199)) - SCM became leader
2024-04-28 12:43:46,750 [bc7e9acf-0dfc-47a3-8dfb-4b83deb456d1-DatanodeStateMachineTaskThread-0] INFO  datanode.InitDatanodeState (InitDatanodeState.java:persistContainerDatanodeDetails(139)) - DatanodeDetails is persisted to /home/runner/work/ozone/ozone/hadoop-ozone/integration-test/target/test-dir/MiniOzoneClusterImpl-fb989876-9371-464e-b996-ece4d3fe3ecb/ozone-meta/datanode-9/meta/datanode.id
2024-04-28 12:43:47,074 [timer5] WARN  server.GrpcLogAppender (LogUtils.java:warn(121)) - 6684b8a6-c925-4a8a-a849-d349d9b37e2d@group-0E0DB65F5E7B->98a12e80-b613-49bb-97cf-7d472d9b8b63-AppendLogResponseHandler: Failed appendEntries (Repeated 2 times in the last 5.000s): org.apache.ratis.thirdparty.io.grpc.StatusRuntimeException: CANCELLED: RST_STREAM closed stream. HTTP/2 error code: CANCEL
2024-04-28 12:43:47,075 [timer6] WARN  server.GrpcLogAppender (GrpcLogAppender.java:lambda$resetClient$1(217)) - 6684b8a6-c925-4a8a-a849-d349d9b37e2d@group-0E0DB65F5E7B->98a12e80-b613-49bb-97cf-7d472d9b8b63-GrpcLogAppender: Follower failed (request=null, errorCount=2); keep nextIndex (19) unchanged and retry. (Repeated 2 times in the last 5.001s)
2024-04-28 12:43:47,206 [om1@group-C5BA1605619E-FollowerState] INFO  impl.FollowerState (FollowerState.java:run(143)) - om1@group-C5BA1605619E-FollowerState: change to CANDIDATE, lastRpcElapsedTime:1165187681ns, electionTimeout:1164ms
2024-04-28 12:43:47,206 [om1@group-C5BA1605619E-FollowerState] INFO  impl.RoleInfo (RoleInfo.java:shutdownFollowerState(110)) - om1: shutdown om1@group-C5BA1605619E-FollowerState
2024-04-28 12:43:47,206 [om1@group-C5BA1605619E-FollowerState] INFO  server.RaftServer$Division (RaftServerImpl.java:setRole(383)) - om1@group-C5BA1605619E: changes role from  FOLLOWER to CANDIDATE at term 0 for changeToCandidate
2024-04-28 12:43:47,206 [om1@group-C5BA1605619E-FollowerState] INFO  server.RaftServerConfigKeys (ConfUtils.java:logGet(46)) - raft.server.leaderelection.pre-vote = true (default)
2024-04-28 12:43:47,206 [om1@group-C5BA1605619E-FollowerState] INFO  impl.RoleInfo (RoleInfo.java:updateAndGet(139)) - om1: start om1@group-C5BA1605619E-LeaderElection15
2024-04-28 12:43:47,206 [om1@group-C5BA1605619E-LeaderElection15] INFO  impl.LeaderElection (LeaderElection.java:askForVotes(321)) - om1@group-C5BA1605619E-LeaderElection15 PRE_VOTE round 0: submit vote requests at term 0 for -1: peers:[om1|localhost:15096]|listeners:[], old=null
2024-04-28 12:43:47,206 [om1@group-C5BA1605619E-LeaderElection15] INFO  impl.LeaderElection (LeaderElection.java:askForVotes(323)) - om1@group-C5BA1605619E-LeaderElection15 PRE_VOTE round 0: result PASSED (term=0)
2024-04-28 12:43:47,208 [om1@group-C5BA1605619E-LeaderElection15] INFO  impl.LeaderElection (LeaderElection.java:askForVotes(321)) - om1@group-C5BA1605619E-LeaderElection15 ELECTION round 0: submit vote requests at term 1 for -1: peers:[om1|localhost:15096]|listeners:[], old=null
2024-04-28 12:43:47,208 [om1@group-C5BA1605619E-LeaderElection15] INFO  impl.LeaderElection (LeaderElection.java:askForVotes(323)) - om1@group-C5BA1605619E-LeaderElection15 ELECTION round 0: result PASSED (term=1)
2024-04-28 12:43:47,208 [om1@group-C5BA1605619E-LeaderElection15] INFO  impl.RoleInfo (RoleInfo.java:shutdownLeaderElection(130)) - om1: shutdown om1@group-C5BA1605619E-LeaderElection15
2024-04-28 12:43:47,208 [om1@group-C5BA1605619E-LeaderElection15] INFO  server.RaftServer$Division (RaftServerImpl.java:setRole(383)) - om1@group-C5BA1605619E: changes role from CANDIDATE to LEADER at term 1 for changeToLeader
2024-04-28 12:43:47,208 [om1@group-C5BA1605619E-LeaderElection15] INFO  server.RaftServerConfigKeys (ConfUtils.java:logGet(46)) - raft.server.staging.catchup.gap = 1000 (default)
2024-04-28 12:43:47,208 [om1@group-C5BA1605619E-LeaderElection15] INFO  server.RaftServerConfigKeys (ConfUtils.java:logGet(46)) - raft.server.write.element-limit = 4096 (default)
2024-04-28 12:43:47,208 [om1@group-C5BA1605619E-LeaderElection15] INFO  server.RaftServerConfigKeys (ConfUtils.java:logGet(46)) - raft.server.write.byte-limit = 64MB (=67108864) (default)
2024-04-28 12:43:47,208 [om1@group-C5BA1605619E-LeaderElection15] INFO  server.RaftServerConfigKeys (ConfUtils.java:logGet(46)) - raft.server.watch.timeout = 10s (default)
2024-04-28 12:43:47,208 [om1@group-C5BA1605619E-LeaderElection15] INFO  server.RaftServerConfigKeys (ConfUtils.java:logGet(46)) - raft.server.watch.timeout.denomination = 1s (default)
2024-04-28 12:43:47,209 [om1@group-C5BA1605619E-LeaderElection15] INFO  server.RaftServerConfigKeys (ConfUtils.java:logGet(46)) - raft.server.watch.element-limit = 65536 (default)
2024-04-28 12:43:47,209 [om1@group-C5BA1605619E-LeaderElection15] INFO  server.RaftServerConfigKeys (ConfUtils.java:logGet(46)) - raft.server.read.leader.lease.enabled = false (default)
2024-04-28 12:43:47,209 [om1@group-C5BA1605619E-LeaderElection15] INFO  server.RaftServerConfigKeys (ConfUtils.java:logGet(46)) - raft.server.read.leader.lease.timeout.ratio = 0.9 (default)
2024-04-28 12:43:47,209 [om1@group-C5BA1605619E-LeaderElection15] INFO  server.RaftServerConfigKeys (ConfUtils.java:logGet(46)) - raft.server.rpc.timeout.min = 1s (custom)
2024-04-28 12:43:47,209 [om1@group-C5BA1605619E-LeaderElection15] INFO  server.RaftServerConfigKeys (ConfUtils.java:logGet(46)) - raft.server.write.element-limit = 4096 (default)
2024-04-28 12:43:47,209 [om1@group-C5BA1605619E-LeaderElection15] INFO  server.RaftServerConfigKeys (ConfUtils.java:logGet(46)) - raft.server.write.follower.gap.ratio.max = -1.0 (default)
2024-04-28 12:43:47,209 [om1@group-C5BA1605619E-LeaderElection15] INFO  impl.RoleInfo (RoleInfo.java:updateAndGet(139)) - om1: start om1@group-C5BA1605619E-LeaderStateImpl
2024-04-28 12:43:47,209 [om1@group-C5BA1605619E-LeaderElection15] INFO  server.RaftServer$Division (RaftServerImpl.java:setFirstElection(574)) - om1@group-C5BA1605619E: set firstElectionSinceStartup to false for becomeLeader
2024-04-28 12:43:47,209 [om1@group-C5BA1605619E-LeaderElection15] INFO  server.RaftServer$Division (ServerState.java:setLeader(269)) - om1@group-C5BA1605619E: change Leader from null to om1 at term 1 for becomeLeader, leader elected after 1553ms
2024-04-28 12:43:47,209 [om1@group-C5BA1605619E-LeaderElection15] INFO  segmented.SegmentedRaftLogWorker (SegmentedRaftLogWorker.java:startLogSegment(430)) - om1@group-C5BA1605619E-SegmentedRaftLogWorker: Starting segment from index:0
2024-04-28 12:43:47,210 [om1@group-C5BA1605619E-LeaderElection15] INFO  server.RaftServer$Division (ServerState.java:setRaftConf(386)) - om1@group-C5BA1605619E: set configuration 0: peers:[om1|localhost:15096]|listeners:[], old=null
2024-04-28 12:43:47,210 [om1@group-C5BA1605619E-SegmentedRaftLogWorker] INFO  segmented.BufferedWriteChannel (BufferedWriteChannel.java:open(62)) - open log_inprogress_0 at position 0
2024-04-28 12:43:47,216 [om1@group-C5BA1605619E-SegmentedRaftLogWorker] INFO  segmented.SegmentedRaftLogWorker (SegmentedRaftLogWorker.java:execute(634)) - om1@group-C5BA1605619E-SegmentedRaftLogWorker: created new log segment /home/runner/work/ozone/ozone/hadoop-ozone/integration-test/target/test-dir/MiniOzoneClusterImpl-fb989876-9371-464e-b996-ece4d3fe3ecb/ozone-meta/ratis/bf265839-605b-3f16-9796-c5ba1605619e/current/log_inprogress_0
2024-04-28 12:43:47,218 [om1@group-C5BA1605619E-StateMachineUpdater] INFO  ratis.OzoneManagerStateMachine (OzoneManagerStateMachine.java:notifyConfigurationChanged(212)) - Received Configuration change notification from Ratis. New Peer list:
[id: "om1"
address: "localhost:15096"
startupRole: FOLLOWER
]
2024-04-28 12:43:47,218 [om1@group-C5BA1605619E-StateMachineUpdater] INFO  server.RaftServer$Division (LeaderStateImpl.java:isApplied(320)) - leader is ready since appliedIndex == 0 >= startIndex == 0
2024-04-28 12:43:47,749 [main] INFO  ozone.MiniOzoneClusterImpl (MiniOzoneClusterImpl.java:lambda$waitForClusterToBeReady$0(194)) - Waiting for nodes to be ready. Got 0 of 9 DN Heartbeats.
2024-04-28 12:43:47,749 [main] INFO  ozone.MiniOzoneClusterImpl (MiniOzoneClusterImpl.java:lambda$waitForClusterToBeReady$0(197)) - Waiting for cluster to exit safe mode
2024-04-28 12:43:47,749 [main] INFO  ozone.MiniOzoneClusterImpl (MiniOzoneClusterImpl.java:lambda$waitForClusterToBeReady$0(199)) - SCM became leader
2024-04-28 12:43:48,184 [53f12868-9e08-461f-b1df-8616d22e03b0-EndpointStateMachineTaskThread-/0.0.0.0:15091-0 ] INFO  utils.DatanodeStoreCache (DatanodeStoreCache.java:addDB(72)) - Added db /home/runner/work/ozone/ozone/hadoop-ozone/integration-test/target/test-dir/MiniOzoneClusterImpl-fb989876-9371-464e-b996-ece4d3fe3ecb/ozone-meta/datanode-1/data-0/hdds/fb989876-9371-464e-b996-ece4d3fe3ecb/DS-4e9f5c95-69f1-4061-a030-37237a4e7032/container.db to cache
2024-04-28 12:43:48,184 [53f12868-9e08-461f-b1df-8616d22e03b0-EndpointStateMachineTaskThread-/0.0.0.0:15091-0 ] INFO  volume.HddsVolume (HddsVolume.java:createDbStore(437)) - SchemaV3 db is created and loaded at /home/runner/work/ozone/ozone/hadoop-ozone/integration-test/target/test-dir/MiniOzoneClusterImpl-fb989876-9371-464e-b996-ece4d3fe3ecb/ozone-meta/datanode-1/data-0/hdds/fb989876-9371-464e-b996-ece4d3fe3ecb/DS-4e9f5c95-69f1-4061-a030-37237a4e7032/container.db for volume DS-4e9f5c95-69f1-4061-a030-37237a4e7032
2024-04-28 12:43:48,185 [53f12868-9e08-461f-b1df-8616d22e03b0-ContainerReader-0] INFO  ozoneimpl.ContainerReader (ContainerReader.java:readVolume(148)) - Start to verify containers on volume /home/runner/work/ozone/ozone/hadoop-ozone/integration-test/target/test-dir/MiniOzoneClusterImpl-fb989876-9371-464e-b996-ece4d3fe3ecb/ozone-meta/datanode-1/data-0/hdds
2024-04-28 12:43:48,185 [53f12868-9e08-461f-b1df-8616d22e03b0-ContainerReader-0] INFO  ozoneimpl.ContainerReader (ContainerReader.java:readVolume(178)) - Finish verifying containers on volume /home/runner/work/ozone/ozone/hadoop-ozone/integration-test/target/test-dir/MiniOzoneClusterImpl-fb989876-9371-464e-b996-ece4d3fe3ecb/ozone-meta/datanode-1/data-0/hdds
2024-04-28 12:43:48,185 [53f12868-9e08-461f-b1df-8616d22e03b0-EndpointStateMachineTaskThread-/0.0.0.0:15091-0 ] INFO  ozoneimpl.OzoneContainer (OzoneContainer.java:buildContainerSet(328)) - Build ContainerSet costs 0s
2024-04-28 12:43:48,186 [53f12868-9e08-461f-b1df-8616d22e03b0-EndpointStateMachineTaskThread-/0.0.0.0:15091-0 ] INFO  volume.ThrottledAsyncChecker (ThrottledAsyncChecker.java:schedule(141)) - Scheduling a check for /home/runner/work/ozone/ozone/hadoop-ozone/integration-test/target/test-dir/MiniOzoneClusterImpl-fb989876-9371-464e-b996-ece4d3fe3ecb/ozone-meta/datanode-1/data-0/hdds
2024-04-28 12:43:48,186 [53f12868-9e08-461f-b1df-8616d22e03b0-EndpointStateMachineTaskThread-/0.0.0.0:15091-0 ] INFO  volume.StorageVolumeChecker (StorageVolumeChecker.java:checkAllVolumes(218)) - Scheduled health check for volume /home/runner/work/ozone/ozone/hadoop-ozone/integration-test/target/test-dir/MiniOzoneClusterImpl-fb989876-9371-464e-b996-ece4d3fe3ecb/ozone-meta/datanode-1/data-0/hdds
2024-04-28 12:43:48,187 [53f12868-9e08-461f-b1df-8616d22e03b0-EndpointStateMachineTaskThread-/0.0.0.0:15091-0 ] INFO  volume.ThrottledAsyncChecker (ThrottledAsyncChecker.java:schedule(141)) - Scheduling a check for /home/runner/work/ozone/ozone/hadoop-ozone/integration-test/target/test-dir/MiniOzoneClusterImpl-fb989876-9371-464e-b996-ece4d3fe3ecb/ozone-meta/datanode-1/ratis
2024-04-28 12:43:48,187 [53f12868-9e08-461f-b1df-8616d22e03b0-EndpointStateMachineTaskThread-/0.0.0.0:15091-0 ] INFO  volume.StorageVolumeChecker (StorageVolumeChecker.java:checkAllVolumes(218)) - Scheduled health check for volume /home/runner/work/ozone/ozone/hadoop-ozone/integration-test/target/test-dir/MiniOzoneClusterImpl-fb989876-9371-464e-b996-ece4d3fe3ecb/ozone-meta/datanode-1/ratis
2024-04-28 12:43:48,187 [53f12868-9e08-461f-b1df-8616d22e03b0-EndpointStateMachineTaskThread-/0.0.0.0:15091-0 ] INFO  ozoneimpl.OzoneContainer (OzoneContainer.java:start(459)) - Attempting to start container services.
2024-04-28 12:43:48,188 [ContainerMetadataScanner] INFO  ozoneimpl.AbstractBackgroundContainerScanner (AbstractBackgroundContainerScanner.java:runIteration(87)) - Completed an iteration in 0 minutes. Number of iterations (since the data-node restart) : 1, Number of containers scanned in this iteration : 0, Number of unhealthy containers found in this iteration : 0
2024-04-28 12:43:48,188 [ContainerDataScanner(/home/runner/work/ozone/ozone/hadoop-ozone/integration-test/target/test-dir/MiniOzoneClusterImpl-fb989876-9371-464e-b996-ece4d3fe3ecb/ozone-meta/datanode-1/data-0/hdds)] INFO  ozoneimpl.AbstractBackgroundContainerScanner (AbstractBackgroundContainerScanner.java:runIteration(87)) - Completed an iteration in 0 minutes. Number of iterations (since the data-node restart) : 1, Number of containers scanned in this iteration : 0, Number of unhealthy containers found in this iteration : 0
2024-04-28 12:43:48,188 [53f12868-9e08-461f-b1df-8616d22e03b0-EndpointStateMachineTaskThread-/0.0.0.0:15091-0 ] INFO  replication.ReplicationServer (ReplicationServer.java:start(142)) - ReplicationServer is started using port 15105
2024-04-28 12:43:48,188 [53f12868-9e08-461f-b1df-8616d22e03b0-EndpointStateMachineTaskThread-/0.0.0.0:15091-0 ] INFO  ratis.XceiverServerRatis (XceiverServerRatis.java:start(566)) - Starting XceiverServerRatis 53f12868-9e08-461f-b1df-8616d22e03b0
2024-04-28 12:43:48,189 [53f12868-9e08-461f-b1df-8616d22e03b0-EndpointStateMachineTaskThread-/0.0.0.0:15091-0 ] INFO  server.RaftServer (RaftServerProxy.java:startImpl(406)) - 53f12868-9e08-461f-b1df-8616d22e03b0: start RPC server
2024-04-28 12:43:48,189 [53f12868-9e08-461f-b1df-8616d22e03b0-EndpointStateMachineTaskThread-/0.0.0.0:15091-0 ] INFO  server.GrpcService (GrpcService.java:startImpl(302)) - 53f12868-9e08-461f-b1df-8616d22e03b0: GrpcService started, listening on 15101
2024-04-28 12:43:48,190 [53f12868-9e08-461f-b1df-8616d22e03b0-EndpointStateMachineTaskThread-/0.0.0.0:15091-0 ] INFO  server.GrpcService (GrpcService.java:startImpl(302)) - 53f12868-9e08-461f-b1df-8616d22e03b0: GrpcService started, listening on 15103
2024-04-28 12:43:48,190 [53f12868-9e08-461f-b1df-8616d22e03b0-EndpointStateMachineTaskThread-/0.0.0.0:15091-0 ] INFO  server.GrpcService (GrpcService.java:startImpl(302)) - 53f12868-9e08-461f-b1df-8616d22e03b0: GrpcService started, listening on 15102
2024-04-28 12:43:48,190 [53f12868-9e08-461f-b1df-8616d22e03b0-EndpointStateMachineTaskThread-/0.0.0.0:15091-0 ] INFO  ratis.XceiverServerRatis (XceiverServerRatis.java:getRealPort(592)) - XceiverServerRatis 53f12868-9e08-461f-b1df-8616d22e03b0 is started using port 15101 for RATIS
2024-04-28 12:43:48,190 [JvmPauseMonitor13] INFO  util.JvmPauseMonitor (JvmPauseMonitor.java:run(146)) - JvmPauseMonitor-53f12868-9e08-461f-b1df-8616d22e03b0: Started
2024-04-28 12:43:48,190 [53f12868-9e08-461f-b1df-8616d22e03b0-EndpointStateMachineTaskThread-/0.0.0.0:15091-0 ] INFO  ratis.XceiverServerRatis (XceiverServerRatis.java:getRealPort(592)) - XceiverServerRatis 53f12868-9e08-461f-b1df-8616d22e03b0 is started using port 15102 for RATIS_ADMIN
2024-04-28 12:43:48,190 [53f12868-9e08-461f-b1df-8616d22e03b0-EndpointStateMachineTaskThread-/0.0.0.0:15091-0 ] INFO  ratis.XceiverServerRatis (XceiverServerRatis.java:getRealPort(592)) - XceiverServerRatis 53f12868-9e08-461f-b1df-8616d22e03b0 is started using port 15103 for RATIS_SERVER
2024-04-28 12:43:48,190 [53f12868-9e08-461f-b1df-8616d22e03b0-EndpointStateMachineTaskThread-/0.0.0.0:15091-0 ] INFO  ratis.XceiverServerRatis (XceiverServerRatis.java:getRealPort(592)) - XceiverServerRatis 53f12868-9e08-461f-b1df-8616d22e03b0 is started using port 15104 for RATIS_DATASTREAM
2024-04-28 12:43:48,191 [53f12868-9e08-461f-b1df-8616d22e03b0-BlockDeletingService#0] INFO  interfaces.ContainerDeletionChoosingPolicyTemplate (ContainerDeletionChoosingPolicyTemplate.java:chooseContainerForBlockDeletion(85)) - Chosen 0/5000 blocks from 0 candidate containers.
2024-04-28 12:43:48,252 [e9c86f68-3649-4446-905a-585a397e3574-EndpointStateMachineTaskThread-/0.0.0.0:15091-0 ] INFO  utils.DatanodeStoreCache (DatanodeStoreCache.java:addDB(72)) - Added db /home/runner/work/ozone/ozone/hadoop-ozone/integration-test/target/test-dir/MiniOzoneClusterImpl-fb989876-9371-464e-b996-ece4d3fe3ecb/ozone-meta/datanode-2/data-0/hdds/fb989876-9371-464e-b996-ece4d3fe3ecb/DS-225ccfa7-c61f-4636-81dd-e0d4a7d6966f/container.db to cache
2024-04-28 12:43:48,252 [e9c86f68-3649-4446-905a-585a397e3574-EndpointStateMachineTaskThread-/0.0.0.0:15091-0 ] INFO  volume.HddsVolume (HddsVolume.java:createDbStore(437)) - SchemaV3 db is created and loaded at /home/runner/work/ozone/ozone/hadoop-ozone/integration-test/target/test-dir/MiniOzoneClusterImpl-fb989876-9371-464e-b996-ece4d3fe3ecb/ozone-meta/datanode-2/data-0/hdds/fb989876-9371-464e-b996-ece4d3fe3ecb/DS-225ccfa7-c61f-4636-81dd-e0d4a7d6966f/container.db for volume DS-225ccfa7-c61f-4636-81dd-e0d4a7d6966f
2024-04-28 12:43:48,253 [e9c86f68-3649-4446-905a-585a397e3574-ContainerReader-0] INFO  ozoneimpl.ContainerReader (ContainerReader.java:readVolume(148)) - Start to verify containers on volume /home/runner/work/ozone/ozone/hadoop-ozone/integration-test/target/test-dir/MiniOzoneClusterImpl-fb989876-9371-464e-b996-ece4d3fe3ecb/ozone-meta/datanode-2/data-0/hdds
2024-04-28 12:43:48,253 [e9c86f68-3649-4446-905a-585a397e3574-ContainerReader-0] INFO  ozoneimpl.ContainerReader (ContainerReader.java:readVolume(178)) - Finish verifying containers on volume /home/runner/work/ozone/ozone/hadoop-ozone/integration-test/target/test-dir/MiniOzoneClusterImpl-fb989876-9371-464e-b996-ece4d3fe3ecb/ozone-meta/datanode-2/data-0/hdds
2024-04-28 12:43:48,254 [e9c86f68-3649-4446-905a-585a397e3574-EndpointStateMachineTaskThread-/0.0.0.0:15091-0 ] INFO  ozoneimpl.OzoneContainer (OzoneContainer.java:buildContainerSet(328)) - Build ContainerSet costs 0s
2024-04-28 12:43:48,254 [e9c86f68-3649-4446-905a-585a397e3574-EndpointStateMachineTaskThread-/0.0.0.0:15091-0 ] INFO  volume.ThrottledAsyncChecker (ThrottledAsyncChecker.java:schedule(141)) - Scheduling a check for /home/runner/work/ozone/ozone/hadoop-ozone/integration-test/target/test-dir/MiniOzoneClusterImpl-fb989876-9371-464e-b996-ece4d3fe3ecb/ozone-meta/datanode-2/data-0/hdds
2024-04-28 12:43:48,254 [e9c86f68-3649-4446-905a-585a397e3574-EndpointStateMachineTaskThread-/0.0.0.0:15091-0 ] INFO  volume.StorageVolumeChecker (StorageVolumeChecker.java:checkAllVolumes(218)) - Scheduled health check for volume /home/runner/work/ozone/ozone/hadoop-ozone/integration-test/target/test-dir/MiniOzoneClusterImpl-fb989876-9371-464e-b996-ece4d3fe3ecb/ozone-meta/datanode-2/data-0/hdds
2024-04-28 12:43:48,255 [e9c86f68-3649-4446-905a-585a397e3574-EndpointStateMachineTaskThread-/0.0.0.0:15091-0 ] INFO  volume.ThrottledAsyncChecker (ThrottledAsyncChecker.java:schedule(141)) - Scheduling a check for /home/runner/work/ozone/ozone/hadoop-ozone/integration-test/target/test-dir/MiniOzoneClusterImpl-fb989876-9371-464e-b996-ece4d3fe3ecb/ozone-meta/datanode-2/ratis
2024-04-28 12:43:48,255 [e9c86f68-3649-4446-905a-585a397e3574-EndpointStateMachineTaskThread-/0.0.0.0:15091-0 ] INFO  volume.StorageVolumeChecker (StorageVolumeChecker.java:checkAllVolumes(218)) - Scheduled health check for volume /home/runner/work/ozone/ozone/hadoop-ozone/integration-test/target/test-dir/MiniOzoneClusterImpl-fb989876-9371-464e-b996-ece4d3fe3ecb/ozone-meta/datanode-2/ratis
2024-04-28 12:43:48,256 [e9c86f68-3649-4446-905a-585a397e3574-EndpointStateMachineTaskThread-/0.0.0.0:15091-0 ] INFO  ozoneimpl.OzoneContainer (OzoneContainer.java:start(459)) - Attempting to start container services.
2024-04-28 12:43:48,256 [e9c86f68-3649-4446-905a-585a397e3574-EndpointStateMachineTaskThread-/0.0.0.0:15091-0 ] WARN  ozoneimpl.OnDemandContainerDataScanner (OnDemandContainerDataScanner.java:init(75)) - Trying to initialize on demand scanner a second time on a datanode.
2024-04-28 12:43:48,256 [ContainerMetadataScanner] INFO  ozoneimpl.AbstractBackgroundContainerScanner (AbstractBackgroundContainerScanner.java:runIteration(87)) - Completed an iteration in 0 minutes. Number of iterations (since the data-node restart) : 1, Number of containers scanned in this iteration : 0, Number of unhealthy containers found in this iteration : 0
2024-04-28 12:43:48,257 [e9c86f68-3649-4446-905a-585a397e3574-EndpointStateMachineTaskThread-/0.0.0.0:15091-0 ] INFO  replication.ReplicationServer (ReplicationServer.java:start(142)) - ReplicationServer is started using port 15114
2024-04-28 12:43:48,257 [ContainerDataScanner(/home/runner/work/ozone/ozone/hadoop-ozone/integration-test/target/test-dir/MiniOzoneClusterImpl-fb989876-9371-464e-b996-ece4d3fe3ecb/ozone-meta/datanode-2/data-0/hdds)] INFO  ozoneimpl.AbstractBackgroundContainerScanner (AbstractBackgroundContainerScanner.java:runIteration(87)) - Completed an iteration in 0 minutes. Number of iterations (since the data-node restart) : 1, Number of containers scanned in this iteration : 0, Number of unhealthy containers found in this iteration : 0
2024-04-28 12:43:48,257 [e9c86f68-3649-4446-905a-585a397e3574-EndpointStateMachineTaskThread-/0.0.0.0:15091-0 ] INFO  ratis.XceiverServerRatis (XceiverServerRatis.java:start(566)) - Starting XceiverServerRatis e9c86f68-3649-4446-905a-585a397e3574
2024-04-28 12:43:48,257 [e9c86f68-3649-4446-905a-585a397e3574-EndpointStateMachineTaskThread-/0.0.0.0:15091-0 ] INFO  server.RaftServer (RaftServerProxy.java:startImpl(406)) - e9c86f68-3649-4446-905a-585a397e3574: start RPC server
2024-04-28 12:43:48,258 [e9c86f68-3649-4446-905a-585a397e3574-EndpointStateMachineTaskThread-/0.0.0.0:15091-0 ] INFO  server.GrpcService (GrpcService.java:startImpl(302)) - e9c86f68-3649-4446-905a-585a397e3574: GrpcService started, listening on 15110
2024-04-28 12:43:48,258 [e9c86f68-3649-4446-905a-585a397e3574-EndpointStateMachineTaskThread-/0.0.0.0:15091-0 ] INFO  server.GrpcService (GrpcService.java:startImpl(302)) - e9c86f68-3649-4446-905a-585a397e3574: GrpcService started, listening on 15112
2024-04-28 12:43:48,258 [e9c86f68-3649-4446-905a-585a397e3574-EndpointStateMachineTaskThread-/0.0.0.0:15091-0 ] INFO  server.GrpcService (GrpcService.java:startImpl(302)) - e9c86f68-3649-4446-905a-585a397e3574: GrpcService started, listening on 15111
2024-04-28 12:43:48,258 [e9c86f68-3649-4446-905a-585a397e3574-EndpointStateMachineTaskThread-/0.0.0.0:15091-0 ] INFO  ratis.XceiverServerRatis (XceiverServerRatis.java:getRealPort(592)) - XceiverServerRatis e9c86f68-3649-4446-905a-585a397e3574 is started using port 15110 for RATIS
2024-04-28 12:43:48,259 [e9c86f68-3649-4446-905a-585a397e3574-EndpointStateMachineTaskThread-/0.0.0.0:15091-0 ] INFO  ratis.XceiverServerRatis (XceiverServerRatis.java:getRealPort(592)) - XceiverServerRatis e9c86f68-3649-4446-905a-585a397e3574 is started using port 15111 for RATIS_ADMIN
2024-04-28 12:43:48,259 [e9c86f68-3649-4446-905a-585a397e3574-EndpointStateMachineTaskThread-/0.0.0.0:15091-0 ] INFO  ratis.XceiverServerRatis (XceiverServerRatis.java:getRealPort(592)) - XceiverServerRatis e9c86f68-3649-4446-905a-585a397e3574 is started using port 15112 for RATIS_SERVER
2024-04-28 12:43:48,259 [e9c86f68-3649-4446-905a-585a397e3574-EndpointStateMachineTaskThread-/0.0.0.0:15091-0 ] INFO  ratis.XceiverServerRatis (XceiverServerRatis.java:getRealPort(592)) - XceiverServerRatis e9c86f68-3649-4446-905a-585a397e3574 is started using port 15113 for RATIS_DATASTREAM
2024-04-28 12:43:48,258 [JvmPauseMonitor14] INFO  util.JvmPauseMonitor (JvmPauseMonitor.java:run(146)) - JvmPauseMonitor-e9c86f68-3649-4446-905a-585a397e3574: Started
2024-04-28 12:43:48,259 [e9c86f68-3649-4446-905a-585a397e3574-BlockDeletingService#0] INFO  interfaces.ContainerDeletionChoosingPolicyTemplate (ContainerDeletionChoosingPolicyTemplate.java:chooseContainerForBlockDeletion(85)) - Chosen 0/5000 blocks from 0 candidate containers.
2024-04-28 12:43:48,309 [013b6299-c97b-4afe-8aa4-203fc50eadfd-EndpointStateMachineTaskThread-/0.0.0.0:15091-0 ] INFO  utils.DatanodeStoreCache (DatanodeStoreCache.java:addDB(72)) - Added db /home/runner/work/ozone/ozone/hadoop-ozone/integration-test/target/test-dir/MiniOzoneClusterImpl-fb989876-9371-464e-b996-ece4d3fe3ecb/ozone-meta/datanode-3/data-0/hdds/fb989876-9371-464e-b996-ece4d3fe3ecb/DS-c0d99979-ab6b-412f-b839-f6d8d50a27a8/container.db to cache
2024-04-28 12:43:48,309 [013b6299-c97b-4afe-8aa4-203fc50eadfd-EndpointStateMachineTaskThread-/0.0.0.0:15091-0 ] INFO  volume.HddsVolume (HddsVolume.java:createDbStore(437)) - SchemaV3 db is created and loaded at /home/runner/work/ozone/ozone/hadoop-ozone/integration-test/target/test-dir/MiniOzoneClusterImpl-fb989876-9371-464e-b996-ece4d3fe3ecb/ozone-meta/datanode-3/data-0/hdds/fb989876-9371-464e-b996-ece4d3fe3ecb/DS-c0d99979-ab6b-412f-b839-f6d8d50a27a8/container.db for volume DS-c0d99979-ab6b-412f-b839-f6d8d50a27a8
2024-04-28 12:43:48,310 [013b6299-c97b-4afe-8aa4-203fc50eadfd-ContainerReader-0] INFO  ozoneimpl.ContainerReader (ContainerReader.java:readVolume(148)) - Start to verify containers on volume /home/runner/work/ozone/ozone/hadoop-ozone/integration-test/target/test-dir/MiniOzoneClusterImpl-fb989876-9371-464e-b996-ece4d3fe3ecb/ozone-meta/datanode-3/data-0/hdds
2024-04-28 12:43:48,310 [013b6299-c97b-4afe-8aa4-203fc50eadfd-ContainerReader-0] INFO  ozoneimpl.ContainerReader (ContainerReader.java:readVolume(178)) - Finish verifying containers on volume /home/runner/work/ozone/ozone/hadoop-ozone/integration-test/target/test-dir/MiniOzoneClusterImpl-fb989876-9371-464e-b996-ece4d3fe3ecb/ozone-meta/datanode-3/data-0/hdds
2024-04-28 12:43:48,311 [013b6299-c97b-4afe-8aa4-203fc50eadfd-EndpointStateMachineTaskThread-/0.0.0.0:15091-0 ] INFO  ozoneimpl.OzoneContainer (OzoneContainer.java:buildContainerSet(328)) - Build ContainerSet costs 0s
2024-04-28 12:43:48,311 [013b6299-c97b-4afe-8aa4-203fc50eadfd-EndpointStateMachineTaskThread-/0.0.0.0:15091-0 ] INFO  volume.ThrottledAsyncChecker (ThrottledAsyncChecker.java:schedule(141)) - Scheduling a check for /home/runner/work/ozone/ozone/hadoop-ozone/integration-test/target/test-dir/MiniOzoneClusterImpl-fb989876-9371-464e-b996-ece4d3fe3ecb/ozone-meta/datanode-3/data-0/hdds
2024-04-28 12:43:48,311 [013b6299-c97b-4afe-8aa4-203fc50eadfd-EndpointStateMachineTaskThread-/0.0.0.0:15091-0 ] INFO  volume.StorageVolumeChecker (StorageVolumeChecker.java:checkAllVolumes(218)) - Scheduled health check for volume /home/runner/work/ozone/ozone/hadoop-ozone/integration-test/target/test-dir/MiniOzoneClusterImpl-fb989876-9371-464e-b996-ece4d3fe3ecb/ozone-meta/datanode-3/data-0/hdds
2024-04-28 12:43:48,312 [013b6299-c97b-4afe-8aa4-203fc50eadfd-EndpointStateMachineTaskThread-/0.0.0.0:15091-0 ] INFO  volume.ThrottledAsyncChecker (ThrottledAsyncChecker.java:schedule(141)) - Scheduling a check for /home/runner/work/ozone/ozone/hadoop-ozone/integration-test/target/test-dir/MiniOzoneClusterImpl-fb989876-9371-464e-b996-ece4d3fe3ecb/ozone-meta/datanode-3/ratis
2024-04-28 12:43:48,312 [013b6299-c97b-4afe-8aa4-203fc50eadfd-EndpointStateMachineTaskThread-/0.0.0.0:15091-0 ] INFO  volume.StorageVolumeChecker (StorageVolumeChecker.java:checkAllVolumes(218)) - Scheduled health check for volume /home/runner/work/ozone/ozone/hadoop-ozone/integration-test/target/test-dir/MiniOzoneClusterImpl-fb989876-9371-464e-b996-ece4d3fe3ecb/ozone-meta/datanode-3/ratis
2024-04-28 12:43:48,312 [013b6299-c97b-4afe-8aa4-203fc50eadfd-EndpointStateMachineTaskThread-/0.0.0.0:15091-0 ] INFO  ozoneimpl.OzoneContainer (OzoneContainer.java:start(459)) - Attempting to start container services.
2024-04-28 12:43:48,313 [013b6299-c97b-4afe-8aa4-203fc50eadfd-EndpointStateMachineTaskThread-/0.0.0.0:15091-0 ] WARN  ozoneimpl.OnDemandContainerDataScanner (OnDemandContainerDataScanner.java:init(75)) - Trying to initialize on demand scanner a second time on a datanode.
2024-04-28 12:43:48,313 [ContainerMetadataScanner] INFO  ozoneimpl.AbstractBackgroundContainerScanner (AbstractBackgroundContainerScanner.java:runIteration(87)) - Completed an iteration in 0 minutes. Number of iterations (since the data-node restart) : 1, Number of containers scanned in this iteration : 0, Number of unhealthy containers found in this iteration : 0
2024-04-28 12:43:48,313 [ContainerDataScanner(/home/runner/work/ozone/ozone/hadoop-ozone/integration-test/target/test-dir/MiniOzoneClusterImpl-fb989876-9371-464e-b996-ece4d3fe3ecb/ozone-meta/datanode-3/data-0/hdds)] INFO  ozoneimpl.AbstractBackgroundContainerScanner (AbstractBackgroundContainerScanner.java:runIteration(87)) - Completed an iteration in 0 minutes. Number of iterations (since the data-node restart) : 1, Number of containers scanned in this iteration : 0, Number of unhealthy containers found in this iteration : 0
2024-04-28 12:43:48,313 [013b6299-c97b-4afe-8aa4-203fc50eadfd-EndpointStateMachineTaskThread-/0.0.0.0:15091-0 ] INFO  replication.ReplicationServer (ReplicationServer.java:start(142)) - ReplicationServer is started using port 15123
2024-04-28 12:43:48,313 [013b6299-c97b-4afe-8aa4-203fc50eadfd-EndpointStateMachineTaskThread-/0.0.0.0:15091-0 ] INFO  ratis.XceiverServerRatis (XceiverServerRatis.java:start(566)) - Starting XceiverServerRatis 013b6299-c97b-4afe-8aa4-203fc50eadfd
2024-04-28 12:43:48,314 [013b6299-c97b-4afe-8aa4-203fc50eadfd-EndpointStateMachineTaskThread-/0.0.0.0:15091-0 ] INFO  server.RaftServer (RaftServerProxy.java:startImpl(406)) - 013b6299-c97b-4afe-8aa4-203fc50eadfd: start RPC server
2024-04-28 12:43:48,315 [013b6299-c97b-4afe-8aa4-203fc50eadfd-EndpointStateMachineTaskThread-/0.0.0.0:15091-0 ] INFO  server.GrpcService (GrpcService.java:startImpl(302)) - 013b6299-c97b-4afe-8aa4-203fc50eadfd: GrpcService started, listening on 15119
2024-04-28 12:43:48,315 [013b6299-c97b-4afe-8aa4-203fc50eadfd-EndpointStateMachineTaskThread-/0.0.0.0:15091-0 ] INFO  server.GrpcService (GrpcService.java:startImpl(302)) - 013b6299-c97b-4afe-8aa4-203fc50eadfd: GrpcService started, listening on 15121
2024-04-28 12:43:48,315 [013b6299-c97b-4afe-8aa4-203fc50eadfd-EndpointStateMachineTaskThread-/0.0.0.0:15091-0 ] INFO  server.GrpcService (GrpcService.java:startImpl(302)) - 013b6299-c97b-4afe-8aa4-203fc50eadfd: GrpcService started, listening on 15120
2024-04-28 12:43:48,316 [013b6299-c97b-4afe-8aa4-203fc50eadfd-EndpointStateMachineTaskThread-/0.0.0.0:15091-0 ] INFO  ratis.XceiverServerRatis (XceiverServerRatis.java:getRealPort(592)) - XceiverServerRatis 013b6299-c97b-4afe-8aa4-203fc50eadfd is started using port 15119 for RATIS
2024-04-28 12:43:48,316 [JvmPauseMonitor15] INFO  util.JvmPauseMonitor (JvmPauseMonitor.java:run(146)) - JvmPauseMonitor-013b6299-c97b-4afe-8aa4-203fc50eadfd: Started
2024-04-28 12:43:48,316 [013b6299-c97b-4afe-8aa4-203fc50eadfd-EndpointStateMachineTaskThread-/0.0.0.0:15091-0 ] INFO  ratis.XceiverServerRatis (XceiverServerRatis.java:getRealPort(592)) - XceiverServerRatis 013b6299-c97b-4afe-8aa4-203fc50eadfd is started using port 15120 for RATIS_ADMIN
2024-04-28 12:43:48,316 [013b6299-c97b-4afe-8aa4-203fc50eadfd-EndpointStateMachineTaskThread-/0.0.0.0:15091-0 ] INFO  ratis.XceiverServerRatis (XceiverServerRatis.java:getRealPort(592)) - XceiverServerRatis 013b6299-c97b-4afe-8aa4-203fc50eadfd is started using port 15121 for RATIS_SERVER
2024-04-28 12:43:48,316 [013b6299-c97b-4afe-8aa4-203fc50eadfd-EndpointStateMachineTaskThread-/0.0.0.0:15091-0 ] INFO  ratis.XceiverServerRatis (XceiverServerRatis.java:getRealPort(592)) - XceiverServerRatis 013b6299-c97b-4afe-8aa4-203fc50eadfd is started using port 15122 for RATIS_DATASTREAM
2024-04-28 12:43:48,317 [013b6299-c97b-4afe-8aa4-203fc50eadfd-BlockDeletingService#0] INFO  interfaces.ContainerDeletionChoosingPolicyTemplate (ContainerDeletionChoosingPolicyTemplate.java:chooseContainerForBlockDeletion(85)) - Chosen 0/5000 blocks from 0 candidate containers.
2024-04-28 12:43:48,380 [1d4b00a3-9857-4eac-ad23-fb07690fc4d9-EndpointStateMachineTaskThread-/0.0.0.0:15091-0 ] INFO  utils.DatanodeStoreCache (DatanodeStoreCache.java:addDB(72)) - Added db /home/runner/work/ozone/ozone/hadoop-ozone/integration-test/target/test-dir/MiniOzoneClusterImpl-fb989876-9371-464e-b996-ece4d3fe3ecb/ozone-meta/datanode-4/data-0/hdds/fb989876-9371-464e-b996-ece4d3fe3ecb/DS-d16afd8a-3f32-48ac-8e84-4b8c4b21e4ba/container.db to cache
2024-04-28 12:43:48,380 [1d4b00a3-9857-4eac-ad23-fb07690fc4d9-EndpointStateMachineTaskThread-/0.0.0.0:15091-0 ] INFO  volume.HddsVolume (HddsVolume.java:createDbStore(437)) - SchemaV3 db is created and loaded at /home/runner/work/ozone/ozone/hadoop-ozone/integration-test/target/test-dir/MiniOzoneClusterImpl-fb989876-9371-464e-b996-ece4d3fe3ecb/ozone-meta/datanode-4/data-0/hdds/fb989876-9371-464e-b996-ece4d3fe3ecb/DS-d16afd8a-3f32-48ac-8e84-4b8c4b21e4ba/container.db for volume DS-d16afd8a-3f32-48ac-8e84-4b8c4b21e4ba
2024-04-28 12:43:48,381 [1d4b00a3-9857-4eac-ad23-fb07690fc4d9-ContainerReader-0] INFO  ozoneimpl.ContainerReader (ContainerReader.java:readVolume(148)) - Start to verify containers on volume /home/runner/work/ozone/ozone/hadoop-ozone/integration-test/target/test-dir/MiniOzoneClusterImpl-fb989876-9371-464e-b996-ece4d3fe3ecb/ozone-meta/datanode-4/data-0/hdds
2024-04-28 12:43:48,381 [1d4b00a3-9857-4eac-ad23-fb07690fc4d9-ContainerReader-0] INFO  ozoneimpl.ContainerReader (ContainerReader.java:readVolume(178)) - Finish verifying containers on volume /home/runner/work/ozone/ozone/hadoop-ozone/integration-test/target/test-dir/MiniOzoneClusterImpl-fb989876-9371-464e-b996-ece4d3fe3ecb/ozone-meta/datanode-4/data-0/hdds
2024-04-28 12:43:48,381 [1d4b00a3-9857-4eac-ad23-fb07690fc4d9-EndpointStateMachineTaskThread-/0.0.0.0:15091-0 ] INFO  ozoneimpl.OzoneContainer (OzoneContainer.java:buildContainerSet(328)) - Build ContainerSet costs 0s
2024-04-28 12:43:48,382 [1d4b00a3-9857-4eac-ad23-fb07690fc4d9-EndpointStateMachineTaskThread-/0.0.0.0:15091-0 ] INFO  volume.ThrottledAsyncChecker (ThrottledAsyncChecker.java:schedule(141)) - Scheduling a check for /home/runner/work/ozone/ozone/hadoop-ozone/integration-test/target/test-dir/MiniOzoneClusterImpl-fb989876-9371-464e-b996-ece4d3fe3ecb/ozone-meta/datanode-4/data-0/hdds
2024-04-28 12:43:48,382 [1d4b00a3-9857-4eac-ad23-fb07690fc4d9-EndpointStateMachineTaskThread-/0.0.0.0:15091-0 ] INFO  volume.StorageVolumeChecker (StorageVolumeChecker.java:checkAllVolumes(218)) - Scheduled health check for volume /home/runner/work/ozone/ozone/hadoop-ozone/integration-test/target/test-dir/MiniOzoneClusterImpl-fb989876-9371-464e-b996-ece4d3fe3ecb/ozone-meta/datanode-4/data-0/hdds
2024-04-28 12:43:48,383 [1d4b00a3-9857-4eac-ad23-fb07690fc4d9-EndpointStateMachineTaskThread-/0.0.0.0:15091-0 ] INFO  volume.ThrottledAsyncChecker (ThrottledAsyncChecker.java:schedule(141)) - Scheduling a check for /home/runner/work/ozone/ozone/hadoop-ozone/integration-test/target/test-dir/MiniOzoneClusterImpl-fb989876-9371-464e-b996-ece4d3fe3ecb/ozone-meta/datanode-4/ratis
2024-04-28 12:43:48,383 [1d4b00a3-9857-4eac-ad23-fb07690fc4d9-EndpointStateMachineTaskThread-/0.0.0.0:15091-0 ] INFO  volume.StorageVolumeChecker (StorageVolumeChecker.java:checkAllVolumes(218)) - Scheduled health check for volume /home/runner/work/ozone/ozone/hadoop-ozone/integration-test/target/test-dir/MiniOzoneClusterImpl-fb989876-9371-464e-b996-ece4d3fe3ecb/ozone-meta/datanode-4/ratis
2024-04-28 12:43:48,384 [1d4b00a3-9857-4eac-ad23-fb07690fc4d9-EndpointStateMachineTaskThread-/0.0.0.0:15091-0 ] INFO  ozoneimpl.OzoneContainer (OzoneContainer.java:start(459)) - Attempting to start container services.
2024-04-28 12:43:48,384 [1d4b00a3-9857-4eac-ad23-fb07690fc4d9-EndpointStateMachineTaskThread-/0.0.0.0:15091-0 ] WARN  ozoneimpl.OnDemandContainerDataScanner (OnDemandContainerDataScanner.java:init(75)) - Trying to initialize on demand scanner a second time on a datanode.
2024-04-28 12:43:48,384 [ContainerMetadataScanner] INFO  ozoneimpl.AbstractBackgroundContainerScanner (AbstractBackgroundContainerScanner.java:runIteration(87)) - Completed an iteration in 0 minutes. Number of iterations (since the data-node restart) : 1, Number of containers scanned in this iteration : 0, Number of unhealthy containers found in this iteration : 0
2024-04-28 12:43:48,384 [ContainerDataScanner(/home/runner/work/ozone/ozone/hadoop-ozone/integration-test/target/test-dir/MiniOzoneClusterImpl-fb989876-9371-464e-b996-ece4d3fe3ecb/ozone-meta/datanode-4/data-0/hdds)] INFO  ozoneimpl.AbstractBackgroundContainerScanner (AbstractBackgroundContainerScanner.java:runIteration(87)) - Completed an iteration in 0 minutes. Number of iterations (since the data-node restart) : 1, Number of containers scanned in this iteration : 0, Number of unhealthy containers found in this iteration : 0
2024-04-28 12:43:48,385 [1d4b00a3-9857-4eac-ad23-fb07690fc4d9-EndpointStateMachineTaskThread-/0.0.0.0:15091-0 ] INFO  replication.ReplicationServer (ReplicationServer.java:start(142)) - ReplicationServer is started using port 15132
2024-04-28 12:43:48,385 [1d4b00a3-9857-4eac-ad23-fb07690fc4d9-EndpointStateMachineTaskThread-/0.0.0.0:15091-0 ] INFO  ratis.XceiverServerRatis (XceiverServerRatis.java:start(566)) - Starting XceiverServerRatis 1d4b00a3-9857-4eac-ad23-fb07690fc4d9
2024-04-28 12:43:48,385 [1d4b00a3-9857-4eac-ad23-fb07690fc4d9-EndpointStateMachineTaskThread-/0.0.0.0:15091-0 ] INFO  server.RaftServer (RaftServerProxy.java:startImpl(406)) - 1d4b00a3-9857-4eac-ad23-fb07690fc4d9: start RPC server
2024-04-28 12:43:48,385 [1d4b00a3-9857-4eac-ad23-fb07690fc4d9-EndpointStateMachineTaskThread-/0.0.0.0:15091-0 ] INFO  server.GrpcService (GrpcService.java:startImpl(302)) - 1d4b00a3-9857-4eac-ad23-fb07690fc4d9: GrpcService started, listening on 15128
2024-04-28 12:43:48,386 [1d4b00a3-9857-4eac-ad23-fb07690fc4d9-EndpointStateMachineTaskThread-/0.0.0.0:15091-0 ] INFO  server.GrpcService (GrpcService.java:startImpl(302)) - 1d4b00a3-9857-4eac-ad23-fb07690fc4d9: GrpcService started, listening on 15130
2024-04-28 12:43:48,386 [1d4b00a3-9857-4eac-ad23-fb07690fc4d9-EndpointStateMachineTaskThread-/0.0.0.0:15091-0 ] INFO  server.GrpcService (GrpcService.java:startImpl(302)) - 1d4b00a3-9857-4eac-ad23-fb07690fc4d9: GrpcService started, listening on 15129
2024-04-28 12:43:48,386 [1d4b00a3-9857-4eac-ad23-fb07690fc4d9-EndpointStateMachineTaskThread-/0.0.0.0:15091-0 ] INFO  ratis.XceiverServerRatis (XceiverServerRatis.java:getRealPort(592)) - XceiverServerRatis 1d4b00a3-9857-4eac-ad23-fb07690fc4d9 is started using port 15128 for RATIS
2024-04-28 12:43:48,386 [JvmPauseMonitor16] INFO  util.JvmPauseMonitor (JvmPauseMonitor.java:run(146)) - JvmPauseMonitor-1d4b00a3-9857-4eac-ad23-fb07690fc4d9: Started
2024-04-28 12:43:48,386 [1d4b00a3-9857-4eac-ad23-fb07690fc4d9-EndpointStateMachineTaskThread-/0.0.0.0:15091-0 ] INFO  ratis.XceiverServerRatis (XceiverServerRatis.java:getRealPort(592)) - XceiverServerRatis 1d4b00a3-9857-4eac-ad23-fb07690fc4d9 is started using port 15129 for RATIS_ADMIN
2024-04-28 12:43:48,386 [1d4b00a3-9857-4eac-ad23-fb07690fc4d9-EndpointStateMachineTaskThread-/0.0.0.0:15091-0 ] INFO  ratis.XceiverServerRatis (XceiverServerRatis.java:getRealPort(592)) - XceiverServerRatis 1d4b00a3-9857-4eac-ad23-fb07690fc4d9 is started using port 15130 for RATIS_SERVER
2024-04-28 12:43:48,386 [1d4b00a3-9857-4eac-ad23-fb07690fc4d9-EndpointStateMachineTaskThread-/0.0.0.0:15091-0 ] INFO  ratis.XceiverServerRatis (XceiverServerRatis.java:getRealPort(592)) - XceiverServerRatis 1d4b00a3-9857-4eac-ad23-fb07690fc4d9 is started using port 15131 for RATIS_DATASTREAM
2024-04-28 12:43:48,387 [1d4b00a3-9857-4eac-ad23-fb07690fc4d9-BlockDeletingService#0] INFO  interfaces.ContainerDeletionChoosingPolicyTemplate (ContainerDeletionChoosingPolicyTemplate.java:chooseContainerForBlockDeletion(85)) - Chosen 0/5000 blocks from 0 candidate containers.
2024-04-28 12:43:48,462 [1d5b270c-141e-46ec-a0c0-ed60a5ff00c9-EndpointStateMachineTaskThread-/0.0.0.0:15091-0 ] INFO  utils.DatanodeStoreCache (DatanodeStoreCache.java:addDB(72)) - Added db /home/runner/work/ozone/ozone/hadoop-ozone/integration-test/target/test-dir/MiniOzoneClusterImpl-fb989876-9371-464e-b996-ece4d3fe3ecb/ozone-meta/datanode-5/data-0/hdds/fb989876-9371-464e-b996-ece4d3fe3ecb/DS-41fa0899-e81b-4f8c-8d83-23608199a02e/container.db to cache
2024-04-28 12:43:48,462 [1d5b270c-141e-46ec-a0c0-ed60a5ff00c9-EndpointStateMachineTaskThread-/0.0.0.0:15091-0 ] INFO  volume.HddsVolume (HddsVolume.java:createDbStore(437)) - SchemaV3 db is created and loaded at /home/runner/work/ozone/ozone/hadoop-ozone/integration-test/target/test-dir/MiniOzoneClusterImpl-fb989876-9371-464e-b996-ece4d3fe3ecb/ozone-meta/datanode-5/data-0/hdds/fb989876-9371-464e-b996-ece4d3fe3ecb/DS-41fa0899-e81b-4f8c-8d83-23608199a02e/container.db for volume DS-41fa0899-e81b-4f8c-8d83-23608199a02e
2024-04-28 12:43:48,464 [1d5b270c-141e-46ec-a0c0-ed60a5ff00c9-ContainerReader-0] INFO  ozoneimpl.ContainerReader (ContainerReader.java:readVolume(148)) - Start to verify containers on volume /home/runner/work/ozone/ozone/hadoop-ozone/integration-test/target/test-dir/MiniOzoneClusterImpl-fb989876-9371-464e-b996-ece4d3fe3ecb/ozone-meta/datanode-5/data-0/hdds
2024-04-28 12:43:48,464 [1d5b270c-141e-46ec-a0c0-ed60a5ff00c9-ContainerReader-0] INFO  ozoneimpl.ContainerReader (ContainerReader.java:readVolume(178)) - Finish verifying containers on volume /home/runner/work/ozone/ozone/hadoop-ozone/integration-test/target/test-dir/MiniOzoneClusterImpl-fb989876-9371-464e-b996-ece4d3fe3ecb/ozone-meta/datanode-5/data-0/hdds
2024-04-28 12:43:48,464 [1d5b270c-141e-46ec-a0c0-ed60a5ff00c9-EndpointStateMachineTaskThread-/0.0.0.0:15091-0 ] INFO  ozoneimpl.OzoneContainer (OzoneContainer.java:buildContainerSet(328)) - Build ContainerSet costs 0s
2024-04-28 12:43:48,464 [1d5b270c-141e-46ec-a0c0-ed60a5ff00c9-EndpointStateMachineTaskThread-/0.0.0.0:15091-0 ] INFO  volume.ThrottledAsyncChecker (ThrottledAsyncChecker.java:schedule(141)) - Scheduling a check for /home/runner/work/ozone/ozone/hadoop-ozone/integration-test/target/test-dir/MiniOzoneClusterImpl-fb989876-9371-464e-b996-ece4d3fe3ecb/ozone-meta/datanode-5/data-0/hdds
2024-04-28 12:43:48,464 [1d5b270c-141e-46ec-a0c0-ed60a5ff00c9-EndpointStateMachineTaskThread-/0.0.0.0:15091-0 ] INFO  volume.StorageVolumeChecker (StorageVolumeChecker.java:checkAllVolumes(218)) - Scheduled health check for volume /home/runner/work/ozone/ozone/hadoop-ozone/integration-test/target/test-dir/MiniOzoneClusterImpl-fb989876-9371-464e-b996-ece4d3fe3ecb/ozone-meta/datanode-5/data-0/hdds
2024-04-28 12:43:48,465 [1d5b270c-141e-46ec-a0c0-ed60a5ff00c9-EndpointStateMachineTaskThread-/0.0.0.0:15091-0 ] INFO  volume.ThrottledAsyncChecker (ThrottledAsyncChecker.java:schedule(141)) - Scheduling a check for /home/runner/work/ozone/ozone/hadoop-ozone/integration-test/target/test-dir/MiniOzoneClusterImpl-fb989876-9371-464e-b996-ece4d3fe3ecb/ozone-meta/datanode-5/ratis
2024-04-28 12:43:48,465 [1d5b270c-141e-46ec-a0c0-ed60a5ff00c9-EndpointStateMachineTaskThread-/0.0.0.0:15091-0 ] INFO  volume.StorageVolumeChecker (StorageVolumeChecker.java:checkAllVolumes(218)) - Scheduled health check for volume /home/runner/work/ozone/ozone/hadoop-ozone/integration-test/target/test-dir/MiniOzoneClusterImpl-fb989876-9371-464e-b996-ece4d3fe3ecb/ozone-meta/datanode-5/ratis
2024-04-28 12:43:48,466 [1d5b270c-141e-46ec-a0c0-ed60a5ff00c9-EndpointStateMachineTaskThread-/0.0.0.0:15091-0 ] INFO  ozoneimpl.OzoneContainer (OzoneContainer.java:start(459)) - Attempting to start container services.
2024-04-28 12:43:48,466 [1d5b270c-141e-46ec-a0c0-ed60a5ff00c9-EndpointStateMachineTaskThread-/0.0.0.0:15091-0 ] WARN  ozoneimpl.OnDemandContainerDataScanner (OnDemandContainerDataScanner.java:init(75)) - Trying to initialize on demand scanner a second time on a datanode.
2024-04-28 12:43:48,466 [ContainerMetadataScanner] INFO  ozoneimpl.AbstractBackgroundContainerScanner (AbstractBackgroundContainerScanner.java:runIteration(87)) - Completed an iteration in 0 minutes. Number of iterations (since the data-node restart) : 1, Number of containers scanned in this iteration : 0, Number of unhealthy containers found in this iteration : 0
2024-04-28 12:43:48,467 [ContainerDataScanner(/home/runner/work/ozone/ozone/hadoop-ozone/integration-test/target/test-dir/MiniOzoneClusterImpl-fb989876-9371-464e-b996-ece4d3fe3ecb/ozone-meta/datanode-5/data-0/hdds)] INFO  ozoneimpl.AbstractBackgroundContainerScanner (AbstractBackgroundContainerScanner.java:runIteration(87)) - Completed an iteration in 0 minutes. Number of iterations (since the data-node restart) : 1, Number of containers scanned in this iteration : 0, Number of unhealthy containers found in this iteration : 0
2024-04-28 12:43:48,467 [1d5b270c-141e-46ec-a0c0-ed60a5ff00c9-EndpointStateMachineTaskThread-/0.0.0.0:15091-0 ] INFO  replication.ReplicationServer (ReplicationServer.java:start(142)) - ReplicationServer is started using port 15141
2024-04-28 12:43:48,467 [1d5b270c-141e-46ec-a0c0-ed60a5ff00c9-EndpointStateMachineTaskThread-/0.0.0.0:15091-0 ] INFO  ratis.XceiverServerRatis (XceiverServerRatis.java:start(566)) - Starting XceiverServerRatis 1d5b270c-141e-46ec-a0c0-ed60a5ff00c9
2024-04-28 12:43:48,467 [1d5b270c-141e-46ec-a0c0-ed60a5ff00c9-EndpointStateMachineTaskThread-/0.0.0.0:15091-0 ] INFO  server.RaftServer (RaftServerProxy.java:startImpl(406)) - 1d5b270c-141e-46ec-a0c0-ed60a5ff00c9: start RPC server
2024-04-28 12:43:48,468 [1d5b270c-141e-46ec-a0c0-ed60a5ff00c9-EndpointStateMachineTaskThread-/0.0.0.0:15091-0 ] INFO  server.GrpcService (GrpcService.java:startImpl(302)) - 1d5b270c-141e-46ec-a0c0-ed60a5ff00c9: GrpcService started, listening on 15137
2024-04-28 12:43:48,468 [1d5b270c-141e-46ec-a0c0-ed60a5ff00c9-EndpointStateMachineTaskThread-/0.0.0.0:15091-0 ] INFO  server.GrpcService (GrpcService.java:startImpl(302)) - 1d5b270c-141e-46ec-a0c0-ed60a5ff00c9: GrpcService started, listening on 15139
2024-04-28 12:43:48,468 [1d5b270c-141e-46ec-a0c0-ed60a5ff00c9-EndpointStateMachineTaskThread-/0.0.0.0:15091-0 ] INFO  server.GrpcService (GrpcService.java:startImpl(302)) - 1d5b270c-141e-46ec-a0c0-ed60a5ff00c9: GrpcService started, listening on 15138
2024-04-28 12:43:48,468 [1d5b270c-141e-46ec-a0c0-ed60a5ff00c9-EndpointStateMachineTaskThread-/0.0.0.0:15091-0 ] INFO  ratis.XceiverServerRatis (XceiverServerRatis.java:getRealPort(592)) - XceiverServerRatis 1d5b270c-141e-46ec-a0c0-ed60a5ff00c9 is started using port 15137 for RATIS
2024-04-28 12:43:48,468 [1d5b270c-141e-46ec-a0c0-ed60a5ff00c9-EndpointStateMachineTaskThread-/0.0.0.0:15091-0 ] INFO  ratis.XceiverServerRatis (XceiverServerRatis.java:getRealPort(592)) - XceiverServerRatis 1d5b270c-141e-46ec-a0c0-ed60a5ff00c9 is started using port 15138 for RATIS_ADMIN
2024-04-28 12:43:48,468 [1d5b270c-141e-46ec-a0c0-ed60a5ff00c9-EndpointStateMachineTaskThread-/0.0.0.0:15091-0 ] INFO  ratis.XceiverServerRatis (XceiverServerRatis.java:getRealPort(592)) - XceiverServerRatis 1d5b270c-141e-46ec-a0c0-ed60a5ff00c9 is started using port 15139 for RATIS_SERVER
2024-04-28 12:43:48,468 [1d5b270c-141e-46ec-a0c0-ed60a5ff00c9-EndpointStateMachineTaskThread-/0.0.0.0:15091-0 ] INFO  ratis.XceiverServerRatis (XceiverServerRatis.java:getRealPort(592)) - XceiverServerRatis 1d5b270c-141e-46ec-a0c0-ed60a5ff00c9 is started using port 15140 for RATIS_DATASTREAM
2024-04-28 12:43:48,468 [JvmPauseMonitor17] INFO  util.JvmPauseMonitor (JvmPauseMonitor.java:run(146)) - JvmPauseMonitor-1d5b270c-141e-46ec-a0c0-ed60a5ff00c9: Started
2024-04-28 12:43:48,469 [1d5b270c-141e-46ec-a0c0-ed60a5ff00c9-BlockDeletingService#0] INFO  interfaces.ContainerDeletionChoosingPolicyTemplate (ContainerDeletionChoosingPolicyTemplate.java:chooseContainerForBlockDeletion(85)) - Chosen 0/5000 blocks from 0 candidate containers.
2024-04-28 12:43:48,549 [1070cd50-d4de-4eff-9e7b-13f77727c4d2-EndpointStateMachineTaskThread-/0.0.0.0:15091-0 ] INFO  utils.DatanodeStoreCache (DatanodeStoreCache.java:addDB(72)) - Added db /home/runner/work/ozone/ozone/hadoop-ozone/integration-test/target/test-dir/MiniOzoneClusterImpl-fb989876-9371-464e-b996-ece4d3fe3ecb/ozone-meta/datanode-6/data-0/hdds/fb989876-9371-464e-b996-ece4d3fe3ecb/DS-d4c992d0-2454-4154-ac60-ed36f2d24938/container.db to cache
2024-04-28 12:43:48,549 [1070cd50-d4de-4eff-9e7b-13f77727c4d2-EndpointStateMachineTaskThread-/0.0.0.0:15091-0 ] INFO  volume.HddsVolume (HddsVolume.java:createDbStore(437)) - SchemaV3 db is created and loaded at /home/runner/work/ozone/ozone/hadoop-ozone/integration-test/target/test-dir/MiniOzoneClusterImpl-fb989876-9371-464e-b996-ece4d3fe3ecb/ozone-meta/datanode-6/data-0/hdds/fb989876-9371-464e-b996-ece4d3fe3ecb/DS-d4c992d0-2454-4154-ac60-ed36f2d24938/container.db for volume DS-d4c992d0-2454-4154-ac60-ed36f2d24938
2024-04-28 12:43:48,551 [1070cd50-d4de-4eff-9e7b-13f77727c4d2-ContainerReader-0] INFO  ozoneimpl.ContainerReader (ContainerReader.java:readVolume(148)) - Start to verify containers on volume /home/runner/work/ozone/ozone/hadoop-ozone/integration-test/target/test-dir/MiniOzoneClusterImpl-fb989876-9371-464e-b996-ece4d3fe3ecb/ozone-meta/datanode-6/data-0/hdds
2024-04-28 12:43:48,551 [1070cd50-d4de-4eff-9e7b-13f77727c4d2-ContainerReader-0] INFO  ozoneimpl.ContainerReader (ContainerReader.java:readVolume(178)) - Finish verifying containers on volume /home/runner/work/ozone/ozone/hadoop-ozone/integration-test/target/test-dir/MiniOzoneClusterImpl-fb989876-9371-464e-b996-ece4d3fe3ecb/ozone-meta/datanode-6/data-0/hdds
2024-04-28 12:43:48,551 [1070cd50-d4de-4eff-9e7b-13f77727c4d2-EndpointStateMachineTaskThread-/0.0.0.0:15091-0 ] INFO  ozoneimpl.OzoneContainer (OzoneContainer.java:buildContainerSet(328)) - Build ContainerSet costs 0s
2024-04-28 12:43:48,551 [1070cd50-d4de-4eff-9e7b-13f77727c4d2-EndpointStateMachineTaskThread-/0.0.0.0:15091-0 ] INFO  volume.ThrottledAsyncChecker (ThrottledAsyncChecker.java:schedule(141)) - Scheduling a check for /home/runner/work/ozone/ozone/hadoop-ozone/integration-test/target/test-dir/MiniOzoneClusterImpl-fb989876-9371-464e-b996-ece4d3fe3ecb/ozone-meta/datanode-6/data-0/hdds
2024-04-28 12:43:48,551 [1070cd50-d4de-4eff-9e7b-13f77727c4d2-EndpointStateMachineTaskThread-/0.0.0.0:15091-0 ] INFO  volume.StorageVolumeChecker (StorageVolumeChecker.java:checkAllVolumes(218)) - Scheduled health check for volume /home/runner/work/ozone/ozone/hadoop-ozone/integration-test/target/test-dir/MiniOzoneClusterImpl-fb989876-9371-464e-b996-ece4d3fe3ecb/ozone-meta/datanode-6/data-0/hdds
2024-04-28 12:43:48,552 [1070cd50-d4de-4eff-9e7b-13f77727c4d2-EndpointStateMachineTaskThread-/0.0.0.0:15091-0 ] INFO  volume.ThrottledAsyncChecker (ThrottledAsyncChecker.java:schedule(141)) - Scheduling a check for /home/runner/work/ozone/ozone/hadoop-ozone/integration-test/target/test-dir/MiniOzoneClusterImpl-fb989876-9371-464e-b996-ece4d3fe3ecb/ozone-meta/datanode-6/ratis
2024-04-28 12:43:48,552 [1070cd50-d4de-4eff-9e7b-13f77727c4d2-EndpointStateMachineTaskThread-/0.0.0.0:15091-0 ] INFO  volume.StorageVolumeChecker (StorageVolumeChecker.java:checkAllVolumes(218)) - Scheduled health check for volume /home/runner/work/ozone/ozone/hadoop-ozone/integration-test/target/test-dir/MiniOzoneClusterImpl-fb989876-9371-464e-b996-ece4d3fe3ecb/ozone-meta/datanode-6/ratis
2024-04-28 12:43:48,553 [1070cd50-d4de-4eff-9e7b-13f77727c4d2-EndpointStateMachineTaskThread-/0.0.0.0:15091-0 ] INFO  ozoneimpl.OzoneContainer (OzoneContainer.java:start(459)) - Attempting to start container services.
2024-04-28 12:43:48,553 [1070cd50-d4de-4eff-9e7b-13f77727c4d2-EndpointStateMachineTaskThread-/0.0.0.0:15091-0 ] WARN  ozoneimpl.OnDemandContainerDataScanner (OnDemandContainerDataScanner.java:init(75)) - Trying to initialize on demand scanner a second time on a datanode.
2024-04-28 12:43:48,553 [ContainerMetadataScanner] INFO  ozoneimpl.AbstractBackgroundContainerScanner (AbstractBackgroundContainerScanner.java:runIteration(87)) - Completed an iteration in 0 minutes. Number of iterations (since the data-node restart) : 1, Number of containers scanned in this iteration : 0, Number of unhealthy containers found in this iteration : 0
2024-04-28 12:43:48,553 [ContainerDataScanner(/home/runner/work/ozone/ozone/hadoop-ozone/integration-test/target/test-dir/MiniOzoneClusterImpl-fb989876-9371-464e-b996-ece4d3fe3ecb/ozone-meta/datanode-6/data-0/hdds)] INFO  ozoneimpl.AbstractBackgroundContainerScanner (AbstractBackgroundContainerScanner.java:runIteration(87)) - Completed an iteration in 0 minutes. Number of iterations (since the data-node restart) : 1, Number of containers scanned in this iteration : 0, Number of unhealthy containers found in this iteration : 0
2024-04-28 12:43:48,554 [1070cd50-d4de-4eff-9e7b-13f77727c4d2-EndpointStateMachineTaskThread-/0.0.0.0:15091-0 ] INFO  replication.ReplicationServer (ReplicationServer.java:start(142)) - ReplicationServer is started using port 15150
2024-04-28 12:43:48,554 [1070cd50-d4de-4eff-9e7b-13f77727c4d2-EndpointStateMachineTaskThread-/0.0.0.0:15091-0 ] INFO  ratis.XceiverServerRatis (XceiverServerRatis.java:start(566)) - Starting XceiverServerRatis 1070cd50-d4de-4eff-9e7b-13f77727c4d2
2024-04-28 12:43:48,554 [1070cd50-d4de-4eff-9e7b-13f77727c4d2-EndpointStateMachineTaskThread-/0.0.0.0:15091-0 ] INFO  server.RaftServer (RaftServerProxy.java:startImpl(406)) - 1070cd50-d4de-4eff-9e7b-13f77727c4d2: start RPC server
2024-04-28 12:43:48,554 [1070cd50-d4de-4eff-9e7b-13f77727c4d2-EndpointStateMachineTaskThread-/0.0.0.0:15091-0 ] INFO  server.GrpcService (GrpcService.java:startImpl(302)) - 1070cd50-d4de-4eff-9e7b-13f77727c4d2: GrpcService started, listening on 15146
2024-04-28 12:43:48,555 [1070cd50-d4de-4eff-9e7b-13f77727c4d2-EndpointStateMachineTaskThread-/0.0.0.0:15091-0 ] INFO  server.GrpcService (GrpcService.java:startImpl(302)) - 1070cd50-d4de-4eff-9e7b-13f77727c4d2: GrpcService started, listening on 15148
2024-04-28 12:43:48,555 [1070cd50-d4de-4eff-9e7b-13f77727c4d2-EndpointStateMachineTaskThread-/0.0.0.0:15091-0 ] INFO  server.GrpcService (GrpcService.java:startImpl(302)) - 1070cd50-d4de-4eff-9e7b-13f77727c4d2: GrpcService started, listening on 15147
2024-04-28 12:43:48,555 [1070cd50-d4de-4eff-9e7b-13f77727c4d2-EndpointStateMachineTaskThread-/0.0.0.0:15091-0 ] INFO  ratis.XceiverServerRatis (XceiverServerRatis.java:getRealPort(592)) - XceiverServerRatis 1070cd50-d4de-4eff-9e7b-13f77727c4d2 is started using port 15146 for RATIS
2024-04-28 12:43:48,555 [JvmPauseMonitor18] INFO  util.JvmPauseMonitor (JvmPauseMonitor.java:run(146)) - JvmPauseMonitor-1070cd50-d4de-4eff-9e7b-13f77727c4d2: Started
2024-04-28 12:43:48,555 [1070cd50-d4de-4eff-9e7b-13f77727c4d2-EndpointStateMachineTaskThread-/0.0.0.0:15091-0 ] INFO  ratis.XceiverServerRatis (XceiverServerRatis.java:getRealPort(592)) - XceiverServerRatis 1070cd50-d4de-4eff-9e7b-13f77727c4d2 is started using port 15147 for RATIS_ADMIN
2024-04-28 12:43:48,555 [1070cd50-d4de-4eff-9e7b-13f77727c4d2-EndpointStateMachineTaskThread-/0.0.0.0:15091-0 ] INFO  ratis.XceiverServerRatis (XceiverServerRatis.java:getRealPort(592)) - XceiverServerRatis 1070cd50-d4de-4eff-9e7b-13f77727c4d2 is started using port 15148 for RATIS_SERVER
2024-04-28 12:43:48,556 [1070cd50-d4de-4eff-9e7b-13f77727c4d2-EndpointStateMachineTaskThread-/0.0.0.0:15091-0 ] INFO  ratis.XceiverServerRatis (XceiverServerRatis.java:getRealPort(592)) - XceiverServerRatis 1070cd50-d4de-4eff-9e7b-13f77727c4d2 is started using port 15149 for RATIS_DATASTREAM
2024-04-28 12:43:48,556 [1070cd50-d4de-4eff-9e7b-13f77727c4d2-BlockDeletingService#0] INFO  interfaces.ContainerDeletionChoosingPolicyTemplate (ContainerDeletionChoosingPolicyTemplate.java:chooseContainerForBlockDeletion(85)) - Chosen 0/5000 blocks from 0 candidate containers.
2024-04-28 12:43:48,639 [59f7e7ee-27c3-4dbc-8a0c-a3c2dbd1352c-EndpointStateMachineTaskThread-/0.0.0.0:15091-0 ] INFO  utils.DatanodeStoreCache (DatanodeStoreCache.java:addDB(72)) - Added db /home/runner/work/ozone/ozone/hadoop-ozone/integration-test/target/test-dir/MiniOzoneClusterImpl-fb989876-9371-464e-b996-ece4d3fe3ecb/ozone-meta/datanode-7/data-0/hdds/fb989876-9371-464e-b996-ece4d3fe3ecb/DS-03700e63-4553-424f-a6a9-07a749ac4bc5/container.db to cache
2024-04-28 12:43:48,640 [59f7e7ee-27c3-4dbc-8a0c-a3c2dbd1352c-EndpointStateMachineTaskThread-/0.0.0.0:15091-0 ] INFO  volume.HddsVolume (HddsVolume.java:createDbStore(437)) - SchemaV3 db is created and loaded at /home/runner/work/ozone/ozone/hadoop-ozone/integration-test/target/test-dir/MiniOzoneClusterImpl-fb989876-9371-464e-b996-ece4d3fe3ecb/ozone-meta/datanode-7/data-0/hdds/fb989876-9371-464e-b996-ece4d3fe3ecb/DS-03700e63-4553-424f-a6a9-07a749ac4bc5/container.db for volume DS-03700e63-4553-424f-a6a9-07a749ac4bc5
2024-04-28 12:43:48,641 [59f7e7ee-27c3-4dbc-8a0c-a3c2dbd1352c-ContainerReader-0] INFO  ozoneimpl.ContainerReader (ContainerReader.java:readVolume(148)) - Start to verify containers on volume /home/runner/work/ozone/ozone/hadoop-ozone/integration-test/target/test-dir/MiniOzoneClusterImpl-fb989876-9371-464e-b996-ece4d3fe3ecb/ozone-meta/datanode-7/data-0/hdds
2024-04-28 12:43:48,641 [59f7e7ee-27c3-4dbc-8a0c-a3c2dbd1352c-ContainerReader-0] INFO  ozoneimpl.ContainerReader (ContainerReader.java:readVolume(178)) - Finish verifying containers on volume /home/runner/work/ozone/ozone/hadoop-ozone/integration-test/target/test-dir/MiniOzoneClusterImpl-fb989876-9371-464e-b996-ece4d3fe3ecb/ozone-meta/datanode-7/data-0/hdds
2024-04-28 12:43:48,641 [59f7e7ee-27c3-4dbc-8a0c-a3c2dbd1352c-EndpointStateMachineTaskThread-/0.0.0.0:15091-0 ] INFO  ozoneimpl.OzoneContainer (OzoneContainer.java:buildContainerSet(328)) - Build ContainerSet costs 0s
2024-04-28 12:43:48,642 [59f7e7ee-27c3-4dbc-8a0c-a3c2dbd1352c-EndpointStateMachineTaskThread-/0.0.0.0:15091-0 ] INFO  volume.ThrottledAsyncChecker (ThrottledAsyncChecker.java:schedule(141)) - Scheduling a check for /home/runner/work/ozone/ozone/hadoop-ozone/integration-test/target/test-dir/MiniOzoneClusterImpl-fb989876-9371-464e-b996-ece4d3fe3ecb/ozone-meta/datanode-7/data-0/hdds
2024-04-28 12:43:48,642 [59f7e7ee-27c3-4dbc-8a0c-a3c2dbd1352c-EndpointStateMachineTaskThread-/0.0.0.0:15091-0 ] INFO  volume.StorageVolumeChecker (StorageVolumeChecker.java:checkAllVolumes(218)) - Scheduled health check for volume /home/runner/work/ozone/ozone/hadoop-ozone/integration-test/target/test-dir/MiniOzoneClusterImpl-fb989876-9371-464e-b996-ece4d3fe3ecb/ozone-meta/datanode-7/data-0/hdds
2024-04-28 12:43:48,643 [59f7e7ee-27c3-4dbc-8a0c-a3c2dbd1352c-EndpointStateMachineTaskThread-/0.0.0.0:15091-0 ] INFO  volume.ThrottledAsyncChecker (ThrottledAsyncChecker.java:schedule(141)) - Scheduling a check for /home/runner/work/ozone/ozone/hadoop-ozone/integration-test/target/test-dir/MiniOzoneClusterImpl-fb989876-9371-464e-b996-ece4d3fe3ecb/ozone-meta/datanode-7/ratis
2024-04-28 12:43:48,643 [59f7e7ee-27c3-4dbc-8a0c-a3c2dbd1352c-EndpointStateMachineTaskThread-/0.0.0.0:15091-0 ] INFO  volume.StorageVolumeChecker (StorageVolumeChecker.java:checkAllVolumes(218)) - Scheduled health check for volume /home/runner/work/ozone/ozone/hadoop-ozone/integration-test/target/test-dir/MiniOzoneClusterImpl-fb989876-9371-464e-b996-ece4d3fe3ecb/ozone-meta/datanode-7/ratis
2024-04-28 12:43:48,644 [59f7e7ee-27c3-4dbc-8a0c-a3c2dbd1352c-EndpointStateMachineTaskThread-/0.0.0.0:15091-0 ] INFO  ozoneimpl.OzoneContainer (OzoneContainer.java:start(459)) - Attempting to start container services.
2024-04-28 12:43:48,644 [59f7e7ee-27c3-4dbc-8a0c-a3c2dbd1352c-EndpointStateMachineTaskThread-/0.0.0.0:15091-0 ] WARN  ozoneimpl.OnDemandContainerDataScanner (OnDemandContainerDataScanner.java:init(75)) - Trying to initialize on demand scanner a second time on a datanode.
2024-04-28 12:43:48,645 [ContainerMetadataScanner] INFO  ozoneimpl.AbstractBackgroundContainerScanner (AbstractBackgroundContainerScanner.java:runIteration(87)) - Completed an iteration in 0 minutes. Number of iterations (since the data-node restart) : 1, Number of containers scanned in this iteration : 0, Number of unhealthy containers found in this iteration : 0
2024-04-28 12:43:48,645 [ContainerDataScanner(/home/runner/work/ozone/ozone/hadoop-ozone/integration-test/target/test-dir/MiniOzoneClusterImpl-fb989876-9371-464e-b996-ece4d3fe3ecb/ozone-meta/datanode-7/data-0/hdds)] INFO  ozoneimpl.AbstractBackgroundContainerScanner (AbstractBackgroundContainerScanner.java:runIteration(87)) - Completed an iteration in 0 minutes. Number of iterations (since the data-node restart) : 1, Number of containers scanned in this iteration : 0, Number of unhealthy containers found in this iteration : 0
2024-04-28 12:43:48,645 [59f7e7ee-27c3-4dbc-8a0c-a3c2dbd1352c-EndpointStateMachineTaskThread-/0.0.0.0:15091-0 ] INFO  replication.ReplicationServer (ReplicationServer.java:start(142)) - ReplicationServer is started using port 15159
2024-04-28 12:43:48,645 [59f7e7ee-27c3-4dbc-8a0c-a3c2dbd1352c-EndpointStateMachineTaskThread-/0.0.0.0:15091-0 ] INFO  ratis.XceiverServerRatis (XceiverServerRatis.java:start(566)) - Starting XceiverServerRatis 59f7e7ee-27c3-4dbc-8a0c-a3c2dbd1352c
2024-04-28 12:43:48,646 [59f7e7ee-27c3-4dbc-8a0c-a3c2dbd1352c-EndpointStateMachineTaskThread-/0.0.0.0:15091-0 ] INFO  server.RaftServer (RaftServerProxy.java:startImpl(406)) - 59f7e7ee-27c3-4dbc-8a0c-a3c2dbd1352c: start RPC server
2024-04-28 12:43:48,646 [59f7e7ee-27c3-4dbc-8a0c-a3c2dbd1352c-EndpointStateMachineTaskThread-/0.0.0.0:15091-0 ] INFO  server.GrpcService (GrpcService.java:startImpl(302)) - 59f7e7ee-27c3-4dbc-8a0c-a3c2dbd1352c: GrpcService started, listening on 15155
2024-04-28 12:43:48,646 [59f7e7ee-27c3-4dbc-8a0c-a3c2dbd1352c-EndpointStateMachineTaskThread-/0.0.0.0:15091-0 ] INFO  server.GrpcService (GrpcService.java:startImpl(302)) - 59f7e7ee-27c3-4dbc-8a0c-a3c2dbd1352c: GrpcService started, listening on 15157
2024-04-28 12:43:48,646 [59f7e7ee-27c3-4dbc-8a0c-a3c2dbd1352c-EndpointStateMachineTaskThread-/0.0.0.0:15091-0 ] INFO  server.GrpcService (GrpcService.java:startImpl(302)) - 59f7e7ee-27c3-4dbc-8a0c-a3c2dbd1352c: GrpcService started, listening on 15156
2024-04-28 12:43:48,647 [59f7e7ee-27c3-4dbc-8a0c-a3c2dbd1352c-EndpointStateMachineTaskThread-/0.0.0.0:15091-0 ] INFO  ratis.XceiverServerRatis (XceiverServerRatis.java:getRealPort(592)) - XceiverServerRatis 59f7e7ee-27c3-4dbc-8a0c-a3c2dbd1352c is started using port 15155 for RATIS
2024-04-28 12:43:48,647 [59f7e7ee-27c3-4dbc-8a0c-a3c2dbd1352c-EndpointStateMachineTaskThread-/0.0.0.0:15091-0 ] INFO  ratis.XceiverServerRatis (XceiverServerRatis.java:getRealPort(592)) - XceiverServerRatis 59f7e7ee-27c3-4dbc-8a0c-a3c2dbd1352c is started using port 15156 for RATIS_ADMIN
2024-04-28 12:43:48,647 [59f7e7ee-27c3-4dbc-8a0c-a3c2dbd1352c-EndpointStateMachineTaskThread-/0.0.0.0:15091-0 ] INFO  ratis.XceiverServerRatis (XceiverServerRatis.java:getRealPort(592)) - XceiverServerRatis 59f7e7ee-27c3-4dbc-8a0c-a3c2dbd1352c is started using port 15157 for RATIS_SERVER
2024-04-28 12:43:48,647 [59f7e7ee-27c3-4dbc-8a0c-a3c2dbd1352c-EndpointStateMachineTaskThread-/0.0.0.0:15091-0 ] INFO  ratis.XceiverServerRatis (XceiverServerRatis.java:getRealPort(592)) - XceiverServerRatis 59f7e7ee-27c3-4dbc-8a0c-a3c2dbd1352c is started using port 15158 for RATIS_DATASTREAM
2024-04-28 12:43:48,647 [JvmPauseMonitor19] INFO  util.JvmPauseMonitor (JvmPauseMonitor.java:run(146)) - JvmPauseMonitor-59f7e7ee-27c3-4dbc-8a0c-a3c2dbd1352c: Started
2024-04-28 12:43:48,648 [59f7e7ee-27c3-4dbc-8a0c-a3c2dbd1352c-BlockDeletingService#0] INFO  interfaces.ContainerDeletionChoosingPolicyTemplate (ContainerDeletionChoosingPolicyTemplate.java:chooseContainerForBlockDeletion(85)) - Chosen 0/5000 blocks from 0 candidate containers.
2024-04-28 12:43:48,713 [0f39c21b-d5b1-40df-b9b4-e74314e680e2-EndpointStateMachineTaskThread-/0.0.0.0:15091-0 ] INFO  utils.DatanodeStoreCache (DatanodeStoreCache.java:addDB(72)) - Added db /home/runner/work/ozone/ozone/hadoop-ozone/integration-test/target/test-dir/MiniOzoneClusterImpl-fb989876-9371-464e-b996-ece4d3fe3ecb/ozone-meta/datanode-8/data-0/hdds/fb989876-9371-464e-b996-ece4d3fe3ecb/DS-1e51e6f3-33cc-4295-afa9-d9dc63d41ace/container.db to cache
2024-04-28 12:43:48,713 [0f39c21b-d5b1-40df-b9b4-e74314e680e2-EndpointStateMachineTaskThread-/0.0.0.0:15091-0 ] INFO  volume.HddsVolume (HddsVolume.java:createDbStore(437)) - SchemaV3 db is created and loaded at /home/runner/work/ozone/ozone/hadoop-ozone/integration-test/target/test-dir/MiniOzoneClusterImpl-fb989876-9371-464e-b996-ece4d3fe3ecb/ozone-meta/datanode-8/data-0/hdds/fb989876-9371-464e-b996-ece4d3fe3ecb/DS-1e51e6f3-33cc-4295-afa9-d9dc63d41ace/container.db for volume DS-1e51e6f3-33cc-4295-afa9-d9dc63d41ace
2024-04-28 12:43:48,714 [0f39c21b-d5b1-40df-b9b4-e74314e680e2-ContainerReader-0] INFO  ozoneimpl.ContainerReader (ContainerReader.java:readVolume(148)) - Start to verify containers on volume /home/runner/work/ozone/ozone/hadoop-ozone/integration-test/target/test-dir/MiniOzoneClusterImpl-fb989876-9371-464e-b996-ece4d3fe3ecb/ozone-meta/datanode-8/data-0/hdds
2024-04-28 12:43:48,714 [0f39c21b-d5b1-40df-b9b4-e74314e680e2-ContainerReader-0] INFO  ozoneimpl.ContainerReader (ContainerReader.java:readVolume(178)) - Finish verifying containers on volume /home/runner/work/ozone/ozone/hadoop-ozone/integration-test/target/test-dir/MiniOzoneClusterImpl-fb989876-9371-464e-b996-ece4d3fe3ecb/ozone-meta/datanode-8/data-0/hdds
2024-04-28 12:43:48,715 [0f39c21b-d5b1-40df-b9b4-e74314e680e2-EndpointStateMachineTaskThread-/0.0.0.0:15091-0 ] INFO  ozoneimpl.OzoneContainer (OzoneContainer.java:buildContainerSet(328)) - Build ContainerSet costs 0s
2024-04-28 12:43:48,715 [0f39c21b-d5b1-40df-b9b4-e74314e680e2-EndpointStateMachineTaskThread-/0.0.0.0:15091-0 ] INFO  volume.ThrottledAsyncChecker (ThrottledAsyncChecker.java:schedule(141)) - Scheduling a check for /home/runner/work/ozone/ozone/hadoop-ozone/integration-test/target/test-dir/MiniOzoneClusterImpl-fb989876-9371-464e-b996-ece4d3fe3ecb/ozone-meta/datanode-8/data-0/hdds
2024-04-28 12:43:48,715 [0f39c21b-d5b1-40df-b9b4-e74314e680e2-EndpointStateMachineTaskThread-/0.0.0.0:15091-0 ] INFO  volume.StorageVolumeChecker (StorageVolumeChecker.java:checkAllVolumes(218)) - Scheduled health check for volume /home/runner/work/ozone/ozone/hadoop-ozone/integration-test/target/test-dir/MiniOzoneClusterImpl-fb989876-9371-464e-b996-ece4d3fe3ecb/ozone-meta/datanode-8/data-0/hdds
2024-04-28 12:43:48,716 [0f39c21b-d5b1-40df-b9b4-e74314e680e2-EndpointStateMachineTaskThread-/0.0.0.0:15091-0 ] INFO  volume.ThrottledAsyncChecker (ThrottledAsyncChecker.java:schedule(141)) - Scheduling a check for /home/runner/work/ozone/ozone/hadoop-ozone/integration-test/target/test-dir/MiniOzoneClusterImpl-fb989876-9371-464e-b996-ece4d3fe3ecb/ozone-meta/datanode-8/ratis
2024-04-28 12:43:48,716 [0f39c21b-d5b1-40df-b9b4-e74314e680e2-EndpointStateMachineTaskThread-/0.0.0.0:15091-0 ] INFO  volume.StorageVolumeChecker (StorageVolumeChecker.java:checkAllVolumes(218)) - Scheduled health check for volume /home/runner/work/ozone/ozone/hadoop-ozone/integration-test/target/test-dir/MiniOzoneClusterImpl-fb989876-9371-464e-b996-ece4d3fe3ecb/ozone-meta/datanode-8/ratis
2024-04-28 12:43:48,717 [0f39c21b-d5b1-40df-b9b4-e74314e680e2-EndpointStateMachineTaskThread-/0.0.0.0:15091-0 ] INFO  ozoneimpl.OzoneContainer (OzoneContainer.java:start(459)) - Attempting to start container services.
2024-04-28 12:43:48,717 [0f39c21b-d5b1-40df-b9b4-e74314e680e2-EndpointStateMachineTaskThread-/0.0.0.0:15091-0 ] WARN  ozoneimpl.OnDemandContainerDataScanner (OnDemandContainerDataScanner.java:init(75)) - Trying to initialize on demand scanner a second time on a datanode.
2024-04-28 12:43:48,717 [ContainerMetadataScanner] INFO  ozoneimpl.AbstractBackgroundContainerScanner (AbstractBackgroundContainerScanner.java:runIteration(87)) - Completed an iteration in 0 minutes. Number of iterations (since the data-node restart) : 1, Number of containers scanned in this iteration : 0, Number of unhealthy containers found in this iteration : 0
2024-04-28 12:43:48,718 [ContainerDataScanner(/home/runner/work/ozone/ozone/hadoop-ozone/integration-test/target/test-dir/MiniOzoneClusterImpl-fb989876-9371-464e-b996-ece4d3fe3ecb/ozone-meta/datanode-8/data-0/hdds)] INFO  ozoneimpl.AbstractBackgroundContainerScanner (AbstractBackgroundContainerScanner.java:runIteration(87)) - Completed an iteration in 0 minutes. Number of iterations (since the data-node restart) : 1, Number of containers scanned in this iteration : 0, Number of unhealthy containers found in this iteration : 0
2024-04-28 12:43:48,718 [0f39c21b-d5b1-40df-b9b4-e74314e680e2-EndpointStateMachineTaskThread-/0.0.0.0:15091-0 ] INFO  replication.ReplicationServer (ReplicationServer.java:start(142)) - ReplicationServer is started using port 15168
2024-04-28 12:43:48,718 [0f39c21b-d5b1-40df-b9b4-e74314e680e2-EndpointStateMachineTaskThread-/0.0.0.0:15091-0 ] INFO  ratis.XceiverServerRatis (XceiverServerRatis.java:start(566)) - Starting XceiverServerRatis 0f39c21b-d5b1-40df-b9b4-e74314e680e2
2024-04-28 12:43:48,722 [0f39c21b-d5b1-40df-b9b4-e74314e680e2-EndpointStateMachineTaskThread-/0.0.0.0:15091-0 ] INFO  server.RaftServer (RaftServerProxy.java:startImpl(406)) - 0f39c21b-d5b1-40df-b9b4-e74314e680e2: start RPC server
2024-04-28 12:43:48,724 [0f39c21b-d5b1-40df-b9b4-e74314e680e2-EndpointStateMachineTaskThread-/0.0.0.0:15091-0 ] INFO  server.GrpcService (GrpcService.java:startImpl(302)) - 0f39c21b-d5b1-40df-b9b4-e74314e680e2: GrpcService started, listening on 15164
2024-04-28 12:43:48,724 [0f39c21b-d5b1-40df-b9b4-e74314e680e2-EndpointStateMachineTaskThread-/0.0.0.0:15091-0 ] INFO  server.GrpcService (GrpcService.java:startImpl(302)) - 0f39c21b-d5b1-40df-b9b4-e74314e680e2: GrpcService started, listening on 15166
2024-04-28 12:43:48,724 [0f39c21b-d5b1-40df-b9b4-e74314e680e2-EndpointStateMachineTaskThread-/0.0.0.0:15091-0 ] INFO  server.GrpcService (GrpcService.java:startImpl(302)) - 0f39c21b-d5b1-40df-b9b4-e74314e680e2: GrpcService started, listening on 15165
2024-04-28 12:43:48,724 [0f39c21b-d5b1-40df-b9b4-e74314e680e2-EndpointStateMachineTaskThread-/0.0.0.0:15091-0 ] INFO  ratis.XceiverServerRatis (XceiverServerRatis.java:getRealPort(592)) - XceiverServerRatis 0f39c21b-d5b1-40df-b9b4-e74314e680e2 is started using port 15164 for RATIS
2024-04-28 12:43:48,724 [JvmPauseMonitor20] INFO  util.JvmPauseMonitor (JvmPauseMonitor.java:run(146)) - JvmPauseMonitor-0f39c21b-d5b1-40df-b9b4-e74314e680e2: Started
2024-04-28 12:43:48,724 [0f39c21b-d5b1-40df-b9b4-e74314e680e2-EndpointStateMachineTaskThread-/0.0.0.0:15091-0 ] INFO  ratis.XceiverServerRatis (XceiverServerRatis.java:getRealPort(592)) - XceiverServerRatis 0f39c21b-d5b1-40df-b9b4-e74314e680e2 is started using port 15165 for RATIS_ADMIN
2024-04-28 12:43:48,724 [0f39c21b-d5b1-40df-b9b4-e74314e680e2-EndpointStateMachineTaskThread-/0.0.0.0:15091-0 ] INFO  ratis.XceiverServerRatis (XceiverServerRatis.java:getRealPort(592)) - XceiverServerRatis 0f39c21b-d5b1-40df-b9b4-e74314e680e2 is started using port 15166 for RATIS_SERVER
2024-04-28 12:43:48,724 [0f39c21b-d5b1-40df-b9b4-e74314e680e2-EndpointStateMachineTaskThread-/0.0.0.0:15091-0 ] INFO  ratis.XceiverServerRatis (XceiverServerRatis.java:getRealPort(592)) - XceiverServerRatis 0f39c21b-d5b1-40df-b9b4-e74314e680e2 is started using port 15167 for RATIS_DATASTREAM
2024-04-28 12:43:48,727 [0f39c21b-d5b1-40df-b9b4-e74314e680e2-BlockDeletingService#0] INFO  interfaces.ContainerDeletionChoosingPolicyTemplate (ContainerDeletionChoosingPolicyTemplate.java:chooseContainerForBlockDeletion(85)) - Chosen 0/5000 blocks from 0 candidate containers.
2024-04-28 12:43:48,750 [main] INFO  ozone.MiniOzoneClusterImpl (MiniOzoneClusterImpl.java:lambda$waitForClusterToBeReady$0(194)) - Waiting for nodes to be ready. Got 0 of 9 DN Heartbeats.
2024-04-28 12:43:48,750 [main] INFO  ozone.MiniOzoneClusterImpl (MiniOzoneClusterImpl.java:lambda$waitForClusterToBeReady$0(197)) - Waiting for cluster to exit safe mode
2024-04-28 12:43:48,750 [main] INFO  ozone.MiniOzoneClusterImpl (MiniOzoneClusterImpl.java:lambda$waitForClusterToBeReady$0(199)) - SCM became leader
2024-04-28 12:43:48,766 [bc7e9acf-0dfc-47a3-8dfb-4b83deb456d1-EndpointStateMachineTaskThread-/0.0.0.0:15091-0 ] INFO  utils.DatanodeStoreCache (DatanodeStoreCache.java:addDB(72)) - Added db /home/runner/work/ozone/ozone/hadoop-ozone/integration-test/target/test-dir/MiniOzoneClusterImpl-fb989876-9371-464e-b996-ece4d3fe3ecb/ozone-meta/datanode-9/data-0/hdds/fb989876-9371-464e-b996-ece4d3fe3ecb/DS-71dc244d-30ac-4301-9176-6306de09b30b/container.db to cache
2024-04-28 12:43:48,766 [bc7e9acf-0dfc-47a3-8dfb-4b83deb456d1-EndpointStateMachineTaskThread-/0.0.0.0:15091-0 ] INFO  volume.HddsVolume (HddsVolume.java:createDbStore(437)) - SchemaV3 db is created and loaded at /home/runner/work/ozone/ozone/hadoop-ozone/integration-test/target/test-dir/MiniOzoneClusterImpl-fb989876-9371-464e-b996-ece4d3fe3ecb/ozone-meta/datanode-9/data-0/hdds/fb989876-9371-464e-b996-ece4d3fe3ecb/DS-71dc244d-30ac-4301-9176-6306de09b30b/container.db for volume DS-71dc244d-30ac-4301-9176-6306de09b30b
2024-04-28 12:43:48,767 [bc7e9acf-0dfc-47a3-8dfb-4b83deb456d1-ContainerReader-0] INFO  ozoneimpl.ContainerReader (ContainerReader.java:readVolume(148)) - Start to verify containers on volume /home/runner/work/ozone/ozone/hadoop-ozone/integration-test/target/test-dir/MiniOzoneClusterImpl-fb989876-9371-464e-b996-ece4d3fe3ecb/ozone-meta/datanode-9/data-0/hdds
2024-04-28 12:43:48,767 [bc7e9acf-0dfc-47a3-8dfb-4b83deb456d1-ContainerReader-0] INFO  ozoneimpl.ContainerReader (ContainerReader.java:readVolume(178)) - Finish verifying containers on volume /home/runner/work/ozone/ozone/hadoop-ozone/integration-test/target/test-dir/MiniOzoneClusterImpl-fb989876-9371-464e-b996-ece4d3fe3ecb/ozone-meta/datanode-9/data-0/hdds
2024-04-28 12:43:48,767 [bc7e9acf-0dfc-47a3-8dfb-4b83deb456d1-EndpointStateMachineTaskThread-/0.0.0.0:15091-0 ] INFO  ozoneimpl.OzoneContainer (OzoneContainer.java:buildContainerSet(328)) - Build ContainerSet costs 0s
2024-04-28 12:43:48,767 [bc7e9acf-0dfc-47a3-8dfb-4b83deb456d1-EndpointStateMachineTaskThread-/0.0.0.0:15091-0 ] INFO  volume.ThrottledAsyncChecker (ThrottledAsyncChecker.java:schedule(141)) - Scheduling a check for /home/runner/work/ozone/ozone/hadoop-ozone/integration-test/target/test-dir/MiniOzoneClusterImpl-fb989876-9371-464e-b996-ece4d3fe3ecb/ozone-meta/datanode-9/data-0/hdds
2024-04-28 12:43:48,768 [bc7e9acf-0dfc-47a3-8dfb-4b83deb456d1-EndpointStateMachineTaskThread-/0.0.0.0:15091-0 ] INFO  volume.StorageVolumeChecker (StorageVolumeChecker.java:checkAllVolumes(218)) - Scheduled health check for volume /home/runner/work/ozone/ozone/hadoop-ozone/integration-test/target/test-dir/MiniOzoneClusterImpl-fb989876-9371-464e-b996-ece4d3fe3ecb/ozone-meta/datanode-9/data-0/hdds
2024-04-28 12:43:48,769 [bc7e9acf-0dfc-47a3-8dfb-4b83deb456d1-EndpointStateMachineTaskThread-/0.0.0.0:15091-0 ] INFO  volume.ThrottledAsyncChecker (ThrottledAsyncChecker.java:schedule(141)) - Scheduling a check for /home/runner/work/ozone/ozone/hadoop-ozone/integration-test/target/test-dir/MiniOzoneClusterImpl-fb989876-9371-464e-b996-ece4d3fe3ecb/ozone-meta/datanode-9/ratis
2024-04-28 12:43:48,769 [bc7e9acf-0dfc-47a3-8dfb-4b83deb456d1-EndpointStateMachineTaskThread-/0.0.0.0:15091-0 ] INFO  volume.StorageVolumeChecker (StorageVolumeChecker.java:checkAllVolumes(218)) - Scheduled health check for volume /home/runner/work/ozone/ozone/hadoop-ozone/integration-test/target/test-dir/MiniOzoneClusterImpl-fb989876-9371-464e-b996-ece4d3fe3ecb/ozone-meta/datanode-9/ratis
2024-04-28 12:43:48,769 [bc7e9acf-0dfc-47a3-8dfb-4b83deb456d1-EndpointStateMachineTaskThread-/0.0.0.0:15091-0 ] INFO  ozoneimpl.OzoneContainer (OzoneContainer.java:start(459)) - Attempting to start container services.
2024-04-28 12:43:48,770 [bc7e9acf-0dfc-47a3-8dfb-4b83deb456d1-EndpointStateMachineTaskThread-/0.0.0.0:15091-0 ] WARN  ozoneimpl.OnDemandContainerDataScanner (OnDemandContainerDataScanner.java:init(75)) - Trying to initialize on demand scanner a second time on a datanode.
2024-04-28 12:43:48,770 [ContainerMetadataScanner] INFO  ozoneimpl.AbstractBackgroundContainerScanner (AbstractBackgroundContainerScanner.java:runIteration(87)) - Completed an iteration in 0 minutes. Number of iterations (since the data-node restart) : 1, Number of containers scanned in this iteration : 0, Number of unhealthy containers found in this iteration : 0
2024-04-28 12:43:48,770 [ContainerDataScanner(/home/runner/work/ozone/ozone/hadoop-ozone/integration-test/target/test-dir/MiniOzoneClusterImpl-fb989876-9371-464e-b996-ece4d3fe3ecb/ozone-meta/datanode-9/data-0/hdds)] INFO  ozoneimpl.AbstractBackgroundContainerScanner (AbstractBackgroundContainerScanner.java:runIteration(87)) - Completed an iteration in 0 minutes. Number of iterations (since the data-node restart) : 1, Number of containers scanned in this iteration : 0, Number of unhealthy containers found in this iteration : 0
2024-04-28 12:43:48,771 [bc7e9acf-0dfc-47a3-8dfb-4b83deb456d1-EndpointStateMachineTaskThread-/0.0.0.0:15091-0 ] INFO  replication.ReplicationServer (ReplicationServer.java:start(142)) - ReplicationServer is started using port 15177
2024-04-28 12:43:48,771 [bc7e9acf-0dfc-47a3-8dfb-4b83deb456d1-EndpointStateMachineTaskThread-/0.0.0.0:15091-0 ] INFO  ratis.XceiverServerRatis (XceiverServerRatis.java:start(566)) - Starting XceiverServerRatis bc7e9acf-0dfc-47a3-8dfb-4b83deb456d1
2024-04-28 12:43:48,773 [bc7e9acf-0dfc-47a3-8dfb-4b83deb456d1-EndpointStateMachineTaskThread-/0.0.0.0:15091-0 ] INFO  server.RaftServer (RaftServerProxy.java:startImpl(406)) - bc7e9acf-0dfc-47a3-8dfb-4b83deb456d1: start RPC server
2024-04-28 12:43:48,775 [bc7e9acf-0dfc-47a3-8dfb-4b83deb456d1-EndpointStateMachineTaskThread-/0.0.0.0:15091-0 ] INFO  server.GrpcService (GrpcService.java:startImpl(302)) - bc7e9acf-0dfc-47a3-8dfb-4b83deb456d1: GrpcService started, listening on 15173
2024-04-28 12:43:48,776 [bc7e9acf-0dfc-47a3-8dfb-4b83deb456d1-EndpointStateMachineTaskThread-/0.0.0.0:15091-0 ] INFO  server.GrpcService (GrpcService.java:startImpl(302)) - bc7e9acf-0dfc-47a3-8dfb-4b83deb456d1: GrpcService started, listening on 15175
2024-04-28 12:43:48,776 [bc7e9acf-0dfc-47a3-8dfb-4b83deb456d1-EndpointStateMachineTaskThread-/0.0.0.0:15091-0 ] INFO  server.GrpcService (GrpcService.java:startImpl(302)) - bc7e9acf-0dfc-47a3-8dfb-4b83deb456d1: GrpcService started, listening on 15174
2024-04-28 12:43:48,776 [bc7e9acf-0dfc-47a3-8dfb-4b83deb456d1-EndpointStateMachineTaskThread-/0.0.0.0:15091-0 ] INFO  ratis.XceiverServerRatis (XceiverServerRatis.java:getRealPort(592)) - XceiverServerRatis bc7e9acf-0dfc-47a3-8dfb-4b83deb456d1 is started using port 15173 for RATIS
2024-04-28 12:43:48,776 [JvmPauseMonitor21] INFO  util.JvmPauseMonitor (JvmPauseMonitor.java:run(146)) - JvmPauseMonitor-bc7e9acf-0dfc-47a3-8dfb-4b83deb456d1: Started
2024-04-28 12:43:48,776 [bc7e9acf-0dfc-47a3-8dfb-4b83deb456d1-EndpointStateMachineTaskThread-/0.0.0.0:15091-0 ] INFO  ratis.XceiverServerRatis (XceiverServerRatis.java:getRealPort(592)) - XceiverServerRatis bc7e9acf-0dfc-47a3-8dfb-4b83deb456d1 is started using port 15174 for RATIS_ADMIN
2024-04-28 12:43:48,776 [bc7e9acf-0dfc-47a3-8dfb-4b83deb456d1-EndpointStateMachineTaskThread-/0.0.0.0:15091-0 ] INFO  ratis.XceiverServerRatis (XceiverServerRatis.java:getRealPort(592)) - XceiverServerRatis bc7e9acf-0dfc-47a3-8dfb-4b83deb456d1 is started using port 15175 for RATIS_SERVER
2024-04-28 12:43:48,776 [bc7e9acf-0dfc-47a3-8dfb-4b83deb456d1-EndpointStateMachineTaskThread-/0.0.0.0:15091-0 ] INFO  ratis.XceiverServerRatis (XceiverServerRatis.java:getRealPort(592)) - XceiverServerRatis bc7e9acf-0dfc-47a3-8dfb-4b83deb456d1 is started using port 15176 for RATIS_DATASTREAM
2024-04-28 12:43:48,777 [bc7e9acf-0dfc-47a3-8dfb-4b83deb456d1-BlockDeletingService#0] INFO  interfaces.ContainerDeletionChoosingPolicyTemplate (ContainerDeletionChoosingPolicyTemplate.java:chooseContainerForBlockDeletion(85)) - Chosen 0/5000 blocks from 0 candidate containers.
2024-04-28 12:43:49,750 [main] INFO  ozone.MiniOzoneClusterImpl (MiniOzoneClusterImpl.java:lambda$waitForClusterToBeReady$0(194)) - Waiting for nodes to be ready. Got 0 of 9 DN Heartbeats.
2024-04-28 12:43:49,750 [main] INFO  ozone.MiniOzoneClusterImpl (MiniOzoneClusterImpl.java:lambda$waitForClusterToBeReady$0(197)) - Waiting for cluster to exit safe mode
2024-04-28 12:43:49,750 [main] INFO  ozone.MiniOzoneClusterImpl (MiniOzoneClusterImpl.java:lambda$waitForClusterToBeReady$0(199)) - SCM became leader
2024-04-28 12:43:50,168 [IPC Server handler 5 on default port 15091] INFO  net.NetworkTopologyImpl (NetworkTopologyImpl.java:add(134)) - Added a new node: /default-rack/53f12868-9e08-461f-b1df-8616d22e03b0
2024-04-28 12:43:50,168 [IPC Server handler 5 on default port 15091] INFO  node.SCMNodeManager (SCMNodeManager.java:register(421)) - Registered datanode: 53f12868-9e08-461f-b1df-8616d22e03b0{ip: 127.0.0.1, host: localhost, ports: [HTTP=15098, CLIENT_RPC=15099, REPLICATION=15105, RATIS=15101, RATIS_ADMIN=15102, RATIS_SERVER=15103, RATIS_DATASTREAM=15104, STANDALONE=15100], networkLocation: /default-rack, certSerialId: null, persistedOpState: null, persistedOpStateExpiryEpochSec: 0}
2024-04-28 12:43:50,168 [EventQueue-NewNodeForNewNodeHandler] INFO  pipeline.BackgroundPipelineCreator (BackgroundPipelineCreator.java:notifyEventTriggered(280)) - trigger a one-shot run on RatisPipelineUtilsThread.
2024-04-28 12:43:50,169 [EventQueue-NodeRegistrationContainerReportForContainerSafeModeRule] INFO  safemode.SCMSafeModeManager (SCMSafeModeManager.java:validateSafeModeExitRules(203)) - ContainerSafeModeRule rule is successfully validated
2024-04-28 12:43:50,169 [EventQueue-NodeRegistrationContainerReportForDataNodeSafeModeRule] INFO  safemode.SCMSafeModeManager (DataNodeSafeModeRule.java:process(71)) - SCM in safe mode. 1 DataNodes registered, 3 required.
2024-04-28 12:43:50,169 [RatisPipelineUtilsThread-0] INFO  pipeline.RatisPipelineProvider (RatisPipelineProvider.java:lambda$create$0(205)) - Sending CreatePipelineCommand for pipeline:PipelineID=36285d89-3fd5-498b-9d95-c697afb1141a to datanode:53f12868-9e08-461f-b1df-8616d22e03b0
2024-04-28 12:43:50,169 [EventQueue-PipelineReportForOneReplicaPipelineSafeModeRule] INFO  safemode.SCMSafeModeManager (SCMSafeModeManager.java:validateSafeModeExitRules(203)) - AtleastOneDatanodeReportedRule rule is successfully validated
2024-04-28 12:43:50,170 [RatisPipelineUtilsThread-0] INFO  pipeline.BackgroundPipelineCreator (BackgroundPipelineCreator.java:createPipelines(236)) - Created new pipeline Pipeline[ Id: 36285d89-3fd5-498b-9d95-c697afb1141a, Nodes: 53f12868-9e08-461f-b1df-8616d22e03b0(localhost/127.0.0.1), ReplicationConfig: RATIS/ONE, State:ALLOCATED, leaderId:, CreationTimestamp2024-04-28T12:43:50.169056187Z[Etc/UTC]]
2024-04-28 12:43:50,236 [IPC Server handler 6 on default port 15091] INFO  net.NetworkTopologyImpl (NetworkTopologyImpl.java:add(134)) - Added a new node: /default-rack/e9c86f68-3649-4446-905a-585a397e3574
2024-04-28 12:43:50,237 [IPC Server handler 6 on default port 15091] INFO  node.SCMNodeManager (SCMNodeManager.java:register(421)) - Registered datanode: e9c86f68-3649-4446-905a-585a397e3574{ip: 127.0.0.1, host: localhost, ports: [HTTP=15107, CLIENT_RPC=15108, REPLICATION=15114, RATIS=15110, RATIS_ADMIN=15111, RATIS_SERVER=15112, RATIS_DATASTREAM=15113, STANDALONE=15109], networkLocation: /default-rack, certSerialId: null, persistedOpState: null, persistedOpStateExpiryEpochSec: 0}
2024-04-28 12:43:50,237 [EventQueue-NewNodeForNewNodeHandler] INFO  pipeline.BackgroundPipelineCreator (BackgroundPipelineCreator.java:notifyEventTriggered(280)) - trigger a one-shot run on RatisPipelineUtilsThread.
2024-04-28 12:43:50,237 [EventQueue-NodeRegistrationContainerReportForDataNodeSafeModeRule] INFO  safemode.SCMSafeModeManager (DataNodeSafeModeRule.java:process(71)) - SCM in safe mode. 2 DataNodes registered, 3 required.
2024-04-28 12:43:50,237 [RatisPipelineUtilsThread-0] INFO  pipeline.RatisPipelineProvider (RatisPipelineProvider.java:lambda$create$0(205)) - Sending CreatePipelineCommand for pipeline:PipelineID=cbfb3750-0957-4ea3-a053-249964eaa68a to datanode:e9c86f68-3649-4446-905a-585a397e3574
2024-04-28 12:43:50,238 [RatisPipelineUtilsThread-0] INFO  pipeline.BackgroundPipelineCreator (BackgroundPipelineCreator.java:createPipelines(236)) - Created new pipeline Pipeline[ Id: cbfb3750-0957-4ea3-a053-249964eaa68a, Nodes: e9c86f68-3649-4446-905a-585a397e3574(localhost/127.0.0.1), ReplicationConfig: RATIS/ONE, State:ALLOCATED, leaderId:, CreationTimestamp2024-04-28T12:43:50.237853686Z[Etc/UTC]]
2024-04-28 12:43:50,293 [IPC Server handler 7 on default port 15091] INFO  net.NetworkTopologyImpl (NetworkTopologyImpl.java:add(134)) - Added a new node: /default-rack/013b6299-c97b-4afe-8aa4-203fc50eadfd
2024-04-28 12:43:50,293 [IPC Server handler 7 on default port 15091] INFO  node.SCMNodeManager (SCMNodeManager.java:register(421)) - Registered datanode: 013b6299-c97b-4afe-8aa4-203fc50eadfd{ip: 127.0.0.1, host: localhost, ports: [HTTP=15116, CLIENT_RPC=15117, REPLICATION=15123, RATIS=15119, RATIS_ADMIN=15120, RATIS_SERVER=15121, RATIS_DATASTREAM=15122, STANDALONE=15118], networkLocation: /default-rack, certSerialId: null, persistedOpState: null, persistedOpStateExpiryEpochSec: 0}
2024-04-28 12:43:50,293 [EventQueue-NodeRegistrationContainerReportForDataNodeSafeModeRule] INFO  safemode.SCMSafeModeManager (DataNodeSafeModeRule.java:process(71)) - SCM in safe mode. 3 DataNodes registered, 3 required.
2024-04-28 12:43:50,293 [EventQueue-NewNodeForNewNodeHandler] INFO  pipeline.BackgroundPipelineCreator (BackgroundPipelineCreator.java:notifyEventTriggered(280)) - trigger a one-shot run on RatisPipelineUtilsThread.
2024-04-28 12:43:50,293 [EventQueue-NodeRegistrationContainerReportForDataNodeSafeModeRule] INFO  safemode.SCMSafeModeManager (SCMSafeModeManager.java:validateSafeModeExitRules(203)) - DataNodeSafeModeRule rule is successfully validated
2024-04-28 12:43:50,293 [EventQueue-NodeRegistrationContainerReportForDataNodeSafeModeRule] INFO  safemode.SCMSafeModeManager (SCMSafeModeManager.java:completePreCheck(232)) - All SCM safe mode pre check rules have passed
2024-04-28 12:43:50,293 [EventQueue-NodeRegistrationContainerReportForDataNodeSafeModeRule] INFO  ha.SCMContext (SCMContext.java:updateSafeModeStatus(225)) - Update SafeModeStatus from SafeModeStatus{safeModeStatus=true, preCheckPassed=false} to SafeModeStatus{safeModeStatus=true, preCheckPassed=true}.
2024-04-28 12:43:50,294 [EventQueue-NodeRegistrationContainerReportForDataNodeSafeModeRule] INFO  pipeline.BackgroundPipelineCreator (BackgroundPipelineCreator.java:notifyEventTriggered(280)) - trigger a one-shot run on RatisPipelineUtilsThread.
2024-04-28 12:43:50,294 [RatisPipelineUtilsThread-0] INFO  pipeline.RatisPipelineProvider (RatisPipelineProvider.java:lambda$create$0(205)) - Sending CreatePipelineCommand for pipeline:PipelineID=253fb1b8-b754-46f5-9b6f-b64080496af1 to datanode:013b6299-c97b-4afe-8aa4-203fc50eadfd
2024-04-28 12:43:50,294 [RatisPipelineUtilsThread-0] INFO  pipeline.BackgroundPipelineCreator (BackgroundPipelineCreator.java:createPipelines(236)) - Created new pipeline Pipeline[ Id: 253fb1b8-b754-46f5-9b6f-b64080496af1, Nodes: 013b6299-c97b-4afe-8aa4-203fc50eadfd(localhost/127.0.0.1), ReplicationConfig: RATIS/ONE, State:ALLOCATED, leaderId:, CreationTimestamp2024-04-28T12:43:50.294022040Z[Etc/UTC]]
2024-04-28 12:43:50,295 [RatisPipelineUtilsThread-0] INFO  pipeline.RatisPipelineProvider (RatisPipelineProvider.java:lambda$create$0(205)) - Sending CreatePipelineCommand for pipeline:PipelineID=989d9bce-39bb-4444-b4fa-64502a0fa25a to datanode:53f12868-9e08-461f-b1df-8616d22e03b0
2024-04-28 12:43:50,295 [RatisPipelineUtilsThread-0] INFO  pipeline.RatisPipelineProvider (RatisPipelineProvider.java:lambda$create$0(205)) - Sending CreatePipelineCommand for pipeline:PipelineID=989d9bce-39bb-4444-b4fa-64502a0fa25a to datanode:013b6299-c97b-4afe-8aa4-203fc50eadfd
2024-04-28 12:43:50,295 [RatisPipelineUtilsThread-0] INFO  pipeline.RatisPipelineProvider (RatisPipelineProvider.java:lambda$create$0(205)) - Sending CreatePipelineCommand for pipeline:PipelineID=989d9bce-39bb-4444-b4fa-64502a0fa25a to datanode:e9c86f68-3649-4446-905a-585a397e3574
2024-04-28 12:43:50,296 [RatisPipelineUtilsThread-0] INFO  pipeline.BackgroundPipelineCreator (BackgroundPipelineCreator.java:createPipelines(236)) - Created new pipeline Pipeline[ Id: 989d9bce-39bb-4444-b4fa-64502a0fa25a, Nodes: 53f12868-9e08-461f-b1df-8616d22e03b0(localhost/127.0.0.1)013b6299-c97b-4afe-8aa4-203fc50eadfd(localhost/127.0.0.1)e9c86f68-3649-4446-905a-585a397e3574(localhost/127.0.0.1), ReplicationConfig: RATIS/THREE, State:ALLOCATED, leaderId:, CreationTimestamp2024-04-28T12:43:50.295345348Z[Etc/UTC]]
2024-04-28 12:43:50,364 [IPC Server handler 8 on default port 15091] INFO  net.NetworkTopologyImpl (NetworkTopologyImpl.java:add(134)) - Added a new node: /default-rack/1d4b00a3-9857-4eac-ad23-fb07690fc4d9
2024-04-28 12:43:50,364 [IPC Server handler 8 on default port 15091] INFO  node.SCMNodeManager (SCMNodeManager.java:register(421)) - Registered datanode: 1d4b00a3-9857-4eac-ad23-fb07690fc4d9{ip: 127.0.0.1, host: localhost, ports: [HTTP=15125, CLIENT_RPC=15126, REPLICATION=15132, RATIS=15128, RATIS_ADMIN=15129, RATIS_SERVER=15130, RATIS_DATASTREAM=15131, STANDALONE=15127], networkLocation: /default-rack, certSerialId: null, persistedOpState: null, persistedOpStateExpiryEpochSec: 0}
2024-04-28 12:43:50,365 [EventQueue-NewNodeForNewNodeHandler] INFO  pipeline.BackgroundPipelineCreator (BackgroundPipelineCreator.java:notifyEventTriggered(280)) - trigger a one-shot run on RatisPipelineUtilsThread.
2024-04-28 12:43:50,365 [RatisPipelineUtilsThread-0] INFO  pipeline.RatisPipelineProvider (RatisPipelineProvider.java:lambda$create$0(205)) - Sending CreatePipelineCommand for pipeline:PipelineID=41470a04-c002-4d55-a216-9d1e68a9fb73 to datanode:1d4b00a3-9857-4eac-ad23-fb07690fc4d9
2024-04-28 12:43:50,365 [RatisPipelineUtilsThread-0] INFO  pipeline.BackgroundPipelineCreator (BackgroundPipelineCreator.java:createPipelines(236)) - Created new pipeline Pipeline[ Id: 41470a04-c002-4d55-a216-9d1e68a9fb73, Nodes: 1d4b00a3-9857-4eac-ad23-fb07690fc4d9(localhost/127.0.0.1), ReplicationConfig: RATIS/ONE, State:ALLOCATED, leaderId:, CreationTimestamp2024-04-28T12:43:50.365440932Z[Etc/UTC]]
2024-04-28 12:43:50,447 [IPC Server handler 0 on default port 15091] INFO  net.NetworkTopologyImpl (NetworkTopologyImpl.java:add(134)) - Added a new node: /default-rack/1d5b270c-141e-46ec-a0c0-ed60a5ff00c9
2024-04-28 12:43:50,448 [IPC Server handler 0 on default port 15091] INFO  node.SCMNodeManager (SCMNodeManager.java:register(421)) - Registered datanode: 1d5b270c-141e-46ec-a0c0-ed60a5ff00c9{ip: 127.0.0.1, host: localhost, ports: [HTTP=15134, CLIENT_RPC=15135, REPLICATION=15141, RATIS=15137, RATIS_ADMIN=15138, RATIS_SERVER=15139, RATIS_DATASTREAM=15140, STANDALONE=15136], networkLocation: /default-rack, certSerialId: null, persistedOpState: null, persistedOpStateExpiryEpochSec: 0}
2024-04-28 12:43:50,448 [EventQueue-NewNodeForNewNodeHandler] INFO  pipeline.BackgroundPipelineCreator (BackgroundPipelineCreator.java:notifyEventTriggered(280)) - trigger a one-shot run on RatisPipelineUtilsThread.
2024-04-28 12:43:50,448 [RatisPipelineUtilsThread-0] INFO  pipeline.RatisPipelineProvider (RatisPipelineProvider.java:lambda$create$0(205)) - Sending CreatePipelineCommand for pipeline:PipelineID=3098f1ed-9f27-4197-9e75-7aa1db745b26 to datanode:1d5b270c-141e-46ec-a0c0-ed60a5ff00c9
2024-04-28 12:43:50,449 [RatisPipelineUtilsThread-0] INFO  pipeline.BackgroundPipelineCreator (BackgroundPipelineCreator.java:createPipelines(236)) - Created new pipeline Pipeline[ Id: 3098f1ed-9f27-4197-9e75-7aa1db745b26, Nodes: 1d5b270c-141e-46ec-a0c0-ed60a5ff00c9(localhost/127.0.0.1), ReplicationConfig: RATIS/ONE, State:ALLOCATED, leaderId:, CreationTimestamp2024-04-28T12:43:50.448701430Z[Etc/UTC]]
2024-04-28 12:43:50,533 [IPC Server handler 1 on default port 15091] INFO  net.NetworkTopologyImpl (NetworkTopologyImpl.java:add(134)) - Added a new node: /default-rack/1070cd50-d4de-4eff-9e7b-13f77727c4d2
2024-04-28 12:43:50,533 [IPC Server handler 1 on default port 15091] INFO  node.SCMNodeManager (SCMNodeManager.java:register(421)) - Registered datanode: 1070cd50-d4de-4eff-9e7b-13f77727c4d2{ip: 127.0.0.1, host: localhost, ports: [HTTP=15143, CLIENT_RPC=15144, REPLICATION=15150, RATIS=15146, RATIS_ADMIN=15147, RATIS_SERVER=15148, RATIS_DATASTREAM=15149, STANDALONE=15145], networkLocation: /default-rack, certSerialId: null, persistedOpState: null, persistedOpStateExpiryEpochSec: 0}
2024-04-28 12:43:50,533 [EventQueue-NewNodeForNewNodeHandler] INFO  pipeline.BackgroundPipelineCreator (BackgroundPipelineCreator.java:notifyEventTriggered(280)) - trigger a one-shot run on RatisPipelineUtilsThread.
2024-04-28 12:43:50,534 [RatisPipelineUtilsThread-0] INFO  pipeline.RatisPipelineProvider (RatisPipelineProvider.java:lambda$create$0(205)) - Sending CreatePipelineCommand for pipeline:PipelineID=a738411f-a299-4ef0-8116-bbf6c343bd26 to datanode:1070cd50-d4de-4eff-9e7b-13f77727c4d2
2024-04-28 12:43:50,534 [RatisPipelineUtilsThread-0] INFO  pipeline.BackgroundPipelineCreator (BackgroundPipelineCreator.java:createPipelines(236)) - Created new pipeline Pipeline[ Id: a738411f-a299-4ef0-8116-bbf6c343bd26, Nodes: 1070cd50-d4de-4eff-9e7b-13f77727c4d2(localhost/127.0.0.1), ReplicationConfig: RATIS/ONE, State:ALLOCATED, leaderId:, CreationTimestamp2024-04-28T12:43:50.534268694Z[Etc/UTC]]
2024-04-28 12:43:50,535 [RatisPipelineUtilsThread-0] INFO  pipeline.RatisPipelineProvider (RatisPipelineProvider.java:lambda$create$0(205)) - Sending CreatePipelineCommand for pipeline:PipelineID=6137e3d0-c177-448d-9fbd-7ac4a5481f83 to datanode:1070cd50-d4de-4eff-9e7b-13f77727c4d2
2024-04-28 12:43:50,535 [RatisPipelineUtilsThread-0] INFO  pipeline.RatisPipelineProvider (RatisPipelineProvider.java:lambda$create$0(205)) - Sending CreatePipelineCommand for pipeline:PipelineID=6137e3d0-c177-448d-9fbd-7ac4a5481f83 to datanode:1d5b270c-141e-46ec-a0c0-ed60a5ff00c9
2024-04-28 12:43:50,535 [RatisPipelineUtilsThread-0] INFO  pipeline.RatisPipelineProvider (RatisPipelineProvider.java:lambda$create$0(205)) - Sending CreatePipelineCommand for pipeline:PipelineID=6137e3d0-c177-448d-9fbd-7ac4a5481f83 to datanode:1d4b00a3-9857-4eac-ad23-fb07690fc4d9
2024-04-28 12:43:50,536 [RatisPipelineUtilsThread-0] INFO  pipeline.BackgroundPipelineCreator (BackgroundPipelineCreator.java:createPipelines(236)) - Created new pipeline Pipeline[ Id: 6137e3d0-c177-448d-9fbd-7ac4a5481f83, Nodes: 1070cd50-d4de-4eff-9e7b-13f77727c4d2(localhost/127.0.0.1)1d5b270c-141e-46ec-a0c0-ed60a5ff00c9(localhost/127.0.0.1)1d4b00a3-9857-4eac-ad23-fb07690fc4d9(localhost/127.0.0.1), ReplicationConfig: RATIS/THREE, State:ALLOCATED, leaderId:, CreationTimestamp2024-04-28T12:43:50.535523985Z[Etc/UTC]]
2024-04-28 12:43:50,624 [IPC Server handler 2 on default port 15091] INFO  net.NetworkTopologyImpl (NetworkTopologyImpl.java:add(134)) - Added a new node: /default-rack/59f7e7ee-27c3-4dbc-8a0c-a3c2dbd1352c
2024-04-28 12:43:50,624 [IPC Server handler 2 on default port 15091] INFO  node.SCMNodeManager (SCMNodeManager.java:register(421)) - Registered datanode: 59f7e7ee-27c3-4dbc-8a0c-a3c2dbd1352c{ip: 127.0.0.1, host: localhost, ports: [HTTP=15152, CLIENT_RPC=15153, REPLICATION=15159, RATIS=15155, RATIS_ADMIN=15156, RATIS_SERVER=15157, RATIS_DATASTREAM=15158, STANDALONE=15154], networkLocation: /default-rack, certSerialId: null, persistedOpState: null, persistedOpStateExpiryEpochSec: 0}
2024-04-28 12:43:50,624 [EventQueue-NewNodeForNewNodeHandler] INFO  pipeline.BackgroundPipelineCreator (BackgroundPipelineCreator.java:notifyEventTriggered(280)) - trigger a one-shot run on RatisPipelineUtilsThread.
2024-04-28 12:43:50,625 [RatisPipelineUtilsThread-0] INFO  pipeline.RatisPipelineProvider (RatisPipelineProvider.java:lambda$create$0(205)) - Sending CreatePipelineCommand for pipeline:PipelineID=4996bb12-ec0a-4d68-937c-0b273a698bb2 to datanode:59f7e7ee-27c3-4dbc-8a0c-a3c2dbd1352c
2024-04-28 12:43:50,625 [RatisPipelineUtilsThread-0] INFO  pipeline.BackgroundPipelineCreator (BackgroundPipelineCreator.java:createPipelines(236)) - Created new pipeline Pipeline[ Id: 4996bb12-ec0a-4d68-937c-0b273a698bb2, Nodes: 59f7e7ee-27c3-4dbc-8a0c-a3c2dbd1352c(localhost/127.0.0.1), ReplicationConfig: RATIS/ONE, State:ALLOCATED, leaderId:, CreationTimestamp2024-04-28T12:43:50.624991288Z[Etc/UTC]]
2024-04-28 12:43:50,698 [IPC Server handler 3 on default port 15091] INFO  net.NetworkTopologyImpl (NetworkTopologyImpl.java:add(134)) - Added a new node: /default-rack/0f39c21b-d5b1-40df-b9b4-e74314e680e2
2024-04-28 12:43:50,698 [IPC Server handler 3 on default port 15091] INFO  node.SCMNodeManager (SCMNodeManager.java:register(421)) - Registered datanode: 0f39c21b-d5b1-40df-b9b4-e74314e680e2{ip: 127.0.0.1, host: localhost, ports: [HTTP=15161, CLIENT_RPC=15162, REPLICATION=15168, RATIS=15164, RATIS_ADMIN=15165, RATIS_SERVER=15166, RATIS_DATASTREAM=15167, STANDALONE=15163], networkLocation: /default-rack, certSerialId: null, persistedOpState: null, persistedOpStateExpiryEpochSec: 0}
2024-04-28 12:43:50,698 [EventQueue-NewNodeForNewNodeHandler] INFO  pipeline.BackgroundPipelineCreator (BackgroundPipelineCreator.java:notifyEventTriggered(280)) - trigger a one-shot run on RatisPipelineUtilsThread.
2024-04-28 12:43:50,698 [RatisPipelineUtilsThread-0] INFO  pipeline.RatisPipelineProvider (RatisPipelineProvider.java:lambda$create$0(205)) - Sending CreatePipelineCommand for pipeline:PipelineID=136a4f55-f295-4137-bb57-ac295dc072d3 to datanode:0f39c21b-d5b1-40df-b9b4-e74314e680e2
2024-04-28 12:43:50,699 [RatisPipelineUtilsThread-0] INFO  pipeline.BackgroundPipelineCreator (BackgroundPipelineCreator.java:createPipelines(236)) - Created new pipeline Pipeline[ Id: 136a4f55-f295-4137-bb57-ac295dc072d3, Nodes: 0f39c21b-d5b1-40df-b9b4-e74314e680e2(localhost/127.0.0.1), ReplicationConfig: RATIS/ONE, State:ALLOCATED, leaderId:, CreationTimestamp2024-04-28T12:43:50.698854902Z[Etc/UTC]]
2024-04-28 12:43:50,750 [IPC Server handler 4 on default port 15091] INFO  net.NetworkTopologyImpl (NetworkTopologyImpl.java:add(134)) - Added a new node: /default-rack/bc7e9acf-0dfc-47a3-8dfb-4b83deb456d1
2024-04-28 12:43:50,750 [IPC Server handler 4 on default port 15091] INFO  node.SCMNodeManager (SCMNodeManager.java:register(421)) - Registered datanode: bc7e9acf-0dfc-47a3-8dfb-4b83deb456d1{ip: 127.0.0.1, host: localhost, ports: [HTTP=15170, CLIENT_RPC=15171, REPLICATION=15177, RATIS=15173, RATIS_ADMIN=15174, RATIS_SERVER=15175, RATIS_DATASTREAM=15176, STANDALONE=15172], networkLocation: /default-rack, certSerialId: null, persistedOpState: null, persistedOpStateExpiryEpochSec: 0}
2024-04-28 12:43:50,750 [main] INFO  ozone.MiniOzoneClusterImpl (MiniOzoneClusterImpl.java:lambda$waitForClusterToBeReady$0(194)) - Nodes are ready. Got 9 of 9 DN Heartbeats.
2024-04-28 12:43:50,751 [main] INFO  ozone.MiniOzoneClusterImpl (MiniOzoneClusterImpl.java:lambda$waitForClusterToBeReady$0(197)) - Waiting for cluster to exit safe mode
2024-04-28 12:43:50,751 [main] INFO  ozone.MiniOzoneClusterImpl (MiniOzoneClusterImpl.java:lambda$waitForClusterToBeReady$0(199)) - SCM became leader
2024-04-28 12:43:50,751 [EventQueue-NewNodeForNewNodeHandler] INFO  pipeline.BackgroundPipelineCreator (BackgroundPipelineCreator.java:notifyEventTriggered(280)) - trigger a one-shot run on RatisPipelineUtilsThread.
2024-04-28 12:43:50,751 [RatisPipelineUtilsThread-0] INFO  pipeline.RatisPipelineProvider (RatisPipelineProvider.java:lambda$create$0(205)) - Sending CreatePipelineCommand for pipeline:PipelineID=9c9eed31-3736-424b-9004-e55755602824 to datanode:bc7e9acf-0dfc-47a3-8dfb-4b83deb456d1
2024-04-28 12:43:50,752 [RatisPipelineUtilsThread-0] INFO  pipeline.BackgroundPipelineCreator (BackgroundPipelineCreator.java:createPipelines(236)) - Created new pipeline Pipeline[ Id: 9c9eed31-3736-424b-9004-e55755602824, Nodes: bc7e9acf-0dfc-47a3-8dfb-4b83deb456d1(localhost/127.0.0.1), ReplicationConfig: RATIS/ONE, State:ALLOCATED, leaderId:, CreationTimestamp2024-04-28T12:43:50.751620864Z[Etc/UTC]]
2024-04-28 12:43:50,752 [RatisPipelineUtilsThread-0] INFO  pipeline.RatisPipelineProvider (RatisPipelineProvider.java:lambda$create$0(205)) - Sending CreatePipelineCommand for pipeline:PipelineID=3677031e-92e1-4d32-a29a-e75d70240eb6 to datanode:59f7e7ee-27c3-4dbc-8a0c-a3c2dbd1352c
2024-04-28 12:43:50,752 [RatisPipelineUtilsThread-0] INFO  pipeline.RatisPipelineProvider (RatisPipelineProvider.java:lambda$create$0(205)) - Sending CreatePipelineCommand for pipeline:PipelineID=3677031e-92e1-4d32-a29a-e75d70240eb6 to datanode:bc7e9acf-0dfc-47a3-8dfb-4b83deb456d1
2024-04-28 12:43:50,752 [RatisPipelineUtilsThread-0] INFO  pipeline.RatisPipelineProvider (RatisPipelineProvider.java:lambda$create$0(205)) - Sending CreatePipelineCommand for pipeline:PipelineID=3677031e-92e1-4d32-a29a-e75d70240eb6 to datanode:0f39c21b-d5b1-40df-b9b4-e74314e680e2
2024-04-28 12:43:50,753 [RatisPipelineUtilsThread-0] INFO  pipeline.BackgroundPipelineCreator (BackgroundPipelineCreator.java:createPipelines(236)) - Created new pipeline Pipeline[ Id: 3677031e-92e1-4d32-a29a-e75d70240eb6, Nodes: 59f7e7ee-27c3-4dbc-8a0c-a3c2dbd1352c(localhost/127.0.0.1)bc7e9acf-0dfc-47a3-8dfb-4b83deb456d1(localhost/127.0.0.1)0f39c21b-d5b1-40df-b9b4-e74314e680e2(localhost/127.0.0.1), ReplicationConfig: RATIS/THREE, State:ALLOCATED, leaderId:, CreationTimestamp2024-04-28T12:43:50.752453573Z[Etc/UTC]]
2024-04-28 12:43:51,751 [main] INFO  ozone.MiniOzoneClusterImpl (MiniOzoneClusterImpl.java:lambda$waitForClusterToBeReady$0(194)) - Nodes are ready. Got 9 of 9 DN Heartbeats.
2024-04-28 12:43:51,751 [main] INFO  ozone.MiniOzoneClusterImpl (MiniOzoneClusterImpl.java:lambda$waitForClusterToBeReady$0(197)) - Waiting for cluster to exit safe mode
2024-04-28 12:43:51,751 [main] INFO  ozone.MiniOzoneClusterImpl (MiniOzoneClusterImpl.java:lambda$waitForClusterToBeReady$0(199)) - SCM became leader
2024-04-28 12:43:52,751 [main] INFO  ozone.MiniOzoneClusterImpl (MiniOzoneClusterImpl.java:lambda$waitForClusterToBeReady$0(194)) - Nodes are ready. Got 9 of 9 DN Heartbeats.
2024-04-28 12:43:52,752 [main] INFO  ozone.MiniOzoneClusterImpl (MiniOzoneClusterImpl.java:lambda$waitForClusterToBeReady$0(197)) - Waiting for cluster to exit safe mode
2024-04-28 12:43:52,752 [main] INFO  ozone.MiniOzoneClusterImpl (MiniOzoneClusterImpl.java:lambda$waitForClusterToBeReady$0(199)) - SCM became leader
2024-04-28 12:43:53,167 [53f12868-9e08-461f-b1df-8616d22e03b0-PipelineCommandHandlerThread-0] INFO  server.RaftServer (RaftServerProxy.java:addNew(100)) - 53f12868-9e08-461f-b1df-8616d22e03b0: addNew group-C697AFB1141A:[53f12868-9e08-461f-b1df-8616d22e03b0|127.0.0.1:15103] returns group-C697AFB1141A:java.util.concurrent.CompletableFuture@784d920[Not completed]
2024-04-28 12:43:53,168 [53f12868-9e08-461f-b1df-8616d22e03b0-groupManagement] INFO  server.RaftServer$Division (RaftServerImpl.java:<init>(256)) - 53f12868-9e08-461f-b1df-8616d22e03b0: new RaftServerImpl for group-C697AFB1141A:[53f12868-9e08-461f-b1df-8616d22e03b0|127.0.0.1:15103] with ContainerStateMachine:uninitialized
2024-04-28 12:43:53,168 [53f12868-9e08-461f-b1df-8616d22e03b0-groupManagement] INFO  server.RaftServerConfigKeys (ConfUtils.java:logGet(46)) - raft.server.rpc.timeout.min = 5s (custom)
2024-04-28 12:43:53,168 [53f12868-9e08-461f-b1df-8616d22e03b0-groupManagement] INFO  server.RaftServerConfigKeys (ConfUtils.java:logGet(46)) - raft.server.rpc.timeout.max = 5200ms (custom)
2024-04-28 12:43:53,168 [53f12868-9e08-461f-b1df-8616d22e03b0-groupManagement] INFO  server.RaftServerConfigKeys (ConfUtils.java:logGet(46)) - raft.server.rpc.sleep.time = 25ms (default)
2024-04-28 12:43:53,168 [53f12868-9e08-461f-b1df-8616d22e03b0-groupManagement] INFO  server.RaftServerConfigKeys (ConfUtils.java:logGet(46)) - raft.server.rpc.slowness.timeout = 300000ms (custom)
2024-04-28 12:43:53,168 [53f12868-9e08-461f-b1df-8616d22e03b0-groupManagement] INFO  server.RaftServerConfigKeys (ConfUtils.java:logGet(46)) - raft.server.leaderelection.leader.step-down.wait-time = 10s (default)
2024-04-28 12:43:53,168 [53f12868-9e08-461f-b1df-8616d22e03b0-groupManagement] INFO  server.RaftServerConfigKeys (ConfUtils.java:logGet(46)) - raft.server.leaderelection.member.majority-add = false (default)
2024-04-28 12:43:53,168 [53f12868-9e08-461f-b1df-8616d22e03b0-groupManagement] INFO  server.RaftServerConfigKeys (ConfUtils.java:logGet(46)) - raft.server.sleep.deviation.threshold = 300ms (default)
2024-04-28 12:43:53,168 [53f12868-9e08-461f-b1df-8616d22e03b0-groupManagement] INFO  server.RaftServer$Division (ServerState.java:<init>(113)) - 53f12868-9e08-461f-b1df-8616d22e03b0@group-C697AFB1141A: ConfigurationManager, init=-1: peers:[53f12868-9e08-461f-b1df-8616d22e03b0|127.0.0.1:15103]|listeners:[], old=null, confs=<EMPTY_MAP>
2024-04-28 12:43:53,169 [53f12868-9e08-461f-b1df-8616d22e03b0-groupManagement] INFO  server.RaftServerConfigKeys (ConfUtils.java:logGet(46)) - raft.server.notification.no-leader.timeout = 300000ms (custom)
2024-04-28 12:43:53,169 [53f12868-9e08-461f-b1df-8616d22e03b0-groupManagement] INFO  server.RaftServerConfigKeys (ConfUtils.java:logGet(46)) - raft.server.read.timeout = 10s (default)
2024-04-28 12:43:53,169 [53f12868-9e08-461f-b1df-8616d22e03b0-groupManagement] INFO  server.RaftServerConfigKeys (ConfUtils.java:logGet(46)) - raft.server.retrycache.expirytime = 600000ms (custom)
2024-04-28 12:43:53,169 [53f12868-9e08-461f-b1df-8616d22e03b0-groupManagement] INFO  server.RaftServerConfigKeys (ConfUtils.java:logGet(46)) - raft.server.retrycache.statistics.expirytime = 100ms (default)
2024-04-28 12:43:53,169 [53f12868-9e08-461f-b1df-8616d22e03b0-groupManagement] INFO  server.RaftServerConfigKeys (ConfUtils.java:logGet(46)) - raft.server.read.option = DEFAULT (default)
2024-04-28 12:43:53,169 [53f12868-9e08-461f-b1df-8616d22e03b0-groupManagement] INFO  server.RaftServerConfigKeys (ConfUtils.java:logGet(46)) - raft.server.read.read-after-write-consistent.write-index-cache.expiry-time = 60s (default)
2024-04-28 12:43:53,171 [53f12868-9e08-461f-b1df-8616d22e03b0-groupManagement] INFO  server.RaftServerConfigKeys (ConfUtils.java:logGet(46)) - raft.server.rpc.request.timeout = 3000ms (default)
2024-04-28 12:43:53,171 [53f12868-9e08-461f-b1df-8616d22e03b0-groupManagement] INFO  server.RaftServerConfigKeys (ConfUtils.java:logGet(46)) - raft.server.log.appender.install.snapshot.enabled = false (custom)
2024-04-28 12:43:53,171 [53f12868-9e08-461f-b1df-8616d22e03b0-groupManagement] INFO  server.RaftServerConfigKeys (ConfUtils.java:logGet(46)) - raft.server.threadpool.server.cached = true (default)
2024-04-28 12:43:53,171 [53f12868-9e08-461f-b1df-8616d22e03b0-groupManagement] INFO  server.RaftServerConfigKeys (ConfUtils.java:logGet(46)) - raft.server.threadpool.server.size = 0 (default)
2024-04-28 12:43:53,171 [53f12868-9e08-461f-b1df-8616d22e03b0-groupManagement] INFO  server.RaftServerConfigKeys (ConfUtils.java:logGet(46)) - raft.server.threadpool.client.cached = true (default)
2024-04-28 12:43:53,171 [53f12868-9e08-461f-b1df-8616d22e03b0-groupManagement] INFO  server.RaftServerConfigKeys (ConfUtils.java:logGet(46)) - raft.server.threadpool.client.size = 0 (default)
2024-04-28 12:43:53,171 [53f12868-9e08-461f-b1df-8616d22e03b0-groupManagement] INFO  server.RaftServerConfigKeys (ConfUtils.java:logGet(46)) - raft.server.storage.free-space.min = 0MB (=0) (default)
2024-04-28 12:43:53,171 [53f12868-9e08-461f-b1df-8616d22e03b0-groupManagement] INFO  server.RaftServerConfigKeys (ConfUtils.java:logGet(46)) - raft.server.log.corruption.policy = EXCEPTION (default)
2024-04-28 12:43:53,171 [53f12868-9e08-461f-b1df-8616d22e03b0-groupManagement] INFO  server.RaftServerConfigKeys (ConfUtils.java:logGet(46)) - raft.server.storage.dir = [/home/runner/work/ozone/ozone/hadoop-ozone/integration-test/target/test-dir/MiniOzoneClusterImpl-fb989876-9371-464e-b996-ece4d3fe3ecb/ozone-meta/datanode-1/ratis] (custom)
2024-04-28 12:43:53,172 [53f12868-9e08-461f-b1df-8616d22e03b0-groupManagement] INFO  storage.RaftStorageDirectory (RaftStorageDirectoryImpl.java:analyzeStorage(138)) - The storage directory /home/runner/work/ozone/ozone/hadoop-ozone/integration-test/target/test-dir/MiniOzoneClusterImpl-fb989876-9371-464e-b996-ece4d3fe3ecb/ozone-meta/datanode-1/ratis/36285d89-3fd5-498b-9d95-c697afb1141a does not exist. Creating ...
2024-04-28 12:43:53,173 [53f12868-9e08-461f-b1df-8616d22e03b0-groupManagement] INFO  storage.RaftStorageDirectory (RaftStorageDirectoryImpl.java:tryLock(228)) - Lock on /home/runner/work/ozone/ozone/hadoop-ozone/integration-test/target/test-dir/MiniOzoneClusterImpl-fb989876-9371-464e-b996-ece4d3fe3ecb/ozone-meta/datanode-1/ratis/36285d89-3fd5-498b-9d95-c697afb1141a/in_use.lock acquired by nodename 21404@fv-az1392-52
2024-04-28 12:43:53,173 [53f12868-9e08-461f-b1df-8616d22e03b0-groupManagement] INFO  storage.RaftStorage (RaftStorageImpl.java:format(99)) - Storage directory /home/runner/work/ozone/ozone/hadoop-ozone/integration-test/target/test-dir/MiniOzoneClusterImpl-fb989876-9371-464e-b996-ece4d3fe3ecb/ozone-meta/datanode-1/ratis/36285d89-3fd5-498b-9d95-c697afb1141a has been successfully formatted.
2024-04-28 12:43:53,174 [53f12868-9e08-461f-b1df-8616d22e03b0-groupManagement] WARN  util.FileUtils (LogUtils.java:supplyAndLog(63)) - Failed to Files.newInputStream /home/runner/work/ozone/ozone/hadoop-ozone/integration-test/target/test-dir/MiniOzoneClusterImpl-fb989876-9371-464e-b996-ece4d3fe3ecb/ozone-meta/datanode-1/ratis/36285d89-3fd5-498b-9d95-c697afb1141a/current/raft-meta.conf with options []: java.nio.file.NoSuchFileException: /home/runner/work/ozone/ozone/hadoop-ozone/integration-test/target/test-dir/MiniOzoneClusterImpl-fb989876-9371-464e-b996-ece4d3fe3ecb/ozone-meta/datanode-1/ratis/36285d89-3fd5-498b-9d95-c697afb1141a/current/raft-meta.conf
2024-04-28 12:43:53,174 [53f12868-9e08-461f-b1df-8616d22e03b0-groupManagement] INFO  ratis.ContainerStateMachine (ContainerStateMachine.java:loadSnapshot(287)) - group-C697AFB1141A: The snapshot info is null. Setting the last applied index to:(t:0, i:~)
2024-04-28 12:43:53,174 [53f12868-9e08-461f-b1df-8616d22e03b0-groupManagement] INFO  server.RaftServerConfigKeys (ConfUtils.java:logGet(46)) - raft.server.log.use.memory = false (default)
2024-04-28 12:43:53,174 [53f12868-9e08-461f-b1df-8616d22e03b0-groupManagement] INFO  server.RaftServerConfigKeys (ConfUtils.java:logGet(46)) - raft.server.log.purge.gap = 1000000 (custom)
2024-04-28 12:43:53,174 [53f12868-9e08-461f-b1df-8616d22e03b0-groupManagement] INFO  server.RaftServerConfigKeys (ConfUtils.java:logGet(46)) - raft.server.log.appender.buffer.byte-limit = 8388608 (custom)
2024-04-28 12:43:53,174 [53f12868-9e08-461f-b1df-8616d22e03b0-groupManagement] INFO  server.RaftServerConfigKeys (ConfUtils.java:logGet(46)) - raft.server.log.statemachine.data.read.timeout = 1000ms (default)
2024-04-28 12:43:53,174 [53f12868-9e08-461f-b1df-8616d22e03b0-groupManagement] INFO  server.RaftServerConfigKeys (ConfUtils.java:logGet(46)) - raft.server.log.purge.preservation.log.num = 0 (default)
2024-04-28 12:43:53,175 [EventQueue-PipelineReportForPipelineReportHandler] INFO  pipeline.PipelineReportHandler (PipelineReportHandler.java:processPipelineReport(136)) - Opened pipeline PipelineID=36285d89-3fd5-498b-9d95-c697afb1141a
2024-04-28 12:43:53,176 [EventQueue-OpenPipelineForHealthyPipelineSafeModeRule] INFO  safemode.SCMSafeModeManager (HealthyPipelineSafeModeRule.java:process(140)) - SCM in safe mode. Healthy pipelines reported count is 0, required healthy pipeline reported count is 1
2024-04-28 12:43:53,176 [53f12868-9e08-461f-b1df-8616d22e03b0-groupManagement] INFO  server.RaftServerConfigKeys (ConfUtils.java:logGet(46)) - raft.server.log.segment.size.max = 67108864 (custom)
2024-04-28 12:43:53,176 [53f12868-9e08-461f-b1df-8616d22e03b0-groupManagement] INFO  server.RaftServerConfigKeys (ConfUtils.java:logGet(46)) - raft.server.log.segment.cache.num.max = 2 (custom)
2024-04-28 12:43:53,176 [53f12868-9e08-461f-b1df-8616d22e03b0-groupManagement] INFO  server.RaftServerConfigKeys (ConfUtils.java:logGet(46)) - raft.server.log.segment.cache.size.max = 200MB (=209715200) (default)
2024-04-28 12:43:53,176 [53f12868-9e08-461f-b1df-8616d22e03b0-groupManagement] INFO  server.RaftServerConfigKeys (ConfUtils.java:logGet(46)) - raft.server.log.appender.buffer.byte-limit = 8388608 (custom)
2024-04-28 12:43:53,176 [53f12868-9e08-461f-b1df-8616d22e03b0-groupManagement] INFO  util.AwaitToRun (AwaitToRun.java:start(81)) - Thread[53f12868-9e08-461f-b1df-8616d22e03b0@group-C697AFB1141A-cacheEviction-AwaitToRun,5,main] started
2024-04-28 12:43:53,176 [53f12868-9e08-461f-b1df-8616d22e03b0-groupManagement] INFO  segmented.SegmentedRaftLogWorker (SegmentedRaftLogWorker.java:<init>(182)) - new 53f12868-9e08-461f-b1df-8616d22e03b0@group-C697AFB1141A-SegmentedRaftLogWorker for RaftStorageImpl:Storage Directory /home/runner/work/ozone/ozone/hadoop-ozone/integration-test/target/test-dir/MiniOzoneClusterImpl-fb989876-9371-464e-b996-ece4d3fe3ecb/ozone-meta/datanode-1/ratis/36285d89-3fd5-498b-9d95-c697afb1141a
2024-04-28 12:43:53,177 [53f12868-9e08-461f-b1df-8616d22e03b0-groupManagement] INFO  server.RaftServerConfigKeys (ConfUtils.java:logGet(46)) - raft.server.log.queue.byte-limit = 4294967296 (custom)
2024-04-28 12:43:53,177 [53f12868-9e08-461f-b1df-8616d22e03b0-groupManagement] INFO  server.RaftServerConfigKeys (ConfUtils.java:logGet(46)) - raft.server.log.queue.element-limit = 1024 (custom)
2024-04-28 12:43:53,177 [53f12868-9e08-461f-b1df-8616d22e03b0-groupManagement] INFO  server.RaftServerConfigKeys (ConfUtils.java:logGet(46)) - raft.server.log.segment.size.max = 67108864 (custom)
2024-04-28 12:43:53,177 [53f12868-9e08-461f-b1df-8616d22e03b0-groupManagement] INFO  server.RaftServerConfigKeys (ConfUtils.java:logGet(46)) - raft.server.log.preallocated.size = 4194304 (custom)
2024-04-28 12:43:53,177 [53f12868-9e08-461f-b1df-8616d22e03b0-groupManagement] INFO  server.RaftServerConfigKeys (ConfUtils.java:logGet(46)) - raft.server.log.force.sync.num = 128 (default)
2024-04-28 12:43:53,177 [53f12868-9e08-461f-b1df-8616d22e03b0-groupManagement] INFO  server.RaftServerConfigKeys (ConfUtils.java:logGet(46)) - raft.server.log.statemachine.data.sync = true (default)
2024-04-28 12:43:53,177 [53f12868-9e08-461f-b1df-8616d22e03b0-groupManagement] INFO  server.RaftServerConfigKeys (ConfUtils.java:logGet(46)) - raft.server.log.statemachine.data.sync.timeout = 10s (default)
2024-04-28 12:43:53,177 [53f12868-9e08-461f-b1df-8616d22e03b0-groupManagement] INFO  server.RaftServerConfigKeys (ConfUtils.java:logGet(46)) - raft.server.log.statemachine.data.sync.timeout.retry = 30 (custom)
2024-04-28 12:43:53,177 [53f12868-9e08-461f-b1df-8616d22e03b0-groupManagement] INFO  server.RaftServerConfigKeys (ConfUtils.java:logGet(46)) - raft.server.log.write.buffer.size = 8388616 (custom)
2024-04-28 12:43:53,178 [53f12868-9e08-461f-b1df-8616d22e03b0-groupManagement] INFO  server.RaftServerConfigKeys (ConfUtils.java:logGet(46)) - raft.server.log.appender.buffer.byte-limit = 8388608 (custom)
2024-04-28 12:43:53,178 [53f12868-9e08-461f-b1df-8616d22e03b0-groupManagement] INFO  server.RaftServerConfigKeys (ConfUtils.java:logGet(46)) - raft.server.log.unsafe-flush.enabled = false (default)
2024-04-28 12:43:53,178 [53f12868-9e08-461f-b1df-8616d22e03b0-groupManagement] INFO  server.RaftServerConfigKeys (ConfUtils.java:logGet(46)) - raft.server.log.async-flush.enabled = false (default)
2024-04-28 12:43:53,179 [53f12868-9e08-461f-b1df-8616d22e03b0-groupManagement] INFO  server.RaftServerConfigKeys (ConfUtils.java:logGet(46)) - raft.server.log.statemachine.data.caching.enabled = true (custom)
2024-04-28 12:43:53,179 [53f12868-9e08-461f-b1df-8616d22e03b0-groupManagement] INFO  segmented.SegmentedRaftLogWorker (SegmentedRaftLogWorker.java:lambda$new$0(134)) - 53f12868-9e08-461f-b1df-8616d22e03b0@group-C697AFB1141A-SegmentedRaftLogWorker: flushIndex: setUnconditionally 0 -> -1
2024-04-28 12:43:53,179 [53f12868-9e08-461f-b1df-8616d22e03b0-groupManagement] INFO  segmented.SegmentedRaftLogWorker (SegmentedRaftLogWorker.java:lambda$new$0(134)) - 53f12868-9e08-461f-b1df-8616d22e03b0@group-C697AFB1141A-SegmentedRaftLogWorker: safeCacheEvictIndex: setUnconditionally 0 -> -1
2024-04-28 12:43:53,179 [53f12868-9e08-461f-b1df-8616d22e03b0-groupManagement] INFO  server.RaftServer$Division (RaftServerImpl.java:start(396)) - 53f12868-9e08-461f-b1df-8616d22e03b0@group-C697AFB1141A: start as a follower, conf=-1: peers:[53f12868-9e08-461f-b1df-8616d22e03b0|127.0.0.1:15103]|listeners:[], old=null
2024-04-28 12:43:53,179 [53f12868-9e08-461f-b1df-8616d22e03b0-groupManagement] INFO  server.RaftServer$Division (RaftServerImpl.java:setRole(383)) - 53f12868-9e08-461f-b1df-8616d22e03b0@group-C697AFB1141A: changes role from      null to FOLLOWER at term 0 for startAsFollower
2024-04-28 12:43:53,179 [53f12868-9e08-461f-b1df-8616d22e03b0-groupManagement] INFO  impl.RoleInfo (RoleInfo.java:updateAndGet(139)) - 53f12868-9e08-461f-b1df-8616d22e03b0: start 53f12868-9e08-461f-b1df-8616d22e03b0@group-C697AFB1141A-FollowerState
2024-04-28 12:43:53,179 [53f12868-9e08-461f-b1df-8616d22e03b0-groupManagement] INFO  util.JmxRegister (JmxRegister.java:tryRegister(44)) - Successfully registered JMX Bean with object name Ratis:service=RaftServer,group=group-C697AFB1141A,id=53f12868-9e08-461f-b1df-8616d22e03b0
2024-04-28 12:43:53,179 [53f12868-9e08-461f-b1df-8616d22e03b0-groupManagement] INFO  server.RaftServerConfigKeys (ConfUtils.java:logGet(46)) - raft.server.snapshot.trigger-when-stop.enabled = true (default)
2024-04-28 12:43:53,179 [53f12868-9e08-461f-b1df-8616d22e03b0-groupManagement] INFO  server.RaftServerConfigKeys (ConfUtils.java:logGet(46)) - raft.server.snapshot.auto.trigger.enabled = true (custom)
2024-04-28 12:43:53,179 [53f12868-9e08-461f-b1df-8616d22e03b0-groupManagement] INFO  server.RaftServerConfigKeys (ConfUtils.java:logGet(46)) - raft.server.snapshot.auto.trigger.threshold = 10000 (custom)
2024-04-28 12:43:53,180 [53f12868-9e08-461f-b1df-8616d22e03b0-groupManagement] INFO  server.RaftServerConfigKeys (ConfUtils.java:logGet(46)) - raft.server.snapshot.retention.file.num = 5 (custom)
2024-04-28 12:43:53,180 [53f12868-9e08-461f-b1df-8616d22e03b0-groupManagement] INFO  server.RaftServerConfigKeys (ConfUtils.java:logGet(46)) - raft.server.log.purge.upto.snapshot.index = false (default)
2024-04-28 12:43:53,180 [53f12868-9e08-461f-b1df-8616d22e03b0@group-C697AFB1141A-FollowerState] INFO  server.RaftServerConfigKeys (ConfUtils.java:logFallback(53)) - raft.server.rpc.first-election.timeout.min = 5s (fallback to raft.server.rpc.timeout.min)
2024-04-28 12:43:53,180 [53f12868-9e08-461f-b1df-8616d22e03b0@group-C697AFB1141A-FollowerState] INFO  server.RaftServerConfigKeys (ConfUtils.java:logFallback(53)) - raft.server.rpc.first-election.timeout.max = 5200ms (fallback to raft.server.rpc.timeout.max)
2024-04-28 12:43:53,180 [53f12868-9e08-461f-b1df-8616d22e03b0-PipelineCommandHandlerThread-0] INFO  ratis.XceiverServerRatis (XceiverServerRatis.java:addGroup(864)) - Created group PipelineID=36285d89-3fd5-498b-9d95-c697afb1141a
2024-04-28 12:43:53,180 [53f12868-9e08-461f-b1df-8616d22e03b0-PipelineCommandHandlerThread-0] INFO  commandhandler.CreatePipelineCommandHandler (CreatePipelineCommandHandler.java:lambda$handle$2(124)) - Created Pipeline RATIS ONE PipelineID=36285d89-3fd5-498b-9d95-c697afb1141a.
2024-04-28 12:43:53,181 [53f12868-9e08-461f-b1df-8616d22e03b0-PipelineCommandHandlerThread-0] INFO  server.RaftServer (RaftServerProxy.java:addNew(100)) - 53f12868-9e08-461f-b1df-8616d22e03b0: addNew group-64502A0FA25A:[53f12868-9e08-461f-b1df-8616d22e03b0|127.0.0.1:15103, 013b6299-c97b-4afe-8aa4-203fc50eadfd|127.0.0.1:15121, e9c86f68-3649-4446-905a-585a397e3574|127.0.0.1:15112] returns group-64502A0FA25A:java.util.concurrent.CompletableFuture@3bb5d08[Not completed]
2024-04-28 12:43:53,181 [53f12868-9e08-461f-b1df-8616d22e03b0-groupManagement] INFO  server.RaftServer$Division (RaftServerImpl.java:<init>(256)) - 53f12868-9e08-461f-b1df-8616d22e03b0: new RaftServerImpl for group-64502A0FA25A:[53f12868-9e08-461f-b1df-8616d22e03b0|127.0.0.1:15103, 013b6299-c97b-4afe-8aa4-203fc50eadfd|127.0.0.1:15121, e9c86f68-3649-4446-905a-585a397e3574|127.0.0.1:15112] with ContainerStateMachine:uninitialized
2024-04-28 12:43:53,181 [53f12868-9e08-461f-b1df-8616d22e03b0-groupManagement] INFO  server.RaftServerConfigKeys (ConfUtils.java:logGet(46)) - raft.server.rpc.timeout.min = 5s (custom)
2024-04-28 12:43:53,181 [53f12868-9e08-461f-b1df-8616d22e03b0-groupManagement] INFO  server.RaftServerConfigKeys (ConfUtils.java:logGet(46)) - raft.server.rpc.timeout.max = 5200ms (custom)
2024-04-28 12:43:53,181 [53f12868-9e08-461f-b1df-8616d22e03b0-groupManagement] INFO  server.RaftServerConfigKeys (ConfUtils.java:logGet(46)) - raft.server.rpc.sleep.time = 25ms (default)
2024-04-28 12:43:53,181 [53f12868-9e08-461f-b1df-8616d22e03b0-groupManagement] INFO  server.RaftServerConfigKeys (ConfUtils.java:logGet(46)) - raft.server.rpc.slowness.timeout = 300000ms (custom)
2024-04-28 12:43:53,181 [53f12868-9e08-461f-b1df-8616d22e03b0-groupManagement] INFO  server.RaftServerConfigKeys (ConfUtils.java:logGet(46)) - raft.server.leaderelection.leader.step-down.wait-time = 10s (default)
2024-04-28 12:43:53,182 [53f12868-9e08-461f-b1df-8616d22e03b0-groupManagement] INFO  server.RaftServerConfigKeys (ConfUtils.java:logGet(46)) - raft.server.leaderelection.member.majority-add = false (default)
2024-04-28 12:43:53,182 [53f12868-9e08-461f-b1df-8616d22e03b0-groupManagement] INFO  server.RaftServerConfigKeys (ConfUtils.java:logGet(46)) - raft.server.sleep.deviation.threshold = 300ms (default)
2024-04-28 12:43:53,182 [53f12868-9e08-461f-b1df-8616d22e03b0-groupManagement] INFO  server.RaftServer$Division (ServerState.java:<init>(113)) - 53f12868-9e08-461f-b1df-8616d22e03b0@group-64502A0FA25A: ConfigurationManager, init=-1: peers:[53f12868-9e08-461f-b1df-8616d22e03b0|127.0.0.1:15103, 013b6299-c97b-4afe-8aa4-203fc50eadfd|127.0.0.1:15121, e9c86f68-3649-4446-905a-585a397e3574|127.0.0.1:15112]|listeners:[], old=null, confs=<EMPTY_MAP>
2024-04-28 12:43:53,182 [53f12868-9e08-461f-b1df-8616d22e03b0-groupManagement] INFO  server.RaftServerConfigKeys (ConfUtils.java:logGet(46)) - raft.server.notification.no-leader.timeout = 300000ms (custom)
2024-04-28 12:43:53,182 [53f12868-9e08-461f-b1df-8616d22e03b0-groupManagement] INFO  server.RaftServerConfigKeys (ConfUtils.java:logGet(46)) - raft.server.read.timeout = 10s (default)
2024-04-28 12:43:53,182 [53f12868-9e08-461f-b1df-8616d22e03b0-groupManagement] INFO  server.RaftServerConfigKeys (ConfUtils.java:logGet(46)) - raft.server.retrycache.expirytime = 600000ms (custom)
2024-04-28 12:43:53,182 [53f12868-9e08-461f-b1df-8616d22e03b0-groupManagement] INFO  server.RaftServerConfigKeys (ConfUtils.java:logGet(46)) - raft.server.retrycache.statistics.expirytime = 100ms (default)
2024-04-28 12:43:53,182 [53f12868-9e08-461f-b1df-8616d22e03b0-groupManagement] INFO  server.RaftServerConfigKeys (ConfUtils.java:logGet(46)) - raft.server.read.option = DEFAULT (default)
2024-04-28 12:43:53,182 [53f12868-9e08-461f-b1df-8616d22e03b0-groupManagement] INFO  server.RaftServerConfigKeys (ConfUtils.java:logGet(46)) - raft.server.read.read-after-write-consistent.write-index-cache.expiry-time = 60s (default)
2024-04-28 12:43:53,183 [53f12868-9e08-461f-b1df-8616d22e03b0-groupManagement] INFO  server.RaftServerConfigKeys (ConfUtils.java:logGet(46)) - raft.server.rpc.request.timeout = 3000ms (default)
2024-04-28 12:43:53,184 [53f12868-9e08-461f-b1df-8616d22e03b0-groupManagement] INFO  server.RaftServerConfigKeys (ConfUtils.java:logGet(46)) - raft.server.log.appender.install.snapshot.enabled = false (custom)
2024-04-28 12:43:53,184 [53f12868-9e08-461f-b1df-8616d22e03b0-groupManagement] INFO  server.RaftServerConfigKeys (ConfUtils.java:logGet(46)) - raft.server.threadpool.server.cached = true (default)
2024-04-28 12:43:53,184 [53f12868-9e08-461f-b1df-8616d22e03b0-groupManagement] INFO  server.RaftServerConfigKeys (ConfUtils.java:logGet(46)) - raft.server.threadpool.server.size = 0 (default)
2024-04-28 12:43:53,184 [53f12868-9e08-461f-b1df-8616d22e03b0-groupManagement] INFO  server.RaftServerConfigKeys (ConfUtils.java:logGet(46)) - raft.server.threadpool.client.cached = true (default)
2024-04-28 12:43:53,184 [53f12868-9e08-461f-b1df-8616d22e03b0-groupManagement] INFO  server.RaftServerConfigKeys (ConfUtils.java:logGet(46)) - raft.server.threadpool.client.size = 0 (default)
2024-04-28 12:43:53,184 [53f12868-9e08-461f-b1df-8616d22e03b0-groupManagement] INFO  server.RaftServerConfigKeys (ConfUtils.java:logGet(46)) - raft.server.storage.free-space.min = 0MB (=0) (default)
2024-04-28 12:43:53,184 [53f12868-9e08-461f-b1df-8616d22e03b0-groupManagement] INFO  server.RaftServerConfigKeys (ConfUtils.java:logGet(46)) - raft.server.log.corruption.policy = EXCEPTION (default)
2024-04-28 12:43:53,184 [53f12868-9e08-461f-b1df-8616d22e03b0-groupManagement] INFO  server.RaftServerConfigKeys (ConfUtils.java:logGet(46)) - raft.server.storage.dir = [/home/runner/work/ozone/ozone/hadoop-ozone/integration-test/target/test-dir/MiniOzoneClusterImpl-fb989876-9371-464e-b996-ece4d3fe3ecb/ozone-meta/datanode-1/ratis] (custom)
2024-04-28 12:43:53,184 [53f12868-9e08-461f-b1df-8616d22e03b0-groupManagement] INFO  storage.RaftStorageDirectory (RaftStorageDirectoryImpl.java:analyzeStorage(138)) - The storage directory /home/runner/work/ozone/ozone/hadoop-ozone/integration-test/target/test-dir/MiniOzoneClusterImpl-fb989876-9371-464e-b996-ece4d3fe3ecb/ozone-meta/datanode-1/ratis/989d9bce-39bb-4444-b4fa-64502a0fa25a does not exist. Creating ...
2024-04-28 12:43:53,185 [53f12868-9e08-461f-b1df-8616d22e03b0-groupManagement] INFO  storage.RaftStorageDirectory (RaftStorageDirectoryImpl.java:tryLock(228)) - Lock on /home/runner/work/ozone/ozone/hadoop-ozone/integration-test/target/test-dir/MiniOzoneClusterImpl-fb989876-9371-464e-b996-ece4d3fe3ecb/ozone-meta/datanode-1/ratis/989d9bce-39bb-4444-b4fa-64502a0fa25a/in_use.lock acquired by nodename 21404@fv-az1392-52
2024-04-28 12:43:53,186 [53f12868-9e08-461f-b1df-8616d22e03b0-groupManagement] INFO  storage.RaftStorage (RaftStorageImpl.java:format(99)) - Storage directory /home/runner/work/ozone/ozone/hadoop-ozone/integration-test/target/test-dir/MiniOzoneClusterImpl-fb989876-9371-464e-b996-ece4d3fe3ecb/ozone-meta/datanode-1/ratis/989d9bce-39bb-4444-b4fa-64502a0fa25a has been successfully formatted.
2024-04-28 12:43:53,186 [53f12868-9e08-461f-b1df-8616d22e03b0-groupManagement] WARN  util.FileUtils (LogUtils.java:supplyAndLog(63)) - Failed to Files.newInputStream /home/runner/work/ozone/ozone/hadoop-ozone/integration-test/target/test-dir/MiniOzoneClusterImpl-fb989876-9371-464e-b996-ece4d3fe3ecb/ozone-meta/datanode-1/ratis/989d9bce-39bb-4444-b4fa-64502a0fa25a/current/raft-meta.conf with options []: java.nio.file.NoSuchFileException: /home/runner/work/ozone/ozone/hadoop-ozone/integration-test/target/test-dir/MiniOzoneClusterImpl-fb989876-9371-464e-b996-ece4d3fe3ecb/ozone-meta/datanode-1/ratis/989d9bce-39bb-4444-b4fa-64502a0fa25a/current/raft-meta.conf
2024-04-28 12:43:53,186 [53f12868-9e08-461f-b1df-8616d22e03b0-groupManagement] INFO  ratis.ContainerStateMachine (ContainerStateMachine.java:loadSnapshot(287)) - group-64502A0FA25A: The snapshot info is null. Setting the last applied index to:(t:0, i:~)
2024-04-28 12:43:53,186 [53f12868-9e08-461f-b1df-8616d22e03b0-groupManagement] INFO  server.RaftServerConfigKeys (ConfUtils.java:logGet(46)) - raft.server.log.use.memory = false (default)
2024-04-28 12:43:53,186 [53f12868-9e08-461f-b1df-8616d22e03b0-groupManagement] INFO  server.RaftServerConfigKeys (ConfUtils.java:logGet(46)) - raft.server.log.purge.gap = 1000000 (custom)
2024-04-28 12:43:53,186 [53f12868-9e08-461f-b1df-8616d22e03b0-groupManagement] INFO  server.RaftServerConfigKeys (ConfUtils.java:logGet(46)) - raft.server.log.appender.buffer.byte-limit = 8388608 (custom)
2024-04-28 12:43:53,186 [53f12868-9e08-461f-b1df-8616d22e03b0-groupManagement] INFO  server.RaftServerConfigKeys (ConfUtils.java:logGet(46)) - raft.server.log.statemachine.data.read.timeout = 1000ms (default)
2024-04-28 12:43:53,187 [53f12868-9e08-461f-b1df-8616d22e03b0-groupManagement] INFO  server.RaftServerConfigKeys (ConfUtils.java:logGet(46)) - raft.server.log.purge.preservation.log.num = 0 (default)
2024-04-28 12:43:53,187 [EventQueue-OpenPipelineForHealthyPipelineSafeModeRule] INFO  safemode.SCMSafeModeManager (HealthyPipelineSafeModeRule.java:process(140)) - SCM in safe mode. Healthy pipelines reported count is 0, required healthy pipeline reported count is 1
2024-04-28 12:43:53,188 [53f12868-9e08-461f-b1df-8616d22e03b0-groupManagement] INFO  server.RaftServerConfigKeys (ConfUtils.java:logGet(46)) - raft.server.log.segment.size.max = 67108864 (custom)
2024-04-28 12:43:53,188 [53f12868-9e08-461f-b1df-8616d22e03b0-groupManagement] INFO  server.RaftServerConfigKeys (ConfUtils.java:logGet(46)) - raft.server.log.segment.cache.num.max = 2 (custom)
2024-04-28 12:43:53,188 [53f12868-9e08-461f-b1df-8616d22e03b0-groupManagement] INFO  server.RaftServerConfigKeys (ConfUtils.java:logGet(46)) - raft.server.log.segment.cache.size.max = 200MB (=209715200) (default)
2024-04-28 12:43:53,188 [53f12868-9e08-461f-b1df-8616d22e03b0-groupManagement] INFO  server.RaftServerConfigKeys (ConfUtils.java:logGet(46)) - raft.server.log.appender.buffer.byte-limit = 8388608 (custom)
2024-04-28 12:43:53,188 [53f12868-9e08-461f-b1df-8616d22e03b0-groupManagement] INFO  util.AwaitToRun (AwaitToRun.java:start(81)) - Thread[53f12868-9e08-461f-b1df-8616d22e03b0@group-64502A0FA25A-cacheEviction-AwaitToRun,5,main] started
2024-04-28 12:43:53,189 [53f12868-9e08-461f-b1df-8616d22e03b0-groupManagement] INFO  segmented.SegmentedRaftLogWorker (SegmentedRaftLogWorker.java:<init>(182)) - new 53f12868-9e08-461f-b1df-8616d22e03b0@group-64502A0FA25A-SegmentedRaftLogWorker for RaftStorageImpl:Storage Directory /home/runner/work/ozone/ozone/hadoop-ozone/integration-test/target/test-dir/MiniOzoneClusterImpl-fb989876-9371-464e-b996-ece4d3fe3ecb/ozone-meta/datanode-1/ratis/989d9bce-39bb-4444-b4fa-64502a0fa25a
2024-04-28 12:43:53,189 [53f12868-9e08-461f-b1df-8616d22e03b0-groupManagement] INFO  server.RaftServerConfigKeys (ConfUtils.java:logGet(46)) - raft.server.log.queue.byte-limit = 4294967296 (custom)
2024-04-28 12:43:53,189 [53f12868-9e08-461f-b1df-8616d22e03b0-groupManagement] INFO  server.RaftServerConfigKeys (ConfUtils.java:logGet(46)) - raft.server.log.queue.element-limit = 1024 (custom)
2024-04-28 12:43:53,189 [53f12868-9e08-461f-b1df-8616d22e03b0-groupManagement] INFO  server.RaftServerConfigKeys (ConfUtils.java:logGet(46)) - raft.server.log.segment.size.max = 67108864 (custom)
2024-04-28 12:43:53,189 [53f12868-9e08-461f-b1df-8616d22e03b0-groupManagement] INFO  server.RaftServerConfigKeys (ConfUtils.java:logGet(46)) - raft.server.log.preallocated.size = 4194304 (custom)
2024-04-28 12:43:53,189 [53f12868-9e08-461f-b1df-8616d22e03b0-groupManagement] INFO  server.RaftServerConfigKeys (ConfUtils.java:logGet(46)) - raft.server.log.force.sync.num = 128 (default)
2024-04-28 12:43:53,189 [53f12868-9e08-461f-b1df-8616d22e03b0-groupManagement] INFO  server.RaftServerConfigKeys (ConfUtils.java:logGet(46)) - raft.server.log.statemachine.data.sync = true (default)
2024-04-28 12:43:53,189 [53f12868-9e08-461f-b1df-8616d22e03b0-groupManagement] INFO  server.RaftServerConfigKeys (ConfUtils.java:logGet(46)) - raft.server.log.statemachine.data.sync.timeout = 10s (default)
2024-04-28 12:43:53,189 [53f12868-9e08-461f-b1df-8616d22e03b0-groupManagement] INFO  server.RaftServerConfigKeys (ConfUtils.java:logGet(46)) - raft.server.log.statemachine.data.sync.timeout.retry = 30 (custom)
2024-04-28 12:43:53,189 [53f12868-9e08-461f-b1df-8616d22e03b0-groupManagement] INFO  server.RaftServerConfigKeys (ConfUtils.java:logGet(46)) - raft.server.log.write.buffer.size = 8388616 (custom)
2024-04-28 12:43:53,191 [53f12868-9e08-461f-b1df-8616d22e03b0-groupManagement] INFO  server.RaftServerConfigKeys (ConfUtils.java:logGet(46)) - raft.server.log.appender.buffer.byte-limit = 8388608 (custom)
2024-04-28 12:43:53,191 [53f12868-9e08-461f-b1df-8616d22e03b0-groupManagement] INFO  server.RaftServerConfigKeys (ConfUtils.java:logGet(46)) - raft.server.log.unsafe-flush.enabled = false (default)
2024-04-28 12:43:53,191 [53f12868-9e08-461f-b1df-8616d22e03b0-groupManagement] INFO  server.RaftServerConfigKeys (ConfUtils.java:logGet(46)) - raft.server.log.async-flush.enabled = false (default)
2024-04-28 12:43:53,191 [53f12868-9e08-461f-b1df-8616d22e03b0-groupManagement] INFO  server.RaftServerConfigKeys (ConfUtils.java:logGet(46)) - raft.server.log.statemachine.data.caching.enabled = true (custom)
2024-04-28 12:43:53,191 [53f12868-9e08-461f-b1df-8616d22e03b0-groupManagement] INFO  segmented.SegmentedRaftLogWorker (SegmentedRaftLogWorker.java:lambda$new$0(134)) - 53f12868-9e08-461f-b1df-8616d22e03b0@group-64502A0FA25A-SegmentedRaftLogWorker: flushIndex: setUnconditionally 0 -> -1
2024-04-28 12:43:53,191 [53f12868-9e08-461f-b1df-8616d22e03b0-groupManagement] INFO  segmented.SegmentedRaftLogWorker (SegmentedRaftLogWorker.java:lambda$new$0(134)) - 53f12868-9e08-461f-b1df-8616d22e03b0@group-64502A0FA25A-SegmentedRaftLogWorker: safeCacheEvictIndex: setUnconditionally 0 -> -1
2024-04-28 12:43:53,192 [53f12868-9e08-461f-b1df-8616d22e03b0-groupManagement] INFO  server.RaftServer$Division (RaftServerImpl.java:start(396)) - 53f12868-9e08-461f-b1df-8616d22e03b0@group-64502A0FA25A: start as a follower, conf=-1: peers:[53f12868-9e08-461f-b1df-8616d22e03b0|127.0.0.1:15103, 013b6299-c97b-4afe-8aa4-203fc50eadfd|127.0.0.1:15121, e9c86f68-3649-4446-905a-585a397e3574|127.0.0.1:15112]|listeners:[], old=null
2024-04-28 12:43:53,192 [53f12868-9e08-461f-b1df-8616d22e03b0-groupManagement] INFO  server.RaftServer$Division (RaftServerImpl.java:setRole(383)) - 53f12868-9e08-461f-b1df-8616d22e03b0@group-64502A0FA25A: changes role from      null to FOLLOWER at term 0 for startAsFollower
2024-04-28 12:43:53,192 [53f12868-9e08-461f-b1df-8616d22e03b0-groupManagement] INFO  impl.RoleInfo (RoleInfo.java:updateAndGet(139)) - 53f12868-9e08-461f-b1df-8616d22e03b0: start 53f12868-9e08-461f-b1df-8616d22e03b0@group-64502A0FA25A-FollowerState
2024-04-28 12:43:53,197 [53f12868-9e08-461f-b1df-8616d22e03b0@group-64502A0FA25A-FollowerState] INFO  server.RaftServerConfigKeys (ConfUtils.java:logFallback(53)) - raft.server.rpc.first-election.timeout.min = 5s (fallback to raft.server.rpc.timeout.min)
2024-04-28 12:43:53,197 [53f12868-9e08-461f-b1df-8616d22e03b0-groupManagement] INFO  util.JmxRegister (JmxRegister.java:tryRegister(44)) - Successfully registered JMX Bean with object name Ratis:service=RaftServer,group=group-64502A0FA25A,id=53f12868-9e08-461f-b1df-8616d22e03b0
2024-04-28 12:43:53,197 [53f12868-9e08-461f-b1df-8616d22e03b0@group-64502A0FA25A-FollowerState] INFO  server.RaftServerConfigKeys (ConfUtils.java:logFallback(53)) - raft.server.rpc.first-election.timeout.max = 5200ms (fallback to raft.server.rpc.timeout.max)
2024-04-28 12:43:53,197 [53f12868-9e08-461f-b1df-8616d22e03b0-groupManagement] INFO  server.RaftServerConfigKeys (ConfUtils.java:logGet(46)) - raft.server.snapshot.trigger-when-stop.enabled = true (default)
2024-04-28 12:43:53,197 [53f12868-9e08-461f-b1df-8616d22e03b0-groupManagement] INFO  server.RaftServerConfigKeys (ConfUtils.java:logGet(46)) - raft.server.snapshot.auto.trigger.enabled = true (custom)
2024-04-28 12:43:53,197 [53f12868-9e08-461f-b1df-8616d22e03b0-groupManagement] INFO  server.RaftServerConfigKeys (ConfUtils.java:logGet(46)) - raft.server.snapshot.auto.trigger.threshold = 10000 (custom)
2024-04-28 12:43:53,197 [53f12868-9e08-461f-b1df-8616d22e03b0-groupManagement] INFO  server.RaftServerConfigKeys (ConfUtils.java:logGet(46)) - raft.server.snapshot.retention.file.num = 5 (custom)
2024-04-28 12:43:53,197 [53f12868-9e08-461f-b1df-8616d22e03b0-groupManagement] INFO  server.RaftServerConfigKeys (ConfUtils.java:logGet(46)) - raft.server.log.purge.upto.snapshot.index = false (default)
2024-04-28 12:43:53,198 [53f12868-9e08-461f-b1df-8616d22e03b0-PipelineCommandHandlerThread-0] INFO  ratis.XceiverServerRatis (XceiverServerRatis.java:addGroup(864)) - Created group PipelineID=989d9bce-39bb-4444-b4fa-64502a0fa25a
2024-04-28 12:43:53,204 [grpc-default-executor-0] INFO  server.RaftServer (RaftServerProxy.java:addNew(100)) - 013b6299-c97b-4afe-8aa4-203fc50eadfd: addNew group-64502A0FA25A:[53f12868-9e08-461f-b1df-8616d22e03b0|127.0.0.1:15103, 013b6299-c97b-4afe-8aa4-203fc50eadfd|127.0.0.1:15121, e9c86f68-3649-4446-905a-585a397e3574|127.0.0.1:15112] returns group-64502A0FA25A:java.util.concurrent.CompletableFuture@43191ec9[Not completed]
2024-04-28 12:43:53,205 [013b6299-c97b-4afe-8aa4-203fc50eadfd-groupManagement] INFO  server.RaftServer$Division (RaftServerImpl.java:<init>(256)) - 013b6299-c97b-4afe-8aa4-203fc50eadfd: new RaftServerImpl for group-64502A0FA25A:[53f12868-9e08-461f-b1df-8616d22e03b0|127.0.0.1:15103, 013b6299-c97b-4afe-8aa4-203fc50eadfd|127.0.0.1:15121, e9c86f68-3649-4446-905a-585a397e3574|127.0.0.1:15112] with ContainerStateMachine:uninitialized
2024-04-28 12:43:53,205 [013b6299-c97b-4afe-8aa4-203fc50eadfd-groupManagement] INFO  server.RaftServerConfigKeys (ConfUtils.java:logGet(46)) - raft.server.rpc.timeout.min = 5s (custom)
2024-04-28 12:43:53,205 [013b6299-c97b-4afe-8aa4-203fc50eadfd-groupManagement] INFO  server.RaftServerConfigKeys (ConfUtils.java:logGet(46)) - raft.server.rpc.timeout.max = 5200ms (custom)
2024-04-28 12:43:53,205 [013b6299-c97b-4afe-8aa4-203fc50eadfd-groupManagement] INFO  server.RaftServerConfigKeys (ConfUtils.java:logGet(46)) - raft.server.rpc.sleep.time = 25ms (default)
2024-04-28 12:43:53,205 [013b6299-c97b-4afe-8aa4-203fc50eadfd-groupManagement] INFO  server.RaftServerConfigKeys (ConfUtils.java:logGet(46)) - raft.server.rpc.slowness.timeout = 300000ms (custom)
2024-04-28 12:43:53,205 [013b6299-c97b-4afe-8aa4-203fc50eadfd-groupManagement] INFO  server.RaftServerConfigKeys (ConfUtils.java:logGet(46)) - raft.server.leaderelection.leader.step-down.wait-time = 10s (default)
2024-04-28 12:43:53,205 [013b6299-c97b-4afe-8aa4-203fc50eadfd-groupManagement] INFO  server.RaftServerConfigKeys (ConfUtils.java:logGet(46)) - raft.server.leaderelection.member.majority-add = false (default)
2024-04-28 12:43:53,205 [013b6299-c97b-4afe-8aa4-203fc50eadfd-groupManagement] INFO  server.RaftServerConfigKeys (ConfUtils.java:logGet(46)) - raft.server.sleep.deviation.threshold = 300ms (default)
2024-04-28 12:43:53,205 [013b6299-c97b-4afe-8aa4-203fc50eadfd-groupManagement] INFO  server.RaftServer$Division (ServerState.java:<init>(113)) - 013b6299-c97b-4afe-8aa4-203fc50eadfd@group-64502A0FA25A: ConfigurationManager, init=-1: peers:[53f12868-9e08-461f-b1df-8616d22e03b0|127.0.0.1:15103, 013b6299-c97b-4afe-8aa4-203fc50eadfd|127.0.0.1:15121, e9c86f68-3649-4446-905a-585a397e3574|127.0.0.1:15112]|listeners:[], old=null, confs=<EMPTY_MAP>
2024-04-28 12:43:53,205 [013b6299-c97b-4afe-8aa4-203fc50eadfd-groupManagement] INFO  server.RaftServerConfigKeys (ConfUtils.java:logGet(46)) - raft.server.notification.no-leader.timeout = 300000ms (custom)
2024-04-28 12:43:53,205 [013b6299-c97b-4afe-8aa4-203fc50eadfd-groupManagement] INFO  server.RaftServerConfigKeys (ConfUtils.java:logGet(46)) - raft.server.read.timeout = 10s (default)
2024-04-28 12:43:53,205 [013b6299-c97b-4afe-8aa4-203fc50eadfd-groupManagement] INFO  server.RaftServerConfigKeys (ConfUtils.java:logGet(46)) - raft.server.retrycache.expirytime = 600000ms (custom)
2024-04-28 12:43:53,205 [013b6299-c97b-4afe-8aa4-203fc50eadfd-groupManagement] INFO  server.RaftServerConfigKeys (ConfUtils.java:logGet(46)) - raft.server.retrycache.statistics.expirytime = 100ms (default)
2024-04-28 12:43:53,205 [013b6299-c97b-4afe-8aa4-203fc50eadfd-groupManagement] INFO  server.RaftServerConfigKeys (ConfUtils.java:logGet(46)) - raft.server.read.option = DEFAULT (default)
2024-04-28 12:43:53,206 [013b6299-c97b-4afe-8aa4-203fc50eadfd-groupManagement] INFO  server.RaftServerConfigKeys (ConfUtils.java:logGet(46)) - raft.server.read.read-after-write-consistent.write-index-cache.expiry-time = 60s (default)
2024-04-28 12:43:53,208 [013b6299-c97b-4afe-8aa4-203fc50eadfd-groupManagement] INFO  server.RaftServerConfigKeys (ConfUtils.java:logGet(46)) - raft.server.rpc.request.timeout = 3000ms (default)
2024-04-28 12:43:53,208 [013b6299-c97b-4afe-8aa4-203fc50eadfd-groupManagement] INFO  server.RaftServerConfigKeys (ConfUtils.java:logGet(46)) - raft.server.log.appender.install.snapshot.enabled = false (custom)
2024-04-28 12:43:53,208 [013b6299-c97b-4afe-8aa4-203fc50eadfd-groupManagement] INFO  server.RaftServerConfigKeys (ConfUtils.java:logGet(46)) - raft.server.threadpool.server.cached = true (default)
2024-04-28 12:43:53,208 [013b6299-c97b-4afe-8aa4-203fc50eadfd-groupManagement] INFO  server.RaftServerConfigKeys (ConfUtils.java:logGet(46)) - raft.server.threadpool.server.size = 0 (default)
2024-04-28 12:43:53,208 [013b6299-c97b-4afe-8aa4-203fc50eadfd-groupManagement] INFO  server.RaftServerConfigKeys (ConfUtils.java:logGet(46)) - raft.server.threadpool.client.cached = true (default)
2024-04-28 12:43:53,208 [013b6299-c97b-4afe-8aa4-203fc50eadfd-groupManagement] INFO  server.RaftServerConfigKeys (ConfUtils.java:logGet(46)) - raft.server.threadpool.client.size = 0 (default)
2024-04-28 12:43:53,208 [013b6299-c97b-4afe-8aa4-203fc50eadfd-groupManagement] INFO  server.RaftServerConfigKeys (ConfUtils.java:logGet(46)) - raft.server.storage.free-space.min = 0MB (=0) (default)
2024-04-28 12:43:53,208 [013b6299-c97b-4afe-8aa4-203fc50eadfd-groupManagement] INFO  server.RaftServerConfigKeys (ConfUtils.java:logGet(46)) - raft.server.log.corruption.policy = EXCEPTION (default)
2024-04-28 12:43:53,208 [013b6299-c97b-4afe-8aa4-203fc50eadfd-groupManagement] INFO  server.RaftServerConfigKeys (ConfUtils.java:logGet(46)) - raft.server.storage.dir = [/home/runner/work/ozone/ozone/hadoop-ozone/integration-test/target/test-dir/MiniOzoneClusterImpl-fb989876-9371-464e-b996-ece4d3fe3ecb/ozone-meta/datanode-3/ratis] (custom)
2024-04-28 12:43:53,209 [013b6299-c97b-4afe-8aa4-203fc50eadfd-groupManagement] INFO  storage.RaftStorageDirectory (RaftStorageDirectoryImpl.java:analyzeStorage(138)) - The storage directory /home/runner/work/ozone/ozone/hadoop-ozone/integration-test/target/test-dir/MiniOzoneClusterImpl-fb989876-9371-464e-b996-ece4d3fe3ecb/ozone-meta/datanode-3/ratis/989d9bce-39bb-4444-b4fa-64502a0fa25a does not exist. Creating ...
2024-04-28 12:43:53,209 [013b6299-c97b-4afe-8aa4-203fc50eadfd-groupManagement] INFO  storage.RaftStorageDirectory (RaftStorageDirectoryImpl.java:tryLock(228)) - Lock on /home/runner/work/ozone/ozone/hadoop-ozone/integration-test/target/test-dir/MiniOzoneClusterImpl-fb989876-9371-464e-b996-ece4d3fe3ecb/ozone-meta/datanode-3/ratis/989d9bce-39bb-4444-b4fa-64502a0fa25a/in_use.lock acquired by nodename 21404@fv-az1392-52
2024-04-28 12:43:53,210 [013b6299-c97b-4afe-8aa4-203fc50eadfd-groupManagement] INFO  storage.RaftStorage (RaftStorageImpl.java:format(99)) - Storage directory /home/runner/work/ozone/ozone/hadoop-ozone/integration-test/target/test-dir/MiniOzoneClusterImpl-fb989876-9371-464e-b996-ece4d3fe3ecb/ozone-meta/datanode-3/ratis/989d9bce-39bb-4444-b4fa-64502a0fa25a has been successfully formatted.
2024-04-28 12:43:53,210 [013b6299-c97b-4afe-8aa4-203fc50eadfd-groupManagement] WARN  util.FileUtils (LogUtils.java:supplyAndLog(63)) - Failed to Files.newInputStream /home/runner/work/ozone/ozone/hadoop-ozone/integration-test/target/test-dir/MiniOzoneClusterImpl-fb989876-9371-464e-b996-ece4d3fe3ecb/ozone-meta/datanode-3/ratis/989d9bce-39bb-4444-b4fa-64502a0fa25a/current/raft-meta.conf with options []: java.nio.file.NoSuchFileException: /home/runner/work/ozone/ozone/hadoop-ozone/integration-test/target/test-dir/MiniOzoneClusterImpl-fb989876-9371-464e-b996-ece4d3fe3ecb/ozone-meta/datanode-3/ratis/989d9bce-39bb-4444-b4fa-64502a0fa25a/current/raft-meta.conf
2024-04-28 12:43:53,211 [013b6299-c97b-4afe-8aa4-203fc50eadfd-groupManagement] INFO  ratis.ContainerStateMachine (ContainerStateMachine.java:loadSnapshot(287)) - group-64502A0FA25A: The snapshot info is null. Setting the last applied index to:(t:0, i:~)
2024-04-28 12:43:53,211 [013b6299-c97b-4afe-8aa4-203fc50eadfd-groupManagement] INFO  server.RaftServerConfigKeys (ConfUtils.java:logGet(46)) - raft.server.log.use.memory = false (default)
2024-04-28 12:43:53,211 [013b6299-c97b-4afe-8aa4-203fc50eadfd-groupManagement] INFO  server.RaftServerConfigKeys (ConfUtils.java:logGet(46)) - raft.server.log.purge.gap = 1000000 (custom)
2024-04-28 12:43:53,211 [013b6299-c97b-4afe-8aa4-203fc50eadfd-groupManagement] INFO  server.RaftServerConfigKeys (ConfUtils.java:logGet(46)) - raft.server.log.appender.buffer.byte-limit = 8388608 (custom)
2024-04-28 12:43:53,211 [013b6299-c97b-4afe-8aa4-203fc50eadfd-groupManagement] INFO  server.RaftServerConfigKeys (ConfUtils.java:logGet(46)) - raft.server.log.statemachine.data.read.timeout = 1000ms (default)
2024-04-28 12:43:53,211 [013b6299-c97b-4afe-8aa4-203fc50eadfd-groupManagement] INFO  server.RaftServerConfigKeys (ConfUtils.java:logGet(46)) - raft.server.log.purge.preservation.log.num = 0 (default)
2024-04-28 12:43:53,212 [013b6299-c97b-4afe-8aa4-203fc50eadfd-groupManagement] INFO  server.RaftServerConfigKeys (ConfUtils.java:logGet(46)) - raft.server.log.segment.size.max = 67108864 (custom)
2024-04-28 12:43:53,213 [013b6299-c97b-4afe-8aa4-203fc50eadfd-groupManagement] INFO  server.RaftServerConfigKeys (ConfUtils.java:logGet(46)) - raft.server.log.segment.cache.num.max = 2 (custom)
2024-04-28 12:43:53,213 [013b6299-c97b-4afe-8aa4-203fc50eadfd-groupManagement] INFO  server.RaftServerConfigKeys (ConfUtils.java:logGet(46)) - raft.server.log.segment.cache.size.max = 200MB (=209715200) (default)
2024-04-28 12:43:53,213 [013b6299-c97b-4afe-8aa4-203fc50eadfd-groupManagement] INFO  server.RaftServerConfigKeys (ConfUtils.java:logGet(46)) - raft.server.log.appender.buffer.byte-limit = 8388608 (custom)
2024-04-28 12:43:53,213 [013b6299-c97b-4afe-8aa4-203fc50eadfd-groupManagement] INFO  util.AwaitToRun (AwaitToRun.java:start(81)) - Thread[013b6299-c97b-4afe-8aa4-203fc50eadfd@group-64502A0FA25A-cacheEviction-AwaitToRun,5,main] started
2024-04-28 12:43:53,213 [013b6299-c97b-4afe-8aa4-203fc50eadfd-groupManagement] INFO  segmented.SegmentedRaftLogWorker (SegmentedRaftLogWorker.java:<init>(182)) - new 013b6299-c97b-4afe-8aa4-203fc50eadfd@group-64502A0FA25A-SegmentedRaftLogWorker for RaftStorageImpl:Storage Directory /home/runner/work/ozone/ozone/hadoop-ozone/integration-test/target/test-dir/MiniOzoneClusterImpl-fb989876-9371-464e-b996-ece4d3fe3ecb/ozone-meta/datanode-3/ratis/989d9bce-39bb-4444-b4fa-64502a0fa25a
2024-04-28 12:43:53,213 [013b6299-c97b-4afe-8aa4-203fc50eadfd-groupManagement] INFO  server.RaftServerConfigKeys (ConfUtils.java:logGet(46)) - raft.server.log.queue.byte-limit = 4294967296 (custom)
2024-04-28 12:43:53,213 [013b6299-c97b-4afe-8aa4-203fc50eadfd-groupManagement] INFO  server.RaftServerConfigKeys (ConfUtils.java:logGet(46)) - raft.server.log.queue.element-limit = 1024 (custom)
2024-04-28 12:43:53,213 [013b6299-c97b-4afe-8aa4-203fc50eadfd-groupManagement] INFO  server.RaftServerConfigKeys (ConfUtils.java:logGet(46)) - raft.server.log.segment.size.max = 67108864 (custom)
2024-04-28 12:43:53,213 [013b6299-c97b-4afe-8aa4-203fc50eadfd-groupManagement] INFO  server.RaftServerConfigKeys (ConfUtils.java:logGet(46)) - raft.server.log.preallocated.size = 4194304 (custom)
2024-04-28 12:43:53,213 [013b6299-c97b-4afe-8aa4-203fc50eadfd-groupManagement] INFO  server.RaftServerConfigKeys (ConfUtils.java:logGet(46)) - raft.server.log.force.sync.num = 128 (default)
2024-04-28 12:43:53,213 [013b6299-c97b-4afe-8aa4-203fc50eadfd-groupManagement] INFO  server.RaftServerConfigKeys (ConfUtils.java:logGet(46)) - raft.server.log.statemachine.data.sync = true (default)
2024-04-28 12:43:53,213 [013b6299-c97b-4afe-8aa4-203fc50eadfd-groupManagement] INFO  server.RaftServerConfigKeys (ConfUtils.java:logGet(46)) - raft.server.log.statemachine.data.sync.timeout = 10s (default)
2024-04-28 12:43:53,213 [013b6299-c97b-4afe-8aa4-203fc50eadfd-groupManagement] INFO  server.RaftServerConfigKeys (ConfUtils.java:logGet(46)) - raft.server.log.statemachine.data.sync.timeout.retry = 30 (custom)
2024-04-28 12:43:53,214 [013b6299-c97b-4afe-8aa4-203fc50eadfd-groupManagement] INFO  server.RaftServerConfigKeys (ConfUtils.java:logGet(46)) - raft.server.log.write.buffer.size = 8388616 (custom)
2024-04-28 12:43:53,215 [013b6299-c97b-4afe-8aa4-203fc50eadfd-groupManagement] INFO  server.RaftServerConfigKeys (ConfUtils.java:logGet(46)) - raft.server.log.appender.buffer.byte-limit = 8388608 (custom)
2024-04-28 12:43:53,215 [013b6299-c97b-4afe-8aa4-203fc50eadfd-groupManagement] INFO  server.RaftServerConfigKeys (ConfUtils.java:logGet(46)) - raft.server.log.unsafe-flush.enabled = false (default)
2024-04-28 12:43:53,215 [013b6299-c97b-4afe-8aa4-203fc50eadfd-groupManagement] INFO  server.RaftServerConfigKeys (ConfUtils.java:logGet(46)) - raft.server.log.async-flush.enabled = false (default)
2024-04-28 12:43:53,215 [013b6299-c97b-4afe-8aa4-203fc50eadfd-groupManagement] INFO  server.RaftServerConfigKeys (ConfUtils.java:logGet(46)) - raft.server.log.statemachine.data.caching.enabled = true (custom)
2024-04-28 12:43:53,215 [013b6299-c97b-4afe-8aa4-203fc50eadfd-groupManagement] INFO  segmented.SegmentedRaftLogWorker (SegmentedRaftLogWorker.java:lambda$new$0(134)) - 013b6299-c97b-4afe-8aa4-203fc50eadfd@group-64502A0FA25A-SegmentedRaftLogWorker: flushIndex: setUnconditionally 0 -> -1
2024-04-28 12:43:53,215 [013b6299-c97b-4afe-8aa4-203fc50eadfd-groupManagement] INFO  segmented.SegmentedRaftLogWorker (SegmentedRaftLogWorker.java:lambda$new$0(134)) - 013b6299-c97b-4afe-8aa4-203fc50eadfd@group-64502A0FA25A-SegmentedRaftLogWorker: safeCacheEvictIndex: setUnconditionally 0 -> -1
2024-04-28 12:43:53,216 [013b6299-c97b-4afe-8aa4-203fc50eadfd-groupManagement] INFO  server.RaftServer$Division (RaftServerImpl.java:start(396)) - 013b6299-c97b-4afe-8aa4-203fc50eadfd@group-64502A0FA25A: start as a follower, conf=-1: peers:[53f12868-9e08-461f-b1df-8616d22e03b0|127.0.0.1:15103, 013b6299-c97b-4afe-8aa4-203fc50eadfd|127.0.0.1:15121, e9c86f68-3649-4446-905a-585a397e3574|127.0.0.1:15112]|listeners:[], old=null
2024-04-28 12:43:53,216 [013b6299-c97b-4afe-8aa4-203fc50eadfd-groupManagement] INFO  server.RaftServer$Division (RaftServerImpl.java:setRole(383)) - 013b6299-c97b-4afe-8aa4-203fc50eadfd@group-64502A0FA25A: changes role from      null to FOLLOWER at term 0 for startAsFollower
2024-04-28 12:43:53,216 [013b6299-c97b-4afe-8aa4-203fc50eadfd-groupManagement] INFO  impl.RoleInfo (RoleInfo.java:updateAndGet(139)) - 013b6299-c97b-4afe-8aa4-203fc50eadfd: start 013b6299-c97b-4afe-8aa4-203fc50eadfd@group-64502A0FA25A-FollowerState
2024-04-28 12:43:53,216 [013b6299-c97b-4afe-8aa4-203fc50eadfd-groupManagement] INFO  util.JmxRegister (JmxRegister.java:tryRegister(44)) - Successfully registered JMX Bean with object name Ratis:service=RaftServer,group=group-64502A0FA25A,id=013b6299-c97b-4afe-8aa4-203fc50eadfd
2024-04-28 12:43:53,216 [013b6299-c97b-4afe-8aa4-203fc50eadfd-groupManagement] INFO  server.RaftServerConfigKeys (ConfUtils.java:logGet(46)) - raft.server.snapshot.trigger-when-stop.enabled = true (default)
2024-04-28 12:43:53,216 [013b6299-c97b-4afe-8aa4-203fc50eadfd-groupManagement] INFO  server.RaftServerConfigKeys (ConfUtils.java:logGet(46)) - raft.server.snapshot.auto.trigger.enabled = true (custom)
2024-04-28 12:43:53,216 [013b6299-c97b-4afe-8aa4-203fc50eadfd-groupManagement] INFO  server.RaftServerConfigKeys (ConfUtils.java:logGet(46)) - raft.server.snapshot.auto.trigger.threshold = 10000 (custom)
2024-04-28 12:43:53,216 [013b6299-c97b-4afe-8aa4-203fc50eadfd-groupManagement] INFO  server.RaftServerConfigKeys (ConfUtils.java:logGet(46)) - raft.server.snapshot.retention.file.num = 5 (custom)
2024-04-28 12:43:53,216 [013b6299-c97b-4afe-8aa4-203fc50eadfd-groupManagement] INFO  server.RaftServerConfigKeys (ConfUtils.java:logGet(46)) - raft.server.log.purge.upto.snapshot.index = false (default)
2024-04-28 12:43:53,216 [013b6299-c97b-4afe-8aa4-203fc50eadfd@group-64502A0FA25A-FollowerState] INFO  server.RaftServerConfigKeys (ConfUtils.java:logFallback(53)) - raft.server.rpc.first-election.timeout.min = 5s (fallback to raft.server.rpc.timeout.min)
2024-04-28 12:43:53,218 [013b6299-c97b-4afe-8aa4-203fc50eadfd@group-64502A0FA25A-FollowerState] INFO  server.RaftServerConfigKeys (ConfUtils.java:logFallback(53)) - raft.server.rpc.first-election.timeout.max = 5200ms (fallback to raft.server.rpc.timeout.max)
2024-04-28 12:43:53,226 [grpc-default-executor-0] INFO  server.RaftServer (RaftServerProxy.java:addNew(100)) - e9c86f68-3649-4446-905a-585a397e3574: addNew group-64502A0FA25A:[53f12868-9e08-461f-b1df-8616d22e03b0|127.0.0.1:15103, 013b6299-c97b-4afe-8aa4-203fc50eadfd|127.0.0.1:15121, e9c86f68-3649-4446-905a-585a397e3574|127.0.0.1:15112] returns group-64502A0FA25A:java.util.concurrent.CompletableFuture@7df759b8[Not completed]
2024-04-28 12:43:53,227 [e9c86f68-3649-4446-905a-585a397e3574-groupManagement] INFO  server.RaftServer$Division (RaftServerImpl.java:<init>(256)) - e9c86f68-3649-4446-905a-585a397e3574: new RaftServerImpl for group-64502A0FA25A:[53f12868-9e08-461f-b1df-8616d22e03b0|127.0.0.1:15103, 013b6299-c97b-4afe-8aa4-203fc50eadfd|127.0.0.1:15121, e9c86f68-3649-4446-905a-585a397e3574|127.0.0.1:15112] with ContainerStateMachine:uninitialized
2024-04-28 12:43:53,227 [e9c86f68-3649-4446-905a-585a397e3574-groupManagement] INFO  server.RaftServerConfigKeys (ConfUtils.java:logGet(46)) - raft.server.rpc.timeout.min = 5s (custom)
2024-04-28 12:43:53,227 [e9c86f68-3649-4446-905a-585a397e3574-groupManagement] INFO  server.RaftServerConfigKeys (ConfUtils.java:logGet(46)) - raft.server.rpc.timeout.max = 5200ms (custom)
2024-04-28 12:43:53,227 [e9c86f68-3649-4446-905a-585a397e3574-groupManagement] INFO  server.RaftServerConfigKeys (ConfUtils.java:logGet(46)) - raft.server.rpc.sleep.time = 25ms (default)
2024-04-28 12:43:53,227 [e9c86f68-3649-4446-905a-585a397e3574-groupManagement] INFO  server.RaftServerConfigKeys (ConfUtils.java:logGet(46)) - raft.server.rpc.slowness.timeout = 300000ms (custom)
2024-04-28 12:43:53,227 [e9c86f68-3649-4446-905a-585a397e3574-groupManagement] INFO  server.RaftServerConfigKeys (ConfUtils.java:logGet(46)) - raft.server.leaderelection.leader.step-down.wait-time = 10s (default)
2024-04-28 12:43:53,227 [e9c86f68-3649-4446-905a-585a397e3574-groupManagement] INFO  server.RaftServerConfigKeys (ConfUtils.java:logGet(46)) - raft.server.leaderelection.member.majority-add = false (default)
2024-04-28 12:43:53,227 [e9c86f68-3649-4446-905a-585a397e3574-groupManagement] INFO  server.RaftServerConfigKeys (ConfUtils.java:logGet(46)) - raft.server.sleep.deviation.threshold = 300ms (default)
2024-04-28 12:43:53,227 [e9c86f68-3649-4446-905a-585a397e3574-groupManagement] INFO  server.RaftServer$Division (ServerState.java:<init>(113)) - e9c86f68-3649-4446-905a-585a397e3574@group-64502A0FA25A: ConfigurationManager, init=-1: peers:[53f12868-9e08-461f-b1df-8616d22e03b0|127.0.0.1:15103, 013b6299-c97b-4afe-8aa4-203fc50eadfd|127.0.0.1:15121, e9c86f68-3649-4446-905a-585a397e3574|127.0.0.1:15112]|listeners:[], old=null, confs=<EMPTY_MAP>
2024-04-28 12:43:53,227 [e9c86f68-3649-4446-905a-585a397e3574-groupManagement] INFO  server.RaftServerConfigKeys (ConfUtils.java:logGet(46)) - raft.server.notification.no-leader.timeout = 300000ms (custom)
2024-04-28 12:43:53,227 [e9c86f68-3649-4446-905a-585a397e3574-groupManagement] INFO  server.RaftServerConfigKeys (ConfUtils.java:logGet(46)) - raft.server.read.timeout = 10s (default)
2024-04-28 12:43:53,228 [e9c86f68-3649-4446-905a-585a397e3574-groupManagement] INFO  server.RaftServerConfigKeys (ConfUtils.java:logGet(46)) - raft.server.retrycache.expirytime = 600000ms (custom)
2024-04-28 12:43:53,228 [e9c86f68-3649-4446-905a-585a397e3574-groupManagement] INFO  server.RaftServerConfigKeys (ConfUtils.java:logGet(46)) - raft.server.retrycache.statistics.expirytime = 100ms (default)
2024-04-28 12:43:53,228 [e9c86f68-3649-4446-905a-585a397e3574-groupManagement] INFO  server.RaftServerConfigKeys (ConfUtils.java:logGet(46)) - raft.server.read.option = DEFAULT (default)
2024-04-28 12:43:53,228 [e9c86f68-3649-4446-905a-585a397e3574-groupManagement] INFO  server.RaftServerConfigKeys (ConfUtils.java:logGet(46)) - raft.server.read.read-after-write-consistent.write-index-cache.expiry-time = 60s (default)
2024-04-28 12:43:53,230 [e9c86f68-3649-4446-905a-585a397e3574-groupManagement] INFO  server.RaftServerConfigKeys (ConfUtils.java:logGet(46)) - raft.server.rpc.request.timeout = 3000ms (default)
2024-04-28 12:43:53,230 [e9c86f68-3649-4446-905a-585a397e3574-groupManagement] INFO  server.RaftServerConfigKeys (ConfUtils.java:logGet(46)) - raft.server.log.appender.install.snapshot.enabled = false (custom)
2024-04-28 12:43:53,230 [e9c86f68-3649-4446-905a-585a397e3574-groupManagement] INFO  server.RaftServerConfigKeys (ConfUtils.java:logGet(46)) - raft.server.threadpool.server.cached = true (default)
2024-04-28 12:43:53,230 [e9c86f68-3649-4446-905a-585a397e3574-groupManagement] INFO  server.RaftServerConfigKeys (ConfUtils.java:logGet(46)) - raft.server.threadpool.server.size = 0 (default)
2024-04-28 12:43:53,230 [e9c86f68-3649-4446-905a-585a397e3574-groupManagement] INFO  server.RaftServerConfigKeys (ConfUtils.java:logGet(46)) - raft.server.threadpool.client.cached = true (default)
2024-04-28 12:43:53,230 [e9c86f68-3649-4446-905a-585a397e3574-groupManagement] INFO  server.RaftServerConfigKeys (ConfUtils.java:logGet(46)) - raft.server.threadpool.client.size = 0 (default)
2024-04-28 12:43:53,230 [e9c86f68-3649-4446-905a-585a397e3574-groupManagement] INFO  server.RaftServerConfigKeys (ConfUtils.java:logGet(46)) - raft.server.storage.free-space.min = 0MB (=0) (default)
2024-04-28 12:43:53,230 [e9c86f68-3649-4446-905a-585a397e3574-groupManagement] INFO  server.RaftServerConfigKeys (ConfUtils.java:logGet(46)) - raft.server.log.corruption.policy = EXCEPTION (default)
2024-04-28 12:43:53,230 [e9c86f68-3649-4446-905a-585a397e3574-groupManagement] INFO  server.RaftServerConfigKeys (ConfUtils.java:logGet(46)) - raft.server.storage.dir = [/home/runner/work/ozone/ozone/hadoop-ozone/integration-test/target/test-dir/MiniOzoneClusterImpl-fb989876-9371-464e-b996-ece4d3fe3ecb/ozone-meta/datanode-2/ratis] (custom)
2024-04-28 12:43:53,231 [e9c86f68-3649-4446-905a-585a397e3574-groupManagement] INFO  storage.RaftStorageDirectory (RaftStorageDirectoryImpl.java:analyzeStorage(138)) - The storage directory /home/runner/work/ozone/ozone/hadoop-ozone/integration-test/target/test-dir/MiniOzoneClusterImpl-fb989876-9371-464e-b996-ece4d3fe3ecb/ozone-meta/datanode-2/ratis/989d9bce-39bb-4444-b4fa-64502a0fa25a does not exist. Creating ...
2024-04-28 12:43:53,231 [e9c86f68-3649-4446-905a-585a397e3574-groupManagement] INFO  storage.RaftStorageDirectory (RaftStorageDirectoryImpl.java:tryLock(228)) - Lock on /home/runner/work/ozone/ozone/hadoop-ozone/integration-test/target/test-dir/MiniOzoneClusterImpl-fb989876-9371-464e-b996-ece4d3fe3ecb/ozone-meta/datanode-2/ratis/989d9bce-39bb-4444-b4fa-64502a0fa25a/in_use.lock acquired by nodename 21404@fv-az1392-52
2024-04-28 12:43:53,232 [e9c86f68-3649-4446-905a-585a397e3574-groupManagement] INFO  storage.RaftStorage (RaftStorageImpl.java:format(99)) - Storage directory /home/runner/work/ozone/ozone/hadoop-ozone/integration-test/target/test-dir/MiniOzoneClusterImpl-fb989876-9371-464e-b996-ece4d3fe3ecb/ozone-meta/datanode-2/ratis/989d9bce-39bb-4444-b4fa-64502a0fa25a has been successfully formatted.
2024-04-28 12:43:53,232 [e9c86f68-3649-4446-905a-585a397e3574-groupManagement] WARN  util.FileUtils (LogUtils.java:supplyAndLog(63)) - Failed to Files.newInputStream /home/runner/work/ozone/ozone/hadoop-ozone/integration-test/target/test-dir/MiniOzoneClusterImpl-fb989876-9371-464e-b996-ece4d3fe3ecb/ozone-meta/datanode-2/ratis/989d9bce-39bb-4444-b4fa-64502a0fa25a/current/raft-meta.conf with options []: java.nio.file.NoSuchFileException: /home/runner/work/ozone/ozone/hadoop-ozone/integration-test/target/test-dir/MiniOzoneClusterImpl-fb989876-9371-464e-b996-ece4d3fe3ecb/ozone-meta/datanode-2/ratis/989d9bce-39bb-4444-b4fa-64502a0fa25a/current/raft-meta.conf
2024-04-28 12:43:53,233 [e9c86f68-3649-4446-905a-585a397e3574-groupManagement] INFO  ratis.ContainerStateMachine (ContainerStateMachine.java:loadSnapshot(287)) - group-64502A0FA25A: The snapshot info is null. Setting the last applied index to:(t:0, i:~)
2024-04-28 12:43:53,233 [e9c86f68-3649-4446-905a-585a397e3574-groupManagement] INFO  server.RaftServerConfigKeys (ConfUtils.java:logGet(46)) - raft.server.log.use.memory = false (default)
2024-04-28 12:43:53,233 [e9c86f68-3649-4446-905a-585a397e3574-groupManagement] INFO  server.RaftServerConfigKeys (ConfUtils.java:logGet(46)) - raft.server.log.purge.gap = 1000000 (custom)
2024-04-28 12:43:53,233 [e9c86f68-3649-4446-905a-585a397e3574-groupManagement] INFO  server.RaftServerConfigKeys (ConfUtils.java:logGet(46)) - raft.server.log.appender.buffer.byte-limit = 8388608 (custom)
2024-04-28 12:43:53,233 [e9c86f68-3649-4446-905a-585a397e3574-groupManagement] INFO  server.RaftServerConfigKeys (ConfUtils.java:logGet(46)) - raft.server.log.statemachine.data.read.timeout = 1000ms (default)
2024-04-28 12:43:53,233 [e9c86f68-3649-4446-905a-585a397e3574-groupManagement] INFO  server.RaftServerConfigKeys (ConfUtils.java:logGet(46)) - raft.server.log.purge.preservation.log.num = 0 (default)
2024-04-28 12:43:53,235 [e9c86f68-3649-4446-905a-585a397e3574-groupManagement] INFO  server.RaftServerConfigKeys (ConfUtils.java:logGet(46)) - raft.server.log.segment.size.max = 67108864 (custom)
2024-04-28 12:43:53,235 [e9c86f68-3649-4446-905a-585a397e3574-groupManagement] INFO  server.RaftServerConfigKeys (ConfUtils.java:logGet(46)) - raft.server.log.segment.cache.num.max = 2 (custom)
2024-04-28 12:43:53,235 [e9c86f68-3649-4446-905a-585a397e3574-groupManagement] INFO  server.RaftServerConfigKeys (ConfUtils.java:logGet(46)) - raft.server.log.segment.cache.size.max = 200MB (=209715200) (default)
2024-04-28 12:43:53,235 [e9c86f68-3649-4446-905a-585a397e3574-groupManagement] INFO  server.RaftServerConfigKeys (ConfUtils.java:logGet(46)) - raft.server.log.appender.buffer.byte-limit = 8388608 (custom)
2024-04-28 12:43:53,235 [e9c86f68-3649-4446-905a-585a397e3574-groupManagement] INFO  util.AwaitToRun (AwaitToRun.java:start(81)) - Thread[e9c86f68-3649-4446-905a-585a397e3574@group-64502A0FA25A-cacheEviction-AwaitToRun,5,main] started
2024-04-28 12:43:53,235 [e9c86f68-3649-4446-905a-585a397e3574-groupManagement] INFO  segmented.SegmentedRaftLogWorker (SegmentedRaftLogWorker.java:<init>(182)) - new e9c86f68-3649-4446-905a-585a397e3574@group-64502A0FA25A-SegmentedRaftLogWorker for RaftStorageImpl:Storage Directory /home/runner/work/ozone/ozone/hadoop-ozone/integration-test/target/test-dir/MiniOzoneClusterImpl-fb989876-9371-464e-b996-ece4d3fe3ecb/ozone-meta/datanode-2/ratis/989d9bce-39bb-4444-b4fa-64502a0fa25a
2024-04-28 12:43:53,235 [e9c86f68-3649-4446-905a-585a397e3574-groupManagement] INFO  server.RaftServerConfigKeys (ConfUtils.java:logGet(46)) - raft.server.log.queue.byte-limit = 4294967296 (custom)
2024-04-28 12:43:53,235 [e9c86f68-3649-4446-905a-585a397e3574-groupManagement] INFO  server.RaftServerConfigKeys (ConfUtils.java:logGet(46)) - raft.server.log.queue.element-limit = 1024 (custom)
2024-04-28 12:43:53,235 [e9c86f68-3649-4446-905a-585a397e3574-groupManagement] INFO  server.RaftServerConfigKeys (ConfUtils.java:logGet(46)) - raft.server.log.segment.size.max = 67108864 (custom)
2024-04-28 12:43:53,235 [e9c86f68-3649-4446-905a-585a397e3574-groupManagement] INFO  server.RaftServerConfigKeys (ConfUtils.java:logGet(46)) - raft.server.log.preallocated.size = 4194304 (custom)
2024-04-28 12:43:53,235 [e9c86f68-3649-4446-905a-585a397e3574-groupManagement] INFO  server.RaftServerConfigKeys (ConfUtils.java:logGet(46)) - raft.server.log.force.sync.num = 128 (default)
2024-04-28 12:43:53,235 [e9c86f68-3649-4446-905a-585a397e3574-groupManagement] INFO  server.RaftServerConfigKeys (ConfUtils.java:logGet(46)) - raft.server.log.statemachine.data.sync = true (default)
2024-04-28 12:43:53,235 [e9c86f68-3649-4446-905a-585a397e3574-groupManagement] INFO  server.RaftServerConfigKeys (ConfUtils.java:logGet(46)) - raft.server.log.statemachine.data.sync.timeout = 10s (default)
2024-04-28 12:43:53,235 [e9c86f68-3649-4446-905a-585a397e3574-groupManagement] INFO  server.RaftServerConfigKeys (ConfUtils.java:logGet(46)) - raft.server.log.statemachine.data.sync.timeout.retry = 30 (custom)
2024-04-28 12:43:53,236 [e9c86f68-3649-4446-905a-585a397e3574-groupManagement] INFO  server.RaftServerConfigKeys (ConfUtils.java:logGet(46)) - raft.server.log.write.buffer.size = 8388616 (custom)
2024-04-28 12:43:53,237 [e9c86f68-3649-4446-905a-585a397e3574-PipelineCommandHandlerThread-0] INFO  server.RaftServer (RaftServerProxy.java:addNew(100)) - e9c86f68-3649-4446-905a-585a397e3574: addNew group-249964EAA68A:[e9c86f68-3649-4446-905a-585a397e3574|127.0.0.1:15112] returns group-249964EAA68A:java.util.concurrent.CompletableFuture@3f807647[Not completed]
2024-04-28 12:43:53,237 [e9c86f68-3649-4446-905a-585a397e3574-groupManagement] INFO  server.RaftServerConfigKeys (ConfUtils.java:logGet(46)) - raft.server.log.appender.buffer.byte-limit = 8388608 (custom)
2024-04-28 12:43:53,237 [e9c86f68-3649-4446-905a-585a397e3574-groupManagement] INFO  server.RaftServerConfigKeys (ConfUtils.java:logGet(46)) - raft.server.log.unsafe-flush.enabled = false (default)
2024-04-28 12:43:53,237 [e9c86f68-3649-4446-905a-585a397e3574-groupManagement] INFO  server.RaftServerConfigKeys (ConfUtils.java:logGet(46)) - raft.server.log.async-flush.enabled = false (default)
2024-04-28 12:43:53,237 [e9c86f68-3649-4446-905a-585a397e3574-groupManagement] INFO  server.RaftServerConfigKeys (ConfUtils.java:logGet(46)) - raft.server.log.statemachine.data.caching.enabled = true (custom)
2024-04-28 12:43:53,237 [e9c86f68-3649-4446-905a-585a397e3574-groupManagement] INFO  segmented.SegmentedRaftLogWorker (SegmentedRaftLogWorker.java:lambda$new$0(134)) - e9c86f68-3649-4446-905a-585a397e3574@group-64502A0FA25A-SegmentedRaftLogWorker: flushIndex: setUnconditionally 0 -> -1
2024-04-28 12:43:53,237 [e9c86f68-3649-4446-905a-585a397e3574-groupManagement] INFO  segmented.SegmentedRaftLogWorker (SegmentedRaftLogWorker.java:lambda$new$0(134)) - e9c86f68-3649-4446-905a-585a397e3574@group-64502A0FA25A-SegmentedRaftLogWorker: safeCacheEvictIndex: setUnconditionally 0 -> -1
2024-04-28 12:43:53,237 [e9c86f68-3649-4446-905a-585a397e3574-groupManagement] INFO  server.RaftServer$Division (RaftServerImpl.java:start(396)) - e9c86f68-3649-4446-905a-585a397e3574@group-64502A0FA25A: start as a follower, conf=-1: peers:[53f12868-9e08-461f-b1df-8616d22e03b0|127.0.0.1:15103, 013b6299-c97b-4afe-8aa4-203fc50eadfd|127.0.0.1:15121, e9c86f68-3649-4446-905a-585a397e3574|127.0.0.1:15112]|listeners:[], old=null
2024-04-28 12:43:53,237 [e9c86f68-3649-4446-905a-585a397e3574-groupManagement] INFO  server.RaftServer$Division (RaftServerImpl.java:setRole(383)) - e9c86f68-3649-4446-905a-585a397e3574@group-64502A0FA25A: changes role from      null to FOLLOWER at term 0 for startAsFollower
2024-04-28 12:43:53,238 [e9c86f68-3649-4446-905a-585a397e3574-groupManagement] INFO  impl.RoleInfo (RoleInfo.java:updateAndGet(139)) - e9c86f68-3649-4446-905a-585a397e3574: start e9c86f68-3649-4446-905a-585a397e3574@group-64502A0FA25A-FollowerState
2024-04-28 12:43:53,238 [e9c86f68-3649-4446-905a-585a397e3574@group-64502A0FA25A-FollowerState] INFO  server.RaftServerConfigKeys (ConfUtils.java:logFallback(53)) - raft.server.rpc.first-election.timeout.min = 5s (fallback to raft.server.rpc.timeout.min)
2024-04-28 12:43:53,238 [e9c86f68-3649-4446-905a-585a397e3574-groupManagement] INFO  util.JmxRegister (JmxRegister.java:tryRegister(44)) - Successfully registered JMX Bean with object name Ratis:service=RaftServer,group=group-64502A0FA25A,id=e9c86f68-3649-4446-905a-585a397e3574
2024-04-28 12:43:53,238 [e9c86f68-3649-4446-905a-585a397e3574@group-64502A0FA25A-FollowerState] INFO  server.RaftServerConfigKeys (ConfUtils.java:logFallback(53)) - raft.server.rpc.first-election.timeout.max = 5200ms (fallback to raft.server.rpc.timeout.max)
2024-04-28 12:43:53,238 [e9c86f68-3649-4446-905a-585a397e3574-groupManagement] INFO  server.RaftServerConfigKeys (ConfUtils.java:logGet(46)) - raft.server.snapshot.trigger-when-stop.enabled = true (default)
2024-04-28 12:43:53,238 [e9c86f68-3649-4446-905a-585a397e3574-groupManagement] INFO  server.RaftServerConfigKeys (ConfUtils.java:logGet(46)) - raft.server.snapshot.auto.trigger.enabled = true (custom)
2024-04-28 12:43:53,238 [e9c86f68-3649-4446-905a-585a397e3574-groupManagement] INFO  server.RaftServerConfigKeys (ConfUtils.java:logGet(46)) - raft.server.snapshot.auto.trigger.threshold = 10000 (custom)
2024-04-28 12:43:53,238 [e9c86f68-3649-4446-905a-585a397e3574-groupManagement] INFO  server.RaftServerConfigKeys (ConfUtils.java:logGet(46)) - raft.server.snapshot.retention.file.num = 5 (custom)
2024-04-28 12:43:53,238 [e9c86f68-3649-4446-905a-585a397e3574-groupManagement] INFO  server.RaftServerConfigKeys (ConfUtils.java:logGet(46)) - raft.server.log.purge.upto.snapshot.index = false (default)
2024-04-28 12:43:53,241 [e9c86f68-3649-4446-905a-585a397e3574-groupManagement] INFO  server.RaftServer$Division (RaftServerImpl.java:<init>(256)) - e9c86f68-3649-4446-905a-585a397e3574: new RaftServerImpl for group-249964EAA68A:[e9c86f68-3649-4446-905a-585a397e3574|127.0.0.1:15112] with ContainerStateMachine:uninitialized
2024-04-28 12:43:53,241 [e9c86f68-3649-4446-905a-585a397e3574-groupManagement] INFO  server.RaftServerConfigKeys (ConfUtils.java:logGet(46)) - raft.server.rpc.timeout.min = 5s (custom)
2024-04-28 12:43:53,241 [e9c86f68-3649-4446-905a-585a397e3574-groupManagement] INFO  server.RaftServerConfigKeys (ConfUtils.java:logGet(46)) - raft.server.rpc.timeout.max = 5200ms (custom)
2024-04-28 12:43:53,241 [e9c86f68-3649-4446-905a-585a397e3574-groupManagement] INFO  server.RaftServerConfigKeys (ConfUtils.java:logGet(46)) - raft.server.rpc.sleep.time = 25ms (default)
2024-04-28 12:43:53,241 [e9c86f68-3649-4446-905a-585a397e3574-groupManagement] INFO  server.RaftServerConfigKeys (ConfUtils.java:logGet(46)) - raft.server.rpc.slowness.timeout = 300000ms (custom)
2024-04-28 12:43:53,241 [e9c86f68-3649-4446-905a-585a397e3574-groupManagement] INFO  server.RaftServerConfigKeys (ConfUtils.java:logGet(46)) - raft.server.leaderelection.leader.step-down.wait-time = 10s (default)
2024-04-28 12:43:53,241 [e9c86f68-3649-4446-905a-585a397e3574-groupManagement] INFO  server.RaftServerConfigKeys (ConfUtils.java:logGet(46)) - raft.server.leaderelection.member.majority-add = false (default)
2024-04-28 12:43:53,241 [e9c86f68-3649-4446-905a-585a397e3574-groupManagement] INFO  server.RaftServerConfigKeys (ConfUtils.java:logGet(46)) - raft.server.sleep.deviation.threshold = 300ms (default)
2024-04-28 12:43:53,241 [e9c86f68-3649-4446-905a-585a397e3574-groupManagement] INFO  server.RaftServer$Division (ServerState.java:<init>(113)) - e9c86f68-3649-4446-905a-585a397e3574@group-249964EAA68A: ConfigurationManager, init=-1: peers:[e9c86f68-3649-4446-905a-585a397e3574|127.0.0.1:15112]|listeners:[], old=null, confs=<EMPTY_MAP>
2024-04-28 12:43:53,241 [e9c86f68-3649-4446-905a-585a397e3574-groupManagement] INFO  server.RaftServerConfigKeys (ConfUtils.java:logGet(46)) - raft.server.notification.no-leader.timeout = 300000ms (custom)
2024-04-28 12:43:53,241 [e9c86f68-3649-4446-905a-585a397e3574-groupManagement] INFO  server.RaftServerConfigKeys (ConfUtils.java:logGet(46)) - raft.server.read.timeout = 10s (default)
2024-04-28 12:43:53,241 [e9c86f68-3649-4446-905a-585a397e3574-groupManagement] INFO  server.RaftServerConfigKeys (ConfUtils.java:logGet(46)) - raft.server.retrycache.expirytime = 600000ms (custom)
2024-04-28 12:43:53,241 [e9c86f68-3649-4446-905a-585a397e3574-groupManagement] INFO  server.RaftServerConfigKeys (ConfUtils.java:logGet(46)) - raft.server.retrycache.statistics.expirytime = 100ms (default)
2024-04-28 12:43:53,241 [e9c86f68-3649-4446-905a-585a397e3574-groupManagement] INFO  server.RaftServerConfigKeys (ConfUtils.java:logGet(46)) - raft.server.read.option = DEFAULT (default)
2024-04-28 12:43:53,241 [e9c86f68-3649-4446-905a-585a397e3574-groupManagement] INFO  server.RaftServerConfigKeys (ConfUtils.java:logGet(46)) - raft.server.read.read-after-write-consistent.write-index-cache.expiry-time = 60s (default)
2024-04-28 12:43:53,243 [e9c86f68-3649-4446-905a-585a397e3574-groupManagement] INFO  server.RaftServerConfigKeys (ConfUtils.java:logGet(46)) - raft.server.rpc.request.timeout = 3000ms (default)
2024-04-28 12:43:53,243 [e9c86f68-3649-4446-905a-585a397e3574-groupManagement] INFO  server.RaftServerConfigKeys (ConfUtils.java:logGet(46)) - raft.server.log.appender.install.snapshot.enabled = false (custom)
2024-04-28 12:43:53,243 [e9c86f68-3649-4446-905a-585a397e3574-groupManagement] INFO  server.RaftServerConfigKeys (ConfUtils.java:logGet(46)) - raft.server.threadpool.server.cached = true (default)
2024-04-28 12:43:53,243 [e9c86f68-3649-4446-905a-585a397e3574-groupManagement] INFO  server.RaftServerConfigKeys (ConfUtils.java:logGet(46)) - raft.server.threadpool.server.size = 0 (default)
2024-04-28 12:43:53,243 [e9c86f68-3649-4446-905a-585a397e3574-groupManagement] INFO  server.RaftServerConfigKeys (ConfUtils.java:logGet(46)) - raft.server.threadpool.client.cached = true (default)
2024-04-28 12:43:53,243 [e9c86f68-3649-4446-905a-585a397e3574-groupManagement] INFO  server.RaftServerConfigKeys (ConfUtils.java:logGet(46)) - raft.server.threadpool.client.size = 0 (default)
2024-04-28 12:43:53,243 [e9c86f68-3649-4446-905a-585a397e3574-groupManagement] INFO  server.RaftServerConfigKeys (ConfUtils.java:logGet(46)) - raft.server.storage.free-space.min = 0MB (=0) (default)
2024-04-28 12:43:53,243 [e9c86f68-3649-4446-905a-585a397e3574-groupManagement] INFO  server.RaftServerConfigKeys (ConfUtils.java:logGet(46)) - raft.server.log.corruption.policy = EXCEPTION (default)
2024-04-28 12:43:53,243 [e9c86f68-3649-4446-905a-585a397e3574-groupManagement] INFO  server.RaftServerConfigKeys (ConfUtils.java:logGet(46)) - raft.server.storage.dir = [/home/runner/work/ozone/ozone/hadoop-ozone/integration-test/target/test-dir/MiniOzoneClusterImpl-fb989876-9371-464e-b996-ece4d3fe3ecb/ozone-meta/datanode-2/ratis] (custom)
2024-04-28 12:43:53,243 [e9c86f68-3649-4446-905a-585a397e3574-groupManagement] INFO  storage.RaftStorageDirectory (RaftStorageDirectoryImpl.java:analyzeStorage(138)) - The storage directory /home/runner/work/ozone/ozone/hadoop-ozone/integration-test/target/test-dir/MiniOzoneClusterImpl-fb989876-9371-464e-b996-ece4d3fe3ecb/ozone-meta/datanode-2/ratis/cbfb3750-0957-4ea3-a053-249964eaa68a does not exist. Creating ...
2024-04-28 12:43:53,244 [e9c86f68-3649-4446-905a-585a397e3574-groupManagement] INFO  storage.RaftStorageDirectory (RaftStorageDirectoryImpl.java:tryLock(228)) - Lock on /home/runner/work/ozone/ozone/hadoop-ozone/integration-test/target/test-dir/MiniOzoneClusterImpl-fb989876-9371-464e-b996-ece4d3fe3ecb/ozone-meta/datanode-2/ratis/cbfb3750-0957-4ea3-a053-249964eaa68a/in_use.lock acquired by nodename 21404@fv-az1392-52
2024-04-28 12:43:53,245 [e9c86f68-3649-4446-905a-585a397e3574-groupManagement] INFO  storage.RaftStorage (RaftStorageImpl.java:format(99)) - Storage directory /home/runner/work/ozone/ozone/hadoop-ozone/integration-test/target/test-dir/MiniOzoneClusterImpl-fb989876-9371-464e-b996-ece4d3fe3ecb/ozone-meta/datanode-2/ratis/cbfb3750-0957-4ea3-a053-249964eaa68a has been successfully formatted.
2024-04-28 12:43:53,245 [e9c86f68-3649-4446-905a-585a397e3574-groupManagement] WARN  util.FileUtils (LogUtils.java:supplyAndLog(63)) - Failed to Files.newInputStream /home/runner/work/ozone/ozone/hadoop-ozone/integration-test/target/test-dir/MiniOzoneClusterImpl-fb989876-9371-464e-b996-ece4d3fe3ecb/ozone-meta/datanode-2/ratis/cbfb3750-0957-4ea3-a053-249964eaa68a/current/raft-meta.conf with options []: java.nio.file.NoSuchFileException: /home/runner/work/ozone/ozone/hadoop-ozone/integration-test/target/test-dir/MiniOzoneClusterImpl-fb989876-9371-464e-b996-ece4d3fe3ecb/ozone-meta/datanode-2/ratis/cbfb3750-0957-4ea3-a053-249964eaa68a/current/raft-meta.conf
2024-04-28 12:43:53,245 [e9c86f68-3649-4446-905a-585a397e3574-groupManagement] INFO  ratis.ContainerStateMachine (ContainerStateMachine.java:loadSnapshot(287)) - group-249964EAA68A: The snapshot info is null. Setting the last applied index to:(t:0, i:~)
2024-04-28 12:43:53,245 [e9c86f68-3649-4446-905a-585a397e3574-groupManagement] INFO  server.RaftServerConfigKeys (ConfUtils.java:logGet(46)) - raft.server.log.use.memory = false (default)
2024-04-28 12:43:53,245 [e9c86f68-3649-4446-905a-585a397e3574-groupManagement] INFO  server.RaftServerConfigKeys (ConfUtils.java:logGet(46)) - raft.server.log.purge.gap = 1000000 (custom)
2024-04-28 12:43:53,245 [e9c86f68-3649-4446-905a-585a397e3574-groupManagement] INFO  server.RaftServerConfigKeys (ConfUtils.java:logGet(46)) - raft.server.log.appender.buffer.byte-limit = 8388608 (custom)
2024-04-28 12:43:53,245 [e9c86f68-3649-4446-905a-585a397e3574-groupManagement] INFO  server.RaftServerConfigKeys (ConfUtils.java:logGet(46)) - raft.server.log.statemachine.data.read.timeout = 1000ms (default)
2024-04-28 12:43:53,245 [e9c86f68-3649-4446-905a-585a397e3574-groupManagement] INFO  server.RaftServerConfigKeys (ConfUtils.java:logGet(46)) - raft.server.log.purge.preservation.log.num = 0 (default)
2024-04-28 12:43:53,247 [EventQueue-PipelineReportForPipelineReportHandler] INFO  pipeline.PipelineReportHandler (PipelineReportHandler.java:processPipelineReport(136)) - Opened pipeline PipelineID=cbfb3750-0957-4ea3-a053-249964eaa68a
2024-04-28 12:43:53,247 [EventQueue-OpenPipelineForHealthyPipelineSafeModeRule] INFO  safemode.SCMSafeModeManager (HealthyPipelineSafeModeRule.java:process(140)) - SCM in safe mode. Healthy pipelines reported count is 0, required healthy pipeline reported count is 1
2024-04-28 12:43:53,247 [53f12868-9e08-461f-b1df-8616d22e03b0-PipelineCommandHandlerThread-0] INFO  commandhandler.CreatePipelineCommandHandler (CreatePipelineCommandHandler.java:lambda$handle$2(124)) - Created Pipeline RATIS THREE PipelineID=989d9bce-39bb-4444-b4fa-64502a0fa25a.
2024-04-28 12:43:53,248 [e9c86f68-3649-4446-905a-585a397e3574-groupManagement] INFO  server.RaftServerConfigKeys (ConfUtils.java:logGet(46)) - raft.server.log.segment.size.max = 67108864 (custom)
2024-04-28 12:43:53,249 [e9c86f68-3649-4446-905a-585a397e3574-groupManagement] INFO  server.RaftServerConfigKeys (ConfUtils.java:logGet(46)) - raft.server.log.segment.cache.num.max = 2 (custom)
2024-04-28 12:43:53,249 [e9c86f68-3649-4446-905a-585a397e3574-groupManagement] INFO  server.RaftServerConfigKeys (ConfUtils.java:logGet(46)) - raft.server.log.segment.cache.size.max = 200MB (=209715200) (default)
2024-04-28 12:43:53,249 [e9c86f68-3649-4446-905a-585a397e3574-groupManagement] INFO  server.RaftServerConfigKeys (ConfUtils.java:logGet(46)) - raft.server.log.appender.buffer.byte-limit = 8388608 (custom)
2024-04-28 12:43:53,249 [e9c86f68-3649-4446-905a-585a397e3574-groupManagement] INFO  util.AwaitToRun (AwaitToRun.java:start(81)) - Thread[e9c86f68-3649-4446-905a-585a397e3574@group-249964EAA68A-cacheEviction-AwaitToRun,5,main] started
2024-04-28 12:43:53,249 [e9c86f68-3649-4446-905a-585a397e3574-groupManagement] INFO  segmented.SegmentedRaftLogWorker (SegmentedRaftLogWorker.java:<init>(182)) - new e9c86f68-3649-4446-905a-585a397e3574@group-249964EAA68A-SegmentedRaftLogWorker for RaftStorageImpl:Storage Directory /home/runner/work/ozone/ozone/hadoop-ozone/integration-test/target/test-dir/MiniOzoneClusterImpl-fb989876-9371-464e-b996-ece4d3fe3ecb/ozone-meta/datanode-2/ratis/cbfb3750-0957-4ea3-a053-249964eaa68a
2024-04-28 12:43:53,249 [e9c86f68-3649-4446-905a-585a397e3574-groupManagement] INFO  server.RaftServerConfigKeys (ConfUtils.java:logGet(46)) - raft.server.log.queue.byte-limit = 4294967296 (custom)
2024-04-28 12:43:53,249 [e9c86f68-3649-4446-905a-585a397e3574-groupManagement] INFO  server.RaftServerConfigKeys (ConfUtils.java:logGet(46)) - raft.server.log.queue.element-limit = 1024 (custom)
2024-04-28 12:43:53,249 [e9c86f68-3649-4446-905a-585a397e3574-groupManagement] INFO  server.RaftServerConfigKeys (ConfUtils.java:logGet(46)) - raft.server.log.segment.size.max = 67108864 (custom)
2024-04-28 12:43:53,249 [e9c86f68-3649-4446-905a-585a397e3574-groupManagement] INFO  server.RaftServerConfigKeys (ConfUtils.java:logGet(46)) - raft.server.log.preallocated.size = 4194304 (custom)
2024-04-28 12:43:53,249 [e9c86f68-3649-4446-905a-585a397e3574-groupManagement] INFO  server.RaftServerConfigKeys (ConfUtils.java:logGet(46)) - raft.server.log.force.sync.num = 128 (default)
2024-04-28 12:43:53,249 [e9c86f68-3649-4446-905a-585a397e3574-groupManagement] INFO  server.RaftServerConfigKeys (ConfUtils.java:logGet(46)) - raft.server.log.statemachine.data.sync = true (default)
2024-04-28 12:43:53,249 [e9c86f68-3649-4446-905a-585a397e3574-groupManagement] INFO  server.RaftServerConfigKeys (ConfUtils.java:logGet(46)) - raft.server.log.statemachine.data.sync.timeout = 10s (default)
2024-04-28 12:43:53,250 [e9c86f68-3649-4446-905a-585a397e3574-groupManagement] INFO  server.RaftServerConfigKeys (ConfUtils.java:logGet(46)) - raft.server.log.statemachine.data.sync.timeout.retry = 30 (custom)
2024-04-28 12:43:53,250 [e9c86f68-3649-4446-905a-585a397e3574-groupManagement] INFO  server.RaftServerConfigKeys (ConfUtils.java:logGet(46)) - raft.server.log.write.buffer.size = 8388616 (custom)
2024-04-28 12:43:53,251 [e9c86f68-3649-4446-905a-585a397e3574-groupManagement] INFO  server.RaftServerConfigKeys (ConfUtils.java:logGet(46)) - raft.server.log.appender.buffer.byte-limit = 8388608 (custom)
2024-04-28 12:43:53,251 [e9c86f68-3649-4446-905a-585a397e3574-groupManagement] INFO  server.RaftServerConfigKeys (ConfUtils.java:logGet(46)) - raft.server.log.unsafe-flush.enabled = false (default)
2024-04-28 12:43:53,251 [e9c86f68-3649-4446-905a-585a397e3574-groupManagement] INFO  server.RaftServerConfigKeys (ConfUtils.java:logGet(46)) - raft.server.log.async-flush.enabled = false (default)
2024-04-28 12:43:53,251 [e9c86f68-3649-4446-905a-585a397e3574-groupManagement] INFO  server.RaftServerConfigKeys (ConfUtils.java:logGet(46)) - raft.server.log.statemachine.data.caching.enabled = true (custom)
2024-04-28 12:43:53,251 [e9c86f68-3649-4446-905a-585a397e3574-groupManagement] INFO  segmented.SegmentedRaftLogWorker (SegmentedRaftLogWorker.java:lambda$new$0(134)) - e9c86f68-3649-4446-905a-585a397e3574@group-249964EAA68A-SegmentedRaftLogWorker: flushIndex: setUnconditionally 0 -> -1
2024-04-28 12:43:53,251 [e9c86f68-3649-4446-905a-585a397e3574-groupManagement] INFO  segmented.SegmentedRaftLogWorker (SegmentedRaftLogWorker.java:lambda$new$0(134)) - e9c86f68-3649-4446-905a-585a397e3574@group-249964EAA68A-SegmentedRaftLogWorker: safeCacheEvictIndex: setUnconditionally 0 -> -1
2024-04-28 12:43:53,251 [e9c86f68-3649-4446-905a-585a397e3574-groupManagement] INFO  server.RaftServer$Division (RaftServerImpl.java:start(396)) - e9c86f68-3649-4446-905a-585a397e3574@group-249964EAA68A: start as a follower, conf=-1: peers:[e9c86f68-3649-4446-905a-585a397e3574|127.0.0.1:15112]|listeners:[], old=null
2024-04-28 12:43:53,251 [e9c86f68-3649-4446-905a-585a397e3574-groupManagement] INFO  server.RaftServer$Division (RaftServerImpl.java:setRole(383)) - e9c86f68-3649-4446-905a-585a397e3574@group-249964EAA68A: changes role from      null to FOLLOWER at term 0 for startAsFollower
2024-04-28 12:43:53,252 [e9c86f68-3649-4446-905a-585a397e3574-groupManagement] INFO  impl.RoleInfo (RoleInfo.java:updateAndGet(139)) - e9c86f68-3649-4446-905a-585a397e3574: start e9c86f68-3649-4446-905a-585a397e3574@group-249964EAA68A-FollowerState
2024-04-28 12:43:53,252 [e9c86f68-3649-4446-905a-585a397e3574-groupManagement] INFO  util.JmxRegister (JmxRegister.java:tryRegister(44)) - Successfully registered JMX Bean with object name Ratis:service=RaftServer,group=group-249964EAA68A,id=e9c86f68-3649-4446-905a-585a397e3574
2024-04-28 12:43:53,252 [e9c86f68-3649-4446-905a-585a397e3574-groupManagement] INFO  server.RaftServerConfigKeys (ConfUtils.java:logGet(46)) - raft.server.snapshot.trigger-when-stop.enabled = true (default)
2024-04-28 12:43:53,252 [e9c86f68-3649-4446-905a-585a397e3574-groupManagement] INFO  server.RaftServerConfigKeys (ConfUtils.java:logGet(46)) - raft.server.snapshot.auto.trigger.enabled = true (custom)
2024-04-28 12:43:53,252 [e9c86f68-3649-4446-905a-585a397e3574-groupManagement] INFO  server.RaftServerConfigKeys (ConfUtils.java:logGet(46)) - raft.server.snapshot.auto.trigger.threshold = 10000 (custom)
2024-04-28 12:43:53,252 [e9c86f68-3649-4446-905a-585a397e3574-groupManagement] INFO  server.RaftServerConfigKeys (ConfUtils.java:logGet(46)) - raft.server.snapshot.retention.file.num = 5 (custom)
2024-04-28 12:43:53,252 [e9c86f68-3649-4446-905a-585a397e3574-groupManagement] INFO  server.RaftServerConfigKeys (ConfUtils.java:logGet(46)) - raft.server.log.purge.upto.snapshot.index = false (default)
2024-04-28 12:43:53,252 [e9c86f68-3649-4446-905a-585a397e3574-PipelineCommandHandlerThread-0] INFO  ratis.XceiverServerRatis (XceiverServerRatis.java:addGroup(864)) - Created group PipelineID=cbfb3750-0957-4ea3-a053-249964eaa68a
2024-04-28 12:43:53,252 [e9c86f68-3649-4446-905a-585a397e3574-PipelineCommandHandlerThread-0] INFO  commandhandler.CreatePipelineCommandHandler (CreatePipelineCommandHandler.java:lambda$handle$2(124)) - Created Pipeline RATIS ONE PipelineID=cbfb3750-0957-4ea3-a053-249964eaa68a.
2024-04-28 12:43:53,252 [e9c86f68-3649-4446-905a-585a397e3574@group-249964EAA68A-FollowerState] INFO  server.RaftServerConfigKeys (ConfUtils.java:logFallback(53)) - raft.server.rpc.first-election.timeout.min = 5s (fallback to raft.server.rpc.timeout.min)
2024-04-28 12:43:53,252 [e9c86f68-3649-4446-905a-585a397e3574@group-249964EAA68A-FollowerState] INFO  server.RaftServerConfigKeys (ConfUtils.java:logFallback(53)) - raft.server.rpc.first-election.timeout.max = 5200ms (fallback to raft.server.rpc.timeout.max)
2024-04-28 12:43:53,293 [013b6299-c97b-4afe-8aa4-203fc50eadfd-PipelineCommandHandlerThread-0] INFO  server.RaftServer (RaftServerProxy.java:addNew(100)) - 013b6299-c97b-4afe-8aa4-203fc50eadfd: addNew group-B64080496AF1:[013b6299-c97b-4afe-8aa4-203fc50eadfd|127.0.0.1:15121] returns group-B64080496AF1:java.util.concurrent.CompletableFuture@1dd3eb90[Not completed]
2024-04-28 12:43:53,293 [013b6299-c97b-4afe-8aa4-203fc50eadfd-groupManagement] INFO  server.RaftServer$Division (RaftServerImpl.java:<init>(256)) - 013b6299-c97b-4afe-8aa4-203fc50eadfd: new RaftServerImpl for group-B64080496AF1:[013b6299-c97b-4afe-8aa4-203fc50eadfd|127.0.0.1:15121] with ContainerStateMachine:uninitialized
2024-04-28 12:43:53,293 [013b6299-c97b-4afe-8aa4-203fc50eadfd-groupManagement] INFO  server.RaftServerConfigKeys (ConfUtils.java:logGet(46)) - raft.server.rpc.timeout.min = 5s (custom)
2024-04-28 12:43:53,293 [013b6299-c97b-4afe-8aa4-203fc50eadfd-groupManagement] INFO  server.RaftServerConfigKeys (ConfUtils.java:logGet(46)) - raft.server.rpc.timeout.max = 5200ms (custom)
2024-04-28 12:43:53,293 [013b6299-c97b-4afe-8aa4-203fc50eadfd-groupManagement] INFO  server.RaftServerConfigKeys (ConfUtils.java:logGet(46)) - raft.server.rpc.sleep.time = 25ms (default)
2024-04-28 12:43:53,294 [013b6299-c97b-4afe-8aa4-203fc50eadfd-groupManagement] INFO  server.RaftServerConfigKeys (ConfUtils.java:logGet(46)) - raft.server.rpc.slowness.timeout = 300000ms (custom)
2024-04-28 12:43:53,294 [013b6299-c97b-4afe-8aa4-203fc50eadfd-groupManagement] INFO  server.RaftServerConfigKeys (ConfUtils.java:logGet(46)) - raft.server.leaderelection.leader.step-down.wait-time = 10s (default)
2024-04-28 12:43:53,294 [013b6299-c97b-4afe-8aa4-203fc50eadfd-groupManagement] INFO  server.RaftServerConfigKeys (ConfUtils.java:logGet(46)) - raft.server.leaderelection.member.majority-add = false (default)
2024-04-28 12:43:53,294 [013b6299-c97b-4afe-8aa4-203fc50eadfd-groupManagement] INFO  server.RaftServerConfigKeys (ConfUtils.java:logGet(46)) - raft.server.sleep.deviation.threshold = 300ms (default)
2024-04-28 12:43:53,294 [013b6299-c97b-4afe-8aa4-203fc50eadfd-groupManagement] INFO  server.RaftServer$Division (ServerState.java:<init>(113)) - 013b6299-c97b-4afe-8aa4-203fc50eadfd@group-B64080496AF1: ConfigurationManager, init=-1: peers:[013b6299-c97b-4afe-8aa4-203fc50eadfd|127.0.0.1:15121]|listeners:[], old=null, confs=<EMPTY_MAP>
2024-04-28 12:43:53,294 [013b6299-c97b-4afe-8aa4-203fc50eadfd-groupManagement] INFO  server.RaftServerConfigKeys (ConfUtils.java:logGet(46)) - raft.server.notification.no-leader.timeout = 300000ms (custom)
2024-04-28 12:43:53,294 [013b6299-c97b-4afe-8aa4-203fc50eadfd-groupManagement] INFO  server.RaftServerConfigKeys (ConfUtils.java:logGet(46)) - raft.server.read.timeout = 10s (default)
2024-04-28 12:43:53,294 [013b6299-c97b-4afe-8aa4-203fc50eadfd-groupManagement] INFO  server.RaftServerConfigKeys (ConfUtils.java:logGet(46)) - raft.server.retrycache.expirytime = 600000ms (custom)
2024-04-28 12:43:53,294 [013b6299-c97b-4afe-8aa4-203fc50eadfd-groupManagement] INFO  server.RaftServerConfigKeys (ConfUtils.java:logGet(46)) - raft.server.retrycache.statistics.expirytime = 100ms (default)
2024-04-28 12:43:53,294 [013b6299-c97b-4afe-8aa4-203fc50eadfd-groupManagement] INFO  server.RaftServerConfigKeys (ConfUtils.java:logGet(46)) - raft.server.read.option = DEFAULT (default)
2024-04-28 12:43:53,294 [013b6299-c97b-4afe-8aa4-203fc50eadfd-groupManagement] INFO  server.RaftServerConfigKeys (ConfUtils.java:logGet(46)) - raft.server.read.read-after-write-consistent.write-index-cache.expiry-time = 60s (default)
2024-04-28 12:43:53,296 [013b6299-c97b-4afe-8aa4-203fc50eadfd-groupManagement] INFO  server.RaftServerConfigKeys (ConfUtils.java:logGet(46)) - raft.server.rpc.request.timeout = 3000ms (default)
2024-04-28 12:43:53,296 [013b6299-c97b-4afe-8aa4-203fc50eadfd-groupManagement] INFO  server.RaftServerConfigKeys (ConfUtils.java:logGet(46)) - raft.server.log.appender.install.snapshot.enabled = false (custom)
2024-04-28 12:43:53,296 [013b6299-c97b-4afe-8aa4-203fc50eadfd-groupManagement] INFO  server.RaftServerConfigKeys (ConfUtils.java:logGet(46)) - raft.server.threadpool.server.cached = true (default)
2024-04-28 12:43:53,296 [013b6299-c97b-4afe-8aa4-203fc50eadfd-groupManagement] INFO  server.RaftServerConfigKeys (ConfUtils.java:logGet(46)) - raft.server.threadpool.server.size = 0 (default)
2024-04-28 12:43:53,296 [013b6299-c97b-4afe-8aa4-203fc50eadfd-groupManagement] INFO  server.RaftServerConfigKeys (ConfUtils.java:logGet(46)) - raft.server.threadpool.client.cached = true (default)
2024-04-28 12:43:53,296 [013b6299-c97b-4afe-8aa4-203fc50eadfd-groupManagement] INFO  server.RaftServerConfigKeys (ConfUtils.java:logGet(46)) - raft.server.threadpool.client.size = 0 (default)
2024-04-28 12:43:53,296 [013b6299-c97b-4afe-8aa4-203fc50eadfd-groupManagement] INFO  server.RaftServerConfigKeys (ConfUtils.java:logGet(46)) - raft.server.storage.free-space.min = 0MB (=0) (default)
2024-04-28 12:43:53,296 [013b6299-c97b-4afe-8aa4-203fc50eadfd-groupManagement] INFO  server.RaftServerConfigKeys (ConfUtils.java:logGet(46)) - raft.server.log.corruption.policy = EXCEPTION (default)
2024-04-28 12:43:53,296 [013b6299-c97b-4afe-8aa4-203fc50eadfd-groupManagement] INFO  server.RaftServerConfigKeys (ConfUtils.java:logGet(46)) - raft.server.storage.dir = [/home/runner/work/ozone/ozone/hadoop-ozone/integration-test/target/test-dir/MiniOzoneClusterImpl-fb989876-9371-464e-b996-ece4d3fe3ecb/ozone-meta/datanode-3/ratis] (custom)
2024-04-28 12:43:53,297 [013b6299-c97b-4afe-8aa4-203fc50eadfd-groupManagement] INFO  storage.RaftStorageDirectory (RaftStorageDirectoryImpl.java:analyzeStorage(138)) - The storage directory /home/runner/work/ozone/ozone/hadoop-ozone/integration-test/target/test-dir/MiniOzoneClusterImpl-fb989876-9371-464e-b996-ece4d3fe3ecb/ozone-meta/datanode-3/ratis/253fb1b8-b754-46f5-9b6f-b64080496af1 does not exist. Creating ...
2024-04-28 12:43:53,297 [013b6299-c97b-4afe-8aa4-203fc50eadfd-groupManagement] INFO  storage.RaftStorageDirectory (RaftStorageDirectoryImpl.java:tryLock(228)) - Lock on /home/runner/work/ozone/ozone/hadoop-ozone/integration-test/target/test-dir/MiniOzoneClusterImpl-fb989876-9371-464e-b996-ece4d3fe3ecb/ozone-meta/datanode-3/ratis/253fb1b8-b754-46f5-9b6f-b64080496af1/in_use.lock acquired by nodename 21404@fv-az1392-52
2024-04-28 12:43:53,298 [013b6299-c97b-4afe-8aa4-203fc50eadfd-groupManagement] INFO  storage.RaftStorage (RaftStorageImpl.java:format(99)) - Storage directory /home/runner/work/ozone/ozone/hadoop-ozone/integration-test/target/test-dir/MiniOzoneClusterImpl-fb989876-9371-464e-b996-ece4d3fe3ecb/ozone-meta/datanode-3/ratis/253fb1b8-b754-46f5-9b6f-b64080496af1 has been successfully formatted.
2024-04-28 12:43:53,298 [013b6299-c97b-4afe-8aa4-203fc50eadfd-groupManagement] WARN  util.FileUtils (LogUtils.java:supplyAndLog(63)) - Failed to Files.newInputStream /home/runner/work/ozone/ozone/hadoop-ozone/integration-test/target/test-dir/MiniOzoneClusterImpl-fb989876-9371-464e-b996-ece4d3fe3ecb/ozone-meta/datanode-3/ratis/253fb1b8-b754-46f5-9b6f-b64080496af1/current/raft-meta.conf with options []: java.nio.file.NoSuchFileException: /home/runner/work/ozone/ozone/hadoop-ozone/integration-test/target/test-dir/MiniOzoneClusterImpl-fb989876-9371-464e-b996-ece4d3fe3ecb/ozone-meta/datanode-3/ratis/253fb1b8-b754-46f5-9b6f-b64080496af1/current/raft-meta.conf
2024-04-28 12:43:53,299 [013b6299-c97b-4afe-8aa4-203fc50eadfd-groupManagement] INFO  ratis.ContainerStateMachine (ContainerStateMachine.java:loadSnapshot(287)) - group-B64080496AF1: The snapshot info is null. Setting the last applied index to:(t:0, i:~)
2024-04-28 12:43:53,299 [013b6299-c97b-4afe-8aa4-203fc50eadfd-groupManagement] INFO  server.RaftServerConfigKeys (ConfUtils.java:logGet(46)) - raft.server.log.use.memory = false (default)
2024-04-28 12:43:53,299 [013b6299-c97b-4afe-8aa4-203fc50eadfd-groupManagement] INFO  server.RaftServerConfigKeys (ConfUtils.java:logGet(46)) - raft.server.log.purge.gap = 1000000 (custom)
2024-04-28 12:43:53,299 [013b6299-c97b-4afe-8aa4-203fc50eadfd-groupManagement] INFO  server.RaftServerConfigKeys (ConfUtils.java:logGet(46)) - raft.server.log.appender.buffer.byte-limit = 8388608 (custom)
2024-04-28 12:43:53,299 [013b6299-c97b-4afe-8aa4-203fc50eadfd-groupManagement] INFO  server.RaftServerConfigKeys (ConfUtils.java:logGet(46)) - raft.server.log.statemachine.data.read.timeout = 1000ms (default)
2024-04-28 12:43:53,299 [013b6299-c97b-4afe-8aa4-203fc50eadfd-groupManagement] INFO  server.RaftServerConfigKeys (ConfUtils.java:logGet(46)) - raft.server.log.purge.preservation.log.num = 0 (default)
2024-04-28 12:43:53,300 [EventQueue-PipelineReportForPipelineReportHandler] INFO  pipeline.PipelineReportHandler (PipelineReportHandler.java:processPipelineReport(136)) - Opened pipeline PipelineID=253fb1b8-b754-46f5-9b6f-b64080496af1
2024-04-28 12:43:53,301 [013b6299-c97b-4afe-8aa4-203fc50eadfd-groupManagement] INFO  server.RaftServerConfigKeys (ConfUtils.java:logGet(46)) - raft.server.log.segment.size.max = 67108864 (custom)
2024-04-28 12:43:53,301 [013b6299-c97b-4afe-8aa4-203fc50eadfd-groupManagement] INFO  server.RaftServerConfigKeys (ConfUtils.java:logGet(46)) - raft.server.log.segment.cache.num.max = 2 (custom)
2024-04-28 12:43:53,301 [013b6299-c97b-4afe-8aa4-203fc50eadfd-groupManagement] INFO  server.RaftServerConfigKeys (ConfUtils.java:logGet(46)) - raft.server.log.segment.cache.size.max = 200MB (=209715200) (default)
2024-04-28 12:43:53,301 [013b6299-c97b-4afe-8aa4-203fc50eadfd-groupManagement] INFO  server.RaftServerConfigKeys (ConfUtils.java:logGet(46)) - raft.server.log.appender.buffer.byte-limit = 8388608 (custom)
2024-04-28 12:43:53,301 [013b6299-c97b-4afe-8aa4-203fc50eadfd-groupManagement] INFO  util.AwaitToRun (AwaitToRun.java:start(81)) - Thread[013b6299-c97b-4afe-8aa4-203fc50eadfd@group-B64080496AF1-cacheEviction-AwaitToRun,5,main] started
2024-04-28 12:43:53,301 [013b6299-c97b-4afe-8aa4-203fc50eadfd-groupManagement] INFO  segmented.SegmentedRaftLogWorker (SegmentedRaftLogWorker.java:<init>(182)) - new 013b6299-c97b-4afe-8aa4-203fc50eadfd@group-B64080496AF1-SegmentedRaftLogWorker for RaftStorageImpl:Storage Directory /home/runner/work/ozone/ozone/hadoop-ozone/integration-test/target/test-dir/MiniOzoneClusterImpl-fb989876-9371-464e-b996-ece4d3fe3ecb/ozone-meta/datanode-3/ratis/253fb1b8-b754-46f5-9b6f-b64080496af1
2024-04-28 12:43:53,301 [013b6299-c97b-4afe-8aa4-203fc50eadfd-groupManagement] INFO  server.RaftServerConfigKeys (ConfUtils.java:logGet(46)) - raft.server.log.queue.byte-limit = 4294967296 (custom)
2024-04-28 12:43:53,301 [013b6299-c97b-4afe-8aa4-203fc50eadfd-groupManagement] INFO  server.RaftServerConfigKeys (ConfUtils.java:logGet(46)) - raft.server.log.queue.element-limit = 1024 (custom)
2024-04-28 12:43:53,302 [013b6299-c97b-4afe-8aa4-203fc50eadfd-groupManagement] INFO  server.RaftServerConfigKeys (ConfUtils.java:logGet(46)) - raft.server.log.segment.size.max = 67108864 (custom)
2024-04-28 12:43:53,302 [EventQueue-OpenPipelineForHealthyPipelineSafeModeRule] INFO  safemode.SCMSafeModeManager (HealthyPipelineSafeModeRule.java:process(140)) - SCM in safe mode. Healthy pipelines reported count is 0, required healthy pipeline reported count is 1
2024-04-28 12:43:53,302 [013b6299-c97b-4afe-8aa4-203fc50eadfd-groupManagement] INFO  server.RaftServerConfigKeys (ConfUtils.java:logGet(46)) - raft.server.log.preallocated.size = 4194304 (custom)
2024-04-28 12:43:53,302 [013b6299-c97b-4afe-8aa4-203fc50eadfd-groupManagement] INFO  server.RaftServerConfigKeys (ConfUtils.java:logGet(46)) - raft.server.log.force.sync.num = 128 (default)
2024-04-28 12:43:53,302 [013b6299-c97b-4afe-8aa4-203fc50eadfd-groupManagement] INFO  server.RaftServerConfigKeys (ConfUtils.java:logGet(46)) - raft.server.log.statemachine.data.sync = true (default)
2024-04-28 12:43:53,302 [013b6299-c97b-4afe-8aa4-203fc50eadfd-groupManagement] INFO  server.RaftServerConfigKeys (ConfUtils.java:logGet(46)) - raft.server.log.statemachine.data.sync.timeout = 10s (default)
2024-04-28 12:43:53,302 [013b6299-c97b-4afe-8aa4-203fc50eadfd-groupManagement] INFO  server.RaftServerConfigKeys (ConfUtils.java:logGet(46)) - raft.server.log.statemachine.data.sync.timeout.retry = 30 (custom)
2024-04-28 12:43:53,302 [013b6299-c97b-4afe-8aa4-203fc50eadfd-groupManagement] INFO  server.RaftServerConfigKeys (ConfUtils.java:logGet(46)) - raft.server.log.write.buffer.size = 8388616 (custom)
2024-04-28 12:43:53,303 [013b6299-c97b-4afe-8aa4-203fc50eadfd-groupManagement] INFO  server.RaftServerConfigKeys (ConfUtils.java:logGet(46)) - raft.server.log.appender.buffer.byte-limit = 8388608 (custom)
2024-04-28 12:43:53,303 [013b6299-c97b-4afe-8aa4-203fc50eadfd-groupManagement] INFO  server.RaftServerConfigKeys (ConfUtils.java:logGet(46)) - raft.server.log.unsafe-flush.enabled = false (default)
2024-04-28 12:43:53,303 [013b6299-c97b-4afe-8aa4-203fc50eadfd-groupManagement] INFO  server.RaftServerConfigKeys (ConfUtils.java:logGet(46)) - raft.server.log.async-flush.enabled = false (default)
2024-04-28 12:43:53,303 [013b6299-c97b-4afe-8aa4-203fc50eadfd-groupManagement] INFO  server.RaftServerConfigKeys (ConfUtils.java:logGet(46)) - raft.server.log.statemachine.data.caching.enabled = true (custom)
2024-04-28 12:43:53,304 [013b6299-c97b-4afe-8aa4-203fc50eadfd-groupManagement] INFO  segmented.SegmentedRaftLogWorker (SegmentedRaftLogWorker.java:lambda$new$0(134)) - 013b6299-c97b-4afe-8aa4-203fc50eadfd@group-B64080496AF1-SegmentedRaftLogWorker: flushIndex: setUnconditionally 0 -> -1
2024-04-28 12:43:53,304 [013b6299-c97b-4afe-8aa4-203fc50eadfd-groupManagement] INFO  segmented.SegmentedRaftLogWorker (SegmentedRaftLogWorker.java:lambda$new$0(134)) - 013b6299-c97b-4afe-8aa4-203fc50eadfd@group-B64080496AF1-SegmentedRaftLogWorker: safeCacheEvictIndex: setUnconditionally 0 -> -1
2024-04-28 12:43:53,304 [013b6299-c97b-4afe-8aa4-203fc50eadfd-groupManagement] INFO  server.RaftServer$Division (RaftServerImpl.java:start(396)) - 013b6299-c97b-4afe-8aa4-203fc50eadfd@group-B64080496AF1: start as a follower, conf=-1: peers:[013b6299-c97b-4afe-8aa4-203fc50eadfd|127.0.0.1:15121]|listeners:[], old=null
2024-04-28 12:43:53,304 [013b6299-c97b-4afe-8aa4-203fc50eadfd-groupManagement] INFO  server.RaftServer$Division (RaftServerImpl.java:setRole(383)) - 013b6299-c97b-4afe-8aa4-203fc50eadfd@group-B64080496AF1: changes role from      null to FOLLOWER at term 0 for startAsFollower
2024-04-28 12:43:53,304 [013b6299-c97b-4afe-8aa4-203fc50eadfd-groupManagement] INFO  impl.RoleInfo (RoleInfo.java:updateAndGet(139)) - 013b6299-c97b-4afe-8aa4-203fc50eadfd: start 013b6299-c97b-4afe-8aa4-203fc50eadfd@group-B64080496AF1-FollowerState
2024-04-28 12:43:53,304 [013b6299-c97b-4afe-8aa4-203fc50eadfd-groupManagement] INFO  util.JmxRegister (JmxRegister.java:tryRegister(44)) - Successfully registered JMX Bean with object name Ratis:service=RaftServer,group=group-B64080496AF1,id=013b6299-c97b-4afe-8aa4-203fc50eadfd
2024-04-28 12:43:53,304 [013b6299-c97b-4afe-8aa4-203fc50eadfd@group-B64080496AF1-FollowerState] INFO  server.RaftServerConfigKeys (ConfUtils.java:logFallback(53)) - raft.server.rpc.first-election.timeout.min = 5s (fallback to raft.server.rpc.timeout.min)
2024-04-28 12:43:53,304 [013b6299-c97b-4afe-8aa4-203fc50eadfd-groupManagement] INFO  server.RaftServerConfigKeys (ConfUtils.java:logGet(46)) - raft.server.snapshot.trigger-when-stop.enabled = true (default)
2024-04-28 12:43:53,304 [013b6299-c97b-4afe-8aa4-203fc50eadfd@group-B64080496AF1-FollowerState] INFO  server.RaftServerConfigKeys (ConfUtils.java:logFallback(53)) - raft.server.rpc.first-election.timeout.max = 5200ms (fallback to raft.server.rpc.timeout.max)
2024-04-28 12:43:53,304 [013b6299-c97b-4afe-8aa4-203fc50eadfd-groupManagement] INFO  server.RaftServerConfigKeys (ConfUtils.java:logGet(46)) - raft.server.snapshot.auto.trigger.enabled = true (custom)
2024-04-28 12:43:53,305 [013b6299-c97b-4afe-8aa4-203fc50eadfd-groupManagement] INFO  server.RaftServerConfigKeys (ConfUtils.java:logGet(46)) - raft.server.snapshot.auto.trigger.threshold = 10000 (custom)
2024-04-28 12:43:53,305 [013b6299-c97b-4afe-8aa4-203fc50eadfd-groupManagement] INFO  server.RaftServerConfigKeys (ConfUtils.java:logGet(46)) - raft.server.snapshot.retention.file.num = 5 (custom)
2024-04-28 12:43:53,305 [013b6299-c97b-4afe-8aa4-203fc50eadfd-groupManagement] INFO  server.RaftServerConfigKeys (ConfUtils.java:logGet(46)) - raft.server.log.purge.upto.snapshot.index = false (default)
2024-04-28 12:43:53,305 [013b6299-c97b-4afe-8aa4-203fc50eadfd-PipelineCommandHandlerThread-0] INFO  ratis.XceiverServerRatis (XceiverServerRatis.java:addGroup(864)) - Created group PipelineID=253fb1b8-b754-46f5-9b6f-b64080496af1
2024-04-28 12:43:53,305 [013b6299-c97b-4afe-8aa4-203fc50eadfd-PipelineCommandHandlerThread-0] INFO  commandhandler.CreatePipelineCommandHandler (CreatePipelineCommandHandler.java:lambda$handle$2(124)) - Created Pipeline RATIS ONE PipelineID=253fb1b8-b754-46f5-9b6f-b64080496af1.
2024-04-28 12:43:53,364 [1d4b00a3-9857-4eac-ad23-fb07690fc4d9-PipelineCommandHandlerThread-0] INFO  server.RaftServer (RaftServerProxy.java:addNew(100)) - 1d4b00a3-9857-4eac-ad23-fb07690fc4d9: addNew group-9D1E68A9FB73:[1d4b00a3-9857-4eac-ad23-fb07690fc4d9|127.0.0.1:15130] returns group-9D1E68A9FB73:java.util.concurrent.CompletableFuture@3f51c7c9[Not completed]
2024-04-28 12:43:53,365 [1d4b00a3-9857-4eac-ad23-fb07690fc4d9-groupManagement] INFO  server.RaftServer$Division (RaftServerImpl.java:<init>(256)) - 1d4b00a3-9857-4eac-ad23-fb07690fc4d9: new RaftServerImpl for group-9D1E68A9FB73:[1d4b00a3-9857-4eac-ad23-fb07690fc4d9|127.0.0.1:15130] with ContainerStateMachine:uninitialized
2024-04-28 12:43:53,365 [1d4b00a3-9857-4eac-ad23-fb07690fc4d9-groupManagement] INFO  server.RaftServerConfigKeys (ConfUtils.java:logGet(46)) - raft.server.rpc.timeout.min = 5s (custom)
2024-04-28 12:43:53,365 [1d4b00a3-9857-4eac-ad23-fb07690fc4d9-groupManagement] INFO  server.RaftServerConfigKeys (ConfUtils.java:logGet(46)) - raft.server.rpc.timeout.max = 5200ms (custom)
2024-04-28 12:43:53,365 [1d4b00a3-9857-4eac-ad23-fb07690fc4d9-groupManagement] INFO  server.RaftServerConfigKeys (ConfUtils.java:logGet(46)) - raft.server.rpc.sleep.time = 25ms (default)
2024-04-28 12:43:53,365 [1d4b00a3-9857-4eac-ad23-fb07690fc4d9-groupManagement] INFO  server.RaftServerConfigKeys (ConfUtils.java:logGet(46)) - raft.server.rpc.slowness.timeout = 300000ms (custom)
2024-04-28 12:43:53,365 [1d4b00a3-9857-4eac-ad23-fb07690fc4d9-groupManagement] INFO  server.RaftServerConfigKeys (ConfUtils.java:logGet(46)) - raft.server.leaderelection.leader.step-down.wait-time = 10s (default)
2024-04-28 12:43:53,365 [1d4b00a3-9857-4eac-ad23-fb07690fc4d9-groupManagement] INFO  server.RaftServerConfigKeys (ConfUtils.java:logGet(46)) - raft.server.leaderelection.member.majority-add = false (default)
2024-04-28 12:43:53,365 [1d4b00a3-9857-4eac-ad23-fb07690fc4d9-groupManagement] INFO  server.RaftServerConfigKeys (ConfUtils.java:logGet(46)) - raft.server.sleep.deviation.threshold = 300ms (default)
2024-04-28 12:43:53,365 [1d4b00a3-9857-4eac-ad23-fb07690fc4d9-groupManagement] INFO  server.RaftServer$Division (ServerState.java:<init>(113)) - 1d4b00a3-9857-4eac-ad23-fb07690fc4d9@group-9D1E68A9FB73: ConfigurationManager, init=-1: peers:[1d4b00a3-9857-4eac-ad23-fb07690fc4d9|127.0.0.1:15130]|listeners:[], old=null, confs=<EMPTY_MAP>
2024-04-28 12:43:53,365 [1d4b00a3-9857-4eac-ad23-fb07690fc4d9-groupManagement] INFO  server.RaftServerConfigKeys (ConfUtils.java:logGet(46)) - raft.server.notification.no-leader.timeout = 300000ms (custom)
2024-04-28 12:43:53,366 [1d4b00a3-9857-4eac-ad23-fb07690fc4d9-groupManagement] INFO  server.RaftServerConfigKeys (ConfUtils.java:logGet(46)) - raft.server.read.timeout = 10s (default)
2024-04-28 12:43:53,366 [1d4b00a3-9857-4eac-ad23-fb07690fc4d9-groupManagement] INFO  server.RaftServerConfigKeys (ConfUtils.java:logGet(46)) - raft.server.retrycache.expirytime = 600000ms (custom)
2024-04-28 12:43:53,366 [1d4b00a3-9857-4eac-ad23-fb07690fc4d9-groupManagement] INFO  server.RaftServerConfigKeys (ConfUtils.java:logGet(46)) - raft.server.retrycache.statistics.expirytime = 100ms (default)
2024-04-28 12:43:53,366 [1d4b00a3-9857-4eac-ad23-fb07690fc4d9-groupManagement] INFO  server.RaftServerConfigKeys (ConfUtils.java:logGet(46)) - raft.server.read.option = DEFAULT (default)
2024-04-28 12:43:53,366 [1d4b00a3-9857-4eac-ad23-fb07690fc4d9-groupManagement] INFO  server.RaftServerConfigKeys (ConfUtils.java:logGet(46)) - raft.server.read.read-after-write-consistent.write-index-cache.expiry-time = 60s (default)
2024-04-28 12:43:53,367 [1d4b00a3-9857-4eac-ad23-fb07690fc4d9-groupManagement] INFO  server.RaftServerConfigKeys (ConfUtils.java:logGet(46)) - raft.server.rpc.request.timeout = 3000ms (default)
2024-04-28 12:43:53,367 [1d4b00a3-9857-4eac-ad23-fb07690fc4d9-groupManagement] INFO  server.RaftServerConfigKeys (ConfUtils.java:logGet(46)) - raft.server.log.appender.install.snapshot.enabled = false (custom)
2024-04-28 12:43:53,367 [1d4b00a3-9857-4eac-ad23-fb07690fc4d9-groupManagement] INFO  server.RaftServerConfigKeys (ConfUtils.java:logGet(46)) - raft.server.threadpool.server.cached = true (default)
2024-04-28 12:43:53,368 [1d4b00a3-9857-4eac-ad23-fb07690fc4d9-groupManagement] INFO  server.RaftServerConfigKeys (ConfUtils.java:logGet(46)) - raft.server.threadpool.server.size = 0 (default)
2024-04-28 12:43:53,368 [1d4b00a3-9857-4eac-ad23-fb07690fc4d9-groupManagement] INFO  server.RaftServerConfigKeys (ConfUtils.java:logGet(46)) - raft.server.threadpool.client.cached = true (default)
2024-04-28 12:43:53,368 [1d4b00a3-9857-4eac-ad23-fb07690fc4d9-groupManagement] INFO  server.RaftServerConfigKeys (ConfUtils.java:logGet(46)) - raft.server.threadpool.client.size = 0 (default)
2024-04-28 12:43:53,368 [1d4b00a3-9857-4eac-ad23-fb07690fc4d9-groupManagement] INFO  server.RaftServerConfigKeys (ConfUtils.java:logGet(46)) - raft.server.storage.free-space.min = 0MB (=0) (default)
2024-04-28 12:43:53,368 [1d4b00a3-9857-4eac-ad23-fb07690fc4d9-groupManagement] INFO  server.RaftServerConfigKeys (ConfUtils.java:logGet(46)) - raft.server.log.corruption.policy = EXCEPTION (default)
2024-04-28 12:43:53,368 [1d4b00a3-9857-4eac-ad23-fb07690fc4d9-groupManagement] INFO  server.RaftServerConfigKeys (ConfUtils.java:logGet(46)) - raft.server.storage.dir = [/home/runner/work/ozone/ozone/hadoop-ozone/integration-test/target/test-dir/MiniOzoneClusterImpl-fb989876-9371-464e-b996-ece4d3fe3ecb/ozone-meta/datanode-4/ratis] (custom)
2024-04-28 12:43:53,368 [1d4b00a3-9857-4eac-ad23-fb07690fc4d9-groupManagement] INFO  storage.RaftStorageDirectory (RaftStorageDirectoryImpl.java:analyzeStorage(138)) - The storage directory /home/runner/work/ozone/ozone/hadoop-ozone/integration-test/target/test-dir/MiniOzoneClusterImpl-fb989876-9371-464e-b996-ece4d3fe3ecb/ozone-meta/datanode-4/ratis/41470a04-c002-4d55-a216-9d1e68a9fb73 does not exist. Creating ...
2024-04-28 12:43:53,369 [1d4b00a3-9857-4eac-ad23-fb07690fc4d9-groupManagement] INFO  storage.RaftStorageDirectory (RaftStorageDirectoryImpl.java:tryLock(228)) - Lock on /home/runner/work/ozone/ozone/hadoop-ozone/integration-test/target/test-dir/MiniOzoneClusterImpl-fb989876-9371-464e-b996-ece4d3fe3ecb/ozone-meta/datanode-4/ratis/41470a04-c002-4d55-a216-9d1e68a9fb73/in_use.lock acquired by nodename 21404@fv-az1392-52
2024-04-28 12:43:53,370 [1d4b00a3-9857-4eac-ad23-fb07690fc4d9-groupManagement] INFO  storage.RaftStorage (RaftStorageImpl.java:format(99)) - Storage directory /home/runner/work/ozone/ozone/hadoop-ozone/integration-test/target/test-dir/MiniOzoneClusterImpl-fb989876-9371-464e-b996-ece4d3fe3ecb/ozone-meta/datanode-4/ratis/41470a04-c002-4d55-a216-9d1e68a9fb73 has been successfully formatted.
2024-04-28 12:43:53,370 [1d4b00a3-9857-4eac-ad23-fb07690fc4d9-groupManagement] WARN  util.FileUtils (LogUtils.java:supplyAndLog(63)) - Failed to Files.newInputStream /home/runner/work/ozone/ozone/hadoop-ozone/integration-test/target/test-dir/MiniOzoneClusterImpl-fb989876-9371-464e-b996-ece4d3fe3ecb/ozone-meta/datanode-4/ratis/41470a04-c002-4d55-a216-9d1e68a9fb73/current/raft-meta.conf with options []: java.nio.file.NoSuchFileException: /home/runner/work/ozone/ozone/hadoop-ozone/integration-test/target/test-dir/MiniOzoneClusterImpl-fb989876-9371-464e-b996-ece4d3fe3ecb/ozone-meta/datanode-4/ratis/41470a04-c002-4d55-a216-9d1e68a9fb73/current/raft-meta.conf
2024-04-28 12:43:53,370 [1d4b00a3-9857-4eac-ad23-fb07690fc4d9-groupManagement] INFO  ratis.ContainerStateMachine (ContainerStateMachine.java:loadSnapshot(287)) - group-9D1E68A9FB73: The snapshot info is null. Setting the last applied index to:(t:0, i:~)
2024-04-28 12:43:53,370 [1d4b00a3-9857-4eac-ad23-fb07690fc4d9-groupManagement] INFO  server.RaftServerConfigKeys (ConfUtils.java:logGet(46)) - raft.server.log.use.memory = false (default)
2024-04-28 12:43:53,370 [1d4b00a3-9857-4eac-ad23-fb07690fc4d9-groupManagement] INFO  server.RaftServerConfigKeys (ConfUtils.java:logGet(46)) - raft.server.log.purge.gap = 1000000 (custom)
2024-04-28 12:43:53,371 [1d4b00a3-9857-4eac-ad23-fb07690fc4d9-groupManagement] INFO  server.RaftServerConfigKeys (ConfUtils.java:logGet(46)) - raft.server.log.appender.buffer.byte-limit = 8388608 (custom)
2024-04-28 12:43:53,371 [1d4b00a3-9857-4eac-ad23-fb07690fc4d9-groupManagement] INFO  server.RaftServerConfigKeys (ConfUtils.java:logGet(46)) - raft.server.log.statemachine.data.read.timeout = 1000ms (default)
2024-04-28 12:43:53,371 [1d4b00a3-9857-4eac-ad23-fb07690fc4d9-groupManagement] INFO  server.RaftServerConfigKeys (ConfUtils.java:logGet(46)) - raft.server.log.purge.preservation.log.num = 0 (default)
2024-04-28 12:43:53,372 [EventQueue-PipelineReportForPipelineReportHandler] INFO  pipeline.PipelineReportHandler (PipelineReportHandler.java:processPipelineReport(136)) - Opened pipeline PipelineID=41470a04-c002-4d55-a216-9d1e68a9fb73
2024-04-28 12:43:53,372 [EventQueue-OpenPipelineForHealthyPipelineSafeModeRule] INFO  safemode.SCMSafeModeManager (HealthyPipelineSafeModeRule.java:process(140)) - SCM in safe mode. Healthy pipelines reported count is 0, required healthy pipeline reported count is 1
2024-04-28 12:43:53,373 [1d4b00a3-9857-4eac-ad23-fb07690fc4d9-groupManagement] INFO  server.RaftServerConfigKeys (ConfUtils.java:logGet(46)) - raft.server.log.segment.size.max = 67108864 (custom)
2024-04-28 12:43:53,373 [1d4b00a3-9857-4eac-ad23-fb07690fc4d9-groupManagement] INFO  server.RaftServerConfigKeys (ConfUtils.java:logGet(46)) - raft.server.log.segment.cache.num.max = 2 (custom)
2024-04-28 12:43:53,373 [1d4b00a3-9857-4eac-ad23-fb07690fc4d9-groupManagement] INFO  server.RaftServerConfigKeys (ConfUtils.java:logGet(46)) - raft.server.log.segment.cache.size.max = 200MB (=209715200) (default)
2024-04-28 12:43:53,373 [1d4b00a3-9857-4eac-ad23-fb07690fc4d9-groupManagement] INFO  server.RaftServerConfigKeys (ConfUtils.java:logGet(46)) - raft.server.log.appender.buffer.byte-limit = 8388608 (custom)
2024-04-28 12:43:53,373 [1d4b00a3-9857-4eac-ad23-fb07690fc4d9-groupManagement] INFO  util.AwaitToRun (AwaitToRun.java:start(81)) - Thread[1d4b00a3-9857-4eac-ad23-fb07690fc4d9@group-9D1E68A9FB73-cacheEviction-AwaitToRun,5,main] started
2024-04-28 12:43:53,373 [1d4b00a3-9857-4eac-ad23-fb07690fc4d9-groupManagement] INFO  segmented.SegmentedRaftLogWorker (SegmentedRaftLogWorker.java:<init>(182)) - new 1d4b00a3-9857-4eac-ad23-fb07690fc4d9@group-9D1E68A9FB73-SegmentedRaftLogWorker for RaftStorageImpl:Storage Directory /home/runner/work/ozone/ozone/hadoop-ozone/integration-test/target/test-dir/MiniOzoneClusterImpl-fb989876-9371-464e-b996-ece4d3fe3ecb/ozone-meta/datanode-4/ratis/41470a04-c002-4d55-a216-9d1e68a9fb73
2024-04-28 12:43:53,373 [1d4b00a3-9857-4eac-ad23-fb07690fc4d9-groupManagement] INFO  server.RaftServerConfigKeys (ConfUtils.java:logGet(46)) - raft.server.log.queue.byte-limit = 4294967296 (custom)
2024-04-28 12:43:53,373 [1d4b00a3-9857-4eac-ad23-fb07690fc4d9-groupManagement] INFO  server.RaftServerConfigKeys (ConfUtils.java:logGet(46)) - raft.server.log.queue.element-limit = 1024 (custom)
2024-04-28 12:43:53,373 [1d4b00a3-9857-4eac-ad23-fb07690fc4d9-groupManagement] INFO  server.RaftServerConfigKeys (ConfUtils.java:logGet(46)) - raft.server.log.segment.size.max = 67108864 (custom)
2024-04-28 12:43:53,373 [1d4b00a3-9857-4eac-ad23-fb07690fc4d9-groupManagement] INFO  server.RaftServerConfigKeys (ConfUtils.java:logGet(46)) - raft.server.log.preallocated.size = 4194304 (custom)
2024-04-28 12:43:53,374 [1d4b00a3-9857-4eac-ad23-fb07690fc4d9-groupManagement] INFO  server.RaftServerConfigKeys (ConfUtils.java:logGet(46)) - raft.server.log.force.sync.num = 128 (default)
2024-04-28 12:43:53,374 [1d4b00a3-9857-4eac-ad23-fb07690fc4d9-groupManagement] INFO  server.RaftServerConfigKeys (ConfUtils.java:logGet(46)) - raft.server.log.statemachine.data.sync = true (default)
2024-04-28 12:43:53,374 [1d4b00a3-9857-4eac-ad23-fb07690fc4d9-groupManagement] INFO  server.RaftServerConfigKeys (ConfUtils.java:logGet(46)) - raft.server.log.statemachine.data.sync.timeout = 10s (default)
2024-04-28 12:43:53,374 [1d4b00a3-9857-4eac-ad23-fb07690fc4d9-groupManagement] INFO  server.RaftServerConfigKeys (ConfUtils.java:logGet(46)) - raft.server.log.statemachine.data.sync.timeout.retry = 30 (custom)
2024-04-28 12:43:53,374 [1d4b00a3-9857-4eac-ad23-fb07690fc4d9-groupManagement] INFO  server.RaftServerConfigKeys (ConfUtils.java:logGet(46)) - raft.server.log.write.buffer.size = 8388616 (custom)
2024-04-28 12:43:53,376 [1d4b00a3-9857-4eac-ad23-fb07690fc4d9-groupManagement] INFO  server.RaftServerConfigKeys (ConfUtils.java:logGet(46)) - raft.server.log.appender.buffer.byte-limit = 8388608 (custom)
2024-04-28 12:43:53,376 [1d4b00a3-9857-4eac-ad23-fb07690fc4d9-groupManagement] INFO  server.RaftServerConfigKeys (ConfUtils.java:logGet(46)) - raft.server.log.unsafe-flush.enabled = false (default)
2024-04-28 12:43:53,376 [1d4b00a3-9857-4eac-ad23-fb07690fc4d9-groupManagement] INFO  server.RaftServerConfigKeys (ConfUtils.java:logGet(46)) - raft.server.log.async-flush.enabled = false (default)
2024-04-28 12:43:53,376 [1d4b00a3-9857-4eac-ad23-fb07690fc4d9-groupManagement] INFO  server.RaftServerConfigKeys (ConfUtils.java:logGet(46)) - raft.server.log.statemachine.data.caching.enabled = true (custom)
2024-04-28 12:43:53,376 [1d4b00a3-9857-4eac-ad23-fb07690fc4d9-groupManagement] INFO  segmented.SegmentedRaftLogWorker (SegmentedRaftLogWorker.java:lambda$new$0(134)) - 1d4b00a3-9857-4eac-ad23-fb07690fc4d9@group-9D1E68A9FB73-SegmentedRaftLogWorker: flushIndex: setUnconditionally 0 -> -1
2024-04-28 12:43:53,376 [1d4b00a3-9857-4eac-ad23-fb07690fc4d9-groupManagement] INFO  segmented.SegmentedRaftLogWorker (SegmentedRaftLogWorker.java:lambda$new$0(134)) - 1d4b00a3-9857-4eac-ad23-fb07690fc4d9@group-9D1E68A9FB73-SegmentedRaftLogWorker: safeCacheEvictIndex: setUnconditionally 0 -> -1
2024-04-28 12:43:53,376 [1d4b00a3-9857-4eac-ad23-fb07690fc4d9-groupManagement] INFO  server.RaftServer$Division (RaftServerImpl.java:start(396)) - 1d4b00a3-9857-4eac-ad23-fb07690fc4d9@group-9D1E68A9FB73: start as a follower, conf=-1: peers:[1d4b00a3-9857-4eac-ad23-fb07690fc4d9|127.0.0.1:15130]|listeners:[], old=null
2024-04-28 12:43:53,376 [1d4b00a3-9857-4eac-ad23-fb07690fc4d9-groupManagement] INFO  server.RaftServer$Division (RaftServerImpl.java:setRole(383)) - 1d4b00a3-9857-4eac-ad23-fb07690fc4d9@group-9D1E68A9FB73: changes role from      null to FOLLOWER at term 0 for startAsFollower
2024-04-28 12:43:53,376 [1d4b00a3-9857-4eac-ad23-fb07690fc4d9-groupManagement] INFO  impl.RoleInfo (RoleInfo.java:updateAndGet(139)) - 1d4b00a3-9857-4eac-ad23-fb07690fc4d9: start 1d4b00a3-9857-4eac-ad23-fb07690fc4d9@group-9D1E68A9FB73-FollowerState
2024-04-28 12:43:53,377 [1d4b00a3-9857-4eac-ad23-fb07690fc4d9-groupManagement] INFO  util.JmxRegister (JmxRegister.java:tryRegister(44)) - Successfully registered JMX Bean with object name Ratis:service=RaftServer,group=group-9D1E68A9FB73,id=1d4b00a3-9857-4eac-ad23-fb07690fc4d9
2024-04-28 12:43:53,377 [1d4b00a3-9857-4eac-ad23-fb07690fc4d9-groupManagement] INFO  server.RaftServerConfigKeys (ConfUtils.java:logGet(46)) - raft.server.snapshot.trigger-when-stop.enabled = true (default)
2024-04-28 12:43:53,377 [1d4b00a3-9857-4eac-ad23-fb07690fc4d9-groupManagement] INFO  server.RaftServerConfigKeys (ConfUtils.java:logGet(46)) - raft.server.snapshot.auto.trigger.enabled = true (custom)
2024-04-28 12:43:53,377 [1d4b00a3-9857-4eac-ad23-fb07690fc4d9-groupManagement] INFO  server.RaftServerConfigKeys (ConfUtils.java:logGet(46)) - raft.server.snapshot.auto.trigger.threshold = 10000 (custom)
2024-04-28 12:43:53,377 [1d4b00a3-9857-4eac-ad23-fb07690fc4d9-groupManagement] INFO  server.RaftServerConfigKeys (ConfUtils.java:logGet(46)) - raft.server.snapshot.retention.file.num = 5 (custom)
2024-04-28 12:43:53,377 [1d4b00a3-9857-4eac-ad23-fb07690fc4d9-groupManagement] INFO  server.RaftServerConfigKeys (ConfUtils.java:logGet(46)) - raft.server.log.purge.upto.snapshot.index = false (default)
2024-04-28 12:43:53,378 [1d4b00a3-9857-4eac-ad23-fb07690fc4d9-PipelineCommandHandlerThread-0] INFO  ratis.XceiverServerRatis (XceiverServerRatis.java:addGroup(864)) - Created group PipelineID=41470a04-c002-4d55-a216-9d1e68a9fb73
2024-04-28 12:43:53,378 [1d4b00a3-9857-4eac-ad23-fb07690fc4d9-PipelineCommandHandlerThread-0] INFO  commandhandler.CreatePipelineCommandHandler (CreatePipelineCommandHandler.java:lambda$handle$2(124)) - Created Pipeline RATIS ONE PipelineID=41470a04-c002-4d55-a216-9d1e68a9fb73.
2024-04-28 12:43:53,378 [1d4b00a3-9857-4eac-ad23-fb07690fc4d9-PipelineCommandHandlerThread-0] INFO  server.RaftServer (RaftServerProxy.java:addNew(100)) - 1d4b00a3-9857-4eac-ad23-fb07690fc4d9: addNew group-7AC4A5481F83:[1070cd50-d4de-4eff-9e7b-13f77727c4d2|127.0.0.1:15148, 1d5b270c-141e-46ec-a0c0-ed60a5ff00c9|127.0.0.1:15139, 1d4b00a3-9857-4eac-ad23-fb07690fc4d9|127.0.0.1:15130] returns group-7AC4A5481F83:java.util.concurrent.CompletableFuture@3b6e44fb[Not completed]
2024-04-28 12:43:53,378 [1d4b00a3-9857-4eac-ad23-fb07690fc4d9@group-9D1E68A9FB73-FollowerState] INFO  server.RaftServerConfigKeys (ConfUtils.java:logFallback(53)) - raft.server.rpc.first-election.timeout.min = 5s (fallback to raft.server.rpc.timeout.min)
2024-04-28 12:43:53,378 [1d4b00a3-9857-4eac-ad23-fb07690fc4d9@group-9D1E68A9FB73-FollowerState] INFO  server.RaftServerConfigKeys (ConfUtils.java:logFallback(53)) - raft.server.rpc.first-election.timeout.max = 5200ms (fallback to raft.server.rpc.timeout.max)
2024-04-28 12:43:53,378 [1d4b00a3-9857-4eac-ad23-fb07690fc4d9-groupManagement] INFO  server.RaftServer$Division (RaftServerImpl.java:<init>(256)) - 1d4b00a3-9857-4eac-ad23-fb07690fc4d9: new RaftServerImpl for group-7AC4A5481F83:[1070cd50-d4de-4eff-9e7b-13f77727c4d2|127.0.0.1:15148, 1d5b270c-141e-46ec-a0c0-ed60a5ff00c9|127.0.0.1:15139, 1d4b00a3-9857-4eac-ad23-fb07690fc4d9|127.0.0.1:15130] with ContainerStateMachine:uninitialized
2024-04-28 12:43:53,379 [1d4b00a3-9857-4eac-ad23-fb07690fc4d9-groupManagement] INFO  server.RaftServerConfigKeys (ConfUtils.java:logGet(46)) - raft.server.rpc.timeout.min = 5s (custom)
2024-04-28 12:43:53,379 [1d4b00a3-9857-4eac-ad23-fb07690fc4d9-groupManagement] INFO  server.RaftServerConfigKeys (ConfUtils.java:logGet(46)) - raft.server.rpc.timeout.max = 5200ms (custom)
2024-04-28 12:43:53,390 [1d4b00a3-9857-4eac-ad23-fb07690fc4d9-groupManagement] INFO  server.RaftServerConfigKeys (ConfUtils.java:logGet(46)) - raft.server.rpc.sleep.time = 25ms (default)
2024-04-28 12:43:53,390 [1d4b00a3-9857-4eac-ad23-fb07690fc4d9-groupManagement] INFO  server.RaftServerConfigKeys (ConfUtils.java:logGet(46)) - raft.server.rpc.slowness.timeout = 300000ms (custom)
2024-04-28 12:43:53,390 [1d4b00a3-9857-4eac-ad23-fb07690fc4d9-groupManagement] INFO  server.RaftServerConfigKeys (ConfUtils.java:logGet(46)) - raft.server.leaderelection.leader.step-down.wait-time = 10s (default)
2024-04-28 12:43:53,390 [1d4b00a3-9857-4eac-ad23-fb07690fc4d9-groupManagement] INFO  server.RaftServerConfigKeys (ConfUtils.java:logGet(46)) - raft.server.leaderelection.member.majority-add = false (default)
2024-04-28 12:43:53,390 [1d4b00a3-9857-4eac-ad23-fb07690fc4d9-groupManagement] INFO  server.RaftServerConfigKeys (ConfUtils.java:logGet(46)) - raft.server.sleep.deviation.threshold = 300ms (default)
2024-04-28 12:43:53,390 [1d4b00a3-9857-4eac-ad23-fb07690fc4d9-groupManagement] INFO  server.RaftServer$Division (ServerState.java:<init>(113)) - 1d4b00a3-9857-4eac-ad23-fb07690fc4d9@group-7AC4A5481F83: ConfigurationManager, init=-1: peers:[1070cd50-d4de-4eff-9e7b-13f77727c4d2|127.0.0.1:15148, 1d5b270c-141e-46ec-a0c0-ed60a5ff00c9|127.0.0.1:15139, 1d4b00a3-9857-4eac-ad23-fb07690fc4d9|127.0.0.1:15130]|listeners:[], old=null, confs=<EMPTY_MAP>
2024-04-28 12:43:53,390 [1d4b00a3-9857-4eac-ad23-fb07690fc4d9-groupManagement] INFO  server.RaftServerConfigKeys (ConfUtils.java:logGet(46)) - raft.server.notification.no-leader.timeout = 300000ms (custom)
2024-04-28 12:43:53,390 [1d4b00a3-9857-4eac-ad23-fb07690fc4d9-groupManagement] INFO  server.RaftServerConfigKeys (ConfUtils.java:logGet(46)) - raft.server.read.timeout = 10s (default)
2024-04-28 12:43:53,390 [1d4b00a3-9857-4eac-ad23-fb07690fc4d9-groupManagement] INFO  server.RaftServerConfigKeys (ConfUtils.java:logGet(46)) - raft.server.retrycache.expirytime = 600000ms (custom)
2024-04-28 12:43:53,390 [1d4b00a3-9857-4eac-ad23-fb07690fc4d9-groupManagement] INFO  server.RaftServerConfigKeys (ConfUtils.java:logGet(46)) - raft.server.retrycache.statistics.expirytime = 100ms (default)
2024-04-28 12:43:53,391 [1d4b00a3-9857-4eac-ad23-fb07690fc4d9-groupManagement] INFO  server.RaftServerConfigKeys (ConfUtils.java:logGet(46)) - raft.server.read.option = DEFAULT (default)
2024-04-28 12:43:53,391 [1d4b00a3-9857-4eac-ad23-fb07690fc4d9-groupManagement] INFO  server.RaftServerConfigKeys (ConfUtils.java:logGet(46)) - raft.server.read.read-after-write-consistent.write-index-cache.expiry-time = 60s (default)
2024-04-28 12:43:53,392 [1d4b00a3-9857-4eac-ad23-fb07690fc4d9-groupManagement] INFO  server.RaftServerConfigKeys (ConfUtils.java:logGet(46)) - raft.server.rpc.request.timeout = 3000ms (default)
2024-04-28 12:43:53,392 [1d4b00a3-9857-4eac-ad23-fb07690fc4d9-groupManagement] INFO  server.RaftServerConfigKeys (ConfUtils.java:logGet(46)) - raft.server.log.appender.install.snapshot.enabled = false (custom)
2024-04-28 12:43:53,392 [1d4b00a3-9857-4eac-ad23-fb07690fc4d9-groupManagement] INFO  server.RaftServerConfigKeys (ConfUtils.java:logGet(46)) - raft.server.threadpool.server.cached = true (default)
2024-04-28 12:43:53,392 [1d4b00a3-9857-4eac-ad23-fb07690fc4d9-groupManagement] INFO  server.RaftServerConfigKeys (ConfUtils.java:logGet(46)) - raft.server.threadpool.server.size = 0 (default)
2024-04-28 12:43:53,392 [1d4b00a3-9857-4eac-ad23-fb07690fc4d9-groupManagement] INFO  server.RaftServerConfigKeys (ConfUtils.java:logGet(46)) - raft.server.threadpool.client.cached = true (default)
2024-04-28 12:43:53,393 [1d4b00a3-9857-4eac-ad23-fb07690fc4d9-groupManagement] INFO  server.RaftServerConfigKeys (ConfUtils.java:logGet(46)) - raft.server.threadpool.client.size = 0 (default)
2024-04-28 12:43:53,393 [1d4b00a3-9857-4eac-ad23-fb07690fc4d9-groupManagement] INFO  server.RaftServerConfigKeys (ConfUtils.java:logGet(46)) - raft.server.storage.free-space.min = 0MB (=0) (default)
2024-04-28 12:43:53,393 [1d4b00a3-9857-4eac-ad23-fb07690fc4d9-groupManagement] INFO  server.RaftServerConfigKeys (ConfUtils.java:logGet(46)) - raft.server.log.corruption.policy = EXCEPTION (default)
2024-04-28 12:43:53,393 [1d4b00a3-9857-4eac-ad23-fb07690fc4d9-groupManagement] INFO  server.RaftServerConfigKeys (ConfUtils.java:logGet(46)) - raft.server.storage.dir = [/home/runner/work/ozone/ozone/hadoop-ozone/integration-test/target/test-dir/MiniOzoneClusterImpl-fb989876-9371-464e-b996-ece4d3fe3ecb/ozone-meta/datanode-4/ratis] (custom)
2024-04-28 12:43:53,393 [1d4b00a3-9857-4eac-ad23-fb07690fc4d9-groupManagement] INFO  storage.RaftStorageDirectory (RaftStorageDirectoryImpl.java:analyzeStorage(138)) - The storage directory /home/runner/work/ozone/ozone/hadoop-ozone/integration-test/target/test-dir/MiniOzoneClusterImpl-fb989876-9371-464e-b996-ece4d3fe3ecb/ozone-meta/datanode-4/ratis/6137e3d0-c177-448d-9fbd-7ac4a5481f83 does not exist. Creating ...
2024-04-28 12:43:53,394 [1d4b00a3-9857-4eac-ad23-fb07690fc4d9-groupManagement] INFO  storage.RaftStorageDirectory (RaftStorageDirectoryImpl.java:tryLock(228)) - Lock on /home/runner/work/ozone/ozone/hadoop-ozone/integration-test/target/test-dir/MiniOzoneClusterImpl-fb989876-9371-464e-b996-ece4d3fe3ecb/ozone-meta/datanode-4/ratis/6137e3d0-c177-448d-9fbd-7ac4a5481f83/in_use.lock acquired by nodename 21404@fv-az1392-52
2024-04-28 12:43:53,395 [1d4b00a3-9857-4eac-ad23-fb07690fc4d9-groupManagement] INFO  storage.RaftStorage (RaftStorageImpl.java:format(99)) - Storage directory /home/runner/work/ozone/ozone/hadoop-ozone/integration-test/target/test-dir/MiniOzoneClusterImpl-fb989876-9371-464e-b996-ece4d3fe3ecb/ozone-meta/datanode-4/ratis/6137e3d0-c177-448d-9fbd-7ac4a5481f83 has been successfully formatted.
2024-04-28 12:43:53,395 [1d4b00a3-9857-4eac-ad23-fb07690fc4d9-groupManagement] WARN  util.FileUtils (LogUtils.java:supplyAndLog(63)) - Failed to Files.newInputStream /home/runner/work/ozone/ozone/hadoop-ozone/integration-test/target/test-dir/MiniOzoneClusterImpl-fb989876-9371-464e-b996-ece4d3fe3ecb/ozone-meta/datanode-4/ratis/6137e3d0-c177-448d-9fbd-7ac4a5481f83/current/raft-meta.conf with options []: java.nio.file.NoSuchFileException: /home/runner/work/ozone/ozone/hadoop-ozone/integration-test/target/test-dir/MiniOzoneClusterImpl-fb989876-9371-464e-b996-ece4d3fe3ecb/ozone-meta/datanode-4/ratis/6137e3d0-c177-448d-9fbd-7ac4a5481f83/current/raft-meta.conf
2024-04-28 12:43:53,395 [1d4b00a3-9857-4eac-ad23-fb07690fc4d9-groupManagement] INFO  ratis.ContainerStateMachine (ContainerStateMachine.java:loadSnapshot(287)) - group-7AC4A5481F83: The snapshot info is null. Setting the last applied index to:(t:0, i:~)
2024-04-28 12:43:53,395 [1d4b00a3-9857-4eac-ad23-fb07690fc4d9-groupManagement] INFO  server.RaftServerConfigKeys (ConfUtils.java:logGet(46)) - raft.server.log.use.memory = false (default)
2024-04-28 12:43:53,395 [1d4b00a3-9857-4eac-ad23-fb07690fc4d9-groupManagement] INFO  server.RaftServerConfigKeys (ConfUtils.java:logGet(46)) - raft.server.log.purge.gap = 1000000 (custom)
2024-04-28 12:43:53,395 [1d4b00a3-9857-4eac-ad23-fb07690fc4d9-groupManagement] INFO  server.RaftServerConfigKeys (ConfUtils.java:logGet(46)) - raft.server.log.appender.buffer.byte-limit = 8388608 (custom)
2024-04-28 12:43:53,395 [1d4b00a3-9857-4eac-ad23-fb07690fc4d9-groupManagement] INFO  server.RaftServerConfigKeys (ConfUtils.java:logGet(46)) - raft.server.log.statemachine.data.read.timeout = 1000ms (default)
2024-04-28 12:43:53,396 [1d4b00a3-9857-4eac-ad23-fb07690fc4d9-groupManagement] INFO  server.RaftServerConfigKeys (ConfUtils.java:logGet(46)) - raft.server.log.purge.preservation.log.num = 0 (default)
2024-04-28 12:43:53,396 [EventQueue-OpenPipelineForHealthyPipelineSafeModeRule] INFO  safemode.SCMSafeModeManager (HealthyPipelineSafeModeRule.java:process(140)) - SCM in safe mode. Healthy pipelines reported count is 0, required healthy pipeline reported count is 1
2024-04-28 12:43:53,397 [1d4b00a3-9857-4eac-ad23-fb07690fc4d9-groupManagement] INFO  server.RaftServerConfigKeys (ConfUtils.java:logGet(46)) - raft.server.log.segment.size.max = 67108864 (custom)
2024-04-28 12:43:53,397 [1d4b00a3-9857-4eac-ad23-fb07690fc4d9-groupManagement] INFO  server.RaftServerConfigKeys (ConfUtils.java:logGet(46)) - raft.server.log.segment.cache.num.max = 2 (custom)
2024-04-28 12:43:53,397 [1d4b00a3-9857-4eac-ad23-fb07690fc4d9-groupManagement] INFO  server.RaftServerConfigKeys (ConfUtils.java:logGet(46)) - raft.server.log.segment.cache.size.max = 200MB (=209715200) (default)
2024-04-28 12:43:53,397 [1d4b00a3-9857-4eac-ad23-fb07690fc4d9-groupManagement] INFO  server.RaftServerConfigKeys (ConfUtils.java:logGet(46)) - raft.server.log.appender.buffer.byte-limit = 8388608 (custom)
2024-04-28 12:43:53,397 [1d4b00a3-9857-4eac-ad23-fb07690fc4d9-groupManagement] INFO  util.AwaitToRun (AwaitToRun.java:start(81)) - Thread[1d4b00a3-9857-4eac-ad23-fb07690fc4d9@group-7AC4A5481F83-cacheEviction-AwaitToRun,5,main] started
2024-04-28 12:43:53,397 [1d4b00a3-9857-4eac-ad23-fb07690fc4d9-groupManagement] INFO  segmented.SegmentedRaftLogWorker (SegmentedRaftLogWorker.java:<init>(182)) - new 1d4b00a3-9857-4eac-ad23-fb07690fc4d9@group-7AC4A5481F83-SegmentedRaftLogWorker for RaftStorageImpl:Storage Directory /home/runner/work/ozone/ozone/hadoop-ozone/integration-test/target/test-dir/MiniOzoneClusterImpl-fb989876-9371-464e-b996-ece4d3fe3ecb/ozone-meta/datanode-4/ratis/6137e3d0-c177-448d-9fbd-7ac4a5481f83
2024-04-28 12:43:53,397 [1d4b00a3-9857-4eac-ad23-fb07690fc4d9-groupManagement] INFO  server.RaftServerConfigKeys (ConfUtils.java:logGet(46)) - raft.server.log.queue.byte-limit = 4294967296 (custom)
2024-04-28 12:43:53,398 [1d4b00a3-9857-4eac-ad23-fb07690fc4d9-groupManagement] INFO  server.RaftServerConfigKeys (ConfUtils.java:logGet(46)) - raft.server.log.queue.element-limit = 1024 (custom)
2024-04-28 12:43:53,398 [1d4b00a3-9857-4eac-ad23-fb07690fc4d9-groupManagement] INFO  server.RaftServerConfigKeys (ConfUtils.java:logGet(46)) - raft.server.log.segment.size.max = 67108864 (custom)
2024-04-28 12:43:53,398 [1d4b00a3-9857-4eac-ad23-fb07690fc4d9-groupManagement] INFO  server.RaftServerConfigKeys (ConfUtils.java:logGet(46)) - raft.server.log.preallocated.size = 4194304 (custom)
2024-04-28 12:43:53,398 [1d4b00a3-9857-4eac-ad23-fb07690fc4d9-groupManagement] INFO  server.RaftServerConfigKeys (ConfUtils.java:logGet(46)) - raft.server.log.force.sync.num = 128 (default)
2024-04-28 12:43:53,398 [1d4b00a3-9857-4eac-ad23-fb07690fc4d9-groupManagement] INFO  server.RaftServerConfigKeys (ConfUtils.java:logGet(46)) - raft.server.log.statemachine.data.sync = true (default)
2024-04-28 12:43:53,398 [1d4b00a3-9857-4eac-ad23-fb07690fc4d9-groupManagement] INFO  server.RaftServerConfigKeys (ConfUtils.java:logGet(46)) - raft.server.log.statemachine.data.sync.timeout = 10s (default)
2024-04-28 12:43:53,398 [1d4b00a3-9857-4eac-ad23-fb07690fc4d9-groupManagement] INFO  server.RaftServerConfigKeys (ConfUtils.java:logGet(46)) - raft.server.log.statemachine.data.sync.timeout.retry = 30 (custom)
2024-04-28 12:43:53,398 [1d4b00a3-9857-4eac-ad23-fb07690fc4d9-groupManagement] INFO  server.RaftServerConfigKeys (ConfUtils.java:logGet(46)) - raft.server.log.write.buffer.size = 8388616 (custom)
2024-04-28 12:43:53,400 [1d4b00a3-9857-4eac-ad23-fb07690fc4d9-groupManagement] INFO  server.RaftServerConfigKeys (ConfUtils.java:logGet(46)) - raft.server.log.appender.buffer.byte-limit = 8388608 (custom)
2024-04-28 12:43:53,400 [1d4b00a3-9857-4eac-ad23-fb07690fc4d9-groupManagement] INFO  server.RaftServerConfigKeys (ConfUtils.java:logGet(46)) - raft.server.log.unsafe-flush.enabled = false (default)
2024-04-28 12:43:53,400 [1d4b00a3-9857-4eac-ad23-fb07690fc4d9-groupManagement] INFO  server.RaftServerConfigKeys (ConfUtils.java:logGet(46)) - raft.server.log.async-flush.enabled = false (default)
2024-04-28 12:43:53,400 [1d4b00a3-9857-4eac-ad23-fb07690fc4d9-groupManagement] INFO  server.RaftServerConfigKeys (ConfUtils.java:logGet(46)) - raft.server.log.statemachine.data.caching.enabled = true (custom)
2024-04-28 12:43:53,400 [1d4b00a3-9857-4eac-ad23-fb07690fc4d9-groupManagement] INFO  segmented.SegmentedRaftLogWorker (SegmentedRaftLogWorker.java:lambda$new$0(134)) - 1d4b00a3-9857-4eac-ad23-fb07690fc4d9@group-7AC4A5481F83-SegmentedRaftLogWorker: flushIndex: setUnconditionally 0 -> -1
2024-04-28 12:43:53,400 [1d4b00a3-9857-4eac-ad23-fb07690fc4d9-groupManagement] INFO  segmented.SegmentedRaftLogWorker (SegmentedRaftLogWorker.java:lambda$new$0(134)) - 1d4b00a3-9857-4eac-ad23-fb07690fc4d9@group-7AC4A5481F83-SegmentedRaftLogWorker: safeCacheEvictIndex: setUnconditionally 0 -> -1
2024-04-28 12:43:53,400 [1d4b00a3-9857-4eac-ad23-fb07690fc4d9-groupManagement] INFO  server.RaftServer$Division (RaftServerImpl.java:start(396)) - 1d4b00a3-9857-4eac-ad23-fb07690fc4d9@group-7AC4A5481F83: start as a follower, conf=-1: peers:[1070cd50-d4de-4eff-9e7b-13f77727c4d2|127.0.0.1:15148, 1d5b270c-141e-46ec-a0c0-ed60a5ff00c9|127.0.0.1:15139, 1d4b00a3-9857-4eac-ad23-fb07690fc4d9|127.0.0.1:15130]|listeners:[], old=null
2024-04-28 12:43:53,400 [1d4b00a3-9857-4eac-ad23-fb07690fc4d9-groupManagement] INFO  server.RaftServer$Division (RaftServerImpl.java:setRole(383)) - 1d4b00a3-9857-4eac-ad23-fb07690fc4d9@group-7AC4A5481F83: changes role from      null to FOLLOWER at term 0 for startAsFollower
2024-04-28 12:43:53,400 [1d4b00a3-9857-4eac-ad23-fb07690fc4d9-groupManagement] INFO  impl.RoleInfo (RoleInfo.java:updateAndGet(139)) - 1d4b00a3-9857-4eac-ad23-fb07690fc4d9: start 1d4b00a3-9857-4eac-ad23-fb07690fc4d9@group-7AC4A5481F83-FollowerState
2024-04-28 12:43:53,401 [1d4b00a3-9857-4eac-ad23-fb07690fc4d9@group-7AC4A5481F83-FollowerState] INFO  server.RaftServerConfigKeys (ConfUtils.java:logFallback(53)) - raft.server.rpc.first-election.timeout.min = 5s (fallback to raft.server.rpc.timeout.min)
2024-04-28 12:43:53,401 [1d4b00a3-9857-4eac-ad23-fb07690fc4d9-groupManagement] INFO  util.JmxRegister (JmxRegister.java:tryRegister(44)) - Successfully registered JMX Bean with object name Ratis:service=RaftServer,group=group-7AC4A5481F83,id=1d4b00a3-9857-4eac-ad23-fb07690fc4d9
2024-04-28 12:43:53,401 [1d4b00a3-9857-4eac-ad23-fb07690fc4d9-groupManagement] INFO  server.RaftServerConfigKeys (ConfUtils.java:logGet(46)) - raft.server.snapshot.trigger-when-stop.enabled = true (default)
2024-04-28 12:43:53,401 [1d4b00a3-9857-4eac-ad23-fb07690fc4d9-groupManagement] INFO  server.RaftServerConfigKeys (ConfUtils.java:logGet(46)) - raft.server.snapshot.auto.trigger.enabled = true (custom)
2024-04-28 12:43:53,401 [1d4b00a3-9857-4eac-ad23-fb07690fc4d9-groupManagement] INFO  server.RaftServerConfigKeys (ConfUtils.java:logGet(46)) - raft.server.snapshot.auto.trigger.threshold = 10000 (custom)
2024-04-28 12:43:53,401 [1d4b00a3-9857-4eac-ad23-fb07690fc4d9-groupManagement] INFO  server.RaftServerConfigKeys (ConfUtils.java:logGet(46)) - raft.server.snapshot.retention.file.num = 5 (custom)
2024-04-28 12:43:53,401 [1d4b00a3-9857-4eac-ad23-fb07690fc4d9-groupManagement] INFO  server.RaftServerConfigKeys (ConfUtils.java:logGet(46)) - raft.server.log.purge.upto.snapshot.index = false (default)
2024-04-28 12:43:53,401 [1d4b00a3-9857-4eac-ad23-fb07690fc4d9@group-7AC4A5481F83-FollowerState] INFO  server.RaftServerConfigKeys (ConfUtils.java:logFallback(53)) - raft.server.rpc.first-election.timeout.max = 5200ms (fallback to raft.server.rpc.timeout.max)
2024-04-28 12:43:53,402 [1d4b00a3-9857-4eac-ad23-fb07690fc4d9-PipelineCommandHandlerThread-0] INFO  ratis.XceiverServerRatis (XceiverServerRatis.java:addGroup(864)) - Created group PipelineID=6137e3d0-c177-448d-9fbd-7ac4a5481f83
2024-04-28 12:43:53,411 [grpc-default-executor-0] INFO  server.RaftServer (RaftServerProxy.java:addNew(100)) - 1070cd50-d4de-4eff-9e7b-13f77727c4d2: addNew group-7AC4A5481F83:[1070cd50-d4de-4eff-9e7b-13f77727c4d2|127.0.0.1:15148, 1d5b270c-141e-46ec-a0c0-ed60a5ff00c9|127.0.0.1:15139, 1d4b00a3-9857-4eac-ad23-fb07690fc4d9|127.0.0.1:15130] returns group-7AC4A5481F83:java.util.concurrent.CompletableFuture@632e8bde[Not completed]
2024-04-28 12:43:53,412 [1070cd50-d4de-4eff-9e7b-13f77727c4d2-groupManagement] INFO  server.RaftServer$Division (RaftServerImpl.java:<init>(256)) - 1070cd50-d4de-4eff-9e7b-13f77727c4d2: new RaftServerImpl for group-7AC4A5481F83:[1070cd50-d4de-4eff-9e7b-13f77727c4d2|127.0.0.1:15148, 1d5b270c-141e-46ec-a0c0-ed60a5ff00c9|127.0.0.1:15139, 1d4b00a3-9857-4eac-ad23-fb07690fc4d9|127.0.0.1:15130] with ContainerStateMachine:uninitialized
2024-04-28 12:43:53,412 [1070cd50-d4de-4eff-9e7b-13f77727c4d2-groupManagement] INFO  server.RaftServerConfigKeys (ConfUtils.java:logGet(46)) - raft.server.rpc.timeout.min = 5s (custom)
2024-04-28 12:43:53,412 [1070cd50-d4de-4eff-9e7b-13f77727c4d2-groupManagement] INFO  server.RaftServerConfigKeys (ConfUtils.java:logGet(46)) - raft.server.rpc.timeout.max = 5200ms (custom)
2024-04-28 12:43:53,412 [1070cd50-d4de-4eff-9e7b-13f77727c4d2-groupManagement] INFO  server.RaftServerConfigKeys (ConfUtils.java:logGet(46)) - raft.server.rpc.sleep.time = 25ms (default)
2024-04-28 12:43:53,412 [1070cd50-d4de-4eff-9e7b-13f77727c4d2-groupManagement] INFO  server.RaftServerConfigKeys (ConfUtils.java:logGet(46)) - raft.server.rpc.slowness.timeout = 300000ms (custom)
2024-04-28 12:43:53,413 [1070cd50-d4de-4eff-9e7b-13f77727c4d2-groupManagement] INFO  server.RaftServerConfigKeys (ConfUtils.java:logGet(46)) - raft.server.leaderelection.leader.step-down.wait-time = 10s (default)
2024-04-28 12:43:53,413 [1070cd50-d4de-4eff-9e7b-13f77727c4d2-groupManagement] INFO  server.RaftServerConfigKeys (ConfUtils.java:logGet(46)) - raft.server.leaderelection.member.majority-add = false (default)
2024-04-28 12:43:53,413 [1070cd50-d4de-4eff-9e7b-13f77727c4d2-groupManagement] INFO  server.RaftServerConfigKeys (ConfUtils.java:logGet(46)) - raft.server.sleep.deviation.threshold = 300ms (default)
2024-04-28 12:43:53,413 [1070cd50-d4de-4eff-9e7b-13f77727c4d2-groupManagement] INFO  server.RaftServer$Division (ServerState.java:<init>(113)) - 1070cd50-d4de-4eff-9e7b-13f77727c4d2@group-7AC4A5481F83: ConfigurationManager, init=-1: peers:[1070cd50-d4de-4eff-9e7b-13f77727c4d2|127.0.0.1:15148, 1d5b270c-141e-46ec-a0c0-ed60a5ff00c9|127.0.0.1:15139, 1d4b00a3-9857-4eac-ad23-fb07690fc4d9|127.0.0.1:15130]|listeners:[], old=null, confs=<EMPTY_MAP>
2024-04-28 12:43:53,413 [1070cd50-d4de-4eff-9e7b-13f77727c4d2-groupManagement] INFO  server.RaftServerConfigKeys (ConfUtils.java:logGet(46)) - raft.server.notification.no-leader.timeout = 300000ms (custom)
2024-04-28 12:43:53,413 [1070cd50-d4de-4eff-9e7b-13f77727c4d2-groupManagement] INFO  server.RaftServerConfigKeys (ConfUtils.java:logGet(46)) - raft.server.read.timeout = 10s (default)
2024-04-28 12:43:53,413 [1070cd50-d4de-4eff-9e7b-13f77727c4d2-groupManagement] INFO  server.RaftServerConfigKeys (ConfUtils.java:logGet(46)) - raft.server.retrycache.expirytime = 600000ms (custom)
2024-04-28 12:43:53,413 [1070cd50-d4de-4eff-9e7b-13f77727c4d2-groupManagement] INFO  server.RaftServerConfigKeys (ConfUtils.java:logGet(46)) - raft.server.retrycache.statistics.expirytime = 100ms (default)
2024-04-28 12:43:53,413 [1070cd50-d4de-4eff-9e7b-13f77727c4d2-groupManagement] INFO  server.RaftServerConfigKeys (ConfUtils.java:logGet(46)) - raft.server.read.option = DEFAULT (default)
2024-04-28 12:43:53,413 [1070cd50-d4de-4eff-9e7b-13f77727c4d2-groupManagement] INFO  server.RaftServerConfigKeys (ConfUtils.java:logGet(46)) - raft.server.read.read-after-write-consistent.write-index-cache.expiry-time = 60s (default)
2024-04-28 12:43:53,415 [1070cd50-d4de-4eff-9e7b-13f77727c4d2-groupManagement] INFO  server.RaftServerConfigKeys (ConfUtils.java:logGet(46)) - raft.server.rpc.request.timeout = 3000ms (default)
2024-04-28 12:43:53,416 [1070cd50-d4de-4eff-9e7b-13f77727c4d2-groupManagement] INFO  server.RaftServerConfigKeys (ConfUtils.java:logGet(46)) - raft.server.log.appender.install.snapshot.enabled = false (custom)
2024-04-28 12:43:53,416 [1070cd50-d4de-4eff-9e7b-13f77727c4d2-groupManagement] INFO  server.RaftServerConfigKeys (ConfUtils.java:logGet(46)) - raft.server.threadpool.server.cached = true (default)
2024-04-28 12:43:53,416 [1070cd50-d4de-4eff-9e7b-13f77727c4d2-groupManagement] INFO  server.RaftServerConfigKeys (ConfUtils.java:logGet(46)) - raft.server.threadpool.server.size = 0 (default)
2024-04-28 12:43:53,416 [1070cd50-d4de-4eff-9e7b-13f77727c4d2-groupManagement] INFO  server.RaftServerConfigKeys (ConfUtils.java:logGet(46)) - raft.server.threadpool.client.cached = true (default)
2024-04-28 12:43:53,416 [1070cd50-d4de-4eff-9e7b-13f77727c4d2-groupManagement] INFO  server.RaftServerConfigKeys (ConfUtils.java:logGet(46)) - raft.server.threadpool.client.size = 0 (default)
2024-04-28 12:43:53,416 [1070cd50-d4de-4eff-9e7b-13f77727c4d2-groupManagement] INFO  server.RaftServerConfigKeys (ConfUtils.java:logGet(46)) - raft.server.storage.free-space.min = 0MB (=0) (default)
2024-04-28 12:43:53,416 [1070cd50-d4de-4eff-9e7b-13f77727c4d2-groupManagement] INFO  server.RaftServerConfigKeys (ConfUtils.java:logGet(46)) - raft.server.log.corruption.policy = EXCEPTION (default)
2024-04-28 12:43:53,416 [1070cd50-d4de-4eff-9e7b-13f77727c4d2-groupManagement] INFO  server.RaftServerConfigKeys (ConfUtils.java:logGet(46)) - raft.server.storage.dir = [/home/runner/work/ozone/ozone/hadoop-ozone/integration-test/target/test-dir/MiniOzoneClusterImpl-fb989876-9371-464e-b996-ece4d3fe3ecb/ozone-meta/datanode-6/ratis] (custom)
2024-04-28 12:43:53,416 [1070cd50-d4de-4eff-9e7b-13f77727c4d2-groupManagement] INFO  storage.RaftStorageDirectory (RaftStorageDirectoryImpl.java:analyzeStorage(138)) - The storage directory /home/runner/work/ozone/ozone/hadoop-ozone/integration-test/target/test-dir/MiniOzoneClusterImpl-fb989876-9371-464e-b996-ece4d3fe3ecb/ozone-meta/datanode-6/ratis/6137e3d0-c177-448d-9fbd-7ac4a5481f83 does not exist. Creating ...
2024-04-28 12:43:53,417 [1070cd50-d4de-4eff-9e7b-13f77727c4d2-groupManagement] INFO  storage.RaftStorageDirectory (RaftStorageDirectoryImpl.java:tryLock(228)) - Lock on /home/runner/work/ozone/ozone/hadoop-ozone/integration-test/target/test-dir/MiniOzoneClusterImpl-fb989876-9371-464e-b996-ece4d3fe3ecb/ozone-meta/datanode-6/ratis/6137e3d0-c177-448d-9fbd-7ac4a5481f83/in_use.lock acquired by nodename 21404@fv-az1392-52
2024-04-28 12:43:53,418 [1070cd50-d4de-4eff-9e7b-13f77727c4d2-groupManagement] INFO  storage.RaftStorage (RaftStorageImpl.java:format(99)) - Storage directory /home/runner/work/ozone/ozone/hadoop-ozone/integration-test/target/test-dir/MiniOzoneClusterImpl-fb989876-9371-464e-b996-ece4d3fe3ecb/ozone-meta/datanode-6/ratis/6137e3d0-c177-448d-9fbd-7ac4a5481f83 has been successfully formatted.
2024-04-28 12:43:53,419 [1070cd50-d4de-4eff-9e7b-13f77727c4d2-groupManagement] WARN  util.FileUtils (LogUtils.java:supplyAndLog(63)) - Failed to Files.newInputStream /home/runner/work/ozone/ozone/hadoop-ozone/integration-test/target/test-dir/MiniOzoneClusterImpl-fb989876-9371-464e-b996-ece4d3fe3ecb/ozone-meta/datanode-6/ratis/6137e3d0-c177-448d-9fbd-7ac4a5481f83/current/raft-meta.conf with options []: java.nio.file.NoSuchFileException: /home/runner/work/ozone/ozone/hadoop-ozone/integration-test/target/test-dir/MiniOzoneClusterImpl-fb989876-9371-464e-b996-ece4d3fe3ecb/ozone-meta/datanode-6/ratis/6137e3d0-c177-448d-9fbd-7ac4a5481f83/current/raft-meta.conf
2024-04-28 12:43:53,419 [1070cd50-d4de-4eff-9e7b-13f77727c4d2-groupManagement] INFO  ratis.ContainerStateMachine (ContainerStateMachine.java:loadSnapshot(287)) - group-7AC4A5481F83: The snapshot info is null. Setting the last applied index to:(t:0, i:~)
2024-04-28 12:43:53,419 [1070cd50-d4de-4eff-9e7b-13f77727c4d2-groupManagement] INFO  server.RaftServerConfigKeys (ConfUtils.java:logGet(46)) - raft.server.log.use.memory = false (default)
2024-04-28 12:43:53,419 [1070cd50-d4de-4eff-9e7b-13f77727c4d2-groupManagement] INFO  server.RaftServerConfigKeys (ConfUtils.java:logGet(46)) - raft.server.log.purge.gap = 1000000 (custom)
2024-04-28 12:43:53,419 [1070cd50-d4de-4eff-9e7b-13f77727c4d2-groupManagement] INFO  server.RaftServerConfigKeys (ConfUtils.java:logGet(46)) - raft.server.log.appender.buffer.byte-limit = 8388608 (custom)
2024-04-28 12:43:53,419 [1070cd50-d4de-4eff-9e7b-13f77727c4d2-groupManagement] INFO  server.RaftServerConfigKeys (ConfUtils.java:logGet(46)) - raft.server.log.statemachine.data.read.timeout = 1000ms (default)
2024-04-28 12:43:53,419 [1070cd50-d4de-4eff-9e7b-13f77727c4d2-groupManagement] INFO  server.RaftServerConfigKeys (ConfUtils.java:logGet(46)) - raft.server.log.purge.preservation.log.num = 0 (default)
2024-04-28 12:43:53,422 [1070cd50-d4de-4eff-9e7b-13f77727c4d2-groupManagement] INFO  server.RaftServerConfigKeys (ConfUtils.java:logGet(46)) - raft.server.log.segment.size.max = 67108864 (custom)
2024-04-28 12:43:53,422 [1070cd50-d4de-4eff-9e7b-13f77727c4d2-groupManagement] INFO  server.RaftServerConfigKeys (ConfUtils.java:logGet(46)) - raft.server.log.segment.cache.num.max = 2 (custom)
2024-04-28 12:43:53,422 [1070cd50-d4de-4eff-9e7b-13f77727c4d2-groupManagement] INFO  server.RaftServerConfigKeys (ConfUtils.java:logGet(46)) - raft.server.log.segment.cache.size.max = 200MB (=209715200) (default)
2024-04-28 12:43:53,422 [1070cd50-d4de-4eff-9e7b-13f77727c4d2-groupManagement] INFO  server.RaftServerConfigKeys (ConfUtils.java:logGet(46)) - raft.server.log.appender.buffer.byte-limit = 8388608 (custom)
2024-04-28 12:43:53,423 [1070cd50-d4de-4eff-9e7b-13f77727c4d2-groupManagement] INFO  util.AwaitToRun (AwaitToRun.java:start(81)) - Thread[1070cd50-d4de-4eff-9e7b-13f77727c4d2@group-7AC4A5481F83-cacheEviction-AwaitToRun,5,main] started
2024-04-28 12:43:53,423 [1070cd50-d4de-4eff-9e7b-13f77727c4d2-groupManagement] INFO  segmented.SegmentedRaftLogWorker (SegmentedRaftLogWorker.java:<init>(182)) - new 1070cd50-d4de-4eff-9e7b-13f77727c4d2@group-7AC4A5481F83-SegmentedRaftLogWorker for RaftStorageImpl:Storage Directory /home/runner/work/ozone/ozone/hadoop-ozone/integration-test/target/test-dir/MiniOzoneClusterImpl-fb989876-9371-464e-b996-ece4d3fe3ecb/ozone-meta/datanode-6/ratis/6137e3d0-c177-448d-9fbd-7ac4a5481f83
2024-04-28 12:43:53,423 [1070cd50-d4de-4eff-9e7b-13f77727c4d2-groupManagement] INFO  server.RaftServerConfigKeys (ConfUtils.java:logGet(46)) - raft.server.log.queue.byte-limit = 4294967296 (custom)
2024-04-28 12:43:53,423 [1070cd50-d4de-4eff-9e7b-13f77727c4d2-groupManagement] INFO  server.RaftServerConfigKeys (ConfUtils.java:logGet(46)) - raft.server.log.queue.element-limit = 1024 (custom)
2024-04-28 12:43:53,423 [1070cd50-d4de-4eff-9e7b-13f77727c4d2-groupManagement] INFO  server.RaftServerConfigKeys (ConfUtils.java:logGet(46)) - raft.server.log.segment.size.max = 67108864 (custom)
2024-04-28 12:43:53,423 [1070cd50-d4de-4eff-9e7b-13f77727c4d2-groupManagement] INFO  server.RaftServerConfigKeys (ConfUtils.java:logGet(46)) - raft.server.log.preallocated.size = 4194304 (custom)
2024-04-28 12:43:53,423 [1070cd50-d4de-4eff-9e7b-13f77727c4d2-groupManagement] INFO  server.RaftServerConfigKeys (ConfUtils.java:logGet(46)) - raft.server.log.force.sync.num = 128 (default)
2024-04-28 12:43:53,423 [1070cd50-d4de-4eff-9e7b-13f77727c4d2-groupManagement] INFO  server.RaftServerConfigKeys (ConfUtils.java:logGet(46)) - raft.server.log.statemachine.data.sync = true (default)
2024-04-28 12:43:53,423 [1070cd50-d4de-4eff-9e7b-13f77727c4d2-groupManagement] INFO  server.RaftServerConfigKeys (ConfUtils.java:logGet(46)) - raft.server.log.statemachine.data.sync.timeout = 10s (default)
2024-04-28 12:43:53,423 [1070cd50-d4de-4eff-9e7b-13f77727c4d2-groupManagement] INFO  server.RaftServerConfigKeys (ConfUtils.java:logGet(46)) - raft.server.log.statemachine.data.sync.timeout.retry = 30 (custom)
2024-04-28 12:43:53,423 [1070cd50-d4de-4eff-9e7b-13f77727c4d2-groupManagement] INFO  server.RaftServerConfigKeys (ConfUtils.java:logGet(46)) - raft.server.log.write.buffer.size = 8388616 (custom)
2024-04-28 12:43:53,425 [1070cd50-d4de-4eff-9e7b-13f77727c4d2-groupManagement] INFO  server.RaftServerConfigKeys (ConfUtils.java:logGet(46)) - raft.server.log.appender.buffer.byte-limit = 8388608 (custom)
2024-04-28 12:43:53,425 [1070cd50-d4de-4eff-9e7b-13f77727c4d2-groupManagement] INFO  server.RaftServerConfigKeys (ConfUtils.java:logGet(46)) - raft.server.log.unsafe-flush.enabled = false (default)
2024-04-28 12:43:53,425 [1070cd50-d4de-4eff-9e7b-13f77727c4d2-groupManagement] INFO  server.RaftServerConfigKeys (ConfUtils.java:logGet(46)) - raft.server.log.async-flush.enabled = false (default)
2024-04-28 12:43:53,425 [1070cd50-d4de-4eff-9e7b-13f77727c4d2-groupManagement] INFO  server.RaftServerConfigKeys (ConfUtils.java:logGet(46)) - raft.server.log.statemachine.data.caching.enabled = true (custom)
2024-04-28 12:43:53,425 [1070cd50-d4de-4eff-9e7b-13f77727c4d2-groupManagement] INFO  segmented.SegmentedRaftLogWorker (SegmentedRaftLogWorker.java:lambda$new$0(134)) - 1070cd50-d4de-4eff-9e7b-13f77727c4d2@group-7AC4A5481F83-SegmentedRaftLogWorker: flushIndex: setUnconditionally 0 -> -1
2024-04-28 12:43:53,425 [1070cd50-d4de-4eff-9e7b-13f77727c4d2-groupManagement] INFO  segmented.SegmentedRaftLogWorker (SegmentedRaftLogWorker.java:lambda$new$0(134)) - 1070cd50-d4de-4eff-9e7b-13f77727c4d2@group-7AC4A5481F83-SegmentedRaftLogWorker: safeCacheEvictIndex: setUnconditionally 0 -> -1
2024-04-28 12:43:53,425 [1070cd50-d4de-4eff-9e7b-13f77727c4d2-groupManagement] INFO  server.RaftServer$Division (RaftServerImpl.java:start(396)) - 1070cd50-d4de-4eff-9e7b-13f77727c4d2@group-7AC4A5481F83: start as a follower, conf=-1: peers:[1070cd50-d4de-4eff-9e7b-13f77727c4d2|127.0.0.1:15148, 1d5b270c-141e-46ec-a0c0-ed60a5ff00c9|127.0.0.1:15139, 1d4b00a3-9857-4eac-ad23-fb07690fc4d9|127.0.0.1:15130]|listeners:[], old=null
2024-04-28 12:43:53,426 [1070cd50-d4de-4eff-9e7b-13f77727c4d2-groupManagement] INFO  server.RaftServer$Division (RaftServerImpl.java:setRole(383)) - 1070cd50-d4de-4eff-9e7b-13f77727c4d2@group-7AC4A5481F83: changes role from      null to FOLLOWER at term 0 for startAsFollower
2024-04-28 12:43:53,426 [1070cd50-d4de-4eff-9e7b-13f77727c4d2-groupManagement] INFO  impl.RoleInfo (RoleInfo.java:updateAndGet(139)) - 1070cd50-d4de-4eff-9e7b-13f77727c4d2: start 1070cd50-d4de-4eff-9e7b-13f77727c4d2@group-7AC4A5481F83-FollowerState
2024-04-28 12:43:53,426 [1070cd50-d4de-4eff-9e7b-13f77727c4d2@group-7AC4A5481F83-FollowerState] INFO  server.RaftServerConfigKeys (ConfUtils.java:logFallback(53)) - raft.server.rpc.first-election.timeout.min = 5s (fallback to raft.server.rpc.timeout.min)
2024-04-28 12:43:53,426 [1070cd50-d4de-4eff-9e7b-13f77727c4d2-groupManagement] INFO  util.JmxRegister (JmxRegister.java:tryRegister(44)) - Successfully registered JMX Bean with object name Ratis:service=RaftServer,group=group-7AC4A5481F83,id=1070cd50-d4de-4eff-9e7b-13f77727c4d2
2024-04-28 12:43:53,426 [1070cd50-d4de-4eff-9e7b-13f77727c4d2-groupManagement] INFO  server.RaftServerConfigKeys (ConfUtils.java:logGet(46)) - raft.server.snapshot.trigger-when-stop.enabled = true (default)
2024-04-28 12:43:53,426 [1070cd50-d4de-4eff-9e7b-13f77727c4d2-groupManagement] INFO  server.RaftServerConfigKeys (ConfUtils.java:logGet(46)) - raft.server.snapshot.auto.trigger.enabled = true (custom)
2024-04-28 12:43:53,426 [1070cd50-d4de-4eff-9e7b-13f77727c4d2-groupManagement] INFO  server.RaftServerConfigKeys (ConfUtils.java:logGet(46)) - raft.server.snapshot.auto.trigger.threshold = 10000 (custom)
2024-04-28 12:43:53,426 [1070cd50-d4de-4eff-9e7b-13f77727c4d2-groupManagement] INFO  server.RaftServerConfigKeys (ConfUtils.java:logGet(46)) - raft.server.snapshot.retention.file.num = 5 (custom)
2024-04-28 12:43:53,426 [1070cd50-d4de-4eff-9e7b-13f77727c4d2-groupManagement] INFO  server.RaftServerConfigKeys (ConfUtils.java:logGet(46)) - raft.server.log.purge.upto.snapshot.index = false (default)
2024-04-28 12:43:53,426 [1070cd50-d4de-4eff-9e7b-13f77727c4d2@group-7AC4A5481F83-FollowerState] INFO  server.RaftServerConfigKeys (ConfUtils.java:logFallback(53)) - raft.server.rpc.first-election.timeout.max = 5200ms (fallback to raft.server.rpc.timeout.max)
2024-04-28 12:43:53,435 [grpc-default-executor-0] INFO  server.RaftServer (RaftServerProxy.java:addNew(100)) - 1d5b270c-141e-46ec-a0c0-ed60a5ff00c9: addNew group-7AC4A5481F83:[1070cd50-d4de-4eff-9e7b-13f77727c4d2|127.0.0.1:15148, 1d5b270c-141e-46ec-a0c0-ed60a5ff00c9|127.0.0.1:15139, 1d4b00a3-9857-4eac-ad23-fb07690fc4d9|127.0.0.1:15130] returns group-7AC4A5481F83:java.util.concurrent.CompletableFuture@24f6f673[Not completed]
2024-04-28 12:43:53,436 [1d5b270c-141e-46ec-a0c0-ed60a5ff00c9-groupManagement] INFO  server.RaftServer$Division (RaftServerImpl.java:<init>(256)) - 1d5b270c-141e-46ec-a0c0-ed60a5ff00c9: new RaftServerImpl for group-7AC4A5481F83:[1070cd50-d4de-4eff-9e7b-13f77727c4d2|127.0.0.1:15148, 1d5b270c-141e-46ec-a0c0-ed60a5ff00c9|127.0.0.1:15139, 1d4b00a3-9857-4eac-ad23-fb07690fc4d9|127.0.0.1:15130] with ContainerStateMachine:uninitialized
2024-04-28 12:43:53,436 [1d5b270c-141e-46ec-a0c0-ed60a5ff00c9-groupManagement] INFO  server.RaftServerConfigKeys (ConfUtils.java:logGet(46)) - raft.server.rpc.timeout.min = 5s (custom)
2024-04-28 12:43:53,436 [1d5b270c-141e-46ec-a0c0-ed60a5ff00c9-groupManagement] INFO  server.RaftServerConfigKeys (ConfUtils.java:logGet(46)) - raft.server.rpc.timeout.max = 5200ms (custom)
2024-04-28 12:43:53,437 [1d5b270c-141e-46ec-a0c0-ed60a5ff00c9-groupManagement] INFO  server.RaftServerConfigKeys (ConfUtils.java:logGet(46)) - raft.server.rpc.sleep.time = 25ms (default)
2024-04-28 12:43:53,437 [1d5b270c-141e-46ec-a0c0-ed60a5ff00c9-groupManagement] INFO  server.RaftServerConfigKeys (ConfUtils.java:logGet(46)) - raft.server.rpc.slowness.timeout = 300000ms (custom)
2024-04-28 12:43:53,437 [1d5b270c-141e-46ec-a0c0-ed60a5ff00c9-groupManagement] INFO  server.RaftServerConfigKeys (ConfUtils.java:logGet(46)) - raft.server.leaderelection.leader.step-down.wait-time = 10s (default)
2024-04-28 12:43:53,437 [1d5b270c-141e-46ec-a0c0-ed60a5ff00c9-groupManagement] INFO  server.RaftServerConfigKeys (ConfUtils.java:logGet(46)) - raft.server.leaderelection.member.majority-add = false (default)
2024-04-28 12:43:53,437 [1d5b270c-141e-46ec-a0c0-ed60a5ff00c9-groupManagement] INFO  server.RaftServerConfigKeys (ConfUtils.java:logGet(46)) - raft.server.sleep.deviation.threshold = 300ms (default)
2024-04-28 12:43:53,437 [1d5b270c-141e-46ec-a0c0-ed60a5ff00c9-groupManagement] INFO  server.RaftServer$Division (ServerState.java:<init>(113)) - 1d5b270c-141e-46ec-a0c0-ed60a5ff00c9@group-7AC4A5481F83: ConfigurationManager, init=-1: peers:[1070cd50-d4de-4eff-9e7b-13f77727c4d2|127.0.0.1:15148, 1d5b270c-141e-46ec-a0c0-ed60a5ff00c9|127.0.0.1:15139, 1d4b00a3-9857-4eac-ad23-fb07690fc4d9|127.0.0.1:15130]|listeners:[], old=null, confs=<EMPTY_MAP>
2024-04-28 12:43:53,437 [1d5b270c-141e-46ec-a0c0-ed60a5ff00c9-groupManagement] INFO  server.RaftServerConfigKeys (ConfUtils.java:logGet(46)) - raft.server.notification.no-leader.timeout = 300000ms (custom)
2024-04-28 12:43:53,437 [1d5b270c-141e-46ec-a0c0-ed60a5ff00c9-groupManagement] INFO  server.RaftServerConfigKeys (ConfUtils.java:logGet(46)) - raft.server.read.timeout = 10s (default)
2024-04-28 12:43:53,437 [1d5b270c-141e-46ec-a0c0-ed60a5ff00c9-groupManagement] INFO  server.RaftServerConfigKeys (ConfUtils.java:logGet(46)) - raft.server.retrycache.expirytime = 600000ms (custom)
2024-04-28 12:43:53,437 [1d5b270c-141e-46ec-a0c0-ed60a5ff00c9-groupManagement] INFO  server.RaftServerConfigKeys (ConfUtils.java:logGet(46)) - raft.server.retrycache.statistics.expirytime = 100ms (default)
2024-04-28 12:43:53,437 [1d5b270c-141e-46ec-a0c0-ed60a5ff00c9-groupManagement] INFO  server.RaftServerConfigKeys (ConfUtils.java:logGet(46)) - raft.server.read.option = DEFAULT (default)
2024-04-28 12:43:53,438 [1d5b270c-141e-46ec-a0c0-ed60a5ff00c9-groupManagement] INFO  server.RaftServerConfigKeys (ConfUtils.java:logGet(46)) - raft.server.read.read-after-write-consistent.write-index-cache.expiry-time = 60s (default)
2024-04-28 12:43:53,440 [1d5b270c-141e-46ec-a0c0-ed60a5ff00c9-groupManagement] INFO  server.RaftServerConfigKeys (ConfUtils.java:logGet(46)) - raft.server.rpc.request.timeout = 3000ms (default)
2024-04-28 12:43:53,440 [1d5b270c-141e-46ec-a0c0-ed60a5ff00c9-groupManagement] INFO  server.RaftServerConfigKeys (ConfUtils.java:logGet(46)) - raft.server.log.appender.install.snapshot.enabled = false (custom)
2024-04-28 12:43:53,440 [1d5b270c-141e-46ec-a0c0-ed60a5ff00c9-groupManagement] INFO  server.RaftServerConfigKeys (ConfUtils.java:logGet(46)) - raft.server.threadpool.server.cached = true (default)
2024-04-28 12:43:53,440 [1d5b270c-141e-46ec-a0c0-ed60a5ff00c9-groupManagement] INFO  server.RaftServerConfigKeys (ConfUtils.java:logGet(46)) - raft.server.threadpool.server.size = 0 (default)
2024-04-28 12:43:53,440 [1d5b270c-141e-46ec-a0c0-ed60a5ff00c9-groupManagement] INFO  server.RaftServerConfigKeys (ConfUtils.java:logGet(46)) - raft.server.threadpool.client.cached = true (default)
2024-04-28 12:43:53,440 [1d5b270c-141e-46ec-a0c0-ed60a5ff00c9-groupManagement] INFO  server.RaftServerConfigKeys (ConfUtils.java:logGet(46)) - raft.server.threadpool.client.size = 0 (default)
2024-04-28 12:43:53,440 [1d5b270c-141e-46ec-a0c0-ed60a5ff00c9-groupManagement] INFO  server.RaftServerConfigKeys (ConfUtils.java:logGet(46)) - raft.server.storage.free-space.min = 0MB (=0) (default)
2024-04-28 12:43:53,440 [1d5b270c-141e-46ec-a0c0-ed60a5ff00c9-groupManagement] INFO  server.RaftServerConfigKeys (ConfUtils.java:logGet(46)) - raft.server.log.corruption.policy = EXCEPTION (default)
2024-04-28 12:43:53,440 [1d5b270c-141e-46ec-a0c0-ed60a5ff00c9-groupManagement] INFO  server.RaftServerConfigKeys (ConfUtils.java:logGet(46)) - raft.server.storage.dir = [/home/runner/work/ozone/ozone/hadoop-ozone/integration-test/target/test-dir/MiniOzoneClusterImpl-fb989876-9371-464e-b996-ece4d3fe3ecb/ozone-meta/datanode-5/ratis] (custom)
2024-04-28 12:43:53,441 [1d5b270c-141e-46ec-a0c0-ed60a5ff00c9-groupManagement] INFO  storage.RaftStorageDirectory (RaftStorageDirectoryImpl.java:analyzeStorage(138)) - The storage directory /home/runner/work/ozone/ozone/hadoop-ozone/integration-test/target/test-dir/MiniOzoneClusterImpl-fb989876-9371-464e-b996-ece4d3fe3ecb/ozone-meta/datanode-5/ratis/6137e3d0-c177-448d-9fbd-7ac4a5481f83 does not exist. Creating ...
2024-04-28 12:43:53,442 [1d5b270c-141e-46ec-a0c0-ed60a5ff00c9-groupManagement] INFO  storage.RaftStorageDirectory (RaftStorageDirectoryImpl.java:tryLock(228)) - Lock on /home/runner/work/ozone/ozone/hadoop-ozone/integration-test/target/test-dir/MiniOzoneClusterImpl-fb989876-9371-464e-b996-ece4d3fe3ecb/ozone-meta/datanode-5/ratis/6137e3d0-c177-448d-9fbd-7ac4a5481f83/in_use.lock acquired by nodename 21404@fv-az1392-52
2024-04-28 12:43:53,443 [1d5b270c-141e-46ec-a0c0-ed60a5ff00c9-groupManagement] INFO  storage.RaftStorage (RaftStorageImpl.java:format(99)) - Storage directory /home/runner/work/ozone/ozone/hadoop-ozone/integration-test/target/test-dir/MiniOzoneClusterImpl-fb989876-9371-464e-b996-ece4d3fe3ecb/ozone-meta/datanode-5/ratis/6137e3d0-c177-448d-9fbd-7ac4a5481f83 has been successfully formatted.
2024-04-28 12:43:53,443 [1d5b270c-141e-46ec-a0c0-ed60a5ff00c9-groupManagement] WARN  util.FileUtils (LogUtils.java:supplyAndLog(63)) - Failed to Files.newInputStream /home/runner/work/ozone/ozone/hadoop-ozone/integration-test/target/test-dir/MiniOzoneClusterImpl-fb989876-9371-464e-b996-ece4d3fe3ecb/ozone-meta/datanode-5/ratis/6137e3d0-c177-448d-9fbd-7ac4a5481f83/current/raft-meta.conf with options []: java.nio.file.NoSuchFileException: /home/runner/work/ozone/ozone/hadoop-ozone/integration-test/target/test-dir/MiniOzoneClusterImpl-fb989876-9371-464e-b996-ece4d3fe3ecb/ozone-meta/datanode-5/ratis/6137e3d0-c177-448d-9fbd-7ac4a5481f83/current/raft-meta.conf
2024-04-28 12:43:53,443 [1d5b270c-141e-46ec-a0c0-ed60a5ff00c9-groupManagement] INFO  ratis.ContainerStateMachine (ContainerStateMachine.java:loadSnapshot(287)) - group-7AC4A5481F83: The snapshot info is null. Setting the last applied index to:(t:0, i:~)
2024-04-28 12:43:53,444 [1d5b270c-141e-46ec-a0c0-ed60a5ff00c9-groupManagement] INFO  server.RaftServerConfigKeys (ConfUtils.java:logGet(46)) - raft.server.log.use.memory = false (default)
2024-04-28 12:43:53,444 [1d5b270c-141e-46ec-a0c0-ed60a5ff00c9-groupManagement] INFO  server.RaftServerConfigKeys (ConfUtils.java:logGet(46)) - raft.server.log.purge.gap = 1000000 (custom)
2024-04-28 12:43:53,444 [1d5b270c-141e-46ec-a0c0-ed60a5ff00c9-groupManagement] INFO  server.RaftServerConfigKeys (ConfUtils.java:logGet(46)) - raft.server.log.appender.buffer.byte-limit = 8388608 (custom)
2024-04-28 12:43:53,445 [1d5b270c-141e-46ec-a0c0-ed60a5ff00c9-groupManagement] INFO  server.RaftServerConfigKeys (ConfUtils.java:logGet(46)) - raft.server.log.statemachine.data.read.timeout = 1000ms (default)
2024-04-28 12:43:53,445 [1d5b270c-141e-46ec-a0c0-ed60a5ff00c9-groupManagement] INFO  server.RaftServerConfigKeys (ConfUtils.java:logGet(46)) - raft.server.log.purge.preservation.log.num = 0 (default)
2024-04-28 12:43:53,446 [1d5b270c-141e-46ec-a0c0-ed60a5ff00c9-groupManagement] INFO  server.RaftServerConfigKeys (ConfUtils.java:logGet(46)) - raft.server.log.segment.size.max = 67108864 (custom)
2024-04-28 12:43:53,446 [1d5b270c-141e-46ec-a0c0-ed60a5ff00c9-groupManagement] INFO  server.RaftServerConfigKeys (ConfUtils.java:logGet(46)) - raft.server.log.segment.cache.num.max = 2 (custom)
2024-04-28 12:43:53,446 [1d5b270c-141e-46ec-a0c0-ed60a5ff00c9-groupManagement] INFO  server.RaftServerConfigKeys (ConfUtils.java:logGet(46)) - raft.server.log.segment.cache.size.max = 200MB (=209715200) (default)
2024-04-28 12:43:53,447 [1d5b270c-141e-46ec-a0c0-ed60a5ff00c9-groupManagement] INFO  server.RaftServerConfigKeys (ConfUtils.java:logGet(46)) - raft.server.log.appender.buffer.byte-limit = 8388608 (custom)
2024-04-28 12:43:53,447 [1d5b270c-141e-46ec-a0c0-ed60a5ff00c9-groupManagement] INFO  util.AwaitToRun (AwaitToRun.java:start(81)) - Thread[1d5b270c-141e-46ec-a0c0-ed60a5ff00c9@group-7AC4A5481F83-cacheEviction-AwaitToRun,5,main] started
2024-04-28 12:43:53,447 [1d5b270c-141e-46ec-a0c0-ed60a5ff00c9-groupManagement] INFO  segmented.SegmentedRaftLogWorker (SegmentedRaftLogWorker.java:<init>(182)) - new 1d5b270c-141e-46ec-a0c0-ed60a5ff00c9@group-7AC4A5481F83-SegmentedRaftLogWorker for RaftStorageImpl:Storage Directory /home/runner/work/ozone/ozone/hadoop-ozone/integration-test/target/test-dir/MiniOzoneClusterImpl-fb989876-9371-464e-b996-ece4d3fe3ecb/ozone-meta/datanode-5/ratis/6137e3d0-c177-448d-9fbd-7ac4a5481f83
2024-04-28 12:43:53,447 [1d5b270c-141e-46ec-a0c0-ed60a5ff00c9-groupManagement] INFO  server.RaftServerConfigKeys (ConfUtils.java:logGet(46)) - raft.server.log.queue.byte-limit = 4294967296 (custom)
2024-04-28 12:43:53,448 [1d5b270c-141e-46ec-a0c0-ed60a5ff00c9-PipelineCommandHandlerThread-0] INFO  server.RaftServer (RaftServerProxy.java:addNew(100)) - 1d5b270c-141e-46ec-a0c0-ed60a5ff00c9: addNew group-7AA1DB745B26:[1d5b270c-141e-46ec-a0c0-ed60a5ff00c9|127.0.0.1:15139] returns group-7AA1DB745B26:java.util.concurrent.CompletableFuture@7442d93c[Not completed]
2024-04-28 12:43:53,448 [1d5b270c-141e-46ec-a0c0-ed60a5ff00c9-groupManagement] INFO  server.RaftServerConfigKeys (ConfUtils.java:logGet(46)) - raft.server.log.queue.element-limit = 1024 (custom)
2024-04-28 12:43:53,448 [1d5b270c-141e-46ec-a0c0-ed60a5ff00c9-groupManagement] INFO  server.RaftServerConfigKeys (ConfUtils.java:logGet(46)) - raft.server.log.segment.size.max = 67108864 (custom)
2024-04-28 12:43:53,448 [1d5b270c-141e-46ec-a0c0-ed60a5ff00c9-groupManagement] INFO  server.RaftServerConfigKeys (ConfUtils.java:logGet(46)) - raft.server.log.preallocated.size = 4194304 (custom)
2024-04-28 12:43:53,449 [1d5b270c-141e-46ec-a0c0-ed60a5ff00c9-groupManagement] INFO  server.RaftServerConfigKeys (ConfUtils.java:logGet(46)) - raft.server.log.force.sync.num = 128 (default)
2024-04-28 12:43:53,449 [1d5b270c-141e-46ec-a0c0-ed60a5ff00c9-groupManagement] INFO  server.RaftServerConfigKeys (ConfUtils.java:logGet(46)) - raft.server.log.statemachine.data.sync = true (default)
2024-04-28 12:43:53,449 [1d5b270c-141e-46ec-a0c0-ed60a5ff00c9-groupManagement] INFO  server.RaftServerConfigKeys (ConfUtils.java:logGet(46)) - raft.server.log.statemachine.data.sync.timeout = 10s (default)
2024-04-28 12:43:53,449 [1d5b270c-141e-46ec-a0c0-ed60a5ff00c9-groupManagement] INFO  server.RaftServerConfigKeys (ConfUtils.java:logGet(46)) - raft.server.log.statemachine.data.sync.timeout.retry = 30 (custom)
2024-04-28 12:43:53,450 [1d5b270c-141e-46ec-a0c0-ed60a5ff00c9-groupManagement] INFO  server.RaftServerConfigKeys (ConfUtils.java:logGet(46)) - raft.server.log.write.buffer.size = 8388616 (custom)
2024-04-28 12:43:53,451 [1d5b270c-141e-46ec-a0c0-ed60a5ff00c9-groupManagement] INFO  server.RaftServerConfigKeys (ConfUtils.java:logGet(46)) - raft.server.log.appender.buffer.byte-limit = 8388608 (custom)
2024-04-28 12:43:53,451 [1d5b270c-141e-46ec-a0c0-ed60a5ff00c9-groupManagement] INFO  server.RaftServerConfigKeys (ConfUtils.java:logGet(46)) - raft.server.log.unsafe-flush.enabled = false (default)
2024-04-28 12:43:53,451 [1d5b270c-141e-46ec-a0c0-ed60a5ff00c9-groupManagement] INFO  server.RaftServerConfigKeys (ConfUtils.java:logGet(46)) - raft.server.log.async-flush.enabled = false (default)
2024-04-28 12:43:53,452 [1d5b270c-141e-46ec-a0c0-ed60a5ff00c9-groupManagement] INFO  server.RaftServerConfigKeys (ConfUtils.java:logGet(46)) - raft.server.log.statemachine.data.caching.enabled = true (custom)
2024-04-28 12:43:53,452 [1d5b270c-141e-46ec-a0c0-ed60a5ff00c9-groupManagement] INFO  segmented.SegmentedRaftLogWorker (SegmentedRaftLogWorker.java:lambda$new$0(134)) - 1d5b270c-141e-46ec-a0c0-ed60a5ff00c9@group-7AC4A5481F83-SegmentedRaftLogWorker: flushIndex: setUnconditionally 0 -> -1
2024-04-28 12:43:53,452 [1d5b270c-141e-46ec-a0c0-ed60a5ff00c9-groupManagement] INFO  segmented.SegmentedRaftLogWorker (SegmentedRaftLogWorker.java:lambda$new$0(134)) - 1d5b270c-141e-46ec-a0c0-ed60a5ff00c9@group-7AC4A5481F83-SegmentedRaftLogWorker: safeCacheEvictIndex: setUnconditionally 0 -> -1
2024-04-28 12:43:53,452 [1d5b270c-141e-46ec-a0c0-ed60a5ff00c9-groupManagement] INFO  server.RaftServer$Division (RaftServerImpl.java:start(396)) - 1d5b270c-141e-46ec-a0c0-ed60a5ff00c9@group-7AC4A5481F83: start as a follower, conf=-1: peers:[1070cd50-d4de-4eff-9e7b-13f77727c4d2|127.0.0.1:15148, 1d5b270c-141e-46ec-a0c0-ed60a5ff00c9|127.0.0.1:15139, 1d4b00a3-9857-4eac-ad23-fb07690fc4d9|127.0.0.1:15130]|listeners:[], old=null
2024-04-28 12:43:53,453 [1d5b270c-141e-46ec-a0c0-ed60a5ff00c9-groupManagement] INFO  server.RaftServer$Division (RaftServerImpl.java:setRole(383)) - 1d5b270c-141e-46ec-a0c0-ed60a5ff00c9@group-7AC4A5481F83: changes role from      null to FOLLOWER at term 0 for startAsFollower
2024-04-28 12:43:53,453 [1d5b270c-141e-46ec-a0c0-ed60a5ff00c9-groupManagement] INFO  impl.RoleInfo (RoleInfo.java:updateAndGet(139)) - 1d5b270c-141e-46ec-a0c0-ed60a5ff00c9: start 1d5b270c-141e-46ec-a0c0-ed60a5ff00c9@group-7AC4A5481F83-FollowerState
2024-04-28 12:43:53,453 [1d5b270c-141e-46ec-a0c0-ed60a5ff00c9@group-7AC4A5481F83-FollowerState] INFO  server.RaftServerConfigKeys (ConfUtils.java:logFallback(53)) - raft.server.rpc.first-election.timeout.min = 5s (fallback to raft.server.rpc.timeout.min)
2024-04-28 12:43:53,453 [1d5b270c-141e-46ec-a0c0-ed60a5ff00c9@group-7AC4A5481F83-FollowerState] INFO  server.RaftServerConfigKeys (ConfUtils.java:logFallback(53)) - raft.server.rpc.first-election.timeout.max = 5200ms (fallback to raft.server.rpc.timeout.max)
2024-04-28 12:43:53,453 [1d5b270c-141e-46ec-a0c0-ed60a5ff00c9-groupManagement] INFO  util.JmxRegister (JmxRegister.java:tryRegister(44)) - Successfully registered JMX Bean with object name Ratis:service=RaftServer,group=group-7AC4A5481F83,id=1d5b270c-141e-46ec-a0c0-ed60a5ff00c9
2024-04-28 12:43:53,454 [1d5b270c-141e-46ec-a0c0-ed60a5ff00c9-groupManagement] INFO  server.RaftServerConfigKeys (ConfUtils.java:logGet(46)) - raft.server.snapshot.trigger-when-stop.enabled = true (default)
2024-04-28 12:43:53,454 [1d5b270c-141e-46ec-a0c0-ed60a5ff00c9-groupManagement] INFO  server.RaftServerConfigKeys (ConfUtils.java:logGet(46)) - raft.server.snapshot.auto.trigger.enabled = true (custom)
2024-04-28 12:43:53,454 [1d5b270c-141e-46ec-a0c0-ed60a5ff00c9-groupManagement] INFO  server.RaftServerConfigKeys (ConfUtils.java:logGet(46)) - raft.server.snapshot.auto.trigger.threshold = 10000 (custom)
2024-04-28 12:43:53,454 [1d5b270c-141e-46ec-a0c0-ed60a5ff00c9-groupManagement] INFO  server.RaftServerConfigKeys (ConfUtils.java:logGet(46)) - raft.server.snapshot.retention.file.num = 5 (custom)
2024-04-28 12:43:53,454 [1d5b270c-141e-46ec-a0c0-ed60a5ff00c9-groupManagement] INFO  server.RaftServerConfigKeys (ConfUtils.java:logGet(46)) - raft.server.log.purge.upto.snapshot.index = false (default)
2024-04-28 12:43:53,456 [1d5b270c-141e-46ec-a0c0-ed60a5ff00c9-groupManagement] INFO  server.RaftServer$Division (RaftServerImpl.java:<init>(256)) - 1d5b270c-141e-46ec-a0c0-ed60a5ff00c9: new RaftServerImpl for group-7AA1DB745B26:[1d5b270c-141e-46ec-a0c0-ed60a5ff00c9|127.0.0.1:15139] with ContainerStateMachine:uninitialized
2024-04-28 12:43:53,456 [1d5b270c-141e-46ec-a0c0-ed60a5ff00c9-groupManagement] INFO  server.RaftServerConfigKeys (ConfUtils.java:logGet(46)) - raft.server.rpc.timeout.min = 5s (custom)
2024-04-28 12:43:53,456 [1d5b270c-141e-46ec-a0c0-ed60a5ff00c9-groupManagement] INFO  server.RaftServerConfigKeys (ConfUtils.java:logGet(46)) - raft.server.rpc.timeout.max = 5200ms (custom)
2024-04-28 12:43:53,456 [1d5b270c-141e-46ec-a0c0-ed60a5ff00c9-groupManagement] INFO  server.RaftServerConfigKeys (ConfUtils.java:logGet(46)) - raft.server.rpc.sleep.time = 25ms (default)
2024-04-28 12:43:53,456 [1d5b270c-141e-46ec-a0c0-ed60a5ff00c9-groupManagement] INFO  server.RaftServerConfigKeys (ConfUtils.java:logGet(46)) - raft.server.rpc.slowness.timeout = 300000ms (custom)
2024-04-28 12:43:53,456 [1d5b270c-141e-46ec-a0c0-ed60a5ff00c9-groupManagement] INFO  server.RaftServerConfigKeys (ConfUtils.java:logGet(46)) - raft.server.leaderelection.leader.step-down.wait-time = 10s (default)
2024-04-28 12:43:53,457 [1d5b270c-141e-46ec-a0c0-ed60a5ff00c9-groupManagement] INFO  server.RaftServerConfigKeys (ConfUtils.java:logGet(46)) - raft.server.leaderelection.member.majority-add = false (default)
2024-04-28 12:43:53,457 [1d5b270c-141e-46ec-a0c0-ed60a5ff00c9-groupManagement] INFO  server.RaftServerConfigKeys (ConfUtils.java:logGet(46)) - raft.server.sleep.deviation.threshold = 300ms (default)
2024-04-28 12:43:53,457 [1d5b270c-141e-46ec-a0c0-ed60a5ff00c9-groupManagement] INFO  server.RaftServer$Division (ServerState.java:<init>(113)) - 1d5b270c-141e-46ec-a0c0-ed60a5ff00c9@group-7AA1DB745B26: ConfigurationManager, init=-1: peers:[1d5b270c-141e-46ec-a0c0-ed60a5ff00c9|127.0.0.1:15139]|listeners:[], old=null, confs=<EMPTY_MAP>
2024-04-28 12:43:53,457 [1d5b270c-141e-46ec-a0c0-ed60a5ff00c9-groupManagement] INFO  server.RaftServerConfigKeys (ConfUtils.java:logGet(46)) - raft.server.notification.no-leader.timeout = 300000ms (custom)
2024-04-28 12:43:53,457 [1d5b270c-141e-46ec-a0c0-ed60a5ff00c9-groupManagement] INFO  server.RaftServerConfigKeys (ConfUtils.java:logGet(46)) - raft.server.read.timeout = 10s (default)
2024-04-28 12:43:53,457 [1d5b270c-141e-46ec-a0c0-ed60a5ff00c9-groupManagement] INFO  server.RaftServerConfigKeys (ConfUtils.java:logGet(46)) - raft.server.retrycache.expirytime = 600000ms (custom)
2024-04-28 12:43:53,457 [1d5b270c-141e-46ec-a0c0-ed60a5ff00c9-groupManagement] INFO  server.RaftServerConfigKeys (ConfUtils.java:logGet(46)) - raft.server.retrycache.statistics.expirytime = 100ms (default)
2024-04-28 12:43:53,457 [1d5b270c-141e-46ec-a0c0-ed60a5ff00c9-groupManagement] INFO  server.RaftServerConfigKeys (ConfUtils.java:logGet(46)) - raft.server.read.option = DEFAULT (default)
2024-04-28 12:43:53,457 [1d5b270c-141e-46ec-a0c0-ed60a5ff00c9-groupManagement] INFO  server.RaftServerConfigKeys (ConfUtils.java:logGet(46)) - raft.server.read.read-after-write-consistent.write-index-cache.expiry-time = 60s (default)
2024-04-28 12:43:53,458 [1d4b00a3-9857-4eac-ad23-fb07690fc4d9-PipelineCommandHandlerThread-0] INFO  commandhandler.CreatePipelineCommandHandler (CreatePipelineCommandHandler.java:lambda$handle$2(124)) - Created Pipeline RATIS THREE PipelineID=6137e3d0-c177-448d-9fbd-7ac4a5481f83.
2024-04-28 12:43:53,460 [1d5b270c-141e-46ec-a0c0-ed60a5ff00c9-groupManagement] INFO  server.RaftServerConfigKeys (ConfUtils.java:logGet(46)) - raft.server.rpc.request.timeout = 3000ms (default)
2024-04-28 12:43:53,460 [1d5b270c-141e-46ec-a0c0-ed60a5ff00c9-groupManagement] INFO  server.RaftServerConfigKeys (ConfUtils.java:logGet(46)) - raft.server.log.appender.install.snapshot.enabled = false (custom)
2024-04-28 12:43:53,460 [1d5b270c-141e-46ec-a0c0-ed60a5ff00c9-groupManagement] INFO  server.RaftServerConfigKeys (ConfUtils.java:logGet(46)) - raft.server.threadpool.server.cached = true (default)
2024-04-28 12:43:53,460 [1d5b270c-141e-46ec-a0c0-ed60a5ff00c9-groupManagement] INFO  server.RaftServerConfigKeys (ConfUtils.java:logGet(46)) - raft.server.threadpool.server.size = 0 (default)
2024-04-28 12:43:53,460 [1d5b270c-141e-46ec-a0c0-ed60a5ff00c9-groupManagement] INFO  server.RaftServerConfigKeys (ConfUtils.java:logGet(46)) - raft.server.threadpool.client.cached = true (default)
2024-04-28 12:43:53,460 [1d5b270c-141e-46ec-a0c0-ed60a5ff00c9-groupManagement] INFO  server.RaftServerConfigKeys (ConfUtils.java:logGet(46)) - raft.server.threadpool.client.size = 0 (default)
2024-04-28 12:43:53,461 [1d5b270c-141e-46ec-a0c0-ed60a5ff00c9-groupManagement] INFO  server.RaftServerConfigKeys (ConfUtils.java:logGet(46)) - raft.server.storage.free-space.min = 0MB (=0) (default)
2024-04-28 12:43:53,461 [1d5b270c-141e-46ec-a0c0-ed60a5ff00c9-groupManagement] INFO  server.RaftServerConfigKeys (ConfUtils.java:logGet(46)) - raft.server.log.corruption.policy = EXCEPTION (default)
2024-04-28 12:43:53,461 [1d5b270c-141e-46ec-a0c0-ed60a5ff00c9-groupManagement] INFO  server.RaftServerConfigKeys (ConfUtils.java:logGet(46)) - raft.server.storage.dir = [/home/runner/work/ozone/ozone/hadoop-ozone/integration-test/target/test-dir/MiniOzoneClusterImpl-fb989876-9371-464e-b996-ece4d3fe3ecb/ozone-meta/datanode-5/ratis] (custom)
2024-04-28 12:43:53,461 [1d5b270c-141e-46ec-a0c0-ed60a5ff00c9-groupManagement] INFO  storage.RaftStorageDirectory (RaftStorageDirectoryImpl.java:analyzeStorage(138)) - The storage directory /home/runner/work/ozone/ozone/hadoop-ozone/integration-test/target/test-dir/MiniOzoneClusterImpl-fb989876-9371-464e-b996-ece4d3fe3ecb/ozone-meta/datanode-5/ratis/3098f1ed-9f27-4197-9e75-7aa1db745b26 does not exist. Creating ...
2024-04-28 12:43:53,462 [1d5b270c-141e-46ec-a0c0-ed60a5ff00c9-groupManagement] INFO  storage.RaftStorageDirectory (RaftStorageDirectoryImpl.java:tryLock(228)) - Lock on /home/runner/work/ozone/ozone/hadoop-ozone/integration-test/target/test-dir/MiniOzoneClusterImpl-fb989876-9371-464e-b996-ece4d3fe3ecb/ozone-meta/datanode-5/ratis/3098f1ed-9f27-4197-9e75-7aa1db745b26/in_use.lock acquired by nodename 21404@fv-az1392-52
2024-04-28 12:43:53,463 [1d5b270c-141e-46ec-a0c0-ed60a5ff00c9-groupManagement] INFO  storage.RaftStorage (RaftStorageImpl.java:format(99)) - Storage directory /home/runner/work/ozone/ozone/hadoop-ozone/integration-test/target/test-dir/MiniOzoneClusterImpl-fb989876-9371-464e-b996-ece4d3fe3ecb/ozone-meta/datanode-5/ratis/3098f1ed-9f27-4197-9e75-7aa1db745b26 has been successfully formatted.
2024-04-28 12:43:53,463 [1d5b270c-141e-46ec-a0c0-ed60a5ff00c9-groupManagement] WARN  util.FileUtils (LogUtils.java:supplyAndLog(63)) - Failed to Files.newInputStream /home/runner/work/ozone/ozone/hadoop-ozone/integration-test/target/test-dir/MiniOzoneClusterImpl-fb989876-9371-464e-b996-ece4d3fe3ecb/ozone-meta/datanode-5/ratis/3098f1ed-9f27-4197-9e75-7aa1db745b26/current/raft-meta.conf with options []: java.nio.file.NoSuchFileException: /home/runner/work/ozone/ozone/hadoop-ozone/integration-test/target/test-dir/MiniOzoneClusterImpl-fb989876-9371-464e-b996-ece4d3fe3ecb/ozone-meta/datanode-5/ratis/3098f1ed-9f27-4197-9e75-7aa1db745b26/current/raft-meta.conf
2024-04-28 12:43:53,463 [1d5b270c-141e-46ec-a0c0-ed60a5ff00c9-groupManagement] INFO  ratis.ContainerStateMachine (ContainerStateMachine.java:loadSnapshot(287)) - group-7AA1DB745B26: The snapshot info is null. Setting the last applied index to:(t:0, i:~)
2024-04-28 12:43:53,464 [1d5b270c-141e-46ec-a0c0-ed60a5ff00c9-groupManagement] INFO  server.RaftServerConfigKeys (ConfUtils.java:logGet(46)) - raft.server.log.use.memory = false (default)
2024-04-28 12:43:53,464 [1d5b270c-141e-46ec-a0c0-ed60a5ff00c9-groupManagement] INFO  server.RaftServerConfigKeys (ConfUtils.java:logGet(46)) - raft.server.log.purge.gap = 1000000 (custom)
2024-04-28 12:43:53,464 [1d5b270c-141e-46ec-a0c0-ed60a5ff00c9-groupManagement] INFO  server.RaftServerConfigKeys (ConfUtils.java:logGet(46)) - raft.server.log.appender.buffer.byte-limit = 8388608 (custom)
2024-04-28 12:43:53,464 [1d5b270c-141e-46ec-a0c0-ed60a5ff00c9-groupManagement] INFO  server.RaftServerConfigKeys (ConfUtils.java:logGet(46)) - raft.server.log.statemachine.data.read.timeout = 1000ms (default)
2024-04-28 12:43:53,465 [1d5b270c-141e-46ec-a0c0-ed60a5ff00c9-groupManagement] INFO  server.RaftServerConfigKeys (ConfUtils.java:logGet(46)) - raft.server.log.purge.preservation.log.num = 0 (default)
2024-04-28 12:43:53,465 [EventQueue-PipelineReportForPipelineReportHandler] INFO  pipeline.PipelineReportHandler (PipelineReportHandler.java:processPipelineReport(136)) - Opened pipeline PipelineID=3098f1ed-9f27-4197-9e75-7aa1db745b26
2024-04-28 12:43:53,465 [EventQueue-OpenPipelineForHealthyPipelineSafeModeRule] INFO  safemode.SCMSafeModeManager (HealthyPipelineSafeModeRule.java:process(140)) - SCM in safe mode. Healthy pipelines reported count is 0, required healthy pipeline reported count is 1
2024-04-28 12:43:53,466 [1d5b270c-141e-46ec-a0c0-ed60a5ff00c9-groupManagement] INFO  server.RaftServerConfigKeys (ConfUtils.java:logGet(46)) - raft.server.log.segment.size.max = 67108864 (custom)
2024-04-28 12:43:53,466 [1d5b270c-141e-46ec-a0c0-ed60a5ff00c9-groupManagement] INFO  server.RaftServerConfigKeys (ConfUtils.java:logGet(46)) - raft.server.log.segment.cache.num.max = 2 (custom)
2024-04-28 12:43:53,467 [1d5b270c-141e-46ec-a0c0-ed60a5ff00c9-groupManagement] INFO  server.RaftServerConfigKeys (ConfUtils.java:logGet(46)) - raft.server.log.segment.cache.size.max = 200MB (=209715200) (default)
2024-04-28 12:43:53,467 [1d5b270c-141e-46ec-a0c0-ed60a5ff00c9-groupManagement] INFO  server.RaftServerConfigKeys (ConfUtils.java:logGet(46)) - raft.server.log.appender.buffer.byte-limit = 8388608 (custom)
2024-04-28 12:43:53,467 [1d5b270c-141e-46ec-a0c0-ed60a5ff00c9-groupManagement] INFO  util.AwaitToRun (AwaitToRun.java:start(81)) - Thread[1d5b270c-141e-46ec-a0c0-ed60a5ff00c9@group-7AA1DB745B26-cacheEviction-AwaitToRun,5,main] started
2024-04-28 12:43:53,467 [1d5b270c-141e-46ec-a0c0-ed60a5ff00c9-groupManagement] INFO  segmented.SegmentedRaftLogWorker (SegmentedRaftLogWorker.java:<init>(182)) - new 1d5b270c-141e-46ec-a0c0-ed60a5ff00c9@group-7AA1DB745B26-SegmentedRaftLogWorker for RaftStorageImpl:Storage Directory /home/runner/work/ozone/ozone/hadoop-ozone/integration-test/target/test-dir/MiniOzoneClusterImpl-fb989876-9371-464e-b996-ece4d3fe3ecb/ozone-meta/datanode-5/ratis/3098f1ed-9f27-4197-9e75-7aa1db745b26
2024-04-28 12:43:53,468 [1d5b270c-141e-46ec-a0c0-ed60a5ff00c9-groupManagement] INFO  server.RaftServerConfigKeys (ConfUtils.java:logGet(46)) - raft.server.log.queue.byte-limit = 4294967296 (custom)
2024-04-28 12:43:53,468 [1d5b270c-141e-46ec-a0c0-ed60a5ff00c9-groupManagement] INFO  server.RaftServerConfigKeys (ConfUtils.java:logGet(46)) - raft.server.log.queue.element-limit = 1024 (custom)
2024-04-28 12:43:53,468 [1d5b270c-141e-46ec-a0c0-ed60a5ff00c9-groupManagement] INFO  server.RaftServerConfigKeys (ConfUtils.java:logGet(46)) - raft.server.log.segment.size.max = 67108864 (custom)
2024-04-28 12:43:53,468 [1d5b270c-141e-46ec-a0c0-ed60a5ff00c9-groupManagement] INFO  server.RaftServerConfigKeys (ConfUtils.java:logGet(46)) - raft.server.log.preallocated.size = 4194304 (custom)
2024-04-28 12:43:53,469 [1d5b270c-141e-46ec-a0c0-ed60a5ff00c9-groupManagement] INFO  server.RaftServerConfigKeys (ConfUtils.java:logGet(46)) - raft.server.log.force.sync.num = 128 (default)
2024-04-28 12:43:53,469 [1d5b270c-141e-46ec-a0c0-ed60a5ff00c9-groupManagement] INFO  server.RaftServerConfigKeys (ConfUtils.java:logGet(46)) - raft.server.log.statemachine.data.sync = true (default)
2024-04-28 12:43:53,469 [1d5b270c-141e-46ec-a0c0-ed60a5ff00c9-groupManagement] INFO  server.RaftServerConfigKeys (ConfUtils.java:logGet(46)) - raft.server.log.statemachine.data.sync.timeout = 10s (default)
2024-04-28 12:43:53,469 [1d5b270c-141e-46ec-a0c0-ed60a5ff00c9-groupManagement] INFO  server.RaftServerConfigKeys (ConfUtils.java:logGet(46)) - raft.server.log.statemachine.data.sync.timeout.retry = 30 (custom)
2024-04-28 12:43:53,470 [1d5b270c-141e-46ec-a0c0-ed60a5ff00c9-groupManagement] INFO  server.RaftServerConfigKeys (ConfUtils.java:logGet(46)) - raft.server.log.write.buffer.size = 8388616 (custom)
2024-04-28 12:43:53,471 [1d5b270c-141e-46ec-a0c0-ed60a5ff00c9-groupManagement] INFO  server.RaftServerConfigKeys (ConfUtils.java:logGet(46)) - raft.server.log.appender.buffer.byte-limit = 8388608 (custom)
2024-04-28 12:43:53,471 [1d5b270c-141e-46ec-a0c0-ed60a5ff00c9-groupManagement] INFO  server.RaftServerConfigKeys (ConfUtils.java:logGet(46)) - raft.server.log.unsafe-flush.enabled = false (default)
2024-04-28 12:43:53,471 [1d5b270c-141e-46ec-a0c0-ed60a5ff00c9-groupManagement] INFO  server.RaftServerConfigKeys (ConfUtils.java:logGet(46)) - raft.server.log.async-flush.enabled = false (default)
2024-04-28 12:43:53,472 [1d5b270c-141e-46ec-a0c0-ed60a5ff00c9-groupManagement] INFO  server.RaftServerConfigKeys (ConfUtils.java:logGet(46)) - raft.server.log.statemachine.data.caching.enabled = true (custom)
2024-04-28 12:43:53,472 [1d5b270c-141e-46ec-a0c0-ed60a5ff00c9-groupManagement] INFO  segmented.SegmentedRaftLogWorker (SegmentedRaftLogWorker.java:lambda$new$0(134)) - 1d5b270c-141e-46ec-a0c0-ed60a5ff00c9@group-7AA1DB745B26-SegmentedRaftLogWorker: flushIndex: setUnconditionally 0 -> -1
2024-04-28 12:43:53,472 [1d5b270c-141e-46ec-a0c0-ed60a5ff00c9-groupManagement] INFO  segmented.SegmentedRaftLogWorker (SegmentedRaftLogWorker.java:lambda$new$0(134)) - 1d5b270c-141e-46ec-a0c0-ed60a5ff00c9@group-7AA1DB745B26-SegmentedRaftLogWorker: safeCacheEvictIndex: setUnconditionally 0 -> -1
2024-04-28 12:43:53,472 [1d5b270c-141e-46ec-a0c0-ed60a5ff00c9-groupManagement] INFO  server.RaftServer$Division (RaftServerImpl.java:start(396)) - 1d5b270c-141e-46ec-a0c0-ed60a5ff00c9@group-7AA1DB745B26: start as a follower, conf=-1: peers:[1d5b270c-141e-46ec-a0c0-ed60a5ff00c9|127.0.0.1:15139]|listeners:[], old=null
2024-04-28 12:43:53,473 [1d5b270c-141e-46ec-a0c0-ed60a5ff00c9-groupManagement] INFO  server.RaftServer$Division (RaftServerImpl.java:setRole(383)) - 1d5b270c-141e-46ec-a0c0-ed60a5ff00c9@group-7AA1DB745B26: changes role from      null to FOLLOWER at term 0 for startAsFollower
2024-04-28 12:43:53,473 [1d5b270c-141e-46ec-a0c0-ed60a5ff00c9-groupManagement] INFO  impl.RoleInfo (RoleInfo.java:updateAndGet(139)) - 1d5b270c-141e-46ec-a0c0-ed60a5ff00c9: start 1d5b270c-141e-46ec-a0c0-ed60a5ff00c9@group-7AA1DB745B26-FollowerState
2024-04-28 12:43:53,473 [1d5b270c-141e-46ec-a0c0-ed60a5ff00c9-groupManagement] INFO  util.JmxRegister (JmxRegister.java:tryRegister(44)) - Successfully registered JMX Bean with object name Ratis:service=RaftServer,group=group-7AA1DB745B26,id=1d5b270c-141e-46ec-a0c0-ed60a5ff00c9
2024-04-28 12:43:53,473 [1d5b270c-141e-46ec-a0c0-ed60a5ff00c9@group-7AA1DB745B26-FollowerState] INFO  server.RaftServerConfigKeys (ConfUtils.java:logFallback(53)) - raft.server.rpc.first-election.timeout.min = 5s (fallback to raft.server.rpc.timeout.min)
2024-04-28 12:43:53,474 [1d5b270c-141e-46ec-a0c0-ed60a5ff00c9@group-7AA1DB745B26-FollowerState] INFO  server.RaftServerConfigKeys (ConfUtils.java:logFallback(53)) - raft.server.rpc.first-election.timeout.max = 5200ms (fallback to raft.server.rpc.timeout.max)
2024-04-28 12:43:53,474 [1d5b270c-141e-46ec-a0c0-ed60a5ff00c9-groupManagement] INFO  server.RaftServerConfigKeys (ConfUtils.java:logGet(46)) - raft.server.snapshot.trigger-when-stop.enabled = true (default)
2024-04-28 12:43:53,474 [1d5b270c-141e-46ec-a0c0-ed60a5ff00c9-groupManagement] INFO  server.RaftServerConfigKeys (ConfUtils.java:logGet(46)) - raft.server.snapshot.auto.trigger.enabled = true (custom)
2024-04-28 12:43:53,474 [1d5b270c-141e-46ec-a0c0-ed60a5ff00c9-groupManagement] INFO  server.RaftServerConfigKeys (ConfUtils.java:logGet(46)) - raft.server.snapshot.auto.trigger.threshold = 10000 (custom)
2024-04-28 12:43:53,474 [1d5b270c-141e-46ec-a0c0-ed60a5ff00c9-groupManagement] INFO  server.RaftServerConfigKeys (ConfUtils.java:logGet(46)) - raft.server.snapshot.retention.file.num = 5 (custom)
2024-04-28 12:43:53,474 [1d5b270c-141e-46ec-a0c0-ed60a5ff00c9-groupManagement] INFO  server.RaftServerConfigKeys (ConfUtils.java:logGet(46)) - raft.server.log.purge.upto.snapshot.index = false (default)
2024-04-28 12:43:53,475 [1d5b270c-141e-46ec-a0c0-ed60a5ff00c9-PipelineCommandHandlerThread-0] INFO  ratis.XceiverServerRatis (XceiverServerRatis.java:addGroup(864)) - Created group PipelineID=3098f1ed-9f27-4197-9e75-7aa1db745b26
2024-04-28 12:43:53,475 [1d5b270c-141e-46ec-a0c0-ed60a5ff00c9-PipelineCommandHandlerThread-0] INFO  commandhandler.CreatePipelineCommandHandler (CreatePipelineCommandHandler.java:lambda$handle$2(124)) - Created Pipeline RATIS ONE PipelineID=3098f1ed-9f27-4197-9e75-7aa1db745b26.
2024-04-28 12:43:53,533 [1070cd50-d4de-4eff-9e7b-13f77727c4d2-PipelineCommandHandlerThread-0] INFO  server.RaftServer (RaftServerProxy.java:addNew(100)) - 1070cd50-d4de-4eff-9e7b-13f77727c4d2: addNew group-BBF6C343BD26:[1070cd50-d4de-4eff-9e7b-13f77727c4d2|127.0.0.1:15148] returns group-BBF6C343BD26:java.util.concurrent.CompletableFuture@61bec753[Not completed]
2024-04-28 12:43:53,533 [1070cd50-d4de-4eff-9e7b-13f77727c4d2-groupManagement] INFO  server.RaftServer$Division (RaftServerImpl.java:<init>(256)) - 1070cd50-d4de-4eff-9e7b-13f77727c4d2: new RaftServerImpl for group-BBF6C343BD26:[1070cd50-d4de-4eff-9e7b-13f77727c4d2|127.0.0.1:15148] with ContainerStateMachine:uninitialized
2024-04-28 12:43:53,533 [1070cd50-d4de-4eff-9e7b-13f77727c4d2-groupManagement] INFO  server.RaftServerConfigKeys (ConfUtils.java:logGet(46)) - raft.server.rpc.timeout.min = 5s (custom)
2024-04-28 12:43:53,533 [1070cd50-d4de-4eff-9e7b-13f77727c4d2-groupManagement] INFO  server.RaftServerConfigKeys (ConfUtils.java:logGet(46)) - raft.server.rpc.timeout.max = 5200ms (custom)
2024-04-28 12:43:53,534 [1070cd50-d4de-4eff-9e7b-13f77727c4d2-groupManagement] INFO  server.RaftServerConfigKeys (ConfUtils.java:logGet(46)) - raft.server.rpc.sleep.time = 25ms (default)
2024-04-28 12:43:53,534 [1070cd50-d4de-4eff-9e7b-13f77727c4d2-groupManagement] INFO  server.RaftServerConfigKeys (ConfUtils.java:logGet(46)) - raft.server.rpc.slowness.timeout = 300000ms (custom)
2024-04-28 12:43:53,534 [1070cd50-d4de-4eff-9e7b-13f77727c4d2-groupManagement] INFO  server.RaftServerConfigKeys (ConfUtils.java:logGet(46)) - raft.server.leaderelection.leader.step-down.wait-time = 10s (default)
2024-04-28 12:43:53,534 [1070cd50-d4de-4eff-9e7b-13f77727c4d2-groupManagement] INFO  server.RaftServerConfigKeys (ConfUtils.java:logGet(46)) - raft.server.leaderelection.member.majority-add = false (default)
2024-04-28 12:43:53,534 [1070cd50-d4de-4eff-9e7b-13f77727c4d2-groupManagement] INFO  server.RaftServerConfigKeys (ConfUtils.java:logGet(46)) - raft.server.sleep.deviation.threshold = 300ms (default)
2024-04-28 12:43:53,534 [1070cd50-d4de-4eff-9e7b-13f77727c4d2-groupManagement] INFO  server.RaftServer$Division (ServerState.java:<init>(113)) - 1070cd50-d4de-4eff-9e7b-13f77727c4d2@group-BBF6C343BD26: ConfigurationManager, init=-1: peers:[1070cd50-d4de-4eff-9e7b-13f77727c4d2|127.0.0.1:15148]|listeners:[], old=null, confs=<EMPTY_MAP>
2024-04-28 12:43:53,534 [1070cd50-d4de-4eff-9e7b-13f77727c4d2-groupManagement] INFO  server.RaftServerConfigKeys (ConfUtils.java:logGet(46)) - raft.server.notification.no-leader.timeout = 300000ms (custom)
2024-04-28 12:43:53,534 [1070cd50-d4de-4eff-9e7b-13f77727c4d2-groupManagement] INFO  server.RaftServerConfigKeys (ConfUtils.java:logGet(46)) - raft.server.read.timeout = 10s (default)
2024-04-28 12:43:53,534 [1070cd50-d4de-4eff-9e7b-13f77727c4d2-groupManagement] INFO  server.RaftServerConfigKeys (ConfUtils.java:logGet(46)) - raft.server.retrycache.expirytime = 600000ms (custom)
2024-04-28 12:43:53,534 [1070cd50-d4de-4eff-9e7b-13f77727c4d2-groupManagement] INFO  server.RaftServerConfigKeys (ConfUtils.java:logGet(46)) - raft.server.retrycache.statistics.expirytime = 100ms (default)
2024-04-28 12:43:53,534 [1070cd50-d4de-4eff-9e7b-13f77727c4d2-groupManagement] INFO  server.RaftServerConfigKeys (ConfUtils.java:logGet(46)) - raft.server.read.option = DEFAULT (default)
2024-04-28 12:43:53,534 [1070cd50-d4de-4eff-9e7b-13f77727c4d2-groupManagement] INFO  server.RaftServerConfigKeys (ConfUtils.java:logGet(46)) - raft.server.read.read-after-write-consistent.write-index-cache.expiry-time = 60s (default)
2024-04-28 12:43:53,536 [1070cd50-d4de-4eff-9e7b-13f77727c4d2-groupManagement] INFO  server.RaftServerConfigKeys (ConfUtils.java:logGet(46)) - raft.server.rpc.request.timeout = 3000ms (default)
2024-04-28 12:43:53,536 [1070cd50-d4de-4eff-9e7b-13f77727c4d2-groupManagement] INFO  server.RaftServerConfigKeys (ConfUtils.java:logGet(46)) - raft.server.log.appender.install.snapshot.enabled = false (custom)
2024-04-28 12:43:53,536 [1070cd50-d4de-4eff-9e7b-13f77727c4d2-groupManagement] INFO  server.RaftServerConfigKeys (ConfUtils.java:logGet(46)) - raft.server.threadpool.server.cached = true (default)
2024-04-28 12:43:53,537 [1070cd50-d4de-4eff-9e7b-13f77727c4d2-groupManagement] INFO  server.RaftServerConfigKeys (ConfUtils.java:logGet(46)) - raft.server.threadpool.server.size = 0 (default)
2024-04-28 12:43:53,537 [1070cd50-d4de-4eff-9e7b-13f77727c4d2-groupManagement] INFO  server.RaftServerConfigKeys (ConfUtils.java:logGet(46)) - raft.server.threadpool.client.cached = true (default)
2024-04-28 12:43:53,537 [1070cd50-d4de-4eff-9e7b-13f77727c4d2-groupManagement] INFO  server.RaftServerConfigKeys (ConfUtils.java:logGet(46)) - raft.server.threadpool.client.size = 0 (default)
2024-04-28 12:43:53,537 [1070cd50-d4de-4eff-9e7b-13f77727c4d2-groupManagement] INFO  server.RaftServerConfigKeys (ConfUtils.java:logGet(46)) - raft.server.storage.free-space.min = 0MB (=0) (default)
2024-04-28 12:43:53,537 [1070cd50-d4de-4eff-9e7b-13f77727c4d2-groupManagement] INFO  server.RaftServerConfigKeys (ConfUtils.java:logGet(46)) - raft.server.log.corruption.policy = EXCEPTION (default)
2024-04-28 12:43:53,537 [1070cd50-d4de-4eff-9e7b-13f77727c4d2-groupManagement] INFO  server.RaftServerConfigKeys (ConfUtils.java:logGet(46)) - raft.server.storage.dir = [/home/runner/work/ozone/ozone/hadoop-ozone/integration-test/target/test-dir/MiniOzoneClusterImpl-fb989876-9371-464e-b996-ece4d3fe3ecb/ozone-meta/datanode-6/ratis] (custom)
2024-04-28 12:43:53,537 [1070cd50-d4de-4eff-9e7b-13f77727c4d2-groupManagement] INFO  storage.RaftStorageDirectory (RaftStorageDirectoryImpl.java:analyzeStorage(138)) - The storage directory /home/runner/work/ozone/ozone/hadoop-ozone/integration-test/target/test-dir/MiniOzoneClusterImpl-fb989876-9371-464e-b996-ece4d3fe3ecb/ozone-meta/datanode-6/ratis/a738411f-a299-4ef0-8116-bbf6c343bd26 does not exist. Creating ...
2024-04-28 12:43:53,538 [1070cd50-d4de-4eff-9e7b-13f77727c4d2-groupManagement] INFO  storage.RaftStorageDirectory (RaftStorageDirectoryImpl.java:tryLock(228)) - Lock on /home/runner/work/ozone/ozone/hadoop-ozone/integration-test/target/test-dir/MiniOzoneClusterImpl-fb989876-9371-464e-b996-ece4d3fe3ecb/ozone-meta/datanode-6/ratis/a738411f-a299-4ef0-8116-bbf6c343bd26/in_use.lock acquired by nodename 21404@fv-az1392-52
2024-04-28 12:43:53,539 [1070cd50-d4de-4eff-9e7b-13f77727c4d2-groupManagement] INFO  storage.RaftStorage (RaftStorageImpl.java:format(99)) - Storage directory /home/runner/work/ozone/ozone/hadoop-ozone/integration-test/target/test-dir/MiniOzoneClusterImpl-fb989876-9371-464e-b996-ece4d3fe3ecb/ozone-meta/datanode-6/ratis/a738411f-a299-4ef0-8116-bbf6c343bd26 has been successfully formatted.
2024-04-28 12:43:53,539 [1070cd50-d4de-4eff-9e7b-13f77727c4d2-groupManagement] WARN  util.FileUtils (LogUtils.java:supplyAndLog(63)) - Failed to Files.newInputStream /home/runner/work/ozone/ozone/hadoop-ozone/integration-test/target/test-dir/MiniOzoneClusterImpl-fb989876-9371-464e-b996-ece4d3fe3ecb/ozone-meta/datanode-6/ratis/a738411f-a299-4ef0-8116-bbf6c343bd26/current/raft-meta.conf with options []: java.nio.file.NoSuchFileException: /home/runner/work/ozone/ozone/hadoop-ozone/integration-test/target/test-dir/MiniOzoneClusterImpl-fb989876-9371-464e-b996-ece4d3fe3ecb/ozone-meta/datanode-6/ratis/a738411f-a299-4ef0-8116-bbf6c343bd26/current/raft-meta.conf
2024-04-28 12:43:53,539 [1070cd50-d4de-4eff-9e7b-13f77727c4d2-groupManagement] INFO  ratis.ContainerStateMachine (ContainerStateMachine.java:loadSnapshot(287)) - group-BBF6C343BD26: The snapshot info is null. Setting the last applied index to:(t:0, i:~)
2024-04-28 12:43:53,539 [1070cd50-d4de-4eff-9e7b-13f77727c4d2-groupManagement] INFO  server.RaftServerConfigKeys (ConfUtils.java:logGet(46)) - raft.server.log.use.memory = false (default)
2024-04-28 12:43:53,539 [1070cd50-d4de-4eff-9e7b-13f77727c4d2-groupManagement] INFO  server.RaftServerConfigKeys (ConfUtils.java:logGet(46)) - raft.server.log.purge.gap = 1000000 (custom)
2024-04-28 12:43:53,539 [1070cd50-d4de-4eff-9e7b-13f77727c4d2-groupManagement] INFO  server.RaftServerConfigKeys (ConfUtils.java:logGet(46)) - raft.server.log.appender.buffer.byte-limit = 8388608 (custom)
2024-04-28 12:43:53,539 [1070cd50-d4de-4eff-9e7b-13f77727c4d2-groupManagement] INFO  server.RaftServerConfigKeys (ConfUtils.java:logGet(46)) - raft.server.log.statemachine.data.read.timeout = 1000ms (default)
2024-04-28 12:43:53,540 [1070cd50-d4de-4eff-9e7b-13f77727c4d2-groupManagement] INFO  server.RaftServerConfigKeys (ConfUtils.java:logGet(46)) - raft.server.log.purge.preservation.log.num = 0 (default)
2024-04-28 12:43:53,541 [1070cd50-d4de-4eff-9e7b-13f77727c4d2-groupManagement] INFO  server.RaftServerConfigKeys (ConfUtils.java:logGet(46)) - raft.server.log.segment.size.max = 67108864 (custom)
2024-04-28 12:43:53,541 [1070cd50-d4de-4eff-9e7b-13f77727c4d2-groupManagement] INFO  server.RaftServerConfigKeys (ConfUtils.java:logGet(46)) - raft.server.log.segment.cache.num.max = 2 (custom)
2024-04-28 12:43:53,541 [1070cd50-d4de-4eff-9e7b-13f77727c4d2-groupManagement] INFO  server.RaftServerConfigKeys (ConfUtils.java:logGet(46)) - raft.server.log.segment.cache.size.max = 200MB (=209715200) (default)
2024-04-28 12:43:53,541 [1070cd50-d4de-4eff-9e7b-13f77727c4d2-groupManagement] INFO  server.RaftServerConfigKeys (ConfUtils.java:logGet(46)) - raft.server.log.appender.buffer.byte-limit = 8388608 (custom)
2024-04-28 12:43:53,541 [EventQueue-PipelineReportForPipelineReportHandler] INFO  pipeline.PipelineReportHandler (PipelineReportHandler.java:processPipelineReport(136)) - Opened pipeline PipelineID=a738411f-a299-4ef0-8116-bbf6c343bd26
2024-04-28 12:43:53,541 [1070cd50-d4de-4eff-9e7b-13f77727c4d2-groupManagement] INFO  util.AwaitToRun (AwaitToRun.java:start(81)) - Thread[1070cd50-d4de-4eff-9e7b-13f77727c4d2@group-BBF6C343BD26-cacheEviction-AwaitToRun,5,main] started
2024-04-28 12:43:53,541 [EventQueue-OpenPipelineForHealthyPipelineSafeModeRule] INFO  safemode.SCMSafeModeManager (HealthyPipelineSafeModeRule.java:process(140)) - SCM in safe mode. Healthy pipelines reported count is 0, required healthy pipeline reported count is 1
2024-04-28 12:43:53,541 [1070cd50-d4de-4eff-9e7b-13f77727c4d2-groupManagement] INFO  segmented.SegmentedRaftLogWorker (SegmentedRaftLogWorker.java:<init>(182)) - new 1070cd50-d4de-4eff-9e7b-13f77727c4d2@group-BBF6C343BD26-SegmentedRaftLogWorker for RaftStorageImpl:Storage Directory /home/runner/work/ozone/ozone/hadoop-ozone/integration-test/target/test-dir/MiniOzoneClusterImpl-fb989876-9371-464e-b996-ece4d3fe3ecb/ozone-meta/datanode-6/ratis/a738411f-a299-4ef0-8116-bbf6c343bd26
2024-04-28 12:43:53,542 [1070cd50-d4de-4eff-9e7b-13f77727c4d2-groupManagement] INFO  server.RaftServerConfigKeys (ConfUtils.java:logGet(46)) - raft.server.log.queue.byte-limit = 4294967296 (custom)
2024-04-28 12:43:53,542 [1070cd50-d4de-4eff-9e7b-13f77727c4d2-groupManagement] INFO  server.RaftServerConfigKeys (ConfUtils.java:logGet(46)) - raft.server.log.queue.element-limit = 1024 (custom)
2024-04-28 12:43:53,542 [1070cd50-d4de-4eff-9e7b-13f77727c4d2-groupManagement] INFO  server.RaftServerConfigKeys (ConfUtils.java:logGet(46)) - raft.server.log.segment.size.max = 67108864 (custom)
2024-04-28 12:43:53,542 [1070cd50-d4de-4eff-9e7b-13f77727c4d2-groupManagement] INFO  server.RaftServerConfigKeys (ConfUtils.java:logGet(46)) - raft.server.log.preallocated.size = 4194304 (custom)
2024-04-28 12:43:53,542 [1070cd50-d4de-4eff-9e7b-13f77727c4d2-groupManagement] INFO  server.RaftServerConfigKeys (ConfUtils.java:logGet(46)) - raft.server.log.force.sync.num = 128 (default)
2024-04-28 12:43:53,542 [1070cd50-d4de-4eff-9e7b-13f77727c4d2-groupManagement] INFO  server.RaftServerConfigKeys (ConfUtils.java:logGet(46)) - raft.server.log.statemachine.data.sync = true (default)
2024-04-28 12:43:53,542 [1070cd50-d4de-4eff-9e7b-13f77727c4d2-groupManagement] INFO  server.RaftServerConfigKeys (ConfUtils.java:logGet(46)) - raft.server.log.statemachine.data.sync.timeout = 10s (default)
2024-04-28 12:43:53,542 [1070cd50-d4de-4eff-9e7b-13f77727c4d2-groupManagement] INFO  server.RaftServerConfigKeys (ConfUtils.java:logGet(46)) - raft.server.log.statemachine.data.sync.timeout.retry = 30 (custom)
2024-04-28 12:43:53,542 [1070cd50-d4de-4eff-9e7b-13f77727c4d2-groupManagement] INFO  server.RaftServerConfigKeys (ConfUtils.java:logGet(46)) - raft.server.log.write.buffer.size = 8388616 (custom)
2024-04-28 12:43:53,544 [1070cd50-d4de-4eff-9e7b-13f77727c4d2-groupManagement] INFO  server.RaftServerConfigKeys (ConfUtils.java:logGet(46)) - raft.server.log.appender.buffer.byte-limit = 8388608 (custom)
2024-04-28 12:43:53,544 [1070cd50-d4de-4eff-9e7b-13f77727c4d2-groupManagement] INFO  server.RaftServerConfigKeys (ConfUtils.java:logGet(46)) - raft.server.log.unsafe-flush.enabled = false (default)
2024-04-28 12:43:53,544 [1070cd50-d4de-4eff-9e7b-13f77727c4d2-groupManagement] INFO  server.RaftServerConfigKeys (ConfUtils.java:logGet(46)) - raft.server.log.async-flush.enabled = false (default)
2024-04-28 12:43:53,544 [1070cd50-d4de-4eff-9e7b-13f77727c4d2-groupManagement] INFO  server.RaftServerConfigKeys (ConfUtils.java:logGet(46)) - raft.server.log.statemachine.data.caching.enabled = true (custom)
2024-04-28 12:43:53,544 [1070cd50-d4de-4eff-9e7b-13f77727c4d2-groupManagement] INFO  segmented.SegmentedRaftLogWorker (SegmentedRaftLogWorker.java:lambda$new$0(134)) - 1070cd50-d4de-4eff-9e7b-13f77727c4d2@group-BBF6C343BD26-SegmentedRaftLogWorker: flushIndex: setUnconditionally 0 -> -1
2024-04-28 12:43:53,544 [1070cd50-d4de-4eff-9e7b-13f77727c4d2-groupManagement] INFO  segmented.SegmentedRaftLogWorker (SegmentedRaftLogWorker.java:lambda$new$0(134)) - 1070cd50-d4de-4eff-9e7b-13f77727c4d2@group-BBF6C343BD26-SegmentedRaftLogWorker: safeCacheEvictIndex: setUnconditionally 0 -> -1
2024-04-28 12:43:53,544 [1070cd50-d4de-4eff-9e7b-13f77727c4d2-groupManagement] INFO  server.RaftServer$Division (RaftServerImpl.java:start(396)) - 1070cd50-d4de-4eff-9e7b-13f77727c4d2@group-BBF6C343BD26: start as a follower, conf=-1: peers:[1070cd50-d4de-4eff-9e7b-13f77727c4d2|127.0.0.1:15148]|listeners:[], old=null
2024-04-28 12:43:53,544 [1070cd50-d4de-4eff-9e7b-13f77727c4d2-groupManagement] INFO  server.RaftServer$Division (RaftServerImpl.java:setRole(383)) - 1070cd50-d4de-4eff-9e7b-13f77727c4d2@group-BBF6C343BD26: changes role from      null to FOLLOWER at term 0 for startAsFollower
2024-04-28 12:43:53,545 [1070cd50-d4de-4eff-9e7b-13f77727c4d2-groupManagement] INFO  impl.RoleInfo (RoleInfo.java:updateAndGet(139)) - 1070cd50-d4de-4eff-9e7b-13f77727c4d2: start 1070cd50-d4de-4eff-9e7b-13f77727c4d2@group-BBF6C343BD26-FollowerState
2024-04-28 12:43:53,546 [1070cd50-d4de-4eff-9e7b-13f77727c4d2@group-BBF6C343BD26-FollowerState] INFO  server.RaftServerConfigKeys (ConfUtils.java:logFallback(53)) - raft.server.rpc.first-election.timeout.min = 5s (fallback to raft.server.rpc.timeout.min)
2024-04-28 12:43:53,546 [1070cd50-d4de-4eff-9e7b-13f77727c4d2-groupManagement] INFO  util.JmxRegister (JmxRegister.java:tryRegister(44)) - Successfully registered JMX Bean with object name Ratis:service=RaftServer,group=group-BBF6C343BD26,id=1070cd50-d4de-4eff-9e7b-13f77727c4d2
2024-04-28 12:43:53,546 [1070cd50-d4de-4eff-9e7b-13f77727c4d2@group-BBF6C343BD26-FollowerState] INFO  server.RaftServerConfigKeys (ConfUtils.java:logFallback(53)) - raft.server.rpc.first-election.timeout.max = 5200ms (fallback to raft.server.rpc.timeout.max)
2024-04-28 12:43:53,546 [1070cd50-d4de-4eff-9e7b-13f77727c4d2-groupManagement] INFO  server.RaftServerConfigKeys (ConfUtils.java:logGet(46)) - raft.server.snapshot.trigger-when-stop.enabled = true (default)
2024-04-28 12:43:53,546 [1070cd50-d4de-4eff-9e7b-13f77727c4d2-groupManagement] INFO  server.RaftServerConfigKeys (ConfUtils.java:logGet(46)) - raft.server.snapshot.auto.trigger.enabled = true (custom)
2024-04-28 12:43:53,546 [1070cd50-d4de-4eff-9e7b-13f77727c4d2-groupManagement] INFO  server.RaftServerConfigKeys (ConfUtils.java:logGet(46)) - raft.server.snapshot.auto.trigger.threshold = 10000 (custom)
2024-04-28 12:43:53,546 [1070cd50-d4de-4eff-9e7b-13f77727c4d2-groupManagement] INFO  server.RaftServerConfigKeys (ConfUtils.java:logGet(46)) - raft.server.snapshot.retention.file.num = 5 (custom)
2024-04-28 12:43:53,546 [1070cd50-d4de-4eff-9e7b-13f77727c4d2-groupManagement] INFO  server.RaftServerConfigKeys (ConfUtils.java:logGet(46)) - raft.server.log.purge.upto.snapshot.index = false (default)
2024-04-28 12:43:53,547 [1070cd50-d4de-4eff-9e7b-13f77727c4d2-PipelineCommandHandlerThread-0] INFO  ratis.XceiverServerRatis (XceiverServerRatis.java:addGroup(864)) - Created group PipelineID=a738411f-a299-4ef0-8116-bbf6c343bd26
2024-04-28 12:43:53,547 [1070cd50-d4de-4eff-9e7b-13f77727c4d2-PipelineCommandHandlerThread-0] INFO  commandhandler.CreatePipelineCommandHandler (CreatePipelineCommandHandler.java:lambda$handle$2(124)) - Created Pipeline RATIS ONE PipelineID=a738411f-a299-4ef0-8116-bbf6c343bd26.
2024-04-28 12:43:53,623 [59f7e7ee-27c3-4dbc-8a0c-a3c2dbd1352c-PipelineCommandHandlerThread-0] INFO  server.RaftServer (RaftServerProxy.java:addNew(100)) - 59f7e7ee-27c3-4dbc-8a0c-a3c2dbd1352c: addNew group-0B273A698BB2:[59f7e7ee-27c3-4dbc-8a0c-a3c2dbd1352c|127.0.0.1:15157] returns group-0B273A698BB2:java.util.concurrent.CompletableFuture@78d38f43[Not completed]
2024-04-28 12:43:53,624 [59f7e7ee-27c3-4dbc-8a0c-a3c2dbd1352c-groupManagement] INFO  server.RaftServer$Division (RaftServerImpl.java:<init>(256)) - 59f7e7ee-27c3-4dbc-8a0c-a3c2dbd1352c: new RaftServerImpl for group-0B273A698BB2:[59f7e7ee-27c3-4dbc-8a0c-a3c2dbd1352c|127.0.0.1:15157] with ContainerStateMachine:uninitialized
2024-04-28 12:43:53,624 [59f7e7ee-27c3-4dbc-8a0c-a3c2dbd1352c-groupManagement] INFO  server.RaftServerConfigKeys (ConfUtils.java:logGet(46)) - raft.server.rpc.timeout.min = 5s (custom)
2024-04-28 12:43:53,624 [59f7e7ee-27c3-4dbc-8a0c-a3c2dbd1352c-groupManagement] INFO  server.RaftServerConfigKeys (ConfUtils.java:logGet(46)) - raft.server.rpc.timeout.max = 5200ms (custom)
2024-04-28 12:43:53,624 [59f7e7ee-27c3-4dbc-8a0c-a3c2dbd1352c-groupManagement] INFO  server.RaftServerConfigKeys (ConfUtils.java:logGet(46)) - raft.server.rpc.sleep.time = 25ms (default)
2024-04-28 12:43:53,624 [59f7e7ee-27c3-4dbc-8a0c-a3c2dbd1352c-groupManagement] INFO  server.RaftServerConfigKeys (ConfUtils.java:logGet(46)) - raft.server.rpc.slowness.timeout = 300000ms (custom)
2024-04-28 12:43:53,624 [59f7e7ee-27c3-4dbc-8a0c-a3c2dbd1352c-groupManagement] INFO  server.RaftServerConfigKeys (ConfUtils.java:logGet(46)) - raft.server.leaderelection.leader.step-down.wait-time = 10s (default)
2024-04-28 12:43:53,624 [59f7e7ee-27c3-4dbc-8a0c-a3c2dbd1352c-groupManagement] INFO  server.RaftServerConfigKeys (ConfUtils.java:logGet(46)) - raft.server.leaderelection.member.majority-add = false (default)
2024-04-28 12:43:53,624 [59f7e7ee-27c3-4dbc-8a0c-a3c2dbd1352c-groupManagement] INFO  server.RaftServerConfigKeys (ConfUtils.java:logGet(46)) - raft.server.sleep.deviation.threshold = 300ms (default)
2024-04-28 12:43:53,624 [59f7e7ee-27c3-4dbc-8a0c-a3c2dbd1352c-groupManagement] INFO  server.RaftServer$Division (ServerState.java:<init>(113)) - 59f7e7ee-27c3-4dbc-8a0c-a3c2dbd1352c@group-0B273A698BB2: ConfigurationManager, init=-1: peers:[59f7e7ee-27c3-4dbc-8a0c-a3c2dbd1352c|127.0.0.1:15157]|listeners:[], old=null, confs=<EMPTY_MAP>
2024-04-28 12:43:53,624 [59f7e7ee-27c3-4dbc-8a0c-a3c2dbd1352c-groupManagement] INFO  server.RaftServerConfigKeys (ConfUtils.java:logGet(46)) - raft.server.notification.no-leader.timeout = 300000ms (custom)
2024-04-28 12:43:53,624 [59f7e7ee-27c3-4dbc-8a0c-a3c2dbd1352c-groupManagement] INFO  server.RaftServerConfigKeys (ConfUtils.java:logGet(46)) - raft.server.read.timeout = 10s (default)
2024-04-28 12:43:53,625 [59f7e7ee-27c3-4dbc-8a0c-a3c2dbd1352c-groupManagement] INFO  server.RaftServerConfigKeys (ConfUtils.java:logGet(46)) - raft.server.retrycache.expirytime = 600000ms (custom)
2024-04-28 12:43:53,625 [59f7e7ee-27c3-4dbc-8a0c-a3c2dbd1352c-groupManagement] INFO  server.RaftServerConfigKeys (ConfUtils.java:logGet(46)) - raft.server.retrycache.statistics.expirytime = 100ms (default)
2024-04-28 12:43:53,625 [59f7e7ee-27c3-4dbc-8a0c-a3c2dbd1352c-groupManagement] INFO  server.RaftServerConfigKeys (ConfUtils.java:logGet(46)) - raft.server.read.option = DEFAULT (default)
2024-04-28 12:43:53,625 [59f7e7ee-27c3-4dbc-8a0c-a3c2dbd1352c-groupManagement] INFO  server.RaftServerConfigKeys (ConfUtils.java:logGet(46)) - raft.server.read.read-after-write-consistent.write-index-cache.expiry-time = 60s (default)
2024-04-28 12:43:53,627 [59f7e7ee-27c3-4dbc-8a0c-a3c2dbd1352c-groupManagement] INFO  server.RaftServerConfigKeys (ConfUtils.java:logGet(46)) - raft.server.rpc.request.timeout = 3000ms (default)
2024-04-28 12:43:53,627 [59f7e7ee-27c3-4dbc-8a0c-a3c2dbd1352c-groupManagement] INFO  server.RaftServerConfigKeys (ConfUtils.java:logGet(46)) - raft.server.log.appender.install.snapshot.enabled = false (custom)
2024-04-28 12:43:53,627 [59f7e7ee-27c3-4dbc-8a0c-a3c2dbd1352c-groupManagement] INFO  server.RaftServerConfigKeys (ConfUtils.java:logGet(46)) - raft.server.threadpool.server.cached = true (default)
2024-04-28 12:43:53,627 [59f7e7ee-27c3-4dbc-8a0c-a3c2dbd1352c-groupManagement] INFO  server.RaftServerConfigKeys (ConfUtils.java:logGet(46)) - raft.server.threadpool.server.size = 0 (default)
2024-04-28 12:43:53,627 [59f7e7ee-27c3-4dbc-8a0c-a3c2dbd1352c-groupManagement] INFO  server.RaftServerConfigKeys (ConfUtils.java:logGet(46)) - raft.server.threadpool.client.cached = true (default)
2024-04-28 12:43:53,627 [59f7e7ee-27c3-4dbc-8a0c-a3c2dbd1352c-groupManagement] INFO  server.RaftServerConfigKeys (ConfUtils.java:logGet(46)) - raft.server.threadpool.client.size = 0 (default)
2024-04-28 12:43:53,627 [59f7e7ee-27c3-4dbc-8a0c-a3c2dbd1352c-groupManagement] INFO  server.RaftServerConfigKeys (ConfUtils.java:logGet(46)) - raft.server.storage.free-space.min = 0MB (=0) (default)
2024-04-28 12:43:53,628 [59f7e7ee-27c3-4dbc-8a0c-a3c2dbd1352c-groupManagement] INFO  server.RaftServerConfigKeys (ConfUtils.java:logGet(46)) - raft.server.log.corruption.policy = EXCEPTION (default)
2024-04-28 12:43:53,628 [59f7e7ee-27c3-4dbc-8a0c-a3c2dbd1352c-groupManagement] INFO  server.RaftServerConfigKeys (ConfUtils.java:logGet(46)) - raft.server.storage.dir = [/home/runner/work/ozone/ozone/hadoop-ozone/integration-test/target/test-dir/MiniOzoneClusterImpl-fb989876-9371-464e-b996-ece4d3fe3ecb/ozone-meta/datanode-7/ratis] (custom)
2024-04-28 12:43:53,628 [59f7e7ee-27c3-4dbc-8a0c-a3c2dbd1352c-groupManagement] INFO  storage.RaftStorageDirectory (RaftStorageDirectoryImpl.java:analyzeStorage(138)) - The storage directory /home/runner/work/ozone/ozone/hadoop-ozone/integration-test/target/test-dir/MiniOzoneClusterImpl-fb989876-9371-464e-b996-ece4d3fe3ecb/ozone-meta/datanode-7/ratis/4996bb12-ec0a-4d68-937c-0b273a698bb2 does not exist. Creating ...
2024-04-28 12:43:53,629 [59f7e7ee-27c3-4dbc-8a0c-a3c2dbd1352c-groupManagement] INFO  storage.RaftStorageDirectory (RaftStorageDirectoryImpl.java:tryLock(228)) - Lock on /home/runner/work/ozone/ozone/hadoop-ozone/integration-test/target/test-dir/MiniOzoneClusterImpl-fb989876-9371-464e-b996-ece4d3fe3ecb/ozone-meta/datanode-7/ratis/4996bb12-ec0a-4d68-937c-0b273a698bb2/in_use.lock acquired by nodename 21404@fv-az1392-52
2024-04-28 12:43:53,629 [59f7e7ee-27c3-4dbc-8a0c-a3c2dbd1352c-groupManagement] INFO  storage.RaftStorage (RaftStorageImpl.java:format(99)) - Storage directory /home/runner/work/ozone/ozone/hadoop-ozone/integration-test/target/test-dir/MiniOzoneClusterImpl-fb989876-9371-464e-b996-ece4d3fe3ecb/ozone-meta/datanode-7/ratis/4996bb12-ec0a-4d68-937c-0b273a698bb2 has been successfully formatted.
2024-04-28 12:43:53,630 [59f7e7ee-27c3-4dbc-8a0c-a3c2dbd1352c-groupManagement] WARN  util.FileUtils (LogUtils.java:supplyAndLog(63)) - Failed to Files.newInputStream /home/runner/work/ozone/ozone/hadoop-ozone/integration-test/target/test-dir/MiniOzoneClusterImpl-fb989876-9371-464e-b996-ece4d3fe3ecb/ozone-meta/datanode-7/ratis/4996bb12-ec0a-4d68-937c-0b273a698bb2/current/raft-meta.conf with options []: java.nio.file.NoSuchFileException: /home/runner/work/ozone/ozone/hadoop-ozone/integration-test/target/test-dir/MiniOzoneClusterImpl-fb989876-9371-464e-b996-ece4d3fe3ecb/ozone-meta/datanode-7/ratis/4996bb12-ec0a-4d68-937c-0b273a698bb2/current/raft-meta.conf
2024-04-28 12:43:53,630 [59f7e7ee-27c3-4dbc-8a0c-a3c2dbd1352c-groupManagement] INFO  ratis.ContainerStateMachine (ContainerStateMachine.java:loadSnapshot(287)) - group-0B273A698BB2: The snapshot info is null. Setting the last applied index to:(t:0, i:~)
2024-04-28 12:43:53,630 [59f7e7ee-27c3-4dbc-8a0c-a3c2dbd1352c-groupManagement] INFO  server.RaftServerConfigKeys (ConfUtils.java:logGet(46)) - raft.server.log.use.memory = false (default)
2024-04-28 12:43:53,630 [59f7e7ee-27c3-4dbc-8a0c-a3c2dbd1352c-groupManagement] INFO  server.RaftServerConfigKeys (ConfUtils.java:logGet(46)) - raft.server.log.purge.gap = 1000000 (custom)
2024-04-28 12:43:53,630 [59f7e7ee-27c3-4dbc-8a0c-a3c2dbd1352c-groupManagement] INFO  server.RaftServerConfigKeys (ConfUtils.java:logGet(46)) - raft.server.log.appender.buffer.byte-limit = 8388608 (custom)
2024-04-28 12:43:53,630 [59f7e7ee-27c3-4dbc-8a0c-a3c2dbd1352c-groupManagement] INFO  server.RaftServerConfigKeys (ConfUtils.java:logGet(46)) - raft.server.log.statemachine.data.read.timeout = 1000ms (default)
2024-04-28 12:43:53,630 [59f7e7ee-27c3-4dbc-8a0c-a3c2dbd1352c-groupManagement] INFO  server.RaftServerConfigKeys (ConfUtils.java:logGet(46)) - raft.server.log.purge.preservation.log.num = 0 (default)
2024-04-28 12:43:53,631 [EventQueue-PipelineReportForPipelineReportHandler] INFO  pipeline.PipelineReportHandler (PipelineReportHandler.java:processPipelineReport(136)) - Opened pipeline PipelineID=4996bb12-ec0a-4d68-937c-0b273a698bb2
2024-04-28 12:43:53,631 [EventQueue-OpenPipelineForHealthyPipelineSafeModeRule] INFO  safemode.SCMSafeModeManager (HealthyPipelineSafeModeRule.java:process(140)) - SCM in safe mode. Healthy pipelines reported count is 0, required healthy pipeline reported count is 1
2024-04-28 12:43:53,631 [59f7e7ee-27c3-4dbc-8a0c-a3c2dbd1352c-groupManagement] INFO  server.RaftServerConfigKeys (ConfUtils.java:logGet(46)) - raft.server.log.segment.size.max = 67108864 (custom)
2024-04-28 12:43:53,632 [59f7e7ee-27c3-4dbc-8a0c-a3c2dbd1352c-groupManagement] INFO  server.RaftServerConfigKeys (ConfUtils.java:logGet(46)) - raft.server.log.segment.cache.num.max = 2 (custom)
2024-04-28 12:43:53,632 [59f7e7ee-27c3-4dbc-8a0c-a3c2dbd1352c-groupManagement] INFO  server.RaftServerConfigKeys (ConfUtils.java:logGet(46)) - raft.server.log.segment.cache.size.max = 200MB (=209715200) (default)
2024-04-28 12:43:53,632 [59f7e7ee-27c3-4dbc-8a0c-a3c2dbd1352c-groupManagement] INFO  server.RaftServerConfigKeys (ConfUtils.java:logGet(46)) - raft.server.log.appender.buffer.byte-limit = 8388608 (custom)
2024-04-28 12:43:53,632 [59f7e7ee-27c3-4dbc-8a0c-a3c2dbd1352c-groupManagement] INFO  util.AwaitToRun (AwaitToRun.java:start(81)) - Thread[59f7e7ee-27c3-4dbc-8a0c-a3c2dbd1352c@group-0B273A698BB2-cacheEviction-AwaitToRun,5,main] started
2024-04-28 12:43:53,632 [59f7e7ee-27c3-4dbc-8a0c-a3c2dbd1352c-groupManagement] INFO  segmented.SegmentedRaftLogWorker (SegmentedRaftLogWorker.java:<init>(182)) - new 59f7e7ee-27c3-4dbc-8a0c-a3c2dbd1352c@group-0B273A698BB2-SegmentedRaftLogWorker for RaftStorageImpl:Storage Directory /home/runner/work/ozone/ozone/hadoop-ozone/integration-test/target/test-dir/MiniOzoneClusterImpl-fb989876-9371-464e-b996-ece4d3fe3ecb/ozone-meta/datanode-7/ratis/4996bb12-ec0a-4d68-937c-0b273a698bb2
2024-04-28 12:43:53,632 [59f7e7ee-27c3-4dbc-8a0c-a3c2dbd1352c-groupManagement] INFO  server.RaftServerConfigKeys (ConfUtils.java:logGet(46)) - raft.server.log.queue.byte-limit = 4294967296 (custom)
2024-04-28 12:43:53,632 [59f7e7ee-27c3-4dbc-8a0c-a3c2dbd1352c-groupManagement] INFO  server.RaftServerConfigKeys (ConfUtils.java:logGet(46)) - raft.server.log.queue.element-limit = 1024 (custom)
2024-04-28 12:43:53,632 [59f7e7ee-27c3-4dbc-8a0c-a3c2dbd1352c-groupManagement] INFO  server.RaftServerConfigKeys (ConfUtils.java:logGet(46)) - raft.server.log.segment.size.max = 67108864 (custom)
2024-04-28 12:43:53,632 [59f7e7ee-27c3-4dbc-8a0c-a3c2dbd1352c-groupManagement] INFO  server.RaftServerConfigKeys (ConfUtils.java:logGet(46)) - raft.server.log.preallocated.size = 4194304 (custom)
2024-04-28 12:43:53,632 [59f7e7ee-27c3-4dbc-8a0c-a3c2dbd1352c-groupManagement] INFO  server.RaftServerConfigKeys (ConfUtils.java:logGet(46)) - raft.server.log.force.sync.num = 128 (default)
2024-04-28 12:43:53,632 [59f7e7ee-27c3-4dbc-8a0c-a3c2dbd1352c-groupManagement] INFO  server.RaftServerConfigKeys (ConfUtils.java:logGet(46)) - raft.server.log.statemachine.data.sync = true (default)
2024-04-28 12:43:53,632 [59f7e7ee-27c3-4dbc-8a0c-a3c2dbd1352c-groupManagement] INFO  server.RaftServerConfigKeys (ConfUtils.java:logGet(46)) - raft.server.log.statemachine.data.sync.timeout = 10s (default)
2024-04-28 12:43:53,632 [59f7e7ee-27c3-4dbc-8a0c-a3c2dbd1352c-groupManagement] INFO  server.RaftServerConfigKeys (ConfUtils.java:logGet(46)) - raft.server.log.statemachine.data.sync.timeout.retry = 30 (custom)
2024-04-28 12:43:53,633 [59f7e7ee-27c3-4dbc-8a0c-a3c2dbd1352c-groupManagement] INFO  server.RaftServerConfigKeys (ConfUtils.java:logGet(46)) - raft.server.log.write.buffer.size = 8388616 (custom)
2024-04-28 12:43:53,634 [59f7e7ee-27c3-4dbc-8a0c-a3c2dbd1352c-groupManagement] INFO  server.RaftServerConfigKeys (ConfUtils.java:logGet(46)) - raft.server.log.appender.buffer.byte-limit = 8388608 (custom)
2024-04-28 12:43:53,634 [59f7e7ee-27c3-4dbc-8a0c-a3c2dbd1352c-groupManagement] INFO  server.RaftServerConfigKeys (ConfUtils.java:logGet(46)) - raft.server.log.unsafe-flush.enabled = false (default)
2024-04-28 12:43:53,634 [59f7e7ee-27c3-4dbc-8a0c-a3c2dbd1352c-groupManagement] INFO  server.RaftServerConfigKeys (ConfUtils.java:logGet(46)) - raft.server.log.async-flush.enabled = false (default)
2024-04-28 12:43:53,634 [59f7e7ee-27c3-4dbc-8a0c-a3c2dbd1352c-groupManagement] INFO  server.RaftServerConfigKeys (ConfUtils.java:logGet(46)) - raft.server.log.statemachine.data.caching.enabled = true (custom)
2024-04-28 12:43:53,634 [59f7e7ee-27c3-4dbc-8a0c-a3c2dbd1352c-groupManagement] INFO  segmented.SegmentedRaftLogWorker (SegmentedRaftLogWorker.java:lambda$new$0(134)) - 59f7e7ee-27c3-4dbc-8a0c-a3c2dbd1352c@group-0B273A698BB2-SegmentedRaftLogWorker: flushIndex: setUnconditionally 0 -> -1
2024-04-28 12:43:53,634 [59f7e7ee-27c3-4dbc-8a0c-a3c2dbd1352c-groupManagement] INFO  segmented.SegmentedRaftLogWorker (SegmentedRaftLogWorker.java:lambda$new$0(134)) - 59f7e7ee-27c3-4dbc-8a0c-a3c2dbd1352c@group-0B273A698BB2-SegmentedRaftLogWorker: safeCacheEvictIndex: setUnconditionally 0 -> -1
2024-04-28 12:43:53,634 [59f7e7ee-27c3-4dbc-8a0c-a3c2dbd1352c-groupManagement] INFO  server.RaftServer$Division (RaftServerImpl.java:start(396)) - 59f7e7ee-27c3-4dbc-8a0c-a3c2dbd1352c@group-0B273A698BB2: start as a follower, conf=-1: peers:[59f7e7ee-27c3-4dbc-8a0c-a3c2dbd1352c|127.0.0.1:15157]|listeners:[], old=null
2024-04-28 12:43:53,634 [59f7e7ee-27c3-4dbc-8a0c-a3c2dbd1352c-groupManagement] INFO  server.RaftServer$Division (RaftServerImpl.java:setRole(383)) - 59f7e7ee-27c3-4dbc-8a0c-a3c2dbd1352c@group-0B273A698BB2: changes role from      null to FOLLOWER at term 0 for startAsFollower
2024-04-28 12:43:53,634 [59f7e7ee-27c3-4dbc-8a0c-a3c2dbd1352c-groupManagement] INFO  impl.RoleInfo (RoleInfo.java:updateAndGet(139)) - 59f7e7ee-27c3-4dbc-8a0c-a3c2dbd1352c: start 59f7e7ee-27c3-4dbc-8a0c-a3c2dbd1352c@group-0B273A698BB2-FollowerState
2024-04-28 12:43:53,635 [59f7e7ee-27c3-4dbc-8a0c-a3c2dbd1352c@group-0B273A698BB2-FollowerState] INFO  server.RaftServerConfigKeys (ConfUtils.java:logFallback(53)) - raft.server.rpc.first-election.timeout.min = 5s (fallback to raft.server.rpc.timeout.min)
2024-04-28 12:43:53,635 [59f7e7ee-27c3-4dbc-8a0c-a3c2dbd1352c@group-0B273A698BB2-FollowerState] INFO  server.RaftServerConfigKeys (ConfUtils.java:logFallback(53)) - raft.server.rpc.first-election.timeout.max = 5200ms (fallback to raft.server.rpc.timeout.max)
2024-04-28 12:43:53,635 [59f7e7ee-27c3-4dbc-8a0c-a3c2dbd1352c-groupManagement] INFO  util.JmxRegister (JmxRegister.java:tryRegister(44)) - Successfully registered JMX Bean with object name Ratis:service=RaftServer,group=group-0B273A698BB2,id=59f7e7ee-27c3-4dbc-8a0c-a3c2dbd1352c
2024-04-28 12:43:53,635 [59f7e7ee-27c3-4dbc-8a0c-a3c2dbd1352c-groupManagement] INFO  server.RaftServerConfigKeys (ConfUtils.java:logGet(46)) - raft.server.snapshot.trigger-when-stop.enabled = true (default)
2024-04-28 12:43:53,635 [59f7e7ee-27c3-4dbc-8a0c-a3c2dbd1352c-groupManagement] INFO  server.RaftServerConfigKeys (ConfUtils.java:logGet(46)) - raft.server.snapshot.auto.trigger.enabled = true (custom)
2024-04-28 12:43:53,635 [59f7e7ee-27c3-4dbc-8a0c-a3c2dbd1352c-groupManagement] INFO  server.RaftServerConfigKeys (ConfUtils.java:logGet(46)) - raft.server.snapshot.auto.trigger.threshold = 10000 (custom)
2024-04-28 12:43:53,635 [59f7e7ee-27c3-4dbc-8a0c-a3c2dbd1352c-groupManagement] INFO  server.RaftServerConfigKeys (ConfUtils.java:logGet(46)) - raft.server.snapshot.retention.file.num = 5 (custom)
2024-04-28 12:43:53,635 [59f7e7ee-27c3-4dbc-8a0c-a3c2dbd1352c-groupManagement] INFO  server.RaftServerConfigKeys (ConfUtils.java:logGet(46)) - raft.server.log.purge.upto.snapshot.index = false (default)
2024-04-28 12:43:53,636 [59f7e7ee-27c3-4dbc-8a0c-a3c2dbd1352c-PipelineCommandHandlerThread-0] INFO  ratis.XceiverServerRatis (XceiverServerRatis.java:addGroup(864)) - Created group PipelineID=4996bb12-ec0a-4d68-937c-0b273a698bb2
2024-04-28 12:43:53,636 [59f7e7ee-27c3-4dbc-8a0c-a3c2dbd1352c-PipelineCommandHandlerThread-0] INFO  commandhandler.CreatePipelineCommandHandler (CreatePipelineCommandHandler.java:lambda$handle$2(124)) - Created Pipeline RATIS ONE PipelineID=4996bb12-ec0a-4d68-937c-0b273a698bb2.
2024-04-28 12:43:53,636 [59f7e7ee-27c3-4dbc-8a0c-a3c2dbd1352c-PipelineCommandHandlerThread-0] INFO  server.RaftServer (RaftServerProxy.java:addNew(100)) - 59f7e7ee-27c3-4dbc-8a0c-a3c2dbd1352c: addNew group-E75D70240EB6:[0f39c21b-d5b1-40df-b9b4-e74314e680e2|127.0.0.1:15166, 59f7e7ee-27c3-4dbc-8a0c-a3c2dbd1352c|127.0.0.1:15157, bc7e9acf-0dfc-47a3-8dfb-4b83deb456d1|127.0.0.1:15175] returns group-E75D70240EB6:java.util.concurrent.CompletableFuture@7cec0481[Not completed]
2024-04-28 12:43:53,636 [59f7e7ee-27c3-4dbc-8a0c-a3c2dbd1352c-groupManagement] INFO  server.RaftServer$Division (RaftServerImpl.java:<init>(256)) - 59f7e7ee-27c3-4dbc-8a0c-a3c2dbd1352c: new RaftServerImpl for group-E75D70240EB6:[0f39c21b-d5b1-40df-b9b4-e74314e680e2|127.0.0.1:15166, 59f7e7ee-27c3-4dbc-8a0c-a3c2dbd1352c|127.0.0.1:15157, bc7e9acf-0dfc-47a3-8dfb-4b83deb456d1|127.0.0.1:15175] with ContainerStateMachine:uninitialized
2024-04-28 12:43:53,637 [59f7e7ee-27c3-4dbc-8a0c-a3c2dbd1352c-groupManagement] INFO  server.RaftServerConfigKeys (ConfUtils.java:logGet(46)) - raft.server.rpc.timeout.min = 5s (custom)
2024-04-28 12:43:53,637 [59f7e7ee-27c3-4dbc-8a0c-a3c2dbd1352c-groupManagement] INFO  server.RaftServerConfigKeys (ConfUtils.java:logGet(46)) - raft.server.rpc.timeout.max = 5200ms (custom)
2024-04-28 12:43:53,637 [59f7e7ee-27c3-4dbc-8a0c-a3c2dbd1352c-groupManagement] INFO  server.RaftServerConfigKeys (ConfUtils.java:logGet(46)) - raft.server.rpc.sleep.time = 25ms (default)
2024-04-28 12:43:53,637 [59f7e7ee-27c3-4dbc-8a0c-a3c2dbd1352c-groupManagement] INFO  server.RaftServerConfigKeys (ConfUtils.java:logGet(46)) - raft.server.rpc.slowness.timeout = 300000ms (custom)
2024-04-28 12:43:53,637 [59f7e7ee-27c3-4dbc-8a0c-a3c2dbd1352c-groupManagement] INFO  server.RaftServerConfigKeys (ConfUtils.java:logGet(46)) - raft.server.leaderelection.leader.step-down.wait-time = 10s (default)
2024-04-28 12:43:53,637 [59f7e7ee-27c3-4dbc-8a0c-a3c2dbd1352c-groupManagement] INFO  server.RaftServerConfigKeys (ConfUtils.java:logGet(46)) - raft.server.leaderelection.member.majority-add = false (default)
2024-04-28 12:43:53,637 [59f7e7ee-27c3-4dbc-8a0c-a3c2dbd1352c-groupManagement] INFO  server.RaftServerConfigKeys (ConfUtils.java:logGet(46)) - raft.server.sleep.deviation.threshold = 300ms (default)
2024-04-28 12:43:53,637 [59f7e7ee-27c3-4dbc-8a0c-a3c2dbd1352c-groupManagement] INFO  server.RaftServer$Division (ServerState.java:<init>(113)) - 59f7e7ee-27c3-4dbc-8a0c-a3c2dbd1352c@group-E75D70240EB6: ConfigurationManager, init=-1: peers:[0f39c21b-d5b1-40df-b9b4-e74314e680e2|127.0.0.1:15166, 59f7e7ee-27c3-4dbc-8a0c-a3c2dbd1352c|127.0.0.1:15157, bc7e9acf-0dfc-47a3-8dfb-4b83deb456d1|127.0.0.1:15175]|listeners:[], old=null, confs=<EMPTY_MAP>
2024-04-28 12:43:53,637 [59f7e7ee-27c3-4dbc-8a0c-a3c2dbd1352c-groupManagement] INFO  server.RaftServerConfigKeys (ConfUtils.java:logGet(46)) - raft.server.notification.no-leader.timeout = 300000ms (custom)
2024-04-28 12:43:53,637 [59f7e7ee-27c3-4dbc-8a0c-a3c2dbd1352c-groupManagement] INFO  server.RaftServerConfigKeys (ConfUtils.java:logGet(46)) - raft.server.read.timeout = 10s (default)
2024-04-28 12:43:53,637 [59f7e7ee-27c3-4dbc-8a0c-a3c2dbd1352c-groupManagement] INFO  server.RaftServerConfigKeys (ConfUtils.java:logGet(46)) - raft.server.retrycache.expirytime = 600000ms (custom)
2024-04-28 12:43:53,637 [59f7e7ee-27c3-4dbc-8a0c-a3c2dbd1352c-groupManagement] INFO  server.RaftServerConfigKeys (ConfUtils.java:logGet(46)) - raft.server.retrycache.statistics.expirytime = 100ms (default)
2024-04-28 12:43:53,637 [59f7e7ee-27c3-4dbc-8a0c-a3c2dbd1352c-groupManagement] INFO  server.RaftServerConfigKeys (ConfUtils.java:logGet(46)) - raft.server.read.option = DEFAULT (default)
2024-04-28 12:43:53,637 [59f7e7ee-27c3-4dbc-8a0c-a3c2dbd1352c-groupManagement] INFO  server.RaftServerConfigKeys (ConfUtils.java:logGet(46)) - raft.server.read.read-after-write-consistent.write-index-cache.expiry-time = 60s (default)
2024-04-28 12:43:53,639 [59f7e7ee-27c3-4dbc-8a0c-a3c2dbd1352c-groupManagement] INFO  server.RaftServerConfigKeys (ConfUtils.java:logGet(46)) - raft.server.rpc.request.timeout = 3000ms (default)
2024-04-28 12:43:53,640 [59f7e7ee-27c3-4dbc-8a0c-a3c2dbd1352c-groupManagement] INFO  server.RaftServerConfigKeys (ConfUtils.java:logGet(46)) - raft.server.log.appender.install.snapshot.enabled = false (custom)
2024-04-28 12:43:53,640 [59f7e7ee-27c3-4dbc-8a0c-a3c2dbd1352c-groupManagement] INFO  server.RaftServerConfigKeys (ConfUtils.java:logGet(46)) - raft.server.threadpool.server.cached = true (default)
2024-04-28 12:43:53,640 [59f7e7ee-27c3-4dbc-8a0c-a3c2dbd1352c-groupManagement] INFO  server.RaftServerConfigKeys (ConfUtils.java:logGet(46)) - raft.server.threadpool.server.size = 0 (default)
2024-04-28 12:43:53,640 [59f7e7ee-27c3-4dbc-8a0c-a3c2dbd1352c-groupManagement] INFO  server.RaftServerConfigKeys (ConfUtils.java:logGet(46)) - raft.server.threadpool.client.cached = true (default)
2024-04-28 12:43:53,640 [59f7e7ee-27c3-4dbc-8a0c-a3c2dbd1352c-groupManagement] INFO  server.RaftServerConfigKeys (ConfUtils.java:logGet(46)) - raft.server.threadpool.client.size = 0 (default)
2024-04-28 12:43:53,640 [59f7e7ee-27c3-4dbc-8a0c-a3c2dbd1352c-groupManagement] INFO  server.RaftServerConfigKeys (ConfUtils.java:logGet(46)) - raft.server.storage.free-space.min = 0MB (=0) (default)
2024-04-28 12:43:53,640 [59f7e7ee-27c3-4dbc-8a0c-a3c2dbd1352c-groupManagement] INFO  server.RaftServerConfigKeys (ConfUtils.java:logGet(46)) - raft.server.log.corruption.policy = EXCEPTION (default)
2024-04-28 12:43:53,640 [59f7e7ee-27c3-4dbc-8a0c-a3c2dbd1352c-groupManagement] INFO  server.RaftServerConfigKeys (ConfUtils.java:logGet(46)) - raft.server.storage.dir = [/home/runner/work/ozone/ozone/hadoop-ozone/integration-test/target/test-dir/MiniOzoneClusterImpl-fb989876-9371-464e-b996-ece4d3fe3ecb/ozone-meta/datanode-7/ratis] (custom)
2024-04-28 12:43:53,640 [59f7e7ee-27c3-4dbc-8a0c-a3c2dbd1352c-groupManagement] INFO  storage.RaftStorageDirectory (RaftStorageDirectoryImpl.java:analyzeStorage(138)) - The storage directory /home/runner/work/ozone/ozone/hadoop-ozone/integration-test/target/test-dir/MiniOzoneClusterImpl-fb989876-9371-464e-b996-ece4d3fe3ecb/ozone-meta/datanode-7/ratis/3677031e-92e1-4d32-a29a-e75d70240eb6 does not exist. Creating ...
2024-04-28 12:43:53,641 [59f7e7ee-27c3-4dbc-8a0c-a3c2dbd1352c-groupManagement] INFO  storage.RaftStorageDirectory (RaftStorageDirectoryImpl.java:tryLock(228)) - Lock on /home/runner/work/ozone/ozone/hadoop-ozone/integration-test/target/test-dir/MiniOzoneClusterImpl-fb989876-9371-464e-b996-ece4d3fe3ecb/ozone-meta/datanode-7/ratis/3677031e-92e1-4d32-a29a-e75d70240eb6/in_use.lock acquired by nodename 21404@fv-az1392-52
2024-04-28 12:43:53,641 [59f7e7ee-27c3-4dbc-8a0c-a3c2dbd1352c-groupManagement] INFO  storage.RaftStorage (RaftStorageImpl.java:format(99)) - Storage directory /home/runner/work/ozone/ozone/hadoop-ozone/integration-test/target/test-dir/MiniOzoneClusterImpl-fb989876-9371-464e-b996-ece4d3fe3ecb/ozone-meta/datanode-7/ratis/3677031e-92e1-4d32-a29a-e75d70240eb6 has been successfully formatted.
2024-04-28 12:43:53,642 [59f7e7ee-27c3-4dbc-8a0c-a3c2dbd1352c-groupManagement] WARN  util.FileUtils (LogUtils.java:supplyAndLog(63)) - Failed to Files.newInputStream /home/runner/work/ozone/ozone/hadoop-ozone/integration-test/target/test-dir/MiniOzoneClusterImpl-fb989876-9371-464e-b996-ece4d3fe3ecb/ozone-meta/datanode-7/ratis/3677031e-92e1-4d32-a29a-e75d70240eb6/current/raft-meta.conf with options []: java.nio.file.NoSuchFileException: /home/runner/work/ozone/ozone/hadoop-ozone/integration-test/target/test-dir/MiniOzoneClusterImpl-fb989876-9371-464e-b996-ece4d3fe3ecb/ozone-meta/datanode-7/ratis/3677031e-92e1-4d32-a29a-e75d70240eb6/current/raft-meta.conf
2024-04-28 12:43:53,642 [59f7e7ee-27c3-4dbc-8a0c-a3c2dbd1352c-groupManagement] INFO  ratis.ContainerStateMachine (ContainerStateMachine.java:loadSnapshot(287)) - group-E75D70240EB6: The snapshot info is null. Setting the last applied index to:(t:0, i:~)
2024-04-28 12:43:53,642 [59f7e7ee-27c3-4dbc-8a0c-a3c2dbd1352c-groupManagement] INFO  server.RaftServerConfigKeys (ConfUtils.java:logGet(46)) - raft.server.log.use.memory = false (default)
2024-04-28 12:43:53,642 [59f7e7ee-27c3-4dbc-8a0c-a3c2dbd1352c-groupManagement] INFO  server.RaftServerConfigKeys (ConfUtils.java:logGet(46)) - raft.server.log.purge.gap = 1000000 (custom)
2024-04-28 12:43:53,642 [59f7e7ee-27c3-4dbc-8a0c-a3c2dbd1352c-groupManagement] INFO  server.RaftServerConfigKeys (ConfUtils.java:logGet(46)) - raft.server.log.appender.buffer.byte-limit = 8388608 (custom)
2024-04-28 12:43:53,642 [59f7e7ee-27c3-4dbc-8a0c-a3c2dbd1352c-groupManagement] INFO  server.RaftServerConfigKeys (ConfUtils.java:logGet(46)) - raft.server.log.statemachine.data.read.timeout = 1000ms (default)
2024-04-28 12:43:53,642 [59f7e7ee-27c3-4dbc-8a0c-a3c2dbd1352c-groupManagement] INFO  server.RaftServerConfigKeys (ConfUtils.java:logGet(46)) - raft.server.log.purge.preservation.log.num = 0 (default)
2024-04-28 12:43:53,643 [EventQueue-OpenPipelineForHealthyPipelineSafeModeRule] INFO  safemode.SCMSafeModeManager (HealthyPipelineSafeModeRule.java:process(140)) - SCM in safe mode. Healthy pipelines reported count is 0, required healthy pipeline reported count is 1
2024-04-28 12:43:53,644 [59f7e7ee-27c3-4dbc-8a0c-a3c2dbd1352c-groupManagement] INFO  server.RaftServerConfigKeys (ConfUtils.java:logGet(46)) - raft.server.log.segment.size.max = 67108864 (custom)
2024-04-28 12:43:53,644 [59f7e7ee-27c3-4dbc-8a0c-a3c2dbd1352c-groupManagement] INFO  server.RaftServerConfigKeys (ConfUtils.java:logGet(46)) - raft.server.log.segment.cache.num.max = 2 (custom)
2024-04-28 12:43:53,644 [59f7e7ee-27c3-4dbc-8a0c-a3c2dbd1352c-groupManagement] INFO  server.RaftServerConfigKeys (ConfUtils.java:logGet(46)) - raft.server.log.segment.cache.size.max = 200MB (=209715200) (default)
2024-04-28 12:43:53,644 [59f7e7ee-27c3-4dbc-8a0c-a3c2dbd1352c-groupManagement] INFO  server.RaftServerConfigKeys (ConfUtils.java:logGet(46)) - raft.server.log.appender.buffer.byte-limit = 8388608 (custom)
2024-04-28 12:43:53,644 [59f7e7ee-27c3-4dbc-8a0c-a3c2dbd1352c-groupManagement] INFO  util.AwaitToRun (AwaitToRun.java:start(81)) - Thread[59f7e7ee-27c3-4dbc-8a0c-a3c2dbd1352c@group-E75D70240EB6-cacheEviction-AwaitToRun,5,main] started
2024-04-28 12:43:53,644 [59f7e7ee-27c3-4dbc-8a0c-a3c2dbd1352c-groupManagement] INFO  segmented.SegmentedRaftLogWorker (SegmentedRaftLogWorker.java:<init>(182)) - new 59f7e7ee-27c3-4dbc-8a0c-a3c2dbd1352c@group-E75D70240EB6-SegmentedRaftLogWorker for RaftStorageImpl:Storage Directory /home/runner/work/ozone/ozone/hadoop-ozone/integration-test/target/test-dir/MiniOzoneClusterImpl-fb989876-9371-464e-b996-ece4d3fe3ecb/ozone-meta/datanode-7/ratis/3677031e-92e1-4d32-a29a-e75d70240eb6
2024-04-28 12:43:53,644 [59f7e7ee-27c3-4dbc-8a0c-a3c2dbd1352c-groupManagement] INFO  server.RaftServerConfigKeys (ConfUtils.java:logGet(46)) - raft.server.log.queue.byte-limit = 4294967296 (custom)
2024-04-28 12:43:53,645 [59f7e7ee-27c3-4dbc-8a0c-a3c2dbd1352c-groupManagement] INFO  server.RaftServerConfigKeys (ConfUtils.java:logGet(46)) - raft.server.log.queue.element-limit = 1024 (custom)
2024-04-28 12:43:53,645 [59f7e7ee-27c3-4dbc-8a0c-a3c2dbd1352c-groupManagement] INFO  server.RaftServerConfigKeys (ConfUtils.java:logGet(46)) - raft.server.log.segment.size.max = 67108864 (custom)
2024-04-28 12:43:53,645 [59f7e7ee-27c3-4dbc-8a0c-a3c2dbd1352c-groupManagement] INFO  server.RaftServerConfigKeys (ConfUtils.java:logGet(46)) - raft.server.log.preallocated.size = 4194304 (custom)
2024-04-28 12:43:53,645 [59f7e7ee-27c3-4dbc-8a0c-a3c2dbd1352c-groupManagement] INFO  server.RaftServerConfigKeys (ConfUtils.java:logGet(46)) - raft.server.log.force.sync.num = 128 (default)
2024-04-28 12:43:53,645 [59f7e7ee-27c3-4dbc-8a0c-a3c2dbd1352c-groupManagement] INFO  server.RaftServerConfigKeys (ConfUtils.java:logGet(46)) - raft.server.log.statemachine.data.sync = true (default)
2024-04-28 12:43:53,645 [59f7e7ee-27c3-4dbc-8a0c-a3c2dbd1352c-groupManagement] INFO  server.RaftServerConfigKeys (ConfUtils.java:logGet(46)) - raft.server.log.statemachine.data.sync.timeout = 10s (default)
2024-04-28 12:43:53,645 [59f7e7ee-27c3-4dbc-8a0c-a3c2dbd1352c-groupManagement] INFO  server.RaftServerConfigKeys (ConfUtils.java:logGet(46)) - raft.server.log.statemachine.data.sync.timeout.retry = 30 (custom)
2024-04-28 12:43:53,645 [59f7e7ee-27c3-4dbc-8a0c-a3c2dbd1352c-groupManagement] INFO  server.RaftServerConfigKeys (ConfUtils.java:logGet(46)) - raft.server.log.write.buffer.size = 8388616 (custom)
2024-04-28 12:43:53,646 [59f7e7ee-27c3-4dbc-8a0c-a3c2dbd1352c-groupManagement] INFO  server.RaftServerConfigKeys (ConfUtils.java:logGet(46)) - raft.server.log.appender.buffer.byte-limit = 8388608 (custom)
2024-04-28 12:43:53,646 [59f7e7ee-27c3-4dbc-8a0c-a3c2dbd1352c-groupManagement] INFO  server.RaftServerConfigKeys (ConfUtils.java:logGet(46)) - raft.server.log.unsafe-flush.enabled = false (default)
2024-04-28 12:43:53,646 [59f7e7ee-27c3-4dbc-8a0c-a3c2dbd1352c-groupManagement] INFO  server.RaftServerConfigKeys (ConfUtils.java:logGet(46)) - raft.server.log.async-flush.enabled = false (default)
2024-04-28 12:43:53,646 [59f7e7ee-27c3-4dbc-8a0c-a3c2dbd1352c-groupManagement] INFO  server.RaftServerConfigKeys (ConfUtils.java:logGet(46)) - raft.server.log.statemachine.data.caching.enabled = true (custom)
2024-04-28 12:43:53,647 [59f7e7ee-27c3-4dbc-8a0c-a3c2dbd1352c-groupManagement] INFO  segmented.SegmentedRaftLogWorker (SegmentedRaftLogWorker.java:lambda$new$0(134)) - 59f7e7ee-27c3-4dbc-8a0c-a3c2dbd1352c@group-E75D70240EB6-SegmentedRaftLogWorker: flushIndex: setUnconditionally 0 -> -1
2024-04-28 12:43:53,647 [59f7e7ee-27c3-4dbc-8a0c-a3c2dbd1352c-groupManagement] INFO  segmented.SegmentedRaftLogWorker (SegmentedRaftLogWorker.java:lambda$new$0(134)) - 59f7e7ee-27c3-4dbc-8a0c-a3c2dbd1352c@group-E75D70240EB6-SegmentedRaftLogWorker: safeCacheEvictIndex: setUnconditionally 0 -> -1
2024-04-28 12:43:53,647 [59f7e7ee-27c3-4dbc-8a0c-a3c2dbd1352c-groupManagement] INFO  server.RaftServer$Division (RaftServerImpl.java:start(396)) - 59f7e7ee-27c3-4dbc-8a0c-a3c2dbd1352c@group-E75D70240EB6: start as a follower, conf=-1: peers:[0f39c21b-d5b1-40df-b9b4-e74314e680e2|127.0.0.1:15166, 59f7e7ee-27c3-4dbc-8a0c-a3c2dbd1352c|127.0.0.1:15157, bc7e9acf-0dfc-47a3-8dfb-4b83deb456d1|127.0.0.1:15175]|listeners:[], old=null
2024-04-28 12:43:53,647 [59f7e7ee-27c3-4dbc-8a0c-a3c2dbd1352c-groupManagement] INFO  server.RaftServer$Division (RaftServerImpl.java:setRole(383)) - 59f7e7ee-27c3-4dbc-8a0c-a3c2dbd1352c@group-E75D70240EB6: changes role from      null to FOLLOWER at term 0 for startAsFollower
2024-04-28 12:43:53,647 [59f7e7ee-27c3-4dbc-8a0c-a3c2dbd1352c-groupManagement] INFO  impl.RoleInfo (RoleInfo.java:updateAndGet(139)) - 59f7e7ee-27c3-4dbc-8a0c-a3c2dbd1352c: start 59f7e7ee-27c3-4dbc-8a0c-a3c2dbd1352c@group-E75D70240EB6-FollowerState
2024-04-28 12:43:53,647 [59f7e7ee-27c3-4dbc-8a0c-a3c2dbd1352c@group-E75D70240EB6-FollowerState] INFO  server.RaftServerConfigKeys (ConfUtils.java:logFallback(53)) - raft.server.rpc.first-election.timeout.min = 5s (fallback to raft.server.rpc.timeout.min)
2024-04-28 12:43:53,647 [59f7e7ee-27c3-4dbc-8a0c-a3c2dbd1352c@group-E75D70240EB6-FollowerState] INFO  server.RaftServerConfigKeys (ConfUtils.java:logFallback(53)) - raft.server.rpc.first-election.timeout.max = 5200ms (fallback to raft.server.rpc.timeout.max)
2024-04-28 12:43:53,647 [59f7e7ee-27c3-4dbc-8a0c-a3c2dbd1352c-groupManagement] INFO  util.JmxRegister (JmxRegister.java:tryRegister(44)) - Successfully registered JMX Bean with object name Ratis:service=RaftServer,group=group-E75D70240EB6,id=59f7e7ee-27c3-4dbc-8a0c-a3c2dbd1352c
2024-04-28 12:43:53,647 [59f7e7ee-27c3-4dbc-8a0c-a3c2dbd1352c-groupManagement] INFO  server.RaftServerConfigKeys (ConfUtils.java:logGet(46)) - raft.server.snapshot.trigger-when-stop.enabled = true (default)
2024-04-28 12:43:53,647 [59f7e7ee-27c3-4dbc-8a0c-a3c2dbd1352c-groupManagement] INFO  server.RaftServerConfigKeys (ConfUtils.java:logGet(46)) - raft.server.snapshot.auto.trigger.enabled = true (custom)
2024-04-28 12:43:53,648 [59f7e7ee-27c3-4dbc-8a0c-a3c2dbd1352c-groupManagement] INFO  server.RaftServerConfigKeys (ConfUtils.java:logGet(46)) - raft.server.snapshot.auto.trigger.threshold = 10000 (custom)
2024-04-28 12:43:53,648 [59f7e7ee-27c3-4dbc-8a0c-a3c2dbd1352c-groupManagement] INFO  server.RaftServerConfigKeys (ConfUtils.java:logGet(46)) - raft.server.snapshot.retention.file.num = 5 (custom)
2024-04-28 12:43:53,648 [59f7e7ee-27c3-4dbc-8a0c-a3c2dbd1352c-groupManagement] INFO  server.RaftServerConfigKeys (ConfUtils.java:logGet(46)) - raft.server.log.purge.upto.snapshot.index = false (default)
2024-04-28 12:43:53,648 [59f7e7ee-27c3-4dbc-8a0c-a3c2dbd1352c-PipelineCommandHandlerThread-0] INFO  ratis.XceiverServerRatis (XceiverServerRatis.java:addGroup(864)) - Created group PipelineID=3677031e-92e1-4d32-a29a-e75d70240eb6
2024-04-28 12:43:53,654 [grpc-default-executor-0] INFO  server.RaftServer (RaftServerProxy.java:addNew(100)) - bc7e9acf-0dfc-47a3-8dfb-4b83deb456d1: addNew group-E75D70240EB6:[0f39c21b-d5b1-40df-b9b4-e74314e680e2|127.0.0.1:15166, 59f7e7ee-27c3-4dbc-8a0c-a3c2dbd1352c|127.0.0.1:15157, bc7e9acf-0dfc-47a3-8dfb-4b83deb456d1|127.0.0.1:15175] returns group-E75D70240EB6:java.util.concurrent.CompletableFuture@3bb85db0[Not completed]
2024-04-28 12:43:53,655 [bc7e9acf-0dfc-47a3-8dfb-4b83deb456d1-groupManagement] INFO  server.RaftServer$Division (RaftServerImpl.java:<init>(256)) - bc7e9acf-0dfc-47a3-8dfb-4b83deb456d1: new RaftServerImpl for group-E75D70240EB6:[0f39c21b-d5b1-40df-b9b4-e74314e680e2|127.0.0.1:15166, 59f7e7ee-27c3-4dbc-8a0c-a3c2dbd1352c|127.0.0.1:15157, bc7e9acf-0dfc-47a3-8dfb-4b83deb456d1|127.0.0.1:15175] with ContainerStateMachine:uninitialized
2024-04-28 12:43:53,655 [bc7e9acf-0dfc-47a3-8dfb-4b83deb456d1-groupManagement] INFO  server.RaftServerConfigKeys (ConfUtils.java:logGet(46)) - raft.server.rpc.timeout.min = 5s (custom)
2024-04-28 12:43:53,655 [bc7e9acf-0dfc-47a3-8dfb-4b83deb456d1-groupManagement] INFO  server.RaftServerConfigKeys (ConfUtils.java:logGet(46)) - raft.server.rpc.timeout.max = 5200ms (custom)
2024-04-28 12:43:53,656 [bc7e9acf-0dfc-47a3-8dfb-4b83deb456d1-groupManagement] INFO  server.RaftServerConfigKeys (ConfUtils.java:logGet(46)) - raft.server.rpc.sleep.time = 25ms (default)
2024-04-28 12:43:53,656 [bc7e9acf-0dfc-47a3-8dfb-4b83deb456d1-groupManagement] INFO  server.RaftServerConfigKeys (ConfUtils.java:logGet(46)) - raft.server.rpc.slowness.timeout = 300000ms (custom)
2024-04-28 12:43:53,656 [bc7e9acf-0dfc-47a3-8dfb-4b83deb456d1-groupManagement] INFO  server.RaftServerConfigKeys (ConfUtils.java:logGet(46)) - raft.server.leaderelection.leader.step-down.wait-time = 10s (default)
2024-04-28 12:43:53,656 [bc7e9acf-0dfc-47a3-8dfb-4b83deb456d1-groupManagement] INFO  server.RaftServerConfigKeys (ConfUtils.java:logGet(46)) - raft.server.leaderelection.member.majority-add = false (default)
2024-04-28 12:43:53,656 [bc7e9acf-0dfc-47a3-8dfb-4b83deb456d1-groupManagement] INFO  server.RaftServerConfigKeys (ConfUtils.java:logGet(46)) - raft.server.sleep.deviation.threshold = 300ms (default)
2024-04-28 12:43:53,656 [bc7e9acf-0dfc-47a3-8dfb-4b83deb456d1-groupManagement] INFO  server.RaftServer$Division (ServerState.java:<init>(113)) - bc7e9acf-0dfc-47a3-8dfb-4b83deb456d1@group-E75D70240EB6: ConfigurationManager, init=-1: peers:[0f39c21b-d5b1-40df-b9b4-e74314e680e2|127.0.0.1:15166, 59f7e7ee-27c3-4dbc-8a0c-a3c2dbd1352c|127.0.0.1:15157, bc7e9acf-0dfc-47a3-8dfb-4b83deb456d1|127.0.0.1:15175]|listeners:[], old=null, confs=<EMPTY_MAP>
2024-04-28 12:43:53,656 [bc7e9acf-0dfc-47a3-8dfb-4b83deb456d1-groupManagement] INFO  server.RaftServerConfigKeys (ConfUtils.java:logGet(46)) - raft.server.notification.no-leader.timeout = 300000ms (custom)
2024-04-28 12:43:53,656 [bc7e9acf-0dfc-47a3-8dfb-4b83deb456d1-groupManagement] INFO  server.RaftServerConfigKeys (ConfUtils.java:logGet(46)) - raft.server.read.timeout = 10s (default)
2024-04-28 12:43:53,656 [bc7e9acf-0dfc-47a3-8dfb-4b83deb456d1-groupManagement] INFO  server.RaftServerConfigKeys (ConfUtils.java:logGet(46)) - raft.server.retrycache.expirytime = 600000ms (custom)
2024-04-28 12:43:53,656 [bc7e9acf-0dfc-47a3-8dfb-4b83deb456d1-groupManagement] INFO  server.RaftServerConfigKeys (ConfUtils.java:logGet(46)) - raft.server.retrycache.statistics.expirytime = 100ms (default)
2024-04-28 12:43:53,657 [bc7e9acf-0dfc-47a3-8dfb-4b83deb456d1-groupManagement] INFO  server.RaftServerConfigKeys (ConfUtils.java:logGet(46)) - raft.server.read.option = DEFAULT (default)
2024-04-28 12:43:53,657 [bc7e9acf-0dfc-47a3-8dfb-4b83deb456d1-groupManagement] INFO  server.RaftServerConfigKeys (ConfUtils.java:logGet(46)) - raft.server.read.read-after-write-consistent.write-index-cache.expiry-time = 60s (default)
2024-04-28 12:43:53,660 [bc7e9acf-0dfc-47a3-8dfb-4b83deb456d1-groupManagement] INFO  server.RaftServerConfigKeys (ConfUtils.java:logGet(46)) - raft.server.rpc.request.timeout = 3000ms (default)
2024-04-28 12:43:53,660 [bc7e9acf-0dfc-47a3-8dfb-4b83deb456d1-groupManagement] INFO  server.RaftServerConfigKeys (ConfUtils.java:logGet(46)) - raft.server.log.appender.install.snapshot.enabled = false (custom)
2024-04-28 12:43:53,660 [bc7e9acf-0dfc-47a3-8dfb-4b83deb456d1-groupManagement] INFO  server.RaftServerConfigKeys (ConfUtils.java:logGet(46)) - raft.server.threadpool.server.cached = true (default)
2024-04-28 12:43:53,660 [bc7e9acf-0dfc-47a3-8dfb-4b83deb456d1-groupManagement] INFO  server.RaftServerConfigKeys (ConfUtils.java:logGet(46)) - raft.server.threadpool.server.size = 0 (default)
2024-04-28 12:43:53,660 [bc7e9acf-0dfc-47a3-8dfb-4b83deb456d1-groupManagement] INFO  server.RaftServerConfigKeys (ConfUtils.java:logGet(46)) - raft.server.threadpool.client.cached = true (default)
2024-04-28 12:43:53,660 [bc7e9acf-0dfc-47a3-8dfb-4b83deb456d1-groupManagement] INFO  server.RaftServerConfigKeys (ConfUtils.java:logGet(46)) - raft.server.threadpool.client.size = 0 (default)
2024-04-28 12:43:53,660 [bc7e9acf-0dfc-47a3-8dfb-4b83deb456d1-groupManagement] INFO  server.RaftServerConfigKeys (ConfUtils.java:logGet(46)) - raft.server.storage.free-space.min = 0MB (=0) (default)
2024-04-28 12:43:53,660 [bc7e9acf-0dfc-47a3-8dfb-4b83deb456d1-groupManagement] INFO  server.RaftServerConfigKeys (ConfUtils.java:logGet(46)) - raft.server.log.corruption.policy = EXCEPTION (default)
2024-04-28 12:43:53,661 [bc7e9acf-0dfc-47a3-8dfb-4b83deb456d1-groupManagement] INFO  server.RaftServerConfigKeys (ConfUtils.java:logGet(46)) - raft.server.storage.dir = [/home/runner/work/ozone/ozone/hadoop-ozone/integration-test/target/test-dir/MiniOzoneClusterImpl-fb989876-9371-464e-b996-ece4d3fe3ecb/ozone-meta/datanode-9/ratis] (custom)
2024-04-28 12:43:53,661 [bc7e9acf-0dfc-47a3-8dfb-4b83deb456d1-groupManagement] INFO  storage.RaftStorageDirectory (RaftStorageDirectoryImpl.java:analyzeStorage(138)) - The storage directory /home/runner/work/ozone/ozone/hadoop-ozone/integration-test/target/test-dir/MiniOzoneClusterImpl-fb989876-9371-464e-b996-ece4d3fe3ecb/ozone-meta/datanode-9/ratis/3677031e-92e1-4d32-a29a-e75d70240eb6 does not exist. Creating ...
2024-04-28 12:43:53,662 [bc7e9acf-0dfc-47a3-8dfb-4b83deb456d1-groupManagement] INFO  storage.RaftStorageDirectory (RaftStorageDirectoryImpl.java:tryLock(228)) - Lock on /home/runner/work/ozone/ozone/hadoop-ozone/integration-test/target/test-dir/MiniOzoneClusterImpl-fb989876-9371-464e-b996-ece4d3fe3ecb/ozone-meta/datanode-9/ratis/3677031e-92e1-4d32-a29a-e75d70240eb6/in_use.lock acquired by nodename 21404@fv-az1392-52
2024-04-28 12:43:53,662 [bc7e9acf-0dfc-47a3-8dfb-4b83deb456d1-groupManagement] INFO  storage.RaftStorage (RaftStorageImpl.java:format(99)) - Storage directory /home/runner/work/ozone/ozone/hadoop-ozone/integration-test/target/test-dir/MiniOzoneClusterImpl-fb989876-9371-464e-b996-ece4d3fe3ecb/ozone-meta/datanode-9/ratis/3677031e-92e1-4d32-a29a-e75d70240eb6 has been successfully formatted.
2024-04-28 12:43:53,663 [bc7e9acf-0dfc-47a3-8dfb-4b83deb456d1-groupManagement] WARN  util.FileUtils (LogUtils.java:supplyAndLog(63)) - Failed to Files.newInputStream /home/runner/work/ozone/ozone/hadoop-ozone/integration-test/target/test-dir/MiniOzoneClusterImpl-fb989876-9371-464e-b996-ece4d3fe3ecb/ozone-meta/datanode-9/ratis/3677031e-92e1-4d32-a29a-e75d70240eb6/current/raft-meta.conf with options []: java.nio.file.NoSuchFileException: /home/runner/work/ozone/ozone/hadoop-ozone/integration-test/target/test-dir/MiniOzoneClusterImpl-fb989876-9371-464e-b996-ece4d3fe3ecb/ozone-meta/datanode-9/ratis/3677031e-92e1-4d32-a29a-e75d70240eb6/current/raft-meta.conf
2024-04-28 12:43:53,663 [bc7e9acf-0dfc-47a3-8dfb-4b83deb456d1-groupManagement] INFO  ratis.ContainerStateMachine (ContainerStateMachine.java:loadSnapshot(287)) - group-E75D70240EB6: The snapshot info is null. Setting the last applied index to:(t:0, i:~)
2024-04-28 12:43:53,663 [bc7e9acf-0dfc-47a3-8dfb-4b83deb456d1-groupManagement] INFO  server.RaftServerConfigKeys (ConfUtils.java:logGet(46)) - raft.server.log.use.memory = false (default)
2024-04-28 12:43:53,663 [bc7e9acf-0dfc-47a3-8dfb-4b83deb456d1-groupManagement] INFO  server.RaftServerConfigKeys (ConfUtils.java:logGet(46)) - raft.server.log.purge.gap = 1000000 (custom)
2024-04-28 12:43:53,663 [bc7e9acf-0dfc-47a3-8dfb-4b83deb456d1-groupManagement] INFO  server.RaftServerConfigKeys (ConfUtils.java:logGet(46)) - raft.server.log.appender.buffer.byte-limit = 8388608 (custom)
2024-04-28 12:43:53,663 [bc7e9acf-0dfc-47a3-8dfb-4b83deb456d1-groupManagement] INFO  server.RaftServerConfigKeys (ConfUtils.java:logGet(46)) - raft.server.log.statemachine.data.read.timeout = 1000ms (default)
2024-04-28 12:43:53,663 [bc7e9acf-0dfc-47a3-8dfb-4b83deb456d1-groupManagement] INFO  server.RaftServerConfigKeys (ConfUtils.java:logGet(46)) - raft.server.log.purge.preservation.log.num = 0 (default)
2024-04-28 12:43:53,665 [bc7e9acf-0dfc-47a3-8dfb-4b83deb456d1-groupManagement] INFO  server.RaftServerConfigKeys (ConfUtils.java:logGet(46)) - raft.server.log.segment.size.max = 67108864 (custom)
2024-04-28 12:43:53,665 [bc7e9acf-0dfc-47a3-8dfb-4b83deb456d1-groupManagement] INFO  server.RaftServerConfigKeys (ConfUtils.java:logGet(46)) - raft.server.log.segment.cache.num.max = 2 (custom)
2024-04-28 12:43:53,665 [bc7e9acf-0dfc-47a3-8dfb-4b83deb456d1-groupManagement] INFO  server.RaftServerConfigKeys (ConfUtils.java:logGet(46)) - raft.server.log.segment.cache.size.max = 200MB (=209715200) (default)
2024-04-28 12:43:53,665 [bc7e9acf-0dfc-47a3-8dfb-4b83deb456d1-groupManagement] INFO  server.RaftServerConfigKeys (ConfUtils.java:logGet(46)) - raft.server.log.appender.buffer.byte-limit = 8388608 (custom)
2024-04-28 12:43:53,665 [bc7e9acf-0dfc-47a3-8dfb-4b83deb456d1-groupManagement] INFO  util.AwaitToRun (AwaitToRun.java:start(81)) - Thread[bc7e9acf-0dfc-47a3-8dfb-4b83deb456d1@group-E75D70240EB6-cacheEviction-AwaitToRun,5,main] started
2024-04-28 12:43:53,665 [bc7e9acf-0dfc-47a3-8dfb-4b83deb456d1-groupManagement] INFO  segmented.SegmentedRaftLogWorker (SegmentedRaftLogWorker.java:<init>(182)) - new bc7e9acf-0dfc-47a3-8dfb-4b83deb456d1@group-E75D70240EB6-SegmentedRaftLogWorker for RaftStorageImpl:Storage Directory /home/runner/work/ozone/ozone/hadoop-ozone/integration-test/target/test-dir/MiniOzoneClusterImpl-fb989876-9371-464e-b996-ece4d3fe3ecb/ozone-meta/datanode-9/ratis/3677031e-92e1-4d32-a29a-e75d70240eb6
2024-04-28 12:43:53,665 [bc7e9acf-0dfc-47a3-8dfb-4b83deb456d1-groupManagement] INFO  server.RaftServerConfigKeys (ConfUtils.java:logGet(46)) - raft.server.log.queue.byte-limit = 4294967296 (custom)
2024-04-28 12:43:53,666 [bc7e9acf-0dfc-47a3-8dfb-4b83deb456d1-groupManagement] INFO  server.RaftServerConfigKeys (ConfUtils.java:logGet(46)) - raft.server.log.queue.element-limit = 1024 (custom)
2024-04-28 12:43:53,666 [bc7e9acf-0dfc-47a3-8dfb-4b83deb456d1-groupManagement] INFO  server.RaftServerConfigKeys (ConfUtils.java:logGet(46)) - raft.server.log.segment.size.max = 67108864 (custom)
2024-04-28 12:43:53,666 [bc7e9acf-0dfc-47a3-8dfb-4b83deb456d1-groupManagement] INFO  server.RaftServerConfigKeys (ConfUtils.java:logGet(46)) - raft.server.log.preallocated.size = 4194304 (custom)
2024-04-28 12:43:53,666 [bc7e9acf-0dfc-47a3-8dfb-4b83deb456d1-groupManagement] INFO  server.RaftServerConfigKeys (ConfUtils.java:logGet(46)) - raft.server.log.force.sync.num = 128 (default)
2024-04-28 12:43:53,666 [bc7e9acf-0dfc-47a3-8dfb-4b83deb456d1-groupManagement] INFO  server.RaftServerConfigKeys (ConfUtils.java:logGet(46)) - raft.server.log.statemachine.data.sync = true (default)
2024-04-28 12:43:53,666 [bc7e9acf-0dfc-47a3-8dfb-4b83deb456d1-groupManagement] INFO  server.RaftServerConfigKeys (ConfUtils.java:logGet(46)) - raft.server.log.statemachine.data.sync.timeout = 10s (default)
2024-04-28 12:43:53,666 [bc7e9acf-0dfc-47a3-8dfb-4b83deb456d1-groupManagement] INFO  server.RaftServerConfigKeys (ConfUtils.java:logGet(46)) - raft.server.log.statemachine.data.sync.timeout.retry = 30 (custom)
2024-04-28 12:43:53,666 [bc7e9acf-0dfc-47a3-8dfb-4b83deb456d1-groupManagement] INFO  server.RaftServerConfigKeys (ConfUtils.java:logGet(46)) - raft.server.log.write.buffer.size = 8388616 (custom)
2024-04-28 12:43:53,667 [bc7e9acf-0dfc-47a3-8dfb-4b83deb456d1-groupManagement] INFO  server.RaftServerConfigKeys (ConfUtils.java:logGet(46)) - raft.server.log.appender.buffer.byte-limit = 8388608 (custom)
2024-04-28 12:43:53,667 [bc7e9acf-0dfc-47a3-8dfb-4b83deb456d1-groupManagement] INFO  server.RaftServerConfigKeys (ConfUtils.java:logGet(46)) - raft.server.log.unsafe-flush.enabled = false (default)
2024-04-28 12:43:53,667 [bc7e9acf-0dfc-47a3-8dfb-4b83deb456d1-groupManagement] INFO  server.RaftServerConfigKeys (ConfUtils.java:logGet(46)) - raft.server.log.async-flush.enabled = false (default)
2024-04-28 12:43:53,667 [bc7e9acf-0dfc-47a3-8dfb-4b83deb456d1-groupManagement] INFO  server.RaftServerConfigKeys (ConfUtils.java:logGet(46)) - raft.server.log.statemachine.data.caching.enabled = true (custom)
2024-04-28 12:43:53,668 [bc7e9acf-0dfc-47a3-8dfb-4b83deb456d1-groupManagement] INFO  segmented.SegmentedRaftLogWorker (SegmentedRaftLogWorker.java:lambda$new$0(134)) - bc7e9acf-0dfc-47a3-8dfb-4b83deb456d1@group-E75D70240EB6-SegmentedRaftLogWorker: flushIndex: setUnconditionally 0 -> -1
2024-04-28 12:43:53,668 [bc7e9acf-0dfc-47a3-8dfb-4b83deb456d1-groupManagement] INFO  segmented.SegmentedRaftLogWorker (SegmentedRaftLogWorker.java:lambda$new$0(134)) - bc7e9acf-0dfc-47a3-8dfb-4b83deb456d1@group-E75D70240EB6-SegmentedRaftLogWorker: safeCacheEvictIndex: setUnconditionally 0 -> -1
2024-04-28 12:43:53,668 [bc7e9acf-0dfc-47a3-8dfb-4b83deb456d1-groupManagement] INFO  server.RaftServer$Division (RaftServerImpl.java:start(396)) - bc7e9acf-0dfc-47a3-8dfb-4b83deb456d1@group-E75D70240EB6: start as a follower, conf=-1: peers:[0f39c21b-d5b1-40df-b9b4-e74314e680e2|127.0.0.1:15166, 59f7e7ee-27c3-4dbc-8a0c-a3c2dbd1352c|127.0.0.1:15157, bc7e9acf-0dfc-47a3-8dfb-4b83deb456d1|127.0.0.1:15175]|listeners:[], old=null
2024-04-28 12:43:53,668 [bc7e9acf-0dfc-47a3-8dfb-4b83deb456d1-groupManagement] INFO  server.RaftServer$Division (RaftServerImpl.java:setRole(383)) - bc7e9acf-0dfc-47a3-8dfb-4b83deb456d1@group-E75D70240EB6: changes role from      null to FOLLOWER at term 0 for startAsFollower
2024-04-28 12:43:53,668 [bc7e9acf-0dfc-47a3-8dfb-4b83deb456d1-groupManagement] INFO  impl.RoleInfo (RoleInfo.java:updateAndGet(139)) - bc7e9acf-0dfc-47a3-8dfb-4b83deb456d1: start bc7e9acf-0dfc-47a3-8dfb-4b83deb456d1@group-E75D70240EB6-FollowerState
2024-04-28 12:43:53,668 [bc7e9acf-0dfc-47a3-8dfb-4b83deb456d1-groupManagement] INFO  util.JmxRegister (JmxRegister.java:tryRegister(44)) - Successfully registered JMX Bean with object name Ratis:service=RaftServer,group=group-E75D70240EB6,id=bc7e9acf-0dfc-47a3-8dfb-4b83deb456d1
2024-04-28 12:43:53,668 [bc7e9acf-0dfc-47a3-8dfb-4b83deb456d1-groupManagement] INFO  server.RaftServerConfigKeys (ConfUtils.java:logGet(46)) - raft.server.snapshot.trigger-when-stop.enabled = true (default)
2024-04-28 12:43:53,668 [bc7e9acf-0dfc-47a3-8dfb-4b83deb456d1-groupManagement] INFO  server.RaftServerConfigKeys (ConfUtils.java:logGet(46)) - raft.server.snapshot.auto.trigger.enabled = true (custom)
2024-04-28 12:43:53,668 [bc7e9acf-0dfc-47a3-8dfb-4b83deb456d1-groupManagement] INFO  server.RaftServerConfigKeys (ConfUtils.java:logGet(46)) - raft.server.snapshot.auto.trigger.threshold = 10000 (custom)
2024-04-28 12:43:53,668 [bc7e9acf-0dfc-47a3-8dfb-4b83deb456d1-groupManagement] INFO  server.RaftServerConfigKeys (ConfUtils.java:logGet(46)) - raft.server.snapshot.retention.file.num = 5 (custom)
2024-04-28 12:43:53,668 [bc7e9acf-0dfc-47a3-8dfb-4b83deb456d1-groupManagement] INFO  server.RaftServerConfigKeys (ConfUtils.java:logGet(46)) - raft.server.log.purge.upto.snapshot.index = false (default)
2024-04-28 12:43:53,669 [bc7e9acf-0dfc-47a3-8dfb-4b83deb456d1@group-E75D70240EB6-FollowerState] INFO  server.RaftServerConfigKeys (ConfUtils.java:logFallback(53)) - raft.server.rpc.first-election.timeout.min = 5s (fallback to raft.server.rpc.timeout.min)
2024-04-28 12:43:53,669 [bc7e9acf-0dfc-47a3-8dfb-4b83deb456d1@group-E75D70240EB6-FollowerState] INFO  server.RaftServerConfigKeys (ConfUtils.java:logFallback(53)) - raft.server.rpc.first-election.timeout.max = 5200ms (fallback to raft.server.rpc.timeout.max)
2024-04-28 12:43:53,678 [grpc-default-executor-0] INFO  server.RaftServer (RaftServerProxy.java:addNew(100)) - 0f39c21b-d5b1-40df-b9b4-e74314e680e2: addNew group-E75D70240EB6:[0f39c21b-d5b1-40df-b9b4-e74314e680e2|127.0.0.1:15166, 59f7e7ee-27c3-4dbc-8a0c-a3c2dbd1352c|127.0.0.1:15157, bc7e9acf-0dfc-47a3-8dfb-4b83deb456d1|127.0.0.1:15175] returns group-E75D70240EB6:java.util.concurrent.CompletableFuture@44636191[Not completed]
2024-04-28 12:43:53,679 [0f39c21b-d5b1-40df-b9b4-e74314e680e2-groupManagement] INFO  server.RaftServer$Division (RaftServerImpl.java:<init>(256)) - 0f39c21b-d5b1-40df-b9b4-e74314e680e2: new RaftServerImpl for group-E75D70240EB6:[0f39c21b-d5b1-40df-b9b4-e74314e680e2|127.0.0.1:15166, 59f7e7ee-27c3-4dbc-8a0c-a3c2dbd1352c|127.0.0.1:15157, bc7e9acf-0dfc-47a3-8dfb-4b83deb456d1|127.0.0.1:15175] with ContainerStateMachine:uninitialized
2024-04-28 12:43:53,679 [0f39c21b-d5b1-40df-b9b4-e74314e680e2-groupManagement] INFO  server.RaftServerConfigKeys (ConfUtils.java:logGet(46)) - raft.server.rpc.timeout.min = 5s (custom)
2024-04-28 12:43:53,679 [0f39c21b-d5b1-40df-b9b4-e74314e680e2-groupManagement] INFO  server.RaftServerConfigKeys (ConfUtils.java:logGet(46)) - raft.server.rpc.timeout.max = 5200ms (custom)
2024-04-28 12:43:53,679 [0f39c21b-d5b1-40df-b9b4-e74314e680e2-groupManagement] INFO  server.RaftServerConfigKeys (ConfUtils.java:logGet(46)) - raft.server.rpc.sleep.time = 25ms (default)
2024-04-28 12:43:53,679 [0f39c21b-d5b1-40df-b9b4-e74314e680e2-groupManagement] INFO  server.RaftServerConfigKeys (ConfUtils.java:logGet(46)) - raft.server.rpc.slowness.timeout = 300000ms (custom)
2024-04-28 12:43:53,679 [0f39c21b-d5b1-40df-b9b4-e74314e680e2-groupManagement] INFO  server.RaftServerConfigKeys (ConfUtils.java:logGet(46)) - raft.server.leaderelection.leader.step-down.wait-time = 10s (default)
2024-04-28 12:43:53,679 [0f39c21b-d5b1-40df-b9b4-e74314e680e2-groupManagement] INFO  server.RaftServerConfigKeys (ConfUtils.java:logGet(46)) - raft.server.leaderelection.member.majority-add = false (default)
2024-04-28 12:43:53,679 [0f39c21b-d5b1-40df-b9b4-e74314e680e2-groupManagement] INFO  server.RaftServerConfigKeys (ConfUtils.java:logGet(46)) - raft.server.sleep.deviation.threshold = 300ms (default)
2024-04-28 12:43:53,679 [0f39c21b-d5b1-40df-b9b4-e74314e680e2-groupManagement] INFO  server.RaftServer$Division (ServerState.java:<init>(113)) - 0f39c21b-d5b1-40df-b9b4-e74314e680e2@group-E75D70240EB6: ConfigurationManager, init=-1: peers:[0f39c21b-d5b1-40df-b9b4-e74314e680e2|127.0.0.1:15166, 59f7e7ee-27c3-4dbc-8a0c-a3c2dbd1352c|127.0.0.1:15157, bc7e9acf-0dfc-47a3-8dfb-4b83deb456d1|127.0.0.1:15175]|listeners:[], old=null, confs=<EMPTY_MAP>
2024-04-28 12:43:53,679 [0f39c21b-d5b1-40df-b9b4-e74314e680e2-groupManagement] INFO  server.RaftServerConfigKeys (ConfUtils.java:logGet(46)) - raft.server.notification.no-leader.timeout = 300000ms (custom)
2024-04-28 12:43:53,680 [0f39c21b-d5b1-40df-b9b4-e74314e680e2-groupManagement] INFO  server.RaftServerConfigKeys (ConfUtils.java:logGet(46)) - raft.server.read.timeout = 10s (default)
2024-04-28 12:43:53,680 [0f39c21b-d5b1-40df-b9b4-e74314e680e2-groupManagement] INFO  server.RaftServerConfigKeys (ConfUtils.java:logGet(46)) - raft.server.retrycache.expirytime = 600000ms (custom)
2024-04-28 12:43:53,680 [0f39c21b-d5b1-40df-b9b4-e74314e680e2-groupManagement] INFO  server.RaftServerConfigKeys (ConfUtils.java:logGet(46)) - raft.server.retrycache.statistics.expirytime = 100ms (default)
2024-04-28 12:43:53,680 [0f39c21b-d5b1-40df-b9b4-e74314e680e2-groupManagement] INFO  server.RaftServerConfigKeys (ConfUtils.java:logGet(46)) - raft.server.read.option = DEFAULT (default)
2024-04-28 12:43:53,680 [0f39c21b-d5b1-40df-b9b4-e74314e680e2-groupManagement] INFO  server.RaftServerConfigKeys (ConfUtils.java:logGet(46)) - raft.server.read.read-after-write-consistent.write-index-cache.expiry-time = 60s (default)
2024-04-28 12:43:53,681 [0f39c21b-d5b1-40df-b9b4-e74314e680e2-groupManagement] INFO  server.RaftServerConfigKeys (ConfUtils.java:logGet(46)) - raft.server.rpc.request.timeout = 3000ms (default)
2024-04-28 12:43:53,681 [0f39c21b-d5b1-40df-b9b4-e74314e680e2-groupManagement] INFO  server.RaftServerConfigKeys (ConfUtils.java:logGet(46)) - raft.server.log.appender.install.snapshot.enabled = false (custom)
2024-04-28 12:43:53,681 [0f39c21b-d5b1-40df-b9b4-e74314e680e2-groupManagement] INFO  server.RaftServerConfigKeys (ConfUtils.java:logGet(46)) - raft.server.threadpool.server.cached = true (default)
2024-04-28 12:43:53,681 [0f39c21b-d5b1-40df-b9b4-e74314e680e2-groupManagement] INFO  server.RaftServerConfigKeys (ConfUtils.java:logGet(46)) - raft.server.threadpool.server.size = 0 (default)
2024-04-28 12:43:53,681 [0f39c21b-d5b1-40df-b9b4-e74314e680e2-groupManagement] INFO  server.RaftServerConfigKeys (ConfUtils.java:logGet(46)) - raft.server.threadpool.client.cached = true (default)
2024-04-28 12:43:53,681 [0f39c21b-d5b1-40df-b9b4-e74314e680e2-groupManagement] INFO  server.RaftServerConfigKeys (ConfUtils.java:logGet(46)) - raft.server.threadpool.client.size = 0 (default)
2024-04-28 12:43:53,682 [0f39c21b-d5b1-40df-b9b4-e74314e680e2-groupManagement] INFO  server.RaftServerConfigKeys (ConfUtils.java:logGet(46)) - raft.server.storage.free-space.min = 0MB (=0) (default)
2024-04-28 12:43:53,682 [0f39c21b-d5b1-40df-b9b4-e74314e680e2-groupManagement] INFO  server.RaftServerConfigKeys (ConfUtils.java:logGet(46)) - raft.server.log.corruption.policy = EXCEPTION (default)
2024-04-28 12:43:53,682 [0f39c21b-d5b1-40df-b9b4-e74314e680e2-groupManagement] INFO  server.RaftServerConfigKeys (ConfUtils.java:logGet(46)) - raft.server.storage.dir = [/home/runner/work/ozone/ozone/hadoop-ozone/integration-test/target/test-dir/MiniOzoneClusterImpl-fb989876-9371-464e-b996-ece4d3fe3ecb/ozone-meta/datanode-8/ratis] (custom)
2024-04-28 12:43:53,682 [0f39c21b-d5b1-40df-b9b4-e74314e680e2-groupManagement] INFO  storage.RaftStorageDirectory (RaftStorageDirectoryImpl.java:analyzeStorage(138)) - The storage directory /home/runner/work/ozone/ozone/hadoop-ozone/integration-test/target/test-dir/MiniOzoneClusterImpl-fb989876-9371-464e-b996-ece4d3fe3ecb/ozone-meta/datanode-8/ratis/3677031e-92e1-4d32-a29a-e75d70240eb6 does not exist. Creating ...
2024-04-28 12:43:53,683 [0f39c21b-d5b1-40df-b9b4-e74314e680e2-groupManagement] INFO  storage.RaftStorageDirectory (RaftStorageDirectoryImpl.java:tryLock(228)) - Lock on /home/runner/work/ozone/ozone/hadoop-ozone/integration-test/target/test-dir/MiniOzoneClusterImpl-fb989876-9371-464e-b996-ece4d3fe3ecb/ozone-meta/datanode-8/ratis/3677031e-92e1-4d32-a29a-e75d70240eb6/in_use.lock acquired by nodename 21404@fv-az1392-52
2024-04-28 12:43:53,686 [0f39c21b-d5b1-40df-b9b4-e74314e680e2-groupManagement] INFO  storage.RaftStorage (RaftStorageImpl.java:format(99)) - Storage directory /home/runner/work/ozone/ozone/hadoop-ozone/integration-test/target/test-dir/MiniOzoneClusterImpl-fb989876-9371-464e-b996-ece4d3fe3ecb/ozone-meta/datanode-8/ratis/3677031e-92e1-4d32-a29a-e75d70240eb6 has been successfully formatted.
2024-04-28 12:43:53,686 [0f39c21b-d5b1-40df-b9b4-e74314e680e2-groupManagement] WARN  util.FileUtils (LogUtils.java:supplyAndLog(63)) - Failed to Files.newInputStream /home/runner/work/ozone/ozone/hadoop-ozone/integration-test/target/test-dir/MiniOzoneClusterImpl-fb989876-9371-464e-b996-ece4d3fe3ecb/ozone-meta/datanode-8/ratis/3677031e-92e1-4d32-a29a-e75d70240eb6/current/raft-meta.conf with options []: java.nio.file.NoSuchFileException: /home/runner/work/ozone/ozone/hadoop-ozone/integration-test/target/test-dir/MiniOzoneClusterImpl-fb989876-9371-464e-b996-ece4d3fe3ecb/ozone-meta/datanode-8/ratis/3677031e-92e1-4d32-a29a-e75d70240eb6/current/raft-meta.conf
2024-04-28 12:43:53,687 [0f39c21b-d5b1-40df-b9b4-e74314e680e2-groupManagement] INFO  ratis.ContainerStateMachine (ContainerStateMachine.java:loadSnapshot(287)) - group-E75D70240EB6: The snapshot info is null. Setting the last applied index to:(t:0, i:~)
2024-04-28 12:43:53,687 [0f39c21b-d5b1-40df-b9b4-e74314e680e2-groupManagement] INFO  server.RaftServerConfigKeys (ConfUtils.java:logGet(46)) - raft.server.log.use.memory = false (default)
2024-04-28 12:43:53,687 [0f39c21b-d5b1-40df-b9b4-e74314e680e2-groupManagement] INFO  server.RaftServerConfigKeys (ConfUtils.java:logGet(46)) - raft.server.log.purge.gap = 1000000 (custom)
2024-04-28 12:43:53,687 [0f39c21b-d5b1-40df-b9b4-e74314e680e2-groupManagement] INFO  server.RaftServerConfigKeys (ConfUtils.java:logGet(46)) - raft.server.log.appender.buffer.byte-limit = 8388608 (custom)
2024-04-28 12:43:53,687 [0f39c21b-d5b1-40df-b9b4-e74314e680e2-groupManagement] INFO  server.RaftServerConfigKeys (ConfUtils.java:logGet(46)) - raft.server.log.statemachine.data.read.timeout = 1000ms (default)
2024-04-28 12:43:53,687 [0f39c21b-d5b1-40df-b9b4-e74314e680e2-groupManagement] INFO  server.RaftServerConfigKeys (ConfUtils.java:logGet(46)) - raft.server.log.purge.preservation.log.num = 0 (default)
2024-04-28 12:43:53,689 [0f39c21b-d5b1-40df-b9b4-e74314e680e2-groupManagement] INFO  server.RaftServerConfigKeys (ConfUtils.java:logGet(46)) - raft.server.log.segment.size.max = 67108864 (custom)
2024-04-28 12:43:53,689 [0f39c21b-d5b1-40df-b9b4-e74314e680e2-groupManagement] INFO  server.RaftServerConfigKeys (ConfUtils.java:logGet(46)) - raft.server.log.segment.cache.num.max = 2 (custom)
2024-04-28 12:43:53,689 [0f39c21b-d5b1-40df-b9b4-e74314e680e2-groupManagement] INFO  server.RaftServerConfigKeys (ConfUtils.java:logGet(46)) - raft.server.log.segment.cache.size.max = 200MB (=209715200) (default)
2024-04-28 12:43:53,689 [0f39c21b-d5b1-40df-b9b4-e74314e680e2-groupManagement] INFO  server.RaftServerConfigKeys (ConfUtils.java:logGet(46)) - raft.server.log.appender.buffer.byte-limit = 8388608 (custom)
2024-04-28 12:43:53,690 [0f39c21b-d5b1-40df-b9b4-e74314e680e2-groupManagement] INFO  util.AwaitToRun (AwaitToRun.java:start(81)) - Thread[0f39c21b-d5b1-40df-b9b4-e74314e680e2@group-E75D70240EB6-cacheEviction-AwaitToRun,5,main] started
2024-04-28 12:43:53,690 [0f39c21b-d5b1-40df-b9b4-e74314e680e2-groupManagement] INFO  segmented.SegmentedRaftLogWorker (SegmentedRaftLogWorker.java:<init>(182)) - new 0f39c21b-d5b1-40df-b9b4-e74314e680e2@group-E75D70240EB6-SegmentedRaftLogWorker for RaftStorageImpl:Storage Directory /home/runner/work/ozone/ozone/hadoop-ozone/integration-test/target/test-dir/MiniOzoneClusterImpl-fb989876-9371-464e-b996-ece4d3fe3ecb/ozone-meta/datanode-8/ratis/3677031e-92e1-4d32-a29a-e75d70240eb6
2024-04-28 12:43:53,690 [0f39c21b-d5b1-40df-b9b4-e74314e680e2-groupManagement] INFO  server.RaftServerConfigKeys (ConfUtils.java:logGet(46)) - raft.server.log.queue.byte-limit = 4294967296 (custom)
2024-04-28 12:43:53,690 [0f39c21b-d5b1-40df-b9b4-e74314e680e2-groupManagement] INFO  server.RaftServerConfigKeys (ConfUtils.java:logGet(46)) - raft.server.log.queue.element-limit = 1024 (custom)
2024-04-28 12:43:53,690 [0f39c21b-d5b1-40df-b9b4-e74314e680e2-groupManagement] INFO  server.RaftServerConfigKeys (ConfUtils.java:logGet(46)) - raft.server.log.segment.size.max = 67108864 (custom)
2024-04-28 12:43:53,690 [0f39c21b-d5b1-40df-b9b4-e74314e680e2-groupManagement] INFO  server.RaftServerConfigKeys (ConfUtils.java:logGet(46)) - raft.server.log.preallocated.size = 4194304 (custom)
2024-04-28 12:43:53,690 [0f39c21b-d5b1-40df-b9b4-e74314e680e2-groupManagement] INFO  server.RaftServerConfigKeys (ConfUtils.java:logGet(46)) - raft.server.log.force.sync.num = 128 (default)
2024-04-28 12:43:53,690 [0f39c21b-d5b1-40df-b9b4-e74314e680e2-groupManagement] INFO  server.RaftServerConfigKeys (ConfUtils.java:logGet(46)) - raft.server.log.statemachine.data.sync = true (default)
2024-04-28 12:43:53,690 [0f39c21b-d5b1-40df-b9b4-e74314e680e2-groupManagement] INFO  server.RaftServerConfigKeys (ConfUtils.java:logGet(46)) - raft.server.log.statemachine.data.sync.timeout = 10s (default)
2024-04-28 12:43:53,690 [0f39c21b-d5b1-40df-b9b4-e74314e680e2-groupManagement] INFO  server.RaftServerConfigKeys (ConfUtils.java:logGet(46)) - raft.server.log.statemachine.data.sync.timeout.retry = 30 (custom)
2024-04-28 12:43:53,690 [0f39c21b-d5b1-40df-b9b4-e74314e680e2-groupManagement] INFO  server.RaftServerConfigKeys (ConfUtils.java:logGet(46)) - raft.server.log.write.buffer.size = 8388616 (custom)
2024-04-28 12:43:53,692 [0f39c21b-d5b1-40df-b9b4-e74314e680e2-groupManagement] INFO  server.RaftServerConfigKeys (ConfUtils.java:logGet(46)) - raft.server.log.appender.buffer.byte-limit = 8388608 (custom)
2024-04-28 12:43:53,692 [0f39c21b-d5b1-40df-b9b4-e74314e680e2-groupManagement] INFO  server.RaftServerConfigKeys (ConfUtils.java:logGet(46)) - raft.server.log.unsafe-flush.enabled = false (default)
2024-04-28 12:43:53,692 [0f39c21b-d5b1-40df-b9b4-e74314e680e2-groupManagement] INFO  server.RaftServerConfigKeys (ConfUtils.java:logGet(46)) - raft.server.log.async-flush.enabled = false (default)
2024-04-28 12:43:53,692 [0f39c21b-d5b1-40df-b9b4-e74314e680e2-groupManagement] INFO  server.RaftServerConfigKeys (ConfUtils.java:logGet(46)) - raft.server.log.statemachine.data.caching.enabled = true (custom)
2024-04-28 12:43:53,692 [0f39c21b-d5b1-40df-b9b4-e74314e680e2-groupManagement] INFO  segmented.SegmentedRaftLogWorker (SegmentedRaftLogWorker.java:lambda$new$0(134)) - 0f39c21b-d5b1-40df-b9b4-e74314e680e2@group-E75D70240EB6-SegmentedRaftLogWorker: flushIndex: setUnconditionally 0 -> -1
2024-04-28 12:43:53,692 [0f39c21b-d5b1-40df-b9b4-e74314e680e2-groupManagement] INFO  segmented.SegmentedRaftLogWorker (SegmentedRaftLogWorker.java:lambda$new$0(134)) - 0f39c21b-d5b1-40df-b9b4-e74314e680e2@group-E75D70240EB6-SegmentedRaftLogWorker: safeCacheEvictIndex: setUnconditionally 0 -> -1
2024-04-28 12:43:53,692 [0f39c21b-d5b1-40df-b9b4-e74314e680e2-groupManagement] INFO  server.RaftServer$Division (RaftServerImpl.java:start(396)) - 0f39c21b-d5b1-40df-b9b4-e74314e680e2@group-E75D70240EB6: start as a follower, conf=-1: peers:[0f39c21b-d5b1-40df-b9b4-e74314e680e2|127.0.0.1:15166, 59f7e7ee-27c3-4dbc-8a0c-a3c2dbd1352c|127.0.0.1:15157, bc7e9acf-0dfc-47a3-8dfb-4b83deb456d1|127.0.0.1:15175]|listeners:[], old=null
2024-04-28 12:43:53,693 [0f39c21b-d5b1-40df-b9b4-e74314e680e2-groupManagement] INFO  server.RaftServer$Division (RaftServerImpl.java:setRole(383)) - 0f39c21b-d5b1-40df-b9b4-e74314e680e2@group-E75D70240EB6: changes role from      null to FOLLOWER at term 0 for startAsFollower
2024-04-28 12:43:53,693 [0f39c21b-d5b1-40df-b9b4-e74314e680e2-groupManagement] INFO  impl.RoleInfo (RoleInfo.java:updateAndGet(139)) - 0f39c21b-d5b1-40df-b9b4-e74314e680e2: start 0f39c21b-d5b1-40df-b9b4-e74314e680e2@group-E75D70240EB6-FollowerState
2024-04-28 12:43:53,693 [0f39c21b-d5b1-40df-b9b4-e74314e680e2@group-E75D70240EB6-FollowerState] INFO  server.RaftServerConfigKeys (ConfUtils.java:logFallback(53)) - raft.server.rpc.first-election.timeout.min = 5s (fallback to raft.server.rpc.timeout.min)
2024-04-28 12:43:53,693 [0f39c21b-d5b1-40df-b9b4-e74314e680e2-groupManagement] INFO  util.JmxRegister (JmxRegister.java:tryRegister(44)) - Successfully registered JMX Bean with object name Ratis:service=RaftServer,group=group-E75D70240EB6,id=0f39c21b-d5b1-40df-b9b4-e74314e680e2
2024-04-28 12:43:53,693 [0f39c21b-d5b1-40df-b9b4-e74314e680e2-groupManagement] INFO  server.RaftServerConfigKeys (ConfUtils.java:logGet(46)) - raft.server.snapshot.trigger-when-stop.enabled = true (default)
2024-04-28 12:43:53,693 [0f39c21b-d5b1-40df-b9b4-e74314e680e2-groupManagement] INFO  server.RaftServerConfigKeys (ConfUtils.java:logGet(46)) - raft.server.snapshot.auto.trigger.enabled = true (custom)
2024-04-28 12:43:53,693 [0f39c21b-d5b1-40df-b9b4-e74314e680e2-groupManagement] INFO  server.RaftServerConfigKeys (ConfUtils.java:logGet(46)) - raft.server.snapshot.auto.trigger.threshold = 10000 (custom)
2024-04-28 12:43:53,693 [0f39c21b-d5b1-40df-b9b4-e74314e680e2-groupManagement] INFO  server.RaftServerConfigKeys (ConfUtils.java:logGet(46)) - raft.server.snapshot.retention.file.num = 5 (custom)
2024-04-28 12:43:53,693 [0f39c21b-d5b1-40df-b9b4-e74314e680e2-groupManagement] INFO  server.RaftServerConfigKeys (ConfUtils.java:logGet(46)) - raft.server.log.purge.upto.snapshot.index = false (default)
2024-04-28 12:43:53,694 [0f39c21b-d5b1-40df-b9b4-e74314e680e2@group-E75D70240EB6-FollowerState] INFO  server.RaftServerConfigKeys (ConfUtils.java:logFallback(53)) - raft.server.rpc.first-election.timeout.max = 5200ms (fallback to raft.server.rpc.timeout.max)
2024-04-28 12:43:53,696 [59f7e7ee-27c3-4dbc-8a0c-a3c2dbd1352c-PipelineCommandHandlerThread-0] INFO  commandhandler.CreatePipelineCommandHandler (CreatePipelineCommandHandler.java:lambda$handle$2(124)) - Created Pipeline RATIS THREE PipelineID=3677031e-92e1-4d32-a29a-e75d70240eb6.
2024-04-28 12:43:53,697 [0f39c21b-d5b1-40df-b9b4-e74314e680e2-PipelineCommandHandlerThread-0] INFO  server.RaftServer (RaftServerProxy.java:addNew(100)) - 0f39c21b-d5b1-40df-b9b4-e74314e680e2: addNew group-AC295DC072D3:[0f39c21b-d5b1-40df-b9b4-e74314e680e2|127.0.0.1:15166] returns group-AC295DC072D3:java.util.concurrent.CompletableFuture@2227ced0[Not completed]
2024-04-28 12:43:53,698 [0f39c21b-d5b1-40df-b9b4-e74314e680e2-groupManagement] INFO  server.RaftServer$Division (RaftServerImpl.java:<init>(256)) - 0f39c21b-d5b1-40df-b9b4-e74314e680e2: new RaftServerImpl for group-AC295DC072D3:[0f39c21b-d5b1-40df-b9b4-e74314e680e2|127.0.0.1:15166] with ContainerStateMachine:uninitialized
2024-04-28 12:43:53,698 [0f39c21b-d5b1-40df-b9b4-e74314e680e2-groupManagement] INFO  server.RaftServerConfigKeys (ConfUtils.java:logGet(46)) - raft.server.rpc.timeout.min = 5s (custom)
2024-04-28 12:43:53,698 [0f39c21b-d5b1-40df-b9b4-e74314e680e2-groupManagement] INFO  server.RaftServerConfigKeys (ConfUtils.java:logGet(46)) - raft.server.rpc.timeout.max = 5200ms (custom)
2024-04-28 12:43:53,698 [0f39c21b-d5b1-40df-b9b4-e74314e680e2-groupManagement] INFO  server.RaftServerConfigKeys (ConfUtils.java:logGet(46)) - raft.server.rpc.sleep.time = 25ms (default)
2024-04-28 12:43:53,698 [0f39c21b-d5b1-40df-b9b4-e74314e680e2-groupManagement] INFO  server.RaftServerConfigKeys (ConfUtils.java:logGet(46)) - raft.server.rpc.slowness.timeout = 300000ms (custom)
2024-04-28 12:43:53,698 [0f39c21b-d5b1-40df-b9b4-e74314e680e2-groupManagement] INFO  server.RaftServerConfigKeys (ConfUtils.java:logGet(46)) - raft.server.leaderelection.leader.step-down.wait-time = 10s (default)
2024-04-28 12:43:53,698 [0f39c21b-d5b1-40df-b9b4-e74314e680e2-groupManagement] INFO  server.RaftServerConfigKeys (ConfUtils.java:logGet(46)) - raft.server.leaderelection.member.majority-add = false (default)
2024-04-28 12:43:53,698 [0f39c21b-d5b1-40df-b9b4-e74314e680e2-groupManagement] INFO  server.RaftServerConfigKeys (ConfUtils.java:logGet(46)) - raft.server.sleep.deviation.threshold = 300ms (default)
2024-04-28 12:43:53,698 [0f39c21b-d5b1-40df-b9b4-e74314e680e2-groupManagement] INFO  server.RaftServer$Division (ServerState.java:<init>(113)) - 0f39c21b-d5b1-40df-b9b4-e74314e680e2@group-AC295DC072D3: ConfigurationManager, init=-1: peers:[0f39c21b-d5b1-40df-b9b4-e74314e680e2|127.0.0.1:15166]|listeners:[], old=null, confs=<EMPTY_MAP>
2024-04-28 12:43:53,698 [0f39c21b-d5b1-40df-b9b4-e74314e680e2-groupManagement] INFO  server.RaftServerConfigKeys (ConfUtils.java:logGet(46)) - raft.server.notification.no-leader.timeout = 300000ms (custom)
2024-04-28 12:43:53,698 [0f39c21b-d5b1-40df-b9b4-e74314e680e2-groupManagement] INFO  server.RaftServerConfigKeys (ConfUtils.java:logGet(46)) - raft.server.read.timeout = 10s (default)
2024-04-28 12:43:53,698 [0f39c21b-d5b1-40df-b9b4-e74314e680e2-groupManagement] INFO  server.RaftServerConfigKeys (ConfUtils.java:logGet(46)) - raft.server.retrycache.expirytime = 600000ms (custom)
2024-04-28 12:43:53,698 [0f39c21b-d5b1-40df-b9b4-e74314e680e2-groupManagement] INFO  server.RaftServerConfigKeys (ConfUtils.java:logGet(46)) - raft.server.retrycache.statistics.expirytime = 100ms (default)
2024-04-28 12:43:53,699 [0f39c21b-d5b1-40df-b9b4-e74314e680e2-groupManagement] INFO  server.RaftServerConfigKeys (ConfUtils.java:logGet(46)) - raft.server.read.option = DEFAULT (default)
2024-04-28 12:43:53,699 [0f39c21b-d5b1-40df-b9b4-e74314e680e2-groupManagement] INFO  server.RaftServerConfigKeys (ConfUtils.java:logGet(46)) - raft.server.read.read-after-write-consistent.write-index-cache.expiry-time = 60s (default)
2024-04-28 12:43:53,701 [0f39c21b-d5b1-40df-b9b4-e74314e680e2-groupManagement] INFO  server.RaftServerConfigKeys (ConfUtils.java:logGet(46)) - raft.server.rpc.request.timeout = 3000ms (default)
2024-04-28 12:43:53,701 [0f39c21b-d5b1-40df-b9b4-e74314e680e2-groupManagement] INFO  server.RaftServerConfigKeys (ConfUtils.java:logGet(46)) - raft.server.log.appender.install.snapshot.enabled = false (custom)
2024-04-28 12:43:53,701 [0f39c21b-d5b1-40df-b9b4-e74314e680e2-groupManagement] INFO  server.RaftServerConfigKeys (ConfUtils.java:logGet(46)) - raft.server.threadpool.server.cached = true (default)
2024-04-28 12:43:53,701 [0f39c21b-d5b1-40df-b9b4-e74314e680e2-groupManagement] INFO  server.RaftServerConfigKeys (ConfUtils.java:logGet(46)) - raft.server.threadpool.server.size = 0 (default)
2024-04-28 12:43:53,701 [0f39c21b-d5b1-40df-b9b4-e74314e680e2-groupManagement] INFO  server.RaftServerConfigKeys (ConfUtils.java:logGet(46)) - raft.server.threadpool.client.cached = true (default)
2024-04-28 12:43:53,701 [0f39c21b-d5b1-40df-b9b4-e74314e680e2-groupManagement] INFO  server.RaftServerConfigKeys (ConfUtils.java:logGet(46)) - raft.server.threadpool.client.size = 0 (default)
2024-04-28 12:43:53,701 [0f39c21b-d5b1-40df-b9b4-e74314e680e2-groupManagement] INFO  server.RaftServerConfigKeys (ConfUtils.java:logGet(46)) - raft.server.storage.free-space.min = 0MB (=0) (default)
2024-04-28 12:43:53,701 [0f39c21b-d5b1-40df-b9b4-e74314e680e2-groupManagement] INFO  server.RaftServerConfigKeys (ConfUtils.java:logGet(46)) - raft.server.log.corruption.policy = EXCEPTION (default)
2024-04-28 12:43:53,701 [0f39c21b-d5b1-40df-b9b4-e74314e680e2-groupManagement] INFO  server.RaftServerConfigKeys (ConfUtils.java:logGet(46)) - raft.server.storage.dir = [/home/runner/work/ozone/ozone/hadoop-ozone/integration-test/target/test-dir/MiniOzoneClusterImpl-fb989876-9371-464e-b996-ece4d3fe3ecb/ozone-meta/datanode-8/ratis] (custom)
2024-04-28 12:43:53,701 [0f39c21b-d5b1-40df-b9b4-e74314e680e2-groupManagement] INFO  storage.RaftStorageDirectory (RaftStorageDirectoryImpl.java:analyzeStorage(138)) - The storage directory /home/runner/work/ozone/ozone/hadoop-ozone/integration-test/target/test-dir/MiniOzoneClusterImpl-fb989876-9371-464e-b996-ece4d3fe3ecb/ozone-meta/datanode-8/ratis/136a4f55-f295-4137-bb57-ac295dc072d3 does not exist. Creating ...
2024-04-28 12:43:53,702 [0f39c21b-d5b1-40df-b9b4-e74314e680e2-groupManagement] INFO  storage.RaftStorageDirectory (RaftStorageDirectoryImpl.java:tryLock(228)) - Lock on /home/runner/work/ozone/ozone/hadoop-ozone/integration-test/target/test-dir/MiniOzoneClusterImpl-fb989876-9371-464e-b996-ece4d3fe3ecb/ozone-meta/datanode-8/ratis/136a4f55-f295-4137-bb57-ac295dc072d3/in_use.lock acquired by nodename 21404@fv-az1392-52
2024-04-28 12:43:53,703 [0f39c21b-d5b1-40df-b9b4-e74314e680e2-groupManagement] INFO  storage.RaftStorage (RaftStorageImpl.java:format(99)) - Storage directory /home/runner/work/ozone/ozone/hadoop-ozone/integration-test/target/test-dir/MiniOzoneClusterImpl-fb989876-9371-464e-b996-ece4d3fe3ecb/ozone-meta/datanode-8/ratis/136a4f55-f295-4137-bb57-ac295dc072d3 has been successfully formatted.
2024-04-28 12:43:53,703 [0f39c21b-d5b1-40df-b9b4-e74314e680e2-groupManagement] WARN  util.FileUtils (LogUtils.java:supplyAndLog(63)) - Failed to Files.newInputStream /home/runner/work/ozone/ozone/hadoop-ozone/integration-test/target/test-dir/MiniOzoneClusterImpl-fb989876-9371-464e-b996-ece4d3fe3ecb/ozone-meta/datanode-8/ratis/136a4f55-f295-4137-bb57-ac295dc072d3/current/raft-meta.conf with options []: java.nio.file.NoSuchFileException: /home/runner/work/ozone/ozone/hadoop-ozone/integration-test/target/test-dir/MiniOzoneClusterImpl-fb989876-9371-464e-b996-ece4d3fe3ecb/ozone-meta/datanode-8/ratis/136a4f55-f295-4137-bb57-ac295dc072d3/current/raft-meta.conf
2024-04-28 12:43:53,704 [0f39c21b-d5b1-40df-b9b4-e74314e680e2-groupManagement] INFO  ratis.ContainerStateMachine (ContainerStateMachine.java:loadSnapshot(287)) - group-AC295DC072D3: The snapshot info is null. Setting the last applied index to:(t:0, i:~)
2024-04-28 12:43:53,705 [EventQueue-PipelineReportForPipelineReportHandler] INFO  pipeline.PipelineReportHandler (PipelineReportHandler.java:processPipelineReport(136)) - Opened pipeline PipelineID=136a4f55-f295-4137-bb57-ac295dc072d3
2024-04-28 12:43:53,705 [EventQueue-OpenPipelineForHealthyPipelineSafeModeRule] INFO  safemode.SCMSafeModeManager (HealthyPipelineSafeModeRule.java:process(140)) - SCM in safe mode. Healthy pipelines reported count is 0, required healthy pipeline reported count is 1
2024-04-28 12:43:53,705 [0f39c21b-d5b1-40df-b9b4-e74314e680e2-groupManagement] INFO  server.RaftServerConfigKeys (ConfUtils.java:logGet(46)) - raft.server.log.use.memory = false (default)
2024-04-28 12:43:53,705 [0f39c21b-d5b1-40df-b9b4-e74314e680e2-groupManagement] INFO  server.RaftServerConfigKeys (ConfUtils.java:logGet(46)) - raft.server.log.purge.gap = 1000000 (custom)
2024-04-28 12:43:53,706 [0f39c21b-d5b1-40df-b9b4-e74314e680e2-groupManagement] INFO  server.RaftServerConfigKeys (ConfUtils.java:logGet(46)) - raft.server.log.appender.buffer.byte-limit = 8388608 (custom)
2024-04-28 12:43:53,706 [0f39c21b-d5b1-40df-b9b4-e74314e680e2-groupManagement] INFO  server.RaftServerConfigKeys (ConfUtils.java:logGet(46)) - raft.server.log.statemachine.data.read.timeout = 1000ms (default)
2024-04-28 12:43:53,706 [0f39c21b-d5b1-40df-b9b4-e74314e680e2-groupManagement] INFO  server.RaftServerConfigKeys (ConfUtils.java:logGet(46)) - raft.server.log.purge.preservation.log.num = 0 (default)
2024-04-28 12:43:53,707 [0f39c21b-d5b1-40df-b9b4-e74314e680e2-groupManagement] INFO  server.RaftServerConfigKeys (ConfUtils.java:logGet(46)) - raft.server.log.segment.size.max = 67108864 (custom)
2024-04-28 12:43:53,707 [0f39c21b-d5b1-40df-b9b4-e74314e680e2-groupManagement] INFO  server.RaftServerConfigKeys (ConfUtils.java:logGet(46)) - raft.server.log.segment.cache.num.max = 2 (custom)
2024-04-28 12:43:53,708 [0f39c21b-d5b1-40df-b9b4-e74314e680e2-groupManagement] INFO  server.RaftServerConfigKeys (ConfUtils.java:logGet(46)) - raft.server.log.segment.cache.size.max = 200MB (=209715200) (default)
2024-04-28 12:43:53,708 [0f39c21b-d5b1-40df-b9b4-e74314e680e2-groupManagement] INFO  server.RaftServerConfigKeys (ConfUtils.java:logGet(46)) - raft.server.log.appender.buffer.byte-limit = 8388608 (custom)
2024-04-28 12:43:53,708 [0f39c21b-d5b1-40df-b9b4-e74314e680e2-groupManagement] INFO  util.AwaitToRun (AwaitToRun.java:start(81)) - Thread[0f39c21b-d5b1-40df-b9b4-e74314e680e2@group-AC295DC072D3-cacheEviction-AwaitToRun,5,main] started
2024-04-28 12:43:53,708 [0f39c21b-d5b1-40df-b9b4-e74314e680e2-groupManagement] INFO  segmented.SegmentedRaftLogWorker (SegmentedRaftLogWorker.java:<init>(182)) - new 0f39c21b-d5b1-40df-b9b4-e74314e680e2@group-AC295DC072D3-SegmentedRaftLogWorker for RaftStorageImpl:Storage Directory /home/runner/work/ozone/ozone/hadoop-ozone/integration-test/target/test-dir/MiniOzoneClusterImpl-fb989876-9371-464e-b996-ece4d3fe3ecb/ozone-meta/datanode-8/ratis/136a4f55-f295-4137-bb57-ac295dc072d3
2024-04-28 12:43:53,708 [0f39c21b-d5b1-40df-b9b4-e74314e680e2-groupManagement] INFO  server.RaftServerConfigKeys (ConfUtils.java:logGet(46)) - raft.server.log.queue.byte-limit = 4294967296 (custom)
2024-04-28 12:43:53,708 [0f39c21b-d5b1-40df-b9b4-e74314e680e2-groupManagement] INFO  server.RaftServerConfigKeys (ConfUtils.java:logGet(46)) - raft.server.log.queue.element-limit = 1024 (custom)
2024-04-28 12:43:53,708 [0f39c21b-d5b1-40df-b9b4-e74314e680e2-groupManagement] INFO  server.RaftServerConfigKeys (ConfUtils.java:logGet(46)) - raft.server.log.segment.size.max = 67108864 (custom)
2024-04-28 12:43:53,708 [0f39c21b-d5b1-40df-b9b4-e74314e680e2-groupManagement] INFO  server.RaftServerConfigKeys (ConfUtils.java:logGet(46)) - raft.server.log.preallocated.size = 4194304 (custom)
2024-04-28 12:43:53,708 [0f39c21b-d5b1-40df-b9b4-e74314e680e2-groupManagement] INFO  server.RaftServerConfigKeys (ConfUtils.java:logGet(46)) - raft.server.log.force.sync.num = 128 (default)
2024-04-28 12:43:53,708 [0f39c21b-d5b1-40df-b9b4-e74314e680e2-groupManagement] INFO  server.RaftServerConfigKeys (ConfUtils.java:logGet(46)) - raft.server.log.statemachine.data.sync = true (default)
2024-04-28 12:43:53,708 [0f39c21b-d5b1-40df-b9b4-e74314e680e2-groupManagement] INFO  server.RaftServerConfigKeys (ConfUtils.java:logGet(46)) - raft.server.log.statemachine.data.sync.timeout = 10s (default)
2024-04-28 12:43:53,708 [0f39c21b-d5b1-40df-b9b4-e74314e680e2-groupManagement] INFO  server.RaftServerConfigKeys (ConfUtils.java:logGet(46)) - raft.server.log.statemachine.data.sync.timeout.retry = 30 (custom)
2024-04-28 12:43:53,709 [0f39c21b-d5b1-40df-b9b4-e74314e680e2-groupManagement] INFO  server.RaftServerConfigKeys (ConfUtils.java:logGet(46)) - raft.server.log.write.buffer.size = 8388616 (custom)
2024-04-28 12:43:53,710 [0f39c21b-d5b1-40df-b9b4-e74314e680e2-groupManagement] INFO  server.RaftServerConfigKeys (ConfUtils.java:logGet(46)) - raft.server.log.appender.buffer.byte-limit = 8388608 (custom)
2024-04-28 12:43:53,710 [0f39c21b-d5b1-40df-b9b4-e74314e680e2-groupManagement] INFO  server.RaftServerConfigKeys (ConfUtils.java:logGet(46)) - raft.server.log.unsafe-flush.enabled = false (default)
2024-04-28 12:43:53,710 [0f39c21b-d5b1-40df-b9b4-e74314e680e2-groupManagement] INFO  server.RaftServerConfigKeys (ConfUtils.java:logGet(46)) - raft.server.log.async-flush.enabled = false (default)
2024-04-28 12:43:53,710 [0f39c21b-d5b1-40df-b9b4-e74314e680e2-groupManagement] INFO  server.RaftServerConfigKeys (ConfUtils.java:logGet(46)) - raft.server.log.statemachine.data.caching.enabled = true (custom)
2024-04-28 12:43:53,710 [0f39c21b-d5b1-40df-b9b4-e74314e680e2-groupManagement] INFO  segmented.SegmentedRaftLogWorker (SegmentedRaftLogWorker.java:lambda$new$0(134)) - 0f39c21b-d5b1-40df-b9b4-e74314e680e2@group-AC295DC072D3-SegmentedRaftLogWorker: flushIndex: setUnconditionally 0 -> -1
2024-04-28 12:43:53,710 [0f39c21b-d5b1-40df-b9b4-e74314e680e2-groupManagement] INFO  segmented.SegmentedRaftLogWorker (SegmentedRaftLogWorker.java:lambda$new$0(134)) - 0f39c21b-d5b1-40df-b9b4-e74314e680e2@group-AC295DC072D3-SegmentedRaftLogWorker: safeCacheEvictIndex: setUnconditionally 0 -> -1
2024-04-28 12:43:53,712 [0f39c21b-d5b1-40df-b9b4-e74314e680e2-groupManagement] INFO  server.RaftServer$Division (RaftServerImpl.java:start(396)) - 0f39c21b-d5b1-40df-b9b4-e74314e680e2@group-AC295DC072D3: start as a follower, conf=-1: peers:[0f39c21b-d5b1-40df-b9b4-e74314e680e2|127.0.0.1:15166]|listeners:[], old=null
2024-04-28 12:43:53,712 [0f39c21b-d5b1-40df-b9b4-e74314e680e2-groupManagement] INFO  server.RaftServer$Division (RaftServerImpl.java:setRole(383)) - 0f39c21b-d5b1-40df-b9b4-e74314e680e2@group-AC295DC072D3: changes role from      null to FOLLOWER at term 0 for startAsFollower
2024-04-28 12:43:53,712 [0f39c21b-d5b1-40df-b9b4-e74314e680e2-groupManagement] INFO  impl.RoleInfo (RoleInfo.java:updateAndGet(139)) - 0f39c21b-d5b1-40df-b9b4-e74314e680e2: start 0f39c21b-d5b1-40df-b9b4-e74314e680e2@group-AC295DC072D3-FollowerState
2024-04-28 12:43:53,713 [0f39c21b-d5b1-40df-b9b4-e74314e680e2@group-AC295DC072D3-FollowerState] INFO  server.RaftServerConfigKeys (ConfUtils.java:logFallback(53)) - raft.server.rpc.first-election.timeout.min = 5s (fallback to raft.server.rpc.timeout.min)
2024-04-28 12:43:53,713 [0f39c21b-d5b1-40df-b9b4-e74314e680e2-groupManagement] INFO  util.JmxRegister (JmxRegister.java:tryRegister(44)) - Successfully registered JMX Bean with object name Ratis:service=RaftServer,group=group-AC295DC072D3,id=0f39c21b-d5b1-40df-b9b4-e74314e680e2
2024-04-28 12:43:53,713 [0f39c21b-d5b1-40df-b9b4-e74314e680e2@group-AC295DC072D3-FollowerState] INFO  server.RaftServerConfigKeys (ConfUtils.java:logFallback(53)) - raft.server.rpc.first-election.timeout.max = 5200ms (fallback to raft.server.rpc.timeout.max)
2024-04-28 12:43:53,713 [0f39c21b-d5b1-40df-b9b4-e74314e680e2-groupManagement] INFO  server.RaftServerConfigKeys (ConfUtils.java:logGet(46)) - raft.server.snapshot.trigger-when-stop.enabled = true (default)
2024-04-28 12:43:53,713 [0f39c21b-d5b1-40df-b9b4-e74314e680e2-groupManagement] INFO  server.RaftServerConfigKeys (ConfUtils.java:logGet(46)) - raft.server.snapshot.auto.trigger.enabled = true (custom)
2024-04-28 12:43:53,713 [0f39c21b-d5b1-40df-b9b4-e74314e680e2-groupManagement] INFO  server.RaftServerConfigKeys (ConfUtils.java:logGet(46)) - raft.server.snapshot.auto.trigger.threshold = 10000 (custom)
2024-04-28 12:43:53,713 [0f39c21b-d5b1-40df-b9b4-e74314e680e2-groupManagement] INFO  server.RaftServerConfigKeys (ConfUtils.java:logGet(46)) - raft.server.snapshot.retention.file.num = 5 (custom)
2024-04-28 12:43:53,713 [0f39c21b-d5b1-40df-b9b4-e74314e680e2-groupManagement] INFO  server.RaftServerConfigKeys (ConfUtils.java:logGet(46)) - raft.server.log.purge.upto.snapshot.index = false (default)
2024-04-28 12:43:53,714 [0f39c21b-d5b1-40df-b9b4-e74314e680e2-PipelineCommandHandlerThread-0] INFO  ratis.XceiverServerRatis (XceiverServerRatis.java:addGroup(864)) - Created group PipelineID=136a4f55-f295-4137-bb57-ac295dc072d3
2024-04-28 12:43:53,714 [0f39c21b-d5b1-40df-b9b4-e74314e680e2-PipelineCommandHandlerThread-0] INFO  commandhandler.CreatePipelineCommandHandler (CreatePipelineCommandHandler.java:lambda$handle$2(124)) - Created Pipeline RATIS ONE PipelineID=136a4f55-f295-4137-bb57-ac295dc072d3.
2024-04-28 12:43:53,750 [bc7e9acf-0dfc-47a3-8dfb-4b83deb456d1-PipelineCommandHandlerThread-0] INFO  server.RaftServer (RaftServerProxy.java:addNew(100)) - bc7e9acf-0dfc-47a3-8dfb-4b83deb456d1: addNew group-E55755602824:[bc7e9acf-0dfc-47a3-8dfb-4b83deb456d1|127.0.0.1:15175] returns group-E55755602824:java.util.concurrent.CompletableFuture@66ec4eab[Not completed]
2024-04-28 12:43:53,751 [bc7e9acf-0dfc-47a3-8dfb-4b83deb456d1-groupManagement] INFO  server.RaftServer$Division (RaftServerImpl.java:<init>(256)) - bc7e9acf-0dfc-47a3-8dfb-4b83deb456d1: new RaftServerImpl for group-E55755602824:[bc7e9acf-0dfc-47a3-8dfb-4b83deb456d1|127.0.0.1:15175] with ContainerStateMachine:uninitialized
2024-04-28 12:43:53,751 [bc7e9acf-0dfc-47a3-8dfb-4b83deb456d1-groupManagement] INFO  server.RaftServerConfigKeys (ConfUtils.java:logGet(46)) - raft.server.rpc.timeout.min = 5s (custom)
2024-04-28 12:43:53,751 [bc7e9acf-0dfc-47a3-8dfb-4b83deb456d1-groupManagement] INFO  server.RaftServerConfigKeys (ConfUtils.java:logGet(46)) - raft.server.rpc.timeout.max = 5200ms (custom)
2024-04-28 12:43:53,751 [bc7e9acf-0dfc-47a3-8dfb-4b83deb456d1-groupManagement] INFO  server.RaftServerConfigKeys (ConfUtils.java:logGet(46)) - raft.server.rpc.sleep.time = 25ms (default)
2024-04-28 12:43:53,751 [bc7e9acf-0dfc-47a3-8dfb-4b83deb456d1-groupManagement] INFO  server.RaftServerConfigKeys (ConfUtils.java:logGet(46)) - raft.server.rpc.slowness.timeout = 300000ms (custom)
2024-04-28 12:43:53,751 [bc7e9acf-0dfc-47a3-8dfb-4b83deb456d1-groupManagement] INFO  server.RaftServerConfigKeys (ConfUtils.java:logGet(46)) - raft.server.leaderelection.leader.step-down.wait-time = 10s (default)
2024-04-28 12:43:53,751 [bc7e9acf-0dfc-47a3-8dfb-4b83deb456d1-groupManagement] INFO  server.RaftServerConfigKeys (ConfUtils.java:logGet(46)) - raft.server.leaderelection.member.majority-add = false (default)
2024-04-28 12:43:53,751 [bc7e9acf-0dfc-47a3-8dfb-4b83deb456d1-groupManagement] INFO  server.RaftServerConfigKeys (ConfUtils.java:logGet(46)) - raft.server.sleep.deviation.threshold = 300ms (default)
2024-04-28 12:43:53,752 [bc7e9acf-0dfc-47a3-8dfb-4b83deb456d1-groupManagement] INFO  server.RaftServer$Division (ServerState.java:<init>(113)) - bc7e9acf-0dfc-47a3-8dfb-4b83deb456d1@group-E55755602824: ConfigurationManager, init=-1: peers:[bc7e9acf-0dfc-47a3-8dfb-4b83deb456d1|127.0.0.1:15175]|listeners:[], old=null, confs=<EMPTY_MAP>
2024-04-28 12:43:53,752 [bc7e9acf-0dfc-47a3-8dfb-4b83deb456d1-groupManagement] INFO  server.RaftServerConfigKeys (ConfUtils.java:logGet(46)) - raft.server.notification.no-leader.timeout = 300000ms (custom)
2024-04-28 12:43:53,752 [bc7e9acf-0dfc-47a3-8dfb-4b83deb456d1-groupManagement] INFO  server.RaftServerConfigKeys (ConfUtils.java:logGet(46)) - raft.server.read.timeout = 10s (default)
2024-04-28 12:43:53,752 [bc7e9acf-0dfc-47a3-8dfb-4b83deb456d1-groupManagement] INFO  server.RaftServerConfigKeys (ConfUtils.java:logGet(46)) - raft.server.retrycache.expirytime = 600000ms (custom)
2024-04-28 12:43:53,752 [bc7e9acf-0dfc-47a3-8dfb-4b83deb456d1-groupManagement] INFO  server.RaftServerConfigKeys (ConfUtils.java:logGet(46)) - raft.server.retrycache.statistics.expirytime = 100ms (default)
2024-04-28 12:43:53,752 [bc7e9acf-0dfc-47a3-8dfb-4b83deb456d1-groupManagement] INFO  server.RaftServerConfigKeys (ConfUtils.java:logGet(46)) - raft.server.read.option = DEFAULT (default)
2024-04-28 12:43:53,752 [bc7e9acf-0dfc-47a3-8dfb-4b83deb456d1-groupManagement] INFO  server.RaftServerConfigKeys (ConfUtils.java:logGet(46)) - raft.server.read.read-after-write-consistent.write-index-cache.expiry-time = 60s (default)
2024-04-28 12:43:53,752 [main] INFO  ozone.MiniOzoneClusterImpl (MiniOzoneClusterImpl.java:lambda$waitForClusterToBeReady$0(194)) - Nodes are ready. Got 9 of 9 DN Heartbeats.
2024-04-28 12:43:53,752 [main] INFO  ozone.MiniOzoneClusterImpl (MiniOzoneClusterImpl.java:lambda$waitForClusterToBeReady$0(197)) - Waiting for cluster to exit safe mode
2024-04-28 12:43:53,752 [main] INFO  ozone.MiniOzoneClusterImpl (MiniOzoneClusterImpl.java:lambda$waitForClusterToBeReady$0(199)) - SCM became leader
2024-04-28 12:43:53,753 [bc7e9acf-0dfc-47a3-8dfb-4b83deb456d1-groupManagement] INFO  server.RaftServerConfigKeys (ConfUtils.java:logGet(46)) - raft.server.rpc.request.timeout = 3000ms (default)
2024-04-28 12:43:53,754 [bc7e9acf-0dfc-47a3-8dfb-4b83deb456d1-groupManagement] INFO  server.RaftServerConfigKeys (ConfUtils.java:logGet(46)) - raft.server.log.appender.install.snapshot.enabled = false (custom)
2024-04-28 12:43:53,754 [bc7e9acf-0dfc-47a3-8dfb-4b83deb456d1-groupManagement] INFO  server.RaftServerConfigKeys (ConfUtils.java:logGet(46)) - raft.server.threadpool.server.cached = true (default)
2024-04-28 12:43:53,754 [bc7e9acf-0dfc-47a3-8dfb-4b83deb456d1-groupManagement] INFO  server.RaftServerConfigKeys (ConfUtils.java:logGet(46)) - raft.server.threadpool.server.size = 0 (default)
2024-04-28 12:43:53,754 [bc7e9acf-0dfc-47a3-8dfb-4b83deb456d1-groupManagement] INFO  server.RaftServerConfigKeys (ConfUtils.java:logGet(46)) - raft.server.threadpool.client.cached = true (default)
2024-04-28 12:43:53,754 [bc7e9acf-0dfc-47a3-8dfb-4b83deb456d1-groupManagement] INFO  server.RaftServerConfigKeys (ConfUtils.java:logGet(46)) - raft.server.threadpool.client.size = 0 (default)
2024-04-28 12:43:53,754 [bc7e9acf-0dfc-47a3-8dfb-4b83deb456d1-groupManagement] INFO  server.RaftServerConfigKeys (ConfUtils.java:logGet(46)) - raft.server.storage.free-space.min = 0MB (=0) (default)
2024-04-28 12:43:53,754 [bc7e9acf-0dfc-47a3-8dfb-4b83deb456d1-groupManagement] INFO  server.RaftServerConfigKeys (ConfUtils.java:logGet(46)) - raft.server.log.corruption.policy = EXCEPTION (default)
2024-04-28 12:43:53,754 [bc7e9acf-0dfc-47a3-8dfb-4b83deb456d1-groupManagement] INFO  server.RaftServerConfigKeys (ConfUtils.java:logGet(46)) - raft.server.storage.dir = [/home/runner/work/ozone/ozone/hadoop-ozone/integration-test/target/test-dir/MiniOzoneClusterImpl-fb989876-9371-464e-b996-ece4d3fe3ecb/ozone-meta/datanode-9/ratis] (custom)
2024-04-28 12:43:53,754 [bc7e9acf-0dfc-47a3-8dfb-4b83deb456d1-groupManagement] INFO  storage.RaftStorageDirectory (RaftStorageDirectoryImpl.java:analyzeStorage(138)) - The storage directory /home/runner/work/ozone/ozone/hadoop-ozone/integration-test/target/test-dir/MiniOzoneClusterImpl-fb989876-9371-464e-b996-ece4d3fe3ecb/ozone-meta/datanode-9/ratis/9c9eed31-3736-424b-9004-e55755602824 does not exist. Creating ...
2024-04-28 12:43:53,755 [bc7e9acf-0dfc-47a3-8dfb-4b83deb456d1-groupManagement] INFO  storage.RaftStorageDirectory (RaftStorageDirectoryImpl.java:tryLock(228)) - Lock on /home/runner/work/ozone/ozone/hadoop-ozone/integration-test/target/test-dir/MiniOzoneClusterImpl-fb989876-9371-464e-b996-ece4d3fe3ecb/ozone-meta/datanode-9/ratis/9c9eed31-3736-424b-9004-e55755602824/in_use.lock acquired by nodename 21404@fv-az1392-52
2024-04-28 12:43:53,756 [bc7e9acf-0dfc-47a3-8dfb-4b83deb456d1-groupManagement] INFO  storage.RaftStorage (RaftStorageImpl.java:format(99)) - Storage directory /home/runner/work/ozone/ozone/hadoop-ozone/integration-test/target/test-dir/MiniOzoneClusterImpl-fb989876-9371-464e-b996-ece4d3fe3ecb/ozone-meta/datanode-9/ratis/9c9eed31-3736-424b-9004-e55755602824 has been successfully formatted.
2024-04-28 12:43:53,756 [bc7e9acf-0dfc-47a3-8dfb-4b83deb456d1-groupManagement] WARN  util.FileUtils (LogUtils.java:supplyAndLog(63)) - Failed to Files.newInputStream /home/runner/work/ozone/ozone/hadoop-ozone/integration-test/target/test-dir/MiniOzoneClusterImpl-fb989876-9371-464e-b996-ece4d3fe3ecb/ozone-meta/datanode-9/ratis/9c9eed31-3736-424b-9004-e55755602824/current/raft-meta.conf with options []: java.nio.file.NoSuchFileException: /home/runner/work/ozone/ozone/hadoop-ozone/integration-test/target/test-dir/MiniOzoneClusterImpl-fb989876-9371-464e-b996-ece4d3fe3ecb/ozone-meta/datanode-9/ratis/9c9eed31-3736-424b-9004-e55755602824/current/raft-meta.conf
2024-04-28 12:43:53,757 [bc7e9acf-0dfc-47a3-8dfb-4b83deb456d1-groupManagement] INFO  ratis.ContainerStateMachine (ContainerStateMachine.java:loadSnapshot(287)) - group-E55755602824: The snapshot info is null. Setting the last applied index to:(t:0, i:~)
2024-04-28 12:43:53,757 [bc7e9acf-0dfc-47a3-8dfb-4b83deb456d1-groupManagement] INFO  server.RaftServerConfigKeys (ConfUtils.java:logGet(46)) - raft.server.log.use.memory = false (default)
2024-04-28 12:43:53,757 [bc7e9acf-0dfc-47a3-8dfb-4b83deb456d1-groupManagement] INFO  server.RaftServerConfigKeys (ConfUtils.java:logGet(46)) - raft.server.log.purge.gap = 1000000 (custom)
2024-04-28 12:43:53,757 [bc7e9acf-0dfc-47a3-8dfb-4b83deb456d1-groupManagement] INFO  server.RaftServerConfigKeys (ConfUtils.java:logGet(46)) - raft.server.log.appender.buffer.byte-limit = 8388608 (custom)
2024-04-28 12:43:53,757 [bc7e9acf-0dfc-47a3-8dfb-4b83deb456d1-groupManagement] INFO  server.RaftServerConfigKeys (ConfUtils.java:logGet(46)) - raft.server.log.statemachine.data.read.timeout = 1000ms (default)
2024-04-28 12:43:53,757 [bc7e9acf-0dfc-47a3-8dfb-4b83deb456d1-groupManagement] INFO  server.RaftServerConfigKeys (ConfUtils.java:logGet(46)) - raft.server.log.purge.preservation.log.num = 0 (default)
2024-04-28 12:43:53,758 [EventQueue-PipelineReportForPipelineReportHandler] INFO  pipeline.PipelineReportHandler (PipelineReportHandler.java:processPipelineReport(136)) - Opened pipeline PipelineID=9c9eed31-3736-424b-9004-e55755602824
2024-04-28 12:43:53,758 [EventQueue-OpenPipelineForHealthyPipelineSafeModeRule] INFO  safemode.SCMSafeModeManager (HealthyPipelineSafeModeRule.java:process(140)) - SCM in safe mode. Healthy pipelines reported count is 0, required healthy pipeline reported count is 1
2024-04-28 12:43:53,759 [bc7e9acf-0dfc-47a3-8dfb-4b83deb456d1-groupManagement] INFO  server.RaftServerConfigKeys (ConfUtils.java:logGet(46)) - raft.server.log.segment.size.max = 67108864 (custom)
2024-04-28 12:43:53,759 [bc7e9acf-0dfc-47a3-8dfb-4b83deb456d1-groupManagement] INFO  server.RaftServerConfigKeys (ConfUtils.java:logGet(46)) - raft.server.log.segment.cache.num.max = 2 (custom)
2024-04-28 12:43:53,759 [bc7e9acf-0dfc-47a3-8dfb-4b83deb456d1-groupManagement] INFO  server.RaftServerConfigKeys (ConfUtils.java:logGet(46)) - raft.server.log.segment.cache.size.max = 200MB (=209715200) (default)
2024-04-28 12:43:53,759 [bc7e9acf-0dfc-47a3-8dfb-4b83deb456d1-groupManagement] INFO  server.RaftServerConfigKeys (ConfUtils.java:logGet(46)) - raft.server.log.appender.buffer.byte-limit = 8388608 (custom)
2024-04-28 12:43:53,759 [bc7e9acf-0dfc-47a3-8dfb-4b83deb456d1-groupManagement] INFO  util.AwaitToRun (AwaitToRun.java:start(81)) - Thread[bc7e9acf-0dfc-47a3-8dfb-4b83deb456d1@group-E55755602824-cacheEviction-AwaitToRun,5,main] started
2024-04-28 12:43:53,760 [bc7e9acf-0dfc-47a3-8dfb-4b83deb456d1-groupManagement] INFO  segmented.SegmentedRaftLogWorker (SegmentedRaftLogWorker.java:<init>(182)) - new bc7e9acf-0dfc-47a3-8dfb-4b83deb456d1@group-E55755602824-SegmentedRaftLogWorker for RaftStorageImpl:Storage Directory /home/runner/work/ozone/ozone/hadoop-ozone/integration-test/target/test-dir/MiniOzoneClusterImpl-fb989876-9371-464e-b996-ece4d3fe3ecb/ozone-meta/datanode-9/ratis/9c9eed31-3736-424b-9004-e55755602824
2024-04-28 12:43:53,760 [bc7e9acf-0dfc-47a3-8dfb-4b83deb456d1-groupManagement] INFO  server.RaftServerConfigKeys (ConfUtils.java:logGet(46)) - raft.server.log.queue.byte-limit = 4294967296 (custom)
2024-04-28 12:43:53,760 [bc7e9acf-0dfc-47a3-8dfb-4b83deb456d1-groupManagement] INFO  server.RaftServerConfigKeys (ConfUtils.java:logGet(46)) - raft.server.log.queue.element-limit = 1024 (custom)
2024-04-28 12:43:53,760 [bc7e9acf-0dfc-47a3-8dfb-4b83deb456d1-groupManagement] INFO  server.RaftServerConfigKeys (ConfUtils.java:logGet(46)) - raft.server.log.segment.size.max = 67108864 (custom)
2024-04-28 12:43:53,760 [bc7e9acf-0dfc-47a3-8dfb-4b83deb456d1-groupManagement] INFO  server.RaftServerConfigKeys (ConfUtils.java:logGet(46)) - raft.server.log.preallocated.size = 4194304 (custom)
2024-04-28 12:43:53,760 [bc7e9acf-0dfc-47a3-8dfb-4b83deb456d1-groupManagement] INFO  server.RaftServerConfigKeys (ConfUtils.java:logGet(46)) - raft.server.log.force.sync.num = 128 (default)
2024-04-28 12:43:53,760 [bc7e9acf-0dfc-47a3-8dfb-4b83deb456d1-groupManagement] INFO  server.RaftServerConfigKeys (ConfUtils.java:logGet(46)) - raft.server.log.statemachine.data.sync = true (default)
2024-04-28 12:43:53,760 [bc7e9acf-0dfc-47a3-8dfb-4b83deb456d1-groupManagement] INFO  server.RaftServerConfigKeys (ConfUtils.java:logGet(46)) - raft.server.log.statemachine.data.sync.timeout = 10s (default)
2024-04-28 12:43:53,760 [bc7e9acf-0dfc-47a3-8dfb-4b83deb456d1-groupManagement] INFO  server.RaftServerConfigKeys (ConfUtils.java:logGet(46)) - raft.server.log.statemachine.data.sync.timeout.retry = 30 (custom)
2024-04-28 12:43:53,760 [bc7e9acf-0dfc-47a3-8dfb-4b83deb456d1-groupManagement] INFO  server.RaftServerConfigKeys (ConfUtils.java:logGet(46)) - raft.server.log.write.buffer.size = 8388616 (custom)
2024-04-28 12:43:53,762 [bc7e9acf-0dfc-47a3-8dfb-4b83deb456d1-groupManagement] INFO  server.RaftServerConfigKeys (ConfUtils.java:logGet(46)) - raft.server.log.appender.buffer.byte-limit = 8388608 (custom)
2024-04-28 12:43:53,762 [bc7e9acf-0dfc-47a3-8dfb-4b83deb456d1-groupManagement] INFO  server.RaftServerConfigKeys (ConfUtils.java:logGet(46)) - raft.server.log.unsafe-flush.enabled = false (default)
2024-04-28 12:43:53,762 [bc7e9acf-0dfc-47a3-8dfb-4b83deb456d1-groupManagement] INFO  server.RaftServerConfigKeys (ConfUtils.java:logGet(46)) - raft.server.log.async-flush.enabled = false (default)
2024-04-28 12:43:53,762 [bc7e9acf-0dfc-47a3-8dfb-4b83deb456d1-groupManagement] INFO  server.RaftServerConfigKeys (ConfUtils.java:logGet(46)) - raft.server.log.statemachine.data.caching.enabled = true (custom)
2024-04-28 12:43:53,762 [bc7e9acf-0dfc-47a3-8dfb-4b83deb456d1-groupManagement] INFO  segmented.SegmentedRaftLogWorker (SegmentedRaftLogWorker.java:lambda$new$0(134)) - bc7e9acf-0dfc-47a3-8dfb-4b83deb456d1@group-E55755602824-SegmentedRaftLogWorker: flushIndex: setUnconditionally 0 -> -1
2024-04-28 12:43:53,763 [bc7e9acf-0dfc-47a3-8dfb-4b83deb456d1-groupManagement] INFO  segmented.SegmentedRaftLogWorker (SegmentedRaftLogWorker.java:lambda$new$0(134)) - bc7e9acf-0dfc-47a3-8dfb-4b83deb456d1@group-E55755602824-SegmentedRaftLogWorker: safeCacheEvictIndex: setUnconditionally 0 -> -1
2024-04-28 12:43:53,763 [bc7e9acf-0dfc-47a3-8dfb-4b83deb456d1-groupManagement] INFO  server.RaftServer$Division (RaftServerImpl.java:start(396)) - bc7e9acf-0dfc-47a3-8dfb-4b83deb456d1@group-E55755602824: start as a follower, conf=-1: peers:[bc7e9acf-0dfc-47a3-8dfb-4b83deb456d1|127.0.0.1:15175]|listeners:[], old=null
2024-04-28 12:43:53,763 [bc7e9acf-0dfc-47a3-8dfb-4b83deb456d1-groupManagement] INFO  server.RaftServer$Division (RaftServerImpl.java:setRole(383)) - bc7e9acf-0dfc-47a3-8dfb-4b83deb456d1@group-E55755602824: changes role from      null to FOLLOWER at term 0 for startAsFollower
2024-04-28 12:43:53,763 [bc7e9acf-0dfc-47a3-8dfb-4b83deb456d1-groupManagement] INFO  impl.RoleInfo (RoleInfo.java:updateAndGet(139)) - bc7e9acf-0dfc-47a3-8dfb-4b83deb456d1: start bc7e9acf-0dfc-47a3-8dfb-4b83deb456d1@group-E55755602824-FollowerState
2024-04-28 12:43:53,763 [bc7e9acf-0dfc-47a3-8dfb-4b83deb456d1@group-E55755602824-FollowerState] INFO  server.RaftServerConfigKeys (ConfUtils.java:logFallback(53)) - raft.server.rpc.first-election.timeout.min = 5s (fallback to raft.server.rpc.timeout.min)
2024-04-28 12:43:53,763 [bc7e9acf-0dfc-47a3-8dfb-4b83deb456d1@group-E55755602824-FollowerState] INFO  server.RaftServerConfigKeys (ConfUtils.java:logFallback(53)) - raft.server.rpc.first-election.timeout.max = 5200ms (fallback to raft.server.rpc.timeout.max)
2024-04-28 12:43:53,763 [bc7e9acf-0dfc-47a3-8dfb-4b83deb456d1-groupManagement] INFO  util.JmxRegister (JmxRegister.java:tryRegister(44)) - Successfully registered JMX Bean with object name Ratis:service=RaftServer,group=group-E55755602824,id=bc7e9acf-0dfc-47a3-8dfb-4b83deb456d1
2024-04-28 12:43:53,764 [bc7e9acf-0dfc-47a3-8dfb-4b83deb456d1-groupManagement] INFO  server.RaftServerConfigKeys (ConfUtils.java:logGet(46)) - raft.server.snapshot.trigger-when-stop.enabled = true (default)
2024-04-28 12:43:53,764 [bc7e9acf-0dfc-47a3-8dfb-4b83deb456d1-groupManagement] INFO  server.RaftServerConfigKeys (ConfUtils.java:logGet(46)) - raft.server.snapshot.auto.trigger.enabled = true (custom)
2024-04-28 12:43:53,764 [bc7e9acf-0dfc-47a3-8dfb-4b83deb456d1-groupManagement] INFO  server.RaftServerConfigKeys (ConfUtils.java:logGet(46)) - raft.server.snapshot.auto.trigger.threshold = 10000 (custom)
2024-04-28 12:43:53,764 [bc7e9acf-0dfc-47a3-8dfb-4b83deb456d1-groupManagement] INFO  server.RaftServerConfigKeys (ConfUtils.java:logGet(46)) - raft.server.snapshot.retention.file.num = 5 (custom)
2024-04-28 12:43:53,764 [bc7e9acf-0dfc-47a3-8dfb-4b83deb456d1-groupManagement] INFO  server.RaftServerConfigKeys (ConfUtils.java:logGet(46)) - raft.server.log.purge.upto.snapshot.index = false (default)
2024-04-28 12:43:53,765 [bc7e9acf-0dfc-47a3-8dfb-4b83deb456d1-PipelineCommandHandlerThread-0] INFO  ratis.XceiverServerRatis (XceiverServerRatis.java:addGroup(864)) - Created group PipelineID=9c9eed31-3736-424b-9004-e55755602824
2024-04-28 12:43:53,765 [bc7e9acf-0dfc-47a3-8dfb-4b83deb456d1-PipelineCommandHandlerThread-0] INFO  commandhandler.CreatePipelineCommandHandler (CreatePipelineCommandHandler.java:lambda$handle$2(124)) - Created Pipeline RATIS ONE PipelineID=9c9eed31-3736-424b-9004-e55755602824.
2024-04-28 12:43:54,752 [main] INFO  ozone.MiniOzoneClusterImpl (MiniOzoneClusterImpl.java:lambda$waitForClusterToBeReady$0(194)) - Nodes are ready. Got 9 of 9 DN Heartbeats.
2024-04-28 12:43:54,753 [main] INFO  ozone.MiniOzoneClusterImpl (MiniOzoneClusterImpl.java:lambda$waitForClusterToBeReady$0(197)) - Waiting for cluster to exit safe mode
2024-04-28 12:43:54,753 [main] INFO  ozone.MiniOzoneClusterImpl (MiniOzoneClusterImpl.java:lambda$waitForClusterToBeReady$0(199)) - SCM became leader
2024-04-28 12:43:55,753 [main] INFO  ozone.MiniOzoneClusterImpl (MiniOzoneClusterImpl.java:lambda$waitForClusterToBeReady$0(194)) - Nodes are ready. Got 9 of 9 DN Heartbeats.
2024-04-28 12:43:55,753 [main] INFO  ozone.MiniOzoneClusterImpl (MiniOzoneClusterImpl.java:lambda$waitForClusterToBeReady$0(197)) - Waiting for cluster to exit safe mode
2024-04-28 12:43:55,753 [main] INFO  ozone.MiniOzoneClusterImpl (MiniOzoneClusterImpl.java:lambda$waitForClusterToBeReady$0(199)) - SCM became leader
2024-04-28 12:43:56,753 [main] INFO  ozone.MiniOzoneClusterImpl (MiniOzoneClusterImpl.java:lambda$waitForClusterToBeReady$0(194)) - Nodes are ready. Got 9 of 9 DN Heartbeats.
2024-04-28 12:43:56,754 [main] INFO  ozone.MiniOzoneClusterImpl (MiniOzoneClusterImpl.java:lambda$waitForClusterToBeReady$0(197)) - Waiting for cluster to exit safe mode
2024-04-28 12:43:56,754 [main] INFO  ozone.MiniOzoneClusterImpl (MiniOzoneClusterImpl.java:lambda$waitForClusterToBeReady$0(199)) - SCM became leader
2024-04-28 12:43:57,754 [main] INFO  ozone.MiniOzoneClusterImpl (MiniOzoneClusterImpl.java:lambda$waitForClusterToBeReady$0(194)) - Nodes are ready. Got 9 of 9 DN Heartbeats.
2024-04-28 12:43:57,754 [main] INFO  ozone.MiniOzoneClusterImpl (MiniOzoneClusterImpl.java:lambda$waitForClusterToBeReady$0(197)) - Waiting for cluster to exit safe mode
2024-04-28 12:43:57,754 [main] INFO  ozone.MiniOzoneClusterImpl (MiniOzoneClusterImpl.java:lambda$waitForClusterToBeReady$0(199)) - SCM became leader
2024-04-28 12:43:58,190 [53f12868-9e08-461f-b1df-8616d22e03b0@group-C697AFB1141A-FollowerState] INFO  impl.FollowerState (FollowerState.java:run(143)) - 53f12868-9e08-461f-b1df-8616d22e03b0@group-C697AFB1141A-FollowerState: change to CANDIDATE, lastRpcElapsedTime:5011110061ns, electionTimeout:5010ms
2024-04-28 12:43:58,190 [53f12868-9e08-461f-b1df-8616d22e03b0@group-C697AFB1141A-FollowerState] INFO  impl.RoleInfo (RoleInfo.java:shutdownFollowerState(110)) - 53f12868-9e08-461f-b1df-8616d22e03b0: shutdown 53f12868-9e08-461f-b1df-8616d22e03b0@group-C697AFB1141A-FollowerState
2024-04-28 12:43:58,190 [53f12868-9e08-461f-b1df-8616d22e03b0@group-C697AFB1141A-FollowerState] INFO  server.RaftServer$Division (RaftServerImpl.java:setRole(383)) - 53f12868-9e08-461f-b1df-8616d22e03b0@group-C697AFB1141A: changes role from  FOLLOWER to CANDIDATE at term 0 for changeToCandidate
2024-04-28 12:43:58,191 [53f12868-9e08-461f-b1df-8616d22e03b0@group-C697AFB1141A-FollowerState] INFO  server.RaftServerConfigKeys (ConfUtils.java:logGet(46)) - raft.server.leaderelection.pre-vote = true (default)
2024-04-28 12:43:58,191 [53f12868-9e08-461f-b1df-8616d22e03b0@group-C697AFB1141A-FollowerState] INFO  impl.RoleInfo (RoleInfo.java:updateAndGet(139)) - 53f12868-9e08-461f-b1df-8616d22e03b0: start 53f12868-9e08-461f-b1df-8616d22e03b0@group-C697AFB1141A-LeaderElection16
2024-04-28 12:43:58,191 [53f12868-9e08-461f-b1df-8616d22e03b0@group-C697AFB1141A-LeaderElection16] INFO  impl.LeaderElection (LeaderElection.java:askForVotes(321)) - 53f12868-9e08-461f-b1df-8616d22e03b0@group-C697AFB1141A-LeaderElection16 PRE_VOTE round 0: submit vote requests at term 0 for -1: peers:[53f12868-9e08-461f-b1df-8616d22e03b0|127.0.0.1:15103]|listeners:[], old=null
2024-04-28 12:43:58,191 [53f12868-9e08-461f-b1df-8616d22e03b0@group-C697AFB1141A-LeaderElection16] INFO  impl.LeaderElection (LeaderElection.java:askForVotes(323)) - 53f12868-9e08-461f-b1df-8616d22e03b0@group-C697AFB1141A-LeaderElection16 PRE_VOTE round 0: result PASSED (term=0)
2024-04-28 12:43:58,192 [53f12868-9e08-461f-b1df-8616d22e03b0@group-C697AFB1141A-LeaderElection16] INFO  impl.LeaderElection (LeaderElection.java:askForVotes(321)) - 53f12868-9e08-461f-b1df-8616d22e03b0@group-C697AFB1141A-LeaderElection16 ELECTION round 0: submit vote requests at term 1 for -1: peers:[53f12868-9e08-461f-b1df-8616d22e03b0|127.0.0.1:15103]|listeners:[], old=null
2024-04-28 12:43:58,192 [53f12868-9e08-461f-b1df-8616d22e03b0@group-C697AFB1141A-LeaderElection16] INFO  impl.LeaderElection (LeaderElection.java:askForVotes(323)) - 53f12868-9e08-461f-b1df-8616d22e03b0@group-C697AFB1141A-LeaderElection16 ELECTION round 0: result PASSED (term=1)
2024-04-28 12:43:58,192 [53f12868-9e08-461f-b1df-8616d22e03b0@group-C697AFB1141A-LeaderElection16] INFO  impl.RoleInfo (RoleInfo.java:shutdownLeaderElection(130)) - 53f12868-9e08-461f-b1df-8616d22e03b0: shutdown 53f12868-9e08-461f-b1df-8616d22e03b0@group-C697AFB1141A-LeaderElection16
2024-04-28 12:43:58,192 [53f12868-9e08-461f-b1df-8616d22e03b0@group-C697AFB1141A-LeaderElection16] INFO  server.RaftServer$Division (RaftServerImpl.java:setRole(383)) - 53f12868-9e08-461f-b1df-8616d22e03b0@group-C697AFB1141A: changes role from CANDIDATE to LEADER at term 1 for changeToLeader
2024-04-28 12:43:58,192 [53f12868-9e08-461f-b1df-8616d22e03b0@group-C697AFB1141A-LeaderElection16] INFO  server.RaftServerConfigKeys (ConfUtils.java:logGet(46)) - raft.server.staging.catchup.gap = 1000 (default)
2024-04-28 12:43:58,193 [53f12868-9e08-461f-b1df-8616d22e03b0@group-C697AFB1141A-LeaderElection16] INFO  server.RaftServerConfigKeys (ConfUtils.java:logGet(46)) - raft.server.write.element-limit = 1024 (custom)
2024-04-28 12:43:58,193 [53f12868-9e08-461f-b1df-8616d22e03b0@group-C697AFB1141A-LeaderElection16] INFO  server.RaftServerConfigKeys (ConfUtils.java:logGet(46)) - raft.server.write.byte-limit = 1024 M (=1073741824) (custom)
2024-04-28 12:43:58,193 [53f12868-9e08-461f-b1df-8616d22e03b0@group-C697AFB1141A-LeaderElection16] INFO  server.RaftServerConfigKeys (ConfUtils.java:logGet(46)) - raft.server.watch.timeout = 3000ms (custom)
2024-04-28 12:43:58,193 [53f12868-9e08-461f-b1df-8616d22e03b0@group-C697AFB1141A-LeaderElection16] INFO  server.RaftServerConfigKeys (ConfUtils.java:logGet(46)) - raft.server.watch.timeout.denomination = 1s (default)
2024-04-28 12:43:58,193 [53f12868-9e08-461f-b1df-8616d22e03b0@group-C697AFB1141A-LeaderElection16] INFO  server.RaftServerConfigKeys (ConfUtils.java:logGet(46)) - raft.server.watch.element-limit = 65536 (default)
2024-04-28 12:43:58,193 [53f12868-9e08-461f-b1df-8616d22e03b0@group-C697AFB1141A-LeaderElection16] INFO  server.RaftServerConfigKeys (ConfUtils.java:logGet(46)) - raft.server.read.leader.lease.enabled = false (default)
2024-04-28 12:43:58,193 [53f12868-9e08-461f-b1df-8616d22e03b0@group-C697AFB1141A-LeaderElection16] INFO  server.RaftServerConfigKeys (ConfUtils.java:logGet(46)) - raft.server.read.leader.lease.timeout.ratio = 0.9 (default)
2024-04-28 12:43:58,193 [53f12868-9e08-461f-b1df-8616d22e03b0@group-C697AFB1141A-LeaderElection16] INFO  server.RaftServerConfigKeys (ConfUtils.java:logGet(46)) - raft.server.rpc.timeout.min = 5s (custom)
2024-04-28 12:43:58,193 [53f12868-9e08-461f-b1df-8616d22e03b0@group-C697AFB1141A-LeaderElection16] INFO  server.RaftServerConfigKeys (ConfUtils.java:logGet(46)) - raft.server.write.element-limit = 1024 (custom)
2024-04-28 12:43:58,193 [53f12868-9e08-461f-b1df-8616d22e03b0@group-C697AFB1141A-LeaderElection16] INFO  server.RaftServerConfigKeys (ConfUtils.java:logGet(46)) - raft.server.write.follower.gap.ratio.max = -1.0 (default)
2024-04-28 12:43:58,193 [53f12868-9e08-461f-b1df-8616d22e03b0@group-C697AFB1141A-LeaderElection16] INFO  impl.RoleInfo (RoleInfo.java:updateAndGet(139)) - 53f12868-9e08-461f-b1df-8616d22e03b0: start 53f12868-9e08-461f-b1df-8616d22e03b0@group-C697AFB1141A-LeaderStateImpl
2024-04-28 12:43:58,193 [53f12868-9e08-461f-b1df-8616d22e03b0@group-C697AFB1141A-LeaderElection16] INFO  server.RaftServer$Division (RaftServerImpl.java:setFirstElection(574)) - 53f12868-9e08-461f-b1df-8616d22e03b0@group-C697AFB1141A: set firstElectionSinceStartup to false for becomeLeader
2024-04-28 12:43:58,193 [53f12868-9e08-461f-b1df-8616d22e03b0@group-C697AFB1141A-LeaderElection16] INFO  ratis.XceiverServerRatis (XceiverServerRatis.java:handleLeaderChangedNotification(966)) - Leader change notification received for group: group-C697AFB1141A with new leaderId: 53f12868-9e08-461f-b1df-8616d22e03b0
2024-04-28 12:43:58,194 [53f12868-9e08-461f-b1df-8616d22e03b0@group-C697AFB1141A-LeaderElection16] INFO  server.RaftServer$Division (ServerState.java:setLeader(269)) - 53f12868-9e08-461f-b1df-8616d22e03b0@group-C697AFB1141A: change Leader from null to 53f12868-9e08-461f-b1df-8616d22e03b0 at term 1 for becomeLeader, leader elected after 5024ms
2024-04-28 12:43:58,194 [53f12868-9e08-461f-b1df-8616d22e03b0@group-C697AFB1141A-LeaderElection16] INFO  segmented.SegmentedRaftLogWorker (SegmentedRaftLogWorker.java:startLogSegment(430)) - 53f12868-9e08-461f-b1df-8616d22e03b0@group-C697AFB1141A-SegmentedRaftLogWorker: Starting segment from index:0
2024-04-28 12:43:58,194 [53f12868-9e08-461f-b1df-8616d22e03b0@group-C697AFB1141A-SegmentedRaftLogWorker] INFO  segmented.BufferedWriteChannel (BufferedWriteChannel.java:open(62)) - open log_inprogress_0 at position 0
2024-04-28 12:43:58,194 [EventQueue-OpenPipelineForHealthyPipelineSafeModeRule] INFO  safemode.SCMSafeModeManager (HealthyPipelineSafeModeRule.java:process(140)) - SCM in safe mode. Healthy pipelines reported count is 0, required healthy pipeline reported count is 1
2024-04-28 12:43:58,197 [53f12868-9e08-461f-b1df-8616d22e03b0@group-C697AFB1141A-LeaderElection16] INFO  server.RaftServer$Division (ServerState.java:setRaftConf(386)) - 53f12868-9e08-461f-b1df-8616d22e03b0@group-C697AFB1141A: set configuration 0: peers:[53f12868-9e08-461f-b1df-8616d22e03b0|127.0.0.1:15103]|listeners:[], old=null
2024-04-28 12:43:58,200 [53f12868-9e08-461f-b1df-8616d22e03b0@group-C697AFB1141A-SegmentedRaftLogWorker] INFO  segmented.SegmentedRaftLogWorker (SegmentedRaftLogWorker.java:execute(634)) - 53f12868-9e08-461f-b1df-8616d22e03b0@group-C697AFB1141A-SegmentedRaftLogWorker: created new log segment /home/runner/work/ozone/ozone/hadoop-ozone/integration-test/target/test-dir/MiniOzoneClusterImpl-fb989876-9371-464e-b996-ece4d3fe3ecb/ozone-meta/datanode-1/ratis/36285d89-3fd5-498b-9d95-c697afb1141a/current/log_inprogress_0
2024-04-28 12:43:58,202 [53f12868-9e08-461f-b1df-8616d22e03b0@group-C697AFB1141A-StateMachineUpdater] INFO  server.RaftServer$Division (LeaderStateImpl.java:isApplied(320)) - leader is ready since appliedIndex == 0 >= startIndex == 0
2024-04-28 12:43:58,242 [013b6299-c97b-4afe-8aa4-203fc50eadfd@group-64502A0FA25A-FollowerState] INFO  impl.FollowerState (FollowerState.java:run(143)) - 013b6299-c97b-4afe-8aa4-203fc50eadfd@group-64502A0FA25A-FollowerState: change to CANDIDATE, lastRpcElapsedTime:5026321768ns, electionTimeout:5024ms
2024-04-28 12:43:58,242 [013b6299-c97b-4afe-8aa4-203fc50eadfd@group-64502A0FA25A-FollowerState] INFO  impl.RoleInfo (RoleInfo.java:shutdownFollowerState(110)) - 013b6299-c97b-4afe-8aa4-203fc50eadfd: shutdown 013b6299-c97b-4afe-8aa4-203fc50eadfd@group-64502A0FA25A-FollowerState
2024-04-28 12:43:58,242 [013b6299-c97b-4afe-8aa4-203fc50eadfd@group-64502A0FA25A-FollowerState] INFO  server.RaftServer$Division (RaftServerImpl.java:setRole(383)) - 013b6299-c97b-4afe-8aa4-203fc50eadfd@group-64502A0FA25A: changes role from  FOLLOWER to CANDIDATE at term 0 for changeToCandidate
2024-04-28 12:43:58,242 [013b6299-c97b-4afe-8aa4-203fc50eadfd@group-64502A0FA25A-FollowerState] INFO  server.RaftServerConfigKeys (ConfUtils.java:logGet(46)) - raft.server.leaderelection.pre-vote = true (default)
2024-04-28 12:43:58,242 [013b6299-c97b-4afe-8aa4-203fc50eadfd@group-64502A0FA25A-FollowerState] INFO  impl.RoleInfo (RoleInfo.java:updateAndGet(139)) - 013b6299-c97b-4afe-8aa4-203fc50eadfd: start 013b6299-c97b-4afe-8aa4-203fc50eadfd@group-64502A0FA25A-LeaderElection17
2024-04-28 12:43:58,243 [013b6299-c97b-4afe-8aa4-203fc50eadfd@group-64502A0FA25A-LeaderElection17] INFO  impl.LeaderElection (LeaderElection.java:askForVotes(321)) - 013b6299-c97b-4afe-8aa4-203fc50eadfd@group-64502A0FA25A-LeaderElection17 PRE_VOTE round 0: submit vote requests at term 0 for -1: peers:[53f12868-9e08-461f-b1df-8616d22e03b0|127.0.0.1:15103, 013b6299-c97b-4afe-8aa4-203fc50eadfd|127.0.0.1:15121, e9c86f68-3649-4446-905a-585a397e3574|127.0.0.1:15112]|listeners:[], old=null
2024-04-28 12:43:58,243 [013b6299-c97b-4afe-8aa4-203fc50eadfd@group-64502A0FA25A-LeaderElection17-1] INFO  server.GrpcServerProtocolClient (GrpcServerProtocolClient.java:<init>(65)) - Build channel for 53f12868-9e08-461f-b1df-8616d22e03b0|127.0.0.1:15103
2024-04-28 12:43:58,243 [013b6299-c97b-4afe-8aa4-203fc50eadfd@group-64502A0FA25A-LeaderElection17-2] INFO  server.GrpcServerProtocolClient (GrpcServerProtocolClient.java:<init>(65)) - Build channel for e9c86f68-3649-4446-905a-585a397e3574|127.0.0.1:15112
2024-04-28 12:43:58,243 [013b6299-c97b-4afe-8aa4-203fc50eadfd@group-64502A0FA25A-LeaderElection17] INFO  server.RaftServerConfigKeys (ConfUtils.java:logFallback(53)) - raft.server.rpc.first-election.timeout.min = 5s (fallback to raft.server.rpc.timeout.min)
2024-04-28 12:43:58,243 [013b6299-c97b-4afe-8aa4-203fc50eadfd@group-64502A0FA25A-LeaderElection17] INFO  server.RaftServerConfigKeys (ConfUtils.java:logFallback(53)) - raft.server.rpc.first-election.timeout.max = 5200ms (fallback to raft.server.rpc.timeout.max)
2024-04-28 12:43:58,248 [grpc-default-executor-0] INFO  server.RaftServer$Division (RaftServerImpl.java:requestVote(1389)) - 53f12868-9e08-461f-b1df-8616d22e03b0@group-64502A0FA25A: receive requestVote(PRE_VOTE, 013b6299-c97b-4afe-8aa4-203fc50eadfd, group-64502A0FA25A, 0, (t:0, i:0))
2024-04-28 12:43:58,248 [grpc-default-executor-0] INFO  impl.VoteContext (VoteContext.java:log(49)) - 53f12868-9e08-461f-b1df-8616d22e03b0@group-64502A0FA25A-FOLLOWER: accept PRE_VOTE from 013b6299-c97b-4afe-8aa4-203fc50eadfd: our priority 0 <= candidate's priority 0
2024-04-28 12:43:58,248 [grpc-default-executor-0] INFO  server.RaftServer$Division (RaftServerImpl.java:requestVote(1422)) - 53f12868-9e08-461f-b1df-8616d22e03b0@group-64502A0FA25A replies to PRE_VOTE vote request: 013b6299-c97b-4afe-8aa4-203fc50eadfd<-53f12868-9e08-461f-b1df-8616d22e03b0#0:OK-t0. Peer's state: 53f12868-9e08-461f-b1df-8616d22e03b0@group-64502A0FA25A:t0, leader=null, voted=, raftlog=Memoized:53f12868-9e08-461f-b1df-8616d22e03b0@group-64502A0FA25A-SegmentedRaftLog:OPENED:c-1, conf=-1: peers:[53f12868-9e08-461f-b1df-8616d22e03b0|127.0.0.1:15103, 013b6299-c97b-4afe-8aa4-203fc50eadfd|127.0.0.1:15121, e9c86f68-3649-4446-905a-585a397e3574|127.0.0.1:15112]|listeners:[], old=null
2024-04-28 12:43:58,249 [grpc-default-executor-1] INFO  server.RaftServer$Division (RaftServerImpl.java:requestVote(1389)) - e9c86f68-3649-4446-905a-585a397e3574@group-64502A0FA25A: receive requestVote(PRE_VOTE, 013b6299-c97b-4afe-8aa4-203fc50eadfd, group-64502A0FA25A, 0, (t:0, i:0))
2024-04-28 12:43:58,249 [grpc-default-executor-1] INFO  impl.VoteContext (VoteContext.java:log(49)) - e9c86f68-3649-4446-905a-585a397e3574@group-64502A0FA25A-FOLLOWER: reject PRE_VOTE from 013b6299-c97b-4afe-8aa4-203fc50eadfd: our priority 1 > candidate's priority 0
2024-04-28 12:43:58,250 [grpc-default-executor-1] INFO  server.RaftServer$Division (RaftServerImpl.java:requestVote(1422)) - e9c86f68-3649-4446-905a-585a397e3574@group-64502A0FA25A replies to PRE_VOTE vote request: 013b6299-c97b-4afe-8aa4-203fc50eadfd<-e9c86f68-3649-4446-905a-585a397e3574#0:FAIL-t0. Peer's state: e9c86f68-3649-4446-905a-585a397e3574@group-64502A0FA25A:t0, leader=null, voted=, raftlog=Memoized:e9c86f68-3649-4446-905a-585a397e3574@group-64502A0FA25A-SegmentedRaftLog:OPENED:c-1, conf=-1: peers:[53f12868-9e08-461f-b1df-8616d22e03b0|127.0.0.1:15103, 013b6299-c97b-4afe-8aa4-203fc50eadfd|127.0.0.1:15121, e9c86f68-3649-4446-905a-585a397e3574|127.0.0.1:15112]|listeners:[], old=null
2024-04-28 12:43:58,252 [013b6299-c97b-4afe-8aa4-203fc50eadfd@group-64502A0FA25A-LeaderElection17] INFO  impl.LeaderElection (LeaderElection.java:logAndReturn(89)) - 013b6299-c97b-4afe-8aa4-203fc50eadfd@group-64502A0FA25A-LeaderElection17: PRE_VOTE REJECTED received 2 response(s) and 0 exception(s):
2024-04-28 12:43:58,252 [013b6299-c97b-4afe-8aa4-203fc50eadfd@group-64502A0FA25A-LeaderElection17] INFO  impl.LeaderElection (LeaderElection.java:logAndReturn(93)) -   Response 0: 013b6299-c97b-4afe-8aa4-203fc50eadfd<-53f12868-9e08-461f-b1df-8616d22e03b0#0:OK-t0
2024-04-28 12:43:58,252 [013b6299-c97b-4afe-8aa4-203fc50eadfd@group-64502A0FA25A-LeaderElection17] INFO  impl.LeaderElection (LeaderElection.java:logAndReturn(93)) -   Response 1: 013b6299-c97b-4afe-8aa4-203fc50eadfd<-e9c86f68-3649-4446-905a-585a397e3574#0:FAIL-t0
2024-04-28 12:43:58,252 [013b6299-c97b-4afe-8aa4-203fc50eadfd@group-64502A0FA25A-LeaderElection17] INFO  impl.LeaderElection (LeaderElection.java:askForVotes(323)) - 013b6299-c97b-4afe-8aa4-203fc50eadfd@group-64502A0FA25A-LeaderElection17 PRE_VOTE round 0: result REJECTED
2024-04-28 12:43:58,252 [013b6299-c97b-4afe-8aa4-203fc50eadfd@group-64502A0FA25A-LeaderElection17] INFO  server.RaftServer$Division (RaftServerImpl.java:setRole(383)) - 013b6299-c97b-4afe-8aa4-203fc50eadfd@group-64502A0FA25A: changes role from CANDIDATE to FOLLOWER at term 0 for REJECTED
2024-04-28 12:43:58,252 [013b6299-c97b-4afe-8aa4-203fc50eadfd@group-64502A0FA25A-LeaderElection17] INFO  impl.RoleInfo (RoleInfo.java:shutdownLeaderElection(130)) - 013b6299-c97b-4afe-8aa4-203fc50eadfd: shutdown 013b6299-c97b-4afe-8aa4-203fc50eadfd@group-64502A0FA25A-LeaderElection17
2024-04-28 12:43:58,252 [013b6299-c97b-4afe-8aa4-203fc50eadfd@group-64502A0FA25A-LeaderElection17] INFO  impl.RoleInfo (RoleInfo.java:updateAndGet(139)) - 013b6299-c97b-4afe-8aa4-203fc50eadfd: start 013b6299-c97b-4afe-8aa4-203fc50eadfd@group-64502A0FA25A-FollowerState
2024-04-28 12:43:58,252 [013b6299-c97b-4afe-8aa4-203fc50eadfd@group-64502A0FA25A-LeaderElection17] INFO  server.RaftServer$Division (RaftServerImpl.java:setFirstElection(574)) - 013b6299-c97b-4afe-8aa4-203fc50eadfd@group-64502A0FA25A: set firstElectionSinceStartup to false for REJECTED
2024-04-28 12:43:58,254 [e9c86f68-3649-4446-905a-585a397e3574@group-249964EAA68A-FollowerState] INFO  impl.FollowerState (FollowerState.java:run(143)) - e9c86f68-3649-4446-905a-585a397e3574@group-249964EAA68A-FollowerState: change to CANDIDATE, lastRpcElapsedTime:5002061687ns, electionTimeout:5001ms
2024-04-28 12:43:58,254 [e9c86f68-3649-4446-905a-585a397e3574@group-249964EAA68A-FollowerState] INFO  impl.RoleInfo (RoleInfo.java:shutdownFollowerState(110)) - e9c86f68-3649-4446-905a-585a397e3574: shutdown e9c86f68-3649-4446-905a-585a397e3574@group-249964EAA68A-FollowerState
2024-04-28 12:43:58,254 [e9c86f68-3649-4446-905a-585a397e3574@group-249964EAA68A-FollowerState] INFO  server.RaftServer$Division (RaftServerImpl.java:setRole(383)) - e9c86f68-3649-4446-905a-585a397e3574@group-249964EAA68A: changes role from  FOLLOWER to CANDIDATE at term 0 for changeToCandidate
2024-04-28 12:43:58,254 [e9c86f68-3649-4446-905a-585a397e3574@group-249964EAA68A-FollowerState] INFO  server.RaftServerConfigKeys (ConfUtils.java:logGet(46)) - raft.server.leaderelection.pre-vote = true (default)
2024-04-28 12:43:58,254 [e9c86f68-3649-4446-905a-585a397e3574@group-249964EAA68A-FollowerState] INFO  impl.RoleInfo (RoleInfo.java:updateAndGet(139)) - e9c86f68-3649-4446-905a-585a397e3574: start e9c86f68-3649-4446-905a-585a397e3574@group-249964EAA68A-LeaderElection18
2024-04-28 12:43:58,254 [e9c86f68-3649-4446-905a-585a397e3574@group-249964EAA68A-LeaderElection18] INFO  impl.LeaderElection (LeaderElection.java:askForVotes(321)) - e9c86f68-3649-4446-905a-585a397e3574@group-249964EAA68A-LeaderElection18 PRE_VOTE round 0: submit vote requests at term 0 for -1: peers:[e9c86f68-3649-4446-905a-585a397e3574|127.0.0.1:15112]|listeners:[], old=null
2024-04-28 12:43:58,254 [e9c86f68-3649-4446-905a-585a397e3574@group-249964EAA68A-LeaderElection18] INFO  impl.LeaderElection (LeaderElection.java:askForVotes(323)) - e9c86f68-3649-4446-905a-585a397e3574@group-249964EAA68A-LeaderElection18 PRE_VOTE round 0: result PASSED (term=0)
2024-04-28 12:43:58,255 [e9c86f68-3649-4446-905a-585a397e3574@group-249964EAA68A-LeaderElection18] INFO  impl.LeaderElection (LeaderElection.java:askForVotes(321)) - e9c86f68-3649-4446-905a-585a397e3574@group-249964EAA68A-LeaderElection18 ELECTION round 0: submit vote requests at term 1 for -1: peers:[e9c86f68-3649-4446-905a-585a397e3574|127.0.0.1:15112]|listeners:[], old=null
2024-04-28 12:43:58,255 [e9c86f68-3649-4446-905a-585a397e3574@group-249964EAA68A-LeaderElection18] INFO  impl.LeaderElection (LeaderElection.java:askForVotes(323)) - e9c86f68-3649-4446-905a-585a397e3574@group-249964EAA68A-LeaderElection18 ELECTION round 0: result PASSED (term=1)
2024-04-28 12:43:58,255 [e9c86f68-3649-4446-905a-585a397e3574@group-249964EAA68A-LeaderElection18] INFO  impl.RoleInfo (RoleInfo.java:shutdownLeaderElection(130)) - e9c86f68-3649-4446-905a-585a397e3574: shutdown e9c86f68-3649-4446-905a-585a397e3574@group-249964EAA68A-LeaderElection18
2024-04-28 12:43:58,255 [e9c86f68-3649-4446-905a-585a397e3574@group-249964EAA68A-LeaderElection18] INFO  server.RaftServer$Division (RaftServerImpl.java:setRole(383)) - e9c86f68-3649-4446-905a-585a397e3574@group-249964EAA68A: changes role from CANDIDATE to LEADER at term 1 for changeToLeader
2024-04-28 12:43:58,255 [e9c86f68-3649-4446-905a-585a397e3574@group-249964EAA68A-LeaderElection18] INFO  server.RaftServerConfigKeys (ConfUtils.java:logGet(46)) - raft.server.staging.catchup.gap = 1000 (default)
2024-04-28 12:43:58,256 [e9c86f68-3649-4446-905a-585a397e3574@group-249964EAA68A-LeaderElection18] INFO  server.RaftServerConfigKeys (ConfUtils.java:logGet(46)) - raft.server.write.element-limit = 1024 (custom)
2024-04-28 12:43:58,256 [e9c86f68-3649-4446-905a-585a397e3574@group-249964EAA68A-LeaderElection18] INFO  server.RaftServerConfigKeys (ConfUtils.java:logGet(46)) - raft.server.write.byte-limit = 1024 M (=1073741824) (custom)
2024-04-28 12:43:58,256 [e9c86f68-3649-4446-905a-585a397e3574@group-249964EAA68A-LeaderElection18] INFO  server.RaftServerConfigKeys (ConfUtils.java:logGet(46)) - raft.server.watch.timeout = 3000ms (custom)
2024-04-28 12:43:58,256 [e9c86f68-3649-4446-905a-585a397e3574@group-249964EAA68A-LeaderElection18] INFO  server.RaftServerConfigKeys (ConfUtils.java:logGet(46)) - raft.server.watch.timeout.denomination = 1s (default)
2024-04-28 12:43:58,256 [e9c86f68-3649-4446-905a-585a397e3574@group-249964EAA68A-LeaderElection18] INFO  server.RaftServerConfigKeys (ConfUtils.java:logGet(46)) - raft.server.watch.element-limit = 65536 (default)
2024-04-28 12:43:58,256 [e9c86f68-3649-4446-905a-585a397e3574@group-249964EAA68A-LeaderElection18] INFO  server.RaftServerConfigKeys (ConfUtils.java:logGet(46)) - raft.server.read.leader.lease.enabled = false (default)
2024-04-28 12:43:58,256 [e9c86f68-3649-4446-905a-585a397e3574@group-249964EAA68A-LeaderElection18] INFO  server.RaftServerConfigKeys (ConfUtils.java:logGet(46)) - raft.server.read.leader.lease.timeout.ratio = 0.9 (default)
2024-04-28 12:43:58,256 [e9c86f68-3649-4446-905a-585a397e3574@group-249964EAA68A-LeaderElection18] INFO  server.RaftServerConfigKeys (ConfUtils.java:logGet(46)) - raft.server.rpc.timeout.min = 5s (custom)
2024-04-28 12:43:58,256 [e9c86f68-3649-4446-905a-585a397e3574@group-249964EAA68A-LeaderElection18] INFO  server.RaftServerConfigKeys (ConfUtils.java:logGet(46)) - raft.server.write.element-limit = 1024 (custom)
2024-04-28 12:43:58,256 [e9c86f68-3649-4446-905a-585a397e3574@group-249964EAA68A-LeaderElection18] INFO  server.RaftServerConfigKeys (ConfUtils.java:logGet(46)) - raft.server.write.follower.gap.ratio.max = -1.0 (default)
2024-04-28 12:43:58,256 [e9c86f68-3649-4446-905a-585a397e3574@group-249964EAA68A-LeaderElection18] INFO  impl.RoleInfo (RoleInfo.java:updateAndGet(139)) - e9c86f68-3649-4446-905a-585a397e3574: start e9c86f68-3649-4446-905a-585a397e3574@group-249964EAA68A-LeaderStateImpl
2024-04-28 12:43:58,256 [e9c86f68-3649-4446-905a-585a397e3574@group-249964EAA68A-LeaderElection18] INFO  server.RaftServer$Division (RaftServerImpl.java:setFirstElection(574)) - e9c86f68-3649-4446-905a-585a397e3574@group-249964EAA68A: set firstElectionSinceStartup to false for becomeLeader
2024-04-28 12:43:58,256 [e9c86f68-3649-4446-905a-585a397e3574@group-249964EAA68A-LeaderElection18] INFO  ratis.XceiverServerRatis (XceiverServerRatis.java:handleLeaderChangedNotification(966)) - Leader change notification received for group: group-249964EAA68A with new leaderId: e9c86f68-3649-4446-905a-585a397e3574
2024-04-28 12:43:58,257 [e9c86f68-3649-4446-905a-585a397e3574@group-249964EAA68A-LeaderElection18] INFO  server.RaftServer$Division (ServerState.java:setLeader(269)) - e9c86f68-3649-4446-905a-585a397e3574@group-249964EAA68A: change Leader from null to e9c86f68-3649-4446-905a-585a397e3574 at term 1 for becomeLeader, leader elected after 5015ms
2024-04-28 12:43:58,257 [e9c86f68-3649-4446-905a-585a397e3574@group-249964EAA68A-LeaderElection18] INFO  segmented.SegmentedRaftLogWorker (SegmentedRaftLogWorker.java:startLogSegment(430)) - e9c86f68-3649-4446-905a-585a397e3574@group-249964EAA68A-SegmentedRaftLogWorker: Starting segment from index:0
2024-04-28 12:43:58,257 [e9c86f68-3649-4446-905a-585a397e3574@group-249964EAA68A-LeaderElection18] INFO  server.RaftServer$Division (ServerState.java:setRaftConf(386)) - e9c86f68-3649-4446-905a-585a397e3574@group-249964EAA68A: set configuration 0: peers:[e9c86f68-3649-4446-905a-585a397e3574|127.0.0.1:15112]|listeners:[], old=null
2024-04-28 12:43:58,258 [e9c86f68-3649-4446-905a-585a397e3574@group-249964EAA68A-SegmentedRaftLogWorker] INFO  segmented.BufferedWriteChannel (BufferedWriteChannel.java:open(62)) - open log_inprogress_0 at position 0
2024-04-28 12:43:58,261 [EventQueue-OpenPipelineForHealthyPipelineSafeModeRule] INFO  safemode.SCMSafeModeManager (HealthyPipelineSafeModeRule.java:process(140)) - SCM in safe mode. Healthy pipelines reported count is 0, required healthy pipeline reported count is 1
2024-04-28 12:43:58,264 [e9c86f68-3649-4446-905a-585a397e3574@group-249964EAA68A-SegmentedRaftLogWorker] INFO  segmented.SegmentedRaftLogWorker (SegmentedRaftLogWorker.java:execute(634)) - e9c86f68-3649-4446-905a-585a397e3574@group-249964EAA68A-SegmentedRaftLogWorker: created new log segment /home/runner/work/ozone/ozone/hadoop-ozone/integration-test/target/test-dir/MiniOzoneClusterImpl-fb989876-9371-464e-b996-ece4d3fe3ecb/ozone-meta/datanode-2/ratis/cbfb3750-0957-4ea3-a053-249964eaa68a/current/log_inprogress_0
2024-04-28 12:43:58,266 [e9c86f68-3649-4446-905a-585a397e3574@group-249964EAA68A-StateMachineUpdater] INFO  server.RaftServer$Division (LeaderStateImpl.java:isApplied(320)) - leader is ready since appliedIndex == 0 >= startIndex == 0
2024-04-28 12:43:58,288 [53f12868-9e08-461f-b1df-8616d22e03b0@group-64502A0FA25A-FollowerState] INFO  server.RaftServerConfigKeys (ConfUtils.java:logFallback(53)) - raft.server.rpc.first-election.timeout.min = 5s (fallback to raft.server.rpc.timeout.min)
2024-04-28 12:43:58,288 [53f12868-9e08-461f-b1df-8616d22e03b0@group-64502A0FA25A-FollowerState] INFO  server.RaftServerConfigKeys (ConfUtils.java:logFallback(53)) - raft.server.rpc.first-election.timeout.max = 5200ms (fallback to raft.server.rpc.timeout.max)
2024-04-28 12:43:58,318 [e9c86f68-3649-4446-905a-585a397e3574@group-64502A0FA25A-FollowerState] INFO  impl.FollowerState (FollowerState.java:run(143)) - e9c86f68-3649-4446-905a-585a397e3574@group-64502A0FA25A-FollowerState: change to CANDIDATE, lastRpcElapsedTime:5080414177ns, electionTimeout:5080ms
2024-04-28 12:43:58,318 [e9c86f68-3649-4446-905a-585a397e3574@group-64502A0FA25A-FollowerState] INFO  impl.RoleInfo (RoleInfo.java:shutdownFollowerState(110)) - e9c86f68-3649-4446-905a-585a397e3574: shutdown e9c86f68-3649-4446-905a-585a397e3574@group-64502A0FA25A-FollowerState
2024-04-28 12:43:58,318 [e9c86f68-3649-4446-905a-585a397e3574@group-64502A0FA25A-FollowerState] INFO  server.RaftServer$Division (RaftServerImpl.java:setRole(383)) - e9c86f68-3649-4446-905a-585a397e3574@group-64502A0FA25A: changes role from  FOLLOWER to CANDIDATE at term 0 for changeToCandidate
2024-04-28 12:43:58,318 [e9c86f68-3649-4446-905a-585a397e3574@group-64502A0FA25A-FollowerState] INFO  server.RaftServerConfigKeys (ConfUtils.java:logGet(46)) - raft.server.leaderelection.pre-vote = true (default)
2024-04-28 12:43:58,318 [e9c86f68-3649-4446-905a-585a397e3574@group-64502A0FA25A-FollowerState] INFO  impl.RoleInfo (RoleInfo.java:updateAndGet(139)) - e9c86f68-3649-4446-905a-585a397e3574: start e9c86f68-3649-4446-905a-585a397e3574@group-64502A0FA25A-LeaderElection19
2024-04-28 12:43:58,318 [e9c86f68-3649-4446-905a-585a397e3574@group-64502A0FA25A-LeaderElection19] INFO  impl.LeaderElection (LeaderElection.java:askForVotes(321)) - e9c86f68-3649-4446-905a-585a397e3574@group-64502A0FA25A-LeaderElection19 PRE_VOTE round 0: submit vote requests at term 0 for -1: peers:[53f12868-9e08-461f-b1df-8616d22e03b0|127.0.0.1:15103, 013b6299-c97b-4afe-8aa4-203fc50eadfd|127.0.0.1:15121, e9c86f68-3649-4446-905a-585a397e3574|127.0.0.1:15112]|listeners:[], old=null
2024-04-28 12:43:58,319 [e9c86f68-3649-4446-905a-585a397e3574@group-64502A0FA25A-LeaderElection19-1] INFO  server.GrpcServerProtocolClient (GrpcServerProtocolClient.java:<init>(65)) - Build channel for 53f12868-9e08-461f-b1df-8616d22e03b0|127.0.0.1:15103
2024-04-28 12:43:58,319 [e9c86f68-3649-4446-905a-585a397e3574@group-64502A0FA25A-LeaderElection19] INFO  server.RaftServerConfigKeys (ConfUtils.java:logFallback(53)) - raft.server.rpc.first-election.timeout.min = 5s (fallback to raft.server.rpc.timeout.min)
2024-04-28 12:43:58,319 [e9c86f68-3649-4446-905a-585a397e3574@group-64502A0FA25A-LeaderElection19] INFO  server.RaftServerConfigKeys (ConfUtils.java:logFallback(53)) - raft.server.rpc.first-election.timeout.max = 5200ms (fallback to raft.server.rpc.timeout.max)
2024-04-28 12:43:58,319 [e9c86f68-3649-4446-905a-585a397e3574@group-64502A0FA25A-LeaderElection19-2] INFO  server.GrpcServerProtocolClient (GrpcServerProtocolClient.java:<init>(65)) - Build channel for 013b6299-c97b-4afe-8aa4-203fc50eadfd|127.0.0.1:15121
2024-04-28 12:43:58,323 [grpc-default-executor-0] INFO  server.RaftServer$Division (RaftServerImpl.java:requestVote(1389)) - 53f12868-9e08-461f-b1df-8616d22e03b0@group-64502A0FA25A: receive requestVote(PRE_VOTE, e9c86f68-3649-4446-905a-585a397e3574, group-64502A0FA25A, 0, (t:0, i:0))
2024-04-28 12:43:58,323 [grpc-default-executor-0] INFO  impl.VoteContext (VoteContext.java:log(49)) - 53f12868-9e08-461f-b1df-8616d22e03b0@group-64502A0FA25A-FOLLOWER: accept PRE_VOTE from e9c86f68-3649-4446-905a-585a397e3574: our priority 0 <= candidate's priority 1
2024-04-28 12:43:58,323 [grpc-default-executor-0] INFO  server.RaftServer$Division (RaftServerImpl.java:requestVote(1422)) - 53f12868-9e08-461f-b1df-8616d22e03b0@group-64502A0FA25A replies to PRE_VOTE vote request: e9c86f68-3649-4446-905a-585a397e3574<-53f12868-9e08-461f-b1df-8616d22e03b0#0:OK-t0. Peer's state: 53f12868-9e08-461f-b1df-8616d22e03b0@group-64502A0FA25A:t0, leader=null, voted=, raftlog=Memoized:53f12868-9e08-461f-b1df-8616d22e03b0@group-64502A0FA25A-SegmentedRaftLog:OPENED:c-1, conf=-1: peers:[53f12868-9e08-461f-b1df-8616d22e03b0|127.0.0.1:15103, 013b6299-c97b-4afe-8aa4-203fc50eadfd|127.0.0.1:15121, e9c86f68-3649-4446-905a-585a397e3574|127.0.0.1:15112]|listeners:[], old=null
2024-04-28 12:43:58,324 [e9c86f68-3649-4446-905a-585a397e3574@group-64502A0FA25A-LeaderElection19] INFO  impl.LeaderElection (LeaderElection.java:logAndReturn(89)) - e9c86f68-3649-4446-905a-585a397e3574@group-64502A0FA25A-LeaderElection19: PRE_VOTE PASSED received 1 response(s) and 0 exception(s):
2024-04-28 12:43:58,324 [e9c86f68-3649-4446-905a-585a397e3574@group-64502A0FA25A-LeaderElection19] INFO  impl.LeaderElection (LeaderElection.java:logAndReturn(93)) -   Response 0: e9c86f68-3649-4446-905a-585a397e3574<-53f12868-9e08-461f-b1df-8616d22e03b0#0:OK-t0
2024-04-28 12:43:58,324 [grpc-default-executor-1] INFO  server.RaftServer$Division (RaftServerImpl.java:requestVote(1389)) - 013b6299-c97b-4afe-8aa4-203fc50eadfd@group-64502A0FA25A: receive requestVote(PRE_VOTE, e9c86f68-3649-4446-905a-585a397e3574, group-64502A0FA25A, 0, (t:0, i:0))
2024-04-28 12:43:58,324 [e9c86f68-3649-4446-905a-585a397e3574@group-64502A0FA25A-LeaderElection19] INFO  impl.LeaderElection (LeaderElection.java:askForVotes(323)) - e9c86f68-3649-4446-905a-585a397e3574@group-64502A0FA25A-LeaderElection19 PRE_VOTE round 0: result PASSED
2024-04-28 12:43:58,324 [grpc-default-executor-1] INFO  impl.VoteContext (VoteContext.java:log(49)) - 013b6299-c97b-4afe-8aa4-203fc50eadfd@group-64502A0FA25A-FOLLOWER: accept PRE_VOTE from e9c86f68-3649-4446-905a-585a397e3574: our priority 0 <= candidate's priority 1
2024-04-28 12:43:58,324 [grpc-default-executor-1] INFO  server.RaftServer$Division (RaftServerImpl.java:requestVote(1422)) - 013b6299-c97b-4afe-8aa4-203fc50eadfd@group-64502A0FA25A replies to PRE_VOTE vote request: e9c86f68-3649-4446-905a-585a397e3574<-013b6299-c97b-4afe-8aa4-203fc50eadfd#0:OK-t0. Peer's state: 013b6299-c97b-4afe-8aa4-203fc50eadfd@group-64502A0FA25A:t0, leader=null, voted=, raftlog=Memoized:013b6299-c97b-4afe-8aa4-203fc50eadfd@group-64502A0FA25A-SegmentedRaftLog:OPENED:c-1, conf=-1: peers:[53f12868-9e08-461f-b1df-8616d22e03b0|127.0.0.1:15103, 013b6299-c97b-4afe-8aa4-203fc50eadfd|127.0.0.1:15121, e9c86f68-3649-4446-905a-585a397e3574|127.0.0.1:15112]|listeners:[], old=null
2024-04-28 12:43:58,325 [e9c86f68-3649-4446-905a-585a397e3574@group-64502A0FA25A-LeaderElection19] INFO  impl.LeaderElection (LeaderElection.java:askForVotes(321)) - e9c86f68-3649-4446-905a-585a397e3574@group-64502A0FA25A-LeaderElection19 ELECTION round 0: submit vote requests at term 1 for -1: peers:[53f12868-9e08-461f-b1df-8616d22e03b0|127.0.0.1:15103, 013b6299-c97b-4afe-8aa4-203fc50eadfd|127.0.0.1:15121, e9c86f68-3649-4446-905a-585a397e3574|127.0.0.1:15112]|listeners:[], old=null
2024-04-28 12:43:58,326 [e9c86f68-3649-4446-905a-585a397e3574@group-64502A0FA25A-LeaderElection19] INFO  server.RaftServerConfigKeys (ConfUtils.java:logFallback(53)) - raft.server.rpc.first-election.timeout.min = 5s (fallback to raft.server.rpc.timeout.min)
2024-04-28 12:43:58,326 [e9c86f68-3649-4446-905a-585a397e3574@group-64502A0FA25A-LeaderElection19] INFO  server.RaftServerConfigKeys (ConfUtils.java:logFallback(53)) - raft.server.rpc.first-election.timeout.max = 5200ms (fallback to raft.server.rpc.timeout.max)
2024-04-28 12:43:58,326 [grpc-default-executor-1] INFO  server.RaftServer$Division (RaftServerImpl.java:requestVote(1389)) - 53f12868-9e08-461f-b1df-8616d22e03b0@group-64502A0FA25A: receive requestVote(ELECTION, e9c86f68-3649-4446-905a-585a397e3574, group-64502A0FA25A, 1, (t:0, i:0))
2024-04-28 12:43:58,326 [grpc-default-executor-0] INFO  server.RaftServer$Division (RaftServerImpl.java:requestVote(1389)) - 013b6299-c97b-4afe-8aa4-203fc50eadfd@group-64502A0FA25A: receive requestVote(ELECTION, e9c86f68-3649-4446-905a-585a397e3574, group-64502A0FA25A, 1, (t:0, i:0))
2024-04-28 12:43:58,326 [grpc-default-executor-1] INFO  impl.VoteContext (VoteContext.java:log(49)) - 53f12868-9e08-461f-b1df-8616d22e03b0@group-64502A0FA25A-FOLLOWER: accept ELECTION from e9c86f68-3649-4446-905a-585a397e3574: our priority 0 <= candidate's priority 1
2024-04-28 12:43:58,327 [grpc-default-executor-1] INFO  server.RaftServer$Division (RaftServerImpl.java:setRole(383)) - 53f12868-9e08-461f-b1df-8616d22e03b0@group-64502A0FA25A: changes role from  FOLLOWER to FOLLOWER at term 1 for candidate:e9c86f68-3649-4446-905a-585a397e3574
2024-04-28 12:43:58,327 [grpc-default-executor-1] INFO  impl.RoleInfo (RoleInfo.java:shutdownFollowerState(110)) - 53f12868-9e08-461f-b1df-8616d22e03b0: shutdown 53f12868-9e08-461f-b1df-8616d22e03b0@group-64502A0FA25A-FollowerState
2024-04-28 12:43:58,327 [grpc-default-executor-1] INFO  impl.RoleInfo (RoleInfo.java:updateAndGet(139)) - 53f12868-9e08-461f-b1df-8616d22e03b0: start 53f12868-9e08-461f-b1df-8616d22e03b0@group-64502A0FA25A-FollowerState
2024-04-28 12:43:58,327 [53f12868-9e08-461f-b1df-8616d22e03b0@group-64502A0FA25A-FollowerState] INFO  impl.FollowerState (FollowerState.java:run(152)) - 53f12868-9e08-461f-b1df-8616d22e03b0@group-64502A0FA25A-FollowerState was interrupted
2024-04-28 12:43:58,327 [grpc-default-executor-0] INFO  impl.VoteContext (VoteContext.java:log(49)) - 013b6299-c97b-4afe-8aa4-203fc50eadfd@group-64502A0FA25A-FOLLOWER: accept ELECTION from e9c86f68-3649-4446-905a-585a397e3574: our priority 0 <= candidate's priority 1
2024-04-28 12:43:58,327 [grpc-default-executor-0] INFO  server.RaftServer$Division (RaftServerImpl.java:setRole(383)) - 013b6299-c97b-4afe-8aa4-203fc50eadfd@group-64502A0FA25A: changes role from  FOLLOWER to FOLLOWER at term 1 for candidate:e9c86f68-3649-4446-905a-585a397e3574
2024-04-28 12:43:58,327 [grpc-default-executor-0] INFO  impl.RoleInfo (RoleInfo.java:shutdownFollowerState(110)) - 013b6299-c97b-4afe-8aa4-203fc50eadfd: shutdown 013b6299-c97b-4afe-8aa4-203fc50eadfd@group-64502A0FA25A-FollowerState
2024-04-28 12:43:58,327 [grpc-default-executor-0] INFO  impl.RoleInfo (RoleInfo.java:updateAndGet(139)) - 013b6299-c97b-4afe-8aa4-203fc50eadfd: start 013b6299-c97b-4afe-8aa4-203fc50eadfd@group-64502A0FA25A-FollowerState
2024-04-28 12:43:58,327 [013b6299-c97b-4afe-8aa4-203fc50eadfd@group-64502A0FA25A-FollowerState] INFO  impl.FollowerState (FollowerState.java:run(152)) - 013b6299-c97b-4afe-8aa4-203fc50eadfd@group-64502A0FA25A-FollowerState was interrupted
2024-04-28 12:43:58,327 [grpc-default-executor-1] INFO  server.RaftServer$Division (RaftServerImpl.java:setFirstElection(574)) - 53f12868-9e08-461f-b1df-8616d22e03b0@group-64502A0FA25A: set firstElectionSinceStartup to false for candidate:e9c86f68-3649-4446-905a-585a397e3574
2024-04-28 12:43:58,328 [grpc-default-executor-1] INFO  server.RaftServer$Division (RaftServerImpl.java:requestVote(1422)) - 53f12868-9e08-461f-b1df-8616d22e03b0@group-64502A0FA25A replies to ELECTION vote request: e9c86f68-3649-4446-905a-585a397e3574<-53f12868-9e08-461f-b1df-8616d22e03b0#0:OK-t1. Peer's state: 53f12868-9e08-461f-b1df-8616d22e03b0@group-64502A0FA25A:t1, leader=null, voted=e9c86f68-3649-4446-905a-585a397e3574, raftlog=Memoized:53f12868-9e08-461f-b1df-8616d22e03b0@group-64502A0FA25A-SegmentedRaftLog:OPENED:c-1, conf=-1: peers:[53f12868-9e08-461f-b1df-8616d22e03b0|127.0.0.1:15103, 013b6299-c97b-4afe-8aa4-203fc50eadfd|127.0.0.1:15121, e9c86f68-3649-4446-905a-585a397e3574|127.0.0.1:15112]|listeners:[], old=null
2024-04-28 12:43:58,329 [grpc-default-executor-0] INFO  server.RaftServer$Division (RaftServerImpl.java:requestVote(1422)) - 013b6299-c97b-4afe-8aa4-203fc50eadfd@group-64502A0FA25A replies to ELECTION vote request: e9c86f68-3649-4446-905a-585a397e3574<-013b6299-c97b-4afe-8aa4-203fc50eadfd#0:OK-t1. Peer's state: 013b6299-c97b-4afe-8aa4-203fc50eadfd@group-64502A0FA25A:t1, leader=null, voted=e9c86f68-3649-4446-905a-585a397e3574, raftlog=Memoized:013b6299-c97b-4afe-8aa4-203fc50eadfd@group-64502A0FA25A-SegmentedRaftLog:OPENED:c-1, conf=-1: peers:[53f12868-9e08-461f-b1df-8616d22e03b0|127.0.0.1:15103, 013b6299-c97b-4afe-8aa4-203fc50eadfd|127.0.0.1:15121, e9c86f68-3649-4446-905a-585a397e3574|127.0.0.1:15112]|listeners:[], old=null
2024-04-28 12:43:58,329 [e9c86f68-3649-4446-905a-585a397e3574@group-64502A0FA25A-LeaderElection19] INFO  impl.LeaderElection (LeaderElection.java:logAndReturn(89)) - e9c86f68-3649-4446-905a-585a397e3574@group-64502A0FA25A-LeaderElection19: ELECTION PASSED received 1 response(s) and 0 exception(s):
2024-04-28 12:43:58,329 [e9c86f68-3649-4446-905a-585a397e3574@group-64502A0FA25A-LeaderElection19] INFO  impl.LeaderElection (LeaderElection.java:logAndReturn(93)) -   Response 0: e9c86f68-3649-4446-905a-585a397e3574<-53f12868-9e08-461f-b1df-8616d22e03b0#0:OK-t1
2024-04-28 12:43:58,329 [e9c86f68-3649-4446-905a-585a397e3574@group-64502A0FA25A-LeaderElection19] INFO  impl.LeaderElection (LeaderElection.java:askForVotes(323)) - e9c86f68-3649-4446-905a-585a397e3574@group-64502A0FA25A-LeaderElection19 ELECTION round 0: result PASSED
2024-04-28 12:43:58,330 [e9c86f68-3649-4446-905a-585a397e3574@group-64502A0FA25A-LeaderElection19] INFO  impl.RoleInfo (RoleInfo.java:shutdownLeaderElection(130)) - e9c86f68-3649-4446-905a-585a397e3574: shutdown e9c86f68-3649-4446-905a-585a397e3574@group-64502A0FA25A-LeaderElection19
2024-04-28 12:43:58,330 [e9c86f68-3649-4446-905a-585a397e3574@group-64502A0FA25A-LeaderElection19] INFO  server.RaftServer$Division (RaftServerImpl.java:setRole(383)) - e9c86f68-3649-4446-905a-585a397e3574@group-64502A0FA25A: changes role from CANDIDATE to LEADER at term 1 for changeToLeader
2024-04-28 12:43:58,330 [e9c86f68-3649-4446-905a-585a397e3574@group-64502A0FA25A-LeaderElection19] INFO  server.RaftServerConfigKeys (ConfUtils.java:logGet(46)) - raft.server.staging.catchup.gap = 1000 (default)
2024-04-28 12:43:58,330 [e9c86f68-3649-4446-905a-585a397e3574@group-64502A0FA25A-LeaderElection19] INFO  server.RaftServerConfigKeys (ConfUtils.java:logGet(46)) - raft.server.write.element-limit = 1024 (custom)
2024-04-28 12:43:58,330 [e9c86f68-3649-4446-905a-585a397e3574@group-64502A0FA25A-LeaderElection19] INFO  server.RaftServerConfigKeys (ConfUtils.java:logGet(46)) - raft.server.write.byte-limit = 1024 M (=1073741824) (custom)
2024-04-28 12:43:58,330 [e9c86f68-3649-4446-905a-585a397e3574@group-64502A0FA25A-LeaderElection19] INFO  server.RaftServerConfigKeys (ConfUtils.java:logGet(46)) - raft.server.watch.timeout = 3000ms (custom)
2024-04-28 12:43:58,330 [e9c86f68-3649-4446-905a-585a397e3574@group-64502A0FA25A-LeaderElection19] INFO  server.RaftServerConfigKeys (ConfUtils.java:logGet(46)) - raft.server.watch.timeout.denomination = 1s (default)
2024-04-28 12:43:58,330 [e9c86f68-3649-4446-905a-585a397e3574@group-64502A0FA25A-LeaderElection19] INFO  server.RaftServerConfigKeys (ConfUtils.java:logGet(46)) - raft.server.watch.element-limit = 65536 (default)
2024-04-28 12:43:58,330 [e9c86f68-3649-4446-905a-585a397e3574@group-64502A0FA25A-LeaderElection19] INFO  server.RaftServerConfigKeys (ConfUtils.java:logGet(46)) - raft.server.read.leader.lease.enabled = false (default)
2024-04-28 12:43:58,330 [e9c86f68-3649-4446-905a-585a397e3574@group-64502A0FA25A-LeaderElection19] INFO  server.RaftServerConfigKeys (ConfUtils.java:logGet(46)) - raft.server.read.leader.lease.timeout.ratio = 0.9 (default)
2024-04-28 12:43:58,331 [e9c86f68-3649-4446-905a-585a397e3574@group-64502A0FA25A-LeaderElection19] INFO  server.RaftServerConfigKeys (ConfUtils.java:logGet(46)) - raft.server.rpc.timeout.min = 5s (custom)
2024-04-28 12:43:58,331 [e9c86f68-3649-4446-905a-585a397e3574@group-64502A0FA25A-LeaderElection19] INFO  server.RaftServerConfigKeys (ConfUtils.java:logGet(46)) - raft.server.write.element-limit = 1024 (custom)
2024-04-28 12:43:58,331 [e9c86f68-3649-4446-905a-585a397e3574@group-64502A0FA25A-LeaderElection19] INFO  server.RaftServerConfigKeys (ConfUtils.java:logGet(46)) - raft.server.write.follower.gap.ratio.max = -1.0 (default)
2024-04-28 12:43:58,331 [e9c86f68-3649-4446-905a-585a397e3574@group-64502A0FA25A-LeaderElection19] INFO  server.RaftServerConfigKeys (ConfUtils.java:logGet(46)) - raft.server.log.appender.snapshot.chunk.size.max = 16MB (=16777216) (default)
2024-04-28 12:43:58,331 [e9c86f68-3649-4446-905a-585a397e3574@group-64502A0FA25A-LeaderElection19] INFO  server.RaftServerConfigKeys (ConfUtils.java:logGet(46)) - raft.server.log.appender.buffer.byte-limit = 8388608 (custom)
2024-04-28 12:43:58,331 [e9c86f68-3649-4446-905a-585a397e3574@group-64502A0FA25A-LeaderElection19] INFO  server.RaftServerConfigKeys (ConfUtils.java:logGet(46)) - raft.server.log.appender.buffer.element-limit = 1 (custom)
2024-04-28 12:43:58,331 [e9c86f68-3649-4446-905a-585a397e3574@group-64502A0FA25A-LeaderElection19] INFO  server.RaftServerConfigKeys (ConfUtils.java:logGet(46)) - raft.server.log.appender.wait-time.min = 0ms (custom)
2024-04-28 12:43:58,331 [e9c86f68-3649-4446-905a-585a397e3574@group-64502A0FA25A-LeaderElection19] INFO  grpc.GrpcConfigKeys (ConfUtils.java:logGet(46)) - raft.grpc.server.leader.outstanding.appends.max = 8 (default)
2024-04-28 12:43:58,331 [e9c86f68-3649-4446-905a-585a397e3574@group-64502A0FA25A-LeaderElection19] INFO  server.RaftServerConfigKeys (ConfUtils.java:logGet(46)) - raft.server.rpc.request.timeout = 3000ms (default)
2024-04-28 12:43:58,331 [e9c86f68-3649-4446-905a-585a397e3574@group-64502A0FA25A-LeaderElection19] INFO  grpc.GrpcConfigKeys (ConfUtils.java:logGet(46)) - raft.grpc.server.install_snapshot.request.element-limit = 8 (default)
2024-04-28 12:43:58,331 [e9c86f68-3649-4446-905a-585a397e3574@group-64502A0FA25A-LeaderElection19] INFO  grpc.GrpcConfigKeys (ConfUtils.java:logGet(46)) - raft.grpc.server.install_snapshot.request.timeout = 3000ms (default)
2024-04-28 12:43:58,332 [e9c86f68-3649-4446-905a-585a397e3574@group-64502A0FA25A-LeaderElection19] INFO  grpc.GrpcConfigKeys (ConfUtils.java:logGet(46)) - raft.grpc.server.log-message.batch.duration = 5s (default)
2024-04-28 12:43:58,332 [e9c86f68-3649-4446-905a-585a397e3574@group-64502A0FA25A-LeaderElection19] INFO  server.RaftServerConfigKeys (ConfUtils.java:logGet(46)) - raft.server.log.appender.install.snapshot.enabled = false (custom)
2024-04-28 12:43:58,332 [e9c86f68-3649-4446-905a-585a397e3574@group-64502A0FA25A-LeaderElection19] INFO  grpc.GrpcConfigKeys (ConfUtils.java:logGet(46)) - raft.grpc.server.heartbeat.channel = true (default)
2024-04-28 12:43:58,332 [e9c86f68-3649-4446-905a-585a397e3574@group-64502A0FA25A-LeaderElection19] INFO  server.RaftServerConfigKeys (ConfUtils.java:logGet(46)) - raft.server.log.appender.snapshot.chunk.size.max = 16MB (=16777216) (default)
2024-04-28 12:43:58,332 [e9c86f68-3649-4446-905a-585a397e3574@group-64502A0FA25A-LeaderElection19] INFO  server.RaftServerConfigKeys (ConfUtils.java:logGet(46)) - raft.server.log.appender.buffer.byte-limit = 8388608 (custom)
2024-04-28 12:43:58,332 [e9c86f68-3649-4446-905a-585a397e3574@group-64502A0FA25A-LeaderElection19] INFO  server.RaftServerConfigKeys (ConfUtils.java:logGet(46)) - raft.server.log.appender.buffer.element-limit = 1 (custom)
2024-04-28 12:43:58,333 [e9c86f68-3649-4446-905a-585a397e3574@group-64502A0FA25A-LeaderElection19] INFO  server.RaftServerConfigKeys (ConfUtils.java:logGet(46)) - raft.server.log.appender.wait-time.min = 0ms (custom)
2024-04-28 12:43:58,333 [e9c86f68-3649-4446-905a-585a397e3574@group-64502A0FA25A-LeaderElection19] INFO  grpc.GrpcConfigKeys (ConfUtils.java:logGet(46)) - raft.grpc.server.leader.outstanding.appends.max = 8 (default)
2024-04-28 12:43:58,333 [e9c86f68-3649-4446-905a-585a397e3574@group-64502A0FA25A-LeaderElection19] INFO  server.RaftServerConfigKeys (ConfUtils.java:logGet(46)) - raft.server.rpc.request.timeout = 3000ms (default)
2024-04-28 12:43:58,333 [e9c86f68-3649-4446-905a-585a397e3574@group-64502A0FA25A-LeaderElection19] INFO  grpc.GrpcConfigKeys (ConfUtils.java:logGet(46)) - raft.grpc.server.install_snapshot.request.element-limit = 8 (default)
2024-04-28 12:43:58,333 [e9c86f68-3649-4446-905a-585a397e3574@group-64502A0FA25A-LeaderElection19] INFO  grpc.GrpcConfigKeys (ConfUtils.java:logGet(46)) - raft.grpc.server.install_snapshot.request.timeout = 3000ms (default)
2024-04-28 12:43:58,333 [e9c86f68-3649-4446-905a-585a397e3574@group-64502A0FA25A-LeaderElection19] INFO  grpc.GrpcConfigKeys (ConfUtils.java:logGet(46)) - raft.grpc.server.log-message.batch.duration = 5s (default)
2024-04-28 12:43:58,333 [e9c86f68-3649-4446-905a-585a397e3574@group-64502A0FA25A-LeaderElection19] INFO  server.RaftServerConfigKeys (ConfUtils.java:logGet(46)) - raft.server.log.appender.install.snapshot.enabled = false (custom)
2024-04-28 12:43:58,333 [e9c86f68-3649-4446-905a-585a397e3574@group-64502A0FA25A-LeaderElection19] INFO  grpc.GrpcConfigKeys (ConfUtils.java:logGet(46)) - raft.grpc.server.heartbeat.channel = true (default)
2024-04-28 12:43:58,333 [e9c86f68-3649-4446-905a-585a397e3574@group-64502A0FA25A-LeaderElection19] INFO  impl.RoleInfo (RoleInfo.java:updateAndGet(139)) - e9c86f68-3649-4446-905a-585a397e3574: start e9c86f68-3649-4446-905a-585a397e3574@group-64502A0FA25A-LeaderStateImpl
2024-04-28 12:43:58,333 [e9c86f68-3649-4446-905a-585a397e3574@group-64502A0FA25A-LeaderElection19] INFO  server.RaftServer$Division (RaftServerImpl.java:setFirstElection(574)) - e9c86f68-3649-4446-905a-585a397e3574@group-64502A0FA25A: set firstElectionSinceStartup to false for becomeLeader
2024-04-28 12:43:58,333 [e9c86f68-3649-4446-905a-585a397e3574@group-64502A0FA25A-LeaderElection19] INFO  ratis.XceiverServerRatis (XceiverServerRatis.java:handleLeaderChangedNotification(966)) - Leader change notification received for group: group-64502A0FA25A with new leaderId: e9c86f68-3649-4446-905a-585a397e3574
2024-04-28 12:43:58,333 [e9c86f68-3649-4446-905a-585a397e3574@group-64502A0FA25A-LeaderElection19] INFO  server.RaftServer$Division (ServerState.java:setLeader(269)) - e9c86f68-3649-4446-905a-585a397e3574@group-64502A0FA25A: change Leader from null to e9c86f68-3649-4446-905a-585a397e3574 at term 1 for becomeLeader, leader elected after 5105ms
2024-04-28 12:43:58,333 [e9c86f68-3649-4446-905a-585a397e3574@group-64502A0FA25A-LeaderElection19] INFO  segmented.SegmentedRaftLogWorker (SegmentedRaftLogWorker.java:startLogSegment(430)) - e9c86f68-3649-4446-905a-585a397e3574@group-64502A0FA25A-SegmentedRaftLogWorker: Starting segment from index:0
2024-04-28 12:43:58,334 [e9c86f68-3649-4446-905a-585a397e3574@group-64502A0FA25A-SegmentedRaftLogWorker] INFO  segmented.BufferedWriteChannel (BufferedWriteChannel.java:open(62)) - open log_inprogress_0 at position 0
2024-04-28 12:43:58,334 [e9c86f68-3649-4446-905a-585a397e3574@group-64502A0FA25A-LeaderElection19] INFO  server.RaftServer$Division (ServerState.java:setRaftConf(386)) - e9c86f68-3649-4446-905a-585a397e3574@group-64502A0FA25A: set configuration 0: peers:[53f12868-9e08-461f-b1df-8616d22e03b0|127.0.0.1:15103, 013b6299-c97b-4afe-8aa4-203fc50eadfd|127.0.0.1:15121, e9c86f68-3649-4446-905a-585a397e3574|127.0.0.1:15112]|listeners:[], old=null
2024-04-28 12:43:58,337 [EventQueue-PipelineReportForPipelineReportHandler] INFO  pipeline.PipelineReportHandler (PipelineReportHandler.java:processPipelineReport(136)) - Opened pipeline PipelineID=989d9bce-39bb-4444-b4fa-64502a0fa25a
2024-04-28 12:43:58,337 [EventQueue-OpenPipelineForHealthyPipelineSafeModeRule] INFO  safemode.SCMSafeModeManager (HealthyPipelineSafeModeRule.java:process(140)) - SCM in safe mode. Healthy pipelines reported count is 1, required healthy pipeline reported count is 1
2024-04-28 12:43:58,338 [EventQueue-OpenPipelineForHealthyPipelineSafeModeRule] INFO  safemode.SCMSafeModeManager (SCMSafeModeManager.java:validateSafeModeExitRules(203)) - HealthyPipelineSafeModeRule rule is successfully validated
2024-04-28 12:43:58,338 [EventQueue-OpenPipelineForHealthyPipelineSafeModeRule] INFO  safemode.SCMSafeModeManager (SCMSafeModeManager.java:validateSafeModeExitRules(218)) - ScmSafeModeManager, all rules are successfully validated
2024-04-28 12:43:58,338 [EventQueue-OpenPipelineForHealthyPipelineSafeModeRule] INFO  safemode.SCMSafeModeManager (SCMSafeModeManager.java:exitSafeMode(248)) - SCM exiting safe mode.
2024-04-28 12:43:58,338 [EventQueue-OpenPipelineForHealthyPipelineSafeModeRule] INFO  ha.SCMContext (SCMContext.java:updateSafeModeStatus(225)) - Update SafeModeStatus from SafeModeStatus{safeModeStatus=true, preCheckPassed=true} to SafeModeStatus{safeModeStatus=false, preCheckPassed=true}.
2024-04-28 12:43:58,338 [EventQueue-OpenPipelineForHealthyPipelineSafeModeRule] INFO  pipeline.BackgroundPipelineCreator (BackgroundPipelineCreator.java:notifyStatusChanged(258)) - Service BackgroundPipelineCreator transitions to RUNNING.
2024-04-28 12:43:58,338 [EventQueue-OpenPipelineForHealthyPipelineSafeModeRule] INFO  BackgroundPipelineScrubber (BackgroundSCMService.java:notifyStatusChanged(79)) - Service BackgroundPipelineScrubber transitions to RUNNING.
2024-04-28 12:43:58,338 [EventQueue-OpenPipelineForHealthyPipelineSafeModeRule] INFO  ExpiredContainerReplicaOpScrubber (BackgroundSCMService.java:notifyStatusChanged(79)) - Service ExpiredContainerReplicaOpScrubber transitions to RUNNING.
2024-04-28 12:43:58,338 [EventQueue-OpenPipelineForHealthyPipelineSafeModeRule] INFO  block.SCMBlockDeletingService (SCMBlockDeletingService.java:notifyStatusChanged(247)) - notifyStatusChanged:RUNNING
2024-04-28 12:43:58,338 [EventQueue-OpenPipelineForHealthyPipelineSafeModeRule] INFO  replication.ReplicationManager (ReplicationManager.java:notifyStatusChanged(1404)) - Service ReplicationManager transitions to RUNNING.
2024-04-28 12:43:58,338 [EventQueue-OpenPipelineForHealthyPipelineSafeModeRule] WARN  balancer.ContainerBalancer (ContainerBalancer.java:shouldRun(134)) - Could not find persisted configuration for ContainerBalancer when checking if ContainerBalancer should run. ContainerBalancer should not run now.
2024-04-28 12:43:58,340 [e9c86f68-3649-4446-905a-585a397e3574@group-64502A0FA25A-SegmentedRaftLogWorker] INFO  segmented.SegmentedRaftLogWorker (SegmentedRaftLogWorker.java:execute(634)) - e9c86f68-3649-4446-905a-585a397e3574@group-64502A0FA25A-SegmentedRaftLogWorker: created new log segment /home/runner/work/ozone/ozone/hadoop-ozone/integration-test/target/test-dir/MiniOzoneClusterImpl-fb989876-9371-464e-b996-ece4d3fe3ecb/ozone-meta/datanode-2/ratis/989d9bce-39bb-4444-b4fa-64502a0fa25a/current/log_inprogress_0
2024-04-28 12:43:58,341 [53f12868-9e08-461f-b1df-8616d22e03b0-server-thread1] INFO  ratis.XceiverServerRatis (XceiverServerRatis.java:handleLeaderChangedNotification(966)) - Leader change notification received for group: group-64502A0FA25A with new leaderId: e9c86f68-3649-4446-905a-585a397e3574
2024-04-28 12:43:58,341 [53f12868-9e08-461f-b1df-8616d22e03b0-server-thread1] INFO  server.RaftServer$Division (ServerState.java:setLeader(269)) - 53f12868-9e08-461f-b1df-8616d22e03b0@group-64502A0FA25A: change Leader from null to e9c86f68-3649-4446-905a-585a397e3574 at term 1 for appendEntries, leader elected after 5159ms
2024-04-28 12:43:58,343 [013b6299-c97b-4afe-8aa4-203fc50eadfd-server-thread1] INFO  ratis.XceiverServerRatis (XceiverServerRatis.java:handleLeaderChangedNotification(966)) - Leader change notification received for group: group-64502A0FA25A with new leaderId: e9c86f68-3649-4446-905a-585a397e3574
2024-04-28 12:43:58,343 [013b6299-c97b-4afe-8aa4-203fc50eadfd-server-thread1] INFO  server.RaftServer$Division (ServerState.java:setLeader(269)) - 013b6299-c97b-4afe-8aa4-203fc50eadfd@group-64502A0FA25A: change Leader from null to e9c86f68-3649-4446-905a-585a397e3574 at term 1 for appendEntries, leader elected after 5137ms
2024-04-28 12:43:58,344 [53f12868-9e08-461f-b1df-8616d22e03b0-server-thread2] INFO  server.RaftServer$Division (ServerState.java:setRaftConf(386)) - 53f12868-9e08-461f-b1df-8616d22e03b0@group-64502A0FA25A: set configuration 0: peers:[53f12868-9e08-461f-b1df-8616d22e03b0|127.0.0.1:15103, 013b6299-c97b-4afe-8aa4-203fc50eadfd|127.0.0.1:15121, e9c86f68-3649-4446-905a-585a397e3574|127.0.0.1:15112]|listeners:[], old=null
2024-04-28 12:43:58,344 [53f12868-9e08-461f-b1df-8616d22e03b0-server-thread2] INFO  segmented.SegmentedRaftLogWorker (SegmentedRaftLogWorker.java:startLogSegment(430)) - 53f12868-9e08-461f-b1df-8616d22e03b0@group-64502A0FA25A-SegmentedRaftLogWorker: Starting segment from index:0
2024-04-28 12:43:58,344 [013b6299-c97b-4afe-8aa4-203fc50eadfd-server-thread1] INFO  server.RaftServer$Division (ServerState.java:setRaftConf(386)) - 013b6299-c97b-4afe-8aa4-203fc50eadfd@group-64502A0FA25A: set configuration 0: peers:[53f12868-9e08-461f-b1df-8616d22e03b0|127.0.0.1:15103, 013b6299-c97b-4afe-8aa4-203fc50eadfd|127.0.0.1:15121, e9c86f68-3649-4446-905a-585a397e3574|127.0.0.1:15112]|listeners:[], old=null
2024-04-28 12:43:58,345 [013b6299-c97b-4afe-8aa4-203fc50eadfd-server-thread1] INFO  segmented.SegmentedRaftLogWorker (SegmentedRaftLogWorker.java:startLogSegment(430)) - 013b6299-c97b-4afe-8aa4-203fc50eadfd@group-64502A0FA25A-SegmentedRaftLogWorker: Starting segment from index:0
2024-04-28 12:43:58,345 [013b6299-c97b-4afe-8aa4-203fc50eadfd@group-64502A0FA25A-SegmentedRaftLogWorker] INFO  segmented.BufferedWriteChannel (BufferedWriteChannel.java:open(62)) - open log_inprogress_0 at position 0
2024-04-28 12:43:58,346 [53f12868-9e08-461f-b1df-8616d22e03b0@group-64502A0FA25A-SegmentedRaftLogWorker] INFO  segmented.BufferedWriteChannel (BufferedWriteChannel.java:open(62)) - open log_inprogress_0 at position 0
2024-04-28 12:43:58,355 [013b6299-c97b-4afe-8aa4-203fc50eadfd@group-64502A0FA25A-SegmentedRaftLogWorker] INFO  segmented.SegmentedRaftLogWorker (SegmentedRaftLogWorker.java:execute(634)) - 013b6299-c97b-4afe-8aa4-203fc50eadfd@group-64502A0FA25A-SegmentedRaftLogWorker: created new log segment /home/runner/work/ozone/ozone/hadoop-ozone/integration-test/target/test-dir/MiniOzoneClusterImpl-fb989876-9371-464e-b996-ece4d3fe3ecb/ozone-meta/datanode-3/ratis/989d9bce-39bb-4444-b4fa-64502a0fa25a/current/log_inprogress_0
2024-04-28 12:43:58,355 [53f12868-9e08-461f-b1df-8616d22e03b0@group-64502A0FA25A-SegmentedRaftLogWorker] INFO  segmented.SegmentedRaftLogWorker (SegmentedRaftLogWorker.java:execute(634)) - 53f12868-9e08-461f-b1df-8616d22e03b0@group-64502A0FA25A-SegmentedRaftLogWorker: created new log segment /home/runner/work/ozone/ozone/hadoop-ozone/integration-test/target/test-dir/MiniOzoneClusterImpl-fb989876-9371-464e-b996-ece4d3fe3ecb/ozone-meta/datanode-1/ratis/989d9bce-39bb-4444-b4fa-64502a0fa25a/current/log_inprogress_0
2024-04-28 12:43:58,357 [e9c86f68-3649-4446-905a-585a397e3574@group-64502A0FA25A-StateMachineUpdater] INFO  server.RaftServer$Division (LeaderStateImpl.java:isApplied(320)) - leader is ready since appliedIndex == 0 >= startIndex == 0
2024-04-28 12:43:58,370 [013b6299-c97b-4afe-8aa4-203fc50eadfd@group-B64080496AF1-FollowerState] INFO  impl.FollowerState (FollowerState.java:run(143)) - 013b6299-c97b-4afe-8aa4-203fc50eadfd@group-B64080496AF1-FollowerState: change to CANDIDATE, lastRpcElapsedTime:5066522323ns, electionTimeout:5066ms
2024-04-28 12:43:58,371 [013b6299-c97b-4afe-8aa4-203fc50eadfd@group-B64080496AF1-FollowerState] INFO  impl.RoleInfo (RoleInfo.java:shutdownFollowerState(110)) - 013b6299-c97b-4afe-8aa4-203fc50eadfd: shutdown 013b6299-c97b-4afe-8aa4-203fc50eadfd@group-B64080496AF1-FollowerState
2024-04-28 12:43:58,371 [013b6299-c97b-4afe-8aa4-203fc50eadfd@group-B64080496AF1-FollowerState] INFO  server.RaftServer$Division (RaftServerImpl.java:setRole(383)) - 013b6299-c97b-4afe-8aa4-203fc50eadfd@group-B64080496AF1: changes role from  FOLLOWER to CANDIDATE at term 0 for changeToCandidate
2024-04-28 12:43:58,371 [013b6299-c97b-4afe-8aa4-203fc50eadfd@group-B64080496AF1-FollowerState] INFO  server.RaftServerConfigKeys (ConfUtils.java:logGet(46)) - raft.server.leaderelection.pre-vote = true (default)
2024-04-28 12:43:58,371 [013b6299-c97b-4afe-8aa4-203fc50eadfd@group-B64080496AF1-FollowerState] INFO  impl.RoleInfo (RoleInfo.java:updateAndGet(139)) - 013b6299-c97b-4afe-8aa4-203fc50eadfd: start 013b6299-c97b-4afe-8aa4-203fc50eadfd@group-B64080496AF1-LeaderElection20
2024-04-28 12:43:58,371 [013b6299-c97b-4afe-8aa4-203fc50eadfd@group-B64080496AF1-LeaderElection20] INFO  impl.LeaderElection (LeaderElection.java:askForVotes(321)) - 013b6299-c97b-4afe-8aa4-203fc50eadfd@group-B64080496AF1-LeaderElection20 PRE_VOTE round 0: submit vote requests at term 0 for -1: peers:[013b6299-c97b-4afe-8aa4-203fc50eadfd|127.0.0.1:15121]|listeners:[], old=null
2024-04-28 12:43:58,371 [013b6299-c97b-4afe-8aa4-203fc50eadfd@group-B64080496AF1-LeaderElection20] INFO  impl.LeaderElection (LeaderElection.java:askForVotes(323)) - 013b6299-c97b-4afe-8aa4-203fc50eadfd@group-B64080496AF1-LeaderElection20 PRE_VOTE round 0: result PASSED (term=0)
2024-04-28 12:43:58,372 [013b6299-c97b-4afe-8aa4-203fc50eadfd@group-B64080496AF1-LeaderElection20] INFO  impl.LeaderElection (LeaderElection.java:askForVotes(321)) - 013b6299-c97b-4afe-8aa4-203fc50eadfd@group-B64080496AF1-LeaderElection20 ELECTION round 0: submit vote requests at term 1 for -1: peers:[013b6299-c97b-4afe-8aa4-203fc50eadfd|127.0.0.1:15121]|listeners:[], old=null
2024-04-28 12:43:58,372 [013b6299-c97b-4afe-8aa4-203fc50eadfd@group-B64080496AF1-LeaderElection20] INFO  impl.LeaderElection (LeaderElection.java:askForVotes(323)) - 013b6299-c97b-4afe-8aa4-203fc50eadfd@group-B64080496AF1-LeaderElection20 ELECTION round 0: result PASSED (term=1)
2024-04-28 12:43:58,372 [013b6299-c97b-4afe-8aa4-203fc50eadfd@group-B64080496AF1-LeaderElection20] INFO  impl.RoleInfo (RoleInfo.java:shutdownLeaderElection(130)) - 013b6299-c97b-4afe-8aa4-203fc50eadfd: shutdown 013b6299-c97b-4afe-8aa4-203fc50eadfd@group-B64080496AF1-LeaderElection20
2024-04-28 12:43:58,372 [013b6299-c97b-4afe-8aa4-203fc50eadfd@group-B64080496AF1-LeaderElection20] INFO  server.RaftServer$Division (RaftServerImpl.java:setRole(383)) - 013b6299-c97b-4afe-8aa4-203fc50eadfd@group-B64080496AF1: changes role from CANDIDATE to LEADER at term 1 for changeToLeader
2024-04-28 12:43:58,372 [013b6299-c97b-4afe-8aa4-203fc50eadfd@group-B64080496AF1-LeaderElection20] INFO  server.RaftServerConfigKeys (ConfUtils.java:logGet(46)) - raft.server.staging.catchup.gap = 1000 (default)
2024-04-28 12:43:58,372 [013b6299-c97b-4afe-8aa4-203fc50eadfd@group-B64080496AF1-LeaderElection20] INFO  server.RaftServerConfigKeys (ConfUtils.java:logGet(46)) - raft.server.write.element-limit = 1024 (custom)
2024-04-28 12:43:58,372 [013b6299-c97b-4afe-8aa4-203fc50eadfd@group-B64080496AF1-LeaderElection20] INFO  server.RaftServerConfigKeys (ConfUtils.java:logGet(46)) - raft.server.write.byte-limit = 1024 M (=1073741824) (custom)
2024-04-28 12:43:58,372 [013b6299-c97b-4afe-8aa4-203fc50eadfd@group-B64080496AF1-LeaderElection20] INFO  server.RaftServerConfigKeys (ConfUtils.java:logGet(46)) - raft.server.watch.timeout = 3000ms (custom)
2024-04-28 12:43:58,373 [013b6299-c97b-4afe-8aa4-203fc50eadfd@group-B64080496AF1-LeaderElection20] INFO  server.RaftServerConfigKeys (ConfUtils.java:logGet(46)) - raft.server.watch.timeout.denomination = 1s (default)
2024-04-28 12:43:58,373 [013b6299-c97b-4afe-8aa4-203fc50eadfd@group-B64080496AF1-LeaderElection20] INFO  server.RaftServerConfigKeys (ConfUtils.java:logGet(46)) - raft.server.watch.element-limit = 65536 (default)
2024-04-28 12:43:58,373 [013b6299-c97b-4afe-8aa4-203fc50eadfd@group-B64080496AF1-LeaderElection20] INFO  server.RaftServerConfigKeys (ConfUtils.java:logGet(46)) - raft.server.read.leader.lease.enabled = false (default)
2024-04-28 12:43:58,373 [013b6299-c97b-4afe-8aa4-203fc50eadfd@group-B64080496AF1-LeaderElection20] INFO  server.RaftServerConfigKeys (ConfUtils.java:logGet(46)) - raft.server.read.leader.lease.timeout.ratio = 0.9 (default)
2024-04-28 12:43:58,373 [013b6299-c97b-4afe-8aa4-203fc50eadfd@group-B64080496AF1-LeaderElection20] INFO  server.RaftServerConfigKeys (ConfUtils.java:logGet(46)) - raft.server.rpc.timeout.min = 5s (custom)
2024-04-28 12:43:58,373 [013b6299-c97b-4afe-8aa4-203fc50eadfd@group-B64080496AF1-LeaderElection20] INFO  server.RaftServerConfigKeys (ConfUtils.java:logGet(46)) - raft.server.write.element-limit = 1024 (custom)
2024-04-28 12:43:58,373 [013b6299-c97b-4afe-8aa4-203fc50eadfd@group-B64080496AF1-LeaderElection20] INFO  server.RaftServerConfigKeys (ConfUtils.java:logGet(46)) - raft.server.write.follower.gap.ratio.max = -1.0 (default)
2024-04-28 12:43:58,373 [013b6299-c97b-4afe-8aa4-203fc50eadfd@group-B64080496AF1-LeaderElection20] INFO  impl.RoleInfo (RoleInfo.java:updateAndGet(139)) - 013b6299-c97b-4afe-8aa4-203fc50eadfd: start 013b6299-c97b-4afe-8aa4-203fc50eadfd@group-B64080496AF1-LeaderStateImpl
2024-04-28 12:43:58,373 [013b6299-c97b-4afe-8aa4-203fc50eadfd@group-B64080496AF1-LeaderElection20] INFO  server.RaftServer$Division (RaftServerImpl.java:setFirstElection(574)) - 013b6299-c97b-4afe-8aa4-203fc50eadfd@group-B64080496AF1: set firstElectionSinceStartup to false for becomeLeader
2024-04-28 12:43:58,373 [013b6299-c97b-4afe-8aa4-203fc50eadfd@group-B64080496AF1-LeaderElection20] INFO  ratis.XceiverServerRatis (XceiverServerRatis.java:handleLeaderChangedNotification(966)) - Leader change notification received for group: group-B64080496AF1 with new leaderId: 013b6299-c97b-4afe-8aa4-203fc50eadfd
2024-04-28 12:43:58,373 [013b6299-c97b-4afe-8aa4-203fc50eadfd@group-B64080496AF1-LeaderElection20] INFO  server.RaftServer$Division (ServerState.java:setLeader(269)) - 013b6299-c97b-4afe-8aa4-203fc50eadfd@group-B64080496AF1: change Leader from null to 013b6299-c97b-4afe-8aa4-203fc50eadfd at term 1 for becomeLeader, leader elected after 5079ms
2024-04-28 12:43:58,373 [013b6299-c97b-4afe-8aa4-203fc50eadfd@group-B64080496AF1-LeaderElection20] INFO  segmented.SegmentedRaftLogWorker (SegmentedRaftLogWorker.java:startLogSegment(430)) - 013b6299-c97b-4afe-8aa4-203fc50eadfd@group-B64080496AF1-SegmentedRaftLogWorker: Starting segment from index:0
2024-04-28 12:43:58,374 [013b6299-c97b-4afe-8aa4-203fc50eadfd@group-B64080496AF1-SegmentedRaftLogWorker] INFO  segmented.BufferedWriteChannel (BufferedWriteChannel.java:open(62)) - open log_inprogress_0 at position 0
2024-04-28 12:43:58,376 [013b6299-c97b-4afe-8aa4-203fc50eadfd@group-B64080496AF1-LeaderElection20] INFO  server.RaftServer$Division (ServerState.java:setRaftConf(386)) - 013b6299-c97b-4afe-8aa4-203fc50eadfd@group-B64080496AF1: set configuration 0: peers:[013b6299-c97b-4afe-8aa4-203fc50eadfd|127.0.0.1:15121]|listeners:[], old=null
2024-04-28 12:43:58,380 [013b6299-c97b-4afe-8aa4-203fc50eadfd@group-B64080496AF1-SegmentedRaftLogWorker] INFO  segmented.SegmentedRaftLogWorker (SegmentedRaftLogWorker.java:execute(634)) - 013b6299-c97b-4afe-8aa4-203fc50eadfd@group-B64080496AF1-SegmentedRaftLogWorker: created new log segment /home/runner/work/ozone/ozone/hadoop-ozone/integration-test/target/test-dir/MiniOzoneClusterImpl-fb989876-9371-464e-b996-ece4d3fe3ecb/ozone-meta/datanode-3/ratis/253fb1b8-b754-46f5-9b6f-b64080496af1/current/log_inprogress_0
2024-04-28 12:43:58,381 [013b6299-c97b-4afe-8aa4-203fc50eadfd@group-B64080496AF1-StateMachineUpdater] INFO  server.RaftServer$Division (LeaderStateImpl.java:isApplied(320)) - leader is ready since appliedIndex == 0 >= startIndex == 0
2024-04-28 12:43:58,538 [1d4b00a3-9857-4eac-ad23-fb07690fc4d9@group-7AC4A5481F83-FollowerState] INFO  impl.FollowerState (FollowerState.java:run(143)) - 1d4b00a3-9857-4eac-ad23-fb07690fc4d9@group-7AC4A5481F83-FollowerState: change to CANDIDATE, lastRpcElapsedTime:5137234778ns, electionTimeout:5136ms
2024-04-28 12:43:58,538 [1d4b00a3-9857-4eac-ad23-fb07690fc4d9@group-7AC4A5481F83-FollowerState] INFO  impl.RoleInfo (RoleInfo.java:shutdownFollowerState(110)) - 1d4b00a3-9857-4eac-ad23-fb07690fc4d9: shutdown 1d4b00a3-9857-4eac-ad23-fb07690fc4d9@group-7AC4A5481F83-FollowerState
2024-04-28 12:43:58,538 [1d4b00a3-9857-4eac-ad23-fb07690fc4d9@group-7AC4A5481F83-FollowerState] INFO  server.RaftServer$Division (RaftServerImpl.java:setRole(383)) - 1d4b00a3-9857-4eac-ad23-fb07690fc4d9@group-7AC4A5481F83: changes role from  FOLLOWER to CANDIDATE at term 0 for changeToCandidate
2024-04-28 12:43:58,538 [1d4b00a3-9857-4eac-ad23-fb07690fc4d9@group-7AC4A5481F83-FollowerState] INFO  server.RaftServerConfigKeys (ConfUtils.java:logGet(46)) - raft.server.leaderelection.pre-vote = true (default)
2024-04-28 12:43:58,538 [1d4b00a3-9857-4eac-ad23-fb07690fc4d9@group-7AC4A5481F83-FollowerState] INFO  impl.RoleInfo (RoleInfo.java:updateAndGet(139)) - 1d4b00a3-9857-4eac-ad23-fb07690fc4d9: start 1d4b00a3-9857-4eac-ad23-fb07690fc4d9@group-7AC4A5481F83-LeaderElection21
2024-04-28 12:43:58,538 [1d4b00a3-9857-4eac-ad23-fb07690fc4d9@group-7AC4A5481F83-LeaderElection21] INFO  impl.LeaderElection (LeaderElection.java:askForVotes(321)) - 1d4b00a3-9857-4eac-ad23-fb07690fc4d9@group-7AC4A5481F83-LeaderElection21 PRE_VOTE round 0: submit vote requests at term 0 for -1: peers:[1070cd50-d4de-4eff-9e7b-13f77727c4d2|127.0.0.1:15148, 1d5b270c-141e-46ec-a0c0-ed60a5ff00c9|127.0.0.1:15139, 1d4b00a3-9857-4eac-ad23-fb07690fc4d9|127.0.0.1:15130]|listeners:[], old=null
2024-04-28 12:43:58,538 [1d4b00a3-9857-4eac-ad23-fb07690fc4d9@group-7AC4A5481F83-LeaderElection21-1] INFO  server.GrpcServerProtocolClient (GrpcServerProtocolClient.java:<init>(65)) - Build channel for 1070cd50-d4de-4eff-9e7b-13f77727c4d2|127.0.0.1:15148
2024-04-28 12:43:58,539 [1d4b00a3-9857-4eac-ad23-fb07690fc4d9@group-7AC4A5481F83-LeaderElection21-2] INFO  server.GrpcServerProtocolClient (GrpcServerProtocolClient.java:<init>(65)) - Build channel for 1d5b270c-141e-46ec-a0c0-ed60a5ff00c9|127.0.0.1:15139
2024-04-28 12:43:58,539 [1d4b00a3-9857-4eac-ad23-fb07690fc4d9@group-7AC4A5481F83-LeaderElection21] INFO  server.RaftServerConfigKeys (ConfUtils.java:logFallback(53)) - raft.server.rpc.first-election.timeout.min = 5s (fallback to raft.server.rpc.timeout.min)
2024-04-28 12:43:58,539 [1d4b00a3-9857-4eac-ad23-fb07690fc4d9@group-7AC4A5481F83-LeaderElection21] INFO  server.RaftServerConfigKeys (ConfUtils.java:logFallback(53)) - raft.server.rpc.first-election.timeout.max = 5200ms (fallback to raft.server.rpc.timeout.max)
2024-04-28 12:43:58,543 [grpc-default-executor-2] INFO  server.RaftServer$Division (RaftServerImpl.java:requestVote(1389)) - 1070cd50-d4de-4eff-9e7b-13f77727c4d2@group-7AC4A5481F83: receive requestVote(PRE_VOTE, 1d4b00a3-9857-4eac-ad23-fb07690fc4d9, group-7AC4A5481F83, 0, (t:0, i:0))
2024-04-28 12:43:58,543 [grpc-default-executor-2] INFO  impl.VoteContext (VoteContext.java:log(49)) - 1070cd50-d4de-4eff-9e7b-13f77727c4d2@group-7AC4A5481F83-FOLLOWER: accept PRE_VOTE from 1d4b00a3-9857-4eac-ad23-fb07690fc4d9: our priority 0 <= candidate's priority 1
2024-04-28 12:43:58,543 [grpc-default-executor-2] INFO  server.RaftServer$Division (RaftServerImpl.java:requestVote(1422)) - 1070cd50-d4de-4eff-9e7b-13f77727c4d2@group-7AC4A5481F83 replies to PRE_VOTE vote request: 1d4b00a3-9857-4eac-ad23-fb07690fc4d9<-1070cd50-d4de-4eff-9e7b-13f77727c4d2#0:OK-t0. Peer's state: 1070cd50-d4de-4eff-9e7b-13f77727c4d2@group-7AC4A5481F83:t0, leader=null, voted=, raftlog=Memoized:1070cd50-d4de-4eff-9e7b-13f77727c4d2@group-7AC4A5481F83-SegmentedRaftLog:OPENED:c-1, conf=-1: peers:[1070cd50-d4de-4eff-9e7b-13f77727c4d2|127.0.0.1:15148, 1d5b270c-141e-46ec-a0c0-ed60a5ff00c9|127.0.0.1:15139, 1d4b00a3-9857-4eac-ad23-fb07690fc4d9|127.0.0.1:15130]|listeners:[], old=null
2024-04-28 12:43:58,544 [1d4b00a3-9857-4eac-ad23-fb07690fc4d9@group-7AC4A5481F83-LeaderElection21] INFO  impl.LeaderElection (LeaderElection.java:logAndReturn(89)) - 1d4b00a3-9857-4eac-ad23-fb07690fc4d9@group-7AC4A5481F83-LeaderElection21: PRE_VOTE PASSED received 1 response(s) and 0 exception(s):
2024-04-28 12:43:58,544 [1d4b00a3-9857-4eac-ad23-fb07690fc4d9@group-7AC4A5481F83-LeaderElection21] INFO  impl.LeaderElection (LeaderElection.java:logAndReturn(93)) -   Response 0: 1d4b00a3-9857-4eac-ad23-fb07690fc4d9<-1070cd50-d4de-4eff-9e7b-13f77727c4d2#0:OK-t0
2024-04-28 12:43:58,544 [1d4b00a3-9857-4eac-ad23-fb07690fc4d9@group-7AC4A5481F83-LeaderElection21] INFO  impl.LeaderElection (LeaderElection.java:askForVotes(323)) - 1d4b00a3-9857-4eac-ad23-fb07690fc4d9@group-7AC4A5481F83-LeaderElection21 PRE_VOTE round 0: result PASSED
2024-04-28 12:43:58,546 [1d4b00a3-9857-4eac-ad23-fb07690fc4d9@group-7AC4A5481F83-LeaderElection21] INFO  impl.LeaderElection (LeaderElection.java:askForVotes(321)) - 1d4b00a3-9857-4eac-ad23-fb07690fc4d9@group-7AC4A5481F83-LeaderElection21 ELECTION round 0: submit vote requests at term 1 for -1: peers:[1070cd50-d4de-4eff-9e7b-13f77727c4d2|127.0.0.1:15148, 1d5b270c-141e-46ec-a0c0-ed60a5ff00c9|127.0.0.1:15139, 1d4b00a3-9857-4eac-ad23-fb07690fc4d9|127.0.0.1:15130]|listeners:[], old=null
2024-04-28 12:43:58,547 [grpc-default-executor-2] INFO  server.RaftServer$Division (RaftServerImpl.java:requestVote(1389)) - 1070cd50-d4de-4eff-9e7b-13f77727c4d2@group-7AC4A5481F83: receive requestVote(ELECTION, 1d4b00a3-9857-4eac-ad23-fb07690fc4d9, group-7AC4A5481F83, 1, (t:0, i:0))
2024-04-28 12:43:58,547 [grpc-default-executor-2] INFO  impl.VoteContext (VoteContext.java:log(49)) - 1070cd50-d4de-4eff-9e7b-13f77727c4d2@group-7AC4A5481F83-FOLLOWER: accept ELECTION from 1d4b00a3-9857-4eac-ad23-fb07690fc4d9: our priority 0 <= candidate's priority 1
2024-04-28 12:43:58,547 [grpc-default-executor-2] INFO  server.RaftServer$Division (RaftServerImpl.java:setRole(383)) - 1070cd50-d4de-4eff-9e7b-13f77727c4d2@group-7AC4A5481F83: changes role from  FOLLOWER to FOLLOWER at term 1 for candidate:1d4b00a3-9857-4eac-ad23-fb07690fc4d9
2024-04-28 12:43:58,547 [grpc-default-executor-2] INFO  impl.RoleInfo (RoleInfo.java:shutdownFollowerState(110)) - 1070cd50-d4de-4eff-9e7b-13f77727c4d2: shutdown 1070cd50-d4de-4eff-9e7b-13f77727c4d2@group-7AC4A5481F83-FollowerState
2024-04-28 12:43:58,547 [grpc-default-executor-2] INFO  impl.RoleInfo (RoleInfo.java:updateAndGet(139)) - 1070cd50-d4de-4eff-9e7b-13f77727c4d2: start 1070cd50-d4de-4eff-9e7b-13f77727c4d2@group-7AC4A5481F83-FollowerState
2024-04-28 12:43:58,547 [1070cd50-d4de-4eff-9e7b-13f77727c4d2@group-7AC4A5481F83-FollowerState] INFO  impl.FollowerState (FollowerState.java:run(152)) - 1070cd50-d4de-4eff-9e7b-13f77727c4d2@group-7AC4A5481F83-FollowerState was interrupted
2024-04-28 12:43:58,548 [grpc-default-executor-1] INFO  server.RaftServer$Division (RaftServerImpl.java:requestVote(1389)) - 1d5b270c-141e-46ec-a0c0-ed60a5ff00c9@group-7AC4A5481F83: receive requestVote(PRE_VOTE, 1d4b00a3-9857-4eac-ad23-fb07690fc4d9, group-7AC4A5481F83, 0, (t:0, i:0))
2024-04-28 12:43:58,548 [grpc-default-executor-1] INFO  impl.VoteContext (VoteContext.java:log(49)) - 1d5b270c-141e-46ec-a0c0-ed60a5ff00c9@group-7AC4A5481F83-FOLLOWER: accept PRE_VOTE from 1d4b00a3-9857-4eac-ad23-fb07690fc4d9: our priority 0 <= candidate's priority 1
2024-04-28 12:43:58,548 [grpc-default-executor-1] INFO  server.RaftServer$Division (RaftServerImpl.java:requestVote(1422)) - 1d5b270c-141e-46ec-a0c0-ed60a5ff00c9@group-7AC4A5481F83 replies to PRE_VOTE vote request: 1d4b00a3-9857-4eac-ad23-fb07690fc4d9<-1d5b270c-141e-46ec-a0c0-ed60a5ff00c9#0:OK-t0. Peer's state: 1d5b270c-141e-46ec-a0c0-ed60a5ff00c9@group-7AC4A5481F83:t0, leader=null, voted=, raftlog=Memoized:1d5b270c-141e-46ec-a0c0-ed60a5ff00c9@group-7AC4A5481F83-SegmentedRaftLog:OPENED:c-1, conf=-1: peers:[1070cd50-d4de-4eff-9e7b-13f77727c4d2|127.0.0.1:15148, 1d5b270c-141e-46ec-a0c0-ed60a5ff00c9|127.0.0.1:15139, 1d4b00a3-9857-4eac-ad23-fb07690fc4d9|127.0.0.1:15130]|listeners:[], old=null
2024-04-28 12:43:58,550 [1d4b00a3-9857-4eac-ad23-fb07690fc4d9@group-7AC4A5481F83-LeaderElection21] INFO  server.RaftServerConfigKeys (ConfUtils.java:logFallback(53)) - raft.server.rpc.first-election.timeout.min = 5s (fallback to raft.server.rpc.timeout.min)
2024-04-28 12:43:58,550 [1d4b00a3-9857-4eac-ad23-fb07690fc4d9@group-7AC4A5481F83-LeaderElection21] INFO  server.RaftServerConfigKeys (ConfUtils.java:logFallback(53)) - raft.server.rpc.first-election.timeout.max = 5200ms (fallback to raft.server.rpc.timeout.max)
2024-04-28 12:43:58,550 [grpc-default-executor-2] INFO  server.RaftServer$Division (RaftServerImpl.java:setFirstElection(574)) - 1070cd50-d4de-4eff-9e7b-13f77727c4d2@group-7AC4A5481F83: set firstElectionSinceStartup to false for candidate:1d4b00a3-9857-4eac-ad23-fb07690fc4d9
2024-04-28 12:43:58,551 [grpc-default-executor-2] INFO  server.RaftServer$Division (RaftServerImpl.java:requestVote(1422)) - 1070cd50-d4de-4eff-9e7b-13f77727c4d2@group-7AC4A5481F83 replies to ELECTION vote request: 1d4b00a3-9857-4eac-ad23-fb07690fc4d9<-1070cd50-d4de-4eff-9e7b-13f77727c4d2#0:OK-t1. Peer's state: 1070cd50-d4de-4eff-9e7b-13f77727c4d2@group-7AC4A5481F83:t1, leader=null, voted=1d4b00a3-9857-4eac-ad23-fb07690fc4d9, raftlog=Memoized:1070cd50-d4de-4eff-9e7b-13f77727c4d2@group-7AC4A5481F83-SegmentedRaftLog:OPENED:c-1, conf=-1: peers:[1070cd50-d4de-4eff-9e7b-13f77727c4d2|127.0.0.1:15148, 1d5b270c-141e-46ec-a0c0-ed60a5ff00c9|127.0.0.1:15139, 1d4b00a3-9857-4eac-ad23-fb07690fc4d9|127.0.0.1:15130]|listeners:[], old=null
2024-04-28 12:43:58,551 [grpc-default-executor-1] INFO  server.RaftServer$Division (RaftServerImpl.java:requestVote(1389)) - 1d5b270c-141e-46ec-a0c0-ed60a5ff00c9@group-7AC4A5481F83: receive requestVote(ELECTION, 1d4b00a3-9857-4eac-ad23-fb07690fc4d9, group-7AC4A5481F83, 1, (t:0, i:0))
2024-04-28 12:43:58,552 [grpc-default-executor-1] INFO  impl.VoteContext (VoteContext.java:log(49)) - 1d5b270c-141e-46ec-a0c0-ed60a5ff00c9@group-7AC4A5481F83-FOLLOWER: accept ELECTION from 1d4b00a3-9857-4eac-ad23-fb07690fc4d9: our priority 0 <= candidate's priority 1
2024-04-28 12:43:58,552 [grpc-default-executor-1] INFO  server.RaftServer$Division (RaftServerImpl.java:setRole(383)) - 1d5b270c-141e-46ec-a0c0-ed60a5ff00c9@group-7AC4A5481F83: changes role from  FOLLOWER to FOLLOWER at term 1 for candidate:1d4b00a3-9857-4eac-ad23-fb07690fc4d9
2024-04-28 12:43:58,552 [grpc-default-executor-1] INFO  impl.RoleInfo (RoleInfo.java:shutdownFollowerState(110)) - 1d5b270c-141e-46ec-a0c0-ed60a5ff00c9: shutdown 1d5b270c-141e-46ec-a0c0-ed60a5ff00c9@group-7AC4A5481F83-FollowerState
2024-04-28 12:43:58,552 [grpc-default-executor-1] INFO  impl.RoleInfo (RoleInfo.java:updateAndGet(139)) - 1d5b270c-141e-46ec-a0c0-ed60a5ff00c9: start 1d5b270c-141e-46ec-a0c0-ed60a5ff00c9@group-7AC4A5481F83-FollowerState
2024-04-28 12:43:58,552 [1d5b270c-141e-46ec-a0c0-ed60a5ff00c9@group-7AC4A5481F83-FollowerState] INFO  impl.FollowerState (FollowerState.java:run(152)) - 1d5b270c-141e-46ec-a0c0-ed60a5ff00c9@group-7AC4A5481F83-FollowerState was interrupted
2024-04-28 12:43:58,552 [1d4b00a3-9857-4eac-ad23-fb07690fc4d9@group-7AC4A5481F83-LeaderElection21] INFO  impl.LeaderElection (LeaderElection.java:logAndReturn(89)) - 1d4b00a3-9857-4eac-ad23-fb07690fc4d9@group-7AC4A5481F83-LeaderElection21: ELECTION PASSED received 1 response(s) and 0 exception(s):
2024-04-28 12:43:58,552 [1d4b00a3-9857-4eac-ad23-fb07690fc4d9@group-7AC4A5481F83-LeaderElection21] INFO  impl.LeaderElection (LeaderElection.java:logAndReturn(93)) -   Response 0: 1d4b00a3-9857-4eac-ad23-fb07690fc4d9<-1070cd50-d4de-4eff-9e7b-13f77727c4d2#0:OK-t1
2024-04-28 12:43:58,552 [1d4b00a3-9857-4eac-ad23-fb07690fc4d9@group-7AC4A5481F83-LeaderElection21] INFO  impl.LeaderElection (LeaderElection.java:askForVotes(323)) - 1d4b00a3-9857-4eac-ad23-fb07690fc4d9@group-7AC4A5481F83-LeaderElection21 ELECTION round 0: result PASSED
2024-04-28 12:43:58,552 [1d4b00a3-9857-4eac-ad23-fb07690fc4d9@group-7AC4A5481F83-LeaderElection21] INFO  impl.RoleInfo (RoleInfo.java:shutdownLeaderElection(130)) - 1d4b00a3-9857-4eac-ad23-fb07690fc4d9: shutdown 1d4b00a3-9857-4eac-ad23-fb07690fc4d9@group-7AC4A5481F83-LeaderElection21
2024-04-28 12:43:58,552 [1d4b00a3-9857-4eac-ad23-fb07690fc4d9@group-7AC4A5481F83-LeaderElection21] INFO  server.RaftServer$Division (RaftServerImpl.java:setRole(383)) - 1d4b00a3-9857-4eac-ad23-fb07690fc4d9@group-7AC4A5481F83: changes role from CANDIDATE to LEADER at term 1 for changeToLeader
2024-04-28 12:43:58,553 [1d4b00a3-9857-4eac-ad23-fb07690fc4d9@group-7AC4A5481F83-LeaderElection21] INFO  server.RaftServerConfigKeys (ConfUtils.java:logGet(46)) - raft.server.staging.catchup.gap = 1000 (default)
2024-04-28 12:43:58,553 [1d4b00a3-9857-4eac-ad23-fb07690fc4d9@group-7AC4A5481F83-LeaderElection21] INFO  server.RaftServerConfigKeys (ConfUtils.java:logGet(46)) - raft.server.write.element-limit = 1024 (custom)
2024-04-28 12:43:58,553 [1d4b00a3-9857-4eac-ad23-fb07690fc4d9@group-7AC4A5481F83-LeaderElection21] INFO  server.RaftServerConfigKeys (ConfUtils.java:logGet(46)) - raft.server.write.byte-limit = 1024 M (=1073741824) (custom)
2024-04-28 12:43:58,553 [1d4b00a3-9857-4eac-ad23-fb07690fc4d9@group-7AC4A5481F83-LeaderElection21] INFO  server.RaftServerConfigKeys (ConfUtils.java:logGet(46)) - raft.server.watch.timeout = 3000ms (custom)
2024-04-28 12:43:58,553 [1d4b00a3-9857-4eac-ad23-fb07690fc4d9@group-7AC4A5481F83-LeaderElection21] INFO  server.RaftServerConfigKeys (ConfUtils.java:logGet(46)) - raft.server.watch.timeout.denomination = 1s (default)
2024-04-28 12:43:58,553 [1d4b00a3-9857-4eac-ad23-fb07690fc4d9@group-7AC4A5481F83-LeaderElection21] INFO  server.RaftServerConfigKeys (ConfUtils.java:logGet(46)) - raft.server.watch.element-limit = 65536 (default)
2024-04-28 12:43:58,553 [1d4b00a3-9857-4eac-ad23-fb07690fc4d9@group-7AC4A5481F83-LeaderElection21] INFO  server.RaftServerConfigKeys (ConfUtils.java:logGet(46)) - raft.server.read.leader.lease.enabled = false (default)
2024-04-28 12:43:58,554 [1d4b00a3-9857-4eac-ad23-fb07690fc4d9@group-7AC4A5481F83-LeaderElection21] INFO  server.RaftServerConfigKeys (ConfUtils.java:logGet(46)) - raft.server.read.leader.lease.timeout.ratio = 0.9 (default)
2024-04-28 12:43:58,554 [1d4b00a3-9857-4eac-ad23-fb07690fc4d9@group-7AC4A5481F83-LeaderElection21] INFO  server.RaftServerConfigKeys (ConfUtils.java:logGet(46)) - raft.server.rpc.timeout.min = 5s (custom)
2024-04-28 12:43:58,554 [1d4b00a3-9857-4eac-ad23-fb07690fc4d9@group-7AC4A5481F83-LeaderElection21] INFO  server.RaftServerConfigKeys (ConfUtils.java:logGet(46)) - raft.server.write.element-limit = 1024 (custom)
2024-04-28 12:43:58,554 [1d4b00a3-9857-4eac-ad23-fb07690fc4d9@group-7AC4A5481F83-LeaderElection21] INFO  server.RaftServerConfigKeys (ConfUtils.java:logGet(46)) - raft.server.write.follower.gap.ratio.max = -1.0 (default)
2024-04-28 12:43:58,554 [grpc-default-executor-1] INFO  server.RaftServer$Division (RaftServerImpl.java:setFirstElection(574)) - 1d5b270c-141e-46ec-a0c0-ed60a5ff00c9@group-7AC4A5481F83: set firstElectionSinceStartup to false for candidate:1d4b00a3-9857-4eac-ad23-fb07690fc4d9
2024-04-28 12:43:58,554 [1d4b00a3-9857-4eac-ad23-fb07690fc4d9@group-7AC4A5481F83-LeaderElection21] INFO  server.RaftServerConfigKeys (ConfUtils.java:logGet(46)) - raft.server.log.appender.snapshot.chunk.size.max = 16MB (=16777216) (default)
2024-04-28 12:43:58,554 [1d4b00a3-9857-4eac-ad23-fb07690fc4d9@group-7AC4A5481F83-LeaderElection21] INFO  server.RaftServerConfigKeys (ConfUtils.java:logGet(46)) - raft.server.log.appender.buffer.byte-limit = 8388608 (custom)
2024-04-28 12:43:58,554 [1d4b00a3-9857-4eac-ad23-fb07690fc4d9@group-7AC4A5481F83-LeaderElection21] INFO  server.RaftServerConfigKeys (ConfUtils.java:logGet(46)) - raft.server.log.appender.buffer.element-limit = 1 (custom)
2024-04-28 12:43:58,554 [1d4b00a3-9857-4eac-ad23-fb07690fc4d9@group-7AC4A5481F83-LeaderElection21] INFO  server.RaftServerConfigKeys (ConfUtils.java:logGet(46)) - raft.server.log.appender.wait-time.min = 0ms (custom)
2024-04-28 12:43:58,555 [1d4b00a3-9857-4eac-ad23-fb07690fc4d9@group-7AC4A5481F83-LeaderElection21] INFO  grpc.GrpcConfigKeys (ConfUtils.java:logGet(46)) - raft.grpc.server.leader.outstanding.appends.max = 8 (default)
2024-04-28 12:43:58,555 [1d4b00a3-9857-4eac-ad23-fb07690fc4d9@group-7AC4A5481F83-LeaderElection21] INFO  server.RaftServerConfigKeys (ConfUtils.java:logGet(46)) - raft.server.rpc.request.timeout = 3000ms (default)
2024-04-28 12:43:58,555 [1d4b00a3-9857-4eac-ad23-fb07690fc4d9@group-7AC4A5481F83-LeaderElection21] INFO  grpc.GrpcConfigKeys (ConfUtils.java:logGet(46)) - raft.grpc.server.install_snapshot.request.element-limit = 8 (default)
2024-04-28 12:43:58,555 [1d4b00a3-9857-4eac-ad23-fb07690fc4d9@group-7AC4A5481F83-LeaderElection21] INFO  grpc.GrpcConfigKeys (ConfUtils.java:logGet(46)) - raft.grpc.server.install_snapshot.request.timeout = 3000ms (default)
2024-04-28 12:43:58,555 [grpc-default-executor-1] INFO  server.RaftServer$Division (RaftServerImpl.java:requestVote(1422)) - 1d5b270c-141e-46ec-a0c0-ed60a5ff00c9@group-7AC4A5481F83 replies to ELECTION vote request: 1d4b00a3-9857-4eac-ad23-fb07690fc4d9<-1d5b270c-141e-46ec-a0c0-ed60a5ff00c9#0:OK-t1. Peer's state: 1d5b270c-141e-46ec-a0c0-ed60a5ff00c9@group-7AC4A5481F83:t1, leader=null, voted=1d4b00a3-9857-4eac-ad23-fb07690fc4d9, raftlog=Memoized:1d5b270c-141e-46ec-a0c0-ed60a5ff00c9@group-7AC4A5481F83-SegmentedRaftLog:OPENED:c-1, conf=-1: peers:[1070cd50-d4de-4eff-9e7b-13f77727c4d2|127.0.0.1:15148, 1d5b270c-141e-46ec-a0c0-ed60a5ff00c9|127.0.0.1:15139, 1d4b00a3-9857-4eac-ad23-fb07690fc4d9|127.0.0.1:15130]|listeners:[], old=null
2024-04-28 12:43:58,555 [1d4b00a3-9857-4eac-ad23-fb07690fc4d9@group-9D1E68A9FB73-FollowerState] INFO  impl.FollowerState (FollowerState.java:run(143)) - 1d4b00a3-9857-4eac-ad23-fb07690fc4d9@group-9D1E68A9FB73-FollowerState: change to CANDIDATE, lastRpcElapsedTime:5178792639ns, electionTimeout:5177ms
2024-04-28 12:43:58,555 [1d4b00a3-9857-4eac-ad23-fb07690fc4d9@group-9D1E68A9FB73-FollowerState] INFO  impl.RoleInfo (RoleInfo.java:shutdownFollowerState(110)) - 1d4b00a3-9857-4eac-ad23-fb07690fc4d9: shutdown 1d4b00a3-9857-4eac-ad23-fb07690fc4d9@group-9D1E68A9FB73-FollowerState
2024-04-28 12:43:58,555 [1d4b00a3-9857-4eac-ad23-fb07690fc4d9@group-9D1E68A9FB73-FollowerState] INFO  server.RaftServer$Division (RaftServerImpl.java:setRole(383)) - 1d4b00a3-9857-4eac-ad23-fb07690fc4d9@group-9D1E68A9FB73: changes role from  FOLLOWER to CANDIDATE at term 0 for changeToCandidate
2024-04-28 12:43:58,555 [1d4b00a3-9857-4eac-ad23-fb07690fc4d9@group-9D1E68A9FB73-FollowerState] INFO  server.RaftServerConfigKeys (ConfUtils.java:logGet(46)) - raft.server.leaderelection.pre-vote = true (default)
2024-04-28 12:43:58,555 [1d4b00a3-9857-4eac-ad23-fb07690fc4d9@group-9D1E68A9FB73-FollowerState] INFO  impl.RoleInfo (RoleInfo.java:updateAndGet(139)) - 1d4b00a3-9857-4eac-ad23-fb07690fc4d9: start 1d4b00a3-9857-4eac-ad23-fb07690fc4d9@group-9D1E68A9FB73-LeaderElection22
2024-04-28 12:43:58,555 [1d4b00a3-9857-4eac-ad23-fb07690fc4d9@group-7AC4A5481F83-LeaderElection21] INFO  grpc.GrpcConfigKeys (ConfUtils.java:logGet(46)) - raft.grpc.server.log-message.batch.duration = 5s (default)
2024-04-28 12:43:58,556 [1d4b00a3-9857-4eac-ad23-fb07690fc4d9@group-7AC4A5481F83-LeaderElection21] INFO  server.RaftServerConfigKeys (ConfUtils.java:logGet(46)) - raft.server.log.appender.install.snapshot.enabled = false (custom)
2024-04-28 12:43:58,556 [1d4b00a3-9857-4eac-ad23-fb07690fc4d9@group-7AC4A5481F83-LeaderElection21] INFO  grpc.GrpcConfigKeys (ConfUtils.java:logGet(46)) - raft.grpc.server.heartbeat.channel = true (default)
2024-04-28 12:43:58,556 [1d4b00a3-9857-4eac-ad23-fb07690fc4d9@group-7AC4A5481F83-LeaderElection21] INFO  server.RaftServerConfigKeys (ConfUtils.java:logGet(46)) - raft.server.log.appender.snapshot.chunk.size.max = 16MB (=16777216) (default)
2024-04-28 12:43:58,557 [1d4b00a3-9857-4eac-ad23-fb07690fc4d9@group-7AC4A5481F83-LeaderElection21] INFO  server.RaftServerConfigKeys (ConfUtils.java:logGet(46)) - raft.server.log.appender.buffer.byte-limit = 8388608 (custom)
2024-04-28 12:43:58,557 [1d4b00a3-9857-4eac-ad23-fb07690fc4d9@group-7AC4A5481F83-LeaderElection21] INFO  server.RaftServerConfigKeys (ConfUtils.java:logGet(46)) - raft.server.log.appender.buffer.element-limit = 1 (custom)
2024-04-28 12:43:58,557 [1d4b00a3-9857-4eac-ad23-fb07690fc4d9@group-7AC4A5481F83-LeaderElection21] INFO  server.RaftServerConfigKeys (ConfUtils.java:logGet(46)) - raft.server.log.appender.wait-time.min = 0ms (custom)
2024-04-28 12:43:58,557 [1d4b00a3-9857-4eac-ad23-fb07690fc4d9@group-7AC4A5481F83-LeaderElection21] INFO  grpc.GrpcConfigKeys (ConfUtils.java:logGet(46)) - raft.grpc.server.leader.outstanding.appends.max = 8 (default)
2024-04-28 12:43:58,557 [1d4b00a3-9857-4eac-ad23-fb07690fc4d9@group-7AC4A5481F83-LeaderElection21] INFO  server.RaftServerConfigKeys (ConfUtils.java:logGet(46)) - raft.server.rpc.request.timeout = 3000ms (default)
2024-04-28 12:43:58,557 [1d4b00a3-9857-4eac-ad23-fb07690fc4d9@group-7AC4A5481F83-LeaderElection21] INFO  grpc.GrpcConfigKeys (ConfUtils.java:logGet(46)) - raft.grpc.server.install_snapshot.request.element-limit = 8 (default)
2024-04-28 12:43:58,557 [1d4b00a3-9857-4eac-ad23-fb07690fc4d9@group-7AC4A5481F83-LeaderElection21] INFO  grpc.GrpcConfigKeys (ConfUtils.java:logGet(46)) - raft.grpc.server.install_snapshot.request.timeout = 3000ms (default)
2024-04-28 12:43:58,557 [1d4b00a3-9857-4eac-ad23-fb07690fc4d9@group-7AC4A5481F83-LeaderElection21] INFO  grpc.GrpcConfigKeys (ConfUtils.java:logGet(46)) - raft.grpc.server.log-message.batch.duration = 5s (default)
2024-04-28 12:43:58,557 [1d4b00a3-9857-4eac-ad23-fb07690fc4d9@group-7AC4A5481F83-LeaderElection21] INFO  server.RaftServerConfigKeys (ConfUtils.java:logGet(46)) - raft.server.log.appender.install.snapshot.enabled = false (custom)
2024-04-28 12:43:58,557 [1d4b00a3-9857-4eac-ad23-fb07690fc4d9@group-7AC4A5481F83-LeaderElection21] INFO  grpc.GrpcConfigKeys (ConfUtils.java:logGet(46)) - raft.grpc.server.heartbeat.channel = true (default)
2024-04-28 12:43:58,557 [1d4b00a3-9857-4eac-ad23-fb07690fc4d9@group-7AC4A5481F83-LeaderElection21] INFO  impl.RoleInfo (RoleInfo.java:updateAndGet(139)) - 1d4b00a3-9857-4eac-ad23-fb07690fc4d9: start 1d4b00a3-9857-4eac-ad23-fb07690fc4d9@group-7AC4A5481F83-LeaderStateImpl
2024-04-28 12:43:58,557 [1d4b00a3-9857-4eac-ad23-fb07690fc4d9@group-7AC4A5481F83-LeaderElection21] INFO  server.RaftServer$Division (RaftServerImpl.java:setFirstElection(574)) - 1d4b00a3-9857-4eac-ad23-fb07690fc4d9@group-7AC4A5481F83: set firstElectionSinceStartup to false for becomeLeader
2024-04-28 12:43:58,557 [1d4b00a3-9857-4eac-ad23-fb07690fc4d9@group-7AC4A5481F83-LeaderElection21] INFO  ratis.XceiverServerRatis (XceiverServerRatis.java:handleLeaderChangedNotification(966)) - Leader change notification received for group: group-7AC4A5481F83 with new leaderId: 1d4b00a3-9857-4eac-ad23-fb07690fc4d9
2024-04-28 12:43:58,557 [1d4b00a3-9857-4eac-ad23-fb07690fc4d9@group-7AC4A5481F83-LeaderElection21] INFO  server.RaftServer$Division (ServerState.java:setLeader(269)) - 1d4b00a3-9857-4eac-ad23-fb07690fc4d9@group-7AC4A5481F83: change Leader from null to 1d4b00a3-9857-4eac-ad23-fb07690fc4d9 at term 1 for becomeLeader, leader elected after 5167ms
2024-04-28 12:43:58,558 [1d4b00a3-9857-4eac-ad23-fb07690fc4d9@group-7AC4A5481F83-LeaderElection21] INFO  segmented.SegmentedRaftLogWorker (SegmentedRaftLogWorker.java:startLogSegment(430)) - 1d4b00a3-9857-4eac-ad23-fb07690fc4d9@group-7AC4A5481F83-SegmentedRaftLogWorker: Starting segment from index:0
2024-04-28 12:43:58,558 [1d4b00a3-9857-4eac-ad23-fb07690fc4d9@group-7AC4A5481F83-SegmentedRaftLogWorker] INFO  segmented.BufferedWriteChannel (BufferedWriteChannel.java:open(62)) - open log_inprogress_0 at position 0
2024-04-28 12:43:58,561 [1d4b00a3-9857-4eac-ad23-fb07690fc4d9@group-7AC4A5481F83-LeaderElection21] INFO  server.RaftServer$Division (ServerState.java:setRaftConf(386)) - 1d4b00a3-9857-4eac-ad23-fb07690fc4d9@group-7AC4A5481F83: set configuration 0: peers:[1070cd50-d4de-4eff-9e7b-13f77727c4d2|127.0.0.1:15148, 1d5b270c-141e-46ec-a0c0-ed60a5ff00c9|127.0.0.1:15139, 1d4b00a3-9857-4eac-ad23-fb07690fc4d9|127.0.0.1:15130]|listeners:[], old=null
2024-04-28 12:43:58,561 [EventQueue-PipelineReportForPipelineReportHandler] INFO  pipeline.PipelineReportHandler (PipelineReportHandler.java:processPipelineReport(136)) - Opened pipeline PipelineID=6137e3d0-c177-448d-9fbd-7ac4a5481f83
2024-04-28 12:43:58,562 [1d4b00a3-9857-4eac-ad23-fb07690fc4d9@group-9D1E68A9FB73-LeaderElection22] INFO  impl.LeaderElection (LeaderElection.java:askForVotes(321)) - 1d4b00a3-9857-4eac-ad23-fb07690fc4d9@group-9D1E68A9FB73-LeaderElection22 PRE_VOTE round 0: submit vote requests at term 0 for -1: peers:[1d4b00a3-9857-4eac-ad23-fb07690fc4d9|127.0.0.1:15130]|listeners:[], old=null
2024-04-28 12:43:58,562 [1d4b00a3-9857-4eac-ad23-fb07690fc4d9@group-9D1E68A9FB73-LeaderElection22] INFO  impl.LeaderElection (LeaderElection.java:askForVotes(323)) - 1d4b00a3-9857-4eac-ad23-fb07690fc4d9@group-9D1E68A9FB73-LeaderElection22 PRE_VOTE round 0: result PASSED (term=0)
2024-04-28 12:43:58,564 [1d4b00a3-9857-4eac-ad23-fb07690fc4d9@group-7AC4A5481F83-SegmentedRaftLogWorker] INFO  segmented.SegmentedRaftLogWorker (SegmentedRaftLogWorker.java:execute(634)) - 1d4b00a3-9857-4eac-ad23-fb07690fc4d9@group-7AC4A5481F83-SegmentedRaftLogWorker: created new log segment /home/runner/work/ozone/ozone/hadoop-ozone/integration-test/target/test-dir/MiniOzoneClusterImpl-fb989876-9371-464e-b996-ece4d3fe3ecb/ozone-meta/datanode-4/ratis/6137e3d0-c177-448d-9fbd-7ac4a5481f83/current/log_inprogress_0
2024-04-28 12:43:58,565 [1d4b00a3-9857-4eac-ad23-fb07690fc4d9@group-9D1E68A9FB73-LeaderElection22] INFO  impl.LeaderElection (LeaderElection.java:askForVotes(321)) - 1d4b00a3-9857-4eac-ad23-fb07690fc4d9@group-9D1E68A9FB73-LeaderElection22 ELECTION round 0: submit vote requests at term 1 for -1: peers:[1d4b00a3-9857-4eac-ad23-fb07690fc4d9|127.0.0.1:15130]|listeners:[], old=null
2024-04-28 12:43:58,565 [1d4b00a3-9857-4eac-ad23-fb07690fc4d9@group-9D1E68A9FB73-LeaderElection22] INFO  impl.LeaderElection (LeaderElection.java:askForVotes(323)) - 1d4b00a3-9857-4eac-ad23-fb07690fc4d9@group-9D1E68A9FB73-LeaderElection22 ELECTION round 0: result PASSED (term=1)
2024-04-28 12:43:58,565 [1d4b00a3-9857-4eac-ad23-fb07690fc4d9@group-9D1E68A9FB73-LeaderElection22] INFO  impl.RoleInfo (RoleInfo.java:shutdownLeaderElection(130)) - 1d4b00a3-9857-4eac-ad23-fb07690fc4d9: shutdown 1d4b00a3-9857-4eac-ad23-fb07690fc4d9@group-9D1E68A9FB73-LeaderElection22
2024-04-28 12:43:58,565 [1d4b00a3-9857-4eac-ad23-fb07690fc4d9@group-9D1E68A9FB73-LeaderElection22] INFO  server.RaftServer$Division (RaftServerImpl.java:setRole(383)) - 1d4b00a3-9857-4eac-ad23-fb07690fc4d9@group-9D1E68A9FB73: changes role from CANDIDATE to LEADER at term 1 for changeToLeader
2024-04-28 12:43:58,565 [1d4b00a3-9857-4eac-ad23-fb07690fc4d9@group-9D1E68A9FB73-LeaderElection22] INFO  server.RaftServerConfigKeys (ConfUtils.java:logGet(46)) - raft.server.staging.catchup.gap = 1000 (default)
2024-04-28 12:43:58,566 [1d4b00a3-9857-4eac-ad23-fb07690fc4d9@group-9D1E68A9FB73-LeaderElection22] INFO  server.RaftServerConfigKeys (ConfUtils.java:logGet(46)) - raft.server.write.element-limit = 1024 (custom)
2024-04-28 12:43:58,566 [1d4b00a3-9857-4eac-ad23-fb07690fc4d9@group-9D1E68A9FB73-LeaderElection22] INFO  server.RaftServerConfigKeys (ConfUtils.java:logGet(46)) - raft.server.write.byte-limit = 1024 M (=1073741824) (custom)
2024-04-28 12:43:58,566 [1d4b00a3-9857-4eac-ad23-fb07690fc4d9@group-9D1E68A9FB73-LeaderElection22] INFO  server.RaftServerConfigKeys (ConfUtils.java:logGet(46)) - raft.server.watch.timeout = 3000ms (custom)
2024-04-28 12:43:58,566 [1d4b00a3-9857-4eac-ad23-fb07690fc4d9@group-9D1E68A9FB73-LeaderElection22] INFO  server.RaftServerConfigKeys (ConfUtils.java:logGet(46)) - raft.server.watch.timeout.denomination = 1s (default)
2024-04-28 12:43:58,566 [1d4b00a3-9857-4eac-ad23-fb07690fc4d9@group-9D1E68A9FB73-LeaderElection22] INFO  server.RaftServerConfigKeys (ConfUtils.java:logGet(46)) - raft.server.watch.element-limit = 65536 (default)
2024-04-28 12:43:58,567 [1d4b00a3-9857-4eac-ad23-fb07690fc4d9@group-9D1E68A9FB73-LeaderElection22] INFO  server.RaftServerConfigKeys (ConfUtils.java:logGet(46)) - raft.server.read.leader.lease.enabled = false (default)
2024-04-28 12:43:58,568 [1d4b00a3-9857-4eac-ad23-fb07690fc4d9@group-9D1E68A9FB73-LeaderElection22] INFO  server.RaftServerConfigKeys (ConfUtils.java:logGet(46)) - raft.server.read.leader.lease.timeout.ratio = 0.9 (default)
2024-04-28 12:43:58,568 [1d4b00a3-9857-4eac-ad23-fb07690fc4d9@group-9D1E68A9FB73-LeaderElection22] INFO  server.RaftServerConfigKeys (ConfUtils.java:logGet(46)) - raft.server.rpc.timeout.min = 5s (custom)
2024-04-28 12:43:58,568 [1d4b00a3-9857-4eac-ad23-fb07690fc4d9@group-9D1E68A9FB73-LeaderElection22] INFO  server.RaftServerConfigKeys (ConfUtils.java:logGet(46)) - raft.server.write.element-limit = 1024 (custom)
2024-04-28 12:43:58,569 [1d4b00a3-9857-4eac-ad23-fb07690fc4d9@group-9D1E68A9FB73-LeaderElection22] INFO  server.RaftServerConfigKeys (ConfUtils.java:logGet(46)) - raft.server.write.follower.gap.ratio.max = -1.0 (default)
2024-04-28 12:43:58,569 [1d4b00a3-9857-4eac-ad23-fb07690fc4d9@group-9D1E68A9FB73-LeaderElection22] INFO  impl.RoleInfo (RoleInfo.java:updateAndGet(139)) - 1d4b00a3-9857-4eac-ad23-fb07690fc4d9: start 1d4b00a3-9857-4eac-ad23-fb07690fc4d9@group-9D1E68A9FB73-LeaderStateImpl
2024-04-28 12:43:58,569 [1d4b00a3-9857-4eac-ad23-fb07690fc4d9@group-9D1E68A9FB73-LeaderElection22] INFO  server.RaftServer$Division (RaftServerImpl.java:setFirstElection(574)) - 1d4b00a3-9857-4eac-ad23-fb07690fc4d9@group-9D1E68A9FB73: set firstElectionSinceStartup to false for becomeLeader
2024-04-28 12:43:58,569 [1d4b00a3-9857-4eac-ad23-fb07690fc4d9@group-9D1E68A9FB73-LeaderElection22] INFO  ratis.XceiverServerRatis (XceiverServerRatis.java:handleLeaderChangedNotification(966)) - Leader change notification received for group: group-9D1E68A9FB73 with new leaderId: 1d4b00a3-9857-4eac-ad23-fb07690fc4d9
2024-04-28 12:43:58,570 [1d4b00a3-9857-4eac-ad23-fb07690fc4d9@group-9D1E68A9FB73-LeaderElection22] INFO  server.RaftServer$Division (ServerState.java:setLeader(269)) - 1d4b00a3-9857-4eac-ad23-fb07690fc4d9@group-9D1E68A9FB73: change Leader from null to 1d4b00a3-9857-4eac-ad23-fb07690fc4d9 at term 1 for becomeLeader, leader elected after 5203ms
2024-04-28 12:43:58,571 [1d4b00a3-9857-4eac-ad23-fb07690fc4d9@group-9D1E68A9FB73-LeaderElection22] INFO  segmented.SegmentedRaftLogWorker (SegmentedRaftLogWorker.java:startLogSegment(430)) - 1d4b00a3-9857-4eac-ad23-fb07690fc4d9@group-9D1E68A9FB73-SegmentedRaftLogWorker: Starting segment from index:0
2024-04-28 12:43:58,571 [1d4b00a3-9857-4eac-ad23-fb07690fc4d9@group-9D1E68A9FB73-LeaderElection22] INFO  server.RaftServer$Division (ServerState.java:setRaftConf(386)) - 1d4b00a3-9857-4eac-ad23-fb07690fc4d9@group-9D1E68A9FB73: set configuration 0: peers:[1d4b00a3-9857-4eac-ad23-fb07690fc4d9|127.0.0.1:15130]|listeners:[], old=null
2024-04-28 12:43:58,571 [1d4b00a3-9857-4eac-ad23-fb07690fc4d9@group-9D1E68A9FB73-SegmentedRaftLogWorker] INFO  segmented.BufferedWriteChannel (BufferedWriteChannel.java:open(62)) - open log_inprogress_0 at position 0
2024-04-28 12:43:58,571 [1070cd50-d4de-4eff-9e7b-13f77727c4d2-server-thread2] INFO  ratis.XceiverServerRatis (XceiverServerRatis.java:handleLeaderChangedNotification(966)) - Leader change notification received for group: group-7AC4A5481F83 with new leaderId: 1d4b00a3-9857-4eac-ad23-fb07690fc4d9
2024-04-28 12:43:58,574 [1070cd50-d4de-4eff-9e7b-13f77727c4d2-server-thread2] INFO  server.RaftServer$Division (ServerState.java:setLeader(269)) - 1070cd50-d4de-4eff-9e7b-13f77727c4d2@group-7AC4A5481F83: change Leader from null to 1d4b00a3-9857-4eac-ad23-fb07690fc4d9 at term 1 for appendEntries, leader elected after 5158ms
2024-04-28 12:43:58,574 [1070cd50-d4de-4eff-9e7b-13f77727c4d2-server-thread2] INFO  server.RaftServer$Division (ServerState.java:setRaftConf(386)) - 1070cd50-d4de-4eff-9e7b-13f77727c4d2@group-7AC4A5481F83: set configuration 0: peers:[1070cd50-d4de-4eff-9e7b-13f77727c4d2|127.0.0.1:15148, 1d5b270c-141e-46ec-a0c0-ed60a5ff00c9|127.0.0.1:15139, 1d4b00a3-9857-4eac-ad23-fb07690fc4d9|127.0.0.1:15130]|listeners:[], old=null
2024-04-28 12:43:58,574 [1070cd50-d4de-4eff-9e7b-13f77727c4d2-server-thread2] INFO  segmented.SegmentedRaftLogWorker (SegmentedRaftLogWorker.java:startLogSegment(430)) - 1070cd50-d4de-4eff-9e7b-13f77727c4d2@group-7AC4A5481F83-SegmentedRaftLogWorker: Starting segment from index:0
2024-04-28 12:43:58,575 [1070cd50-d4de-4eff-9e7b-13f77727c4d2@group-7AC4A5481F83-SegmentedRaftLogWorker] INFO  segmented.BufferedWriteChannel (BufferedWriteChannel.java:open(62)) - open log_inprogress_0 at position 0
2024-04-28 12:43:58,578 [1d4b00a3-9857-4eac-ad23-fb07690fc4d9@group-9D1E68A9FB73-SegmentedRaftLogWorker] INFO  segmented.SegmentedRaftLogWorker (SegmentedRaftLogWorker.java:execute(634)) - 1d4b00a3-9857-4eac-ad23-fb07690fc4d9@group-9D1E68A9FB73-SegmentedRaftLogWorker: created new log segment /home/runner/work/ozone/ozone/hadoop-ozone/integration-test/target/test-dir/MiniOzoneClusterImpl-fb989876-9371-464e-b996-ece4d3fe3ecb/ozone-meta/datanode-4/ratis/41470a04-c002-4d55-a216-9d1e68a9fb73/current/log_inprogress_0
2024-04-28 12:43:58,582 [1070cd50-d4de-4eff-9e7b-13f77727c4d2@group-7AC4A5481F83-SegmentedRaftLogWorker] INFO  segmented.SegmentedRaftLogWorker (SegmentedRaftLogWorker.java:execute(634)) - 1070cd50-d4de-4eff-9e7b-13f77727c4d2@group-7AC4A5481F83-SegmentedRaftLogWorker: created new log segment /home/runner/work/ozone/ozone/hadoop-ozone/integration-test/target/test-dir/MiniOzoneClusterImpl-fb989876-9371-464e-b996-ece4d3fe3ecb/ozone-meta/datanode-6/ratis/6137e3d0-c177-448d-9fbd-7ac4a5481f83/current/log_inprogress_0
2024-04-28 12:43:58,586 [1d4b00a3-9857-4eac-ad23-fb07690fc4d9@group-9D1E68A9FB73-StateMachineUpdater] INFO  server.RaftServer$Division (LeaderStateImpl.java:isApplied(320)) - leader is ready since appliedIndex == 0 >= startIndex == 0
2024-04-28 12:43:58,587 [1d4b00a3-9857-4eac-ad23-fb07690fc4d9@group-7AC4A5481F83-StateMachineUpdater] INFO  server.RaftServer$Division (LeaderStateImpl.java:isApplied(320)) - leader is ready since appliedIndex == 0 >= startIndex == 0
2024-04-28 12:43:58,589 [1d5b270c-141e-46ec-a0c0-ed60a5ff00c9@group-7AA1DB745B26-FollowerState] INFO  impl.FollowerState (FollowerState.java:run(143)) - 1d5b270c-141e-46ec-a0c0-ed60a5ff00c9@group-7AA1DB745B26-FollowerState: change to CANDIDATE, lastRpcElapsedTime:5115888991ns, electionTimeout:5115ms
2024-04-28 12:43:58,589 [1d5b270c-141e-46ec-a0c0-ed60a5ff00c9@group-7AA1DB745B26-FollowerState] INFO  impl.RoleInfo (RoleInfo.java:shutdownFollowerState(110)) - 1d5b270c-141e-46ec-a0c0-ed60a5ff00c9: shutdown 1d5b270c-141e-46ec-a0c0-ed60a5ff00c9@group-7AA1DB745B26-FollowerState
2024-04-28 12:43:58,589 [1d5b270c-141e-46ec-a0c0-ed60a5ff00c9@group-7AA1DB745B26-FollowerState] INFO  server.RaftServer$Division (RaftServerImpl.java:setRole(383)) - 1d5b270c-141e-46ec-a0c0-ed60a5ff00c9@group-7AA1DB745B26: changes role from  FOLLOWER to CANDIDATE at term 0 for changeToCandidate
2024-04-28 12:43:58,589 [1d5b270c-141e-46ec-a0c0-ed60a5ff00c9@group-7AA1DB745B26-FollowerState] INFO  server.RaftServerConfigKeys (ConfUtils.java:logGet(46)) - raft.server.leaderelection.pre-vote = true (default)
2024-04-28 12:43:58,589 [1d5b270c-141e-46ec-a0c0-ed60a5ff00c9@group-7AA1DB745B26-FollowerState] INFO  impl.RoleInfo (RoleInfo.java:updateAndGet(139)) - 1d5b270c-141e-46ec-a0c0-ed60a5ff00c9: start 1d5b270c-141e-46ec-a0c0-ed60a5ff00c9@group-7AA1DB745B26-LeaderElection23
2024-04-28 12:43:58,590 [1d5b270c-141e-46ec-a0c0-ed60a5ff00c9-server-thread1] INFO  ratis.XceiverServerRatis (XceiverServerRatis.java:handleLeaderChangedNotification(966)) - Leader change notification received for group: group-7AC4A5481F83 with new leaderId: 1d4b00a3-9857-4eac-ad23-fb07690fc4d9
2024-04-28 12:43:58,590 [1d5b270c-141e-46ec-a0c0-ed60a5ff00c9-server-thread1] INFO  server.RaftServer$Division (ServerState.java:setLeader(269)) - 1d5b270c-141e-46ec-a0c0-ed60a5ff00c9@group-7AC4A5481F83: change Leader from null to 1d4b00a3-9857-4eac-ad23-fb07690fc4d9 at term 1 for appendEntries, leader elected after 5152ms
2024-04-28 12:43:58,590 [1d5b270c-141e-46ec-a0c0-ed60a5ff00c9-server-thread2] INFO  server.RaftServer$Division (ServerState.java:setRaftConf(386)) - 1d5b270c-141e-46ec-a0c0-ed60a5ff00c9@group-7AC4A5481F83: set configuration 0: peers:[1070cd50-d4de-4eff-9e7b-13f77727c4d2|127.0.0.1:15148, 1d5b270c-141e-46ec-a0c0-ed60a5ff00c9|127.0.0.1:15139, 1d4b00a3-9857-4eac-ad23-fb07690fc4d9|127.0.0.1:15130]|listeners:[], old=null
2024-04-28 12:43:58,590 [1d5b270c-141e-46ec-a0c0-ed60a5ff00c9-server-thread2] INFO  segmented.SegmentedRaftLogWorker (SegmentedRaftLogWorker.java:startLogSegment(430)) - 1d5b270c-141e-46ec-a0c0-ed60a5ff00c9@group-7AC4A5481F83-SegmentedRaftLogWorker: Starting segment from index:0
2024-04-28 12:43:58,591 [1d5b270c-141e-46ec-a0c0-ed60a5ff00c9@group-7AC4A5481F83-SegmentedRaftLogWorker] INFO  segmented.BufferedWriteChannel (BufferedWriteChannel.java:open(62)) - open log_inprogress_0 at position 0
2024-04-28 12:43:58,591 [1d5b270c-141e-46ec-a0c0-ed60a5ff00c9@group-7AA1DB745B26-LeaderElection23] INFO  impl.LeaderElection (LeaderElection.java:askForVotes(321)) - 1d5b270c-141e-46ec-a0c0-ed60a5ff00c9@group-7AA1DB745B26-LeaderElection23 PRE_VOTE round 0: submit vote requests at term 0 for -1: peers:[1d5b270c-141e-46ec-a0c0-ed60a5ff00c9|127.0.0.1:15139]|listeners:[], old=null
2024-04-28 12:43:58,593 [1d5b270c-141e-46ec-a0c0-ed60a5ff00c9@group-7AA1DB745B26-LeaderElection23] INFO  impl.LeaderElection (LeaderElection.java:askForVotes(323)) - 1d5b270c-141e-46ec-a0c0-ed60a5ff00c9@group-7AA1DB745B26-LeaderElection23 PRE_VOTE round 0: result PASSED (term=0)
2024-04-28 12:43:58,596 [1070cd50-d4de-4eff-9e7b-13f77727c4d2@group-BBF6C343BD26-FollowerState] INFO  impl.FollowerState (FollowerState.java:run(143)) - 1070cd50-d4de-4eff-9e7b-13f77727c4d2@group-BBF6C343BD26-FollowerState: change to CANDIDATE, lastRpcElapsedTime:5051323682ns, electionTimeout:5049ms
2024-04-28 12:43:58,596 [1070cd50-d4de-4eff-9e7b-13f77727c4d2@group-BBF6C343BD26-FollowerState] INFO  impl.RoleInfo (RoleInfo.java:shutdownFollowerState(110)) - 1070cd50-d4de-4eff-9e7b-13f77727c4d2: shutdown 1070cd50-d4de-4eff-9e7b-13f77727c4d2@group-BBF6C343BD26-FollowerState
2024-04-28 12:43:58,596 [1070cd50-d4de-4eff-9e7b-13f77727c4d2@group-BBF6C343BD26-FollowerState] INFO  server.RaftServer$Division (RaftServerImpl.java:setRole(383)) - 1070cd50-d4de-4eff-9e7b-13f77727c4d2@group-BBF6C343BD26: changes role from  FOLLOWER to CANDIDATE at term 0 for changeToCandidate
2024-04-28 12:43:58,596 [1070cd50-d4de-4eff-9e7b-13f77727c4d2@group-BBF6C343BD26-FollowerState] INFO  server.RaftServerConfigKeys (ConfUtils.java:logGet(46)) - raft.server.leaderelection.pre-vote = true (default)
2024-04-28 12:43:58,596 [1070cd50-d4de-4eff-9e7b-13f77727c4d2@group-BBF6C343BD26-FollowerState] INFO  impl.RoleInfo (RoleInfo.java:updateAndGet(139)) - 1070cd50-d4de-4eff-9e7b-13f77727c4d2: start 1070cd50-d4de-4eff-9e7b-13f77727c4d2@group-BBF6C343BD26-LeaderElection24
2024-04-28 12:43:58,596 [1070cd50-d4de-4eff-9e7b-13f77727c4d2@group-BBF6C343BD26-LeaderElection24] INFO  impl.LeaderElection (LeaderElection.java:askForVotes(321)) - 1070cd50-d4de-4eff-9e7b-13f77727c4d2@group-BBF6C343BD26-LeaderElection24 PRE_VOTE round 0: submit vote requests at term 0 for -1: peers:[1070cd50-d4de-4eff-9e7b-13f77727c4d2|127.0.0.1:15148]|listeners:[], old=null
2024-04-28 12:43:58,596 [1070cd50-d4de-4eff-9e7b-13f77727c4d2@group-BBF6C343BD26-LeaderElection24] INFO  impl.LeaderElection (LeaderElection.java:askForVotes(323)) - 1070cd50-d4de-4eff-9e7b-13f77727c4d2@group-BBF6C343BD26-LeaderElection24 PRE_VOTE round 0: result PASSED (term=0)
2024-04-28 12:43:58,597 [1d5b270c-141e-46ec-a0c0-ed60a5ff00c9@group-7AC4A5481F83-SegmentedRaftLogWorker] INFO  segmented.SegmentedRaftLogWorker (SegmentedRaftLogWorker.java:execute(634)) - 1d5b270c-141e-46ec-a0c0-ed60a5ff00c9@group-7AC4A5481F83-SegmentedRaftLogWorker: created new log segment /home/runner/work/ozone/ozone/hadoop-ozone/integration-test/target/test-dir/MiniOzoneClusterImpl-fb989876-9371-464e-b996-ece4d3fe3ecb/ozone-meta/datanode-5/ratis/6137e3d0-c177-448d-9fbd-7ac4a5481f83/current/log_inprogress_0
2024-04-28 12:43:58,597 [1d5b270c-141e-46ec-a0c0-ed60a5ff00c9@group-7AA1DB745B26-LeaderElection23] INFO  impl.LeaderElection (LeaderElection.java:askForVotes(321)) - 1d5b270c-141e-46ec-a0c0-ed60a5ff00c9@group-7AA1DB745B26-LeaderElection23 ELECTION round 0: submit vote requests at term 1 for -1: peers:[1d5b270c-141e-46ec-a0c0-ed60a5ff00c9|127.0.0.1:15139]|listeners:[], old=null
2024-04-28 12:43:58,597 [1d5b270c-141e-46ec-a0c0-ed60a5ff00c9@group-7AA1DB745B26-LeaderElection23] INFO  impl.LeaderElection (LeaderElection.java:askForVotes(323)) - 1d5b270c-141e-46ec-a0c0-ed60a5ff00c9@group-7AA1DB745B26-LeaderElection23 ELECTION round 0: result PASSED (term=1)
2024-04-28 12:43:58,597 [1070cd50-d4de-4eff-9e7b-13f77727c4d2@group-BBF6C343BD26-LeaderElection24] INFO  impl.LeaderElection (LeaderElection.java:askForVotes(321)) - 1070cd50-d4de-4eff-9e7b-13f77727c4d2@group-BBF6C343BD26-LeaderElection24 ELECTION round 0: submit vote requests at term 1 for -1: peers:[1070cd50-d4de-4eff-9e7b-13f77727c4d2|127.0.0.1:15148]|listeners:[], old=null
2024-04-28 12:43:58,597 [1070cd50-d4de-4eff-9e7b-13f77727c4d2@group-BBF6C343BD26-LeaderElection24] INFO  impl.LeaderElection (LeaderElection.java:askForVotes(323)) - 1070cd50-d4de-4eff-9e7b-13f77727c4d2@group-BBF6C343BD26-LeaderElection24 ELECTION round 0: result PASSED (term=1)
2024-04-28 12:43:58,597 [1070cd50-d4de-4eff-9e7b-13f77727c4d2@group-BBF6C343BD26-LeaderElection24] INFO  impl.RoleInfo (RoleInfo.java:shutdownLeaderElection(130)) - 1070cd50-d4de-4eff-9e7b-13f77727c4d2: shutdown 1070cd50-d4de-4eff-9e7b-13f77727c4d2@group-BBF6C343BD26-LeaderElection24
2024-04-28 12:43:58,597 [1070cd50-d4de-4eff-9e7b-13f77727c4d2@group-BBF6C343BD26-LeaderElection24] INFO  server.RaftServer$Division (RaftServerImpl.java:setRole(383)) - 1070cd50-d4de-4eff-9e7b-13f77727c4d2@group-BBF6C343BD26: changes role from CANDIDATE to LEADER at term 1 for changeToLeader
2024-04-28 12:43:58,597 [1070cd50-d4de-4eff-9e7b-13f77727c4d2@group-BBF6C343BD26-LeaderElection24] INFO  server.RaftServerConfigKeys (ConfUtils.java:logGet(46)) - raft.server.staging.catchup.gap = 1000 (default)
2024-04-28 12:43:58,598 [1070cd50-d4de-4eff-9e7b-13f77727c4d2@group-BBF6C343BD26-LeaderElection24] INFO  server.RaftServerConfigKeys (ConfUtils.java:logGet(46)) - raft.server.write.element-limit = 1024 (custom)
2024-04-28 12:43:58,598 [1070cd50-d4de-4eff-9e7b-13f77727c4d2@group-BBF6C343BD26-LeaderElection24] INFO  server.RaftServerConfigKeys (ConfUtils.java:logGet(46)) - raft.server.write.byte-limit = 1024 M (=1073741824) (custom)
2024-04-28 12:43:58,597 [1d5b270c-141e-46ec-a0c0-ed60a5ff00c9@group-7AA1DB745B26-LeaderElection23] INFO  impl.RoleInfo (RoleInfo.java:shutdownLeaderElection(130)) - 1d5b270c-141e-46ec-a0c0-ed60a5ff00c9: shutdown 1d5b270c-141e-46ec-a0c0-ed60a5ff00c9@group-7AA1DB745B26-LeaderElection23
2024-04-28 12:43:58,598 [1d5b270c-141e-46ec-a0c0-ed60a5ff00c9@group-7AA1DB745B26-LeaderElection23] INFO  server.RaftServer$Division (RaftServerImpl.java:setRole(383)) - 1d5b270c-141e-46ec-a0c0-ed60a5ff00c9@group-7AA1DB745B26: changes role from CANDIDATE to LEADER at term 1 for changeToLeader
2024-04-28 12:43:58,598 [1070cd50-d4de-4eff-9e7b-13f77727c4d2@group-BBF6C343BD26-LeaderElection24] INFO  server.RaftServerConfigKeys (ConfUtils.java:logGet(46)) - raft.server.watch.timeout = 3000ms (custom)
2024-04-28 12:43:58,598 [1070cd50-d4de-4eff-9e7b-13f77727c4d2@group-BBF6C343BD26-LeaderElection24] INFO  server.RaftServerConfigKeys (ConfUtils.java:logGet(46)) - raft.server.watch.timeout.denomination = 1s (default)
2024-04-28 12:43:58,598 [1070cd50-d4de-4eff-9e7b-13f77727c4d2@group-BBF6C343BD26-LeaderElection24] INFO  server.RaftServerConfigKeys (ConfUtils.java:logGet(46)) - raft.server.watch.element-limit = 65536 (default)
2024-04-28 12:43:58,598 [1070cd50-d4de-4eff-9e7b-13f77727c4d2@group-BBF6C343BD26-LeaderElection24] INFO  server.RaftServerConfigKeys (ConfUtils.java:logGet(46)) - raft.server.read.leader.lease.enabled = false (default)
2024-04-28 12:43:58,598 [1070cd50-d4de-4eff-9e7b-13f77727c4d2@group-BBF6C343BD26-LeaderElection24] INFO  server.RaftServerConfigKeys (ConfUtils.java:logGet(46)) - raft.server.read.leader.lease.timeout.ratio = 0.9 (default)
2024-04-28 12:43:58,598 [1070cd50-d4de-4eff-9e7b-13f77727c4d2@group-BBF6C343BD26-LeaderElection24] INFO  server.RaftServerConfigKeys (ConfUtils.java:logGet(46)) - raft.server.rpc.timeout.min = 5s (custom)
2024-04-28 12:43:58,598 [1070cd50-d4de-4eff-9e7b-13f77727c4d2@group-BBF6C343BD26-LeaderElection24] INFO  server.RaftServerConfigKeys (ConfUtils.java:logGet(46)) - raft.server.write.element-limit = 1024 (custom)
2024-04-28 12:43:58,598 [1070cd50-d4de-4eff-9e7b-13f77727c4d2@group-BBF6C343BD26-LeaderElection24] INFO  server.RaftServerConfigKeys (ConfUtils.java:logGet(46)) - raft.server.write.follower.gap.ratio.max = -1.0 (default)
2024-04-28 12:43:58,598 [1070cd50-d4de-4eff-9e7b-13f77727c4d2@group-BBF6C343BD26-LeaderElection24] INFO  impl.RoleInfo (RoleInfo.java:updateAndGet(139)) - 1070cd50-d4de-4eff-9e7b-13f77727c4d2: start 1070cd50-d4de-4eff-9e7b-13f77727c4d2@group-BBF6C343BD26-LeaderStateImpl
2024-04-28 12:43:58,598 [1070cd50-d4de-4eff-9e7b-13f77727c4d2@group-BBF6C343BD26-LeaderElection24] INFO  server.RaftServer$Division (RaftServerImpl.java:setFirstElection(574)) - 1070cd50-d4de-4eff-9e7b-13f77727c4d2@group-BBF6C343BD26: set firstElectionSinceStartup to false for becomeLeader
2024-04-28 12:43:58,598 [1070cd50-d4de-4eff-9e7b-13f77727c4d2@group-BBF6C343BD26-LeaderElection24] INFO  ratis.XceiverServerRatis (XceiverServerRatis.java:handleLeaderChangedNotification(966)) - Leader change notification received for group: group-BBF6C343BD26 with new leaderId: 1070cd50-d4de-4eff-9e7b-13f77727c4d2
2024-04-28 12:43:58,598 [1d5b270c-141e-46ec-a0c0-ed60a5ff00c9@group-7AA1DB745B26-LeaderElection23] INFO  server.RaftServerConfigKeys (ConfUtils.java:logGet(46)) - raft.server.staging.catchup.gap = 1000 (default)
2024-04-28 12:43:58,599 [1070cd50-d4de-4eff-9e7b-13f77727c4d2@group-BBF6C343BD26-LeaderElection24] INFO  server.RaftServer$Division (ServerState.java:setLeader(269)) - 1070cd50-d4de-4eff-9e7b-13f77727c4d2@group-BBF6C343BD26: change Leader from null to 1070cd50-d4de-4eff-9e7b-13f77727c4d2 at term 1 for becomeLeader, leader elected after 5064ms
2024-04-28 12:43:58,599 [1070cd50-d4de-4eff-9e7b-13f77727c4d2@group-BBF6C343BD26-LeaderElection24] INFO  segmented.SegmentedRaftLogWorker (SegmentedRaftLogWorker.java:startLogSegment(430)) - 1070cd50-d4de-4eff-9e7b-13f77727c4d2@group-BBF6C343BD26-SegmentedRaftLogWorker: Starting segment from index:0
2024-04-28 12:43:58,599 [1d5b270c-141e-46ec-a0c0-ed60a5ff00c9@group-7AA1DB745B26-LeaderElection23] INFO  server.RaftServerConfigKeys (ConfUtils.java:logGet(46)) - raft.server.write.element-limit = 1024 (custom)
2024-04-28 12:43:58,599 [1d5b270c-141e-46ec-a0c0-ed60a5ff00c9@group-7AA1DB745B26-LeaderElection23] INFO  server.RaftServerConfigKeys (ConfUtils.java:logGet(46)) - raft.server.write.byte-limit = 1024 M (=1073741824) (custom)
2024-04-28 12:43:58,599 [1070cd50-d4de-4eff-9e7b-13f77727c4d2@group-BBF6C343BD26-SegmentedRaftLogWorker] INFO  segmented.BufferedWriteChannel (BufferedWriteChannel.java:open(62)) - open log_inprogress_0 at position 0
2024-04-28 12:43:58,599 [1d5b270c-141e-46ec-a0c0-ed60a5ff00c9@group-7AA1DB745B26-LeaderElection23] INFO  server.RaftServerConfigKeys (ConfUtils.java:logGet(46)) - raft.server.watch.timeout = 3000ms (custom)
2024-04-28 12:43:58,599 [1d5b270c-141e-46ec-a0c0-ed60a5ff00c9@group-7AA1DB745B26-LeaderElection23] INFO  server.RaftServerConfigKeys (ConfUtils.java:logGet(46)) - raft.server.watch.timeout.denomination = 1s (default)
2024-04-28 12:43:58,599 [1d5b270c-141e-46ec-a0c0-ed60a5ff00c9@group-7AA1DB745B26-LeaderElection23] INFO  server.RaftServerConfigKeys (ConfUtils.java:logGet(46)) - raft.server.watch.element-limit = 65536 (default)
2024-04-28 12:43:58,599 [1d5b270c-141e-46ec-a0c0-ed60a5ff00c9@group-7AA1DB745B26-LeaderElection23] INFO  server.RaftServerConfigKeys (ConfUtils.java:logGet(46)) - raft.server.read.leader.lease.enabled = false (default)
2024-04-28 12:43:58,599 [1d5b270c-141e-46ec-a0c0-ed60a5ff00c9@group-7AA1DB745B26-LeaderElection23] INFO  server.RaftServerConfigKeys (ConfUtils.java:logGet(46)) - raft.server.read.leader.lease.timeout.ratio = 0.9 (default)
2024-04-28 12:43:58,599 [1d5b270c-141e-46ec-a0c0-ed60a5ff00c9@group-7AA1DB745B26-LeaderElection23] INFO  server.RaftServerConfigKeys (ConfUtils.java:logGet(46)) - raft.server.rpc.timeout.min = 5s (custom)
2024-04-28 12:43:58,599 [1d5b270c-141e-46ec-a0c0-ed60a5ff00c9@group-7AA1DB745B26-LeaderElection23] INFO  server.RaftServerConfigKeys (ConfUtils.java:logGet(46)) - raft.server.write.element-limit = 1024 (custom)
2024-04-28 12:43:58,599 [1d5b270c-141e-46ec-a0c0-ed60a5ff00c9@group-7AA1DB745B26-LeaderElection23] INFO  server.RaftServerConfigKeys (ConfUtils.java:logGet(46)) - raft.server.write.follower.gap.ratio.max = -1.0 (default)
2024-04-28 12:43:58,599 [1d5b270c-141e-46ec-a0c0-ed60a5ff00c9@group-7AA1DB745B26-LeaderElection23] INFO  impl.RoleInfo (RoleInfo.java:updateAndGet(139)) - 1d5b270c-141e-46ec-a0c0-ed60a5ff00c9: start 1d5b270c-141e-46ec-a0c0-ed60a5ff00c9@group-7AA1DB745B26-LeaderStateImpl
2024-04-28 12:43:58,600 [1d5b270c-141e-46ec-a0c0-ed60a5ff00c9@group-7AA1DB745B26-LeaderElection23] INFO  server.RaftServer$Division (RaftServerImpl.java:setFirstElection(574)) - 1d5b270c-141e-46ec-a0c0-ed60a5ff00c9@group-7AA1DB745B26: set firstElectionSinceStartup to false for becomeLeader
2024-04-28 12:43:58,600 [1d5b270c-141e-46ec-a0c0-ed60a5ff00c9@group-7AA1DB745B26-LeaderElection23] INFO  ratis.XceiverServerRatis (XceiverServerRatis.java:handleLeaderChangedNotification(966)) - Leader change notification received for group: group-7AA1DB745B26 with new leaderId: 1d5b270c-141e-46ec-a0c0-ed60a5ff00c9
2024-04-28 12:43:58,600 [1d5b270c-141e-46ec-a0c0-ed60a5ff00c9@group-7AA1DB745B26-LeaderElection23] INFO  server.RaftServer$Division (ServerState.java:setLeader(269)) - 1d5b270c-141e-46ec-a0c0-ed60a5ff00c9@group-7AA1DB745B26: change Leader from null to 1d5b270c-141e-46ec-a0c0-ed60a5ff00c9 at term 1 for becomeLeader, leader elected after 5142ms
2024-04-28 12:43:58,600 [1d5b270c-141e-46ec-a0c0-ed60a5ff00c9@group-7AA1DB745B26-LeaderElection23] INFO  segmented.SegmentedRaftLogWorker (SegmentedRaftLogWorker.java:startLogSegment(430)) - 1d5b270c-141e-46ec-a0c0-ed60a5ff00c9@group-7AA1DB745B26-SegmentedRaftLogWorker: Starting segment from index:0
2024-04-28 12:43:58,600 [1d5b270c-141e-46ec-a0c0-ed60a5ff00c9@group-7AA1DB745B26-LeaderElection23] INFO  server.RaftServer$Division (ServerState.java:setRaftConf(386)) - 1d5b270c-141e-46ec-a0c0-ed60a5ff00c9@group-7AA1DB745B26: set configuration 0: peers:[1d5b270c-141e-46ec-a0c0-ed60a5ff00c9|127.0.0.1:15139]|listeners:[], old=null
2024-04-28 12:43:58,600 [1d5b270c-141e-46ec-a0c0-ed60a5ff00c9@group-7AA1DB745B26-SegmentedRaftLogWorker] INFO  segmented.BufferedWriteChannel (BufferedWriteChannel.java:open(62)) - open log_inprogress_0 at position 0
2024-04-28 12:43:58,601 [1070cd50-d4de-4eff-9e7b-13f77727c4d2@group-BBF6C343BD26-LeaderElection24] INFO  server.RaftServer$Division (ServerState.java:setRaftConf(386)) - 1070cd50-d4de-4eff-9e7b-13f77727c4d2@group-BBF6C343BD26: set configuration 0: peers:[1070cd50-d4de-4eff-9e7b-13f77727c4d2|127.0.0.1:15148]|listeners:[], old=null
2024-04-28 12:43:58,611 [1070cd50-d4de-4eff-9e7b-13f77727c4d2@group-BBF6C343BD26-SegmentedRaftLogWorker] INFO  segmented.SegmentedRaftLogWorker (SegmentedRaftLogWorker.java:execute(634)) - 1070cd50-d4de-4eff-9e7b-13f77727c4d2@group-BBF6C343BD26-SegmentedRaftLogWorker: created new log segment /home/runner/work/ozone/ozone/hadoop-ozone/integration-test/target/test-dir/MiniOzoneClusterImpl-fb989876-9371-464e-b996-ece4d3fe3ecb/ozone-meta/datanode-6/ratis/a738411f-a299-4ef0-8116-bbf6c343bd26/current/log_inprogress_0
2024-04-28 12:43:58,611 [1d5b270c-141e-46ec-a0c0-ed60a5ff00c9@group-7AA1DB745B26-SegmentedRaftLogWorker] INFO  segmented.SegmentedRaftLogWorker (SegmentedRaftLogWorker.java:execute(634)) - 1d5b270c-141e-46ec-a0c0-ed60a5ff00c9@group-7AA1DB745B26-SegmentedRaftLogWorker: created new log segment /home/runner/work/ozone/ozone/hadoop-ozone/integration-test/target/test-dir/MiniOzoneClusterImpl-fb989876-9371-464e-b996-ece4d3fe3ecb/ozone-meta/datanode-5/ratis/3098f1ed-9f27-4197-9e75-7aa1db745b26/current/log_inprogress_0
2024-04-28 12:43:58,612 [1070cd50-d4de-4eff-9e7b-13f77727c4d2@group-BBF6C343BD26-StateMachineUpdater] INFO  server.RaftServer$Division (LeaderStateImpl.java:isApplied(320)) - leader is ready since appliedIndex == 0 >= startIndex == 0
2024-04-28 12:43:58,612 [1d5b270c-141e-46ec-a0c0-ed60a5ff00c9@group-7AA1DB745B26-StateMachineUpdater] INFO  server.RaftServer$Division (LeaderStateImpl.java:isApplied(320)) - leader is ready since appliedIndex == 0 >= startIndex == 0
2024-04-28 12:43:58,650 [59f7e7ee-27c3-4dbc-8a0c-a3c2dbd1352c@group-E75D70240EB6-FollowerState] INFO  impl.FollowerState (FollowerState.java:run(143)) - 59f7e7ee-27c3-4dbc-8a0c-a3c2dbd1352c@group-E75D70240EB6-FollowerState: change to CANDIDATE, lastRpcElapsedTime:5002926197ns, electionTimeout:5002ms
2024-04-28 12:43:58,650 [59f7e7ee-27c3-4dbc-8a0c-a3c2dbd1352c@group-E75D70240EB6-FollowerState] INFO  impl.RoleInfo (RoleInfo.java:shutdownFollowerState(110)) - 59f7e7ee-27c3-4dbc-8a0c-a3c2dbd1352c: shutdown 59f7e7ee-27c3-4dbc-8a0c-a3c2dbd1352c@group-E75D70240EB6-FollowerState
2024-04-28 12:43:58,650 [59f7e7ee-27c3-4dbc-8a0c-a3c2dbd1352c@group-E75D70240EB6-FollowerState] INFO  server.RaftServer$Division (RaftServerImpl.java:setRole(383)) - 59f7e7ee-27c3-4dbc-8a0c-a3c2dbd1352c@group-E75D70240EB6: changes role from  FOLLOWER to CANDIDATE at term 0 for changeToCandidate
2024-04-28 12:43:58,650 [59f7e7ee-27c3-4dbc-8a0c-a3c2dbd1352c@group-E75D70240EB6-FollowerState] INFO  server.RaftServerConfigKeys (ConfUtils.java:logGet(46)) - raft.server.leaderelection.pre-vote = true (default)
2024-04-28 12:43:58,650 [59f7e7ee-27c3-4dbc-8a0c-a3c2dbd1352c@group-E75D70240EB6-FollowerState] INFO  impl.RoleInfo (RoleInfo.java:updateAndGet(139)) - 59f7e7ee-27c3-4dbc-8a0c-a3c2dbd1352c: start 59f7e7ee-27c3-4dbc-8a0c-a3c2dbd1352c@group-E75D70240EB6-LeaderElection25
2024-04-28 12:43:58,651 [59f7e7ee-27c3-4dbc-8a0c-a3c2dbd1352c@group-E75D70240EB6-LeaderElection25] INFO  impl.LeaderElection (LeaderElection.java:askForVotes(321)) - 59f7e7ee-27c3-4dbc-8a0c-a3c2dbd1352c@group-E75D70240EB6-LeaderElection25 PRE_VOTE round 0: submit vote requests at term 0 for -1: peers:[0f39c21b-d5b1-40df-b9b4-e74314e680e2|127.0.0.1:15166, 59f7e7ee-27c3-4dbc-8a0c-a3c2dbd1352c|127.0.0.1:15157, bc7e9acf-0dfc-47a3-8dfb-4b83deb456d1|127.0.0.1:15175]|listeners:[], old=null
2024-04-28 12:43:58,651 [59f7e7ee-27c3-4dbc-8a0c-a3c2dbd1352c@group-E75D70240EB6-LeaderElection25-1] INFO  server.GrpcServerProtocolClient (GrpcServerProtocolClient.java:<init>(65)) - Build channel for 0f39c21b-d5b1-40df-b9b4-e74314e680e2|127.0.0.1:15166
2024-04-28 12:43:58,651 [59f7e7ee-27c3-4dbc-8a0c-a3c2dbd1352c@group-E75D70240EB6-LeaderElection25-2] INFO  server.GrpcServerProtocolClient (GrpcServerProtocolClient.java:<init>(65)) - Build channel for bc7e9acf-0dfc-47a3-8dfb-4b83deb456d1|127.0.0.1:15175
2024-04-28 12:43:58,651 [59f7e7ee-27c3-4dbc-8a0c-a3c2dbd1352c@group-E75D70240EB6-LeaderElection25] INFO  server.RaftServerConfigKeys (ConfUtils.java:logFallback(53)) - raft.server.rpc.first-election.timeout.min = 5s (fallback to raft.server.rpc.timeout.min)
2024-04-28 12:43:58,651 [59f7e7ee-27c3-4dbc-8a0c-a3c2dbd1352c@group-E75D70240EB6-LeaderElection25] INFO  server.RaftServerConfigKeys (ConfUtils.java:logFallback(53)) - raft.server.rpc.first-election.timeout.max = 5200ms (fallback to raft.server.rpc.timeout.max)
2024-04-28 12:43:58,656 [grpc-default-executor-0] INFO  server.RaftServer$Division (RaftServerImpl.java:requestVote(1389)) - 0f39c21b-d5b1-40df-b9b4-e74314e680e2@group-E75D70240EB6: receive requestVote(PRE_VOTE, 59f7e7ee-27c3-4dbc-8a0c-a3c2dbd1352c, group-E75D70240EB6, 0, (t:0, i:0))
2024-04-28 12:43:58,656 [grpc-default-executor-0] INFO  impl.VoteContext (VoteContext.java:log(49)) - 0f39c21b-d5b1-40df-b9b4-e74314e680e2@group-E75D70240EB6-FOLLOWER: accept PRE_VOTE from 59f7e7ee-27c3-4dbc-8a0c-a3c2dbd1352c: our priority 0 <= candidate's priority 0
2024-04-28 12:43:58,656 [grpc-default-executor-0] INFO  server.RaftServer$Division (RaftServerImpl.java:requestVote(1422)) - 0f39c21b-d5b1-40df-b9b4-e74314e680e2@group-E75D70240EB6 replies to PRE_VOTE vote request: 59f7e7ee-27c3-4dbc-8a0c-a3c2dbd1352c<-0f39c21b-d5b1-40df-b9b4-e74314e680e2#0:OK-t0. Peer's state: 0f39c21b-d5b1-40df-b9b4-e74314e680e2@group-E75D70240EB6:t0, leader=null, voted=, raftlog=Memoized:0f39c21b-d5b1-40df-b9b4-e74314e680e2@group-E75D70240EB6-SegmentedRaftLog:OPENED:c-1, conf=-1: peers:[0f39c21b-d5b1-40df-b9b4-e74314e680e2|127.0.0.1:15166, 59f7e7ee-27c3-4dbc-8a0c-a3c2dbd1352c|127.0.0.1:15157, bc7e9acf-0dfc-47a3-8dfb-4b83deb456d1|127.0.0.1:15175]|listeners:[], old=null
2024-04-28 12:43:58,656 [grpc-default-executor-3] INFO  server.RaftServer$Division (RaftServerImpl.java:requestVote(1389)) - bc7e9acf-0dfc-47a3-8dfb-4b83deb456d1@group-E75D70240EB6: receive requestVote(PRE_VOTE, 59f7e7ee-27c3-4dbc-8a0c-a3c2dbd1352c, group-E75D70240EB6, 0, (t:0, i:0))
2024-04-28 12:43:58,657 [grpc-default-executor-3] INFO  impl.VoteContext (VoteContext.java:log(49)) - bc7e9acf-0dfc-47a3-8dfb-4b83deb456d1@group-E75D70240EB6-FOLLOWER: reject PRE_VOTE from 59f7e7ee-27c3-4dbc-8a0c-a3c2dbd1352c: our priority 1 > candidate's priority 0
2024-04-28 12:43:58,657 [grpc-default-executor-3] INFO  server.RaftServer$Division (RaftServerImpl.java:requestVote(1422)) - bc7e9acf-0dfc-47a3-8dfb-4b83deb456d1@group-E75D70240EB6 replies to PRE_VOTE vote request: 59f7e7ee-27c3-4dbc-8a0c-a3c2dbd1352c<-bc7e9acf-0dfc-47a3-8dfb-4b83deb456d1#0:FAIL-t0. Peer's state: bc7e9acf-0dfc-47a3-8dfb-4b83deb456d1@group-E75D70240EB6:t0, leader=null, voted=, raftlog=Memoized:bc7e9acf-0dfc-47a3-8dfb-4b83deb456d1@group-E75D70240EB6-SegmentedRaftLog:OPENED:c-1, conf=-1: peers:[0f39c21b-d5b1-40df-b9b4-e74314e680e2|127.0.0.1:15166, 59f7e7ee-27c3-4dbc-8a0c-a3c2dbd1352c|127.0.0.1:15157, bc7e9acf-0dfc-47a3-8dfb-4b83deb456d1|127.0.0.1:15175]|listeners:[], old=null
2024-04-28 12:43:58,657 [59f7e7ee-27c3-4dbc-8a0c-a3c2dbd1352c@group-E75D70240EB6-LeaderElection25] INFO  impl.LeaderElection (LeaderElection.java:logAndReturn(89)) - 59f7e7ee-27c3-4dbc-8a0c-a3c2dbd1352c@group-E75D70240EB6-LeaderElection25: PRE_VOTE REJECTED received 2 response(s) and 0 exception(s):
2024-04-28 12:43:58,657 [59f7e7ee-27c3-4dbc-8a0c-a3c2dbd1352c@group-E75D70240EB6-LeaderElection25] INFO  impl.LeaderElection (LeaderElection.java:logAndReturn(93)) -   Response 0: 59f7e7ee-27c3-4dbc-8a0c-a3c2dbd1352c<-0f39c21b-d5b1-40df-b9b4-e74314e680e2#0:OK-t0
2024-04-28 12:43:58,658 [59f7e7ee-27c3-4dbc-8a0c-a3c2dbd1352c@group-E75D70240EB6-LeaderElection25] INFO  impl.LeaderElection (LeaderElection.java:logAndReturn(93)) -   Response 1: 59f7e7ee-27c3-4dbc-8a0c-a3c2dbd1352c<-bc7e9acf-0dfc-47a3-8dfb-4b83deb456d1#0:FAIL-t0
2024-04-28 12:43:58,658 [59f7e7ee-27c3-4dbc-8a0c-a3c2dbd1352c@group-E75D70240EB6-LeaderElection25] INFO  impl.LeaderElection (LeaderElection.java:askForVotes(323)) - 59f7e7ee-27c3-4dbc-8a0c-a3c2dbd1352c@group-E75D70240EB6-LeaderElection25 PRE_VOTE round 0: result REJECTED
2024-04-28 12:43:58,658 [59f7e7ee-27c3-4dbc-8a0c-a3c2dbd1352c@group-E75D70240EB6-LeaderElection25] INFO  server.RaftServer$Division (RaftServerImpl.java:setRole(383)) - 59f7e7ee-27c3-4dbc-8a0c-a3c2dbd1352c@group-E75D70240EB6: changes role from CANDIDATE to FOLLOWER at term 0 for REJECTED
2024-04-28 12:43:58,658 [59f7e7ee-27c3-4dbc-8a0c-a3c2dbd1352c@group-E75D70240EB6-LeaderElection25] INFO  impl.RoleInfo (RoleInfo.java:shutdownLeaderElection(130)) - 59f7e7ee-27c3-4dbc-8a0c-a3c2dbd1352c: shutdown 59f7e7ee-27c3-4dbc-8a0c-a3c2dbd1352c@group-E75D70240EB6-LeaderElection25
2024-04-28 12:43:58,658 [59f7e7ee-27c3-4dbc-8a0c-a3c2dbd1352c@group-E75D70240EB6-LeaderElection25] INFO  impl.RoleInfo (RoleInfo.java:updateAndGet(139)) - 59f7e7ee-27c3-4dbc-8a0c-a3c2dbd1352c: start 59f7e7ee-27c3-4dbc-8a0c-a3c2dbd1352c@group-E75D70240EB6-FollowerState
2024-04-28 12:43:58,658 [59f7e7ee-27c3-4dbc-8a0c-a3c2dbd1352c@group-E75D70240EB6-LeaderElection25] INFO  server.RaftServer$Division (RaftServerImpl.java:setFirstElection(574)) - 59f7e7ee-27c3-4dbc-8a0c-a3c2dbd1352c@group-E75D70240EB6: set firstElectionSinceStartup to false for REJECTED
2024-04-28 12:43:58,754 [main] INFO  ozone.MiniOzoneClusterImpl (MiniOzoneClusterImpl.java:lambda$waitForClusterToBeReady$0(194)) - Nodes are ready. Got 9 of 9 DN Heartbeats.
2024-04-28 12:43:58,754 [main] INFO  ozone.MiniOzoneClusterImpl (MiniOzoneClusterImpl.java:lambda$waitForClusterToBeReady$0(197)) - Cluster exits safe mode
2024-04-28 12:43:58,755 [main] INFO  ozone.MiniOzoneClusterImpl (MiniOzoneClusterImpl.java:lambda$waitForClusterToBeReady$0(199)) - SCM became leader
2024-04-28 12:43:58,755 [main] INFO  protocolPB.OmTransportFactory (OmTransportFactory.java:createFactory(62)) - Loading OM transport implementation org.apache.hadoop.ozone.om.protocolPB.Hadoop3OmTransportFactory as specified by configuration.
2024-04-28 12:43:58,759 [main] INFO  rpc.RpcClient (RpcClient.java:createVolume(470)) - Creating Volume: watchforcommithandlingtest, with runner as owner and space quota set to -1 bytes, counts quota set to -1
2024-04-28 12:43:58,762 [om1-OMStateMachineApplyTransactionThread - 0] INFO  volume.OMVolumeCreateRequest (OMVolumeCreateRequest.java:validateAndUpdateCache(198)) - created volume:watchforcommithandlingtest for user:runner
2024-04-28 12:43:58,764 [main] INFO  rpc.RpcClient (RpcClient.java:createBucket(696)) - Creating Bucket: watchforcommithandlingtest/watchforcommithandlingtest, with server-side default bucket layout, runner as owner, Versioning false, Storage Type set to DISK and Encryption set to false, Replication Type set to server-side default replication type, Namespace Quota set to -1, Space Quota set to -1 
2024-04-28 12:43:58,767 [om1-OMStateMachineApplyTransactionThread - 0] INFO  bucket.OMBucketCreateRequest (OMBucketCreateRequest.java:validateAndUpdateCache(293)) - created bucket: watchforcommithandlingtest of layout FILE_SYSTEM_OPTIMIZED in volume: watchforcommithandlingtest
2024-04-28 12:43:58,772 [IPC Server handler 2 on default port 15089] INFO  ha.SequenceIdGenerator (SequenceIdGenerator.java:getNextId(145)) - Allocate a batch for containerId, change lastId from 0 to 1000.
2024-04-28 12:43:58,792 [main] INFO  ozoneimpl.OzoneContainer (OzoneContainer.java:stop(481)) - Attempting to stop container services.
2024-04-28 12:43:58,793 [ContainerMetadataScanner] WARN  ozoneimpl.AbstractBackgroundContainerScanner (AbstractBackgroundContainerScanner.java:handleRemainingSleep(134)) - Background container scan was interrupted.
2024-04-28 12:43:58,793 [ContainerMetadataScanner] INFO  ozoneimpl.AbstractBackgroundContainerScanner (AbstractBackgroundContainerScanner.java:run(61)) - Thread[ContainerMetadataScanner,5,main] exiting.
2024-04-28 12:43:58,793 [main] INFO  ozoneimpl.BackgroundContainerDataScanner (BackgroundContainerDataScanner.java:shutdown(141)) - ContainerDataScanner(/home/runner/work/ozone/ozone/hadoop-ozone/integration-test/target/test-dir/MiniOzoneClusterImpl-fb989876-9371-464e-b996-ece4d3fe3ecb/ozone-meta/datanode-1/data-0/hdds) is shutting down. 
2024-04-28 12:43:58,794 [ContainerDataScanner(/home/runner/work/ozone/ozone/hadoop-ozone/integration-test/target/test-dir/MiniOzoneClusterImpl-fb989876-9371-464e-b996-ece4d3fe3ecb/ozone-meta/datanode-1/data-0/hdds)] WARN  ozoneimpl.AbstractBackgroundContainerScanner (AbstractBackgroundContainerScanner.java:handleRemainingSleep(134)) - Background container scan was interrupted.
2024-04-28 12:43:58,794 [ContainerDataScanner(/home/runner/work/ozone/ozone/hadoop-ozone/integration-test/target/test-dir/MiniOzoneClusterImpl-fb989876-9371-464e-b996-ece4d3fe3ecb/ozone-meta/datanode-1/data-0/hdds)] INFO  ozoneimpl.AbstractBackgroundContainerScanner (AbstractBackgroundContainerScanner.java:run(61)) - ContainerDataScanner(/home/runner/work/ozone/ozone/hadoop-ozone/integration-test/target/test-dir/MiniOzoneClusterImpl-fb989876-9371-464e-b996-ece4d3fe3ecb/ozone-meta/datanode-1/data-0/hdds, DS-4e9f5c95-69f1-4061-a030-37237a4e7032) exiting.
2024-04-28 12:43:58,794 [main] INFO  ozoneimpl.OnDemandContainerDataScanner (OnDemandContainerDataScanner.java:shutdownScanner(206)) - On-demand container scanner is shutting down.
2024-04-28 12:43:58,794 [main] INFO  server.RaftServer (RaftServerProxy.java:lambda$close$9(416)) - 53f12868-9e08-461f-b1df-8616d22e03b0: close
2024-04-28 12:43:58,794 [53f12868-9e08-461f-b1df-8616d22e03b0-impl-thread1] INFO  server.RaftServer$Division (RaftServerImpl.java:lambda$close$3(526)) - 53f12868-9e08-461f-b1df-8616d22e03b0@group-64502A0FA25A: shutdown
2024-04-28 12:43:58,795 [53f12868-9e08-461f-b1df-8616d22e03b0-impl-thread1] INFO  util.JmxRegister (JmxRegister.java:unregister(73)) - Successfully un-registered JMX Bean with object name Ratis:service=RaftServer,group=group-64502A0FA25A,id=53f12868-9e08-461f-b1df-8616d22e03b0
2024-04-28 12:43:58,795 [main] INFO  server.GrpcService (GrpcService.java:closeImpl(311)) - 53f12868-9e08-461f-b1df-8616d22e03b0: shutdown server org.apache.ratis.grpc.server.GrpcClientProtocolService now
2024-04-28 12:43:58,795 [53f12868-9e08-461f-b1df-8616d22e03b0-impl-thread2] INFO  server.RaftServer$Division (RaftServerImpl.java:lambda$close$3(526)) - 53f12868-9e08-461f-b1df-8616d22e03b0@group-C697AFB1141A: shutdown
2024-04-28 12:43:58,795 [53f12868-9e08-461f-b1df-8616d22e03b0-impl-thread1] INFO  impl.RoleInfo (RoleInfo.java:shutdownFollowerState(110)) - 53f12868-9e08-461f-b1df-8616d22e03b0: shutdown 53f12868-9e08-461f-b1df-8616d22e03b0@group-64502A0FA25A-FollowerState
2024-04-28 12:43:58,795 [53f12868-9e08-461f-b1df-8616d22e03b0-impl-thread1] INFO  impl.StateMachineUpdater (StateMachineUpdater.java:stopAndJoin(157)) - 53f12868-9e08-461f-b1df-8616d22e03b0@group-64502A0FA25A-StateMachineUpdater: set stopIndex = 1
2024-04-28 12:43:58,796 [53f12868-9e08-461f-b1df-8616d22e03b0@group-64502A0FA25A-StateMachineUpdater] INFO  ratis.ContainerStateMachine (ContainerStateMachine.java:takeSnapshot(355)) - group-64502A0FA25A: Taking a snapshot at:(t:1, i:1) file /home/runner/work/ozone/ozone/hadoop-ozone/integration-test/target/test-dir/MiniOzoneClusterImpl-fb989876-9371-464e-b996-ece4d3fe3ecb/ozone-meta/datanode-1/ratis/989d9bce-39bb-4444-b4fa-64502a0fa25a/sm/snapshot.1_1
2024-04-28 12:43:58,796 [53f12868-9e08-461f-b1df-8616d22e03b0@group-64502A0FA25A-StateMachineUpdater] INFO  ratis.ContainerStateMachine (ContainerStateMachine.java:takeSnapshot(366)) - group-64502A0FA25A: Finished taking a snapshot at:(t:1, i:1) file:/home/runner/work/ozone/ozone/hadoop-ozone/integration-test/target/test-dir/MiniOzoneClusterImpl-fb989876-9371-464e-b996-ece4d3fe3ecb/ozone-meta/datanode-1/ratis/989d9bce-39bb-4444-b4fa-64502a0fa25a/sm/snapshot.1_1 took: 1 ms
2024-04-28 12:43:58,796 [53f12868-9e08-461f-b1df-8616d22e03b0@group-64502A0FA25A-StateMachineUpdater] INFO  impl.StateMachineUpdater (StateMachineUpdater.java:takeSnapshot(295)) - 53f12868-9e08-461f-b1df-8616d22e03b0@group-64502A0FA25A-StateMachineUpdater: Took a snapshot at index 1
2024-04-28 12:43:58,796 [53f12868-9e08-461f-b1df-8616d22e03b0@group-64502A0FA25A-StateMachineUpdater] INFO  impl.StateMachineUpdater (StateMachineUpdater.java:lambda$new$0(98)) - 53f12868-9e08-461f-b1df-8616d22e03b0@group-64502A0FA25A-StateMachineUpdater: snapshotIndex: updateIncreasingly -1 -> 1
2024-04-28 12:43:58,797 [53f12868-9e08-461f-b1df-8616d22e03b0-impl-thread1] INFO  server.RaftServer$Division (ServerState.java:close(427)) - 53f12868-9e08-461f-b1df-8616d22e03b0@group-64502A0FA25A: applyIndex: 1
2024-04-28 12:43:58,797 [53f12868-9e08-461f-b1df-8616d22e03b0@group-64502A0FA25A-cacheEviction-AwaitToRun] INFO  util.AwaitToRun (AwaitToRun.java:run(49)) - 53f12868-9e08-461f-b1df-8616d22e03b0@group-64502A0FA25A-cacheEviction-AwaitToRun-AwaitForSignal is interrupted
2024-04-28 12:43:58,795 [53f12868-9e08-461f-b1df-8616d22e03b0-impl-thread2] INFO  util.JmxRegister (JmxRegister.java:unregister(73)) - Successfully un-registered JMX Bean with object name Ratis:service=RaftServer,group=group-C697AFB1141A,id=53f12868-9e08-461f-b1df-8616d22e03b0
2024-04-28 12:43:58,797 [53f12868-9e08-461f-b1df-8616d22e03b0-impl-thread2] INFO  impl.RoleInfo (RoleInfo.java:shutdownLeaderState(94)) - 53f12868-9e08-461f-b1df-8616d22e03b0: shutdown 53f12868-9e08-461f-b1df-8616d22e03b0@group-C697AFB1141A-LeaderStateImpl
2024-04-28 12:43:58,795 [53f12868-9e08-461f-b1df-8616d22e03b0@group-64502A0FA25A-FollowerState] INFO  impl.FollowerState (FollowerState.java:run(152)) - 53f12868-9e08-461f-b1df-8616d22e03b0@group-64502A0FA25A-FollowerState was interrupted
2024-04-28 12:43:58,797 [53f12868-9e08-461f-b1df-8616d22e03b0-impl-thread2] INFO  impl.PendingRequests (PendingRequests.java:sendNotLeaderResponses(289)) - 53f12868-9e08-461f-b1df-8616d22e03b0@group-C697AFB1141A-PendingRequests: sendNotLeaderResponses
2024-04-28 12:43:58,798 [53f12868-9e08-461f-b1df-8616d22e03b0-impl-thread2] INFO  impl.StateMachineUpdater (StateMachineUpdater.java:stopAndJoin(157)) - 53f12868-9e08-461f-b1df-8616d22e03b0@group-C697AFB1141A-StateMachineUpdater: set stopIndex = 0
2024-04-28 12:43:58,798 [53f12868-9e08-461f-b1df-8616d22e03b0@group-C697AFB1141A-StateMachineUpdater] INFO  ratis.ContainerStateMachine (ContainerStateMachine.java:takeSnapshot(355)) - group-C697AFB1141A: Taking a snapshot at:(t:1, i:0) file /home/runner/work/ozone/ozone/hadoop-ozone/integration-test/target/test-dir/MiniOzoneClusterImpl-fb989876-9371-464e-b996-ece4d3fe3ecb/ozone-meta/datanode-1/ratis/36285d89-3fd5-498b-9d95-c697afb1141a/sm/snapshot.1_0
2024-04-28 12:43:58,798 [53f12868-9e08-461f-b1df-8616d22e03b0@group-C697AFB1141A-StateMachineUpdater] INFO  ratis.ContainerStateMachine (ContainerStateMachine.java:takeSnapshot(366)) - group-C697AFB1141A: Finished taking a snapshot at:(t:1, i:0) file:/home/runner/work/ozone/ozone/hadoop-ozone/integration-test/target/test-dir/MiniOzoneClusterImpl-fb989876-9371-464e-b996-ece4d3fe3ecb/ozone-meta/datanode-1/ratis/36285d89-3fd5-498b-9d95-c697afb1141a/sm/snapshot.1_0 took: 1 ms
2024-04-28 12:43:58,798 [53f12868-9e08-461f-b1df-8616d22e03b0@group-C697AFB1141A-StateMachineUpdater] INFO  impl.StateMachineUpdater (StateMachineUpdater.java:takeSnapshot(295)) - 53f12868-9e08-461f-b1df-8616d22e03b0@group-C697AFB1141A-StateMachineUpdater: Took a snapshot at index 0
2024-04-28 12:43:58,798 [53f12868-9e08-461f-b1df-8616d22e03b0@group-C697AFB1141A-StateMachineUpdater] INFO  impl.StateMachineUpdater (StateMachineUpdater.java:lambda$new$0(98)) - 53f12868-9e08-461f-b1df-8616d22e03b0@group-C697AFB1141A-StateMachineUpdater: snapshotIndex: updateIncreasingly -1 -> 0
2024-04-28 12:43:58,799 [53f12868-9e08-461f-b1df-8616d22e03b0-impl-thread2] INFO  server.RaftServer$Division (ServerState.java:close(427)) - 53f12868-9e08-461f-b1df-8616d22e03b0@group-C697AFB1141A: applyIndex: 0
2024-04-28 12:43:58,799 [53f12868-9e08-461f-b1df-8616d22e03b0@group-C697AFB1141A-cacheEviction-AwaitToRun] INFO  util.AwaitToRun (AwaitToRun.java:run(49)) - 53f12868-9e08-461f-b1df-8616d22e03b0@group-C697AFB1141A-cacheEviction-AwaitToRun-AwaitForSignal is interrupted
2024-04-28 12:43:58,799 [main] INFO  server.GrpcService (GrpcService.java:closeImpl(320)) - 53f12868-9e08-461f-b1df-8616d22e03b0: shutdown server org.apache.ratis.grpc.server.GrpcClientProtocolService successfully
2024-04-28 12:43:58,799 [main] INFO  server.GrpcService (GrpcService.java:closeImpl(311)) - 53f12868-9e08-461f-b1df-8616d22e03b0: shutdown server GrpcServerProtocolService now
2024-04-28 12:43:58,800 [grpc-default-executor-2] WARN  server.GrpcServerProtocolService (LogUtils.java:warn(121)) - 53f12868-9e08-461f-b1df-8616d22e03b0: APPEND_ENTRIES onError, lastRequest: null: org.apache.ratis.thirdparty.io.grpc.StatusRuntimeException: CANCELLED: client cancelled
2024-04-28 12:43:58,800 [grpc-default-executor-1] WARN  server.GrpcLogAppender (LogUtils.java:warn(121)) - e9c86f68-3649-4446-905a-585a397e3574@group-64502A0FA25A->53f12868-9e08-461f-b1df-8616d22e03b0-AppendLogResponseHandler: Failed appendEntries: org.apache.ratis.thirdparty.io.grpc.StatusRuntimeException: CANCELLED: RST_STREAM closed stream. HTTP/2 error code: CANCEL
2024-04-28 12:43:58,800 [grpc-default-executor-1] WARN  server.GrpcLogAppender (GrpcLogAppender.java:lambda$resetClient$1(217)) - e9c86f68-3649-4446-905a-585a397e3574@group-64502A0FA25A->53f12868-9e08-461f-b1df-8616d22e03b0-GrpcLogAppender: Follower failed (request=null, errorCount=1); keep nextIndex (3) unchanged and retry.
2024-04-28 12:43:58,801 [grpc-default-executor-0] WARN  server.GrpcServerProtocolService (LogUtils.java:warn(121)) - 53f12868-9e08-461f-b1df-8616d22e03b0: APPEND_ENTRIES onError, lastRequest: e9c86f68-3649-4446-905a-585a397e3574->53f12868-9e08-461f-b1df-8616d22e03b0#6-t1,previous=(t:1, i:1),leaderCommit=1,initializing? false,entries: size=1, first=(t:1, i:2), METADATAENTRY(c:1): org.apache.ratis.thirdparty.io.grpc.StatusRuntimeException: CANCELLED: client cancelled
2024-04-28 12:43:58,801 [main] INFO  server.GrpcService (GrpcService.java:closeImpl(320)) - 53f12868-9e08-461f-b1df-8616d22e03b0: shutdown server GrpcServerProtocolService successfully
2024-04-28 12:43:58,801 [main] INFO  server.GrpcService (GrpcService.java:closeImpl(311)) - 53f12868-9e08-461f-b1df-8616d22e03b0: shutdown server org.apache.ratis.grpc.server.GrpcAdminProtocolService now
2024-04-28 12:43:58,802 [bc7e9acf-0dfc-47a3-8dfb-4b83deb456d1@group-E55755602824-FollowerState] INFO  impl.FollowerState (FollowerState.java:run(143)) - bc7e9acf-0dfc-47a3-8dfb-4b83deb456d1@group-E55755602824-FollowerState: change to CANDIDATE, lastRpcElapsedTime:5038507952ns, electionTimeout:5038ms
2024-04-28 12:43:58,802 [bc7e9acf-0dfc-47a3-8dfb-4b83deb456d1@group-E55755602824-FollowerState] INFO  impl.RoleInfo (RoleInfo.java:shutdownFollowerState(110)) - bc7e9acf-0dfc-47a3-8dfb-4b83deb456d1: shutdown bc7e9acf-0dfc-47a3-8dfb-4b83deb456d1@group-E55755602824-FollowerState
2024-04-28 12:43:58,802 [bc7e9acf-0dfc-47a3-8dfb-4b83deb456d1@group-E55755602824-FollowerState] INFO  server.RaftServer$Division (RaftServerImpl.java:setRole(383)) - bc7e9acf-0dfc-47a3-8dfb-4b83deb456d1@group-E55755602824: changes role from  FOLLOWER to CANDIDATE at term 0 for changeToCandidate
2024-04-28 12:43:58,802 [bc7e9acf-0dfc-47a3-8dfb-4b83deb456d1@group-E55755602824-FollowerState] INFO  server.RaftServerConfigKeys (ConfUtils.java:logGet(46)) - raft.server.leaderelection.pre-vote = true (default)
2024-04-28 12:43:58,802 [bc7e9acf-0dfc-47a3-8dfb-4b83deb456d1@group-E55755602824-FollowerState] INFO  impl.RoleInfo (RoleInfo.java:updateAndGet(139)) - bc7e9acf-0dfc-47a3-8dfb-4b83deb456d1: start bc7e9acf-0dfc-47a3-8dfb-4b83deb456d1@group-E55755602824-LeaderElection26
2024-04-28 12:43:58,803 [bc7e9acf-0dfc-47a3-8dfb-4b83deb456d1@group-E55755602824-LeaderElection26] INFO  impl.LeaderElection (LeaderElection.java:askForVotes(321)) - bc7e9acf-0dfc-47a3-8dfb-4b83deb456d1@group-E55755602824-LeaderElection26 PRE_VOTE round 0: submit vote requests at term 0 for -1: peers:[bc7e9acf-0dfc-47a3-8dfb-4b83deb456d1|127.0.0.1:15175]|listeners:[], old=null
2024-04-28 12:43:58,803 [bc7e9acf-0dfc-47a3-8dfb-4b83deb456d1@group-E55755602824-LeaderElection26] INFO  impl.LeaderElection (LeaderElection.java:askForVotes(323)) - bc7e9acf-0dfc-47a3-8dfb-4b83deb456d1@group-E55755602824-LeaderElection26 PRE_VOTE round 0: result PASSED (term=0)
2024-04-28 12:43:58,803 [main] INFO  server.GrpcService (GrpcService.java:closeImpl(320)) - 53f12868-9e08-461f-b1df-8616d22e03b0: shutdown server org.apache.ratis.grpc.server.GrpcAdminProtocolService successfully
2024-04-28 12:43:58,804 [bc7e9acf-0dfc-47a3-8dfb-4b83deb456d1@group-E55755602824-LeaderElection26] INFO  impl.LeaderElection (LeaderElection.java:askForVotes(321)) - bc7e9acf-0dfc-47a3-8dfb-4b83deb456d1@group-E55755602824-LeaderElection26 ELECTION round 0: submit vote requests at term 1 for -1: peers:[bc7e9acf-0dfc-47a3-8dfb-4b83deb456d1|127.0.0.1:15175]|listeners:[], old=null
2024-04-28 12:43:58,804 [bc7e9acf-0dfc-47a3-8dfb-4b83deb456d1@group-E55755602824-LeaderElection26] INFO  impl.LeaderElection (LeaderElection.java:askForVotes(323)) - bc7e9acf-0dfc-47a3-8dfb-4b83deb456d1@group-E55755602824-LeaderElection26 ELECTION round 0: result PASSED (term=1)
2024-04-28 12:43:58,804 [bc7e9acf-0dfc-47a3-8dfb-4b83deb456d1@group-E55755602824-LeaderElection26] INFO  impl.RoleInfo (RoleInfo.java:shutdownLeaderElection(130)) - bc7e9acf-0dfc-47a3-8dfb-4b83deb456d1: shutdown bc7e9acf-0dfc-47a3-8dfb-4b83deb456d1@group-E55755602824-LeaderElection26
2024-04-28 12:43:58,804 [bc7e9acf-0dfc-47a3-8dfb-4b83deb456d1@group-E55755602824-LeaderElection26] INFO  server.RaftServer$Division (RaftServerImpl.java:setRole(383)) - bc7e9acf-0dfc-47a3-8dfb-4b83deb456d1@group-E55755602824: changes role from CANDIDATE to LEADER at term 1 for changeToLeader
2024-04-28 12:43:58,804 [bc7e9acf-0dfc-47a3-8dfb-4b83deb456d1@group-E55755602824-LeaderElection26] INFO  server.RaftServerConfigKeys (ConfUtils.java:logGet(46)) - raft.server.staging.catchup.gap = 1000 (default)
2024-04-28 12:43:58,804 [bc7e9acf-0dfc-47a3-8dfb-4b83deb456d1@group-E55755602824-LeaderElection26] INFO  server.RaftServerConfigKeys (ConfUtils.java:logGet(46)) - raft.server.write.element-limit = 1024 (custom)
2024-04-28 12:43:58,804 [bc7e9acf-0dfc-47a3-8dfb-4b83deb456d1@group-E55755602824-LeaderElection26] INFO  server.RaftServerConfigKeys (ConfUtils.java:logGet(46)) - raft.server.write.byte-limit = 1024 M (=1073741824) (custom)
2024-04-28 12:43:58,805 [bc7e9acf-0dfc-47a3-8dfb-4b83deb456d1@group-E55755602824-LeaderElection26] INFO  server.RaftServerConfigKeys (ConfUtils.java:logGet(46)) - raft.server.watch.timeout = 3000ms (custom)
2024-04-28 12:43:58,805 [bc7e9acf-0dfc-47a3-8dfb-4b83deb456d1@group-E55755602824-LeaderElection26] INFO  server.RaftServerConfigKeys (ConfUtils.java:logGet(46)) - raft.server.watch.timeout.denomination = 1s (default)
2024-04-28 12:43:58,805 [bc7e9acf-0dfc-47a3-8dfb-4b83deb456d1@group-E55755602824-LeaderElection26] INFO  server.RaftServerConfigKeys (ConfUtils.java:logGet(46)) - raft.server.watch.element-limit = 65536 (default)
2024-04-28 12:43:58,805 [bc7e9acf-0dfc-47a3-8dfb-4b83deb456d1@group-E55755602824-LeaderElection26] INFO  server.RaftServerConfigKeys (ConfUtils.java:logGet(46)) - raft.server.read.leader.lease.enabled = false (default)
2024-04-28 12:43:58,805 [bc7e9acf-0dfc-47a3-8dfb-4b83deb456d1@group-E55755602824-LeaderElection26] INFO  server.RaftServerConfigKeys (ConfUtils.java:logGet(46)) - raft.server.read.leader.lease.timeout.ratio = 0.9 (default)
2024-04-28 12:43:58,805 [bc7e9acf-0dfc-47a3-8dfb-4b83deb456d1@group-E55755602824-LeaderElection26] INFO  server.RaftServerConfigKeys (ConfUtils.java:logGet(46)) - raft.server.rpc.timeout.min = 5s (custom)
2024-04-28 12:43:58,805 [bc7e9acf-0dfc-47a3-8dfb-4b83deb456d1@group-E55755602824-LeaderElection26] INFO  server.RaftServerConfigKeys (ConfUtils.java:logGet(46)) - raft.server.write.element-limit = 1024 (custom)
2024-04-28 12:43:58,805 [bc7e9acf-0dfc-47a3-8dfb-4b83deb456d1@group-E55755602824-LeaderElection26] INFO  server.RaftServerConfigKeys (ConfUtils.java:logGet(46)) - raft.server.write.follower.gap.ratio.max = -1.0 (default)
2024-04-28 12:43:58,805 [bc7e9acf-0dfc-47a3-8dfb-4b83deb456d1@group-E55755602824-LeaderElection26] INFO  impl.RoleInfo (RoleInfo.java:updateAndGet(139)) - bc7e9acf-0dfc-47a3-8dfb-4b83deb456d1: start bc7e9acf-0dfc-47a3-8dfb-4b83deb456d1@group-E55755602824-LeaderStateImpl
2024-04-28 12:43:58,805 [bc7e9acf-0dfc-47a3-8dfb-4b83deb456d1@group-E55755602824-LeaderElection26] INFO  server.RaftServer$Division (RaftServerImpl.java:setFirstElection(574)) - bc7e9acf-0dfc-47a3-8dfb-4b83deb456d1@group-E55755602824: set firstElectionSinceStartup to false for becomeLeader
2024-04-28 12:43:58,805 [bc7e9acf-0dfc-47a3-8dfb-4b83deb456d1@group-E55755602824-LeaderElection26] INFO  ratis.XceiverServerRatis (XceiverServerRatis.java:handleLeaderChangedNotification(966)) - Leader change notification received for group: group-E55755602824 with new leaderId: bc7e9acf-0dfc-47a3-8dfb-4b83deb456d1
2024-04-28 12:43:58,805 [bc7e9acf-0dfc-47a3-8dfb-4b83deb456d1@group-E55755602824-LeaderElection26] INFO  server.RaftServer$Division (ServerState.java:setLeader(269)) - bc7e9acf-0dfc-47a3-8dfb-4b83deb456d1@group-E55755602824: change Leader from null to bc7e9acf-0dfc-47a3-8dfb-4b83deb456d1 at term 1 for becomeLeader, leader elected after 5053ms
2024-04-28 12:43:58,805 [bc7e9acf-0dfc-47a3-8dfb-4b83deb456d1@group-E55755602824-LeaderElection26] INFO  segmented.SegmentedRaftLogWorker (SegmentedRaftLogWorker.java:startLogSegment(430)) - bc7e9acf-0dfc-47a3-8dfb-4b83deb456d1@group-E55755602824-SegmentedRaftLogWorker: Starting segment from index:0
2024-04-28 12:43:58,806 [bc7e9acf-0dfc-47a3-8dfb-4b83deb456d1@group-E55755602824-LeaderElection26] INFO  server.RaftServer$Division (ServerState.java:setRaftConf(386)) - bc7e9acf-0dfc-47a3-8dfb-4b83deb456d1@group-E55755602824: set configuration 0: peers:[bc7e9acf-0dfc-47a3-8dfb-4b83deb456d1|127.0.0.1:15175]|listeners:[], old=null
2024-04-28 12:43:58,806 [bc7e9acf-0dfc-47a3-8dfb-4b83deb456d1@group-E55755602824-SegmentedRaftLogWorker] INFO  segmented.BufferedWriteChannel (BufferedWriteChannel.java:open(62)) - open log_inprogress_0 at position 0
2024-04-28 12:43:58,810 [53f12868-9e08-461f-b1df-8616d22e03b0-NettyServerStreamRpc-bossGroup--thread1] INFO  logging.LoggingHandler (AbstractInternalLogger.java:log(148)) - [id: 0x21a76c1a, L:/0.0.0.0:15104] CLOSE
2024-04-28 12:43:58,810 [53f12868-9e08-461f-b1df-8616d22e03b0-NettyServerStreamRpc-bossGroup--thread1] INFO  logging.LoggingHandler (AbstractInternalLogger.java:log(148)) - [id: 0x21a76c1a, L:/0.0.0.0:15104] INACTIVE
2024-04-28 12:43:58,811 [53f12868-9e08-461f-b1df-8616d22e03b0-NettyServerStreamRpc-bossGroup--thread1] INFO  logging.LoggingHandler (AbstractInternalLogger.java:log(148)) - [id: 0x21a76c1a, L:/0.0.0.0:15104] UNREGISTERED
2024-04-28 12:43:58,812 [59f7e7ee-27c3-4dbc-8a0c-a3c2dbd1352c@group-0B273A698BB2-FollowerState] INFO  impl.FollowerState (FollowerState.java:run(143)) - 59f7e7ee-27c3-4dbc-8a0c-a3c2dbd1352c@group-0B273A698BB2-FollowerState: change to CANDIDATE, lastRpcElapsedTime:5177603583ns, electionTimeout:5177ms
2024-04-28 12:43:58,812 [59f7e7ee-27c3-4dbc-8a0c-a3c2dbd1352c@group-0B273A698BB2-FollowerState] INFO  impl.RoleInfo (RoleInfo.java:shutdownFollowerState(110)) - 59f7e7ee-27c3-4dbc-8a0c-a3c2dbd1352c: shutdown 59f7e7ee-27c3-4dbc-8a0c-a3c2dbd1352c@group-0B273A698BB2-FollowerState
2024-04-28 12:43:58,812 [59f7e7ee-27c3-4dbc-8a0c-a3c2dbd1352c@group-0B273A698BB2-FollowerState] INFO  server.RaftServer$Division (RaftServerImpl.java:setRole(383)) - 59f7e7ee-27c3-4dbc-8a0c-a3c2dbd1352c@group-0B273A698BB2: changes role from  FOLLOWER to CANDIDATE at term 0 for changeToCandidate
2024-04-28 12:43:58,812 [59f7e7ee-27c3-4dbc-8a0c-a3c2dbd1352c@group-0B273A698BB2-FollowerState] INFO  server.RaftServerConfigKeys (ConfUtils.java:logGet(46)) - raft.server.leaderelection.pre-vote = true (default)
2024-04-28 12:43:58,813 [59f7e7ee-27c3-4dbc-8a0c-a3c2dbd1352c@group-0B273A698BB2-FollowerState] INFO  impl.RoleInfo (RoleInfo.java:updateAndGet(139)) - 59f7e7ee-27c3-4dbc-8a0c-a3c2dbd1352c: start 59f7e7ee-27c3-4dbc-8a0c-a3c2dbd1352c@group-0B273A698BB2-LeaderElection27
2024-04-28 12:43:58,812 [bc7e9acf-0dfc-47a3-8dfb-4b83deb456d1@group-E55755602824-SegmentedRaftLogWorker] INFO  segmented.SegmentedRaftLogWorker (SegmentedRaftLogWorker.java:execute(634)) - bc7e9acf-0dfc-47a3-8dfb-4b83deb456d1@group-E55755602824-SegmentedRaftLogWorker: created new log segment /home/runner/work/ozone/ozone/hadoop-ozone/integration-test/target/test-dir/MiniOzoneClusterImpl-fb989876-9371-464e-b996-ece4d3fe3ecb/ozone-meta/datanode-9/ratis/9c9eed31-3736-424b-9004-e55755602824/current/log_inprogress_0
2024-04-28 12:43:58,814 [59f7e7ee-27c3-4dbc-8a0c-a3c2dbd1352c@group-0B273A698BB2-LeaderElection27] INFO  impl.LeaderElection (LeaderElection.java:askForVotes(321)) - 59f7e7ee-27c3-4dbc-8a0c-a3c2dbd1352c@group-0B273A698BB2-LeaderElection27 PRE_VOTE round 0: submit vote requests at term 0 for -1: peers:[59f7e7ee-27c3-4dbc-8a0c-a3c2dbd1352c|127.0.0.1:15157]|listeners:[], old=null
2024-04-28 12:43:58,814 [59f7e7ee-27c3-4dbc-8a0c-a3c2dbd1352c@group-0B273A698BB2-LeaderElection27] INFO  impl.LeaderElection (LeaderElection.java:askForVotes(323)) - 59f7e7ee-27c3-4dbc-8a0c-a3c2dbd1352c@group-0B273A698BB2-LeaderElection27 PRE_VOTE round 0: result PASSED (term=0)
2024-04-28 12:43:58,814 [bc7e9acf-0dfc-47a3-8dfb-4b83deb456d1@group-E55755602824-StateMachineUpdater] INFO  server.RaftServer$Division (LeaderStateImpl.java:isApplied(320)) - leader is ready since appliedIndex == 0 >= startIndex == 0
2024-04-28 12:43:58,815 [59f7e7ee-27c3-4dbc-8a0c-a3c2dbd1352c@group-0B273A698BB2-LeaderElection27] INFO  impl.LeaderElection (LeaderElection.java:askForVotes(321)) - 59f7e7ee-27c3-4dbc-8a0c-a3c2dbd1352c@group-0B273A698BB2-LeaderElection27 ELECTION round 0: submit vote requests at term 1 for -1: peers:[59f7e7ee-27c3-4dbc-8a0c-a3c2dbd1352c|127.0.0.1:15157]|listeners:[], old=null
2024-04-28 12:43:58,815 [59f7e7ee-27c3-4dbc-8a0c-a3c2dbd1352c@group-0B273A698BB2-LeaderElection27] INFO  impl.LeaderElection (LeaderElection.java:askForVotes(323)) - 59f7e7ee-27c3-4dbc-8a0c-a3c2dbd1352c@group-0B273A698BB2-LeaderElection27 ELECTION round 0: result PASSED (term=1)
2024-04-28 12:43:58,815 [59f7e7ee-27c3-4dbc-8a0c-a3c2dbd1352c@group-0B273A698BB2-LeaderElection27] INFO  impl.RoleInfo (RoleInfo.java:shutdownLeaderElection(130)) - 59f7e7ee-27c3-4dbc-8a0c-a3c2dbd1352c: shutdown 59f7e7ee-27c3-4dbc-8a0c-a3c2dbd1352c@group-0B273A698BB2-LeaderElection27
2024-04-28 12:43:58,815 [59f7e7ee-27c3-4dbc-8a0c-a3c2dbd1352c@group-0B273A698BB2-LeaderElection27] INFO  server.RaftServer$Division (RaftServerImpl.java:setRole(383)) - 59f7e7ee-27c3-4dbc-8a0c-a3c2dbd1352c@group-0B273A698BB2: changes role from CANDIDATE to LEADER at term 1 for changeToLeader
2024-04-28 12:43:58,815 [59f7e7ee-27c3-4dbc-8a0c-a3c2dbd1352c@group-0B273A698BB2-LeaderElection27] INFO  server.RaftServerConfigKeys (ConfUtils.java:logGet(46)) - raft.server.staging.catchup.gap = 1000 (default)
2024-04-28 12:43:58,815 [59f7e7ee-27c3-4dbc-8a0c-a3c2dbd1352c@group-0B273A698BB2-LeaderElection27] INFO  server.RaftServerConfigKeys (ConfUtils.java:logGet(46)) - raft.server.write.element-limit = 1024 (custom)
2024-04-28 12:43:58,815 [59f7e7ee-27c3-4dbc-8a0c-a3c2dbd1352c@group-0B273A698BB2-LeaderElection27] INFO  server.RaftServerConfigKeys (ConfUtils.java:logGet(46)) - raft.server.write.byte-limit = 1024 M (=1073741824) (custom)
2024-04-28 12:43:58,815 [59f7e7ee-27c3-4dbc-8a0c-a3c2dbd1352c@group-0B273A698BB2-LeaderElection27] INFO  server.RaftServerConfigKeys (ConfUtils.java:logGet(46)) - raft.server.watch.timeout = 3000ms (custom)
2024-04-28 12:43:58,815 [59f7e7ee-27c3-4dbc-8a0c-a3c2dbd1352c@group-0B273A698BB2-LeaderElection27] INFO  server.RaftServerConfigKeys (ConfUtils.java:logGet(46)) - raft.server.watch.timeout.denomination = 1s (default)
2024-04-28 12:43:58,816 [59f7e7ee-27c3-4dbc-8a0c-a3c2dbd1352c@group-0B273A698BB2-LeaderElection27] INFO  server.RaftServerConfigKeys (ConfUtils.java:logGet(46)) - raft.server.watch.element-limit = 65536 (default)
2024-04-28 12:43:58,816 [59f7e7ee-27c3-4dbc-8a0c-a3c2dbd1352c@group-0B273A698BB2-LeaderElection27] INFO  server.RaftServerConfigKeys (ConfUtils.java:logGet(46)) - raft.server.read.leader.lease.enabled = false (default)
2024-04-28 12:43:58,816 [59f7e7ee-27c3-4dbc-8a0c-a3c2dbd1352c@group-0B273A698BB2-LeaderElection27] INFO  server.RaftServerConfigKeys (ConfUtils.java:logGet(46)) - raft.server.read.leader.lease.timeout.ratio = 0.9 (default)
2024-04-28 12:43:58,816 [59f7e7ee-27c3-4dbc-8a0c-a3c2dbd1352c@group-0B273A698BB2-LeaderElection27] INFO  server.RaftServerConfigKeys (ConfUtils.java:logGet(46)) - raft.server.rpc.timeout.min = 5s (custom)
2024-04-28 12:43:58,816 [59f7e7ee-27c3-4dbc-8a0c-a3c2dbd1352c@group-0B273A698BB2-LeaderElection27] INFO  server.RaftServerConfigKeys (ConfUtils.java:logGet(46)) - raft.server.write.element-limit = 1024 (custom)
2024-04-28 12:43:58,816 [59f7e7ee-27c3-4dbc-8a0c-a3c2dbd1352c@group-0B273A698BB2-LeaderElection27] INFO  server.RaftServerConfigKeys (ConfUtils.java:logGet(46)) - raft.server.write.follower.gap.ratio.max = -1.0 (default)
2024-04-28 12:43:58,816 [59f7e7ee-27c3-4dbc-8a0c-a3c2dbd1352c@group-0B273A698BB2-LeaderElection27] INFO  impl.RoleInfo (RoleInfo.java:updateAndGet(139)) - 59f7e7ee-27c3-4dbc-8a0c-a3c2dbd1352c: start 59f7e7ee-27c3-4dbc-8a0c-a3c2dbd1352c@group-0B273A698BB2-LeaderStateImpl
2024-04-28 12:43:58,816 [59f7e7ee-27c3-4dbc-8a0c-a3c2dbd1352c@group-0B273A698BB2-LeaderElection27] INFO  server.RaftServer$Division (RaftServerImpl.java:setFirstElection(574)) - 59f7e7ee-27c3-4dbc-8a0c-a3c2dbd1352c@group-0B273A698BB2: set firstElectionSinceStartup to false for becomeLeader
2024-04-28 12:43:58,816 [59f7e7ee-27c3-4dbc-8a0c-a3c2dbd1352c@group-0B273A698BB2-LeaderElection27] INFO  ratis.XceiverServerRatis (XceiverServerRatis.java:handleLeaderChangedNotification(966)) - Leader change notification received for group: group-0B273A698BB2 with new leaderId: 59f7e7ee-27c3-4dbc-8a0c-a3c2dbd1352c
2024-04-28 12:43:58,816 [59f7e7ee-27c3-4dbc-8a0c-a3c2dbd1352c@group-0B273A698BB2-LeaderElection27] INFO  server.RaftServer$Division (ServerState.java:setLeader(269)) - 59f7e7ee-27c3-4dbc-8a0c-a3c2dbd1352c@group-0B273A698BB2: change Leader from null to 59f7e7ee-27c3-4dbc-8a0c-a3c2dbd1352c at term 1 for becomeLeader, leader elected after 5191ms
2024-04-28 12:43:58,816 [59f7e7ee-27c3-4dbc-8a0c-a3c2dbd1352c@group-0B273A698BB2-LeaderElection27] INFO  segmented.SegmentedRaftLogWorker (SegmentedRaftLogWorker.java:startLogSegment(430)) - 59f7e7ee-27c3-4dbc-8a0c-a3c2dbd1352c@group-0B273A698BB2-SegmentedRaftLogWorker: Starting segment from index:0
2024-04-28 12:43:58,817 [59f7e7ee-27c3-4dbc-8a0c-a3c2dbd1352c@group-0B273A698BB2-SegmentedRaftLogWorker] INFO  segmented.BufferedWriteChannel (BufferedWriteChannel.java:open(62)) - open log_inprogress_0 at position 0
2024-04-28 12:43:58,820 [59f7e7ee-27c3-4dbc-8a0c-a3c2dbd1352c@group-0B273A698BB2-LeaderElection27] INFO  server.RaftServer$Division (ServerState.java:setRaftConf(386)) - 59f7e7ee-27c3-4dbc-8a0c-a3c2dbd1352c@group-0B273A698BB2: set configuration 0: peers:[59f7e7ee-27c3-4dbc-8a0c-a3c2dbd1352c|127.0.0.1:15157]|listeners:[], old=null
2024-04-28 12:43:58,824 [59f7e7ee-27c3-4dbc-8a0c-a3c2dbd1352c@group-0B273A698BB2-SegmentedRaftLogWorker] INFO  segmented.SegmentedRaftLogWorker (SegmentedRaftLogWorker.java:execute(634)) - 59f7e7ee-27c3-4dbc-8a0c-a3c2dbd1352c@group-0B273A698BB2-SegmentedRaftLogWorker: created new log segment /home/runner/work/ozone/ozone/hadoop-ozone/integration-test/target/test-dir/MiniOzoneClusterImpl-fb989876-9371-464e-b996-ece4d3fe3ecb/ozone-meta/datanode-7/ratis/4996bb12-ec0a-4d68-937c-0b273a698bb2/current/log_inprogress_0
2024-04-28 12:43:58,825 [59f7e7ee-27c3-4dbc-8a0c-a3c2dbd1352c@group-0B273A698BB2-StateMachineUpdater] INFO  server.RaftServer$Division (LeaderStateImpl.java:isApplied(320)) - leader is ready since appliedIndex == 0 >= startIndex == 0
2024-04-28 12:43:58,833 [0f39c21b-d5b1-40df-b9b4-e74314e680e2@group-E75D70240EB6-FollowerState] INFO  server.RaftServerConfigKeys (ConfUtils.java:logFallback(53)) - raft.server.rpc.first-election.timeout.min = 5s (fallback to raft.server.rpc.timeout.min)
2024-04-28 12:43:58,833 [0f39c21b-d5b1-40df-b9b4-e74314e680e2@group-E75D70240EB6-FollowerState] INFO  server.RaftServerConfigKeys (ConfUtils.java:logFallback(53)) - raft.server.rpc.first-election.timeout.max = 5200ms (fallback to raft.server.rpc.timeout.max)
2024-04-28 12:43:58,837 [0f39c21b-d5b1-40df-b9b4-e74314e680e2@group-AC295DC072D3-FollowerState] INFO  impl.FollowerState (FollowerState.java:run(143)) - 0f39c21b-d5b1-40df-b9b4-e74314e680e2@group-AC295DC072D3-FollowerState: change to CANDIDATE, lastRpcElapsedTime:5124504505ns, electionTimeout:5124ms
2024-04-28 12:43:58,837 [0f39c21b-d5b1-40df-b9b4-e74314e680e2@group-AC295DC072D3-FollowerState] INFO  impl.RoleInfo (RoleInfo.java:shutdownFollowerState(110)) - 0f39c21b-d5b1-40df-b9b4-e74314e680e2: shutdown 0f39c21b-d5b1-40df-b9b4-e74314e680e2@group-AC295DC072D3-FollowerState
2024-04-28 12:43:58,837 [0f39c21b-d5b1-40df-b9b4-e74314e680e2@group-AC295DC072D3-FollowerState] INFO  server.RaftServer$Division (RaftServerImpl.java:setRole(383)) - 0f39c21b-d5b1-40df-b9b4-e74314e680e2@group-AC295DC072D3: changes role from  FOLLOWER to CANDIDATE at term 0 for changeToCandidate
2024-04-28 12:43:58,837 [0f39c21b-d5b1-40df-b9b4-e74314e680e2@group-AC295DC072D3-FollowerState] INFO  server.RaftServerConfigKeys (ConfUtils.java:logGet(46)) - raft.server.leaderelection.pre-vote = true (default)
2024-04-28 12:43:58,837 [0f39c21b-d5b1-40df-b9b4-e74314e680e2@group-AC295DC072D3-FollowerState] INFO  impl.RoleInfo (RoleInfo.java:updateAndGet(139)) - 0f39c21b-d5b1-40df-b9b4-e74314e680e2: start 0f39c21b-d5b1-40df-b9b4-e74314e680e2@group-AC295DC072D3-LeaderElection28
2024-04-28 12:43:58,837 [0f39c21b-d5b1-40df-b9b4-e74314e680e2@group-AC295DC072D3-LeaderElection28] INFO  impl.LeaderElection (LeaderElection.java:askForVotes(321)) - 0f39c21b-d5b1-40df-b9b4-e74314e680e2@group-AC295DC072D3-LeaderElection28 PRE_VOTE round 0: submit vote requests at term 0 for -1: peers:[0f39c21b-d5b1-40df-b9b4-e74314e680e2|127.0.0.1:15166]|listeners:[], old=null
2024-04-28 12:43:58,837 [0f39c21b-d5b1-40df-b9b4-e74314e680e2@group-AC295DC072D3-LeaderElection28] INFO  impl.LeaderElection (LeaderElection.java:askForVotes(323)) - 0f39c21b-d5b1-40df-b9b4-e74314e680e2@group-AC295DC072D3-LeaderElection28 PRE_VOTE round 0: result PASSED (term=0)
2024-04-28 12:43:58,838 [0f39c21b-d5b1-40df-b9b4-e74314e680e2@group-AC295DC072D3-LeaderElection28] INFO  impl.LeaderElection (LeaderElection.java:askForVotes(321)) - 0f39c21b-d5b1-40df-b9b4-e74314e680e2@group-AC295DC072D3-LeaderElection28 ELECTION round 0: submit vote requests at term 1 for -1: peers:[0f39c21b-d5b1-40df-b9b4-e74314e680e2|127.0.0.1:15166]|listeners:[], old=null
2024-04-28 12:43:58,838 [0f39c21b-d5b1-40df-b9b4-e74314e680e2@group-AC295DC072D3-LeaderElection28] INFO  impl.LeaderElection (LeaderElection.java:askForVotes(323)) - 0f39c21b-d5b1-40df-b9b4-e74314e680e2@group-AC295DC072D3-LeaderElection28 ELECTION round 0: result PASSED (term=1)
2024-04-28 12:43:58,838 [0f39c21b-d5b1-40df-b9b4-e74314e680e2@group-AC295DC072D3-LeaderElection28] INFO  impl.RoleInfo (RoleInfo.java:shutdownLeaderElection(130)) - 0f39c21b-d5b1-40df-b9b4-e74314e680e2: shutdown 0f39c21b-d5b1-40df-b9b4-e74314e680e2@group-AC295DC072D3-LeaderElection28
2024-04-28 12:43:58,839 [0f39c21b-d5b1-40df-b9b4-e74314e680e2@group-AC295DC072D3-LeaderElection28] INFO  server.RaftServer$Division (RaftServerImpl.java:setRole(383)) - 0f39c21b-d5b1-40df-b9b4-e74314e680e2@group-AC295DC072D3: changes role from CANDIDATE to LEADER at term 1 for changeToLeader
2024-04-28 12:43:58,839 [0f39c21b-d5b1-40df-b9b4-e74314e680e2@group-AC295DC072D3-LeaderElection28] INFO  server.RaftServerConfigKeys (ConfUtils.java:logGet(46)) - raft.server.staging.catchup.gap = 1000 (default)
2024-04-28 12:43:58,839 [0f39c21b-d5b1-40df-b9b4-e74314e680e2@group-AC295DC072D3-LeaderElection28] INFO  server.RaftServerConfigKeys (ConfUtils.java:logGet(46)) - raft.server.write.element-limit = 1024 (custom)
2024-04-28 12:43:58,839 [0f39c21b-d5b1-40df-b9b4-e74314e680e2@group-AC295DC072D3-LeaderElection28] INFO  server.RaftServerConfigKeys (ConfUtils.java:logGet(46)) - raft.server.write.byte-limit = 1024 M (=1073741824) (custom)
2024-04-28 12:43:58,839 [0f39c21b-d5b1-40df-b9b4-e74314e680e2@group-AC295DC072D3-LeaderElection28] INFO  server.RaftServerConfigKeys (ConfUtils.java:logGet(46)) - raft.server.watch.timeout = 3000ms (custom)
2024-04-28 12:43:58,839 [0f39c21b-d5b1-40df-b9b4-e74314e680e2@group-AC295DC072D3-LeaderElection28] INFO  server.RaftServerConfigKeys (ConfUtils.java:logGet(46)) - raft.server.watch.timeout.denomination = 1s (default)
2024-04-28 12:43:58,839 [0f39c21b-d5b1-40df-b9b4-e74314e680e2@group-AC295DC072D3-LeaderElection28] INFO  server.RaftServerConfigKeys (ConfUtils.java:logGet(46)) - raft.server.watch.element-limit = 65536 (default)
2024-04-28 12:43:58,839 [0f39c21b-d5b1-40df-b9b4-e74314e680e2@group-AC295DC072D3-LeaderElection28] INFO  server.RaftServerConfigKeys (ConfUtils.java:logGet(46)) - raft.server.read.leader.lease.enabled = false (default)
2024-04-28 12:43:58,839 [0f39c21b-d5b1-40df-b9b4-e74314e680e2@group-AC295DC072D3-LeaderElection28] INFO  server.RaftServerConfigKeys (ConfUtils.java:logGet(46)) - raft.server.read.leader.lease.timeout.ratio = 0.9 (default)
2024-04-28 12:43:58,839 [0f39c21b-d5b1-40df-b9b4-e74314e680e2@group-AC295DC072D3-LeaderElection28] INFO  server.RaftServerConfigKeys (ConfUtils.java:logGet(46)) - raft.server.rpc.timeout.min = 5s (custom)
2024-04-28 12:43:58,839 [0f39c21b-d5b1-40df-b9b4-e74314e680e2@group-AC295DC072D3-LeaderElection28] INFO  server.RaftServerConfigKeys (ConfUtils.java:logGet(46)) - raft.server.write.element-limit = 1024 (custom)
2024-04-28 12:43:58,839 [0f39c21b-d5b1-40df-b9b4-e74314e680e2@group-AC295DC072D3-LeaderElection28] INFO  server.RaftServerConfigKeys (ConfUtils.java:logGet(46)) - raft.server.write.follower.gap.ratio.max = -1.0 (default)
2024-04-28 12:43:58,840 [0f39c21b-d5b1-40df-b9b4-e74314e680e2@group-AC295DC072D3-LeaderElection28] INFO  impl.RoleInfo (RoleInfo.java:updateAndGet(139)) - 0f39c21b-d5b1-40df-b9b4-e74314e680e2: start 0f39c21b-d5b1-40df-b9b4-e74314e680e2@group-AC295DC072D3-LeaderStateImpl
2024-04-28 12:43:58,840 [0f39c21b-d5b1-40df-b9b4-e74314e680e2@group-AC295DC072D3-LeaderElection28] INFO  server.RaftServer$Division (RaftServerImpl.java:setFirstElection(574)) - 0f39c21b-d5b1-40df-b9b4-e74314e680e2@group-AC295DC072D3: set firstElectionSinceStartup to false for becomeLeader
2024-04-28 12:43:58,840 [0f39c21b-d5b1-40df-b9b4-e74314e680e2@group-AC295DC072D3-LeaderElection28] INFO  ratis.XceiverServerRatis (XceiverServerRatis.java:handleLeaderChangedNotification(966)) - Leader change notification received for group: group-AC295DC072D3 with new leaderId: 0f39c21b-d5b1-40df-b9b4-e74314e680e2
2024-04-28 12:43:58,840 [0f39c21b-d5b1-40df-b9b4-e74314e680e2@group-AC295DC072D3-LeaderElection28] INFO  server.RaftServer$Division (ServerState.java:setLeader(269)) - 0f39c21b-d5b1-40df-b9b4-e74314e680e2@group-AC295DC072D3: change Leader from null to 0f39c21b-d5b1-40df-b9b4-e74314e680e2 at term 1 for becomeLeader, leader elected after 5141ms
2024-04-28 12:43:58,840 [0f39c21b-d5b1-40df-b9b4-e74314e680e2@group-AC295DC072D3-LeaderElection28] INFO  segmented.SegmentedRaftLogWorker (SegmentedRaftLogWorker.java:startLogSegment(430)) - 0f39c21b-d5b1-40df-b9b4-e74314e680e2@group-AC295DC072D3-SegmentedRaftLogWorker: Starting segment from index:0
2024-04-28 12:43:58,840 [0f39c21b-d5b1-40df-b9b4-e74314e680e2@group-AC295DC072D3-LeaderElection28] INFO  server.RaftServer$Division (ServerState.java:setRaftConf(386)) - 0f39c21b-d5b1-40df-b9b4-e74314e680e2@group-AC295DC072D3: set configuration 0: peers:[0f39c21b-d5b1-40df-b9b4-e74314e680e2|127.0.0.1:15166]|listeners:[], old=null
2024-04-28 12:43:58,840 [0f39c21b-d5b1-40df-b9b4-e74314e680e2@group-AC295DC072D3-SegmentedRaftLogWorker] INFO  segmented.BufferedWriteChannel (BufferedWriteChannel.java:open(62)) - open log_inprogress_0 at position 0
2024-04-28 12:43:58,847 [0f39c21b-d5b1-40df-b9b4-e74314e680e2@group-AC295DC072D3-SegmentedRaftLogWorker] INFO  segmented.SegmentedRaftLogWorker (SegmentedRaftLogWorker.java:execute(634)) - 0f39c21b-d5b1-40df-b9b4-e74314e680e2@group-AC295DC072D3-SegmentedRaftLogWorker: created new log segment /home/runner/work/ozone/ozone/hadoop-ozone/integration-test/target/test-dir/MiniOzoneClusterImpl-fb989876-9371-464e-b996-ece4d3fe3ecb/ozone-meta/datanode-8/ratis/136a4f55-f295-4137-bb57-ac295dc072d3/current/log_inprogress_0
2024-04-28 12:43:58,849 [0f39c21b-d5b1-40df-b9b4-e74314e680e2@group-AC295DC072D3-StateMachineUpdater] INFO  server.RaftServer$Division (LeaderStateImpl.java:isApplied(320)) - leader is ready since appliedIndex == 0 >= startIndex == 0
2024-04-28 12:43:58,852 [bc7e9acf-0dfc-47a3-8dfb-4b83deb456d1@group-E75D70240EB6-FollowerState] INFO  impl.FollowerState (FollowerState.java:run(143)) - bc7e9acf-0dfc-47a3-8dfb-4b83deb456d1@group-E75D70240EB6-FollowerState: change to CANDIDATE, lastRpcElapsedTime:5183834067ns, electionTimeout:5183ms
2024-04-28 12:43:58,852 [bc7e9acf-0dfc-47a3-8dfb-4b83deb456d1@group-E75D70240EB6-FollowerState] INFO  impl.RoleInfo (RoleInfo.java:shutdownFollowerState(110)) - bc7e9acf-0dfc-47a3-8dfb-4b83deb456d1: shutdown bc7e9acf-0dfc-47a3-8dfb-4b83deb456d1@group-E75D70240EB6-FollowerState
2024-04-28 12:43:58,852 [bc7e9acf-0dfc-47a3-8dfb-4b83deb456d1@group-E75D70240EB6-FollowerState] INFO  server.RaftServer$Division (RaftServerImpl.java:setRole(383)) - bc7e9acf-0dfc-47a3-8dfb-4b83deb456d1@group-E75D70240EB6: changes role from  FOLLOWER to CANDIDATE at term 0 for changeToCandidate
2024-04-28 12:43:58,852 [bc7e9acf-0dfc-47a3-8dfb-4b83deb456d1@group-E75D70240EB6-FollowerState] INFO  server.RaftServerConfigKeys (ConfUtils.java:logGet(46)) - raft.server.leaderelection.pre-vote = true (default)
2024-04-28 12:43:58,852 [bc7e9acf-0dfc-47a3-8dfb-4b83deb456d1@group-E75D70240EB6-FollowerState] INFO  impl.RoleInfo (RoleInfo.java:updateAndGet(139)) - bc7e9acf-0dfc-47a3-8dfb-4b83deb456d1: start bc7e9acf-0dfc-47a3-8dfb-4b83deb456d1@group-E75D70240EB6-LeaderElection29
2024-04-28 12:43:58,852 [bc7e9acf-0dfc-47a3-8dfb-4b83deb456d1@group-E75D70240EB6-LeaderElection29] INFO  impl.LeaderElection (LeaderElection.java:askForVotes(321)) - bc7e9acf-0dfc-47a3-8dfb-4b83deb456d1@group-E75D70240EB6-LeaderElection29 PRE_VOTE round 0: submit vote requests at term 0 for -1: peers:[0f39c21b-d5b1-40df-b9b4-e74314e680e2|127.0.0.1:15166, 59f7e7ee-27c3-4dbc-8a0c-a3c2dbd1352c|127.0.0.1:15157, bc7e9acf-0dfc-47a3-8dfb-4b83deb456d1|127.0.0.1:15175]|listeners:[], old=null
2024-04-28 12:43:58,853 [bc7e9acf-0dfc-47a3-8dfb-4b83deb456d1@group-E75D70240EB6-LeaderElection29-1] INFO  server.GrpcServerProtocolClient (GrpcServerProtocolClient.java:<init>(65)) - Build channel for 0f39c21b-d5b1-40df-b9b4-e74314e680e2|127.0.0.1:15166
2024-04-28 12:43:58,853 [bc7e9acf-0dfc-47a3-8dfb-4b83deb456d1@group-E75D70240EB6-LeaderElection29] INFO  server.RaftServerConfigKeys (ConfUtils.java:logFallback(53)) - raft.server.rpc.first-election.timeout.min = 5s (fallback to raft.server.rpc.timeout.min)
2024-04-28 12:43:58,853 [bc7e9acf-0dfc-47a3-8dfb-4b83deb456d1@group-E75D70240EB6-LeaderElection29] INFO  server.RaftServerConfigKeys (ConfUtils.java:logFallback(53)) - raft.server.rpc.first-election.timeout.max = 5200ms (fallback to raft.server.rpc.timeout.max)
2024-04-28 12:43:58,853 [bc7e9acf-0dfc-47a3-8dfb-4b83deb456d1@group-E75D70240EB6-LeaderElection29-2] INFO  server.GrpcServerProtocolClient (GrpcServerProtocolClient.java:<init>(65)) - Build channel for 59f7e7ee-27c3-4dbc-8a0c-a3c2dbd1352c|127.0.0.1:15157
2024-04-28 12:43:58,857 [grpc-default-executor-0] INFO  server.RaftServer$Division (RaftServerImpl.java:requestVote(1389)) - 59f7e7ee-27c3-4dbc-8a0c-a3c2dbd1352c@group-E75D70240EB6: receive requestVote(PRE_VOTE, bc7e9acf-0dfc-47a3-8dfb-4b83deb456d1, group-E75D70240EB6, 0, (t:0, i:0))
2024-04-28 12:43:58,857 [grpc-default-executor-3] INFO  server.RaftServer$Division (RaftServerImpl.java:requestVote(1389)) - 0f39c21b-d5b1-40df-b9b4-e74314e680e2@group-E75D70240EB6: receive requestVote(PRE_VOTE, bc7e9acf-0dfc-47a3-8dfb-4b83deb456d1, group-E75D70240EB6, 0, (t:0, i:0))
2024-04-28 12:43:58,857 [grpc-default-executor-0] INFO  impl.VoteContext (VoteContext.java:log(49)) - 59f7e7ee-27c3-4dbc-8a0c-a3c2dbd1352c@group-E75D70240EB6-FOLLOWER: accept PRE_VOTE from bc7e9acf-0dfc-47a3-8dfb-4b83deb456d1: our priority 0 <= candidate's priority 1
2024-04-28 12:43:58,857 [grpc-default-executor-3] INFO  impl.VoteContext (VoteContext.java:log(49)) - 0f39c21b-d5b1-40df-b9b4-e74314e680e2@group-E75D70240EB6-FOLLOWER: accept PRE_VOTE from bc7e9acf-0dfc-47a3-8dfb-4b83deb456d1: our priority 0 <= candidate's priority 1
2024-04-28 12:43:58,857 [grpc-default-executor-0] INFO  server.RaftServer$Division (RaftServerImpl.java:requestVote(1422)) - 59f7e7ee-27c3-4dbc-8a0c-a3c2dbd1352c@group-E75D70240EB6 replies to PRE_VOTE vote request: bc7e9acf-0dfc-47a3-8dfb-4b83deb456d1<-59f7e7ee-27c3-4dbc-8a0c-a3c2dbd1352c#0:OK-t0. Peer's state: 59f7e7ee-27c3-4dbc-8a0c-a3c2dbd1352c@group-E75D70240EB6:t0, leader=null, voted=, raftlog=Memoized:59f7e7ee-27c3-4dbc-8a0c-a3c2dbd1352c@group-E75D70240EB6-SegmentedRaftLog:OPENED:c-1, conf=-1: peers:[0f39c21b-d5b1-40df-b9b4-e74314e680e2|127.0.0.1:15166, 59f7e7ee-27c3-4dbc-8a0c-a3c2dbd1352c|127.0.0.1:15157, bc7e9acf-0dfc-47a3-8dfb-4b83deb456d1|127.0.0.1:15175]|listeners:[], old=null
2024-04-28 12:43:58,857 [grpc-default-executor-3] INFO  server.RaftServer$Division (RaftServerImpl.java:requestVote(1422)) - 0f39c21b-d5b1-40df-b9b4-e74314e680e2@group-E75D70240EB6 replies to PRE_VOTE vote request: bc7e9acf-0dfc-47a3-8dfb-4b83deb456d1<-0f39c21b-d5b1-40df-b9b4-e74314e680e2#0:OK-t0. Peer's state: 0f39c21b-d5b1-40df-b9b4-e74314e680e2@group-E75D70240EB6:t0, leader=null, voted=, raftlog=Memoized:0f39c21b-d5b1-40df-b9b4-e74314e680e2@group-E75D70240EB6-SegmentedRaftLog:OPENED:c-1, conf=-1: peers:[0f39c21b-d5b1-40df-b9b4-e74314e680e2|127.0.0.1:15166, 59f7e7ee-27c3-4dbc-8a0c-a3c2dbd1352c|127.0.0.1:15157, bc7e9acf-0dfc-47a3-8dfb-4b83deb456d1|127.0.0.1:15175]|listeners:[], old=null
2024-04-28 12:43:58,858 [bc7e9acf-0dfc-47a3-8dfb-4b83deb456d1@group-E75D70240EB6-LeaderElection29] INFO  impl.LeaderElection (LeaderElection.java:logAndReturn(89)) - bc7e9acf-0dfc-47a3-8dfb-4b83deb456d1@group-E75D70240EB6-LeaderElection29: PRE_VOTE PASSED received 1 response(s) and 0 exception(s):
2024-04-28 12:43:58,858 [bc7e9acf-0dfc-47a3-8dfb-4b83deb456d1@group-E75D70240EB6-LeaderElection29] INFO  impl.LeaderElection (LeaderElection.java:logAndReturn(93)) -   Response 0: bc7e9acf-0dfc-47a3-8dfb-4b83deb456d1<-59f7e7ee-27c3-4dbc-8a0c-a3c2dbd1352c#0:OK-t0
2024-04-28 12:43:58,858 [bc7e9acf-0dfc-47a3-8dfb-4b83deb456d1@group-E75D70240EB6-LeaderElection29] INFO  impl.LeaderElection (LeaderElection.java:askForVotes(323)) - bc7e9acf-0dfc-47a3-8dfb-4b83deb456d1@group-E75D70240EB6-LeaderElection29 PRE_VOTE round 0: result PASSED
2024-04-28 12:43:58,859 [bc7e9acf-0dfc-47a3-8dfb-4b83deb456d1@group-E75D70240EB6-LeaderElection29] INFO  impl.LeaderElection (LeaderElection.java:askForVotes(321)) - bc7e9acf-0dfc-47a3-8dfb-4b83deb456d1@group-E75D70240EB6-LeaderElection29 ELECTION round 0: submit vote requests at term 1 for -1: peers:[0f39c21b-d5b1-40df-b9b4-e74314e680e2|127.0.0.1:15166, 59f7e7ee-27c3-4dbc-8a0c-a3c2dbd1352c|127.0.0.1:15157, bc7e9acf-0dfc-47a3-8dfb-4b83deb456d1|127.0.0.1:15175]|listeners:[], old=null
2024-04-28 12:43:58,860 [bc7e9acf-0dfc-47a3-8dfb-4b83deb456d1@group-E75D70240EB6-LeaderElection29] INFO  server.RaftServerConfigKeys (ConfUtils.java:logFallback(53)) - raft.server.rpc.first-election.timeout.min = 5s (fallback to raft.server.rpc.timeout.min)
2024-04-28 12:43:58,860 [bc7e9acf-0dfc-47a3-8dfb-4b83deb456d1@group-E75D70240EB6-LeaderElection29] INFO  server.RaftServerConfigKeys (ConfUtils.java:logFallback(53)) - raft.server.rpc.first-election.timeout.max = 5200ms (fallback to raft.server.rpc.timeout.max)
2024-04-28 12:43:58,860 [grpc-default-executor-0] INFO  server.RaftServer$Division (RaftServerImpl.java:requestVote(1389)) - 0f39c21b-d5b1-40df-b9b4-e74314e680e2@group-E75D70240EB6: receive requestVote(ELECTION, bc7e9acf-0dfc-47a3-8dfb-4b83deb456d1, group-E75D70240EB6, 1, (t:0, i:0))
2024-04-28 12:43:58,860 [grpc-default-executor-0] INFO  impl.VoteContext (VoteContext.java:log(49)) - 0f39c21b-d5b1-40df-b9b4-e74314e680e2@group-E75D70240EB6-FOLLOWER: accept ELECTION from bc7e9acf-0dfc-47a3-8dfb-4b83deb456d1: our priority 0 <= candidate's priority 1
2024-04-28 12:43:58,860 [grpc-default-executor-0] INFO  server.RaftServer$Division (RaftServerImpl.java:setRole(383)) - 0f39c21b-d5b1-40df-b9b4-e74314e680e2@group-E75D70240EB6: changes role from  FOLLOWER to FOLLOWER at term 1 for candidate:bc7e9acf-0dfc-47a3-8dfb-4b83deb456d1
2024-04-28 12:43:58,860 [grpc-default-executor-0] INFO  impl.RoleInfo (RoleInfo.java:shutdownFollowerState(110)) - 0f39c21b-d5b1-40df-b9b4-e74314e680e2: shutdown 0f39c21b-d5b1-40df-b9b4-e74314e680e2@group-E75D70240EB6-FollowerState
2024-04-28 12:43:58,860 [grpc-default-executor-0] INFO  impl.RoleInfo (RoleInfo.java:updateAndGet(139)) - 0f39c21b-d5b1-40df-b9b4-e74314e680e2: start 0f39c21b-d5b1-40df-b9b4-e74314e680e2@group-E75D70240EB6-FollowerState
2024-04-28 12:43:58,861 [0f39c21b-d5b1-40df-b9b4-e74314e680e2@group-E75D70240EB6-FollowerState] INFO  impl.FollowerState (FollowerState.java:run(152)) - 0f39c21b-d5b1-40df-b9b4-e74314e680e2@group-E75D70240EB6-FollowerState was interrupted
2024-04-28 12:43:58,862 [grpc-default-executor-0] INFO  server.RaftServer$Division (RaftServerImpl.java:setFirstElection(574)) - 0f39c21b-d5b1-40df-b9b4-e74314e680e2@group-E75D70240EB6: set firstElectionSinceStartup to false for candidate:bc7e9acf-0dfc-47a3-8dfb-4b83deb456d1
2024-04-28 12:43:58,862 [grpc-default-executor-3] INFO  server.RaftServer$Division (RaftServerImpl.java:requestVote(1389)) - 59f7e7ee-27c3-4dbc-8a0c-a3c2dbd1352c@group-E75D70240EB6: receive requestVote(ELECTION, bc7e9acf-0dfc-47a3-8dfb-4b83deb456d1, group-E75D70240EB6, 1, (t:0, i:0))
2024-04-28 12:43:58,862 [grpc-default-executor-3] INFO  impl.VoteContext (VoteContext.java:log(49)) - 59f7e7ee-27c3-4dbc-8a0c-a3c2dbd1352c@group-E75D70240EB6-FOLLOWER: accept ELECTION from bc7e9acf-0dfc-47a3-8dfb-4b83deb456d1: our priority 0 <= candidate's priority 1
2024-04-28 12:43:58,862 [grpc-default-executor-3] INFO  server.RaftServer$Division (RaftServerImpl.java:setRole(383)) - 59f7e7ee-27c3-4dbc-8a0c-a3c2dbd1352c@group-E75D70240EB6: changes role from  FOLLOWER to FOLLOWER at term 1 for candidate:bc7e9acf-0dfc-47a3-8dfb-4b83deb456d1
2024-04-28 12:43:58,862 [grpc-default-executor-3] INFO  impl.RoleInfo (RoleInfo.java:shutdownFollowerState(110)) - 59f7e7ee-27c3-4dbc-8a0c-a3c2dbd1352c: shutdown 59f7e7ee-27c3-4dbc-8a0c-a3c2dbd1352c@group-E75D70240EB6-FollowerState
2024-04-28 12:43:58,862 [grpc-default-executor-3] INFO  impl.RoleInfo (RoleInfo.java:updateAndGet(139)) - 59f7e7ee-27c3-4dbc-8a0c-a3c2dbd1352c: start 59f7e7ee-27c3-4dbc-8a0c-a3c2dbd1352c@group-E75D70240EB6-FollowerState
2024-04-28 12:43:58,862 [59f7e7ee-27c3-4dbc-8a0c-a3c2dbd1352c@group-E75D70240EB6-FollowerState] INFO  impl.FollowerState (FollowerState.java:run(152)) - 59f7e7ee-27c3-4dbc-8a0c-a3c2dbd1352c@group-E75D70240EB6-FollowerState was interrupted
2024-04-28 12:43:58,863 [grpc-default-executor-0] INFO  server.RaftServer$Division (RaftServerImpl.java:requestVote(1422)) - 0f39c21b-d5b1-40df-b9b4-e74314e680e2@group-E75D70240EB6 replies to ELECTION vote request: bc7e9acf-0dfc-47a3-8dfb-4b83deb456d1<-0f39c21b-d5b1-40df-b9b4-e74314e680e2#0:OK-t1. Peer's state: 0f39c21b-d5b1-40df-b9b4-e74314e680e2@group-E75D70240EB6:t1, leader=null, voted=bc7e9acf-0dfc-47a3-8dfb-4b83deb456d1, raftlog=Memoized:0f39c21b-d5b1-40df-b9b4-e74314e680e2@group-E75D70240EB6-SegmentedRaftLog:OPENED:c-1, conf=-1: peers:[0f39c21b-d5b1-40df-b9b4-e74314e680e2|127.0.0.1:15166, 59f7e7ee-27c3-4dbc-8a0c-a3c2dbd1352c|127.0.0.1:15157, bc7e9acf-0dfc-47a3-8dfb-4b83deb456d1|127.0.0.1:15175]|listeners:[], old=null
2024-04-28 12:43:58,864 [bc7e9acf-0dfc-47a3-8dfb-4b83deb456d1@group-E75D70240EB6-LeaderElection29] INFO  impl.LeaderElection (LeaderElection.java:logAndReturn(89)) - bc7e9acf-0dfc-47a3-8dfb-4b83deb456d1@group-E75D70240EB6-LeaderElection29: ELECTION PASSED received 1 response(s) and 0 exception(s):
2024-04-28 12:43:58,864 [bc7e9acf-0dfc-47a3-8dfb-4b83deb456d1@group-E75D70240EB6-LeaderElection29] INFO  impl.LeaderElection (LeaderElection.java:logAndReturn(93)) -   Response 0: bc7e9acf-0dfc-47a3-8dfb-4b83deb456d1<-0f39c21b-d5b1-40df-b9b4-e74314e680e2#0:OK-t1
2024-04-28 12:43:58,864 [bc7e9acf-0dfc-47a3-8dfb-4b83deb456d1@group-E75D70240EB6-LeaderElection29] INFO  impl.LeaderElection (LeaderElection.java:askForVotes(323)) - bc7e9acf-0dfc-47a3-8dfb-4b83deb456d1@group-E75D70240EB6-LeaderElection29 ELECTION round 0: result PASSED
2024-04-28 12:43:58,864 [bc7e9acf-0dfc-47a3-8dfb-4b83deb456d1@group-E75D70240EB6-LeaderElection29] INFO  impl.RoleInfo (RoleInfo.java:shutdownLeaderElection(130)) - bc7e9acf-0dfc-47a3-8dfb-4b83deb456d1: shutdown bc7e9acf-0dfc-47a3-8dfb-4b83deb456d1@group-E75D70240EB6-LeaderElection29
2024-04-28 12:43:58,864 [bc7e9acf-0dfc-47a3-8dfb-4b83deb456d1@group-E75D70240EB6-LeaderElection29] INFO  server.RaftServer$Division (RaftServerImpl.java:setRole(383)) - bc7e9acf-0dfc-47a3-8dfb-4b83deb456d1@group-E75D70240EB6: changes role from CANDIDATE to LEADER at term 1 for changeToLeader
2024-04-28 12:43:58,864 [bc7e9acf-0dfc-47a3-8dfb-4b83deb456d1@group-E75D70240EB6-LeaderElection29] INFO  server.RaftServerConfigKeys (ConfUtils.java:logGet(46)) - raft.server.staging.catchup.gap = 1000 (default)
2024-04-28 12:43:58,865 [bc7e9acf-0dfc-47a3-8dfb-4b83deb456d1@group-E75D70240EB6-LeaderElection29] INFO  server.RaftServerConfigKeys (ConfUtils.java:logGet(46)) - raft.server.write.element-limit = 1024 (custom)
2024-04-28 12:43:58,865 [bc7e9acf-0dfc-47a3-8dfb-4b83deb456d1@group-E75D70240EB6-LeaderElection29] INFO  server.RaftServerConfigKeys (ConfUtils.java:logGet(46)) - raft.server.write.byte-limit = 1024 M (=1073741824) (custom)
2024-04-28 12:43:58,865 [bc7e9acf-0dfc-47a3-8dfb-4b83deb456d1@group-E75D70240EB6-LeaderElection29] INFO  server.RaftServerConfigKeys (ConfUtils.java:logGet(46)) - raft.server.watch.timeout = 3000ms (custom)
2024-04-28 12:43:58,865 [bc7e9acf-0dfc-47a3-8dfb-4b83deb456d1@group-E75D70240EB6-LeaderElection29] INFO  server.RaftServerConfigKeys (ConfUtils.java:logGet(46)) - raft.server.watch.timeout.denomination = 1s (default)
2024-04-28 12:43:58,865 [bc7e9acf-0dfc-47a3-8dfb-4b83deb456d1@group-E75D70240EB6-LeaderElection29] INFO  server.RaftServerConfigKeys (ConfUtils.java:logGet(46)) - raft.server.watch.element-limit = 65536 (default)
2024-04-28 12:43:58,865 [bc7e9acf-0dfc-47a3-8dfb-4b83deb456d1@group-E75D70240EB6-LeaderElection29] INFO  server.RaftServerConfigKeys (ConfUtils.java:logGet(46)) - raft.server.read.leader.lease.enabled = false (default)
2024-04-28 12:43:58,865 [bc7e9acf-0dfc-47a3-8dfb-4b83deb456d1@group-E75D70240EB6-LeaderElection29] INFO  server.RaftServerConfigKeys (ConfUtils.java:logGet(46)) - raft.server.read.leader.lease.timeout.ratio = 0.9 (default)
2024-04-28 12:43:58,865 [bc7e9acf-0dfc-47a3-8dfb-4b83deb456d1@group-E75D70240EB6-LeaderElection29] INFO  server.RaftServerConfigKeys (ConfUtils.java:logGet(46)) - raft.server.rpc.timeout.min = 5s (custom)
2024-04-28 12:43:58,865 [bc7e9acf-0dfc-47a3-8dfb-4b83deb456d1@group-E75D70240EB6-LeaderElection29] INFO  server.RaftServerConfigKeys (ConfUtils.java:logGet(46)) - raft.server.write.element-limit = 1024 (custom)
2024-04-28 12:43:58,865 [bc7e9acf-0dfc-47a3-8dfb-4b83deb456d1@group-E75D70240EB6-LeaderElection29] INFO  server.RaftServerConfigKeys (ConfUtils.java:logGet(46)) - raft.server.write.follower.gap.ratio.max = -1.0 (default)
2024-04-28 12:43:58,866 [bc7e9acf-0dfc-47a3-8dfb-4b83deb456d1@group-E75D70240EB6-LeaderElection29] INFO  server.RaftServerConfigKeys (ConfUtils.java:logGet(46)) - raft.server.log.appender.snapshot.chunk.size.max = 16MB (=16777216) (default)
2024-04-28 12:43:58,866 [bc7e9acf-0dfc-47a3-8dfb-4b83deb456d1@group-E75D70240EB6-LeaderElection29] INFO  server.RaftServerConfigKeys (ConfUtils.java:logGet(46)) - raft.server.log.appender.buffer.byte-limit = 8388608 (custom)
2024-04-28 12:43:58,866 [bc7e9acf-0dfc-47a3-8dfb-4b83deb456d1@group-E75D70240EB6-LeaderElection29] INFO  server.RaftServerConfigKeys (ConfUtils.java:logGet(46)) - raft.server.log.appender.buffer.element-limit = 1 (custom)
2024-04-28 12:43:58,866 [bc7e9acf-0dfc-47a3-8dfb-4b83deb456d1@group-E75D70240EB6-LeaderElection29] INFO  server.RaftServerConfigKeys (ConfUtils.java:logGet(46)) - raft.server.log.appender.wait-time.min = 0ms (custom)
2024-04-28 12:43:58,866 [bc7e9acf-0dfc-47a3-8dfb-4b83deb456d1@group-E75D70240EB6-LeaderElection29] INFO  grpc.GrpcConfigKeys (ConfUtils.java:logGet(46)) - raft.grpc.server.leader.outstanding.appends.max = 8 (default)
2024-04-28 12:43:58,866 [bc7e9acf-0dfc-47a3-8dfb-4b83deb456d1@group-E75D70240EB6-LeaderElection29] INFO  server.RaftServerConfigKeys (ConfUtils.java:logGet(46)) - raft.server.rpc.request.timeout = 3000ms (default)
2024-04-28 12:43:58,866 [bc7e9acf-0dfc-47a3-8dfb-4b83deb456d1@group-E75D70240EB6-LeaderElection29] INFO  grpc.GrpcConfigKeys (ConfUtils.java:logGet(46)) - raft.grpc.server.install_snapshot.request.element-limit = 8 (default)
2024-04-28 12:43:58,867 [bc7e9acf-0dfc-47a3-8dfb-4b83deb456d1@group-E75D70240EB6-LeaderElection29] INFO  grpc.GrpcConfigKeys (ConfUtils.java:logGet(46)) - raft.grpc.server.install_snapshot.request.timeout = 3000ms (default)
2024-04-28 12:43:58,867 [bc7e9acf-0dfc-47a3-8dfb-4b83deb456d1@group-E75D70240EB6-LeaderElection29] INFO  grpc.GrpcConfigKeys (ConfUtils.java:logGet(46)) - raft.grpc.server.log-message.batch.duration = 5s (default)
2024-04-28 12:43:58,867 [bc7e9acf-0dfc-47a3-8dfb-4b83deb456d1@group-E75D70240EB6-LeaderElection29] INFO  server.RaftServerConfigKeys (ConfUtils.java:logGet(46)) - raft.server.log.appender.install.snapshot.enabled = false (custom)
2024-04-28 12:43:58,867 [bc7e9acf-0dfc-47a3-8dfb-4b83deb456d1@group-E75D70240EB6-LeaderElection29] INFO  grpc.GrpcConfigKeys (ConfUtils.java:logGet(46)) - raft.grpc.server.heartbeat.channel = true (default)
2024-04-28 12:43:58,867 [bc7e9acf-0dfc-47a3-8dfb-4b83deb456d1@group-E75D70240EB6-LeaderElection29] INFO  server.RaftServerConfigKeys (ConfUtils.java:logGet(46)) - raft.server.log.appender.snapshot.chunk.size.max = 16MB (=16777216) (default)
2024-04-28 12:43:58,868 [bc7e9acf-0dfc-47a3-8dfb-4b83deb456d1@group-E75D70240EB6-LeaderElection29] INFO  server.RaftServerConfigKeys (ConfUtils.java:logGet(46)) - raft.server.log.appender.buffer.byte-limit = 8388608 (custom)
2024-04-28 12:43:58,868 [bc7e9acf-0dfc-47a3-8dfb-4b83deb456d1@group-E75D70240EB6-LeaderElection29] INFO  server.RaftServerConfigKeys (ConfUtils.java:logGet(46)) - raft.server.log.appender.buffer.element-limit = 1 (custom)
2024-04-28 12:43:58,868 [bc7e9acf-0dfc-47a3-8dfb-4b83deb456d1@group-E75D70240EB6-LeaderElection29] INFO  server.RaftServerConfigKeys (ConfUtils.java:logGet(46)) - raft.server.log.appender.wait-time.min = 0ms (custom)
2024-04-28 12:43:58,868 [bc7e9acf-0dfc-47a3-8dfb-4b83deb456d1@group-E75D70240EB6-LeaderElection29] INFO  grpc.GrpcConfigKeys (ConfUtils.java:logGet(46)) - raft.grpc.server.leader.outstanding.appends.max = 8 (default)
2024-04-28 12:43:58,868 [bc7e9acf-0dfc-47a3-8dfb-4b83deb456d1@group-E75D70240EB6-LeaderElection29] INFO  server.RaftServerConfigKeys (ConfUtils.java:logGet(46)) - raft.server.rpc.request.timeout = 3000ms (default)
2024-04-28 12:43:58,868 [bc7e9acf-0dfc-47a3-8dfb-4b83deb456d1@group-E75D70240EB6-LeaderElection29] INFO  grpc.GrpcConfigKeys (ConfUtils.java:logGet(46)) - raft.grpc.server.install_snapshot.request.element-limit = 8 (default)
2024-04-28 12:43:58,868 [bc7e9acf-0dfc-47a3-8dfb-4b83deb456d1@group-E75D70240EB6-LeaderElection29] INFO  grpc.GrpcConfigKeys (ConfUtils.java:logGet(46)) - raft.grpc.server.install_snapshot.request.timeout = 3000ms (default)
2024-04-28 12:43:58,868 [bc7e9acf-0dfc-47a3-8dfb-4b83deb456d1@group-E75D70240EB6-LeaderElection29] INFO  grpc.GrpcConfigKeys (ConfUtils.java:logGet(46)) - raft.grpc.server.log-message.batch.duration = 5s (default)
2024-04-28 12:43:58,868 [bc7e9acf-0dfc-47a3-8dfb-4b83deb456d1@group-E75D70240EB6-LeaderElection29] INFO  server.RaftServerConfigKeys (ConfUtils.java:logGet(46)) - raft.server.log.appender.install.snapshot.enabled = false (custom)
2024-04-28 12:43:58,868 [bc7e9acf-0dfc-47a3-8dfb-4b83deb456d1@group-E75D70240EB6-LeaderElection29] INFO  grpc.GrpcConfigKeys (ConfUtils.java:logGet(46)) - raft.grpc.server.heartbeat.channel = true (default)
2024-04-28 12:43:58,869 [bc7e9acf-0dfc-47a3-8dfb-4b83deb456d1@group-E75D70240EB6-LeaderElection29] INFO  impl.RoleInfo (RoleInfo.java:updateAndGet(139)) - bc7e9acf-0dfc-47a3-8dfb-4b83deb456d1: start bc7e9acf-0dfc-47a3-8dfb-4b83deb456d1@group-E75D70240EB6-LeaderStateImpl
2024-04-28 12:43:58,869 [bc7e9acf-0dfc-47a3-8dfb-4b83deb456d1@group-E75D70240EB6-LeaderElection29] INFO  server.RaftServer$Division (RaftServerImpl.java:setFirstElection(574)) - bc7e9acf-0dfc-47a3-8dfb-4b83deb456d1@group-E75D70240EB6: set firstElectionSinceStartup to false for becomeLeader
2024-04-28 12:43:58,869 [bc7e9acf-0dfc-47a3-8dfb-4b83deb456d1@group-E75D70240EB6-LeaderElection29] INFO  ratis.XceiverServerRatis (XceiverServerRatis.java:handleLeaderChangedNotification(966)) - Leader change notification received for group: group-E75D70240EB6 with new leaderId: bc7e9acf-0dfc-47a3-8dfb-4b83deb456d1
2024-04-28 12:43:58,869 [bc7e9acf-0dfc-47a3-8dfb-4b83deb456d1@group-E75D70240EB6-LeaderElection29] INFO  server.RaftServer$Division (ServerState.java:setLeader(269)) - bc7e9acf-0dfc-47a3-8dfb-4b83deb456d1@group-E75D70240EB6: change Leader from null to bc7e9acf-0dfc-47a3-8dfb-4b83deb456d1 at term 1 for becomeLeader, leader elected after 5212ms
2024-04-28 12:43:58,869 [bc7e9acf-0dfc-47a3-8dfb-4b83deb456d1@group-E75D70240EB6-LeaderElection29] INFO  segmented.SegmentedRaftLogWorker (SegmentedRaftLogWorker.java:startLogSegment(430)) - bc7e9acf-0dfc-47a3-8dfb-4b83deb456d1@group-E75D70240EB6-SegmentedRaftLogWorker: Starting segment from index:0
2024-04-28 12:43:58,869 [bc7e9acf-0dfc-47a3-8dfb-4b83deb456d1@group-E75D70240EB6-SegmentedRaftLogWorker] INFO  segmented.BufferedWriteChannel (BufferedWriteChannel.java:open(62)) - open log_inprogress_0 at position 0
2024-04-28 12:43:58,870 [grpc-default-executor-3] INFO  server.RaftServer$Division (RaftServerImpl.java:requestVote(1422)) - 59f7e7ee-27c3-4dbc-8a0c-a3c2dbd1352c@group-E75D70240EB6 replies to ELECTION vote request: bc7e9acf-0dfc-47a3-8dfb-4b83deb456d1<-59f7e7ee-27c3-4dbc-8a0c-a3c2dbd1352c#0:OK-t1. Peer's state: 59f7e7ee-27c3-4dbc-8a0c-a3c2dbd1352c@group-E75D70240EB6:t1, leader=null, voted=bc7e9acf-0dfc-47a3-8dfb-4b83deb456d1, raftlog=Memoized:59f7e7ee-27c3-4dbc-8a0c-a3c2dbd1352c@group-E75D70240EB6-SegmentedRaftLog:OPENED:c-1, conf=-1: peers:[0f39c21b-d5b1-40df-b9b4-e74314e680e2|127.0.0.1:15166, 59f7e7ee-27c3-4dbc-8a0c-a3c2dbd1352c|127.0.0.1:15157, bc7e9acf-0dfc-47a3-8dfb-4b83deb456d1|127.0.0.1:15175]|listeners:[], old=null
2024-04-28 12:43:58,872 [EventQueue-PipelineReportForPipelineReportHandler] INFO  pipeline.PipelineReportHandler (PipelineReportHandler.java:processPipelineReport(136)) - Opened pipeline PipelineID=3677031e-92e1-4d32-a29a-e75d70240eb6
2024-04-28 12:43:58,873 [bc7e9acf-0dfc-47a3-8dfb-4b83deb456d1@group-E75D70240EB6-LeaderElection29] INFO  server.RaftServer$Division (ServerState.java:setRaftConf(386)) - bc7e9acf-0dfc-47a3-8dfb-4b83deb456d1@group-E75D70240EB6: set configuration 0: peers:[0f39c21b-d5b1-40df-b9b4-e74314e680e2|127.0.0.1:15166, 59f7e7ee-27c3-4dbc-8a0c-a3c2dbd1352c|127.0.0.1:15157, bc7e9acf-0dfc-47a3-8dfb-4b83deb456d1|127.0.0.1:15175]|listeners:[], old=null
2024-04-28 12:43:58,876 [bc7e9acf-0dfc-47a3-8dfb-4b83deb456d1@group-E75D70240EB6-SegmentedRaftLogWorker] INFO  segmented.SegmentedRaftLogWorker (SegmentedRaftLogWorker.java:execute(634)) - bc7e9acf-0dfc-47a3-8dfb-4b83deb456d1@group-E75D70240EB6-SegmentedRaftLogWorker: created new log segment /home/runner/work/ozone/ozone/hadoop-ozone/integration-test/target/test-dir/MiniOzoneClusterImpl-fb989876-9371-464e-b996-ece4d3fe3ecb/ozone-meta/datanode-9/ratis/3677031e-92e1-4d32-a29a-e75d70240eb6/current/log_inprogress_0
2024-04-28 12:43:58,878 [0f39c21b-d5b1-40df-b9b4-e74314e680e2-server-thread1] INFO  ratis.XceiverServerRatis (XceiverServerRatis.java:handleLeaderChangedNotification(966)) - Leader change notification received for group: group-E75D70240EB6 with new leaderId: bc7e9acf-0dfc-47a3-8dfb-4b83deb456d1
2024-04-28 12:43:58,878 [0f39c21b-d5b1-40df-b9b4-e74314e680e2-server-thread1] INFO  server.RaftServer$Division (ServerState.java:setLeader(269)) - 0f39c21b-d5b1-40df-b9b4-e74314e680e2@group-E75D70240EB6: change Leader from null to bc7e9acf-0dfc-47a3-8dfb-4b83deb456d1 at term 1 for appendEntries, leader elected after 5198ms
2024-04-28 12:43:58,880 [59f7e7ee-27c3-4dbc-8a0c-a3c2dbd1352c-server-thread1] INFO  ratis.XceiverServerRatis (XceiverServerRatis.java:handleLeaderChangedNotification(966)) - Leader change notification received for group: group-E75D70240EB6 with new leaderId: bc7e9acf-0dfc-47a3-8dfb-4b83deb456d1
2024-04-28 12:43:58,880 [59f7e7ee-27c3-4dbc-8a0c-a3c2dbd1352c-server-thread1] INFO  server.RaftServer$Division (ServerState.java:setLeader(269)) - 59f7e7ee-27c3-4dbc-8a0c-a3c2dbd1352c@group-E75D70240EB6: change Leader from null to bc7e9acf-0dfc-47a3-8dfb-4b83deb456d1 at term 1 for appendEntries, leader elected after 5243ms
2024-04-28 12:43:58,881 [0f39c21b-d5b1-40df-b9b4-e74314e680e2-server-thread2] INFO  server.RaftServer$Division (ServerState.java:setRaftConf(386)) - 0f39c21b-d5b1-40df-b9b4-e74314e680e2@group-E75D70240EB6: set configuration 0: peers:[0f39c21b-d5b1-40df-b9b4-e74314e680e2|127.0.0.1:15166, 59f7e7ee-27c3-4dbc-8a0c-a3c2dbd1352c|127.0.0.1:15157, bc7e9acf-0dfc-47a3-8dfb-4b83deb456d1|127.0.0.1:15175]|listeners:[], old=null
2024-04-28 12:43:58,881 [0f39c21b-d5b1-40df-b9b4-e74314e680e2-server-thread2] INFO  segmented.SegmentedRaftLogWorker (SegmentedRaftLogWorker.java:startLogSegment(430)) - 0f39c21b-d5b1-40df-b9b4-e74314e680e2@group-E75D70240EB6-SegmentedRaftLogWorker: Starting segment from index:0
2024-04-28 12:43:58,881 [0f39c21b-d5b1-40df-b9b4-e74314e680e2@group-E75D70240EB6-SegmentedRaftLogWorker] INFO  segmented.BufferedWriteChannel (BufferedWriteChannel.java:open(62)) - open log_inprogress_0 at position 0
2024-04-28 12:43:58,882 [59f7e7ee-27c3-4dbc-8a0c-a3c2dbd1352c-server-thread1] INFO  server.RaftServer$Division (ServerState.java:setRaftConf(386)) - 59f7e7ee-27c3-4dbc-8a0c-a3c2dbd1352c@group-E75D70240EB6: set configuration 0: peers:[0f39c21b-d5b1-40df-b9b4-e74314e680e2|127.0.0.1:15166, 59f7e7ee-27c3-4dbc-8a0c-a3c2dbd1352c|127.0.0.1:15157, bc7e9acf-0dfc-47a3-8dfb-4b83deb456d1|127.0.0.1:15175]|listeners:[], old=null
2024-04-28 12:43:58,882 [59f7e7ee-27c3-4dbc-8a0c-a3c2dbd1352c-server-thread1] INFO  segmented.SegmentedRaftLogWorker (SegmentedRaftLogWorker.java:startLogSegment(430)) - 59f7e7ee-27c3-4dbc-8a0c-a3c2dbd1352c@group-E75D70240EB6-SegmentedRaftLogWorker: Starting segment from index:0
2024-04-28 12:43:58,883 [59f7e7ee-27c3-4dbc-8a0c-a3c2dbd1352c@group-E75D70240EB6-SegmentedRaftLogWorker] INFO  segmented.BufferedWriteChannel (BufferedWriteChannel.java:open(62)) - open log_inprogress_0 at position 0
2024-04-28 12:43:58,891 [0f39c21b-d5b1-40df-b9b4-e74314e680e2@group-E75D70240EB6-SegmentedRaftLogWorker] INFO  segmented.SegmentedRaftLogWorker (SegmentedRaftLogWorker.java:execute(634)) - 0f39c21b-d5b1-40df-b9b4-e74314e680e2@group-E75D70240EB6-SegmentedRaftLogWorker: created new log segment /home/runner/work/ozone/ozone/hadoop-ozone/integration-test/target/test-dir/MiniOzoneClusterImpl-fb989876-9371-464e-b996-ece4d3fe3ecb/ozone-meta/datanode-8/ratis/3677031e-92e1-4d32-a29a-e75d70240eb6/current/log_inprogress_0
2024-04-28 12:43:58,891 [59f7e7ee-27c3-4dbc-8a0c-a3c2dbd1352c@group-E75D70240EB6-SegmentedRaftLogWorker] INFO  segmented.SegmentedRaftLogWorker (SegmentedRaftLogWorker.java:execute(634)) - 59f7e7ee-27c3-4dbc-8a0c-a3c2dbd1352c@group-E75D70240EB6-SegmentedRaftLogWorker: created new log segment /home/runner/work/ozone/ozone/hadoop-ozone/integration-test/target/test-dir/MiniOzoneClusterImpl-fb989876-9371-464e-b996-ece4d3fe3ecb/ozone-meta/datanode-7/ratis/3677031e-92e1-4d32-a29a-e75d70240eb6/current/log_inprogress_0
2024-04-28 12:43:58,893 [bc7e9acf-0dfc-47a3-8dfb-4b83deb456d1@group-E75D70240EB6-StateMachineUpdater] INFO  server.RaftServer$Division (LeaderStateImpl.java:isApplied(320)) - leader is ready since appliedIndex == 0 >= startIndex == 0
2024-04-28 12:43:59,202 [53f12868-9e08-461f-b1df-8616d22e03b0-impl-thread2] INFO  segmented.SegmentedRaftLogWorker (SegmentedRaftLogWorker.java:close(245)) - 53f12868-9e08-461f-b1df-8616d22e03b0@group-C697AFB1141A-SegmentedRaftLogWorker close()
2024-04-28 12:43:59,788 [53f12868-9e08-461f-b1df-8616d22e03b0-impl-thread1] INFO  segmented.SegmentedRaftLogWorker (SegmentedRaftLogWorker.java:close(245)) - 53f12868-9e08-461f-b1df-8616d22e03b0@group-64502A0FA25A-SegmentedRaftLogWorker close()
2024-04-28 12:43:59,788 [JvmPauseMonitor13] INFO  util.JvmPauseMonitor (JvmPauseMonitor.java:run(152)) - JvmPauseMonitor-53f12868-9e08-461f-b1df-8616d22e03b0: Stopped
2024-04-28 12:44:01,791 [main] INFO  utils.DatanodeStoreCache (DatanodeStoreCache.java:shutdownCache(116)) - Skip clearing cache in mini cluster mode. Entries left: [/home/runner/work/ozone/ozone/hadoop-ozone/integration-test/target/test-dir/MiniOzoneClusterImpl-fb989876-9371-464e-b996-ece4d3fe3ecb/ozone-meta/datanode-1/data-0/hdds/fb989876-9371-464e-b996-ece4d3fe3ecb/DS-4e9f5c95-69f1-4061-a030-37237a4e7032/container.db, /home/runner/work/ozone/ozone/hadoop-ozone/integration-test/target/test-dir/MiniOzoneClusterImpl-fb989876-9371-464e-b996-ece4d3fe3ecb/ozone-meta/datanode-2/data-0/hdds/fb989876-9371-464e-b996-ece4d3fe3ecb/DS-225ccfa7-c61f-4636-81dd-e0d4a7d6966f/container.db, /home/runner/work/ozone/ozone/hadoop-ozone/integration-test/target/test-dir/MiniOzoneClusterImpl-fb989876-9371-464e-b996-ece4d3fe3ecb/ozone-meta/datanode-3/data-0/hdds/fb989876-9371-464e-b996-ece4d3fe3ecb/DS-c0d99979-ab6b-412f-b839-f6d8d50a27a8/container.db, /home/runner/work/ozone/ozone/hadoop-ozone/integration-test/target/test-dir/MiniOzoneClusterImpl-fb989876-9371-464e-b996-ece4d3fe3ecb/ozone-meta/datanode-4/data-0/hdds/fb989876-9371-464e-b996-ece4d3fe3ecb/DS-d16afd8a-3f32-48ac-8e84-4b8c4b21e4ba/container.db, /home/runner/work/ozone/ozone/hadoop-ozone/integration-test/target/test-dir/MiniOzoneClusterImpl-fb989876-9371-464e-b996-ece4d3fe3ecb/ozone-meta/datanode-5/data-0/hdds/fb989876-9371-464e-b996-ece4d3fe3ecb/DS-41fa0899-e81b-4f8c-8d83-23608199a02e/container.db, /home/runner/work/ozone/ozone/hadoop-ozone/integration-test/target/test-dir/MiniOzoneClusterImpl-fb989876-9371-464e-b996-ece4d3fe3ecb/ozone-meta/datanode-6/data-0/hdds/fb989876-9371-464e-b996-ece4d3fe3ecb/DS-d4c992d0-2454-4154-ac60-ed36f2d24938/container.db, /home/runner/work/ozone/ozone/hadoop-ozone/integration-test/target/test-dir/MiniOzoneClusterImpl-fb989876-9371-464e-b996-ece4d3fe3ecb/ozone-meta/datanode-7/data-0/hdds/fb989876-9371-464e-b996-ece4d3fe3ecb/DS-03700e63-4553-424f-a6a9-07a749ac4bc5/container.db, /home/runner/work/ozone/ozone/hadoop-ozone/integration-test/target/test-dir/MiniOzoneClusterImpl-fb989876-9371-464e-b996-ece4d3fe3ecb/ozone-meta/datanode-8/data-0/hdds/fb989876-9371-464e-b996-ece4d3fe3ecb/DS-1e51e6f3-33cc-4295-afa9-d9dc63d41ace/container.db, /home/runner/work/ozone/ozone/hadoop-ozone/integration-test/target/test-dir/MiniOzoneClusterImpl-fb989876-9371-464e-b996-ece4d3fe3ecb/ozone-meta/datanode-9/data-0/hdds/fb989876-9371-464e-b996-ece4d3fe3ecb/DS-71dc244d-30ac-4301-9176-6306de09b30b/container.db]
2024-04-28 12:44:01,792 [main] INFO  utils.DatanodeStoreCache (DatanodeStoreCache.java:removeDB(110)) - Removed db /home/runner/work/ozone/ozone/hadoop-ozone/integration-test/target/test-dir/MiniOzoneClusterImpl-fb989876-9371-464e-b996-ece4d3fe3ecb/ozone-meta/datanode-1/data-0/hdds/fb989876-9371-464e-b996-ece4d3fe3ecb/DS-4e9f5c95-69f1-4061-a030-37237a4e7032/container.db from cache
2024-04-28 12:44:01,792 [main] INFO  volume.HddsVolume (HddsVolume.java:closeDbStore(470)) - SchemaV3 db is stopped at /home/runner/work/ozone/ozone/hadoop-ozone/integration-test/target/test-dir/MiniOzoneClusterImpl-fb989876-9371-464e-b996-ece4d3fe3ecb/ozone-meta/datanode-1/data-0/hdds/fb989876-9371-464e-b996-ece4d3fe3ecb/DS-4e9f5c95-69f1-4061-a030-37237a4e7032/container.db for volume DS-4e9f5c95-69f1-4061-a030-37237a4e7032
2024-04-28 12:44:01,792 [main] INFO  utils.BackgroundService (BackgroundService.java:shutdown(160)) - Shutting down service BlockDeletingService
2024-04-28 12:44:01,792 [main] INFO  utils.BackgroundService (BackgroundService.java:shutdown(160)) - Shutting down service StaleRecoveringContainerScrubbingService
2024-04-28 12:44:01,793 [main] INFO  statemachine.DatanodeStateMachine (DatanodeStateMachine.java:stopDaemon(638)) - Ozone container server stopped.
2024-04-28 12:44:01,793 [main] INFO  handler.ContextHandler (ContextHandler.java:doStop(1159)) - Stopped o.e.j.w.WebAppContext@6130156b{hddsDatanode,/,null,STOPPED}{file:/home/runner/work/ozone/ozone/hadoop-hdds/container-service/target/classes/webapps/hddsDatanode}
2024-04-28 12:44:01,794 [main] INFO  server.AbstractConnector (AbstractConnector.java:doStop(383)) - Stopped ServerConnector@517fd762{HTTP/1.1, (http/1.1)}{0.0.0.0:15098}
2024-04-28 12:44:01,794 [main] INFO  server.session (HouseKeeper.java:stopScavenging(149)) - node0 Stopped scavenging
2024-04-28 12:44:01,794 [main] INFO  handler.ContextHandler (ContextHandler.java:doStop(1159)) - Stopped o.e.j.s.ServletContextHandler@354c986c{static,/static,file:///home/runner/work/ozone/ozone/hadoop-hdds/container-service/target/classes/webapps/static,STOPPED}
2024-04-28 12:44:01,794 [main] INFO  handler.ContextHandler (ContextHandler.java:doStop(1159)) - Stopped o.e.j.s.ServletContextHandler@68cca23e{logs,/logs,file:///home/runner/work/ozone/ozone/hadoop-ozone/integration-test/target/log,STOPPED}
2024-04-28 12:44:01,795 [main] INFO  ozone.HddsDatanodeClientProtocolServer (HddsDatanodeClientProtocolServer.java:stop(83)) - Stopping the RPC server for Client Protocol
2024-04-28 12:44:01,795 [main] INFO  ipc.Server (Server.java:stop(3523)) - Stopping server on 15099
2024-04-28 12:44:01,795 [IPC Server Responder] INFO  ipc.Server (Server.java:run(1567)) - Stopping IPC Server Responder
2024-04-28 12:44:01,795 [IPC Server listener on 15099] INFO  ipc.Server (Server.java:run(1434)) - Stopping IPC Server listener on 15099
2024-04-28 12:44:01,796 [main] INFO  ozoneimpl.OzoneContainer (OzoneContainer.java:stop(481)) - Attempting to stop container services.
2024-04-28 12:44:01,797 [ContainerMetadataScanner] WARN  ozoneimpl.AbstractBackgroundContainerScanner (AbstractBackgroundContainerScanner.java:handleRemainingSleep(134)) - Background container scan was interrupted.
2024-04-28 12:44:01,797 [ContainerMetadataScanner] INFO  ozoneimpl.AbstractBackgroundContainerScanner (AbstractBackgroundContainerScanner.java:run(61)) - Thread[ContainerMetadataScanner,5,main] exiting.
2024-04-28 12:44:01,797 [main] INFO  ozoneimpl.BackgroundContainerDataScanner (BackgroundContainerDataScanner.java:shutdown(141)) - ContainerDataScanner(/home/runner/work/ozone/ozone/hadoop-ozone/integration-test/target/test-dir/MiniOzoneClusterImpl-fb989876-9371-464e-b996-ece4d3fe3ecb/ozone-meta/datanode-3/data-0/hdds) is shutting down. 
2024-04-28 12:44:01,797 [ContainerDataScanner(/home/runner/work/ozone/ozone/hadoop-ozone/integration-test/target/test-dir/MiniOzoneClusterImpl-fb989876-9371-464e-b996-ece4d3fe3ecb/ozone-meta/datanode-3/data-0/hdds)] WARN  ozoneimpl.AbstractBackgroundContainerScanner (AbstractBackgroundContainerScanner.java:handleRemainingSleep(134)) - Background container scan was interrupted.
2024-04-28 12:44:01,797 [ContainerDataScanner(/home/runner/work/ozone/ozone/hadoop-ozone/integration-test/target/test-dir/MiniOzoneClusterImpl-fb989876-9371-464e-b996-ece4d3fe3ecb/ozone-meta/datanode-3/data-0/hdds)] INFO  ozoneimpl.AbstractBackgroundContainerScanner (AbstractBackgroundContainerScanner.java:run(61)) - ContainerDataScanner(/home/runner/work/ozone/ozone/hadoop-ozone/integration-test/target/test-dir/MiniOzoneClusterImpl-fb989876-9371-464e-b996-ece4d3fe3ecb/ozone-meta/datanode-3/data-0/hdds, DS-c0d99979-ab6b-412f-b839-f6d8d50a27a8) exiting.
2024-04-28 12:44:01,797 [main] INFO  server.RaftServer (RaftServerProxy.java:lambda$close$9(416)) - 013b6299-c97b-4afe-8aa4-203fc50eadfd: close
2024-04-28 12:44:01,797 [013b6299-c97b-4afe-8aa4-203fc50eadfd-impl-thread1] INFO  server.RaftServer$Division (RaftServerImpl.java:lambda$close$3(526)) - 013b6299-c97b-4afe-8aa4-203fc50eadfd@group-B64080496AF1: shutdown
2024-04-28 12:44:01,797 [013b6299-c97b-4afe-8aa4-203fc50eadfd-impl-thread1] INFO  util.JmxRegister (JmxRegister.java:unregister(73)) - Successfully un-registered JMX Bean with object name Ratis:service=RaftServer,group=group-B64080496AF1,id=013b6299-c97b-4afe-8aa4-203fc50eadfd
2024-04-28 12:44:01,797 [013b6299-c97b-4afe-8aa4-203fc50eadfd-impl-thread1] INFO  impl.RoleInfo (RoleInfo.java:shutdownLeaderState(94)) - 013b6299-c97b-4afe-8aa4-203fc50eadfd: shutdown 013b6299-c97b-4afe-8aa4-203fc50eadfd@group-B64080496AF1-LeaderStateImpl
2024-04-28 12:44:01,798 [013b6299-c97b-4afe-8aa4-203fc50eadfd-impl-thread1] INFO  impl.PendingRequests (PendingRequests.java:sendNotLeaderResponses(289)) - 013b6299-c97b-4afe-8aa4-203fc50eadfd@group-B64080496AF1-PendingRequests: sendNotLeaderResponses
2024-04-28 12:44:01,798 [013b6299-c97b-4afe-8aa4-203fc50eadfd-impl-thread1] INFO  impl.StateMachineUpdater (StateMachineUpdater.java:stopAndJoin(157)) - 013b6299-c97b-4afe-8aa4-203fc50eadfd@group-B64080496AF1-StateMachineUpdater: set stopIndex = 0
2024-04-28 12:44:01,798 [013b6299-c97b-4afe-8aa4-203fc50eadfd@group-B64080496AF1-StateMachineUpdater] INFO  ratis.ContainerStateMachine (ContainerStateMachine.java:takeSnapshot(355)) - group-B64080496AF1: Taking a snapshot at:(t:1, i:0) file /home/runner/work/ozone/ozone/hadoop-ozone/integration-test/target/test-dir/MiniOzoneClusterImpl-fb989876-9371-464e-b996-ece4d3fe3ecb/ozone-meta/datanode-3/ratis/253fb1b8-b754-46f5-9b6f-b64080496af1/sm/snapshot.1_0
2024-04-28 12:44:01,798 [main] INFO  server.GrpcService (GrpcService.java:closeImpl(311)) - 013b6299-c97b-4afe-8aa4-203fc50eadfd: shutdown server org.apache.ratis.grpc.server.GrpcClientProtocolService now
2024-04-28 12:44:01,798 [013b6299-c97b-4afe-8aa4-203fc50eadfd-impl-thread2] INFO  server.RaftServer$Division (RaftServerImpl.java:lambda$close$3(526)) - 013b6299-c97b-4afe-8aa4-203fc50eadfd@group-64502A0FA25A: shutdown
2024-04-28 12:44:01,798 [013b6299-c97b-4afe-8aa4-203fc50eadfd-impl-thread2] INFO  util.JmxRegister (JmxRegister.java:unregister(73)) - Successfully un-registered JMX Bean with object name Ratis:service=RaftServer,group=group-64502A0FA25A,id=013b6299-c97b-4afe-8aa4-203fc50eadfd
2024-04-28 12:44:01,798 [013b6299-c97b-4afe-8aa4-203fc50eadfd-impl-thread2] INFO  impl.RoleInfo (RoleInfo.java:shutdownFollowerState(110)) - 013b6299-c97b-4afe-8aa4-203fc50eadfd: shutdown 013b6299-c97b-4afe-8aa4-203fc50eadfd@group-64502A0FA25A-FollowerState
2024-04-28 12:44:01,798 [013b6299-c97b-4afe-8aa4-203fc50eadfd-impl-thread2] INFO  impl.StateMachineUpdater (StateMachineUpdater.java:stopAndJoin(157)) - 013b6299-c97b-4afe-8aa4-203fc50eadfd@group-64502A0FA25A-StateMachineUpdater: set stopIndex = 2
2024-04-28 12:44:01,798 [013b6299-c97b-4afe-8aa4-203fc50eadfd@group-64502A0FA25A-StateMachineUpdater] INFO  ratis.ContainerStateMachine (ContainerStateMachine.java:takeSnapshot(355)) - group-64502A0FA25A: Taking a snapshot at:(t:1, i:2) file /home/runner/work/ozone/ozone/hadoop-ozone/integration-test/target/test-dir/MiniOzoneClusterImpl-fb989876-9371-464e-b996-ece4d3fe3ecb/ozone-meta/datanode-3/ratis/989d9bce-39bb-4444-b4fa-64502a0fa25a/sm/snapshot.1_2
2024-04-28 12:44:01,799 [013b6299-c97b-4afe-8aa4-203fc50eadfd@group-B64080496AF1-StateMachineUpdater] INFO  ratis.ContainerStateMachine (ContainerStateMachine.java:takeSnapshot(366)) - group-B64080496AF1: Finished taking a snapshot at:(t:1, i:0) file:/home/runner/work/ozone/ozone/hadoop-ozone/integration-test/target/test-dir/MiniOzoneClusterImpl-fb989876-9371-464e-b996-ece4d3fe3ecb/ozone-meta/datanode-3/ratis/253fb1b8-b754-46f5-9b6f-b64080496af1/sm/snapshot.1_0 took: 1 ms
2024-04-28 12:44:01,798 [Thread-2117] INFO  server.GrpcServerProtocolClient (GrpcServerProtocolClient.java:close(103)) - 53f12868-9e08-461f-b1df-8616d22e03b0 Close channels
2024-04-28 12:44:01,799 [013b6299-c97b-4afe-8aa4-203fc50eadfd@group-B64080496AF1-StateMachineUpdater] INFO  impl.StateMachineUpdater (StateMachineUpdater.java:takeSnapshot(295)) - 013b6299-c97b-4afe-8aa4-203fc50eadfd@group-B64080496AF1-StateMachineUpdater: Took a snapshot at index 0
2024-04-28 12:44:01,799 [013b6299-c97b-4afe-8aa4-203fc50eadfd@group-B64080496AF1-StateMachineUpdater] INFO  impl.StateMachineUpdater (StateMachineUpdater.java:lambda$new$0(98)) - 013b6299-c97b-4afe-8aa4-203fc50eadfd@group-B64080496AF1-StateMachineUpdater: snapshotIndex: updateIncreasingly -1 -> 0
2024-04-28 12:44:01,798 [013b6299-c97b-4afe-8aa4-203fc50eadfd@group-64502A0FA25A-FollowerState] INFO  impl.FollowerState (FollowerState.java:run(152)) - 013b6299-c97b-4afe-8aa4-203fc50eadfd@group-64502A0FA25A-FollowerState was interrupted
2024-04-28 12:44:01,799 [Thread-2119] INFO  server.GrpcServerProtocolClient (GrpcServerProtocolClient.java:close(103)) - e9c86f68-3649-4446-905a-585a397e3574 Close channels
2024-04-28 12:44:01,799 [013b6299-c97b-4afe-8aa4-203fc50eadfd@group-64502A0FA25A-StateMachineUpdater] INFO  ratis.ContainerStateMachine (ContainerStateMachine.java:takeSnapshot(366)) - group-64502A0FA25A: Finished taking a snapshot at:(t:1, i:2) file:/home/runner/work/ozone/ozone/hadoop-ozone/integration-test/target/test-dir/MiniOzoneClusterImpl-fb989876-9371-464e-b996-ece4d3fe3ecb/ozone-meta/datanode-3/ratis/989d9bce-39bb-4444-b4fa-64502a0fa25a/sm/snapshot.1_2 took: 1 ms
2024-04-28 12:44:01,799 [013b6299-c97b-4afe-8aa4-203fc50eadfd@group-64502A0FA25A-StateMachineUpdater] INFO  impl.StateMachineUpdater (StateMachineUpdater.java:takeSnapshot(295)) - 013b6299-c97b-4afe-8aa4-203fc50eadfd@group-64502A0FA25A-StateMachineUpdater: Took a snapshot at index 2
2024-04-28 12:44:01,799 [013b6299-c97b-4afe-8aa4-203fc50eadfd@group-64502A0FA25A-StateMachineUpdater] INFO  impl.StateMachineUpdater (StateMachineUpdater.java:lambda$new$0(98)) - 013b6299-c97b-4afe-8aa4-203fc50eadfd@group-64502A0FA25A-StateMachineUpdater: snapshotIndex: updateIncreasingly -1 -> 2
2024-04-28 12:44:01,799 [013b6299-c97b-4afe-8aa4-203fc50eadfd-impl-thread1] INFO  server.RaftServer$Division (ServerState.java:close(427)) - 013b6299-c97b-4afe-8aa4-203fc50eadfd@group-B64080496AF1: applyIndex: 0
2024-04-28 12:44:01,799 [013b6299-c97b-4afe-8aa4-203fc50eadfd@group-B64080496AF1-cacheEviction-AwaitToRun] INFO  util.AwaitToRun (AwaitToRun.java:run(49)) - 013b6299-c97b-4afe-8aa4-203fc50eadfd@group-B64080496AF1-cacheEviction-AwaitToRun-AwaitForSignal is interrupted
2024-04-28 12:44:01,800 [013b6299-c97b-4afe-8aa4-203fc50eadfd-impl-thread2] INFO  server.RaftServer$Division (ServerState.java:close(427)) - 013b6299-c97b-4afe-8aa4-203fc50eadfd@group-64502A0FA25A: applyIndex: 2
2024-04-28 12:44:01,800 [013b6299-c97b-4afe-8aa4-203fc50eadfd@group-64502A0FA25A-cacheEviction-AwaitToRun] INFO  util.AwaitToRun (AwaitToRun.java:run(49)) - 013b6299-c97b-4afe-8aa4-203fc50eadfd@group-64502A0FA25A-cacheEviction-AwaitToRun-AwaitForSignal is interrupted
2024-04-28 12:44:01,800 [main] INFO  server.GrpcService (GrpcService.java:closeImpl(320)) - 013b6299-c97b-4afe-8aa4-203fc50eadfd: shutdown server org.apache.ratis.grpc.server.GrpcClientProtocolService successfully
2024-04-28 12:44:01,800 [main] INFO  server.GrpcService (GrpcService.java:closeImpl(311)) - 013b6299-c97b-4afe-8aa4-203fc50eadfd: shutdown server GrpcServerProtocolService now
2024-04-28 12:44:01,801 [grpc-default-executor-0] WARN  server.GrpcServerProtocolService (LogUtils.java:warn(121)) - 013b6299-c97b-4afe-8aa4-203fc50eadfd: APPEND_ENTRIES onError, lastRequest: e9c86f68-3649-4446-905a-585a397e3574->013b6299-c97b-4afe-8aa4-203fc50eadfd#5-t1,previous=(t:1, i:1),leaderCommit=1,initializing? false,entries: size=1, first=(t:1, i:2), METADATAENTRY(c:1): org.apache.ratis.thirdparty.io.grpc.StatusRuntimeException: CANCELLED: client cancelled
2024-04-28 12:44:01,801 [grpc-default-executor-3] WARN  server.GrpcServerProtocolService (LogUtils.java:warn(121)) - 013b6299-c97b-4afe-8aa4-203fc50eadfd: APPEND_ENTRIES onError, lastRequest: null: org.apache.ratis.thirdparty.io.grpc.StatusRuntimeException: CANCELLED: client cancelled
2024-04-28 12:44:01,801 [grpc-default-executor-5] WARN  server.GrpcLogAppender (LogUtils.java:warn(121)) - e9c86f68-3649-4446-905a-585a397e3574@group-64502A0FA25A->013b6299-c97b-4afe-8aa4-203fc50eadfd-AppendLogResponseHandler: Failed appendEntries: org.apache.ratis.thirdparty.io.grpc.StatusRuntimeException: CANCELLED: RST_STREAM closed stream. HTTP/2 error code: CANCEL
2024-04-28 12:44:01,801 [grpc-default-executor-5] WARN  server.GrpcLogAppender (GrpcLogAppender.java:lambda$resetClient$1(217)) - e9c86f68-3649-4446-905a-585a397e3574@group-64502A0FA25A->013b6299-c97b-4afe-8aa4-203fc50eadfd-GrpcLogAppender: Follower failed (request=null, errorCount=1); keep nextIndex (3) unchanged and retry.
2024-04-28 12:44:01,802 [main] INFO  server.GrpcService (GrpcService.java:closeImpl(320)) - 013b6299-c97b-4afe-8aa4-203fc50eadfd: shutdown server GrpcServerProtocolService successfully
2024-04-28 12:44:01,802 [main] INFO  server.GrpcService (GrpcService.java:closeImpl(311)) - 013b6299-c97b-4afe-8aa4-203fc50eadfd: shutdown server org.apache.ratis.grpc.server.GrpcAdminProtocolService now
2024-04-28 12:44:01,806 [main] INFO  server.GrpcService (GrpcService.java:closeImpl(320)) - 013b6299-c97b-4afe-8aa4-203fc50eadfd: shutdown server org.apache.ratis.grpc.server.GrpcAdminProtocolService successfully
2024-04-28 12:44:01,809 [013b6299-c97b-4afe-8aa4-203fc50eadfd-NettyServerStreamRpc-bossGroup--thread1] INFO  logging.LoggingHandler (AbstractInternalLogger.java:log(148)) - [id: 0x4c9116f3, L:/0.0.0.0:15122] CLOSE
2024-04-28 12:44:01,809 [013b6299-c97b-4afe-8aa4-203fc50eadfd-NettyServerStreamRpc-bossGroup--thread1] INFO  logging.LoggingHandler (AbstractInternalLogger.java:log(148)) - [id: 0x4c9116f3, L:/0.0.0.0:15122] INACTIVE
2024-04-28 12:44:01,809 [013b6299-c97b-4afe-8aa4-203fc50eadfd-NettyServerStreamRpc-bossGroup--thread1] INFO  logging.LoggingHandler (AbstractInternalLogger.java:log(148)) - [id: 0x4c9116f3, L:/0.0.0.0:15122] UNREGISTERED
2024-04-28 12:44:02,381 [013b6299-c97b-4afe-8aa4-203fc50eadfd-impl-thread1] INFO  segmented.SegmentedRaftLogWorker (SegmentedRaftLogWorker.java:close(245)) - 013b6299-c97b-4afe-8aa4-203fc50eadfd@group-B64080496AF1-SegmentedRaftLogWorker close()
2024-04-28 12:44:02,787 [013b6299-c97b-4afe-8aa4-203fc50eadfd-impl-thread2] INFO  segmented.SegmentedRaftLogWorker (SegmentedRaftLogWorker.java:close(245)) - 013b6299-c97b-4afe-8aa4-203fc50eadfd@group-64502A0FA25A-SegmentedRaftLogWorker close()
2024-04-28 12:44:02,787 [JvmPauseMonitor15] INFO  util.JvmPauseMonitor (JvmPauseMonitor.java:run(152)) - JvmPauseMonitor-013b6299-c97b-4afe-8aa4-203fc50eadfd: Stopped
2024-04-28 12:44:03,800 [timer0] WARN  server.GrpcLogAppender (GrpcLogAppender.java:lambda$resetClient$1(217)) - e9c86f68-3649-4446-905a-585a397e3574@group-64502A0FA25A->53f12868-9e08-461f-b1df-8616d22e03b0-GrpcLogAppender: Follower failed (request=null, errorCount=8); keep nextIndex (3) unchanged and retry. (Repeated 8 times in the last 5.000s)
2024-04-28 12:44:03,800 [timer7] WARN  server.GrpcLogAppender (LogUtils.java:warn(121)) - e9c86f68-3649-4446-905a-585a397e3574@group-64502A0FA25A->53f12868-9e08-461f-b1df-8616d22e03b0-AppendLogResponseHandler: Failed appendEntries (Repeated 8 times in the last 5.000s): org.apache.ratis.thirdparty.io.grpc.StatusRuntimeException: UNAVAILABLE: io exception
2024-04-28 12:44:04,790 [main] INFO  utils.DatanodeStoreCache (DatanodeStoreCache.java:shutdownCache(116)) - Skip clearing cache in mini cluster mode. Entries left: [/home/runner/work/ozone/ozone/hadoop-ozone/integration-test/target/test-dir/MiniOzoneClusterImpl-fb989876-9371-464e-b996-ece4d3fe3ecb/ozone-meta/datanode-2/data-0/hdds/fb989876-9371-464e-b996-ece4d3fe3ecb/DS-225ccfa7-c61f-4636-81dd-e0d4a7d6966f/container.db, /home/runner/work/ozone/ozone/hadoop-ozone/integration-test/target/test-dir/MiniOzoneClusterImpl-fb989876-9371-464e-b996-ece4d3fe3ecb/ozone-meta/datanode-3/data-0/hdds/fb989876-9371-464e-b996-ece4d3fe3ecb/DS-c0d99979-ab6b-412f-b839-f6d8d50a27a8/container.db, /home/runner/work/ozone/ozone/hadoop-ozone/integration-test/target/test-dir/MiniOzoneClusterImpl-fb989876-9371-464e-b996-ece4d3fe3ecb/ozone-meta/datanode-4/data-0/hdds/fb989876-9371-464e-b996-ece4d3fe3ecb/DS-d16afd8a-3f32-48ac-8e84-4b8c4b21e4ba/container.db, /home/runner/work/ozone/ozone/hadoop-ozone/integration-test/target/test-dir/MiniOzoneClusterImpl-fb989876-9371-464e-b996-ece4d3fe3ecb/ozone-meta/datanode-5/data-0/hdds/fb989876-9371-464e-b996-ece4d3fe3ecb/DS-41fa0899-e81b-4f8c-8d83-23608199a02e/container.db, /home/runner/work/ozone/ozone/hadoop-ozone/integration-test/target/test-dir/MiniOzoneClusterImpl-fb989876-9371-464e-b996-ece4d3fe3ecb/ozone-meta/datanode-6/data-0/hdds/fb989876-9371-464e-b996-ece4d3fe3ecb/DS-d4c992d0-2454-4154-ac60-ed36f2d24938/container.db, /home/runner/work/ozone/ozone/hadoop-ozone/integration-test/target/test-dir/MiniOzoneClusterImpl-fb989876-9371-464e-b996-ece4d3fe3ecb/ozone-meta/datanode-7/data-0/hdds/fb989876-9371-464e-b996-ece4d3fe3ecb/DS-03700e63-4553-424f-a6a9-07a749ac4bc5/container.db, /home/runner/work/ozone/ozone/hadoop-ozone/integration-test/target/test-dir/MiniOzoneClusterImpl-fb989876-9371-464e-b996-ece4d3fe3ecb/ozone-meta/datanode-8/data-0/hdds/fb989876-9371-464e-b996-ece4d3fe3ecb/DS-1e51e6f3-33cc-4295-afa9-d9dc63d41ace/container.db, /home/runner/work/ozone/ozone/hadoop-ozone/integration-test/target/test-dir/MiniOzoneClusterImpl-fb989876-9371-464e-b996-ece4d3fe3ecb/ozone-meta/datanode-9/data-0/hdds/fb989876-9371-464e-b996-ece4d3fe3ecb/DS-71dc244d-30ac-4301-9176-6306de09b30b/container.db]
2024-04-28 12:44:04,791 [main] INFO  utils.DatanodeStoreCache (DatanodeStoreCache.java:removeDB(110)) - Removed db /home/runner/work/ozone/ozone/hadoop-ozone/integration-test/target/test-dir/MiniOzoneClusterImpl-fb989876-9371-464e-b996-ece4d3fe3ecb/ozone-meta/datanode-3/data-0/hdds/fb989876-9371-464e-b996-ece4d3fe3ecb/DS-c0d99979-ab6b-412f-b839-f6d8d50a27a8/container.db from cache
2024-04-28 12:44:04,791 [main] INFO  volume.HddsVolume (HddsVolume.java:closeDbStore(470)) - SchemaV3 db is stopped at /home/runner/work/ozone/ozone/hadoop-ozone/integration-test/target/test-dir/MiniOzoneClusterImpl-fb989876-9371-464e-b996-ece4d3fe3ecb/ozone-meta/datanode-3/data-0/hdds/fb989876-9371-464e-b996-ece4d3fe3ecb/DS-c0d99979-ab6b-412f-b839-f6d8d50a27a8/container.db for volume DS-c0d99979-ab6b-412f-b839-f6d8d50a27a8
2024-04-28 12:44:04,791 [main] INFO  utils.BackgroundService (BackgroundService.java:shutdown(160)) - Shutting down service BlockDeletingService
2024-04-28 12:44:04,792 [main] INFO  utils.BackgroundService (BackgroundService.java:shutdown(160)) - Shutting down service StaleRecoveringContainerScrubbingService
2024-04-28 12:44:04,792 [main] INFO  statemachine.DatanodeStateMachine (DatanodeStateMachine.java:stopDaemon(638)) - Ozone container server stopped.
2024-04-28 12:44:04,793 [main] INFO  handler.ContextHandler (ContextHandler.java:doStop(1159)) - Stopped o.e.j.w.WebAppContext@dd26ca6{hddsDatanode,/,null,STOPPED}{file:/home/runner/work/ozone/ozone/hadoop-hdds/container-service/target/classes/webapps/hddsDatanode}
2024-04-28 12:44:04,794 [main] INFO  server.AbstractConnector (AbstractConnector.java:doStop(383)) - Stopped ServerConnector@57db81e2{HTTP/1.1, (http/1.1)}{0.0.0.0:15116}
2024-04-28 12:44:04,794 [main] INFO  server.session (HouseKeeper.java:stopScavenging(149)) - node0 Stopped scavenging
2024-04-28 12:44:04,794 [main] INFO  handler.ContextHandler (ContextHandler.java:doStop(1159)) - Stopped o.e.j.s.ServletContextHandler@4002f09c{static,/static,file:///home/runner/work/ozone/ozone/hadoop-hdds/container-service/target/classes/webapps/static,STOPPED}
2024-04-28 12:44:04,795 [main] INFO  handler.ContextHandler (ContextHandler.java:doStop(1159)) - Stopped o.e.j.s.ServletContextHandler@409c8a6b{logs,/logs,file:///home/runner/work/ozone/ozone/hadoop-ozone/integration-test/target/log,STOPPED}
2024-04-28 12:44:04,795 [main] INFO  ozone.HddsDatanodeClientProtocolServer (HddsDatanodeClientProtocolServer.java:stop(83)) - Stopping the RPC server for Client Protocol
2024-04-28 12:44:04,795 [main] INFO  ipc.Server (Server.java:stop(3523)) - Stopping server on 15117
2024-04-28 12:44:04,796 [IPC Server Responder] INFO  ipc.Server (Server.java:run(1567)) - Stopping IPC Server Responder
2024-04-28 12:44:04,796 [IPC Server listener on 15117] INFO  ipc.Server (Server.java:run(1434)) - Stopping IPC Server listener on 15117
2024-04-28 12:44:04,799 [main] INFO  pipeline.PipelineManagerImpl (PipelineManagerImpl.java:closeContainersForPipeline(484)) - Container #1 closed for pipeline=PipelineID=989d9bce-39bb-4444-b4fa-64502a0fa25a
2024-04-28 12:44:04,799 [EventQueue-CloseContainerForCloseContainerEventHandler] INFO  container.CloseContainerEventHandler (CloseContainerEventHandler.java:onMessage(88)) - Close container Event triggered for container : #1, current state: CLOSING
2024-04-28 12:44:04,800 [main] INFO  pipeline.PipelineManagerImpl (PipelineManagerImpl.java:closePipeline(518)) - Pipeline PipelineID=989d9bce-39bb-4444-b4fa-64502a0fa25a moved to CLOSED state
2024-04-28 12:44:05,046 [grpc-default-executor-3] WARN  server.GrpcLogAppender (LogUtils.java:warn(121)) - e9c86f68-3649-4446-905a-585a397e3574@group-64502A0FA25A->53f12868-9e08-461f-b1df-8616d22e03b0-AppendLogResponseHandler: Failed appendEntries: org.apache.ratis.thirdparty.io.grpc.StatusRuntimeException: UNAVAILABLE: io exception
2024-04-28 12:44:05,046 [grpc-default-executor-3] WARN  server.GrpcLogAppender (GrpcLogAppender.java:lambda$resetClient$1(217)) - e9c86f68-3649-4446-905a-585a397e3574@group-64502A0FA25A->53f12868-9e08-461f-b1df-8616d22e03b0-GrpcLogAppender: Follower failed (request=null, errorCount=9); keep nextIndex (3) unchanged and retry.
2024-04-28 12:44:06,801 [timer7] WARN  server.GrpcLogAppender (GrpcLogAppender.java:lambda$resetClient$1(217)) - e9c86f68-3649-4446-905a-585a397e3574@group-64502A0FA25A->013b6299-c97b-4afe-8aa4-203fc50eadfd-GrpcLogAppender: Follower failed (request=null, errorCount=8); keep nextIndex (3) unchanged and retry. (Repeated 8 times in the last 4.999s)
2024-04-28 12:44:06,801 [timer6] WARN  server.GrpcLogAppender (LogUtils.java:warn(121)) - e9c86f68-3649-4446-905a-585a397e3574@group-64502A0FA25A->013b6299-c97b-4afe-8aa4-203fc50eadfd-AppendLogResponseHandler: Failed appendEntries (Repeated 8 times in the last 5.000s): org.apache.ratis.thirdparty.io.grpc.StatusRuntimeException: UNAVAILABLE: io exception
2024-04-28 12:44:07,549 [grpc-default-executor-3] WARN  server.GrpcLogAppender (LogUtils.java:warn(121)) - e9c86f68-3649-4446-905a-585a397e3574@group-64502A0FA25A->013b6299-c97b-4afe-8aa4-203fc50eadfd-AppendLogResponseHandler: Failed appendEntries: org.apache.ratis.thirdparty.io.grpc.StatusRuntimeException: UNAVAILABLE: io exception
2024-04-28 12:44:07,549 [grpc-default-executor-5] WARN  server.GrpcLogAppender (GrpcLogAppender.java:lambda$resetClient$1(217)) - e9c86f68-3649-4446-905a-585a397e3574@group-64502A0FA25A->013b6299-c97b-4afe-8aa4-203fc50eadfd-GrpcLogAppender: Follower failed (request=null, errorCount=9); keep nextIndex (3) unchanged and retry.
2024-04-28 12:44:08,784 [null-request--thread1] INFO  server.GrpcClientProtocolService (GrpcClientProtocolService.java:lambda$processClientRequest$0(284)) - Failed RaftClientRequest:client-2598C952E445->e9c86f68-3649-4446-905a-585a397e3574@group-64502A0FA25A, cid=46, seq=null, Watch-ALL_COMMITTED(20), Message:<EMPTY>, reply=RaftClientReply:client-2598C952E445->e9c86f68-3649-4446-905a-585a397e3574@group-64502A0FA25A, cid=46, FAILED org.apache.ratis.protocol.exceptions.NotReplicatedException: Request with call Id 46 and log index 20 is not yet replicated to ALL_COMMITTED, logIndex=20, commits[e9c86f68-3649-4446-905a-585a397e3574:c2, 53f12868-9e08-461f-b1df-8616d22e03b0:c1, 013b6299-c97b-4afe-8aa4-203fc50eadfd:c2]
2024-04-28 12:44:08,787 [main] WARN  scm.XceiverClientRatis (XceiverClientRatis.java:watchForCommit(284)) - 3 way commit failed on pipeline Pipeline[ Id: 989d9bce-39bb-4444-b4fa-64502a0fa25a, Nodes: 53f12868-9e08-461f-b1df-8616d22e03b0(localhost/127.0.0.1)013b6299-c97b-4afe-8aa4-203fc50eadfd(localhost/127.0.0.1)e9c86f68-3649-4446-905a-585a397e3574(localhost/127.0.0.1), ReplicationConfig: RATIS/THREE, State:OPEN, leaderId:e9c86f68-3649-4446-905a-585a397e3574, CreationTimestamp2024-04-28T12:43:50.295Z[Etc/UTC]]
java.util.concurrent.ExecutionException: org.apache.ratis.protocol.exceptions.NotReplicatedException: Request with call Id 46 and log index 20 is not yet replicated to ALL_COMMITTED
	at java.base/java.util.concurrent.CompletableFuture.reportGet(CompletableFuture.java:396)
	at java.base/java.util.concurrent.CompletableFuture.get(CompletableFuture.java:2073)
	at org.apache.hadoop.hdds.scm.XceiverClientRatis.watchForCommit(XceiverClientRatis.java:279)
	at org.apache.hadoop.ozone.client.rpc.TestWatchForCommit.lambda$testWatchForCommitForRetryfailure$0(TestWatchForCommit.java:286)
	at org.junit.jupiter.api.AssertThrows.assertThrows(AssertThrows.java:53)
	at org.junit.jupiter.api.AssertThrows.assertThrows(AssertThrows.java:35)
	at org.junit.jupiter.api.Assertions.assertThrows(Assertions.java:3115)
	at org.apache.hadoop.ozone.client.rpc.TestWatchForCommit.testWatchForCommitForRetryfailure(TestWatchForCommit.java:285)
	at java.base/jdk.internal.reflect.NativeMethodAccessorImpl.invoke0(Native Method)
	at java.base/jdk.internal.reflect.NativeMethodAccessorImpl.invoke(NativeMethodAccessorImpl.java:77)
	at java.base/jdk.internal.reflect.DelegatingMethodAccessorImpl.invoke(DelegatingMethodAccessorImpl.java:43)
	at java.base/java.lang.reflect.Method.invoke(Method.java:568)
	at org.junit.platform.commons.util.ReflectionUtils.invokeMethod(ReflectionUtils.java:728)
	at org.junit.jupiter.engine.execution.MethodInvocation.proceed(MethodInvocation.java:60)
	at org.junit.jupiter.engine.execution.InvocationInterceptorChain$ValidatingInvocation.proceed(InvocationInterceptorChain.java:131)
	at org.junit.jupiter.engine.extension.TimeoutExtension.intercept(TimeoutExtension.java:156)
	at org.junit.jupiter.engine.extension.TimeoutExtension.interceptTestableMethod(TimeoutExtension.java:147)
	at org.junit.jupiter.engine.extension.TimeoutExtension.interceptTestMethod(TimeoutExtension.java:86)
	at org.junit.jupiter.engine.execution.InterceptingExecutableInvoker$ReflectiveInterceptorCall.lambda$ofVoidMethod$0(InterceptingExecutableInvoker.java:103)
	at org.junit.jupiter.engine.execution.InterceptingExecutableInvoker.lambda$invoke$0(InterceptingExecutableInvoker.java:93)
	at org.junit.jupiter.engine.execution.InvocationInterceptorChain$InterceptedInvocation.proceed(InvocationInterceptorChain.java:106)
	at org.junit.jupiter.engine.execution.InvocationInterceptorChain.proceed(InvocationInterceptorChain.java:64)
	at org.junit.jupiter.engine.execution.InvocationInterceptorChain.chainAndInvoke(InvocationInterceptorChain.java:45)
	at org.junit.jupiter.engine.execution.InvocationInterceptorChain.invoke(InvocationInterceptorChain.java:37)
	at org.junit.jupiter.engine.execution.InterceptingExecutableInvoker.invoke(InterceptingExecutableInvoker.java:92)
	at org.junit.jupiter.engine.execution.InterceptingExecutableInvoker.invoke(InterceptingExecutableInvoker.java:86)
	at org.junit.jupiter.engine.descriptor.TestMethodTestDescriptor.lambda$invokeTestMethod$7(TestMethodTestDescriptor.java:218)
	at org.junit.platform.engine.support.hierarchical.ThrowableCollector.execute(ThrowableCollector.java:73)
	at org.junit.jupiter.engine.descriptor.TestMethodTestDescriptor.invokeTestMethod(TestMethodTestDescriptor.java:214)
	at org.junit.jupiter.engine.descriptor.TestMethodTestDescriptor.execute(TestMethodTestDescriptor.java:139)
	at org.junit.jupiter.engine.descriptor.TestMethodTestDescriptor.execute(TestMethodTestDescriptor.java:69)
	at org.junit.platform.engine.support.hierarchical.NodeTestTask.lambda$executeRecursively$6(NodeTestTask.java:151)
	at org.junit.platform.engine.support.hierarchical.ThrowableCollector.execute(ThrowableCollector.java:73)
	at org.junit.platform.engine.support.hierarchical.NodeTestTask.lambda$executeRecursively$8(NodeTestTask.java:141)
	at org.junit.platform.engine.support.hierarchical.Node.around(Node.java:137)
	at org.junit.platform.engine.support.hierarchical.NodeTestTask.lambda$executeRecursively$9(NodeTestTask.java:139)
	at org.junit.platform.engine.support.hierarchical.ThrowableCollector.execute(ThrowableCollector.java:73)
	at org.junit.platform.engine.support.hierarchical.NodeTestTask.executeRecursively(NodeTestTask.java:138)
	at org.junit.platform.engine.support.hierarchical.NodeTestTask.execute(NodeTestTask.java:95)
	at java.base/java.util.ArrayList.forEach(ArrayList.java:1511)
	at org.junit.platform.engine.support.hierarchical.SameThreadHierarchicalTestExecutorService.invokeAll(SameThreadHierarchicalTestExecutorService.java:41)
	at org.junit.platform.engine.support.hierarchical.NodeTestTask.lambda$executeRecursively$6(NodeTestTask.java:155)
	at org.junit.platform.engine.support.hierarchical.ThrowableCollector.execute(ThrowableCollector.java:73)
	at org.junit.platform.engine.support.hierarchical.NodeTestTask.lambda$executeRecursively$8(NodeTestTask.java:141)
	at org.junit.platform.engine.support.hierarchical.Node.around(Node.java:137)
	at org.junit.platform.engine.support.hierarchical.NodeTestTask.lambda$executeRecursively$9(NodeTestTask.java:139)
	at org.junit.platform.engine.support.hierarchical.ThrowableCollector.execute(ThrowableCollector.java:73)
	at org.junit.platform.engine.support.hierarchical.NodeTestTask.executeRecursively(NodeTestTask.java:138)
	at org.junit.platform.engine.support.hierarchical.NodeTestTask.execute(NodeTestTask.java:95)
	at java.base/java.util.ArrayList.forEach(ArrayList.java:1511)
	at org.junit.platform.engine.support.hierarchical.SameThreadHierarchicalTestExecutorService.invokeAll(SameThreadHierarchicalTestExecutorService.java:41)
	at org.junit.platform.engine.support.hierarchical.NodeTestTask.lambda$executeRecursively$6(NodeTestTask.java:155)
	at org.junit.platform.engine.support.hierarchical.ThrowableCollector.execute(ThrowableCollector.java:73)
	at org.junit.platform.engine.support.hierarchical.NodeTestTask.lambda$executeRecursively$8(NodeTestTask.java:141)
	at org.junit.platform.engine.support.hierarchical.Node.around(Node.java:137)
	at org.junit.platform.engine.support.hierarchical.NodeTestTask.lambda$executeRecursively$9(NodeTestTask.java:139)
	at org.junit.platform.engine.support.hierarchical.ThrowableCollector.execute(ThrowableCollector.java:73)
	at org.junit.platform.engine.support.hierarchical.NodeTestTask.executeRecursively(NodeTestTask.java:138)
	at org.junit.platform.engine.support.hierarchical.NodeTestTask.execute(NodeTestTask.java:95)
	at org.junit.platform.engine.support.hierarchical.SameThreadHierarchicalTestExecutorService.submit(SameThreadHierarchicalTestExecutorService.java:35)
	at org.junit.platform.engine.support.hierarchical.HierarchicalTestExecutor.execute(HierarchicalTestExecutor.java:57)
	at org.junit.platform.engine.support.hierarchical.HierarchicalTestEngine.execute(HierarchicalTestEngine.java:54)
	at org.junit.platform.launcher.core.EngineExecutionOrchestrator.execute(EngineExecutionOrchestrator.java:198)
	at org.junit.platform.launcher.core.EngineExecutionOrchestrator.execute(EngineExecutionOrchestrator.java:169)
	at org.junit.platform.launcher.core.EngineExecutionOrchestrator.execute(EngineExecutionOrchestrator.java:93)
	at org.junit.platform.launcher.core.EngineExecutionOrchestrator.lambda$execute$0(EngineExecutionOrchestrator.java:58)
	at org.junit.platform.launcher.core.EngineExecutionOrchestrator.withInterceptedStreams(EngineExecutionOrchestrator.java:141)
	at org.junit.platform.launcher.core.EngineExecutionOrchestrator.execute(EngineExecutionOrchestrator.java:57)
	at org.junit.platform.launcher.core.DefaultLauncher.execute(DefaultLauncher.java:103)
	at org.junit.platform.launcher.core.DefaultLauncher.execute(DefaultLauncher.java:85)
	at org.junit.platform.launcher.core.DelegatingLauncher.execute(DelegatingLauncher.java:47)
	at org.junit.platform.launcher.core.SessionPerRequestLauncher.execute(SessionPerRequestLauncher.java:63)
	at org.apache.maven.surefire.junitplatform.JUnitPlatformProvider.invokeAllTests(JUnitPlatformProvider.java:154)
	at org.apache.maven.surefire.junitplatform.JUnitPlatformProvider.invoke(JUnitPlatformProvider.java:123)
	at org.apache.maven.surefire.booter.ForkedBooter.runSuitesInProcess(ForkedBooter.java:377)
	at org.apache.maven.surefire.booter.ForkedBooter.execute(ForkedBooter.java:138)
	at org.apache.maven.surefire.booter.ForkedBooter.run(ForkedBooter.java:465)
	at org.apache.maven.surefire.booter.ForkedBooter.main(ForkedBooter.java:451)
Caused by: org.apache.ratis.protocol.exceptions.NotReplicatedException: Request with call Id 46 and log index 20 is not yet replicated to ALL_COMMITTED
	at org.apache.ratis.client.impl.ClientProtoUtils.toRaftClientReply(ClientProtoUtils.java:400)
	at org.apache.ratis.grpc.client.GrpcClientProtocolClient$AsyncStreamObservers$1.onNext(GrpcClientProtocolClient.java:310)
	at org.apache.ratis.grpc.client.GrpcClientProtocolClient$AsyncStreamObservers$1.onNext(GrpcClientProtocolClient.java:305)
	at org.apache.ratis.thirdparty.io.grpc.stub.ClientCalls$StreamObserverToCallListenerAdapter.onMessage(ClientCalls.java:468)
	at org.apache.ratis.thirdparty.io.grpc.ForwardingClientCallListener.onMessage(ForwardingClientCallListener.java:33)
	at org.apache.ratis.thirdparty.io.grpc.internal.ClientCallImpl$ClientStreamListenerImpl$1MessagesAvailable.runInternal(ClientCallImpl.java:660)
	at org.apache.ratis.thirdparty.io.grpc.internal.ClientCallImpl$ClientStreamListenerImpl$1MessagesAvailable.runInContext(ClientCallImpl.java:647)
	at org.apache.ratis.thirdparty.io.grpc.internal.ContextRunnable.run(ContextRunnable.java:37)
	at org.apache.ratis.thirdparty.io.grpc.internal.SerializingExecutor.run(SerializingExecutor.java:133)
	at java.base/java.util.concurrent.ThreadPoolExecutor.runWorker(ThreadPoolExecutor.java:1136)
	at java.base/java.util.concurrent.ThreadPoolExecutor$Worker.run(ThreadPoolExecutor.java:635)
	at java.base/java.lang.Thread.run(Thread.java:840)
2024-04-28 12:44:09,189 [e9c86f68-3649-4446-905a-585a397e3574@group-64502A0FA25A-LeaderStateImpl] WARN  server.RaftServer$Division (LeaderStateImpl.java:checkLeadership(1107)) - e9c86f68-3649-4446-905a-585a397e3574@group-64502A0FA25A-LeaderStateImpl: Lost leadership on term: 1. Election timeout: 5200ms. In charge for: 10859ms. Conf: 0: peers:[53f12868-9e08-461f-b1df-8616d22e03b0|127.0.0.1:15103, 013b6299-c97b-4afe-8aa4-203fc50eadfd|127.0.0.1:15121, e9c86f68-3649-4446-905a-585a397e3574|127.0.0.1:15112]|listeners:[], old=null
2024-04-28 12:44:09,189 [e9c86f68-3649-4446-905a-585a397e3574@group-64502A0FA25A-LeaderStateImpl] WARN  server.RaftServer$Division (LeaderStateImpl.java:lambda$checkLeadership$21(1111)) - Follower e9c86f68-3649-4446-905a-585a397e3574@group-64502A0FA25A->53f12868-9e08-461f-b1df-8616d22e03b0(c1,m2,n3, caughtUp=true, lastRpcSendTime=209, lastRpcResponseTime=10401)
2024-04-28 12:44:09,189 [e9c86f68-3649-4446-905a-585a397e3574@group-64502A0FA25A-LeaderStateImpl] WARN  server.RaftServer$Division (LeaderStateImpl.java:lambda$checkLeadership$21(1111)) - Follower e9c86f68-3649-4446-905a-585a397e3574@group-64502A0FA25A->013b6299-c97b-4afe-8aa4-203fc50eadfd(c2,m2,n3, caughtUp=true, lastRpcSendTime=1639, lastRpcResponseTime=7897)
2024-04-28 12:44:09,189 [e9c86f68-3649-4446-905a-585a397e3574@group-64502A0FA25A-LeaderStateImpl] INFO  server.RaftServer$Division (RaftServerImpl.java:setRole(383)) - e9c86f68-3649-4446-905a-585a397e3574@group-64502A0FA25A: changes role from    LEADER to FOLLOWER at term 1 for StepDownReason:LOST_MAJORITY_HEARTBEATS
2024-04-28 12:44:09,189 [e9c86f68-3649-4446-905a-585a397e3574@group-64502A0FA25A-LeaderStateImpl] INFO  impl.RoleInfo (RoleInfo.java:shutdownLeaderState(94)) - e9c86f68-3649-4446-905a-585a397e3574: shutdown e9c86f68-3649-4446-905a-585a397e3574@group-64502A0FA25A-LeaderStateImpl
2024-04-28 12:44:09,190 [e9c86f68-3649-4446-905a-585a397e3574@group-64502A0FA25A->53f12868-9e08-461f-b1df-8616d22e03b0-GrpcLogAppender-LogAppenderDaemon] WARN  server.GrpcLogAppender (GrpcLogAppender.java:mayWait(289)) - e9c86f68-3649-4446-905a-585a397e3574@group-64502A0FA25A->53f12868-9e08-461f-b1df-8616d22e03b0-GrpcLogAppender: Wait interrupted by java.lang.InterruptedException
2024-04-28 12:44:09,190 [e9c86f68-3649-4446-905a-585a397e3574@group-64502A0FA25A-LeaderStateImpl] INFO  impl.PendingRequests (PendingRequests.java:sendNotLeaderResponses(289)) - e9c86f68-3649-4446-905a-585a397e3574@group-64502A0FA25A-PendingRequests: sendNotLeaderResponses
2024-04-28 12:44:09,190 [e9c86f68-3649-4446-905a-585a397e3574@group-64502A0FA25A->013b6299-c97b-4afe-8aa4-203fc50eadfd-GrpcLogAppender-LogAppenderDaemon] WARN  server.GrpcLogAppender (GrpcLogAppender.java:mayWait(289)) - e9c86f68-3649-4446-905a-585a397e3574@group-64502A0FA25A->013b6299-c97b-4afe-8aa4-203fc50eadfd-GrpcLogAppender: Wait interrupted by java.lang.InterruptedException
2024-04-28 12:44:09,190 [null-request--thread1] INFO  server.GrpcClientProtocolService (GrpcClientProtocolService.java:lambda$processClientRequest$0(284)) - Failed RaftClientRequest:client-2598C952E445->e9c86f68-3649-4446-905a-585a397e3574@group-64502A0FA25A, cid=47, seq=null, Watch-MAJORITY_COMMITTED(20), Message:<EMPTY>, reply=RaftClientReply:client-2598C952E445->e9c86f68-3649-4446-905a-585a397e3574@group-64502A0FA25A, cid=47, FAILED org.apache.ratis.protocol.exceptions.NotLeaderException: Server e9c86f68-3649-4446-905a-585a397e3574@group-64502A0FA25A is not the leader, logIndex=0, commits[e9c86f68-3649-4446-905a-585a397e3574:c2, 53f12868-9e08-461f-b1df-8616d22e03b0:c1, 013b6299-c97b-4afe-8aa4-203fc50eadfd:c2]
2024-04-28 12:44:09,191 [e9c86f68-3649-4446-905a-585a397e3574@group-64502A0FA25A-LeaderStateImpl] INFO  server.RaftServer$Division (ServerState.java:setLeader(269)) - e9c86f68-3649-4446-905a-585a397e3574@group-64502A0FA25A: change Leader from e9c86f68-3649-4446-905a-585a397e3574 to null at term 1 for StepDownReason:LOST_MAJORITY_HEARTBEATS
2024-04-28 12:44:09,191 [e9c86f68-3649-4446-905a-585a397e3574@group-64502A0FA25A-LeaderStateImpl] INFO  impl.RoleInfo (RoleInfo.java:updateAndGet(139)) - e9c86f68-3649-4446-905a-585a397e3574: start e9c86f68-3649-4446-905a-585a397e3574@group-64502A0FA25A-FollowerState
2024-04-28 12:44:09,799 [e9c86f68-3649-4446-905a-585a397e3574-CloseContainerThread-0] INFO  commandhandler.CloseContainerCommandHandler (CloseContainerCommandHandler.java:lambda$handle$0(154)) - Follower cannot close container #1.
2024-04-28 12:44:10,046 [timer5] WARN  server.GrpcLogAppender (LogUtils.java:warn(121)) - e9c86f68-3649-4446-905a-585a397e3574@group-64502A0FA25A->53f12868-9e08-461f-b1df-8616d22e03b0-AppendLogResponseHandler: Failed appendEntries (Repeated 8 times in the last 5.000s): org.apache.ratis.thirdparty.io.grpc.StatusRuntimeException: UNAVAILABLE: io exception
2024-04-28 12:44:10,047 [timer7] WARN  server.GrpcLogAppender (GrpcLogAppender.java:lambda$resetClient$1(217)) - e9c86f68-3649-4446-905a-585a397e3574@group-64502A0FA25A->53f12868-9e08-461f-b1df-8616d22e03b0-GrpcLogAppender: Follower failed (request=null, errorCount=16); keep nextIndex (3) unchanged and retry. (Repeated 8 times in the last 5.001s)
2024-04-28 12:44:11,348 [BackgroundPipelineScrubber] INFO  pipeline.PipelineManagerImpl (PipelineManagerImpl.java:scrubPipelines(610)) - Scrubbing pipeline: id: PipelineID=989d9bce-39bb-4444-b4fa-64502a0fa25a since it stays at CLOSED stage.
2024-04-28 12:44:11,349 [BackgroundPipelineScrubber] INFO  pipeline.RatisPipelineProvider (RatisPipelineProvider.java:lambda$close$4(270)) - Send pipeline:PipelineID=989d9bce-39bb-4444-b4fa-64502a0fa25a close command to datanode 53f12868-9e08-461f-b1df-8616d22e03b0
2024-04-28 12:44:11,349 [BackgroundPipelineScrubber] INFO  pipeline.RatisPipelineProvider (RatisPipelineProvider.java:lambda$close$4(270)) - Send pipeline:PipelineID=989d9bce-39bb-4444-b4fa-64502a0fa25a close command to datanode 013b6299-c97b-4afe-8aa4-203fc50eadfd
2024-04-28 12:44:11,349 [BackgroundPipelineScrubber] INFO  pipeline.RatisPipelineProvider (RatisPipelineProvider.java:lambda$close$4(270)) - Send pipeline:PipelineID=989d9bce-39bb-4444-b4fa-64502a0fa25a close command to datanode e9c86f68-3649-4446-905a-585a397e3574
2024-04-28 12:44:11,350 [BackgroundPipelineScrubber] INFO  pipeline.PipelineManagerImpl (PipelineManagerImpl.java:removePipeline(459)) - Pipeline Pipeline[ Id: 989d9bce-39bb-4444-b4fa-64502a0fa25a, Nodes: 53f12868-9e08-461f-b1df-8616d22e03b0(localhost/127.0.0.1)013b6299-c97b-4afe-8aa4-203fc50eadfd(localhost/127.0.0.1)e9c86f68-3649-4446-905a-585a397e3574(localhost/127.0.0.1), ReplicationConfig: RATIS/THREE, State:CLOSED, leaderId:e9c86f68-3649-4446-905a-585a397e3574, CreationTimestamp2024-04-28T12:43:50.295Z[Etc/UTC]] removed.
2024-04-28 12:44:12,549 [timer6] WARN  server.GrpcLogAppender (LogUtils.java:warn(121)) - e9c86f68-3649-4446-905a-585a397e3574@group-64502A0FA25A->013b6299-c97b-4afe-8aa4-203fc50eadfd-AppendLogResponseHandler: Failed appendEntries (Repeated 4 times in the last 5.000s): org.apache.ratis.thirdparty.io.grpc.StatusRuntimeException: UNAVAILABLE: io exception
2024-04-28 12:44:12,549 [timer7] WARN  server.GrpcLogAppender (GrpcLogAppender.java:lambda$resetClient$1(217)) - e9c86f68-3649-4446-905a-585a397e3574@group-64502A0FA25A->013b6299-c97b-4afe-8aa4-203fc50eadfd-GrpcLogAppender: Follower failed (request=null, errorCount=12); keep nextIndex (3) unchanged and retry. (Repeated 4 times in the last 5.000s)
2024-04-28 12:44:12,800 [e9c86f68-3649-4446-905a-585a397e3574-PipelineCommandHandlerThread-0] INFO  server.RaftServer (RaftServerProxy.java:remove(111)) - e9c86f68-3649-4446-905a-585a397e3574: remove  FOLLOWER e9c86f68-3649-4446-905a-585a397e3574@group-64502A0FA25A:t1, leader=null, voted=e9c86f68-3649-4446-905a-585a397e3574, raftlog=Memoized:e9c86f68-3649-4446-905a-585a397e3574@group-64502A0FA25A-SegmentedRaftLog:OPENED:c2, conf=0: peers:[53f12868-9e08-461f-b1df-8616d22e03b0|127.0.0.1:15103, 013b6299-c97b-4afe-8aa4-203fc50eadfd|127.0.0.1:15121, e9c86f68-3649-4446-905a-585a397e3574|127.0.0.1:15112]|listeners:[], old=null RUNNING
2024-04-28 12:44:12,801 [e9c86f68-3649-4446-905a-585a397e3574-PipelineCommandHandlerThread-0] INFO  server.RaftServer$Division (RaftServerImpl.java:lambda$close$3(526)) - e9c86f68-3649-4446-905a-585a397e3574@group-64502A0FA25A: shutdown
2024-04-28 12:44:12,801 [e9c86f68-3649-4446-905a-585a397e3574-PipelineCommandHandlerThread-0] INFO  util.JmxRegister (JmxRegister.java:unregister(73)) - Successfully un-registered JMX Bean with object name Ratis:service=RaftServer,group=group-64502A0FA25A,id=e9c86f68-3649-4446-905a-585a397e3574
2024-04-28 12:44:12,801 [e9c86f68-3649-4446-905a-585a397e3574-PipelineCommandHandlerThread-0] INFO  impl.RoleInfo (RoleInfo.java:shutdownFollowerState(110)) - e9c86f68-3649-4446-905a-585a397e3574: shutdown e9c86f68-3649-4446-905a-585a397e3574@group-64502A0FA25A-FollowerState
2024-04-28 12:44:12,801 [e9c86f68-3649-4446-905a-585a397e3574-PipelineCommandHandlerThread-0] INFO  impl.StateMachineUpdater (StateMachineUpdater.java:stopAndJoin(157)) - e9c86f68-3649-4446-905a-585a397e3574@group-64502A0FA25A-StateMachineUpdater: set stopIndex = 2
2024-04-28 12:44:12,801 [e9c86f68-3649-4446-905a-585a397e3574@group-64502A0FA25A-FollowerState] INFO  impl.FollowerState (FollowerState.java:run(152)) - e9c86f68-3649-4446-905a-585a397e3574@group-64502A0FA25A-FollowerState was interrupted
2024-04-28 12:44:12,801 [e9c86f68-3649-4446-905a-585a397e3574@group-64502A0FA25A-StateMachineUpdater] INFO  ratis.ContainerStateMachine (ContainerStateMachine.java:takeSnapshot(355)) - group-64502A0FA25A: Taking a snapshot at:(t:1, i:2) file /home/runner/work/ozone/ozone/hadoop-ozone/integration-test/target/test-dir/MiniOzoneClusterImpl-fb989876-9371-464e-b996-ece4d3fe3ecb/ozone-meta/datanode-2/ratis/989d9bce-39bb-4444-b4fa-64502a0fa25a/sm/snapshot.1_2
2024-04-28 12:44:12,802 [e9c86f68-3649-4446-905a-585a397e3574@group-64502A0FA25A-StateMachineUpdater] INFO  ratis.ContainerStateMachine (ContainerStateMachine.java:takeSnapshot(366)) - group-64502A0FA25A: Finished taking a snapshot at:(t:1, i:2) file:/home/runner/work/ozone/ozone/hadoop-ozone/integration-test/target/test-dir/MiniOzoneClusterImpl-fb989876-9371-464e-b996-ece4d3fe3ecb/ozone-meta/datanode-2/ratis/989d9bce-39bb-4444-b4fa-64502a0fa25a/sm/snapshot.1_2 took: 1 ms
2024-04-28 12:44:12,803 [e9c86f68-3649-4446-905a-585a397e3574@group-64502A0FA25A-StateMachineUpdater] INFO  impl.StateMachineUpdater (StateMachineUpdater.java:takeSnapshot(295)) - e9c86f68-3649-4446-905a-585a397e3574@group-64502A0FA25A-StateMachineUpdater: Took a snapshot at index 2
2024-04-28 12:44:12,803 [e9c86f68-3649-4446-905a-585a397e3574@group-64502A0FA25A-StateMachineUpdater] INFO  impl.StateMachineUpdater (StateMachineUpdater.java:lambda$new$0(98)) - e9c86f68-3649-4446-905a-585a397e3574@group-64502A0FA25A-StateMachineUpdater: snapshotIndex: updateIncreasingly -1 -> 2
2024-04-28 12:44:12,803 [e9c86f68-3649-4446-905a-585a397e3574-PipelineCommandHandlerThread-0] INFO  server.RaftServer$Division (ServerState.java:close(427)) - e9c86f68-3649-4446-905a-585a397e3574@group-64502A0FA25A: applyIndex: 2
2024-04-28 12:44:12,803 [e9c86f68-3649-4446-905a-585a397e3574@group-64502A0FA25A-cacheEviction-AwaitToRun] INFO  util.AwaitToRun (AwaitToRun.java:run(49)) - e9c86f68-3649-4446-905a-585a397e3574@group-64502A0FA25A-cacheEviction-AwaitToRun-AwaitForSignal is interrupted
2024-04-28 12:44:13,787 [e9c86f68-3649-4446-905a-585a397e3574-PipelineCommandHandlerThread-0] INFO  segmented.SegmentedRaftLogWorker (SegmentedRaftLogWorker.java:close(245)) - e9c86f68-3649-4446-905a-585a397e3574@group-64502A0FA25A-SegmentedRaftLogWorker close()
2024-04-28 12:44:13,788 [e9c86f68-3649-4446-905a-585a397e3574-PipelineCommandHandlerThread-0] INFO  keyvalue.KeyValueContainer (KeyValueContainer.java:flushAndSyncDB(522)) - Container 1 is synced with bcsId 0.
2024-04-28 12:44:13,788 [e9c86f68-3649-4446-905a-585a397e3574-PipelineCommandHandlerThread-0] INFO  keyvalue.KeyValueContainer (KeyValueContainer.java:flushAndSyncDB(522)) - Container 1 is synced with bcsId 0.
2024-04-28 12:44:13,791 [FixedThreadPoolWithAffinityExecutor-0-0] INFO  container.IncrementalContainerReportHandler (AbstractContainerReportHandler.java:updateContainerState(287)) - Moving container #1 to QUASI_CLOSED state, datanode e9c86f68-3649-4446-905a-585a397e3574(localhost/127.0.0.1) reported QUASI_CLOSED replica.
2024-04-28 12:44:13,792 [e9c86f68-3649-4446-905a-585a397e3574-PipelineCommandHandlerThread-0] INFO  server.RaftServer$Division (RaftServerImpl.java:groupRemove(496)) - e9c86f68-3649-4446-905a-585a397e3574@group-64502A0FA25A: Succeed to remove RaftStorageDirectory Storage Directory /home/runner/work/ozone/ozone/hadoop-ozone/integration-test/target/test-dir/MiniOzoneClusterImpl-fb989876-9371-464e-b996-ece4d3fe3ecb/ozone-meta/datanode-2/ratis/989d9bce-39bb-4444-b4fa-64502a0fa25a
2024-04-28 12:44:13,792 [e9c86f68-3649-4446-905a-585a397e3574-PipelineCommandHandlerThread-0] ERROR commandhandler.ClosePipelineCommandHandler (ClosePipelineCommandHandler.java:lambda$handle$2(137)) - Can't close pipeline PipelineID=989d9bce-39bb-4444-b4fa-64502a0fa25a
org.apache.ratis.protocol.exceptions.GroupMismatchException: e9c86f68-3649-4446-905a-585a397e3574: group-64502A0FA25A not found.
	at org.apache.ratis.server.impl.RaftServerProxy$ImplMap.get(RaftServerProxy.java:154)
	at org.apache.ratis.server.impl.RaftServerProxy.getImplFuture(RaftServerProxy.java:364)
	at org.apache.ratis.server.impl.RaftServerProxy.getImpl(RaftServerProxy.java:373)
	at org.apache.ratis.server.impl.RaftServerProxy.getDivision(RaftServerProxy.java:386)
	at org.apache.hadoop.ozone.container.common.transport.server.ratis.XceiverServerRatis.getRaftPeersInPipeline(XceiverServerRatis.java:951)
	at org.apache.hadoop.ozone.container.common.statemachine.commandhandler.ClosePipelineCommandHandler.lambda$handle$2(ClosePipelineCommandHandler.java:114)
	at java.base/java.util.concurrent.CompletableFuture$AsyncRun.run(CompletableFuture.java:1804)
	at java.base/java.util.concurrent.ThreadPoolExecutor.runWorker(ThreadPoolExecutor.java:1136)
	at java.base/java.util.concurrent.ThreadPoolExecutor$Worker.run(ThreadPoolExecutor.java:635)
	at java.base/java.lang.Thread.run(Thread.java:840)
2024-04-28 12:44:21,931 [main] INFO  ozone.MiniOzoneClusterImpl (MiniOzoneClusterImpl.java:shutdown(396)) - Shutting down the Mini Ozone Cluster
2024-04-28 12:44:21,931 [main] INFO  db.CodecTestUtil (CodecTestUtil.java:gc(50)) - gc 0
2024-04-28 12:44:22,102 [main] INFO  ozone.MiniOzoneClusterImpl (MiniOzoneClusterImpl.java:stop(412)) - Stopping the Mini Ozone Cluster
2024-04-28 12:44:22,102 [main] INFO  om.OzoneManager (OzoneManager.java:stop(2232)) - om1[localhost:15093]: Stopping Ozone Manager
2024-04-28 12:44:22,102 [main] INFO  ipc.Server (Server.java:stop(3523)) - Stopping server on 15093
2024-04-28 12:44:22,103 [IPC Server Responder] INFO  ipc.Server (Server.java:run(1567)) - Stopping IPC Server Responder
2024-04-28 12:44:22,103 [IPC Server listener on 15093] INFO  ipc.Server (Server.java:run(1434)) - Stopping IPC Server listener on 15093
2024-04-28 12:44:22,103 [main] INFO  ratis.OzoneManagerRatisServer (OzoneManagerRatisServer.java:stop(594)) - Stopping org.apache.hadoop.ozone.om.ratis.OzoneManagerRatisServer@682c0560 at port 15096
2024-04-28 12:44:22,104 [main] INFO  server.RaftServer (RaftServerProxy.java:lambda$close$9(416)) - om1: close
2024-04-28 12:44:22,104 [om1-impl-thread1] INFO  server.RaftServer$Division (RaftServerImpl.java:lambda$close$3(526)) - om1@group-C5BA1605619E: shutdown
2024-04-28 12:44:22,104 [main] INFO  server.GrpcService (GrpcService.java:closeImpl(311)) - om1: shutdown server GrpcServerProtocolService now
2024-04-28 12:44:22,104 [om1-impl-thread1] INFO  util.JmxRegister (JmxRegister.java:unregister(73)) - Successfully un-registered JMX Bean with object name Ratis:service=RaftServer,group=group-C5BA1605619E,id=om1
2024-04-28 12:44:22,104 [om1-impl-thread1] INFO  impl.RoleInfo (RoleInfo.java:shutdownLeaderState(94)) - om1: shutdown om1@group-C5BA1605619E-LeaderStateImpl
2024-04-28 12:44:22,104 [om1-impl-thread1] INFO  impl.PendingRequests (PendingRequests.java:sendNotLeaderResponses(289)) - om1@group-C5BA1605619E-PendingRequests: sendNotLeaderResponses
2024-04-28 12:44:22,105 [om1-impl-thread1] INFO  impl.StateMachineUpdater (StateMachineUpdater.java:stopAndJoin(157)) - om1@group-C5BA1605619E-StateMachineUpdater: set stopIndex = 4
2024-04-28 12:44:22,105 [main] INFO  server.GrpcService (GrpcService.java:closeImpl(320)) - om1: shutdown server GrpcServerProtocolService successfully
2024-04-28 12:44:22,105 [om1@group-C5BA1605619E-StateMachineUpdater] INFO  ratis.OzoneManagerStateMachine (OzoneManagerStateMachine.java:takeSnapshotImpl(481)) -  applied = (t:1, i:3)
2024-04-28 12:44:22,105 [om1@group-C5BA1605619E-StateMachineUpdater] INFO  ratis.OzoneManagerStateMachine (OzoneManagerStateMachine.java:takeSnapshotImpl(482)) -  skipped = 3
2024-04-28 12:44:22,105 [om1@group-C5BA1605619E-StateMachineUpdater] INFO  ratis.OzoneManagerStateMachine (OzoneManagerStateMachine.java:takeSnapshotImpl(483)) - notified = (t:1, i:4)
2024-04-28 12:44:22,105 [om1@group-C5BA1605619E-StateMachineUpdater] INFO  ratis.OzoneManagerStateMachine (OzoneManagerStateMachine.java:takeSnapshotImpl(484)) - snapshot = (t:1, i:4)
2024-04-28 12:44:22,114 [om1@group-C5BA1605619E-StateMachineUpdater] INFO  impl.StateMachineUpdater (StateMachineUpdater.java:takeSnapshot(295)) - om1@group-C5BA1605619E-StateMachineUpdater: Took a snapshot at index 4
2024-04-28 12:44:22,114 [om1@group-C5BA1605619E-StateMachineUpdater] INFO  impl.StateMachineUpdater (StateMachineUpdater.java:lambda$new$0(98)) - om1@group-C5BA1605619E-StateMachineUpdater: snapshotIndex: updateIncreasingly -1 -> 4
2024-04-28 12:44:22,114 [om1@group-C5BA1605619E-StateMachineUpdater] INFO  ratis.OzoneManagerStateMachine (OzoneManagerStateMachine.java:close(527)) - Stopping OzoneManagerStateMachine:om1:group-C5BA1605619E.
2024-04-28 12:44:22,114 [om1@group-C5BA1605619E-StateMachineUpdater] INFO  ratis.OzoneManagerDoubleBuffer (OzoneManagerDoubleBuffer.java:stopDaemon(517)) - Stopping OMDoubleBuffer flush thread
2024-04-28 12:44:22,114 [om1-OMDoubleBufferFlushThread] INFO  ratis.OzoneManagerDoubleBuffer (OzoneManagerDoubleBuffer.java:canFlush(581)) - OMDoubleBuffer flush thread om1-OMDoubleBufferFlushThread is interrupted and will exit.
2024-04-28 12:44:22,115 [om1-impl-thread1] INFO  server.RaftServer$Division (ServerState.java:close(427)) - om1@group-C5BA1605619E: applyIndex: 3
2024-04-28 12:44:22,115 [om1@group-C5BA1605619E-cacheEviction-AwaitToRun] INFO  util.AwaitToRun (AwaitToRun.java:run(49)) - om1@group-C5BA1605619E-cacheEviction-AwaitToRun-AwaitForSignal is interrupted
2024-04-28 12:44:22,768 [om1-impl-thread1] INFO  segmented.SegmentedRaftLogWorker (SegmentedRaftLogWorker.java:close(245)) - om1@group-C5BA1605619E-SegmentedRaftLogWorker close()
2024-04-28 12:44:22,769 [JvmPauseMonitor12] INFO  util.JvmPauseMonitor (JvmPauseMonitor.java:run(152)) - JvmPauseMonitor-om1: Stopped
2024-04-28 12:44:22,769 [main] INFO  utils.BackgroundService (BackgroundService.java:shutdown(160)) - Shutting down service KeyDeletingService
2024-04-28 12:44:22,770 [main] INFO  utils.BackgroundService (BackgroundService.java:shutdown(160)) - Shutting down service DirectoryDeletingService
2024-04-28 12:44:22,770 [main] INFO  utils.BackgroundService (BackgroundService.java:shutdown(160)) - Shutting down service OpenKeyCleanupService
2024-04-28 12:44:22,770 [main] INFO  utils.BackgroundService (BackgroundService.java:shutdown(160)) - Shutting down service SstFilteringService
2024-04-28 12:44:22,770 [main] INFO  utils.BackgroundService (BackgroundService.java:shutdown(160)) - Shutting down service SnapshotDeletingService
2024-04-28 12:44:22,770 [main] INFO  utils.BackgroundService (BackgroundService.java:shutdown(160)) - Shutting down service MultipartUploadCleanupService
2024-04-28 12:44:22,770 [main] INFO  utils.BackgroundService (BackgroundService.java:shutdown(160)) - Shutting down service SnapshotDirectoryCleaningService
2024-04-28 12:44:22,771 [main] INFO  handler.ContextHandler (ContextHandler.java:doStop(1159)) - Stopped o.e.j.w.WebAppContext@25cccd85{ozoneManager,/,null,STOPPED}{file:/home/runner/work/ozone/ozone/hadoop-ozone/integration-test/target/test-classes/webapps/ozoneManager}
2024-04-28 12:44:22,771 [main] INFO  server.AbstractConnector (AbstractConnector.java:doStop(383)) - Stopped ServerConnector@78cbb140{HTTP/1.1, (http/1.1)}{0.0.0.0:15094}
2024-04-28 12:44:22,772 [main] INFO  server.session (HouseKeeper.java:stopScavenging(149)) - node0 Stopped scavenging
2024-04-28 12:44:22,772 [main] INFO  handler.ContextHandler (ContextHandler.java:doStop(1159)) - Stopped o.e.j.s.ServletContextHandler@b940d24{static,/static,file:///home/runner/work/ozone/ozone/hadoop-ozone/integration-test/target/test-classes/webapps/static,STOPPED}
2024-04-28 12:44:22,772 [main] INFO  handler.ContextHandler (ContextHandler.java:doStop(1159)) - Stopped o.e.j.s.ServletContextHandler@671275fe{logs,/logs,file:///home/runner/work/ozone/ozone/hadoop-ozone/integration-test/target/log,STOPPED}
2024-04-28 12:44:22,772 [main] INFO  rocksdiff.RocksDBCheckpointDiffer (RocksDBCheckpointDiffer.java:close(310)) - Shutting down CompactionDagPruningService.
2024-04-28 12:44:22,774 [main] INFO  snapshot.SnapshotDiffManager (SnapshotDiffManager.java:closeExecutorService(1657)) - Shutting down executorService: 'SnapDiffExecutor'
2024-04-28 12:44:22,774 [main] INFO  utils.BackgroundService (BackgroundService.java:shutdown(160)) - Shutting down service SnapshotDiffCleanupService
2024-04-28 12:44:22,775 [main] INFO  ozone.MiniOzoneClusterImpl (MiniOzoneClusterImpl.java:stopDatanodes(471)) - Stopping the HddsDatanodes
2024-04-28 12:44:22,777 [ForkJoinPool.commonPool-worker-3] INFO  ozoneimpl.OzoneContainer (OzoneContainer.java:stop(481)) - Attempting to stop container services.
2024-04-28 12:44:22,777 [ForkJoinPool.commonPool-worker-2] INFO  ozoneimpl.OzoneContainer (OzoneContainer.java:stop(481)) - Attempting to stop container services.
2024-04-28 12:44:22,777 [ContainerMetadataScanner] WARN  ozoneimpl.AbstractBackgroundContainerScanner (AbstractBackgroundContainerScanner.java:handleRemainingSleep(134)) - Background container scan was interrupted.
2024-04-28 12:44:22,778 [ContainerMetadataScanner] INFO  ozoneimpl.AbstractBackgroundContainerScanner (AbstractBackgroundContainerScanner.java:run(61)) - Thread[ContainerMetadataScanner,5,main] exiting.
2024-04-28 12:44:22,777 [ContainerMetadataScanner] WARN  ozoneimpl.AbstractBackgroundContainerScanner (AbstractBackgroundContainerScanner.java:handleRemainingSleep(134)) - Background container scan was interrupted.
2024-04-28 12:44:22,778 [ContainerMetadataScanner] INFO  ozoneimpl.AbstractBackgroundContainerScanner (AbstractBackgroundContainerScanner.java:run(61)) - Thread[ContainerMetadataScanner,5,main] exiting.
2024-04-28 12:44:22,778 [ForkJoinPool.commonPool-worker-2] INFO  ozoneimpl.BackgroundContainerDataScanner (BackgroundContainerDataScanner.java:shutdown(141)) - ContainerDataScanner(/home/runner/work/ozone/ozone/hadoop-ozone/integration-test/target/test-dir/MiniOzoneClusterImpl-fb989876-9371-464e-b996-ece4d3fe3ecb/ozone-meta/datanode-2/data-0/hdds) is shutting down. 
2024-04-28 12:44:22,778 [ForkJoinPool.commonPool-worker-1] INFO  ozoneimpl.OzoneContainer (OzoneContainer.java:stop(481)) - Attempting to stop container services.
2024-04-28 12:44:22,778 [ContainerMetadataScanner] WARN  ozoneimpl.AbstractBackgroundContainerScanner (AbstractBackgroundContainerScanner.java:handleRemainingSleep(134)) - Background container scan was interrupted.
2024-04-28 12:44:22,778 [ContainerMetadataScanner] INFO  ozoneimpl.AbstractBackgroundContainerScanner (AbstractBackgroundContainerScanner.java:run(61)) - Thread[ContainerMetadataScanner,5,main] exiting.
2024-04-28 12:44:22,779 [ForkJoinPool.commonPool-worker-1] INFO  ozoneimpl.BackgroundContainerDataScanner (BackgroundContainerDataScanner.java:shutdown(141)) - ContainerDataScanner(/home/runner/work/ozone/ozone/hadoop-ozone/integration-test/target/test-dir/MiniOzoneClusterImpl-fb989876-9371-464e-b996-ece4d3fe3ecb/ozone-meta/datanode-8/data-0/hdds) is shutting down. 
2024-04-28 12:44:22,779 [ForkJoinPool.commonPool-worker-3] INFO  ozoneimpl.BackgroundContainerDataScanner (BackgroundContainerDataScanner.java:shutdown(141)) - ContainerDataScanner(/home/runner/work/ozone/ozone/hadoop-ozone/integration-test/target/test-dir/MiniOzoneClusterImpl-fb989876-9371-464e-b996-ece4d3fe3ecb/ozone-meta/datanode-4/data-0/hdds) is shutting down. 
2024-04-28 12:44:22,779 [ContainerDataScanner(/home/runner/work/ozone/ozone/hadoop-ozone/integration-test/target/test-dir/MiniOzoneClusterImpl-fb989876-9371-464e-b996-ece4d3fe3ecb/ozone-meta/datanode-4/data-0/hdds)] WARN  ozoneimpl.AbstractBackgroundContainerScanner (AbstractBackgroundContainerScanner.java:handleRemainingSleep(134)) - Background container scan was interrupted.
2024-04-28 12:44:22,779 [ContainerDataScanner(/home/runner/work/ozone/ozone/hadoop-ozone/integration-test/target/test-dir/MiniOzoneClusterImpl-fb989876-9371-464e-b996-ece4d3fe3ecb/ozone-meta/datanode-4/data-0/hdds)] INFO  ozoneimpl.AbstractBackgroundContainerScanner (AbstractBackgroundContainerScanner.java:run(61)) - ContainerDataScanner(/home/runner/work/ozone/ozone/hadoop-ozone/integration-test/target/test-dir/MiniOzoneClusterImpl-fb989876-9371-464e-b996-ece4d3fe3ecb/ozone-meta/datanode-4/data-0/hdds, DS-d16afd8a-3f32-48ac-8e84-4b8c4b21e4ba) exiting.
2024-04-28 12:44:22,778 [ContainerDataScanner(/home/runner/work/ozone/ozone/hadoop-ozone/integration-test/target/test-dir/MiniOzoneClusterImpl-fb989876-9371-464e-b996-ece4d3fe3ecb/ozone-meta/datanode-2/data-0/hdds)] WARN  ozoneimpl.AbstractBackgroundContainerScanner (AbstractBackgroundContainerScanner.java:handleRemainingSleep(134)) - Background container scan was interrupted.
2024-04-28 12:44:22,779 [ContainerDataScanner(/home/runner/work/ozone/ozone/hadoop-ozone/integration-test/target/test-dir/MiniOzoneClusterImpl-fb989876-9371-464e-b996-ece4d3fe3ecb/ozone-meta/datanode-2/data-0/hdds)] INFO  ozoneimpl.AbstractBackgroundContainerScanner (AbstractBackgroundContainerScanner.java:run(61)) - ContainerDataScanner(/home/runner/work/ozone/ozone/hadoop-ozone/integration-test/target/test-dir/MiniOzoneClusterImpl-fb989876-9371-464e-b996-ece4d3fe3ecb/ozone-meta/datanode-2/data-0/hdds, DS-225ccfa7-c61f-4636-81dd-e0d4a7d6966f) exiting.
2024-04-28 12:44:22,779 [main] INFO  ozoneimpl.OzoneContainer (OzoneContainer.java:stop(481)) - Attempting to stop container services.
2024-04-28 12:44:22,780 [ForkJoinPool.commonPool-worker-2] INFO  server.RaftServer (RaftServerProxy.java:lambda$close$9(416)) - e9c86f68-3649-4446-905a-585a397e3574: close
2024-04-28 12:44:22,780 [ForkJoinPool.commonPool-worker-2] INFO  server.GrpcService (GrpcService.java:closeImpl(311)) - e9c86f68-3649-4446-905a-585a397e3574: shutdown server org.apache.ratis.grpc.server.GrpcClientProtocolService now
2024-04-28 12:44:22,780 [e9c86f68-3649-4446-905a-585a397e3574-impl-thread1] INFO  server.RaftServer$Division (RaftServerImpl.java:lambda$close$3(526)) - e9c86f68-3649-4446-905a-585a397e3574@group-249964EAA68A: shutdown
2024-04-28 12:44:22,780 [e9c86f68-3649-4446-905a-585a397e3574-impl-thread1] INFO  util.JmxRegister (JmxRegister.java:unregister(73)) - Successfully un-registered JMX Bean with object name Ratis:service=RaftServer,group=group-249964EAA68A,id=e9c86f68-3649-4446-905a-585a397e3574
2024-04-28 12:44:22,780 [e9c86f68-3649-4446-905a-585a397e3574-impl-thread1] INFO  impl.RoleInfo (RoleInfo.java:shutdownLeaderState(94)) - e9c86f68-3649-4446-905a-585a397e3574: shutdown e9c86f68-3649-4446-905a-585a397e3574@group-249964EAA68A-LeaderStateImpl
2024-04-28 12:44:22,780 [e9c86f68-3649-4446-905a-585a397e3574-impl-thread1] INFO  impl.PendingRequests (PendingRequests.java:sendNotLeaderResponses(289)) - e9c86f68-3649-4446-905a-585a397e3574@group-249964EAA68A-PendingRequests: sendNotLeaderResponses
2024-04-28 12:44:22,780 [e9c86f68-3649-4446-905a-585a397e3574-impl-thread1] INFO  impl.StateMachineUpdater (StateMachineUpdater.java:stopAndJoin(157)) - e9c86f68-3649-4446-905a-585a397e3574@group-249964EAA68A-StateMachineUpdater: set stopIndex = 0
2024-04-28 12:44:22,780 [e9c86f68-3649-4446-905a-585a397e3574@group-249964EAA68A-StateMachineUpdater] INFO  ratis.ContainerStateMachine (ContainerStateMachine.java:takeSnapshot(355)) - group-249964EAA68A: Taking a snapshot at:(t:1, i:0) file /home/runner/work/ozone/ozone/hadoop-ozone/integration-test/target/test-dir/MiniOzoneClusterImpl-fb989876-9371-464e-b996-ece4d3fe3ecb/ozone-meta/datanode-2/ratis/cbfb3750-0957-4ea3-a053-249964eaa68a/sm/snapshot.1_0
2024-04-28 12:44:22,779 [ContainerDataScanner(/home/runner/work/ozone/ozone/hadoop-ozone/integration-test/target/test-dir/MiniOzoneClusterImpl-fb989876-9371-464e-b996-ece4d3fe3ecb/ozone-meta/datanode-8/data-0/hdds)] WARN  ozoneimpl.AbstractBackgroundContainerScanner (AbstractBackgroundContainerScanner.java:handleRemainingSleep(134)) - Background container scan was interrupted.
2024-04-28 12:44:22,781 [ContainerDataScanner(/home/runner/work/ozone/ozone/hadoop-ozone/integration-test/target/test-dir/MiniOzoneClusterImpl-fb989876-9371-464e-b996-ece4d3fe3ecb/ozone-meta/datanode-8/data-0/hdds)] INFO  ozoneimpl.AbstractBackgroundContainerScanner (AbstractBackgroundContainerScanner.java:run(61)) - ContainerDataScanner(/home/runner/work/ozone/ozone/hadoop-ozone/integration-test/target/test-dir/MiniOzoneClusterImpl-fb989876-9371-464e-b996-ece4d3fe3ecb/ozone-meta/datanode-8/data-0/hdds, DS-1e51e6f3-33cc-4295-afa9-d9dc63d41ace) exiting.
2024-04-28 12:44:22,780 [ContainerMetadataScanner] WARN  ozoneimpl.AbstractBackgroundContainerScanner (AbstractBackgroundContainerScanner.java:handleRemainingSleep(134)) - Background container scan was interrupted.
2024-04-28 12:44:22,780 [ForkJoinPool.commonPool-worker-3] INFO  server.RaftServer (RaftServerProxy.java:lambda$close$9(416)) - 1d4b00a3-9857-4eac-ad23-fb07690fc4d9: close
2024-04-28 12:44:22,781 [1d4b00a3-9857-4eac-ad23-fb07690fc4d9-impl-thread1] INFO  server.RaftServer$Division (RaftServerImpl.java:lambda$close$3(526)) - 1d4b00a3-9857-4eac-ad23-fb07690fc4d9@group-9D1E68A9FB73: shutdown
2024-04-28 12:44:22,781 [1d4b00a3-9857-4eac-ad23-fb07690fc4d9-impl-thread1] INFO  util.JmxRegister (JmxRegister.java:unregister(73)) - Successfully un-registered JMX Bean with object name Ratis:service=RaftServer,group=group-9D1E68A9FB73,id=1d4b00a3-9857-4eac-ad23-fb07690fc4d9
2024-04-28 12:44:22,781 [1d4b00a3-9857-4eac-ad23-fb07690fc4d9-impl-thread1] INFO  impl.RoleInfo (RoleInfo.java:shutdownLeaderState(94)) - 1d4b00a3-9857-4eac-ad23-fb07690fc4d9: shutdown 1d4b00a3-9857-4eac-ad23-fb07690fc4d9@group-9D1E68A9FB73-LeaderStateImpl
2024-04-28 12:44:22,781 [1d4b00a3-9857-4eac-ad23-fb07690fc4d9-impl-thread1] INFO  impl.PendingRequests (PendingRequests.java:sendNotLeaderResponses(289)) - 1d4b00a3-9857-4eac-ad23-fb07690fc4d9@group-9D1E68A9FB73-PendingRequests: sendNotLeaderResponses
2024-04-28 12:44:22,782 [1d4b00a3-9857-4eac-ad23-fb07690fc4d9-impl-thread1] INFO  impl.StateMachineUpdater (StateMachineUpdater.java:stopAndJoin(157)) - 1d4b00a3-9857-4eac-ad23-fb07690fc4d9@group-9D1E68A9FB73-StateMachineUpdater: set stopIndex = 0
2024-04-28 12:44:22,781 [ContainerMetadataScanner] INFO  ozoneimpl.AbstractBackgroundContainerScanner (AbstractBackgroundContainerScanner.java:run(61)) - Thread[ContainerMetadataScanner,5,main] exiting.
2024-04-28 12:44:22,782 [1d4b00a3-9857-4eac-ad23-fb07690fc4d9@group-9D1E68A9FB73-StateMachineUpdater] INFO  ratis.ContainerStateMachine (ContainerStateMachine.java:takeSnapshot(355)) - group-9D1E68A9FB73: Taking a snapshot at:(t:1, i:0) file /home/runner/work/ozone/ozone/hadoop-ozone/integration-test/target/test-dir/MiniOzoneClusterImpl-fb989876-9371-464e-b996-ece4d3fe3ecb/ozone-meta/datanode-4/ratis/41470a04-c002-4d55-a216-9d1e68a9fb73/sm/snapshot.1_0
2024-04-28 12:44:22,782 [main] INFO  ozoneimpl.BackgroundContainerDataScanner (BackgroundContainerDataScanner.java:shutdown(141)) - ContainerDataScanner(/home/runner/work/ozone/ozone/hadoop-ozone/integration-test/target/test-dir/MiniOzoneClusterImpl-fb989876-9371-464e-b996-ece4d3fe3ecb/ozone-meta/datanode-6/data-0/hdds) is shutting down. 
2024-04-28 12:44:22,781 [e9c86f68-3649-4446-905a-585a397e3574@group-249964EAA68A-StateMachineUpdater] INFO  ratis.ContainerStateMachine (ContainerStateMachine.java:takeSnapshot(366)) - group-249964EAA68A: Finished taking a snapshot at:(t:1, i:0) file:/home/runner/work/ozone/ozone/hadoop-ozone/integration-test/target/test-dir/MiniOzoneClusterImpl-fb989876-9371-464e-b996-ece4d3fe3ecb/ozone-meta/datanode-2/ratis/cbfb3750-0957-4ea3-a053-249964eaa68a/sm/snapshot.1_0 took: 1 ms
2024-04-28 12:44:22,782 [1d4b00a3-9857-4eac-ad23-fb07690fc4d9@group-9D1E68A9FB73-StateMachineUpdater] INFO  ratis.ContainerStateMachine (ContainerStateMachine.java:takeSnapshot(366)) - group-9D1E68A9FB73: Finished taking a snapshot at:(t:1, i:0) file:/home/runner/work/ozone/ozone/hadoop-ozone/integration-test/target/test-dir/MiniOzoneClusterImpl-fb989876-9371-464e-b996-ece4d3fe3ecb/ozone-meta/datanode-4/ratis/41470a04-c002-4d55-a216-9d1e68a9fb73/sm/snapshot.1_0 took: 1 ms
2024-04-28 12:44:22,782 [ForkJoinPool.commonPool-worker-1] INFO  server.RaftServer (RaftServerProxy.java:lambda$close$9(416)) - 0f39c21b-d5b1-40df-b9b4-e74314e680e2: close
2024-04-28 12:44:22,783 [1d4b00a3-9857-4eac-ad23-fb07690fc4d9@group-9D1E68A9FB73-StateMachineUpdater] INFO  impl.StateMachineUpdater (StateMachineUpdater.java:takeSnapshot(295)) - 1d4b00a3-9857-4eac-ad23-fb07690fc4d9@group-9D1E68A9FB73-StateMachineUpdater: Took a snapshot at index 0
2024-04-28 12:44:22,783 [e9c86f68-3649-4446-905a-585a397e3574@group-249964EAA68A-StateMachineUpdater] INFO  impl.StateMachineUpdater (StateMachineUpdater.java:takeSnapshot(295)) - e9c86f68-3649-4446-905a-585a397e3574@group-249964EAA68A-StateMachineUpdater: Took a snapshot at index 0
2024-04-28 12:44:22,783 [0f39c21b-d5b1-40df-b9b4-e74314e680e2-impl-thread1] INFO  server.RaftServer$Division (RaftServerImpl.java:lambda$close$3(526)) - 0f39c21b-d5b1-40df-b9b4-e74314e680e2@group-AC295DC072D3: shutdown
2024-04-28 12:44:22,783 [0f39c21b-d5b1-40df-b9b4-e74314e680e2-impl-thread1] INFO  util.JmxRegister (JmxRegister.java:unregister(73)) - Successfully un-registered JMX Bean with object name Ratis:service=RaftServer,group=group-AC295DC072D3,id=0f39c21b-d5b1-40df-b9b4-e74314e680e2
2024-04-28 12:44:22,783 [0f39c21b-d5b1-40df-b9b4-e74314e680e2-impl-thread1] INFO  impl.RoleInfo (RoleInfo.java:shutdownLeaderState(94)) - 0f39c21b-d5b1-40df-b9b4-e74314e680e2: shutdown 0f39c21b-d5b1-40df-b9b4-e74314e680e2@group-AC295DC072D3-LeaderStateImpl
2024-04-28 12:44:22,783 [0f39c21b-d5b1-40df-b9b4-e74314e680e2-impl-thread1] INFO  impl.PendingRequests (PendingRequests.java:sendNotLeaderResponses(289)) - 0f39c21b-d5b1-40df-b9b4-e74314e680e2@group-AC295DC072D3-PendingRequests: sendNotLeaderResponses
2024-04-28 12:44:22,783 [ContainerDataScanner(/home/runner/work/ozone/ozone/hadoop-ozone/integration-test/target/test-dir/MiniOzoneClusterImpl-fb989876-9371-464e-b996-ece4d3fe3ecb/ozone-meta/datanode-6/data-0/hdds)] WARN  ozoneimpl.AbstractBackgroundContainerScanner (AbstractBackgroundContainerScanner.java:handleRemainingSleep(134)) - Background container scan was interrupted.
2024-04-28 12:44:22,783 [ContainerDataScanner(/home/runner/work/ozone/ozone/hadoop-ozone/integration-test/target/test-dir/MiniOzoneClusterImpl-fb989876-9371-464e-b996-ece4d3fe3ecb/ozone-meta/datanode-6/data-0/hdds)] INFO  ozoneimpl.AbstractBackgroundContainerScanner (AbstractBackgroundContainerScanner.java:run(61)) - ContainerDataScanner(/home/runner/work/ozone/ozone/hadoop-ozone/integration-test/target/test-dir/MiniOzoneClusterImpl-fb989876-9371-464e-b996-ece4d3fe3ecb/ozone-meta/datanode-6/data-0/hdds, DS-d4c992d0-2454-4154-ac60-ed36f2d24938) exiting.
2024-04-28 12:44:22,783 [0f39c21b-d5b1-40df-b9b4-e74314e680e2-impl-thread1] INFO  impl.StateMachineUpdater (StateMachineUpdater.java:stopAndJoin(157)) - 0f39c21b-d5b1-40df-b9b4-e74314e680e2@group-AC295DC072D3-StateMachineUpdater: set stopIndex = 0
2024-04-28 12:44:22,783 [1d4b00a3-9857-4eac-ad23-fb07690fc4d9@group-9D1E68A9FB73-StateMachineUpdater] INFO  impl.StateMachineUpdater (StateMachineUpdater.java:lambda$new$0(98)) - 1d4b00a3-9857-4eac-ad23-fb07690fc4d9@group-9D1E68A9FB73-StateMachineUpdater: snapshotIndex: updateIncreasingly -1 -> 0
2024-04-28 12:44:22,783 [0f39c21b-d5b1-40df-b9b4-e74314e680e2@group-AC295DC072D3-StateMachineUpdater] INFO  ratis.ContainerStateMachine (ContainerStateMachine.java:takeSnapshot(355)) - group-AC295DC072D3: Taking a snapshot at:(t:1, i:0) file /home/runner/work/ozone/ozone/hadoop-ozone/integration-test/target/test-dir/MiniOzoneClusterImpl-fb989876-9371-464e-b996-ece4d3fe3ecb/ozone-meta/datanode-8/ratis/136a4f55-f295-4137-bb57-ac295dc072d3/sm/snapshot.1_0
2024-04-28 12:44:22,783 [e9c86f68-3649-4446-905a-585a397e3574@group-249964EAA68A-StateMachineUpdater] INFO  impl.StateMachineUpdater (StateMachineUpdater.java:lambda$new$0(98)) - e9c86f68-3649-4446-905a-585a397e3574@group-249964EAA68A-StateMachineUpdater: snapshotIndex: updateIncreasingly -1 -> 0
2024-04-28 12:44:22,784 [1d4b00a3-9857-4eac-ad23-fb07690fc4d9-impl-thread1] INFO  server.RaftServer$Division (ServerState.java:close(427)) - 1d4b00a3-9857-4eac-ad23-fb07690fc4d9@group-9D1E68A9FB73: applyIndex: 0
2024-04-28 12:44:22,784 [1d4b00a3-9857-4eac-ad23-fb07690fc4d9@group-9D1E68A9FB73-cacheEviction-AwaitToRun] INFO  util.AwaitToRun (AwaitToRun.java:run(49)) - 1d4b00a3-9857-4eac-ad23-fb07690fc4d9@group-9D1E68A9FB73-cacheEviction-AwaitToRun-AwaitForSignal is interrupted
2024-04-28 12:44:22,784 [0f39c21b-d5b1-40df-b9b4-e74314e680e2@group-AC295DC072D3-StateMachineUpdater] INFO  ratis.ContainerStateMachine (ContainerStateMachine.java:takeSnapshot(366)) - group-AC295DC072D3: Finished taking a snapshot at:(t:1, i:0) file:/home/runner/work/ozone/ozone/hadoop-ozone/integration-test/target/test-dir/MiniOzoneClusterImpl-fb989876-9371-464e-b996-ece4d3fe3ecb/ozone-meta/datanode-8/ratis/136a4f55-f295-4137-bb57-ac295dc072d3/sm/snapshot.1_0 took: 1 ms
2024-04-28 12:44:22,784 [0f39c21b-d5b1-40df-b9b4-e74314e680e2@group-AC295DC072D3-StateMachineUpdater] INFO  impl.StateMachineUpdater (StateMachineUpdater.java:takeSnapshot(295)) - 0f39c21b-d5b1-40df-b9b4-e74314e680e2@group-AC295DC072D3-StateMachineUpdater: Took a snapshot at index 0
2024-04-28 12:44:22,784 [0f39c21b-d5b1-40df-b9b4-e74314e680e2@group-AC295DC072D3-StateMachineUpdater] INFO  impl.StateMachineUpdater (StateMachineUpdater.java:lambda$new$0(98)) - 0f39c21b-d5b1-40df-b9b4-e74314e680e2@group-AC295DC072D3-StateMachineUpdater: snapshotIndex: updateIncreasingly -1 -> 0
2024-04-28 12:44:22,784 [main] INFO  server.RaftServer (RaftServerProxy.java:lambda$close$9(416)) - 1070cd50-d4de-4eff-9e7b-13f77727c4d2: close
2024-04-28 12:44:22,784 [e9c86f68-3649-4446-905a-585a397e3574-impl-thread1] INFO  server.RaftServer$Division (ServerState.java:close(427)) - e9c86f68-3649-4446-905a-585a397e3574@group-249964EAA68A: applyIndex: 0
2024-04-28 12:44:22,784 [0f39c21b-d5b1-40df-b9b4-e74314e680e2-impl-thread1] INFO  server.RaftServer$Division (ServerState.java:close(427)) - 0f39c21b-d5b1-40df-b9b4-e74314e680e2@group-AC295DC072D3: applyIndex: 0
2024-04-28 12:44:22,785 [e9c86f68-3649-4446-905a-585a397e3574@group-249964EAA68A-cacheEviction-AwaitToRun] INFO  util.AwaitToRun (AwaitToRun.java:run(49)) - e9c86f68-3649-4446-905a-585a397e3574@group-249964EAA68A-cacheEviction-AwaitToRun-AwaitForSignal is interrupted
2024-04-28 12:44:22,785 [1070cd50-d4de-4eff-9e7b-13f77727c4d2-impl-thread1] INFO  server.RaftServer$Division (RaftServerImpl.java:lambda$close$3(526)) - 1070cd50-d4de-4eff-9e7b-13f77727c4d2@group-BBF6C343BD26: shutdown
2024-04-28 12:44:22,785 [1070cd50-d4de-4eff-9e7b-13f77727c4d2-impl-thread1] INFO  util.JmxRegister (JmxRegister.java:unregister(73)) - Successfully un-registered JMX Bean with object name Ratis:service=RaftServer,group=group-BBF6C343BD26,id=1070cd50-d4de-4eff-9e7b-13f77727c4d2
2024-04-28 12:44:22,785 [1070cd50-d4de-4eff-9e7b-13f77727c4d2-impl-thread1] INFO  impl.RoleInfo (RoleInfo.java:shutdownLeaderState(94)) - 1070cd50-d4de-4eff-9e7b-13f77727c4d2: shutdown 1070cd50-d4de-4eff-9e7b-13f77727c4d2@group-BBF6C343BD26-LeaderStateImpl
2024-04-28 12:44:22,785 [1070cd50-d4de-4eff-9e7b-13f77727c4d2-impl-thread1] INFO  impl.PendingRequests (PendingRequests.java:sendNotLeaderResponses(289)) - 1070cd50-d4de-4eff-9e7b-13f77727c4d2@group-BBF6C343BD26-PendingRequests: sendNotLeaderResponses
2024-04-28 12:44:22,785 [1070cd50-d4de-4eff-9e7b-13f77727c4d2-impl-thread1] INFO  impl.StateMachineUpdater (StateMachineUpdater.java:stopAndJoin(157)) - 1070cd50-d4de-4eff-9e7b-13f77727c4d2@group-BBF6C343BD26-StateMachineUpdater: set stopIndex = 0
2024-04-28 12:44:22,785 [1070cd50-d4de-4eff-9e7b-13f77727c4d2@group-BBF6C343BD26-StateMachineUpdater] INFO  ratis.ContainerStateMachine (ContainerStateMachine.java:takeSnapshot(355)) - group-BBF6C343BD26: Taking a snapshot at:(t:1, i:0) file /home/runner/work/ozone/ozone/hadoop-ozone/integration-test/target/test-dir/MiniOzoneClusterImpl-fb989876-9371-464e-b996-ece4d3fe3ecb/ozone-meta/datanode-6/ratis/a738411f-a299-4ef0-8116-bbf6c343bd26/sm/snapshot.1_0
2024-04-28 12:44:22,785 [0f39c21b-d5b1-40df-b9b4-e74314e680e2@group-AC295DC072D3-cacheEviction-AwaitToRun] INFO  util.AwaitToRun (AwaitToRun.java:run(49)) - 0f39c21b-d5b1-40df-b9b4-e74314e680e2@group-AC295DC072D3-cacheEviction-AwaitToRun-AwaitForSignal is interrupted
2024-04-28 12:44:22,786 [1070cd50-d4de-4eff-9e7b-13f77727c4d2@group-BBF6C343BD26-StateMachineUpdater] INFO  ratis.ContainerStateMachine (ContainerStateMachine.java:takeSnapshot(366)) - group-BBF6C343BD26: Finished taking a snapshot at:(t:1, i:0) file:/home/runner/work/ozone/ozone/hadoop-ozone/integration-test/target/test-dir/MiniOzoneClusterImpl-fb989876-9371-464e-b996-ece4d3fe3ecb/ozone-meta/datanode-6/ratis/a738411f-a299-4ef0-8116-bbf6c343bd26/sm/snapshot.1_0 took: 0 ms
2024-04-28 12:44:22,786 [1070cd50-d4de-4eff-9e7b-13f77727c4d2@group-BBF6C343BD26-StateMachineUpdater] INFO  impl.StateMachineUpdater (StateMachineUpdater.java:takeSnapshot(295)) - 1070cd50-d4de-4eff-9e7b-13f77727c4d2@group-BBF6C343BD26-StateMachineUpdater: Took a snapshot at index 0
2024-04-28 12:44:22,786 [1070cd50-d4de-4eff-9e7b-13f77727c4d2@group-BBF6C343BD26-StateMachineUpdater] INFO  impl.StateMachineUpdater (StateMachineUpdater.java:lambda$new$0(98)) - 1070cd50-d4de-4eff-9e7b-13f77727c4d2@group-BBF6C343BD26-StateMachineUpdater: snapshotIndex: updateIncreasingly -1 -> 0
2024-04-28 12:44:22,786 [1070cd50-d4de-4eff-9e7b-13f77727c4d2-impl-thread1] INFO  server.RaftServer$Division (ServerState.java:close(427)) - 1070cd50-d4de-4eff-9e7b-13f77727c4d2@group-BBF6C343BD26: applyIndex: 0
2024-04-28 12:44:22,786 [1070cd50-d4de-4eff-9e7b-13f77727c4d2@group-BBF6C343BD26-cacheEviction-AwaitToRun] INFO  util.AwaitToRun (AwaitToRun.java:run(49)) - 1070cd50-d4de-4eff-9e7b-13f77727c4d2@group-BBF6C343BD26-cacheEviction-AwaitToRun-AwaitForSignal is interrupted
2024-04-28 12:44:22,790 [ForkJoinPool.commonPool-worker-3] INFO  server.GrpcService (GrpcService.java:closeImpl(311)) - 1d4b00a3-9857-4eac-ad23-fb07690fc4d9: shutdown server org.apache.ratis.grpc.server.GrpcClientProtocolService now
2024-04-28 12:44:22,790 [1d4b00a3-9857-4eac-ad23-fb07690fc4d9-impl-thread2] INFO  server.RaftServer$Division (RaftServerImpl.java:lambda$close$3(526)) - 1d4b00a3-9857-4eac-ad23-fb07690fc4d9@group-7AC4A5481F83: shutdown
2024-04-28 12:44:22,790 [1d4b00a3-9857-4eac-ad23-fb07690fc4d9-impl-thread2] INFO  util.JmxRegister (JmxRegister.java:unregister(73)) - Successfully un-registered JMX Bean with object name Ratis:service=RaftServer,group=group-7AC4A5481F83,id=1d4b00a3-9857-4eac-ad23-fb07690fc4d9
2024-04-28 12:44:22,790 [1d4b00a3-9857-4eac-ad23-fb07690fc4d9-impl-thread2] INFO  impl.RoleInfo (RoleInfo.java:shutdownLeaderState(94)) - 1d4b00a3-9857-4eac-ad23-fb07690fc4d9: shutdown 1d4b00a3-9857-4eac-ad23-fb07690fc4d9@group-7AC4A5481F83-LeaderStateImpl
2024-04-28 12:44:22,790 [1d4b00a3-9857-4eac-ad23-fb07690fc4d9@group-7AC4A5481F83->1070cd50-d4de-4eff-9e7b-13f77727c4d2-GrpcLogAppender-LogAppenderDaemon] WARN  server.GrpcLogAppender (GrpcLogAppender.java:mayWait(289)) - 1d4b00a3-9857-4eac-ad23-fb07690fc4d9@group-7AC4A5481F83->1070cd50-d4de-4eff-9e7b-13f77727c4d2-GrpcLogAppender: Wait interrupted by java.lang.InterruptedException
2024-04-28 12:44:22,790 [1d4b00a3-9857-4eac-ad23-fb07690fc4d9-impl-thread2] INFO  impl.PendingRequests (PendingRequests.java:sendNotLeaderResponses(289)) - 1d4b00a3-9857-4eac-ad23-fb07690fc4d9@group-7AC4A5481F83-PendingRequests: sendNotLeaderResponses
2024-04-28 12:44:22,790 [1d4b00a3-9857-4eac-ad23-fb07690fc4d9@group-7AC4A5481F83->1d5b270c-141e-46ec-a0c0-ed60a5ff00c9-GrpcLogAppender-LogAppenderDaemon] WARN  server.GrpcLogAppender (GrpcLogAppender.java:mayWait(289)) - 1d4b00a3-9857-4eac-ad23-fb07690fc4d9@group-7AC4A5481F83->1d5b270c-141e-46ec-a0c0-ed60a5ff00c9-GrpcLogAppender: Wait interrupted by java.lang.InterruptedException
2024-04-28 12:44:22,791 [1d4b00a3-9857-4eac-ad23-fb07690fc4d9-impl-thread2] INFO  impl.StateMachineUpdater (StateMachineUpdater.java:stopAndJoin(157)) - 1d4b00a3-9857-4eac-ad23-fb07690fc4d9@group-7AC4A5481F83-StateMachineUpdater: set stopIndex = 0
2024-04-28 12:44:22,791 [1d4b00a3-9857-4eac-ad23-fb07690fc4d9@group-7AC4A5481F83-StateMachineUpdater] INFO  ratis.ContainerStateMachine (ContainerStateMachine.java:takeSnapshot(355)) - group-7AC4A5481F83: Taking a snapshot at:(t:1, i:0) file /home/runner/work/ozone/ozone/hadoop-ozone/integration-test/target/test-dir/MiniOzoneClusterImpl-fb989876-9371-464e-b996-ece4d3fe3ecb/ozone-meta/datanode-4/ratis/6137e3d0-c177-448d-9fbd-7ac4a5481f83/sm/snapshot.1_0
2024-04-28 12:44:22,792 [grpc-default-executor-5] INFO  server.GrpcServerProtocolService (GrpcServerProtocolService.java:onCompleted(157)) - 1d5b270c-141e-46ec-a0c0-ed60a5ff00c9: Completed APPEND_ENTRIES, lastRequest: 1d4b00a3-9857-4eac-ad23-fb07690fc4d9->1d5b270c-141e-46ec-a0c0-ed60a5ff00c9#1-t1,previous=(t:0, i:0),leaderCommit=0,initializing? false,entries: size=1, first=(t:1, i:0), CONFIGURATIONENTRY(current:id: "1070cd50-d4de-4eff-9e7b-13f77727c4d2"
address: "127.0.0.1:15148"
dataStreamAddress: "127.0.0.1:15149"
clientAddress: "127.0.0.1:15146"
adminAddress: "127.0.0.1:15147"
startupRole: FOLLOWER
,id: "1d5b270c-141e-46ec-a0c0-ed60a5ff00c9"
address: "127.0.0.1:15139"
dataStreamAddress: "127.0.0.1:15140"
clientAddress: "127.0.0.1:15137"
adminAddress: "127.0.0.1:15138"
startupRole: FOLLOWER
,id: "1d4b00a3-9857-4eac-ad23-fb07690fc4d9"
address: "127.0.0.1:15130"
priority: 1
dataStreamAddress: "127.0.0.1:15131"
clientAddress: "127.0.0.1:15128"
adminAddress: "127.0.0.1:15129"
startupRole: FOLLOWER
, old:)
2024-04-28 12:44:22,792 [1d4b00a3-9857-4eac-ad23-fb07690fc4d9@group-7AC4A5481F83-StateMachineUpdater] INFO  ratis.ContainerStateMachine (ContainerStateMachine.java:takeSnapshot(366)) - group-7AC4A5481F83: Finished taking a snapshot at:(t:1, i:0) file:/home/runner/work/ozone/ozone/hadoop-ozone/integration-test/target/test-dir/MiniOzoneClusterImpl-fb989876-9371-464e-b996-ece4d3fe3ecb/ozone-meta/datanode-4/ratis/6137e3d0-c177-448d-9fbd-7ac4a5481f83/sm/snapshot.1_0 took: 1 ms
2024-04-28 12:44:22,792 [grpc-default-executor-5] INFO  server.GrpcServerProtocolService (GrpcServerProtocolService.java:lambda$onCompleted$5(159)) - 1d5b270c-141e-46ec-a0c0-ed60a5ff00c9: Completed APPEND_ENTRIES, lastReply: null
2024-04-28 12:44:22,792 [1d4b00a3-9857-4eac-ad23-fb07690fc4d9@group-7AC4A5481F83-StateMachineUpdater] INFO  impl.StateMachineUpdater (StateMachineUpdater.java:takeSnapshot(295)) - 1d4b00a3-9857-4eac-ad23-fb07690fc4d9@group-7AC4A5481F83-StateMachineUpdater: Took a snapshot at index 0
2024-04-28 12:44:22,792 [1d4b00a3-9857-4eac-ad23-fb07690fc4d9@group-7AC4A5481F83-StateMachineUpdater] INFO  impl.StateMachineUpdater (StateMachineUpdater.java:lambda$new$0(98)) - 1d4b00a3-9857-4eac-ad23-fb07690fc4d9@group-7AC4A5481F83-StateMachineUpdater: snapshotIndex: updateIncreasingly -1 -> 0
2024-04-28 12:44:22,793 [Thread-2213] INFO  server.GrpcServerProtocolClient (GrpcServerProtocolClient.java:close(103)) - 53f12868-9e08-461f-b1df-8616d22e03b0 Close channels
2024-04-28 12:44:22,793 [grpc-default-executor-1] INFO  server.GrpcServerProtocolService (GrpcServerProtocolService.java:onCompleted(157)) - 1070cd50-d4de-4eff-9e7b-13f77727c4d2: Completed APPEND_ENTRIES, lastRequest: null
2024-04-28 12:44:22,793 [grpc-default-executor-4] INFO  server.GrpcLogAppender (GrpcLogAppender.java:onCompleted(546)) - 1d4b00a3-9857-4eac-ad23-fb07690fc4d9@group-7AC4A5481F83->1d5b270c-141e-46ec-a0c0-ed60a5ff00c9-AppendLogResponseHandler: follower responses appendEntries COMPLETED
2024-04-28 12:44:22,793 [Thread-2217] INFO  server.GrpcServerProtocolClient (GrpcServerProtocolClient.java:close(103)) - 013b6299-c97b-4afe-8aa4-203fc50eadfd Close channels
2024-04-28 12:44:22,793 [grpc-default-executor-3] INFO  server.GrpcServerProtocolService (GrpcServerProtocolService.java:onCompleted(157)) - 1070cd50-d4de-4eff-9e7b-13f77727c4d2: Completed APPEND_ENTRIES, lastRequest: 1d4b00a3-9857-4eac-ad23-fb07690fc4d9->1070cd50-d4de-4eff-9e7b-13f77727c4d2#1-t1,previous=(t:0, i:0),leaderCommit=-1,initializing? false,entries: size=1, first=(t:1, i:0), CONFIGURATIONENTRY(current:id: "1070cd50-d4de-4eff-9e7b-13f77727c4d2"
address: "127.0.0.1:15148"
dataStreamAddress: "127.0.0.1:15149"
clientAddress: "127.0.0.1:15146"
adminAddress: "127.0.0.1:15147"
startupRole: FOLLOWER
,id: "1d5b270c-141e-46ec-a0c0-ed60a5ff00c9"
address: "127.0.0.1:15139"
dataStreamAddress: "127.0.0.1:15140"
clientAddress: "127.0.0.1:15137"
adminAddress: "127.0.0.1:15138"
startupRole: FOLLOWER
,id: "1d4b00a3-9857-4eac-ad23-fb07690fc4d9"
address: "127.0.0.1:15130"
priority: 1
dataStreamAddress: "127.0.0.1:15131"
clientAddress: "127.0.0.1:15128"
adminAddress: "127.0.0.1:15129"
startupRole: FOLLOWER
, old:)
2024-04-28 12:44:22,793 [grpc-default-executor-3] INFO  server.GrpcServerProtocolService (GrpcServerProtocolService.java:lambda$onCompleted$5(159)) - 1070cd50-d4de-4eff-9e7b-13f77727c4d2: Completed APPEND_ENTRIES, lastReply: null
2024-04-28 12:44:22,793 [ForkJoinPool.commonPool-worker-2] INFO  server.GrpcService (GrpcService.java:closeImpl(320)) - e9c86f68-3649-4446-905a-585a397e3574: shutdown server org.apache.ratis.grpc.server.GrpcClientProtocolService successfully
2024-04-28 12:44:22,793 [ForkJoinPool.commonPool-worker-2] INFO  server.GrpcService (GrpcService.java:closeImpl(311)) - e9c86f68-3649-4446-905a-585a397e3574: shutdown server GrpcServerProtocolService now
2024-04-28 12:44:22,794 [grpc-default-executor-1] INFO  server.GrpcServerProtocolService (GrpcServerProtocolService.java:lambda$onCompleted$5(159)) - 1070cd50-d4de-4eff-9e7b-13f77727c4d2: Completed APPEND_ENTRIES, lastReply: serverReply {
  requestorId: "1d4b00a3-9857-4eac-ad23-fb07690fc4d9"
  replyId: "1070cd50-d4de-4eff-9e7b-13f77727c4d2"
  raftGroupId {
    id: "a7\343\320\301wD\215\237\275z\304\245H\037\203"
  }
  callId: 12
  success: true
}
term: 1
nextIndex: 1
matchIndex: 18446744073709551615
isHearbeat: true

2024-04-28 12:44:22,793 [1d4b00a3-9857-4eac-ad23-fb07690fc4d9-impl-thread2] INFO  server.RaftServer$Division (ServerState.java:close(427)) - 1d4b00a3-9857-4eac-ad23-fb07690fc4d9@group-7AC4A5481F83: applyIndex: 0
2024-04-28 12:44:22,794 [1d4b00a3-9857-4eac-ad23-fb07690fc4d9@group-7AC4A5481F83-cacheEviction-AwaitToRun] INFO  util.AwaitToRun (AwaitToRun.java:run(49)) - 1d4b00a3-9857-4eac-ad23-fb07690fc4d9@group-7AC4A5481F83-cacheEviction-AwaitToRun-AwaitForSignal is interrupted
2024-04-28 12:44:22,795 [grpc-default-executor-1] INFO  server.GrpcLogAppender (GrpcLogAppender.java:onCompleted(546)) - 1d4b00a3-9857-4eac-ad23-fb07690fc4d9@group-7AC4A5481F83->1070cd50-d4de-4eff-9e7b-13f77727c4d2-AppendLogResponseHandler: follower responses appendEntries COMPLETED
2024-04-28 12:44:22,794 [grpc-default-executor-3] INFO  server.GrpcLogAppender (GrpcLogAppender.java:onCompleted(546)) - 1d4b00a3-9857-4eac-ad23-fb07690fc4d9@group-7AC4A5481F83->1070cd50-d4de-4eff-9e7b-13f77727c4d2-AppendLogResponseHandler: follower responses appendEntries COMPLETED
2024-04-28 12:44:22,795 [ForkJoinPool.commonPool-worker-2] INFO  server.GrpcService (GrpcService.java:closeImpl(320)) - e9c86f68-3649-4446-905a-585a397e3574: shutdown server GrpcServerProtocolService successfully
2024-04-28 12:44:22,795 [ForkJoinPool.commonPool-worker-2] INFO  server.GrpcService (GrpcService.java:closeImpl(311)) - e9c86f68-3649-4446-905a-585a397e3574: shutdown server org.apache.ratis.grpc.server.GrpcAdminProtocolService now
2024-04-28 12:44:22,796 [ForkJoinPool.commonPool-worker-2] INFO  server.GrpcService (GrpcService.java:closeImpl(320)) - e9c86f68-3649-4446-905a-585a397e3574: shutdown server org.apache.ratis.grpc.server.GrpcAdminProtocolService successfully
2024-04-28 12:44:22,796 [Thread-2216] INFO  server.GrpcServerProtocolClient (GrpcServerProtocolClient.java:close(103)) - 1070cd50-d4de-4eff-9e7b-13f77727c4d2 Close channels
2024-04-28 12:44:22,796 [Thread-2225] INFO  server.GrpcServerProtocolClient (GrpcServerProtocolClient.java:close(103)) - 1d5b270c-141e-46ec-a0c0-ed60a5ff00c9 Close channels
2024-04-28 12:44:22,797 [grpc-default-executor-5] INFO  server.GrpcServerProtocolService (GrpcServerProtocolService.java:onCompleted(157)) - 1d5b270c-141e-46ec-a0c0-ed60a5ff00c9: Completed APPEND_ENTRIES, lastRequest: null
2024-04-28 12:44:22,798 [grpc-default-executor-5] INFO  server.GrpcServerProtocolService (GrpcServerProtocolService.java:lambda$onCompleted$5(159)) - 1d5b270c-141e-46ec-a0c0-ed60a5ff00c9: Completed APPEND_ENTRIES, lastReply: serverReply {
  requestorId: "1d4b00a3-9857-4eac-ad23-fb07690fc4d9"
  replyId: "1d5b270c-141e-46ec-a0c0-ed60a5ff00c9"
  raftGroupId {
    id: "a7\343\320\301wD\215\237\275z\304\245H\037\203"
  }
  callId: 11
  success: true
}
term: 1
nextIndex: 1
matchIndex: 18446744073709551615
isHearbeat: true

2024-04-28 12:44:22,798 [grpc-default-executor-5] INFO  server.GrpcLogAppender (GrpcLogAppender.java:onCompleted(546)) - 1d4b00a3-9857-4eac-ad23-fb07690fc4d9@group-7AC4A5481F83->1d5b270c-141e-46ec-a0c0-ed60a5ff00c9-AppendLogResponseHandler: follower responses appendEntries COMPLETED
2024-04-28 12:44:22,798 [grpc-default-executor-5] WARN  server.GrpcLogAppender (GrpcLogAppender.java:resetClient(226)) - 1d4b00a3-9857-4eac-ad23-fb07690fc4d9@group-7AC4A5481F83->1d5b270c-141e-46ec-a0c0-ed60a5ff00c9-GrpcLogAppender: Failed to getClient for 1d5b270c-141e-46ec-a0c0-ed60a5ff00c9
org.apache.ratis.protocol.exceptions.AlreadyClosedException: 1d4b00a3-9857-4eac-ad23-fb07690fc4d9 is already CLOSED
	at org.apache.ratis.util.PeerProxyMap$PeerAndProxy.getProxy(PeerProxyMap.java:65)
	at org.apache.ratis.util.PeerProxyMap.getProxy(PeerProxyMap.java:114)
	at org.apache.ratis.grpc.server.GrpcLogAppender.getClient(GrpcLogAppender.java:196)
	at org.apache.ratis.grpc.server.GrpcLogAppender.resetClient(GrpcLogAppender.java:201)
	at org.apache.ratis.grpc.server.GrpcLogAppender.access$800(GrpcLogAppender.java:62)
	at org.apache.ratis.grpc.server.GrpcLogAppender$AppendLogResponseHandler.onCompleted(GrpcLogAppender.java:547)
	at org.apache.ratis.thirdparty.io.grpc.stub.ClientCalls$StreamObserverToCallListenerAdapter.onClose(ClientCalls.java:479)
	at org.apache.ratis.thirdparty.io.grpc.internal.DelayedClientCall$DelayedListener$3.run(DelayedClientCall.java:489)
	at org.apache.ratis.thirdparty.io.grpc.internal.DelayedClientCall$DelayedListener.delayOrExecute(DelayedClientCall.java:453)
	at org.apache.ratis.thirdparty.io.grpc.internal.DelayedClientCall$DelayedListener.onClose(DelayedClientCall.java:486)
	at org.apache.ratis.thirdparty.io.grpc.internal.ClientCallImpl.closeObserver(ClientCallImpl.java:567)
	at org.apache.ratis.thirdparty.io.grpc.internal.ClientCallImpl.access$300(ClientCallImpl.java:71)
	at org.apache.ratis.thirdparty.io.grpc.internal.ClientCallImpl$ClientStreamListenerImpl$1StreamClosed.runInternal(ClientCallImpl.java:735)
	at org.apache.ratis.thirdparty.io.grpc.internal.ClientCallImpl$ClientStreamListenerImpl$1StreamClosed.runInContext(ClientCallImpl.java:716)
	at org.apache.ratis.thirdparty.io.grpc.internal.ContextRunnable.run(ContextRunnable.java:37)
	at org.apache.ratis.thirdparty.io.grpc.internal.SerializingExecutor.run(SerializingExecutor.java:133)
	at java.base/java.util.concurrent.ThreadPoolExecutor.runWorker(ThreadPoolExecutor.java:1136)
	at java.base/java.util.concurrent.ThreadPoolExecutor$Worker.run(ThreadPoolExecutor.java:635)
	at java.base/java.lang.Thread.run(Thread.java:840)
2024-04-28 12:44:22,798 [ForkJoinPool.commonPool-worker-3] INFO  server.GrpcService (GrpcService.java:closeImpl(320)) - 1d4b00a3-9857-4eac-ad23-fb07690fc4d9: shutdown server org.apache.ratis.grpc.server.GrpcClientProtocolService successfully
2024-04-28 12:44:22,798 [ForkJoinPool.commonPool-worker-3] INFO  server.GrpcService (GrpcService.java:closeImpl(311)) - 1d4b00a3-9857-4eac-ad23-fb07690fc4d9: shutdown server GrpcServerProtocolService now
2024-04-28 12:44:22,802 [ForkJoinPool.commonPool-worker-1] INFO  server.GrpcService (GrpcService.java:closeImpl(311)) - 0f39c21b-d5b1-40df-b9b4-e74314e680e2: shutdown server org.apache.ratis.grpc.server.GrpcClientProtocolService now
2024-04-28 12:44:22,802 [0f39c21b-d5b1-40df-b9b4-e74314e680e2-impl-thread2] INFO  server.RaftServer$Division (RaftServerImpl.java:lambda$close$3(526)) - 0f39c21b-d5b1-40df-b9b4-e74314e680e2@group-E75D70240EB6: shutdown
2024-04-28 12:44:22,802 [0f39c21b-d5b1-40df-b9b4-e74314e680e2-impl-thread2] INFO  util.JmxRegister (JmxRegister.java:unregister(73)) - Successfully un-registered JMX Bean with object name Ratis:service=RaftServer,group=group-E75D70240EB6,id=0f39c21b-d5b1-40df-b9b4-e74314e680e2
2024-04-28 12:44:22,802 [0f39c21b-d5b1-40df-b9b4-e74314e680e2-impl-thread2] INFO  impl.RoleInfo (RoleInfo.java:shutdownFollowerState(110)) - 0f39c21b-d5b1-40df-b9b4-e74314e680e2: shutdown 0f39c21b-d5b1-40df-b9b4-e74314e680e2@group-E75D70240EB6-FollowerState
2024-04-28 12:44:22,802 [0f39c21b-d5b1-40df-b9b4-e74314e680e2@group-E75D70240EB6-StateMachineUpdater] INFO  ratis.ContainerStateMachine (ContainerStateMachine.java:takeSnapshot(355)) - group-E75D70240EB6: Taking a snapshot at:(t:1, i:0) file /home/runner/work/ozone/ozone/hadoop-ozone/integration-test/target/test-dir/MiniOzoneClusterImpl-fb989876-9371-464e-b996-ece4d3fe3ecb/ozone-meta/datanode-8/ratis/3677031e-92e1-4d32-a29a-e75d70240eb6/sm/snapshot.1_0
2024-04-28 12:44:22,802 [0f39c21b-d5b1-40df-b9b4-e74314e680e2@group-E75D70240EB6-FollowerState] INFO  impl.FollowerState (FollowerState.java:run(152)) - 0f39c21b-d5b1-40df-b9b4-e74314e680e2@group-E75D70240EB6-FollowerState was interrupted
2024-04-28 12:44:22,803 [0f39c21b-d5b1-40df-b9b4-e74314e680e2-impl-thread2] INFO  impl.StateMachineUpdater (StateMachineUpdater.java:stopAndJoin(157)) - 0f39c21b-d5b1-40df-b9b4-e74314e680e2@group-E75D70240EB6-StateMachineUpdater: set stopIndex = 0
2024-04-28 12:44:22,803 [0f39c21b-d5b1-40df-b9b4-e74314e680e2@group-E75D70240EB6-StateMachineUpdater] INFO  ratis.ContainerStateMachine (ContainerStateMachine.java:takeSnapshot(366)) - group-E75D70240EB6: Finished taking a snapshot at:(t:1, i:0) file:/home/runner/work/ozone/ozone/hadoop-ozone/integration-test/target/test-dir/MiniOzoneClusterImpl-fb989876-9371-464e-b996-ece4d3fe3ecb/ozone-meta/datanode-8/ratis/3677031e-92e1-4d32-a29a-e75d70240eb6/sm/snapshot.1_0 took: 1 ms
2024-04-28 12:44:22,803 [0f39c21b-d5b1-40df-b9b4-e74314e680e2@group-E75D70240EB6-StateMachineUpdater] INFO  impl.StateMachineUpdater (StateMachineUpdater.java:takeSnapshot(295)) - 0f39c21b-d5b1-40df-b9b4-e74314e680e2@group-E75D70240EB6-StateMachineUpdater: Took a snapshot at index 0
2024-04-28 12:44:22,803 [0f39c21b-d5b1-40df-b9b4-e74314e680e2@group-E75D70240EB6-StateMachineUpdater] INFO  impl.StateMachineUpdater (StateMachineUpdater.java:lambda$new$0(98)) - 0f39c21b-d5b1-40df-b9b4-e74314e680e2@group-E75D70240EB6-StateMachineUpdater: snapshotIndex: updateIncreasingly -1 -> 0
2024-04-28 12:44:22,803 [ForkJoinPool.commonPool-worker-1] INFO  server.GrpcService (GrpcService.java:closeImpl(320)) - 0f39c21b-d5b1-40df-b9b4-e74314e680e2: shutdown server org.apache.ratis.grpc.server.GrpcClientProtocolService successfully
2024-04-28 12:44:22,803 [ForkJoinPool.commonPool-worker-1] INFO  server.GrpcService (GrpcService.java:closeImpl(311)) - 0f39c21b-d5b1-40df-b9b4-e74314e680e2: shutdown server GrpcServerProtocolService now
2024-04-28 12:44:22,804 [grpc-default-executor-0] WARN  server.GrpcLogAppender (LogUtils.java:warn(121)) - bc7e9acf-0dfc-47a3-8dfb-4b83deb456d1@group-E75D70240EB6->0f39c21b-d5b1-40df-b9b4-e74314e680e2-AppendLogResponseHandler: Failed appendEntries: org.apache.ratis.thirdparty.io.grpc.StatusRuntimeException: CANCELLED: RST_STREAM closed stream. HTTP/2 error code: CANCEL
2024-04-28 12:44:22,804 [grpc-default-executor-0] WARN  server.GrpcLogAppender (GrpcLogAppender.java:lambda$resetClient$1(217)) - bc7e9acf-0dfc-47a3-8dfb-4b83deb456d1@group-E75D70240EB6->0f39c21b-d5b1-40df-b9b4-e74314e680e2-GrpcLogAppender: Follower failed (request=null, errorCount=1); keep nextIndex (1) unchanged and retry.
2024-04-28 12:44:22,804 [grpc-default-executor-4] WARN  server.GrpcServerProtocolService (LogUtils.java:warn(121)) - 0f39c21b-d5b1-40df-b9b4-e74314e680e2: APPEND_ENTRIES onError, lastRequest: null: org.apache.ratis.thirdparty.io.grpc.StatusRuntimeException: CANCELLED: client cancelled
2024-04-28 12:44:22,805 [grpc-default-executor-3] WARN  server.GrpcServerProtocolService (LogUtils.java:warn(121)) - 0f39c21b-d5b1-40df-b9b4-e74314e680e2: APPEND_ENTRIES onError, lastRequest: bc7e9acf-0dfc-47a3-8dfb-4b83deb456d1->0f39c21b-d5b1-40df-b9b4-e74314e680e2#1-t1,previous=(t:0, i:0),leaderCommit=-1,initializing? false,entries: size=1, first=(t:1, i:0), CONFIGURATIONENTRY(current:id: "0f39c21b-d5b1-40df-b9b4-e74314e680e2"
address: "127.0.0.1:15166"
dataStreamAddress: "127.0.0.1:15167"
clientAddress: "127.0.0.1:15164"
adminAddress: "127.0.0.1:15165"
startupRole: FOLLOWER
,id: "59f7e7ee-27c3-4dbc-8a0c-a3c2dbd1352c"
address: "127.0.0.1:15157"
dataStreamAddress: "127.0.0.1:15158"
clientAddress: "127.0.0.1:15155"
adminAddress: "127.0.0.1:15156"
startupRole: FOLLOWER
,id: "bc7e9acf-0dfc-47a3-8dfb-4b83deb456d1"
address: "127.0.0.1:15175"
priority: 1
dataStreamAddress: "127.0.0.1:15176"
clientAddress: "127.0.0.1:15173"
adminAddress: "127.0.0.1:15174"
startupRole: FOLLOWER
, old:): org.apache.ratis.thirdparty.io.grpc.StatusRuntimeException: CANCELLED: client cancelled
2024-04-28 12:44:22,805 [main] INFO  server.GrpcService (GrpcService.java:closeImpl(311)) - 1070cd50-d4de-4eff-9e7b-13f77727c4d2: shutdown server org.apache.ratis.grpc.server.GrpcClientProtocolService now
2024-04-28 12:44:22,805 [1070cd50-d4de-4eff-9e7b-13f77727c4d2-impl-thread2] INFO  server.RaftServer$Division (RaftServerImpl.java:lambda$close$3(526)) - 1070cd50-d4de-4eff-9e7b-13f77727c4d2@group-7AC4A5481F83: shutdown
2024-04-28 12:44:22,805 [1070cd50-d4de-4eff-9e7b-13f77727c4d2-impl-thread2] INFO  util.JmxRegister (JmxRegister.java:unregister(73)) - Successfully un-registered JMX Bean with object name Ratis:service=RaftServer,group=group-7AC4A5481F83,id=1070cd50-d4de-4eff-9e7b-13f77727c4d2
2024-04-28 12:44:22,805 [1070cd50-d4de-4eff-9e7b-13f77727c4d2-impl-thread2] INFO  impl.RoleInfo (RoleInfo.java:shutdownFollowerState(110)) - 1070cd50-d4de-4eff-9e7b-13f77727c4d2: shutdown 1070cd50-d4de-4eff-9e7b-13f77727c4d2@group-7AC4A5481F83-FollowerState
2024-04-28 12:44:22,805 [0f39c21b-d5b1-40df-b9b4-e74314e680e2-impl-thread2] INFO  server.RaftServer$Division (ServerState.java:close(427)) - 0f39c21b-d5b1-40df-b9b4-e74314e680e2@group-E75D70240EB6: applyIndex: 0
2024-04-28 12:44:22,806 [0f39c21b-d5b1-40df-b9b4-e74314e680e2@group-E75D70240EB6-cacheEviction-AwaitToRun] INFO  util.AwaitToRun (AwaitToRun.java:run(49)) - 0f39c21b-d5b1-40df-b9b4-e74314e680e2@group-E75D70240EB6-cacheEviction-AwaitToRun-AwaitForSignal is interrupted
2024-04-28 12:44:22,806 [1070cd50-d4de-4eff-9e7b-13f77727c4d2@group-7AC4A5481F83-StateMachineUpdater] INFO  ratis.ContainerStateMachine (ContainerStateMachine.java:takeSnapshot(355)) - group-7AC4A5481F83: Taking a snapshot at:(t:1, i:0) file /home/runner/work/ozone/ozone/hadoop-ozone/integration-test/target/test-dir/MiniOzoneClusterImpl-fb989876-9371-464e-b996-ece4d3fe3ecb/ozone-meta/datanode-6/ratis/6137e3d0-c177-448d-9fbd-7ac4a5481f83/sm/snapshot.1_0
2024-04-28 12:44:22,806 [1070cd50-d4de-4eff-9e7b-13f77727c4d2-impl-thread2] INFO  impl.StateMachineUpdater (StateMachineUpdater.java:stopAndJoin(157)) - 1070cd50-d4de-4eff-9e7b-13f77727c4d2@group-7AC4A5481F83-StateMachineUpdater: set stopIndex = 0
2024-04-28 12:44:22,806 [1070cd50-d4de-4eff-9e7b-13f77727c4d2@group-7AC4A5481F83-FollowerState] INFO  impl.FollowerState (FollowerState.java:run(152)) - 1070cd50-d4de-4eff-9e7b-13f77727c4d2@group-7AC4A5481F83-FollowerState was interrupted
2024-04-28 12:44:22,806 [1070cd50-d4de-4eff-9e7b-13f77727c4d2@group-7AC4A5481F83-StateMachineUpdater] INFO  ratis.ContainerStateMachine (ContainerStateMachine.java:takeSnapshot(366)) - group-7AC4A5481F83: Finished taking a snapshot at:(t:1, i:0) file:/home/runner/work/ozone/ozone/hadoop-ozone/integration-test/target/test-dir/MiniOzoneClusterImpl-fb989876-9371-464e-b996-ece4d3fe3ecb/ozone-meta/datanode-6/ratis/6137e3d0-c177-448d-9fbd-7ac4a5481f83/sm/snapshot.1_0 took: 1 ms
2024-04-28 12:44:22,807 [1070cd50-d4de-4eff-9e7b-13f77727c4d2@group-7AC4A5481F83-StateMachineUpdater] INFO  impl.StateMachineUpdater (StateMachineUpdater.java:takeSnapshot(295)) - 1070cd50-d4de-4eff-9e7b-13f77727c4d2@group-7AC4A5481F83-StateMachineUpdater: Took a snapshot at index 0
2024-04-28 12:44:22,807 [1070cd50-d4de-4eff-9e7b-13f77727c4d2@group-7AC4A5481F83-StateMachineUpdater] INFO  impl.StateMachineUpdater (StateMachineUpdater.java:lambda$new$0(98)) - 1070cd50-d4de-4eff-9e7b-13f77727c4d2@group-7AC4A5481F83-StateMachineUpdater: snapshotIndex: updateIncreasingly -1 -> 0
2024-04-28 12:44:22,807 [1070cd50-d4de-4eff-9e7b-13f77727c4d2-impl-thread2] INFO  server.RaftServer$Division (ServerState.java:close(427)) - 1070cd50-d4de-4eff-9e7b-13f77727c4d2@group-7AC4A5481F83: applyIndex: 0
2024-04-28 12:44:22,807 [1070cd50-d4de-4eff-9e7b-13f77727c4d2@group-7AC4A5481F83-cacheEviction-AwaitToRun] INFO  util.AwaitToRun (AwaitToRun.java:run(49)) - 1070cd50-d4de-4eff-9e7b-13f77727c4d2@group-7AC4A5481F83-cacheEviction-AwaitToRun-AwaitForSignal is interrupted
2024-04-28 12:44:22,808 [main] INFO  server.GrpcService (GrpcService.java:closeImpl(320)) - 1070cd50-d4de-4eff-9e7b-13f77727c4d2: shutdown server org.apache.ratis.grpc.server.GrpcClientProtocolService successfully
2024-04-28 12:44:22,808 [main] INFO  server.GrpcService (GrpcService.java:closeImpl(311)) - 1070cd50-d4de-4eff-9e7b-13f77727c4d2: shutdown server GrpcServerProtocolService now
2024-04-28 12:44:22,809 [ForkJoinPool.commonPool-worker-3] INFO  server.GrpcService (GrpcService.java:closeImpl(320)) - 1d4b00a3-9857-4eac-ad23-fb07690fc4d9: shutdown server GrpcServerProtocolService successfully
2024-04-28 12:44:22,809 [ForkJoinPool.commonPool-worker-3] INFO  server.GrpcService (GrpcService.java:closeImpl(311)) - 1d4b00a3-9857-4eac-ad23-fb07690fc4d9: shutdown server org.apache.ratis.grpc.server.GrpcAdminProtocolService now
2024-04-28 12:44:22,809 [ForkJoinPool.commonPool-worker-1] INFO  server.GrpcService (GrpcService.java:closeImpl(320)) - 0f39c21b-d5b1-40df-b9b4-e74314e680e2: shutdown server GrpcServerProtocolService successfully
2024-04-28 12:44:22,809 [ForkJoinPool.commonPool-worker-1] INFO  server.GrpcService (GrpcService.java:closeImpl(311)) - 0f39c21b-d5b1-40df-b9b4-e74314e680e2: shutdown server org.apache.ratis.grpc.server.GrpcAdminProtocolService now
2024-04-28 12:44:22,809 [main] INFO  server.GrpcService (GrpcService.java:closeImpl(320)) - 1070cd50-d4de-4eff-9e7b-13f77727c4d2: shutdown server GrpcServerProtocolService successfully
2024-04-28 12:44:22,810 [main] INFO  server.GrpcService (GrpcService.java:closeImpl(311)) - 1070cd50-d4de-4eff-9e7b-13f77727c4d2: shutdown server org.apache.ratis.grpc.server.GrpcAdminProtocolService now
2024-04-28 12:44:22,815 [ForkJoinPool.commonPool-worker-1] INFO  server.GrpcService (GrpcService.java:closeImpl(320)) - 0f39c21b-d5b1-40df-b9b4-e74314e680e2: shutdown server org.apache.ratis.grpc.server.GrpcAdminProtocolService successfully
2024-04-28 12:44:22,815 [ForkJoinPool.commonPool-worker-4] INFO  ozoneimpl.OzoneContainer (OzoneContainer.java:stop(481)) - Attempting to stop container services.
2024-04-28 12:44:22,815 [ContainerMetadataScanner] WARN  ozoneimpl.AbstractBackgroundContainerScanner (AbstractBackgroundContainerScanner.java:handleRemainingSleep(134)) - Background container scan was interrupted.
2024-04-28 12:44:22,815 [ContainerMetadataScanner] INFO  ozoneimpl.AbstractBackgroundContainerScanner (AbstractBackgroundContainerScanner.java:run(61)) - Thread[ContainerMetadataScanner,5,main] exiting.
2024-04-28 12:44:22,815 [ForkJoinPool.commonPool-worker-4] INFO  ozoneimpl.BackgroundContainerDataScanner (BackgroundContainerDataScanner.java:shutdown(141)) - ContainerDataScanner(/home/runner/work/ozone/ozone/hadoop-ozone/integration-test/target/test-dir/MiniOzoneClusterImpl-fb989876-9371-464e-b996-ece4d3fe3ecb/ozone-meta/datanode-5/data-0/hdds) is shutting down. 
2024-04-28 12:44:22,816 [ContainerDataScanner(/home/runner/work/ozone/ozone/hadoop-ozone/integration-test/target/test-dir/MiniOzoneClusterImpl-fb989876-9371-464e-b996-ece4d3fe3ecb/ozone-meta/datanode-5/data-0/hdds)] WARN  ozoneimpl.AbstractBackgroundContainerScanner (AbstractBackgroundContainerScanner.java:handleRemainingSleep(134)) - Background container scan was interrupted.
2024-04-28 12:44:22,816 [ContainerDataScanner(/home/runner/work/ozone/ozone/hadoop-ozone/integration-test/target/test-dir/MiniOzoneClusterImpl-fb989876-9371-464e-b996-ece4d3fe3ecb/ozone-meta/datanode-5/data-0/hdds)] INFO  ozoneimpl.AbstractBackgroundContainerScanner (AbstractBackgroundContainerScanner.java:run(61)) - ContainerDataScanner(/home/runner/work/ozone/ozone/hadoop-ozone/integration-test/target/test-dir/MiniOzoneClusterImpl-fb989876-9371-464e-b996-ece4d3fe3ecb/ozone-meta/datanode-5/data-0/hdds, DS-41fa0899-e81b-4f8c-8d83-23608199a02e) exiting.
2024-04-28 12:44:22,816 [ForkJoinPool.commonPool-worker-4] INFO  server.RaftServer (RaftServerProxy.java:lambda$close$9(416)) - 1d5b270c-141e-46ec-a0c0-ed60a5ff00c9: close
2024-04-28 12:44:22,816 [1d5b270c-141e-46ec-a0c0-ed60a5ff00c9-impl-thread1] INFO  server.RaftServer$Division (RaftServerImpl.java:lambda$close$3(526)) - 1d5b270c-141e-46ec-a0c0-ed60a5ff00c9@group-7AA1DB745B26: shutdown
2024-04-28 12:44:22,816 [1d5b270c-141e-46ec-a0c0-ed60a5ff00c9-impl-thread1] INFO  util.JmxRegister (JmxRegister.java:unregister(73)) - Successfully un-registered JMX Bean with object name Ratis:service=RaftServer,group=group-7AA1DB745B26,id=1d5b270c-141e-46ec-a0c0-ed60a5ff00c9
2024-04-28 12:44:22,816 [1d5b270c-141e-46ec-a0c0-ed60a5ff00c9-impl-thread1] INFO  impl.RoleInfo (RoleInfo.java:shutdownLeaderState(94)) - 1d5b270c-141e-46ec-a0c0-ed60a5ff00c9: shutdown 1d5b270c-141e-46ec-a0c0-ed60a5ff00c9@group-7AA1DB745B26-LeaderStateImpl
2024-04-28 12:44:22,816 [1d5b270c-141e-46ec-a0c0-ed60a5ff00c9-impl-thread1] INFO  impl.PendingRequests (PendingRequests.java:sendNotLeaderResponses(289)) - 1d5b270c-141e-46ec-a0c0-ed60a5ff00c9@group-7AA1DB745B26-PendingRequests: sendNotLeaderResponses
2024-04-28 12:44:22,816 [1d5b270c-141e-46ec-a0c0-ed60a5ff00c9-impl-thread1] INFO  impl.StateMachineUpdater (StateMachineUpdater.java:stopAndJoin(157)) - 1d5b270c-141e-46ec-a0c0-ed60a5ff00c9@group-7AA1DB745B26-StateMachineUpdater: set stopIndex = 0
2024-04-28 12:44:22,816 [1d5b270c-141e-46ec-a0c0-ed60a5ff00c9@group-7AA1DB745B26-StateMachineUpdater] INFO  ratis.ContainerStateMachine (ContainerStateMachine.java:takeSnapshot(355)) - group-7AA1DB745B26: Taking a snapshot at:(t:1, i:0) file /home/runner/work/ozone/ozone/hadoop-ozone/integration-test/target/test-dir/MiniOzoneClusterImpl-fb989876-9371-464e-b996-ece4d3fe3ecb/ozone-meta/datanode-5/ratis/3098f1ed-9f27-4197-9e75-7aa1db745b26/sm/snapshot.1_0
2024-04-28 12:44:22,817 [1d5b270c-141e-46ec-a0c0-ed60a5ff00c9@group-7AA1DB745B26-StateMachineUpdater] INFO  ratis.ContainerStateMachine (ContainerStateMachine.java:takeSnapshot(366)) - group-7AA1DB745B26: Finished taking a snapshot at:(t:1, i:0) file:/home/runner/work/ozone/ozone/hadoop-ozone/integration-test/target/test-dir/MiniOzoneClusterImpl-fb989876-9371-464e-b996-ece4d3fe3ecb/ozone-meta/datanode-5/ratis/3098f1ed-9f27-4197-9e75-7aa1db745b26/sm/snapshot.1_0 took: 0 ms
2024-04-28 12:44:22,817 [1d5b270c-141e-46ec-a0c0-ed60a5ff00c9@group-7AA1DB745B26-StateMachineUpdater] INFO  impl.StateMachineUpdater (StateMachineUpdater.java:takeSnapshot(295)) - 1d5b270c-141e-46ec-a0c0-ed60a5ff00c9@group-7AA1DB745B26-StateMachineUpdater: Took a snapshot at index 0
2024-04-28 12:44:22,817 [1d5b270c-141e-46ec-a0c0-ed60a5ff00c9@group-7AA1DB745B26-StateMachineUpdater] INFO  impl.StateMachineUpdater (StateMachineUpdater.java:lambda$new$0(98)) - 1d5b270c-141e-46ec-a0c0-ed60a5ff00c9@group-7AA1DB745B26-StateMachineUpdater: snapshotIndex: updateIncreasingly -1 -> 0
2024-04-28 12:44:22,817 [1d5b270c-141e-46ec-a0c0-ed60a5ff00c9-impl-thread1] INFO  server.RaftServer$Division (ServerState.java:close(427)) - 1d5b270c-141e-46ec-a0c0-ed60a5ff00c9@group-7AA1DB745B26: applyIndex: 0
2024-04-28 12:44:22,818 [1d5b270c-141e-46ec-a0c0-ed60a5ff00c9@group-7AA1DB745B26-cacheEviction-AwaitToRun] INFO  util.AwaitToRun (AwaitToRun.java:run(49)) - 1d5b270c-141e-46ec-a0c0-ed60a5ff00c9@group-7AA1DB745B26-cacheEviction-AwaitToRun-AwaitForSignal is interrupted
2024-04-28 12:44:22,822 [ForkJoinPool.commonPool-worker-3] INFO  server.GrpcService (GrpcService.java:closeImpl(320)) - 1d4b00a3-9857-4eac-ad23-fb07690fc4d9: shutdown server org.apache.ratis.grpc.server.GrpcAdminProtocolService successfully
2024-04-28 12:44:22,823 [main] INFO  server.GrpcService (GrpcService.java:closeImpl(320)) - 1070cd50-d4de-4eff-9e7b-13f77727c4d2: shutdown server org.apache.ratis.grpc.server.GrpcAdminProtocolService successfully
2024-04-28 12:44:22,826 [ForkJoinPool.commonPool-worker-4] INFO  server.GrpcService (GrpcService.java:closeImpl(311)) - 1d5b270c-141e-46ec-a0c0-ed60a5ff00c9: shutdown server org.apache.ratis.grpc.server.GrpcClientProtocolService now
2024-04-28 12:44:22,827 [1d5b270c-141e-46ec-a0c0-ed60a5ff00c9-impl-thread2] INFO  server.RaftServer$Division (RaftServerImpl.java:lambda$close$3(526)) - 1d5b270c-141e-46ec-a0c0-ed60a5ff00c9@group-7AC4A5481F83: shutdown
2024-04-28 12:44:22,827 [1d5b270c-141e-46ec-a0c0-ed60a5ff00c9-impl-thread2] INFO  util.JmxRegister (JmxRegister.java:unregister(73)) - Successfully un-registered JMX Bean with object name Ratis:service=RaftServer,group=group-7AC4A5481F83,id=1d5b270c-141e-46ec-a0c0-ed60a5ff00c9
2024-04-28 12:44:22,827 [1d5b270c-141e-46ec-a0c0-ed60a5ff00c9-impl-thread2] INFO  impl.RoleInfo (RoleInfo.java:shutdownFollowerState(110)) - 1d5b270c-141e-46ec-a0c0-ed60a5ff00c9: shutdown 1d5b270c-141e-46ec-a0c0-ed60a5ff00c9@group-7AC4A5481F83-FollowerState
2024-04-28 12:44:22,827 [1d5b270c-141e-46ec-a0c0-ed60a5ff00c9@group-7AC4A5481F83-FollowerState] INFO  impl.FollowerState (FollowerState.java:run(152)) - 1d5b270c-141e-46ec-a0c0-ed60a5ff00c9@group-7AC4A5481F83-FollowerState was interrupted
2024-04-28 12:44:22,827 [1d5b270c-141e-46ec-a0c0-ed60a5ff00c9-impl-thread2] INFO  impl.StateMachineUpdater (StateMachineUpdater.java:stopAndJoin(157)) - 1d5b270c-141e-46ec-a0c0-ed60a5ff00c9@group-7AC4A5481F83-StateMachineUpdater: set stopIndex = 0
2024-04-28 12:44:22,827 [1d5b270c-141e-46ec-a0c0-ed60a5ff00c9@group-7AC4A5481F83-StateMachineUpdater] INFO  ratis.ContainerStateMachine (ContainerStateMachine.java:takeSnapshot(355)) - group-7AC4A5481F83: Taking a snapshot at:(t:1, i:0) file /home/runner/work/ozone/ozone/hadoop-ozone/integration-test/target/test-dir/MiniOzoneClusterImpl-fb989876-9371-464e-b996-ece4d3fe3ecb/ozone-meta/datanode-5/ratis/6137e3d0-c177-448d-9fbd-7ac4a5481f83/sm/snapshot.1_0
2024-04-28 12:44:22,828 [1d5b270c-141e-46ec-a0c0-ed60a5ff00c9@group-7AC4A5481F83-StateMachineUpdater] INFO  ratis.ContainerStateMachine (ContainerStateMachine.java:takeSnapshot(366)) - group-7AC4A5481F83: Finished taking a snapshot at:(t:1, i:0) file:/home/runner/work/ozone/ozone/hadoop-ozone/integration-test/target/test-dir/MiniOzoneClusterImpl-fb989876-9371-464e-b996-ece4d3fe3ecb/ozone-meta/datanode-5/ratis/6137e3d0-c177-448d-9fbd-7ac4a5481f83/sm/snapshot.1_0 took: 0 ms
2024-04-28 12:44:22,828 [1d5b270c-141e-46ec-a0c0-ed60a5ff00c9@group-7AC4A5481F83-StateMachineUpdater] INFO  impl.StateMachineUpdater (StateMachineUpdater.java:takeSnapshot(295)) - 1d5b270c-141e-46ec-a0c0-ed60a5ff00c9@group-7AC4A5481F83-StateMachineUpdater: Took a snapshot at index 0
2024-04-28 12:44:22,828 [1d5b270c-141e-46ec-a0c0-ed60a5ff00c9@group-7AC4A5481F83-StateMachineUpdater] INFO  impl.StateMachineUpdater (StateMachineUpdater.java:lambda$new$0(98)) - 1d5b270c-141e-46ec-a0c0-ed60a5ff00c9@group-7AC4A5481F83-StateMachineUpdater: snapshotIndex: updateIncreasingly -1 -> 0
2024-04-28 12:44:22,828 [1d5b270c-141e-46ec-a0c0-ed60a5ff00c9-impl-thread2] INFO  server.RaftServer$Division (ServerState.java:close(427)) - 1d5b270c-141e-46ec-a0c0-ed60a5ff00c9@group-7AC4A5481F83: applyIndex: 0
2024-04-28 12:44:22,829 [1d5b270c-141e-46ec-a0c0-ed60a5ff00c9@group-7AC4A5481F83-cacheEviction-AwaitToRun] INFO  util.AwaitToRun (AwaitToRun.java:run(49)) - 1d5b270c-141e-46ec-a0c0-ed60a5ff00c9@group-7AC4A5481F83-cacheEviction-AwaitToRun-AwaitForSignal is interrupted
2024-04-28 12:44:22,832 [ForkJoinPool.commonPool-worker-4] INFO  server.GrpcService (GrpcService.java:closeImpl(320)) - 1d5b270c-141e-46ec-a0c0-ed60a5ff00c9: shutdown server org.apache.ratis.grpc.server.GrpcClientProtocolService successfully
2024-04-28 12:44:22,832 [ForkJoinPool.commonPool-worker-4] INFO  server.GrpcService (GrpcService.java:closeImpl(311)) - 1d5b270c-141e-46ec-a0c0-ed60a5ff00c9: shutdown server GrpcServerProtocolService now
2024-04-28 12:44:22,838 [ForkJoinPool.commonPool-worker-4] INFO  server.GrpcService (GrpcService.java:closeImpl(320)) - 1d5b270c-141e-46ec-a0c0-ed60a5ff00c9: shutdown server GrpcServerProtocolService successfully
2024-04-28 12:44:22,838 [ForkJoinPool.commonPool-worker-4] INFO  server.GrpcService (GrpcService.java:closeImpl(311)) - 1d5b270c-141e-46ec-a0c0-ed60a5ff00c9: shutdown server org.apache.ratis.grpc.server.GrpcAdminProtocolService now
2024-04-28 12:44:22,839 [ForkJoinPool.commonPool-worker-4] INFO  server.GrpcService (GrpcService.java:closeImpl(320)) - 1d5b270c-141e-46ec-a0c0-ed60a5ff00c9: shutdown server org.apache.ratis.grpc.server.GrpcAdminProtocolService successfully
2024-04-28 12:44:22,840 [e9c86f68-3649-4446-905a-585a397e3574-NettyServerStreamRpc-bossGroup--thread1] INFO  logging.LoggingHandler (AbstractInternalLogger.java:log(148)) - [id: 0xdf8357d2, L:/0.0.0.0:15113] CLOSE
2024-04-28 12:44:22,840 [e9c86f68-3649-4446-905a-585a397e3574-NettyServerStreamRpc-bossGroup--thread1] INFO  logging.LoggingHandler (AbstractInternalLogger.java:log(148)) - [id: 0xdf8357d2, L:/0.0.0.0:15113] INACTIVE
2024-04-28 12:44:22,840 [e9c86f68-3649-4446-905a-585a397e3574-NettyServerStreamRpc-bossGroup--thread1] INFO  logging.LoggingHandler (AbstractInternalLogger.java:log(148)) - [id: 0xdf8357d2, L:/0.0.0.0:15113] UNREGISTERED
2024-04-28 12:44:22,845 [1d4b00a3-9857-4eac-ad23-fb07690fc4d9-NettyServerStreamRpc-bossGroup--thread1] INFO  logging.LoggingHandler (AbstractInternalLogger.java:log(148)) - [id: 0x4796ac5d, L:/0.0.0.0:15131] CLOSE
2024-04-28 12:44:22,845 [1d4b00a3-9857-4eac-ad23-fb07690fc4d9-NettyServerStreamRpc-bossGroup--thread1] INFO  logging.LoggingHandler (AbstractInternalLogger.java:log(148)) - [id: 0x4796ac5d, L:/0.0.0.0:15131] INACTIVE
2024-04-28 12:44:22,845 [1d4b00a3-9857-4eac-ad23-fb07690fc4d9-NettyServerStreamRpc-bossGroup--thread1] INFO  logging.LoggingHandler (AbstractInternalLogger.java:log(148)) - [id: 0x4796ac5d, L:/0.0.0.0:15131] UNREGISTERED
2024-04-28 12:44:22,846 [1070cd50-d4de-4eff-9e7b-13f77727c4d2-NettyServerStreamRpc-bossGroup--thread1] INFO  logging.LoggingHandler (AbstractInternalLogger.java:log(148)) - [id: 0x0355af61, L:/0.0.0.0:15149] CLOSE
2024-04-28 12:44:22,846 [1070cd50-d4de-4eff-9e7b-13f77727c4d2-NettyServerStreamRpc-bossGroup--thread1] INFO  logging.LoggingHandler (AbstractInternalLogger.java:log(148)) - [id: 0x0355af61, L:/0.0.0.0:15149] INACTIVE
2024-04-28 12:44:22,846 [1070cd50-d4de-4eff-9e7b-13f77727c4d2-NettyServerStreamRpc-bossGroup--thread1] INFO  logging.LoggingHandler (AbstractInternalLogger.java:log(148)) - [id: 0x0355af61, L:/0.0.0.0:15149] UNREGISTERED
2024-04-28 12:44:22,850 [0f39c21b-d5b1-40df-b9b4-e74314e680e2-impl-thread1] INFO  segmented.SegmentedRaftLogWorker (SegmentedRaftLogWorker.java:close(245)) - 0f39c21b-d5b1-40df-b9b4-e74314e680e2@group-AC295DC072D3-SegmentedRaftLogWorker close()
2024-04-28 12:44:22,850 [0f39c21b-d5b1-40df-b9b4-e74314e680e2-NettyServerStreamRpc-bossGroup--thread1] INFO  logging.LoggingHandler (AbstractInternalLogger.java:log(148)) - [id: 0x64dc8b5d, L:/0.0.0.0:15167] CLOSE
2024-04-28 12:44:22,850 [0f39c21b-d5b1-40df-b9b4-e74314e680e2-NettyServerStreamRpc-bossGroup--thread1] INFO  logging.LoggingHandler (AbstractInternalLogger.java:log(148)) - [id: 0x64dc8b5d, L:/0.0.0.0:15167] INACTIVE
2024-04-28 12:44:22,850 [0f39c21b-d5b1-40df-b9b4-e74314e680e2-NettyServerStreamRpc-bossGroup--thread1] INFO  logging.LoggingHandler (AbstractInternalLogger.java:log(148)) - [id: 0x64dc8b5d, L:/0.0.0.0:15167] UNREGISTERED
2024-04-28 12:44:22,868 [1d5b270c-141e-46ec-a0c0-ed60a5ff00c9-NettyServerStreamRpc-bossGroup--thread1] INFO  logging.LoggingHandler (AbstractInternalLogger.java:log(148)) - [id: 0xca4faca3, L:/0.0.0.0:15140] CLOSE
2024-04-28 12:44:22,869 [1d5b270c-141e-46ec-a0c0-ed60a5ff00c9-NettyServerStreamRpc-bossGroup--thread1] INFO  logging.LoggingHandler (AbstractInternalLogger.java:log(148)) - [id: 0xca4faca3, L:/0.0.0.0:15140] INACTIVE
2024-04-28 12:44:22,869 [1d5b270c-141e-46ec-a0c0-ed60a5ff00c9-NettyServerStreamRpc-bossGroup--thread1] INFO  logging.LoggingHandler (AbstractInternalLogger.java:log(148)) - [id: 0xca4faca3, L:/0.0.0.0:15140] UNREGISTERED
2024-04-28 12:44:22,893 [0f39c21b-d5b1-40df-b9b4-e74314e680e2-impl-thread2] INFO  segmented.SegmentedRaftLogWorker (SegmentedRaftLogWorker.java:close(245)) - 0f39c21b-d5b1-40df-b9b4-e74314e680e2@group-E75D70240EB6-SegmentedRaftLogWorker close()
2024-04-28 12:44:22,894 [JvmPauseMonitor20] INFO  util.JvmPauseMonitor (JvmPauseMonitor.java:run(152)) - JvmPauseMonitor-0f39c21b-d5b1-40df-b9b4-e74314e680e2: Stopped
2024-04-28 12:44:23,267 [e9c86f68-3649-4446-905a-585a397e3574-impl-thread1] INFO  segmented.SegmentedRaftLogWorker (SegmentedRaftLogWorker.java:close(245)) - e9c86f68-3649-4446-905a-585a397e3574@group-249964EAA68A-SegmentedRaftLogWorker close()
2024-04-28 12:44:23,267 [JvmPauseMonitor14] INFO  util.JvmPauseMonitor (JvmPauseMonitor.java:run(152)) - JvmPauseMonitor-e9c86f68-3649-4446-905a-585a397e3574: Stopped
2024-04-28 12:44:23,567 [1d4b00a3-9857-4eac-ad23-fb07690fc4d9-impl-thread2] INFO  segmented.SegmentedRaftLogWorker (SegmentedRaftLogWorker.java:close(245)) - 1d4b00a3-9857-4eac-ad23-fb07690fc4d9@group-7AC4A5481F83-SegmentedRaftLogWorker close()
2024-04-28 12:44:23,584 [1d4b00a3-9857-4eac-ad23-fb07690fc4d9-impl-thread1] INFO  segmented.SegmentedRaftLogWorker (SegmentedRaftLogWorker.java:close(245)) - 1d4b00a3-9857-4eac-ad23-fb07690fc4d9@group-9D1E68A9FB73-SegmentedRaftLogWorker close()
2024-04-28 12:44:23,584 [JvmPauseMonitor16] INFO  util.JvmPauseMonitor (JvmPauseMonitor.java:run(152)) - JvmPauseMonitor-1d4b00a3-9857-4eac-ad23-fb07690fc4d9: Stopped
2024-04-28 12:44:23,585 [1070cd50-d4de-4eff-9e7b-13f77727c4d2-impl-thread2] INFO  segmented.SegmentedRaftLogWorker (SegmentedRaftLogWorker.java:close(245)) - 1070cd50-d4de-4eff-9e7b-13f77727c4d2@group-7AC4A5481F83-SegmentedRaftLogWorker close()
2024-04-28 12:44:23,600 [1d5b270c-141e-46ec-a0c0-ed60a5ff00c9-impl-thread2] INFO  segmented.SegmentedRaftLogWorker (SegmentedRaftLogWorker.java:close(245)) - 1d5b270c-141e-46ec-a0c0-ed60a5ff00c9@group-7AC4A5481F83-SegmentedRaftLogWorker close()
2024-04-28 12:44:23,613 [1d5b270c-141e-46ec-a0c0-ed60a5ff00c9-impl-thread1] INFO  segmented.SegmentedRaftLogWorker (SegmentedRaftLogWorker.java:close(245)) - 1d5b270c-141e-46ec-a0c0-ed60a5ff00c9@group-7AA1DB745B26-SegmentedRaftLogWorker close()
2024-04-28 12:44:23,613 [1070cd50-d4de-4eff-9e7b-13f77727c4d2-impl-thread1] INFO  segmented.SegmentedRaftLogWorker (SegmentedRaftLogWorker.java:close(245)) - 1070cd50-d4de-4eff-9e7b-13f77727c4d2@group-BBF6C343BD26-SegmentedRaftLogWorker close()
2024-04-28 12:44:23,614 [JvmPauseMonitor18] INFO  util.JvmPauseMonitor (JvmPauseMonitor.java:run(152)) - JvmPauseMonitor-1070cd50-d4de-4eff-9e7b-13f77727c4d2: Stopped
2024-04-28 12:44:23,614 [JvmPauseMonitor17] INFO  util.JvmPauseMonitor (JvmPauseMonitor.java:run(152)) - JvmPauseMonitor-1d5b270c-141e-46ec-a0c0-ed60a5ff00c9: Stopped
2024-04-28 12:44:24,896 [ForkJoinPool.commonPool-worker-1] INFO  utils.DatanodeStoreCache (DatanodeStoreCache.java:shutdownCache(116)) - Skip clearing cache in mini cluster mode. Entries left: [/home/runner/work/ozone/ozone/hadoop-ozone/integration-test/target/test-dir/MiniOzoneClusterImpl-fb989876-9371-464e-b996-ece4d3fe3ecb/ozone-meta/datanode-2/data-0/hdds/fb989876-9371-464e-b996-ece4d3fe3ecb/DS-225ccfa7-c61f-4636-81dd-e0d4a7d6966f/container.db, /home/runner/work/ozone/ozone/hadoop-ozone/integration-test/target/test-dir/MiniOzoneClusterImpl-fb989876-9371-464e-b996-ece4d3fe3ecb/ozone-meta/datanode-4/data-0/hdds/fb989876-9371-464e-b996-ece4d3fe3ecb/DS-d16afd8a-3f32-48ac-8e84-4b8c4b21e4ba/container.db, /home/runner/work/ozone/ozone/hadoop-ozone/integration-test/target/test-dir/MiniOzoneClusterImpl-fb989876-9371-464e-b996-ece4d3fe3ecb/ozone-meta/datanode-5/data-0/hdds/fb989876-9371-464e-b996-ece4d3fe3ecb/DS-41fa0899-e81b-4f8c-8d83-23608199a02e/container.db, /home/runner/work/ozone/ozone/hadoop-ozone/integration-test/target/test-dir/MiniOzoneClusterImpl-fb989876-9371-464e-b996-ece4d3fe3ecb/ozone-meta/datanode-6/data-0/hdds/fb989876-9371-464e-b996-ece4d3fe3ecb/DS-d4c992d0-2454-4154-ac60-ed36f2d24938/container.db, /home/runner/work/ozone/ozone/hadoop-ozone/integration-test/target/test-dir/MiniOzoneClusterImpl-fb989876-9371-464e-b996-ece4d3fe3ecb/ozone-meta/datanode-7/data-0/hdds/fb989876-9371-464e-b996-ece4d3fe3ecb/DS-03700e63-4553-424f-a6a9-07a749ac4bc5/container.db, /home/runner/work/ozone/ozone/hadoop-ozone/integration-test/target/test-dir/MiniOzoneClusterImpl-fb989876-9371-464e-b996-ece4d3fe3ecb/ozone-meta/datanode-8/data-0/hdds/fb989876-9371-464e-b996-ece4d3fe3ecb/DS-1e51e6f3-33cc-4295-afa9-d9dc63d41ace/container.db, /home/runner/work/ozone/ozone/hadoop-ozone/integration-test/target/test-dir/MiniOzoneClusterImpl-fb989876-9371-464e-b996-ece4d3fe3ecb/ozone-meta/datanode-9/data-0/hdds/fb989876-9371-464e-b996-ece4d3fe3ecb/DS-71dc244d-30ac-4301-9176-6306de09b30b/container.db]
2024-04-28 12:44:24,896 [ForkJoinPool.commonPool-worker-1] INFO  utils.DatanodeStoreCache (DatanodeStoreCache.java:removeDB(110)) - Removed db /home/runner/work/ozone/ozone/hadoop-ozone/integration-test/target/test-dir/MiniOzoneClusterImpl-fb989876-9371-464e-b996-ece4d3fe3ecb/ozone-meta/datanode-8/data-0/hdds/fb989876-9371-464e-b996-ece4d3fe3ecb/DS-1e51e6f3-33cc-4295-afa9-d9dc63d41ace/container.db from cache
2024-04-28 12:44:24,897 [ForkJoinPool.commonPool-worker-1] INFO  volume.HddsVolume (HddsVolume.java:closeDbStore(470)) - SchemaV3 db is stopped at /home/runner/work/ozone/ozone/hadoop-ozone/integration-test/target/test-dir/MiniOzoneClusterImpl-fb989876-9371-464e-b996-ece4d3fe3ecb/ozone-meta/datanode-8/data-0/hdds/fb989876-9371-464e-b996-ece4d3fe3ecb/DS-1e51e6f3-33cc-4295-afa9-d9dc63d41ace/container.db for volume DS-1e51e6f3-33cc-4295-afa9-d9dc63d41ace
2024-04-28 12:44:24,897 [ForkJoinPool.commonPool-worker-1] INFO  utils.BackgroundService (BackgroundService.java:shutdown(160)) - Shutting down service BlockDeletingService
2024-04-28 12:44:24,897 [ForkJoinPool.commonPool-worker-1] INFO  utils.BackgroundService (BackgroundService.java:shutdown(160)) - Shutting down service StaleRecoveringContainerScrubbingService
2024-04-28 12:44:24,897 [ForkJoinPool.commonPool-worker-1] INFO  statemachine.DatanodeStateMachine (DatanodeStateMachine.java:stopDaemon(638)) - Ozone container server stopped.
2024-04-28 12:44:24,898 [ForkJoinPool.commonPool-worker-1] INFO  handler.ContextHandler (ContextHandler.java:doStop(1159)) - Stopped o.e.j.w.WebAppContext@263121b{hddsDatanode,/,null,STOPPED}{file:/home/runner/work/ozone/ozone/hadoop-hdds/container-service/target/classes/webapps/hddsDatanode}
2024-04-28 12:44:24,898 [ForkJoinPool.commonPool-worker-1] INFO  server.AbstractConnector (AbstractConnector.java:doStop(383)) - Stopped ServerConnector@5e0bf895{HTTP/1.1, (http/1.1)}{0.0.0.0:15161}
2024-04-28 12:44:24,898 [ForkJoinPool.commonPool-worker-1] INFO  server.session (HouseKeeper.java:stopScavenging(149)) - node0 Stopped scavenging
2024-04-28 12:44:24,898 [ForkJoinPool.commonPool-worker-1] INFO  handler.ContextHandler (ContextHandler.java:doStop(1159)) - Stopped o.e.j.s.ServletContextHandler@5bd9615c{static,/static,file:///home/runner/work/ozone/ozone/hadoop-hdds/container-service/target/classes/webapps/static,STOPPED}
2024-04-28 12:44:24,898 [ForkJoinPool.commonPool-worker-1] INFO  handler.ContextHandler (ContextHandler.java:doStop(1159)) - Stopped o.e.j.s.ServletContextHandler@5f2eeb6b{logs,/logs,file:///home/runner/work/ozone/ozone/hadoop-ozone/integration-test/target/log,STOPPED}
2024-04-28 12:44:24,899 [ForkJoinPool.commonPool-worker-1] INFO  ozone.HddsDatanodeClientProtocolServer (HddsDatanodeClientProtocolServer.java:stop(83)) - Stopping the RPC server for Client Protocol
2024-04-28 12:44:24,899 [ForkJoinPool.commonPool-worker-1] INFO  ipc.Server (Server.java:stop(3523)) - Stopping server on 15162
2024-04-28 12:44:24,899 [IPC Server listener on 15162] INFO  ipc.Server (Server.java:run(1434)) - Stopping IPC Server listener on 15162
2024-04-28 12:44:24,899 [IPC Server Responder] INFO  ipc.Server (Server.java:run(1567)) - Stopping IPC Server Responder
2024-04-28 12:44:24,901 [ForkJoinPool.commonPool-worker-1] INFO  ozoneimpl.OzoneContainer (OzoneContainer.java:stop(481)) - Attempting to stop container services.
2024-04-28 12:44:24,901 [ContainerMetadataScanner] WARN  ozoneimpl.AbstractBackgroundContainerScanner (AbstractBackgroundContainerScanner.java:handleRemainingSleep(134)) - Background container scan was interrupted.
2024-04-28 12:44:24,901 [ContainerMetadataScanner] INFO  ozoneimpl.AbstractBackgroundContainerScanner (AbstractBackgroundContainerScanner.java:run(61)) - Thread[ContainerMetadataScanner,5,main] exiting.
2024-04-28 12:44:24,901 [ForkJoinPool.commonPool-worker-1] INFO  ozoneimpl.BackgroundContainerDataScanner (BackgroundContainerDataScanner.java:shutdown(141)) - ContainerDataScanner(/home/runner/work/ozone/ozone/hadoop-ozone/integration-test/target/test-dir/MiniOzoneClusterImpl-fb989876-9371-464e-b996-ece4d3fe3ecb/ozone-meta/datanode-9/data-0/hdds) is shutting down. 
2024-04-28 12:44:24,901 [ContainerDataScanner(/home/runner/work/ozone/ozone/hadoop-ozone/integration-test/target/test-dir/MiniOzoneClusterImpl-fb989876-9371-464e-b996-ece4d3fe3ecb/ozone-meta/datanode-9/data-0/hdds)] WARN  ozoneimpl.AbstractBackgroundContainerScanner (AbstractBackgroundContainerScanner.java:handleRemainingSleep(134)) - Background container scan was interrupted.
2024-04-28 12:44:24,901 [ContainerDataScanner(/home/runner/work/ozone/ozone/hadoop-ozone/integration-test/target/test-dir/MiniOzoneClusterImpl-fb989876-9371-464e-b996-ece4d3fe3ecb/ozone-meta/datanode-9/data-0/hdds)] INFO  ozoneimpl.AbstractBackgroundContainerScanner (AbstractBackgroundContainerScanner.java:run(61)) - ContainerDataScanner(/home/runner/work/ozone/ozone/hadoop-ozone/integration-test/target/test-dir/MiniOzoneClusterImpl-fb989876-9371-464e-b996-ece4d3fe3ecb/ozone-meta/datanode-9/data-0/hdds, DS-71dc244d-30ac-4301-9176-6306de09b30b) exiting.
2024-04-28 12:44:24,902 [ForkJoinPool.commonPool-worker-1] INFO  server.RaftServer (RaftServerProxy.java:lambda$close$9(416)) - bc7e9acf-0dfc-47a3-8dfb-4b83deb456d1: close
2024-04-28 12:44:24,902 [bc7e9acf-0dfc-47a3-8dfb-4b83deb456d1-impl-thread1] INFO  server.RaftServer$Division (RaftServerImpl.java:lambda$close$3(526)) - bc7e9acf-0dfc-47a3-8dfb-4b83deb456d1@group-E55755602824: shutdown
2024-04-28 12:44:24,902 [bc7e9acf-0dfc-47a3-8dfb-4b83deb456d1-impl-thread1] INFO  util.JmxRegister (JmxRegister.java:unregister(73)) - Successfully un-registered JMX Bean with object name Ratis:service=RaftServer,group=group-E55755602824,id=bc7e9acf-0dfc-47a3-8dfb-4b83deb456d1
2024-04-28 12:44:24,902 [bc7e9acf-0dfc-47a3-8dfb-4b83deb456d1-impl-thread1] INFO  impl.RoleInfo (RoleInfo.java:shutdownLeaderState(94)) - bc7e9acf-0dfc-47a3-8dfb-4b83deb456d1: shutdown bc7e9acf-0dfc-47a3-8dfb-4b83deb456d1@group-E55755602824-LeaderStateImpl
2024-04-28 12:44:24,902 [bc7e9acf-0dfc-47a3-8dfb-4b83deb456d1-impl-thread1] INFO  impl.PendingRequests (PendingRequests.java:sendNotLeaderResponses(289)) - bc7e9acf-0dfc-47a3-8dfb-4b83deb456d1@group-E55755602824-PendingRequests: sendNotLeaderResponses
2024-04-28 12:44:24,902 [bc7e9acf-0dfc-47a3-8dfb-4b83deb456d1-impl-thread1] INFO  impl.StateMachineUpdater (StateMachineUpdater.java:stopAndJoin(157)) - bc7e9acf-0dfc-47a3-8dfb-4b83deb456d1@group-E55755602824-StateMachineUpdater: set stopIndex = 0
2024-04-28 12:44:24,902 [bc7e9acf-0dfc-47a3-8dfb-4b83deb456d1@group-E55755602824-StateMachineUpdater] INFO  ratis.ContainerStateMachine (ContainerStateMachine.java:takeSnapshot(355)) - group-E55755602824: Taking a snapshot at:(t:1, i:0) file /home/runner/work/ozone/ozone/hadoop-ozone/integration-test/target/test-dir/MiniOzoneClusterImpl-fb989876-9371-464e-b996-ece4d3fe3ecb/ozone-meta/datanode-9/ratis/9c9eed31-3736-424b-9004-e55755602824/sm/snapshot.1_0
2024-04-28 12:44:24,902 [ForkJoinPool.commonPool-worker-1] INFO  server.GrpcService (GrpcService.java:closeImpl(311)) - bc7e9acf-0dfc-47a3-8dfb-4b83deb456d1: shutdown server org.apache.ratis.grpc.server.GrpcClientProtocolService now
2024-04-28 12:44:24,903 [bc7e9acf-0dfc-47a3-8dfb-4b83deb456d1-impl-thread2] INFO  server.RaftServer$Division (RaftServerImpl.java:lambda$close$3(526)) - bc7e9acf-0dfc-47a3-8dfb-4b83deb456d1@group-E75D70240EB6: shutdown
2024-04-28 12:44:24,903 [bc7e9acf-0dfc-47a3-8dfb-4b83deb456d1-impl-thread2] INFO  util.JmxRegister (JmxRegister.java:unregister(73)) - Successfully un-registered JMX Bean with object name Ratis:service=RaftServer,group=group-E75D70240EB6,id=bc7e9acf-0dfc-47a3-8dfb-4b83deb456d1
2024-04-28 12:44:24,903 [bc7e9acf-0dfc-47a3-8dfb-4b83deb456d1-impl-thread2] INFO  impl.RoleInfo (RoleInfo.java:shutdownLeaderState(94)) - bc7e9acf-0dfc-47a3-8dfb-4b83deb456d1: shutdown bc7e9acf-0dfc-47a3-8dfb-4b83deb456d1@group-E75D70240EB6-LeaderStateImpl
2024-04-28 12:44:24,903 [bc7e9acf-0dfc-47a3-8dfb-4b83deb456d1@group-E75D70240EB6->59f7e7ee-27c3-4dbc-8a0c-a3c2dbd1352c-GrpcLogAppender-LogAppenderDaemon] WARN  server.GrpcLogAppender (GrpcLogAppender.java:mayWait(289)) - bc7e9acf-0dfc-47a3-8dfb-4b83deb456d1@group-E75D70240EB6->59f7e7ee-27c3-4dbc-8a0c-a3c2dbd1352c-GrpcLogAppender: Wait interrupted by java.lang.InterruptedException
2024-04-28 12:44:24,903 [Thread-2437] INFO  server.GrpcServerProtocolClient (GrpcServerProtocolClient.java:close(103)) - 0f39c21b-d5b1-40df-b9b4-e74314e680e2 Close channels
2024-04-28 12:44:24,904 [Thread-2438] INFO  server.GrpcServerProtocolClient (GrpcServerProtocolClient.java:close(103)) - 59f7e7ee-27c3-4dbc-8a0c-a3c2dbd1352c Close channels
2024-04-28 12:44:24,903 [bc7e9acf-0dfc-47a3-8dfb-4b83deb456d1@group-E75D70240EB6->0f39c21b-d5b1-40df-b9b4-e74314e680e2-GrpcLogAppender-LogAppenderDaemon] WARN  server.GrpcLogAppender (GrpcLogAppender.java:mayWait(289)) - bc7e9acf-0dfc-47a3-8dfb-4b83deb456d1@group-E75D70240EB6->0f39c21b-d5b1-40df-b9b4-e74314e680e2-GrpcLogAppender: Wait interrupted by java.lang.InterruptedException
2024-04-28 12:44:24,903 [bc7e9acf-0dfc-47a3-8dfb-4b83deb456d1@group-E55755602824-StateMachineUpdater] INFO  ratis.ContainerStateMachine (ContainerStateMachine.java:takeSnapshot(366)) - group-E55755602824: Finished taking a snapshot at:(t:1, i:0) file:/home/runner/work/ozone/ozone/hadoop-ozone/integration-test/target/test-dir/MiniOzoneClusterImpl-fb989876-9371-464e-b996-ece4d3fe3ecb/ozone-meta/datanode-9/ratis/9c9eed31-3736-424b-9004-e55755602824/sm/snapshot.1_0 took: 1 ms
2024-04-28 12:44:24,904 [bc7e9acf-0dfc-47a3-8dfb-4b83deb456d1@group-E55755602824-StateMachineUpdater] INFO  impl.StateMachineUpdater (StateMachineUpdater.java:takeSnapshot(295)) - bc7e9acf-0dfc-47a3-8dfb-4b83deb456d1@group-E55755602824-StateMachineUpdater: Took a snapshot at index 0
2024-04-28 12:44:24,904 [bc7e9acf-0dfc-47a3-8dfb-4b83deb456d1@group-E55755602824-StateMachineUpdater] INFO  impl.StateMachineUpdater (StateMachineUpdater.java:lambda$new$0(98)) - bc7e9acf-0dfc-47a3-8dfb-4b83deb456d1@group-E55755602824-StateMachineUpdater: snapshotIndex: updateIncreasingly -1 -> 0
2024-04-28 12:44:24,905 [bc7e9acf-0dfc-47a3-8dfb-4b83deb456d1-impl-thread1] INFO  server.RaftServer$Division (ServerState.java:close(427)) - bc7e9acf-0dfc-47a3-8dfb-4b83deb456d1@group-E55755602824: applyIndex: 0
2024-04-28 12:44:24,903 [bc7e9acf-0dfc-47a3-8dfb-4b83deb456d1-impl-thread2] INFO  impl.PendingRequests (PendingRequests.java:sendNotLeaderResponses(289)) - bc7e9acf-0dfc-47a3-8dfb-4b83deb456d1@group-E75D70240EB6-PendingRequests: sendNotLeaderResponses
2024-04-28 12:44:24,905 [bc7e9acf-0dfc-47a3-8dfb-4b83deb456d1@group-E55755602824-cacheEviction-AwaitToRun] INFO  util.AwaitToRun (AwaitToRun.java:run(49)) - bc7e9acf-0dfc-47a3-8dfb-4b83deb456d1@group-E55755602824-cacheEviction-AwaitToRun-AwaitForSignal is interrupted
2024-04-28 12:44:24,904 [grpc-default-executor-5] INFO  server.GrpcServerProtocolService (GrpcServerProtocolService.java:onCompleted(157)) - 59f7e7ee-27c3-4dbc-8a0c-a3c2dbd1352c: Completed APPEND_ENTRIES, lastRequest: null
2024-04-28 12:44:24,904 [grpc-default-executor-4] INFO  server.GrpcServerProtocolService (GrpcServerProtocolService.java:onCompleted(157)) - 59f7e7ee-27c3-4dbc-8a0c-a3c2dbd1352c: Completed APPEND_ENTRIES, lastRequest: bc7e9acf-0dfc-47a3-8dfb-4b83deb456d1->59f7e7ee-27c3-4dbc-8a0c-a3c2dbd1352c#1-t1,previous=(t:0, i:0),leaderCommit=-1,initializing? false,entries: size=1, first=(t:1, i:0), CONFIGURATIONENTRY(current:id: "0f39c21b-d5b1-40df-b9b4-e74314e680e2"
address: "127.0.0.1:15166"
dataStreamAddress: "127.0.0.1:15167"
clientAddress: "127.0.0.1:15164"
adminAddress: "127.0.0.1:15165"
startupRole: FOLLOWER
,id: "59f7e7ee-27c3-4dbc-8a0c-a3c2dbd1352c"
address: "127.0.0.1:15157"
dataStreamAddress: "127.0.0.1:15158"
clientAddress: "127.0.0.1:15155"
adminAddress: "127.0.0.1:15156"
startupRole: FOLLOWER
,id: "bc7e9acf-0dfc-47a3-8dfb-4b83deb456d1"
address: "127.0.0.1:15175"
priority: 1
dataStreamAddress: "127.0.0.1:15176"
clientAddress: "127.0.0.1:15173"
adminAddress: "127.0.0.1:15174"
startupRole: FOLLOWER
, old:)
2024-04-28 12:44:24,905 [grpc-default-executor-4] INFO  server.GrpcServerProtocolService (GrpcServerProtocolService.java:lambda$onCompleted$5(159)) - 59f7e7ee-27c3-4dbc-8a0c-a3c2dbd1352c: Completed APPEND_ENTRIES, lastReply: null
2024-04-28 12:44:24,905 [bc7e9acf-0dfc-47a3-8dfb-4b83deb456d1@group-E75D70240EB6-StateMachineUpdater] INFO  ratis.ContainerStateMachine (ContainerStateMachine.java:takeSnapshot(355)) - group-E75D70240EB6: Taking a snapshot at:(t:1, i:0) file /home/runner/work/ozone/ozone/hadoop-ozone/integration-test/target/test-dir/MiniOzoneClusterImpl-fb989876-9371-464e-b996-ece4d3fe3ecb/ozone-meta/datanode-9/ratis/3677031e-92e1-4d32-a29a-e75d70240eb6/sm/snapshot.1_0
2024-04-28 12:44:24,906 [bc7e9acf-0dfc-47a3-8dfb-4b83deb456d1@group-E75D70240EB6-StateMachineUpdater] INFO  ratis.ContainerStateMachine (ContainerStateMachine.java:takeSnapshot(366)) - group-E75D70240EB6: Finished taking a snapshot at:(t:1, i:0) file:/home/runner/work/ozone/ozone/hadoop-ozone/integration-test/target/test-dir/MiniOzoneClusterImpl-fb989876-9371-464e-b996-ece4d3fe3ecb/ozone-meta/datanode-9/ratis/3677031e-92e1-4d32-a29a-e75d70240eb6/sm/snapshot.1_0 took: 0 ms
2024-04-28 12:44:24,905 [bc7e9acf-0dfc-47a3-8dfb-4b83deb456d1-impl-thread2] INFO  impl.StateMachineUpdater (StateMachineUpdater.java:stopAndJoin(157)) - bc7e9acf-0dfc-47a3-8dfb-4b83deb456d1@group-E75D70240EB6-StateMachineUpdater: set stopIndex = 0
2024-04-28 12:44:24,906 [grpc-default-executor-3] INFO  server.GrpcLogAppender (GrpcLogAppender.java:onCompleted(546)) - bc7e9acf-0dfc-47a3-8dfb-4b83deb456d1@group-E75D70240EB6->59f7e7ee-27c3-4dbc-8a0c-a3c2dbd1352c-AppendLogResponseHandler: follower responses appendEntries COMPLETED
2024-04-28 12:44:24,906 [grpc-default-executor-3] WARN  server.GrpcLogAppender (GrpcLogAppender.java:resetClient(226)) - bc7e9acf-0dfc-47a3-8dfb-4b83deb456d1@group-E75D70240EB6->59f7e7ee-27c3-4dbc-8a0c-a3c2dbd1352c-GrpcLogAppender: Failed to getClient for 59f7e7ee-27c3-4dbc-8a0c-a3c2dbd1352c
org.apache.ratis.protocol.exceptions.AlreadyClosedException: bc7e9acf-0dfc-47a3-8dfb-4b83deb456d1 is already CLOSED
	at org.apache.ratis.util.PeerProxyMap$PeerAndProxy.getProxy(PeerProxyMap.java:65)
	at org.apache.ratis.util.PeerProxyMap.getProxy(PeerProxyMap.java:114)
	at org.apache.ratis.grpc.server.GrpcLogAppender.getClient(GrpcLogAppender.java:196)
	at org.apache.ratis.grpc.server.GrpcLogAppender.resetClient(GrpcLogAppender.java:201)
	at org.apache.ratis.grpc.server.GrpcLogAppender.access$800(GrpcLogAppender.java:62)
	at org.apache.ratis.grpc.server.GrpcLogAppender$AppendLogResponseHandler.onCompleted(GrpcLogAppender.java:547)
	at org.apache.ratis.thirdparty.io.grpc.stub.ClientCalls$StreamObserverToCallListenerAdapter.onClose(ClientCalls.java:479)
	at org.apache.ratis.thirdparty.io.grpc.internal.ClientCallImpl.closeObserver(ClientCallImpl.java:567)
	at org.apache.ratis.thirdparty.io.grpc.internal.ClientCallImpl.access$300(ClientCallImpl.java:71)
	at org.apache.ratis.thirdparty.io.grpc.internal.ClientCallImpl$ClientStreamListenerImpl$1StreamClosed.runInternal(ClientCallImpl.java:735)
	at org.apache.ratis.thirdparty.io.grpc.internal.ClientCallImpl$ClientStreamListenerImpl$1StreamClosed.runInContext(ClientCallImpl.java:716)
	at org.apache.ratis.thirdparty.io.grpc.internal.ContextRunnable.run(ContextRunnable.java:37)
	at org.apache.ratis.thirdparty.io.grpc.internal.SerializingExecutor.run(SerializingExecutor.java:133)
	at java.base/java.util.concurrent.ThreadPoolExecutor.runWorker(ThreadPoolExecutor.java:1136)
	at java.base/java.util.concurrent.ThreadPoolExecutor$Worker.run(ThreadPoolExecutor.java:635)
	at java.base/java.lang.Thread.run(Thread.java:840)
2024-04-28 12:44:24,905 [grpc-default-executor-5] INFO  server.GrpcServerProtocolService (GrpcServerProtocolService.java:lambda$onCompleted$5(159)) - 59f7e7ee-27c3-4dbc-8a0c-a3c2dbd1352c: Completed APPEND_ENTRIES, lastReply: serverReply {
  requestorId: "bc7e9acf-0dfc-47a3-8dfb-4b83deb456d1"
  replyId: "59f7e7ee-27c3-4dbc-8a0c-a3c2dbd1352c"
  raftGroupId {
    id: "6w\003\036\222\341M2\242\232\347]p$\016\266"
  }
  callId: 15
  success: true
}
term: 1
nextIndex: 1
matchIndex: 18446744073709551615
isHearbeat: true

2024-04-28 12:44:24,906 [bc7e9acf-0dfc-47a3-8dfb-4b83deb456d1@group-E75D70240EB6-StateMachineUpdater] INFO  impl.StateMachineUpdater (StateMachineUpdater.java:takeSnapshot(295)) - bc7e9acf-0dfc-47a3-8dfb-4b83deb456d1@group-E75D70240EB6-StateMachineUpdater: Took a snapshot at index 0
2024-04-28 12:44:24,906 [bc7e9acf-0dfc-47a3-8dfb-4b83deb456d1@group-E75D70240EB6-StateMachineUpdater] INFO  impl.StateMachineUpdater (StateMachineUpdater.java:lambda$new$0(98)) - bc7e9acf-0dfc-47a3-8dfb-4b83deb456d1@group-E75D70240EB6-StateMachineUpdater: snapshotIndex: updateIncreasingly -1 -> 0
2024-04-28 12:44:24,907 [bc7e9acf-0dfc-47a3-8dfb-4b83deb456d1-impl-thread2] INFO  server.RaftServer$Division (ServerState.java:close(427)) - bc7e9acf-0dfc-47a3-8dfb-4b83deb456d1@group-E75D70240EB6: applyIndex: 0
2024-04-28 12:44:24,907 [bc7e9acf-0dfc-47a3-8dfb-4b83deb456d1@group-E75D70240EB6-cacheEviction-AwaitToRun] INFO  util.AwaitToRun (AwaitToRun.java:run(49)) - bc7e9acf-0dfc-47a3-8dfb-4b83deb456d1@group-E75D70240EB6-cacheEviction-AwaitToRun-AwaitForSignal is interrupted
2024-04-28 12:44:24,907 [grpc-default-executor-3] INFO  server.GrpcLogAppender (GrpcLogAppender.java:onCompleted(546)) - bc7e9acf-0dfc-47a3-8dfb-4b83deb456d1@group-E75D70240EB6->59f7e7ee-27c3-4dbc-8a0c-a3c2dbd1352c-AppendLogResponseHandler: follower responses appendEntries COMPLETED
2024-04-28 12:44:24,907 [grpc-default-executor-3] WARN  server.GrpcLogAppender (GrpcLogAppender.java:resetClient(226)) - bc7e9acf-0dfc-47a3-8dfb-4b83deb456d1@group-E75D70240EB6->59f7e7ee-27c3-4dbc-8a0c-a3c2dbd1352c-GrpcLogAppender: Failed to getClient for 59f7e7ee-27c3-4dbc-8a0c-a3c2dbd1352c
org.apache.ratis.protocol.exceptions.AlreadyClosedException: bc7e9acf-0dfc-47a3-8dfb-4b83deb456d1 is already CLOSED
	at org.apache.ratis.util.PeerProxyMap$PeerAndProxy.getProxy(PeerProxyMap.java:65)
	at org.apache.ratis.util.PeerProxyMap.getProxy(PeerProxyMap.java:114)
	at org.apache.ratis.grpc.server.GrpcLogAppender.getClient(GrpcLogAppender.java:196)
	at org.apache.ratis.grpc.server.GrpcLogAppender.resetClient(GrpcLogAppender.java:201)
	at org.apache.ratis.grpc.server.GrpcLogAppender.access$800(GrpcLogAppender.java:62)
	at org.apache.ratis.grpc.server.GrpcLogAppender$AppendLogResponseHandler.onCompleted(GrpcLogAppender.java:547)
	at org.apache.ratis.thirdparty.io.grpc.stub.ClientCalls$StreamObserverToCallListenerAdapter.onClose(ClientCalls.java:479)
	at org.apache.ratis.thirdparty.io.grpc.internal.ClientCallImpl.closeObserver(ClientCallImpl.java:567)
	at org.apache.ratis.thirdparty.io.grpc.internal.ClientCallImpl.access$300(ClientCallImpl.java:71)
	at org.apache.ratis.thirdparty.io.grpc.internal.ClientCallImpl$ClientStreamListenerImpl$1StreamClosed.runInternal(ClientCallImpl.java:735)
	at org.apache.ratis.thirdparty.io.grpc.internal.ClientCallImpl$ClientStreamListenerImpl$1StreamClosed.runInContext(ClientCallImpl.java:716)
	at org.apache.ratis.thirdparty.io.grpc.internal.ContextRunnable.run(ContextRunnable.java:37)
	at org.apache.ratis.thirdparty.io.grpc.internal.SerializingExecutor.run(SerializingExecutor.java:133)
	at java.base/java.util.concurrent.ThreadPoolExecutor.runWorker(ThreadPoolExecutor.java:1136)
	at java.base/java.util.concurrent.ThreadPoolExecutor$Worker.run(ThreadPoolExecutor.java:635)
	at java.base/java.lang.Thread.run(Thread.java:840)
2024-04-28 12:44:24,908 [ForkJoinPool.commonPool-worker-1] INFO  server.GrpcService (GrpcService.java:closeImpl(320)) - bc7e9acf-0dfc-47a3-8dfb-4b83deb456d1: shutdown server org.apache.ratis.grpc.server.GrpcClientProtocolService successfully
2024-04-28 12:44:24,908 [ForkJoinPool.commonPool-worker-1] INFO  server.GrpcService (GrpcService.java:closeImpl(311)) - bc7e9acf-0dfc-47a3-8dfb-4b83deb456d1: shutdown server GrpcServerProtocolService now
2024-04-28 12:44:24,909 [ForkJoinPool.commonPool-worker-1] INFO  server.GrpcService (GrpcService.java:closeImpl(320)) - bc7e9acf-0dfc-47a3-8dfb-4b83deb456d1: shutdown server GrpcServerProtocolService successfully
2024-04-28 12:44:24,909 [ForkJoinPool.commonPool-worker-1] INFO  server.GrpcService (GrpcService.java:closeImpl(311)) - bc7e9acf-0dfc-47a3-8dfb-4b83deb456d1: shutdown server org.apache.ratis.grpc.server.GrpcAdminProtocolService now
2024-04-28 12:44:24,909 [ForkJoinPool.commonPool-worker-1] INFO  server.GrpcService (GrpcService.java:closeImpl(320)) - bc7e9acf-0dfc-47a3-8dfb-4b83deb456d1: shutdown server org.apache.ratis.grpc.server.GrpcAdminProtocolService successfully
2024-04-28 12:44:24,912 [bc7e9acf-0dfc-47a3-8dfb-4b83deb456d1-NettyServerStreamRpc-bossGroup--thread1] INFO  logging.LoggingHandler (AbstractInternalLogger.java:log(148)) - [id: 0x09cee43a, L:/0.0.0.0:15176] CLOSE
2024-04-28 12:44:24,912 [bc7e9acf-0dfc-47a3-8dfb-4b83deb456d1-NettyServerStreamRpc-bossGroup--thread1] INFO  logging.LoggingHandler (AbstractInternalLogger.java:log(148)) - [id: 0x09cee43a, L:/0.0.0.0:15176] INACTIVE
2024-04-28 12:44:24,912 [bc7e9acf-0dfc-47a3-8dfb-4b83deb456d1-NettyServerStreamRpc-bossGroup--thread1] INFO  logging.LoggingHandler (AbstractInternalLogger.java:log(148)) - [id: 0x09cee43a, L:/0.0.0.0:15176] UNREGISTERED
2024-04-28 12:44:25,269 [ForkJoinPool.commonPool-worker-2] INFO  utils.DatanodeStoreCache (DatanodeStoreCache.java:shutdownCache(116)) - Skip clearing cache in mini cluster mode. Entries left: [/home/runner/work/ozone/ozone/hadoop-ozone/integration-test/target/test-dir/MiniOzoneClusterImpl-fb989876-9371-464e-b996-ece4d3fe3ecb/ozone-meta/datanode-2/data-0/hdds/fb989876-9371-464e-b996-ece4d3fe3ecb/DS-225ccfa7-c61f-4636-81dd-e0d4a7d6966f/container.db, /home/runner/work/ozone/ozone/hadoop-ozone/integration-test/target/test-dir/MiniOzoneClusterImpl-fb989876-9371-464e-b996-ece4d3fe3ecb/ozone-meta/datanode-4/data-0/hdds/fb989876-9371-464e-b996-ece4d3fe3ecb/DS-d16afd8a-3f32-48ac-8e84-4b8c4b21e4ba/container.db, /home/runner/work/ozone/ozone/hadoop-ozone/integration-test/target/test-dir/MiniOzoneClusterImpl-fb989876-9371-464e-b996-ece4d3fe3ecb/ozone-meta/datanode-5/data-0/hdds/fb989876-9371-464e-b996-ece4d3fe3ecb/DS-41fa0899-e81b-4f8c-8d83-23608199a02e/container.db, /home/runner/work/ozone/ozone/hadoop-ozone/integration-test/target/test-dir/MiniOzoneClusterImpl-fb989876-9371-464e-b996-ece4d3fe3ecb/ozone-meta/datanode-6/data-0/hdds/fb989876-9371-464e-b996-ece4d3fe3ecb/DS-d4c992d0-2454-4154-ac60-ed36f2d24938/container.db, /home/runner/work/ozone/ozone/hadoop-ozone/integration-test/target/test-dir/MiniOzoneClusterImpl-fb989876-9371-464e-b996-ece4d3fe3ecb/ozone-meta/datanode-7/data-0/hdds/fb989876-9371-464e-b996-ece4d3fe3ecb/DS-03700e63-4553-424f-a6a9-07a749ac4bc5/container.db, /home/runner/work/ozone/ozone/hadoop-ozone/integration-test/target/test-dir/MiniOzoneClusterImpl-fb989876-9371-464e-b996-ece4d3fe3ecb/ozone-meta/datanode-9/data-0/hdds/fb989876-9371-464e-b996-ece4d3fe3ecb/DS-71dc244d-30ac-4301-9176-6306de09b30b/container.db]
2024-04-28 12:44:25,270 [ForkJoinPool.commonPool-worker-2] INFO  utils.DatanodeStoreCache (DatanodeStoreCache.java:removeDB(110)) - Removed db /home/runner/work/ozone/ozone/hadoop-ozone/integration-test/target/test-dir/MiniOzoneClusterImpl-fb989876-9371-464e-b996-ece4d3fe3ecb/ozone-meta/datanode-2/data-0/hdds/fb989876-9371-464e-b996-ece4d3fe3ecb/DS-225ccfa7-c61f-4636-81dd-e0d4a7d6966f/container.db from cache
2024-04-28 12:44:25,270 [ForkJoinPool.commonPool-worker-2] INFO  volume.HddsVolume (HddsVolume.java:closeDbStore(470)) - SchemaV3 db is stopped at /home/runner/work/ozone/ozone/hadoop-ozone/integration-test/target/test-dir/MiniOzoneClusterImpl-fb989876-9371-464e-b996-ece4d3fe3ecb/ozone-meta/datanode-2/data-0/hdds/fb989876-9371-464e-b996-ece4d3fe3ecb/DS-225ccfa7-c61f-4636-81dd-e0d4a7d6966f/container.db for volume DS-225ccfa7-c61f-4636-81dd-e0d4a7d6966f
2024-04-28 12:44:25,270 [ForkJoinPool.commonPool-worker-2] INFO  utils.BackgroundService (BackgroundService.java:shutdown(160)) - Shutting down service BlockDeletingService
2024-04-28 12:44:25,270 [ForkJoinPool.commonPool-worker-2] INFO  utils.BackgroundService (BackgroundService.java:shutdown(160)) - Shutting down service StaleRecoveringContainerScrubbingService
2024-04-28 12:44:25,271 [ForkJoinPool.commonPool-worker-2] INFO  statemachine.DatanodeStateMachine (DatanodeStateMachine.java:stopDaemon(638)) - Ozone container server stopped.
2024-04-28 12:44:25,271 [ForkJoinPool.commonPool-worker-2] INFO  handler.ContextHandler (ContextHandler.java:doStop(1159)) - Stopped o.e.j.w.WebAppContext@4a99f9e5{hddsDatanode,/,null,STOPPED}{file:/home/runner/work/ozone/ozone/hadoop-hdds/container-service/target/classes/webapps/hddsDatanode}
2024-04-28 12:44:25,271 [ForkJoinPool.commonPool-worker-2] INFO  server.AbstractConnector (AbstractConnector.java:doStop(383)) - Stopped ServerConnector@138c28b5{HTTP/1.1, (http/1.1)}{0.0.0.0:15107}
2024-04-28 12:44:25,272 [ForkJoinPool.commonPool-worker-2] INFO  server.session (HouseKeeper.java:stopScavenging(149)) - node0 Stopped scavenging
2024-04-28 12:44:25,272 [ForkJoinPool.commonPool-worker-2] INFO  handler.ContextHandler (ContextHandler.java:doStop(1159)) - Stopped o.e.j.s.ServletContextHandler@310bf0ed{static,/static,file:///home/runner/work/ozone/ozone/hadoop-hdds/container-service/target/classes/webapps/static,STOPPED}
2024-04-28 12:44:25,272 [ForkJoinPool.commonPool-worker-2] INFO  handler.ContextHandler (ContextHandler.java:doStop(1159)) - Stopped o.e.j.s.ServletContextHandler@56a2599a{logs,/logs,file:///home/runner/work/ozone/ozone/hadoop-ozone/integration-test/target/log,STOPPED}
2024-04-28 12:44:25,272 [ForkJoinPool.commonPool-worker-2] INFO  ozone.HddsDatanodeClientProtocolServer (HddsDatanodeClientProtocolServer.java:stop(83)) - Stopping the RPC server for Client Protocol
2024-04-28 12:44:25,272 [ForkJoinPool.commonPool-worker-2] INFO  ipc.Server (Server.java:stop(3523)) - Stopping server on 15108
2024-04-28 12:44:25,273 [IPC Server listener on 15108] INFO  ipc.Server (Server.java:run(1434)) - Stopping IPC Server listener on 15108
2024-04-28 12:44:25,273 [IPC Server Responder] INFO  ipc.Server (Server.java:run(1567)) - Stopping IPC Server Responder
2024-04-28 12:44:25,274 [ForkJoinPool.commonPool-worker-2] INFO  ozoneimpl.OzoneContainer (OzoneContainer.java:stop(481)) - Attempting to stop container services.
2024-04-28 12:44:25,274 [ContainerMetadataScanner] WARN  ozoneimpl.AbstractBackgroundContainerScanner (AbstractBackgroundContainerScanner.java:handleRemainingSleep(134)) - Background container scan was interrupted.
2024-04-28 12:44:25,274 [ContainerMetadataScanner] INFO  ozoneimpl.AbstractBackgroundContainerScanner (AbstractBackgroundContainerScanner.java:run(61)) - Thread[ContainerMetadataScanner,5,main] exiting.
2024-04-28 12:44:25,274 [ForkJoinPool.commonPool-worker-2] INFO  ozoneimpl.BackgroundContainerDataScanner (BackgroundContainerDataScanner.java:shutdown(141)) - ContainerDataScanner(/home/runner/work/ozone/ozone/hadoop-ozone/integration-test/target/test-dir/MiniOzoneClusterImpl-fb989876-9371-464e-b996-ece4d3fe3ecb/ozone-meta/datanode-7/data-0/hdds) is shutting down. 
2024-04-28 12:44:25,274 [ContainerDataScanner(/home/runner/work/ozone/ozone/hadoop-ozone/integration-test/target/test-dir/MiniOzoneClusterImpl-fb989876-9371-464e-b996-ece4d3fe3ecb/ozone-meta/datanode-7/data-0/hdds)] WARN  ozoneimpl.AbstractBackgroundContainerScanner (AbstractBackgroundContainerScanner.java:handleRemainingSleep(134)) - Background container scan was interrupted.
2024-04-28 12:44:25,274 [ContainerDataScanner(/home/runner/work/ozone/ozone/hadoop-ozone/integration-test/target/test-dir/MiniOzoneClusterImpl-fb989876-9371-464e-b996-ece4d3fe3ecb/ozone-meta/datanode-7/data-0/hdds)] INFO  ozoneimpl.AbstractBackgroundContainerScanner (AbstractBackgroundContainerScanner.java:run(61)) - ContainerDataScanner(/home/runner/work/ozone/ozone/hadoop-ozone/integration-test/target/test-dir/MiniOzoneClusterImpl-fb989876-9371-464e-b996-ece4d3fe3ecb/ozone-meta/datanode-7/data-0/hdds, DS-03700e63-4553-424f-a6a9-07a749ac4bc5) exiting.
2024-04-28 12:44:25,275 [ForkJoinPool.commonPool-worker-2] INFO  server.RaftServer (RaftServerProxy.java:lambda$close$9(416)) - 59f7e7ee-27c3-4dbc-8a0c-a3c2dbd1352c: close
2024-04-28 12:44:25,275 [59f7e7ee-27c3-4dbc-8a0c-a3c2dbd1352c-impl-thread1] INFO  server.RaftServer$Division (RaftServerImpl.java:lambda$close$3(526)) - 59f7e7ee-27c3-4dbc-8a0c-a3c2dbd1352c@group-0B273A698BB2: shutdown
2024-04-28 12:44:25,275 [59f7e7ee-27c3-4dbc-8a0c-a3c2dbd1352c-impl-thread1] INFO  util.JmxRegister (JmxRegister.java:unregister(73)) - Successfully un-registered JMX Bean with object name Ratis:service=RaftServer,group=group-0B273A698BB2,id=59f7e7ee-27c3-4dbc-8a0c-a3c2dbd1352c
2024-04-28 12:44:25,275 [ForkJoinPool.commonPool-worker-2] INFO  server.GrpcService (GrpcService.java:closeImpl(311)) - 59f7e7ee-27c3-4dbc-8a0c-a3c2dbd1352c: shutdown server org.apache.ratis.grpc.server.GrpcClientProtocolService now
2024-04-28 12:44:25,275 [59f7e7ee-27c3-4dbc-8a0c-a3c2dbd1352c-impl-thread1] INFO  impl.RoleInfo (RoleInfo.java:shutdownLeaderState(94)) - 59f7e7ee-27c3-4dbc-8a0c-a3c2dbd1352c: shutdown 59f7e7ee-27c3-4dbc-8a0c-a3c2dbd1352c@group-0B273A698BB2-LeaderStateImpl
2024-04-28 12:44:25,275 [59f7e7ee-27c3-4dbc-8a0c-a3c2dbd1352c-impl-thread2] INFO  server.RaftServer$Division (RaftServerImpl.java:lambda$close$3(526)) - 59f7e7ee-27c3-4dbc-8a0c-a3c2dbd1352c@group-E75D70240EB6: shutdown
2024-04-28 12:44:25,275 [59f7e7ee-27c3-4dbc-8a0c-a3c2dbd1352c-impl-thread1] INFO  impl.PendingRequests (PendingRequests.java:sendNotLeaderResponses(289)) - 59f7e7ee-27c3-4dbc-8a0c-a3c2dbd1352c@group-0B273A698BB2-PendingRequests: sendNotLeaderResponses
2024-04-28 12:44:25,275 [Thread-2482] INFO  server.GrpcServerProtocolClient (GrpcServerProtocolClient.java:close(103)) - 0f39c21b-d5b1-40df-b9b4-e74314e680e2 Close channels
2024-04-28 12:44:25,276 [59f7e7ee-27c3-4dbc-8a0c-a3c2dbd1352c-impl-thread1] INFO  impl.StateMachineUpdater (StateMachineUpdater.java:stopAndJoin(157)) - 59f7e7ee-27c3-4dbc-8a0c-a3c2dbd1352c@group-0B273A698BB2-StateMachineUpdater: set stopIndex = 0
2024-04-28 12:44:25,276 [Thread-2484] INFO  server.GrpcServerProtocolClient (GrpcServerProtocolClient.java:close(103)) - bc7e9acf-0dfc-47a3-8dfb-4b83deb456d1 Close channels
2024-04-28 12:44:25,276 [ForkJoinPool.commonPool-worker-2] INFO  server.GrpcService (GrpcService.java:closeImpl(320)) - 59f7e7ee-27c3-4dbc-8a0c-a3c2dbd1352c: shutdown server org.apache.ratis.grpc.server.GrpcClientProtocolService successfully
2024-04-28 12:44:25,276 [ForkJoinPool.commonPool-worker-2] INFO  server.GrpcService (GrpcService.java:closeImpl(311)) - 59f7e7ee-27c3-4dbc-8a0c-a3c2dbd1352c: shutdown server GrpcServerProtocolService now
2024-04-28 12:44:25,277 [ForkJoinPool.commonPool-worker-2] INFO  server.GrpcService (GrpcService.java:closeImpl(320)) - 59f7e7ee-27c3-4dbc-8a0c-a3c2dbd1352c: shutdown server GrpcServerProtocolService successfully
2024-04-28 12:44:25,277 [ForkJoinPool.commonPool-worker-2] INFO  server.GrpcService (GrpcService.java:closeImpl(311)) - 59f7e7ee-27c3-4dbc-8a0c-a3c2dbd1352c: shutdown server org.apache.ratis.grpc.server.GrpcAdminProtocolService now
2024-04-28 12:44:25,275 [59f7e7ee-27c3-4dbc-8a0c-a3c2dbd1352c-impl-thread2] INFO  util.JmxRegister (JmxRegister.java:unregister(73)) - Successfully un-registered JMX Bean with object name Ratis:service=RaftServer,group=group-E75D70240EB6,id=59f7e7ee-27c3-4dbc-8a0c-a3c2dbd1352c
2024-04-28 12:44:25,277 [59f7e7ee-27c3-4dbc-8a0c-a3c2dbd1352c-impl-thread2] INFO  impl.RoleInfo (RoleInfo.java:shutdownFollowerState(110)) - 59f7e7ee-27c3-4dbc-8a0c-a3c2dbd1352c: shutdown 59f7e7ee-27c3-4dbc-8a0c-a3c2dbd1352c@group-E75D70240EB6-FollowerState
2024-04-28 12:44:25,277 [59f7e7ee-27c3-4dbc-8a0c-a3c2dbd1352c-impl-thread2] INFO  impl.StateMachineUpdater (StateMachineUpdater.java:stopAndJoin(157)) - 59f7e7ee-27c3-4dbc-8a0c-a3c2dbd1352c@group-E75D70240EB6-StateMachineUpdater: set stopIndex = 0
2024-04-28 12:44:25,276 [59f7e7ee-27c3-4dbc-8a0c-a3c2dbd1352c@group-0B273A698BB2-StateMachineUpdater] INFO  ratis.ContainerStateMachine (ContainerStateMachine.java:takeSnapshot(355)) - group-0B273A698BB2: Taking a snapshot at:(t:1, i:0) file /home/runner/work/ozone/ozone/hadoop-ozone/integration-test/target/test-dir/MiniOzoneClusterImpl-fb989876-9371-464e-b996-ece4d3fe3ecb/ozone-meta/datanode-7/ratis/4996bb12-ec0a-4d68-937c-0b273a698bb2/sm/snapshot.1_0
2024-04-28 12:44:25,277 [59f7e7ee-27c3-4dbc-8a0c-a3c2dbd1352c@group-E75D70240EB6-StateMachineUpdater] INFO  ratis.ContainerStateMachine (ContainerStateMachine.java:takeSnapshot(355)) - group-E75D70240EB6: Taking a snapshot at:(t:1, i:0) file /home/runner/work/ozone/ozone/hadoop-ozone/integration-test/target/test-dir/MiniOzoneClusterImpl-fb989876-9371-464e-b996-ece4d3fe3ecb/ozone-meta/datanode-7/ratis/3677031e-92e1-4d32-a29a-e75d70240eb6/sm/snapshot.1_0
2024-04-28 12:44:25,277 [59f7e7ee-27c3-4dbc-8a0c-a3c2dbd1352c@group-E75D70240EB6-FollowerState] INFO  impl.FollowerState (FollowerState.java:run(152)) - 59f7e7ee-27c3-4dbc-8a0c-a3c2dbd1352c@group-E75D70240EB6-FollowerState was interrupted
2024-04-28 12:44:25,278 [59f7e7ee-27c3-4dbc-8a0c-a3c2dbd1352c@group-0B273A698BB2-StateMachineUpdater] INFO  ratis.ContainerStateMachine (ContainerStateMachine.java:takeSnapshot(366)) - group-0B273A698BB2: Finished taking a snapshot at:(t:1, i:0) file:/home/runner/work/ozone/ozone/hadoop-ozone/integration-test/target/test-dir/MiniOzoneClusterImpl-fb989876-9371-464e-b996-ece4d3fe3ecb/ozone-meta/datanode-7/ratis/4996bb12-ec0a-4d68-937c-0b273a698bb2/sm/snapshot.1_0 took: 2 ms
2024-04-28 12:44:25,278 [59f7e7ee-27c3-4dbc-8a0c-a3c2dbd1352c@group-E75D70240EB6-StateMachineUpdater] INFO  ratis.ContainerStateMachine (ContainerStateMachine.java:takeSnapshot(366)) - group-E75D70240EB6: Finished taking a snapshot at:(t:1, i:0) file:/home/runner/work/ozone/ozone/hadoop-ozone/integration-test/target/test-dir/MiniOzoneClusterImpl-fb989876-9371-464e-b996-ece4d3fe3ecb/ozone-meta/datanode-7/ratis/3677031e-92e1-4d32-a29a-e75d70240eb6/sm/snapshot.1_0 took: 0 ms
2024-04-28 12:44:25,278 [59f7e7ee-27c3-4dbc-8a0c-a3c2dbd1352c@group-0B273A698BB2-StateMachineUpdater] INFO  impl.StateMachineUpdater (StateMachineUpdater.java:takeSnapshot(295)) - 59f7e7ee-27c3-4dbc-8a0c-a3c2dbd1352c@group-0B273A698BB2-StateMachineUpdater: Took a snapshot at index 0
2024-04-28 12:44:25,278 [59f7e7ee-27c3-4dbc-8a0c-a3c2dbd1352c@group-0B273A698BB2-StateMachineUpdater] INFO  impl.StateMachineUpdater (StateMachineUpdater.java:lambda$new$0(98)) - 59f7e7ee-27c3-4dbc-8a0c-a3c2dbd1352c@group-0B273A698BB2-StateMachineUpdater: snapshotIndex: updateIncreasingly -1 -> 0
2024-04-28 12:44:25,278 [ForkJoinPool.commonPool-worker-2] INFO  server.GrpcService (GrpcService.java:closeImpl(320)) - 59f7e7ee-27c3-4dbc-8a0c-a3c2dbd1352c: shutdown server org.apache.ratis.grpc.server.GrpcAdminProtocolService successfully
2024-04-28 12:44:25,279 [59f7e7ee-27c3-4dbc-8a0c-a3c2dbd1352c-impl-thread1] INFO  server.RaftServer$Division (ServerState.java:close(427)) - 59f7e7ee-27c3-4dbc-8a0c-a3c2dbd1352c@group-0B273A698BB2: applyIndex: 0
2024-04-28 12:44:25,279 [59f7e7ee-27c3-4dbc-8a0c-a3c2dbd1352c@group-0B273A698BB2-cacheEviction-AwaitToRun] INFO  util.AwaitToRun (AwaitToRun.java:run(49)) - 59f7e7ee-27c3-4dbc-8a0c-a3c2dbd1352c@group-0B273A698BB2-cacheEviction-AwaitToRun-AwaitForSignal is interrupted
2024-04-28 12:44:25,281 [59f7e7ee-27c3-4dbc-8a0c-a3c2dbd1352c-NettyServerStreamRpc-bossGroup--thread1] INFO  logging.LoggingHandler (AbstractInternalLogger.java:log(148)) - [id: 0xbfe493c7, L:/0.0.0.0:15158] CLOSE
2024-04-28 12:44:25,281 [59f7e7ee-27c3-4dbc-8a0c-a3c2dbd1352c-NettyServerStreamRpc-bossGroup--thread1] INFO  logging.LoggingHandler (AbstractInternalLogger.java:log(148)) - [id: 0xbfe493c7, L:/0.0.0.0:15158] INACTIVE
2024-04-28 12:44:25,282 [59f7e7ee-27c3-4dbc-8a0c-a3c2dbd1352c-NettyServerStreamRpc-bossGroup--thread1] INFO  logging.LoggingHandler (AbstractInternalLogger.java:log(148)) - [id: 0xbfe493c7, L:/0.0.0.0:15158] UNREGISTERED
2024-04-28 12:44:25,278 [59f7e7ee-27c3-4dbc-8a0c-a3c2dbd1352c@group-E75D70240EB6-StateMachineUpdater] INFO  impl.StateMachineUpdater (StateMachineUpdater.java:takeSnapshot(295)) - 59f7e7ee-27c3-4dbc-8a0c-a3c2dbd1352c@group-E75D70240EB6-StateMachineUpdater: Took a snapshot at index 0
2024-04-28 12:44:25,282 [59f7e7ee-27c3-4dbc-8a0c-a3c2dbd1352c@group-E75D70240EB6-StateMachineUpdater] INFO  impl.StateMachineUpdater (StateMachineUpdater.java:lambda$new$0(98)) - 59f7e7ee-27c3-4dbc-8a0c-a3c2dbd1352c@group-E75D70240EB6-StateMachineUpdater: snapshotIndex: updateIncreasingly -1 -> 0
2024-04-28 12:44:25,283 [59f7e7ee-27c3-4dbc-8a0c-a3c2dbd1352c-impl-thread2] INFO  server.RaftServer$Division (ServerState.java:close(427)) - 59f7e7ee-27c3-4dbc-8a0c-a3c2dbd1352c@group-E75D70240EB6: applyIndex: 0
2024-04-28 12:44:25,284 [59f7e7ee-27c3-4dbc-8a0c-a3c2dbd1352c@group-E75D70240EB6-cacheEviction-AwaitToRun] INFO  util.AwaitToRun (AwaitToRun.java:run(49)) - 59f7e7ee-27c3-4dbc-8a0c-a3c2dbd1352c@group-E75D70240EB6-cacheEviction-AwaitToRun-AwaitForSignal is interrupted
2024-04-28 12:44:25,586 [ForkJoinPool.commonPool-worker-3] INFO  utils.DatanodeStoreCache (DatanodeStoreCache.java:shutdownCache(116)) - Skip clearing cache in mini cluster mode. Entries left: [/home/runner/work/ozone/ozone/hadoop-ozone/integration-test/target/test-dir/MiniOzoneClusterImpl-fb989876-9371-464e-b996-ece4d3fe3ecb/ozone-meta/datanode-4/data-0/hdds/fb989876-9371-464e-b996-ece4d3fe3ecb/DS-d16afd8a-3f32-48ac-8e84-4b8c4b21e4ba/container.db, /home/runner/work/ozone/ozone/hadoop-ozone/integration-test/target/test-dir/MiniOzoneClusterImpl-fb989876-9371-464e-b996-ece4d3fe3ecb/ozone-meta/datanode-5/data-0/hdds/fb989876-9371-464e-b996-ece4d3fe3ecb/DS-41fa0899-e81b-4f8c-8d83-23608199a02e/container.db, /home/runner/work/ozone/ozone/hadoop-ozone/integration-test/target/test-dir/MiniOzoneClusterImpl-fb989876-9371-464e-b996-ece4d3fe3ecb/ozone-meta/datanode-6/data-0/hdds/fb989876-9371-464e-b996-ece4d3fe3ecb/DS-d4c992d0-2454-4154-ac60-ed36f2d24938/container.db, /home/runner/work/ozone/ozone/hadoop-ozone/integration-test/target/test-dir/MiniOzoneClusterImpl-fb989876-9371-464e-b996-ece4d3fe3ecb/ozone-meta/datanode-7/data-0/hdds/fb989876-9371-464e-b996-ece4d3fe3ecb/DS-03700e63-4553-424f-a6a9-07a749ac4bc5/container.db, /home/runner/work/ozone/ozone/hadoop-ozone/integration-test/target/test-dir/MiniOzoneClusterImpl-fb989876-9371-464e-b996-ece4d3fe3ecb/ozone-meta/datanode-9/data-0/hdds/fb989876-9371-464e-b996-ece4d3fe3ecb/DS-71dc244d-30ac-4301-9176-6306de09b30b/container.db]
2024-04-28 12:44:25,587 [ForkJoinPool.commonPool-worker-3] INFO  utils.DatanodeStoreCache (DatanodeStoreCache.java:removeDB(110)) - Removed db /home/runner/work/ozone/ozone/hadoop-ozone/integration-test/target/test-dir/MiniOzoneClusterImpl-fb989876-9371-464e-b996-ece4d3fe3ecb/ozone-meta/datanode-4/data-0/hdds/fb989876-9371-464e-b996-ece4d3fe3ecb/DS-d16afd8a-3f32-48ac-8e84-4b8c4b21e4ba/container.db from cache
2024-04-28 12:44:25,587 [ForkJoinPool.commonPool-worker-3] INFO  volume.HddsVolume (HddsVolume.java:closeDbStore(470)) - SchemaV3 db is stopped at /home/runner/work/ozone/ozone/hadoop-ozone/integration-test/target/test-dir/MiniOzoneClusterImpl-fb989876-9371-464e-b996-ece4d3fe3ecb/ozone-meta/datanode-4/data-0/hdds/fb989876-9371-464e-b996-ece4d3fe3ecb/DS-d16afd8a-3f32-48ac-8e84-4b8c4b21e4ba/container.db for volume DS-d16afd8a-3f32-48ac-8e84-4b8c4b21e4ba
2024-04-28 12:44:25,587 [ForkJoinPool.commonPool-worker-3] INFO  utils.BackgroundService (BackgroundService.java:shutdown(160)) - Shutting down service BlockDeletingService
2024-04-28 12:44:25,587 [ForkJoinPool.commonPool-worker-3] INFO  utils.BackgroundService (BackgroundService.java:shutdown(160)) - Shutting down service StaleRecoveringContainerScrubbingService
2024-04-28 12:44:25,588 [ForkJoinPool.commonPool-worker-3] INFO  statemachine.DatanodeStateMachine (DatanodeStateMachine.java:stopDaemon(638)) - Ozone container server stopped.
2024-04-28 12:44:25,588 [ForkJoinPool.commonPool-worker-3] INFO  handler.ContextHandler (ContextHandler.java:doStop(1159)) - Stopped o.e.j.w.WebAppContext@47df554d{hddsDatanode,/,null,STOPPED}{file:/home/runner/work/ozone/ozone/hadoop-hdds/container-service/target/classes/webapps/hddsDatanode}
2024-04-28 12:44:25,588 [ForkJoinPool.commonPool-worker-3] INFO  server.AbstractConnector (AbstractConnector.java:doStop(383)) - Stopped ServerConnector@413e4756{HTTP/1.1, (http/1.1)}{0.0.0.0:15125}
2024-04-28 12:44:25,589 [ForkJoinPool.commonPool-worker-3] INFO  server.session (HouseKeeper.java:stopScavenging(149)) - node0 Stopped scavenging
2024-04-28 12:44:25,589 [ForkJoinPool.commonPool-worker-3] INFO  handler.ContextHandler (ContextHandler.java:doStop(1159)) - Stopped o.e.j.s.ServletContextHandler@38d5f5d5{static,/static,file:///home/runner/work/ozone/ozone/hadoop-hdds/container-service/target/classes/webapps/static,STOPPED}
2024-04-28 12:44:25,589 [ForkJoinPool.commonPool-worker-3] INFO  handler.ContextHandler (ContextHandler.java:doStop(1159)) - Stopped o.e.j.s.ServletContextHandler@666b7ebe{logs,/logs,file:///home/runner/work/ozone/ozone/hadoop-ozone/integration-test/target/log,STOPPED}
2024-04-28 12:44:25,589 [ForkJoinPool.commonPool-worker-3] INFO  ozone.HddsDatanodeClientProtocolServer (HddsDatanodeClientProtocolServer.java:stop(83)) - Stopping the RPC server for Client Protocol
2024-04-28 12:44:25,589 [ForkJoinPool.commonPool-worker-3] INFO  ipc.Server (Server.java:stop(3523)) - Stopping server on 15126
2024-04-28 12:44:25,590 [IPC Server listener on 15126] INFO  ipc.Server (Server.java:run(1434)) - Stopping IPC Server listener on 15126
2024-04-28 12:44:25,590 [IPC Server Responder] INFO  ipc.Server (Server.java:run(1567)) - Stopping IPC Server Responder
2024-04-28 12:44:25,615 [main] INFO  utils.DatanodeStoreCache (DatanodeStoreCache.java:shutdownCache(116)) - Skip clearing cache in mini cluster mode. Entries left: [/home/runner/work/ozone/ozone/hadoop-ozone/integration-test/target/test-dir/MiniOzoneClusterImpl-fb989876-9371-464e-b996-ece4d3fe3ecb/ozone-meta/datanode-5/data-0/hdds/fb989876-9371-464e-b996-ece4d3fe3ecb/DS-41fa0899-e81b-4f8c-8d83-23608199a02e/container.db, /home/runner/work/ozone/ozone/hadoop-ozone/integration-test/target/test-dir/MiniOzoneClusterImpl-fb989876-9371-464e-b996-ece4d3fe3ecb/ozone-meta/datanode-6/data-0/hdds/fb989876-9371-464e-b996-ece4d3fe3ecb/DS-d4c992d0-2454-4154-ac60-ed36f2d24938/container.db, /home/runner/work/ozone/ozone/hadoop-ozone/integration-test/target/test-dir/MiniOzoneClusterImpl-fb989876-9371-464e-b996-ece4d3fe3ecb/ozone-meta/datanode-7/data-0/hdds/fb989876-9371-464e-b996-ece4d3fe3ecb/DS-03700e63-4553-424f-a6a9-07a749ac4bc5/container.db, /home/runner/work/ozone/ozone/hadoop-ozone/integration-test/target/test-dir/MiniOzoneClusterImpl-fb989876-9371-464e-b996-ece4d3fe3ecb/ozone-meta/datanode-9/data-0/hdds/fb989876-9371-464e-b996-ece4d3fe3ecb/DS-71dc244d-30ac-4301-9176-6306de09b30b/container.db]
2024-04-28 12:44:25,616 [ForkJoinPool.commonPool-worker-4] INFO  utils.DatanodeStoreCache (DatanodeStoreCache.java:shutdownCache(116)) - Skip clearing cache in mini cluster mode. Entries left: [/home/runner/work/ozone/ozone/hadoop-ozone/integration-test/target/test-dir/MiniOzoneClusterImpl-fb989876-9371-464e-b996-ece4d3fe3ecb/ozone-meta/datanode-5/data-0/hdds/fb989876-9371-464e-b996-ece4d3fe3ecb/DS-41fa0899-e81b-4f8c-8d83-23608199a02e/container.db, /home/runner/work/ozone/ozone/hadoop-ozone/integration-test/target/test-dir/MiniOzoneClusterImpl-fb989876-9371-464e-b996-ece4d3fe3ecb/ozone-meta/datanode-7/data-0/hdds/fb989876-9371-464e-b996-ece4d3fe3ecb/DS-03700e63-4553-424f-a6a9-07a749ac4bc5/container.db, /home/runner/work/ozone/ozone/hadoop-ozone/integration-test/target/test-dir/MiniOzoneClusterImpl-fb989876-9371-464e-b996-ece4d3fe3ecb/ozone-meta/datanode-9/data-0/hdds/fb989876-9371-464e-b996-ece4d3fe3ecb/DS-71dc244d-30ac-4301-9176-6306de09b30b/container.db]
2024-04-28 12:44:25,616 [main] INFO  utils.DatanodeStoreCache (DatanodeStoreCache.java:removeDB(110)) - Removed db /home/runner/work/ozone/ozone/hadoop-ozone/integration-test/target/test-dir/MiniOzoneClusterImpl-fb989876-9371-464e-b996-ece4d3fe3ecb/ozone-meta/datanode-6/data-0/hdds/fb989876-9371-464e-b996-ece4d3fe3ecb/DS-d4c992d0-2454-4154-ac60-ed36f2d24938/container.db from cache
2024-04-28 12:44:25,617 [main] INFO  volume.HddsVolume (HddsVolume.java:closeDbStore(470)) - SchemaV3 db is stopped at /home/runner/work/ozone/ozone/hadoop-ozone/integration-test/target/test-dir/MiniOzoneClusterImpl-fb989876-9371-464e-b996-ece4d3fe3ecb/ozone-meta/datanode-6/data-0/hdds/fb989876-9371-464e-b996-ece4d3fe3ecb/DS-d4c992d0-2454-4154-ac60-ed36f2d24938/container.db for volume DS-d4c992d0-2454-4154-ac60-ed36f2d24938
2024-04-28 12:44:25,617 [main] INFO  utils.BackgroundService (BackgroundService.java:shutdown(160)) - Shutting down service BlockDeletingService
2024-04-28 12:44:25,617 [ForkJoinPool.commonPool-worker-4] INFO  utils.DatanodeStoreCache (DatanodeStoreCache.java:removeDB(110)) - Removed db /home/runner/work/ozone/ozone/hadoop-ozone/integration-test/target/test-dir/MiniOzoneClusterImpl-fb989876-9371-464e-b996-ece4d3fe3ecb/ozone-meta/datanode-5/data-0/hdds/fb989876-9371-464e-b996-ece4d3fe3ecb/DS-41fa0899-e81b-4f8c-8d83-23608199a02e/container.db from cache
2024-04-28 12:44:25,617 [main] INFO  utils.BackgroundService (BackgroundService.java:shutdown(160)) - Shutting down service StaleRecoveringContainerScrubbingService
2024-04-28 12:44:25,617 [ForkJoinPool.commonPool-worker-4] INFO  volume.HddsVolume (HddsVolume.java:closeDbStore(470)) - SchemaV3 db is stopped at /home/runner/work/ozone/ozone/hadoop-ozone/integration-test/target/test-dir/MiniOzoneClusterImpl-fb989876-9371-464e-b996-ece4d3fe3ecb/ozone-meta/datanode-5/data-0/hdds/fb989876-9371-464e-b996-ece4d3fe3ecb/DS-41fa0899-e81b-4f8c-8d83-23608199a02e/container.db for volume DS-41fa0899-e81b-4f8c-8d83-23608199a02e
2024-04-28 12:44:25,617 [ForkJoinPool.commonPool-worker-4] INFO  utils.BackgroundService (BackgroundService.java:shutdown(160)) - Shutting down service BlockDeletingService
2024-04-28 12:44:25,618 [ForkJoinPool.commonPool-worker-4] INFO  utils.BackgroundService (BackgroundService.java:shutdown(160)) - Shutting down service StaleRecoveringContainerScrubbingService
2024-04-28 12:44:25,618 [main] INFO  statemachine.DatanodeStateMachine (DatanodeStateMachine.java:stopDaemon(638)) - Ozone container server stopped.
2024-04-28 12:44:25,618 [ForkJoinPool.commonPool-worker-4] INFO  statemachine.DatanodeStateMachine (DatanodeStateMachine.java:stopDaemon(638)) - Ozone container server stopped.
2024-04-28 12:44:25,618 [main] INFO  handler.ContextHandler (ContextHandler.java:doStop(1159)) - Stopped o.e.j.w.WebAppContext@37b6dedf{hddsDatanode,/,null,STOPPED}{file:/home/runner/work/ozone/ozone/hadoop-hdds/container-service/target/classes/webapps/hddsDatanode}
2024-04-28 12:44:25,618 [ForkJoinPool.commonPool-worker-4] INFO  handler.ContextHandler (ContextHandler.java:doStop(1159)) - Stopped o.e.j.w.WebAppContext@129294c3{hddsDatanode,/,null,STOPPED}{file:/home/runner/work/ozone/ozone/hadoop-hdds/container-service/target/classes/webapps/hddsDatanode}
2024-04-28 12:44:25,619 [main] INFO  server.AbstractConnector (AbstractConnector.java:doStop(383)) - Stopped ServerConnector@61a4a71c{HTTP/1.1, (http/1.1)}{0.0.0.0:15143}
2024-04-28 12:44:25,619 [main] INFO  server.session (HouseKeeper.java:stopScavenging(149)) - node0 Stopped scavenging
2024-04-28 12:44:25,619 [ForkJoinPool.commonPool-worker-4] INFO  server.AbstractConnector (AbstractConnector.java:doStop(383)) - Stopped ServerConnector@3ed1cff{HTTP/1.1, (http/1.1)}{0.0.0.0:15134}
2024-04-28 12:44:25,619 [main] INFO  handler.ContextHandler (ContextHandler.java:doStop(1159)) - Stopped o.e.j.s.ServletContextHandler@37cb41fa{static,/static,file:///home/runner/work/ozone/ozone/hadoop-hdds/container-service/target/classes/webapps/static,STOPPED}
2024-04-28 12:44:25,619 [ForkJoinPool.commonPool-worker-4] INFO  server.session (HouseKeeper.java:stopScavenging(149)) - node0 Stopped scavenging
2024-04-28 12:44:25,619 [main] INFO  handler.ContextHandler (ContextHandler.java:doStop(1159)) - Stopped o.e.j.s.ServletContextHandler@694b818f{logs,/logs,file:///home/runner/work/ozone/ozone/hadoop-ozone/integration-test/target/log,STOPPED}
2024-04-28 12:44:25,620 [ForkJoinPool.commonPool-worker-4] INFO  handler.ContextHandler (ContextHandler.java:doStop(1159)) - Stopped o.e.j.s.ServletContextHandler@74213bb4{static,/static,file:///home/runner/work/ozone/ozone/hadoop-hdds/container-service/target/classes/webapps/static,STOPPED}
2024-04-28 12:44:25,620 [ForkJoinPool.commonPool-worker-4] INFO  handler.ContextHandler (ContextHandler.java:doStop(1159)) - Stopped o.e.j.s.ServletContextHandler@483381ea{logs,/logs,file:///home/runner/work/ozone/ozone/hadoop-ozone/integration-test/target/log,STOPPED}
2024-04-28 12:44:25,620 [main] INFO  ozone.HddsDatanodeClientProtocolServer (HddsDatanodeClientProtocolServer.java:stop(83)) - Stopping the RPC server for Client Protocol
2024-04-28 12:44:25,620 [main] INFO  ipc.Server (Server.java:stop(3523)) - Stopping server on 15144
2024-04-28 12:44:25,620 [ForkJoinPool.commonPool-worker-4] INFO  ozone.HddsDatanodeClientProtocolServer (HddsDatanodeClientProtocolServer.java:stop(83)) - Stopping the RPC server for Client Protocol
2024-04-28 12:44:25,621 [ForkJoinPool.commonPool-worker-4] INFO  ipc.Server (Server.java:stop(3523)) - Stopping server on 15135
2024-04-28 12:44:25,621 [IPC Server listener on 15135] INFO  ipc.Server (Server.java:run(1434)) - Stopping IPC Server listener on 15135
2024-04-28 12:44:25,621 [IPC Server Responder] INFO  ipc.Server (Server.java:run(1567)) - Stopping IPC Server Responder
2024-04-28 12:44:25,621 [IPC Server listener on 15144] INFO  ipc.Server (Server.java:run(1434)) - Stopping IPC Server listener on 15144
2024-04-28 12:44:25,621 [IPC Server Responder] INFO  ipc.Server (Server.java:run(1567)) - Stopping IPC Server Responder
2024-04-28 12:44:25,816 [bc7e9acf-0dfc-47a3-8dfb-4b83deb456d1-impl-thread1] INFO  segmented.SegmentedRaftLogWorker (SegmentedRaftLogWorker.java:close(245)) - bc7e9acf-0dfc-47a3-8dfb-4b83deb456d1@group-E55755602824-SegmentedRaftLogWorker close()
2024-04-28 12:44:25,826 [59f7e7ee-27c3-4dbc-8a0c-a3c2dbd1352c-impl-thread1] INFO  segmented.SegmentedRaftLogWorker (SegmentedRaftLogWorker.java:close(245)) - 59f7e7ee-27c3-4dbc-8a0c-a3c2dbd1352c@group-0B273A698BB2-SegmentedRaftLogWorker close()
2024-04-28 12:44:25,879 [bc7e9acf-0dfc-47a3-8dfb-4b83deb456d1-impl-thread2] INFO  segmented.SegmentedRaftLogWorker (SegmentedRaftLogWorker.java:close(245)) - bc7e9acf-0dfc-47a3-8dfb-4b83deb456d1@group-E75D70240EB6-SegmentedRaftLogWorker close()
2024-04-28 12:44:25,879 [JvmPauseMonitor21] INFO  util.JvmPauseMonitor (JvmPauseMonitor.java:run(152)) - JvmPauseMonitor-bc7e9acf-0dfc-47a3-8dfb-4b83deb456d1: Stopped
2024-04-28 12:44:25,895 [59f7e7ee-27c3-4dbc-8a0c-a3c2dbd1352c-impl-thread2] INFO  segmented.SegmentedRaftLogWorker (SegmentedRaftLogWorker.java:close(245)) - 59f7e7ee-27c3-4dbc-8a0c-a3c2dbd1352c@group-E75D70240EB6-SegmentedRaftLogWorker close()
2024-04-28 12:44:25,895 [JvmPauseMonitor19] INFO  util.JvmPauseMonitor (JvmPauseMonitor.java:run(152)) - JvmPauseMonitor-59f7e7ee-27c3-4dbc-8a0c-a3c2dbd1352c: Stopped
2024-04-28 12:44:27,804 [timer7] WARN  server.GrpcLogAppender (LogUtils.java:warn(121)) - bc7e9acf-0dfc-47a3-8dfb-4b83deb456d1@group-E75D70240EB6->0f39c21b-d5b1-40df-b9b4-e74314e680e2-AppendLogResponseHandler: Failed appendEntries (Repeated 4 times in the last 5.000s): org.apache.ratis.thirdparty.io.grpc.StatusRuntimeException: UNAVAILABLE: io exception
2024-04-28 12:44:27,804 [timer0] WARN  server.GrpcLogAppender (GrpcLogAppender.java:lambda$resetClient$1(217)) - bc7e9acf-0dfc-47a3-8dfb-4b83deb456d1@group-E75D70240EB6->0f39c21b-d5b1-40df-b9b4-e74314e680e2-GrpcLogAppender: Follower failed (request=null, errorCount=4); keep nextIndex (1) unchanged and retry. (Repeated 4 times in the last 5.000s)
2024-04-28 12:44:27,881 [ForkJoinPool.commonPool-worker-1] INFO  utils.DatanodeStoreCache (DatanodeStoreCache.java:shutdownCache(116)) - Skip clearing cache in mini cluster mode. Entries left: [/home/runner/work/ozone/ozone/hadoop-ozone/integration-test/target/test-dir/MiniOzoneClusterImpl-fb989876-9371-464e-b996-ece4d3fe3ecb/ozone-meta/datanode-7/data-0/hdds/fb989876-9371-464e-b996-ece4d3fe3ecb/DS-03700e63-4553-424f-a6a9-07a749ac4bc5/container.db, /home/runner/work/ozone/ozone/hadoop-ozone/integration-test/target/test-dir/MiniOzoneClusterImpl-fb989876-9371-464e-b996-ece4d3fe3ecb/ozone-meta/datanode-9/data-0/hdds/fb989876-9371-464e-b996-ece4d3fe3ecb/DS-71dc244d-30ac-4301-9176-6306de09b30b/container.db]
2024-04-28 12:44:27,882 [ForkJoinPool.commonPool-worker-1] INFO  utils.DatanodeStoreCache (DatanodeStoreCache.java:removeDB(110)) - Removed db /home/runner/work/ozone/ozone/hadoop-ozone/integration-test/target/test-dir/MiniOzoneClusterImpl-fb989876-9371-464e-b996-ece4d3fe3ecb/ozone-meta/datanode-9/data-0/hdds/fb989876-9371-464e-b996-ece4d3fe3ecb/DS-71dc244d-30ac-4301-9176-6306de09b30b/container.db from cache
2024-04-28 12:44:27,882 [ForkJoinPool.commonPool-worker-1] INFO  volume.HddsVolume (HddsVolume.java:closeDbStore(470)) - SchemaV3 db is stopped at /home/runner/work/ozone/ozone/hadoop-ozone/integration-test/target/test-dir/MiniOzoneClusterImpl-fb989876-9371-464e-b996-ece4d3fe3ecb/ozone-meta/datanode-9/data-0/hdds/fb989876-9371-464e-b996-ece4d3fe3ecb/DS-71dc244d-30ac-4301-9176-6306de09b30b/container.db for volume DS-71dc244d-30ac-4301-9176-6306de09b30b
2024-04-28 12:44:27,882 [ForkJoinPool.commonPool-worker-1] INFO  utils.BackgroundService (BackgroundService.java:shutdown(160)) - Shutting down service BlockDeletingService
2024-04-28 12:44:27,883 [ForkJoinPool.commonPool-worker-1] INFO  utils.BackgroundService (BackgroundService.java:shutdown(160)) - Shutting down service StaleRecoveringContainerScrubbingService
2024-04-28 12:44:27,884 [ForkJoinPool.commonPool-worker-1] INFO  statemachine.DatanodeStateMachine (DatanodeStateMachine.java:stopDaemon(638)) - Ozone container server stopped.
2024-04-28 12:44:27,885 [ForkJoinPool.commonPool-worker-1] INFO  handler.ContextHandler (ContextHandler.java:doStop(1159)) - Stopped o.e.j.w.WebAppContext@7a0daf3d{hddsDatanode,/,null,STOPPED}{file:/home/runner/work/ozone/ozone/hadoop-hdds/container-service/target/classes/webapps/hddsDatanode}
2024-04-28 12:44:27,885 [ForkJoinPool.commonPool-worker-1] INFO  server.AbstractConnector (AbstractConnector.java:doStop(383)) - Stopped ServerConnector@1a19d0be{HTTP/1.1, (http/1.1)}{0.0.0.0:15170}
2024-04-28 12:44:27,885 [ForkJoinPool.commonPool-worker-1] INFO  server.session (HouseKeeper.java:stopScavenging(149)) - node0 Stopped scavenging
2024-04-28 12:44:27,885 [ForkJoinPool.commonPool-worker-1] INFO  handler.ContextHandler (ContextHandler.java:doStop(1159)) - Stopped o.e.j.s.ServletContextHandler@6bfe7897{static,/static,file:///home/runner/work/ozone/ozone/hadoop-hdds/container-service/target/classes/webapps/static,STOPPED}
2024-04-28 12:44:27,885 [ForkJoinPool.commonPool-worker-1] INFO  handler.ContextHandler (ContextHandler.java:doStop(1159)) - Stopped o.e.j.s.ServletContextHandler@7a21e1d4{logs,/logs,file:///home/runner/work/ozone/ozone/hadoop-ozone/integration-test/target/log,STOPPED}
2024-04-28 12:44:27,886 [ForkJoinPool.commonPool-worker-1] INFO  ozone.HddsDatanodeClientProtocolServer (HddsDatanodeClientProtocolServer.java:stop(83)) - Stopping the RPC server for Client Protocol
2024-04-28 12:44:27,886 [ForkJoinPool.commonPool-worker-1] INFO  ipc.Server (Server.java:stop(3523)) - Stopping server on 15171
2024-04-28 12:44:27,886 [IPC Server listener on 15171] INFO  ipc.Server (Server.java:run(1434)) - Stopping IPC Server listener on 15171
2024-04-28 12:44:27,886 [IPC Server Responder] INFO  ipc.Server (Server.java:run(1567)) - Stopping IPC Server Responder
2024-04-28 12:44:27,897 [ForkJoinPool.commonPool-worker-2] INFO  utils.DatanodeStoreCache (DatanodeStoreCache.java:shutdownCache(116)) - Skip clearing cache in mini cluster mode. Entries left: [/home/runner/work/ozone/ozone/hadoop-ozone/integration-test/target/test-dir/MiniOzoneClusterImpl-fb989876-9371-464e-b996-ece4d3fe3ecb/ozone-meta/datanode-7/data-0/hdds/fb989876-9371-464e-b996-ece4d3fe3ecb/DS-03700e63-4553-424f-a6a9-07a749ac4bc5/container.db]
2024-04-28 12:44:27,898 [ForkJoinPool.commonPool-worker-2] INFO  utils.DatanodeStoreCache (DatanodeStoreCache.java:removeDB(110)) - Removed db /home/runner/work/ozone/ozone/hadoop-ozone/integration-test/target/test-dir/MiniOzoneClusterImpl-fb989876-9371-464e-b996-ece4d3fe3ecb/ozone-meta/datanode-7/data-0/hdds/fb989876-9371-464e-b996-ece4d3fe3ecb/DS-03700e63-4553-424f-a6a9-07a749ac4bc5/container.db from cache
2024-04-28 12:44:27,898 [ForkJoinPool.commonPool-worker-2] INFO  volume.HddsVolume (HddsVolume.java:closeDbStore(470)) - SchemaV3 db is stopped at /home/runner/work/ozone/ozone/hadoop-ozone/integration-test/target/test-dir/MiniOzoneClusterImpl-fb989876-9371-464e-b996-ece4d3fe3ecb/ozone-meta/datanode-7/data-0/hdds/fb989876-9371-464e-b996-ece4d3fe3ecb/DS-03700e63-4553-424f-a6a9-07a749ac4bc5/container.db for volume DS-03700e63-4553-424f-a6a9-07a749ac4bc5
2024-04-28 12:44:27,898 [ForkJoinPool.commonPool-worker-2] INFO  utils.BackgroundService (BackgroundService.java:shutdown(160)) - Shutting down service BlockDeletingService
2024-04-28 12:44:27,898 [ForkJoinPool.commonPool-worker-2] INFO  utils.BackgroundService (BackgroundService.java:shutdown(160)) - Shutting down service StaleRecoveringContainerScrubbingService
2024-04-28 12:44:27,899 [ForkJoinPool.commonPool-worker-2] INFO  statemachine.DatanodeStateMachine (DatanodeStateMachine.java:stopDaemon(638)) - Ozone container server stopped.
2024-04-28 12:44:27,899 [ForkJoinPool.commonPool-worker-2] INFO  handler.ContextHandler (ContextHandler.java:doStop(1159)) - Stopped o.e.j.w.WebAppContext@78828aca{hddsDatanode,/,null,STOPPED}{file:/home/runner/work/ozone/ozone/hadoop-hdds/container-service/target/classes/webapps/hddsDatanode}
2024-04-28 12:44:27,899 [ForkJoinPool.commonPool-worker-2] INFO  server.AbstractConnector (AbstractConnector.java:doStop(383)) - Stopped ServerConnector@28d9bd86{HTTP/1.1, (http/1.1)}{0.0.0.0:15152}
2024-04-28 12:44:27,899 [ForkJoinPool.commonPool-worker-2] INFO  server.session (HouseKeeper.java:stopScavenging(149)) - node0 Stopped scavenging
2024-04-28 12:44:27,899 [ForkJoinPool.commonPool-worker-2] INFO  handler.ContextHandler (ContextHandler.java:doStop(1159)) - Stopped o.e.j.s.ServletContextHandler@7023e935{static,/static,file:///home/runner/work/ozone/ozone/hadoop-hdds/container-service/target/classes/webapps/static,STOPPED}
2024-04-28 12:44:27,900 [ForkJoinPool.commonPool-worker-2] INFO  handler.ContextHandler (ContextHandler.java:doStop(1159)) - Stopped o.e.j.s.ServletContextHandler@37601089{logs,/logs,file:///home/runner/work/ozone/ozone/hadoop-ozone/integration-test/target/log,STOPPED}
2024-04-28 12:44:27,900 [ForkJoinPool.commonPool-worker-2] INFO  ozone.HddsDatanodeClientProtocolServer (HddsDatanodeClientProtocolServer.java:stop(83)) - Stopping the RPC server for Client Protocol
2024-04-28 12:44:27,900 [ForkJoinPool.commonPool-worker-2] INFO  ipc.Server (Server.java:stop(3523)) - Stopping server on 15153
2024-04-28 12:44:27,900 [IPC Server listener on 15153] INFO  ipc.Server (Server.java:run(1434)) - Stopping IPC Server listener on 15153
2024-04-28 12:44:27,900 [IPC Server Responder] INFO  ipc.Server (Server.java:run(1567)) - Stopping IPC Server Responder
2024-04-28 12:44:27,901 [main] INFO  ozone.MiniOzoneClusterImpl (MiniOzoneClusterImpl.java:stopSCM(486)) - Stopping the StorageContainerManager
2024-04-28 12:44:27,901 [main] INFO  server.StorageContainerManager (StorageContainerManager.java:stop(1653)) - Container Balancer is not running.
2024-04-28 12:44:27,901 [main] INFO  server.StorageContainerManager (StorageContainerManager.java:stopReplicationManager(1786)) - Stopping Replication Manager Service.
2024-04-28 12:44:27,901 [main] INFO  replication.ReplicationManager (ReplicationManager.java:stop(329)) - Stopping Replication Monitor Thread.
2024-04-28 12:44:27,901 [main] INFO  server.StorageContainerManager (StorageContainerManager.java:stop(1662)) - Stopping the Datanode Admin Monitor.
2024-04-28 12:44:27,901 [OverReplicatedProcessor] WARN  replication.UnhealthyReplicationProcessor (UnhealthyReplicationProcessor.java:run(180)) - OverReplicatedProcessor interrupted. Exiting...
2024-04-28 12:44:27,901 [ReplicationMonitor] INFO  replication.ReplicationManager (ReplicationManager.java:run(936)) - Replication Monitor Thread is stopped
2024-04-28 12:44:27,901 [UnderReplicatedProcessor] WARN  replication.UnhealthyReplicationProcessor (UnhealthyReplicationProcessor.java:run(180)) - UnderReplicatedProcessor interrupted. Exiting...
2024-04-28 12:44:27,901 [main] INFO  server.StorageContainerManager (StorageContainerManager.java:stop(1669)) - Stopping datanode service RPC server
2024-04-28 12:44:27,902 [main] INFO  server.SCMDatanodeProtocolServer (SCMDatanodeProtocolServer.java:stop(425)) - Stopping the RPC server for DataNodes
2024-04-28 12:44:27,902 [main] INFO  ipc.Server (Server.java:stop(3523)) - Stopping server on 15091
2024-04-28 12:44:27,903 [IPC Server Responder] INFO  ipc.Server (Server.java:run(1567)) - Stopping IPC Server Responder
2024-04-28 12:44:27,903 [IPC Server listener on 15091] INFO  ipc.Server (Server.java:run(1434)) - Stopping IPC Server listener on 15091
2024-04-28 12:44:27,906 [SCMHeartbeatProcessor-0] WARN  node.NodeStateManager (NodeStateManager.java:scheduleNextHealthCheck(878)) - Current Thread is interrupted, shutting down HB processing thread for Node Manager.
2024-04-28 12:44:27,906 [main] INFO  server.StorageContainerManager (StorageContainerManager.java:stop(1677)) - Stopping block service RPC server
2024-04-28 12:44:27,906 [main] INFO  server.SCMBlockProtocolServer (SCMBlockProtocolServer.java:stop(171)) - Stopping the RPC server for Block Protocol
2024-04-28 12:44:27,907 [main] INFO  ipc.Server (Server.java:stop(3523)) - Stopping server on 15090
2024-04-28 12:44:27,907 [IPC Server listener on 15090] INFO  ipc.Server (Server.java:run(1434)) - Stopping IPC Server listener on 15090
2024-04-28 12:44:27,908 [IPC Server Responder] INFO  ipc.Server (Server.java:run(1567)) - Stopping IPC Server Responder
2024-04-28 12:44:27,908 [main] INFO  server.StorageContainerManager (StorageContainerManager.java:stop(1684)) - Stopping the StorageContainerLocationProtocol RPC server
2024-04-28 12:44:27,908 [main] INFO  server.SCMClientProtocolServer (SCMClientProtocolServer.java:stop(213)) - Stopping the RPC server for Client Protocol
2024-04-28 12:44:27,908 [main] INFO  ipc.Server (Server.java:stop(3523)) - Stopping server on 15089
2024-04-28 12:44:27,912 [IPC Server listener on 15089] INFO  ipc.Server (Server.java:run(1434)) - Stopping IPC Server listener on 15089
2024-04-28 12:44:27,912 [IPC Server Responder] INFO  ipc.Server (Server.java:run(1567)) - Stopping IPC Server Responder
2024-04-28 12:44:27,912 [main] INFO  server.StorageContainerManager (StorageContainerManager.java:stop(1691)) - Stopping Storage Container Manager HTTP server.
2024-04-28 12:44:27,913 [main] INFO  handler.ContextHandler (ContextHandler.java:doStop(1159)) - Stopped o.e.j.w.WebAppContext@1e1424e9{scm,/,null,STOPPED}{file:/home/runner/work/ozone/ozone/hadoop-ozone/integration-test/target/test-classes/webapps/scm}
2024-04-28 12:44:27,914 [main] INFO  server.AbstractConnector (AbstractConnector.java:doStop(383)) - Stopped ServerConnector@11757914{HTTP/1.1, (http/1.1)}{0.0.0.0:15092}
2024-04-28 12:44:27,915 [main] INFO  server.session (HouseKeeper.java:stopScavenging(149)) - node0 Stopped scavenging
2024-04-28 12:44:27,915 [main] INFO  handler.ContextHandler (ContextHandler.java:doStop(1159)) - Stopped o.e.j.s.ServletContextHandler@22be8211{static,/static,file:///home/runner/work/ozone/ozone/hadoop-ozone/integration-test/target/test-classes/webapps/static,STOPPED}
2024-04-28 12:44:27,915 [main] INFO  handler.ContextHandler (ContextHandler.java:doStop(1159)) - Stopped o.e.j.s.ServletContextHandler@8d95ac8{logs,/logs,file:///home/runner/work/ozone/ozone/hadoop-ozone/integration-test/target/log,STOPPED}
2024-04-28 12:44:27,916 [main] INFO  server.StorageContainerManager (StorageContainerManager.java:stop(1699)) - Stopping SCM LayoutVersionManager Service.
2024-04-28 12:44:27,916 [main] INFO  server.StorageContainerManager (StorageContainerManager.java:stop(1711)) - Stopping Block Manager Service.
2024-04-28 12:44:27,916 [main] INFO  utils.BackgroundService (BackgroundService.java:shutdown(160)) - Shutting down service SCMBlockDeletingService
2024-04-28 12:44:27,916 [main] INFO  utils.BackgroundService (BackgroundService.java:shutdown(160)) - Shutting down service SCMBlockDeletingService
2024-04-28 12:44:27,916 [main] INFO  server.StorageContainerManager (StorageContainerManager.java:stop(1731)) - Stopping SCM Event Queue.
2024-04-28 12:44:27,917 [JvmPauseMonitor11] INFO  util.JvmPauseMonitor (JvmPauseMonitor.java:run(152)) - JvmPauseMonitor-adbe2d4a-0ce6-49f3-a8c9-a30e277d39d0: Stopped
2024-04-28 12:44:27,917 [main] INFO  server.StorageContainerManager (StorageContainerManager.java:stop(1742)) - Stopping SCM HA services.
2024-04-28 12:44:27,917 [main] INFO  pipeline.BackgroundPipelineCreator (BackgroundPipelineCreator.java:stop(152)) - Stopping RatisPipelineUtilsThread.
2024-04-28 12:44:27,918 [RatisPipelineUtilsThread-0] WARN  pipeline.BackgroundPipelineCreator (BackgroundPipelineCreator.java:run(183)) - RatisPipelineUtilsThread is interrupted.
2024-04-28 12:44:27,918 [BackgroundPipelineScrubber] WARN  BackgroundPipelineScrubber (BackgroundSCMService.java:run(112)) - BackgroundPipelineScrubber is interrupted, exit
2024-04-28 12:44:27,918 [main] INFO  BackgroundPipelineScrubber (BackgroundSCMService.java:stop(128)) - Stopping BackgroundPipelineScrubber Service.
2024-04-28 12:44:27,919 [main] INFO  impl.MetricsSystemImpl (MetricsSystemImpl.java:stop(210)) - Stopping HddsDatanode metrics system...
2024-04-28 12:44:27,921 [prometheus] INFO  impl.MetricsSinkAdapter (MetricsSinkAdapter.java:publishMetricsFromQueue(141)) - prometheus thread interrupted.
2024-04-28 12:44:27,921 [main] INFO  impl.MetricsSystemImpl (MetricsSystemImpl.java:stop(216)) - HddsDatanode metrics system stopped.
2024-04-28 12:44:27,921 [main] WARN  pipeline.BackgroundPipelineCreator (BackgroundPipelineCreator.java:stop(148)) - RatisPipelineUtilsThread is not running, just ignore.
2024-04-28 12:44:27,922 [main] INFO  BackgroundPipelineScrubber (BackgroundSCMService.java:stop(123)) - BackgroundPipelineScrubber Service is not running, skip stop.
2024-04-28 12:44:27,923 [ExpiredContainerReplicaOpScrubber] WARN  ExpiredContainerReplicaOpScrubber (BackgroundSCMService.java:run(112)) - ExpiredContainerReplicaOpScrubber is interrupted, exit
2024-04-28 12:44:27,924 [main] INFO  ExpiredContainerReplicaOpScrubber (BackgroundSCMService.java:stop(128)) - Stopping ExpiredContainerReplicaOpScrubber Service.
2024-04-28 12:44:27,924 [main] INFO  utils.BackgroundService (BackgroundService.java:shutdown(160)) - Shutting down service SCMBlockDeletingService
2024-04-28 12:44:27,924 [main] INFO  replication.ReplicationManager (ReplicationManager.java:stop(339)) - Replication Monitor Thread is not running.
2024-04-28 12:44:27,924 [main] WARN  balancer.ContainerBalancer (ContainerBalancer.java:stop(327)) - Cannot stop Container Balancer because it's not running or stopping
2024-04-28 12:44:27,925 [main] INFO  server.StorageContainerManager (StorageContainerManager.java:stop(1777)) - Stopping SCM MetadataStore.
]]></system-out>
    </flakyFailure>
    <flakyFailure type="java.lang.AssertionError">
      <stackTrace><![CDATA[java.lang.AssertionError: 

Expecting:
 <"org.apache.ratis.protocol.exceptions.RaftRetryFailureException: Failed RaftClientRequest:client-CC09737D8326->a004c341-03e6-4aa5-a556-61598c35a019@group-95D7CE87CC4E, cid=77, seq=null, Watch-MAJORITY_COMMITTED(42), null for 3 attempts with RequestTypeDependentRetryPolicy{WRITE->ExceptionDependentRetry(maxAttempts=2147483647; defaultPolicy=MultipleLinearRandomRetry[5x5s, 5x10s, 5x15s, 5x20s, 5x25s, 10x60s]; map={org.apache.ratis.protocol.exceptions.GroupMismatchException->NoRetry, org.apache.ratis.protocol.exceptions.NotReplicatedException->NoRetry, org.apache.ratis.protocol.exceptions.ResourceUnavailableException->org.apache.ratis.retry.ExponentialBackoffRetry@993b138, org.apache.ratis.protocol.exceptions.StateMachineException->NoRetry, org.apache.ratis.protocol.exceptions.TimeoutIOException->org.apache.ratis.retry.ExponentialBackoffRetry@993b138}), WATCH->ExceptionDependentRetry(maxAttempts=2147483647; defaultPolicy=MultipleLinearRandomRetry[5x5s, 5x10s, 5x15s, 5x20s, 5x25s, 10x60s]; map={org.apache.ratis.protocol.exceptions.GroupMismatchException->NoRetry, org.apache.ratis.protocol.exceptions.NotReplicatedException->NoRetry, org.apache.ratis.protocol.exceptions.ResourceUnavailableException->org.apache.ratis.retry.ExponentialBackoffRetry@993b138, org.apache.ratis.protocol.exceptions.StateMachineException->NoRetry, org.apache.ratis.protocol.exceptions.TimeoutIOException->NoRetry})}">
not to contain:
 <"Watch-MAJORITY_COMMITTED">

	at org.apache.hadoop.ozone.client.rpc.TestWatchForCommit.testWatchForCommitForRetryfailure(TestWatchForCommit.java:295)
	at java.base/java.lang.reflect.Method.invoke(Method.java:568)
	at java.base/java.util.ArrayList.forEach(ArrayList.java:1511)
	at java.base/java.util.ArrayList.forEach(ArrayList.java:1511)
]]></stackTrace>
      <system-out><![CDATA[2024-04-28 12:45:23,251 [main] WARN  server.ServerUtils (ServerUtils.java:getScmDbDir(143)) - ozone.scm.db.dirs is not configured. We recommend adding this setting. Falling back to ozone.metadata.dirs instead.
2024-04-28 12:45:23,254 [main] WARN  server.ServerUtils (ServerUtils.java:getScmDbDir(143)) - ozone.scm.db.dirs is not configured. We recommend adding this setting. Falling back to ozone.metadata.dirs instead.
2024-04-28 12:45:23,254 [main] INFO  ha.SCMHANodeDetails (SCMHANodeDetails.java:loadSCMHAConfig(207)) - ServiceID for StorageContainerManager is null
2024-04-28 12:45:23,255 [main] INFO  ha.SCMHANodeDetails (SCMHANodeDetails.java:loadSCMHAConfig(212)) - ozone.scm.default.service.id is not defined, falling back to ozone.scm.service.ids to find serviceID for StorageContainerManager if it is HA enabled cluster
2024-04-28 12:45:23,255 [main] WARN  utils.HAUtils (HAUtils.java:getMetaDir(339)) - ozone.scm.db.dirs is not configured. We recommend adding this setting. Falling back to ozone.metadata.dirs instead.
2024-04-28 12:45:23,255 [main] WARN  db.DBStoreBuilder (DBStoreBuilder.java:applyDBDefinition(171)) - ozone.scm.db.dirs is not configured. We recommend adding this setting. Falling back to ozone.metadata.dirs instead.
2024-04-28 12:45:23,326 [main] INFO  net.NodeSchemaLoader (NodeSchemaLoader.java:loadSchemaFromFile(129)) - Loading schema from [file:/home/runner/work/ozone/ozone/hadoop-hdds/common/target/classes/network-topology-default.xml]
2024-04-28 12:45:23,326 [main] INFO  net.NodeSchemaLoader (NodeSchemaLoader.java:loadSchema(176)) - Loading network topology layer schema file
2024-04-28 12:45:23,329 [main] INFO  upgrade.AbstractLayoutVersionManager (AbstractLayoutVersionManager.java:init(83)) - Initializing Layout version manager with metadata layout = HADOOP_PRC_PORTS_IN_DATANODEDETAILS (version = 7), software layout = HADOOP_PRC_PORTS_IN_DATANODEDETAILS (version = 7)
2024-04-28 12:45:23,330 [main] INFO  ha.SequenceIdGenerator (SequenceIdGenerator.java:upgradeToSequenceId(370)) - upgrade localId to 113750153625600000
2024-04-28 12:45:23,331 [main] INFO  ha.SequenceIdGenerator (SequenceIdGenerator.java:upgradeToSequenceId(380)) - upgrade delTxnId to 0
2024-04-28 12:45:23,332 [main] INFO  ha.SequenceIdGenerator (SequenceIdGenerator.java:upgradeToSequenceId(397)) - upgrade containerId to 0
2024-04-28 12:45:23,333 [main] INFO  ha.SequenceIdGenerator (SequenceIdGenerator.java:upgradeToCertificateSequenceId(444)) - upgrade CertificateId to 2
2024-04-28 12:45:23,333 [main] INFO  ha.SequenceIdGenerator (SequenceIdGenerator.java:<init>(241)) - Init the HA SequenceIdGenerator.
2024-04-28 12:45:23,334 [main] INFO  node.SCMNodeManager (SCMNodeManager.java:<init>(177)) - Entering startup safe mode.
2024-04-28 12:45:23,334 [main] INFO  algorithms.ContainerPlacementPolicyFactory (ContainerPlacementPolicyFactory.java:getPolicyInternal(86)) - Create container placement policy of type org.apache.hadoop.hdds.scm.container.placement.algorithms.SCMContainerPlacementRackAware
2024-04-28 12:45:23,334 [main] INFO  algorithms.ContainerPlacementPolicyFactory (ContainerPlacementPolicyFactory.java:getPolicyInternal(86)) - Create container placement policy of type org.apache.hadoop.hdds.scm.container.placement.algorithms.SCMContainerPlacementRackScatter
2024-04-28 12:45:23,334 [main] INFO  pipeline.PipelineStateManagerImpl (PipelineStateManagerImpl.java:initialize(78)) - No pipeline exists in current db
2024-04-28 12:45:23,334 [main] INFO  algorithms.LeaderChoosePolicyFactory (LeaderChoosePolicyFactory.java:getPolicy(57)) - Create leader choose policy of type org.apache.hadoop.hdds.scm.pipeline.leader.choose.algorithms.MinLeaderCountChoosePolicy
2024-04-28 12:45:23,335 [main] INFO  algorithms.ContainerPlacementPolicyFactory (ContainerPlacementPolicyFactory.java:getPolicyInternal(86)) - Create container placement policy of type org.apache.hadoop.hdds.scm.container.placement.algorithms.SCMContainerPlacementRackScatter
2024-04-28 12:45:23,335 [main] INFO  ha.SCMServiceManager (SCMServiceManager.java:register(42)) - Registering service BackgroundPipelineCreator.
2024-04-28 12:45:23,335 [main] INFO  pipeline.BackgroundPipelineCreator (BackgroundPipelineCreator.java:start(127)) - Starting RatisPipelineUtilsThread.
2024-04-28 12:45:23,335 [main] INFO  BackgroundPipelineScrubber (BackgroundSCMService.java:start(65)) - Starting BackgroundPipelineScrubber Service.
2024-04-28 12:45:23,335 [main] INFO  ha.SCMServiceManager (SCMServiceManager.java:register(42)) - Registering service BackgroundPipelineScrubber.
2024-04-28 12:45:23,335 [main] INFO  ExpiredContainerReplicaOpScrubber (BackgroundSCMService.java:start(65)) - Starting ExpiredContainerReplicaOpScrubber Service.
2024-04-28 12:45:23,336 [main] INFO  ha.SCMServiceManager (SCMServiceManager.java:register(42)) - Registering service ExpiredContainerReplicaOpScrubber.
2024-04-28 12:45:23,336 [main] INFO  algorithms.PipelineChoosePolicyFactory (PipelineChoosePolicyFactory.java:createPipelineChoosePolicyFromClass(80)) - Create pipeline choose policy of type org.apache.hadoop.hdds.scm.pipeline.choose.algorithms.RandomPipelineChoosePolicy
2024-04-28 12:45:23,336 [main] INFO  algorithms.PipelineChoosePolicyFactory (PipelineChoosePolicyFactory.java:createPipelineChoosePolicyFromClass(80)) - Create pipeline choose policy of type org.apache.hadoop.hdds.scm.pipeline.choose.algorithms.RandomPipelineChoosePolicy
2024-04-28 12:45:23,337 [main] INFO  ha.SCMServiceManager (SCMServiceManager.java:register(42)) - Registering service SCMBlockDeletingService.
2024-04-28 12:45:23,337 [main] INFO  replication.ReplicationManager (ReplicationManager.java:start(296)) - Starting Replication Monitor Thread.
2024-04-28 12:45:23,338 [ReplicationMonitor] INFO  replication.ReplicationManager (ReplicationManager.java:processAll(372)) - Replication Manager is not ready to run until 3000ms after safemode exit
2024-04-28 12:45:23,338 [main] INFO  ha.SCMServiceManager (SCMServiceManager.java:register(42)) - Registering service ReplicationManager.
2024-04-28 12:45:23,338 [main] INFO  safemode.ContainerSafeModeRule (ContainerSafeModeRule.java:<init>(91)) - containers with one replica threshold count 0
2024-04-28 12:45:23,339 [main] INFO  safemode.HealthyPipelineSafeModeRule (HealthyPipelineSafeModeRule.java:initializeRule(176)) - Total pipeline count is 0, healthy pipeline threshold count is 1
2024-04-28 12:45:23,339 [main] INFO  safemode.OneReplicaPipelineSafeModeRule (OneReplicaPipelineSafeModeRule.java:initializeRule(193)) - Total pipeline count is 0, pipeline's with at least one datanode reported threshold count is 0
2024-04-28 12:45:23,339 [main] INFO  server.StorageContainerManager (StorageContainerManager.java:<init>(440)) - SCM start with adminUsers: [runner]
2024-04-28 12:45:23,339 [main] INFO  ipc.CallQueueManager (CallQueueManager.java:<init>(90)) - Using callQueue: class java.util.concurrent.LinkedBlockingQueue, queueCapacity: 10000, scheduler: class org.apache.hadoop.ipc.DefaultRpcScheduler, ipcBackoff: false.
2024-04-28 12:45:23,340 [main] INFO  ipc.Server (Server.java:<init>(1287)) - Listener at 0.0.0.0:15358
2024-04-28 12:45:23,340 [Socket Reader #1 for port 15358] INFO  ipc.Server (Server.java:run(1323)) - Starting Socket Reader #1 for port 15358
2024-04-28 12:45:23,342 [main] INFO  ipc.CallQueueManager (CallQueueManager.java:<init>(90)) - Using callQueue: class java.util.concurrent.LinkedBlockingQueue, queueCapacity: 10000, scheduler: class org.apache.hadoop.ipc.DefaultRpcScheduler, ipcBackoff: false.
2024-04-28 12:45:23,343 [main] INFO  ipc.Server (Server.java:<init>(1287)) - Listener at 0.0.0.0:15357
2024-04-28 12:45:23,343 [Socket Reader #1 for port 15357] INFO  ipc.Server (Server.java:run(1323)) - Starting Socket Reader #1 for port 15357
2024-04-28 12:45:23,344 [main] INFO  ipc.CallQueueManager (CallQueueManager.java:<init>(90)) - Using callQueue: class java.util.concurrent.LinkedBlockingQueue, queueCapacity: 10000, scheduler: class org.apache.hadoop.ipc.DefaultRpcScheduler, ipcBackoff: false.
2024-04-28 12:45:23,344 [main] INFO  ipc.Server (Server.java:<init>(1287)) - Listener at 0.0.0.0:15356
2024-04-28 12:45:23,346 [Socket Reader #1 for port 15356] INFO  ipc.Server (Server.java:run(1323)) - Starting Socket Reader #1 for port 15356
2024-04-28 12:45:23,351 [main] INFO  ha.SCMServiceManager (SCMServiceManager.java:register(42)) - Registering service ContainerBalancer.
2024-04-28 12:45:23,352 [main] INFO  ha.SCMContext (SCMContext.java:updateSafeModeStatus(225)) - Update SafeModeStatus from SafeModeStatus{safeModeStatus=true, preCheckPassed=false} to SafeModeStatus{safeModeStatus=true, preCheckPassed=false}.
2024-04-28 12:45:23,352 [main] INFO  server.StorageContainerManager (StorageContainerManager.java:start(1545)) - StorageContainerLocationProtocol RPC server is listening at /0.0.0.0:15356
2024-04-28 12:45:23,353 [main] WARN  impl.MetricsConfig (MetricsConfig.java:loadFirst(136)) - Cannot locate configuration: tried hadoop-metrics2-storagecontainermanager.properties,hadoop-metrics2.properties
2024-04-28 12:45:23,353 [main] INFO  impl.MetricsSystemImpl (MetricsSystemImpl.java:startTimer(378)) - Scheduled Metric snapshot period at 10 second(s).
2024-04-28 12:45:23,354 [main] INFO  impl.MetricsSystemImpl (MetricsSystemImpl.java:start(191)) - StorageContainerManager metrics system started
2024-04-28 12:45:23,365 [main] INFO  impl.MetricsSinkAdapter (MetricsSinkAdapter.java:start(204)) - Sink prometheus started
2024-04-28 12:45:23,365 [main] INFO  impl.MetricsSystemImpl (MetricsSystemImpl.java:registerSink(305)) - Registered sink prometheus
2024-04-28 12:45:23,375 [main] INFO  server.SCMClientProtocolServer (SCMClientProtocolServer.java:start(204)) - RPC server for Client  is listening at /0.0.0.0:15356
2024-04-28 12:45:23,375 [IPC Server Responder] INFO  ipc.Server (Server.java:run(1562)) - IPC Server Responder: starting
2024-04-28 12:45:23,378 [IPC Server listener on 15356] INFO  ipc.Server (Server.java:run(1402)) - IPC Server listener on 15356: starting
2024-04-28 12:45:23,388 [main] INFO  server.StorageContainerManager (StorageContainerManager.java:start(1558)) - ScmBlockLocationProtocol RPC server is listening at /0.0.0.0:15357
2024-04-28 12:45:23,389 [main] INFO  server.SCMBlockProtocolServer (SCMBlockProtocolServer.java:start(162)) - RPC server for Block Protocol is listening at /0.0.0.0:15357
2024-04-28 12:45:23,389 [IPC Server Responder] INFO  ipc.Server (Server.java:run(1562)) - IPC Server Responder: starting
2024-04-28 12:45:23,389 [IPC Server listener on 15357] INFO  ipc.Server (Server.java:run(1402)) - IPC Server listener on 15357: starting
2024-04-28 12:45:23,395 [main] INFO  server.SCMDatanodeProtocolServer (SCMDatanodeProtocolServer.java:start(194)) - ScmDatanodeProtocol RPC server for DataNodes is listening at /0.0.0.0:15358
2024-04-28 12:45:23,395 [IPC Server Responder] INFO  ipc.Server (Server.java:run(1562)) - IPC Server Responder: starting
2024-04-28 12:45:23,396 [IPC Server listener on 15358] INFO  ipc.Server (Server.java:run(1402)) - IPC Server listener on 15358: starting
2024-04-28 12:45:23,402 [JvmPauseMonitor44] INFO  util.JvmPauseMonitor (JvmPauseMonitor.java:run(146)) - JvmPauseMonitor-9a7cb369-48fa-4d09-a6bd-720d8a334a29: Started
2024-04-28 12:45:23,403 [main] INFO  http.BaseHttpServer (BaseHttpServer.java:newHttpServer2BuilderForOzone(223)) - Starting Web-server for scm at: http://0.0.0.0:15359
2024-04-28 12:45:23,403 [main] INFO  http.BaseHttpServer (BaseHttpServer.java:<init>(110)) - Hadoop Security Enabled: false Ozone Security Enabled: false Ozone HTTP Security Enabled: false 
2024-04-28 12:45:23,404 [main] WARN  server.AuthenticationFilter (AuthenticationFilter.java:constructSecretProvider(240)) - Unable to initialize FileSignerSecretProvider, falling back to use random secrets. Reason: Could not read signature secret file: /home/runner/hadoop-http-auth-signature-secret
2024-04-28 12:45:23,404 [main] INFO  http.HttpRequestLog (HttpRequestLog.java:getRequestLog(86)) - Http request log for http.requests.scm is not defined
2024-04-28 12:45:23,405 [main] INFO  http.HttpServer2 (HttpServer2.java:addGlobalFilter(1036)) - Added global filter 'safety' (class=org.apache.hadoop.hdds.server.http.HttpServer2$QuotingInputFilter)
2024-04-28 12:45:23,405 [main] INFO  http.HttpServer2 (HttpServer2.java:addFilter(1012)) - Added filter static_user_filter (class=org.apache.hadoop.http.lib.StaticUserWebFilter$StaticUserFilter) to context scm
2024-04-28 12:45:23,406 [main] INFO  http.HttpServer2 (HttpServer2.java:addFilter(1020)) - Added filter static_user_filter (class=org.apache.hadoop.http.lib.StaticUserWebFilter$StaticUserFilter) to context logs
2024-04-28 12:45:23,406 [main] INFO  http.HttpServer2 (HttpServer2.java:addFilter(1020)) - Added filter static_user_filter (class=org.apache.hadoop.http.lib.StaticUserWebFilter$StaticUserFilter) to context static
2024-04-28 12:45:23,406 [main] INFO  http.BaseHttpServer (BaseHttpServer.java:<init>(189)) - HTTP server of scm uses base directory /home/runner/work/ozone/ozone/hadoop-ozone/integration-test/target/test-dir/MiniOzoneClusterImpl-4444f751-856d-4595-ad15-e87fc76049bc/ozone-meta/webserver
2024-04-28 12:45:23,407 [main] INFO  http.HttpServer2 (HttpServer2.java:bindListener(1236)) - Jetty bound to port 15359
2024-04-28 12:45:23,407 [main] INFO  server.Server (Server.java:doStart(375)) - jetty-9.4.54.v20240208; built: 2024-02-08T19:42:39.027Z; git: cef3fbd6d736a21e7d541a5db490381d95a2047d; jvm 17.0.10+7
2024-04-28 12:45:23,408 [main] INFO  server.session (DefaultSessionIdManager.java:doStart(334)) - DefaultSessionIdManager workerName=node0
2024-04-28 12:45:23,408 [main] INFO  server.session (DefaultSessionIdManager.java:doStart(339)) - No SessionScavenger set, using defaults
2024-04-28 12:45:23,408 [main] INFO  server.session (HouseKeeper.java:startScavenging(132)) - node0 Scavenging every 660000ms
2024-04-28 12:45:23,409 [main] INFO  handler.ContextHandler (ContextHandler.java:doStart(921)) - Started o.e.j.s.ServletContextHandler@48d2a802{logs,/logs,file:///home/runner/work/ozone/ozone/hadoop-ozone/integration-test/target/log,AVAILABLE}
2024-04-28 12:45:23,409 [main] INFO  handler.ContextHandler (ContextHandler.java:doStart(921)) - Started o.e.j.s.ServletContextHandler@7aec4791{static,/static,file:///home/runner/work/ozone/ozone/hadoop-ozone/integration-test/target/test-classes/webapps/static,AVAILABLE}
2024-04-28 12:45:23,412 [main] INFO  handler.ContextHandler (ContextHandler.java:doStart(921)) - Started o.e.j.w.WebAppContext@b1982c5{scm,/,file:///home/runner/work/ozone/ozone/hadoop-ozone/integration-test/target/test-classes/webapps/scm/,AVAILABLE}{file:/home/runner/work/ozone/ozone/hadoop-ozone/integration-test/target/test-classes/webapps/scm}
2024-04-28 12:45:23,412 [main] INFO  server.AbstractConnector (AbstractConnector.java:doStart(333)) - Started ServerConnector@7def94bb{HTTP/1.1, (http/1.1)}{0.0.0.0:15359}
2024-04-28 12:45:23,412 [main] INFO  server.Server (Server.java:doStart(415)) - Started @144535ms
2024-04-28 12:45:23,412 [main] WARN  impl.MetricsSystemImpl (MetricsSystemImpl.java:register(279)) - Sink prometheus already exists!
2024-04-28 12:45:23,413 [main] INFO  http.BaseHttpServer (BaseHttpServer.java:updateConnectorAddress(354)) - HTTP server of scm listening at http://0.0.0.0:15359
2024-04-28 12:45:23,413 [main] WARN  server.ServerUtils (ServerUtils.java:getDBPath(299)) - ozone.om.db.dirs is not configured. We recommend adding this setting. Falling back to ozone.metadata.dirs instead.
2024-04-28 12:45:23,414 [main] INFO  ha.OMHANodeDetails (OMHANodeDetails.java:loadOMHAConfig(115)) - ozone.om.internal.service.id is not defined, falling back to ozone.om.service.ids to find serviceID for OzoneManager if it is HA enabled cluster
2024-04-28 12:45:23,415 [main] INFO  ha.OMHANodeDetails (OMHANodeDetails.java:loadOMHAConfig(226)) - Configuration does not have ozone.om.address set. Falling back to the default OM address /127.0.0.1:15360
2024-04-28 12:45:23,415 [main] INFO  ha.OMHANodeDetails (OMHANodeDetails.java:getOMNodeDetailsForNonHA(254)) - OM Service ID is not set. Setting it to the default ID: omServiceIdDefault
2024-04-28 12:45:23,415 [main] INFO  ha.OMHANodeDetails (OMHANodeDetails.java:getOMNodeDetailsForNonHA(261)) - OM Node ID is not set. Setting it to the default ID: om1
2024-04-28 12:45:23,415 [main] WARN  server.ServerUtils (ServerUtils.java:getDBPath(299)) - ozone.om.db.dirs is not configured. We recommend adding this setting. Falling back to ozone.metadata.dirs instead.
2024-04-28 12:45:23,416 [main] INFO  upgrade.AbstractLayoutVersionManager (AbstractLayoutVersionManager.java:init(83)) - Initializing Layout version manager with metadata layout = QUOTA (version = 6), software layout = QUOTA (version = 6)
2024-04-28 12:45:23,442 [main] INFO  reflections.Reflections (Reflections.java:scan(219)) - Reflections took 26 ms to scan 2 urls, producing 188 keys and 545 values
2024-04-28 12:45:23,442 [main] INFO  upgrade.OMLayoutVersionManager (OMLayoutVersionManager.java:lambda$0(113)) - Skipping Upgrade Action QuotaRepairUpgradeAction since it has been finalized.
2024-04-28 12:45:23,442 [main] INFO  upgrade.OMLayoutVersionManager (OMLayoutVersionManager.java:lambda$0(113)) - Skipping Upgrade Action MockOmUpgradeAction since it has been finalized.
2024-04-28 12:45:23,442 [main] WARN  server.ServerUtils (ServerUtils.java:getDBPath(299)) - ozone.om.db.dirs is not configured. We recommend adding this setting. Falling back to ozone.metadata.dirs instead.
2024-04-28 12:45:23,443 [main] INFO  proxy.SCMBlockLocationFailoverProxyProvider (SCMBlockLocationFailoverProxyProvider.java:<init>(115)) - Created block location fail-over proxy with 1 nodes: [nodeId=scmNodeId,nodeAddress=/0.0.0.0:15357]
2024-04-28 12:45:23,444 [main] INFO  proxy.SCMBlockLocationFailoverProxyProvider (SCMBlockLocationFailoverProxyProvider.java:<init>(115)) - Created block location fail-over proxy with 1 nodes: [nodeId=scmNodeId,nodeAddress=/0.0.0.0:15357]
2024-04-28 12:45:23,447 [main] INFO  om.OzoneManager (OzoneManager.java:<init>(677)) - OM start with adminUsers: [runner]
2024-04-28 12:45:23,448 [main] WARN  server.ServerUtils (ServerUtils.java:getDBPath(299)) - ozone.om.db.dirs is not configured. We recommend adding this setting. Falling back to ozone.metadata.dirs instead.
2024-04-28 12:45:23,448 [main] INFO  helpers.OmKeyInfo (OmKeyInfo.java:getCodec(72)) - OmKeyInfo.getCodec ignorePipeline = true
2024-04-28 12:45:23,569 [main] INFO  om.OzoneManager (OzoneManager.java:instantiateServices(811)) - S3 Multi-Tenancy is disabled
2024-04-28 12:45:23,570 [main] INFO  om.OmSnapshotManager (OmSnapshotManager.java:<init>(179)) - Ozone filesystem snapshot feature is enabled.
2024-04-28 12:45:23,570 [main] WARN  server.ServerUtils (ServerUtils.java:getDBPath(299)) - ozone.om.snapshot.diff.db.dir is not configured. We recommend adding this setting. Falling back to ozone.metadata.dirs instead.
2024-04-28 12:45:23,583 [main] INFO  utils.NativeLibraryLoader (NativeLibraryLoader.java:loadLibrary(111)) - Loading Library: ozone_rocksdb_tools
2024-04-28 12:45:23,583 [main] ERROR snapshot.SnapshotDiffManager (SnapshotDiffManager.java:initNativeLibraryForEfficientDiff(287)) - Native Library for raw sst file reading loading failed.
org.apache.hadoop.hdds.utils.NativeLibraryNotLoadedException: Unable to load library ozone_rocksdb_tools from both java.library.path & resource file libozone_rocksdb_tools.so from jar.
	at org.apache.hadoop.hdds.utils.db.managed.ManagedRawSSTFileReader.loadLibrary(ManagedRawSSTFileReader.java:40)
	at org.apache.hadoop.ozone.om.snapshot.SnapshotDiffManager.initNativeLibraryForEfficientDiff(SnapshotDiffManager.java:285)
	at org.apache.hadoop.ozone.om.snapshot.SnapshotDiffManager.<init>(SnapshotDiffManager.java:259)
	at org.apache.hadoop.ozone.om.OmSnapshotManager.<init>(OmSnapshotManager.java:286)
	at org.apache.hadoop.ozone.om.OzoneManager.instantiateServices(OzoneManager.java:863)
	at org.apache.hadoop.ozone.om.OzoneManager.<init>(OzoneManager.java:687)
	at org.apache.hadoop.ozone.om.OzoneManager.createOm(OzoneManager.java:774)
	at org.apache.hadoop.ozone.MiniOzoneClusterImpl$Builder.createOM(MiniOzoneClusterImpl.java:689)
	at org.apache.hadoop.ozone.MiniOzoneClusterImpl$Builder.createAndStartSingleOM(MiniOzoneClusterImpl.java:673)
	at org.apache.hadoop.ozone.MiniOzoneClusterImpl$Builder.build(MiniOzoneClusterImpl.java:535)
	at org.apache.hadoop.ozone.client.rpc.TestWatchForCommit.init(TestWatchForCommit.java:154)
	at java.base/jdk.internal.reflect.NativeMethodAccessorImpl.invoke0(Native Method)
	at java.base/jdk.internal.reflect.NativeMethodAccessorImpl.invoke(NativeMethodAccessorImpl.java:77)
	at java.base/jdk.internal.reflect.DelegatingMethodAccessorImpl.invoke(DelegatingMethodAccessorImpl.java:43)
	at java.base/java.lang.reflect.Method.invoke(Method.java:568)
	at org.junit.platform.commons.util.ReflectionUtils.invokeMethod(ReflectionUtils.java:728)
	at org.junit.jupiter.engine.execution.MethodInvocation.proceed(MethodInvocation.java:60)
	at org.junit.jupiter.engine.execution.InvocationInterceptorChain$ValidatingInvocation.proceed(InvocationInterceptorChain.java:131)
	at org.junit.jupiter.engine.extension.TimeoutExtension.intercept(TimeoutExtension.java:156)
	at org.junit.jupiter.engine.extension.TimeoutExtension.interceptLifecycleMethod(TimeoutExtension.java:128)
	at org.junit.jupiter.engine.extension.TimeoutExtension.interceptBeforeEachMethod(TimeoutExtension.java:78)
	at org.junit.jupiter.engine.execution.InterceptingExecutableInvoker$ReflectiveInterceptorCall.lambda$ofVoidMethod$0(InterceptingExecutableInvoker.java:103)
	at org.junit.jupiter.engine.execution.InterceptingExecutableInvoker.lambda$invoke$0(InterceptingExecutableInvoker.java:93)
	at org.junit.jupiter.engine.execution.InvocationInterceptorChain$InterceptedInvocation.proceed(InvocationInterceptorChain.java:106)
	at org.junit.jupiter.engine.execution.InvocationInterceptorChain.proceed(InvocationInterceptorChain.java:64)
	at org.junit.jupiter.engine.execution.InvocationInterceptorChain.chainAndInvoke(InvocationInterceptorChain.java:45)
	at org.junit.jupiter.engine.execution.InvocationInterceptorChain.invoke(InvocationInterceptorChain.java:37)
	at org.junit.jupiter.engine.execution.InterceptingExecutableInvoker.invoke(InterceptingExecutableInvoker.java:92)
	at org.junit.jupiter.engine.execution.InterceptingExecutableInvoker.invoke(InterceptingExecutableInvoker.java:86)
	at org.junit.jupiter.engine.descriptor.ClassBasedTestDescriptor.invokeMethodInExtensionContext(ClassBasedTestDescriptor.java:521)
	at org.junit.jupiter.engine.descriptor.ClassBasedTestDescriptor.lambda$synthesizeBeforeEachMethodAdapter$23(ClassBasedTestDescriptor.java:506)
	at org.junit.jupiter.engine.descriptor.TestMethodTestDescriptor.lambda$invokeBeforeEachMethods$3(TestMethodTestDescriptor.java:175)
	at org.junit.jupiter.engine.descriptor.TestMethodTestDescriptor.lambda$invokeBeforeMethodsOrCallbacksUntilExceptionOccurs$6(TestMethodTestDescriptor.java:203)
	at org.junit.platform.engine.support.hierarchical.ThrowableCollector.execute(ThrowableCollector.java:73)
	at org.junit.jupiter.engine.descriptor.TestMethodTestDescriptor.invokeBeforeMethodsOrCallbacksUntilExceptionOccurs(TestMethodTestDescriptor.java:203)
	at org.junit.jupiter.engine.descriptor.TestMethodTestDescriptor.invokeBeforeEachMethods(TestMethodTestDescriptor.java:172)
	at org.junit.jupiter.engine.descriptor.TestMethodTestDescriptor.execute(TestMethodTestDescriptor.java:135)
	at org.junit.jupiter.engine.descriptor.TestMethodTestDescriptor.execute(TestMethodTestDescriptor.java:69)
	at org.junit.platform.engine.support.hierarchical.NodeTestTask.lambda$executeRecursively$6(NodeTestTask.java:151)
	at org.junit.platform.engine.support.hierarchical.ThrowableCollector.execute(ThrowableCollector.java:73)
	at org.junit.platform.engine.support.hierarchical.NodeTestTask.lambda$executeRecursively$8(NodeTestTask.java:141)
	at org.junit.platform.engine.support.hierarchical.Node.around(Node.java:137)
	at org.junit.platform.engine.support.hierarchical.NodeTestTask.lambda$executeRecursively$9(NodeTestTask.java:139)
	at org.junit.platform.engine.support.hierarchical.ThrowableCollector.execute(ThrowableCollector.java:73)
	at org.junit.platform.engine.support.hierarchical.NodeTestTask.executeRecursively(NodeTestTask.java:138)
	at org.junit.platform.engine.support.hierarchical.NodeTestTask.execute(NodeTestTask.java:95)
	at java.base/java.util.ArrayList.forEach(ArrayList.java:1511)
	at org.junit.platform.engine.support.hierarchical.SameThreadHierarchicalTestExecutorService.invokeAll(SameThreadHierarchicalTestExecutorService.java:41)
	at org.junit.platform.engine.support.hierarchical.NodeTestTask.lambda$executeRecursively$6(NodeTestTask.java:155)
	at org.junit.platform.engine.support.hierarchical.ThrowableCollector.execute(ThrowableCollector.java:73)
	at org.junit.platform.engine.support.hierarchical.NodeTestTask.lambda$executeRecursively$8(NodeTestTask.java:141)
	at org.junit.platform.engine.support.hierarchical.Node.around(Node.java:137)
	at org.junit.platform.engine.support.hierarchical.NodeTestTask.lambda$executeRecursively$9(NodeTestTask.java:139)
	at org.junit.platform.engine.support.hierarchical.ThrowableCollector.execute(ThrowableCollector.java:73)
	at org.junit.platform.engine.support.hierarchical.NodeTestTask.executeRecursively(NodeTestTask.java:138)
	at org.junit.platform.engine.support.hierarchical.NodeTestTask.execute(NodeTestTask.java:95)
	at java.base/java.util.ArrayList.forEach(ArrayList.java:1511)
	at org.junit.platform.engine.support.hierarchical.SameThreadHierarchicalTestExecutorService.invokeAll(SameThreadHierarchicalTestExecutorService.java:41)
	at org.junit.platform.engine.support.hierarchical.NodeTestTask.lambda$executeRecursively$6(NodeTestTask.java:155)
	at org.junit.platform.engine.support.hierarchical.ThrowableCollector.execute(ThrowableCollector.java:73)
	at org.junit.platform.engine.support.hierarchical.NodeTestTask.lambda$executeRecursively$8(NodeTestTask.java:141)
	at org.junit.platform.engine.support.hierarchical.Node.around(Node.java:137)
	at org.junit.platform.engine.support.hierarchical.NodeTestTask.lambda$executeRecursively$9(NodeTestTask.java:139)
	at org.junit.platform.engine.support.hierarchical.ThrowableCollector.execute(ThrowableCollector.java:73)
	at org.junit.platform.engine.support.hierarchical.NodeTestTask.executeRecursively(NodeTestTask.java:138)
	at org.junit.platform.engine.support.hierarchical.NodeTestTask.execute(NodeTestTask.java:95)
	at org.junit.platform.engine.support.hierarchical.SameThreadHierarchicalTestExecutorService.submit(SameThreadHierarchicalTestExecutorService.java:35)
	at org.junit.platform.engine.support.hierarchical.HierarchicalTestExecutor.execute(HierarchicalTestExecutor.java:57)
	at org.junit.platform.engine.support.hierarchical.HierarchicalTestEngine.execute(HierarchicalTestEngine.java:54)
	at org.junit.platform.launcher.core.EngineExecutionOrchestrator.execute(EngineExecutionOrchestrator.java:198)
	at org.junit.platform.launcher.core.EngineExecutionOrchestrator.execute(EngineExecutionOrchestrator.java:169)
	at org.junit.platform.launcher.core.EngineExecutionOrchestrator.execute(EngineExecutionOrchestrator.java:93)
	at org.junit.platform.launcher.core.EngineExecutionOrchestrator.lambda$execute$0(EngineExecutionOrchestrator.java:58)
	at org.junit.platform.launcher.core.EngineExecutionOrchestrator.withInterceptedStreams(EngineExecutionOrchestrator.java:141)
	at org.junit.platform.launcher.core.EngineExecutionOrchestrator.execute(EngineExecutionOrchestrator.java:57)
	at org.junit.platform.launcher.core.DefaultLauncher.execute(DefaultLauncher.java:103)
	at org.junit.platform.launcher.core.DefaultLauncher.execute(DefaultLauncher.java:85)
	at org.junit.platform.launcher.core.DelegatingLauncher.execute(DelegatingLauncher.java:47)
	at org.junit.platform.launcher.core.SessionPerRequestLauncher.execute(SessionPerRequestLauncher.java:63)
	at org.apache.maven.surefire.junitplatform.JUnitPlatformProvider.invokeAllTests(JUnitPlatformProvider.java:165)
	at org.apache.maven.surefire.junitplatform.JUnitPlatformProvider.invoke(JUnitPlatformProvider.java:123)
	at org.apache.maven.surefire.booter.ForkedBooter.runSuitesInProcess(ForkedBooter.java:377)
	at org.apache.maven.surefire.booter.ForkedBooter.execute(ForkedBooter.java:138)
	at org.apache.maven.surefire.booter.ForkedBooter.run(ForkedBooter.java:465)
	at org.apache.maven.surefire.booter.ForkedBooter.main(ForkedBooter.java:451)
2024-04-28 12:45:23,585 [main] INFO  om.OzoneManager (OzoneManager.java:addS3GVolumeToDB(4463)) - Created Volume s3v With Owner runner required for S3Gateway operations.
2024-04-28 12:45:23,585 [main] WARN  server.ServerUtils (ServerUtils.java:getDefaultRatisDirectory(311)) - Storage directory for Ratis is not configured. It is a good idea to map this to an SSD disk. Falling back to ozone.metadata.dirs
2024-04-28 12:45:23,585 [main] WARN  utils.OzoneManagerRatisUtils (OzoneManagerRatisUtils.java:getOMRatisSnapshotDirectory(476)) - ozone.om.ratis.snapshot.dir is not configured. Falling back to ozone.metadata.dirs config
2024-04-28 12:45:23,586 [main] WARN  server.ServerUtils (ServerUtils.java:getDefaultRatisDirectory(311)) - Storage directory for Ratis is not configured. It is a good idea to map this to an SSD disk. Falling back to ozone.metadata.dirs
2024-04-28 12:45:23,586 [main] INFO  ratis.OzoneManagerRatisServer (OzoneManagerRatisServer.java:<init>(167)) - Instantiating OM Ratis server with groupID: omServiceIdDefault and peers: localhost:15363
2024-04-28 12:45:23,587 [main] INFO  ratis.OzoneManagerStateMachine (OzoneManagerStateMachine.java:loadSnapshotInfoFromDB(589)) - TransactionInfo not found in OM DB.
2024-04-28 12:45:23,587 [main] INFO  server.RaftServer (ConfUtils.java:logGet(46)) - raft.rpc.type = GRPC (default)
2024-04-28 12:45:23,587 [main] INFO  grpc.GrpcConfigKeys (ConfUtils.java:logFallback(53)) - raft.grpc.admin.host = null (fallback to raft.grpc.server.host)
2024-04-28 12:45:23,587 [main] INFO  grpc.GrpcConfigKeys (ConfUtils.java:logFallback(53)) - raft.grpc.admin.port = 15363 (fallback to raft.grpc.server.port)
2024-04-28 12:45:23,587 [main] INFO  grpc.GrpcConfigKeys (ConfUtils.java:logFallback(53)) - raft.grpc.client.host = null (fallback to raft.grpc.server.host)
2024-04-28 12:45:23,587 [main] INFO  grpc.GrpcConfigKeys (ConfUtils.java:logFallback(53)) - raft.grpc.client.port = 15363 (fallback to raft.grpc.server.port)
2024-04-28 12:45:23,587 [main] INFO  grpc.GrpcConfigKeys (ConfUtils.java:logGet(46)) - raft.grpc.server.host = null (default)
2024-04-28 12:45:23,587 [main] INFO  grpc.GrpcConfigKeys (ConfUtils.java:logGet(46)) - raft.grpc.server.port = 15363 (custom)
2024-04-28 12:45:23,588 [main] INFO  server.GrpcService (ConfUtils.java:logGet(46)) - raft.grpc.message.size.max = 4194304 (custom)
2024-04-28 12:45:23,588 [main] INFO  server.RaftServerConfigKeys (ConfUtils.java:logGet(46)) - raft.server.log.appender.buffer.byte-limit = 4194304 (custom)
2024-04-28 12:45:23,588 [main] INFO  server.GrpcService (ConfUtils.java:logGet(46)) - raft.grpc.flow.control.window = 1MB (=1048576) (default)
2024-04-28 12:45:23,588 [main] INFO  server.RaftServerConfigKeys (ConfUtils.java:logGet(46)) - raft.server.rpc.request.timeout = 3000ms (default)
2024-04-28 12:45:23,588 [main] INFO  grpc.GrpcConfigKeys (ConfUtils.java:logGet(46)) - raft.grpc.server.heartbeat.channel = true (default)
2024-04-28 12:45:23,588 [main] INFO  grpc.GrpcConfigKeys (ConfUtils.java:logGet(46)) - raft.grpc.server.async.request.thread.pool.cached = true (default)
2024-04-28 12:45:23,588 [main] INFO  grpc.GrpcConfigKeys (ConfUtils.java:logGet(46)) - raft.grpc.server.async.request.thread.pool.size = 32 (default)
2024-04-28 12:45:23,589 [main] INFO  impl.DataStreamServerImpl (ConfUtils.java:logGet(46)) - raft.datastream.type = DISABLED (default)
2024-04-28 12:45:23,589 [main] INFO  server.RaftServerConfigKeys (ConfUtils.java:logGet(46)) - raft.server.sleep.deviation.threshold = 300ms (default)
2024-04-28 12:45:23,590 [main] INFO  server.RaftServerConfigKeys (ConfUtils.java:logGet(46)) - raft.server.close.threshold = 60s (default)
2024-04-28 12:45:23,590 [main] INFO  server.RaftServerConfigKeys (ConfUtils.java:logGet(46)) - raft.server.leaderelection.leader.step-down.wait-time = 10s (default)
2024-04-28 12:45:23,590 [main] INFO  server.RaftServerConfigKeys (ConfUtils.java:logGet(46)) - raft.server.storage.dir = [/home/runner/work/ozone/ozone/hadoop-ozone/integration-test/target/test-dir/MiniOzoneClusterImpl-4444f751-856d-4595-ad15-e87fc76049bc/ozone-meta/ratis] (custom)
2024-04-28 12:45:23,590 [main] INFO  server.RaftServerConfigKeys (ConfUtils.java:logGet(46)) - raft.server.threadpool.proxy.cached = true (default)
2024-04-28 12:45:23,590 [main] INFO  server.RaftServerConfigKeys (ConfUtils.java:logGet(46)) - raft.server.threadpool.proxy.size = 0 (default)
2024-04-28 12:45:23,590 [main] INFO  server.RaftServer (RaftServerProxy.java:addNew(100)) - om1: addNew group-C5BA1605619E:[om1|localhost:15363] returns group-C5BA1605619E:java.util.concurrent.CompletableFuture@5205f975[Not completed]
2024-04-28 12:45:23,591 [main] INFO  om.OzoneManager (OzoneManager.java:initializeRatisServer(2168)) - OzoneManager Ratis server initialized at port 15363
2024-04-28 12:45:23,591 [main] INFO  om.OzoneManager (OzoneManager.java:getRpcServer(1227)) - Creating RPC Server
2024-04-28 12:45:23,590 [om1-groupManagement] INFO  server.RaftServer$Division (RaftServerImpl.java:<init>(256)) - om1: new RaftServerImpl for group-C5BA1605619E:[om1|localhost:15363] with OzoneManagerStateMachine:uninitialized
2024-04-28 12:45:23,592 [om1-groupManagement] INFO  server.RaftServerConfigKeys (ConfUtils.java:logGet(46)) - raft.server.rpc.timeout.min = 1s (custom)
2024-04-28 12:45:23,592 [om1-groupManagement] INFO  server.RaftServerConfigKeys (ConfUtils.java:logGet(46)) - raft.server.rpc.timeout.max = 1200ms (custom)
2024-04-28 12:45:23,592 [om1-groupManagement] INFO  server.RaftServerConfigKeys (ConfUtils.java:logGet(46)) - raft.server.rpc.sleep.time = 25ms (default)
2024-04-28 12:45:23,592 [om1-groupManagement] INFO  server.RaftServerConfigKeys (ConfUtils.java:logGet(46)) - raft.server.rpc.slowness.timeout = 120s (custom)
2024-04-28 12:45:23,592 [om1-groupManagement] INFO  server.RaftServerConfigKeys (ConfUtils.java:logGet(46)) - raft.server.leaderelection.leader.step-down.wait-time = 10s (default)
2024-04-28 12:45:23,592 [om1-groupManagement] INFO  server.RaftServerConfigKeys (ConfUtils.java:logGet(46)) - raft.server.leaderelection.member.majority-add = false (default)
2024-04-28 12:45:23,592 [om1-groupManagement] INFO  server.RaftServerConfigKeys (ConfUtils.java:logGet(46)) - raft.server.sleep.deviation.threshold = 300ms (default)
2024-04-28 12:45:23,592 [om1-groupManagement] INFO  server.RaftServer$Division (ServerState.java:<init>(113)) - om1@group-C5BA1605619E: ConfigurationManager, init=-1: peers:[om1|localhost:15363]|listeners:[], old=null, confs=<EMPTY_MAP>
2024-04-28 12:45:23,592 [om1-groupManagement] INFO  server.RaftServerConfigKeys (ConfUtils.java:logGet(46)) - raft.server.notification.no-leader.timeout = 120s (custom)
2024-04-28 12:45:23,592 [om1-groupManagement] INFO  server.RaftServerConfigKeys (ConfUtils.java:logGet(46)) - raft.server.read.timeout = 10s (default)
2024-04-28 12:45:23,592 [om1-groupManagement] INFO  server.RaftServerConfigKeys (ConfUtils.java:logGet(46)) - raft.server.retrycache.expirytime = 300s (custom)
2024-04-28 12:45:23,592 [om1-groupManagement] INFO  server.RaftServerConfigKeys (ConfUtils.java:logGet(46)) - raft.server.retrycache.statistics.expirytime = 100ms (default)
2024-04-28 12:45:23,592 [om1-groupManagement] INFO  server.RaftServerConfigKeys (ConfUtils.java:logGet(46)) - raft.server.read.option = DEFAULT (default)
2024-04-28 12:45:23,592 [om1-groupManagement] INFO  server.RaftServerConfigKeys (ConfUtils.java:logGet(46)) - raft.server.read.read-after-write-consistent.write-index-cache.expiry-time = 60s (default)
2024-04-28 12:45:23,594 [om1-groupManagement] INFO  server.RaftServerConfigKeys (ConfUtils.java:logGet(46)) - raft.server.rpc.request.timeout = 3000ms (default)
2024-04-28 12:45:23,594 [om1-groupManagement] INFO  server.RaftServerConfigKeys (ConfUtils.java:logGet(46)) - raft.server.log.appender.install.snapshot.enabled = false (custom)
2024-04-28 12:45:23,595 [om1-groupManagement] INFO  server.RaftServerConfigKeys (ConfUtils.java:logGet(46)) - raft.server.threadpool.server.cached = true (default)
2024-04-28 12:45:23,595 [om1-groupManagement] INFO  server.RaftServerConfigKeys (ConfUtils.java:logGet(46)) - raft.server.threadpool.server.size = 0 (default)
2024-04-28 12:45:23,595 [om1-groupManagement] INFO  server.RaftServerConfigKeys (ConfUtils.java:logGet(46)) - raft.server.threadpool.client.cached = true (default)
2024-04-28 12:45:23,596 [om1-groupManagement] INFO  server.RaftServerConfigKeys (ConfUtils.java:logGet(46)) - raft.server.threadpool.client.size = 0 (default)
2024-04-28 12:45:23,809 [main] INFO  reflections.Reflections (Reflections.java:scan(219)) - Reflections took 218 ms to scan 20 urls, producing 58 keys and 6549 values
2024-04-28 12:45:23,810 [main] INFO  ipc.CallQueueManager (CallQueueManager.java:<init>(90)) - Using callQueue: class java.util.concurrent.LinkedBlockingQueue, queueCapacity: 2000, scheduler: class org.apache.hadoop.ipc.DefaultRpcScheduler, ipcBackoff: false.
2024-04-28 12:45:23,811 [main] INFO  ipc.Server (Server.java:<init>(1287)) - Listener at 127.0.0.1:15360
2024-04-28 12:45:23,811 [Socket Reader #1 for port 15360] INFO  ipc.Server (Server.java:run(1323)) - Starting Socket Reader #1 for port 15360
2024-04-28 12:45:23,826 [main] INFO  impl.MetricsSystemImpl (MetricsSystemImpl.java:init(158)) - OzoneManager metrics system started (again)
2024-04-28 12:45:23,833 [main] INFO  om.OzoneManager (OzoneManager.java:start(1649)) - OzoneManager RPC server is listening at localhost/127.0.0.1:15360
2024-04-28 12:45:23,834 [main] INFO  ratis.OzoneManagerRatisServer (OzoneManagerRatisServer.java:start(588)) - Starting OzoneManagerRatisServer om1 at port 15363
2024-04-28 12:45:23,834 [om1-impl-thread1] INFO  server.RaftServerConfigKeys (ConfUtils.java:logGet(46)) - raft.server.storage.free-space.min = 0MB (=0) (default)
2024-04-28 12:45:23,834 [om1-impl-thread1] INFO  server.RaftServerConfigKeys (ConfUtils.java:logGet(46)) - raft.server.log.corruption.policy = EXCEPTION (default)
2024-04-28 12:45:23,834 [om1-impl-thread1] INFO  server.RaftServerConfigKeys (ConfUtils.java:logGet(46)) - raft.server.storage.dir = [/home/runner/work/ozone/ozone/hadoop-ozone/integration-test/target/test-dir/MiniOzoneClusterImpl-4444f751-856d-4595-ad15-e87fc76049bc/ozone-meta/ratis] (custom)
2024-04-28 12:45:23,834 [om1-impl-thread1] INFO  storage.RaftStorageDirectory (RaftStorageDirectoryImpl.java:analyzeStorage(138)) - The storage directory /home/runner/work/ozone/ozone/hadoop-ozone/integration-test/target/test-dir/MiniOzoneClusterImpl-4444f751-856d-4595-ad15-e87fc76049bc/ozone-meta/ratis/bf265839-605b-3f16-9796-c5ba1605619e does not exist. Creating ...
2024-04-28 12:45:23,835 [om1-impl-thread1] INFO  storage.RaftStorageDirectory (RaftStorageDirectoryImpl.java:tryLock(228)) - Lock on /home/runner/work/ozone/ozone/hadoop-ozone/integration-test/target/test-dir/MiniOzoneClusterImpl-4444f751-856d-4595-ad15-e87fc76049bc/ozone-meta/ratis/bf265839-605b-3f16-9796-c5ba1605619e/in_use.lock acquired by nodename 21404@fv-az1392-52
2024-04-28 12:45:23,836 [om1-impl-thread1] INFO  storage.RaftStorage (RaftStorageImpl.java:format(99)) - Storage directory /home/runner/work/ozone/ozone/hadoop-ozone/integration-test/target/test-dir/MiniOzoneClusterImpl-4444f751-856d-4595-ad15-e87fc76049bc/ozone-meta/ratis/bf265839-605b-3f16-9796-c5ba1605619e has been successfully formatted.
2024-04-28 12:45:23,836 [om1-impl-thread1] WARN  util.FileUtils (LogUtils.java:supplyAndLog(63)) - Failed to Files.newInputStream /home/runner/work/ozone/ozone/hadoop-ozone/integration-test/target/test-dir/MiniOzoneClusterImpl-4444f751-856d-4595-ad15-e87fc76049bc/ozone-meta/ratis/bf265839-605b-3f16-9796-c5ba1605619e/current/raft-meta.conf with options []: java.nio.file.NoSuchFileException: /home/runner/work/ozone/ozone/hadoop-ozone/integration-test/target/test-dir/MiniOzoneClusterImpl-4444f751-856d-4595-ad15-e87fc76049bc/ozone-meta/ratis/bf265839-605b-3f16-9796-c5ba1605619e/current/raft-meta.conf
2024-04-28 12:45:23,836 [om1-impl-thread1] INFO  server.RaftServerConfigKeys (ConfUtils.java:logGet(46)) - raft.server.log.use.memory = false (default)
2024-04-28 12:45:23,836 [om1-impl-thread1] INFO  server.RaftServerConfigKeys (ConfUtils.java:logGet(46)) - raft.server.log.purge.gap = 1000000 (custom)
2024-04-28 12:45:23,836 [om1-impl-thread1] INFO  server.RaftServerConfigKeys (ConfUtils.java:logGet(46)) - raft.server.log.appender.buffer.byte-limit = 4194304 (custom)
2024-04-28 12:45:23,837 [om1-impl-thread1] INFO  server.RaftServerConfigKeys (ConfUtils.java:logGet(46)) - raft.server.log.statemachine.data.read.timeout = 1000ms (default)
2024-04-28 12:45:23,837 [om1-impl-thread1] INFO  server.RaftServerConfigKeys (ConfUtils.java:logGet(46)) - raft.server.log.purge.preservation.log.num = 0 (default)
2024-04-28 12:45:23,837 [om1-impl-thread1] INFO  server.RaftServerConfigKeys (ConfUtils.java:logGet(46)) - raft.server.log.segment.size.max = 4194304 (custom)
2024-04-28 12:45:23,837 [om1-impl-thread1] INFO  server.RaftServerConfigKeys (ConfUtils.java:logGet(46)) - raft.server.log.segment.cache.num.max = 2 (custom)
2024-04-28 12:45:23,837 [om1-impl-thread1] INFO  server.RaftServerConfigKeys (ConfUtils.java:logGet(46)) - raft.server.log.segment.cache.size.max = 200MB (=209715200) (default)
2024-04-28 12:45:23,837 [om1-impl-thread1] INFO  server.RaftServerConfigKeys (ConfUtils.java:logGet(46)) - raft.server.log.appender.buffer.byte-limit = 4194304 (custom)
2024-04-28 12:45:23,838 [om1-impl-thread1] INFO  util.AwaitToRun (AwaitToRun.java:start(81)) - Thread[om1@group-C5BA1605619E-cacheEviction-AwaitToRun,5,main] started
2024-04-28 12:45:23,838 [om1-impl-thread1] INFO  segmented.SegmentedRaftLogWorker (SegmentedRaftLogWorker.java:<init>(182)) - new om1@group-C5BA1605619E-SegmentedRaftLogWorker for RaftStorageImpl:Storage Directory /home/runner/work/ozone/ozone/hadoop-ozone/integration-test/target/test-dir/MiniOzoneClusterImpl-4444f751-856d-4595-ad15-e87fc76049bc/ozone-meta/ratis/bf265839-605b-3f16-9796-c5ba1605619e
2024-04-28 12:45:23,838 [om1-impl-thread1] INFO  server.RaftServerConfigKeys (ConfUtils.java:logGet(46)) - raft.server.log.queue.byte-limit = 64MB (=67108864) (default)
2024-04-28 12:45:23,838 [om1-impl-thread1] INFO  server.RaftServerConfigKeys (ConfUtils.java:logGet(46)) - raft.server.log.queue.element-limit = 4096 (default)
2024-04-28 12:45:23,838 [om1-impl-thread1] INFO  server.RaftServerConfigKeys (ConfUtils.java:logGet(46)) - raft.server.log.segment.size.max = 4194304 (custom)
2024-04-28 12:45:23,838 [om1-impl-thread1] INFO  server.RaftServerConfigKeys (ConfUtils.java:logGet(46)) - raft.server.log.preallocated.size = 4194304 (custom)
2024-04-28 12:45:23,838 [om1-impl-thread1] INFO  server.RaftServerConfigKeys (ConfUtils.java:logGet(46)) - raft.server.log.force.sync.num = 128 (default)
2024-04-28 12:45:23,838 [om1-impl-thread1] INFO  server.RaftServerConfigKeys (ConfUtils.java:logGet(46)) - raft.server.log.statemachine.data.sync = true (default)
2024-04-28 12:45:23,838 [om1-impl-thread1] INFO  server.RaftServerConfigKeys (ConfUtils.java:logGet(46)) - raft.server.log.statemachine.data.sync.timeout = 10s (default)
2024-04-28 12:45:23,838 [om1-impl-thread1] INFO  server.RaftServerConfigKeys (ConfUtils.java:logGet(46)) - raft.server.log.statemachine.data.sync.timeout.retry = -1 (default)
2024-04-28 12:45:23,838 [om1-impl-thread1] INFO  server.RaftServerConfigKeys (ConfUtils.java:logGet(46)) - raft.server.log.write.buffer.size = 4194312 (custom)
2024-04-28 12:45:23,839 [om1-impl-thread1] INFO  server.RaftServerConfigKeys (ConfUtils.java:logGet(46)) - raft.server.log.appender.buffer.byte-limit = 4194304 (custom)
2024-04-28 12:45:23,839 [om1-impl-thread1] INFO  server.RaftServerConfigKeys (ConfUtils.java:logGet(46)) - raft.server.log.unsafe-flush.enabled = false (default)
2024-04-28 12:45:23,839 [om1-impl-thread1] INFO  server.RaftServerConfigKeys (ConfUtils.java:logGet(46)) - raft.server.log.async-flush.enabled = false (default)
2024-04-28 12:45:23,839 [om1-impl-thread1] INFO  server.RaftServerConfigKeys (ConfUtils.java:logGet(46)) - raft.server.log.statemachine.data.caching.enabled = false (default)
2024-04-28 12:45:23,839 [om1-impl-thread1] INFO  segmented.SegmentedRaftLogWorker (SegmentedRaftLogWorker.java:lambda$new$0(134)) - om1@group-C5BA1605619E-SegmentedRaftLogWorker: flushIndex: setUnconditionally 0 -> -1
2024-04-28 12:45:23,840 [om1-impl-thread1] INFO  segmented.SegmentedRaftLogWorker (SegmentedRaftLogWorker.java:lambda$new$0(134)) - om1@group-C5BA1605619E-SegmentedRaftLogWorker: safeCacheEvictIndex: setUnconditionally 0 -> -1
2024-04-28 12:45:23,840 [om1-impl-thread1] INFO  server.RaftServer$Division (RaftServerImpl.java:start(396)) - om1@group-C5BA1605619E: start as a follower, conf=-1: peers:[om1|localhost:15363]|listeners:[], old=null
2024-04-28 12:45:23,840 [om1-impl-thread1] INFO  server.RaftServer$Division (RaftServerImpl.java:setRole(383)) - om1@group-C5BA1605619E: changes role from      null to FOLLOWER at term 0 for startAsFollower
2024-04-28 12:45:23,840 [om1-impl-thread1] INFO  impl.RoleInfo (RoleInfo.java:updateAndGet(139)) - om1: start om1@group-C5BA1605619E-FollowerState
2024-04-28 12:45:23,840 [om1@group-C5BA1605619E-FollowerState] INFO  server.RaftServerConfigKeys (ConfUtils.java:logFallback(53)) - raft.server.rpc.first-election.timeout.min = 1s (fallback to raft.server.rpc.timeout.min)
2024-04-28 12:45:23,840 [om1-impl-thread1] INFO  util.JmxRegister (JmxRegister.java:tryRegister(44)) - Successfully registered JMX Bean with object name Ratis:service=RaftServer,group=group-C5BA1605619E,id=om1
2024-04-28 12:45:23,840 [om1-impl-thread1] INFO  server.RaftServerConfigKeys (ConfUtils.java:logGet(46)) - raft.server.snapshot.trigger-when-stop.enabled = true (default)
2024-04-28 12:45:23,841 [om1-impl-thread1] INFO  server.RaftServerConfigKeys (ConfUtils.java:logGet(46)) - raft.server.snapshot.auto.trigger.enabled = true (custom)
2024-04-28 12:45:23,841 [om1-impl-thread1] INFO  server.RaftServerConfigKeys (ConfUtils.java:logGet(46)) - raft.server.snapshot.auto.trigger.threshold = 400000 (default)
2024-04-28 12:45:23,841 [om1-impl-thread1] INFO  server.RaftServerConfigKeys (ConfUtils.java:logGet(46)) - raft.server.snapshot.retention.file.num = -1 (default)
2024-04-28 12:45:23,841 [om1-impl-thread1] INFO  server.RaftServerConfigKeys (ConfUtils.java:logGet(46)) - raft.server.log.purge.upto.snapshot.index = true (custom)
2024-04-28 12:45:23,840 [om1@group-C5BA1605619E-FollowerState] INFO  server.RaftServerConfigKeys (ConfUtils.java:logFallback(53)) - raft.server.rpc.first-election.timeout.max = 1200ms (fallback to raft.server.rpc.timeout.max)
2024-04-28 12:45:23,841 [main] INFO  server.RaftServer (RaftServerProxy.java:startImpl(406)) - om1: start RPC server
2024-04-28 12:45:23,842 [main] INFO  server.GrpcService (GrpcService.java:startImpl(302)) - om1: GrpcService started, listening on 15363
2024-04-28 12:45:23,842 [JvmPauseMonitor45] INFO  util.JvmPauseMonitor (JvmPauseMonitor.java:run(146)) - JvmPauseMonitor-om1: Started
2024-04-28 12:45:23,842 [main] INFO  om.OzoneManager (OzoneManager.java:start(1665)) - Version File has different layout version (6) than OM DB (null). That is expected if this OM has never been finalized to a newer layout version.
2024-04-28 12:45:23,845 [main] INFO  client.ScmTopologyClient (ScmTopologyClient.java:start(72)) - Initial network topology fetched from SCM: /.
2024-04-28 12:45:23,846 [main] INFO  net.NodeSchemaLoader (NodeSchemaLoader.java:loadSchemaFromFile(129)) - Loading schema from [file:/home/runner/work/ozone/ozone/hadoop-hdds/common/target/classes/network-topology-default.xml]
2024-04-28 12:45:23,846 [main] INFO  net.NodeSchemaLoader (NodeSchemaLoader.java:loadSchema(176)) - Loading network topology layer schema file
2024-04-28 12:45:23,852 [main] INFO  http.BaseHttpServer (BaseHttpServer.java:newHttpServer2BuilderForOzone(223)) - Starting Web-server for ozoneManager at: http://0.0.0.0:15361
2024-04-28 12:45:23,852 [main] INFO  http.BaseHttpServer (BaseHttpServer.java:<init>(110)) - Hadoop Security Enabled: false Ozone Security Enabled: false Ozone HTTP Security Enabled: false 
2024-04-28 12:45:23,853 [main] WARN  server.AuthenticationFilter (AuthenticationFilter.java:constructSecretProvider(240)) - Unable to initialize FileSignerSecretProvider, falling back to use random secrets. Reason: Could not read signature secret file: /home/runner/hadoop-http-auth-signature-secret
2024-04-28 12:45:23,853 [main] INFO  http.HttpRequestLog (HttpRequestLog.java:getRequestLog(86)) - Http request log for http.requests.ozoneManager is not defined
2024-04-28 12:45:23,854 [main] INFO  http.HttpServer2 (HttpServer2.java:addGlobalFilter(1036)) - Added global filter 'safety' (class=org.apache.hadoop.hdds.server.http.HttpServer2$QuotingInputFilter)
2024-04-28 12:45:23,855 [main] INFO  http.HttpServer2 (HttpServer2.java:addFilter(1012)) - Added filter static_user_filter (class=org.apache.hadoop.http.lib.StaticUserWebFilter$StaticUserFilter) to context ozoneManager
2024-04-28 12:45:23,855 [main] INFO  http.HttpServer2 (HttpServer2.java:addFilter(1020)) - Added filter static_user_filter (class=org.apache.hadoop.http.lib.StaticUserWebFilter$StaticUserFilter) to context logs
2024-04-28 12:45:23,855 [main] INFO  http.HttpServer2 (HttpServer2.java:addFilter(1020)) - Added filter static_user_filter (class=org.apache.hadoop.http.lib.StaticUserWebFilter$StaticUserFilter) to context static
2024-04-28 12:45:23,855 [main] INFO  http.BaseHttpServer (BaseHttpServer.java:<init>(189)) - HTTP server of ozoneManager uses base directory /home/runner/work/ozone/ozone/hadoop-ozone/integration-test/target/test-dir/MiniOzoneClusterImpl-4444f751-856d-4595-ad15-e87fc76049bc/ozone-meta/webserver
2024-04-28 12:45:23,855 [main] INFO  http.HttpServer2 (HttpServer2.java:bindListener(1236)) - Jetty bound to port 15361
2024-04-28 12:45:23,855 [main] INFO  server.Server (Server.java:doStart(375)) - jetty-9.4.54.v20240208; built: 2024-02-08T19:42:39.027Z; git: cef3fbd6d736a21e7d541a5db490381d95a2047d; jvm 17.0.10+7
2024-04-28 12:45:23,856 [main] INFO  server.session (DefaultSessionIdManager.java:doStart(334)) - DefaultSessionIdManager workerName=node0
2024-04-28 12:45:23,856 [main] INFO  server.session (DefaultSessionIdManager.java:doStart(339)) - No SessionScavenger set, using defaults
2024-04-28 12:45:23,857 [main] INFO  server.session (HouseKeeper.java:startScavenging(132)) - node0 Scavenging every 600000ms
2024-04-28 12:45:23,858 [main] INFO  handler.ContextHandler (ContextHandler.java:doStart(921)) - Started o.e.j.s.ServletContextHandler@c8f756e{logs,/logs,file:///home/runner/work/ozone/ozone/hadoop-ozone/integration-test/target/log,AVAILABLE}
2024-04-28 12:45:23,858 [main] INFO  handler.ContextHandler (ContextHandler.java:doStart(921)) - Started o.e.j.s.ServletContextHandler@6bb37247{static,/static,file:///home/runner/work/ozone/ozone/hadoop-ozone/integration-test/target/test-classes/webapps/static,AVAILABLE}
2024-04-28 12:45:23,861 [main] INFO  handler.ContextHandler (ContextHandler.java:doStart(921)) - Started o.e.j.w.WebAppContext@385ceb2e{ozoneManager,/,file:///home/runner/work/ozone/ozone/hadoop-ozone/integration-test/target/test-classes/webapps/ozoneManager/,AVAILABLE}{file:/home/runner/work/ozone/ozone/hadoop-ozone/integration-test/target/test-classes/webapps/ozoneManager}
2024-04-28 12:45:23,861 [main] INFO  server.AbstractConnector (AbstractConnector.java:doStart(333)) - Started ServerConnector@3eb85d54{HTTP/1.1, (http/1.1)}{0.0.0.0:15361}
2024-04-28 12:45:23,862 [main] INFO  server.Server (Server.java:doStart(415)) - Started @144985ms
2024-04-28 12:45:23,862 [main] WARN  impl.MetricsSystemImpl (MetricsSystemImpl.java:register(279)) - Sink prometheus already exists!
2024-04-28 12:45:23,862 [main] INFO  http.BaseHttpServer (BaseHttpServer.java:updateConnectorAddress(354)) - HTTP server of ozoneManager listening at http://0.0.0.0:15361
2024-04-28 12:45:23,862 [IPC Server Responder] INFO  ipc.Server (Server.java:run(1562)) - IPC Server Responder: starting
2024-04-28 12:45:23,864 [IPC Server listener on 15360] INFO  ipc.Server (Server.java:run(1402)) - IPC Server listener on 15360: starting
2024-04-28 12:45:23,866 [main] INFO  om.OzoneManager (OzoneManager.java:startTrashEmptier(2121)) - Trash Interval set to 0. Files deleted won't move to trash
2024-04-28 12:45:23,877 [main] WARN  dropwizard3.Dm3MetricRegistriesImpl (Dm3MetricRegistriesImpl.java:addReporterRegistration(113)) - New reporters are added after registries were created. Some metrics will be missing from the reporter. Please add reporter before adding any new registry.
2024-04-28 12:45:23,877 [main] WARN  dropwizard3.Dm3MetricRegistriesImpl (Dm3MetricRegistriesImpl.java:addReporterRegistration(113)) - New reporters are added after registries were created. Some metrics will be missing from the reporter. Please add reporter before adding any new registry.
2024-04-28 12:45:23,878 [main] INFO  impl.MetricsSystemImpl (MetricsSystemImpl.java:init(158)) - HddsDatanode metrics system started (again)
2024-04-28 12:45:23,886 [main] INFO  ozone.HddsDatanodeService (HddsDatanodeService.java:start(240)) - HddsDatanodeService host:fv-az1392-52 ip:10.1.0.7
2024-04-28 12:45:23,901 [main] INFO  upgrade.AbstractLayoutVersionManager (AbstractLayoutVersionManager.java:init(83)) - Initializing Layout version manager with metadata layout = HADOOP_PRC_PORTS_IN_DATANODEDETAILS (version = 7), software layout = HADOOP_PRC_PORTS_IN_DATANODEDETAILS (version = 7)
2024-04-28 12:45:23,901 [main] INFO  statemachine.DatanodeStateMachine (DatanodeStateMachine.java:getEndPointTaskThreadPoolSize(299)) - Datanode State Machine Task Thread Pool size 2
2024-04-28 12:45:23,902 [main] INFO  volume.HddsVolume (HddsVolume.java:<init>(126)) - Creating HddsVolume: /home/runner/work/ozone/ozone/hadoop-ozone/integration-test/target/test-dir/MiniOzoneClusterImpl-4444f751-856d-4595-ad15-e87fc76049bc/ozone-meta/datanode-1/data-0/hdds of storage type : DISK capacity : 9223372036854775807
2024-04-28 12:45:23,902 [main] INFO  volume.MutableVolumeSet (MutableVolumeSet.java:initializeVolumeSet(173)) - Added Volume : /home/runner/work/ozone/ozone/hadoop-ozone/integration-test/target/test-dir/MiniOzoneClusterImpl-4444f751-856d-4595-ad15-e87fc76049bc/ozone-meta/datanode-1/data-0/hdds to VolumeSet
2024-04-28 12:45:23,903 [main] INFO  volume.MutableVolumeSet (MutableVolumeSet.java:initializeVolumeSet(173)) - Added Volume : /home/runner/work/ozone/ozone/hadoop-ozone/integration-test/target/test-dir/MiniOzoneClusterImpl-4444f751-856d-4595-ad15-e87fc76049bc/ozone-meta/datanode-1/ratis to VolumeSet
2024-04-28 12:45:23,903 [main] INFO  ozoneimpl.OzoneContainer (HddsVolumeUtil.java:loadAllHddsVolumeDbStore(103)) - Load 1 volumes DbStore cost: 0ms
2024-04-28 12:45:23,904 [main] INFO  server.RaftServer (ConfUtils.java:logGet(46)) - raft.rpc.type = GRPC (default)
2024-04-28 12:45:23,905 [main] INFO  grpc.GrpcConfigKeys (ConfUtils.java:logFallback(53)) - raft.grpc.admin.host = null (fallback to raft.grpc.server.host)
2024-04-28 12:45:23,905 [main] INFO  grpc.GrpcConfigKeys (ConfUtils.java:logGet(46)) - raft.grpc.admin.port = 15369 (custom)
2024-04-28 12:45:23,905 [main] INFO  grpc.GrpcConfigKeys (ConfUtils.java:logFallback(53)) - raft.grpc.client.host = null (fallback to raft.grpc.server.host)
2024-04-28 12:45:23,905 [main] INFO  grpc.GrpcConfigKeys (ConfUtils.java:logGet(46)) - raft.grpc.client.port = 15368 (custom)
2024-04-28 12:45:23,905 [main] INFO  grpc.GrpcConfigKeys (ConfUtils.java:logGet(46)) - raft.grpc.server.host = null (default)
2024-04-28 12:45:23,905 [main] INFO  grpc.GrpcConfigKeys (ConfUtils.java:logGet(46)) - raft.grpc.server.port = 15370 (custom)
2024-04-28 12:45:23,905 [main] INFO  server.GrpcService (ConfUtils.java:logGet(46)) - raft.grpc.message.size.max = 32MB (=33554432) (custom)
2024-04-28 12:45:23,905 [main] INFO  server.RaftServerConfigKeys (ConfUtils.java:logGet(46)) - raft.server.log.appender.buffer.byte-limit = 8388608 (custom)
2024-04-28 12:45:23,905 [main] INFO  server.GrpcService (ConfUtils.java:logGet(46)) - raft.grpc.flow.control.window = 5MB (=5242880) (custom)
2024-04-28 12:45:23,906 [main] INFO  server.RaftServerConfigKeys (ConfUtils.java:logGet(46)) - raft.server.rpc.request.timeout = 3000ms (default)
2024-04-28 12:45:23,906 [main] INFO  grpc.GrpcConfigKeys (ConfUtils.java:logGet(46)) - raft.grpc.server.heartbeat.channel = true (default)
2024-04-28 12:45:23,906 [main] INFO  grpc.GrpcConfigKeys (ConfUtils.java:logGet(46)) - raft.grpc.server.async.request.thread.pool.cached = true (default)
2024-04-28 12:45:23,906 [main] INFO  grpc.GrpcConfigKeys (ConfUtils.java:logGet(46)) - raft.grpc.server.async.request.thread.pool.size = 32 (default)
2024-04-28 12:45:23,908 [main] INFO  impl.DataStreamServerImpl (ConfUtils.java:logGet(46)) - raft.datastream.type = NETTY (custom)
2024-04-28 12:45:23,908 [main] INFO  server.RaftServerConfigKeys (ConfUtils.java:logGet(46)) - raft.server.data-stream.async.request.thread.pool.cached = false (default)
2024-04-28 12:45:23,908 [main] INFO  server.RaftServerConfigKeys (ConfUtils.java:logGet(46)) - raft.server.data-stream.async.request.thread.pool.size = 20 (custom)
2024-04-28 12:45:23,908 [main] INFO  server.RaftServerConfigKeys (ConfUtils.java:logGet(46)) - raft.server.data-stream.async.write.thread.pool.size = 16 (default)
2024-04-28 12:45:23,908 [main] INFO  netty.NettyConfigKeys$DataStream (ConfUtils.java:logGet(46)) - raft.netty.dataStream.server.channel.inactive.grace-period = 10min (default)
2024-04-28 12:45:23,908 [main] INFO  server.RaftServerConfigKeys (ConfUtils.java:logGet(46)) - raft.server.data-stream.client.pool.size = 10 (default)
2024-04-28 12:45:23,908 [main] INFO  netty.NettyConfigKeys$DataStream (ConfUtils.java:logGet(46)) - raft.netty.dataStream.server.use-epoll = true (default)
2024-04-28 12:45:23,908 [main] INFO  netty.NettyConfigKeys$DataStream (ConfUtils.java:logGet(46)) - raft.netty.dataStream.server.boss-group.size = 0 (default)
2024-04-28 12:45:23,909 [main] INFO  netty.NettyUtils (NettyUtils.java:newEventLoopGroup(69)) - Create EpollEventLoopGroup for 09d2ac22-859d-47ff-b3c3-58a3590cb163-NettyServerStreamRpc-bossGroup; Thread size is 0.
2024-04-28 12:45:23,909 [main] INFO  netty.NettyConfigKeys$DataStream (ConfUtils.java:logGet(46)) - raft.netty.dataStream.server.worker-group.size = 0 (default)
2024-04-28 12:45:23,909 [main] INFO  netty.NettyUtils (NettyUtils.java:newEventLoopGroup(69)) - Create EpollEventLoopGroup for 09d2ac22-859d-47ff-b3c3-58a3590cb163-NettyServerStreamRpc-workerGroup; Thread size is 0.
2024-04-28 12:45:23,909 [main] INFO  netty.NettyConfigKeys$DataStream (ConfUtils.java:logGet(46)) - raft.netty.dataStream.server.tls.conf = null (default)
2024-04-28 12:45:23,909 [main] INFO  netty.NettyConfigKeys$DataStream (ConfUtils.java:logGet(46)) - raft.netty.dataStream.host = null (default)
2024-04-28 12:45:23,909 [main] INFO  netty.NettyConfigKeys$DataStream (ConfUtils.java:logGet(46)) - raft.netty.dataStream.port = 15371 (custom)
2024-04-28 12:45:23,910 [main] INFO  server.RaftServerConfigKeys (ConfUtils.java:logGet(46)) - raft.server.sleep.deviation.threshold = 300ms (default)
2024-04-28 12:45:23,910 [main] INFO  server.RaftServerConfigKeys (ConfUtils.java:logGet(46)) - raft.server.close.threshold = 60s (default)
2024-04-28 12:45:23,910 [09d2ac22-859d-47ff-b3c3-58a3590cb163-NettyServerStreamRpc-bossGroup--thread1] INFO  logging.LoggingHandler (AbstractInternalLogger.java:log(148)) - [id: 0xb3075764] REGISTERED
2024-04-28 12:45:23,910 [main] INFO  server.RaftServerConfigKeys (ConfUtils.java:logGet(46)) - raft.server.leaderelection.leader.step-down.wait-time = 10s (default)
2024-04-28 12:45:23,910 [09d2ac22-859d-47ff-b3c3-58a3590cb163-NettyServerStreamRpc-bossGroup--thread1] INFO  logging.LoggingHandler (AbstractInternalLogger.java:log(148)) - [id: 0xb3075764] BIND: 0.0.0.0/0.0.0.0:15371
2024-04-28 12:45:23,910 [main] INFO  server.RaftServerConfigKeys (ConfUtils.java:logGet(46)) - raft.server.storage.dir = [/home/runner/work/ozone/ozone/hadoop-ozone/integration-test/target/test-dir/MiniOzoneClusterImpl-4444f751-856d-4595-ad15-e87fc76049bc/ozone-meta/datanode-1/ratis] (custom)
2024-04-28 12:45:23,911 [09d2ac22-859d-47ff-b3c3-58a3590cb163-NettyServerStreamRpc-bossGroup--thread1] INFO  logging.LoggingHandler (AbstractInternalLogger.java:log(148)) - [id: 0xb3075764, L:/0.0.0.0:15371] ACTIVE
2024-04-28 12:45:23,911 [main] INFO  server.RaftServerConfigKeys (ConfUtils.java:logGet(46)) - raft.server.threadpool.proxy.cached = true (default)
2024-04-28 12:45:23,911 [main] INFO  server.RaftServerConfigKeys (ConfUtils.java:logGet(46)) - raft.server.threadpool.proxy.size = 0 (default)
2024-04-28 12:45:23,911 [09d2ac22-859d-47ff-b3c3-58a3590cb163-impl-thread1] INFO  server.RaftServer (RaftServerProxy.java:initGroupDir(264)) - 09d2ac22-859d-47ff-b3c3-58a3590cb163: found a subdirectory /home/runner/work/ozone/ozone/hadoop-ozone/integration-test/target/test-dir/MiniOzoneClusterImpl-4444f751-856d-4595-ad15-e87fc76049bc/ozone-meta/datanode-1/ratis/tmp
2024-04-28 12:45:23,912 [09d2ac22-859d-47ff-b3c3-58a3590cb163-impl-thread1] INFO  server.RaftServer (RaftServerProxy.java:initGroupDir(269)) - 09d2ac22-859d-47ff-b3c3-58a3590cb163: The directory /home/runner/work/ozone/ozone/hadoop-ozone/integration-test/target/test-dir/MiniOzoneClusterImpl-4444f751-856d-4595-ad15-e87fc76049bc/ozone-meta/datanode-1/ratis/tmp is not a group directory; ignoring it. 
2024-04-28 12:45:23,912 [main] INFO  replication.ReplicationServer (ReplicationServer.java:<init>(86)) - Initializing replication server with thread count = 10 queue length = 4096
2024-04-28 12:45:23,913 [main] INFO  server.XceiverServerGrpc (XceiverServerGrpc.java:<init>(141)) - GrpcServer channel type EpollServerSocketChannel
2024-04-28 12:45:23,914 [main] INFO  replication.ReplicationSupervisor (ReplicationSupervisor.java:build(157)) - Initializing replication supervisor with thread count = 10
2024-04-28 12:45:23,914 [main] INFO  replication.ReplicationSupervisor (ReplicationSupervisor.java:nodeStateUpdated(312)) - Node state updated to IN_SERVICE, scaling executor pool size to 10
2024-04-28 12:45:23,916 [main] INFO  http.BaseHttpServer (BaseHttpServer.java:newHttpServer2BuilderForOzone(223)) - Starting Web-server for hddsDatanode at: http://0.0.0.0:15365
2024-04-28 12:45:23,916 [main] INFO  http.BaseHttpServer (BaseHttpServer.java:<init>(110)) - Hadoop Security Enabled: false Ozone Security Enabled: false Ozone HTTP Security Enabled: false 
2024-04-28 12:45:23,916 [main] WARN  server.AuthenticationFilter (AuthenticationFilter.java:constructSecretProvider(240)) - Unable to initialize FileSignerSecretProvider, falling back to use random secrets. Reason: Could not read signature secret file: /home/runner/hadoop-http-auth-signature-secret
2024-04-28 12:45:23,917 [main] INFO  http.HttpRequestLog (HttpRequestLog.java:getRequestLog(86)) - Http request log for http.requests.hddsDatanode is not defined
2024-04-28 12:45:23,918 [main] INFO  http.HttpServer2 (HttpServer2.java:addGlobalFilter(1036)) - Added global filter 'safety' (class=org.apache.hadoop.hdds.server.http.HttpServer2$QuotingInputFilter)
2024-04-28 12:45:23,918 [main] INFO  http.HttpServer2 (HttpServer2.java:addFilter(1012)) - Added filter static_user_filter (class=org.apache.hadoop.http.lib.StaticUserWebFilter$StaticUserFilter) to context hddsDatanode
2024-04-28 12:45:23,918 [main] INFO  http.HttpServer2 (HttpServer2.java:addFilter(1020)) - Added filter static_user_filter (class=org.apache.hadoop.http.lib.StaticUserWebFilter$StaticUserFilter) to context static
2024-04-28 12:45:23,918 [main] INFO  http.HttpServer2 (HttpServer2.java:addFilter(1020)) - Added filter static_user_filter (class=org.apache.hadoop.http.lib.StaticUserWebFilter$StaticUserFilter) to context logs
2024-04-28 12:45:23,919 [main] INFO  http.BaseHttpServer (BaseHttpServer.java:<init>(189)) - HTTP server of hddsDatanode uses base directory /home/runner/work/ozone/ozone/hadoop-ozone/integration-test/target/test-dir/MiniOzoneClusterImpl-4444f751-856d-4595-ad15-e87fc76049bc/ozone-meta/datanode-1/meta/webserver
2024-04-28 12:45:23,919 [main] INFO  http.HttpServer2 (HttpServer2.java:bindListener(1236)) - Jetty bound to port 15365
2024-04-28 12:45:23,919 [main] INFO  server.Server (Server.java:doStart(375)) - jetty-9.4.54.v20240208; built: 2024-02-08T19:42:39.027Z; git: cef3fbd6d736a21e7d541a5db490381d95a2047d; jvm 17.0.10+7
2024-04-28 12:45:23,920 [main] INFO  server.session (DefaultSessionIdManager.java:doStart(334)) - DefaultSessionIdManager workerName=node0
2024-04-28 12:45:23,920 [main] INFO  server.session (DefaultSessionIdManager.java:doStart(339)) - No SessionScavenger set, using defaults
2024-04-28 12:45:23,920 [main] INFO  server.session (HouseKeeper.java:startScavenging(132)) - node0 Scavenging every 660000ms
2024-04-28 12:45:23,921 [main] INFO  handler.ContextHandler (ContextHandler.java:doStart(921)) - Started o.e.j.s.ServletContextHandler@23720740{logs,/logs,file:///home/runner/work/ozone/ozone/hadoop-ozone/integration-test/target/log,AVAILABLE}
2024-04-28 12:45:23,921 [main] INFO  handler.ContextHandler (ContextHandler.java:doStart(921)) - Started o.e.j.s.ServletContextHandler@5e3e27af{static,/static,file:///home/runner/work/ozone/ozone/hadoop-hdds/container-service/target/classes/webapps/static,AVAILABLE}
2024-04-28 12:45:23,924 [main] INFO  handler.ContextHandler (ContextHandler.java:doStart(921)) - Started o.e.j.w.WebAppContext@4a8df93f{hddsDatanode,/,file:///home/runner/work/ozone/ozone/hadoop-hdds/container-service/target/classes/webapps/hddsDatanode/,AVAILABLE}{file:/home/runner/work/ozone/ozone/hadoop-hdds/container-service/target/classes/webapps/hddsDatanode}
2024-04-28 12:45:23,924 [main] INFO  server.AbstractConnector (AbstractConnector.java:doStart(333)) - Started ServerConnector@485461b7{HTTP/1.1, (http/1.1)}{0.0.0.0:15365}
2024-04-28 12:45:23,924 [main] INFO  server.Server (Server.java:doStart(415)) - Started @145047ms
2024-04-28 12:45:23,924 [main] WARN  impl.MetricsSystemImpl (MetricsSystemImpl.java:register(279)) - Sink prometheus already exists!
2024-04-28 12:45:23,925 [main] INFO  http.BaseHttpServer (BaseHttpServer.java:updateConnectorAddress(354)) - HTTP server of hddsDatanode listening at http://0.0.0.0:15365
2024-04-28 12:45:23,925 [main] INFO  ipc.CallQueueManager (CallQueueManager.java:<init>(90)) - Using callQueue: class java.util.concurrent.LinkedBlockingQueue, queueCapacity: 100, scheduler: class org.apache.hadoop.ipc.DefaultRpcScheduler, ipcBackoff: false.
2024-04-28 12:45:23,925 [main] INFO  ipc.Server (Server.java:<init>(1287)) - Listener at 0.0.0.0:15366
2024-04-28 12:45:23,925 [Socket Reader #1 for port 15366] INFO  ipc.Server (Server.java:run(1323)) - Starting Socket Reader #1 for port 15366
2024-04-28 12:45:23,926 [main] INFO  ozone.HddsDatanodeService (HddsDatanodeService.java:start(327)) - Datanode start with admins: [runner]
2024-04-28 12:45:23,927 [main] INFO  ozone.HddsDatanodeClientProtocolServer (HddsDatanodeClientProtocolServer.java:start(77)) - RPC server for Client /0.0.0.0:15366
2024-04-28 12:45:23,927 [IPC Server Responder] INFO  ipc.Server (Server.java:run(1562)) - IPC Server Responder: starting
2024-04-28 12:45:23,927 [IPC Server listener on 15366] INFO  ipc.Server (Server.java:run(1402)) - IPC Server listener on 15366: starting
2024-04-28 12:45:23,927 [09d2ac22-859d-47ff-b3c3-58a3590cb163-DatanodeStateMachineDaemonThread] INFO  statemachine.DatanodeStateMachine (DatanodeStateMachine.java:lambda$startDaemon$1(555)) - Ozone container server started.
2024-04-28 12:45:23,927 [main] WARN  dropwizard3.Dm3MetricRegistriesImpl (Dm3MetricRegistriesImpl.java:addReporterRegistration(113)) - New reporters are added after registries were created. Some metrics will be missing from the reporter. Please add reporter before adding any new registry.
2024-04-28 12:45:23,927 [main] WARN  dropwizard3.Dm3MetricRegistriesImpl (Dm3MetricRegistriesImpl.java:addReporterRegistration(113)) - New reporters are added after registries were created. Some metrics will be missing from the reporter. Please add reporter before adding any new registry.
2024-04-28 12:45:23,927 [main] INFO  impl.MetricsSystemImpl (MetricsSystemImpl.java:init(158)) - HddsDatanode metrics system started (again)
2024-04-28 12:45:23,936 [09d2ac22-859d-47ff-b3c3-58a3590cb163-DatanodeStateMachineTaskThread-0] INFO  datanode.InitDatanodeState (InitDatanodeState.java:persistContainerDatanodeDetails(139)) - DatanodeDetails is persisted to /home/runner/work/ozone/ozone/hadoop-ozone/integration-test/target/test-dir/MiniOzoneClusterImpl-4444f751-856d-4595-ad15-e87fc76049bc/ozone-meta/datanode-1/meta/datanode.id
2024-04-28 12:45:23,936 [main] INFO  ozone.HddsDatanodeService (HddsDatanodeService.java:start(240)) - HddsDatanodeService host:fv-az1392-52 ip:10.1.0.7
2024-04-28 12:45:23,950 [main] INFO  upgrade.AbstractLayoutVersionManager (AbstractLayoutVersionManager.java:init(83)) - Initializing Layout version manager with metadata layout = HADOOP_PRC_PORTS_IN_DATANODEDETAILS (version = 7), software layout = HADOOP_PRC_PORTS_IN_DATANODEDETAILS (version = 7)
2024-04-28 12:45:23,950 [main] INFO  statemachine.DatanodeStateMachine (DatanodeStateMachine.java:getEndPointTaskThreadPoolSize(299)) - Datanode State Machine Task Thread Pool size 2
2024-04-28 12:45:23,951 [main] INFO  volume.HddsVolume (HddsVolume.java:<init>(126)) - Creating HddsVolume: /home/runner/work/ozone/ozone/hadoop-ozone/integration-test/target/test-dir/MiniOzoneClusterImpl-4444f751-856d-4595-ad15-e87fc76049bc/ozone-meta/datanode-2/data-0/hdds of storage type : DISK capacity : 9223372036854775807
2024-04-28 12:45:23,951 [main] INFO  volume.MutableVolumeSet (MutableVolumeSet.java:initializeVolumeSet(173)) - Added Volume : /home/runner/work/ozone/ozone/hadoop-ozone/integration-test/target/test-dir/MiniOzoneClusterImpl-4444f751-856d-4595-ad15-e87fc76049bc/ozone-meta/datanode-2/data-0/hdds to VolumeSet
2024-04-28 12:45:23,951 [main] INFO  volume.MutableVolumeSet (MutableVolumeSet.java:initializeVolumeSet(173)) - Added Volume : /home/runner/work/ozone/ozone/hadoop-ozone/integration-test/target/test-dir/MiniOzoneClusterImpl-4444f751-856d-4595-ad15-e87fc76049bc/ozone-meta/datanode-2/ratis to VolumeSet
2024-04-28 12:45:23,952 [main] INFO  ozoneimpl.OzoneContainer (HddsVolumeUtil.java:loadAllHddsVolumeDbStore(103)) - Load 1 volumes DbStore cost: 0ms
2024-04-28 12:45:23,953 [main] INFO  server.RaftServer (ConfUtils.java:logGet(46)) - raft.rpc.type = GRPC (default)
2024-04-28 12:45:23,953 [main] INFO  grpc.GrpcConfigKeys (ConfUtils.java:logFallback(53)) - raft.grpc.admin.host = null (fallback to raft.grpc.server.host)
2024-04-28 12:45:23,953 [main] INFO  grpc.GrpcConfigKeys (ConfUtils.java:logGet(46)) - raft.grpc.admin.port = 15378 (custom)
2024-04-28 12:45:23,953 [main] INFO  grpc.GrpcConfigKeys (ConfUtils.java:logFallback(53)) - raft.grpc.client.host = null (fallback to raft.grpc.server.host)
2024-04-28 12:45:23,954 [main] INFO  grpc.GrpcConfigKeys (ConfUtils.java:logGet(46)) - raft.grpc.client.port = 15377 (custom)
2024-04-28 12:45:23,954 [main] INFO  grpc.GrpcConfigKeys (ConfUtils.java:logGet(46)) - raft.grpc.server.host = null (default)
2024-04-28 12:45:23,954 [main] INFO  grpc.GrpcConfigKeys (ConfUtils.java:logGet(46)) - raft.grpc.server.port = 15379 (custom)
2024-04-28 12:45:23,954 [main] INFO  server.GrpcService (ConfUtils.java:logGet(46)) - raft.grpc.message.size.max = 32MB (=33554432) (custom)
2024-04-28 12:45:23,954 [main] INFO  server.RaftServerConfigKeys (ConfUtils.java:logGet(46)) - raft.server.log.appender.buffer.byte-limit = 8388608 (custom)
2024-04-28 12:45:23,954 [main] INFO  server.GrpcService (ConfUtils.java:logGet(46)) - raft.grpc.flow.control.window = 5MB (=5242880) (custom)
2024-04-28 12:45:23,954 [main] INFO  server.RaftServerConfigKeys (ConfUtils.java:logGet(46)) - raft.server.rpc.request.timeout = 3000ms (default)
2024-04-28 12:45:23,954 [main] INFO  grpc.GrpcConfigKeys (ConfUtils.java:logGet(46)) - raft.grpc.server.heartbeat.channel = true (default)
2024-04-28 12:45:23,954 [main] INFO  grpc.GrpcConfigKeys (ConfUtils.java:logGet(46)) - raft.grpc.server.async.request.thread.pool.cached = true (default)
2024-04-28 12:45:23,954 [main] INFO  grpc.GrpcConfigKeys (ConfUtils.java:logGet(46)) - raft.grpc.server.async.request.thread.pool.size = 32 (default)
2024-04-28 12:45:23,956 [main] INFO  impl.DataStreamServerImpl (ConfUtils.java:logGet(46)) - raft.datastream.type = NETTY (custom)
2024-04-28 12:45:23,956 [main] INFO  server.RaftServerConfigKeys (ConfUtils.java:logGet(46)) - raft.server.data-stream.async.request.thread.pool.cached = false (default)
2024-04-28 12:45:23,956 [main] INFO  server.RaftServerConfigKeys (ConfUtils.java:logGet(46)) - raft.server.data-stream.async.request.thread.pool.size = 20 (custom)
2024-04-28 12:45:23,956 [main] INFO  server.RaftServerConfigKeys (ConfUtils.java:logGet(46)) - raft.server.data-stream.async.write.thread.pool.size = 16 (default)
2024-04-28 12:45:23,956 [main] INFO  netty.NettyConfigKeys$DataStream (ConfUtils.java:logGet(46)) - raft.netty.dataStream.server.channel.inactive.grace-period = 10min (default)
2024-04-28 12:45:23,956 [main] INFO  server.RaftServerConfigKeys (ConfUtils.java:logGet(46)) - raft.server.data-stream.client.pool.size = 10 (default)
2024-04-28 12:45:23,956 [main] INFO  netty.NettyConfigKeys$DataStream (ConfUtils.java:logGet(46)) - raft.netty.dataStream.server.use-epoll = true (default)
2024-04-28 12:45:23,956 [main] INFO  netty.NettyConfigKeys$DataStream (ConfUtils.java:logGet(46)) - raft.netty.dataStream.server.boss-group.size = 0 (default)
2024-04-28 12:45:23,956 [main] INFO  netty.NettyUtils (NettyUtils.java:newEventLoopGroup(69)) - Create EpollEventLoopGroup for a004c341-03e6-4aa5-a556-61598c35a019-NettyServerStreamRpc-bossGroup; Thread size is 0.
2024-04-28 12:45:23,957 [main] INFO  netty.NettyConfigKeys$DataStream (ConfUtils.java:logGet(46)) - raft.netty.dataStream.server.worker-group.size = 0 (default)
2024-04-28 12:45:23,957 [main] INFO  netty.NettyUtils (NettyUtils.java:newEventLoopGroup(69)) - Create EpollEventLoopGroup for a004c341-03e6-4aa5-a556-61598c35a019-NettyServerStreamRpc-workerGroup; Thread size is 0.
2024-04-28 12:45:23,957 [main] INFO  netty.NettyConfigKeys$DataStream (ConfUtils.java:logGet(46)) - raft.netty.dataStream.server.tls.conf = null (default)
2024-04-28 12:45:23,957 [main] INFO  netty.NettyConfigKeys$DataStream (ConfUtils.java:logGet(46)) - raft.netty.dataStream.host = null (default)
2024-04-28 12:45:23,957 [main] INFO  netty.NettyConfigKeys$DataStream (ConfUtils.java:logGet(46)) - raft.netty.dataStream.port = 15380 (custom)
2024-04-28 12:45:23,958 [main] INFO  server.RaftServerConfigKeys (ConfUtils.java:logGet(46)) - raft.server.sleep.deviation.threshold = 300ms (default)
2024-04-28 12:45:23,958 [main] INFO  server.RaftServerConfigKeys (ConfUtils.java:logGet(46)) - raft.server.close.threshold = 60s (default)
2024-04-28 12:45:23,958 [main] INFO  server.RaftServerConfigKeys (ConfUtils.java:logGet(46)) - raft.server.leaderelection.leader.step-down.wait-time = 10s (default)
2024-04-28 12:45:23,958 [a004c341-03e6-4aa5-a556-61598c35a019-NettyServerStreamRpc-bossGroup--thread1] INFO  logging.LoggingHandler (AbstractInternalLogger.java:log(148)) - [id: 0xa4d34fe7] REGISTERED
2024-04-28 12:45:23,958 [a004c341-03e6-4aa5-a556-61598c35a019-NettyServerStreamRpc-bossGroup--thread1] INFO  logging.LoggingHandler (AbstractInternalLogger.java:log(148)) - [id: 0xa4d34fe7] BIND: 0.0.0.0/0.0.0.0:15380
2024-04-28 12:45:23,958 [a004c341-03e6-4aa5-a556-61598c35a019-NettyServerStreamRpc-bossGroup--thread1] INFO  logging.LoggingHandler (AbstractInternalLogger.java:log(148)) - [id: 0xa4d34fe7, L:/0.0.0.0:15380] ACTIVE
2024-04-28 12:45:23,958 [main] INFO  server.RaftServerConfigKeys (ConfUtils.java:logGet(46)) - raft.server.storage.dir = [/home/runner/work/ozone/ozone/hadoop-ozone/integration-test/target/test-dir/MiniOzoneClusterImpl-4444f751-856d-4595-ad15-e87fc76049bc/ozone-meta/datanode-2/ratis] (custom)
2024-04-28 12:45:23,958 [main] INFO  server.RaftServerConfigKeys (ConfUtils.java:logGet(46)) - raft.server.threadpool.proxy.cached = true (default)
2024-04-28 12:45:23,958 [main] INFO  server.RaftServerConfigKeys (ConfUtils.java:logGet(46)) - raft.server.threadpool.proxy.size = 0 (default)
2024-04-28 12:45:23,959 [a004c341-03e6-4aa5-a556-61598c35a019-impl-thread1] INFO  server.RaftServer (RaftServerProxy.java:initGroupDir(264)) - a004c341-03e6-4aa5-a556-61598c35a019: found a subdirectory /home/runner/work/ozone/ozone/hadoop-ozone/integration-test/target/test-dir/MiniOzoneClusterImpl-4444f751-856d-4595-ad15-e87fc76049bc/ozone-meta/datanode-2/ratis/tmp
2024-04-28 12:45:23,959 [a004c341-03e6-4aa5-a556-61598c35a019-impl-thread1] INFO  server.RaftServer (RaftServerProxy.java:initGroupDir(269)) - a004c341-03e6-4aa5-a556-61598c35a019: The directory /home/runner/work/ozone/ozone/hadoop-ozone/integration-test/target/test-dir/MiniOzoneClusterImpl-4444f751-856d-4595-ad15-e87fc76049bc/ozone-meta/datanode-2/ratis/tmp is not a group directory; ignoring it. 
2024-04-28 12:45:23,959 [main] INFO  replication.ReplicationServer (ReplicationServer.java:<init>(86)) - Initializing replication server with thread count = 10 queue length = 4096
2024-04-28 12:45:23,960 [main] INFO  server.XceiverServerGrpc (XceiverServerGrpc.java:<init>(141)) - GrpcServer channel type EpollServerSocketChannel
2024-04-28 12:45:23,961 [main] INFO  replication.ReplicationSupervisor (ReplicationSupervisor.java:build(157)) - Initializing replication supervisor with thread count = 10
2024-04-28 12:45:23,961 [main] INFO  replication.ReplicationSupervisor (ReplicationSupervisor.java:nodeStateUpdated(312)) - Node state updated to IN_SERVICE, scaling executor pool size to 10
2024-04-28 12:45:23,963 [main] INFO  http.BaseHttpServer (BaseHttpServer.java:newHttpServer2BuilderForOzone(223)) - Starting Web-server for hddsDatanode at: http://0.0.0.0:15374
2024-04-28 12:45:23,963 [main] INFO  http.BaseHttpServer (BaseHttpServer.java:<init>(110)) - Hadoop Security Enabled: false Ozone Security Enabled: false Ozone HTTP Security Enabled: false 
2024-04-28 12:45:23,963 [main] WARN  server.AuthenticationFilter (AuthenticationFilter.java:constructSecretProvider(240)) - Unable to initialize FileSignerSecretProvider, falling back to use random secrets. Reason: Could not read signature secret file: /home/runner/hadoop-http-auth-signature-secret
2024-04-28 12:45:23,964 [main] INFO  http.HttpRequestLog (HttpRequestLog.java:getRequestLog(86)) - Http request log for http.requests.hddsDatanode is not defined
2024-04-28 12:45:23,965 [main] INFO  http.HttpServer2 (HttpServer2.java:addGlobalFilter(1036)) - Added global filter 'safety' (class=org.apache.hadoop.hdds.server.http.HttpServer2$QuotingInputFilter)
2024-04-28 12:45:23,966 [main] INFO  http.HttpServer2 (HttpServer2.java:addFilter(1012)) - Added filter static_user_filter (class=org.apache.hadoop.http.lib.StaticUserWebFilter$StaticUserFilter) to context hddsDatanode
2024-04-28 12:45:23,966 [main] INFO  http.HttpServer2 (HttpServer2.java:addFilter(1020)) - Added filter static_user_filter (class=org.apache.hadoop.http.lib.StaticUserWebFilter$StaticUserFilter) to context static
2024-04-28 12:45:23,966 [main] INFO  http.HttpServer2 (HttpServer2.java:addFilter(1020)) - Added filter static_user_filter (class=org.apache.hadoop.http.lib.StaticUserWebFilter$StaticUserFilter) to context logs
2024-04-28 12:45:23,966 [main] INFO  http.BaseHttpServer (BaseHttpServer.java:<init>(189)) - HTTP server of hddsDatanode uses base directory /home/runner/work/ozone/ozone/hadoop-ozone/integration-test/target/test-dir/MiniOzoneClusterImpl-4444f751-856d-4595-ad15-e87fc76049bc/ozone-meta/datanode-2/meta/webserver
2024-04-28 12:45:23,966 [main] INFO  http.HttpServer2 (HttpServer2.java:bindListener(1236)) - Jetty bound to port 15374
2024-04-28 12:45:23,967 [main] INFO  server.Server (Server.java:doStart(375)) - jetty-9.4.54.v20240208; built: 2024-02-08T19:42:39.027Z; git: cef3fbd6d736a21e7d541a5db490381d95a2047d; jvm 17.0.10+7
2024-04-28 12:45:23,968 [main] INFO  server.session (DefaultSessionIdManager.java:doStart(334)) - DefaultSessionIdManager workerName=node0
2024-04-28 12:45:23,968 [main] INFO  server.session (DefaultSessionIdManager.java:doStart(339)) - No SessionScavenger set, using defaults
2024-04-28 12:45:23,968 [main] INFO  server.session (HouseKeeper.java:startScavenging(132)) - node0 Scavenging every 660000ms
2024-04-28 12:45:23,969 [main] INFO  handler.ContextHandler (ContextHandler.java:doStart(921)) - Started o.e.j.s.ServletContextHandler@50818b2f{logs,/logs,file:///home/runner/work/ozone/ozone/hadoop-ozone/integration-test/target/log,AVAILABLE}
2024-04-28 12:45:23,969 [main] INFO  handler.ContextHandler (ContextHandler.java:doStart(921)) - Started o.e.j.s.ServletContextHandler@3239f4c1{static,/static,file:///home/runner/work/ozone/ozone/hadoop-hdds/container-service/target/classes/webapps/static,AVAILABLE}
2024-04-28 12:45:23,972 [main] INFO  handler.ContextHandler (ContextHandler.java:doStart(921)) - Started o.e.j.w.WebAppContext@3141db11{hddsDatanode,/,file:///home/runner/work/ozone/ozone/hadoop-hdds/container-service/target/classes/webapps/hddsDatanode/,AVAILABLE}{file:/home/runner/work/ozone/ozone/hadoop-hdds/container-service/target/classes/webapps/hddsDatanode}
2024-04-28 12:45:23,972 [main] INFO  server.AbstractConnector (AbstractConnector.java:doStart(333)) - Started ServerConnector@414cf106{HTTP/1.1, (http/1.1)}{0.0.0.0:15374}
2024-04-28 12:45:23,973 [main] INFO  server.Server (Server.java:doStart(415)) - Started @145096ms
2024-04-28 12:45:23,973 [main] WARN  impl.MetricsSystemImpl (MetricsSystemImpl.java:register(279)) - Sink prometheus already exists!
2024-04-28 12:45:23,973 [main] INFO  http.BaseHttpServer (BaseHttpServer.java:updateConnectorAddress(354)) - HTTP server of hddsDatanode listening at http://0.0.0.0:15374
2024-04-28 12:45:23,973 [main] INFO  ipc.CallQueueManager (CallQueueManager.java:<init>(90)) - Using callQueue: class java.util.concurrent.LinkedBlockingQueue, queueCapacity: 100, scheduler: class org.apache.hadoop.ipc.DefaultRpcScheduler, ipcBackoff: false.
2024-04-28 12:45:23,973 [main] INFO  ipc.Server (Server.java:<init>(1287)) - Listener at 0.0.0.0:15375
2024-04-28 12:45:23,974 [Socket Reader #1 for port 15375] INFO  ipc.Server (Server.java:run(1323)) - Starting Socket Reader #1 for port 15375
2024-04-28 12:45:23,975 [main] INFO  ozone.HddsDatanodeService (HddsDatanodeService.java:start(327)) - Datanode start with admins: [runner]
2024-04-28 12:45:23,975 [main] INFO  ozone.HddsDatanodeClientProtocolServer (HddsDatanodeClientProtocolServer.java:start(77)) - RPC server for Client /0.0.0.0:15375
2024-04-28 12:45:23,975 [IPC Server Responder] INFO  ipc.Server (Server.java:run(1562)) - IPC Server Responder: starting
2024-04-28 12:45:23,975 [IPC Server listener on 15375] INFO  ipc.Server (Server.java:run(1402)) - IPC Server listener on 15375: starting
2024-04-28 12:45:23,976 [main] WARN  dropwizard3.Dm3MetricRegistriesImpl (Dm3MetricRegistriesImpl.java:addReporterRegistration(113)) - New reporters are added after registries were created. Some metrics will be missing from the reporter. Please add reporter before adding any new registry.
2024-04-28 12:45:23,976 [main] WARN  dropwizard3.Dm3MetricRegistriesImpl (Dm3MetricRegistriesImpl.java:addReporterRegistration(113)) - New reporters are added after registries were created. Some metrics will be missing from the reporter. Please add reporter before adding any new registry.
2024-04-28 12:45:23,976 [main] INFO  impl.MetricsSystemImpl (MetricsSystemImpl.java:init(158)) - HddsDatanode metrics system started (again)
2024-04-28 12:45:23,982 [a004c341-03e6-4aa5-a556-61598c35a019-DatanodeStateMachineDaemonThread] INFO  statemachine.DatanodeStateMachine (DatanodeStateMachine.java:lambda$startDaemon$1(555)) - Ozone container server started.
2024-04-28 12:45:23,984 [a004c341-03e6-4aa5-a556-61598c35a019-DatanodeStateMachineTaskThread-0] INFO  datanode.InitDatanodeState (InitDatanodeState.java:persistContainerDatanodeDetails(139)) - DatanodeDetails is persisted to /home/runner/work/ozone/ozone/hadoop-ozone/integration-test/target/test-dir/MiniOzoneClusterImpl-4444f751-856d-4595-ad15-e87fc76049bc/ozone-meta/datanode-2/meta/datanode.id
2024-04-28 12:45:23,988 [main] INFO  ozone.HddsDatanodeService (HddsDatanodeService.java:start(240)) - HddsDatanodeService host:fv-az1392-52 ip:10.1.0.7
2024-04-28 12:45:24,008 [main] INFO  upgrade.AbstractLayoutVersionManager (AbstractLayoutVersionManager.java:init(83)) - Initializing Layout version manager with metadata layout = HADOOP_PRC_PORTS_IN_DATANODEDETAILS (version = 7), software layout = HADOOP_PRC_PORTS_IN_DATANODEDETAILS (version = 7)
2024-04-28 12:45:24,009 [main] INFO  statemachine.DatanodeStateMachine (DatanodeStateMachine.java:getEndPointTaskThreadPoolSize(299)) - Datanode State Machine Task Thread Pool size 2
2024-04-28 12:45:24,010 [main] INFO  volume.HddsVolume (HddsVolume.java:<init>(126)) - Creating HddsVolume: /home/runner/work/ozone/ozone/hadoop-ozone/integration-test/target/test-dir/MiniOzoneClusterImpl-4444f751-856d-4595-ad15-e87fc76049bc/ozone-meta/datanode-3/data-0/hdds of storage type : DISK capacity : 9223372036854775807
2024-04-28 12:45:24,010 [main] INFO  volume.MutableVolumeSet (MutableVolumeSet.java:initializeVolumeSet(173)) - Added Volume : /home/runner/work/ozone/ozone/hadoop-ozone/integration-test/target/test-dir/MiniOzoneClusterImpl-4444f751-856d-4595-ad15-e87fc76049bc/ozone-meta/datanode-3/data-0/hdds to VolumeSet
2024-04-28 12:45:24,011 [main] INFO  volume.MutableVolumeSet (MutableVolumeSet.java:initializeVolumeSet(173)) - Added Volume : /home/runner/work/ozone/ozone/hadoop-ozone/integration-test/target/test-dir/MiniOzoneClusterImpl-4444f751-856d-4595-ad15-e87fc76049bc/ozone-meta/datanode-3/ratis to VolumeSet
2024-04-28 12:45:24,011 [main] INFO  ozoneimpl.OzoneContainer (HddsVolumeUtil.java:loadAllHddsVolumeDbStore(103)) - Load 1 volumes DbStore cost: 0ms
2024-04-28 12:45:24,013 [main] INFO  server.RaftServer (ConfUtils.java:logGet(46)) - raft.rpc.type = GRPC (default)
2024-04-28 12:45:24,013 [main] INFO  grpc.GrpcConfigKeys (ConfUtils.java:logFallback(53)) - raft.grpc.admin.host = null (fallback to raft.grpc.server.host)
2024-04-28 12:45:24,013 [main] INFO  grpc.GrpcConfigKeys (ConfUtils.java:logGet(46)) - raft.grpc.admin.port = 15387 (custom)
2024-04-28 12:45:24,013 [main] INFO  grpc.GrpcConfigKeys (ConfUtils.java:logFallback(53)) - raft.grpc.client.host = null (fallback to raft.grpc.server.host)
2024-04-28 12:45:24,013 [main] INFO  grpc.GrpcConfigKeys (ConfUtils.java:logGet(46)) - raft.grpc.client.port = 15386 (custom)
2024-04-28 12:45:24,013 [main] INFO  grpc.GrpcConfigKeys (ConfUtils.java:logGet(46)) - raft.grpc.server.host = null (default)
2024-04-28 12:45:24,013 [main] INFO  grpc.GrpcConfigKeys (ConfUtils.java:logGet(46)) - raft.grpc.server.port = 15388 (custom)
2024-04-28 12:45:24,013 [main] INFO  server.GrpcService (ConfUtils.java:logGet(46)) - raft.grpc.message.size.max = 32MB (=33554432) (custom)
2024-04-28 12:45:24,013 [main] INFO  server.RaftServerConfigKeys (ConfUtils.java:logGet(46)) - raft.server.log.appender.buffer.byte-limit = 8388608 (custom)
2024-04-28 12:45:24,013 [main] INFO  server.GrpcService (ConfUtils.java:logGet(46)) - raft.grpc.flow.control.window = 5MB (=5242880) (custom)
2024-04-28 12:45:24,013 [main] INFO  server.RaftServerConfigKeys (ConfUtils.java:logGet(46)) - raft.server.rpc.request.timeout = 3000ms (default)
2024-04-28 12:45:24,014 [main] INFO  grpc.GrpcConfigKeys (ConfUtils.java:logGet(46)) - raft.grpc.server.heartbeat.channel = true (default)
2024-04-28 12:45:24,014 [main] INFO  grpc.GrpcConfigKeys (ConfUtils.java:logGet(46)) - raft.grpc.server.async.request.thread.pool.cached = true (default)
2024-04-28 12:45:24,014 [main] INFO  grpc.GrpcConfigKeys (ConfUtils.java:logGet(46)) - raft.grpc.server.async.request.thread.pool.size = 32 (default)
2024-04-28 12:45:24,016 [main] INFO  impl.DataStreamServerImpl (ConfUtils.java:logGet(46)) - raft.datastream.type = NETTY (custom)
2024-04-28 12:45:24,016 [main] INFO  server.RaftServerConfigKeys (ConfUtils.java:logGet(46)) - raft.server.data-stream.async.request.thread.pool.cached = false (default)
2024-04-28 12:45:24,016 [main] INFO  server.RaftServerConfigKeys (ConfUtils.java:logGet(46)) - raft.server.data-stream.async.request.thread.pool.size = 20 (custom)
2024-04-28 12:45:24,016 [main] INFO  server.RaftServerConfigKeys (ConfUtils.java:logGet(46)) - raft.server.data-stream.async.write.thread.pool.size = 16 (default)
2024-04-28 12:45:24,016 [main] INFO  netty.NettyConfigKeys$DataStream (ConfUtils.java:logGet(46)) - raft.netty.dataStream.server.channel.inactive.grace-period = 10min (default)
2024-04-28 12:45:24,016 [main] INFO  server.RaftServerConfigKeys (ConfUtils.java:logGet(46)) - raft.server.data-stream.client.pool.size = 10 (default)
2024-04-28 12:45:24,016 [main] INFO  netty.NettyConfigKeys$DataStream (ConfUtils.java:logGet(46)) - raft.netty.dataStream.server.use-epoll = true (default)
2024-04-28 12:45:24,017 [main] INFO  netty.NettyConfigKeys$DataStream (ConfUtils.java:logGet(46)) - raft.netty.dataStream.server.boss-group.size = 0 (default)
2024-04-28 12:45:24,017 [main] INFO  netty.NettyUtils (NettyUtils.java:newEventLoopGroup(69)) - Create EpollEventLoopGroup for 81492a0b-8554-4d1c-9efe-d356d82cfcc4-NettyServerStreamRpc-bossGroup; Thread size is 0.
2024-04-28 12:45:24,017 [main] INFO  netty.NettyConfigKeys$DataStream (ConfUtils.java:logGet(46)) - raft.netty.dataStream.server.worker-group.size = 0 (default)
2024-04-28 12:45:24,017 [main] INFO  netty.NettyUtils (NettyUtils.java:newEventLoopGroup(69)) - Create EpollEventLoopGroup for 81492a0b-8554-4d1c-9efe-d356d82cfcc4-NettyServerStreamRpc-workerGroup; Thread size is 0.
2024-04-28 12:45:24,017 [main] INFO  netty.NettyConfigKeys$DataStream (ConfUtils.java:logGet(46)) - raft.netty.dataStream.server.tls.conf = null (default)
2024-04-28 12:45:24,017 [main] INFO  netty.NettyConfigKeys$DataStream (ConfUtils.java:logGet(46)) - raft.netty.dataStream.host = null (default)
2024-04-28 12:45:24,017 [main] INFO  netty.NettyConfigKeys$DataStream (ConfUtils.java:logGet(46)) - raft.netty.dataStream.port = 15389 (custom)
2024-04-28 12:45:24,018 [main] INFO  server.RaftServerConfigKeys (ConfUtils.java:logGet(46)) - raft.server.sleep.deviation.threshold = 300ms (default)
2024-04-28 12:45:24,018 [main] INFO  server.RaftServerConfigKeys (ConfUtils.java:logGet(46)) - raft.server.close.threshold = 60s (default)
2024-04-28 12:45:24,018 [main] INFO  server.RaftServerConfigKeys (ConfUtils.java:logGet(46)) - raft.server.leaderelection.leader.step-down.wait-time = 10s (default)
2024-04-28 12:45:24,018 [main] INFO  server.RaftServerConfigKeys (ConfUtils.java:logGet(46)) - raft.server.storage.dir = [/home/runner/work/ozone/ozone/hadoop-ozone/integration-test/target/test-dir/MiniOzoneClusterImpl-4444f751-856d-4595-ad15-e87fc76049bc/ozone-meta/datanode-3/ratis] (custom)
2024-04-28 12:45:24,018 [main] INFO  server.RaftServerConfigKeys (ConfUtils.java:logGet(46)) - raft.server.threadpool.proxy.cached = true (default)
2024-04-28 12:45:24,018 [main] INFO  server.RaftServerConfigKeys (ConfUtils.java:logGet(46)) - raft.server.threadpool.proxy.size = 0 (default)
2024-04-28 12:45:24,019 [81492a0b-8554-4d1c-9efe-d356d82cfcc4-impl-thread1] INFO  server.RaftServer (RaftServerProxy.java:initGroupDir(264)) - 81492a0b-8554-4d1c-9efe-d356d82cfcc4: found a subdirectory /home/runner/work/ozone/ozone/hadoop-ozone/integration-test/target/test-dir/MiniOzoneClusterImpl-4444f751-856d-4595-ad15-e87fc76049bc/ozone-meta/datanode-3/ratis/tmp
2024-04-28 12:45:24,019 [81492a0b-8554-4d1c-9efe-d356d82cfcc4-impl-thread1] INFO  server.RaftServer (RaftServerProxy.java:initGroupDir(269)) - 81492a0b-8554-4d1c-9efe-d356d82cfcc4: The directory /home/runner/work/ozone/ozone/hadoop-ozone/integration-test/target/test-dir/MiniOzoneClusterImpl-4444f751-856d-4595-ad15-e87fc76049bc/ozone-meta/datanode-3/ratis/tmp is not a group directory; ignoring it. 
2024-04-28 12:45:24,019 [main] INFO  replication.ReplicationServer (ReplicationServer.java:<init>(86)) - Initializing replication server with thread count = 10 queue length = 4096
2024-04-28 12:45:24,019 [81492a0b-8554-4d1c-9efe-d356d82cfcc4-NettyServerStreamRpc-bossGroup--thread1] INFO  logging.LoggingHandler (AbstractInternalLogger.java:log(148)) - [id: 0x8c714093] REGISTERED
2024-04-28 12:45:24,020 [81492a0b-8554-4d1c-9efe-d356d82cfcc4-NettyServerStreamRpc-bossGroup--thread1] INFO  logging.LoggingHandler (AbstractInternalLogger.java:log(148)) - [id: 0x8c714093] BIND: 0.0.0.0/0.0.0.0:15389
2024-04-28 12:45:24,020 [main] INFO  server.XceiverServerGrpc (XceiverServerGrpc.java:<init>(141)) - GrpcServer channel type EpollServerSocketChannel
2024-04-28 12:45:24,021 [81492a0b-8554-4d1c-9efe-d356d82cfcc4-NettyServerStreamRpc-bossGroup--thread1] INFO  logging.LoggingHandler (AbstractInternalLogger.java:log(148)) - [id: 0x8c714093, L:/0.0.0.0:15389] ACTIVE
2024-04-28 12:45:24,022 [main] INFO  replication.ReplicationSupervisor (ReplicationSupervisor.java:build(157)) - Initializing replication supervisor with thread count = 10
2024-04-28 12:45:24,022 [main] INFO  replication.ReplicationSupervisor (ReplicationSupervisor.java:nodeStateUpdated(312)) - Node state updated to IN_SERVICE, scaling executor pool size to 10
2024-04-28 12:45:24,024 [main] INFO  http.BaseHttpServer (BaseHttpServer.java:newHttpServer2BuilderForOzone(223)) - Starting Web-server for hddsDatanode at: http://0.0.0.0:15383
2024-04-28 12:45:24,024 [main] INFO  http.BaseHttpServer (BaseHttpServer.java:<init>(110)) - Hadoop Security Enabled: false Ozone Security Enabled: false Ozone HTTP Security Enabled: false 
2024-04-28 12:45:24,025 [main] WARN  server.AuthenticationFilter (AuthenticationFilter.java:constructSecretProvider(240)) - Unable to initialize FileSignerSecretProvider, falling back to use random secrets. Reason: Could not read signature secret file: /home/runner/hadoop-http-auth-signature-secret
2024-04-28 12:45:24,025 [main] INFO  http.HttpRequestLog (HttpRequestLog.java:getRequestLog(86)) - Http request log for http.requests.hddsDatanode is not defined
2024-04-28 12:45:24,026 [main] INFO  http.HttpServer2 (HttpServer2.java:addGlobalFilter(1036)) - Added global filter 'safety' (class=org.apache.hadoop.hdds.server.http.HttpServer2$QuotingInputFilter)
2024-04-28 12:45:24,026 [main] INFO  http.HttpServer2 (HttpServer2.java:addFilter(1012)) - Added filter static_user_filter (class=org.apache.hadoop.http.lib.StaticUserWebFilter$StaticUserFilter) to context hddsDatanode
2024-04-28 12:45:24,026 [main] INFO  http.HttpServer2 (HttpServer2.java:addFilter(1020)) - Added filter static_user_filter (class=org.apache.hadoop.http.lib.StaticUserWebFilter$StaticUserFilter) to context logs
2024-04-28 12:45:24,026 [main] INFO  http.HttpServer2 (HttpServer2.java:addFilter(1020)) - Added filter static_user_filter (class=org.apache.hadoop.http.lib.StaticUserWebFilter$StaticUserFilter) to context static
2024-04-28 12:45:24,027 [main] INFO  http.BaseHttpServer (BaseHttpServer.java:<init>(189)) - HTTP server of hddsDatanode uses base directory /home/runner/work/ozone/ozone/hadoop-ozone/integration-test/target/test-dir/MiniOzoneClusterImpl-4444f751-856d-4595-ad15-e87fc76049bc/ozone-meta/datanode-3/meta/webserver
2024-04-28 12:45:24,027 [main] INFO  http.HttpServer2 (HttpServer2.java:bindListener(1236)) - Jetty bound to port 15383
2024-04-28 12:45:24,027 [main] INFO  server.Server (Server.java:doStart(375)) - jetty-9.4.54.v20240208; built: 2024-02-08T19:42:39.027Z; git: cef3fbd6d736a21e7d541a5db490381d95a2047d; jvm 17.0.10+7
2024-04-28 12:45:24,028 [main] INFO  server.session (DefaultSessionIdManager.java:doStart(334)) - DefaultSessionIdManager workerName=node0
2024-04-28 12:45:24,028 [main] INFO  server.session (DefaultSessionIdManager.java:doStart(339)) - No SessionScavenger set, using defaults
2024-04-28 12:45:24,028 [main] INFO  server.session (HouseKeeper.java:startScavenging(132)) - node0 Scavenging every 660000ms
2024-04-28 12:45:24,030 [main] INFO  handler.ContextHandler (ContextHandler.java:doStart(921)) - Started o.e.j.s.ServletContextHandler@5bdb605c{logs,/logs,file:///home/runner/work/ozone/ozone/hadoop-ozone/integration-test/target/log,AVAILABLE}
2024-04-28 12:45:24,030 [main] INFO  handler.ContextHandler (ContextHandler.java:doStart(921)) - Started o.e.j.s.ServletContextHandler@64af2288{static,/static,file:///home/runner/work/ozone/ozone/hadoop-hdds/container-service/target/classes/webapps/static,AVAILABLE}
2024-04-28 12:45:24,034 [main] INFO  handler.ContextHandler (ContextHandler.java:doStart(921)) - Started o.e.j.w.WebAppContext@23fa3130{hddsDatanode,/,file:///home/runner/work/ozone/ozone/hadoop-hdds/container-service/target/classes/webapps/hddsDatanode/,AVAILABLE}{file:/home/runner/work/ozone/ozone/hadoop-hdds/container-service/target/classes/webapps/hddsDatanode}
2024-04-28 12:45:24,035 [main] INFO  server.AbstractConnector (AbstractConnector.java:doStart(333)) - Started ServerConnector@6dd55493{HTTP/1.1, (http/1.1)}{0.0.0.0:15383}
2024-04-28 12:45:24,035 [main] INFO  server.Server (Server.java:doStart(415)) - Started @145158ms
2024-04-28 12:45:24,035 [main] WARN  impl.MetricsSystemImpl (MetricsSystemImpl.java:register(279)) - Sink prometheus already exists!
2024-04-28 12:45:24,035 [main] INFO  http.BaseHttpServer (BaseHttpServer.java:updateConnectorAddress(354)) - HTTP server of hddsDatanode listening at http://0.0.0.0:15383
2024-04-28 12:45:24,036 [main] INFO  ipc.CallQueueManager (CallQueueManager.java:<init>(90)) - Using callQueue: class java.util.concurrent.LinkedBlockingQueue, queueCapacity: 100, scheduler: class org.apache.hadoop.ipc.DefaultRpcScheduler, ipcBackoff: false.
2024-04-28 12:45:24,036 [main] INFO  ipc.Server (Server.java:<init>(1287)) - Listener at 0.0.0.0:15384
2024-04-28 12:45:24,036 [Socket Reader #1 for port 15384] INFO  ipc.Server (Server.java:run(1323)) - Starting Socket Reader #1 for port 15384
2024-04-28 12:45:24,037 [main] INFO  ozone.HddsDatanodeService (HddsDatanodeService.java:start(327)) - Datanode start with admins: [runner]
2024-04-28 12:45:24,037 [main] INFO  ozone.HddsDatanodeClientProtocolServer (HddsDatanodeClientProtocolServer.java:start(77)) - RPC server for Client /0.0.0.0:15384
2024-04-28 12:45:24,042 [IPC Server listener on 15384] INFO  ipc.Server (Server.java:run(1402)) - IPC Server listener on 15384: starting
2024-04-28 12:45:24,043 [main] WARN  dropwizard3.Dm3MetricRegistriesImpl (Dm3MetricRegistriesImpl.java:addReporterRegistration(113)) - New reporters are added after registries were created. Some metrics will be missing from the reporter. Please add reporter before adding any new registry.
2024-04-28 12:45:24,043 [main] WARN  dropwizard3.Dm3MetricRegistriesImpl (Dm3MetricRegistriesImpl.java:addReporterRegistration(113)) - New reporters are added after registries were created. Some metrics will be missing from the reporter. Please add reporter before adding any new registry.
2024-04-28 12:45:24,043 [main] INFO  impl.MetricsSystemImpl (MetricsSystemImpl.java:init(158)) - HddsDatanode metrics system started (again)
2024-04-28 12:45:24,042 [IPC Server Responder] INFO  ipc.Server (Server.java:run(1562)) - IPC Server Responder: starting
2024-04-28 12:45:24,046 [81492a0b-8554-4d1c-9efe-d356d82cfcc4-DatanodeStateMachineDaemonThread] INFO  statemachine.DatanodeStateMachine (DatanodeStateMachine.java:lambda$startDaemon$1(555)) - Ozone container server started.
2024-04-28 12:45:24,051 [81492a0b-8554-4d1c-9efe-d356d82cfcc4-DatanodeStateMachineTaskThread-0] INFO  datanode.InitDatanodeState (InitDatanodeState.java:persistContainerDatanodeDetails(139)) - DatanodeDetails is persisted to /home/runner/work/ozone/ozone/hadoop-ozone/integration-test/target/test-dir/MiniOzoneClusterImpl-4444f751-856d-4595-ad15-e87fc76049bc/ozone-meta/datanode-3/meta/datanode.id
2024-04-28 12:45:24,055 [main] INFO  ozone.HddsDatanodeService (HddsDatanodeService.java:start(240)) - HddsDatanodeService host:fv-az1392-52 ip:10.1.0.7
2024-04-28 12:45:24,071 [main] INFO  upgrade.AbstractLayoutVersionManager (AbstractLayoutVersionManager.java:init(83)) - Initializing Layout version manager with metadata layout = HADOOP_PRC_PORTS_IN_DATANODEDETAILS (version = 7), software layout = HADOOP_PRC_PORTS_IN_DATANODEDETAILS (version = 7)
2024-04-28 12:45:24,071 [main] INFO  statemachine.DatanodeStateMachine (DatanodeStateMachine.java:getEndPointTaskThreadPoolSize(299)) - Datanode State Machine Task Thread Pool size 2
2024-04-28 12:45:24,072 [main] INFO  volume.HddsVolume (HddsVolume.java:<init>(126)) - Creating HddsVolume: /home/runner/work/ozone/ozone/hadoop-ozone/integration-test/target/test-dir/MiniOzoneClusterImpl-4444f751-856d-4595-ad15-e87fc76049bc/ozone-meta/datanode-4/data-0/hdds of storage type : DISK capacity : 9223372036854775807
2024-04-28 12:45:24,072 [main] INFO  volume.MutableVolumeSet (MutableVolumeSet.java:initializeVolumeSet(173)) - Added Volume : /home/runner/work/ozone/ozone/hadoop-ozone/integration-test/target/test-dir/MiniOzoneClusterImpl-4444f751-856d-4595-ad15-e87fc76049bc/ozone-meta/datanode-4/data-0/hdds to VolumeSet
2024-04-28 12:45:24,073 [main] INFO  volume.MutableVolumeSet (MutableVolumeSet.java:initializeVolumeSet(173)) - Added Volume : /home/runner/work/ozone/ozone/hadoop-ozone/integration-test/target/test-dir/MiniOzoneClusterImpl-4444f751-856d-4595-ad15-e87fc76049bc/ozone-meta/datanode-4/ratis to VolumeSet
2024-04-28 12:45:24,073 [main] INFO  ozoneimpl.OzoneContainer (HddsVolumeUtil.java:loadAllHddsVolumeDbStore(103)) - Load 1 volumes DbStore cost: 0ms
2024-04-28 12:45:24,075 [main] INFO  server.RaftServer (ConfUtils.java:logGet(46)) - raft.rpc.type = GRPC (default)
2024-04-28 12:45:24,075 [main] INFO  grpc.GrpcConfigKeys (ConfUtils.java:logFallback(53)) - raft.grpc.admin.host = null (fallback to raft.grpc.server.host)
2024-04-28 12:45:24,075 [main] INFO  grpc.GrpcConfigKeys (ConfUtils.java:logGet(46)) - raft.grpc.admin.port = 15396 (custom)
2024-04-28 12:45:24,075 [main] INFO  grpc.GrpcConfigKeys (ConfUtils.java:logFallback(53)) - raft.grpc.client.host = null (fallback to raft.grpc.server.host)
2024-04-28 12:45:24,076 [main] INFO  grpc.GrpcConfigKeys (ConfUtils.java:logGet(46)) - raft.grpc.client.port = 15395 (custom)
2024-04-28 12:45:24,076 [main] INFO  grpc.GrpcConfigKeys (ConfUtils.java:logGet(46)) - raft.grpc.server.host = null (default)
2024-04-28 12:45:24,076 [main] INFO  grpc.GrpcConfigKeys (ConfUtils.java:logGet(46)) - raft.grpc.server.port = 15397 (custom)
2024-04-28 12:45:24,076 [main] INFO  server.GrpcService (ConfUtils.java:logGet(46)) - raft.grpc.message.size.max = 32MB (=33554432) (custom)
2024-04-28 12:45:24,076 [main] INFO  server.RaftServerConfigKeys (ConfUtils.java:logGet(46)) - raft.server.log.appender.buffer.byte-limit = 8388608 (custom)
2024-04-28 12:45:24,076 [main] INFO  server.GrpcService (ConfUtils.java:logGet(46)) - raft.grpc.flow.control.window = 5MB (=5242880) (custom)
2024-04-28 12:45:24,076 [main] INFO  server.RaftServerConfigKeys (ConfUtils.java:logGet(46)) - raft.server.rpc.request.timeout = 3000ms (default)
2024-04-28 12:45:24,076 [main] INFO  grpc.GrpcConfigKeys (ConfUtils.java:logGet(46)) - raft.grpc.server.heartbeat.channel = true (default)
2024-04-28 12:45:24,076 [main] INFO  grpc.GrpcConfigKeys (ConfUtils.java:logGet(46)) - raft.grpc.server.async.request.thread.pool.cached = true (default)
2024-04-28 12:45:24,077 [main] INFO  grpc.GrpcConfigKeys (ConfUtils.java:logGet(46)) - raft.grpc.server.async.request.thread.pool.size = 32 (default)
2024-04-28 12:45:24,079 [main] INFO  impl.DataStreamServerImpl (ConfUtils.java:logGet(46)) - raft.datastream.type = NETTY (custom)
2024-04-28 12:45:24,079 [main] INFO  server.RaftServerConfigKeys (ConfUtils.java:logGet(46)) - raft.server.data-stream.async.request.thread.pool.cached = false (default)
2024-04-28 12:45:24,079 [main] INFO  server.RaftServerConfigKeys (ConfUtils.java:logGet(46)) - raft.server.data-stream.async.request.thread.pool.size = 20 (custom)
2024-04-28 12:45:24,079 [main] INFO  server.RaftServerConfigKeys (ConfUtils.java:logGet(46)) - raft.server.data-stream.async.write.thread.pool.size = 16 (default)
2024-04-28 12:45:24,079 [main] INFO  netty.NettyConfigKeys$DataStream (ConfUtils.java:logGet(46)) - raft.netty.dataStream.server.channel.inactive.grace-period = 10min (default)
2024-04-28 12:45:24,079 [main] INFO  server.RaftServerConfigKeys (ConfUtils.java:logGet(46)) - raft.server.data-stream.client.pool.size = 10 (default)
2024-04-28 12:45:24,080 [main] INFO  netty.NettyConfigKeys$DataStream (ConfUtils.java:logGet(46)) - raft.netty.dataStream.server.use-epoll = true (default)
2024-04-28 12:45:24,080 [main] INFO  netty.NettyConfigKeys$DataStream (ConfUtils.java:logGet(46)) - raft.netty.dataStream.server.boss-group.size = 0 (default)
2024-04-28 12:45:24,080 [main] INFO  netty.NettyUtils (NettyUtils.java:newEventLoopGroup(69)) - Create EpollEventLoopGroup for 1fd4d212-c4d2-4c1d-a58c-62e98a4efa8c-NettyServerStreamRpc-bossGroup; Thread size is 0.
2024-04-28 12:45:24,080 [main] INFO  netty.NettyConfigKeys$DataStream (ConfUtils.java:logGet(46)) - raft.netty.dataStream.server.worker-group.size = 0 (default)
2024-04-28 12:45:24,080 [main] INFO  netty.NettyUtils (NettyUtils.java:newEventLoopGroup(69)) - Create EpollEventLoopGroup for 1fd4d212-c4d2-4c1d-a58c-62e98a4efa8c-NettyServerStreamRpc-workerGroup; Thread size is 0.
2024-04-28 12:45:24,080 [main] INFO  netty.NettyConfigKeys$DataStream (ConfUtils.java:logGet(46)) - raft.netty.dataStream.server.tls.conf = null (default)
2024-04-28 12:45:24,081 [main] INFO  netty.NettyConfigKeys$DataStream (ConfUtils.java:logGet(46)) - raft.netty.dataStream.host = null (default)
2024-04-28 12:45:24,081 [main] INFO  netty.NettyConfigKeys$DataStream (ConfUtils.java:logGet(46)) - raft.netty.dataStream.port = 15398 (custom)
2024-04-28 12:45:24,081 [main] INFO  server.RaftServerConfigKeys (ConfUtils.java:logGet(46)) - raft.server.sleep.deviation.threshold = 300ms (default)
2024-04-28 12:45:24,081 [main] INFO  server.RaftServerConfigKeys (ConfUtils.java:logGet(46)) - raft.server.close.threshold = 60s (default)
2024-04-28 12:45:24,081 [main] INFO  server.RaftServerConfigKeys (ConfUtils.java:logGet(46)) - raft.server.leaderelection.leader.step-down.wait-time = 10s (default)
2024-04-28 12:45:24,081 [1fd4d212-c4d2-4c1d-a58c-62e98a4efa8c-NettyServerStreamRpc-bossGroup--thread1] INFO  logging.LoggingHandler (AbstractInternalLogger.java:log(148)) - [id: 0xbf6b0a2d] REGISTERED
2024-04-28 12:45:24,082 [1fd4d212-c4d2-4c1d-a58c-62e98a4efa8c-NettyServerStreamRpc-bossGroup--thread1] INFO  logging.LoggingHandler (AbstractInternalLogger.java:log(148)) - [id: 0xbf6b0a2d] BIND: 0.0.0.0/0.0.0.0:15398
2024-04-28 12:45:24,082 [main] INFO  server.RaftServerConfigKeys (ConfUtils.java:logGet(46)) - raft.server.storage.dir = [/home/runner/work/ozone/ozone/hadoop-ozone/integration-test/target/test-dir/MiniOzoneClusterImpl-4444f751-856d-4595-ad15-e87fc76049bc/ozone-meta/datanode-4/ratis] (custom)
2024-04-28 12:45:24,082 [main] INFO  server.RaftServerConfigKeys (ConfUtils.java:logGet(46)) - raft.server.threadpool.proxy.cached = true (default)
2024-04-28 12:45:24,082 [main] INFO  server.RaftServerConfigKeys (ConfUtils.java:logGet(46)) - raft.server.threadpool.proxy.size = 0 (default)
2024-04-28 12:45:24,082 [1fd4d212-c4d2-4c1d-a58c-62e98a4efa8c-NettyServerStreamRpc-bossGroup--thread1] INFO  logging.LoggingHandler (AbstractInternalLogger.java:log(148)) - [id: 0xbf6b0a2d, L:/0.0.0.0:15398] ACTIVE
2024-04-28 12:45:24,082 [1fd4d212-c4d2-4c1d-a58c-62e98a4efa8c-impl-thread1] INFO  server.RaftServer (RaftServerProxy.java:initGroupDir(264)) - 1fd4d212-c4d2-4c1d-a58c-62e98a4efa8c: found a subdirectory /home/runner/work/ozone/ozone/hadoop-ozone/integration-test/target/test-dir/MiniOzoneClusterImpl-4444f751-856d-4595-ad15-e87fc76049bc/ozone-meta/datanode-4/ratis/tmp
2024-04-28 12:45:24,083 [1fd4d212-c4d2-4c1d-a58c-62e98a4efa8c-impl-thread1] INFO  server.RaftServer (RaftServerProxy.java:initGroupDir(269)) - 1fd4d212-c4d2-4c1d-a58c-62e98a4efa8c: The directory /home/runner/work/ozone/ozone/hadoop-ozone/integration-test/target/test-dir/MiniOzoneClusterImpl-4444f751-856d-4595-ad15-e87fc76049bc/ozone-meta/datanode-4/ratis/tmp is not a group directory; ignoring it. 
2024-04-28 12:45:24,083 [main] INFO  replication.ReplicationServer (ReplicationServer.java:<init>(86)) - Initializing replication server with thread count = 10 queue length = 4096
2024-04-28 12:45:24,084 [main] INFO  server.XceiverServerGrpc (XceiverServerGrpc.java:<init>(141)) - GrpcServer channel type EpollServerSocketChannel
2024-04-28 12:45:24,085 [main] INFO  replication.ReplicationSupervisor (ReplicationSupervisor.java:build(157)) - Initializing replication supervisor with thread count = 10
2024-04-28 12:45:24,085 [main] INFO  replication.ReplicationSupervisor (ReplicationSupervisor.java:nodeStateUpdated(312)) - Node state updated to IN_SERVICE, scaling executor pool size to 10
2024-04-28 12:45:24,086 [main] INFO  http.BaseHttpServer (BaseHttpServer.java:newHttpServer2BuilderForOzone(223)) - Starting Web-server for hddsDatanode at: http://0.0.0.0:15392
2024-04-28 12:45:24,087 [main] INFO  http.BaseHttpServer (BaseHttpServer.java:<init>(110)) - Hadoop Security Enabled: false Ozone Security Enabled: false Ozone HTTP Security Enabled: false 
2024-04-28 12:45:24,087 [main] WARN  server.AuthenticationFilter (AuthenticationFilter.java:constructSecretProvider(240)) - Unable to initialize FileSignerSecretProvider, falling back to use random secrets. Reason: Could not read signature secret file: /home/runner/hadoop-http-auth-signature-secret
2024-04-28 12:45:24,088 [main] INFO  http.HttpRequestLog (HttpRequestLog.java:getRequestLog(86)) - Http request log for http.requests.hddsDatanode is not defined
2024-04-28 12:45:24,089 [main] INFO  http.HttpServer2 (HttpServer2.java:addGlobalFilter(1036)) - Added global filter 'safety' (class=org.apache.hadoop.hdds.server.http.HttpServer2$QuotingInputFilter)
2024-04-28 12:45:24,089 [main] INFO  http.HttpServer2 (HttpServer2.java:addFilter(1012)) - Added filter static_user_filter (class=org.apache.hadoop.http.lib.StaticUserWebFilter$StaticUserFilter) to context hddsDatanode
2024-04-28 12:45:24,089 [main] INFO  http.HttpServer2 (HttpServer2.java:addFilter(1020)) - Added filter static_user_filter (class=org.apache.hadoop.http.lib.StaticUserWebFilter$StaticUserFilter) to context logs
2024-04-28 12:45:24,089 [main] INFO  http.HttpServer2 (HttpServer2.java:addFilter(1020)) - Added filter static_user_filter (class=org.apache.hadoop.http.lib.StaticUserWebFilter$StaticUserFilter) to context static
2024-04-28 12:45:24,090 [main] INFO  http.BaseHttpServer (BaseHttpServer.java:<init>(189)) - HTTP server of hddsDatanode uses base directory /home/runner/work/ozone/ozone/hadoop-ozone/integration-test/target/test-dir/MiniOzoneClusterImpl-4444f751-856d-4595-ad15-e87fc76049bc/ozone-meta/datanode-4/meta/webserver
2024-04-28 12:45:24,090 [main] INFO  http.HttpServer2 (HttpServer2.java:bindListener(1236)) - Jetty bound to port 15392
2024-04-28 12:45:24,090 [main] INFO  server.Server (Server.java:doStart(375)) - jetty-9.4.54.v20240208; built: 2024-02-08T19:42:39.027Z; git: cef3fbd6d736a21e7d541a5db490381d95a2047d; jvm 17.0.10+7
2024-04-28 12:45:24,091 [main] INFO  server.session (DefaultSessionIdManager.java:doStart(334)) - DefaultSessionIdManager workerName=node0
2024-04-28 12:45:24,091 [main] INFO  server.session (DefaultSessionIdManager.java:doStart(339)) - No SessionScavenger set, using defaults
2024-04-28 12:45:24,091 [main] INFO  server.session (HouseKeeper.java:startScavenging(132)) - node0 Scavenging every 600000ms
2024-04-28 12:45:24,092 [main] INFO  handler.ContextHandler (ContextHandler.java:doStart(921)) - Started o.e.j.s.ServletContextHandler@299c20bd{logs,/logs,file:///home/runner/work/ozone/ozone/hadoop-ozone/integration-test/target/log,AVAILABLE}
2024-04-28 12:45:24,092 [main] INFO  handler.ContextHandler (ContextHandler.java:doStart(921)) - Started o.e.j.s.ServletContextHandler@6e81084f{static,/static,file:///home/runner/work/ozone/ozone/hadoop-hdds/container-service/target/classes/webapps/static,AVAILABLE}
2024-04-28 12:45:24,095 [main] INFO  handler.ContextHandler (ContextHandler.java:doStart(921)) - Started o.e.j.w.WebAppContext@629059a9{hddsDatanode,/,file:///home/runner/work/ozone/ozone/hadoop-hdds/container-service/target/classes/webapps/hddsDatanode/,AVAILABLE}{file:/home/runner/work/ozone/ozone/hadoop-hdds/container-service/target/classes/webapps/hddsDatanode}
2024-04-28 12:45:24,096 [main] INFO  server.AbstractConnector (AbstractConnector.java:doStart(333)) - Started ServerConnector@3269a5c3{HTTP/1.1, (http/1.1)}{0.0.0.0:15392}
2024-04-28 12:45:24,096 [main] INFO  server.Server (Server.java:doStart(415)) - Started @145219ms
2024-04-28 12:45:24,096 [main] WARN  impl.MetricsSystemImpl (MetricsSystemImpl.java:register(279)) - Sink prometheus already exists!
2024-04-28 12:45:24,096 [main] INFO  http.BaseHttpServer (BaseHttpServer.java:updateConnectorAddress(354)) - HTTP server of hddsDatanode listening at http://0.0.0.0:15392
2024-04-28 12:45:24,097 [main] INFO  ipc.CallQueueManager (CallQueueManager.java:<init>(90)) - Using callQueue: class java.util.concurrent.LinkedBlockingQueue, queueCapacity: 100, scheduler: class org.apache.hadoop.ipc.DefaultRpcScheduler, ipcBackoff: false.
2024-04-28 12:45:24,097 [main] INFO  ipc.Server (Server.java:<init>(1287)) - Listener at 0.0.0.0:15393
2024-04-28 12:45:24,097 [Socket Reader #1 for port 15393] INFO  ipc.Server (Server.java:run(1323)) - Starting Socket Reader #1 for port 15393
2024-04-28 12:45:24,098 [main] INFO  ozone.HddsDatanodeService (HddsDatanodeService.java:start(327)) - Datanode start with admins: [runner]
2024-04-28 12:45:24,098 [main] INFO  ozone.HddsDatanodeClientProtocolServer (HddsDatanodeClientProtocolServer.java:start(77)) - RPC server for Client /0.0.0.0:15393
2024-04-28 12:45:24,102 [IPC Server listener on 15393] INFO  ipc.Server (Server.java:run(1402)) - IPC Server listener on 15393: starting
2024-04-28 12:45:24,102 [1fd4d212-c4d2-4c1d-a58c-62e98a4efa8c-DatanodeStateMachineDaemonThread] INFO  statemachine.DatanodeStateMachine (DatanodeStateMachine.java:lambda$startDaemon$1(555)) - Ozone container server started.
2024-04-28 12:45:24,102 [IPC Server Responder] INFO  ipc.Server (Server.java:run(1562)) - IPC Server Responder: starting
2024-04-28 12:45:24,103 [main] WARN  dropwizard3.Dm3MetricRegistriesImpl (Dm3MetricRegistriesImpl.java:addReporterRegistration(113)) - New reporters are added after registries were created. Some metrics will be missing from the reporter. Please add reporter before adding any new registry.
2024-04-28 12:45:24,103 [main] WARN  dropwizard3.Dm3MetricRegistriesImpl (Dm3MetricRegistriesImpl.java:addReporterRegistration(113)) - New reporters are added after registries were created. Some metrics will be missing from the reporter. Please add reporter before adding any new registry.
2024-04-28 12:45:24,103 [main] INFO  impl.MetricsSystemImpl (MetricsSystemImpl.java:init(158)) - HddsDatanode metrics system started (again)
2024-04-28 12:45:24,109 [1fd4d212-c4d2-4c1d-a58c-62e98a4efa8c-DatanodeStateMachineTaskThread-0] INFO  datanode.InitDatanodeState (InitDatanodeState.java:persistContainerDatanodeDetails(139)) - DatanodeDetails is persisted to /home/runner/work/ozone/ozone/hadoop-ozone/integration-test/target/test-dir/MiniOzoneClusterImpl-4444f751-856d-4595-ad15-e87fc76049bc/ozone-meta/datanode-4/meta/datanode.id
2024-04-28 12:45:24,114 [main] INFO  ozone.HddsDatanodeService (HddsDatanodeService.java:start(240)) - HddsDatanodeService host:fv-az1392-52 ip:10.1.0.7
2024-04-28 12:45:24,130 [main] INFO  upgrade.AbstractLayoutVersionManager (AbstractLayoutVersionManager.java:init(83)) - Initializing Layout version manager with metadata layout = HADOOP_PRC_PORTS_IN_DATANODEDETAILS (version = 7), software layout = HADOOP_PRC_PORTS_IN_DATANODEDETAILS (version = 7)
2024-04-28 12:45:24,130 [main] INFO  statemachine.DatanodeStateMachine (DatanodeStateMachine.java:getEndPointTaskThreadPoolSize(299)) - Datanode State Machine Task Thread Pool size 2
2024-04-28 12:45:24,131 [main] INFO  volume.HddsVolume (HddsVolume.java:<init>(126)) - Creating HddsVolume: /home/runner/work/ozone/ozone/hadoop-ozone/integration-test/target/test-dir/MiniOzoneClusterImpl-4444f751-856d-4595-ad15-e87fc76049bc/ozone-meta/datanode-5/data-0/hdds of storage type : DISK capacity : 9223372036854775807
2024-04-28 12:45:24,132 [main] INFO  volume.MutableVolumeSet (MutableVolumeSet.java:initializeVolumeSet(173)) - Added Volume : /home/runner/work/ozone/ozone/hadoop-ozone/integration-test/target/test-dir/MiniOzoneClusterImpl-4444f751-856d-4595-ad15-e87fc76049bc/ozone-meta/datanode-5/data-0/hdds to VolumeSet
2024-04-28 12:45:24,132 [main] INFO  volume.MutableVolumeSet (MutableVolumeSet.java:initializeVolumeSet(173)) - Added Volume : /home/runner/work/ozone/ozone/hadoop-ozone/integration-test/target/test-dir/MiniOzoneClusterImpl-4444f751-856d-4595-ad15-e87fc76049bc/ozone-meta/datanode-5/ratis to VolumeSet
2024-04-28 12:45:24,132 [main] INFO  ozoneimpl.OzoneContainer (HddsVolumeUtil.java:loadAllHddsVolumeDbStore(103)) - Load 1 volumes DbStore cost: 0ms
2024-04-28 12:45:24,134 [main] INFO  server.RaftServer (ConfUtils.java:logGet(46)) - raft.rpc.type = GRPC (default)
2024-04-28 12:45:24,135 [main] INFO  grpc.GrpcConfigKeys (ConfUtils.java:logFallback(53)) - raft.grpc.admin.host = null (fallback to raft.grpc.server.host)
2024-04-28 12:45:24,135 [main] INFO  grpc.GrpcConfigKeys (ConfUtils.java:logGet(46)) - raft.grpc.admin.port = 15405 (custom)
2024-04-28 12:45:24,135 [main] INFO  grpc.GrpcConfigKeys (ConfUtils.java:logFallback(53)) - raft.grpc.client.host = null (fallback to raft.grpc.server.host)
2024-04-28 12:45:24,135 [main] INFO  grpc.GrpcConfigKeys (ConfUtils.java:logGet(46)) - raft.grpc.client.port = 15404 (custom)
2024-04-28 12:45:24,135 [main] INFO  grpc.GrpcConfigKeys (ConfUtils.java:logGet(46)) - raft.grpc.server.host = null (default)
2024-04-28 12:45:24,135 [main] INFO  grpc.GrpcConfigKeys (ConfUtils.java:logGet(46)) - raft.grpc.server.port = 15406 (custom)
2024-04-28 12:45:24,135 [main] INFO  server.GrpcService (ConfUtils.java:logGet(46)) - raft.grpc.message.size.max = 32MB (=33554432) (custom)
2024-04-28 12:45:24,135 [main] INFO  server.RaftServerConfigKeys (ConfUtils.java:logGet(46)) - raft.server.log.appender.buffer.byte-limit = 8388608 (custom)
2024-04-28 12:45:24,135 [main] INFO  server.GrpcService (ConfUtils.java:logGet(46)) - raft.grpc.flow.control.window = 5MB (=5242880) (custom)
2024-04-28 12:45:24,135 [main] INFO  server.RaftServerConfigKeys (ConfUtils.java:logGet(46)) - raft.server.rpc.request.timeout = 3000ms (default)
2024-04-28 12:45:24,135 [main] INFO  grpc.GrpcConfigKeys (ConfUtils.java:logGet(46)) - raft.grpc.server.heartbeat.channel = true (default)
2024-04-28 12:45:24,136 [main] INFO  grpc.GrpcConfigKeys (ConfUtils.java:logGet(46)) - raft.grpc.server.async.request.thread.pool.cached = true (default)
2024-04-28 12:45:24,136 [main] INFO  grpc.GrpcConfigKeys (ConfUtils.java:logGet(46)) - raft.grpc.server.async.request.thread.pool.size = 32 (default)
2024-04-28 12:45:24,138 [main] INFO  impl.DataStreamServerImpl (ConfUtils.java:logGet(46)) - raft.datastream.type = NETTY (custom)
2024-04-28 12:45:24,138 [main] INFO  server.RaftServerConfigKeys (ConfUtils.java:logGet(46)) - raft.server.data-stream.async.request.thread.pool.cached = false (default)
2024-04-28 12:45:24,138 [main] INFO  server.RaftServerConfigKeys (ConfUtils.java:logGet(46)) - raft.server.data-stream.async.request.thread.pool.size = 20 (custom)
2024-04-28 12:45:24,138 [main] INFO  server.RaftServerConfigKeys (ConfUtils.java:logGet(46)) - raft.server.data-stream.async.write.thread.pool.size = 16 (default)
2024-04-28 12:45:24,138 [main] INFO  netty.NettyConfigKeys$DataStream (ConfUtils.java:logGet(46)) - raft.netty.dataStream.server.channel.inactive.grace-period = 10min (default)
2024-04-28 12:45:24,138 [main] INFO  server.RaftServerConfigKeys (ConfUtils.java:logGet(46)) - raft.server.data-stream.client.pool.size = 10 (default)
2024-04-28 12:45:24,139 [main] INFO  netty.NettyConfigKeys$DataStream (ConfUtils.java:logGet(46)) - raft.netty.dataStream.server.use-epoll = true (default)
2024-04-28 12:45:24,139 [main] INFO  netty.NettyConfigKeys$DataStream (ConfUtils.java:logGet(46)) - raft.netty.dataStream.server.boss-group.size = 0 (default)
2024-04-28 12:45:24,139 [main] INFO  netty.NettyUtils (NettyUtils.java:newEventLoopGroup(69)) - Create EpollEventLoopGroup for d1684581-678b-458f-8382-390a387eba93-NettyServerStreamRpc-bossGroup; Thread size is 0.
2024-04-28 12:45:24,139 [main] INFO  netty.NettyConfigKeys$DataStream (ConfUtils.java:logGet(46)) - raft.netty.dataStream.server.worker-group.size = 0 (default)
2024-04-28 12:45:24,139 [main] INFO  netty.NettyUtils (NettyUtils.java:newEventLoopGroup(69)) - Create EpollEventLoopGroup for d1684581-678b-458f-8382-390a387eba93-NettyServerStreamRpc-workerGroup; Thread size is 0.
2024-04-28 12:45:24,139 [main] INFO  netty.NettyConfigKeys$DataStream (ConfUtils.java:logGet(46)) - raft.netty.dataStream.server.tls.conf = null (default)
2024-04-28 12:45:24,139 [main] INFO  netty.NettyConfigKeys$DataStream (ConfUtils.java:logGet(46)) - raft.netty.dataStream.host = null (default)
2024-04-28 12:45:24,140 [main] INFO  netty.NettyConfigKeys$DataStream (ConfUtils.java:logGet(46)) - raft.netty.dataStream.port = 15407 (custom)
2024-04-28 12:45:24,140 [main] INFO  server.RaftServerConfigKeys (ConfUtils.java:logGet(46)) - raft.server.sleep.deviation.threshold = 300ms (default)
2024-04-28 12:45:24,140 [main] INFO  server.RaftServerConfigKeys (ConfUtils.java:logGet(46)) - raft.server.close.threshold = 60s (default)
2024-04-28 12:45:24,140 [main] INFO  server.RaftServerConfigKeys (ConfUtils.java:logGet(46)) - raft.server.leaderelection.leader.step-down.wait-time = 10s (default)
2024-04-28 12:45:24,140 [main] INFO  server.RaftServerConfigKeys (ConfUtils.java:logGet(46)) - raft.server.storage.dir = [/home/runner/work/ozone/ozone/hadoop-ozone/integration-test/target/test-dir/MiniOzoneClusterImpl-4444f751-856d-4595-ad15-e87fc76049bc/ozone-meta/datanode-5/ratis] (custom)
2024-04-28 12:45:24,140 [main] INFO  server.RaftServerConfigKeys (ConfUtils.java:logGet(46)) - raft.server.threadpool.proxy.cached = true (default)
2024-04-28 12:45:24,141 [main] INFO  server.RaftServerConfigKeys (ConfUtils.java:logGet(46)) - raft.server.threadpool.proxy.size = 0 (default)
2024-04-28 12:45:24,140 [d1684581-678b-458f-8382-390a387eba93-NettyServerStreamRpc-bossGroup--thread1] INFO  logging.LoggingHandler (AbstractInternalLogger.java:log(148)) - [id: 0xfa8b641d] REGISTERED
2024-04-28 12:45:24,141 [d1684581-678b-458f-8382-390a387eba93-NettyServerStreamRpc-bossGroup--thread1] INFO  logging.LoggingHandler (AbstractInternalLogger.java:log(148)) - [id: 0xfa8b641d] BIND: 0.0.0.0/0.0.0.0:15407
2024-04-28 12:45:24,141 [d1684581-678b-458f-8382-390a387eba93-NettyServerStreamRpc-bossGroup--thread1] INFO  logging.LoggingHandler (AbstractInternalLogger.java:log(148)) - [id: 0xfa8b641d, L:/0.0.0.0:15407] ACTIVE
2024-04-28 12:45:24,141 [d1684581-678b-458f-8382-390a387eba93-impl-thread1] INFO  server.RaftServer (RaftServerProxy.java:initGroupDir(264)) - d1684581-678b-458f-8382-390a387eba93: found a subdirectory /home/runner/work/ozone/ozone/hadoop-ozone/integration-test/target/test-dir/MiniOzoneClusterImpl-4444f751-856d-4595-ad15-e87fc76049bc/ozone-meta/datanode-5/ratis/tmp
2024-04-28 12:45:24,141 [d1684581-678b-458f-8382-390a387eba93-impl-thread1] INFO  server.RaftServer (RaftServerProxy.java:initGroupDir(269)) - d1684581-678b-458f-8382-390a387eba93: The directory /home/runner/work/ozone/ozone/hadoop-ozone/integration-test/target/test-dir/MiniOzoneClusterImpl-4444f751-856d-4595-ad15-e87fc76049bc/ozone-meta/datanode-5/ratis/tmp is not a group directory; ignoring it. 
2024-04-28 12:45:24,141 [main] INFO  replication.ReplicationServer (ReplicationServer.java:<init>(86)) - Initializing replication server with thread count = 10 queue length = 4096
2024-04-28 12:45:24,142 [main] INFO  server.XceiverServerGrpc (XceiverServerGrpc.java:<init>(141)) - GrpcServer channel type EpollServerSocketChannel
2024-04-28 12:45:24,143 [main] INFO  replication.ReplicationSupervisor (ReplicationSupervisor.java:build(157)) - Initializing replication supervisor with thread count = 10
2024-04-28 12:45:24,144 [main] INFO  replication.ReplicationSupervisor (ReplicationSupervisor.java:nodeStateUpdated(312)) - Node state updated to IN_SERVICE, scaling executor pool size to 10
2024-04-28 12:45:24,145 [main] INFO  http.BaseHttpServer (BaseHttpServer.java:newHttpServer2BuilderForOzone(223)) - Starting Web-server for hddsDatanode at: http://0.0.0.0:15401
2024-04-28 12:45:24,145 [main] INFO  http.BaseHttpServer (BaseHttpServer.java:<init>(110)) - Hadoop Security Enabled: false Ozone Security Enabled: false Ozone HTTP Security Enabled: false 
2024-04-28 12:45:24,146 [main] WARN  server.AuthenticationFilter (AuthenticationFilter.java:constructSecretProvider(240)) - Unable to initialize FileSignerSecretProvider, falling back to use random secrets. Reason: Could not read signature secret file: /home/runner/hadoop-http-auth-signature-secret
2024-04-28 12:45:24,156 [main] INFO  http.HttpRequestLog (HttpRequestLog.java:getRequestLog(86)) - Http request log for http.requests.hddsDatanode is not defined
2024-04-28 12:45:24,157 [main] INFO  http.HttpServer2 (HttpServer2.java:addGlobalFilter(1036)) - Added global filter 'safety' (class=org.apache.hadoop.hdds.server.http.HttpServer2$QuotingInputFilter)
2024-04-28 12:45:24,157 [main] INFO  http.HttpServer2 (HttpServer2.java:addFilter(1012)) - Added filter static_user_filter (class=org.apache.hadoop.http.lib.StaticUserWebFilter$StaticUserFilter) to context hddsDatanode
2024-04-28 12:45:24,157 [main] INFO  http.HttpServer2 (HttpServer2.java:addFilter(1020)) - Added filter static_user_filter (class=org.apache.hadoop.http.lib.StaticUserWebFilter$StaticUserFilter) to context static
2024-04-28 12:45:24,158 [main] INFO  http.HttpServer2 (HttpServer2.java:addFilter(1020)) - Added filter static_user_filter (class=org.apache.hadoop.http.lib.StaticUserWebFilter$StaticUserFilter) to context logs
2024-04-28 12:45:24,158 [main] INFO  http.BaseHttpServer (BaseHttpServer.java:<init>(189)) - HTTP server of hddsDatanode uses base directory /home/runner/work/ozone/ozone/hadoop-ozone/integration-test/target/test-dir/MiniOzoneClusterImpl-4444f751-856d-4595-ad15-e87fc76049bc/ozone-meta/datanode-5/meta/webserver
2024-04-28 12:45:24,158 [main] INFO  http.HttpServer2 (HttpServer2.java:bindListener(1236)) - Jetty bound to port 15401
2024-04-28 12:45:24,158 [main] INFO  server.Server (Server.java:doStart(375)) - jetty-9.4.54.v20240208; built: 2024-02-08T19:42:39.027Z; git: cef3fbd6d736a21e7d541a5db490381d95a2047d; jvm 17.0.10+7
2024-04-28 12:45:24,159 [main] INFO  server.session (DefaultSessionIdManager.java:doStart(334)) - DefaultSessionIdManager workerName=node0
2024-04-28 12:45:24,159 [main] INFO  server.session (DefaultSessionIdManager.java:doStart(339)) - No SessionScavenger set, using defaults
2024-04-28 12:45:24,159 [main] INFO  server.session (HouseKeeper.java:startScavenging(132)) - node0 Scavenging every 600000ms
2024-04-28 12:45:24,162 [main] INFO  handler.ContextHandler (ContextHandler.java:doStart(921)) - Started o.e.j.s.ServletContextHandler@3809b1e6{logs,/logs,file:///home/runner/work/ozone/ozone/hadoop-ozone/integration-test/target/log,AVAILABLE}
2024-04-28 12:45:24,162 [main] INFO  handler.ContextHandler (ContextHandler.java:doStart(921)) - Started o.e.j.s.ServletContextHandler@59302368{static,/static,file:///home/runner/work/ozone/ozone/hadoop-hdds/container-service/target/classes/webapps/static,AVAILABLE}
2024-04-28 12:45:24,166 [main] INFO  handler.ContextHandler (ContextHandler.java:doStart(921)) - Started o.e.j.w.WebAppContext@78f7e773{hddsDatanode,/,file:///home/runner/work/ozone/ozone/hadoop-hdds/container-service/target/classes/webapps/hddsDatanode/,AVAILABLE}{file:/home/runner/work/ozone/ozone/hadoop-hdds/container-service/target/classes/webapps/hddsDatanode}
2024-04-28 12:45:24,167 [main] INFO  server.AbstractConnector (AbstractConnector.java:doStart(333)) - Started ServerConnector@3589425d{HTTP/1.1, (http/1.1)}{0.0.0.0:15401}
2024-04-28 12:45:24,167 [main] INFO  server.Server (Server.java:doStart(415)) - Started @145290ms
2024-04-28 12:45:24,167 [main] WARN  impl.MetricsSystemImpl (MetricsSystemImpl.java:register(279)) - Sink prometheus already exists!
2024-04-28 12:45:24,168 [main] INFO  http.BaseHttpServer (BaseHttpServer.java:updateConnectorAddress(354)) - HTTP server of hddsDatanode listening at http://0.0.0.0:15401
2024-04-28 12:45:24,168 [main] INFO  ipc.CallQueueManager (CallQueueManager.java:<init>(90)) - Using callQueue: class java.util.concurrent.LinkedBlockingQueue, queueCapacity: 100, scheduler: class org.apache.hadoop.ipc.DefaultRpcScheduler, ipcBackoff: false.
2024-04-28 12:45:24,168 [main] INFO  ipc.Server (Server.java:<init>(1287)) - Listener at 0.0.0.0:15402
2024-04-28 12:45:24,168 [Socket Reader #1 for port 15402] INFO  ipc.Server (Server.java:run(1323)) - Starting Socket Reader #1 for port 15402
2024-04-28 12:45:24,169 [main] INFO  ozone.HddsDatanodeService (HddsDatanodeService.java:start(327)) - Datanode start with admins: [runner]
2024-04-28 12:45:24,169 [main] INFO  ozone.HddsDatanodeClientProtocolServer (HddsDatanodeClientProtocolServer.java:start(77)) - RPC server for Client /0.0.0.0:15402
2024-04-28 12:45:24,170 [IPC Server Responder] INFO  ipc.Server (Server.java:run(1562)) - IPC Server Responder: starting
2024-04-28 12:45:24,170 [IPC Server listener on 15402] INFO  ipc.Server (Server.java:run(1402)) - IPC Server listener on 15402: starting
2024-04-28 12:45:24,170 [d1684581-678b-458f-8382-390a387eba93-DatanodeStateMachineDaemonThread] INFO  statemachine.DatanodeStateMachine (DatanodeStateMachine.java:lambda$startDaemon$1(555)) - Ozone container server started.
2024-04-28 12:45:24,170 [main] WARN  dropwizard3.Dm3MetricRegistriesImpl (Dm3MetricRegistriesImpl.java:addReporterRegistration(113)) - New reporters are added after registries were created. Some metrics will be missing from the reporter. Please add reporter before adding any new registry.
2024-04-28 12:45:24,170 [main] WARN  dropwizard3.Dm3MetricRegistriesImpl (Dm3MetricRegistriesImpl.java:addReporterRegistration(113)) - New reporters are added after registries were created. Some metrics will be missing from the reporter. Please add reporter before adding any new registry.
2024-04-28 12:45:24,170 [main] INFO  impl.MetricsSystemImpl (MetricsSystemImpl.java:init(158)) - HddsDatanode metrics system started (again)
2024-04-28 12:45:24,176 [d1684581-678b-458f-8382-390a387eba93-DatanodeStateMachineTaskThread-0] INFO  datanode.InitDatanodeState (InitDatanodeState.java:persistContainerDatanodeDetails(139)) - DatanodeDetails is persisted to /home/runner/work/ozone/ozone/hadoop-ozone/integration-test/target/test-dir/MiniOzoneClusterImpl-4444f751-856d-4595-ad15-e87fc76049bc/ozone-meta/datanode-5/meta/datanode.id
2024-04-28 12:45:24,179 [main] INFO  ozone.HddsDatanodeService (HddsDatanodeService.java:start(240)) - HddsDatanodeService host:fv-az1392-52 ip:10.1.0.7
2024-04-28 12:45:24,191 [main] INFO  upgrade.AbstractLayoutVersionManager (AbstractLayoutVersionManager.java:init(83)) - Initializing Layout version manager with metadata layout = HADOOP_PRC_PORTS_IN_DATANODEDETAILS (version = 7), software layout = HADOOP_PRC_PORTS_IN_DATANODEDETAILS (version = 7)
2024-04-28 12:45:24,192 [main] INFO  statemachine.DatanodeStateMachine (DatanodeStateMachine.java:getEndPointTaskThreadPoolSize(299)) - Datanode State Machine Task Thread Pool size 2
2024-04-28 12:45:24,193 [main] INFO  volume.HddsVolume (HddsVolume.java:<init>(126)) - Creating HddsVolume: /home/runner/work/ozone/ozone/hadoop-ozone/integration-test/target/test-dir/MiniOzoneClusterImpl-4444f751-856d-4595-ad15-e87fc76049bc/ozone-meta/datanode-6/data-0/hdds of storage type : DISK capacity : 9223372036854775807
2024-04-28 12:45:24,193 [main] INFO  volume.MutableVolumeSet (MutableVolumeSet.java:initializeVolumeSet(173)) - Added Volume : /home/runner/work/ozone/ozone/hadoop-ozone/integration-test/target/test-dir/MiniOzoneClusterImpl-4444f751-856d-4595-ad15-e87fc76049bc/ozone-meta/datanode-6/data-0/hdds to VolumeSet
2024-04-28 12:45:24,193 [main] INFO  volume.MutableVolumeSet (MutableVolumeSet.java:initializeVolumeSet(173)) - Added Volume : /home/runner/work/ozone/ozone/hadoop-ozone/integration-test/target/test-dir/MiniOzoneClusterImpl-4444f751-856d-4595-ad15-e87fc76049bc/ozone-meta/datanode-6/ratis to VolumeSet
2024-04-28 12:45:24,194 [main] INFO  ozoneimpl.OzoneContainer (HddsVolumeUtil.java:loadAllHddsVolumeDbStore(103)) - Load 1 volumes DbStore cost: 0ms
2024-04-28 12:45:24,195 [main] INFO  server.RaftServer (ConfUtils.java:logGet(46)) - raft.rpc.type = GRPC (default)
2024-04-28 12:45:24,195 [main] INFO  grpc.GrpcConfigKeys (ConfUtils.java:logFallback(53)) - raft.grpc.admin.host = null (fallback to raft.grpc.server.host)
2024-04-28 12:45:24,196 [main] INFO  grpc.GrpcConfigKeys (ConfUtils.java:logGet(46)) - raft.grpc.admin.port = 15414 (custom)
2024-04-28 12:45:24,196 [main] INFO  grpc.GrpcConfigKeys (ConfUtils.java:logFallback(53)) - raft.grpc.client.host = null (fallback to raft.grpc.server.host)
2024-04-28 12:45:24,196 [main] INFO  grpc.GrpcConfigKeys (ConfUtils.java:logGet(46)) - raft.grpc.client.port = 15413 (custom)
2024-04-28 12:45:24,196 [main] INFO  grpc.GrpcConfigKeys (ConfUtils.java:logGet(46)) - raft.grpc.server.host = null (default)
2024-04-28 12:45:24,196 [main] INFO  grpc.GrpcConfigKeys (ConfUtils.java:logGet(46)) - raft.grpc.server.port = 15415 (custom)
2024-04-28 12:45:24,196 [main] INFO  server.GrpcService (ConfUtils.java:logGet(46)) - raft.grpc.message.size.max = 32MB (=33554432) (custom)
2024-04-28 12:45:24,196 [main] INFO  server.RaftServerConfigKeys (ConfUtils.java:logGet(46)) - raft.server.log.appender.buffer.byte-limit = 8388608 (custom)
2024-04-28 12:45:24,196 [main] INFO  server.GrpcService (ConfUtils.java:logGet(46)) - raft.grpc.flow.control.window = 5MB (=5242880) (custom)
2024-04-28 12:45:24,196 [main] INFO  server.RaftServerConfigKeys (ConfUtils.java:logGet(46)) - raft.server.rpc.request.timeout = 3000ms (default)
2024-04-28 12:45:24,197 [main] INFO  grpc.GrpcConfigKeys (ConfUtils.java:logGet(46)) - raft.grpc.server.heartbeat.channel = true (default)
2024-04-28 12:45:24,197 [main] INFO  grpc.GrpcConfigKeys (ConfUtils.java:logGet(46)) - raft.grpc.server.async.request.thread.pool.cached = true (default)
2024-04-28 12:45:24,197 [main] INFO  grpc.GrpcConfigKeys (ConfUtils.java:logGet(46)) - raft.grpc.server.async.request.thread.pool.size = 32 (default)
2024-04-28 12:45:24,199 [main] INFO  impl.DataStreamServerImpl (ConfUtils.java:logGet(46)) - raft.datastream.type = NETTY (custom)
2024-04-28 12:45:24,199 [main] INFO  server.RaftServerConfigKeys (ConfUtils.java:logGet(46)) - raft.server.data-stream.async.request.thread.pool.cached = false (default)
2024-04-28 12:45:24,199 [main] INFO  server.RaftServerConfigKeys (ConfUtils.java:logGet(46)) - raft.server.data-stream.async.request.thread.pool.size = 20 (custom)
2024-04-28 12:45:24,199 [main] INFO  server.RaftServerConfigKeys (ConfUtils.java:logGet(46)) - raft.server.data-stream.async.write.thread.pool.size = 16 (default)
2024-04-28 12:45:24,200 [main] INFO  netty.NettyConfigKeys$DataStream (ConfUtils.java:logGet(46)) - raft.netty.dataStream.server.channel.inactive.grace-period = 10min (default)
2024-04-28 12:45:24,200 [main] INFO  server.RaftServerConfigKeys (ConfUtils.java:logGet(46)) - raft.server.data-stream.client.pool.size = 10 (default)
2024-04-28 12:45:24,200 [main] INFO  netty.NettyConfigKeys$DataStream (ConfUtils.java:logGet(46)) - raft.netty.dataStream.server.use-epoll = true (default)
2024-04-28 12:45:24,200 [main] INFO  netty.NettyConfigKeys$DataStream (ConfUtils.java:logGet(46)) - raft.netty.dataStream.server.boss-group.size = 0 (default)
2024-04-28 12:45:24,200 [main] INFO  netty.NettyUtils (NettyUtils.java:newEventLoopGroup(69)) - Create EpollEventLoopGroup for 7957f999-cc51-45d8-add6-1ece72fbce78-NettyServerStreamRpc-bossGroup; Thread size is 0.
2024-04-28 12:45:24,200 [main] INFO  netty.NettyConfigKeys$DataStream (ConfUtils.java:logGet(46)) - raft.netty.dataStream.server.worker-group.size = 0 (default)
2024-04-28 12:45:24,200 [main] INFO  netty.NettyUtils (NettyUtils.java:newEventLoopGroup(69)) - Create EpollEventLoopGroup for 7957f999-cc51-45d8-add6-1ece72fbce78-NettyServerStreamRpc-workerGroup; Thread size is 0.
2024-04-28 12:45:24,201 [main] INFO  netty.NettyConfigKeys$DataStream (ConfUtils.java:logGet(46)) - raft.netty.dataStream.server.tls.conf = null (default)
2024-04-28 12:45:24,201 [main] INFO  netty.NettyConfigKeys$DataStream (ConfUtils.java:logGet(46)) - raft.netty.dataStream.host = null (default)
2024-04-28 12:45:24,201 [main] INFO  netty.NettyConfigKeys$DataStream (ConfUtils.java:logGet(46)) - raft.netty.dataStream.port = 15416 (custom)
2024-04-28 12:45:24,201 [main] INFO  server.RaftServerConfigKeys (ConfUtils.java:logGet(46)) - raft.server.sleep.deviation.threshold = 300ms (default)
2024-04-28 12:45:24,201 [main] INFO  server.RaftServerConfigKeys (ConfUtils.java:logGet(46)) - raft.server.close.threshold = 60s (default)
2024-04-28 12:45:24,202 [main] INFO  server.RaftServerConfigKeys (ConfUtils.java:logGet(46)) - raft.server.leaderelection.leader.step-down.wait-time = 10s (default)
2024-04-28 12:45:24,202 [main] INFO  server.RaftServerConfigKeys (ConfUtils.java:logGet(46)) - raft.server.storage.dir = [/home/runner/work/ozone/ozone/hadoop-ozone/integration-test/target/test-dir/MiniOzoneClusterImpl-4444f751-856d-4595-ad15-e87fc76049bc/ozone-meta/datanode-6/ratis] (custom)
2024-04-28 12:45:24,202 [main] INFO  server.RaftServerConfigKeys (ConfUtils.java:logGet(46)) - raft.server.threadpool.proxy.cached = true (default)
2024-04-28 12:45:24,202 [main] INFO  server.RaftServerConfigKeys (ConfUtils.java:logGet(46)) - raft.server.threadpool.proxy.size = 0 (default)
2024-04-28 12:45:24,201 [7957f999-cc51-45d8-add6-1ece72fbce78-NettyServerStreamRpc-bossGroup--thread1] INFO  logging.LoggingHandler (AbstractInternalLogger.java:log(148)) - [id: 0x5c6205ec] REGISTERED
2024-04-28 12:45:24,202 [7957f999-cc51-45d8-add6-1ece72fbce78-NettyServerStreamRpc-bossGroup--thread1] INFO  logging.LoggingHandler (AbstractInternalLogger.java:log(148)) - [id: 0x5c6205ec] BIND: 0.0.0.0/0.0.0.0:15416
2024-04-28 12:45:24,202 [7957f999-cc51-45d8-add6-1ece72fbce78-NettyServerStreamRpc-bossGroup--thread1] INFO  logging.LoggingHandler (AbstractInternalLogger.java:log(148)) - [id: 0x5c6205ec, L:/0.0.0.0:15416] ACTIVE
2024-04-28 12:45:24,203 [7957f999-cc51-45d8-add6-1ece72fbce78-impl-thread1] INFO  server.RaftServer (RaftServerProxy.java:initGroupDir(264)) - 7957f999-cc51-45d8-add6-1ece72fbce78: found a subdirectory /home/runner/work/ozone/ozone/hadoop-ozone/integration-test/target/test-dir/MiniOzoneClusterImpl-4444f751-856d-4595-ad15-e87fc76049bc/ozone-meta/datanode-6/ratis/tmp
2024-04-28 12:45:24,203 [7957f999-cc51-45d8-add6-1ece72fbce78-impl-thread1] INFO  server.RaftServer (RaftServerProxy.java:initGroupDir(269)) - 7957f999-cc51-45d8-add6-1ece72fbce78: The directory /home/runner/work/ozone/ozone/hadoop-ozone/integration-test/target/test-dir/MiniOzoneClusterImpl-4444f751-856d-4595-ad15-e87fc76049bc/ozone-meta/datanode-6/ratis/tmp is not a group directory; ignoring it. 
2024-04-28 12:45:24,203 [main] INFO  replication.ReplicationServer (ReplicationServer.java:<init>(86)) - Initializing replication server with thread count = 10 queue length = 4096
2024-04-28 12:45:24,204 [main] INFO  server.XceiverServerGrpc (XceiverServerGrpc.java:<init>(141)) - GrpcServer channel type EpollServerSocketChannel
2024-04-28 12:45:24,205 [main] INFO  replication.ReplicationSupervisor (ReplicationSupervisor.java:build(157)) - Initializing replication supervisor with thread count = 10
2024-04-28 12:45:24,205 [main] INFO  replication.ReplicationSupervisor (ReplicationSupervisor.java:nodeStateUpdated(312)) - Node state updated to IN_SERVICE, scaling executor pool size to 10
2024-04-28 12:45:24,207 [main] INFO  http.BaseHttpServer (BaseHttpServer.java:newHttpServer2BuilderForOzone(223)) - Starting Web-server for hddsDatanode at: http://0.0.0.0:15410
2024-04-28 12:45:24,207 [main] INFO  http.BaseHttpServer (BaseHttpServer.java:<init>(110)) - Hadoop Security Enabled: false Ozone Security Enabled: false Ozone HTTP Security Enabled: false 
2024-04-28 12:45:24,208 [main] WARN  server.AuthenticationFilter (AuthenticationFilter.java:constructSecretProvider(240)) - Unable to initialize FileSignerSecretProvider, falling back to use random secrets. Reason: Could not read signature secret file: /home/runner/hadoop-http-auth-signature-secret
2024-04-28 12:45:24,208 [main] INFO  http.HttpRequestLog (HttpRequestLog.java:getRequestLog(86)) - Http request log for http.requests.hddsDatanode is not defined
2024-04-28 12:45:24,209 [main] INFO  http.HttpServer2 (HttpServer2.java:addGlobalFilter(1036)) - Added global filter 'safety' (class=org.apache.hadoop.hdds.server.http.HttpServer2$QuotingInputFilter)
2024-04-28 12:45:24,209 [main] INFO  http.HttpServer2 (HttpServer2.java:addFilter(1012)) - Added filter static_user_filter (class=org.apache.hadoop.http.lib.StaticUserWebFilter$StaticUserFilter) to context hddsDatanode
2024-04-28 12:45:24,210 [main] INFO  http.HttpServer2 (HttpServer2.java:addFilter(1020)) - Added filter static_user_filter (class=org.apache.hadoop.http.lib.StaticUserWebFilter$StaticUserFilter) to context logs
2024-04-28 12:45:24,210 [main] INFO  http.HttpServer2 (HttpServer2.java:addFilter(1020)) - Added filter static_user_filter (class=org.apache.hadoop.http.lib.StaticUserWebFilter$StaticUserFilter) to context static
2024-04-28 12:45:24,210 [main] INFO  http.BaseHttpServer (BaseHttpServer.java:<init>(189)) - HTTP server of hddsDatanode uses base directory /home/runner/work/ozone/ozone/hadoop-ozone/integration-test/target/test-dir/MiniOzoneClusterImpl-4444f751-856d-4595-ad15-e87fc76049bc/ozone-meta/datanode-6/meta/webserver
2024-04-28 12:45:24,210 [main] INFO  http.HttpServer2 (HttpServer2.java:bindListener(1236)) - Jetty bound to port 15410
2024-04-28 12:45:24,210 [main] INFO  server.Server (Server.java:doStart(375)) - jetty-9.4.54.v20240208; built: 2024-02-08T19:42:39.027Z; git: cef3fbd6d736a21e7d541a5db490381d95a2047d; jvm 17.0.10+7
2024-04-28 12:45:24,211 [main] INFO  server.session (DefaultSessionIdManager.java:doStart(334)) - DefaultSessionIdManager workerName=node0
2024-04-28 12:45:24,211 [main] INFO  server.session (DefaultSessionIdManager.java:doStart(339)) - No SessionScavenger set, using defaults
2024-04-28 12:45:24,212 [main] INFO  server.session (HouseKeeper.java:startScavenging(132)) - node0 Scavenging every 660000ms
2024-04-28 12:45:24,213 [main] INFO  handler.ContextHandler (ContextHandler.java:doStart(921)) - Started o.e.j.s.ServletContextHandler@67138427{logs,/logs,file:///home/runner/work/ozone/ozone/hadoop-ozone/integration-test/target/log,AVAILABLE}
2024-04-28 12:45:24,213 [main] INFO  handler.ContextHandler (ContextHandler.java:doStart(921)) - Started o.e.j.s.ServletContextHandler@5a08108d{static,/static,file:///home/runner/work/ozone/ozone/hadoop-hdds/container-service/target/classes/webapps/static,AVAILABLE}
2024-04-28 12:45:24,217 [main] INFO  handler.ContextHandler (ContextHandler.java:doStart(921)) - Started o.e.j.w.WebAppContext@618f0ba{hddsDatanode,/,file:///home/runner/work/ozone/ozone/hadoop-hdds/container-service/target/classes/webapps/hddsDatanode/,AVAILABLE}{file:/home/runner/work/ozone/ozone/hadoop-hdds/container-service/target/classes/webapps/hddsDatanode}
2024-04-28 12:45:24,217 [main] INFO  server.AbstractConnector (AbstractConnector.java:doStart(333)) - Started ServerConnector@7a34bb07{HTTP/1.1, (http/1.1)}{0.0.0.0:15410}
2024-04-28 12:45:24,217 [main] INFO  server.Server (Server.java:doStart(415)) - Started @145341ms
2024-04-28 12:45:24,218 [main] WARN  impl.MetricsSystemImpl (MetricsSystemImpl.java:register(279)) - Sink prometheus already exists!
2024-04-28 12:45:24,221 [main] INFO  http.BaseHttpServer (BaseHttpServer.java:updateConnectorAddress(354)) - HTTP server of hddsDatanode listening at http://0.0.0.0:15410
2024-04-28 12:45:24,221 [main] INFO  ipc.CallQueueManager (CallQueueManager.java:<init>(90)) - Using callQueue: class java.util.concurrent.LinkedBlockingQueue, queueCapacity: 100, scheduler: class org.apache.hadoop.ipc.DefaultRpcScheduler, ipcBackoff: false.
2024-04-28 12:45:24,221 [main] INFO  ipc.Server (Server.java:<init>(1287)) - Listener at 0.0.0.0:15411
2024-04-28 12:45:24,222 [Socket Reader #1 for port 15411] INFO  ipc.Server (Server.java:run(1323)) - Starting Socket Reader #1 for port 15411
2024-04-28 12:45:24,223 [main] INFO  ozone.HddsDatanodeService (HddsDatanodeService.java:start(327)) - Datanode start with admins: [runner]
2024-04-28 12:45:24,223 [main] INFO  ozone.HddsDatanodeClientProtocolServer (HddsDatanodeClientProtocolServer.java:start(77)) - RPC server for Client /0.0.0.0:15411
2024-04-28 12:45:24,223 [IPC Server Responder] INFO  ipc.Server (Server.java:run(1562)) - IPC Server Responder: starting
2024-04-28 12:45:24,223 [IPC Server listener on 15411] INFO  ipc.Server (Server.java:run(1402)) - IPC Server listener on 15411: starting
2024-04-28 12:45:24,224 [main] WARN  dropwizard3.Dm3MetricRegistriesImpl (Dm3MetricRegistriesImpl.java:addReporterRegistration(113)) - New reporters are added after registries were created. Some metrics will be missing from the reporter. Please add reporter before adding any new registry.
2024-04-28 12:45:24,224 [main] WARN  dropwizard3.Dm3MetricRegistriesImpl (Dm3MetricRegistriesImpl.java:addReporterRegistration(113)) - New reporters are added after registries were created. Some metrics will be missing from the reporter. Please add reporter before adding any new registry.
2024-04-28 12:45:24,224 [main] INFO  impl.MetricsSystemImpl (MetricsSystemImpl.java:init(158)) - HddsDatanode metrics system started (again)
2024-04-28 12:45:24,225 [7957f999-cc51-45d8-add6-1ece72fbce78-DatanodeStateMachineDaemonThread] INFO  statemachine.DatanodeStateMachine (DatanodeStateMachine.java:lambda$startDaemon$1(555)) - Ozone container server started.
2024-04-28 12:45:24,227 [7957f999-cc51-45d8-add6-1ece72fbce78-DatanodeStateMachineTaskThread-0] INFO  datanode.InitDatanodeState (InitDatanodeState.java:persistContainerDatanodeDetails(139)) - DatanodeDetails is persisted to /home/runner/work/ozone/ozone/hadoop-ozone/integration-test/target/test-dir/MiniOzoneClusterImpl-4444f751-856d-4595-ad15-e87fc76049bc/ozone-meta/datanode-6/meta/datanode.id
2024-04-28 12:45:24,232 [main] INFO  ozone.HddsDatanodeService (HddsDatanodeService.java:start(240)) - HddsDatanodeService host:fv-az1392-52 ip:10.1.0.7
2024-04-28 12:45:24,245 [main] INFO  upgrade.AbstractLayoutVersionManager (AbstractLayoutVersionManager.java:init(83)) - Initializing Layout version manager with metadata layout = HADOOP_PRC_PORTS_IN_DATANODEDETAILS (version = 7), software layout = HADOOP_PRC_PORTS_IN_DATANODEDETAILS (version = 7)
2024-04-28 12:45:24,245 [main] INFO  statemachine.DatanodeStateMachine (DatanodeStateMachine.java:getEndPointTaskThreadPoolSize(299)) - Datanode State Machine Task Thread Pool size 2
2024-04-28 12:45:24,246 [main] INFO  volume.HddsVolume (HddsVolume.java:<init>(126)) - Creating HddsVolume: /home/runner/work/ozone/ozone/hadoop-ozone/integration-test/target/test-dir/MiniOzoneClusterImpl-4444f751-856d-4595-ad15-e87fc76049bc/ozone-meta/datanode-7/data-0/hdds of storage type : DISK capacity : 9223372036854775807
2024-04-28 12:45:24,246 [main] INFO  volume.MutableVolumeSet (MutableVolumeSet.java:initializeVolumeSet(173)) - Added Volume : /home/runner/work/ozone/ozone/hadoop-ozone/integration-test/target/test-dir/MiniOzoneClusterImpl-4444f751-856d-4595-ad15-e87fc76049bc/ozone-meta/datanode-7/data-0/hdds to VolumeSet
2024-04-28 12:45:24,247 [main] INFO  volume.MutableVolumeSet (MutableVolumeSet.java:initializeVolumeSet(173)) - Added Volume : /home/runner/work/ozone/ozone/hadoop-ozone/integration-test/target/test-dir/MiniOzoneClusterImpl-4444f751-856d-4595-ad15-e87fc76049bc/ozone-meta/datanode-7/ratis to VolumeSet
2024-04-28 12:45:24,247 [main] INFO  ozoneimpl.OzoneContainer (HddsVolumeUtil.java:loadAllHddsVolumeDbStore(103)) - Load 1 volumes DbStore cost: 0ms
2024-04-28 12:45:24,248 [main] INFO  server.RaftServer (ConfUtils.java:logGet(46)) - raft.rpc.type = GRPC (default)
2024-04-28 12:45:24,249 [main] INFO  grpc.GrpcConfigKeys (ConfUtils.java:logFallback(53)) - raft.grpc.admin.host = null (fallback to raft.grpc.server.host)
2024-04-28 12:45:24,249 [main] INFO  grpc.GrpcConfigKeys (ConfUtils.java:logGet(46)) - raft.grpc.admin.port = 15423 (custom)
2024-04-28 12:45:24,249 [main] INFO  grpc.GrpcConfigKeys (ConfUtils.java:logFallback(53)) - raft.grpc.client.host = null (fallback to raft.grpc.server.host)
2024-04-28 12:45:24,249 [main] INFO  grpc.GrpcConfigKeys (ConfUtils.java:logGet(46)) - raft.grpc.client.port = 15422 (custom)
2024-04-28 12:45:24,249 [main] INFO  grpc.GrpcConfigKeys (ConfUtils.java:logGet(46)) - raft.grpc.server.host = null (default)
2024-04-28 12:45:24,249 [main] INFO  grpc.GrpcConfigKeys (ConfUtils.java:logGet(46)) - raft.grpc.server.port = 15424 (custom)
2024-04-28 12:45:24,249 [main] INFO  server.GrpcService (ConfUtils.java:logGet(46)) - raft.grpc.message.size.max = 32MB (=33554432) (custom)
2024-04-28 12:45:24,249 [main] INFO  server.RaftServerConfigKeys (ConfUtils.java:logGet(46)) - raft.server.log.appender.buffer.byte-limit = 8388608 (custom)
2024-04-28 12:45:24,249 [main] INFO  server.GrpcService (ConfUtils.java:logGet(46)) - raft.grpc.flow.control.window = 5MB (=5242880) (custom)
2024-04-28 12:45:24,249 [main] INFO  server.RaftServerConfigKeys (ConfUtils.java:logGet(46)) - raft.server.rpc.request.timeout = 3000ms (default)
2024-04-28 12:45:24,249 [main] INFO  grpc.GrpcConfigKeys (ConfUtils.java:logGet(46)) - raft.grpc.server.heartbeat.channel = true (default)
2024-04-28 12:45:24,250 [main] INFO  grpc.GrpcConfigKeys (ConfUtils.java:logGet(46)) - raft.grpc.server.async.request.thread.pool.cached = true (default)
2024-04-28 12:45:24,250 [main] INFO  grpc.GrpcConfigKeys (ConfUtils.java:logGet(46)) - raft.grpc.server.async.request.thread.pool.size = 32 (default)
2024-04-28 12:45:24,251 [main] INFO  impl.DataStreamServerImpl (ConfUtils.java:logGet(46)) - raft.datastream.type = NETTY (custom)
2024-04-28 12:45:24,251 [main] INFO  server.RaftServerConfigKeys (ConfUtils.java:logGet(46)) - raft.server.data-stream.async.request.thread.pool.cached = false (default)
2024-04-28 12:45:24,251 [main] INFO  server.RaftServerConfigKeys (ConfUtils.java:logGet(46)) - raft.server.data-stream.async.request.thread.pool.size = 20 (custom)
2024-04-28 12:45:24,251 [main] INFO  server.RaftServerConfigKeys (ConfUtils.java:logGet(46)) - raft.server.data-stream.async.write.thread.pool.size = 16 (default)
2024-04-28 12:45:24,252 [main] INFO  netty.NettyConfigKeys$DataStream (ConfUtils.java:logGet(46)) - raft.netty.dataStream.server.channel.inactive.grace-period = 10min (default)
2024-04-28 12:45:24,252 [main] INFO  server.RaftServerConfigKeys (ConfUtils.java:logGet(46)) - raft.server.data-stream.client.pool.size = 10 (default)
2024-04-28 12:45:24,252 [main] INFO  netty.NettyConfigKeys$DataStream (ConfUtils.java:logGet(46)) - raft.netty.dataStream.server.use-epoll = true (default)
2024-04-28 12:45:24,252 [main] INFO  netty.NettyConfigKeys$DataStream (ConfUtils.java:logGet(46)) - raft.netty.dataStream.server.boss-group.size = 0 (default)
2024-04-28 12:45:24,252 [main] INFO  netty.NettyUtils (NettyUtils.java:newEventLoopGroup(69)) - Create EpollEventLoopGroup for 2888e557-450c-42c6-ab50-0bca692fd7ac-NettyServerStreamRpc-bossGroup; Thread size is 0.
2024-04-28 12:45:24,252 [main] INFO  netty.NettyConfigKeys$DataStream (ConfUtils.java:logGet(46)) - raft.netty.dataStream.server.worker-group.size = 0 (default)
2024-04-28 12:45:24,252 [main] INFO  netty.NettyUtils (NettyUtils.java:newEventLoopGroup(69)) - Create EpollEventLoopGroup for 2888e557-450c-42c6-ab50-0bca692fd7ac-NettyServerStreamRpc-workerGroup; Thread size is 0.
2024-04-28 12:45:24,252 [main] INFO  netty.NettyConfigKeys$DataStream (ConfUtils.java:logGet(46)) - raft.netty.dataStream.server.tls.conf = null (default)
2024-04-28 12:45:24,252 [main] INFO  netty.NettyConfigKeys$DataStream (ConfUtils.java:logGet(46)) - raft.netty.dataStream.host = null (default)
2024-04-28 12:45:24,252 [main] INFO  netty.NettyConfigKeys$DataStream (ConfUtils.java:logGet(46)) - raft.netty.dataStream.port = 15425 (custom)
2024-04-28 12:45:24,253 [main] INFO  server.RaftServerConfigKeys (ConfUtils.java:logGet(46)) - raft.server.sleep.deviation.threshold = 300ms (default)
2024-04-28 12:45:24,253 [main] INFO  server.RaftServerConfigKeys (ConfUtils.java:logGet(46)) - raft.server.close.threshold = 60s (default)
2024-04-28 12:45:24,253 [2888e557-450c-42c6-ab50-0bca692fd7ac-NettyServerStreamRpc-bossGroup--thread1] INFO  logging.LoggingHandler (AbstractInternalLogger.java:log(148)) - [id: 0xef70e8d8] REGISTERED
2024-04-28 12:45:24,253 [main] INFO  server.RaftServerConfigKeys (ConfUtils.java:logGet(46)) - raft.server.leaderelection.leader.step-down.wait-time = 10s (default)
2024-04-28 12:45:24,253 [2888e557-450c-42c6-ab50-0bca692fd7ac-NettyServerStreamRpc-bossGroup--thread1] INFO  logging.LoggingHandler (AbstractInternalLogger.java:log(148)) - [id: 0xef70e8d8] BIND: 0.0.0.0/0.0.0.0:15425
2024-04-28 12:45:24,253 [main] INFO  server.RaftServerConfigKeys (ConfUtils.java:logGet(46)) - raft.server.storage.dir = [/home/runner/work/ozone/ozone/hadoop-ozone/integration-test/target/test-dir/MiniOzoneClusterImpl-4444f751-856d-4595-ad15-e87fc76049bc/ozone-meta/datanode-7/ratis] (custom)
2024-04-28 12:45:24,253 [2888e557-450c-42c6-ab50-0bca692fd7ac-NettyServerStreamRpc-bossGroup--thread1] INFO  logging.LoggingHandler (AbstractInternalLogger.java:log(148)) - [id: 0xef70e8d8, L:/0.0.0.0:15425] ACTIVE
2024-04-28 12:45:24,253 [main] INFO  server.RaftServerConfigKeys (ConfUtils.java:logGet(46)) - raft.server.threadpool.proxy.cached = true (default)
2024-04-28 12:45:24,253 [main] INFO  server.RaftServerConfigKeys (ConfUtils.java:logGet(46)) - raft.server.threadpool.proxy.size = 0 (default)
2024-04-28 12:45:24,254 [2888e557-450c-42c6-ab50-0bca692fd7ac-impl-thread1] INFO  server.RaftServer (RaftServerProxy.java:initGroupDir(264)) - 2888e557-450c-42c6-ab50-0bca692fd7ac: found a subdirectory /home/runner/work/ozone/ozone/hadoop-ozone/integration-test/target/test-dir/MiniOzoneClusterImpl-4444f751-856d-4595-ad15-e87fc76049bc/ozone-meta/datanode-7/ratis/tmp
2024-04-28 12:45:24,254 [2888e557-450c-42c6-ab50-0bca692fd7ac-impl-thread1] INFO  server.RaftServer (RaftServerProxy.java:initGroupDir(269)) - 2888e557-450c-42c6-ab50-0bca692fd7ac: The directory /home/runner/work/ozone/ozone/hadoop-ozone/integration-test/target/test-dir/MiniOzoneClusterImpl-4444f751-856d-4595-ad15-e87fc76049bc/ozone-meta/datanode-7/ratis/tmp is not a group directory; ignoring it. 
2024-04-28 12:45:24,254 [main] INFO  replication.ReplicationServer (ReplicationServer.java:<init>(86)) - Initializing replication server with thread count = 10 queue length = 4096
2024-04-28 12:45:24,255 [main] INFO  server.XceiverServerGrpc (XceiverServerGrpc.java:<init>(141)) - GrpcServer channel type EpollServerSocketChannel
2024-04-28 12:45:24,256 [main] INFO  replication.ReplicationSupervisor (ReplicationSupervisor.java:build(157)) - Initializing replication supervisor with thread count = 10
2024-04-28 12:45:24,256 [main] INFO  replication.ReplicationSupervisor (ReplicationSupervisor.java:nodeStateUpdated(312)) - Node state updated to IN_SERVICE, scaling executor pool size to 10
2024-04-28 12:45:24,257 [main] INFO  http.BaseHttpServer (BaseHttpServer.java:newHttpServer2BuilderForOzone(223)) - Starting Web-server for hddsDatanode at: http://0.0.0.0:15419
2024-04-28 12:45:24,257 [main] INFO  http.BaseHttpServer (BaseHttpServer.java:<init>(110)) - Hadoop Security Enabled: false Ozone Security Enabled: false Ozone HTTP Security Enabled: false 
2024-04-28 12:45:24,258 [main] WARN  server.AuthenticationFilter (AuthenticationFilter.java:constructSecretProvider(240)) - Unable to initialize FileSignerSecretProvider, falling back to use random secrets. Reason: Could not read signature secret file: /home/runner/hadoop-http-auth-signature-secret
2024-04-28 12:45:24,258 [main] INFO  http.HttpRequestLog (HttpRequestLog.java:getRequestLog(86)) - Http request log for http.requests.hddsDatanode is not defined
2024-04-28 12:45:24,259 [main] INFO  http.HttpServer2 (HttpServer2.java:addGlobalFilter(1036)) - Added global filter 'safety' (class=org.apache.hadoop.hdds.server.http.HttpServer2$QuotingInputFilter)
2024-04-28 12:45:24,259 [main] INFO  http.HttpServer2 (HttpServer2.java:addFilter(1012)) - Added filter static_user_filter (class=org.apache.hadoop.http.lib.StaticUserWebFilter$StaticUserFilter) to context hddsDatanode
2024-04-28 12:45:24,259 [main] INFO  http.HttpServer2 (HttpServer2.java:addFilter(1020)) - Added filter static_user_filter (class=org.apache.hadoop.http.lib.StaticUserWebFilter$StaticUserFilter) to context logs
2024-04-28 12:45:24,259 [main] INFO  http.HttpServer2 (HttpServer2.java:addFilter(1020)) - Added filter static_user_filter (class=org.apache.hadoop.http.lib.StaticUserWebFilter$StaticUserFilter) to context static
2024-04-28 12:45:24,260 [main] INFO  http.BaseHttpServer (BaseHttpServer.java:<init>(189)) - HTTP server of hddsDatanode uses base directory /home/runner/work/ozone/ozone/hadoop-ozone/integration-test/target/test-dir/MiniOzoneClusterImpl-4444f751-856d-4595-ad15-e87fc76049bc/ozone-meta/datanode-7/meta/webserver
2024-04-28 12:45:24,260 [main] INFO  http.HttpServer2 (HttpServer2.java:bindListener(1236)) - Jetty bound to port 15419
2024-04-28 12:45:24,260 [main] INFO  server.Server (Server.java:doStart(375)) - jetty-9.4.54.v20240208; built: 2024-02-08T19:42:39.027Z; git: cef3fbd6d736a21e7d541a5db490381d95a2047d; jvm 17.0.10+7
2024-04-28 12:45:24,261 [main] INFO  server.session (DefaultSessionIdManager.java:doStart(334)) - DefaultSessionIdManager workerName=node0
2024-04-28 12:45:24,261 [main] INFO  server.session (DefaultSessionIdManager.java:doStart(339)) - No SessionScavenger set, using defaults
2024-04-28 12:45:24,261 [main] INFO  server.session (HouseKeeper.java:startScavenging(132)) - node0 Scavenging every 600000ms
2024-04-28 12:45:24,261 [main] INFO  handler.ContextHandler (ContextHandler.java:doStart(921)) - Started o.e.j.s.ServletContextHandler@50696c7c{logs,/logs,file:///home/runner/work/ozone/ozone/hadoop-ozone/integration-test/target/log,AVAILABLE}
2024-04-28 12:45:24,261 [main] INFO  handler.ContextHandler (ContextHandler.java:doStart(921)) - Started o.e.j.s.ServletContextHandler@63306e58{static,/static,file:///home/runner/work/ozone/ozone/hadoop-hdds/container-service/target/classes/webapps/static,AVAILABLE}
2024-04-28 12:45:24,264 [main] INFO  handler.ContextHandler (ContextHandler.java:doStart(921)) - Started o.e.j.w.WebAppContext@5f097960{hddsDatanode,/,file:///home/runner/work/ozone/ozone/hadoop-hdds/container-service/target/classes/webapps/hddsDatanode/,AVAILABLE}{file:/home/runner/work/ozone/ozone/hadoop-hdds/container-service/target/classes/webapps/hddsDatanode}
2024-04-28 12:45:24,264 [main] INFO  server.AbstractConnector (AbstractConnector.java:doStart(333)) - Started ServerConnector@6ba68981{HTTP/1.1, (http/1.1)}{0.0.0.0:15419}
2024-04-28 12:45:24,265 [main] INFO  server.Server (Server.java:doStart(415)) - Started @145388ms
2024-04-28 12:45:24,265 [main] WARN  impl.MetricsSystemImpl (MetricsSystemImpl.java:register(279)) - Sink prometheus already exists!
2024-04-28 12:45:24,265 [main] INFO  http.BaseHttpServer (BaseHttpServer.java:updateConnectorAddress(354)) - HTTP server of hddsDatanode listening at http://0.0.0.0:15419
2024-04-28 12:45:24,265 [main] INFO  ipc.CallQueueManager (CallQueueManager.java:<init>(90)) - Using callQueue: class java.util.concurrent.LinkedBlockingQueue, queueCapacity: 100, scheduler: class org.apache.hadoop.ipc.DefaultRpcScheduler, ipcBackoff: false.
2024-04-28 12:45:24,265 [main] INFO  ipc.Server (Server.java:<init>(1287)) - Listener at 0.0.0.0:15420
2024-04-28 12:45:24,266 [Socket Reader #1 for port 15420] INFO  ipc.Server (Server.java:run(1323)) - Starting Socket Reader #1 for port 15420
2024-04-28 12:45:24,267 [main] INFO  ozone.HddsDatanodeService (HddsDatanodeService.java:start(327)) - Datanode start with admins: [runner]
2024-04-28 12:45:24,267 [main] INFO  ozone.HddsDatanodeClientProtocolServer (HddsDatanodeClientProtocolServer.java:start(77)) - RPC server for Client /0.0.0.0:15420
2024-04-28 12:45:24,271 [IPC Server Responder] INFO  ipc.Server (Server.java:run(1562)) - IPC Server Responder: starting
2024-04-28 12:45:24,272 [main] WARN  dropwizard3.Dm3MetricRegistriesImpl (Dm3MetricRegistriesImpl.java:addReporterRegistration(113)) - New reporters are added after registries were created. Some metrics will be missing from the reporter. Please add reporter before adding any new registry.
2024-04-28 12:45:24,272 [main] WARN  dropwizard3.Dm3MetricRegistriesImpl (Dm3MetricRegistriesImpl.java:addReporterRegistration(113)) - New reporters are added after registries were created. Some metrics will be missing from the reporter. Please add reporter before adding any new registry.
2024-04-28 12:45:24,271 [IPC Server listener on 15420] INFO  ipc.Server (Server.java:run(1402)) - IPC Server listener on 15420: starting
2024-04-28 12:45:24,272 [main] INFO  impl.MetricsSystemImpl (MetricsSystemImpl.java:init(158)) - HddsDatanode metrics system started (again)
2024-04-28 12:45:24,274 [2888e557-450c-42c6-ab50-0bca692fd7ac-DatanodeStateMachineDaemonThread] INFO  statemachine.DatanodeStateMachine (DatanodeStateMachine.java:lambda$startDaemon$1(555)) - Ozone container server started.
2024-04-28 12:45:24,277 [2888e557-450c-42c6-ab50-0bca692fd7ac-DatanodeStateMachineTaskThread-0] INFO  datanode.InitDatanodeState (InitDatanodeState.java:persistContainerDatanodeDetails(139)) - DatanodeDetails is persisted to /home/runner/work/ozone/ozone/hadoop-ozone/integration-test/target/test-dir/MiniOzoneClusterImpl-4444f751-856d-4595-ad15-e87fc76049bc/ozone-meta/datanode-7/meta/datanode.id
2024-04-28 12:45:24,281 [main] INFO  ozone.HddsDatanodeService (HddsDatanodeService.java:start(240)) - HddsDatanodeService host:fv-az1392-52 ip:10.1.0.7
2024-04-28 12:45:24,293 [main] INFO  upgrade.AbstractLayoutVersionManager (AbstractLayoutVersionManager.java:init(83)) - Initializing Layout version manager with metadata layout = HADOOP_PRC_PORTS_IN_DATANODEDETAILS (version = 7), software layout = HADOOP_PRC_PORTS_IN_DATANODEDETAILS (version = 7)
2024-04-28 12:45:24,293 [main] INFO  statemachine.DatanodeStateMachine (DatanodeStateMachine.java:getEndPointTaskThreadPoolSize(299)) - Datanode State Machine Task Thread Pool size 2
2024-04-28 12:45:24,294 [main] INFO  volume.HddsVolume (HddsVolume.java:<init>(126)) - Creating HddsVolume: /home/runner/work/ozone/ozone/hadoop-ozone/integration-test/target/test-dir/MiniOzoneClusterImpl-4444f751-856d-4595-ad15-e87fc76049bc/ozone-meta/datanode-8/data-0/hdds of storage type : DISK capacity : 9223372036854775807
2024-04-28 12:45:24,294 [main] INFO  volume.MutableVolumeSet (MutableVolumeSet.java:initializeVolumeSet(173)) - Added Volume : /home/runner/work/ozone/ozone/hadoop-ozone/integration-test/target/test-dir/MiniOzoneClusterImpl-4444f751-856d-4595-ad15-e87fc76049bc/ozone-meta/datanode-8/data-0/hdds to VolumeSet
2024-04-28 12:45:24,295 [main] INFO  volume.MutableVolumeSet (MutableVolumeSet.java:initializeVolumeSet(173)) - Added Volume : /home/runner/work/ozone/ozone/hadoop-ozone/integration-test/target/test-dir/MiniOzoneClusterImpl-4444f751-856d-4595-ad15-e87fc76049bc/ozone-meta/datanode-8/ratis to VolumeSet
2024-04-28 12:45:24,295 [main] INFO  ozoneimpl.OzoneContainer (HddsVolumeUtil.java:loadAllHddsVolumeDbStore(103)) - Load 1 volumes DbStore cost: 0ms
2024-04-28 12:45:24,296 [main] INFO  server.RaftServer (ConfUtils.java:logGet(46)) - raft.rpc.type = GRPC (default)
2024-04-28 12:45:24,296 [main] INFO  grpc.GrpcConfigKeys (ConfUtils.java:logFallback(53)) - raft.grpc.admin.host = null (fallback to raft.grpc.server.host)
2024-04-28 12:45:24,297 [main] INFO  grpc.GrpcConfigKeys (ConfUtils.java:logGet(46)) - raft.grpc.admin.port = 15432 (custom)
2024-04-28 12:45:24,297 [main] INFO  grpc.GrpcConfigKeys (ConfUtils.java:logFallback(53)) - raft.grpc.client.host = null (fallback to raft.grpc.server.host)
2024-04-28 12:45:24,297 [main] INFO  grpc.GrpcConfigKeys (ConfUtils.java:logGet(46)) - raft.grpc.client.port = 15431 (custom)
2024-04-28 12:45:24,297 [main] INFO  grpc.GrpcConfigKeys (ConfUtils.java:logGet(46)) - raft.grpc.server.host = null (default)
2024-04-28 12:45:24,297 [main] INFO  grpc.GrpcConfigKeys (ConfUtils.java:logGet(46)) - raft.grpc.server.port = 15433 (custom)
2024-04-28 12:45:24,297 [main] INFO  server.GrpcService (ConfUtils.java:logGet(46)) - raft.grpc.message.size.max = 32MB (=33554432) (custom)
2024-04-28 12:45:24,297 [main] INFO  server.RaftServerConfigKeys (ConfUtils.java:logGet(46)) - raft.server.log.appender.buffer.byte-limit = 8388608 (custom)
2024-04-28 12:45:24,297 [main] INFO  server.GrpcService (ConfUtils.java:logGet(46)) - raft.grpc.flow.control.window = 5MB (=5242880) (custom)
2024-04-28 12:45:24,297 [main] INFO  server.RaftServerConfigKeys (ConfUtils.java:logGet(46)) - raft.server.rpc.request.timeout = 3000ms (default)
2024-04-28 12:45:24,297 [main] INFO  grpc.GrpcConfigKeys (ConfUtils.java:logGet(46)) - raft.grpc.server.heartbeat.channel = true (default)
2024-04-28 12:45:24,298 [main] INFO  grpc.GrpcConfigKeys (ConfUtils.java:logGet(46)) - raft.grpc.server.async.request.thread.pool.cached = true (default)
2024-04-28 12:45:24,298 [main] INFO  grpc.GrpcConfigKeys (ConfUtils.java:logGet(46)) - raft.grpc.server.async.request.thread.pool.size = 32 (default)
2024-04-28 12:45:24,300 [main] INFO  impl.DataStreamServerImpl (ConfUtils.java:logGet(46)) - raft.datastream.type = NETTY (custom)
2024-04-28 12:45:24,300 [main] INFO  server.RaftServerConfigKeys (ConfUtils.java:logGet(46)) - raft.server.data-stream.async.request.thread.pool.cached = false (default)
2024-04-28 12:45:24,300 [main] INFO  server.RaftServerConfigKeys (ConfUtils.java:logGet(46)) - raft.server.data-stream.async.request.thread.pool.size = 20 (custom)
2024-04-28 12:45:24,300 [main] INFO  server.RaftServerConfigKeys (ConfUtils.java:logGet(46)) - raft.server.data-stream.async.write.thread.pool.size = 16 (default)
2024-04-28 12:45:24,300 [main] INFO  netty.NettyConfigKeys$DataStream (ConfUtils.java:logGet(46)) - raft.netty.dataStream.server.channel.inactive.grace-period = 10min (default)
2024-04-28 12:45:24,300 [main] INFO  server.RaftServerConfigKeys (ConfUtils.java:logGet(46)) - raft.server.data-stream.client.pool.size = 10 (default)
2024-04-28 12:45:24,300 [main] INFO  netty.NettyConfigKeys$DataStream (ConfUtils.java:logGet(46)) - raft.netty.dataStream.server.use-epoll = true (default)
2024-04-28 12:45:24,300 [main] INFO  netty.NettyConfigKeys$DataStream (ConfUtils.java:logGet(46)) - raft.netty.dataStream.server.boss-group.size = 0 (default)
2024-04-28 12:45:24,301 [main] INFO  netty.NettyUtils (NettyUtils.java:newEventLoopGroup(69)) - Create EpollEventLoopGroup for a03ae040-0cc1-4c22-85ff-5ac1eba35bae-NettyServerStreamRpc-bossGroup; Thread size is 0.
2024-04-28 12:45:24,301 [main] INFO  netty.NettyConfigKeys$DataStream (ConfUtils.java:logGet(46)) - raft.netty.dataStream.server.worker-group.size = 0 (default)
2024-04-28 12:45:24,301 [main] INFO  netty.NettyUtils (NettyUtils.java:newEventLoopGroup(69)) - Create EpollEventLoopGroup for a03ae040-0cc1-4c22-85ff-5ac1eba35bae-NettyServerStreamRpc-workerGroup; Thread size is 0.
2024-04-28 12:45:24,301 [main] INFO  netty.NettyConfigKeys$DataStream (ConfUtils.java:logGet(46)) - raft.netty.dataStream.server.tls.conf = null (default)
2024-04-28 12:45:24,301 [main] INFO  netty.NettyConfigKeys$DataStream (ConfUtils.java:logGet(46)) - raft.netty.dataStream.host = null (default)
2024-04-28 12:45:24,301 [main] INFO  netty.NettyConfigKeys$DataStream (ConfUtils.java:logGet(46)) - raft.netty.dataStream.port = 15434 (custom)
2024-04-28 12:45:24,302 [main] INFO  server.RaftServerConfigKeys (ConfUtils.java:logGet(46)) - raft.server.sleep.deviation.threshold = 300ms (default)
2024-04-28 12:45:24,302 [main] INFO  server.RaftServerConfigKeys (ConfUtils.java:logGet(46)) - raft.server.close.threshold = 60s (default)
2024-04-28 12:45:24,302 [main] INFO  server.RaftServerConfigKeys (ConfUtils.java:logGet(46)) - raft.server.leaderelection.leader.step-down.wait-time = 10s (default)
2024-04-28 12:45:24,302 [a03ae040-0cc1-4c22-85ff-5ac1eba35bae-NettyServerStreamRpc-bossGroup--thread1] INFO  logging.LoggingHandler (AbstractInternalLogger.java:log(148)) - [id: 0x6fae15c7] REGISTERED
2024-04-28 12:45:24,302 [main] INFO  server.RaftServerConfigKeys (ConfUtils.java:logGet(46)) - raft.server.storage.dir = [/home/runner/work/ozone/ozone/hadoop-ozone/integration-test/target/test-dir/MiniOzoneClusterImpl-4444f751-856d-4595-ad15-e87fc76049bc/ozone-meta/datanode-8/ratis] (custom)
2024-04-28 12:45:24,302 [main] INFO  server.RaftServerConfigKeys (ConfUtils.java:logGet(46)) - raft.server.threadpool.proxy.cached = true (default)
2024-04-28 12:45:24,302 [main] INFO  server.RaftServerConfigKeys (ConfUtils.java:logGet(46)) - raft.server.threadpool.proxy.size = 0 (default)
2024-04-28 12:45:24,302 [a03ae040-0cc1-4c22-85ff-5ac1eba35bae-NettyServerStreamRpc-bossGroup--thread1] INFO  logging.LoggingHandler (AbstractInternalLogger.java:log(148)) - [id: 0x6fae15c7] BIND: 0.0.0.0/0.0.0.0:15434
2024-04-28 12:45:24,303 [a03ae040-0cc1-4c22-85ff-5ac1eba35bae-NettyServerStreamRpc-bossGroup--thread1] INFO  logging.LoggingHandler (AbstractInternalLogger.java:log(148)) - [id: 0x6fae15c7, L:/0.0.0.0:15434] ACTIVE
2024-04-28 12:45:24,303 [a03ae040-0cc1-4c22-85ff-5ac1eba35bae-impl-thread1] INFO  server.RaftServer (RaftServerProxy.java:initGroupDir(264)) - a03ae040-0cc1-4c22-85ff-5ac1eba35bae: found a subdirectory /home/runner/work/ozone/ozone/hadoop-ozone/integration-test/target/test-dir/MiniOzoneClusterImpl-4444f751-856d-4595-ad15-e87fc76049bc/ozone-meta/datanode-8/ratis/tmp
2024-04-28 12:45:24,303 [a03ae040-0cc1-4c22-85ff-5ac1eba35bae-impl-thread1] INFO  server.RaftServer (RaftServerProxy.java:initGroupDir(269)) - a03ae040-0cc1-4c22-85ff-5ac1eba35bae: The directory /home/runner/work/ozone/ozone/hadoop-ozone/integration-test/target/test-dir/MiniOzoneClusterImpl-4444f751-856d-4595-ad15-e87fc76049bc/ozone-meta/datanode-8/ratis/tmp is not a group directory; ignoring it. 
2024-04-28 12:45:24,303 [main] INFO  replication.ReplicationServer (ReplicationServer.java:<init>(86)) - Initializing replication server with thread count = 10 queue length = 4096
2024-04-28 12:45:24,303 [main] INFO  server.XceiverServerGrpc (XceiverServerGrpc.java:<init>(141)) - GrpcServer channel type EpollServerSocketChannel
2024-04-28 12:45:24,304 [main] INFO  replication.ReplicationSupervisor (ReplicationSupervisor.java:build(157)) - Initializing replication supervisor with thread count = 10
2024-04-28 12:45:24,304 [main] INFO  replication.ReplicationSupervisor (ReplicationSupervisor.java:nodeStateUpdated(312)) - Node state updated to IN_SERVICE, scaling executor pool size to 10
2024-04-28 12:45:24,306 [main] INFO  http.BaseHttpServer (BaseHttpServer.java:newHttpServer2BuilderForOzone(223)) - Starting Web-server for hddsDatanode at: http://0.0.0.0:15428
2024-04-28 12:45:24,306 [main] INFO  http.BaseHttpServer (BaseHttpServer.java:<init>(110)) - Hadoop Security Enabled: false Ozone Security Enabled: false Ozone HTTP Security Enabled: false 
2024-04-28 12:45:24,306 [main] WARN  server.AuthenticationFilter (AuthenticationFilter.java:constructSecretProvider(240)) - Unable to initialize FileSignerSecretProvider, falling back to use random secrets. Reason: Could not read signature secret file: /home/runner/hadoop-http-auth-signature-secret
2024-04-28 12:45:24,307 [main] INFO  http.HttpRequestLog (HttpRequestLog.java:getRequestLog(86)) - Http request log for http.requests.hddsDatanode is not defined
2024-04-28 12:45:24,307 [main] INFO  http.HttpServer2 (HttpServer2.java:addGlobalFilter(1036)) - Added global filter 'safety' (class=org.apache.hadoop.hdds.server.http.HttpServer2$QuotingInputFilter)
2024-04-28 12:45:24,308 [main] INFO  http.HttpServer2 (HttpServer2.java:addFilter(1012)) - Added filter static_user_filter (class=org.apache.hadoop.http.lib.StaticUserWebFilter$StaticUserFilter) to context hddsDatanode
2024-04-28 12:45:24,308 [main] INFO  http.HttpServer2 (HttpServer2.java:addFilter(1020)) - Added filter static_user_filter (class=org.apache.hadoop.http.lib.StaticUserWebFilter$StaticUserFilter) to context logs
2024-04-28 12:45:24,308 [main] INFO  http.HttpServer2 (HttpServer2.java:addFilter(1020)) - Added filter static_user_filter (class=org.apache.hadoop.http.lib.StaticUserWebFilter$StaticUserFilter) to context static
2024-04-28 12:45:24,308 [main] INFO  http.BaseHttpServer (BaseHttpServer.java:<init>(189)) - HTTP server of hddsDatanode uses base directory /home/runner/work/ozone/ozone/hadoop-ozone/integration-test/target/test-dir/MiniOzoneClusterImpl-4444f751-856d-4595-ad15-e87fc76049bc/ozone-meta/datanode-8/meta/webserver
2024-04-28 12:45:24,308 [main] INFO  http.HttpServer2 (HttpServer2.java:bindListener(1236)) - Jetty bound to port 15428
2024-04-28 12:45:24,309 [main] INFO  server.Server (Server.java:doStart(375)) - jetty-9.4.54.v20240208; built: 2024-02-08T19:42:39.027Z; git: cef3fbd6d736a21e7d541a5db490381d95a2047d; jvm 17.0.10+7
2024-04-28 12:45:24,309 [main] INFO  server.session (DefaultSessionIdManager.java:doStart(334)) - DefaultSessionIdManager workerName=node0
2024-04-28 12:45:24,310 [main] INFO  server.session (DefaultSessionIdManager.java:doStart(339)) - No SessionScavenger set, using defaults
2024-04-28 12:45:24,310 [main] INFO  server.session (HouseKeeper.java:startScavenging(132)) - node0 Scavenging every 660000ms
2024-04-28 12:45:24,310 [main] INFO  handler.ContextHandler (ContextHandler.java:doStart(921)) - Started o.e.j.s.ServletContextHandler@71867474{logs,/logs,file:///home/runner/work/ozone/ozone/hadoop-ozone/integration-test/target/log,AVAILABLE}
2024-04-28 12:45:24,310 [main] INFO  handler.ContextHandler (ContextHandler.java:doStart(921)) - Started o.e.j.s.ServletContextHandler@5fb8db6c{static,/static,file:///home/runner/work/ozone/ozone/hadoop-hdds/container-service/target/classes/webapps/static,AVAILABLE}
2024-04-28 12:45:24,313 [main] INFO  handler.ContextHandler (ContextHandler.java:doStart(921)) - Started o.e.j.w.WebAppContext@27d74f45{hddsDatanode,/,file:///home/runner/work/ozone/ozone/hadoop-hdds/container-service/target/classes/webapps/hddsDatanode/,AVAILABLE}{file:/home/runner/work/ozone/ozone/hadoop-hdds/container-service/target/classes/webapps/hddsDatanode}
2024-04-28 12:45:24,313 [main] INFO  server.AbstractConnector (AbstractConnector.java:doStart(333)) - Started ServerConnector@2b4f1b37{HTTP/1.1, (http/1.1)}{0.0.0.0:15428}
2024-04-28 12:45:24,313 [main] INFO  server.Server (Server.java:doStart(415)) - Started @145436ms
2024-04-28 12:45:24,313 [main] WARN  impl.MetricsSystemImpl (MetricsSystemImpl.java:register(279)) - Sink prometheus already exists!
2024-04-28 12:45:24,314 [main] INFO  http.BaseHttpServer (BaseHttpServer.java:updateConnectorAddress(354)) - HTTP server of hddsDatanode listening at http://0.0.0.0:15428
2024-04-28 12:45:24,314 [main] INFO  ipc.CallQueueManager (CallQueueManager.java:<init>(90)) - Using callQueue: class java.util.concurrent.LinkedBlockingQueue, queueCapacity: 100, scheduler: class org.apache.hadoop.ipc.DefaultRpcScheduler, ipcBackoff: false.
2024-04-28 12:45:24,314 [main] INFO  ipc.Server (Server.java:<init>(1287)) - Listener at 0.0.0.0:15429
2024-04-28 12:45:24,315 [Socket Reader #1 for port 15429] INFO  ipc.Server (Server.java:run(1323)) - Starting Socket Reader #1 for port 15429
2024-04-28 12:45:24,321 [main] INFO  ozone.HddsDatanodeService (HddsDatanodeService.java:start(327)) - Datanode start with admins: [runner]
2024-04-28 12:45:24,321 [main] INFO  ozone.HddsDatanodeClientProtocolServer (HddsDatanodeClientProtocolServer.java:start(77)) - RPC server for Client /0.0.0.0:15429
2024-04-28 12:45:24,322 [IPC Server listener on 15429] INFO  ipc.Server (Server.java:run(1402)) - IPC Server listener on 15429: starting
2024-04-28 12:45:24,322 [IPC Server Responder] INFO  ipc.Server (Server.java:run(1562)) - IPC Server Responder: starting
2024-04-28 12:45:24,325 [a03ae040-0cc1-4c22-85ff-5ac1eba35bae-DatanodeStateMachineDaemonThread] INFO  statemachine.DatanodeStateMachine (DatanodeStateMachine.java:lambda$startDaemon$1(555)) - Ozone container server started.
2024-04-28 12:45:24,326 [main] WARN  dropwizard3.Dm3MetricRegistriesImpl (Dm3MetricRegistriesImpl.java:addReporterRegistration(113)) - New reporters are added after registries were created. Some metrics will be missing from the reporter. Please add reporter before adding any new registry.
2024-04-28 12:45:24,326 [main] WARN  dropwizard3.Dm3MetricRegistriesImpl (Dm3MetricRegistriesImpl.java:addReporterRegistration(113)) - New reporters are added after registries were created. Some metrics will be missing from the reporter. Please add reporter before adding any new registry.
2024-04-28 12:45:24,326 [main] INFO  impl.MetricsSystemImpl (MetricsSystemImpl.java:init(158)) - HddsDatanode metrics system started (again)
2024-04-28 12:45:24,328 [a03ae040-0cc1-4c22-85ff-5ac1eba35bae-DatanodeStateMachineTaskThread-0] INFO  datanode.InitDatanodeState (InitDatanodeState.java:persistContainerDatanodeDetails(139)) - DatanodeDetails is persisted to /home/runner/work/ozone/ozone/hadoop-ozone/integration-test/target/test-dir/MiniOzoneClusterImpl-4444f751-856d-4595-ad15-e87fc76049bc/ozone-meta/datanode-8/meta/datanode.id
2024-04-28 12:45:24,335 [main] INFO  ozone.HddsDatanodeService (HddsDatanodeService.java:start(240)) - HddsDatanodeService host:fv-az1392-52 ip:10.1.0.7
2024-04-28 12:45:24,347 [main] INFO  upgrade.AbstractLayoutVersionManager (AbstractLayoutVersionManager.java:init(83)) - Initializing Layout version manager with metadata layout = HADOOP_PRC_PORTS_IN_DATANODEDETAILS (version = 7), software layout = HADOOP_PRC_PORTS_IN_DATANODEDETAILS (version = 7)
2024-04-28 12:45:24,347 [main] INFO  statemachine.DatanodeStateMachine (DatanodeStateMachine.java:getEndPointTaskThreadPoolSize(299)) - Datanode State Machine Task Thread Pool size 2
2024-04-28 12:45:24,348 [main] INFO  volume.HddsVolume (HddsVolume.java:<init>(126)) - Creating HddsVolume: /home/runner/work/ozone/ozone/hadoop-ozone/integration-test/target/test-dir/MiniOzoneClusterImpl-4444f751-856d-4595-ad15-e87fc76049bc/ozone-meta/datanode-9/data-0/hdds of storage type : DISK capacity : 9223372036854775807
2024-04-28 12:45:24,349 [main] INFO  volume.MutableVolumeSet (MutableVolumeSet.java:initializeVolumeSet(173)) - Added Volume : /home/runner/work/ozone/ozone/hadoop-ozone/integration-test/target/test-dir/MiniOzoneClusterImpl-4444f751-856d-4595-ad15-e87fc76049bc/ozone-meta/datanode-9/data-0/hdds to VolumeSet
2024-04-28 12:45:24,349 [main] INFO  volume.MutableVolumeSet (MutableVolumeSet.java:initializeVolumeSet(173)) - Added Volume : /home/runner/work/ozone/ozone/hadoop-ozone/integration-test/target/test-dir/MiniOzoneClusterImpl-4444f751-856d-4595-ad15-e87fc76049bc/ozone-meta/datanode-9/ratis to VolumeSet
2024-04-28 12:45:24,349 [main] INFO  ozoneimpl.OzoneContainer (HddsVolumeUtil.java:loadAllHddsVolumeDbStore(103)) - Load 1 volumes DbStore cost: 0ms
2024-04-28 12:45:24,351 [main] INFO  server.RaftServer (ConfUtils.java:logGet(46)) - raft.rpc.type = GRPC (default)
2024-04-28 12:45:24,351 [main] INFO  grpc.GrpcConfigKeys (ConfUtils.java:logFallback(53)) - raft.grpc.admin.host = null (fallback to raft.grpc.server.host)
2024-04-28 12:45:24,351 [main] INFO  grpc.GrpcConfigKeys (ConfUtils.java:logGet(46)) - raft.grpc.admin.port = 15441 (custom)
2024-04-28 12:45:24,351 [main] INFO  grpc.GrpcConfigKeys (ConfUtils.java:logFallback(53)) - raft.grpc.client.host = null (fallback to raft.grpc.server.host)
2024-04-28 12:45:24,351 [main] INFO  grpc.GrpcConfigKeys (ConfUtils.java:logGet(46)) - raft.grpc.client.port = 15440 (custom)
2024-04-28 12:45:24,351 [main] INFO  grpc.GrpcConfigKeys (ConfUtils.java:logGet(46)) - raft.grpc.server.host = null (default)
2024-04-28 12:45:24,351 [main] INFO  grpc.GrpcConfigKeys (ConfUtils.java:logGet(46)) - raft.grpc.server.port = 15442 (custom)
2024-04-28 12:45:24,351 [main] INFO  server.GrpcService (ConfUtils.java:logGet(46)) - raft.grpc.message.size.max = 32MB (=33554432) (custom)
2024-04-28 12:45:24,352 [main] INFO  server.RaftServerConfigKeys (ConfUtils.java:logGet(46)) - raft.server.log.appender.buffer.byte-limit = 8388608 (custom)
2024-04-28 12:45:24,352 [main] INFO  server.GrpcService (ConfUtils.java:logGet(46)) - raft.grpc.flow.control.window = 5MB (=5242880) (custom)
2024-04-28 12:45:24,352 [main] INFO  server.RaftServerConfigKeys (ConfUtils.java:logGet(46)) - raft.server.rpc.request.timeout = 3000ms (default)
2024-04-28 12:45:24,352 [main] INFO  grpc.GrpcConfigKeys (ConfUtils.java:logGet(46)) - raft.grpc.server.heartbeat.channel = true (default)
2024-04-28 12:45:24,352 [main] INFO  grpc.GrpcConfigKeys (ConfUtils.java:logGet(46)) - raft.grpc.server.async.request.thread.pool.cached = true (default)
2024-04-28 12:45:24,352 [main] INFO  grpc.GrpcConfigKeys (ConfUtils.java:logGet(46)) - raft.grpc.server.async.request.thread.pool.size = 32 (default)
2024-04-28 12:45:24,353 [main] INFO  impl.DataStreamServerImpl (ConfUtils.java:logGet(46)) - raft.datastream.type = NETTY (custom)
2024-04-28 12:45:24,354 [main] INFO  server.RaftServerConfigKeys (ConfUtils.java:logGet(46)) - raft.server.data-stream.async.request.thread.pool.cached = false (default)
2024-04-28 12:45:24,354 [main] INFO  server.RaftServerConfigKeys (ConfUtils.java:logGet(46)) - raft.server.data-stream.async.request.thread.pool.size = 20 (custom)
2024-04-28 12:45:24,354 [main] INFO  server.RaftServerConfigKeys (ConfUtils.java:logGet(46)) - raft.server.data-stream.async.write.thread.pool.size = 16 (default)
2024-04-28 12:45:24,354 [main] INFO  netty.NettyConfigKeys$DataStream (ConfUtils.java:logGet(46)) - raft.netty.dataStream.server.channel.inactive.grace-period = 10min (default)
2024-04-28 12:45:24,354 [main] INFO  server.RaftServerConfigKeys (ConfUtils.java:logGet(46)) - raft.server.data-stream.client.pool.size = 10 (default)
2024-04-28 12:45:24,354 [main] INFO  netty.NettyConfigKeys$DataStream (ConfUtils.java:logGet(46)) - raft.netty.dataStream.server.use-epoll = true (default)
2024-04-28 12:45:24,354 [main] INFO  netty.NettyConfigKeys$DataStream (ConfUtils.java:logGet(46)) - raft.netty.dataStream.server.boss-group.size = 0 (default)
2024-04-28 12:45:24,354 [main] INFO  netty.NettyUtils (NettyUtils.java:newEventLoopGroup(69)) - Create EpollEventLoopGroup for 5986eb43-6756-4d1a-9985-b2bcfc70d88f-NettyServerStreamRpc-bossGroup; Thread size is 0.
2024-04-28 12:45:24,354 [main] INFO  netty.NettyConfigKeys$DataStream (ConfUtils.java:logGet(46)) - raft.netty.dataStream.server.worker-group.size = 0 (default)
2024-04-28 12:45:24,354 [main] INFO  netty.NettyUtils (NettyUtils.java:newEventLoopGroup(69)) - Create EpollEventLoopGroup for 5986eb43-6756-4d1a-9985-b2bcfc70d88f-NettyServerStreamRpc-workerGroup; Thread size is 0.
2024-04-28 12:45:24,355 [main] INFO  netty.NettyConfigKeys$DataStream (ConfUtils.java:logGet(46)) - raft.netty.dataStream.server.tls.conf = null (default)
2024-04-28 12:45:24,355 [main] INFO  netty.NettyConfigKeys$DataStream (ConfUtils.java:logGet(46)) - raft.netty.dataStream.host = null (default)
2024-04-28 12:45:24,355 [main] INFO  netty.NettyConfigKeys$DataStream (ConfUtils.java:logGet(46)) - raft.netty.dataStream.port = 15443 (custom)
2024-04-28 12:45:24,355 [main] INFO  server.RaftServerConfigKeys (ConfUtils.java:logGet(46)) - raft.server.sleep.deviation.threshold = 300ms (default)
2024-04-28 12:45:24,355 [main] INFO  server.RaftServerConfigKeys (ConfUtils.java:logGet(46)) - raft.server.close.threshold = 60s (default)
2024-04-28 12:45:24,355 [main] INFO  server.RaftServerConfigKeys (ConfUtils.java:logGet(46)) - raft.server.leaderelection.leader.step-down.wait-time = 10s (default)
2024-04-28 12:45:24,356 [main] INFO  server.RaftServerConfigKeys (ConfUtils.java:logGet(46)) - raft.server.storage.dir = [/home/runner/work/ozone/ozone/hadoop-ozone/integration-test/target/test-dir/MiniOzoneClusterImpl-4444f751-856d-4595-ad15-e87fc76049bc/ozone-meta/datanode-9/ratis] (custom)
2024-04-28 12:45:24,356 [main] INFO  server.RaftServerConfigKeys (ConfUtils.java:logGet(46)) - raft.server.threadpool.proxy.cached = true (default)
2024-04-28 12:45:24,356 [main] INFO  server.RaftServerConfigKeys (ConfUtils.java:logGet(46)) - raft.server.threadpool.proxy.size = 0 (default)
2024-04-28 12:45:24,355 [5986eb43-6756-4d1a-9985-b2bcfc70d88f-NettyServerStreamRpc-bossGroup--thread1] INFO  logging.LoggingHandler (AbstractInternalLogger.java:log(148)) - [id: 0xf6bdc2b0] REGISTERED
2024-04-28 12:45:24,356 [5986eb43-6756-4d1a-9985-b2bcfc70d88f-NettyServerStreamRpc-bossGroup--thread1] INFO  logging.LoggingHandler (AbstractInternalLogger.java:log(148)) - [id: 0xf6bdc2b0] BIND: 0.0.0.0/0.0.0.0:15443
2024-04-28 12:45:24,356 [5986eb43-6756-4d1a-9985-b2bcfc70d88f-NettyServerStreamRpc-bossGroup--thread1] INFO  logging.LoggingHandler (AbstractInternalLogger.java:log(148)) - [id: 0xf6bdc2b0, L:/0.0.0.0:15443] ACTIVE
2024-04-28 12:45:24,356 [5986eb43-6756-4d1a-9985-b2bcfc70d88f-impl-thread1] INFO  server.RaftServer (RaftServerProxy.java:initGroupDir(264)) - 5986eb43-6756-4d1a-9985-b2bcfc70d88f: found a subdirectory /home/runner/work/ozone/ozone/hadoop-ozone/integration-test/target/test-dir/MiniOzoneClusterImpl-4444f751-856d-4595-ad15-e87fc76049bc/ozone-meta/datanode-9/ratis/tmp
2024-04-28 12:45:24,356 [5986eb43-6756-4d1a-9985-b2bcfc70d88f-impl-thread1] INFO  server.RaftServer (RaftServerProxy.java:initGroupDir(269)) - 5986eb43-6756-4d1a-9985-b2bcfc70d88f: The directory /home/runner/work/ozone/ozone/hadoop-ozone/integration-test/target/test-dir/MiniOzoneClusterImpl-4444f751-856d-4595-ad15-e87fc76049bc/ozone-meta/datanode-9/ratis/tmp is not a group directory; ignoring it. 
2024-04-28 12:45:24,357 [main] INFO  replication.ReplicationServer (ReplicationServer.java:<init>(86)) - Initializing replication server with thread count = 10 queue length = 4096
2024-04-28 12:45:24,357 [main] INFO  server.XceiverServerGrpc (XceiverServerGrpc.java:<init>(141)) - GrpcServer channel type EpollServerSocketChannel
2024-04-28 12:45:24,358 [main] INFO  replication.ReplicationSupervisor (ReplicationSupervisor.java:build(157)) - Initializing replication supervisor with thread count = 10
2024-04-28 12:45:24,358 [main] INFO  replication.ReplicationSupervisor (ReplicationSupervisor.java:nodeStateUpdated(312)) - Node state updated to IN_SERVICE, scaling executor pool size to 10
2024-04-28 12:45:24,359 [main] INFO  http.BaseHttpServer (BaseHttpServer.java:newHttpServer2BuilderForOzone(223)) - Starting Web-server for hddsDatanode at: http://0.0.0.0:15437
2024-04-28 12:45:24,359 [main] INFO  http.BaseHttpServer (BaseHttpServer.java:<init>(110)) - Hadoop Security Enabled: false Ozone Security Enabled: false Ozone HTTP Security Enabled: false 
2024-04-28 12:45:24,360 [main] WARN  server.AuthenticationFilter (AuthenticationFilter.java:constructSecretProvider(240)) - Unable to initialize FileSignerSecretProvider, falling back to use random secrets. Reason: Could not read signature secret file: /home/runner/hadoop-http-auth-signature-secret
2024-04-28 12:45:24,360 [main] INFO  http.HttpRequestLog (HttpRequestLog.java:getRequestLog(86)) - Http request log for http.requests.hddsDatanode is not defined
2024-04-28 12:45:24,361 [main] INFO  http.HttpServer2 (HttpServer2.java:addGlobalFilter(1036)) - Added global filter 'safety' (class=org.apache.hadoop.hdds.server.http.HttpServer2$QuotingInputFilter)
2024-04-28 12:45:24,361 [main] INFO  http.HttpServer2 (HttpServer2.java:addFilter(1012)) - Added filter static_user_filter (class=org.apache.hadoop.http.lib.StaticUserWebFilter$StaticUserFilter) to context hddsDatanode
2024-04-28 12:45:24,361 [main] INFO  http.HttpServer2 (HttpServer2.java:addFilter(1020)) - Added filter static_user_filter (class=org.apache.hadoop.http.lib.StaticUserWebFilter$StaticUserFilter) to context static
2024-04-28 12:45:24,362 [main] INFO  http.HttpServer2 (HttpServer2.java:addFilter(1020)) - Added filter static_user_filter (class=org.apache.hadoop.http.lib.StaticUserWebFilter$StaticUserFilter) to context logs
2024-04-28 12:45:24,362 [main] INFO  http.BaseHttpServer (BaseHttpServer.java:<init>(189)) - HTTP server of hddsDatanode uses base directory /home/runner/work/ozone/ozone/hadoop-ozone/integration-test/target/test-dir/MiniOzoneClusterImpl-4444f751-856d-4595-ad15-e87fc76049bc/ozone-meta/datanode-9/meta/webserver
2024-04-28 12:45:24,362 [main] INFO  http.HttpServer2 (HttpServer2.java:bindListener(1236)) - Jetty bound to port 15437
2024-04-28 12:45:24,362 [main] INFO  server.Server (Server.java:doStart(375)) - jetty-9.4.54.v20240208; built: 2024-02-08T19:42:39.027Z; git: cef3fbd6d736a21e7d541a5db490381d95a2047d; jvm 17.0.10+7
2024-04-28 12:45:24,363 [main] INFO  server.session (DefaultSessionIdManager.java:doStart(334)) - DefaultSessionIdManager workerName=node0
2024-04-28 12:45:24,363 [main] INFO  server.session (DefaultSessionIdManager.java:doStart(339)) - No SessionScavenger set, using defaults
2024-04-28 12:45:24,363 [main] INFO  server.session (HouseKeeper.java:startScavenging(132)) - node0 Scavenging every 600000ms
2024-04-28 12:45:24,364 [main] INFO  handler.ContextHandler (ContextHandler.java:doStart(921)) - Started o.e.j.s.ServletContextHandler@1ba4c55c{logs,/logs,file:///home/runner/work/ozone/ozone/hadoop-ozone/integration-test/target/log,AVAILABLE}
2024-04-28 12:45:24,364 [main] INFO  handler.ContextHandler (ContextHandler.java:doStart(921)) - Started o.e.j.s.ServletContextHandler@2f8288b2{static,/static,file:///home/runner/work/ozone/ozone/hadoop-hdds/container-service/target/classes/webapps/static,AVAILABLE}
2024-04-28 12:45:24,366 [main] INFO  handler.ContextHandler (ContextHandler.java:doStart(921)) - Started o.e.j.w.WebAppContext@4707686e{hddsDatanode,/,file:///home/runner/work/ozone/ozone/hadoop-hdds/container-service/target/classes/webapps/hddsDatanode/,AVAILABLE}{file:/home/runner/work/ozone/ozone/hadoop-hdds/container-service/target/classes/webapps/hddsDatanode}
2024-04-28 12:45:24,367 [main] INFO  server.AbstractConnector (AbstractConnector.java:doStart(333)) - Started ServerConnector@6fb527b4{HTTP/1.1, (http/1.1)}{0.0.0.0:15437}
2024-04-28 12:45:24,367 [main] INFO  server.Server (Server.java:doStart(415)) - Started @145490ms
2024-04-28 12:45:24,367 [main] WARN  impl.MetricsSystemImpl (MetricsSystemImpl.java:register(279)) - Sink prometheus already exists!
2024-04-28 12:45:24,367 [main] INFO  http.BaseHttpServer (BaseHttpServer.java:updateConnectorAddress(354)) - HTTP server of hddsDatanode listening at http://0.0.0.0:15437
2024-04-28 12:45:24,367 [main] INFO  ipc.CallQueueManager (CallQueueManager.java:<init>(90)) - Using callQueue: class java.util.concurrent.LinkedBlockingQueue, queueCapacity: 100, scheduler: class org.apache.hadoop.ipc.DefaultRpcScheduler, ipcBackoff: false.
2024-04-28 12:45:24,368 [main] INFO  ipc.Server (Server.java:<init>(1287)) - Listener at 0.0.0.0:15438
2024-04-28 12:45:24,368 [Socket Reader #1 for port 15438] INFO  ipc.Server (Server.java:run(1323)) - Starting Socket Reader #1 for port 15438
2024-04-28 12:45:24,369 [main] INFO  ozone.HddsDatanodeService (HddsDatanodeService.java:start(327)) - Datanode start with admins: [runner]
2024-04-28 12:45:24,369 [main] INFO  ozone.HddsDatanodeClientProtocolServer (HddsDatanodeClientProtocolServer.java:start(77)) - RPC server for Client /0.0.0.0:15438
2024-04-28 12:45:24,369 [IPC Server Responder] INFO  ipc.Server (Server.java:run(1562)) - IPC Server Responder: starting
2024-04-28 12:45:24,369 [IPC Server listener on 15438] INFO  ipc.Server (Server.java:run(1402)) - IPC Server listener on 15438: starting
2024-04-28 12:45:24,370 [5986eb43-6756-4d1a-9985-b2bcfc70d88f-DatanodeStateMachineDaemonThread] INFO  statemachine.DatanodeStateMachine (DatanodeStateMachine.java:lambda$startDaemon$1(555)) - Ozone container server started.
2024-04-28 12:45:24,370 [main] INFO  ozone.MiniOzoneClusterImpl (MiniOzoneClusterImpl.java:lambda$waitForClusterToBeReady$0(194)) - Waiting for nodes to be ready. Got 0 of 9 DN Heartbeats.
2024-04-28 12:45:24,370 [main] INFO  ozone.MiniOzoneClusterImpl (MiniOzoneClusterImpl.java:lambda$waitForClusterToBeReady$0(197)) - Waiting for cluster to exit safe mode
2024-04-28 12:45:24,370 [main] INFO  ozone.MiniOzoneClusterImpl (MiniOzoneClusterImpl.java:lambda$waitForClusterToBeReady$0(199)) - SCM became leader
2024-04-28 12:45:24,371 [5986eb43-6756-4d1a-9985-b2bcfc70d88f-DatanodeStateMachineTaskThread-0] INFO  datanode.InitDatanodeState (InitDatanodeState.java:persistContainerDatanodeDetails(139)) - DatanodeDetails is persisted to /home/runner/work/ozone/ozone/hadoop-ozone/integration-test/target/test-dir/MiniOzoneClusterImpl-4444f751-856d-4595-ad15-e87fc76049bc/ozone-meta/datanode-9/meta/datanode.id
2024-04-28 12:45:25,013 [om1@group-C5BA1605619E-FollowerState] INFO  impl.FollowerState (FollowerState.java:run(143)) - om1@group-C5BA1605619E-FollowerState: change to CANDIDATE, lastRpcElapsedTime:1173074206ns, electionTimeout:1172ms
2024-04-28 12:45:25,013 [om1@group-C5BA1605619E-FollowerState] INFO  impl.RoleInfo (RoleInfo.java:shutdownFollowerState(110)) - om1: shutdown om1@group-C5BA1605619E-FollowerState
2024-04-28 12:45:25,013 [om1@group-C5BA1605619E-FollowerState] INFO  server.RaftServer$Division (RaftServerImpl.java:setRole(383)) - om1@group-C5BA1605619E: changes role from  FOLLOWER to CANDIDATE at term 0 for changeToCandidate
2024-04-28 12:45:25,013 [om1@group-C5BA1605619E-FollowerState] INFO  server.RaftServerConfigKeys (ConfUtils.java:logGet(46)) - raft.server.leaderelection.pre-vote = true (default)
2024-04-28 12:45:25,014 [om1@group-C5BA1605619E-FollowerState] INFO  impl.RoleInfo (RoleInfo.java:updateAndGet(139)) - om1: start om1@group-C5BA1605619E-LeaderElection59
2024-04-28 12:45:25,014 [om1@group-C5BA1605619E-LeaderElection59] INFO  impl.LeaderElection (LeaderElection.java:askForVotes(321)) - om1@group-C5BA1605619E-LeaderElection59 PRE_VOTE round 0: submit vote requests at term 0 for -1: peers:[om1|localhost:15363]|listeners:[], old=null
2024-04-28 12:45:25,014 [om1@group-C5BA1605619E-LeaderElection59] INFO  impl.LeaderElection (LeaderElection.java:askForVotes(323)) - om1@group-C5BA1605619E-LeaderElection59 PRE_VOTE round 0: result PASSED (term=0)
2024-04-28 12:45:25,015 [om1@group-C5BA1605619E-LeaderElection59] INFO  impl.LeaderElection (LeaderElection.java:askForVotes(321)) - om1@group-C5BA1605619E-LeaderElection59 ELECTION round 0: submit vote requests at term 1 for -1: peers:[om1|localhost:15363]|listeners:[], old=null
2024-04-28 12:45:25,015 [om1@group-C5BA1605619E-LeaderElection59] INFO  impl.LeaderElection (LeaderElection.java:askForVotes(323)) - om1@group-C5BA1605619E-LeaderElection59 ELECTION round 0: result PASSED (term=1)
2024-04-28 12:45:25,015 [om1@group-C5BA1605619E-LeaderElection59] INFO  impl.RoleInfo (RoleInfo.java:shutdownLeaderElection(130)) - om1: shutdown om1@group-C5BA1605619E-LeaderElection59
2024-04-28 12:45:25,015 [om1@group-C5BA1605619E-LeaderElection59] INFO  server.RaftServer$Division (RaftServerImpl.java:setRole(383)) - om1@group-C5BA1605619E: changes role from CANDIDATE to LEADER at term 1 for changeToLeader
2024-04-28 12:45:25,015 [om1@group-C5BA1605619E-LeaderElection59] INFO  server.RaftServerConfigKeys (ConfUtils.java:logGet(46)) - raft.server.staging.catchup.gap = 1000 (default)
2024-04-28 12:45:25,016 [om1@group-C5BA1605619E-LeaderElection59] INFO  server.RaftServerConfigKeys (ConfUtils.java:logGet(46)) - raft.server.write.element-limit = 4096 (default)
2024-04-28 12:45:25,016 [om1@group-C5BA1605619E-LeaderElection59] INFO  server.RaftServerConfigKeys (ConfUtils.java:logGet(46)) - raft.server.write.byte-limit = 64MB (=67108864) (default)
2024-04-28 12:45:25,016 [om1@group-C5BA1605619E-LeaderElection59] INFO  server.RaftServerConfigKeys (ConfUtils.java:logGet(46)) - raft.server.watch.timeout = 10s (default)
2024-04-28 12:45:25,016 [om1@group-C5BA1605619E-LeaderElection59] INFO  server.RaftServerConfigKeys (ConfUtils.java:logGet(46)) - raft.server.watch.timeout.denomination = 1s (default)
2024-04-28 12:45:25,016 [om1@group-C5BA1605619E-LeaderElection59] INFO  server.RaftServerConfigKeys (ConfUtils.java:logGet(46)) - raft.server.watch.element-limit = 65536 (default)
2024-04-28 12:45:25,016 [om1@group-C5BA1605619E-LeaderElection59] INFO  server.RaftServerConfigKeys (ConfUtils.java:logGet(46)) - raft.server.read.leader.lease.enabled = false (default)
2024-04-28 12:45:25,016 [om1@group-C5BA1605619E-LeaderElection59] INFO  server.RaftServerConfigKeys (ConfUtils.java:logGet(46)) - raft.server.read.leader.lease.timeout.ratio = 0.9 (default)
2024-04-28 12:45:25,016 [om1@group-C5BA1605619E-LeaderElection59] INFO  server.RaftServerConfigKeys (ConfUtils.java:logGet(46)) - raft.server.rpc.timeout.min = 1s (custom)
2024-04-28 12:45:25,016 [om1@group-C5BA1605619E-LeaderElection59] INFO  server.RaftServerConfigKeys (ConfUtils.java:logGet(46)) - raft.server.write.element-limit = 4096 (default)
2024-04-28 12:45:25,016 [om1@group-C5BA1605619E-LeaderElection59] INFO  server.RaftServerConfigKeys (ConfUtils.java:logGet(46)) - raft.server.write.follower.gap.ratio.max = -1.0 (default)
2024-04-28 12:45:25,016 [om1@group-C5BA1605619E-LeaderElection59] INFO  impl.RoleInfo (RoleInfo.java:updateAndGet(139)) - om1: start om1@group-C5BA1605619E-LeaderStateImpl
2024-04-28 12:45:25,016 [om1@group-C5BA1605619E-LeaderElection59] INFO  server.RaftServer$Division (RaftServerImpl.java:setFirstElection(574)) - om1@group-C5BA1605619E: set firstElectionSinceStartup to false for becomeLeader
2024-04-28 12:45:25,017 [om1@group-C5BA1605619E-LeaderElection59] INFO  server.RaftServer$Division (ServerState.java:setLeader(269)) - om1@group-C5BA1605619E: change Leader from null to om1 at term 1 for becomeLeader, leader elected after 1424ms
2024-04-28 12:45:25,017 [om1@group-C5BA1605619E-LeaderElection59] INFO  segmented.SegmentedRaftLogWorker (SegmentedRaftLogWorker.java:startLogSegment(430)) - om1@group-C5BA1605619E-SegmentedRaftLogWorker: Starting segment from index:0
2024-04-28 12:45:25,017 [om1@group-C5BA1605619E-LeaderElection59] INFO  server.RaftServer$Division (ServerState.java:setRaftConf(386)) - om1@group-C5BA1605619E: set configuration 0: peers:[om1|localhost:15363]|listeners:[], old=null
2024-04-28 12:45:25,017 [om1@group-C5BA1605619E-SegmentedRaftLogWorker] INFO  segmented.BufferedWriteChannel (BufferedWriteChannel.java:open(62)) - open log_inprogress_0 at position 0
2024-04-28 12:45:25,024 [om1@group-C5BA1605619E-SegmentedRaftLogWorker] INFO  segmented.SegmentedRaftLogWorker (SegmentedRaftLogWorker.java:execute(634)) - om1@group-C5BA1605619E-SegmentedRaftLogWorker: created new log segment /home/runner/work/ozone/ozone/hadoop-ozone/integration-test/target/test-dir/MiniOzoneClusterImpl-4444f751-856d-4595-ad15-e87fc76049bc/ozone-meta/ratis/bf265839-605b-3f16-9796-c5ba1605619e/current/log_inprogress_0
2024-04-28 12:45:25,025 [om1@group-C5BA1605619E-StateMachineUpdater] INFO  ratis.OzoneManagerStateMachine (OzoneManagerStateMachine.java:notifyConfigurationChanged(212)) - Received Configuration change notification from Ratis. New Peer list:
[id: "om1"
address: "localhost:15363"
startupRole: FOLLOWER
]
2024-04-28 12:45:25,025 [om1@group-C5BA1605619E-StateMachineUpdater] INFO  server.RaftServer$Division (LeaderStateImpl.java:isApplied(320)) - leader is ready since appliedIndex == 0 >= startIndex == 0
2024-04-28 12:45:25,371 [main] INFO  ozone.MiniOzoneClusterImpl (MiniOzoneClusterImpl.java:lambda$waitForClusterToBeReady$0(194)) - Waiting for nodes to be ready. Got 0 of 9 DN Heartbeats.
2024-04-28 12:45:25,371 [main] INFO  ozone.MiniOzoneClusterImpl (MiniOzoneClusterImpl.java:lambda$waitForClusterToBeReady$0(197)) - Waiting for cluster to exit safe mode
2024-04-28 12:45:25,371 [main] INFO  ozone.MiniOzoneClusterImpl (MiniOzoneClusterImpl.java:lambda$waitForClusterToBeReady$0(199)) - SCM became leader
2024-04-28 12:45:25,951 [09d2ac22-859d-47ff-b3c3-58a3590cb163-EndpointStateMachineTaskThread-/0.0.0.0:15358-0 ] INFO  utils.DatanodeStoreCache (DatanodeStoreCache.java:addDB(72)) - Added db /home/runner/work/ozone/ozone/hadoop-ozone/integration-test/target/test-dir/MiniOzoneClusterImpl-4444f751-856d-4595-ad15-e87fc76049bc/ozone-meta/datanode-1/data-0/hdds/4444f751-856d-4595-ad15-e87fc76049bc/DS-faffeb6b-865d-4ccf-865a-fa6ff6b28176/container.db to cache
2024-04-28 12:45:25,951 [09d2ac22-859d-47ff-b3c3-58a3590cb163-EndpointStateMachineTaskThread-/0.0.0.0:15358-0 ] INFO  volume.HddsVolume (HddsVolume.java:createDbStore(437)) - SchemaV3 db is created and loaded at /home/runner/work/ozone/ozone/hadoop-ozone/integration-test/target/test-dir/MiniOzoneClusterImpl-4444f751-856d-4595-ad15-e87fc76049bc/ozone-meta/datanode-1/data-0/hdds/4444f751-856d-4595-ad15-e87fc76049bc/DS-faffeb6b-865d-4ccf-865a-fa6ff6b28176/container.db for volume DS-faffeb6b-865d-4ccf-865a-fa6ff6b28176
2024-04-28 12:45:25,952 [09d2ac22-859d-47ff-b3c3-58a3590cb163-ContainerReader-0] INFO  ozoneimpl.ContainerReader (ContainerReader.java:readVolume(148)) - Start to verify containers on volume /home/runner/work/ozone/ozone/hadoop-ozone/integration-test/target/test-dir/MiniOzoneClusterImpl-4444f751-856d-4595-ad15-e87fc76049bc/ozone-meta/datanode-1/data-0/hdds
2024-04-28 12:45:25,952 [09d2ac22-859d-47ff-b3c3-58a3590cb163-ContainerReader-0] INFO  ozoneimpl.ContainerReader (ContainerReader.java:readVolume(178)) - Finish verifying containers on volume /home/runner/work/ozone/ozone/hadoop-ozone/integration-test/target/test-dir/MiniOzoneClusterImpl-4444f751-856d-4595-ad15-e87fc76049bc/ozone-meta/datanode-1/data-0/hdds
2024-04-28 12:45:25,953 [09d2ac22-859d-47ff-b3c3-58a3590cb163-EndpointStateMachineTaskThread-/0.0.0.0:15358-0 ] INFO  ozoneimpl.OzoneContainer (OzoneContainer.java:buildContainerSet(328)) - Build ContainerSet costs 0s
2024-04-28 12:45:25,953 [09d2ac22-859d-47ff-b3c3-58a3590cb163-EndpointStateMachineTaskThread-/0.0.0.0:15358-0 ] INFO  volume.ThrottledAsyncChecker (ThrottledAsyncChecker.java:schedule(141)) - Scheduling a check for /home/runner/work/ozone/ozone/hadoop-ozone/integration-test/target/test-dir/MiniOzoneClusterImpl-4444f751-856d-4595-ad15-e87fc76049bc/ozone-meta/datanode-1/data-0/hdds
2024-04-28 12:45:25,953 [09d2ac22-859d-47ff-b3c3-58a3590cb163-EndpointStateMachineTaskThread-/0.0.0.0:15358-0 ] INFO  volume.StorageVolumeChecker (StorageVolumeChecker.java:checkAllVolumes(218)) - Scheduled health check for volume /home/runner/work/ozone/ozone/hadoop-ozone/integration-test/target/test-dir/MiniOzoneClusterImpl-4444f751-856d-4595-ad15-e87fc76049bc/ozone-meta/datanode-1/data-0/hdds
2024-04-28 12:45:25,954 [09d2ac22-859d-47ff-b3c3-58a3590cb163-EndpointStateMachineTaskThread-/0.0.0.0:15358-0 ] INFO  volume.ThrottledAsyncChecker (ThrottledAsyncChecker.java:schedule(141)) - Scheduling a check for /home/runner/work/ozone/ozone/hadoop-ozone/integration-test/target/test-dir/MiniOzoneClusterImpl-4444f751-856d-4595-ad15-e87fc76049bc/ozone-meta/datanode-1/ratis
2024-04-28 12:45:25,954 [09d2ac22-859d-47ff-b3c3-58a3590cb163-EndpointStateMachineTaskThread-/0.0.0.0:15358-0 ] INFO  volume.StorageVolumeChecker (StorageVolumeChecker.java:checkAllVolumes(218)) - Scheduled health check for volume /home/runner/work/ozone/ozone/hadoop-ozone/integration-test/target/test-dir/MiniOzoneClusterImpl-4444f751-856d-4595-ad15-e87fc76049bc/ozone-meta/datanode-1/ratis
2024-04-28 12:45:25,954 [09d2ac22-859d-47ff-b3c3-58a3590cb163-EndpointStateMachineTaskThread-/0.0.0.0:15358-0 ] INFO  ozoneimpl.OzoneContainer (OzoneContainer.java:start(459)) - Attempting to start container services.
2024-04-28 12:45:25,955 [ContainerMetadataScanner] INFO  ozoneimpl.AbstractBackgroundContainerScanner (AbstractBackgroundContainerScanner.java:runIteration(87)) - Completed an iteration in 0 minutes. Number of iterations (since the data-node restart) : 1, Number of containers scanned in this iteration : 0, Number of unhealthy containers found in this iteration : 0
2024-04-28 12:45:25,955 [09d2ac22-859d-47ff-b3c3-58a3590cb163-EndpointStateMachineTaskThread-/0.0.0.0:15358-0 ] INFO  replication.ReplicationServer (ReplicationServer.java:start(142)) - ReplicationServer is started using port 15372
2024-04-28 12:45:25,955 [09d2ac22-859d-47ff-b3c3-58a3590cb163-EndpointStateMachineTaskThread-/0.0.0.0:15358-0 ] INFO  ratis.XceiverServerRatis (XceiverServerRatis.java:start(566)) - Starting XceiverServerRatis 09d2ac22-859d-47ff-b3c3-58a3590cb163
2024-04-28 12:45:25,955 [ContainerDataScanner(/home/runner/work/ozone/ozone/hadoop-ozone/integration-test/target/test-dir/MiniOzoneClusterImpl-4444f751-856d-4595-ad15-e87fc76049bc/ozone-meta/datanode-1/data-0/hdds)] INFO  ozoneimpl.AbstractBackgroundContainerScanner (AbstractBackgroundContainerScanner.java:runIteration(87)) - Completed an iteration in 0 minutes. Number of iterations (since the data-node restart) : 1, Number of containers scanned in this iteration : 0, Number of unhealthy containers found in this iteration : 0
2024-04-28 12:45:25,956 [09d2ac22-859d-47ff-b3c3-58a3590cb163-EndpointStateMachineTaskThread-/0.0.0.0:15358-0 ] INFO  server.RaftServer (RaftServerProxy.java:startImpl(406)) - 09d2ac22-859d-47ff-b3c3-58a3590cb163: start RPC server
2024-04-28 12:45:25,956 [09d2ac22-859d-47ff-b3c3-58a3590cb163-EndpointStateMachineTaskThread-/0.0.0.0:15358-0 ] INFO  server.GrpcService (GrpcService.java:startImpl(302)) - 09d2ac22-859d-47ff-b3c3-58a3590cb163: GrpcService started, listening on 15368
2024-04-28 12:45:25,956 [09d2ac22-859d-47ff-b3c3-58a3590cb163-EndpointStateMachineTaskThread-/0.0.0.0:15358-0 ] INFO  server.GrpcService (GrpcService.java:startImpl(302)) - 09d2ac22-859d-47ff-b3c3-58a3590cb163: GrpcService started, listening on 15370
2024-04-28 12:45:25,957 [09d2ac22-859d-47ff-b3c3-58a3590cb163-EndpointStateMachineTaskThread-/0.0.0.0:15358-0 ] INFO  server.GrpcService (GrpcService.java:startImpl(302)) - 09d2ac22-859d-47ff-b3c3-58a3590cb163: GrpcService started, listening on 15369
2024-04-28 12:45:25,957 [09d2ac22-859d-47ff-b3c3-58a3590cb163-EndpointStateMachineTaskThread-/0.0.0.0:15358-0 ] INFO  ratis.XceiverServerRatis (XceiverServerRatis.java:getRealPort(592)) - XceiverServerRatis 09d2ac22-859d-47ff-b3c3-58a3590cb163 is started using port 15368 for RATIS
2024-04-28 12:45:25,957 [09d2ac22-859d-47ff-b3c3-58a3590cb163-EndpointStateMachineTaskThread-/0.0.0.0:15358-0 ] INFO  ratis.XceiverServerRatis (XceiverServerRatis.java:getRealPort(592)) - XceiverServerRatis 09d2ac22-859d-47ff-b3c3-58a3590cb163 is started using port 15369 for RATIS_ADMIN
2024-04-28 12:45:25,957 [JvmPauseMonitor46] INFO  util.JvmPauseMonitor (JvmPauseMonitor.java:run(146)) - JvmPauseMonitor-09d2ac22-859d-47ff-b3c3-58a3590cb163: Started
2024-04-28 12:45:25,957 [09d2ac22-859d-47ff-b3c3-58a3590cb163-EndpointStateMachineTaskThread-/0.0.0.0:15358-0 ] INFO  ratis.XceiverServerRatis (XceiverServerRatis.java:getRealPort(592)) - XceiverServerRatis 09d2ac22-859d-47ff-b3c3-58a3590cb163 is started using port 15370 for RATIS_SERVER
2024-04-28 12:45:25,957 [09d2ac22-859d-47ff-b3c3-58a3590cb163-EndpointStateMachineTaskThread-/0.0.0.0:15358-0 ] INFO  ratis.XceiverServerRatis (XceiverServerRatis.java:getRealPort(592)) - XceiverServerRatis 09d2ac22-859d-47ff-b3c3-58a3590cb163 is started using port 15371 for RATIS_DATASTREAM
2024-04-28 12:45:25,958 [09d2ac22-859d-47ff-b3c3-58a3590cb163-BlockDeletingService#0] INFO  interfaces.ContainerDeletionChoosingPolicyTemplate (ContainerDeletionChoosingPolicyTemplate.java:chooseContainerForBlockDeletion(85)) - Chosen 0/5000 blocks from 0 candidate containers.
2024-04-28 12:45:25,996 [a004c341-03e6-4aa5-a556-61598c35a019-EndpointStateMachineTaskThread-/0.0.0.0:15358-0 ] INFO  utils.DatanodeStoreCache (DatanodeStoreCache.java:addDB(72)) - Added db /home/runner/work/ozone/ozone/hadoop-ozone/integration-test/target/test-dir/MiniOzoneClusterImpl-4444f751-856d-4595-ad15-e87fc76049bc/ozone-meta/datanode-2/data-0/hdds/4444f751-856d-4595-ad15-e87fc76049bc/DS-45c80d85-1712-49b0-95d4-e488d6ec3d03/container.db to cache
2024-04-28 12:45:25,997 [a004c341-03e6-4aa5-a556-61598c35a019-EndpointStateMachineTaskThread-/0.0.0.0:15358-0 ] INFO  volume.HddsVolume (HddsVolume.java:createDbStore(437)) - SchemaV3 db is created and loaded at /home/runner/work/ozone/ozone/hadoop-ozone/integration-test/target/test-dir/MiniOzoneClusterImpl-4444f751-856d-4595-ad15-e87fc76049bc/ozone-meta/datanode-2/data-0/hdds/4444f751-856d-4595-ad15-e87fc76049bc/DS-45c80d85-1712-49b0-95d4-e488d6ec3d03/container.db for volume DS-45c80d85-1712-49b0-95d4-e488d6ec3d03
2024-04-28 12:45:25,998 [a004c341-03e6-4aa5-a556-61598c35a019-ContainerReader-0] INFO  ozoneimpl.ContainerReader (ContainerReader.java:readVolume(148)) - Start to verify containers on volume /home/runner/work/ozone/ozone/hadoop-ozone/integration-test/target/test-dir/MiniOzoneClusterImpl-4444f751-856d-4595-ad15-e87fc76049bc/ozone-meta/datanode-2/data-0/hdds
2024-04-28 12:45:25,998 [a004c341-03e6-4aa5-a556-61598c35a019-ContainerReader-0] INFO  ozoneimpl.ContainerReader (ContainerReader.java:readVolume(178)) - Finish verifying containers on volume /home/runner/work/ozone/ozone/hadoop-ozone/integration-test/target/test-dir/MiniOzoneClusterImpl-4444f751-856d-4595-ad15-e87fc76049bc/ozone-meta/datanode-2/data-0/hdds
2024-04-28 12:45:25,998 [a004c341-03e6-4aa5-a556-61598c35a019-EndpointStateMachineTaskThread-/0.0.0.0:15358-0 ] INFO  ozoneimpl.OzoneContainer (OzoneContainer.java:buildContainerSet(328)) - Build ContainerSet costs 0s
2024-04-28 12:45:25,998 [a004c341-03e6-4aa5-a556-61598c35a019-EndpointStateMachineTaskThread-/0.0.0.0:15358-0 ] INFO  volume.ThrottledAsyncChecker (ThrottledAsyncChecker.java:schedule(141)) - Scheduling a check for /home/runner/work/ozone/ozone/hadoop-ozone/integration-test/target/test-dir/MiniOzoneClusterImpl-4444f751-856d-4595-ad15-e87fc76049bc/ozone-meta/datanode-2/data-0/hdds
2024-04-28 12:45:25,998 [a004c341-03e6-4aa5-a556-61598c35a019-EndpointStateMachineTaskThread-/0.0.0.0:15358-0 ] INFO  volume.StorageVolumeChecker (StorageVolumeChecker.java:checkAllVolumes(218)) - Scheduled health check for volume /home/runner/work/ozone/ozone/hadoop-ozone/integration-test/target/test-dir/MiniOzoneClusterImpl-4444f751-856d-4595-ad15-e87fc76049bc/ozone-meta/datanode-2/data-0/hdds
2024-04-28 12:45:25,999 [a004c341-03e6-4aa5-a556-61598c35a019-EndpointStateMachineTaskThread-/0.0.0.0:15358-0 ] INFO  volume.ThrottledAsyncChecker (ThrottledAsyncChecker.java:schedule(141)) - Scheduling a check for /home/runner/work/ozone/ozone/hadoop-ozone/integration-test/target/test-dir/MiniOzoneClusterImpl-4444f751-856d-4595-ad15-e87fc76049bc/ozone-meta/datanode-2/ratis
2024-04-28 12:45:25,999 [a004c341-03e6-4aa5-a556-61598c35a019-EndpointStateMachineTaskThread-/0.0.0.0:15358-0 ] INFO  volume.StorageVolumeChecker (StorageVolumeChecker.java:checkAllVolumes(218)) - Scheduled health check for volume /home/runner/work/ozone/ozone/hadoop-ozone/integration-test/target/test-dir/MiniOzoneClusterImpl-4444f751-856d-4595-ad15-e87fc76049bc/ozone-meta/datanode-2/ratis
2024-04-28 12:45:26,000 [a004c341-03e6-4aa5-a556-61598c35a019-EndpointStateMachineTaskThread-/0.0.0.0:15358-0 ] INFO  ozoneimpl.OzoneContainer (OzoneContainer.java:start(459)) - Attempting to start container services.
2024-04-28 12:45:26,000 [a004c341-03e6-4aa5-a556-61598c35a019-EndpointStateMachineTaskThread-/0.0.0.0:15358-0 ] WARN  ozoneimpl.OnDemandContainerDataScanner (OnDemandContainerDataScanner.java:init(75)) - Trying to initialize on demand scanner a second time on a datanode.
2024-04-28 12:45:26,000 [ContainerMetadataScanner] INFO  ozoneimpl.AbstractBackgroundContainerScanner (AbstractBackgroundContainerScanner.java:runIteration(87)) - Completed an iteration in 0 minutes. Number of iterations (since the data-node restart) : 1, Number of containers scanned in this iteration : 0, Number of unhealthy containers found in this iteration : 0
2024-04-28 12:45:26,000 [ContainerDataScanner(/home/runner/work/ozone/ozone/hadoop-ozone/integration-test/target/test-dir/MiniOzoneClusterImpl-4444f751-856d-4595-ad15-e87fc76049bc/ozone-meta/datanode-2/data-0/hdds)] INFO  ozoneimpl.AbstractBackgroundContainerScanner (AbstractBackgroundContainerScanner.java:runIteration(87)) - Completed an iteration in 0 minutes. Number of iterations (since the data-node restart) : 1, Number of containers scanned in this iteration : 0, Number of unhealthy containers found in this iteration : 0
2024-04-28 12:45:26,001 [a004c341-03e6-4aa5-a556-61598c35a019-EndpointStateMachineTaskThread-/0.0.0.0:15358-0 ] INFO  replication.ReplicationServer (ReplicationServer.java:start(142)) - ReplicationServer is started using port 15381
2024-04-28 12:45:26,001 [a004c341-03e6-4aa5-a556-61598c35a019-EndpointStateMachineTaskThread-/0.0.0.0:15358-0 ] INFO  ratis.XceiverServerRatis (XceiverServerRatis.java:start(566)) - Starting XceiverServerRatis a004c341-03e6-4aa5-a556-61598c35a019
2024-04-28 12:45:26,001 [a004c341-03e6-4aa5-a556-61598c35a019-EndpointStateMachineTaskThread-/0.0.0.0:15358-0 ] INFO  server.RaftServer (RaftServerProxy.java:startImpl(406)) - a004c341-03e6-4aa5-a556-61598c35a019: start RPC server
2024-04-28 12:45:26,001 [a004c341-03e6-4aa5-a556-61598c35a019-EndpointStateMachineTaskThread-/0.0.0.0:15358-0 ] INFO  server.GrpcService (GrpcService.java:startImpl(302)) - a004c341-03e6-4aa5-a556-61598c35a019: GrpcService started, listening on 15377
2024-04-28 12:45:26,002 [a004c341-03e6-4aa5-a556-61598c35a019-EndpointStateMachineTaskThread-/0.0.0.0:15358-0 ] INFO  server.GrpcService (GrpcService.java:startImpl(302)) - a004c341-03e6-4aa5-a556-61598c35a019: GrpcService started, listening on 15379
2024-04-28 12:45:26,002 [a004c341-03e6-4aa5-a556-61598c35a019-EndpointStateMachineTaskThread-/0.0.0.0:15358-0 ] INFO  server.GrpcService (GrpcService.java:startImpl(302)) - a004c341-03e6-4aa5-a556-61598c35a019: GrpcService started, listening on 15378
2024-04-28 12:45:26,002 [a004c341-03e6-4aa5-a556-61598c35a019-EndpointStateMachineTaskThread-/0.0.0.0:15358-0 ] INFO  ratis.XceiverServerRatis (XceiverServerRatis.java:getRealPort(592)) - XceiverServerRatis a004c341-03e6-4aa5-a556-61598c35a019 is started using port 15377 for RATIS
2024-04-28 12:45:26,002 [a004c341-03e6-4aa5-a556-61598c35a019-EndpointStateMachineTaskThread-/0.0.0.0:15358-0 ] INFO  ratis.XceiverServerRatis (XceiverServerRatis.java:getRealPort(592)) - XceiverServerRatis a004c341-03e6-4aa5-a556-61598c35a019 is started using port 15378 for RATIS_ADMIN
2024-04-28 12:45:26,002 [JvmPauseMonitor47] INFO  util.JvmPauseMonitor (JvmPauseMonitor.java:run(146)) - JvmPauseMonitor-a004c341-03e6-4aa5-a556-61598c35a019: Started
2024-04-28 12:45:26,002 [a004c341-03e6-4aa5-a556-61598c35a019-EndpointStateMachineTaskThread-/0.0.0.0:15358-0 ] INFO  ratis.XceiverServerRatis (XceiverServerRatis.java:getRealPort(592)) - XceiverServerRatis a004c341-03e6-4aa5-a556-61598c35a019 is started using port 15379 for RATIS_SERVER
2024-04-28 12:45:26,002 [a004c341-03e6-4aa5-a556-61598c35a019-EndpointStateMachineTaskThread-/0.0.0.0:15358-0 ] INFO  ratis.XceiverServerRatis (XceiverServerRatis.java:getRealPort(592)) - XceiverServerRatis a004c341-03e6-4aa5-a556-61598c35a019 is started using port 15380 for RATIS_DATASTREAM
2024-04-28 12:45:26,003 [a004c341-03e6-4aa5-a556-61598c35a019-BlockDeletingService#0] INFO  interfaces.ContainerDeletionChoosingPolicyTemplate (ContainerDeletionChoosingPolicyTemplate.java:chooseContainerForBlockDeletion(85)) - Chosen 0/5000 blocks from 0 candidate containers.
2024-04-28 12:45:26,063 [81492a0b-8554-4d1c-9efe-d356d82cfcc4-EndpointStateMachineTaskThread-/0.0.0.0:15358-0 ] INFO  utils.DatanodeStoreCache (DatanodeStoreCache.java:addDB(72)) - Added db /home/runner/work/ozone/ozone/hadoop-ozone/integration-test/target/test-dir/MiniOzoneClusterImpl-4444f751-856d-4595-ad15-e87fc76049bc/ozone-meta/datanode-3/data-0/hdds/4444f751-856d-4595-ad15-e87fc76049bc/DS-bfc6a45c-7f30-4fe2-9e2c-b53ee37b284f/container.db to cache
2024-04-28 12:45:26,063 [81492a0b-8554-4d1c-9efe-d356d82cfcc4-EndpointStateMachineTaskThread-/0.0.0.0:15358-0 ] INFO  volume.HddsVolume (HddsVolume.java:createDbStore(437)) - SchemaV3 db is created and loaded at /home/runner/work/ozone/ozone/hadoop-ozone/integration-test/target/test-dir/MiniOzoneClusterImpl-4444f751-856d-4595-ad15-e87fc76049bc/ozone-meta/datanode-3/data-0/hdds/4444f751-856d-4595-ad15-e87fc76049bc/DS-bfc6a45c-7f30-4fe2-9e2c-b53ee37b284f/container.db for volume DS-bfc6a45c-7f30-4fe2-9e2c-b53ee37b284f
2024-04-28 12:45:26,064 [81492a0b-8554-4d1c-9efe-d356d82cfcc4-ContainerReader-0] INFO  ozoneimpl.ContainerReader (ContainerReader.java:readVolume(148)) - Start to verify containers on volume /home/runner/work/ozone/ozone/hadoop-ozone/integration-test/target/test-dir/MiniOzoneClusterImpl-4444f751-856d-4595-ad15-e87fc76049bc/ozone-meta/datanode-3/data-0/hdds
2024-04-28 12:45:26,064 [81492a0b-8554-4d1c-9efe-d356d82cfcc4-ContainerReader-0] INFO  ozoneimpl.ContainerReader (ContainerReader.java:readVolume(178)) - Finish verifying containers on volume /home/runner/work/ozone/ozone/hadoop-ozone/integration-test/target/test-dir/MiniOzoneClusterImpl-4444f751-856d-4595-ad15-e87fc76049bc/ozone-meta/datanode-3/data-0/hdds
2024-04-28 12:45:26,064 [81492a0b-8554-4d1c-9efe-d356d82cfcc4-EndpointStateMachineTaskThread-/0.0.0.0:15358-0 ] INFO  ozoneimpl.OzoneContainer (OzoneContainer.java:buildContainerSet(328)) - Build ContainerSet costs 0s
2024-04-28 12:45:26,064 [81492a0b-8554-4d1c-9efe-d356d82cfcc4-EndpointStateMachineTaskThread-/0.0.0.0:15358-0 ] INFO  volume.ThrottledAsyncChecker (ThrottledAsyncChecker.java:schedule(141)) - Scheduling a check for /home/runner/work/ozone/ozone/hadoop-ozone/integration-test/target/test-dir/MiniOzoneClusterImpl-4444f751-856d-4595-ad15-e87fc76049bc/ozone-meta/datanode-3/data-0/hdds
2024-04-28 12:45:26,065 [81492a0b-8554-4d1c-9efe-d356d82cfcc4-EndpointStateMachineTaskThread-/0.0.0.0:15358-0 ] INFO  volume.StorageVolumeChecker (StorageVolumeChecker.java:checkAllVolumes(218)) - Scheduled health check for volume /home/runner/work/ozone/ozone/hadoop-ozone/integration-test/target/test-dir/MiniOzoneClusterImpl-4444f751-856d-4595-ad15-e87fc76049bc/ozone-meta/datanode-3/data-0/hdds
2024-04-28 12:45:26,065 [81492a0b-8554-4d1c-9efe-d356d82cfcc4-EndpointStateMachineTaskThread-/0.0.0.0:15358-0 ] INFO  volume.ThrottledAsyncChecker (ThrottledAsyncChecker.java:schedule(141)) - Scheduling a check for /home/runner/work/ozone/ozone/hadoop-ozone/integration-test/target/test-dir/MiniOzoneClusterImpl-4444f751-856d-4595-ad15-e87fc76049bc/ozone-meta/datanode-3/ratis
2024-04-28 12:45:26,065 [81492a0b-8554-4d1c-9efe-d356d82cfcc4-EndpointStateMachineTaskThread-/0.0.0.0:15358-0 ] INFO  volume.StorageVolumeChecker (StorageVolumeChecker.java:checkAllVolumes(218)) - Scheduled health check for volume /home/runner/work/ozone/ozone/hadoop-ozone/integration-test/target/test-dir/MiniOzoneClusterImpl-4444f751-856d-4595-ad15-e87fc76049bc/ozone-meta/datanode-3/ratis
2024-04-28 12:45:26,066 [81492a0b-8554-4d1c-9efe-d356d82cfcc4-EndpointStateMachineTaskThread-/0.0.0.0:15358-0 ] INFO  ozoneimpl.OzoneContainer (OzoneContainer.java:start(459)) - Attempting to start container services.
2024-04-28 12:45:26,066 [81492a0b-8554-4d1c-9efe-d356d82cfcc4-EndpointStateMachineTaskThread-/0.0.0.0:15358-0 ] WARN  ozoneimpl.OnDemandContainerDataScanner (OnDemandContainerDataScanner.java:init(75)) - Trying to initialize on demand scanner a second time on a datanode.
2024-04-28 12:45:26,066 [ContainerMetadataScanner] INFO  ozoneimpl.AbstractBackgroundContainerScanner (AbstractBackgroundContainerScanner.java:runIteration(87)) - Completed an iteration in 0 minutes. Number of iterations (since the data-node restart) : 1, Number of containers scanned in this iteration : 0, Number of unhealthy containers found in this iteration : 0
2024-04-28 12:45:26,070 [ContainerDataScanner(/home/runner/work/ozone/ozone/hadoop-ozone/integration-test/target/test-dir/MiniOzoneClusterImpl-4444f751-856d-4595-ad15-e87fc76049bc/ozone-meta/datanode-3/data-0/hdds)] INFO  ozoneimpl.AbstractBackgroundContainerScanner (AbstractBackgroundContainerScanner.java:runIteration(87)) - Completed an iteration in 0 minutes. Number of iterations (since the data-node restart) : 1, Number of containers scanned in this iteration : 0, Number of unhealthy containers found in this iteration : 0
2024-04-28 12:45:26,070 [81492a0b-8554-4d1c-9efe-d356d82cfcc4-EndpointStateMachineTaskThread-/0.0.0.0:15358-0 ] INFO  replication.ReplicationServer (ReplicationServer.java:start(142)) - ReplicationServer is started using port 15390
2024-04-28 12:45:26,070 [81492a0b-8554-4d1c-9efe-d356d82cfcc4-EndpointStateMachineTaskThread-/0.0.0.0:15358-0 ] INFO  ratis.XceiverServerRatis (XceiverServerRatis.java:start(566)) - Starting XceiverServerRatis 81492a0b-8554-4d1c-9efe-d356d82cfcc4
2024-04-28 12:45:26,071 [81492a0b-8554-4d1c-9efe-d356d82cfcc4-EndpointStateMachineTaskThread-/0.0.0.0:15358-0 ] INFO  server.RaftServer (RaftServerProxy.java:startImpl(406)) - 81492a0b-8554-4d1c-9efe-d356d82cfcc4: start RPC server
2024-04-28 12:45:26,071 [81492a0b-8554-4d1c-9efe-d356d82cfcc4-EndpointStateMachineTaskThread-/0.0.0.0:15358-0 ] INFO  server.GrpcService (GrpcService.java:startImpl(302)) - 81492a0b-8554-4d1c-9efe-d356d82cfcc4: GrpcService started, listening on 15386
2024-04-28 12:45:26,072 [81492a0b-8554-4d1c-9efe-d356d82cfcc4-EndpointStateMachineTaskThread-/0.0.0.0:15358-0 ] INFO  server.GrpcService (GrpcService.java:startImpl(302)) - 81492a0b-8554-4d1c-9efe-d356d82cfcc4: GrpcService started, listening on 15388
2024-04-28 12:45:26,072 [81492a0b-8554-4d1c-9efe-d356d82cfcc4-EndpointStateMachineTaskThread-/0.0.0.0:15358-0 ] INFO  server.GrpcService (GrpcService.java:startImpl(302)) - 81492a0b-8554-4d1c-9efe-d356d82cfcc4: GrpcService started, listening on 15387
2024-04-28 12:45:26,072 [81492a0b-8554-4d1c-9efe-d356d82cfcc4-EndpointStateMachineTaskThread-/0.0.0.0:15358-0 ] INFO  ratis.XceiverServerRatis (XceiverServerRatis.java:getRealPort(592)) - XceiverServerRatis 81492a0b-8554-4d1c-9efe-d356d82cfcc4 is started using port 15386 for RATIS
2024-04-28 12:45:26,072 [81492a0b-8554-4d1c-9efe-d356d82cfcc4-EndpointStateMachineTaskThread-/0.0.0.0:15358-0 ] INFO  ratis.XceiverServerRatis (XceiverServerRatis.java:getRealPort(592)) - XceiverServerRatis 81492a0b-8554-4d1c-9efe-d356d82cfcc4 is started using port 15387 for RATIS_ADMIN
2024-04-28 12:45:26,072 [81492a0b-8554-4d1c-9efe-d356d82cfcc4-EndpointStateMachineTaskThread-/0.0.0.0:15358-0 ] INFO  ratis.XceiverServerRatis (XceiverServerRatis.java:getRealPort(592)) - XceiverServerRatis 81492a0b-8554-4d1c-9efe-d356d82cfcc4 is started using port 15388 for RATIS_SERVER
2024-04-28 12:45:26,072 [81492a0b-8554-4d1c-9efe-d356d82cfcc4-EndpointStateMachineTaskThread-/0.0.0.0:15358-0 ] INFO  ratis.XceiverServerRatis (XceiverServerRatis.java:getRealPort(592)) - XceiverServerRatis 81492a0b-8554-4d1c-9efe-d356d82cfcc4 is started using port 15389 for RATIS_DATASTREAM
2024-04-28 12:45:26,072 [JvmPauseMonitor48] INFO  util.JvmPauseMonitor (JvmPauseMonitor.java:run(146)) - JvmPauseMonitor-81492a0b-8554-4d1c-9efe-d356d82cfcc4: Started
2024-04-28 12:45:26,073 [81492a0b-8554-4d1c-9efe-d356d82cfcc4-BlockDeletingService#0] INFO  interfaces.ContainerDeletionChoosingPolicyTemplate (ContainerDeletionChoosingPolicyTemplate.java:chooseContainerForBlockDeletion(85)) - Chosen 0/5000 blocks from 0 candidate containers.
2024-04-28 12:45:26,124 [1fd4d212-c4d2-4c1d-a58c-62e98a4efa8c-EndpointStateMachineTaskThread-/0.0.0.0:15358-0 ] INFO  utils.DatanodeStoreCache (DatanodeStoreCache.java:addDB(72)) - Added db /home/runner/work/ozone/ozone/hadoop-ozone/integration-test/target/test-dir/MiniOzoneClusterImpl-4444f751-856d-4595-ad15-e87fc76049bc/ozone-meta/datanode-4/data-0/hdds/4444f751-856d-4595-ad15-e87fc76049bc/DS-42cab9f4-8c81-4ae6-a47c-0b886da97ee4/container.db to cache
2024-04-28 12:45:26,124 [1fd4d212-c4d2-4c1d-a58c-62e98a4efa8c-EndpointStateMachineTaskThread-/0.0.0.0:15358-0 ] INFO  volume.HddsVolume (HddsVolume.java:createDbStore(437)) - SchemaV3 db is created and loaded at /home/runner/work/ozone/ozone/hadoop-ozone/integration-test/target/test-dir/MiniOzoneClusterImpl-4444f751-856d-4595-ad15-e87fc76049bc/ozone-meta/datanode-4/data-0/hdds/4444f751-856d-4595-ad15-e87fc76049bc/DS-42cab9f4-8c81-4ae6-a47c-0b886da97ee4/container.db for volume DS-42cab9f4-8c81-4ae6-a47c-0b886da97ee4
2024-04-28 12:45:26,125 [1fd4d212-c4d2-4c1d-a58c-62e98a4efa8c-ContainerReader-0] INFO  ozoneimpl.ContainerReader (ContainerReader.java:readVolume(148)) - Start to verify containers on volume /home/runner/work/ozone/ozone/hadoop-ozone/integration-test/target/test-dir/MiniOzoneClusterImpl-4444f751-856d-4595-ad15-e87fc76049bc/ozone-meta/datanode-4/data-0/hdds
2024-04-28 12:45:26,125 [1fd4d212-c4d2-4c1d-a58c-62e98a4efa8c-ContainerReader-0] INFO  ozoneimpl.ContainerReader (ContainerReader.java:readVolume(178)) - Finish verifying containers on volume /home/runner/work/ozone/ozone/hadoop-ozone/integration-test/target/test-dir/MiniOzoneClusterImpl-4444f751-856d-4595-ad15-e87fc76049bc/ozone-meta/datanode-4/data-0/hdds
2024-04-28 12:45:26,125 [1fd4d212-c4d2-4c1d-a58c-62e98a4efa8c-EndpointStateMachineTaskThread-/0.0.0.0:15358-0 ] INFO  ozoneimpl.OzoneContainer (OzoneContainer.java:buildContainerSet(328)) - Build ContainerSet costs 0s
2024-04-28 12:45:26,126 [1fd4d212-c4d2-4c1d-a58c-62e98a4efa8c-EndpointStateMachineTaskThread-/0.0.0.0:15358-0 ] INFO  volume.ThrottledAsyncChecker (ThrottledAsyncChecker.java:schedule(141)) - Scheduling a check for /home/runner/work/ozone/ozone/hadoop-ozone/integration-test/target/test-dir/MiniOzoneClusterImpl-4444f751-856d-4595-ad15-e87fc76049bc/ozone-meta/datanode-4/data-0/hdds
2024-04-28 12:45:26,126 [1fd4d212-c4d2-4c1d-a58c-62e98a4efa8c-EndpointStateMachineTaskThread-/0.0.0.0:15358-0 ] INFO  volume.StorageVolumeChecker (StorageVolumeChecker.java:checkAllVolumes(218)) - Scheduled health check for volume /home/runner/work/ozone/ozone/hadoop-ozone/integration-test/target/test-dir/MiniOzoneClusterImpl-4444f751-856d-4595-ad15-e87fc76049bc/ozone-meta/datanode-4/data-0/hdds
2024-04-28 12:45:26,127 [1fd4d212-c4d2-4c1d-a58c-62e98a4efa8c-EndpointStateMachineTaskThread-/0.0.0.0:15358-0 ] INFO  volume.ThrottledAsyncChecker (ThrottledAsyncChecker.java:schedule(141)) - Scheduling a check for /home/runner/work/ozone/ozone/hadoop-ozone/integration-test/target/test-dir/MiniOzoneClusterImpl-4444f751-856d-4595-ad15-e87fc76049bc/ozone-meta/datanode-4/ratis
2024-04-28 12:45:26,127 [1fd4d212-c4d2-4c1d-a58c-62e98a4efa8c-EndpointStateMachineTaskThread-/0.0.0.0:15358-0 ] INFO  volume.StorageVolumeChecker (StorageVolumeChecker.java:checkAllVolumes(218)) - Scheduled health check for volume /home/runner/work/ozone/ozone/hadoop-ozone/integration-test/target/test-dir/MiniOzoneClusterImpl-4444f751-856d-4595-ad15-e87fc76049bc/ozone-meta/datanode-4/ratis
2024-04-28 12:45:26,127 [1fd4d212-c4d2-4c1d-a58c-62e98a4efa8c-EndpointStateMachineTaskThread-/0.0.0.0:15358-0 ] INFO  ozoneimpl.OzoneContainer (OzoneContainer.java:start(459)) - Attempting to start container services.
2024-04-28 12:45:26,127 [1fd4d212-c4d2-4c1d-a58c-62e98a4efa8c-EndpointStateMachineTaskThread-/0.0.0.0:15358-0 ] WARN  ozoneimpl.OnDemandContainerDataScanner (OnDemandContainerDataScanner.java:init(75)) - Trying to initialize on demand scanner a second time on a datanode.
2024-04-28 12:45:26,128 [ContainerMetadataScanner] INFO  ozoneimpl.AbstractBackgroundContainerScanner (AbstractBackgroundContainerScanner.java:runIteration(87)) - Completed an iteration in 0 minutes. Number of iterations (since the data-node restart) : 1, Number of containers scanned in this iteration : 0, Number of unhealthy containers found in this iteration : 0
2024-04-28 12:45:26,128 [ContainerDataScanner(/home/runner/work/ozone/ozone/hadoop-ozone/integration-test/target/test-dir/MiniOzoneClusterImpl-4444f751-856d-4595-ad15-e87fc76049bc/ozone-meta/datanode-4/data-0/hdds)] INFO  ozoneimpl.AbstractBackgroundContainerScanner (AbstractBackgroundContainerScanner.java:runIteration(87)) - Completed an iteration in 0 minutes. Number of iterations (since the data-node restart) : 1, Number of containers scanned in this iteration : 0, Number of unhealthy containers found in this iteration : 0
2024-04-28 12:45:26,128 [1fd4d212-c4d2-4c1d-a58c-62e98a4efa8c-EndpointStateMachineTaskThread-/0.0.0.0:15358-0 ] INFO  replication.ReplicationServer (ReplicationServer.java:start(142)) - ReplicationServer is started using port 15399
2024-04-28 12:45:26,128 [1fd4d212-c4d2-4c1d-a58c-62e98a4efa8c-EndpointStateMachineTaskThread-/0.0.0.0:15358-0 ] INFO  ratis.XceiverServerRatis (XceiverServerRatis.java:start(566)) - Starting XceiverServerRatis 1fd4d212-c4d2-4c1d-a58c-62e98a4efa8c
2024-04-28 12:45:26,128 [1fd4d212-c4d2-4c1d-a58c-62e98a4efa8c-EndpointStateMachineTaskThread-/0.0.0.0:15358-0 ] INFO  server.RaftServer (RaftServerProxy.java:startImpl(406)) - 1fd4d212-c4d2-4c1d-a58c-62e98a4efa8c: start RPC server
2024-04-28 12:45:26,129 [1fd4d212-c4d2-4c1d-a58c-62e98a4efa8c-EndpointStateMachineTaskThread-/0.0.0.0:15358-0 ] INFO  server.GrpcService (GrpcService.java:startImpl(302)) - 1fd4d212-c4d2-4c1d-a58c-62e98a4efa8c: GrpcService started, listening on 15395
2024-04-28 12:45:26,129 [1fd4d212-c4d2-4c1d-a58c-62e98a4efa8c-EndpointStateMachineTaskThread-/0.0.0.0:15358-0 ] INFO  server.GrpcService (GrpcService.java:startImpl(302)) - 1fd4d212-c4d2-4c1d-a58c-62e98a4efa8c: GrpcService started, listening on 15397
2024-04-28 12:45:26,129 [1fd4d212-c4d2-4c1d-a58c-62e98a4efa8c-EndpointStateMachineTaskThread-/0.0.0.0:15358-0 ] INFO  server.GrpcService (GrpcService.java:startImpl(302)) - 1fd4d212-c4d2-4c1d-a58c-62e98a4efa8c: GrpcService started, listening on 15396
2024-04-28 12:45:26,129 [1fd4d212-c4d2-4c1d-a58c-62e98a4efa8c-EndpointStateMachineTaskThread-/0.0.0.0:15358-0 ] INFO  ratis.XceiverServerRatis (XceiverServerRatis.java:getRealPort(592)) - XceiverServerRatis 1fd4d212-c4d2-4c1d-a58c-62e98a4efa8c is started using port 15395 for RATIS
2024-04-28 12:45:26,129 [1fd4d212-c4d2-4c1d-a58c-62e98a4efa8c-EndpointStateMachineTaskThread-/0.0.0.0:15358-0 ] INFO  ratis.XceiverServerRatis (XceiverServerRatis.java:getRealPort(592)) - XceiverServerRatis 1fd4d212-c4d2-4c1d-a58c-62e98a4efa8c is started using port 15396 for RATIS_ADMIN
2024-04-28 12:45:26,129 [1fd4d212-c4d2-4c1d-a58c-62e98a4efa8c-EndpointStateMachineTaskThread-/0.0.0.0:15358-0 ] INFO  ratis.XceiverServerRatis (XceiverServerRatis.java:getRealPort(592)) - XceiverServerRatis 1fd4d212-c4d2-4c1d-a58c-62e98a4efa8c is started using port 15397 for RATIS_SERVER
2024-04-28 12:45:26,129 [1fd4d212-c4d2-4c1d-a58c-62e98a4efa8c-EndpointStateMachineTaskThread-/0.0.0.0:15358-0 ] INFO  ratis.XceiverServerRatis (XceiverServerRatis.java:getRealPort(592)) - XceiverServerRatis 1fd4d212-c4d2-4c1d-a58c-62e98a4efa8c is started using port 15398 for RATIS_DATASTREAM
2024-04-28 12:45:26,129 [JvmPauseMonitor49] INFO  util.JvmPauseMonitor (JvmPauseMonitor.java:run(146)) - JvmPauseMonitor-1fd4d212-c4d2-4c1d-a58c-62e98a4efa8c: Started
2024-04-28 12:45:26,130 [1fd4d212-c4d2-4c1d-a58c-62e98a4efa8c-BlockDeletingService#0] INFO  interfaces.ContainerDeletionChoosingPolicyTemplate (ContainerDeletionChoosingPolicyTemplate.java:chooseContainerForBlockDeletion(85)) - Chosen 0/5000 blocks from 0 candidate containers.
2024-04-28 12:45:26,191 [d1684581-678b-458f-8382-390a387eba93-EndpointStateMachineTaskThread-/0.0.0.0:15358-0 ] INFO  utils.DatanodeStoreCache (DatanodeStoreCache.java:addDB(72)) - Added db /home/runner/work/ozone/ozone/hadoop-ozone/integration-test/target/test-dir/MiniOzoneClusterImpl-4444f751-856d-4595-ad15-e87fc76049bc/ozone-meta/datanode-5/data-0/hdds/4444f751-856d-4595-ad15-e87fc76049bc/DS-763e1850-1479-4595-8d95-8adaa48a2d65/container.db to cache
2024-04-28 12:45:26,192 [d1684581-678b-458f-8382-390a387eba93-EndpointStateMachineTaskThread-/0.0.0.0:15358-0 ] INFO  volume.HddsVolume (HddsVolume.java:createDbStore(437)) - SchemaV3 db is created and loaded at /home/runner/work/ozone/ozone/hadoop-ozone/integration-test/target/test-dir/MiniOzoneClusterImpl-4444f751-856d-4595-ad15-e87fc76049bc/ozone-meta/datanode-5/data-0/hdds/4444f751-856d-4595-ad15-e87fc76049bc/DS-763e1850-1479-4595-8d95-8adaa48a2d65/container.db for volume DS-763e1850-1479-4595-8d95-8adaa48a2d65
2024-04-28 12:45:26,193 [d1684581-678b-458f-8382-390a387eba93-ContainerReader-0] INFO  ozoneimpl.ContainerReader (ContainerReader.java:readVolume(148)) - Start to verify containers on volume /home/runner/work/ozone/ozone/hadoop-ozone/integration-test/target/test-dir/MiniOzoneClusterImpl-4444f751-856d-4595-ad15-e87fc76049bc/ozone-meta/datanode-5/data-0/hdds
2024-04-28 12:45:26,193 [d1684581-678b-458f-8382-390a387eba93-ContainerReader-0] INFO  ozoneimpl.ContainerReader (ContainerReader.java:readVolume(178)) - Finish verifying containers on volume /home/runner/work/ozone/ozone/hadoop-ozone/integration-test/target/test-dir/MiniOzoneClusterImpl-4444f751-856d-4595-ad15-e87fc76049bc/ozone-meta/datanode-5/data-0/hdds
2024-04-28 12:45:26,193 [d1684581-678b-458f-8382-390a387eba93-EndpointStateMachineTaskThread-/0.0.0.0:15358-0 ] INFO  ozoneimpl.OzoneContainer (OzoneContainer.java:buildContainerSet(328)) - Build ContainerSet costs 0s
2024-04-28 12:45:26,193 [d1684581-678b-458f-8382-390a387eba93-EndpointStateMachineTaskThread-/0.0.0.0:15358-0 ] INFO  volume.ThrottledAsyncChecker (ThrottledAsyncChecker.java:schedule(141)) - Scheduling a check for /home/runner/work/ozone/ozone/hadoop-ozone/integration-test/target/test-dir/MiniOzoneClusterImpl-4444f751-856d-4595-ad15-e87fc76049bc/ozone-meta/datanode-5/data-0/hdds
2024-04-28 12:45:26,194 [d1684581-678b-458f-8382-390a387eba93-EndpointStateMachineTaskThread-/0.0.0.0:15358-0 ] INFO  volume.StorageVolumeChecker (StorageVolumeChecker.java:checkAllVolumes(218)) - Scheduled health check for volume /home/runner/work/ozone/ozone/hadoop-ozone/integration-test/target/test-dir/MiniOzoneClusterImpl-4444f751-856d-4595-ad15-e87fc76049bc/ozone-meta/datanode-5/data-0/hdds
2024-04-28 12:45:26,194 [d1684581-678b-458f-8382-390a387eba93-EndpointStateMachineTaskThread-/0.0.0.0:15358-0 ] INFO  volume.ThrottledAsyncChecker (ThrottledAsyncChecker.java:schedule(141)) - Scheduling a check for /home/runner/work/ozone/ozone/hadoop-ozone/integration-test/target/test-dir/MiniOzoneClusterImpl-4444f751-856d-4595-ad15-e87fc76049bc/ozone-meta/datanode-5/ratis
2024-04-28 12:45:26,194 [d1684581-678b-458f-8382-390a387eba93-EndpointStateMachineTaskThread-/0.0.0.0:15358-0 ] INFO  volume.StorageVolumeChecker (StorageVolumeChecker.java:checkAllVolumes(218)) - Scheduled health check for volume /home/runner/work/ozone/ozone/hadoop-ozone/integration-test/target/test-dir/MiniOzoneClusterImpl-4444f751-856d-4595-ad15-e87fc76049bc/ozone-meta/datanode-5/ratis
2024-04-28 12:45:26,195 [d1684581-678b-458f-8382-390a387eba93-EndpointStateMachineTaskThread-/0.0.0.0:15358-0 ] INFO  ozoneimpl.OzoneContainer (OzoneContainer.java:start(459)) - Attempting to start container services.
2024-04-28 12:45:26,195 [d1684581-678b-458f-8382-390a387eba93-EndpointStateMachineTaskThread-/0.0.0.0:15358-0 ] WARN  ozoneimpl.OnDemandContainerDataScanner (OnDemandContainerDataScanner.java:init(75)) - Trying to initialize on demand scanner a second time on a datanode.
2024-04-28 12:45:26,195 [ContainerMetadataScanner] INFO  ozoneimpl.AbstractBackgroundContainerScanner (AbstractBackgroundContainerScanner.java:runIteration(87)) - Completed an iteration in 0 minutes. Number of iterations (since the data-node restart) : 1, Number of containers scanned in this iteration : 0, Number of unhealthy containers found in this iteration : 0
2024-04-28 12:45:26,196 [ContainerDataScanner(/home/runner/work/ozone/ozone/hadoop-ozone/integration-test/target/test-dir/MiniOzoneClusterImpl-4444f751-856d-4595-ad15-e87fc76049bc/ozone-meta/datanode-5/data-0/hdds)] INFO  ozoneimpl.AbstractBackgroundContainerScanner (AbstractBackgroundContainerScanner.java:runIteration(87)) - Completed an iteration in 0 minutes. Number of iterations (since the data-node restart) : 1, Number of containers scanned in this iteration : 0, Number of unhealthy containers found in this iteration : 0
2024-04-28 12:45:26,196 [d1684581-678b-458f-8382-390a387eba93-EndpointStateMachineTaskThread-/0.0.0.0:15358-0 ] INFO  replication.ReplicationServer (ReplicationServer.java:start(142)) - ReplicationServer is started using port 15408
2024-04-28 12:45:26,196 [d1684581-678b-458f-8382-390a387eba93-EndpointStateMachineTaskThread-/0.0.0.0:15358-0 ] INFO  ratis.XceiverServerRatis (XceiverServerRatis.java:start(566)) - Starting XceiverServerRatis d1684581-678b-458f-8382-390a387eba93
2024-04-28 12:45:26,197 [d1684581-678b-458f-8382-390a387eba93-EndpointStateMachineTaskThread-/0.0.0.0:15358-0 ] INFO  server.RaftServer (RaftServerProxy.java:startImpl(406)) - d1684581-678b-458f-8382-390a387eba93: start RPC server
2024-04-28 12:45:26,197 [d1684581-678b-458f-8382-390a387eba93-EndpointStateMachineTaskThread-/0.0.0.0:15358-0 ] INFO  server.GrpcService (GrpcService.java:startImpl(302)) - d1684581-678b-458f-8382-390a387eba93: GrpcService started, listening on 15404
2024-04-28 12:45:26,197 [d1684581-678b-458f-8382-390a387eba93-EndpointStateMachineTaskThread-/0.0.0.0:15358-0 ] INFO  server.GrpcService (GrpcService.java:startImpl(302)) - d1684581-678b-458f-8382-390a387eba93: GrpcService started, listening on 15406
2024-04-28 12:45:26,197 [d1684581-678b-458f-8382-390a387eba93-EndpointStateMachineTaskThread-/0.0.0.0:15358-0 ] INFO  server.GrpcService (GrpcService.java:startImpl(302)) - d1684581-678b-458f-8382-390a387eba93: GrpcService started, listening on 15405
2024-04-28 12:45:26,198 [d1684581-678b-458f-8382-390a387eba93-EndpointStateMachineTaskThread-/0.0.0.0:15358-0 ] INFO  ratis.XceiverServerRatis (XceiverServerRatis.java:getRealPort(592)) - XceiverServerRatis d1684581-678b-458f-8382-390a387eba93 is started using port 15404 for RATIS
2024-04-28 12:45:26,198 [d1684581-678b-458f-8382-390a387eba93-EndpointStateMachineTaskThread-/0.0.0.0:15358-0 ] INFO  ratis.XceiverServerRatis (XceiverServerRatis.java:getRealPort(592)) - XceiverServerRatis d1684581-678b-458f-8382-390a387eba93 is started using port 15405 for RATIS_ADMIN
2024-04-28 12:45:26,198 [d1684581-678b-458f-8382-390a387eba93-EndpointStateMachineTaskThread-/0.0.0.0:15358-0 ] INFO  ratis.XceiverServerRatis (XceiverServerRatis.java:getRealPort(592)) - XceiverServerRatis d1684581-678b-458f-8382-390a387eba93 is started using port 15406 for RATIS_SERVER
2024-04-28 12:45:26,198 [d1684581-678b-458f-8382-390a387eba93-EndpointStateMachineTaskThread-/0.0.0.0:15358-0 ] INFO  ratis.XceiverServerRatis (XceiverServerRatis.java:getRealPort(592)) - XceiverServerRatis d1684581-678b-458f-8382-390a387eba93 is started using port 15407 for RATIS_DATASTREAM
2024-04-28 12:45:26,198 [JvmPauseMonitor50] INFO  util.JvmPauseMonitor (JvmPauseMonitor.java:run(146)) - JvmPauseMonitor-d1684581-678b-458f-8382-390a387eba93: Started
2024-04-28 12:45:26,202 [d1684581-678b-458f-8382-390a387eba93-BlockDeletingService#0] INFO  interfaces.ContainerDeletionChoosingPolicyTemplate (ContainerDeletionChoosingPolicyTemplate.java:chooseContainerForBlockDeletion(85)) - Chosen 0/5000 blocks from 0 candidate containers.
2024-04-28 12:45:26,242 [7957f999-cc51-45d8-add6-1ece72fbce78-EndpointStateMachineTaskThread-/0.0.0.0:15358-0 ] INFO  utils.DatanodeStoreCache (DatanodeStoreCache.java:addDB(72)) - Added db /home/runner/work/ozone/ozone/hadoop-ozone/integration-test/target/test-dir/MiniOzoneClusterImpl-4444f751-856d-4595-ad15-e87fc76049bc/ozone-meta/datanode-6/data-0/hdds/4444f751-856d-4595-ad15-e87fc76049bc/DS-962918f5-885f-4e9d-96ea-cdcee6a10657/container.db to cache
2024-04-28 12:45:26,242 [7957f999-cc51-45d8-add6-1ece72fbce78-EndpointStateMachineTaskThread-/0.0.0.0:15358-0 ] INFO  volume.HddsVolume (HddsVolume.java:createDbStore(437)) - SchemaV3 db is created and loaded at /home/runner/work/ozone/ozone/hadoop-ozone/integration-test/target/test-dir/MiniOzoneClusterImpl-4444f751-856d-4595-ad15-e87fc76049bc/ozone-meta/datanode-6/data-0/hdds/4444f751-856d-4595-ad15-e87fc76049bc/DS-962918f5-885f-4e9d-96ea-cdcee6a10657/container.db for volume DS-962918f5-885f-4e9d-96ea-cdcee6a10657
2024-04-28 12:45:26,243 [7957f999-cc51-45d8-add6-1ece72fbce78-ContainerReader-0] INFO  ozoneimpl.ContainerReader (ContainerReader.java:readVolume(148)) - Start to verify containers on volume /home/runner/work/ozone/ozone/hadoop-ozone/integration-test/target/test-dir/MiniOzoneClusterImpl-4444f751-856d-4595-ad15-e87fc76049bc/ozone-meta/datanode-6/data-0/hdds
2024-04-28 12:45:26,243 [7957f999-cc51-45d8-add6-1ece72fbce78-ContainerReader-0] INFO  ozoneimpl.ContainerReader (ContainerReader.java:readVolume(178)) - Finish verifying containers on volume /home/runner/work/ozone/ozone/hadoop-ozone/integration-test/target/test-dir/MiniOzoneClusterImpl-4444f751-856d-4595-ad15-e87fc76049bc/ozone-meta/datanode-6/data-0/hdds
2024-04-28 12:45:26,244 [7957f999-cc51-45d8-add6-1ece72fbce78-EndpointStateMachineTaskThread-/0.0.0.0:15358-0 ] INFO  ozoneimpl.OzoneContainer (OzoneContainer.java:buildContainerSet(328)) - Build ContainerSet costs 0s
2024-04-28 12:45:26,244 [7957f999-cc51-45d8-add6-1ece72fbce78-EndpointStateMachineTaskThread-/0.0.0.0:15358-0 ] INFO  volume.ThrottledAsyncChecker (ThrottledAsyncChecker.java:schedule(141)) - Scheduling a check for /home/runner/work/ozone/ozone/hadoop-ozone/integration-test/target/test-dir/MiniOzoneClusterImpl-4444f751-856d-4595-ad15-e87fc76049bc/ozone-meta/datanode-6/data-0/hdds
2024-04-28 12:45:26,244 [7957f999-cc51-45d8-add6-1ece72fbce78-EndpointStateMachineTaskThread-/0.0.0.0:15358-0 ] INFO  volume.StorageVolumeChecker (StorageVolumeChecker.java:checkAllVolumes(218)) - Scheduled health check for volume /home/runner/work/ozone/ozone/hadoop-ozone/integration-test/target/test-dir/MiniOzoneClusterImpl-4444f751-856d-4595-ad15-e87fc76049bc/ozone-meta/datanode-6/data-0/hdds
2024-04-28 12:45:26,245 [7957f999-cc51-45d8-add6-1ece72fbce78-EndpointStateMachineTaskThread-/0.0.0.0:15358-0 ] INFO  volume.ThrottledAsyncChecker (ThrottledAsyncChecker.java:schedule(141)) - Scheduling a check for /home/runner/work/ozone/ozone/hadoop-ozone/integration-test/target/test-dir/MiniOzoneClusterImpl-4444f751-856d-4595-ad15-e87fc76049bc/ozone-meta/datanode-6/ratis
2024-04-28 12:45:26,245 [7957f999-cc51-45d8-add6-1ece72fbce78-EndpointStateMachineTaskThread-/0.0.0.0:15358-0 ] INFO  volume.StorageVolumeChecker (StorageVolumeChecker.java:checkAllVolumes(218)) - Scheduled health check for volume /home/runner/work/ozone/ozone/hadoop-ozone/integration-test/target/test-dir/MiniOzoneClusterImpl-4444f751-856d-4595-ad15-e87fc76049bc/ozone-meta/datanode-6/ratis
2024-04-28 12:45:26,246 [7957f999-cc51-45d8-add6-1ece72fbce78-EndpointStateMachineTaskThread-/0.0.0.0:15358-0 ] INFO  ozoneimpl.OzoneContainer (OzoneContainer.java:start(459)) - Attempting to start container services.
2024-04-28 12:45:26,246 [7957f999-cc51-45d8-add6-1ece72fbce78-EndpointStateMachineTaskThread-/0.0.0.0:15358-0 ] WARN  ozoneimpl.OnDemandContainerDataScanner (OnDemandContainerDataScanner.java:init(75)) - Trying to initialize on demand scanner a second time on a datanode.
2024-04-28 12:45:26,246 [ContainerMetadataScanner] INFO  ozoneimpl.AbstractBackgroundContainerScanner (AbstractBackgroundContainerScanner.java:runIteration(87)) - Completed an iteration in 0 minutes. Number of iterations (since the data-node restart) : 1, Number of containers scanned in this iteration : 0, Number of unhealthy containers found in this iteration : 0
2024-04-28 12:45:26,246 [ContainerDataScanner(/home/runner/work/ozone/ozone/hadoop-ozone/integration-test/target/test-dir/MiniOzoneClusterImpl-4444f751-856d-4595-ad15-e87fc76049bc/ozone-meta/datanode-6/data-0/hdds)] INFO  ozoneimpl.AbstractBackgroundContainerScanner (AbstractBackgroundContainerScanner.java:runIteration(87)) - Completed an iteration in 0 minutes. Number of iterations (since the data-node restart) : 1, Number of containers scanned in this iteration : 0, Number of unhealthy containers found in this iteration : 0
2024-04-28 12:45:26,247 [7957f999-cc51-45d8-add6-1ece72fbce78-EndpointStateMachineTaskThread-/0.0.0.0:15358-0 ] INFO  replication.ReplicationServer (ReplicationServer.java:start(142)) - ReplicationServer is started using port 15417
2024-04-28 12:45:26,247 [7957f999-cc51-45d8-add6-1ece72fbce78-EndpointStateMachineTaskThread-/0.0.0.0:15358-0 ] INFO  ratis.XceiverServerRatis (XceiverServerRatis.java:start(566)) - Starting XceiverServerRatis 7957f999-cc51-45d8-add6-1ece72fbce78
2024-04-28 12:45:26,247 [7957f999-cc51-45d8-add6-1ece72fbce78-EndpointStateMachineTaskThread-/0.0.0.0:15358-0 ] INFO  server.RaftServer (RaftServerProxy.java:startImpl(406)) - 7957f999-cc51-45d8-add6-1ece72fbce78: start RPC server
2024-04-28 12:45:26,248 [7957f999-cc51-45d8-add6-1ece72fbce78-EndpointStateMachineTaskThread-/0.0.0.0:15358-0 ] INFO  server.GrpcService (GrpcService.java:startImpl(302)) - 7957f999-cc51-45d8-add6-1ece72fbce78: GrpcService started, listening on 15413
2024-04-28 12:45:26,248 [7957f999-cc51-45d8-add6-1ece72fbce78-EndpointStateMachineTaskThread-/0.0.0.0:15358-0 ] INFO  server.GrpcService (GrpcService.java:startImpl(302)) - 7957f999-cc51-45d8-add6-1ece72fbce78: GrpcService started, listening on 15415
2024-04-28 12:45:26,248 [7957f999-cc51-45d8-add6-1ece72fbce78-EndpointStateMachineTaskThread-/0.0.0.0:15358-0 ] INFO  server.GrpcService (GrpcService.java:startImpl(302)) - 7957f999-cc51-45d8-add6-1ece72fbce78: GrpcService started, listening on 15414
2024-04-28 12:45:26,248 [7957f999-cc51-45d8-add6-1ece72fbce78-EndpointStateMachineTaskThread-/0.0.0.0:15358-0 ] INFO  ratis.XceiverServerRatis (XceiverServerRatis.java:getRealPort(592)) - XceiverServerRatis 7957f999-cc51-45d8-add6-1ece72fbce78 is started using port 15413 for RATIS
2024-04-28 12:45:26,248 [7957f999-cc51-45d8-add6-1ece72fbce78-EndpointStateMachineTaskThread-/0.0.0.0:15358-0 ] INFO  ratis.XceiverServerRatis (XceiverServerRatis.java:getRealPort(592)) - XceiverServerRatis 7957f999-cc51-45d8-add6-1ece72fbce78 is started using port 15414 for RATIS_ADMIN
2024-04-28 12:45:26,248 [7957f999-cc51-45d8-add6-1ece72fbce78-EndpointStateMachineTaskThread-/0.0.0.0:15358-0 ] INFO  ratis.XceiverServerRatis (XceiverServerRatis.java:getRealPort(592)) - XceiverServerRatis 7957f999-cc51-45d8-add6-1ece72fbce78 is started using port 15415 for RATIS_SERVER
2024-04-28 12:45:26,248 [JvmPauseMonitor51] INFO  util.JvmPauseMonitor (JvmPauseMonitor.java:run(146)) - JvmPauseMonitor-7957f999-cc51-45d8-add6-1ece72fbce78: Started
2024-04-28 12:45:26,249 [7957f999-cc51-45d8-add6-1ece72fbce78-EndpointStateMachineTaskThread-/0.0.0.0:15358-0 ] INFO  ratis.XceiverServerRatis (XceiverServerRatis.java:getRealPort(592)) - XceiverServerRatis 7957f999-cc51-45d8-add6-1ece72fbce78 is started using port 15416 for RATIS_DATASTREAM
2024-04-28 12:45:26,249 [7957f999-cc51-45d8-add6-1ece72fbce78-BlockDeletingService#0] INFO  interfaces.ContainerDeletionChoosingPolicyTemplate (ContainerDeletionChoosingPolicyTemplate.java:chooseContainerForBlockDeletion(85)) - Chosen 0/5000 blocks from 0 candidate containers.
2024-04-28 12:45:26,292 [2888e557-450c-42c6-ab50-0bca692fd7ac-EndpointStateMachineTaskThread-/0.0.0.0:15358-0 ] INFO  utils.DatanodeStoreCache (DatanodeStoreCache.java:addDB(72)) - Added db /home/runner/work/ozone/ozone/hadoop-ozone/integration-test/target/test-dir/MiniOzoneClusterImpl-4444f751-856d-4595-ad15-e87fc76049bc/ozone-meta/datanode-7/data-0/hdds/4444f751-856d-4595-ad15-e87fc76049bc/DS-6c614259-3da6-498b-b4d8-5bb63d455e9b/container.db to cache
2024-04-28 12:45:26,292 [2888e557-450c-42c6-ab50-0bca692fd7ac-EndpointStateMachineTaskThread-/0.0.0.0:15358-0 ] INFO  volume.HddsVolume (HddsVolume.java:createDbStore(437)) - SchemaV3 db is created and loaded at /home/runner/work/ozone/ozone/hadoop-ozone/integration-test/target/test-dir/MiniOzoneClusterImpl-4444f751-856d-4595-ad15-e87fc76049bc/ozone-meta/datanode-7/data-0/hdds/4444f751-856d-4595-ad15-e87fc76049bc/DS-6c614259-3da6-498b-b4d8-5bb63d455e9b/container.db for volume DS-6c614259-3da6-498b-b4d8-5bb63d455e9b
2024-04-28 12:45:26,293 [2888e557-450c-42c6-ab50-0bca692fd7ac-ContainerReader-0] INFO  ozoneimpl.ContainerReader (ContainerReader.java:readVolume(148)) - Start to verify containers on volume /home/runner/work/ozone/ozone/hadoop-ozone/integration-test/target/test-dir/MiniOzoneClusterImpl-4444f751-856d-4595-ad15-e87fc76049bc/ozone-meta/datanode-7/data-0/hdds
2024-04-28 12:45:26,293 [2888e557-450c-42c6-ab50-0bca692fd7ac-ContainerReader-0] INFO  ozoneimpl.ContainerReader (ContainerReader.java:readVolume(178)) - Finish verifying containers on volume /home/runner/work/ozone/ozone/hadoop-ozone/integration-test/target/test-dir/MiniOzoneClusterImpl-4444f751-856d-4595-ad15-e87fc76049bc/ozone-meta/datanode-7/data-0/hdds
2024-04-28 12:45:26,293 [2888e557-450c-42c6-ab50-0bca692fd7ac-EndpointStateMachineTaskThread-/0.0.0.0:15358-0 ] INFO  ozoneimpl.OzoneContainer (OzoneContainer.java:buildContainerSet(328)) - Build ContainerSet costs 0s
2024-04-28 12:45:26,293 [2888e557-450c-42c6-ab50-0bca692fd7ac-EndpointStateMachineTaskThread-/0.0.0.0:15358-0 ] INFO  volume.ThrottledAsyncChecker (ThrottledAsyncChecker.java:schedule(141)) - Scheduling a check for /home/runner/work/ozone/ozone/hadoop-ozone/integration-test/target/test-dir/MiniOzoneClusterImpl-4444f751-856d-4595-ad15-e87fc76049bc/ozone-meta/datanode-7/data-0/hdds
2024-04-28 12:45:26,294 [2888e557-450c-42c6-ab50-0bca692fd7ac-EndpointStateMachineTaskThread-/0.0.0.0:15358-0 ] INFO  volume.StorageVolumeChecker (StorageVolumeChecker.java:checkAllVolumes(218)) - Scheduled health check for volume /home/runner/work/ozone/ozone/hadoop-ozone/integration-test/target/test-dir/MiniOzoneClusterImpl-4444f751-856d-4595-ad15-e87fc76049bc/ozone-meta/datanode-7/data-0/hdds
2024-04-28 12:45:26,294 [2888e557-450c-42c6-ab50-0bca692fd7ac-EndpointStateMachineTaskThread-/0.0.0.0:15358-0 ] INFO  volume.ThrottledAsyncChecker (ThrottledAsyncChecker.java:schedule(141)) - Scheduling a check for /home/runner/work/ozone/ozone/hadoop-ozone/integration-test/target/test-dir/MiniOzoneClusterImpl-4444f751-856d-4595-ad15-e87fc76049bc/ozone-meta/datanode-7/ratis
2024-04-28 12:45:26,295 [2888e557-450c-42c6-ab50-0bca692fd7ac-EndpointStateMachineTaskThread-/0.0.0.0:15358-0 ] INFO  volume.StorageVolumeChecker (StorageVolumeChecker.java:checkAllVolumes(218)) - Scheduled health check for volume /home/runner/work/ozone/ozone/hadoop-ozone/integration-test/target/test-dir/MiniOzoneClusterImpl-4444f751-856d-4595-ad15-e87fc76049bc/ozone-meta/datanode-7/ratis
2024-04-28 12:45:26,298 [2888e557-450c-42c6-ab50-0bca692fd7ac-EndpointStateMachineTaskThread-/0.0.0.0:15358-0 ] INFO  ozoneimpl.OzoneContainer (OzoneContainer.java:start(459)) - Attempting to start container services.
2024-04-28 12:45:26,298 [2888e557-450c-42c6-ab50-0bca692fd7ac-EndpointStateMachineTaskThread-/0.0.0.0:15358-0 ] WARN  ozoneimpl.OnDemandContainerDataScanner (OnDemandContainerDataScanner.java:init(75)) - Trying to initialize on demand scanner a second time on a datanode.
2024-04-28 12:45:26,298 [ContainerMetadataScanner] INFO  ozoneimpl.AbstractBackgroundContainerScanner (AbstractBackgroundContainerScanner.java:runIteration(87)) - Completed an iteration in 0 minutes. Number of iterations (since the data-node restart) : 1, Number of containers scanned in this iteration : 0, Number of unhealthy containers found in this iteration : 0
2024-04-28 12:45:26,299 [ContainerDataScanner(/home/runner/work/ozone/ozone/hadoop-ozone/integration-test/target/test-dir/MiniOzoneClusterImpl-4444f751-856d-4595-ad15-e87fc76049bc/ozone-meta/datanode-7/data-0/hdds)] INFO  ozoneimpl.AbstractBackgroundContainerScanner (AbstractBackgroundContainerScanner.java:runIteration(87)) - Completed an iteration in 0 minutes. Number of iterations (since the data-node restart) : 1, Number of containers scanned in this iteration : 0, Number of unhealthy containers found in this iteration : 0
2024-04-28 12:45:26,299 [2888e557-450c-42c6-ab50-0bca692fd7ac-EndpointStateMachineTaskThread-/0.0.0.0:15358-0 ] INFO  replication.ReplicationServer (ReplicationServer.java:start(142)) - ReplicationServer is started using port 15426
2024-04-28 12:45:26,299 [2888e557-450c-42c6-ab50-0bca692fd7ac-EndpointStateMachineTaskThread-/0.0.0.0:15358-0 ] INFO  ratis.XceiverServerRatis (XceiverServerRatis.java:start(566)) - Starting XceiverServerRatis 2888e557-450c-42c6-ab50-0bca692fd7ac
2024-04-28 12:45:26,299 [2888e557-450c-42c6-ab50-0bca692fd7ac-EndpointStateMachineTaskThread-/0.0.0.0:15358-0 ] INFO  server.RaftServer (RaftServerProxy.java:startImpl(406)) - 2888e557-450c-42c6-ab50-0bca692fd7ac: start RPC server
2024-04-28 12:45:26,299 [2888e557-450c-42c6-ab50-0bca692fd7ac-EndpointStateMachineTaskThread-/0.0.0.0:15358-0 ] INFO  server.GrpcService (GrpcService.java:startImpl(302)) - 2888e557-450c-42c6-ab50-0bca692fd7ac: GrpcService started, listening on 15422
2024-04-28 12:45:26,300 [2888e557-450c-42c6-ab50-0bca692fd7ac-EndpointStateMachineTaskThread-/0.0.0.0:15358-0 ] INFO  server.GrpcService (GrpcService.java:startImpl(302)) - 2888e557-450c-42c6-ab50-0bca692fd7ac: GrpcService started, listening on 15424
2024-04-28 12:45:26,300 [2888e557-450c-42c6-ab50-0bca692fd7ac-EndpointStateMachineTaskThread-/0.0.0.0:15358-0 ] INFO  server.GrpcService (GrpcService.java:startImpl(302)) - 2888e557-450c-42c6-ab50-0bca692fd7ac: GrpcService started, listening on 15423
2024-04-28 12:45:26,300 [2888e557-450c-42c6-ab50-0bca692fd7ac-EndpointStateMachineTaskThread-/0.0.0.0:15358-0 ] INFO  ratis.XceiverServerRatis (XceiverServerRatis.java:getRealPort(592)) - XceiverServerRatis 2888e557-450c-42c6-ab50-0bca692fd7ac is started using port 15422 for RATIS
2024-04-28 12:45:26,300 [JvmPauseMonitor52] INFO  util.JvmPauseMonitor (JvmPauseMonitor.java:run(146)) - JvmPauseMonitor-2888e557-450c-42c6-ab50-0bca692fd7ac: Started
2024-04-28 12:45:26,300 [2888e557-450c-42c6-ab50-0bca692fd7ac-EndpointStateMachineTaskThread-/0.0.0.0:15358-0 ] INFO  ratis.XceiverServerRatis (XceiverServerRatis.java:getRealPort(592)) - XceiverServerRatis 2888e557-450c-42c6-ab50-0bca692fd7ac is started using port 15423 for RATIS_ADMIN
2024-04-28 12:45:26,300 [2888e557-450c-42c6-ab50-0bca692fd7ac-EndpointStateMachineTaskThread-/0.0.0.0:15358-0 ] INFO  ratis.XceiverServerRatis (XceiverServerRatis.java:getRealPort(592)) - XceiverServerRatis 2888e557-450c-42c6-ab50-0bca692fd7ac is started using port 15424 for RATIS_SERVER
2024-04-28 12:45:26,300 [2888e557-450c-42c6-ab50-0bca692fd7ac-EndpointStateMachineTaskThread-/0.0.0.0:15358-0 ] INFO  ratis.XceiverServerRatis (XceiverServerRatis.java:getRealPort(592)) - XceiverServerRatis 2888e557-450c-42c6-ab50-0bca692fd7ac is started using port 15425 for RATIS_DATASTREAM
2024-04-28 12:45:26,301 [2888e557-450c-42c6-ab50-0bca692fd7ac-BlockDeletingService#0] INFO  interfaces.ContainerDeletionChoosingPolicyTemplate (ContainerDeletionChoosingPolicyTemplate.java:chooseContainerForBlockDeletion(85)) - Chosen 0/5000 blocks from 0 candidate containers.
2024-04-28 12:45:26,348 [a03ae040-0cc1-4c22-85ff-5ac1eba35bae-EndpointStateMachineTaskThread-/0.0.0.0:15358-0 ] INFO  utils.DatanodeStoreCache (DatanodeStoreCache.java:addDB(72)) - Added db /home/runner/work/ozone/ozone/hadoop-ozone/integration-test/target/test-dir/MiniOzoneClusterImpl-4444f751-856d-4595-ad15-e87fc76049bc/ozone-meta/datanode-8/data-0/hdds/4444f751-856d-4595-ad15-e87fc76049bc/DS-bd58df47-5ee0-4016-acac-bc16bc87f077/container.db to cache
2024-04-28 12:45:26,349 [a03ae040-0cc1-4c22-85ff-5ac1eba35bae-EndpointStateMachineTaskThread-/0.0.0.0:15358-0 ] INFO  volume.HddsVolume (HddsVolume.java:createDbStore(437)) - SchemaV3 db is created and loaded at /home/runner/work/ozone/ozone/hadoop-ozone/integration-test/target/test-dir/MiniOzoneClusterImpl-4444f751-856d-4595-ad15-e87fc76049bc/ozone-meta/datanode-8/data-0/hdds/4444f751-856d-4595-ad15-e87fc76049bc/DS-bd58df47-5ee0-4016-acac-bc16bc87f077/container.db for volume DS-bd58df47-5ee0-4016-acac-bc16bc87f077
2024-04-28 12:45:26,350 [a03ae040-0cc1-4c22-85ff-5ac1eba35bae-ContainerReader-0] INFO  ozoneimpl.ContainerReader (ContainerReader.java:readVolume(148)) - Start to verify containers on volume /home/runner/work/ozone/ozone/hadoop-ozone/integration-test/target/test-dir/MiniOzoneClusterImpl-4444f751-856d-4595-ad15-e87fc76049bc/ozone-meta/datanode-8/data-0/hdds
2024-04-28 12:45:26,350 [a03ae040-0cc1-4c22-85ff-5ac1eba35bae-ContainerReader-0] INFO  ozoneimpl.ContainerReader (ContainerReader.java:readVolume(178)) - Finish verifying containers on volume /home/runner/work/ozone/ozone/hadoop-ozone/integration-test/target/test-dir/MiniOzoneClusterImpl-4444f751-856d-4595-ad15-e87fc76049bc/ozone-meta/datanode-8/data-0/hdds
2024-04-28 12:45:26,350 [a03ae040-0cc1-4c22-85ff-5ac1eba35bae-EndpointStateMachineTaskThread-/0.0.0.0:15358-0 ] INFO  ozoneimpl.OzoneContainer (OzoneContainer.java:buildContainerSet(328)) - Build ContainerSet costs 0s
2024-04-28 12:45:26,351 [a03ae040-0cc1-4c22-85ff-5ac1eba35bae-EndpointStateMachineTaskThread-/0.0.0.0:15358-0 ] INFO  volume.ThrottledAsyncChecker (ThrottledAsyncChecker.java:schedule(141)) - Scheduling a check for /home/runner/work/ozone/ozone/hadoop-ozone/integration-test/target/test-dir/MiniOzoneClusterImpl-4444f751-856d-4595-ad15-e87fc76049bc/ozone-meta/datanode-8/data-0/hdds
2024-04-28 12:45:26,351 [a03ae040-0cc1-4c22-85ff-5ac1eba35bae-EndpointStateMachineTaskThread-/0.0.0.0:15358-0 ] INFO  volume.StorageVolumeChecker (StorageVolumeChecker.java:checkAllVolumes(218)) - Scheduled health check for volume /home/runner/work/ozone/ozone/hadoop-ozone/integration-test/target/test-dir/MiniOzoneClusterImpl-4444f751-856d-4595-ad15-e87fc76049bc/ozone-meta/datanode-8/data-0/hdds
2024-04-28 12:45:26,352 [a03ae040-0cc1-4c22-85ff-5ac1eba35bae-EndpointStateMachineTaskThread-/0.0.0.0:15358-0 ] INFO  volume.ThrottledAsyncChecker (ThrottledAsyncChecker.java:schedule(141)) - Scheduling a check for /home/runner/work/ozone/ozone/hadoop-ozone/integration-test/target/test-dir/MiniOzoneClusterImpl-4444f751-856d-4595-ad15-e87fc76049bc/ozone-meta/datanode-8/ratis
2024-04-28 12:45:26,352 [a03ae040-0cc1-4c22-85ff-5ac1eba35bae-EndpointStateMachineTaskThread-/0.0.0.0:15358-0 ] INFO  volume.StorageVolumeChecker (StorageVolumeChecker.java:checkAllVolumes(218)) - Scheduled health check for volume /home/runner/work/ozone/ozone/hadoop-ozone/integration-test/target/test-dir/MiniOzoneClusterImpl-4444f751-856d-4595-ad15-e87fc76049bc/ozone-meta/datanode-8/ratis
2024-04-28 12:45:26,353 [a03ae040-0cc1-4c22-85ff-5ac1eba35bae-EndpointStateMachineTaskThread-/0.0.0.0:15358-0 ] INFO  ozoneimpl.OzoneContainer (OzoneContainer.java:start(459)) - Attempting to start container services.
2024-04-28 12:45:26,353 [a03ae040-0cc1-4c22-85ff-5ac1eba35bae-EndpointStateMachineTaskThread-/0.0.0.0:15358-0 ] WARN  ozoneimpl.OnDemandContainerDataScanner (OnDemandContainerDataScanner.java:init(75)) - Trying to initialize on demand scanner a second time on a datanode.
2024-04-28 12:45:26,353 [ContainerMetadataScanner] INFO  ozoneimpl.AbstractBackgroundContainerScanner (AbstractBackgroundContainerScanner.java:runIteration(87)) - Completed an iteration in 0 minutes. Number of iterations (since the data-node restart) : 1, Number of containers scanned in this iteration : 0, Number of unhealthy containers found in this iteration : 0
2024-04-28 12:45:26,353 [ContainerDataScanner(/home/runner/work/ozone/ozone/hadoop-ozone/integration-test/target/test-dir/MiniOzoneClusterImpl-4444f751-856d-4595-ad15-e87fc76049bc/ozone-meta/datanode-8/data-0/hdds)] INFO  ozoneimpl.AbstractBackgroundContainerScanner (AbstractBackgroundContainerScanner.java:runIteration(87)) - Completed an iteration in 0 minutes. Number of iterations (since the data-node restart) : 1, Number of containers scanned in this iteration : 0, Number of unhealthy containers found in this iteration : 0
2024-04-28 12:45:26,354 [a03ae040-0cc1-4c22-85ff-5ac1eba35bae-EndpointStateMachineTaskThread-/0.0.0.0:15358-0 ] INFO  replication.ReplicationServer (ReplicationServer.java:start(142)) - ReplicationServer is started using port 15435
2024-04-28 12:45:26,354 [a03ae040-0cc1-4c22-85ff-5ac1eba35bae-EndpointStateMachineTaskThread-/0.0.0.0:15358-0 ] INFO  ratis.XceiverServerRatis (XceiverServerRatis.java:start(566)) - Starting XceiverServerRatis a03ae040-0cc1-4c22-85ff-5ac1eba35bae
2024-04-28 12:45:26,358 [a03ae040-0cc1-4c22-85ff-5ac1eba35bae-EndpointStateMachineTaskThread-/0.0.0.0:15358-0 ] INFO  server.RaftServer (RaftServerProxy.java:startImpl(406)) - a03ae040-0cc1-4c22-85ff-5ac1eba35bae: start RPC server
2024-04-28 12:45:26,359 [a03ae040-0cc1-4c22-85ff-5ac1eba35bae-EndpointStateMachineTaskThread-/0.0.0.0:15358-0 ] INFO  server.GrpcService (GrpcService.java:startImpl(302)) - a03ae040-0cc1-4c22-85ff-5ac1eba35bae: GrpcService started, listening on 15431
2024-04-28 12:45:26,359 [a03ae040-0cc1-4c22-85ff-5ac1eba35bae-EndpointStateMachineTaskThread-/0.0.0.0:15358-0 ] INFO  server.GrpcService (GrpcService.java:startImpl(302)) - a03ae040-0cc1-4c22-85ff-5ac1eba35bae: GrpcService started, listening on 15433
2024-04-28 12:45:26,359 [a03ae040-0cc1-4c22-85ff-5ac1eba35bae-EndpointStateMachineTaskThread-/0.0.0.0:15358-0 ] INFO  server.GrpcService (GrpcService.java:startImpl(302)) - a03ae040-0cc1-4c22-85ff-5ac1eba35bae: GrpcService started, listening on 15432
2024-04-28 12:45:26,359 [a03ae040-0cc1-4c22-85ff-5ac1eba35bae-EndpointStateMachineTaskThread-/0.0.0.0:15358-0 ] INFO  ratis.XceiverServerRatis (XceiverServerRatis.java:getRealPort(592)) - XceiverServerRatis a03ae040-0cc1-4c22-85ff-5ac1eba35bae is started using port 15431 for RATIS
2024-04-28 12:45:26,359 [a03ae040-0cc1-4c22-85ff-5ac1eba35bae-EndpointStateMachineTaskThread-/0.0.0.0:15358-0 ] INFO  ratis.XceiverServerRatis (XceiverServerRatis.java:getRealPort(592)) - XceiverServerRatis a03ae040-0cc1-4c22-85ff-5ac1eba35bae is started using port 15432 for RATIS_ADMIN
2024-04-28 12:45:26,359 [a03ae040-0cc1-4c22-85ff-5ac1eba35bae-EndpointStateMachineTaskThread-/0.0.0.0:15358-0 ] INFO  ratis.XceiverServerRatis (XceiverServerRatis.java:getRealPort(592)) - XceiverServerRatis a03ae040-0cc1-4c22-85ff-5ac1eba35bae is started using port 15433 for RATIS_SERVER
2024-04-28 12:45:26,359 [a03ae040-0cc1-4c22-85ff-5ac1eba35bae-EndpointStateMachineTaskThread-/0.0.0.0:15358-0 ] INFO  ratis.XceiverServerRatis (XceiverServerRatis.java:getRealPort(592)) - XceiverServerRatis a03ae040-0cc1-4c22-85ff-5ac1eba35bae is started using port 15434 for RATIS_DATASTREAM
2024-04-28 12:45:26,359 [JvmPauseMonitor53] INFO  util.JvmPauseMonitor (JvmPauseMonitor.java:run(146)) - JvmPauseMonitor-a03ae040-0cc1-4c22-85ff-5ac1eba35bae: Started
2024-04-28 12:45:26,360 [a03ae040-0cc1-4c22-85ff-5ac1eba35bae-BlockDeletingService#0] INFO  interfaces.ContainerDeletionChoosingPolicyTemplate (ContainerDeletionChoosingPolicyTemplate.java:chooseContainerForBlockDeletion(85)) - Chosen 0/5000 blocks from 0 candidate containers.
2024-04-28 12:45:26,371 [main] INFO  ozone.MiniOzoneClusterImpl (MiniOzoneClusterImpl.java:lambda$waitForClusterToBeReady$0(194)) - Waiting for nodes to be ready. Got 0 of 9 DN Heartbeats.
2024-04-28 12:45:26,371 [main] INFO  ozone.MiniOzoneClusterImpl (MiniOzoneClusterImpl.java:lambda$waitForClusterToBeReady$0(197)) - Waiting for cluster to exit safe mode
2024-04-28 12:45:26,371 [main] INFO  ozone.MiniOzoneClusterImpl (MiniOzoneClusterImpl.java:lambda$waitForClusterToBeReady$0(199)) - SCM became leader
2024-04-28 12:45:26,391 [5986eb43-6756-4d1a-9985-b2bcfc70d88f-EndpointStateMachineTaskThread-/0.0.0.0:15358-0 ] INFO  utils.DatanodeStoreCache (DatanodeStoreCache.java:addDB(72)) - Added db /home/runner/work/ozone/ozone/hadoop-ozone/integration-test/target/test-dir/MiniOzoneClusterImpl-4444f751-856d-4595-ad15-e87fc76049bc/ozone-meta/datanode-9/data-0/hdds/4444f751-856d-4595-ad15-e87fc76049bc/DS-67afbe17-e799-4608-af11-e15ca9da8d66/container.db to cache
2024-04-28 12:45:26,391 [5986eb43-6756-4d1a-9985-b2bcfc70d88f-EndpointStateMachineTaskThread-/0.0.0.0:15358-0 ] INFO  volume.HddsVolume (HddsVolume.java:createDbStore(437)) - SchemaV3 db is created and loaded at /home/runner/work/ozone/ozone/hadoop-ozone/integration-test/target/test-dir/MiniOzoneClusterImpl-4444f751-856d-4595-ad15-e87fc76049bc/ozone-meta/datanode-9/data-0/hdds/4444f751-856d-4595-ad15-e87fc76049bc/DS-67afbe17-e799-4608-af11-e15ca9da8d66/container.db for volume DS-67afbe17-e799-4608-af11-e15ca9da8d66
2024-04-28 12:45:26,392 [5986eb43-6756-4d1a-9985-b2bcfc70d88f-ContainerReader-0] INFO  ozoneimpl.ContainerReader (ContainerReader.java:readVolume(148)) - Start to verify containers on volume /home/runner/work/ozone/ozone/hadoop-ozone/integration-test/target/test-dir/MiniOzoneClusterImpl-4444f751-856d-4595-ad15-e87fc76049bc/ozone-meta/datanode-9/data-0/hdds
2024-04-28 12:45:26,392 [5986eb43-6756-4d1a-9985-b2bcfc70d88f-ContainerReader-0] INFO  ozoneimpl.ContainerReader (ContainerReader.java:readVolume(178)) - Finish verifying containers on volume /home/runner/work/ozone/ozone/hadoop-ozone/integration-test/target/test-dir/MiniOzoneClusterImpl-4444f751-856d-4595-ad15-e87fc76049bc/ozone-meta/datanode-9/data-0/hdds
2024-04-28 12:45:26,393 [5986eb43-6756-4d1a-9985-b2bcfc70d88f-EndpointStateMachineTaskThread-/0.0.0.0:15358-0 ] INFO  ozoneimpl.OzoneContainer (OzoneContainer.java:buildContainerSet(328)) - Build ContainerSet costs 0s
2024-04-28 12:45:26,393 [5986eb43-6756-4d1a-9985-b2bcfc70d88f-EndpointStateMachineTaskThread-/0.0.0.0:15358-0 ] INFO  volume.ThrottledAsyncChecker (ThrottledAsyncChecker.java:schedule(141)) - Scheduling a check for /home/runner/work/ozone/ozone/hadoop-ozone/integration-test/target/test-dir/MiniOzoneClusterImpl-4444f751-856d-4595-ad15-e87fc76049bc/ozone-meta/datanode-9/data-0/hdds
2024-04-28 12:45:26,393 [5986eb43-6756-4d1a-9985-b2bcfc70d88f-EndpointStateMachineTaskThread-/0.0.0.0:15358-0 ] INFO  volume.StorageVolumeChecker (StorageVolumeChecker.java:checkAllVolumes(218)) - Scheduled health check for volume /home/runner/work/ozone/ozone/hadoop-ozone/integration-test/target/test-dir/MiniOzoneClusterImpl-4444f751-856d-4595-ad15-e87fc76049bc/ozone-meta/datanode-9/data-0/hdds
2024-04-28 12:45:26,394 [5986eb43-6756-4d1a-9985-b2bcfc70d88f-EndpointStateMachineTaskThread-/0.0.0.0:15358-0 ] INFO  volume.ThrottledAsyncChecker (ThrottledAsyncChecker.java:schedule(141)) - Scheduling a check for /home/runner/work/ozone/ozone/hadoop-ozone/integration-test/target/test-dir/MiniOzoneClusterImpl-4444f751-856d-4595-ad15-e87fc76049bc/ozone-meta/datanode-9/ratis
2024-04-28 12:45:26,394 [5986eb43-6756-4d1a-9985-b2bcfc70d88f-EndpointStateMachineTaskThread-/0.0.0.0:15358-0 ] INFO  volume.StorageVolumeChecker (StorageVolumeChecker.java:checkAllVolumes(218)) - Scheduled health check for volume /home/runner/work/ozone/ozone/hadoop-ozone/integration-test/target/test-dir/MiniOzoneClusterImpl-4444f751-856d-4595-ad15-e87fc76049bc/ozone-meta/datanode-9/ratis
2024-04-28 12:45:26,395 [5986eb43-6756-4d1a-9985-b2bcfc70d88f-EndpointStateMachineTaskThread-/0.0.0.0:15358-0 ] INFO  ozoneimpl.OzoneContainer (OzoneContainer.java:start(459)) - Attempting to start container services.
2024-04-28 12:45:26,395 [5986eb43-6756-4d1a-9985-b2bcfc70d88f-EndpointStateMachineTaskThread-/0.0.0.0:15358-0 ] WARN  ozoneimpl.OnDemandContainerDataScanner (OnDemandContainerDataScanner.java:init(75)) - Trying to initialize on demand scanner a second time on a datanode.
2024-04-28 12:45:26,395 [ContainerMetadataScanner] INFO  ozoneimpl.AbstractBackgroundContainerScanner (AbstractBackgroundContainerScanner.java:runIteration(87)) - Completed an iteration in 0 minutes. Number of iterations (since the data-node restart) : 1, Number of containers scanned in this iteration : 0, Number of unhealthy containers found in this iteration : 0
2024-04-28 12:45:26,396 [ContainerDataScanner(/home/runner/work/ozone/ozone/hadoop-ozone/integration-test/target/test-dir/MiniOzoneClusterImpl-4444f751-856d-4595-ad15-e87fc76049bc/ozone-meta/datanode-9/data-0/hdds)] INFO  ozoneimpl.AbstractBackgroundContainerScanner (AbstractBackgroundContainerScanner.java:runIteration(87)) - Completed an iteration in 0 minutes. Number of iterations (since the data-node restart) : 1, Number of containers scanned in this iteration : 0, Number of unhealthy containers found in this iteration : 0
2024-04-28 12:45:26,396 [5986eb43-6756-4d1a-9985-b2bcfc70d88f-EndpointStateMachineTaskThread-/0.0.0.0:15358-0 ] INFO  replication.ReplicationServer (ReplicationServer.java:start(142)) - ReplicationServer is started using port 15444
2024-04-28 12:45:26,396 [5986eb43-6756-4d1a-9985-b2bcfc70d88f-EndpointStateMachineTaskThread-/0.0.0.0:15358-0 ] INFO  ratis.XceiverServerRatis (XceiverServerRatis.java:start(566)) - Starting XceiverServerRatis 5986eb43-6756-4d1a-9985-b2bcfc70d88f
2024-04-28 12:45:26,396 [5986eb43-6756-4d1a-9985-b2bcfc70d88f-EndpointStateMachineTaskThread-/0.0.0.0:15358-0 ] INFO  server.RaftServer (RaftServerProxy.java:startImpl(406)) - 5986eb43-6756-4d1a-9985-b2bcfc70d88f: start RPC server
2024-04-28 12:45:26,397 [5986eb43-6756-4d1a-9985-b2bcfc70d88f-EndpointStateMachineTaskThread-/0.0.0.0:15358-0 ] INFO  server.GrpcService (GrpcService.java:startImpl(302)) - 5986eb43-6756-4d1a-9985-b2bcfc70d88f: GrpcService started, listening on 15440
2024-04-28 12:45:26,398 [5986eb43-6756-4d1a-9985-b2bcfc70d88f-EndpointStateMachineTaskThread-/0.0.0.0:15358-0 ] INFO  server.GrpcService (GrpcService.java:startImpl(302)) - 5986eb43-6756-4d1a-9985-b2bcfc70d88f: GrpcService started, listening on 15442
2024-04-28 12:45:26,398 [5986eb43-6756-4d1a-9985-b2bcfc70d88f-EndpointStateMachineTaskThread-/0.0.0.0:15358-0 ] INFO  server.GrpcService (GrpcService.java:startImpl(302)) - 5986eb43-6756-4d1a-9985-b2bcfc70d88f: GrpcService started, listening on 15441
2024-04-28 12:45:26,398 [5986eb43-6756-4d1a-9985-b2bcfc70d88f-EndpointStateMachineTaskThread-/0.0.0.0:15358-0 ] INFO  ratis.XceiverServerRatis (XceiverServerRatis.java:getRealPort(592)) - XceiverServerRatis 5986eb43-6756-4d1a-9985-b2bcfc70d88f is started using port 15440 for RATIS
2024-04-28 12:45:26,398 [5986eb43-6756-4d1a-9985-b2bcfc70d88f-EndpointStateMachineTaskThread-/0.0.0.0:15358-0 ] INFO  ratis.XceiverServerRatis (XceiverServerRatis.java:getRealPort(592)) - XceiverServerRatis 5986eb43-6756-4d1a-9985-b2bcfc70d88f is started using port 15441 for RATIS_ADMIN
2024-04-28 12:45:26,398 [5986eb43-6756-4d1a-9985-b2bcfc70d88f-EndpointStateMachineTaskThread-/0.0.0.0:15358-0 ] INFO  ratis.XceiverServerRatis (XceiverServerRatis.java:getRealPort(592)) - XceiverServerRatis 5986eb43-6756-4d1a-9985-b2bcfc70d88f is started using port 15442 for RATIS_SERVER
2024-04-28 12:45:26,398 [5986eb43-6756-4d1a-9985-b2bcfc70d88f-EndpointStateMachineTaskThread-/0.0.0.0:15358-0 ] INFO  ratis.XceiverServerRatis (XceiverServerRatis.java:getRealPort(592)) - XceiverServerRatis 5986eb43-6756-4d1a-9985-b2bcfc70d88f is started using port 15443 for RATIS_DATASTREAM
2024-04-28 12:45:26,398 [JvmPauseMonitor54] INFO  util.JvmPauseMonitor (JvmPauseMonitor.java:run(146)) - JvmPauseMonitor-5986eb43-6756-4d1a-9985-b2bcfc70d88f: Started
2024-04-28 12:45:26,399 [5986eb43-6756-4d1a-9985-b2bcfc70d88f-BlockDeletingService#0] INFO  interfaces.ContainerDeletionChoosingPolicyTemplate (ContainerDeletionChoosingPolicyTemplate.java:chooseContainerForBlockDeletion(85)) - Chosen 0/5000 blocks from 0 candidate containers.
2024-04-28 12:45:27,371 [main] INFO  ozone.MiniOzoneClusterImpl (MiniOzoneClusterImpl.java:lambda$waitForClusterToBeReady$0(194)) - Waiting for nodes to be ready. Got 0 of 9 DN Heartbeats.
2024-04-28 12:45:27,372 [main] INFO  ozone.MiniOzoneClusterImpl (MiniOzoneClusterImpl.java:lambda$waitForClusterToBeReady$0(197)) - Waiting for cluster to exit safe mode
2024-04-28 12:45:27,372 [main] INFO  ozone.MiniOzoneClusterImpl (MiniOzoneClusterImpl.java:lambda$waitForClusterToBeReady$0(199)) - SCM became leader
2024-04-28 12:45:27,936 [IPC Server handler 0 on default port 15358] INFO  net.NetworkTopologyImpl (NetworkTopologyImpl.java:add(134)) - Added a new node: /default-rack/09d2ac22-859d-47ff-b3c3-58a3590cb163
2024-04-28 12:45:27,936 [IPC Server handler 0 on default port 15358] INFO  node.SCMNodeManager (SCMNodeManager.java:register(421)) - Registered datanode: 09d2ac22-859d-47ff-b3c3-58a3590cb163{ip: 127.0.0.1, host: localhost, ports: [HTTP=15365, CLIENT_RPC=15366, REPLICATION=15372, RATIS=15368, RATIS_ADMIN=15369, RATIS_SERVER=15370, RATIS_DATASTREAM=15371, STANDALONE=15367], networkLocation: /default-rack, certSerialId: null, persistedOpState: null, persistedOpStateExpiryEpochSec: 0}
2024-04-28 12:45:27,936 [EventQueue-NewNodeForNewNodeHandler] INFO  pipeline.BackgroundPipelineCreator (BackgroundPipelineCreator.java:notifyEventTriggered(280)) - trigger a one-shot run on RatisPipelineUtilsThread.
2024-04-28 12:45:27,937 [EventQueue-NodeRegistrationContainerReportForDataNodeSafeModeRule] INFO  safemode.SCMSafeModeManager (DataNodeSafeModeRule.java:process(71)) - SCM in safe mode. 1 DataNodes registered, 3 required.
2024-04-28 12:45:27,937 [EventQueue-NodeRegistrationContainerReportForContainerSafeModeRule] INFO  safemode.SCMSafeModeManager (SCMSafeModeManager.java:validateSafeModeExitRules(203)) - ContainerSafeModeRule rule is successfully validated
2024-04-28 12:45:27,937 [EventQueue-PipelineReportForOneReplicaPipelineSafeModeRule] INFO  safemode.SCMSafeModeManager (SCMSafeModeManager.java:validateSafeModeExitRules(203)) - AtleastOneDatanodeReportedRule rule is successfully validated
2024-04-28 12:45:27,937 [RatisPipelineUtilsThread-0] INFO  pipeline.RatisPipelineProvider (RatisPipelineProvider.java:lambda$create$0(205)) - Sending CreatePipelineCommand for pipeline:PipelineID=0ae87b44-efc3-478e-99a5-4114a5ed2105 to datanode:09d2ac22-859d-47ff-b3c3-58a3590cb163
2024-04-28 12:45:27,938 [RatisPipelineUtilsThread-0] INFO  pipeline.BackgroundPipelineCreator (BackgroundPipelineCreator.java:createPipelines(236)) - Created new pipeline Pipeline[ Id: 0ae87b44-efc3-478e-99a5-4114a5ed2105, Nodes: 09d2ac22-859d-47ff-b3c3-58a3590cb163(localhost/127.0.0.1), ReplicationConfig: RATIS/ONE, State:ALLOCATED, leaderId:, CreationTimestamp2024-04-28T12:45:27.937081962Z[Etc/UTC]]
2024-04-28 12:45:27,983 [IPC Server handler 1 on default port 15358] INFO  net.NetworkTopologyImpl (NetworkTopologyImpl.java:add(134)) - Added a new node: /default-rack/a004c341-03e6-4aa5-a556-61598c35a019
2024-04-28 12:45:27,983 [IPC Server handler 1 on default port 15358] INFO  node.SCMNodeManager (SCMNodeManager.java:register(421)) - Registered datanode: a004c341-03e6-4aa5-a556-61598c35a019{ip: 127.0.0.1, host: localhost, ports: [HTTP=15374, CLIENT_RPC=15375, REPLICATION=15381, RATIS=15377, RATIS_ADMIN=15378, RATIS_SERVER=15379, RATIS_DATASTREAM=15380, STANDALONE=15376], networkLocation: /default-rack, certSerialId: null, persistedOpState: null, persistedOpStateExpiryEpochSec: 0}
2024-04-28 12:45:27,983 [EventQueue-NewNodeForNewNodeHandler] INFO  pipeline.BackgroundPipelineCreator (BackgroundPipelineCreator.java:notifyEventTriggered(280)) - trigger a one-shot run on RatisPipelineUtilsThread.
2024-04-28 12:45:27,983 [EventQueue-NodeRegistrationContainerReportForDataNodeSafeModeRule] INFO  safemode.SCMSafeModeManager (DataNodeSafeModeRule.java:process(71)) - SCM in safe mode. 2 DataNodes registered, 3 required.
2024-04-28 12:45:27,983 [RatisPipelineUtilsThread-0] INFO  pipeline.RatisPipelineProvider (RatisPipelineProvider.java:lambda$create$0(205)) - Sending CreatePipelineCommand for pipeline:PipelineID=21fad630-9ed0-441c-8afb-26f2b1e88b2e to datanode:a004c341-03e6-4aa5-a556-61598c35a019
2024-04-28 12:45:27,983 [RatisPipelineUtilsThread-0] INFO  pipeline.BackgroundPipelineCreator (BackgroundPipelineCreator.java:createPipelines(236)) - Created new pipeline Pipeline[ Id: 21fad630-9ed0-441c-8afb-26f2b1e88b2e, Nodes: a004c341-03e6-4aa5-a556-61598c35a019(localhost/127.0.0.1), ReplicationConfig: RATIS/ONE, State:ALLOCATED, leaderId:, CreationTimestamp2024-04-28T12:45:27.983515447Z[Etc/UTC]]
2024-04-28 12:45:28,048 [IPC Server handler 2 on default port 15358] INFO  net.NetworkTopologyImpl (NetworkTopologyImpl.java:add(134)) - Added a new node: /default-rack/81492a0b-8554-4d1c-9efe-d356d82cfcc4
2024-04-28 12:45:28,048 [IPC Server handler 2 on default port 15358] INFO  node.SCMNodeManager (SCMNodeManager.java:register(421)) - Registered datanode: 81492a0b-8554-4d1c-9efe-d356d82cfcc4{ip: 127.0.0.1, host: localhost, ports: [HTTP=15383, CLIENT_RPC=15384, REPLICATION=15390, RATIS=15386, RATIS_ADMIN=15387, RATIS_SERVER=15388, RATIS_DATASTREAM=15389, STANDALONE=15385], networkLocation: /default-rack, certSerialId: null, persistedOpState: null, persistedOpStateExpiryEpochSec: 0}
2024-04-28 12:45:28,048 [EventQueue-NewNodeForNewNodeHandler] INFO  pipeline.BackgroundPipelineCreator (BackgroundPipelineCreator.java:notifyEventTriggered(280)) - trigger a one-shot run on RatisPipelineUtilsThread.
2024-04-28 12:45:28,048 [EventQueue-NodeRegistrationContainerReportForDataNodeSafeModeRule] INFO  safemode.SCMSafeModeManager (DataNodeSafeModeRule.java:process(71)) - SCM in safe mode. 3 DataNodes registered, 3 required.
2024-04-28 12:45:28,048 [EventQueue-NodeRegistrationContainerReportForDataNodeSafeModeRule] INFO  safemode.SCMSafeModeManager (SCMSafeModeManager.java:validateSafeModeExitRules(203)) - DataNodeSafeModeRule rule is successfully validated
2024-04-28 12:45:28,048 [EventQueue-NodeRegistrationContainerReportForDataNodeSafeModeRule] INFO  safemode.SCMSafeModeManager (SCMSafeModeManager.java:completePreCheck(232)) - All SCM safe mode pre check rules have passed
2024-04-28 12:45:28,048 [EventQueue-NodeRegistrationContainerReportForDataNodeSafeModeRule] INFO  ha.SCMContext (SCMContext.java:updateSafeModeStatus(225)) - Update SafeModeStatus from SafeModeStatus{safeModeStatus=true, preCheckPassed=false} to SafeModeStatus{safeModeStatus=true, preCheckPassed=true}.
2024-04-28 12:45:28,048 [EventQueue-NodeRegistrationContainerReportForDataNodeSafeModeRule] INFO  pipeline.BackgroundPipelineCreator (BackgroundPipelineCreator.java:notifyEventTriggered(280)) - trigger a one-shot run on RatisPipelineUtilsThread.
2024-04-28 12:45:28,048 [RatisPipelineUtilsThread-0] INFO  pipeline.RatisPipelineProvider (RatisPipelineProvider.java:lambda$create$0(205)) - Sending CreatePipelineCommand for pipeline:PipelineID=64b0a97b-a6e7-4830-a5c9-47b5c917755e to datanode:81492a0b-8554-4d1c-9efe-d356d82cfcc4
2024-04-28 12:45:28,049 [RatisPipelineUtilsThread-0] INFO  pipeline.BackgroundPipelineCreator (BackgroundPipelineCreator.java:createPipelines(236)) - Created new pipeline Pipeline[ Id: 64b0a97b-a6e7-4830-a5c9-47b5c917755e, Nodes: 81492a0b-8554-4d1c-9efe-d356d82cfcc4(localhost/127.0.0.1), ReplicationConfig: RATIS/ONE, State:ALLOCATED, leaderId:, CreationTimestamp2024-04-28T12:45:28.048479791Z[Etc/UTC]]
2024-04-28 12:45:28,049 [RatisPipelineUtilsThread-0] INFO  pipeline.RatisPipelineProvider (RatisPipelineProvider.java:lambda$create$0(205)) - Sending CreatePipelineCommand for pipeline:PipelineID=e6266c66-032f-47d0-be92-95d7ce87cc4e to datanode:81492a0b-8554-4d1c-9efe-d356d82cfcc4
2024-04-28 12:45:28,049 [RatisPipelineUtilsThread-0] INFO  pipeline.RatisPipelineProvider (RatisPipelineProvider.java:lambda$create$0(205)) - Sending CreatePipelineCommand for pipeline:PipelineID=e6266c66-032f-47d0-be92-95d7ce87cc4e to datanode:09d2ac22-859d-47ff-b3c3-58a3590cb163
2024-04-28 12:45:28,049 [RatisPipelineUtilsThread-0] INFO  pipeline.RatisPipelineProvider (RatisPipelineProvider.java:lambda$create$0(205)) - Sending CreatePipelineCommand for pipeline:PipelineID=e6266c66-032f-47d0-be92-95d7ce87cc4e to datanode:a004c341-03e6-4aa5-a556-61598c35a019
2024-04-28 12:45:28,049 [RatisPipelineUtilsThread-0] INFO  pipeline.BackgroundPipelineCreator (BackgroundPipelineCreator.java:createPipelines(236)) - Created new pipeline Pipeline[ Id: e6266c66-032f-47d0-be92-95d7ce87cc4e, Nodes: 81492a0b-8554-4d1c-9efe-d356d82cfcc4(localhost/127.0.0.1)09d2ac22-859d-47ff-b3c3-58a3590cb163(localhost/127.0.0.1)a004c341-03e6-4aa5-a556-61598c35a019(localhost/127.0.0.1), ReplicationConfig: RATIS/THREE, State:ALLOCATED, leaderId:, CreationTimestamp2024-04-28T12:45:28.049431914Z[Etc/UTC]]
2024-04-28 12:45:28,108 [IPC Server handler 3 on default port 15358] INFO  net.NetworkTopologyImpl (NetworkTopologyImpl.java:add(134)) - Added a new node: /default-rack/1fd4d212-c4d2-4c1d-a58c-62e98a4efa8c
2024-04-28 12:45:28,109 [IPC Server handler 3 on default port 15358] INFO  node.SCMNodeManager (SCMNodeManager.java:register(421)) - Registered datanode: 1fd4d212-c4d2-4c1d-a58c-62e98a4efa8c{ip: 127.0.0.1, host: localhost, ports: [HTTP=15392, CLIENT_RPC=15393, REPLICATION=15399, RATIS=15395, RATIS_ADMIN=15396, RATIS_SERVER=15397, RATIS_DATASTREAM=15398, STANDALONE=15394], networkLocation: /default-rack, certSerialId: null, persistedOpState: null, persistedOpStateExpiryEpochSec: 0}
2024-04-28 12:45:28,109 [EventQueue-NewNodeForNewNodeHandler] INFO  pipeline.BackgroundPipelineCreator (BackgroundPipelineCreator.java:notifyEventTriggered(280)) - trigger a one-shot run on RatisPipelineUtilsThread.
2024-04-28 12:45:28,109 [RatisPipelineUtilsThread-0] INFO  pipeline.RatisPipelineProvider (RatisPipelineProvider.java:lambda$create$0(205)) - Sending CreatePipelineCommand for pipeline:PipelineID=846b1a75-8a91-4211-8506-8a4e9b3c4a03 to datanode:1fd4d212-c4d2-4c1d-a58c-62e98a4efa8c
2024-04-28 12:45:28,110 [RatisPipelineUtilsThread-0] INFO  pipeline.BackgroundPipelineCreator (BackgroundPipelineCreator.java:createPipelines(236)) - Created new pipeline Pipeline[ Id: 846b1a75-8a91-4211-8506-8a4e9b3c4a03, Nodes: 1fd4d212-c4d2-4c1d-a58c-62e98a4efa8c(localhost/127.0.0.1), ReplicationConfig: RATIS/ONE, State:ALLOCATED, leaderId:, CreationTimestamp2024-04-28T12:45:28.109687050Z[Etc/UTC]]
2024-04-28 12:45:28,175 [IPC Server handler 4 on default port 15358] INFO  net.NetworkTopologyImpl (NetworkTopologyImpl.java:add(134)) - Added a new node: /default-rack/d1684581-678b-458f-8382-390a387eba93
2024-04-28 12:45:28,175 [IPC Server handler 4 on default port 15358] INFO  node.SCMNodeManager (SCMNodeManager.java:register(421)) - Registered datanode: d1684581-678b-458f-8382-390a387eba93{ip: 127.0.0.1, host: localhost, ports: [HTTP=15401, CLIENT_RPC=15402, REPLICATION=15408, RATIS=15404, RATIS_ADMIN=15405, RATIS_SERVER=15406, RATIS_DATASTREAM=15407, STANDALONE=15403], networkLocation: /default-rack, certSerialId: null, persistedOpState: null, persistedOpStateExpiryEpochSec: 0}
2024-04-28 12:45:28,175 [EventQueue-NewNodeForNewNodeHandler] INFO  pipeline.BackgroundPipelineCreator (BackgroundPipelineCreator.java:notifyEventTriggered(280)) - trigger a one-shot run on RatisPipelineUtilsThread.
2024-04-28 12:45:28,176 [RatisPipelineUtilsThread-0] INFO  pipeline.RatisPipelineProvider (RatisPipelineProvider.java:lambda$create$0(205)) - Sending CreatePipelineCommand for pipeline:PipelineID=c342a021-063b-4081-b263-fbb08e98b0f2 to datanode:d1684581-678b-458f-8382-390a387eba93
2024-04-28 12:45:28,176 [RatisPipelineUtilsThread-0] INFO  pipeline.BackgroundPipelineCreator (BackgroundPipelineCreator.java:createPipelines(236)) - Created new pipeline Pipeline[ Id: c342a021-063b-4081-b263-fbb08e98b0f2, Nodes: d1684581-678b-458f-8382-390a387eba93(localhost/127.0.0.1), ReplicationConfig: RATIS/ONE, State:ALLOCATED, leaderId:, CreationTimestamp2024-04-28T12:45:28.176148408Z[Etc/UTC]]
2024-04-28 12:45:28,226 [IPC Server handler 5 on default port 15358] INFO  net.NetworkTopologyImpl (NetworkTopologyImpl.java:add(134)) - Added a new node: /default-rack/7957f999-cc51-45d8-add6-1ece72fbce78
2024-04-28 12:45:28,227 [IPC Server handler 5 on default port 15358] INFO  node.SCMNodeManager (SCMNodeManager.java:register(421)) - Registered datanode: 7957f999-cc51-45d8-add6-1ece72fbce78{ip: 127.0.0.1, host: localhost, ports: [HTTP=15410, CLIENT_RPC=15411, REPLICATION=15417, RATIS=15413, RATIS_ADMIN=15414, RATIS_SERVER=15415, RATIS_DATASTREAM=15416, STANDALONE=15412], networkLocation: /default-rack, certSerialId: null, persistedOpState: null, persistedOpStateExpiryEpochSec: 0}
2024-04-28 12:45:28,227 [EventQueue-NewNodeForNewNodeHandler] INFO  pipeline.BackgroundPipelineCreator (BackgroundPipelineCreator.java:notifyEventTriggered(280)) - trigger a one-shot run on RatisPipelineUtilsThread.
2024-04-28 12:45:28,227 [RatisPipelineUtilsThread-0] INFO  pipeline.RatisPipelineProvider (RatisPipelineProvider.java:lambda$create$0(205)) - Sending CreatePipelineCommand for pipeline:PipelineID=fe74fed4-f40e-4865-beb2-927c74d92fbf to datanode:7957f999-cc51-45d8-add6-1ece72fbce78
2024-04-28 12:45:28,228 [RatisPipelineUtilsThread-0] INFO  pipeline.BackgroundPipelineCreator (BackgroundPipelineCreator.java:createPipelines(236)) - Created new pipeline Pipeline[ Id: fe74fed4-f40e-4865-beb2-927c74d92fbf, Nodes: 7957f999-cc51-45d8-add6-1ece72fbce78(localhost/127.0.0.1), ReplicationConfig: RATIS/ONE, State:ALLOCATED, leaderId:, CreationTimestamp2024-04-28T12:45:28.227734047Z[Etc/UTC]]
2024-04-28 12:45:28,228 [RatisPipelineUtilsThread-0] INFO  pipeline.RatisPipelineProvider (RatisPipelineProvider.java:lambda$create$0(205)) - Sending CreatePipelineCommand for pipeline:PipelineID=a1340ccb-ef00-4572-a36a-7dbf24b1a174 to datanode:7957f999-cc51-45d8-add6-1ece72fbce78
2024-04-28 12:45:28,228 [RatisPipelineUtilsThread-0] INFO  pipeline.RatisPipelineProvider (RatisPipelineProvider.java:lambda$create$0(205)) - Sending CreatePipelineCommand for pipeline:PipelineID=a1340ccb-ef00-4572-a36a-7dbf24b1a174 to datanode:d1684581-678b-458f-8382-390a387eba93
2024-04-28 12:45:28,228 [RatisPipelineUtilsThread-0] INFO  pipeline.RatisPipelineProvider (RatisPipelineProvider.java:lambda$create$0(205)) - Sending CreatePipelineCommand for pipeline:PipelineID=a1340ccb-ef00-4572-a36a-7dbf24b1a174 to datanode:1fd4d212-c4d2-4c1d-a58c-62e98a4efa8c
2024-04-28 12:45:28,229 [RatisPipelineUtilsThread-0] INFO  pipeline.BackgroundPipelineCreator (BackgroundPipelineCreator.java:createPipelines(236)) - Created new pipeline Pipeline[ Id: a1340ccb-ef00-4572-a36a-7dbf24b1a174, Nodes: 7957f999-cc51-45d8-add6-1ece72fbce78(localhost/127.0.0.1)d1684581-678b-458f-8382-390a387eba93(localhost/127.0.0.1)1fd4d212-c4d2-4c1d-a58c-62e98a4efa8c(localhost/127.0.0.1), ReplicationConfig: RATIS/THREE, State:ALLOCATED, leaderId:, CreationTimestamp2024-04-28T12:45:28.228555475Z[Etc/UTC]]
2024-04-28 12:45:28,278 [IPC Server handler 6 on default port 15358] INFO  net.NetworkTopologyImpl (NetworkTopologyImpl.java:add(134)) - Added a new node: /default-rack/2888e557-450c-42c6-ab50-0bca692fd7ac
2024-04-28 12:45:28,278 [IPC Server handler 6 on default port 15358] INFO  node.SCMNodeManager (SCMNodeManager.java:register(421)) - Registered datanode: 2888e557-450c-42c6-ab50-0bca692fd7ac{ip: 127.0.0.1, host: localhost, ports: [HTTP=15419, CLIENT_RPC=15420, REPLICATION=15426, RATIS=15422, RATIS_ADMIN=15423, RATIS_SERVER=15424, RATIS_DATASTREAM=15425, STANDALONE=15421], networkLocation: /default-rack, certSerialId: null, persistedOpState: null, persistedOpStateExpiryEpochSec: 0}
2024-04-28 12:45:28,278 [EventQueue-NewNodeForNewNodeHandler] INFO  pipeline.BackgroundPipelineCreator (BackgroundPipelineCreator.java:notifyEventTriggered(280)) - trigger a one-shot run on RatisPipelineUtilsThread.
2024-04-28 12:45:28,278 [RatisPipelineUtilsThread-0] INFO  pipeline.RatisPipelineProvider (RatisPipelineProvider.java:lambda$create$0(205)) - Sending CreatePipelineCommand for pipeline:PipelineID=ede2988e-9327-41a4-aa88-3532d1e24a91 to datanode:2888e557-450c-42c6-ab50-0bca692fd7ac
2024-04-28 12:45:28,279 [RatisPipelineUtilsThread-0] INFO  pipeline.BackgroundPipelineCreator (BackgroundPipelineCreator.java:createPipelines(236)) - Created new pipeline Pipeline[ Id: ede2988e-9327-41a4-aa88-3532d1e24a91, Nodes: 2888e557-450c-42c6-ab50-0bca692fd7ac(localhost/127.0.0.1), ReplicationConfig: RATIS/ONE, State:ALLOCATED, leaderId:, CreationTimestamp2024-04-28T12:45:28.278938452Z[Etc/UTC]]
2024-04-28 12:45:28,328 [IPC Server handler 7 on default port 15358] INFO  net.NetworkTopologyImpl (NetworkTopologyImpl.java:add(134)) - Added a new node: /default-rack/a03ae040-0cc1-4c22-85ff-5ac1eba35bae
2024-04-28 12:45:28,328 [IPC Server handler 7 on default port 15358] INFO  node.SCMNodeManager (SCMNodeManager.java:register(421)) - Registered datanode: a03ae040-0cc1-4c22-85ff-5ac1eba35bae{ip: 127.0.0.1, host: localhost, ports: [HTTP=15428, CLIENT_RPC=15429, REPLICATION=15435, RATIS=15431, RATIS_ADMIN=15432, RATIS_SERVER=15433, RATIS_DATASTREAM=15434, STANDALONE=15430], networkLocation: /default-rack, certSerialId: null, persistedOpState: null, persistedOpStateExpiryEpochSec: 0}
2024-04-28 12:45:28,328 [EventQueue-NewNodeForNewNodeHandler] INFO  pipeline.BackgroundPipelineCreator (BackgroundPipelineCreator.java:notifyEventTriggered(280)) - trigger a one-shot run on RatisPipelineUtilsThread.
2024-04-28 12:45:28,328 [RatisPipelineUtilsThread-0] INFO  pipeline.RatisPipelineProvider (RatisPipelineProvider.java:lambda$create$0(205)) - Sending CreatePipelineCommand for pipeline:PipelineID=c98f2ed8-f4e8-4981-8642-b83ba2c23833 to datanode:a03ae040-0cc1-4c22-85ff-5ac1eba35bae
2024-04-28 12:45:28,329 [RatisPipelineUtilsThread-0] INFO  pipeline.BackgroundPipelineCreator (BackgroundPipelineCreator.java:createPipelines(236)) - Created new pipeline Pipeline[ Id: c98f2ed8-f4e8-4981-8642-b83ba2c23833, Nodes: a03ae040-0cc1-4c22-85ff-5ac1eba35bae(localhost/127.0.0.1), ReplicationConfig: RATIS/ONE, State:ALLOCATED, leaderId:, CreationTimestamp2024-04-28T12:45:28.328835113Z[Etc/UTC]]
2024-04-28 12:45:28,371 [IPC Server handler 8 on default port 15358] INFO  net.NetworkTopologyImpl (NetworkTopologyImpl.java:add(134)) - Added a new node: /default-rack/5986eb43-6756-4d1a-9985-b2bcfc70d88f
2024-04-28 12:45:28,371 [IPC Server handler 8 on default port 15358] INFO  node.SCMNodeManager (SCMNodeManager.java:register(421)) - Registered datanode: 5986eb43-6756-4d1a-9985-b2bcfc70d88f{ip: 127.0.0.1, host: localhost, ports: [HTTP=15437, CLIENT_RPC=15438, REPLICATION=15444, RATIS=15440, RATIS_ADMIN=15441, RATIS_SERVER=15442, RATIS_DATASTREAM=15443, STANDALONE=15439], networkLocation: /default-rack, certSerialId: null, persistedOpState: null, persistedOpStateExpiryEpochSec: 0}
2024-04-28 12:45:28,371 [EventQueue-NewNodeForNewNodeHandler] INFO  pipeline.BackgroundPipelineCreator (BackgroundPipelineCreator.java:notifyEventTriggered(280)) - trigger a one-shot run on RatisPipelineUtilsThread.
2024-04-28 12:45:28,371 [RatisPipelineUtilsThread-0] INFO  pipeline.RatisPipelineProvider (RatisPipelineProvider.java:lambda$create$0(205)) - Sending CreatePipelineCommand for pipeline:PipelineID=a99b7c0d-75e3-40d5-88c3-a5936114c7e8 to datanode:5986eb43-6756-4d1a-9985-b2bcfc70d88f
2024-04-28 12:45:28,372 [RatisPipelineUtilsThread-0] INFO  pipeline.BackgroundPipelineCreator (BackgroundPipelineCreator.java:createPipelines(236)) - Created new pipeline Pipeline[ Id: a99b7c0d-75e3-40d5-88c3-a5936114c7e8, Nodes: 5986eb43-6756-4d1a-9985-b2bcfc70d88f(localhost/127.0.0.1), ReplicationConfig: RATIS/ONE, State:ALLOCATED, leaderId:, CreationTimestamp2024-04-28T12:45:28.371746855Z[Etc/UTC]]
2024-04-28 12:45:28,372 [main] INFO  ozone.MiniOzoneClusterImpl (MiniOzoneClusterImpl.java:lambda$waitForClusterToBeReady$0(194)) - Nodes are ready. Got 9 of 9 DN Heartbeats.
2024-04-28 12:45:28,372 [main] INFO  ozone.MiniOzoneClusterImpl (MiniOzoneClusterImpl.java:lambda$waitForClusterToBeReady$0(197)) - Waiting for cluster to exit safe mode
2024-04-28 12:45:28,372 [main] INFO  ozone.MiniOzoneClusterImpl (MiniOzoneClusterImpl.java:lambda$waitForClusterToBeReady$0(199)) - SCM became leader
2024-04-28 12:45:28,372 [RatisPipelineUtilsThread-0] INFO  pipeline.RatisPipelineProvider (RatisPipelineProvider.java:lambda$create$0(205)) - Sending CreatePipelineCommand for pipeline:PipelineID=7bd19e24-d539-410e-99a1-940108511468 to datanode:5986eb43-6756-4d1a-9985-b2bcfc70d88f
2024-04-28 12:45:28,373 [RatisPipelineUtilsThread-0] INFO  pipeline.RatisPipelineProvider (RatisPipelineProvider.java:lambda$create$0(205)) - Sending CreatePipelineCommand for pipeline:PipelineID=7bd19e24-d539-410e-99a1-940108511468 to datanode:a03ae040-0cc1-4c22-85ff-5ac1eba35bae
2024-04-28 12:45:28,373 [RatisPipelineUtilsThread-0] INFO  pipeline.RatisPipelineProvider (RatisPipelineProvider.java:lambda$create$0(205)) - Sending CreatePipelineCommand for pipeline:PipelineID=7bd19e24-d539-410e-99a1-940108511468 to datanode:2888e557-450c-42c6-ab50-0bca692fd7ac
2024-04-28 12:45:28,373 [RatisPipelineUtilsThread-0] INFO  pipeline.BackgroundPipelineCreator (BackgroundPipelineCreator.java:createPipelines(236)) - Created new pipeline Pipeline[ Id: 7bd19e24-d539-410e-99a1-940108511468, Nodes: 5986eb43-6756-4d1a-9985-b2bcfc70d88f(localhost/127.0.0.1)a03ae040-0cc1-4c22-85ff-5ac1eba35bae(localhost/127.0.0.1)2888e557-450c-42c6-ab50-0bca692fd7ac(localhost/127.0.0.1), ReplicationConfig: RATIS/THREE, State:ALLOCATED, leaderId:, CreationTimestamp2024-04-28T12:45:28.372617525Z[Etc/UTC]]
2024-04-28 12:45:29,372 [main] INFO  ozone.MiniOzoneClusterImpl (MiniOzoneClusterImpl.java:lambda$waitForClusterToBeReady$0(194)) - Nodes are ready. Got 9 of 9 DN Heartbeats.
2024-04-28 12:45:29,373 [main] INFO  ozone.MiniOzoneClusterImpl (MiniOzoneClusterImpl.java:lambda$waitForClusterToBeReady$0(197)) - Waiting for cluster to exit safe mode
2024-04-28 12:45:29,373 [main] INFO  ozone.MiniOzoneClusterImpl (MiniOzoneClusterImpl.java:lambda$waitForClusterToBeReady$0(199)) - SCM became leader
2024-04-28 12:45:30,373 [main] INFO  ozone.MiniOzoneClusterImpl (MiniOzoneClusterImpl.java:lambda$waitForClusterToBeReady$0(194)) - Nodes are ready. Got 9 of 9 DN Heartbeats.
2024-04-28 12:45:30,373 [main] INFO  ozone.MiniOzoneClusterImpl (MiniOzoneClusterImpl.java:lambda$waitForClusterToBeReady$0(197)) - Waiting for cluster to exit safe mode
2024-04-28 12:45:30,373 [main] INFO  ozone.MiniOzoneClusterImpl (MiniOzoneClusterImpl.java:lambda$waitForClusterToBeReady$0(199)) - SCM became leader
2024-04-28 12:45:30,935 [09d2ac22-859d-47ff-b3c3-58a3590cb163-PipelineCommandHandlerThread-0] INFO  server.RaftServer (RaftServerProxy.java:addNew(100)) - 09d2ac22-859d-47ff-b3c3-58a3590cb163: addNew group-4114A5ED2105:[09d2ac22-859d-47ff-b3c3-58a3590cb163|127.0.0.1:15370] returns group-4114A5ED2105:java.util.concurrent.CompletableFuture@1ffa9085[Not completed]
2024-04-28 12:45:30,936 [09d2ac22-859d-47ff-b3c3-58a3590cb163-groupManagement] INFO  server.RaftServer$Division (RaftServerImpl.java:<init>(256)) - 09d2ac22-859d-47ff-b3c3-58a3590cb163: new RaftServerImpl for group-4114A5ED2105:[09d2ac22-859d-47ff-b3c3-58a3590cb163|127.0.0.1:15370] with ContainerStateMachine:uninitialized
2024-04-28 12:45:30,936 [09d2ac22-859d-47ff-b3c3-58a3590cb163-groupManagement] INFO  server.RaftServerConfigKeys (ConfUtils.java:logGet(46)) - raft.server.rpc.timeout.min = 5s (custom)
2024-04-28 12:45:30,936 [09d2ac22-859d-47ff-b3c3-58a3590cb163-groupManagement] INFO  server.RaftServerConfigKeys (ConfUtils.java:logGet(46)) - raft.server.rpc.timeout.max = 5200ms (custom)
2024-04-28 12:45:30,936 [09d2ac22-859d-47ff-b3c3-58a3590cb163-groupManagement] INFO  server.RaftServerConfigKeys (ConfUtils.java:logGet(46)) - raft.server.rpc.sleep.time = 25ms (default)
2024-04-28 12:45:30,936 [09d2ac22-859d-47ff-b3c3-58a3590cb163-groupManagement] INFO  server.RaftServerConfigKeys (ConfUtils.java:logGet(46)) - raft.server.rpc.slowness.timeout = 300000ms (custom)
2024-04-28 12:45:30,936 [09d2ac22-859d-47ff-b3c3-58a3590cb163-groupManagement] INFO  server.RaftServerConfigKeys (ConfUtils.java:logGet(46)) - raft.server.leaderelection.leader.step-down.wait-time = 10s (default)
2024-04-28 12:45:30,936 [09d2ac22-859d-47ff-b3c3-58a3590cb163-groupManagement] INFO  server.RaftServerConfigKeys (ConfUtils.java:logGet(46)) - raft.server.leaderelection.member.majority-add = false (default)
2024-04-28 12:45:30,936 [09d2ac22-859d-47ff-b3c3-58a3590cb163-groupManagement] INFO  server.RaftServerConfigKeys (ConfUtils.java:logGet(46)) - raft.server.sleep.deviation.threshold = 300ms (default)
2024-04-28 12:45:30,937 [09d2ac22-859d-47ff-b3c3-58a3590cb163-groupManagement] INFO  server.RaftServer$Division (ServerState.java:<init>(113)) - 09d2ac22-859d-47ff-b3c3-58a3590cb163@group-4114A5ED2105: ConfigurationManager, init=-1: peers:[09d2ac22-859d-47ff-b3c3-58a3590cb163|127.0.0.1:15370]|listeners:[], old=null, confs=<EMPTY_MAP>
2024-04-28 12:45:30,937 [09d2ac22-859d-47ff-b3c3-58a3590cb163-groupManagement] INFO  server.RaftServerConfigKeys (ConfUtils.java:logGet(46)) - raft.server.notification.no-leader.timeout = 300000ms (custom)
2024-04-28 12:45:30,937 [09d2ac22-859d-47ff-b3c3-58a3590cb163-groupManagement] INFO  server.RaftServerConfigKeys (ConfUtils.java:logGet(46)) - raft.server.read.timeout = 10s (default)
2024-04-28 12:45:30,937 [09d2ac22-859d-47ff-b3c3-58a3590cb163-groupManagement] INFO  server.RaftServerConfigKeys (ConfUtils.java:logGet(46)) - raft.server.retrycache.expirytime = 600000ms (custom)
2024-04-28 12:45:30,937 [09d2ac22-859d-47ff-b3c3-58a3590cb163-groupManagement] INFO  server.RaftServerConfigKeys (ConfUtils.java:logGet(46)) - raft.server.retrycache.statistics.expirytime = 100ms (default)
2024-04-28 12:45:30,937 [09d2ac22-859d-47ff-b3c3-58a3590cb163-groupManagement] INFO  server.RaftServerConfigKeys (ConfUtils.java:logGet(46)) - raft.server.read.option = DEFAULT (default)
2024-04-28 12:45:30,937 [09d2ac22-859d-47ff-b3c3-58a3590cb163-groupManagement] INFO  server.RaftServerConfigKeys (ConfUtils.java:logGet(46)) - raft.server.read.read-after-write-consistent.write-index-cache.expiry-time = 60s (default)
2024-04-28 12:45:30,940 [09d2ac22-859d-47ff-b3c3-58a3590cb163-groupManagement] INFO  server.RaftServerConfigKeys (ConfUtils.java:logGet(46)) - raft.server.rpc.request.timeout = 3000ms (default)
2024-04-28 12:45:30,940 [09d2ac22-859d-47ff-b3c3-58a3590cb163-groupManagement] INFO  server.RaftServerConfigKeys (ConfUtils.java:logGet(46)) - raft.server.log.appender.install.snapshot.enabled = false (custom)
2024-04-28 12:45:30,941 [09d2ac22-859d-47ff-b3c3-58a3590cb163-groupManagement] INFO  server.RaftServerConfigKeys (ConfUtils.java:logGet(46)) - raft.server.threadpool.server.cached = true (default)
2024-04-28 12:45:30,941 [09d2ac22-859d-47ff-b3c3-58a3590cb163-groupManagement] INFO  server.RaftServerConfigKeys (ConfUtils.java:logGet(46)) - raft.server.threadpool.server.size = 0 (default)
2024-04-28 12:45:30,941 [09d2ac22-859d-47ff-b3c3-58a3590cb163-groupManagement] INFO  server.RaftServerConfigKeys (ConfUtils.java:logGet(46)) - raft.server.threadpool.client.cached = true (default)
2024-04-28 12:45:30,941 [09d2ac22-859d-47ff-b3c3-58a3590cb163-groupManagement] INFO  server.RaftServerConfigKeys (ConfUtils.java:logGet(46)) - raft.server.threadpool.client.size = 0 (default)
2024-04-28 12:45:30,941 [09d2ac22-859d-47ff-b3c3-58a3590cb163-groupManagement] INFO  server.RaftServerConfigKeys (ConfUtils.java:logGet(46)) - raft.server.storage.free-space.min = 0MB (=0) (default)
2024-04-28 12:45:30,941 [09d2ac22-859d-47ff-b3c3-58a3590cb163-groupManagement] INFO  server.RaftServerConfigKeys (ConfUtils.java:logGet(46)) - raft.server.log.corruption.policy = EXCEPTION (default)
2024-04-28 12:45:30,941 [09d2ac22-859d-47ff-b3c3-58a3590cb163-groupManagement] INFO  server.RaftServerConfigKeys (ConfUtils.java:logGet(46)) - raft.server.storage.dir = [/home/runner/work/ozone/ozone/hadoop-ozone/integration-test/target/test-dir/MiniOzoneClusterImpl-4444f751-856d-4595-ad15-e87fc76049bc/ozone-meta/datanode-1/ratis] (custom)
2024-04-28 12:45:30,941 [09d2ac22-859d-47ff-b3c3-58a3590cb163-groupManagement] INFO  storage.RaftStorageDirectory (RaftStorageDirectoryImpl.java:analyzeStorage(138)) - The storage directory /home/runner/work/ozone/ozone/hadoop-ozone/integration-test/target/test-dir/MiniOzoneClusterImpl-4444f751-856d-4595-ad15-e87fc76049bc/ozone-meta/datanode-1/ratis/0ae87b44-efc3-478e-99a5-4114a5ed2105 does not exist. Creating ...
2024-04-28 12:45:30,942 [09d2ac22-859d-47ff-b3c3-58a3590cb163-groupManagement] INFO  storage.RaftStorageDirectory (RaftStorageDirectoryImpl.java:tryLock(228)) - Lock on /home/runner/work/ozone/ozone/hadoop-ozone/integration-test/target/test-dir/MiniOzoneClusterImpl-4444f751-856d-4595-ad15-e87fc76049bc/ozone-meta/datanode-1/ratis/0ae87b44-efc3-478e-99a5-4114a5ed2105/in_use.lock acquired by nodename 21404@fv-az1392-52
2024-04-28 12:45:30,943 [09d2ac22-859d-47ff-b3c3-58a3590cb163-groupManagement] INFO  storage.RaftStorage (RaftStorageImpl.java:format(99)) - Storage directory /home/runner/work/ozone/ozone/hadoop-ozone/integration-test/target/test-dir/MiniOzoneClusterImpl-4444f751-856d-4595-ad15-e87fc76049bc/ozone-meta/datanode-1/ratis/0ae87b44-efc3-478e-99a5-4114a5ed2105 has been successfully formatted.
2024-04-28 12:45:30,943 [09d2ac22-859d-47ff-b3c3-58a3590cb163-groupManagement] WARN  util.FileUtils (LogUtils.java:supplyAndLog(63)) - Failed to Files.newInputStream /home/runner/work/ozone/ozone/hadoop-ozone/integration-test/target/test-dir/MiniOzoneClusterImpl-4444f751-856d-4595-ad15-e87fc76049bc/ozone-meta/datanode-1/ratis/0ae87b44-efc3-478e-99a5-4114a5ed2105/current/raft-meta.conf with options []: java.nio.file.NoSuchFileException: /home/runner/work/ozone/ozone/hadoop-ozone/integration-test/target/test-dir/MiniOzoneClusterImpl-4444f751-856d-4595-ad15-e87fc76049bc/ozone-meta/datanode-1/ratis/0ae87b44-efc3-478e-99a5-4114a5ed2105/current/raft-meta.conf
2024-04-28 12:45:30,944 [09d2ac22-859d-47ff-b3c3-58a3590cb163-groupManagement] INFO  ratis.ContainerStateMachine (ContainerStateMachine.java:loadSnapshot(287)) - group-4114A5ED2105: The snapshot info is null. Setting the last applied index to:(t:0, i:~)
2024-04-28 12:45:30,944 [09d2ac22-859d-47ff-b3c3-58a3590cb163-groupManagement] INFO  server.RaftServerConfigKeys (ConfUtils.java:logGet(46)) - raft.server.log.use.memory = false (default)
2024-04-28 12:45:30,944 [09d2ac22-859d-47ff-b3c3-58a3590cb163-groupManagement] INFO  server.RaftServerConfigKeys (ConfUtils.java:logGet(46)) - raft.server.log.purge.gap = 1000000 (custom)
2024-04-28 12:45:30,944 [09d2ac22-859d-47ff-b3c3-58a3590cb163-groupManagement] INFO  server.RaftServerConfigKeys (ConfUtils.java:logGet(46)) - raft.server.log.appender.buffer.byte-limit = 8388608 (custom)
2024-04-28 12:45:30,945 [09d2ac22-859d-47ff-b3c3-58a3590cb163-groupManagement] INFO  server.RaftServerConfigKeys (ConfUtils.java:logGet(46)) - raft.server.log.statemachine.data.read.timeout = 1000ms (default)
2024-04-28 12:45:30,945 [09d2ac22-859d-47ff-b3c3-58a3590cb163-groupManagement] INFO  server.RaftServerConfigKeys (ConfUtils.java:logGet(46)) - raft.server.log.purge.preservation.log.num = 0 (default)
2024-04-28 12:45:30,945 [EventQueue-PipelineReportForPipelineReportHandler] INFO  pipeline.PipelineReportHandler (PipelineReportHandler.java:processPipelineReport(136)) - Opened pipeline PipelineID=0ae87b44-efc3-478e-99a5-4114a5ed2105
2024-04-28 12:45:30,945 [EventQueue-OpenPipelineForHealthyPipelineSafeModeRule] INFO  safemode.SCMSafeModeManager (HealthyPipelineSafeModeRule.java:process(140)) - SCM in safe mode. Healthy pipelines reported count is 0, required healthy pipeline reported count is 1
2024-04-28 12:45:30,946 [09d2ac22-859d-47ff-b3c3-58a3590cb163-groupManagement] INFO  server.RaftServerConfigKeys (ConfUtils.java:logGet(46)) - raft.server.log.segment.size.max = 67108864 (custom)
2024-04-28 12:45:30,947 [09d2ac22-859d-47ff-b3c3-58a3590cb163-groupManagement] INFO  server.RaftServerConfigKeys (ConfUtils.java:logGet(46)) - raft.server.log.segment.cache.num.max = 2 (custom)
2024-04-28 12:45:30,947 [09d2ac22-859d-47ff-b3c3-58a3590cb163-groupManagement] INFO  server.RaftServerConfigKeys (ConfUtils.java:logGet(46)) - raft.server.log.segment.cache.size.max = 200MB (=209715200) (default)
2024-04-28 12:45:30,947 [09d2ac22-859d-47ff-b3c3-58a3590cb163-groupManagement] INFO  server.RaftServerConfigKeys (ConfUtils.java:logGet(46)) - raft.server.log.appender.buffer.byte-limit = 8388608 (custom)
2024-04-28 12:45:30,947 [09d2ac22-859d-47ff-b3c3-58a3590cb163-groupManagement] INFO  util.AwaitToRun (AwaitToRun.java:start(81)) - Thread[09d2ac22-859d-47ff-b3c3-58a3590cb163@group-4114A5ED2105-cacheEviction-AwaitToRun,5,main] started
2024-04-28 12:45:30,947 [09d2ac22-859d-47ff-b3c3-58a3590cb163-groupManagement] INFO  segmented.SegmentedRaftLogWorker (SegmentedRaftLogWorker.java:<init>(182)) - new 09d2ac22-859d-47ff-b3c3-58a3590cb163@group-4114A5ED2105-SegmentedRaftLogWorker for RaftStorageImpl:Storage Directory /home/runner/work/ozone/ozone/hadoop-ozone/integration-test/target/test-dir/MiniOzoneClusterImpl-4444f751-856d-4595-ad15-e87fc76049bc/ozone-meta/datanode-1/ratis/0ae87b44-efc3-478e-99a5-4114a5ed2105
2024-04-28 12:45:30,947 [09d2ac22-859d-47ff-b3c3-58a3590cb163-groupManagement] INFO  server.RaftServerConfigKeys (ConfUtils.java:logGet(46)) - raft.server.log.queue.byte-limit = 4294967296 (custom)
2024-04-28 12:45:30,947 [09d2ac22-859d-47ff-b3c3-58a3590cb163-groupManagement] INFO  server.RaftServerConfigKeys (ConfUtils.java:logGet(46)) - raft.server.log.queue.element-limit = 1024 (custom)
2024-04-28 12:45:30,947 [09d2ac22-859d-47ff-b3c3-58a3590cb163-groupManagement] INFO  server.RaftServerConfigKeys (ConfUtils.java:logGet(46)) - raft.server.log.segment.size.max = 67108864 (custom)
2024-04-28 12:45:30,947 [09d2ac22-859d-47ff-b3c3-58a3590cb163-groupManagement] INFO  server.RaftServerConfigKeys (ConfUtils.java:logGet(46)) - raft.server.log.preallocated.size = 4194304 (custom)
2024-04-28 12:45:30,947 [09d2ac22-859d-47ff-b3c3-58a3590cb163-groupManagement] INFO  server.RaftServerConfigKeys (ConfUtils.java:logGet(46)) - raft.server.log.force.sync.num = 128 (default)
2024-04-28 12:45:30,947 [09d2ac22-859d-47ff-b3c3-58a3590cb163-groupManagement] INFO  server.RaftServerConfigKeys (ConfUtils.java:logGet(46)) - raft.server.log.statemachine.data.sync = true (default)
2024-04-28 12:45:30,947 [09d2ac22-859d-47ff-b3c3-58a3590cb163-groupManagement] INFO  server.RaftServerConfigKeys (ConfUtils.java:logGet(46)) - raft.server.log.statemachine.data.sync.timeout = 10s (default)
2024-04-28 12:45:30,947 [09d2ac22-859d-47ff-b3c3-58a3590cb163-groupManagement] INFO  server.RaftServerConfigKeys (ConfUtils.java:logGet(46)) - raft.server.log.statemachine.data.sync.timeout.retry = 30 (custom)
2024-04-28 12:45:30,948 [09d2ac22-859d-47ff-b3c3-58a3590cb163-groupManagement] INFO  server.RaftServerConfigKeys (ConfUtils.java:logGet(46)) - raft.server.log.write.buffer.size = 8388616 (custom)
2024-04-28 12:45:30,949 [09d2ac22-859d-47ff-b3c3-58a3590cb163-groupManagement] INFO  server.RaftServerConfigKeys (ConfUtils.java:logGet(46)) - raft.server.log.appender.buffer.byte-limit = 8388608 (custom)
2024-04-28 12:45:30,949 [09d2ac22-859d-47ff-b3c3-58a3590cb163-groupManagement] INFO  server.RaftServerConfigKeys (ConfUtils.java:logGet(46)) - raft.server.log.unsafe-flush.enabled = false (default)
2024-04-28 12:45:30,949 [09d2ac22-859d-47ff-b3c3-58a3590cb163-groupManagement] INFO  server.RaftServerConfigKeys (ConfUtils.java:logGet(46)) - raft.server.log.async-flush.enabled = false (default)
2024-04-28 12:45:30,949 [09d2ac22-859d-47ff-b3c3-58a3590cb163-groupManagement] INFO  server.RaftServerConfigKeys (ConfUtils.java:logGet(46)) - raft.server.log.statemachine.data.caching.enabled = true (custom)
2024-04-28 12:45:30,949 [09d2ac22-859d-47ff-b3c3-58a3590cb163-groupManagement] INFO  segmented.SegmentedRaftLogWorker (SegmentedRaftLogWorker.java:lambda$new$0(134)) - 09d2ac22-859d-47ff-b3c3-58a3590cb163@group-4114A5ED2105-SegmentedRaftLogWorker: flushIndex: setUnconditionally 0 -> -1
2024-04-28 12:45:30,949 [09d2ac22-859d-47ff-b3c3-58a3590cb163-groupManagement] INFO  segmented.SegmentedRaftLogWorker (SegmentedRaftLogWorker.java:lambda$new$0(134)) - 09d2ac22-859d-47ff-b3c3-58a3590cb163@group-4114A5ED2105-SegmentedRaftLogWorker: safeCacheEvictIndex: setUnconditionally 0 -> -1
2024-04-28 12:45:30,949 [09d2ac22-859d-47ff-b3c3-58a3590cb163-groupManagement] INFO  server.RaftServer$Division (RaftServerImpl.java:start(396)) - 09d2ac22-859d-47ff-b3c3-58a3590cb163@group-4114A5ED2105: start as a follower, conf=-1: peers:[09d2ac22-859d-47ff-b3c3-58a3590cb163|127.0.0.1:15370]|listeners:[], old=null
2024-04-28 12:45:30,950 [09d2ac22-859d-47ff-b3c3-58a3590cb163-groupManagement] INFO  server.RaftServer$Division (RaftServerImpl.java:setRole(383)) - 09d2ac22-859d-47ff-b3c3-58a3590cb163@group-4114A5ED2105: changes role from      null to FOLLOWER at term 0 for startAsFollower
2024-04-28 12:45:30,950 [09d2ac22-859d-47ff-b3c3-58a3590cb163-groupManagement] INFO  impl.RoleInfo (RoleInfo.java:updateAndGet(139)) - 09d2ac22-859d-47ff-b3c3-58a3590cb163: start 09d2ac22-859d-47ff-b3c3-58a3590cb163@group-4114A5ED2105-FollowerState
2024-04-28 12:45:30,950 [09d2ac22-859d-47ff-b3c3-58a3590cb163-groupManagement] INFO  util.JmxRegister (JmxRegister.java:tryRegister(44)) - Successfully registered JMX Bean with object name Ratis:service=RaftServer,group=group-4114A5ED2105,id=09d2ac22-859d-47ff-b3c3-58a3590cb163
2024-04-28 12:45:30,950 [09d2ac22-859d-47ff-b3c3-58a3590cb163-groupManagement] INFO  server.RaftServerConfigKeys (ConfUtils.java:logGet(46)) - raft.server.snapshot.trigger-when-stop.enabled = true (default)
2024-04-28 12:45:30,950 [09d2ac22-859d-47ff-b3c3-58a3590cb163-groupManagement] INFO  server.RaftServerConfigKeys (ConfUtils.java:logGet(46)) - raft.server.snapshot.auto.trigger.enabled = true (custom)
2024-04-28 12:45:30,950 [09d2ac22-859d-47ff-b3c3-58a3590cb163-groupManagement] INFO  server.RaftServerConfigKeys (ConfUtils.java:logGet(46)) - raft.server.snapshot.auto.trigger.threshold = 10000 (custom)
2024-04-28 12:45:30,950 [09d2ac22-859d-47ff-b3c3-58a3590cb163-groupManagement] INFO  server.RaftServerConfigKeys (ConfUtils.java:logGet(46)) - raft.server.snapshot.retention.file.num = 5 (custom)
2024-04-28 12:45:30,950 [09d2ac22-859d-47ff-b3c3-58a3590cb163-groupManagement] INFO  server.RaftServerConfigKeys (ConfUtils.java:logGet(46)) - raft.server.log.purge.upto.snapshot.index = false (default)
2024-04-28 12:45:30,951 [09d2ac22-859d-47ff-b3c3-58a3590cb163-PipelineCommandHandlerThread-0] INFO  ratis.XceiverServerRatis (XceiverServerRatis.java:addGroup(864)) - Created group PipelineID=0ae87b44-efc3-478e-99a5-4114a5ed2105
2024-04-28 12:45:30,951 [09d2ac22-859d-47ff-b3c3-58a3590cb163-PipelineCommandHandlerThread-0] INFO  commandhandler.CreatePipelineCommandHandler (CreatePipelineCommandHandler.java:lambda$handle$2(124)) - Created Pipeline RATIS ONE PipelineID=0ae87b44-efc3-478e-99a5-4114a5ed2105.
2024-04-28 12:45:30,951 [09d2ac22-859d-47ff-b3c3-58a3590cb163@group-4114A5ED2105-FollowerState] INFO  server.RaftServerConfigKeys (ConfUtils.java:logFallback(53)) - raft.server.rpc.first-election.timeout.min = 5s (fallback to raft.server.rpc.timeout.min)
2024-04-28 12:45:30,951 [09d2ac22-859d-47ff-b3c3-58a3590cb163@group-4114A5ED2105-FollowerState] INFO  server.RaftServerConfigKeys (ConfUtils.java:logFallback(53)) - raft.server.rpc.first-election.timeout.max = 5200ms (fallback to raft.server.rpc.timeout.max)
2024-04-28 12:45:30,951 [09d2ac22-859d-47ff-b3c3-58a3590cb163-PipelineCommandHandlerThread-0] INFO  server.RaftServer (RaftServerProxy.java:addNew(100)) - 09d2ac22-859d-47ff-b3c3-58a3590cb163: addNew group-95D7CE87CC4E:[81492a0b-8554-4d1c-9efe-d356d82cfcc4|127.0.0.1:15388, a004c341-03e6-4aa5-a556-61598c35a019|127.0.0.1:15379, 09d2ac22-859d-47ff-b3c3-58a3590cb163|127.0.0.1:15370] returns group-95D7CE87CC4E:java.util.concurrent.CompletableFuture@1bc517a2[Not completed]
2024-04-28 12:45:30,952 [09d2ac22-859d-47ff-b3c3-58a3590cb163-groupManagement] INFO  server.RaftServer$Division (RaftServerImpl.java:<init>(256)) - 09d2ac22-859d-47ff-b3c3-58a3590cb163: new RaftServerImpl for group-95D7CE87CC4E:[81492a0b-8554-4d1c-9efe-d356d82cfcc4|127.0.0.1:15388, a004c341-03e6-4aa5-a556-61598c35a019|127.0.0.1:15379, 09d2ac22-859d-47ff-b3c3-58a3590cb163|127.0.0.1:15370] with ContainerStateMachine:uninitialized
2024-04-28 12:45:30,952 [09d2ac22-859d-47ff-b3c3-58a3590cb163-groupManagement] INFO  server.RaftServerConfigKeys (ConfUtils.java:logGet(46)) - raft.server.rpc.timeout.min = 5s (custom)
2024-04-28 12:45:30,952 [09d2ac22-859d-47ff-b3c3-58a3590cb163-groupManagement] INFO  server.RaftServerConfigKeys (ConfUtils.java:logGet(46)) - raft.server.rpc.timeout.max = 5200ms (custom)
2024-04-28 12:45:30,952 [09d2ac22-859d-47ff-b3c3-58a3590cb163-groupManagement] INFO  server.RaftServerConfigKeys (ConfUtils.java:logGet(46)) - raft.server.rpc.sleep.time = 25ms (default)
2024-04-28 12:45:30,952 [09d2ac22-859d-47ff-b3c3-58a3590cb163-groupManagement] INFO  server.RaftServerConfigKeys (ConfUtils.java:logGet(46)) - raft.server.rpc.slowness.timeout = 300000ms (custom)
2024-04-28 12:45:30,952 [09d2ac22-859d-47ff-b3c3-58a3590cb163-groupManagement] INFO  server.RaftServerConfigKeys (ConfUtils.java:logGet(46)) - raft.server.leaderelection.leader.step-down.wait-time = 10s (default)
2024-04-28 12:45:30,952 [09d2ac22-859d-47ff-b3c3-58a3590cb163-groupManagement] INFO  server.RaftServerConfigKeys (ConfUtils.java:logGet(46)) - raft.server.leaderelection.member.majority-add = false (default)
2024-04-28 12:45:30,952 [09d2ac22-859d-47ff-b3c3-58a3590cb163-groupManagement] INFO  server.RaftServerConfigKeys (ConfUtils.java:logGet(46)) - raft.server.sleep.deviation.threshold = 300ms (default)
2024-04-28 12:45:30,952 [09d2ac22-859d-47ff-b3c3-58a3590cb163-groupManagement] INFO  server.RaftServer$Division (ServerState.java:<init>(113)) - 09d2ac22-859d-47ff-b3c3-58a3590cb163@group-95D7CE87CC4E: ConfigurationManager, init=-1: peers:[81492a0b-8554-4d1c-9efe-d356d82cfcc4|127.0.0.1:15388, a004c341-03e6-4aa5-a556-61598c35a019|127.0.0.1:15379, 09d2ac22-859d-47ff-b3c3-58a3590cb163|127.0.0.1:15370]|listeners:[], old=null, confs=<EMPTY_MAP>
2024-04-28 12:45:30,952 [09d2ac22-859d-47ff-b3c3-58a3590cb163-groupManagement] INFO  server.RaftServerConfigKeys (ConfUtils.java:logGet(46)) - raft.server.notification.no-leader.timeout = 300000ms (custom)
2024-04-28 12:45:30,952 [09d2ac22-859d-47ff-b3c3-58a3590cb163-groupManagement] INFO  server.RaftServerConfigKeys (ConfUtils.java:logGet(46)) - raft.server.read.timeout = 10s (default)
2024-04-28 12:45:30,952 [09d2ac22-859d-47ff-b3c3-58a3590cb163-groupManagement] INFO  server.RaftServerConfigKeys (ConfUtils.java:logGet(46)) - raft.server.retrycache.expirytime = 600000ms (custom)
2024-04-28 12:45:30,952 [09d2ac22-859d-47ff-b3c3-58a3590cb163-groupManagement] INFO  server.RaftServerConfigKeys (ConfUtils.java:logGet(46)) - raft.server.retrycache.statistics.expirytime = 100ms (default)
2024-04-28 12:45:30,952 [09d2ac22-859d-47ff-b3c3-58a3590cb163-groupManagement] INFO  server.RaftServerConfigKeys (ConfUtils.java:logGet(46)) - raft.server.read.option = DEFAULT (default)
2024-04-28 12:45:30,952 [09d2ac22-859d-47ff-b3c3-58a3590cb163-groupManagement] INFO  server.RaftServerConfigKeys (ConfUtils.java:logGet(46)) - raft.server.read.read-after-write-consistent.write-index-cache.expiry-time = 60s (default)
2024-04-28 12:45:30,954 [09d2ac22-859d-47ff-b3c3-58a3590cb163-groupManagement] INFO  server.RaftServerConfigKeys (ConfUtils.java:logGet(46)) - raft.server.rpc.request.timeout = 3000ms (default)
2024-04-28 12:45:30,954 [09d2ac22-859d-47ff-b3c3-58a3590cb163-groupManagement] INFO  server.RaftServerConfigKeys (ConfUtils.java:logGet(46)) - raft.server.log.appender.install.snapshot.enabled = false (custom)
2024-04-28 12:45:30,955 [09d2ac22-859d-47ff-b3c3-58a3590cb163-groupManagement] INFO  server.RaftServerConfigKeys (ConfUtils.java:logGet(46)) - raft.server.threadpool.server.cached = true (default)
2024-04-28 12:45:30,955 [09d2ac22-859d-47ff-b3c3-58a3590cb163-groupManagement] INFO  server.RaftServerConfigKeys (ConfUtils.java:logGet(46)) - raft.server.threadpool.server.size = 0 (default)
2024-04-28 12:45:30,955 [09d2ac22-859d-47ff-b3c3-58a3590cb163-groupManagement] INFO  server.RaftServerConfigKeys (ConfUtils.java:logGet(46)) - raft.server.threadpool.client.cached = true (default)
2024-04-28 12:45:30,955 [09d2ac22-859d-47ff-b3c3-58a3590cb163-groupManagement] INFO  server.RaftServerConfigKeys (ConfUtils.java:logGet(46)) - raft.server.threadpool.client.size = 0 (default)
2024-04-28 12:45:30,955 [09d2ac22-859d-47ff-b3c3-58a3590cb163-groupManagement] INFO  server.RaftServerConfigKeys (ConfUtils.java:logGet(46)) - raft.server.storage.free-space.min = 0MB (=0) (default)
2024-04-28 12:45:30,955 [09d2ac22-859d-47ff-b3c3-58a3590cb163-groupManagement] INFO  server.RaftServerConfigKeys (ConfUtils.java:logGet(46)) - raft.server.log.corruption.policy = EXCEPTION (default)
2024-04-28 12:45:30,955 [09d2ac22-859d-47ff-b3c3-58a3590cb163-groupManagement] INFO  server.RaftServerConfigKeys (ConfUtils.java:logGet(46)) - raft.server.storage.dir = [/home/runner/work/ozone/ozone/hadoop-ozone/integration-test/target/test-dir/MiniOzoneClusterImpl-4444f751-856d-4595-ad15-e87fc76049bc/ozone-meta/datanode-1/ratis] (custom)
2024-04-28 12:45:30,955 [09d2ac22-859d-47ff-b3c3-58a3590cb163-groupManagement] INFO  storage.RaftStorageDirectory (RaftStorageDirectoryImpl.java:analyzeStorage(138)) - The storage directory /home/runner/work/ozone/ozone/hadoop-ozone/integration-test/target/test-dir/MiniOzoneClusterImpl-4444f751-856d-4595-ad15-e87fc76049bc/ozone-meta/datanode-1/ratis/e6266c66-032f-47d0-be92-95d7ce87cc4e does not exist. Creating ...
2024-04-28 12:45:30,956 [09d2ac22-859d-47ff-b3c3-58a3590cb163-groupManagement] INFO  storage.RaftStorageDirectory (RaftStorageDirectoryImpl.java:tryLock(228)) - Lock on /home/runner/work/ozone/ozone/hadoop-ozone/integration-test/target/test-dir/MiniOzoneClusterImpl-4444f751-856d-4595-ad15-e87fc76049bc/ozone-meta/datanode-1/ratis/e6266c66-032f-47d0-be92-95d7ce87cc4e/in_use.lock acquired by nodename 21404@fv-az1392-52
2024-04-28 12:45:30,957 [09d2ac22-859d-47ff-b3c3-58a3590cb163-groupManagement] INFO  storage.RaftStorage (RaftStorageImpl.java:format(99)) - Storage directory /home/runner/work/ozone/ozone/hadoop-ozone/integration-test/target/test-dir/MiniOzoneClusterImpl-4444f751-856d-4595-ad15-e87fc76049bc/ozone-meta/datanode-1/ratis/e6266c66-032f-47d0-be92-95d7ce87cc4e has been successfully formatted.
2024-04-28 12:45:30,957 [09d2ac22-859d-47ff-b3c3-58a3590cb163-groupManagement] WARN  util.FileUtils (LogUtils.java:supplyAndLog(63)) - Failed to Files.newInputStream /home/runner/work/ozone/ozone/hadoop-ozone/integration-test/target/test-dir/MiniOzoneClusterImpl-4444f751-856d-4595-ad15-e87fc76049bc/ozone-meta/datanode-1/ratis/e6266c66-032f-47d0-be92-95d7ce87cc4e/current/raft-meta.conf with options []: java.nio.file.NoSuchFileException: /home/runner/work/ozone/ozone/hadoop-ozone/integration-test/target/test-dir/MiniOzoneClusterImpl-4444f751-856d-4595-ad15-e87fc76049bc/ozone-meta/datanode-1/ratis/e6266c66-032f-47d0-be92-95d7ce87cc4e/current/raft-meta.conf
2024-04-28 12:45:30,957 [09d2ac22-859d-47ff-b3c3-58a3590cb163-groupManagement] INFO  ratis.ContainerStateMachine (ContainerStateMachine.java:loadSnapshot(287)) - group-95D7CE87CC4E: The snapshot info is null. Setting the last applied index to:(t:0, i:~)
2024-04-28 12:45:30,957 [09d2ac22-859d-47ff-b3c3-58a3590cb163-groupManagement] INFO  server.RaftServerConfigKeys (ConfUtils.java:logGet(46)) - raft.server.log.use.memory = false (default)
2024-04-28 12:45:30,957 [09d2ac22-859d-47ff-b3c3-58a3590cb163-groupManagement] INFO  server.RaftServerConfigKeys (ConfUtils.java:logGet(46)) - raft.server.log.purge.gap = 1000000 (custom)
2024-04-28 12:45:30,958 [09d2ac22-859d-47ff-b3c3-58a3590cb163-groupManagement] INFO  server.RaftServerConfigKeys (ConfUtils.java:logGet(46)) - raft.server.log.appender.buffer.byte-limit = 8388608 (custom)
2024-04-28 12:45:30,958 [09d2ac22-859d-47ff-b3c3-58a3590cb163-groupManagement] INFO  server.RaftServerConfigKeys (ConfUtils.java:logGet(46)) - raft.server.log.statemachine.data.read.timeout = 1000ms (default)
2024-04-28 12:45:30,958 [09d2ac22-859d-47ff-b3c3-58a3590cb163-groupManagement] INFO  server.RaftServerConfigKeys (ConfUtils.java:logGet(46)) - raft.server.log.purge.preservation.log.num = 0 (default)
2024-04-28 12:45:30,958 [EventQueue-OpenPipelineForHealthyPipelineSafeModeRule] INFO  safemode.SCMSafeModeManager (HealthyPipelineSafeModeRule.java:process(140)) - SCM in safe mode. Healthy pipelines reported count is 0, required healthy pipeline reported count is 1
2024-04-28 12:45:30,959 [09d2ac22-859d-47ff-b3c3-58a3590cb163-groupManagement] INFO  server.RaftServerConfigKeys (ConfUtils.java:logGet(46)) - raft.server.log.segment.size.max = 67108864 (custom)
2024-04-28 12:45:30,960 [09d2ac22-859d-47ff-b3c3-58a3590cb163-groupManagement] INFO  server.RaftServerConfigKeys (ConfUtils.java:logGet(46)) - raft.server.log.segment.cache.num.max = 2 (custom)
2024-04-28 12:45:30,960 [09d2ac22-859d-47ff-b3c3-58a3590cb163-groupManagement] INFO  server.RaftServerConfigKeys (ConfUtils.java:logGet(46)) - raft.server.log.segment.cache.size.max = 200MB (=209715200) (default)
2024-04-28 12:45:30,960 [09d2ac22-859d-47ff-b3c3-58a3590cb163-groupManagement] INFO  server.RaftServerConfigKeys (ConfUtils.java:logGet(46)) - raft.server.log.appender.buffer.byte-limit = 8388608 (custom)
2024-04-28 12:45:30,960 [09d2ac22-859d-47ff-b3c3-58a3590cb163-groupManagement] INFO  util.AwaitToRun (AwaitToRun.java:start(81)) - Thread[09d2ac22-859d-47ff-b3c3-58a3590cb163@group-95D7CE87CC4E-cacheEviction-AwaitToRun,5,main] started
2024-04-28 12:45:30,960 [09d2ac22-859d-47ff-b3c3-58a3590cb163-groupManagement] INFO  segmented.SegmentedRaftLogWorker (SegmentedRaftLogWorker.java:<init>(182)) - new 09d2ac22-859d-47ff-b3c3-58a3590cb163@group-95D7CE87CC4E-SegmentedRaftLogWorker for RaftStorageImpl:Storage Directory /home/runner/work/ozone/ozone/hadoop-ozone/integration-test/target/test-dir/MiniOzoneClusterImpl-4444f751-856d-4595-ad15-e87fc76049bc/ozone-meta/datanode-1/ratis/e6266c66-032f-47d0-be92-95d7ce87cc4e
2024-04-28 12:45:30,960 [09d2ac22-859d-47ff-b3c3-58a3590cb163-groupManagement] INFO  server.RaftServerConfigKeys (ConfUtils.java:logGet(46)) - raft.server.log.queue.byte-limit = 4294967296 (custom)
2024-04-28 12:45:30,960 [09d2ac22-859d-47ff-b3c3-58a3590cb163-groupManagement] INFO  server.RaftServerConfigKeys (ConfUtils.java:logGet(46)) - raft.server.log.queue.element-limit = 1024 (custom)
2024-04-28 12:45:30,960 [09d2ac22-859d-47ff-b3c3-58a3590cb163-groupManagement] INFO  server.RaftServerConfigKeys (ConfUtils.java:logGet(46)) - raft.server.log.segment.size.max = 67108864 (custom)
2024-04-28 12:45:30,960 [09d2ac22-859d-47ff-b3c3-58a3590cb163-groupManagement] INFO  server.RaftServerConfigKeys (ConfUtils.java:logGet(46)) - raft.server.log.preallocated.size = 4194304 (custom)
2024-04-28 12:45:30,960 [09d2ac22-859d-47ff-b3c3-58a3590cb163-groupManagement] INFO  server.RaftServerConfigKeys (ConfUtils.java:logGet(46)) - raft.server.log.force.sync.num = 128 (default)
2024-04-28 12:45:30,960 [09d2ac22-859d-47ff-b3c3-58a3590cb163-groupManagement] INFO  server.RaftServerConfigKeys (ConfUtils.java:logGet(46)) - raft.server.log.statemachine.data.sync = true (default)
2024-04-28 12:45:30,960 [09d2ac22-859d-47ff-b3c3-58a3590cb163-groupManagement] INFO  server.RaftServerConfigKeys (ConfUtils.java:logGet(46)) - raft.server.log.statemachine.data.sync.timeout = 10s (default)
2024-04-28 12:45:30,960 [09d2ac22-859d-47ff-b3c3-58a3590cb163-groupManagement] INFO  server.RaftServerConfigKeys (ConfUtils.java:logGet(46)) - raft.server.log.statemachine.data.sync.timeout.retry = 30 (custom)
2024-04-28 12:45:30,961 [09d2ac22-859d-47ff-b3c3-58a3590cb163-groupManagement] INFO  server.RaftServerConfigKeys (ConfUtils.java:logGet(46)) - raft.server.log.write.buffer.size = 8388616 (custom)
2024-04-28 12:45:30,962 [09d2ac22-859d-47ff-b3c3-58a3590cb163-groupManagement] INFO  server.RaftServerConfigKeys (ConfUtils.java:logGet(46)) - raft.server.log.appender.buffer.byte-limit = 8388608 (custom)
2024-04-28 12:45:30,962 [09d2ac22-859d-47ff-b3c3-58a3590cb163-groupManagement] INFO  server.RaftServerConfigKeys (ConfUtils.java:logGet(46)) - raft.server.log.unsafe-flush.enabled = false (default)
2024-04-28 12:45:30,962 [09d2ac22-859d-47ff-b3c3-58a3590cb163-groupManagement] INFO  server.RaftServerConfigKeys (ConfUtils.java:logGet(46)) - raft.server.log.async-flush.enabled = false (default)
2024-04-28 12:45:30,962 [09d2ac22-859d-47ff-b3c3-58a3590cb163-groupManagement] INFO  server.RaftServerConfigKeys (ConfUtils.java:logGet(46)) - raft.server.log.statemachine.data.caching.enabled = true (custom)
2024-04-28 12:45:30,962 [09d2ac22-859d-47ff-b3c3-58a3590cb163-groupManagement] INFO  segmented.SegmentedRaftLogWorker (SegmentedRaftLogWorker.java:lambda$new$0(134)) - 09d2ac22-859d-47ff-b3c3-58a3590cb163@group-95D7CE87CC4E-SegmentedRaftLogWorker: flushIndex: setUnconditionally 0 -> -1
2024-04-28 12:45:30,963 [09d2ac22-859d-47ff-b3c3-58a3590cb163-groupManagement] INFO  segmented.SegmentedRaftLogWorker (SegmentedRaftLogWorker.java:lambda$new$0(134)) - 09d2ac22-859d-47ff-b3c3-58a3590cb163@group-95D7CE87CC4E-SegmentedRaftLogWorker: safeCacheEvictIndex: setUnconditionally 0 -> -1
2024-04-28 12:45:30,963 [09d2ac22-859d-47ff-b3c3-58a3590cb163-groupManagement] INFO  server.RaftServer$Division (RaftServerImpl.java:start(396)) - 09d2ac22-859d-47ff-b3c3-58a3590cb163@group-95D7CE87CC4E: start as a follower, conf=-1: peers:[81492a0b-8554-4d1c-9efe-d356d82cfcc4|127.0.0.1:15388, a004c341-03e6-4aa5-a556-61598c35a019|127.0.0.1:15379, 09d2ac22-859d-47ff-b3c3-58a3590cb163|127.0.0.1:15370]|listeners:[], old=null
2024-04-28 12:45:30,963 [09d2ac22-859d-47ff-b3c3-58a3590cb163-groupManagement] INFO  server.RaftServer$Division (RaftServerImpl.java:setRole(383)) - 09d2ac22-859d-47ff-b3c3-58a3590cb163@group-95D7CE87CC4E: changes role from      null to FOLLOWER at term 0 for startAsFollower
2024-04-28 12:45:30,963 [09d2ac22-859d-47ff-b3c3-58a3590cb163-groupManagement] INFO  impl.RoleInfo (RoleInfo.java:updateAndGet(139)) - 09d2ac22-859d-47ff-b3c3-58a3590cb163: start 09d2ac22-859d-47ff-b3c3-58a3590cb163@group-95D7CE87CC4E-FollowerState
2024-04-28 12:45:30,963 [09d2ac22-859d-47ff-b3c3-58a3590cb163-groupManagement] INFO  util.JmxRegister (JmxRegister.java:tryRegister(44)) - Successfully registered JMX Bean with object name Ratis:service=RaftServer,group=group-95D7CE87CC4E,id=09d2ac22-859d-47ff-b3c3-58a3590cb163
2024-04-28 12:45:30,963 [09d2ac22-859d-47ff-b3c3-58a3590cb163-groupManagement] INFO  server.RaftServerConfigKeys (ConfUtils.java:logGet(46)) - raft.server.snapshot.trigger-when-stop.enabled = true (default)
2024-04-28 12:45:30,963 [09d2ac22-859d-47ff-b3c3-58a3590cb163-groupManagement] INFO  server.RaftServerConfigKeys (ConfUtils.java:logGet(46)) - raft.server.snapshot.auto.trigger.enabled = true (custom)
2024-04-28 12:45:30,963 [09d2ac22-859d-47ff-b3c3-58a3590cb163-groupManagement] INFO  server.RaftServerConfigKeys (ConfUtils.java:logGet(46)) - raft.server.snapshot.auto.trigger.threshold = 10000 (custom)
2024-04-28 12:45:30,963 [09d2ac22-859d-47ff-b3c3-58a3590cb163-groupManagement] INFO  server.RaftServerConfigKeys (ConfUtils.java:logGet(46)) - raft.server.snapshot.retention.file.num = 5 (custom)
2024-04-28 12:45:30,963 [09d2ac22-859d-47ff-b3c3-58a3590cb163-groupManagement] INFO  server.RaftServerConfigKeys (ConfUtils.java:logGet(46)) - raft.server.log.purge.upto.snapshot.index = false (default)
2024-04-28 12:45:30,964 [09d2ac22-859d-47ff-b3c3-58a3590cb163-PipelineCommandHandlerThread-0] INFO  ratis.XceiverServerRatis (XceiverServerRatis.java:addGroup(864)) - Created group PipelineID=e6266c66-032f-47d0-be92-95d7ce87cc4e
2024-04-28 12:45:30,964 [09d2ac22-859d-47ff-b3c3-58a3590cb163@group-95D7CE87CC4E-FollowerState] INFO  server.RaftServerConfigKeys (ConfUtils.java:logFallback(53)) - raft.server.rpc.first-election.timeout.min = 5s (fallback to raft.server.rpc.timeout.min)
2024-04-28 12:45:30,964 [09d2ac22-859d-47ff-b3c3-58a3590cb163@group-95D7CE87CC4E-FollowerState] INFO  server.RaftServerConfigKeys (ConfUtils.java:logFallback(53)) - raft.server.rpc.first-election.timeout.max = 5200ms (fallback to raft.server.rpc.timeout.max)
2024-04-28 12:45:30,968 [grpc-default-executor-0] INFO  server.RaftServer (RaftServerProxy.java:addNew(100)) - 81492a0b-8554-4d1c-9efe-d356d82cfcc4: addNew group-95D7CE87CC4E:[81492a0b-8554-4d1c-9efe-d356d82cfcc4|127.0.0.1:15388, a004c341-03e6-4aa5-a556-61598c35a019|127.0.0.1:15379, 09d2ac22-859d-47ff-b3c3-58a3590cb163|127.0.0.1:15370] returns group-95D7CE87CC4E:java.util.concurrent.CompletableFuture@17653924[Not completed]
2024-04-28 12:45:30,969 [81492a0b-8554-4d1c-9efe-d356d82cfcc4-groupManagement] INFO  server.RaftServer$Division (RaftServerImpl.java:<init>(256)) - 81492a0b-8554-4d1c-9efe-d356d82cfcc4: new RaftServerImpl for group-95D7CE87CC4E:[81492a0b-8554-4d1c-9efe-d356d82cfcc4|127.0.0.1:15388, a004c341-03e6-4aa5-a556-61598c35a019|127.0.0.1:15379, 09d2ac22-859d-47ff-b3c3-58a3590cb163|127.0.0.1:15370] with ContainerStateMachine:uninitialized
2024-04-28 12:45:30,969 [81492a0b-8554-4d1c-9efe-d356d82cfcc4-groupManagement] INFO  server.RaftServerConfigKeys (ConfUtils.java:logGet(46)) - raft.server.rpc.timeout.min = 5s (custom)
2024-04-28 12:45:30,969 [81492a0b-8554-4d1c-9efe-d356d82cfcc4-groupManagement] INFO  server.RaftServerConfigKeys (ConfUtils.java:logGet(46)) - raft.server.rpc.timeout.max = 5200ms (custom)
2024-04-28 12:45:30,969 [81492a0b-8554-4d1c-9efe-d356d82cfcc4-groupManagement] INFO  server.RaftServerConfigKeys (ConfUtils.java:logGet(46)) - raft.server.rpc.sleep.time = 25ms (default)
2024-04-28 12:45:30,969 [81492a0b-8554-4d1c-9efe-d356d82cfcc4-groupManagement] INFO  server.RaftServerConfigKeys (ConfUtils.java:logGet(46)) - raft.server.rpc.slowness.timeout = 300000ms (custom)
2024-04-28 12:45:30,969 [81492a0b-8554-4d1c-9efe-d356d82cfcc4-groupManagement] INFO  server.RaftServerConfigKeys (ConfUtils.java:logGet(46)) - raft.server.leaderelection.leader.step-down.wait-time = 10s (default)
2024-04-28 12:45:30,969 [81492a0b-8554-4d1c-9efe-d356d82cfcc4-groupManagement] INFO  server.RaftServerConfigKeys (ConfUtils.java:logGet(46)) - raft.server.leaderelection.member.majority-add = false (default)
2024-04-28 12:45:30,969 [81492a0b-8554-4d1c-9efe-d356d82cfcc4-groupManagement] INFO  server.RaftServerConfigKeys (ConfUtils.java:logGet(46)) - raft.server.sleep.deviation.threshold = 300ms (default)
2024-04-28 12:45:30,969 [81492a0b-8554-4d1c-9efe-d356d82cfcc4-groupManagement] INFO  server.RaftServer$Division (ServerState.java:<init>(113)) - 81492a0b-8554-4d1c-9efe-d356d82cfcc4@group-95D7CE87CC4E: ConfigurationManager, init=-1: peers:[81492a0b-8554-4d1c-9efe-d356d82cfcc4|127.0.0.1:15388, a004c341-03e6-4aa5-a556-61598c35a019|127.0.0.1:15379, 09d2ac22-859d-47ff-b3c3-58a3590cb163|127.0.0.1:15370]|listeners:[], old=null, confs=<EMPTY_MAP>
2024-04-28 12:45:30,969 [81492a0b-8554-4d1c-9efe-d356d82cfcc4-groupManagement] INFO  server.RaftServerConfigKeys (ConfUtils.java:logGet(46)) - raft.server.notification.no-leader.timeout = 300000ms (custom)
2024-04-28 12:45:30,969 [81492a0b-8554-4d1c-9efe-d356d82cfcc4-groupManagement] INFO  server.RaftServerConfigKeys (ConfUtils.java:logGet(46)) - raft.server.read.timeout = 10s (default)
2024-04-28 12:45:30,969 [81492a0b-8554-4d1c-9efe-d356d82cfcc4-groupManagement] INFO  server.RaftServerConfigKeys (ConfUtils.java:logGet(46)) - raft.server.retrycache.expirytime = 600000ms (custom)
2024-04-28 12:45:30,969 [81492a0b-8554-4d1c-9efe-d356d82cfcc4-groupManagement] INFO  server.RaftServerConfigKeys (ConfUtils.java:logGet(46)) - raft.server.retrycache.statistics.expirytime = 100ms (default)
2024-04-28 12:45:30,969 [81492a0b-8554-4d1c-9efe-d356d82cfcc4-groupManagement] INFO  server.RaftServerConfigKeys (ConfUtils.java:logGet(46)) - raft.server.read.option = DEFAULT (default)
2024-04-28 12:45:30,969 [81492a0b-8554-4d1c-9efe-d356d82cfcc4-groupManagement] INFO  server.RaftServerConfigKeys (ConfUtils.java:logGet(46)) - raft.server.read.read-after-write-consistent.write-index-cache.expiry-time = 60s (default)
2024-04-28 12:45:30,971 [81492a0b-8554-4d1c-9efe-d356d82cfcc4-groupManagement] INFO  server.RaftServerConfigKeys (ConfUtils.java:logGet(46)) - raft.server.rpc.request.timeout = 3000ms (default)
2024-04-28 12:45:30,971 [81492a0b-8554-4d1c-9efe-d356d82cfcc4-groupManagement] INFO  server.RaftServerConfigKeys (ConfUtils.java:logGet(46)) - raft.server.log.appender.install.snapshot.enabled = false (custom)
2024-04-28 12:45:30,971 [81492a0b-8554-4d1c-9efe-d356d82cfcc4-groupManagement] INFO  server.RaftServerConfigKeys (ConfUtils.java:logGet(46)) - raft.server.threadpool.server.cached = true (default)
2024-04-28 12:45:30,972 [81492a0b-8554-4d1c-9efe-d356d82cfcc4-groupManagement] INFO  server.RaftServerConfigKeys (ConfUtils.java:logGet(46)) - raft.server.threadpool.server.size = 0 (default)
2024-04-28 12:45:30,972 [81492a0b-8554-4d1c-9efe-d356d82cfcc4-groupManagement] INFO  server.RaftServerConfigKeys (ConfUtils.java:logGet(46)) - raft.server.threadpool.client.cached = true (default)
2024-04-28 12:45:30,972 [81492a0b-8554-4d1c-9efe-d356d82cfcc4-groupManagement] INFO  server.RaftServerConfigKeys (ConfUtils.java:logGet(46)) - raft.server.threadpool.client.size = 0 (default)
2024-04-28 12:45:30,972 [81492a0b-8554-4d1c-9efe-d356d82cfcc4-groupManagement] INFO  server.RaftServerConfigKeys (ConfUtils.java:logGet(46)) - raft.server.storage.free-space.min = 0MB (=0) (default)
2024-04-28 12:45:30,972 [81492a0b-8554-4d1c-9efe-d356d82cfcc4-groupManagement] INFO  server.RaftServerConfigKeys (ConfUtils.java:logGet(46)) - raft.server.log.corruption.policy = EXCEPTION (default)
2024-04-28 12:45:30,972 [81492a0b-8554-4d1c-9efe-d356d82cfcc4-groupManagement] INFO  server.RaftServerConfigKeys (ConfUtils.java:logGet(46)) - raft.server.storage.dir = [/home/runner/work/ozone/ozone/hadoop-ozone/integration-test/target/test-dir/MiniOzoneClusterImpl-4444f751-856d-4595-ad15-e87fc76049bc/ozone-meta/datanode-3/ratis] (custom)
2024-04-28 12:45:30,972 [81492a0b-8554-4d1c-9efe-d356d82cfcc4-groupManagement] INFO  storage.RaftStorageDirectory (RaftStorageDirectoryImpl.java:analyzeStorage(138)) - The storage directory /home/runner/work/ozone/ozone/hadoop-ozone/integration-test/target/test-dir/MiniOzoneClusterImpl-4444f751-856d-4595-ad15-e87fc76049bc/ozone-meta/datanode-3/ratis/e6266c66-032f-47d0-be92-95d7ce87cc4e does not exist. Creating ...
2024-04-28 12:45:30,973 [81492a0b-8554-4d1c-9efe-d356d82cfcc4-groupManagement] INFO  storage.RaftStorageDirectory (RaftStorageDirectoryImpl.java:tryLock(228)) - Lock on /home/runner/work/ozone/ozone/hadoop-ozone/integration-test/target/test-dir/MiniOzoneClusterImpl-4444f751-856d-4595-ad15-e87fc76049bc/ozone-meta/datanode-3/ratis/e6266c66-032f-47d0-be92-95d7ce87cc4e/in_use.lock acquired by nodename 21404@fv-az1392-52
2024-04-28 12:45:30,973 [81492a0b-8554-4d1c-9efe-d356d82cfcc4-groupManagement] INFO  storage.RaftStorage (RaftStorageImpl.java:format(99)) - Storage directory /home/runner/work/ozone/ozone/hadoop-ozone/integration-test/target/test-dir/MiniOzoneClusterImpl-4444f751-856d-4595-ad15-e87fc76049bc/ozone-meta/datanode-3/ratis/e6266c66-032f-47d0-be92-95d7ce87cc4e has been successfully formatted.
2024-04-28 12:45:30,974 [81492a0b-8554-4d1c-9efe-d356d82cfcc4-groupManagement] WARN  util.FileUtils (LogUtils.java:supplyAndLog(63)) - Failed to Files.newInputStream /home/runner/work/ozone/ozone/hadoop-ozone/integration-test/target/test-dir/MiniOzoneClusterImpl-4444f751-856d-4595-ad15-e87fc76049bc/ozone-meta/datanode-3/ratis/e6266c66-032f-47d0-be92-95d7ce87cc4e/current/raft-meta.conf with options []: java.nio.file.NoSuchFileException: /home/runner/work/ozone/ozone/hadoop-ozone/integration-test/target/test-dir/MiniOzoneClusterImpl-4444f751-856d-4595-ad15-e87fc76049bc/ozone-meta/datanode-3/ratis/e6266c66-032f-47d0-be92-95d7ce87cc4e/current/raft-meta.conf
2024-04-28 12:45:30,974 [81492a0b-8554-4d1c-9efe-d356d82cfcc4-groupManagement] INFO  ratis.ContainerStateMachine (ContainerStateMachine.java:loadSnapshot(287)) - group-95D7CE87CC4E: The snapshot info is null. Setting the last applied index to:(t:0, i:~)
2024-04-28 12:45:30,974 [81492a0b-8554-4d1c-9efe-d356d82cfcc4-groupManagement] INFO  server.RaftServerConfigKeys (ConfUtils.java:logGet(46)) - raft.server.log.use.memory = false (default)
2024-04-28 12:45:30,974 [81492a0b-8554-4d1c-9efe-d356d82cfcc4-groupManagement] INFO  server.RaftServerConfigKeys (ConfUtils.java:logGet(46)) - raft.server.log.purge.gap = 1000000 (custom)
2024-04-28 12:45:30,974 [81492a0b-8554-4d1c-9efe-d356d82cfcc4-groupManagement] INFO  server.RaftServerConfigKeys (ConfUtils.java:logGet(46)) - raft.server.log.appender.buffer.byte-limit = 8388608 (custom)
2024-04-28 12:45:30,974 [81492a0b-8554-4d1c-9efe-d356d82cfcc4-groupManagement] INFO  server.RaftServerConfigKeys (ConfUtils.java:logGet(46)) - raft.server.log.statemachine.data.read.timeout = 1000ms (default)
2024-04-28 12:45:30,974 [81492a0b-8554-4d1c-9efe-d356d82cfcc4-groupManagement] INFO  server.RaftServerConfigKeys (ConfUtils.java:logGet(46)) - raft.server.log.purge.preservation.log.num = 0 (default)
2024-04-28 12:45:30,975 [81492a0b-8554-4d1c-9efe-d356d82cfcc4-groupManagement] INFO  server.RaftServerConfigKeys (ConfUtils.java:logGet(46)) - raft.server.log.segment.size.max = 67108864 (custom)
2024-04-28 12:45:30,975 [81492a0b-8554-4d1c-9efe-d356d82cfcc4-groupManagement] INFO  server.RaftServerConfigKeys (ConfUtils.java:logGet(46)) - raft.server.log.segment.cache.num.max = 2 (custom)
2024-04-28 12:45:30,975 [81492a0b-8554-4d1c-9efe-d356d82cfcc4-groupManagement] INFO  server.RaftServerConfigKeys (ConfUtils.java:logGet(46)) - raft.server.log.segment.cache.size.max = 200MB (=209715200) (default)
2024-04-28 12:45:30,975 [81492a0b-8554-4d1c-9efe-d356d82cfcc4-groupManagement] INFO  server.RaftServerConfigKeys (ConfUtils.java:logGet(46)) - raft.server.log.appender.buffer.byte-limit = 8388608 (custom)
2024-04-28 12:45:30,975 [81492a0b-8554-4d1c-9efe-d356d82cfcc4-groupManagement] INFO  util.AwaitToRun (AwaitToRun.java:start(81)) - Thread[81492a0b-8554-4d1c-9efe-d356d82cfcc4@group-95D7CE87CC4E-cacheEviction-AwaitToRun,5,main] started
2024-04-28 12:45:30,975 [81492a0b-8554-4d1c-9efe-d356d82cfcc4-groupManagement] INFO  segmented.SegmentedRaftLogWorker (SegmentedRaftLogWorker.java:<init>(182)) - new 81492a0b-8554-4d1c-9efe-d356d82cfcc4@group-95D7CE87CC4E-SegmentedRaftLogWorker for RaftStorageImpl:Storage Directory /home/runner/work/ozone/ozone/hadoop-ozone/integration-test/target/test-dir/MiniOzoneClusterImpl-4444f751-856d-4595-ad15-e87fc76049bc/ozone-meta/datanode-3/ratis/e6266c66-032f-47d0-be92-95d7ce87cc4e
2024-04-28 12:45:30,976 [81492a0b-8554-4d1c-9efe-d356d82cfcc4-groupManagement] INFO  server.RaftServerConfigKeys (ConfUtils.java:logGet(46)) - raft.server.log.queue.byte-limit = 4294967296 (custom)
2024-04-28 12:45:30,976 [81492a0b-8554-4d1c-9efe-d356d82cfcc4-groupManagement] INFO  server.RaftServerConfigKeys (ConfUtils.java:logGet(46)) - raft.server.log.queue.element-limit = 1024 (custom)
2024-04-28 12:45:30,976 [81492a0b-8554-4d1c-9efe-d356d82cfcc4-groupManagement] INFO  server.RaftServerConfigKeys (ConfUtils.java:logGet(46)) - raft.server.log.segment.size.max = 67108864 (custom)
2024-04-28 12:45:30,976 [81492a0b-8554-4d1c-9efe-d356d82cfcc4-groupManagement] INFO  server.RaftServerConfigKeys (ConfUtils.java:logGet(46)) - raft.server.log.preallocated.size = 4194304 (custom)
2024-04-28 12:45:30,976 [81492a0b-8554-4d1c-9efe-d356d82cfcc4-groupManagement] INFO  server.RaftServerConfigKeys (ConfUtils.java:logGet(46)) - raft.server.log.force.sync.num = 128 (default)
2024-04-28 12:45:30,976 [81492a0b-8554-4d1c-9efe-d356d82cfcc4-groupManagement] INFO  server.RaftServerConfigKeys (ConfUtils.java:logGet(46)) - raft.server.log.statemachine.data.sync = true (default)
2024-04-28 12:45:30,976 [81492a0b-8554-4d1c-9efe-d356d82cfcc4-groupManagement] INFO  server.RaftServerConfigKeys (ConfUtils.java:logGet(46)) - raft.server.log.statemachine.data.sync.timeout = 10s (default)
2024-04-28 12:45:30,976 [81492a0b-8554-4d1c-9efe-d356d82cfcc4-groupManagement] INFO  server.RaftServerConfigKeys (ConfUtils.java:logGet(46)) - raft.server.log.statemachine.data.sync.timeout.retry = 30 (custom)
2024-04-28 12:45:30,976 [81492a0b-8554-4d1c-9efe-d356d82cfcc4-groupManagement] INFO  server.RaftServerConfigKeys (ConfUtils.java:logGet(46)) - raft.server.log.write.buffer.size = 8388616 (custom)
2024-04-28 12:45:30,977 [81492a0b-8554-4d1c-9efe-d356d82cfcc4-groupManagement] INFO  server.RaftServerConfigKeys (ConfUtils.java:logGet(46)) - raft.server.log.appender.buffer.byte-limit = 8388608 (custom)
2024-04-28 12:45:30,977 [81492a0b-8554-4d1c-9efe-d356d82cfcc4-groupManagement] INFO  server.RaftServerConfigKeys (ConfUtils.java:logGet(46)) - raft.server.log.unsafe-flush.enabled = false (default)
2024-04-28 12:45:30,977 [81492a0b-8554-4d1c-9efe-d356d82cfcc4-groupManagement] INFO  server.RaftServerConfigKeys (ConfUtils.java:logGet(46)) - raft.server.log.async-flush.enabled = false (default)
2024-04-28 12:45:30,977 [81492a0b-8554-4d1c-9efe-d356d82cfcc4-groupManagement] INFO  server.RaftServerConfigKeys (ConfUtils.java:logGet(46)) - raft.server.log.statemachine.data.caching.enabled = true (custom)
2024-04-28 12:45:30,977 [81492a0b-8554-4d1c-9efe-d356d82cfcc4-groupManagement] INFO  segmented.SegmentedRaftLogWorker (SegmentedRaftLogWorker.java:lambda$new$0(134)) - 81492a0b-8554-4d1c-9efe-d356d82cfcc4@group-95D7CE87CC4E-SegmentedRaftLogWorker: flushIndex: setUnconditionally 0 -> -1
2024-04-28 12:45:30,977 [81492a0b-8554-4d1c-9efe-d356d82cfcc4-groupManagement] INFO  segmented.SegmentedRaftLogWorker (SegmentedRaftLogWorker.java:lambda$new$0(134)) - 81492a0b-8554-4d1c-9efe-d356d82cfcc4@group-95D7CE87CC4E-SegmentedRaftLogWorker: safeCacheEvictIndex: setUnconditionally 0 -> -1
2024-04-28 12:45:30,978 [81492a0b-8554-4d1c-9efe-d356d82cfcc4-groupManagement] INFO  server.RaftServer$Division (RaftServerImpl.java:start(396)) - 81492a0b-8554-4d1c-9efe-d356d82cfcc4@group-95D7CE87CC4E: start as a follower, conf=-1: peers:[81492a0b-8554-4d1c-9efe-d356d82cfcc4|127.0.0.1:15388, a004c341-03e6-4aa5-a556-61598c35a019|127.0.0.1:15379, 09d2ac22-859d-47ff-b3c3-58a3590cb163|127.0.0.1:15370]|listeners:[], old=null
2024-04-28 12:45:30,978 [81492a0b-8554-4d1c-9efe-d356d82cfcc4-groupManagement] INFO  server.RaftServer$Division (RaftServerImpl.java:setRole(383)) - 81492a0b-8554-4d1c-9efe-d356d82cfcc4@group-95D7CE87CC4E: changes role from      null to FOLLOWER at term 0 for startAsFollower
2024-04-28 12:45:30,978 [81492a0b-8554-4d1c-9efe-d356d82cfcc4-groupManagement] INFO  impl.RoleInfo (RoleInfo.java:updateAndGet(139)) - 81492a0b-8554-4d1c-9efe-d356d82cfcc4: start 81492a0b-8554-4d1c-9efe-d356d82cfcc4@group-95D7CE87CC4E-FollowerState
2024-04-28 12:45:30,978 [81492a0b-8554-4d1c-9efe-d356d82cfcc4-groupManagement] INFO  util.JmxRegister (JmxRegister.java:tryRegister(44)) - Successfully registered JMX Bean with object name Ratis:service=RaftServer,group=group-95D7CE87CC4E,id=81492a0b-8554-4d1c-9efe-d356d82cfcc4
2024-04-28 12:45:30,978 [81492a0b-8554-4d1c-9efe-d356d82cfcc4@group-95D7CE87CC4E-FollowerState] INFO  server.RaftServerConfigKeys (ConfUtils.java:logFallback(53)) - raft.server.rpc.first-election.timeout.min = 5s (fallback to raft.server.rpc.timeout.min)
2024-04-28 12:45:30,978 [81492a0b-8554-4d1c-9efe-d356d82cfcc4-groupManagement] INFO  server.RaftServerConfigKeys (ConfUtils.java:logGet(46)) - raft.server.snapshot.trigger-when-stop.enabled = true (default)
2024-04-28 12:45:30,978 [81492a0b-8554-4d1c-9efe-d356d82cfcc4-groupManagement] INFO  server.RaftServerConfigKeys (ConfUtils.java:logGet(46)) - raft.server.snapshot.auto.trigger.enabled = true (custom)
2024-04-28 12:45:30,978 [81492a0b-8554-4d1c-9efe-d356d82cfcc4@group-95D7CE87CC4E-FollowerState] INFO  server.RaftServerConfigKeys (ConfUtils.java:logFallback(53)) - raft.server.rpc.first-election.timeout.max = 5200ms (fallback to raft.server.rpc.timeout.max)
2024-04-28 12:45:30,978 [81492a0b-8554-4d1c-9efe-d356d82cfcc4-groupManagement] INFO  server.RaftServerConfigKeys (ConfUtils.java:logGet(46)) - raft.server.snapshot.auto.trigger.threshold = 10000 (custom)
2024-04-28 12:45:30,978 [81492a0b-8554-4d1c-9efe-d356d82cfcc4-groupManagement] INFO  server.RaftServerConfigKeys (ConfUtils.java:logGet(46)) - raft.server.snapshot.retention.file.num = 5 (custom)
2024-04-28 12:45:30,978 [81492a0b-8554-4d1c-9efe-d356d82cfcc4-groupManagement] INFO  server.RaftServerConfigKeys (ConfUtils.java:logGet(46)) - raft.server.log.purge.upto.snapshot.index = false (default)
2024-04-28 12:45:30,983 [a004c341-03e6-4aa5-a556-61598c35a019-PipelineCommandHandlerThread-0] INFO  server.RaftServer (RaftServerProxy.java:addNew(100)) - a004c341-03e6-4aa5-a556-61598c35a019: addNew group-26F2B1E88B2E:[a004c341-03e6-4aa5-a556-61598c35a019|127.0.0.1:15379] returns group-26F2B1E88B2E:java.util.concurrent.CompletableFuture@6e2a3406[Not completed]
2024-04-28 12:45:30,984 [a004c341-03e6-4aa5-a556-61598c35a019-groupManagement] INFO  server.RaftServer$Division (RaftServerImpl.java:<init>(256)) - a004c341-03e6-4aa5-a556-61598c35a019: new RaftServerImpl for group-26F2B1E88B2E:[a004c341-03e6-4aa5-a556-61598c35a019|127.0.0.1:15379] with ContainerStateMachine:uninitialized
2024-04-28 12:45:30,984 [a004c341-03e6-4aa5-a556-61598c35a019-groupManagement] INFO  server.RaftServerConfigKeys (ConfUtils.java:logGet(46)) - raft.server.rpc.timeout.min = 5s (custom)
2024-04-28 12:45:30,984 [a004c341-03e6-4aa5-a556-61598c35a019-groupManagement] INFO  server.RaftServerConfigKeys (ConfUtils.java:logGet(46)) - raft.server.rpc.timeout.max = 5200ms (custom)
2024-04-28 12:45:30,984 [a004c341-03e6-4aa5-a556-61598c35a019-groupManagement] INFO  server.RaftServerConfigKeys (ConfUtils.java:logGet(46)) - raft.server.rpc.sleep.time = 25ms (default)
2024-04-28 12:45:30,984 [a004c341-03e6-4aa5-a556-61598c35a019-groupManagement] INFO  server.RaftServerConfigKeys (ConfUtils.java:logGet(46)) - raft.server.rpc.slowness.timeout = 300000ms (custom)
2024-04-28 12:45:30,984 [a004c341-03e6-4aa5-a556-61598c35a019-groupManagement] INFO  server.RaftServerConfigKeys (ConfUtils.java:logGet(46)) - raft.server.leaderelection.leader.step-down.wait-time = 10s (default)
2024-04-28 12:45:30,984 [a004c341-03e6-4aa5-a556-61598c35a019-groupManagement] INFO  server.RaftServerConfigKeys (ConfUtils.java:logGet(46)) - raft.server.leaderelection.member.majority-add = false (default)
2024-04-28 12:45:30,984 [a004c341-03e6-4aa5-a556-61598c35a019-groupManagement] INFO  server.RaftServerConfigKeys (ConfUtils.java:logGet(46)) - raft.server.sleep.deviation.threshold = 300ms (default)
2024-04-28 12:45:30,984 [a004c341-03e6-4aa5-a556-61598c35a019-groupManagement] INFO  server.RaftServer$Division (ServerState.java:<init>(113)) - a004c341-03e6-4aa5-a556-61598c35a019@group-26F2B1E88B2E: ConfigurationManager, init=-1: peers:[a004c341-03e6-4aa5-a556-61598c35a019|127.0.0.1:15379]|listeners:[], old=null, confs=<EMPTY_MAP>
2024-04-28 12:45:30,984 [a004c341-03e6-4aa5-a556-61598c35a019-groupManagement] INFO  server.RaftServerConfigKeys (ConfUtils.java:logGet(46)) - raft.server.notification.no-leader.timeout = 300000ms (custom)
2024-04-28 12:45:30,984 [a004c341-03e6-4aa5-a556-61598c35a019-groupManagement] INFO  server.RaftServerConfigKeys (ConfUtils.java:logGet(46)) - raft.server.read.timeout = 10s (default)
2024-04-28 12:45:30,984 [a004c341-03e6-4aa5-a556-61598c35a019-groupManagement] INFO  server.RaftServerConfigKeys (ConfUtils.java:logGet(46)) - raft.server.retrycache.expirytime = 600000ms (custom)
2024-04-28 12:45:30,984 [a004c341-03e6-4aa5-a556-61598c35a019-groupManagement] INFO  server.RaftServerConfigKeys (ConfUtils.java:logGet(46)) - raft.server.retrycache.statistics.expirytime = 100ms (default)
2024-04-28 12:45:30,985 [a004c341-03e6-4aa5-a556-61598c35a019-groupManagement] INFO  server.RaftServerConfigKeys (ConfUtils.java:logGet(46)) - raft.server.read.option = DEFAULT (default)
2024-04-28 12:45:30,985 [a004c341-03e6-4aa5-a556-61598c35a019-groupManagement] INFO  server.RaftServerConfigKeys (ConfUtils.java:logGet(46)) - raft.server.read.read-after-write-consistent.write-index-cache.expiry-time = 60s (default)
2024-04-28 12:45:30,985 [grpc-default-executor-0] INFO  server.RaftServer (RaftServerProxy.java:addNew(100)) - a004c341-03e6-4aa5-a556-61598c35a019: addNew group-95D7CE87CC4E:[81492a0b-8554-4d1c-9efe-d356d82cfcc4|127.0.0.1:15388, a004c341-03e6-4aa5-a556-61598c35a019|127.0.0.1:15379, 09d2ac22-859d-47ff-b3c3-58a3590cb163|127.0.0.1:15370] returns group-95D7CE87CC4E:java.util.concurrent.CompletableFuture@4be5ae53[Not completed]
2024-04-28 12:45:30,986 [a004c341-03e6-4aa5-a556-61598c35a019-groupManagement] INFO  server.RaftServerConfigKeys (ConfUtils.java:logGet(46)) - raft.server.rpc.request.timeout = 3000ms (default)
2024-04-28 12:45:30,987 [a004c341-03e6-4aa5-a556-61598c35a019-groupManagement] INFO  server.RaftServerConfigKeys (ConfUtils.java:logGet(46)) - raft.server.log.appender.install.snapshot.enabled = false (custom)
2024-04-28 12:45:30,987 [a004c341-03e6-4aa5-a556-61598c35a019-groupManagement] INFO  server.RaftServerConfigKeys (ConfUtils.java:logGet(46)) - raft.server.threadpool.server.cached = true (default)
2024-04-28 12:45:30,987 [a004c341-03e6-4aa5-a556-61598c35a019-groupManagement] INFO  server.RaftServerConfigKeys (ConfUtils.java:logGet(46)) - raft.server.threadpool.server.size = 0 (default)
2024-04-28 12:45:30,987 [a004c341-03e6-4aa5-a556-61598c35a019-groupManagement] INFO  server.RaftServerConfigKeys (ConfUtils.java:logGet(46)) - raft.server.threadpool.client.cached = true (default)
2024-04-28 12:45:30,987 [a004c341-03e6-4aa5-a556-61598c35a019-groupManagement] INFO  server.RaftServerConfigKeys (ConfUtils.java:logGet(46)) - raft.server.threadpool.client.size = 0 (default)
2024-04-28 12:45:30,987 [a004c341-03e6-4aa5-a556-61598c35a019-groupManagement] INFO  server.RaftServer$Division (RaftServerImpl.java:<init>(256)) - a004c341-03e6-4aa5-a556-61598c35a019: new RaftServerImpl for group-95D7CE87CC4E:[81492a0b-8554-4d1c-9efe-d356d82cfcc4|127.0.0.1:15388, a004c341-03e6-4aa5-a556-61598c35a019|127.0.0.1:15379, 09d2ac22-859d-47ff-b3c3-58a3590cb163|127.0.0.1:15370] with ContainerStateMachine:uninitialized
2024-04-28 12:45:30,987 [a004c341-03e6-4aa5-a556-61598c35a019-groupManagement] INFO  server.RaftServerConfigKeys (ConfUtils.java:logGet(46)) - raft.server.rpc.timeout.min = 5s (custom)
2024-04-28 12:45:30,987 [a004c341-03e6-4aa5-a556-61598c35a019-groupManagement] INFO  server.RaftServerConfigKeys (ConfUtils.java:logGet(46)) - raft.server.rpc.timeout.max = 5200ms (custom)
2024-04-28 12:45:30,987 [a004c341-03e6-4aa5-a556-61598c35a019-groupManagement] INFO  server.RaftServerConfigKeys (ConfUtils.java:logGet(46)) - raft.server.rpc.sleep.time = 25ms (default)
2024-04-28 12:45:30,987 [a004c341-03e6-4aa5-a556-61598c35a019-groupManagement] INFO  server.RaftServerConfigKeys (ConfUtils.java:logGet(46)) - raft.server.rpc.slowness.timeout = 300000ms (custom)
2024-04-28 12:45:30,987 [a004c341-03e6-4aa5-a556-61598c35a019-groupManagement] INFO  server.RaftServerConfigKeys (ConfUtils.java:logGet(46)) - raft.server.leaderelection.leader.step-down.wait-time = 10s (default)
2024-04-28 12:45:30,987 [a004c341-03e6-4aa5-a556-61598c35a019-groupManagement] INFO  server.RaftServerConfigKeys (ConfUtils.java:logGet(46)) - raft.server.leaderelection.member.majority-add = false (default)
2024-04-28 12:45:30,987 [a004c341-03e6-4aa5-a556-61598c35a019-groupManagement] INFO  server.RaftServerConfigKeys (ConfUtils.java:logGet(46)) - raft.server.sleep.deviation.threshold = 300ms (default)
2024-04-28 12:45:30,987 [a004c341-03e6-4aa5-a556-61598c35a019-groupManagement] INFO  server.RaftServer$Division (ServerState.java:<init>(113)) - a004c341-03e6-4aa5-a556-61598c35a019@group-95D7CE87CC4E: ConfigurationManager, init=-1: peers:[81492a0b-8554-4d1c-9efe-d356d82cfcc4|127.0.0.1:15388, a004c341-03e6-4aa5-a556-61598c35a019|127.0.0.1:15379, 09d2ac22-859d-47ff-b3c3-58a3590cb163|127.0.0.1:15370]|listeners:[], old=null, confs=<EMPTY_MAP>
2024-04-28 12:45:30,988 [a004c341-03e6-4aa5-a556-61598c35a019-groupManagement] INFO  server.RaftServerConfigKeys (ConfUtils.java:logGet(46)) - raft.server.notification.no-leader.timeout = 300000ms (custom)
2024-04-28 12:45:30,988 [a004c341-03e6-4aa5-a556-61598c35a019-groupManagement] INFO  server.RaftServerConfigKeys (ConfUtils.java:logGet(46)) - raft.server.read.timeout = 10s (default)
2024-04-28 12:45:30,988 [a004c341-03e6-4aa5-a556-61598c35a019-groupManagement] INFO  server.RaftServerConfigKeys (ConfUtils.java:logGet(46)) - raft.server.retrycache.expirytime = 600000ms (custom)
2024-04-28 12:45:30,988 [a004c341-03e6-4aa5-a556-61598c35a019-groupManagement] INFO  server.RaftServerConfigKeys (ConfUtils.java:logGet(46)) - raft.server.retrycache.statistics.expirytime = 100ms (default)
2024-04-28 12:45:30,988 [a004c341-03e6-4aa5-a556-61598c35a019-groupManagement] INFO  server.RaftServerConfigKeys (ConfUtils.java:logGet(46)) - raft.server.read.option = DEFAULT (default)
2024-04-28 12:45:30,988 [a004c341-03e6-4aa5-a556-61598c35a019-groupManagement] INFO  server.RaftServerConfigKeys (ConfUtils.java:logGet(46)) - raft.server.read.read-after-write-consistent.write-index-cache.expiry-time = 60s (default)
2024-04-28 12:45:30,989 [a004c341-03e6-4aa5-a556-61598c35a019-groupManagement] INFO  server.RaftServerConfigKeys (ConfUtils.java:logGet(46)) - raft.server.rpc.request.timeout = 3000ms (default)
2024-04-28 12:45:30,989 [a004c341-03e6-4aa5-a556-61598c35a019-groupManagement] INFO  server.RaftServerConfigKeys (ConfUtils.java:logGet(46)) - raft.server.log.appender.install.snapshot.enabled = false (custom)
2024-04-28 12:45:30,989 [a004c341-03e6-4aa5-a556-61598c35a019-groupManagement] INFO  server.RaftServerConfigKeys (ConfUtils.java:logGet(46)) - raft.server.threadpool.server.cached = true (default)
2024-04-28 12:45:30,989 [a004c341-03e6-4aa5-a556-61598c35a019-groupManagement] INFO  server.RaftServerConfigKeys (ConfUtils.java:logGet(46)) - raft.server.threadpool.server.size = 0 (default)
2024-04-28 12:45:30,989 [a004c341-03e6-4aa5-a556-61598c35a019-groupManagement] INFO  server.RaftServerConfigKeys (ConfUtils.java:logGet(46)) - raft.server.threadpool.client.cached = true (default)
2024-04-28 12:45:30,990 [a004c341-03e6-4aa5-a556-61598c35a019-groupManagement] INFO  server.RaftServerConfigKeys (ConfUtils.java:logGet(46)) - raft.server.threadpool.client.size = 0 (default)
2024-04-28 12:45:30,990 [a004c341-03e6-4aa5-a556-61598c35a019-groupManagement] INFO  server.RaftServerConfigKeys (ConfUtils.java:logGet(46)) - raft.server.storage.free-space.min = 0MB (=0) (default)
2024-04-28 12:45:30,990 [a004c341-03e6-4aa5-a556-61598c35a019-groupManagement] INFO  server.RaftServerConfigKeys (ConfUtils.java:logGet(46)) - raft.server.log.corruption.policy = EXCEPTION (default)
2024-04-28 12:45:30,990 [a004c341-03e6-4aa5-a556-61598c35a019-groupManagement] INFO  server.RaftServerConfigKeys (ConfUtils.java:logGet(46)) - raft.server.storage.dir = [/home/runner/work/ozone/ozone/hadoop-ozone/integration-test/target/test-dir/MiniOzoneClusterImpl-4444f751-856d-4595-ad15-e87fc76049bc/ozone-meta/datanode-2/ratis] (custom)
2024-04-28 12:45:30,990 [a004c341-03e6-4aa5-a556-61598c35a019-groupManagement] INFO  storage.RaftStorageDirectory (RaftStorageDirectoryImpl.java:analyzeStorage(138)) - The storage directory /home/runner/work/ozone/ozone/hadoop-ozone/integration-test/target/test-dir/MiniOzoneClusterImpl-4444f751-856d-4595-ad15-e87fc76049bc/ozone-meta/datanode-2/ratis/21fad630-9ed0-441c-8afb-26f2b1e88b2e does not exist. Creating ...
2024-04-28 12:45:30,992 [a004c341-03e6-4aa5-a556-61598c35a019-groupManagement] INFO  storage.RaftStorageDirectory (RaftStorageDirectoryImpl.java:tryLock(228)) - Lock on /home/runner/work/ozone/ozone/hadoop-ozone/integration-test/target/test-dir/MiniOzoneClusterImpl-4444f751-856d-4595-ad15-e87fc76049bc/ozone-meta/datanode-2/ratis/21fad630-9ed0-441c-8afb-26f2b1e88b2e/in_use.lock acquired by nodename 21404@fv-az1392-52
2024-04-28 12:45:30,993 [a004c341-03e6-4aa5-a556-61598c35a019-groupManagement] INFO  storage.RaftStorage (RaftStorageImpl.java:format(99)) - Storage directory /home/runner/work/ozone/ozone/hadoop-ozone/integration-test/target/test-dir/MiniOzoneClusterImpl-4444f751-856d-4595-ad15-e87fc76049bc/ozone-meta/datanode-2/ratis/21fad630-9ed0-441c-8afb-26f2b1e88b2e has been successfully formatted.
2024-04-28 12:45:30,993 [a004c341-03e6-4aa5-a556-61598c35a019-groupManagement] WARN  util.FileUtils (LogUtils.java:supplyAndLog(63)) - Failed to Files.newInputStream /home/runner/work/ozone/ozone/hadoop-ozone/integration-test/target/test-dir/MiniOzoneClusterImpl-4444f751-856d-4595-ad15-e87fc76049bc/ozone-meta/datanode-2/ratis/21fad630-9ed0-441c-8afb-26f2b1e88b2e/current/raft-meta.conf with options []: java.nio.file.NoSuchFileException: /home/runner/work/ozone/ozone/hadoop-ozone/integration-test/target/test-dir/MiniOzoneClusterImpl-4444f751-856d-4595-ad15-e87fc76049bc/ozone-meta/datanode-2/ratis/21fad630-9ed0-441c-8afb-26f2b1e88b2e/current/raft-meta.conf
2024-04-28 12:45:30,994 [a004c341-03e6-4aa5-a556-61598c35a019-groupManagement] INFO  ratis.ContainerStateMachine (ContainerStateMachine.java:loadSnapshot(287)) - group-26F2B1E88B2E: The snapshot info is null. Setting the last applied index to:(t:0, i:~)
2024-04-28 12:45:30,994 [a004c341-03e6-4aa5-a556-61598c35a019-groupManagement] INFO  server.RaftServerConfigKeys (ConfUtils.java:logGet(46)) - raft.server.log.use.memory = false (default)
2024-04-28 12:45:30,994 [a004c341-03e6-4aa5-a556-61598c35a019-groupManagement] INFO  server.RaftServerConfigKeys (ConfUtils.java:logGet(46)) - raft.server.log.purge.gap = 1000000 (custom)
2024-04-28 12:45:30,994 [a004c341-03e6-4aa5-a556-61598c35a019-groupManagement] INFO  server.RaftServerConfigKeys (ConfUtils.java:logGet(46)) - raft.server.log.appender.buffer.byte-limit = 8388608 (custom)
2024-04-28 12:45:30,994 [a004c341-03e6-4aa5-a556-61598c35a019-groupManagement] INFO  server.RaftServerConfigKeys (ConfUtils.java:logGet(46)) - raft.server.log.statemachine.data.read.timeout = 1000ms (default)
2024-04-28 12:45:30,994 [a004c341-03e6-4aa5-a556-61598c35a019-groupManagement] INFO  server.RaftServerConfigKeys (ConfUtils.java:logGet(46)) - raft.server.log.purge.preservation.log.num = 0 (default)
2024-04-28 12:45:30,994 [EventQueue-PipelineReportForPipelineReportHandler] INFO  pipeline.PipelineReportHandler (PipelineReportHandler.java:processPipelineReport(136)) - Opened pipeline PipelineID=21fad630-9ed0-441c-8afb-26f2b1e88b2e
2024-04-28 12:45:30,994 [EventQueue-OpenPipelineForHealthyPipelineSafeModeRule] INFO  safemode.SCMSafeModeManager (HealthyPipelineSafeModeRule.java:process(140)) - SCM in safe mode. Healthy pipelines reported count is 0, required healthy pipeline reported count is 1
2024-04-28 12:45:30,995 [a004c341-03e6-4aa5-a556-61598c35a019-groupManagement] INFO  server.RaftServerConfigKeys (ConfUtils.java:logGet(46)) - raft.server.log.segment.size.max = 67108864 (custom)
2024-04-28 12:45:30,995 [a004c341-03e6-4aa5-a556-61598c35a019-groupManagement] INFO  server.RaftServerConfigKeys (ConfUtils.java:logGet(46)) - raft.server.log.segment.cache.num.max = 2 (custom)
2024-04-28 12:45:30,995 [a004c341-03e6-4aa5-a556-61598c35a019-groupManagement] INFO  server.RaftServerConfigKeys (ConfUtils.java:logGet(46)) - raft.server.log.segment.cache.size.max = 200MB (=209715200) (default)
2024-04-28 12:45:30,995 [a004c341-03e6-4aa5-a556-61598c35a019-groupManagement] INFO  server.RaftServerConfigKeys (ConfUtils.java:logGet(46)) - raft.server.log.appender.buffer.byte-limit = 8388608 (custom)
2024-04-28 12:45:30,996 [a004c341-03e6-4aa5-a556-61598c35a019-groupManagement] INFO  util.AwaitToRun (AwaitToRun.java:start(81)) - Thread[a004c341-03e6-4aa5-a556-61598c35a019@group-26F2B1E88B2E-cacheEviction-AwaitToRun,5,main] started
2024-04-28 12:45:30,996 [a004c341-03e6-4aa5-a556-61598c35a019-groupManagement] INFO  segmented.SegmentedRaftLogWorker (SegmentedRaftLogWorker.java:<init>(182)) - new a004c341-03e6-4aa5-a556-61598c35a019@group-26F2B1E88B2E-SegmentedRaftLogWorker for RaftStorageImpl:Storage Directory /home/runner/work/ozone/ozone/hadoop-ozone/integration-test/target/test-dir/MiniOzoneClusterImpl-4444f751-856d-4595-ad15-e87fc76049bc/ozone-meta/datanode-2/ratis/21fad630-9ed0-441c-8afb-26f2b1e88b2e
2024-04-28 12:45:30,996 [a004c341-03e6-4aa5-a556-61598c35a019-groupManagement] INFO  server.RaftServerConfigKeys (ConfUtils.java:logGet(46)) - raft.server.log.queue.byte-limit = 4294967296 (custom)
2024-04-28 12:45:30,996 [a004c341-03e6-4aa5-a556-61598c35a019-groupManagement] INFO  server.RaftServerConfigKeys (ConfUtils.java:logGet(46)) - raft.server.log.queue.element-limit = 1024 (custom)
2024-04-28 12:45:30,996 [a004c341-03e6-4aa5-a556-61598c35a019-groupManagement] INFO  server.RaftServerConfigKeys (ConfUtils.java:logGet(46)) - raft.server.log.segment.size.max = 67108864 (custom)
2024-04-28 12:45:30,996 [a004c341-03e6-4aa5-a556-61598c35a019-groupManagement] INFO  server.RaftServerConfigKeys (ConfUtils.java:logGet(46)) - raft.server.log.preallocated.size = 4194304 (custom)
2024-04-28 12:45:30,996 [a004c341-03e6-4aa5-a556-61598c35a019-groupManagement] INFO  server.RaftServerConfigKeys (ConfUtils.java:logGet(46)) - raft.server.log.force.sync.num = 128 (default)
2024-04-28 12:45:30,996 [a004c341-03e6-4aa5-a556-61598c35a019-groupManagement] INFO  server.RaftServerConfigKeys (ConfUtils.java:logGet(46)) - raft.server.log.statemachine.data.sync = true (default)
2024-04-28 12:45:30,996 [a004c341-03e6-4aa5-a556-61598c35a019-groupManagement] INFO  server.RaftServerConfigKeys (ConfUtils.java:logGet(46)) - raft.server.log.statemachine.data.sync.timeout = 10s (default)
2024-04-28 12:45:30,996 [a004c341-03e6-4aa5-a556-61598c35a019-groupManagement] INFO  server.RaftServerConfigKeys (ConfUtils.java:logGet(46)) - raft.server.log.statemachine.data.sync.timeout.retry = 30 (custom)
2024-04-28 12:45:30,996 [a004c341-03e6-4aa5-a556-61598c35a019-groupManagement] INFO  server.RaftServerConfigKeys (ConfUtils.java:logGet(46)) - raft.server.log.write.buffer.size = 8388616 (custom)
2024-04-28 12:45:30,997 [a004c341-03e6-4aa5-a556-61598c35a019-groupManagement] INFO  server.RaftServerConfigKeys (ConfUtils.java:logGet(46)) - raft.server.log.appender.buffer.byte-limit = 8388608 (custom)
2024-04-28 12:45:30,997 [a004c341-03e6-4aa5-a556-61598c35a019-groupManagement] INFO  server.RaftServerConfigKeys (ConfUtils.java:logGet(46)) - raft.server.log.unsafe-flush.enabled = false (default)
2024-04-28 12:45:30,997 [a004c341-03e6-4aa5-a556-61598c35a019-groupManagement] INFO  server.RaftServerConfigKeys (ConfUtils.java:logGet(46)) - raft.server.log.async-flush.enabled = false (default)
2024-04-28 12:45:30,998 [a004c341-03e6-4aa5-a556-61598c35a019-groupManagement] INFO  server.RaftServerConfigKeys (ConfUtils.java:logGet(46)) - raft.server.log.statemachine.data.caching.enabled = true (custom)
2024-04-28 12:45:30,998 [a004c341-03e6-4aa5-a556-61598c35a019-groupManagement] INFO  segmented.SegmentedRaftLogWorker (SegmentedRaftLogWorker.java:lambda$new$0(134)) - a004c341-03e6-4aa5-a556-61598c35a019@group-26F2B1E88B2E-SegmentedRaftLogWorker: flushIndex: setUnconditionally 0 -> -1
2024-04-28 12:45:30,998 [a004c341-03e6-4aa5-a556-61598c35a019-groupManagement] INFO  segmented.SegmentedRaftLogWorker (SegmentedRaftLogWorker.java:lambda$new$0(134)) - a004c341-03e6-4aa5-a556-61598c35a019@group-26F2B1E88B2E-SegmentedRaftLogWorker: safeCacheEvictIndex: setUnconditionally 0 -> -1
2024-04-28 12:45:30,998 [a004c341-03e6-4aa5-a556-61598c35a019-groupManagement] INFO  server.RaftServer$Division (RaftServerImpl.java:start(396)) - a004c341-03e6-4aa5-a556-61598c35a019@group-26F2B1E88B2E: start as a follower, conf=-1: peers:[a004c341-03e6-4aa5-a556-61598c35a019|127.0.0.1:15379]|listeners:[], old=null
2024-04-28 12:45:30,998 [a004c341-03e6-4aa5-a556-61598c35a019-groupManagement] INFO  server.RaftServer$Division (RaftServerImpl.java:setRole(383)) - a004c341-03e6-4aa5-a556-61598c35a019@group-26F2B1E88B2E: changes role from      null to FOLLOWER at term 0 for startAsFollower
2024-04-28 12:45:30,998 [a004c341-03e6-4aa5-a556-61598c35a019-groupManagement] INFO  impl.RoleInfo (RoleInfo.java:updateAndGet(139)) - a004c341-03e6-4aa5-a556-61598c35a019: start a004c341-03e6-4aa5-a556-61598c35a019@group-26F2B1E88B2E-FollowerState
2024-04-28 12:45:30,998 [a004c341-03e6-4aa5-a556-61598c35a019-groupManagement] INFO  util.JmxRegister (JmxRegister.java:tryRegister(44)) - Successfully registered JMX Bean with object name Ratis:service=RaftServer,group=group-26F2B1E88B2E,id=a004c341-03e6-4aa5-a556-61598c35a019
2024-04-28 12:45:30,998 [a004c341-03e6-4aa5-a556-61598c35a019-groupManagement] INFO  server.RaftServerConfigKeys (ConfUtils.java:logGet(46)) - raft.server.snapshot.trigger-when-stop.enabled = true (default)
2024-04-28 12:45:30,998 [a004c341-03e6-4aa5-a556-61598c35a019-groupManagement] INFO  server.RaftServerConfigKeys (ConfUtils.java:logGet(46)) - raft.server.snapshot.auto.trigger.enabled = true (custom)
2024-04-28 12:45:30,998 [a004c341-03e6-4aa5-a556-61598c35a019-groupManagement] INFO  server.RaftServerConfigKeys (ConfUtils.java:logGet(46)) - raft.server.snapshot.auto.trigger.threshold = 10000 (custom)
2024-04-28 12:45:30,998 [a004c341-03e6-4aa5-a556-61598c35a019-groupManagement] INFO  server.RaftServerConfigKeys (ConfUtils.java:logGet(46)) - raft.server.snapshot.retention.file.num = 5 (custom)
2024-04-28 12:45:30,999 [a004c341-03e6-4aa5-a556-61598c35a019-groupManagement] INFO  server.RaftServerConfigKeys (ConfUtils.java:logGet(46)) - raft.server.log.purge.upto.snapshot.index = false (default)
2024-04-28 12:45:30,998 [a004c341-03e6-4aa5-a556-61598c35a019@group-26F2B1E88B2E-FollowerState] INFO  server.RaftServerConfigKeys (ConfUtils.java:logFallback(53)) - raft.server.rpc.first-election.timeout.min = 5s (fallback to raft.server.rpc.timeout.min)
2024-04-28 12:45:30,999 [a004c341-03e6-4aa5-a556-61598c35a019@group-26F2B1E88B2E-FollowerState] INFO  server.RaftServerConfigKeys (ConfUtils.java:logFallback(53)) - raft.server.rpc.first-election.timeout.max = 5200ms (fallback to raft.server.rpc.timeout.max)
2024-04-28 12:45:30,999 [a004c341-03e6-4aa5-a556-61598c35a019-groupManagement] INFO  server.RaftServerConfigKeys (ConfUtils.java:logGet(46)) - raft.server.storage.free-space.min = 0MB (=0) (default)
2024-04-28 12:45:30,999 [a004c341-03e6-4aa5-a556-61598c35a019-groupManagement] INFO  server.RaftServerConfigKeys (ConfUtils.java:logGet(46)) - raft.server.log.corruption.policy = EXCEPTION (default)
2024-04-28 12:45:30,999 [a004c341-03e6-4aa5-a556-61598c35a019-PipelineCommandHandlerThread-0] INFO  ratis.XceiverServerRatis (XceiverServerRatis.java:addGroup(864)) - Created group PipelineID=21fad630-9ed0-441c-8afb-26f2b1e88b2e
2024-04-28 12:45:30,999 [a004c341-03e6-4aa5-a556-61598c35a019-groupManagement] INFO  server.RaftServerConfigKeys (ConfUtils.java:logGet(46)) - raft.server.storage.dir = [/home/runner/work/ozone/ozone/hadoop-ozone/integration-test/target/test-dir/MiniOzoneClusterImpl-4444f751-856d-4595-ad15-e87fc76049bc/ozone-meta/datanode-2/ratis] (custom)
2024-04-28 12:45:30,999 [a004c341-03e6-4aa5-a556-61598c35a019-PipelineCommandHandlerThread-0] INFO  commandhandler.CreatePipelineCommandHandler (CreatePipelineCommandHandler.java:lambda$handle$2(124)) - Created Pipeline RATIS ONE PipelineID=21fad630-9ed0-441c-8afb-26f2b1e88b2e.
2024-04-28 12:45:30,999 [a004c341-03e6-4aa5-a556-61598c35a019-groupManagement] INFO  storage.RaftStorageDirectory (RaftStorageDirectoryImpl.java:analyzeStorage(138)) - The storage directory /home/runner/work/ozone/ozone/hadoop-ozone/integration-test/target/test-dir/MiniOzoneClusterImpl-4444f751-856d-4595-ad15-e87fc76049bc/ozone-meta/datanode-2/ratis/e6266c66-032f-47d0-be92-95d7ce87cc4e does not exist. Creating ...
2024-04-28 12:45:31,001 [a004c341-03e6-4aa5-a556-61598c35a019-groupManagement] INFO  storage.RaftStorageDirectory (RaftStorageDirectoryImpl.java:tryLock(228)) - Lock on /home/runner/work/ozone/ozone/hadoop-ozone/integration-test/target/test-dir/MiniOzoneClusterImpl-4444f751-856d-4595-ad15-e87fc76049bc/ozone-meta/datanode-2/ratis/e6266c66-032f-47d0-be92-95d7ce87cc4e/in_use.lock acquired by nodename 21404@fv-az1392-52
2024-04-28 12:45:31,002 [a004c341-03e6-4aa5-a556-61598c35a019-groupManagement] INFO  storage.RaftStorage (RaftStorageImpl.java:format(99)) - Storage directory /home/runner/work/ozone/ozone/hadoop-ozone/integration-test/target/test-dir/MiniOzoneClusterImpl-4444f751-856d-4595-ad15-e87fc76049bc/ozone-meta/datanode-2/ratis/e6266c66-032f-47d0-be92-95d7ce87cc4e has been successfully formatted.
2024-04-28 12:45:31,002 [a004c341-03e6-4aa5-a556-61598c35a019-groupManagement] WARN  util.FileUtils (LogUtils.java:supplyAndLog(63)) - Failed to Files.newInputStream /home/runner/work/ozone/ozone/hadoop-ozone/integration-test/target/test-dir/MiniOzoneClusterImpl-4444f751-856d-4595-ad15-e87fc76049bc/ozone-meta/datanode-2/ratis/e6266c66-032f-47d0-be92-95d7ce87cc4e/current/raft-meta.conf with options []: java.nio.file.NoSuchFileException: /home/runner/work/ozone/ozone/hadoop-ozone/integration-test/target/test-dir/MiniOzoneClusterImpl-4444f751-856d-4595-ad15-e87fc76049bc/ozone-meta/datanode-2/ratis/e6266c66-032f-47d0-be92-95d7ce87cc4e/current/raft-meta.conf
2024-04-28 12:45:31,002 [a004c341-03e6-4aa5-a556-61598c35a019-groupManagement] INFO  ratis.ContainerStateMachine (ContainerStateMachine.java:loadSnapshot(287)) - group-95D7CE87CC4E: The snapshot info is null. Setting the last applied index to:(t:0, i:~)
2024-04-28 12:45:31,002 [a004c341-03e6-4aa5-a556-61598c35a019-groupManagement] INFO  server.RaftServerConfigKeys (ConfUtils.java:logGet(46)) - raft.server.log.use.memory = false (default)
2024-04-28 12:45:31,002 [a004c341-03e6-4aa5-a556-61598c35a019-groupManagement] INFO  server.RaftServerConfigKeys (ConfUtils.java:logGet(46)) - raft.server.log.purge.gap = 1000000 (custom)
2024-04-28 12:45:31,002 [a004c341-03e6-4aa5-a556-61598c35a019-groupManagement] INFO  server.RaftServerConfigKeys (ConfUtils.java:logGet(46)) - raft.server.log.appender.buffer.byte-limit = 8388608 (custom)
2024-04-28 12:45:31,002 [a004c341-03e6-4aa5-a556-61598c35a019-groupManagement] INFO  server.RaftServerConfigKeys (ConfUtils.java:logGet(46)) - raft.server.log.statemachine.data.read.timeout = 1000ms (default)
2024-04-28 12:45:31,002 [a004c341-03e6-4aa5-a556-61598c35a019-groupManagement] INFO  server.RaftServerConfigKeys (ConfUtils.java:logGet(46)) - raft.server.log.purge.preservation.log.num = 0 (default)
2024-04-28 12:45:31,003 [EventQueue-OpenPipelineForHealthyPipelineSafeModeRule] INFO  safemode.SCMSafeModeManager (HealthyPipelineSafeModeRule.java:process(140)) - SCM in safe mode. Healthy pipelines reported count is 0, required healthy pipeline reported count is 1
2024-04-28 12:45:31,004 [a004c341-03e6-4aa5-a556-61598c35a019-groupManagement] INFO  server.RaftServerConfigKeys (ConfUtils.java:logGet(46)) - raft.server.log.segment.size.max = 67108864 (custom)
2024-04-28 12:45:31,004 [a004c341-03e6-4aa5-a556-61598c35a019-groupManagement] INFO  server.RaftServerConfigKeys (ConfUtils.java:logGet(46)) - raft.server.log.segment.cache.num.max = 2 (custom)
2024-04-28 12:45:31,004 [a004c341-03e6-4aa5-a556-61598c35a019-groupManagement] INFO  server.RaftServerConfigKeys (ConfUtils.java:logGet(46)) - raft.server.log.segment.cache.size.max = 200MB (=209715200) (default)
2024-04-28 12:45:31,004 [a004c341-03e6-4aa5-a556-61598c35a019-groupManagement] INFO  server.RaftServerConfigKeys (ConfUtils.java:logGet(46)) - raft.server.log.appender.buffer.byte-limit = 8388608 (custom)
2024-04-28 12:45:31,004 [a004c341-03e6-4aa5-a556-61598c35a019-groupManagement] INFO  util.AwaitToRun (AwaitToRun.java:start(81)) - Thread[a004c341-03e6-4aa5-a556-61598c35a019@group-95D7CE87CC4E-cacheEviction-AwaitToRun,5,main] started
2024-04-28 12:45:31,004 [a004c341-03e6-4aa5-a556-61598c35a019-groupManagement] INFO  segmented.SegmentedRaftLogWorker (SegmentedRaftLogWorker.java:<init>(182)) - new a004c341-03e6-4aa5-a556-61598c35a019@group-95D7CE87CC4E-SegmentedRaftLogWorker for RaftStorageImpl:Storage Directory /home/runner/work/ozone/ozone/hadoop-ozone/integration-test/target/test-dir/MiniOzoneClusterImpl-4444f751-856d-4595-ad15-e87fc76049bc/ozone-meta/datanode-2/ratis/e6266c66-032f-47d0-be92-95d7ce87cc4e
2024-04-28 12:45:31,004 [a004c341-03e6-4aa5-a556-61598c35a019-groupManagement] INFO  server.RaftServerConfigKeys (ConfUtils.java:logGet(46)) - raft.server.log.queue.byte-limit = 4294967296 (custom)
2024-04-28 12:45:31,005 [a004c341-03e6-4aa5-a556-61598c35a019-groupManagement] INFO  server.RaftServerConfigKeys (ConfUtils.java:logGet(46)) - raft.server.log.queue.element-limit = 1024 (custom)
2024-04-28 12:45:31,005 [a004c341-03e6-4aa5-a556-61598c35a019-groupManagement] INFO  server.RaftServerConfigKeys (ConfUtils.java:logGet(46)) - raft.server.log.segment.size.max = 67108864 (custom)
2024-04-28 12:45:31,005 [a004c341-03e6-4aa5-a556-61598c35a019-groupManagement] INFO  server.RaftServerConfigKeys (ConfUtils.java:logGet(46)) - raft.server.log.preallocated.size = 4194304 (custom)
2024-04-28 12:45:31,005 [a004c341-03e6-4aa5-a556-61598c35a019-groupManagement] INFO  server.RaftServerConfigKeys (ConfUtils.java:logGet(46)) - raft.server.log.force.sync.num = 128 (default)
2024-04-28 12:45:31,005 [a004c341-03e6-4aa5-a556-61598c35a019-groupManagement] INFO  server.RaftServerConfigKeys (ConfUtils.java:logGet(46)) - raft.server.log.statemachine.data.sync = true (default)
2024-04-28 12:45:31,005 [a004c341-03e6-4aa5-a556-61598c35a019-groupManagement] INFO  server.RaftServerConfigKeys (ConfUtils.java:logGet(46)) - raft.server.log.statemachine.data.sync.timeout = 10s (default)
2024-04-28 12:45:31,005 [a004c341-03e6-4aa5-a556-61598c35a019-groupManagement] INFO  server.RaftServerConfigKeys (ConfUtils.java:logGet(46)) - raft.server.log.statemachine.data.sync.timeout.retry = 30 (custom)
2024-04-28 12:45:31,005 [a004c341-03e6-4aa5-a556-61598c35a019-groupManagement] INFO  server.RaftServerConfigKeys (ConfUtils.java:logGet(46)) - raft.server.log.write.buffer.size = 8388616 (custom)
2024-04-28 12:45:31,006 [a004c341-03e6-4aa5-a556-61598c35a019-groupManagement] INFO  server.RaftServerConfigKeys (ConfUtils.java:logGet(46)) - raft.server.log.appender.buffer.byte-limit = 8388608 (custom)
2024-04-28 12:45:31,006 [a004c341-03e6-4aa5-a556-61598c35a019-groupManagement] INFO  server.RaftServerConfigKeys (ConfUtils.java:logGet(46)) - raft.server.log.unsafe-flush.enabled = false (default)
2024-04-28 12:45:31,006 [a004c341-03e6-4aa5-a556-61598c35a019-groupManagement] INFO  server.RaftServerConfigKeys (ConfUtils.java:logGet(46)) - raft.server.log.async-flush.enabled = false (default)
2024-04-28 12:45:31,006 [a004c341-03e6-4aa5-a556-61598c35a019-groupManagement] INFO  server.RaftServerConfigKeys (ConfUtils.java:logGet(46)) - raft.server.log.statemachine.data.caching.enabled = true (custom)
2024-04-28 12:45:31,006 [a004c341-03e6-4aa5-a556-61598c35a019-groupManagement] INFO  segmented.SegmentedRaftLogWorker (SegmentedRaftLogWorker.java:lambda$new$0(134)) - a004c341-03e6-4aa5-a556-61598c35a019@group-95D7CE87CC4E-SegmentedRaftLogWorker: flushIndex: setUnconditionally 0 -> -1
2024-04-28 12:45:31,006 [a004c341-03e6-4aa5-a556-61598c35a019-groupManagement] INFO  segmented.SegmentedRaftLogWorker (SegmentedRaftLogWorker.java:lambda$new$0(134)) - a004c341-03e6-4aa5-a556-61598c35a019@group-95D7CE87CC4E-SegmentedRaftLogWorker: safeCacheEvictIndex: setUnconditionally 0 -> -1
2024-04-28 12:45:31,007 [a004c341-03e6-4aa5-a556-61598c35a019-groupManagement] INFO  server.RaftServer$Division (RaftServerImpl.java:start(396)) - a004c341-03e6-4aa5-a556-61598c35a019@group-95D7CE87CC4E: start as a follower, conf=-1: peers:[81492a0b-8554-4d1c-9efe-d356d82cfcc4|127.0.0.1:15388, a004c341-03e6-4aa5-a556-61598c35a019|127.0.0.1:15379, 09d2ac22-859d-47ff-b3c3-58a3590cb163|127.0.0.1:15370]|listeners:[], old=null
2024-04-28 12:45:31,007 [a004c341-03e6-4aa5-a556-61598c35a019-groupManagement] INFO  server.RaftServer$Division (RaftServerImpl.java:setRole(383)) - a004c341-03e6-4aa5-a556-61598c35a019@group-95D7CE87CC4E: changes role from      null to FOLLOWER at term 0 for startAsFollower
2024-04-28 12:45:31,007 [a004c341-03e6-4aa5-a556-61598c35a019-groupManagement] INFO  impl.RoleInfo (RoleInfo.java:updateAndGet(139)) - a004c341-03e6-4aa5-a556-61598c35a019: start a004c341-03e6-4aa5-a556-61598c35a019@group-95D7CE87CC4E-FollowerState
2024-04-28 12:45:31,007 [a004c341-03e6-4aa5-a556-61598c35a019-groupManagement] INFO  util.JmxRegister (JmxRegister.java:tryRegister(44)) - Successfully registered JMX Bean with object name Ratis:service=RaftServer,group=group-95D7CE87CC4E,id=a004c341-03e6-4aa5-a556-61598c35a019
2024-04-28 12:45:31,007 [a004c341-03e6-4aa5-a556-61598c35a019-groupManagement] INFO  server.RaftServerConfigKeys (ConfUtils.java:logGet(46)) - raft.server.snapshot.trigger-when-stop.enabled = true (default)
2024-04-28 12:45:31,007 [a004c341-03e6-4aa5-a556-61598c35a019-groupManagement] INFO  server.RaftServerConfigKeys (ConfUtils.java:logGet(46)) - raft.server.snapshot.auto.trigger.enabled = true (custom)
2024-04-28 12:45:31,007 [a004c341-03e6-4aa5-a556-61598c35a019-groupManagement] INFO  server.RaftServerConfigKeys (ConfUtils.java:logGet(46)) - raft.server.snapshot.auto.trigger.threshold = 10000 (custom)
2024-04-28 12:45:31,007 [a004c341-03e6-4aa5-a556-61598c35a019-groupManagement] INFO  server.RaftServerConfigKeys (ConfUtils.java:logGet(46)) - raft.server.snapshot.retention.file.num = 5 (custom)
2024-04-28 12:45:31,007 [a004c341-03e6-4aa5-a556-61598c35a019-groupManagement] INFO  server.RaftServerConfigKeys (ConfUtils.java:logGet(46)) - raft.server.log.purge.upto.snapshot.index = false (default)
2024-04-28 12:45:31,007 [a004c341-03e6-4aa5-a556-61598c35a019@group-95D7CE87CC4E-FollowerState] INFO  server.RaftServerConfigKeys (ConfUtils.java:logFallback(53)) - raft.server.rpc.first-election.timeout.min = 5s (fallback to raft.server.rpc.timeout.min)
2024-04-28 12:45:31,007 [a004c341-03e6-4aa5-a556-61598c35a019@group-95D7CE87CC4E-FollowerState] INFO  server.RaftServerConfigKeys (ConfUtils.java:logFallback(53)) - raft.server.rpc.first-election.timeout.max = 5200ms (fallback to raft.server.rpc.timeout.max)
2024-04-28 12:45:31,014 [09d2ac22-859d-47ff-b3c3-58a3590cb163-PipelineCommandHandlerThread-0] INFO  commandhandler.CreatePipelineCommandHandler (CreatePipelineCommandHandler.java:lambda$handle$2(124)) - Created Pipeline RATIS THREE PipelineID=e6266c66-032f-47d0-be92-95d7ce87cc4e.
2024-04-28 12:45:31,048 [81492a0b-8554-4d1c-9efe-d356d82cfcc4-PipelineCommandHandlerThread-0] INFO  server.RaftServer (RaftServerProxy.java:addNew(100)) - 81492a0b-8554-4d1c-9efe-d356d82cfcc4: addNew group-47B5C917755E:[81492a0b-8554-4d1c-9efe-d356d82cfcc4|127.0.0.1:15388] returns group-47B5C917755E:java.util.concurrent.CompletableFuture@6a5c8bb8[Not completed]
2024-04-28 12:45:31,048 [81492a0b-8554-4d1c-9efe-d356d82cfcc4-groupManagement] INFO  server.RaftServer$Division (RaftServerImpl.java:<init>(256)) - 81492a0b-8554-4d1c-9efe-d356d82cfcc4: new RaftServerImpl for group-47B5C917755E:[81492a0b-8554-4d1c-9efe-d356d82cfcc4|127.0.0.1:15388] with ContainerStateMachine:uninitialized
2024-04-28 12:45:31,048 [81492a0b-8554-4d1c-9efe-d356d82cfcc4-groupManagement] INFO  server.RaftServerConfigKeys (ConfUtils.java:logGet(46)) - raft.server.rpc.timeout.min = 5s (custom)
2024-04-28 12:45:31,049 [81492a0b-8554-4d1c-9efe-d356d82cfcc4-groupManagement] INFO  server.RaftServerConfigKeys (ConfUtils.java:logGet(46)) - raft.server.rpc.timeout.max = 5200ms (custom)
2024-04-28 12:45:31,049 [81492a0b-8554-4d1c-9efe-d356d82cfcc4-groupManagement] INFO  server.RaftServerConfigKeys (ConfUtils.java:logGet(46)) - raft.server.rpc.sleep.time = 25ms (default)
2024-04-28 12:45:31,049 [81492a0b-8554-4d1c-9efe-d356d82cfcc4-groupManagement] INFO  server.RaftServerConfigKeys (ConfUtils.java:logGet(46)) - raft.server.rpc.slowness.timeout = 300000ms (custom)
2024-04-28 12:45:31,049 [81492a0b-8554-4d1c-9efe-d356d82cfcc4-groupManagement] INFO  server.RaftServerConfigKeys (ConfUtils.java:logGet(46)) - raft.server.leaderelection.leader.step-down.wait-time = 10s (default)
2024-04-28 12:45:31,049 [81492a0b-8554-4d1c-9efe-d356d82cfcc4-groupManagement] INFO  server.RaftServerConfigKeys (ConfUtils.java:logGet(46)) - raft.server.leaderelection.member.majority-add = false (default)
2024-04-28 12:45:31,049 [81492a0b-8554-4d1c-9efe-d356d82cfcc4-groupManagement] INFO  server.RaftServerConfigKeys (ConfUtils.java:logGet(46)) - raft.server.sleep.deviation.threshold = 300ms (default)
2024-04-28 12:45:31,049 [81492a0b-8554-4d1c-9efe-d356d82cfcc4-groupManagement] INFO  server.RaftServer$Division (ServerState.java:<init>(113)) - 81492a0b-8554-4d1c-9efe-d356d82cfcc4@group-47B5C917755E: ConfigurationManager, init=-1: peers:[81492a0b-8554-4d1c-9efe-d356d82cfcc4|127.0.0.1:15388]|listeners:[], old=null, confs=<EMPTY_MAP>
2024-04-28 12:45:31,049 [81492a0b-8554-4d1c-9efe-d356d82cfcc4-groupManagement] INFO  server.RaftServerConfigKeys (ConfUtils.java:logGet(46)) - raft.server.notification.no-leader.timeout = 300000ms (custom)
2024-04-28 12:45:31,049 [81492a0b-8554-4d1c-9efe-d356d82cfcc4-groupManagement] INFO  server.RaftServerConfigKeys (ConfUtils.java:logGet(46)) - raft.server.read.timeout = 10s (default)
2024-04-28 12:45:31,049 [81492a0b-8554-4d1c-9efe-d356d82cfcc4-groupManagement] INFO  server.RaftServerConfigKeys (ConfUtils.java:logGet(46)) - raft.server.retrycache.expirytime = 600000ms (custom)
2024-04-28 12:45:31,049 [81492a0b-8554-4d1c-9efe-d356d82cfcc4-groupManagement] INFO  server.RaftServerConfigKeys (ConfUtils.java:logGet(46)) - raft.server.retrycache.statistics.expirytime = 100ms (default)
2024-04-28 12:45:31,049 [81492a0b-8554-4d1c-9efe-d356d82cfcc4-groupManagement] INFO  server.RaftServerConfigKeys (ConfUtils.java:logGet(46)) - raft.server.read.option = DEFAULT (default)
2024-04-28 12:45:31,049 [81492a0b-8554-4d1c-9efe-d356d82cfcc4-groupManagement] INFO  server.RaftServerConfigKeys (ConfUtils.java:logGet(46)) - raft.server.read.read-after-write-consistent.write-index-cache.expiry-time = 60s (default)
2024-04-28 12:45:31,051 [81492a0b-8554-4d1c-9efe-d356d82cfcc4-groupManagement] INFO  server.RaftServerConfigKeys (ConfUtils.java:logGet(46)) - raft.server.rpc.request.timeout = 3000ms (default)
2024-04-28 12:45:31,051 [81492a0b-8554-4d1c-9efe-d356d82cfcc4-groupManagement] INFO  server.RaftServerConfigKeys (ConfUtils.java:logGet(46)) - raft.server.log.appender.install.snapshot.enabled = false (custom)
2024-04-28 12:45:31,051 [81492a0b-8554-4d1c-9efe-d356d82cfcc4-groupManagement] INFO  server.RaftServerConfigKeys (ConfUtils.java:logGet(46)) - raft.server.threadpool.server.cached = true (default)
2024-04-28 12:45:31,051 [81492a0b-8554-4d1c-9efe-d356d82cfcc4-groupManagement] INFO  server.RaftServerConfigKeys (ConfUtils.java:logGet(46)) - raft.server.threadpool.server.size = 0 (default)
2024-04-28 12:45:31,051 [81492a0b-8554-4d1c-9efe-d356d82cfcc4-groupManagement] INFO  server.RaftServerConfigKeys (ConfUtils.java:logGet(46)) - raft.server.threadpool.client.cached = true (default)
2024-04-28 12:45:31,051 [81492a0b-8554-4d1c-9efe-d356d82cfcc4-groupManagement] INFO  server.RaftServerConfigKeys (ConfUtils.java:logGet(46)) - raft.server.threadpool.client.size = 0 (default)
2024-04-28 12:45:31,051 [81492a0b-8554-4d1c-9efe-d356d82cfcc4-groupManagement] INFO  server.RaftServerConfigKeys (ConfUtils.java:logGet(46)) - raft.server.storage.free-space.min = 0MB (=0) (default)
2024-04-28 12:45:31,051 [81492a0b-8554-4d1c-9efe-d356d82cfcc4-groupManagement] INFO  server.RaftServerConfigKeys (ConfUtils.java:logGet(46)) - raft.server.log.corruption.policy = EXCEPTION (default)
2024-04-28 12:45:31,051 [81492a0b-8554-4d1c-9efe-d356d82cfcc4-groupManagement] INFO  server.RaftServerConfigKeys (ConfUtils.java:logGet(46)) - raft.server.storage.dir = [/home/runner/work/ozone/ozone/hadoop-ozone/integration-test/target/test-dir/MiniOzoneClusterImpl-4444f751-856d-4595-ad15-e87fc76049bc/ozone-meta/datanode-3/ratis] (custom)
2024-04-28 12:45:31,051 [81492a0b-8554-4d1c-9efe-d356d82cfcc4-groupManagement] INFO  storage.RaftStorageDirectory (RaftStorageDirectoryImpl.java:analyzeStorage(138)) - The storage directory /home/runner/work/ozone/ozone/hadoop-ozone/integration-test/target/test-dir/MiniOzoneClusterImpl-4444f751-856d-4595-ad15-e87fc76049bc/ozone-meta/datanode-3/ratis/64b0a97b-a6e7-4830-a5c9-47b5c917755e does not exist. Creating ...
2024-04-28 12:45:31,052 [81492a0b-8554-4d1c-9efe-d356d82cfcc4-groupManagement] INFO  storage.RaftStorageDirectory (RaftStorageDirectoryImpl.java:tryLock(228)) - Lock on /home/runner/work/ozone/ozone/hadoop-ozone/integration-test/target/test-dir/MiniOzoneClusterImpl-4444f751-856d-4595-ad15-e87fc76049bc/ozone-meta/datanode-3/ratis/64b0a97b-a6e7-4830-a5c9-47b5c917755e/in_use.lock acquired by nodename 21404@fv-az1392-52
2024-04-28 12:45:31,053 [81492a0b-8554-4d1c-9efe-d356d82cfcc4-groupManagement] INFO  storage.RaftStorage (RaftStorageImpl.java:format(99)) - Storage directory /home/runner/work/ozone/ozone/hadoop-ozone/integration-test/target/test-dir/MiniOzoneClusterImpl-4444f751-856d-4595-ad15-e87fc76049bc/ozone-meta/datanode-3/ratis/64b0a97b-a6e7-4830-a5c9-47b5c917755e has been successfully formatted.
2024-04-28 12:45:31,053 [81492a0b-8554-4d1c-9efe-d356d82cfcc4-groupManagement] WARN  util.FileUtils (LogUtils.java:supplyAndLog(63)) - Failed to Files.newInputStream /home/runner/work/ozone/ozone/hadoop-ozone/integration-test/target/test-dir/MiniOzoneClusterImpl-4444f751-856d-4595-ad15-e87fc76049bc/ozone-meta/datanode-3/ratis/64b0a97b-a6e7-4830-a5c9-47b5c917755e/current/raft-meta.conf with options []: java.nio.file.NoSuchFileException: /home/runner/work/ozone/ozone/hadoop-ozone/integration-test/target/test-dir/MiniOzoneClusterImpl-4444f751-856d-4595-ad15-e87fc76049bc/ozone-meta/datanode-3/ratis/64b0a97b-a6e7-4830-a5c9-47b5c917755e/current/raft-meta.conf
2024-04-28 12:45:31,053 [81492a0b-8554-4d1c-9efe-d356d82cfcc4-groupManagement] INFO  ratis.ContainerStateMachine (ContainerStateMachine.java:loadSnapshot(287)) - group-47B5C917755E: The snapshot info is null. Setting the last applied index to:(t:0, i:~)
2024-04-28 12:45:31,053 [81492a0b-8554-4d1c-9efe-d356d82cfcc4-groupManagement] INFO  server.RaftServerConfigKeys (ConfUtils.java:logGet(46)) - raft.server.log.use.memory = false (default)
2024-04-28 12:45:31,053 [81492a0b-8554-4d1c-9efe-d356d82cfcc4-groupManagement] INFO  server.RaftServerConfigKeys (ConfUtils.java:logGet(46)) - raft.server.log.purge.gap = 1000000 (custom)
2024-04-28 12:45:31,053 [81492a0b-8554-4d1c-9efe-d356d82cfcc4-groupManagement] INFO  server.RaftServerConfigKeys (ConfUtils.java:logGet(46)) - raft.server.log.appender.buffer.byte-limit = 8388608 (custom)
2024-04-28 12:45:31,053 [81492a0b-8554-4d1c-9efe-d356d82cfcc4-groupManagement] INFO  server.RaftServerConfigKeys (ConfUtils.java:logGet(46)) - raft.server.log.statemachine.data.read.timeout = 1000ms (default)
2024-04-28 12:45:31,054 [81492a0b-8554-4d1c-9efe-d356d82cfcc4-groupManagement] INFO  server.RaftServerConfigKeys (ConfUtils.java:logGet(46)) - raft.server.log.purge.preservation.log.num = 0 (default)
2024-04-28 12:45:31,054 [EventQueue-PipelineReportForPipelineReportHandler] INFO  pipeline.PipelineReportHandler (PipelineReportHandler.java:processPipelineReport(136)) - Opened pipeline PipelineID=64b0a97b-a6e7-4830-a5c9-47b5c917755e
2024-04-28 12:45:31,055 [EventQueue-OpenPipelineForHealthyPipelineSafeModeRule] INFO  safemode.SCMSafeModeManager (HealthyPipelineSafeModeRule.java:process(140)) - SCM in safe mode. Healthy pipelines reported count is 0, required healthy pipeline reported count is 1
2024-04-28 12:45:31,055 [81492a0b-8554-4d1c-9efe-d356d82cfcc4-groupManagement] INFO  server.RaftServerConfigKeys (ConfUtils.java:logGet(46)) - raft.server.log.segment.size.max = 67108864 (custom)
2024-04-28 12:45:31,055 [81492a0b-8554-4d1c-9efe-d356d82cfcc4-groupManagement] INFO  server.RaftServerConfigKeys (ConfUtils.java:logGet(46)) - raft.server.log.segment.cache.num.max = 2 (custom)
2024-04-28 12:45:31,055 [81492a0b-8554-4d1c-9efe-d356d82cfcc4-groupManagement] INFO  server.RaftServerConfigKeys (ConfUtils.java:logGet(46)) - raft.server.log.segment.cache.size.max = 200MB (=209715200) (default)
2024-04-28 12:45:31,055 [81492a0b-8554-4d1c-9efe-d356d82cfcc4-groupManagement] INFO  server.RaftServerConfigKeys (ConfUtils.java:logGet(46)) - raft.server.log.appender.buffer.byte-limit = 8388608 (custom)
2024-04-28 12:45:31,055 [81492a0b-8554-4d1c-9efe-d356d82cfcc4-groupManagement] INFO  util.AwaitToRun (AwaitToRun.java:start(81)) - Thread[81492a0b-8554-4d1c-9efe-d356d82cfcc4@group-47B5C917755E-cacheEviction-AwaitToRun,5,main] started
2024-04-28 12:45:31,055 [81492a0b-8554-4d1c-9efe-d356d82cfcc4-groupManagement] INFO  segmented.SegmentedRaftLogWorker (SegmentedRaftLogWorker.java:<init>(182)) - new 81492a0b-8554-4d1c-9efe-d356d82cfcc4@group-47B5C917755E-SegmentedRaftLogWorker for RaftStorageImpl:Storage Directory /home/runner/work/ozone/ozone/hadoop-ozone/integration-test/target/test-dir/MiniOzoneClusterImpl-4444f751-856d-4595-ad15-e87fc76049bc/ozone-meta/datanode-3/ratis/64b0a97b-a6e7-4830-a5c9-47b5c917755e
2024-04-28 12:45:31,055 [81492a0b-8554-4d1c-9efe-d356d82cfcc4-groupManagement] INFO  server.RaftServerConfigKeys (ConfUtils.java:logGet(46)) - raft.server.log.queue.byte-limit = 4294967296 (custom)
2024-04-28 12:45:31,055 [81492a0b-8554-4d1c-9efe-d356d82cfcc4-groupManagement] INFO  server.RaftServerConfigKeys (ConfUtils.java:logGet(46)) - raft.server.log.queue.element-limit = 1024 (custom)
2024-04-28 12:45:31,055 [81492a0b-8554-4d1c-9efe-d356d82cfcc4-groupManagement] INFO  server.RaftServerConfigKeys (ConfUtils.java:logGet(46)) - raft.server.log.segment.size.max = 67108864 (custom)
2024-04-28 12:45:31,055 [81492a0b-8554-4d1c-9efe-d356d82cfcc4-groupManagement] INFO  server.RaftServerConfigKeys (ConfUtils.java:logGet(46)) - raft.server.log.preallocated.size = 4194304 (custom)
2024-04-28 12:45:31,055 [81492a0b-8554-4d1c-9efe-d356d82cfcc4-groupManagement] INFO  server.RaftServerConfigKeys (ConfUtils.java:logGet(46)) - raft.server.log.force.sync.num = 128 (default)
2024-04-28 12:45:31,056 [81492a0b-8554-4d1c-9efe-d356d82cfcc4-groupManagement] INFO  server.RaftServerConfigKeys (ConfUtils.java:logGet(46)) - raft.server.log.statemachine.data.sync = true (default)
2024-04-28 12:45:31,056 [81492a0b-8554-4d1c-9efe-d356d82cfcc4-groupManagement] INFO  server.RaftServerConfigKeys (ConfUtils.java:logGet(46)) - raft.server.log.statemachine.data.sync.timeout = 10s (default)
2024-04-28 12:45:31,056 [81492a0b-8554-4d1c-9efe-d356d82cfcc4-groupManagement] INFO  server.RaftServerConfigKeys (ConfUtils.java:logGet(46)) - raft.server.log.statemachine.data.sync.timeout.retry = 30 (custom)
2024-04-28 12:45:31,056 [81492a0b-8554-4d1c-9efe-d356d82cfcc4-groupManagement] INFO  server.RaftServerConfigKeys (ConfUtils.java:logGet(46)) - raft.server.log.write.buffer.size = 8388616 (custom)
2024-04-28 12:45:31,057 [81492a0b-8554-4d1c-9efe-d356d82cfcc4-groupManagement] INFO  server.RaftServerConfigKeys (ConfUtils.java:logGet(46)) - raft.server.log.appender.buffer.byte-limit = 8388608 (custom)
2024-04-28 12:45:31,057 [81492a0b-8554-4d1c-9efe-d356d82cfcc4-groupManagement] INFO  server.RaftServerConfigKeys (ConfUtils.java:logGet(46)) - raft.server.log.unsafe-flush.enabled = false (default)
2024-04-28 12:45:31,057 [81492a0b-8554-4d1c-9efe-d356d82cfcc4-groupManagement] INFO  server.RaftServerConfigKeys (ConfUtils.java:logGet(46)) - raft.server.log.async-flush.enabled = false (default)
2024-04-28 12:45:31,057 [81492a0b-8554-4d1c-9efe-d356d82cfcc4-groupManagement] INFO  server.RaftServerConfigKeys (ConfUtils.java:logGet(46)) - raft.server.log.statemachine.data.caching.enabled = true (custom)
2024-04-28 12:45:31,057 [81492a0b-8554-4d1c-9efe-d356d82cfcc4-groupManagement] INFO  segmented.SegmentedRaftLogWorker (SegmentedRaftLogWorker.java:lambda$new$0(134)) - 81492a0b-8554-4d1c-9efe-d356d82cfcc4@group-47B5C917755E-SegmentedRaftLogWorker: flushIndex: setUnconditionally 0 -> -1
2024-04-28 12:45:31,057 [81492a0b-8554-4d1c-9efe-d356d82cfcc4-groupManagement] INFO  segmented.SegmentedRaftLogWorker (SegmentedRaftLogWorker.java:lambda$new$0(134)) - 81492a0b-8554-4d1c-9efe-d356d82cfcc4@group-47B5C917755E-SegmentedRaftLogWorker: safeCacheEvictIndex: setUnconditionally 0 -> -1
2024-04-28 12:45:31,057 [81492a0b-8554-4d1c-9efe-d356d82cfcc4-groupManagement] INFO  server.RaftServer$Division (RaftServerImpl.java:start(396)) - 81492a0b-8554-4d1c-9efe-d356d82cfcc4@group-47B5C917755E: start as a follower, conf=-1: peers:[81492a0b-8554-4d1c-9efe-d356d82cfcc4|127.0.0.1:15388]|listeners:[], old=null
2024-04-28 12:45:31,057 [81492a0b-8554-4d1c-9efe-d356d82cfcc4-groupManagement] INFO  server.RaftServer$Division (RaftServerImpl.java:setRole(383)) - 81492a0b-8554-4d1c-9efe-d356d82cfcc4@group-47B5C917755E: changes role from      null to FOLLOWER at term 0 for startAsFollower
2024-04-28 12:45:31,057 [81492a0b-8554-4d1c-9efe-d356d82cfcc4-groupManagement] INFO  impl.RoleInfo (RoleInfo.java:updateAndGet(139)) - 81492a0b-8554-4d1c-9efe-d356d82cfcc4: start 81492a0b-8554-4d1c-9efe-d356d82cfcc4@group-47B5C917755E-FollowerState
2024-04-28 12:45:31,058 [81492a0b-8554-4d1c-9efe-d356d82cfcc4@group-47B5C917755E-FollowerState] INFO  server.RaftServerConfigKeys (ConfUtils.java:logFallback(53)) - raft.server.rpc.first-election.timeout.min = 5s (fallback to raft.server.rpc.timeout.min)
2024-04-28 12:45:31,058 [81492a0b-8554-4d1c-9efe-d356d82cfcc4-groupManagement] INFO  util.JmxRegister (JmxRegister.java:tryRegister(44)) - Successfully registered JMX Bean with object name Ratis:service=RaftServer,group=group-47B5C917755E,id=81492a0b-8554-4d1c-9efe-d356d82cfcc4
2024-04-28 12:45:31,058 [81492a0b-8554-4d1c-9efe-d356d82cfcc4-groupManagement] INFO  server.RaftServerConfigKeys (ConfUtils.java:logGet(46)) - raft.server.snapshot.trigger-when-stop.enabled = true (default)
2024-04-28 12:45:31,058 [81492a0b-8554-4d1c-9efe-d356d82cfcc4-groupManagement] INFO  server.RaftServerConfigKeys (ConfUtils.java:logGet(46)) - raft.server.snapshot.auto.trigger.enabled = true (custom)
2024-04-28 12:45:31,058 [81492a0b-8554-4d1c-9efe-d356d82cfcc4@group-47B5C917755E-FollowerState] INFO  server.RaftServerConfigKeys (ConfUtils.java:logFallback(53)) - raft.server.rpc.first-election.timeout.max = 5200ms (fallback to raft.server.rpc.timeout.max)
2024-04-28 12:45:31,058 [81492a0b-8554-4d1c-9efe-d356d82cfcc4-groupManagement] INFO  server.RaftServerConfigKeys (ConfUtils.java:logGet(46)) - raft.server.snapshot.auto.trigger.threshold = 10000 (custom)
2024-04-28 12:45:31,058 [81492a0b-8554-4d1c-9efe-d356d82cfcc4-groupManagement] INFO  server.RaftServerConfigKeys (ConfUtils.java:logGet(46)) - raft.server.snapshot.retention.file.num = 5 (custom)
2024-04-28 12:45:31,058 [81492a0b-8554-4d1c-9efe-d356d82cfcc4-groupManagement] INFO  server.RaftServerConfigKeys (ConfUtils.java:logGet(46)) - raft.server.log.purge.upto.snapshot.index = false (default)
2024-04-28 12:45:31,058 [81492a0b-8554-4d1c-9efe-d356d82cfcc4-PipelineCommandHandlerThread-0] INFO  ratis.XceiverServerRatis (XceiverServerRatis.java:addGroup(864)) - Created group PipelineID=64b0a97b-a6e7-4830-a5c9-47b5c917755e
2024-04-28 12:45:31,058 [81492a0b-8554-4d1c-9efe-d356d82cfcc4-PipelineCommandHandlerThread-0] INFO  commandhandler.CreatePipelineCommandHandler (CreatePipelineCommandHandler.java:lambda$handle$2(124)) - Created Pipeline RATIS ONE PipelineID=64b0a97b-a6e7-4830-a5c9-47b5c917755e.
2024-04-28 12:45:31,109 [1fd4d212-c4d2-4c1d-a58c-62e98a4efa8c-PipelineCommandHandlerThread-0] INFO  server.RaftServer (RaftServerProxy.java:addNew(100)) - 1fd4d212-c4d2-4c1d-a58c-62e98a4efa8c: addNew group-8A4E9B3C4A03:[1fd4d212-c4d2-4c1d-a58c-62e98a4efa8c|127.0.0.1:15397] returns group-8A4E9B3C4A03:java.util.concurrent.CompletableFuture@35db56c6[Not completed]
2024-04-28 12:45:31,110 [1fd4d212-c4d2-4c1d-a58c-62e98a4efa8c-groupManagement] INFO  server.RaftServer$Division (RaftServerImpl.java:<init>(256)) - 1fd4d212-c4d2-4c1d-a58c-62e98a4efa8c: new RaftServerImpl for group-8A4E9B3C4A03:[1fd4d212-c4d2-4c1d-a58c-62e98a4efa8c|127.0.0.1:15397] with ContainerStateMachine:uninitialized
2024-04-28 12:45:31,110 [1fd4d212-c4d2-4c1d-a58c-62e98a4efa8c-groupManagement] INFO  server.RaftServerConfigKeys (ConfUtils.java:logGet(46)) - raft.server.rpc.timeout.min = 5s (custom)
2024-04-28 12:45:31,110 [1fd4d212-c4d2-4c1d-a58c-62e98a4efa8c-groupManagement] INFO  server.RaftServerConfigKeys (ConfUtils.java:logGet(46)) - raft.server.rpc.timeout.max = 5200ms (custom)
2024-04-28 12:45:31,110 [1fd4d212-c4d2-4c1d-a58c-62e98a4efa8c-groupManagement] INFO  server.RaftServerConfigKeys (ConfUtils.java:logGet(46)) - raft.server.rpc.sleep.time = 25ms (default)
2024-04-28 12:45:31,110 [1fd4d212-c4d2-4c1d-a58c-62e98a4efa8c-groupManagement] INFO  server.RaftServerConfigKeys (ConfUtils.java:logGet(46)) - raft.server.rpc.slowness.timeout = 300000ms (custom)
2024-04-28 12:45:31,110 [1fd4d212-c4d2-4c1d-a58c-62e98a4efa8c-groupManagement] INFO  server.RaftServerConfigKeys (ConfUtils.java:logGet(46)) - raft.server.leaderelection.leader.step-down.wait-time = 10s (default)
2024-04-28 12:45:31,110 [1fd4d212-c4d2-4c1d-a58c-62e98a4efa8c-groupManagement] INFO  server.RaftServerConfigKeys (ConfUtils.java:logGet(46)) - raft.server.leaderelection.member.majority-add = false (default)
2024-04-28 12:45:31,110 [1fd4d212-c4d2-4c1d-a58c-62e98a4efa8c-groupManagement] INFO  server.RaftServerConfigKeys (ConfUtils.java:logGet(46)) - raft.server.sleep.deviation.threshold = 300ms (default)
2024-04-28 12:45:31,110 [1fd4d212-c4d2-4c1d-a58c-62e98a4efa8c-groupManagement] INFO  server.RaftServer$Division (ServerState.java:<init>(113)) - 1fd4d212-c4d2-4c1d-a58c-62e98a4efa8c@group-8A4E9B3C4A03: ConfigurationManager, init=-1: peers:[1fd4d212-c4d2-4c1d-a58c-62e98a4efa8c|127.0.0.1:15397]|listeners:[], old=null, confs=<EMPTY_MAP>
2024-04-28 12:45:31,110 [1fd4d212-c4d2-4c1d-a58c-62e98a4efa8c-groupManagement] INFO  server.RaftServerConfigKeys (ConfUtils.java:logGet(46)) - raft.server.notification.no-leader.timeout = 300000ms (custom)
2024-04-28 12:45:31,110 [1fd4d212-c4d2-4c1d-a58c-62e98a4efa8c-groupManagement] INFO  server.RaftServerConfigKeys (ConfUtils.java:logGet(46)) - raft.server.read.timeout = 10s (default)
2024-04-28 12:45:31,110 [1fd4d212-c4d2-4c1d-a58c-62e98a4efa8c-groupManagement] INFO  server.RaftServerConfigKeys (ConfUtils.java:logGet(46)) - raft.server.retrycache.expirytime = 600000ms (custom)
2024-04-28 12:45:31,110 [1fd4d212-c4d2-4c1d-a58c-62e98a4efa8c-groupManagement] INFO  server.RaftServerConfigKeys (ConfUtils.java:logGet(46)) - raft.server.retrycache.statistics.expirytime = 100ms (default)
2024-04-28 12:45:31,110 [1fd4d212-c4d2-4c1d-a58c-62e98a4efa8c-groupManagement] INFO  server.RaftServerConfigKeys (ConfUtils.java:logGet(46)) - raft.server.read.option = DEFAULT (default)
2024-04-28 12:45:31,110 [1fd4d212-c4d2-4c1d-a58c-62e98a4efa8c-groupManagement] INFO  server.RaftServerConfigKeys (ConfUtils.java:logGet(46)) - raft.server.read.read-after-write-consistent.write-index-cache.expiry-time = 60s (default)
2024-04-28 12:45:31,112 [1fd4d212-c4d2-4c1d-a58c-62e98a4efa8c-groupManagement] INFO  server.RaftServerConfigKeys (ConfUtils.java:logGet(46)) - raft.server.rpc.request.timeout = 3000ms (default)
2024-04-28 12:45:31,112 [1fd4d212-c4d2-4c1d-a58c-62e98a4efa8c-groupManagement] INFO  server.RaftServerConfigKeys (ConfUtils.java:logGet(46)) - raft.server.log.appender.install.snapshot.enabled = false (custom)
2024-04-28 12:45:31,113 [1fd4d212-c4d2-4c1d-a58c-62e98a4efa8c-groupManagement] INFO  server.RaftServerConfigKeys (ConfUtils.java:logGet(46)) - raft.server.threadpool.server.cached = true (default)
2024-04-28 12:45:31,113 [1fd4d212-c4d2-4c1d-a58c-62e98a4efa8c-groupManagement] INFO  server.RaftServerConfigKeys (ConfUtils.java:logGet(46)) - raft.server.threadpool.server.size = 0 (default)
2024-04-28 12:45:31,113 [1fd4d212-c4d2-4c1d-a58c-62e98a4efa8c-groupManagement] INFO  server.RaftServerConfigKeys (ConfUtils.java:logGet(46)) - raft.server.threadpool.client.cached = true (default)
2024-04-28 12:45:31,113 [1fd4d212-c4d2-4c1d-a58c-62e98a4efa8c-groupManagement] INFO  server.RaftServerConfigKeys (ConfUtils.java:logGet(46)) - raft.server.threadpool.client.size = 0 (default)
2024-04-28 12:45:31,113 [1fd4d212-c4d2-4c1d-a58c-62e98a4efa8c-groupManagement] INFO  server.RaftServerConfigKeys (ConfUtils.java:logGet(46)) - raft.server.storage.free-space.min = 0MB (=0) (default)
2024-04-28 12:45:31,113 [1fd4d212-c4d2-4c1d-a58c-62e98a4efa8c-groupManagement] INFO  server.RaftServerConfigKeys (ConfUtils.java:logGet(46)) - raft.server.log.corruption.policy = EXCEPTION (default)
2024-04-28 12:45:31,113 [1fd4d212-c4d2-4c1d-a58c-62e98a4efa8c-groupManagement] INFO  server.RaftServerConfigKeys (ConfUtils.java:logGet(46)) - raft.server.storage.dir = [/home/runner/work/ozone/ozone/hadoop-ozone/integration-test/target/test-dir/MiniOzoneClusterImpl-4444f751-856d-4595-ad15-e87fc76049bc/ozone-meta/datanode-4/ratis] (custom)
2024-04-28 12:45:31,113 [1fd4d212-c4d2-4c1d-a58c-62e98a4efa8c-groupManagement] INFO  storage.RaftStorageDirectory (RaftStorageDirectoryImpl.java:analyzeStorage(138)) - The storage directory /home/runner/work/ozone/ozone/hadoop-ozone/integration-test/target/test-dir/MiniOzoneClusterImpl-4444f751-856d-4595-ad15-e87fc76049bc/ozone-meta/datanode-4/ratis/846b1a75-8a91-4211-8506-8a4e9b3c4a03 does not exist. Creating ...
2024-04-28 12:45:31,114 [1fd4d212-c4d2-4c1d-a58c-62e98a4efa8c-groupManagement] INFO  storage.RaftStorageDirectory (RaftStorageDirectoryImpl.java:tryLock(228)) - Lock on /home/runner/work/ozone/ozone/hadoop-ozone/integration-test/target/test-dir/MiniOzoneClusterImpl-4444f751-856d-4595-ad15-e87fc76049bc/ozone-meta/datanode-4/ratis/846b1a75-8a91-4211-8506-8a4e9b3c4a03/in_use.lock acquired by nodename 21404@fv-az1392-52
2024-04-28 12:45:31,115 [1fd4d212-c4d2-4c1d-a58c-62e98a4efa8c-groupManagement] INFO  storage.RaftStorage (RaftStorageImpl.java:format(99)) - Storage directory /home/runner/work/ozone/ozone/hadoop-ozone/integration-test/target/test-dir/MiniOzoneClusterImpl-4444f751-856d-4595-ad15-e87fc76049bc/ozone-meta/datanode-4/ratis/846b1a75-8a91-4211-8506-8a4e9b3c4a03 has been successfully formatted.
2024-04-28 12:45:31,115 [1fd4d212-c4d2-4c1d-a58c-62e98a4efa8c-groupManagement] WARN  util.FileUtils (LogUtils.java:supplyAndLog(63)) - Failed to Files.newInputStream /home/runner/work/ozone/ozone/hadoop-ozone/integration-test/target/test-dir/MiniOzoneClusterImpl-4444f751-856d-4595-ad15-e87fc76049bc/ozone-meta/datanode-4/ratis/846b1a75-8a91-4211-8506-8a4e9b3c4a03/current/raft-meta.conf with options []: java.nio.file.NoSuchFileException: /home/runner/work/ozone/ozone/hadoop-ozone/integration-test/target/test-dir/MiniOzoneClusterImpl-4444f751-856d-4595-ad15-e87fc76049bc/ozone-meta/datanode-4/ratis/846b1a75-8a91-4211-8506-8a4e9b3c4a03/current/raft-meta.conf
2024-04-28 12:45:31,115 [1fd4d212-c4d2-4c1d-a58c-62e98a4efa8c-groupManagement] INFO  ratis.ContainerStateMachine (ContainerStateMachine.java:loadSnapshot(287)) - group-8A4E9B3C4A03: The snapshot info is null. Setting the last applied index to:(t:0, i:~)
2024-04-28 12:45:31,115 [1fd4d212-c4d2-4c1d-a58c-62e98a4efa8c-groupManagement] INFO  server.RaftServerConfigKeys (ConfUtils.java:logGet(46)) - raft.server.log.use.memory = false (default)
2024-04-28 12:45:31,115 [1fd4d212-c4d2-4c1d-a58c-62e98a4efa8c-groupManagement] INFO  server.RaftServerConfigKeys (ConfUtils.java:logGet(46)) - raft.server.log.purge.gap = 1000000 (custom)
2024-04-28 12:45:31,115 [1fd4d212-c4d2-4c1d-a58c-62e98a4efa8c-groupManagement] INFO  server.RaftServerConfigKeys (ConfUtils.java:logGet(46)) - raft.server.log.appender.buffer.byte-limit = 8388608 (custom)
2024-04-28 12:45:31,115 [1fd4d212-c4d2-4c1d-a58c-62e98a4efa8c-groupManagement] INFO  server.RaftServerConfigKeys (ConfUtils.java:logGet(46)) - raft.server.log.statemachine.data.read.timeout = 1000ms (default)
2024-04-28 12:45:31,116 [1fd4d212-c4d2-4c1d-a58c-62e98a4efa8c-groupManagement] INFO  server.RaftServerConfigKeys (ConfUtils.java:logGet(46)) - raft.server.log.purge.preservation.log.num = 0 (default)
2024-04-28 12:45:31,116 [EventQueue-PipelineReportForPipelineReportHandler] INFO  pipeline.PipelineReportHandler (PipelineReportHandler.java:processPipelineReport(136)) - Opened pipeline PipelineID=846b1a75-8a91-4211-8506-8a4e9b3c4a03
2024-04-28 12:45:31,116 [EventQueue-OpenPipelineForHealthyPipelineSafeModeRule] INFO  safemode.SCMSafeModeManager (HealthyPipelineSafeModeRule.java:process(140)) - SCM in safe mode. Healthy pipelines reported count is 0, required healthy pipeline reported count is 1
2024-04-28 12:45:31,117 [1fd4d212-c4d2-4c1d-a58c-62e98a4efa8c-groupManagement] INFO  server.RaftServerConfigKeys (ConfUtils.java:logGet(46)) - raft.server.log.segment.size.max = 67108864 (custom)
2024-04-28 12:45:31,117 [1fd4d212-c4d2-4c1d-a58c-62e98a4efa8c-groupManagement] INFO  server.RaftServerConfigKeys (ConfUtils.java:logGet(46)) - raft.server.log.segment.cache.num.max = 2 (custom)
2024-04-28 12:45:31,117 [1fd4d212-c4d2-4c1d-a58c-62e98a4efa8c-groupManagement] INFO  server.RaftServerConfigKeys (ConfUtils.java:logGet(46)) - raft.server.log.segment.cache.size.max = 200MB (=209715200) (default)
2024-04-28 12:45:31,117 [1fd4d212-c4d2-4c1d-a58c-62e98a4efa8c-groupManagement] INFO  server.RaftServerConfigKeys (ConfUtils.java:logGet(46)) - raft.server.log.appender.buffer.byte-limit = 8388608 (custom)
2024-04-28 12:45:31,117 [1fd4d212-c4d2-4c1d-a58c-62e98a4efa8c-groupManagement] INFO  util.AwaitToRun (AwaitToRun.java:start(81)) - Thread[1fd4d212-c4d2-4c1d-a58c-62e98a4efa8c@group-8A4E9B3C4A03-cacheEviction-AwaitToRun,5,main] started
2024-04-28 12:45:31,117 [1fd4d212-c4d2-4c1d-a58c-62e98a4efa8c-groupManagement] INFO  segmented.SegmentedRaftLogWorker (SegmentedRaftLogWorker.java:<init>(182)) - new 1fd4d212-c4d2-4c1d-a58c-62e98a4efa8c@group-8A4E9B3C4A03-SegmentedRaftLogWorker for RaftStorageImpl:Storage Directory /home/runner/work/ozone/ozone/hadoop-ozone/integration-test/target/test-dir/MiniOzoneClusterImpl-4444f751-856d-4595-ad15-e87fc76049bc/ozone-meta/datanode-4/ratis/846b1a75-8a91-4211-8506-8a4e9b3c4a03
2024-04-28 12:45:31,117 [1fd4d212-c4d2-4c1d-a58c-62e98a4efa8c-groupManagement] INFO  server.RaftServerConfigKeys (ConfUtils.java:logGet(46)) - raft.server.log.queue.byte-limit = 4294967296 (custom)
2024-04-28 12:45:31,117 [1fd4d212-c4d2-4c1d-a58c-62e98a4efa8c-groupManagement] INFO  server.RaftServerConfigKeys (ConfUtils.java:logGet(46)) - raft.server.log.queue.element-limit = 1024 (custom)
2024-04-28 12:45:31,117 [1fd4d212-c4d2-4c1d-a58c-62e98a4efa8c-groupManagement] INFO  server.RaftServerConfigKeys (ConfUtils.java:logGet(46)) - raft.server.log.segment.size.max = 67108864 (custom)
2024-04-28 12:45:31,117 [1fd4d212-c4d2-4c1d-a58c-62e98a4efa8c-groupManagement] INFO  server.RaftServerConfigKeys (ConfUtils.java:logGet(46)) - raft.server.log.preallocated.size = 4194304 (custom)
2024-04-28 12:45:31,117 [1fd4d212-c4d2-4c1d-a58c-62e98a4efa8c-groupManagement] INFO  server.RaftServerConfigKeys (ConfUtils.java:logGet(46)) - raft.server.log.force.sync.num = 128 (default)
2024-04-28 12:45:31,117 [1fd4d212-c4d2-4c1d-a58c-62e98a4efa8c-groupManagement] INFO  server.RaftServerConfigKeys (ConfUtils.java:logGet(46)) - raft.server.log.statemachine.data.sync = true (default)
2024-04-28 12:45:31,117 [1fd4d212-c4d2-4c1d-a58c-62e98a4efa8c-groupManagement] INFO  server.RaftServerConfigKeys (ConfUtils.java:logGet(46)) - raft.server.log.statemachine.data.sync.timeout = 10s (default)
2024-04-28 12:45:31,117 [1fd4d212-c4d2-4c1d-a58c-62e98a4efa8c-groupManagement] INFO  server.RaftServerConfigKeys (ConfUtils.java:logGet(46)) - raft.server.log.statemachine.data.sync.timeout.retry = 30 (custom)
2024-04-28 12:45:31,118 [1fd4d212-c4d2-4c1d-a58c-62e98a4efa8c-groupManagement] INFO  server.RaftServerConfigKeys (ConfUtils.java:logGet(46)) - raft.server.log.write.buffer.size = 8388616 (custom)
2024-04-28 12:45:31,119 [1fd4d212-c4d2-4c1d-a58c-62e98a4efa8c-groupManagement] INFO  server.RaftServerConfigKeys (ConfUtils.java:logGet(46)) - raft.server.log.appender.buffer.byte-limit = 8388608 (custom)
2024-04-28 12:45:31,119 [1fd4d212-c4d2-4c1d-a58c-62e98a4efa8c-groupManagement] INFO  server.RaftServerConfigKeys (ConfUtils.java:logGet(46)) - raft.server.log.unsafe-flush.enabled = false (default)
2024-04-28 12:45:31,119 [1fd4d212-c4d2-4c1d-a58c-62e98a4efa8c-groupManagement] INFO  server.RaftServerConfigKeys (ConfUtils.java:logGet(46)) - raft.server.log.async-flush.enabled = false (default)
2024-04-28 12:45:31,119 [1fd4d212-c4d2-4c1d-a58c-62e98a4efa8c-groupManagement] INFO  server.RaftServerConfigKeys (ConfUtils.java:logGet(46)) - raft.server.log.statemachine.data.caching.enabled = true (custom)
2024-04-28 12:45:31,119 [1fd4d212-c4d2-4c1d-a58c-62e98a4efa8c-groupManagement] INFO  segmented.SegmentedRaftLogWorker (SegmentedRaftLogWorker.java:lambda$new$0(134)) - 1fd4d212-c4d2-4c1d-a58c-62e98a4efa8c@group-8A4E9B3C4A03-SegmentedRaftLogWorker: flushIndex: setUnconditionally 0 -> -1
2024-04-28 12:45:31,119 [1fd4d212-c4d2-4c1d-a58c-62e98a4efa8c-groupManagement] INFO  segmented.SegmentedRaftLogWorker (SegmentedRaftLogWorker.java:lambda$new$0(134)) - 1fd4d212-c4d2-4c1d-a58c-62e98a4efa8c@group-8A4E9B3C4A03-SegmentedRaftLogWorker: safeCacheEvictIndex: setUnconditionally 0 -> -1
2024-04-28 12:45:31,119 [1fd4d212-c4d2-4c1d-a58c-62e98a4efa8c-groupManagement] INFO  server.RaftServer$Division (RaftServerImpl.java:start(396)) - 1fd4d212-c4d2-4c1d-a58c-62e98a4efa8c@group-8A4E9B3C4A03: start as a follower, conf=-1: peers:[1fd4d212-c4d2-4c1d-a58c-62e98a4efa8c|127.0.0.1:15397]|listeners:[], old=null
2024-04-28 12:45:31,119 [1fd4d212-c4d2-4c1d-a58c-62e98a4efa8c-groupManagement] INFO  server.RaftServer$Division (RaftServerImpl.java:setRole(383)) - 1fd4d212-c4d2-4c1d-a58c-62e98a4efa8c@group-8A4E9B3C4A03: changes role from      null to FOLLOWER at term 0 for startAsFollower
2024-04-28 12:45:31,120 [1fd4d212-c4d2-4c1d-a58c-62e98a4efa8c-groupManagement] INFO  impl.RoleInfo (RoleInfo.java:updateAndGet(139)) - 1fd4d212-c4d2-4c1d-a58c-62e98a4efa8c: start 1fd4d212-c4d2-4c1d-a58c-62e98a4efa8c@group-8A4E9B3C4A03-FollowerState
2024-04-28 12:45:31,120 [1fd4d212-c4d2-4c1d-a58c-62e98a4efa8c-groupManagement] INFO  util.JmxRegister (JmxRegister.java:tryRegister(44)) - Successfully registered JMX Bean with object name Ratis:service=RaftServer,group=group-8A4E9B3C4A03,id=1fd4d212-c4d2-4c1d-a58c-62e98a4efa8c
2024-04-28 12:45:31,120 [1fd4d212-c4d2-4c1d-a58c-62e98a4efa8c-groupManagement] INFO  server.RaftServerConfigKeys (ConfUtils.java:logGet(46)) - raft.server.snapshot.trigger-when-stop.enabled = true (default)
2024-04-28 12:45:31,120 [1fd4d212-c4d2-4c1d-a58c-62e98a4efa8c-groupManagement] INFO  server.RaftServerConfigKeys (ConfUtils.java:logGet(46)) - raft.server.snapshot.auto.trigger.enabled = true (custom)
2024-04-28 12:45:31,120 [1fd4d212-c4d2-4c1d-a58c-62e98a4efa8c-groupManagement] INFO  server.RaftServerConfigKeys (ConfUtils.java:logGet(46)) - raft.server.snapshot.auto.trigger.threshold = 10000 (custom)
2024-04-28 12:45:31,120 [1fd4d212-c4d2-4c1d-a58c-62e98a4efa8c-groupManagement] INFO  server.RaftServerConfigKeys (ConfUtils.java:logGet(46)) - raft.server.snapshot.retention.file.num = 5 (custom)
2024-04-28 12:45:31,120 [1fd4d212-c4d2-4c1d-a58c-62e98a4efa8c-groupManagement] INFO  server.RaftServerConfigKeys (ConfUtils.java:logGet(46)) - raft.server.log.purge.upto.snapshot.index = false (default)
2024-04-28 12:45:31,120 [1fd4d212-c4d2-4c1d-a58c-62e98a4efa8c@group-8A4E9B3C4A03-FollowerState] INFO  server.RaftServerConfigKeys (ConfUtils.java:logFallback(53)) - raft.server.rpc.first-election.timeout.min = 5s (fallback to raft.server.rpc.timeout.min)
2024-04-28 12:45:31,120 [1fd4d212-c4d2-4c1d-a58c-62e98a4efa8c@group-8A4E9B3C4A03-FollowerState] INFO  server.RaftServerConfigKeys (ConfUtils.java:logFallback(53)) - raft.server.rpc.first-election.timeout.max = 5200ms (fallback to raft.server.rpc.timeout.max)
2024-04-28 12:45:31,121 [1fd4d212-c4d2-4c1d-a58c-62e98a4efa8c-PipelineCommandHandlerThread-0] INFO  ratis.XceiverServerRatis (XceiverServerRatis.java:addGroup(864)) - Created group PipelineID=846b1a75-8a91-4211-8506-8a4e9b3c4a03
2024-04-28 12:45:31,121 [1fd4d212-c4d2-4c1d-a58c-62e98a4efa8c-PipelineCommandHandlerThread-0] INFO  commandhandler.CreatePipelineCommandHandler (CreatePipelineCommandHandler.java:lambda$handle$2(124)) - Created Pipeline RATIS ONE PipelineID=846b1a75-8a91-4211-8506-8a4e9b3c4a03.
2024-04-28 12:45:31,121 [1fd4d212-c4d2-4c1d-a58c-62e98a4efa8c-PipelineCommandHandlerThread-0] INFO  server.RaftServer (RaftServerProxy.java:addNew(100)) - 1fd4d212-c4d2-4c1d-a58c-62e98a4efa8c: addNew group-7DBF24B1A174:[d1684581-678b-458f-8382-390a387eba93|127.0.0.1:15406, 7957f999-cc51-45d8-add6-1ece72fbce78|127.0.0.1:15415, 1fd4d212-c4d2-4c1d-a58c-62e98a4efa8c|127.0.0.1:15397] returns group-7DBF24B1A174:java.util.concurrent.CompletableFuture@31e4d4a5[Not completed]
2024-04-28 12:45:31,121 [1fd4d212-c4d2-4c1d-a58c-62e98a4efa8c-groupManagement] INFO  server.RaftServer$Division (RaftServerImpl.java:<init>(256)) - 1fd4d212-c4d2-4c1d-a58c-62e98a4efa8c: new RaftServerImpl for group-7DBF24B1A174:[d1684581-678b-458f-8382-390a387eba93|127.0.0.1:15406, 7957f999-cc51-45d8-add6-1ece72fbce78|127.0.0.1:15415, 1fd4d212-c4d2-4c1d-a58c-62e98a4efa8c|127.0.0.1:15397] with ContainerStateMachine:uninitialized
2024-04-28 12:45:31,121 [1fd4d212-c4d2-4c1d-a58c-62e98a4efa8c-groupManagement] INFO  server.RaftServerConfigKeys (ConfUtils.java:logGet(46)) - raft.server.rpc.timeout.min = 5s (custom)
2024-04-28 12:45:31,121 [1fd4d212-c4d2-4c1d-a58c-62e98a4efa8c-groupManagement] INFO  server.RaftServerConfigKeys (ConfUtils.java:logGet(46)) - raft.server.rpc.timeout.max = 5200ms (custom)
2024-04-28 12:45:31,122 [1fd4d212-c4d2-4c1d-a58c-62e98a4efa8c-groupManagement] INFO  server.RaftServerConfigKeys (ConfUtils.java:logGet(46)) - raft.server.rpc.sleep.time = 25ms (default)
2024-04-28 12:45:31,122 [1fd4d212-c4d2-4c1d-a58c-62e98a4efa8c-groupManagement] INFO  server.RaftServerConfigKeys (ConfUtils.java:logGet(46)) - raft.server.rpc.slowness.timeout = 300000ms (custom)
2024-04-28 12:45:31,122 [1fd4d212-c4d2-4c1d-a58c-62e98a4efa8c-groupManagement] INFO  server.RaftServerConfigKeys (ConfUtils.java:logGet(46)) - raft.server.leaderelection.leader.step-down.wait-time = 10s (default)
2024-04-28 12:45:31,122 [1fd4d212-c4d2-4c1d-a58c-62e98a4efa8c-groupManagement] INFO  server.RaftServerConfigKeys (ConfUtils.java:logGet(46)) - raft.server.leaderelection.member.majority-add = false (default)
2024-04-28 12:45:31,122 [1fd4d212-c4d2-4c1d-a58c-62e98a4efa8c-groupManagement] INFO  server.RaftServerConfigKeys (ConfUtils.java:logGet(46)) - raft.server.sleep.deviation.threshold = 300ms (default)
2024-04-28 12:45:31,122 [1fd4d212-c4d2-4c1d-a58c-62e98a4efa8c-groupManagement] INFO  server.RaftServer$Division (ServerState.java:<init>(113)) - 1fd4d212-c4d2-4c1d-a58c-62e98a4efa8c@group-7DBF24B1A174: ConfigurationManager, init=-1: peers:[d1684581-678b-458f-8382-390a387eba93|127.0.0.1:15406, 7957f999-cc51-45d8-add6-1ece72fbce78|127.0.0.1:15415, 1fd4d212-c4d2-4c1d-a58c-62e98a4efa8c|127.0.0.1:15397]|listeners:[], old=null, confs=<EMPTY_MAP>
2024-04-28 12:45:31,122 [1fd4d212-c4d2-4c1d-a58c-62e98a4efa8c-groupManagement] INFO  server.RaftServerConfigKeys (ConfUtils.java:logGet(46)) - raft.server.notification.no-leader.timeout = 300000ms (custom)
2024-04-28 12:45:31,122 [1fd4d212-c4d2-4c1d-a58c-62e98a4efa8c-groupManagement] INFO  server.RaftServerConfigKeys (ConfUtils.java:logGet(46)) - raft.server.read.timeout = 10s (default)
2024-04-28 12:45:31,122 [1fd4d212-c4d2-4c1d-a58c-62e98a4efa8c-groupManagement] INFO  server.RaftServerConfigKeys (ConfUtils.java:logGet(46)) - raft.server.retrycache.expirytime = 600000ms (custom)
2024-04-28 12:45:31,122 [1fd4d212-c4d2-4c1d-a58c-62e98a4efa8c-groupManagement] INFO  server.RaftServerConfigKeys (ConfUtils.java:logGet(46)) - raft.server.retrycache.statistics.expirytime = 100ms (default)
2024-04-28 12:45:31,122 [1fd4d212-c4d2-4c1d-a58c-62e98a4efa8c-groupManagement] INFO  server.RaftServerConfigKeys (ConfUtils.java:logGet(46)) - raft.server.read.option = DEFAULT (default)
2024-04-28 12:45:31,122 [1fd4d212-c4d2-4c1d-a58c-62e98a4efa8c-groupManagement] INFO  server.RaftServerConfigKeys (ConfUtils.java:logGet(46)) - raft.server.read.read-after-write-consistent.write-index-cache.expiry-time = 60s (default)
2024-04-28 12:45:31,124 [1fd4d212-c4d2-4c1d-a58c-62e98a4efa8c-groupManagement] INFO  server.RaftServerConfigKeys (ConfUtils.java:logGet(46)) - raft.server.rpc.request.timeout = 3000ms (default)
2024-04-28 12:45:31,124 [1fd4d212-c4d2-4c1d-a58c-62e98a4efa8c-groupManagement] INFO  server.RaftServerConfigKeys (ConfUtils.java:logGet(46)) - raft.server.log.appender.install.snapshot.enabled = false (custom)
2024-04-28 12:45:31,124 [1fd4d212-c4d2-4c1d-a58c-62e98a4efa8c-groupManagement] INFO  server.RaftServerConfigKeys (ConfUtils.java:logGet(46)) - raft.server.threadpool.server.cached = true (default)
2024-04-28 12:45:31,124 [1fd4d212-c4d2-4c1d-a58c-62e98a4efa8c-groupManagement] INFO  server.RaftServerConfigKeys (ConfUtils.java:logGet(46)) - raft.server.threadpool.server.size = 0 (default)
2024-04-28 12:45:31,124 [1fd4d212-c4d2-4c1d-a58c-62e98a4efa8c-groupManagement] INFO  server.RaftServerConfigKeys (ConfUtils.java:logGet(46)) - raft.server.threadpool.client.cached = true (default)
2024-04-28 12:45:31,124 [1fd4d212-c4d2-4c1d-a58c-62e98a4efa8c-groupManagement] INFO  server.RaftServerConfigKeys (ConfUtils.java:logGet(46)) - raft.server.threadpool.client.size = 0 (default)
2024-04-28 12:45:31,124 [1fd4d212-c4d2-4c1d-a58c-62e98a4efa8c-groupManagement] INFO  server.RaftServerConfigKeys (ConfUtils.java:logGet(46)) - raft.server.storage.free-space.min = 0MB (=0) (default)
2024-04-28 12:45:31,124 [1fd4d212-c4d2-4c1d-a58c-62e98a4efa8c-groupManagement] INFO  server.RaftServerConfigKeys (ConfUtils.java:logGet(46)) - raft.server.log.corruption.policy = EXCEPTION (default)
2024-04-28 12:45:31,124 [1fd4d212-c4d2-4c1d-a58c-62e98a4efa8c-groupManagement] INFO  server.RaftServerConfigKeys (ConfUtils.java:logGet(46)) - raft.server.storage.dir = [/home/runner/work/ozone/ozone/hadoop-ozone/integration-test/target/test-dir/MiniOzoneClusterImpl-4444f751-856d-4595-ad15-e87fc76049bc/ozone-meta/datanode-4/ratis] (custom)
2024-04-28 12:45:31,124 [1fd4d212-c4d2-4c1d-a58c-62e98a4efa8c-groupManagement] INFO  storage.RaftStorageDirectory (RaftStorageDirectoryImpl.java:analyzeStorage(138)) - The storage directory /home/runner/work/ozone/ozone/hadoop-ozone/integration-test/target/test-dir/MiniOzoneClusterImpl-4444f751-856d-4595-ad15-e87fc76049bc/ozone-meta/datanode-4/ratis/a1340ccb-ef00-4572-a36a-7dbf24b1a174 does not exist. Creating ...
2024-04-28 12:45:31,125 [1fd4d212-c4d2-4c1d-a58c-62e98a4efa8c-groupManagement] INFO  storage.RaftStorageDirectory (RaftStorageDirectoryImpl.java:tryLock(228)) - Lock on /home/runner/work/ozone/ozone/hadoop-ozone/integration-test/target/test-dir/MiniOzoneClusterImpl-4444f751-856d-4595-ad15-e87fc76049bc/ozone-meta/datanode-4/ratis/a1340ccb-ef00-4572-a36a-7dbf24b1a174/in_use.lock acquired by nodename 21404@fv-az1392-52
2024-04-28 12:45:31,126 [1fd4d212-c4d2-4c1d-a58c-62e98a4efa8c-groupManagement] INFO  storage.RaftStorage (RaftStorageImpl.java:format(99)) - Storage directory /home/runner/work/ozone/ozone/hadoop-ozone/integration-test/target/test-dir/MiniOzoneClusterImpl-4444f751-856d-4595-ad15-e87fc76049bc/ozone-meta/datanode-4/ratis/a1340ccb-ef00-4572-a36a-7dbf24b1a174 has been successfully formatted.
2024-04-28 12:45:31,126 [1fd4d212-c4d2-4c1d-a58c-62e98a4efa8c-groupManagement] WARN  util.FileUtils (LogUtils.java:supplyAndLog(63)) - Failed to Files.newInputStream /home/runner/work/ozone/ozone/hadoop-ozone/integration-test/target/test-dir/MiniOzoneClusterImpl-4444f751-856d-4595-ad15-e87fc76049bc/ozone-meta/datanode-4/ratis/a1340ccb-ef00-4572-a36a-7dbf24b1a174/current/raft-meta.conf with options []: java.nio.file.NoSuchFileException: /home/runner/work/ozone/ozone/hadoop-ozone/integration-test/target/test-dir/MiniOzoneClusterImpl-4444f751-856d-4595-ad15-e87fc76049bc/ozone-meta/datanode-4/ratis/a1340ccb-ef00-4572-a36a-7dbf24b1a174/current/raft-meta.conf
2024-04-28 12:45:31,127 [1fd4d212-c4d2-4c1d-a58c-62e98a4efa8c-groupManagement] INFO  ratis.ContainerStateMachine (ContainerStateMachine.java:loadSnapshot(287)) - group-7DBF24B1A174: The snapshot info is null. Setting the last applied index to:(t:0, i:~)
2024-04-28 12:45:31,127 [1fd4d212-c4d2-4c1d-a58c-62e98a4efa8c-groupManagement] INFO  server.RaftServerConfigKeys (ConfUtils.java:logGet(46)) - raft.server.log.use.memory = false (default)
2024-04-28 12:45:31,127 [1fd4d212-c4d2-4c1d-a58c-62e98a4efa8c-groupManagement] INFO  server.RaftServerConfigKeys (ConfUtils.java:logGet(46)) - raft.server.log.purge.gap = 1000000 (custom)
2024-04-28 12:45:31,127 [1fd4d212-c4d2-4c1d-a58c-62e98a4efa8c-groupManagement] INFO  server.RaftServerConfigKeys (ConfUtils.java:logGet(46)) - raft.server.log.appender.buffer.byte-limit = 8388608 (custom)
2024-04-28 12:45:31,127 [1fd4d212-c4d2-4c1d-a58c-62e98a4efa8c-groupManagement] INFO  server.RaftServerConfigKeys (ConfUtils.java:logGet(46)) - raft.server.log.statemachine.data.read.timeout = 1000ms (default)
2024-04-28 12:45:31,127 [1fd4d212-c4d2-4c1d-a58c-62e98a4efa8c-groupManagement] INFO  server.RaftServerConfigKeys (ConfUtils.java:logGet(46)) - raft.server.log.purge.preservation.log.num = 0 (default)
2024-04-28 12:45:31,127 [EventQueue-OpenPipelineForHealthyPipelineSafeModeRule] INFO  safemode.SCMSafeModeManager (HealthyPipelineSafeModeRule.java:process(140)) - SCM in safe mode. Healthy pipelines reported count is 0, required healthy pipeline reported count is 1
2024-04-28 12:45:31,129 [1fd4d212-c4d2-4c1d-a58c-62e98a4efa8c-groupManagement] INFO  server.RaftServerConfigKeys (ConfUtils.java:logGet(46)) - raft.server.log.segment.size.max = 67108864 (custom)
2024-04-28 12:45:31,129 [1fd4d212-c4d2-4c1d-a58c-62e98a4efa8c-groupManagement] INFO  server.RaftServerConfigKeys (ConfUtils.java:logGet(46)) - raft.server.log.segment.cache.num.max = 2 (custom)
2024-04-28 12:45:31,129 [1fd4d212-c4d2-4c1d-a58c-62e98a4efa8c-groupManagement] INFO  server.RaftServerConfigKeys (ConfUtils.java:logGet(46)) - raft.server.log.segment.cache.size.max = 200MB (=209715200) (default)
2024-04-28 12:45:31,129 [1fd4d212-c4d2-4c1d-a58c-62e98a4efa8c-groupManagement] INFO  server.RaftServerConfigKeys (ConfUtils.java:logGet(46)) - raft.server.log.appender.buffer.byte-limit = 8388608 (custom)
2024-04-28 12:45:31,129 [1fd4d212-c4d2-4c1d-a58c-62e98a4efa8c-groupManagement] INFO  util.AwaitToRun (AwaitToRun.java:start(81)) - Thread[1fd4d212-c4d2-4c1d-a58c-62e98a4efa8c@group-7DBF24B1A174-cacheEviction-AwaitToRun,5,main] started
2024-04-28 12:45:31,129 [1fd4d212-c4d2-4c1d-a58c-62e98a4efa8c-groupManagement] INFO  segmented.SegmentedRaftLogWorker (SegmentedRaftLogWorker.java:<init>(182)) - new 1fd4d212-c4d2-4c1d-a58c-62e98a4efa8c@group-7DBF24B1A174-SegmentedRaftLogWorker for RaftStorageImpl:Storage Directory /home/runner/work/ozone/ozone/hadoop-ozone/integration-test/target/test-dir/MiniOzoneClusterImpl-4444f751-856d-4595-ad15-e87fc76049bc/ozone-meta/datanode-4/ratis/a1340ccb-ef00-4572-a36a-7dbf24b1a174
2024-04-28 12:45:31,129 [1fd4d212-c4d2-4c1d-a58c-62e98a4efa8c-groupManagement] INFO  server.RaftServerConfigKeys (ConfUtils.java:logGet(46)) - raft.server.log.queue.byte-limit = 4294967296 (custom)
2024-04-28 12:45:31,129 [1fd4d212-c4d2-4c1d-a58c-62e98a4efa8c-groupManagement] INFO  server.RaftServerConfigKeys (ConfUtils.java:logGet(46)) - raft.server.log.queue.element-limit = 1024 (custom)
2024-04-28 12:45:31,129 [1fd4d212-c4d2-4c1d-a58c-62e98a4efa8c-groupManagement] INFO  server.RaftServerConfigKeys (ConfUtils.java:logGet(46)) - raft.server.log.segment.size.max = 67108864 (custom)
2024-04-28 12:45:31,129 [1fd4d212-c4d2-4c1d-a58c-62e98a4efa8c-groupManagement] INFO  server.RaftServerConfigKeys (ConfUtils.java:logGet(46)) - raft.server.log.preallocated.size = 4194304 (custom)
2024-04-28 12:45:31,129 [1fd4d212-c4d2-4c1d-a58c-62e98a4efa8c-groupManagement] INFO  server.RaftServerConfigKeys (ConfUtils.java:logGet(46)) - raft.server.log.force.sync.num = 128 (default)
2024-04-28 12:45:31,129 [1fd4d212-c4d2-4c1d-a58c-62e98a4efa8c-groupManagement] INFO  server.RaftServerConfigKeys (ConfUtils.java:logGet(46)) - raft.server.log.statemachine.data.sync = true (default)
2024-04-28 12:45:31,129 [1fd4d212-c4d2-4c1d-a58c-62e98a4efa8c-groupManagement] INFO  server.RaftServerConfigKeys (ConfUtils.java:logGet(46)) - raft.server.log.statemachine.data.sync.timeout = 10s (default)
2024-04-28 12:45:31,129 [1fd4d212-c4d2-4c1d-a58c-62e98a4efa8c-groupManagement] INFO  server.RaftServerConfigKeys (ConfUtils.java:logGet(46)) - raft.server.log.statemachine.data.sync.timeout.retry = 30 (custom)
2024-04-28 12:45:31,130 [1fd4d212-c4d2-4c1d-a58c-62e98a4efa8c-groupManagement] INFO  server.RaftServerConfigKeys (ConfUtils.java:logGet(46)) - raft.server.log.write.buffer.size = 8388616 (custom)
2024-04-28 12:45:31,131 [1fd4d212-c4d2-4c1d-a58c-62e98a4efa8c-groupManagement] INFO  server.RaftServerConfigKeys (ConfUtils.java:logGet(46)) - raft.server.log.appender.buffer.byte-limit = 8388608 (custom)
2024-04-28 12:45:31,131 [1fd4d212-c4d2-4c1d-a58c-62e98a4efa8c-groupManagement] INFO  server.RaftServerConfigKeys (ConfUtils.java:logGet(46)) - raft.server.log.unsafe-flush.enabled = false (default)
2024-04-28 12:45:31,131 [1fd4d212-c4d2-4c1d-a58c-62e98a4efa8c-groupManagement] INFO  server.RaftServerConfigKeys (ConfUtils.java:logGet(46)) - raft.server.log.async-flush.enabled = false (default)
2024-04-28 12:45:31,131 [1fd4d212-c4d2-4c1d-a58c-62e98a4efa8c-groupManagement] INFO  server.RaftServerConfigKeys (ConfUtils.java:logGet(46)) - raft.server.log.statemachine.data.caching.enabled = true (custom)
2024-04-28 12:45:31,131 [1fd4d212-c4d2-4c1d-a58c-62e98a4efa8c-groupManagement] INFO  segmented.SegmentedRaftLogWorker (SegmentedRaftLogWorker.java:lambda$new$0(134)) - 1fd4d212-c4d2-4c1d-a58c-62e98a4efa8c@group-7DBF24B1A174-SegmentedRaftLogWorker: flushIndex: setUnconditionally 0 -> -1
2024-04-28 12:45:31,131 [1fd4d212-c4d2-4c1d-a58c-62e98a4efa8c-groupManagement] INFO  segmented.SegmentedRaftLogWorker (SegmentedRaftLogWorker.java:lambda$new$0(134)) - 1fd4d212-c4d2-4c1d-a58c-62e98a4efa8c@group-7DBF24B1A174-SegmentedRaftLogWorker: safeCacheEvictIndex: setUnconditionally 0 -> -1
2024-04-28 12:45:31,133 [1fd4d212-c4d2-4c1d-a58c-62e98a4efa8c-groupManagement] INFO  server.RaftServer$Division (RaftServerImpl.java:start(396)) - 1fd4d212-c4d2-4c1d-a58c-62e98a4efa8c@group-7DBF24B1A174: start as a follower, conf=-1: peers:[d1684581-678b-458f-8382-390a387eba93|127.0.0.1:15406, 7957f999-cc51-45d8-add6-1ece72fbce78|127.0.0.1:15415, 1fd4d212-c4d2-4c1d-a58c-62e98a4efa8c|127.0.0.1:15397]|listeners:[], old=null
2024-04-28 12:45:31,133 [1fd4d212-c4d2-4c1d-a58c-62e98a4efa8c-groupManagement] INFO  server.RaftServer$Division (RaftServerImpl.java:setRole(383)) - 1fd4d212-c4d2-4c1d-a58c-62e98a4efa8c@group-7DBF24B1A174: changes role from      null to FOLLOWER at term 0 for startAsFollower
2024-04-28 12:45:31,133 [1fd4d212-c4d2-4c1d-a58c-62e98a4efa8c-groupManagement] INFO  impl.RoleInfo (RoleInfo.java:updateAndGet(139)) - 1fd4d212-c4d2-4c1d-a58c-62e98a4efa8c: start 1fd4d212-c4d2-4c1d-a58c-62e98a4efa8c@group-7DBF24B1A174-FollowerState
2024-04-28 12:45:31,134 [1fd4d212-c4d2-4c1d-a58c-62e98a4efa8c@group-7DBF24B1A174-FollowerState] INFO  server.RaftServerConfigKeys (ConfUtils.java:logFallback(53)) - raft.server.rpc.first-election.timeout.min = 5s (fallback to raft.server.rpc.timeout.min)
2024-04-28 12:45:31,134 [1fd4d212-c4d2-4c1d-a58c-62e98a4efa8c-groupManagement] INFO  util.JmxRegister (JmxRegister.java:tryRegister(44)) - Successfully registered JMX Bean with object name Ratis:service=RaftServer,group=group-7DBF24B1A174,id=1fd4d212-c4d2-4c1d-a58c-62e98a4efa8c
2024-04-28 12:45:31,134 [1fd4d212-c4d2-4c1d-a58c-62e98a4efa8c@group-7DBF24B1A174-FollowerState] INFO  server.RaftServerConfigKeys (ConfUtils.java:logFallback(53)) - raft.server.rpc.first-election.timeout.max = 5200ms (fallback to raft.server.rpc.timeout.max)
2024-04-28 12:45:31,134 [1fd4d212-c4d2-4c1d-a58c-62e98a4efa8c-groupManagement] INFO  server.RaftServerConfigKeys (ConfUtils.java:logGet(46)) - raft.server.snapshot.trigger-when-stop.enabled = true (default)
2024-04-28 12:45:31,134 [1fd4d212-c4d2-4c1d-a58c-62e98a4efa8c-groupManagement] INFO  server.RaftServerConfigKeys (ConfUtils.java:logGet(46)) - raft.server.snapshot.auto.trigger.enabled = true (custom)
2024-04-28 12:45:31,134 [1fd4d212-c4d2-4c1d-a58c-62e98a4efa8c-groupManagement] INFO  server.RaftServerConfigKeys (ConfUtils.java:logGet(46)) - raft.server.snapshot.auto.trigger.threshold = 10000 (custom)
2024-04-28 12:45:31,134 [1fd4d212-c4d2-4c1d-a58c-62e98a4efa8c-groupManagement] INFO  server.RaftServerConfigKeys (ConfUtils.java:logGet(46)) - raft.server.snapshot.retention.file.num = 5 (custom)
2024-04-28 12:45:31,134 [1fd4d212-c4d2-4c1d-a58c-62e98a4efa8c-groupManagement] INFO  server.RaftServerConfigKeys (ConfUtils.java:logGet(46)) - raft.server.log.purge.upto.snapshot.index = false (default)
2024-04-28 12:45:31,134 [1fd4d212-c4d2-4c1d-a58c-62e98a4efa8c-PipelineCommandHandlerThread-0] INFO  ratis.XceiverServerRatis (XceiverServerRatis.java:addGroup(864)) - Created group PipelineID=a1340ccb-ef00-4572-a36a-7dbf24b1a174
2024-04-28 12:45:31,140 [grpc-default-executor-0] INFO  server.RaftServer (RaftServerProxy.java:addNew(100)) - 7957f999-cc51-45d8-add6-1ece72fbce78: addNew group-7DBF24B1A174:[d1684581-678b-458f-8382-390a387eba93|127.0.0.1:15406, 7957f999-cc51-45d8-add6-1ece72fbce78|127.0.0.1:15415, 1fd4d212-c4d2-4c1d-a58c-62e98a4efa8c|127.0.0.1:15397] returns group-7DBF24B1A174:java.util.concurrent.CompletableFuture@a6999d[Not completed]
2024-04-28 12:45:31,140 [7957f999-cc51-45d8-add6-1ece72fbce78-groupManagement] INFO  server.RaftServer$Division (RaftServerImpl.java:<init>(256)) - 7957f999-cc51-45d8-add6-1ece72fbce78: new RaftServerImpl for group-7DBF24B1A174:[d1684581-678b-458f-8382-390a387eba93|127.0.0.1:15406, 7957f999-cc51-45d8-add6-1ece72fbce78|127.0.0.1:15415, 1fd4d212-c4d2-4c1d-a58c-62e98a4efa8c|127.0.0.1:15397] with ContainerStateMachine:uninitialized
2024-04-28 12:45:31,140 [7957f999-cc51-45d8-add6-1ece72fbce78-groupManagement] INFO  server.RaftServerConfigKeys (ConfUtils.java:logGet(46)) - raft.server.rpc.timeout.min = 5s (custom)
2024-04-28 12:45:31,141 [7957f999-cc51-45d8-add6-1ece72fbce78-groupManagement] INFO  server.RaftServerConfigKeys (ConfUtils.java:logGet(46)) - raft.server.rpc.timeout.max = 5200ms (custom)
2024-04-28 12:45:31,141 [7957f999-cc51-45d8-add6-1ece72fbce78-groupManagement] INFO  server.RaftServerConfigKeys (ConfUtils.java:logGet(46)) - raft.server.rpc.sleep.time = 25ms (default)
2024-04-28 12:45:31,141 [7957f999-cc51-45d8-add6-1ece72fbce78-groupManagement] INFO  server.RaftServerConfigKeys (ConfUtils.java:logGet(46)) - raft.server.rpc.slowness.timeout = 300000ms (custom)
2024-04-28 12:45:31,141 [7957f999-cc51-45d8-add6-1ece72fbce78-groupManagement] INFO  server.RaftServerConfigKeys (ConfUtils.java:logGet(46)) - raft.server.leaderelection.leader.step-down.wait-time = 10s (default)
2024-04-28 12:45:31,141 [7957f999-cc51-45d8-add6-1ece72fbce78-groupManagement] INFO  server.RaftServerConfigKeys (ConfUtils.java:logGet(46)) - raft.server.leaderelection.member.majority-add = false (default)
2024-04-28 12:45:31,141 [7957f999-cc51-45d8-add6-1ece72fbce78-groupManagement] INFO  server.RaftServerConfigKeys (ConfUtils.java:logGet(46)) - raft.server.sleep.deviation.threshold = 300ms (default)
2024-04-28 12:45:31,141 [7957f999-cc51-45d8-add6-1ece72fbce78-groupManagement] INFO  server.RaftServer$Division (ServerState.java:<init>(113)) - 7957f999-cc51-45d8-add6-1ece72fbce78@group-7DBF24B1A174: ConfigurationManager, init=-1: peers:[d1684581-678b-458f-8382-390a387eba93|127.0.0.1:15406, 7957f999-cc51-45d8-add6-1ece72fbce78|127.0.0.1:15415, 1fd4d212-c4d2-4c1d-a58c-62e98a4efa8c|127.0.0.1:15397]|listeners:[], old=null, confs=<EMPTY_MAP>
2024-04-28 12:45:31,141 [7957f999-cc51-45d8-add6-1ece72fbce78-groupManagement] INFO  server.RaftServerConfigKeys (ConfUtils.java:logGet(46)) - raft.server.notification.no-leader.timeout = 300000ms (custom)
2024-04-28 12:45:31,141 [7957f999-cc51-45d8-add6-1ece72fbce78-groupManagement] INFO  server.RaftServerConfigKeys (ConfUtils.java:logGet(46)) - raft.server.read.timeout = 10s (default)
2024-04-28 12:45:31,141 [7957f999-cc51-45d8-add6-1ece72fbce78-groupManagement] INFO  server.RaftServerConfigKeys (ConfUtils.java:logGet(46)) - raft.server.retrycache.expirytime = 600000ms (custom)
2024-04-28 12:45:31,141 [7957f999-cc51-45d8-add6-1ece72fbce78-groupManagement] INFO  server.RaftServerConfigKeys (ConfUtils.java:logGet(46)) - raft.server.retrycache.statistics.expirytime = 100ms (default)
2024-04-28 12:45:31,141 [7957f999-cc51-45d8-add6-1ece72fbce78-groupManagement] INFO  server.RaftServerConfigKeys (ConfUtils.java:logGet(46)) - raft.server.read.option = DEFAULT (default)
2024-04-28 12:45:31,141 [7957f999-cc51-45d8-add6-1ece72fbce78-groupManagement] INFO  server.RaftServerConfigKeys (ConfUtils.java:logGet(46)) - raft.server.read.read-after-write-consistent.write-index-cache.expiry-time = 60s (default)
2024-04-28 12:45:31,144 [7957f999-cc51-45d8-add6-1ece72fbce78-groupManagement] INFO  server.RaftServerConfigKeys (ConfUtils.java:logGet(46)) - raft.server.rpc.request.timeout = 3000ms (default)
2024-04-28 12:45:31,144 [7957f999-cc51-45d8-add6-1ece72fbce78-groupManagement] INFO  server.RaftServerConfigKeys (ConfUtils.java:logGet(46)) - raft.server.log.appender.install.snapshot.enabled = false (custom)
2024-04-28 12:45:31,144 [7957f999-cc51-45d8-add6-1ece72fbce78-groupManagement] INFO  server.RaftServerConfigKeys (ConfUtils.java:logGet(46)) - raft.server.threadpool.server.cached = true (default)
2024-04-28 12:45:31,144 [7957f999-cc51-45d8-add6-1ece72fbce78-groupManagement] INFO  server.RaftServerConfigKeys (ConfUtils.java:logGet(46)) - raft.server.threadpool.server.size = 0 (default)
2024-04-28 12:45:31,144 [7957f999-cc51-45d8-add6-1ece72fbce78-groupManagement] INFO  server.RaftServerConfigKeys (ConfUtils.java:logGet(46)) - raft.server.threadpool.client.cached = true (default)
2024-04-28 12:45:31,144 [7957f999-cc51-45d8-add6-1ece72fbce78-groupManagement] INFO  server.RaftServerConfigKeys (ConfUtils.java:logGet(46)) - raft.server.threadpool.client.size = 0 (default)
2024-04-28 12:45:31,144 [7957f999-cc51-45d8-add6-1ece72fbce78-groupManagement] INFO  server.RaftServerConfigKeys (ConfUtils.java:logGet(46)) - raft.server.storage.free-space.min = 0MB (=0) (default)
2024-04-28 12:45:31,144 [7957f999-cc51-45d8-add6-1ece72fbce78-groupManagement] INFO  server.RaftServerConfigKeys (ConfUtils.java:logGet(46)) - raft.server.log.corruption.policy = EXCEPTION (default)
2024-04-28 12:45:31,144 [7957f999-cc51-45d8-add6-1ece72fbce78-groupManagement] INFO  server.RaftServerConfigKeys (ConfUtils.java:logGet(46)) - raft.server.storage.dir = [/home/runner/work/ozone/ozone/hadoop-ozone/integration-test/target/test-dir/MiniOzoneClusterImpl-4444f751-856d-4595-ad15-e87fc76049bc/ozone-meta/datanode-6/ratis] (custom)
2024-04-28 12:45:31,144 [7957f999-cc51-45d8-add6-1ece72fbce78-groupManagement] INFO  storage.RaftStorageDirectory (RaftStorageDirectoryImpl.java:analyzeStorage(138)) - The storage directory /home/runner/work/ozone/ozone/hadoop-ozone/integration-test/target/test-dir/MiniOzoneClusterImpl-4444f751-856d-4595-ad15-e87fc76049bc/ozone-meta/datanode-6/ratis/a1340ccb-ef00-4572-a36a-7dbf24b1a174 does not exist. Creating ...
2024-04-28 12:45:31,145 [7957f999-cc51-45d8-add6-1ece72fbce78-groupManagement] INFO  storage.RaftStorageDirectory (RaftStorageDirectoryImpl.java:tryLock(228)) - Lock on /home/runner/work/ozone/ozone/hadoop-ozone/integration-test/target/test-dir/MiniOzoneClusterImpl-4444f751-856d-4595-ad15-e87fc76049bc/ozone-meta/datanode-6/ratis/a1340ccb-ef00-4572-a36a-7dbf24b1a174/in_use.lock acquired by nodename 21404@fv-az1392-52
2024-04-28 12:45:31,146 [7957f999-cc51-45d8-add6-1ece72fbce78-groupManagement] INFO  storage.RaftStorage (RaftStorageImpl.java:format(99)) - Storage directory /home/runner/work/ozone/ozone/hadoop-ozone/integration-test/target/test-dir/MiniOzoneClusterImpl-4444f751-856d-4595-ad15-e87fc76049bc/ozone-meta/datanode-6/ratis/a1340ccb-ef00-4572-a36a-7dbf24b1a174 has been successfully formatted.
2024-04-28 12:45:31,146 [7957f999-cc51-45d8-add6-1ece72fbce78-groupManagement] WARN  util.FileUtils (LogUtils.java:supplyAndLog(63)) - Failed to Files.newInputStream /home/runner/work/ozone/ozone/hadoop-ozone/integration-test/target/test-dir/MiniOzoneClusterImpl-4444f751-856d-4595-ad15-e87fc76049bc/ozone-meta/datanode-6/ratis/a1340ccb-ef00-4572-a36a-7dbf24b1a174/current/raft-meta.conf with options []: java.nio.file.NoSuchFileException: /home/runner/work/ozone/ozone/hadoop-ozone/integration-test/target/test-dir/MiniOzoneClusterImpl-4444f751-856d-4595-ad15-e87fc76049bc/ozone-meta/datanode-6/ratis/a1340ccb-ef00-4572-a36a-7dbf24b1a174/current/raft-meta.conf
2024-04-28 12:45:31,147 [7957f999-cc51-45d8-add6-1ece72fbce78-groupManagement] INFO  ratis.ContainerStateMachine (ContainerStateMachine.java:loadSnapshot(287)) - group-7DBF24B1A174: The snapshot info is null. Setting the last applied index to:(t:0, i:~)
2024-04-28 12:45:31,147 [7957f999-cc51-45d8-add6-1ece72fbce78-groupManagement] INFO  server.RaftServerConfigKeys (ConfUtils.java:logGet(46)) - raft.server.log.use.memory = false (default)
2024-04-28 12:45:31,147 [7957f999-cc51-45d8-add6-1ece72fbce78-groupManagement] INFO  server.RaftServerConfigKeys (ConfUtils.java:logGet(46)) - raft.server.log.purge.gap = 1000000 (custom)
2024-04-28 12:45:31,147 [7957f999-cc51-45d8-add6-1ece72fbce78-groupManagement] INFO  server.RaftServerConfigKeys (ConfUtils.java:logGet(46)) - raft.server.log.appender.buffer.byte-limit = 8388608 (custom)
2024-04-28 12:45:31,147 [7957f999-cc51-45d8-add6-1ece72fbce78-groupManagement] INFO  server.RaftServerConfigKeys (ConfUtils.java:logGet(46)) - raft.server.log.statemachine.data.read.timeout = 1000ms (default)
2024-04-28 12:45:31,147 [7957f999-cc51-45d8-add6-1ece72fbce78-groupManagement] INFO  server.RaftServerConfigKeys (ConfUtils.java:logGet(46)) - raft.server.log.purge.preservation.log.num = 0 (default)
2024-04-28 12:45:31,149 [7957f999-cc51-45d8-add6-1ece72fbce78-groupManagement] INFO  server.RaftServerConfigKeys (ConfUtils.java:logGet(46)) - raft.server.log.segment.size.max = 67108864 (custom)
2024-04-28 12:45:31,149 [7957f999-cc51-45d8-add6-1ece72fbce78-groupManagement] INFO  server.RaftServerConfigKeys (ConfUtils.java:logGet(46)) - raft.server.log.segment.cache.num.max = 2 (custom)
2024-04-28 12:45:31,149 [7957f999-cc51-45d8-add6-1ece72fbce78-groupManagement] INFO  server.RaftServerConfigKeys (ConfUtils.java:logGet(46)) - raft.server.log.segment.cache.size.max = 200MB (=209715200) (default)
2024-04-28 12:45:31,149 [7957f999-cc51-45d8-add6-1ece72fbce78-groupManagement] INFO  server.RaftServerConfigKeys (ConfUtils.java:logGet(46)) - raft.server.log.appender.buffer.byte-limit = 8388608 (custom)
2024-04-28 12:45:31,149 [7957f999-cc51-45d8-add6-1ece72fbce78-groupManagement] INFO  util.AwaitToRun (AwaitToRun.java:start(81)) - Thread[7957f999-cc51-45d8-add6-1ece72fbce78@group-7DBF24B1A174-cacheEviction-AwaitToRun,5,main] started
2024-04-28 12:45:31,150 [7957f999-cc51-45d8-add6-1ece72fbce78-groupManagement] INFO  segmented.SegmentedRaftLogWorker (SegmentedRaftLogWorker.java:<init>(182)) - new 7957f999-cc51-45d8-add6-1ece72fbce78@group-7DBF24B1A174-SegmentedRaftLogWorker for RaftStorageImpl:Storage Directory /home/runner/work/ozone/ozone/hadoop-ozone/integration-test/target/test-dir/MiniOzoneClusterImpl-4444f751-856d-4595-ad15-e87fc76049bc/ozone-meta/datanode-6/ratis/a1340ccb-ef00-4572-a36a-7dbf24b1a174
2024-04-28 12:45:31,150 [7957f999-cc51-45d8-add6-1ece72fbce78-groupManagement] INFO  server.RaftServerConfigKeys (ConfUtils.java:logGet(46)) - raft.server.log.queue.byte-limit = 4294967296 (custom)
2024-04-28 12:45:31,150 [7957f999-cc51-45d8-add6-1ece72fbce78-groupManagement] INFO  server.RaftServerConfigKeys (ConfUtils.java:logGet(46)) - raft.server.log.queue.element-limit = 1024 (custom)
2024-04-28 12:45:31,150 [7957f999-cc51-45d8-add6-1ece72fbce78-groupManagement] INFO  server.RaftServerConfigKeys (ConfUtils.java:logGet(46)) - raft.server.log.segment.size.max = 67108864 (custom)
2024-04-28 12:45:31,150 [7957f999-cc51-45d8-add6-1ece72fbce78-groupManagement] INFO  server.RaftServerConfigKeys (ConfUtils.java:logGet(46)) - raft.server.log.preallocated.size = 4194304 (custom)
2024-04-28 12:45:31,150 [7957f999-cc51-45d8-add6-1ece72fbce78-groupManagement] INFO  server.RaftServerConfigKeys (ConfUtils.java:logGet(46)) - raft.server.log.force.sync.num = 128 (default)
2024-04-28 12:45:31,150 [7957f999-cc51-45d8-add6-1ece72fbce78-groupManagement] INFO  server.RaftServerConfigKeys (ConfUtils.java:logGet(46)) - raft.server.log.statemachine.data.sync = true (default)
2024-04-28 12:45:31,150 [7957f999-cc51-45d8-add6-1ece72fbce78-groupManagement] INFO  server.RaftServerConfigKeys (ConfUtils.java:logGet(46)) - raft.server.log.statemachine.data.sync.timeout = 10s (default)
2024-04-28 12:45:31,150 [7957f999-cc51-45d8-add6-1ece72fbce78-groupManagement] INFO  server.RaftServerConfigKeys (ConfUtils.java:logGet(46)) - raft.server.log.statemachine.data.sync.timeout.retry = 30 (custom)
2024-04-28 12:45:31,150 [7957f999-cc51-45d8-add6-1ece72fbce78-groupManagement] INFO  server.RaftServerConfigKeys (ConfUtils.java:logGet(46)) - raft.server.log.write.buffer.size = 8388616 (custom)
2024-04-28 12:45:31,152 [7957f999-cc51-45d8-add6-1ece72fbce78-groupManagement] INFO  server.RaftServerConfigKeys (ConfUtils.java:logGet(46)) - raft.server.log.appender.buffer.byte-limit = 8388608 (custom)
2024-04-28 12:45:31,152 [7957f999-cc51-45d8-add6-1ece72fbce78-groupManagement] INFO  server.RaftServerConfigKeys (ConfUtils.java:logGet(46)) - raft.server.log.unsafe-flush.enabled = false (default)
2024-04-28 12:45:31,152 [7957f999-cc51-45d8-add6-1ece72fbce78-groupManagement] INFO  server.RaftServerConfigKeys (ConfUtils.java:logGet(46)) - raft.server.log.async-flush.enabled = false (default)
2024-04-28 12:45:31,152 [7957f999-cc51-45d8-add6-1ece72fbce78-groupManagement] INFO  server.RaftServerConfigKeys (ConfUtils.java:logGet(46)) - raft.server.log.statemachine.data.caching.enabled = true (custom)
2024-04-28 12:45:31,152 [7957f999-cc51-45d8-add6-1ece72fbce78-groupManagement] INFO  segmented.SegmentedRaftLogWorker (SegmentedRaftLogWorker.java:lambda$new$0(134)) - 7957f999-cc51-45d8-add6-1ece72fbce78@group-7DBF24B1A174-SegmentedRaftLogWorker: flushIndex: setUnconditionally 0 -> -1
2024-04-28 12:45:31,152 [7957f999-cc51-45d8-add6-1ece72fbce78-groupManagement] INFO  segmented.SegmentedRaftLogWorker (SegmentedRaftLogWorker.java:lambda$new$0(134)) - 7957f999-cc51-45d8-add6-1ece72fbce78@group-7DBF24B1A174-SegmentedRaftLogWorker: safeCacheEvictIndex: setUnconditionally 0 -> -1
2024-04-28 12:45:31,153 [7957f999-cc51-45d8-add6-1ece72fbce78-groupManagement] INFO  server.RaftServer$Division (RaftServerImpl.java:start(396)) - 7957f999-cc51-45d8-add6-1ece72fbce78@group-7DBF24B1A174: start as a follower, conf=-1: peers:[d1684581-678b-458f-8382-390a387eba93|127.0.0.1:15406, 7957f999-cc51-45d8-add6-1ece72fbce78|127.0.0.1:15415, 1fd4d212-c4d2-4c1d-a58c-62e98a4efa8c|127.0.0.1:15397]|listeners:[], old=null
2024-04-28 12:45:31,153 [7957f999-cc51-45d8-add6-1ece72fbce78-groupManagement] INFO  server.RaftServer$Division (RaftServerImpl.java:setRole(383)) - 7957f999-cc51-45d8-add6-1ece72fbce78@group-7DBF24B1A174: changes role from      null to FOLLOWER at term 0 for startAsFollower
2024-04-28 12:45:31,153 [7957f999-cc51-45d8-add6-1ece72fbce78-groupManagement] INFO  impl.RoleInfo (RoleInfo.java:updateAndGet(139)) - 7957f999-cc51-45d8-add6-1ece72fbce78: start 7957f999-cc51-45d8-add6-1ece72fbce78@group-7DBF24B1A174-FollowerState
2024-04-28 12:45:31,153 [7957f999-cc51-45d8-add6-1ece72fbce78@group-7DBF24B1A174-FollowerState] INFO  server.RaftServerConfigKeys (ConfUtils.java:logFallback(53)) - raft.server.rpc.first-election.timeout.min = 5s (fallback to raft.server.rpc.timeout.min)
2024-04-28 12:45:31,153 [7957f999-cc51-45d8-add6-1ece72fbce78-groupManagement] INFO  util.JmxRegister (JmxRegister.java:tryRegister(44)) - Successfully registered JMX Bean with object name Ratis:service=RaftServer,group=group-7DBF24B1A174,id=7957f999-cc51-45d8-add6-1ece72fbce78
2024-04-28 12:45:31,153 [7957f999-cc51-45d8-add6-1ece72fbce78@group-7DBF24B1A174-FollowerState] INFO  server.RaftServerConfigKeys (ConfUtils.java:logFallback(53)) - raft.server.rpc.first-election.timeout.max = 5200ms (fallback to raft.server.rpc.timeout.max)
2024-04-28 12:45:31,153 [7957f999-cc51-45d8-add6-1ece72fbce78-groupManagement] INFO  server.RaftServerConfigKeys (ConfUtils.java:logGet(46)) - raft.server.snapshot.trigger-when-stop.enabled = true (default)
2024-04-28 12:45:31,153 [7957f999-cc51-45d8-add6-1ece72fbce78-groupManagement] INFO  server.RaftServerConfigKeys (ConfUtils.java:logGet(46)) - raft.server.snapshot.auto.trigger.enabled = true (custom)
2024-04-28 12:45:31,153 [7957f999-cc51-45d8-add6-1ece72fbce78-groupManagement] INFO  server.RaftServerConfigKeys (ConfUtils.java:logGet(46)) - raft.server.snapshot.auto.trigger.threshold = 10000 (custom)
2024-04-28 12:45:31,153 [7957f999-cc51-45d8-add6-1ece72fbce78-groupManagement] INFO  server.RaftServerConfigKeys (ConfUtils.java:logGet(46)) - raft.server.snapshot.retention.file.num = 5 (custom)
2024-04-28 12:45:31,153 [7957f999-cc51-45d8-add6-1ece72fbce78-groupManagement] INFO  server.RaftServerConfigKeys (ConfUtils.java:logGet(46)) - raft.server.log.purge.upto.snapshot.index = false (default)
2024-04-28 12:45:31,161 [grpc-default-executor-0] INFO  server.RaftServer (RaftServerProxy.java:addNew(100)) - d1684581-678b-458f-8382-390a387eba93: addNew group-7DBF24B1A174:[d1684581-678b-458f-8382-390a387eba93|127.0.0.1:15406, 7957f999-cc51-45d8-add6-1ece72fbce78|127.0.0.1:15415, 1fd4d212-c4d2-4c1d-a58c-62e98a4efa8c|127.0.0.1:15397] returns group-7DBF24B1A174:java.util.concurrent.CompletableFuture@f8f2400[Not completed]
2024-04-28 12:45:31,162 [d1684581-678b-458f-8382-390a387eba93-groupManagement] INFO  server.RaftServer$Division (RaftServerImpl.java:<init>(256)) - d1684581-678b-458f-8382-390a387eba93: new RaftServerImpl for group-7DBF24B1A174:[d1684581-678b-458f-8382-390a387eba93|127.0.0.1:15406, 7957f999-cc51-45d8-add6-1ece72fbce78|127.0.0.1:15415, 1fd4d212-c4d2-4c1d-a58c-62e98a4efa8c|127.0.0.1:15397] with ContainerStateMachine:uninitialized
2024-04-28 12:45:31,162 [d1684581-678b-458f-8382-390a387eba93-groupManagement] INFO  server.RaftServerConfigKeys (ConfUtils.java:logGet(46)) - raft.server.rpc.timeout.min = 5s (custom)
2024-04-28 12:45:31,162 [d1684581-678b-458f-8382-390a387eba93-groupManagement] INFO  server.RaftServerConfigKeys (ConfUtils.java:logGet(46)) - raft.server.rpc.timeout.max = 5200ms (custom)
2024-04-28 12:45:31,162 [d1684581-678b-458f-8382-390a387eba93-groupManagement] INFO  server.RaftServerConfigKeys (ConfUtils.java:logGet(46)) - raft.server.rpc.sleep.time = 25ms (default)
2024-04-28 12:45:31,162 [d1684581-678b-458f-8382-390a387eba93-groupManagement] INFO  server.RaftServerConfigKeys (ConfUtils.java:logGet(46)) - raft.server.rpc.slowness.timeout = 300000ms (custom)
2024-04-28 12:45:31,162 [d1684581-678b-458f-8382-390a387eba93-groupManagement] INFO  server.RaftServerConfigKeys (ConfUtils.java:logGet(46)) - raft.server.leaderelection.leader.step-down.wait-time = 10s (default)
2024-04-28 12:45:31,162 [d1684581-678b-458f-8382-390a387eba93-groupManagement] INFO  server.RaftServerConfigKeys (ConfUtils.java:logGet(46)) - raft.server.leaderelection.member.majority-add = false (default)
2024-04-28 12:45:31,162 [d1684581-678b-458f-8382-390a387eba93-groupManagement] INFO  server.RaftServerConfigKeys (ConfUtils.java:logGet(46)) - raft.server.sleep.deviation.threshold = 300ms (default)
2024-04-28 12:45:31,162 [d1684581-678b-458f-8382-390a387eba93-groupManagement] INFO  server.RaftServer$Division (ServerState.java:<init>(113)) - d1684581-678b-458f-8382-390a387eba93@group-7DBF24B1A174: ConfigurationManager, init=-1: peers:[d1684581-678b-458f-8382-390a387eba93|127.0.0.1:15406, 7957f999-cc51-45d8-add6-1ece72fbce78|127.0.0.1:15415, 1fd4d212-c4d2-4c1d-a58c-62e98a4efa8c|127.0.0.1:15397]|listeners:[], old=null, confs=<EMPTY_MAP>
2024-04-28 12:45:31,162 [d1684581-678b-458f-8382-390a387eba93-groupManagement] INFO  server.RaftServerConfigKeys (ConfUtils.java:logGet(46)) - raft.server.notification.no-leader.timeout = 300000ms (custom)
2024-04-28 12:45:31,162 [d1684581-678b-458f-8382-390a387eba93-groupManagement] INFO  server.RaftServerConfigKeys (ConfUtils.java:logGet(46)) - raft.server.read.timeout = 10s (default)
2024-04-28 12:45:31,162 [d1684581-678b-458f-8382-390a387eba93-groupManagement] INFO  server.RaftServerConfigKeys (ConfUtils.java:logGet(46)) - raft.server.retrycache.expirytime = 600000ms (custom)
2024-04-28 12:45:31,162 [d1684581-678b-458f-8382-390a387eba93-groupManagement] INFO  server.RaftServerConfigKeys (ConfUtils.java:logGet(46)) - raft.server.retrycache.statistics.expirytime = 100ms (default)
2024-04-28 12:45:31,162 [d1684581-678b-458f-8382-390a387eba93-groupManagement] INFO  server.RaftServerConfigKeys (ConfUtils.java:logGet(46)) - raft.server.read.option = DEFAULT (default)
2024-04-28 12:45:31,162 [d1684581-678b-458f-8382-390a387eba93-groupManagement] INFO  server.RaftServerConfigKeys (ConfUtils.java:logGet(46)) - raft.server.read.read-after-write-consistent.write-index-cache.expiry-time = 60s (default)
2024-04-28 12:45:31,164 [d1684581-678b-458f-8382-390a387eba93-groupManagement] INFO  server.RaftServerConfigKeys (ConfUtils.java:logGet(46)) - raft.server.rpc.request.timeout = 3000ms (default)
2024-04-28 12:45:31,164 [d1684581-678b-458f-8382-390a387eba93-groupManagement] INFO  server.RaftServerConfigKeys (ConfUtils.java:logGet(46)) - raft.server.log.appender.install.snapshot.enabled = false (custom)
2024-04-28 12:45:31,164 [d1684581-678b-458f-8382-390a387eba93-groupManagement] INFO  server.RaftServerConfigKeys (ConfUtils.java:logGet(46)) - raft.server.threadpool.server.cached = true (default)
2024-04-28 12:45:31,164 [d1684581-678b-458f-8382-390a387eba93-groupManagement] INFO  server.RaftServerConfigKeys (ConfUtils.java:logGet(46)) - raft.server.threadpool.server.size = 0 (default)
2024-04-28 12:45:31,164 [d1684581-678b-458f-8382-390a387eba93-groupManagement] INFO  server.RaftServerConfigKeys (ConfUtils.java:logGet(46)) - raft.server.threadpool.client.cached = true (default)
2024-04-28 12:45:31,164 [d1684581-678b-458f-8382-390a387eba93-groupManagement] INFO  server.RaftServerConfigKeys (ConfUtils.java:logGet(46)) - raft.server.threadpool.client.size = 0 (default)
2024-04-28 12:45:31,164 [d1684581-678b-458f-8382-390a387eba93-groupManagement] INFO  server.RaftServerConfigKeys (ConfUtils.java:logGet(46)) - raft.server.storage.free-space.min = 0MB (=0) (default)
2024-04-28 12:45:31,164 [d1684581-678b-458f-8382-390a387eba93-groupManagement] INFO  server.RaftServerConfigKeys (ConfUtils.java:logGet(46)) - raft.server.log.corruption.policy = EXCEPTION (default)
2024-04-28 12:45:31,164 [d1684581-678b-458f-8382-390a387eba93-groupManagement] INFO  server.RaftServerConfigKeys (ConfUtils.java:logGet(46)) - raft.server.storage.dir = [/home/runner/work/ozone/ozone/hadoop-ozone/integration-test/target/test-dir/MiniOzoneClusterImpl-4444f751-856d-4595-ad15-e87fc76049bc/ozone-meta/datanode-5/ratis] (custom)
2024-04-28 12:45:31,164 [d1684581-678b-458f-8382-390a387eba93-groupManagement] INFO  storage.RaftStorageDirectory (RaftStorageDirectoryImpl.java:analyzeStorage(138)) - The storage directory /home/runner/work/ozone/ozone/hadoop-ozone/integration-test/target/test-dir/MiniOzoneClusterImpl-4444f751-856d-4595-ad15-e87fc76049bc/ozone-meta/datanode-5/ratis/a1340ccb-ef00-4572-a36a-7dbf24b1a174 does not exist. Creating ...
2024-04-28 12:45:31,165 [d1684581-678b-458f-8382-390a387eba93-groupManagement] INFO  storage.RaftStorageDirectory (RaftStorageDirectoryImpl.java:tryLock(228)) - Lock on /home/runner/work/ozone/ozone/hadoop-ozone/integration-test/target/test-dir/MiniOzoneClusterImpl-4444f751-856d-4595-ad15-e87fc76049bc/ozone-meta/datanode-5/ratis/a1340ccb-ef00-4572-a36a-7dbf24b1a174/in_use.lock acquired by nodename 21404@fv-az1392-52
2024-04-28 12:45:31,166 [d1684581-678b-458f-8382-390a387eba93-groupManagement] INFO  storage.RaftStorage (RaftStorageImpl.java:format(99)) - Storage directory /home/runner/work/ozone/ozone/hadoop-ozone/integration-test/target/test-dir/MiniOzoneClusterImpl-4444f751-856d-4595-ad15-e87fc76049bc/ozone-meta/datanode-5/ratis/a1340ccb-ef00-4572-a36a-7dbf24b1a174 has been successfully formatted.
2024-04-28 12:45:31,166 [d1684581-678b-458f-8382-390a387eba93-groupManagement] WARN  util.FileUtils (LogUtils.java:supplyAndLog(63)) - Failed to Files.newInputStream /home/runner/work/ozone/ozone/hadoop-ozone/integration-test/target/test-dir/MiniOzoneClusterImpl-4444f751-856d-4595-ad15-e87fc76049bc/ozone-meta/datanode-5/ratis/a1340ccb-ef00-4572-a36a-7dbf24b1a174/current/raft-meta.conf with options []: java.nio.file.NoSuchFileException: /home/runner/work/ozone/ozone/hadoop-ozone/integration-test/target/test-dir/MiniOzoneClusterImpl-4444f751-856d-4595-ad15-e87fc76049bc/ozone-meta/datanode-5/ratis/a1340ccb-ef00-4572-a36a-7dbf24b1a174/current/raft-meta.conf
2024-04-28 12:45:31,166 [d1684581-678b-458f-8382-390a387eba93-groupManagement] INFO  ratis.ContainerStateMachine (ContainerStateMachine.java:loadSnapshot(287)) - group-7DBF24B1A174: The snapshot info is null. Setting the last applied index to:(t:0, i:~)
2024-04-28 12:45:31,166 [d1684581-678b-458f-8382-390a387eba93-groupManagement] INFO  server.RaftServerConfigKeys (ConfUtils.java:logGet(46)) - raft.server.log.use.memory = false (default)
2024-04-28 12:45:31,166 [d1684581-678b-458f-8382-390a387eba93-groupManagement] INFO  server.RaftServerConfigKeys (ConfUtils.java:logGet(46)) - raft.server.log.purge.gap = 1000000 (custom)
2024-04-28 12:45:31,166 [d1684581-678b-458f-8382-390a387eba93-groupManagement] INFO  server.RaftServerConfigKeys (ConfUtils.java:logGet(46)) - raft.server.log.appender.buffer.byte-limit = 8388608 (custom)
2024-04-28 12:45:31,166 [d1684581-678b-458f-8382-390a387eba93-groupManagement] INFO  server.RaftServerConfigKeys (ConfUtils.java:logGet(46)) - raft.server.log.statemachine.data.read.timeout = 1000ms (default)
2024-04-28 12:45:31,166 [d1684581-678b-458f-8382-390a387eba93-groupManagement] INFO  server.RaftServerConfigKeys (ConfUtils.java:logGet(46)) - raft.server.log.purge.preservation.log.num = 0 (default)
2024-04-28 12:45:31,167 [d1684581-678b-458f-8382-390a387eba93-groupManagement] INFO  server.RaftServerConfigKeys (ConfUtils.java:logGet(46)) - raft.server.log.segment.size.max = 67108864 (custom)
2024-04-28 12:45:31,168 [d1684581-678b-458f-8382-390a387eba93-groupManagement] INFO  server.RaftServerConfigKeys (ConfUtils.java:logGet(46)) - raft.server.log.segment.cache.num.max = 2 (custom)
2024-04-28 12:45:31,168 [d1684581-678b-458f-8382-390a387eba93-groupManagement] INFO  server.RaftServerConfigKeys (ConfUtils.java:logGet(46)) - raft.server.log.segment.cache.size.max = 200MB (=209715200) (default)
2024-04-28 12:45:31,168 [d1684581-678b-458f-8382-390a387eba93-groupManagement] INFO  server.RaftServerConfigKeys (ConfUtils.java:logGet(46)) - raft.server.log.appender.buffer.byte-limit = 8388608 (custom)
2024-04-28 12:45:31,168 [d1684581-678b-458f-8382-390a387eba93-groupManagement] INFO  util.AwaitToRun (AwaitToRun.java:start(81)) - Thread[d1684581-678b-458f-8382-390a387eba93@group-7DBF24B1A174-cacheEviction-AwaitToRun,5,main] started
2024-04-28 12:45:31,168 [d1684581-678b-458f-8382-390a387eba93-groupManagement] INFO  segmented.SegmentedRaftLogWorker (SegmentedRaftLogWorker.java:<init>(182)) - new d1684581-678b-458f-8382-390a387eba93@group-7DBF24B1A174-SegmentedRaftLogWorker for RaftStorageImpl:Storage Directory /home/runner/work/ozone/ozone/hadoop-ozone/integration-test/target/test-dir/MiniOzoneClusterImpl-4444f751-856d-4595-ad15-e87fc76049bc/ozone-meta/datanode-5/ratis/a1340ccb-ef00-4572-a36a-7dbf24b1a174
2024-04-28 12:45:31,168 [d1684581-678b-458f-8382-390a387eba93-groupManagement] INFO  server.RaftServerConfigKeys (ConfUtils.java:logGet(46)) - raft.server.log.queue.byte-limit = 4294967296 (custom)
2024-04-28 12:45:31,168 [d1684581-678b-458f-8382-390a387eba93-groupManagement] INFO  server.RaftServerConfigKeys (ConfUtils.java:logGet(46)) - raft.server.log.queue.element-limit = 1024 (custom)
2024-04-28 12:45:31,168 [d1684581-678b-458f-8382-390a387eba93-groupManagement] INFO  server.RaftServerConfigKeys (ConfUtils.java:logGet(46)) - raft.server.log.segment.size.max = 67108864 (custom)
2024-04-28 12:45:31,168 [d1684581-678b-458f-8382-390a387eba93-groupManagement] INFO  server.RaftServerConfigKeys (ConfUtils.java:logGet(46)) - raft.server.log.preallocated.size = 4194304 (custom)
2024-04-28 12:45:31,168 [d1684581-678b-458f-8382-390a387eba93-groupManagement] INFO  server.RaftServerConfigKeys (ConfUtils.java:logGet(46)) - raft.server.log.force.sync.num = 128 (default)
2024-04-28 12:45:31,168 [d1684581-678b-458f-8382-390a387eba93-groupManagement] INFO  server.RaftServerConfigKeys (ConfUtils.java:logGet(46)) - raft.server.log.statemachine.data.sync = true (default)
2024-04-28 12:45:31,168 [d1684581-678b-458f-8382-390a387eba93-groupManagement] INFO  server.RaftServerConfigKeys (ConfUtils.java:logGet(46)) - raft.server.log.statemachine.data.sync.timeout = 10s (default)
2024-04-28 12:45:31,168 [d1684581-678b-458f-8382-390a387eba93-groupManagement] INFO  server.RaftServerConfigKeys (ConfUtils.java:logGet(46)) - raft.server.log.statemachine.data.sync.timeout.retry = 30 (custom)
2024-04-28 12:45:31,168 [d1684581-678b-458f-8382-390a387eba93-groupManagement] INFO  server.RaftServerConfigKeys (ConfUtils.java:logGet(46)) - raft.server.log.write.buffer.size = 8388616 (custom)
2024-04-28 12:45:31,170 [d1684581-678b-458f-8382-390a387eba93-groupManagement] INFO  server.RaftServerConfigKeys (ConfUtils.java:logGet(46)) - raft.server.log.appender.buffer.byte-limit = 8388608 (custom)
2024-04-28 12:45:31,170 [d1684581-678b-458f-8382-390a387eba93-groupManagement] INFO  server.RaftServerConfigKeys (ConfUtils.java:logGet(46)) - raft.server.log.unsafe-flush.enabled = false (default)
2024-04-28 12:45:31,170 [d1684581-678b-458f-8382-390a387eba93-groupManagement] INFO  server.RaftServerConfigKeys (ConfUtils.java:logGet(46)) - raft.server.log.async-flush.enabled = false (default)
2024-04-28 12:45:31,170 [d1684581-678b-458f-8382-390a387eba93-groupManagement] INFO  server.RaftServerConfigKeys (ConfUtils.java:logGet(46)) - raft.server.log.statemachine.data.caching.enabled = true (custom)
2024-04-28 12:45:31,170 [d1684581-678b-458f-8382-390a387eba93-groupManagement] INFO  segmented.SegmentedRaftLogWorker (SegmentedRaftLogWorker.java:lambda$new$0(134)) - d1684581-678b-458f-8382-390a387eba93@group-7DBF24B1A174-SegmentedRaftLogWorker: flushIndex: setUnconditionally 0 -> -1
2024-04-28 12:45:31,170 [d1684581-678b-458f-8382-390a387eba93-groupManagement] INFO  segmented.SegmentedRaftLogWorker (SegmentedRaftLogWorker.java:lambda$new$0(134)) - d1684581-678b-458f-8382-390a387eba93@group-7DBF24B1A174-SegmentedRaftLogWorker: safeCacheEvictIndex: setUnconditionally 0 -> -1
2024-04-28 12:45:31,170 [d1684581-678b-458f-8382-390a387eba93-groupManagement] INFO  server.RaftServer$Division (RaftServerImpl.java:start(396)) - d1684581-678b-458f-8382-390a387eba93@group-7DBF24B1A174: start as a follower, conf=-1: peers:[d1684581-678b-458f-8382-390a387eba93|127.0.0.1:15406, 7957f999-cc51-45d8-add6-1ece72fbce78|127.0.0.1:15415, 1fd4d212-c4d2-4c1d-a58c-62e98a4efa8c|127.0.0.1:15397]|listeners:[], old=null
2024-04-28 12:45:31,170 [d1684581-678b-458f-8382-390a387eba93-groupManagement] INFO  server.RaftServer$Division (RaftServerImpl.java:setRole(383)) - d1684581-678b-458f-8382-390a387eba93@group-7DBF24B1A174: changes role from      null to FOLLOWER at term 0 for startAsFollower
2024-04-28 12:45:31,170 [d1684581-678b-458f-8382-390a387eba93-groupManagement] INFO  impl.RoleInfo (RoleInfo.java:updateAndGet(139)) - d1684581-678b-458f-8382-390a387eba93: start d1684581-678b-458f-8382-390a387eba93@group-7DBF24B1A174-FollowerState
2024-04-28 12:45:31,170 [d1684581-678b-458f-8382-390a387eba93@group-7DBF24B1A174-FollowerState] INFO  server.RaftServerConfigKeys (ConfUtils.java:logFallback(53)) - raft.server.rpc.first-election.timeout.min = 5s (fallback to raft.server.rpc.timeout.min)
2024-04-28 12:45:31,171 [d1684581-678b-458f-8382-390a387eba93@group-7DBF24B1A174-FollowerState] INFO  server.RaftServerConfigKeys (ConfUtils.java:logFallback(53)) - raft.server.rpc.first-election.timeout.max = 5200ms (fallback to raft.server.rpc.timeout.max)
2024-04-28 12:45:31,170 [d1684581-678b-458f-8382-390a387eba93-groupManagement] INFO  util.JmxRegister (JmxRegister.java:tryRegister(44)) - Successfully registered JMX Bean with object name Ratis:service=RaftServer,group=group-7DBF24B1A174,id=d1684581-678b-458f-8382-390a387eba93
2024-04-28 12:45:31,171 [d1684581-678b-458f-8382-390a387eba93-groupManagement] INFO  server.RaftServerConfigKeys (ConfUtils.java:logGet(46)) - raft.server.snapshot.trigger-when-stop.enabled = true (default)
2024-04-28 12:45:31,171 [d1684581-678b-458f-8382-390a387eba93-groupManagement] INFO  server.RaftServerConfigKeys (ConfUtils.java:logGet(46)) - raft.server.snapshot.auto.trigger.enabled = true (custom)
2024-04-28 12:45:31,171 [d1684581-678b-458f-8382-390a387eba93-groupManagement] INFO  server.RaftServerConfigKeys (ConfUtils.java:logGet(46)) - raft.server.snapshot.auto.trigger.threshold = 10000 (custom)
2024-04-28 12:45:31,171 [d1684581-678b-458f-8382-390a387eba93-groupManagement] INFO  server.RaftServerConfigKeys (ConfUtils.java:logGet(46)) - raft.server.snapshot.retention.file.num = 5 (custom)
2024-04-28 12:45:31,171 [d1684581-678b-458f-8382-390a387eba93-groupManagement] INFO  server.RaftServerConfigKeys (ConfUtils.java:logGet(46)) - raft.server.log.purge.upto.snapshot.index = false (default)
2024-04-28 12:45:31,173 [1fd4d212-c4d2-4c1d-a58c-62e98a4efa8c-PipelineCommandHandlerThread-0] INFO  commandhandler.CreatePipelineCommandHandler (CreatePipelineCommandHandler.java:lambda$handle$2(124)) - Created Pipeline RATIS THREE PipelineID=a1340ccb-ef00-4572-a36a-7dbf24b1a174.
2024-04-28 12:45:31,175 [d1684581-678b-458f-8382-390a387eba93-PipelineCommandHandlerThread-0] INFO  server.RaftServer (RaftServerProxy.java:addNew(100)) - d1684581-678b-458f-8382-390a387eba93: addNew group-FBB08E98B0F2:[d1684581-678b-458f-8382-390a387eba93|127.0.0.1:15406] returns group-FBB08E98B0F2:java.util.concurrent.CompletableFuture@4316dfc3[Not completed]
2024-04-28 12:45:31,175 [d1684581-678b-458f-8382-390a387eba93-groupManagement] INFO  server.RaftServer$Division (RaftServerImpl.java:<init>(256)) - d1684581-678b-458f-8382-390a387eba93: new RaftServerImpl for group-FBB08E98B0F2:[d1684581-678b-458f-8382-390a387eba93|127.0.0.1:15406] with ContainerStateMachine:uninitialized
2024-04-28 12:45:31,175 [d1684581-678b-458f-8382-390a387eba93-groupManagement] INFO  server.RaftServerConfigKeys (ConfUtils.java:logGet(46)) - raft.server.rpc.timeout.min = 5s (custom)
2024-04-28 12:45:31,175 [d1684581-678b-458f-8382-390a387eba93-groupManagement] INFO  server.RaftServerConfigKeys (ConfUtils.java:logGet(46)) - raft.server.rpc.timeout.max = 5200ms (custom)
2024-04-28 12:45:31,176 [d1684581-678b-458f-8382-390a387eba93-groupManagement] INFO  server.RaftServerConfigKeys (ConfUtils.java:logGet(46)) - raft.server.rpc.sleep.time = 25ms (default)
2024-04-28 12:45:31,176 [d1684581-678b-458f-8382-390a387eba93-groupManagement] INFO  server.RaftServerConfigKeys (ConfUtils.java:logGet(46)) - raft.server.rpc.slowness.timeout = 300000ms (custom)
2024-04-28 12:45:31,176 [d1684581-678b-458f-8382-390a387eba93-groupManagement] INFO  server.RaftServerConfigKeys (ConfUtils.java:logGet(46)) - raft.server.leaderelection.leader.step-down.wait-time = 10s (default)
2024-04-28 12:45:31,176 [d1684581-678b-458f-8382-390a387eba93-groupManagement] INFO  server.RaftServerConfigKeys (ConfUtils.java:logGet(46)) - raft.server.leaderelection.member.majority-add = false (default)
2024-04-28 12:45:31,176 [d1684581-678b-458f-8382-390a387eba93-groupManagement] INFO  server.RaftServerConfigKeys (ConfUtils.java:logGet(46)) - raft.server.sleep.deviation.threshold = 300ms (default)
2024-04-28 12:45:31,176 [d1684581-678b-458f-8382-390a387eba93-groupManagement] INFO  server.RaftServer$Division (ServerState.java:<init>(113)) - d1684581-678b-458f-8382-390a387eba93@group-FBB08E98B0F2: ConfigurationManager, init=-1: peers:[d1684581-678b-458f-8382-390a387eba93|127.0.0.1:15406]|listeners:[], old=null, confs=<EMPTY_MAP>
2024-04-28 12:45:31,176 [d1684581-678b-458f-8382-390a387eba93-groupManagement] INFO  server.RaftServerConfigKeys (ConfUtils.java:logGet(46)) - raft.server.notification.no-leader.timeout = 300000ms (custom)
2024-04-28 12:45:31,176 [d1684581-678b-458f-8382-390a387eba93-groupManagement] INFO  server.RaftServerConfigKeys (ConfUtils.java:logGet(46)) - raft.server.read.timeout = 10s (default)
2024-04-28 12:45:31,176 [d1684581-678b-458f-8382-390a387eba93-groupManagement] INFO  server.RaftServerConfigKeys (ConfUtils.java:logGet(46)) - raft.server.retrycache.expirytime = 600000ms (custom)
2024-04-28 12:45:31,176 [d1684581-678b-458f-8382-390a387eba93-groupManagement] INFO  server.RaftServerConfigKeys (ConfUtils.java:logGet(46)) - raft.server.retrycache.statistics.expirytime = 100ms (default)
2024-04-28 12:45:31,176 [d1684581-678b-458f-8382-390a387eba93-groupManagement] INFO  server.RaftServerConfigKeys (ConfUtils.java:logGet(46)) - raft.server.read.option = DEFAULT (default)
2024-04-28 12:45:31,176 [d1684581-678b-458f-8382-390a387eba93-groupManagement] INFO  server.RaftServerConfigKeys (ConfUtils.java:logGet(46)) - raft.server.read.read-after-write-consistent.write-index-cache.expiry-time = 60s (default)
2024-04-28 12:45:31,177 [d1684581-678b-458f-8382-390a387eba93-groupManagement] INFO  server.RaftServerConfigKeys (ConfUtils.java:logGet(46)) - raft.server.rpc.request.timeout = 3000ms (default)
2024-04-28 12:45:31,177 [d1684581-678b-458f-8382-390a387eba93-groupManagement] INFO  server.RaftServerConfigKeys (ConfUtils.java:logGet(46)) - raft.server.log.appender.install.snapshot.enabled = false (custom)
2024-04-28 12:45:31,177 [d1684581-678b-458f-8382-390a387eba93-groupManagement] INFO  server.RaftServerConfigKeys (ConfUtils.java:logGet(46)) - raft.server.threadpool.server.cached = true (default)
2024-04-28 12:45:31,177 [d1684581-678b-458f-8382-390a387eba93-groupManagement] INFO  server.RaftServerConfigKeys (ConfUtils.java:logGet(46)) - raft.server.threadpool.server.size = 0 (default)
2024-04-28 12:45:31,177 [d1684581-678b-458f-8382-390a387eba93-groupManagement] INFO  server.RaftServerConfigKeys (ConfUtils.java:logGet(46)) - raft.server.threadpool.client.cached = true (default)
2024-04-28 12:45:31,177 [d1684581-678b-458f-8382-390a387eba93-groupManagement] INFO  server.RaftServerConfigKeys (ConfUtils.java:logGet(46)) - raft.server.threadpool.client.size = 0 (default)
2024-04-28 12:45:31,177 [d1684581-678b-458f-8382-390a387eba93-groupManagement] INFO  server.RaftServerConfigKeys (ConfUtils.java:logGet(46)) - raft.server.storage.free-space.min = 0MB (=0) (default)
2024-04-28 12:45:31,178 [d1684581-678b-458f-8382-390a387eba93-groupManagement] INFO  server.RaftServerConfigKeys (ConfUtils.java:logGet(46)) - raft.server.log.corruption.policy = EXCEPTION (default)
2024-04-28 12:45:31,178 [d1684581-678b-458f-8382-390a387eba93-groupManagement] INFO  server.RaftServerConfigKeys (ConfUtils.java:logGet(46)) - raft.server.storage.dir = [/home/runner/work/ozone/ozone/hadoop-ozone/integration-test/target/test-dir/MiniOzoneClusterImpl-4444f751-856d-4595-ad15-e87fc76049bc/ozone-meta/datanode-5/ratis] (custom)
2024-04-28 12:45:31,178 [d1684581-678b-458f-8382-390a387eba93-groupManagement] INFO  storage.RaftStorageDirectory (RaftStorageDirectoryImpl.java:analyzeStorage(138)) - The storage directory /home/runner/work/ozone/ozone/hadoop-ozone/integration-test/target/test-dir/MiniOzoneClusterImpl-4444f751-856d-4595-ad15-e87fc76049bc/ozone-meta/datanode-5/ratis/c342a021-063b-4081-b263-fbb08e98b0f2 does not exist. Creating ...
2024-04-28 12:45:31,178 [d1684581-678b-458f-8382-390a387eba93-groupManagement] INFO  storage.RaftStorageDirectory (RaftStorageDirectoryImpl.java:tryLock(228)) - Lock on /home/runner/work/ozone/ozone/hadoop-ozone/integration-test/target/test-dir/MiniOzoneClusterImpl-4444f751-856d-4595-ad15-e87fc76049bc/ozone-meta/datanode-5/ratis/c342a021-063b-4081-b263-fbb08e98b0f2/in_use.lock acquired by nodename 21404@fv-az1392-52
2024-04-28 12:45:31,179 [d1684581-678b-458f-8382-390a387eba93-groupManagement] INFO  storage.RaftStorage (RaftStorageImpl.java:format(99)) - Storage directory /home/runner/work/ozone/ozone/hadoop-ozone/integration-test/target/test-dir/MiniOzoneClusterImpl-4444f751-856d-4595-ad15-e87fc76049bc/ozone-meta/datanode-5/ratis/c342a021-063b-4081-b263-fbb08e98b0f2 has been successfully formatted.
2024-04-28 12:45:31,179 [d1684581-678b-458f-8382-390a387eba93-groupManagement] WARN  util.FileUtils (LogUtils.java:supplyAndLog(63)) - Failed to Files.newInputStream /home/runner/work/ozone/ozone/hadoop-ozone/integration-test/target/test-dir/MiniOzoneClusterImpl-4444f751-856d-4595-ad15-e87fc76049bc/ozone-meta/datanode-5/ratis/c342a021-063b-4081-b263-fbb08e98b0f2/current/raft-meta.conf with options []: java.nio.file.NoSuchFileException: /home/runner/work/ozone/ozone/hadoop-ozone/integration-test/target/test-dir/MiniOzoneClusterImpl-4444f751-856d-4595-ad15-e87fc76049bc/ozone-meta/datanode-5/ratis/c342a021-063b-4081-b263-fbb08e98b0f2/current/raft-meta.conf
2024-04-28 12:45:31,179 [d1684581-678b-458f-8382-390a387eba93-groupManagement] INFO  ratis.ContainerStateMachine (ContainerStateMachine.java:loadSnapshot(287)) - group-FBB08E98B0F2: The snapshot info is null. Setting the last applied index to:(t:0, i:~)
2024-04-28 12:45:31,179 [d1684581-678b-458f-8382-390a387eba93-groupManagement] INFO  server.RaftServerConfigKeys (ConfUtils.java:logGet(46)) - raft.server.log.use.memory = false (default)
2024-04-28 12:45:31,179 [d1684581-678b-458f-8382-390a387eba93-groupManagement] INFO  server.RaftServerConfigKeys (ConfUtils.java:logGet(46)) - raft.server.log.purge.gap = 1000000 (custom)
2024-04-28 12:45:31,179 [d1684581-678b-458f-8382-390a387eba93-groupManagement] INFO  server.RaftServerConfigKeys (ConfUtils.java:logGet(46)) - raft.server.log.appender.buffer.byte-limit = 8388608 (custom)
2024-04-28 12:45:31,180 [d1684581-678b-458f-8382-390a387eba93-groupManagement] INFO  server.RaftServerConfigKeys (ConfUtils.java:logGet(46)) - raft.server.log.statemachine.data.read.timeout = 1000ms (default)
2024-04-28 12:45:31,180 [d1684581-678b-458f-8382-390a387eba93-groupManagement] INFO  server.RaftServerConfigKeys (ConfUtils.java:logGet(46)) - raft.server.log.purge.preservation.log.num = 0 (default)
2024-04-28 12:45:31,180 [EventQueue-PipelineReportForPipelineReportHandler] INFO  pipeline.PipelineReportHandler (PipelineReportHandler.java:processPipelineReport(136)) - Opened pipeline PipelineID=c342a021-063b-4081-b263-fbb08e98b0f2
2024-04-28 12:45:31,181 [EventQueue-OpenPipelineForHealthyPipelineSafeModeRule] INFO  safemode.SCMSafeModeManager (HealthyPipelineSafeModeRule.java:process(140)) - SCM in safe mode. Healthy pipelines reported count is 0, required healthy pipeline reported count is 1
2024-04-28 12:45:31,181 [d1684581-678b-458f-8382-390a387eba93-groupManagement] INFO  server.RaftServerConfigKeys (ConfUtils.java:logGet(46)) - raft.server.log.segment.size.max = 67108864 (custom)
2024-04-28 12:45:31,181 [d1684581-678b-458f-8382-390a387eba93-groupManagement] INFO  server.RaftServerConfigKeys (ConfUtils.java:logGet(46)) - raft.server.log.segment.cache.num.max = 2 (custom)
2024-04-28 12:45:31,181 [d1684581-678b-458f-8382-390a387eba93-groupManagement] INFO  server.RaftServerConfigKeys (ConfUtils.java:logGet(46)) - raft.server.log.segment.cache.size.max = 200MB (=209715200) (default)
2024-04-28 12:45:31,181 [d1684581-678b-458f-8382-390a387eba93-groupManagement] INFO  server.RaftServerConfigKeys (ConfUtils.java:logGet(46)) - raft.server.log.appender.buffer.byte-limit = 8388608 (custom)
2024-04-28 12:45:31,181 [d1684581-678b-458f-8382-390a387eba93-groupManagement] INFO  util.AwaitToRun (AwaitToRun.java:start(81)) - Thread[d1684581-678b-458f-8382-390a387eba93@group-FBB08E98B0F2-cacheEviction-AwaitToRun,5,main] started
2024-04-28 12:45:31,181 [d1684581-678b-458f-8382-390a387eba93-groupManagement] INFO  segmented.SegmentedRaftLogWorker (SegmentedRaftLogWorker.java:<init>(182)) - new d1684581-678b-458f-8382-390a387eba93@group-FBB08E98B0F2-SegmentedRaftLogWorker for RaftStorageImpl:Storage Directory /home/runner/work/ozone/ozone/hadoop-ozone/integration-test/target/test-dir/MiniOzoneClusterImpl-4444f751-856d-4595-ad15-e87fc76049bc/ozone-meta/datanode-5/ratis/c342a021-063b-4081-b263-fbb08e98b0f2
2024-04-28 12:45:31,181 [d1684581-678b-458f-8382-390a387eba93-groupManagement] INFO  server.RaftServerConfigKeys (ConfUtils.java:logGet(46)) - raft.server.log.queue.byte-limit = 4294967296 (custom)
2024-04-28 12:45:31,181 [d1684581-678b-458f-8382-390a387eba93-groupManagement] INFO  server.RaftServerConfigKeys (ConfUtils.java:logGet(46)) - raft.server.log.queue.element-limit = 1024 (custom)
2024-04-28 12:45:31,181 [d1684581-678b-458f-8382-390a387eba93-groupManagement] INFO  server.RaftServerConfigKeys (ConfUtils.java:logGet(46)) - raft.server.log.segment.size.max = 67108864 (custom)
2024-04-28 12:45:31,181 [d1684581-678b-458f-8382-390a387eba93-groupManagement] INFO  server.RaftServerConfigKeys (ConfUtils.java:logGet(46)) - raft.server.log.preallocated.size = 4194304 (custom)
2024-04-28 12:45:31,181 [d1684581-678b-458f-8382-390a387eba93-groupManagement] INFO  server.RaftServerConfigKeys (ConfUtils.java:logGet(46)) - raft.server.log.force.sync.num = 128 (default)
2024-04-28 12:45:31,181 [d1684581-678b-458f-8382-390a387eba93-groupManagement] INFO  server.RaftServerConfigKeys (ConfUtils.java:logGet(46)) - raft.server.log.statemachine.data.sync = true (default)
2024-04-28 12:45:31,181 [d1684581-678b-458f-8382-390a387eba93-groupManagement] INFO  server.RaftServerConfigKeys (ConfUtils.java:logGet(46)) - raft.server.log.statemachine.data.sync.timeout = 10s (default)
2024-04-28 12:45:31,181 [d1684581-678b-458f-8382-390a387eba93-groupManagement] INFO  server.RaftServerConfigKeys (ConfUtils.java:logGet(46)) - raft.server.log.statemachine.data.sync.timeout.retry = 30 (custom)
2024-04-28 12:45:31,182 [d1684581-678b-458f-8382-390a387eba93-groupManagement] INFO  server.RaftServerConfigKeys (ConfUtils.java:logGet(46)) - raft.server.log.write.buffer.size = 8388616 (custom)
2024-04-28 12:45:31,183 [d1684581-678b-458f-8382-390a387eba93-groupManagement] INFO  server.RaftServerConfigKeys (ConfUtils.java:logGet(46)) - raft.server.log.appender.buffer.byte-limit = 8388608 (custom)
2024-04-28 12:45:31,183 [d1684581-678b-458f-8382-390a387eba93-groupManagement] INFO  server.RaftServerConfigKeys (ConfUtils.java:logGet(46)) - raft.server.log.unsafe-flush.enabled = false (default)
2024-04-28 12:45:31,183 [d1684581-678b-458f-8382-390a387eba93-groupManagement] INFO  server.RaftServerConfigKeys (ConfUtils.java:logGet(46)) - raft.server.log.async-flush.enabled = false (default)
2024-04-28 12:45:31,183 [d1684581-678b-458f-8382-390a387eba93-groupManagement] INFO  server.RaftServerConfigKeys (ConfUtils.java:logGet(46)) - raft.server.log.statemachine.data.caching.enabled = true (custom)
2024-04-28 12:45:31,183 [d1684581-678b-458f-8382-390a387eba93-groupManagement] INFO  segmented.SegmentedRaftLogWorker (SegmentedRaftLogWorker.java:lambda$new$0(134)) - d1684581-678b-458f-8382-390a387eba93@group-FBB08E98B0F2-SegmentedRaftLogWorker: flushIndex: setUnconditionally 0 -> -1
2024-04-28 12:45:31,183 [d1684581-678b-458f-8382-390a387eba93-groupManagement] INFO  segmented.SegmentedRaftLogWorker (SegmentedRaftLogWorker.java:lambda$new$0(134)) - d1684581-678b-458f-8382-390a387eba93@group-FBB08E98B0F2-SegmentedRaftLogWorker: safeCacheEvictIndex: setUnconditionally 0 -> -1
2024-04-28 12:45:31,183 [d1684581-678b-458f-8382-390a387eba93-groupManagement] INFO  server.RaftServer$Division (RaftServerImpl.java:start(396)) - d1684581-678b-458f-8382-390a387eba93@group-FBB08E98B0F2: start as a follower, conf=-1: peers:[d1684581-678b-458f-8382-390a387eba93|127.0.0.1:15406]|listeners:[], old=null
2024-04-28 12:45:31,183 [d1684581-678b-458f-8382-390a387eba93-groupManagement] INFO  server.RaftServer$Division (RaftServerImpl.java:setRole(383)) - d1684581-678b-458f-8382-390a387eba93@group-FBB08E98B0F2: changes role from      null to FOLLOWER at term 0 for startAsFollower
2024-04-28 12:45:31,183 [d1684581-678b-458f-8382-390a387eba93-groupManagement] INFO  impl.RoleInfo (RoleInfo.java:updateAndGet(139)) - d1684581-678b-458f-8382-390a387eba93: start d1684581-678b-458f-8382-390a387eba93@group-FBB08E98B0F2-FollowerState
2024-04-28 12:45:31,184 [d1684581-678b-458f-8382-390a387eba93@group-FBB08E98B0F2-FollowerState] INFO  server.RaftServerConfigKeys (ConfUtils.java:logFallback(53)) - raft.server.rpc.first-election.timeout.min = 5s (fallback to raft.server.rpc.timeout.min)
2024-04-28 12:45:31,184 [d1684581-678b-458f-8382-390a387eba93@group-FBB08E98B0F2-FollowerState] INFO  server.RaftServerConfigKeys (ConfUtils.java:logFallback(53)) - raft.server.rpc.first-election.timeout.max = 5200ms (fallback to raft.server.rpc.timeout.max)
2024-04-28 12:45:31,184 [d1684581-678b-458f-8382-390a387eba93-groupManagement] INFO  util.JmxRegister (JmxRegister.java:tryRegister(44)) - Successfully registered JMX Bean with object name Ratis:service=RaftServer,group=group-FBB08E98B0F2,id=d1684581-678b-458f-8382-390a387eba93
2024-04-28 12:45:31,184 [d1684581-678b-458f-8382-390a387eba93-groupManagement] INFO  server.RaftServerConfigKeys (ConfUtils.java:logGet(46)) - raft.server.snapshot.trigger-when-stop.enabled = true (default)
2024-04-28 12:45:31,184 [d1684581-678b-458f-8382-390a387eba93-groupManagement] INFO  server.RaftServerConfigKeys (ConfUtils.java:logGet(46)) - raft.server.snapshot.auto.trigger.enabled = true (custom)
2024-04-28 12:45:31,184 [d1684581-678b-458f-8382-390a387eba93-groupManagement] INFO  server.RaftServerConfigKeys (ConfUtils.java:logGet(46)) - raft.server.snapshot.auto.trigger.threshold = 10000 (custom)
2024-04-28 12:45:31,184 [d1684581-678b-458f-8382-390a387eba93-groupManagement] INFO  server.RaftServerConfigKeys (ConfUtils.java:logGet(46)) - raft.server.snapshot.retention.file.num = 5 (custom)
2024-04-28 12:45:31,184 [d1684581-678b-458f-8382-390a387eba93-groupManagement] INFO  server.RaftServerConfigKeys (ConfUtils.java:logGet(46)) - raft.server.log.purge.upto.snapshot.index = false (default)
2024-04-28 12:45:31,184 [d1684581-678b-458f-8382-390a387eba93-PipelineCommandHandlerThread-0] INFO  ratis.XceiverServerRatis (XceiverServerRatis.java:addGroup(864)) - Created group PipelineID=c342a021-063b-4081-b263-fbb08e98b0f2
2024-04-28 12:45:31,184 [d1684581-678b-458f-8382-390a387eba93-PipelineCommandHandlerThread-0] INFO  commandhandler.CreatePipelineCommandHandler (CreatePipelineCommandHandler.java:lambda$handle$2(124)) - Created Pipeline RATIS ONE PipelineID=c342a021-063b-4081-b263-fbb08e98b0f2.
2024-04-28 12:45:31,226 [7957f999-cc51-45d8-add6-1ece72fbce78-PipelineCommandHandlerThread-0] INFO  server.RaftServer (RaftServerProxy.java:addNew(100)) - 7957f999-cc51-45d8-add6-1ece72fbce78: addNew group-927C74D92FBF:[7957f999-cc51-45d8-add6-1ece72fbce78|127.0.0.1:15415] returns group-927C74D92FBF:java.util.concurrent.CompletableFuture@7d6b4c3f[Not completed]
2024-04-28 12:45:31,227 [7957f999-cc51-45d8-add6-1ece72fbce78-groupManagement] INFO  server.RaftServer$Division (RaftServerImpl.java:<init>(256)) - 7957f999-cc51-45d8-add6-1ece72fbce78: new RaftServerImpl for group-927C74D92FBF:[7957f999-cc51-45d8-add6-1ece72fbce78|127.0.0.1:15415] with ContainerStateMachine:uninitialized
2024-04-28 12:45:31,227 [7957f999-cc51-45d8-add6-1ece72fbce78-groupManagement] INFO  server.RaftServerConfigKeys (ConfUtils.java:logGet(46)) - raft.server.rpc.timeout.min = 5s (custom)
2024-04-28 12:45:31,227 [7957f999-cc51-45d8-add6-1ece72fbce78-groupManagement] INFO  server.RaftServerConfigKeys (ConfUtils.java:logGet(46)) - raft.server.rpc.timeout.max = 5200ms (custom)
2024-04-28 12:45:31,227 [7957f999-cc51-45d8-add6-1ece72fbce78-groupManagement] INFO  server.RaftServerConfigKeys (ConfUtils.java:logGet(46)) - raft.server.rpc.sleep.time = 25ms (default)
2024-04-28 12:45:31,227 [7957f999-cc51-45d8-add6-1ece72fbce78-groupManagement] INFO  server.RaftServerConfigKeys (ConfUtils.java:logGet(46)) - raft.server.rpc.slowness.timeout = 300000ms (custom)
2024-04-28 12:45:31,227 [7957f999-cc51-45d8-add6-1ece72fbce78-groupManagement] INFO  server.RaftServerConfigKeys (ConfUtils.java:logGet(46)) - raft.server.leaderelection.leader.step-down.wait-time = 10s (default)
2024-04-28 12:45:31,227 [7957f999-cc51-45d8-add6-1ece72fbce78-groupManagement] INFO  server.RaftServerConfigKeys (ConfUtils.java:logGet(46)) - raft.server.leaderelection.member.majority-add = false (default)
2024-04-28 12:45:31,227 [7957f999-cc51-45d8-add6-1ece72fbce78-groupManagement] INFO  server.RaftServerConfigKeys (ConfUtils.java:logGet(46)) - raft.server.sleep.deviation.threshold = 300ms (default)
2024-04-28 12:45:31,227 [7957f999-cc51-45d8-add6-1ece72fbce78-groupManagement] INFO  server.RaftServer$Division (ServerState.java:<init>(113)) - 7957f999-cc51-45d8-add6-1ece72fbce78@group-927C74D92FBF: ConfigurationManager, init=-1: peers:[7957f999-cc51-45d8-add6-1ece72fbce78|127.0.0.1:15415]|listeners:[], old=null, confs=<EMPTY_MAP>
2024-04-28 12:45:31,227 [7957f999-cc51-45d8-add6-1ece72fbce78-groupManagement] INFO  server.RaftServerConfigKeys (ConfUtils.java:logGet(46)) - raft.server.notification.no-leader.timeout = 300000ms (custom)
2024-04-28 12:45:31,227 [7957f999-cc51-45d8-add6-1ece72fbce78-groupManagement] INFO  server.RaftServerConfigKeys (ConfUtils.java:logGet(46)) - raft.server.read.timeout = 10s (default)
2024-04-28 12:45:31,227 [7957f999-cc51-45d8-add6-1ece72fbce78-groupManagement] INFO  server.RaftServerConfigKeys (ConfUtils.java:logGet(46)) - raft.server.retrycache.expirytime = 600000ms (custom)
2024-04-28 12:45:31,227 [7957f999-cc51-45d8-add6-1ece72fbce78-groupManagement] INFO  server.RaftServerConfigKeys (ConfUtils.java:logGet(46)) - raft.server.retrycache.statistics.expirytime = 100ms (default)
2024-04-28 12:45:31,227 [7957f999-cc51-45d8-add6-1ece72fbce78-groupManagement] INFO  server.RaftServerConfigKeys (ConfUtils.java:logGet(46)) - raft.server.read.option = DEFAULT (default)
2024-04-28 12:45:31,227 [7957f999-cc51-45d8-add6-1ece72fbce78-groupManagement] INFO  server.RaftServerConfigKeys (ConfUtils.java:logGet(46)) - raft.server.read.read-after-write-consistent.write-index-cache.expiry-time = 60s (default)
2024-04-28 12:45:31,229 [7957f999-cc51-45d8-add6-1ece72fbce78-groupManagement] INFO  server.RaftServerConfigKeys (ConfUtils.java:logGet(46)) - raft.server.rpc.request.timeout = 3000ms (default)
2024-04-28 12:45:31,229 [7957f999-cc51-45d8-add6-1ece72fbce78-groupManagement] INFO  server.RaftServerConfigKeys (ConfUtils.java:logGet(46)) - raft.server.log.appender.install.snapshot.enabled = false (custom)
2024-04-28 12:45:31,229 [7957f999-cc51-45d8-add6-1ece72fbce78-groupManagement] INFO  server.RaftServerConfigKeys (ConfUtils.java:logGet(46)) - raft.server.threadpool.server.cached = true (default)
2024-04-28 12:45:31,229 [7957f999-cc51-45d8-add6-1ece72fbce78-groupManagement] INFO  server.RaftServerConfigKeys (ConfUtils.java:logGet(46)) - raft.server.threadpool.server.size = 0 (default)
2024-04-28 12:45:31,229 [7957f999-cc51-45d8-add6-1ece72fbce78-groupManagement] INFO  server.RaftServerConfigKeys (ConfUtils.java:logGet(46)) - raft.server.threadpool.client.cached = true (default)
2024-04-28 12:45:31,229 [7957f999-cc51-45d8-add6-1ece72fbce78-groupManagement] INFO  server.RaftServerConfigKeys (ConfUtils.java:logGet(46)) - raft.server.threadpool.client.size = 0 (default)
2024-04-28 12:45:31,229 [7957f999-cc51-45d8-add6-1ece72fbce78-groupManagement] INFO  server.RaftServerConfigKeys (ConfUtils.java:logGet(46)) - raft.server.storage.free-space.min = 0MB (=0) (default)
2024-04-28 12:45:31,229 [7957f999-cc51-45d8-add6-1ece72fbce78-groupManagement] INFO  server.RaftServerConfigKeys (ConfUtils.java:logGet(46)) - raft.server.log.corruption.policy = EXCEPTION (default)
2024-04-28 12:45:31,229 [7957f999-cc51-45d8-add6-1ece72fbce78-groupManagement] INFO  server.RaftServerConfigKeys (ConfUtils.java:logGet(46)) - raft.server.storage.dir = [/home/runner/work/ozone/ozone/hadoop-ozone/integration-test/target/test-dir/MiniOzoneClusterImpl-4444f751-856d-4595-ad15-e87fc76049bc/ozone-meta/datanode-6/ratis] (custom)
2024-04-28 12:45:31,230 [7957f999-cc51-45d8-add6-1ece72fbce78-groupManagement] INFO  storage.RaftStorageDirectory (RaftStorageDirectoryImpl.java:analyzeStorage(138)) - The storage directory /home/runner/work/ozone/ozone/hadoop-ozone/integration-test/target/test-dir/MiniOzoneClusterImpl-4444f751-856d-4595-ad15-e87fc76049bc/ozone-meta/datanode-6/ratis/fe74fed4-f40e-4865-beb2-927c74d92fbf does not exist. Creating ...
2024-04-28 12:45:31,230 [7957f999-cc51-45d8-add6-1ece72fbce78-groupManagement] INFO  storage.RaftStorageDirectory (RaftStorageDirectoryImpl.java:tryLock(228)) - Lock on /home/runner/work/ozone/ozone/hadoop-ozone/integration-test/target/test-dir/MiniOzoneClusterImpl-4444f751-856d-4595-ad15-e87fc76049bc/ozone-meta/datanode-6/ratis/fe74fed4-f40e-4865-beb2-927c74d92fbf/in_use.lock acquired by nodename 21404@fv-az1392-52
2024-04-28 12:45:31,231 [7957f999-cc51-45d8-add6-1ece72fbce78-groupManagement] INFO  storage.RaftStorage (RaftStorageImpl.java:format(99)) - Storage directory /home/runner/work/ozone/ozone/hadoop-ozone/integration-test/target/test-dir/MiniOzoneClusterImpl-4444f751-856d-4595-ad15-e87fc76049bc/ozone-meta/datanode-6/ratis/fe74fed4-f40e-4865-beb2-927c74d92fbf has been successfully formatted.
2024-04-28 12:45:31,231 [7957f999-cc51-45d8-add6-1ece72fbce78-groupManagement] WARN  util.FileUtils (LogUtils.java:supplyAndLog(63)) - Failed to Files.newInputStream /home/runner/work/ozone/ozone/hadoop-ozone/integration-test/target/test-dir/MiniOzoneClusterImpl-4444f751-856d-4595-ad15-e87fc76049bc/ozone-meta/datanode-6/ratis/fe74fed4-f40e-4865-beb2-927c74d92fbf/current/raft-meta.conf with options []: java.nio.file.NoSuchFileException: /home/runner/work/ozone/ozone/hadoop-ozone/integration-test/target/test-dir/MiniOzoneClusterImpl-4444f751-856d-4595-ad15-e87fc76049bc/ozone-meta/datanode-6/ratis/fe74fed4-f40e-4865-beb2-927c74d92fbf/current/raft-meta.conf
2024-04-28 12:45:31,231 [7957f999-cc51-45d8-add6-1ece72fbce78-groupManagement] INFO  ratis.ContainerStateMachine (ContainerStateMachine.java:loadSnapshot(287)) - group-927C74D92FBF: The snapshot info is null. Setting the last applied index to:(t:0, i:~)
2024-04-28 12:45:31,231 [7957f999-cc51-45d8-add6-1ece72fbce78-groupManagement] INFO  server.RaftServerConfigKeys (ConfUtils.java:logGet(46)) - raft.server.log.use.memory = false (default)
2024-04-28 12:45:31,231 [7957f999-cc51-45d8-add6-1ece72fbce78-groupManagement] INFO  server.RaftServerConfigKeys (ConfUtils.java:logGet(46)) - raft.server.log.purge.gap = 1000000 (custom)
2024-04-28 12:45:31,231 [7957f999-cc51-45d8-add6-1ece72fbce78-groupManagement] INFO  server.RaftServerConfigKeys (ConfUtils.java:logGet(46)) - raft.server.log.appender.buffer.byte-limit = 8388608 (custom)
2024-04-28 12:45:31,231 [7957f999-cc51-45d8-add6-1ece72fbce78-groupManagement] INFO  server.RaftServerConfigKeys (ConfUtils.java:logGet(46)) - raft.server.log.statemachine.data.read.timeout = 1000ms (default)
2024-04-28 12:45:31,232 [7957f999-cc51-45d8-add6-1ece72fbce78-groupManagement] INFO  server.RaftServerConfigKeys (ConfUtils.java:logGet(46)) - raft.server.log.purge.preservation.log.num = 0 (default)
2024-04-28 12:45:31,232 [EventQueue-PipelineReportForPipelineReportHandler] INFO  pipeline.PipelineReportHandler (PipelineReportHandler.java:processPipelineReport(136)) - Opened pipeline PipelineID=fe74fed4-f40e-4865-beb2-927c74d92fbf
2024-04-28 12:45:31,232 [EventQueue-OpenPipelineForHealthyPipelineSafeModeRule] INFO  safemode.SCMSafeModeManager (HealthyPipelineSafeModeRule.java:process(140)) - SCM in safe mode. Healthy pipelines reported count is 0, required healthy pipeline reported count is 1
2024-04-28 12:45:31,233 [7957f999-cc51-45d8-add6-1ece72fbce78-groupManagement] INFO  server.RaftServerConfigKeys (ConfUtils.java:logGet(46)) - raft.server.log.segment.size.max = 67108864 (custom)
2024-04-28 12:45:31,233 [7957f999-cc51-45d8-add6-1ece72fbce78-groupManagement] INFO  server.RaftServerConfigKeys (ConfUtils.java:logGet(46)) - raft.server.log.segment.cache.num.max = 2 (custom)
2024-04-28 12:45:31,233 [7957f999-cc51-45d8-add6-1ece72fbce78-groupManagement] INFO  server.RaftServerConfigKeys (ConfUtils.java:logGet(46)) - raft.server.log.segment.cache.size.max = 200MB (=209715200) (default)
2024-04-28 12:45:31,233 [7957f999-cc51-45d8-add6-1ece72fbce78-groupManagement] INFO  server.RaftServerConfigKeys (ConfUtils.java:logGet(46)) - raft.server.log.appender.buffer.byte-limit = 8388608 (custom)
2024-04-28 12:45:31,233 [7957f999-cc51-45d8-add6-1ece72fbce78-groupManagement] INFO  util.AwaitToRun (AwaitToRun.java:start(81)) - Thread[7957f999-cc51-45d8-add6-1ece72fbce78@group-927C74D92FBF-cacheEviction-AwaitToRun,5,main] started
2024-04-28 12:45:31,233 [7957f999-cc51-45d8-add6-1ece72fbce78-groupManagement] INFO  segmented.SegmentedRaftLogWorker (SegmentedRaftLogWorker.java:<init>(182)) - new 7957f999-cc51-45d8-add6-1ece72fbce78@group-927C74D92FBF-SegmentedRaftLogWorker for RaftStorageImpl:Storage Directory /home/runner/work/ozone/ozone/hadoop-ozone/integration-test/target/test-dir/MiniOzoneClusterImpl-4444f751-856d-4595-ad15-e87fc76049bc/ozone-meta/datanode-6/ratis/fe74fed4-f40e-4865-beb2-927c74d92fbf
2024-04-28 12:45:31,233 [7957f999-cc51-45d8-add6-1ece72fbce78-groupManagement] INFO  server.RaftServerConfigKeys (ConfUtils.java:logGet(46)) - raft.server.log.queue.byte-limit = 4294967296 (custom)
2024-04-28 12:45:31,233 [7957f999-cc51-45d8-add6-1ece72fbce78-groupManagement] INFO  server.RaftServerConfigKeys (ConfUtils.java:logGet(46)) - raft.server.log.queue.element-limit = 1024 (custom)
2024-04-28 12:45:31,233 [7957f999-cc51-45d8-add6-1ece72fbce78-groupManagement] INFO  server.RaftServerConfigKeys (ConfUtils.java:logGet(46)) - raft.server.log.segment.size.max = 67108864 (custom)
2024-04-28 12:45:31,233 [7957f999-cc51-45d8-add6-1ece72fbce78-groupManagement] INFO  server.RaftServerConfigKeys (ConfUtils.java:logGet(46)) - raft.server.log.preallocated.size = 4194304 (custom)
2024-04-28 12:45:31,234 [7957f999-cc51-45d8-add6-1ece72fbce78-groupManagement] INFO  server.RaftServerConfigKeys (ConfUtils.java:logGet(46)) - raft.server.log.force.sync.num = 128 (default)
2024-04-28 12:45:31,234 [7957f999-cc51-45d8-add6-1ece72fbce78-groupManagement] INFO  server.RaftServerConfigKeys (ConfUtils.java:logGet(46)) - raft.server.log.statemachine.data.sync = true (default)
2024-04-28 12:45:31,234 [7957f999-cc51-45d8-add6-1ece72fbce78-groupManagement] INFO  server.RaftServerConfigKeys (ConfUtils.java:logGet(46)) - raft.server.log.statemachine.data.sync.timeout = 10s (default)
2024-04-28 12:45:31,234 [7957f999-cc51-45d8-add6-1ece72fbce78-groupManagement] INFO  server.RaftServerConfigKeys (ConfUtils.java:logGet(46)) - raft.server.log.statemachine.data.sync.timeout.retry = 30 (custom)
2024-04-28 12:45:31,234 [7957f999-cc51-45d8-add6-1ece72fbce78-groupManagement] INFO  server.RaftServerConfigKeys (ConfUtils.java:logGet(46)) - raft.server.log.write.buffer.size = 8388616 (custom)
2024-04-28 12:45:31,236 [7957f999-cc51-45d8-add6-1ece72fbce78-groupManagement] INFO  server.RaftServerConfigKeys (ConfUtils.java:logGet(46)) - raft.server.log.appender.buffer.byte-limit = 8388608 (custom)
2024-04-28 12:45:31,236 [7957f999-cc51-45d8-add6-1ece72fbce78-groupManagement] INFO  server.RaftServerConfigKeys (ConfUtils.java:logGet(46)) - raft.server.log.unsafe-flush.enabled = false (default)
2024-04-28 12:45:31,236 [7957f999-cc51-45d8-add6-1ece72fbce78-groupManagement] INFO  server.RaftServerConfigKeys (ConfUtils.java:logGet(46)) - raft.server.log.async-flush.enabled = false (default)
2024-04-28 12:45:31,236 [7957f999-cc51-45d8-add6-1ece72fbce78-groupManagement] INFO  server.RaftServerConfigKeys (ConfUtils.java:logGet(46)) - raft.server.log.statemachine.data.caching.enabled = true (custom)
2024-04-28 12:45:31,236 [7957f999-cc51-45d8-add6-1ece72fbce78-groupManagement] INFO  segmented.SegmentedRaftLogWorker (SegmentedRaftLogWorker.java:lambda$new$0(134)) - 7957f999-cc51-45d8-add6-1ece72fbce78@group-927C74D92FBF-SegmentedRaftLogWorker: flushIndex: setUnconditionally 0 -> -1
2024-04-28 12:45:31,236 [7957f999-cc51-45d8-add6-1ece72fbce78-groupManagement] INFO  segmented.SegmentedRaftLogWorker (SegmentedRaftLogWorker.java:lambda$new$0(134)) - 7957f999-cc51-45d8-add6-1ece72fbce78@group-927C74D92FBF-SegmentedRaftLogWorker: safeCacheEvictIndex: setUnconditionally 0 -> -1
2024-04-28 12:45:31,236 [7957f999-cc51-45d8-add6-1ece72fbce78-groupManagement] INFO  server.RaftServer$Division (RaftServerImpl.java:start(396)) - 7957f999-cc51-45d8-add6-1ece72fbce78@group-927C74D92FBF: start as a follower, conf=-1: peers:[7957f999-cc51-45d8-add6-1ece72fbce78|127.0.0.1:15415]|listeners:[], old=null
2024-04-28 12:45:31,236 [7957f999-cc51-45d8-add6-1ece72fbce78-groupManagement] INFO  server.RaftServer$Division (RaftServerImpl.java:setRole(383)) - 7957f999-cc51-45d8-add6-1ece72fbce78@group-927C74D92FBF: changes role from      null to FOLLOWER at term 0 for startAsFollower
2024-04-28 12:45:31,236 [7957f999-cc51-45d8-add6-1ece72fbce78-groupManagement] INFO  impl.RoleInfo (RoleInfo.java:updateAndGet(139)) - 7957f999-cc51-45d8-add6-1ece72fbce78: start 7957f999-cc51-45d8-add6-1ece72fbce78@group-927C74D92FBF-FollowerState
2024-04-28 12:45:31,236 [7957f999-cc51-45d8-add6-1ece72fbce78@group-927C74D92FBF-FollowerState] INFO  server.RaftServerConfigKeys (ConfUtils.java:logFallback(53)) - raft.server.rpc.first-election.timeout.min = 5s (fallback to raft.server.rpc.timeout.min)
2024-04-28 12:45:31,236 [7957f999-cc51-45d8-add6-1ece72fbce78-groupManagement] INFO  util.JmxRegister (JmxRegister.java:tryRegister(44)) - Successfully registered JMX Bean with object name Ratis:service=RaftServer,group=group-927C74D92FBF,id=7957f999-cc51-45d8-add6-1ece72fbce78
2024-04-28 12:45:31,236 [7957f999-cc51-45d8-add6-1ece72fbce78@group-927C74D92FBF-FollowerState] INFO  server.RaftServerConfigKeys (ConfUtils.java:logFallback(53)) - raft.server.rpc.first-election.timeout.max = 5200ms (fallback to raft.server.rpc.timeout.max)
2024-04-28 12:45:31,236 [7957f999-cc51-45d8-add6-1ece72fbce78-groupManagement] INFO  server.RaftServerConfigKeys (ConfUtils.java:logGet(46)) - raft.server.snapshot.trigger-when-stop.enabled = true (default)
2024-04-28 12:45:31,236 [7957f999-cc51-45d8-add6-1ece72fbce78-groupManagement] INFO  server.RaftServerConfigKeys (ConfUtils.java:logGet(46)) - raft.server.snapshot.auto.trigger.enabled = true (custom)
2024-04-28 12:45:31,237 [7957f999-cc51-45d8-add6-1ece72fbce78-groupManagement] INFO  server.RaftServerConfigKeys (ConfUtils.java:logGet(46)) - raft.server.snapshot.auto.trigger.threshold = 10000 (custom)
2024-04-28 12:45:31,237 [7957f999-cc51-45d8-add6-1ece72fbce78-groupManagement] INFO  server.RaftServerConfigKeys (ConfUtils.java:logGet(46)) - raft.server.snapshot.retention.file.num = 5 (custom)
2024-04-28 12:45:31,237 [7957f999-cc51-45d8-add6-1ece72fbce78-groupManagement] INFO  server.RaftServerConfigKeys (ConfUtils.java:logGet(46)) - raft.server.log.purge.upto.snapshot.index = false (default)
2024-04-28 12:45:31,237 [7957f999-cc51-45d8-add6-1ece72fbce78-PipelineCommandHandlerThread-0] INFO  ratis.XceiverServerRatis (XceiverServerRatis.java:addGroup(864)) - Created group PipelineID=fe74fed4-f40e-4865-beb2-927c74d92fbf
2024-04-28 12:45:31,237 [7957f999-cc51-45d8-add6-1ece72fbce78-PipelineCommandHandlerThread-0] INFO  commandhandler.CreatePipelineCommandHandler (CreatePipelineCommandHandler.java:lambda$handle$2(124)) - Created Pipeline RATIS ONE PipelineID=fe74fed4-f40e-4865-beb2-927c74d92fbf.
2024-04-28 12:45:31,277 [2888e557-450c-42c6-ab50-0bca692fd7ac-PipelineCommandHandlerThread-0] INFO  server.RaftServer (RaftServerProxy.java:addNew(100)) - 2888e557-450c-42c6-ab50-0bca692fd7ac: addNew group-3532D1E24A91:[2888e557-450c-42c6-ab50-0bca692fd7ac|127.0.0.1:15424] returns group-3532D1E24A91:java.util.concurrent.CompletableFuture@1d4176bd[Not completed]
2024-04-28 12:45:31,277 [2888e557-450c-42c6-ab50-0bca692fd7ac-groupManagement] INFO  server.RaftServer$Division (RaftServerImpl.java:<init>(256)) - 2888e557-450c-42c6-ab50-0bca692fd7ac: new RaftServerImpl for group-3532D1E24A91:[2888e557-450c-42c6-ab50-0bca692fd7ac|127.0.0.1:15424] with ContainerStateMachine:uninitialized
2024-04-28 12:45:31,277 [2888e557-450c-42c6-ab50-0bca692fd7ac-groupManagement] INFO  server.RaftServerConfigKeys (ConfUtils.java:logGet(46)) - raft.server.rpc.timeout.min = 5s (custom)
2024-04-28 12:45:31,278 [2888e557-450c-42c6-ab50-0bca692fd7ac-groupManagement] INFO  server.RaftServerConfigKeys (ConfUtils.java:logGet(46)) - raft.server.rpc.timeout.max = 5200ms (custom)
2024-04-28 12:45:31,278 [2888e557-450c-42c6-ab50-0bca692fd7ac-groupManagement] INFO  server.RaftServerConfigKeys (ConfUtils.java:logGet(46)) - raft.server.rpc.sleep.time = 25ms (default)
2024-04-28 12:45:31,278 [2888e557-450c-42c6-ab50-0bca692fd7ac-groupManagement] INFO  server.RaftServerConfigKeys (ConfUtils.java:logGet(46)) - raft.server.rpc.slowness.timeout = 300000ms (custom)
2024-04-28 12:45:31,278 [2888e557-450c-42c6-ab50-0bca692fd7ac-groupManagement] INFO  server.RaftServerConfigKeys (ConfUtils.java:logGet(46)) - raft.server.leaderelection.leader.step-down.wait-time = 10s (default)
2024-04-28 12:45:31,278 [2888e557-450c-42c6-ab50-0bca692fd7ac-groupManagement] INFO  server.RaftServerConfigKeys (ConfUtils.java:logGet(46)) - raft.server.leaderelection.member.majority-add = false (default)
2024-04-28 12:45:31,278 [2888e557-450c-42c6-ab50-0bca692fd7ac-groupManagement] INFO  server.RaftServerConfigKeys (ConfUtils.java:logGet(46)) - raft.server.sleep.deviation.threshold = 300ms (default)
2024-04-28 12:45:31,278 [2888e557-450c-42c6-ab50-0bca692fd7ac-groupManagement] INFO  server.RaftServer$Division (ServerState.java:<init>(113)) - 2888e557-450c-42c6-ab50-0bca692fd7ac@group-3532D1E24A91: ConfigurationManager, init=-1: peers:[2888e557-450c-42c6-ab50-0bca692fd7ac|127.0.0.1:15424]|listeners:[], old=null, confs=<EMPTY_MAP>
2024-04-28 12:45:31,278 [2888e557-450c-42c6-ab50-0bca692fd7ac-groupManagement] INFO  server.RaftServerConfigKeys (ConfUtils.java:logGet(46)) - raft.server.notification.no-leader.timeout = 300000ms (custom)
2024-04-28 12:45:31,278 [2888e557-450c-42c6-ab50-0bca692fd7ac-groupManagement] INFO  server.RaftServerConfigKeys (ConfUtils.java:logGet(46)) - raft.server.read.timeout = 10s (default)
2024-04-28 12:45:31,278 [2888e557-450c-42c6-ab50-0bca692fd7ac-groupManagement] INFO  server.RaftServerConfigKeys (ConfUtils.java:logGet(46)) - raft.server.retrycache.expirytime = 600000ms (custom)
2024-04-28 12:45:31,278 [2888e557-450c-42c6-ab50-0bca692fd7ac-groupManagement] INFO  server.RaftServerConfigKeys (ConfUtils.java:logGet(46)) - raft.server.retrycache.statistics.expirytime = 100ms (default)
2024-04-28 12:45:31,278 [2888e557-450c-42c6-ab50-0bca692fd7ac-groupManagement] INFO  server.RaftServerConfigKeys (ConfUtils.java:logGet(46)) - raft.server.read.option = DEFAULT (default)
2024-04-28 12:45:31,278 [2888e557-450c-42c6-ab50-0bca692fd7ac-groupManagement] INFO  server.RaftServerConfigKeys (ConfUtils.java:logGet(46)) - raft.server.read.read-after-write-consistent.write-index-cache.expiry-time = 60s (default)
2024-04-28 12:45:31,280 [2888e557-450c-42c6-ab50-0bca692fd7ac-groupManagement] INFO  server.RaftServerConfigKeys (ConfUtils.java:logGet(46)) - raft.server.rpc.request.timeout = 3000ms (default)
2024-04-28 12:45:31,280 [2888e557-450c-42c6-ab50-0bca692fd7ac-groupManagement] INFO  server.RaftServerConfigKeys (ConfUtils.java:logGet(46)) - raft.server.log.appender.install.snapshot.enabled = false (custom)
2024-04-28 12:45:31,280 [2888e557-450c-42c6-ab50-0bca692fd7ac-groupManagement] INFO  server.RaftServerConfigKeys (ConfUtils.java:logGet(46)) - raft.server.threadpool.server.cached = true (default)
2024-04-28 12:45:31,280 [2888e557-450c-42c6-ab50-0bca692fd7ac-groupManagement] INFO  server.RaftServerConfigKeys (ConfUtils.java:logGet(46)) - raft.server.threadpool.server.size = 0 (default)
2024-04-28 12:45:31,281 [2888e557-450c-42c6-ab50-0bca692fd7ac-groupManagement] INFO  server.RaftServerConfigKeys (ConfUtils.java:logGet(46)) - raft.server.threadpool.client.cached = true (default)
2024-04-28 12:45:31,281 [2888e557-450c-42c6-ab50-0bca692fd7ac-groupManagement] INFO  server.RaftServerConfigKeys (ConfUtils.java:logGet(46)) - raft.server.threadpool.client.size = 0 (default)
2024-04-28 12:45:31,281 [2888e557-450c-42c6-ab50-0bca692fd7ac-groupManagement] INFO  server.RaftServerConfigKeys (ConfUtils.java:logGet(46)) - raft.server.storage.free-space.min = 0MB (=0) (default)
2024-04-28 12:45:31,281 [2888e557-450c-42c6-ab50-0bca692fd7ac-groupManagement] INFO  server.RaftServerConfigKeys (ConfUtils.java:logGet(46)) - raft.server.log.corruption.policy = EXCEPTION (default)
2024-04-28 12:45:31,281 [2888e557-450c-42c6-ab50-0bca692fd7ac-groupManagement] INFO  server.RaftServerConfigKeys (ConfUtils.java:logGet(46)) - raft.server.storage.dir = [/home/runner/work/ozone/ozone/hadoop-ozone/integration-test/target/test-dir/MiniOzoneClusterImpl-4444f751-856d-4595-ad15-e87fc76049bc/ozone-meta/datanode-7/ratis] (custom)
2024-04-28 12:45:31,281 [2888e557-450c-42c6-ab50-0bca692fd7ac-groupManagement] INFO  storage.RaftStorageDirectory (RaftStorageDirectoryImpl.java:analyzeStorage(138)) - The storage directory /home/runner/work/ozone/ozone/hadoop-ozone/integration-test/target/test-dir/MiniOzoneClusterImpl-4444f751-856d-4595-ad15-e87fc76049bc/ozone-meta/datanode-7/ratis/ede2988e-9327-41a4-aa88-3532d1e24a91 does not exist. Creating ...
2024-04-28 12:45:31,282 [2888e557-450c-42c6-ab50-0bca692fd7ac-groupManagement] INFO  storage.RaftStorageDirectory (RaftStorageDirectoryImpl.java:tryLock(228)) - Lock on /home/runner/work/ozone/ozone/hadoop-ozone/integration-test/target/test-dir/MiniOzoneClusterImpl-4444f751-856d-4595-ad15-e87fc76049bc/ozone-meta/datanode-7/ratis/ede2988e-9327-41a4-aa88-3532d1e24a91/in_use.lock acquired by nodename 21404@fv-az1392-52
2024-04-28 12:45:31,282 [2888e557-450c-42c6-ab50-0bca692fd7ac-groupManagement] INFO  storage.RaftStorage (RaftStorageImpl.java:format(99)) - Storage directory /home/runner/work/ozone/ozone/hadoop-ozone/integration-test/target/test-dir/MiniOzoneClusterImpl-4444f751-856d-4595-ad15-e87fc76049bc/ozone-meta/datanode-7/ratis/ede2988e-9327-41a4-aa88-3532d1e24a91 has been successfully formatted.
2024-04-28 12:45:31,283 [2888e557-450c-42c6-ab50-0bca692fd7ac-groupManagement] WARN  util.FileUtils (LogUtils.java:supplyAndLog(63)) - Failed to Files.newInputStream /home/runner/work/ozone/ozone/hadoop-ozone/integration-test/target/test-dir/MiniOzoneClusterImpl-4444f751-856d-4595-ad15-e87fc76049bc/ozone-meta/datanode-7/ratis/ede2988e-9327-41a4-aa88-3532d1e24a91/current/raft-meta.conf with options []: java.nio.file.NoSuchFileException: /home/runner/work/ozone/ozone/hadoop-ozone/integration-test/target/test-dir/MiniOzoneClusterImpl-4444f751-856d-4595-ad15-e87fc76049bc/ozone-meta/datanode-7/ratis/ede2988e-9327-41a4-aa88-3532d1e24a91/current/raft-meta.conf
2024-04-28 12:45:31,283 [2888e557-450c-42c6-ab50-0bca692fd7ac-groupManagement] INFO  ratis.ContainerStateMachine (ContainerStateMachine.java:loadSnapshot(287)) - group-3532D1E24A91: The snapshot info is null. Setting the last applied index to:(t:0, i:~)
2024-04-28 12:45:31,283 [2888e557-450c-42c6-ab50-0bca692fd7ac-groupManagement] INFO  server.RaftServerConfigKeys (ConfUtils.java:logGet(46)) - raft.server.log.use.memory = false (default)
2024-04-28 12:45:31,283 [2888e557-450c-42c6-ab50-0bca692fd7ac-groupManagement] INFO  server.RaftServerConfigKeys (ConfUtils.java:logGet(46)) - raft.server.log.purge.gap = 1000000 (custom)
2024-04-28 12:45:31,283 [2888e557-450c-42c6-ab50-0bca692fd7ac-groupManagement] INFO  server.RaftServerConfigKeys (ConfUtils.java:logGet(46)) - raft.server.log.appender.buffer.byte-limit = 8388608 (custom)
2024-04-28 12:45:31,283 [2888e557-450c-42c6-ab50-0bca692fd7ac-groupManagement] INFO  server.RaftServerConfigKeys (ConfUtils.java:logGet(46)) - raft.server.log.statemachine.data.read.timeout = 1000ms (default)
2024-04-28 12:45:31,283 [2888e557-450c-42c6-ab50-0bca692fd7ac-groupManagement] INFO  server.RaftServerConfigKeys (ConfUtils.java:logGet(46)) - raft.server.log.purge.preservation.log.num = 0 (default)
2024-04-28 12:45:31,284 [EventQueue-PipelineReportForPipelineReportHandler] INFO  pipeline.PipelineReportHandler (PipelineReportHandler.java:processPipelineReport(136)) - Opened pipeline PipelineID=ede2988e-9327-41a4-aa88-3532d1e24a91
2024-04-28 12:45:31,284 [EventQueue-OpenPipelineForHealthyPipelineSafeModeRule] INFO  safemode.SCMSafeModeManager (HealthyPipelineSafeModeRule.java:process(140)) - SCM in safe mode. Healthy pipelines reported count is 0, required healthy pipeline reported count is 1
2024-04-28 12:45:31,284 [2888e557-450c-42c6-ab50-0bca692fd7ac-groupManagement] INFO  server.RaftServerConfigKeys (ConfUtils.java:logGet(46)) - raft.server.log.segment.size.max = 67108864 (custom)
2024-04-28 12:45:31,285 [2888e557-450c-42c6-ab50-0bca692fd7ac-groupManagement] INFO  server.RaftServerConfigKeys (ConfUtils.java:logGet(46)) - raft.server.log.segment.cache.num.max = 2 (custom)
2024-04-28 12:45:31,285 [2888e557-450c-42c6-ab50-0bca692fd7ac-groupManagement] INFO  server.RaftServerConfigKeys (ConfUtils.java:logGet(46)) - raft.server.log.segment.cache.size.max = 200MB (=209715200) (default)
2024-04-28 12:45:31,285 [2888e557-450c-42c6-ab50-0bca692fd7ac-groupManagement] INFO  server.RaftServerConfigKeys (ConfUtils.java:logGet(46)) - raft.server.log.appender.buffer.byte-limit = 8388608 (custom)
2024-04-28 12:45:31,285 [2888e557-450c-42c6-ab50-0bca692fd7ac-groupManagement] INFO  util.AwaitToRun (AwaitToRun.java:start(81)) - Thread[2888e557-450c-42c6-ab50-0bca692fd7ac@group-3532D1E24A91-cacheEviction-AwaitToRun,5,main] started
2024-04-28 12:45:31,285 [2888e557-450c-42c6-ab50-0bca692fd7ac-groupManagement] INFO  segmented.SegmentedRaftLogWorker (SegmentedRaftLogWorker.java:<init>(182)) - new 2888e557-450c-42c6-ab50-0bca692fd7ac@group-3532D1E24A91-SegmentedRaftLogWorker for RaftStorageImpl:Storage Directory /home/runner/work/ozone/ozone/hadoop-ozone/integration-test/target/test-dir/MiniOzoneClusterImpl-4444f751-856d-4595-ad15-e87fc76049bc/ozone-meta/datanode-7/ratis/ede2988e-9327-41a4-aa88-3532d1e24a91
2024-04-28 12:45:31,285 [2888e557-450c-42c6-ab50-0bca692fd7ac-groupManagement] INFO  server.RaftServerConfigKeys (ConfUtils.java:logGet(46)) - raft.server.log.queue.byte-limit = 4294967296 (custom)
2024-04-28 12:45:31,285 [2888e557-450c-42c6-ab50-0bca692fd7ac-groupManagement] INFO  server.RaftServerConfigKeys (ConfUtils.java:logGet(46)) - raft.server.log.queue.element-limit = 1024 (custom)
2024-04-28 12:45:31,285 [2888e557-450c-42c6-ab50-0bca692fd7ac-groupManagement] INFO  server.RaftServerConfigKeys (ConfUtils.java:logGet(46)) - raft.server.log.segment.size.max = 67108864 (custom)
2024-04-28 12:45:31,285 [2888e557-450c-42c6-ab50-0bca692fd7ac-groupManagement] INFO  server.RaftServerConfigKeys (ConfUtils.java:logGet(46)) - raft.server.log.preallocated.size = 4194304 (custom)
2024-04-28 12:45:31,285 [2888e557-450c-42c6-ab50-0bca692fd7ac-groupManagement] INFO  server.RaftServerConfigKeys (ConfUtils.java:logGet(46)) - raft.server.log.force.sync.num = 128 (default)
2024-04-28 12:45:31,285 [2888e557-450c-42c6-ab50-0bca692fd7ac-groupManagement] INFO  server.RaftServerConfigKeys (ConfUtils.java:logGet(46)) - raft.server.log.statemachine.data.sync = true (default)
2024-04-28 12:45:31,285 [2888e557-450c-42c6-ab50-0bca692fd7ac-groupManagement] INFO  server.RaftServerConfigKeys (ConfUtils.java:logGet(46)) - raft.server.log.statemachine.data.sync.timeout = 10s (default)
2024-04-28 12:45:31,285 [2888e557-450c-42c6-ab50-0bca692fd7ac-groupManagement] INFO  server.RaftServerConfigKeys (ConfUtils.java:logGet(46)) - raft.server.log.statemachine.data.sync.timeout.retry = 30 (custom)
2024-04-28 12:45:31,285 [2888e557-450c-42c6-ab50-0bca692fd7ac-groupManagement] INFO  server.RaftServerConfigKeys (ConfUtils.java:logGet(46)) - raft.server.log.write.buffer.size = 8388616 (custom)
2024-04-28 12:45:31,287 [2888e557-450c-42c6-ab50-0bca692fd7ac-groupManagement] INFO  server.RaftServerConfigKeys (ConfUtils.java:logGet(46)) - raft.server.log.appender.buffer.byte-limit = 8388608 (custom)
2024-04-28 12:45:31,287 [2888e557-450c-42c6-ab50-0bca692fd7ac-groupManagement] INFO  server.RaftServerConfigKeys (ConfUtils.java:logGet(46)) - raft.server.log.unsafe-flush.enabled = false (default)
2024-04-28 12:45:31,287 [2888e557-450c-42c6-ab50-0bca692fd7ac-groupManagement] INFO  server.RaftServerConfigKeys (ConfUtils.java:logGet(46)) - raft.server.log.async-flush.enabled = false (default)
2024-04-28 12:45:31,287 [2888e557-450c-42c6-ab50-0bca692fd7ac-groupManagement] INFO  server.RaftServerConfigKeys (ConfUtils.java:logGet(46)) - raft.server.log.statemachine.data.caching.enabled = true (custom)
2024-04-28 12:45:31,287 [2888e557-450c-42c6-ab50-0bca692fd7ac-groupManagement] INFO  segmented.SegmentedRaftLogWorker (SegmentedRaftLogWorker.java:lambda$new$0(134)) - 2888e557-450c-42c6-ab50-0bca692fd7ac@group-3532D1E24A91-SegmentedRaftLogWorker: flushIndex: setUnconditionally 0 -> -1
2024-04-28 12:45:31,287 [2888e557-450c-42c6-ab50-0bca692fd7ac-groupManagement] INFO  segmented.SegmentedRaftLogWorker (SegmentedRaftLogWorker.java:lambda$new$0(134)) - 2888e557-450c-42c6-ab50-0bca692fd7ac@group-3532D1E24A91-SegmentedRaftLogWorker: safeCacheEvictIndex: setUnconditionally 0 -> -1
2024-04-28 12:45:31,287 [2888e557-450c-42c6-ab50-0bca692fd7ac-groupManagement] INFO  server.RaftServer$Division (RaftServerImpl.java:start(396)) - 2888e557-450c-42c6-ab50-0bca692fd7ac@group-3532D1E24A91: start as a follower, conf=-1: peers:[2888e557-450c-42c6-ab50-0bca692fd7ac|127.0.0.1:15424]|listeners:[], old=null
2024-04-28 12:45:31,287 [2888e557-450c-42c6-ab50-0bca692fd7ac-groupManagement] INFO  server.RaftServer$Division (RaftServerImpl.java:setRole(383)) - 2888e557-450c-42c6-ab50-0bca692fd7ac@group-3532D1E24A91: changes role from      null to FOLLOWER at term 0 for startAsFollower
2024-04-28 12:45:31,287 [2888e557-450c-42c6-ab50-0bca692fd7ac-groupManagement] INFO  impl.RoleInfo (RoleInfo.java:updateAndGet(139)) - 2888e557-450c-42c6-ab50-0bca692fd7ac: start 2888e557-450c-42c6-ab50-0bca692fd7ac@group-3532D1E24A91-FollowerState
2024-04-28 12:45:31,288 [2888e557-450c-42c6-ab50-0bca692fd7ac-groupManagement] INFO  util.JmxRegister (JmxRegister.java:tryRegister(44)) - Successfully registered JMX Bean with object name Ratis:service=RaftServer,group=group-3532D1E24A91,id=2888e557-450c-42c6-ab50-0bca692fd7ac
2024-04-28 12:45:31,288 [2888e557-450c-42c6-ab50-0bca692fd7ac@group-3532D1E24A91-FollowerState] INFO  server.RaftServerConfigKeys (ConfUtils.java:logFallback(53)) - raft.server.rpc.first-election.timeout.min = 5s (fallback to raft.server.rpc.timeout.min)
2024-04-28 12:45:31,288 [2888e557-450c-42c6-ab50-0bca692fd7ac@group-3532D1E24A91-FollowerState] INFO  server.RaftServerConfigKeys (ConfUtils.java:logFallback(53)) - raft.server.rpc.first-election.timeout.max = 5200ms (fallback to raft.server.rpc.timeout.max)
2024-04-28 12:45:31,288 [2888e557-450c-42c6-ab50-0bca692fd7ac-groupManagement] INFO  server.RaftServerConfigKeys (ConfUtils.java:logGet(46)) - raft.server.snapshot.trigger-when-stop.enabled = true (default)
2024-04-28 12:45:31,288 [2888e557-450c-42c6-ab50-0bca692fd7ac-groupManagement] INFO  server.RaftServerConfigKeys (ConfUtils.java:logGet(46)) - raft.server.snapshot.auto.trigger.enabled = true (custom)
2024-04-28 12:45:31,288 [2888e557-450c-42c6-ab50-0bca692fd7ac-groupManagement] INFO  server.RaftServerConfigKeys (ConfUtils.java:logGet(46)) - raft.server.snapshot.auto.trigger.threshold = 10000 (custom)
2024-04-28 12:45:31,288 [2888e557-450c-42c6-ab50-0bca692fd7ac-groupManagement] INFO  server.RaftServerConfigKeys (ConfUtils.java:logGet(46)) - raft.server.snapshot.retention.file.num = 5 (custom)
2024-04-28 12:45:31,288 [2888e557-450c-42c6-ab50-0bca692fd7ac-groupManagement] INFO  server.RaftServerConfigKeys (ConfUtils.java:logGet(46)) - raft.server.log.purge.upto.snapshot.index = false (default)
2024-04-28 12:45:31,289 [2888e557-450c-42c6-ab50-0bca692fd7ac-PipelineCommandHandlerThread-0] INFO  ratis.XceiverServerRatis (XceiverServerRatis.java:addGroup(864)) - Created group PipelineID=ede2988e-9327-41a4-aa88-3532d1e24a91
2024-04-28 12:45:31,289 [2888e557-450c-42c6-ab50-0bca692fd7ac-PipelineCommandHandlerThread-0] INFO  commandhandler.CreatePipelineCommandHandler (CreatePipelineCommandHandler.java:lambda$handle$2(124)) - Created Pipeline RATIS ONE PipelineID=ede2988e-9327-41a4-aa88-3532d1e24a91.
2024-04-28 12:45:31,289 [2888e557-450c-42c6-ab50-0bca692fd7ac-PipelineCommandHandlerThread-0] INFO  server.RaftServer (RaftServerProxy.java:addNew(100)) - 2888e557-450c-42c6-ab50-0bca692fd7ac: addNew group-940108511468:[2888e557-450c-42c6-ab50-0bca692fd7ac|127.0.0.1:15424, 5986eb43-6756-4d1a-9985-b2bcfc70d88f|127.0.0.1:15442, a03ae040-0cc1-4c22-85ff-5ac1eba35bae|127.0.0.1:15433] returns group-940108511468:java.util.concurrent.CompletableFuture@197ef1cd[Not completed]
2024-04-28 12:45:31,289 [2888e557-450c-42c6-ab50-0bca692fd7ac-groupManagement] INFO  server.RaftServer$Division (RaftServerImpl.java:<init>(256)) - 2888e557-450c-42c6-ab50-0bca692fd7ac: new RaftServerImpl for group-940108511468:[2888e557-450c-42c6-ab50-0bca692fd7ac|127.0.0.1:15424, 5986eb43-6756-4d1a-9985-b2bcfc70d88f|127.0.0.1:15442, a03ae040-0cc1-4c22-85ff-5ac1eba35bae|127.0.0.1:15433] with ContainerStateMachine:uninitialized
2024-04-28 12:45:31,289 [2888e557-450c-42c6-ab50-0bca692fd7ac-groupManagement] INFO  server.RaftServerConfigKeys (ConfUtils.java:logGet(46)) - raft.server.rpc.timeout.min = 5s (custom)
2024-04-28 12:45:31,289 [2888e557-450c-42c6-ab50-0bca692fd7ac-groupManagement] INFO  server.RaftServerConfigKeys (ConfUtils.java:logGet(46)) - raft.server.rpc.timeout.max = 5200ms (custom)
2024-04-28 12:45:31,289 [2888e557-450c-42c6-ab50-0bca692fd7ac-groupManagement] INFO  server.RaftServerConfigKeys (ConfUtils.java:logGet(46)) - raft.server.rpc.sleep.time = 25ms (default)
2024-04-28 12:45:31,290 [2888e557-450c-42c6-ab50-0bca692fd7ac-groupManagement] INFO  server.RaftServerConfigKeys (ConfUtils.java:logGet(46)) - raft.server.rpc.slowness.timeout = 300000ms (custom)
2024-04-28 12:45:31,290 [2888e557-450c-42c6-ab50-0bca692fd7ac-groupManagement] INFO  server.RaftServerConfigKeys (ConfUtils.java:logGet(46)) - raft.server.leaderelection.leader.step-down.wait-time = 10s (default)
2024-04-28 12:45:31,290 [2888e557-450c-42c6-ab50-0bca692fd7ac-groupManagement] INFO  server.RaftServerConfigKeys (ConfUtils.java:logGet(46)) - raft.server.leaderelection.member.majority-add = false (default)
2024-04-28 12:45:31,290 [2888e557-450c-42c6-ab50-0bca692fd7ac-groupManagement] INFO  server.RaftServerConfigKeys (ConfUtils.java:logGet(46)) - raft.server.sleep.deviation.threshold = 300ms (default)
2024-04-28 12:45:31,290 [2888e557-450c-42c6-ab50-0bca692fd7ac-groupManagement] INFO  server.RaftServer$Division (ServerState.java:<init>(113)) - 2888e557-450c-42c6-ab50-0bca692fd7ac@group-940108511468: ConfigurationManager, init=-1: peers:[2888e557-450c-42c6-ab50-0bca692fd7ac|127.0.0.1:15424, 5986eb43-6756-4d1a-9985-b2bcfc70d88f|127.0.0.1:15442, a03ae040-0cc1-4c22-85ff-5ac1eba35bae|127.0.0.1:15433]|listeners:[], old=null, confs=<EMPTY_MAP>
2024-04-28 12:45:31,290 [2888e557-450c-42c6-ab50-0bca692fd7ac-groupManagement] INFO  server.RaftServerConfigKeys (ConfUtils.java:logGet(46)) - raft.server.notification.no-leader.timeout = 300000ms (custom)
2024-04-28 12:45:31,290 [2888e557-450c-42c6-ab50-0bca692fd7ac-groupManagement] INFO  server.RaftServerConfigKeys (ConfUtils.java:logGet(46)) - raft.server.read.timeout = 10s (default)
2024-04-28 12:45:31,290 [2888e557-450c-42c6-ab50-0bca692fd7ac-groupManagement] INFO  server.RaftServerConfigKeys (ConfUtils.java:logGet(46)) - raft.server.retrycache.expirytime = 600000ms (custom)
2024-04-28 12:45:31,290 [2888e557-450c-42c6-ab50-0bca692fd7ac-groupManagement] INFO  server.RaftServerConfigKeys (ConfUtils.java:logGet(46)) - raft.server.retrycache.statistics.expirytime = 100ms (default)
2024-04-28 12:45:31,290 [2888e557-450c-42c6-ab50-0bca692fd7ac-groupManagement] INFO  server.RaftServerConfigKeys (ConfUtils.java:logGet(46)) - raft.server.read.option = DEFAULT (default)
2024-04-28 12:45:31,290 [2888e557-450c-42c6-ab50-0bca692fd7ac-groupManagement] INFO  server.RaftServerConfigKeys (ConfUtils.java:logGet(46)) - raft.server.read.read-after-write-consistent.write-index-cache.expiry-time = 60s (default)
2024-04-28 12:45:31,291 [2888e557-450c-42c6-ab50-0bca692fd7ac-groupManagement] INFO  server.RaftServerConfigKeys (ConfUtils.java:logGet(46)) - raft.server.rpc.request.timeout = 3000ms (default)
2024-04-28 12:45:31,292 [2888e557-450c-42c6-ab50-0bca692fd7ac-groupManagement] INFO  server.RaftServerConfigKeys (ConfUtils.java:logGet(46)) - raft.server.log.appender.install.snapshot.enabled = false (custom)
2024-04-28 12:45:31,292 [2888e557-450c-42c6-ab50-0bca692fd7ac-groupManagement] INFO  server.RaftServerConfigKeys (ConfUtils.java:logGet(46)) - raft.server.threadpool.server.cached = true (default)
2024-04-28 12:45:31,292 [2888e557-450c-42c6-ab50-0bca692fd7ac-groupManagement] INFO  server.RaftServerConfigKeys (ConfUtils.java:logGet(46)) - raft.server.threadpool.server.size = 0 (default)
2024-04-28 12:45:31,292 [2888e557-450c-42c6-ab50-0bca692fd7ac-groupManagement] INFO  server.RaftServerConfigKeys (ConfUtils.java:logGet(46)) - raft.server.threadpool.client.cached = true (default)
2024-04-28 12:45:31,292 [2888e557-450c-42c6-ab50-0bca692fd7ac-groupManagement] INFO  server.RaftServerConfigKeys (ConfUtils.java:logGet(46)) - raft.server.threadpool.client.size = 0 (default)
2024-04-28 12:45:31,292 [2888e557-450c-42c6-ab50-0bca692fd7ac-groupManagement] INFO  server.RaftServerConfigKeys (ConfUtils.java:logGet(46)) - raft.server.storage.free-space.min = 0MB (=0) (default)
2024-04-28 12:45:31,292 [2888e557-450c-42c6-ab50-0bca692fd7ac-groupManagement] INFO  server.RaftServerConfigKeys (ConfUtils.java:logGet(46)) - raft.server.log.corruption.policy = EXCEPTION (default)
2024-04-28 12:45:31,292 [2888e557-450c-42c6-ab50-0bca692fd7ac-groupManagement] INFO  server.RaftServerConfigKeys (ConfUtils.java:logGet(46)) - raft.server.storage.dir = [/home/runner/work/ozone/ozone/hadoop-ozone/integration-test/target/test-dir/MiniOzoneClusterImpl-4444f751-856d-4595-ad15-e87fc76049bc/ozone-meta/datanode-7/ratis] (custom)
2024-04-28 12:45:31,292 [2888e557-450c-42c6-ab50-0bca692fd7ac-groupManagement] INFO  storage.RaftStorageDirectory (RaftStorageDirectoryImpl.java:analyzeStorage(138)) - The storage directory /home/runner/work/ozone/ozone/hadoop-ozone/integration-test/target/test-dir/MiniOzoneClusterImpl-4444f751-856d-4595-ad15-e87fc76049bc/ozone-meta/datanode-7/ratis/7bd19e24-d539-410e-99a1-940108511468 does not exist. Creating ...
2024-04-28 12:45:31,293 [2888e557-450c-42c6-ab50-0bca692fd7ac-groupManagement] INFO  storage.RaftStorageDirectory (RaftStorageDirectoryImpl.java:tryLock(228)) - Lock on /home/runner/work/ozone/ozone/hadoop-ozone/integration-test/target/test-dir/MiniOzoneClusterImpl-4444f751-856d-4595-ad15-e87fc76049bc/ozone-meta/datanode-7/ratis/7bd19e24-d539-410e-99a1-940108511468/in_use.lock acquired by nodename 21404@fv-az1392-52
2024-04-28 12:45:31,294 [2888e557-450c-42c6-ab50-0bca692fd7ac-groupManagement] INFO  storage.RaftStorage (RaftStorageImpl.java:format(99)) - Storage directory /home/runner/work/ozone/ozone/hadoop-ozone/integration-test/target/test-dir/MiniOzoneClusterImpl-4444f751-856d-4595-ad15-e87fc76049bc/ozone-meta/datanode-7/ratis/7bd19e24-d539-410e-99a1-940108511468 has been successfully formatted.
2024-04-28 12:45:31,294 [2888e557-450c-42c6-ab50-0bca692fd7ac-groupManagement] WARN  util.FileUtils (LogUtils.java:supplyAndLog(63)) - Failed to Files.newInputStream /home/runner/work/ozone/ozone/hadoop-ozone/integration-test/target/test-dir/MiniOzoneClusterImpl-4444f751-856d-4595-ad15-e87fc76049bc/ozone-meta/datanode-7/ratis/7bd19e24-d539-410e-99a1-940108511468/current/raft-meta.conf with options []: java.nio.file.NoSuchFileException: /home/runner/work/ozone/ozone/hadoop-ozone/integration-test/target/test-dir/MiniOzoneClusterImpl-4444f751-856d-4595-ad15-e87fc76049bc/ozone-meta/datanode-7/ratis/7bd19e24-d539-410e-99a1-940108511468/current/raft-meta.conf
2024-04-28 12:45:31,294 [2888e557-450c-42c6-ab50-0bca692fd7ac-groupManagement] INFO  ratis.ContainerStateMachine (ContainerStateMachine.java:loadSnapshot(287)) - group-940108511468: The snapshot info is null. Setting the last applied index to:(t:0, i:~)
2024-04-28 12:45:31,294 [2888e557-450c-42c6-ab50-0bca692fd7ac-groupManagement] INFO  server.RaftServerConfigKeys (ConfUtils.java:logGet(46)) - raft.server.log.use.memory = false (default)
2024-04-28 12:45:31,294 [2888e557-450c-42c6-ab50-0bca692fd7ac-groupManagement] INFO  server.RaftServerConfigKeys (ConfUtils.java:logGet(46)) - raft.server.log.purge.gap = 1000000 (custom)
2024-04-28 12:45:31,294 [2888e557-450c-42c6-ab50-0bca692fd7ac-groupManagement] INFO  server.RaftServerConfigKeys (ConfUtils.java:logGet(46)) - raft.server.log.appender.buffer.byte-limit = 8388608 (custom)
2024-04-28 12:45:31,294 [2888e557-450c-42c6-ab50-0bca692fd7ac-groupManagement] INFO  server.RaftServerConfigKeys (ConfUtils.java:logGet(46)) - raft.server.log.statemachine.data.read.timeout = 1000ms (default)
2024-04-28 12:45:31,294 [2888e557-450c-42c6-ab50-0bca692fd7ac-groupManagement] INFO  server.RaftServerConfigKeys (ConfUtils.java:logGet(46)) - raft.server.log.purge.preservation.log.num = 0 (default)
2024-04-28 12:45:31,295 [EventQueue-OpenPipelineForHealthyPipelineSafeModeRule] INFO  safemode.SCMSafeModeManager (HealthyPipelineSafeModeRule.java:process(140)) - SCM in safe mode. Healthy pipelines reported count is 0, required healthy pipeline reported count is 1
2024-04-28 12:45:31,295 [2888e557-450c-42c6-ab50-0bca692fd7ac-groupManagement] INFO  server.RaftServerConfigKeys (ConfUtils.java:logGet(46)) - raft.server.log.segment.size.max = 67108864 (custom)
2024-04-28 12:45:31,296 [2888e557-450c-42c6-ab50-0bca692fd7ac-groupManagement] INFO  server.RaftServerConfigKeys (ConfUtils.java:logGet(46)) - raft.server.log.segment.cache.num.max = 2 (custom)
2024-04-28 12:45:31,296 [2888e557-450c-42c6-ab50-0bca692fd7ac-groupManagement] INFO  server.RaftServerConfigKeys (ConfUtils.java:logGet(46)) - raft.server.log.segment.cache.size.max = 200MB (=209715200) (default)
2024-04-28 12:45:31,296 [2888e557-450c-42c6-ab50-0bca692fd7ac-groupManagement] INFO  server.RaftServerConfigKeys (ConfUtils.java:logGet(46)) - raft.server.log.appender.buffer.byte-limit = 8388608 (custom)
2024-04-28 12:45:31,296 [2888e557-450c-42c6-ab50-0bca692fd7ac-groupManagement] INFO  util.AwaitToRun (AwaitToRun.java:start(81)) - Thread[2888e557-450c-42c6-ab50-0bca692fd7ac@group-940108511468-cacheEviction-AwaitToRun,5,main] started
2024-04-28 12:45:31,296 [2888e557-450c-42c6-ab50-0bca692fd7ac-groupManagement] INFO  segmented.SegmentedRaftLogWorker (SegmentedRaftLogWorker.java:<init>(182)) - new 2888e557-450c-42c6-ab50-0bca692fd7ac@group-940108511468-SegmentedRaftLogWorker for RaftStorageImpl:Storage Directory /home/runner/work/ozone/ozone/hadoop-ozone/integration-test/target/test-dir/MiniOzoneClusterImpl-4444f751-856d-4595-ad15-e87fc76049bc/ozone-meta/datanode-7/ratis/7bd19e24-d539-410e-99a1-940108511468
2024-04-28 12:45:31,296 [2888e557-450c-42c6-ab50-0bca692fd7ac-groupManagement] INFO  server.RaftServerConfigKeys (ConfUtils.java:logGet(46)) - raft.server.log.queue.byte-limit = 4294967296 (custom)
2024-04-28 12:45:31,296 [2888e557-450c-42c6-ab50-0bca692fd7ac-groupManagement] INFO  server.RaftServerConfigKeys (ConfUtils.java:logGet(46)) - raft.server.log.queue.element-limit = 1024 (custom)
2024-04-28 12:45:31,296 [2888e557-450c-42c6-ab50-0bca692fd7ac-groupManagement] INFO  server.RaftServerConfigKeys (ConfUtils.java:logGet(46)) - raft.server.log.segment.size.max = 67108864 (custom)
2024-04-28 12:45:31,296 [2888e557-450c-42c6-ab50-0bca692fd7ac-groupManagement] INFO  server.RaftServerConfigKeys (ConfUtils.java:logGet(46)) - raft.server.log.preallocated.size = 4194304 (custom)
2024-04-28 12:45:31,296 [2888e557-450c-42c6-ab50-0bca692fd7ac-groupManagement] INFO  server.RaftServerConfigKeys (ConfUtils.java:logGet(46)) - raft.server.log.force.sync.num = 128 (default)
2024-04-28 12:45:31,296 [2888e557-450c-42c6-ab50-0bca692fd7ac-groupManagement] INFO  server.RaftServerConfigKeys (ConfUtils.java:logGet(46)) - raft.server.log.statemachine.data.sync = true (default)
2024-04-28 12:45:31,296 [2888e557-450c-42c6-ab50-0bca692fd7ac-groupManagement] INFO  server.RaftServerConfigKeys (ConfUtils.java:logGet(46)) - raft.server.log.statemachine.data.sync.timeout = 10s (default)
2024-04-28 12:45:31,296 [2888e557-450c-42c6-ab50-0bca692fd7ac-groupManagement] INFO  server.RaftServerConfigKeys (ConfUtils.java:logGet(46)) - raft.server.log.statemachine.data.sync.timeout.retry = 30 (custom)
2024-04-28 12:45:31,296 [2888e557-450c-42c6-ab50-0bca692fd7ac-groupManagement] INFO  server.RaftServerConfigKeys (ConfUtils.java:logGet(46)) - raft.server.log.write.buffer.size = 8388616 (custom)
2024-04-28 12:45:31,298 [2888e557-450c-42c6-ab50-0bca692fd7ac-groupManagement] INFO  server.RaftServerConfigKeys (ConfUtils.java:logGet(46)) - raft.server.log.appender.buffer.byte-limit = 8388608 (custom)
2024-04-28 12:45:31,298 [2888e557-450c-42c6-ab50-0bca692fd7ac-groupManagement] INFO  server.RaftServerConfigKeys (ConfUtils.java:logGet(46)) - raft.server.log.unsafe-flush.enabled = false (default)
2024-04-28 12:45:31,298 [2888e557-450c-42c6-ab50-0bca692fd7ac-groupManagement] INFO  server.RaftServerConfigKeys (ConfUtils.java:logGet(46)) - raft.server.log.async-flush.enabled = false (default)
2024-04-28 12:45:31,298 [2888e557-450c-42c6-ab50-0bca692fd7ac-groupManagement] INFO  server.RaftServerConfigKeys (ConfUtils.java:logGet(46)) - raft.server.log.statemachine.data.caching.enabled = true (custom)
2024-04-28 12:45:31,298 [2888e557-450c-42c6-ab50-0bca692fd7ac-groupManagement] INFO  segmented.SegmentedRaftLogWorker (SegmentedRaftLogWorker.java:lambda$new$0(134)) - 2888e557-450c-42c6-ab50-0bca692fd7ac@group-940108511468-SegmentedRaftLogWorker: flushIndex: setUnconditionally 0 -> -1
2024-04-28 12:45:31,298 [2888e557-450c-42c6-ab50-0bca692fd7ac-groupManagement] INFO  segmented.SegmentedRaftLogWorker (SegmentedRaftLogWorker.java:lambda$new$0(134)) - 2888e557-450c-42c6-ab50-0bca692fd7ac@group-940108511468-SegmentedRaftLogWorker: safeCacheEvictIndex: setUnconditionally 0 -> -1
2024-04-28 12:45:31,298 [2888e557-450c-42c6-ab50-0bca692fd7ac-groupManagement] INFO  server.RaftServer$Division (RaftServerImpl.java:start(396)) - 2888e557-450c-42c6-ab50-0bca692fd7ac@group-940108511468: start as a follower, conf=-1: peers:[2888e557-450c-42c6-ab50-0bca692fd7ac|127.0.0.1:15424, 5986eb43-6756-4d1a-9985-b2bcfc70d88f|127.0.0.1:15442, a03ae040-0cc1-4c22-85ff-5ac1eba35bae|127.0.0.1:15433]|listeners:[], old=null
2024-04-28 12:45:31,298 [2888e557-450c-42c6-ab50-0bca692fd7ac-groupManagement] INFO  server.RaftServer$Division (RaftServerImpl.java:setRole(383)) - 2888e557-450c-42c6-ab50-0bca692fd7ac@group-940108511468: changes role from      null to FOLLOWER at term 0 for startAsFollower
2024-04-28 12:45:31,298 [2888e557-450c-42c6-ab50-0bca692fd7ac-groupManagement] INFO  impl.RoleInfo (RoleInfo.java:updateAndGet(139)) - 2888e557-450c-42c6-ab50-0bca692fd7ac: start 2888e557-450c-42c6-ab50-0bca692fd7ac@group-940108511468-FollowerState
2024-04-28 12:45:31,298 [2888e557-450c-42c6-ab50-0bca692fd7ac-groupManagement] INFO  util.JmxRegister (JmxRegister.java:tryRegister(44)) - Successfully registered JMX Bean with object name Ratis:service=RaftServer,group=group-940108511468,id=2888e557-450c-42c6-ab50-0bca692fd7ac
2024-04-28 12:45:31,299 [2888e557-450c-42c6-ab50-0bca692fd7ac-groupManagement] INFO  server.RaftServerConfigKeys (ConfUtils.java:logGet(46)) - raft.server.snapshot.trigger-when-stop.enabled = true (default)
2024-04-28 12:45:31,299 [2888e557-450c-42c6-ab50-0bca692fd7ac-groupManagement] INFO  server.RaftServerConfigKeys (ConfUtils.java:logGet(46)) - raft.server.snapshot.auto.trigger.enabled = true (custom)
2024-04-28 12:45:31,299 [2888e557-450c-42c6-ab50-0bca692fd7ac-groupManagement] INFO  server.RaftServerConfigKeys (ConfUtils.java:logGet(46)) - raft.server.snapshot.auto.trigger.threshold = 10000 (custom)
2024-04-28 12:45:31,299 [2888e557-450c-42c6-ab50-0bca692fd7ac-groupManagement] INFO  server.RaftServerConfigKeys (ConfUtils.java:logGet(46)) - raft.server.snapshot.retention.file.num = 5 (custom)
2024-04-28 12:45:31,299 [2888e557-450c-42c6-ab50-0bca692fd7ac-groupManagement] INFO  server.RaftServerConfigKeys (ConfUtils.java:logGet(46)) - raft.server.log.purge.upto.snapshot.index = false (default)
2024-04-28 12:45:31,299 [2888e557-450c-42c6-ab50-0bca692fd7ac@group-940108511468-FollowerState] INFO  server.RaftServerConfigKeys (ConfUtils.java:logFallback(53)) - raft.server.rpc.first-election.timeout.min = 5s (fallback to raft.server.rpc.timeout.min)
2024-04-28 12:45:31,299 [2888e557-450c-42c6-ab50-0bca692fd7ac@group-940108511468-FollowerState] INFO  server.RaftServerConfigKeys (ConfUtils.java:logFallback(53)) - raft.server.rpc.first-election.timeout.max = 5200ms (fallback to raft.server.rpc.timeout.max)
2024-04-28 12:45:31,299 [2888e557-450c-42c6-ab50-0bca692fd7ac-PipelineCommandHandlerThread-0] INFO  ratis.XceiverServerRatis (XceiverServerRatis.java:addGroup(864)) - Created group PipelineID=7bd19e24-d539-410e-99a1-940108511468
2024-04-28 12:45:31,307 [grpc-default-executor-0] INFO  server.RaftServer (RaftServerProxy.java:addNew(100)) - 5986eb43-6756-4d1a-9985-b2bcfc70d88f: addNew group-940108511468:[2888e557-450c-42c6-ab50-0bca692fd7ac|127.0.0.1:15424, 5986eb43-6756-4d1a-9985-b2bcfc70d88f|127.0.0.1:15442, a03ae040-0cc1-4c22-85ff-5ac1eba35bae|127.0.0.1:15433] returns group-940108511468:java.util.concurrent.CompletableFuture@3f329b20[Not completed]
2024-04-28 12:45:31,307 [5986eb43-6756-4d1a-9985-b2bcfc70d88f-groupManagement] INFO  server.RaftServer$Division (RaftServerImpl.java:<init>(256)) - 5986eb43-6756-4d1a-9985-b2bcfc70d88f: new RaftServerImpl for group-940108511468:[2888e557-450c-42c6-ab50-0bca692fd7ac|127.0.0.1:15424, 5986eb43-6756-4d1a-9985-b2bcfc70d88f|127.0.0.1:15442, a03ae040-0cc1-4c22-85ff-5ac1eba35bae|127.0.0.1:15433] with ContainerStateMachine:uninitialized
2024-04-28 12:45:31,307 [5986eb43-6756-4d1a-9985-b2bcfc70d88f-groupManagement] INFO  server.RaftServerConfigKeys (ConfUtils.java:logGet(46)) - raft.server.rpc.timeout.min = 5s (custom)
2024-04-28 12:45:31,307 [5986eb43-6756-4d1a-9985-b2bcfc70d88f-groupManagement] INFO  server.RaftServerConfigKeys (ConfUtils.java:logGet(46)) - raft.server.rpc.timeout.max = 5200ms (custom)
2024-04-28 12:45:31,307 [5986eb43-6756-4d1a-9985-b2bcfc70d88f-groupManagement] INFO  server.RaftServerConfigKeys (ConfUtils.java:logGet(46)) - raft.server.rpc.sleep.time = 25ms (default)
2024-04-28 12:45:31,307 [5986eb43-6756-4d1a-9985-b2bcfc70d88f-groupManagement] INFO  server.RaftServerConfigKeys (ConfUtils.java:logGet(46)) - raft.server.rpc.slowness.timeout = 300000ms (custom)
2024-04-28 12:45:31,307 [5986eb43-6756-4d1a-9985-b2bcfc70d88f-groupManagement] INFO  server.RaftServerConfigKeys (ConfUtils.java:logGet(46)) - raft.server.leaderelection.leader.step-down.wait-time = 10s (default)
2024-04-28 12:45:31,307 [5986eb43-6756-4d1a-9985-b2bcfc70d88f-groupManagement] INFO  server.RaftServerConfigKeys (ConfUtils.java:logGet(46)) - raft.server.leaderelection.member.majority-add = false (default)
2024-04-28 12:45:31,307 [5986eb43-6756-4d1a-9985-b2bcfc70d88f-groupManagement] INFO  server.RaftServerConfigKeys (ConfUtils.java:logGet(46)) - raft.server.sleep.deviation.threshold = 300ms (default)
2024-04-28 12:45:31,307 [5986eb43-6756-4d1a-9985-b2bcfc70d88f-groupManagement] INFO  server.RaftServer$Division (ServerState.java:<init>(113)) - 5986eb43-6756-4d1a-9985-b2bcfc70d88f@group-940108511468: ConfigurationManager, init=-1: peers:[2888e557-450c-42c6-ab50-0bca692fd7ac|127.0.0.1:15424, 5986eb43-6756-4d1a-9985-b2bcfc70d88f|127.0.0.1:15442, a03ae040-0cc1-4c22-85ff-5ac1eba35bae|127.0.0.1:15433]|listeners:[], old=null, confs=<EMPTY_MAP>
2024-04-28 12:45:31,308 [5986eb43-6756-4d1a-9985-b2bcfc70d88f-groupManagement] INFO  server.RaftServerConfigKeys (ConfUtils.java:logGet(46)) - raft.server.notification.no-leader.timeout = 300000ms (custom)
2024-04-28 12:45:31,308 [5986eb43-6756-4d1a-9985-b2bcfc70d88f-groupManagement] INFO  server.RaftServerConfigKeys (ConfUtils.java:logGet(46)) - raft.server.read.timeout = 10s (default)
2024-04-28 12:45:31,308 [5986eb43-6756-4d1a-9985-b2bcfc70d88f-groupManagement] INFO  server.RaftServerConfigKeys (ConfUtils.java:logGet(46)) - raft.server.retrycache.expirytime = 600000ms (custom)
2024-04-28 12:45:31,308 [5986eb43-6756-4d1a-9985-b2bcfc70d88f-groupManagement] INFO  server.RaftServerConfigKeys (ConfUtils.java:logGet(46)) - raft.server.retrycache.statistics.expirytime = 100ms (default)
2024-04-28 12:45:31,308 [5986eb43-6756-4d1a-9985-b2bcfc70d88f-groupManagement] INFO  server.RaftServerConfigKeys (ConfUtils.java:logGet(46)) - raft.server.read.option = DEFAULT (default)
2024-04-28 12:45:31,308 [5986eb43-6756-4d1a-9985-b2bcfc70d88f-groupManagement] INFO  server.RaftServerConfigKeys (ConfUtils.java:logGet(46)) - raft.server.read.read-after-write-consistent.write-index-cache.expiry-time = 60s (default)
2024-04-28 12:45:31,309 [5986eb43-6756-4d1a-9985-b2bcfc70d88f-groupManagement] INFO  server.RaftServerConfigKeys (ConfUtils.java:logGet(46)) - raft.server.rpc.request.timeout = 3000ms (default)
2024-04-28 12:45:31,309 [5986eb43-6756-4d1a-9985-b2bcfc70d88f-groupManagement] INFO  server.RaftServerConfigKeys (ConfUtils.java:logGet(46)) - raft.server.log.appender.install.snapshot.enabled = false (custom)
2024-04-28 12:45:31,309 [5986eb43-6756-4d1a-9985-b2bcfc70d88f-groupManagement] INFO  server.RaftServerConfigKeys (ConfUtils.java:logGet(46)) - raft.server.threadpool.server.cached = true (default)
2024-04-28 12:45:31,309 [5986eb43-6756-4d1a-9985-b2bcfc70d88f-groupManagement] INFO  server.RaftServerConfigKeys (ConfUtils.java:logGet(46)) - raft.server.threadpool.server.size = 0 (default)
2024-04-28 12:45:31,309 [5986eb43-6756-4d1a-9985-b2bcfc70d88f-groupManagement] INFO  server.RaftServerConfigKeys (ConfUtils.java:logGet(46)) - raft.server.threadpool.client.cached = true (default)
2024-04-28 12:45:31,309 [5986eb43-6756-4d1a-9985-b2bcfc70d88f-groupManagement] INFO  server.RaftServerConfigKeys (ConfUtils.java:logGet(46)) - raft.server.threadpool.client.size = 0 (default)
2024-04-28 12:45:31,309 [5986eb43-6756-4d1a-9985-b2bcfc70d88f-groupManagement] INFO  server.RaftServerConfigKeys (ConfUtils.java:logGet(46)) - raft.server.storage.free-space.min = 0MB (=0) (default)
2024-04-28 12:45:31,310 [5986eb43-6756-4d1a-9985-b2bcfc70d88f-groupManagement] INFO  server.RaftServerConfigKeys (ConfUtils.java:logGet(46)) - raft.server.log.corruption.policy = EXCEPTION (default)
2024-04-28 12:45:31,310 [5986eb43-6756-4d1a-9985-b2bcfc70d88f-groupManagement] INFO  server.RaftServerConfigKeys (ConfUtils.java:logGet(46)) - raft.server.storage.dir = [/home/runner/work/ozone/ozone/hadoop-ozone/integration-test/target/test-dir/MiniOzoneClusterImpl-4444f751-856d-4595-ad15-e87fc76049bc/ozone-meta/datanode-9/ratis] (custom)
2024-04-28 12:45:31,310 [5986eb43-6756-4d1a-9985-b2bcfc70d88f-groupManagement] INFO  storage.RaftStorageDirectory (RaftStorageDirectoryImpl.java:analyzeStorage(138)) - The storage directory /home/runner/work/ozone/ozone/hadoop-ozone/integration-test/target/test-dir/MiniOzoneClusterImpl-4444f751-856d-4595-ad15-e87fc76049bc/ozone-meta/datanode-9/ratis/7bd19e24-d539-410e-99a1-940108511468 does not exist. Creating ...
2024-04-28 12:45:31,310 [5986eb43-6756-4d1a-9985-b2bcfc70d88f-groupManagement] INFO  storage.RaftStorageDirectory (RaftStorageDirectoryImpl.java:tryLock(228)) - Lock on /home/runner/work/ozone/ozone/hadoop-ozone/integration-test/target/test-dir/MiniOzoneClusterImpl-4444f751-856d-4595-ad15-e87fc76049bc/ozone-meta/datanode-9/ratis/7bd19e24-d539-410e-99a1-940108511468/in_use.lock acquired by nodename 21404@fv-az1392-52
2024-04-28 12:45:31,311 [5986eb43-6756-4d1a-9985-b2bcfc70d88f-groupManagement] INFO  storage.RaftStorage (RaftStorageImpl.java:format(99)) - Storage directory /home/runner/work/ozone/ozone/hadoop-ozone/integration-test/target/test-dir/MiniOzoneClusterImpl-4444f751-856d-4595-ad15-e87fc76049bc/ozone-meta/datanode-9/ratis/7bd19e24-d539-410e-99a1-940108511468 has been successfully formatted.
2024-04-28 12:45:31,311 [5986eb43-6756-4d1a-9985-b2bcfc70d88f-groupManagement] WARN  util.FileUtils (LogUtils.java:supplyAndLog(63)) - Failed to Files.newInputStream /home/runner/work/ozone/ozone/hadoop-ozone/integration-test/target/test-dir/MiniOzoneClusterImpl-4444f751-856d-4595-ad15-e87fc76049bc/ozone-meta/datanode-9/ratis/7bd19e24-d539-410e-99a1-940108511468/current/raft-meta.conf with options []: java.nio.file.NoSuchFileException: /home/runner/work/ozone/ozone/hadoop-ozone/integration-test/target/test-dir/MiniOzoneClusterImpl-4444f751-856d-4595-ad15-e87fc76049bc/ozone-meta/datanode-9/ratis/7bd19e24-d539-410e-99a1-940108511468/current/raft-meta.conf
2024-04-28 12:45:31,312 [5986eb43-6756-4d1a-9985-b2bcfc70d88f-groupManagement] INFO  ratis.ContainerStateMachine (ContainerStateMachine.java:loadSnapshot(287)) - group-940108511468: The snapshot info is null. Setting the last applied index to:(t:0, i:~)
2024-04-28 12:45:31,312 [5986eb43-6756-4d1a-9985-b2bcfc70d88f-groupManagement] INFO  server.RaftServerConfigKeys (ConfUtils.java:logGet(46)) - raft.server.log.use.memory = false (default)
2024-04-28 12:45:31,312 [5986eb43-6756-4d1a-9985-b2bcfc70d88f-groupManagement] INFO  server.RaftServerConfigKeys (ConfUtils.java:logGet(46)) - raft.server.log.purge.gap = 1000000 (custom)
2024-04-28 12:45:31,312 [5986eb43-6756-4d1a-9985-b2bcfc70d88f-groupManagement] INFO  server.RaftServerConfigKeys (ConfUtils.java:logGet(46)) - raft.server.log.appender.buffer.byte-limit = 8388608 (custom)
2024-04-28 12:45:31,312 [5986eb43-6756-4d1a-9985-b2bcfc70d88f-groupManagement] INFO  server.RaftServerConfigKeys (ConfUtils.java:logGet(46)) - raft.server.log.statemachine.data.read.timeout = 1000ms (default)
2024-04-28 12:45:31,312 [5986eb43-6756-4d1a-9985-b2bcfc70d88f-groupManagement] INFO  server.RaftServerConfigKeys (ConfUtils.java:logGet(46)) - raft.server.log.purge.preservation.log.num = 0 (default)
2024-04-28 12:45:31,313 [5986eb43-6756-4d1a-9985-b2bcfc70d88f-groupManagement] INFO  server.RaftServerConfigKeys (ConfUtils.java:logGet(46)) - raft.server.log.segment.size.max = 67108864 (custom)
2024-04-28 12:45:31,313 [5986eb43-6756-4d1a-9985-b2bcfc70d88f-groupManagement] INFO  server.RaftServerConfigKeys (ConfUtils.java:logGet(46)) - raft.server.log.segment.cache.num.max = 2 (custom)
2024-04-28 12:45:31,313 [5986eb43-6756-4d1a-9985-b2bcfc70d88f-groupManagement] INFO  server.RaftServerConfigKeys (ConfUtils.java:logGet(46)) - raft.server.log.segment.cache.size.max = 200MB (=209715200) (default)
2024-04-28 12:45:31,313 [5986eb43-6756-4d1a-9985-b2bcfc70d88f-groupManagement] INFO  server.RaftServerConfigKeys (ConfUtils.java:logGet(46)) - raft.server.log.appender.buffer.byte-limit = 8388608 (custom)
2024-04-28 12:45:31,314 [5986eb43-6756-4d1a-9985-b2bcfc70d88f-groupManagement] INFO  util.AwaitToRun (AwaitToRun.java:start(81)) - Thread[5986eb43-6756-4d1a-9985-b2bcfc70d88f@group-940108511468-cacheEviction-AwaitToRun,5,main] started
2024-04-28 12:45:31,314 [5986eb43-6756-4d1a-9985-b2bcfc70d88f-groupManagement] INFO  segmented.SegmentedRaftLogWorker (SegmentedRaftLogWorker.java:<init>(182)) - new 5986eb43-6756-4d1a-9985-b2bcfc70d88f@group-940108511468-SegmentedRaftLogWorker for RaftStorageImpl:Storage Directory /home/runner/work/ozone/ozone/hadoop-ozone/integration-test/target/test-dir/MiniOzoneClusterImpl-4444f751-856d-4595-ad15-e87fc76049bc/ozone-meta/datanode-9/ratis/7bd19e24-d539-410e-99a1-940108511468
2024-04-28 12:45:31,314 [5986eb43-6756-4d1a-9985-b2bcfc70d88f-groupManagement] INFO  server.RaftServerConfigKeys (ConfUtils.java:logGet(46)) - raft.server.log.queue.byte-limit = 4294967296 (custom)
2024-04-28 12:45:31,314 [5986eb43-6756-4d1a-9985-b2bcfc70d88f-groupManagement] INFO  server.RaftServerConfigKeys (ConfUtils.java:logGet(46)) - raft.server.log.queue.element-limit = 1024 (custom)
2024-04-28 12:45:31,314 [5986eb43-6756-4d1a-9985-b2bcfc70d88f-groupManagement] INFO  server.RaftServerConfigKeys (ConfUtils.java:logGet(46)) - raft.server.log.segment.size.max = 67108864 (custom)
2024-04-28 12:45:31,314 [5986eb43-6756-4d1a-9985-b2bcfc70d88f-groupManagement] INFO  server.RaftServerConfigKeys (ConfUtils.java:logGet(46)) - raft.server.log.preallocated.size = 4194304 (custom)
2024-04-28 12:45:31,314 [5986eb43-6756-4d1a-9985-b2bcfc70d88f-groupManagement] INFO  server.RaftServerConfigKeys (ConfUtils.java:logGet(46)) - raft.server.log.force.sync.num = 128 (default)
2024-04-28 12:45:31,314 [5986eb43-6756-4d1a-9985-b2bcfc70d88f-groupManagement] INFO  server.RaftServerConfigKeys (ConfUtils.java:logGet(46)) - raft.server.log.statemachine.data.sync = true (default)
2024-04-28 12:45:31,314 [5986eb43-6756-4d1a-9985-b2bcfc70d88f-groupManagement] INFO  server.RaftServerConfigKeys (ConfUtils.java:logGet(46)) - raft.server.log.statemachine.data.sync.timeout = 10s (default)
2024-04-28 12:45:31,314 [5986eb43-6756-4d1a-9985-b2bcfc70d88f-groupManagement] INFO  server.RaftServerConfigKeys (ConfUtils.java:logGet(46)) - raft.server.log.statemachine.data.sync.timeout.retry = 30 (custom)
2024-04-28 12:45:31,314 [5986eb43-6756-4d1a-9985-b2bcfc70d88f-groupManagement] INFO  server.RaftServerConfigKeys (ConfUtils.java:logGet(46)) - raft.server.log.write.buffer.size = 8388616 (custom)
2024-04-28 12:45:31,315 [5986eb43-6756-4d1a-9985-b2bcfc70d88f-groupManagement] INFO  server.RaftServerConfigKeys (ConfUtils.java:logGet(46)) - raft.server.log.appender.buffer.byte-limit = 8388608 (custom)
2024-04-28 12:45:31,315 [5986eb43-6756-4d1a-9985-b2bcfc70d88f-groupManagement] INFO  server.RaftServerConfigKeys (ConfUtils.java:logGet(46)) - raft.server.log.unsafe-flush.enabled = false (default)
2024-04-28 12:45:31,315 [5986eb43-6756-4d1a-9985-b2bcfc70d88f-groupManagement] INFO  server.RaftServerConfigKeys (ConfUtils.java:logGet(46)) - raft.server.log.async-flush.enabled = false (default)
2024-04-28 12:45:31,315 [5986eb43-6756-4d1a-9985-b2bcfc70d88f-groupManagement] INFO  server.RaftServerConfigKeys (ConfUtils.java:logGet(46)) - raft.server.log.statemachine.data.caching.enabled = true (custom)
2024-04-28 12:45:31,315 [5986eb43-6756-4d1a-9985-b2bcfc70d88f-groupManagement] INFO  segmented.SegmentedRaftLogWorker (SegmentedRaftLogWorker.java:lambda$new$0(134)) - 5986eb43-6756-4d1a-9985-b2bcfc70d88f@group-940108511468-SegmentedRaftLogWorker: flushIndex: setUnconditionally 0 -> -1
2024-04-28 12:45:31,316 [5986eb43-6756-4d1a-9985-b2bcfc70d88f-groupManagement] INFO  segmented.SegmentedRaftLogWorker (SegmentedRaftLogWorker.java:lambda$new$0(134)) - 5986eb43-6756-4d1a-9985-b2bcfc70d88f@group-940108511468-SegmentedRaftLogWorker: safeCacheEvictIndex: setUnconditionally 0 -> -1
2024-04-28 12:45:31,316 [5986eb43-6756-4d1a-9985-b2bcfc70d88f-groupManagement] INFO  server.RaftServer$Division (RaftServerImpl.java:start(396)) - 5986eb43-6756-4d1a-9985-b2bcfc70d88f@group-940108511468: start as a follower, conf=-1: peers:[2888e557-450c-42c6-ab50-0bca692fd7ac|127.0.0.1:15424, 5986eb43-6756-4d1a-9985-b2bcfc70d88f|127.0.0.1:15442, a03ae040-0cc1-4c22-85ff-5ac1eba35bae|127.0.0.1:15433]|listeners:[], old=null
2024-04-28 12:45:31,316 [5986eb43-6756-4d1a-9985-b2bcfc70d88f-groupManagement] INFO  server.RaftServer$Division (RaftServerImpl.java:setRole(383)) - 5986eb43-6756-4d1a-9985-b2bcfc70d88f@group-940108511468: changes role from      null to FOLLOWER at term 0 for startAsFollower
2024-04-28 12:45:31,316 [5986eb43-6756-4d1a-9985-b2bcfc70d88f-groupManagement] INFO  impl.RoleInfo (RoleInfo.java:updateAndGet(139)) - 5986eb43-6756-4d1a-9985-b2bcfc70d88f: start 5986eb43-6756-4d1a-9985-b2bcfc70d88f@group-940108511468-FollowerState
2024-04-28 12:45:31,316 [5986eb43-6756-4d1a-9985-b2bcfc70d88f-groupManagement] INFO  util.JmxRegister (JmxRegister.java:tryRegister(44)) - Successfully registered JMX Bean with object name Ratis:service=RaftServer,group=group-940108511468,id=5986eb43-6756-4d1a-9985-b2bcfc70d88f
2024-04-28 12:45:31,316 [5986eb43-6756-4d1a-9985-b2bcfc70d88f@group-940108511468-FollowerState] INFO  server.RaftServerConfigKeys (ConfUtils.java:logFallback(53)) - raft.server.rpc.first-election.timeout.min = 5s (fallback to raft.server.rpc.timeout.min)
2024-04-28 12:45:31,316 [5986eb43-6756-4d1a-9985-b2bcfc70d88f@group-940108511468-FollowerState] INFO  server.RaftServerConfigKeys (ConfUtils.java:logFallback(53)) - raft.server.rpc.first-election.timeout.max = 5200ms (fallback to raft.server.rpc.timeout.max)
2024-04-28 12:45:31,316 [5986eb43-6756-4d1a-9985-b2bcfc70d88f-groupManagement] INFO  server.RaftServerConfigKeys (ConfUtils.java:logGet(46)) - raft.server.snapshot.trigger-when-stop.enabled = true (default)
2024-04-28 12:45:31,316 [5986eb43-6756-4d1a-9985-b2bcfc70d88f-groupManagement] INFO  server.RaftServerConfigKeys (ConfUtils.java:logGet(46)) - raft.server.snapshot.auto.trigger.enabled = true (custom)
2024-04-28 12:45:31,316 [5986eb43-6756-4d1a-9985-b2bcfc70d88f-groupManagement] INFO  server.RaftServerConfigKeys (ConfUtils.java:logGet(46)) - raft.server.snapshot.auto.trigger.threshold = 10000 (custom)
2024-04-28 12:45:31,316 [5986eb43-6756-4d1a-9985-b2bcfc70d88f-groupManagement] INFO  server.RaftServerConfigKeys (ConfUtils.java:logGet(46)) - raft.server.snapshot.retention.file.num = 5 (custom)
2024-04-28 12:45:31,316 [5986eb43-6756-4d1a-9985-b2bcfc70d88f-groupManagement] INFO  server.RaftServerConfigKeys (ConfUtils.java:logGet(46)) - raft.server.log.purge.upto.snapshot.index = false (default)
2024-04-28 12:45:31,322 [grpc-default-executor-0] INFO  server.RaftServer (RaftServerProxy.java:addNew(100)) - a03ae040-0cc1-4c22-85ff-5ac1eba35bae: addNew group-940108511468:[2888e557-450c-42c6-ab50-0bca692fd7ac|127.0.0.1:15424, 5986eb43-6756-4d1a-9985-b2bcfc70d88f|127.0.0.1:15442, a03ae040-0cc1-4c22-85ff-5ac1eba35bae|127.0.0.1:15433] returns group-940108511468:java.util.concurrent.CompletableFuture@701f8360[Not completed]
2024-04-28 12:45:31,323 [a03ae040-0cc1-4c22-85ff-5ac1eba35bae-groupManagement] INFO  server.RaftServer$Division (RaftServerImpl.java:<init>(256)) - a03ae040-0cc1-4c22-85ff-5ac1eba35bae: new RaftServerImpl for group-940108511468:[2888e557-450c-42c6-ab50-0bca692fd7ac|127.0.0.1:15424, 5986eb43-6756-4d1a-9985-b2bcfc70d88f|127.0.0.1:15442, a03ae040-0cc1-4c22-85ff-5ac1eba35bae|127.0.0.1:15433] with ContainerStateMachine:uninitialized
2024-04-28 12:45:31,323 [a03ae040-0cc1-4c22-85ff-5ac1eba35bae-groupManagement] INFO  server.RaftServerConfigKeys (ConfUtils.java:logGet(46)) - raft.server.rpc.timeout.min = 5s (custom)
2024-04-28 12:45:31,323 [a03ae040-0cc1-4c22-85ff-5ac1eba35bae-groupManagement] INFO  server.RaftServerConfigKeys (ConfUtils.java:logGet(46)) - raft.server.rpc.timeout.max = 5200ms (custom)
2024-04-28 12:45:31,323 [a03ae040-0cc1-4c22-85ff-5ac1eba35bae-groupManagement] INFO  server.RaftServerConfigKeys (ConfUtils.java:logGet(46)) - raft.server.rpc.sleep.time = 25ms (default)
2024-04-28 12:45:31,323 [a03ae040-0cc1-4c22-85ff-5ac1eba35bae-groupManagement] INFO  server.RaftServerConfigKeys (ConfUtils.java:logGet(46)) - raft.server.rpc.slowness.timeout = 300000ms (custom)
2024-04-28 12:45:31,323 [a03ae040-0cc1-4c22-85ff-5ac1eba35bae-groupManagement] INFO  server.RaftServerConfigKeys (ConfUtils.java:logGet(46)) - raft.server.leaderelection.leader.step-down.wait-time = 10s (default)
2024-04-28 12:45:31,323 [a03ae040-0cc1-4c22-85ff-5ac1eba35bae-groupManagement] INFO  server.RaftServerConfigKeys (ConfUtils.java:logGet(46)) - raft.server.leaderelection.member.majority-add = false (default)
2024-04-28 12:45:31,323 [a03ae040-0cc1-4c22-85ff-5ac1eba35bae-groupManagement] INFO  server.RaftServerConfigKeys (ConfUtils.java:logGet(46)) - raft.server.sleep.deviation.threshold = 300ms (default)
2024-04-28 12:45:31,323 [a03ae040-0cc1-4c22-85ff-5ac1eba35bae-groupManagement] INFO  server.RaftServer$Division (ServerState.java:<init>(113)) - a03ae040-0cc1-4c22-85ff-5ac1eba35bae@group-940108511468: ConfigurationManager, init=-1: peers:[2888e557-450c-42c6-ab50-0bca692fd7ac|127.0.0.1:15424, 5986eb43-6756-4d1a-9985-b2bcfc70d88f|127.0.0.1:15442, a03ae040-0cc1-4c22-85ff-5ac1eba35bae|127.0.0.1:15433]|listeners:[], old=null, confs=<EMPTY_MAP>
2024-04-28 12:45:31,324 [a03ae040-0cc1-4c22-85ff-5ac1eba35bae-groupManagement] INFO  server.RaftServerConfigKeys (ConfUtils.java:logGet(46)) - raft.server.notification.no-leader.timeout = 300000ms (custom)
2024-04-28 12:45:31,324 [a03ae040-0cc1-4c22-85ff-5ac1eba35bae-groupManagement] INFO  server.RaftServerConfigKeys (ConfUtils.java:logGet(46)) - raft.server.read.timeout = 10s (default)
2024-04-28 12:45:31,324 [a03ae040-0cc1-4c22-85ff-5ac1eba35bae-groupManagement] INFO  server.RaftServerConfigKeys (ConfUtils.java:logGet(46)) - raft.server.retrycache.expirytime = 600000ms (custom)
2024-04-28 12:45:31,324 [a03ae040-0cc1-4c22-85ff-5ac1eba35bae-groupManagement] INFO  server.RaftServerConfigKeys (ConfUtils.java:logGet(46)) - raft.server.retrycache.statistics.expirytime = 100ms (default)
2024-04-28 12:45:31,324 [a03ae040-0cc1-4c22-85ff-5ac1eba35bae-groupManagement] INFO  server.RaftServerConfigKeys (ConfUtils.java:logGet(46)) - raft.server.read.option = DEFAULT (default)
2024-04-28 12:45:31,324 [a03ae040-0cc1-4c22-85ff-5ac1eba35bae-groupManagement] INFO  server.RaftServerConfigKeys (ConfUtils.java:logGet(46)) - raft.server.read.read-after-write-consistent.write-index-cache.expiry-time = 60s (default)
2024-04-28 12:45:31,326 [a03ae040-0cc1-4c22-85ff-5ac1eba35bae-groupManagement] INFO  server.RaftServerConfigKeys (ConfUtils.java:logGet(46)) - raft.server.rpc.request.timeout = 3000ms (default)
2024-04-28 12:45:31,326 [a03ae040-0cc1-4c22-85ff-5ac1eba35bae-groupManagement] INFO  server.RaftServerConfigKeys (ConfUtils.java:logGet(46)) - raft.server.log.appender.install.snapshot.enabled = false (custom)
2024-04-28 12:45:31,326 [a03ae040-0cc1-4c22-85ff-5ac1eba35bae-groupManagement] INFO  server.RaftServerConfigKeys (ConfUtils.java:logGet(46)) - raft.server.threadpool.server.cached = true (default)
2024-04-28 12:45:31,326 [a03ae040-0cc1-4c22-85ff-5ac1eba35bae-groupManagement] INFO  server.RaftServerConfigKeys (ConfUtils.java:logGet(46)) - raft.server.threadpool.server.size = 0 (default)
2024-04-28 12:45:31,326 [a03ae040-0cc1-4c22-85ff-5ac1eba35bae-groupManagement] INFO  server.RaftServerConfigKeys (ConfUtils.java:logGet(46)) - raft.server.threadpool.client.cached = true (default)
2024-04-28 12:45:31,326 [a03ae040-0cc1-4c22-85ff-5ac1eba35bae-groupManagement] INFO  server.RaftServerConfigKeys (ConfUtils.java:logGet(46)) - raft.server.threadpool.client.size = 0 (default)
2024-04-28 12:45:31,326 [a03ae040-0cc1-4c22-85ff-5ac1eba35bae-groupManagement] INFO  server.RaftServerConfigKeys (ConfUtils.java:logGet(46)) - raft.server.storage.free-space.min = 0MB (=0) (default)
2024-04-28 12:45:31,326 [a03ae040-0cc1-4c22-85ff-5ac1eba35bae-groupManagement] INFO  server.RaftServerConfigKeys (ConfUtils.java:logGet(46)) - raft.server.log.corruption.policy = EXCEPTION (default)
2024-04-28 12:45:31,327 [a03ae040-0cc1-4c22-85ff-5ac1eba35bae-groupManagement] INFO  server.RaftServerConfigKeys (ConfUtils.java:logGet(46)) - raft.server.storage.dir = [/home/runner/work/ozone/ozone/hadoop-ozone/integration-test/target/test-dir/MiniOzoneClusterImpl-4444f751-856d-4595-ad15-e87fc76049bc/ozone-meta/datanode-8/ratis] (custom)
2024-04-28 12:45:31,327 [a03ae040-0cc1-4c22-85ff-5ac1eba35bae-groupManagement] INFO  storage.RaftStorageDirectory (RaftStorageDirectoryImpl.java:analyzeStorage(138)) - The storage directory /home/runner/work/ozone/ozone/hadoop-ozone/integration-test/target/test-dir/MiniOzoneClusterImpl-4444f751-856d-4595-ad15-e87fc76049bc/ozone-meta/datanode-8/ratis/7bd19e24-d539-410e-99a1-940108511468 does not exist. Creating ...
2024-04-28 12:45:31,327 [a03ae040-0cc1-4c22-85ff-5ac1eba35bae-groupManagement] INFO  storage.RaftStorageDirectory (RaftStorageDirectoryImpl.java:tryLock(228)) - Lock on /home/runner/work/ozone/ozone/hadoop-ozone/integration-test/target/test-dir/MiniOzoneClusterImpl-4444f751-856d-4595-ad15-e87fc76049bc/ozone-meta/datanode-8/ratis/7bd19e24-d539-410e-99a1-940108511468/in_use.lock acquired by nodename 21404@fv-az1392-52
2024-04-28 12:45:31,328 [a03ae040-0cc1-4c22-85ff-5ac1eba35bae-PipelineCommandHandlerThread-0] INFO  server.RaftServer (RaftServerProxy.java:addNew(100)) - a03ae040-0cc1-4c22-85ff-5ac1eba35bae: addNew group-B83BA2C23833:[a03ae040-0cc1-4c22-85ff-5ac1eba35bae|127.0.0.1:15433] returns group-B83BA2C23833:java.util.concurrent.CompletableFuture@e641496[Not completed]
2024-04-28 12:45:31,330 [a03ae040-0cc1-4c22-85ff-5ac1eba35bae-groupManagement] INFO  storage.RaftStorage (RaftStorageImpl.java:format(99)) - Storage directory /home/runner/work/ozone/ozone/hadoop-ozone/integration-test/target/test-dir/MiniOzoneClusterImpl-4444f751-856d-4595-ad15-e87fc76049bc/ozone-meta/datanode-8/ratis/7bd19e24-d539-410e-99a1-940108511468 has been successfully formatted.
2024-04-28 12:45:31,330 [a03ae040-0cc1-4c22-85ff-5ac1eba35bae-groupManagement] WARN  util.FileUtils (LogUtils.java:supplyAndLog(63)) - Failed to Files.newInputStream /home/runner/work/ozone/ozone/hadoop-ozone/integration-test/target/test-dir/MiniOzoneClusterImpl-4444f751-856d-4595-ad15-e87fc76049bc/ozone-meta/datanode-8/ratis/7bd19e24-d539-410e-99a1-940108511468/current/raft-meta.conf with options []: java.nio.file.NoSuchFileException: /home/runner/work/ozone/ozone/hadoop-ozone/integration-test/target/test-dir/MiniOzoneClusterImpl-4444f751-856d-4595-ad15-e87fc76049bc/ozone-meta/datanode-8/ratis/7bd19e24-d539-410e-99a1-940108511468/current/raft-meta.conf
2024-04-28 12:45:31,330 [a03ae040-0cc1-4c22-85ff-5ac1eba35bae-groupManagement] INFO  ratis.ContainerStateMachine (ContainerStateMachine.java:loadSnapshot(287)) - group-940108511468: The snapshot info is null. Setting the last applied index to:(t:0, i:~)
2024-04-28 12:45:31,330 [a03ae040-0cc1-4c22-85ff-5ac1eba35bae-groupManagement] INFO  server.RaftServerConfigKeys (ConfUtils.java:logGet(46)) - raft.server.log.use.memory = false (default)
2024-04-28 12:45:31,331 [a03ae040-0cc1-4c22-85ff-5ac1eba35bae-groupManagement] INFO  server.RaftServerConfigKeys (ConfUtils.java:logGet(46)) - raft.server.log.purge.gap = 1000000 (custom)
2024-04-28 12:45:31,331 [a03ae040-0cc1-4c22-85ff-5ac1eba35bae-groupManagement] INFO  server.RaftServerConfigKeys (ConfUtils.java:logGet(46)) - raft.server.log.appender.buffer.byte-limit = 8388608 (custom)
2024-04-28 12:45:31,331 [a03ae040-0cc1-4c22-85ff-5ac1eba35bae-groupManagement] INFO  server.RaftServerConfigKeys (ConfUtils.java:logGet(46)) - raft.server.log.statemachine.data.read.timeout = 1000ms (default)
2024-04-28 12:45:31,331 [EventQueue-PipelineReportForPipelineReportHandler] INFO  pipeline.PipelineReportHandler (PipelineReportHandler.java:processPipelineReport(136)) - Opened pipeline PipelineID=c98f2ed8-f4e8-4981-8642-b83ba2c23833
2024-04-28 12:45:31,331 [EventQueue-OpenPipelineForHealthyPipelineSafeModeRule] INFO  safemode.SCMSafeModeManager (HealthyPipelineSafeModeRule.java:process(140)) - SCM in safe mode. Healthy pipelines reported count is 0, required healthy pipeline reported count is 1
2024-04-28 12:45:31,331 [a03ae040-0cc1-4c22-85ff-5ac1eba35bae-groupManagement] INFO  server.RaftServerConfigKeys (ConfUtils.java:logGet(46)) - raft.server.log.purge.preservation.log.num = 0 (default)
2024-04-28 12:45:31,333 [a03ae040-0cc1-4c22-85ff-5ac1eba35bae-groupManagement] INFO  server.RaftServerConfigKeys (ConfUtils.java:logGet(46)) - raft.server.log.segment.size.max = 67108864 (custom)
2024-04-28 12:45:31,333 [a03ae040-0cc1-4c22-85ff-5ac1eba35bae-groupManagement] INFO  server.RaftServerConfigKeys (ConfUtils.java:logGet(46)) - raft.server.log.segment.cache.num.max = 2 (custom)
2024-04-28 12:45:31,333 [a03ae040-0cc1-4c22-85ff-5ac1eba35bae-groupManagement] INFO  server.RaftServerConfigKeys (ConfUtils.java:logGet(46)) - raft.server.log.segment.cache.size.max = 200MB (=209715200) (default)
2024-04-28 12:45:31,333 [a03ae040-0cc1-4c22-85ff-5ac1eba35bae-groupManagement] INFO  server.RaftServerConfigKeys (ConfUtils.java:logGet(46)) - raft.server.log.appender.buffer.byte-limit = 8388608 (custom)
2024-04-28 12:45:31,333 [a03ae040-0cc1-4c22-85ff-5ac1eba35bae-groupManagement] INFO  util.AwaitToRun (AwaitToRun.java:start(81)) - Thread[a03ae040-0cc1-4c22-85ff-5ac1eba35bae@group-940108511468-cacheEviction-AwaitToRun,5,main] started
2024-04-28 12:45:31,333 [a03ae040-0cc1-4c22-85ff-5ac1eba35bae-groupManagement] INFO  segmented.SegmentedRaftLogWorker (SegmentedRaftLogWorker.java:<init>(182)) - new a03ae040-0cc1-4c22-85ff-5ac1eba35bae@group-940108511468-SegmentedRaftLogWorker for RaftStorageImpl:Storage Directory /home/runner/work/ozone/ozone/hadoop-ozone/integration-test/target/test-dir/MiniOzoneClusterImpl-4444f751-856d-4595-ad15-e87fc76049bc/ozone-meta/datanode-8/ratis/7bd19e24-d539-410e-99a1-940108511468
2024-04-28 12:45:31,334 [a03ae040-0cc1-4c22-85ff-5ac1eba35bae-groupManagement] INFO  server.RaftServerConfigKeys (ConfUtils.java:logGet(46)) - raft.server.log.queue.byte-limit = 4294967296 (custom)
2024-04-28 12:45:31,334 [a03ae040-0cc1-4c22-85ff-5ac1eba35bae-groupManagement] INFO  server.RaftServerConfigKeys (ConfUtils.java:logGet(46)) - raft.server.log.queue.element-limit = 1024 (custom)
2024-04-28 12:45:31,334 [a03ae040-0cc1-4c22-85ff-5ac1eba35bae-groupManagement] INFO  server.RaftServerConfigKeys (ConfUtils.java:logGet(46)) - raft.server.log.segment.size.max = 67108864 (custom)
2024-04-28 12:45:31,334 [a03ae040-0cc1-4c22-85ff-5ac1eba35bae-groupManagement] INFO  server.RaftServerConfigKeys (ConfUtils.java:logGet(46)) - raft.server.log.preallocated.size = 4194304 (custom)
2024-04-28 12:45:31,334 [a03ae040-0cc1-4c22-85ff-5ac1eba35bae-groupManagement] INFO  server.RaftServerConfigKeys (ConfUtils.java:logGet(46)) - raft.server.log.force.sync.num = 128 (default)
2024-04-28 12:45:31,334 [a03ae040-0cc1-4c22-85ff-5ac1eba35bae-groupManagement] INFO  server.RaftServerConfigKeys (ConfUtils.java:logGet(46)) - raft.server.log.statemachine.data.sync = true (default)
2024-04-28 12:45:31,334 [a03ae040-0cc1-4c22-85ff-5ac1eba35bae-groupManagement] INFO  server.RaftServerConfigKeys (ConfUtils.java:logGet(46)) - raft.server.log.statemachine.data.sync.timeout = 10s (default)
2024-04-28 12:45:31,334 [a03ae040-0cc1-4c22-85ff-5ac1eba35bae-groupManagement] INFO  server.RaftServerConfigKeys (ConfUtils.java:logGet(46)) - raft.server.log.statemachine.data.sync.timeout.retry = 30 (custom)
2024-04-28 12:45:31,334 [a03ae040-0cc1-4c22-85ff-5ac1eba35bae-groupManagement] INFO  server.RaftServerConfigKeys (ConfUtils.java:logGet(46)) - raft.server.log.write.buffer.size = 8388616 (custom)
2024-04-28 12:45:31,336 [a03ae040-0cc1-4c22-85ff-5ac1eba35bae-groupManagement] INFO  server.RaftServerConfigKeys (ConfUtils.java:logGet(46)) - raft.server.log.appender.buffer.byte-limit = 8388608 (custom)
2024-04-28 12:45:31,336 [a03ae040-0cc1-4c22-85ff-5ac1eba35bae-groupManagement] INFO  server.RaftServerConfigKeys (ConfUtils.java:logGet(46)) - raft.server.log.unsafe-flush.enabled = false (default)
2024-04-28 12:45:31,336 [a03ae040-0cc1-4c22-85ff-5ac1eba35bae-groupManagement] INFO  server.RaftServerConfigKeys (ConfUtils.java:logGet(46)) - raft.server.log.async-flush.enabled = false (default)
2024-04-28 12:45:31,336 [a03ae040-0cc1-4c22-85ff-5ac1eba35bae-groupManagement] INFO  server.RaftServerConfigKeys (ConfUtils.java:logGet(46)) - raft.server.log.statemachine.data.caching.enabled = true (custom)
2024-04-28 12:45:31,336 [a03ae040-0cc1-4c22-85ff-5ac1eba35bae-groupManagement] INFO  segmented.SegmentedRaftLogWorker (SegmentedRaftLogWorker.java:lambda$new$0(134)) - a03ae040-0cc1-4c22-85ff-5ac1eba35bae@group-940108511468-SegmentedRaftLogWorker: flushIndex: setUnconditionally 0 -> -1
2024-04-28 12:45:31,336 [a03ae040-0cc1-4c22-85ff-5ac1eba35bae-groupManagement] INFO  segmented.SegmentedRaftLogWorker (SegmentedRaftLogWorker.java:lambda$new$0(134)) - a03ae040-0cc1-4c22-85ff-5ac1eba35bae@group-940108511468-SegmentedRaftLogWorker: safeCacheEvictIndex: setUnconditionally 0 -> -1
2024-04-28 12:45:31,336 [a03ae040-0cc1-4c22-85ff-5ac1eba35bae-groupManagement] INFO  server.RaftServer$Division (RaftServerImpl.java:start(396)) - a03ae040-0cc1-4c22-85ff-5ac1eba35bae@group-940108511468: start as a follower, conf=-1: peers:[2888e557-450c-42c6-ab50-0bca692fd7ac|127.0.0.1:15424, 5986eb43-6756-4d1a-9985-b2bcfc70d88f|127.0.0.1:15442, a03ae040-0cc1-4c22-85ff-5ac1eba35bae|127.0.0.1:15433]|listeners:[], old=null
2024-04-28 12:45:31,336 [a03ae040-0cc1-4c22-85ff-5ac1eba35bae-groupManagement] INFO  server.RaftServer$Division (RaftServerImpl.java:setRole(383)) - a03ae040-0cc1-4c22-85ff-5ac1eba35bae@group-940108511468: changes role from      null to FOLLOWER at term 0 for startAsFollower
2024-04-28 12:45:31,336 [a03ae040-0cc1-4c22-85ff-5ac1eba35bae-groupManagement] INFO  impl.RoleInfo (RoleInfo.java:updateAndGet(139)) - a03ae040-0cc1-4c22-85ff-5ac1eba35bae: start a03ae040-0cc1-4c22-85ff-5ac1eba35bae@group-940108511468-FollowerState
2024-04-28 12:45:31,336 [a03ae040-0cc1-4c22-85ff-5ac1eba35bae-groupManagement] INFO  util.JmxRegister (JmxRegister.java:tryRegister(44)) - Successfully registered JMX Bean with object name Ratis:service=RaftServer,group=group-940108511468,id=a03ae040-0cc1-4c22-85ff-5ac1eba35bae
2024-04-28 12:45:31,336 [a03ae040-0cc1-4c22-85ff-5ac1eba35bae@group-940108511468-FollowerState] INFO  server.RaftServerConfigKeys (ConfUtils.java:logFallback(53)) - raft.server.rpc.first-election.timeout.min = 5s (fallback to raft.server.rpc.timeout.min)
2024-04-28 12:45:31,336 [a03ae040-0cc1-4c22-85ff-5ac1eba35bae-groupManagement] INFO  server.RaftServerConfigKeys (ConfUtils.java:logGet(46)) - raft.server.snapshot.trigger-when-stop.enabled = true (default)
2024-04-28 12:45:31,337 [a03ae040-0cc1-4c22-85ff-5ac1eba35bae-groupManagement] INFO  server.RaftServerConfigKeys (ConfUtils.java:logGet(46)) - raft.server.snapshot.auto.trigger.enabled = true (custom)
2024-04-28 12:45:31,337 [a03ae040-0cc1-4c22-85ff-5ac1eba35bae-groupManagement] INFO  server.RaftServerConfigKeys (ConfUtils.java:logGet(46)) - raft.server.snapshot.auto.trigger.threshold = 10000 (custom)
2024-04-28 12:45:31,337 [a03ae040-0cc1-4c22-85ff-5ac1eba35bae-groupManagement] INFO  server.RaftServerConfigKeys (ConfUtils.java:logGet(46)) - raft.server.snapshot.retention.file.num = 5 (custom)
2024-04-28 12:45:31,337 [a03ae040-0cc1-4c22-85ff-5ac1eba35bae-groupManagement] INFO  server.RaftServerConfigKeys (ConfUtils.java:logGet(46)) - raft.server.log.purge.upto.snapshot.index = false (default)
2024-04-28 12:45:31,338 [a03ae040-0cc1-4c22-85ff-5ac1eba35bae-groupManagement] INFO  server.RaftServer$Division (RaftServerImpl.java:<init>(256)) - a03ae040-0cc1-4c22-85ff-5ac1eba35bae: new RaftServerImpl for group-B83BA2C23833:[a03ae040-0cc1-4c22-85ff-5ac1eba35bae|127.0.0.1:15433] with ContainerStateMachine:uninitialized
2024-04-28 12:45:31,338 [a03ae040-0cc1-4c22-85ff-5ac1eba35bae-groupManagement] INFO  server.RaftServerConfigKeys (ConfUtils.java:logGet(46)) - raft.server.rpc.timeout.min = 5s (custom)
2024-04-28 12:45:31,338 [a03ae040-0cc1-4c22-85ff-5ac1eba35bae-groupManagement] INFO  server.RaftServerConfigKeys (ConfUtils.java:logGet(46)) - raft.server.rpc.timeout.max = 5200ms (custom)
2024-04-28 12:45:31,338 [a03ae040-0cc1-4c22-85ff-5ac1eba35bae-groupManagement] INFO  server.RaftServerConfigKeys (ConfUtils.java:logGet(46)) - raft.server.rpc.sleep.time = 25ms (default)
2024-04-28 12:45:31,338 [a03ae040-0cc1-4c22-85ff-5ac1eba35bae-groupManagement] INFO  server.RaftServerConfigKeys (ConfUtils.java:logGet(46)) - raft.server.rpc.slowness.timeout = 300000ms (custom)
2024-04-28 12:45:31,338 [a03ae040-0cc1-4c22-85ff-5ac1eba35bae-groupManagement] INFO  server.RaftServerConfigKeys (ConfUtils.java:logGet(46)) - raft.server.leaderelection.leader.step-down.wait-time = 10s (default)
2024-04-28 12:45:31,338 [a03ae040-0cc1-4c22-85ff-5ac1eba35bae-groupManagement] INFO  server.RaftServerConfigKeys (ConfUtils.java:logGet(46)) - raft.server.leaderelection.member.majority-add = false (default)
2024-04-28 12:45:31,338 [a03ae040-0cc1-4c22-85ff-5ac1eba35bae-groupManagement] INFO  server.RaftServerConfigKeys (ConfUtils.java:logGet(46)) - raft.server.sleep.deviation.threshold = 300ms (default)
2024-04-28 12:45:31,338 [a03ae040-0cc1-4c22-85ff-5ac1eba35bae@group-940108511468-FollowerState] INFO  server.RaftServerConfigKeys (ConfUtils.java:logFallback(53)) - raft.server.rpc.first-election.timeout.max = 5200ms (fallback to raft.server.rpc.timeout.max)
2024-04-28 12:45:31,338 [a03ae040-0cc1-4c22-85ff-5ac1eba35bae-groupManagement] INFO  server.RaftServer$Division (ServerState.java:<init>(113)) - a03ae040-0cc1-4c22-85ff-5ac1eba35bae@group-B83BA2C23833: ConfigurationManager, init=-1: peers:[a03ae040-0cc1-4c22-85ff-5ac1eba35bae|127.0.0.1:15433]|listeners:[], old=null, confs=<EMPTY_MAP>
2024-04-28 12:45:31,338 [a03ae040-0cc1-4c22-85ff-5ac1eba35bae-groupManagement] INFO  server.RaftServerConfigKeys (ConfUtils.java:logGet(46)) - raft.server.notification.no-leader.timeout = 300000ms (custom)
2024-04-28 12:45:31,338 [a03ae040-0cc1-4c22-85ff-5ac1eba35bae-groupManagement] INFO  server.RaftServerConfigKeys (ConfUtils.java:logGet(46)) - raft.server.read.timeout = 10s (default)
2024-04-28 12:45:31,338 [a03ae040-0cc1-4c22-85ff-5ac1eba35bae-groupManagement] INFO  server.RaftServerConfigKeys (ConfUtils.java:logGet(46)) - raft.server.retrycache.expirytime = 600000ms (custom)
2024-04-28 12:45:31,338 [a03ae040-0cc1-4c22-85ff-5ac1eba35bae-groupManagement] INFO  server.RaftServerConfigKeys (ConfUtils.java:logGet(46)) - raft.server.retrycache.statistics.expirytime = 100ms (default)
2024-04-28 12:45:31,338 [a03ae040-0cc1-4c22-85ff-5ac1eba35bae-groupManagement] INFO  server.RaftServerConfigKeys (ConfUtils.java:logGet(46)) - raft.server.read.option = DEFAULT (default)
2024-04-28 12:45:31,339 [a03ae040-0cc1-4c22-85ff-5ac1eba35bae-groupManagement] INFO  server.RaftServerConfigKeys (ConfUtils.java:logGet(46)) - raft.server.read.read-after-write-consistent.write-index-cache.expiry-time = 60s (default)
2024-04-28 12:45:31,341 [a03ae040-0cc1-4c22-85ff-5ac1eba35bae-groupManagement] INFO  server.RaftServerConfigKeys (ConfUtils.java:logGet(46)) - raft.server.rpc.request.timeout = 3000ms (default)
2024-04-28 12:45:31,341 [a03ae040-0cc1-4c22-85ff-5ac1eba35bae-groupManagement] INFO  server.RaftServerConfigKeys (ConfUtils.java:logGet(46)) - raft.server.log.appender.install.snapshot.enabled = false (custom)
2024-04-28 12:45:31,341 [a03ae040-0cc1-4c22-85ff-5ac1eba35bae-groupManagement] INFO  server.RaftServerConfigKeys (ConfUtils.java:logGet(46)) - raft.server.threadpool.server.cached = true (default)
2024-04-28 12:45:31,341 [a03ae040-0cc1-4c22-85ff-5ac1eba35bae-groupManagement] INFO  server.RaftServerConfigKeys (ConfUtils.java:logGet(46)) - raft.server.threadpool.server.size = 0 (default)
2024-04-28 12:45:31,341 [a03ae040-0cc1-4c22-85ff-5ac1eba35bae-groupManagement] INFO  server.RaftServerConfigKeys (ConfUtils.java:logGet(46)) - raft.server.threadpool.client.cached = true (default)
2024-04-28 12:45:31,341 [a03ae040-0cc1-4c22-85ff-5ac1eba35bae-groupManagement] INFO  server.RaftServerConfigKeys (ConfUtils.java:logGet(46)) - raft.server.threadpool.client.size = 0 (default)
2024-04-28 12:45:31,341 [a03ae040-0cc1-4c22-85ff-5ac1eba35bae-groupManagement] INFO  server.RaftServerConfigKeys (ConfUtils.java:logGet(46)) - raft.server.storage.free-space.min = 0MB (=0) (default)
2024-04-28 12:45:31,341 [a03ae040-0cc1-4c22-85ff-5ac1eba35bae-groupManagement] INFO  server.RaftServerConfigKeys (ConfUtils.java:logGet(46)) - raft.server.log.corruption.policy = EXCEPTION (default)
2024-04-28 12:45:31,341 [a03ae040-0cc1-4c22-85ff-5ac1eba35bae-groupManagement] INFO  server.RaftServerConfigKeys (ConfUtils.java:logGet(46)) - raft.server.storage.dir = [/home/runner/work/ozone/ozone/hadoop-ozone/integration-test/target/test-dir/MiniOzoneClusterImpl-4444f751-856d-4595-ad15-e87fc76049bc/ozone-meta/datanode-8/ratis] (custom)
2024-04-28 12:45:31,341 [a03ae040-0cc1-4c22-85ff-5ac1eba35bae-groupManagement] INFO  storage.RaftStorageDirectory (RaftStorageDirectoryImpl.java:analyzeStorage(138)) - The storage directory /home/runner/work/ozone/ozone/hadoop-ozone/integration-test/target/test-dir/MiniOzoneClusterImpl-4444f751-856d-4595-ad15-e87fc76049bc/ozone-meta/datanode-8/ratis/c98f2ed8-f4e8-4981-8642-b83ba2c23833 does not exist. Creating ...
2024-04-28 12:45:31,342 [a03ae040-0cc1-4c22-85ff-5ac1eba35bae-groupManagement] INFO  storage.RaftStorageDirectory (RaftStorageDirectoryImpl.java:tryLock(228)) - Lock on /home/runner/work/ozone/ozone/hadoop-ozone/integration-test/target/test-dir/MiniOzoneClusterImpl-4444f751-856d-4595-ad15-e87fc76049bc/ozone-meta/datanode-8/ratis/c98f2ed8-f4e8-4981-8642-b83ba2c23833/in_use.lock acquired by nodename 21404@fv-az1392-52
2024-04-28 12:45:31,343 [2888e557-450c-42c6-ab50-0bca692fd7ac-PipelineCommandHandlerThread-0] INFO  commandhandler.CreatePipelineCommandHandler (CreatePipelineCommandHandler.java:lambda$handle$2(124)) - Created Pipeline RATIS THREE PipelineID=7bd19e24-d539-410e-99a1-940108511468.
2024-04-28 12:45:31,343 [a03ae040-0cc1-4c22-85ff-5ac1eba35bae-groupManagement] INFO  storage.RaftStorage (RaftStorageImpl.java:format(99)) - Storage directory /home/runner/work/ozone/ozone/hadoop-ozone/integration-test/target/test-dir/MiniOzoneClusterImpl-4444f751-856d-4595-ad15-e87fc76049bc/ozone-meta/datanode-8/ratis/c98f2ed8-f4e8-4981-8642-b83ba2c23833 has been successfully formatted.
2024-04-28 12:45:31,343 [a03ae040-0cc1-4c22-85ff-5ac1eba35bae-groupManagement] WARN  util.FileUtils (LogUtils.java:supplyAndLog(63)) - Failed to Files.newInputStream /home/runner/work/ozone/ozone/hadoop-ozone/integration-test/target/test-dir/MiniOzoneClusterImpl-4444f751-856d-4595-ad15-e87fc76049bc/ozone-meta/datanode-8/ratis/c98f2ed8-f4e8-4981-8642-b83ba2c23833/current/raft-meta.conf with options []: java.nio.file.NoSuchFileException: /home/runner/work/ozone/ozone/hadoop-ozone/integration-test/target/test-dir/MiniOzoneClusterImpl-4444f751-856d-4595-ad15-e87fc76049bc/ozone-meta/datanode-8/ratis/c98f2ed8-f4e8-4981-8642-b83ba2c23833/current/raft-meta.conf
2024-04-28 12:45:31,344 [a03ae040-0cc1-4c22-85ff-5ac1eba35bae-groupManagement] INFO  ratis.ContainerStateMachine (ContainerStateMachine.java:loadSnapshot(287)) - group-B83BA2C23833: The snapshot info is null. Setting the last applied index to:(t:0, i:~)
2024-04-28 12:45:31,344 [a03ae040-0cc1-4c22-85ff-5ac1eba35bae-groupManagement] INFO  server.RaftServerConfigKeys (ConfUtils.java:logGet(46)) - raft.server.log.use.memory = false (default)
2024-04-28 12:45:31,344 [a03ae040-0cc1-4c22-85ff-5ac1eba35bae-groupManagement] INFO  server.RaftServerConfigKeys (ConfUtils.java:logGet(46)) - raft.server.log.purge.gap = 1000000 (custom)
2024-04-28 12:45:31,344 [a03ae040-0cc1-4c22-85ff-5ac1eba35bae-groupManagement] INFO  server.RaftServerConfigKeys (ConfUtils.java:logGet(46)) - raft.server.log.appender.buffer.byte-limit = 8388608 (custom)
2024-04-28 12:45:31,344 [a03ae040-0cc1-4c22-85ff-5ac1eba35bae-groupManagement] INFO  server.RaftServerConfigKeys (ConfUtils.java:logGet(46)) - raft.server.log.statemachine.data.read.timeout = 1000ms (default)
2024-04-28 12:45:31,344 [a03ae040-0cc1-4c22-85ff-5ac1eba35bae-groupManagement] INFO  server.RaftServerConfigKeys (ConfUtils.java:logGet(46)) - raft.server.log.purge.preservation.log.num = 0 (default)
2024-04-28 12:45:31,345 [EventQueue-OpenPipelineForHealthyPipelineSafeModeRule] INFO  safemode.SCMSafeModeManager (HealthyPipelineSafeModeRule.java:process(140)) - SCM in safe mode. Healthy pipelines reported count is 0, required healthy pipeline reported count is 1
2024-04-28 12:45:31,345 [a03ae040-0cc1-4c22-85ff-5ac1eba35bae-groupManagement] INFO  server.RaftServerConfigKeys (ConfUtils.java:logGet(46)) - raft.server.log.segment.size.max = 67108864 (custom)
2024-04-28 12:45:31,346 [a03ae040-0cc1-4c22-85ff-5ac1eba35bae-groupManagement] INFO  server.RaftServerConfigKeys (ConfUtils.java:logGet(46)) - raft.server.log.segment.cache.num.max = 2 (custom)
2024-04-28 12:45:31,346 [a03ae040-0cc1-4c22-85ff-5ac1eba35bae-groupManagement] INFO  server.RaftServerConfigKeys (ConfUtils.java:logGet(46)) - raft.server.log.segment.cache.size.max = 200MB (=209715200) (default)
2024-04-28 12:45:31,346 [a03ae040-0cc1-4c22-85ff-5ac1eba35bae-groupManagement] INFO  server.RaftServerConfigKeys (ConfUtils.java:logGet(46)) - raft.server.log.appender.buffer.byte-limit = 8388608 (custom)
2024-04-28 12:45:31,346 [a03ae040-0cc1-4c22-85ff-5ac1eba35bae-groupManagement] INFO  util.AwaitToRun (AwaitToRun.java:start(81)) - Thread[a03ae040-0cc1-4c22-85ff-5ac1eba35bae@group-B83BA2C23833-cacheEviction-AwaitToRun,5,main] started
2024-04-28 12:45:31,346 [a03ae040-0cc1-4c22-85ff-5ac1eba35bae-groupManagement] INFO  segmented.SegmentedRaftLogWorker (SegmentedRaftLogWorker.java:<init>(182)) - new a03ae040-0cc1-4c22-85ff-5ac1eba35bae@group-B83BA2C23833-SegmentedRaftLogWorker for RaftStorageImpl:Storage Directory /home/runner/work/ozone/ozone/hadoop-ozone/integration-test/target/test-dir/MiniOzoneClusterImpl-4444f751-856d-4595-ad15-e87fc76049bc/ozone-meta/datanode-8/ratis/c98f2ed8-f4e8-4981-8642-b83ba2c23833
2024-04-28 12:45:31,346 [a03ae040-0cc1-4c22-85ff-5ac1eba35bae-groupManagement] INFO  server.RaftServerConfigKeys (ConfUtils.java:logGet(46)) - raft.server.log.queue.byte-limit = 4294967296 (custom)
2024-04-28 12:45:31,346 [a03ae040-0cc1-4c22-85ff-5ac1eba35bae-groupManagement] INFO  server.RaftServerConfigKeys (ConfUtils.java:logGet(46)) - raft.server.log.queue.element-limit = 1024 (custom)
2024-04-28 12:45:31,346 [a03ae040-0cc1-4c22-85ff-5ac1eba35bae-groupManagement] INFO  server.RaftServerConfigKeys (ConfUtils.java:logGet(46)) - raft.server.log.segment.size.max = 67108864 (custom)
2024-04-28 12:45:31,346 [a03ae040-0cc1-4c22-85ff-5ac1eba35bae-groupManagement] INFO  server.RaftServerConfigKeys (ConfUtils.java:logGet(46)) - raft.server.log.preallocated.size = 4194304 (custom)
2024-04-28 12:45:31,346 [a03ae040-0cc1-4c22-85ff-5ac1eba35bae-groupManagement] INFO  server.RaftServerConfigKeys (ConfUtils.java:logGet(46)) - raft.server.log.force.sync.num = 128 (default)
2024-04-28 12:45:31,346 [a03ae040-0cc1-4c22-85ff-5ac1eba35bae-groupManagement] INFO  server.RaftServerConfigKeys (ConfUtils.java:logGet(46)) - raft.server.log.statemachine.data.sync = true (default)
2024-04-28 12:45:31,346 [a03ae040-0cc1-4c22-85ff-5ac1eba35bae-groupManagement] INFO  server.RaftServerConfigKeys (ConfUtils.java:logGet(46)) - raft.server.log.statemachine.data.sync.timeout = 10s (default)
2024-04-28 12:45:31,346 [a03ae040-0cc1-4c22-85ff-5ac1eba35bae-groupManagement] INFO  server.RaftServerConfigKeys (ConfUtils.java:logGet(46)) - raft.server.log.statemachine.data.sync.timeout.retry = 30 (custom)
2024-04-28 12:45:31,347 [a03ae040-0cc1-4c22-85ff-5ac1eba35bae-groupManagement] INFO  server.RaftServerConfigKeys (ConfUtils.java:logGet(46)) - raft.server.log.write.buffer.size = 8388616 (custom)
2024-04-28 12:45:31,348 [a03ae040-0cc1-4c22-85ff-5ac1eba35bae-groupManagement] INFO  server.RaftServerConfigKeys (ConfUtils.java:logGet(46)) - raft.server.log.appender.buffer.byte-limit = 8388608 (custom)
2024-04-28 12:45:31,348 [a03ae040-0cc1-4c22-85ff-5ac1eba35bae-groupManagement] INFO  server.RaftServerConfigKeys (ConfUtils.java:logGet(46)) - raft.server.log.unsafe-flush.enabled = false (default)
2024-04-28 12:45:31,348 [a03ae040-0cc1-4c22-85ff-5ac1eba35bae-groupManagement] INFO  server.RaftServerConfigKeys (ConfUtils.java:logGet(46)) - raft.server.log.async-flush.enabled = false (default)
2024-04-28 12:45:31,348 [a03ae040-0cc1-4c22-85ff-5ac1eba35bae-groupManagement] INFO  server.RaftServerConfigKeys (ConfUtils.java:logGet(46)) - raft.server.log.statemachine.data.caching.enabled = true (custom)
2024-04-28 12:45:31,349 [a03ae040-0cc1-4c22-85ff-5ac1eba35bae-groupManagement] INFO  segmented.SegmentedRaftLogWorker (SegmentedRaftLogWorker.java:lambda$new$0(134)) - a03ae040-0cc1-4c22-85ff-5ac1eba35bae@group-B83BA2C23833-SegmentedRaftLogWorker: flushIndex: setUnconditionally 0 -> -1
2024-04-28 12:45:31,349 [a03ae040-0cc1-4c22-85ff-5ac1eba35bae-groupManagement] INFO  segmented.SegmentedRaftLogWorker (SegmentedRaftLogWorker.java:lambda$new$0(134)) - a03ae040-0cc1-4c22-85ff-5ac1eba35bae@group-B83BA2C23833-SegmentedRaftLogWorker: safeCacheEvictIndex: setUnconditionally 0 -> -1
2024-04-28 12:45:31,349 [a03ae040-0cc1-4c22-85ff-5ac1eba35bae-groupManagement] INFO  server.RaftServer$Division (RaftServerImpl.java:start(396)) - a03ae040-0cc1-4c22-85ff-5ac1eba35bae@group-B83BA2C23833: start as a follower, conf=-1: peers:[a03ae040-0cc1-4c22-85ff-5ac1eba35bae|127.0.0.1:15433]|listeners:[], old=null
2024-04-28 12:45:31,349 [a03ae040-0cc1-4c22-85ff-5ac1eba35bae-groupManagement] INFO  server.RaftServer$Division (RaftServerImpl.java:setRole(383)) - a03ae040-0cc1-4c22-85ff-5ac1eba35bae@group-B83BA2C23833: changes role from      null to FOLLOWER at term 0 for startAsFollower
2024-04-28 12:45:31,349 [a03ae040-0cc1-4c22-85ff-5ac1eba35bae-groupManagement] INFO  impl.RoleInfo (RoleInfo.java:updateAndGet(139)) - a03ae040-0cc1-4c22-85ff-5ac1eba35bae: start a03ae040-0cc1-4c22-85ff-5ac1eba35bae@group-B83BA2C23833-FollowerState
2024-04-28 12:45:31,349 [a03ae040-0cc1-4c22-85ff-5ac1eba35bae-groupManagement] INFO  util.JmxRegister (JmxRegister.java:tryRegister(44)) - Successfully registered JMX Bean with object name Ratis:service=RaftServer,group=group-B83BA2C23833,id=a03ae040-0cc1-4c22-85ff-5ac1eba35bae
2024-04-28 12:45:31,349 [a03ae040-0cc1-4c22-85ff-5ac1eba35bae-groupManagement] INFO  server.RaftServerConfigKeys (ConfUtils.java:logGet(46)) - raft.server.snapshot.trigger-when-stop.enabled = true (default)
2024-04-28 12:45:31,349 [a03ae040-0cc1-4c22-85ff-5ac1eba35bae-groupManagement] INFO  server.RaftServerConfigKeys (ConfUtils.java:logGet(46)) - raft.server.snapshot.auto.trigger.enabled = true (custom)
2024-04-28 12:45:31,349 [a03ae040-0cc1-4c22-85ff-5ac1eba35bae@group-B83BA2C23833-FollowerState] INFO  server.RaftServerConfigKeys (ConfUtils.java:logFallback(53)) - raft.server.rpc.first-election.timeout.min = 5s (fallback to raft.server.rpc.timeout.min)
2024-04-28 12:45:31,349 [a03ae040-0cc1-4c22-85ff-5ac1eba35bae-groupManagement] INFO  server.RaftServerConfigKeys (ConfUtils.java:logGet(46)) - raft.server.snapshot.auto.trigger.threshold = 10000 (custom)
2024-04-28 12:45:31,350 [a03ae040-0cc1-4c22-85ff-5ac1eba35bae-groupManagement] INFO  server.RaftServerConfigKeys (ConfUtils.java:logGet(46)) - raft.server.snapshot.retention.file.num = 5 (custom)
2024-04-28 12:45:31,350 [a03ae040-0cc1-4c22-85ff-5ac1eba35bae-groupManagement] INFO  server.RaftServerConfigKeys (ConfUtils.java:logGet(46)) - raft.server.log.purge.upto.snapshot.index = false (default)
2024-04-28 12:45:31,350 [a03ae040-0cc1-4c22-85ff-5ac1eba35bae@group-B83BA2C23833-FollowerState] INFO  server.RaftServerConfigKeys (ConfUtils.java:logFallback(53)) - raft.server.rpc.first-election.timeout.max = 5200ms (fallback to raft.server.rpc.timeout.max)
2024-04-28 12:45:31,350 [a03ae040-0cc1-4c22-85ff-5ac1eba35bae-PipelineCommandHandlerThread-0] INFO  ratis.XceiverServerRatis (XceiverServerRatis.java:addGroup(864)) - Created group PipelineID=c98f2ed8-f4e8-4981-8642-b83ba2c23833
2024-04-28 12:45:31,350 [a03ae040-0cc1-4c22-85ff-5ac1eba35bae-PipelineCommandHandlerThread-0] INFO  commandhandler.CreatePipelineCommandHandler (CreatePipelineCommandHandler.java:lambda$handle$2(124)) - Created Pipeline RATIS ONE PipelineID=c98f2ed8-f4e8-4981-8642-b83ba2c23833.
2024-04-28 12:45:31,371 [5986eb43-6756-4d1a-9985-b2bcfc70d88f-PipelineCommandHandlerThread-0] INFO  server.RaftServer (RaftServerProxy.java:addNew(100)) - 5986eb43-6756-4d1a-9985-b2bcfc70d88f: addNew group-A5936114C7E8:[5986eb43-6756-4d1a-9985-b2bcfc70d88f|127.0.0.1:15442] returns group-A5936114C7E8:java.util.concurrent.CompletableFuture@314c7e6a[Not completed]
2024-04-28 12:45:31,372 [5986eb43-6756-4d1a-9985-b2bcfc70d88f-groupManagement] INFO  server.RaftServer$Division (RaftServerImpl.java:<init>(256)) - 5986eb43-6756-4d1a-9985-b2bcfc70d88f: new RaftServerImpl for group-A5936114C7E8:[5986eb43-6756-4d1a-9985-b2bcfc70d88f|127.0.0.1:15442] with ContainerStateMachine:uninitialized
2024-04-28 12:45:31,372 [5986eb43-6756-4d1a-9985-b2bcfc70d88f-groupManagement] INFO  server.RaftServerConfigKeys (ConfUtils.java:logGet(46)) - raft.server.rpc.timeout.min = 5s (custom)
2024-04-28 12:45:31,372 [5986eb43-6756-4d1a-9985-b2bcfc70d88f-groupManagement] INFO  server.RaftServerConfigKeys (ConfUtils.java:logGet(46)) - raft.server.rpc.timeout.max = 5200ms (custom)
2024-04-28 12:45:31,372 [5986eb43-6756-4d1a-9985-b2bcfc70d88f-groupManagement] INFO  server.RaftServerConfigKeys (ConfUtils.java:logGet(46)) - raft.server.rpc.sleep.time = 25ms (default)
2024-04-28 12:45:31,372 [5986eb43-6756-4d1a-9985-b2bcfc70d88f-groupManagement] INFO  server.RaftServerConfigKeys (ConfUtils.java:logGet(46)) - raft.server.rpc.slowness.timeout = 300000ms (custom)
2024-04-28 12:45:31,372 [5986eb43-6756-4d1a-9985-b2bcfc70d88f-groupManagement] INFO  server.RaftServerConfigKeys (ConfUtils.java:logGet(46)) - raft.server.leaderelection.leader.step-down.wait-time = 10s (default)
2024-04-28 12:45:31,372 [5986eb43-6756-4d1a-9985-b2bcfc70d88f-groupManagement] INFO  server.RaftServerConfigKeys (ConfUtils.java:logGet(46)) - raft.server.leaderelection.member.majority-add = false (default)
2024-04-28 12:45:31,372 [5986eb43-6756-4d1a-9985-b2bcfc70d88f-groupManagement] INFO  server.RaftServerConfigKeys (ConfUtils.java:logGet(46)) - raft.server.sleep.deviation.threshold = 300ms (default)
2024-04-28 12:45:31,372 [5986eb43-6756-4d1a-9985-b2bcfc70d88f-groupManagement] INFO  server.RaftServer$Division (ServerState.java:<init>(113)) - 5986eb43-6756-4d1a-9985-b2bcfc70d88f@group-A5936114C7E8: ConfigurationManager, init=-1: peers:[5986eb43-6756-4d1a-9985-b2bcfc70d88f|127.0.0.1:15442]|listeners:[], old=null, confs=<EMPTY_MAP>
2024-04-28 12:45:31,372 [5986eb43-6756-4d1a-9985-b2bcfc70d88f-groupManagement] INFO  server.RaftServerConfigKeys (ConfUtils.java:logGet(46)) - raft.server.notification.no-leader.timeout = 300000ms (custom)
2024-04-28 12:45:31,372 [5986eb43-6756-4d1a-9985-b2bcfc70d88f-groupManagement] INFO  server.RaftServerConfigKeys (ConfUtils.java:logGet(46)) - raft.server.read.timeout = 10s (default)
2024-04-28 12:45:31,372 [5986eb43-6756-4d1a-9985-b2bcfc70d88f-groupManagement] INFO  server.RaftServerConfigKeys (ConfUtils.java:logGet(46)) - raft.server.retrycache.expirytime = 600000ms (custom)
2024-04-28 12:45:31,372 [5986eb43-6756-4d1a-9985-b2bcfc70d88f-groupManagement] INFO  server.RaftServerConfigKeys (ConfUtils.java:logGet(46)) - raft.server.retrycache.statistics.expirytime = 100ms (default)
2024-04-28 12:45:31,372 [5986eb43-6756-4d1a-9985-b2bcfc70d88f-groupManagement] INFO  server.RaftServerConfigKeys (ConfUtils.java:logGet(46)) - raft.server.read.option = DEFAULT (default)
2024-04-28 12:45:31,372 [5986eb43-6756-4d1a-9985-b2bcfc70d88f-groupManagement] INFO  server.RaftServerConfigKeys (ConfUtils.java:logGet(46)) - raft.server.read.read-after-write-consistent.write-index-cache.expiry-time = 60s (default)
2024-04-28 12:45:31,373 [main] INFO  ozone.MiniOzoneClusterImpl (MiniOzoneClusterImpl.java:lambda$waitForClusterToBeReady$0(194)) - Nodes are ready. Got 9 of 9 DN Heartbeats.
2024-04-28 12:45:31,373 [main] INFO  ozone.MiniOzoneClusterImpl (MiniOzoneClusterImpl.java:lambda$waitForClusterToBeReady$0(197)) - Waiting for cluster to exit safe mode
2024-04-28 12:45:31,374 [main] INFO  ozone.MiniOzoneClusterImpl (MiniOzoneClusterImpl.java:lambda$waitForClusterToBeReady$0(199)) - SCM became leader
2024-04-28 12:45:31,374 [5986eb43-6756-4d1a-9985-b2bcfc70d88f-groupManagement] INFO  server.RaftServerConfigKeys (ConfUtils.java:logGet(46)) - raft.server.rpc.request.timeout = 3000ms (default)
2024-04-28 12:45:31,375 [5986eb43-6756-4d1a-9985-b2bcfc70d88f-groupManagement] INFO  server.RaftServerConfigKeys (ConfUtils.java:logGet(46)) - raft.server.log.appender.install.snapshot.enabled = false (custom)
2024-04-28 12:45:31,375 [5986eb43-6756-4d1a-9985-b2bcfc70d88f-groupManagement] INFO  server.RaftServerConfigKeys (ConfUtils.java:logGet(46)) - raft.server.threadpool.server.cached = true (default)
2024-04-28 12:45:31,375 [5986eb43-6756-4d1a-9985-b2bcfc70d88f-groupManagement] INFO  server.RaftServerConfigKeys (ConfUtils.java:logGet(46)) - raft.server.threadpool.server.size = 0 (default)
2024-04-28 12:45:31,375 [5986eb43-6756-4d1a-9985-b2bcfc70d88f-groupManagement] INFO  server.RaftServerConfigKeys (ConfUtils.java:logGet(46)) - raft.server.threadpool.client.cached = true (default)
2024-04-28 12:45:31,375 [5986eb43-6756-4d1a-9985-b2bcfc70d88f-groupManagement] INFO  server.RaftServerConfigKeys (ConfUtils.java:logGet(46)) - raft.server.threadpool.client.size = 0 (default)
2024-04-28 12:45:31,375 [5986eb43-6756-4d1a-9985-b2bcfc70d88f-groupManagement] INFO  server.RaftServerConfigKeys (ConfUtils.java:logGet(46)) - raft.server.storage.free-space.min = 0MB (=0) (default)
2024-04-28 12:45:31,375 [5986eb43-6756-4d1a-9985-b2bcfc70d88f-groupManagement] INFO  server.RaftServerConfigKeys (ConfUtils.java:logGet(46)) - raft.server.log.corruption.policy = EXCEPTION (default)
2024-04-28 12:45:31,375 [5986eb43-6756-4d1a-9985-b2bcfc70d88f-groupManagement] INFO  server.RaftServerConfigKeys (ConfUtils.java:logGet(46)) - raft.server.storage.dir = [/home/runner/work/ozone/ozone/hadoop-ozone/integration-test/target/test-dir/MiniOzoneClusterImpl-4444f751-856d-4595-ad15-e87fc76049bc/ozone-meta/datanode-9/ratis] (custom)
2024-04-28 12:45:31,375 [5986eb43-6756-4d1a-9985-b2bcfc70d88f-groupManagement] INFO  storage.RaftStorageDirectory (RaftStorageDirectoryImpl.java:analyzeStorage(138)) - The storage directory /home/runner/work/ozone/ozone/hadoop-ozone/integration-test/target/test-dir/MiniOzoneClusterImpl-4444f751-856d-4595-ad15-e87fc76049bc/ozone-meta/datanode-9/ratis/a99b7c0d-75e3-40d5-88c3-a5936114c7e8 does not exist. Creating ...
2024-04-28 12:45:31,376 [5986eb43-6756-4d1a-9985-b2bcfc70d88f-groupManagement] INFO  storage.RaftStorageDirectory (RaftStorageDirectoryImpl.java:tryLock(228)) - Lock on /home/runner/work/ozone/ozone/hadoop-ozone/integration-test/target/test-dir/MiniOzoneClusterImpl-4444f751-856d-4595-ad15-e87fc76049bc/ozone-meta/datanode-9/ratis/a99b7c0d-75e3-40d5-88c3-a5936114c7e8/in_use.lock acquired by nodename 21404@fv-az1392-52
2024-04-28 12:45:31,377 [5986eb43-6756-4d1a-9985-b2bcfc70d88f-groupManagement] INFO  storage.RaftStorage (RaftStorageImpl.java:format(99)) - Storage directory /home/runner/work/ozone/ozone/hadoop-ozone/integration-test/target/test-dir/MiniOzoneClusterImpl-4444f751-856d-4595-ad15-e87fc76049bc/ozone-meta/datanode-9/ratis/a99b7c0d-75e3-40d5-88c3-a5936114c7e8 has been successfully formatted.
2024-04-28 12:45:31,377 [5986eb43-6756-4d1a-9985-b2bcfc70d88f-groupManagement] WARN  util.FileUtils (LogUtils.java:supplyAndLog(63)) - Failed to Files.newInputStream /home/runner/work/ozone/ozone/hadoop-ozone/integration-test/target/test-dir/MiniOzoneClusterImpl-4444f751-856d-4595-ad15-e87fc76049bc/ozone-meta/datanode-9/ratis/a99b7c0d-75e3-40d5-88c3-a5936114c7e8/current/raft-meta.conf with options []: java.nio.file.NoSuchFileException: /home/runner/work/ozone/ozone/hadoop-ozone/integration-test/target/test-dir/MiniOzoneClusterImpl-4444f751-856d-4595-ad15-e87fc76049bc/ozone-meta/datanode-9/ratis/a99b7c0d-75e3-40d5-88c3-a5936114c7e8/current/raft-meta.conf
2024-04-28 12:45:31,377 [5986eb43-6756-4d1a-9985-b2bcfc70d88f-groupManagement] INFO  ratis.ContainerStateMachine (ContainerStateMachine.java:loadSnapshot(287)) - group-A5936114C7E8: The snapshot info is null. Setting the last applied index to:(t:0, i:~)
2024-04-28 12:45:31,377 [5986eb43-6756-4d1a-9985-b2bcfc70d88f-groupManagement] INFO  server.RaftServerConfigKeys (ConfUtils.java:logGet(46)) - raft.server.log.use.memory = false (default)
2024-04-28 12:45:31,377 [5986eb43-6756-4d1a-9985-b2bcfc70d88f-groupManagement] INFO  server.RaftServerConfigKeys (ConfUtils.java:logGet(46)) - raft.server.log.purge.gap = 1000000 (custom)
2024-04-28 12:45:31,377 [5986eb43-6756-4d1a-9985-b2bcfc70d88f-groupManagement] INFO  server.RaftServerConfigKeys (ConfUtils.java:logGet(46)) - raft.server.log.appender.buffer.byte-limit = 8388608 (custom)
2024-04-28 12:45:31,377 [5986eb43-6756-4d1a-9985-b2bcfc70d88f-groupManagement] INFO  server.RaftServerConfigKeys (ConfUtils.java:logGet(46)) - raft.server.log.statemachine.data.read.timeout = 1000ms (default)
2024-04-28 12:45:31,377 [5986eb43-6756-4d1a-9985-b2bcfc70d88f-groupManagement] INFO  server.RaftServerConfigKeys (ConfUtils.java:logGet(46)) - raft.server.log.purge.preservation.log.num = 0 (default)
2024-04-28 12:45:31,378 [EventQueue-PipelineReportForPipelineReportHandler] INFO  pipeline.PipelineReportHandler (PipelineReportHandler.java:processPipelineReport(136)) - Opened pipeline PipelineID=a99b7c0d-75e3-40d5-88c3-a5936114c7e8
2024-04-28 12:45:31,378 [EventQueue-OpenPipelineForHealthyPipelineSafeModeRule] INFO  safemode.SCMSafeModeManager (HealthyPipelineSafeModeRule.java:process(140)) - SCM in safe mode. Healthy pipelines reported count is 0, required healthy pipeline reported count is 1
2024-04-28 12:45:31,379 [5986eb43-6756-4d1a-9985-b2bcfc70d88f-groupManagement] INFO  server.RaftServerConfigKeys (ConfUtils.java:logGet(46)) - raft.server.log.segment.size.max = 67108864 (custom)
2024-04-28 12:45:31,379 [5986eb43-6756-4d1a-9985-b2bcfc70d88f-groupManagement] INFO  server.RaftServerConfigKeys (ConfUtils.java:logGet(46)) - raft.server.log.segment.cache.num.max = 2 (custom)
2024-04-28 12:45:31,379 [5986eb43-6756-4d1a-9985-b2bcfc70d88f-groupManagement] INFO  server.RaftServerConfigKeys (ConfUtils.java:logGet(46)) - raft.server.log.segment.cache.size.max = 200MB (=209715200) (default)
2024-04-28 12:45:31,379 [5986eb43-6756-4d1a-9985-b2bcfc70d88f-groupManagement] INFO  server.RaftServerConfigKeys (ConfUtils.java:logGet(46)) - raft.server.log.appender.buffer.byte-limit = 8388608 (custom)
2024-04-28 12:45:31,380 [5986eb43-6756-4d1a-9985-b2bcfc70d88f-groupManagement] INFO  util.AwaitToRun (AwaitToRun.java:start(81)) - Thread[5986eb43-6756-4d1a-9985-b2bcfc70d88f@group-A5936114C7E8-cacheEviction-AwaitToRun,5,main] started
2024-04-28 12:45:31,380 [5986eb43-6756-4d1a-9985-b2bcfc70d88f-groupManagement] INFO  segmented.SegmentedRaftLogWorker (SegmentedRaftLogWorker.java:<init>(182)) - new 5986eb43-6756-4d1a-9985-b2bcfc70d88f@group-A5936114C7E8-SegmentedRaftLogWorker for RaftStorageImpl:Storage Directory /home/runner/work/ozone/ozone/hadoop-ozone/integration-test/target/test-dir/MiniOzoneClusterImpl-4444f751-856d-4595-ad15-e87fc76049bc/ozone-meta/datanode-9/ratis/a99b7c0d-75e3-40d5-88c3-a5936114c7e8
2024-04-28 12:45:31,380 [5986eb43-6756-4d1a-9985-b2bcfc70d88f-groupManagement] INFO  server.RaftServerConfigKeys (ConfUtils.java:logGet(46)) - raft.server.log.queue.byte-limit = 4294967296 (custom)
2024-04-28 12:45:31,380 [5986eb43-6756-4d1a-9985-b2bcfc70d88f-groupManagement] INFO  server.RaftServerConfigKeys (ConfUtils.java:logGet(46)) - raft.server.log.queue.element-limit = 1024 (custom)
2024-04-28 12:45:31,380 [5986eb43-6756-4d1a-9985-b2bcfc70d88f-groupManagement] INFO  server.RaftServerConfigKeys (ConfUtils.java:logGet(46)) - raft.server.log.segment.size.max = 67108864 (custom)
2024-04-28 12:45:31,380 [5986eb43-6756-4d1a-9985-b2bcfc70d88f-groupManagement] INFO  server.RaftServerConfigKeys (ConfUtils.java:logGet(46)) - raft.server.log.preallocated.size = 4194304 (custom)
2024-04-28 12:45:31,380 [5986eb43-6756-4d1a-9985-b2bcfc70d88f-groupManagement] INFO  server.RaftServerConfigKeys (ConfUtils.java:logGet(46)) - raft.server.log.force.sync.num = 128 (default)
2024-04-28 12:45:31,380 [5986eb43-6756-4d1a-9985-b2bcfc70d88f-groupManagement] INFO  server.RaftServerConfigKeys (ConfUtils.java:logGet(46)) - raft.server.log.statemachine.data.sync = true (default)
2024-04-28 12:45:31,380 [5986eb43-6756-4d1a-9985-b2bcfc70d88f-groupManagement] INFO  server.RaftServerConfigKeys (ConfUtils.java:logGet(46)) - raft.server.log.statemachine.data.sync.timeout = 10s (default)
2024-04-28 12:45:31,380 [5986eb43-6756-4d1a-9985-b2bcfc70d88f-groupManagement] INFO  server.RaftServerConfigKeys (ConfUtils.java:logGet(46)) - raft.server.log.statemachine.data.sync.timeout.retry = 30 (custom)
2024-04-28 12:45:31,381 [5986eb43-6756-4d1a-9985-b2bcfc70d88f-groupManagement] INFO  server.RaftServerConfigKeys (ConfUtils.java:logGet(46)) - raft.server.log.write.buffer.size = 8388616 (custom)
2024-04-28 12:45:31,382 [5986eb43-6756-4d1a-9985-b2bcfc70d88f-groupManagement] INFO  server.RaftServerConfigKeys (ConfUtils.java:logGet(46)) - raft.server.log.appender.buffer.byte-limit = 8388608 (custom)
2024-04-28 12:45:31,382 [5986eb43-6756-4d1a-9985-b2bcfc70d88f-groupManagement] INFO  server.RaftServerConfigKeys (ConfUtils.java:logGet(46)) - raft.server.log.unsafe-flush.enabled = false (default)
2024-04-28 12:45:31,382 [5986eb43-6756-4d1a-9985-b2bcfc70d88f-groupManagement] INFO  server.RaftServerConfigKeys (ConfUtils.java:logGet(46)) - raft.server.log.async-flush.enabled = false (default)
2024-04-28 12:45:31,382 [5986eb43-6756-4d1a-9985-b2bcfc70d88f-groupManagement] INFO  server.RaftServerConfigKeys (ConfUtils.java:logGet(46)) - raft.server.log.statemachine.data.caching.enabled = true (custom)
2024-04-28 12:45:31,382 [5986eb43-6756-4d1a-9985-b2bcfc70d88f-groupManagement] INFO  segmented.SegmentedRaftLogWorker (SegmentedRaftLogWorker.java:lambda$new$0(134)) - 5986eb43-6756-4d1a-9985-b2bcfc70d88f@group-A5936114C7E8-SegmentedRaftLogWorker: flushIndex: setUnconditionally 0 -> -1
2024-04-28 12:45:31,383 [5986eb43-6756-4d1a-9985-b2bcfc70d88f-groupManagement] INFO  segmented.SegmentedRaftLogWorker (SegmentedRaftLogWorker.java:lambda$new$0(134)) - 5986eb43-6756-4d1a-9985-b2bcfc70d88f@group-A5936114C7E8-SegmentedRaftLogWorker: safeCacheEvictIndex: setUnconditionally 0 -> -1
2024-04-28 12:45:31,383 [5986eb43-6756-4d1a-9985-b2bcfc70d88f-groupManagement] INFO  server.RaftServer$Division (RaftServerImpl.java:start(396)) - 5986eb43-6756-4d1a-9985-b2bcfc70d88f@group-A5936114C7E8: start as a follower, conf=-1: peers:[5986eb43-6756-4d1a-9985-b2bcfc70d88f|127.0.0.1:15442]|listeners:[], old=null
2024-04-28 12:45:31,383 [5986eb43-6756-4d1a-9985-b2bcfc70d88f-groupManagement] INFO  server.RaftServer$Division (RaftServerImpl.java:setRole(383)) - 5986eb43-6756-4d1a-9985-b2bcfc70d88f@group-A5936114C7E8: changes role from      null to FOLLOWER at term 0 for startAsFollower
2024-04-28 12:45:31,383 [5986eb43-6756-4d1a-9985-b2bcfc70d88f-groupManagement] INFO  impl.RoleInfo (RoleInfo.java:updateAndGet(139)) - 5986eb43-6756-4d1a-9985-b2bcfc70d88f: start 5986eb43-6756-4d1a-9985-b2bcfc70d88f@group-A5936114C7E8-FollowerState
2024-04-28 12:45:31,383 [5986eb43-6756-4d1a-9985-b2bcfc70d88f-groupManagement] INFO  util.JmxRegister (JmxRegister.java:tryRegister(44)) - Successfully registered JMX Bean with object name Ratis:service=RaftServer,group=group-A5936114C7E8,id=5986eb43-6756-4d1a-9985-b2bcfc70d88f
2024-04-28 12:45:31,383 [5986eb43-6756-4d1a-9985-b2bcfc70d88f@group-A5936114C7E8-FollowerState] INFO  server.RaftServerConfigKeys (ConfUtils.java:logFallback(53)) - raft.server.rpc.first-election.timeout.min = 5s (fallback to raft.server.rpc.timeout.min)
2024-04-28 12:45:31,383 [5986eb43-6756-4d1a-9985-b2bcfc70d88f-groupManagement] INFO  server.RaftServerConfigKeys (ConfUtils.java:logGet(46)) - raft.server.snapshot.trigger-when-stop.enabled = true (default)
2024-04-28 12:45:31,383 [5986eb43-6756-4d1a-9985-b2bcfc70d88f-groupManagement] INFO  server.RaftServerConfigKeys (ConfUtils.java:logGet(46)) - raft.server.snapshot.auto.trigger.enabled = true (custom)
2024-04-28 12:45:31,383 [5986eb43-6756-4d1a-9985-b2bcfc70d88f-groupManagement] INFO  server.RaftServerConfigKeys (ConfUtils.java:logGet(46)) - raft.server.snapshot.auto.trigger.threshold = 10000 (custom)
2024-04-28 12:45:31,383 [5986eb43-6756-4d1a-9985-b2bcfc70d88f@group-A5936114C7E8-FollowerState] INFO  server.RaftServerConfigKeys (ConfUtils.java:logFallback(53)) - raft.server.rpc.first-election.timeout.max = 5200ms (fallback to raft.server.rpc.timeout.max)
2024-04-28 12:45:31,383 [5986eb43-6756-4d1a-9985-b2bcfc70d88f-groupManagement] INFO  server.RaftServerConfigKeys (ConfUtils.java:logGet(46)) - raft.server.snapshot.retention.file.num = 5 (custom)
2024-04-28 12:45:31,383 [5986eb43-6756-4d1a-9985-b2bcfc70d88f-groupManagement] INFO  server.RaftServerConfigKeys (ConfUtils.java:logGet(46)) - raft.server.log.purge.upto.snapshot.index = false (default)
2024-04-28 12:45:31,384 [5986eb43-6756-4d1a-9985-b2bcfc70d88f-PipelineCommandHandlerThread-0] INFO  ratis.XceiverServerRatis (XceiverServerRatis.java:addGroup(864)) - Created group PipelineID=a99b7c0d-75e3-40d5-88c3-a5936114c7e8
2024-04-28 12:45:31,384 [5986eb43-6756-4d1a-9985-b2bcfc70d88f-PipelineCommandHandlerThread-0] INFO  commandhandler.CreatePipelineCommandHandler (CreatePipelineCommandHandler.java:lambda$handle$2(124)) - Created Pipeline RATIS ONE PipelineID=a99b7c0d-75e3-40d5-88c3-a5936114c7e8.
2024-04-28 12:45:32,374 [main] INFO  ozone.MiniOzoneClusterImpl (MiniOzoneClusterImpl.java:lambda$waitForClusterToBeReady$0(194)) - Nodes are ready. Got 9 of 9 DN Heartbeats.
2024-04-28 12:45:32,374 [main] INFO  ozone.MiniOzoneClusterImpl (MiniOzoneClusterImpl.java:lambda$waitForClusterToBeReady$0(197)) - Waiting for cluster to exit safe mode
2024-04-28 12:45:32,374 [main] INFO  ozone.MiniOzoneClusterImpl (MiniOzoneClusterImpl.java:lambda$waitForClusterToBeReady$0(199)) - SCM became leader
2024-04-28 12:45:33,374 [main] INFO  ozone.MiniOzoneClusterImpl (MiniOzoneClusterImpl.java:lambda$waitForClusterToBeReady$0(194)) - Nodes are ready. Got 9 of 9 DN Heartbeats.
2024-04-28 12:45:33,374 [main] INFO  ozone.MiniOzoneClusterImpl (MiniOzoneClusterImpl.java:lambda$waitForClusterToBeReady$0(197)) - Waiting for cluster to exit safe mode
2024-04-28 12:45:33,374 [main] INFO  ozone.MiniOzoneClusterImpl (MiniOzoneClusterImpl.java:lambda$waitForClusterToBeReady$0(199)) - SCM became leader
2024-04-28 12:45:34,375 [main] INFO  ozone.MiniOzoneClusterImpl (MiniOzoneClusterImpl.java:lambda$waitForClusterToBeReady$0(194)) - Nodes are ready. Got 9 of 9 DN Heartbeats.
2024-04-28 12:45:34,375 [main] INFO  ozone.MiniOzoneClusterImpl (MiniOzoneClusterImpl.java:lambda$waitForClusterToBeReady$0(197)) - Waiting for cluster to exit safe mode
2024-04-28 12:45:34,375 [main] INFO  ozone.MiniOzoneClusterImpl (MiniOzoneClusterImpl.java:lambda$waitForClusterToBeReady$0(199)) - SCM became leader
2024-04-28 12:45:35,375 [main] INFO  ozone.MiniOzoneClusterImpl (MiniOzoneClusterImpl.java:lambda$waitForClusterToBeReady$0(194)) - Nodes are ready. Got 9 of 9 DN Heartbeats.
2024-04-28 12:45:35,375 [main] INFO  ozone.MiniOzoneClusterImpl (MiniOzoneClusterImpl.java:lambda$waitForClusterToBeReady$0(197)) - Waiting for cluster to exit safe mode
2024-04-28 12:45:35,375 [main] INFO  ozone.MiniOzoneClusterImpl (MiniOzoneClusterImpl.java:lambda$waitForClusterToBeReady$0(199)) - SCM became leader
2024-04-28 12:45:35,967 [09d2ac22-859d-47ff-b3c3-58a3590cb163@group-95D7CE87CC4E-FollowerState] INFO  impl.FollowerState (FollowerState.java:run(143)) - 09d2ac22-859d-47ff-b3c3-58a3590cb163@group-95D7CE87CC4E-FollowerState: change to CANDIDATE, lastRpcElapsedTime:5004109583ns, electionTimeout:5003ms
2024-04-28 12:45:35,967 [09d2ac22-859d-47ff-b3c3-58a3590cb163@group-95D7CE87CC4E-FollowerState] INFO  impl.RoleInfo (RoleInfo.java:shutdownFollowerState(110)) - 09d2ac22-859d-47ff-b3c3-58a3590cb163: shutdown 09d2ac22-859d-47ff-b3c3-58a3590cb163@group-95D7CE87CC4E-FollowerState
2024-04-28 12:45:35,967 [09d2ac22-859d-47ff-b3c3-58a3590cb163@group-95D7CE87CC4E-FollowerState] INFO  server.RaftServer$Division (RaftServerImpl.java:setRole(383)) - 09d2ac22-859d-47ff-b3c3-58a3590cb163@group-95D7CE87CC4E: changes role from  FOLLOWER to CANDIDATE at term 0 for changeToCandidate
2024-04-28 12:45:35,967 [09d2ac22-859d-47ff-b3c3-58a3590cb163@group-95D7CE87CC4E-FollowerState] INFO  server.RaftServerConfigKeys (ConfUtils.java:logGet(46)) - raft.server.leaderelection.pre-vote = true (default)
2024-04-28 12:45:35,967 [09d2ac22-859d-47ff-b3c3-58a3590cb163@group-95D7CE87CC4E-FollowerState] INFO  impl.RoleInfo (RoleInfo.java:updateAndGet(139)) - 09d2ac22-859d-47ff-b3c3-58a3590cb163: start 09d2ac22-859d-47ff-b3c3-58a3590cb163@group-95D7CE87CC4E-LeaderElection60
2024-04-28 12:45:35,968 [09d2ac22-859d-47ff-b3c3-58a3590cb163@group-95D7CE87CC4E-LeaderElection60] INFO  impl.LeaderElection (LeaderElection.java:askForVotes(321)) - 09d2ac22-859d-47ff-b3c3-58a3590cb163@group-95D7CE87CC4E-LeaderElection60 PRE_VOTE round 0: submit vote requests at term 0 for -1: peers:[81492a0b-8554-4d1c-9efe-d356d82cfcc4|127.0.0.1:15388, a004c341-03e6-4aa5-a556-61598c35a019|127.0.0.1:15379, 09d2ac22-859d-47ff-b3c3-58a3590cb163|127.0.0.1:15370]|listeners:[], old=null
2024-04-28 12:45:35,968 [09d2ac22-859d-47ff-b3c3-58a3590cb163@group-95D7CE87CC4E-LeaderElection60-1] INFO  server.GrpcServerProtocolClient (GrpcServerProtocolClient.java:<init>(65)) - Build channel for 81492a0b-8554-4d1c-9efe-d356d82cfcc4|127.0.0.1:15388
2024-04-28 12:45:35,968 [09d2ac22-859d-47ff-b3c3-58a3590cb163@group-95D7CE87CC4E-LeaderElection60-2] INFO  server.GrpcServerProtocolClient (GrpcServerProtocolClient.java:<init>(65)) - Build channel for a004c341-03e6-4aa5-a556-61598c35a019|127.0.0.1:15379
2024-04-28 12:45:35,968 [09d2ac22-859d-47ff-b3c3-58a3590cb163@group-95D7CE87CC4E-LeaderElection60] INFO  server.RaftServerConfigKeys (ConfUtils.java:logFallback(53)) - raft.server.rpc.first-election.timeout.min = 5s (fallback to raft.server.rpc.timeout.min)
2024-04-28 12:45:35,968 [09d2ac22-859d-47ff-b3c3-58a3590cb163@group-95D7CE87CC4E-LeaderElection60] INFO  server.RaftServerConfigKeys (ConfUtils.java:logFallback(53)) - raft.server.rpc.first-election.timeout.max = 5200ms (fallback to raft.server.rpc.timeout.max)
2024-04-28 12:45:35,972 [grpc-default-executor-0] INFO  server.RaftServer$Division (RaftServerImpl.java:requestVote(1389)) - a004c341-03e6-4aa5-a556-61598c35a019@group-95D7CE87CC4E: receive requestVote(PRE_VOTE, 09d2ac22-859d-47ff-b3c3-58a3590cb163, group-95D7CE87CC4E, 0, (t:0, i:0))
2024-04-28 12:45:35,972 [grpc-default-executor-5] INFO  server.RaftServer$Division (RaftServerImpl.java:requestVote(1389)) - 81492a0b-8554-4d1c-9efe-d356d82cfcc4@group-95D7CE87CC4E: receive requestVote(PRE_VOTE, 09d2ac22-859d-47ff-b3c3-58a3590cb163, group-95D7CE87CC4E, 0, (t:0, i:0))
2024-04-28 12:45:35,972 [grpc-default-executor-0] INFO  impl.VoteContext (VoteContext.java:log(49)) - a004c341-03e6-4aa5-a556-61598c35a019@group-95D7CE87CC4E-FOLLOWER: reject PRE_VOTE from 09d2ac22-859d-47ff-b3c3-58a3590cb163: our priority 1 > candidate's priority 0
2024-04-28 12:45:35,972 [grpc-default-executor-5] INFO  impl.VoteContext (VoteContext.java:log(49)) - 81492a0b-8554-4d1c-9efe-d356d82cfcc4@group-95D7CE87CC4E-FOLLOWER: accept PRE_VOTE from 09d2ac22-859d-47ff-b3c3-58a3590cb163: our priority 0 <= candidate's priority 0
2024-04-28 12:45:35,972 [grpc-default-executor-0] INFO  server.RaftServer$Division (RaftServerImpl.java:requestVote(1422)) - a004c341-03e6-4aa5-a556-61598c35a019@group-95D7CE87CC4E replies to PRE_VOTE vote request: 09d2ac22-859d-47ff-b3c3-58a3590cb163<-a004c341-03e6-4aa5-a556-61598c35a019#0:FAIL-t0. Peer's state: a004c341-03e6-4aa5-a556-61598c35a019@group-95D7CE87CC4E:t0, leader=null, voted=, raftlog=Memoized:a004c341-03e6-4aa5-a556-61598c35a019@group-95D7CE87CC4E-SegmentedRaftLog:OPENED:c-1, conf=-1: peers:[81492a0b-8554-4d1c-9efe-d356d82cfcc4|127.0.0.1:15388, a004c341-03e6-4aa5-a556-61598c35a019|127.0.0.1:15379, 09d2ac22-859d-47ff-b3c3-58a3590cb163|127.0.0.1:15370]|listeners:[], old=null
2024-04-28 12:45:35,972 [grpc-default-executor-5] INFO  server.RaftServer$Division (RaftServerImpl.java:requestVote(1422)) - 81492a0b-8554-4d1c-9efe-d356d82cfcc4@group-95D7CE87CC4E replies to PRE_VOTE vote request: 09d2ac22-859d-47ff-b3c3-58a3590cb163<-81492a0b-8554-4d1c-9efe-d356d82cfcc4#0:OK-t0. Peer's state: 81492a0b-8554-4d1c-9efe-d356d82cfcc4@group-95D7CE87CC4E:t0, leader=null, voted=, raftlog=Memoized:81492a0b-8554-4d1c-9efe-d356d82cfcc4@group-95D7CE87CC4E-SegmentedRaftLog:OPENED:c-1, conf=-1: peers:[81492a0b-8554-4d1c-9efe-d356d82cfcc4|127.0.0.1:15388, a004c341-03e6-4aa5-a556-61598c35a019|127.0.0.1:15379, 09d2ac22-859d-47ff-b3c3-58a3590cb163|127.0.0.1:15370]|listeners:[], old=null
2024-04-28 12:45:35,973 [09d2ac22-859d-47ff-b3c3-58a3590cb163@group-95D7CE87CC4E-LeaderElection60] INFO  impl.LeaderElection (LeaderElection.java:logAndReturn(89)) - 09d2ac22-859d-47ff-b3c3-58a3590cb163@group-95D7CE87CC4E-LeaderElection60: PRE_VOTE REJECTED received 1 response(s) and 0 exception(s):
2024-04-28 12:45:35,973 [09d2ac22-859d-47ff-b3c3-58a3590cb163@group-95D7CE87CC4E-LeaderElection60] INFO  impl.LeaderElection (LeaderElection.java:logAndReturn(93)) -   Response 0: 09d2ac22-859d-47ff-b3c3-58a3590cb163<-a004c341-03e6-4aa5-a556-61598c35a019#0:FAIL-t0
2024-04-28 12:45:35,973 [09d2ac22-859d-47ff-b3c3-58a3590cb163@group-95D7CE87CC4E-LeaderElection60] INFO  impl.LeaderElection (LeaderElection.java:askForVotes(323)) - 09d2ac22-859d-47ff-b3c3-58a3590cb163@group-95D7CE87CC4E-LeaderElection60 PRE_VOTE round 0: result REJECTED
2024-04-28 12:45:35,973 [09d2ac22-859d-47ff-b3c3-58a3590cb163@group-95D7CE87CC4E-LeaderElection60] INFO  server.RaftServer$Division (RaftServerImpl.java:setRole(383)) - 09d2ac22-859d-47ff-b3c3-58a3590cb163@group-95D7CE87CC4E: changes role from CANDIDATE to FOLLOWER at term 0 for REJECTED
2024-04-28 12:45:35,973 [09d2ac22-859d-47ff-b3c3-58a3590cb163@group-95D7CE87CC4E-LeaderElection60] INFO  impl.RoleInfo (RoleInfo.java:shutdownLeaderElection(130)) - 09d2ac22-859d-47ff-b3c3-58a3590cb163: shutdown 09d2ac22-859d-47ff-b3c3-58a3590cb163@group-95D7CE87CC4E-LeaderElection60
2024-04-28 12:45:35,973 [09d2ac22-859d-47ff-b3c3-58a3590cb163@group-95D7CE87CC4E-LeaderElection60] INFO  impl.RoleInfo (RoleInfo.java:updateAndGet(139)) - 09d2ac22-859d-47ff-b3c3-58a3590cb163: start 09d2ac22-859d-47ff-b3c3-58a3590cb163@group-95D7CE87CC4E-FollowerState
2024-04-28 12:45:35,978 [09d2ac22-859d-47ff-b3c3-58a3590cb163@group-95D7CE87CC4E-LeaderElection60] INFO  server.RaftServer$Division (RaftServerImpl.java:setFirstElection(574)) - 09d2ac22-859d-47ff-b3c3-58a3590cb163@group-95D7CE87CC4E: set firstElectionSinceStartup to false for REJECTED
2024-04-28 12:45:36,058 [a004c341-03e6-4aa5-a556-61598c35a019@group-26F2B1E88B2E-FollowerState] INFO  impl.FollowerState (FollowerState.java:run(143)) - a004c341-03e6-4aa5-a556-61598c35a019@group-26F2B1E88B2E-FollowerState: change to CANDIDATE, lastRpcElapsedTime:5059754077ns, electionTimeout:5059ms
2024-04-28 12:45:36,058 [a004c341-03e6-4aa5-a556-61598c35a019@group-26F2B1E88B2E-FollowerState] INFO  impl.RoleInfo (RoleInfo.java:shutdownFollowerState(110)) - a004c341-03e6-4aa5-a556-61598c35a019: shutdown a004c341-03e6-4aa5-a556-61598c35a019@group-26F2B1E88B2E-FollowerState
2024-04-28 12:45:36,058 [a004c341-03e6-4aa5-a556-61598c35a019@group-26F2B1E88B2E-FollowerState] INFO  server.RaftServer$Division (RaftServerImpl.java:setRole(383)) - a004c341-03e6-4aa5-a556-61598c35a019@group-26F2B1E88B2E: changes role from  FOLLOWER to CANDIDATE at term 0 for changeToCandidate
2024-04-28 12:45:36,058 [a004c341-03e6-4aa5-a556-61598c35a019@group-26F2B1E88B2E-FollowerState] INFO  server.RaftServerConfigKeys (ConfUtils.java:logGet(46)) - raft.server.leaderelection.pre-vote = true (default)
2024-04-28 12:45:36,058 [a004c341-03e6-4aa5-a556-61598c35a019@group-26F2B1E88B2E-FollowerState] INFO  impl.RoleInfo (RoleInfo.java:updateAndGet(139)) - a004c341-03e6-4aa5-a556-61598c35a019: start a004c341-03e6-4aa5-a556-61598c35a019@group-26F2B1E88B2E-LeaderElection61
2024-04-28 12:45:36,058 [a004c341-03e6-4aa5-a556-61598c35a019@group-26F2B1E88B2E-LeaderElection61] INFO  impl.LeaderElection (LeaderElection.java:askForVotes(321)) - a004c341-03e6-4aa5-a556-61598c35a019@group-26F2B1E88B2E-LeaderElection61 PRE_VOTE round 0: submit vote requests at term 0 for -1: peers:[a004c341-03e6-4aa5-a556-61598c35a019|127.0.0.1:15379]|listeners:[], old=null
2024-04-28 12:45:36,059 [a004c341-03e6-4aa5-a556-61598c35a019@group-26F2B1E88B2E-LeaderElection61] INFO  impl.LeaderElection (LeaderElection.java:askForVotes(323)) - a004c341-03e6-4aa5-a556-61598c35a019@group-26F2B1E88B2E-LeaderElection61 PRE_VOTE round 0: result PASSED (term=0)
2024-04-28 12:45:36,060 [a004c341-03e6-4aa5-a556-61598c35a019@group-26F2B1E88B2E-LeaderElection61] INFO  impl.LeaderElection (LeaderElection.java:askForVotes(321)) - a004c341-03e6-4aa5-a556-61598c35a019@group-26F2B1E88B2E-LeaderElection61 ELECTION round 0: submit vote requests at term 1 for -1: peers:[a004c341-03e6-4aa5-a556-61598c35a019|127.0.0.1:15379]|listeners:[], old=null
2024-04-28 12:45:36,060 [a004c341-03e6-4aa5-a556-61598c35a019@group-26F2B1E88B2E-LeaderElection61] INFO  impl.LeaderElection (LeaderElection.java:askForVotes(323)) - a004c341-03e6-4aa5-a556-61598c35a019@group-26F2B1E88B2E-LeaderElection61 ELECTION round 0: result PASSED (term=1)
2024-04-28 12:45:36,060 [a004c341-03e6-4aa5-a556-61598c35a019@group-26F2B1E88B2E-LeaderElection61] INFO  impl.RoleInfo (RoleInfo.java:shutdownLeaderElection(130)) - a004c341-03e6-4aa5-a556-61598c35a019: shutdown a004c341-03e6-4aa5-a556-61598c35a019@group-26F2B1E88B2E-LeaderElection61
2024-04-28 12:45:36,060 [a004c341-03e6-4aa5-a556-61598c35a019@group-26F2B1E88B2E-LeaderElection61] INFO  server.RaftServer$Division (RaftServerImpl.java:setRole(383)) - a004c341-03e6-4aa5-a556-61598c35a019@group-26F2B1E88B2E: changes role from CANDIDATE to LEADER at term 1 for changeToLeader
2024-04-28 12:45:36,060 [a004c341-03e6-4aa5-a556-61598c35a019@group-26F2B1E88B2E-LeaderElection61] INFO  server.RaftServerConfigKeys (ConfUtils.java:logGet(46)) - raft.server.staging.catchup.gap = 1000 (default)
2024-04-28 12:45:36,060 [a004c341-03e6-4aa5-a556-61598c35a019@group-26F2B1E88B2E-LeaderElection61] INFO  server.RaftServerConfigKeys (ConfUtils.java:logGet(46)) - raft.server.write.element-limit = 1024 (custom)
2024-04-28 12:45:36,060 [a004c341-03e6-4aa5-a556-61598c35a019@group-26F2B1E88B2E-LeaderElection61] INFO  server.RaftServerConfigKeys (ConfUtils.java:logGet(46)) - raft.server.write.byte-limit = 1024 M (=1073741824) (custom)
2024-04-28 12:45:36,060 [a004c341-03e6-4aa5-a556-61598c35a019@group-26F2B1E88B2E-LeaderElection61] INFO  server.RaftServerConfigKeys (ConfUtils.java:logGet(46)) - raft.server.watch.timeout = 3000ms (custom)
2024-04-28 12:45:36,060 [a004c341-03e6-4aa5-a556-61598c35a019@group-26F2B1E88B2E-LeaderElection61] INFO  server.RaftServerConfigKeys (ConfUtils.java:logGet(46)) - raft.server.watch.timeout.denomination = 1s (default)
2024-04-28 12:45:36,060 [a004c341-03e6-4aa5-a556-61598c35a019@group-26F2B1E88B2E-LeaderElection61] INFO  server.RaftServerConfigKeys (ConfUtils.java:logGet(46)) - raft.server.watch.element-limit = 65536 (default)
2024-04-28 12:45:36,060 [a004c341-03e6-4aa5-a556-61598c35a019@group-26F2B1E88B2E-LeaderElection61] INFO  server.RaftServerConfigKeys (ConfUtils.java:logGet(46)) - raft.server.read.leader.lease.enabled = false (default)
2024-04-28 12:45:36,060 [a004c341-03e6-4aa5-a556-61598c35a019@group-26F2B1E88B2E-LeaderElection61] INFO  server.RaftServerConfigKeys (ConfUtils.java:logGet(46)) - raft.server.read.leader.lease.timeout.ratio = 0.9 (default)
2024-04-28 12:45:36,061 [a004c341-03e6-4aa5-a556-61598c35a019@group-26F2B1E88B2E-LeaderElection61] INFO  server.RaftServerConfigKeys (ConfUtils.java:logGet(46)) - raft.server.rpc.timeout.min = 5s (custom)
2024-04-28 12:45:36,061 [a004c341-03e6-4aa5-a556-61598c35a019@group-26F2B1E88B2E-LeaderElection61] INFO  server.RaftServerConfigKeys (ConfUtils.java:logGet(46)) - raft.server.write.element-limit = 1024 (custom)
2024-04-28 12:45:36,061 [a004c341-03e6-4aa5-a556-61598c35a019@group-26F2B1E88B2E-LeaderElection61] INFO  server.RaftServerConfigKeys (ConfUtils.java:logGet(46)) - raft.server.write.follower.gap.ratio.max = -1.0 (default)
2024-04-28 12:45:36,061 [a004c341-03e6-4aa5-a556-61598c35a019@group-26F2B1E88B2E-LeaderElection61] INFO  impl.RoleInfo (RoleInfo.java:updateAndGet(139)) - a004c341-03e6-4aa5-a556-61598c35a019: start a004c341-03e6-4aa5-a556-61598c35a019@group-26F2B1E88B2E-LeaderStateImpl
2024-04-28 12:45:36,061 [a004c341-03e6-4aa5-a556-61598c35a019@group-26F2B1E88B2E-LeaderElection61] INFO  server.RaftServer$Division (RaftServerImpl.java:setFirstElection(574)) - a004c341-03e6-4aa5-a556-61598c35a019@group-26F2B1E88B2E: set firstElectionSinceStartup to false for becomeLeader
2024-04-28 12:45:36,061 [a004c341-03e6-4aa5-a556-61598c35a019@group-26F2B1E88B2E-LeaderElection61] INFO  ratis.XceiverServerRatis (XceiverServerRatis.java:handleLeaderChangedNotification(966)) - Leader change notification received for group: group-26F2B1E88B2E with new leaderId: a004c341-03e6-4aa5-a556-61598c35a019
2024-04-28 12:45:36,061 [a004c341-03e6-4aa5-a556-61598c35a019@group-26F2B1E88B2E-LeaderElection61] INFO  server.RaftServer$Division (ServerState.java:setLeader(269)) - a004c341-03e6-4aa5-a556-61598c35a019@group-26F2B1E88B2E: change Leader from null to a004c341-03e6-4aa5-a556-61598c35a019 at term 1 for becomeLeader, leader elected after 5076ms
2024-04-28 12:45:36,061 [a004c341-03e6-4aa5-a556-61598c35a019@group-26F2B1E88B2E-LeaderElection61] INFO  segmented.SegmentedRaftLogWorker (SegmentedRaftLogWorker.java:startLogSegment(430)) - a004c341-03e6-4aa5-a556-61598c35a019@group-26F2B1E88B2E-SegmentedRaftLogWorker: Starting segment from index:0
2024-04-28 12:45:36,061 [a004c341-03e6-4aa5-a556-61598c35a019@group-26F2B1E88B2E-LeaderElection61] INFO  server.RaftServer$Division (ServerState.java:setRaftConf(386)) - a004c341-03e6-4aa5-a556-61598c35a019@group-26F2B1E88B2E: set configuration 0: peers:[a004c341-03e6-4aa5-a556-61598c35a019|127.0.0.1:15379]|listeners:[], old=null
2024-04-28 12:45:36,062 [a004c341-03e6-4aa5-a556-61598c35a019@group-26F2B1E88B2E-SegmentedRaftLogWorker] INFO  segmented.BufferedWriteChannel (BufferedWriteChannel.java:open(62)) - open log_inprogress_0 at position 0
2024-04-28 12:45:36,062 [81492a0b-8554-4d1c-9efe-d356d82cfcc4@group-95D7CE87CC4E-FollowerState] INFO  server.RaftServerConfigKeys (ConfUtils.java:logFallback(53)) - raft.server.rpc.first-election.timeout.min = 5s (fallback to raft.server.rpc.timeout.min)
2024-04-28 12:45:36,062 [81492a0b-8554-4d1c-9efe-d356d82cfcc4@group-95D7CE87CC4E-FollowerState] INFO  server.RaftServerConfigKeys (ConfUtils.java:logFallback(53)) - raft.server.rpc.first-election.timeout.max = 5200ms (fallback to raft.server.rpc.timeout.max)
2024-04-28 12:45:36,063 [EventQueue-OpenPipelineForHealthyPipelineSafeModeRule] INFO  safemode.SCMSafeModeManager (HealthyPipelineSafeModeRule.java:process(140)) - SCM in safe mode. Healthy pipelines reported count is 0, required healthy pipeline reported count is 1
2024-04-28 12:45:36,069 [a004c341-03e6-4aa5-a556-61598c35a019@group-26F2B1E88B2E-SegmentedRaftLogWorker] INFO  segmented.SegmentedRaftLogWorker (SegmentedRaftLogWorker.java:execute(634)) - a004c341-03e6-4aa5-a556-61598c35a019@group-26F2B1E88B2E-SegmentedRaftLogWorker: created new log segment /home/runner/work/ozone/ozone/hadoop-ozone/integration-test/target/test-dir/MiniOzoneClusterImpl-4444f751-856d-4595-ad15-e87fc76049bc/ozone-meta/datanode-2/ratis/21fad630-9ed0-441c-8afb-26f2b1e88b2e/current/log_inprogress_0
2024-04-28 12:45:36,070 [a004c341-03e6-4aa5-a556-61598c35a019@group-26F2B1E88B2E-StateMachineUpdater] INFO  server.RaftServer$Division (LeaderStateImpl.java:isApplied(320)) - leader is ready since appliedIndex == 0 >= startIndex == 0
2024-04-28 12:45:36,105 [09d2ac22-859d-47ff-b3c3-58a3590cb163@group-4114A5ED2105-FollowerState] INFO  impl.FollowerState (FollowerState.java:run(143)) - 09d2ac22-859d-47ff-b3c3-58a3590cb163@group-4114A5ED2105-FollowerState: change to CANDIDATE, lastRpcElapsedTime:5155381709ns, electionTimeout:5151ms
2024-04-28 12:45:36,105 [09d2ac22-859d-47ff-b3c3-58a3590cb163@group-4114A5ED2105-FollowerState] INFO  impl.RoleInfo (RoleInfo.java:shutdownFollowerState(110)) - 09d2ac22-859d-47ff-b3c3-58a3590cb163: shutdown 09d2ac22-859d-47ff-b3c3-58a3590cb163@group-4114A5ED2105-FollowerState
2024-04-28 12:45:36,105 [09d2ac22-859d-47ff-b3c3-58a3590cb163@group-4114A5ED2105-FollowerState] INFO  server.RaftServer$Division (RaftServerImpl.java:setRole(383)) - 09d2ac22-859d-47ff-b3c3-58a3590cb163@group-4114A5ED2105: changes role from  FOLLOWER to CANDIDATE at term 0 for changeToCandidate
2024-04-28 12:45:36,105 [09d2ac22-859d-47ff-b3c3-58a3590cb163@group-4114A5ED2105-FollowerState] INFO  server.RaftServerConfigKeys (ConfUtils.java:logGet(46)) - raft.server.leaderelection.pre-vote = true (default)
2024-04-28 12:45:36,105 [09d2ac22-859d-47ff-b3c3-58a3590cb163@group-4114A5ED2105-FollowerState] INFO  impl.RoleInfo (RoleInfo.java:updateAndGet(139)) - 09d2ac22-859d-47ff-b3c3-58a3590cb163: start 09d2ac22-859d-47ff-b3c3-58a3590cb163@group-4114A5ED2105-LeaderElection62
2024-04-28 12:45:36,106 [09d2ac22-859d-47ff-b3c3-58a3590cb163@group-4114A5ED2105-LeaderElection62] INFO  impl.LeaderElection (LeaderElection.java:askForVotes(321)) - 09d2ac22-859d-47ff-b3c3-58a3590cb163@group-4114A5ED2105-LeaderElection62 PRE_VOTE round 0: submit vote requests at term 0 for -1: peers:[09d2ac22-859d-47ff-b3c3-58a3590cb163|127.0.0.1:15370]|listeners:[], old=null
2024-04-28 12:45:36,106 [09d2ac22-859d-47ff-b3c3-58a3590cb163@group-4114A5ED2105-LeaderElection62] INFO  impl.LeaderElection (LeaderElection.java:askForVotes(323)) - 09d2ac22-859d-47ff-b3c3-58a3590cb163@group-4114A5ED2105-LeaderElection62 PRE_VOTE round 0: result PASSED (term=0)
2024-04-28 12:45:36,106 [09d2ac22-859d-47ff-b3c3-58a3590cb163@group-4114A5ED2105-LeaderElection62] INFO  impl.LeaderElection (LeaderElection.java:askForVotes(321)) - 09d2ac22-859d-47ff-b3c3-58a3590cb163@group-4114A5ED2105-LeaderElection62 ELECTION round 0: submit vote requests at term 1 for -1: peers:[09d2ac22-859d-47ff-b3c3-58a3590cb163|127.0.0.1:15370]|listeners:[], old=null
2024-04-28 12:45:36,106 [09d2ac22-859d-47ff-b3c3-58a3590cb163@group-4114A5ED2105-LeaderElection62] INFO  impl.LeaderElection (LeaderElection.java:askForVotes(323)) - 09d2ac22-859d-47ff-b3c3-58a3590cb163@group-4114A5ED2105-LeaderElection62 ELECTION round 0: result PASSED (term=1)
2024-04-28 12:45:36,106 [09d2ac22-859d-47ff-b3c3-58a3590cb163@group-4114A5ED2105-LeaderElection62] INFO  impl.RoleInfo (RoleInfo.java:shutdownLeaderElection(130)) - 09d2ac22-859d-47ff-b3c3-58a3590cb163: shutdown 09d2ac22-859d-47ff-b3c3-58a3590cb163@group-4114A5ED2105-LeaderElection62
2024-04-28 12:45:36,107 [09d2ac22-859d-47ff-b3c3-58a3590cb163@group-4114A5ED2105-LeaderElection62] INFO  server.RaftServer$Division (RaftServerImpl.java:setRole(383)) - 09d2ac22-859d-47ff-b3c3-58a3590cb163@group-4114A5ED2105: changes role from CANDIDATE to LEADER at term 1 for changeToLeader
2024-04-28 12:45:36,107 [09d2ac22-859d-47ff-b3c3-58a3590cb163@group-4114A5ED2105-LeaderElection62] INFO  server.RaftServerConfigKeys (ConfUtils.java:logGet(46)) - raft.server.staging.catchup.gap = 1000 (default)
2024-04-28 12:45:36,107 [09d2ac22-859d-47ff-b3c3-58a3590cb163@group-4114A5ED2105-LeaderElection62] INFO  server.RaftServerConfigKeys (ConfUtils.java:logGet(46)) - raft.server.write.element-limit = 1024 (custom)
2024-04-28 12:45:36,107 [09d2ac22-859d-47ff-b3c3-58a3590cb163@group-4114A5ED2105-LeaderElection62] INFO  server.RaftServerConfigKeys (ConfUtils.java:logGet(46)) - raft.server.write.byte-limit = 1024 M (=1073741824) (custom)
2024-04-28 12:45:36,107 [09d2ac22-859d-47ff-b3c3-58a3590cb163@group-4114A5ED2105-LeaderElection62] INFO  server.RaftServerConfigKeys (ConfUtils.java:logGet(46)) - raft.server.watch.timeout = 3000ms (custom)
2024-04-28 12:45:36,107 [09d2ac22-859d-47ff-b3c3-58a3590cb163@group-4114A5ED2105-LeaderElection62] INFO  server.RaftServerConfigKeys (ConfUtils.java:logGet(46)) - raft.server.watch.timeout.denomination = 1s (default)
2024-04-28 12:45:36,107 [09d2ac22-859d-47ff-b3c3-58a3590cb163@group-4114A5ED2105-LeaderElection62] INFO  server.RaftServerConfigKeys (ConfUtils.java:logGet(46)) - raft.server.watch.element-limit = 65536 (default)
2024-04-28 12:45:36,107 [09d2ac22-859d-47ff-b3c3-58a3590cb163@group-4114A5ED2105-LeaderElection62] INFO  server.RaftServerConfigKeys (ConfUtils.java:logGet(46)) - raft.server.read.leader.lease.enabled = false (default)
2024-04-28 12:45:36,107 [09d2ac22-859d-47ff-b3c3-58a3590cb163@group-4114A5ED2105-LeaderElection62] INFO  server.RaftServerConfigKeys (ConfUtils.java:logGet(46)) - raft.server.read.leader.lease.timeout.ratio = 0.9 (default)
2024-04-28 12:45:36,107 [09d2ac22-859d-47ff-b3c3-58a3590cb163@group-4114A5ED2105-LeaderElection62] INFO  server.RaftServerConfigKeys (ConfUtils.java:logGet(46)) - raft.server.rpc.timeout.min = 5s (custom)
2024-04-28 12:45:36,107 [09d2ac22-859d-47ff-b3c3-58a3590cb163@group-4114A5ED2105-LeaderElection62] INFO  server.RaftServerConfigKeys (ConfUtils.java:logGet(46)) - raft.server.write.element-limit = 1024 (custom)
2024-04-28 12:45:36,107 [09d2ac22-859d-47ff-b3c3-58a3590cb163@group-4114A5ED2105-LeaderElection62] INFO  server.RaftServerConfigKeys (ConfUtils.java:logGet(46)) - raft.server.write.follower.gap.ratio.max = -1.0 (default)
2024-04-28 12:45:36,107 [09d2ac22-859d-47ff-b3c3-58a3590cb163@group-4114A5ED2105-LeaderElection62] INFO  impl.RoleInfo (RoleInfo.java:updateAndGet(139)) - 09d2ac22-859d-47ff-b3c3-58a3590cb163: start 09d2ac22-859d-47ff-b3c3-58a3590cb163@group-4114A5ED2105-LeaderStateImpl
2024-04-28 12:45:36,108 [09d2ac22-859d-47ff-b3c3-58a3590cb163@group-4114A5ED2105-LeaderElection62] INFO  server.RaftServer$Division (RaftServerImpl.java:setFirstElection(574)) - 09d2ac22-859d-47ff-b3c3-58a3590cb163@group-4114A5ED2105: set firstElectionSinceStartup to false for becomeLeader
2024-04-28 12:45:36,108 [09d2ac22-859d-47ff-b3c3-58a3590cb163@group-4114A5ED2105-LeaderElection62] INFO  ratis.XceiverServerRatis (XceiverServerRatis.java:handleLeaderChangedNotification(966)) - Leader change notification received for group: group-4114A5ED2105 with new leaderId: 09d2ac22-859d-47ff-b3c3-58a3590cb163
2024-04-28 12:45:36,108 [09d2ac22-859d-47ff-b3c3-58a3590cb163@group-4114A5ED2105-LeaderElection62] INFO  server.RaftServer$Division (ServerState.java:setLeader(269)) - 09d2ac22-859d-47ff-b3c3-58a3590cb163@group-4114A5ED2105: change Leader from null to 09d2ac22-859d-47ff-b3c3-58a3590cb163 at term 1 for becomeLeader, leader elected after 5170ms
2024-04-28 12:45:36,108 [09d2ac22-859d-47ff-b3c3-58a3590cb163@group-4114A5ED2105-LeaderElection62] INFO  segmented.SegmentedRaftLogWorker (SegmentedRaftLogWorker.java:startLogSegment(430)) - 09d2ac22-859d-47ff-b3c3-58a3590cb163@group-4114A5ED2105-SegmentedRaftLogWorker: Starting segment from index:0
2024-04-28 12:45:36,108 [09d2ac22-859d-47ff-b3c3-58a3590cb163@group-4114A5ED2105-SegmentedRaftLogWorker] INFO  segmented.BufferedWriteChannel (BufferedWriteChannel.java:open(62)) - open log_inprogress_0 at position 0
2024-04-28 12:45:36,108 [EventQueue-OpenPipelineForHealthyPipelineSafeModeRule] INFO  safemode.SCMSafeModeManager (HealthyPipelineSafeModeRule.java:process(140)) - SCM in safe mode. Healthy pipelines reported count is 0, required healthy pipeline reported count is 1
2024-04-28 12:45:36,111 [a004c341-03e6-4aa5-a556-61598c35a019@group-95D7CE87CC4E-FollowerState] INFO  impl.FollowerState (FollowerState.java:run(143)) - a004c341-03e6-4aa5-a556-61598c35a019@group-95D7CE87CC4E-FollowerState: change to CANDIDATE, lastRpcElapsedTime:5103807816ns, electionTimeout:5103ms
2024-04-28 12:45:36,111 [a004c341-03e6-4aa5-a556-61598c35a019@group-95D7CE87CC4E-FollowerState] INFO  impl.RoleInfo (RoleInfo.java:shutdownFollowerState(110)) - a004c341-03e6-4aa5-a556-61598c35a019: shutdown a004c341-03e6-4aa5-a556-61598c35a019@group-95D7CE87CC4E-FollowerState
2024-04-28 12:45:36,111 [a004c341-03e6-4aa5-a556-61598c35a019@group-95D7CE87CC4E-FollowerState] INFO  server.RaftServer$Division (RaftServerImpl.java:setRole(383)) - a004c341-03e6-4aa5-a556-61598c35a019@group-95D7CE87CC4E: changes role from  FOLLOWER to CANDIDATE at term 0 for changeToCandidate
2024-04-28 12:45:36,111 [a004c341-03e6-4aa5-a556-61598c35a019@group-95D7CE87CC4E-FollowerState] INFO  server.RaftServerConfigKeys (ConfUtils.java:logGet(46)) - raft.server.leaderelection.pre-vote = true (default)
2024-04-28 12:45:36,111 [a004c341-03e6-4aa5-a556-61598c35a019@group-95D7CE87CC4E-FollowerState] INFO  impl.RoleInfo (RoleInfo.java:updateAndGet(139)) - a004c341-03e6-4aa5-a556-61598c35a019: start a004c341-03e6-4aa5-a556-61598c35a019@group-95D7CE87CC4E-LeaderElection63
2024-04-28 12:45:36,111 [a004c341-03e6-4aa5-a556-61598c35a019@group-95D7CE87CC4E-LeaderElection63] INFO  impl.LeaderElection (LeaderElection.java:askForVotes(321)) - a004c341-03e6-4aa5-a556-61598c35a019@group-95D7CE87CC4E-LeaderElection63 PRE_VOTE round 0: submit vote requests at term 0 for -1: peers:[81492a0b-8554-4d1c-9efe-d356d82cfcc4|127.0.0.1:15388, a004c341-03e6-4aa5-a556-61598c35a019|127.0.0.1:15379, 09d2ac22-859d-47ff-b3c3-58a3590cb163|127.0.0.1:15370]|listeners:[], old=null
2024-04-28 12:45:36,111 [a004c341-03e6-4aa5-a556-61598c35a019@group-95D7CE87CC4E-LeaderElection63-1] INFO  server.GrpcServerProtocolClient (GrpcServerProtocolClient.java:<init>(65)) - Build channel for 81492a0b-8554-4d1c-9efe-d356d82cfcc4|127.0.0.1:15388
2024-04-28 12:45:36,111 [a004c341-03e6-4aa5-a556-61598c35a019@group-95D7CE87CC4E-LeaderElection63-2] INFO  server.GrpcServerProtocolClient (GrpcServerProtocolClient.java:<init>(65)) - Build channel for 09d2ac22-859d-47ff-b3c3-58a3590cb163|127.0.0.1:15370
2024-04-28 12:45:36,111 [a004c341-03e6-4aa5-a556-61598c35a019@group-95D7CE87CC4E-LeaderElection63] INFO  server.RaftServerConfigKeys (ConfUtils.java:logFallback(53)) - raft.server.rpc.first-election.timeout.min = 5s (fallback to raft.server.rpc.timeout.min)
2024-04-28 12:45:36,112 [a004c341-03e6-4aa5-a556-61598c35a019@group-95D7CE87CC4E-LeaderElection63] INFO  server.RaftServerConfigKeys (ConfUtils.java:logFallback(53)) - raft.server.rpc.first-election.timeout.max = 5200ms (fallback to raft.server.rpc.timeout.max)
2024-04-28 12:45:36,112 [09d2ac22-859d-47ff-b3c3-58a3590cb163@group-4114A5ED2105-LeaderElection62] INFO  server.RaftServer$Division (ServerState.java:setRaftConf(386)) - 09d2ac22-859d-47ff-b3c3-58a3590cb163@group-4114A5ED2105: set configuration 0: peers:[09d2ac22-859d-47ff-b3c3-58a3590cb163|127.0.0.1:15370]|listeners:[], old=null
2024-04-28 12:45:36,115 [grpc-default-executor-4] INFO  server.RaftServer$Division (RaftServerImpl.java:requestVote(1389)) - 81492a0b-8554-4d1c-9efe-d356d82cfcc4@group-95D7CE87CC4E: receive requestVote(PRE_VOTE, a004c341-03e6-4aa5-a556-61598c35a019, group-95D7CE87CC4E, 0, (t:0, i:0))
2024-04-28 12:45:36,115 [grpc-default-executor-4] INFO  impl.VoteContext (VoteContext.java:log(49)) - 81492a0b-8554-4d1c-9efe-d356d82cfcc4@group-95D7CE87CC4E-FOLLOWER: accept PRE_VOTE from a004c341-03e6-4aa5-a556-61598c35a019: our priority 0 <= candidate's priority 1
2024-04-28 12:45:36,115 [grpc-default-executor-4] INFO  server.RaftServer$Division (RaftServerImpl.java:requestVote(1422)) - 81492a0b-8554-4d1c-9efe-d356d82cfcc4@group-95D7CE87CC4E replies to PRE_VOTE vote request: a004c341-03e6-4aa5-a556-61598c35a019<-81492a0b-8554-4d1c-9efe-d356d82cfcc4#0:OK-t0. Peer's state: 81492a0b-8554-4d1c-9efe-d356d82cfcc4@group-95D7CE87CC4E:t0, leader=null, voted=, raftlog=Memoized:81492a0b-8554-4d1c-9efe-d356d82cfcc4@group-95D7CE87CC4E-SegmentedRaftLog:OPENED:c-1, conf=-1: peers:[81492a0b-8554-4d1c-9efe-d356d82cfcc4|127.0.0.1:15388, a004c341-03e6-4aa5-a556-61598c35a019|127.0.0.1:15379, 09d2ac22-859d-47ff-b3c3-58a3590cb163|127.0.0.1:15370]|listeners:[], old=null
2024-04-28 12:45:36,115 [grpc-default-executor-0] INFO  server.RaftServer$Division (RaftServerImpl.java:requestVote(1389)) - 09d2ac22-859d-47ff-b3c3-58a3590cb163@group-95D7CE87CC4E: receive requestVote(PRE_VOTE, a004c341-03e6-4aa5-a556-61598c35a019, group-95D7CE87CC4E, 0, (t:0, i:0))
2024-04-28 12:45:36,115 [09d2ac22-859d-47ff-b3c3-58a3590cb163@group-4114A5ED2105-SegmentedRaftLogWorker] INFO  segmented.SegmentedRaftLogWorker (SegmentedRaftLogWorker.java:execute(634)) - 09d2ac22-859d-47ff-b3c3-58a3590cb163@group-4114A5ED2105-SegmentedRaftLogWorker: created new log segment /home/runner/work/ozone/ozone/hadoop-ozone/integration-test/target/test-dir/MiniOzoneClusterImpl-4444f751-856d-4595-ad15-e87fc76049bc/ozone-meta/datanode-1/ratis/0ae87b44-efc3-478e-99a5-4114a5ed2105/current/log_inprogress_0
2024-04-28 12:45:36,115 [grpc-default-executor-0] INFO  impl.VoteContext (VoteContext.java:log(49)) - 09d2ac22-859d-47ff-b3c3-58a3590cb163@group-95D7CE87CC4E-FOLLOWER: accept PRE_VOTE from a004c341-03e6-4aa5-a556-61598c35a019: our priority 0 <= candidate's priority 1
2024-04-28 12:45:36,116 [grpc-default-executor-0] INFO  server.RaftServer$Division (RaftServerImpl.java:requestVote(1422)) - 09d2ac22-859d-47ff-b3c3-58a3590cb163@group-95D7CE87CC4E replies to PRE_VOTE vote request: a004c341-03e6-4aa5-a556-61598c35a019<-09d2ac22-859d-47ff-b3c3-58a3590cb163#0:OK-t0. Peer's state: 09d2ac22-859d-47ff-b3c3-58a3590cb163@group-95D7CE87CC4E:t0, leader=null, voted=, raftlog=Memoized:09d2ac22-859d-47ff-b3c3-58a3590cb163@group-95D7CE87CC4E-SegmentedRaftLog:OPENED:c-1, conf=-1: peers:[81492a0b-8554-4d1c-9efe-d356d82cfcc4|127.0.0.1:15388, a004c341-03e6-4aa5-a556-61598c35a019|127.0.0.1:15379, 09d2ac22-859d-47ff-b3c3-58a3590cb163|127.0.0.1:15370]|listeners:[], old=null
2024-04-28 12:45:36,116 [a004c341-03e6-4aa5-a556-61598c35a019@group-95D7CE87CC4E-LeaderElection63] INFO  impl.LeaderElection (LeaderElection.java:logAndReturn(89)) - a004c341-03e6-4aa5-a556-61598c35a019@group-95D7CE87CC4E-LeaderElection63: PRE_VOTE PASSED received 1 response(s) and 0 exception(s):
2024-04-28 12:45:36,116 [a004c341-03e6-4aa5-a556-61598c35a019@group-95D7CE87CC4E-LeaderElection63] INFO  impl.LeaderElection (LeaderElection.java:logAndReturn(93)) -   Response 0: a004c341-03e6-4aa5-a556-61598c35a019<-81492a0b-8554-4d1c-9efe-d356d82cfcc4#0:OK-t0
2024-04-28 12:45:36,116 [a004c341-03e6-4aa5-a556-61598c35a019@group-95D7CE87CC4E-LeaderElection63] INFO  impl.LeaderElection (LeaderElection.java:askForVotes(323)) - a004c341-03e6-4aa5-a556-61598c35a019@group-95D7CE87CC4E-LeaderElection63 PRE_VOTE round 0: result PASSED
2024-04-28 12:45:36,117 [09d2ac22-859d-47ff-b3c3-58a3590cb163@group-4114A5ED2105-StateMachineUpdater] INFO  server.RaftServer$Division (LeaderStateImpl.java:isApplied(320)) - leader is ready since appliedIndex == 0 >= startIndex == 0
2024-04-28 12:45:36,117 [a004c341-03e6-4aa5-a556-61598c35a019@group-95D7CE87CC4E-LeaderElection63] INFO  impl.LeaderElection (LeaderElection.java:askForVotes(321)) - a004c341-03e6-4aa5-a556-61598c35a019@group-95D7CE87CC4E-LeaderElection63 ELECTION round 0: submit vote requests at term 1 for -1: peers:[81492a0b-8554-4d1c-9efe-d356d82cfcc4|127.0.0.1:15388, a004c341-03e6-4aa5-a556-61598c35a019|127.0.0.1:15379, 09d2ac22-859d-47ff-b3c3-58a3590cb163|127.0.0.1:15370]|listeners:[], old=null
2024-04-28 12:45:36,118 [a004c341-03e6-4aa5-a556-61598c35a019@group-95D7CE87CC4E-LeaderElection63] INFO  server.RaftServerConfigKeys (ConfUtils.java:logFallback(53)) - raft.server.rpc.first-election.timeout.min = 5s (fallback to raft.server.rpc.timeout.min)
2024-04-28 12:45:36,118 [a004c341-03e6-4aa5-a556-61598c35a019@group-95D7CE87CC4E-LeaderElection63] INFO  server.RaftServerConfigKeys (ConfUtils.java:logFallback(53)) - raft.server.rpc.first-election.timeout.max = 5200ms (fallback to raft.server.rpc.timeout.max)
2024-04-28 12:45:36,118 [grpc-default-executor-0] INFO  server.RaftServer$Division (RaftServerImpl.java:requestVote(1389)) - 09d2ac22-859d-47ff-b3c3-58a3590cb163@group-95D7CE87CC4E: receive requestVote(ELECTION, a004c341-03e6-4aa5-a556-61598c35a019, group-95D7CE87CC4E, 1, (t:0, i:0))
2024-04-28 12:45:36,118 [grpc-default-executor-0] INFO  impl.VoteContext (VoteContext.java:log(49)) - 09d2ac22-859d-47ff-b3c3-58a3590cb163@group-95D7CE87CC4E-FOLLOWER: accept ELECTION from a004c341-03e6-4aa5-a556-61598c35a019: our priority 0 <= candidate's priority 1
2024-04-28 12:45:36,118 [grpc-default-executor-0] INFO  server.RaftServer$Division (RaftServerImpl.java:setRole(383)) - 09d2ac22-859d-47ff-b3c3-58a3590cb163@group-95D7CE87CC4E: changes role from  FOLLOWER to FOLLOWER at term 1 for candidate:a004c341-03e6-4aa5-a556-61598c35a019
2024-04-28 12:45:36,118 [grpc-default-executor-0] INFO  impl.RoleInfo (RoleInfo.java:shutdownFollowerState(110)) - 09d2ac22-859d-47ff-b3c3-58a3590cb163: shutdown 09d2ac22-859d-47ff-b3c3-58a3590cb163@group-95D7CE87CC4E-FollowerState
2024-04-28 12:45:36,118 [grpc-default-executor-0] INFO  impl.RoleInfo (RoleInfo.java:updateAndGet(139)) - 09d2ac22-859d-47ff-b3c3-58a3590cb163: start 09d2ac22-859d-47ff-b3c3-58a3590cb163@group-95D7CE87CC4E-FollowerState
2024-04-28 12:45:36,118 [09d2ac22-859d-47ff-b3c3-58a3590cb163@group-95D7CE87CC4E-FollowerState] INFO  impl.FollowerState (FollowerState.java:run(152)) - 09d2ac22-859d-47ff-b3c3-58a3590cb163@group-95D7CE87CC4E-FollowerState was interrupted
2024-04-28 12:45:36,119 [grpc-default-executor-4] INFO  server.RaftServer$Division (RaftServerImpl.java:requestVote(1389)) - 81492a0b-8554-4d1c-9efe-d356d82cfcc4@group-95D7CE87CC4E: receive requestVote(ELECTION, a004c341-03e6-4aa5-a556-61598c35a019, group-95D7CE87CC4E, 1, (t:0, i:0))
2024-04-28 12:45:36,119 [grpc-default-executor-4] INFO  impl.VoteContext (VoteContext.java:log(49)) - 81492a0b-8554-4d1c-9efe-d356d82cfcc4@group-95D7CE87CC4E-FOLLOWER: accept ELECTION from a004c341-03e6-4aa5-a556-61598c35a019: our priority 0 <= candidate's priority 1
2024-04-28 12:45:36,119 [grpc-default-executor-4] INFO  server.RaftServer$Division (RaftServerImpl.java:setRole(383)) - 81492a0b-8554-4d1c-9efe-d356d82cfcc4@group-95D7CE87CC4E: changes role from  FOLLOWER to FOLLOWER at term 1 for candidate:a004c341-03e6-4aa5-a556-61598c35a019
2024-04-28 12:45:36,119 [grpc-default-executor-4] INFO  impl.RoleInfo (RoleInfo.java:shutdownFollowerState(110)) - 81492a0b-8554-4d1c-9efe-d356d82cfcc4: shutdown 81492a0b-8554-4d1c-9efe-d356d82cfcc4@group-95D7CE87CC4E-FollowerState
2024-04-28 12:45:36,119 [grpc-default-executor-4] INFO  impl.RoleInfo (RoleInfo.java:updateAndGet(139)) - 81492a0b-8554-4d1c-9efe-d356d82cfcc4: start 81492a0b-8554-4d1c-9efe-d356d82cfcc4@group-95D7CE87CC4E-FollowerState
2024-04-28 12:45:36,119 [81492a0b-8554-4d1c-9efe-d356d82cfcc4@group-95D7CE87CC4E-FollowerState] INFO  impl.FollowerState (FollowerState.java:run(152)) - 81492a0b-8554-4d1c-9efe-d356d82cfcc4@group-95D7CE87CC4E-FollowerState was interrupted
2024-04-28 12:45:36,119 [grpc-default-executor-4] INFO  server.RaftServer$Division (RaftServerImpl.java:setFirstElection(574)) - 81492a0b-8554-4d1c-9efe-d356d82cfcc4@group-95D7CE87CC4E: set firstElectionSinceStartup to false for candidate:a004c341-03e6-4aa5-a556-61598c35a019
2024-04-28 12:45:36,120 [grpc-default-executor-0] INFO  server.RaftServer$Division (RaftServerImpl.java:requestVote(1422)) - 09d2ac22-859d-47ff-b3c3-58a3590cb163@group-95D7CE87CC4E replies to ELECTION vote request: a004c341-03e6-4aa5-a556-61598c35a019<-09d2ac22-859d-47ff-b3c3-58a3590cb163#0:OK-t1. Peer's state: 09d2ac22-859d-47ff-b3c3-58a3590cb163@group-95D7CE87CC4E:t1, leader=null, voted=a004c341-03e6-4aa5-a556-61598c35a019, raftlog=Memoized:09d2ac22-859d-47ff-b3c3-58a3590cb163@group-95D7CE87CC4E-SegmentedRaftLog:OPENED:c-1, conf=-1: peers:[81492a0b-8554-4d1c-9efe-d356d82cfcc4|127.0.0.1:15388, a004c341-03e6-4aa5-a556-61598c35a019|127.0.0.1:15379, 09d2ac22-859d-47ff-b3c3-58a3590cb163|127.0.0.1:15370]|listeners:[], old=null
2024-04-28 12:45:36,120 [grpc-default-executor-4] INFO  server.RaftServer$Division (RaftServerImpl.java:requestVote(1422)) - 81492a0b-8554-4d1c-9efe-d356d82cfcc4@group-95D7CE87CC4E replies to ELECTION vote request: a004c341-03e6-4aa5-a556-61598c35a019<-81492a0b-8554-4d1c-9efe-d356d82cfcc4#0:OK-t1. Peer's state: 81492a0b-8554-4d1c-9efe-d356d82cfcc4@group-95D7CE87CC4E:t1, leader=null, voted=a004c341-03e6-4aa5-a556-61598c35a019, raftlog=Memoized:81492a0b-8554-4d1c-9efe-d356d82cfcc4@group-95D7CE87CC4E-SegmentedRaftLog:OPENED:c-1, conf=-1: peers:[81492a0b-8554-4d1c-9efe-d356d82cfcc4|127.0.0.1:15388, a004c341-03e6-4aa5-a556-61598c35a019|127.0.0.1:15379, 09d2ac22-859d-47ff-b3c3-58a3590cb163|127.0.0.1:15370]|listeners:[], old=null
2024-04-28 12:45:36,120 [a004c341-03e6-4aa5-a556-61598c35a019@group-95D7CE87CC4E-LeaderElection63] INFO  impl.LeaderElection (LeaderElection.java:logAndReturn(89)) - a004c341-03e6-4aa5-a556-61598c35a019@group-95D7CE87CC4E-LeaderElection63: ELECTION PASSED received 1 response(s) and 0 exception(s):
2024-04-28 12:45:36,120 [a004c341-03e6-4aa5-a556-61598c35a019@group-95D7CE87CC4E-LeaderElection63] INFO  impl.LeaderElection (LeaderElection.java:logAndReturn(93)) -   Response 0: a004c341-03e6-4aa5-a556-61598c35a019<-09d2ac22-859d-47ff-b3c3-58a3590cb163#0:OK-t1
2024-04-28 12:45:36,121 [a004c341-03e6-4aa5-a556-61598c35a019@group-95D7CE87CC4E-LeaderElection63] INFO  impl.LeaderElection (LeaderElection.java:askForVotes(323)) - a004c341-03e6-4aa5-a556-61598c35a019@group-95D7CE87CC4E-LeaderElection63 ELECTION round 0: result PASSED
2024-04-28 12:45:36,121 [a004c341-03e6-4aa5-a556-61598c35a019@group-95D7CE87CC4E-LeaderElection63] INFO  impl.RoleInfo (RoleInfo.java:shutdownLeaderElection(130)) - a004c341-03e6-4aa5-a556-61598c35a019: shutdown a004c341-03e6-4aa5-a556-61598c35a019@group-95D7CE87CC4E-LeaderElection63
2024-04-28 12:45:36,121 [a004c341-03e6-4aa5-a556-61598c35a019@group-95D7CE87CC4E-LeaderElection63] INFO  server.RaftServer$Division (RaftServerImpl.java:setRole(383)) - a004c341-03e6-4aa5-a556-61598c35a019@group-95D7CE87CC4E: changes role from CANDIDATE to LEADER at term 1 for changeToLeader
2024-04-28 12:45:36,121 [a004c341-03e6-4aa5-a556-61598c35a019@group-95D7CE87CC4E-LeaderElection63] INFO  server.RaftServerConfigKeys (ConfUtils.java:logGet(46)) - raft.server.staging.catchup.gap = 1000 (default)
2024-04-28 12:45:36,121 [a004c341-03e6-4aa5-a556-61598c35a019@group-95D7CE87CC4E-LeaderElection63] INFO  server.RaftServerConfigKeys (ConfUtils.java:logGet(46)) - raft.server.write.element-limit = 1024 (custom)
2024-04-28 12:45:36,121 [a004c341-03e6-4aa5-a556-61598c35a019@group-95D7CE87CC4E-LeaderElection63] INFO  server.RaftServerConfigKeys (ConfUtils.java:logGet(46)) - raft.server.write.byte-limit = 1024 M (=1073741824) (custom)
2024-04-28 12:45:36,121 [a004c341-03e6-4aa5-a556-61598c35a019@group-95D7CE87CC4E-LeaderElection63] INFO  server.RaftServerConfigKeys (ConfUtils.java:logGet(46)) - raft.server.watch.timeout = 3000ms (custom)
2024-04-28 12:45:36,121 [a004c341-03e6-4aa5-a556-61598c35a019@group-95D7CE87CC4E-LeaderElection63] INFO  server.RaftServerConfigKeys (ConfUtils.java:logGet(46)) - raft.server.watch.timeout.denomination = 1s (default)
2024-04-28 12:45:36,121 [a004c341-03e6-4aa5-a556-61598c35a019@group-95D7CE87CC4E-LeaderElection63] INFO  server.RaftServerConfigKeys (ConfUtils.java:logGet(46)) - raft.server.watch.element-limit = 65536 (default)
2024-04-28 12:45:36,121 [a004c341-03e6-4aa5-a556-61598c35a019@group-95D7CE87CC4E-LeaderElection63] INFO  server.RaftServerConfigKeys (ConfUtils.java:logGet(46)) - raft.server.read.leader.lease.enabled = false (default)
2024-04-28 12:45:36,121 [a004c341-03e6-4aa5-a556-61598c35a019@group-95D7CE87CC4E-LeaderElection63] INFO  server.RaftServerConfigKeys (ConfUtils.java:logGet(46)) - raft.server.read.leader.lease.timeout.ratio = 0.9 (default)
2024-04-28 12:45:36,121 [a004c341-03e6-4aa5-a556-61598c35a019@group-95D7CE87CC4E-LeaderElection63] INFO  server.RaftServerConfigKeys (ConfUtils.java:logGet(46)) - raft.server.rpc.timeout.min = 5s (custom)
2024-04-28 12:45:36,121 [a004c341-03e6-4aa5-a556-61598c35a019@group-95D7CE87CC4E-LeaderElection63] INFO  server.RaftServerConfigKeys (ConfUtils.java:logGet(46)) - raft.server.write.element-limit = 1024 (custom)
2024-04-28 12:45:36,122 [a004c341-03e6-4aa5-a556-61598c35a019@group-95D7CE87CC4E-LeaderElection63] INFO  server.RaftServerConfigKeys (ConfUtils.java:logGet(46)) - raft.server.write.follower.gap.ratio.max = -1.0 (default)
2024-04-28 12:45:36,122 [a004c341-03e6-4aa5-a556-61598c35a019@group-95D7CE87CC4E-LeaderElection63] INFO  server.RaftServerConfigKeys (ConfUtils.java:logGet(46)) - raft.server.log.appender.snapshot.chunk.size.max = 16MB (=16777216) (default)
2024-04-28 12:45:36,122 [a004c341-03e6-4aa5-a556-61598c35a019@group-95D7CE87CC4E-LeaderElection63] INFO  server.RaftServerConfigKeys (ConfUtils.java:logGet(46)) - raft.server.log.appender.buffer.byte-limit = 8388608 (custom)
2024-04-28 12:45:36,122 [a004c341-03e6-4aa5-a556-61598c35a019@group-95D7CE87CC4E-LeaderElection63] INFO  server.RaftServerConfigKeys (ConfUtils.java:logGet(46)) - raft.server.log.appender.buffer.element-limit = 1 (custom)
2024-04-28 12:45:36,122 [a004c341-03e6-4aa5-a556-61598c35a019@group-95D7CE87CC4E-LeaderElection63] INFO  server.RaftServerConfigKeys (ConfUtils.java:logGet(46)) - raft.server.log.appender.wait-time.min = 0ms (custom)
2024-04-28 12:45:36,122 [a004c341-03e6-4aa5-a556-61598c35a019@group-95D7CE87CC4E-LeaderElection63] INFO  grpc.GrpcConfigKeys (ConfUtils.java:logGet(46)) - raft.grpc.server.leader.outstanding.appends.max = 8 (default)
2024-04-28 12:45:36,122 [a004c341-03e6-4aa5-a556-61598c35a019@group-95D7CE87CC4E-LeaderElection63] INFO  server.RaftServerConfigKeys (ConfUtils.java:logGet(46)) - raft.server.rpc.request.timeout = 3000ms (default)
2024-04-28 12:45:36,122 [a004c341-03e6-4aa5-a556-61598c35a019@group-95D7CE87CC4E-LeaderElection63] INFO  grpc.GrpcConfigKeys (ConfUtils.java:logGet(46)) - raft.grpc.server.install_snapshot.request.element-limit = 8 (default)
2024-04-28 12:45:36,122 [a004c341-03e6-4aa5-a556-61598c35a019@group-95D7CE87CC4E-LeaderElection63] INFO  grpc.GrpcConfigKeys (ConfUtils.java:logGet(46)) - raft.grpc.server.install_snapshot.request.timeout = 3000ms (default)
2024-04-28 12:45:36,122 [a004c341-03e6-4aa5-a556-61598c35a019@group-95D7CE87CC4E-LeaderElection63] INFO  grpc.GrpcConfigKeys (ConfUtils.java:logGet(46)) - raft.grpc.server.log-message.batch.duration = 5s (default)
2024-04-28 12:45:36,123 [a004c341-03e6-4aa5-a556-61598c35a019@group-95D7CE87CC4E-LeaderElection63] INFO  server.RaftServerConfigKeys (ConfUtils.java:logGet(46)) - raft.server.log.appender.install.snapshot.enabled = false (custom)
2024-04-28 12:45:36,123 [a004c341-03e6-4aa5-a556-61598c35a019@group-95D7CE87CC4E-LeaderElection63] INFO  grpc.GrpcConfigKeys (ConfUtils.java:logGet(46)) - raft.grpc.server.heartbeat.channel = true (default)
2024-04-28 12:45:36,123 [a004c341-03e6-4aa5-a556-61598c35a019@group-95D7CE87CC4E-LeaderElection63] INFO  server.RaftServerConfigKeys (ConfUtils.java:logGet(46)) - raft.server.log.appender.snapshot.chunk.size.max = 16MB (=16777216) (default)
2024-04-28 12:45:36,123 [a004c341-03e6-4aa5-a556-61598c35a019@group-95D7CE87CC4E-LeaderElection63] INFO  server.RaftServerConfigKeys (ConfUtils.java:logGet(46)) - raft.server.log.appender.buffer.byte-limit = 8388608 (custom)
2024-04-28 12:45:36,123 [a004c341-03e6-4aa5-a556-61598c35a019@group-95D7CE87CC4E-LeaderElection63] INFO  server.RaftServerConfigKeys (ConfUtils.java:logGet(46)) - raft.server.log.appender.buffer.element-limit = 1 (custom)
2024-04-28 12:45:36,123 [a004c341-03e6-4aa5-a556-61598c35a019@group-95D7CE87CC4E-LeaderElection63] INFO  server.RaftServerConfigKeys (ConfUtils.java:logGet(46)) - raft.server.log.appender.wait-time.min = 0ms (custom)
2024-04-28 12:45:36,123 [a004c341-03e6-4aa5-a556-61598c35a019@group-95D7CE87CC4E-LeaderElection63] INFO  grpc.GrpcConfigKeys (ConfUtils.java:logGet(46)) - raft.grpc.server.leader.outstanding.appends.max = 8 (default)
2024-04-28 12:45:36,123 [a004c341-03e6-4aa5-a556-61598c35a019@group-95D7CE87CC4E-LeaderElection63] INFO  server.RaftServerConfigKeys (ConfUtils.java:logGet(46)) - raft.server.rpc.request.timeout = 3000ms (default)
2024-04-28 12:45:36,124 [a004c341-03e6-4aa5-a556-61598c35a019@group-95D7CE87CC4E-LeaderElection63] INFO  grpc.GrpcConfigKeys (ConfUtils.java:logGet(46)) - raft.grpc.server.install_snapshot.request.element-limit = 8 (default)
2024-04-28 12:45:36,124 [a004c341-03e6-4aa5-a556-61598c35a019@group-95D7CE87CC4E-LeaderElection63] INFO  grpc.GrpcConfigKeys (ConfUtils.java:logGet(46)) - raft.grpc.server.install_snapshot.request.timeout = 3000ms (default)
2024-04-28 12:45:36,124 [a004c341-03e6-4aa5-a556-61598c35a019@group-95D7CE87CC4E-LeaderElection63] INFO  grpc.GrpcConfigKeys (ConfUtils.java:logGet(46)) - raft.grpc.server.log-message.batch.duration = 5s (default)
2024-04-28 12:45:36,124 [a004c341-03e6-4aa5-a556-61598c35a019@group-95D7CE87CC4E-LeaderElection63] INFO  server.RaftServerConfigKeys (ConfUtils.java:logGet(46)) - raft.server.log.appender.install.snapshot.enabled = false (custom)
2024-04-28 12:45:36,124 [a004c341-03e6-4aa5-a556-61598c35a019@group-95D7CE87CC4E-LeaderElection63] INFO  grpc.GrpcConfigKeys (ConfUtils.java:logGet(46)) - raft.grpc.server.heartbeat.channel = true (default)
2024-04-28 12:45:36,124 [a004c341-03e6-4aa5-a556-61598c35a019@group-95D7CE87CC4E-LeaderElection63] INFO  impl.RoleInfo (RoleInfo.java:updateAndGet(139)) - a004c341-03e6-4aa5-a556-61598c35a019: start a004c341-03e6-4aa5-a556-61598c35a019@group-95D7CE87CC4E-LeaderStateImpl
2024-04-28 12:45:36,124 [a004c341-03e6-4aa5-a556-61598c35a019@group-95D7CE87CC4E-LeaderElection63] INFO  server.RaftServer$Division (RaftServerImpl.java:setFirstElection(574)) - a004c341-03e6-4aa5-a556-61598c35a019@group-95D7CE87CC4E: set firstElectionSinceStartup to false for becomeLeader
2024-04-28 12:45:36,124 [a004c341-03e6-4aa5-a556-61598c35a019@group-95D7CE87CC4E-LeaderElection63] INFO  ratis.XceiverServerRatis (XceiverServerRatis.java:handleLeaderChangedNotification(966)) - Leader change notification received for group: group-95D7CE87CC4E with new leaderId: a004c341-03e6-4aa5-a556-61598c35a019
2024-04-28 12:45:36,124 [a004c341-03e6-4aa5-a556-61598c35a019@group-95D7CE87CC4E-LeaderElection63] INFO  server.RaftServer$Division (ServerState.java:setLeader(269)) - a004c341-03e6-4aa5-a556-61598c35a019@group-95D7CE87CC4E: change Leader from null to a004c341-03e6-4aa5-a556-61598c35a019 at term 1 for becomeLeader, leader elected after 5136ms
2024-04-28 12:45:36,124 [a004c341-03e6-4aa5-a556-61598c35a019@group-95D7CE87CC4E-LeaderElection63] INFO  segmented.SegmentedRaftLogWorker (SegmentedRaftLogWorker.java:startLogSegment(430)) - a004c341-03e6-4aa5-a556-61598c35a019@group-95D7CE87CC4E-SegmentedRaftLogWorker: Starting segment from index:0
2024-04-28 12:45:36,125 [a004c341-03e6-4aa5-a556-61598c35a019@group-95D7CE87CC4E-SegmentedRaftLogWorker] INFO  segmented.BufferedWriteChannel (BufferedWriteChannel.java:open(62)) - open log_inprogress_0 at position 0
2024-04-28 12:45:36,125 [81492a0b-8554-4d1c-9efe-d356d82cfcc4@group-47B5C917755E-FollowerState] INFO  impl.FollowerState (FollowerState.java:run(143)) - 81492a0b-8554-4d1c-9efe-d356d82cfcc4@group-47B5C917755E-FollowerState: change to CANDIDATE, lastRpcElapsedTime:5067507260ns, electionTimeout:5067ms
2024-04-28 12:45:36,125 [81492a0b-8554-4d1c-9efe-d356d82cfcc4@group-47B5C917755E-FollowerState] INFO  impl.RoleInfo (RoleInfo.java:shutdownFollowerState(110)) - 81492a0b-8554-4d1c-9efe-d356d82cfcc4: shutdown 81492a0b-8554-4d1c-9efe-d356d82cfcc4@group-47B5C917755E-FollowerState
2024-04-28 12:45:36,125 [81492a0b-8554-4d1c-9efe-d356d82cfcc4@group-47B5C917755E-FollowerState] INFO  server.RaftServer$Division (RaftServerImpl.java:setRole(383)) - 81492a0b-8554-4d1c-9efe-d356d82cfcc4@group-47B5C917755E: changes role from  FOLLOWER to CANDIDATE at term 0 for changeToCandidate
2024-04-28 12:45:36,125 [81492a0b-8554-4d1c-9efe-d356d82cfcc4@group-47B5C917755E-FollowerState] INFO  server.RaftServerConfigKeys (ConfUtils.java:logGet(46)) - raft.server.leaderelection.pre-vote = true (default)
2024-04-28 12:45:36,125 [81492a0b-8554-4d1c-9efe-d356d82cfcc4@group-47B5C917755E-FollowerState] INFO  impl.RoleInfo (RoleInfo.java:updateAndGet(139)) - 81492a0b-8554-4d1c-9efe-d356d82cfcc4: start 81492a0b-8554-4d1c-9efe-d356d82cfcc4@group-47B5C917755E-LeaderElection64
2024-04-28 12:45:36,125 [81492a0b-8554-4d1c-9efe-d356d82cfcc4@group-47B5C917755E-LeaderElection64] INFO  impl.LeaderElection (LeaderElection.java:askForVotes(321)) - 81492a0b-8554-4d1c-9efe-d356d82cfcc4@group-47B5C917755E-LeaderElection64 PRE_VOTE round 0: submit vote requests at term 0 for -1: peers:[81492a0b-8554-4d1c-9efe-d356d82cfcc4|127.0.0.1:15388]|listeners:[], old=null
2024-04-28 12:45:36,125 [81492a0b-8554-4d1c-9efe-d356d82cfcc4@group-47B5C917755E-LeaderElection64] INFO  impl.LeaderElection (LeaderElection.java:askForVotes(323)) - 81492a0b-8554-4d1c-9efe-d356d82cfcc4@group-47B5C917755E-LeaderElection64 PRE_VOTE round 0: result PASSED (term=0)
2024-04-28 12:45:36,126 [81492a0b-8554-4d1c-9efe-d356d82cfcc4@group-47B5C917755E-LeaderElection64] INFO  impl.LeaderElection (LeaderElection.java:askForVotes(321)) - 81492a0b-8554-4d1c-9efe-d356d82cfcc4@group-47B5C917755E-LeaderElection64 ELECTION round 0: submit vote requests at term 1 for -1: peers:[81492a0b-8554-4d1c-9efe-d356d82cfcc4|127.0.0.1:15388]|listeners:[], old=null
2024-04-28 12:45:36,127 [81492a0b-8554-4d1c-9efe-d356d82cfcc4@group-47B5C917755E-LeaderElection64] INFO  impl.LeaderElection (LeaderElection.java:askForVotes(323)) - 81492a0b-8554-4d1c-9efe-d356d82cfcc4@group-47B5C917755E-LeaderElection64 ELECTION round 0: result PASSED (term=1)
2024-04-28 12:45:36,127 [81492a0b-8554-4d1c-9efe-d356d82cfcc4@group-47B5C917755E-LeaderElection64] INFO  impl.RoleInfo (RoleInfo.java:shutdownLeaderElection(130)) - 81492a0b-8554-4d1c-9efe-d356d82cfcc4: shutdown 81492a0b-8554-4d1c-9efe-d356d82cfcc4@group-47B5C917755E-LeaderElection64
2024-04-28 12:45:36,127 [81492a0b-8554-4d1c-9efe-d356d82cfcc4@group-47B5C917755E-LeaderElection64] INFO  server.RaftServer$Division (RaftServerImpl.java:setRole(383)) - 81492a0b-8554-4d1c-9efe-d356d82cfcc4@group-47B5C917755E: changes role from CANDIDATE to LEADER at term 1 for changeToLeader
2024-04-28 12:45:36,127 [81492a0b-8554-4d1c-9efe-d356d82cfcc4@group-47B5C917755E-LeaderElection64] INFO  server.RaftServerConfigKeys (ConfUtils.java:logGet(46)) - raft.server.staging.catchup.gap = 1000 (default)
2024-04-28 12:45:36,127 [81492a0b-8554-4d1c-9efe-d356d82cfcc4@group-47B5C917755E-LeaderElection64] INFO  server.RaftServerConfigKeys (ConfUtils.java:logGet(46)) - raft.server.write.element-limit = 1024 (custom)
2024-04-28 12:45:36,127 [81492a0b-8554-4d1c-9efe-d356d82cfcc4@group-47B5C917755E-LeaderElection64] INFO  server.RaftServerConfigKeys (ConfUtils.java:logGet(46)) - raft.server.write.byte-limit = 1024 M (=1073741824) (custom)
2024-04-28 12:45:36,127 [81492a0b-8554-4d1c-9efe-d356d82cfcc4@group-47B5C917755E-LeaderElection64] INFO  server.RaftServerConfigKeys (ConfUtils.java:logGet(46)) - raft.server.watch.timeout = 3000ms (custom)
2024-04-28 12:45:36,127 [81492a0b-8554-4d1c-9efe-d356d82cfcc4@group-47B5C917755E-LeaderElection64] INFO  server.RaftServerConfigKeys (ConfUtils.java:logGet(46)) - raft.server.watch.timeout.denomination = 1s (default)
2024-04-28 12:45:36,127 [81492a0b-8554-4d1c-9efe-d356d82cfcc4@group-47B5C917755E-LeaderElection64] INFO  server.RaftServerConfigKeys (ConfUtils.java:logGet(46)) - raft.server.watch.element-limit = 65536 (default)
2024-04-28 12:45:36,127 [81492a0b-8554-4d1c-9efe-d356d82cfcc4@group-47B5C917755E-LeaderElection64] INFO  server.RaftServerConfigKeys (ConfUtils.java:logGet(46)) - raft.server.read.leader.lease.enabled = false (default)
2024-04-28 12:45:36,127 [81492a0b-8554-4d1c-9efe-d356d82cfcc4@group-47B5C917755E-LeaderElection64] INFO  server.RaftServerConfigKeys (ConfUtils.java:logGet(46)) - raft.server.read.leader.lease.timeout.ratio = 0.9 (default)
2024-04-28 12:45:36,127 [81492a0b-8554-4d1c-9efe-d356d82cfcc4@group-47B5C917755E-LeaderElection64] INFO  server.RaftServerConfigKeys (ConfUtils.java:logGet(46)) - raft.server.rpc.timeout.min = 5s (custom)
2024-04-28 12:45:36,127 [81492a0b-8554-4d1c-9efe-d356d82cfcc4@group-47B5C917755E-LeaderElection64] INFO  server.RaftServerConfigKeys (ConfUtils.java:logGet(46)) - raft.server.write.element-limit = 1024 (custom)
2024-04-28 12:45:36,128 [81492a0b-8554-4d1c-9efe-d356d82cfcc4@group-47B5C917755E-LeaderElection64] INFO  server.RaftServerConfigKeys (ConfUtils.java:logGet(46)) - raft.server.write.follower.gap.ratio.max = -1.0 (default)
2024-04-28 12:45:36,128 [81492a0b-8554-4d1c-9efe-d356d82cfcc4@group-47B5C917755E-LeaderElection64] INFO  impl.RoleInfo (RoleInfo.java:updateAndGet(139)) - 81492a0b-8554-4d1c-9efe-d356d82cfcc4: start 81492a0b-8554-4d1c-9efe-d356d82cfcc4@group-47B5C917755E-LeaderStateImpl
2024-04-28 12:45:36,128 [81492a0b-8554-4d1c-9efe-d356d82cfcc4@group-47B5C917755E-LeaderElection64] INFO  server.RaftServer$Division (RaftServerImpl.java:setFirstElection(574)) - 81492a0b-8554-4d1c-9efe-d356d82cfcc4@group-47B5C917755E: set firstElectionSinceStartup to false for becomeLeader
2024-04-28 12:45:36,128 [81492a0b-8554-4d1c-9efe-d356d82cfcc4@group-47B5C917755E-LeaderElection64] INFO  ratis.XceiverServerRatis (XceiverServerRatis.java:handleLeaderChangedNotification(966)) - Leader change notification received for group: group-47B5C917755E with new leaderId: 81492a0b-8554-4d1c-9efe-d356d82cfcc4
2024-04-28 12:45:36,128 [81492a0b-8554-4d1c-9efe-d356d82cfcc4@group-47B5C917755E-LeaderElection64] INFO  server.RaftServer$Division (ServerState.java:setLeader(269)) - 81492a0b-8554-4d1c-9efe-d356d82cfcc4@group-47B5C917755E: change Leader from null to 81492a0b-8554-4d1c-9efe-d356d82cfcc4 at term 1 for becomeLeader, leader elected after 5078ms
2024-04-28 12:45:36,128 [81492a0b-8554-4d1c-9efe-d356d82cfcc4@group-47B5C917755E-LeaderElection64] INFO  segmented.SegmentedRaftLogWorker (SegmentedRaftLogWorker.java:startLogSegment(430)) - 81492a0b-8554-4d1c-9efe-d356d82cfcc4@group-47B5C917755E-SegmentedRaftLogWorker: Starting segment from index:0
2024-04-28 12:45:36,128 [81492a0b-8554-4d1c-9efe-d356d82cfcc4@group-47B5C917755E-SegmentedRaftLogWorker] INFO  segmented.BufferedWriteChannel (BufferedWriteChannel.java:open(62)) - open log_inprogress_0 at position 0
2024-04-28 12:45:36,129 [a004c341-03e6-4aa5-a556-61598c35a019@group-95D7CE87CC4E-LeaderElection63] INFO  server.RaftServer$Division (ServerState.java:setRaftConf(386)) - a004c341-03e6-4aa5-a556-61598c35a019@group-95D7CE87CC4E: set configuration 0: peers:[81492a0b-8554-4d1c-9efe-d356d82cfcc4|127.0.0.1:15388, a004c341-03e6-4aa5-a556-61598c35a019|127.0.0.1:15379, 09d2ac22-859d-47ff-b3c3-58a3590cb163|127.0.0.1:15370]|listeners:[], old=null
2024-04-28 12:45:36,130 [81492a0b-8554-4d1c-9efe-d356d82cfcc4@group-47B5C917755E-LeaderElection64] INFO  server.RaftServer$Division (ServerState.java:setRaftConf(386)) - 81492a0b-8554-4d1c-9efe-d356d82cfcc4@group-47B5C917755E: set configuration 0: peers:[81492a0b-8554-4d1c-9efe-d356d82cfcc4|127.0.0.1:15388]|listeners:[], old=null
2024-04-28 12:45:36,132 [EventQueue-OpenPipelineForHealthyPipelineSafeModeRule] INFO  safemode.SCMSafeModeManager (HealthyPipelineSafeModeRule.java:process(140)) - SCM in safe mode. Healthy pipelines reported count is 0, required healthy pipeline reported count is 1
2024-04-28 12:45:36,133 [EventQueue-PipelineReportForPipelineReportHandler] INFO  pipeline.PipelineReportHandler (PipelineReportHandler.java:processPipelineReport(136)) - Opened pipeline PipelineID=e6266c66-032f-47d0-be92-95d7ce87cc4e
2024-04-28 12:45:36,133 [EventQueue-OpenPipelineForHealthyPipelineSafeModeRule] INFO  safemode.SCMSafeModeManager (HealthyPipelineSafeModeRule.java:process(140)) - SCM in safe mode. Healthy pipelines reported count is 1, required healthy pipeline reported count is 1
2024-04-28 12:45:36,133 [EventQueue-OpenPipelineForHealthyPipelineSafeModeRule] INFO  safemode.SCMSafeModeManager (SCMSafeModeManager.java:validateSafeModeExitRules(203)) - HealthyPipelineSafeModeRule rule is successfully validated
2024-04-28 12:45:36,133 [EventQueue-OpenPipelineForHealthyPipelineSafeModeRule] INFO  safemode.SCMSafeModeManager (SCMSafeModeManager.java:validateSafeModeExitRules(218)) - ScmSafeModeManager, all rules are successfully validated
2024-04-28 12:45:36,133 [EventQueue-OpenPipelineForHealthyPipelineSafeModeRule] INFO  safemode.SCMSafeModeManager (SCMSafeModeManager.java:exitSafeMode(248)) - SCM exiting safe mode.
2024-04-28 12:45:36,133 [EventQueue-OpenPipelineForHealthyPipelineSafeModeRule] INFO  ha.SCMContext (SCMContext.java:updateSafeModeStatus(225)) - Update SafeModeStatus from SafeModeStatus{safeModeStatus=true, preCheckPassed=true} to SafeModeStatus{safeModeStatus=false, preCheckPassed=true}.
2024-04-28 12:45:36,133 [EventQueue-OpenPipelineForHealthyPipelineSafeModeRule] INFO  pipeline.BackgroundPipelineCreator (BackgroundPipelineCreator.java:notifyStatusChanged(258)) - Service BackgroundPipelineCreator transitions to RUNNING.
2024-04-28 12:45:36,133 [EventQueue-OpenPipelineForHealthyPipelineSafeModeRule] INFO  BackgroundPipelineScrubber (BackgroundSCMService.java:notifyStatusChanged(79)) - Service BackgroundPipelineScrubber transitions to RUNNING.
2024-04-28 12:45:36,133 [EventQueue-OpenPipelineForHealthyPipelineSafeModeRule] INFO  ExpiredContainerReplicaOpScrubber (BackgroundSCMService.java:notifyStatusChanged(79)) - Service ExpiredContainerReplicaOpScrubber transitions to RUNNING.
2024-04-28 12:45:36,133 [EventQueue-OpenPipelineForHealthyPipelineSafeModeRule] INFO  block.SCMBlockDeletingService (SCMBlockDeletingService.java:notifyStatusChanged(247)) - notifyStatusChanged:RUNNING
2024-04-28 12:45:36,133 [EventQueue-OpenPipelineForHealthyPipelineSafeModeRule] INFO  replication.ReplicationManager (ReplicationManager.java:notifyStatusChanged(1404)) - Service ReplicationManager transitions to RUNNING.
2024-04-28 12:45:36,133 [EventQueue-OpenPipelineForHealthyPipelineSafeModeRule] WARN  balancer.ContainerBalancer (ContainerBalancer.java:shouldRun(134)) - Could not find persisted configuration for ContainerBalancer when checking if ContainerBalancer should run. ContainerBalancer should not run now.
2024-04-28 12:45:36,134 [a004c341-03e6-4aa5-a556-61598c35a019@group-95D7CE87CC4E-SegmentedRaftLogWorker] INFO  segmented.SegmentedRaftLogWorker (SegmentedRaftLogWorker.java:execute(634)) - a004c341-03e6-4aa5-a556-61598c35a019@group-95D7CE87CC4E-SegmentedRaftLogWorker: created new log segment /home/runner/work/ozone/ozone/hadoop-ozone/integration-test/target/test-dir/MiniOzoneClusterImpl-4444f751-856d-4595-ad15-e87fc76049bc/ozone-meta/datanode-2/ratis/e6266c66-032f-47d0-be92-95d7ce87cc4e/current/log_inprogress_0
2024-04-28 12:45:36,135 [81492a0b-8554-4d1c-9efe-d356d82cfcc4-server-thread2] INFO  ratis.XceiverServerRatis (XceiverServerRatis.java:handleLeaderChangedNotification(966)) - Leader change notification received for group: group-95D7CE87CC4E with new leaderId: a004c341-03e6-4aa5-a556-61598c35a019
2024-04-28 12:45:36,135 [09d2ac22-859d-47ff-b3c3-58a3590cb163-server-thread1] INFO  ratis.XceiverServerRatis (XceiverServerRatis.java:handleLeaderChangedNotification(966)) - Leader change notification received for group: group-95D7CE87CC4E with new leaderId: a004c341-03e6-4aa5-a556-61598c35a019
2024-04-28 12:45:36,135 [09d2ac22-859d-47ff-b3c3-58a3590cb163-server-thread1] INFO  server.RaftServer$Division (ServerState.java:setLeader(269)) - 09d2ac22-859d-47ff-b3c3-58a3590cb163@group-95D7CE87CC4E: change Leader from null to a004c341-03e6-4aa5-a556-61598c35a019 at term 1 for appendEntries, leader elected after 5182ms
2024-04-28 12:45:36,135 [81492a0b-8554-4d1c-9efe-d356d82cfcc4-server-thread2] INFO  server.RaftServer$Division (ServerState.java:setLeader(269)) - 81492a0b-8554-4d1c-9efe-d356d82cfcc4@group-95D7CE87CC4E: change Leader from null to a004c341-03e6-4aa5-a556-61598c35a019 at term 1 for appendEntries, leader elected after 5165ms
2024-04-28 12:45:36,135 [09d2ac22-859d-47ff-b3c3-58a3590cb163-server-thread2] INFO  server.RaftServer$Division (ServerState.java:setRaftConf(386)) - 09d2ac22-859d-47ff-b3c3-58a3590cb163@group-95D7CE87CC4E: set configuration 0: peers:[81492a0b-8554-4d1c-9efe-d356d82cfcc4|127.0.0.1:15388, a004c341-03e6-4aa5-a556-61598c35a019|127.0.0.1:15379, 09d2ac22-859d-47ff-b3c3-58a3590cb163|127.0.0.1:15370]|listeners:[], old=null
2024-04-28 12:45:36,136 [81492a0b-8554-4d1c-9efe-d356d82cfcc4-server-thread1] INFO  server.RaftServer$Division (ServerState.java:setRaftConf(386)) - 81492a0b-8554-4d1c-9efe-d356d82cfcc4@group-95D7CE87CC4E: set configuration 0: peers:[81492a0b-8554-4d1c-9efe-d356d82cfcc4|127.0.0.1:15388, a004c341-03e6-4aa5-a556-61598c35a019|127.0.0.1:15379, 09d2ac22-859d-47ff-b3c3-58a3590cb163|127.0.0.1:15370]|listeners:[], old=null
2024-04-28 12:45:36,136 [09d2ac22-859d-47ff-b3c3-58a3590cb163-server-thread2] INFO  segmented.SegmentedRaftLogWorker (SegmentedRaftLogWorker.java:startLogSegment(430)) - 09d2ac22-859d-47ff-b3c3-58a3590cb163@group-95D7CE87CC4E-SegmentedRaftLogWorker: Starting segment from index:0
2024-04-28 12:45:36,136 [81492a0b-8554-4d1c-9efe-d356d82cfcc4-server-thread1] INFO  segmented.SegmentedRaftLogWorker (SegmentedRaftLogWorker.java:startLogSegment(430)) - 81492a0b-8554-4d1c-9efe-d356d82cfcc4@group-95D7CE87CC4E-SegmentedRaftLogWorker: Starting segment from index:0
2024-04-28 12:45:36,136 [09d2ac22-859d-47ff-b3c3-58a3590cb163@group-95D7CE87CC4E-SegmentedRaftLogWorker] INFO  segmented.BufferedWriteChannel (BufferedWriteChannel.java:open(62)) - open log_inprogress_0 at position 0
2024-04-28 12:45:36,136 [81492a0b-8554-4d1c-9efe-d356d82cfcc4@group-95D7CE87CC4E-SegmentedRaftLogWorker] INFO  segmented.BufferedWriteChannel (BufferedWriteChannel.java:open(62)) - open log_inprogress_0 at position 0
2024-04-28 12:45:36,137 [81492a0b-8554-4d1c-9efe-d356d82cfcc4@group-47B5C917755E-SegmentedRaftLogWorker] INFO  segmented.SegmentedRaftLogWorker (SegmentedRaftLogWorker.java:execute(634)) - 81492a0b-8554-4d1c-9efe-d356d82cfcc4@group-47B5C917755E-SegmentedRaftLogWorker: created new log segment /home/runner/work/ozone/ozone/hadoop-ozone/integration-test/target/test-dir/MiniOzoneClusterImpl-4444f751-856d-4595-ad15-e87fc76049bc/ozone-meta/datanode-3/ratis/64b0a97b-a6e7-4830-a5c9-47b5c917755e/current/log_inprogress_0
2024-04-28 12:45:36,148 [09d2ac22-859d-47ff-b3c3-58a3590cb163@group-95D7CE87CC4E-SegmentedRaftLogWorker] INFO  segmented.SegmentedRaftLogWorker (SegmentedRaftLogWorker.java:execute(634)) - 09d2ac22-859d-47ff-b3c3-58a3590cb163@group-95D7CE87CC4E-SegmentedRaftLogWorker: created new log segment /home/runner/work/ozone/ozone/hadoop-ozone/integration-test/target/test-dir/MiniOzoneClusterImpl-4444f751-856d-4595-ad15-e87fc76049bc/ozone-meta/datanode-1/ratis/e6266c66-032f-47d0-be92-95d7ce87cc4e/current/log_inprogress_0
2024-04-28 12:45:36,148 [81492a0b-8554-4d1c-9efe-d356d82cfcc4@group-47B5C917755E-StateMachineUpdater] INFO  server.RaftServer$Division (LeaderStateImpl.java:isApplied(320)) - leader is ready since appliedIndex == 0 >= startIndex == 0
2024-04-28 12:45:36,148 [81492a0b-8554-4d1c-9efe-d356d82cfcc4@group-95D7CE87CC4E-SegmentedRaftLogWorker] INFO  segmented.SegmentedRaftLogWorker (SegmentedRaftLogWorker.java:execute(634)) - 81492a0b-8554-4d1c-9efe-d356d82cfcc4@group-95D7CE87CC4E-SegmentedRaftLogWorker: created new log segment /home/runner/work/ozone/ozone/hadoop-ozone/integration-test/target/test-dir/MiniOzoneClusterImpl-4444f751-856d-4595-ad15-e87fc76049bc/ozone-meta/datanode-3/ratis/e6266c66-032f-47d0-be92-95d7ce87cc4e/current/log_inprogress_0
2024-04-28 12:45:36,150 [a004c341-03e6-4aa5-a556-61598c35a019@group-95D7CE87CC4E-StateMachineUpdater] INFO  server.RaftServer$Division (LeaderStateImpl.java:isApplied(320)) - leader is ready since appliedIndex == 0 >= startIndex == 0
2024-04-28 12:45:36,291 [2888e557-450c-42c6-ab50-0bca692fd7ac@group-3532D1E24A91-FollowerState] INFO  impl.FollowerState (FollowerState.java:run(143)) - 2888e557-450c-42c6-ab50-0bca692fd7ac@group-3532D1E24A91-FollowerState: change to CANDIDATE, lastRpcElapsedTime:5003435559ns, electionTimeout:5003ms
2024-04-28 12:45:36,291 [2888e557-450c-42c6-ab50-0bca692fd7ac@group-3532D1E24A91-FollowerState] INFO  impl.RoleInfo (RoleInfo.java:shutdownFollowerState(110)) - 2888e557-450c-42c6-ab50-0bca692fd7ac: shutdown 2888e557-450c-42c6-ab50-0bca692fd7ac@group-3532D1E24A91-FollowerState
2024-04-28 12:45:36,291 [2888e557-450c-42c6-ab50-0bca692fd7ac@group-3532D1E24A91-FollowerState] INFO  server.RaftServer$Division (RaftServerImpl.java:setRole(383)) - 2888e557-450c-42c6-ab50-0bca692fd7ac@group-3532D1E24A91: changes role from  FOLLOWER to CANDIDATE at term 0 for changeToCandidate
2024-04-28 12:45:36,291 [2888e557-450c-42c6-ab50-0bca692fd7ac@group-3532D1E24A91-FollowerState] INFO  server.RaftServerConfigKeys (ConfUtils.java:logGet(46)) - raft.server.leaderelection.pre-vote = true (default)
2024-04-28 12:45:36,291 [2888e557-450c-42c6-ab50-0bca692fd7ac@group-3532D1E24A91-FollowerState] INFO  impl.RoleInfo (RoleInfo.java:updateAndGet(139)) - 2888e557-450c-42c6-ab50-0bca692fd7ac: start 2888e557-450c-42c6-ab50-0bca692fd7ac@group-3532D1E24A91-LeaderElection65
2024-04-28 12:45:36,291 [1fd4d212-c4d2-4c1d-a58c-62e98a4efa8c@group-7DBF24B1A174-FollowerState] INFO  impl.FollowerState (FollowerState.java:run(143)) - 1fd4d212-c4d2-4c1d-a58c-62e98a4efa8c@group-7DBF24B1A174-FollowerState: change to CANDIDATE, lastRpcElapsedTime:5157432292ns, electionTimeout:5157ms
2024-04-28 12:45:36,291 [1fd4d212-c4d2-4c1d-a58c-62e98a4efa8c@group-7DBF24B1A174-FollowerState] INFO  impl.RoleInfo (RoleInfo.java:shutdownFollowerState(110)) - 1fd4d212-c4d2-4c1d-a58c-62e98a4efa8c: shutdown 1fd4d212-c4d2-4c1d-a58c-62e98a4efa8c@group-7DBF24B1A174-FollowerState
2024-04-28 12:45:36,291 [1fd4d212-c4d2-4c1d-a58c-62e98a4efa8c@group-7DBF24B1A174-FollowerState] INFO  server.RaftServer$Division (RaftServerImpl.java:setRole(383)) - 1fd4d212-c4d2-4c1d-a58c-62e98a4efa8c@group-7DBF24B1A174: changes role from  FOLLOWER to CANDIDATE at term 0 for changeToCandidate
2024-04-28 12:45:36,291 [1fd4d212-c4d2-4c1d-a58c-62e98a4efa8c@group-7DBF24B1A174-FollowerState] INFO  server.RaftServerConfigKeys (ConfUtils.java:logGet(46)) - raft.server.leaderelection.pre-vote = true (default)
2024-04-28 12:45:36,291 [1fd4d212-c4d2-4c1d-a58c-62e98a4efa8c@group-7DBF24B1A174-FollowerState] INFO  impl.RoleInfo (RoleInfo.java:updateAndGet(139)) - 1fd4d212-c4d2-4c1d-a58c-62e98a4efa8c: start 1fd4d212-c4d2-4c1d-a58c-62e98a4efa8c@group-7DBF24B1A174-LeaderElection66
2024-04-28 12:45:36,292 [2888e557-450c-42c6-ab50-0bca692fd7ac@group-3532D1E24A91-LeaderElection65] INFO  impl.LeaderElection (LeaderElection.java:askForVotes(321)) - 2888e557-450c-42c6-ab50-0bca692fd7ac@group-3532D1E24A91-LeaderElection65 PRE_VOTE round 0: submit vote requests at term 0 for -1: peers:[2888e557-450c-42c6-ab50-0bca692fd7ac|127.0.0.1:15424]|listeners:[], old=null
2024-04-28 12:45:36,292 [2888e557-450c-42c6-ab50-0bca692fd7ac@group-3532D1E24A91-LeaderElection65] INFO  impl.LeaderElection (LeaderElection.java:askForVotes(323)) - 2888e557-450c-42c6-ab50-0bca692fd7ac@group-3532D1E24A91-LeaderElection65 PRE_VOTE round 0: result PASSED (term=0)
2024-04-28 12:45:36,292 [1fd4d212-c4d2-4c1d-a58c-62e98a4efa8c@group-7DBF24B1A174-LeaderElection66] INFO  impl.LeaderElection (LeaderElection.java:askForVotes(321)) - 1fd4d212-c4d2-4c1d-a58c-62e98a4efa8c@group-7DBF24B1A174-LeaderElection66 PRE_VOTE round 0: submit vote requests at term 0 for -1: peers:[d1684581-678b-458f-8382-390a387eba93|127.0.0.1:15406, 7957f999-cc51-45d8-add6-1ece72fbce78|127.0.0.1:15415, 1fd4d212-c4d2-4c1d-a58c-62e98a4efa8c|127.0.0.1:15397]|listeners:[], old=null
2024-04-28 12:45:36,292 [1fd4d212-c4d2-4c1d-a58c-62e98a4efa8c@group-7DBF24B1A174-LeaderElection66-1] INFO  server.GrpcServerProtocolClient (GrpcServerProtocolClient.java:<init>(65)) - Build channel for d1684581-678b-458f-8382-390a387eba93|127.0.0.1:15406
2024-04-28 12:45:36,292 [1fd4d212-c4d2-4c1d-a58c-62e98a4efa8c@group-7DBF24B1A174-LeaderElection66-2] INFO  server.GrpcServerProtocolClient (GrpcServerProtocolClient.java:<init>(65)) - Build channel for 7957f999-cc51-45d8-add6-1ece72fbce78|127.0.0.1:15415
2024-04-28 12:45:36,292 [1fd4d212-c4d2-4c1d-a58c-62e98a4efa8c@group-7DBF24B1A174-LeaderElection66] INFO  server.RaftServerConfigKeys (ConfUtils.java:logFallback(53)) - raft.server.rpc.first-election.timeout.min = 5s (fallback to raft.server.rpc.timeout.min)
2024-04-28 12:45:36,293 [1fd4d212-c4d2-4c1d-a58c-62e98a4efa8c@group-7DBF24B1A174-LeaderElection66] INFO  server.RaftServerConfigKeys (ConfUtils.java:logFallback(53)) - raft.server.rpc.first-election.timeout.max = 5200ms (fallback to raft.server.rpc.timeout.max)
2024-04-28 12:45:36,293 [2888e557-450c-42c6-ab50-0bca692fd7ac@group-3532D1E24A91-LeaderElection65] INFO  impl.LeaderElection (LeaderElection.java:askForVotes(321)) - 2888e557-450c-42c6-ab50-0bca692fd7ac@group-3532D1E24A91-LeaderElection65 ELECTION round 0: submit vote requests at term 1 for -1: peers:[2888e557-450c-42c6-ab50-0bca692fd7ac|127.0.0.1:15424]|listeners:[], old=null
2024-04-28 12:45:36,293 [2888e557-450c-42c6-ab50-0bca692fd7ac@group-3532D1E24A91-LeaderElection65] INFO  impl.LeaderElection (LeaderElection.java:askForVotes(323)) - 2888e557-450c-42c6-ab50-0bca692fd7ac@group-3532D1E24A91-LeaderElection65 ELECTION round 0: result PASSED (term=1)
2024-04-28 12:45:36,293 [2888e557-450c-42c6-ab50-0bca692fd7ac@group-3532D1E24A91-LeaderElection65] INFO  impl.RoleInfo (RoleInfo.java:shutdownLeaderElection(130)) - 2888e557-450c-42c6-ab50-0bca692fd7ac: shutdown 2888e557-450c-42c6-ab50-0bca692fd7ac@group-3532D1E24A91-LeaderElection65
2024-04-28 12:45:36,293 [2888e557-450c-42c6-ab50-0bca692fd7ac@group-3532D1E24A91-LeaderElection65] INFO  server.RaftServer$Division (RaftServerImpl.java:setRole(383)) - 2888e557-450c-42c6-ab50-0bca692fd7ac@group-3532D1E24A91: changes role from CANDIDATE to LEADER at term 1 for changeToLeader
2024-04-28 12:45:36,293 [2888e557-450c-42c6-ab50-0bca692fd7ac@group-3532D1E24A91-LeaderElection65] INFO  server.RaftServerConfigKeys (ConfUtils.java:logGet(46)) - raft.server.staging.catchup.gap = 1000 (default)
2024-04-28 12:45:36,293 [2888e557-450c-42c6-ab50-0bca692fd7ac@group-3532D1E24A91-LeaderElection65] INFO  server.RaftServerConfigKeys (ConfUtils.java:logGet(46)) - raft.server.write.element-limit = 1024 (custom)
2024-04-28 12:45:36,293 [2888e557-450c-42c6-ab50-0bca692fd7ac@group-3532D1E24A91-LeaderElection65] INFO  server.RaftServerConfigKeys (ConfUtils.java:logGet(46)) - raft.server.write.byte-limit = 1024 M (=1073741824) (custom)
2024-04-28 12:45:36,294 [2888e557-450c-42c6-ab50-0bca692fd7ac@group-3532D1E24A91-LeaderElection65] INFO  server.RaftServerConfigKeys (ConfUtils.java:logGet(46)) - raft.server.watch.timeout = 3000ms (custom)
2024-04-28 12:45:36,294 [2888e557-450c-42c6-ab50-0bca692fd7ac@group-3532D1E24A91-LeaderElection65] INFO  server.RaftServerConfigKeys (ConfUtils.java:logGet(46)) - raft.server.watch.timeout.denomination = 1s (default)
2024-04-28 12:45:36,294 [2888e557-450c-42c6-ab50-0bca692fd7ac@group-3532D1E24A91-LeaderElection65] INFO  server.RaftServerConfigKeys (ConfUtils.java:logGet(46)) - raft.server.watch.element-limit = 65536 (default)
2024-04-28 12:45:36,294 [2888e557-450c-42c6-ab50-0bca692fd7ac@group-3532D1E24A91-LeaderElection65] INFO  server.RaftServerConfigKeys (ConfUtils.java:logGet(46)) - raft.server.read.leader.lease.enabled = false (default)
2024-04-28 12:45:36,294 [2888e557-450c-42c6-ab50-0bca692fd7ac@group-3532D1E24A91-LeaderElection65] INFO  server.RaftServerConfigKeys (ConfUtils.java:logGet(46)) - raft.server.read.leader.lease.timeout.ratio = 0.9 (default)
2024-04-28 12:45:36,294 [2888e557-450c-42c6-ab50-0bca692fd7ac@group-3532D1E24A91-LeaderElection65] INFO  server.RaftServerConfigKeys (ConfUtils.java:logGet(46)) - raft.server.rpc.timeout.min = 5s (custom)
2024-04-28 12:45:36,294 [2888e557-450c-42c6-ab50-0bca692fd7ac@group-3532D1E24A91-LeaderElection65] INFO  server.RaftServerConfigKeys (ConfUtils.java:logGet(46)) - raft.server.write.element-limit = 1024 (custom)
2024-04-28 12:45:36,294 [2888e557-450c-42c6-ab50-0bca692fd7ac@group-3532D1E24A91-LeaderElection65] INFO  server.RaftServerConfigKeys (ConfUtils.java:logGet(46)) - raft.server.write.follower.gap.ratio.max = -1.0 (default)
2024-04-28 12:45:36,294 [2888e557-450c-42c6-ab50-0bca692fd7ac@group-3532D1E24A91-LeaderElection65] INFO  impl.RoleInfo (RoleInfo.java:updateAndGet(139)) - 2888e557-450c-42c6-ab50-0bca692fd7ac: start 2888e557-450c-42c6-ab50-0bca692fd7ac@group-3532D1E24A91-LeaderStateImpl
2024-04-28 12:45:36,294 [2888e557-450c-42c6-ab50-0bca692fd7ac@group-3532D1E24A91-LeaderElection65] INFO  server.RaftServer$Division (RaftServerImpl.java:setFirstElection(574)) - 2888e557-450c-42c6-ab50-0bca692fd7ac@group-3532D1E24A91: set firstElectionSinceStartup to false for becomeLeader
2024-04-28 12:45:36,294 [2888e557-450c-42c6-ab50-0bca692fd7ac@group-3532D1E24A91-LeaderElection65] INFO  ratis.XceiverServerRatis (XceiverServerRatis.java:handleLeaderChangedNotification(966)) - Leader change notification received for group: group-3532D1E24A91 with new leaderId: 2888e557-450c-42c6-ab50-0bca692fd7ac
2024-04-28 12:45:36,294 [2888e557-450c-42c6-ab50-0bca692fd7ac@group-3532D1E24A91-LeaderElection65] INFO  server.RaftServer$Division (ServerState.java:setLeader(269)) - 2888e557-450c-42c6-ab50-0bca692fd7ac@group-3532D1E24A91: change Leader from null to 2888e557-450c-42c6-ab50-0bca692fd7ac at term 1 for becomeLeader, leader elected after 5016ms
2024-04-28 12:45:36,294 [2888e557-450c-42c6-ab50-0bca692fd7ac@group-3532D1E24A91-LeaderElection65] INFO  segmented.SegmentedRaftLogWorker (SegmentedRaftLogWorker.java:startLogSegment(430)) - 2888e557-450c-42c6-ab50-0bca692fd7ac@group-3532D1E24A91-SegmentedRaftLogWorker: Starting segment from index:0
2024-04-28 12:45:36,294 [2888e557-450c-42c6-ab50-0bca692fd7ac@group-3532D1E24A91-LeaderElection65] INFO  server.RaftServer$Division (ServerState.java:setRaftConf(386)) - 2888e557-450c-42c6-ab50-0bca692fd7ac@group-3532D1E24A91: set configuration 0: peers:[2888e557-450c-42c6-ab50-0bca692fd7ac|127.0.0.1:15424]|listeners:[], old=null
2024-04-28 12:45:36,295 [2888e557-450c-42c6-ab50-0bca692fd7ac@group-3532D1E24A91-SegmentedRaftLogWorker] INFO  segmented.BufferedWriteChannel (BufferedWriteChannel.java:open(62)) - open log_inprogress_0 at position 0
2024-04-28 12:45:36,301 [grpc-default-executor-4] INFO  server.RaftServer$Division (RaftServerImpl.java:requestVote(1389)) - d1684581-678b-458f-8382-390a387eba93@group-7DBF24B1A174: receive requestVote(PRE_VOTE, 1fd4d212-c4d2-4c1d-a58c-62e98a4efa8c, group-7DBF24B1A174, 0, (t:0, i:0))
2024-04-28 12:45:36,301 [grpc-default-executor-3] INFO  server.RaftServer$Division (RaftServerImpl.java:requestVote(1389)) - 7957f999-cc51-45d8-add6-1ece72fbce78@group-7DBF24B1A174: receive requestVote(PRE_VOTE, 1fd4d212-c4d2-4c1d-a58c-62e98a4efa8c, group-7DBF24B1A174, 0, (t:0, i:0))
2024-04-28 12:45:36,301 [grpc-default-executor-3] INFO  impl.VoteContext (VoteContext.java:log(49)) - 7957f999-cc51-45d8-add6-1ece72fbce78@group-7DBF24B1A174-FOLLOWER: accept PRE_VOTE from 1fd4d212-c4d2-4c1d-a58c-62e98a4efa8c: our priority 0 <= candidate's priority 0
2024-04-28 12:45:36,301 [grpc-default-executor-3] INFO  server.RaftServer$Division (RaftServerImpl.java:requestVote(1422)) - 7957f999-cc51-45d8-add6-1ece72fbce78@group-7DBF24B1A174 replies to PRE_VOTE vote request: 1fd4d212-c4d2-4c1d-a58c-62e98a4efa8c<-7957f999-cc51-45d8-add6-1ece72fbce78#0:OK-t0. Peer's state: 7957f999-cc51-45d8-add6-1ece72fbce78@group-7DBF24B1A174:t0, leader=null, voted=, raftlog=Memoized:7957f999-cc51-45d8-add6-1ece72fbce78@group-7DBF24B1A174-SegmentedRaftLog:OPENED:c-1, conf=-1: peers:[d1684581-678b-458f-8382-390a387eba93|127.0.0.1:15406, 7957f999-cc51-45d8-add6-1ece72fbce78|127.0.0.1:15415, 1fd4d212-c4d2-4c1d-a58c-62e98a4efa8c|127.0.0.1:15397]|listeners:[], old=null
2024-04-28 12:45:36,301 [grpc-default-executor-4] INFO  impl.VoteContext (VoteContext.java:log(49)) - d1684581-678b-458f-8382-390a387eba93@group-7DBF24B1A174-FOLLOWER: reject PRE_VOTE from 1fd4d212-c4d2-4c1d-a58c-62e98a4efa8c: our priority 1 > candidate's priority 0
2024-04-28 12:45:36,301 [grpc-default-executor-4] INFO  server.RaftServer$Division (RaftServerImpl.java:requestVote(1422)) - d1684581-678b-458f-8382-390a387eba93@group-7DBF24B1A174 replies to PRE_VOTE vote request: 1fd4d212-c4d2-4c1d-a58c-62e98a4efa8c<-d1684581-678b-458f-8382-390a387eba93#0:FAIL-t0. Peer's state: d1684581-678b-458f-8382-390a387eba93@group-7DBF24B1A174:t0, leader=null, voted=, raftlog=Memoized:d1684581-678b-458f-8382-390a387eba93@group-7DBF24B1A174-SegmentedRaftLog:OPENED:c-1, conf=-1: peers:[d1684581-678b-458f-8382-390a387eba93|127.0.0.1:15406, 7957f999-cc51-45d8-add6-1ece72fbce78|127.0.0.1:15415, 1fd4d212-c4d2-4c1d-a58c-62e98a4efa8c|127.0.0.1:15397]|listeners:[], old=null
2024-04-28 12:45:36,302 [1fd4d212-c4d2-4c1d-a58c-62e98a4efa8c@group-7DBF24B1A174-LeaderElection66] INFO  impl.LeaderElection (LeaderElection.java:logAndReturn(89)) - 1fd4d212-c4d2-4c1d-a58c-62e98a4efa8c@group-7DBF24B1A174-LeaderElection66: PRE_VOTE REJECTED received 2 response(s) and 0 exception(s):
2024-04-28 12:45:36,302 [1fd4d212-c4d2-4c1d-a58c-62e98a4efa8c@group-7DBF24B1A174-LeaderElection66] INFO  impl.LeaderElection (LeaderElection.java:logAndReturn(93)) -   Response 0: 1fd4d212-c4d2-4c1d-a58c-62e98a4efa8c<-d1684581-678b-458f-8382-390a387eba93#0:FAIL-t0
2024-04-28 12:45:36,302 [1fd4d212-c4d2-4c1d-a58c-62e98a4efa8c@group-7DBF24B1A174-LeaderElection66] INFO  impl.LeaderElection (LeaderElection.java:logAndReturn(93)) -   Response 1: 1fd4d212-c4d2-4c1d-a58c-62e98a4efa8c<-7957f999-cc51-45d8-add6-1ece72fbce78#0:OK-t0
2024-04-28 12:45:36,302 [1fd4d212-c4d2-4c1d-a58c-62e98a4efa8c@group-7DBF24B1A174-LeaderElection66] INFO  impl.LeaderElection (LeaderElection.java:askForVotes(323)) - 1fd4d212-c4d2-4c1d-a58c-62e98a4efa8c@group-7DBF24B1A174-LeaderElection66 PRE_VOTE round 0: result REJECTED
2024-04-28 12:45:36,302 [1fd4d212-c4d2-4c1d-a58c-62e98a4efa8c@group-7DBF24B1A174-LeaderElection66] INFO  server.RaftServer$Division (RaftServerImpl.java:setRole(383)) - 1fd4d212-c4d2-4c1d-a58c-62e98a4efa8c@group-7DBF24B1A174: changes role from CANDIDATE to FOLLOWER at term 0 for REJECTED
2024-04-28 12:45:36,303 [2888e557-450c-42c6-ab50-0bca692fd7ac@group-3532D1E24A91-SegmentedRaftLogWorker] INFO  segmented.SegmentedRaftLogWorker (SegmentedRaftLogWorker.java:execute(634)) - 2888e557-450c-42c6-ab50-0bca692fd7ac@group-3532D1E24A91-SegmentedRaftLogWorker: created new log segment /home/runner/work/ozone/ozone/hadoop-ozone/integration-test/target/test-dir/MiniOzoneClusterImpl-4444f751-856d-4595-ad15-e87fc76049bc/ozone-meta/datanode-7/ratis/ede2988e-9327-41a4-aa88-3532d1e24a91/current/log_inprogress_0
2024-04-28 12:45:36,303 [1fd4d212-c4d2-4c1d-a58c-62e98a4efa8c@group-7DBF24B1A174-LeaderElection66] INFO  impl.RoleInfo (RoleInfo.java:shutdownLeaderElection(130)) - 1fd4d212-c4d2-4c1d-a58c-62e98a4efa8c: shutdown 1fd4d212-c4d2-4c1d-a58c-62e98a4efa8c@group-7DBF24B1A174-LeaderElection66
2024-04-28 12:45:36,303 [1fd4d212-c4d2-4c1d-a58c-62e98a4efa8c@group-7DBF24B1A174-LeaderElection66] INFO  impl.RoleInfo (RoleInfo.java:updateAndGet(139)) - 1fd4d212-c4d2-4c1d-a58c-62e98a4efa8c: start 1fd4d212-c4d2-4c1d-a58c-62e98a4efa8c@group-7DBF24B1A174-FollowerState
2024-04-28 12:45:36,303 [1fd4d212-c4d2-4c1d-a58c-62e98a4efa8c@group-7DBF24B1A174-LeaderElection66] INFO  server.RaftServer$Division (RaftServerImpl.java:setFirstElection(574)) - 1fd4d212-c4d2-4c1d-a58c-62e98a4efa8c@group-7DBF24B1A174: set firstElectionSinceStartup to false for REJECTED
2024-04-28 12:45:36,304 [2888e557-450c-42c6-ab50-0bca692fd7ac@group-3532D1E24A91-StateMachineUpdater] INFO  server.RaftServer$Division (LeaderStateImpl.java:isApplied(320)) - leader is ready since appliedIndex == 0 >= startIndex == 0
2024-04-28 12:45:36,306 [1fd4d212-c4d2-4c1d-a58c-62e98a4efa8c@group-8A4E9B3C4A03-FollowerState] INFO  impl.FollowerState (FollowerState.java:run(143)) - 1fd4d212-c4d2-4c1d-a58c-62e98a4efa8c@group-8A4E9B3C4A03-FollowerState: change to CANDIDATE, lastRpcElapsedTime:5186915946ns, electionTimeout:5186ms
2024-04-28 12:45:36,306 [1fd4d212-c4d2-4c1d-a58c-62e98a4efa8c@group-8A4E9B3C4A03-FollowerState] INFO  impl.RoleInfo (RoleInfo.java:shutdownFollowerState(110)) - 1fd4d212-c4d2-4c1d-a58c-62e98a4efa8c: shutdown 1fd4d212-c4d2-4c1d-a58c-62e98a4efa8c@group-8A4E9B3C4A03-FollowerState
2024-04-28 12:45:36,307 [1fd4d212-c4d2-4c1d-a58c-62e98a4efa8c@group-8A4E9B3C4A03-FollowerState] INFO  server.RaftServer$Division (RaftServerImpl.java:setRole(383)) - 1fd4d212-c4d2-4c1d-a58c-62e98a4efa8c@group-8A4E9B3C4A03: changes role from  FOLLOWER to CANDIDATE at term 0 for changeToCandidate
2024-04-28 12:45:36,307 [1fd4d212-c4d2-4c1d-a58c-62e98a4efa8c@group-8A4E9B3C4A03-FollowerState] INFO  server.RaftServerConfigKeys (ConfUtils.java:logGet(46)) - raft.server.leaderelection.pre-vote = true (default)
2024-04-28 12:45:36,307 [1fd4d212-c4d2-4c1d-a58c-62e98a4efa8c@group-8A4E9B3C4A03-FollowerState] INFO  impl.RoleInfo (RoleInfo.java:updateAndGet(139)) - 1fd4d212-c4d2-4c1d-a58c-62e98a4efa8c: start 1fd4d212-c4d2-4c1d-a58c-62e98a4efa8c@group-8A4E9B3C4A03-LeaderElection67
2024-04-28 12:45:36,307 [1fd4d212-c4d2-4c1d-a58c-62e98a4efa8c@group-8A4E9B3C4A03-LeaderElection67] INFO  impl.LeaderElection (LeaderElection.java:askForVotes(321)) - 1fd4d212-c4d2-4c1d-a58c-62e98a4efa8c@group-8A4E9B3C4A03-LeaderElection67 PRE_VOTE round 0: submit vote requests at term 0 for -1: peers:[1fd4d212-c4d2-4c1d-a58c-62e98a4efa8c|127.0.0.1:15397]|listeners:[], old=null
2024-04-28 12:45:36,307 [1fd4d212-c4d2-4c1d-a58c-62e98a4efa8c@group-8A4E9B3C4A03-LeaderElection67] INFO  impl.LeaderElection (LeaderElection.java:askForVotes(323)) - 1fd4d212-c4d2-4c1d-a58c-62e98a4efa8c@group-8A4E9B3C4A03-LeaderElection67 PRE_VOTE round 0: result PASSED (term=0)
2024-04-28 12:45:36,308 [1fd4d212-c4d2-4c1d-a58c-62e98a4efa8c@group-8A4E9B3C4A03-LeaderElection67] INFO  impl.LeaderElection (LeaderElection.java:askForVotes(321)) - 1fd4d212-c4d2-4c1d-a58c-62e98a4efa8c@group-8A4E9B3C4A03-LeaderElection67 ELECTION round 0: submit vote requests at term 1 for -1: peers:[1fd4d212-c4d2-4c1d-a58c-62e98a4efa8c|127.0.0.1:15397]|listeners:[], old=null
2024-04-28 12:45:36,308 [1fd4d212-c4d2-4c1d-a58c-62e98a4efa8c@group-8A4E9B3C4A03-LeaderElection67] INFO  impl.LeaderElection (LeaderElection.java:askForVotes(323)) - 1fd4d212-c4d2-4c1d-a58c-62e98a4efa8c@group-8A4E9B3C4A03-LeaderElection67 ELECTION round 0: result PASSED (term=1)
2024-04-28 12:45:36,308 [1fd4d212-c4d2-4c1d-a58c-62e98a4efa8c@group-8A4E9B3C4A03-LeaderElection67] INFO  impl.RoleInfo (RoleInfo.java:shutdownLeaderElection(130)) - 1fd4d212-c4d2-4c1d-a58c-62e98a4efa8c: shutdown 1fd4d212-c4d2-4c1d-a58c-62e98a4efa8c@group-8A4E9B3C4A03-LeaderElection67
2024-04-28 12:45:36,308 [1fd4d212-c4d2-4c1d-a58c-62e98a4efa8c@group-8A4E9B3C4A03-LeaderElection67] INFO  server.RaftServer$Division (RaftServerImpl.java:setRole(383)) - 1fd4d212-c4d2-4c1d-a58c-62e98a4efa8c@group-8A4E9B3C4A03: changes role from CANDIDATE to LEADER at term 1 for changeToLeader
2024-04-28 12:45:36,308 [1fd4d212-c4d2-4c1d-a58c-62e98a4efa8c@group-8A4E9B3C4A03-LeaderElection67] INFO  server.RaftServerConfigKeys (ConfUtils.java:logGet(46)) - raft.server.staging.catchup.gap = 1000 (default)
2024-04-28 12:45:36,308 [1fd4d212-c4d2-4c1d-a58c-62e98a4efa8c@group-8A4E9B3C4A03-LeaderElection67] INFO  server.RaftServerConfigKeys (ConfUtils.java:logGet(46)) - raft.server.write.element-limit = 1024 (custom)
2024-04-28 12:45:36,308 [1fd4d212-c4d2-4c1d-a58c-62e98a4efa8c@group-8A4E9B3C4A03-LeaderElection67] INFO  server.RaftServerConfigKeys (ConfUtils.java:logGet(46)) - raft.server.write.byte-limit = 1024 M (=1073741824) (custom)
2024-04-28 12:45:36,309 [1fd4d212-c4d2-4c1d-a58c-62e98a4efa8c@group-8A4E9B3C4A03-LeaderElection67] INFO  server.RaftServerConfigKeys (ConfUtils.java:logGet(46)) - raft.server.watch.timeout = 3000ms (custom)
2024-04-28 12:45:36,309 [1fd4d212-c4d2-4c1d-a58c-62e98a4efa8c@group-8A4E9B3C4A03-LeaderElection67] INFO  server.RaftServerConfigKeys (ConfUtils.java:logGet(46)) - raft.server.watch.timeout.denomination = 1s (default)
2024-04-28 12:45:36,309 [1fd4d212-c4d2-4c1d-a58c-62e98a4efa8c@group-8A4E9B3C4A03-LeaderElection67] INFO  server.RaftServerConfigKeys (ConfUtils.java:logGet(46)) - raft.server.watch.element-limit = 65536 (default)
2024-04-28 12:45:36,309 [1fd4d212-c4d2-4c1d-a58c-62e98a4efa8c@group-8A4E9B3C4A03-LeaderElection67] INFO  server.RaftServerConfigKeys (ConfUtils.java:logGet(46)) - raft.server.read.leader.lease.enabled = false (default)
2024-04-28 12:45:36,309 [d1684581-678b-458f-8382-390a387eba93@group-FBB08E98B0F2-FollowerState] INFO  impl.FollowerState (FollowerState.java:run(143)) - d1684581-678b-458f-8382-390a387eba93@group-FBB08E98B0F2-FollowerState: change to CANDIDATE, lastRpcElapsedTime:5125356946ns, electionTimeout:5125ms
2024-04-28 12:45:36,309 [d1684581-678b-458f-8382-390a387eba93@group-FBB08E98B0F2-FollowerState] INFO  impl.RoleInfo (RoleInfo.java:shutdownFollowerState(110)) - d1684581-678b-458f-8382-390a387eba93: shutdown d1684581-678b-458f-8382-390a387eba93@group-FBB08E98B0F2-FollowerState
2024-04-28 12:45:36,309 [1fd4d212-c4d2-4c1d-a58c-62e98a4efa8c@group-8A4E9B3C4A03-LeaderElection67] INFO  server.RaftServerConfigKeys (ConfUtils.java:logGet(46)) - raft.server.read.leader.lease.timeout.ratio = 0.9 (default)
2024-04-28 12:45:36,309 [d1684581-678b-458f-8382-390a387eba93@group-FBB08E98B0F2-FollowerState] INFO  server.RaftServer$Division (RaftServerImpl.java:setRole(383)) - d1684581-678b-458f-8382-390a387eba93@group-FBB08E98B0F2: changes role from  FOLLOWER to CANDIDATE at term 0 for changeToCandidate
2024-04-28 12:45:36,309 [d1684581-678b-458f-8382-390a387eba93@group-FBB08E98B0F2-FollowerState] INFO  server.RaftServerConfigKeys (ConfUtils.java:logGet(46)) - raft.server.leaderelection.pre-vote = true (default)
2024-04-28 12:45:36,309 [1fd4d212-c4d2-4c1d-a58c-62e98a4efa8c@group-8A4E9B3C4A03-LeaderElection67] INFO  server.RaftServerConfigKeys (ConfUtils.java:logGet(46)) - raft.server.rpc.timeout.min = 5s (custom)
2024-04-28 12:45:36,309 [d1684581-678b-458f-8382-390a387eba93@group-FBB08E98B0F2-FollowerState] INFO  impl.RoleInfo (RoleInfo.java:updateAndGet(139)) - d1684581-678b-458f-8382-390a387eba93: start d1684581-678b-458f-8382-390a387eba93@group-FBB08E98B0F2-LeaderElection68
2024-04-28 12:45:36,309 [1fd4d212-c4d2-4c1d-a58c-62e98a4efa8c@group-8A4E9B3C4A03-LeaderElection67] INFO  server.RaftServerConfigKeys (ConfUtils.java:logGet(46)) - raft.server.write.element-limit = 1024 (custom)
2024-04-28 12:45:36,309 [1fd4d212-c4d2-4c1d-a58c-62e98a4efa8c@group-8A4E9B3C4A03-LeaderElection67] INFO  server.RaftServerConfigKeys (ConfUtils.java:logGet(46)) - raft.server.write.follower.gap.ratio.max = -1.0 (default)
2024-04-28 12:45:36,309 [1fd4d212-c4d2-4c1d-a58c-62e98a4efa8c@group-8A4E9B3C4A03-LeaderElection67] INFO  impl.RoleInfo (RoleInfo.java:updateAndGet(139)) - 1fd4d212-c4d2-4c1d-a58c-62e98a4efa8c: start 1fd4d212-c4d2-4c1d-a58c-62e98a4efa8c@group-8A4E9B3C4A03-LeaderStateImpl
2024-04-28 12:45:36,309 [1fd4d212-c4d2-4c1d-a58c-62e98a4efa8c@group-8A4E9B3C4A03-LeaderElection67] INFO  server.RaftServer$Division (RaftServerImpl.java:setFirstElection(574)) - 1fd4d212-c4d2-4c1d-a58c-62e98a4efa8c@group-8A4E9B3C4A03: set firstElectionSinceStartup to false for becomeLeader
2024-04-28 12:45:36,310 [1fd4d212-c4d2-4c1d-a58c-62e98a4efa8c@group-8A4E9B3C4A03-LeaderElection67] INFO  ratis.XceiverServerRatis (XceiverServerRatis.java:handleLeaderChangedNotification(966)) - Leader change notification received for group: group-8A4E9B3C4A03 with new leaderId: 1fd4d212-c4d2-4c1d-a58c-62e98a4efa8c
2024-04-28 12:45:36,309 [d1684581-678b-458f-8382-390a387eba93@group-FBB08E98B0F2-LeaderElection68] INFO  impl.LeaderElection (LeaderElection.java:askForVotes(321)) - d1684581-678b-458f-8382-390a387eba93@group-FBB08E98B0F2-LeaderElection68 PRE_VOTE round 0: submit vote requests at term 0 for -1: peers:[d1684581-678b-458f-8382-390a387eba93|127.0.0.1:15406]|listeners:[], old=null
2024-04-28 12:45:36,310 [1fd4d212-c4d2-4c1d-a58c-62e98a4efa8c@group-8A4E9B3C4A03-LeaderElection67] INFO  server.RaftServer$Division (ServerState.java:setLeader(269)) - 1fd4d212-c4d2-4c1d-a58c-62e98a4efa8c@group-8A4E9B3C4A03: change Leader from null to 1fd4d212-c4d2-4c1d-a58c-62e98a4efa8c at term 1 for becomeLeader, leader elected after 5199ms
2024-04-28 12:45:36,310 [d1684581-678b-458f-8382-390a387eba93@group-FBB08E98B0F2-LeaderElection68] INFO  impl.LeaderElection (LeaderElection.java:askForVotes(323)) - d1684581-678b-458f-8382-390a387eba93@group-FBB08E98B0F2-LeaderElection68 PRE_VOTE round 0: result PASSED (term=0)
2024-04-28 12:45:36,310 [1fd4d212-c4d2-4c1d-a58c-62e98a4efa8c@group-8A4E9B3C4A03-LeaderElection67] INFO  segmented.SegmentedRaftLogWorker (SegmentedRaftLogWorker.java:startLogSegment(430)) - 1fd4d212-c4d2-4c1d-a58c-62e98a4efa8c@group-8A4E9B3C4A03-SegmentedRaftLogWorker: Starting segment from index:0
2024-04-28 12:45:36,310 [1fd4d212-c4d2-4c1d-a58c-62e98a4efa8c@group-8A4E9B3C4A03-SegmentedRaftLogWorker] INFO  segmented.BufferedWriteChannel (BufferedWriteChannel.java:open(62)) - open log_inprogress_0 at position 0
2024-04-28 12:45:36,311 [d1684581-678b-458f-8382-390a387eba93@group-FBB08E98B0F2-LeaderElection68] INFO  impl.LeaderElection (LeaderElection.java:askForVotes(321)) - d1684581-678b-458f-8382-390a387eba93@group-FBB08E98B0F2-LeaderElection68 ELECTION round 0: submit vote requests at term 1 for -1: peers:[d1684581-678b-458f-8382-390a387eba93|127.0.0.1:15406]|listeners:[], old=null
2024-04-28 12:45:36,311 [d1684581-678b-458f-8382-390a387eba93@group-FBB08E98B0F2-LeaderElection68] INFO  impl.LeaderElection (LeaderElection.java:askForVotes(323)) - d1684581-678b-458f-8382-390a387eba93@group-FBB08E98B0F2-LeaderElection68 ELECTION round 0: result PASSED (term=1)
2024-04-28 12:45:36,311 [d1684581-678b-458f-8382-390a387eba93@group-FBB08E98B0F2-LeaderElection68] INFO  impl.RoleInfo (RoleInfo.java:shutdownLeaderElection(130)) - d1684581-678b-458f-8382-390a387eba93: shutdown d1684581-678b-458f-8382-390a387eba93@group-FBB08E98B0F2-LeaderElection68
2024-04-28 12:45:36,311 [d1684581-678b-458f-8382-390a387eba93@group-FBB08E98B0F2-LeaderElection68] INFO  server.RaftServer$Division (RaftServerImpl.java:setRole(383)) - d1684581-678b-458f-8382-390a387eba93@group-FBB08E98B0F2: changes role from CANDIDATE to LEADER at term 1 for changeToLeader
2024-04-28 12:45:36,311 [d1684581-678b-458f-8382-390a387eba93@group-FBB08E98B0F2-LeaderElection68] INFO  server.RaftServerConfigKeys (ConfUtils.java:logGet(46)) - raft.server.staging.catchup.gap = 1000 (default)
2024-04-28 12:45:36,312 [d1684581-678b-458f-8382-390a387eba93@group-FBB08E98B0F2-LeaderElection68] INFO  server.RaftServerConfigKeys (ConfUtils.java:logGet(46)) - raft.server.write.element-limit = 1024 (custom)
2024-04-28 12:45:36,312 [d1684581-678b-458f-8382-390a387eba93@group-FBB08E98B0F2-LeaderElection68] INFO  server.RaftServerConfigKeys (ConfUtils.java:logGet(46)) - raft.server.write.byte-limit = 1024 M (=1073741824) (custom)
2024-04-28 12:45:36,312 [d1684581-678b-458f-8382-390a387eba93@group-FBB08E98B0F2-LeaderElection68] INFO  server.RaftServerConfigKeys (ConfUtils.java:logGet(46)) - raft.server.watch.timeout = 3000ms (custom)
2024-04-28 12:45:36,312 [d1684581-678b-458f-8382-390a387eba93@group-FBB08E98B0F2-LeaderElection68] INFO  server.RaftServerConfigKeys (ConfUtils.java:logGet(46)) - raft.server.watch.timeout.denomination = 1s (default)
2024-04-28 12:45:36,312 [d1684581-678b-458f-8382-390a387eba93@group-FBB08E98B0F2-LeaderElection68] INFO  server.RaftServerConfigKeys (ConfUtils.java:logGet(46)) - raft.server.watch.element-limit = 65536 (default)
2024-04-28 12:45:36,312 [d1684581-678b-458f-8382-390a387eba93@group-FBB08E98B0F2-LeaderElection68] INFO  server.RaftServerConfigKeys (ConfUtils.java:logGet(46)) - raft.server.read.leader.lease.enabled = false (default)
2024-04-28 12:45:36,312 [d1684581-678b-458f-8382-390a387eba93@group-FBB08E98B0F2-LeaderElection68] INFO  server.RaftServerConfigKeys (ConfUtils.java:logGet(46)) - raft.server.read.leader.lease.timeout.ratio = 0.9 (default)
2024-04-28 12:45:36,312 [d1684581-678b-458f-8382-390a387eba93@group-FBB08E98B0F2-LeaderElection68] INFO  server.RaftServerConfigKeys (ConfUtils.java:logGet(46)) - raft.server.rpc.timeout.min = 5s (custom)
2024-04-28 12:45:36,312 [d1684581-678b-458f-8382-390a387eba93@group-FBB08E98B0F2-LeaderElection68] INFO  server.RaftServerConfigKeys (ConfUtils.java:logGet(46)) - raft.server.write.element-limit = 1024 (custom)
2024-04-28 12:45:36,312 [d1684581-678b-458f-8382-390a387eba93@group-FBB08E98B0F2-LeaderElection68] INFO  server.RaftServerConfigKeys (ConfUtils.java:logGet(46)) - raft.server.write.follower.gap.ratio.max = -1.0 (default)
2024-04-28 12:45:36,312 [d1684581-678b-458f-8382-390a387eba93@group-FBB08E98B0F2-LeaderElection68] INFO  impl.RoleInfo (RoleInfo.java:updateAndGet(139)) - d1684581-678b-458f-8382-390a387eba93: start d1684581-678b-458f-8382-390a387eba93@group-FBB08E98B0F2-LeaderStateImpl
2024-04-28 12:45:36,312 [d1684581-678b-458f-8382-390a387eba93@group-FBB08E98B0F2-LeaderElection68] INFO  server.RaftServer$Division (RaftServerImpl.java:setFirstElection(574)) - d1684581-678b-458f-8382-390a387eba93@group-FBB08E98B0F2: set firstElectionSinceStartup to false for becomeLeader
2024-04-28 12:45:36,312 [d1684581-678b-458f-8382-390a387eba93@group-FBB08E98B0F2-LeaderElection68] INFO  ratis.XceiverServerRatis (XceiverServerRatis.java:handleLeaderChangedNotification(966)) - Leader change notification received for group: group-FBB08E98B0F2 with new leaderId: d1684581-678b-458f-8382-390a387eba93
2024-04-28 12:45:36,313 [d1684581-678b-458f-8382-390a387eba93@group-FBB08E98B0F2-LeaderElection68] INFO  server.RaftServer$Division (ServerState.java:setLeader(269)) - d1684581-678b-458f-8382-390a387eba93@group-FBB08E98B0F2: change Leader from null to d1684581-678b-458f-8382-390a387eba93 at term 1 for becomeLeader, leader elected after 5136ms
2024-04-28 12:45:36,313 [d1684581-678b-458f-8382-390a387eba93@group-FBB08E98B0F2-LeaderElection68] INFO  segmented.SegmentedRaftLogWorker (SegmentedRaftLogWorker.java:startLogSegment(430)) - d1684581-678b-458f-8382-390a387eba93@group-FBB08E98B0F2-SegmentedRaftLogWorker: Starting segment from index:0
2024-04-28 12:45:36,313 [d1684581-678b-458f-8382-390a387eba93@group-FBB08E98B0F2-SegmentedRaftLogWorker] INFO  segmented.BufferedWriteChannel (BufferedWriteChannel.java:open(62)) - open log_inprogress_0 at position 0
2024-04-28 12:45:36,314 [1fd4d212-c4d2-4c1d-a58c-62e98a4efa8c@group-8A4E9B3C4A03-LeaderElection67] INFO  server.RaftServer$Division (ServerState.java:setRaftConf(386)) - 1fd4d212-c4d2-4c1d-a58c-62e98a4efa8c@group-8A4E9B3C4A03: set configuration 0: peers:[1fd4d212-c4d2-4c1d-a58c-62e98a4efa8c|127.0.0.1:15397]|listeners:[], old=null
2024-04-28 12:45:36,317 [d1684581-678b-458f-8382-390a387eba93@group-7DBF24B1A174-FollowerState] INFO  impl.FollowerState (FollowerState.java:run(143)) - d1684581-678b-458f-8382-390a387eba93@group-7DBF24B1A174-FollowerState: change to CANDIDATE, lastRpcElapsedTime:5146362479ns, electionTimeout:5146ms
2024-04-28 12:45:36,317 [d1684581-678b-458f-8382-390a387eba93@group-7DBF24B1A174-FollowerState] INFO  impl.RoleInfo (RoleInfo.java:shutdownFollowerState(110)) - d1684581-678b-458f-8382-390a387eba93: shutdown d1684581-678b-458f-8382-390a387eba93@group-7DBF24B1A174-FollowerState
2024-04-28 12:45:36,317 [d1684581-678b-458f-8382-390a387eba93@group-7DBF24B1A174-FollowerState] INFO  server.RaftServer$Division (RaftServerImpl.java:setRole(383)) - d1684581-678b-458f-8382-390a387eba93@group-7DBF24B1A174: changes role from  FOLLOWER to CANDIDATE at term 0 for changeToCandidate
2024-04-28 12:45:36,317 [d1684581-678b-458f-8382-390a387eba93@group-7DBF24B1A174-FollowerState] INFO  server.RaftServerConfigKeys (ConfUtils.java:logGet(46)) - raft.server.leaderelection.pre-vote = true (default)
2024-04-28 12:45:36,317 [d1684581-678b-458f-8382-390a387eba93@group-7DBF24B1A174-FollowerState] INFO  impl.RoleInfo (RoleInfo.java:updateAndGet(139)) - d1684581-678b-458f-8382-390a387eba93: start d1684581-678b-458f-8382-390a387eba93@group-7DBF24B1A174-LeaderElection69
2024-04-28 12:45:36,317 [d1684581-678b-458f-8382-390a387eba93@group-FBB08E98B0F2-LeaderElection68] INFO  server.RaftServer$Division (ServerState.java:setRaftConf(386)) - d1684581-678b-458f-8382-390a387eba93@group-FBB08E98B0F2: set configuration 0: peers:[d1684581-678b-458f-8382-390a387eba93|127.0.0.1:15406]|listeners:[], old=null
2024-04-28 12:45:36,317 [d1684581-678b-458f-8382-390a387eba93@group-7DBF24B1A174-LeaderElection69] INFO  impl.LeaderElection (LeaderElection.java:askForVotes(321)) - d1684581-678b-458f-8382-390a387eba93@group-7DBF24B1A174-LeaderElection69 PRE_VOTE round 0: submit vote requests at term 0 for -1: peers:[d1684581-678b-458f-8382-390a387eba93|127.0.0.1:15406, 7957f999-cc51-45d8-add6-1ece72fbce78|127.0.0.1:15415, 1fd4d212-c4d2-4c1d-a58c-62e98a4efa8c|127.0.0.1:15397]|listeners:[], old=null
2024-04-28 12:45:36,317 [d1684581-678b-458f-8382-390a387eba93@group-7DBF24B1A174-LeaderElection69] INFO  server.RaftServerConfigKeys (ConfUtils.java:logFallback(53)) - raft.server.rpc.first-election.timeout.min = 5s (fallback to raft.server.rpc.timeout.min)
2024-04-28 12:45:36,318 [d1684581-678b-458f-8382-390a387eba93@group-7DBF24B1A174-LeaderElection69] INFO  server.RaftServerConfigKeys (ConfUtils.java:logFallback(53)) - raft.server.rpc.first-election.timeout.max = 5200ms (fallback to raft.server.rpc.timeout.max)
2024-04-28 12:45:36,318 [d1684581-678b-458f-8382-390a387eba93@group-7DBF24B1A174-LeaderElection69-1] INFO  server.GrpcServerProtocolClient (GrpcServerProtocolClient.java:<init>(65)) - Build channel for 7957f999-cc51-45d8-add6-1ece72fbce78|127.0.0.1:15415
2024-04-28 12:45:36,318 [d1684581-678b-458f-8382-390a387eba93@group-7DBF24B1A174-LeaderElection69-2] INFO  server.GrpcServerProtocolClient (GrpcServerProtocolClient.java:<init>(65)) - Build channel for 1fd4d212-c4d2-4c1d-a58c-62e98a4efa8c|127.0.0.1:15397
2024-04-28 12:45:36,321 [grpc-default-executor-4] INFO  server.RaftServer$Division (RaftServerImpl.java:requestVote(1389)) - 7957f999-cc51-45d8-add6-1ece72fbce78@group-7DBF24B1A174: receive requestVote(PRE_VOTE, d1684581-678b-458f-8382-390a387eba93, group-7DBF24B1A174, 0, (t:0, i:0))
2024-04-28 12:45:36,321 [grpc-default-executor-4] INFO  impl.VoteContext (VoteContext.java:log(49)) - 7957f999-cc51-45d8-add6-1ece72fbce78@group-7DBF24B1A174-FOLLOWER: accept PRE_VOTE from d1684581-678b-458f-8382-390a387eba93: our priority 0 <= candidate's priority 1
2024-04-28 12:45:36,321 [grpc-default-executor-4] INFO  server.RaftServer$Division (RaftServerImpl.java:requestVote(1422)) - 7957f999-cc51-45d8-add6-1ece72fbce78@group-7DBF24B1A174 replies to PRE_VOTE vote request: d1684581-678b-458f-8382-390a387eba93<-7957f999-cc51-45d8-add6-1ece72fbce78#0:OK-t0. Peer's state: 7957f999-cc51-45d8-add6-1ece72fbce78@group-7DBF24B1A174:t0, leader=null, voted=, raftlog=Memoized:7957f999-cc51-45d8-add6-1ece72fbce78@group-7DBF24B1A174-SegmentedRaftLog:OPENED:c-1, conf=-1: peers:[d1684581-678b-458f-8382-390a387eba93|127.0.0.1:15406, 7957f999-cc51-45d8-add6-1ece72fbce78|127.0.0.1:15415, 1fd4d212-c4d2-4c1d-a58c-62e98a4efa8c|127.0.0.1:15397]|listeners:[], old=null
2024-04-28 12:45:36,321 [1fd4d212-c4d2-4c1d-a58c-62e98a4efa8c@group-8A4E9B3C4A03-SegmentedRaftLogWorker] INFO  segmented.SegmentedRaftLogWorker (SegmentedRaftLogWorker.java:execute(634)) - 1fd4d212-c4d2-4c1d-a58c-62e98a4efa8c@group-8A4E9B3C4A03-SegmentedRaftLogWorker: created new log segment /home/runner/work/ozone/ozone/hadoop-ozone/integration-test/target/test-dir/MiniOzoneClusterImpl-4444f751-856d-4595-ad15-e87fc76049bc/ozone-meta/datanode-4/ratis/846b1a75-8a91-4211-8506-8a4e9b3c4a03/current/log_inprogress_0
2024-04-28 12:45:36,321 [d1684581-678b-458f-8382-390a387eba93@group-FBB08E98B0F2-SegmentedRaftLogWorker] INFO  segmented.SegmentedRaftLogWorker (SegmentedRaftLogWorker.java:execute(634)) - d1684581-678b-458f-8382-390a387eba93@group-FBB08E98B0F2-SegmentedRaftLogWorker: created new log segment /home/runner/work/ozone/ozone/hadoop-ozone/integration-test/target/test-dir/MiniOzoneClusterImpl-4444f751-856d-4595-ad15-e87fc76049bc/ozone-meta/datanode-5/ratis/c342a021-063b-4081-b263-fbb08e98b0f2/current/log_inprogress_0
2024-04-28 12:45:36,322 [d1684581-678b-458f-8382-390a387eba93@group-7DBF24B1A174-LeaderElection69] INFO  impl.LeaderElection (LeaderElection.java:logAndReturn(89)) - d1684581-678b-458f-8382-390a387eba93@group-7DBF24B1A174-LeaderElection69: PRE_VOTE PASSED received 1 response(s) and 0 exception(s):
2024-04-28 12:45:36,322 [d1684581-678b-458f-8382-390a387eba93@group-7DBF24B1A174-LeaderElection69] INFO  impl.LeaderElection (LeaderElection.java:logAndReturn(93)) -   Response 0: d1684581-678b-458f-8382-390a387eba93<-7957f999-cc51-45d8-add6-1ece72fbce78#0:OK-t0
2024-04-28 12:45:36,322 [d1684581-678b-458f-8382-390a387eba93@group-7DBF24B1A174-LeaderElection69] INFO  impl.LeaderElection (LeaderElection.java:askForVotes(323)) - d1684581-678b-458f-8382-390a387eba93@group-7DBF24B1A174-LeaderElection69 PRE_VOTE round 0: result PASSED
2024-04-28 12:45:36,323 [d1684581-678b-458f-8382-390a387eba93@group-7DBF24B1A174-LeaderElection69] INFO  impl.LeaderElection (LeaderElection.java:askForVotes(321)) - d1684581-678b-458f-8382-390a387eba93@group-7DBF24B1A174-LeaderElection69 ELECTION round 0: submit vote requests at term 1 for -1: peers:[d1684581-678b-458f-8382-390a387eba93|127.0.0.1:15406, 7957f999-cc51-45d8-add6-1ece72fbce78|127.0.0.1:15415, 1fd4d212-c4d2-4c1d-a58c-62e98a4efa8c|127.0.0.1:15397]|listeners:[], old=null
2024-04-28 12:45:36,323 [d1684581-678b-458f-8382-390a387eba93@group-7DBF24B1A174-LeaderElection69] INFO  server.RaftServerConfigKeys (ConfUtils.java:logFallback(53)) - raft.server.rpc.first-election.timeout.min = 5s (fallback to raft.server.rpc.timeout.min)
2024-04-28 12:45:36,323 [d1684581-678b-458f-8382-390a387eba93@group-7DBF24B1A174-LeaderElection69] INFO  server.RaftServerConfigKeys (ConfUtils.java:logFallback(53)) - raft.server.rpc.first-election.timeout.max = 5200ms (fallback to raft.server.rpc.timeout.max)
2024-04-28 12:45:36,323 [grpc-default-executor-4] INFO  server.RaftServer$Division (RaftServerImpl.java:requestVote(1389)) - 1fd4d212-c4d2-4c1d-a58c-62e98a4efa8c@group-7DBF24B1A174: receive requestVote(PRE_VOTE, d1684581-678b-458f-8382-390a387eba93, group-7DBF24B1A174, 0, (t:0, i:0))
2024-04-28 12:45:36,323 [grpc-default-executor-4] INFO  impl.VoteContext (VoteContext.java:log(49)) - 1fd4d212-c4d2-4c1d-a58c-62e98a4efa8c@group-7DBF24B1A174-FOLLOWER: accept PRE_VOTE from d1684581-678b-458f-8382-390a387eba93: our priority 0 <= candidate's priority 1
2024-04-28 12:45:36,323 [grpc-default-executor-4] INFO  server.RaftServer$Division (RaftServerImpl.java:requestVote(1422)) - 1fd4d212-c4d2-4c1d-a58c-62e98a4efa8c@group-7DBF24B1A174 replies to PRE_VOTE vote request: d1684581-678b-458f-8382-390a387eba93<-1fd4d212-c4d2-4c1d-a58c-62e98a4efa8c#0:OK-t0. Peer's state: 1fd4d212-c4d2-4c1d-a58c-62e98a4efa8c@group-7DBF24B1A174:t0, leader=null, voted=, raftlog=Memoized:1fd4d212-c4d2-4c1d-a58c-62e98a4efa8c@group-7DBF24B1A174-SegmentedRaftLog:OPENED:c-1, conf=-1: peers:[d1684581-678b-458f-8382-390a387eba93|127.0.0.1:15406, 7957f999-cc51-45d8-add6-1ece72fbce78|127.0.0.1:15415, 1fd4d212-c4d2-4c1d-a58c-62e98a4efa8c|127.0.0.1:15397]|listeners:[], old=null
2024-04-28 12:45:36,323 [grpc-default-executor-3] INFO  server.RaftServer$Division (RaftServerImpl.java:requestVote(1389)) - 7957f999-cc51-45d8-add6-1ece72fbce78@group-7DBF24B1A174: receive requestVote(ELECTION, d1684581-678b-458f-8382-390a387eba93, group-7DBF24B1A174, 1, (t:0, i:0))
2024-04-28 12:45:36,324 [grpc-default-executor-3] INFO  impl.VoteContext (VoteContext.java:log(49)) - 7957f999-cc51-45d8-add6-1ece72fbce78@group-7DBF24B1A174-FOLLOWER: accept ELECTION from d1684581-678b-458f-8382-390a387eba93: our priority 0 <= candidate's priority 1
2024-04-28 12:45:36,324 [grpc-default-executor-3] INFO  server.RaftServer$Division (RaftServerImpl.java:setRole(383)) - 7957f999-cc51-45d8-add6-1ece72fbce78@group-7DBF24B1A174: changes role from  FOLLOWER to FOLLOWER at term 1 for candidate:d1684581-678b-458f-8382-390a387eba93
2024-04-28 12:45:36,324 [grpc-default-executor-3] INFO  impl.RoleInfo (RoleInfo.java:shutdownFollowerState(110)) - 7957f999-cc51-45d8-add6-1ece72fbce78: shutdown 7957f999-cc51-45d8-add6-1ece72fbce78@group-7DBF24B1A174-FollowerState
2024-04-28 12:45:36,324 [grpc-default-executor-3] INFO  impl.RoleInfo (RoleInfo.java:updateAndGet(139)) - 7957f999-cc51-45d8-add6-1ece72fbce78: start 7957f999-cc51-45d8-add6-1ece72fbce78@group-7DBF24B1A174-FollowerState
2024-04-28 12:45:36,323 [d1684581-678b-458f-8382-390a387eba93@group-FBB08E98B0F2-StateMachineUpdater] INFO  server.RaftServer$Division (LeaderStateImpl.java:isApplied(320)) - leader is ready since appliedIndex == 0 >= startIndex == 0
2024-04-28 12:45:36,323 [1fd4d212-c4d2-4c1d-a58c-62e98a4efa8c@group-8A4E9B3C4A03-StateMachineUpdater] INFO  server.RaftServer$Division (LeaderStateImpl.java:isApplied(320)) - leader is ready since appliedIndex == 0 >= startIndex == 0
2024-04-28 12:45:36,325 [grpc-default-executor-0] INFO  server.RaftServer$Division (RaftServerImpl.java:requestVote(1389)) - 1fd4d212-c4d2-4c1d-a58c-62e98a4efa8c@group-7DBF24B1A174: receive requestVote(ELECTION, d1684581-678b-458f-8382-390a387eba93, group-7DBF24B1A174, 1, (t:0, i:0))
2024-04-28 12:45:36,325 [grpc-default-executor-0] INFO  impl.VoteContext (VoteContext.java:log(49)) - 1fd4d212-c4d2-4c1d-a58c-62e98a4efa8c@group-7DBF24B1A174-FOLLOWER: accept ELECTION from d1684581-678b-458f-8382-390a387eba93: our priority 0 <= candidate's priority 1
2024-04-28 12:45:36,325 [grpc-default-executor-0] INFO  server.RaftServer$Division (RaftServerImpl.java:setRole(383)) - 1fd4d212-c4d2-4c1d-a58c-62e98a4efa8c@group-7DBF24B1A174: changes role from  FOLLOWER to FOLLOWER at term 1 for candidate:d1684581-678b-458f-8382-390a387eba93
2024-04-28 12:45:36,325 [grpc-default-executor-0] INFO  impl.RoleInfo (RoleInfo.java:shutdownFollowerState(110)) - 1fd4d212-c4d2-4c1d-a58c-62e98a4efa8c: shutdown 1fd4d212-c4d2-4c1d-a58c-62e98a4efa8c@group-7DBF24B1A174-FollowerState
2024-04-28 12:45:36,325 [grpc-default-executor-0] INFO  impl.RoleInfo (RoleInfo.java:updateAndGet(139)) - 1fd4d212-c4d2-4c1d-a58c-62e98a4efa8c: start 1fd4d212-c4d2-4c1d-a58c-62e98a4efa8c@group-7DBF24B1A174-FollowerState
2024-04-28 12:45:36,325 [7957f999-cc51-45d8-add6-1ece72fbce78@group-7DBF24B1A174-FollowerState] INFO  impl.FollowerState (FollowerState.java:run(152)) - 7957f999-cc51-45d8-add6-1ece72fbce78@group-7DBF24B1A174-FollowerState was interrupted
2024-04-28 12:45:36,325 [1fd4d212-c4d2-4c1d-a58c-62e98a4efa8c@group-7DBF24B1A174-FollowerState] INFO  impl.FollowerState (FollowerState.java:run(152)) - 1fd4d212-c4d2-4c1d-a58c-62e98a4efa8c@group-7DBF24B1A174-FollowerState was interrupted
2024-04-28 12:45:36,326 [grpc-default-executor-3] INFO  server.RaftServer$Division (RaftServerImpl.java:setFirstElection(574)) - 7957f999-cc51-45d8-add6-1ece72fbce78@group-7DBF24B1A174: set firstElectionSinceStartup to false for candidate:d1684581-678b-458f-8382-390a387eba93
2024-04-28 12:45:36,327 [grpc-default-executor-3] INFO  server.RaftServer$Division (RaftServerImpl.java:requestVote(1422)) - 7957f999-cc51-45d8-add6-1ece72fbce78@group-7DBF24B1A174 replies to ELECTION vote request: d1684581-678b-458f-8382-390a387eba93<-7957f999-cc51-45d8-add6-1ece72fbce78#0:OK-t1. Peer's state: 7957f999-cc51-45d8-add6-1ece72fbce78@group-7DBF24B1A174:t1, leader=null, voted=d1684581-678b-458f-8382-390a387eba93, raftlog=Memoized:7957f999-cc51-45d8-add6-1ece72fbce78@group-7DBF24B1A174-SegmentedRaftLog:OPENED:c-1, conf=-1: peers:[d1684581-678b-458f-8382-390a387eba93|127.0.0.1:15406, 7957f999-cc51-45d8-add6-1ece72fbce78|127.0.0.1:15415, 1fd4d212-c4d2-4c1d-a58c-62e98a4efa8c|127.0.0.1:15397]|listeners:[], old=null
2024-04-28 12:45:36,327 [grpc-default-executor-0] INFO  server.RaftServer$Division (RaftServerImpl.java:requestVote(1422)) - 1fd4d212-c4d2-4c1d-a58c-62e98a4efa8c@group-7DBF24B1A174 replies to ELECTION vote request: d1684581-678b-458f-8382-390a387eba93<-1fd4d212-c4d2-4c1d-a58c-62e98a4efa8c#0:OK-t1. Peer's state: 1fd4d212-c4d2-4c1d-a58c-62e98a4efa8c@group-7DBF24B1A174:t1, leader=null, voted=d1684581-678b-458f-8382-390a387eba93, raftlog=Memoized:1fd4d212-c4d2-4c1d-a58c-62e98a4efa8c@group-7DBF24B1A174-SegmentedRaftLog:OPENED:c-1, conf=-1: peers:[d1684581-678b-458f-8382-390a387eba93|127.0.0.1:15406, 7957f999-cc51-45d8-add6-1ece72fbce78|127.0.0.1:15415, 1fd4d212-c4d2-4c1d-a58c-62e98a4efa8c|127.0.0.1:15397]|listeners:[], old=null
2024-04-28 12:45:36,328 [d1684581-678b-458f-8382-390a387eba93@group-7DBF24B1A174-LeaderElection69] INFO  impl.LeaderElection (LeaderElection.java:logAndReturn(89)) - d1684581-678b-458f-8382-390a387eba93@group-7DBF24B1A174-LeaderElection69: ELECTION PASSED received 1 response(s) and 0 exception(s):
2024-04-28 12:45:36,328 [d1684581-678b-458f-8382-390a387eba93@group-7DBF24B1A174-LeaderElection69] INFO  impl.LeaderElection (LeaderElection.java:logAndReturn(93)) -   Response 0: d1684581-678b-458f-8382-390a387eba93<-7957f999-cc51-45d8-add6-1ece72fbce78#0:OK-t1
2024-04-28 12:45:36,328 [d1684581-678b-458f-8382-390a387eba93@group-7DBF24B1A174-LeaderElection69] INFO  impl.LeaderElection (LeaderElection.java:askForVotes(323)) - d1684581-678b-458f-8382-390a387eba93@group-7DBF24B1A174-LeaderElection69 ELECTION round 0: result PASSED
2024-04-28 12:45:36,328 [d1684581-678b-458f-8382-390a387eba93@group-7DBF24B1A174-LeaderElection69] INFO  impl.RoleInfo (RoleInfo.java:shutdownLeaderElection(130)) - d1684581-678b-458f-8382-390a387eba93: shutdown d1684581-678b-458f-8382-390a387eba93@group-7DBF24B1A174-LeaderElection69
2024-04-28 12:45:36,328 [d1684581-678b-458f-8382-390a387eba93@group-7DBF24B1A174-LeaderElection69] INFO  server.RaftServer$Division (RaftServerImpl.java:setRole(383)) - d1684581-678b-458f-8382-390a387eba93@group-7DBF24B1A174: changes role from CANDIDATE to LEADER at term 1 for changeToLeader
2024-04-28 12:45:36,328 [d1684581-678b-458f-8382-390a387eba93@group-7DBF24B1A174-LeaderElection69] INFO  server.RaftServerConfigKeys (ConfUtils.java:logGet(46)) - raft.server.staging.catchup.gap = 1000 (default)
2024-04-28 12:45:36,328 [d1684581-678b-458f-8382-390a387eba93@group-7DBF24B1A174-LeaderElection69] INFO  server.RaftServerConfigKeys (ConfUtils.java:logGet(46)) - raft.server.write.element-limit = 1024 (custom)
2024-04-28 12:45:36,328 [d1684581-678b-458f-8382-390a387eba93@group-7DBF24B1A174-LeaderElection69] INFO  server.RaftServerConfigKeys (ConfUtils.java:logGet(46)) - raft.server.write.byte-limit = 1024 M (=1073741824) (custom)
2024-04-28 12:45:36,328 [d1684581-678b-458f-8382-390a387eba93@group-7DBF24B1A174-LeaderElection69] INFO  server.RaftServerConfigKeys (ConfUtils.java:logGet(46)) - raft.server.watch.timeout = 3000ms (custom)
2024-04-28 12:45:36,328 [d1684581-678b-458f-8382-390a387eba93@group-7DBF24B1A174-LeaderElection69] INFO  server.RaftServerConfigKeys (ConfUtils.java:logGet(46)) - raft.server.watch.timeout.denomination = 1s (default)
2024-04-28 12:45:36,328 [d1684581-678b-458f-8382-390a387eba93@group-7DBF24B1A174-LeaderElection69] INFO  server.RaftServerConfigKeys (ConfUtils.java:logGet(46)) - raft.server.watch.element-limit = 65536 (default)
2024-04-28 12:45:36,328 [d1684581-678b-458f-8382-390a387eba93@group-7DBF24B1A174-LeaderElection69] INFO  server.RaftServerConfigKeys (ConfUtils.java:logGet(46)) - raft.server.read.leader.lease.enabled = false (default)
2024-04-28 12:45:36,328 [d1684581-678b-458f-8382-390a387eba93@group-7DBF24B1A174-LeaderElection69] INFO  server.RaftServerConfigKeys (ConfUtils.java:logGet(46)) - raft.server.read.leader.lease.timeout.ratio = 0.9 (default)
2024-04-28 12:45:36,328 [d1684581-678b-458f-8382-390a387eba93@group-7DBF24B1A174-LeaderElection69] INFO  server.RaftServerConfigKeys (ConfUtils.java:logGet(46)) - raft.server.rpc.timeout.min = 5s (custom)
2024-04-28 12:45:36,328 [d1684581-678b-458f-8382-390a387eba93@group-7DBF24B1A174-LeaderElection69] INFO  server.RaftServerConfigKeys (ConfUtils.java:logGet(46)) - raft.server.write.element-limit = 1024 (custom)
2024-04-28 12:45:36,328 [d1684581-678b-458f-8382-390a387eba93@group-7DBF24B1A174-LeaderElection69] INFO  server.RaftServerConfigKeys (ConfUtils.java:logGet(46)) - raft.server.write.follower.gap.ratio.max = -1.0 (default)
2024-04-28 12:45:36,329 [d1684581-678b-458f-8382-390a387eba93@group-7DBF24B1A174-LeaderElection69] INFO  server.RaftServerConfigKeys (ConfUtils.java:logGet(46)) - raft.server.log.appender.snapshot.chunk.size.max = 16MB (=16777216) (default)
2024-04-28 12:45:36,329 [d1684581-678b-458f-8382-390a387eba93@group-7DBF24B1A174-LeaderElection69] INFO  server.RaftServerConfigKeys (ConfUtils.java:logGet(46)) - raft.server.log.appender.buffer.byte-limit = 8388608 (custom)
2024-04-28 12:45:36,329 [d1684581-678b-458f-8382-390a387eba93@group-7DBF24B1A174-LeaderElection69] INFO  server.RaftServerConfigKeys (ConfUtils.java:logGet(46)) - raft.server.log.appender.buffer.element-limit = 1 (custom)
2024-04-28 12:45:36,329 [d1684581-678b-458f-8382-390a387eba93@group-7DBF24B1A174-LeaderElection69] INFO  server.RaftServerConfigKeys (ConfUtils.java:logGet(46)) - raft.server.log.appender.wait-time.min = 0ms (custom)
2024-04-28 12:45:36,329 [d1684581-678b-458f-8382-390a387eba93@group-7DBF24B1A174-LeaderElection69] INFO  grpc.GrpcConfigKeys (ConfUtils.java:logGet(46)) - raft.grpc.server.leader.outstanding.appends.max = 8 (default)
2024-04-28 12:45:36,329 [d1684581-678b-458f-8382-390a387eba93@group-7DBF24B1A174-LeaderElection69] INFO  server.RaftServerConfigKeys (ConfUtils.java:logGet(46)) - raft.server.rpc.request.timeout = 3000ms (default)
2024-04-28 12:45:36,329 [d1684581-678b-458f-8382-390a387eba93@group-7DBF24B1A174-LeaderElection69] INFO  grpc.GrpcConfigKeys (ConfUtils.java:logGet(46)) - raft.grpc.server.install_snapshot.request.element-limit = 8 (default)
2024-04-28 12:45:36,329 [d1684581-678b-458f-8382-390a387eba93@group-7DBF24B1A174-LeaderElection69] INFO  grpc.GrpcConfigKeys (ConfUtils.java:logGet(46)) - raft.grpc.server.install_snapshot.request.timeout = 3000ms (default)
2024-04-28 12:45:36,329 [d1684581-678b-458f-8382-390a387eba93@group-7DBF24B1A174-LeaderElection69] INFO  grpc.GrpcConfigKeys (ConfUtils.java:logGet(46)) - raft.grpc.server.log-message.batch.duration = 5s (default)
2024-04-28 12:45:36,329 [d1684581-678b-458f-8382-390a387eba93@group-7DBF24B1A174-LeaderElection69] INFO  server.RaftServerConfigKeys (ConfUtils.java:logGet(46)) - raft.server.log.appender.install.snapshot.enabled = false (custom)
2024-04-28 12:45:36,329 [d1684581-678b-458f-8382-390a387eba93@group-7DBF24B1A174-LeaderElection69] INFO  grpc.GrpcConfigKeys (ConfUtils.java:logGet(46)) - raft.grpc.server.heartbeat.channel = true (default)
2024-04-28 12:45:36,329 [d1684581-678b-458f-8382-390a387eba93@group-7DBF24B1A174-LeaderElection69] INFO  server.RaftServerConfigKeys (ConfUtils.java:logGet(46)) - raft.server.log.appender.snapshot.chunk.size.max = 16MB (=16777216) (default)
2024-04-28 12:45:36,329 [d1684581-678b-458f-8382-390a387eba93@group-7DBF24B1A174-LeaderElection69] INFO  server.RaftServerConfigKeys (ConfUtils.java:logGet(46)) - raft.server.log.appender.buffer.byte-limit = 8388608 (custom)
2024-04-28 12:45:36,329 [d1684581-678b-458f-8382-390a387eba93@group-7DBF24B1A174-LeaderElection69] INFO  server.RaftServerConfigKeys (ConfUtils.java:logGet(46)) - raft.server.log.appender.buffer.element-limit = 1 (custom)
2024-04-28 12:45:36,330 [d1684581-678b-458f-8382-390a387eba93@group-7DBF24B1A174-LeaderElection69] INFO  server.RaftServerConfigKeys (ConfUtils.java:logGet(46)) - raft.server.log.appender.wait-time.min = 0ms (custom)
2024-04-28 12:45:36,330 [d1684581-678b-458f-8382-390a387eba93@group-7DBF24B1A174-LeaderElection69] INFO  grpc.GrpcConfigKeys (ConfUtils.java:logGet(46)) - raft.grpc.server.leader.outstanding.appends.max = 8 (default)
2024-04-28 12:45:36,330 [d1684581-678b-458f-8382-390a387eba93@group-7DBF24B1A174-LeaderElection69] INFO  server.RaftServerConfigKeys (ConfUtils.java:logGet(46)) - raft.server.rpc.request.timeout = 3000ms (default)
2024-04-28 12:45:36,330 [d1684581-678b-458f-8382-390a387eba93@group-7DBF24B1A174-LeaderElection69] INFO  grpc.GrpcConfigKeys (ConfUtils.java:logGet(46)) - raft.grpc.server.install_snapshot.request.element-limit = 8 (default)
2024-04-28 12:45:36,330 [d1684581-678b-458f-8382-390a387eba93@group-7DBF24B1A174-LeaderElection69] INFO  grpc.GrpcConfigKeys (ConfUtils.java:logGet(46)) - raft.grpc.server.install_snapshot.request.timeout = 3000ms (default)
2024-04-28 12:45:36,330 [d1684581-678b-458f-8382-390a387eba93@group-7DBF24B1A174-LeaderElection69] INFO  grpc.GrpcConfigKeys (ConfUtils.java:logGet(46)) - raft.grpc.server.log-message.batch.duration = 5s (default)
2024-04-28 12:45:36,330 [d1684581-678b-458f-8382-390a387eba93@group-7DBF24B1A174-LeaderElection69] INFO  server.RaftServerConfigKeys (ConfUtils.java:logGet(46)) - raft.server.log.appender.install.snapshot.enabled = false (custom)
2024-04-28 12:45:36,330 [d1684581-678b-458f-8382-390a387eba93@group-7DBF24B1A174-LeaderElection69] INFO  grpc.GrpcConfigKeys (ConfUtils.java:logGet(46)) - raft.grpc.server.heartbeat.channel = true (default)
2024-04-28 12:45:36,330 [d1684581-678b-458f-8382-390a387eba93@group-7DBF24B1A174-LeaderElection69] INFO  impl.RoleInfo (RoleInfo.java:updateAndGet(139)) - d1684581-678b-458f-8382-390a387eba93: start d1684581-678b-458f-8382-390a387eba93@group-7DBF24B1A174-LeaderStateImpl
2024-04-28 12:45:36,330 [d1684581-678b-458f-8382-390a387eba93@group-7DBF24B1A174-LeaderElection69] INFO  server.RaftServer$Division (RaftServerImpl.java:setFirstElection(574)) - d1684581-678b-458f-8382-390a387eba93@group-7DBF24B1A174: set firstElectionSinceStartup to false for becomeLeader
2024-04-28 12:45:36,330 [d1684581-678b-458f-8382-390a387eba93@group-7DBF24B1A174-LeaderElection69] INFO  ratis.XceiverServerRatis (XceiverServerRatis.java:handleLeaderChangedNotification(966)) - Leader change notification received for group: group-7DBF24B1A174 with new leaderId: d1684581-678b-458f-8382-390a387eba93
2024-04-28 12:45:36,330 [d1684581-678b-458f-8382-390a387eba93@group-7DBF24B1A174-LeaderElection69] INFO  server.RaftServer$Division (ServerState.java:setLeader(269)) - d1684581-678b-458f-8382-390a387eba93@group-7DBF24B1A174: change Leader from null to d1684581-678b-458f-8382-390a387eba93 at term 1 for becomeLeader, leader elected after 5167ms
2024-04-28 12:45:36,330 [d1684581-678b-458f-8382-390a387eba93@group-7DBF24B1A174-LeaderElection69] INFO  segmented.SegmentedRaftLogWorker (SegmentedRaftLogWorker.java:startLogSegment(430)) - d1684581-678b-458f-8382-390a387eba93@group-7DBF24B1A174-SegmentedRaftLogWorker: Starting segment from index:0
2024-04-28 12:45:36,330 [d1684581-678b-458f-8382-390a387eba93@group-7DBF24B1A174-LeaderElection69] INFO  server.RaftServer$Division (ServerState.java:setRaftConf(386)) - d1684581-678b-458f-8382-390a387eba93@group-7DBF24B1A174: set configuration 0: peers:[d1684581-678b-458f-8382-390a387eba93|127.0.0.1:15406, 7957f999-cc51-45d8-add6-1ece72fbce78|127.0.0.1:15415, 1fd4d212-c4d2-4c1d-a58c-62e98a4efa8c|127.0.0.1:15397]|listeners:[], old=null
2024-04-28 12:45:36,330 [d1684581-678b-458f-8382-390a387eba93@group-7DBF24B1A174-SegmentedRaftLogWorker] INFO  segmented.BufferedWriteChannel (BufferedWriteChannel.java:open(62)) - open log_inprogress_0 at position 0
2024-04-28 12:45:36,332 [EventQueue-PipelineReportForPipelineReportHandler] INFO  pipeline.PipelineReportHandler (PipelineReportHandler.java:processPipelineReport(136)) - Opened pipeline PipelineID=a1340ccb-ef00-4572-a36a-7dbf24b1a174
2024-04-28 12:45:36,335 [7957f999-cc51-45d8-add6-1ece72fbce78-server-thread1] INFO  ratis.XceiverServerRatis (XceiverServerRatis.java:handleLeaderChangedNotification(966)) - Leader change notification received for group: group-7DBF24B1A174 with new leaderId: d1684581-678b-458f-8382-390a387eba93
2024-04-28 12:45:36,335 [7957f999-cc51-45d8-add6-1ece72fbce78-server-thread1] INFO  server.RaftServer$Division (ServerState.java:setLeader(269)) - 7957f999-cc51-45d8-add6-1ece72fbce78@group-7DBF24B1A174: change Leader from null to d1684581-678b-458f-8382-390a387eba93 at term 1 for appendEntries, leader elected after 5194ms
2024-04-28 12:45:36,335 [1fd4d212-c4d2-4c1d-a58c-62e98a4efa8c-server-thread1] INFO  ratis.XceiverServerRatis (XceiverServerRatis.java:handleLeaderChangedNotification(966)) - Leader change notification received for group: group-7DBF24B1A174 with new leaderId: d1684581-678b-458f-8382-390a387eba93
2024-04-28 12:45:36,335 [1fd4d212-c4d2-4c1d-a58c-62e98a4efa8c-server-thread1] INFO  server.RaftServer$Division (ServerState.java:setLeader(269)) - 1fd4d212-c4d2-4c1d-a58c-62e98a4efa8c@group-7DBF24B1A174: change Leader from null to d1684581-678b-458f-8382-390a387eba93 at term 1 for appendEntries, leader elected after 5213ms
2024-04-28 12:45:36,337 [7957f999-cc51-45d8-add6-1ece72fbce78-server-thread2] INFO  server.RaftServer$Division (ServerState.java:setRaftConf(386)) - 7957f999-cc51-45d8-add6-1ece72fbce78@group-7DBF24B1A174: set configuration 0: peers:[d1684581-678b-458f-8382-390a387eba93|127.0.0.1:15406, 7957f999-cc51-45d8-add6-1ece72fbce78|127.0.0.1:15415, 1fd4d212-c4d2-4c1d-a58c-62e98a4efa8c|127.0.0.1:15397]|listeners:[], old=null
2024-04-28 12:45:36,337 [7957f999-cc51-45d8-add6-1ece72fbce78-server-thread2] INFO  segmented.SegmentedRaftLogWorker (SegmentedRaftLogWorker.java:startLogSegment(430)) - 7957f999-cc51-45d8-add6-1ece72fbce78@group-7DBF24B1A174-SegmentedRaftLogWorker: Starting segment from index:0
2024-04-28 12:45:36,337 [7957f999-cc51-45d8-add6-1ece72fbce78@group-7DBF24B1A174-SegmentedRaftLogWorker] INFO  segmented.BufferedWriteChannel (BufferedWriteChannel.java:open(62)) - open log_inprogress_0 at position 0
2024-04-28 12:45:36,337 [1fd4d212-c4d2-4c1d-a58c-62e98a4efa8c-server-thread2] INFO  server.RaftServer$Division (ServerState.java:setRaftConf(386)) - 1fd4d212-c4d2-4c1d-a58c-62e98a4efa8c@group-7DBF24B1A174: set configuration 0: peers:[d1684581-678b-458f-8382-390a387eba93|127.0.0.1:15406, 7957f999-cc51-45d8-add6-1ece72fbce78|127.0.0.1:15415, 1fd4d212-c4d2-4c1d-a58c-62e98a4efa8c|127.0.0.1:15397]|listeners:[], old=null
2024-04-28 12:45:36,337 [1fd4d212-c4d2-4c1d-a58c-62e98a4efa8c-server-thread2] INFO  segmented.SegmentedRaftLogWorker (SegmentedRaftLogWorker.java:startLogSegment(430)) - 1fd4d212-c4d2-4c1d-a58c-62e98a4efa8c@group-7DBF24B1A174-SegmentedRaftLogWorker: Starting segment from index:0
2024-04-28 12:45:36,337 [1fd4d212-c4d2-4c1d-a58c-62e98a4efa8c@group-7DBF24B1A174-SegmentedRaftLogWorker] INFO  segmented.BufferedWriteChannel (BufferedWriteChannel.java:open(62)) - open log_inprogress_0 at position 0
2024-04-28 12:45:36,338 [d1684581-678b-458f-8382-390a387eba93@group-7DBF24B1A174-SegmentedRaftLogWorker] INFO  segmented.SegmentedRaftLogWorker (SegmentedRaftLogWorker.java:execute(634)) - d1684581-678b-458f-8382-390a387eba93@group-7DBF24B1A174-SegmentedRaftLogWorker: created new log segment /home/runner/work/ozone/ozone/hadoop-ozone/integration-test/target/test-dir/MiniOzoneClusterImpl-4444f751-856d-4595-ad15-e87fc76049bc/ozone-meta/datanode-5/ratis/a1340ccb-ef00-4572-a36a-7dbf24b1a174/current/log_inprogress_0
2024-04-28 12:45:36,341 [7957f999-cc51-45d8-add6-1ece72fbce78@group-927C74D92FBF-FollowerState] INFO  impl.FollowerState (FollowerState.java:run(143)) - 7957f999-cc51-45d8-add6-1ece72fbce78@group-927C74D92FBF-FollowerState: change to CANDIDATE, lastRpcElapsedTime:5105122529ns, electionTimeout:5104ms
2024-04-28 12:45:36,341 [7957f999-cc51-45d8-add6-1ece72fbce78@group-927C74D92FBF-FollowerState] INFO  impl.RoleInfo (RoleInfo.java:shutdownFollowerState(110)) - 7957f999-cc51-45d8-add6-1ece72fbce78: shutdown 7957f999-cc51-45d8-add6-1ece72fbce78@group-927C74D92FBF-FollowerState
2024-04-28 12:45:36,341 [7957f999-cc51-45d8-add6-1ece72fbce78@group-927C74D92FBF-FollowerState] INFO  server.RaftServer$Division (RaftServerImpl.java:setRole(383)) - 7957f999-cc51-45d8-add6-1ece72fbce78@group-927C74D92FBF: changes role from  FOLLOWER to CANDIDATE at term 0 for changeToCandidate
2024-04-28 12:45:36,341 [7957f999-cc51-45d8-add6-1ece72fbce78@group-927C74D92FBF-FollowerState] INFO  server.RaftServerConfigKeys (ConfUtils.java:logGet(46)) - raft.server.leaderelection.pre-vote = true (default)
2024-04-28 12:45:36,341 [7957f999-cc51-45d8-add6-1ece72fbce78@group-927C74D92FBF-FollowerState] INFO  impl.RoleInfo (RoleInfo.java:updateAndGet(139)) - 7957f999-cc51-45d8-add6-1ece72fbce78: start 7957f999-cc51-45d8-add6-1ece72fbce78@group-927C74D92FBF-LeaderElection70
2024-04-28 12:45:36,342 [7957f999-cc51-45d8-add6-1ece72fbce78@group-927C74D92FBF-LeaderElection70] INFO  impl.LeaderElection (LeaderElection.java:askForVotes(321)) - 7957f999-cc51-45d8-add6-1ece72fbce78@group-927C74D92FBF-LeaderElection70 PRE_VOTE round 0: submit vote requests at term 0 for -1: peers:[7957f999-cc51-45d8-add6-1ece72fbce78|127.0.0.1:15415]|listeners:[], old=null
2024-04-28 12:45:36,342 [7957f999-cc51-45d8-add6-1ece72fbce78@group-927C74D92FBF-LeaderElection70] INFO  impl.LeaderElection (LeaderElection.java:askForVotes(323)) - 7957f999-cc51-45d8-add6-1ece72fbce78@group-927C74D92FBF-LeaderElection70 PRE_VOTE round 0: result PASSED (term=0)
2024-04-28 12:45:36,348 [7957f999-cc51-45d8-add6-1ece72fbce78@group-7DBF24B1A174-SegmentedRaftLogWorker] INFO  segmented.SegmentedRaftLogWorker (SegmentedRaftLogWorker.java:execute(634)) - 7957f999-cc51-45d8-add6-1ece72fbce78@group-7DBF24B1A174-SegmentedRaftLogWorker: created new log segment /home/runner/work/ozone/ozone/hadoop-ozone/integration-test/target/test-dir/MiniOzoneClusterImpl-4444f751-856d-4595-ad15-e87fc76049bc/ozone-meta/datanode-6/ratis/a1340ccb-ef00-4572-a36a-7dbf24b1a174/current/log_inprogress_0
2024-04-28 12:45:36,348 [1fd4d212-c4d2-4c1d-a58c-62e98a4efa8c@group-7DBF24B1A174-SegmentedRaftLogWorker] INFO  segmented.SegmentedRaftLogWorker (SegmentedRaftLogWorker.java:execute(634)) - 1fd4d212-c4d2-4c1d-a58c-62e98a4efa8c@group-7DBF24B1A174-SegmentedRaftLogWorker: created new log segment /home/runner/work/ozone/ozone/hadoop-ozone/integration-test/target/test-dir/MiniOzoneClusterImpl-4444f751-856d-4595-ad15-e87fc76049bc/ozone-meta/datanode-4/ratis/a1340ccb-ef00-4572-a36a-7dbf24b1a174/current/log_inprogress_0
2024-04-28 12:45:36,348 [7957f999-cc51-45d8-add6-1ece72fbce78@group-927C74D92FBF-LeaderElection70] INFO  impl.LeaderElection (LeaderElection.java:askForVotes(321)) - 7957f999-cc51-45d8-add6-1ece72fbce78@group-927C74D92FBF-LeaderElection70 ELECTION round 0: submit vote requests at term 1 for -1: peers:[7957f999-cc51-45d8-add6-1ece72fbce78|127.0.0.1:15415]|listeners:[], old=null
2024-04-28 12:45:36,349 [7957f999-cc51-45d8-add6-1ece72fbce78@group-927C74D92FBF-LeaderElection70] INFO  impl.LeaderElection (LeaderElection.java:askForVotes(323)) - 7957f999-cc51-45d8-add6-1ece72fbce78@group-927C74D92FBF-LeaderElection70 ELECTION round 0: result PASSED (term=1)
2024-04-28 12:45:36,349 [7957f999-cc51-45d8-add6-1ece72fbce78@group-927C74D92FBF-LeaderElection70] INFO  impl.RoleInfo (RoleInfo.java:shutdownLeaderElection(130)) - 7957f999-cc51-45d8-add6-1ece72fbce78: shutdown 7957f999-cc51-45d8-add6-1ece72fbce78@group-927C74D92FBF-LeaderElection70
2024-04-28 12:45:36,349 [7957f999-cc51-45d8-add6-1ece72fbce78@group-927C74D92FBF-LeaderElection70] INFO  server.RaftServer$Division (RaftServerImpl.java:setRole(383)) - 7957f999-cc51-45d8-add6-1ece72fbce78@group-927C74D92FBF: changes role from CANDIDATE to LEADER at term 1 for changeToLeader
2024-04-28 12:45:36,349 [7957f999-cc51-45d8-add6-1ece72fbce78@group-927C74D92FBF-LeaderElection70] INFO  server.RaftServerConfigKeys (ConfUtils.java:logGet(46)) - raft.server.staging.catchup.gap = 1000 (default)
2024-04-28 12:45:36,349 [7957f999-cc51-45d8-add6-1ece72fbce78@group-927C74D92FBF-LeaderElection70] INFO  server.RaftServerConfigKeys (ConfUtils.java:logGet(46)) - raft.server.write.element-limit = 1024 (custom)
2024-04-28 12:45:36,349 [7957f999-cc51-45d8-add6-1ece72fbce78@group-927C74D92FBF-LeaderElection70] INFO  server.RaftServerConfigKeys (ConfUtils.java:logGet(46)) - raft.server.write.byte-limit = 1024 M (=1073741824) (custom)
2024-04-28 12:45:36,350 [7957f999-cc51-45d8-add6-1ece72fbce78@group-927C74D92FBF-LeaderElection70] INFO  server.RaftServerConfigKeys (ConfUtils.java:logGet(46)) - raft.server.watch.timeout = 3000ms (custom)
2024-04-28 12:45:36,350 [7957f999-cc51-45d8-add6-1ece72fbce78@group-927C74D92FBF-LeaderElection70] INFO  server.RaftServerConfigKeys (ConfUtils.java:logGet(46)) - raft.server.watch.timeout.denomination = 1s (default)
2024-04-28 12:45:36,350 [7957f999-cc51-45d8-add6-1ece72fbce78@group-927C74D92FBF-LeaderElection70] INFO  server.RaftServerConfigKeys (ConfUtils.java:logGet(46)) - raft.server.watch.element-limit = 65536 (default)
2024-04-28 12:45:36,350 [7957f999-cc51-45d8-add6-1ece72fbce78@group-927C74D92FBF-LeaderElection70] INFO  server.RaftServerConfigKeys (ConfUtils.java:logGet(46)) - raft.server.read.leader.lease.enabled = false (default)
2024-04-28 12:45:36,350 [7957f999-cc51-45d8-add6-1ece72fbce78@group-927C74D92FBF-LeaderElection70] INFO  server.RaftServerConfigKeys (ConfUtils.java:logGet(46)) - raft.server.read.leader.lease.timeout.ratio = 0.9 (default)
2024-04-28 12:45:36,350 [7957f999-cc51-45d8-add6-1ece72fbce78@group-927C74D92FBF-LeaderElection70] INFO  server.RaftServerConfigKeys (ConfUtils.java:logGet(46)) - raft.server.rpc.timeout.min = 5s (custom)
2024-04-28 12:45:36,350 [7957f999-cc51-45d8-add6-1ece72fbce78@group-927C74D92FBF-LeaderElection70] INFO  server.RaftServerConfigKeys (ConfUtils.java:logGet(46)) - raft.server.write.element-limit = 1024 (custom)
2024-04-28 12:45:36,350 [7957f999-cc51-45d8-add6-1ece72fbce78@group-927C74D92FBF-LeaderElection70] INFO  server.RaftServerConfigKeys (ConfUtils.java:logGet(46)) - raft.server.write.follower.gap.ratio.max = -1.0 (default)
2024-04-28 12:45:36,350 [7957f999-cc51-45d8-add6-1ece72fbce78@group-927C74D92FBF-LeaderElection70] INFO  impl.RoleInfo (RoleInfo.java:updateAndGet(139)) - 7957f999-cc51-45d8-add6-1ece72fbce78: start 7957f999-cc51-45d8-add6-1ece72fbce78@group-927C74D92FBF-LeaderStateImpl
2024-04-28 12:45:36,350 [7957f999-cc51-45d8-add6-1ece72fbce78@group-927C74D92FBF-LeaderElection70] INFO  server.RaftServer$Division (RaftServerImpl.java:setFirstElection(574)) - 7957f999-cc51-45d8-add6-1ece72fbce78@group-927C74D92FBF: set firstElectionSinceStartup to false for becomeLeader
2024-04-28 12:45:36,351 [7957f999-cc51-45d8-add6-1ece72fbce78@group-927C74D92FBF-LeaderElection70] INFO  ratis.XceiverServerRatis (XceiverServerRatis.java:handleLeaderChangedNotification(966)) - Leader change notification received for group: group-927C74D92FBF with new leaderId: 7957f999-cc51-45d8-add6-1ece72fbce78
2024-04-28 12:45:36,351 [7957f999-cc51-45d8-add6-1ece72fbce78@group-927C74D92FBF-LeaderElection70] INFO  server.RaftServer$Division (ServerState.java:setLeader(269)) - 7957f999-cc51-45d8-add6-1ece72fbce78@group-927C74D92FBF: change Leader from null to 7957f999-cc51-45d8-add6-1ece72fbce78 at term 1 for becomeLeader, leader elected after 5123ms
2024-04-28 12:45:36,351 [d1684581-678b-458f-8382-390a387eba93@group-7DBF24B1A174-StateMachineUpdater] INFO  server.RaftServer$Division (LeaderStateImpl.java:isApplied(320)) - leader is ready since appliedIndex == 0 >= startIndex == 0
2024-04-28 12:45:36,351 [7957f999-cc51-45d8-add6-1ece72fbce78@group-927C74D92FBF-LeaderElection70] INFO  segmented.SegmentedRaftLogWorker (SegmentedRaftLogWorker.java:startLogSegment(430)) - 7957f999-cc51-45d8-add6-1ece72fbce78@group-927C74D92FBF-SegmentedRaftLogWorker: Starting segment from index:0
2024-04-28 12:45:36,351 [7957f999-cc51-45d8-add6-1ece72fbce78@group-927C74D92FBF-SegmentedRaftLogWorker] INFO  segmented.BufferedWriteChannel (BufferedWriteChannel.java:open(62)) - open log_inprogress_0 at position 0
2024-04-28 12:45:36,354 [7957f999-cc51-45d8-add6-1ece72fbce78@group-927C74D92FBF-LeaderElection70] INFO  server.RaftServer$Division (ServerState.java:setRaftConf(386)) - 7957f999-cc51-45d8-add6-1ece72fbce78@group-927C74D92FBF: set configuration 0: peers:[7957f999-cc51-45d8-add6-1ece72fbce78|127.0.0.1:15415]|listeners:[], old=null
2024-04-28 12:45:36,359 [7957f999-cc51-45d8-add6-1ece72fbce78@group-927C74D92FBF-SegmentedRaftLogWorker] INFO  segmented.SegmentedRaftLogWorker (SegmentedRaftLogWorker.java:execute(634)) - 7957f999-cc51-45d8-add6-1ece72fbce78@group-927C74D92FBF-SegmentedRaftLogWorker: created new log segment /home/runner/work/ozone/ozone/hadoop-ozone/integration-test/target/test-dir/MiniOzoneClusterImpl-4444f751-856d-4595-ad15-e87fc76049bc/ozone-meta/datanode-6/ratis/fe74fed4-f40e-4865-beb2-927c74d92fbf/current/log_inprogress_0
2024-04-28 12:45:36,360 [7957f999-cc51-45d8-add6-1ece72fbce78@group-927C74D92FBF-StateMachineUpdater] INFO  server.RaftServer$Division (LeaderStateImpl.java:isApplied(320)) - leader is ready since appliedIndex == 0 >= startIndex == 0
2024-04-28 12:45:36,376 [main] INFO  ozone.MiniOzoneClusterImpl (MiniOzoneClusterImpl.java:lambda$waitForClusterToBeReady$0(194)) - Nodes are ready. Got 9 of 9 DN Heartbeats.
2024-04-28 12:45:36,376 [main] INFO  ozone.MiniOzoneClusterImpl (MiniOzoneClusterImpl.java:lambda$waitForClusterToBeReady$0(197)) - Cluster exits safe mode
2024-04-28 12:45:36,376 [main] INFO  ozone.MiniOzoneClusterImpl (MiniOzoneClusterImpl.java:lambda$waitForClusterToBeReady$0(199)) - SCM became leader
2024-04-28 12:45:36,376 [main] INFO  protocolPB.OmTransportFactory (OmTransportFactory.java:createFactory(62)) - Loading OM transport implementation org.apache.hadoop.ozone.om.protocolPB.Hadoop3OmTransportFactory as specified by configuration.
2024-04-28 12:45:36,384 [main] INFO  rpc.RpcClient (RpcClient.java:createVolume(470)) - Creating Volume: watchforcommithandlingtest, with runner as owner and space quota set to -1 bytes, counts quota set to -1
2024-04-28 12:45:36,386 [om1-OMStateMachineApplyTransactionThread - 0] INFO  volume.OMVolumeCreateRequest (OMVolumeCreateRequest.java:validateAndUpdateCache(198)) - created volume:watchforcommithandlingtest for user:runner
2024-04-28 12:45:36,388 [main] INFO  rpc.RpcClient (RpcClient.java:createBucket(696)) - Creating Bucket: watchforcommithandlingtest/watchforcommithandlingtest, with server-side default bucket layout, runner as owner, Versioning false, Storage Type set to DISK and Encryption set to false, Replication Type set to server-side default replication type, Namespace Quota set to -1, Space Quota set to -1 
2024-04-28 12:45:36,391 [om1-OMStateMachineApplyTransactionThread - 0] INFO  bucket.OMBucketCreateRequest (OMBucketCreateRequest.java:validateAndUpdateCache(293)) - created bucket: watchforcommithandlingtest of layout FILE_SYSTEM_OPTIMIZED in volume: watchforcommithandlingtest
2024-04-28 12:45:36,394 [IPC Server handler 0 on default port 15356] INFO  ha.SequenceIdGenerator (SequenceIdGenerator.java:getNextId(145)) - Allocate a batch for containerId, change lastId from 0 to 1000.
2024-04-28 12:45:36,402 [5986eb43-6756-4d1a-9985-b2bcfc70d88f@group-940108511468-FollowerState] INFO  impl.FollowerState (FollowerState.java:run(143)) - 5986eb43-6756-4d1a-9985-b2bcfc70d88f@group-940108511468-FollowerState: change to CANDIDATE, lastRpcElapsedTime:5086449839ns, electionTimeout:5086ms
2024-04-28 12:45:36,402 [5986eb43-6756-4d1a-9985-b2bcfc70d88f@group-940108511468-FollowerState] INFO  impl.RoleInfo (RoleInfo.java:shutdownFollowerState(110)) - 5986eb43-6756-4d1a-9985-b2bcfc70d88f: shutdown 5986eb43-6756-4d1a-9985-b2bcfc70d88f@group-940108511468-FollowerState
2024-04-28 12:45:36,402 [5986eb43-6756-4d1a-9985-b2bcfc70d88f@group-940108511468-FollowerState] INFO  server.RaftServer$Division (RaftServerImpl.java:setRole(383)) - 5986eb43-6756-4d1a-9985-b2bcfc70d88f@group-940108511468: changes role from  FOLLOWER to CANDIDATE at term 0 for changeToCandidate
2024-04-28 12:45:36,402 [5986eb43-6756-4d1a-9985-b2bcfc70d88f@group-940108511468-FollowerState] INFO  server.RaftServerConfigKeys (ConfUtils.java:logGet(46)) - raft.server.leaderelection.pre-vote = true (default)
2024-04-28 12:45:36,402 [5986eb43-6756-4d1a-9985-b2bcfc70d88f@group-940108511468-FollowerState] INFO  impl.RoleInfo (RoleInfo.java:updateAndGet(139)) - 5986eb43-6756-4d1a-9985-b2bcfc70d88f: start 5986eb43-6756-4d1a-9985-b2bcfc70d88f@group-940108511468-LeaderElection71
2024-04-28 12:45:36,410 [5986eb43-6756-4d1a-9985-b2bcfc70d88f@group-940108511468-LeaderElection71] INFO  impl.LeaderElection (LeaderElection.java:askForVotes(321)) - 5986eb43-6756-4d1a-9985-b2bcfc70d88f@group-940108511468-LeaderElection71 PRE_VOTE round 0: submit vote requests at term 0 for -1: peers:[2888e557-450c-42c6-ab50-0bca692fd7ac|127.0.0.1:15424, 5986eb43-6756-4d1a-9985-b2bcfc70d88f|127.0.0.1:15442, a03ae040-0cc1-4c22-85ff-5ac1eba35bae|127.0.0.1:15433]|listeners:[], old=null
2024-04-28 12:45:36,418 [5986eb43-6756-4d1a-9985-b2bcfc70d88f@group-940108511468-LeaderElection71-1] INFO  server.GrpcServerProtocolClient (GrpcServerProtocolClient.java:<init>(65)) - Build channel for 2888e557-450c-42c6-ab50-0bca692fd7ac|127.0.0.1:15424
2024-04-28 12:45:36,422 [grpc-default-executor-4] INFO  server.RaftServer$Division (RaftServerImpl.java:requestVote(1389)) - 2888e557-450c-42c6-ab50-0bca692fd7ac@group-940108511468: receive requestVote(PRE_VOTE, 5986eb43-6756-4d1a-9985-b2bcfc70d88f, group-940108511468, 0, (t:0, i:0))
2024-04-28 12:45:36,422 [grpc-default-executor-4] INFO  impl.VoteContext (VoteContext.java:log(49)) - 2888e557-450c-42c6-ab50-0bca692fd7ac@group-940108511468-FOLLOWER: accept PRE_VOTE from 5986eb43-6756-4d1a-9985-b2bcfc70d88f: our priority 0 <= candidate's priority 0
2024-04-28 12:45:36,423 [grpc-default-executor-4] INFO  server.RaftServer$Division (RaftServerImpl.java:requestVote(1422)) - 2888e557-450c-42c6-ab50-0bca692fd7ac@group-940108511468 replies to PRE_VOTE vote request: 5986eb43-6756-4d1a-9985-b2bcfc70d88f<-2888e557-450c-42c6-ab50-0bca692fd7ac#0:OK-t0. Peer's state: 2888e557-450c-42c6-ab50-0bca692fd7ac@group-940108511468:t0, leader=null, voted=, raftlog=Memoized:2888e557-450c-42c6-ab50-0bca692fd7ac@group-940108511468-SegmentedRaftLog:OPENED:c-1, conf=-1: peers:[2888e557-450c-42c6-ab50-0bca692fd7ac|127.0.0.1:15424, 5986eb43-6756-4d1a-9985-b2bcfc70d88f|127.0.0.1:15442, a03ae040-0cc1-4c22-85ff-5ac1eba35bae|127.0.0.1:15433]|listeners:[], old=null
2024-04-28 12:45:36,426 [5986eb43-6756-4d1a-9985-b2bcfc70d88f@group-940108511468-LeaderElection71] INFO  server.RaftServerConfigKeys (ConfUtils.java:logFallback(53)) - raft.server.rpc.first-election.timeout.min = 5s (fallback to raft.server.rpc.timeout.min)
2024-04-28 12:45:36,426 [5986eb43-6756-4d1a-9985-b2bcfc70d88f@group-940108511468-LeaderElection71] INFO  server.RaftServerConfigKeys (ConfUtils.java:logFallback(53)) - raft.server.rpc.first-election.timeout.max = 5200ms (fallback to raft.server.rpc.timeout.max)
2024-04-28 12:45:36,426 [5986eb43-6756-4d1a-9985-b2bcfc70d88f@group-940108511468-LeaderElection71-2] INFO  server.GrpcServerProtocolClient (GrpcServerProtocolClient.java:<init>(65)) - Build channel for a03ae040-0cc1-4c22-85ff-5ac1eba35bae|127.0.0.1:15433
2024-04-28 12:45:36,429 [grpc-default-executor-4] INFO  server.RaftServer$Division (RaftServerImpl.java:requestVote(1389)) - a03ae040-0cc1-4c22-85ff-5ac1eba35bae@group-940108511468: receive requestVote(PRE_VOTE, 5986eb43-6756-4d1a-9985-b2bcfc70d88f, group-940108511468, 0, (t:0, i:0))
2024-04-28 12:45:36,429 [grpc-default-executor-4] INFO  impl.VoteContext (VoteContext.java:log(49)) - a03ae040-0cc1-4c22-85ff-5ac1eba35bae@group-940108511468-FOLLOWER: reject PRE_VOTE from 5986eb43-6756-4d1a-9985-b2bcfc70d88f: our priority 1 > candidate's priority 0
2024-04-28 12:45:36,429 [grpc-default-executor-4] INFO  server.RaftServer$Division (RaftServerImpl.java:requestVote(1422)) - a03ae040-0cc1-4c22-85ff-5ac1eba35bae@group-940108511468 replies to PRE_VOTE vote request: 5986eb43-6756-4d1a-9985-b2bcfc70d88f<-a03ae040-0cc1-4c22-85ff-5ac1eba35bae#0:FAIL-t0. Peer's state: a03ae040-0cc1-4c22-85ff-5ac1eba35bae@group-940108511468:t0, leader=null, voted=, raftlog=Memoized:a03ae040-0cc1-4c22-85ff-5ac1eba35bae@group-940108511468-SegmentedRaftLog:OPENED:c-1, conf=-1: peers:[2888e557-450c-42c6-ab50-0bca692fd7ac|127.0.0.1:15424, 5986eb43-6756-4d1a-9985-b2bcfc70d88f|127.0.0.1:15442, a03ae040-0cc1-4c22-85ff-5ac1eba35bae|127.0.0.1:15433]|listeners:[], old=null
2024-04-28 12:45:36,430 [5986eb43-6756-4d1a-9985-b2bcfc70d88f@group-940108511468-LeaderElection71] INFO  impl.LeaderElection (LeaderElection.java:logAndReturn(89)) - 5986eb43-6756-4d1a-9985-b2bcfc70d88f@group-940108511468-LeaderElection71: PRE_VOTE REJECTED received 2 response(s) and 0 exception(s):
2024-04-28 12:45:36,430 [5986eb43-6756-4d1a-9985-b2bcfc70d88f@group-940108511468-LeaderElection71] INFO  impl.LeaderElection (LeaderElection.java:logAndReturn(93)) -   Response 0: 5986eb43-6756-4d1a-9985-b2bcfc70d88f<-2888e557-450c-42c6-ab50-0bca692fd7ac#0:OK-t0
2024-04-28 12:45:36,430 [5986eb43-6756-4d1a-9985-b2bcfc70d88f@group-940108511468-LeaderElection71] INFO  impl.LeaderElection (LeaderElection.java:logAndReturn(93)) -   Response 1: 5986eb43-6756-4d1a-9985-b2bcfc70d88f<-a03ae040-0cc1-4c22-85ff-5ac1eba35bae#0:FAIL-t0
2024-04-28 12:45:36,430 [5986eb43-6756-4d1a-9985-b2bcfc70d88f@group-940108511468-LeaderElection71] INFO  impl.LeaderElection (LeaderElection.java:askForVotes(323)) - 5986eb43-6756-4d1a-9985-b2bcfc70d88f@group-940108511468-LeaderElection71 PRE_VOTE round 0: result REJECTED
2024-04-28 12:45:36,430 [5986eb43-6756-4d1a-9985-b2bcfc70d88f@group-940108511468-LeaderElection71] INFO  server.RaftServer$Division (RaftServerImpl.java:setRole(383)) - 5986eb43-6756-4d1a-9985-b2bcfc70d88f@group-940108511468: changes role from CANDIDATE to FOLLOWER at term 0 for REJECTED
2024-04-28 12:45:36,430 [5986eb43-6756-4d1a-9985-b2bcfc70d88f@group-940108511468-LeaderElection71] INFO  impl.RoleInfo (RoleInfo.java:shutdownLeaderElection(130)) - 5986eb43-6756-4d1a-9985-b2bcfc70d88f: shutdown 5986eb43-6756-4d1a-9985-b2bcfc70d88f@group-940108511468-LeaderElection71
2024-04-28 12:45:36,430 [5986eb43-6756-4d1a-9985-b2bcfc70d88f@group-940108511468-LeaderElection71] INFO  impl.RoleInfo (RoleInfo.java:updateAndGet(139)) - 5986eb43-6756-4d1a-9985-b2bcfc70d88f: start 5986eb43-6756-4d1a-9985-b2bcfc70d88f@group-940108511468-FollowerState
2024-04-28 12:45:36,439 [main] INFO  ozoneimpl.OzoneContainer (OzoneContainer.java:stop(481)) - Attempting to stop container services.
2024-04-28 12:45:36,439 [ContainerMetadataScanner] WARN  ozoneimpl.AbstractBackgroundContainerScanner (AbstractBackgroundContainerScanner.java:handleRemainingSleep(134)) - Background container scan was interrupted.
2024-04-28 12:45:36,439 [ContainerMetadataScanner] INFO  ozoneimpl.AbstractBackgroundContainerScanner (AbstractBackgroundContainerScanner.java:run(61)) - Thread[ContainerMetadataScanner,5,main] exiting.
2024-04-28 12:45:36,440 [main] INFO  ozoneimpl.BackgroundContainerDataScanner (BackgroundContainerDataScanner.java:shutdown(141)) - ContainerDataScanner(/home/runner/work/ozone/ozone/hadoop-ozone/integration-test/target/test-dir/MiniOzoneClusterImpl-4444f751-856d-4595-ad15-e87fc76049bc/ozone-meta/datanode-3/data-0/hdds) is shutting down. 
2024-04-28 12:45:36,440 [ContainerDataScanner(/home/runner/work/ozone/ozone/hadoop-ozone/integration-test/target/test-dir/MiniOzoneClusterImpl-4444f751-856d-4595-ad15-e87fc76049bc/ozone-meta/datanode-3/data-0/hdds)] WARN  ozoneimpl.AbstractBackgroundContainerScanner (AbstractBackgroundContainerScanner.java:handleRemainingSleep(134)) - Background container scan was interrupted.
2024-04-28 12:45:36,440 [ContainerDataScanner(/home/runner/work/ozone/ozone/hadoop-ozone/integration-test/target/test-dir/MiniOzoneClusterImpl-4444f751-856d-4595-ad15-e87fc76049bc/ozone-meta/datanode-3/data-0/hdds)] INFO  ozoneimpl.AbstractBackgroundContainerScanner (AbstractBackgroundContainerScanner.java:run(61)) - ContainerDataScanner(/home/runner/work/ozone/ozone/hadoop-ozone/integration-test/target/test-dir/MiniOzoneClusterImpl-4444f751-856d-4595-ad15-e87fc76049bc/ozone-meta/datanode-3/data-0/hdds, DS-bfc6a45c-7f30-4fe2-9e2c-b53ee37b284f) exiting.
2024-04-28 12:45:36,440 [main] INFO  ozoneimpl.OnDemandContainerDataScanner (OnDemandContainerDataScanner.java:shutdownScanner(206)) - On-demand container scanner is shutting down.
2024-04-28 12:45:36,440 [main] INFO  server.RaftServer (RaftServerProxy.java:lambda$close$9(416)) - 81492a0b-8554-4d1c-9efe-d356d82cfcc4: close
2024-04-28 12:45:36,440 [81492a0b-8554-4d1c-9efe-d356d82cfcc4-impl-thread1] INFO  server.RaftServer$Division (RaftServerImpl.java:lambda$close$3(526)) - 81492a0b-8554-4d1c-9efe-d356d82cfcc4@group-95D7CE87CC4E: shutdown
2024-04-28 12:45:36,440 [81492a0b-8554-4d1c-9efe-d356d82cfcc4-impl-thread1] INFO  util.JmxRegister (JmxRegister.java:unregister(73)) - Successfully un-registered JMX Bean with object name Ratis:service=RaftServer,group=group-95D7CE87CC4E,id=81492a0b-8554-4d1c-9efe-d356d82cfcc4
2024-04-28 12:45:36,440 [81492a0b-8554-4d1c-9efe-d356d82cfcc4-impl-thread1] INFO  impl.RoleInfo (RoleInfo.java:shutdownFollowerState(110)) - 81492a0b-8554-4d1c-9efe-d356d82cfcc4: shutdown 81492a0b-8554-4d1c-9efe-d356d82cfcc4@group-95D7CE87CC4E-FollowerState
2024-04-28 12:45:36,440 [81492a0b-8554-4d1c-9efe-d356d82cfcc4-impl-thread1] INFO  impl.StateMachineUpdater (StateMachineUpdater.java:stopAndJoin(157)) - 81492a0b-8554-4d1c-9efe-d356d82cfcc4@group-95D7CE87CC4E-StateMachineUpdater: set stopIndex = 1
2024-04-28 12:45:36,441 [81492a0b-8554-4d1c-9efe-d356d82cfcc4@group-95D7CE87CC4E-FollowerState] INFO  impl.FollowerState (FollowerState.java:run(152)) - 81492a0b-8554-4d1c-9efe-d356d82cfcc4@group-95D7CE87CC4E-FollowerState was interrupted
2024-04-28 12:45:36,445 [81492a0b-8554-4d1c-9efe-d356d82cfcc4@group-95D7CE87CC4E-StateMachineUpdater] INFO  ratis.ContainerStateMachine (ContainerStateMachine.java:takeSnapshot(355)) - group-95D7CE87CC4E: Taking a snapshot at:(t:1, i:1) file /home/runner/work/ozone/ozone/hadoop-ozone/integration-test/target/test-dir/MiniOzoneClusterImpl-4444f751-856d-4595-ad15-e87fc76049bc/ozone-meta/datanode-3/ratis/e6266c66-032f-47d0-be92-95d7ce87cc4e/sm/snapshot.1_1
2024-04-28 12:45:36,445 [81492a0b-8554-4d1c-9efe-d356d82cfcc4@group-95D7CE87CC4E-StateMachineUpdater] INFO  ratis.ContainerStateMachine (ContainerStateMachine.java:takeSnapshot(366)) - group-95D7CE87CC4E: Finished taking a snapshot at:(t:1, i:1) file:/home/runner/work/ozone/ozone/hadoop-ozone/integration-test/target/test-dir/MiniOzoneClusterImpl-4444f751-856d-4595-ad15-e87fc76049bc/ozone-meta/datanode-3/ratis/e6266c66-032f-47d0-be92-95d7ce87cc4e/sm/snapshot.1_1 took: 1 ms
2024-04-28 12:45:36,445 [81492a0b-8554-4d1c-9efe-d356d82cfcc4@group-95D7CE87CC4E-StateMachineUpdater] INFO  impl.StateMachineUpdater (StateMachineUpdater.java:takeSnapshot(295)) - 81492a0b-8554-4d1c-9efe-d356d82cfcc4@group-95D7CE87CC4E-StateMachineUpdater: Took a snapshot at index 1
2024-04-28 12:45:36,445 [81492a0b-8554-4d1c-9efe-d356d82cfcc4@group-95D7CE87CC4E-StateMachineUpdater] INFO  impl.StateMachineUpdater (StateMachineUpdater.java:lambda$new$0(98)) - 81492a0b-8554-4d1c-9efe-d356d82cfcc4@group-95D7CE87CC4E-StateMachineUpdater: snapshotIndex: updateIncreasingly -1 -> 1
2024-04-28 12:45:36,446 [81492a0b-8554-4d1c-9efe-d356d82cfcc4-impl-thread1] INFO  server.RaftServer$Division (ServerState.java:close(427)) - 81492a0b-8554-4d1c-9efe-d356d82cfcc4@group-95D7CE87CC4E: applyIndex: 1
2024-04-28 12:45:36,446 [81492a0b-8554-4d1c-9efe-d356d82cfcc4@group-95D7CE87CC4E-cacheEviction-AwaitToRun] INFO  util.AwaitToRun (AwaitToRun.java:run(49)) - 81492a0b-8554-4d1c-9efe-d356d82cfcc4@group-95D7CE87CC4E-cacheEviction-AwaitToRun-AwaitForSignal is interrupted
2024-04-28 12:45:36,446 [5986eb43-6756-4d1a-9985-b2bcfc70d88f@group-940108511468-LeaderElection71] INFO  server.RaftServer$Division (RaftServerImpl.java:setFirstElection(574)) - 5986eb43-6756-4d1a-9985-b2bcfc70d88f@group-940108511468: set firstElectionSinceStartup to false for REJECTED
2024-04-28 12:45:36,447 [main] INFO  server.GrpcService (GrpcService.java:closeImpl(311)) - 81492a0b-8554-4d1c-9efe-d356d82cfcc4: shutdown server org.apache.ratis.grpc.server.GrpcClientProtocolService now
2024-04-28 12:45:36,447 [81492a0b-8554-4d1c-9efe-d356d82cfcc4-impl-thread2] INFO  server.RaftServer$Division (RaftServerImpl.java:lambda$close$3(526)) - 81492a0b-8554-4d1c-9efe-d356d82cfcc4@group-47B5C917755E: shutdown
2024-04-28 12:45:36,447 [81492a0b-8554-4d1c-9efe-d356d82cfcc4-impl-thread2] INFO  util.JmxRegister (JmxRegister.java:unregister(73)) - Successfully un-registered JMX Bean with object name Ratis:service=RaftServer,group=group-47B5C917755E,id=81492a0b-8554-4d1c-9efe-d356d82cfcc4
2024-04-28 12:45:36,447 [81492a0b-8554-4d1c-9efe-d356d82cfcc4-impl-thread2] INFO  impl.RoleInfo (RoleInfo.java:shutdownLeaderState(94)) - 81492a0b-8554-4d1c-9efe-d356d82cfcc4: shutdown 81492a0b-8554-4d1c-9efe-d356d82cfcc4@group-47B5C917755E-LeaderStateImpl
2024-04-28 12:45:36,447 [81492a0b-8554-4d1c-9efe-d356d82cfcc4-impl-thread2] INFO  impl.PendingRequests (PendingRequests.java:sendNotLeaderResponses(289)) - 81492a0b-8554-4d1c-9efe-d356d82cfcc4@group-47B5C917755E-PendingRequests: sendNotLeaderResponses
2024-04-28 12:45:36,448 [81492a0b-8554-4d1c-9efe-d356d82cfcc4@group-47B5C917755E-StateMachineUpdater] INFO  ratis.ContainerStateMachine (ContainerStateMachine.java:takeSnapshot(355)) - group-47B5C917755E: Taking a snapshot at:(t:1, i:0) file /home/runner/work/ozone/ozone/hadoop-ozone/integration-test/target/test-dir/MiniOzoneClusterImpl-4444f751-856d-4595-ad15-e87fc76049bc/ozone-meta/datanode-3/ratis/64b0a97b-a6e7-4830-a5c9-47b5c917755e/sm/snapshot.1_0
2024-04-28 12:45:36,448 [81492a0b-8554-4d1c-9efe-d356d82cfcc4-impl-thread2] INFO  impl.StateMachineUpdater (StateMachineUpdater.java:stopAndJoin(157)) - 81492a0b-8554-4d1c-9efe-d356d82cfcc4@group-47B5C917755E-StateMachineUpdater: set stopIndex = 0
2024-04-28 12:45:36,449 [81492a0b-8554-4d1c-9efe-d356d82cfcc4@group-47B5C917755E-StateMachineUpdater] INFO  ratis.ContainerStateMachine (ContainerStateMachine.java:takeSnapshot(366)) - group-47B5C917755E: Finished taking a snapshot at:(t:1, i:0) file:/home/runner/work/ozone/ozone/hadoop-ozone/integration-test/target/test-dir/MiniOzoneClusterImpl-4444f751-856d-4595-ad15-e87fc76049bc/ozone-meta/datanode-3/ratis/64b0a97b-a6e7-4830-a5c9-47b5c917755e/sm/snapshot.1_0 took: 0 ms
2024-04-28 12:45:36,449 [81492a0b-8554-4d1c-9efe-d356d82cfcc4@group-47B5C917755E-StateMachineUpdater] INFO  impl.StateMachineUpdater (StateMachineUpdater.java:takeSnapshot(295)) - 81492a0b-8554-4d1c-9efe-d356d82cfcc4@group-47B5C917755E-StateMachineUpdater: Took a snapshot at index 0
2024-04-28 12:45:36,449 [81492a0b-8554-4d1c-9efe-d356d82cfcc4@group-47B5C917755E-StateMachineUpdater] INFO  impl.StateMachineUpdater (StateMachineUpdater.java:lambda$new$0(98)) - 81492a0b-8554-4d1c-9efe-d356d82cfcc4@group-47B5C917755E-StateMachineUpdater: snapshotIndex: updateIncreasingly -1 -> 0
2024-04-28 12:45:36,449 [81492a0b-8554-4d1c-9efe-d356d82cfcc4-impl-thread2] INFO  server.RaftServer$Division (ServerState.java:close(427)) - 81492a0b-8554-4d1c-9efe-d356d82cfcc4@group-47B5C917755E: applyIndex: 0
2024-04-28 12:45:36,449 [81492a0b-8554-4d1c-9efe-d356d82cfcc4@group-47B5C917755E-cacheEviction-AwaitToRun] INFO  util.AwaitToRun (AwaitToRun.java:run(49)) - 81492a0b-8554-4d1c-9efe-d356d82cfcc4@group-47B5C917755E-cacheEviction-AwaitToRun-AwaitForSignal is interrupted
2024-04-28 12:45:36,450 [main] INFO  server.GrpcService (GrpcService.java:closeImpl(320)) - 81492a0b-8554-4d1c-9efe-d356d82cfcc4: shutdown server org.apache.ratis.grpc.server.GrpcClientProtocolService successfully
2024-04-28 12:45:36,450 [main] INFO  server.GrpcService (GrpcService.java:closeImpl(311)) - 81492a0b-8554-4d1c-9efe-d356d82cfcc4: shutdown server GrpcServerProtocolService now
2024-04-28 12:45:36,451 [grpc-default-executor-5] WARN  server.GrpcServerProtocolService (LogUtils.java:warn(121)) - 81492a0b-8554-4d1c-9efe-d356d82cfcc4: APPEND_ENTRIES onError, lastRequest: a004c341-03e6-4aa5-a556-61598c35a019->81492a0b-8554-4d1c-9efe-d356d82cfcc4#5-t1,previous=(t:1, i:1),leaderCommit=1,initializing? false,entries: size=1, first=(t:1, i:2), METADATAENTRY(c:1): org.apache.ratis.thirdparty.io.grpc.StatusRuntimeException: CANCELLED: client cancelled
2024-04-28 12:45:36,451 [grpc-default-executor-4] WARN  server.GrpcLogAppender (LogUtils.java:warn(121)) - a004c341-03e6-4aa5-a556-61598c35a019@group-95D7CE87CC4E->81492a0b-8554-4d1c-9efe-d356d82cfcc4-AppendLogResponseHandler: Failed appendEntries: org.apache.ratis.thirdparty.io.grpc.StatusRuntimeException: CANCELLED: RST_STREAM closed stream. HTTP/2 error code: CANCEL
2024-04-28 12:45:36,451 [grpc-default-executor-3] WARN  server.GrpcServerProtocolService (LogUtils.java:warn(121)) - 81492a0b-8554-4d1c-9efe-d356d82cfcc4: APPEND_ENTRIES onError, lastRequest: null: org.apache.ratis.thirdparty.io.grpc.StatusRuntimeException: CANCELLED: client cancelled
2024-04-28 12:45:36,452 [grpc-default-executor-4] WARN  server.GrpcLogAppender (GrpcLogAppender.java:lambda$resetClient$1(217)) - a004c341-03e6-4aa5-a556-61598c35a019@group-95D7CE87CC4E->81492a0b-8554-4d1c-9efe-d356d82cfcc4-GrpcLogAppender: Follower failed (request=null, errorCount=1); keep nextIndex (3) unchanged and retry.
2024-04-28 12:45:36,454 [main] INFO  server.GrpcService (GrpcService.java:closeImpl(320)) - 81492a0b-8554-4d1c-9efe-d356d82cfcc4: shutdown server GrpcServerProtocolService successfully
2024-04-28 12:45:36,454 [main] INFO  server.GrpcService (GrpcService.java:closeImpl(311)) - 81492a0b-8554-4d1c-9efe-d356d82cfcc4: shutdown server org.apache.ratis.grpc.server.GrpcAdminProtocolService now
2024-04-28 12:45:36,455 [main] INFO  server.GrpcService (GrpcService.java:closeImpl(320)) - 81492a0b-8554-4d1c-9efe-d356d82cfcc4: shutdown server org.apache.ratis.grpc.server.GrpcAdminProtocolService successfully
2024-04-28 12:45:36,458 [81492a0b-8554-4d1c-9efe-d356d82cfcc4-NettyServerStreamRpc-bossGroup--thread1] INFO  logging.LoggingHandler (AbstractInternalLogger.java:log(148)) - [id: 0x8c714093, L:/0.0.0.0:15389] CLOSE
2024-04-28 12:45:36,458 [81492a0b-8554-4d1c-9efe-d356d82cfcc4-NettyServerStreamRpc-bossGroup--thread1] INFO  logging.LoggingHandler (AbstractInternalLogger.java:log(148)) - [id: 0x8c714093, L:/0.0.0.0:15389] INACTIVE
2024-04-28 12:45:36,458 [81492a0b-8554-4d1c-9efe-d356d82cfcc4-NettyServerStreamRpc-bossGroup--thread1] INFO  logging.LoggingHandler (AbstractInternalLogger.java:log(148)) - [id: 0x8c714093, L:/0.0.0.0:15389] UNREGISTERED
2024-04-28 12:45:36,477 [2888e557-450c-42c6-ab50-0bca692fd7ac@group-940108511468-FollowerState] INFO  server.RaftServerConfigKeys (ConfUtils.java:logFallback(53)) - raft.server.rpc.first-election.timeout.min = 5s (fallback to raft.server.rpc.timeout.min)
2024-04-28 12:45:36,477 [2888e557-450c-42c6-ab50-0bca692fd7ac@group-940108511468-FollowerState] INFO  server.RaftServerConfigKeys (ConfUtils.java:logFallback(53)) - raft.server.rpc.first-election.timeout.max = 5200ms (fallback to raft.server.rpc.timeout.max)
2024-04-28 12:45:36,492 [5986eb43-6756-4d1a-9985-b2bcfc70d88f@group-A5936114C7E8-FollowerState] INFO  impl.FollowerState (FollowerState.java:run(143)) - 5986eb43-6756-4d1a-9985-b2bcfc70d88f@group-A5936114C7E8-FollowerState: change to CANDIDATE, lastRpcElapsedTime:5109613146ns, electionTimeout:5109ms
2024-04-28 12:45:36,492 [5986eb43-6756-4d1a-9985-b2bcfc70d88f@group-A5936114C7E8-FollowerState] INFO  impl.RoleInfo (RoleInfo.java:shutdownFollowerState(110)) - 5986eb43-6756-4d1a-9985-b2bcfc70d88f: shutdown 5986eb43-6756-4d1a-9985-b2bcfc70d88f@group-A5936114C7E8-FollowerState
2024-04-28 12:45:36,492 [5986eb43-6756-4d1a-9985-b2bcfc70d88f@group-A5936114C7E8-FollowerState] INFO  server.RaftServer$Division (RaftServerImpl.java:setRole(383)) - 5986eb43-6756-4d1a-9985-b2bcfc70d88f@group-A5936114C7E8: changes role from  FOLLOWER to CANDIDATE at term 0 for changeToCandidate
2024-04-28 12:45:36,493 [5986eb43-6756-4d1a-9985-b2bcfc70d88f@group-A5936114C7E8-FollowerState] INFO  server.RaftServerConfigKeys (ConfUtils.java:logGet(46)) - raft.server.leaderelection.pre-vote = true (default)
2024-04-28 12:45:36,493 [5986eb43-6756-4d1a-9985-b2bcfc70d88f@group-A5936114C7E8-FollowerState] INFO  impl.RoleInfo (RoleInfo.java:updateAndGet(139)) - 5986eb43-6756-4d1a-9985-b2bcfc70d88f: start 5986eb43-6756-4d1a-9985-b2bcfc70d88f@group-A5936114C7E8-LeaderElection72
2024-04-28 12:45:36,493 [5986eb43-6756-4d1a-9985-b2bcfc70d88f@group-A5936114C7E8-LeaderElection72] INFO  impl.LeaderElection (LeaderElection.java:askForVotes(321)) - 5986eb43-6756-4d1a-9985-b2bcfc70d88f@group-A5936114C7E8-LeaderElection72 PRE_VOTE round 0: submit vote requests at term 0 for -1: peers:[5986eb43-6756-4d1a-9985-b2bcfc70d88f|127.0.0.1:15442]|listeners:[], old=null
2024-04-28 12:45:36,493 [5986eb43-6756-4d1a-9985-b2bcfc70d88f@group-A5936114C7E8-LeaderElection72] INFO  impl.LeaderElection (LeaderElection.java:askForVotes(323)) - 5986eb43-6756-4d1a-9985-b2bcfc70d88f@group-A5936114C7E8-LeaderElection72 PRE_VOTE round 0: result PASSED (term=0)
2024-04-28 12:45:36,494 [5986eb43-6756-4d1a-9985-b2bcfc70d88f@group-A5936114C7E8-LeaderElection72] INFO  impl.LeaderElection (LeaderElection.java:askForVotes(321)) - 5986eb43-6756-4d1a-9985-b2bcfc70d88f@group-A5936114C7E8-LeaderElection72 ELECTION round 0: submit vote requests at term 1 for -1: peers:[5986eb43-6756-4d1a-9985-b2bcfc70d88f|127.0.0.1:15442]|listeners:[], old=null
2024-04-28 12:45:36,494 [5986eb43-6756-4d1a-9985-b2bcfc70d88f@group-A5936114C7E8-LeaderElection72] INFO  impl.LeaderElection (LeaderElection.java:askForVotes(323)) - 5986eb43-6756-4d1a-9985-b2bcfc70d88f@group-A5936114C7E8-LeaderElection72 ELECTION round 0: result PASSED (term=1)
2024-04-28 12:45:36,494 [5986eb43-6756-4d1a-9985-b2bcfc70d88f@group-A5936114C7E8-LeaderElection72] INFO  impl.RoleInfo (RoleInfo.java:shutdownLeaderElection(130)) - 5986eb43-6756-4d1a-9985-b2bcfc70d88f: shutdown 5986eb43-6756-4d1a-9985-b2bcfc70d88f@group-A5936114C7E8-LeaderElection72
2024-04-28 12:45:36,494 [5986eb43-6756-4d1a-9985-b2bcfc70d88f@group-A5936114C7E8-LeaderElection72] INFO  server.RaftServer$Division (RaftServerImpl.java:setRole(383)) - 5986eb43-6756-4d1a-9985-b2bcfc70d88f@group-A5936114C7E8: changes role from CANDIDATE to LEADER at term 1 for changeToLeader
2024-04-28 12:45:36,494 [5986eb43-6756-4d1a-9985-b2bcfc70d88f@group-A5936114C7E8-LeaderElection72] INFO  server.RaftServerConfigKeys (ConfUtils.java:logGet(46)) - raft.server.staging.catchup.gap = 1000 (default)
2024-04-28 12:45:36,494 [5986eb43-6756-4d1a-9985-b2bcfc70d88f@group-A5936114C7E8-LeaderElection72] INFO  server.RaftServerConfigKeys (ConfUtils.java:logGet(46)) - raft.server.write.element-limit = 1024 (custom)
2024-04-28 12:45:36,494 [5986eb43-6756-4d1a-9985-b2bcfc70d88f@group-A5936114C7E8-LeaderElection72] INFO  server.RaftServerConfigKeys (ConfUtils.java:logGet(46)) - raft.server.write.byte-limit = 1024 M (=1073741824) (custom)
2024-04-28 12:45:36,494 [5986eb43-6756-4d1a-9985-b2bcfc70d88f@group-A5936114C7E8-LeaderElection72] INFO  server.RaftServerConfigKeys (ConfUtils.java:logGet(46)) - raft.server.watch.timeout = 3000ms (custom)
2024-04-28 12:45:36,494 [5986eb43-6756-4d1a-9985-b2bcfc70d88f@group-A5936114C7E8-LeaderElection72] INFO  server.RaftServerConfigKeys (ConfUtils.java:logGet(46)) - raft.server.watch.timeout.denomination = 1s (default)
2024-04-28 12:45:36,494 [5986eb43-6756-4d1a-9985-b2bcfc70d88f@group-A5936114C7E8-LeaderElection72] INFO  server.RaftServerConfigKeys (ConfUtils.java:logGet(46)) - raft.server.watch.element-limit = 65536 (default)
2024-04-28 12:45:36,494 [5986eb43-6756-4d1a-9985-b2bcfc70d88f@group-A5936114C7E8-LeaderElection72] INFO  server.RaftServerConfigKeys (ConfUtils.java:logGet(46)) - raft.server.read.leader.lease.enabled = false (default)
2024-04-28 12:45:36,494 [5986eb43-6756-4d1a-9985-b2bcfc70d88f@group-A5936114C7E8-LeaderElection72] INFO  server.RaftServerConfigKeys (ConfUtils.java:logGet(46)) - raft.server.read.leader.lease.timeout.ratio = 0.9 (default)
2024-04-28 12:45:36,494 [5986eb43-6756-4d1a-9985-b2bcfc70d88f@group-A5936114C7E8-LeaderElection72] INFO  server.RaftServerConfigKeys (ConfUtils.java:logGet(46)) - raft.server.rpc.timeout.min = 5s (custom)
2024-04-28 12:45:36,494 [5986eb43-6756-4d1a-9985-b2bcfc70d88f@group-A5936114C7E8-LeaderElection72] INFO  server.RaftServerConfigKeys (ConfUtils.java:logGet(46)) - raft.server.write.element-limit = 1024 (custom)
2024-04-28 12:45:36,494 [5986eb43-6756-4d1a-9985-b2bcfc70d88f@group-A5936114C7E8-LeaderElection72] INFO  server.RaftServerConfigKeys (ConfUtils.java:logGet(46)) - raft.server.write.follower.gap.ratio.max = -1.0 (default)
2024-04-28 12:45:36,495 [5986eb43-6756-4d1a-9985-b2bcfc70d88f@group-A5936114C7E8-LeaderElection72] INFO  impl.RoleInfo (RoleInfo.java:updateAndGet(139)) - 5986eb43-6756-4d1a-9985-b2bcfc70d88f: start 5986eb43-6756-4d1a-9985-b2bcfc70d88f@group-A5936114C7E8-LeaderStateImpl
2024-04-28 12:45:36,495 [5986eb43-6756-4d1a-9985-b2bcfc70d88f@group-A5936114C7E8-LeaderElection72] INFO  server.RaftServer$Division (RaftServerImpl.java:setFirstElection(574)) - 5986eb43-6756-4d1a-9985-b2bcfc70d88f@group-A5936114C7E8: set firstElectionSinceStartup to false for becomeLeader
2024-04-28 12:45:36,495 [5986eb43-6756-4d1a-9985-b2bcfc70d88f@group-A5936114C7E8-LeaderElection72] INFO  ratis.XceiverServerRatis (XceiverServerRatis.java:handleLeaderChangedNotification(966)) - Leader change notification received for group: group-A5936114C7E8 with new leaderId: 5986eb43-6756-4d1a-9985-b2bcfc70d88f
2024-04-28 12:45:36,495 [5986eb43-6756-4d1a-9985-b2bcfc70d88f@group-A5936114C7E8-LeaderElection72] INFO  server.RaftServer$Division (ServerState.java:setLeader(269)) - 5986eb43-6756-4d1a-9985-b2bcfc70d88f@group-A5936114C7E8: change Leader from null to 5986eb43-6756-4d1a-9985-b2bcfc70d88f at term 1 for becomeLeader, leader elected after 5122ms
2024-04-28 12:45:36,495 [5986eb43-6756-4d1a-9985-b2bcfc70d88f@group-A5936114C7E8-LeaderElection72] INFO  segmented.SegmentedRaftLogWorker (SegmentedRaftLogWorker.java:startLogSegment(430)) - 5986eb43-6756-4d1a-9985-b2bcfc70d88f@group-A5936114C7E8-SegmentedRaftLogWorker: Starting segment from index:0
2024-04-28 12:45:36,495 [5986eb43-6756-4d1a-9985-b2bcfc70d88f@group-A5936114C7E8-LeaderElection72] INFO  server.RaftServer$Division (ServerState.java:setRaftConf(386)) - 5986eb43-6756-4d1a-9985-b2bcfc70d88f@group-A5936114C7E8: set configuration 0: peers:[5986eb43-6756-4d1a-9985-b2bcfc70d88f|127.0.0.1:15442]|listeners:[], old=null
2024-04-28 12:45:36,495 [5986eb43-6756-4d1a-9985-b2bcfc70d88f@group-A5936114C7E8-SegmentedRaftLogWorker] INFO  segmented.BufferedWriteChannel (BufferedWriteChannel.java:open(62)) - open log_inprogress_0 at position 0
2024-04-28 12:45:36,496 [a03ae040-0cc1-4c22-85ff-5ac1eba35bae@group-B83BA2C23833-FollowerState] INFO  impl.FollowerState (FollowerState.java:run(143)) - a03ae040-0cc1-4c22-85ff-5ac1eba35bae@group-B83BA2C23833-FollowerState: change to CANDIDATE, lastRpcElapsedTime:5147044555ns, electionTimeout:5146ms
2024-04-28 12:45:36,496 [a03ae040-0cc1-4c22-85ff-5ac1eba35bae@group-B83BA2C23833-FollowerState] INFO  impl.RoleInfo (RoleInfo.java:shutdownFollowerState(110)) - a03ae040-0cc1-4c22-85ff-5ac1eba35bae: shutdown a03ae040-0cc1-4c22-85ff-5ac1eba35bae@group-B83BA2C23833-FollowerState
2024-04-28 12:45:36,496 [a03ae040-0cc1-4c22-85ff-5ac1eba35bae@group-B83BA2C23833-FollowerState] INFO  server.RaftServer$Division (RaftServerImpl.java:setRole(383)) - a03ae040-0cc1-4c22-85ff-5ac1eba35bae@group-B83BA2C23833: changes role from  FOLLOWER to CANDIDATE at term 0 for changeToCandidate
2024-04-28 12:45:36,496 [a03ae040-0cc1-4c22-85ff-5ac1eba35bae@group-B83BA2C23833-FollowerState] INFO  server.RaftServerConfigKeys (ConfUtils.java:logGet(46)) - raft.server.leaderelection.pre-vote = true (default)
2024-04-28 12:45:36,496 [a03ae040-0cc1-4c22-85ff-5ac1eba35bae@group-B83BA2C23833-FollowerState] INFO  impl.RoleInfo (RoleInfo.java:updateAndGet(139)) - a03ae040-0cc1-4c22-85ff-5ac1eba35bae: start a03ae040-0cc1-4c22-85ff-5ac1eba35bae@group-B83BA2C23833-LeaderElection73
2024-04-28 12:45:36,496 [a03ae040-0cc1-4c22-85ff-5ac1eba35bae@group-B83BA2C23833-LeaderElection73] INFO  impl.LeaderElection (LeaderElection.java:askForVotes(321)) - a03ae040-0cc1-4c22-85ff-5ac1eba35bae@group-B83BA2C23833-LeaderElection73 PRE_VOTE round 0: submit vote requests at term 0 for -1: peers:[a03ae040-0cc1-4c22-85ff-5ac1eba35bae|127.0.0.1:15433]|listeners:[], old=null
2024-04-28 12:45:36,496 [a03ae040-0cc1-4c22-85ff-5ac1eba35bae@group-B83BA2C23833-LeaderElection73] INFO  impl.LeaderElection (LeaderElection.java:askForVotes(323)) - a03ae040-0cc1-4c22-85ff-5ac1eba35bae@group-B83BA2C23833-LeaderElection73 PRE_VOTE round 0: result PASSED (term=0)
2024-04-28 12:45:36,497 [a03ae040-0cc1-4c22-85ff-5ac1eba35bae@group-B83BA2C23833-LeaderElection73] INFO  impl.LeaderElection (LeaderElection.java:askForVotes(321)) - a03ae040-0cc1-4c22-85ff-5ac1eba35bae@group-B83BA2C23833-LeaderElection73 ELECTION round 0: submit vote requests at term 1 for -1: peers:[a03ae040-0cc1-4c22-85ff-5ac1eba35bae|127.0.0.1:15433]|listeners:[], old=null
2024-04-28 12:45:36,497 [a03ae040-0cc1-4c22-85ff-5ac1eba35bae@group-B83BA2C23833-LeaderElection73] INFO  impl.LeaderElection (LeaderElection.java:askForVotes(323)) - a03ae040-0cc1-4c22-85ff-5ac1eba35bae@group-B83BA2C23833-LeaderElection73 ELECTION round 0: result PASSED (term=1)
2024-04-28 12:45:36,497 [a03ae040-0cc1-4c22-85ff-5ac1eba35bae@group-B83BA2C23833-LeaderElection73] INFO  impl.RoleInfo (RoleInfo.java:shutdownLeaderElection(130)) - a03ae040-0cc1-4c22-85ff-5ac1eba35bae: shutdown a03ae040-0cc1-4c22-85ff-5ac1eba35bae@group-B83BA2C23833-LeaderElection73
2024-04-28 12:45:36,497 [a03ae040-0cc1-4c22-85ff-5ac1eba35bae@group-B83BA2C23833-LeaderElection73] INFO  server.RaftServer$Division (RaftServerImpl.java:setRole(383)) - a03ae040-0cc1-4c22-85ff-5ac1eba35bae@group-B83BA2C23833: changes role from CANDIDATE to LEADER at term 1 for changeToLeader
2024-04-28 12:45:36,497 [a03ae040-0cc1-4c22-85ff-5ac1eba35bae@group-B83BA2C23833-LeaderElection73] INFO  server.RaftServerConfigKeys (ConfUtils.java:logGet(46)) - raft.server.staging.catchup.gap = 1000 (default)
2024-04-28 12:45:36,497 [a03ae040-0cc1-4c22-85ff-5ac1eba35bae@group-B83BA2C23833-LeaderElection73] INFO  server.RaftServerConfigKeys (ConfUtils.java:logGet(46)) - raft.server.write.element-limit = 1024 (custom)
2024-04-28 12:45:36,497 [a03ae040-0cc1-4c22-85ff-5ac1eba35bae@group-B83BA2C23833-LeaderElection73] INFO  server.RaftServerConfigKeys (ConfUtils.java:logGet(46)) - raft.server.write.byte-limit = 1024 M (=1073741824) (custom)
2024-04-28 12:45:36,498 [a03ae040-0cc1-4c22-85ff-5ac1eba35bae@group-B83BA2C23833-LeaderElection73] INFO  server.RaftServerConfigKeys (ConfUtils.java:logGet(46)) - raft.server.watch.timeout = 3000ms (custom)
2024-04-28 12:45:36,498 [a03ae040-0cc1-4c22-85ff-5ac1eba35bae@group-B83BA2C23833-LeaderElection73] INFO  server.RaftServerConfigKeys (ConfUtils.java:logGet(46)) - raft.server.watch.timeout.denomination = 1s (default)
2024-04-28 12:45:36,498 [a03ae040-0cc1-4c22-85ff-5ac1eba35bae@group-B83BA2C23833-LeaderElection73] INFO  server.RaftServerConfigKeys (ConfUtils.java:logGet(46)) - raft.server.watch.element-limit = 65536 (default)
2024-04-28 12:45:36,498 [a03ae040-0cc1-4c22-85ff-5ac1eba35bae@group-B83BA2C23833-LeaderElection73] INFO  server.RaftServerConfigKeys (ConfUtils.java:logGet(46)) - raft.server.read.leader.lease.enabled = false (default)
2024-04-28 12:45:36,498 [a03ae040-0cc1-4c22-85ff-5ac1eba35bae@group-B83BA2C23833-LeaderElection73] INFO  server.RaftServerConfigKeys (ConfUtils.java:logGet(46)) - raft.server.read.leader.lease.timeout.ratio = 0.9 (default)
2024-04-28 12:45:36,498 [a03ae040-0cc1-4c22-85ff-5ac1eba35bae@group-B83BA2C23833-LeaderElection73] INFO  server.RaftServerConfigKeys (ConfUtils.java:logGet(46)) - raft.server.rpc.timeout.min = 5s (custom)
2024-04-28 12:45:36,498 [a03ae040-0cc1-4c22-85ff-5ac1eba35bae@group-B83BA2C23833-LeaderElection73] INFO  server.RaftServerConfigKeys (ConfUtils.java:logGet(46)) - raft.server.write.element-limit = 1024 (custom)
2024-04-28 12:45:36,498 [a03ae040-0cc1-4c22-85ff-5ac1eba35bae@group-B83BA2C23833-LeaderElection73] INFO  server.RaftServerConfigKeys (ConfUtils.java:logGet(46)) - raft.server.write.follower.gap.ratio.max = -1.0 (default)
2024-04-28 12:45:36,498 [a03ae040-0cc1-4c22-85ff-5ac1eba35bae@group-B83BA2C23833-LeaderElection73] INFO  impl.RoleInfo (RoleInfo.java:updateAndGet(139)) - a03ae040-0cc1-4c22-85ff-5ac1eba35bae: start a03ae040-0cc1-4c22-85ff-5ac1eba35bae@group-B83BA2C23833-LeaderStateImpl
2024-04-28 12:45:36,498 [a03ae040-0cc1-4c22-85ff-5ac1eba35bae@group-B83BA2C23833-LeaderElection73] INFO  server.RaftServer$Division (RaftServerImpl.java:setFirstElection(574)) - a03ae040-0cc1-4c22-85ff-5ac1eba35bae@group-B83BA2C23833: set firstElectionSinceStartup to false for becomeLeader
2024-04-28 12:45:36,498 [a03ae040-0cc1-4c22-85ff-5ac1eba35bae@group-B83BA2C23833-LeaderElection73] INFO  ratis.XceiverServerRatis (XceiverServerRatis.java:handleLeaderChangedNotification(966)) - Leader change notification received for group: group-B83BA2C23833 with new leaderId: a03ae040-0cc1-4c22-85ff-5ac1eba35bae
2024-04-28 12:45:36,498 [a03ae040-0cc1-4c22-85ff-5ac1eba35bae@group-B83BA2C23833-LeaderElection73] INFO  server.RaftServer$Division (ServerState.java:setLeader(269)) - a03ae040-0cc1-4c22-85ff-5ac1eba35bae@group-B83BA2C23833: change Leader from null to a03ae040-0cc1-4c22-85ff-5ac1eba35bae at term 1 for becomeLeader, leader elected after 5159ms
2024-04-28 12:45:36,498 [a03ae040-0cc1-4c22-85ff-5ac1eba35bae@group-B83BA2C23833-LeaderElection73] INFO  segmented.SegmentedRaftLogWorker (SegmentedRaftLogWorker.java:startLogSegment(430)) - a03ae040-0cc1-4c22-85ff-5ac1eba35bae@group-B83BA2C23833-SegmentedRaftLogWorker: Starting segment from index:0
2024-04-28 12:45:36,498 [a03ae040-0cc1-4c22-85ff-5ac1eba35bae@group-B83BA2C23833-LeaderElection73] INFO  server.RaftServer$Division (ServerState.java:setRaftConf(386)) - a03ae040-0cc1-4c22-85ff-5ac1eba35bae@group-B83BA2C23833: set configuration 0: peers:[a03ae040-0cc1-4c22-85ff-5ac1eba35bae|127.0.0.1:15433]|listeners:[], old=null
2024-04-28 12:45:36,499 [a03ae040-0cc1-4c22-85ff-5ac1eba35bae@group-B83BA2C23833-SegmentedRaftLogWorker] INFO  segmented.BufferedWriteChannel (BufferedWriteChannel.java:open(62)) - open log_inprogress_0 at position 0
2024-04-28 12:45:36,505 [5986eb43-6756-4d1a-9985-b2bcfc70d88f@group-A5936114C7E8-SegmentedRaftLogWorker] INFO  segmented.SegmentedRaftLogWorker (SegmentedRaftLogWorker.java:execute(634)) - 5986eb43-6756-4d1a-9985-b2bcfc70d88f@group-A5936114C7E8-SegmentedRaftLogWorker: created new log segment /home/runner/work/ozone/ozone/hadoop-ozone/integration-test/target/test-dir/MiniOzoneClusterImpl-4444f751-856d-4595-ad15-e87fc76049bc/ozone-meta/datanode-9/ratis/a99b7c0d-75e3-40d5-88c3-a5936114c7e8/current/log_inprogress_0
2024-04-28 12:45:36,506 [a03ae040-0cc1-4c22-85ff-5ac1eba35bae@group-B83BA2C23833-SegmentedRaftLogWorker] INFO  segmented.SegmentedRaftLogWorker (SegmentedRaftLogWorker.java:execute(634)) - a03ae040-0cc1-4c22-85ff-5ac1eba35bae@group-B83BA2C23833-SegmentedRaftLogWorker: created new log segment /home/runner/work/ozone/ozone/hadoop-ozone/integration-test/target/test-dir/MiniOzoneClusterImpl-4444f751-856d-4595-ad15-e87fc76049bc/ozone-meta/datanode-8/ratis/c98f2ed8-f4e8-4981-8642-b83ba2c23833/current/log_inprogress_0
2024-04-28 12:45:36,506 [5986eb43-6756-4d1a-9985-b2bcfc70d88f@group-A5936114C7E8-StateMachineUpdater] INFO  server.RaftServer$Division (LeaderStateImpl.java:isApplied(320)) - leader is ready since appliedIndex == 0 >= startIndex == 0
2024-04-28 12:45:36,507 [a03ae040-0cc1-4c22-85ff-5ac1eba35bae@group-B83BA2C23833-StateMachineUpdater] INFO  server.RaftServer$Division (LeaderStateImpl.java:isApplied(320)) - leader is ready since appliedIndex == 0 >= startIndex == 0
2024-04-28 12:45:36,521 [a03ae040-0cc1-4c22-85ff-5ac1eba35bae@group-940108511468-FollowerState] INFO  impl.FollowerState (FollowerState.java:run(143)) - a03ae040-0cc1-4c22-85ff-5ac1eba35bae@group-940108511468-FollowerState: change to CANDIDATE, lastRpcElapsedTime:5185080214ns, electionTimeout:5183ms
2024-04-28 12:45:36,521 [a03ae040-0cc1-4c22-85ff-5ac1eba35bae@group-940108511468-FollowerState] INFO  impl.RoleInfo (RoleInfo.java:shutdownFollowerState(110)) - a03ae040-0cc1-4c22-85ff-5ac1eba35bae: shutdown a03ae040-0cc1-4c22-85ff-5ac1eba35bae@group-940108511468-FollowerState
2024-04-28 12:45:36,521 [a03ae040-0cc1-4c22-85ff-5ac1eba35bae@group-940108511468-FollowerState] INFO  server.RaftServer$Division (RaftServerImpl.java:setRole(383)) - a03ae040-0cc1-4c22-85ff-5ac1eba35bae@group-940108511468: changes role from  FOLLOWER to CANDIDATE at term 0 for changeToCandidate
2024-04-28 12:45:36,521 [a03ae040-0cc1-4c22-85ff-5ac1eba35bae@group-940108511468-FollowerState] INFO  server.RaftServerConfigKeys (ConfUtils.java:logGet(46)) - raft.server.leaderelection.pre-vote = true (default)
2024-04-28 12:45:36,521 [a03ae040-0cc1-4c22-85ff-5ac1eba35bae@group-940108511468-FollowerState] INFO  impl.RoleInfo (RoleInfo.java:updateAndGet(139)) - a03ae040-0cc1-4c22-85ff-5ac1eba35bae: start a03ae040-0cc1-4c22-85ff-5ac1eba35bae@group-940108511468-LeaderElection74
2024-04-28 12:45:36,522 [a03ae040-0cc1-4c22-85ff-5ac1eba35bae@group-940108511468-LeaderElection74] INFO  impl.LeaderElection (LeaderElection.java:askForVotes(321)) - a03ae040-0cc1-4c22-85ff-5ac1eba35bae@group-940108511468-LeaderElection74 PRE_VOTE round 0: submit vote requests at term 0 for -1: peers:[2888e557-450c-42c6-ab50-0bca692fd7ac|127.0.0.1:15424, 5986eb43-6756-4d1a-9985-b2bcfc70d88f|127.0.0.1:15442, a03ae040-0cc1-4c22-85ff-5ac1eba35bae|127.0.0.1:15433]|listeners:[], old=null
2024-04-28 12:45:36,522 [a03ae040-0cc1-4c22-85ff-5ac1eba35bae@group-940108511468-LeaderElection74-1] INFO  server.GrpcServerProtocolClient (GrpcServerProtocolClient.java:<init>(65)) - Build channel for 2888e557-450c-42c6-ab50-0bca692fd7ac|127.0.0.1:15424
2024-04-28 12:45:36,522 [a03ae040-0cc1-4c22-85ff-5ac1eba35bae@group-940108511468-LeaderElection74-2] INFO  server.GrpcServerProtocolClient (GrpcServerProtocolClient.java:<init>(65)) - Build channel for 5986eb43-6756-4d1a-9985-b2bcfc70d88f|127.0.0.1:15442
2024-04-28 12:45:36,522 [a03ae040-0cc1-4c22-85ff-5ac1eba35bae@group-940108511468-LeaderElection74] INFO  server.RaftServerConfigKeys (ConfUtils.java:logFallback(53)) - raft.server.rpc.first-election.timeout.min = 5s (fallback to raft.server.rpc.timeout.min)
2024-04-28 12:45:36,522 [a03ae040-0cc1-4c22-85ff-5ac1eba35bae@group-940108511468-LeaderElection74] INFO  server.RaftServerConfigKeys (ConfUtils.java:logFallback(53)) - raft.server.rpc.first-election.timeout.max = 5200ms (fallback to raft.server.rpc.timeout.max)
2024-04-28 12:45:36,525 [grpc-default-executor-4] INFO  server.RaftServer$Division (RaftServerImpl.java:requestVote(1389)) - 2888e557-450c-42c6-ab50-0bca692fd7ac@group-940108511468: receive requestVote(PRE_VOTE, a03ae040-0cc1-4c22-85ff-5ac1eba35bae, group-940108511468, 0, (t:0, i:0))
2024-04-28 12:45:36,526 [grpc-default-executor-4] INFO  impl.VoteContext (VoteContext.java:log(49)) - 2888e557-450c-42c6-ab50-0bca692fd7ac@group-940108511468-FOLLOWER: accept PRE_VOTE from a03ae040-0cc1-4c22-85ff-5ac1eba35bae: our priority 0 <= candidate's priority 1
2024-04-28 12:45:36,526 [grpc-default-executor-4] INFO  server.RaftServer$Division (RaftServerImpl.java:requestVote(1422)) - 2888e557-450c-42c6-ab50-0bca692fd7ac@group-940108511468 replies to PRE_VOTE vote request: a03ae040-0cc1-4c22-85ff-5ac1eba35bae<-2888e557-450c-42c6-ab50-0bca692fd7ac#0:OK-t0. Peer's state: 2888e557-450c-42c6-ab50-0bca692fd7ac@group-940108511468:t0, leader=null, voted=, raftlog=Memoized:2888e557-450c-42c6-ab50-0bca692fd7ac@group-940108511468-SegmentedRaftLog:OPENED:c-1, conf=-1: peers:[2888e557-450c-42c6-ab50-0bca692fd7ac|127.0.0.1:15424, 5986eb43-6756-4d1a-9985-b2bcfc70d88f|127.0.0.1:15442, a03ae040-0cc1-4c22-85ff-5ac1eba35bae|127.0.0.1:15433]|listeners:[], old=null
2024-04-28 12:45:36,526 [a03ae040-0cc1-4c22-85ff-5ac1eba35bae@group-940108511468-LeaderElection74] INFO  impl.LeaderElection (LeaderElection.java:logAndReturn(89)) - a03ae040-0cc1-4c22-85ff-5ac1eba35bae@group-940108511468-LeaderElection74: PRE_VOTE PASSED received 1 response(s) and 0 exception(s):
2024-04-28 12:45:36,526 [a03ae040-0cc1-4c22-85ff-5ac1eba35bae@group-940108511468-LeaderElection74] INFO  impl.LeaderElection (LeaderElection.java:logAndReturn(93)) -   Response 0: a03ae040-0cc1-4c22-85ff-5ac1eba35bae<-2888e557-450c-42c6-ab50-0bca692fd7ac#0:OK-t0
2024-04-28 12:45:36,526 [a03ae040-0cc1-4c22-85ff-5ac1eba35bae@group-940108511468-LeaderElection74] INFO  impl.LeaderElection (LeaderElection.java:askForVotes(323)) - a03ae040-0cc1-4c22-85ff-5ac1eba35bae@group-940108511468-LeaderElection74 PRE_VOTE round 0: result PASSED
2024-04-28 12:45:36,526 [grpc-default-executor-0] INFO  server.RaftServer$Division (RaftServerImpl.java:requestVote(1389)) - 5986eb43-6756-4d1a-9985-b2bcfc70d88f@group-940108511468: receive requestVote(PRE_VOTE, a03ae040-0cc1-4c22-85ff-5ac1eba35bae, group-940108511468, 0, (t:0, i:0))
2024-04-28 12:45:36,527 [grpc-default-executor-0] INFO  impl.VoteContext (VoteContext.java:log(49)) - 5986eb43-6756-4d1a-9985-b2bcfc70d88f@group-940108511468-FOLLOWER: accept PRE_VOTE from a03ae040-0cc1-4c22-85ff-5ac1eba35bae: our priority 0 <= candidate's priority 1
2024-04-28 12:45:36,527 [grpc-default-executor-0] INFO  server.RaftServer$Division (RaftServerImpl.java:requestVote(1422)) - 5986eb43-6756-4d1a-9985-b2bcfc70d88f@group-940108511468 replies to PRE_VOTE vote request: a03ae040-0cc1-4c22-85ff-5ac1eba35bae<-5986eb43-6756-4d1a-9985-b2bcfc70d88f#0:OK-t0. Peer's state: 5986eb43-6756-4d1a-9985-b2bcfc70d88f@group-940108511468:t0, leader=null, voted=, raftlog=Memoized:5986eb43-6756-4d1a-9985-b2bcfc70d88f@group-940108511468-SegmentedRaftLog:OPENED:c-1, conf=-1: peers:[2888e557-450c-42c6-ab50-0bca692fd7ac|127.0.0.1:15424, 5986eb43-6756-4d1a-9985-b2bcfc70d88f|127.0.0.1:15442, a03ae040-0cc1-4c22-85ff-5ac1eba35bae|127.0.0.1:15433]|listeners:[], old=null
2024-04-28 12:45:36,527 [a03ae040-0cc1-4c22-85ff-5ac1eba35bae@group-940108511468-LeaderElection74] INFO  impl.LeaderElection (LeaderElection.java:askForVotes(321)) - a03ae040-0cc1-4c22-85ff-5ac1eba35bae@group-940108511468-LeaderElection74 ELECTION round 0: submit vote requests at term 1 for -1: peers:[2888e557-450c-42c6-ab50-0bca692fd7ac|127.0.0.1:15424, 5986eb43-6756-4d1a-9985-b2bcfc70d88f|127.0.0.1:15442, a03ae040-0cc1-4c22-85ff-5ac1eba35bae|127.0.0.1:15433]|listeners:[], old=null
2024-04-28 12:45:36,528 [a03ae040-0cc1-4c22-85ff-5ac1eba35bae@group-940108511468-LeaderElection74] INFO  server.RaftServerConfigKeys (ConfUtils.java:logFallback(53)) - raft.server.rpc.first-election.timeout.min = 5s (fallback to raft.server.rpc.timeout.min)
2024-04-28 12:45:36,528 [a03ae040-0cc1-4c22-85ff-5ac1eba35bae@group-940108511468-LeaderElection74] INFO  server.RaftServerConfigKeys (ConfUtils.java:logFallback(53)) - raft.server.rpc.first-election.timeout.max = 5200ms (fallback to raft.server.rpc.timeout.max)
2024-04-28 12:45:36,528 [grpc-default-executor-4] INFO  server.RaftServer$Division (RaftServerImpl.java:requestVote(1389)) - 5986eb43-6756-4d1a-9985-b2bcfc70d88f@group-940108511468: receive requestVote(ELECTION, a03ae040-0cc1-4c22-85ff-5ac1eba35bae, group-940108511468, 1, (t:0, i:0))
2024-04-28 12:45:36,528 [grpc-default-executor-4] INFO  impl.VoteContext (VoteContext.java:log(49)) - 5986eb43-6756-4d1a-9985-b2bcfc70d88f@group-940108511468-FOLLOWER: accept ELECTION from a03ae040-0cc1-4c22-85ff-5ac1eba35bae: our priority 0 <= candidate's priority 1
2024-04-28 12:45:36,529 [grpc-default-executor-4] INFO  server.RaftServer$Division (RaftServerImpl.java:setRole(383)) - 5986eb43-6756-4d1a-9985-b2bcfc70d88f@group-940108511468: changes role from  FOLLOWER to FOLLOWER at term 1 for candidate:a03ae040-0cc1-4c22-85ff-5ac1eba35bae
2024-04-28 12:45:36,529 [grpc-default-executor-4] INFO  impl.RoleInfo (RoleInfo.java:shutdownFollowerState(110)) - 5986eb43-6756-4d1a-9985-b2bcfc70d88f: shutdown 5986eb43-6756-4d1a-9985-b2bcfc70d88f@group-940108511468-FollowerState
2024-04-28 12:45:36,529 [grpc-default-executor-4] INFO  impl.RoleInfo (RoleInfo.java:updateAndGet(139)) - 5986eb43-6756-4d1a-9985-b2bcfc70d88f: start 5986eb43-6756-4d1a-9985-b2bcfc70d88f@group-940108511468-FollowerState
2024-04-28 12:45:36,529 [5986eb43-6756-4d1a-9985-b2bcfc70d88f@group-940108511468-FollowerState] INFO  impl.FollowerState (FollowerState.java:run(152)) - 5986eb43-6756-4d1a-9985-b2bcfc70d88f@group-940108511468-FollowerState was interrupted
2024-04-28 12:45:36,529 [grpc-default-executor-0] INFO  server.RaftServer$Division (RaftServerImpl.java:requestVote(1389)) - 2888e557-450c-42c6-ab50-0bca692fd7ac@group-940108511468: receive requestVote(ELECTION, a03ae040-0cc1-4c22-85ff-5ac1eba35bae, group-940108511468, 1, (t:0, i:0))
2024-04-28 12:45:36,529 [grpc-default-executor-0] INFO  impl.VoteContext (VoteContext.java:log(49)) - 2888e557-450c-42c6-ab50-0bca692fd7ac@group-940108511468-FOLLOWER: accept ELECTION from a03ae040-0cc1-4c22-85ff-5ac1eba35bae: our priority 0 <= candidate's priority 1
2024-04-28 12:45:36,529 [grpc-default-executor-0] INFO  server.RaftServer$Division (RaftServerImpl.java:setRole(383)) - 2888e557-450c-42c6-ab50-0bca692fd7ac@group-940108511468: changes role from  FOLLOWER to FOLLOWER at term 1 for candidate:a03ae040-0cc1-4c22-85ff-5ac1eba35bae
2024-04-28 12:45:36,529 [grpc-default-executor-0] INFO  impl.RoleInfo (RoleInfo.java:shutdownFollowerState(110)) - 2888e557-450c-42c6-ab50-0bca692fd7ac: shutdown 2888e557-450c-42c6-ab50-0bca692fd7ac@group-940108511468-FollowerState
2024-04-28 12:45:36,529 [grpc-default-executor-0] INFO  impl.RoleInfo (RoleInfo.java:updateAndGet(139)) - 2888e557-450c-42c6-ab50-0bca692fd7ac: start 2888e557-450c-42c6-ab50-0bca692fd7ac@group-940108511468-FollowerState
2024-04-28 12:45:36,529 [2888e557-450c-42c6-ab50-0bca692fd7ac@group-940108511468-FollowerState] INFO  impl.FollowerState (FollowerState.java:run(152)) - 2888e557-450c-42c6-ab50-0bca692fd7ac@group-940108511468-FollowerState was interrupted
2024-04-28 12:45:36,529 [grpc-default-executor-0] INFO  server.RaftServer$Division (RaftServerImpl.java:setFirstElection(574)) - 2888e557-450c-42c6-ab50-0bca692fd7ac@group-940108511468: set firstElectionSinceStartup to false for candidate:a03ae040-0cc1-4c22-85ff-5ac1eba35bae
2024-04-28 12:45:36,530 [grpc-default-executor-4] INFO  server.RaftServer$Division (RaftServerImpl.java:requestVote(1422)) - 5986eb43-6756-4d1a-9985-b2bcfc70d88f@group-940108511468 replies to ELECTION vote request: a03ae040-0cc1-4c22-85ff-5ac1eba35bae<-5986eb43-6756-4d1a-9985-b2bcfc70d88f#0:OK-t1. Peer's state: 5986eb43-6756-4d1a-9985-b2bcfc70d88f@group-940108511468:t1, leader=null, voted=a03ae040-0cc1-4c22-85ff-5ac1eba35bae, raftlog=Memoized:5986eb43-6756-4d1a-9985-b2bcfc70d88f@group-940108511468-SegmentedRaftLog:OPENED:c-1, conf=-1: peers:[2888e557-450c-42c6-ab50-0bca692fd7ac|127.0.0.1:15424, 5986eb43-6756-4d1a-9985-b2bcfc70d88f|127.0.0.1:15442, a03ae040-0cc1-4c22-85ff-5ac1eba35bae|127.0.0.1:15433]|listeners:[], old=null
2024-04-28 12:45:36,530 [a03ae040-0cc1-4c22-85ff-5ac1eba35bae@group-940108511468-LeaderElection74] INFO  impl.LeaderElection (LeaderElection.java:logAndReturn(89)) - a03ae040-0cc1-4c22-85ff-5ac1eba35bae@group-940108511468-LeaderElection74: ELECTION PASSED received 1 response(s) and 0 exception(s):
2024-04-28 12:45:36,530 [grpc-default-executor-0] INFO  server.RaftServer$Division (RaftServerImpl.java:requestVote(1422)) - 2888e557-450c-42c6-ab50-0bca692fd7ac@group-940108511468 replies to ELECTION vote request: a03ae040-0cc1-4c22-85ff-5ac1eba35bae<-2888e557-450c-42c6-ab50-0bca692fd7ac#0:OK-t1. Peer's state: 2888e557-450c-42c6-ab50-0bca692fd7ac@group-940108511468:t1, leader=null, voted=a03ae040-0cc1-4c22-85ff-5ac1eba35bae, raftlog=Memoized:2888e557-450c-42c6-ab50-0bca692fd7ac@group-940108511468-SegmentedRaftLog:OPENED:c-1, conf=-1: peers:[2888e557-450c-42c6-ab50-0bca692fd7ac|127.0.0.1:15424, 5986eb43-6756-4d1a-9985-b2bcfc70d88f|127.0.0.1:15442, a03ae040-0cc1-4c22-85ff-5ac1eba35bae|127.0.0.1:15433]|listeners:[], old=null
2024-04-28 12:45:36,530 [a03ae040-0cc1-4c22-85ff-5ac1eba35bae@group-940108511468-LeaderElection74] INFO  impl.LeaderElection (LeaderElection.java:logAndReturn(93)) -   Response 0: a03ae040-0cc1-4c22-85ff-5ac1eba35bae<-5986eb43-6756-4d1a-9985-b2bcfc70d88f#0:OK-t1
2024-04-28 12:45:36,530 [a03ae040-0cc1-4c22-85ff-5ac1eba35bae@group-940108511468-LeaderElection74] INFO  impl.LeaderElection (LeaderElection.java:askForVotes(323)) - a03ae040-0cc1-4c22-85ff-5ac1eba35bae@group-940108511468-LeaderElection74 ELECTION round 0: result PASSED
2024-04-28 12:45:36,530 [a03ae040-0cc1-4c22-85ff-5ac1eba35bae@group-940108511468-LeaderElection74] INFO  impl.RoleInfo (RoleInfo.java:shutdownLeaderElection(130)) - a03ae040-0cc1-4c22-85ff-5ac1eba35bae: shutdown a03ae040-0cc1-4c22-85ff-5ac1eba35bae@group-940108511468-LeaderElection74
2024-04-28 12:45:36,530 [a03ae040-0cc1-4c22-85ff-5ac1eba35bae@group-940108511468-LeaderElection74] INFO  server.RaftServer$Division (RaftServerImpl.java:setRole(383)) - a03ae040-0cc1-4c22-85ff-5ac1eba35bae@group-940108511468: changes role from CANDIDATE to LEADER at term 1 for changeToLeader
2024-04-28 12:45:36,531 [a03ae040-0cc1-4c22-85ff-5ac1eba35bae@group-940108511468-LeaderElection74] INFO  server.RaftServerConfigKeys (ConfUtils.java:logGet(46)) - raft.server.staging.catchup.gap = 1000 (default)
2024-04-28 12:45:36,531 [a03ae040-0cc1-4c22-85ff-5ac1eba35bae@group-940108511468-LeaderElection74] INFO  server.RaftServerConfigKeys (ConfUtils.java:logGet(46)) - raft.server.write.element-limit = 1024 (custom)
2024-04-28 12:45:36,531 [a03ae040-0cc1-4c22-85ff-5ac1eba35bae@group-940108511468-LeaderElection74] INFO  server.RaftServerConfigKeys (ConfUtils.java:logGet(46)) - raft.server.write.byte-limit = 1024 M (=1073741824) (custom)
2024-04-28 12:45:36,531 [a03ae040-0cc1-4c22-85ff-5ac1eba35bae@group-940108511468-LeaderElection74] INFO  server.RaftServerConfigKeys (ConfUtils.java:logGet(46)) - raft.server.watch.timeout = 3000ms (custom)
2024-04-28 12:45:36,531 [a03ae040-0cc1-4c22-85ff-5ac1eba35bae@group-940108511468-LeaderElection74] INFO  server.RaftServerConfigKeys (ConfUtils.java:logGet(46)) - raft.server.watch.timeout.denomination = 1s (default)
2024-04-28 12:45:36,531 [a03ae040-0cc1-4c22-85ff-5ac1eba35bae@group-940108511468-LeaderElection74] INFO  server.RaftServerConfigKeys (ConfUtils.java:logGet(46)) - raft.server.watch.element-limit = 65536 (default)
2024-04-28 12:45:36,531 [a03ae040-0cc1-4c22-85ff-5ac1eba35bae@group-940108511468-LeaderElection74] INFO  server.RaftServerConfigKeys (ConfUtils.java:logGet(46)) - raft.server.read.leader.lease.enabled = false (default)
2024-04-28 12:45:36,531 [a03ae040-0cc1-4c22-85ff-5ac1eba35bae@group-940108511468-LeaderElection74] INFO  server.RaftServerConfigKeys (ConfUtils.java:logGet(46)) - raft.server.read.leader.lease.timeout.ratio = 0.9 (default)
2024-04-28 12:45:36,531 [a03ae040-0cc1-4c22-85ff-5ac1eba35bae@group-940108511468-LeaderElection74] INFO  server.RaftServerConfigKeys (ConfUtils.java:logGet(46)) - raft.server.rpc.timeout.min = 5s (custom)
2024-04-28 12:45:36,531 [a03ae040-0cc1-4c22-85ff-5ac1eba35bae@group-940108511468-LeaderElection74] INFO  server.RaftServerConfigKeys (ConfUtils.java:logGet(46)) - raft.server.write.element-limit = 1024 (custom)
2024-04-28 12:45:36,531 [a03ae040-0cc1-4c22-85ff-5ac1eba35bae@group-940108511468-LeaderElection74] INFO  server.RaftServerConfigKeys (ConfUtils.java:logGet(46)) - raft.server.write.follower.gap.ratio.max = -1.0 (default)
2024-04-28 12:45:36,532 [a03ae040-0cc1-4c22-85ff-5ac1eba35bae@group-940108511468-LeaderElection74] INFO  server.RaftServerConfigKeys (ConfUtils.java:logGet(46)) - raft.server.log.appender.snapshot.chunk.size.max = 16MB (=16777216) (default)
2024-04-28 12:45:36,532 [a03ae040-0cc1-4c22-85ff-5ac1eba35bae@group-940108511468-LeaderElection74] INFO  server.RaftServerConfigKeys (ConfUtils.java:logGet(46)) - raft.server.log.appender.buffer.byte-limit = 8388608 (custom)
2024-04-28 12:45:36,532 [a03ae040-0cc1-4c22-85ff-5ac1eba35bae@group-940108511468-LeaderElection74] INFO  server.RaftServerConfigKeys (ConfUtils.java:logGet(46)) - raft.server.log.appender.buffer.element-limit = 1 (custom)
2024-04-28 12:45:36,532 [a03ae040-0cc1-4c22-85ff-5ac1eba35bae@group-940108511468-LeaderElection74] INFO  server.RaftServerConfigKeys (ConfUtils.java:logGet(46)) - raft.server.log.appender.wait-time.min = 0ms (custom)
2024-04-28 12:45:36,532 [a03ae040-0cc1-4c22-85ff-5ac1eba35bae@group-940108511468-LeaderElection74] INFO  grpc.GrpcConfigKeys (ConfUtils.java:logGet(46)) - raft.grpc.server.leader.outstanding.appends.max = 8 (default)
2024-04-28 12:45:36,532 [a03ae040-0cc1-4c22-85ff-5ac1eba35bae@group-940108511468-LeaderElection74] INFO  server.RaftServerConfigKeys (ConfUtils.java:logGet(46)) - raft.server.rpc.request.timeout = 3000ms (default)
2024-04-28 12:45:36,532 [a03ae040-0cc1-4c22-85ff-5ac1eba35bae@group-940108511468-LeaderElection74] INFO  grpc.GrpcConfigKeys (ConfUtils.java:logGet(46)) - raft.grpc.server.install_snapshot.request.element-limit = 8 (default)
2024-04-28 12:45:36,532 [a03ae040-0cc1-4c22-85ff-5ac1eba35bae@group-940108511468-LeaderElection74] INFO  grpc.GrpcConfigKeys (ConfUtils.java:logGet(46)) - raft.grpc.server.install_snapshot.request.timeout = 3000ms (default)
2024-04-28 12:45:36,532 [a03ae040-0cc1-4c22-85ff-5ac1eba35bae@group-940108511468-LeaderElection74] INFO  grpc.GrpcConfigKeys (ConfUtils.java:logGet(46)) - raft.grpc.server.log-message.batch.duration = 5s (default)
2024-04-28 12:45:36,532 [a03ae040-0cc1-4c22-85ff-5ac1eba35bae@group-940108511468-LeaderElection74] INFO  server.RaftServerConfigKeys (ConfUtils.java:logGet(46)) - raft.server.log.appender.install.snapshot.enabled = false (custom)
2024-04-28 12:45:36,532 [a03ae040-0cc1-4c22-85ff-5ac1eba35bae@group-940108511468-LeaderElection74] INFO  grpc.GrpcConfigKeys (ConfUtils.java:logGet(46)) - raft.grpc.server.heartbeat.channel = true (default)
2024-04-28 12:45:36,533 [a03ae040-0cc1-4c22-85ff-5ac1eba35bae@group-940108511468-LeaderElection74] INFO  server.RaftServerConfigKeys (ConfUtils.java:logGet(46)) - raft.server.log.appender.snapshot.chunk.size.max = 16MB (=16777216) (default)
2024-04-28 12:45:36,533 [a03ae040-0cc1-4c22-85ff-5ac1eba35bae@group-940108511468-LeaderElection74] INFO  server.RaftServerConfigKeys (ConfUtils.java:logGet(46)) - raft.server.log.appender.buffer.byte-limit = 8388608 (custom)
2024-04-28 12:45:36,533 [a03ae040-0cc1-4c22-85ff-5ac1eba35bae@group-940108511468-LeaderElection74] INFO  server.RaftServerConfigKeys (ConfUtils.java:logGet(46)) - raft.server.log.appender.buffer.element-limit = 1 (custom)
2024-04-28 12:45:36,533 [a03ae040-0cc1-4c22-85ff-5ac1eba35bae@group-940108511468-LeaderElection74] INFO  server.RaftServerConfigKeys (ConfUtils.java:logGet(46)) - raft.server.log.appender.wait-time.min = 0ms (custom)
2024-04-28 12:45:36,533 [a03ae040-0cc1-4c22-85ff-5ac1eba35bae@group-940108511468-LeaderElection74] INFO  grpc.GrpcConfigKeys (ConfUtils.java:logGet(46)) - raft.grpc.server.leader.outstanding.appends.max = 8 (default)
2024-04-28 12:45:36,533 [a03ae040-0cc1-4c22-85ff-5ac1eba35bae@group-940108511468-LeaderElection74] INFO  server.RaftServerConfigKeys (ConfUtils.java:logGet(46)) - raft.server.rpc.request.timeout = 3000ms (default)
2024-04-28 12:45:36,533 [a03ae040-0cc1-4c22-85ff-5ac1eba35bae@group-940108511468-LeaderElection74] INFO  grpc.GrpcConfigKeys (ConfUtils.java:logGet(46)) - raft.grpc.server.install_snapshot.request.element-limit = 8 (default)
2024-04-28 12:45:36,533 [a03ae040-0cc1-4c22-85ff-5ac1eba35bae@group-940108511468-LeaderElection74] INFO  grpc.GrpcConfigKeys (ConfUtils.java:logGet(46)) - raft.grpc.server.install_snapshot.request.timeout = 3000ms (default)
2024-04-28 12:45:36,534 [a03ae040-0cc1-4c22-85ff-5ac1eba35bae@group-940108511468-LeaderElection74] INFO  grpc.GrpcConfigKeys (ConfUtils.java:logGet(46)) - raft.grpc.server.log-message.batch.duration = 5s (default)
2024-04-28 12:45:36,534 [a03ae040-0cc1-4c22-85ff-5ac1eba35bae@group-940108511468-LeaderElection74] INFO  server.RaftServerConfigKeys (ConfUtils.java:logGet(46)) - raft.server.log.appender.install.snapshot.enabled = false (custom)
2024-04-28 12:45:36,534 [a03ae040-0cc1-4c22-85ff-5ac1eba35bae@group-940108511468-LeaderElection74] INFO  grpc.GrpcConfigKeys (ConfUtils.java:logGet(46)) - raft.grpc.server.heartbeat.channel = true (default)
2024-04-28 12:45:36,534 [a03ae040-0cc1-4c22-85ff-5ac1eba35bae@group-940108511468-LeaderElection74] INFO  impl.RoleInfo (RoleInfo.java:updateAndGet(139)) - a03ae040-0cc1-4c22-85ff-5ac1eba35bae: start a03ae040-0cc1-4c22-85ff-5ac1eba35bae@group-940108511468-LeaderStateImpl
2024-04-28 12:45:36,534 [a03ae040-0cc1-4c22-85ff-5ac1eba35bae@group-940108511468-LeaderElection74] INFO  server.RaftServer$Division (RaftServerImpl.java:setFirstElection(574)) - a03ae040-0cc1-4c22-85ff-5ac1eba35bae@group-940108511468: set firstElectionSinceStartup to false for becomeLeader
2024-04-28 12:45:36,534 [a03ae040-0cc1-4c22-85ff-5ac1eba35bae@group-940108511468-LeaderElection74] INFO  ratis.XceiverServerRatis (XceiverServerRatis.java:handleLeaderChangedNotification(966)) - Leader change notification received for group: group-940108511468 with new leaderId: a03ae040-0cc1-4c22-85ff-5ac1eba35bae
2024-04-28 12:45:36,534 [a03ae040-0cc1-4c22-85ff-5ac1eba35bae@group-940108511468-LeaderElection74] INFO  server.RaftServer$Division (ServerState.java:setLeader(269)) - a03ae040-0cc1-4c22-85ff-5ac1eba35bae@group-940108511468: change Leader from null to a03ae040-0cc1-4c22-85ff-5ac1eba35bae at term 1 for becomeLeader, leader elected after 5210ms
2024-04-28 12:45:36,534 [a03ae040-0cc1-4c22-85ff-5ac1eba35bae@group-940108511468-LeaderElection74] INFO  segmented.SegmentedRaftLogWorker (SegmentedRaftLogWorker.java:startLogSegment(430)) - a03ae040-0cc1-4c22-85ff-5ac1eba35bae@group-940108511468-SegmentedRaftLogWorker: Starting segment from index:0
2024-04-28 12:45:36,534 [a03ae040-0cc1-4c22-85ff-5ac1eba35bae@group-940108511468-LeaderElection74] INFO  server.RaftServer$Division (ServerState.java:setRaftConf(386)) - a03ae040-0cc1-4c22-85ff-5ac1eba35bae@group-940108511468: set configuration 0: peers:[2888e557-450c-42c6-ab50-0bca692fd7ac|127.0.0.1:15424, 5986eb43-6756-4d1a-9985-b2bcfc70d88f|127.0.0.1:15442, a03ae040-0cc1-4c22-85ff-5ac1eba35bae|127.0.0.1:15433]|listeners:[], old=null
2024-04-28 12:45:36,535 [a03ae040-0cc1-4c22-85ff-5ac1eba35bae@group-940108511468-SegmentedRaftLogWorker] INFO  segmented.BufferedWriteChannel (BufferedWriteChannel.java:open(62)) - open log_inprogress_0 at position 0
2024-04-28 12:45:36,538 [5986eb43-6756-4d1a-9985-b2bcfc70d88f-server-thread1] INFO  ratis.XceiverServerRatis (XceiverServerRatis.java:handleLeaderChangedNotification(966)) - Leader change notification received for group: group-940108511468 with new leaderId: a03ae040-0cc1-4c22-85ff-5ac1eba35bae
2024-04-28 12:45:36,538 [5986eb43-6756-4d1a-9985-b2bcfc70d88f-server-thread1] INFO  server.RaftServer$Division (ServerState.java:setLeader(269)) - 5986eb43-6756-4d1a-9985-b2bcfc70d88f@group-940108511468: change Leader from null to a03ae040-0cc1-4c22-85ff-5ac1eba35bae at term 1 for appendEntries, leader elected after 5230ms
2024-04-28 12:45:36,538 [5986eb43-6756-4d1a-9985-b2bcfc70d88f-server-thread2] INFO  server.RaftServer$Division (ServerState.java:setRaftConf(386)) - 5986eb43-6756-4d1a-9985-b2bcfc70d88f@group-940108511468: set configuration 0: peers:[2888e557-450c-42c6-ab50-0bca692fd7ac|127.0.0.1:15424, 5986eb43-6756-4d1a-9985-b2bcfc70d88f|127.0.0.1:15442, a03ae040-0cc1-4c22-85ff-5ac1eba35bae|127.0.0.1:15433]|listeners:[], old=null
2024-04-28 12:45:36,538 [5986eb43-6756-4d1a-9985-b2bcfc70d88f-server-thread2] INFO  segmented.SegmentedRaftLogWorker (SegmentedRaftLogWorker.java:startLogSegment(430)) - 5986eb43-6756-4d1a-9985-b2bcfc70d88f@group-940108511468-SegmentedRaftLogWorker: Starting segment from index:0
2024-04-28 12:45:36,539 [5986eb43-6756-4d1a-9985-b2bcfc70d88f@group-940108511468-SegmentedRaftLogWorker] INFO  segmented.BufferedWriteChannel (BufferedWriteChannel.java:open(62)) - open log_inprogress_0 at position 0
2024-04-28 12:45:36,539 [EventQueue-PipelineReportForPipelineReportHandler] INFO  pipeline.PipelineReportHandler (PipelineReportHandler.java:processPipelineReport(136)) - Opened pipeline PipelineID=7bd19e24-d539-410e-99a1-940108511468
2024-04-28 12:45:36,544 [2888e557-450c-42c6-ab50-0bca692fd7ac-server-thread1] INFO  ratis.XceiverServerRatis (XceiverServerRatis.java:handleLeaderChangedNotification(966)) - Leader change notification received for group: group-940108511468 with new leaderId: a03ae040-0cc1-4c22-85ff-5ac1eba35bae
2024-04-28 12:45:36,544 [2888e557-450c-42c6-ab50-0bca692fd7ac-server-thread1] INFO  server.RaftServer$Division (ServerState.java:setLeader(269)) - 2888e557-450c-42c6-ab50-0bca692fd7ac@group-940108511468: change Leader from null to a03ae040-0cc1-4c22-85ff-5ac1eba35bae at term 1 for appendEntries, leader elected after 5254ms
2024-04-28 12:45:36,546 [2888e557-450c-42c6-ab50-0bca692fd7ac-server-thread2] INFO  server.RaftServer$Division (ServerState.java:setRaftConf(386)) - 2888e557-450c-42c6-ab50-0bca692fd7ac@group-940108511468: set configuration 0: peers:[2888e557-450c-42c6-ab50-0bca692fd7ac|127.0.0.1:15424, 5986eb43-6756-4d1a-9985-b2bcfc70d88f|127.0.0.1:15442, a03ae040-0cc1-4c22-85ff-5ac1eba35bae|127.0.0.1:15433]|listeners:[], old=null
2024-04-28 12:45:36,546 [2888e557-450c-42c6-ab50-0bca692fd7ac-server-thread2] INFO  segmented.SegmentedRaftLogWorker (SegmentedRaftLogWorker.java:startLogSegment(430)) - 2888e557-450c-42c6-ab50-0bca692fd7ac@group-940108511468-SegmentedRaftLogWorker: Starting segment from index:0
2024-04-28 12:45:36,547 [5986eb43-6756-4d1a-9985-b2bcfc70d88f@group-940108511468-SegmentedRaftLogWorker] INFO  segmented.SegmentedRaftLogWorker (SegmentedRaftLogWorker.java:execute(634)) - 5986eb43-6756-4d1a-9985-b2bcfc70d88f@group-940108511468-SegmentedRaftLogWorker: created new log segment /home/runner/work/ozone/ozone/hadoop-ozone/integration-test/target/test-dir/MiniOzoneClusterImpl-4444f751-856d-4595-ad15-e87fc76049bc/ozone-meta/datanode-9/ratis/7bd19e24-d539-410e-99a1-940108511468/current/log_inprogress_0
2024-04-28 12:45:36,548 [a03ae040-0cc1-4c22-85ff-5ac1eba35bae@group-940108511468-SegmentedRaftLogWorker] INFO  segmented.SegmentedRaftLogWorker (SegmentedRaftLogWorker.java:execute(634)) - a03ae040-0cc1-4c22-85ff-5ac1eba35bae@group-940108511468-SegmentedRaftLogWorker: created new log segment /home/runner/work/ozone/ozone/hadoop-ozone/integration-test/target/test-dir/MiniOzoneClusterImpl-4444f751-856d-4595-ad15-e87fc76049bc/ozone-meta/datanode-8/ratis/7bd19e24-d539-410e-99a1-940108511468/current/log_inprogress_0
2024-04-28 12:45:36,548 [2888e557-450c-42c6-ab50-0bca692fd7ac@group-940108511468-SegmentedRaftLogWorker] INFO  segmented.BufferedWriteChannel (BufferedWriteChannel.java:open(62)) - open log_inprogress_0 at position 0
2024-04-28 12:45:36,556 [a03ae040-0cc1-4c22-85ff-5ac1eba35bae@group-940108511468-StateMachineUpdater] INFO  server.RaftServer$Division (LeaderStateImpl.java:isApplied(320)) - leader is ready since appliedIndex == 0 >= startIndex == 0
2024-04-28 12:45:36,556 [2888e557-450c-42c6-ab50-0bca692fd7ac@group-940108511468-SegmentedRaftLogWorker] INFO  segmented.SegmentedRaftLogWorker (SegmentedRaftLogWorker.java:execute(634)) - 2888e557-450c-42c6-ab50-0bca692fd7ac@group-940108511468-SegmentedRaftLogWorker: created new log segment /home/runner/work/ozone/ozone/hadoop-ozone/integration-test/target/test-dir/MiniOzoneClusterImpl-4444f751-856d-4595-ad15-e87fc76049bc/ozone-meta/datanode-7/ratis/7bd19e24-d539-410e-99a1-940108511468/current/log_inprogress_0
2024-04-28 12:45:37,138 [81492a0b-8554-4d1c-9efe-d356d82cfcc4-impl-thread2] INFO  segmented.SegmentedRaftLogWorker (SegmentedRaftLogWorker.java:close(245)) - 81492a0b-8554-4d1c-9efe-d356d82cfcc4@group-47B5C917755E-SegmentedRaftLogWorker close()
2024-04-28 12:45:37,425 [81492a0b-8554-4d1c-9efe-d356d82cfcc4-impl-thread1] INFO  segmented.SegmentedRaftLogWorker (SegmentedRaftLogWorker.java:close(245)) - 81492a0b-8554-4d1c-9efe-d356d82cfcc4@group-95D7CE87CC4E-SegmentedRaftLogWorker close()
2024-04-28 12:45:37,425 [JvmPauseMonitor48] INFO  util.JvmPauseMonitor (JvmPauseMonitor.java:run(152)) - JvmPauseMonitor-81492a0b-8554-4d1c-9efe-d356d82cfcc4: Stopped
2024-04-28 12:45:39,427 [main] INFO  utils.DatanodeStoreCache (DatanodeStoreCache.java:shutdownCache(116)) - Skip clearing cache in mini cluster mode. Entries left: [/home/runner/work/ozone/ozone/hadoop-ozone/integration-test/target/test-dir/MiniOzoneClusterImpl-4444f751-856d-4595-ad15-e87fc76049bc/ozone-meta/datanode-1/data-0/hdds/4444f751-856d-4595-ad15-e87fc76049bc/DS-faffeb6b-865d-4ccf-865a-fa6ff6b28176/container.db, /home/runner/work/ozone/ozone/hadoop-ozone/integration-test/target/test-dir/MiniOzoneClusterImpl-4444f751-856d-4595-ad15-e87fc76049bc/ozone-meta/datanode-2/data-0/hdds/4444f751-856d-4595-ad15-e87fc76049bc/DS-45c80d85-1712-49b0-95d4-e488d6ec3d03/container.db, /home/runner/work/ozone/ozone/hadoop-ozone/integration-test/target/test-dir/MiniOzoneClusterImpl-4444f751-856d-4595-ad15-e87fc76049bc/ozone-meta/datanode-3/data-0/hdds/4444f751-856d-4595-ad15-e87fc76049bc/DS-bfc6a45c-7f30-4fe2-9e2c-b53ee37b284f/container.db, /home/runner/work/ozone/ozone/hadoop-ozone/integration-test/target/test-dir/MiniOzoneClusterImpl-4444f751-856d-4595-ad15-e87fc76049bc/ozone-meta/datanode-4/data-0/hdds/4444f751-856d-4595-ad15-e87fc76049bc/DS-42cab9f4-8c81-4ae6-a47c-0b886da97ee4/container.db, /home/runner/work/ozone/ozone/hadoop-ozone/integration-test/target/test-dir/MiniOzoneClusterImpl-4444f751-856d-4595-ad15-e87fc76049bc/ozone-meta/datanode-5/data-0/hdds/4444f751-856d-4595-ad15-e87fc76049bc/DS-763e1850-1479-4595-8d95-8adaa48a2d65/container.db, /home/runner/work/ozone/ozone/hadoop-ozone/integration-test/target/test-dir/MiniOzoneClusterImpl-4444f751-856d-4595-ad15-e87fc76049bc/ozone-meta/datanode-6/data-0/hdds/4444f751-856d-4595-ad15-e87fc76049bc/DS-962918f5-885f-4e9d-96ea-cdcee6a10657/container.db, /home/runner/work/ozone/ozone/hadoop-ozone/integration-test/target/test-dir/MiniOzoneClusterImpl-4444f751-856d-4595-ad15-e87fc76049bc/ozone-meta/datanode-7/data-0/hdds/4444f751-856d-4595-ad15-e87fc76049bc/DS-6c614259-3da6-498b-b4d8-5bb63d455e9b/container.db, /home/runner/work/ozone/ozone/hadoop-ozone/integration-test/target/test-dir/MiniOzoneClusterImpl-4444f751-856d-4595-ad15-e87fc76049bc/ozone-meta/datanode-8/data-0/hdds/4444f751-856d-4595-ad15-e87fc76049bc/DS-bd58df47-5ee0-4016-acac-bc16bc87f077/container.db, /home/runner/work/ozone/ozone/hadoop-ozone/integration-test/target/test-dir/MiniOzoneClusterImpl-4444f751-856d-4595-ad15-e87fc76049bc/ozone-meta/datanode-9/data-0/hdds/4444f751-856d-4595-ad15-e87fc76049bc/DS-67afbe17-e799-4608-af11-e15ca9da8d66/container.db]
2024-04-28 12:45:39,428 [main] INFO  utils.DatanodeStoreCache (DatanodeStoreCache.java:removeDB(110)) - Removed db /home/runner/work/ozone/ozone/hadoop-ozone/integration-test/target/test-dir/MiniOzoneClusterImpl-4444f751-856d-4595-ad15-e87fc76049bc/ozone-meta/datanode-3/data-0/hdds/4444f751-856d-4595-ad15-e87fc76049bc/DS-bfc6a45c-7f30-4fe2-9e2c-b53ee37b284f/container.db from cache
2024-04-28 12:45:39,428 [main] INFO  volume.HddsVolume (HddsVolume.java:closeDbStore(470)) - SchemaV3 db is stopped at /home/runner/work/ozone/ozone/hadoop-ozone/integration-test/target/test-dir/MiniOzoneClusterImpl-4444f751-856d-4595-ad15-e87fc76049bc/ozone-meta/datanode-3/data-0/hdds/4444f751-856d-4595-ad15-e87fc76049bc/DS-bfc6a45c-7f30-4fe2-9e2c-b53ee37b284f/container.db for volume DS-bfc6a45c-7f30-4fe2-9e2c-b53ee37b284f
2024-04-28 12:45:39,428 [main] INFO  utils.BackgroundService (BackgroundService.java:shutdown(160)) - Shutting down service BlockDeletingService
2024-04-28 12:45:39,429 [main] INFO  utils.BackgroundService (BackgroundService.java:shutdown(160)) - Shutting down service StaleRecoveringContainerScrubbingService
2024-04-28 12:45:39,429 [main] INFO  statemachine.DatanodeStateMachine (DatanodeStateMachine.java:stopDaemon(638)) - Ozone container server stopped.
2024-04-28 12:45:39,429 [main] INFO  handler.ContextHandler (ContextHandler.java:doStop(1159)) - Stopped o.e.j.w.WebAppContext@23fa3130{hddsDatanode,/,null,STOPPED}{file:/home/runner/work/ozone/ozone/hadoop-hdds/container-service/target/classes/webapps/hddsDatanode}
2024-04-28 12:45:39,430 [main] INFO  server.AbstractConnector (AbstractConnector.java:doStop(383)) - Stopped ServerConnector@6dd55493{HTTP/1.1, (http/1.1)}{0.0.0.0:15383}
2024-04-28 12:45:39,430 [main] INFO  server.session (HouseKeeper.java:stopScavenging(149)) - node0 Stopped scavenging
2024-04-28 12:45:39,430 [main] INFO  handler.ContextHandler (ContextHandler.java:doStop(1159)) - Stopped o.e.j.s.ServletContextHandler@64af2288{static,/static,file:///home/runner/work/ozone/ozone/hadoop-hdds/container-service/target/classes/webapps/static,STOPPED}
2024-04-28 12:45:39,430 [main] INFO  handler.ContextHandler (ContextHandler.java:doStop(1159)) - Stopped o.e.j.s.ServletContextHandler@5bdb605c{logs,/logs,file:///home/runner/work/ozone/ozone/hadoop-ozone/integration-test/target/log,STOPPED}
2024-04-28 12:45:39,431 [main] INFO  ozone.HddsDatanodeClientProtocolServer (HddsDatanodeClientProtocolServer.java:stop(83)) - Stopping the RPC server for Client Protocol
2024-04-28 12:45:39,431 [main] INFO  ipc.Server (Server.java:stop(3523)) - Stopping server on 15384
2024-04-28 12:45:39,431 [IPC Server listener on 15384] INFO  ipc.Server (Server.java:run(1434)) - Stopping IPC Server listener on 15384
2024-04-28 12:45:39,431 [IPC Server Responder] INFO  ipc.Server (Server.java:run(1567)) - Stopping IPC Server Responder
2024-04-28 12:45:39,433 [main] INFO  ozoneimpl.OzoneContainer (OzoneContainer.java:stop(481)) - Attempting to stop container services.
2024-04-28 12:45:39,433 [ContainerMetadataScanner] WARN  ozoneimpl.AbstractBackgroundContainerScanner (AbstractBackgroundContainerScanner.java:handleRemainingSleep(134)) - Background container scan was interrupted.
2024-04-28 12:45:39,433 [ContainerMetadataScanner] INFO  ozoneimpl.AbstractBackgroundContainerScanner (AbstractBackgroundContainerScanner.java:run(61)) - Thread[ContainerMetadataScanner,5,main] exiting.
2024-04-28 12:45:39,433 [main] INFO  ozoneimpl.BackgroundContainerDataScanner (BackgroundContainerDataScanner.java:shutdown(141)) - ContainerDataScanner(/home/runner/work/ozone/ozone/hadoop-ozone/integration-test/target/test-dir/MiniOzoneClusterImpl-4444f751-856d-4595-ad15-e87fc76049bc/ozone-meta/datanode-1/data-0/hdds) is shutting down. 
2024-04-28 12:45:39,433 [ContainerDataScanner(/home/runner/work/ozone/ozone/hadoop-ozone/integration-test/target/test-dir/MiniOzoneClusterImpl-4444f751-856d-4595-ad15-e87fc76049bc/ozone-meta/datanode-1/data-0/hdds)] WARN  ozoneimpl.AbstractBackgroundContainerScanner (AbstractBackgroundContainerScanner.java:handleRemainingSleep(134)) - Background container scan was interrupted.
2024-04-28 12:45:39,433 [ContainerDataScanner(/home/runner/work/ozone/ozone/hadoop-ozone/integration-test/target/test-dir/MiniOzoneClusterImpl-4444f751-856d-4595-ad15-e87fc76049bc/ozone-meta/datanode-1/data-0/hdds)] INFO  ozoneimpl.AbstractBackgroundContainerScanner (AbstractBackgroundContainerScanner.java:run(61)) - ContainerDataScanner(/home/runner/work/ozone/ozone/hadoop-ozone/integration-test/target/test-dir/MiniOzoneClusterImpl-4444f751-856d-4595-ad15-e87fc76049bc/ozone-meta/datanode-1/data-0/hdds, DS-faffeb6b-865d-4ccf-865a-fa6ff6b28176) exiting.
2024-04-28 12:45:39,434 [main] INFO  server.RaftServer (RaftServerProxy.java:lambda$close$9(416)) - 09d2ac22-859d-47ff-b3c3-58a3590cb163: close
2024-04-28 12:45:39,434 [09d2ac22-859d-47ff-b3c3-58a3590cb163-impl-thread1] INFO  server.RaftServer$Division (RaftServerImpl.java:lambda$close$3(526)) - 09d2ac22-859d-47ff-b3c3-58a3590cb163@group-95D7CE87CC4E: shutdown
2024-04-28 12:45:39,434 [09d2ac22-859d-47ff-b3c3-58a3590cb163-impl-thread1] INFO  util.JmxRegister (JmxRegister.java:unregister(73)) - Successfully un-registered JMX Bean with object name Ratis:service=RaftServer,group=group-95D7CE87CC4E,id=09d2ac22-859d-47ff-b3c3-58a3590cb163
2024-04-28 12:45:39,434 [09d2ac22-859d-47ff-b3c3-58a3590cb163-impl-thread1] INFO  impl.RoleInfo (RoleInfo.java:shutdownFollowerState(110)) - 09d2ac22-859d-47ff-b3c3-58a3590cb163: shutdown 09d2ac22-859d-47ff-b3c3-58a3590cb163@group-95D7CE87CC4E-FollowerState
2024-04-28 12:45:39,434 [main] INFO  server.GrpcService (GrpcService.java:closeImpl(311)) - 09d2ac22-859d-47ff-b3c3-58a3590cb163: shutdown server org.apache.ratis.grpc.server.GrpcClientProtocolService now
2024-04-28 12:45:39,434 [09d2ac22-859d-47ff-b3c3-58a3590cb163@group-95D7CE87CC4E-StateMachineUpdater] INFO  ratis.ContainerStateMachine (ContainerStateMachine.java:takeSnapshot(355)) - group-95D7CE87CC4E: Taking a snapshot at:(t:1, i:2) file /home/runner/work/ozone/ozone/hadoop-ozone/integration-test/target/test-dir/MiniOzoneClusterImpl-4444f751-856d-4595-ad15-e87fc76049bc/ozone-meta/datanode-1/ratis/e6266c66-032f-47d0-be92-95d7ce87cc4e/sm/snapshot.1_2
2024-04-28 12:45:39,434 [09d2ac22-859d-47ff-b3c3-58a3590cb163@group-95D7CE87CC4E-FollowerState] INFO  impl.FollowerState (FollowerState.java:run(152)) - 09d2ac22-859d-47ff-b3c3-58a3590cb163@group-95D7CE87CC4E-FollowerState was interrupted
2024-04-28 12:45:39,434 [09d2ac22-859d-47ff-b3c3-58a3590cb163-impl-thread1] INFO  impl.StateMachineUpdater (StateMachineUpdater.java:stopAndJoin(157)) - 09d2ac22-859d-47ff-b3c3-58a3590cb163@group-95D7CE87CC4E-StateMachineUpdater: set stopIndex = 2
2024-04-28 12:45:39,434 [09d2ac22-859d-47ff-b3c3-58a3590cb163-impl-thread2] INFO  server.RaftServer$Division (RaftServerImpl.java:lambda$close$3(526)) - 09d2ac22-859d-47ff-b3c3-58a3590cb163@group-4114A5ED2105: shutdown
2024-04-28 12:45:39,434 [09d2ac22-859d-47ff-b3c3-58a3590cb163-impl-thread2] INFO  util.JmxRegister (JmxRegister.java:unregister(73)) - Successfully un-registered JMX Bean with object name Ratis:service=RaftServer,group=group-4114A5ED2105,id=09d2ac22-859d-47ff-b3c3-58a3590cb163
2024-04-28 12:45:39,434 [09d2ac22-859d-47ff-b3c3-58a3590cb163-impl-thread2] INFO  impl.RoleInfo (RoleInfo.java:shutdownLeaderState(94)) - 09d2ac22-859d-47ff-b3c3-58a3590cb163: shutdown 09d2ac22-859d-47ff-b3c3-58a3590cb163@group-4114A5ED2105-LeaderStateImpl
2024-04-28 12:45:39,434 [09d2ac22-859d-47ff-b3c3-58a3590cb163-impl-thread2] INFO  impl.PendingRequests (PendingRequests.java:sendNotLeaderResponses(289)) - 09d2ac22-859d-47ff-b3c3-58a3590cb163@group-4114A5ED2105-PendingRequests: sendNotLeaderResponses
2024-04-28 12:45:39,434 [Thread-5805] INFO  server.GrpcServerProtocolClient (GrpcServerProtocolClient.java:close(103)) - 81492a0b-8554-4d1c-9efe-d356d82cfcc4 Close channels
2024-04-28 12:45:39,435 [09d2ac22-859d-47ff-b3c3-58a3590cb163-impl-thread2] INFO  impl.StateMachineUpdater (StateMachineUpdater.java:stopAndJoin(157)) - 09d2ac22-859d-47ff-b3c3-58a3590cb163@group-4114A5ED2105-StateMachineUpdater: set stopIndex = 0
2024-04-28 12:45:39,435 [09d2ac22-859d-47ff-b3c3-58a3590cb163@group-4114A5ED2105-StateMachineUpdater] INFO  ratis.ContainerStateMachine (ContainerStateMachine.java:takeSnapshot(355)) - group-4114A5ED2105: Taking a snapshot at:(t:1, i:0) file /home/runner/work/ozone/ozone/hadoop-ozone/integration-test/target/test-dir/MiniOzoneClusterImpl-4444f751-856d-4595-ad15-e87fc76049bc/ozone-meta/datanode-1/ratis/0ae87b44-efc3-478e-99a5-4114a5ed2105/sm/snapshot.1_0
2024-04-28 12:45:39,436 [09d2ac22-859d-47ff-b3c3-58a3590cb163@group-4114A5ED2105-StateMachineUpdater] INFO  ratis.ContainerStateMachine (ContainerStateMachine.java:takeSnapshot(366)) - group-4114A5ED2105: Finished taking a snapshot at:(t:1, i:0) file:/home/runner/work/ozone/ozone/hadoop-ozone/integration-test/target/test-dir/MiniOzoneClusterImpl-4444f751-856d-4595-ad15-e87fc76049bc/ozone-meta/datanode-1/ratis/0ae87b44-efc3-478e-99a5-4114a5ed2105/sm/snapshot.1_0 took: 0 ms
2024-04-28 12:45:39,436 [09d2ac22-859d-47ff-b3c3-58a3590cb163@group-4114A5ED2105-StateMachineUpdater] INFO  impl.StateMachineUpdater (StateMachineUpdater.java:takeSnapshot(295)) - 09d2ac22-859d-47ff-b3c3-58a3590cb163@group-4114A5ED2105-StateMachineUpdater: Took a snapshot at index 0
2024-04-28 12:45:39,436 [09d2ac22-859d-47ff-b3c3-58a3590cb163@group-4114A5ED2105-StateMachineUpdater] INFO  impl.StateMachineUpdater (StateMachineUpdater.java:lambda$new$0(98)) - 09d2ac22-859d-47ff-b3c3-58a3590cb163@group-4114A5ED2105-StateMachineUpdater: snapshotIndex: updateIncreasingly -1 -> 0
2024-04-28 12:45:39,436 [09d2ac22-859d-47ff-b3c3-58a3590cb163-impl-thread2] INFO  server.RaftServer$Division (ServerState.java:close(427)) - 09d2ac22-859d-47ff-b3c3-58a3590cb163@group-4114A5ED2105: applyIndex: 0
2024-04-28 12:45:39,436 [09d2ac22-859d-47ff-b3c3-58a3590cb163@group-4114A5ED2105-cacheEviction-AwaitToRun] INFO  util.AwaitToRun (AwaitToRun.java:run(49)) - 09d2ac22-859d-47ff-b3c3-58a3590cb163@group-4114A5ED2105-cacheEviction-AwaitToRun-AwaitForSignal is interrupted
2024-04-28 12:45:39,437 [09d2ac22-859d-47ff-b3c3-58a3590cb163@group-95D7CE87CC4E-StateMachineUpdater] INFO  ratis.ContainerStateMachine (ContainerStateMachine.java:takeSnapshot(366)) - group-95D7CE87CC4E: Finished taking a snapshot at:(t:1, i:2) file:/home/runner/work/ozone/ozone/hadoop-ozone/integration-test/target/test-dir/MiniOzoneClusterImpl-4444f751-856d-4595-ad15-e87fc76049bc/ozone-meta/datanode-1/ratis/e6266c66-032f-47d0-be92-95d7ce87cc4e/sm/snapshot.1_2 took: 2 ms
2024-04-28 12:45:39,437 [09d2ac22-859d-47ff-b3c3-58a3590cb163@group-95D7CE87CC4E-StateMachineUpdater] INFO  impl.StateMachineUpdater (StateMachineUpdater.java:takeSnapshot(295)) - 09d2ac22-859d-47ff-b3c3-58a3590cb163@group-95D7CE87CC4E-StateMachineUpdater: Took a snapshot at index 2
2024-04-28 12:45:39,437 [09d2ac22-859d-47ff-b3c3-58a3590cb163@group-95D7CE87CC4E-StateMachineUpdater] INFO  impl.StateMachineUpdater (StateMachineUpdater.java:lambda$new$0(98)) - 09d2ac22-859d-47ff-b3c3-58a3590cb163@group-95D7CE87CC4E-StateMachineUpdater: snapshotIndex: updateIncreasingly -1 -> 2
2024-04-28 12:45:39,437 [09d2ac22-859d-47ff-b3c3-58a3590cb163-impl-thread1] INFO  server.RaftServer$Division (ServerState.java:close(427)) - 09d2ac22-859d-47ff-b3c3-58a3590cb163@group-95D7CE87CC4E: applyIndex: 2
2024-04-28 12:45:39,437 [09d2ac22-859d-47ff-b3c3-58a3590cb163@group-95D7CE87CC4E-cacheEviction-AwaitToRun] INFO  util.AwaitToRun (AwaitToRun.java:run(49)) - 09d2ac22-859d-47ff-b3c3-58a3590cb163@group-95D7CE87CC4E-cacheEviction-AwaitToRun-AwaitForSignal is interrupted
2024-04-28 12:45:39,438 [Thread-5806] INFO  server.GrpcServerProtocolClient (GrpcServerProtocolClient.java:close(103)) - a004c341-03e6-4aa5-a556-61598c35a019 Close channels
2024-04-28 12:45:39,439 [main] INFO  server.GrpcService (GrpcService.java:closeImpl(320)) - 09d2ac22-859d-47ff-b3c3-58a3590cb163: shutdown server org.apache.ratis.grpc.server.GrpcClientProtocolService successfully
2024-04-28 12:45:39,439 [main] INFO  server.GrpcService (GrpcService.java:closeImpl(311)) - 09d2ac22-859d-47ff-b3c3-58a3590cb163: shutdown server GrpcServerProtocolService now
2024-04-28 12:45:39,440 [grpc-default-executor-5] WARN  server.GrpcServerProtocolService (LogUtils.java:warn(121)) - 09d2ac22-859d-47ff-b3c3-58a3590cb163: APPEND_ENTRIES onError, lastRequest: null: org.apache.ratis.thirdparty.io.grpc.StatusRuntimeException: CANCELLED: client cancelled
2024-04-28 12:45:39,440 [grpc-default-executor-2] WARN  server.GrpcServerProtocolService (LogUtils.java:warn(121)) - 09d2ac22-859d-47ff-b3c3-58a3590cb163: APPEND_ENTRIES onError, lastRequest: a004c341-03e6-4aa5-a556-61598c35a019->09d2ac22-859d-47ff-b3c3-58a3590cb163#4-t1,previous=(t:1, i:1),leaderCommit=1,initializing? false,entries: size=1, first=(t:1, i:2), METADATAENTRY(c:1): org.apache.ratis.thirdparty.io.grpc.StatusRuntimeException: CANCELLED: client cancelled
2024-04-28 12:45:39,440 [grpc-default-executor-4] WARN  server.GrpcLogAppender (LogUtils.java:warn(121)) - a004c341-03e6-4aa5-a556-61598c35a019@group-95D7CE87CC4E->09d2ac22-859d-47ff-b3c3-58a3590cb163-AppendLogResponseHandler: Failed appendEntries: org.apache.ratis.thirdparty.io.grpc.StatusRuntimeException: CANCELLED: RST_STREAM closed stream. HTTP/2 error code: CANCEL
2024-04-28 12:45:39,440 [grpc-default-executor-4] WARN  server.GrpcLogAppender (GrpcLogAppender.java:lambda$resetClient$1(217)) - a004c341-03e6-4aa5-a556-61598c35a019@group-95D7CE87CC4E->09d2ac22-859d-47ff-b3c3-58a3590cb163-GrpcLogAppender: Follower failed (request=null, errorCount=1); keep nextIndex (3) unchanged and retry.
2024-04-28 12:45:39,441 [main] INFO  server.GrpcService (GrpcService.java:closeImpl(320)) - 09d2ac22-859d-47ff-b3c3-58a3590cb163: shutdown server GrpcServerProtocolService successfully
2024-04-28 12:45:39,441 [main] INFO  server.GrpcService (GrpcService.java:closeImpl(311)) - 09d2ac22-859d-47ff-b3c3-58a3590cb163: shutdown server org.apache.ratis.grpc.server.GrpcAdminProtocolService now
2024-04-28 12:45:39,441 [main] INFO  server.GrpcService (GrpcService.java:closeImpl(320)) - 09d2ac22-859d-47ff-b3c3-58a3590cb163: shutdown server org.apache.ratis.grpc.server.GrpcAdminProtocolService successfully
2024-04-28 12:45:39,443 [09d2ac22-859d-47ff-b3c3-58a3590cb163-NettyServerStreamRpc-bossGroup--thread1] INFO  logging.LoggingHandler (AbstractInternalLogger.java:log(148)) - [id: 0xb3075764, L:/0.0.0.0:15371] CLOSE
2024-04-28 12:45:39,444 [09d2ac22-859d-47ff-b3c3-58a3590cb163-NettyServerStreamRpc-bossGroup--thread1] INFO  logging.LoggingHandler (AbstractInternalLogger.java:log(148)) - [id: 0xb3075764, L:/0.0.0.0:15371] INACTIVE
2024-04-28 12:45:39,444 [09d2ac22-859d-47ff-b3c3-58a3590cb163-NettyServerStreamRpc-bossGroup--thread1] INFO  logging.LoggingHandler (AbstractInternalLogger.java:log(148)) - [id: 0xb3075764, L:/0.0.0.0:15371] UNREGISTERED
2024-04-28 12:45:40,117 [09d2ac22-859d-47ff-b3c3-58a3590cb163-impl-thread2] INFO  segmented.SegmentedRaftLogWorker (SegmentedRaftLogWorker.java:close(245)) - 09d2ac22-859d-47ff-b3c3-58a3590cb163@group-4114A5ED2105-SegmentedRaftLogWorker close()
2024-04-28 12:45:40,423 [09d2ac22-859d-47ff-b3c3-58a3590cb163-impl-thread1] INFO  segmented.SegmentedRaftLogWorker (SegmentedRaftLogWorker.java:close(245)) - 09d2ac22-859d-47ff-b3c3-58a3590cb163@group-95D7CE87CC4E-SegmentedRaftLogWorker close()
2024-04-28 12:45:40,423 [JvmPauseMonitor46] INFO  util.JvmPauseMonitor (JvmPauseMonitor.java:run(152)) - JvmPauseMonitor-09d2ac22-859d-47ff-b3c3-58a3590cb163: Stopped
2024-04-28 12:45:41,452 [timer0] WARN  server.GrpcLogAppender (GrpcLogAppender.java:lambda$resetClient$1(217)) - a004c341-03e6-4aa5-a556-61598c35a019@group-95D7CE87CC4E->81492a0b-8554-4d1c-9efe-d356d82cfcc4-GrpcLogAppender: Follower failed (request=null, errorCount=8); keep nextIndex (3) unchanged and retry. (Repeated 8 times in the last 5.000s)
2024-04-28 12:45:41,452 [timer7] WARN  server.GrpcLogAppender (LogUtils.java:warn(121)) - a004c341-03e6-4aa5-a556-61598c35a019@group-95D7CE87CC4E->81492a0b-8554-4d1c-9efe-d356d82cfcc4-AppendLogResponseHandler: Failed appendEntries (Repeated 8 times in the last 5.001s): org.apache.ratis.thirdparty.io.grpc.StatusRuntimeException: UNAVAILABLE: io exception
2024-04-28 12:45:42,425 [main] INFO  utils.DatanodeStoreCache (DatanodeStoreCache.java:shutdownCache(116)) - Skip clearing cache in mini cluster mode. Entries left: [/home/runner/work/ozone/ozone/hadoop-ozone/integration-test/target/test-dir/MiniOzoneClusterImpl-4444f751-856d-4595-ad15-e87fc76049bc/ozone-meta/datanode-1/data-0/hdds/4444f751-856d-4595-ad15-e87fc76049bc/DS-faffeb6b-865d-4ccf-865a-fa6ff6b28176/container.db, /home/runner/work/ozone/ozone/hadoop-ozone/integration-test/target/test-dir/MiniOzoneClusterImpl-4444f751-856d-4595-ad15-e87fc76049bc/ozone-meta/datanode-2/data-0/hdds/4444f751-856d-4595-ad15-e87fc76049bc/DS-45c80d85-1712-49b0-95d4-e488d6ec3d03/container.db, /home/runner/work/ozone/ozone/hadoop-ozone/integration-test/target/test-dir/MiniOzoneClusterImpl-4444f751-856d-4595-ad15-e87fc76049bc/ozone-meta/datanode-4/data-0/hdds/4444f751-856d-4595-ad15-e87fc76049bc/DS-42cab9f4-8c81-4ae6-a47c-0b886da97ee4/container.db, /home/runner/work/ozone/ozone/hadoop-ozone/integration-test/target/test-dir/MiniOzoneClusterImpl-4444f751-856d-4595-ad15-e87fc76049bc/ozone-meta/datanode-5/data-0/hdds/4444f751-856d-4595-ad15-e87fc76049bc/DS-763e1850-1479-4595-8d95-8adaa48a2d65/container.db, /home/runner/work/ozone/ozone/hadoop-ozone/integration-test/target/test-dir/MiniOzoneClusterImpl-4444f751-856d-4595-ad15-e87fc76049bc/ozone-meta/datanode-6/data-0/hdds/4444f751-856d-4595-ad15-e87fc76049bc/DS-962918f5-885f-4e9d-96ea-cdcee6a10657/container.db, /home/runner/work/ozone/ozone/hadoop-ozone/integration-test/target/test-dir/MiniOzoneClusterImpl-4444f751-856d-4595-ad15-e87fc76049bc/ozone-meta/datanode-7/data-0/hdds/4444f751-856d-4595-ad15-e87fc76049bc/DS-6c614259-3da6-498b-b4d8-5bb63d455e9b/container.db, /home/runner/work/ozone/ozone/hadoop-ozone/integration-test/target/test-dir/MiniOzoneClusterImpl-4444f751-856d-4595-ad15-e87fc76049bc/ozone-meta/datanode-8/data-0/hdds/4444f751-856d-4595-ad15-e87fc76049bc/DS-bd58df47-5ee0-4016-acac-bc16bc87f077/container.db, /home/runner/work/ozone/ozone/hadoop-ozone/integration-test/target/test-dir/MiniOzoneClusterImpl-4444f751-856d-4595-ad15-e87fc76049bc/ozone-meta/datanode-9/data-0/hdds/4444f751-856d-4595-ad15-e87fc76049bc/DS-67afbe17-e799-4608-af11-e15ca9da8d66/container.db]
2024-04-28 12:45:42,426 [main] INFO  utils.DatanodeStoreCache (DatanodeStoreCache.java:removeDB(110)) - Removed db /home/runner/work/ozone/ozone/hadoop-ozone/integration-test/target/test-dir/MiniOzoneClusterImpl-4444f751-856d-4595-ad15-e87fc76049bc/ozone-meta/datanode-1/data-0/hdds/4444f751-856d-4595-ad15-e87fc76049bc/DS-faffeb6b-865d-4ccf-865a-fa6ff6b28176/container.db from cache
2024-04-28 12:45:42,426 [main] INFO  volume.HddsVolume (HddsVolume.java:closeDbStore(470)) - SchemaV3 db is stopped at /home/runner/work/ozone/ozone/hadoop-ozone/integration-test/target/test-dir/MiniOzoneClusterImpl-4444f751-856d-4595-ad15-e87fc76049bc/ozone-meta/datanode-1/data-0/hdds/4444f751-856d-4595-ad15-e87fc76049bc/DS-faffeb6b-865d-4ccf-865a-fa6ff6b28176/container.db for volume DS-faffeb6b-865d-4ccf-865a-fa6ff6b28176
2024-04-28 12:45:42,427 [main] INFO  utils.BackgroundService (BackgroundService.java:shutdown(160)) - Shutting down service BlockDeletingService
2024-04-28 12:45:42,427 [main] INFO  utils.BackgroundService (BackgroundService.java:shutdown(160)) - Shutting down service StaleRecoveringContainerScrubbingService
2024-04-28 12:45:42,427 [main] INFO  statemachine.DatanodeStateMachine (DatanodeStateMachine.java:stopDaemon(638)) - Ozone container server stopped.
2024-04-28 12:45:42,428 [main] INFO  handler.ContextHandler (ContextHandler.java:doStop(1159)) - Stopped o.e.j.w.WebAppContext@4a8df93f{hddsDatanode,/,null,STOPPED}{file:/home/runner/work/ozone/ozone/hadoop-hdds/container-service/target/classes/webapps/hddsDatanode}
2024-04-28 12:45:42,428 [main] INFO  server.AbstractConnector (AbstractConnector.java:doStop(383)) - Stopped ServerConnector@485461b7{HTTP/1.1, (http/1.1)}{0.0.0.0:15365}
2024-04-28 12:45:42,428 [main] INFO  server.session (HouseKeeper.java:stopScavenging(149)) - node0 Stopped scavenging
2024-04-28 12:45:42,428 [main] INFO  handler.ContextHandler (ContextHandler.java:doStop(1159)) - Stopped o.e.j.s.ServletContextHandler@5e3e27af{static,/static,file:///home/runner/work/ozone/ozone/hadoop-hdds/container-service/target/classes/webapps/static,STOPPED}
2024-04-28 12:45:42,428 [main] INFO  handler.ContextHandler (ContextHandler.java:doStop(1159)) - Stopped o.e.j.s.ServletContextHandler@23720740{logs,/logs,file:///home/runner/work/ozone/ozone/hadoop-ozone/integration-test/target/log,STOPPED}
2024-04-28 12:45:42,429 [main] INFO  ozone.HddsDatanodeClientProtocolServer (HddsDatanodeClientProtocolServer.java:stop(83)) - Stopping the RPC server for Client Protocol
2024-04-28 12:45:42,430 [main] INFO  ipc.Server (Server.java:stop(3523)) - Stopping server on 15366
2024-04-28 12:45:42,430 [IPC Server listener on 15366] INFO  ipc.Server (Server.java:run(1434)) - Stopping IPC Server listener on 15366
2024-04-28 12:45:42,430 [IPC Server Responder] INFO  ipc.Server (Server.java:run(1567)) - Stopping IPC Server Responder
2024-04-28 12:45:42,431 [main] INFO  pipeline.PipelineManagerImpl (PipelineManagerImpl.java:closeContainersForPipeline(484)) - Container #1 closed for pipeline=PipelineID=e6266c66-032f-47d0-be92-95d7ce87cc4e
2024-04-28 12:45:42,431 [EventQueue-CloseContainerForCloseContainerEventHandler] INFO  container.CloseContainerEventHandler (CloseContainerEventHandler.java:onMessage(88)) - Close container Event triggered for container : #1, current state: CLOSING
2024-04-28 12:45:42,432 [main] INFO  pipeline.PipelineManagerImpl (PipelineManagerImpl.java:closePipeline(518)) - Pipeline PipelineID=e6266c66-032f-47d0-be92-95d7ce87cc4e moved to CLOSED state
2024-04-28 12:45:42,680 [grpc-default-executor-3] WARN  server.GrpcLogAppender (LogUtils.java:warn(121)) - a004c341-03e6-4aa5-a556-61598c35a019@group-95D7CE87CC4E->81492a0b-8554-4d1c-9efe-d356d82cfcc4-AppendLogResponseHandler: Failed appendEntries: org.apache.ratis.thirdparty.io.grpc.StatusRuntimeException: UNAVAILABLE: io exception
2024-04-28 12:45:42,680 [grpc-default-executor-2] WARN  server.GrpcLogAppender (GrpcLogAppender.java:lambda$resetClient$1(217)) - a004c341-03e6-4aa5-a556-61598c35a019@group-95D7CE87CC4E->81492a0b-8554-4d1c-9efe-d356d82cfcc4-GrpcLogAppender: Follower failed (request=null, errorCount=9); keep nextIndex (3) unchanged and retry.
2024-04-28 12:45:44,440 [timer0] WARN  server.GrpcLogAppender (GrpcLogAppender.java:lambda$resetClient$1(217)) - a004c341-03e6-4aa5-a556-61598c35a019@group-95D7CE87CC4E->09d2ac22-859d-47ff-b3c3-58a3590cb163-GrpcLogAppender: Follower failed (request=null, errorCount=8); keep nextIndex (3) unchanged and retry. (Repeated 8 times in the last 5.000s)
2024-04-28 12:45:44,441 [timer7] WARN  server.GrpcLogAppender (LogUtils.java:warn(121)) - a004c341-03e6-4aa5-a556-61598c35a019@group-95D7CE87CC4E->09d2ac22-859d-47ff-b3c3-58a3590cb163-AppendLogResponseHandler: Failed appendEntries (Repeated 8 times in the last 5.001s): org.apache.ratis.thirdparty.io.grpc.StatusRuntimeException: UNAVAILABLE: io exception
2024-04-28 12:45:45,180 [grpc-default-executor-2] WARN  server.GrpcLogAppender (LogUtils.java:warn(121)) - a004c341-03e6-4aa5-a556-61598c35a019@group-95D7CE87CC4E->09d2ac22-859d-47ff-b3c3-58a3590cb163-AppendLogResponseHandler: Failed appendEntries: org.apache.ratis.thirdparty.io.grpc.StatusRuntimeException: UNAVAILABLE: io exception
2024-04-28 12:45:45,181 [grpc-default-executor-3] WARN  server.GrpcLogAppender (GrpcLogAppender.java:lambda$resetClient$1(217)) - a004c341-03e6-4aa5-a556-61598c35a019@group-95D7CE87CC4E->09d2ac22-859d-47ff-b3c3-58a3590cb163-GrpcLogAppender: Follower failed (request=null, errorCount=9); keep nextIndex (3) unchanged and retry.
2024-04-28 12:45:45,782 [null-request--thread1] INFO  server.GrpcClientProtocolService (GrpcClientProtocolService.java:lambda$processClientRequest$0(284)) - Failed RaftClientRequest:client-CC09737D8326->a004c341-03e6-4aa5-a556-61598c35a019@group-95D7CE87CC4E, cid=76, seq=null, Watch-ALL_COMMITTED(42), Message:<EMPTY>, reply=RaftClientReply:client-CC09737D8326->a004c341-03e6-4aa5-a556-61598c35a019@group-95D7CE87CC4E, cid=76, FAILED org.apache.ratis.protocol.exceptions.NotReplicatedException: Request with call Id 76 and log index 42 is not yet replicated to ALL_COMMITTED, logIndex=42, commits[a004c341-03e6-4aa5-a556-61598c35a019:c2, 81492a0b-8554-4d1c-9efe-d356d82cfcc4:c1, 09d2ac22-859d-47ff-b3c3-58a3590cb163:c2]
2024-04-28 12:45:45,783 [main] WARN  scm.XceiverClientRatis (XceiverClientRatis.java:watchForCommit(284)) - 3 way commit failed on pipeline Pipeline[ Id: e6266c66-032f-47d0-be92-95d7ce87cc4e, Nodes: 81492a0b-8554-4d1c-9efe-d356d82cfcc4(localhost/127.0.0.1)09d2ac22-859d-47ff-b3c3-58a3590cb163(localhost/127.0.0.1)a004c341-03e6-4aa5-a556-61598c35a019(localhost/127.0.0.1), ReplicationConfig: RATIS/THREE, State:OPEN, leaderId:a004c341-03e6-4aa5-a556-61598c35a019, CreationTimestamp2024-04-28T12:45:28.049Z[Etc/UTC]]
java.util.concurrent.ExecutionException: org.apache.ratis.protocol.exceptions.NotReplicatedException: Request with call Id 76 and log index 42 is not yet replicated to ALL_COMMITTED
	at java.base/java.util.concurrent.CompletableFuture.reportGet(CompletableFuture.java:396)
	at java.base/java.util.concurrent.CompletableFuture.get(CompletableFuture.java:2073)
	at org.apache.hadoop.hdds.scm.XceiverClientRatis.watchForCommit(XceiverClientRatis.java:279)
	at org.apache.hadoop.ozone.client.rpc.TestWatchForCommit.lambda$testWatchForCommitForRetryfailure$0(TestWatchForCommit.java:286)
	at org.junit.jupiter.api.AssertThrows.assertThrows(AssertThrows.java:53)
	at org.junit.jupiter.api.AssertThrows.assertThrows(AssertThrows.java:35)
	at org.junit.jupiter.api.Assertions.assertThrows(Assertions.java:3115)
	at org.apache.hadoop.ozone.client.rpc.TestWatchForCommit.testWatchForCommitForRetryfailure(TestWatchForCommit.java:285)
	at java.base/jdk.internal.reflect.NativeMethodAccessorImpl.invoke0(Native Method)
	at java.base/jdk.internal.reflect.NativeMethodAccessorImpl.invoke(NativeMethodAccessorImpl.java:77)
	at java.base/jdk.internal.reflect.DelegatingMethodAccessorImpl.invoke(DelegatingMethodAccessorImpl.java:43)
	at java.base/java.lang.reflect.Method.invoke(Method.java:568)
	at org.junit.platform.commons.util.ReflectionUtils.invokeMethod(ReflectionUtils.java:728)
	at org.junit.jupiter.engine.execution.MethodInvocation.proceed(MethodInvocation.java:60)
	at org.junit.jupiter.engine.execution.InvocationInterceptorChain$ValidatingInvocation.proceed(InvocationInterceptorChain.java:131)
	at org.junit.jupiter.engine.extension.TimeoutExtension.intercept(TimeoutExtension.java:156)
	at org.junit.jupiter.engine.extension.TimeoutExtension.interceptTestableMethod(TimeoutExtension.java:147)
	at org.junit.jupiter.engine.extension.TimeoutExtension.interceptTestMethod(TimeoutExtension.java:86)
	at org.junit.jupiter.engine.execution.InterceptingExecutableInvoker$ReflectiveInterceptorCall.lambda$ofVoidMethod$0(InterceptingExecutableInvoker.java:103)
	at org.junit.jupiter.engine.execution.InterceptingExecutableInvoker.lambda$invoke$0(InterceptingExecutableInvoker.java:93)
	at org.junit.jupiter.engine.execution.InvocationInterceptorChain$InterceptedInvocation.proceed(InvocationInterceptorChain.java:106)
	at org.junit.jupiter.engine.execution.InvocationInterceptorChain.proceed(InvocationInterceptorChain.java:64)
	at org.junit.jupiter.engine.execution.InvocationInterceptorChain.chainAndInvoke(InvocationInterceptorChain.java:45)
	at org.junit.jupiter.engine.execution.InvocationInterceptorChain.invoke(InvocationInterceptorChain.java:37)
	at org.junit.jupiter.engine.execution.InterceptingExecutableInvoker.invoke(InterceptingExecutableInvoker.java:92)
	at org.junit.jupiter.engine.execution.InterceptingExecutableInvoker.invoke(InterceptingExecutableInvoker.java:86)
	at org.junit.jupiter.engine.descriptor.TestMethodTestDescriptor.lambda$invokeTestMethod$7(TestMethodTestDescriptor.java:218)
	at org.junit.platform.engine.support.hierarchical.ThrowableCollector.execute(ThrowableCollector.java:73)
	at org.junit.jupiter.engine.descriptor.TestMethodTestDescriptor.invokeTestMethod(TestMethodTestDescriptor.java:214)
	at org.junit.jupiter.engine.descriptor.TestMethodTestDescriptor.execute(TestMethodTestDescriptor.java:139)
	at org.junit.jupiter.engine.descriptor.TestMethodTestDescriptor.execute(TestMethodTestDescriptor.java:69)
	at org.junit.platform.engine.support.hierarchical.NodeTestTask.lambda$executeRecursively$6(NodeTestTask.java:151)
	at org.junit.platform.engine.support.hierarchical.ThrowableCollector.execute(ThrowableCollector.java:73)
	at org.junit.platform.engine.support.hierarchical.NodeTestTask.lambda$executeRecursively$8(NodeTestTask.java:141)
	at org.junit.platform.engine.support.hierarchical.Node.around(Node.java:137)
	at org.junit.platform.engine.support.hierarchical.NodeTestTask.lambda$executeRecursively$9(NodeTestTask.java:139)
	at org.junit.platform.engine.support.hierarchical.ThrowableCollector.execute(ThrowableCollector.java:73)
	at org.junit.platform.engine.support.hierarchical.NodeTestTask.executeRecursively(NodeTestTask.java:138)
	at org.junit.platform.engine.support.hierarchical.NodeTestTask.execute(NodeTestTask.java:95)
	at java.base/java.util.ArrayList.forEach(ArrayList.java:1511)
	at org.junit.platform.engine.support.hierarchical.SameThreadHierarchicalTestExecutorService.invokeAll(SameThreadHierarchicalTestExecutorService.java:41)
	at org.junit.platform.engine.support.hierarchical.NodeTestTask.lambda$executeRecursively$6(NodeTestTask.java:155)
	at org.junit.platform.engine.support.hierarchical.ThrowableCollector.execute(ThrowableCollector.java:73)
	at org.junit.platform.engine.support.hierarchical.NodeTestTask.lambda$executeRecursively$8(NodeTestTask.java:141)
	at org.junit.platform.engine.support.hierarchical.Node.around(Node.java:137)
	at org.junit.platform.engine.support.hierarchical.NodeTestTask.lambda$executeRecursively$9(NodeTestTask.java:139)
	at org.junit.platform.engine.support.hierarchical.ThrowableCollector.execute(ThrowableCollector.java:73)
	at org.junit.platform.engine.support.hierarchical.NodeTestTask.executeRecursively(NodeTestTask.java:138)
	at org.junit.platform.engine.support.hierarchical.NodeTestTask.execute(NodeTestTask.java:95)
	at java.base/java.util.ArrayList.forEach(ArrayList.java:1511)
	at org.junit.platform.engine.support.hierarchical.SameThreadHierarchicalTestExecutorService.invokeAll(SameThreadHierarchicalTestExecutorService.java:41)
	at org.junit.platform.engine.support.hierarchical.NodeTestTask.lambda$executeRecursively$6(NodeTestTask.java:155)
	at org.junit.platform.engine.support.hierarchical.ThrowableCollector.execute(ThrowableCollector.java:73)
	at org.junit.platform.engine.support.hierarchical.NodeTestTask.lambda$executeRecursively$8(NodeTestTask.java:141)
	at org.junit.platform.engine.support.hierarchical.Node.around(Node.java:137)
	at org.junit.platform.engine.support.hierarchical.NodeTestTask.lambda$executeRecursively$9(NodeTestTask.java:139)
	at org.junit.platform.engine.support.hierarchical.ThrowableCollector.execute(ThrowableCollector.java:73)
	at org.junit.platform.engine.support.hierarchical.NodeTestTask.executeRecursively(NodeTestTask.java:138)
	at org.junit.platform.engine.support.hierarchical.NodeTestTask.execute(NodeTestTask.java:95)
	at org.junit.platform.engine.support.hierarchical.SameThreadHierarchicalTestExecutorService.submit(SameThreadHierarchicalTestExecutorService.java:35)
	at org.junit.platform.engine.support.hierarchical.HierarchicalTestExecutor.execute(HierarchicalTestExecutor.java:57)
	at org.junit.platform.engine.support.hierarchical.HierarchicalTestEngine.execute(HierarchicalTestEngine.java:54)
	at org.junit.platform.launcher.core.EngineExecutionOrchestrator.execute(EngineExecutionOrchestrator.java:198)
	at org.junit.platform.launcher.core.EngineExecutionOrchestrator.execute(EngineExecutionOrchestrator.java:169)
	at org.junit.platform.launcher.core.EngineExecutionOrchestrator.execute(EngineExecutionOrchestrator.java:93)
	at org.junit.platform.launcher.core.EngineExecutionOrchestrator.lambda$execute$0(EngineExecutionOrchestrator.java:58)
	at org.junit.platform.launcher.core.EngineExecutionOrchestrator.withInterceptedStreams(EngineExecutionOrchestrator.java:141)
	at org.junit.platform.launcher.core.EngineExecutionOrchestrator.execute(EngineExecutionOrchestrator.java:57)
	at org.junit.platform.launcher.core.DefaultLauncher.execute(DefaultLauncher.java:103)
	at org.junit.platform.launcher.core.DefaultLauncher.execute(DefaultLauncher.java:85)
	at org.junit.platform.launcher.core.DelegatingLauncher.execute(DelegatingLauncher.java:47)
	at org.junit.platform.launcher.core.SessionPerRequestLauncher.execute(SessionPerRequestLauncher.java:63)
	at org.apache.maven.surefire.junitplatform.JUnitPlatformProvider.invokeAllTests(JUnitPlatformProvider.java:165)
	at org.apache.maven.surefire.junitplatform.JUnitPlatformProvider.invoke(JUnitPlatformProvider.java:123)
	at org.apache.maven.surefire.booter.ForkedBooter.runSuitesInProcess(ForkedBooter.java:377)
	at org.apache.maven.surefire.booter.ForkedBooter.execute(ForkedBooter.java:138)
	at org.apache.maven.surefire.booter.ForkedBooter.run(ForkedBooter.java:465)
	at org.apache.maven.surefire.booter.ForkedBooter.main(ForkedBooter.java:451)
Caused by: org.apache.ratis.protocol.exceptions.NotReplicatedException: Request with call Id 76 and log index 42 is not yet replicated to ALL_COMMITTED
	at org.apache.ratis.client.impl.ClientProtoUtils.toRaftClientReply(ClientProtoUtils.java:400)
	at org.apache.ratis.grpc.client.GrpcClientProtocolClient$AsyncStreamObservers$1.onNext(GrpcClientProtocolClient.java:310)
	at org.apache.ratis.grpc.client.GrpcClientProtocolClient$AsyncStreamObservers$1.onNext(GrpcClientProtocolClient.java:305)
	at org.apache.ratis.thirdparty.io.grpc.stub.ClientCalls$StreamObserverToCallListenerAdapter.onMessage(ClientCalls.java:468)
	at org.apache.ratis.thirdparty.io.grpc.ForwardingClientCallListener.onMessage(ForwardingClientCallListener.java:33)
	at org.apache.ratis.thirdparty.io.grpc.internal.ClientCallImpl$ClientStreamListenerImpl$1MessagesAvailable.runInternal(ClientCallImpl.java:660)
	at org.apache.ratis.thirdparty.io.grpc.internal.ClientCallImpl$ClientStreamListenerImpl$1MessagesAvailable.runInContext(ClientCallImpl.java:647)
	at org.apache.ratis.thirdparty.io.grpc.internal.ContextRunnable.run(ContextRunnable.java:37)
	at org.apache.ratis.thirdparty.io.grpc.internal.SerializingExecutor.run(SerializingExecutor.java:133)
	at java.base/java.util.concurrent.ThreadPoolExecutor.runWorker(ThreadPoolExecutor.java:1136)
	at java.base/java.util.concurrent.ThreadPoolExecutor$Worker.run(ThreadPoolExecutor.java:635)
	at java.base/java.lang.Thread.run(Thread.java:840)
2024-04-28 12:45:46,442 [grpc-default-executor-2] WARN  server.GrpcLogAppender (GrpcLogAppender.java:lambda$resetClient$1(217)) - a004c341-03e6-4aa5-a556-61598c35a019@group-95D7CE87CC4E->81492a0b-8554-4d1c-9efe-d356d82cfcc4-GrpcLogAppender: Follower failed (request=null, errorCount=15); keep nextIndex (4) unchanged and retry.
2024-04-28 12:45:46,443 [grpc-default-executor-3] WARN  server.GrpcLogAppender (GrpcLogAppender.java:lambda$resetClient$1(217)) - a004c341-03e6-4aa5-a556-61598c35a019@group-95D7CE87CC4E->09d2ac22-859d-47ff-b3c3-58a3590cb163-GrpcLogAppender: Follower failed (request=null, errorCount=13); keep nextIndex (4) unchanged and retry.
2024-04-28 12:45:47,680 [timer7] WARN  server.GrpcLogAppender (GrpcLogAppender.java:lambda$resetClient$1(217)) - a004c341-03e6-4aa5-a556-61598c35a019@group-95D7CE87CC4E->81492a0b-8554-4d1c-9efe-d356d82cfcc4-GrpcLogAppender: Follower failed (request=null, errorCount=14); keep nextIndex (3) unchanged and retry. (Repeated 6 times in the last 5.000s)
2024-04-28 12:45:47,681 [timer6] WARN  server.GrpcLogAppender (LogUtils.java:warn(121)) - a004c341-03e6-4aa5-a556-61598c35a019@group-95D7CE87CC4E->81492a0b-8554-4d1c-9efe-d356d82cfcc4-AppendLogResponseHandler: Failed appendEntries (Repeated 8 times in the last 5.001s): org.apache.ratis.thirdparty.io.grpc.StatusRuntimeException: UNAVAILABLE: io exception
2024-04-28 12:45:48,664 [grpc-default-executor-3] WARN  server.GrpcLogAppender (LogUtils.java:warn(121)) - a004c341-03e6-4aa5-a556-61598c35a019@group-95D7CE87CC4E->81492a0b-8554-4d1c-9efe-d356d82cfcc4-AppendLogResponseHandler: Failed appendEntries: org.apache.ratis.thirdparty.io.grpc.StatusRuntimeException: UNAVAILABLE: io exception
2024-04-28 12:45:49,337 [BackgroundPipelineScrubber] INFO  pipeline.PipelineManagerImpl (PipelineManagerImpl.java:scrubPipelines(610)) - Scrubbing pipeline: id: PipelineID=e6266c66-032f-47d0-be92-95d7ce87cc4e since it stays at CLOSED stage.
2024-04-28 12:45:49,337 [BackgroundPipelineScrubber] INFO  pipeline.RatisPipelineProvider (RatisPipelineProvider.java:lambda$close$4(270)) - Send pipeline:PipelineID=e6266c66-032f-47d0-be92-95d7ce87cc4e close command to datanode 81492a0b-8554-4d1c-9efe-d356d82cfcc4
2024-04-28 12:45:49,337 [BackgroundPipelineScrubber] INFO  pipeline.RatisPipelineProvider (RatisPipelineProvider.java:lambda$close$4(270)) - Send pipeline:PipelineID=e6266c66-032f-47d0-be92-95d7ce87cc4e close command to datanode 09d2ac22-859d-47ff-b3c3-58a3590cb163
2024-04-28 12:45:49,337 [BackgroundPipelineScrubber] INFO  pipeline.RatisPipelineProvider (RatisPipelineProvider.java:lambda$close$4(270)) - Send pipeline:PipelineID=e6266c66-032f-47d0-be92-95d7ce87cc4e close command to datanode a004c341-03e6-4aa5-a556-61598c35a019
2024-04-28 12:45:49,337 [BackgroundPipelineScrubber] INFO  pipeline.PipelineManagerImpl (PipelineManagerImpl.java:removePipeline(459)) - Pipeline Pipeline[ Id: e6266c66-032f-47d0-be92-95d7ce87cc4e, Nodes: 81492a0b-8554-4d1c-9efe-d356d82cfcc4(localhost/127.0.0.1)09d2ac22-859d-47ff-b3c3-58a3590cb163(localhost/127.0.0.1)a004c341-03e6-4aa5-a556-61598c35a019(localhost/127.0.0.1), ReplicationConfig: RATIS/THREE, State:CLOSED, leaderId:a004c341-03e6-4aa5-a556-61598c35a019, CreationTimestamp2024-04-28T12:45:28.049Z[Etc/UTC]] removed.
2024-04-28 12:45:49,441 [a004c341-03e6-4aa5-a556-61598c35a019-PipelineCommandHandlerThread-0] INFO  server.RaftServer (RaftServerProxy.java:remove(111)) - a004c341-03e6-4aa5-a556-61598c35a019: remove    LEADER a004c341-03e6-4aa5-a556-61598c35a019@group-95D7CE87CC4E:t1, leader=a004c341-03e6-4aa5-a556-61598c35a019, voted=a004c341-03e6-4aa5-a556-61598c35a019, raftlog=Memoized:a004c341-03e6-4aa5-a556-61598c35a019@group-95D7CE87CC4E-SegmentedRaftLog:OPENED:c2, conf=0: peers:[81492a0b-8554-4d1c-9efe-d356d82cfcc4|127.0.0.1:15388, a004c341-03e6-4aa5-a556-61598c35a019|127.0.0.1:15379, 09d2ac22-859d-47ff-b3c3-58a3590cb163|127.0.0.1:15370]|listeners:[], old=null RUNNING
2024-04-28 12:45:49,441 [a004c341-03e6-4aa5-a556-61598c35a019-PipelineCommandHandlerThread-0] INFO  server.RaftServer$Division (RaftServerImpl.java:lambda$close$3(526)) - a004c341-03e6-4aa5-a556-61598c35a019@group-95D7CE87CC4E: shutdown
2024-04-28 12:45:49,441 [a004c341-03e6-4aa5-a556-61598c35a019-PipelineCommandHandlerThread-0] INFO  util.JmxRegister (JmxRegister.java:unregister(73)) - Successfully un-registered JMX Bean with object name Ratis:service=RaftServer,group=group-95D7CE87CC4E,id=a004c341-03e6-4aa5-a556-61598c35a019
2024-04-28 12:45:49,441 [a004c341-03e6-4aa5-a556-61598c35a019-PipelineCommandHandlerThread-0] INFO  impl.RoleInfo (RoleInfo.java:shutdownLeaderState(94)) - a004c341-03e6-4aa5-a556-61598c35a019: shutdown a004c341-03e6-4aa5-a556-61598c35a019@group-95D7CE87CC4E-LeaderStateImpl
2024-04-28 12:45:49,441 [a004c341-03e6-4aa5-a556-61598c35a019@group-95D7CE87CC4E->81492a0b-8554-4d1c-9efe-d356d82cfcc4-GrpcLogAppender-LogAppenderDaemon] WARN  server.GrpcLogAppender (GrpcLogAppender.java:mayWait(289)) - a004c341-03e6-4aa5-a556-61598c35a019@group-95D7CE87CC4E->81492a0b-8554-4d1c-9efe-d356d82cfcc4-GrpcLogAppender: Wait interrupted by java.lang.InterruptedException
2024-04-28 12:45:49,441 [a004c341-03e6-4aa5-a556-61598c35a019-PipelineCommandHandlerThread-0] INFO  impl.PendingRequests (PendingRequests.java:sendNotLeaderResponses(289)) - a004c341-03e6-4aa5-a556-61598c35a019@group-95D7CE87CC4E-PendingRequests: sendNotLeaderResponses
2024-04-28 12:45:49,441 [a004c341-03e6-4aa5-a556-61598c35a019@group-95D7CE87CC4E->09d2ac22-859d-47ff-b3c3-58a3590cb163-GrpcLogAppender-LogAppenderDaemon] WARN  server.GrpcLogAppender (GrpcLogAppender.java:mayWait(289)) - a004c341-03e6-4aa5-a556-61598c35a019@group-95D7CE87CC4E->09d2ac22-859d-47ff-b3c3-58a3590cb163-GrpcLogAppender: Wait interrupted by java.lang.InterruptedException
2024-04-28 12:45:49,442 [null-request--thread1] INFO  server.GrpcClientProtocolService (GrpcClientProtocolService.java:lambda$processClientRequest$0(284)) - Failed RaftClientRequest:client-CC09737D8326->a004c341-03e6-4aa5-a556-61598c35a019@group-95D7CE87CC4E, cid=77, seq=null, Watch-MAJORITY_COMMITTED(42), Message:<EMPTY>, reply=RaftClientReply:client-CC09737D8326->a004c341-03e6-4aa5-a556-61598c35a019@group-95D7CE87CC4E, cid=77, FAILED org.apache.ratis.protocol.exceptions.NotLeaderException: Server a004c341-03e6-4aa5-a556-61598c35a019@group-95D7CE87CC4E is not the leader, logIndex=0, commits[a004c341-03e6-4aa5-a556-61598c35a019:c2]
2024-04-28 12:45:49,442 [a004c341-03e6-4aa5-a556-61598c35a019-PipelineCommandHandlerThread-0] INFO  impl.StateMachineUpdater (StateMachineUpdater.java:stopAndJoin(157)) - a004c341-03e6-4aa5-a556-61598c35a019@group-95D7CE87CC4E-StateMachineUpdater: set stopIndex = 2
2024-04-28 12:45:49,442 [a004c341-03e6-4aa5-a556-61598c35a019@group-95D7CE87CC4E-StateMachineUpdater] INFO  ratis.ContainerStateMachine (ContainerStateMachine.java:takeSnapshot(355)) - group-95D7CE87CC4E: Taking a snapshot at:(t:1, i:2) file /home/runner/work/ozone/ozone/hadoop-ozone/integration-test/target/test-dir/MiniOzoneClusterImpl-4444f751-856d-4595-ad15-e87fc76049bc/ozone-meta/datanode-2/ratis/e6266c66-032f-47d0-be92-95d7ce87cc4e/sm/snapshot.1_2
2024-04-28 12:45:49,442 [a004c341-03e6-4aa5-a556-61598c35a019-CloseContainerThread-0] INFO  commandhandler.CloseContainerCommandHandler (CloseContainerCommandHandler.java:lambda$handle$0(154)) - Follower cannot close container #1.
2024-04-28 12:45:49,443 [a004c341-03e6-4aa5-a556-61598c35a019@group-95D7CE87CC4E-StateMachineUpdater] INFO  ratis.ContainerStateMachine (ContainerStateMachine.java:takeSnapshot(366)) - group-95D7CE87CC4E: Finished taking a snapshot at:(t:1, i:2) file:/home/runner/work/ozone/ozone/hadoop-ozone/integration-test/target/test-dir/MiniOzoneClusterImpl-4444f751-856d-4595-ad15-e87fc76049bc/ozone-meta/datanode-2/ratis/e6266c66-032f-47d0-be92-95d7ce87cc4e/sm/snapshot.1_2 took: 1 ms
2024-04-28 12:45:49,443 [a004c341-03e6-4aa5-a556-61598c35a019@group-95D7CE87CC4E-StateMachineUpdater] INFO  impl.StateMachineUpdater (StateMachineUpdater.java:takeSnapshot(295)) - a004c341-03e6-4aa5-a556-61598c35a019@group-95D7CE87CC4E-StateMachineUpdater: Took a snapshot at index 2
2024-04-28 12:45:49,443 [a004c341-03e6-4aa5-a556-61598c35a019@group-95D7CE87CC4E-StateMachineUpdater] INFO  impl.StateMachineUpdater (StateMachineUpdater.java:lambda$new$0(98)) - a004c341-03e6-4aa5-a556-61598c35a019@group-95D7CE87CC4E-StateMachineUpdater: snapshotIndex: updateIncreasingly -1 -> 2
2024-04-28 12:45:49,450 [a004c341-03e6-4aa5-a556-61598c35a019-PipelineCommandHandlerThread-0] INFO  server.RaftServer$Division (ServerState.java:close(427)) - a004c341-03e6-4aa5-a556-61598c35a019@group-95D7CE87CC4E: applyIndex: 2
2024-04-28 12:45:49,450 [a004c341-03e6-4aa5-a556-61598c35a019@group-95D7CE87CC4E-cacheEviction-AwaitToRun] INFO  util.AwaitToRun (AwaitToRun.java:run(49)) - a004c341-03e6-4aa5-a556-61598c35a019@group-95D7CE87CC4E-cacheEviction-AwaitToRun-AwaitForSignal is interrupted
2024-04-28 12:45:50,181 [timer6] WARN  server.GrpcLogAppender (LogUtils.java:warn(121)) - a004c341-03e6-4aa5-a556-61598c35a019@group-95D7CE87CC4E->09d2ac22-859d-47ff-b3c3-58a3590cb163-AppendLogResponseHandler: Failed appendEntries (Repeated 8 times in the last 5.000s): org.apache.ratis.thirdparty.io.grpc.StatusRuntimeException: UNAVAILABLE: io exception
2024-04-28 12:45:50,181 [timer7] WARN  server.GrpcLogAppender (GrpcLogAppender.java:lambda$resetClient$1(217)) - a004c341-03e6-4aa5-a556-61598c35a019@group-95D7CE87CC4E->09d2ac22-859d-47ff-b3c3-58a3590cb163-GrpcLogAppender: Follower failed (request=null, errorCount=12); keep nextIndex (3) unchanged and retry. (Repeated 4 times in the last 5.000s)
2024-04-28 12:45:50,443 [a004c341-03e6-4aa5-a556-61598c35a019-PipelineCommandHandlerThread-0] INFO  segmented.SegmentedRaftLogWorker (SegmentedRaftLogWorker.java:close(245)) - a004c341-03e6-4aa5-a556-61598c35a019@group-95D7CE87CC4E-SegmentedRaftLogWorker close()
2024-04-28 12:45:50,443 [a004c341-03e6-4aa5-a556-61598c35a019-PipelineCommandHandlerThread-0] INFO  keyvalue.KeyValueContainer (KeyValueContainer.java:flushAndSyncDB(522)) - Container 1 is synced with bcsId 0.
2024-04-28 12:45:50,444 [a004c341-03e6-4aa5-a556-61598c35a019-PipelineCommandHandlerThread-0] INFO  keyvalue.KeyValueContainer (KeyValueContainer.java:flushAndSyncDB(522)) - Container 1 is synced with bcsId 0.
2024-04-28 12:45:50,445 [a004c341-03e6-4aa5-a556-61598c35a019-PipelineCommandHandlerThread-0] INFO  server.RaftServer$Division (RaftServerImpl.java:groupRemove(496)) - a004c341-03e6-4aa5-a556-61598c35a019@group-95D7CE87CC4E: Succeed to remove RaftStorageDirectory Storage Directory /home/runner/work/ozone/ozone/hadoop-ozone/integration-test/target/test-dir/MiniOzoneClusterImpl-4444f751-856d-4595-ad15-e87fc76049bc/ozone-meta/datanode-2/ratis/e6266c66-032f-47d0-be92-95d7ce87cc4e
2024-04-28 12:45:50,446 [a004c341-03e6-4aa5-a556-61598c35a019-PipelineCommandHandlerThread-0] ERROR commandhandler.ClosePipelineCommandHandler (ClosePipelineCommandHandler.java:lambda$handle$2(137)) - Can't close pipeline PipelineID=e6266c66-032f-47d0-be92-95d7ce87cc4e
org.apache.ratis.protocol.exceptions.GroupMismatchException: a004c341-03e6-4aa5-a556-61598c35a019: group-95D7CE87CC4E not found.
	at org.apache.ratis.server.impl.RaftServerProxy$ImplMap.get(RaftServerProxy.java:154)
	at org.apache.ratis.server.impl.RaftServerProxy.getImplFuture(RaftServerProxy.java:364)
	at org.apache.ratis.server.impl.RaftServerProxy.getImpl(RaftServerProxy.java:373)
	at org.apache.ratis.server.impl.RaftServerProxy.getDivision(RaftServerProxy.java:386)
	at org.apache.hadoop.ozone.container.common.transport.server.ratis.XceiverServerRatis.getRaftPeersInPipeline(XceiverServerRatis.java:951)
	at org.apache.hadoop.ozone.container.common.statemachine.commandhandler.ClosePipelineCommandHandler.lambda$handle$2(ClosePipelineCommandHandler.java:114)
	at java.base/java.util.concurrent.CompletableFuture$AsyncRun.run(CompletableFuture.java:1804)
	at java.base/java.util.concurrent.ThreadPoolExecutor.runWorker(ThreadPoolExecutor.java:1136)
	at java.base/java.util.concurrent.ThreadPoolExecutor$Worker.run(ThreadPoolExecutor.java:635)
	at java.base/java.lang.Thread.run(Thread.java:840)
2024-04-28 12:45:50,446 [FixedThreadPoolWithAffinityExecutor-0-0] INFO  container.IncrementalContainerReportHandler (AbstractContainerReportHandler.java:updateContainerState(287)) - Moving container #1 to QUASI_CLOSED state, datanode a004c341-03e6-4aa5-a556-61598c35a019(localhost/127.0.0.1) reported QUASI_CLOSED replica.
2024-04-28 12:45:51,442 [timer3] WARN  server.GrpcLogAppender (GrpcLogAppender.java:lambda$resetClient$1(217)) - a004c341-03e6-4aa5-a556-61598c35a019@group-95D7CE87CC4E->81492a0b-8554-4d1c-9efe-d356d82cfcc4-GrpcLogAppender: Follower failed (request=null, errorCount=18); keep nextIndex (4) unchanged and retry. (Repeated 4 times in the last 5.000s)
2024-04-28 12:45:51,443 [timer5] WARN  server.GrpcLogAppender (GrpcLogAppender.java:lambda$resetClient$1(217)) - a004c341-03e6-4aa5-a556-61598c35a019@group-95D7CE87CC4E->09d2ac22-859d-47ff-b3c3-58a3590cb163-GrpcLogAppender: Follower failed (request=null, errorCount=16); keep nextIndex (4) unchanged and retry. (Repeated 4 times in the last 5.000s)
2024-04-28 12:45:53,664 [timer1] WARN  server.GrpcLogAppender (LogUtils.java:warn(121)) - a004c341-03e6-4aa5-a556-61598c35a019@group-95D7CE87CC4E->81492a0b-8554-4d1c-9efe-d356d82cfcc4-AppendLogResponseHandler: Failed appendEntries (Repeated 2 times in the last 5.000s): org.apache.ratis.thirdparty.io.grpc.StatusRuntimeException: UNAVAILABLE: io exception
2024-04-28 12:46:01,965 [main] INFO  ozone.MiniOzoneClusterImpl (MiniOzoneClusterImpl.java:shutdown(396)) - Shutting down the Mini Ozone Cluster
2024-04-28 12:46:01,965 [main] INFO  db.CodecTestUtil (CodecTestUtil.java:gc(50)) - gc 0
2024-04-28 12:46:02,153 [main] INFO  ozone.MiniOzoneClusterImpl (MiniOzoneClusterImpl.java:stop(412)) - Stopping the Mini Ozone Cluster
2024-04-28 12:46:02,154 [main] INFO  om.OzoneManager (OzoneManager.java:stop(2232)) - om1[localhost:15360]: Stopping Ozone Manager
2024-04-28 12:46:02,154 [main] INFO  ipc.Server (Server.java:stop(3523)) - Stopping server on 15360
2024-04-28 12:46:02,154 [IPC Server Responder] INFO  ipc.Server (Server.java:run(1567)) - Stopping IPC Server Responder
2024-04-28 12:46:02,155 [main] INFO  ratis.OzoneManagerRatisServer (OzoneManagerRatisServer.java:stop(594)) - Stopping org.apache.hadoop.ozone.om.ratis.OzoneManagerRatisServer@4cfa8095 at port 15363
2024-04-28 12:46:02,155 [main] INFO  server.RaftServer (RaftServerProxy.java:lambda$close$9(416)) - om1: close
2024-04-28 12:46:02,155 [main] INFO  server.GrpcService (GrpcService.java:closeImpl(311)) - om1: shutdown server GrpcServerProtocolService now
2024-04-28 12:46:02,155 [om1-impl-thread1] INFO  server.RaftServer$Division (RaftServerImpl.java:lambda$close$3(526)) - om1@group-C5BA1605619E: shutdown
2024-04-28 12:46:02,155 [om1-impl-thread1] INFO  util.JmxRegister (JmxRegister.java:unregister(73)) - Successfully un-registered JMX Bean with object name Ratis:service=RaftServer,group=group-C5BA1605619E,id=om1
2024-04-28 12:46:02,155 [om1-impl-thread1] INFO  impl.RoleInfo (RoleInfo.java:shutdownLeaderState(94)) - om1: shutdown om1@group-C5BA1605619E-LeaderStateImpl
2024-04-28 12:46:02,156 [om1-impl-thread1] INFO  impl.PendingRequests (PendingRequests.java:sendNotLeaderResponses(289)) - om1@group-C5BA1605619E-PendingRequests: sendNotLeaderResponses
2024-04-28 12:46:02,156 [om1-impl-thread1] INFO  impl.StateMachineUpdater (StateMachineUpdater.java:stopAndJoin(157)) - om1@group-C5BA1605619E-StateMachineUpdater: set stopIndex = 4
2024-04-28 12:46:02,156 [IPC Server listener on 15360] INFO  ipc.Server (Server.java:run(1434)) - Stopping IPC Server listener on 15360
2024-04-28 12:46:02,156 [om1@group-C5BA1605619E-StateMachineUpdater] INFO  ratis.OzoneManagerStateMachine (OzoneManagerStateMachine.java:takeSnapshotImpl(481)) -  applied = (t:1, i:3)
2024-04-28 12:46:02,156 [om1@group-C5BA1605619E-StateMachineUpdater] INFO  ratis.OzoneManagerStateMachine (OzoneManagerStateMachine.java:takeSnapshotImpl(482)) -  skipped = 3
2024-04-28 12:46:02,156 [om1@group-C5BA1605619E-StateMachineUpdater] INFO  ratis.OzoneManagerStateMachine (OzoneManagerStateMachine.java:takeSnapshotImpl(483)) - notified = (t:1, i:4)
2024-04-28 12:46:02,156 [om1@group-C5BA1605619E-StateMachineUpdater] INFO  ratis.OzoneManagerStateMachine (OzoneManagerStateMachine.java:takeSnapshotImpl(484)) - snapshot = (t:1, i:4)
2024-04-28 12:46:02,156 [main] INFO  server.GrpcService (GrpcService.java:closeImpl(320)) - om1: shutdown server GrpcServerProtocolService successfully
2024-04-28 12:46:02,166 [om1@group-C5BA1605619E-StateMachineUpdater] INFO  impl.StateMachineUpdater (StateMachineUpdater.java:takeSnapshot(295)) - om1@group-C5BA1605619E-StateMachineUpdater: Took a snapshot at index 4
2024-04-28 12:46:02,167 [om1@group-C5BA1605619E-StateMachineUpdater] INFO  impl.StateMachineUpdater (StateMachineUpdater.java:lambda$new$0(98)) - om1@group-C5BA1605619E-StateMachineUpdater: snapshotIndex: updateIncreasingly -1 -> 4
2024-04-28 12:46:02,167 [om1@group-C5BA1605619E-StateMachineUpdater] INFO  ratis.OzoneManagerStateMachine (OzoneManagerStateMachine.java:close(527)) - Stopping OzoneManagerStateMachine:om1:group-C5BA1605619E.
2024-04-28 12:46:02,167 [om1@group-C5BA1605619E-StateMachineUpdater] INFO  ratis.OzoneManagerDoubleBuffer (OzoneManagerDoubleBuffer.java:stopDaemon(517)) - Stopping OMDoubleBuffer flush thread
2024-04-28 12:46:02,167 [om1-OMDoubleBufferFlushThread] INFO  ratis.OzoneManagerDoubleBuffer (OzoneManagerDoubleBuffer.java:canFlush(581)) - OMDoubleBuffer flush thread om1-OMDoubleBufferFlushThread is interrupted and will exit.
2024-04-28 12:46:02,167 [om1-impl-thread1] INFO  server.RaftServer$Division (ServerState.java:close(427)) - om1@group-C5BA1605619E: applyIndex: 3
2024-04-28 12:46:02,167 [om1@group-C5BA1605619E-cacheEviction-AwaitToRun] INFO  util.AwaitToRun (AwaitToRun.java:run(49)) - om1@group-C5BA1605619E-cacheEviction-AwaitToRun-AwaitForSignal is interrupted
2024-04-28 12:46:02,393 [om1-impl-thread1] INFO  segmented.SegmentedRaftLogWorker (SegmentedRaftLogWorker.java:close(245)) - om1@group-C5BA1605619E-SegmentedRaftLogWorker close()
2024-04-28 12:46:02,393 [JvmPauseMonitor45] INFO  util.JvmPauseMonitor (JvmPauseMonitor.java:run(152)) - JvmPauseMonitor-om1: Stopped
2024-04-28 12:46:02,393 [main] INFO  utils.BackgroundService (BackgroundService.java:shutdown(160)) - Shutting down service KeyDeletingService
2024-04-28 12:46:02,394 [main] INFO  utils.BackgroundService (BackgroundService.java:shutdown(160)) - Shutting down service DirectoryDeletingService
2024-04-28 12:46:02,394 [main] INFO  utils.BackgroundService (BackgroundService.java:shutdown(160)) - Shutting down service OpenKeyCleanupService
2024-04-28 12:46:02,394 [main] INFO  utils.BackgroundService (BackgroundService.java:shutdown(160)) - Shutting down service SstFilteringService
2024-04-28 12:46:02,394 [main] INFO  utils.BackgroundService (BackgroundService.java:shutdown(160)) - Shutting down service SnapshotDeletingService
2024-04-28 12:46:02,394 [main] INFO  utils.BackgroundService (BackgroundService.java:shutdown(160)) - Shutting down service MultipartUploadCleanupService
2024-04-28 12:46:02,395 [main] INFO  utils.BackgroundService (BackgroundService.java:shutdown(160)) - Shutting down service SnapshotDirectoryCleaningService
2024-04-28 12:46:02,395 [main] INFO  handler.ContextHandler (ContextHandler.java:doStop(1159)) - Stopped o.e.j.w.WebAppContext@385ceb2e{ozoneManager,/,null,STOPPED}{file:/home/runner/work/ozone/ozone/hadoop-ozone/integration-test/target/test-classes/webapps/ozoneManager}
2024-04-28 12:46:02,396 [main] INFO  server.AbstractConnector (AbstractConnector.java:doStop(383)) - Stopped ServerConnector@3eb85d54{HTTP/1.1, (http/1.1)}{0.0.0.0:15361}
2024-04-28 12:46:02,396 [main] INFO  server.session (HouseKeeper.java:stopScavenging(149)) - node0 Stopped scavenging
2024-04-28 12:46:02,396 [main] INFO  handler.ContextHandler (ContextHandler.java:doStop(1159)) - Stopped o.e.j.s.ServletContextHandler@6bb37247{static,/static,file:///home/runner/work/ozone/ozone/hadoop-ozone/integration-test/target/test-classes/webapps/static,STOPPED}
2024-04-28 12:46:02,396 [main] INFO  handler.ContextHandler (ContextHandler.java:doStop(1159)) - Stopped o.e.j.s.ServletContextHandler@c8f756e{logs,/logs,file:///home/runner/work/ozone/ozone/hadoop-ozone/integration-test/target/log,STOPPED}
2024-04-28 12:46:02,397 [main] INFO  rocksdiff.RocksDBCheckpointDiffer (RocksDBCheckpointDiffer.java:close(310)) - Shutting down CompactionDagPruningService.
2024-04-28 12:46:02,398 [main] INFO  snapshot.SnapshotDiffManager (SnapshotDiffManager.java:closeExecutorService(1657)) - Shutting down executorService: 'SnapDiffExecutor'
2024-04-28 12:46:02,398 [main] INFO  utils.BackgroundService (BackgroundService.java:shutdown(160)) - Shutting down service SnapshotDiffCleanupService
2024-04-28 12:46:02,399 [main] INFO  ozone.MiniOzoneClusterImpl (MiniOzoneClusterImpl.java:stopDatanodes(471)) - Stopping the HddsDatanodes
2024-04-28 12:46:02,400 [ForkJoinPool.commonPool-worker-2] INFO  ozoneimpl.OzoneContainer (OzoneContainer.java:stop(481)) - Attempting to stop container services.
2024-04-28 12:46:02,400 [ContainerMetadataScanner] WARN  ozoneimpl.AbstractBackgroundContainerScanner (AbstractBackgroundContainerScanner.java:handleRemainingSleep(134)) - Background container scan was interrupted.
2024-04-28 12:46:02,400 [ContainerMetadataScanner] INFO  ozoneimpl.AbstractBackgroundContainerScanner (AbstractBackgroundContainerScanner.java:run(61)) - Thread[ContainerMetadataScanner,5,main] exiting.
2024-04-28 12:46:02,400 [ForkJoinPool.commonPool-worker-1] INFO  ozoneimpl.OzoneContainer (OzoneContainer.java:stop(481)) - Attempting to stop container services.
2024-04-28 12:46:02,401 [ContainerMetadataScanner] WARN  ozoneimpl.AbstractBackgroundContainerScanner (AbstractBackgroundContainerScanner.java:handleRemainingSleep(134)) - Background container scan was interrupted.
2024-04-28 12:46:02,401 [ContainerMetadataScanner] INFO  ozoneimpl.AbstractBackgroundContainerScanner (AbstractBackgroundContainerScanner.java:run(61)) - Thread[ContainerMetadataScanner,5,main] exiting.
2024-04-28 12:46:02,400 [ForkJoinPool.commonPool-worker-3] INFO  ozoneimpl.OzoneContainer (OzoneContainer.java:stop(481)) - Attempting to stop container services.
2024-04-28 12:46:02,401 [ContainerMetadataScanner] WARN  ozoneimpl.AbstractBackgroundContainerScanner (AbstractBackgroundContainerScanner.java:handleRemainingSleep(134)) - Background container scan was interrupted.
2024-04-28 12:46:02,402 [ForkJoinPool.commonPool-worker-2] INFO  ozoneimpl.BackgroundContainerDataScanner (BackgroundContainerDataScanner.java:shutdown(141)) - ContainerDataScanner(/home/runner/work/ozone/ozone/hadoop-ozone/integration-test/target/test-dir/MiniOzoneClusterImpl-4444f751-856d-4595-ad15-e87fc76049bc/ozone-meta/datanode-4/data-0/hdds) is shutting down. 
2024-04-28 12:46:02,402 [ContainerDataScanner(/home/runner/work/ozone/ozone/hadoop-ozone/integration-test/target/test-dir/MiniOzoneClusterImpl-4444f751-856d-4595-ad15-e87fc76049bc/ozone-meta/datanode-4/data-0/hdds)] WARN  ozoneimpl.AbstractBackgroundContainerScanner (AbstractBackgroundContainerScanner.java:handleRemainingSleep(134)) - Background container scan was interrupted.
2024-04-28 12:46:02,402 [ContainerMetadataScanner] INFO  ozoneimpl.AbstractBackgroundContainerScanner (AbstractBackgroundContainerScanner.java:run(61)) - Thread[ContainerMetadataScanner,5,main] exiting.
2024-04-28 12:46:02,402 [ForkJoinPool.commonPool-worker-3] INFO  ozoneimpl.BackgroundContainerDataScanner (BackgroundContainerDataScanner.java:shutdown(141)) - ContainerDataScanner(/home/runner/work/ozone/ozone/hadoop-ozone/integration-test/target/test-dir/MiniOzoneClusterImpl-4444f751-856d-4595-ad15-e87fc76049bc/ozone-meta/datanode-2/data-0/hdds) is shutting down. 
2024-04-28 12:46:02,402 [ForkJoinPool.commonPool-worker-1] INFO  ozoneimpl.BackgroundContainerDataScanner (BackgroundContainerDataScanner.java:shutdown(141)) - ContainerDataScanner(/home/runner/work/ozone/ozone/hadoop-ozone/integration-test/target/test-dir/MiniOzoneClusterImpl-4444f751-856d-4595-ad15-e87fc76049bc/ozone-meta/datanode-8/data-0/hdds) is shutting down. 
2024-04-28 12:46:02,402 [ContainerDataScanner(/home/runner/work/ozone/ozone/hadoop-ozone/integration-test/target/test-dir/MiniOzoneClusterImpl-4444f751-856d-4595-ad15-e87fc76049bc/ozone-meta/datanode-8/data-0/hdds)] WARN  ozoneimpl.AbstractBackgroundContainerScanner (AbstractBackgroundContainerScanner.java:handleRemainingSleep(134)) - Background container scan was interrupted.
2024-04-28 12:46:02,402 [main] INFO  ozoneimpl.OzoneContainer (OzoneContainer.java:stop(481)) - Attempting to stop container services.
2024-04-28 12:46:02,403 [ContainerDataScanner(/home/runner/work/ozone/ozone/hadoop-ozone/integration-test/target/test-dir/MiniOzoneClusterImpl-4444f751-856d-4595-ad15-e87fc76049bc/ozone-meta/datanode-8/data-0/hdds)] INFO  ozoneimpl.AbstractBackgroundContainerScanner (AbstractBackgroundContainerScanner.java:run(61)) - ContainerDataScanner(/home/runner/work/ozone/ozone/hadoop-ozone/integration-test/target/test-dir/MiniOzoneClusterImpl-4444f751-856d-4595-ad15-e87fc76049bc/ozone-meta/datanode-8/data-0/hdds, DS-bd58df47-5ee0-4016-acac-bc16bc87f077) exiting.
2024-04-28 12:46:02,403 [ContainerMetadataScanner] WARN  ozoneimpl.AbstractBackgroundContainerScanner (AbstractBackgroundContainerScanner.java:handleRemainingSleep(134)) - Background container scan was interrupted.
2024-04-28 12:46:02,403 [ContainerMetadataScanner] INFO  ozoneimpl.AbstractBackgroundContainerScanner (AbstractBackgroundContainerScanner.java:run(61)) - Thread[ContainerMetadataScanner,5,main] exiting.
2024-04-28 12:46:02,403 [main] INFO  ozoneimpl.BackgroundContainerDataScanner (BackgroundContainerDataScanner.java:shutdown(141)) - ContainerDataScanner(/home/runner/work/ozone/ozone/hadoop-ozone/integration-test/target/test-dir/MiniOzoneClusterImpl-4444f751-856d-4595-ad15-e87fc76049bc/ozone-meta/datanode-6/data-0/hdds) is shutting down. 
2024-04-28 12:46:02,403 [ContainerDataScanner(/home/runner/work/ozone/ozone/hadoop-ozone/integration-test/target/test-dir/MiniOzoneClusterImpl-4444f751-856d-4595-ad15-e87fc76049bc/ozone-meta/datanode-6/data-0/hdds)] WARN  ozoneimpl.AbstractBackgroundContainerScanner (AbstractBackgroundContainerScanner.java:handleRemainingSleep(134)) - Background container scan was interrupted.
2024-04-28 12:46:02,403 [ForkJoinPool.commonPool-worker-1] INFO  server.RaftServer (RaftServerProxy.java:lambda$close$9(416)) - a03ae040-0cc1-4c22-85ff-5ac1eba35bae: close
2024-04-28 12:46:02,402 [ContainerDataScanner(/home/runner/work/ozone/ozone/hadoop-ozone/integration-test/target/test-dir/MiniOzoneClusterImpl-4444f751-856d-4595-ad15-e87fc76049bc/ozone-meta/datanode-2/data-0/hdds)] WARN  ozoneimpl.AbstractBackgroundContainerScanner (AbstractBackgroundContainerScanner.java:handleRemainingSleep(134)) - Background container scan was interrupted.
2024-04-28 12:46:02,403 [ContainerDataScanner(/home/runner/work/ozone/ozone/hadoop-ozone/integration-test/target/test-dir/MiniOzoneClusterImpl-4444f751-856d-4595-ad15-e87fc76049bc/ozone-meta/datanode-2/data-0/hdds)] INFO  ozoneimpl.AbstractBackgroundContainerScanner (AbstractBackgroundContainerScanner.java:run(61)) - ContainerDataScanner(/home/runner/work/ozone/ozone/hadoop-ozone/integration-test/target/test-dir/MiniOzoneClusterImpl-4444f751-856d-4595-ad15-e87fc76049bc/ozone-meta/datanode-2/data-0/hdds, DS-45c80d85-1712-49b0-95d4-e488d6ec3d03) exiting.
2024-04-28 12:46:02,402 [ContainerDataScanner(/home/runner/work/ozone/ozone/hadoop-ozone/integration-test/target/test-dir/MiniOzoneClusterImpl-4444f751-856d-4595-ad15-e87fc76049bc/ozone-meta/datanode-4/data-0/hdds)] INFO  ozoneimpl.AbstractBackgroundContainerScanner (AbstractBackgroundContainerScanner.java:run(61)) - ContainerDataScanner(/home/runner/work/ozone/ozone/hadoop-ozone/integration-test/target/test-dir/MiniOzoneClusterImpl-4444f751-856d-4595-ad15-e87fc76049bc/ozone-meta/datanode-4/data-0/hdds, DS-42cab9f4-8c81-4ae6-a47c-0b886da97ee4) exiting.
2024-04-28 12:46:02,404 [ForkJoinPool.commonPool-worker-3] INFO  server.RaftServer (RaftServerProxy.java:lambda$close$9(416)) - a004c341-03e6-4aa5-a556-61598c35a019: close
2024-04-28 12:46:02,403 [a03ae040-0cc1-4c22-85ff-5ac1eba35bae-impl-thread1] INFO  server.RaftServer$Division (RaftServerImpl.java:lambda$close$3(526)) - a03ae040-0cc1-4c22-85ff-5ac1eba35bae@group-B83BA2C23833: shutdown
2024-04-28 12:46:02,404 [a004c341-03e6-4aa5-a556-61598c35a019-impl-thread1] INFO  server.RaftServer$Division (RaftServerImpl.java:lambda$close$3(526)) - a004c341-03e6-4aa5-a556-61598c35a019@group-26F2B1E88B2E: shutdown
2024-04-28 12:46:02,403 [ContainerDataScanner(/home/runner/work/ozone/ozone/hadoop-ozone/integration-test/target/test-dir/MiniOzoneClusterImpl-4444f751-856d-4595-ad15-e87fc76049bc/ozone-meta/datanode-6/data-0/hdds)] INFO  ozoneimpl.AbstractBackgroundContainerScanner (AbstractBackgroundContainerScanner.java:run(61)) - ContainerDataScanner(/home/runner/work/ozone/ozone/hadoop-ozone/integration-test/target/test-dir/MiniOzoneClusterImpl-4444f751-856d-4595-ad15-e87fc76049bc/ozone-meta/datanode-6/data-0/hdds, DS-962918f5-885f-4e9d-96ea-cdcee6a10657) exiting.
2024-04-28 12:46:02,404 [ForkJoinPool.commonPool-worker-1] INFO  server.GrpcService (GrpcService.java:closeImpl(311)) - a03ae040-0cc1-4c22-85ff-5ac1eba35bae: shutdown server org.apache.ratis.grpc.server.GrpcClientProtocolService now
2024-04-28 12:46:02,404 [a004c341-03e6-4aa5-a556-61598c35a019-impl-thread1] INFO  util.JmxRegister (JmxRegister.java:unregister(73)) - Successfully un-registered JMX Bean with object name Ratis:service=RaftServer,group=group-26F2B1E88B2E,id=a004c341-03e6-4aa5-a556-61598c35a019
2024-04-28 12:46:02,404 [a004c341-03e6-4aa5-a556-61598c35a019-impl-thread1] INFO  impl.RoleInfo (RoleInfo.java:shutdownLeaderState(94)) - a004c341-03e6-4aa5-a556-61598c35a019: shutdown a004c341-03e6-4aa5-a556-61598c35a019@group-26F2B1E88B2E-LeaderStateImpl
2024-04-28 12:46:02,404 [ForkJoinPool.commonPool-worker-2] INFO  server.RaftServer (RaftServerProxy.java:lambda$close$9(416)) - 1fd4d212-c4d2-4c1d-a58c-62e98a4efa8c: close
2024-04-28 12:46:02,404 [main] INFO  server.RaftServer (RaftServerProxy.java:lambda$close$9(416)) - 7957f999-cc51-45d8-add6-1ece72fbce78: close
2024-04-28 12:46:02,404 [7957f999-cc51-45d8-add6-1ece72fbce78-impl-thread1] INFO  server.RaftServer$Division (RaftServerImpl.java:lambda$close$3(526)) - 7957f999-cc51-45d8-add6-1ece72fbce78@group-927C74D92FBF: shutdown
2024-04-28 12:46:02,404 [7957f999-cc51-45d8-add6-1ece72fbce78-impl-thread1] INFO  util.JmxRegister (JmxRegister.java:unregister(73)) - Successfully un-registered JMX Bean with object name Ratis:service=RaftServer,group=group-927C74D92FBF,id=7957f999-cc51-45d8-add6-1ece72fbce78
2024-04-28 12:46:02,404 [a03ae040-0cc1-4c22-85ff-5ac1eba35bae-impl-thread1] INFO  util.JmxRegister (JmxRegister.java:unregister(73)) - Successfully un-registered JMX Bean with object name Ratis:service=RaftServer,group=group-B83BA2C23833,id=a03ae040-0cc1-4c22-85ff-5ac1eba35bae
2024-04-28 12:46:02,404 [a03ae040-0cc1-4c22-85ff-5ac1eba35bae-impl-thread1] INFO  impl.RoleInfo (RoleInfo.java:shutdownLeaderState(94)) - a03ae040-0cc1-4c22-85ff-5ac1eba35bae: shutdown a03ae040-0cc1-4c22-85ff-5ac1eba35bae@group-B83BA2C23833-LeaderStateImpl
2024-04-28 12:46:02,404 [ForkJoinPool.commonPool-worker-3] INFO  server.GrpcService (GrpcService.java:closeImpl(311)) - a004c341-03e6-4aa5-a556-61598c35a019: shutdown server org.apache.ratis.grpc.server.GrpcClientProtocolService now
2024-04-28 12:46:02,404 [a03ae040-0cc1-4c22-85ff-5ac1eba35bae-impl-thread1] INFO  impl.PendingRequests (PendingRequests.java:sendNotLeaderResponses(289)) - a03ae040-0cc1-4c22-85ff-5ac1eba35bae@group-B83BA2C23833-PendingRequests: sendNotLeaderResponses
2024-04-28 12:46:02,405 [Thread-5902] INFO  server.GrpcServerProtocolClient (GrpcServerProtocolClient.java:close(103)) - 5986eb43-6756-4d1a-9985-b2bcfc70d88f Close channels
2024-04-28 12:46:02,405 [a03ae040-0cc1-4c22-85ff-5ac1eba35bae-impl-thread1] INFO  impl.StateMachineUpdater (StateMachineUpdater.java:stopAndJoin(157)) - a03ae040-0cc1-4c22-85ff-5ac1eba35bae@group-B83BA2C23833-StateMachineUpdater: set stopIndex = 0
2024-04-28 12:46:02,405 [a03ae040-0cc1-4c22-85ff-5ac1eba35bae@group-B83BA2C23833-StateMachineUpdater] INFO  ratis.ContainerStateMachine (ContainerStateMachine.java:takeSnapshot(355)) - group-B83BA2C23833: Taking a snapshot at:(t:1, i:0) file /home/runner/work/ozone/ozone/hadoop-ozone/integration-test/target/test-dir/MiniOzoneClusterImpl-4444f751-856d-4595-ad15-e87fc76049bc/ozone-meta/datanode-8/ratis/c98f2ed8-f4e8-4981-8642-b83ba2c23833/sm/snapshot.1_0
2024-04-28 12:46:02,406 [a03ae040-0cc1-4c22-85ff-5ac1eba35bae@group-B83BA2C23833-StateMachineUpdater] INFO  ratis.ContainerStateMachine (ContainerStateMachine.java:takeSnapshot(366)) - group-B83BA2C23833: Finished taking a snapshot at:(t:1, i:0) file:/home/runner/work/ozone/ozone/hadoop-ozone/integration-test/target/test-dir/MiniOzoneClusterImpl-4444f751-856d-4595-ad15-e87fc76049bc/ozone-meta/datanode-8/ratis/c98f2ed8-f4e8-4981-8642-b83ba2c23833/sm/snapshot.1_0 took: 1 ms
2024-04-28 12:46:02,406 [a03ae040-0cc1-4c22-85ff-5ac1eba35bae@group-B83BA2C23833-StateMachineUpdater] INFO  impl.StateMachineUpdater (StateMachineUpdater.java:takeSnapshot(295)) - a03ae040-0cc1-4c22-85ff-5ac1eba35bae@group-B83BA2C23833-StateMachineUpdater: Took a snapshot at index 0
2024-04-28 12:46:02,406 [a03ae040-0cc1-4c22-85ff-5ac1eba35bae@group-B83BA2C23833-StateMachineUpdater] INFO  impl.StateMachineUpdater (StateMachineUpdater.java:lambda$new$0(98)) - a03ae040-0cc1-4c22-85ff-5ac1eba35bae@group-B83BA2C23833-StateMachineUpdater: snapshotIndex: updateIncreasingly -1 -> 0
2024-04-28 12:46:02,406 [a03ae040-0cc1-4c22-85ff-5ac1eba35bae-impl-thread2] INFO  server.RaftServer$Division (RaftServerImpl.java:lambda$close$3(526)) - a03ae040-0cc1-4c22-85ff-5ac1eba35bae@group-940108511468: shutdown
2024-04-28 12:46:02,406 [a03ae040-0cc1-4c22-85ff-5ac1eba35bae-impl-thread2] INFO  util.JmxRegister (JmxRegister.java:unregister(73)) - Successfully un-registered JMX Bean with object name Ratis:service=RaftServer,group=group-940108511468,id=a03ae040-0cc1-4c22-85ff-5ac1eba35bae
2024-04-28 12:46:02,406 [a03ae040-0cc1-4c22-85ff-5ac1eba35bae-impl-thread2] INFO  impl.RoleInfo (RoleInfo.java:shutdownLeaderState(94)) - a03ae040-0cc1-4c22-85ff-5ac1eba35bae: shutdown a03ae040-0cc1-4c22-85ff-5ac1eba35bae@group-940108511468-LeaderStateImpl
2024-04-28 12:46:02,404 [7957f999-cc51-45d8-add6-1ece72fbce78-impl-thread1] INFO  impl.RoleInfo (RoleInfo.java:shutdownLeaderState(94)) - 7957f999-cc51-45d8-add6-1ece72fbce78: shutdown 7957f999-cc51-45d8-add6-1ece72fbce78@group-927C74D92FBF-LeaderStateImpl
2024-04-28 12:46:02,404 [1fd4d212-c4d2-4c1d-a58c-62e98a4efa8c-impl-thread1] INFO  server.RaftServer$Division (RaftServerImpl.java:lambda$close$3(526)) - 1fd4d212-c4d2-4c1d-a58c-62e98a4efa8c@group-8A4E9B3C4A03: shutdown
2024-04-28 12:46:02,406 [a03ae040-0cc1-4c22-85ff-5ac1eba35bae@group-940108511468->2888e557-450c-42c6-ab50-0bca692fd7ac-GrpcLogAppender-LogAppenderDaemon] WARN  server.GrpcLogAppender (GrpcLogAppender.java:mayWait(289)) - a03ae040-0cc1-4c22-85ff-5ac1eba35bae@group-940108511468->2888e557-450c-42c6-ab50-0bca692fd7ac-GrpcLogAppender: Wait interrupted by java.lang.InterruptedException
2024-04-28 12:46:02,404 [a004c341-03e6-4aa5-a556-61598c35a019-impl-thread1] INFO  impl.PendingRequests (PendingRequests.java:sendNotLeaderResponses(289)) - a004c341-03e6-4aa5-a556-61598c35a019@group-26F2B1E88B2E-PendingRequests: sendNotLeaderResponses
2024-04-28 12:46:02,406 [1fd4d212-c4d2-4c1d-a58c-62e98a4efa8c-impl-thread2] INFO  server.RaftServer$Division (RaftServerImpl.java:lambda$close$3(526)) - 1fd4d212-c4d2-4c1d-a58c-62e98a4efa8c@group-7DBF24B1A174: shutdown
2024-04-28 12:46:02,407 [1fd4d212-c4d2-4c1d-a58c-62e98a4efa8c-impl-thread2] INFO  util.JmxRegister (JmxRegister.java:unregister(73)) - Successfully un-registered JMX Bean with object name Ratis:service=RaftServer,group=group-7DBF24B1A174,id=1fd4d212-c4d2-4c1d-a58c-62e98a4efa8c
2024-04-28 12:46:02,407 [1fd4d212-c4d2-4c1d-a58c-62e98a4efa8c-impl-thread2] INFO  impl.RoleInfo (RoleInfo.java:shutdownFollowerState(110)) - 1fd4d212-c4d2-4c1d-a58c-62e98a4efa8c: shutdown 1fd4d212-c4d2-4c1d-a58c-62e98a4efa8c@group-7DBF24B1A174-FollowerState
2024-04-28 12:46:02,407 [1fd4d212-c4d2-4c1d-a58c-62e98a4efa8c@group-7DBF24B1A174-StateMachineUpdater] INFO  ratis.ContainerStateMachine (ContainerStateMachine.java:takeSnapshot(355)) - group-7DBF24B1A174: Taking a snapshot at:(t:1, i:0) file /home/runner/work/ozone/ozone/hadoop-ozone/integration-test/target/test-dir/MiniOzoneClusterImpl-4444f751-856d-4595-ad15-e87fc76049bc/ozone-meta/datanode-4/ratis/a1340ccb-ef00-4572-a36a-7dbf24b1a174/sm/snapshot.1_0
2024-04-28 12:46:02,407 [1fd4d212-c4d2-4c1d-a58c-62e98a4efa8c-impl-thread2] INFO  impl.StateMachineUpdater (StateMachineUpdater.java:stopAndJoin(157)) - 1fd4d212-c4d2-4c1d-a58c-62e98a4efa8c@group-7DBF24B1A174-StateMachineUpdater: set stopIndex = 0
2024-04-28 12:46:02,406 [1fd4d212-c4d2-4c1d-a58c-62e98a4efa8c-impl-thread1] INFO  util.JmxRegister (JmxRegister.java:unregister(73)) - Successfully un-registered JMX Bean with object name Ratis:service=RaftServer,group=group-8A4E9B3C4A03,id=1fd4d212-c4d2-4c1d-a58c-62e98a4efa8c
2024-04-28 12:46:02,407 [grpc-default-executor-4] INFO  server.GrpcServerProtocolService (GrpcServerProtocolService.java:onCompleted(157)) - 2888e557-450c-42c6-ab50-0bca692fd7ac: Completed APPEND_ENTRIES, lastRequest: null
2024-04-28 12:46:02,407 [grpc-default-executor-2] INFO  server.GrpcServerProtocolService (GrpcServerProtocolService.java:onCompleted(157)) - 2888e557-450c-42c6-ab50-0bca692fd7ac: Completed APPEND_ENTRIES, lastRequest: a03ae040-0cc1-4c22-85ff-5ac1eba35bae->2888e557-450c-42c6-ab50-0bca692fd7ac#1-t1,previous=(t:0, i:0),leaderCommit=-1,initializing? false,entries: size=1, first=(t:1, i:0), CONFIGURATIONENTRY(current:id: "2888e557-450c-42c6-ab50-0bca692fd7ac"
address: "127.0.0.1:15424"
dataStreamAddress: "127.0.0.1:15425"
clientAddress: "127.0.0.1:15422"
adminAddress: "127.0.0.1:15423"
startupRole: FOLLOWER
,id: "5986eb43-6756-4d1a-9985-b2bcfc70d88f"
address: "127.0.0.1:15442"
dataStreamAddress: "127.0.0.1:15443"
clientAddress: "127.0.0.1:15440"
adminAddress: "127.0.0.1:15441"
startupRole: FOLLOWER
,id: "a03ae040-0cc1-4c22-85ff-5ac1eba35bae"
address: "127.0.0.1:15433"
priority: 1
dataStreamAddress: "127.0.0.1:15434"
clientAddress: "127.0.0.1:15431"
adminAddress: "127.0.0.1:15432"
startupRole: FOLLOWER
, old:)
2024-04-28 12:46:02,407 [grpc-default-executor-2] INFO  server.GrpcServerProtocolService (GrpcServerProtocolService.java:lambda$onCompleted$5(159)) - 2888e557-450c-42c6-ab50-0bca692fd7ac: Completed APPEND_ENTRIES, lastReply: null
2024-04-28 12:46:02,407 [7957f999-cc51-45d8-add6-1ece72fbce78-impl-thread2] INFO  server.RaftServer$Division (RaftServerImpl.java:lambda$close$3(526)) - 7957f999-cc51-45d8-add6-1ece72fbce78@group-7DBF24B1A174: shutdown
2024-04-28 12:46:02,406 [ForkJoinPool.commonPool-worker-2] INFO  server.GrpcService (GrpcService.java:closeImpl(311)) - 1fd4d212-c4d2-4c1d-a58c-62e98a4efa8c: shutdown server org.apache.ratis.grpc.server.GrpcClientProtocolService now
2024-04-28 12:46:02,406 [7957f999-cc51-45d8-add6-1ece72fbce78-impl-thread1] INFO  impl.PendingRequests (PendingRequests.java:sendNotLeaderResponses(289)) - 7957f999-cc51-45d8-add6-1ece72fbce78@group-927C74D92FBF-PendingRequests: sendNotLeaderResponses
2024-04-28 12:46:02,406 [a03ae040-0cc1-4c22-85ff-5ac1eba35bae-impl-thread2] INFO  impl.PendingRequests (PendingRequests.java:sendNotLeaderResponses(289)) - a03ae040-0cc1-4c22-85ff-5ac1eba35bae@group-940108511468-PendingRequests: sendNotLeaderResponses
2024-04-28 12:46:02,406 [a03ae040-0cc1-4c22-85ff-5ac1eba35bae@group-940108511468->5986eb43-6756-4d1a-9985-b2bcfc70d88f-GrpcLogAppender-LogAppenderDaemon] WARN  server.GrpcLogAppender (GrpcLogAppender.java:mayWait(289)) - a03ae040-0cc1-4c22-85ff-5ac1eba35bae@group-940108511468->5986eb43-6756-4d1a-9985-b2bcfc70d88f-GrpcLogAppender: Wait interrupted by java.lang.InterruptedException
2024-04-28 12:46:02,406 [ForkJoinPool.commonPool-worker-4] INFO  ozoneimpl.OzoneContainer (OzoneContainer.java:stop(481)) - Attempting to stop container services.
2024-04-28 12:46:02,404 [Thread-5900] INFO  server.GrpcServerProtocolClient (GrpcServerProtocolClient.java:close(103)) - 2888e557-450c-42c6-ab50-0bca692fd7ac Close channels
2024-04-28 12:46:02,408 [ContainerMetadataScanner] WARN  ozoneimpl.AbstractBackgroundContainerScanner (AbstractBackgroundContainerScanner.java:handleRemainingSleep(134)) - Background container scan was interrupted.
2024-04-28 12:46:02,408 [ContainerMetadataScanner] INFO  ozoneimpl.AbstractBackgroundContainerScanner (AbstractBackgroundContainerScanner.java:run(61)) - Thread[ContainerMetadataScanner,5,main] exiting.
2024-04-28 12:46:02,408 [ForkJoinPool.commonPool-worker-4] INFO  ozoneimpl.BackgroundContainerDataScanner (BackgroundContainerDataScanner.java:shutdown(141)) - ContainerDataScanner(/home/runner/work/ozone/ozone/hadoop-ozone/integration-test/target/test-dir/MiniOzoneClusterImpl-4444f751-856d-4595-ad15-e87fc76049bc/ozone-meta/datanode-5/data-0/hdds) is shutting down. 
2024-04-28 12:46:02,407 [grpc-default-executor-4] INFO  server.GrpcServerProtocolService (GrpcServerProtocolService.java:lambda$onCompleted$5(159)) - 2888e557-450c-42c6-ab50-0bca692fd7ac: Completed APPEND_ENTRIES, lastReply: serverReply {
  requestorId: "a03ae040-0cc1-4c22-85ff-5ac1eba35bae"
  replyId: "2888e557-450c-42c6-ab50-0bca692fd7ac"
  raftGroupId {
    id: "{\321\236$\3259A\016\231\241\224\001\bQ\024h"
  }
  callId: 16
  success: true
}
term: 1
nextIndex: 1
matchIndex: 18446744073709551615
isHearbeat: true

2024-04-28 12:46:02,407 [main] INFO  server.GrpcService (GrpcService.java:closeImpl(311)) - 7957f999-cc51-45d8-add6-1ece72fbce78: shutdown server org.apache.ratis.grpc.server.GrpcClientProtocolService now
2024-04-28 12:46:02,408 [grpc-default-executor-0] INFO  server.GrpcServerProtocolService (GrpcServerProtocolService.java:onCompleted(157)) - 5986eb43-6756-4d1a-9985-b2bcfc70d88f: Completed APPEND_ENTRIES, lastRequest: null
2024-04-28 12:46:02,409 [grpc-default-executor-0] INFO  server.GrpcServerProtocolService (GrpcServerProtocolService.java:lambda$onCompleted$5(159)) - 5986eb43-6756-4d1a-9985-b2bcfc70d88f: Completed APPEND_ENTRIES, lastReply: serverReply {
  requestorId: "a03ae040-0cc1-4c22-85ff-5ac1eba35bae"
  replyId: "5986eb43-6756-4d1a-9985-b2bcfc70d88f"
  raftGroupId {
    id: "{\321\236$\3259A\016\231\241\224\001\bQ\024h"
  }
  callId: 12
  success: true
}
term: 1
nextIndex: 1
matchIndex: 18446744073709551615
isHearbeat: true

2024-04-28 12:46:02,407 [1fd4d212-c4d2-4c1d-a58c-62e98a4efa8c@group-7DBF24B1A174-StateMachineUpdater] INFO  ratis.ContainerStateMachine (ContainerStateMachine.java:takeSnapshot(366)) - group-7DBF24B1A174: Finished taking a snapshot at:(t:1, i:0) file:/home/runner/work/ozone/ozone/hadoop-ozone/integration-test/target/test-dir/MiniOzoneClusterImpl-4444f751-856d-4595-ad15-e87fc76049bc/ozone-meta/datanode-4/ratis/a1340ccb-ef00-4572-a36a-7dbf24b1a174/sm/snapshot.1_0 took: 1 ms
2024-04-28 12:46:02,409 [1fd4d212-c4d2-4c1d-a58c-62e98a4efa8c@group-7DBF24B1A174-StateMachineUpdater] INFO  impl.StateMachineUpdater (StateMachineUpdater.java:takeSnapshot(295)) - 1fd4d212-c4d2-4c1d-a58c-62e98a4efa8c@group-7DBF24B1A174-StateMachineUpdater: Took a snapshot at index 0
2024-04-28 12:46:02,409 [1fd4d212-c4d2-4c1d-a58c-62e98a4efa8c@group-7DBF24B1A174-StateMachineUpdater] INFO  impl.StateMachineUpdater (StateMachineUpdater.java:lambda$new$0(98)) - 1fd4d212-c4d2-4c1d-a58c-62e98a4efa8c@group-7DBF24B1A174-StateMachineUpdater: snapshotIndex: updateIncreasingly -1 -> 0
2024-04-28 12:46:02,409 [1fd4d212-c4d2-4c1d-a58c-62e98a4efa8c-impl-thread2] INFO  server.RaftServer$Division (ServerState.java:close(427)) - 1fd4d212-c4d2-4c1d-a58c-62e98a4efa8c@group-7DBF24B1A174: applyIndex: 0
2024-04-28 12:46:02,407 [1fd4d212-c4d2-4c1d-a58c-62e98a4efa8c@group-7DBF24B1A174-FollowerState] INFO  impl.FollowerState (FollowerState.java:run(152)) - 1fd4d212-c4d2-4c1d-a58c-62e98a4efa8c@group-7DBF24B1A174-FollowerState was interrupted
2024-04-28 12:46:02,409 [1fd4d212-c4d2-4c1d-a58c-62e98a4efa8c@group-7DBF24B1A174-cacheEviction-AwaitToRun] INFO  util.AwaitToRun (AwaitToRun.java:run(49)) - 1fd4d212-c4d2-4c1d-a58c-62e98a4efa8c@group-7DBF24B1A174-cacheEviction-AwaitToRun-AwaitForSignal is interrupted
2024-04-28 12:46:02,407 [1fd4d212-c4d2-4c1d-a58c-62e98a4efa8c-impl-thread1] INFO  impl.RoleInfo (RoleInfo.java:shutdownLeaderState(94)) - 1fd4d212-c4d2-4c1d-a58c-62e98a4efa8c: shutdown 1fd4d212-c4d2-4c1d-a58c-62e98a4efa8c@group-8A4E9B3C4A03-LeaderStateImpl
2024-04-28 12:46:02,409 [1fd4d212-c4d2-4c1d-a58c-62e98a4efa8c-impl-thread1] INFO  impl.PendingRequests (PendingRequests.java:sendNotLeaderResponses(289)) - 1fd4d212-c4d2-4c1d-a58c-62e98a4efa8c@group-8A4E9B3C4A03-PendingRequests: sendNotLeaderResponses
2024-04-28 12:46:02,407 [a004c341-03e6-4aa5-a556-61598c35a019@group-26F2B1E88B2E-StateMachineUpdater] INFO  ratis.ContainerStateMachine (ContainerStateMachine.java:takeSnapshot(355)) - group-26F2B1E88B2E: Taking a snapshot at:(t:1, i:0) file /home/runner/work/ozone/ozone/hadoop-ozone/integration-test/target/test-dir/MiniOzoneClusterImpl-4444f751-856d-4595-ad15-e87fc76049bc/ozone-meta/datanode-2/ratis/21fad630-9ed0-441c-8afb-26f2b1e88b2e/sm/snapshot.1_0
2024-04-28 12:46:02,409 [Thread-5906] INFO  server.GrpcServerProtocolClient (GrpcServerProtocolClient.java:close(103)) - d1684581-678b-458f-8382-390a387eba93 Close channels
2024-04-28 12:46:02,407 [a004c341-03e6-4aa5-a556-61598c35a019-impl-thread1] INFO  impl.StateMachineUpdater (StateMachineUpdater.java:stopAndJoin(157)) - a004c341-03e6-4aa5-a556-61598c35a019@group-26F2B1E88B2E-StateMachineUpdater: set stopIndex = 0
2024-04-28 12:46:02,407 [a03ae040-0cc1-4c22-85ff-5ac1eba35bae-impl-thread1] INFO  server.RaftServer$Division (ServerState.java:close(427)) - a03ae040-0cc1-4c22-85ff-5ac1eba35bae@group-B83BA2C23833: applyIndex: 0
2024-04-28 12:46:02,410 [grpc-default-executor-5] INFO  server.GrpcLogAppender (GrpcLogAppender.java:onCompleted(546)) - a03ae040-0cc1-4c22-85ff-5ac1eba35bae@group-940108511468->2888e557-450c-42c6-ab50-0bca692fd7ac-AppendLogResponseHandler: follower responses appendEntries COMPLETED
2024-04-28 12:46:02,410 [grpc-default-executor-5] WARN  server.GrpcLogAppender (GrpcLogAppender.java:resetClient(226)) - a03ae040-0cc1-4c22-85ff-5ac1eba35bae@group-940108511468->2888e557-450c-42c6-ab50-0bca692fd7ac-GrpcLogAppender: Failed to getClient for 2888e557-450c-42c6-ab50-0bca692fd7ac
org.apache.ratis.protocol.exceptions.AlreadyClosedException: a03ae040-0cc1-4c22-85ff-5ac1eba35bae is already CLOSED
	at org.apache.ratis.util.PeerProxyMap$PeerAndProxy.getProxy(PeerProxyMap.java:65)
	at org.apache.ratis.util.PeerProxyMap.getProxy(PeerProxyMap.java:114)
	at org.apache.ratis.grpc.server.GrpcLogAppender.getClient(GrpcLogAppender.java:196)
	at org.apache.ratis.grpc.server.GrpcLogAppender.resetClient(GrpcLogAppender.java:201)
	at org.apache.ratis.grpc.server.GrpcLogAppender.access$800(GrpcLogAppender.java:62)
	at org.apache.ratis.grpc.server.GrpcLogAppender$AppendLogResponseHandler.onCompleted(GrpcLogAppender.java:547)
	at org.apache.ratis.thirdparty.io.grpc.stub.ClientCalls$StreamObserverToCallListenerAdapter.onClose(ClientCalls.java:479)
	at org.apache.ratis.thirdparty.io.grpc.internal.DelayedClientCall$DelayedListener$3.run(DelayedClientCall.java:489)
	at org.apache.ratis.thirdparty.io.grpc.internal.DelayedClientCall$DelayedListener.delayOrExecute(DelayedClientCall.java:453)
	at org.apache.ratis.thirdparty.io.grpc.internal.DelayedClientCall$DelayedListener.onClose(DelayedClientCall.java:486)
	at org.apache.ratis.thirdparty.io.grpc.internal.ClientCallImpl.closeObserver(ClientCallImpl.java:567)
	at org.apache.ratis.thirdparty.io.grpc.internal.ClientCallImpl.access$300(ClientCallImpl.java:71)
	at org.apache.ratis.thirdparty.io.grpc.internal.ClientCallImpl$ClientStreamListenerImpl$1StreamClosed.runInternal(ClientCallImpl.java:735)
	at org.apache.ratis.thirdparty.io.grpc.internal.ClientCallImpl$ClientStreamListenerImpl$1StreamClosed.runInContext(ClientCallImpl.java:716)
	at org.apache.ratis.thirdparty.io.grpc.internal.ContextRunnable.run(ContextRunnable.java:37)
	at org.apache.ratis.thirdparty.io.grpc.internal.SerializingExecutor.run(SerializingExecutor.java:133)
	at java.base/java.util.concurrent.ThreadPoolExecutor.runWorker(ThreadPoolExecutor.java:1136)
	at java.base/java.util.concurrent.ThreadPoolExecutor$Worker.run(ThreadPoolExecutor.java:635)
	at java.base/java.lang.Thread.run(Thread.java:840)
2024-04-28 12:46:02,408 [grpc-default-executor-3] INFO  server.GrpcServerProtocolService (GrpcServerProtocolService.java:onCompleted(157)) - 5986eb43-6756-4d1a-9985-b2bcfc70d88f: Completed APPEND_ENTRIES, lastRequest: a03ae040-0cc1-4c22-85ff-5ac1eba35bae->5986eb43-6756-4d1a-9985-b2bcfc70d88f#1-t1,previous=(t:0, i:0),leaderCommit=-1,initializing? false,entries: size=1, first=(t:1, i:0), CONFIGURATIONENTRY(current:id: "2888e557-450c-42c6-ab50-0bca692fd7ac"
address: "127.0.0.1:15424"
dataStreamAddress: "127.0.0.1:15425"
clientAddress: "127.0.0.1:15422"
adminAddress: "127.0.0.1:15423"
startupRole: FOLLOWER
,id: "5986eb43-6756-4d1a-9985-b2bcfc70d88f"
address: "127.0.0.1:15442"
dataStreamAddress: "127.0.0.1:15443"
clientAddress: "127.0.0.1:15440"
adminAddress: "127.0.0.1:15441"
startupRole: FOLLOWER
,id: "a03ae040-0cc1-4c22-85ff-5ac1eba35bae"
address: "127.0.0.1:15433"
priority: 1
dataStreamAddress: "127.0.0.1:15434"
clientAddress: "127.0.0.1:15431"
adminAddress: "127.0.0.1:15432"
startupRole: FOLLOWER
, old:)
2024-04-28 12:46:02,410 [a004c341-03e6-4aa5-a556-61598c35a019@group-26F2B1E88B2E-StateMachineUpdater] INFO  ratis.ContainerStateMachine (ContainerStateMachine.java:takeSnapshot(366)) - group-26F2B1E88B2E: Finished taking a snapshot at:(t:1, i:0) file:/home/runner/work/ozone/ozone/hadoop-ozone/integration-test/target/test-dir/MiniOzoneClusterImpl-4444f751-856d-4595-ad15-e87fc76049bc/ozone-meta/datanode-2/ratis/21fad630-9ed0-441c-8afb-26f2b1e88b2e/sm/snapshot.1_0 took: 4 ms
2024-04-28 12:46:02,410 [a004c341-03e6-4aa5-a556-61598c35a019@group-26F2B1E88B2E-StateMachineUpdater] INFO  impl.StateMachineUpdater (StateMachineUpdater.java:takeSnapshot(295)) - a004c341-03e6-4aa5-a556-61598c35a019@group-26F2B1E88B2E-StateMachineUpdater: Took a snapshot at index 0
2024-04-28 12:46:02,410 [a004c341-03e6-4aa5-a556-61598c35a019@group-26F2B1E88B2E-StateMachineUpdater] INFO  impl.StateMachineUpdater (StateMachineUpdater.java:lambda$new$0(98)) - a004c341-03e6-4aa5-a556-61598c35a019@group-26F2B1E88B2E-StateMachineUpdater: snapshotIndex: updateIncreasingly -1 -> 0
2024-04-28 12:46:02,410 [a004c341-03e6-4aa5-a556-61598c35a019-impl-thread1] INFO  server.RaftServer$Division (ServerState.java:close(427)) - a004c341-03e6-4aa5-a556-61598c35a019@group-26F2B1E88B2E: applyIndex: 0
2024-04-28 12:46:02,408 [ContainerDataScanner(/home/runner/work/ozone/ozone/hadoop-ozone/integration-test/target/test-dir/MiniOzoneClusterImpl-4444f751-856d-4595-ad15-e87fc76049bc/ozone-meta/datanode-5/data-0/hdds)] WARN  ozoneimpl.AbstractBackgroundContainerScanner (AbstractBackgroundContainerScanner.java:handleRemainingSleep(134)) - Background container scan was interrupted.
2024-04-28 12:46:02,410 [ContainerDataScanner(/home/runner/work/ozone/ozone/hadoop-ozone/integration-test/target/test-dir/MiniOzoneClusterImpl-4444f751-856d-4595-ad15-e87fc76049bc/ozone-meta/datanode-5/data-0/hdds)] INFO  ozoneimpl.AbstractBackgroundContainerScanner (AbstractBackgroundContainerScanner.java:run(61)) - ContainerDataScanner(/home/runner/work/ozone/ozone/hadoop-ozone/integration-test/target/test-dir/MiniOzoneClusterImpl-4444f751-856d-4595-ad15-e87fc76049bc/ozone-meta/datanode-5/data-0/hdds, DS-763e1850-1479-4595-8d95-8adaa48a2d65) exiting.
2024-04-28 12:46:02,411 [a004c341-03e6-4aa5-a556-61598c35a019@group-26F2B1E88B2E-cacheEviction-AwaitToRun] INFO  util.AwaitToRun (AwaitToRun.java:run(49)) - a004c341-03e6-4aa5-a556-61598c35a019@group-26F2B1E88B2E-cacheEviction-AwaitToRun-AwaitForSignal is interrupted
2024-04-28 12:46:02,408 [7957f999-cc51-45d8-add6-1ece72fbce78-impl-thread2] INFO  util.JmxRegister (JmxRegister.java:unregister(73)) - Successfully un-registered JMX Bean with object name Ratis:service=RaftServer,group=group-7DBF24B1A174,id=7957f999-cc51-45d8-add6-1ece72fbce78
2024-04-28 12:46:02,411 [7957f999-cc51-45d8-add6-1ece72fbce78-impl-thread2] INFO  impl.RoleInfo (RoleInfo.java:shutdownFollowerState(110)) - 7957f999-cc51-45d8-add6-1ece72fbce78: shutdown 7957f999-cc51-45d8-add6-1ece72fbce78@group-7DBF24B1A174-FollowerState
2024-04-28 12:46:02,411 [7957f999-cc51-45d8-add6-1ece72fbce78-impl-thread2] INFO  impl.StateMachineUpdater (StateMachineUpdater.java:stopAndJoin(157)) - 7957f999-cc51-45d8-add6-1ece72fbce78@group-7DBF24B1A174-StateMachineUpdater: set stopIndex = 0
2024-04-28 12:46:02,411 [7957f999-cc51-45d8-add6-1ece72fbce78@group-7DBF24B1A174-StateMachineUpdater] INFO  ratis.ContainerStateMachine (ContainerStateMachine.java:takeSnapshot(355)) - group-7DBF24B1A174: Taking a snapshot at:(t:1, i:0) file /home/runner/work/ozone/ozone/hadoop-ozone/integration-test/target/test-dir/MiniOzoneClusterImpl-4444f751-856d-4595-ad15-e87fc76049bc/ozone-meta/datanode-6/ratis/a1340ccb-ef00-4572-a36a-7dbf24b1a174/sm/snapshot.1_0
2024-04-28 12:46:02,412 [7957f999-cc51-45d8-add6-1ece72fbce78@group-7DBF24B1A174-StateMachineUpdater] INFO  ratis.ContainerStateMachine (ContainerStateMachine.java:takeSnapshot(366)) - group-7DBF24B1A174: Finished taking a snapshot at:(t:1, i:0) file:/home/runner/work/ozone/ozone/hadoop-ozone/integration-test/target/test-dir/MiniOzoneClusterImpl-4444f751-856d-4595-ad15-e87fc76049bc/ozone-meta/datanode-6/ratis/a1340ccb-ef00-4572-a36a-7dbf24b1a174/sm/snapshot.1_0 took: 1 ms
2024-04-28 12:46:02,412 [7957f999-cc51-45d8-add6-1ece72fbce78@group-7DBF24B1A174-StateMachineUpdater] INFO  impl.StateMachineUpdater (StateMachineUpdater.java:takeSnapshot(295)) - 7957f999-cc51-45d8-add6-1ece72fbce78@group-7DBF24B1A174-StateMachineUpdater: Took a snapshot at index 0
2024-04-28 12:46:02,412 [7957f999-cc51-45d8-add6-1ece72fbce78@group-7DBF24B1A174-StateMachineUpdater] INFO  impl.StateMachineUpdater (StateMachineUpdater.java:lambda$new$0(98)) - 7957f999-cc51-45d8-add6-1ece72fbce78@group-7DBF24B1A174-StateMachineUpdater: snapshotIndex: updateIncreasingly -1 -> 0
2024-04-28 12:46:02,412 [ForkJoinPool.commonPool-worker-4] INFO  server.RaftServer (RaftServerProxy.java:lambda$close$9(416)) - d1684581-678b-458f-8382-390a387eba93: close
2024-04-28 12:46:02,412 [d1684581-678b-458f-8382-390a387eba93-impl-thread1] INFO  server.RaftServer$Division (RaftServerImpl.java:lambda$close$3(526)) - d1684581-678b-458f-8382-390a387eba93@group-FBB08E98B0F2: shutdown
2024-04-28 12:46:02,410 [Thread-5907] INFO  server.GrpcServerProtocolClient (GrpcServerProtocolClient.java:close(103)) - 7957f999-cc51-45d8-add6-1ece72fbce78 Close channels
2024-04-28 12:46:02,410 [grpc-default-executor-3] INFO  server.GrpcServerProtocolService (GrpcServerProtocolService.java:lambda$onCompleted$5(159)) - 5986eb43-6756-4d1a-9985-b2bcfc70d88f: Completed APPEND_ENTRIES, lastReply: null
2024-04-28 12:46:02,410 [a03ae040-0cc1-4c22-85ff-5ac1eba35bae@group-B83BA2C23833-cacheEviction-AwaitToRun] INFO  util.AwaitToRun (AwaitToRun.java:run(49)) - a03ae040-0cc1-4c22-85ff-5ac1eba35bae@group-B83BA2C23833-cacheEviction-AwaitToRun-AwaitForSignal is interrupted
2024-04-28 12:46:02,412 [grpc-default-executor-3] INFO  server.GrpcLogAppender (GrpcLogAppender.java:onCompleted(546)) - a03ae040-0cc1-4c22-85ff-5ac1eba35bae@group-940108511468->5986eb43-6756-4d1a-9985-b2bcfc70d88f-AppendLogResponseHandler: follower responses appendEntries COMPLETED
2024-04-28 12:46:02,412 [grpc-default-executor-3] WARN  server.GrpcLogAppender (GrpcLogAppender.java:resetClient(226)) - a03ae040-0cc1-4c22-85ff-5ac1eba35bae@group-940108511468->5986eb43-6756-4d1a-9985-b2bcfc70d88f-GrpcLogAppender: Failed to getClient for 5986eb43-6756-4d1a-9985-b2bcfc70d88f
org.apache.ratis.protocol.exceptions.AlreadyClosedException: a03ae040-0cc1-4c22-85ff-5ac1eba35bae is already CLOSED
	at org.apache.ratis.util.PeerProxyMap$PeerAndProxy.getProxy(PeerProxyMap.java:65)
	at org.apache.ratis.util.PeerProxyMap.getProxy(PeerProxyMap.java:114)
	at org.apache.ratis.grpc.server.GrpcLogAppender.getClient(GrpcLogAppender.java:196)
	at org.apache.ratis.grpc.server.GrpcLogAppender.resetClient(GrpcLogAppender.java:201)
	at org.apache.ratis.grpc.server.GrpcLogAppender.access$800(GrpcLogAppender.java:62)
	at org.apache.ratis.grpc.server.GrpcLogAppender$AppendLogResponseHandler.onCompleted(GrpcLogAppender.java:547)
	at org.apache.ratis.thirdparty.io.grpc.stub.ClientCalls$StreamObserverToCallListenerAdapter.onClose(ClientCalls.java:479)
	at org.apache.ratis.thirdparty.io.grpc.internal.ClientCallImpl.closeObserver(ClientCallImpl.java:567)
	at org.apache.ratis.thirdparty.io.grpc.internal.ClientCallImpl.access$300(ClientCallImpl.java:71)
	at org.apache.ratis.thirdparty.io.grpc.internal.ClientCallImpl$ClientStreamListenerImpl$1StreamClosed.runInternal(ClientCallImpl.java:735)
	at org.apache.ratis.thirdparty.io.grpc.internal.ClientCallImpl$ClientStreamListenerImpl$1StreamClosed.runInContext(ClientCallImpl.java:716)
	at org.apache.ratis.thirdparty.io.grpc.internal.ContextRunnable.run(ContextRunnable.java:37)
	at org.apache.ratis.thirdparty.io.grpc.internal.SerializingExecutor.run(SerializingExecutor.java:133)
	at java.base/java.util.concurrent.ThreadPoolExecutor.runWorker(ThreadPoolExecutor.java:1136)
	at java.base/java.util.concurrent.ThreadPoolExecutor$Worker.run(ThreadPoolExecutor.java:635)
	at java.base/java.lang.Thread.run(Thread.java:840)
2024-04-28 12:46:02,413 [ForkJoinPool.commonPool-worker-2] INFO  server.GrpcService (GrpcService.java:closeImpl(320)) - 1fd4d212-c4d2-4c1d-a58c-62e98a4efa8c: shutdown server org.apache.ratis.grpc.server.GrpcClientProtocolService successfully
2024-04-28 12:46:02,413 [ForkJoinPool.commonPool-worker-2] INFO  server.GrpcService (GrpcService.java:closeImpl(311)) - 1fd4d212-c4d2-4c1d-a58c-62e98a4efa8c: shutdown server GrpcServerProtocolService now
2024-04-28 12:46:02,410 [grpc-default-executor-4] INFO  server.GrpcLogAppender (GrpcLogAppender.java:onCompleted(546)) - a03ae040-0cc1-4c22-85ff-5ac1eba35bae@group-940108511468->2888e557-450c-42c6-ab50-0bca692fd7ac-AppendLogResponseHandler: follower responses appendEntries COMPLETED
2024-04-28 12:46:02,412 [d1684581-678b-458f-8382-390a387eba93-impl-thread1] INFO  util.JmxRegister (JmxRegister.java:unregister(73)) - Successfully un-registered JMX Bean with object name Ratis:service=RaftServer,group=group-FBB08E98B0F2,id=d1684581-678b-458f-8382-390a387eba93
2024-04-28 12:46:02,413 [d1684581-678b-458f-8382-390a387eba93-impl-thread1] INFO  impl.RoleInfo (RoleInfo.java:shutdownLeaderState(94)) - d1684581-678b-458f-8382-390a387eba93: shutdown d1684581-678b-458f-8382-390a387eba93@group-FBB08E98B0F2-LeaderStateImpl
2024-04-28 12:46:02,413 [d1684581-678b-458f-8382-390a387eba93-impl-thread1] INFO  impl.PendingRequests (PendingRequests.java:sendNotLeaderResponses(289)) - d1684581-678b-458f-8382-390a387eba93@group-FBB08E98B0F2-PendingRequests: sendNotLeaderResponses
2024-04-28 12:46:02,411 [7957f999-cc51-45d8-add6-1ece72fbce78@group-7DBF24B1A174-FollowerState] INFO  impl.FollowerState (FollowerState.java:run(152)) - 7957f999-cc51-45d8-add6-1ece72fbce78@group-7DBF24B1A174-FollowerState was interrupted
2024-04-28 12:46:02,413 [grpc-default-executor-2] WARN  server.GrpcServerProtocolService (LogUtils.java:warn(121)) - 1fd4d212-c4d2-4c1d-a58c-62e98a4efa8c: APPEND_ENTRIES onError, lastRequest: d1684581-678b-458f-8382-390a387eba93->1fd4d212-c4d2-4c1d-a58c-62e98a4efa8c#1-t1,previous=(t:0, i:0),leaderCommit=-1,initializing? false,entries: size=1, first=(t:1, i:0), CONFIGURATIONENTRY(current:id: "d1684581-678b-458f-8382-390a387eba93"
address: "127.0.0.1:15406"
priority: 1
dataStreamAddress: "127.0.0.1:15407"
clientAddress: "127.0.0.1:15404"
adminAddress: "127.0.0.1:15405"
startupRole: FOLLOWER
,id: "7957f999-cc51-45d8-add6-1ece72fbce78"
address: "127.0.0.1:15415"
dataStreamAddress: "127.0.0.1:15416"
clientAddress: "127.0.0.1:15413"
adminAddress: "127.0.0.1:15414"
startupRole: FOLLOWER
,id: "1fd4d212-c4d2-4c1d-a58c-62e98a4efa8c"
address: "127.0.0.1:15397"
dataStreamAddress: "127.0.0.1:15398"
clientAddress: "127.0.0.1:15395"
adminAddress: "127.0.0.1:15396"
startupRole: FOLLOWER
, old:): org.apache.ratis.thirdparty.io.grpc.StatusRuntimeException: CANCELLED: client cancelled
2024-04-28 12:46:02,414 [grpc-default-executor-0] WARN  server.GrpcServerProtocolService (LogUtils.java:warn(121)) - 1fd4d212-c4d2-4c1d-a58c-62e98a4efa8c: APPEND_ENTRIES onError, lastRequest: null: org.apache.ratis.thirdparty.io.grpc.StatusRuntimeException: CANCELLED: client cancelled
2024-04-28 12:46:02,413 [grpc-default-executor-4] WARN  server.GrpcLogAppender (GrpcLogAppender.java:resetClient(226)) - a03ae040-0cc1-4c22-85ff-5ac1eba35bae@group-940108511468->2888e557-450c-42c6-ab50-0bca692fd7ac-GrpcLogAppender: Failed to getClient for 2888e557-450c-42c6-ab50-0bca692fd7ac
org.apache.ratis.protocol.exceptions.AlreadyClosedException: a03ae040-0cc1-4c22-85ff-5ac1eba35bae is already CLOSED
	at org.apache.ratis.util.PeerProxyMap$PeerAndProxy.getProxy(PeerProxyMap.java:65)
	at org.apache.ratis.util.PeerProxyMap.getProxy(PeerProxyMap.java:114)
	at org.apache.ratis.grpc.server.GrpcLogAppender.getClient(GrpcLogAppender.java:196)
	at org.apache.ratis.grpc.server.GrpcLogAppender.resetClient(GrpcLogAppender.java:201)
	at org.apache.ratis.grpc.server.GrpcLogAppender.access$800(GrpcLogAppender.java:62)
	at org.apache.ratis.grpc.server.GrpcLogAppender$AppendLogResponseHandler.onCompleted(GrpcLogAppender.java:547)
	at org.apache.ratis.thirdparty.io.grpc.stub.ClientCalls$StreamObserverToCallListenerAdapter.onClose(ClientCalls.java:479)
	at org.apache.ratis.thirdparty.io.grpc.internal.ClientCallImpl.closeObserver(ClientCallImpl.java:567)
	at org.apache.ratis.thirdparty.io.grpc.internal.ClientCallImpl.access$300(ClientCallImpl.java:71)
	at org.apache.ratis.thirdparty.io.grpc.internal.ClientCallImpl$ClientStreamListenerImpl$1StreamClosed.runInternal(ClientCallImpl.java:735)
	at org.apache.ratis.thirdparty.io.grpc.internal.ClientCallImpl$ClientStreamListenerImpl$1StreamClosed.runInContext(ClientCallImpl.java:716)
	at org.apache.ratis.thirdparty.io.grpc.internal.ContextRunnable.run(ContextRunnable.java:37)
	at org.apache.ratis.thirdparty.io.grpc.internal.SerializingExecutor.run(SerializingExecutor.java:133)
	at java.base/java.util.concurrent.ThreadPoolExecutor.runWorker(ThreadPoolExecutor.java:1136)
	at java.base/java.util.concurrent.ThreadPoolExecutor$Worker.run(ThreadPoolExecutor.java:635)
	at java.base/java.lang.Thread.run(Thread.java:840)
2024-04-28 12:46:02,414 [grpc-default-executor-5] WARN  server.GrpcLogAppender (LogUtils.java:warn(121)) - d1684581-678b-458f-8382-390a387eba93@group-7DBF24B1A174->1fd4d212-c4d2-4c1d-a58c-62e98a4efa8c-AppendLogResponseHandler: Failed appendEntries: org.apache.ratis.thirdparty.io.grpc.StatusRuntimeException: CANCELLED: RST_STREAM closed stream. HTTP/2 error code: CANCEL
2024-04-28 12:46:02,414 [grpc-default-executor-5] WARN  server.GrpcLogAppender (GrpcLogAppender.java:lambda$resetClient$1(217)) - d1684581-678b-458f-8382-390a387eba93@group-7DBF24B1A174->1fd4d212-c4d2-4c1d-a58c-62e98a4efa8c-GrpcLogAppender: Follower failed (request=null, errorCount=1); keep nextIndex (1) unchanged and retry.
2024-04-28 12:46:02,414 [ForkJoinPool.commonPool-worker-1] INFO  server.GrpcService (GrpcService.java:closeImpl(320)) - a03ae040-0cc1-4c22-85ff-5ac1eba35bae: shutdown server org.apache.ratis.grpc.server.GrpcClientProtocolService successfully
2024-04-28 12:46:02,414 [ForkJoinPool.commonPool-worker-1] INFO  server.GrpcService (GrpcService.java:closeImpl(311)) - a03ae040-0cc1-4c22-85ff-5ac1eba35bae: shutdown server GrpcServerProtocolService now
2024-04-28 12:46:02,414 [grpc-default-executor-4] INFO  server.GrpcLogAppender (GrpcLogAppender.java:onCompleted(546)) - a03ae040-0cc1-4c22-85ff-5ac1eba35bae@group-940108511468->5986eb43-6756-4d1a-9985-b2bcfc70d88f-AppendLogResponseHandler: follower responses appendEntries COMPLETED
2024-04-28 12:46:02,415 [grpc-default-executor-4] WARN  server.GrpcLogAppender (GrpcLogAppender.java:resetClient(226)) - a03ae040-0cc1-4c22-85ff-5ac1eba35bae@group-940108511468->5986eb43-6756-4d1a-9985-b2bcfc70d88f-GrpcLogAppender: Failed to getClient for 5986eb43-6756-4d1a-9985-b2bcfc70d88f
org.apache.ratis.protocol.exceptions.AlreadyClosedException: a03ae040-0cc1-4c22-85ff-5ac1eba35bae is already CLOSED
	at org.apache.ratis.util.PeerProxyMap$PeerAndProxy.getProxy(PeerProxyMap.java:65)
	at org.apache.ratis.util.PeerProxyMap.getProxy(PeerProxyMap.java:114)
	at org.apache.ratis.grpc.server.GrpcLogAppender.getClient(GrpcLogAppender.java:196)
	at org.apache.ratis.grpc.server.GrpcLogAppender.resetClient(GrpcLogAppender.java:201)
	at org.apache.ratis.grpc.server.GrpcLogAppender.access$800(GrpcLogAppender.java:62)
	at org.apache.ratis.grpc.server.GrpcLogAppender$AppendLogResponseHandler.onCompleted(GrpcLogAppender.java:547)
	at org.apache.ratis.thirdparty.io.grpc.stub.ClientCalls$StreamObserverToCallListenerAdapter.onClose(ClientCalls.java:479)
	at org.apache.ratis.thirdparty.io.grpc.internal.ClientCallImpl.closeObserver(ClientCallImpl.java:567)
	at org.apache.ratis.thirdparty.io.grpc.internal.ClientCallImpl.access$300(ClientCallImpl.java:71)
	at org.apache.ratis.thirdparty.io.grpc.internal.ClientCallImpl$ClientStreamListenerImpl$1StreamClosed.runInternal(ClientCallImpl.java:735)
	at org.apache.ratis.thirdparty.io.grpc.internal.ClientCallImpl$ClientStreamListenerImpl$1StreamClosed.runInContext(ClientCallImpl.java:716)
	at org.apache.ratis.thirdparty.io.grpc.internal.ContextRunnable.run(ContextRunnable.java:37)
	at org.apache.ratis.thirdparty.io.grpc.internal.SerializingExecutor.run(SerializingExecutor.java:133)
	at java.base/java.util.concurrent.ThreadPoolExecutor.runWorker(ThreadPoolExecutor.java:1136)
	at java.base/java.util.concurrent.ThreadPoolExecutor$Worker.run(ThreadPoolExecutor.java:635)
	at java.base/java.lang.Thread.run(Thread.java:840)
2024-04-28 12:46:02,415 [7957f999-cc51-45d8-add6-1ece72fbce78-impl-thread2] INFO  server.RaftServer$Division (ServerState.java:close(427)) - 7957f999-cc51-45d8-add6-1ece72fbce78@group-7DBF24B1A174: applyIndex: 0
2024-04-28 12:46:02,415 [7957f999-cc51-45d8-add6-1ece72fbce78@group-7DBF24B1A174-cacheEviction-AwaitToRun] INFO  util.AwaitToRun (AwaitToRun.java:run(49)) - 7957f999-cc51-45d8-add6-1ece72fbce78@group-7DBF24B1A174-cacheEviction-AwaitToRun-AwaitForSignal is interrupted
2024-04-28 12:46:02,416 [7957f999-cc51-45d8-add6-1ece72fbce78-impl-thread1] INFO  impl.StateMachineUpdater (StateMachineUpdater.java:stopAndJoin(157)) - 7957f999-cc51-45d8-add6-1ece72fbce78@group-927C74D92FBF-StateMachineUpdater: set stopIndex = 0
2024-04-28 12:46:02,416 [7957f999-cc51-45d8-add6-1ece72fbce78@group-927C74D92FBF-StateMachineUpdater] INFO  ratis.ContainerStateMachine (ContainerStateMachine.java:takeSnapshot(355)) - group-927C74D92FBF: Taking a snapshot at:(t:1, i:0) file /home/runner/work/ozone/ozone/hadoop-ozone/integration-test/target/test-dir/MiniOzoneClusterImpl-4444f751-856d-4595-ad15-e87fc76049bc/ozone-meta/datanode-6/ratis/fe74fed4-f40e-4865-beb2-927c74d92fbf/sm/snapshot.1_0
2024-04-28 12:46:02,416 [1fd4d212-c4d2-4c1d-a58c-62e98a4efa8c-impl-thread1] INFO  impl.StateMachineUpdater (StateMachineUpdater.java:stopAndJoin(157)) - 1fd4d212-c4d2-4c1d-a58c-62e98a4efa8c@group-8A4E9B3C4A03-StateMachineUpdater: set stopIndex = 0
2024-04-28 12:46:02,416 [1fd4d212-c4d2-4c1d-a58c-62e98a4efa8c@group-8A4E9B3C4A03-StateMachineUpdater] INFO  ratis.ContainerStateMachine (ContainerStateMachine.java:takeSnapshot(355)) - group-8A4E9B3C4A03: Taking a snapshot at:(t:1, i:0) file /home/runner/work/ozone/ozone/hadoop-ozone/integration-test/target/test-dir/MiniOzoneClusterImpl-4444f751-856d-4595-ad15-e87fc76049bc/ozone-meta/datanode-4/ratis/846b1a75-8a91-4211-8506-8a4e9b3c4a03/sm/snapshot.1_0
2024-04-28 12:46:02,416 [7957f999-cc51-45d8-add6-1ece72fbce78@group-927C74D92FBF-StateMachineUpdater] INFO  ratis.ContainerStateMachine (ContainerStateMachine.java:takeSnapshot(366)) - group-927C74D92FBF: Finished taking a snapshot at:(t:1, i:0) file:/home/runner/work/ozone/ozone/hadoop-ozone/integration-test/target/test-dir/MiniOzoneClusterImpl-4444f751-856d-4595-ad15-e87fc76049bc/ozone-meta/datanode-6/ratis/fe74fed4-f40e-4865-beb2-927c74d92fbf/sm/snapshot.1_0 took: 1 ms
2024-04-28 12:46:02,416 [a03ae040-0cc1-4c22-85ff-5ac1eba35bae@group-940108511468-StateMachineUpdater] INFO  ratis.ContainerStateMachine (ContainerStateMachine.java:takeSnapshot(355)) - group-940108511468: Taking a snapshot at:(t:1, i:0) file /home/runner/work/ozone/ozone/hadoop-ozone/integration-test/target/test-dir/MiniOzoneClusterImpl-4444f751-856d-4595-ad15-e87fc76049bc/ozone-meta/datanode-8/ratis/7bd19e24-d539-410e-99a1-940108511468/sm/snapshot.1_0
2024-04-28 12:46:02,416 [d1684581-678b-458f-8382-390a387eba93-impl-thread1] INFO  impl.StateMachineUpdater (StateMachineUpdater.java:stopAndJoin(157)) - d1684581-678b-458f-8382-390a387eba93@group-FBB08E98B0F2-StateMachineUpdater: set stopIndex = 0
2024-04-28 12:46:02,416 [d1684581-678b-458f-8382-390a387eba93@group-FBB08E98B0F2-StateMachineUpdater] INFO  ratis.ContainerStateMachine (ContainerStateMachine.java:takeSnapshot(355)) - group-FBB08E98B0F2: Taking a snapshot at:(t:1, i:0) file /home/runner/work/ozone/ozone/hadoop-ozone/integration-test/target/test-dir/MiniOzoneClusterImpl-4444f751-856d-4595-ad15-e87fc76049bc/ozone-meta/datanode-5/ratis/c342a021-063b-4081-b263-fbb08e98b0f2/sm/snapshot.1_0
2024-04-28 12:46:02,417 [a03ae040-0cc1-4c22-85ff-5ac1eba35bae-impl-thread2] INFO  impl.StateMachineUpdater (StateMachineUpdater.java:stopAndJoin(157)) - a03ae040-0cc1-4c22-85ff-5ac1eba35bae@group-940108511468-StateMachineUpdater: set stopIndex = 0
2024-04-28 12:46:02,417 [1fd4d212-c4d2-4c1d-a58c-62e98a4efa8c@group-8A4E9B3C4A03-StateMachineUpdater] INFO  ratis.ContainerStateMachine (ContainerStateMachine.java:takeSnapshot(366)) - group-8A4E9B3C4A03: Finished taking a snapshot at:(t:1, i:0) file:/home/runner/work/ozone/ozone/hadoop-ozone/integration-test/target/test-dir/MiniOzoneClusterImpl-4444f751-856d-4595-ad15-e87fc76049bc/ozone-meta/datanode-4/ratis/846b1a75-8a91-4211-8506-8a4e9b3c4a03/sm/snapshot.1_0 took: 0 ms
2024-04-28 12:46:02,417 [1fd4d212-c4d2-4c1d-a58c-62e98a4efa8c@group-8A4E9B3C4A03-StateMachineUpdater] INFO  impl.StateMachineUpdater (StateMachineUpdater.java:takeSnapshot(295)) - 1fd4d212-c4d2-4c1d-a58c-62e98a4efa8c@group-8A4E9B3C4A03-StateMachineUpdater: Took a snapshot at index 0
2024-04-28 12:46:02,417 [1fd4d212-c4d2-4c1d-a58c-62e98a4efa8c@group-8A4E9B3C4A03-StateMachineUpdater] INFO  impl.StateMachineUpdater (StateMachineUpdater.java:lambda$new$0(98)) - 1fd4d212-c4d2-4c1d-a58c-62e98a4efa8c@group-8A4E9B3C4A03-StateMachineUpdater: snapshotIndex: updateIncreasingly -1 -> 0
2024-04-28 12:46:02,417 [a03ae040-0cc1-4c22-85ff-5ac1eba35bae@group-940108511468-StateMachineUpdater] INFO  ratis.ContainerStateMachine (ContainerStateMachine.java:takeSnapshot(366)) - group-940108511468: Finished taking a snapshot at:(t:1, i:0) file:/home/runner/work/ozone/ozone/hadoop-ozone/integration-test/target/test-dir/MiniOzoneClusterImpl-4444f751-856d-4595-ad15-e87fc76049bc/ozone-meta/datanode-8/ratis/7bd19e24-d539-410e-99a1-940108511468/sm/snapshot.1_0 took: 0 ms
2024-04-28 12:46:02,417 [a03ae040-0cc1-4c22-85ff-5ac1eba35bae@group-940108511468-StateMachineUpdater] INFO  impl.StateMachineUpdater (StateMachineUpdater.java:takeSnapshot(295)) - a03ae040-0cc1-4c22-85ff-5ac1eba35bae@group-940108511468-StateMachineUpdater: Took a snapshot at index 0
2024-04-28 12:46:02,417 [a03ae040-0cc1-4c22-85ff-5ac1eba35bae@group-940108511468-StateMachineUpdater] INFO  impl.StateMachineUpdater (StateMachineUpdater.java:lambda$new$0(98)) - a03ae040-0cc1-4c22-85ff-5ac1eba35bae@group-940108511468-StateMachineUpdater: snapshotIndex: updateIncreasingly -1 -> 0
2024-04-28 12:46:02,417 [a03ae040-0cc1-4c22-85ff-5ac1eba35bae-impl-thread2] INFO  server.RaftServer$Division (ServerState.java:close(427)) - a03ae040-0cc1-4c22-85ff-5ac1eba35bae@group-940108511468: applyIndex: 0
2024-04-28 12:46:02,417 [a03ae040-0cc1-4c22-85ff-5ac1eba35bae@group-940108511468-cacheEviction-AwaitToRun] INFO  util.AwaitToRun (AwaitToRun.java:run(49)) - a03ae040-0cc1-4c22-85ff-5ac1eba35bae@group-940108511468-cacheEviction-AwaitToRun-AwaitForSignal is interrupted
2024-04-28 12:46:02,416 [7957f999-cc51-45d8-add6-1ece72fbce78@group-927C74D92FBF-StateMachineUpdater] INFO  impl.StateMachineUpdater (StateMachineUpdater.java:takeSnapshot(295)) - 7957f999-cc51-45d8-add6-1ece72fbce78@group-927C74D92FBF-StateMachineUpdater: Took a snapshot at index 0
2024-04-28 12:46:02,417 [1fd4d212-c4d2-4c1d-a58c-62e98a4efa8c-impl-thread1] INFO  server.RaftServer$Division (ServerState.java:close(427)) - 1fd4d212-c4d2-4c1d-a58c-62e98a4efa8c@group-8A4E9B3C4A03: applyIndex: 0
2024-04-28 12:46:02,417 [d1684581-678b-458f-8382-390a387eba93@group-FBB08E98B0F2-StateMachineUpdater] INFO  ratis.ContainerStateMachine (ContainerStateMachine.java:takeSnapshot(366)) - group-FBB08E98B0F2: Finished taking a snapshot at:(t:1, i:0) file:/home/runner/work/ozone/ozone/hadoop-ozone/integration-test/target/test-dir/MiniOzoneClusterImpl-4444f751-856d-4595-ad15-e87fc76049bc/ozone-meta/datanode-5/ratis/c342a021-063b-4081-b263-fbb08e98b0f2/sm/snapshot.1_0 took: 0 ms
2024-04-28 12:46:02,418 [1fd4d212-c4d2-4c1d-a58c-62e98a4efa8c@group-8A4E9B3C4A03-cacheEviction-AwaitToRun] INFO  util.AwaitToRun (AwaitToRun.java:run(49)) - 1fd4d212-c4d2-4c1d-a58c-62e98a4efa8c@group-8A4E9B3C4A03-cacheEviction-AwaitToRun-AwaitForSignal is interrupted
2024-04-28 12:46:02,418 [7957f999-cc51-45d8-add6-1ece72fbce78@group-927C74D92FBF-StateMachineUpdater] INFO  impl.StateMachineUpdater (StateMachineUpdater.java:lambda$new$0(98)) - 7957f999-cc51-45d8-add6-1ece72fbce78@group-927C74D92FBF-StateMachineUpdater: snapshotIndex: updateIncreasingly -1 -> 0
2024-04-28 12:46:02,418 [d1684581-678b-458f-8382-390a387eba93@group-FBB08E98B0F2-StateMachineUpdater] INFO  impl.StateMachineUpdater (StateMachineUpdater.java:takeSnapshot(295)) - d1684581-678b-458f-8382-390a387eba93@group-FBB08E98B0F2-StateMachineUpdater: Took a snapshot at index 0
2024-04-28 12:46:02,418 [7957f999-cc51-45d8-add6-1ece72fbce78-impl-thread1] INFO  server.RaftServer$Division (ServerState.java:close(427)) - 7957f999-cc51-45d8-add6-1ece72fbce78@group-927C74D92FBF: applyIndex: 0
2024-04-28 12:46:02,418 [d1684581-678b-458f-8382-390a387eba93@group-FBB08E98B0F2-StateMachineUpdater] INFO  impl.StateMachineUpdater (StateMachineUpdater.java:lambda$new$0(98)) - d1684581-678b-458f-8382-390a387eba93@group-FBB08E98B0F2-StateMachineUpdater: snapshotIndex: updateIncreasingly -1 -> 0
2024-04-28 12:46:02,419 [d1684581-678b-458f-8382-390a387eba93-impl-thread1] INFO  server.RaftServer$Division (ServerState.java:close(427)) - d1684581-678b-458f-8382-390a387eba93@group-FBB08E98B0F2: applyIndex: 0
2024-04-28 12:46:02,418 [7957f999-cc51-45d8-add6-1ece72fbce78@group-927C74D92FBF-cacheEviction-AwaitToRun] INFO  util.AwaitToRun (AwaitToRun.java:run(49)) - 7957f999-cc51-45d8-add6-1ece72fbce78@group-927C74D92FBF-cacheEviction-AwaitToRun-AwaitForSignal is interrupted
2024-04-28 12:46:02,419 [d1684581-678b-458f-8382-390a387eba93@group-FBB08E98B0F2-cacheEviction-AwaitToRun] INFO  util.AwaitToRun (AwaitToRun.java:run(49)) - d1684581-678b-458f-8382-390a387eba93@group-FBB08E98B0F2-cacheEviction-AwaitToRun-AwaitForSignal is interrupted
2024-04-28 12:46:02,421 [Thread-5905] INFO  server.GrpcServerProtocolClient (GrpcServerProtocolClient.java:close(103)) - 81492a0b-8554-4d1c-9efe-d356d82cfcc4 Close channels
2024-04-28 12:46:02,421 [Thread-5914] INFO  server.GrpcServerProtocolClient (GrpcServerProtocolClient.java:close(103)) - 09d2ac22-859d-47ff-b3c3-58a3590cb163 Close channels
2024-04-28 12:46:02,421 [ForkJoinPool.commonPool-worker-3] INFO  server.GrpcService (GrpcService.java:closeImpl(320)) - a004c341-03e6-4aa5-a556-61598c35a019: shutdown server org.apache.ratis.grpc.server.GrpcClientProtocolService successfully
2024-04-28 12:46:02,421 [ForkJoinPool.commonPool-worker-3] INFO  server.GrpcService (GrpcService.java:closeImpl(311)) - a004c341-03e6-4aa5-a556-61598c35a019: shutdown server GrpcServerProtocolService now
2024-04-28 12:46:02,426 [main] INFO  server.GrpcService (GrpcService.java:closeImpl(320)) - 7957f999-cc51-45d8-add6-1ece72fbce78: shutdown server org.apache.ratis.grpc.server.GrpcClientProtocolService successfully
2024-04-28 12:46:02,426 [main] INFO  server.GrpcService (GrpcService.java:closeImpl(311)) - 7957f999-cc51-45d8-add6-1ece72fbce78: shutdown server GrpcServerProtocolService now
2024-04-28 12:46:02,426 [ForkJoinPool.commonPool-worker-4] INFO  server.GrpcService (GrpcService.java:closeImpl(311)) - d1684581-678b-458f-8382-390a387eba93: shutdown server org.apache.ratis.grpc.server.GrpcClientProtocolService now
2024-04-28 12:46:02,427 [grpc-default-executor-3] WARN  server.GrpcLogAppender (LogUtils.java:warn(121)) - d1684581-678b-458f-8382-390a387eba93@group-7DBF24B1A174->7957f999-cc51-45d8-add6-1ece72fbce78-AppendLogResponseHandler: Failed appendEntries: org.apache.ratis.thirdparty.io.grpc.StatusRuntimeException: CANCELLED: RST_STREAM closed stream. HTTP/2 error code: CANCEL
2024-04-28 12:46:02,427 [grpc-default-executor-3] WARN  server.GrpcLogAppender (GrpcLogAppender.java:lambda$resetClient$1(217)) - d1684581-678b-458f-8382-390a387eba93@group-7DBF24B1A174->7957f999-cc51-45d8-add6-1ece72fbce78-GrpcLogAppender: Follower failed (request=null, errorCount=1); keep nextIndex (1) unchanged and retry.
2024-04-28 12:46:02,427 [grpc-default-executor-5] WARN  server.GrpcServerProtocolService (LogUtils.java:warn(121)) - 7957f999-cc51-45d8-add6-1ece72fbce78: APPEND_ENTRIES onError, lastRequest: null: org.apache.ratis.thirdparty.io.grpc.StatusRuntimeException: CANCELLED: client cancelled
2024-04-28 12:46:02,428 [grpc-default-executor-2] WARN  server.GrpcServerProtocolService (LogUtils.java:warn(121)) - 7957f999-cc51-45d8-add6-1ece72fbce78: APPEND_ENTRIES onError, lastRequest: d1684581-678b-458f-8382-390a387eba93->7957f999-cc51-45d8-add6-1ece72fbce78#1-t1,previous=(t:0, i:0),leaderCommit=-1,initializing? false,entries: size=1, first=(t:1, i:0), CONFIGURATIONENTRY(current:id: "d1684581-678b-458f-8382-390a387eba93"
address: "127.0.0.1:15406"
priority: 1
dataStreamAddress: "127.0.0.1:15407"
clientAddress: "127.0.0.1:15404"
adminAddress: "127.0.0.1:15405"
startupRole: FOLLOWER
,id: "7957f999-cc51-45d8-add6-1ece72fbce78"
address: "127.0.0.1:15415"
dataStreamAddress: "127.0.0.1:15416"
clientAddress: "127.0.0.1:15413"
adminAddress: "127.0.0.1:15414"
startupRole: FOLLOWER
,id: "1fd4d212-c4d2-4c1d-a58c-62e98a4efa8c"
address: "127.0.0.1:15397"
dataStreamAddress: "127.0.0.1:15398"
clientAddress: "127.0.0.1:15395"
adminAddress: "127.0.0.1:15396"
startupRole: FOLLOWER
, old:): org.apache.ratis.thirdparty.io.grpc.StatusRuntimeException: CANCELLED: client cancelled
2024-04-28 12:46:02,428 [d1684581-678b-458f-8382-390a387eba93-impl-thread2] INFO  server.RaftServer$Division (RaftServerImpl.java:lambda$close$3(526)) - d1684581-678b-458f-8382-390a387eba93@group-7DBF24B1A174: shutdown
2024-04-28 12:46:02,428 [d1684581-678b-458f-8382-390a387eba93-impl-thread2] INFO  util.JmxRegister (JmxRegister.java:unregister(73)) - Successfully un-registered JMX Bean with object name Ratis:service=RaftServer,group=group-7DBF24B1A174,id=d1684581-678b-458f-8382-390a387eba93
2024-04-28 12:46:02,428 [d1684581-678b-458f-8382-390a387eba93-impl-thread2] INFO  impl.RoleInfo (RoleInfo.java:shutdownLeaderState(94)) - d1684581-678b-458f-8382-390a387eba93: shutdown d1684581-678b-458f-8382-390a387eba93@group-7DBF24B1A174-LeaderStateImpl
2024-04-28 12:46:02,428 [d1684581-678b-458f-8382-390a387eba93@group-7DBF24B1A174->7957f999-cc51-45d8-add6-1ece72fbce78-GrpcLogAppender-LogAppenderDaemon] WARN  server.GrpcLogAppender (GrpcLogAppender.java:mayWait(289)) - d1684581-678b-458f-8382-390a387eba93@group-7DBF24B1A174->7957f999-cc51-45d8-add6-1ece72fbce78-GrpcLogAppender: Wait interrupted by java.lang.InterruptedException
2024-04-28 12:46:02,428 [d1684581-678b-458f-8382-390a387eba93-impl-thread2] INFO  impl.PendingRequests (PendingRequests.java:sendNotLeaderResponses(289)) - d1684581-678b-458f-8382-390a387eba93@group-7DBF24B1A174-PendingRequests: sendNotLeaderResponses
2024-04-28 12:46:02,428 [d1684581-678b-458f-8382-390a387eba93@group-7DBF24B1A174->1fd4d212-c4d2-4c1d-a58c-62e98a4efa8c-GrpcLogAppender-LogAppenderDaemon] WARN  server.GrpcLogAppender (GrpcLogAppender.java:mayWait(289)) - d1684581-678b-458f-8382-390a387eba93@group-7DBF24B1A174->1fd4d212-c4d2-4c1d-a58c-62e98a4efa8c-GrpcLogAppender: Wait interrupted by java.lang.InterruptedException
2024-04-28 12:46:02,428 [d1684581-678b-458f-8382-390a387eba93-impl-thread2] INFO  impl.StateMachineUpdater (StateMachineUpdater.java:stopAndJoin(157)) - d1684581-678b-458f-8382-390a387eba93@group-7DBF24B1A174-StateMachineUpdater: set stopIndex = 0
2024-04-28 12:46:02,428 [d1684581-678b-458f-8382-390a387eba93@group-7DBF24B1A174-StateMachineUpdater] INFO  ratis.ContainerStateMachine (ContainerStateMachine.java:takeSnapshot(355)) - group-7DBF24B1A174: Taking a snapshot at:(t:1, i:0) file /home/runner/work/ozone/ozone/hadoop-ozone/integration-test/target/test-dir/MiniOzoneClusterImpl-4444f751-856d-4595-ad15-e87fc76049bc/ozone-meta/datanode-5/ratis/a1340ccb-ef00-4572-a36a-7dbf24b1a174/sm/snapshot.1_0
2024-04-28 12:46:02,429 [d1684581-678b-458f-8382-390a387eba93@group-7DBF24B1A174-StateMachineUpdater] INFO  ratis.ContainerStateMachine (ContainerStateMachine.java:takeSnapshot(366)) - group-7DBF24B1A174: Finished taking a snapshot at:(t:1, i:0) file:/home/runner/work/ozone/ozone/hadoop-ozone/integration-test/target/test-dir/MiniOzoneClusterImpl-4444f751-856d-4595-ad15-e87fc76049bc/ozone-meta/datanode-5/ratis/a1340ccb-ef00-4572-a36a-7dbf24b1a174/sm/snapshot.1_0 took: 1 ms
2024-04-28 12:46:02,429 [d1684581-678b-458f-8382-390a387eba93@group-7DBF24B1A174-StateMachineUpdater] INFO  impl.StateMachineUpdater (StateMachineUpdater.java:takeSnapshot(295)) - d1684581-678b-458f-8382-390a387eba93@group-7DBF24B1A174-StateMachineUpdater: Took a snapshot at index 0
2024-04-28 12:46:02,429 [d1684581-678b-458f-8382-390a387eba93@group-7DBF24B1A174-StateMachineUpdater] INFO  impl.StateMachineUpdater (StateMachineUpdater.java:lambda$new$0(98)) - d1684581-678b-458f-8382-390a387eba93@group-7DBF24B1A174-StateMachineUpdater: snapshotIndex: updateIncreasingly -1 -> 0
2024-04-28 12:46:02,430 [d1684581-678b-458f-8382-390a387eba93-impl-thread2] INFO  server.RaftServer$Division (ServerState.java:close(427)) - d1684581-678b-458f-8382-390a387eba93@group-7DBF24B1A174: applyIndex: 0
2024-04-28 12:46:02,430 [d1684581-678b-458f-8382-390a387eba93@group-7DBF24B1A174-cacheEviction-AwaitToRun] INFO  util.AwaitToRun (AwaitToRun.java:run(49)) - d1684581-678b-458f-8382-390a387eba93@group-7DBF24B1A174-cacheEviction-AwaitToRun-AwaitForSignal is interrupted
2024-04-28 12:46:02,430 [ForkJoinPool.commonPool-worker-1] INFO  server.GrpcService (GrpcService.java:closeImpl(320)) - a03ae040-0cc1-4c22-85ff-5ac1eba35bae: shutdown server GrpcServerProtocolService successfully
2024-04-28 12:46:02,430 [ForkJoinPool.commonPool-worker-1] INFO  server.GrpcService (GrpcService.java:closeImpl(311)) - a03ae040-0cc1-4c22-85ff-5ac1eba35bae: shutdown server org.apache.ratis.grpc.server.GrpcAdminProtocolService now
2024-04-28 12:46:02,430 [ForkJoinPool.commonPool-worker-3] INFO  server.GrpcService (GrpcService.java:closeImpl(320)) - a004c341-03e6-4aa5-a556-61598c35a019: shutdown server GrpcServerProtocolService successfully
2024-04-28 12:46:02,430 [ForkJoinPool.commonPool-worker-3] INFO  server.GrpcService (GrpcService.java:closeImpl(311)) - a004c341-03e6-4aa5-a556-61598c35a019: shutdown server org.apache.ratis.grpc.server.GrpcAdminProtocolService now
2024-04-28 12:46:02,431 [ForkJoinPool.commonPool-worker-2] INFO  server.GrpcService (GrpcService.java:closeImpl(320)) - 1fd4d212-c4d2-4c1d-a58c-62e98a4efa8c: shutdown server GrpcServerProtocolService successfully
2024-04-28 12:46:02,431 [ForkJoinPool.commonPool-worker-2] INFO  server.GrpcService (GrpcService.java:closeImpl(311)) - 1fd4d212-c4d2-4c1d-a58c-62e98a4efa8c: shutdown server org.apache.ratis.grpc.server.GrpcAdminProtocolService now
2024-04-28 12:46:02,434 [Thread-5920] INFO  server.GrpcServerProtocolClient (GrpcServerProtocolClient.java:close(103)) - 7957f999-cc51-45d8-add6-1ece72fbce78 Close channels
2024-04-28 12:46:02,434 [Thread-5930] INFO  server.GrpcServerProtocolClient (GrpcServerProtocolClient.java:close(103)) - 1fd4d212-c4d2-4c1d-a58c-62e98a4efa8c Close channels
2024-04-28 12:46:02,435 [ForkJoinPool.commonPool-worker-4] INFO  server.GrpcService (GrpcService.java:closeImpl(320)) - d1684581-678b-458f-8382-390a387eba93: shutdown server org.apache.ratis.grpc.server.GrpcClientProtocolService successfully
2024-04-28 12:46:02,435 [ForkJoinPool.commonPool-worker-4] INFO  server.GrpcService (GrpcService.java:closeImpl(311)) - d1684581-678b-458f-8382-390a387eba93: shutdown server GrpcServerProtocolService now
2024-04-28 12:46:02,435 [main] INFO  server.GrpcService (GrpcService.java:closeImpl(320)) - 7957f999-cc51-45d8-add6-1ece72fbce78: shutdown server GrpcServerProtocolService successfully
2024-04-28 12:46:02,436 [main] INFO  server.GrpcService (GrpcService.java:closeImpl(311)) - 7957f999-cc51-45d8-add6-1ece72fbce78: shutdown server org.apache.ratis.grpc.server.GrpcAdminProtocolService now
2024-04-28 12:46:02,436 [main] INFO  server.GrpcService (GrpcService.java:closeImpl(320)) - 7957f999-cc51-45d8-add6-1ece72fbce78: shutdown server org.apache.ratis.grpc.server.GrpcAdminProtocolService successfully
2024-04-28 12:46:02,437 [ForkJoinPool.commonPool-worker-4] INFO  server.GrpcService (GrpcService.java:closeImpl(320)) - d1684581-678b-458f-8382-390a387eba93: shutdown server GrpcServerProtocolService successfully
2024-04-28 12:46:02,437 [ForkJoinPool.commonPool-worker-4] INFO  server.GrpcService (GrpcService.java:closeImpl(311)) - d1684581-678b-458f-8382-390a387eba93: shutdown server org.apache.ratis.grpc.server.GrpcAdminProtocolService now
2024-04-28 12:46:02,438 [ForkJoinPool.commonPool-worker-2] INFO  server.GrpcService (GrpcService.java:closeImpl(320)) - 1fd4d212-c4d2-4c1d-a58c-62e98a4efa8c: shutdown server org.apache.ratis.grpc.server.GrpcAdminProtocolService successfully
2024-04-28 12:46:02,438 [ForkJoinPool.commonPool-worker-3] INFO  server.GrpcService (GrpcService.java:closeImpl(320)) - a004c341-03e6-4aa5-a556-61598c35a019: shutdown server org.apache.ratis.grpc.server.GrpcAdminProtocolService successfully
2024-04-28 12:46:02,439 [ForkJoinPool.commonPool-worker-4] INFO  server.GrpcService (GrpcService.java:closeImpl(320)) - d1684581-678b-458f-8382-390a387eba93: shutdown server org.apache.ratis.grpc.server.GrpcAdminProtocolService successfully
2024-04-28 12:46:02,439 [ForkJoinPool.commonPool-worker-1] INFO  server.GrpcService (GrpcService.java:closeImpl(320)) - a03ae040-0cc1-4c22-85ff-5ac1eba35bae: shutdown server org.apache.ratis.grpc.server.GrpcAdminProtocolService successfully
2024-04-28 12:46:02,446 [1fd4d212-c4d2-4c1d-a58c-62e98a4efa8c-NettyServerStreamRpc-bossGroup--thread1] INFO  logging.LoggingHandler (AbstractInternalLogger.java:log(148)) - [id: 0xbf6b0a2d, L:/0.0.0.0:15398] CLOSE
2024-04-28 12:46:02,446 [1fd4d212-c4d2-4c1d-a58c-62e98a4efa8c-NettyServerStreamRpc-bossGroup--thread1] INFO  logging.LoggingHandler (AbstractInternalLogger.java:log(148)) - [id: 0xbf6b0a2d, L:/0.0.0.0:15398] INACTIVE
2024-04-28 12:46:02,446 [1fd4d212-c4d2-4c1d-a58c-62e98a4efa8c-NettyServerStreamRpc-bossGroup--thread1] INFO  logging.LoggingHandler (AbstractInternalLogger.java:log(148)) - [id: 0xbf6b0a2d, L:/0.0.0.0:15398] UNREGISTERED
2024-04-28 12:46:02,449 [7957f999-cc51-45d8-add6-1ece72fbce78-NettyServerStreamRpc-bossGroup--thread1] INFO  logging.LoggingHandler (AbstractInternalLogger.java:log(148)) - [id: 0x5c6205ec, L:/0.0.0.0:15416] CLOSE
2024-04-28 12:46:02,449 [a03ae040-0cc1-4c22-85ff-5ac1eba35bae-NettyServerStreamRpc-bossGroup--thread1] INFO  logging.LoggingHandler (AbstractInternalLogger.java:log(148)) - [id: 0x6fae15c7, L:/0.0.0.0:15434] CLOSE
2024-04-28 12:46:02,449 [7957f999-cc51-45d8-add6-1ece72fbce78-NettyServerStreamRpc-bossGroup--thread1] INFO  logging.LoggingHandler (AbstractInternalLogger.java:log(148)) - [id: 0x5c6205ec, L:/0.0.0.0:15416] INACTIVE
2024-04-28 12:46:02,449 [7957f999-cc51-45d8-add6-1ece72fbce78-NettyServerStreamRpc-bossGroup--thread1] INFO  logging.LoggingHandler (AbstractInternalLogger.java:log(148)) - [id: 0x5c6205ec, L:/0.0.0.0:15416] UNREGISTERED
2024-04-28 12:46:02,449 [a03ae040-0cc1-4c22-85ff-5ac1eba35bae-NettyServerStreamRpc-bossGroup--thread1] INFO  logging.LoggingHandler (AbstractInternalLogger.java:log(148)) - [id: 0x6fae15c7, L:/0.0.0.0:15434] INACTIVE
2024-04-28 12:46:02,449 [a03ae040-0cc1-4c22-85ff-5ac1eba35bae-NettyServerStreamRpc-bossGroup--thread1] INFO  logging.LoggingHandler (AbstractInternalLogger.java:log(148)) - [id: 0x6fae15c7, L:/0.0.0.0:15434] UNREGISTERED
2024-04-28 12:46:02,450 [a004c341-03e6-4aa5-a556-61598c35a019-NettyServerStreamRpc-bossGroup--thread1] INFO  logging.LoggingHandler (AbstractInternalLogger.java:log(148)) - [id: 0xa4d34fe7, L:/0.0.0.0:15380] CLOSE
2024-04-28 12:46:02,450 [a004c341-03e6-4aa5-a556-61598c35a019-NettyServerStreamRpc-bossGroup--thread1] INFO  logging.LoggingHandler (AbstractInternalLogger.java:log(148)) - [id: 0xa4d34fe7, L:/0.0.0.0:15380] INACTIVE
2024-04-28 12:46:02,450 [a004c341-03e6-4aa5-a556-61598c35a019-NettyServerStreamRpc-bossGroup--thread1] INFO  logging.LoggingHandler (AbstractInternalLogger.java:log(148)) - [id: 0xa4d34fe7, L:/0.0.0.0:15380] UNREGISTERED
2024-04-28 12:46:02,451 [d1684581-678b-458f-8382-390a387eba93-NettyServerStreamRpc-bossGroup--thread1] INFO  logging.LoggingHandler (AbstractInternalLogger.java:log(148)) - [id: 0xfa8b641d, L:/0.0.0.0:15407] CLOSE
2024-04-28 12:46:02,452 [d1684581-678b-458f-8382-390a387eba93-NettyServerStreamRpc-bossGroup--thread1] INFO  logging.LoggingHandler (AbstractInternalLogger.java:log(148)) - [id: 0xfa8b641d, L:/0.0.0.0:15407] INACTIVE
2024-04-28 12:46:02,452 [d1684581-678b-458f-8382-390a387eba93-NettyServerStreamRpc-bossGroup--thread1] INFO  logging.LoggingHandler (AbstractInternalLogger.java:log(148)) - [id: 0xfa8b641d, L:/0.0.0.0:15407] UNREGISTERED
2024-04-28 12:46:02,508 [a03ae040-0cc1-4c22-85ff-5ac1eba35bae-impl-thread1] INFO  segmented.SegmentedRaftLogWorker (SegmentedRaftLogWorker.java:close(245)) - a03ae040-0cc1-4c22-85ff-5ac1eba35bae@group-B83BA2C23833-SegmentedRaftLogWorker close()
2024-04-28 12:46:02,554 [a03ae040-0cc1-4c22-85ff-5ac1eba35bae-impl-thread2] INFO  segmented.SegmentedRaftLogWorker (SegmentedRaftLogWorker.java:close(245)) - a03ae040-0cc1-4c22-85ff-5ac1eba35bae@group-940108511468-SegmentedRaftLogWorker close()
2024-04-28 12:46:02,554 [JvmPauseMonitor53] INFO  util.JvmPauseMonitor (JvmPauseMonitor.java:run(152)) - JvmPauseMonitor-a03ae040-0cc1-4c22-85ff-5ac1eba35bae: Stopped
2024-04-28 12:46:03,072 [a004c341-03e6-4aa5-a556-61598c35a019-impl-thread1] INFO  segmented.SegmentedRaftLogWorker (SegmentedRaftLogWorker.java:close(245)) - a004c341-03e6-4aa5-a556-61598c35a019@group-26F2B1E88B2E-SegmentedRaftLogWorker close()
2024-04-28 12:46:03,072 [JvmPauseMonitor47] INFO  util.JvmPauseMonitor (JvmPauseMonitor.java:run(152)) - JvmPauseMonitor-a004c341-03e6-4aa5-a556-61598c35a019: Stopped
2024-04-28 12:46:03,324 [d1684581-678b-458f-8382-390a387eba93-impl-thread1] INFO  segmented.SegmentedRaftLogWorker (SegmentedRaftLogWorker.java:close(245)) - d1684581-678b-458f-8382-390a387eba93@group-FBB08E98B0F2-SegmentedRaftLogWorker close()
2024-04-28 12:46:03,324 [1fd4d212-c4d2-4c1d-a58c-62e98a4efa8c-impl-thread1] INFO  segmented.SegmentedRaftLogWorker (SegmentedRaftLogWorker.java:close(245)) - 1fd4d212-c4d2-4c1d-a58c-62e98a4efa8c@group-8A4E9B3C4A03-SegmentedRaftLogWorker close()
2024-04-28 12:46:03,341 [d1684581-678b-458f-8382-390a387eba93-impl-thread2] INFO  segmented.SegmentedRaftLogWorker (SegmentedRaftLogWorker.java:close(245)) - d1684581-678b-458f-8382-390a387eba93@group-7DBF24B1A174-SegmentedRaftLogWorker close()
2024-04-28 12:46:03,341 [JvmPauseMonitor50] INFO  util.JvmPauseMonitor (JvmPauseMonitor.java:run(152)) - JvmPauseMonitor-d1684581-678b-458f-8382-390a387eba93: Stopped
2024-04-28 12:46:03,351 [7957f999-cc51-45d8-add6-1ece72fbce78-impl-thread2] INFO  segmented.SegmentedRaftLogWorker (SegmentedRaftLogWorker.java:close(245)) - 7957f999-cc51-45d8-add6-1ece72fbce78@group-7DBF24B1A174-SegmentedRaftLogWorker close()
2024-04-28 12:46:03,351 [1fd4d212-c4d2-4c1d-a58c-62e98a4efa8c-impl-thread2] INFO  segmented.SegmentedRaftLogWorker (SegmentedRaftLogWorker.java:close(245)) - 1fd4d212-c4d2-4c1d-a58c-62e98a4efa8c@group-7DBF24B1A174-SegmentedRaftLogWorker close()
2024-04-28 12:46:03,351 [JvmPauseMonitor49] INFO  util.JvmPauseMonitor (JvmPauseMonitor.java:run(152)) - JvmPauseMonitor-1fd4d212-c4d2-4c1d-a58c-62e98a4efa8c: Stopped
2024-04-28 12:46:03,362 [7957f999-cc51-45d8-add6-1ece72fbce78-impl-thread1] INFO  segmented.SegmentedRaftLogWorker (SegmentedRaftLogWorker.java:close(245)) - 7957f999-cc51-45d8-add6-1ece72fbce78@group-927C74D92FBF-SegmentedRaftLogWorker close()
2024-04-28 12:46:03,362 [JvmPauseMonitor51] INFO  util.JvmPauseMonitor (JvmPauseMonitor.java:run(152)) - JvmPauseMonitor-7957f999-cc51-45d8-add6-1ece72fbce78: Stopped
2024-04-28 12:46:04,556 [ForkJoinPool.commonPool-worker-1] INFO  utils.DatanodeStoreCache (DatanodeStoreCache.java:shutdownCache(116)) - Skip clearing cache in mini cluster mode. Entries left: [/home/runner/work/ozone/ozone/hadoop-ozone/integration-test/target/test-dir/MiniOzoneClusterImpl-4444f751-856d-4595-ad15-e87fc76049bc/ozone-meta/datanode-2/data-0/hdds/4444f751-856d-4595-ad15-e87fc76049bc/DS-45c80d85-1712-49b0-95d4-e488d6ec3d03/container.db, /home/runner/work/ozone/ozone/hadoop-ozone/integration-test/target/test-dir/MiniOzoneClusterImpl-4444f751-856d-4595-ad15-e87fc76049bc/ozone-meta/datanode-4/data-0/hdds/4444f751-856d-4595-ad15-e87fc76049bc/DS-42cab9f4-8c81-4ae6-a47c-0b886da97ee4/container.db, /home/runner/work/ozone/ozone/hadoop-ozone/integration-test/target/test-dir/MiniOzoneClusterImpl-4444f751-856d-4595-ad15-e87fc76049bc/ozone-meta/datanode-5/data-0/hdds/4444f751-856d-4595-ad15-e87fc76049bc/DS-763e1850-1479-4595-8d95-8adaa48a2d65/container.db, /home/runner/work/ozone/ozone/hadoop-ozone/integration-test/target/test-dir/MiniOzoneClusterImpl-4444f751-856d-4595-ad15-e87fc76049bc/ozone-meta/datanode-6/data-0/hdds/4444f751-856d-4595-ad15-e87fc76049bc/DS-962918f5-885f-4e9d-96ea-cdcee6a10657/container.db, /home/runner/work/ozone/ozone/hadoop-ozone/integration-test/target/test-dir/MiniOzoneClusterImpl-4444f751-856d-4595-ad15-e87fc76049bc/ozone-meta/datanode-7/data-0/hdds/4444f751-856d-4595-ad15-e87fc76049bc/DS-6c614259-3da6-498b-b4d8-5bb63d455e9b/container.db, /home/runner/work/ozone/ozone/hadoop-ozone/integration-test/target/test-dir/MiniOzoneClusterImpl-4444f751-856d-4595-ad15-e87fc76049bc/ozone-meta/datanode-8/data-0/hdds/4444f751-856d-4595-ad15-e87fc76049bc/DS-bd58df47-5ee0-4016-acac-bc16bc87f077/container.db, /home/runner/work/ozone/ozone/hadoop-ozone/integration-test/target/test-dir/MiniOzoneClusterImpl-4444f751-856d-4595-ad15-e87fc76049bc/ozone-meta/datanode-9/data-0/hdds/4444f751-856d-4595-ad15-e87fc76049bc/DS-67afbe17-e799-4608-af11-e15ca9da8d66/container.db]
2024-04-28 12:46:04,557 [ForkJoinPool.commonPool-worker-1] INFO  utils.DatanodeStoreCache (DatanodeStoreCache.java:removeDB(110)) - Removed db /home/runner/work/ozone/ozone/hadoop-ozone/integration-test/target/test-dir/MiniOzoneClusterImpl-4444f751-856d-4595-ad15-e87fc76049bc/ozone-meta/datanode-8/data-0/hdds/4444f751-856d-4595-ad15-e87fc76049bc/DS-bd58df47-5ee0-4016-acac-bc16bc87f077/container.db from cache
2024-04-28 12:46:04,557 [ForkJoinPool.commonPool-worker-1] INFO  volume.HddsVolume (HddsVolume.java:closeDbStore(470)) - SchemaV3 db is stopped at /home/runner/work/ozone/ozone/hadoop-ozone/integration-test/target/test-dir/MiniOzoneClusterImpl-4444f751-856d-4595-ad15-e87fc76049bc/ozone-meta/datanode-8/data-0/hdds/4444f751-856d-4595-ad15-e87fc76049bc/DS-bd58df47-5ee0-4016-acac-bc16bc87f077/container.db for volume DS-bd58df47-5ee0-4016-acac-bc16bc87f077
2024-04-28 12:46:04,558 [ForkJoinPool.commonPool-worker-1] INFO  utils.BackgroundService (BackgroundService.java:shutdown(160)) - Shutting down service BlockDeletingService
2024-04-28 12:46:04,558 [ForkJoinPool.commonPool-worker-1] INFO  utils.BackgroundService (BackgroundService.java:shutdown(160)) - Shutting down service StaleRecoveringContainerScrubbingService
2024-04-28 12:46:04,558 [ForkJoinPool.commonPool-worker-1] INFO  statemachine.DatanodeStateMachine (DatanodeStateMachine.java:stopDaemon(638)) - Ozone container server stopped.
2024-04-28 12:46:04,558 [ForkJoinPool.commonPool-worker-1] INFO  handler.ContextHandler (ContextHandler.java:doStop(1159)) - Stopped o.e.j.w.WebAppContext@27d74f45{hddsDatanode,/,null,STOPPED}{file:/home/runner/work/ozone/ozone/hadoop-hdds/container-service/target/classes/webapps/hddsDatanode}
2024-04-28 12:46:04,559 [ForkJoinPool.commonPool-worker-1] INFO  server.AbstractConnector (AbstractConnector.java:doStop(383)) - Stopped ServerConnector@2b4f1b37{HTTP/1.1, (http/1.1)}{0.0.0.0:15428}
2024-04-28 12:46:04,559 [ForkJoinPool.commonPool-worker-1] INFO  server.session (HouseKeeper.java:stopScavenging(149)) - node0 Stopped scavenging
2024-04-28 12:46:04,559 [ForkJoinPool.commonPool-worker-1] INFO  handler.ContextHandler (ContextHandler.java:doStop(1159)) - Stopped o.e.j.s.ServletContextHandler@5fb8db6c{static,/static,file:///home/runner/work/ozone/ozone/hadoop-hdds/container-service/target/classes/webapps/static,STOPPED}
2024-04-28 12:46:04,559 [ForkJoinPool.commonPool-worker-1] INFO  handler.ContextHandler (ContextHandler.java:doStop(1159)) - Stopped o.e.j.s.ServletContextHandler@71867474{logs,/logs,file:///home/runner/work/ozone/ozone/hadoop-ozone/integration-test/target/log,STOPPED}
2024-04-28 12:46:04,560 [ForkJoinPool.commonPool-worker-1] INFO  ozone.HddsDatanodeClientProtocolServer (HddsDatanodeClientProtocolServer.java:stop(83)) - Stopping the RPC server for Client Protocol
2024-04-28 12:46:04,560 [ForkJoinPool.commonPool-worker-1] INFO  ipc.Server (Server.java:stop(3523)) - Stopping server on 15429
2024-04-28 12:46:04,560 [IPC Server listener on 15429] INFO  ipc.Server (Server.java:run(1434)) - Stopping IPC Server listener on 15429
2024-04-28 12:46:04,560 [IPC Server Responder] INFO  ipc.Server (Server.java:run(1567)) - Stopping IPC Server Responder
2024-04-28 12:46:04,562 [ForkJoinPool.commonPool-worker-1] INFO  ozoneimpl.OzoneContainer (OzoneContainer.java:stop(481)) - Attempting to stop container services.
2024-04-28 12:46:04,562 [ContainerMetadataScanner] WARN  ozoneimpl.AbstractBackgroundContainerScanner (AbstractBackgroundContainerScanner.java:handleRemainingSleep(134)) - Background container scan was interrupted.
2024-04-28 12:46:04,562 [ContainerMetadataScanner] INFO  ozoneimpl.AbstractBackgroundContainerScanner (AbstractBackgroundContainerScanner.java:run(61)) - Thread[ContainerMetadataScanner,5,main] exiting.
2024-04-28 12:46:04,562 [ForkJoinPool.commonPool-worker-1] INFO  ozoneimpl.BackgroundContainerDataScanner (BackgroundContainerDataScanner.java:shutdown(141)) - ContainerDataScanner(/home/runner/work/ozone/ozone/hadoop-ozone/integration-test/target/test-dir/MiniOzoneClusterImpl-4444f751-856d-4595-ad15-e87fc76049bc/ozone-meta/datanode-9/data-0/hdds) is shutting down. 
2024-04-28 12:46:04,562 [ContainerDataScanner(/home/runner/work/ozone/ozone/hadoop-ozone/integration-test/target/test-dir/MiniOzoneClusterImpl-4444f751-856d-4595-ad15-e87fc76049bc/ozone-meta/datanode-9/data-0/hdds)] WARN  ozoneimpl.AbstractBackgroundContainerScanner (AbstractBackgroundContainerScanner.java:handleRemainingSleep(134)) - Background container scan was interrupted.
2024-04-28 12:46:04,563 [ContainerDataScanner(/home/runner/work/ozone/ozone/hadoop-ozone/integration-test/target/test-dir/MiniOzoneClusterImpl-4444f751-856d-4595-ad15-e87fc76049bc/ozone-meta/datanode-9/data-0/hdds)] INFO  ozoneimpl.AbstractBackgroundContainerScanner (AbstractBackgroundContainerScanner.java:run(61)) - ContainerDataScanner(/home/runner/work/ozone/ozone/hadoop-ozone/integration-test/target/test-dir/MiniOzoneClusterImpl-4444f751-856d-4595-ad15-e87fc76049bc/ozone-meta/datanode-9/data-0/hdds, DS-67afbe17-e799-4608-af11-e15ca9da8d66) exiting.
2024-04-28 12:46:04,563 [ForkJoinPool.commonPool-worker-1] INFO  server.RaftServer (RaftServerProxy.java:lambda$close$9(416)) - 5986eb43-6756-4d1a-9985-b2bcfc70d88f: close
2024-04-28 12:46:04,563 [5986eb43-6756-4d1a-9985-b2bcfc70d88f-impl-thread1] INFO  server.RaftServer$Division (RaftServerImpl.java:lambda$close$3(526)) - 5986eb43-6756-4d1a-9985-b2bcfc70d88f@group-940108511468: shutdown
2024-04-28 12:46:04,563 [ForkJoinPool.commonPool-worker-1] INFO  server.GrpcService (GrpcService.java:closeImpl(311)) - 5986eb43-6756-4d1a-9985-b2bcfc70d88f: shutdown server org.apache.ratis.grpc.server.GrpcClientProtocolService now
2024-04-28 12:46:04,563 [5986eb43-6756-4d1a-9985-b2bcfc70d88f-impl-thread1] INFO  util.JmxRegister (JmxRegister.java:unregister(73)) - Successfully un-registered JMX Bean with object name Ratis:service=RaftServer,group=group-940108511468,id=5986eb43-6756-4d1a-9985-b2bcfc70d88f
2024-04-28 12:46:04,563 [5986eb43-6756-4d1a-9985-b2bcfc70d88f-impl-thread1] INFO  impl.RoleInfo (RoleInfo.java:shutdownFollowerState(110)) - 5986eb43-6756-4d1a-9985-b2bcfc70d88f: shutdown 5986eb43-6756-4d1a-9985-b2bcfc70d88f@group-940108511468-FollowerState
2024-04-28 12:46:04,563 [5986eb43-6756-4d1a-9985-b2bcfc70d88f-impl-thread1] INFO  impl.StateMachineUpdater (StateMachineUpdater.java:stopAndJoin(157)) - 5986eb43-6756-4d1a-9985-b2bcfc70d88f@group-940108511468-StateMachineUpdater: set stopIndex = 0
2024-04-28 12:46:04,563 [5986eb43-6756-4d1a-9985-b2bcfc70d88f-impl-thread2] INFO  server.RaftServer$Division (RaftServerImpl.java:lambda$close$3(526)) - 5986eb43-6756-4d1a-9985-b2bcfc70d88f@group-A5936114C7E8: shutdown
2024-04-28 12:46:04,563 [5986eb43-6756-4d1a-9985-b2bcfc70d88f@group-940108511468-StateMachineUpdater] INFO  ratis.ContainerStateMachine (ContainerStateMachine.java:takeSnapshot(355)) - group-940108511468: Taking a snapshot at:(t:1, i:0) file /home/runner/work/ozone/ozone/hadoop-ozone/integration-test/target/test-dir/MiniOzoneClusterImpl-4444f751-856d-4595-ad15-e87fc76049bc/ozone-meta/datanode-9/ratis/7bd19e24-d539-410e-99a1-940108511468/sm/snapshot.1_0
2024-04-28 12:46:04,563 [5986eb43-6756-4d1a-9985-b2bcfc70d88f@group-940108511468-FollowerState] INFO  impl.FollowerState (FollowerState.java:run(152)) - 5986eb43-6756-4d1a-9985-b2bcfc70d88f@group-940108511468-FollowerState was interrupted
2024-04-28 12:46:04,563 [5986eb43-6756-4d1a-9985-b2bcfc70d88f-impl-thread2] INFO  util.JmxRegister (JmxRegister.java:unregister(73)) - Successfully un-registered JMX Bean with object name Ratis:service=RaftServer,group=group-A5936114C7E8,id=5986eb43-6756-4d1a-9985-b2bcfc70d88f
2024-04-28 12:46:04,564 [5986eb43-6756-4d1a-9985-b2bcfc70d88f-impl-thread2] INFO  impl.RoleInfo (RoleInfo.java:shutdownLeaderState(94)) - 5986eb43-6756-4d1a-9985-b2bcfc70d88f: shutdown 5986eb43-6756-4d1a-9985-b2bcfc70d88f@group-A5936114C7E8-LeaderStateImpl
2024-04-28 12:46:04,564 [5986eb43-6756-4d1a-9985-b2bcfc70d88f-impl-thread2] INFO  impl.PendingRequests (PendingRequests.java:sendNotLeaderResponses(289)) - 5986eb43-6756-4d1a-9985-b2bcfc70d88f@group-A5936114C7E8-PendingRequests: sendNotLeaderResponses
2024-04-28 12:46:04,564 [Thread-6124] INFO  server.GrpcServerProtocolClient (GrpcServerProtocolClient.java:close(103)) - 2888e557-450c-42c6-ab50-0bca692fd7ac Close channels
2024-04-28 12:46:04,564 [5986eb43-6756-4d1a-9985-b2bcfc70d88f-impl-thread2] INFO  impl.StateMachineUpdater (StateMachineUpdater.java:stopAndJoin(157)) - 5986eb43-6756-4d1a-9985-b2bcfc70d88f@group-A5936114C7E8-StateMachineUpdater: set stopIndex = 0
2024-04-28 12:46:04,564 [5986eb43-6756-4d1a-9985-b2bcfc70d88f@group-940108511468-StateMachineUpdater] INFO  ratis.ContainerStateMachine (ContainerStateMachine.java:takeSnapshot(366)) - group-940108511468: Finished taking a snapshot at:(t:1, i:0) file:/home/runner/work/ozone/ozone/hadoop-ozone/integration-test/target/test-dir/MiniOzoneClusterImpl-4444f751-856d-4595-ad15-e87fc76049bc/ozone-meta/datanode-9/ratis/7bd19e24-d539-410e-99a1-940108511468/sm/snapshot.1_0 took: 1 ms
2024-04-28 12:46:04,564 [5986eb43-6756-4d1a-9985-b2bcfc70d88f@group-A5936114C7E8-StateMachineUpdater] INFO  ratis.ContainerStateMachine (ContainerStateMachine.java:takeSnapshot(355)) - group-A5936114C7E8: Taking a snapshot at:(t:1, i:0) file /home/runner/work/ozone/ozone/hadoop-ozone/integration-test/target/test-dir/MiniOzoneClusterImpl-4444f751-856d-4595-ad15-e87fc76049bc/ozone-meta/datanode-9/ratis/a99b7c0d-75e3-40d5-88c3-a5936114c7e8/sm/snapshot.1_0
2024-04-28 12:46:04,564 [Thread-6126] INFO  server.GrpcServerProtocolClient (GrpcServerProtocolClient.java:close(103)) - a03ae040-0cc1-4c22-85ff-5ac1eba35bae Close channels
2024-04-28 12:46:04,565 [5986eb43-6756-4d1a-9985-b2bcfc70d88f@group-940108511468-StateMachineUpdater] INFO  impl.StateMachineUpdater (StateMachineUpdater.java:takeSnapshot(295)) - 5986eb43-6756-4d1a-9985-b2bcfc70d88f@group-940108511468-StateMachineUpdater: Took a snapshot at index 0
2024-04-28 12:46:04,565 [5986eb43-6756-4d1a-9985-b2bcfc70d88f@group-940108511468-StateMachineUpdater] INFO  impl.StateMachineUpdater (StateMachineUpdater.java:lambda$new$0(98)) - 5986eb43-6756-4d1a-9985-b2bcfc70d88f@group-940108511468-StateMachineUpdater: snapshotIndex: updateIncreasingly -1 -> 0
2024-04-28 12:46:04,565 [ForkJoinPool.commonPool-worker-1] INFO  server.GrpcService (GrpcService.java:closeImpl(320)) - 5986eb43-6756-4d1a-9985-b2bcfc70d88f: shutdown server org.apache.ratis.grpc.server.GrpcClientProtocolService successfully
2024-04-28 12:46:04,565 [ForkJoinPool.commonPool-worker-1] INFO  server.GrpcService (GrpcService.java:closeImpl(311)) - 5986eb43-6756-4d1a-9985-b2bcfc70d88f: shutdown server GrpcServerProtocolService now
2024-04-28 12:46:04,565 [5986eb43-6756-4d1a-9985-b2bcfc70d88f@group-A5936114C7E8-StateMachineUpdater] INFO  ratis.ContainerStateMachine (ContainerStateMachine.java:takeSnapshot(366)) - group-A5936114C7E8: Finished taking a snapshot at:(t:1, i:0) file:/home/runner/work/ozone/ozone/hadoop-ozone/integration-test/target/test-dir/MiniOzoneClusterImpl-4444f751-856d-4595-ad15-e87fc76049bc/ozone-meta/datanode-9/ratis/a99b7c0d-75e3-40d5-88c3-a5936114c7e8/sm/snapshot.1_0 took: 0 ms
2024-04-28 12:46:04,565 [5986eb43-6756-4d1a-9985-b2bcfc70d88f-impl-thread1] INFO  server.RaftServer$Division (ServerState.java:close(427)) - 5986eb43-6756-4d1a-9985-b2bcfc70d88f@group-940108511468: applyIndex: 0
2024-04-28 12:46:04,565 [5986eb43-6756-4d1a-9985-b2bcfc70d88f@group-940108511468-cacheEviction-AwaitToRun] INFO  util.AwaitToRun (AwaitToRun.java:run(49)) - 5986eb43-6756-4d1a-9985-b2bcfc70d88f@group-940108511468-cacheEviction-AwaitToRun-AwaitForSignal is interrupted
2024-04-28 12:46:04,565 [5986eb43-6756-4d1a-9985-b2bcfc70d88f@group-A5936114C7E8-StateMachineUpdater] INFO  impl.StateMachineUpdater (StateMachineUpdater.java:takeSnapshot(295)) - 5986eb43-6756-4d1a-9985-b2bcfc70d88f@group-A5936114C7E8-StateMachineUpdater: Took a snapshot at index 0
2024-04-28 12:46:04,565 [5986eb43-6756-4d1a-9985-b2bcfc70d88f@group-A5936114C7E8-StateMachineUpdater] INFO  impl.StateMachineUpdater (StateMachineUpdater.java:lambda$new$0(98)) - 5986eb43-6756-4d1a-9985-b2bcfc70d88f@group-A5936114C7E8-StateMachineUpdater: snapshotIndex: updateIncreasingly -1 -> 0
2024-04-28 12:46:04,565 [5986eb43-6756-4d1a-9985-b2bcfc70d88f-impl-thread2] INFO  server.RaftServer$Division (ServerState.java:close(427)) - 5986eb43-6756-4d1a-9985-b2bcfc70d88f@group-A5936114C7E8: applyIndex: 0
2024-04-28 12:46:04,565 [5986eb43-6756-4d1a-9985-b2bcfc70d88f@group-A5936114C7E8-cacheEviction-AwaitToRun] INFO  util.AwaitToRun (AwaitToRun.java:run(49)) - 5986eb43-6756-4d1a-9985-b2bcfc70d88f@group-A5936114C7E8-cacheEviction-AwaitToRun-AwaitForSignal is interrupted
2024-04-28 12:46:04,566 [ForkJoinPool.commonPool-worker-1] INFO  server.GrpcService (GrpcService.java:closeImpl(320)) - 5986eb43-6756-4d1a-9985-b2bcfc70d88f: shutdown server GrpcServerProtocolService successfully
2024-04-28 12:46:04,566 [ForkJoinPool.commonPool-worker-1] INFO  server.GrpcService (GrpcService.java:closeImpl(311)) - 5986eb43-6756-4d1a-9985-b2bcfc70d88f: shutdown server org.apache.ratis.grpc.server.GrpcAdminProtocolService now
2024-04-28 12:46:04,566 [ForkJoinPool.commonPool-worker-1] INFO  server.GrpcService (GrpcService.java:closeImpl(320)) - 5986eb43-6756-4d1a-9985-b2bcfc70d88f: shutdown server org.apache.ratis.grpc.server.GrpcAdminProtocolService successfully
2024-04-28 12:46:04,568 [5986eb43-6756-4d1a-9985-b2bcfc70d88f-NettyServerStreamRpc-bossGroup--thread1] INFO  logging.LoggingHandler (AbstractInternalLogger.java:log(148)) - [id: 0xf6bdc2b0, L:/0.0.0.0:15443] CLOSE
2024-04-28 12:46:04,569 [5986eb43-6756-4d1a-9985-b2bcfc70d88f-NettyServerStreamRpc-bossGroup--thread1] INFO  logging.LoggingHandler (AbstractInternalLogger.java:log(148)) - [id: 0xf6bdc2b0, L:/0.0.0.0:15443] INACTIVE
2024-04-28 12:46:04,569 [5986eb43-6756-4d1a-9985-b2bcfc70d88f-NettyServerStreamRpc-bossGroup--thread1] INFO  logging.LoggingHandler (AbstractInternalLogger.java:log(148)) - [id: 0xf6bdc2b0, L:/0.0.0.0:15443] UNREGISTERED
2024-04-28 12:46:05,074 [ForkJoinPool.commonPool-worker-3] INFO  utils.DatanodeStoreCache (DatanodeStoreCache.java:shutdownCache(116)) - Skip clearing cache in mini cluster mode. Entries left: [/home/runner/work/ozone/ozone/hadoop-ozone/integration-test/target/test-dir/MiniOzoneClusterImpl-4444f751-856d-4595-ad15-e87fc76049bc/ozone-meta/datanode-2/data-0/hdds/4444f751-856d-4595-ad15-e87fc76049bc/DS-45c80d85-1712-49b0-95d4-e488d6ec3d03/container.db, /home/runner/work/ozone/ozone/hadoop-ozone/integration-test/target/test-dir/MiniOzoneClusterImpl-4444f751-856d-4595-ad15-e87fc76049bc/ozone-meta/datanode-4/data-0/hdds/4444f751-856d-4595-ad15-e87fc76049bc/DS-42cab9f4-8c81-4ae6-a47c-0b886da97ee4/container.db, /home/runner/work/ozone/ozone/hadoop-ozone/integration-test/target/test-dir/MiniOzoneClusterImpl-4444f751-856d-4595-ad15-e87fc76049bc/ozone-meta/datanode-5/data-0/hdds/4444f751-856d-4595-ad15-e87fc76049bc/DS-763e1850-1479-4595-8d95-8adaa48a2d65/container.db, /home/runner/work/ozone/ozone/hadoop-ozone/integration-test/target/test-dir/MiniOzoneClusterImpl-4444f751-856d-4595-ad15-e87fc76049bc/ozone-meta/datanode-6/data-0/hdds/4444f751-856d-4595-ad15-e87fc76049bc/DS-962918f5-885f-4e9d-96ea-cdcee6a10657/container.db, /home/runner/work/ozone/ozone/hadoop-ozone/integration-test/target/test-dir/MiniOzoneClusterImpl-4444f751-856d-4595-ad15-e87fc76049bc/ozone-meta/datanode-7/data-0/hdds/4444f751-856d-4595-ad15-e87fc76049bc/DS-6c614259-3da6-498b-b4d8-5bb63d455e9b/container.db, /home/runner/work/ozone/ozone/hadoop-ozone/integration-test/target/test-dir/MiniOzoneClusterImpl-4444f751-856d-4595-ad15-e87fc76049bc/ozone-meta/datanode-9/data-0/hdds/4444f751-856d-4595-ad15-e87fc76049bc/DS-67afbe17-e799-4608-af11-e15ca9da8d66/container.db]
2024-04-28 12:46:05,075 [ForkJoinPool.commonPool-worker-3] INFO  utils.DatanodeStoreCache (DatanodeStoreCache.java:removeDB(110)) - Removed db /home/runner/work/ozone/ozone/hadoop-ozone/integration-test/target/test-dir/MiniOzoneClusterImpl-4444f751-856d-4595-ad15-e87fc76049bc/ozone-meta/datanode-2/data-0/hdds/4444f751-856d-4595-ad15-e87fc76049bc/DS-45c80d85-1712-49b0-95d4-e488d6ec3d03/container.db from cache
2024-04-28 12:46:05,075 [ForkJoinPool.commonPool-worker-3] INFO  volume.HddsVolume (HddsVolume.java:closeDbStore(470)) - SchemaV3 db is stopped at /home/runner/work/ozone/ozone/hadoop-ozone/integration-test/target/test-dir/MiniOzoneClusterImpl-4444f751-856d-4595-ad15-e87fc76049bc/ozone-meta/datanode-2/data-0/hdds/4444f751-856d-4595-ad15-e87fc76049bc/DS-45c80d85-1712-49b0-95d4-e488d6ec3d03/container.db for volume DS-45c80d85-1712-49b0-95d4-e488d6ec3d03
2024-04-28 12:46:05,075 [ForkJoinPool.commonPool-worker-3] INFO  utils.BackgroundService (BackgroundService.java:shutdown(160)) - Shutting down service BlockDeletingService
2024-04-28 12:46:05,075 [ForkJoinPool.commonPool-worker-3] INFO  utils.BackgroundService (BackgroundService.java:shutdown(160)) - Shutting down service StaleRecoveringContainerScrubbingService
2024-04-28 12:46:05,075 [ForkJoinPool.commonPool-worker-3] INFO  statemachine.DatanodeStateMachine (DatanodeStateMachine.java:stopDaemon(638)) - Ozone container server stopped.
2024-04-28 12:46:05,076 [ForkJoinPool.commonPool-worker-3] INFO  handler.ContextHandler (ContextHandler.java:doStop(1159)) - Stopped o.e.j.w.WebAppContext@3141db11{hddsDatanode,/,null,STOPPED}{file:/home/runner/work/ozone/ozone/hadoop-hdds/container-service/target/classes/webapps/hddsDatanode}
2024-04-28 12:46:05,076 [ForkJoinPool.commonPool-worker-3] INFO  server.AbstractConnector (AbstractConnector.java:doStop(383)) - Stopped ServerConnector@414cf106{HTTP/1.1, (http/1.1)}{0.0.0.0:15374}
2024-04-28 12:46:05,076 [ForkJoinPool.commonPool-worker-3] INFO  server.session (HouseKeeper.java:stopScavenging(149)) - node0 Stopped scavenging
2024-04-28 12:46:05,076 [ForkJoinPool.commonPool-worker-3] INFO  handler.ContextHandler (ContextHandler.java:doStop(1159)) - Stopped o.e.j.s.ServletContextHandler@3239f4c1{static,/static,file:///home/runner/work/ozone/ozone/hadoop-hdds/container-service/target/classes/webapps/static,STOPPED}
2024-04-28 12:46:05,076 [ForkJoinPool.commonPool-worker-3] INFO  handler.ContextHandler (ContextHandler.java:doStop(1159)) - Stopped o.e.j.s.ServletContextHandler@50818b2f{logs,/logs,file:///home/runner/work/ozone/ozone/hadoop-ozone/integration-test/target/log,STOPPED}
2024-04-28 12:46:05,077 [ForkJoinPool.commonPool-worker-3] INFO  ozone.HddsDatanodeClientProtocolServer (HddsDatanodeClientProtocolServer.java:stop(83)) - Stopping the RPC server for Client Protocol
2024-04-28 12:46:05,077 [ForkJoinPool.commonPool-worker-3] INFO  ipc.Server (Server.java:stop(3523)) - Stopping server on 15375
2024-04-28 12:46:05,077 [IPC Server listener on 15375] INFO  ipc.Server (Server.java:run(1434)) - Stopping IPC Server listener on 15375
2024-04-28 12:46:05,077 [IPC Server Responder] INFO  ipc.Server (Server.java:run(1567)) - Stopping IPC Server Responder
2024-04-28 12:46:05,078 [ForkJoinPool.commonPool-worker-3] INFO  ozoneimpl.OzoneContainer (OzoneContainer.java:stop(481)) - Attempting to stop container services.
2024-04-28 12:46:05,078 [ContainerMetadataScanner] WARN  ozoneimpl.AbstractBackgroundContainerScanner (AbstractBackgroundContainerScanner.java:handleRemainingSleep(134)) - Background container scan was interrupted.
2024-04-28 12:46:05,078 [ContainerMetadataScanner] INFO  ozoneimpl.AbstractBackgroundContainerScanner (AbstractBackgroundContainerScanner.java:run(61)) - Thread[ContainerMetadataScanner,5,main] exiting.
2024-04-28 12:46:05,079 [ForkJoinPool.commonPool-worker-3] INFO  ozoneimpl.BackgroundContainerDataScanner (BackgroundContainerDataScanner.java:shutdown(141)) - ContainerDataScanner(/home/runner/work/ozone/ozone/hadoop-ozone/integration-test/target/test-dir/MiniOzoneClusterImpl-4444f751-856d-4595-ad15-e87fc76049bc/ozone-meta/datanode-7/data-0/hdds) is shutting down. 
2024-04-28 12:46:05,079 [ContainerDataScanner(/home/runner/work/ozone/ozone/hadoop-ozone/integration-test/target/test-dir/MiniOzoneClusterImpl-4444f751-856d-4595-ad15-e87fc76049bc/ozone-meta/datanode-7/data-0/hdds)] WARN  ozoneimpl.AbstractBackgroundContainerScanner (AbstractBackgroundContainerScanner.java:handleRemainingSleep(134)) - Background container scan was interrupted.
2024-04-28 12:46:05,079 [ContainerDataScanner(/home/runner/work/ozone/ozone/hadoop-ozone/integration-test/target/test-dir/MiniOzoneClusterImpl-4444f751-856d-4595-ad15-e87fc76049bc/ozone-meta/datanode-7/data-0/hdds)] INFO  ozoneimpl.AbstractBackgroundContainerScanner (AbstractBackgroundContainerScanner.java:run(61)) - ContainerDataScanner(/home/runner/work/ozone/ozone/hadoop-ozone/integration-test/target/test-dir/MiniOzoneClusterImpl-4444f751-856d-4595-ad15-e87fc76049bc/ozone-meta/datanode-7/data-0/hdds, DS-6c614259-3da6-498b-b4d8-5bb63d455e9b) exiting.
2024-04-28 12:46:05,079 [ForkJoinPool.commonPool-worker-3] INFO  server.RaftServer (RaftServerProxy.java:lambda$close$9(416)) - 2888e557-450c-42c6-ab50-0bca692fd7ac: close
2024-04-28 12:46:05,079 [2888e557-450c-42c6-ab50-0bca692fd7ac-impl-thread1] INFO  server.RaftServer$Division (RaftServerImpl.java:lambda$close$3(526)) - 2888e557-450c-42c6-ab50-0bca692fd7ac@group-3532D1E24A91: shutdown
2024-04-28 12:46:05,079 [2888e557-450c-42c6-ab50-0bca692fd7ac-impl-thread1] INFO  util.JmxRegister (JmxRegister.java:unregister(73)) - Successfully un-registered JMX Bean with object name Ratis:service=RaftServer,group=group-3532D1E24A91,id=2888e557-450c-42c6-ab50-0bca692fd7ac
2024-04-28 12:46:05,079 [2888e557-450c-42c6-ab50-0bca692fd7ac-impl-thread1] INFO  impl.RoleInfo (RoleInfo.java:shutdownLeaderState(94)) - 2888e557-450c-42c6-ab50-0bca692fd7ac: shutdown 2888e557-450c-42c6-ab50-0bca692fd7ac@group-3532D1E24A91-LeaderStateImpl
2024-04-28 12:46:05,079 [ForkJoinPool.commonPool-worker-3] INFO  server.GrpcService (GrpcService.java:closeImpl(311)) - 2888e557-450c-42c6-ab50-0bca692fd7ac: shutdown server org.apache.ratis.grpc.server.GrpcClientProtocolService now
2024-04-28 12:46:05,079 [2888e557-450c-42c6-ab50-0bca692fd7ac-impl-thread1] INFO  impl.PendingRequests (PendingRequests.java:sendNotLeaderResponses(289)) - 2888e557-450c-42c6-ab50-0bca692fd7ac@group-3532D1E24A91-PendingRequests: sendNotLeaderResponses
2024-04-28 12:46:05,079 [2888e557-450c-42c6-ab50-0bca692fd7ac-impl-thread2] INFO  server.RaftServer$Division (RaftServerImpl.java:lambda$close$3(526)) - 2888e557-450c-42c6-ab50-0bca692fd7ac@group-940108511468: shutdown
2024-04-28 12:46:05,080 [2888e557-450c-42c6-ab50-0bca692fd7ac-impl-thread2] INFO  util.JmxRegister (JmxRegister.java:unregister(73)) - Successfully un-registered JMX Bean with object name Ratis:service=RaftServer,group=group-940108511468,id=2888e557-450c-42c6-ab50-0bca692fd7ac
2024-04-28 12:46:05,080 [2888e557-450c-42c6-ab50-0bca692fd7ac-impl-thread2] INFO  impl.RoleInfo (RoleInfo.java:shutdownFollowerState(110)) - 2888e557-450c-42c6-ab50-0bca692fd7ac: shutdown 2888e557-450c-42c6-ab50-0bca692fd7ac@group-940108511468-FollowerState
2024-04-28 12:46:05,080 [2888e557-450c-42c6-ab50-0bca692fd7ac@group-940108511468-FollowerState] INFO  impl.FollowerState (FollowerState.java:run(152)) - 2888e557-450c-42c6-ab50-0bca692fd7ac@group-940108511468-FollowerState was interrupted
2024-04-28 12:46:05,080 [2888e557-450c-42c6-ab50-0bca692fd7ac-impl-thread1] INFO  impl.StateMachineUpdater (StateMachineUpdater.java:stopAndJoin(157)) - 2888e557-450c-42c6-ab50-0bca692fd7ac@group-3532D1E24A91-StateMachineUpdater: set stopIndex = 0
2024-04-28 12:46:05,080 [2888e557-450c-42c6-ab50-0bca692fd7ac-impl-thread2] INFO  impl.StateMachineUpdater (StateMachineUpdater.java:stopAndJoin(157)) - 2888e557-450c-42c6-ab50-0bca692fd7ac@group-940108511468-StateMachineUpdater: set stopIndex = 0
2024-04-28 12:46:05,080 [2888e557-450c-42c6-ab50-0bca692fd7ac@group-940108511468-StateMachineUpdater] INFO  ratis.ContainerStateMachine (ContainerStateMachine.java:takeSnapshot(355)) - group-940108511468: Taking a snapshot at:(t:1, i:0) file /home/runner/work/ozone/ozone/hadoop-ozone/integration-test/target/test-dir/MiniOzoneClusterImpl-4444f751-856d-4595-ad15-e87fc76049bc/ozone-meta/datanode-7/ratis/7bd19e24-d539-410e-99a1-940108511468/sm/snapshot.1_0
2024-04-28 12:46:05,080 [2888e557-450c-42c6-ab50-0bca692fd7ac@group-3532D1E24A91-StateMachineUpdater] INFO  ratis.ContainerStateMachine (ContainerStateMachine.java:takeSnapshot(355)) - group-3532D1E24A91: Taking a snapshot at:(t:1, i:0) file /home/runner/work/ozone/ozone/hadoop-ozone/integration-test/target/test-dir/MiniOzoneClusterImpl-4444f751-856d-4595-ad15-e87fc76049bc/ozone-meta/datanode-7/ratis/ede2988e-9327-41a4-aa88-3532d1e24a91/sm/snapshot.1_0
2024-04-28 12:46:05,080 [ForkJoinPool.commonPool-worker-3] INFO  server.GrpcService (GrpcService.java:closeImpl(320)) - 2888e557-450c-42c6-ab50-0bca692fd7ac: shutdown server org.apache.ratis.grpc.server.GrpcClientProtocolService successfully
2024-04-28 12:46:05,080 [ForkJoinPool.commonPool-worker-3] INFO  server.GrpcService (GrpcService.java:closeImpl(311)) - 2888e557-450c-42c6-ab50-0bca692fd7ac: shutdown server GrpcServerProtocolService now
2024-04-28 12:46:05,080 [2888e557-450c-42c6-ab50-0bca692fd7ac@group-940108511468-StateMachineUpdater] INFO  ratis.ContainerStateMachine (ContainerStateMachine.java:takeSnapshot(366)) - group-940108511468: Finished taking a snapshot at:(t:1, i:0) file:/home/runner/work/ozone/ozone/hadoop-ozone/integration-test/target/test-dir/MiniOzoneClusterImpl-4444f751-856d-4595-ad15-e87fc76049bc/ozone-meta/datanode-7/ratis/7bd19e24-d539-410e-99a1-940108511468/sm/snapshot.1_0 took: 1 ms
2024-04-28 12:46:05,081 [2888e557-450c-42c6-ab50-0bca692fd7ac@group-3532D1E24A91-StateMachineUpdater] INFO  ratis.ContainerStateMachine (ContainerStateMachine.java:takeSnapshot(366)) - group-3532D1E24A91: Finished taking a snapshot at:(t:1, i:0) file:/home/runner/work/ozone/ozone/hadoop-ozone/integration-test/target/test-dir/MiniOzoneClusterImpl-4444f751-856d-4595-ad15-e87fc76049bc/ozone-meta/datanode-7/ratis/ede2988e-9327-41a4-aa88-3532d1e24a91/sm/snapshot.1_0 took: 1 ms
2024-04-28 12:46:05,081 [2888e557-450c-42c6-ab50-0bca692fd7ac@group-940108511468-StateMachineUpdater] INFO  impl.StateMachineUpdater (StateMachineUpdater.java:takeSnapshot(295)) - 2888e557-450c-42c6-ab50-0bca692fd7ac@group-940108511468-StateMachineUpdater: Took a snapshot at index 0
2024-04-28 12:46:05,081 [2888e557-450c-42c6-ab50-0bca692fd7ac@group-3532D1E24A91-StateMachineUpdater] INFO  impl.StateMachineUpdater (StateMachineUpdater.java:takeSnapshot(295)) - 2888e557-450c-42c6-ab50-0bca692fd7ac@group-3532D1E24A91-StateMachineUpdater: Took a snapshot at index 0
2024-04-28 12:46:05,081 [2888e557-450c-42c6-ab50-0bca692fd7ac@group-3532D1E24A91-StateMachineUpdater] INFO  impl.StateMachineUpdater (StateMachineUpdater.java:lambda$new$0(98)) - 2888e557-450c-42c6-ab50-0bca692fd7ac@group-3532D1E24A91-StateMachineUpdater: snapshotIndex: updateIncreasingly -1 -> 0
2024-04-28 12:46:05,081 [2888e557-450c-42c6-ab50-0bca692fd7ac@group-940108511468-StateMachineUpdater] INFO  impl.StateMachineUpdater (StateMachineUpdater.java:lambda$new$0(98)) - 2888e557-450c-42c6-ab50-0bca692fd7ac@group-940108511468-StateMachineUpdater: snapshotIndex: updateIncreasingly -1 -> 0
2024-04-28 12:46:05,081 [2888e557-450c-42c6-ab50-0bca692fd7ac-impl-thread1] INFO  server.RaftServer$Division (ServerState.java:close(427)) - 2888e557-450c-42c6-ab50-0bca692fd7ac@group-3532D1E24A91: applyIndex: 0
2024-04-28 12:46:05,081 [ForkJoinPool.commonPool-worker-3] INFO  server.GrpcService (GrpcService.java:closeImpl(320)) - 2888e557-450c-42c6-ab50-0bca692fd7ac: shutdown server GrpcServerProtocolService successfully
2024-04-28 12:46:05,081 [ForkJoinPool.commonPool-worker-3] INFO  server.GrpcService (GrpcService.java:closeImpl(311)) - 2888e557-450c-42c6-ab50-0bca692fd7ac: shutdown server org.apache.ratis.grpc.server.GrpcAdminProtocolService now
2024-04-28 12:46:05,081 [2888e557-450c-42c6-ab50-0bca692fd7ac@group-3532D1E24A91-cacheEviction-AwaitToRun] INFO  util.AwaitToRun (AwaitToRun.java:run(49)) - 2888e557-450c-42c6-ab50-0bca692fd7ac@group-3532D1E24A91-cacheEviction-AwaitToRun-AwaitForSignal is interrupted
2024-04-28 12:46:05,082 [2888e557-450c-42c6-ab50-0bca692fd7ac-impl-thread2] INFO  server.RaftServer$Division (ServerState.java:close(427)) - 2888e557-450c-42c6-ab50-0bca692fd7ac@group-940108511468: applyIndex: 0
2024-04-28 12:46:05,082 [ForkJoinPool.commonPool-worker-3] INFO  server.GrpcService (GrpcService.java:closeImpl(320)) - 2888e557-450c-42c6-ab50-0bca692fd7ac: shutdown server org.apache.ratis.grpc.server.GrpcAdminProtocolService successfully
2024-04-28 12:46:05,084 [2888e557-450c-42c6-ab50-0bca692fd7ac-NettyServerStreamRpc-bossGroup--thread1] INFO  logging.LoggingHandler (AbstractInternalLogger.java:log(148)) - [id: 0xef70e8d8, L:/0.0.0.0:15425] CLOSE
2024-04-28 12:46:05,084 [2888e557-450c-42c6-ab50-0bca692fd7ac-NettyServerStreamRpc-bossGroup--thread1] INFO  logging.LoggingHandler (AbstractInternalLogger.java:log(148)) - [id: 0xef70e8d8, L:/0.0.0.0:15425] INACTIVE
2024-04-28 12:46:05,084 [2888e557-450c-42c6-ab50-0bca692fd7ac-NettyServerStreamRpc-bossGroup--thread1] INFO  logging.LoggingHandler (AbstractInternalLogger.java:log(148)) - [id: 0xef70e8d8, L:/0.0.0.0:15425] UNREGISTERED
2024-04-28 12:46:05,086 [2888e557-450c-42c6-ab50-0bca692fd7ac@group-940108511468-cacheEviction-AwaitToRun] INFO  util.AwaitToRun (AwaitToRun.java:run(49)) - 2888e557-450c-42c6-ab50-0bca692fd7ac@group-940108511468-cacheEviction-AwaitToRun-AwaitForSignal is interrupted
2024-04-28 12:46:05,306 [2888e557-450c-42c6-ab50-0bca692fd7ac-impl-thread1] INFO  segmented.SegmentedRaftLogWorker (SegmentedRaftLogWorker.java:close(245)) - 2888e557-450c-42c6-ab50-0bca692fd7ac@group-3532D1E24A91-SegmentedRaftLogWorker close()
2024-04-28 12:46:05,343 [ForkJoinPool.commonPool-worker-4] INFO  utils.DatanodeStoreCache (DatanodeStoreCache.java:shutdownCache(116)) - Skip clearing cache in mini cluster mode. Entries left: [/home/runner/work/ozone/ozone/hadoop-ozone/integration-test/target/test-dir/MiniOzoneClusterImpl-4444f751-856d-4595-ad15-e87fc76049bc/ozone-meta/datanode-4/data-0/hdds/4444f751-856d-4595-ad15-e87fc76049bc/DS-42cab9f4-8c81-4ae6-a47c-0b886da97ee4/container.db, /home/runner/work/ozone/ozone/hadoop-ozone/integration-test/target/test-dir/MiniOzoneClusterImpl-4444f751-856d-4595-ad15-e87fc76049bc/ozone-meta/datanode-5/data-0/hdds/4444f751-856d-4595-ad15-e87fc76049bc/DS-763e1850-1479-4595-8d95-8adaa48a2d65/container.db, /home/runner/work/ozone/ozone/hadoop-ozone/integration-test/target/test-dir/MiniOzoneClusterImpl-4444f751-856d-4595-ad15-e87fc76049bc/ozone-meta/datanode-6/data-0/hdds/4444f751-856d-4595-ad15-e87fc76049bc/DS-962918f5-885f-4e9d-96ea-cdcee6a10657/container.db, /home/runner/work/ozone/ozone/hadoop-ozone/integration-test/target/test-dir/MiniOzoneClusterImpl-4444f751-856d-4595-ad15-e87fc76049bc/ozone-meta/datanode-7/data-0/hdds/4444f751-856d-4595-ad15-e87fc76049bc/DS-6c614259-3da6-498b-b4d8-5bb63d455e9b/container.db, /home/runner/work/ozone/ozone/hadoop-ozone/integration-test/target/test-dir/MiniOzoneClusterImpl-4444f751-856d-4595-ad15-e87fc76049bc/ozone-meta/datanode-9/data-0/hdds/4444f751-856d-4595-ad15-e87fc76049bc/DS-67afbe17-e799-4608-af11-e15ca9da8d66/container.db]
2024-04-28 12:46:05,344 [ForkJoinPool.commonPool-worker-4] INFO  utils.DatanodeStoreCache (DatanodeStoreCache.java:removeDB(110)) - Removed db /home/runner/work/ozone/ozone/hadoop-ozone/integration-test/target/test-dir/MiniOzoneClusterImpl-4444f751-856d-4595-ad15-e87fc76049bc/ozone-meta/datanode-5/data-0/hdds/4444f751-856d-4595-ad15-e87fc76049bc/DS-763e1850-1479-4595-8d95-8adaa48a2d65/container.db from cache
2024-04-28 12:46:05,344 [ForkJoinPool.commonPool-worker-4] INFO  volume.HddsVolume (HddsVolume.java:closeDbStore(470)) - SchemaV3 db is stopped at /home/runner/work/ozone/ozone/hadoop-ozone/integration-test/target/test-dir/MiniOzoneClusterImpl-4444f751-856d-4595-ad15-e87fc76049bc/ozone-meta/datanode-5/data-0/hdds/4444f751-856d-4595-ad15-e87fc76049bc/DS-763e1850-1479-4595-8d95-8adaa48a2d65/container.db for volume DS-763e1850-1479-4595-8d95-8adaa48a2d65
2024-04-28 12:46:05,344 [ForkJoinPool.commonPool-worker-4] INFO  utils.BackgroundService (BackgroundService.java:shutdown(160)) - Shutting down service BlockDeletingService
2024-04-28 12:46:05,344 [ForkJoinPool.commonPool-worker-4] INFO  utils.BackgroundService (BackgroundService.java:shutdown(160)) - Shutting down service StaleRecoveringContainerScrubbingService
2024-04-28 12:46:05,344 [ForkJoinPool.commonPool-worker-4] INFO  statemachine.DatanodeStateMachine (DatanodeStateMachine.java:stopDaemon(638)) - Ozone container server stopped.
2024-04-28 12:46:05,345 [ForkJoinPool.commonPool-worker-4] INFO  handler.ContextHandler (ContextHandler.java:doStop(1159)) - Stopped o.e.j.w.WebAppContext@78f7e773{hddsDatanode,/,null,STOPPED}{file:/home/runner/work/ozone/ozone/hadoop-hdds/container-service/target/classes/webapps/hddsDatanode}
2024-04-28 12:46:05,345 [ForkJoinPool.commonPool-worker-4] INFO  server.AbstractConnector (AbstractConnector.java:doStop(383)) - Stopped ServerConnector@3589425d{HTTP/1.1, (http/1.1)}{0.0.0.0:15401}
2024-04-28 12:46:05,345 [ForkJoinPool.commonPool-worker-4] INFO  server.session (HouseKeeper.java:stopScavenging(149)) - node0 Stopped scavenging
2024-04-28 12:46:05,345 [ForkJoinPool.commonPool-worker-4] INFO  handler.ContextHandler (ContextHandler.java:doStop(1159)) - Stopped o.e.j.s.ServletContextHandler@59302368{static,/static,file:///home/runner/work/ozone/ozone/hadoop-hdds/container-service/target/classes/webapps/static,STOPPED}
2024-04-28 12:46:05,345 [ForkJoinPool.commonPool-worker-4] INFO  handler.ContextHandler (ContextHandler.java:doStop(1159)) - Stopped o.e.j.s.ServletContextHandler@3809b1e6{logs,/logs,file:///home/runner/work/ozone/ozone/hadoop-ozone/integration-test/target/log,STOPPED}
2024-04-28 12:46:05,346 [ForkJoinPool.commonPool-worker-4] INFO  ozone.HddsDatanodeClientProtocolServer (HddsDatanodeClientProtocolServer.java:stop(83)) - Stopping the RPC server for Client Protocol
2024-04-28 12:46:05,346 [ForkJoinPool.commonPool-worker-4] INFO  ipc.Server (Server.java:stop(3523)) - Stopping server on 15402
2024-04-28 12:46:05,346 [IPC Server listener on 15402] INFO  ipc.Server (Server.java:run(1434)) - Stopping IPC Server listener on 15402
2024-04-28 12:46:05,346 [IPC Server Responder] INFO  ipc.Server (Server.java:run(1567)) - Stopping IPC Server Responder
2024-04-28 12:46:05,353 [ForkJoinPool.commonPool-worker-2] INFO  utils.DatanodeStoreCache (DatanodeStoreCache.java:shutdownCache(116)) - Skip clearing cache in mini cluster mode. Entries left: [/home/runner/work/ozone/ozone/hadoop-ozone/integration-test/target/test-dir/MiniOzoneClusterImpl-4444f751-856d-4595-ad15-e87fc76049bc/ozone-meta/datanode-4/data-0/hdds/4444f751-856d-4595-ad15-e87fc76049bc/DS-42cab9f4-8c81-4ae6-a47c-0b886da97ee4/container.db, /home/runner/work/ozone/ozone/hadoop-ozone/integration-test/target/test-dir/MiniOzoneClusterImpl-4444f751-856d-4595-ad15-e87fc76049bc/ozone-meta/datanode-6/data-0/hdds/4444f751-856d-4595-ad15-e87fc76049bc/DS-962918f5-885f-4e9d-96ea-cdcee6a10657/container.db, /home/runner/work/ozone/ozone/hadoop-ozone/integration-test/target/test-dir/MiniOzoneClusterImpl-4444f751-856d-4595-ad15-e87fc76049bc/ozone-meta/datanode-7/data-0/hdds/4444f751-856d-4595-ad15-e87fc76049bc/DS-6c614259-3da6-498b-b4d8-5bb63d455e9b/container.db, /home/runner/work/ozone/ozone/hadoop-ozone/integration-test/target/test-dir/MiniOzoneClusterImpl-4444f751-856d-4595-ad15-e87fc76049bc/ozone-meta/datanode-9/data-0/hdds/4444f751-856d-4595-ad15-e87fc76049bc/DS-67afbe17-e799-4608-af11-e15ca9da8d66/container.db]
2024-04-28 12:46:05,354 [ForkJoinPool.commonPool-worker-2] INFO  utils.DatanodeStoreCache (DatanodeStoreCache.java:removeDB(110)) - Removed db /home/runner/work/ozone/ozone/hadoop-ozone/integration-test/target/test-dir/MiniOzoneClusterImpl-4444f751-856d-4595-ad15-e87fc76049bc/ozone-meta/datanode-4/data-0/hdds/4444f751-856d-4595-ad15-e87fc76049bc/DS-42cab9f4-8c81-4ae6-a47c-0b886da97ee4/container.db from cache
2024-04-28 12:46:05,354 [ForkJoinPool.commonPool-worker-2] INFO  volume.HddsVolume (HddsVolume.java:closeDbStore(470)) - SchemaV3 db is stopped at /home/runner/work/ozone/ozone/hadoop-ozone/integration-test/target/test-dir/MiniOzoneClusterImpl-4444f751-856d-4595-ad15-e87fc76049bc/ozone-meta/datanode-4/data-0/hdds/4444f751-856d-4595-ad15-e87fc76049bc/DS-42cab9f4-8c81-4ae6-a47c-0b886da97ee4/container.db for volume DS-42cab9f4-8c81-4ae6-a47c-0b886da97ee4
2024-04-28 12:46:05,354 [ForkJoinPool.commonPool-worker-2] INFO  utils.BackgroundService (BackgroundService.java:shutdown(160)) - Shutting down service BlockDeletingService
2024-04-28 12:46:05,354 [ForkJoinPool.commonPool-worker-2] INFO  utils.BackgroundService (BackgroundService.java:shutdown(160)) - Shutting down service StaleRecoveringContainerScrubbingService
2024-04-28 12:46:05,354 [ForkJoinPool.commonPool-worker-2] INFO  statemachine.DatanodeStateMachine (DatanodeStateMachine.java:stopDaemon(638)) - Ozone container server stopped.
2024-04-28 12:46:05,355 [ForkJoinPool.commonPool-worker-2] INFO  handler.ContextHandler (ContextHandler.java:doStop(1159)) - Stopped o.e.j.w.WebAppContext@629059a9{hddsDatanode,/,null,STOPPED}{file:/home/runner/work/ozone/ozone/hadoop-hdds/container-service/target/classes/webapps/hddsDatanode}
2024-04-28 12:46:05,355 [ForkJoinPool.commonPool-worker-2] INFO  server.AbstractConnector (AbstractConnector.java:doStop(383)) - Stopped ServerConnector@3269a5c3{HTTP/1.1, (http/1.1)}{0.0.0.0:15392}
2024-04-28 12:46:05,355 [ForkJoinPool.commonPool-worker-2] INFO  server.session (HouseKeeper.java:stopScavenging(149)) - node0 Stopped scavenging
2024-04-28 12:46:05,355 [ForkJoinPool.commonPool-worker-2] INFO  handler.ContextHandler (ContextHandler.java:doStop(1159)) - Stopped o.e.j.s.ServletContextHandler@6e81084f{static,/static,file:///home/runner/work/ozone/ozone/hadoop-hdds/container-service/target/classes/webapps/static,STOPPED}
2024-04-28 12:46:05,355 [ForkJoinPool.commonPool-worker-2] INFO  handler.ContextHandler (ContextHandler.java:doStop(1159)) - Stopped o.e.j.s.ServletContextHandler@299c20bd{logs,/logs,file:///home/runner/work/ozone/ozone/hadoop-ozone/integration-test/target/log,STOPPED}
2024-04-28 12:46:05,356 [ForkJoinPool.commonPool-worker-2] INFO  ozone.HddsDatanodeClientProtocolServer (HddsDatanodeClientProtocolServer.java:stop(83)) - Stopping the RPC server for Client Protocol
2024-04-28 12:46:05,356 [ForkJoinPool.commonPool-worker-2] INFO  ipc.Server (Server.java:stop(3523)) - Stopping server on 15393
2024-04-28 12:46:05,356 [IPC Server listener on 15393] INFO  ipc.Server (Server.java:run(1434)) - Stopping IPC Server listener on 15393
2024-04-28 12:46:05,356 [IPC Server Responder] INFO  ipc.Server (Server.java:run(1567)) - Stopping IPC Server Responder
2024-04-28 12:46:05,364 [main] INFO  utils.DatanodeStoreCache (DatanodeStoreCache.java:shutdownCache(116)) - Skip clearing cache in mini cluster mode. Entries left: [/home/runner/work/ozone/ozone/hadoop-ozone/integration-test/target/test-dir/MiniOzoneClusterImpl-4444f751-856d-4595-ad15-e87fc76049bc/ozone-meta/datanode-6/data-0/hdds/4444f751-856d-4595-ad15-e87fc76049bc/DS-962918f5-885f-4e9d-96ea-cdcee6a10657/container.db, /home/runner/work/ozone/ozone/hadoop-ozone/integration-test/target/test-dir/MiniOzoneClusterImpl-4444f751-856d-4595-ad15-e87fc76049bc/ozone-meta/datanode-7/data-0/hdds/4444f751-856d-4595-ad15-e87fc76049bc/DS-6c614259-3da6-498b-b4d8-5bb63d455e9b/container.db, /home/runner/work/ozone/ozone/hadoop-ozone/integration-test/target/test-dir/MiniOzoneClusterImpl-4444f751-856d-4595-ad15-e87fc76049bc/ozone-meta/datanode-9/data-0/hdds/4444f751-856d-4595-ad15-e87fc76049bc/DS-67afbe17-e799-4608-af11-e15ca9da8d66/container.db]
2024-04-28 12:46:05,364 [main] INFO  utils.DatanodeStoreCache (DatanodeStoreCache.java:removeDB(110)) - Removed db /home/runner/work/ozone/ozone/hadoop-ozone/integration-test/target/test-dir/MiniOzoneClusterImpl-4444f751-856d-4595-ad15-e87fc76049bc/ozone-meta/datanode-6/data-0/hdds/4444f751-856d-4595-ad15-e87fc76049bc/DS-962918f5-885f-4e9d-96ea-cdcee6a10657/container.db from cache
2024-04-28 12:46:05,364 [main] INFO  volume.HddsVolume (HddsVolume.java:closeDbStore(470)) - SchemaV3 db is stopped at /home/runner/work/ozone/ozone/hadoop-ozone/integration-test/target/test-dir/MiniOzoneClusterImpl-4444f751-856d-4595-ad15-e87fc76049bc/ozone-meta/datanode-6/data-0/hdds/4444f751-856d-4595-ad15-e87fc76049bc/DS-962918f5-885f-4e9d-96ea-cdcee6a10657/container.db for volume DS-962918f5-885f-4e9d-96ea-cdcee6a10657
2024-04-28 12:46:05,365 [main] INFO  utils.BackgroundService (BackgroundService.java:shutdown(160)) - Shutting down service BlockDeletingService
2024-04-28 12:46:05,365 [main] INFO  utils.BackgroundService (BackgroundService.java:shutdown(160)) - Shutting down service StaleRecoveringContainerScrubbingService
2024-04-28 12:46:05,365 [main] INFO  statemachine.DatanodeStateMachine (DatanodeStateMachine.java:stopDaemon(638)) - Ozone container server stopped.
2024-04-28 12:46:05,366 [main] INFO  handler.ContextHandler (ContextHandler.java:doStop(1159)) - Stopped o.e.j.w.WebAppContext@618f0ba{hddsDatanode,/,null,STOPPED}{file:/home/runner/work/ozone/ozone/hadoop-hdds/container-service/target/classes/webapps/hddsDatanode}
2024-04-28 12:46:05,366 [main] INFO  server.AbstractConnector (AbstractConnector.java:doStop(383)) - Stopped ServerConnector@7a34bb07{HTTP/1.1, (http/1.1)}{0.0.0.0:15410}
2024-04-28 12:46:05,366 [main] INFO  server.session (HouseKeeper.java:stopScavenging(149)) - node0 Stopped scavenging
2024-04-28 12:46:05,366 [main] INFO  handler.ContextHandler (ContextHandler.java:doStop(1159)) - Stopped o.e.j.s.ServletContextHandler@5a08108d{static,/static,file:///home/runner/work/ozone/ozone/hadoop-hdds/container-service/target/classes/webapps/static,STOPPED}
2024-04-28 12:46:05,366 [main] INFO  handler.ContextHandler (ContextHandler.java:doStop(1159)) - Stopped o.e.j.s.ServletContextHandler@67138427{logs,/logs,file:///home/runner/work/ozone/ozone/hadoop-ozone/integration-test/target/log,STOPPED}
2024-04-28 12:46:05,367 [main] INFO  ozone.HddsDatanodeClientProtocolServer (HddsDatanodeClientProtocolServer.java:stop(83)) - Stopping the RPC server for Client Protocol
2024-04-28 12:46:05,367 [main] INFO  ipc.Server (Server.java:stop(3523)) - Stopping server on 15411
2024-04-28 12:46:05,367 [IPC Server listener on 15411] INFO  ipc.Server (Server.java:run(1434)) - Stopping IPC Server listener on 15411
2024-04-28 12:46:05,367 [IPC Server Responder] INFO  ipc.Server (Server.java:run(1567)) - Stopping IPC Server Responder
2024-04-28 12:46:05,508 [5986eb43-6756-4d1a-9985-b2bcfc70d88f-impl-thread2] INFO  segmented.SegmentedRaftLogWorker (SegmentedRaftLogWorker.java:close(245)) - 5986eb43-6756-4d1a-9985-b2bcfc70d88f@group-A5936114C7E8-SegmentedRaftLogWorker close()
2024-04-28 12:46:05,549 [5986eb43-6756-4d1a-9985-b2bcfc70d88f-impl-thread1] INFO  segmented.SegmentedRaftLogWorker (SegmentedRaftLogWorker.java:close(245)) - 5986eb43-6756-4d1a-9985-b2bcfc70d88f@group-940108511468-SegmentedRaftLogWorker close()
2024-04-28 12:46:05,550 [JvmPauseMonitor54] INFO  util.JvmPauseMonitor (JvmPauseMonitor.java:run(152)) - JvmPauseMonitor-5986eb43-6756-4d1a-9985-b2bcfc70d88f: Stopped
2024-04-28 12:46:05,559 [2888e557-450c-42c6-ab50-0bca692fd7ac-impl-thread2] INFO  segmented.SegmentedRaftLogWorker (SegmentedRaftLogWorker.java:close(245)) - 2888e557-450c-42c6-ab50-0bca692fd7ac@group-940108511468-SegmentedRaftLogWorker close()
2024-04-28 12:46:05,559 [JvmPauseMonitor52] INFO  util.JvmPauseMonitor (JvmPauseMonitor.java:run(152)) - JvmPauseMonitor-2888e557-450c-42c6-ab50-0bca692fd7ac: Stopped
2024-04-28 12:46:06,164 [EventQueue-StaleNodeForStaleNodeHandler] INFO  node.StaleNodeHandler (StaleNodeHandler.java:onMessage(57)) - Datanode 81492a0b-8554-4d1c-9efe-d356d82cfcc4(localhost/127.0.0.1) moved to stale state. Finalizing its pipelines [PipelineID=64b0a97b-a6e7-4830-a5c9-47b5c917755e]
2024-04-28 12:46:06,165 [EventQueue-StaleNodeForStaleNodeHandler] INFO  pipeline.PipelineManagerImpl (PipelineManagerImpl.java:closePipeline(518)) - Pipeline PipelineID=64b0a97b-a6e7-4830-a5c9-47b5c917755e moved to CLOSED state
2024-04-28 12:46:07,414 [timer7] WARN  server.GrpcLogAppender (LogUtils.java:warn(121)) - d1684581-678b-458f-8382-390a387eba93@group-7DBF24B1A174->1fd4d212-c4d2-4c1d-a58c-62e98a4efa8c-AppendLogResponseHandler: Failed appendEntries (Repeated 2 times in the last 5.000s): org.apache.ratis.thirdparty.io.grpc.StatusRuntimeException: CANCELLED: RST_STREAM closed stream. HTTP/2 error code: CANCEL
2024-04-28 12:46:07,414 [timer0] WARN  server.GrpcLogAppender (GrpcLogAppender.java:lambda$resetClient$1(217)) - d1684581-678b-458f-8382-390a387eba93@group-7DBF24B1A174->1fd4d212-c4d2-4c1d-a58c-62e98a4efa8c-GrpcLogAppender: Follower failed (request=null, errorCount=2); keep nextIndex (1) unchanged and retry. (Repeated 2 times in the last 5.000s)
2024-04-28 12:46:07,427 [timer2] WARN  server.GrpcLogAppender (GrpcLogAppender.java:lambda$resetClient$1(217)) - d1684581-678b-458f-8382-390a387eba93@group-7DBF24B1A174->7957f999-cc51-45d8-add6-1ece72fbce78-GrpcLogAppender: Follower failed (request=null, errorCount=2); keep nextIndex (1) unchanged and retry. (Repeated 2 times in the last 4.999s)
2024-04-28 12:46:07,427 [timer1] WARN  server.GrpcLogAppender (LogUtils.java:warn(121)) - d1684581-678b-458f-8382-390a387eba93@group-7DBF24B1A174->7957f999-cc51-45d8-add6-1ece72fbce78-AppendLogResponseHandler: Failed appendEntries (Repeated 2 times in the last 4.999s): org.apache.ratis.thirdparty.io.grpc.StatusRuntimeException: CANCELLED: RST_STREAM closed stream. HTTP/2 error code: CANCEL
2024-04-28 12:46:07,552 [ForkJoinPool.commonPool-worker-1] INFO  utils.DatanodeStoreCache (DatanodeStoreCache.java:shutdownCache(116)) - Skip clearing cache in mini cluster mode. Entries left: [/home/runner/work/ozone/ozone/hadoop-ozone/integration-test/target/test-dir/MiniOzoneClusterImpl-4444f751-856d-4595-ad15-e87fc76049bc/ozone-meta/datanode-7/data-0/hdds/4444f751-856d-4595-ad15-e87fc76049bc/DS-6c614259-3da6-498b-b4d8-5bb63d455e9b/container.db, /home/runner/work/ozone/ozone/hadoop-ozone/integration-test/target/test-dir/MiniOzoneClusterImpl-4444f751-856d-4595-ad15-e87fc76049bc/ozone-meta/datanode-9/data-0/hdds/4444f751-856d-4595-ad15-e87fc76049bc/DS-67afbe17-e799-4608-af11-e15ca9da8d66/container.db]
2024-04-28 12:46:07,553 [ForkJoinPool.commonPool-worker-1] INFO  utils.DatanodeStoreCache (DatanodeStoreCache.java:removeDB(110)) - Removed db /home/runner/work/ozone/ozone/hadoop-ozone/integration-test/target/test-dir/MiniOzoneClusterImpl-4444f751-856d-4595-ad15-e87fc76049bc/ozone-meta/datanode-9/data-0/hdds/4444f751-856d-4595-ad15-e87fc76049bc/DS-67afbe17-e799-4608-af11-e15ca9da8d66/container.db from cache
2024-04-28 12:46:07,553 [ForkJoinPool.commonPool-worker-1] INFO  volume.HddsVolume (HddsVolume.java:closeDbStore(470)) - SchemaV3 db is stopped at /home/runner/work/ozone/ozone/hadoop-ozone/integration-test/target/test-dir/MiniOzoneClusterImpl-4444f751-856d-4595-ad15-e87fc76049bc/ozone-meta/datanode-9/data-0/hdds/4444f751-856d-4595-ad15-e87fc76049bc/DS-67afbe17-e799-4608-af11-e15ca9da8d66/container.db for volume DS-67afbe17-e799-4608-af11-e15ca9da8d66
2024-04-28 12:46:07,553 [ForkJoinPool.commonPool-worker-1] INFO  utils.BackgroundService (BackgroundService.java:shutdown(160)) - Shutting down service BlockDeletingService
2024-04-28 12:46:07,553 [ForkJoinPool.commonPool-worker-1] INFO  utils.BackgroundService (BackgroundService.java:shutdown(160)) - Shutting down service StaleRecoveringContainerScrubbingService
2024-04-28 12:46:07,553 [ForkJoinPool.commonPool-worker-1] INFO  statemachine.DatanodeStateMachine (DatanodeStateMachine.java:stopDaemon(638)) - Ozone container server stopped.
2024-04-28 12:46:07,553 [ForkJoinPool.commonPool-worker-1] INFO  handler.ContextHandler (ContextHandler.java:doStop(1159)) - Stopped o.e.j.w.WebAppContext@4707686e{hddsDatanode,/,null,STOPPED}{file:/home/runner/work/ozone/ozone/hadoop-hdds/container-service/target/classes/webapps/hddsDatanode}
2024-04-28 12:46:07,554 [ForkJoinPool.commonPool-worker-1] INFO  server.AbstractConnector (AbstractConnector.java:doStop(383)) - Stopped ServerConnector@6fb527b4{HTTP/1.1, (http/1.1)}{0.0.0.0:15437}
2024-04-28 12:46:07,554 [ForkJoinPool.commonPool-worker-1] INFO  server.session (HouseKeeper.java:stopScavenging(149)) - node0 Stopped scavenging
2024-04-28 12:46:07,554 [ForkJoinPool.commonPool-worker-1] INFO  handler.ContextHandler (ContextHandler.java:doStop(1159)) - Stopped o.e.j.s.ServletContextHandler@2f8288b2{static,/static,file:///home/runner/work/ozone/ozone/hadoop-hdds/container-service/target/classes/webapps/static,STOPPED}
2024-04-28 12:46:07,554 [ForkJoinPool.commonPool-worker-1] INFO  handler.ContextHandler (ContextHandler.java:doStop(1159)) - Stopped o.e.j.s.ServletContextHandler@1ba4c55c{logs,/logs,file:///home/runner/work/ozone/ozone/hadoop-ozone/integration-test/target/log,STOPPED}
2024-04-28 12:46:07,554 [ForkJoinPool.commonPool-worker-1] INFO  ozone.HddsDatanodeClientProtocolServer (HddsDatanodeClientProtocolServer.java:stop(83)) - Stopping the RPC server for Client Protocol
2024-04-28 12:46:07,554 [ForkJoinPool.commonPool-worker-1] INFO  ipc.Server (Server.java:stop(3523)) - Stopping server on 15438
2024-04-28 12:46:07,555 [IPC Server listener on 15438] INFO  ipc.Server (Server.java:run(1434)) - Stopping IPC Server listener on 15438
2024-04-28 12:46:07,555 [IPC Server Responder] INFO  ipc.Server (Server.java:run(1567)) - Stopping IPC Server Responder
2024-04-28 12:46:07,561 [ForkJoinPool.commonPool-worker-3] INFO  utils.DatanodeStoreCache (DatanodeStoreCache.java:shutdownCache(116)) - Skip clearing cache in mini cluster mode. Entries left: [/home/runner/work/ozone/ozone/hadoop-ozone/integration-test/target/test-dir/MiniOzoneClusterImpl-4444f751-856d-4595-ad15-e87fc76049bc/ozone-meta/datanode-7/data-0/hdds/4444f751-856d-4595-ad15-e87fc76049bc/DS-6c614259-3da6-498b-b4d8-5bb63d455e9b/container.db]
2024-04-28 12:46:07,561 [ForkJoinPool.commonPool-worker-3] INFO  utils.DatanodeStoreCache (DatanodeStoreCache.java:removeDB(110)) - Removed db /home/runner/work/ozone/ozone/hadoop-ozone/integration-test/target/test-dir/MiniOzoneClusterImpl-4444f751-856d-4595-ad15-e87fc76049bc/ozone-meta/datanode-7/data-0/hdds/4444f751-856d-4595-ad15-e87fc76049bc/DS-6c614259-3da6-498b-b4d8-5bb63d455e9b/container.db from cache
2024-04-28 12:46:07,561 [ForkJoinPool.commonPool-worker-3] INFO  volume.HddsVolume (HddsVolume.java:closeDbStore(470)) - SchemaV3 db is stopped at /home/runner/work/ozone/ozone/hadoop-ozone/integration-test/target/test-dir/MiniOzoneClusterImpl-4444f751-856d-4595-ad15-e87fc76049bc/ozone-meta/datanode-7/data-0/hdds/4444f751-856d-4595-ad15-e87fc76049bc/DS-6c614259-3da6-498b-b4d8-5bb63d455e9b/container.db for volume DS-6c614259-3da6-498b-b4d8-5bb63d455e9b
2024-04-28 12:46:07,561 [ForkJoinPool.commonPool-worker-3] INFO  utils.BackgroundService (BackgroundService.java:shutdown(160)) - Shutting down service BlockDeletingService
2024-04-28 12:46:07,562 [ForkJoinPool.commonPool-worker-3] INFO  utils.BackgroundService (BackgroundService.java:shutdown(160)) - Shutting down service StaleRecoveringContainerScrubbingService
2024-04-28 12:46:07,566 [ForkJoinPool.commonPool-worker-3] INFO  statemachine.DatanodeStateMachine (DatanodeStateMachine.java:stopDaemon(638)) - Ozone container server stopped.
2024-04-28 12:46:07,566 [ForkJoinPool.commonPool-worker-3] INFO  handler.ContextHandler (ContextHandler.java:doStop(1159)) - Stopped o.e.j.w.WebAppContext@5f097960{hddsDatanode,/,null,STOPPED}{file:/home/runner/work/ozone/ozone/hadoop-hdds/container-service/target/classes/webapps/hddsDatanode}
2024-04-28 12:46:07,567 [ForkJoinPool.commonPool-worker-3] INFO  server.AbstractConnector (AbstractConnector.java:doStop(383)) - Stopped ServerConnector@6ba68981{HTTP/1.1, (http/1.1)}{0.0.0.0:15419}
2024-04-28 12:46:07,567 [ForkJoinPool.commonPool-worker-3] INFO  server.session (HouseKeeper.java:stopScavenging(149)) - node0 Stopped scavenging
2024-04-28 12:46:07,567 [ForkJoinPool.commonPool-worker-3] INFO  handler.ContextHandler (ContextHandler.java:doStop(1159)) - Stopped o.e.j.s.ServletContextHandler@63306e58{static,/static,file:///home/runner/work/ozone/ozone/hadoop-hdds/container-service/target/classes/webapps/static,STOPPED}
2024-04-28 12:46:07,567 [ForkJoinPool.commonPool-worker-3] INFO  handler.ContextHandler (ContextHandler.java:doStop(1159)) - Stopped o.e.j.s.ServletContextHandler@50696c7c{logs,/logs,file:///home/runner/work/ozone/ozone/hadoop-ozone/integration-test/target/log,STOPPED}
2024-04-28 12:46:07,567 [ForkJoinPool.commonPool-worker-3] INFO  ozone.HddsDatanodeClientProtocolServer (HddsDatanodeClientProtocolServer.java:stop(83)) - Stopping the RPC server for Client Protocol
2024-04-28 12:46:07,567 [ForkJoinPool.commonPool-worker-3] INFO  ipc.Server (Server.java:stop(3523)) - Stopping server on 15420
2024-04-28 12:46:07,567 [IPC Server listener on 15420] INFO  ipc.Server (Server.java:run(1434)) - Stopping IPC Server listener on 15420
2024-04-28 12:46:07,568 [IPC Server Responder] INFO  ipc.Server (Server.java:run(1567)) - Stopping IPC Server Responder
2024-04-28 12:46:07,568 [main] INFO  ozone.MiniOzoneClusterImpl (MiniOzoneClusterImpl.java:stopSCM(486)) - Stopping the StorageContainerManager
2024-04-28 12:46:07,568 [main] INFO  server.StorageContainerManager (StorageContainerManager.java:stop(1653)) - Container Balancer is not running.
2024-04-28 12:46:07,568 [main] INFO  server.StorageContainerManager (StorageContainerManager.java:stopReplicationManager(1786)) - Stopping Replication Manager Service.
2024-04-28 12:46:07,568 [main] INFO  replication.ReplicationManager (ReplicationManager.java:stop(329)) - Stopping Replication Monitor Thread.
2024-04-28 12:46:07,568 [main] INFO  server.StorageContainerManager (StorageContainerManager.java:stop(1662)) - Stopping the Datanode Admin Monitor.
2024-04-28 12:46:07,568 [ReplicationMonitor] INFO  replication.ReplicationManager (ReplicationManager.java:run(936)) - Replication Monitor Thread is stopped
2024-04-28 12:46:07,569 [UnderReplicatedProcessor] WARN  replication.UnhealthyReplicationProcessor (UnhealthyReplicationProcessor.java:run(180)) - UnderReplicatedProcessor interrupted. Exiting...
2024-04-28 12:46:07,569 [OverReplicatedProcessor] WARN  replication.UnhealthyReplicationProcessor (UnhealthyReplicationProcessor.java:run(180)) - OverReplicatedProcessor interrupted. Exiting...
2024-04-28 12:46:07,569 [main] INFO  server.StorageContainerManager (StorageContainerManager.java:stop(1669)) - Stopping datanode service RPC server
2024-04-28 12:46:07,569 [main] INFO  server.SCMDatanodeProtocolServer (SCMDatanodeProtocolServer.java:stop(425)) - Stopping the RPC server for DataNodes
2024-04-28 12:46:07,569 [main] INFO  ipc.Server (Server.java:stop(3523)) - Stopping server on 15358
2024-04-28 12:46:07,570 [IPC Server listener on 15358] INFO  ipc.Server (Server.java:run(1434)) - Stopping IPC Server listener on 15358
2024-04-28 12:46:07,570 [IPC Server Responder] INFO  ipc.Server (Server.java:run(1567)) - Stopping IPC Server Responder
2024-04-28 12:46:07,665 [SCMHeartbeatProcessor-0] WARN  node.NodeStateManager (NodeStateManager.java:scheduleNextHealthCheck(878)) - Current Thread is interrupted, shutting down HB processing thread for Node Manager.
2024-04-28 12:46:07,665 [main] INFO  server.StorageContainerManager (StorageContainerManager.java:stop(1677)) - Stopping block service RPC server
2024-04-28 12:46:07,666 [main] INFO  server.SCMBlockProtocolServer (SCMBlockProtocolServer.java:stop(171)) - Stopping the RPC server for Block Protocol
2024-04-28 12:46:07,666 [main] INFO  ipc.Server (Server.java:stop(3523)) - Stopping server on 15357
2024-04-28 12:46:07,667 [IPC Server listener on 15357] INFO  ipc.Server (Server.java:run(1434)) - Stopping IPC Server listener on 15357
2024-04-28 12:46:07,667 [IPC Server Responder] INFO  ipc.Server (Server.java:run(1567)) - Stopping IPC Server Responder
2024-04-28 12:46:07,667 [main] INFO  server.StorageContainerManager (StorageContainerManager.java:stop(1684)) - Stopping the StorageContainerLocationProtocol RPC server
2024-04-28 12:46:07,667 [main] INFO  server.SCMClientProtocolServer (SCMClientProtocolServer.java:stop(213)) - Stopping the RPC server for Client Protocol
2024-04-28 12:46:07,667 [main] INFO  ipc.Server (Server.java:stop(3523)) - Stopping server on 15356
2024-04-28 12:46:07,668 [IPC Server listener on 15356] INFO  ipc.Server (Server.java:run(1434)) - Stopping IPC Server listener on 15356
2024-04-28 12:46:07,668 [IPC Server Responder] INFO  ipc.Server (Server.java:run(1567)) - Stopping IPC Server Responder
2024-04-28 12:46:07,669 [main] INFO  server.StorageContainerManager (StorageContainerManager.java:stop(1691)) - Stopping Storage Container Manager HTTP server.
2024-04-28 12:46:07,669 [main] INFO  handler.ContextHandler (ContextHandler.java:doStop(1159)) - Stopped o.e.j.w.WebAppContext@b1982c5{scm,/,null,STOPPED}{file:/home/runner/work/ozone/ozone/hadoop-ozone/integration-test/target/test-classes/webapps/scm}
2024-04-28 12:46:07,671 [main] INFO  server.AbstractConnector (AbstractConnector.java:doStop(383)) - Stopped ServerConnector@7def94bb{HTTP/1.1, (http/1.1)}{0.0.0.0:15359}
2024-04-28 12:46:07,671 [main] INFO  server.session (HouseKeeper.java:stopScavenging(149)) - node0 Stopped scavenging
2024-04-28 12:46:07,671 [main] INFO  handler.ContextHandler (ContextHandler.java:doStop(1159)) - Stopped o.e.j.s.ServletContextHandler@7aec4791{static,/static,file:///home/runner/work/ozone/ozone/hadoop-ozone/integration-test/target/test-classes/webapps/static,STOPPED}
2024-04-28 12:46:07,672 [main] INFO  handler.ContextHandler (ContextHandler.java:doStop(1159)) - Stopped o.e.j.s.ServletContextHandler@48d2a802{logs,/logs,file:///home/runner/work/ozone/ozone/hadoop-ozone/integration-test/target/log,STOPPED}
2024-04-28 12:46:07,672 [main] INFO  server.StorageContainerManager (StorageContainerManager.java:stop(1699)) - Stopping SCM LayoutVersionManager Service.
2024-04-28 12:46:07,672 [main] INFO  server.StorageContainerManager (StorageContainerManager.java:stop(1711)) - Stopping Block Manager Service.
2024-04-28 12:46:07,672 [main] INFO  utils.BackgroundService (BackgroundService.java:shutdown(160)) - Shutting down service SCMBlockDeletingService
2024-04-28 12:46:07,672 [main] INFO  utils.BackgroundService (BackgroundService.java:shutdown(160)) - Shutting down service SCMBlockDeletingService
2024-04-28 12:46:07,673 [main] INFO  server.StorageContainerManager (StorageContainerManager.java:stop(1731)) - Stopping SCM Event Queue.
2024-04-28 12:46:07,673 [JvmPauseMonitor44] INFO  util.JvmPauseMonitor (JvmPauseMonitor.java:run(152)) - JvmPauseMonitor-9a7cb369-48fa-4d09-a6bd-720d8a334a29: Stopped
2024-04-28 12:46:07,673 [main] INFO  server.StorageContainerManager (StorageContainerManager.java:stop(1742)) - Stopping SCM HA services.
2024-04-28 12:46:07,673 [main] INFO  pipeline.BackgroundPipelineCreator (BackgroundPipelineCreator.java:stop(152)) - Stopping RatisPipelineUtilsThread.
2024-04-28 12:46:07,673 [RatisPipelineUtilsThread-0] WARN  pipeline.BackgroundPipelineCreator (BackgroundPipelineCreator.java:run(183)) - RatisPipelineUtilsThread is interrupted.
2024-04-28 12:46:07,674 [BackgroundPipelineScrubber] WARN  BackgroundPipelineScrubber (BackgroundSCMService.java:run(112)) - BackgroundPipelineScrubber is interrupted, exit
2024-04-28 12:46:07,674 [main] INFO  BackgroundPipelineScrubber (BackgroundSCMService.java:stop(128)) - Stopping BackgroundPipelineScrubber Service.
2024-04-28 12:46:07,674 [main] INFO  impl.MetricsSystemImpl (MetricsSystemImpl.java:stop(210)) - Stopping HddsDatanode metrics system...
2024-04-28 12:46:07,678 [prometheus] INFO  impl.MetricsSinkAdapter (MetricsSinkAdapter.java:publishMetricsFromQueue(141)) - prometheus thread interrupted.
2024-04-28 12:46:07,678 [main] INFO  impl.MetricsSystemImpl (MetricsSystemImpl.java:stop(216)) - HddsDatanode metrics system stopped.
2024-04-28 12:46:07,679 [main] WARN  pipeline.BackgroundPipelineCreator (BackgroundPipelineCreator.java:stop(148)) - RatisPipelineUtilsThread is not running, just ignore.
2024-04-28 12:46:07,679 [main] INFO  BackgroundPipelineScrubber (BackgroundSCMService.java:stop(123)) - BackgroundPipelineScrubber Service is not running, skip stop.
2024-04-28 12:46:07,679 [ExpiredContainerReplicaOpScrubber] WARN  ExpiredContainerReplicaOpScrubber (BackgroundSCMService.java:run(112)) - ExpiredContainerReplicaOpScrubber is interrupted, exit
2024-04-28 12:46:07,679 [main] INFO  ExpiredContainerReplicaOpScrubber (BackgroundSCMService.java:stop(128)) - Stopping ExpiredContainerReplicaOpScrubber Service.
2024-04-28 12:46:07,679 [main] INFO  utils.BackgroundService (BackgroundService.java:shutdown(160)) - Shutting down service SCMBlockDeletingService
2024-04-28 12:46:07,680 [main] INFO  replication.ReplicationManager (ReplicationManager.java:stop(339)) - Replication Monitor Thread is not running.
2024-04-28 12:46:07,680 [main] WARN  balancer.ContainerBalancer (ContainerBalancer.java:stop(327)) - Cannot stop Container Balancer because it's not running or stopping
2024-04-28 12:46:07,680 [LeaseManager#LeaseMonitor] WARN  lease.LeaseManager (LeaseManager.java:run(287)) - Lease manager is interrupted. Shutting down...
java.lang.InterruptedException
	at java.base/java.util.concurrent.locks.AbstractQueuedSynchronizer.tryAcquireSharedNanos(AbstractQueuedSynchronizer.java:1081)
	at java.base/java.util.concurrent.Semaphore.tryAcquire(Semaphore.java:415)
	at org.apache.hadoop.ozone.lease.LeaseManager$LeaseMonitor.run(LeaseManager.java:285)
	at java.base/java.lang.Thread.run(Thread.java:840)
2024-04-28 12:46:07,680 [main] INFO  server.StorageContainerManager (StorageContainerManager.java:stop(1777)) - Stopping SCM MetadataStore.
]]></system-out>
    </flakyFailure>
  </testcase>
  <testcase name="testWatchForCommitForGroupMismatchException" classname="org.apache.hadoop.ozone.client.rpc.TestWatchForCommit" time="29.274"/>
  <testcase name="test2WayCommitForTimeoutException" classname="org.apache.hadoop.ozone.client.rpc.TestWatchForCommit" time="25.981"/>
</testsuite>